TRXV5
3
4
4
9
string Extension=J
integer IsArchMeasurement=1
integer IsSpherical=1
string Generator=SPM
string GeneratorVersion=1.3.1 Dev
double ArchRadius=0.449999988079071
integer FrequencyAxisIndex=0
integer AzimuthAxisIndex=1
integer ElevationAxisIndex=2
Frequency
5 136 690000000 960000000 LIN
Azimuth
7 8 0 2.74889357189107 LIN
Elevation
7 15 -2.74889357189107 2.74889357189107 LIN
Polar H Real Part
13
Polar H Imaginary Part
14
Polar V Real Part
13
Polar V Imaginary Part
14
Polar H Magnitude (dB)
12 0xC0000002 0 1
Polar H Phase
7 0xC0000003 0 1
Polar V Magnitude (dB)
12 0xC0000002 2 3
Polar V Phase
7 0xC0000003 2 3
-0.0177345275878906 -0.0458831787109375 0.0999069213867188 0.0312423706054687
-0.0303611755371094 -0.039215087890625 0.0720138549804688 0.01202392578125
-0.0477523803710938 -0.0117340087890625 0.000697612762451168 -0.00853824615478516
-0.0364799499511719 0.0168685913085937 -0.0428886413574219 0.0190963745117187
-0.0141639709472656 0.0219821929931641 -0.0528678894042969 0.052093505859375
0.000905990600585937 0.0246143341064453 -0.0435333251953125 0.1060791015625
0.0084381103515625 0.0263309478759766 -0.0129852294921875 0.140304565429688
0.00313377380371094 0.0225410461425781 0.00647735595703126 0.140419006347656
0.00838088989257813 0.0251998901367188 0.00115203857421874 0.128501892089844
0.00218963623046875 0.0316944122314453 -0.0208663940429688 0.104026794433594
-0.0102100372314453 0.0346813201904297 -0.0141448974609375 0.0621185302734375
-0.0303382873535156 0.0339870452880859 0.00851631164550781 0.0324592590332031
-0.0485420227050781 0.00259780883789062 0.054351806640625 0.0404052734375
-0.0369606018066406 -0.0235099792480469 0.1214599609375 0.0967025756835938
-0.0261421203613281 -0.0198879241943359 0.12933349609375 0.187957763671875
-0.0660476684570312 -0.0942916870117188 0.08782958984375 0.0228958129882812
-0.0803985595703125 -0.0827713012695312 0.0668678283691406 0.00979995727539062
-0.0992584228515625 -0.0402145385742188 0.0123825073242187 -0.00909042358398438
-0.0943222045898438 0.0085601806640625 -0.034454345703125 0.00724983215332031
-0.0645523071289063 0.0379791259765625 -0.0518531799316406 0.0349769592285156
-0.0380287170410156 0.0692291259765625 -0.0494308471679687 0.0934066772460938
-0.0102081298828125 0.0792770385742188 -0.018951416015625 0.123275756835938
-0.0136947631835937 0.0703887939453125 0.00371551513671876 0.122940063476563
-0.0100173950195313 0.0760040283203125 0.00170135498046876 0.111282348632813
-0.0238037109375 0.077484130859375 -0.0171966552734375 0.0902481079101562
-0.0458946228027344 0.0637626647949219 -0.0106086730957031 0.0481338500976563
-0.0726547241210938 0.0515899658203125 0.0137290954589844 0.0200061798095703
-0.0975112915039063 0.000602722167968733 0.0678939819335938 0.0304069519042969
-0.0897140502929688 -0.047210693359375 0.122856140136719 0.0853424072265625
-0.0807876586914063 -0.057647705078125 0.12298583984375 0.173309326171875
-0.105201721191406 -0.132591247558594 0.0599861145019531 -0.00463485717773438
-0.121391296386719 -0.117835998535156 0.0497512817382812 -0.00323104858398438
-0.140853881835937 -0.0652618408203125 0.0191230773925781 -0.00905609130859375
-0.141693115234375 -0.00170898437499998 -0.0190048217773438 -0.00251579284667968
-0.108482360839844 0.0477828979492188 -0.0381546020507813 0.0151710510253906
-0.0733413696289063 0.103477478027344 -0.0443801879882813 0.0659751892089844
-0.02911376953125 0.120346069335938 -0.0207366943359375 0.086181640625
-0.0291824340820313 0.10784912109375 -8.39233398437555E-05 0.0854721069335938
-0.0255966186523438 0.117195129394531 -0.00149536132812501 0.0776443481445313
-0.044525146484375 0.115982055664063 -0.0150527954101563 0.0648193359375
-0.0736236572265625 0.09014892578125 -0.00781059265136719 0.02630615234375
-0.107620239257813 0.0695571899414062 0.0160970687866211 0.00505733489990235
-0.137245178222656 0.00179290771484373 0.0722885131835937 0.0196456909179688
-0.134529113769531 -0.0610885620117188 0.105072021484375 0.0704727172851563
-0.126930236816406 -0.0872039794921875 0.0977325439453125 0.14447021484375
-0.130691528320313 -0.146865844726562 0.0208625793457031 -0.0417594909667969
-0.146316528320313 -0.129791259765625 0.0215206146240234 -0.0224456787109375
-0.16143798828125 -0.0728912353515625 0.0195503234863281 -0.0100059509277344
-0.165985107421875 -0.00688171386718748 -0.00160503387451173 -0.0131282806396484
-0.131973266601563 0.0520477294921875 -0.0179653167724609 -0.00750732421874999
-0.0964736938476562 0.121063232421875 -0.0307693481445313 0.0284252166748047
-0.0426025390625 0.141769409179688 -0.0179328918457031 0.035369873046875
-0.0406417846679687 0.128684997558594 -0.00428581237792969 0.0350723266601563
-0.038177490234375 0.1412353515625 -0.00601387023925782 0.0325374603271484
-0.0599441528320313 0.13739013671875 -0.0118827819824219 0.0277843475341797
-0.09283447265625 0.103530883789063 -0.00485849380493165 -0.000363826751708979
-0.128837585449219 0.077117919921875 0.017364501953125 -0.00895690917968749
-0.15936279296875 0.00164794921875002 0.0658760070800781 0.01055908203125
-0.159393310546875 -0.06781005859375 0.0718917846679687 0.0541610717773437
-0.152740478515625 -0.101974487304688 0.0588150024414063 0.106430053710937
-0.137351989746094 -0.135780334472656 -0.0260543823242188 -0.082733154296875
-0.148330688476563 -0.116790771484375 -0.0135116577148438 -0.0446090698242188
-0.1558837890625 -0.06365966796875 0.0123929977416992 -0.0129022598266602
-0.159225463867188 -0.00590515136718753 0.0131969451904297 -0.0252513885498047
-0.13055419921875 0.0487442016601562 0.00338363647460937 -0.0319480895996094
-0.10089111328125 0.119178771972656 -0.0140848159790039 -0.0157136917114258
-0.0491790771484375 0.14141845703125 -0.013580322265625 -0.0205726623535156
-0.0463027954101563 0.130546569824219 -0.00854682922363281 -0.0201416015625
-0.046356201171875 0.144027709960938 -0.00942611694335938 -0.0176792144775391
-0.069183349609375 0.13702392578125 -0.00765800476074219 -0.0140743255615234
-0.101608276367188 0.0993194580078125 -0.00157546997070313 -0.0281543731689453
-0.133544921875 0.069580078125 0.0172805786132812 -0.0220508575439453
-0.157577514648438 -0.006011962890625 0.0524711608886719 0.00458526611328125
-0.156723022460937 -0.069793701171875 0.0294609069824219 0.0382041931152344
-0.154296875 -0.103118896484375 0.0123519897460937 0.0640487670898438
-0.122085571289062 -0.101760864257813 -0.072235107421875 -0.118576049804688
-0.124229431152344 -0.0838775634765625 -0.048431396484375 -0.0656013488769531
-0.1224365234375 -0.043060302734375 -0.000432968139648443 -0.018707275390625
-0.123458862304688 -0.00429534912109376 0.0211296081542969 -0.0365715026855469
-0.105499267578125 0.0379409790039063 0.0189056396484375 -0.0529327392578125
-0.0882339477539063 0.0989837646484375 0.00127029418945312 -0.0561637878417969
-0.0469512939453125 0.119491577148438 -0.00862884521484375 -0.0724105834960938
-0.0442276000976563 0.11297607421875 -0.0108413696289063 -0.0722732543945313
-0.0495529174804688 0.124809265136719 -0.00933837890625001 -0.0659141540527344
-0.0703353881835938 0.113784790039063 0.000114440917968751 -0.0546836853027344
-0.09674072265625 0.0756378173828125 0.00556182861328124 -0.0515098571777344
-0.119918823242188 0.0457229614257812 0.0185070037841797 -0.0315628051757813
-0.130378723144531 -0.0178451538085938 0.0358161926269531 -7.62939453125011E-05
-0.127738952636719 -0.0657501220703125 -0.0122928619384766 0.0208454132080078
-0.13104248046875 -0.0896987915039063 -0.0318889617919922 0.0212593078613281
-0.0871810913085938 -0.0534439086914063 -0.110031127929688 -0.143753051757812
-0.0777435302734375 -0.04290771484375 -0.0785293579101563 -0.079376220703125
-0.0687980651855469 -0.0218505859375 -0.0180549621582031 -0.0232810974121094
-0.07012939453125 -0.00614166259765625 0.0200347900390625 -0.0430946350097656
-0.065826416015625 0.0181808471679687 0.0260696411132813 -0.0650177001953125
-0.0641098022460938 0.0628013610839844 0.0114593505859375 -0.087310791015625
-0.0385055541992187 0.0800399780273438 -0.00521087646484375 -0.112380981445312
-0.0363998413085938 0.0784149169921875 -0.01153564453125 -0.11370849609375
-0.0446929931640625 0.0867919921875 -0.00537872314453124 -0.104454040527344
-0.0605926513671875 0.0723419189453125 0.0140533447265625 -0.0860366821289063
-0.0753326416015625 0.039276123046875 0.0185775756835937 -0.066497802734375
-0.084930419921875 0.0157546997070312 0.0233154296875 -0.0354881286621094
-0.0820083618164063 -0.0245132446289063 0.0203800201416016 -0.00441741943359375
-0.0788497924804688 -0.0499267578125 -0.04522705078125 0.00185012817382812
-0.0901412963867188 -0.061126708984375 -0.0653190612792969 -0.0164833068847656
-0.036895751953125 -0.00118255615234375 -0.135406494140625 -0.155426025390625
-0.0172967910766602 -0.00479793548583985 -0.0999298095703125 -0.0845489501953125
-0.00880050659179688 -0.00697231292724609 -0.0359764099121094 -0.0225334167480469
-0.0132579803466797 -0.0134773254394531 0.0122528076171875 -0.0410194396972656
-0.0226650238037109 -0.00694656372070313 0.0260353088378906 -0.0661735534667969
-0.0351428985595703 0.0168056488037109 0.0160140991210938 -0.10479736328125
-0.0266838073730469 0.0286846160888672 -0.004150390625 -0.135498046875
-0.0229053497314453 0.0317840576171875 -0.0108642578125 -0.137825012207031
-0.0321540832519531 0.0362510681152344 0.00254821777343749 -0.127326965332031
-0.0369224548339844 0.0226631164550781 0.0303726196289063 -0.102691650390625
-0.037322998046875 0.00284957885742188 0.0322647094726563 -0.0689048767089844
-0.0329799652099609 -0.00779533386230469 0.0282325744628906 -0.0327777862548828
-0.0228404998779297 -0.0167808532714844 0.00723981857299805 -0.0068206787109375
-0.0233478546142578 -0.0172481536865234 -0.065338134765625 -0.0150871276855469
-0.0403099060058594 -0.0186538696289063 -0.0850143432617188 -0.0439300537109375
-0.0208778381347656 -0.0450973510742188 0.107421875 0.0285797119140625
-0.0322608947753906 -0.0380516052246094 0.077423095703125 0.00963592529296875
-0.048309326171875 -0.00989532470703126 0.00165748596191406 -0.00880908966064453
-0.0358123779296875 0.018768310546875 -0.0431442260742188 0.0232391357421875
-0.0134563446044922 0.0229167938232422 -0.0514907836914063 0.0574836730957031
0.00274276733398438 0.0244312286376953 -0.0377578735351563 0.112579345703125
0.010284423828125 0.0257339477539062 -0.0026397705078125 0.146026611328125
0.00477790832519531 0.0227985382080078 0.017425537109375 0.145263671875
0.0101413726806641 0.0245876312255859 0.010162353515625 0.133712768554688
0.00451278686523438 0.0321846008300781 -0.0146865844726563 0.109573364257813
-0.00811386108398438 0.0358848571777344 -0.0111007690429688 0.0657386779785156
-0.028106689453125 0.0370750427246094 0.0102729797363281 0.03338623046875
-0.0486717224121094 0.00587844848632813 0.0580635070800781 0.0385322570800781
-0.0392494201660156 -0.0211677551269531 0.132026672363281 0.0904769897460938
-0.0277004241943359 -0.0176410675048828 0.1446533203125 0.18548583984375
-0.07379150390625 -0.0931549072265625 0.0942230224609375 0.0207443237304687
-0.0882110595703125 -0.0802230834960938 0.0716400146484375 0.00744628906249999
-0.104240417480469 -0.0355453491210938 0.0128507614135742 -0.0101213455200195
-0.0962295532226563 0.0144729614257812 -0.0348243713378906 0.0107269287109375
-0.0646934509277344 0.0428581237792969 -0.0508842468261719 0.0403060913085938
-0.0341720581054688 0.0732421875 -0.0439300537109375 0.10040283203125
-0.00504302978515624 0.0815963745117188 -0.00966644287109375 0.128791809082031
-0.00923156738281251 0.0739059448242188 0.0136184692382812 0.127098083496094
-0.00473022460937499 0.0794296264648438 0.00967407226562501 0.116012573242188
-0.0194778442382812 0.0818634033203125 -0.0114059448242188 0.096221923828125
-0.0433197021484375 0.0690536499023438 -0.00767135620117188 0.0519142150878906
-0.0712966918945312 0.0585708618164063 0.0148143768310547 0.0210285186767578
-0.0996017456054688 0.00669097900390625 0.07171630859375 0.02642822265625
-0.09613037109375 -0.0424041748046875 0.132698059082031 0.0791854858398438
-0.0875015258789062 -0.0537872314453125 0.137588500976563 0.170974731445313
-0.117362976074219 -0.130325317382813 0.0641517639160156 -0.00616073608398438
-0.1317138671875 -0.113502502441406 0.0526695251464844 -0.00443267822265626
-0.148178100585937 -0.058990478515625 0.0198135375976562 -0.0107135772705078
-0.147048950195312 0.00736999511718753 -0.0197372436523438 -0.000963211059570316
-0.109062194824219 0.056121826171875 -0.0371627807617188 0.0190963745117188
-0.0677947998046875 0.111595153808594 -0.039581298828125 0.0723190307617188
-0.0206985473632813 0.125343322753906 -0.0140609741210938 0.0912094116210938
-0.0218353271484375 0.11419677734375 0.00679779052734374 0.0883712768554688
-0.01739501953125 0.123344421386719 0.00472259521484375 0.081512451171875
-0.0373992919921875 0.123146057128906 -0.0101280212402344 0.0697174072265625
-0.070068359375 0.0988082885742188 -0.00635337829589845 0.0293788909912109
-0.106307983398438 0.0799407958984375 0.0163908004760742 0.00576591491699219
-0.141357421875 0.0102691650390625 0.0756301879882812 0.0156707763671875
-0.143524169921875 -0.0550079345703125 0.112998962402344 0.066070556640625
-0.136825561523437 -0.0814361572265625 0.109451293945312 0.143463134765625
-0.144973754882812 -0.14404296875 0.0209083557128906 -0.0416984558105469
-0.158935546875 -0.124588012695312 0.0216693878173828 -0.0219993591308594
-0.17059326171875 -0.066131591796875 0.0203056335449219 -0.0111637115478516
-0.172637939453125 0.0037994384765625 -0.00275611877441407 -0.0125274658203125
-0.133842468261719 0.0620803833007812 -0.017542839050293 -0.00562381744384765
-0.0906829833984375 0.131362915039063 -0.0275230407714844 0.0322170257568359
-0.0330963134765625 0.148880004882813 -0.0155181884765625 0.0387611389160156
-0.0321426391601563 0.137092590332031 -0.00130462646484375 0.0369949340820313
-0.028564453125 0.149490356445313 -0.00220680236816406 0.0348548889160156
-0.052032470703125 0.146957397460938 -0.00921249389648438 0.0305976867675781
-0.09014892578125 0.114433288574219 -0.00505208969116211 0.00192499160766602
-0.128471374511719 0.0895233154296875 0.0169057846069336 -0.00875663757324218
-0.1639404296875 0.01092529296875 0.0682945251464843 0.00676727294921875
-0.169097900390625 -0.0612030029296875 0.07769775390625 0.0511474609375
-0.165771484375 -0.095916748046875 0.0660629272460937 0.107040405273437
-0.150863647460938 -0.132308959960937 -0.0302734375 -0.0815887451171875
-0.160980224609375 -0.111679077148438 -0.016510009765625 -0.0431594848632813
-0.165512084960937 -0.0562744140625 0.0129079818725586 -0.0144205093383789
-0.16644287109375 0.00382995605468753 0.0119915008544922 -0.0256099700927734
-0.13299560546875 0.0594711303710938 0.00310325622558593 -0.0317115783691406
-0.0957565307617187 0.130264282226563 -0.0126247406005859 -0.014430046081543
-0.03948974609375 0.1494140625 -0.0146751403808594 -0.0191974639892578
-0.0372085571289062 0.139701843261719 -0.00965118408203125 -0.0199241638183594
-0.0372772216796875 0.153793334960938 -0.0097951889038086 -0.0170202255249023
-0.0615081787109375 0.148056030273438 -0.00763130187988281 -0.0130252838134766
-0.099700927734375 0.110893249511719 -0.00293540954589844 -0.0270175933837891
-0.134323120117188 0.0820693969726563 0.0159263610839844 -0.0220108032226562
-0.16351318359375 0.00389099121093747 0.054443359375 0.000873565673828125
-0.167526245117188 -0.063995361328125 0.0322914123535156 0.0378494262695312
-0.168136596679688 -0.097808837890625 0.0147743225097656 0.0660667419433594
-0.133331298828125 -0.0988311767578125 -0.0804061889648438 -0.116119384765625
-0.134796142578125 -0.079742431640625 -0.0545463562011719 -0.0627899169921875
-0.130233764648438 -0.0376129150390625 -0.000787734985351573 -0.0196628570556641
-0.130088806152344 0.00366973876953124 0.0195770263671875 -0.0380096435546875
-0.107856750488281 0.046661376953125 0.018280029296875 -0.0548210144042969
-0.0838088989257812 0.108634948730469 -1.5675226670269E-18 -0.0582084655761719
-0.0390777587890625 0.126884460449219 -0.0134201049804688 -0.0734634399414062
-0.0369033813476563 0.121253967285156 -0.0165863037109375 -0.0730361938476562
-0.0411758422851563 0.134590148925781 -0.0138320922851563 -0.0670166015625
-0.0645217895507812 0.123931884765625 -0.00212860107421876 -0.0556068420410156
-0.09600830078125 0.08587646484375 0.00326919555664062 -0.0521125793457031
-0.121818542480469 0.0567855834960938 0.0172519683837891 -0.0322418212890625
-0.135910034179688 -0.0105056762695313 0.0364952087402344 -0.00314712524414063
-0.13714599609375 -0.0615386962890625 -0.0126438140869141 0.0222930908203125
-0.143569946289062 -0.0858917236328125 -0.0329761505126953 0.0243167877197266
-0.0932998657226563 -0.0520782470703125 -0.121673583984375 -0.140266418457031
-0.084136962890625 -0.041107177734375 -0.0865554809570313 -0.0761489868164063
-0.0741806030273438 -0.0184402465820313 -0.0192031860351563 -0.0230865478515625
-0.0748214721679688 -0.00173187255859374 0.0178489685058594 -0.0451736450195313
-0.0683250427246094 0.0237464904785156 0.0243644714355469 -0.0686073303222656
-0.061614990234375 0.0701255798339844 0.00806427001953124 -0.0909576416015625
-0.0336380004882812 0.0859832763671875 -0.0130157470703125 -0.115455627441406
-0.0309600830078125 0.0847244262695313 -0.0202255249023438 -0.116012573242188
-0.0393218994140625 0.0950241088867188 -0.0121307373046875 -0.107826232910156
-0.0577392578125 0.0804977416992188 0.0101699829101562 -0.0898284912109375
-0.0761642456054688 0.047271728515625 0.0156021118164062 -0.0683059692382813
-0.0878524780273438 0.023468017578125 0.021331787109375 -0.037322998046875
-0.0867156982421875 -0.0202255249023437 0.0197067260742187 -0.00634193420410156
-0.0864944458007813 -0.0483169555664062 -0.0483055114746094 0.00516510009765624
-0.0989837646484375 -0.0589065551757812 -0.070953369140625 -0.013275146484375
-0.0380020141601563 -0.000942230224609369 -0.148818969726562 -0.151290893554688
-0.0189037322998047 -0.00577163696289062 -0.108695983886719 -0.0806732177734375
-0.0104436874389648 -0.00709724426269531 -0.0381011962890625 -0.0209197998046875
-0.0162534713745117 -0.0130329132080078 0.0103225708007812 -0.0430793762207031
-0.0252666473388672 -0.00524520874023438 0.0243453979492187 -0.0706787109375
-0.0351142883300781 0.0212306976318359 0.0111923217773437 -0.109664916992188
-0.0244407653808594 0.0321331024169922 -0.013641357421875 -0.140182495117188
-0.0204124450683594 0.0359420776367187 -0.021636962890625 -0.141586303710938
-0.0296859741210938 0.0410003662109375 -0.00624847412109375 -0.131980895996094
-0.0362358093261719 0.0273590087890625 0.025146484375 -0.108482360839844
-0.0389785766601562 0.00658035278320313 0.0290145874023438 -0.0726318359375
-0.0355186462402344 -0.0047149658203125 0.0272903442382812 -0.0353813171386719
-0.0255889892578125 -0.0149097442626953 0.0057063102722168 -0.00843048095703125
-0.0264816284179688 -0.0172691345214844 -0.0705337524414063 -0.0118637084960938
-0.0441398620605469 -0.0176811218261719 -0.092926025390625 -0.0405044555664062
-0.0221977233886719 -0.0437698364257813 0.112205505371094 0.0242691040039062
-0.0335235595703125 -0.0363883972167969 0.0806961059570313 0.0061187744140625
-0.0475997924804688 -0.00778198242187499 0.00242233276367187 -0.00865650177001953
-0.0342369079589844 0.0197067260742188 -0.0411338806152344 0.026123046875
-0.0123195648193359 0.0224781036376953 -0.0484123229980469 0.0610122680664063
0.00376510620117187 0.0237274169921875 -0.0312347412109375 0.115310668945313
0.0108222961425781 0.0248031616210938 0.0069427490234375 0.1468505859375
0.00612449645996094 0.0222721099853516 0.027740478515625 0.144500732421875
0.0122051239013672 0.023101806640625 0.019439697265625 0.133964538574219
0.00680351257324219 0.0312385559082031 -0.00845336914062501 0.111648559570312
-0.0059661865234375 0.0364913940429687 -0.00798416137695312 0.0673027038574219
-0.0245018005371094 0.0382652282714844 0.0114383697509766 0.0330810546875
-0.0474853515625 0.00893020629882813 0.0599327087402344 0.0351219177246094
-0.0403633117675781 -0.0177574157714844 0.137176513671875 0.0822830200195313
-0.0273990631103516 -0.0149860382080078 0.154571533203125 0.176773071289062
-0.0792999267578125 -0.0882110595703125 0.097747802734375 0.0173873901367187
-0.0907211303710937 -0.0745391845703125 0.0744400024414063 0.00399017333984375
-0.104866027832031 -0.030731201171875 0.0138740539550781 -0.0108699798583984
-0.0948486328125 0.0187454223632812 -0.0338211059570313 0.0137100219726563
-0.0621986389160156 0.0457839965820313 -0.0475807189941406 0.0442314147949219
-0.0300979614257813 0.0743408203125 -0.0367889404296875 0.103195190429688
-0.000450134277343753 0.0812759399414063 -0.00131988525390626 0.130485534667969
-0.00444793701171875 0.0744857788085938 0.0225830078125 0.126197814941406
0.00043487548828125 0.0794677734375 0.0179901123046875 0.116226196289063
-0.0142364501953125 0.0822677612304688 -0.00490570068359374 0.0979690551757812
-0.0396347045898437 0.0710830688476563 -0.00511932373046875 0.0532264709472656
-0.0674972534179688 0.0625495910644531 0.0150547027587891 0.0212192535400391
-0.09820556640625 0.0113601684570312 0.0727081298828125 0.0220947265625
-0.0989456176757813 -0.036956787109375 0.137039184570312 0.07110595703125
-0.0903091430664063 -0.0474395751953125 0.146041870117188 0.163360595703125
-0.12518310546875 -0.123497009277344 0.0661964416503906 -0.00748443603515626
-0.137924194335938 -0.106056213378906 0.0540847778320313 -0.00573348999023438
-0.150558471679687 -0.05157470703125 0.0204486846923828 -0.0117034912109375
-0.146652221679688 0.01519775390625 -0.0195255279541016 0.00189018249511719
-0.106109619140625 0.0625152587890625 -0.0356063842773438 0.0223464965820312
-0.0613937377929687 0.114616394042969 -0.0333480834960938 0.074920654296875
-0.0127334594726563 0.125747680664063 -0.00762939453124999 0.0925979614257813
-0.0145416259765625 0.115943908691406 0.0130691528320312 0.0886611938476563
-0.00949096679687499 0.124725341796875 0.0110702514648438 0.0820159912109375
-0.0296707153320313 0.125396728515625 -0.0054473876953125 0.0710525512695313
-0.0652618408203125 0.103317260742188 -0.00473785400390625 0.0316352844238281
-0.102043151855469 0.0864181518554687 0.0166406631469726 0.00629138946533204
-0.140312194824219 0.0176010131835938 0.0755615234375 0.0109481811523438
-0.147048950195312 -0.047943115234375 0.116249084472656 0.0597610473632812
-0.141983032226563 -0.0737457275390625 0.115882873535156 0.137710571289063
-0.154159545898438 -0.136367797851562 0.0208396911621094 -0.0403900146484375
-0.165924072265625 -0.115798950195313 0.021697998046875 -0.0219078063964844
-0.174041748046875 -0.0576629638671875 0.0208301544189453 -0.0126743316650391
-0.173110961914063 0.013671875 -0.00336837768554688 -0.010716438293457
-0.131019592285156 0.06964111328125 -0.0171365737915039 -0.00307750701904297
-0.0819244384765625 0.136154174804688 -0.0233612060546875 0.033926010131836
-0.023284912109375 0.15057373046875 -0.0117988586425781 0.0410118103027344
-0.0233154296875 0.139732360839844 0.00173187255859375 0.0377883911132813
-0.0186309814453125 0.152511596679687 0.000961303710937495 0.0352554321289063
-0.0426483154296875 0.151397705078125 -0.005767822265625 0.0327243804931641
-0.084075927734375 0.120773315429688 -0.00377297401428223 0.0040421485900879
-0.124443054199219 0.0979537963867188 0.0160636901855469 -0.00800609588623046
-0.163528442382813 0.0191650390625 0.0681419372558594 0.00236892700195313
-0.173324584960938 -0.052978515625 0.080078125 0.0473098754882813
-0.172500610351563 -0.08685302734375 0.07049560546875 0.103973388671875
-0.159317016601563 -0.12567138671875 -0.0327911376953125 -0.077545166015625
-0.16845703125 -0.10308837890625 -0.0185127258300781 -0.0406303405761719
-0.16937255859375 -0.0484466552734375 0.0130615234375 -0.0147390365600586
-0.167724609375 0.013702392578125 0.0107879638671875 -0.024566650390625
-0.130439758300781 0.0674896240234375 0.00292587280273437 -0.0310993194580078
-0.0880508422851563 0.136322021484375 -0.0110149383544922 -0.0131406784057617
-0.029937744140625 0.151641845703125 -0.0149860382080078 -0.0178756713867187
-0.0279083251953125 0.14306640625 -0.0102882385253906 -0.0183982849121094
-0.0269012451171875 0.157302856445312 -0.0096588134765625 -0.0164699554443359
-0.0520172119140625 0.152053833007812 -0.00689792633056641 -0.0113363265991211
-0.0938339233398438 0.117347717285156 -0.00278663635253907 -0.0252494812011719
-0.130538940429688 0.091156005859375 0.0145740509033203 -0.0218715667724609
-0.1632080078125 0.0118865966796875 0.0539779663085937 -0.00304031372070312
-0.172378540039063 -0.056304931640625 0.0337944030761719 0.0371322631835938
-0.175048828125 -0.0893096923828125 0.0174713134765625 0.0653839111328125
-0.139083862304688 -0.0935211181640625 -0.0850143432617188 -0.110160827636719
-0.140350341796875 -0.0738449096679688 -0.0577926635742187 -0.0585594177246094
-0.133056640625 -0.0313339233398437 -0.00206947326660157 -0.0191860198974609
-0.131507873535156 0.0114669799804687 0.0172538757324219 -0.0384063720703125
-0.106971740722656 0.0534439086914063 0.0163230895996094 -0.0554618835449219
-0.0772247314453125 0.114105224609375 -0.000900268554687505 -0.0576896667480469
-0.0308990478515625 0.129257202148438 -0.0173797607421875 -0.0719223022460937
-0.0281448364257813 0.124755859375 -0.0203018188476563 -0.0717697143554687
-0.031494140625 0.138633728027344 -0.0169830322265625 -0.0660858154296875
-0.0573043823242188 0.129005432128906 -0.00396728515625001 -0.0548629760742187
-0.0914764404296875 0.092620849609375 0.00194931030273437 -0.0508193969726562
-0.119277954101563 0.0653228759765625 0.0157966613769531 -0.0317707061767578
-0.1370849609375 -0.00308227539062498 0.0355873107910156 -0.00626373291015625
-0.14202880859375 -0.055694580078125 -0.0120964050292969 0.0240650177001953
-0.150527954101563 -0.078582763671875 -0.033721923828125 0.0264320373535156
-0.0966873168945312 -0.0488052368164063 -0.128013610839844 -0.132476806640625
-0.0872879028320313 -0.0379714965820312 -0.0911026000976563 -0.0704193115234375
-0.0758438110351563 -0.0155715942382812 -0.0202121734619141 -0.0217132568359375
-0.0766830444335938 0.00276184082031249 0.0156173706054687 -0.0456428527832031
-0.0683250427246094 0.0284881591796875 0.0220985412597656 -0.0697555541992188
-0.0578460693359375 0.0746917724609375 0.0047607421875 -0.0918045043945313
-0.0274887084960938 0.0879058837890625 -0.0199813842773438 -0.114532470703125
-0.0247268676757813 0.0875930786132813 -0.0271835327148437 -0.114158630371094
-0.032470703125 0.09893798828125 -0.0184402465820312 -0.107040405273438
-0.05218505859375 0.0854034423828125 0.0057220458984375 -0.0899581909179688
-0.0737991333007813 0.0530319213867188 0.0128440856933594 -0.0686607360839844
-0.087371826171875 0.0301361083984375 0.0194625854492188 -0.0370903015136719
-0.0885543823242188 -0.0155181884765625 0.0185966491699219 -0.008087158203125
-0.0905838012695312 -0.045135498046875 -0.0497932434082031 0.00852966308593749
-0.1041259765625 -0.0545272827148438 -0.0732498168945313 -0.00946044921875
-0.03814697265625 -0.000968933105468748 -0.155914306640625 -0.1427001953125
-0.0201797485351563 -0.00642967224121093 -0.113945007324219 -0.07342529296875
-0.0118703842163086 -0.00733566284179688 -0.0390281677246094 -0.0188331604003906
-0.0177745819091797 -0.0120124816894531 0.00832748413085938 -0.0439910888671875
-0.0269489288330078 -0.00300025939941406 0.0216751098632812 -0.0728988647460938
-0.0342674255371094 0.0242881774902344 0.00551605224609376 -0.111312866210937
-0.0218219757080078 0.0341453552246094 -0.0227508544921875 -0.139602661132813
-0.0173912048339844 0.0381050109863281 -0.0308609008789063 -0.139938354492188
-0.0260696411132813 0.0446205139160156 -0.0145797729492188 -0.132041931152344
-0.0345344543457031 0.0312099456787109 0.0192718505859375 -0.110542297363281
-0.0382614135742188 0.00992965698242187 0.02557373046875 -0.0739898681640625
-0.0363349914550781 -0.00111770629882813 0.0252418518066406 -0.0360183715820312
-0.0267448425292969 -0.0136852264404297 0.00415802001953125 -0.00914287567138672
-0.0288352966308594 -0.0170269012451172 -0.0730819702148438 -0.00777435302734375
-0.0464134216308594 -0.016021728515625 -0.097503662109375 -0.0367050170898437
-0.0221138000488281 -0.041046142578125 0.113365173339844 0.02239990234375
-0.0325546264648437 -0.0349655151367188 0.08197021484375 0.0046234130859375
-0.0458450317382813 -0.00719833374023437 0.00335884094238281 -0.00901699066162109
-0.0328102111816406 0.0190029144287109 -0.0389938354492187 0.0275917053222656
-0.0115985870361328 0.0219612121582031 -0.0458755493164063 0.0619697570800781
0.00414466857910156 0.0224094390869141 -0.0267181396484375 0.11456298828125
0.011383056640625 0.0241012573242187 0.012176513671875 0.144271850585938
0.00644874572753906 0.0210838317871094 0.0325927734375 0.14166259765625
0.0128402709960938 0.0216693878173828 0.0236587524414062 0.132171630859375
0.00775718688964844 0.030609130859375 -0.00532531738281251 0.111587524414062
-0.0041046142578125 0.0359573364257813 -0.00634384155273438 0.0673103332519531
-0.0227508544921875 0.037872314453125 0.0115242004394531 0.0330162048339844
-0.0457687377929688 0.00988388061523437 0.0593948364257813 0.0331573486328125
-0.0396347045898438 -0.0154151916503906 0.137557983398438 0.0763473510742188
-0.0261344909667969 -0.0129375457763672 0.155868530273438 0.170059204101563
-0.0801315307617188 -0.08441162109375 0.099700927734375 0.016448974609375
-0.0913925170898438 -0.0710983276367187 0.0753936767578125 0.00388336181640625
-0.1025390625 -0.0288543701171875 0.0144777297973633 -0.0109357833862305
-0.0934829711914063 0.0204010009765625 -0.0323982238769531 0.015625
-0.0606727600097656 0.0462760925292969 -0.0453567504882813 0.0455589294433594
-0.0271453857421875 0.0734329223632813 -0.03265380859375 0.103218078613281
0.0019989013671875 0.079986572265625 0.00408172607421876 0.1292724609375
-0.00215148925781251 0.0735092163085938 0.0272598266601562 0.123619079589844
0.003082275390625 0.0781784057617187 0.021697998046875 0.114852905273438
-0.0113143920898437 0.0819015502929688 -0.00152587890624999 0.0986099243164062
-0.0367431640625 0.071441650390625 -0.0036773681640625 0.0541458129882813
-0.0639724731445313 0.0636634826660156 0.0151157379150391 0.0214748382568359
-0.0964736938476563 0.013641357421875 0.0717544555664063 0.0201034545898438
-0.0989456176757813 -0.0340957641601562 0.136932373046875 0.0663223266601563
-0.0902175903320313 -0.0440750122070312 0.147445678710938 0.157989501953125
-0.126922607421875 -0.118766784667969 0.0674171447753906 -0.00698852539062501
-0.138084411621094 -0.100921630859375 0.0550804138183594 -0.00565338134765626
-0.14849853515625 -0.0482025146484375 0.0208377838134766 -0.01171875
-0.144622802734375 0.0179595947265625 -0.0189285278320313 0.0034332275390625
-0.10308837890625 0.0637588500976562 -0.0333290100097656 0.0247116088867188
-0.0567092895507812 0.113838195800781 -0.0293350219726563 0.0749588012695313
-0.0091552734375 0.12384033203125 -0.00354766845703124 0.091949462890625
-0.010284423828125 0.115074157714844 0.0167160034179688 0.087310791015625
-0.00469207763671874 0.124252319335938 0.0143280029296875 0.0812454223632813
-0.0252685546875 0.125030517578125 -0.00171661376953126 0.0715713500976563
-0.06195068359375 0.104331970214844 -0.00279426574707032 0.03271484375
-0.0981292724609375 0.0886077880859375 0.016789436340332 0.00735473632812501
-0.1373291015625 0.020111083984375 0.07440185546875 0.00864410400390625
-0.147140502929687 -0.0438232421875 0.1162109375 0.0559158325195313
-0.142547607421875 -0.0683441162109375 0.11688232421875 0.133499145507813
-0.156005859375 -0.131454467773438 0.0214347839355469 -0.0380744934082031
-0.167144775390625 -0.110855102539063 0.0218791961669922 -0.0202140808105469
-0.17254638671875 -0.0538482666015625 0.0203685760498047 -0.0124359130859375
-0.1712646484375 0.0174407958984375 -0.00331687927246095 -0.00909996032714844
-0.12835693359375 0.0728759765625 -0.0153512954711914 -0.00138282775878905
-0.0767440795898438 0.136299133300781 -0.0198040008544922 0.0350894927978516
-0.0188446044921875 0.148666381835938 -0.00921249389648438 0.0411224365234375
-0.0177230834960938 0.139198303222656 0.00406646728515625 0.0375251770019531
-0.01263427734375 0.15234375 0.00274276733398438 0.0351314544677735
-0.0371246337890625 0.151016235351563 -0.00335121154785156 0.0334796905517578
-0.0804061889648438 0.122261047363281 -0.00279045104980469 0.00557708740234376
-0.120407104492187 0.100883483886719 0.0162715911865234 -0.00668048858642577
-0.160842895507812 0.0224609375 0.0669364929199219 -0.000148773193359374
-0.174087524414063 -0.0494842529296875 0.0799942016601562 0.0450210571289063
-0.17291259765625 -0.0812835693359375 0.0714263916015625 0.101699829101562
-0.161697387695312 -0.1214599609375 -0.0328140258789063 -0.0734710693359375
-0.169326782226562 -0.0991668701171875 -0.0185279846191406 -0.03765869140625
-0.16839599609375 -0.0456695556640625 0.0123329162597656 -0.0144634246826172
-0.167144775390625 0.017974853515625 0.0101032257080078 -0.0235424041748047
-0.128036499023438 0.0709609985351562 0.00340270996093749 -0.0296230316162109
-0.0825424194335938 0.137092590332031 -0.00901508331298829 -0.0123062133789062
-0.0243682861328125 0.149887084960938 -0.0143823623657227 -0.0159997940063476
-0.0224456787109375 0.142837524414063 -0.00968456268310547 -0.0174837112426758
-0.0200653076171875 0.157241821289063 -0.009552001953125 -0.0152435302734375
-0.0467987060546875 0.153366088867188 -0.00552463531494141 -0.0108366012573242
-0.0901718139648438 0.120170593261719 -0.00263023376464844 -0.0236759185791016
-0.126800537109375 0.0947113037109375 0.0145149230957031 -0.0197677612304687
-0.160919189453125 0.0148773193359375 0.0517387390136719 -0.00499725341796875
-0.173110961914063 -0.052703857421875 0.0335464477539062 0.0357246398925781
-0.176071166992187 -0.0839691162109375 0.0175819396972656 0.0652084350585938
-0.14111328125 -0.090576171875 -0.0854110717773438 -0.104812622070313
-0.142105102539062 -0.0706634521484375 -0.0589218139648438 -0.0543594360351563
-0.133293151855469 -0.0286102294921875 -0.00232124328613282 -0.0182418823242188
-0.131584167480469 0.0153884887695312 0.0165901184082031 -0.0372161865234375
-0.105461120605469 0.0565109252929688 0.0162277221679687 -0.0543327331542969
-0.0731887817382812 0.115386962890625 -0.000259399414062503 -0.0573005676269531
-0.0260086059570313 0.129203796386719 -0.0187110900878906 -0.0696449279785156
-0.022735595703125 0.125144958496094 -0.0221824645996094 -0.0697135925292969
-0.0257644653320313 0.139572143554688 -0.01824951171875 -0.0646247863769531
-0.0518798828125 0.130378723144531 -0.00400161743164063 -0.0541915893554687
-0.088348388671875 0.095184326171875 0.00185394287109375 -0.0497360229492187
-0.116561889648437 0.06982421875 0.0147457122802734 -0.0304527282714844
-0.135795593261719 -0.000335693359374975 0.0340805053710938 -0.00750541687011719
-0.1434326171875 -0.0526580810546875 -0.0127162933349609 0.0248832702636719
-0.152297973632813 -0.0744476318359375 -0.0337409973144531 0.0277462005615234
-0.0978622436523437 -0.04791259765625 -0.128822326660156 -0.126625061035156
-0.0887603759765625 -0.0371017456054687 -0.0923004150390625 -0.0659103393554687
-0.0763015747070313 -0.0142059326171875 -0.0204334259033203 -0.0206546783447266
-0.0777130126953125 0.0051727294921875 0.0144309997558594 -0.0450477600097656
-0.0679779052734375 0.0312576293945312 0.0209846496582031 -0.0694999694824219
-0.0547256469726562 0.076751708984375 0.00354766845703124 -0.0913543701171875
-0.0237579345703125 0.0881805419921875 -0.023101806640625 -0.112060546875
-0.0203933715820313 0.0886917114257813 -0.0305328369140625 -0.111106872558594
-0.0272750854492187 0.100090026855469 -0.0211639404296875 -0.104911804199219
-0.0486221313476563 0.0873336791992188 0.00396728515625 -0.0888519287109375
-0.0716171264648437 0.0552825927734375 0.0119972229003906 -0.06707763671875
-0.085723876953125 0.0335617065429687 0.0186576843261719 -0.036376953125
-0.0878982543945312 -0.0131378173828125 0.0172262191772461 -0.00921726226806641
-0.0928115844726562 -0.0430984497070313 -0.0500259399414063 0.0102577209472656
-0.106033325195313 -0.052032470703125 -0.0743408203125 -0.0075225830078125
-0.0376815795898438 -0.00235366821289063 -0.156448364257813 -0.137313842773437
-0.0213279724121094 -0.00764656066894531 -0.114089965820313 -0.0690765380859375
-0.012481689453125 -0.00730228424072266 -0.0381660461425781 -0.0171852111816406
-0.0196342468261719 -0.0114669799804687 0.00746536254882812 -0.0442962646484375
-0.0275249481201172 -0.00156211853027344 0.0201263427734375 -0.0731353759765625
-0.0328102111816406 0.0262069702148437 0.00343322753906249 -0.110977172851563
-0.019775390625 0.0348415374755859 -0.0263748168945313 -0.136802673339844
-0.0144615173339844 0.0388641357421875 -0.0352401733398437 -0.13604736328125
-0.0233001708984375 0.0458183288574219 -0.0190658569335937 -0.12945556640625
-0.0322818756103516 0.0330181121826172 0.016204833984375 -0.109832763671875
-0.0381507873535156 0.0119514465332031 0.0241470336914063 -0.0731964111328125
-0.0360336303710938 0.00135421752929688 0.0241127014160156 -0.0357894897460938
-0.0276279449462891 -0.0128555297851562 0.00272655487060547 -0.0100479125976563
-0.030975341796875 -0.0167331695556641 -0.0740432739257813 -0.00494384765625001
-0.0478057861328125 -0.0158500671386719 -0.098602294921875 -0.0337982177734375
-0.021453857421875 -0.03973388671875 0.115821838378906 0.0242462158203125
-0.0316123962402344 -0.0355415344238281 0.0843124389648438 0.005584716796875
-0.0455474853515625 -0.00858688354492188 0.00504779815673828 -0.00924205780029297
-0.0324935913085938 0.0182571411132813 -0.0383071899414063 0.0279006958007812
-0.0118827819824219 0.0210456848144531 -0.0457954406738281 0.0619354248046875
0.00394248962402344 0.02117919921875 -0.02685546875 0.115371704101563
0.0112171173095703 0.0230884552001953 0.0131072998046875 0.14520263671875
0.00619316101074219 0.0208301544189453 0.0335540771484375 0.141586303710938
0.0129051208496094 0.0213546752929688 0.0244369506835938 0.132621765136719
0.00787734985351563 0.0297336578369141 -0.00502014160156251 0.113128662109375
-0.00415420532226562 0.0359840393066406 -0.00736618041992188 0.0690155029296875
-0.0221977233886719 0.0378036499023438 0.0109214782714844 0.0342388153076172
-0.0454254150390625 0.00954055786132812 0.0583229064941406 0.032928466796875
-0.039520263671875 -0.0149421691894531 0.137741088867187 0.0758438110351562
-0.0247650146484375 -0.0124111175537109 0.15472412109375 0.1710205078125
-0.0792617797851563 -0.0835037231445312 0.102005004882813 0.0185775756835938
-0.0898056030273437 -0.0720748901367188 0.0772628784179688 0.00524139404296875
-0.101211547851562 -0.0310592651367188 0.0157155990600586 -0.0106468200683594
-0.0933456420898438 0.0196075439453125 -0.0319805145263672 0.0160331726074219
-0.0610733032226563 0.0447578430175781 -0.0450630187988281 0.0462455749511719
-0.0273513793945313 0.0719833374023437 -0.0319366455078125 0.10400390625
0.001312255859375 0.0794448852539063 0.00482177734375 0.130386352539062
-0.00128173828125 0.0734024047851563 0.0285797119140625 0.123970031738281
0.003082275390625 0.0782470703125 0.0226669311523437 0.11553955078125
-0.01116943359375 0.0821456909179688 -0.00182342529296875 0.0998001098632813
-0.037445068359375 0.0721206665039062 -0.00393295288085938 0.0553703308105469
-0.0644111633300781 0.063568115234375 0.0151119232177734 0.0228672027587891
-0.0965652465820313 0.012451171875 0.0704498291015625 0.0202865600585938
-0.099029541015625 -0.0347747802734375 0.136940002441406 0.0669174194335938
-0.0893478393554688 -0.0446090698242187 0.145355224609375 0.15948486328125
-0.12689208984375 -0.118736267089844 0.0698814392089844 -0.00472640991210938
-0.137001037597656 -0.102325439453125 0.0565719604492187 -0.00383377075195313
-0.1475830078125 -0.0509796142578125 0.021188735961914 -0.0119075775146484
-0.1448974609375 0.0174407958984375 -0.0172433853149414 0.00475215911865234
-0.104103088378906 0.0628280639648438 -0.0322723388671875 0.02545166015625
-0.0573348999023437 0.112922668457031 -0.0281448364257812 0.0756454467773438
-0.00971984863281251 0.123344421386719 -0.00250244140625 0.093658447265625
-0.009857177734375 0.115951538085938 0.0178070068359375 0.0874404907226563
-0.00394439697265626 0.124649047851562 0.0146331787109375 0.08160400390625
-0.0250167846679687 0.12615966796875 -0.000869750976562499 0.072845458984375
-0.062957763671875 0.104972839355469 -0.00230026245117188 0.0340290069580078
-0.099090576171875 0.0888595581054687 0.0164833068847656 0.00940132141113282
-0.138221740722656 0.0181427001953125 0.0738449096679688 0.00858306884765625
-0.148361206054688 -0.0458984375 0.115585327148438 0.0559768676757813
-0.142349243164063 -0.0684356689453125 0.115287780761719 0.135261535644531
-0.155960083007812 -0.132354736328125 0.0237922668457031 -0.0355682373046875
-0.166580200195312 -0.11199951171875 0.0228214263916016 -0.0183219909667969
-0.172225952148438 -0.0561370849609375 0.0210247039794922 -0.0114841461181641
-0.172653198242187 0.0167388916015625 -0.00263690948486329 -0.00810337066650391
-0.129463195800781 0.072357177734375 -0.0135965347290039 -0.000505447387695308
-0.0777206420898438 0.135665893554688 -0.0178565979003906 0.0361251831054688
-0.018890380859375 0.148269653320312 -0.00806427001953125 0.042816162109375
-0.01776123046875 0.140670776367188 0.00474166870117187 0.0378074645996094
-0.011688232421875 0.153594970703125 0.0032501220703125 0.035675048828125
-0.03680419921875 0.152175903320313 -0.00231170654296875 0.0340919494628906
-0.0815582275390625 0.123268127441406 -0.00129938125610352 0.00686883926391602
-0.121353149414063 0.101600646972656 0.0165205001831055 -0.00521183013916015
-0.16156005859375 0.0202789306640625 0.0660018920898437 -0.000247955322265624
-0.176422119140625 -0.0512847900390625 0.0792160034179687 0.0458602905273437
-0.173614501953125 -0.0817413330078125 0.0698623657226562 0.103187561035156
-0.162811279296875 -0.123092651367188 -0.030517578125 -0.0712051391601563
-0.170242309570313 -0.100357055664063 -0.0177001953125 -0.0362548828125
-0.169143676757813 -0.04815673828125 0.0127134323120117 -0.0133876800537109
-0.168228149414062 0.017730712890625 0.0105876922607422 -0.0215187072753906
-0.130348205566406 0.0713424682617187 0.00515937805175781 -0.0289726257324219
-0.0833206176757813 0.13671875 -0.00644874572753907 -0.0117454528808594
-0.0243682861328125 0.150177001953125 -0.0132913589477539 -0.0152339935302734
-0.0216522216796875 0.143966674804688 -0.00962352752685547 -0.016143798828125
-0.019012451171875 0.159042358398438 -0.00889396667480469 -0.0148725509643555
-0.0464935302734375 0.154693603515625 -0.00468921661376953 -0.0100336074829101
-0.0916671752929687 0.121208190917969 -0.00102424621582032 -0.0224933624267578
-0.128448486328125 0.0960922241210938 0.0156593322753906 -0.0189552307128906
-0.162033081054688 0.0129547119140625 0.0510978698730469 -0.00556182861328125
-0.17578125 -0.0552825927734375 0.0329246520996094 0.0362739562988281
-0.177108764648437 -0.084808349609375 0.0162162780761719 0.0670623779296875
-0.142227172851563 -0.0933380126953125 -0.082916259765625 -0.103279113769531
-0.1434326171875 -0.0729827880859375 -0.0582237243652344 -0.0527687072753906
-0.13372802734375 -0.0313720703125 -0.00214099884033204 -0.0173845291137695
-0.133003234863281 0.015289306640625 0.0165138244628906 -0.0359420776367187
-0.107276916503906 0.0570526123046875 0.017791748046875 -0.0537986755371094
-0.0737991333007813 0.116737365722656 0.00149917602539062 -0.0575790405273437
-0.0259170532226563 0.1290283203125 -0.0172767639160156 -0.069183349609375
-0.021942138671875 0.126266479492188 -0.0215072631835937 -0.0684432983398437
-0.0247344970703125 0.140670776367188 -0.0184326171875 -0.0645408630371094
-0.0517959594726562 0.131668090820312 -0.00246047973632813 -0.0544166564941406
-0.0894699096679688 0.0957794189453125 0.00331497192382812 -0.0488357543945312
-0.117561340332031 0.0704116821289063 0.015869140625 -0.0292434692382812
-0.136688232421875 -0.00224304199218748 0.0328826904296875 -0.0076904296875
-0.146530151367188 -0.05462646484375 -0.0136566162109375 0.02490234375
-0.152999877929688 -0.0757598876953125 -0.0354537963867188 0.0280723571777344
-0.0996475219726563 -0.0509719848632813 -0.126594543457031 -0.126235961914063
-0.0908660888671875 -0.039215087890625 -0.0915374755859375 -0.064666748046875
-0.077545166015625 -0.016448974609375 -0.0198593139648438 -0.0199298858642578
-0.079498291015625 0.00525665283203124 0.0145797729492187 -0.0440940856933594
-0.0699882507324219 0.0317535400390625 0.0221633911132812 -0.0698356628417969
-0.0552597045898438 0.0782699584960938 0.00501251220703124 -0.092193603515625
-0.0230865478515625 0.088287353515625 -0.02276611328125 -0.111160278320313
-0.019622802734375 0.0893325805664063 -0.0302276611328125 -0.110664367675781
-0.0264968872070313 0.101898193359375 -0.0215377807617188 -0.104682922363281
-0.0477294921875 0.0887298583984375 0.00449371337890624 -0.0896453857421875
-0.0726394653320313 0.0561294555664063 0.012908935546875 -0.066864013671875
-0.0861740112304688 0.0345993041992188 0.0194320678710937 -0.0357093811035156
-0.0894546508789063 -0.01434326171875 0.0162153244018555 -0.0100622177124023
-0.0950241088867188 -0.0447998046875 -0.050994873046875 0.011260986328125
-0.107666015625 -0.0528030395507813 -0.0760574340820313 -0.00775146484375001
-0.038970947265625 -0.00443267822265624 -0.155258178710938 -0.137725830078125
-0.0229129791259766 -0.00941276550292969 -0.114479064941406 -0.0694351196289063
-0.0139808654785156 -0.00755977630615235 -0.0382728576660156 -0.01708984375
-0.0208492279052734 -0.0110626220703125 0.00796127319335937 -0.0444450378417969
-0.0284652709960938 -0.000444412231445308 0.0209579467773437 -0.0743637084960938
-0.0332202911376953 0.0281543731689453 0.00409698486328125 -0.112136840820312
-0.0198745727539062 0.0353012084960938 -0.0257492065429687 -0.137016296386719
-0.0142745971679687 0.0395469665527344 -0.0353164672851562 -0.135543823242187
-0.0222702026367188 0.0476112365722656 -0.0189971923828125 -0.129508972167969
-0.0318336486816406 0.0341758728027344 0.01666259765625 -0.110542297363281
-0.0386428833007813 0.012481689453125 0.0255203247070313 -0.0731201171875
-0.0362014770507812 0.00225830078124999 0.0247421264648437 -0.0358238220214844
-0.0282917022705078 -0.0126972198486328 0.000992774963378906 -0.0110082626342773
-0.0327491760253906 -0.0174503326416016 -0.0757827758789063 -0.00478363037109375
-0.0495071411132813 -0.0165786743164063 -0.100883483886719 -0.03472900390625
-0.0194625854492187 -0.0400657653808594 0.122650146484375 0.028228759765625
-0.0307502746582031 -0.0363388061523438 0.0894317626953125 0.0068511962890625
-0.045318603515625 -0.0103530883789063 0.00601673126220703 -0.00879669189453125
-0.0334033966064453 0.0174751281738281 -0.0387039184570312 0.0293388366699219
-0.0131263732910156 0.0209674835205078 -0.0476646423339844 0.0648612976074219
0.00362205505371094 0.0206336975097656 -0.0299835205078125 0.119621276855469
0.0109195709228516 0.0237712860107422 0.0124053955078125 0.149810791015625
0.0061187744140625 0.0215167999267578 0.0340728759765625 0.14593505859375
0.0131950378417969 0.0208396911621094 0.0242156982421875 0.137710571289063
0.00832366943359375 0.030670166015625 -0.00687408447265624 0.1181640625
-0.00447463989257812 0.0369987487792969 -0.00910949707031251 0.0713577270507813
-0.0225601196289062 0.0377845764160156 0.00970077514648438 0.0360183715820313
-0.0460472106933594 0.0102386474609375 0.0594329833984375 0.0357933044433594
-0.0403327941894531 -0.0151786804199219 0.14129638671875 0.07958984375
-0.0239448547363281 -0.0127067565917969 0.156570434570313 0.178359985351563
-0.07952880859375 -0.0870895385742188 0.106986999511719 0.0227737426757812
-0.0906524658203125 -0.0752029418945313 0.08111572265625 0.00785827636718749
-0.103469848632813 -0.0353546142578125 0.0172328948974609 -0.0103702545166016
-0.0973358154296875 0.0186080932617188 -0.0313835144042969 0.0180244445800781
-0.0644111633300781 0.0452995300292969 -0.0464859008789063 0.0478553771972656
-0.0298080444335938 0.0732040405273438 -0.0334014892578125 0.107917785644531
-0.000129699707031248 0.0816268920898438 0.00483703613281251 0.134666442871094
-0.00292205810546875 0.075714111328125 0.028472900390625 0.127891540527344
0.00344848632812501 0.0802154541015625 0.0222930908203125 0.119544982910156
-0.0117645263671875 0.0844268798828125 -0.00153350830078125 0.104446411132813
-0.03961181640625 0.0749969482421875 -0.00460052490234375 0.0585594177246094
-0.0672988891601563 0.065155029296875 0.0144519805908203 0.0250263214111328
-0.0997772216796875 0.0117874145507813 0.072235107421875 0.0214614868164063
-0.102073669433594 -0.037017822265625 0.140167236328125 0.0707550048828125
-0.090545654296875 -0.0461196899414063 0.146728515625 0.167266845703125
-0.129302978515625 -0.123695373535156 0.0740890502929687 -0.000961303710937508
-0.140266418457031 -0.107391357421875 0.0595779418945313 -0.00114822387695313
-0.151290893554688 -0.0569000244140625 0.0231304168701172 -0.0106391906738281
-0.150405883789063 0.015716552734375 -0.0180568695068359 0.00612068176269531
-0.109596252441406 0.0641708374023438 -0.0319156646728516 0.0260257720947266
-0.06024169921875 0.114891052246094 -0.0278701782226563 0.07891845703125
-0.0111312866210938 0.127578735351563 -0.00213623046875001 0.0970611572265625
-0.0112762451171875 0.120162963867188 0.0181808471679688 0.09088134765625
-0.00495147705078126 0.129524230957031 0.014434814453125 0.085174560546875
-0.027008056640625 0.13031005859375 -0.000442504882812502 0.0760879516601563
-0.0668106079101562 0.10821533203125 -0.00256347656250001 0.036773681640625
-0.102920532226563 0.0908889770507813 0.0166234970092773 0.0114850997924805
-0.1444091796875 0.0158233642578125 0.0748977661132812 0.00893402099609375
-0.154815673828125 -0.0504913330078125 0.119400024414062 0.0599365234375
-0.146133422851563 -0.073333740234375 0.116653442382812 0.142578125
-0.160675048828125 -0.138565063476563 0.0270767211914062 -0.0334148406982422
-0.171585083007813 -0.118606567382812 0.0250015258789062 -0.0163555145263672
-0.177734375 -0.0638275146484375 0.0225410461425781 -0.0107269287109375
-0.179443359375 0.015289306640625 -0.00206470489501954 -0.00561380386352539
-0.136154174804688 0.073089599609375 -0.0126628875732422 -0.000349998474121092
-0.0823211669921875 0.13983154296875 -0.0164680480957031 0.0368804931640625
-0.0213165283203125 0.152908325195313 -0.00745010375976562 0.0447845458984375
-0.0187530517578125 0.145401000976563 0.00463485717773437 0.0395851135253906
-0.012481689453125 0.159698486328125 0.00348281860351563 0.0377388000488281
-0.0394134521484375 0.158111572265625 -0.00148773193359375 0.0360450744628906
-0.0866928100585938 0.127906799316406 -0.000773906707763677 0.00824451446533204
-0.127388000488281 0.104522705078125 0.0173139572143555 -0.0036783218383789
-0.16845703125 0.0171661376953125 0.0669021606445312 0.000164031982421876
-0.183303833007813 -0.056793212890625 0.0811843872070312 0.0488967895507812
-0.179046630859375 -0.086761474609375 0.0694808959960937 0.109199523925781
-0.167083740234375 -0.129501342773438 -0.0283279418945313 -0.071502685546875
-0.176116943359375 -0.106536865234375 -0.0180225372314453 -0.0348682403564453
-0.174118041992188 -0.0546417236328125 0.01422119140625 -0.012822151184082
-0.176223754882813 0.0159912109375 0.0117053985595703 -0.0201854705810547
-0.137397766113281 0.07257080078125 0.0065937042236328 -0.0290641784667969
-0.0877227783203125 0.141937255859375 -0.00433158874511719 -0.0121660232543945
-0.0265960693359375 0.15533447265625 -0.0120248794555664 -0.0145845413208008
-0.02325439453125 0.149551391601563 -0.00876235961914063 -0.0164918899536133
-0.0201568603515625 0.165740966796875 -0.00955581665039063 -0.0156612396240234
-0.049224853515625 0.1611328125 -0.00307941436767578 -0.010401725769043
-0.0966339111328125 0.1256103515625 0.000413894653320305 -0.0224685668945312
-0.134330749511719 0.09893798828125 0.0169162750244141 -0.0173730850219726
-0.168899536132813 0.00981140136718749 0.0515251159667969 -0.00510025024414062
-0.183242797851562 -0.060821533203125 0.0326271057128906 0.0397529602050781
-0.183181762695313 -0.089935302734375 0.0141677856445312 0.0700340270996094
-0.14776611328125 -0.0997772216796875 -0.08331298828125 -0.106231689453125
-0.149749755859375 -0.079254150390625 -0.0600967407226563 -0.0542831420898438
-0.139900207519531 -0.0359344482421875 -0.00121307373046876 -0.0166120529174805
-0.140083312988281 0.0143280029296875 0.0171394348144531 -0.0349979400634766
-0.11273193359375 0.0592880249023437 0.0203971862792969 -0.055145263671875
-0.07818603515625 0.121109008789062 0.0046539306640625 -0.0599098205566406
-0.027618408203125 0.133499145507813 -0.0165557861328125 -0.0706863403320312
-0.0236053466796875 0.130950927734375 -0.021209716796875 -0.0701408386230469
-0.0252685546875 0.14739990234375 -0.0183792114257812 -0.0661811828613281
-0.05462646484375 0.138015747070313 -0.00154495239257813 -0.0564689636230469
-0.0941390991210938 0.100006103515625 0.00553512573242187 -0.0496559143066406
-0.123390197753906 0.0730438232421875 0.0172557830810547 -0.0292568206787109
-0.14276123046875 -0.00538635253906253 0.0331649780273437 -0.00804710388183594
-0.1534423828125 -0.0600128173828125 -0.01556396484375 0.0267601013183594
-0.159225463867188 -0.0809478759765625 -0.0385169982910156 0.0291519165039063
-0.10302734375 -0.0560379028320312 -0.127738952636719 -0.131744384765625
-0.0959243774414062 -0.0430450439453125 -0.0942306518554687 -0.0672225952148438
-0.08197021484375 -0.018798828125 -0.0204257965087891 -0.0198688507080078
-0.0837631225585938 0.00456237792968752 0.0158004760742187 -0.0441741943359375
-0.07427978515625 0.0334320068359375 0.0249404907226562 -0.0721817016601563
-0.0579910278320312 0.0819854736328125 0.00749206542968749 -0.0965576171875
-0.025604248046875 0.09222412109375 -0.0207901000976563 -0.115303039550781
-0.0200881958007813 0.0931243896484375 -0.0299530029296875 -0.11322021484375
-0.0268630981445312 0.1068115234375 -0.02166748046875 -0.108146667480469
-0.0504150390625 0.0931930541992188 0.00582885742187501 -0.0926895141601563
-0.0764694213867188 0.0592193603515625 0.015289306640625 -0.0687332153320312
-0.0906295776367188 0.0360488891601562 0.0213546752929687 -0.0359764099121094
-0.0932998657226562 -0.0167236328125 0.0150737762451172 -0.010223388671875
-0.099761962890625 -0.0485076904296875 -0.05450439453125 0.0111579895019531
-0.111549377441406 -0.0570068359375 -0.0803604125976563 -0.00888061523437501
-0.0413017272949219 -0.00799942016601562 -0.157852172851563 -0.14471435546875
-0.0254077911376953 -0.0103874206542969 -0.11773681640625 -0.0727920532226563
-0.0152006149291992 -0.0095224380493164 -0.0389633178710938 -0.0178909301757812
-0.0226535797119141 -0.0120334625244141 0.00906753540039063 -0.045745849609375
-0.031219482421875 0.000267028808593755 0.023834228515625 -0.0765380859375
-0.0348052978515625 0.0305118560791016 0.0062255859375 -0.11712646484375
-0.0208320617675781 0.0373497009277344 -0.0259857177734375 -0.14263916015625
-0.0140724182128906 0.0407562255859375 -0.0354461669921875 -0.139472961425781
-0.0216255187988281 0.0500869750976563 -0.0187911987304688 -0.133636474609375
-0.0336341857910156 0.0360183715820313 0.01812744140625 -0.114242553710937
-0.0401229858398438 0.0136032104492188 0.0274734497070312 -0.0751190185546875
-0.0382843017578125 0.00298309326171876 0.0255088806152344 -0.035888671875
-0.0297431945800781 -0.0130844116210938 -0.000561714172363284 -0.0105466842651367
-0.0361480712890625 -0.0192222595214844 -0.0797882080078125 -0.0047149658203125
-0.0519905090332031 -0.0179634094238281 -0.105216979980469 -0.0383758544921875
-0.0192642211914063 -0.04168701171875 0.132049560546875 0.0304412841796875
-0.0309181213378906 -0.0386886596679687 0.0967864990234375 0.0072784423828125
-0.046783447265625 -0.0120697021484375 0.00791740417480468 -0.00989913940429688
-0.0351829528808594 0.0177383422851563 -0.0402450561523437 0.0312652587890625
-0.0141067504882813 0.0209636688232422 -0.0501480102539063 0.0690193176269531
0.00294685363769531 0.021148681640625 -0.0310440063476563 0.128311157226563
0.011138916015625 0.0243453979492187 0.01470947265625 0.159332275390625
0.00630378723144531 0.0220069885253906 0.037506103515625 0.153945922851563
0.0138645172119141 0.0218162536621094 0.0269012451171875 0.146591186523437
0.00921630859375 0.0315895080566406 -0.00605010986328126 0.126419067382812
-0.0039520263671875 0.0386123657226563 -0.00992584228515626 0.07720947265625
-0.0236625671386719 0.0399131774902344 0.0102195739746094 0.0387496948242188
-0.0488204956054688 0.0106048583984375 0.0627937316894531 0.0380096435546875
-0.0416030883789063 -0.0151329040527344 0.150100708007813 0.083282470703125
-0.0243549346923828 -0.0126380920410156 0.165771484375 0.189971923828125
-0.0841445922851562 -0.0902786254882813 0.11676025390625 0.0261077880859375
-0.0948944091796875 -0.0804367065429688 0.088226318359375 0.00852203369140625
-0.109405517578125 -0.039337158203125 0.0191631317138672 -0.0108127593994141
-0.102729797363281 0.0186309814453125 -0.0323734283447266 0.0201206207275391
-0.0691108703613281 0.0475845336914062 -0.0480003356933594 0.0518798828125
-0.0316543579101563 0.07708740234375 -0.0337753295898437 0.116218566894531
0.000175476074218753 0.0854873657226563 0.00708007812500001 0.143478393554688
-0.00286102294921875 0.0806503295898437 0.0317153930664063 0.13531494140625
0.00420379638671874 0.0849609375 0.02447509765625 0.127662658691406
-0.0118026733398438 0.090118408203125 -0.000999450683593752 0.112129211425781
-0.0417633056640625 0.0793991088867188 -0.00431060791015625 0.0636558532714844
-0.0713958740234375 0.0701980590820312 0.0152511596679687 0.0277900695800781
-0.1064453125 0.012054443359375 0.0746917724609375 0.023193359375
-0.10955810546875 -0.0386428833007813 0.149124145507813 0.073974609375
-0.09619140625 -0.0487747192382813 0.156173706054688 0.178863525390625
-0.137260437011719 -0.130531311035156 0.080963134765625 0.00152587890624999
-0.149642944335938 -0.115097045898438 0.0648078918457031 9.5367431640618E-05
-0.160934448242188 -0.0629425048828125 0.0258750915527344 -0.0105075836181641
-0.160324096679688 0.0157928466796875 -0.0178642272949219 0.00879287719726563
-0.1171875 0.067474365234375 -0.0327186584472656 0.0284633636474609
-0.0651397705078125 0.122337341308594 -0.0274810791015625 0.08447265625
-0.0119400024414063 0.134613037109375 -0.000114440917968754 0.103721618652344
-0.011322021484375 0.12744140625 0.020111083984375 0.0962066650390625
-0.00341796874999999 0.137809753417969 0.01605224609375 0.0916748046875
-0.0275497436523438 0.138648986816406 0.000244140624999991 0.0816574096679688
-0.0710678100585938 0.116737365722656 -0.00243759155273438 0.0398292541503906
-0.11016845703125 0.0980758666992187 0.0187225341796875 0.0137443542480469
-0.1531982421875 0.01702880859375 0.0777664184570313 0.009918212890625
-0.16607666015625 -0.0531768798828125 0.125862121582031 0.063385009765625
-0.155380249023438 -0.0770111083984375 0.123489379882812 0.152236938476563
-0.170791625976562 -0.1468505859375 0.0311279296875 -0.0331172943115234
-0.183792114257813 -0.126312255859375 0.0272274017333984 -0.0155582427978516
-0.1895751953125 -0.0692291259765625 0.02484130859375 -0.0102500915527344
-0.191635131835938 0.0167388916015625 -0.00065898895263673 -0.00463581085205078
-0.145355224609375 0.0789642333984375 -0.0119094848632813 0.000316619873046878
-0.08734130859375 0.14874267578125 -0.0158119201660156 0.0397605895996094
-0.02252197265625 0.1624755859375 -0.00600051879882813 0.048583984375
-0.0188140869140625 0.155746459960938 0.00612258911132813 0.0428619384765625
-0.011444091796875 0.170455932617188 0.00373458862304687 0.0407142639160156
-0.040557861328125 0.169387817382813 -0.000404357910156251 0.0384559631347656
-0.0926437377929688 0.137611389160156 6.10351562499942E-05 0.0100164413452149
-0.135612487792969 0.112602233886719 0.0188827514648437 -0.00229263305664062
-0.180816650390625 0.0177154541015625 0.0694046020507812 -0.000415802001953124
-0.197601318359375 -0.060333251953125 0.0858612060546875 0.05206298828125
-0.190628051757813 -0.0923614501953125 0.0734786987304688 0.117561340332031
-0.1798095703125 -0.137863159179688 -0.0281753540039063 -0.0729293823242188
-0.19000244140625 -0.113800048828125 -0.0181503295898438 -0.035400390625
-0.187210083007813 -0.0596466064453125 0.0155448913574219 -0.0119857788085938
-0.1884765625 0.018157958984375 0.0130519866943359 -0.0196609497070313
-0.14697265625 0.0785369873046875 0.00986289978027343 -0.0306472778320313
-0.0930023193359375 0.151702880859375 -0.00267791748046876 -0.0137596130371094
-0.028564453125 0.165740966796875 -0.01092529296875 -0.0146331787109375
-0.0232391357421875 0.160110473632813 -0.00922107696533203 -0.0168704986572266
-0.018585205078125 0.177520751953125 -0.00967216491699219 -0.0149774551391601
-0.05035400390625 0.172775268554688 -0.00212669372558594 -0.0114879608154297
-0.103530883789063 0.135673522949219 0.00150871276855468 -0.022979736328125
-0.143386840820313 0.106842041015625 0.0185451507568359 -0.0173702239990234
-0.181808471679688 0.00936889648437502 0.0531539916992187 -0.00531005859375
-0.197982788085938 -0.064910888671875 0.0343132019042969 0.0423736572265625
-0.196243286132813 -0.09600830078125 0.0141983032226562 0.0761642456054688
-0.158706665039063 -0.106857299804687 -0.0866012573242188 -0.110870361328125
-0.162567138671875 -0.08380126953125 -0.0639305114746094 -0.0549087524414063
-0.15032958984375 -0.0406036376953125 -0.00108051300048829 -0.0161018371582031
-0.151199340820313 0.0162811279296875 0.01959228515625 -0.0355300903320313
-0.121871948242188 0.0648040771484375 0.0236053466796875 -0.0585365295410156
-0.0823745727539062 0.130821228027344 0.00632858276367187 -0.0638427734375
-0.0294189453125 0.143142700195313 -0.0167236328125 -0.0745773315429688
-0.0232772827148438 0.140533447265625 -0.0228652954101563 -0.0727615356445312
-0.024444580078125 0.157379150390625 -0.01953125 -0.0687103271484375
-0.05645751953125 0.148223876953125 -0.00142288208007813 -0.059478759765625
-0.100959777832031 0.108650207519531 0.00637054443359375 -0.0526809692382812
-0.1314697265625 0.0796737670898438 0.0193901062011719 -0.0301609039306641
-0.153945922851563 -0.00608825683593748 0.0331916809082031 -0.00918960571289063
-0.166152954101563 -0.0647735595703125 -0.0171985626220703 0.0297718048095703
-0.170318603515625 -0.0858154296875 -0.0425453186035156 0.0321197509765625
-0.111846923828125 -0.0609054565429687 -0.134475708007812 -0.138885498046875
-0.104843139648438 -0.0467300415039062 -0.101173400878906 -0.0696792602539063
-0.0887832641601563 -0.0216522216796875 -0.0208835601806641 -0.0196514129638672
-0.0915603637695313 0.00557708740234374 0.0173530578613281 -0.0464401245117188
-0.0802230834960937 0.0370635986328125 0.0279388427734375 -0.0770645141601563
-0.0616378784179687 0.089447021484375 0.00922393798828125 -0.10296630859375
-0.026123046875 0.0991744995117188 -0.0226058959960938 -0.122627258300781
-0.0200424194335937 0.0999755859375 -0.0329666137695313 -0.118881225585937
-0.0263595581054687 0.114799499511719 -0.0233535766601563 -0.113922119140625
-0.0524826049804688 0.100860595703125 0.00617980957031249 -0.0990447998046875
-0.0813446044921875 0.0644302368164062 0.0169219970703125 -0.0728607177734375
-0.0966567993164063 0.0403900146484375 0.0230484008789062 -0.0374259948730469
-0.100791931152344 -0.0180511474609375 0.0146026611328125 -0.0105695724487305
-0.10931396484375 -0.0523910522460937 -0.0590972900390625 0.0132980346679688
-0.12054443359375 -0.0609588623046875 -0.0871810913085938 -0.00920867919921877
-0.0458106994628906 -0.00950241088867187 -0.166275024414063 -0.153091430664062
-0.0294780731201172 -0.0131435394287109 -0.126350402832031 -0.0764007568359375
-0.0178432464599609 -0.0111026763916016 -0.0408592224121094 -0.0182723999023438
-0.0261440277099609 -0.0120429992675781 0.00935745239257812 -0.0483665466308594
-0.0344161987304688 0.00165557861328124 0.0258026123046875 -0.0819549560546875
-0.0364952087402344 0.0342788696289063 0.0068817138671875 -0.125770568847656
-0.0214195251464844 0.0408210754394531 -0.0277252197265625 -0.151397705078125
-0.0137748718261719 0.0444908142089844 -0.0384521484375 -0.146942138671875
-0.0219039916992188 0.0544586181640625 -0.0211334228515625 -0.141342163085938
-0.0345344543457031 0.0407066345214844 0.0177154541015625 -0.122161865234375
-0.0429954528808594 0.0157699584960937 0.0295791625976563 -0.0807342529296875
-0.040740966796875 0.00545120239257813 0.0272560119628906 -0.0382423400878906
-0.0330982208251953 -0.0142879486083984 -0.0019378662109375 -0.0111074447631836
-0.0408782958984375 -0.0206680297851563 -0.08648681640625 -0.00432586669921875
-0.0572052001953125 -0.01995849609375 -0.113929748535156 -0.0409011840820313
-0.0194587707519531 -0.0431594848632813 0.146438598632813 0.028961181640625
-0.0331573486328125 -0.0405540466308594 0.105789184570312 0.0049896240234375
-0.0498580932617188 -0.0122032165527344 0.00958728790283203 -0.0117416381835938
-0.0371437072753906 0.0190887451171875 -0.04046630859375 0.0342559814453125
-0.0151844024658203 0.0217361450195313 -0.0507125854492188 0.0757904052734375
0.00252342224121094 0.0203571319580078 -0.0274200439453125 0.139579772949219
0.0120658874511719 0.0243339538574219 0.0223846435546875 0.170379638671875
0.00704574584960938 0.0233249664306641 0.0470428466796875 0.162368774414063
0.0143775939941406 0.0215263366699219 0.0341644287109375 0.156158447265625
0.0104923248291016 0.0324554443359375 -0.000869750976562496 0.137374877929687
-0.00183486938476562 0.0416450500488281 -0.00817108154296875 0.085174560546875
-0.0226707458496094 0.042572021484375 0.0114822387695312 0.0423393249511719
-0.0514030456542969 0.013427734375 0.0673789978027344 0.0381240844726563
-0.0449485778808594 -0.0139694213867188 0.163665771484375 0.082672119140625
-0.0252761840820313 -0.0116767883300781 0.184661865234375 0.19744873046875
-0.09283447265625 -0.093170166015625 0.129264831542969 0.02630615234375
-0.105064392089844 -0.0820846557617188 0.0970001220703125 0.00655364990234375
-0.118209838867188 -0.038909912109375 0.021697998046875 -0.0132312774658203
-0.108322143554688 0.0224533081054688 -0.0327377319335938 0.0232162475585937
-0.0742416381835938 0.0516738891601562 -0.0478363037109375 0.0571975708007813
-0.0332107543945313 0.0826644897460938 -0.030303955078125 0.125205993652344
0.00323486328125001 0.0915451049804688 0.01531982421875 0.153305053710938
-0.000442504882812497 0.0872421264648438 0.0398712158203125 0.144989013671875
0.00782012939453125 0.0901870727539063 0.0323257446289062 0.136360168457031
-0.00870513916015625 0.0975265502929688 0.00366210937499999 0.121185302734375
-0.0414962768554687 0.0872955322265625 -0.00243377685546875 0.069976806640625
-0.0736846923828125 0.076568603515625 0.0166130065917969 0.0311470031738281
-0.11474609375 0.0159759521484375 0.07977294921875 0.022216796875
-0.120765686035156 -0.0370559692382813 0.161819458007813 0.0723876953125
-0.10467529296875 -0.048309326171875 0.17333984375 0.186614990234375
-0.151107788085938 -0.135528564453125 0.0895004272460937 0.000930786132812492
-0.163238525390625 -0.117324829101562 0.0709915161132812 -0.000633239746093757
-0.175933837890625 -0.0641021728515625 0.0284175872802734 -0.0120410919189453
-0.172134399414062 0.024261474609375 -0.0172815322875977 0.00992965698242188
-0.123428344726563 0.0762100219726562 -0.0334053039550781 0.0311374664306641
-0.0660400390625 0.132095336914063 -0.0237655639648438 0.09112548828125
-0.0085601806640625 0.14459228515625 0.0061187744140625 0.112693786621094
-0.00730895996093751 0.137535095214844 0.0259475708007813 0.102851867675781
0.00212097167968749 0.147994995117188 0.0212554931640625 0.0975341796875
-0.0231475830078125 0.150924682617188 0.00344085693359375 0.0889358520507813
-0.0721588134765625 0.12982177734375 -0.000129699707031259 0.0445327758789063
-0.115020751953125 0.110015869140625 0.02099609375 0.0155315399169922
-0.164810180664063 0.0221099853515625 0.0828781127929687 0.00783538818359375
-0.180862426757813 -0.0509185791015625 0.137245178222656 0.06182861328125
-0.169479370117188 -0.0768280029296875 0.13641357421875 0.161285400390625
-0.188766479492188 -0.15032958984375 0.0359878540039062 -0.033905029296875
-0.202774047851563 -0.128082275390625 0.0305328369140625 -0.0153541564941406
-0.207550048828125 -0.0705261230468751 0.0274085998535156 -0.0107440948486328
-0.206436157226563 0.024169921875 0.00117588043212889 -0.00316023826599121
-0.1546630859375 0.0894775390625 -0.0110311508178711 0.000873565673828128
-0.0889129638671875 0.162628173828125 -0.0120849609375 0.0431175231933594
-0.0188446044921875 0.175262451171875 -0.00253677368164062 0.0521736145019531
-0.0130767822265625 0.167892456054688 0.008941650390625 0.0461692810058594
-0.00430297851562501 0.1837158203125 0.006317138671875 0.045654296875
-0.0358123779296875 0.184722900390625 0.00176239013671875 0.042083740234375
-0.095062255859375 0.153182983398437 0.00170516967773437 0.0119771957397461
-0.1416015625 0.127914428710937 0.0209407806396484 -0.00196647644042968
-0.195266723632813 0.025421142578125 0.0722198486328125 -0.0024871826171875
-0.217056274414063 -0.0584869384765625 0.0934982299804687 0.0530471801757812
-0.208740234375 -0.092498779296875 0.0823822021484375 0.124832153320313
-0.198883056640625 -0.14276123046875 -0.0303955078125 -0.0754776000976563
-0.210586547851563 -0.116439819335937 -0.0211505889892578 -0.0337619781494141
-0.205535888671875 -0.059600830078125 0.0172252655029297 -0.0113744735717773
-0.203933715820313 0.0274505615234375 0.0144691467285156 -0.0202102661132812
-0.15673828125 0.0905303955078125 0.0112781524658203 -0.0335559844970703
-0.0943450927734375 0.16680908203125 -0.000336647033691413 -0.0145549774169922
-0.0247802734375 0.178695678710937 -0.0108556747436523 -0.0142612457275391
-0.0174560546875 0.173309326171875 -0.0105352401733398 -0.0158672332763672
-0.0121612548828125 0.191650390625 -0.0108098983764648 -0.0144100189208984
-0.0459442138671875 0.189315795898438 -0.00304222106933594 -0.0118284225463867
-0.106918334960938 0.1512451171875 0.00238990783691405 -0.0234546661376953
-0.150299072265625 0.122543334960938 0.0198936462402344 -0.0172061920166016
-0.197219848632812 0.0163116455078125 0.0545463562011719 -0.008026123046875
-0.218017578125 -0.0634307861328125 0.0376472473144531 0.0450286865234375
-0.214920043945313 -0.095916748046875 0.016387939453125 0.0826187133789063
-0.175918579101563 -0.10992431640625 -0.0949783325195313 -0.113975524902344
-0.180099487304688 -0.0856170654296875 -0.0710372924804688 -0.0528335571289063
-0.165969848632813 -0.03961181640625 0.000209808349609363 -0.0165367126464844
-0.164459228515625 0.0235748291015625 0.0207710266113281 -0.0367088317871094
-0.130104064941406 0.0752639770507813 0.0245475769042969 -0.0640640258789063
-0.083343505859375 0.144699096679688 0.00611114501953124 -0.069610595703125
-0.0255889892578125 0.156158447265625 -0.0196533203125 -0.0782470703125
-0.0186309814453125 0.152679443359375 -0.0263137817382813 -0.0763473510742188
-0.017303466796875 0.170913696289063 -0.023834228515625 -0.0720977783203125
-0.053070068359375 0.16357421875 -0.004119873046875 -0.0643997192382812
-0.1048583984375 0.12176513671875 0.00595855712890624 -0.0562171936035156
-0.138832092285156 0.0913314819335937 0.0206127166748047 -0.0325222015380859
-0.168197631835938 -0.0018310546875 0.0337142944335937 -0.0109844207763672
-0.18389892578125 -0.0634002685546875 -0.0181446075439453 0.0343036651611328
-0.187759399414063 -0.08624267578125 -0.0453643798828125 0.0377273559570312
-0.1241455078125 -0.0629806518554687 -0.147720336914062 -0.142822265625
-0.116706848144531 -0.0467453002929687 -0.112060546875 -0.068695068359375
-0.099395751953125 -0.0216827392578125 -0.0224857330322266 -0.0187664031982422
-0.101325988769531 0.0108489990234375 0.0168228149414062 -0.0500144958496094
-0.0863265991210938 0.044158935546875 0.0288543701171875 -0.0848922729492187
-0.0611343383789062 0.100723266601563 0.0069732666015625 -0.111007690429688
-0.0234375 0.108322143554688 -0.0286407470703125 -0.130516052246094
-0.0166015625 0.108291625976563 -0.0391006469726563 -0.1256103515625
-0.021575927734375 0.124992370605469 -0.02880859375 -0.120506286621094
-0.0507659912109375 0.111885070800781 0.00226593017578124 -0.107246398925781
-0.0854263305664063 0.07489013671875 0.0161514282226562 -0.0797576904296875
-0.102882385253906 0.048828125 0.0242691040039062 -0.0404853820800781
-0.110832214355469 -0.0156097412109375 0.012908935546875 -0.0121583938598633
-0.1219482421875 -0.0528564453125 -0.063079833984375 0.0178031921386719
-0.133766174316406 -0.061431884765625 -0.0949020385742188 -0.00494384765625002
-0.0510787963867187 -0.0108489990234375 -0.183273315429687 -0.158309936523438
-0.0342540740966797 -0.0139579772949219 -0.138847351074219 -0.07598876953125
-0.0207977294921875 -0.0119285583496094 -0.0438613891601563 -0.0162467956542969
-0.0314559936523438 -0.0124130249023437 0.0092010498046875 -0.0518455505371094
-0.0371894836425781 0.0044097900390625 0.025543212890625 -0.0904083251953125
-0.0365638732910156 0.0402297973632813 0.00246429443359375 -0.136680603027344
-0.0204277038574219 0.046051025390625 -0.0369873046875 -0.160720825195312
-0.0124588012695313 0.0494041442871094 -0.047332763671875 -0.154739379882812
-0.0197257995605469 0.0610237121582031 -0.028594970703125 -0.149063110351563
-0.0344314575195313 0.0468330383300781 0.013916015625 -0.132736206054688
-0.0450706481933594 0.0203170776367188 0.0281524658203125 -0.0883560180664063
-0.0444908142089844 0.0083465576171875 0.0282020568847656 -0.0420417785644531
-0.0378227233886719 -0.0135459899902344 -0.00384521484375 -0.012176513671875
-0.0472068786621094 -0.0207633972167969 -0.09478759765625 0.000198364257812515
-0.0630073547363281 -0.0199623107910156 -0.1263427734375 -0.0398406982421875
-0.0207099914550781 -0.0431976318359375 0.15716552734375 0.020599365234375
-0.0345420837402344 -0.0401763916015625 0.113265991210938 -0.002197265625
-0.0513877868652344 -0.0092315673828125 0.00841045379638672 -0.0134143829345703
-0.0386924743652344 0.0214576721191406 -0.0398139953613281 0.0395660400390625
-0.0149078369140625 0.0234527587890625 -0.0487289428710938 0.08380126953125
0.00390434265136719 0.0188560485839844 -0.01800537109375 0.148361206054688
0.0127964019775391 0.0236301422119141 0.0373992919921875 0.17767333984375
0.00819587707519531 0.0231609344482422 0.0613555908203125 0.168197631835938
0.0162010192871094 0.0194015502929687 0.0472412109375 0.163436889648438
0.0139675140380859 0.0326004028320313 0.00820922851562499 0.14544677734375
-0.000968933105468746 0.0425491333007813 -0.003509521484375 0.091461181640625
-0.0212516784667969 0.0450363159179688 0.014251708984375 0.0443954467773438
-0.0523872375488281 0.017822265625 0.0719528198242188 0.03546142578125
-0.0479049682617188 -0.0100746154785156 0.17529296875 0.0740814208984375
-0.0270099639892578 -0.00993537902832031 0.205230712890625 0.194229125976562
-0.102005004882813 -0.0915374755859375 0.13958740234375 0.017669677734375
-0.113357543945313 -0.0794296264648438 0.1048583984375 0.0018463134765625
-0.124710083007813 -0.0358505249023438 0.0224723815917969 -0.0146427154541016
-0.11163330078125 0.0284423828125 -0.0297775268554688 0.0270233154296875
-0.0750732421875 0.0579147338867188 -0.0444564819335938 0.0629653930664063
-0.0294113159179688 0.087005615234375 -0.0221023559570313 0.133766174316406
0.00646209716796876 0.093475341796875 0.02783203125 0.161041259765625
0.00504302978515626 0.0913619995117188 0.0521392822265625 0.14703369140625
0.015960693359375 0.0922927856445313 0.0435333251953125 0.14312744140625
-0.00202941894531249 0.102066040039063 0.01214599609375 0.128814697265625
-0.0362091064453125 0.0945816040039063 0.00379180908203125 0.0758590698242188
-0.0710372924804687 0.0883102416992188 0.0208988189697266 0.0314655303955078
-0.118858337402344 0.0253219604492187 0.0851211547851563 0.016815185546875
-0.130058288574219 -0.0302047729492188 0.173812866210938 0.0641326904296875
-0.112190246582031 -0.0428924560546875 0.194534301757813 0.186691284179688
-0.165725708007813 -0.132980346679687 0.0970230102539062 -0.00395202636718751
-0.179458618164063 -0.11126708984375 0.0764083862304687 -0.00215911865234376
-0.190399169921875 -0.0591278076171875 0.0284538269042969 -0.0152587890625
-0.180892944335938 0.03387451171875 -0.0160036087036133 0.0138750076293945
-0.125747680664062 0.0862808227539063 -0.0298042297363281 0.0346546173095703
-0.063079833984375 0.142822265625 -0.0171127319335938 0.0978546142578125
6.10351562500111E-05 0.15301513671875 0.0152511596679687 0.117462158203125
0.00297546386718751 0.146224975585938 0.0361175537109375 0.106559753417969
0.0142974853515625 0.15203857421875 0.032745361328125 0.1029052734375
-0.0130615234375 0.160232543945312 0.0115814208984375 0.094451904296875
-0.066314697265625 0.140869140625 0.00380706787109374 0.0481986999511719
-0.115280151367188 0.125473022460938 0.0245952606201172 0.0147266387939453
-0.174087524414063 0.0337982177734375 0.0869216918945312 0.00379180908203125
-0.196533203125 -0.0414886474609375 0.1473388671875 0.056243896484375
-0.18316650390625 -0.068603515625 0.15484619140625 0.162445068359375
-0.207687377929688 -0.148651123046875 0.0396041870117187 -0.0365142822265625
-0.22119140625 -0.121383666992187 0.0311164855957031 -0.0154800415039063
-0.224029541015625 -0.062713623046875 0.0311698913574219 -0.01177978515625
-0.216537475585938 0.0396728515625 0.00298261642456053 -0.000656843185424802
-0.15936279296875 0.105224609375 -0.00886154174804689 0.00137042999267579
-0.0822601318359375 0.1787109375 -0.00821304321289064 0.044403076171875
-0.0090484619140625 0.185043334960938 0.0034942626953125 0.0554466247558594
-0.00285339355468752 0.179656982421875 0.0137443542480469 0.0494461059570313
0.00971984863281248 0.193115234375 0.00976181030273438 0.0483856201171875
-0.0240020751953125 0.197540283203125 0.00526428222656249 0.0446319580078125
-0.0900115966796875 0.168411254882813 0.00284576416015624 0.0131769180297852
-0.140716552734375 0.145401000976563 0.0230579376220703 -0.0027484893798828
-0.205795288085938 0.037872314453125 0.0725631713867188 -0.00687408447265625
-0.233917236328125 -0.0475311279296875 0.101097106933594 0.0498123168945312
-0.2249755859375 -0.08349609375 0.0967559814453125 0.129364013671875
-0.217300415039063 -0.13916015625 -0.0336990356445313 -0.07403564453125
-0.2308349609375 -0.107681274414062 -0.0221328735351563 -0.0316619873046875
-0.221420288085938 -0.0524139404296875 0.021402359008789 -0.0140247344970703
-0.216064453125 0.04156494140625 0.0163593292236328 -0.0207729339599609
-0.159164428710937 0.107559204101563 0.0119247436523437 -0.0346412658691406
-0.0874786376953125 0.184188842773437 0.000732421874999996 -0.0176715850830078
-0.0139617919921875 0.191940307617188 -0.0093231201171875 -0.0141801834106445
-0.00547790527343751 0.182159423828125 -0.0107278823852539 -0.0151615142822266
0.00230407714843752 0.203704833984375 -0.0118274688720703 -0.0126867294311523
-0.0353546142578125 0.203659057617188 -0.00164794921875 -0.012603759765625
-0.10296630859375 0.1688232421875 0.000780105590820308 -0.024749755859375
-0.149734497070312 0.140304565429688 0.0222454071044922 -0.0199203491210937
-0.209213256835938 0.0281829833984375 0.054840087890625 -0.0123443603515625
-0.237274169921875 -0.0522613525390625 0.0423469543457031 0.0450592041015625
-0.23388671875 -0.0845489501953125 0.0238037109375 0.0866622924804687
-0.1934814453125 -0.105560302734375 -0.102210998535156 -0.112373352050781
-0.198287963867187 -0.0750732421875 -0.0768356323242188 -0.048187255859375
-0.181991577148438 -0.031005859375 0.000229835510253895 -0.0175037384033203
-0.172409057617188 0.0377197265625 0.0208282470703125 -0.0399093627929687
-0.133811950683594 0.0905303955078125 0.0221786499023437 -0.0698127746582031
-0.07720947265625 0.160003662109375 0.0041656494140625 -0.0749664306640625
-0.0157928466796875 0.168060302734375 -0.0247421264648438 -0.0830078125
-0.00830078125 0.162078857421875 -0.0302658081054688 -0.0780487060546875
-0.00334167480468749 0.182418823242188 -0.0286865234375 -0.0736236572265625
-0.0432281494140625 0.177261352539063 -0.00857162475585938 -0.0677413940429687
-0.104324340820313 0.138290405273438 0.00232696533203125 -0.0607261657714844
-0.140350341796875 0.106033325195313 0.0201072692871094 -0.0356407165527344
-0.177810668945313 0.00711059570312504 0.0320472717285156 -0.0139198303222656
-0.203094482421875 -0.05364990234375 -0.017364501953125 0.0371246337890625
-0.203475952148437 -0.078521728515625 -0.0466651916503906 0.0436210632324219
-0.137351989746094 -0.0587005615234375 -0.162307739257813 -0.138137817382812
-0.128501892089844 -0.0405349731445313 -0.122627258300781 -0.0624771118164062
-0.109184265136719 -0.0158309936523438 -0.0220947265625 -0.0185985565185547
-0.108894348144531 0.0181808471679687 0.0151405334472656 -0.0529861450195312
-0.089569091796875 0.0540847778320312 0.02532958984375 -0.0907669067382812
-0.05743408203125 0.110137939453125 -0.000221252441406256 -0.1195068359375
-0.01751708984375 0.11810302734375 -0.038604736328125 -0.135299682617187
-0.00958251953125001 0.118515014648437 -0.0475234985351563 -0.12744140625
-0.0106658935546875 0.136390686035156 -0.03826904296875 -0.123992919921875
-0.0446090698242188 0.123405456542969 -0.00549316406249999 -0.110481262207031
-0.0861053466796875 0.0848007202148437 0.0104904174804688 -0.0831985473632813
-0.104537963867188 0.0605926513671875 0.022369384765625 -0.0436172485351563
-0.120635986328125 -0.00929260253906248 0.012700080871582 -0.0116109848022461
-0.13482666015625 -0.0458602905273438 -0.0663909912109375 0.0251274108886719
-0.145675659179688 -0.0561676025390625 -0.102249145507813 0.00107574462890624
-0.056243896484375 -0.0089263916015625 -0.200607299804688 -0.156051635742188
-0.0414314270019531 -0.0129737854003906 -0.15179443359375 -0.0689849853515625
-0.0262966156005859 -0.0119876861572266 -0.0453414916992188 -0.0143470764160156
-0.0359649658203125 -0.00856781005859375 0.00658035278320312 -0.0537147521972656
-0.0414161682128906 0.0102882385253906 0.0205307006835938 -0.0997314453125
-0.034210205078125 0.0461654663085938 -0.00735473632812501 -0.14385986328125
-0.0177764892578125 0.0502738952636719 -0.0496978759765625 -0.165908813476563
-0.0096435546875 0.0523681640625 -0.061065673828125 -0.159515380859375
-0.0135536193847656 0.0675697326660156 -0.040771484375 -0.154617309570313
-0.0322418212890625 0.0516624450683594 0.00541687011718749 -0.139434814453125
-0.0454368591308594 0.0258255004882813 0.025726318359375 -0.093475341796875
-0.04522705078125 0.0138664245605469 0.027069091796875 -0.0469474792480469
-0.0414848327636719 -0.0122947692871094 -0.0069732666015625 -0.0114154815673828
-0.0537757873535156 -0.0181999206542969 -0.099822998046875 0.00855255126953123
-0.0704421997070313 -0.0157546997070313 -0.137130737304688 -0.0332412719726562
-0.0216903686523438 -0.0423240661621094 0.165390014648438 0.010955810546875
-0.0373687744140625 -0.0406570434570312 0.118537902832031 -0.0109786987304688
-0.0538673400878906 -0.0104026794433594 0.00996017456054687 -0.0142936706542969
-0.0351486206054688 0.02197265625 -0.0357017517089844 0.04339599609375
-0.0148944854736328 0.0227413177490234 -0.0426483154296875 0.0884017944335938
0.00263023376464844 0.0200042724609375 -0.00743103027343751 0.15350341796875
0.0136547088623047 0.0225048065185547 0.0501251220703125 0.177902221679688
0.00923728942871094 0.0225753784179688 0.0726776123046875 0.165878295898438
0.0168733596801758 0.0173349380493164 0.0592498779296875 0.162979125976562
0.0167312622070313 0.0299797058105469 0.01806640625 0.14892578125
0.00421905517578125 0.0433273315429688 0.00374603271484374 0.0940322875976563
-0.0172920227050781 0.0471534729003906 0.0171089172363281 0.0448150634765625
-0.0507011413574219 0.0218658447265625 0.0753021240234375 0.0324172973632813
-0.04766845703125 -0.00572586059570312 0.1842041015625 0.062408447265625
-0.0258808135986328 -0.00821113586425782 0.22113037109375 0.185317993164063
-0.107673645019531 -0.0878448486328125 0.148361206054688 0.0108489990234375
-0.119537353515625 -0.0743331909179688 0.108657836914062 -0.004058837890625
-0.131965637207031 -0.0305404663085938 0.0236778259277344 -0.0151710510253906
-0.113105773925781 0.035736083984375 -0.0284023284912109 0.0292205810546875
-0.0736160278320313 0.0646438598632813 -0.0420799255371094 0.0683517456054688
-0.0262908935546875 0.0915985107421875 -0.0103836059570312 0.137374877929688
0.0133819580078125 0.0958480834960938 0.0402374267578125 0.161056518554688
0.011383056640625 0.090667724609375 0.064666748046875 0.147552490234375
0.0203857421875 0.0927505493164063 0.0540008544921875 0.142684936523438
0.00525665283203124 0.102951049804688 0.0214996337890625 0.132095336914063
-0.03228759765625 0.100288391113281 0.00745391845703125 0.077545166015625
-0.067138671875 0.0927734375 0.0230388641357422 0.0317573547363281
-0.120079040527344 0.0326004028320313 0.085906982421875 0.0142288208007813
-0.133895874023438 -0.0215911865234375 0.181442260742188 0.054046630859375
-0.116630554199219 -0.0357208251953125 0.209442138671875 0.177719116210938
-0.177154541015625 -0.1243896484375 0.104217529296875 -0.00870513916015626
-0.189361572265625 -0.101104736328125 0.0809326171875 -0.00705718994140626
-0.197601318359375 -0.0489349365234375 0.0319480895996094 -0.0166893005371094
-0.18206787109375 0.0451812744140625 -0.0128488540649414 0.0146923065185547
-0.12530517578125 0.0989303588867187 -0.0265960693359375 0.0382423400878906
-0.05364990234375 0.149993896484375 -0.00882720947265625 0.0993270874023438
0.00924682617187501 0.155563354492188 0.025726318359375 0.117469787597656
0.0129852294921875 0.14764404296875 0.04473876953125 0.105850219726563
0.0248870849609375 0.156570434570313 0.040069580078125 0.104660034179688
-0.00283813476562501 0.165130615234375 0.0185317993164063 0.0963592529296875
-0.0594635009765625 0.150985717773438 0.00897979736328125 0.0499420166015625
-0.107391357421875 0.135704040527344 0.0255718231201172 0.0151844024658203
-0.176239013671875 0.045928955078125 0.084381103515625 -0.00177764892578125
-0.20367431640625 -0.0283966064453125 0.1533203125 0.048553466796875
-0.190643310546875 -0.0578765869140625 0.16778564453125 0.15570068359375
-0.222976684570312 -0.138427734375 0.0412101745605469 -0.0377388000488281
-0.233978271484375 -0.108169555664062 0.0342178344726562 -0.0149002075195313
-0.2349853515625 -0.050994873046875 0.0320205688476562 -0.0150299072265625
-0.220321655273437 0.0545806884765625 0.00462913513183592 -0.00107765197753906
-0.15625 0.119064331054688 -0.00805664062500001 0.00221395492553711
-0.07244873046875 0.187637329101563 -0.00143814086914063 0.0454902648925781
0.00444030761718751 0.190658569335938 0.009002685546875 0.0560646057128906
0.0107269287109375 0.182388305664063 0.0185470581054687 0.0491485595703125
0.0230255126953125 0.196670532226563 0.0159721374511719 0.0501365661621094
-0.0102996826171875 0.202743530273437 0.00873947143554687 0.0461082458496094
-0.0802764892578125 0.1806640625 0.00619316101074218 0.0143461227416992
-0.134124755859375 0.158416748046875 0.0242099761962891 -0.00240898132324218
-0.20989990234375 0.0511474609375 0.0723342895507812 -0.0114669799804687
-0.244842529296875 -0.03192138671875 0.106132507324219 0.04449462890625
-0.235244750976563 -0.0694122314453125 0.105194091796875 0.1260986328125
-0.234039306640625 -0.127655029296875 -0.0344390869140625 -0.0724029541015625
-0.242691040039063 -0.09332275390625 -0.0225753784179688 -0.0270919799804688
-0.234130859375 -0.039093017578125 0.0205268859863281 -0.0136871337890625
-0.2188720703125 0.05859375 0.0172843933105469 -0.0196075439453125
-0.157379150390625 0.121673583984375 0.00910949707031248 -0.038330078125
-0.0769805908203125 0.194061279296875 0.00224876403808593 -0.0183067321777344
-0.000442504882812516 0.1968994140625 -0.00908660888671875 -0.0146484375
0.00837707519531251 0.190017700195313 -0.0102415084838867 -0.0154447555541992
0.0183563232421875 0.207534790039063 -0.010798454284668 -0.0116195678710937
-0.020172119140625 0.212738037109375 -0.00382041931152344 -0.0103597640991211
-0.0940093994140625 0.181472778320313 0.000833511352539059 -0.0256729125976562
-0.144149780273437 0.1549072265625 0.0207271575927734 -0.0202541351318359
-0.21343994140625 0.042510986328125 0.0525550842285156 -0.0153274536132812
-0.2470703125 -0.037689208984375 0.046173095703125 0.0453262329101563
-0.24383544921875 -0.0728759765625 0.0285186767578125 0.0901870727539063
-0.206756591796875 -0.0963287353515625 -0.109703063964844 -0.104995727539063
-0.208297729492187 -0.0638427734375 -0.0802230834960938 -0.0414276123046875
-0.190017700195313 -0.0209808349609375 0.000967025756835926 -0.0153541564941406
-0.176895141601563 0.0505828857421875 0.019927978515625 -0.0402183532714844
-0.132682800292969 0.103927612304687 0.0198211669921875 -0.0731277465820313
-0.066864013671875 0.169448852539063 0.000205993652343752 -0.0782623291015625
-0.00453186035156251 0.1732177734375 -0.0291976928710938 -0.0816726684570313
0.00506591796875001 0.1678466796875 -0.0362777709960937 -0.0762100219726562
0.00918579101562499 0.187088012695312 -0.0328445434570313 -0.0714874267578125
-0.030609130859375 0.185134887695313 -0.0120201110839844 -0.0662117004394531
-0.096099853515625 0.150131225585938 -9.15527343750115E-05 -0.0611457824707031
-0.136054992675781 0.121940612792969 0.0193138122558594 -0.0353126525878906
-0.184478759765625 0.0202178955078125 0.0304164886474609 -0.0149517059326172
-0.212478637695313 -0.0425262451171875 -0.0147590637207031 0.0404930114746094
-0.213775634765625 -0.067169189453125 -0.0452995300292969 0.0490608215332031
-0.145263671875 -0.0523529052734375 -0.171951293945312 -0.12994384765625
-0.136924743652344 -0.0331039428710938 -0.127723693847656 -0.0518569946289062
-0.115509033203125 -0.0114593505859375 -0.0233135223388672 -0.0164623260498047
-0.111663818359375 0.0279312133789062 0.0142593383789062 -0.0534782409667969
-0.0888595581054688 0.0642242431640625 0.0201187133789062 -0.0962905883789063
-0.0494537353515625 0.119773864746094 -0.00687408447265626 -0.12298583984375
-0.00827026367187501 0.124404907226562 -0.0464935302734375 -0.135299682617188
0.000335693359374996 0.120826721191406 -0.0562744140625 -0.126457214355469
-0.00128936767578125 0.13824462890625 -0.0472183227539062 -0.12286376953125
-0.0350799560546875 0.130661010742188 -0.01300048828125 -0.113059997558594
-0.0813980102539063 0.0951080322265625 0.00646972656249999 -0.0874786376953125
-0.102287292480469 0.069183349609375 0.0205802917480469 -0.0463447570800781
-0.124763488769531 -0.00150299072265622 0.00919437408447265 -0.0136890411376953
-0.144790649414063 -0.03680419921875 -0.0671005249023438 0.0302848815917969
-0.153564453125 -0.04742431640625 -0.104927062988281 0.00875854492187499
-0.0601730346679688 -0.00710296630859374 -0.213272094726563 -0.143524169921875
-0.0438079833984375 -0.0106468200683594 -0.158645629882813 -0.0588836669921875
-0.0283317565917969 -0.0108356475830078 -0.0460777282714844 -0.0111007690429687
-0.0394172668457031 -0.00580596923828126 0.00308227539062499 -0.057037353515625
-0.0425453186035156 0.0140762329101563 0.0143508911132812 -0.102546691894531
-0.0316505432128906 0.0517387390136719 -0.01690673828125 -0.148345947265625
-0.0131797790527344 0.0544586181640625 -0.062164306640625 -0.166824340820312
-0.00414657592773438 0.0549049377441406 -0.0701751708984375 -0.157699584960938
-0.00851440429687501 0.067596435546875 -0.0503692626953125 -0.154693603515625
-0.0269050598144531 0.0577163696289063 -0.0045623779296875 -0.142562866210938
-0.0458831787109375 0.0314903259277344 0.0182571411132813 -0.0981597900390625
-0.0444450378417969 0.0191078186035156 0.0230331420898438 -0.0475959777832031
-0.045745849609375 -0.00693130493164063 -0.00976848602294922 -0.0107822418212891
-0.0599403381347656 -0.0148506164550781 -0.102310180664063 0.0159912109375
-0.0742340087890625 -0.013519287109375 -0.143463134765625 -0.023651123046875
-0.0217628479003906 -0.0423049926757813 0.168197631835938 0.0024261474609375
-0.0374183654785156 -0.0413627624511719 0.119911193847656 -0.017578125
-0.0536537170410156 -0.00940322875976563 0.0104570388793945 -0.0157985687255859
-0.0349197387695313 0.0217514038085937 -0.0327644348144531 0.0433769226074219
-0.0146961212158203 0.0223178863525391 -0.0379257202148438 0.0904617309570313
0.00150680541992188 0.0187416076660156 0.0013275146484375 0.1541748046875
0.0129337310791016 0.0214385986328125 0.0589141845703125 0.175643920898438
0.00975990295410156 0.0206680297851563 0.0802459716796875 0.163055419921875
0.0168342590332031 0.0162773132324219 0.0675811767578125 0.161529541015625
0.0179615020751953 0.0283412933349609 0.0258636474609375 0.149749755859375
0.007232666015625 0.0426864624023438 0.00791931152343749 0.095855712890625
-0.0141983032226562 0.0473709106445312 0.0191001892089844 0.0450096130371094
-0.0494346618652344 0.0243797302246094 0.0755996704101562 0.0290985107421875
-0.0468597412109375 -0.00338363647460938 0.18585205078125 0.0526123046875
-0.0244121551513672 -0.00655364990234375 0.22882080078125 0.176834106445313
-0.109825134277344 -0.084686279296875 0.151565551757813 0.00462341308593749
-0.121795654296875 -0.0709304809570313 0.111488342285156 -0.0094451904296875
-0.133651733398438 -0.0274276733398437 0.0244541168212891 -0.0175895690917969
-0.112640380859375 0.0402908325195312 -0.0245571136474609 0.0302600860595703
-0.07171630859375 0.067413330078125 -0.036956787109375 0.0695152282714844
-0.0240631103515625 0.0924148559570313 -0.00246429443359376 0.138175964355469
0.0158920288085938 0.0952682495117188 0.049072265625 0.15936279296875
0.0146865844726562 0.0904617309570313 0.071624755859375 0.144622802734375
0.0240402221679687 0.0921401977539063 0.062530517578125 0.14227294921875
0.0100784301757813 0.102020263671875 0.0286178588867187 0.131950378417969
-0.0262908935546875 0.101394653320313 0.0126876831054687 0.0789337158203125
-0.062774658203125 0.0961151123046875 0.0243396759033203 0.0323085784912109
-0.119712829589844 0.0382843017578125 0.0852737426757812 0.0110931396484375
-0.135139465332031 -0.0144195556640625 0.18359375 0.0461273193359375
-0.116447448730469 -0.0308914184570312 0.216537475585938 0.16949462890625
-0.182891845703125 -0.118301391601563 0.107841491699219 -0.0125732421875
-0.193527221679688 -0.0943145751953125 0.0834197998046875 -0.00911712646484376
-0.201690673828125 -0.04229736328125 0.0328788757324219 -0.0176753997802734
-0.180831909179688 0.0534515380859375 -0.00925350189208985 0.0165319442749023
-0.122550964355469 0.10504150390625 -0.0236015319824219 0.0393104553222656
-0.0487060546875 0.153594970703125 -0.00080108642578126 0.0982666015625
0.015594482421875 0.156036376953125 0.0332870483398438 0.116470336914063
0.020263671875 0.148239135742188 0.0501785278320312 0.104896545410156
0.032012939453125 0.155349731445313 0.0462265014648437 0.103691101074219
0.00588989257812499 0.165252685546875 0.0234222412109375 0.0972900390625
-0.0523223876953125 0.154556274414063 0.0121536254882813 0.0506401062011719
-0.101272583007813 0.140869140625 0.0268802642822266 0.0154628753662109
-0.176620483398438 0.054290771484375 0.0831146240234375 -0.0039825439453125
-0.207473754882813 -0.018768310546875 0.155685424804688 0.0414581298828125
-0.193130493164063 -0.0494232177734375 0.17559814453125 0.150588989257813
-0.229888916015625 -0.129669189453125 0.0435981750488281 -0.0380172729492188
-0.239471435546875 -0.09796142578125 0.0369033813476562 -0.0145072937011719
-0.241058349609375 -0.0432739257812501 0.032989501953125 -0.0158329010009766
-0.219940185546875 0.06500244140625 0.0069293975830078 -6.81877136230429E-05
-0.15277099609375 0.127655029296875 -0.00579309463500978 0.00148391723632813
-0.0653533935546875 0.191818237304688 0.00256729125976562 0.0433578491210938
0.0124969482421875 0.192367553710938 0.0132255554199219 0.0552406311035156
0.0208892822265625 0.183486938476562 0.022674560546875 0.0489616394042969
0.033721923828125 0.196685791015625 0.0200271606445313 0.050201416015625
9.15527343750077E-05 0.206008911132812 0.0119743347167969 0.0472145080566406
-0.0721435546875 0.1865234375 0.00789356231689453 0.0148086547851563
-0.127685546875 0.166412353515625 0.0248279571533203 -0.00235557556152343
-0.211135864257812 0.0608978271484375 0.0699348449707031 -0.0129890441894531
-0.249008178710937 -0.0205078125 0.108329772949219 0.040435791015625
-0.239227294921875 -0.059173583984375 0.111167907714844 0.12371826171875
-0.241180419921875 -0.11981201171875 -0.0332870483398438 -0.0694160461425781
-0.248809814453125 -0.08245849609375 -0.0208473205566406 -0.0235099792480469
-0.24005126953125 -0.0304107666015625 0.0216522216796875 -0.0146541595458984
-0.218841552734375 0.070037841796875 0.0188751220703125 -0.02008056640625
-0.154342651367188 0.131301879882813 0.00974273681640624 -0.0394210815429687
-0.06829833984375 0.199935913085938 0.0032196044921875 -0.0199089050292969
0.00888061523437499 0.20050048828125 -0.00876808166503906 -0.0152091979980469
0.0184478759765625 0.19085693359375 -0.00855731964111328 -0.0137853622436523
0.029693603515625 0.207992553710937 -0.00885581970214844 -0.00987720489501952
-0.00860595703124999 0.214324951171875 -0.003448486328125 -0.00962352752685545
-0.085540771484375 0.189010620117188 0.00115966796875 -0.0242462158203125
-0.138717651367188 0.163818359375 0.0207653045654297 -0.0210208892822266
-0.215087890625 0.051422119140625 0.0498809814453125 -0.0162239074707031
-0.2532958984375 -0.025390625 0.0481948852539062 0.0437545776367188
-0.248275756835938 -0.0623016357421875 0.0333633422851562 0.0906448364257813
-0.214263916015625 -0.0893402099609375 -0.11041259765625 -0.099365234375
-0.2137451171875 -0.054901123046875 -0.0796051025390625 -0.0351638793945313
-0.196151733398438 -0.0144500732421875 0.00170707702636718 -0.0148859024047852
-0.1788330078125 0.0615081787109375 0.020782470703125 -0.0401268005371094
-0.128814697265625 0.111824035644531 0.0172271728515625 -0.0759963989257812
-0.059112548828125 0.174819946289063 -0.00186920166015626 -0.0798492431640625
0.0049591064453125 0.175765991210938 -0.0317230224609375 -0.0809402465820312
0.0143585205078125 0.169448852539062 -0.0383071899414063 -0.074920654296875
0.02020263671875 0.187515258789063 -0.0344200134277344 -0.0692214965820312
-0.0199737548828125 0.188919067382813 -0.0145378112792969 -0.0657157897949219
-0.088836669921875 0.157699584960938 -0.00115203857421875 -0.0611991882324219
-0.131011962890625 0.129135131835937 0.0181655883789062 -0.0363540649414062
-0.186660766601563 0.0286102294921875 0.0274314880371094 -0.015655517578125
-0.217864990234375 -0.032745361328125 -0.0134773254394531 0.0427284240722656
-0.21868896484375 -0.0580291748046875 -0.0430107116699219 0.0533370971679687
-0.150955200195313 -0.0484771728515625 -0.175643920898438 -0.122100830078125
-0.141464233398437 -0.0268096923828125 -0.128204345703125 -0.044097900390625
-0.120079040527344 -0.00559234619140623 -0.0227508544921875 -0.0144824981689453
-0.113548278808594 0.035552978515625 0.0134201049804687 -0.0537490844726563
-0.0874786376953125 0.0715255737304688 0.0155715942382813 -0.0984954833984375
-0.04364013671875 0.123771667480469 -0.0120849609375 -0.125030517578125
-0.000541687011718747 0.126060485839844 -0.0527267456054687 -0.133842468261719
0.00762176513671876 0.121879577636719 -0.061767578125 -0.124412536621094
0.00796508789062498 0.139450073242187 -0.050811767578125 -0.1201171875
-0.0275115966796875 0.133712768554688 -0.0172653198242187 -0.112640380859375
-0.0771026611328125 0.101791381835938 0.00439453124999999 -0.0876541137695313
-0.099578857421875 0.0763015747070313 0.0191764831542969 -0.0468940734863281
-0.127593994140625 0.00492858886718748 0.00639057159423827 -0.0130624771118164
-0.150390625 -0.0308074951171875 -0.0659446716308594 0.0344619750976563
-0.157928466796875 -0.0413665771484375 -0.105728149414063 0.0144424438476562
-0.0629348754882813 -0.00556182861328126 -0.218170166015625 -0.134902954101562
-0.0470390319824219 -0.00790023803710936 -0.160125732421875 -0.0499725341796875
-0.0323009490966797 -0.00993728637695312 -0.0455131530761719 -0.00913238525390626
-0.0421562194824219 -0.00257873535156249 0.00191497802734375 -0.0570068359375
-0.0427398681640625 0.0183563232421875 0.00971221923828125 -0.105278015136719
-0.0276107788085938 0.0544624328613281 -0.0240478515625 -0.148818969726563
-0.00914001464843749 0.0578231811523437 -0.0704193115234375 -0.165313720703125
0.000144958496093749 0.0567893981933594 -0.0769500732421875 -0.155014038085938
-0.00279998779296875 0.0700149536132813 -0.0575103759765625 -0.15264892578125
-0.0229873657226562 0.0607490539550781 -0.011871337890625 -0.141921997070313
-0.04473876953125 0.03546142578125 0.0134353637695312 -0.098602294921875
-0.0443115234375 0.0218009948730469 0.0221519470214844 -0.0490379333496094
-0.0474929809570313 -0.00412368774414062 -0.0110397338867188 -0.00931835174560547
-0.0633430480957031 -0.0104293823242187 -0.10260009765625 0.020416259765625
-0.07708740234375 -0.00988769531249999 -0.146530151367188 -0.0180816650390625
-0.0213050842285156 -0.0423355102539062 0.172073364257813 -0.000946044921875003
-0.0377311706542969 -0.0424880981445312 0.123252868652344 -0.0216140747070313
-0.0539283752441406 -0.0107460021972656 0.0113258361816406 -0.016484260559082
-0.0352973937988281 0.0205192565917969 -0.0306854248046875 0.0428352355957031
-0.0156440734863281 0.0212612152099609 -0.0352783203125 0.0919570922851563
-0.000102996826171876 0.01898193359375 0.006591796875 0.155593872070313
0.0119400024414063 0.0209674835205078 0.0649566650390625 0.175811767578125
0.00896453857421875 0.0200881958007812 0.085662841796875 0.16290283203125
0.0162878036499023 0.0152158737182617 0.0726470947265625 0.163482666015625
0.0179710388183594 0.0272045135498047 0.0300140380859375 0.152740478515625
0.009063720703125 0.0413360595703125 0.00948333740234374 0.0970840454101563
-0.0123176574707031 0.04681396484375 0.0188446044921875 0.0464439392089844
-0.0483932495117187 0.025909423828125 0.076446533203125 0.0290908813476563
-0.0452117919921875 -0.00185394287109375 0.187576293945313 0.0489044189453125
-0.0220432281494141 -0.00522613525390625 0.233840942382812 0.17474365234375
-0.112434387207031 -0.0834274291992188 0.156097412109375 0.00163269042968749
-0.123298645019531 -0.0703125 0.115180969238281 -0.0118408203125
-0.137283325195313 -0.0272216796875 0.0255584716796875 -0.0192337036132813
-0.114540100097656 0.0412979125976563 -0.0218296051025391 0.0310783386230469
-0.0730972290039063 0.0692367553710938 -0.0343780517578125 0.0705642700195313
-0.0241546630859375 0.093719482421875 0.00263977050781249 0.139114379882812
0.0169754028320312 0.09649658203125 0.055267333984375 0.159652709960938
0.0174026489257813 0.090850830078125 0.0764312744140625 0.145370483398438
0.0263290405273437 0.0920028686523438 0.0684814453125 0.144058227539063
0.0121231079101563 0.102676391601563 0.0330963134765625 0.135322570800781
-0.0235977172851563 0.103378295898437 0.0146560668945312 0.0804977416992188
-0.0608139038085937 0.0982894897460937 0.0249214172363281 0.033782958984375
-0.120712280273437 0.0417861938476562 0.0846328735351562 0.010955810546875
-0.137168884277344 -0.0115737915039063 0.185989379882813 0.0421142578125
-0.117111206054688 -0.0294113159179688 0.222244262695313 0.1680908203125
-0.187759399414062 -0.116668701171875 0.112625122070312 -0.0140609741210938
-0.196487426757813 -0.0920867919921875 0.0878677368164062 -0.0104141235351563
-0.207672119140625 -0.0416259765625 0.0350589752197265 -0.0197372436523438
-0.1829833984375 0.056915283203125 -0.00635242462158204 0.0165500640869141
-0.122833251953125 0.109184265136719 -0.0211677551269531 0.0387344360351563
-0.0466766357421875 0.156829833984375 0.00358581542968749 0.09765625
0.01910400390625 0.158432006835938 0.0387344360351563 0.116249084472656
0.0238800048828125 0.14935302734375 0.0554885864257813 0.105888366699219
0.0360107421875 0.157302856445313 0.05108642578125 0.10528564453125
0.0103607177734375 0.166961669921875 0.02740478515625 0.0998458862304688
-0.0486602783203125 0.159271240234375 0.0146675109863281 0.0523490905761719
-0.100082397460938 0.145126342773437 0.02752685546875 0.0167922973632813
-0.179702758789062 0.0582275390625 0.0818939208984375 -0.00348663330078125
-0.212203979492188 -0.013885498046875 0.157913208007813 0.038848876953125
-0.195877075195313 -0.0472869873046875 0.181015014648437 0.150405883789062
-0.236846923828125 -0.127609252929687 0.0480880737304687 -0.0386695861816406
-0.24444580078125 -0.0949707031250001 0.041259765625 -0.0141448974609375
-0.248062133789063 -0.040191650390625 0.0350818634033203 -0.0169429779052734
-0.223007202148438 0.0710906982421875 0.0102453231811523 0.000400543212890629
-0.152587890625 0.133956909179688 -0.0041344165802002 0.000580310821533212
-0.062164306640625 0.196304321289063 0.00561904907226563 0.042083740234375
0.0182037353515625 0.196243286132813 0.0166816711425781 0.0547103881835938
0.02630615234375 0.18603515625 0.0258903503417969 0.0500717163085938
0.0399322509765625 0.19891357421875 0.0245018005371094 0.0514793395996094
0.00711059570312499 0.2091064453125 0.0153083801269531 0.0494422912597656
-0.0687255859375 0.19317626953125 0.00994014739990234 0.0153779983520508
-0.126419067382813 0.172531127929688 0.0261211395263672 -0.00226593017578124
-0.215362548828125 0.0662384033203125 0.0685539245605469 -0.0128669738769531
-0.25579833984375 -0.01446533203125 0.110427856445312 0.0397109985351562
-0.242828369140625 -0.05584716796875 0.1153564453125 0.124496459960937
-0.25 -0.117584228515625 -0.0304069519042969 -0.0685462951660156
-0.2530517578125 -0.0782318115234375 -0.0175704956054688 -0.0215263366699219
-0.248123168945312 -0.0266571044921875 0.0237617492675781 -0.0146141052246094
-0.2222900390625 0.077911376953125 0.0215568542480469 -0.0197620391845703
-0.154251098632812 0.139175415039062 0.0103530883789062 -0.0414314270019531
-0.0644378662109375 0.205734252929688 0.00462341308593749 -0.0230636596679687
0.0150604248046875 0.203567504882813 -0.00752067565917968 -0.0154972076416016
0.0250091552734375 0.193191528320313 -0.00732135772705078 -0.0134258270263672
0.036773681640625 0.210983276367188 -0.00683021545410156 -0.00971126556396483
-0.0015106201171875 0.218673706054688 -0.00195169448852539 -0.00779724121093749
-0.08172607421875 0.195632934570313 0.00251007080078124 -0.0248661041259766
-0.136886596679688 0.17034912109375 0.0223464965820312 -0.0207843780517578
-0.220504760742187 0.0574188232421875 0.0487785339355469 -0.0151786804199219
-0.260269165039063 -0.0205535888671875 0.0496711730957031 0.0442314147949219
-0.252792358398438 -0.05902099609375 0.0357742309570312 0.0928115844726563
-0.221420288085938 -0.087921142578125 -0.109237670898438 -0.0978775024414063
-0.219314575195313 -0.051177978515625 -0.0782012939453125 -0.0312118530273438
-0.202163696289062 -0.0110931396484375 0.00369071960449217 -0.0146465301513672
-0.181671142578125 0.068267822265625 0.0232391357421875 -0.0398406982421875
-0.128799438476563 0.119491577148438 0.0170364379882812 -0.0778121948242187
-0.0549774169921875 0.180648803710938 -0.00289916992187501 -0.0829010009765625
0.0113372802734375 0.180023193359375 -0.032501220703125 -0.082275390625
0.020477294921875 0.171188354492188 -0.03857421875 -0.074798583984375
0.027099609375 0.190765380859375 -0.0342636108398437 -0.0698051452636719
-0.0136566162109375 0.193344116210938 -0.0149993896484375 -0.0655860900878906
-0.0865020751953125 0.16461181640625 -0.00106048583984376 -0.0617485046386719
-0.130119323730469 0.135795593261719 0.0192604064941406 -0.0367584228515625
-0.191986083984375 0.033721923828125 0.0259552001953125 -0.0143070220947266
-0.225021362304688 -0.026885986328125 -0.0125617980957031 0.0448226928710938
-0.2239990234375 -0.055023193359375 -0.0424728393554688 0.0558357238769531
-0.15704345703125 -0.0472564697265625 -0.176605224609375 -0.120620727539063
-0.145431518554687 -0.0246734619140625 -0.12823486328125 -0.0401840209960938
-0.125053405761719 -0.00412750244140627 -0.0209789276123047 -0.0136737823486328
-0.116531372070313 0.0412445068359375 0.0140609741210937 -0.0538864135742188
-0.0879364013671875 0.07763671875 0.0142364501953125 -0.1007080078125
-0.0397567749023438 0.128158569335938 -0.0146026611328125 -0.1275634765625
0.00437927246093751 0.129402160644531 -0.0561676025390625 -0.134437561035156
0.0127716064453125 0.124244689941406 -0.0647430419921875 -0.124794006347656
0.0132293701171875 0.141510009765625 -0.05255126953125 -0.121170043945312
-0.0221633911132813 0.138053894042969 -0.0197067260742188 -0.113548278808594
-0.0758132934570312 0.107742309570313 0.00276184082031249 -0.0882797241210938
-0.0988540649414063 0.0810928344726562 0.0194091796875 -0.0474205017089844
-0.131805419921875 0.00858306884765627 0.00489139556884765 -0.0121850967407227
-0.156509399414063 -0.026397705078125 -0.0662689208984375 0.0373573303222656
-0.16290283203125 -0.038818359375 -0.106857299804688 0.0173416137695313
-0.0663986206054688 -0.00581359863281249 -0.220565795898438 -0.132247924804688
-0.0501632690429688 -0.00799942016601563 -0.161758422851563 -0.044891357421875
-0.0356330871582031 -0.00938415527343751 -0.04461669921875 -0.0078582763671875
-0.0447959899902344 0.000347137451171873 0.00191497802734375 -0.0578575134277344
-0.0434532165527344 0.0219039916992188 0.00769805908203125 -0.107215881347656
-0.0250701904296875 0.0574378967285156 -0.0281829833984375 -0.151702880859375
-0.00530624389648438 0.0602455139160156 -0.07537841796875 -0.165863037109375
0.00319290161132812 0.0581398010253906 -0.081298828125 -0.155471801757813
0.00128173828125 0.0713882446289063 -0.060546875 -0.153564453125
-0.0193595886230469 0.0631446838378906 -0.0148773193359375 -0.143600463867188
-0.0438575744628906 0.0391921997070313 0.0121688842773438 -0.100212097167969
-0.0437965393066406 0.0248489379882813 0.02166748046875 -0.0494117736816406
-0.0499229431152344 -0.00179672241210937 -0.0128116607666016 -0.00803756713867188
-0.0671958923339844 -0.00717163085937499 -0.104072570800781 0.0243911743164063
-0.0809249877929688 -0.00863647460937501 -0.1500244140625 -0.014892578125
-0.0200157165527344 -0.0438499450683594 0.179458618164063 -0.00408935546875
-0.0380783081054688 -0.0451545715332031 0.128639221191406 -0.025421142578125
-0.0558357238769531 -0.0119361877441406 0.0128765106201172 -0.0185127258300781
-0.0366096496582031 0.0194129943847656 -0.0297966003417969 0.043701171875
-0.0174827575683594 0.0212764739990234 -0.0341262817382813 0.0951614379882813
-0.0011749267578125 0.0188236236572266 0.01123046875 0.1607666015625
0.0106410980224609 0.0212173461914063 0.071502685546875 0.180740356445313
0.00805854797363281 0.0196781158447266 0.09222412109375 0.16778564453125
0.0154056549072266 0.0142440795898438 0.080291748046875 0.168838500976563
0.0182743072509766 0.0257949829101562 0.0348968505859375 0.159744262695313
0.0109481811523438 0.0415382385253906 0.0117111206054688 0.102279663085937
-0.0121231079101562 0.0475196838378906 0.0198860168457031 0.0488700866699219
-0.0476303100585937 0.0283241271972656 0.0790252685546875 0.02978515625
-0.044586181640625 -0.000572204589843757 0.194381713867188 0.046356201171875
-0.0209579467773438 -0.00494194030761719 0.2440185546875 0.178359985351563
-0.116470336914063 -0.0846939086914062 0.16448974609375 3.05175781249948E-05
-0.1273193359375 -0.07220458984375 0.122039794921875 -0.0143966674804688
-0.143341064453125 -0.027984619140625 0.0280380249023437 -0.0206851959228516
-0.118637084960938 0.0427780151367188 -0.0200176239013672 0.0309104919433594
-0.0760574340820313 0.0723342895507813 -0.033477783203125 0.072906494140625
-0.0250625610351562 0.0971527099609375 0.00640869140625 0.141876220703125
0.0178985595703125 0.0998001098632813 0.0614166259765625 0.16351318359375
0.0188674926757812 0.0934371948242188 0.083160400390625 0.14935302734375
0.02728271484375 0.0950927734375 0.07537841796875 0.148406982421875
0.01495361328125 0.105690002441406 0.0384674072265625 0.14117431640625
-0.0217742919921875 0.107658386230469 0.01751708984375 0.08489990234375
-0.0613327026367188 0.102287292480469 0.0267448425292969 0.0362701416015625
-0.124542236328125 0.0456695556640625 0.0872039794921875 0.0117416381835938
-0.141403198242188 -0.00852966308593753 0.191909790039063 0.0402069091796875
-0.120201110839844 -0.02850341796875 0.232940673828125 0.172637939453125
-0.1971435546875 -0.118087768554687 0.120048522949219 -0.0157623291015625
-0.2039794921875 -0.0936431884765625 0.0946731567382812 -0.0112838745117188
-0.217666625976563 -0.04144287109375 0.0378036499023437 -0.0205802917480469
-0.1900634765625 0.0615234375 -0.00356197357177736 0.016932487487793
-0.126823425292969 0.115058898925781 -0.0194740295410156 0.0395431518554688
-0.0469512939453125 0.16387939453125 0.00727081298828124 0.099090576171875
0.02239990234375 0.164886474609375 0.0434951782226562 0.118606567382813
0.02777099609375 0.154525756835938 0.0614700317382813 0.108489990234375
0.04034423828125 0.162765502929688 0.0576095581054688 0.108322143554688
0.0150909423828125 0.172988891601562 0.0324630737304688 0.104438781738281
-0.047027587890625 0.16668701171875 0.0170669555664062 0.055145263671875
-0.10101318359375 0.152816772460938 0.0294742584228516 0.0184783935546875
-0.186935424804688 0.064178466796875 0.0838623046875 -0.0032806396484375
-0.220916748046875 -0.00965881347656252 0.163970947265625 0.038177490234375
-0.202224731445313 -0.0453643798828125 0.190567016601562 0.155258178710938
-0.248931884765625 -0.128921508789063 0.0540771484375 -0.0403823852539063
-0.254379272460938 -0.0943450927734375 0.0468177795410156 -0.0134658813476563
-0.261367797851563 -0.0389404296875 0.0379638671875 -0.018218994140625
-0.230758666992188 0.077117919921875 0.0137529373168945 -0.000177383422851558
-0.157135009765625 0.142913818359375 -0.00260400772094727 -0.000284433364868155
-0.0612030029296875 0.20556640625 0.00843429565429687 0.0404167175292969
0.0230255126953125 0.203811645507813 0.0210762023925781 0.0557823181152344
0.0321044921875 0.192092895507812 0.0306282043457031 0.0511856079101563
0.0464935302734375 0.206085205078125 0.028594970703125 0.0527877807617188
0.012237548828125 0.217529296875 0.0189247131347656 0.0526351928710938
-0.066558837890625 0.20318603515625 0.012242317199707 0.0164289474487305
-0.128005981445312 0.183151245117187 0.0283412933349609 -0.00132369995117186
-0.22503662109375 0.07305908203125 0.0697479248046875 -0.0113182067871094
-0.267044067382813 -0.0100860595703126 0.114585876464844 0.0399551391601563
-0.252517700195313 -0.054779052734375 0.1221923828125 0.129440307617188
-0.26324462890625 -0.117996215820313 -0.0277938842773438 -0.07080078125
-0.2655029296875 -0.0772705078125 -0.0142040252685547 -0.020050048828125
-0.2615966796875 -0.0247802734375 0.0261573791503906 -0.01580810546875
-0.231185913085938 0.08544921875 0.025482177734375 -0.0202293395996094
-0.15753173828125 0.149307250976563 0.0121498107910156 -0.0441703796386719
-0.06280517578125 0.215255737304687 0.00575447082519531 -0.0263423919677734
0.021728515625 0.212020874023438 -0.00612831115722656 -0.0168838500976562
0.0316009521484375 0.200912475585938 -0.00537109375 -0.0137557983398437
0.044158935546875 0.218429565429688 -0.00431346893310547 -0.0102510452270508
0.00509643554687502 0.22802734375 -5.10215759277348E-05 -0.00730514526367186
-0.080902099609375 0.206954956054688 0.00365447998046875 -0.0257472991943359
-0.139114379882813 0.18115234375 0.0239238739013672 -0.0216121673583984
-0.231155395507812 0.0648040771484375 0.048736572265625 -0.0136642456054687
-0.273193359375 -0.0157470703125 0.0520706176757812 0.0459175109863281
-0.26416015625 -0.058502197265625 0.0392532348632813 0.0973052978515625
-0.2347412109375 -0.0877532958984375 -0.110252380371094 -0.0997695922851562
-0.230026245117188 -0.0496826171875 -0.0775070190429688 -0.0288925170898438
-0.215805053710938 -0.00807189941406246 0.00520896911621092 -0.0148191452026367
-0.189422607421875 0.07666015625 0.0256195068359375 -0.0413780212402344
-0.131172180175781 0.1298828125 0.0168380737304687 -0.0816497802734375
-0.052001953125 0.189865112304688 -0.00328826904296875 -0.0877609252929687
0.017578125 0.188156127929688 -0.0336227416992188 -0.0847702026367187
0.0269012451171875 0.17779541015625 -0.03955078125 -0.0764694213867187
0.0341644287109375 0.197998046875 -0.0350112915039062 -0.0720748901367187
-0.00753784179687498 0.202133178710938 -0.0157623291015625 -0.0669326782226562
-0.085968017578125 0.174911499023438 -0.000366210937500004 -0.0639114379882812
-0.132553100585938 0.1453857421875 0.0207748413085937 -0.0383872985839844
-0.202377319335938 0.039337158203125 0.0253486633300781 -0.0122756958007812
-0.236709594726562 -0.0225067138671875 -0.0124053955078125 0.0472908020019531
-0.234664916992187 -0.054168701171875 -0.0426292419433594 0.0598411560058594
-0.1676025390625 -0.0471343994140625 -0.18109130859375 -0.122329711914063
-0.154342651367188 -0.02276611328125 -0.130043029785156 -0.036834716796875
-0.134201049804688 -0.00171661376953127 -0.0205593109130859 -0.0129833221435547
-0.12158203125 0.0476760864257813 0.0156822204589844 -0.0557022094726563
-0.0898666381835938 0.0860137939453125 0.013671875 -0.105628967285156
-0.0370254516601562 0.135734558105469 -0.017120361328125 -0.133598327636719
0.0101318359375 0.135467529296875 -0.0602264404296875 -0.139022827148438
0.017822265625 0.129379272460938 -0.0676040649414063 -0.12823486328125
0.019439697265625 0.147323608398438 -0.0550155639648438 -0.125
-0.017547607421875 0.144638061523437 -0.0217666625976563 -0.116600036621094
-0.0752487182617188 0.11572265625 0.00258636474609375 -0.0919265747070312
-0.100936889648437 0.0881805419921875 0.0202598571777344 -0.0496597290039063
-0.139320373535156 0.012359619140625 0.00368309020996093 -0.0102357864379883
-0.165695190429688 -0.0232391357421875 -0.0682411193847656 0.0409431457519531
-0.171981811523437 -0.0385284423828125 -0.111091613769531 0.0203933715820313
-0.0721664428710938 -0.00615692138671876 -0.227935791015625 -0.135025024414062
-0.0546836853027344 -0.00730133056640625 -0.166900634765625 -0.0419158935546875
-0.040557861328125 -0.00937271118164063 -0.0442276000976563 -0.00685882568359376
-0.0477561950683594 0.004058837890625 0.0021514892578125 -0.0605583190917969
-0.0442771911621094 0.0263824462890625 0.00593566894531251 -0.112464904785156
-0.0237274169921875 0.0608634948730469 -0.032867431640625 -0.15771484375
-0.00196456909179687 0.0635490417480469 -0.081024169921875 -0.170745849609375
0.0066375732421875 0.0611419677734375 -0.0872650146484375 -0.159439086914063
0.00543975830078125 0.0738525390625 -0.065032958984375 -0.15826416015625
-0.0157203674316406 0.0669898986816406 -0.0182952880859375 -0.1488037109375
-0.0434913635253906 0.044036865234375 0.0117568969726563 -0.103988647460938
-0.0438804626464844 0.0288124084472656 0.0221595764160156 -0.0519027709960938
-0.0534400939941406 0.00130844116210938 -0.0148429870605469 -0.00636100769042969
-0.0732421875 -0.00375366210937499 -0.108818054199219 0.0286102294921875
-0.0868911743164063 -0.00719451904296876 -0.157791137695312 -0.0131988525390625
-0.0202102661132812 -0.0450706481933594 0.191574096679688 -0.0098419189453125
-0.0397415161132812 -0.047821044921875 0.136611938476563 -0.0325241088867188
-0.0589065551757813 -0.0137863159179688 0.01373291015625 -0.0213127136230469
-0.038543701171875 0.0190010070800781 -0.0293540954589844 0.045684814453125
-0.0193691253662109 0.0214481353759766 -0.0319290161132813 0.100555419921875
-0.00288581848144531 0.0196151733398437 0.0191192626953125 0.167984008789063
0.00975418090820313 0.0224246978759766 0.0836639404296875 0.18695068359375
0.00786018371582031 0.0202960968017578 0.104751586914062 0.1729736328125
0.0147390365600586 0.0140352249145508 0.0918121337890625 0.176422119140625
0.0197887420654297 0.0250663757324219 0.0447998046875 0.168991088867188
0.0130500793457031 0.0411491394042969 0.0164718627929687 0.109657287597656
-0.00991058349609375 0.0491065979003906 0.0220527648925781 0.0529441833496094
-0.0472793579101562 0.0316390991210938 0.0839004516601563 0.0290603637695313
-0.0449562072753906 0.00145721435546874 0.20477294921875 0.04071044921875
-0.019683837890625 -0.00368881225585937 0.262222290039063 0.181121826171875
-0.124732971191406 -0.0850372314453125 0.176986694335938 -0.00575256347656251
-0.135467529296875 -0.0730743408203125 0.131492614746094 -0.020751953125
-0.152908325195312 -0.0271759033203125 0.03045654296875 -0.0244216918945313
-0.124496459960937 0.0474166870117188 -0.0188236236572266 0.0324153900146484
-0.0799179077148437 0.0784988403320313 -0.0313949584960938 0.0766983032226563
-0.0241317749023438 0.103866577148437 0.014129638671875 0.147781372070313
0.0216064453125 0.10565185546875 0.0726470947265625 0.1690673828125
0.0224533081054688 0.0981216430664063 0.09576416015625 0.1544189453125
0.0317153930664063 0.0991287231445313 0.0875091552734375 0.1549072265625
0.0196151733398438 0.109901428222656 0.0484466552734375 0.149658203125
-0.018585205078125 0.113632202148438 0.0232696533203125 0.0904617309570313
-0.0602645874023437 0.109832763671875 0.0298957824707031 0.0391654968261719
-0.12921142578125 0.05364990234375 0.0914535522460937 0.011199951171875
-0.149063110351563 -0.00320434570312499 0.203033447265625 0.0352325439453125
-0.126144409179688 -0.025726318359375 0.251358032226563 0.17584228515625
-0.211395263671875 -0.117172241210937 0.130584716796875 -0.0203323364257813
-0.217681884765625 -0.092620849609375 0.103614807128906 -0.0156707763671875
-0.233428955078125 -0.03729248046875 0.0406951904296875 -0.0245704650878906
-0.199752807617188 0.0710296630859375 -0.000673294067382823 0.0171623229980469
-0.1314697265625 0.126068115234375 -0.01812744140625 0.0411224365234375
-0.0444183349609375 0.174713134765625 0.0132293701171875 0.101776123046875
0.0298614501953125 0.1734619140625 0.0523300170898438 0.122978210449219
0.03564453125 0.161819458007813 0.0712356567382812 0.112625122070313
0.04827880859375 0.170425415039062 0.067626953125 0.112548828125
0.0233306884765625 0.182479858398437 0.0411834716796875 0.111457824707031
-0.0423126220703125 0.178176879882813 0.0221176147460937 0.0585784912109375
-0.100967407226562 0.166122436523438 0.0328731536865234 0.0204639434814453
-0.196060180664063 0.076141357421875 0.087860107421875 -0.00302124023437499
-0.23443603515625 -0.00120544433593753 0.173370361328125 0.034515380859375
-0.214340209960938 -0.0418243408203125 0.206710815429688 0.159271240234375
-0.268539428710938 -0.126510620117187 0.0607147216796875 -0.0441207885742188
-0.271881103515625 -0.0911407470703124 0.0537261962890625 -0.0156097412109375
-0.281036376953125 -0.0324249267578125 0.0412750244140625 -0.021331787109375
-0.242584228515625 0.0913238525390625 0.017852783203125 -0.00116157531738281
-0.161102294921875 0.158248901367188 -0.00110781192779542 -0.00160205364227294
-0.056854248046875 0.219833374023438 0.011566162109375 0.0403480529785156
0.0335540771484375 0.214889526367188 0.0264434814453125 0.057159423828125
0.0421600341796875 0.201919555664063 0.0369453430175781 0.0527076721191406
0.058258056640625 0.215805053710938 0.035369873046875 0.0544319152832031
0.0236968994140625 0.22943115234375 0.0248603820800781 0.0560150146484375
-0.061981201171875 0.219329833984375 0.0156593322753906 0.0180072784423828
-0.128250122070313 0.199111938476563 0.0310955047607422 -0.00117111206054686
-0.237136840820313 0.0868225097656249 0.0727005004882812 -0.0110626220703125
-0.2838134765625 0.000518798828125006 0.12225341796875 0.0388946533203125
-0.26849365234375 -0.0497283935546875 0.134056091308594 0.134819030761719
-0.284637451171875 -0.11541748046875 -0.0262603759765625 -0.0743408203125
-0.28350830078125 -0.072509765625 -0.0113868713378906 -0.0196247100830078
-0.28253173828125 -0.016143798828125 0.0292320251464844 -0.0177326202392578
-0.241668701171875 0.101181030273438 0.0298957824707031 -0.0223712921142578
-0.161102294921875 0.16595458984375 0.0126419067382812 -0.0479698181152344
-0.05712890625 0.230636596679688 0.00628471374511719 -0.0301780700683594
0.0336761474609375 0.224288940429688 -0.00447463989257812 -0.0178375244140625
0.043121337890625 0.210693359375 -0.00299358367919921 -0.0141277313232422
0.0576019287109375 0.229583740234375 -0.00284481048583984 -0.0109415054321289
0.0162506103515625 0.2415771484375 0.00260639190673828 -0.00670003890991209
-0.0762481689453125 0.224655151367187 0.00479507446289062 -0.0267314910888672
-0.140274047851562 0.198745727539063 0.0257663726806641 -0.0226860046386719
-0.244918823242188 0.0781707763671876 0.0507965087890625 -0.0130615234375
-0.291778564453125 -0.00451660156249995 0.0565605163574219 0.0478134155273438
-0.28167724609375 -0.053436279296875 0.0458450317382812 0.103477478027344
-0.254058837890625 -0.0856475830078126 -0.115364074707031 -0.102104187011719
-0.246963500976562 -0.043060302734375 -0.0781936645507813 -0.0261917114257812
-0.233306884765625 0.000503540039062499 0.00772094726562499 -0.0154380798339844
-0.198394775390625 0.091522216796875 0.0293159484863281 -0.0444602966308594
-0.133880615234375 0.14508056640625 0.016326904296875 -0.087921142578125
-0.046539306640625 0.204238891601563 -0.0061187744140625 -0.094268798828125
0.02886962890625 0.198638916015625 -0.0369491577148438 -0.0888442993164063
0.0378875732421875 0.186981201171875 -0.0421371459960938 -0.0792465209960937
0.047027587890625 0.208084106445312 -0.0374603271484375 -0.0757064819335937
0.00299072265624999 0.21539306640625 -0.0175132751464844 -0.0695304870605469
-0.082733154296875 0.191543579101563 -0.00168991088867188 -0.0678672790527344
-0.134628295898438 0.16156005859375 0.0217742919921875 -0.0412826538085937
-0.21478271484375 0.0513916015625 0.02593994140625 -0.0111503601074219
-0.253463745117187 -0.0135955810546875 -0.0113372802734375 0.0519523620605469
-0.252090454101563 -0.0498046875 -0.0427436828613281 0.0664176940917969
-0.18243408203125 -0.0450286865234375 -0.191070556640625 -0.123703002929688
-0.167266845703125 -0.0182037353515625 -0.135406494140625 -0.0334396362304687
-0.147369384765625 0.00408935546874998 -0.0190277099609375 -0.0127658843994141
-0.128219604492188 0.0585098266601563 0.0177116394042969 -0.0598220825195312
-0.0906295776367188 0.097320556640625 0.0104598999023437 -0.112693786621094
-0.0325927734375 0.146163940429688 -0.0233306884765625 -0.141189575195313
0.0191192626953125 0.143569946289063 -0.0674896240234375 -0.14483642578125
0.0270004272460938 0.136123657226563 -0.0751419067382812 -0.132659912109375
0.0294036865234375 0.15484619140625 -0.062530517578125 -0.13104248046875
-0.00962829589843751 0.15521240234375 -0.0263671875 -0.122207641601562
-0.0738906860351563 0.127944946289063 0.000526428222656242 -0.0976638793945313
-0.102394104003906 0.0995101928710938 0.020843505859375 -0.0530052185058594
-0.148895263671875 0.0210113525390625 0.00282526016235351 -0.00848960876464844
-0.179306030273438 -0.01513671875 -0.0699501037597656 0.0473175048828125
-0.185028076171875 -0.0338592529296875 -0.117324829101563 0.0265045166015625
-0.0794219970703125 -0.00479888916015624 -0.24224853515625 -0.136077880859375
-0.0616188049316406 -0.00601959228515626 -0.175323486328125 -0.037628173828125
-0.0468673706054688 -0.00773239135742187 -0.0445137023925781 -0.00618743896484375
-0.0518608093261719 0.00854873657226563 0.0016021728515625 -0.0640373229980469
-0.04547119140625 0.0331192016601562 0.00149536132812499 -0.119552612304687
-0.0212669372558594 0.0669136047363281 -0.0407257080078125 -0.165390014648438
0.00360870361328125 0.0680465698242188 -0.0922698974609375 -0.176544189453125
0.0120697021484375 0.0646553039550781 -0.0973663330078125 -0.164993286132813
0.0117645263671875 0.077728271484375 -0.0745086669921875 -0.1656494140625
-0.011627197265625 0.0723876953125 -0.0246734619140625 -0.155410766601563
-0.0423202514648438 0.0500907897949219 0.0081939697265625 -0.110282897949219
-0.0436897277832031 0.034454345703125 0.0218162536621094 -0.055511474609375
-0.0579986572265625 0.00612258911132813 -0.0164966583251953 -0.00438022613525391
-0.0799484252929688 0.00195312500000001 -0.113433837890625 0.0358200073242188
-0.0944061279296875 -0.00440216064453123 -0.168304443359375 -0.00738525390624997
-0.0205307006835938 -0.0458984375 0.202972412109375 -0.0229034423828125
-0.0432701110839844 -0.0498313903808594 0.142532348632813 -0.04547119140625
-0.0626716613769531 -0.013336181640625 0.0136184692382812 -0.0250720977783203
-0.0408363342285156 0.0198516845703125 -0.0271339416503906 0.04876708984375
-0.0218315124511719 0.0226860046386719 -0.0258331298828125 0.107276916503906
-0.00438308715820312 0.0202293395996094 0.0324554443359375 0.17388916015625
0.00984382629394531 0.0235843658447266 0.101104736328125 0.189590454101563
0.00717544555664063 0.0208015441894531 0.122650146484375 0.174484252929687
0.0137968063354492 0.0131845474243164 0.111053466796875 0.17919921875
0.0211734771728516 0.0234909057617187 0.060821533203125 0.1761474609375
0.01690673828125 0.0398292541503906 0.0258407592773438 0.116661071777344
-0.00598526000976562 0.0508499145507813 0.0266609191894531 0.0568923950195313
-0.0453147888183594 0.0358810424804688 0.0896072387695312 0.0259933471679688
-0.0443763732910156 0.00440979003906249 0.2161865234375 0.028900146484375
-0.0178470611572266 -0.00326728820800781 0.28662109375 0.174591064453125
-0.13409423828125 -0.080810546875 0.18975830078125 -0.018035888671875
-0.144622802734375 -0.070098876953125 0.13995361328125 -0.031890869140625
-0.163894653320313 -0.0206756591796875 0.0309429168701172 -0.0290203094482422
-0.129867553710937 0.0566253662109375 -0.0157146453857422 0.0335979461669922
-0.0803070068359375 0.086822509765625 -0.0264968872070312 0.0813980102539062
-0.020294189453125 0.111045837402344 0.025726318359375 0.151748657226563
0.0284805297851563 0.109916687011719 0.0894622802734375 0.171463012695313
0.02880859375 0.101394653320313 0.113616943359375 0.154998779296875
0.0394363403320313 0.102043151855469 0.10614013671875 0.156768798828125
0.0276412963867188 0.11346435546875 0.0645904541015625 0.156082153320313
-0.0115203857421875 0.120315551757813 0.0320510864257813 0.0958480834960938
-0.0551605224609375 0.119232177734375 0.034515380859375 0.0412368774414063
-0.131599426269531 0.0657501220703125 0.09674072265625 0.00827789306640625
-0.155517578125 0.00709533691406251 0.214385986328125 0.0234527587890625
-0.132400512695312 -0.0193634033203125 0.276702880859375 0.170257568359375
-0.228973388671875 -0.108627319335938 0.140701293945312 -0.0299072265625
-0.233718872070313 -0.08416748046875 0.111442565917969 -0.0240859985351563
-0.250839233398437 -0.0257110595703125 0.0430984497070312 -0.0293197631835938
-0.206527709960938 0.0872039794921875 0.00321865081787108 0.0167303085327148
-0.130783081054688 0.1419677734375 -0.0148849487304688 0.0435714721679688
-0.03643798828125 0.187637329101563 0.0212936401367187 0.104148864746094
0.043304443359375 0.181259155273438 0.0656890869140625 0.1240234375
0.0481719970703125 0.167404174804688 0.0860061645507812 0.112258911132813
0.0635833740234375 0.17596435546875 0.0816421508789063 0.113296508789063
0.03814697265625 0.190048217773438 0.0547637939453125 0.115829467773438
-0.0317230224609375 0.19097900390625 0.02935791015625 0.061981201171875
-0.09454345703125 0.182846069335938 0.0374031066894531 0.0207138061523438
-0.202011108398438 0.094268798828125 0.0920562744140625 -0.00617218017578124
-0.246444702148438 0.015869140625 0.184097290039062 0.0263214111328125
-0.227706909179688 -0.0307464599609375 0.228912353515625 0.157012939453125
-0.291717529296875 -0.11529541015625 0.0661544799804687 -0.05120849609375
-0.291717529296875 -0.0780029296875 0.0599403381347656 -0.0203323364257813
-0.301727294921875 -0.015655517578125 0.0441665649414062 -0.0253067016601562
-0.249771118164062 0.112457275390625 0.0222091674804687 -0.00308799743652343
-0.158767700195313 0.178665161132812 0.000397682189941396 -0.00310659408569335
-0.04547119140625 0.236663818359375 0.0162811279296875 0.0385971069335938
0.0508880615234375 0.224166870117187 0.0345001220703125 0.056854248046875
0.0597076416015625 0.208511352539063 0.0460014343261719 0.0519485473632813
0.0776824951171875 0.223526000976563 0.0434913635253906 0.0543746948242188
0.0429229736328125 0.23974609375 0.0333404541015625 0.0585098266601563
-0.0496063232421875 0.236968994140625 0.0200595855712891 0.0181427001953125
-0.121368408203125 0.220458984375 0.0345191955566406 -0.00165939331054686
-0.245346069335938 0.109573364257812 0.0761642456054687 -0.0133056640625
-0.3006591796875 0.0212707519531249 0.130630493164062 0.0338592529296875
-0.286651611328125 -0.035491943359375 0.151565551757812 0.135543823242188
-0.3096923828125 -0.101654052734375 -0.0271453857421875 -0.0768814086914063
-0.3052978515625 -0.0564270019531251 -0.00793075561523439 -0.0199775695800781
-0.30316162109375 0.00344848632812507 0.0319995880126953 -0.0206775665283203
-0.248519897460938 0.125198364257813 0.03350830078125 -0.0260581970214844
-0.157470703125 0.188400268554688 0.0116539001464844 -0.05242919921875
-0.0434112548828125 0.248382568359375 0.00519752502441406 -0.0338706970214844
0.0527496337890625 0.233474731445313 -0.00319480895996093 -0.0197944641113281
0.0617523193359375 0.218093872070313 -0.00102996826171875 -0.0158634185791015
0.0785980224609375 0.237625122070313 -0.00169277191162109 -0.0118141174316406
0.03692626953125 0.25341796875 0.00493478775024414 -0.0066852569580078
-0.062957763671875 0.24462890625 0.00596427917480468 -0.0290489196777344
-0.133758544921875 0.221267700195313 0.0281543731689453 -0.0251140594482422
-0.25482177734375 0.101547241210937 0.0528755187988281 -0.0137557983398437
-0.309356689453125 0.016693115234375 0.0626106262207031 0.0482673645019531
-0.301544189453125 -0.0377197265625 0.0567169189453125 0.108375549316406
-0.277236938476562 -0.071929931640625 -0.123077392578125 -0.1011962890625
-0.265518188476563 -0.0273284912109375 -0.0793380737304688 -0.0219497680664063
-0.25115966796875 0.0179901123046875 0.00984096527099608 -0.0165348052978516
-0.203460693359375 0.113662719726563 0.0310897827148437 -0.0487518310546875
-0.128982543945312 0.165313720703125 0.0122604370117188 -0.0942611694335937
-0.0332183837890625 0.219558715820313 -0.0124893188476563 -0.100341796875
0.0473785400390625 0.2069091796875 -0.042816162109375 -0.0918121337890625
0.0553131103515625 0.194198608398438 -0.0468292236328125 -0.0812149047851562
0.0665435791015625 0.21551513671875 -0.04364013671875 -0.078216552734375
0.0212860107421875 0.226455688476563 -0.0205459594726562 -0.0709915161132812
-0.07159423828125 0.210479736328125 -0.00406646728515625 -0.0716094970703125
-0.129440307617188 0.18133544921875 0.0220069885253906 -0.0448417663574219
-0.224884033203125 0.07183837890625 0.0269832611083984 -0.01031494140625
-0.270843505859375 0.00584411621093751 -0.0075950622558594 0.0571327209472656
-0.270660400390625 -0.0355834960937501 -0.0403213500976563 0.0743255615234375
-0.1988525390625 -0.03582763671875 -0.204681396484375 -0.119766235351562
-0.180419921875 -0.00732421874999997 -0.140884399414063 -0.0247039794921875
-0.160507202148438 0.0167694091796875 -0.0180950164794922 -0.0119419097900391
-0.132843017578125 0.0744552612304688 0.0172805786132812 -0.0642623901367188
-0.086822509765625 0.112716674804687 0.00447082519531249 -0.120033264160156
-0.02130126953125 0.157958984375 -0.033935546875 -0.147903442382812
0.0339202880859375 0.150177001953125 -0.07958984375 -0.14801025390625
0.0404510498046875 0.14068603515625 -0.0858612060546875 -0.134445190429688
0.0456085205078125 0.160568237304688 -0.0741958618164062 -0.133872985839844
0.00469970703124999 0.164657592773437 -0.0350494384765625 -0.125946044921875
-0.0664215087890625 0.142547607421875 -0.00476074218750001 -0.103736877441406
-0.09967041015625 0.114730834960938 0.0192184448242187 -0.05767822265625
-0.157028198242188 0.03521728515625 0.00241804122924804 -0.00583791732788086
-0.191680908203125 -0.000717163085937515 -0.07080078125 0.0560760498046875
-0.200698852539063 -0.0233001708984375 -0.122116088867188 0.0371170043945312
-0.0880050659179688 -0.000633239746093763 -0.261154174804688 -0.129653930664063
-0.0687675476074219 -0.00190353393554687 -0.184173583984375 -0.02691650390625
-0.0542984008789062 -0.00336456298828126 -0.0445365905761719 -0.00375747680664062
-0.0550689697265625 0.0162620544433594 -0.000572204589843761 -0.068145751953125
-0.0440254211425781 0.0409622192382812 -0.00632476806640626 -0.126861572265625
-0.0150909423828125 0.0740966796875 -0.0547637939453125 -0.171829223632813
0.0117645263671875 0.0714492797851563 -0.108489990234375 -0.179458618164063
0.0205345153808594 0.0671577453613281 -0.11273193359375 -0.166793823242188
0.0208206176757813 0.0806198120117188 -0.08990478515625 -0.169540405273438
-0.00347137451171876 0.0777435302734375 -0.0367431640625 -0.161117553710938
-0.0383872985839844 0.0582351684570312 0.00198364257812499 -0.11712646484375
-0.0421829223632812 0.0416488647460938 0.0199775695800781 -0.0600776672363281
-0.0613479614257813 0.0135269165039062 -0.0181980133056641 -0.00112533569335938
-0.0865478515625 0.0112991333007812 -0.117546081542969 0.0469284057617188
-0.103294372558594 0.00273895263671874 -0.17913818359375 0.00384521484374999
-0.0206336975097656 -0.046356201171875 0.20806884765625 -0.041290283203125
-0.0466041564941406 -0.0508384704589844 0.142715454101563 -0.0605010986328125
-0.064849853515625 -0.0111846923828125 0.0116405487060547 -0.0282363891601563
-0.0423851013183594 0.0211677551269531 -0.0237388610839844 0.0506057739257812
-0.0240077972412109 0.0242195129394531 -0.0164794921875 0.111091613769531
-0.00635528564453125 0.0213623046875 0.0484771728515625 0.173370361328125
0.009368896484375 0.0239181518554687 0.119903564453125 0.184371948242188
0.00660133361816406 0.0210590362548828 0.141754150390625 0.16693115234375
0.0130891799926758 0.0123538970947266 0.131881713867188 0.17376708984375
0.0219535827636719 0.0204982757568359 0.079681396484375 0.175994873046875
0.0203056335449219 0.0375251770019531 0.0380706787109375 0.119270324707031
-0.00194168090820313 0.0505867004394531 0.0326385498046875 0.0578155517578125
-0.0400276184082031 0.0400352478027344 0.0926666259765625 0.019866943359375
-0.0416793823242188 0.00774002075195313 0.220474243164063 0.0107879638671875
-0.0152015686035156 -0.00173568725585938 0.306427001953125 0.1563720703125
-0.140869140625 -0.0713958740234375 0.1961669921875 -0.0345916748046875
-0.152694702148438 -0.0617828369140625 0.142562866210938 -0.0461883544921875
-0.170730590820313 -0.00993347167968749 0.0298385620117187 -0.0338096618652344
-0.130058288574219 0.0662612915039063 -0.0118961334228516 0.0335330963134766
-0.0774383544921875 0.0956497192382812 -0.0190811157226562 0.0842056274414063
-0.0141830444335937 0.115798950195313 0.040069580078125 0.15093994140625
0.0371932983398437 0.110328674316406 0.10736083984375 0.166213989257813
0.0369110107421875 0.101119995117187 0.1314697265625 0.147354125976563
0.0477981567382812 0.10089111328125 0.124298095703125 0.150436401367188
0.0379486083984375 0.112274169921875 0.0831298828125 0.154983520507813
-0.000938415527343738 0.122993469238281 0.0432586669921875 0.096771240234375
-0.0464553833007813 0.126502990722656 0.0400772094726563 0.0416030883789063
-0.1273193359375 0.0787277221679688 0.0994338989257812 0.001983642578125
-0.1572265625 0.02117919921875 0.219436645507813 0.0067901611328125
-0.135093688964844 -0.00866699218750002 0.298187255859375 0.15350341796875
-0.241561889648438 -0.091278076171875 0.146453857421875 -0.043609619140625
-0.24517822265625 -0.067138671875 0.115692138671875 -0.0360946655273438
-0.261093139648438 -0.00544738769531248 0.0425224304199219 -0.0348434448242188
-0.205474853515625 0.105911254882813 0.00713062286376952 0.0150041580200195
-0.12225341796875 0.156906127929687 -0.0100669860839844 0.0437202453613281
-0.0224151611328125 0.195281982421875 0.0317230224609375 0.101951599121094
0.0598602294921875 0.180953979492188 0.0802383422851563 0.119163513183594
0.0632781982421875 0.16668701171875 0.1005859375 0.105247497558594
0.08074951171875 0.174484252929688 0.096282958984375 0.108139038085938
0.056396484375 0.18994140625 0.0702743530273438 0.114288330078125
-0.0143280029296875 0.199066162109375 0.03887939453125 0.0619544982910156
-0.08038330078125 0.195175170898438 0.0416755676269531 0.0198707580566406
-0.198104858398438 0.114730834960937 0.0936660766601563 -0.0109710693359375
-0.250656127929688 0.0382232666015625 0.189666748046875 0.0118255615234375
-0.234466552734375 -0.0121612548828125 0.248672485351562 0.142929077148437
-0.3079833984375 -0.09149169921875 0.0686721801757812 -0.0590438842773438
-0.304290771484375 -0.0555419921875 0.064208984375 -0.0275955200195313
-0.31329345703125 0.0107421874999999 0.0451507568359375 -0.0301399230957031
-0.247695922851562 0.137344360351563 0.0257186889648437 -0.00643539428710937
-0.147018432617188 0.197509765625 0.00145006179809569 -0.00469589233398436
-0.025909423828125 0.246414184570313 0.0203437805175781 0.0360679626464844
0.0729827880859375 0.224349975585938 0.0424842834472656 0.0531196594238281
0.079193115234375 0.207656860351563 0.0548973083496094 0.047332763671875
0.10107421875 0.221710205078125 0.0518798828125 0.0507316589355469
0.0666046142578125 0.24151611328125 0.0436325073242188 0.0569419860839844
-0.0279083251953125 0.248428344726563 0.0251045227050781 0.0175514221191406
-0.104217529296875 0.237075805664063 0.0378341674804687 -0.00375747680664061
-0.242919921875 0.135650634765625 0.07781982421875 -0.0164031982421875
-0.307373046875 0.049224853515625 0.1368408203125 0.0254440307617188
-0.296539306640625 -0.01177978515625 0.169021606445312 0.128768920898438
-0.32745361328125 -0.0760498046875001 -0.0287399291992188 -0.0786590576171875
-0.317596435546875 -0.030975341796875 -0.00479698181152346 -0.0201644897460938
-0.31494140625 0.032257080078125 0.0342884063720703 -0.0239658355712891
-0.244049072265625 0.151473999023438 0.0358161926269531 -0.0310134887695312
-0.142669677734375 0.208053588867187 0.00867843627929686 -0.055908203125
-0.0224151611328125 0.258743286132813 0.0028228759765625 -0.0375938415527344
0.076751708984375 0.2340087890625 -0.00290489196777343 -0.0218639373779297
0.083465576171875 0.216659545898438 0.000911712646484381 -0.0176601409912109
0.104537963867187 0.235427856445313 -0.000618934631347649 -0.0135250091552734
0.06268310546875 0.256072998046875 0.00820255279541016 -0.00711727142333983
-0.0411529541015625 0.258270263671875 0.00633049011230469 -0.0303153991699219
-0.1170654296875 0.239959716796875 0.0288047790527344 -0.0282001495361328
-0.253585815429687 0.128509521484375 0.0542869567871094 -0.0152549743652344
-0.31793212890625 0.0460205078125 0.0690536499023437 0.0457572937011719
-0.31298828125 -0.0133972167968749 0.069000244140625 0.1080322265625
-0.293212890625 -0.04840087890625 -0.12945556640625 -0.0950164794921875
-0.276611328125 -0.00465393066406251 -0.0779647827148438 -0.0157470703125
-0.261245727539063 0.0447540283203125 0.0120048522949219 -0.0175371170043945
-0.199264526367187 0.137176513671875 0.0316696166992187 -0.0537757873535156
-0.115753173828125 0.183090209960937 0.0057373046875 -0.098541259765625
-0.0131072998046875 0.229537963867188 -0.0209503173828125 -0.103073120117188
0.0695037841796875 0.206741333007813 -0.0494308471679688 -0.0915451049804687
0.075897216796875 0.192535400390625 -0.052093505859375 -0.0811538696289063
0.09063720703125 0.214553833007812 -0.0497360229492187 -0.0770034790039063
0.045196533203125 0.23016357421875 -0.0241317749023437 -0.0709381103515625
-0.052642822265625 0.224197387695313 -0.00877380371093751 -0.0739593505859375
-0.1156005859375 0.199356079101563 0.0204925537109375 -0.0484466552734375
-0.2257080078125 0.0954437255859375 0.0276870727539062 -0.0101490020751953
-0.2796630859375 0.0316619873046875 -0.00248718261718751 0.0606880187988281
-0.282806396484375 -0.0123596191406251 -0.033172607421875 0.0812759399414062
-0.2108154296875 -0.0185699462890625 -0.2161865234375 -0.107284545898438
-0.188735961914063 0.00950622558593748 -0.141983032226563 -0.012969970703125
-0.168045043945312 0.0348663330078125 -0.0156774520874024 -0.0107908248901367
-0.129997253417969 0.0917434692382813 0.0153083801269531 -0.0689010620117188
-0.07696533203125 0.125686645507813 -0.00534057617187501 -0.124336242675781
-0.00537109375000001 0.165069580078125 -0.0480499267578125 -0.149581909179688
0.050811767578125 0.149658203125 -0.0929718017578125 -0.145309448242187
0.0570144653320313 0.140350341796875 -0.097564697265625 -0.131431579589844
0.064483642578125 0.159393310546875 -0.08648681640625 -0.130836486816406
0.0235595703125 0.168060302734375 -0.044830322265625 -0.124801635742188
-0.0523223876953125 0.154159545898438 -0.0129623413085938 -0.105628967285156
-0.0901718139648438 0.12860107421875 0.0159568786621094 -0.0605735778808594
-0.15899658203125 0.05303955078125 0.0027933120727539 -0.00406503677368164
-0.19927978515625 0.0189666748046875 -0.0668144226074219 0.0650253295898438
-0.210281372070312 -0.00538635253906247 -0.122116088867188 0.0498275756835937
-0.0945816040039063 0.00759124755859376 -0.276321411132813 -0.113388061523437
-0.0749893188476563 0.00537872314453124 -0.186614990234375 -0.0117645263671875
-0.0605888366699219 0.00424575805664063 -0.0420112609863281 -0.00116348266601562
-0.0557670593261719 0.0253677368164062 -0.00469207763671876 -0.0712432861328125
-0.0398597717285156 0.0489082336425781 -0.0175323486328125 -0.130645751953125
-0.0064697265625 0.0784988403320313 -0.0714569091796875 -0.171737670898438
0.021636962890625 0.0718841552734375 -0.126632690429688 -0.174240112304688
0.0296554565429687 0.0661048889160156 -0.129074096679688 -0.161148071289063
0.0318145751953125 0.0795669555664063 -0.106887817382812 -0.165679931640625
0.0074005126953125 0.0798797607421875 -0.0513153076171875 -0.160507202148437
-0.0312004089355469 0.0647964477539063 -0.00786590576171876 -0.119781494140625
-0.0370750427246094 0.0481224060058594 0.0151634216308594 -0.0628623962402344
-0.0622062683105469 0.0231513977050781 -0.0181217193603516 0.00323677062988282
-0.089447021484375 0.0229721069335938 -0.115943908691406 0.0595321655273437
-0.108573913574219 0.0142364501953125 -0.184341430664063 0.021148681640625
-0.0196647644042969 -0.0462722778320313 0.205459594726562 -0.0569915771484375
-0.0485687255859375 -0.0507659912109375 0.137229919433594 -0.0721969604492188
-0.06591796875 -0.0103797912597656 0.00931167602539062 -0.0301017761230469
-0.0430488586425781 0.0212478637695312 -0.019989013671875 0.0500068664550781
-0.0255832672119141 0.0255165100097656 -0.00809478759765625 0.109260559082031
-0.00816535949707031 0.0231456756591797 0.0614013671875 0.166244506835938
0.00792694091796875 0.0246753692626953 0.1324462890625 0.172714233398437
0.00588417053222656 0.0210762023925781 0.153854370117188 0.153533935546875
0.0105857849121094 0.0116910934448242 0.145477294921875 0.160781860351563
0.0208034515380859 0.0172805786132813 0.0951080322265625 0.168350219726563
0.0222511291503906 0.0330295562744141 0.0485305786132813 0.11712646484375
0.00185394287109375 0.0483245849609375 0.0372047424316406 0.0572509765625
-0.0340766906738281 0.0403366088867188 0.0920257568359375 0.013519287109375
-0.0376091003417969 0.00965881347656251 0.215682983398438 -0.0055999755859375
-0.0111284255981445 -0.00158500671386719 0.3140869140625 0.133636474609375
-0.1412353515625 -0.0616607666015625 0.195114135742188 -0.0506439208984375
-0.153854370117187 -0.053497314453125 0.139114379882812 -0.05908203125
-0.171585083007812 0.000381469726562468 0.02734375 -0.0368690490722656
-0.126304626464844 0.0733795166015625 -0.00791931152343751 0.032684326171875
-0.0727386474609375 0.100273132324219 -0.0119247436523438 0.0827560424804688
-0.00820159912109374 0.11700439453125 0.0513763427734375 0.144241333007813
0.0432510375976562 0.107658386230469 0.11968994140625 0.154891967773437
0.0430374145507812 0.097869873046875 0.14288330078125 0.133636474609375
0.0535202026367188 0.0965576171875 0.137313842773438 0.138221740722656
0.0449447631835938 0.106918334960938 0.09771728515625 0.14666748046875
0.0080108642578125 0.120529174804688 0.0530166625976563 0.0938034057617188
-0.0360641479492187 0.127754211425781 0.044586181640625 0.0404586791992188
-0.118614196777344 0.0865936279296875 0.0981063842773437 -0.00322723388671874
-0.15228271484375 0.032867431640625 0.216049194335938 -0.0088653564453125
-0.132293701171875 0.000885009765625006 0.306671142578125 0.13238525390625
-0.244522094726562 -0.0724945068359375 0.146377563476563 -0.05584716796875
-0.2457275390625 -0.0500030517578125 0.114852905273438 -0.0468978881835938
-0.261322021484375 0.0134124755859375 0.0413360595703125 -0.03857421875
-0.197525024414063 0.118881225585938 0.0109081268310547 0.0124578475952149
-0.111587524414063 0.16400146484375 -0.00511932373046875 0.0417098999023438
-0.00872802734375002 0.197052001953125 0.0394134521484375 0.0958786010742188
0.0720062255859375 0.175079345703125 0.089813232421875 0.109939575195313
0.07489013671875 0.1600341796875 0.109825134277344 0.094268798828125
0.0933685302734375 0.166519165039063 0.106643676757813 0.0986328125
0.071136474609375 0.183273315429688 0.0828781127929688 0.107200622558594
0.00122070312500002 0.19818115234375 0.0465126037597656 0.0592613220214844
-0.0638885498046875 0.199783325195313 0.0451889038085937 0.0180206298828125
-0.187286376953125 0.129592895507813 0.0927581787109375 -0.0149688720703125
-0.245468139648438 0.0577392578125 0.188247680664062 -0.000106811523437496
-0.232452392578125 0.00546264648437503 0.25970458984375 0.125106811523438
-0.311737060546875 -0.067169189453125 0.0692596435546875 -0.0657386779785156
-0.30462646484375 -0.0321044921875001 0.0656242370605469 -0.0338096618652344
-0.313232421875 0.0355529785156249 0.0453758239746094 -0.0345306396484375
-0.235702514648438 0.15521240234375 0.0286788940429687 -0.0101490020751953
-0.1312255859375 0.207229614257812 0.00296354293823241 -0.00710964202880858
-0.0078125 0.24755859375 0.0238227844238281 0.031402587890625
0.0899200439453125 0.216567993164063 0.0482864379882813 0.0471611022949219
0.0946044921875 0.199172973632812 0.060699462890625 0.0396575927734375
0.118484497070313 0.211196899414062 0.0580291748046875 0.0448226928710938
0.0864410400390625 0.233932495117187 0.0518722534179688 0.0526580810546875
-0.00640869140625002 0.249542236328125 0.0292148590087891 0.0150432586669922
-0.084320068359375 0.24481201171875 0.0391159057617187 -0.00612258911132811
-0.231048583984375 0.154129028320313 0.0770263671875 -0.0190200805664062
-0.302032470703125 0.073211669921875 0.138221740722656 0.0174713134765625
-0.295013427734375 0.010406494140625 0.17974853515625 0.117141723632813
-0.331695556640625 -0.050048828125 -0.0288009643554688 -0.0778045654296875
-0.317413330078125 -0.00570678710937504 -0.00128173828125002 -0.0210800170898438
-0.313720703125 0.058837890625 0.0352821350097656 -0.0271682739257812
-0.230972290039063 0.170989990234375 0.0376129150390625 -0.0350875854492187
-0.124740600585938 0.2178955078125 0.00615692138671874 -0.0575981140136719
-0.000488281249999974 0.25958251953125 0.00123977661132813 -0.0394401550292969
0.095672607421875 0.225173950195313 -0.00221824645996093 -0.0238971710205078
0.100418090820313 0.207565307617188 0.00252532958984376 -0.0201854705810547
0.12445068359375 0.224441528320313 0.000760078430175789 -0.0145940780639648
0.085205078125 0.249099731445313 0.0119810104370117 -0.00792026519775389
-0.0181427001953125 0.260818481445313 0.00674057006835938 -0.0315589904785156
-0.0963592529296875 0.249099731445313 0.0283584594726562 -0.0296745300292969
-0.242996215820313 0.149307250976562 0.0541038513183594 -0.0159454345703125
-0.314453125 0.07257080078125 0.07281494140625 0.0418014526367188
-0.3121337890625 0.011322021484375 0.0790023803710937 0.104545593261719
-0.297149658203125 -0.02459716796875 -0.130401611328125 -0.0876617431640625
-0.277084350585938 0.018463134765625 -0.0736541748046875 -0.00965881347656251
-0.259490966796875 0.0687408447265625 0.0137996673583984 -0.0195503234863281
-0.187744140625 0.15484619140625 0.0310325622558594 -0.05731201171875
-0.0984954833984375 0.192626953125 -0.00115203857421875 -0.0991668701171875
0.00761413574218748 0.230010986328125 -0.0279006958007813 -0.101905822753906
0.087738037109375 0.1986083984375 -0.0544662475585937 -0.0888900756835937
0.0921783447265625 0.1842041015625 -0.055816650390625 -0.0783538818359375
0.109542846679688 0.204086303710938 -0.05364990234375 -0.0732879638671875
0.06671142578125 0.224319458007813 -0.0261726379394531 -0.0689353942871093
-0.0313873291015625 0.228378295898437 -0.0121078491210938 -0.07330322265625
-0.0977935791015625 0.209243774414063 0.0182342529296875 -0.0497970581054687
-0.218551635742187 0.11553955078125 0.0280036926269531 -0.00975799560546874
-0.2772216796875 0.0563507080078125 0.00304031372070311 0.0620498657226563
-0.2828369140625 0.00942993164062499 -0.0245895385742188 0.0849227905273438
-0.215118408203125 -0.000839233398437523 -0.218582153320313 -0.09320068359375
-0.19061279296875 0.026763916015625 -0.137252807617188 -0.00281524658203125
-0.168411254882813 0.052764892578125 -0.0128860473632813 -0.0110292434692383
-0.121330261230469 0.10546875 0.0131149291992188 -0.0706863403320313
-0.0638198852539063 0.133529663085937 -0.0146560668945313 -0.12310791015625
0.01043701171875 0.165725708007813 -0.0589141845703125 -0.14508056640625
0.0656585693359375 0.143646240234375 -0.101997375488281 -0.137702941894531
0.069610595703125 0.132614135742188 -0.105224609375 -0.1241455078125
0.0794830322265625 0.151931762695313 -0.0951004028320312 -0.12384033203125
0.0404052734375 0.16387939453125 -0.0521011352539063 -0.120361328125
-0.0363922119140625 0.158355712890625 -0.0195159912109375 -0.104377746582031
-0.0776214599609375 0.135971069335938 0.01220703125 -0.0620536804199219
-0.154296875 0.0687255859375 0.00371074676513671 -0.0018320083618164
-0.198577880859375 0.0384674072265625 -0.0605621337890625 0.0716171264648438
-0.211334228515625 0.0127105712890625 -0.116531372070313 0.0608978271484375
-0.0981979370117187 0.0157470703125 -0.279556274414063 -0.0943450927734375
-0.0778579711914062 0.0131683349609375 -0.18267822265625 0.00167846679687497
-0.0642433166503906 0.0134658813476563 -0.038665771484375 0.000572204589843749
-0.053497314453125 0.033599853515625 -0.00861358642578126 -0.0723190307617188
-0.0334548950195313 0.0542526245117188 -0.028228759765625 -0.128814697265625
0.002777099609375 0.0797119140625 -0.0845947265625 -0.164993286132813
0.0298995971679688 0.0686416625976563 -0.138275146484375 -0.163589477539063
0.0373611450195313 0.0621719360351563 -0.138961791992188 -0.14971923828125
0.04107666015625 0.07470703125 -0.11865234375 -0.155014038085938
0.0172500610351563 0.0780029296875 -0.0621337890625 -0.1541748046875
-0.0224685668945312 0.0680923461914063 -0.0172195434570312 -0.118331909179687
-0.0303535461425781 0.0526046752929688 0.0103874206542969 -0.062469482421875
-0.0591545104980469 0.0315513610839844 -0.0175561904907227 0.00629997253417969
-0.088714599609375 0.0340576171875 -0.109733581542969 0.0699462890625
-0.109138488769531 0.024658203125 -0.181976318359375 0.036163330078125
-0.0170669555664062 -0.0471076965332031 0.200439453125 -0.0659027099609375
-0.0489692687988281 -0.0524673461914062 0.130760192871094 -0.078948974609375
-0.0667495727539063 -0.0118370056152344 0.00719070434570312 -0.0307979583740234
-0.045013427734375 0.0201759338378906 -0.0177726745605469 0.0487480163574219
-0.0276889801025391 0.0263442993164063 -0.00291442871093751 0.10565185546875
-0.010894775390625 0.0245361328125 0.067169189453125 0.158004760742188
0.00593948364257812 0.0252437591552734 0.138076782226563 0.162200927734375
0.00425529479980469 0.0213603973388672 0.156967163085938 0.142257690429688
0.00776386260986328 0.0116748809814453 0.150787353515625 0.149459838867188
0.0181846618652344 0.0147380828857422 0.102813720703125 0.160308837890625
0.0215740203857422 0.0287570953369141 0.054962158203125 0.113700866699219
0.00449371337890625 0.0441246032714844 0.0392875671386719 0.0567855834960937
-0.0284194946289062 0.0388870239257813 0.0893783569335937 0.0106887817382813
-0.0324726104736328 0.00947952270507813 0.208251953125 -0.01385498046875
-0.00708818435668945 -0.00190925598144531 0.311798095703125 0.11865234375
-0.137489318847656 -0.0558242797851563 0.192138671875 -0.059478759765625
-0.151718139648438 -0.04931640625 0.135002136230469 -0.066436767578125
-0.169876098632812 0.00506591796875001 0.0257720947265625 -0.0384902954101563
-0.123832702636719 0.0760269165039062 -0.00556182861328126 0.0304107666015625
-0.0697021484375 0.101486206054687 -0.0073699951171875 0.07928466796875
-0.00624847412109375 0.117172241210938 0.0566635131835938 0.136360168457031
0.0450820922851563 0.104438781738281 0.125152587890625 0.14361572265625
0.0443801879882812 0.0943984985351563 0.14697265625 0.12249755859375
0.0546188354492188 0.0926742553710937 0.142669677734375 0.127090454101562
0.0475387573242187 0.100914001464844 0.105758666992188 0.137931823730469
0.0133514404296875 0.116172790527344 0.0593414306640625 0.0905532836914063
-0.0285186767578125 0.125679016113281 0.0467681884765625 0.0392112731933594
-0.110298156738281 0.0898208618164063 0.0958709716796875 -0.00496673583984374
-0.14532470703125 0.038543701171875 0.209487915039063 -0.01666259765625
-0.126686096191406 0.00630187988281249 0.306793212890625 0.11737060546875
-0.2401123046875 -0.0604705810546875 0.145355224609375 -0.0635986328125
-0.241226196289063 -0.041351318359375 0.112876892089844 -0.0527496337890625
-0.257720947265625 0.0239715576171875 0.0399932861328125 -0.0407562255859375
-0.190444946289062 0.124847412109375 0.0131454467773437 0.00877094268798829
-0.10406494140625 0.165542602539063 -0.00235748291015625 0.0385551452636719
-0.00155639648437498 0.194488525390625 0.0434341430664063 0.0892105102539063
0.077117919921875 0.168838500976562 0.094329833984375 0.100387573242188
0.0799560546875 0.153518676757813 0.112869262695313 0.0843734741210938
0.0984954833984375 0.158599853515625 0.111099243164063 0.08990478515625
0.077911376953125 0.175155639648437 0.0901336669921875 0.099945068359375
0.0115814208984375 0.1939697265625 0.0514450073242187 0.0558624267578125
-0.0525970458984375 0.198562622070313 0.0476951599121094 0.0169334411621094
-0.177200317382812 0.135513305664063 0.0909500122070312 -0.0153656005859375
-0.237319946289063 0.0686187744140625 0.184051513671875 -0.0066680908203125
-0.224899291992188 0.01513671875 0.261764526367188 0.113937377929687
-0.306915283203125 -0.050689697265625 0.0701866149902344 -0.0701255798339844
-0.29925537109375 -0.01861572265625 0.0668830871582031 -0.0385932922363281
-0.30712890625 0.050628662109375 0.0451545715332031 -0.037139892578125
-0.225372314453125 0.1629638671875 0.0308551788330078 -0.0142555236816406
-0.11944580078125 0.208816528320313 0.00374698638916015 -0.00939083099365233
0.00434875488281251 0.244140625 0.0251579284667969 0.0269241333007813
0.097747802734375 0.208084106445313 0.0509910583496094 0.0405693054199219
0.101821899414062 0.18988037109375 0.0630722045898438 0.0329780578613281
0.126724243164063 0.20098876953125 0.0612602233886719 0.0396270751953125
0.097076416015625 0.223709106445313 0.058013916015625 0.0478363037109375
0.00677490234375001 0.245407104492187 0.0331707000732422 0.0129528045654297
-0.0708770751953125 0.244430541992188 0.04071044921875 -0.00713348388671874
-0.220138549804687 0.162765502929687 0.0763931274414063 -0.0192947387695312
-0.29400634765625 0.0877685546875 0.13702392578125 0.0129852294921875
-0.287567138671875 0.02362060546875 0.183883666992187 0.1085205078125
-0.327911376953125 -0.032012939453125 -0.0261611938476563 -0.0783157348632813
-0.3114013671875 0.00955200195312498 0.00243186950683592 -0.0224475860595703
-0.30712890625 0.076995849609375 0.0363922119140625 -0.0295333862304688
-0.219589233398438 0.180252075195312 0.0390090942382812 -0.0386734008789062
-0.110946655273438 0.219863891601563 0.00480651855468749 -0.0582656860351562
0.0129852294921875 0.25543212890625 -0.000167846679687499 -0.0412864685058594
0.10552978515625 0.215072631835938 -0.000953674316406244 -0.0259685516357422
0.10906982421875 0.197555541992188 0.00327873229980469 -0.0230579376220703
0.134307861328125 0.21331787109375 0.00211143493652345 -0.0154953002929687
0.09820556640625 0.238616943359375 0.0155057907104492 -0.00993919372558592
-0.00302124023437498 0.258346557617187 0.00797843933105469 -0.032266616821289
-0.081939697265625 0.249984741210937 0.0287094116210937 -0.0308189392089844
-0.232818603515625 0.159683227539063 0.0547256469726562 -0.0156059265136719
-0.30670166015625 0.0876159667968749 0.0750503540039062 0.0400009155273438
-0.306488037109375 0.025909423828125 0.0848541259765625 0.100273132324219
-0.29541015625 -0.00906372070312497 -0.126754760742188 -0.0829620361328125
-0.271926879882812 0.0329589843749999 -0.0667686462402344 -0.00842666625976562
-0.254547119140625 0.0852508544921875 0.0168495178222656 -0.0207710266113281
-0.176239013671875 0.164566040039063 0.0316696166992187 -0.0601119995117188
-0.08489990234375 0.19366455078125 -0.00384521484375002 -0.0987548828125
0.0204315185546875 0.22540283203125 -0.0310592651367188 -0.100265502929687
0.0976715087890625 0.189300537109375 -0.0557174682617187 -0.0870819091796875
0.10028076171875 0.175125122070313 -0.0565643310546875 -0.0767745971679688
0.119903564453125 0.193206787109375 -0.0540847778320313 -0.0703811645507812
0.0802154541015625 0.215316772460938 -0.0251388549804687 -0.0669364929199218
-0.016815185546875 0.226638793945313 -0.0132293701171875 -0.0730056762695312
-0.0841522216796875 0.21142578125 0.0169448852539062 -0.0501136779785156
-0.209136962890625 0.126266479492187 0.0294609069824219 -0.00816917419433593
-0.271621704101563 0.071807861328125 0.00713348388671873 0.0621261596679688
-0.27789306640625 0.0242919921875 -0.0184326171875 0.0860748291015625
-0.214828491210938 0.01171875 -0.215072631835937 -0.0850830078125
-0.188140869140625 0.037445068359375 -0.129478454589844 0.00234222412109376
-0.166183471679688 0.065643310546875 -0.0090322494506836 -0.0117874145507812
-0.113800048828125 0.113754272460938 0.0121536254882812 -0.0723953247070312
-0.0535507202148437 0.135475158691406 -0.0193710327148437 -0.121177673339844
0.0209197998046875 0.1627197265625 -0.06402587890625 -0.140472412109375
0.0744705200195313 0.136146545410156 -0.105140686035156 -0.131820678710938
0.0767440795898438 0.125984191894531 -0.107101440429688 -0.118370056152344
0.088134765625 0.142440795898438 -0.0977096557617187 -0.117172241210938
0.0519256591796875 0.157272338867188 -0.0537338256835937 -0.115798950195312
-0.0243377685546875 0.158111572265625 -0.023040771484375 -0.102447509765625
-0.0665130615234375 0.13873291015625 0.00994110107421874 -0.0615730285644531
-0.148101806640625 0.0787200927734375 0.00489091873168945 0.000222206115722661
-0.194747924804687 0.051513671875 -0.0551605224609375 0.0748291015625
-0.20843505859375 0.0250701904296875 -0.109939575195313 0.0659561157226563
-0.100257873535156 0.0215530395507813 -0.276870727539063 -0.0840911865234375
-0.079803466796875 0.019500732421875 -0.175125122070313 0.00860595703125001
-0.0648117065429688 0.0212516784667969 -0.0349159240722656 -0.000667572021484366
-0.0505485534667969 0.0398330688476562 -0.0106887817382813 -0.0724563598632813
-0.0276145935058594 0.0571937561035156 -0.0342254638671875 -0.125045776367187
0.00976562500000001 0.0787734985351563 -0.090850830078125 -0.158050537109375
0.0363006591796875 0.0647048950195313 -0.142730712890625 -0.154144287109375
0.0421180725097656 0.0580024719238281 -0.142745971679688 -0.141220092773437
0.0471420288085937 0.0692100524902344 -0.122772216796875 -0.145843505859375
0.0246810913085938 0.0738143920898438 -0.0667724609375 -0.147323608398438
-0.0148429870605469 0.06884765625 -0.0215072631835938 -0.114646911621094
-0.0243644714355469 0.0545272827148438 0.00759124755859375 -0.0620574951171875
-0.0560455322265625 0.0384864807128906 -0.0154838562011719 0.00947761535644532
-0.0868148803710938 0.0426406860351563 -0.103622436523438 0.0760726928710937
-0.108749389648438 0.0326156616210938 -0.177566528320313 0.046295166015625
-0.0135536193847656 -0.0501632690429688 0.199417114257812 -0.071319580078125
-0.0496292114257813 -0.0562362670898437 0.128105163574219 -0.0833511352539063
-0.0692520141601563 -0.0153656005859375 0.00583267211914062 -0.0316715240478516
-0.0489501953125 0.0186996459960937 -0.0167121887207031 0.0469779968261719
-0.0314807891845703 0.0271129608154297 -0.00118255615234374 0.102569580078125
-0.0144805908203125 0.0270557403564453 0.0689239501953125 0.153533935546875
0.00368499755859375 0.0273323059082031 0.139923095703125 0.156768798828125
0.0015716552734375 0.0224170684814453 0.159423828125 0.136245727539063
0.00461101531982422 0.0131111145019531 0.154266357421875 0.143295288085938
0.01458740234375 0.0134496688842773 0.107925415039063 0.155624389648438
0.0202236175537109 0.0256423950195313 0.060150146484375 0.112739562988281
0.00507736206054688 0.0407447814941406 0.0411605834960938 0.0579681396484375
-0.0243911743164062 0.0363693237304688 0.0870437622070313 0.0108184814453125
-0.0283584594726562 0.00744438171386718 0.203033447265625 -0.0169830322265625
-0.00304532051086426 -0.0034935474395752 0.310302734375 0.114715576171875
-0.13360595703125 -0.055572509765625 0.192306518554688 -0.065093994140625
-0.150161743164063 -0.0507965087890625 0.133293151855469 -0.0709991455078125
-0.171630859375 0.00514221191406253 0.0253257751464844 -0.0404014587402344
-0.125114440917969 0.0757293701171875 -0.00359153747558595 0.0278663635253906
-0.0713653564453125 0.102798461914062 -0.00562286376953126 0.0757293701171875
-0.00652313232421875 0.118156433105469 0.0589447021484375 0.131217956542969
0.044647216796875 0.104736328125 0.127281188964844 0.1378173828125
0.0439376831054687 0.09320068359375 0.149276733398438 0.11566162109375
0.0543594360351562 0.0911407470703125 0.146270751953125 0.121353149414062
0.0474700927734375 0.0983352661132813 0.112045288085938 0.133186340332031
0.0151214599609375 0.112968444824219 0.0642929077148438 0.088592529296875
-0.0253982543945313 0.123046875 0.0494613647460938 0.039886474609375
-0.1053466796875 0.0897064208984375 0.0949249267578125 -0.00379180908203124
-0.140625 0.0411529541015625 0.206161499023438 -0.0192718505859375
-0.121978759765625 0.00729370117187498 0.307525634765625 0.112579345703125
-0.236297607421875 -0.056396484375 0.147247314453125 -0.0691375732421875
-0.2392578125 -0.0389556884765625 0.113319396972656 -0.0583572387695313
-0.257675170898438 0.02777099609375 0.0408935546875 -0.0441055297851563
-0.189544677734375 0.12701416015625 0.015634536743164 0.00565433502197266
-0.102310180664062 0.166488647460938 -0.000308990478515633 0.0356330871582031
0.000610351562500003 0.195404052734375 0.0450592041015625 0.0840301513671875
0.0788421630859375 0.166488647460938 0.0964508056640625 0.09454345703125
0.08062744140625 0.150588989257813 0.115890502929688 0.0780487060546875
0.100311279296875 0.154891967773438 0.114974975585938 0.0837783813476563
0.081329345703125 0.170608520507813 0.0956268310546875 0.094879150390625
0.0167388916015625 0.19091796875 0.0560264587402344 0.0534515380859375
-0.0472564697265625 0.197555541992187 0.0504798889160156 0.016937255859375
-0.172210693359375 0.138458251953125 0.091552734375 -0.0147552490234375
-0.232986450195312 0.07379150390625 0.182785034179687 -0.00839233398437499
-0.220947265625 0.0189056396484375 0.264892578125 0.109619140625
-0.304473876953125 -0.0433349609375001 0.0735092163085937 -0.0749664306640625
-0.29547119140625 -0.014007568359375 0.0694961547851563 -0.0426902770996094
-0.306182861328125 0.0581054687499999 0.0465660095214844 -0.0400772094726562
-0.221542358398438 0.167266845703125 0.0339069366455078 -0.0189228057861328
-0.115280151367187 0.209854125976563 0.00507354736328124 -0.0120983123779297
0.00930786132812499 0.243255615234375 0.0262985229492187 0.022735595703125
0.102035522460937 0.20416259765625 0.0525245666503906 0.0354957580566406
0.1053466796875 0.185775756835938 0.06494140625 0.0280990600585938
0.130874633789063 0.196014404296875 0.0643463134765625 0.0356521606445313
0.103271484375 0.217987060546875 0.0630722045898438 0.0437850952148438
0.0140838623046875 0.243484497070313 0.036590576171875 0.0106124877929688
-0.063629150390625 0.244842529296875 0.043212890625 -0.00793838500976561
-0.214828491210938 0.167755126953125 0.0782089233398438 -0.01751708984375
-0.28955078125 0.0955810546875001 0.137397766113281 0.01190185546875
-0.284271240234375 0.028717041015625 0.188461303710937 0.105850219726563
-0.326629638671875 -0.02294921875 -0.02142333984375 -0.0806655883789063
-0.30902099609375 0.01727294921875 0.00684356689453123 -0.0248298645019531
-0.304290771484375 0.086700439453125 0.0391311645507812 -0.0323028564453125
-0.214157104492187 0.1865234375 0.0420150756835937 -0.0426750183105469
-0.10491943359375 0.221298217773438 0.005401611328125 -0.0612983703613281
0.0199737548828125 0.254058837890625 7.62939453125274E-06 -0.0434989929199219
0.110610961914063 0.210006713867187 -0.000400543212890617 -0.0293827056884765
0.113861083984375 0.193069458007813 0.00446128845214845 -0.0262699127197265
0.14007568359375 0.20648193359375 0.00498199462890626 -0.0173110961914062
0.1063232421875 0.232742309570313 0.0197257995605469 -0.0127334594726562
0.00576782226562498 0.25732421875 0.0100574493408203 -0.0340785980224609
-0.0739898681640625 0.252059936523437 0.0301322937011719 -0.0313491821289062
-0.227890014648438 0.166793823242187 0.056549072265625 -0.014007568359375
-0.303436279296875 0.098114013671875 0.0773544311523437 0.03936767578125
-0.30462646484375 0.032196044921875 0.0903778076171875 0.0991134643554688
-0.295440673828125 0.000183105468749951 -0.122482299804688 -0.0835723876953125
-0.270599365234375 0.0413818359375 -0.0617599487304688 -0.00914001464843749
-0.252532958984375 0.0968170166015625 0.0205001831054687 -0.0235767364501953
-0.1702880859375 0.171401977539062 0.0337295532226562 -0.063507080078125
-0.0775146484375 0.195556640625 -0.00400543212890625 -0.0993881225585937
0.029296875 0.224044799804688 -0.0325393676757813 -0.100799560546875
0.103607177734375 0.183883666992187 -0.05535888671875 -0.0882492065429687
0.105545043945312 0.169891357421875 -0.056365966796875 -0.0774765014648437
0.126327514648438 0.18658447265625 -0.0528488159179687 -0.0699195861816406
0.0886383056640625 0.2103271484375 -0.0228500366210937 -0.0685348510742187
-0.00755310058593748 0.226654052734375 -0.0129852294921875 -0.0739212036132812
-0.076171875 0.214263916015625 0.0172843933105469 -0.0512466430664062
-0.205535888671875 0.133941650390625 0.0315322875976562 -0.00652313232421874
-0.269882202148438 0.081756591796875 0.010894775390625 0.0635185241699219
-0.276840209960938 0.0315399169921875 -0.0131988525390625 0.087371826171875
-0.216812133789063 0.0182952880859375 -0.211441040039063 -0.0839996337890625
-0.188827514648438 0.0451202392578125 -0.124176025390625 0.00290679931640624
-0.1656494140625 0.0760498046875 -0.00586795806884767 -0.0144567489624023
-0.109176635742187 0.120704650878906 0.013519287109375 -0.0750885009765625
-0.0472946166992188 0.137680053710938 -0.0215225219726562 -0.120712280273437
0.0290069580078125 0.16162109375 -0.0666885375976563 -0.139129638671875
0.080108642578125 0.131858825683594 -0.107002258300781 -0.130615234375
0.081787109375 0.121078491210938 -0.108200073242188 -0.117027282714844
0.0943679809570313 0.136642456054688 -0.097991943359375 -0.114616394042969
0.0595245361328125 0.152359008789063 -0.05279541015625 -0.11480712890625
-0.0158843994140625 0.158798217773438 -0.0240707397460937 -0.101982116699219
-0.060028076171875 0.141647338867187 0.00968551635742188 -0.0621261596679688
-0.145187377929687 0.086151123046875 0.00694179534912109 0.00221490859985352
-0.192916870117188 0.061004638671875 -0.0516586303710938 0.0770034790039062
-0.20867919921875 0.0320892333984375 -0.106033325195313 0.0691452026367188
-0.104240417480469 0.0254669189453125 -0.274658203125 -0.08099365234375
-0.0823593139648438 0.0243988037109375 -0.169876098632813 0.0103302001953125
-0.0669746398925781 0.0287628173828125 -0.0325832366943359 -0.00349235534667969
-0.0484695434570313 0.0460014343261719 -0.0108184814453125 -0.0747909545898438
-0.0226058959960938 0.0597419738769531 -0.0369110107421875 -0.124481201171875
0.0153961181640625 0.0785446166992188 -0.0946197509765625 -0.154861450195313
0.0412406921386719 0.0614128112792969 -0.14495849609375 -0.150619506835937
0.0464744567871094 0.0543594360351563 -0.143890380859375 -0.137619018554688
0.0520515441894531 0.0648727416992188 -0.12408447265625 -0.14202880859375
0.0308837890625 0.0705795288085938 -0.067840576171875 -0.144744873046875
-0.00873565673828124 0.0686569213867188 -0.0234603881835937 -0.113372802734375
-0.0186500549316406 0.0565681457519531 0.00682449340820313 -0.061065673828125
-0.0532073974609375 0.0439453125 -0.0141439437866211 0.0123195648193359
-0.0859603881835938 0.0502700805664062 -0.10028076171875 0.0794677734375
-0.109390258789063 0.0386886596679688 -0.174575805664063 0.0516357421875
-0.00947189331054688 -0.0555915832519531 0.20294189453125 -0.076873779296875
-0.0519027709960937 -0.0628471374511719 0.128746032714844 -0.0881881713867188
-0.0750198364257813 -0.01910400390625 0.00482177734375 -0.0334281921386719
-0.055084228515625 0.0173759460449219 -0.017242431640625 0.0465736389160156
-0.0372543334960937 0.0299148559570313 -0.000961303710937501 0.102531433105469
-0.0176753997802734 0.0312480926513672 0.0712738037109375 0.1531982421875
0.00115585327148437 0.0310516357421875 0.144119262695313 0.157135009765625
-0.0010528564453125 0.0252094268798828 0.16351318359375 0.135101318359375
0.00177860260009766 0.0153656005859375 0.159957885742188 0.14208984375
0.0111455917358398 0.0128879547119141 0.114013671875 0.15594482421875
0.0181865692138672 0.0224685668945312 0.06549072265625 0.114410400390625
0.00492477416992188 0.0376510620117188 0.0445060729980469 0.0610618591308594
-0.0211467742919922 0.0330429077148438 0.0870361328125 0.012237548828125
-0.0245227813720703 0.00501823425292968 0.20269775390625 -0.018951416015625
0.00164270401000977 -0.00596046447753906 0.31591796875 0.115509033203125
-0.132270812988281 -0.0587692260742187 0.19793701171875 -0.0723876953125
-0.154281616210938 -0.0552825927734375 0.135780334472656 -0.0774688720703125
-0.178436279296875 0.00425720214843752 0.0258369445800781 -0.0428352355957031
-0.131103515625 0.0783157348632813 -0.00281143188476563 0.0250091552734375
-0.0755386352539063 0.106941223144531 -0.00501251220703125 0.0740890502929687
-0.00806427001953125 0.123970031738281 0.0616836547851563 0.12884521484375
0.0448532104492187 0.107948303222656 0.131294250488281 0.135955810546875
0.0435943603515625 0.09576416015625 0.153839111328125 0.113204956054687
0.0544662475585938 0.0931320190429688 0.152450561523438 0.118148803710937
0.0476455688476562 0.0978851318359375 0.119186401367188 0.132049560546875
0.015625 0.111793518066406 0.0711669921875 0.0890579223632813
-0.0235519409179688 0.123321533203125 0.0537910461425781 0.0416793823242188
-0.1033935546875 0.0908279418945313 0.096649169921875 -0.00231933593749999
-0.138923645019531 0.0413818359375 0.20745849609375 -0.0203857421875
-0.119796752929687 0.00766754150390624 0.31500244140625 0.113555908203125
-0.237258911132813 -0.055908203125 0.153884887695312 -0.0765380859375
-0.2418212890625 -0.0404052734375 0.116958618164062 -0.0642547607421875
-0.263870239257813 0.030242919921875 0.04193115234375 -0.0473518371582031
-0.193984985351562 0.131866455078125 0.0178070068359375 0.0013256072998047
-0.105804443359375 0.172256469726563 8.58306884765542E-05 0.0320987701416016
0.00215148925781248 0.20050048828125 0.0469741821289062 0.0803985595703125
0.081329345703125 0.17010498046875 0.100662231445313 0.0914459228515625
0.0832061767578125 0.15301513671875 0.120285034179688 0.0740203857421875
0.104034423828125 0.15618896484375 0.120353698730469 0.0804901123046875
0.085113525390625 0.171127319335938 0.103218078613281 0.0928955078125
0.019775390625 0.19232177734375 0.0618667602539063 0.051727294921875
-0.0449676513671875 0.200836181640625 0.0542640686035156 0.0182151794433594
-0.171463012695313 0.143264770507813 0.094940185546875 -0.0118637084960937
-0.233474731445313 0.0797424316406251 0.185958862304687 -0.00875854492187499
-0.221237182617187 0.02166748046875 0.27374267578125 0.109710693359375
-0.308258056640625 -0.040008544921875 0.0790023803710937 -0.0820159912109375
-0.2996826171875 -0.0117492675781249 0.0735244750976562 -0.0488510131835937
-0.31109619140625 0.06549072265625 0.0488090515136719 -0.0441856384277344
-0.224334716796875 0.174774169921875 0.0369491577148437 -0.0236968994140625
-0.11529541015625 0.215713500976563 0.00612354278564453 -0.0167484283447265
0.0137939453125 0.248214721679688 0.0272274017333984 0.0188045501708984
0.10675048828125 0.205810546875 0.0551567077636719 0.031585693359375
0.109237670898437 0.187149047851563 0.068267822265625 0.0239295959472656
0.13702392578125 0.195541381835937 0.0695381164550781 0.0324325561523438
0.110244750976562 0.218002319335938 0.0698432922363281 0.0401191711425781
0.0200042724609375 0.247207641601562 0.0413475036621094 0.00777435302734376
-0.0596466064453125 0.250701904296875 0.0467338562011719 -0.00819778442382811
-0.215560913085938 0.175369262695312 0.0821304321289062 -0.0155868530273437
-0.29266357421875 0.10418701171875 0.142044067382812 0.0124359130859375
-0.28753662109375 0.033050537109375 0.197525024414062 0.106094360351562
-0.331817626953125 -0.0165100097656249 -0.0177383422851563 -0.0867996215820313
-0.31292724609375 0.0226745605468751 0.011932373046875 -0.0294361114501953
-0.308929443359375 0.0980224609375 0.0433540344238281 -0.0369644165039062
-0.213607788085938 0.196060180664063 0.0459556579589844 -0.0490150451660156
-0.102203369140625 0.227081298828125 0.00652694702148437 -0.065460205078125
0.0268096923828125 0.258621215820312 0.000205993652343753 -0.0474700927734375
0.117630004882813 0.210357666015625 1.90734863281816E-06 -0.0331459045410156
0.11968994140625 0.19366455078125 0.00568580627441407 -0.0305976867675781
0.147506713867188 0.205780029296875 0.0072917938232422 -0.0212593078613281
0.115020751953125 0.232498168945313 0.0238838195800781 -0.0169963836669922
0.0138702392578125 0.2618408203125 0.0128746032714844 -0.0380210876464844
-0.0693817138671875 0.258636474609375 0.0330982208251953 -0.0330924987792969
-0.2301025390625 0.176193237304688 0.0607681274414062 -0.0121917724609375
-0.30755615234375 0.107269287109375 0.0820388793945312 0.0404891967773438
-0.308868408203125 0.03778076171875 0.098480224609375 0.100387573242188
-0.3028564453125 0.00787353515625 -0.120437622070313 -0.0883407592773437
-0.275619506835938 0.04852294921875 -0.0572052001953125 -0.011474609375
-0.255874633789063 0.109100341796875 0.0241928100585937 -0.0280628204345703
-0.168869018554687 0.181976318359375 0.0366363525390625 -0.0691986083984375
-0.0735626220703125 0.20147705078125 -0.0048828125 -0.103805541992187
0.03692626953125 0.227081298828125 -0.03448486328125 -0.104530334472656
0.1112060546875 0.183181762695312 -0.0575942993164063 -0.091827392578125
0.11224365234375 0.16937255859375 -0.057098388671875 -0.0806503295898437
0.134323120117188 0.184722900390625 -0.0522842407226562 -0.0727615356445312
0.0978851318359375 0.209075927734375 -0.0202407836914062 -0.0723648071289062
0.000793457031250015 0.230499267578125 -0.0120849609375 -0.0770797729492188
-0.0712127685546875 0.220306396484375 0.0190773010253906 -0.0525779724121094
-0.2061767578125 0.14410400390625 0.0355072021484375 -0.00436401367187499
-0.274322509765625 0.09326171875 0.0146865844726562 0.0658454895019531
-0.282440185546875 0.0381164550781249 -0.00841522216796877 0.0894393920898438
-0.2244873046875 0.0252685546875 -0.212295532226563 -0.08642578125
-0.19427490234375 0.052459716796875 -0.120941162109375 0.00203704833984375
-0.167877197265625 0.0881500244140625 -0.0027904510498047 -0.0194206237792969
-0.10675048828125 0.130508422851563 0.0149993896484375 -0.0810089111328125
-0.0421905517578125 0.142135620117188 -0.0230255126953125 -0.124580383300781
0.03619384765625 0.164306640625 -0.0697021484375 -0.141433715820312
0.0879287719726563 0.130119323730469 -0.110565185546875 -0.133407592773438
0.0884628295898437 0.119827270507813 -0.110618591308594 -0.118911743164062
0.101936340332031 0.133964538574219 -0.0998764038085938 -0.116287231445312
0.0681304931640625 0.151031494140625 -0.0527801513671875 -0.117790222167969
-0.0081787109375 0.162109375 -0.0242843627929688 -0.105255126953125
-0.054901123046875 0.146331787109375 0.00993347167968749 -0.0636253356933593
-0.14404296875 0.0949554443359375 0.00986099243164062 0.0044088363647461
-0.1961669921875 0.0723114013671875 -0.0479812622070313 0.08038330078125
-0.213577270507813 0.0387115478515625 -0.103752136230469 0.0729751586914062
-0.110557556152344 0.030853271484375 -0.278640747070313 -0.0834808349609375
-0.0868682861328125 0.0301361083984375 -0.1693115234375 0.0100860595703125
-0.0692481994628906 0.0373878479003906 -0.0302314758300781 -0.00709152221679687
-0.0466194152832031 0.0519561767578125 -0.0113067626953125 -0.0790939331054688
-0.0194969177246094 0.0632438659667969 -0.04022216796875 -0.126739501953125
0.0218048095703125 0.0799102783203125 -0.09930419921875 -0.155990600585938
0.0465316772460937 0.0592193603515625 -0.150146484375 -0.150634765625
0.0514335632324219 0.0523452758789063 -0.148712158203125 -0.138275146484375
0.0569610595703125 0.06085205078125 -0.127395629882813 -0.14276123046875
0.0369987487792969 0.0676422119140625 -0.0691375732421875 -0.1468505859375
-0.00216293334960937 0.0692176818847656 -0.024658203125 -0.114608764648438
-0.0136070251464844 0.0592842102050781 0.00639724731445312 -0.0618515014648437
-0.0505905151367187 0.0509109497070312 -0.0119600296020508 0.0154180526733398
-0.0862579345703125 0.0604705810546875 -0.0985336303710938 0.0847320556640625
-0.113059997558594 0.0452728271484375 -0.176498413085938 0.0568695068359375
-0.0069122314453125 -0.0643463134765625 0.209030151367188 -0.088714599609375
-0.0579986572265625 -0.0704879760742188 0.129058837890625 -0.097808837890625
-0.0838165283203125 -0.0223236083984375 0.003082275390625 -0.035797119140625
-0.0626983642578125 0.0191650390625 -0.0179328918457031 0.0470161437988281
-0.0427818298339844 0.0344963073730469 0.000732421875000003 0.104660034179688
-0.0217323303222656 0.0376167297363281 0.07684326171875 0.15435791015625
-0.00152206420898438 0.0368766784667969 0.153732299804687 0.156112670898438
-0.0027923583984375 0.0288448333740234 0.173919677734375 0.13226318359375
-0.00141716003417969 0.0182876586914063 0.1705322265625 0.139846801757813
0.00675487518310547 0.013707160949707 0.12554931640625 0.156143188476563
0.0153961181640625 0.0191421508789063 0.0747756958007813 0.1165771484375
0.00430870056152343 0.0349349975585938 0.0500564575195313 0.0641403198242188
-0.01904296875 0.0295791625976563 0.0896759033203125 0.0124130249023438
-0.0208549499511719 0.000324249267578124 0.205184936523438 -0.023040771484375
0.00665950775146484 -0.00999259948730469 0.329803466796875 0.114349365234375
-0.133995056152344 -0.0614242553710938 0.205459594726562 -0.0852508544921875
-0.161483764648438 -0.0589752197265625 0.13824462890625 -0.0875167846679688
-0.189056396484375 0.00607299804687498 0.0244712829589844 -0.0472030639648438
-0.139129638671875 0.0844879150390625 -0.00264739990234376 0.0227813720703125
-0.079254150390625 0.11553955078125 -0.00397491455078126 0.0732879638671875
-0.00684356689453124 0.131843566894531 0.0658798217773438 0.128387451171875
0.047576904296875 0.113807678222656 0.140396118164063 0.133682250976563
0.0449676513671875 0.100227355957031 0.1634521484375 0.10894775390625
0.0573654174804687 0.096771240234375 0.163406372070313 0.11444091796875
0.0490264892578125 0.0987091064453125 0.131248474121094 0.129280090332031
0.018280029296875 0.113143920898438 0.08001708984375 0.08795166015625
-0.021026611328125 0.125358581542969 0.0601234436035156 0.0439224243164063
-0.102279663085938 0.0933303833007813 0.101585388183594 -0.00142669677734374
-0.138313293457031 0.0455398559570313 0.213241577148437 -0.0243377685546875
-0.118782043457031 0.00875091552734375 0.331756591796875 0.109954833984375
-0.242828369140625 -0.0539245605468749 0.161117553710937 -0.0898284912109375
-0.251129150390625 -0.039825439453125 0.120941162109375 -0.0754318237304688
-0.274810791015625 0.0379486083984375 0.0427131652832031 -0.0533905029296875
-0.200942993164063 0.142623901367187 0.0199146270751953 -0.00431442260742187
-0.107162475585937 0.1834716796875 0.00116920471191406 0.0282192230224609
0.00781249999999998 0.210891723632813 0.049713134765625 0.0777130126953125
0.0882110595703125 0.174957275390625 0.106735229492188 0.0867691040039063
0.0897216796875 0.156768798828125 0.127189636230469 0.0686111450195313
0.111328125 0.158889770507813 0.129493713378906 0.0753860473632813
0.092620849609375 0.172271728515625 0.114761352539063 0.0881423950195313
0.026214599609375 0.197174072265625 0.0703048706054688 0.049346923828125
-0.0392608642578125 0.207260131835938 0.06060791015625 0.0175399780273438
-0.1717529296875 0.1514892578125 0.101295471191406 -0.01190185546875
-0.235610961914062 0.0886993408203125 0.194259643554687 -0.01220703125
-0.225204467773438 0.0266876220703125 0.29168701171875 0.10626220703125
-0.317047119140625 -0.0326232910156251 0.0851593017578125 -0.0939483642578125
-0.308563232421875 -0.00552368164062495 0.0784149169921875 -0.05804443359375
-0.319671630859375 0.0779418945312499 0.051300048828125 -0.0510368347167969
-0.227676391601562 0.189071655273438 0.0401191711425781 -0.0312614440917969
-0.114212036132812 0.227447509765625 0.00635147094726562 -0.022369384765625
0.0225372314453125 0.257965087890625 0.0285568237304688 0.0138397216796875
0.116317749023437 0.209396362304688 0.0585250854492188 0.0263710021972656
0.119354248046875 0.190170288085937 0.0724334716796875 0.0183334350585938
0.148468017578125 0.197021484375 0.0756072998046875 0.02655029296875
0.122634887695313 0.219131469726563 0.0780105590820313 0.03460693359375
0.0308837890625 0.254196166992188 0.046844482421875 0.00352859497070314
-0.0531158447265625 0.26171875 0.0523109436035156 -0.00996017456054686
-0.216262817382813 0.190032958984375 0.0893478393554687 -0.0154800415039062
-0.297454833984375 0.1187744140625 0.15081787109375 0.00981140136718751
-0.29449462890625 0.042572021484375 0.213241577148437 0.104263305664062
-0.343017578125 -0.00527954101562497 -0.01483154296875 -0.0960693359375
-0.32281494140625 0.03399658203125 0.0159263610839844 -0.036346435546875
-0.31512451171875 0.1148681640625 0.0466690063476562 -0.0435295104980469
-0.213638305664063 0.213150024414062 0.0487823486328125 -0.0578727722167969
-0.097930908203125 0.239120483398438 0.00563049316406249 -0.0728225708007812
0.03948974609375 0.266693115234375 -0.00158309936523437 -0.0536422729492187
0.128890991210938 0.212356567382813 0.000385284423828133 -0.0390815734863281
0.131118774414063 0.1947021484375 0.00691223144531251 -0.0354080200195312
0.160903930664063 0.206039428710938 0.0101203918457031 -0.0259971618652344
0.129959106445313 0.233627319335938 0.0286407470703125 -0.0237884521484375
0.0260162353515625 0.269989013671875 0.0150833129882813 -0.0429306030273437
-0.0605621337890625 0.271774291992188 0.0361099243164062 -0.0361061096191406
-0.231002807617188 0.192718505859375 0.0682220458984375 -0.0126991271972656
-0.313934326171875 0.12615966796875 0.0901107788085937 0.040435791015625
-0.3179931640625 0.0495300292968751 0.110420227050781 0.100212097167969
-0.31561279296875 0.02099609375 -0.12237548828125 -0.0943603515625
-0.284454345703125 0.06256103515625 -0.0544891357421875 -0.0149154663085937
-0.260009765625 0.12799072265625 0.0279979705810547 -0.0339984893798828
-0.165359497070313 0.198013305664062 0.0393524169921875 -0.0792999267578125
-0.066864013671875 0.211318969726563 -0.0066986083984375 -0.111000061035156
0.05096435546875 0.233596801757813 -0.0381698608398438 -0.109832763671875
0.123336791992187 0.183639526367188 -0.061431884765625 -0.0957870483398437
0.1234130859375 0.168685913085938 -0.0598068237304687 -0.0851058959960937
0.148208618164062 0.182113647460938 -0.0540313720703125 -0.0765457153320312
0.1124267578125 0.208511352539063 -0.0195465087890625 -0.0787506103515625
0.01300048828125 0.238388061523438 -0.0119552612304687 -0.0831298828125
-0.0630340576171875 0.231582641601562 0.0201530456542969 -0.0569114685058594
-0.20782470703125 0.160003662109375 0.0412178039550781 -0.00466156005859374
-0.279678344726563 0.111404418945312 0.0216636657714844 0.0683441162109375
-0.291290283203125 0.0499877929687499 -0.000564575195312508 0.0923614501953125
-0.235519409179688 0.038360595703125 -0.218841552734375 -0.0885162353515625
-0.200592041015625 0.0665283203125 -0.120086669921875 0.00167846679687503
-0.169723510742188 0.104568481445313 -3.62396240234496E-05 -0.0243988037109375
-0.102005004882812 0.1441650390625 0.0147933959960937 -0.0896530151367188
-0.034942626953125 0.150314331054688 -0.0274505615234375 -0.130126953125
0.0489654541015625 0.167343139648437 -0.07635498046875 -0.145706176757812
0.0981216430664063 0.127670288085938 -0.117698669433594 -0.136611938476562
0.0989761352539063 0.117851257324219 -0.117645263671875 -0.122520446777344
0.1129150390625 0.130020141601563 -0.105583190917969 -0.118904113769531
0.0801544189453125 0.149124145507813 -0.0557022094726562 -0.123878479003906
0.00199890136718749 0.165863037109375 -0.0272903442382813 -0.110130310058594
-0.04693603515625 0.15386962890625 0.00963973999023436 -0.0667839050292969
-0.143585205078125 0.1082763671875 0.014430046081543 0.00627899169921876
-0.199264526367188 0.088104248046875 -0.043975830078125 0.0863113403320313
-0.221450805664063 0.0511322021484375 -0.101593017578125 0.0790786743164063
-0.119308471679687 0.0407257080078125 -0.290130615234375 -0.0822753906250001
-0.0930252075195313 0.0393447875976562 -0.171112060546875 0.0118560791015625
-0.070831298828125 0.0488815307617188 -0.0297641754150391 -0.0117015838623047
-0.0436286926269531 0.0614128112792969 -0.014404296875 -0.086273193359375
-0.0141792297363281 0.0678863525390625 -0.0465469360351562 -0.131210327148438
0.0304794311523438 0.0812454223632813 -0.108184814453125 -0.158096313476562
0.0545501708984375 0.0560798645019531 -0.160247802734375 -0.151351928710937
0.0582962036132813 0.0478973388671875 -0.157470703125 -0.138763427734375
0.064910888671875 0.0555610656738281 -0.13482666015625 -0.14483642578125
0.0451011657714844 0.0638504028320313 -0.074920654296875 -0.15069580078125
0.0054473876953125 0.0698585510253906 -0.0283203125 -0.118789672851563
-0.00647354125976562 0.0611000061035156 0.00577163696289062 -0.0642242431640625
-0.0465812683105469 0.0598869323730469 -0.00906944274902344 0.017669677734375
-0.0855789184570313 0.073394775390625 -0.096343994140625 0.0924835205078125
-0.117233276367188 0.0563201904296875 -0.179031372070313 0.0660247802734375
-0.0070648193359375 -0.0737838745117187 0.211105346679688 -0.10784912109375
-0.0675277709960938 -0.076995849609375 0.125595092773438 -0.110801696777344
-0.09552001953125 -0.0214309692382813 1.52587890624964E-05 -0.0380134582519531
-0.072113037109375 0.0235824584960938 -0.0168914794921875 0.0485000610351563
-0.048095703125 0.042694091796875 0.00435638427734375 0.1060791015625
-0.0234184265136719 0.04632568359375 0.085693359375 0.153060913085938
-0.000984191894531252 0.0442733764648438 0.167251586914063 0.150848388671875
-0.00452804565429688 0.0348701477050781 0.185165405273438 0.125228881835938
-0.00439262390136719 0.0238380432128906 0.18377685546875 0.132278442382813
0.00235366821289063 0.0152864456176758 0.14111328125 0.15191650390625
0.0119161605834961 0.0170011520385742 0.0880889892578125 0.114540100097656
0.00398826599121094 0.0312309265136719 0.0585365295410156 0.0650367736816406
-0.0158920288085938 0.0245361328125 0.0921173095703125 0.0124435424804688
-0.0178928375244141 -0.00532913208007813 0.206817626953125 -0.031829833984375
0.012751579284668 -0.0160036087036133 0.3470458984375 0.1043701171875
-0.137710571289063 -0.0637969970703125 0.208984375 -0.105911254882812
-0.17254638671875 -0.0596771240234375 0.136360168457031 -0.10296630859375
-0.20025634765625 0.014739990234375 0.0226593017578125 -0.053375244140625
-0.145553588867188 0.0960235595703125 -0.00130271911621095 0.0194797515869141
-0.0801162719726562 0.127326965332031 -0.0012969970703125 0.0723037719726563
-0.00173950195312501 0.142013549804688 0.0722885131835938 0.12506103515625
0.053619384765625 0.119888305664063 0.151687622070313 0.126708984375
0.0503005981445313 0.104873657226563 0.1741943359375 0.0996246337890625
0.0608062744140625 0.0996246337890625 0.175582885742188 0.104782104492188
0.0528945922851563 0.0998306274414063 0.146270751953125 0.1217041015625
0.0218124389648438 0.113296508789063 0.092926025390625 0.0835418701171875
-0.0159759521484375 0.126808166503906 0.0692329406738281 0.0423507690429688
-0.0979537963867188 0.0971527099609375 0.107070922851563 -0.00363159179687499
-0.135841369628906 0.0502166748046875 0.217697143554688 -0.0339813232421875
-0.116867065429687 0.0104217529296875 0.35211181640625 0.09716796875
-0.24981689453125 -0.04669189453125 0.163711547851562 -0.109695434570313
-0.262130737304688 -0.0317535400390625 0.120857238769531 -0.0903167724609375
-0.284820556640625 0.05267333984375 0.041839599609375 -0.0608482360839844
-0.20367431640625 0.159439086914063 0.0203113555908203 -0.0110111236572266
-0.103240966796875 0.197128295898438 0.001922607421875 0.024566650390625
0.0191650390625 0.220199584960938 0.0532913208007812 0.0731201171875
0.09954833984375 0.178741455078125 0.114738464355469 0.07940673828125
0.099853515625 0.158660888671875 0.135871887207031 0.0584259033203125
0.12237548828125 0.158615112304688 0.139808654785156 0.06536865234375
0.10382080078125 0.170669555664063 0.1278076171875 0.0783462524414063
0.0378265380859375 0.199859619140625 0.0799026489257813 0.0427093505859375
-0.0287322998046875 0.215057373046875 0.0687217712402344 0.0147171020507813
-0.165634155273438 0.164443969726562 0.1085205078125 -0.01434326171875
-0.234664916992187 0.103103637695312 0.201187133789063 -0.0211639404296875
-0.226287841796875 0.036651611328125 0.312225341796875 0.094757080078125
-0.325836181640625 -0.0174560546875 0.0867919921875 -0.111099243164062
-0.318389892578125 0.00900268554687494 0.0796585083007812 -0.0711593627929688
-0.326019287109375 0.099090576171875 0.052276611328125 -0.0604248046875
-0.224700927734375 0.208984375 0.0405158996582031 -0.0425148010253906
-0.105316162109375 0.241973876953125 0.00482940673828125 -0.0289363861083984
0.0390472412109375 0.265945434570313 0.02813720703125 0.00720787048339845
0.13177490234375 0.209686279296875 0.061309814453125 0.018951416015625
0.133163452148438 0.189498901367188 0.0766220092773438 0.00944519042968751
0.164352416992187 0.194198608398438 0.081451416015625 0.0179901123046875
0.13983154296875 0.217086791992188 0.0867233276367188 0.0243606567382813
0.0479278564453125 0.259765625 0.0524826049804688 -0.00410079956054686
-0.0381622314453125 0.271881103515625 0.05810546875 -0.0141716003417969
-0.211151123046875 0.208541870117188 0.0976333618164062 -0.0196762084960937
-0.2965087890625 0.140869140625 0.15966796875 0.00216674804687501
-0.29901123046875 0.0589904785156251 0.233123779296875 0.0950164794921875
-0.354034423828125 0.015777587890625 -0.015899658203125 -0.107803344726563
-0.329010009765625 0.054290771484375 0.0184974670410156 -0.0457687377929688
-0.316558837890625 0.140106201171875 0.048095703125 -0.0528945922851562
-0.205413818359375 0.233016967773438 0.0488014221191406 -0.0702552795410156
-0.0855255126953125 0.252334594726563 0.00218963623046875 -0.0806732177734375
0.0583343505859375 0.271286010742187 -0.00547027587890624 -0.0597419738769531
0.14654541015625 0.209609985351563 -0.00179672241210936 -0.0451240539550781
0.146728515625 0.19134521484375 0.00656127929687501 -0.0423545837402344
0.179534912109375 0.200057983398438 0.0106563568115234 -0.0319862365722656
0.14996337890625 0.228317260742188 0.0320205688476563 -0.0326004028320312
0.046173095703125 0.275726318359375 0.0154876708984375 -0.0504417419433594
-0.043426513671875 0.2840576171875 0.0394096374511719 -0.0414810180664062
-0.225494384765625 0.215423583984375 0.0760955810546875 -0.0162506103515625
-0.314361572265625 0.15203857421875 0.099945068359375 0.0367660522460938
-0.32403564453125 0.06964111328125 0.126564025878906 0.0968017578125
-0.32525634765625 0.0444335937499999 -0.126373291015625 -0.0985260009765625
-0.28887939453125 0.0858154296874999 -0.05145263671875 -0.0185089111328125
-0.256439208984375 0.153060913085938 0.0295944213867187 -0.0429878234863281
-0.152816772460938 0.217391967773437 0.0377349853515625 -0.0912628173828125
-0.0523834228515625 0.222488403320313 -0.01318359375 -0.118598937988281
0.070526123046875 0.235443115234375 -0.046112060546875 -0.114707946777344
0.139633178710938 0.177764892578125 -0.0680618286132813 -0.099884033203125
0.139480590820313 0.163726806640625 -0.0658493041992188 -0.0887680053710937
0.1654052734375 0.174652099609375 -0.0588531494140625 -0.0806121826171875
0.130859375 0.203048706054688 -0.0219192504882812 -0.0864944458007812
0.03228759765625 0.24359130859375 -0.01629638671875 -0.08941650390625
-0.0462493896484375 0.243484497070312 0.0205039978027344 -0.0611839294433594
-0.201156616210937 0.18145751953125 0.0487403869628906 -0.00698471069335936
-0.27862548828125 0.137481689453125 0.0305633544921875 0.0684623718261719
-0.29827880859375 0.0712890625 0.0106353759765625 0.0940093994140625
-0.24432373046875 0.0590362548828125 -0.22760009765625 -0.08599853515625
-0.204421997070313 0.0856475830078125 -0.119148254394531 0.00244903564453125
-0.165939331054687 0.126266479492188 0.000854492187499992 -0.0305519104003906
-0.0904388427734375 0.15826416015625 0.0106124877929687 -0.0994033813476563
-0.021942138671875 0.15765380859375 -0.036163330078125 -0.13616943359375
0.066253662109375 0.166763305664062 -0.0875244140625 -0.147567749023438
0.112174987792969 0.121124267578125 -0.129142761230469 -0.1356201171875
0.111541748046875 0.110191345214844 -0.127395629882812 -0.121955871582031
0.126518249511719 0.121559143066406 -0.113441467285156 -0.120376586914062
0.0950469970703125 0.141998291015625 -0.0626754760742188 -0.128303527832031
0.0181121826171875 0.168136596679688 -0.03338623046875 -0.115058898925781
-0.0330963134765625 0.1612548828125 0.008270263671875 -0.0707931518554687
-0.136528015136719 0.125045776367187 0.0206508636474609 0.00572586059570313
-0.195968627929688 0.111480712890625 -0.0356063842773438 0.0912017822265625
-0.225372314453125 0.0707244873046875 -0.0961456298828125 0.0873184204101563
-0.125518798828125 0.0558929443359375 -0.302093505859375 -0.0732421875
-0.0965957641601563 0.0535430908203125 -0.17327880859375 0.0168914794921875
-0.0684318542480469 0.0626602172851563 -0.0306816101074219 -0.0163707733154297
-0.0359268188476562 0.0714187622070313 -0.0210952758789063 -0.0930099487304687
-0.00498199462890625 0.0719985961914062 -0.0573196411132813 -0.133712768554688
0.042205810546875 0.0803146362304688 -0.12164306640625 -0.156707763671875
0.0638198852539063 0.0497665405273438 -0.174468994140625 -0.147491455078125
0.0660514831542969 0.0405616760253906 -0.169647216796875 -0.13519287109375
0.0725021362304688 0.0471038818359375 -0.146194458007813 -0.141937255859375
0.0535774230957031 0.0562362670898438 -0.0836639404296875 -0.152481079101563
0.0159378051757812 0.0684928894042969 -0.0346908569335937 -0.121086120605469
0.00380706787109375 0.0620346069335938 0.00404739379882813 -0.0659904479980469
-0.0378303527832031 0.0692672729492188 -0.00395393371582032 0.0201301574707031
-0.0798263549804688 0.0890121459960938 -0.0894622802734375 0.101951599121094
-0.118682861328125 0.0719528198242188 -0.17791748046875 0.0804901123046875
-0.0103378295898437 -0.0853195190429688 0.202621459960938 -0.127670288085938
-0.0801467895507813 -0.0804977416992188 0.115196228027344 -0.122940063476562
-0.106765747070313 -0.0171356201171875 -0.004730224609375 -0.0397071838378906
-0.0797882080078125 0.03289794921875 -0.0167045593261719 0.0487594604492188
-0.0497093200683594 0.0526237487792969 0.00936126708984376 0.104751586914063
-0.0225181579589844 0.0559425354003906 0.094451904296875 0.14788818359375
0.00227737426757813 0.0517501831054688 0.177520751953125 0.13916015625
-0.00360488891601562 0.04156494140625 0.194107055664062 0.111007690429688
-0.005157470703125 0.0305328369140625 0.194259643554688 0.117813110351563
-0.00160789489746094 0.0202350616455078 0.153976440429688 0.14019775390625
0.00640106201171875 0.0155763626098633 0.100112915039062 0.106956481933594
0.00223541259765625 0.0265998840332031 0.0667533874511719 0.063140869140625
-0.0137443542480469 0.0175437927246094 0.0938644409179688 0.010833740234375
-0.0161838531494141 -0.0128040313720703 0.204147338867188 -0.04071044921875
0.0161685943603516 -0.0251522064208984 0.35821533203125 0.0858154296875
-0.140457153320313 -0.0637893676757813 0.201065063476562 -0.128250122070313
-0.182968139648438 -0.055084228515625 0.127632141113281 -0.118064880371094
-0.207229614257813 0.0264739990234375 0.0181312561035156 -0.0577507019042969
-0.147384643554688 0.1097412109375 -0.00200557708740235 0.0149765014648438
-0.077056884765625 0.139213562011719 0.001312255859375 0.0694198608398438
0.00715637207031251 0.150421142578125 0.0792617797851562 0.118400573730469
0.0625228881835937 0.122909545898437 0.160140991210938 0.11395263671875
0.0566024780273438 0.106269836425781 0.180694580078125 0.0851593017578125
0.0652313232421875 0.0998001098632813 0.184341430664063 0.08868408203125
0.0561904907226562 0.0980072021484375 0.158111572265625 0.10662841796875
0.0256500244140625 0.109786987304688 0.103599548339844 0.0739593505859375
-0.0103607177734375 0.125869750976562 0.0775680541992188 0.0386581420898438
-0.0904464721679688 0.09808349609375 0.110984802246094 -0.007415771484375
-0.129623413085938 0.0534439086914063 0.2171630859375 -0.0460357666015625
-0.111381530761719 0.0125198364257813 0.364837646484375 0.07684326171875
-0.251617431640625 -0.03631591796875 0.15875244140625 -0.131591796875
-0.26910400390625 -0.0214996337890625 0.114471435546875 -0.105155944824219
-0.286773681640625 0.070831298828125 0.0370407104492187 -0.0685577392578125
-0.198150634765625 0.175552368164063 0.0182056427001953 -0.0188503265380859
-0.0941925048828125 0.209381103515625 0.000675201416015621 0.0191402435302735
0.0339508056640625 0.224258422851562 0.0546913146972656 0.0645484924316406
0.11273193359375 0.176406860351563 0.118545532226562 0.0673065185546875
0.110122680664062 0.156326293945313 0.140380859375 0.0443038940429688
0.133087158203125 0.15350341796875 0.147201538085938 0.050445556640625
0.114364624023437 0.164825439453125 0.135581970214844 0.0635223388671875
0.0490264892578125 0.1962890625 0.0873641967773438 0.0326156616210938
-0.014739990234375 0.2161865234375 0.0762863159179688 0.00914764404296876
-0.154571533203125 0.172821044921875 0.114700317382812 -0.0215682983398437
-0.2252197265625 0.117080688476563 0.203857421875 -0.03411865234375
-0.221115112304687 0.0489044189453125 0.3275146484375 0.07293701171875
-0.32574462890625 0.00216674804687497 0.0827407836914062 -0.128471374511719
-0.31890869140625 0.027191162109375 0.075836181640625 -0.0849151611328125
-0.3211669921875 0.121734619140625 0.0485115051269531 -0.0701217651367187
-0.212509155273438 0.227493286132813 0.0368881225585937 -0.053558349609375
-0.0909271240234375 0.252960205078125 0.0015411376953125 -0.0367317199707031
0.0594024658203125 0.266494750976563 0.0255508422851563 0.000846862792968766
0.147476196289063 0.2037353515625 0.0619583129882812 0.00923156738281251
0.147216796875 0.182205200195313 0.0785980224609375 -0.00260925292968749
0.1785888671875 0.183135986328125 0.0839004516601563 0.00621032714843751
0.155487060546875 0.204971313476563 0.091949462890625 0.0105056762695313
0.0667572021484375 0.256011962890625 0.0555343627929688 -0.0144500732421875
-0.017669677734375 0.27655029296875 0.0637245178222656 -0.0214157104492187
-0.196578979492188 0.2237548828125 0.104202270507812 -0.0258102416992187
-0.286712646484375 0.16180419921875 0.166397094726563 -0.00904846191406249
-0.293731689453125 0.0770263671875 0.248001098632812 0.076812744140625
-0.351959228515625 0.042083740234375 -0.01983642578125 -0.118759155273438
-0.32562255859375 0.077178955078125 0.0182571411132812 -0.0556068420410156
-0.30535888671875 0.16448974609375 0.04620361328125 -0.0635833740234375
-0.187026977539063 0.250137329101563 0.0444412231445312 -0.0836563110351562
-0.0675201416015625 0.260604858398438 -0.0048980712890625 -0.0872802734375
0.08099365234375 0.266677856445313 -0.0118865966796875 -0.0648117065429687
0.163848876953125 0.199493408203125 -0.00629806518554686 -0.0514030456542969
0.162612915039063 0.179580688476563 0.00383377075195313 -0.0491371154785156
0.1949462890625 0.184890747070313 0.00859451293945313 -0.0394783020019531
0.167938232421875 0.213760375976563 0.0328712463378906 -0.0433425903320312
0.069244384765625 0.272247314453125 0.0141029357910156 -0.0587997436523437
-0.020660400390625 0.28961181640625 0.0413322448730469 -0.0476112365722656
-0.208740234375 0.234710693359375 0.0825576782226562 -0.02374267578125
-0.302490234375 0.177032470703125 0.108772277832031 0.0279159545898438
-0.31927490234375 0.09368896484375 0.14166259765625 0.0842437744140625
-0.323638916015625 0.0725097656249999 -0.129791259765625 -0.100730895996094
-0.282440185546875 0.11016845703125 -0.0483932495117188 -0.0236282348632812
-0.24267578125 0.178329467773438 0.0300979614257812 -0.053070068359375
-0.132720947265625 0.231369018554687 0.0315704345703125 -0.103050231933594
-0.03302001953125 0.225967407226563 -0.02191162109375 -0.123077392578125
0.09173583984375 0.22802734375 -0.0555496215820313 -0.115814208984375
0.154144287109375 0.165115356445313 -0.076324462890625 -0.101058959960937
0.152694702148437 0.150222778320312 -0.071441650390625 -0.0897674560546875
0.180068969726562 0.15948486328125 -0.0638275146484375 -0.0836944580078125
0.149749755859375 0.187301635742188 -0.0262908935546875 -0.0924148559570312
0.055328369140625 0.23846435546875 -0.021697998046875 -0.094482421875
-0.02349853515625 0.247039794921875 0.0197296142578125 -0.0667991638183594
-0.184738159179688 0.201019287109375 0.0546379089355469 -0.0124282836914062
-0.2667236328125 0.163742065429688 0.0417861938476562 0.0640487670898438
-0.294097900390625 0.096435546875 0.0235137939453125 0.0900650024414063
-0.243560791015625 0.0852661132812501 -0.23211669921875 -0.078887939453125
-0.199539184570313 0.108108520507812 -0.114860534667969 0.00428009033203127
-0.15264892578125 0.146163940429688 0.000511169433593743 -0.0388412475585937
-0.0722198486328125 0.169189453125 0.00415039062499999 -0.108451843261719
-0.00465393066406249 0.159591674804688 -0.0477371215820312 -0.136604309082031
0.0836944580078125 0.158279418945312 -0.0988311767578125 -0.144241333007812
0.124488830566406 0.108451843261719 -0.14019775390625 -0.130088806152344
0.122459411621094 0.0969467163085937 -0.136665344238281 -0.117477416992187
0.137039184570313 0.106338500976563 -0.120712280273437 -0.116416931152344
0.108184814453125 0.127197265625 -0.0709762573242187 -0.130340576171875
0.03582763671875 0.163314819335937 -0.0414047241210937 -0.116279602050781
-0.0152587890625 0.162490844726563 0.00609588623046875 -0.0739517211914062
-0.121749877929687 0.139373779296875 0.026123046875 0.00393676757812501
-0.184463500976563 0.132644653320312 -0.0242767333984375 0.0931320190429688
-0.221160888671875 0.092681884765625 -0.0848617553710938 0.0922393798828125
-0.125282287597656 0.0745468139648438 -0.308685302734375 -0.059600830078125
-0.0949554443359375 0.0689697265625 -0.170089721679688 0.023651123046875
-0.0599822998046875 0.0764083862304688 -0.032094955444336 -0.0213260650634766
-0.0243911743164063 0.078369140625 -0.030029296875 -0.0966567993164063
0.00666046142578124 0.07281494140625 -0.069427490234375 -0.130744934082031
0.0549545288085938 0.0733871459960938 -0.133697509765625 -0.148727416992187
0.0713958740234375 0.0391006469726563 -0.185455322265625 -0.136337280273437
0.0705184936523438 0.0296249389648438 -0.1795654296875 -0.12603759765625
0.0775299072265625 0.03411865234375 -0.155624389648438 -0.135147094726563
0.0608177185058594 0.0446815490722656 -0.0934295654296875 -0.149749755859375
0.0275039672851563 0.0622367858886719 -0.0422592163085938 -0.120025634765625
0.0160598754882813 0.0583686828613281 0.00195693969726563 -0.0673179626464844
-0.0250778198242188 0.0759811401367188 0.00185966491699218 0.0199699401855469
-0.0665817260742187 0.103187561035156 -0.0781326293945313 0.109260559082031
-0.113777160644531 0.0884017944335938 -0.170150756835938 0.0937042236328125
-0.01544189453125 -0.0963058471679688 0.185958862304688 -0.140426635742188
-0.093353271484375 -0.0810775756835938 0.0987701416015625 -0.1285400390625
-0.114959716796875 -0.0111312866210937 -0.00914382934570313 -0.03851318359375
-0.0843429565429688 0.041839599609375 -0.0160293579101563 0.0479278564453125
-0.0500144958496094 0.061187744140625 0.0125198364257813 0.102531433105469
-0.0176620483398438 0.0662612915039062 0.0991363525390625 0.13958740234375
0.00636672973632813 0.0606613159179688 0.180068969726563 0.125228881835938
-0.00191116333007813 0.0469627380371094 0.195693969726562 0.09674072265625
-0.00391769409179688 0.0391426086425781 0.196212768554688 0.102371215820313
-0.00547599792480469 0.0253562927246094 0.16119384765625 0.126480102539063
0.00149631500244141 0.0153017044067383 0.107780456542969 0.0961761474609375
-0.0039520263671875 0.0235595703125 0.0732498168945313 0.058074951171875
-0.0139350891113281 0.00847721099853516 0.0959854125976563 0.0112457275390625
-0.0165843963623047 -0.0219211578369141 0.194793701171875 -0.0448455810546875
0.0192375183105469 -0.0360336303710938 0.358642578125 0.068878173828125
-0.140899658203125 -0.06591796875 0.187698364257812 -0.145034790039063
-0.189208984375 -0.04962158203125 0.113861083984375 -0.127426147460937
-0.21136474609375 0.036102294921875 0.0112991333007812 -0.0606460571289063
-0.143844604492188 0.120437622070312 -0.00306320190429688 0.0108795166015625
-0.0703582763671875 0.1492919921875 0.00258255004882812 0.0646095275878907
0.0170745849609375 0.154190063476562 0.0794525146484375 0.108955383300781
0.0675582885742187 0.127326965332031 0.158447265625 0.0974884033203125
0.0611419677734375 0.106376647949219 0.180145263671875 0.0686187744140625
0.0698013305664063 0.0996322631835938 0.185028076171875 0.0719757080078125
0.055633544921875 0.0961151123046875 0.163894653320313 0.0895843505859375
0.0259323120117187 0.105728149414063 0.1085205078125 0.0602951049804688
-0.0045318603515625 0.120246887207031 0.0865325927734375 0.031646728515625
-0.0826263427734375 0.0941238403320313 0.11187744140625 -0.0116729736328125
-0.123275756835937 0.0498046875 0.2120361328125 -0.0546722412109375
-0.104881286621094 0.00872039794921876 0.366851806640625 0.055267333984375
-0.244277954101563 -0.0306243896484375 0.14453125 -0.147979736328125
-0.267868041992188 -0.01361083984375 0.101272583007812 -0.11517333984375
-0.282440185546875 0.0849609375 0.0283203125 -0.074615478515625
-0.188613891601563 0.187271118164063 0.01409912109375 -0.0247001647949219
-0.0823211669921875 0.213943481445313 -0.00295352935791016 0.0138568878173828
0.0474090576171875 0.224136352539062 0.0520896911621094 0.0557670593261719
0.120742797851563 0.171157836914063 0.116050720214844 0.0541305541992188
0.115737915039063 0.147811889648438 0.138175964355469 0.0298233032226563
0.139190673828125 0.146591186523438 0.145126342773438 0.034423828125
0.118011474609375 0.15460205078125 0.1397705078125 0.0463333129882813
0.0579833984375 0.189895629882813 0.0912017822265625 0.0194625854492188
-0.00311279296874999 0.209457397460938 0.0815582275390625 0.00128173828125001
-0.138427734375 0.172012329101563 0.118194580078125 -0.02801513671875
-0.211944580078125 0.11981201171875 0.203536987304688 -0.043609619140625
-0.210067749023437 0.052734375 0.3310546875 0.049774169921875
-0.31549072265625 0.0162353515625 0.073486328125 -0.143890380859375
-0.311065673828125 0.040863037109375 0.0680007934570312 -0.0952529907226563
-0.307830810546875 0.136505126953125 0.0436019897460937 -0.0786666870117188
-0.196624755859375 0.235931396484375 0.0308837890625 -0.0634727478027344
-0.076812744140625 0.25408935546875 -0.00436019897460938 -0.0418357849121094
0.0751190185546875 0.258499145507813 0.0202655792236328 -0.00614929199218748
0.156280517578125 0.194442749023438 0.0591163635253906 -0.00154876708984374
0.155014038085938 0.169845581054687 0.0743179321289063 -0.0147171020507812
0.18634033203125 0.168777465820313 0.0817413330078125 -0.00611877441406249
0.163314819335938 0.189056396484375 0.0919647216796875 -0.00492095947265624
0.0803070068359375 0.244674682617187 0.0548095703125 -0.0239906311035156
-0.000823974609374984 0.269744873046875 0.06646728515625 -0.029937744140625
-0.177078247070313 0.228118896484375 0.108085632324219 -0.0332107543945312
-0.2667236328125 0.171218872070313 0.168380737304687 -0.02008056640625
-0.280258178710938 0.0879821777343751 0.254974365234375 0.055450439453125
-0.338714599609375 0.0611572265625 -0.0260543823242188 -0.128135681152344
-0.310943603515625 0.093353271484375 0.0151634216308593 -0.0625343322753906
-0.28387451171875 0.17852783203125 0.0440216064453125 -0.0702247619628906
-0.165557861328125 0.255386352539063 0.0359954833984375 -0.0935516357421875
-0.0493927001953125 0.256240844726563 -0.0128021240234375 -0.09197998046875
0.095123291015625 0.254043579101563 -0.0186119079589844 -0.0686378479003906
0.171539306640625 0.184524536132813 -0.0128440856933594 -0.0568656921386719
0.169021606445313 0.165725708007813 -0.00216293334960936 -0.0564804077148437
0.2020263671875 0.167678833007813 0.00599670410156252 -0.0462837219238281
0.177169799804688 0.194580078125 0.0309829711914063 -0.0542793273925781
0.0876617431640625 0.257797241210938 0.00998687744140625 -0.0645637512207031
1.72957708907775E-17 0.282470703125 0.0417594909667969 -0.0547447204589844
-0.187957763671875 0.242340087890625 0.0878753662109375 -0.0310745239257812
-0.2813720703125 0.190887451171875 0.114570617675781 0.01812744140625
-0.3057861328125 0.1092529296875 0.151123046875 0.068389892578125
-0.307769775390625 0.0943603515625 -0.131851196289063 -0.103462219238281
-0.267181396484375 0.12823486328125 -0.0465507507324219 -0.0304794311523437
-0.222335815429687 0.191558837890625 0.0263214111328125 -0.0608634948730469
-0.108322143554688 0.233200073242188 0.0235214233398438 -0.112236022949219
-0.015869140625 0.220657348632813 -0.0316619873046875 -0.125282287597656
0.105224609375 0.212875366210937 -0.0638275146484375 -0.115631103515625
0.163589477539063 0.146499633789063 -0.0827407836914063 -0.0982666015625
0.159698486328125 0.134292602539062 -0.0767364501953125 -0.0915145874023437
0.186141967773438 0.138687133789063 -0.0688858032226562 -0.0839767456054687
0.157760620117188 0.167251586914063 -0.0298919677734375 -0.0954132080078125
0.0701904296875 0.225509643554688 -0.0269241333007812 -0.097198486328125
-0.00282287597656249 0.242355346679688 0.0191421508789063 -0.0712356567382812
-0.163070678710937 0.207656860351563 0.0611534118652344 -0.0189056396484375
-0.24560546875 0.181167602539063 0.0495262145996094 0.0565834045410156
-0.279922485351563 0.114776611328125 0.0357742309570312 0.0803756713867188
-0.234481811523438 0.10693359375 -0.23162841796875 -0.07550048828125
-0.185150146484375 0.124374389648437 -0.108451843261719 0.00292968750000001
-0.134185791015625 0.157379150390625 -0.00193405151367188 -0.0466690063476563
-0.05133056640625 0.172607421875 -0.00437927246093751 -0.113990783691406
0.01055908203125 0.153976440429687 -0.0585708618164063 -0.133888244628906
0.0969696044921875 0.144790649414063 -0.106132507324219 -0.137535095214844
0.130195617675781 0.0923995971679688 -0.14447021484375 -0.122802734375
0.123252868652344 0.0809783935546875 -0.141921997070313 -0.112533569335938
0.139381408691406 0.0885772705078125 -0.126876831054687 -0.112586975097656
0.113983154296875 0.111381530761719 -0.0761566162109375 -0.129165649414063
0.0478668212890625 0.1522216796875 -0.0473785400390625 -0.116172790527344
0.000671386718750002 0.154830932617188 0.00353240966796875 -0.0754318237304687
-0.103225708007813 0.144683837890625 0.0326156616210937 -0.000833511352539054
-0.165359497070312 0.147018432617188 -0.0141677856445313 0.0887222290039063
-0.209335327148438 0.110733032226562 -0.0724029541015625 0.0921173095703125
-0.1197509765625 0.0929183959960938 -0.305267333984375 -0.0475463867187499
-0.0882034301757812 0.0840606689453125 -0.163360595703125 0.0249786376953125
-0.0496749877929688 0.088104248046875 -0.0331363677978516 -0.0253677368164063
-0.0113983154296875 0.0802078247070313 -0.0411605834960938 -0.0969772338867188
0.01715087890625 0.0689773559570312 -0.0784683227539062 -0.12298583984375
0.0650100708007813 0.0613899230957031 -0.141387939453125 -0.137283325195312
0.0738754272460938 0.02618408203125 -0.189483642578125 -0.1239013671875
0.071746826171875 0.01654052734375 -0.183319091796875 -0.115676879882813
0.07720947265625 0.0197982788085938 -0.161117553710938 -0.125961303710938
0.063751220703125 0.02996826171875 -0.09869384765625 -0.14508056640625
0.0349082946777344 0.0499458312988281 -0.0486984252929688 -0.119987487792969
0.0254135131835938 0.0531349182128906 0.00135040283203125 -0.0677299499511719
-0.00840759277343751 0.0773544311523437 0.00689888000488281 0.0186538696289063
-0.0494461059570313 0.112937927246094 -0.0651397705078125 0.108604431152344
-0.102432250976563 0.102439880371094 -0.1553955078125 0.101821899414062
-0.0237579345703125 -0.10546875 0.170135498046875 -0.14349365234375
-0.105598449707031 -0.0784912109375 0.0875320434570313 -0.127082824707031
-0.124748229980469 -0.00411224365234376 -0.01287841796875 -0.0371475219726563
-0.088592529296875 0.051239013671875 -0.0164299011230469 0.0480308532714844
-0.0491256713867188 0.0724334716796875 0.0113677978515625 0.0989837646484375
-0.0125579833984375 0.0752944946289063 0.0968780517578125 0.132949829101563
0.0125198364257812 0.06671142578125 0.17852783203125 0.117706298828125
0.0013580322265625 0.0537910461425781 0.191635131835938 0.087158203125
-0.00269317626953125 0.0449905395507813 0.192489624023438 0.091400146484375
-0.00659561157226562 0.0306911468505859 0.160308837890625 0.113128662109375
-0.00735282897949219 0.017730712890625 0.110610961914063 0.0859222412109375
-0.0100479125976562 0.0200653076171875 0.0783233642578125 0.0547332763671875
-0.019683837890625 -0.000186920166015624 0.09747314453125 0.0125961303710938
-0.0192661285400391 -0.033203125 0.189041137695313 -0.041717529296875
0.0185928344726562 -0.0479965209960938 0.35400390625 0.061309814453125
-0.143112182617188 -0.0728759765625 0.170684814453125 -0.151824951171875
-0.196578979492188 -0.0478057861328125 0.100845336914063 -0.1275634765625
-0.21368408203125 0.0438690185546875 0.00630187988281249 -0.0606307983398438
-0.144454956054687 0.128753662109375 -0.00746822357177735 0.0100517272949219
-0.0658111572265625 0.155426025390625 -0.00143814086914064 0.0604705810546875
0.02294921875 0.157913208007813 0.0750198364257813 0.102638244628906
0.074920654296875 0.126869201660156 0.156082153320313 0.0908355712890625
0.063995361328125 0.108268737792969 0.176162719726563 0.05743408203125
0.071197509765625 0.101600646972656 0.180419921875 0.0595855712890625
0.0541458129882812 0.0959014892578125 0.161270141601563 0.076019287109375
0.02154541015625 0.105514526367187 0.109268188476563 0.0494537353515625
-0.00864410400390624 0.1141357421875 0.0874404907226562 0.0249786376953125
-0.0812606811523438 0.0846786499023438 0.11651611328125 -0.0126495361328125
-0.1182861328125 0.0420150756835938 0.207916259765625 -0.0538787841796875
-0.0995635986328125 0.00122070312500002 0.362823486328125 0.041961669921875
-0.239944458007813 -0.0318145751953125 0.130111694335937 -0.1580810546875
-0.268280029296875 -0.00842285156250001 0.0902328491210937 -0.121688842773438
-0.279205322265625 0.0905303955078124 0.0252838134765625 -0.0774612426757813
-0.182815551757813 0.191879272460937 0.00843238830566405 -0.0312843322753906
-0.076446533203125 0.217941284179688 -0.00862932205200196 0.00844335556030274
0.0545654296875 0.220535278320313 0.0458297729492188 0.0500144958496094
0.126205444335938 0.167388916015625 0.111274719238281 0.04583740234375
0.117782592773438 0.145370483398438 0.132232666015625 0.0187454223632813
0.139129638671875 0.141403198242188 0.140670776367188 0.022674560546875
0.117156982421875 0.14715576171875 0.136642456054688 0.0318756103515625
0.0573577880859375 0.182525634765625 0.0895004272460938 0.00844573974609376
1.23365038268056E-17 0.20147705078125 0.0850982666015625 -0.00679779052734374
-0.133071899414063 0.16668701171875 0.122718811035156 -0.0317230224609375
-0.201019287109375 0.116897583007813 0.199966430664063 -0.0493316650390625
-0.200164794921875 0.04827880859375 0.330780029296875 0.03436279296875
-0.304229736328125 0.0194091796874999 0.0606231689453125 -0.155166625976563
-0.3035888671875 0.0444030761718751 0.0582656860351562 -0.103378295898438
-0.29791259765625 0.14031982421875 0.0371932983398437 -0.083526611328125
-0.185562133789063 0.235763549804687 0.0229568481445312 -0.07061767578125
-0.0675811767578125 0.250961303710938 -0.0120162963867188 -0.0466880798339844
0.08087158203125 0.250152587890625 0.0130119323730469 -0.0109777450561523
0.158859252929688 0.184432983398438 0.0524520874023438 -0.00776290893554686
0.154830932617188 0.161590576171875 0.0689735412597656 -0.0232467651367187
0.185928344726562 0.159515380859375 0.0772781372070313 -0.0159454345703125
0.161941528320313 0.17803955078125 0.087127685546875 -0.0175933837890625
0.084686279296875 0.236083984375 0.052703857421875 -0.0345840454101562
0.00714111328124997 0.261703491210937 0.0681877136230469 -0.036956787109375
-0.165496826171875 0.223373413085938 0.1124267578125 -0.0417404174804687
-0.253585815429688 0.171890258789062 0.168807983398437 -0.027801513671875
-0.26708984375 0.0887451171875 0.2564697265625 0.039398193359375
-0.322998046875 0.0707092285156251 -0.0316314697265625 -0.139640808105469
-0.299163818359375 0.10003662109375 0.0117645263671875 -0.0743179321289063
-0.269729614257813 0.181625366210938 0.0373306274414062 -0.080718994140625
-0.150634765625 0.252426147460938 0.028350830078125 -0.102760314941406
-0.039825439453125 0.248916625976562 -0.0201416015625 -0.0954132080078125
0.102645874023438 0.242355346679688 -0.0261154174804687 -0.0707473754882812
0.171188354492188 0.171798706054688 -0.0171089172363281 -0.0602989196777344
0.168060302734375 0.154190063476562 -0.00534057617187499 -0.0619010925292969
0.200973510742188 0.153961181640625 0.00157546997070314 -0.0539207458496094
0.176605224609375 0.178878784179688 0.0252418518066406 -0.063018798828125
0.09228515625 0.246856689453125 0.00662994384765626 -0.0715866088867187
0.0121612548828125 0.273696899414063 0.0424575805664062 -0.0605201721191406
-0.171524047851563 0.240081787109375 0.0904006958007812 -0.039947509765625
-0.264694213867188 0.195205688476563 0.115806579589844 0.00803375244140626
-0.29052734375 0.112457275390625 0.153793334960938 0.053253173828125
-0.293853759765625 0.10687255859375 -0.133598327636719 -0.111846923828125
-0.250640869140625 0.135574340820312 -0.0461845397949219 -0.0396003723144531
-0.19976806640625 0.194244384765625 0.0232734680175781 -0.0701789855957031
-0.0924835205078125 0.22857666015625 0.01422119140625 -0.118988037109375
-0.00466918945312502 0.21014404296875 -0.0390243530273437 -0.125320434570313
0.112396240234375 0.19696044921875 -0.0682449340820312 -0.113059997558594
0.161209106445313 0.133529663085938 -0.0855941772460937 -0.0996856689453125
0.156585693359375 0.11944580078125 -0.0805740356445313 -0.0924453735351562
0.18133544921875 0.12445068359375 -0.071075439453125 -0.0857620239257812
0.15606689453125 0.151123046875 -0.0359115600585937 -0.101943969726562
0.0798492431640625 0.212982177734375 -0.0312652587890625 -0.0998077392578125
0.00843811035156251 0.231338500976562 0.0169677734375 -0.0758209228515625
-0.146469116210937 0.208770751953125 0.0622978210449219 -0.0281715393066406
-0.225997924804688 0.183944702148437 0.0541725158691406 0.0483741760253906
-0.265411376953125 0.12237548828125 0.0426788330078125 0.069793701171875
-0.21905517578125 0.120147705078125 -0.227920532226563 -0.077850341796875
-0.171615600585937 0.134902954101563 -0.104713439941406 -0.00619506835937498
-0.11456298828125 0.161972045898438 -0.00418853759765625 -0.0541496276855469
-0.0363006591796875 0.166152954101563 -0.0152206420898437 -0.117477416992188
0.0206146240234375 0.14410400390625 -0.0622177124023437 -0.131149291992188
0.101959228515625 0.128242492675781 -0.108627319335937 -0.131660461425781
0.127296447753906 0.0766677856445312 -0.145843505859375 -0.119247436523438
0.120994567871094 0.0680084228515625 -0.1422119140625 -0.109481811523438
0.135917663574219 0.0740585327148437 -0.128204345703125 -0.11029052734375
0.111534118652344 0.093536376953125 -0.0803298950195313 -0.129142761230469
0.0551834106445312 0.138069152832031 -0.0510787963867187 -0.115921020507812
0.0118560791015625 0.14630126953125 0.00362396240234375 -0.0789566040039062
-0.0857391357421875 0.143356323242188 0.0357475280761719 -0.00839233398437499
-0.144729614257813 0.15216064453125 -0.00710296630859375 0.0816574096679688
-0.193344116210937 0.119598388671875 -0.0624771118164063 0.0842971801757813
-0.111381530761719 0.105331420898437 -0.30078125 -0.045928955078125
-0.0778579711914062 0.0928573608398438 -0.156570434570313 0.02154541015625
-0.0361251831054688 0.0932540893554688 -0.0371475219726563 -0.0316085815429687
0.00168609619140625 0.0794296264648438 -0.0473098754882813 -0.098663330078125
0.0264701843261719 0.0635528564453125 -0.0828170776367188 -0.11773681640625
0.0678749084472656 0.0499916076660156 -0.140640258789062 -0.128326416015625
0.0725173950195312 0.0127487182617188 -0.187896728515625 -0.115005493164063
0.0681991577148438 0.00513076782226563 -0.182571411132813 -0.10882568359375
0.0718154907226563 0.00797271728515625 -0.159210205078125 -0.120468139648438
0.0589675903320313 0.0176849365234375 -0.10052490234375 -0.140731811523438
0.0375213623046875 0.039459228515625 -0.0496139526367188 -0.115013122558594
0.0330123901367188 0.0412826538085938 0.000396728515624996 -0.0685882568359375
0.0044097900390625 0.074981689453125 0.0144996643066406 0.0150623321533203
-0.032867431640625 0.115127563476563 -0.0546951293945313 0.104820251464844
-0.08966064453125 0.111289978027344 -0.142623901367188 0.100189208984375
-0.0328903198242188 -0.116508483886719 0.159561157226562 -0.140289306640625
-0.118370056152344 -0.0774459838867188 0.0794525146484375 -0.122550964355469
-0.133712768554688 0.00281524658203123 -0.0158367156982422 -0.0349311828613281
-0.0922317504882813 0.0628890991210938 -0.0181999206542969 0.049285888671875
-0.0469284057617188 0.0832061767578125 0.00994873046875001 0.0985641479492188
-0.00592041015625 0.084259033203125 0.0938262939453125 0.13238525390625
0.0193252563476563 0.0730514526367187 0.17523193359375 0.114700317382813
0.00580215454101562 0.0608024597167969 0.187423706054688 0.08441162109375
0.000881195068359379 0.0533905029296875 0.187789916992187 0.0877838134765625
-0.0079498291015625 0.0380439758300781 0.159042358398438 0.10675048828125
-0.0136699676513672 0.0235462188720703 0.111274719238281 0.0789031982421875
-0.0183124542236328 0.0198993682861328 0.0818557739257813 0.0518951416015625
-0.0268096923828125 -0.00837135314941406 0.100776672363281 0.0163116455078125
-0.0261268615722656 -0.0441360473632812 0.188018798828125 -0.0351409912109375
0.0153350830078125 -0.0608482360839844 0.354583740234375 0.06256103515625
-0.147140502929688 -0.0822601318359375 0.1573486328125 -0.153671264648438
-0.20623779296875 -0.0478363037109375 0.0905075073242187 -0.126861572265625
-0.220703125 0.04937744140625 0.00174713134765624 -0.0612411499023437
-0.146133422851563 0.137802124023437 -0.0125818252563477 0.00776863098144532
-0.063934326171875 0.163330078125 -0.00725936889648438 0.0585174560546875
0.029541015625 0.1640625 0.069091796875 0.101051330566406
0.0805816650390625 0.130897521972656 0.150604248046875 0.085479736328125
0.0668258666992188 0.113639831542969 0.169647216796875 0.05267333984375
0.0738143920898438 0.107391357421875 0.17413330078125 0.0534820556640625
0.0520858764648437 0.100204467773438 0.158370971679688 0.066070556640625
0.0160446166992188 0.107315063476563 0.110000610351563 0.0405044555664063
-0.0143280029296875 0.111442565917969 0.091339111328125 0.0191421508789063
-0.0855255126953125 0.0762786865234375 0.122016906738281 -0.0131378173828125
-0.120880126953125 0.0318145751953125 0.208236694335938 -0.0517730712890625
-0.0980453491210938 -0.0125885009765625 0.36370849609375 0.03790283203125
-0.240646362304687 -0.0391082763671875 0.116363525390625 -0.1644287109375
-0.271881103515625 -0.0101776123046875 0.079925537109375 -0.12353515625
-0.281768798828125 0.0926513671874999 0.01995849609375 -0.080474853515625
-0.182815551757813 0.196701049804688 0.00104904174804686 -0.0355796813964844
-0.073760986328125 0.221511840820313 -0.0151348114013672 0.00465965270996095
0.0601043701171875 0.222930908203125 0.03839111328125 0.0481300354003906
0.129119873046875 0.169281005859375 0.104331970214844 0.0403518676757813
0.119064331054688 0.14715576171875 0.125518798828125 0.0118331909179688
0.13983154296875 0.143585205078125 0.134086608886719 0.015045166015625
0.113845825195313 0.1475830078125 0.132072448730469 0.01983642578125
0.05419921875 0.181747436523438 0.0873489379882813 -0.00157165527343749
-0.003143310546875 0.197128295898438 0.0878982543945312 -0.01483154296875
-0.133575439453125 0.158203125 0.127861022949219 -0.0365753173828125
-0.199859619140625 0.107772827148438 0.202056884765625 -0.0520477294921875
-0.196044921875 0.0384674072265625 0.330780029296875 0.02471923828125
-0.29827880859375 0.0152587890625 0.04931640625 -0.164993286132812
-0.301910400390625 0.0421142578125 0.0501556396484375 -0.11016845703125
-0.295928955078125 0.138519287109375 0.0314865112304687 -0.0895767211914062
-0.182907104492188 0.235214233398438 0.0147857666015625 -0.07696533203125
-0.0663909912109375 0.250152587890625 -0.0202217102050781 -0.0514335632324219
0.083251953125 0.247360229492187 0.00496006011962891 -0.0138187408447265
0.159820556640625 0.181930541992188 0.0446052551269531 -0.0130538940429687
0.153823852539063 0.159271240234375 0.061859130859375 -0.0301017761230469
0.18402099609375 0.157928466796875 0.07086181640625 -0.0236968994140625
0.158493041992187 0.1732177734375 0.0823135375976563 -0.0282821655273437
0.0832672119140625 0.230941772460937 0.0492324829101563 -0.0437774658203125
0.00825500488281248 0.255508422851563 0.0699348449707031 -0.0462303161621094
-0.162567138671875 0.217239379882813 0.117149353027344 -0.050048828125
-0.248519897460938 0.166717529296875 0.169601440429687 -0.03424072265625
-0.26129150390625 0.081939697265625 0.257171630859375 0.027435302734375
-0.313690185546875 0.0694274902343751 -0.0406646728515625 -0.150924682617187
-0.289825439453125 0.0972595214843751 0.00535583496093749 -0.0839309692382813
-0.260971069335938 0.179534912109375 0.0323410034179687 -0.0889358520507812
-0.144500732421875 0.247512817382813 0.0191802978515625 -0.109237670898437
-0.0378265380859375 0.242950439453125 -0.0284423828125 -0.0991134643554687
0.1029052734375 0.2340087890625 -0.0321044921875 -0.072601318359375
0.169769287109375 0.166000366210938 -0.0233116149902344 -0.0644378662109375
0.1651611328125 0.147628784179688 -0.0112533569335937 -0.0674629211425781
0.198013305664063 0.148818969726563 -0.00365829467773436 -0.059417724609375
0.172256469726563 0.171646118164063 0.0197296142578125 -0.0724639892578125
0.093780517578125 0.239730834960938 0.00249481201171876 -0.0792160034179687
0.0150146484375 0.265975952148438 0.042694091796875 -0.0697021484375
-0.165313720703125 0.234512329101562 0.0936737060546875 -0.048736572265625
-0.254486083984375 0.192977905273438 0.1171875 0.000183105468750012
-0.28216552734375 0.11077880859375 0.156143188476562 0.0402984619140625
-0.2822265625 0.111480712890625 -0.138099670410156 -0.124168395996094
-0.239273071289063 0.136749267578125 -0.0485153198242188 -0.0518455505371094
-0.1875 0.191619873046875 0.018096923828125 -0.0797195434570312
-0.0831146240234375 0.221435546875 0.00595855712890626 -0.126205444335938
-0.00131225585937501 0.201934814453125 -0.0452728271484375 -0.126632690429688
0.111526489257813 0.185821533203125 -0.072509765625 -0.114303588867188
0.15704345703125 0.124588012695312 -0.0901947021484375 -0.102127075195312
0.152008056640625 0.11187744140625 -0.0839691162109375 -0.095855712890625
0.177093505859375 0.116912841796875 -0.074981689453125 -0.0903549194335937
0.151885986328125 0.140182495117188 -0.0409011840820312 -0.108932495117187
0.080657958984375 0.20269775390625 -0.0361175537109375 -0.104949951171875
0.0140838623046875 0.222793579101562 0.0175552368164062 -0.0825729370117187
-0.137298583984375 0.203720092773438 0.0651817321777344 -0.0361404418945312
-0.213241577148437 0.183746337890625 0.0562324523925781 0.039459228515625
-0.253997802734375 0.123260498046875 0.0453033447265625 0.0573310852050781
-0.20794677734375 0.12884521484375 -0.229476928710938 -0.0873260498046875
-0.159500122070312 0.138778686523438 -0.104446411132813 -0.0176010131835937
-0.101776123046875 0.162826538085938 -0.00912475585937501 -0.0630950927734375
-0.0249481201171875 0.16009521484375 -0.0225143432617188 -0.121757507324219
0.0259323120117187 0.135009765625 -0.0667572021484375 -0.130302429199219
0.102516174316406 0.116119384765625 -0.110443115234375 -0.13067626953125
0.122459411621094 0.0657882690429688 -0.147537231445313 -0.119400024414063
0.116233825683594 0.0590896606445313 -0.143600463867187 -0.110855102539063
0.129051208496094 0.0649642944335938 -0.130043029785156 -0.112281799316406
0.1063232421875 0.0831298828125 -0.083251953125 -0.133537292480469
0.0559234619140625 0.126174926757812 -0.0533370971679688 -0.118614196777344
0.0169448852539063 0.134376525878906 0.00331115722656249 -0.0837936401367187
-0.074127197265625 0.138961791992188 0.0389785766601562 -0.0151786804199219
-0.12994384765625 0.15155029296875 -0.00247955322265625 0.0734405517578125
-0.182144165039063 0.123977661132813 -0.0577545166015625 0.0755691528320313
-0.102813720703125 0.116470336914062 -0.30194091796875 -0.05126953125
-0.0695953369140625 0.101203918457031 -0.157089233398438 0.0120849609375
-0.023895263671875 0.0971832275390625 -0.0427017211914063 -0.0389366149902344
0.0124053955078125 0.0763931274414063 -0.0548324584960938 -0.0992965698242187
0.0330734252929687 0.0565338134765625 -0.0856704711914063 -0.113525390625
0.0694923400878906 0.0386276245117188 -0.139572143554688 -0.124412536621094
0.0676498413085938 0.002105712890625 -0.186203002929688 -0.1138916015625
0.0629920959472656 -0.00370025634765625 -0.18145751953125 -0.10772705078125
0.0646705627441406 -0.00122833251953125 -0.159164428710938 -0.120941162109375
0.0530128479003906 0.00667190551757813 -0.102142333984375 -0.1417236328125
0.0369186401367188 0.0277824401855469 -0.0495147705078125 -0.115455627441406
0.0364952087402344 0.0296211242675781 0.00228118896484375 -0.0716171264648438
0.0163230895996094 0.0688858032226563 0.0177707672119141 0.00985527038574219
-0.01715087890625 0.115478515625 -0.0484848022460937 0.0992050170898438
-0.0784378051757813 0.117515563964844 -0.1348876953125 0.0935440063476563
-0.0463409423828125 -0.1273193359375 0.15228271484375 -0.13665771484375
-0.133270263671875 -0.0729598999023437 0.0739898681640625 -0.117225646972656
-0.143966674804688 0.0131072998046875 -0.0188560485839844 -0.0326156616210938
-0.0957260131835938 0.076568603515625 -0.0199851989746094 0.0521316528320313
-0.0428466796875 0.095489501953125 0.00688934326171874 0.100807189941406
0.00394439697265625 0.0932159423828125 0.0926132202148437 0.136299133300781
0.0303421020507813 0.0797576904296875 0.1751708984375 0.11639404296875
0.0121994018554687 0.0680770874023438 0.18634033203125 0.0849609375
0.00678634643554688 0.0617408752441406 0.187057495117188 0.087493896484375
-0.00673675537109375 0.0471534729003906 0.15869140625 0.102386474609375
-0.0190410614013672 0.0321521759033203 0.112831115722656 0.073699951171875
-0.0275115966796875 0.0223884582519531 0.08709716796875 0.0504074096679687
-0.0382919311523438 -0.0154342651367188 0.108131408691406 0.0191421508789063
-0.0365715026855469 -0.0544357299804688 0.194656372070313 -0.028350830078125
0.00911712646484375 -0.0750274658203125 0.36407470703125 0.066009521484375
-0.15875244140625 -0.0933990478515625 0.147079467773438 -0.15423583984375
-0.220962524414063 -0.0464324951171875 0.0831985473632813 -0.124702453613281
-0.232101440429687 0.0579376220703125 -0.00197219848632814 -0.0614356994628906
-0.149932861328125 0.150238037109375 -0.0174388885498047 0.00773048400878907
-0.0615692138671875 0.17401123046875 -0.0134925842285156 0.0588836669921875
0.039642333984375 0.172073364257813 0.06414794921875 0.104179382324219
0.0907974243164062 0.137908935546875 0.147415161132813 0.0858154296875
0.0730667114257813 0.120040893554688 0.164810180664063 0.050140380859375
0.0793304443359375 0.115097045898437 0.170928955078125 0.0506439208984375
0.052398681640625 0.107505798339844 0.155532836914063 0.0602264404296875
0.0117950439453125 0.114128112792969 0.107917785644531 0.0333328247070313
-0.02239990234375 0.1123046875 0.0960464477539063 0.01300048828125
-0.095306396484375 0.0691604614257812 0.129493713378906 -0.01544189453125
-0.129608154296875 0.0225830078125 0.214981079101562 -0.0511322021484375
-0.103553771972656 -0.0263442993164063 0.37176513671875 0.03424072265625
-0.248489379882813 -0.0499420166015625 0.104278564453125 -0.169448852539062
-0.28302001953125 -0.01123046875 0.0713653564453125 -0.125144958496094
-0.29193115234375 0.0969848632812499 0.0136489868164062 -0.0840911865234375
-0.187026977539063 0.205429077148437 -0.00721740722656252 -0.0384445190429687
-0.073577880859375 0.23046875 -0.0243053436279297 0.00373077392578127
0.06591796875 0.228958129882813 0.0307426452636719 0.0495872497558594
0.136001586914062 0.174362182617188 0.0983734130859375 0.0388412475585938
0.123687744140625 0.152206420898438 0.119277954101563 0.00790405273437501
0.143829345703125 0.149124145507813 0.128532409667969 0.01043701171875
0.113800048828125 0.152084350585938 0.127830505371094 0.0114974975585938
0.0509796142578125 0.1864013671875 0.084625244140625 -0.0107040405273437
-0.00752258300781248 0.19793701171875 0.0909576416015625 -0.0240859985351562
-0.141189575195313 0.153305053710938 0.134803771972656 -0.0440750122070312
-0.205886840820313 0.1002197265625 0.207611083984375 -0.0562744140625
-0.200286865234375 0.0256500244140625 0.336029052734375 0.01690673828125
-0.301361083984375 0.00708007812499994 0.0349578857421875 -0.174758911132812
-0.307586669921875 0.0386962890625 0.04046630859375 -0.115859985351563
-0.30126953125 0.13824462890625 0.0242156982421875 -0.0962295532226563
-0.185455322265625 0.238754272460938 0.00453948974609374 -0.0825653076171875
-0.067779541015625 0.254745483398438 -0.0309829711914062 -0.0543365478515625
0.0864715576171875 0.250686645507813 -0.00395774841308593 -0.0141458511352539
0.16302490234375 0.184722900390625 0.0365066528320313 -0.0156898498535156
0.155059814453125 0.162796020507813 0.0540428161621094 -0.0360679626464844
0.1866455078125 0.160491943359375 0.0640754699707031 -0.0300712585449219
0.1578369140625 0.174942016601563 0.07550048828125 -0.0380172729492187
0.0824432373046875 0.2333984375 0.0436782836914063 -0.0528678894042969
0.00698852539062498 0.2559814453125 0.0702896118164063 -0.05670166015625
-0.167343139648437 0.2144775390625 0.121780395507812 -0.0601654052734375
-0.2513427734375 0.162002563476562 0.173126220703125 -0.0417327880859375
-0.263748168945313 0.073089599609375 0.261138916015625 0.0157928466796875
-0.311126708984375 0.06622314453125 -0.0548858642578125 -0.164398193359375
-0.2906494140625 0.0948181152343751 -0.00307464599609378 -0.095184326171875
-0.26068115234375 0.176010131835938 0.0247726440429687 -0.0981216430664062
-0.145553588867188 0.2454833984375 0.00821685791015624 -0.116676330566406
-0.0399017333984375 0.242919921875 -0.0381927490234375 -0.103500366210937
0.102951049804688 0.232650756835938 -0.0408248901367187 -0.07501220703125
0.16986083984375 0.165924072265625 -0.0313758850097656 -0.0687217712402344
0.163711547851563 0.14788818359375 -0.019195556640625 -0.0736312866210937
0.197601318359375 0.1485595703125 -0.0110282897949219 -0.0661201477050781
0.170257568359375 0.169342041015625 0.0116806030273438 -0.0821609497070312
0.093780517578125 0.2388916015625 -0.00423431396484375 -0.0877914428710937
0.0161285400390625 0.264144897460938 0.04107666015625 -0.0803298950195313
-0.165496826171875 0.233047485351563 0.0963897705078125 -0.0607452392578125
-0.253646850585937 0.190826416015625 0.119697570800781 -0.00901794433593749
-0.28192138671875 0.1063232421875 0.158538818359375 0.0270843505859375
-0.27581787109375 0.1134033203125 -0.150344848632813 -0.138320922851563
-0.233917236328125 0.1361083984375 -0.0556602478027344 -0.064697265625
-0.181640625 0.188552856445313 0.0103530883789062 -0.09039306640625
-0.079071044921875 0.216461181640625 -0.00519561767578126 -0.133270263671875
-0.001556396484375 0.196929931640625 -0.0531463623046875 -0.130538940429688
0.111129760742187 0.179824829101563 -0.078460693359375 -0.116783142089844
0.153778076171875 0.120681762695313 -0.0968933105468749 -0.106834411621094
0.148361206054688 0.109161376953125 -0.0911788940429688 -0.102363586425781
0.17376708984375 0.1142578125 -0.0819091796875 -0.0964813232421875
0.146820068359375 0.135635375976563 -0.0485382080078125 -0.117088317871094
0.080169677734375 0.197586059570312 -0.042694091796875 -0.111839294433594
0.016326904296875 0.21661376953125 0.0148468017578125 -0.0920333862304687
-0.1324462890625 0.200714111328125 0.0661964416503906 -0.0470161437988281
-0.207000732421875 0.183120727539063 0.0567550659179688 0.03033447265625
-0.25 0.123153686523437 0.0457496643066406 0.0454559326171875
-0.199371337890625 0.135879516601563 -0.240020751953125 -0.100982666015625
-0.151275634765625 0.142547607421875 -0.111412048339844 -0.0309600830078125
-0.090087890625 0.161788940429688 -0.0175323486328125 -0.072784423828125
-0.0176239013671875 0.154342651367188 -0.0330734252929687 -0.126319885253906
0.0284881591796875 0.12762451171875 -0.0722274780273438 -0.130828857421875
0.100837707519531 0.106437683105469 -0.1134033203125 -0.132003784179688
0.117523193359375 0.059234619140625 -0.151809692382813 -0.123397827148437
0.110633850097656 0.0533294677734375 -0.149688720703125 -0.115768432617188
0.122871398925781 0.0588531494140625 -0.135726928710938 -0.118499755859375
0.0996017456054688 0.075958251953125 -0.0895843505859375 -0.139915466308594
0.0542526245117188 0.117973327636719 -0.0587387084960938 -0.123313903808594
0.018829345703125 0.125663757324219 0.001434326171875 -0.0916824340820312
-0.066802978515625 0.133583068847656 0.0404739379882812 -0.0240364074707031
-0.118515014648438 0.1514892578125 -0.00150299072265626 0.06634521484375
-0.174102783203125 0.126739501953125 -0.0562896728515625 0.0650482177734375
-0.0928955078125 0.12847900390625 -0.310028076171875 -0.059844970703125
-0.0594940185546875 0.109153747558594 -0.163009643554688 0.00193786621093754
-0.0109100341796875 0.0999984741210938 -0.0511589050292969 -0.0459480285644531
0.0221023559570312 0.0712127685546875 -0.06396484375 -0.100250244140625
0.0379180908203125 0.048736572265625 -0.0886459350585937 -0.111122131347656
0.0694541931152344 0.0271987915039063 -0.140174865722656 -0.124526977539062
0.0616416931152344 -0.00714111328125 -0.188644409179688 -0.1160888671875
0.0554046630859375 -0.0113983154296875 -0.184646606445312 -0.110626220703125
0.0559654235839844 -0.0087127685546875 -0.162887573242187 -0.124755859375
0.0441093444824219 -0.00117111206054688 -0.104827880859375 -0.145889282226563
0.0339717864990234 0.0165691375732422 -0.0511016845703125 -0.119369506835938
0.0383148193359375 0.0173912048339844 0.0015716552734375 -0.0775299072265625
0.0277290344238281 0.0614166259765625 0.0210933685302734 0.00299644470214844
-0.00164031982421876 0.114341735839844 -0.046051025390625 0.0933303833007813
-0.0668258666992187 0.123130798339844 -0.131782531738281 0.086822509765625
-0.065826416015625 -0.136421203613281 0.148391723632813 -0.13262939453125
-0.151214599609375 -0.06378173828125 0.071502685546875 -0.112831115722656
-0.154373168945313 0.0290069580078125 -0.0211391448974609 -0.0299129486083984
-0.09490966796875 0.0939712524414063 -0.0208816528320313 0.0558052062988281
-0.0349273681640625 0.108482360839844 0.00560760498046874 0.105026245117188
0.018463134765625 0.101097106933594 0.095489501953125 0.141571044921875
0.0444488525390625 0.083648681640625 0.180068969726562 0.119064331054688
0.0229110717773438 0.0745620727539063 0.189483642578125 0.0860595703125
0.0169258117675781 0.0698699951171875 0.19012451171875 0.087432861328125
-0.00206375122070312 0.0566253662109375 0.161148071289062 0.0998382568359375
-0.0223045349121094 0.0427322387695312 0.115463256835938 0.0682830810546875
-0.0371513366699219 0.0287322998046875 0.0939788818359375 0.0465469360351562
-0.0526161193847656 -0.0188255310058594 0.118751525878906 0.0183944702148438
-0.0520820617675781 -0.0622825622558594 0.206024169921875 -0.025726318359375
-0.00269317626953125 -0.0887527465820313 0.38128662109375 0.0653076171875
-0.178695678710937 -0.101119995117188 0.137786865234375 -0.153335571289063
-0.2392578125 -0.0383148193359375 0.076904296875 -0.123077392578125
-0.24462890625 0.0725860595703125 -0.00813674926757814 -0.0614395141601562
-0.1502685546875 0.169021606445313 -0.0231056213378906 0.0105705261230469
-0.0536651611328125 0.189437866210938 -0.0204124450683594 0.0620498657226563
0.0536041259765625 0.181381225585938 0.0615615844726563 0.108970642089844
0.105926513671875 0.142608642578125 0.14764404296875 0.0880126953125
0.0838394165039062 0.126976013183594 0.16424560546875 0.0482330322265625
0.0909576416015625 0.122970581054687 0.170242309570313 0.0483245849609375
0.0572128295898438 0.116508483886719 0.15484619140625 0.0535888671875
0.0100631713867187 0.124504089355469 0.107070922851563 0.024993896484375
-0.0292510986328125 0.118568420410156 0.1009521484375 0.00514984130859376
-0.109275817871094 0.0672988891601562 0.138862609863281 -0.0225601196289062
-0.144912719726563 0.0163116455078125 0.224334716796875 -0.055084228515625
-0.116279602050781 -0.0397491455078125 0.3853759765625 0.026885986328125
-0.264389038085937 -0.056243896484375 0.089599609375 -0.172637939453125
-0.299896240234375 -0.00704956054687501 0.0616302490234375 -0.126213073730469
-0.3055419921875 0.109100341796875 0.00549316406249997 -0.0874099731445313
-0.190231323242187 0.221588134765625 -0.0168418884277344 -0.0395660400390625
-0.0696868896484375 0.244766235351563 -0.0350570678710938 0.00501823425292969
0.0781402587890625 0.236740112304688 0.0237655639648438 0.0542984008789063
0.149368286132813 0.178695678710938 0.0934982299804688 0.0398025512695313
0.132965087890625 0.1583251953125 0.113700866699219 0.00468444824218751
0.155502319335938 0.155670166015625 0.124549865722656 0.00620269775390626
0.118896484375 0.159011840820313 0.122665405273438 0.00302124023437501
0.052459716796875 0.19598388671875 0.0800323486328125 -0.0201034545898437
-0.0113525390625 0.204879760742188 0.0926589965820313 -0.0357284545898437
-0.152328491210937 0.154739379882813 0.140960693359375 -0.056060791015625
-0.21905517578125 0.0987701416015625 0.215179443359375 -0.0655975341796875
-0.211761474609375 0.0161895751953125 0.346038818359375 0.00433349609375
-0.311492919921875 0.00241088867187498 0.0164947509765625 -0.182571411132813
-0.319549560546875 0.0405273437499999 0.0285415649414062 -0.121116638183594
-0.312774658203125 0.14581298828125 0.0140609741210937 -0.10284423828125
-0.189468383789063 0.250289916992188 -0.00806427001953126 -0.0865859985351562
-0.0670166015625 0.265579223632813 -0.0437240600585938 -0.0553054809570312
0.0949859619140625 0.256698608398438 -0.0137882232666016 -0.0119857788085937
0.172317504882813 0.188430786132813 0.0278282165527344 -0.016946792602539
0.1622314453125 0.166305541992188 0.0452308654785156 -0.0401725769042969
0.195358276367188 0.165023803710938 0.0563468933105469 -0.034912109375
0.161956787109375 0.178497314453125 0.0673561096191406 -0.0477943420410156
0.0859375 0.240142822265625 0.0358238220214844 -0.0621681213378906
0.00738525390625 0.261550903320313 0.0682373046875 -0.0700874328613281
-0.173782348632813 0.219085693359375 0.124366760253906 -0.0749359130859375
-0.259902954101563 0.16400146484375 0.177230834960937 -0.0532684326171875
-0.27239990234375 0.0684051513671875 0.2659912109375 0.000625610351562504
-0.3155517578125 0.065093994140625 -0.0751190185546875 -0.176223754882813
-0.2955322265625 0.09625244140625 -0.0172882080078125 -0.103973388671875
-0.265960693359375 0.178451538085937 0.013702392578125 -0.107498168945312
-0.145736694335938 0.250198364257813 -0.00593566894531251 -0.123001098632813
-0.04071044921875 0.24798583984375 -0.051177978515625 -0.106246948242187
0.10699462890625 0.234573364257813 -0.0518951416015625 -0.075531005859375
0.173904418945313 0.166793823242188 -0.0417404174804687 -0.0711593627929688
0.1676025390625 0.1497802734375 -0.0306243896484375 -0.0790634155273437
0.202362060546875 0.14990234375 -0.0208206176757812 -0.0716018676757812
0.172210693359375 0.170242309570313 -0.000190734863281244 -0.091217041015625
0.0980072021484375 0.240921020507813 -0.0149383544921875 -0.095428466796875
0.0186004638671875 0.266860961914063 0.0355758666992188 -0.0937576293945313
-0.167678833007812 0.236907958984375 0.09613037109375 -0.075347900390625
-0.256256103515625 0.194992065429688 0.120323181152344 -0.0202865600585937
-0.287017822265625 0.105682373046875 0.1595458984375 0.0119171142578125
-0.273056030273438 0.117599487304687 -0.171722412109375 -0.150222778320312
-0.231399536132813 0.1387939453125 -0.06982421875 -0.0766677856445312
-0.177886962890625 0.188613891601563 -0.00204467773437501 -0.101028442382812
-0.076904296875 0.215164184570312 -0.0197830200195312 -0.1395263671875
-0.00196838378906248 0.195083618164063 -0.063690185546875 -0.133369445800781
0.110794067382812 0.176361083984375 -0.0886077880859375 -0.118949890136719
0.153167724609375 0.118972778320313 -0.108245849609375 -0.110916137695312
0.147323608398438 0.10809326171875 -0.103134155273437 -0.107498168945313
0.173782348632813 0.11248779296875 -0.0940170288085937 -0.101737976074219
0.146072387695313 0.133285522460938 -0.061431884765625 -0.125167846679687
0.082244873046875 0.19573974609375 -0.0539321899414063 -0.118316650390625
0.018463134765625 0.214874267578125 0.00779724121093751 -0.103134155273437
-0.13037109375 0.2017822265625 0.065185546875 -0.0592308044433594
-0.203414916992188 0.186416625976562 0.0557174682617187 0.0208816528320313
-0.249237060546875 0.125244140625 0.0439453125 0.0316886901855469
-0.190322875976563 0.144943237304688 -0.26019287109375 -0.110198974609375
-0.14215087890625 0.147567749023438 -0.125213623046875 -0.0416946411132813
-0.080047607421875 0.161102294921875 -0.0298538208007813 -0.0811080932617187
-0.0106964111328125 0.149276733398438 -0.0467605590820313 -0.130195617675781
0.0299530029296875 0.121284484863281 -0.0800933837890625 -0.131477355957031
0.098785400390625 0.0986099243164063 -0.120460510253906 -0.134971618652344
0.112464904785156 0.0533905029296875 -0.162002563476563 -0.127532958984375
0.105377197265625 0.049285888671875 -0.160568237304688 -0.119552612304688
0.117485046386719 0.0556488037109375 -0.1474609375 -0.122756958007812
0.0932083129882813 0.0710830688476563 -0.100997924804688 -0.146697998046875
0.0518646240234375 0.111274719238281 -0.067718505859375 -0.129135131835938
0.0185623168945312 0.118415832519531 -0.0043792724609375 -0.100433349609375
-0.0597763061523438 0.128738403320313 0.0400161743164062 -0.0340652465820312
-0.107818603515625 0.150100708007813 -0.00205230712890626 0.0589447021484375
-0.166305541992188 0.131134033203125 -0.0593185424804688 0.0548820495605469
-0.080047607421875 0.139434814453125 -0.32830810546875 -0.0633239746093749
-0.0480880737304688 0.116668701171875 -0.176162719726563 -0.00526428222656251
0.00311279296875 0.100204467773437 -0.0641860961914063 -0.0498847961425781
0.0321044921875 0.0650291442871094 -0.0762557983398437 -0.099517822265625
0.0412254333496094 0.0399284362792969 -0.0937347412109375 -0.108604431152344
0.0658073425292969 0.0161666870117188 -0.14459228515625 -0.124526977539063
0.0526962280273438 -0.0152168273925781 -0.196197509765625 -0.118682861328125
0.0471458435058594 -0.017669677734375 -0.193923950195312 -0.112686157226563
0.0454673767089844 -0.0141105651855469 -0.172378540039062 -0.128829956054688
0.0343341827392578 -0.00697517395019531 -0.112777709960938 -0.150680541992188
0.0269756317138672 0.00632858276367188 -0.0561065673828125 -0.124031066894531
0.0360832214355469 0.00489044189453125 -0.00157928466796876 -0.085052490234375
0.037200927734375 0.0502548217773437 0.0226650238037109 -0.00407028198242187
0.0145645141601563 0.109848022460937 -0.04449462890625 0.08795166015625
-0.0528945922851563 0.127960205078125 -0.133224487304688 0.0806655883789063
-0.08868408203125 -0.137863159179688 0.145339965820313 -0.128005981445313
-0.16558837890625 -0.0471038818359375 0.06890869140625 -0.107757568359375
-0.158538818359375 0.049591064453125 -0.0235080718994141 -0.0261363983154297
-0.087188720703125 0.112350463867188 -0.0192985534667969 0.0616378784179688
-0.0206527709960937 0.119941711425781 0.00698852539062501 0.110641479492188
0.0369949340820313 0.103866577148437 0.102264404296875 0.145263671875
0.0614013671875 0.0823898315429688 0.18817138671875 0.118148803710938
0.03656005859375 0.0764312744140625 0.19500732421875 0.0836639404296875
0.03118896484375 0.0743560791015625 0.1944580078125 0.0853118896484375
0.00640869140624999 0.0648956298828125 0.164215087890625 0.0936737060546875
-0.0204086303710938 0.0545654296875 0.116371154785156 0.0607528686523438
-0.043670654296875 0.0384712219238281 0.100799560546875 0.0391006469726563
-0.0685043334960938 -0.0166244506835938 0.130104064941406 0.0132675170898438
-0.0714645385742187 -0.0642547607421875 0.218612670898438 -0.0295257568359375
-0.0202255249023438 -0.0994338989257813 0.400054931640625 0.054168701171875
-0.201004028320312 -0.101058959960937 0.128463745117188 -0.150863647460938
-0.255889892578125 -0.02166748046875 0.0708847045898438 -0.118820190429688
-0.2513427734375 0.094635009765625 -0.0144119262695313 -0.0591773986816406
-0.142730712890625 0.189529418945313 -0.0278987884521485 0.0148639678955078
-0.039764404296875 0.202911376953125 -0.0247611999511719 0.069000244140625
0.0731658935546875 0.184722900390625 0.0629348754882813 0.1146240234375
0.124038696289062 0.140533447265625 0.149490356445313 0.088470458984375
0.098663330078125 0.128074645996094 0.163864135742188 0.0465087890625
0.10687255859375 0.12628173828125 0.169464111328125 0.0452117919921875
0.0670089721679688 0.123634338378906 0.152313232421875 0.045928955078125
0.0138473510742188 0.135993957519531 0.104301452636719 0.0156707763671875
-0.0332183837890625 0.128646850585938 0.102798461914063 -0.00603485107421874
-0.122627258300781 0.0711593627929687 0.145614624023438 -0.033905029296875
-0.161941528320313 0.0176544189453125 0.232528686523438 -0.0650634765625
-0.133926391601563 -0.04742431640625 0.397735595703125 0.0108642578125
-0.283477783203125 -0.05609130859375 0.072723388671875 -0.172271728515625
-0.3160400390625 0.00732421875000004 0.0502471923828125 -0.124221801757812
-0.3145751953125 0.128265380859375 -0.00543212890625003 -0.0879898071289062
-0.184112548828125 0.242218017578125 -0.02752685546875 -0.0363044738769531
-0.0586090087890625 0.25860595703125 -0.0457191467285156 0.010528564453125
0.096527099609375 0.240493774414062 0.0195465087890625 0.0609207153320313
0.166168212890625 0.177886962890625 0.0905685424804688 0.041229248046875
0.146743774414063 0.159378051757813 0.108177185058594 0.00173950195312501
0.17083740234375 0.15673828125 0.118865966796875 0.00212097167968751
0.128662109375 0.16339111328125 0.115257263183594 -0.00596618652343749
0.05963134765625 0.205184936523438 0.0717010498046875 -0.0291671752929687
-0.0113525390625 0.213912963867188 0.0892410278320312 -0.0489120483398437
-0.162139892578125 0.16192626953125 0.14263916015625 -0.0717926025390625
-0.232086181640625 0.104095458984375 0.219009399414063 -0.07940673828125
-0.22735595703125 0.0123291015625 0.352630615234375 -0.015655517578125
-0.32476806640625 0.00396728515625 -0.00610351562500003 -0.18359375
-0.33154296875 0.0506286621093751 0.013153076171875 -0.121406555175781
-0.32147216796875 0.159942626953125 0.000213623046874989 -0.105690002441406
-0.186965942382813 0.265655517578125 -0.0232315063476563 -0.0855865478515625
-0.060028076171875 0.277023315429688 -0.0579490661621094 -0.0512771606445312
0.107833862304687 0.259384155273438 -0.0230960845947266 -0.00639915466308593
0.185577392578125 0.187591552734375 0.0198688507080078 -0.0150127410888672
0.1729736328125 0.166961669921875 0.0348701477050781 -0.0422744750976562
0.209396362304687 0.1641845703125 0.0466804504394531 -0.0382843017578125
0.170822143554688 0.1800537109375 0.0549545288085938 -0.0551071166992187
0.0955047607421875 0.245986938476563 0.0240898132324219 -0.0695571899414063
0.012115478515625 0.269058227539063 0.060455322265625 -0.083526611328125
-0.178009033203125 0.228103637695313 0.122093200683594 -0.0923233032226562
-0.267974853515625 0.172119140625 0.17694091796875 -0.067840576171875
-0.28424072265625 0.0690002441406251 0.267135620117188 -0.0195770263671875
-0.3192138671875 0.068389892578125 -0.10174560546875 -0.178924560546875
-0.2999267578125 0.102081298828125 -0.0353775024414063 -0.108001708984375
-0.268814086914063 0.185821533203125 -0.00330352783203127 -0.112701416015625
-0.1441650390625 0.258026123046875 -0.0235366821289063 -0.124465942382812
-0.0375823974609375 0.253768920898438 -0.0662384033203125 -0.103958129882812
0.114517211914063 0.235702514648437 -0.0633926391601562 -0.0717926025390625
0.18170166015625 0.165542602539063 -0.0545578002929687 -0.0692672729492187
0.173049926757813 0.148666381835938 -0.0443496704101562 -0.08050537109375
0.211441040039063 0.148178100585938 -0.0344772338867187 -0.0737152099609375
0.177993774414062 0.16851806640625 -0.0160980224609375 -0.0965347290039063
0.105758666992188 0.243057250976563 -0.02960205078125 -0.100761413574219
0.0248870849609375 0.270355224609375 0.0244903564453125 -0.104621887207031
-0.166412353515625 0.244781494140625 0.0898895263671875 -0.090728759765625
-0.256057739257813 0.2032470703125 0.11737060546875 -0.0336074829101562
-0.29217529296875 0.10919189453125 0.155593872070312 -0.00636291503906249
-0.267578125 0.122299194335937 -0.198715209960938 -0.152679443359375
-0.226837158203125 0.14300537109375 -0.0895156860351563 -0.0819778442382812
-0.17425537109375 0.189559936523437 -0.0193634033203125 -0.106643676757812
-0.0731658935546875 0.213607788085938 -0.0376815795898438 -0.140487670898438
-0.0011444091796875 0.194686889648438 -0.0777664184570313 -0.131362915039063
0.11212158203125 0.1732177734375 -0.0999755859375 -0.117324829101562
0.154098510742188 0.116287231445313 -0.122108459472656 -0.109466552734375
0.147308349609375 0.106277465820313 -0.118507385253906 -0.1072998046875
0.175949096679688 0.109786987304688 -0.109123229980469 -0.101654052734375
0.145843505859375 0.130569458007813 -0.0783538818359375 -0.127830505371094
0.0859375 0.19390869140625 -0.068634033203125 -0.121055603027344
0.0218658447265625 0.212966918945313 -0.00388336181640626 -0.112052917480469
-0.12579345703125 0.202682495117187 0.0582809448242187 -0.0723724365234375
-0.196624755859375 0.1903076171875 0.0519294738769531 0.0109138488769531
-0.246749877929688 0.12945556640625 0.0376396179199219 0.0186653137207031
-0.177337646484375 0.1524658203125 -0.285552978515625 -0.109527587890625
-0.130706787109375 0.151123046875 -0.1439208984375 -0.0467071533203125
-0.06915283203125 0.159011840820313 -0.04693603515625 -0.0851898193359375
-0.00442504882812499 0.141708374023438 -0.06304931640625 -0.129287719726562
0.0304718017578125 0.114692687988281 -0.0904541015625 -0.128547668457031
0.0955581665039063 0.09039306640625 -0.1302490234375 -0.133743286132812
0.106338500976563 0.04888916015625 -0.175994873046875 -0.126373291015625
0.0991592407226563 0.0469741821289063 -0.1751708984375 -0.117752075195313
0.111900329589844 0.0529937744140625 -0.162384033203125 -0.122100830078125
0.0869522094726563 0.0683746337890625 -0.1165771484375 -0.147720336914062
0.048614501953125 0.106094360351563 -0.0808486938476562 -0.131004333496094
0.0176162719726563 0.110824584960938 -0.01507568359375 -0.107421875
-0.0541534423828125 0.122322082519531 0.0346946716308594 -0.0446624755859375
-0.096405029296875 0.147613525390625 -0.00515747070312501 0.0520896911621094
-0.156402587890625 0.133941650390625 -0.0658607482910156 0.0465240478515625
-0.061737060546875 0.146774291992188 -0.350311279296875 -0.0589904785156249
-0.032867431640625 0.120048522949219 -0.192840576171875 -0.00616455078125003
0.0187606811523438 0.0961074829101562 -0.07867431640625 -0.0495758056640625
0.0394477844238281 0.0547981262207031 -0.0880966186523438 -0.093719482421875
0.0424575805664063 0.0294227600097656 -0.099365234375 -0.10369873046875
0.0592041015625 0.00564956665039063 -0.15020751953125 -0.123260498046875
0.0411453247070313 -0.0207443237304688 -0.206649780273438 -0.11651611328125
0.0357513427734375 -0.0202102661132812 -0.204513549804688 -0.109695434570313
0.03277587890625 -0.0156440734863281 -0.184600830078125 -0.1282958984375
0.0224132537841797 -0.0101032257080078 -0.124359130859375 -0.152236938476563
0.0171213150024414 -0.000842094421386719 -0.0645904541015625 -0.126640319824219
0.0289459228515625 -0.00732040405273438 -0.00813293457031249 -0.09100341796875
0.0435562133789063 0.0361900329589844 0.0210227966308594 -0.012786865234375
0.0302581787109375 0.0998611450195313 -0.0446090698242187 0.0825119018554688
-0.0360641479492188 0.12896728515625 -0.136177062988281 0.076202392578125
-0.111015319824219 -0.131278991699219 0.144058227539063 -0.122039794921875
-0.172103881835938 -0.0257415771484375 0.0695648193359375 -0.101203918457031
-0.155258178710938 0.0695648193359375 -0.0237598419189453 -0.0214424133300781
-0.0724639892578125 0.12579345703125 -0.0154914855957031 0.0657997131347656
-0.00286865234375001 0.124763488769531 0.010528564453125 0.114524841308594
0.0551986694335938 0.0986709594726562 0.1094970703125 0.145233154296875
0.076416015625 0.0746002197265625 0.194732666015625 0.113967895507813
0.0494766235351563 0.0731353759765625 0.198135375976563 0.079315185546875
0.0457992553710937 0.072265625 0.1976318359375 0.080291748046875
0.0171928405761719 0.0689315795898438 0.164260864257813 0.08734130859375
-0.0145301818847656 0.0644760131835938 0.114952087402344 0.0521621704101563
-0.04620361328125 0.0497398376464844 0.104026794433594 0.0300750732421875
-0.0821762084960937 -0.00926971435546876 0.137855529785156 0.00432586669921875
-0.0899124145507813 -0.05908203125 0.227935791015625 -0.0375518798828125
-0.0399169921875 -0.102310180664063 0.412506103515625 0.03656005859375
-0.221664428710937 -0.0932464599609375 0.119949340820312 -0.143600463867188
-0.263870239257813 -0.000534057617187506 0.0664825439453125 -0.11175537109375
-0.249313354492188 0.117218017578125 -0.0194816589355469 -0.0549125671386719
-0.128005981445313 0.205245971679688 -0.0300846099853516 0.0199432373046875
-0.0218353271484375 0.209396362304688 -0.0266036987304688 0.075836181640625
0.0932159423828125 0.179046630859375 0.0660247802734375 0.11932373046875
0.141021728515625 0.132293701171875 0.151962280273438 0.087799072265625
0.112785339355469 0.124519348144531 0.161972045898438 0.0432586669921875
0.122886657714844 0.122955322265625 0.167236328125 0.041748046875
0.0780181884765625 0.12591552734375 0.146881103515625 0.039306640625
0.02203369140625 0.144683837890625 0.09783935546875 0.00808715820312501
-0.033355712890625 0.138259887695313 0.100738525390625 -0.0168228149414062
-0.134284973144531 0.0796279907226562 0.14715576171875 -0.0467071533203125
-0.177337646484375 0.024627685546875 0.235946655273438 -0.07672119140625
-0.151840209960938 -0.0485076904296875 0.40179443359375 -0.010040283203125
-0.300140380859375 -0.0484619140625 0.0574188232421875 -0.163650512695313
-0.32379150390625 0.0256042480468751 0.0414810180664062 -0.117652893066406
-0.313568115234375 0.14935302734375 -0.0148849487304688 -0.083465576171875
-0.171676635742187 0.258087158203125 -0.03582763671875 -0.0303382873535156
-0.042633056640625 0.266128540039062 -0.0538406372070312 0.0198326110839844
0.114852905273438 0.23675537109375 0.0177154541015625 0.0684318542480469
0.181915283203125 0.170745849609375 0.087677001953125 0.0437393188476563
0.159393310546875 0.15570068359375 0.101104736328125 0.00132751464843751
0.186172485351563 0.15106201171875 0.111862182617188 0.000915527343750009
0.139312744140625 0.163238525390625 0.10467529296875 -0.01080322265625
0.06903076171875 0.209808349609375 0.0618667602539063 -0.0346717834472656
-0.00671386718750001 0.221115112304688 0.0811386108398437 -0.0598526000976562
-0.16815185546875 0.170989990234375 0.137619018554688 -0.0862503051757812
-0.242080688476563 0.113021850585937 0.216842651367187 -0.09375
-0.242599487304688 0.01416015625 0.35003662109375 -0.036865234375
-0.3343505859375 0.00903320312499996 -0.0278778076171875 -0.175430297851563
-0.337310791015625 0.062835693359375 -0.00119781494140628 -0.116111755371094
-0.322998046875 0.17572021484375 -0.0137176513671875 -0.103263854980469
-0.177764892578125 0.27874755859375 -0.0366287231445313 -0.079437255859375
-0.04962158203125 0.283843994140625 -0.069427490234375 -0.0415763854980468
0.121795654296875 0.256805419921875 -0.029083251953125 0.00235748291015626
0.19708251953125 0.181686401367188 0.0125141143798828 -0.0100479125976562
0.182174682617188 0.163955688476563 0.024566650390625 -0.0406150817871094
0.221542358398438 0.157562255859375 0.0361175537109375 -0.037567138671875
0.180099487304687 0.176788330078125 0.0406913757324219 -0.0579833984375
0.105484008789063 0.247238159179687 0.0101394653320313 -0.0721664428710937
0.019287109375 0.273040771484375 0.0481719970703125 -0.0926284790039063
-0.178695678710938 0.236785888671875 0.112014770507813 -0.10675048828125
-0.270523071289063 0.181854248046875 0.17059326171875 -0.081695556640625
-0.293182373046875 0.0727233886718751 0.259597778320313 -0.0392913818359375
-0.320892333984375 0.0718994140624999 -0.126068115234375 -0.170394897460938
-0.300567626953125 0.109100341796875 -0.0533294677734375 -0.104164123535156
-0.269775390625 0.19281005859375 -0.0198211669921875 -0.111213684082031
-0.139251708984375 0.263778686523438 -0.0404052734375 -0.118301391601562
-0.0334320068359375 0.2576904296875 -0.07977294921875 -0.0957565307617187
0.120529174804687 0.232528686523438 -0.0726776123046875 -0.0634841918945312
0.18817138671875 0.161422729492188 -0.0650711059570312 -0.0634231567382812
0.178192138671875 0.146316528320313 -0.0569305419921875 -0.0764999389648437
0.218536376953125 0.142135620117188 -0.0472068786621094 -0.0696449279785156
0.18280029296875 0.164764404296875 -0.0320510864257812 -0.0955047607421875
0.114089965820312 0.241470336914062 -0.0451202392578125 -0.0990829467773437
0.0318450927734375 0.270248413085938 0.0101547241210937 -0.110580444335937
-0.162704467773438 0.250473022460937 0.0785446166992187 -0.102813720703125
-0.2528076171875 0.21038818359375 0.1083984375 -0.0443344116210937
-0.294586181640625 0.11346435546875 0.14556884765625 -0.02166748046875
-0.260238647460938 0.125686645507813 -0.223861694335938 -0.144454956054687
-0.220626831054688 0.14471435546875 -0.109031677246094 -0.0794448852539063
-0.170196533203125 0.188430786132813 -0.037506103515625 -0.105201721191406
-0.0697174072265625 0.211593627929688 -0.054931640625 -0.13470458984375
-0.00112915039062502 0.193603515625 -0.089752197265625 -0.124481201171875
0.111953735351563 0.168411254882813 -0.109703063964844 -0.110710144042969
0.1534423828125 0.113235473632813 -0.134170532226563 -0.103530883789063
0.146881103515625 0.104721069335937 -0.132209777832031 -0.101394653320313
0.176773071289063 0.106460571289062 -0.12310791015625 -0.0958709716796875
0.14544677734375 0.12738037109375 -0.0952224731445313 -0.124053955078125
0.0878753662109375 0.190078735351563 -0.0835647583007813 -0.117546081542969
0.0249481201171875 0.209197998046875 -0.0183639526367188 -0.115463256835937
-0.120864868164062 0.202880859375 0.0474014282226562 -0.081695556640625
-0.189300537109375 0.190811157226563 0.0440864562988281 0.00359344482421876
-0.241928100585937 0.131912231445313 0.0264644622802734 0.00742149353027345
-0.162078857421875 0.153854370117188 -0.307830810546875 -0.09991455078125
-0.118896484375 0.149856567382813 -0.162368774414063 -0.0439453125
-0.06011962890625 0.150955200195313 -0.0639419555664063 -0.0823593139648437
-0.00160217285156251 0.132575988769531 -0.0773391723632813 -0.1212158203125
0.0282363891601562 0.108001708984375 -0.0984268188476563 -0.121955871582031
0.0887985229492188 0.08416748046875 -0.138137817382813 -0.128898620605469
0.0990753173828125 0.047576904296875 -0.186447143554688 -0.119522094726563
0.0924835205078125 0.0466537475585938 -0.18719482421875 -0.111297607421875
0.105743408203125 0.0527114868164063 -0.17572021484375 -0.115402221679687
0.0801010131835938 0.06756591796875 -0.131668090820312 -0.143051147460938
0.0433425903320313 0.102790832519531 -0.0931015014648438 -0.127334594726563
0.013641357421875 0.104827880859375 -0.0276336669921875 -0.1097412109375
-0.0512161254882812 0.113922119140625 0.0264472961425781 -0.0522994995117187
-0.0856246948242188 0.140113830566406 -0.0107040405273438 0.046600341796875
-0.144775390625 0.132705688476563 -0.0745468139648438 0.040069580078125
-0.0419769287109375 0.147125244140625 -0.36700439453125 -0.0466918945312499
-0.0178909301757812 0.11810302734375 -0.207748413085938 -0.000793457031250001
0.0311965942382813 0.0858154296875 -0.092193603515625 -0.0431747436523437
0.0422477722167969 0.0426254272460938 -0.097930908203125 -0.0842971801757813
0.0394401550292969 0.0196037292480469 -0.101890563964844 -0.0961151123046875
0.0489044189453125 -0.0015106201171875 -0.154586791992188 -0.11871337890625
0.0281620025634766 -0.0208587646484375 -0.214981079101563 -0.110549926757813
0.0238189697265625 -0.019287109375 -0.213790893554687 -0.10357666015625
0.0207023620605469 -0.0128688812255859 -0.195968627929688 -0.122085571289062
0.00991630554199219 -0.00814151763916016 -0.135574340820312 -0.1488037109375
0.00490856170654297 -0.00459003448486328 -0.0739669799804688 -0.125862121582031
0.0181961059570313 -0.0160427093505859 -0.0171661376953125 -0.0934524536132812
0.0445365905761719 0.0203895568847656 0.0165920257568359 -0.0198612213134766
0.0419464111328125 0.0845718383789063 -0.047210693359375 0.0773239135742188
-0.0199050903320313 0.122764587402344 -0.140296936035156 0.0723342895507813
-0.126380920410156 -0.119209289550781 0.147171020507813 -0.114044189453125
-0.170394897460937 -0.00698852539062498 0.0742263793945312 -0.0946121215820312
-0.14569091796875 0.0850372314453125 -0.0225276947021485 -0.0170154571533203
-0.0568466186523438 0.131919860839844 -0.0113983154296875 0.0681838989257813
0.0123825073242187 0.123619079589844 0.013580322265625 0.117256164550781
0.0690994262695313 0.0887527465820313 0.11431884765625 0.144149780273438
0.0863876342773438 0.0639419555664063 0.197998046875 0.111282348632813
0.0587692260742188 0.0667228698730469 0.199737548828125 0.076904296875
0.0576400756835938 0.0666427612304688 0.19769287109375 0.0782928466796875
0.0274772644042969 0.0688972473144531 0.160430908203125 0.0835418701171875
-0.00673675537109376 0.0715179443359375 0.110549926757813 0.046875
-0.0455665588378906 0.0601692199707031 0.103919982910156 0.021636962890625
-0.0921249389648438 0.000755310058593757 0.1419677734375 -0.003692626953125
-0.103652954101563 -0.0495452880859375 0.234298706054688 -0.045013427734375
-0.0577163696289063 -0.0998764038085937 0.4168701171875 0.02288818359375
-0.235870361328125 -0.0825653076171875 0.117912292480469 -0.132835388183594
-0.26275634765625 0.017608642578125 0.0671310424804687 -0.103416442871094
-0.241455078125 0.13336181640625 -0.0220832824707031 -0.0487060546875
-0.111419677734375 0.212539672851563 -0.0299015045166016 0.0257720947265625
-0.00646972656250001 0.208847045898437 -0.027557373046875 0.0824813842773438
0.107513427734375 0.169357299804688 0.0688705444335938 0.123046875
0.151321411132812 0.12158203125 0.153152465820313 0.08892822265625
0.122627258300781 0.118156433105469 0.159530639648438 0.043670654296875
0.134757995605469 0.115913391113281 0.163742065429688 0.04180908203125
0.088226318359375 0.125473022460938 0.139289855957031 0.036529541015625
0.029632568359375 0.149810791015625 0.0896072387695313 0.00440979003906251
-0.0325469970703125 0.146697998046875 0.0949554443359375 -0.0248565673828125
-0.14306640625 0.0885162353515625 0.145401000976563 -0.0564422607421875
-0.189239501953125 0.03350830078125 0.236618041992187 -0.0855560302734375
-0.168350219726562 -0.0453948974609375 0.40045166015625 -0.02392578125
-0.312530517578125 -0.04071044921875 0.05035400390625 -0.150344848632813
-0.324310302734375 0.03973388671875 0.0377120971679687 -0.107818603515625
-0.309844970703125 0.163909912109375 -0.0215911865234375 -0.0768966674804687
-0.15826416015625 0.26605224609375 -0.040130615234375 -0.0223350524902344
-0.029754638671875 0.267715454101563 -0.0574569702148437 0.0294342041015625
0.126358032226563 0.228103637695312 0.0172882080078125 0.0753860473632813
0.191314697265625 0.161376953125 0.0858917236328125 0.0481109619140625
0.167739868164063 0.150375366210938 0.0952987670898438 0.00442504882812501
0.196304321289062 0.143936157226562 0.105712890625 0.00283050537109376
0.147445678710938 0.16070556640625 0.0943603515625 -0.0112380981445312
0.0775604248046875 0.212646484375 0.0511322021484375 -0.035888671875
-0.00361633300781248 0.226211547851563 0.072021484375 -0.066314697265625
-0.173126220703125 0.179153442382813 0.13037109375 -0.0960845947265625
-0.249481201171875 0.121353149414062 0.211349487304687 -0.101730346679687
-0.254913330078125 0.0163116455078125 0.340728759765625 -0.0501708984375
-0.342071533203125 0.012969970703125 -0.040496826171875 -0.16107177734375
-0.338653564453125 0.071685791015625 -0.00966644287109376 -0.106246948242188
-0.32159423828125 0.185272216796875 -0.0239028930664063 -0.0963897705078125
-0.1700439453125 0.284820556640625 -0.0448760986328125 -0.0705032348632812
-0.04168701171875 0.286834716796875 -0.075958251953125 -0.031280517578125
0.130157470703125 0.251510620117188 -0.0318317413330078 0.0115890502929688
0.204299926757812 0.175567626953125 0.00839471817016603 -0.00362539291381835
0.187774658203125 0.159942626953125 0.0165863037109375 -0.0358200073242188
0.228225708007812 0.151473999023437 0.0282554626464844 -0.0330219268798828
0.185638427734375 0.173446655273437 0.0286369323730469 -0.05523681640625
0.112991333007812 0.246490478515625 -0.00183868408203125 -0.0697822570800781
0.0239105224609375 0.274642944335938 0.03521728515625 -0.0957565307617188
-0.17974853515625 0.242752075195313 0.100547790527344 -0.114006042480469
-0.272811889648438 0.18853759765625 0.161956787109375 -0.0891876220703125
-0.301666259765625 0.0745849609375 0.247238159179687 -0.0513916015625
-0.321563720703125 0.072113037109375 -0.143112182617188 -0.156936645507812
-0.299835205078125 0.11053466796875 -0.0661697387695313 -0.095001220703125
-0.270462036132813 0.195587158203125 -0.0333709716796875 -0.104385375976563
-0.136474609375 0.265762329101563 -0.0515594482421875 -0.1090087890625
-0.030548095703125 0.260055541992188 -0.08746337890625 -0.0857391357421875
0.12371826171875 0.229019165039063 -0.0774993896484375 -0.0541763305664063
0.190719604492188 0.158248901367188 -0.0710906982421875 -0.055755615234375
0.179977416992188 0.144180297851563 -0.0663528442382812 -0.070098876953125
0.221633911132813 0.1378173828125 -0.0556602478027344 -0.0633773803710938
0.184036254882813 0.161392211914063 -0.045135498046875 -0.08978271484375
0.117752075195313 0.23834228515625 -0.0567550659179687 -0.0942611694335938
0.03460693359375 0.268997192382813 -0.00376892089843751 -0.111198425292969
-0.161178588867188 0.252059936523438 0.0651092529296875 -0.108161926269531
-0.250839233398438 0.212997436523438 0.0988082885742187 -0.04986572265625
-0.29638671875 0.113555908203125 0.131126403808594 -0.030487060546875
-0.253890991210938 0.121597290039062 -0.241180419921875 -0.131759643554688
-0.216293334960937 0.141830444335938 -0.124473571777344 -0.0722503662109375
-0.168853759765625 0.183181762695313 -0.0514450073242188 -0.0987014770507812
-0.0704193115234375 0.20770263671875 -0.0664520263671875 -0.125030517578125
-0.00379943847656252 0.192245483398438 -0.0966796875 -0.115715026855469
0.10791015625 0.166244506835937 -0.114936828613281 -0.103530883789062
0.15130615234375 0.112991333007813 -0.141677856445313 -0.0958099365234375
0.14453125 0.105377197265625 -0.140914916992188 -0.0941009521484375
0.17578125 0.105316162109375 -0.131584167480469 -0.0879592895507812
0.1429443359375 0.126510620117188 -0.106391906738281 -0.116813659667969
0.0872955322265625 0.187393188476563 -0.0943145751953125 -0.110687255859375
0.0249176025390625 0.20684814453125 -0.0311737060546875 -0.114036560058594
-0.119415283203125 0.19952392578125 0.0349884033203125 -0.0855789184570312
-0.184249877929688 0.187393188476562 0.0349636077880859 -0.000150680541992176
-0.238510131835938 0.129302978515625 0.0134038925170898 0.00151062011718751
-0.15020751953125 0.147735595703125 -0.322723388671875 -0.088531494140625
-0.11053466796875 0.143218994140625 -0.17730712890625 -0.037994384765625
-0.0561370849609375 0.141098022460938 -0.0766754150390625 -0.0749359130859375
-0.00389862060546874 0.124481201171875 -0.08642578125 -0.111747741699219
0.0224227905273437 0.103324890136719 -0.101287841796875 -0.114952087402344
0.0806808471679687 0.0821685791015625 -0.141693115234375 -0.123489379882812
0.0916213989257813 0.0500106811523438 -0.19305419921875 -0.11297607421875
0.0862045288085938 0.0497970581054688 -0.194778442382813 -0.10394287109375
0.100212097167969 0.0559158325195312 -0.183990478515625 -0.107315063476563
0.0737152099609375 0.0697097778320313 -0.1407470703125 -0.136138916015625
0.0370712280273438 0.101486206054687 -0.101776123046875 -0.121292114257813
0.00696563720703124 0.100723266601563 -0.0377120971679688 -0.107856750488281
-0.0525588989257812 0.105010986328125 0.017120361328125 -0.0563735961914062
-0.0813674926757813 0.129783630371094 -0.0177879333496094 0.0433235168457031
-0.13665771484375 0.125335693359375 -0.0850372314453125 0.0360488891601562
-0.0264129638671875 0.140594482421875 -0.377716064453125 -0.035186767578125
-0.00669097900390626 0.110954284667969 -0.21942138671875 0.00579833984375002
0.0381088256835937 0.0738372802734375 -0.101226806640625 -0.0351409912109375
0.0408477783203125 0.0318183898925781 -0.102317810058594 -0.073516845703125
0.0331325531005859 0.0121917724609375 -0.10064697265625 -0.0910263061523437
0.0373306274414063 -0.00374984741210938 -0.155624389648437 -0.11541748046875
0.0176715850830078 -0.0169143676757813 -0.218399047851562 -0.1055908203125
0.0146875381469727 -0.0138759613037109 -0.2181396484375 -0.0969085693359375
0.0104389190673828 -0.005401611328125 -0.201873779296875 -0.11590576171875
-0.000336647033691406 -0.00238680839538574 -0.141876220703125 -0.144287109375
-0.00637006759643555 -0.00317668914794922 -0.0798797607421875 -0.122703552246094
0.00631141662597656 -0.0198497772216797 -0.0248947143554687 -0.0939178466796875
0.0402412414550781 0.00689697265625 0.0108699798583984 -0.0248851776123047
0.0460472106933594 0.067962646484375 -0.0513458251953125 0.0725631713867188
-0.00876617431640625 0.111572265625 -0.14642333984375 0.06829833984375
-0.136016845703125 -0.108421325683594 0.156341552734375 -0.106887817382813
-0.165512084960938 0.00497436523437501 0.08294677734375 -0.090789794921875
-0.13671875 0.0943069458007812 -0.0201053619384766 -0.0143566131591797
-0.0445938110351563 0.1341552734375 -0.00812149047851562 0.0690956115722656
0.023406982421875 0.119949340820313 0.014984130859375 0.120323181152344
0.077667236328125 0.0786056518554688 0.11712646484375 0.145217895507813
0.0921707153320312 0.0535964965820313 0.200973510742188 0.111663818359375
0.0650482177734375 0.0604286193847656 0.200668334960938 0.0791778564453125
0.0663185119628906 0.0602684020996094 0.198654174804688 0.081329345703125
0.0356101989746094 0.0673675537109375 0.157073974609375 0.0843048095703125
0.000473022460937508 0.0760955810546875 0.10540771484375 0.0459365844726563
-0.0441169738769531 0.0686378479003906 0.102409362792969 0.0167694091796875
-0.0992889404296875 0.0104751586914063 0.1456298828125 -0.009613037109375
-0.113845825195313 -0.039886474609375 0.242355346679688 -0.049102783203125
-0.07080078125 -0.0947265625 0.421722412109375 0.017974853515625
-0.247039794921875 -0.0745697021484375 0.123855590820312 -0.121940612792969
-0.2607421875 0.0282440185546875 0.0732345581054687 -0.0964126586914063
-0.236465454101563 0.142929077148437 -0.0217094421386719 -0.043670654296875
-0.100189208984375 0.215530395507812 -0.0295009613037109 0.0299015045166016
0.00347900390624999 0.206832885742188 -0.0274505615234375 0.0892105102539063
0.115524291992188 0.160507202148438 0.0709762573242188 0.127586364746094
0.158355712890625 0.113021850585937 0.15460205078125 0.092498779296875
0.128639221191406 0.113883972167969 0.158187866210938 0.0478515625
0.143447875976563 0.110397338867187 0.162567138671875 0.045684814453125
0.0955963134765625 0.12481689453125 0.133743286132813 0.0394210815429688
0.035980224609375 0.154693603515625 0.0823898315429687 0.00469970703125001
-0.031585693359375 0.15478515625 0.090240478515625 -0.0288848876953125
-0.151626586914063 0.097442626953125 0.14349365234375 -0.0617218017578125
-0.199722290039063 0.0417938232421875 0.239105224609375 -0.0895233154296875
-0.183517456054688 -0.042724609375 0.398681640625 -0.028045654296875
-0.323333740234375 -0.036956787109375 0.0505218505859375 -0.137710571289063
-0.32568359375 0.0473937988281249 0.0401382446289062 -0.098602294921875
-0.308685302734375 0.173187255859375 -0.024261474609375 -0.0699195861816406
-0.150909423828125 0.269439697265625 -0.0415992736816406 -0.015777587890625
-0.0233306884765625 0.268585205078125 -0.0589866638183594 0.0383415222167969
0.132598876953125 0.222824096679687 0.0189437866210938 0.0832901000976563
0.197174072265625 0.156097412109375 0.0861663818359375 0.054046630859375
0.17291259765625 0.147918701171875 0.0922775268554688 0.00975799560546876
0.203994750976563 0.139694213867187 0.102760314941406 0.00768280029296876
0.153289794921875 0.160171508789063 0.0864334106445313 -0.00725555419921874
0.0829925537109375 0.2156982421875 0.0424156188964844 -0.0341377258300781
-0.00354003906249997 0.2332763671875 0.0639801025390625 -0.0684585571289062
-0.181045532226562 0.186721801757813 0.124320983886719 -0.100967407226563
-0.258529663085938 0.1287841796875 0.208847045898438 -0.106002807617188
-0.2694091796875 0.018218994140625 0.334747314453125 -0.054443359375
-0.35076904296875 0.0122375488281249 -0.0451812744140625 -0.147903442382812
-0.3424072265625 0.07415771484375 -0.011749267578125 -0.0961456298828125
-0.326690673828125 0.190673828125 -0.029296875 -0.0883026123046875
-0.167510986328125 0.288909912109375 -0.0486679077148438 -0.0620918273925781
-0.039215087890625 0.28985595703125 -0.079864501953125 -0.0220184326171875
0.1326904296875 0.249343872070313 -0.0320777893066406 0.0202274322509766
0.208572387695313 0.173141479492187 0.00665998458862306 0.0032033920288086
0.191574096679688 0.160720825195313 0.0118637084960938 -0.029754638671875
0.233657836914062 0.14898681640625 0.0234737396240235 -0.0273590087890625
0.188522338867188 0.173614501953125 0.0200576782226563 -0.0498199462890625
0.116546630859375 0.248199462890625 -0.0109901428222656 -0.0661735534667969
0.0240020751953125 0.278778076171875 0.0259552001953125 -0.0958404541015625
-0.185226440429688 0.248291015625 0.0913619995117187 -0.117164611816406
-0.2794189453125 0.193206787109375 0.155471801757812 -0.091094970703125
-0.311614990234375 0.073486328125 0.236968994140625 -0.05438232421875
-0.327362060546875 0.06658935546875 -0.15240478515625 -0.1451416015625
-0.3040771484375 0.109405517578125 -0.0735397338867188 -0.086181640625
-0.277175903320312 0.196136474609375 -0.0413894653320313 -0.0970916748046875
-0.138748168945313 0.26739501953125 -0.057159423828125 -0.100074768066406
-0.0331573486328125 0.263351440429688 -0.0917892456054687 -0.07733154296875
0.123184204101562 0.230819702148438 -0.0791473388671875 -0.0471572875976562
0.192214965820313 0.160232543945313 -0.07452392578125 -0.0493392944335937
0.181137084960938 0.147750854492188 -0.0716476440429687 -0.0648345947265625
0.224578857421875 0.137863159179688 -0.0614204406738281 -0.0574951171875
0.184432983398438 0.162521362304688 -0.0530014038085938 -0.0839309692382812
0.11846923828125 0.239166259765625 -0.0645370483398437 -0.0883941650390625
0.0339813232421875 0.270980834960938 -0.0137252807617187 -0.108871459960937
-0.165451049804687 0.25372314453125 0.0553665161132813 -0.109489440917969
-0.254638671875 0.213226318359375 0.0903778076171875 -0.0504989624023437
-0.303680419921875 0.110260009765625 0.118637084960937 -0.0335235595703125
-0.255203247070313 0.114105224609375 -0.25311279296875 -0.122711181640625
-0.21795654296875 0.135177612304687 -0.13623046875 -0.0650177001953125
-0.175018310546875 0.178375244140625 -0.0614242553710938 -0.0911102294921875
-0.0759124755859375 0.206146240234375 -0.0725021362304687 -0.116241455078125
-0.0100250244140625 0.194503784179687 -0.09906005859375 -0.109779357910156
0.10308837890625 0.169357299804688 -0.117080688476562 -0.0985946655273438
0.149398803710938 0.117584228515625 -0.146011352539063 -0.090606689453125
0.14300537109375 0.110931396484375 -0.14630126953125 -0.0893096923828125
0.175369262695313 0.108718872070313 -0.136962890625 -0.0825958251953125
0.1400146484375 0.129615783691406 -0.113639831542969 -0.111000061035156
0.083953857421875 0.1890869140625 -0.10064697265625 -0.104736328125
0.020263671875 0.206802368164063 -0.0400390625 -0.110595703125
-0.124298095703125 0.196533203125 0.0254287719726562 -0.0866546630859375
-0.186065673828125 0.182754516601563 0.0262908935546875 9.53674316407369E-06
-0.2413330078125 0.122909545898438 1.01327896116684E-06 -0.000844776630401604
-0.145675659179688 0.139755249023438 -0.335479736328125 -0.0812072753906249
-0.1082763671875 0.135726928710938 -0.190216064453125 -0.0318450927734375
-0.0585403442382812 0.132469177246094 -0.0854263305664063 -0.0679779052734375
-0.0092315673828125 0.119033813476563 -0.090484619140625 -0.103851318359375
0.0150833129882812 0.102302551269531 -0.101417541503906 -0.111129760742187
0.0726242065429688 0.08551025390625 -0.14324951171875 -0.121337890625
0.0864410400390625 0.056182861328125 -0.197357177734375 -0.110214233398438
0.0822067260742188 0.0559234619140625 -0.19921875 -0.100372314453125
0.0962982177734375 0.0621414184570312 -0.1885986328125 -0.102401733398438
0.068145751953125 0.0754165649414063 -0.145706176757813 -0.131622314453125
0.0304183959960937 0.103904724121094 -0.106590270996094 -0.116790771484375
0.000312805175781252 0.100135803222656 -0.044952392578125 -0.104949951171875
-0.058380126953125 0.097930908203125 0.00905609130859375 -0.0578384399414062
-0.082794189453125 0.119911193847656 -0.0261917114257813 0.0426216125488281
-0.135345458984375 0.116058349609375 -0.0969314575195313 0.0332412719726563
-0.0172653198242188 0.131950378417969 -0.38702392578125 -0.0288391113281249
-0.000129699707031244 0.103347778320313 -0.230270385742188 0.011077880859375
0.0399360656738281 0.0623435974121094 -0.107612609863281 -0.0279388427734375
0.0370864868164063 0.0239105224609375 -0.103584289550781 -0.0663070678710937
0.0259933471679688 0.00811386108398438 -0.0976486206054688 -0.0886154174804687
0.0279178619384766 -0.00139999389648438 -0.155364990234375 -0.11627197265625
0.00966548919677734 -0.0099496841430664 -0.221282958984375 -0.10552978515625
0.00831985473632813 -0.00710344314575195 -0.220993041992188 -0.0950927734375
0.00469255447387695 0.00348186492919922 -0.206527709960937 -0.113571166992188
-0.00717258453369141 0.00496053695678711 -0.14508056640625 -0.14239501953125
-0.0161542892456055 0.000420570373535159 -0.082672119140625 -0.120864868164062
-0.00382041931152344 -0.0204620361328125 -0.0301589965820312 -0.092864990234375
0.0337390899658203 -0.00311088562011719 0.00480461120605469 -0.0281944274902344
0.0448646545410156 0.0541419982910156 -0.0585708618164062 0.0698509216308594
-0.0032196044921875 0.100028991699219 -0.155548095703125 0.063934326171875
-0.145294189453125 -0.101806640625 0.1712646484375 -0.103317260742188
-0.162582397460938 0.0123291015625 0.0951156616210937 -0.0908050537109375
-0.1318359375 0.101402282714844 -0.0175256729125977 -0.0129232406616211
-0.0356216430664063 0.136444091796875 -0.005523681640625 0.0714263916015625
0.0321121215820313 0.117927551269531 0.0166397094726563 0.125862121582031
0.0842056274414063 0.0707550048828125 0.121063232421875 0.150299072265625
0.0969085693359375 0.0454025268554688 0.208358764648438 0.116790771484375
0.07049560546875 0.0561141967773437 0.206283569335938 0.0845794677734375
0.0724334716796875 0.0548171997070313 0.203643798828125 0.0872039794921875
0.0424385070800781 0.066619873046875 0.156967163085938 0.0906982421875
0.00690460205078124 0.0799636840820312 0.102546691894531 0.04803466796875
-0.042877197265625 0.0772171020507813 0.102302551269531 0.0143966674804688
-0.106422424316406 0.0197525024414062 0.151229858398438 -0.013763427734375
-0.123008728027344 -0.0309982299804687 0.253707885742187 -0.0536651611328125
-0.08233642578125 -0.0910110473632812 0.435882568359375 0.016326904296875
-0.2598876953125 -0.0701446533203124 0.134918212890625 -0.115150451660156
-0.262451171875 0.035186767578125 0.0836715698242187 -0.09295654296875
-0.236373901367188 0.151687622070312 -0.0206146240234375 -0.0406150817871094
-0.0944366455078125 0.219970703125 -0.0281257629394531 0.033864974975586
0.00990295410156249 0.209442138671875 -0.027587890625 0.0968093872070313
0.12255859375 0.156707763671875 0.0742340087890625 0.135604858398438
0.16461181640625 0.108108520507813 0.15985107421875 0.0989990234375
0.136329650878906 0.112907409667969 0.161453247070313 0.05438232421875
0.152267456054687 0.107818603515625 0.165725708007812 0.052825927734375
0.102729797363281 0.12615966796875 0.131027221679688 0.0455322265625
0.042205810546875 0.161392211914063 0.0780868530273438 0.00720214843750001
-0.032470703125 0.165664672851562 0.0875244140625 -0.0312423706054687
-0.162765502929688 0.108245849609375 0.145782470703125 -0.0661773681640625
-0.212478637695313 0.05078125 0.247344970703125 -0.0932769775390625
-0.199630737304688 -0.040008544921875 0.40740966796875 -0.02886962890625
-0.339202880859375 -0.0357055664062501 0.056915283203125 -0.129249572753906
-0.332855224609375 0.051177978515625 0.0467147827148437 -0.0928497314453125
-0.31597900390625 0.181243896484375 -0.0248794555664063 -0.0654182434082031
-0.14923095703125 0.275497436523438 -0.0427474975585938 -0.0102386474609375
-0.0206146240234375 0.274032592773438 -0.0611038208007813 0.046905517578125
0.138137817382813 0.223678588867188 0.0212860107421875 0.0922622680664063
0.204879760742187 0.155303955078125 0.0896453857421875 0.061614990234375
0.180801391601563 0.150711059570313 0.0927276611328125 0.0158843994140625
0.2135009765625 0.1397705078125 0.103561401367188 0.0137939453125
0.160064697265625 0.16461181640625 0.0826187133789063 -0.00145721435546874
0.0878753662109375 0.224227905273438 0.0364723205566406 -0.0311927795410156
-0.00459289550781249 0.244537353515625 0.0592765808105469 -0.0694465637207031
-0.19244384765625 0.197677612304687 0.122428894042969 -0.104293823242187
-0.272857666015625 0.137420654296875 0.212142944335938 -0.108901977539062
-0.287628173828125 0.01873779296875 0.337646484375 -0.05517578125
-0.3681640625 0.00915527343750006 -0.0454864501953125 -0.139572143554688
-0.35333251953125 0.0753784179687501 -0.0107955932617188 -0.0897140502929688
-0.338775634765625 0.197723388671875 -0.0323867797851563 -0.0832595825195312
-0.171478271484375 0.296539306640625 -0.0517654418945313 -0.05596923828125
-0.04119873046875 0.2991943359375 -0.0827789306640625 -0.0139846801757812
0.13690185546875 0.255386352539063 -0.0314369201660156 0.0285530090332031
0.21600341796875 0.1767578125 0.00750064849853517 0.00970935821533204
0.198562622070313 0.166305541992188 0.0094127655029297 -0.0246505737304687
0.242477416992188 0.151580810546875 0.0224266052246094 -0.0215682983398437
0.194015502929687 0.179046630859375 0.0149040222167969 -0.0446624755859375
0.120697021484375 0.257064819335938 -0.0176544189453125 -0.0622138977050781
0.022857666015625 0.289794921875 0.0189743041992188 -0.095794677734375
-0.196609497070312 0.258468627929688 0.086181640625 -0.120010375976562
-0.292510986328125 0.201385498046875 0.154327392578125 -0.09246826171875
-0.3306884765625 0.072906494140625 0.233428955078125 -0.054443359375
-0.3419189453125 0.061065673828125 -0.15997314453125 -0.13800048828125
-0.31549072265625 0.106536865234375 -0.0787887573242188 -0.0792617797851563
-0.29180908203125 0.199554443359375 -0.0466995239257813 -0.0910263061523437
-0.146453857421875 0.27490234375 -0.0609817504882813 -0.0941619873046875
-0.0384979248046875 0.273422241210937 -0.0952377319335938 -0.0714111328125
0.123733520507812 0.239334106445313 -0.07952880859375 -0.0419158935546875
0.197418212890625 0.167327880859375 -0.076995849609375 -0.04541015625
0.186203002929688 0.155487060546875 -0.076812744140625 -0.060638427734375
0.2313232421875 0.1435546875 -0.0649261474609375 -0.0529251098632812
0.188186645507813 0.169281005859375 -0.059112548828125 -0.0796356201171875
0.12005615234375 0.247482299804688 -0.0720596313476562 -0.0846405029296875
0.031494140625 0.27960205078125 -0.0208816528320312 -0.107772827148437
-0.175750732421875 0.260894775390625 0.048248291015625 -0.111183166503906
-0.265975952148437 0.217803955078125 0.0859298706054687 -0.0493698120117187
-0.31915283203125 0.107818603515625 0.109779357910156 -0.0325546264648437
-0.264007568359375 0.10736083984375 -0.26739501953125 -0.117095947265625
-0.227096557617187 0.13031005859375 -0.14703369140625 -0.059295654296875
-0.187789916992188 0.177871704101562 -0.0683212280273438 -0.0856704711914062
-0.08447265625 0.210662841796875 -0.0768890380859375 -0.1114501953125
-0.01751708984375 0.202835083007813 -0.101348876953125 -0.106864929199219
0.101211547851563 0.178619384765625 -0.119010925292969 -0.0971298217773438
0.151519775390625 0.12652587890625 -0.151031494140625 -0.089447021484375
0.144989013671875 0.120086669921875 -0.153274536132813 -0.087677001953125
0.178924560546875 0.1162109375 -0.142562866210937 -0.07940673828125
0.140205383300781 0.1370849609375 -0.120025634765625 -0.108283996582031
0.0817718505859375 0.195968627929687 -0.106529235839844 -0.101593017578125
0.0147705078125 0.213104248046875 -0.047027587890625 -0.109222412109375
-0.13330078125 0.197998046875 0.0183563232421875 -0.0869140625
-0.194915771484375 0.18194580078125 0.0190544128417969 0.00212860107421876
-0.251815795898438 0.117813110351562 -0.0125656127929688 -4.2915344238272E-05
-0.148208618164063 0.132888793945312 -0.351959228515625 -0.076873779296875
-0.111854553222656 0.129379272460937 -0.204559326171875 -0.026641845703125
-0.0657272338867187 0.126953125 -0.0929489135742188 -0.0621795654296875
-0.0167770385742188 0.118583679199219 -0.0944442749023437 -0.0985565185546875
0.00720977783203124 0.106063842773438 -0.102752685546875 -0.110862731933594
0.0672073364257813 0.0923538208007813 -0.145721435546875 -0.123458862304688
0.08489990234375 0.0651321411132813 -0.204177856445313 -0.111679077148437
0.0811843872070313 0.0652313232421875 -0.20648193359375 -0.101715087890625
0.0970382690429688 0.0712432861328125 -0.195465087890625 -0.102096557617187
0.0656280517578125 0.0835800170898438 -0.151321411132813 -0.131439208984375
0.02490234375 0.110847473144531 -0.110954284667969 -0.115028381347656
-0.0079345703125 0.104217529296875 -0.0512008666992187 -0.104385375976563
-0.0668411254882813 0.0946502685546875 0.00217819213867187 -0.0584182739257812
-0.088470458984375 0.113525390625 -0.0344276428222656 0.0446205139160156
-0.140380859375 0.108078002929688 -0.111663818359375 0.033233642578125
-0.0119247436523437 0.125434875488281 -0.40386962890625 -0.0262451171874999
0.00257110595703125 0.0975570678710938 -0.245010375976562 0.0159149169921875
0.0393028259277344 0.0542373657226563 -0.113861083984375 -0.0222320556640625
0.0320625305175781 0.0186958312988281 -0.105003356933594 -0.0616836547851562
0.0194854736328125 0.0070037841796875 -0.0963058471679688 -0.0907516479492187
0.0206546783447266 0.00263595581054688 -0.15740966796875 -0.121017456054688
0.00470209121704102 -0.00226068496704102 -0.228607177734375 -0.109237670898437
0.00452804565429688 0.000657558441162109 -0.227783203125 -0.0984039306640625
0.00160408020019531 0.0127353668212891 -0.21282958984375 -0.115264892578125
-0.0117044448852539 0.0133628845214844 -0.14947509765625 -0.145355224609375
-0.0241241455078125 0.00606155395507812 -0.0860671997070312 -0.122230529785156
-0.0130081176757812 -0.0193557739257813 -0.034393310546875 -0.0933456420898438
0.0262413024902344 -0.0104255676269531 -0.00116157531738281 -0.0302047729492187
0.0417137145996094 0.0436172485351563 -0.0678062438964844 0.0700721740722656
-0.0023956298828125 0.0913009643554688 -0.169891357421875 0.0617218017578125
-0.157272338867188 -0.0943603515625 0.189117431640625 -0.106353759765625
-0.162033081054688 0.020660400390625 0.107795715332031 -0.096099853515625
-0.127784729003906 0.110893249511719 -0.0152149200439453 -0.011566162109375
-0.0269088745117188 0.140411376953125 -0.00170135498046875 0.0744247436523438
0.041839599609375 0.117225646972656 0.0205001831054688 0.13330078125
0.091064453125 0.063018798828125 0.1292724609375 0.15704345703125
0.102516174316406 0.0375900268554688 0.221771240234375 0.121688842773438
0.0771408081054688 0.0522079467773438 0.218597412109375 0.09002685546875
0.080108642578125 0.0492019653320313 0.21624755859375 0.093414306640625
0.0495491027832031 0.0654106140136719 0.162582397460938 0.09771728515625
0.0146560668945313 0.0845870971679688 0.103424072265625 0.05120849609375
-0.0402679443359375 0.0876541137695312 0.1051025390625 0.0121612548828125
-0.113052368164062 0.0317153930664063 0.159698486328125 -0.01995849609375
-0.132850646972656 -0.0206146240234375 0.271011352539063 -0.0629119873046875
-0.0947647094726563 -0.0869674682617187 0.460235595703125 0.01116943359375
-0.279067993164062 -0.06304931640625 0.150177001953125 -0.115692138671875
-0.269515991210937 0.0437469482421875 0.095947265625 -0.0952987670898438
-0.24005126953125 0.165618896484375 -0.0193023681640625 -0.0386619567871094
-0.0889434814453125 0.229278564453125 -0.0269622802734375 0.0386314392089844
0.01708984375 0.215469360351563 -0.0268783569335938 0.106590270996094
0.132064819335938 0.153915405273438 0.0816650390625 0.144882202148438
0.17523193359375 0.103591918945312 0.171524047851562 0.105682373046875
0.1466064453125 0.112899780273438 0.170272827148437 0.06072998046875
0.164581298828125 0.105194091796875 0.174957275390625 0.05908203125
0.113510131835938 0.129722595214844 0.134483337402344 0.05206298828125
0.0516204833984375 0.17108154296875 0.0759429931640625 0.010345458984375
-0.030487060546875 0.18048095703125 0.0869522094726563 -0.033355712890625
-0.1734619140625 0.124465942382812 0.150405883789063 -0.0735321044921875
-0.228302001953125 0.064666748046875 0.2596435546875 -0.1024169921875
-0.220077514648437 -0.0343017578125 0.426239013671875 -0.033538818359375
-0.363677978515625 -0.03070068359375 0.0650863647460937 -0.126380920410156
-0.34661865234375 0.059417724609375 0.0547332763671875 -0.0920562744140625
-0.3272705078125 0.19696044921875 -0.02593994140625 -0.0626716613769531
-0.148101806640625 0.291015625 -0.0430259704589844 -0.00474166870117185
-0.016571044921875 0.28692626953125 -0.06268310546875 0.0570716857910156
0.148666381835937 0.227157592773438 0.0263519287109375 0.102149963378906
0.218338012695313 0.155838012695313 0.0967483520507813 0.0684127807617188
0.194305419921875 0.15478515625 0.0966949462890625 0.02197265625
0.228500366210938 0.140396118164063 0.108688354492188 0.019561767578125
0.172103881835937 0.16986083984375 0.0830917358398438 0.00398254394531251
0.09869384765625 0.23583984375 0.0323963165283203 -0.0277652740478516
-0.00155639648437501 0.262237548828125 0.0551376342773438 -0.0718154907226562
-0.205474853515625 0.217514038085938 0.122673034667969 -0.110649108886719
-0.289703369140625 0.154144287109375 0.22027587890625 -0.116409301757812
-0.31256103515625 0.02557373046875 0.34857177734375 -0.0595703125
-0.39373779296875 0.0120849609375 -0.0466384887695313 -0.134925842285156
-0.371734619140625 0.0823669433593751 -0.00904083251953127 -0.0860061645507813
-0.356719970703125 0.2138671875 -0.0360488891601563 -0.0797500610351562
-0.17559814453125 0.313720703125 -0.0544548034667969 -0.0510826110839844
-0.040191650390625 0.316619873046875 -0.0863265991210938 -0.00547027587890624
0.146682739257813 0.264129638671875 -0.0289764404296875 0.0362777709960938
0.229736328125 0.182571411132812 0.00917243957519533 0.0156154632568359
0.21258544921875 0.1737060546875 0.00811004638671876 -0.0196781158447266
0.258758544921875 0.154678344726563 0.0222339630126953 -0.0167694091796875
0.206512451171875 0.186019897460938 0.0111045837402344 -0.0401496887207031
0.1307373046875 0.269607543945313 -0.0236625671386719 -0.0585746765136719
0.026611328125 0.3076171875 0.0124969482421875 -0.0966796875
-0.208724975585937 0.278778076171875 0.083251953125 -0.124824523925781
-0.3094482421875 0.217987060546875 0.156875610351562 -0.0970001220703125
-0.35687255859375 0.080047607421875 0.23590087890625 -0.05682373046875
-0.36505126953125 0.062469482421875 -0.170394897460938 -0.13214111328125
-0.33453369140625 0.11114501953125 -0.0844268798828125 -0.0737152099609375
-0.3111572265625 0.21331787109375 -0.0534744262695313 -0.0872573852539063
-0.154327392578125 0.29144287109375 -0.0662460327148438 -0.0896759033203125
-0.04119873046875 0.2921142578125 -0.1002197265625 -0.066375732421875
0.131271362304688 0.252532958984375 -0.0812149047851562 -0.0373611450195312
0.210235595703125 0.175949096679687 -0.0812606811523437 -0.0416259765625
0.198516845703125 0.16485595703125 -0.0834579467773438 -0.0579452514648437
0.245285034179687 0.14874267578125 -0.0696601867675781 -0.04901123046875
0.198348999023438 0.177383422851563 -0.0660324096679688 -0.0762863159179687
0.127655029296875 0.260650634765625 -0.0794219970703125 -0.0815963745117187
0.0338134765625 0.29547119140625 -0.0288925170898438 -0.107406616210938
-0.186553955078125 0.27740478515625 0.042724609375 -0.113845825195312
-0.280731201171875 0.230911254882813 0.0839996337890625 -0.0494918823242187
-0.34246826171875 0.112579345703125 0.104415893554687 -0.0322418212890625
-0.280410766601563 0.107635498046875 -0.286376953125 -0.110595703125
-0.241424560546875 0.132476806640625 -0.159133911132813 -0.052093505859375
-0.20361328125 0.185516357421875 -0.0761566162109375 -0.0811996459960937
-0.09259033203125 0.222152709960938 -0.082275390625 -0.107078552246094
-0.0213623046875 0.21710205078125 -0.107017517089844 -0.10546875
0.104827880859375 0.191818237304688 -0.123947143554687 -0.0969772338867187
0.16082763671875 0.136322021484375 -0.16021728515625 -0.0884552001953125
0.15435791015625 0.13031005859375 -0.1640625 -0.086273193359375
0.189559936523438 0.12359619140625 -0.151611328125 -0.0772857666015625
0.147048950195313 0.146713256835938 -0.128608703613281 -0.106842041015625
0.08544921875 0.208419799804687 -0.115081787109375 -0.0994644165039062
0.013580322265625 0.2249755859375 -0.0554885864257813 -0.108978271484375
-0.144699096679687 0.207733154296875 0.0113983154296875 -0.0878677368164063
-0.207199096679687 0.189407348632813 0.013275146484375 0.00584983825683595
-0.269454956054688 0.119216918945313 -0.0247535705566406 0.00318145751953125
-0.153961181640625 0.130462646484375 -0.375885009765625 -0.07012939453125
-0.118545532226562 0.129158020019531 -0.221572875976563 -0.01885986328125
-0.07476806640625 0.128326416015625 -0.102638244628906 -0.0574722290039062
-0.0230026245117187 0.123031616210937 -0.10009765625 -0.0955429077148437
0.00217437744140624 0.114006042480469 -0.106491088867187 -0.112831115722656
0.066619873046875 0.10247802734375 -0.1527099609375 -0.127197265625
0.0892486572265625 0.0753631591796875 -0.21722412109375 -0.11358642578125
0.0850143432617188 0.074371337890625 -0.220230102539063 -0.101287841796875
0.101570129394531 0.0802764892578125 -0.207550048828125 -0.101882934570312
0.0673751831054688 0.0933761596679688 -0.161666870117188 -0.132431030273438
0.0219345092773438 0.1209716796875 -0.118782043457031 -0.115516662597656
-0.0142898559570312 0.111701965332031 -0.0586166381835938 -0.104660034179687
-0.0772247314453125 0.095916748046875 -0.00487899780273438 -0.0590324401855469
-0.0971298217773438 0.112884521484375 -0.0427818298339844 0.0498123168945313
-0.149765014648438 0.10528564453125 -0.127700805664063 0.03759765625
-0.00839233398437499 0.1219482421875 -0.43035888671875 -0.0188598632812499
0.00457000732421874 0.0942840576171875 -0.264251708984375 0.0254364013671875
0.0385551452636719 0.0481338500976563 -0.122688293457031 -0.0157089233398437
0.0280685424804688 0.0153331756591797 -0.109649658203125 -0.0587005615234375
0.0141181945800781 0.00686359405517578 -0.0973358154296875 -0.0943603515625
0.0154275894165039 0.00753879547119141 -0.164474487304688 -0.1270751953125
0.0025634765625 0.00606536865234375 -0.243255615234375 -0.112213134765625
0.00229358673095703 0.00795602798461914 -0.241806030273438 -0.101303100585938
0.000509262084960937 0.0220317840576172 -0.226318359375 -0.117782592773437
-0.0146579742431641 0.0220470428466797 -0.158706665039062 -0.150161743164063
-0.0306911468505859 0.0131492614746094 -0.0919647216796875 -0.125282287597656
-0.0217571258544922 -0.0170612335205078 -0.0398025512695313 -0.0956192016601563
0.0188617706298828 -0.016845703125 -0.00760650634765625 -0.0315189361572266
0.0377731323242188 0.0357704162597656 -0.07806396484375 0.074615478515625
-0.00295257568359374 0.0844879150390625 -0.187454223632813 0.0655517578125
-0.171127319335937 -0.084197998046875 0.206649780273438 -0.117813110351563
-0.162979125976563 0.03057861328125 0.118667602539063 -0.107337951660156
-0.122383117675781 0.123115539550781 -0.013157844543457 -0.00999832153320312
-0.01568603515625 0.144882202148438 0.00334930419921875 0.0774688720703125
0.0529861450195313 0.1162109375 0.0280609130859375 0.14129638671875
0.0987014770507813 0.0528106689453125 0.143356323242188 0.161895751953125
0.108047485351563 0.0274810791015625 0.24090576171875 0.120574951171875
0.084075927734375 0.046234130859375 0.236358642578125 0.089874267578125
0.0876846313476563 0.0417709350585938 0.2342529296875 0.0936737060546875
0.0585174560546875 0.063507080078125 0.173446655273438 0.1019287109375
0.0246658325195312 0.0885238647460937 0.106742858886719 0.053497314453125
-0.0350494384765625 0.0986785888671875 0.108695983886719 0.00789642333984376
-0.117782592773438 0.047088623046875 0.168777465820313 -0.0310211181640625
-0.14263916015625 -0.00666809082031249 0.287322998046875 -0.081146240234375
-0.108726501464844 -0.0797348022460937 0.48944091796875 -0.00823974609375001
-0.301788330078125 -0.0483398437500001 0.163925170898437 -0.122329711914063
-0.27740478515625 0.058837890625 0.105827331542969 -0.103721618652344
-0.24114990234375 0.186370849609375 -0.0195884704589844 -0.0365180969238281
-0.079132080078125 0.241943359375 -0.0241508483886719 0.0433082580566406
0.03057861328125 0.22210693359375 -0.0222244262695313 0.117317199707031
0.146041870117188 0.14892578125 0.0945587158203125 0.152877807617188
0.188568115234375 0.0955352783203125 0.187820434570313 0.108505249023438
0.16131591796875 0.108932495117188 0.184158325195313 0.061798095703125
0.179855346679688 0.0990447998046875 0.189056396484375 0.0599517822265625
0.128135681152344 0.129928588867188 0.14129638671875 0.0561370849609375
0.065887451171875 0.179428100585938 0.0761260986328125 0.0126724243164063
-0.0225677490234375 0.197174072265625 0.086700439453125 -0.0369949340820312
-0.18145751953125 0.147674560546875 0.154922485351563 -0.0841522216796875
-0.240921020507813 0.0865020751953125 0.272537231445313 -0.120285034179688
-0.242141723632812 -0.0220947265625 0.447265625 -0.051422119140625
-0.39166259765625 -0.0149841308593749 0.071990966796875 -0.127578735351562
-0.361572265625 0.076934814453125 0.0613555908203125 -0.0956039428710938
-0.336700439453125 0.224639892578125 -0.027984619140625 -0.0599136352539062
-0.1422119140625 0.310394287109375 -0.0441131591796875 0.000968933105468772
-0.00415039062500003 0.302734375 -0.0619010925292969 0.0694847106933594
0.166702270507813 0.229217529296875 0.0355377197265625 0.111274719238281
0.237548828125 0.151824951171875 0.107429504394531 0.0730209350585938
0.21331787109375 0.154190063476563 0.103233337402344 0.0247879028320313
0.24981689453125 0.135208129882813 0.117088317871094 0.022552490234375
0.190872192382813 0.171768188476563 0.0849227905273438 0.00791931152343751
0.116348266601562 0.246688842773438 0.0291652679443359 -0.0248603820800781
0.00982666015624998 0.2822265625 0.0509567260742188 -0.0749130249023437
-0.212081909179688 0.246536254882812 0.121711730957031 -0.120674133300781
-0.30377197265625 0.182342529296875 0.226760864257813 -0.130828857421875
-0.33929443359375 0.04290771484375 0.361480712890625 -0.07275390625
-0.42352294921875 0.0277404785156251 -0.049835205078125 -0.130523681640625
-0.391693115234375 0.099639892578125 -0.00777435302734378 -0.0846328735351563
-0.37188720703125 0.2440185546875 -0.0414199829101563 -0.0760040283203125
-0.17327880859375 0.33905029296875 -0.0585136413574219 -0.0446662902832031
-0.03045654296875 0.33905029296875 -0.0892333984375 0.00492095947265627
0.1651611328125 0.273056030273438 -0.0244522094726562 0.04486083984375
0.2515869140625 0.182235717773438 0.0124340057373047 0.0208835601806641
0.233612060546875 0.176467895507813 0.00753688812255861 -0.0156850814819336
0.2811279296875 0.152099609375 0.0237178802490235 -0.0136566162109375
0.226486206054687 0.189224243164063 0.00846099853515627 -0.0359306335449219
0.15081787109375 0.28173828125 -0.0308647155761719 -0.0549125671386719
0.0394287109375 0.327850341796875 0.00535583496093749 -0.0973892211914063
-0.213653564453125 0.308807373046875 0.0778961181640625 -0.131301879882812
-0.3214111328125 0.247039794921875 0.159194946289062 -0.105636596679687
-0.3836669921875 0.09918212890625 0.239883422851562 -0.0646209716796875
-0.390625 0.0753173828124999 -0.184783935546875 -0.1224365234375
-0.354583740234375 0.126495361328125 -0.0922470092773438 -0.0673828125
-0.327606201171875 0.240081787109375 -0.0613479614257813 -0.0824127197265625
-0.1551513671875 0.315948486328125 -0.0728759765625 -0.0837478637695312
-0.03448486328125 0.315643310546875 -0.106224060058594 -0.059234619140625
0.147415161132813 0.26434326171875 -0.0831222534179687 -0.0319976806640625
0.230392456054688 0.179412841796875 -0.086181640625 -0.0363006591796875
0.218917846679688 0.170074462890625 -0.091827392578125 -0.0533370971679687
0.266937255859375 0.149337768554687 -0.0755767822265625 -0.04437255859375
0.216598510742187 0.1820068359375 -0.0740509033203125 -0.0720443725585938
0.1451416015625 0.272186279296875 -0.089202880859375 -0.0765304565429688
0.04461669921875 0.314544677734375 -0.038787841796875 -0.106269836425781
-0.1920166015625 0.303466796875 0.0353546142578125 -0.116920471191406
-0.291534423828125 0.255615234375 0.0827102661132812 -0.0515823364257812
-0.366455078125 0.130218505859375 0.099273681640625 -0.0327072143554687
-0.297943115234375 0.1158447265625 -0.308563232421875 -0.0968017578125
-0.25537109375 0.143081665039063 -0.173126220703125 -0.040618896484375
-0.217330932617187 0.203659057617188 -0.0870819091796875 -0.0748443603515625
-0.0957794189453125 0.239608764648438 -0.091461181640625 -0.1021728515625
-0.0193634033203125 0.236801147460937 -0.11505126953125 -0.102294921875
0.115936279296875 0.20404052734375 -0.13116455078125 -0.09515380859375
0.176925659179688 0.143173217773437 -0.172760009765625 -0.0842437744140625
0.168563842773438 0.13720703125 -0.178192138671875 -0.08099365234375
0.2064208984375 0.127273559570312 -0.163482666015625 -0.0721435546875
0.160064697265625 0.1533203125 -0.141143798828125 -0.10382080078125
0.0957183837890625 0.22064208984375 -0.126449584960938 -0.095184326171875
0.018707275390625 0.240447998046875 -0.06585693359375 -0.1068115234375
-0.151138305664062 0.225570678710938 0.00298309326171873 -0.0886001586914062
-0.216232299804688 0.204910278320313 0.00952243804931639 0.0102500915527344
-0.28814697265625 0.1307373046875 -0.0362358093261719 0.00897979736328126
-0.160659790039063 0.134490966796875 -0.404510498046875 -0.05267333984375
-0.124122619628906 0.133499145507813 -0.239974975585938 -0.00358581542968747
-0.0819320678710937 0.133926391601563 -0.113327026367188 -0.0488739013671875
-0.02703857421875 0.129852294921875 -0.108200073242188 -0.0901260375976562
0.000434875488281251 0.124748229980469 -0.114006042480469 -0.113052368164062
0.0710906982421875 0.112205505371094 -0.163543701171875 -0.128982543945313
0.097747802734375 0.0829925537109375 -0.235549926757813 -0.110076904296875
0.093597412109375 0.0825576782226563 -0.238174438476563 -0.0965576171875001
0.111381530761719 0.0876235961914063 -0.223526000976563 -0.0970306396484375
0.0735626220703125 0.102668762207031 -0.1761474609375 -0.131500244140625
0.0245513916015625 0.132644653320313 -0.129714965820313 -0.113800048828125
-0.0163192749023438 0.121711730957031 -0.0682830810546875 -0.103851318359375
-0.0860366821289062 0.102378845214844 -0.0126800537109375 -0.0583572387695312
-0.103958129882813 0.116661071777344 -0.0491676330566406 0.0582466125488281
-0.15960693359375 0.108566284179688 -0.14453125 0.0474395751953125
-0.00378417968750001 0.119392395019531 -0.45916748046875 0.00170898437500009
0.00733184814453124 0.0924301147460937 -0.283538818359375 0.0435791015625
0.0373764038085938 0.0426750183105469 -0.13165283203125 -0.00570678710937498
0.0238475799560547 0.01348876953125 -0.115776062011719 -0.0523147583007812
0.00900745391845703 0.00810527801513672 -0.102920532226563 -0.096649169921875
0.0128564834594727 0.0140647888183594 -0.177001953125 -0.130630493164063
0.00222206115722656 0.0142450332641602 -0.262741088867188 -0.11004638671875
0.00275135040283203 0.0157814025878906 -0.26116943359375 -0.0974731445312499
0.00196647644042968 0.0317039489746094 -0.245269775390625 -0.114547729492187
-0.0153522491455078 0.0318260192871094 -0.174285888671875 -0.15203857421875
-0.0357742309570313 0.02215576171875 -0.10186767578125 -0.126861572265625
-0.0303974151611328 -0.0127754211425781 -0.048309326171875 -0.0965957641601563
0.00968360900878906 -0.0216655731201172 -0.0147991180419922 -0.0312633514404297
0.0341625213623047 0.0288028717041016 -0.0858001708984375 0.0837860107421875
-0.003936767578125 0.0797653198242188 -0.206024169921875 0.0767364501953125
-0.18304443359375 -0.0673065185546875 0.217193603515625 -0.135848999023438
-0.159881591796875 0.0435028076171875 0.123847961425781 -0.122734069824219
-0.111663818359375 0.135284423828125 -0.0110769271850586 -0.00892639160156249
-0.000961303710937488 0.14605712890625 0.010833740234375 0.0784225463867188
0.065826416015625 0.111114501953125 0.0391387939453125 0.146041870117188
0.104324340820313 0.0403060913085938 0.16070556640625 0.160354614257813
0.110755920410156 0.0145111083984375 0.26007080078125 0.110992431640625
0.0896453857421875 0.037567138671875 0.254653930664063 0.0799560546875
0.09344482421875 0.031646728515625 0.252975463867188 0.085235595703125
0.0666656494140625 0.0585708618164063 0.186569213867188 0.100631713867188
0.0361251831054688 0.0888290405273438 0.11126708984375 0.0525741577148438
-0.02532958984375 0.108474731445313 0.111236572265625 0.00111389160156251
-0.117347717285156 0.06475830078125 0.174240112304688 -0.047332763671875
-0.147018432617188 0.01171875 0.296478271484375 -0.10760498046875
-0.121246337890625 -0.0682449340820312 0.5103759765625 -0.0430908203125
-0.319732666015625 -0.0240478515624999 0.172927856445312 -0.13525390625
-0.28021240234375 0.0799560546875 0.111473083496094 -0.115440368652344
-0.232833862304688 0.20977783203125 -0.0198249816894531 -0.0339508056640625
-0.0620880126953125 0.253005981445313 -0.0201911926269531 0.0477180480957031
0.0491180419921875 0.225234985351562 -0.0129623413085938 0.127471923828125
0.159454345703125 0.138687133789063 0.110687255859375 0.15472412109375
0.200469970703125 0.0807647705078125 0.20550537109375 0.102676391601563
0.175323486328125 0.0997467041015625 0.197463989257813 0.0570831298828125
0.1939697265625 0.085418701171875 0.203033447265625 0.05450439453125
0.143646240234375 0.123977661132812 0.150299072265625 0.055908203125
0.0846405029296875 0.181640625 0.077056884765625 0.0138168334960938
-0.00708007812500001 0.211929321289063 0.08465576171875 -0.0425491333007812
-0.179306030273438 0.173843383789062 0.15423583984375 -0.0987396240234375
-0.244613647460938 0.114730834960937 0.277267456054688 -0.145050048828125
-0.25970458984375 0.000106811523437468 0.462554931640625 -0.0814208984375
-0.41522216796875 0.0136108398437499 0.0756683349609375 -0.131645202636719
-0.370361328125 0.1031494140625 0.0652389526367187 -0.101715087890625
-0.334136962890625 0.257232666015625 -0.0306549072265625 -0.0551681518554687
-0.12542724609375 0.33050537109375 -0.0428962707519531 0.00774002075195315
0.01715087890625 0.315338134765625 -0.056793212890625 0.0819320678710938
0.186111450195312 0.223358154296875 0.0489883422851563 0.117195129394531
0.256195068359375 0.138046264648438 0.120429992675781 0.0726089477539063
0.233291625976563 0.145721435546875 0.11041259765625 0.0243377685546875
0.269546508789063 0.121490478515625 0.125076293945313 0.0198516845703125
0.211456298828125 0.165252685546875 0.0882644653320313 0.00943756103515626
0.140792846679688 0.25054931640625 0.0255546569824219 -0.0214290618896484
0.030029296875 0.297760009765625 0.0447158813476562 -0.0768508911132812
-0.20635986328125 0.278076171875 0.1160888671875 -0.131805419921875
-0.304412841796875 0.216064453125 0.227035522460937 -0.150390625
-0.3590087890625 0.071624755859375 0.368377685546875 -0.09515380859375
-0.44757080078125 0.056488037109375 -0.0543289184570313 -0.124435424804687
-0.404754638671875 0.1282958984375 -0.00875854492187503 -0.0824813842773437
-0.3736572265625 0.28125 -0.0469627380371094 -0.069244384765625
-0.158294677734375 0.364013671875 -0.06109619140625 -0.0361518859863281
-0.00906372070312499 0.358245849609375 -0.0895538330078125 0.0182723999023438
0.18963623046875 0.27197265625 -0.0172767639160156 0.0514297485351563
0.275131225585938 0.17193603515625 0.0172576904296875 0.0247745513916016
0.256561279296875 0.16925048828125 0.0063610076904297 -0.0116081237792969
0.3043212890625 0.13818359375 0.0251121520996094 -0.0110797882080078
0.249053955078125 0.182052612304688 0.00534629821777345 -0.0320339202880859
0.176177978515625 0.28466796875 -0.0374755859375 -0.0486793518066406
0.0623779296875 0.34234619140625 -0.00412750244140625 -0.096160888671875
-0.20477294921875 0.34075927734375 0.0692672729492187 -0.137489318847656
-0.32012939453125 0.282989501953125 0.15716552734375 -0.11737060546875
-0.402099609375 0.130645751953125 0.239593505859375 -0.07720947265625
-0.411224365234375 0.100738525390625 -0.197021484375 -0.106170654296875
-0.36688232421875 0.151611328125 -0.0977401733398438 -0.057281494140625
-0.33282470703125 0.274078369140625 -0.070037841796875 -0.0736541748046875
-0.14398193359375 0.340850830078125 -0.0794219970703125 -0.0748291015625
-0.01702880859375 0.337127685546875 -0.111129760742188 -0.0481491088867187
0.170013427734375 0.26763916015625 -0.0834274291992187 -0.0258331298828125
0.253509521484375 0.172882080078125 -0.0901107788085937 -0.02935791015625
0.240447998046875 0.166168212890625 -0.099456787109375 -0.0446090698242188
0.289337158203125 0.1385498046875 -0.08050537109375 -0.0371170043945312
0.23760986328125 0.17694091796875 -0.0817108154296875 -0.0651092529296875
0.168960571289062 0.276626586914063 -0.0979461669921875 -0.0676040649414062
0.065765380859375 0.327178955078125 -0.0496368408203125 -0.102188110351563
-0.183685302734375 0.331451416015625 0.0251693725585938 -0.118667602539062
-0.28912353515625 0.286346435546875 0.07958984375 -0.0543975830078125
-0.382537841796875 0.157989501953125 0.0937118530273437 -0.0343704223632812
-0.3101806640625 0.134033203125 -0.328033447265625 -0.0721130371093749
-0.263473510742188 0.160858154296875 -0.184524536132813 -0.0238189697265625
-0.222244262695313 0.227401733398437 -0.0973052978515625 -0.064056396484375
-0.089385986328125 0.258285522460938 -0.099609375 -0.0923690795898437
-0.00784301757812502 0.254058837890625 -0.123321533203125 -0.0947494506835938
0.133529663085938 0.209335327148438 -0.139060974121094 -0.0902786254882812
0.195449829101563 0.140899658203125 -0.185012817382812 -0.0738983154296874
0.186920166015625 0.136215209960938 -0.192367553710938 -0.0691680908203125
0.225112915039063 0.122238159179688 -0.174606323242188 -0.0612945556640625
0.176437377929688 0.152725219726563 -0.153671264648438 -0.0946502685546875
0.113265991210937 0.227157592773437 -0.136795043945313 -0.0855560302734375
0.0316925048828125 0.252410888671875 -0.076995849609375 -0.101165771484375
-0.148239135742187 0.245758056640625 -0.0058746337890625 -0.0865936279296875
-0.2159423828125 0.224960327148437 0.0068826675415039 0.0154170989990235
-0.29925537109375 0.1512451171875 -0.0457801818847656 0.0180511474609375
-0.163055419921875 0.141357421875 -0.42608642578125 -0.020599365234375
-0.126068115234375 0.140899658203125 -0.253631591796875 0.019989013671875
-0.0849761962890625 0.143569946289063 -0.122947692871094 -0.0363693237304688
-0.0257949829101563 0.138290405273438 -0.116325378417969 -0.079986572265625
0.0040283203125 0.135002136230469 -0.122642517089844 -0.109046936035156
0.0793609619140625 0.117988586425781 -0.176406860351563 -0.125442504882813
0.109085083007812 0.0857467651367188 -0.252883911132812 -0.097747802734375
0.104591369628906 0.0860443115234375 -0.255950927734375 -0.0833587646484375
0.123710632324219 0.0894775390625 -0.240219116210938 -0.0842742919921874
0.083740234375 0.107498168945312 -0.192169189453125 -0.1231689453125
0.0323638916015625 0.142166137695313 -0.141433715820313 -0.106430053710937
-0.0137252807617187 0.132232666015625 -0.0795516967773438 -0.0987014770507812
-0.0906906127929688 0.112342834472656 -0.0211181640625 -0.0547943115234375
-0.107467651367188 0.123924255371094 -0.0519790649414063 0.0684280395507813
-0.166519165039063 0.116928100585937 -0.156097412109375 0.063934326171875
0.00299072265624999 0.115592956542969 -0.48028564453125 0.0372314453125001
0.0108184814453125 0.0894317626953125 -0.2965087890625 0.071136474609375
0.0358810424804688 0.0378646850585938 -0.138099670410156 0.00881958007812502
0.0199012756347656 0.010894775390625 -0.120567321777344 -0.0422286987304687
0.00560474395751953 0.0105323791503906 -0.109848022460938 -0.0959930419921875
0.0115585327148437 0.0194969177246094 -0.191909790039063 -0.126983642578125
0.00447654724121094 0.021881103515625 -0.28314208984375 -0.0980529785156249
0.0047607421875 0.0233440399169922 -0.280014038085938 -0.0841827392578124
0.00675201416015625 0.0401344299316406 -0.263961791992188 -0.103057861328125
-0.0127639770507812 0.04071044921875 -0.191726684570312 -0.147216796875
-0.03790283203125 0.0324974060058594 -0.113388061523438 -0.124092102050781
-0.0374221801757813 -0.00586318969726563 -0.0583267211914062 -0.094329833984375
-0.000337600708007813 -0.024169921875 -0.0223484039306641 -0.0285606384277344
0.0291938781738281 0.0223579406738281 -0.0899429321289062 0.0962982177734375
-0.00374603271484374 0.075103759765625 -0.218368530273438 0.0958251953125
-0.187271118164063 -0.046539306640625 0.219268798828125 -0.152786254882813
-0.152252197265625 0.053985595703125 0.121757507324219 -0.136528015136719
-0.096588134765625 0.14141845703125 -0.00854682922363282 -0.00835037231445311
0.012908935546875 0.142532348632813 0.017578125 0.0761871337890625
0.0753555297851563 0.1011962890625 0.050628662109375 0.14556884765625
0.103965759277344 0.0261611938476563 0.172866821289063 0.1519775390625
0.108230590820313 0.0013427734375 0.272567749023438 0.0951995849609375
0.091400146484375 0.0279006958007812 0.265060424804688 0.0654296875
0.0950927734375 0.0199737548828125 0.26385498046875 0.0713043212890625
0.0724105834960938 0.0505447387695313 0.196014404296875 0.0942840576171875
0.0464935302734375 0.0849761962890625 0.113533020019531 0.0498809814453125
-0.0135955810546875 0.114181518554688 0.110122680664063 -0.00650787353515624
-0.110694885253906 0.0796585083007813 0.171966552734375 -0.0630340576171875
-0.14398193359375 0.029693603515625 0.29266357421875 -0.13446044921875
-0.12908935546875 -0.05316162109375 0.513336181640625 -0.079010009765625
-0.325408935546875 0.00442504882812497 0.1751708984375 -0.146377563476563
-0.27349853515625 0.09844970703125 0.110984802246094 -0.125762939453125
-0.216461181640625 0.2265625 -0.0182666778564453 -0.030466079711914
-0.0415802001953125 0.254592895507813 -0.0144882202148438 0.04998779296875
0.065765380859375 0.220062255859375 -0.00183105468750001 0.132232666015625
0.167434692382813 0.122772216796875 0.124725341796875 0.150115966796875
0.20416259765625 0.062896728515625 0.217575073242188 0.0913848876953125
0.18328857421875 0.08575439453125 0.205734252929688 0.0473175048828125
0.201278686523437 0.0685272216796875 0.212326049804688 0.0443572998046875
0.154556274414063 0.112564086914063 0.15631103515625 0.0520477294921875
0.101119995117188 0.17669677734375 0.0759201049804687 0.0140533447265625
0.00997924804687499 0.217758178710938 0.0802841186523438 -0.0463027954101562
-0.16729736328125 0.195388793945312 0.147735595703125 -0.1107177734375
-0.237075805664062 0.139312744140625 0.270095825195313 -0.166900634765625
-0.266342163085938 0.0243072509765624 0.461212158203125 -0.112274169921875
-0.422332763671875 0.0467834472656249 0.0766067504882812 -0.133163452148438
-0.36676025390625 0.128631591796875 0.0656814575195312 -0.10595703125
-0.318145751953125 0.28466796875 -0.0320091247558594 -0.0489387512207031
-0.10223388671875 0.33941650390625 -0.0396575927734375 0.0142135620117188
0.039947509765625 0.31646728515625 -0.0474090576171875 0.0913925170898438
0.201202392578125 0.2081298828125 0.0617599487304688 0.116432189941406
0.266754150390625 0.118148803710938 0.130050659179688 0.067474365234375
0.246826171875 0.129745483398438 0.114707946777344 0.0215301513671875
0.280410766601562 0.100555419921875 0.129852294921875 0.0159530639648438
0.225006103515625 0.1502685546875 0.0901031494140625 0.00935363769531251
0.16131591796875 0.243057250976563 0.0224399566650391 -0.0175609588623047
0.052490234375 0.30224609375 0.0381240844726563 -0.0764846801757812
-0.189788818359375 0.30133056640625 0.106903076171875 -0.138839721679687
-0.292205810546875 0.24505615234375 0.218399047851562 -0.166763305664062
-0.364715576171875 0.102020263671875 0.363128662109375 -0.117279052734375
-0.45477294921875 0.089111328125 -0.0561065673828125 -0.114875793457031
-0.40313720703125 0.1558837890625 -0.00923919677734377 -0.0797348022460937
-0.361419677734375 0.313446044921875 -0.0505485534667969 -0.0601615905761719
-0.135345458984375 0.37884521484375 -0.0603561401367188 -0.02691650390625
0.015594482421875 0.364715576171875 -0.0843887329101563 0.0299148559570313
0.208282470703125 0.261016845703125 -0.00923538208007811 0.0543403625488281
0.2891845703125 0.15264892578125 0.0227432250976563 0.0265445709228516
0.272567749023438 0.154037475585938 0.00637817382812502 -0.00719785690307616
0.318603515625 0.116943359375 0.0262813568115235 -0.00924873352050781
0.263626098632813 0.16644287109375 0.00326728820800783 -0.0275535583496094
0.199050903320313 0.276458740234375 -0.0415420532226562 -0.0404891967773437
0.087249755859375 0.344940185546875 -0.0117950439453125 -0.0914535522460937
-0.185516357421875 0.363861083984375 0.0586090087890625 -0.139167785644531
-0.304412841796875 0.310699462890625 0.149063110351562 -0.125946044921875
-0.405792236328125 0.1629638671875 0.232635498046875 -0.0880279541015625
-0.416961669921875 0.128143310546875 -0.201690673828125 -0.08642578125
-0.3665771484375 0.17578125 -0.0996627807617188 -0.0454559326171875
-0.32342529296875 0.30426025390625 -0.0752487182617188 -0.0611190795898437
-0.124298095703125 0.3560791015625 -0.0816497802734375 -0.0629348754882812
0.00527954101562503 0.34686279296875 -0.111717224121094 -0.0363616943359375
0.189743041992188 0.260955810546875 -0.0813827514648437 -0.0197982788085937
0.269622802734375 0.157806396484375 -0.0906524658203125 -0.020843505859375
0.256515502929688 0.154006958007813 -0.103721618652344 -0.033416748046875
0.30322265625 0.12054443359375 -0.0833892822265625 -0.0285415649414063
0.25244140625 0.16461181640625 -0.0871429443359375 -0.0556182861328125
0.189849853515625 0.27032470703125 -0.103752136230469 -0.0561981201171875
0.0875244140625 0.32940673828125 -0.0577850341796875 -0.0936279296875
-0.166351318359375 0.351165771484375 0.0157394409179687 -0.11553955078125
-0.274078369140625 0.310394287109375 0.0748672485351562 -0.0555496215820312
-0.384246826171875 0.1865234375 0.0867691040039062 -0.0340728759765625
-0.312347412109375 0.151947021484375 -0.33441162109375 -0.0416259765624999
-0.26324462890625 0.17681884765625 -0.1876220703125 -0.00398254394531245
-0.217056274414063 0.24749755859375 -0.103752136230469 -0.0490646362304687
-0.0780029296875 0.2698974609375 -0.103912353515625 -0.079559326171875
0.00761413574218751 0.26348876953125 -0.126815795898438 -0.0843734741210937
0.148651123046875 0.20654296875 -0.14349365234375 -0.08258056640625
0.209579467773438 0.1314697265625 -0.191543579101563 -0.060150146484375
0.200897216796875 0.129287719726563 -0.200302124023438 -0.053131103515625
0.23724365234375 0.110763549804688 -0.180374145507813 -0.0465545654296875
0.18890380859375 0.145767211914063 -0.161224365234375 -0.0818328857421875
0.129653930664063 0.225784301757813 -0.143325805664063 -0.0726776123046875
0.046844482421875 0.256317138671875 -0.0852203369140625 -0.0912017822265625
-0.138717651367188 0.260147094726562 -0.0138168334960938 -0.0809097290039063
-0.2061767578125 0.241012573242188 0.00607299804687499 0.0201759338378906
-0.300048828125 0.17047119140625 -0.051116943359375 0.0288734436035156
-0.161773681640625 0.14739990234375 -0.432464599609375 0.01446533203125
-0.124496459960938 0.147140502929688 -0.256622314453125 0.04498291015625
-0.084075927734375 0.150848388671875 -0.126716613769531 -0.0201568603515625
-0.0225982666015625 0.144287109375 -0.119064331054688 -0.0669403076171875
0.0105133056640625 0.140792846679688 -0.127708435058594 -0.101638793945312
0.0877304077148437 0.119697570800781 -0.184982299804688 -0.116256713867187
0.11846923828125 0.0832290649414063 -0.26226806640625 -0.0811920166015625
0.113761901855469 0.0851058959960938 -0.265869140625 -0.0637664794921875
0.133712768554688 0.0866775512695313 -0.248626708984375 -0.0661468505859375
0.0926589965820313 0.10723876953125 -0.20263671875 -0.109817504882813
0.042449951171875 0.146530151367188 -0.148895263671875 -0.0949554443359375
-0.00842285156250002 0.139198303222656 -0.0874481201171875 -0.0896682739257812
-0.0913467407226562 0.121185302734375 -0.0271072387695313 -0.0490837097167969
-0.106414794921875 0.129951477050781 -0.0504608154296875 0.0776596069335938
-0.167953491210938 0.12554931640625 -0.159774780273438 0.081939697265625
0.00753021240234375 0.108787536621094 -0.4833984375 0.074462890625
0.0134963989257813 0.084716796875 -0.2967529296875 0.098846435546875
0.0328731536865234 0.0329685211181641 -0.138496398925781 0.0241470336914063
0.0157871246337891 0.0111303329467773 -0.120590209960938 -0.0308380126953125
0.00226497650146484 0.0132923126220703 -0.114463806152344 -0.091461181640625
0.0119762420654297 0.0251312255859375 -0.201400756835938 -0.11962890625
0.00834465026855469 0.0270214080810547 -0.293914794921875 -0.08026123046875
0.00893402099609375 0.0289287567138672 -0.29022216796875 -0.065032958984375
0.0129470825195312 0.0461540222167969 -0.274917602539063 -0.0852508544921876
-0.0085906982421875 0.0477142333984375 -0.204559326171875 -0.13580322265625
-0.0363273620605469 0.0415382385253906 -0.122726440429688 -0.116683959960937
-0.0422325134277344 0.00202178955078126 -0.066162109375 -0.088409423828125
-0.0106830596923828 -0.0232372283935547 -0.0275077819824219 -0.0233669281005859
0.0223903656005859 0.0174999237060547 -0.088104248046875 0.107124328613281
-0.00496673583984375 0.0701751708984375 -0.22186279296875 0.114730834960937
-0.185302734375 -0.03125 0.218292236328125 -0.162139892578125
-0.14410400390625 0.059326171875 0.118820190429687 -0.144973754882812
-0.0840606689453125 0.141860961914062 -0.00535774230957032 -0.00805568695068358
0.0210800170898438 0.135269165039063 0.0216064453125 0.0729751586914063
0.0802459716796875 0.0913467407226563 0.0573883056640625 0.141754150390625
0.09991455078125 0.0162200927734375 0.177963256835938 0.144088745117187
0.102378845214844 -0.006256103515625 0.276153564453125 0.082550048828125
0.0902481079101563 0.0204620361328125 0.268295288085938 0.054595947265625
0.0931854248046875 0.0118484497070313 0.26763916015625 0.0605010986328125
0.0741348266601562 0.0440444946289062 0.199783325195313 0.0890655517578125
0.0520248413085937 0.0796279907226563 0.113113403320313 0.048583984375
-0.00450134277343751 0.11456298828125 0.107444763183594 -0.0107040405273437
-0.102317810058594 0.0884170532226563 0.16644287109375 -0.0728607177734375
-0.137176513671875 0.0416336059570312 0.284210205078125 -0.1492919921875
-0.1304931640625 -0.03955078125 0.5042724609375 -0.102020263671875
-0.322113037109375 0.0256042480468751 0.176116943359375 -0.151962280273438
-0.263656616210937 0.109329223632812 0.110084533691406 -0.132354736328125
-0.200103759765625 0.23419189453125 -0.0160884857177735 -0.0276470184326172
-0.02813720703125 0.249862670898438 -0.00990676879882812 0.0508842468261719
0.0762939453125 0.211761474609375 0.00675964355468749 0.133247375488281
0.167144775390625 0.109619140625 0.132232666015625 0.144866943359375
0.201507568359375 0.049468994140625 0.222976684570313 0.082061767578125
0.185195922851563 0.0747222900390625 0.20819091796875 0.0407562255859375
0.201416015625 0.055755615234375 0.21533203125 0.0376129150390625
0.158416748046875 0.1024169921875 0.157974243164062 0.050445556640625
0.110244750976563 0.169052124023437 0.0744552612304688 0.0159759521484375
0.0230560302734375 0.218704223632813 0.0764312744140625 -0.0471343994140625
-0.1552734375 0.2069091796875 0.140213012695313 -0.117012023925781
-0.226394653320312 0.154586791992188 0.2603759765625 -0.17938232421875
-0.267333984375 0.04302978515625 0.45166015625 -0.130096435546875
-0.4205322265625 0.0709838867187501 0.0793914794921875 -0.132225036621094
-0.35791015625 0.14404296875 0.0663604736328125 -0.108055114746094
-0.301177978515625 0.2984619140625 -0.0308876037597656 -0.0427780151367187
-0.085174560546875 0.339019775390625 -0.0354423522949219 0.018310546875
0.055084228515625 0.311370849609375 -0.0394821166992187 0.096282958984375
0.205917358398438 0.195587158203125 0.0696258544921875 0.113235473632813
0.267501831054687 0.102066040039062 0.135383605957031 0.0624771118164063
0.250701904296875 0.11676025390625 0.116531372070313 0.02032470703125
0.282684326171875 0.08441162109375 0.132049560546875 0.013427734375
0.230087280273438 0.137680053710938 0.0900344848632813 0.010467529296875
0.17291259765625 0.233413696289063 0.0201854705810547 -0.0128040313720703
0.06787109375 0.300750732421875 0.033447265625 -0.0733489990234375
-0.174163818359375 0.313232421875 0.0991973876953125 -0.140304565429687
-0.27703857421875 0.259933471679688 0.208602905273437 -0.174728393554687
-0.36260986328125 0.123443603515625 0.35321044921875 -0.128387451171875
-0.453460693359375 0.1116943359375 -0.0526046752929688 -0.106529235839844
-0.396881103515625 0.1712646484375 -0.00759887695312502 -0.0761947631835937
-0.346832275390625 0.33172607421875 -0.0500564575195313 -0.0506172180175781
-0.11767578125 0.382476806640625 -0.0570526123046875 -0.0192985534667968
0.032806396484375 0.36370849609375 -0.0781326293945313 0.0376434326171875
0.217086791992187 0.249984741210938 -0.00295257568359374 0.0547714233398438
0.29351806640625 0.1373291015625 0.026632308959961 0.0270957946777344
0.279067993164063 0.141387939453125 0.00739669799804689 -0.00353193283081054
0.321502685546875 0.1005859375 0.0275745391845703 -0.00698852539062499
0.268630981445313 0.152908325195313 0.00257301330566408 -0.0225009918212891
0.2115478515625 0.2655029296875 -0.0437355041503906 -0.032562255859375
0.1029052734375 0.341796875 -0.016448974609375 -0.0848007202148437
-0.168212890625 0.373779296875 0.051727294921875 -0.136810302734375
-0.2877197265625 0.32373046875 0.141632080078125 -0.129379272460937
-0.40240478515625 0.183013916015625 0.223617553710938 -0.0919189453125
-0.415985107421875 0.145782470703125 -0.198577880859375 -0.0703277587890625
-0.362762451171875 0.190338134765625 -0.0978927612304688 -0.0361862182617188
-0.312591552734375 0.321044921875 -0.0756683349609375 -0.0484619140625
-0.110748291015625 0.3619384765625 -0.078887939453125 -0.053436279296875
0.020965576171875 0.348724365234375 -0.107856750488281 -0.0273895263671875
0.199966430664063 0.25341796875 -0.0785064697265625 -0.01666259765625
0.275772094726562 0.144989013671875 -0.0888519287109375 -0.01507568359375
0.264068603515625 0.143295288085938 -0.10430908203125 -0.0247039794921875
0.307647705078125 0.105255126953125 -0.0827789306640625 -0.0215835571289062
0.25701904296875 0.1519775390625 -0.0887298583984375 -0.0475692749023437
0.2010498046875 0.260971069335938 -0.105316162109375 -0.0457992553710937
0.100738525390625 0.3262939453125 -0.06103515625 -0.0848388671875
-0.152130126953125 0.35943603515625 0.0104141235351562 -0.110763549804687
-0.259765625 0.32061767578125 0.0711593627929687 -0.0544891357421875
-0.379974365234375 0.203643798828125 0.0813140869140625 -0.0308380126953125
-0.310546875 0.162109375 -0.3306884765625 -0.0209655761718749
-0.260147094726563 0.18560791015625 -0.184890747070313 0.0104827880859375
-0.211257934570313 0.2596435546875 -0.1029052734375 -0.0354690551757812
-0.0686492919921875 0.274917602539063 -0.101463317871094 -0.0687179565429687
0.0186614990234375 0.26666259765625 -0.125495910644531 -0.0763702392578125
0.156692504882813 0.203094482421875 -0.143966674804688 -0.0772857666015625
0.21600341796875 0.122970581054688 -0.19207763671875 -0.0502166748046875
0.20855712890625 0.123291015625 -0.20135498046875 -0.040130615234375
0.242996215820313 0.10052490234375 -0.180496215820313 -0.0355072021484375
0.194015502929688 0.13775634765625 -0.16363525390625 -0.0713653564453125
0.138595581054687 0.22076416015625 -0.144271850585938 -0.0618438720703125
0.055908203125 0.256240844726563 -0.0876541137695313 -0.0812225341796875
-0.130599975585938 0.2669677734375 -0.0169143676757813 -0.0749359130859375
-0.197982788085937 0.2467041015625 0.00580215454101561 0.0245895385742188
-0.297821044921875 0.181915283203125 -0.0542869567871094 0.0373916625976563
-0.159927368164063 0.148406982421875 -0.427337646484375 0.0382080078124999
-0.123077392578125 0.148727416992188 -0.252700805664063 0.0628814697265626
-0.0835723876953125 0.155136108398438 -0.125434875488281 -0.00657653808593748
-0.020263671875 0.147369384765625 -0.116905212402344 -0.056365966796875
0.0144195556640625 0.14459228515625 -0.128097534179688 -0.0954055786132812
0.0921554565429688 0.119926452636719 -0.187591552734375 -0.110061645507812
0.123695373535156 0.0803451538085938 -0.264572143554688 -0.06805419921875
0.1197509765625 0.083740234375 -0.267501831054688 -0.0490570068359375
0.13995361328125 0.08294677734375 -0.249069213867188 -0.0525665283203125
0.0982818603515625 0.106101989746094 -0.205841064453125 -0.0985107421875
0.0487060546875 0.148269653320312 -0.150848388671875 -0.085418701171875
-0.00453186035156251 0.14288330078125 -0.0898208618164063 -0.0804977416992187
-0.0912933349609375 0.12615966796875 -0.0298347473144531 -0.0430946350097656
-0.105438232421875 0.131851196289063 -0.04840087890625 0.0839004516601563
-0.168411254882813 0.12884521484375 -0.160552978515625 0.0931549072265625
0.00827789306640625 0.100761413574219 -0.476226806640625 0.0985717773437499
0.0134201049804687 0.0804824829101563 -0.2908935546875 0.1177978515625
0.0284233093261719 0.0300979614257813 -0.134407043457031 0.0362319946289062
0.0118932723999023 0.0119009017944336 -0.116836547851563 -0.0223388671875
-0.000376701354980467 0.0155525207519531 -0.115379333496094 -0.0885467529296875
0.0128421783447266 0.0288562774658203 -0.205108642578125 -0.1134033203125
0.0121726989746094 0.0305690765380859 -0.2969970703125 -0.0667724609375
0.0127201080322266 0.0329761505126953 -0.2919921875 -0.05059814453125
0.0179862976074219 0.0496749877929688 -0.277572631835938 -0.0714263916015625
-0.00395584106445312 0.0523223876953125 -0.209457397460938 -0.125564575195313
-0.0331878662109375 0.048675537109375 -0.126182556152344 -0.109527587890625
-0.0442047119140625 0.00946807861328125 -0.0703048706054687 -0.0816650390625
-0.0187263488769531 -0.0204544067382813 -0.02984619140625 -0.0182285308837891
0.0154304504394531 0.0145969390869141 -0.085601806640625 0.114006042480469
-0.00845336914062499 0.065673828125 -0.221450805664062 0.127182006835938
-0.181350708007813 -0.021026611328125 0.222320556640625 -0.167373657226563
-0.138076782226563 0.0605239868164063 0.118484497070312 -0.1492919921875
-0.077239990234375 0.140106201171875 -0.0028219223022461 -0.00832939147949218
0.0254898071289062 0.128616333007813 0.0230178833007813 0.0708084106445313
0.081695556640625 0.0847320556640625 0.0603179931640625 0.141357421875
0.0950393676757813 0.0101318359375 0.180007934570313 0.141952514648438
0.0970611572265625 -0.0110549926757813 0.278549194335938 0.0777435302734375
0.088409423828125 0.0166091918945313 0.271636962890625 0.0506134033203125
0.0906906127929688 0.006622314453125 0.271011352539063 0.0569915771484375
0.0741806030273438 0.03973388671875 0.202484130859375 0.08941650390625
0.0550765991210937 0.075775146484375 0.112953186035156 0.0501632690429688
0.00135040283203126 0.115287780761719 0.105659484863281 -0.0118179321289062
-0.096893310546875 0.0931243896484375 0.162582397460938 -0.0784759521484375
-0.13134765625 0.0484390258789063 0.279525756835938 -0.157272338867188
-0.130615234375 -0.0310287475585938 0.5010986328125 -0.111907958984375
-0.320159912109375 0.03765869140625 0.18121337890625 -0.15411376953125
-0.2586669921875 0.113388061523437 0.111358642578125 -0.136627197265625
-0.192596435546875 0.2362060546875 -0.0137310028076172 -0.025787353515625
-0.0225830078125 0.245315551757812 -0.0067596435546875 0.0503501892089844
0.0805816650390625 0.206268310546875 0.011260986328125 0.134147644042969
0.1649169921875 0.102035522460938 0.136184692382813 0.142807006835938
0.197860717773438 0.04266357421875 0.226409912109375 0.078277587890625
0.184921264648438 0.0688018798828125 0.211807250976563 0.0392303466796875
0.200775146484375 0.0480499267578125 0.218612670898437 0.036102294921875
0.1597900390625 0.0975799560546875 0.160049438476563 0.051910400390625
0.115280151367187 0.165573120117187 0.07403564453125 0.0191879272460938
0.0292816162109375 0.219573974609375 0.0748062133789063 -0.0460128784179687
-0.148895263671875 0.213775634765625 0.137443542480469 -0.119468688964844
-0.21923828125 0.161895751953125 0.255661010742188 -0.18511962890625
-0.268020629882813 0.0540771484375 0.447906494140625 -0.136138916015625
-0.420440673828125 0.083404541015625 0.0861892700195312 -0.131278991699219
-0.35467529296875 0.149169921875 0.0695266723632812 -0.109954833984375
-0.294097900390625 0.30560302734375 -0.0280647277832031 -0.037750244140625
-0.077789306640625 0.33746337890625 -0.0312690734863281 0.0209922790527344
0.061309814453125 0.308990478515625 -0.0331497192382813 0.0990371704101563
0.206100463867188 0.188644409179688 0.0739517211914063 0.112197875976563
0.266387939453125 0.0947723388671875 0.139289855957031 0.0606307983398438
0.253250122070313 0.111495971679688 0.119117736816406 0.021148681640625
0.283203125 0.07672119140625 0.134757995605469 0.0135345458984375
0.23175048828125 0.13189697265625 0.09088134765625 0.013824462890625
0.178451538085938 0.229293823242188 0.0199432373046875 -0.00737380981445311
0.075225830078125 0.3016357421875 0.0321197509765625 -0.0702743530273437
-0.16778564453125 0.320648193359375 0.09552001953125 -0.140716552734375
-0.269683837890625 0.267562866210937 0.204010009765625 -0.177642822265625
-0.363861083984375 0.13519287109375 0.34918212890625 -0.131011962890625
-0.4564208984375 0.123443603515625 -0.0464630126953125 -0.10186767578125
-0.39544677734375 0.179443359375 -0.00399017333984377 -0.0745010375976562
-0.340728759765625 0.340911865234375 -0.0480918884277344 -0.0427780151367187
-0.11090087890625 0.384552001953125 -0.0526695251464844 -0.0151824951171875
0.040924072265625 0.36456298828125 -0.0722427368164063 0.0417938232421875
0.219573974609375 0.244781494140625 0.000835418701171888 0.0545730590820313
0.293548583984375 0.1297607421875 0.0295867919921875 0.0270061492919922
0.282379150390625 0.137298583984375 0.00861549377441408 0.000571250915527352
0.322509765625 0.092864990234375 0.029693603515625 -0.00441360473632812
0.270050048828125 0.147140502929688 0.00272750854492189 -0.0180187225341797
0.217147827148438 0.261520385742188 -0.0444374084472656 -0.0257911682128906
0.1094970703125 0.34197998046875 -0.0172042846679688 -0.0800552368164062
-0.161651611328125 0.379638671875 0.0487442016601563 -0.135101318359375
-0.27923583984375 0.329681396484375 0.138313293457031 -0.129493713378906
-0.40435791015625 0.19390869140625 0.219131469726562 -0.090911865234375
-0.4193115234375 0.154449462890625 -0.193450927734375 -0.0616455078125
-0.3631591796875 0.196044921875 -0.0950241088867188 -0.0306930541992188
-0.310211181640625 0.3328857421875 -0.0737457275390625 -0.0396575927734375
-0.105712890625 0.366180419921875 -0.0749435424804687 -0.0474929809570312
0.028076171875 0.3526611328125 -0.1036376953125 -0.0231857299804687
0.203582763671875 0.250595092773438 -0.0763702392578125 -0.0163040161132812
0.278182983398438 0.138717651367188 -0.0876312255859375 -0.0126419067382813
0.2694091796875 0.140213012695313 -0.104049682617187 -0.0184326171875
0.3104248046875 0.099029541015625 -0.08111572265625 -0.01806640625
0.258316040039063 0.148101806640625 -0.0895156860351563 -0.0422134399414063
0.2061767578125 0.258331298828125 -0.104934692382813 -0.0384445190429687
0.106353759765625 0.326416015625 -0.0609512329101562 -0.0789260864257813
-0.14715576171875 0.36395263671875 0.0088653564453125 -0.106773376464844
-0.2535400390625 0.324188232421875 0.06951904296875 -0.0522308349609375
-0.383056640625 0.213165283203125 0.0766220092773437 -0.0263214111328125
-0.314178466796875 0.165313720703125 -0.326568603515625 -0.01031494140625
-0.2628173828125 0.189285278320313 -0.182418823242188 0.0190277099609375
-0.211563110351562 0.267868041992188 -0.101104736328125 -0.0257644653320312
-0.066131591796875 0.279373168945313 -0.097564697265625 -0.062286376953125
0.0227203369140625 0.27117919921875 -0.12310791015625 -0.0730972290039062
0.160537719726563 0.203079223632813 -0.143356323242188 -0.0761871337890625
0.219528198242187 0.1197509765625 -0.191970825195313 -0.04522705078125
0.213119506835937 0.122329711914062 -0.201675415039063 -0.0327301025390625
0.24627685546875 0.0972900390625 -0.179840087890625 -0.0303192138671875
0.195877075195313 0.136276245117188 -0.164779663085938 -0.065399169921875
0.143325805664063 0.220352172851563 -0.144287109375 -0.0550537109375
0.0595245361328125 0.2578125 -0.0877685546875 -0.0747909545898437
-0.129623413085937 0.271682739257813 -0.0182037353515625 -0.0707168579101562
-0.1956787109375 0.24847412109375 0.0062122344970703 0.0281505584716797
-0.301513671875 0.18682861328125 -0.057373046875 0.044036865234375
-0.162979125976562 0.147567749023437 -0.424530029296875 0.050323486328125
-0.126434326171875 0.149322509765625 -0.250091552734375 0.0729370117187501
-0.0860748291015625 0.159332275390625 -0.122955322265625 0.00259399414062503
-0.0208587646484375 0.150466918945313 -0.112884521484375 -0.0512466430664063
0.015838623046875 0.148391723632813 -0.126937866210937 -0.0939483642578125
0.0949249267578125 0.122032165527344 -0.189453125 -0.10931396484375
0.127349853515625 0.08050537109375 -0.265945434570313 -0.0624542236328125
0.124046325683594 0.0849761962890625 -0.26837158203125 -0.041595458984375
0.143356323242188 0.0827789306640625 -0.249664306640625 -0.0462188720703125
0.100700378417969 0.107231140136719 -0.207321166992188 -0.09320068359375
0.0524139404296875 0.15045166015625 -0.151458740234375 -0.0800628662109375
-0.003692626953125 0.147125244140625 -0.0906295776367187 -0.075164794921875
-0.0943679809570312 0.130325317382813 -0.0297279357910156 -0.0384941101074219
-0.108047485351562 0.132156372070313 -0.0473861694335938 0.0882720947265625
-0.1728515625 0.129776000976562 -0.162872314453125 0.101303100585938
0.00604248046874999 0.0954055786132813 -0.473175048828125 0.110076904296875
0.0111770629882812 0.0776901245117188 -0.28729248046875 0.12823486328125
0.0242729187011719 0.0293464660644531 -0.130577087402344 0.043792724609375
0.00893974304199219 0.0135641098022461 -0.112991333007813 -0.0186309814453125
-0.00308990478515625 0.0187263488769531 -0.115272521972656 -0.0891799926757813
0.0135879516601562 0.0328369140625 -0.208099365234375 -0.112747192382813
0.0155563354492188 0.0341625213623047 -0.299652099609375 -0.061248779296875
0.0160293579101562 0.0365371704101562 -0.293792724609375 -0.044036865234375
0.0224952697753906 0.0530624389648438 -0.279388427734375 -0.0654296875
-0.000476837158203125 0.0556755065917969 -0.211700439453125 -0.120864868164063
-0.0307769775390625 0.0537071228027344 -0.127357482910156 -0.105911254882812
-0.0447120666503906 0.0149574279785156 -0.0714569091796875 -0.0773086547851563
-0.0254611968994141 -0.0166263580322266 -0.0310211181640625 -0.0148773193359375
0.00875282287597657 0.0137109756469727 -0.0844955444335937 0.118743896484375
-0.0135574340820313 0.0619926452636719 -0.2242431640625 0.134490966796875
-0.18084716796875 -0.01556396484375 0.234207153320313 -0.174514770507813
-0.137100219726563 0.0610504150390625 0.122161865234375 -0.156585693359375
-0.0753097534179688 0.139816284179688 -0.000711441040039066 -0.00935268402099609
0.0267105102539062 0.126495361328125 0.024169921875 0.0706024169921875
0.0831680297851563 0.081298828125 0.062469482421875 0.144027709960937
0.0919418334960938 0.00672149658203125 0.183883666992188 0.14581298828125
0.0939788818359375 -0.0129776000976562 0.286468505859375 0.077606201171875
0.0882720947265625 0.01495361328125 0.27996826171875 0.0508270263671875
0.090576171875 0.003753662109375 0.280517578125 0.0584259033203125
0.0745391845703125 0.0381546020507813 0.209381103515625 0.0939483642578125
0.0572509765625 0.0753860473632812 0.115097045898438 0.0544586181640625
0.00518035888671874 0.117721557617188 0.106895446777344 -0.0122528076171875
-0.0944747924804687 0.0977020263671875 0.163864135742188 -0.0828857421875
-0.128715515136719 0.0529251098632812 0.283233642578125 -0.163970947265625
-0.133033752441406 -0.0250930786132812 0.511383056640625 -0.116607666015625
-0.3251953125 0.045196533203125 0.194290161132812 -0.158920288085938
-0.26190185546875 0.115219116210937 0.117034912109375 -0.142288208007813
-0.193069458007813 0.240554809570313 -0.0110702514648438 -0.0248279571533203
-0.021728515625 0.246231079101562 -0.00481414794921875 0.0513992309570313
0.08331298828125 0.20709228515625 0.0145492553710937 0.137763977050781
0.163986206054688 0.100814819335937 0.140029907226562 0.146759033203125
0.197525024414062 0.04071044921875 0.2335205078125 0.0787506103515625
0.1885986328125 0.0684967041015625 0.219085693359375 0.041259765625
0.203521728515625 0.0455474853515625 0.2274169921875 0.03839111328125
0.162139892578125 0.0971527099609375 0.165725708007813 0.0572967529296875
0.11920166015625 0.1668701171875 0.0753936767578125 0.0240554809570313
0.0333709716796875 0.226669311523438 0.0760040283203125 -0.0459747314453125
-0.149368286132813 0.222335815429687 0.138092041015625 -0.123321533203125
-0.219772338867188 0.168701171875 0.258544921875 -0.19091796875
-0.274749755859375 0.0619659423828125 0.457122802734375 -0.138885498046875
-0.430511474609375 0.092254638671875 0.0969085693359375 -0.133674621582031
-0.361785888671875 0.15399169921875 0.0747604370117187 -0.11370849609375
-0.297088623046875 0.314697265625 -0.0249099731445313 -0.0345668792724609
-0.07855224609375 0.342041015625 -0.0276317596435547 0.0220623016357422
0.064208984375 0.314056396484375 -0.0301132202148438 0.103042602539063
0.208145141601563 0.189895629882813 0.0782623291015625 0.115234375
0.268890380859375 0.0939483642578125 0.144973754882813 0.0615692138671875
0.259429931640625 0.112579345703125 0.124176025390625 0.024383544921875
0.288787841796875 0.074371337890625 0.14093017578125 0.015655517578125
0.235733032226563 0.133071899414063 0.0944290161132813 0.0183334350585938
0.18475341796875 0.233001708984375 0.02044677734375 -0.00205421447753905
0.079620361328125 0.31072998046875 0.0327911376953125 -0.0693016052246094
-0.16925048828125 0.3321533203125 0.09625244140625 -0.142929077148437
-0.272109985351563 0.274826049804688 0.20648193359375 -0.18170166015625
-0.375579833984375 0.14447021484375 0.355224609375 -0.130828857421875
-0.46990966796875 0.130767822265625 -0.0395050048828125 -0.101226806640625
-0.40557861328125 0.184844970703125 7.6293945312182E-06 -0.0746841430664062
-0.347747802734375 0.355682373046875 -0.0451583862304688 -0.0370063781738281
-0.112213134765625 0.393768310546875 -0.0491714477539063 -0.0125961303710937
0.0439453125 0.374359130859375 -0.0694847106933594 0.0449752807617188
0.2235107421875 0.2489013671875 0.00361251831054689 0.055206298828125
0.29864501953125 0.130584716796875 0.0327033996582031 0.0281448364257813
0.290771484375 0.13909912109375 0.010284423828125 0.00431823730468751
0.329498291015625 0.09228515625 0.0324172973632813 -0.00260353088378906
0.27496337890625 0.1502685546875 0.00316429138183595 -0.0142688751220703
0.223526000976562 0.266189575195313 -0.0444869995117187 -0.0207901000976562
0.11505126953125 0.35125732421875 -0.0167083740234375 -0.0783767700195312
-0.165130615234375 0.392486572265625 0.0490646362304688 -0.135986328125
-0.284515380859375 0.338348388671875 0.139915466308594 -0.131095886230469
-0.419219970703125 0.20440673828125 0.221542358398438 -0.0884552001953125
-0.434600830078125 0.160888671875 -0.191802978515625 -0.059051513671875
-0.374847412109375 0.20233154296875 -0.0933303833007813 -0.0279617309570312
-0.316680908203125 0.346710205078125 -0.0716705322265625 -0.032745361328125
-0.107452392578125 0.3765869140625 -0.0717315673828125 -0.0446701049804687
0.031219482421875 0.364013671875 -0.102088928222656 -0.0211563110351562
0.208572387695313 0.256393432617188 -0.0761489868164062 -0.0169448852539062
0.284332275390625 0.140655517578125 -0.0884857177734375 -0.0112686157226562
0.278121948242188 0.144485473632813 -0.105659484863281 -0.0148239135742187
0.317718505859375 0.099273681640625 -0.0814895629882812 -0.016143798828125
0.263809204101563 0.150741577148438 -0.0906906127929687 -0.0389938354492187
0.212417602539063 0.263748168945313 -0.106132507324219 -0.033966064453125
0.109893798828125 0.3358154296875 -0.0612716674804688 -0.0760574340820312
-0.151519775390625 0.376129150390625 0.00925445556640624 -0.106460571289062
-0.2596435546875 0.331024169921875 0.0699882507324218 -0.050872802734375
-0.397216796875 0.221160888671875 0.075592041015625 -0.0217666625976562
-0.32745361328125 0.170257568359375 -0.330810546875 -0.00430297851562503
-0.2734375 0.1943359375 -0.183868408203125 0.0248565673828125
-0.218734741210938 0.27960205078125 -0.0999908447265625 -0.0176010131835937
-0.06890869140625 0.289306640625 -0.0949249267578125 -0.060150146484375
0.024658203125 0.281524658203125 -0.123329162597656 -0.0732879638671875
0.164840698242188 0.209014892578125 -0.146377563476563 -0.078704833984375
0.22589111328125 0.12213134765625 -0.196914672851563 -0.0445404052734375
0.221282958984375 0.125885009765625 -0.206253051757812 -0.0286865234375
0.253265380859375 0.099212646484375 -0.182785034179687 -0.0288848876953125
0.200714111328125 0.139862060546875 -0.168441772460937 -0.0631561279296875
0.148452758789063 0.225936889648438 -0.14599609375 -0.0520172119140625
0.0612335205078125 0.266265869140625 -0.0879058837890625 -0.0722579956054688
-0.1348876953125 0.28118896484375 -0.0176467895507813 -0.0691986083984375
-0.202178955078125 0.253662109375 0.00605773925781249 0.0318107604980469
-0.314605712890625 0.1929931640625 -0.0621261596679688 0.0511932373046875
-0.171951293945312 0.148422241210938 -0.43212890625 0.0567626953125
-0.13299560546875 0.152008056640625 -0.253814697265625 0.080963134765625
-0.0911865234375 0.165863037109375 -0.122184753417969 0.00920867919921876
-0.02337646484375 0.15704345703125 -0.110794067382812 -0.0492477416992188
0.01568603515625 0.155914306640625 -0.128257751464844 -0.096649169921875
0.0979766845703125 0.12799072265625 -0.193923950195313 -0.113357543945312
0.1328125 0.0832366943359375 -0.273468017578125 -0.0619964599609374
0.130149841308594 0.0889968872070313 -0.274276733398438 -0.0387420654296875
0.14898681640625 0.0865020751953125 -0.255447387695313 -0.0451202392578125
0.104629516601562 0.111083984375 -0.21197509765625 -0.093109130859375
0.0552825927734375 0.155960083007813 -0.152969360351563 -0.077972412109375
-0.00364685058593751 0.154037475585938 -0.091064453125 -0.0731201171875
-0.100555419921875 0.137092590332031 -0.0300636291503906 -0.0365486145019531
-0.115043640136719 0.134536743164062 -0.0486526489257813 0.0936279296875
-0.182830810546875 0.132156372070312 -0.17059326171875 0.108993530273438
0.00225830078125001 0.0925064086914062 -0.482025146484375 0.118194580078125
0.0084381103515625 0.0773468017578125 -0.29241943359375 0.13702392578125
0.0216732025146484 0.0302581787109375 -0.130264282226563 0.0489730834960937
0.00695323944091797 0.0158205032348633 -0.111648559570313 -0.017333984375
-0.00510978698730469 0.0222721099853516 -0.117080688476563 -0.0932998657226563
0.0142936706542969 0.0374412536621094 -0.2139892578125 -0.117141723632812
0.0186882019042969 0.0366935729980469 -0.307769775390625 -0.06060791015625
0.01934814453125 0.0398025512695312 -0.30181884765625 -0.042633056640625
0.0261268615722656 0.0569229125976563 -0.286590576171875 -0.06451416015625
0.0022430419921875 0.0596237182617188 -0.217987060546875 -0.122528076171875
-0.0295829772949219 0.0582504272460938 -0.129127502441406 -0.1070556640625
-0.0467071533203125 0.0196380615234375 -0.0727310180664063 -0.076080322265625
-0.0313549041748047 -0.0135669708251953 -0.0318832397460938 -0.0124435424804688
0.00243663787841797 0.0142889022827148 -0.08746337890625 0.124382019042969
-0.0202445983886719 0.0612869262695312 -0.233612060546875 0.1417236328125
-0.185516357421875 -0.00973510742187504 0.250396728515625 -0.188064575195313
-0.1397705078125 0.0644378662109375 0.128143310546875 -0.169158935546875
-0.07440185546875 0.14434814453125 0.00128746032714843 -0.0101909637451172
0.0295791625976562 0.127731323242188 0.0255889892578125 0.0720977783203125
0.0869216918945313 0.0794143676757813 0.0675811767578125 0.1505126953125
0.0917892456054688 0.00299835205078125 0.19415283203125 0.151763916015625
0.0938568115234375 -0.0151748657226562 0.303009033203125 0.07666015625
0.0909347534179687 0.012939453125 0.29632568359375 0.049163818359375
0.0927200317382813 0.0005035400390625 0.297637939453125 0.058380126953125
0.0781097412109375 0.0375442504882813 0.22247314453125 0.100067138671875
0.061004638671875 0.0764999389648438 0.120353698730469 0.0594253540039063
0.00978851318359374 0.123794555664063 0.110580444335937 -0.0139389038085937
-0.0949172973632813 0.104957580566406 0.168991088867188 -0.0905609130859375
-0.1302490234375 0.0584487915039062 0.29302978515625 -0.177703857421875
-0.1380615234375 -0.01959228515625 0.53466796875 -0.12872314453125
-0.337799072265625 0.05615234375 0.208465576171875 -0.1712646484375
-0.270919799804688 0.122848510742187 0.123641967773437 -0.153350830078125
-0.1966552734375 0.253890991210938 -0.00849342346191408 -0.0238761901855469
-0.0199432373046875 0.254470825195313 -0.0027313232421875 0.0530166625976563
0.089569091796875 0.212631225585938 0.018798828125 0.144699096679688
0.168548583984375 0.10137939453125 0.149948120117188 0.1529541015625
0.202728271484375 0.039306640625 0.247848510742187 0.0797271728515625
0.197525024414062 0.067657470703125 0.23272705078125 0.042022705078125
0.212142944335938 0.0426483154296875 0.242095947265625 0.038604736328125
0.169998168945313 0.0988311767578125 0.176239013671875 0.0619659423828125
0.127685546875 0.17254638671875 0.0792007446289063 0.0293731689453125
0.04095458984375 0.238357543945312 0.0785064697265625 -0.047454833984375
-0.15240478515625 0.238189697265625 0.141677856445313 -0.131546020507812
-0.22509765625 0.180252075195313 0.267822265625 -0.203887939453125
-0.288970947265625 0.07373046875 0.47784423828125 -0.15020751953125
-0.450836181640625 0.106719970703125 0.108261108398437 -0.142181396484375
-0.37744140625 0.166015625 0.0811004638671875 -0.1214599609375
-0.305755615234375 0.33551025390625 -0.0225925445556641 -0.0314979553222656
-0.078399658203125 0.357757568359375 -0.0258541107177734 0.0245819091796875
0.073028564453125 0.327728271484375 -0.0270462036132812 0.109451293945313
0.216598510742188 0.19580078125 0.085113525390625 0.120201110839844
0.279251098632812 0.0937347412109375 0.1551513671875 0.06298828125
0.274032592773438 0.113525390625 0.133224487304688 0.0268173217773438
0.302642822265625 0.07232666015625 0.15081787109375 0.0161590576171875
0.24786376953125 0.136825561523438 0.100936889648438 0.0225906372070313
0.19683837890625 0.241165161132813 0.0219802856445313 0.0029888153076172
0.089263916015625 0.32666015625 0.0344619750976563 -0.0705490112304687
-0.1729736328125 0.353912353515625 0.0982208251953125 -0.150405883789062
-0.2799072265625 0.291778564453125 0.213165283203125 -0.192108154296875
-0.396453857421875 0.161102294921875 0.369964599609375 -0.1396484375
-0.4954833984375 0.1473388671875 -0.0344390869140625 -0.104400634765625
-0.42578125 0.198974609375 0.00359344482421872 -0.0778884887695312
-0.359344482421875 0.381195068359375 -0.0424537658691407 -0.0319137573242187
-0.113006591796875 0.41448974609375 -0.0471343994140625 -0.0108146667480469
0.0528564453125 0.39471435546875 -0.06854248046875 0.0498847961425781
0.235183715820313 0.25836181640625 0.00650787353515627 0.0577774047851563
0.312774658203125 0.132659912109375 0.0364570617675781 0.0299263000488281
0.309326171875 0.142730712890625 0.0130929946899414 0.0083141326904297
0.346710205078125 0.09039306640625 0.0359115600585938 -0.00172805786132812
0.289337158203125 0.1539306640625 0.00453186035156252 -0.0105915069580078
0.238327026367187 0.276779174804688 -0.0455741882324219 -0.0159759521484375
0.12615966796875 0.3697509765625 -0.0167465209960937 -0.078826904296875
-0.169036865234375 0.418121337890625 0.0497283935546875 -0.141464233398437
-0.29364013671875 0.357147216796875 0.14385986328125 -0.136795043945312
-0.442626953125 0.223602294921875 0.229217529296875 -0.092010498046875
-0.45855712890625 0.176849365234375 -0.195480346679688 -0.0563812255859375
-0.39581298828125 0.21673583984375 -0.094329833984375 -0.0257186889648437
-0.33056640625 0.37322998046875 -0.069732666015625 -0.0253944396972656
-0.108184814453125 0.399261474609375 -0.0702362060546875 -0.0436782836914062
0.0394287109375 0.385406494140625 -0.1038818359375 -0.0198898315429687
0.22161865234375 0.268890380859375 -0.0784149169921875 -0.0178604125976562
0.299285888671875 0.14361572265625 -0.0918960571289062 -0.00928497314453125
0.2958984375 0.148406982421875 -0.10943603515625 -0.0100784301757813
0.33551025390625 0.100311279296875 -0.0847320556640625 -0.0147857666015625
0.277191162109375 0.157196044921875 -0.0950927734375 -0.0365371704101562
0.226943969726563 0.273971557617188 -0.109489440917969 -0.0295944213867187
0.120758056640625 0.353607177734375 -0.0628280639648438 -0.0758056640625
-0.156585693359375 0.39990234375 0.00785064697265623 -0.109901428222656
-0.26995849609375 0.34979248046875 0.0723037719726563 -0.0512161254882812
-0.420562744140625 0.2398681640625 0.075531005859375 -0.018310546875
-0.34765625 0.18194580078125 -0.342498779296875 0.00234985351562495
-0.2899169921875 0.20751953125 -0.189788818359375 0.0325164794921875
-0.228912353515625 0.301300048828125 -0.0996856689453125 -0.01031494140625
-0.06951904296875 0.30767822265625 -0.0956573486328125 -0.0592727661132812
0.030609130859375 0.300750732421875 -0.127464294433594 -0.0749359130859375
0.1763916015625 0.220611572265625 -0.1536865234375 -0.0826416015625
0.239013671875 0.12615966796875 -0.206619262695312 -0.04266357421875
0.236724853515625 0.131195068359375 -0.215835571289062 -0.0242156982421875
0.268218994140625 0.101730346679688 -0.191925048828125 -0.0261688232421875
0.2120361328125 0.146194458007813 -0.17706298828125 -0.06207275390625
0.159210205078125 0.236373901367188 -0.151031494140625 -0.048065185546875
0.06756591796875 0.28192138671875 -0.0909347534179688 -0.0716476440429687
-0.141357421875 0.299835205078125 -0.0191383361816406 -0.0701751708984375
-0.21270751953125 0.267303466796875 0.00618362426757811 0.0367355346679688
-0.334991455078125 0.207427978515625 -0.0682868957519531 0.0605278015136719
-0.184478759765625 0.155044555664063 -0.449676513671875 0.0685729980468749
-0.142745971679688 0.160232543945312 -0.263229370117188 0.0929107666015625
-0.096954345703125 0.177566528320313 -0.123153686523438 0.0170211791992187
-0.0239105224609375 0.16766357421875 -0.112335205078125 -0.0480804443359375
0.0176849365234375 0.168289184570313 -0.1341552734375 -0.100440979003906
0.104591369628906 0.137138366699219 -0.205612182617188 -0.118637084960937
0.141647338867188 0.087310791015625 -0.28875732421875 -0.05999755859375
0.140975952148438 0.093994140625 -0.288970947265625 -0.034210205078125
0.160385131835938 0.0904998779296875 -0.2691650390625 -0.0434722900390625
0.111923217773438 0.117576599121094 -0.223480224609375 -0.093536376953125
0.06109619140625 0.165054321289063 -0.159072875976563 -0.0776519775390625
-0.0023956298828125 0.165847778320313 -0.0949783325195313 -0.0725860595703125
-0.108001708984375 0.14788818359375 -0.0318870544433594 -0.036376953125
-0.123245239257813 0.1417236328125 -0.0501861572265625 0.101806640625
-0.197509765625 0.140777587890625 -0.181167602539063 0.122024536132813
-0.0010223388671875 0.0932846069335938 -0.503143310546875 0.132537841796875
0.0070648193359375 0.0794601440429688 -0.303375244140625 0.1517333984375
0.0196437835693359 0.0314121246337891 -0.1318359375 0.0565719604492187
0.00563240051269531 0.0182819366455078 -0.112991333007813 -0.0157394409179688
-0.00673294067382812 0.0266151428222656 -0.123954772949219 -0.0988922119140625
0.01617431640625 0.0423774719238281 -0.227294921875 -0.123077392578125
0.0223121643066406 0.0400543212890625 -0.325775146484375 -0.0592956542968749
0.02374267578125 0.0437889099121094 -0.317779541015625 -0.0389404296874999
0.0319595336914063 0.0623016357421875 -0.302947998046875 -0.0628356933593749
0.00541305541992188 0.0649948120117188 -0.230331420898438 -0.12542724609375
-0.0284805297851562 0.0644416809082031 -0.135368347167969 -0.109489440917969
-0.0490951538085937 0.0253753662109375 -0.07659912109375 -0.0767135620117188
-0.0369644165039063 -0.00981903076171875 -0.0340690612792969 -0.0110206604003906
-0.00287818908691406 0.0146694183349609 -0.0915069580078125 0.133926391601563
-0.0266075134277344 0.0628128051757812 -0.248306274414062 0.156402587890625
-0.191390991210938 0.001220703125 0.26373291015625 -0.213943481445313
-0.141845703125 0.071929931640625 0.129730224609375 -0.187271118164063
-0.071044921875 0.152389526367188 0.00327968597412109 -0.0118036270141601
0.035400390625 0.129753112792969 0.0297775268554688 0.0733718872070313
0.0937118530273438 0.0763931274414063 0.0780487060546875 0.156051635742187
0.0920944213867187 -0.002166748046875 0.2120361328125 0.155105590820313
0.0945663452148438 -0.0199203491210938 0.32427978515625 0.068511962890625
0.0951995849609375 0.00847625732421875 0.3182373046875 0.039703369140625
0.0950698852539063 -0.00545501708984375 0.32110595703125 0.04986572265625
0.0828094482421875 0.0348434448242188 0.24273681640625 0.100311279296875
0.06787109375 0.0771942138671875 0.129470825195313 0.0616607666015625
0.01806640625 0.130844116210937 0.115440368652344 -0.019439697265625
-0.0933914184570313 0.116012573242188 0.172119140625 -0.103866577148437
-0.131332397460938 0.0677261352539063 0.300537109375 -0.2012939453125
-0.144927978515625 -0.0104217529296875 0.560394287109375 -0.16021728515625
-0.352996826171875 0.0767517089843749 0.222015380859375 -0.193771362304688
-0.27960205078125 0.13861083984375 0.12750244140625 -0.169906616210938
-0.195709228515625 0.274932861328125 -0.0064373016357422 -0.0232524871826172
-0.0114593505859375 0.266571044921875 0.000816345214843746 0.0549087524414063
0.10302734375 0.218719482421875 0.0279083251953125 0.15325927734375
0.177169799804688 0.098388671875 0.165679931640625 0.157150268554688
0.212005615234375 0.0335235595703125 0.267547607421875 0.073822021484375
0.211318969726563 0.0631256103515625 0.251449584960938 0.035614013671875
0.224380493164062 0.0338287353515625 0.260879516601562 0.0305938720703125
0.182418823242188 0.0970916748046875 0.192428588867188 0.062469482421875
0.14251708984375 0.177078247070313 0.0855026245117188 0.0322723388671875
0.05584716796875 0.252288818359375 0.0811996459960937 -0.05291748046875
-0.149948120117188 0.26055908203125 0.143280029296875 -0.14544677734375
-0.229049682617188 0.200668334960938 0.272781372070312 -0.227828979492187
-0.304229736328125 0.095489501953125 0.4989013671875 -0.1787109375
-0.474151611328125 0.13604736328125 0.11700439453125 -0.1571044921875
-0.392486572265625 0.189239501953125 0.085235595703125 -0.13348388671875
-0.308807373046875 0.36907958984375 -0.0191440582275391 -0.028390884399414
-0.068206787109375 0.379425048828125 -0.0232028961181641 0.0267200469970703
0.091339111328125 0.34393310546875 -0.0207366943359375 0.11834716796875
0.234176635742188 0.1971435546875 0.0966720581054688 0.12371826171875
0.29534912109375 0.08807373046875 0.168731689453125 0.060394287109375
0.29583740234375 0.109466552734375 0.145156860351563 0.0251617431640625
0.32171630859375 0.061767578125 0.1632080078125 0.01129150390625
0.26617431640625 0.135498046875 0.10986328125 0.0231781005859375
0.219284057617188 0.247146606445312 0.0248088836669922 0.00729560852050783
0.110137939453125 0.344573974609375 0.0344467163085938 -0.0751571655273437
-0.16839599609375 0.385284423828125 0.0959014892578125 -0.162399291992187
-0.284149169921875 0.320343017578125 0.215835571289062 -0.21148681640625
-0.415802001953125 0.19317626953125 0.3848876953125 -0.159637451171875
-0.522857666015625 0.1812744140625 -0.0329360961914063 -0.109817504882812
-0.44622802734375 0.228973388671875 0.00517272949218748 -0.083221435546875
-0.36285400390625 0.42193603515625 -0.039459228515625 -0.0262489318847656
-0.10223388671875 0.444122314453125 -0.0459365844726563 -0.00828933715820311
0.074249267578125 0.41741943359375 -0.0666465759277344 0.0569000244140625
0.258041381835938 0.265289306640625 0.0111045837402344 0.0602493286132813
0.335174560546875 0.128509521484375 0.0413017272949219 0.0309295654296875
0.3350830078125 0.13897705078125 0.0168867111206055 0.0114822387695313
0.3714599609375 0.080078125 0.0399971008300781 -0.00242233276367187
0.3116455078125 0.15264892578125 0.00612258911132814 -0.00765228271484374
0.264129638671875 0.282684326171875 -0.0462684631347656 -0.00994110107421873
0.1502685546875 0.389434814453125 -0.0194244384765625 -0.0809173583984375
-0.163238525390625 0.453094482421875 0.0449676513671875 -0.15008544921875
-0.297760009765625 0.389923095703125 0.145492553710937 -0.148574829101562
-0.46478271484375 0.260009765625 0.2369384765625 -0.102066040039063
-0.48492431640625 0.20794677734375 -0.202835083007813 -0.0505523681640625
-0.41436767578125 0.246917724609375 -0.0970687866210938 -0.0216751098632812
-0.3349609375 0.413787841796875 -0.0676116943359375 -0.0174827575683594
-0.098236083984375 0.428802490234375 -0.0718154907226563 -0.0413970947265625
0.060577392578125 0.41009521484375 -0.10748291015625 -0.0154800415039062
0.2451171875 0.277267456054688 -0.0822906494140625 -0.0171890258789062
0.322052001953125 0.141082763671875 -0.0966873168945312 -0.005523681640625
0.322235107421875 0.145660400390625 -0.114303588867187 -0.00237274169921873
0.3604736328125 0.09197998046875 -0.0902099609375 -0.0103073120117188
0.29901123046875 0.155975341796875 -0.101020812988281 -0.0310592651367187
0.2528076171875 0.2813720703125 -0.113639831542969 -0.0223770141601562
0.14337158203125 0.372100830078125 -0.0677566528320313 -0.0753402709960937
-0.151275634765625 0.433258056640625 0.0029296875 -0.114776611328125
-0.27398681640625 0.379638671875 0.0737686157226562 -0.0540618896484375
-0.441650390625 0.275787353515625 0.0767135620117187 -0.0166549682617187
-0.36785888671875 0.20751953125 -0.358062744140625 0.0200195312500001
-0.30401611328125 0.232208251953125 -0.196090698242188 0.0453643798828125
-0.23193359375 0.3328857421875 -0.09893798828125 -0.000900268554687492
-0.06182861328125 0.331451416015625 -0.0984115600585938 -0.0568313598632812
0.046630859375 0.321563720703125 -0.1353759765625 -0.07330322265625
0.196807861328125 0.22967529296875 -0.166107177734375 -0.083282470703125
0.258041381835938 0.125885009765625 -0.220672607421875 -0.035186767578125
0.259445190429688 0.131149291992188 -0.227813720703125 -0.0125885009765625
0.291534423828125 0.097625732421875 -0.205062866210937 -0.0181884765625
0.230316162109375 0.148239135742188 -0.1898193359375 -0.0557861328125
0.178634643554688 0.24505615234375 -0.158859252929687 -0.042236328125
0.084136962890625 0.298736572265625 -0.0971603393554688 -0.06988525390625
-0.1405029296875 0.3265380859375 -0.02392578125 -0.0723342895507812
-0.217803955078125 0.290435791015625 0.00786209106445311 0.0416831970214844
-0.353057861328125 0.235321044921875 -0.0726242065429688 0.0730819702148438
-0.195510864257813 0.16986083984375 -0.47052001953125 0.0940856933593749
-0.149002075195313 0.1751708984375 -0.272476196289063 0.1129150390625
-0.0982818603515625 0.194259643554688 -0.123893737792969 0.027069091796875
-0.020050048828125 0.180923461914063 -0.116073608398438 -0.0450668334960938
0.0263519287109375 0.1815185546875 -0.14508056640625 -0.10150146484375
0.118087768554688 0.144195556640625 -0.223526000976563 -0.119964599609375
0.155105590820313 0.088409423828125 -0.30865478515625 -0.0507812500000001
0.156158447265625 0.095794677734375 -0.3062744140625 -0.021728515625
0.176666259765625 0.0912322998046875 -0.2880859375 -0.0321044921875
0.124176025390625 0.122467041015625 -0.2412109375 -0.0888214111328125
0.0727081298828125 0.173995971679688 -0.168853759765625 -0.0739898681640625
0.00485229492187499 0.178421020507813 -0.101371765136719 -0.0706405639648437
-0.111984252929687 0.1649169921875 -0.0357246398925781 -0.0355262756347656
-0.12982177734375 0.154876708984375 -0.0494461059570313 0.112686157226563
-0.20977783203125 0.157455444335937 -0.191070556640625 0.142791748046875
-0.00281524658203124 0.0952529907226563 -0.526611328125 0.161529541015625
0.00765228271484375 0.0830078125 -0.312957763671875 0.177001953125
0.0195960998535156 0.0325736999511719 -0.132728576660156 0.0668869018554687
0.00533676147460938 0.0205078125 -0.116363525390625 -0.0118026733398437
-0.00700950622558594 0.0318775177001953 -0.134346008300781 -0.101234436035156
0.0204505920410156 0.0484580993652344 -0.24700927734375 -0.124160766601562
0.0275917053222656 0.0431861877441406 -0.348419189453125 -0.048736572265625
0.0301551818847656 0.0475807189941406 -0.33746337890625 -0.02642822265625
0.0402984619140625 0.0665817260742188 -0.32476806640625 -0.0525817871093749
0.0109710693359375 0.0702476501464844 -0.25 -0.123916625976563
-0.025360107421875 0.0716018676757813 -0.146194458007812 -0.110015869140625
-0.0502891540527344 0.0332984924316406 -0.0835952758789063 -0.0760269165039062
-0.0437889099121094 -0.0048980712890625 -0.0364646911621094 -0.00886154174804687
-0.00786113739013672 0.0173578262329102 -0.09210205078125 0.148193359375
-0.0310401916503906 0.0669441223144531 -0.2603759765625 0.180450439453125
-0.195358276367188 0.01641845703125 0.266128540039062 -0.246109008789062
-0.14093017578125 0.0822601318359375 0.124191284179687 -0.207122802734375
-0.062408447265625 0.161407470703125 0.00473976135253906 -0.0133123397827148
0.0441513061523437 0.129981994628906 0.0361862182617187 0.0728912353515625
0.100685119628906 0.0698623657226563 0.0926361083984375 0.157501220703125
0.0910186767578125 -0.00949859619140625 0.23236083984375 0.14910888671875
0.09332275390625 -0.026123046875 0.344512939453125 0.04925537109375
0.0985260009765625 0.00162506103515625 0.33734130859375 0.019775390625
0.0963897705078125 -0.0139007568359375 0.34326171875 0.028900146484375
0.0882415771484375 0.0301055908203125 0.263916015625 0.0911712646484375
0.07611083984375 0.0751419067382813 0.139419555664063 0.058990478515625
0.0298614501953125 0.135040283203125 0.117897033691406 -0.0276718139648437
-0.0875778198242188 0.127685546875 0.17095947265625 -0.120651245117187
-0.12957763671875 0.0797195434570312 0.298828125 -0.231719970703125
-0.150405883789062 0.00265502929687501 0.57470703125 -0.2066650390625
-0.36151123046875 0.107818603515625 0.225173950195312 -0.221633911132812
-0.281829833984375 0.162628173828125 0.1234130859375 -0.189559936523438
-0.184600830078125 0.299560546875 -0.00342941284179689 -0.0227203369140625
0.00433349609374997 0.276519775390625 0.00597381591796875 0.0565261840820313
0.121826171875 0.219039916992187 0.0410614013671875 0.15802001953125
0.187210083007813 0.090606689453125 0.184967041015625 0.153793334960938
0.219436645507813 0.021636962890625 0.28619384765625 0.058837890625
0.224395751953125 0.051727294921875 0.268402099609375 0.020538330078125
0.2340087890625 0.0188751220703125 0.278762817382813 0.0138702392578125
0.196395874023438 0.0894775390625 0.20880126953125 0.0559844970703125
0.160980224609375 0.17474365234375 0.0924072265625 0.03265380859375
0.0770721435546875 0.260650634765625 0.081268310546875 -0.0598526000976562
-0.138427734375 0.284698486328125 0.137100219726562 -0.16162109375
-0.223983764648438 0.224716186523437 0.268157958984375 -0.255523681640625
-0.312591552734375 0.12506103515625 0.508819580078125 -0.220245361328125
-0.486785888671875 0.17913818359375 0.118865966796875 -0.175552368164063
-0.397796630859375 0.223785400390625 0.08258056640625 -0.148193359375
-0.295562744140625 0.407928466796875 -0.0144615173339844 -0.0257472991943359
-0.04693603515625 0.39990234375 -0.0189342498779297 0.0292072296142578
0.12005615234375 0.35223388671875 -0.0111846923828125 0.125228881835938
0.2545166015625 0.190414428710938 0.111099243164063 0.122795104980469
0.3121337890625 0.073760986328125 0.182723999023438 0.0519866943359375
0.317474365234375 0.09393310546875 0.156890869140625 0.0183868408203125
0.34027099609375 0.041229248046875 0.1739501953125 0.000839233398437502
0.286529541015625 0.124114990234375 0.119415283203125 0.0212936401367188
0.245849609375 0.243545532226562 0.0285758972167969 0.0106468200683594
0.14129638671875 0.3546142578125 0.031646728515625 -0.0794219970703125
-0.150390625 0.4173583984375 0.0872039794921875 -0.174545288085938
-0.27587890625 0.354034423828125 0.210205078125 -0.233169555664062
-0.424957275390625 0.2366943359375 0.390716552734375 -0.1900634765625
-0.536956787109375 0.22906494140625 -0.0349197387695313 -0.114532470703125
-0.452667236328125 0.270416259765625 0.00345611572265621 -0.0885467529296875
-0.349822998046875 0.4708251953125 -0.0341472625732422 -0.0204429626464843
-0.078033447265625 0.470947265625 -0.0440902709960938 -0.0052070617675781
0.108367919921875 0.4317626953125 -0.0621376037597656 0.0645637512207032
0.286285400390625 0.260955810546875 0.0171623229980469 0.0611114501953125
0.356842041015625 0.1134033203125 0.0470848083496094 0.0294265747070313
0.362457275390625 0.1234130859375 0.0214557647705078 0.0128707885742188
0.393524169921875 0.05828857421875 0.0429649353027344 -0.00410842895507812
0.334625244140625 0.1402587890625 0.00777053833007815 -0.00515413284301757
0.295806884765625 0.27801513671875 -0.0463371276855469 -0.00280380249023436
0.18548583984375 0.39892578125 -0.0244827270507812 -0.081512451171875
-0.140625 0.489959716796875 0.03515625 -0.157745361328125
-0.286590576171875 0.427886962890625 0.141128540039062 -0.162109375
-0.472625732421875 0.30975341796875 0.2392578125 -0.117584228515625
-0.498687744140625 0.255096435546875 -0.209915161132813 -0.039031982421875
-0.421173095703125 0.28778076171875 -0.0992507934570313 -0.0158462524414062
-0.32208251953125 0.45977783203125 -0.0632705688476563 -0.00916290283203121
-0.074920654296875 0.45733642578125 -0.0723953247070312 -0.0376510620117187
0.09307861328125 0.428375244140625 -0.109756469726563 -0.00834655761718749
0.275466918945313 0.275680541992188 -0.0865478515625 -0.0140457153320312
0.346099853515625 0.127471923828125 -0.100227355957031 0.00155639648437502
0.3505859375 0.132659912109375 -0.116813659667969 0.00849151611328128
0.384246826171875 0.0714111328125 -0.0943222045898437 -0.00259399414062501
0.322540283203125 0.145294189453125 -0.107086181640625 -0.02276611328125
0.282989501953125 0.2769775390625 -0.117294311523437 -0.01220703125
0.175872802734375 0.3819580078125 -0.0736465454101563 -0.0726470947265625
-0.130584716796875 0.46826171875 -0.0057220458984375 -0.117324829101562
-0.26422119140625 0.415313720703125 0.0731658935546875 -0.05816650390625
-0.44976806640625 0.32415771484375 0.0769119262695312 -0.0163345336914062
-0.37652587890625 0.243804931640625 -0.3690185546875 0.045989990234375
-0.307220458984375 0.26409912109375 -0.198989868164063 0.06207275390625
-0.22186279296875 0.367645263671875 -0.09527587890625 0.00964355468750004
-0.043304443359375 0.35302734375 -0.101364135742187 -0.051910400390625
0.07305908203125 0.337127685546875 -0.14385986328125 -0.067413330078125
0.221954345703125 0.230499267578125 -0.179672241210937 -0.07806396484375
0.279464721679688 0.115432739257813 -0.232925415039062 -0.021484375
0.284210205078125 0.12091064453125 -0.237274169921875 0.00521850585937497
0.313720703125 0.082000732421875 -0.215728759765625 -0.00292968750000002
0.2503662109375 0.141708374023438 -0.201828002929688 -0.0438690185546875
0.203750610351563 0.244552612304687 -0.165267944335938 -0.03167724609375
0.108917236328125 0.3092041015625 -0.104103088378906 -0.0648040771484375
-0.127899169921875 0.35516357421875 -0.0307464599609375 -0.0711517333984375
-0.212127685546875 0.31817626953125 0.0108985900878906 0.0465507507324219
-0.3594970703125 0.27386474609375 -0.0731964111328125 0.0879898071289063
-0.199600219726562 0.191024780273438 -0.482391357421875 0.1317138671875
-0.1485595703125 0.193756103515625 -0.27386474609375 0.139007568359375
-0.0923614501953125 0.212844848632813 -0.12078857421875 0.0390853881835937
-0.010101318359375 0.192337036132813 -0.120040893554688 -0.0390167236328125
0.0406494140625 0.191818237304687 -0.15692138671875 -0.0968017578125
0.134872436523438 0.146881103515625 -0.242462158203125 -0.112747192382813
0.170013427734375 0.083648681640625 -0.327667236328125 -0.031097412109375
0.173294067382813 0.0914306640625 -0.320770263671875 0.000244140624999935
0.194671630859375 0.0847320556640625 -0.303375244140625 -0.0117797851562501
0.139175415039063 0.122306823730469 -0.258270263671875 -0.075408935546875
0.08837890625 0.178237915039063 -0.178695678710938 -0.0654144287109375
0.0171356201171875 0.189498901367188 -0.108940124511719 -0.0652847290039062
-0.108917236328125 0.184478759765625 -0.0407562255859375 -0.0331039428710937
-0.130020141601563 0.17120361328125 -0.0435638427734375 0.124641418457031
-0.214706420898438 0.180221557617187 -0.192596435546875 0.167709350585937
-0.00174713134765625 0.09783935546875 -0.537322998046875 0.20770263671875
0.010650634765625 0.0852279663085938 -0.312255859375 0.208770751953125
0.0194244384765625 0.0323944091796875 -0.1298828125 0.0790863037109375
0.00569343566894531 0.0222282409667969 -0.118362426757812 -0.00469207763671874
-0.0057373046875 0.0368080139160156 -0.146392822265625 -0.0983428955078125
0.0268440246582031 0.0524559020996094 -0.268142700195313 -0.11566162109375
0.0341835021972656 0.0450782775878906 -0.369537353515625 -0.02655029296875
0.0374336242675781 0.04949951171875 -0.35504150390625 -0.00350952148437497
0.0513267517089844 0.0688133239746094 -0.34515380859375 -0.0298461914062501
0.0180282592773438 0.0745391845703125 -0.271148681640625 -0.112335205078125
-0.019744873046875 0.078369140625 -0.158309936523438 -0.105514526367188
-0.0496063232421875 0.0414237976074219 -0.0911178588867188 -0.07135009765625
-0.0483055114746094 0.00284194946289063 -0.0393714904785156 -0.00529861450195313
-0.011810302734375 0.0204143524169922 -0.086822509765625 0.163436889648438
-0.0338287353515625 0.0718231201171875 -0.26385498046875 0.210891723632813
-0.192108154296875 0.0319061279296875 0.257186889648437 -0.273544311523438
-0.135482788085938 0.0918807983398437 0.11151123046875 -0.221633911132813
-0.0511474609375 0.16656494140625 0.00602054595947265 -0.0142402648925781
0.0532302856445312 0.126373291015625 0.0413703918457031 0.0699920654296875
0.105270385742188 0.0598907470703125 0.104446411132813 0.153091430664063
0.0867156982421875 -0.0162429809570313 0.247528076171875 0.137893676757813
0.089996337890625 -0.0320358276367188 0.355438232421875 0.024688720703125
0.09814453125 -0.0059967041015625 0.34564208984375 -0.005218505859375
0.0934600830078125 -0.0219955444335938 0.35296630859375 0.00164794921875
0.09088134765625 0.0234527587890625 0.278579711914063 0.0753631591796875
0.0830078125 0.0699996948242188 0.146469116210938 0.053558349609375
0.0422897338867188 0.135025024414063 0.116256713867188 -0.0363006591796875
-0.0779190063476563 0.135574340820313 0.162673950195313 -0.1358642578125
-0.123054504394531 0.0900802612304687 0.28515625 -0.25714111328125
-0.150146484375 0.01708984375 0.56610107421875 -0.25140380859375
-0.355987548828125 0.138397216796875 0.217300415039063 -0.245849609375
-0.273452758789063 0.183700561523437 0.112777709960937 -0.203643798828125
-0.163604736328125 0.316925048828125 0.000215530395507802 -0.0224246978759765
0.02325439453125 0.27850341796875 0.0116348266601563 0.0556106567382813
0.13873291015625 0.210647583007813 0.0541229248046875 0.156509399414063
0.192108154296875 0.078460693359375 0.19976806640625 0.144256591796875
0.221160888671875 0.007720947265625 0.297210693359375 0.03863525390625
0.232025146484375 0.0354156494140625 0.276565551757813 0.000930786132812502
0.236602783203125 0.00091552734375 0.28717041015625 -0.007354736328125
0.205551147460937 0.0769195556640625 0.2198486328125 0.04412841796875
0.17626953125 0.166229248046875 0.0977096557617188 0.031280517578125
0.0997772216796875 0.259841918945313 0.0773162841796875 -0.0658721923828125
-0.119720458984375 0.30126953125 0.125732421875 -0.172866821289062
-0.210693359375 0.244384765625 0.251998901367188 -0.278366088867188
-0.30810546875 0.154937744140625 0.50006103515625 -0.258514404296875
-0.479827880859375 0.22100830078125 0.113815307617187 -0.191558837890625
-0.38848876953125 0.255767822265625 0.0752716064453125 -0.158935546875
-0.267303466796875 0.4356689453125 -0.00928688049316408 -0.023721694946289
-0.019256591796875 0.40899658203125 -0.0143451690673828 0.0300121307373047
0.1474609375 0.347076416015625 0.000968933105468752 0.127822875976563
0.269271850585938 0.175888061523438 0.123130798339844 0.116989135742188
0.320465087890625 0.054290771484375 0.192230224609375 0.0388641357421875
0.330657958984375 0.072845458984375 0.163711547851563 0.00816345214843751
0.3463134765625 0.01605224609375 0.179351806640625 -0.0116119384765625
0.2996826171875 0.106201171875 0.126487731933594 0.01568603515625
0.266952514648438 0.230194091796875 0.0320224761962891 0.0129127502441406
0.17095947265625 0.351104736328125 0.0264739990234375 -0.0814208984375
-0.122589111328125 0.4403076171875 0.0745391845703125 -0.1815185546875
-0.2562255859375 0.37933349609375 0.19586181640625 -0.250244140625
-0.416229248046875 0.277557373046875 0.38214111328125 -0.218505859375
-0.529571533203125 0.276092529296875 -0.0375747680664063 -0.116500854492187
-0.4429931640625 0.3070068359375 -0.000915527343750018 -0.09149169921875
-0.318267822265625 0.505767822265625 -0.0269432067871094 -0.016702651977539
-0.045501708984375 0.484527587890625 -0.0407295227050781 -0.00254058837890622
0.143524169921875 0.431640625 -0.0550117492675781 0.0701370239257813
0.308685302734375 0.2451171875 0.0229072570800781 0.0596160888671875
0.370391845703125 0.090576171875 0.0515594482421875 0.0266151428222656
0.379547119140625 0.0994873046875 0.0264072418212891 0.0133152008056641
0.403076171875 0.02880859375 0.0444793701171875 -0.0060577392578125
0.34979248046875 0.119659423828125 0.0103282928466797 -0.00263690948486327
0.32086181640625 0.26116943359375 -0.0440521240234375 0.00379180908203126
0.220001220703125 0.39324951171875 -0.0292129516601562 -0.0793304443359375
-0.107666015625 0.513214111328125 0.022796630859375 -0.159088134765625
-0.2628173828125 0.454803466796875 0.131088256835937 -0.171676635742187
-0.461090087890625 0.356536865234375 0.23345947265625 -0.131790161132812
-0.4910888671875 0.29840087890625 -0.21087646484375 -0.0251617431640625
-0.410614013671875 0.324798583984375 -0.0990676879882813 -0.00870513916015624
-0.292999267578125 0.49542236328125 -0.0555648803710938 -0.00252914428710934
-0.042510986328125 0.4720458984375 -0.0712432861328125 -0.03271484375
0.128448486328125 0.430938720703125 -0.108718872070313 -0.000198364257812464
0.30059814453125 0.261962890625 -0.0887908935546875 -0.00992584228515622
0.361480712890625 0.10662841796875 -0.100738525390625 0.00970458984374999
0.3690185546875 0.108978271484375 -0.114891052246094 0.0194625854492187
0.396575927734375 0.04400634765625 -0.09527587890625 0.00648498535156251
0.33807373046875 0.12646484375 -0.108711242675781 -0.0128555297851562
0.307373046875 0.261474609375 -0.116470336914062 -0.00170898437499998
0.209381103515625 0.376434326171875 -0.0783767700195312 -0.0666275024414062
-0.1002197265625 0.489532470703125 -0.016021728515625 -0.11474609375
-0.24163818359375 0.44000244140625 0.0698356628417969 -0.060943603515625
-0.4375 0.36676025390625 0.0761260986328125 -0.0153656005859375
-0.369598388671875 0.277069091796875 -0.367401123046875 0.0744323730468751
-0.297088623046875 0.2916259765625 -0.194931030273438 0.079071044921875
-0.200286865234375 0.39434814453125 -0.088165283203125 0.0180740356445313
-0.019775390625 0.364227294921875 -0.102066040039063 -0.044952392578125
0.101104736328125 0.34075927734375 -0.148193359375 -0.057952880859375
0.24407958984375 0.220718383789063 -0.188949584960937 -0.0682525634765625
0.294281005859375 0.09869384765625 -0.2374267578125 -0.00302124023437499
0.3009033203125 0.103179931640625 -0.238052368164062 0.02435302734375
0.327178955078125 0.060760498046875 -0.218887329101562 0.0166473388671875
0.264755249023438 0.128173828125 -0.207504272460937 -0.02740478515625
0.225265502929688 0.234100341796875 -0.166732788085938 -0.01800537109375
0.13482666015625 0.307525634765625 -0.107955932617187 -0.0563735961914062
-0.10577392578125 0.374786376953125 -0.0373649597167969 -0.0667686462402343
-0.197540283203125 0.338531494140625 0.0152854919433594 0.049896240234375
-0.350341796875 0.309051513671875 -0.0694580078125 0.101425170898437
-0.19439697265625 0.208831787109375 -0.478546142578125 0.171661376953125
-0.141265869140625 0.208053588867188 -0.265792846679688 0.163375854492187
-0.081268310546875 0.224777221679688 -0.1143798828125 0.0490798950195313
0.00263977050781248 0.198272705078125 -0.120002746582031 -0.0306243896484375
0.0559234619140625 0.195892333984375 -0.164627075195313 -0.08770751953125
0.150131225585938 0.141937255859375 -0.25689697265625 -0.0992279052734375
0.180313110351562 0.074249267578125 -0.335357666015625 -0.00643920898437506
0.186431884765625 0.081207275390625 -0.324615478515625 0.02630615234375
0.207870483398438 0.0720977783203125 -0.30908203125 0.01361083984375
0.1514892578125 0.116043090820313 -0.267868041992188 -0.0558013916015625
0.103759765625 0.175872802734375 -0.183639526367188 -0.0532989501953125
0.032623291015625 0.193466186523438 -0.113105773925781 -0.0568466186523438
-0.0997772216796875 0.20025634765625 -0.0440521240234375 -0.027862548828125
-0.124710083007813 0.184722900390625 -0.0342483520507813 0.132621765136719
-0.21136474609375 0.200942993164063 -0.185012817382812 0.190841674804688
0.000251770019531245 0.0985260009765625 -0.52801513671875 0.250640869140625
0.0149459838867188 0.0852737426757813 -0.2998046875 0.236602783203125
0.0190467834472656 0.0316829681396484 -0.12274169921875 0.0887832641601562
0.00613594055175781 0.02294921875 -0.117362976074219 0.00288391113281251
-0.003692626953125 0.0412445068359375 -0.155426025390625 -0.0909271240234375
0.0331459045410156 0.0542411804199219 -0.283721923828125 -0.100830078125
0.0399398803710938 0.0446357727050781 -0.379425048828125 0.000396728515625014
0.0441322326660156 0.0487785339355469 -0.360870361328125 0.023834228515625
0.0611724853515625 0.0663566589355469 -0.352752685546875 -0.00204467773437493
0.026031494140625 0.0759429931640625 -0.285064697265625 -0.09368896484375
-0.0127105712890625 0.082489013671875 -0.167144775390625 -0.096221923828125
-0.0459823608398438 0.0479393005371094 -0.0965347290039062 -0.0642547607421875
-0.0507278442382812 0.01080322265625 -0.0411567687988281 -0.000820159912109381
-0.0150203704833984 0.0239105224609375 -0.07635498046875 0.175460815429688
-0.0345230102539063 0.0761795043945313 -0.254684448242188 0.238616943359375
-0.186447143554688 0.043182373046875 0.2452392578125 -0.291046142578125
-0.129302978515625 0.0969467163085938 0.100845336914062 -0.228805541992188
-0.04119873046875 0.166397094726563 0.00804710388183593 -0.0150690078735351
0.057891845703125 0.1209716796875 0.0441055297851563 0.0659637451171875
0.105842590332031 0.0514068603515625 0.111679077148438 0.147079467773438
0.080963134765625 -0.0201568603515625 0.255935668945313 0.127655029296875
0.0856475830078125 -0.0349044799804688 0.35791015625 0.005523681640625
0.0967483520507813 -0.0109329223632813 0.346221923828125 -0.02471923828125
0.08905029296875 -0.0269775390625 0.354461669921875 -0.018310546875
0.0912628173828125 0.0180130004882813 0.2861328125 0.061981201171875
0.0868377685546875 0.065185546875 0.149261474609375 0.0496673583984375
0.0512008666992188 0.132125854492188 0.11285400390625 -0.041839599609375
-0.0701751708984375 0.139549255371094 0.153274536132813 -0.143539428710938
-0.11627197265625 0.0957717895507812 0.26971435546875 -0.271835327148438
-0.146636962890625 0.0281219482421875 0.550079345703125 -0.2806396484375
-0.345367431640625 0.158843994140625 0.207931518554687 -0.261383056640625
-0.26275634765625 0.19580078125 0.10321044921875 -0.211166381835938
-0.144927978515625 0.3236083984375 0.00445365905761718 -0.022867202758789
0.036376953125 0.275497436523438 0.0150070190429688 0.053253173828125
0.148101806640625 0.200546264648438 0.0628662109375 0.153213500976563
0.191909790039063 0.0692596435546875 0.208221435546875 0.134918212890625
0.219451904296875 -0.0021514892578125 0.30108642578125 0.02142333984375
0.233673095703125 0.02288818359375 0.27880859375 -0.0139923095703125
0.233184814453125 -0.0116729736328125 0.288421630859375 -0.023895263671875
0.208572387695313 0.0662078857421875 0.226318359375 0.0339202880859375
0.18505859375 0.156524658203125 0.10076904296875 0.0297470092773438
0.115142822265625 0.255355834960937 0.0736312866210938 -0.0691146850585937
-0.102752685546875 0.3096923828125 0.114913940429688 -0.17767333984375
-0.1973876953125 0.255142211914063 0.236328125 -0.28955078125
-0.29925537109375 0.175506591796875 0.48602294921875 -0.282623291015625
-0.465362548828125 0.249420166015625 0.107421875 -0.201126098632813
-0.375946044921875 0.2744140625 0.06817626953125 -0.164779663085937
-0.241912841796875 0.45184326171875 -0.00257301330566408 -0.0233955383300781
0.001129150390625 0.40863037109375 -0.0101947784423828 0.0296592712402344
0.16607666015625 0.33807373046875 0.00894927978515625 0.127365112304688
0.27471923828125 0.162216186523438 0.129928588867188 0.109893798828125
0.320587158203125 0.0390625 0.19561767578125 0.0278472900390625
0.33587646484375 0.055572509765625 0.16717529296875 -0.0012054443359375
0.3458251953125 -0.0028076171875 0.180328369140625 -0.0208892822265625
0.30462646484375 0.09136962890625 0.130836486816406 0.0110855102539063
0.279693603515625 0.216400146484375 0.035247802734375 0.0147628784179688
0.192718505859375 0.343536376953125 0.0226593017578125 -0.0819015502929687
-0.099151611328125 0.449920654296875 0.063995361328125 -0.181915283203125
-0.2352294921875 0.393402099609375 0.1815185546875 -0.258193969726562
-0.403076171875 0.305511474609375 0.36932373046875 -0.235260009765625
-0.51629638671875 0.308349609375 -0.0396728515625 -0.117019653320312
-0.428192138671875 0.330291748046875 -0.00386810302734378 -0.092742919921875
-0.289337158203125 0.525299072265625 -0.0189037322998047 -0.0153732299804687
-0.019073486328125 0.487548828125 -0.0369758605957031 -0.00143051147460935
0.16839599609375 0.42376708984375 -0.048858642578125 0.0728225708007813
0.320465087890625 0.2296142578125 0.0258865356445313 0.0573577880859375
0.3739013671875 0.07305908203125 0.0550498962402344 0.0234718322753906
0.387542724609375 0.07916259765625 0.0297069549560547 0.0126724243164063
0.40435791015625 0.00701904296875 0.0458183288574219 -0.0070343017578125
0.355621337890625 0.103302001953125 0.0130558013916016 -0.000821113586425775
0.334625244140625 0.24444580078125 -0.0404853820800781 0.00917434692382814
0.241790771484375 0.382659912109375 -0.0320053100585937 -0.0763320922851562
-0.0805358886718749 0.5235595703125 0.0143280029296875 -0.155868530273437
-0.2393798828125 0.4691162109375 0.122467041015625 -0.175567626953125
-0.445465087890625 0.38665771484375 0.225296020507812 -0.1392822265625
-0.47772216796875 0.326934814453125 -0.2078857421875 -0.0154876708984374
-0.39617919921875 0.346893310546875 -0.0978164672851563 -0.00360870361328124
-0.265167236328125 0.514007568359375 -0.0468521118164063 0.000370025634765651
-0.018768310546875 0.475860595703125 -0.0684089660644531 -0.0293807983398437
0.1541748046875 0.4248046875 -0.1053466796875 0.00582122802734379
0.314605712890625 0.24713134765625 -0.0903778076171875 -0.00704956054687498
0.3673095703125 0.089141845703125 -0.0997085571289062 0.0151519775390625
0.37884521484375 0.090240478515625 -0.11102294921875 0.026611328125
0.399078369140625 0.022064208984375 -0.0931930541992187 0.0141983032226563
0.343963623046875 0.1104736328125 -0.107276916503906 -0.00490570068359376
0.3211669921875 0.24591064453125 -0.113067626953125 0.00672912597656254
0.2298583984375 0.365753173828125 -0.0796661376953125 -0.0612258911132812
-0.073699951171875 0.50115966796875 -0.0218276977539062 -0.109275817871094
-0.221343994140625 0.4537353515625 0.0680503845214844 -0.0607490539550781
-0.42193603515625 0.396026611328125 0.07440185546875 -0.01318359375
-0.359771728515625 0.2994384765625 -0.359588623046875 0.09344482421875
-0.285980224609375 0.307891845703125 -0.18896484375 0.0899810791015625
-0.178314208984375 0.407867431640625 -0.0799942016601563 0.02252197265625
-0.00119018554687499 0.368499755859375 -0.0997390747070312 -0.0398101806640625
0.120635986328125 0.3377685546875 -0.148117065429688 -0.0503692626953125
0.257369995117188 0.20947265625 -0.1937255859375 -0.0604248046875
0.300262451171875 0.084442138671875 -0.237960815429687 0.0103607177734375
0.310150146484375 0.087738037109375 -0.23370361328125 0.038726806640625
0.332061767578125 0.04266357421875 -0.215927124023437 0.0309906005859375
0.2718505859375 0.116928100585938 -0.207595825195312 -0.0147705078125
0.237838745117188 0.223495483398438 -0.164581298828125 -0.00900268554687502
0.1519775390625 0.301849365234375 -0.108528137207031 -0.048828125
-0.086883544921875 0.385894775390625 -0.0404167175292969 -0.0604896545410156
-0.18328857421875 0.349609375 0.0193710327148437 0.0527420043945313
-0.338409423828125 0.3306884765625 -0.064483642578125 0.111793518066406
-0.188308715820313 0.22021484375 -0.467010498046875 0.196685791015625
-0.133865356445312 0.215530395507813 -0.255630493164063 0.17803955078125
-0.071563720703125 0.231353759765625 -0.107139587402344 0.0538711547851563
0.0125274658203125 0.19952392578125 -0.118095397949219 -0.0255279541015625
0.0677642822265625 0.196319580078125 -0.166458129882813 -0.0800018310546875
0.16009521484375 0.1368408203125 -0.264114379882813 -0.088592529296875
0.186447143554688 0.066375732421875 -0.336944580078125 0.013336181640625
0.193527221679688 0.0726470947265625 -0.32080078125 0.0447082519531249
0.214736938476562 0.0608062744140625 -0.306304931640625 0.033111572265625
0.159042358398438 0.109771728515625 -0.271026611328125 -0.040618896484375
0.113449096679687 0.17169189453125 -0.183975219726563 -0.0439605712890625
0.0439300537109375 0.193222045898438 -0.114212036132813 -0.0490646362304687
-0.0899658203125 0.21002197265625 -0.0451698303222656 -0.0221824645996094
-0.11859130859375 0.192413330078125 -0.02606201171875 0.136466979980469
-0.205520629882813 0.214523315429687 -0.175033569335937 0.205795288085938
0.00108337402343751 0.097900390625 -0.514007568359375 0.2786865234375
0.0169906616210938 0.0843124389648437 -0.28509521484375 0.25341796875
0.0172767639160156 0.0313758850097656 -0.115516662597656 0.093963623046875
0.00633430480957031 0.0238590240478516 -0.113502502441406 0.00778198242187498
-0.000942230224609373 0.0446891784667969 -0.15875244140625 -0.084442138671875
0.0383491516113281 0.0539932250976563 -0.291778564453125 -0.0882568359375
0.0443191528320313 0.0433731079101563 -0.3807373046875 0.0225219726562499
0.0496482849121094 0.0474166870117188 -0.35870361328125 0.0437622070312499
0.0692405700683594 0.0635261535644531 -0.351226806640625 0.019287109375
0.03216552734375 0.0756683349609375 -0.290985107421875 -0.0774230957031251
-0.00731658935546875 0.0843429565429688 -0.170501708984375 -0.088470458984375
-0.0414314270019531 0.0525169372558594 -0.0985794067382813 -0.0576629638671875
-0.0508308410644531 0.0176124572753906 -0.0412483215332031 0.00365447998046875
-0.0172672271728516 0.027099609375 -0.0659027099609375 0.181106567382813
-0.0351638793945313 0.0792465209960938 -0.24383544921875 0.2564697265625
-0.181777954101562 0.0493316650390625 0.24029541015625 -0.3033447265625
-0.125190734863281 0.0996551513671875 0.0948944091796874 -0.234100341796875
-0.0352020263671875 0.16650390625 0.01116943359375 -0.0169239044189453
0.0606918334960938 0.117324829101563 0.0453376770019531 0.0629844665527344
0.104873657226563 0.044921875 0.114532470703125 0.144378662109375
0.0765838623046875 -0.0216293334960938 0.262954711914063 0.122222900390625
0.0829238891601563 -0.035919189453125 0.361358642578125 -0.006744384765625
0.0956573486328125 -0.0150985717773438 0.347900390625 -0.037445068359375
0.0857696533203125 -0.0297927856445312 0.3568115234375 -0.031158447265625
0.0915985107421875 0.015045166015625 0.292938232421875 0.054473876953125
0.08905029296875 0.0622177124023438 0.152664184570313 0.0487518310546875
0.0570220947265625 0.130928039550781 0.110893249511719 -0.0450820922851562
-0.065521240234375 0.143081665039062 0.1475830078125 -0.148590087890625
-0.112144470214844 0.0991134643554688 0.2608642578125 -0.279937744140625
-0.143875122070313 0.035675048828125 0.543182373046875 -0.2969970703125
-0.338531494140625 0.17169189453125 0.203659057617187 -0.272537231445313
-0.25836181640625 0.202911376953125 0.0979156494140625 -0.216400146484375
-0.13421630859375 0.327972412109375 0.00925827026367187 -0.0246028900146484
0.0443572998046875 0.27374267578125 0.0174713134765625 0.050811767578125
0.153121948242188 0.19390869140625 0.0671234130859375 0.151519775390625
0.190719604492187 0.0643157958984375 0.214370727539062 0.129913330078125
0.217803955078125 -0.006683349609375 0.304473876953125 0.011077880859375
0.235214233398438 0.0154266357421875 0.281524658203125 -0.024017333984375
0.231674194335938 -0.0190277099609375 0.2908935546875 -0.03448486328125
0.210769653320313 0.06036376953125 0.232131958007813 0.02880859375
0.190704345703125 0.151687622070313 0.103439331054688 0.0300750732421875
0.125778198242188 0.2532958984375 0.0717544555664063 -0.0707321166992187
-0.093170166015625 0.316925048828125 0.109329223632812 -0.179916381835937
-0.189651489257812 0.261703491210938 0.22845458984375 -0.296844482421875
-0.2940673828125 0.189117431640625 0.477691650390625 -0.297637939453125
-0.458404541015625 0.266387939453125 0.105117797851562 -0.20928955078125
-0.36981201171875 0.286041259765625 0.064727783203125 -0.168716430664063
-0.227691650390625 0.458709716796875 0.00383949279785155 -0.02520751953125
0.012542724609375 0.40887451171875 -0.00731468200683594 0.0282764434814453
0.177520751953125 0.3321533203125 0.0141220092773438 0.127059936523438
0.277587890625 0.154586791992188 0.134254455566406 0.106880187988281
0.32293701171875 0.0306396484375 0.198883056640625 0.020538330078125
0.340789794921875 0.044677734375 0.170303344726563 -0.00665283203125
0.345184326171875 -0.014129638671875 0.182601928710938 -0.0270233154296875
0.3082275390625 0.083343505859375 0.135116577148438 0.00853729248046876
0.287994384765625 0.208953857421875 0.0384521484375 0.016815185546875
0.205078125 0.33966064453125 0.0209808349609375 -0.0818099975585937
-0.08599853515625 0.458984375 0.0585174560546875 -0.181381225585937
-0.22607421875 0.401702880859375 0.174301147460937 -0.262481689453125
-0.396331787109375 0.32452392578125 0.36212158203125 -0.243682861328125
-0.50830078125 0.327972412109375 -0.0396575927734375 -0.118782043457031
-0.42218017578125 0.345489501953125 -0.00525665283203127 -0.0937271118164062
-0.272003173828125 0.53643798828125 -0.0108671188354492 -0.0165071487426758
-0.00393676757812502 0.489837646484375 -0.0335197448730469 -0.00111961364746091
0.18359375 0.419830322265625 -0.0436325073242187 0.074676513671875
0.326507568359375 0.22161865234375 0.027435302734375 0.0565567016601563
0.377899169921875 0.062835693359375 0.0569381713867188 0.0210075378417969
0.39544677734375 0.066375732421875 0.0334186553955078 0.0119667053222656
0.40582275390625 -0.005859375 0.0484771728515625 -0.00704574584960938
0.3597412109375 0.0933837890625 0.0158176422119141 0.000636100769042975
0.343536376953125 0.235992431640625 -0.0370712280273437 0.0129318237304688
0.256439208984375 0.377044677734375 -0.0328292846679687 -0.0748977661132812
-0.064422607421875 0.533905029296875 0.0104827880859375 -0.15283203125
-0.22821044921875 0.478546142578125 0.118209838867187 -0.176849365234375
-0.43695068359375 0.40692138671875 0.222412109375 -0.140960693359375
-0.47119140625 0.346649169921875 -0.205795288085938 -0.0101776123046874
-0.391815185546875 0.361785888671875 -0.09619140625 -0.000846862792968736
-0.249755859375 0.527557373046875 -0.0388908386230469 2.28881835937861E-05
-0.00384521484375 0.47998046875 -0.065155029296875 -0.0274848937988281
0.16943359375 0.42364501953125 -0.102294921875 0.00897216796875002
0.323394775390625 0.23944091796875 -0.0927886962890625 -0.00549316406249997
0.372039794921875 0.07891845703125 -0.0982284545898437 0.018646240234375
0.386810302734375 0.077880859375 -0.107856750488281 0.03057861328125
0.401947021484375 0.008758544921875 -0.0909042358398437 0.0190582275390625
0.34881591796875 0.102386474609375 -0.106201171875 0.000541687011718734
0.329986572265625 0.23675537109375 -0.109909057617188 0.0114059448242187
0.243927001953125 0.36065673828125 -0.0791244506835937 -0.0577239990234375
-0.058929443359375 0.51055908203125 -0.0237884521484375 -0.1051025390625
-0.209747314453125 0.464019775390625 0.0680618286132813 -0.0602684020996093
-0.413787841796875 0.415771484375 0.0745620727539062 -0.00968170166015622
-0.355072021484375 0.313568115234375 -0.3543701171875 0.104888916015625
-0.28277587890625 0.318634033203125 -0.185211181640625 0.097015380859375
-0.1689453125 0.417938232421875 -0.0728759765625 0.0231170654296875
0.0103759765625 0.371368408203125 -0.09674072265625 -0.0374832153320312
0.134307861328125 0.33837890625 -0.147293090820313 -0.047027587890625
0.2664794921875 0.203536987304688 -0.198989868164063 -0.0561065673828125
0.305450439453125 0.07733154296875 -0.23895263671875 0.0193023681640625
0.318359375 0.07904052734375 -0.232101440429688 0.0464630126953125
0.33642578125 0.032012939453125 -0.213653564453125 0.039703369140625
0.277755737304688 0.110748291015625 -0.2080078125 -0.00636291503906253
0.245773315429688 0.218032836914063 -0.162216186523438 -0.00314331054687497
0.16217041015625 0.298736572265625 -0.107551574707031 -0.0443649291992187
-0.0755615234375 0.395111083984375 -0.0413856506347656 -0.0554466247558594
-0.175994873046875 0.357452392578125 0.0227012634277344 0.0546150207519531
-0.333282470703125 0.347137451171875 -0.0608978271484375 0.119873046875
-0.18707275390625 0.22796630859375 -0.4588623046875 0.211639404296875
-0.132125854492188 0.221206665039063 -0.24969482421875 0.1875
-0.067169189453125 0.237060546875 -0.101966857910156 0.055938720703125
0.0172119140625 0.20220947265625 -0.115104675292969 -0.0228347778320312
0.076202392578125 0.198272705078125 -0.167266845703125 -0.0767059326171875
0.16680908203125 0.134490966796875 -0.27093505859375 -0.0825958251953125
0.191238403320312 0.0618743896484375 -0.33843994140625 0.0257568359375
0.20013427734375 0.0676727294921875 -0.319305419921875 0.0560913085937499
0.220458984375 0.0543365478515625 -0.30474853515625 0.0447998046875
0.163604736328125 0.107009887695313 -0.2738037109375 -0.030792236328125
0.119552612304688 0.170257568359375 -0.18359375 -0.03875732421875
0.05108642578125 0.19403076171875 -0.114341735839844 -0.0441207885742187
-0.08404541015625 0.218551635742188 -0.0458984375 -0.0175247192382812
-0.117019653320313 0.198822021484375 -0.0208282470703125 0.1407470703125
-0.204299926757813 0.225296020507813 -0.16937255859375 0.217315673828125
-0.000312805175781239 0.0984039306640625 -0.50433349609375 0.295379638671875
0.0170822143554687 0.08349609375 -0.277008056640625 0.263671875
0.0150184631347656 0.031951904296875 -0.111923217773438 0.0958938598632813
0.00571060180664062 0.0244617462158203 -0.111259460449219 0.0102462768554687
0.0011138916015625 0.0479774475097656 -0.160629272460938 -0.081939697265625
0.0428276062011719 0.0548362731933594 -0.298797607421875 -0.0822143554687499
0.0480003356933594 0.0429420471191406 -0.3836669921875 0.0369873046875
0.0538177490234375 0.04693603515625 -0.358123779296875 0.05633544921875
0.0747909545898438 0.0608062744140625 -0.350799560546875 0.032318115234375
0.0367889404296875 0.0761260986328125 -0.295440673828125 -0.0679931640625
-0.00336456298828124 0.0864410400390625 -0.1728515625 -0.084564208984375
-0.0389938354492187 0.0560035705566406 -0.0989151000976563 -0.053314208984375
-0.0504837036132813 0.0228843688964844 -0.0409965515136719 0.00679397583007813
-0.0198078155517578 0.0302009582519531 -0.0603485107421875 0.185791015625
-0.0376434326171875 0.0822830200195313 -0.237899780273437 0.268997192382813
-0.1815185546875 0.0547027587890625 0.242523193359375 -0.319122314453125
-0.124763488769531 0.102890014648438 0.093719482421875 -0.244277954101563
-0.031036376953125 0.168609619140625 0.0141162872314453 -0.0200386047363281
0.0629806518554688 0.117042541503906 0.0466461181640625 0.0618247985839844
0.104736328125 0.0415267944335938 0.119110107421875 0.146408081054687
0.0741806030273438 -0.022125244140625 0.273330688476563 0.121490478515625
0.0824432373046875 -0.037109375 0.370452880859375 -0.0167236328125
0.0964202880859375 -0.0176925659179688 0.3568115234375 -0.04656982421875
0.0843353271484375 -0.0315399169921875 0.365875244140625 -0.041290283203125
0.0929412841796875 0.0124969482421875 0.30474853515625 0.04901123046875
0.0927352905273438 0.06121826171875 0.158157348632813 0.0509490966796875
0.0625686645507812 0.132011413574219 0.111358642578125 -0.0481109619140625
-0.0636138916015625 0.147964477539063 0.14605712890625 -0.1551513671875
-0.1114501953125 0.103050231933594 0.259918212890625 -0.29144287109375
-0.143905639648437 0.0417633056640625 0.547332763671875 -0.314849853515625
-0.341094970703125 0.183319091796875 0.205718994140625 -0.287994384765625
-0.259994506835938 0.212051391601562 0.0968780517578125 -0.225723266601563
-0.1290283203125 0.33770751953125 0.0142974853515625 -0.0286579132080078
0.0500335693359375 0.27685546875 0.0192146301269531 0.0497322082519531
0.15875244140625 0.192230224609375 0.0719451904296875 0.154525756835938
0.192001342773437 0.0630035400390625 0.223495483398438 0.130126953125
0.221908569335938 -0.0101470947265625 0.31256103515625 0.002716064453125
0.2420654296875 0.010223388671875 0.289031982421875 -0.031768798828125
0.234420776367188 -0.02398681640625 0.29931640625 -0.04168701171875
0.216522216796875 0.0576934814453125 0.24200439453125 0.0247650146484375
0.198776245117188 0.151412963867188 0.109138488769531 0.0327529907226563
0.1357421875 0.256820678710937 0.0719680786132813 -0.07354736328125
-0.08880615234375 0.328948974609375 0.107681274414062 -0.184890747070312
-0.188796997070313 0.270980834960938 0.22662353515625 -0.306854248046875
-0.296875 0.20440673828125 0.4805908203125 -0.311767578125
-0.4620361328125 0.283721923828125 0.106277465820312 -0.219192504882812
-0.3740234375 0.300506591796875 0.0641326904296875 -0.175216674804687
-0.22149658203125 0.474365234375 0.0106773376464844 -0.0295829772949218
0.02191162109375 0.41705322265625 -0.00448226928710937 0.0272598266601563
0.187744140625 0.334197998046875 0.0184402465820313 0.130172729492188
0.284393310546875 0.15386962890625 0.140220642089844 0.107162475585938
0.329864501953125 0.025970458984375 0.205184936523438 0.014801025390625
0.3524169921875 0.0369873046875 0.17608642578125 -0.0116729736328125
0.351776123046875 -0.021942138671875 0.188430786132813 -0.031585693359375
0.316680908203125 0.08001708984375 0.142349243164063 0.00723266601562501
0.298828125 0.20806884765625 0.0427627563476563 0.0200080871582031
0.21905517578125 0.34393310546875 0.021484375 -0.0833663940429687
-0.076873779296875 0.476715087890625 0.057098388671875 -0.183563232421875
-0.224456787109375 0.41522216796875 0.173614501953125 -0.269729614257813
-0.399658203125 0.34539794921875 0.36627197265625 -0.253448486328125
-0.513824462890625 0.34844970703125 -0.04010009765625 -0.122810363769531
-0.42755126953125 0.36090087890625 -0.00508880615234377 -0.0964279174804687
-0.264984130859375 0.5555419921875 -0.0037975311279297 -0.0206489562988281
0.00527954101562501 0.500823974609375 -0.0306949615478516 -0.00153350830078122
0.19793701171875 0.42535400390625 -0.0407028198242187 0.0768814086914063
0.33740234375 0.220306396484375 0.0285911560058594 0.0573158264160156
0.3878173828125 0.057525634765625 0.0597152709960938 0.0197067260742188
0.409576416015625 0.05816650390625 0.03668212890625 0.011260986328125
0.41436767578125 -0.016448974609375 0.0522003173828125 -0.0076751708984375
0.3707275390625 0.089599609375 0.0187416076660156 0.00177383422851563
0.357086181640625 0.234649658203125 -0.0345745086669922 0.0164947509765625
0.27191162109375 0.381011962890625 -0.03302001953125 -0.0753860473632812
-0.0538330078125001 0.55230712890625 0.00988769531250001 -0.152145385742187
-0.2259521484375 0.494354248046875 0.118560791015625 -0.181015014648437
-0.44091796875 0.432769775390625 0.225067138671875 -0.143692016601562
-0.4771728515625 0.36578369140625 -0.207138061523438 -0.00735473632812501
-0.3978271484375 0.37994384765625 -0.0975723266601563 0.00189208984375003
-0.243927001953125 0.547149658203125 -0.0327644348144531 -0.00235748291015622
0.00616455078125003 0.49188232421875 -0.0629920959472656 -0.0278701782226562
0.185760498046875 0.430755615234375 -0.101570129394531 0.0102996826171875
0.3350830078125 0.2396240234375 -0.0960693359375 -0.00326538085937499
0.3839111328125 0.07513427734375 -0.0999603271484375 0.0216827392578125
0.40252685546875 0.07000732421875 -0.107330322265625 0.0345077514648438
0.4129638671875 0.000213623046875 -0.0896682739257812 0.0230789184570313
0.359832763671875 0.099090576171875 -0.106391906738281 0.00428771972656251
0.343231201171875 0.236480712890625 -0.108512878417969 0.015167236328125
0.25750732421875 0.364471435546875 -0.0797500610351562 -0.0568389892578125
-0.0489807128906249 0.529052734375 -0.0236968994140625 -0.102340698242187
-0.208038330078125 0.478759765625 0.0698280334472656 -0.0604019165039062
-0.41778564453125 0.439727783203125 0.0769500732421875 -0.00552368164062497
-0.360107421875 0.329315185546875 -0.357818603515625 0.114990234375
-0.287261962890625 0.33453369140625 -0.1865234375 0.105056762695312
-0.1649169921875 0.434906005859375 -0.0697746276855469 0.0230827331542969
0.017059326171875 0.38116455078125 -0.09588623046875 -0.0369720458984375
0.14703369140625 0.346466064453125 -0.1490478515625 -0.045806884765625
0.27764892578125 0.205291748046875 -0.207550048828125 -0.0540924072265625
0.31597900390625 0.0740966796875 -0.243179321289062 0.0265350341796875
0.331573486328125 0.073455810546875 -0.2337646484375 0.0540008544921876
0.347442626953125 0.025146484375 -0.215179443359375 0.04754638671875
0.28704833984375 0.109527587890625 -0.212554931640625 0.000320434570312526
0.256027221679688 0.219192504882813 -0.163009643554687 0.000137329101562548
0.173095703125 0.303619384765625 -0.108802795410156 -0.0428237915039063
-0.068756103515625 0.410400390625 -0.0414543151855469 -0.052337646484375
-0.176361083984375 0.371368408203125 0.026214599609375 0.0573158264160156
-0.338592529296875 0.366943359375 -0.0586318969726563 0.129318237304688
-0.19024658203125 0.238067626953125 -0.463714599609375 0.2265625
-0.134567260742188 0.229644775390625 -0.2513427734375 0.199432373046875
-0.0668182373046875 0.24652099609375 -0.100257873535156 0.0578536987304688
0.0209197998046875 0.208450317382812 -0.114471435546875 -0.0213470458984375
0.0848236083984375 0.204010009765625 -0.170913696289063 -0.076873779296875
0.175201416015625 0.135696411132813 -0.2821044921875 -0.0792236328124999
0.1990966796875 0.0608978271484375 -0.34619140625 0.0357055664062501
0.210968017578125 0.0654144287109375 -0.32415771484375 0.064910888671875
0.230087280273437 0.0496063232421875 -0.30859375 0.05450439453125
0.171707153320313 0.1077880859375 -0.280502319335938 -0.0247650146484375
0.12664794921875 0.172821044921875 -0.187347412109375 -0.03607177734375
0.0566864013671875 0.197998046875 -0.115440368652344 -0.0416717529296875
-0.08099365234375 0.229263305664063 -0.0452690124511719 -0.0145416259765625
-0.118392944335938 0.207473754882812 -0.0174102783203125 0.145965576171875
-0.2091064453125 0.238082885742187 -0.168533325195313 0.230911254882812
-0.00199127197265625 0.100204467773438 -0.507049560546875 0.314056396484375
0.0161895751953125 0.0844192504882813 -0.277679443359375 0.277587890625
0.0131587982177734 0.0337924957275391 -0.112335205078125 0.100051879882813
0.00530433654785157 0.0262069702148438 -0.110954284667969 0.01123046875
0.003814697265625 0.051422119140625 -0.165283203125 -0.083648681640625
0.0471916198730469 0.0564079284667969 -0.310760498046875 -0.0796203613281249
0.0521316528320313 0.0439720153808594 -0.392608642578125 0.0481262207031249
0.0591239929199219 0.0479049682617188 -0.365386962890625 0.0670471191406249
0.0813446044921875 0.0595245361328125 -0.356536865234375 0.042755126953125
0.040985107421875 0.0785140991210938 -0.30511474609375 -0.0619201660156251
-9.15527343749973E-05 0.089447021484375 -0.178070068359375 -0.08404541015625
-0.0378074645996094 0.0592765808105469 -0.100944519042969 -0.0509262084960938
-0.0511016845703125 0.0281791687011719 -0.0417709350585938 0.00987243652343751
-0.0226573944091797 0.0341148376464844 -0.056915283203125 0.192947387695313
-0.04107666015625 0.0871200561523438 -0.238983154296875 0.2838134765625
-0.185256958007813 0.0631103515625 0.245880126953125 -0.345672607421875
-0.125335693359375 0.109642028808594 0.0912933349609375 -0.261611938476563
-0.0264129638671875 0.174957275390625 0.0167942047119141 -0.0249004364013672
0.068756103515625 0.118049621582031 0.0490798950195313 0.0612335205078125
0.107368469238281 0.0384979248046875 0.128402709960938 0.150863647460938
0.0736541748046875 -0.0243988037109375 0.292205810546875 0.11944580078125
0.0841140747070312 -0.0403594970703125 0.385894775390625 -0.031768798828125
0.09930419921875 -0.0219039916992188 0.3717041015625 -0.062591552734375
0.084869384765625 -0.0348434448242188 0.38311767578125 -0.056243896484375
0.096466064453125 0.009368896484375 0.325164794921875 0.04132080078125
0.0994873046875 0.0602874755859375 0.169143676757813 0.0518646240234375
0.0717544555664063 0.135810852050781 0.113838195800781 -0.0536727905273437
-0.061676025390625 0.157913208007813 0.145904541015625 -0.166824340820313
-0.111480712890625 0.110382080078125 0.26171875 -0.312530517578125
-0.146240234375 0.050079345703125 0.5623779296875 -0.34619140625
-0.34765625 0.20355224609375 0.207122802734375 -0.310699462890625
-0.264907836914063 0.228912353515625 0.0958404541015625 -0.241958618164062
-0.12200927734375 0.3555908203125 0.0183010101318359 -0.0345973968505859
0.060333251953125 0.285369873046875 0.0218849182128906 0.0490188598632813
0.169906616210938 0.194046020507813 0.0794219970703125 0.160858154296875
0.1988525390625 0.061920166015625 0.2398681640625 0.130035400390625
0.230804443359375 -0.01605224609375 0.328125 -0.009674072265625
0.253890991210938 0.0010833740234375 0.303009033203125 -0.044036865234375
0.242523193359375 -0.03228759765625 0.31365966796875 -0.055572509765625
0.227142333984375 0.053192138671875 0.258346557617188 0.017333984375
0.212905883789063 0.15252685546875 0.118370056152344 0.0345001220703125
0.152328491210938 0.264114379882813 0.0727996826171875 -0.079620361328125
-0.081329345703125 0.35137939453125 0.106338500976562 -0.195419311523437
-0.18865966796875 0.288970947265625 0.22698974609375 -0.32757568359375
-0.30242919921875 0.2274169921875 0.493072509765625 -0.339599609375
-0.47265625 0.312713623046875 0.10699462890625 -0.23626708984375
-0.382232666015625 0.3265380859375 0.0626220703125 -0.187042236328125
-0.2135009765625 0.502288818359375 0.0159988403320312 -0.036224365234375
0.03631591796875 0.4324951171875 -0.00157737731933594 0.0262584686279297
0.20672607421875 0.341552734375 0.0248260498046875 0.135932922363281
0.298858642578125 0.15399169921875 0.151138305664063 0.108749389648438
0.3453369140625 0.017913818359375 0.215591430664063 0.0064544677734375
0.372314453125 0.024444580078125 0.186111450195313 -0.0188140869140625
0.366302490234375 -0.034637451171875 0.19952392578125 -0.040283203125
0.333465576171875 0.07342529296875 0.1529541015625 0.0026702880859375
0.31988525390625 0.208465576171875 0.0486259460449219 0.0230865478515625
0.24224853515625 0.35235595703125 0.0206069946289063 -0.0890731811523437
-0.06317138671875 0.506011962890625 0.0557708740234375 -0.19183349609375
-0.22088623046875 0.44207763671875 0.173126220703125 -0.286834716796875
-0.406951904296875 0.3787841796875 0.37481689453125 -0.274078369140625
-0.52667236328125 0.3829345703125 -0.0427703857421875 -0.129287719726562
-0.4385986328125 0.395050048828125 -0.00682067871093752 -0.101295471191406
-0.2568359375 0.591552734375 0.00107574462890624 -0.0258312225341797
0.0241088867187499 0.5225830078125 -0.0284233093261719 -0.00315093994140622
0.222442626953125 0.4373779296875 -0.0379867553710937 0.0815963745117188
0.356903076171875 0.221588134765625 0.0313491821289063 0.05963134765625
0.407257080078125 0.04888916015625 0.0636825561523438 0.017578125
0.433319091796875 0.04473876953125 0.0407943725585938 0.0105552673339844
0.433441162109375 -0.030426025390625 0.0576858520507813 -0.00995635986328125
0.39056396484375 0.083099365234375 0.0225582122802735 0.00200080871582032
0.381927490234375 0.233917236328125 -0.0312633514404297 0.020233154296875
0.29736328125 0.3897705078125 -0.03509521484375 -0.0784225463867187
-0.0357666015624999 0.58416748046875 0.0087432861328125 -0.156097412109375
-0.22308349609375 0.52392578125 0.119400024414062 -0.190658569335937
-0.446807861328125 0.47418212890625 0.231735229492187 -0.153518676757812
-0.489959716796875 0.400360107421875 -0.2138671875 -0.00181579589843746
-0.408111572265625 0.4127197265625 -0.100059509277344 0.00633239746093753
-0.237060546875 0.5833740234375 -0.0291080474853516 -0.00503540039062496
0.02276611328125 0.515106201171875 -0.0624923706054688 -0.0287132263183594
0.2100830078125 0.44476318359375 -0.102622985839844 0.013885498046875
0.3582763671875 0.24127197265625 -0.102127075195312 -0.000160217285156244
0.405609130859375 0.067352294921875 -0.10345458984375 0.0262527465820313
0.427154541015625 0.058563232421875 -0.109146118164062 0.04022216796875
0.43359375 -0.01470947265625 -0.0895004272460937 0.0279083251953125
0.37969970703125 0.093597412109375 -0.109107971191406 0.0100784301757812
0.367279052734375 0.237640380859375 -0.109474182128906 0.0201873779296875
0.2822265625 0.37371826171875 -0.0828399658203125 -0.0572357177734375
-0.032257080078125 0.559844970703125 -0.024871826171875 -0.102531433105469
-0.205291748046875 0.508758544921875 0.0733795166015625 -0.0634384155273437
-0.42401123046875 0.479461669921875 0.0821533203125 -0.00289154052734372
-0.369354248046875 0.35748291015625 -0.36773681640625 0.13165283203125
-0.29443359375 0.36187744140625 -0.190536499023438 0.1175537109375
-0.16033935546875 0.463409423828125 -0.0681190490722657 0.024383544921875
0.030120849609375 0.400146484375 -0.0968246459960938 -0.0368881225585937
0.168548583984375 0.358306884765625 -0.154052734375 -0.0447845458984375
0.298431396484375 0.207000732421875 -0.221466064453125 -0.0496826171875
0.3353271484375 0.068756103515625 -0.254318237304688 0.0369110107421875
0.35394287109375 0.0640869140625 -0.2413330078125 0.065765380859375
0.366546630859375 0.013153076171875 -0.220321655273438 0.0582733154296875
0.304595947265625 0.10736083984375 -0.221145629882812 0.00839233398437497
0.275527954101563 0.221694946289062 -0.167465209960937 0.00491333007812499
0.190887451171875 0.312591552734375 -0.112236022949219 -0.0410079956054687
-0.0565185546875 0.436767578125 -0.041778564453125 -0.049835205078125
-0.175262451171875 0.39495849609375 0.0310516357421875 0.0612297058105469
-0.34442138671875 0.401641845703125 -0.05572509765625 0.142074584960938
-0.196319580078125 0.255630493164063 -0.474700927734375 0.252685546875
-0.137130737304688 0.24627685546875 -0.255447387695312 0.218048095703125
-0.0653533935546875 0.263168334960938 -0.1014404296875 0.0628433227539063
0.027587890625 0.219161987304688 -0.116851806640625 -0.0201797485351562
0.0969696044921875 0.213241577148438 -0.17919921875 -0.07763671875
0.189346313476563 0.137771606445313 -0.30120849609375 -0.074676513671875
0.212417602539063 0.0588226318359375 -0.3612060546875 0.0520019531250001
0.226608276367188 0.060150146484375 -0.33563232421875 0.0808715820312501
0.244781494140625 0.0428466796875 -0.318206787109375 0.0685729980468751
0.184432983398438 0.109207153320313 -0.294769287109375 -0.01416015625
0.1390380859375 0.177459716796875 -0.194992065429688 -0.032867431640625
0.0666656494140625 0.2066650390625 -0.119125366210937 -0.0395660400390625
-0.0763397216796875 0.246688842773438 -0.045379638671875 -0.0108833312988281
-0.12042236328125 0.22271728515625 -0.0116729736328125 0.154815673828125
-0.214279174804688 0.25970458984375 -0.16851806640625 0.251617431640625
-0.00266265869140625 0.105056762695313 -0.518341064453125 0.345001220703125
0.0171127319335937 0.088165283203125 -0.2813720703125 0.300384521484375
0.0110321044921875 0.0367813110351563 -0.11395263671875 0.108016967773437
0.00489234924316406 0.0281238555908203 -0.113059997558594 0.0139541625976563
0.0073394775390625 0.0558891296386719 -0.174697875976563 -0.085174560546875
0.053680419921875 0.0577888488769531 -0.33172607421875 -0.0741577148437499
0.0580368041992188 0.0448493957519531 -0.40924072265625 0.06683349609375
0.0659523010253906 0.0480842590332031 -0.37908935546875 0.0831604003906249
0.0904617309570313 0.0584030151367188 -0.37017822265625 0.0579833984375001
0.0474166870117188 0.08172607421875 -0.32220458984375 -0.0531311035156249
0.00370025634765624 0.0951156616210938 -0.188385009765625 -0.0832366943359375
-0.0367851257324219 0.0651397705078125 -0.104988098144531 -0.048675537109375
-0.0522575378417969 0.034088134765625 -0.042144775390625 0.0138397216796875
-0.0250396728515625 0.0392189025878906 -0.052734375 0.205718994140625
-0.0437698364257813 0.094818115234375 -0.240692138671875 0.309600830078125
-0.18658447265625 0.076141357421875 0.2388916015625 -0.382232666015625
-0.123115539550781 0.120033264160156 0.080535888671875 -0.2833251953125
-0.0158233642578125 0.182098388671875 0.0181999206542969 -0.0311336517333984
0.0775909423828125 0.118057250976563 0.0535240173339844 0.0594596862792969
0.11083984375 0.0319671630859375 0.142349243164063 0.152862548828125
0.0727767944335938 -0.0279693603515625 0.316162109375 0.109405517578125
0.0850448608398438 -0.0458908081054688 0.403594970703125 -0.059112548828125
0.101753234863281 -0.0293197631835938 0.38677978515625 -0.0892333984375
0.0855636596679688 -0.0397796630859375 0.40020751953125 -0.085418701171875
0.10089111328125 0.00362396240234375 0.346832275390625 0.02264404296875
0.107940673828125 0.0570144653320313 0.183364868164063 0.048248291015625
0.0847320556640625 0.137313842773438 0.114364624023438 -0.0629196166992187
-0.0544891357421875 0.170196533203125 0.141265869140625 -0.1832275390625
-0.109390258789063 0.121803283691406 0.25537109375 -0.34307861328125
-0.147308349609375 0.063140869140625 0.5665283203125 -0.39617919921875
-0.35150146484375 0.233734130859375 0.202056884765625 -0.341827392578125
-0.264175415039063 0.254486083984375 0.0865631103515625 -0.262161254882813
-0.105743408203125 0.37713623046875 0.0199737548828125 -0.0430030822753906
0.07818603515625 0.293975830078125 0.0262298583984375 0.0476417541503907
0.186859130859375 0.1925048828125 0.0932159423828125 0.164382934570313
0.208709716796875 0.0557098388671875 0.261550903320313 0.1239013671875
0.240341186523437 -0.0290985107421875 0.343505859375 -0.031768798828125
0.26708984375 -0.015045166015625 0.315887451171875 -0.06646728515625
0.251876831054688 -0.0475616455078125 0.328369140625 -0.079559326171875
0.241165161132813 0.0435028076171875 0.275955200195313 0.00274658203125
0.233505249023438 0.147018432617188 0.129432678222656 0.0324630737304688
0.177490234375 0.268875122070313 0.0712661743164063 -0.088531494140625
-0.0628662109375 0.375823974609375 0.100677490234375 -0.2100830078125
-0.181182861328125 0.3140869140625 0.218902587890625 -0.355712890625
-0.302032470703125 0.259490966796875 0.49749755859375 -0.38311767578125
-0.477203369140625 0.3570556640625 0.100540161132812 -0.257598876953125
-0.38385009765625 0.3643798828125 0.055908203125 -0.201828002929688
-0.19183349609375 0.5389404296875 0.0186538696289062 -0.0447578430175781
0.062347412109375 0.45025634765625 0.00158691406250001 0.0246200561523438
0.23541259765625 0.3438720703125 0.0355682373046875 0.141006469726563
0.3194580078125 0.145965576171875 0.166351318359375 0.106201171875
0.3638916015625 -0.000274658203125 0.226211547851563 -0.0070343017578125
0.393096923828125 0.001190185546875 0.195663452148438 -0.032623291015625
0.382293701171875 -0.05755615234375 0.21051025390625 -0.056396484375
0.354583740234375 0.0584716796875 0.163665771484375 -0.00665283203125
0.34869384765625 0.199737548828125 0.0568084716796875 0.0228233337402344
0.27642822265625 0.3564453125 0.0174407958984375 -0.0951919555664062
-0.03350830078125 0.539642333984375 0.0497894287109375 -0.20208740234375
-0.209136962890625 0.47589111328125 0.165802001953125 -0.30926513671875
-0.402862548828125 0.42755126953125 0.378814697265625 -0.306732177734375
-0.532135009765625 0.4351806640625 -0.0496826171875 -0.135719299316406
-0.4385986328125 0.441375732421875 -0.012237548828125 -0.105941772460937
-0.2337646484375 0.63616943359375 0.00427246093749998 -0.0324535369873046
0.0538330078125 0.546417236328125 -0.0264358520507812 -0.00484848022460935
0.25958251953125 0.445709228515625 -0.0319595336914062 0.0871734619140625
0.386016845703125 0.21429443359375 0.0373802185058594 0.0620841979980469
0.43145751953125 0.0289306640625 0.0675926208496094 0.014373779296875
0.460113525390625 0.017852783203125 0.0457649230957031 0.00788497924804688
0.45263671875 -0.058807373046875 0.0631790161132813 -0.0151329040527344
0.41461181640625 0.0654296875 0.0265064239501953 0.00107002258300782
0.414581298828125 0.22259521484375 -0.0271205902099609 0.0240135192871094
0.338287353515625 0.391082763671875 -0.0399932861328125 -0.0817337036132812
6.10351562500215E-05 0.62103271484375 0.00396728515624999 -0.162322998046875
-0.20361328125 0.56304931640625 0.1160888671875 -0.205093383789062
-0.44146728515625 0.527587890625 0.235061645507812 -0.169952392578125
-0.4951171875 0.45074462890625 -0.220474243164063 0.00956726074218753
-0.405609130859375 0.45941162109375 -0.102897644042969 0.0134658813476563
-0.213134765625 0.62762451171875 -0.0266246795654297 -0.00752449035644528
0.053436279296875 0.53790283203125 -0.0630302429199219 -0.0293655395507812
0.250396728515625 0.455078125 -0.103660583496094 0.0185012817382813
0.390625 0.235565185546875 -0.108100891113281 0.007110595703125
0.43084716796875 0.04888916015625 -0.106422424316406 0.0346832275390625
0.4547119140625 0.031829833984375 -0.1097412109375 0.048675537109375
0.4544677734375 -0.04315185546875 -0.0883026123046875 0.034088134765625
0.40447998046875 0.078094482421875 -0.112022399902344 0.0179824829101562
0.3988037109375 0.2279052734375 -0.109710693359375 0.0277938842773438
0.31842041015625 0.375946044921875 -0.0877914428710937 -0.0564727783203125
0.00115966796875 0.5946044921875 -0.0274810791015625 -0.104011535644531
-0.188201904296875 0.545440673828125 0.0752944946289062 -0.068450927734375
-0.418243408203125 0.533538818359375 0.0882110595703125 -0.00338745117187497
-0.3731689453125 0.398956298828125 -0.374908447265625 0.159576416015625
-0.290863037109375 0.398834228515625 -0.191192626953125 0.13629150390625
-0.140838623046875 0.4998779296875 -0.0671958923339844 0.0271530151367188
0.053955078125 0.41827392578125 -0.0994110107421875 -0.035247802734375
0.19989013671875 0.367645263671875 -0.1614990234375 -0.0409088134765625
0.325897216796875 0.20196533203125 -0.236862182617187 -0.038055419921875
0.35760498046875 0.0543212890625 -0.26318359375 0.055511474609375
0.37872314453125 0.044097900390625 -0.246780395507812 0.0835266113281249
0.38714599609375 -0.010284423828125 -0.223648071289062 0.074188232421875
0.327117919921875 0.096893310546875 -0.229354858398437 0.0239105224609375
0.30255126953125 0.2169189453125 -0.172607421875 0.0144195556640625
0.219146728515625 0.31671142578125 -0.118171691894531 -0.0372085571289063
-0.031219482421875 0.465728759765625 -0.0424690246582031 -0.0473747253417968
-0.163970947265625 0.426055908203125 0.0387840270996094 0.0642013549804688
-0.3402099609375 0.446624755859375 -0.0478668212890625 0.157546997070313
-0.19598388671875 0.281707763671875 -0.480133056640625 0.2921142578125
-0.134048461914062 0.2684326171875 -0.25299072265625 0.246902465820312
-0.054931640625 0.284271240234375 -0.100494384765625 0.071197509765625
0.0400390625 0.2298583984375 -0.120079040527344 -0.0158615112304688
0.116729736328125 0.219284057617188 -0.19091796875 -0.074615478515625
0.20916748046875 0.135177612304688 -0.323028564453125 -0.0609741210937501
0.229202270507813 0.05035400390625 -0.37530517578125 0.07745361328125
0.245147705078125 0.0482330322265625 -0.34564208984375 0.105712890625
0.261932373046875 0.0282745361328125 -0.326751708984375 0.0913085937499999
0.201644897460938 0.105789184570313 -0.3087158203125 0.00448608398437501
0.157257080078125 0.179580688476563 -0.204452514648438 -0.0246124267578125
0.0821685791015625 0.213592529296875 -0.124786376953125 -0.0341949462890625
-0.064178466796875 0.267074584960938 -0.0456390380859375 -0.00648117065429686
-0.115570068359375 0.242874145507812 -0.00115966796875002 0.164443969726563
-0.212127685546875 0.28961181640625 -0.160247802734375 0.2779541015625
-0.000724792480468747 0.110862731933594 -0.520416259765625 0.390838623046875
0.0202865600585938 0.0920257568359375 -0.27630615234375 0.333343505859375
0.0108184814453125 0.0405387878417969 -0.112991333007812 0.120704650878906
0.00544357299804688 0.0305252075195313 -0.114654541015625 0.019805908203125
0.0121650695800781 0.0596237182617188 -0.187606811523438 -0.0828399658203125
0.0617713928222656 0.0588455200195313 -0.35638427734375 -0.0589904785156249
0.0660820007324219 0.0444564819335938 -0.424957275390625 0.0970764160156249
0.0750198364257812 0.0463027954101563 -0.390716552734375 0.112152099609375
0.101242065429687 0.0541458129882812 -0.383087158203125 0.0837707519531251
0.0567169189453125 0.0831375122070313 -0.34130859375 -0.035186767578125
0.0111312866210937 0.100494384765625 -0.202713012695312 -0.0785675048828125
-0.0338897705078125 0.0716552734375 -0.110260009765625 -0.044158935546875
-0.0520973205566406 0.0421867370605469 -0.0414047241210938 0.0187110900878906
-0.0254707336425781 0.0452194213867188 -0.042083740234375 0.220352172851562
-0.0437774658203125 0.104469299316406 -0.23394775390625 0.342254638671875
-0.183074951171875 0.0931854248046875 0.21710205078125 -0.416748046875
-0.115852355957031 0.131141662597656 0.0601806640625 -0.301300048828125
-0.000518798828125016 0.185104370117188 0.0165863037109375 -0.0381698608398437
0.087799072265625 0.113426208496094 0.0577316284179688 0.0555229187011719
0.113258361816406 0.0237045288085938 0.1585693359375 0.149063110351562
0.0700836181640625 -0.0324211120605469 0.338623046875 0.087890625
0.0833587646484375 -0.0533828735351563 0.410247802734375 -0.0950927734375
0.101837158203125 -0.0388107299804688 0.391082763671875 -0.1256103515625
0.0838394165039063 -0.0468521118164063 0.40570068359375 -0.122589111328125
0.103080749511719 -0.00400543212890625 0.36260986328125 -0.00634765625
0.116279602050781 0.0496063232421875 0.196533203125 0.0378265380859375
0.0999298095703125 0.133201599121094 0.110916137695313 -0.0731124877929687
-0.0411224365234375 0.18048095703125 0.1290283203125 -0.199447631835938
-0.102348327636719 0.133537292480469 0.234527587890625 -0.373321533203125
-0.143417358398437 0.0775146484375 0.550079345703125 -0.452301025390625
-0.342193603515625 0.269195556640625 0.182769775390625 -0.37255859375
-0.25128173828125 0.282806396484375 0.068084716796875 -0.2794189453125
-0.076171875 0.39508056640625 0.0189247131347656 -0.0515823364257812
0.102813720703125 0.294403076171875 0.0294837951660156 0.0441398620605469
0.205093383789063 0.181304931640625 0.110794067382813 0.163330078125
0.216629028320313 0.043548583984375 0.282562255859375 0.10784912109375
0.245513916015625 -0.0475921630859375 0.3507080078125 -0.061553955078125
0.273910522460938 -0.038360595703125 0.32000732421875 -0.09637451171875
0.255233764648438 -0.06842041015625 0.333740234375 -0.1123046875
0.251052856445313 0.0253448486328125 0.288330078125 -0.021148681640625
0.25311279296875 0.133148193359375 0.141281127929688 0.02557373046875
0.205825805664063 0.261581420898438 0.0652542114257813 -0.0972137451171875
-0.031890869140625 0.394989013671875 0.0880126953125 -0.223922729492187
-0.1632080078125 0.337646484375 0.19696044921875 -0.383392333984375
-0.288299560546875 0.295135498046875 0.480499267578125 -0.433807373046875
-0.464202880859375 0.408966064453125 0.0850830078125 -0.276290893554688
-0.36468505859375 0.408599853515625 0.04229736328125 -0.214035034179687
-0.152099609375 0.56976318359375 0.0181198120117187 -0.053466796875
0.09918212890625 0.456512451171875 0.00479507446289063 0.0215911865234375
0.268951416015625 0.334686279296875 0.0494384765625 0.142684936523438
0.33819580078125 0.128265380859375 0.182571411132813 0.097259521484375
0.37481689453125 -0.027496337890625 0.232376098632813 -0.0265350341796875
0.406646728515625 -0.033294677734375 0.200164794921875 -0.0506591796875
0.38934326171875 -0.08990478515625 0.214462280273438 -0.078521728515625
0.3697509765625 0.033660888671875 0.1719970703125 -0.0206451416015625
0.3759765625 0.178466796875 0.0652351379394532 0.0205535888671875
0.31573486328125 0.345977783203125 0.00956726074218752 -0.101226806640625
0.012603759765625 0.562042236328125 0.0385894775390625 -0.212173461914063
-0.177886962890625 0.507171630859375 0.14715576171875 -0.330596923828125
-0.378021240234375 0.477264404296875 0.36627197265625 -0.343017578125
-0.513427734375 0.49359130859375 -0.0587387084960938 -0.138053894042969
-0.416015625 0.4906005859375 -0.0188446044921875 -0.109123229980469
-0.18743896484375 0.6766357421875 0.00469207763671874 -0.0383758544921875
0.0985412597656251 0.55755615234375 -0.0250663757324219 -0.00655555725097653
0.303558349609375 0.436065673828125 -0.0232925415039062 0.091064453125
0.41436767578125 0.19342041015625 0.0448188781738282 0.06170654296875
0.4486083984375 -0.003082275390625 0.0708465576171875 0.0094146728515625
0.477569580078125 -0.021881103515625 0.0498123168945313 0.00347137451171875
0.46258544921875 -0.098297119140625 0.0673446655273438 -0.0236091613769531
0.433013916015625 0.036102294921875 0.0306510925292969 -0.000885009765624998
0.445709228515625 0.1976318359375 -0.0220947265625 0.0275421142578125
0.3797607421875 0.376953125 -0.0468673706054687 -0.0828628540039062
0.054443359375 0.64453125 -0.00479125976562501 -0.166915893554688
-0.1658935546875 0.5980224609375 0.105133056640625 -0.220123291015625
-0.41009521484375 0.58489990234375 0.23150634765625 -0.190826416015625
-0.475006103515625 0.50811767578125 -0.223175048828125 0.0261993408203125
-0.384063720703125 0.50836181640625 -0.102767944335938 0.0227737426757813
-0.1683349609375 0.66796875 -0.024648666381836 -0.00934028625488277
0.0981445312499999 0.55126953125 -0.0628814697265625 -0.0284194946289062
0.2950439453125 0.449005126953125 -0.1026611328125 0.0248565673828125
0.42083740234375 0.214508056640625 -0.110458374023437 0.016815185546875
0.450164794921875 0.017547607421875 -0.106468200683594 0.0452880859375
0.474029541015625 -0.006805419921875 -0.106338500976562 0.0589141845703125
0.465576171875 -0.082977294921875 -0.0845870971679687 0.0403060913085937
0.42413330078125 0.049835205078125 -0.111503601074219 0.028564453125
0.429779052734375 0.20318603515625 -0.10699462890625 0.0369491577148438
0.358551025390625 0.363128662109375 -0.0932998657226562 -0.0529708862304687
0.054443359375 0.61517333984375 -0.0312347412109375 -0.103721618652344
-0.1539306640625 0.57794189453125 0.0746841430664062 -0.0755538940429687
-0.38763427734375 0.5885009765625 0.09344482421875 -0.00691223144531246
-0.3564453125 0.4447021484375 -0.36871337890625 0.19354248046875
-0.273040771484375 0.4378662109375 -0.18341064453125 0.158172607421875
-0.105682373046875 0.531219482421875 -0.0639686584472656 0.0316734313964844
0.08819580078125 0.428009033203125 -0.100776672363281 -0.0307998657226562
0.23876953125 0.363525390625 -0.168075561523437 -0.0321807861328125
0.3543701171875 0.185455322265625 -0.24871826171875 -0.01971435546875
0.376312255859375 0.02935791015625 -0.265731811523437 0.0804290771484375
0.396575927734375 0.0115966796875 -0.244888305664062 0.10650634765625
0.399078369140625 -0.04376220703125 -0.221359252929687 0.09344482421875
0.34674072265625 0.07525634765625 -0.232452392578125 0.0446319580078125
0.329071044921875 0.200714111328125 -0.174102783203125 0.0272369384765625
0.2509765625 0.310150146484375 -0.122215270996094 -0.030548095703125
0.00848388671875001 0.486663818359375 -0.0427284240722656 -0.0442962646484375
-0.137969970703125 0.452911376953125 0.0480384826660156 0.0638961791992188
-0.315216064453125 0.492340087890625 -0.0341033935546875 0.169281005859375
-0.18426513671875 0.30828857421875 -0.467498779296875 0.33941650390625
-0.119842529296875 0.290313720703125 -0.238632202148437 0.277389526367187
-0.035064697265625 0.301666259765625 -0.0960006713867188 0.081146240234375
0.0587005615234375 0.235336303710937 -0.121185302734375 -0.00918579101562501
0.140457153320313 0.219009399414063 -0.20196533203125 -0.0658416748046875
0.228759765625 0.124893188476563 -0.34112548828125 -0.036590576171875
0.243316650390625 0.03497314453125 -0.378509521484375 0.112457275390625
0.259414672851562 0.028717041015625 -0.34417724609375 0.136505126953125
0.274505615234375 0.005401611328125 -0.3255615234375 0.1207275390625
0.218536376953125 0.09356689453125 -0.31658935546875 0.0321655273437501
0.177108764648438 0.173873901367188 -0.211944580078125 -0.0103759765625
0.102203369140625 0.21490478515625 -0.128387451171875 -0.0262222290039062
-0.042236328125 0.282623291015625 -0.0438880920410156 -0.00161361694335935
-0.10211181640625 0.26116943359375 0.01446533203125 0.170883178710938
-0.197662353515625 0.319366455078125 -0.140777587890625 0.3028564453125
0.00406646728515626 0.115287780761719 -0.503936767578125 0.4437255859375
0.0257797241210938 0.094085693359375 -0.2557373046875 0.3677978515625
0.0123291015625 0.0448989868164063 -0.105659484863281 0.133888244628906
0.00693702697753906 0.0324554443359375 -0.114234924316406 0.0277099609375
0.0193672180175781 0.0618629455566406 -0.20098876953125 -0.0741119384765625
0.0703125 0.0559463500976563 -0.375885009765625 -0.032073974609375
0.0739822387695313 0.0410919189453125 -0.42926025390625 0.13641357421875
0.083740234375 0.0410842895507812 -0.3917236328125 0.1483154296875
0.110382080078125 0.045318603515625 -0.385498046875 0.11834716796875
0.0678176879882812 0.0820159912109375 -0.3543701171875 -0.00567626953125007
0.0205764770507813 0.103370666503906 -0.21484375 -0.0656280517578125
-0.0282135009765625 0.0779342651367188 -0.11480712890625 -0.0360794067382812
-0.048797607421875 0.0498046875 -0.0392990112304687 0.0237617492675781
-0.0241851806640625 0.0511856079101563 -0.0244293212890625 0.23101806640625
-0.0395584106445312 0.114273071289063 -0.213958740234375 0.37451171875
-0.173599243164063 0.106964111328125 0.18536376953125 -0.438995361328125
-0.104530334472656 0.137664794921875 0.035064697265625 -0.309478759765625
0.01385498046875 0.182693481445313 0.0126304626464844 -0.04339599609375
0.0952377319335938 0.105026245117187 0.0600166320800781 0.050567626953125
0.112281799316406 0.01409912109375 0.172012329101563 0.138824462890625
0.0655288696289063 -0.0359344482421875 0.349884033203125 0.06231689453125
0.0792770385742188 -0.0593414306640625 0.403717041015625 -0.129364013671875
0.0989227294921875 -0.047821044921875 0.380828857421875 -0.1588134765625
0.0806884765625 -0.0521621704101563 0.396453857421875 -0.15789794921875
0.10211181640625 -0.0124130249023437 0.366058349609375 -0.03759765625
0.121353149414062 0.0398483276367188 0.203826904296875 0.02520751953125
0.112213134765625 0.124237060546875 0.103889465332031 -0.0815658569335937
-0.025848388671875 0.184890747070313 0.111801147460938 -0.2093505859375
-0.091064453125 0.140960693359375 0.204376220703125 -0.391998291015625
-0.134895324707031 0.0896759033203125 0.512298583984375 -0.495025634765625
-0.3197021484375 0.297576904296875 0.1549072265625 -0.390869140625
-0.228515625 0.30157470703125 0.046417236328125 -0.287506103515625
-0.04425048828125 0.39923095703125 0.0150260925292969 -0.0576133728027343
0.1239013671875 0.2840576171875 0.0318145751953125 0.0399971008300781
0.216964721679688 0.164749145507813 0.125091552734375 0.15655517578125
0.218399047851563 0.0300445556640625 0.295379638671875 0.085723876953125
0.24261474609375 -0.066009521484375 0.346343994140625 -0.090545654296875
0.271560668945312 -0.06207275390625 0.313323974609375 -0.123565673828125
0.251327514648438 -0.0887298583984375 0.32647705078125 -0.14202880859375
0.253982543945313 0.0064544677734375 0.290283203125 -0.04632568359375
0.265182495117187 0.113632202148437 0.14794921875 0.01580810546875
0.229598999023438 0.246627807617188 0.05657958984375 -0.102508544921875
0.00225830078125002 0.3994140625 0.071746826171875 -0.231002807617187
-0.1378173828125 0.35137939453125 0.1673583984375 -0.398834228515625
-0.263092041015625 0.320098876953125 0.448089599609375 -0.471466064453125
-0.4322509765625 0.447906494140625 0.064849853515625 -0.286590576171875
-0.3348388671875 0.437469482421875 0.02642822265625 -0.219940185546875
-0.10601806640625 0.58197021484375 0.0156211853027344 -0.0599365234375
0.13275146484375 0.44805908203125 0.00654029846191407 0.0183906555175782
0.294677734375 0.31378173828125 0.0631256103515625 0.138832092285156
0.34814453125 0.105926513671875 0.193038940429688 0.0832977294921875
0.375732421875 -0.05517578125 0.2313232421875 -0.045074462890625
0.40570068359375 -0.068389892578125 0.197174072265625 -0.068634033203125
0.383941650390625 -0.122528076171875 0.209564208984375 -0.099456787109375
0.374053955078125 0.00518798828125 0.173599243164063 -0.0359954833984375
0.39239501953125 0.149749755859375 0.07196044921875 0.01629638671875
0.344757080078125 0.32208251953125 0.00097656250000001 -0.103721618652344
0.06207275390625 0.56512451171875 0.0248260498046875 -0.215652465820312
-0.140869140625 0.52197265625 0.122222900390625 -0.342193603515625
-0.339508056640625 0.512969970703125 0.34033203125 -0.37176513671875
-0.477386474609375 0.538726806640625 -0.0675201416015625 -0.136550903320313
-0.381805419921875 0.52874755859375 -0.0259323120117188 -0.108314514160156
-0.1336669921875 0.69366455078125 0.00458145141601562 -0.0434455871582031
0.140167236328125 0.54974365234375 -0.0236587524414062 -0.00846862792968747
0.338623046875 0.41259765625 -0.0144500732421875 0.0915756225585938
0.430511474609375 0.164825439453125 0.0514297485351563 0.0587997436523438
0.452545166015625 -0.03656005859375 0.0726547241210938 0.00423431396484375
0.478057861328125 -0.0635986328125 0.0519905090332031 -0.00160598754882813
0.45684814453125 -0.137786865234375 0.0676765441894532 -0.0326118469238281
0.438323974609375 0.00360107421875 0.0335216522216797 -0.00406074523925781
0.463226318359375 0.164337158203125 -0.0155487060546875 0.0288658142089844
0.410125732421875 0.348846435546875 -0.0534286499023437 -0.08154296875
0.108642578125 0.64337158203125 -0.0130462646484375 -0.167755126953125
-0.12445068359375 0.6121826171875 0.0904541015625 -0.227767944335937
-0.364013671875 0.62408447265625 0.2181396484375 -0.207000732421875
-0.437774658203125 0.55010986328125 -0.218704223632813 0.0416259765625
-0.34649658203125 0.54345703125 -0.09783935546875 0.0318527221679688
-0.11383056640625 0.68646240234375 -0.0221996307373047 -0.0106163024902343
0.140045166015625 0.544219970703125 -0.0623207092285156 -0.0275077819824218
0.331878662109375 0.4256591796875 -0.0989608764648438 0.03021240234375
0.4410400390625 0.184967041015625 -0.10931396484375 0.0256195068359375
0.456756591796875 -0.0174560546875 -0.102081298828125 0.0552825927734375
0.476318359375 -0.04840087890625 -0.099853515625 0.0665435791015625
0.460662841796875 -0.122772216796875 -0.0790939331054687 0.0440673828125
0.430816650390625 0.01812744140625 -0.106964111328125 0.0382461547851562
0.447235107421875 0.170806884765625 -0.100990295410156 0.0434799194335937
0.389312744140625 0.336273193359375 -0.0976486206054687 -0.0484161376953125
0.1070556640625 0.61505126953125 -0.0343093872070312 -0.1026611328125
-0.110107421875 0.59222412109375 0.0724411010742188 -0.0812225341796875
-0.339111328125 0.62725830078125 0.0956497192382812 -0.0112686157226562
-0.32537841796875 0.478118896484375 -0.3519287109375 0.22161865234375
-0.240081787109375 0.4639892578125 -0.167617797851563 0.174606323242188
-0.06402587890625 0.545257568359375 -0.058258056640625 0.0352325439453125
0.120849609375 0.4244384765625 -0.0998382568359375 -0.0268630981445312
0.269561767578125 0.347900390625 -0.170303344726563 -0.0229644775390625
0.37249755859375 0.16082763671875 -0.25274658203125 0.000991821289062464
0.38421630859375 0.0001220703125 -0.258834838867188 0.103469848632812
0.401031494140625 -0.022003173828125 -0.234054565429687 0.125686645507813
0.3975830078125 -0.077606201171875 -0.21063232421875 0.108718872070313
0.355377197265625 0.0501708984375 -0.227783203125 0.0644683837890625
0.34674072265625 0.176422119140625 -0.170196533203125 0.0396728515625
0.276214599609375 0.291748046875 -0.123313903808594 -0.0229568481445312
0.04986572265625 0.488494873046875 -0.0409889221191406 -0.0418319702148437
-0.10528564453125 0.466400146484375 0.0561943054199219 0.060760498046875
-0.277099609375 0.522674560546875 -0.01806640625 0.175186157226563
-0.164154052734375 0.32623291015625 -0.438934326171875 0.37554931640625
-0.099151611328125 0.302978515625 -0.214385986328125 0.298583984375
-0.012451171875 0.3104248046875 -0.087188720703125 0.0880279541015625
0.076019287109375 0.233505249023437 -0.119125366210938 -0.00269317626953123
0.160415649414063 0.2095947265625 -0.208404541015625 -0.054107666015625
0.242385864257813 0.108291625976563 -0.347503662109375 -0.00878906250000002
0.250869750976563 0.0166015625 -0.36932373046875 0.144683837890625
0.264999389648438 0.0064239501953125 -0.33074951171875 0.16497802734375
0.27655029296875 -0.018218994140625 -0.314300537109375 0.14654541015625
0.228775024414063 0.0775299072265625 -0.312957763671875 0.05816650390625
0.192138671875 0.160980224609375 -0.212081909179688 0.00463867187500003
0.119857788085938 0.208541870117188 -0.129165649414063 -0.0170745849609375
-0.018280029296875 0.289276123046875 -0.0403709411621094 0.00153350830078127
-0.083831787109375 0.271240234375 0.030487060546875 0.169876098632813
-0.17425537109375 0.340118408203125 -0.115234375 0.316497802734375
0.00978088378906249 0.116706848144531 -0.466278076171875 0.482635498046875
0.0311355590820312 0.0932769775390625 -0.22430419921875 0.390625
0.0146331787109375 0.0477027893066406 -0.093597412109375 0.143310546875
0.00835990905761718 0.0336055755615234 -0.110099792480469 0.034271240234375
0.0259208679199219 0.0621261596679688 -0.209091186523438 -0.0631713867187499
0.07757568359375 0.0511245727539063 -0.3837890625 -0.00299072265624994
0.0807266235351563 0.0358047485351563 -0.41827392578125 0.173309326171875
0.0893020629882813 0.0343170166015625 -0.378631591796875 0.180633544921875
0.115653991699219 0.0347213745117188 -0.374664306640625 0.1497802734375
0.07659912109375 0.0773696899414063 -0.35418701171875 0.0241394042968749
0.0301437377929688 0.102546691894531 -0.221649169921875 -0.0499420166015625
-0.02142333984375 0.0811691284179688 -0.115921020507813 -0.0275115966796875
-0.0439186096191406 0.0558280944824219 -0.0352935791015625 0.0273551940917969
-0.0218162536621094 0.055694580078125 -0.00407409667968748 0.234237670898438
-0.0331573486328125 0.120941162109375 -0.1837158203125 0.394256591796875
-0.163055419921875 0.114517211914062 0.15789794921875 -0.448089599609375
-0.0948867797851563 0.139007568359375 0.014862060546875 -0.310150146484375
0.023895263671875 0.175704956054687 0.00892257690429688 -0.0462837219238281
0.0980911254882813 0.0965652465820313 0.0598526000976563 0.0466384887695313
0.10858154296875 0.0076904296875 0.179489135742188 0.130172729492188
0.0606842041015625 -0.0370712280273438 0.35205078125 0.04107666015625
0.0738449096679688 -0.0626068115234375 0.390167236328125 -0.152587890625
0.0937118530273438 -0.0537109375 0.365203857421875 -0.180999755859375
0.0764999389648438 -0.055694580078125 0.3818359375 -0.182098388671875
0.0996627807617188 -0.0180282592773438 0.361602783203125 -0.06036376953125
0.122810363769531 0.0315170288085938 0.207611083984375 0.0142974853515625
0.1199951171875 0.114982604980469 0.0966110229492188 -0.0850296020507812
-0.0130462646484375 0.184371948242188 0.0964813232421875 -0.21234130859375
-0.0803680419921875 0.143585205078125 0.178375244140625 -0.398284912109375
-0.124565124511719 0.0960845947265625 0.477142333984375 -0.516754150390625
-0.29730224609375 0.313568115234375 0.130706787109375 -0.397369384765625
-0.207855224609375 0.309967041015625 0.028045654296875 -0.288299560546875
-0.02032470703125 0.39459228515625 0.0112113952636719 -0.0614242553710937
0.136749267578125 0.272018432617188 0.0325355529785156 0.036529541015625
0.22113037109375 0.149810791015625 0.13421630859375 0.148773193359375
0.216140747070313 0.0201873779296875 0.300262451171875 0.0677490234375
0.235870361328125 -0.078704833984375 0.336761474609375 -0.110748291015625
0.265228271484375 -0.0791473388671875 0.301300048828125 -0.141448974609375
0.243270874023437 -0.1025390625 0.3133544921875 -0.16326904296875
0.251312255859375 -0.0075531005859375 0.28631591796875 -0.064666748046875
0.270187377929688 0.09625244140625 0.152191162109375 0.00787353515625001
0.24224853515625 0.229873657226563 0.04852294921875 -0.104713439941406
0.028076171875 0.39666748046875 0.0576019287109375 -0.232391357421875
-0.116790771484375 0.35498046875 0.142669677734375 -0.402587890625
-0.238250732421875 0.3331298828125 0.41265869140625 -0.48773193359375
-0.398773193359375 0.47021484375 0.0490112304687499 -0.28973388671875
-0.304412841796875 0.451629638671875 0.01409912109375 -0.219741821289062
-0.06854248046875 0.5791015625 0.0132331848144531 -0.0642623901367187
0.15472412109375 0.432891845703125 0.00738143920898438 0.0143508911132813
0.307373046875 0.29168701171875 0.0716476440429688 0.1337890625
0.34954833984375 0.0880126953125 0.198440551757813 0.07073974609375
0.36968994140625 -0.076141357421875 0.226028442382813 -0.057952880859375
0.39794921875 -0.0938720703125 0.191055297851563 -0.0812225341796875
0.3717041015625 -0.144012451171875 0.201217651367188 -0.11431884765625
0.3704833984375 -0.0147705078125 0.171600341796875 -0.0467376708984375
0.397979736328125 0.125396728515625 0.0768661499023438 0.0116424560546875
0.361083984375 0.29742431640625 -0.00662994384765622 -0.103141784667969
0.097259521484375 0.5552978515625 0.0145111083984375 -0.216217041015625
-0.110748291015625 0.525543212890625 0.102447509765625 -0.344482421875
-0.30230712890625 0.5279541015625 0.316314697265625 -0.38446044921875
-0.439361572265625 0.56219482421875 -0.0726470947265625 -0.133201599121094
-0.34564208984375 0.545257568359375 -0.0299224853515625 -0.1063232421875
-0.08837890625 0.69287109375 0.00426864624023437 -0.0475425720214843
0.16796875 0.533203125 -0.0224456787109375 -0.0109882354736328
0.35906982421875 0.387298583984375 -0.00710296630859373 0.0907135009765625
0.435821533203125 0.1419677734375 0.0558013916015625 0.0547370910644531
0.448455810546875 -0.062957763671875 0.07366943359375 0.000602722167968746
0.469970703125 -0.0947265625 0.052490234375 -0.00603103637695313
0.44366455078125 -0.164031982421875 0.0653076171875 -0.0399208068847656
0.433807373046875 -0.020660400390625 0.035858154296875 -0.006378173828125
0.46942138671875 0.135498046875 -0.00951957702636715 0.0281982421875
0.427093505859375 0.32098388671875 -0.0590286254882812 -0.07879638671875
0.15130615234375 0.6304931640625 -0.0188140869140625 -0.166824340820312
-0.0890502929687499 0.61431884765625 0.078460693359375 -0.229812622070312
-0.3201904296875 0.64080810546875 0.2054443359375 -0.214706420898437
-0.40277099609375 0.57440185546875 -0.210906982421875 0.0521545410156251
-0.312347412109375 0.55889892578125 -0.0925369262695313 0.036956787109375
-0.06964111328125 0.68780517578125 -0.0195064544677734 -0.0124549865722656
0.168365478515625 0.53125 -0.060577392578125 -0.0281295776367187
0.3558349609375 0.402313232421875 -0.0958786010742187 0.033660888671875
0.44921875 0.160430908203125 -0.106277465820312 0.0324478149414063
0.454833984375 -0.04339599609375 -0.09527587890625 0.0622100830078125
0.46966552734375 -0.07891845703125 -0.0925216674804687 0.0709609985351563
0.448974609375 -0.15130615234375 -0.0742721557617187 0.0449066162109375
0.427978515625 -0.005615234375 -0.100914001464844 0.0439376831054688
0.45330810546875 0.143768310546875 -0.09405517578125 0.0475540161132813
0.403533935546875 0.3104248046875 -0.100006103515625 -0.0438308715820312
0.14666748046875 0.6025390625 -0.035400390625 -0.101509094238281
-0.0776367187500001 0.5936279296875 0.0692291259765625 -0.0845336914062499
-0.29754638671875 0.6419677734375 0.0960159301757812 -0.0149154663085937
-0.296295166015625 0.49444580078125 -0.331878662109375 0.237945556640625
-0.211883544921875 0.475250244140625 -0.152328491210937 0.182342529296875
-0.029144287109375 0.547821044921875 -0.0523338317871094 0.0359687805175782
0.142181396484375 0.41363525390625 -0.097686767578125 -0.0253524780273437
0.289581298828125 0.327880859375 -0.170074462890625 -0.0160980224609375
0.38177490234375 0.139495849609375 -0.25115966796875 0.0155029296875
0.384246826171875 -0.021881103515625 -0.247085571289062 0.119583129882813
0.3966064453125 -0.048736572265625 -0.220779418945312 0.137008666992188
0.388519287109375 -0.103179931640625 -0.200424194335937 0.117599487304687
0.35552978515625 0.030181884765625 -0.218246459960937 0.0780792236328125
0.35394287109375 0.154632568359375 -0.163482666015625 0.047454833984375
0.2896728515625 0.27374267578125 -0.123245239257812 -0.0176925659179687
0.080780029296875 0.48028564453125 -0.0389366149902344 -0.0402984619140625
-0.07965087890625 0.46893310546875 0.0618476867675781 0.0562896728515625
-0.2432861328125 0.536285400390625 -0.0050201416015625 0.175994873046875
-0.145843505859375 0.333892822265625 -0.40887451171875 0.39471435546875
-0.082122802734375 0.3082275390625 -0.1907958984375 0.307952880859375
0.00662231445312497 0.311798095703125 -0.07855224609375 0.0911407470703125
0.08746337890625 0.228424072265625 -0.115402221679687 0.000114440917968763
0.1732177734375 0.199127197265625 -0.210159301757813 -0.0452423095703125
0.249679565429688 0.0937957763671875 -0.34765625 0.0118408203125
0.253646850585938 0.0018310546875 -0.353912353515625 0.166229248046875
0.264663696289063 -0.0117340087890625 -0.315155029296875 0.182159423828125
0.272796630859375 -0.037139892578125 -0.3001708984375 0.160980224609375
0.232696533203125 0.0642242431640625 -0.303314208984375 0.077301025390625
0.200241088867188 0.149658203125 -0.2088623046875 0.0161895751953125
0.130325317382813 0.200775146484375 -0.127365112304688 -0.0115203857421875
0.00161743164062498 0.287689208984375 -0.0356330871582031 0.00246810913085939
-0.070404052734375 0.275497436523438 0.042724609375 0.166183471679688
-0.15283203125 0.34954833984375 -0.093109130859375 0.3206787109375
0.01324462890625 0.116661071777344 -0.430511474609375 0.50079345703125
0.0348281860351562 0.09222412109375 -0.1959228515625 0.3994140625
0.0174484252929688 0.0496482849121094 -0.0824737548828125 0.14703369140625
0.00969886779785156 0.0344696044921875 -0.104469299316406 0.037353515625
0.0317153930664063 0.0602340698242188 -0.212554931640625 -0.053802490234375
0.082183837890625 0.0460205078125 -0.383636474609375 0.0206298828125001
0.084747314453125 0.03094482421875 -0.4017333984375 0.19744873046875
0.0928421020507812 0.02764892578125 -0.361328125 0.199951171875
0.117378234863281 0.0253829956054687 -0.3594970703125 0.169158935546875
0.0818939208984375 0.0721664428710938 -0.347381591796875 0.045501708984375
0.0369033813476563 0.101448059082031 -0.22210693359375 -0.037261962890625
-0.0157623291015625 0.0828704833984375 -0.114532470703125 -0.0211563110351563
-0.0388870239257813 0.0595245361328125 -0.0306491851806641 0.0289249420166016
-0.0200004577636719 0.0590744018554688 0.0117950439453125 0.231155395507813
-0.027984619140625 0.12451171875 -0.15789794921875 0.401031494140625
-0.154800415039063 0.119415283203125 0.140533447265625 -0.452423095703125
-0.0885543823242188 0.139198303222656 0.001373291015625 -0.30950927734375
0.0289764404296875 0.171173095703125 0.0058135986328125 -0.0481338500976562
0.098876953125 0.0914306640625 0.0592079162597656 0.0444450378417969
0.104759216308594 0.00342559814453125 0.185409545898437 0.124221801757812
0.0567665100097656 -0.0365333557128906 0.355865478515625 0.027374267578125
0.070465087890625 -0.064453125 0.380706787109375 -0.16741943359375
0.0905075073242188 -0.0576858520507813 0.353729248046875 -0.194732666015625
0.0744705200195312 -0.0579757690429687 0.371856689453125 -0.197113037109375
0.0975265502929688 -0.0214462280273438 0.3583984375 -0.076416015625
0.123565673828125 0.0253524780273438 0.210861206054688 0.0072174072265625
0.123847961425781 0.108879089355469 0.091644287109375 -0.08599853515625
-0.00480651855468748 0.184738159179688 0.0861968994140625 -0.212890625
-0.073760986328125 0.144912719726562 0.161285400390625 -0.400848388671875
-0.117668151855469 0.0998153686523437 0.45196533203125 -0.526824951171875
-0.281524658203125 0.32305908203125 0.116119384765625 -0.403350830078125
-0.194976806640625 0.31451416015625 0.016937255859375 -0.288177490234375
-0.00503540039062497 0.389892578125 0.00906753540039063 -0.0644874572753906
0.143081665039062 0.263824462890625 0.0320701599121094 0.0337772369384766
0.222900390625 0.140945434570313 0.1407470703125 0.14471435546875
0.213943481445312 0.015655517578125 0.304443359375 0.055450439453125
0.232498168945313 -0.086700439453125 0.329803466796875 -0.12359619140625
0.259979248046875 -0.0906219482421875 0.29327392578125 -0.15362548828125
0.238571166992188 -0.110702514648438 0.3038330078125 -0.1766357421875
0.24932861328125 -0.015228271484375 0.284820556640625 -0.077239990234375
0.272537231445313 0.0849151611328125 0.15631103515625 0.00209045410156251
0.2510986328125 0.219024658203125 0.0433883666992188 -0.105079650878906
0.04583740234375 0.3935546875 0.04876708984375 -0.232818603515625
-0.103179931640625 0.35748291015625 0.126068115234375 -0.404296875
-0.221466064453125 0.340484619140625 0.39215087890625 -0.498016357421875
-0.377777099609375 0.48309326171875 0.0390625 -0.29156494140625
-0.285186767578125 0.459320068359375 0.00584411621093749 -0.219802856445312
-0.0455322265625 0.57818603515625 0.0111465454101562 -0.0676612854003906
0.166595458984375 0.42327880859375 0.00725555419921876 0.0114717483520508
0.315216064453125 0.278594970703125 0.07867431640625 0.130943298339844
0.350616455078125 0.078369140625 0.202133178710938 0.061492919921875
0.36590576171875 -0.089813232421875 0.223495483398438 -0.06695556640625
0.391448974609375 -0.11126708984375 0.186492919921875 -0.0887603759765625
0.364410400390625 -0.157989501953125 0.194778442382813 -0.124755859375
0.367950439453125 -0.027801513671875 0.170944213867188 -0.0549774169921875
0.40216064453125 0.109375 0.0810165405273438 0.00772857666015626
0.371429443359375 0.28350830078125 -0.0118865966796875 -0.102088928222656
0.120025634765625 0.548736572265625 0.00825500488281251 -0.216201782226562
-0.0921020507812501 0.52813720703125 0.090545654296875 -0.34576416015625
-0.277496337890625 0.5364990234375 0.301483154296875 -0.390289306640625
-0.41619873046875 0.5794677734375 -0.075225830078125 -0.131752014160156
-0.320709228515625 0.556854248046875 -0.0320510864257813 -0.105316162109375
-0.0568847656250001 0.6925048828125 0.00418472290039063 -0.0515174865722656
0.18450927734375 0.524505615234375 -0.0225238800048828 -0.0138874053955078
0.371826171875 0.37249755859375 -0.00261688232421872 0.0892715454101563
0.4404296875 0.126861572265625 0.0586929321289063 0.0519485473632813
0.446258544921875 -0.079254150390625 0.0751800537109375 -0.001678466796875
0.464599609375 -0.114501953125 0.0525436401367188 -0.00887298583984376
0.433807373046875 -0.1810302734375 0.0626792907714844 -0.0456924438476563
0.43096923828125 -0.035430908203125 0.0378341674804688 -0.0088958740234375
0.47271728515625 0.117095947265625 -0.00448036193847653 0.0270500183105469
0.437652587890625 0.303924560546875 -0.0634689331054687 -0.0769577026367187
0.177490234375 0.6202392578125 -0.0222930908203125 -0.167388916015625
-0.0687255859375 0.61480712890625 0.071258544921875 -0.231689453125
-0.29254150390625 0.64971923828125 0.197723388671875 -0.218902587890625
-0.3792724609375 0.58917236328125 -0.205047607421875 0.05828857421875
-0.28863525390625 0.56927490234375 -0.0876007080078125 0.03961181640625
-0.0414428710937499 0.6888427734375 -0.0170106887817383 -0.0155229568481445
0.18389892578125 0.521759033203125 -0.0603904724121094 -0.0301475524902343
0.3699951171875 0.386505126953125 -0.0936431884765625 0.0353927612304688
0.455078125 0.1451416015625 -0.104873657226562 0.0361480712890625
0.453857421875 -0.061492919921875 -0.0892791748046875 0.0657806396484375
0.46478271484375 -0.099334716796875 -0.0876541137695312 0.0729446411132813
0.43975830078125 -0.168792724609375 -0.0722885131835937 0.044189453125
0.42633056640625 -0.019744873046875 -0.0956802368164062 0.0467987060546875
0.4576416015625 0.1259765625 -0.0891036987304687 0.0491180419921875
0.412841796875 0.293701171875 -0.102149963378906 -0.041290283203125
0.16998291015625 0.59368896484375 -0.0351715087890625 -0.102256774902344
-0.05718994140625 0.5943603515625 0.0676116943359375 -0.0873489379882812
-0.26953125 0.65240478515625 0.0969390869140625 -0.0164031982421875
-0.2772216796875 0.506134033203125 -0.317291259765625 0.24609375
-0.19342041015625 0.48406982421875 -0.141403198242188 0.187286376953125
-0.00634765624999998 0.54833984375 -0.0475883483886719 0.0347671508789063
0.155242919921875 0.408447265625 -0.0962982177734375 -0.0259552001953125
0.302642822265625 0.31622314453125 -0.170440673828125 -0.01153564453125
0.387451171875 0.126129150390625 -0.251022338867188 0.0257720947265625
0.38653564453125 -0.03717041015625 -0.237945556640625 0.1292724609375
0.394805908203125 -0.06640625 -0.212814331054688 0.143035888671875
0.38250732421875 -0.119476318359375 -0.194000244140625 0.121566772460938
0.355987548828125 0.018463134765625 -0.21124267578125 0.085662841796875
0.35870361328125 0.141693115234375 -0.15948486328125 0.0510711669921875
0.29803466796875 0.262176513671875 -0.1234130859375 -0.0141754150390625
0.10150146484375 0.475616455078125 -0.0368156433105469 -0.0417671203613281
-0.06451416015625 0.4713134765625 0.0660057067871094 0.0526924133300781
-0.22076416015625 0.5457763671875 0.00315856933593749 0.176040649414063
-0.135711669921875 0.34075927734375 -0.388824462890625 0.4071044921875
-0.071380615234375 0.3114013671875 -0.174896240234375 0.313323974609375
0.02008056640625 0.3134765625 -0.07196044921875 0.0922317504882813
0.094482421875 0.226638793945312 -0.112846374511719 0.000160217285156262
0.182098388671875 0.1920166015625 -0.213333129882813 -0.0399932861328124
0.254776000976563 0.0847015380859375 -0.348785400390625 0.0262451171874999
0.256561279296875 -0.0086669921875 -0.342926025390625 0.179840087890625
0.264785766601563 -0.0225067138671875 -0.30377197265625 0.191314697265625
0.269851684570313 -0.048309326171875 -0.290130615234375 0.169036865234375
0.235870361328125 0.056732177734375 -0.29705810546875 0.0888671875
0.206100463867188 0.141571044921875 -0.206497192382812 0.022064208984375
0.136856079101563 0.195297241210938 -0.126373291015625 -0.00761413574218747
0.014007568359375 0.28704833984375 -0.0326862335205078 0.00202941894531251
-0.0611114501953125 0.279220581054688 0.0504913330078125 0.162338256835938
-0.139312744140625 0.35687255859375 -0.080047607421875 0.32269287109375
0.0148239135742188 0.116607666015625 -0.40692138671875 0.511260986328125
0.0370101928710938 0.0915145874023437 -0.177337646484375 0.40435791015625
0.0192718505859375 0.0512657165527344 -0.0750732421875 0.148345947265625
0.0102767944335937 0.0356979370117188 -0.101509094238281 0.0375289916992187
0.0351982116699219 0.0590591430664063 -0.217330932617188 -0.048248291015625
0.085784912109375 0.0418319702148438 -0.384307861328125 0.0364074707031249
0.0885162353515625 0.0270233154296875 -0.38861083984375 0.212158203125
0.0950851440429688 0.023651123046875 -0.34881591796875 0.21124267578125
0.118438720703125 0.0197830200195313 -0.34881591796875 0.180511474609375
0.086212158203125 0.0687484741210938 -0.342315673828125 0.059722900390625
0.0419464111328125 0.099853515625 -0.223159790039063 -0.029022216796875
-0.0116424560546875 0.0844955444335938 -0.113006591796875 -0.0166549682617188
-0.0352745056152344 0.0619888305664062 -0.0278511047363281 0.0288906097412109
-0.018829345703125 0.0620956420898438 0.0215606689453125 0.228958129882813
-0.0242767333984375 0.128089904785156 -0.14208984375 0.405517578125
-0.150741577148437 0.125381469726563 0.130096435546875 -0.46380615234375
-0.0860748291015625 0.140960693359375 -0.00848388671875001 -0.314422607421875
0.033111572265625 0.169692993164063 0.00373458862304688 -0.0503730773925781
0.100837707519531 0.0890731811523438 0.0597000122070313 0.04388427734375
0.10321044921875 0.0012359619140625 0.19403076171875 0.122573852539063
0.0550193786621094 -0.035247802734375 0.364501953125 0.01513671875
0.0680427551269531 -0.0664710998535156 0.37994384765625 -0.18212890625
0.0893630981445313 -0.061920166015625 0.3511962890625 -0.2071533203125
0.0741500854492188 -0.0605010986328125 0.36865234375 -0.212005615234375
0.0980453491210938 -0.0239105224609375 0.36236572265625 -0.089508056640625
0.126441955566406 0.0210723876953125 0.217971801757813 0.001312255859375
0.129264831542969 0.105278015136719 0.0896224975585938 -0.0877304077148437
0.001953125 0.186752319335938 0.0802154541015625 -0.215377807617188
-0.069244384765625 0.147323608398438 0.150726318359375 -0.409210205078125
-0.113861083984375 0.103408813476563 0.443023681640625 -0.542388916015625
-0.273284912109375 0.33612060546875 0.106292724609375 -0.411956787109375
-0.187774658203125 0.322235107421875 0.00811767578124996 -0.293212890625
0.00671386718750001 0.3924560546875 0.00716400146484375 -0.0674819946289062
0.149185180664062 0.261642456054688 0.0328044891357422 0.0324459075927734
0.226791381835938 0.13592529296875 0.149795532226563 0.1429443359375
0.216537475585937 0.0132293701171875 0.312225341796875 0.04510498046875
0.232269287109375 -0.0943756103515625 0.3306884765625 -0.13555908203125
0.260269165039062 -0.101409912109375 0.291015625 -0.164306640625
0.238693237304688 -0.120498657226562 0.30078125 -0.19012451171875
0.25213623046875 -0.02227783203125 0.28729248046875 -0.088592529296875
0.279464721679687 0.07733154296875 0.162734985351563 -0.0025787353515625
0.260879516601563 0.2149658203125 0.0386734008789063 -0.106605529785156
0.059906005859375 0.397735595703125 0.04315185546875 -0.236572265625
-0.094268798828125 0.364776611328125 0.11614990234375 -0.412109375
-0.212127685546875 0.351165771484375 0.38232421875 -0.511749267578125
-0.366973876953125 0.501068115234375 0.031951904296875 -0.2979736328125
-0.274658203125 0.47259521484375 1.5258789062498E-05 -0.222915649414062
-0.0272216796875001 0.58270263671875 0.0103912353515625 -0.0724868774414062
0.177825927734375 0.42279052734375 0.00693655014038087 0.00861358642578127
0.3248291015625 0.27276611328125 0.0860061645507813 0.13037109375
0.357818603515625 0.072967529296875 0.209365844726563 0.0554656982421875
0.368988037109375 -0.102020263671875 0.225723266601563 -0.0750732421875
0.392608642578125 -0.12738037109375 0.185714721679688 -0.09613037109375
0.36328125 -0.17193603515625 0.191513061523438 -0.13482666015625
0.37164306640625 -0.036468505859375 0.173675537109375 -0.062774658203125
0.410797119140625 0.097991943359375 0.08612060546875 0.00382232666015626
0.384490966796875 0.276336669921875 -0.0172119140625 -0.102363586425781
0.13934326171875 0.55230712890625 0.0036163330078125 -0.220977783203125
-0.080352783203125 0.537200927734375 0.082550048828125 -0.3514404296875
-0.26434326171875 0.552825927734375 0.2939453125 -0.39996337890625
-0.40228271484375 0.6004638671875 -0.0780105590820313 -0.132400512695312
-0.307861328125 0.57196044921875 -0.0342941284179688 -0.106071472167969
-0.03485107421875 0.7025146484375 0.00457000732421875 -0.0557937622070312
0.198089599609375 0.525238037109375 -0.0232658386230469 -0.0171890258789062
0.3870849609375 0.366973876953125 0.00195312500000001 0.0904312133789063
0.45050048828125 0.1185302734375 0.0621261596679688 0.0506782531738281
0.4512939453125 -0.0948486328125 0.0787200927734375 -0.00482940673828126
0.46624755859375 -0.132843017578125 0.0538749694824219 -0.0119895935058594
0.434173583984375 -0.19805908203125 0.0608253479003907 -0.0509529113769531
0.43603515625 -0.0455322265625 0.0402984619140625 -0.0117950439453125
0.483245849609375 0.104736328125 -0.000772476196289034 0.0252761840820313
0.452178955078125 0.29632568359375 -0.0685195922851562 -0.0758438110351562
0.2008056640625 0.6219482421875 -0.0242767333984375 -0.1715087890625
-0.052734375 0.62628173828125 0.0665283203125 -0.236297607421875
-0.27374267578125 0.67034912109375 0.195083618164062 -0.224884033203125
-0.36761474609375 0.61004638671875 -0.203140258789063 0.0623016357421875
-0.2757568359375 0.58587646484375 -0.0852813720703125 0.042388916015625
-0.01837158203125 0.6993408203125 -0.0156269073486328 -0.0186805725097656
0.198150634765625 0.52532958984375 -0.0616226196289062 -0.0328140258789062
0.3887939453125 0.379913330078125 -0.0928955078125 0.037872314453125
0.467742919921875 0.135223388671875 -0.105117797851562 0.0407028198242188
0.462493896484375 -0.0767822265625 -0.085205078125 0.069000244140625
0.468658447265625 -0.11749267578125 -0.084869384765625 0.0748138427734375
0.438873291015625 -0.184906005859375 -0.0723114013671875 0.0438613891601562
0.432037353515625 -0.0303955078125 -0.0930328369140625 0.049072265625
0.4678955078125 0.114349365234375 -0.0865020751953125 0.049713134765625
0.426605224609375 0.28802490234375 -0.106491088867187 -0.0388336181640625
0.19256591796875 0.5943603515625 -0.0361557006835937 -0.105888366699219
-0.045166015625 0.60504150390625 0.0682830810546875 -0.09112548828125
-0.25518798828125 0.6705322265625 0.0993881225585938 -0.0181427001953125
-0.26751708984375 0.523681640625 -0.311859130859375 0.255859375
-0.181549072265625 0.496917724609375 -0.1351318359375 0.193344116210938
0.012298583984375 0.557586669921875 -0.0452728271484375 0.0339813232421875
0.166717529296875 0.411773681640625 -0.097747802734375 -0.02752685546875
0.318084716796875 0.311737060546875 -0.174209594726562 -0.00793457031249996
0.399810791015625 0.1168212890625 -0.254898071289062 0.03521728515625
0.3944091796875 -0.051300048828125 -0.232986450195312 0.137588500976562
0.3990478515625 -0.0809326171875 -0.208953857421875 0.149765014648437
0.38336181640625 -0.13323974609375 -0.192276000976563 0.126205444335937
0.362579345703125 0.009674072265625 -0.209213256835937 0.092193603515625
0.36822509765625 0.132843017578125 -0.158798217773437 0.05413818359375
0.308929443359375 0.259185791015625 -0.125999450683594 -0.0107269287109375
0.1181640625 0.478271484375 -0.0355453491210937 -0.0441360473632812
-0.05322265625 0.48077392578125 0.0701751708984375 0.0498466491699219
-0.20745849609375 0.56146240234375 0.00917053222656251 0.1783447265625
-0.128814697265625 0.351409912109375 -0.3797607421875 0.4185791015625
-0.06390380859375 0.318939208984375 -0.165435791015625 0.3214111328125
0.031036376953125 0.3193359375 -0.06854248046875 0.0937728881835938
0.100967407226562 0.229263305664063 -0.1141357421875 0.00015258789062503
0.192581176757813 0.189102172851562 -0.21942138671875 -0.0352020263671875
0.263717651367188 0.0778045654296875 -0.35455322265625 0.03912353515625
0.26361083984375 -0.018157958984375 -0.33880615234375 0.192779541015625
0.268905639648438 -0.032867431640625 -0.299652099609375 0.2008056640625
0.272140502929687 -0.0579376220703125 -0.287872314453125 0.177764892578125
0.241806030273438 0.0515594482421875 -0.295257568359375 0.09820556640625
0.214202880859375 0.138290405273438 -0.207763671875 0.027130126953125
0.144027709960938 0.195404052734375 -0.127296447753906 -0.00426483154296876
0.024139404296875 0.290313720703125 -0.0308723449707031 0.000209808349609391
-0.055816650390625 0.287017822265625 0.0579071044921875 0.161041259765625
-0.13128662109375 0.368255615234375 -0.07086181640625 0.329803466796875
0.015472412109375 0.119010925292969 -0.39459228515625 0.526458740234375
0.0387191772460938 0.0920181274414063 -0.16461181640625 0.4136962890625
0.0215873718261719 0.0537300109863281 -0.0699005126953125 0.151443481445313
0.0110702514648438 0.0374031066894531 -0.100814819335937 0.0375595092773438
0.0393295288085938 0.0586929321289063 -0.224258422851563 -0.0447540283203125
0.0899887084960938 0.0387802124023438 -0.391754150390625 0.05096435546875
0.0936737060546875 0.0233840942382813 -0.385101318359375 0.227264404296875
0.0990524291992188 0.0204238891601563 -0.344970703125 0.222686767578125
0.120803833007813 0.01513671875 -0.3458251953125 0.19158935546875
0.0913772583007813 0.0670089721679688 -0.343109130859375 0.070587158203125
0.0469512939453125 0.100677490234375 -0.227157592773437 -0.02337646484375
-0.0093231201171875 0.0869140625 -0.113136291503906 -0.0141983032226563
-0.0332717895507813 0.0652046203613281 -0.0259170532226563 0.0280475616455078
-0.0177230834960938 0.0664710998535156 0.02978515625 0.230010986328125
-0.0220184326171875 0.133819580078125 -0.13214111328125 0.414459228515625
-0.147140502929687 0.133865356445313 0.115142822265625 -0.482025146484375
-0.0831756591796875 0.145904541015625 -0.022216796875 -0.322845458984375
0.03997802734375 0.170913696289063 0.00133132934570313 -0.0533981323242187
0.105216979980469 0.0872268676757813 0.0623893737792969 0.0436515808105469
0.102401733398438 -0.0014495849609375 0.207611083984375 0.11883544921875
0.0541152954101562 -0.034912109375 0.37841796875 -0.001373291015625
0.0663375854492188 -0.0697288513183594 0.381866455078125 -0.202117919921875
0.087982177734375 -0.0682754516601563 0.350311279296875 -0.226715087890625
0.0737533569335937 -0.0658035278320312 0.36981201171875 -0.232757568359375
0.0994720458984375 -0.028350830078125 0.370086669921875 -0.10833740234375
0.130172729492188 0.0152969360351563 0.228134155273437 -0.0074462890625
0.138107299804688 0.101730346679688 0.0877609252929688 -0.09185791015625
0.010589599609375 0.192230224609375 0.07275390625 -0.221511840820313
-0.0648956298828125 0.152389526367188 0.1380615234375 -0.42352294921875
-0.111129760742188 0.110092163085938 0.4342041015625 -0.57049560546875
-0.264892578125 0.356536865234375 0.0938720703125 -0.428375244140625
-0.178985595703125 0.3365478515625 -0.00366210937500001 -0.3013916015625
0.023162841796875 0.4007568359375 0.005096435546875 -0.0717620849609375
0.16082763671875 0.262985229492188 0.0333900451660156 0.0311775207519531
0.235763549804688 0.131820678710938 0.163589477539063 0.14141845703125
0.222976684570313 0.00927734375 0.325714111328125 0.0322265625
0.235214233398437 -0.105422973632812 0.334228515625 -0.153839111328125
0.261703491210938 -0.116531372070313 0.2904052734375 -0.18096923828125
0.240264892578125 -0.133453369140625 0.29937744140625 -0.2083740234375
0.25860595703125 -0.03118896484375 0.293243408203125 -0.105255126953125
0.291290283203125 0.067230224609375 0.170989990234375 -0.010711669921875
0.278335571289063 0.210250854492188 0.0338973999023438 -0.10906982421875
0.079315185546875 0.407012939453125 0.035369873046875 -0.244338989257813
-0.08380126953125 0.3773193359375 0.1031494140625 -0.426177978515625
-0.2034912109375 0.369964599609375 0.373626708984375 -0.535797119140625
-0.354248046875 0.532379150390625 0.021942138671875 -0.307586669921875
-0.261871337890625 0.494903564453125 -0.008697509765625 -0.228805541992187
-0.00207519531249999 0.59954833984375 0.00830841064453125 -0.0785751342773437
0.19586181640625 0.427490234375 0.00626325607299806 0.00642633438110354
0.34320068359375 0.26654052734375 0.0965652465820313 0.130516052246094
0.371246337890625 0.06396484375 0.21868896484375 0.04718017578125
0.375946044921875 -0.1192626953125 0.23077392578125 -0.087188720703125
0.397674560546875 -0.14910888671875 0.186233520507813 -0.107086181640625
0.36749267578125 -0.19317626953125 0.189010620117188 -0.147781372070313
0.3817138671875 -0.050018310546875 0.177688598632813 -0.073486328125
0.42669677734375 0.08343505859375 0.092559814453125 -0.001739501953125
0.40728759765625 0.270111083984375 -0.0236129760742187 -0.1031494140625
0.169158935546875 0.5614013671875 -0.00370788574218749 -0.22802734375
-0.062164306640625 0.555206298828125 0.07086181640625 -0.364044189453125
-0.24835205078125 0.57879638671875 0.28778076171875 -0.419464111328125
-0.3868408203125 0.63568115234375 -0.0832901000976563 -0.133659362792969
-0.292724609375 0.59954833984375 -0.0381240844726563 -0.107284545898437
-0.00561523437500002 0.7220458984375 0.00351333618164063 -0.0612754821777343
0.220550537109375 0.532745361328125 -0.0251350402832031 -0.0195522308349609
0.41253662109375 0.3604736328125 0.00769042968750002 0.0924606323242188
0.469696044921875 0.107269287109375 0.0668144226074219 0.0491065979003906
0.46295166015625 -0.11737060546875 0.0836868286132813 -0.00959777832031251
0.47357177734375 -0.1593017578125 0.0547866821289063 -0.0155830383300781
0.436767578125 -0.222442626953125 0.0585289001464844 -0.0568008422851563
0.44708251953125 -0.06146240234375 0.0425872802734375 -0.0157203674316406
0.5010986328125 0.086578369140625 0.00286102294921878 0.0236454010009766
0.47833251953125 0.28826904296875 -0.0754241943359375 -0.0739212036132812
0.23236083984375 0.63092041015625 -0.03033447265625 -0.178466796875
-0.0325927734374999 0.64630126953125 0.0611724853515625 -0.246353149414062
-0.25384521484375 0.69976806640625 0.193161010742188 -0.236572265625
-0.35211181640625 0.64373779296875 -0.203384399414063 0.0708160400390625
-0.2581787109375 0.61260986328125 -0.08392333984375 0.0470123291015625
0.0123291015625 0.71923828125 -0.0151538848876953 -0.022256851196289
0.2225341796875 0.53564453125 -0.0644721984863281 -0.0346908569335937
0.414459228515625 0.375274658203125 -0.0925445556640625 0.0422134399414063
0.48907470703125 0.1224365234375 -0.106246948242187 0.0467529296875
0.475067138671875 -0.099578857421875 -0.0804214477539062 0.073577880859375
0.477783203125 -0.142425537109375 -0.083465576171875 0.0788650512695313
0.44403076171875 -0.209320068359375 -0.0736846923828125 0.0460433959960937
0.445159912109375 -0.04632568359375 -0.091583251953125 0.0525665283203125
0.4859619140625 0.098388671875 -0.0852203369140625 0.0521011352539063
0.4503173828125 0.281890869140625 -0.111473083496094 -0.0345306396484375
0.2222900390625 0.60394287109375 -0.0392837524414062 -0.111091613769531
-0.023193359375 0.6258544921875 0.0679397583007813 -0.09771728515625
-0.23309326171875 0.70123291015625 0.102592468261719 -0.0209426879882812
-0.255401611328125 0.55242919921875 -0.308349609375 0.27252197265625
-0.1678466796875 0.517913818359375 -0.128677368164063 0.204086303710938
0.0364990234375 0.57293701171875 -0.0435562133789062 0.0337638854980469
0.1856689453125 0.420623779296875 -0.100883483886719 -0.0279464721679687
0.341064453125 0.307037353515625 -0.179672241210937 -0.00195312499999997
0.418121337890625 0.105072021484375 -0.262161254882813 0.048126220703125
0.406982421875 -0.070892333984375 -0.230010986328125 0.149978637695312
0.408599853515625 -0.10296630859375 -0.206710815429687 0.15997314453125
0.387969970703125 -0.153594970703125 -0.193222045898438 0.1353759765625
0.375152587890625 -0.001983642578125 -0.208969116210937 0.101394653320313
0.384765625 0.121734619140625 -0.16033935546875 0.060211181640625
0.327972412109375 0.25634765625 -0.130439758300781 -0.00558471679687501
0.14129638671875 0.487701416015625 -0.0368232727050781 -0.0479278564453125
-0.038238525390625 0.49853515625 0.075469970703125 0.0467071533203125
-0.1920166015625 0.58740234375 0.0167083740234375 0.18414306640625
-0.121368408203125 0.36895751953125 -0.371826171875 0.441314697265625
-0.054107666015625 0.330810546875 -0.154449462890625 0.337158203125
0.0458984375 0.32891845703125 -0.0650863647460937 0.0974197387695313
0.1116943359375 0.235260009765625 -0.116378784179688 0.00156402587890625
0.207321166992188 0.18609619140625 -0.229446411132812 -0.02862548828125
0.27691650390625 0.0697784423828125 -0.365386962890625 0.05731201171875
0.273361206054688 -0.0319671630859375 -0.33587646484375 0.21136474609375
0.277786254882812 -0.0456390380859375 -0.2978515625 0.2161865234375
0.27838134765625 -0.072021484375 -0.287994384765625 0.1920166015625
0.253173828125 0.0441131591796875 -0.29833984375 0.112518310546875
0.226959228515625 0.133987426757813 -0.212753295898437 0.0353240966796875
0.15570068359375 0.197525024414062 -0.131004333496094 0.00101470947265623
0.03680419921875 0.29827880859375 -0.0307407379150391 -0.00170326232910154
-0.04742431640625 0.29998779296875 0.0665740966796875 0.16107177734375
-0.120330810546875 0.386627197265625 -0.06085205078125 0.341827392578125
0.0180892944335937 0.123306274414062 -0.384765625 0.552703857421875
0.0421371459960938 0.0936508178710938 -0.151275634765625 0.430633544921875
0.0246162414550781 0.0562324523925781 -0.0652618408203125 0.1575927734375
0.0125007629394531 0.0402412414550781 -0.102386474609375 0.0400314331054688
0.0442962646484375 0.0587196350097656 -0.236373901367188 -0.037841796875
0.0954132080078125 0.0354232788085938 -0.40252685546875 0.0718078613281251
0.100112915039063 0.0181427001953125 -0.38311767578125 0.249053955078125
0.104972839355469 0.0166397094726563 -0.343017578125 0.24041748046875
0.125640869140625 0.0104522705078125 -0.345855712890625 0.209686279296875
0.0987091064453125 0.0656280517578125 -0.34832763671875 0.0867004394531249
0.0539779663085937 0.102027893066406 -0.235198974609375 -0.01531982421875
-0.00524902343749999 0.0912628173828125 -0.115928649902344 -0.0101699829101562
-0.0304336547851563 0.0693817138671875 -0.0251064300537109 0.0279006958007813
-0.0165634155273438 0.0721817016601563 0.0404205322265625 0.233154296875
-0.018157958984375 0.140869140625 -0.121337890625 0.431671142578125
0.18364140689077 0.102025011706153 0.481163253976374 -0.215798916739882
0.183598914024029 0.0029343606272606 0.28048305974301 -0.222313526596647
0.119580753873031 -0.130704420674422 0.00798099184834495 -0.03929363220586
-0.0075272849247886 -0.154956701216888 -0.0433557633572404 0.0963132493485078
-0.0988075981241982 -0.0811539467512252 0.0107832948537972 0.280835395541808
-0.0990481063586608 -0.0248145281100908 0.185078162915489 0.352170539958077
-0.120864177286698 -0.00829215743674021 0.335316046458567 0.303213428600745
-0.128825327333018 0.00182782059179474 0.397974035099069 0.235636308501368
-0.131930525834361 -0.014737678852432 0.381462701583224 0.255623544355847
-0.10744366036802 -0.0461148235998805 0.270709296032628 0.274973125144968
-0.0919176594638554 -0.106495730038411 0.111905889911112 0.223621646373404
-0.00857563656209592 -0.178719348747026 0.100253397180427 0.0362802668610432
0.109500771576607 -0.136778524244507 0.206581792914918 -0.0788554239016912
0.144258181787464 -0.0221958250493677 0.437414077008366 -0.118289079384551
0.125416335396987 0.0600898174068098 0.711150024788335 -0.0308018576433584
0.43126675630783 0.0670113467082851 0.401451488647946 -0.237383796469521
0.39937059991469 -0.0476085445238086 0.251440568109282 -0.233201977981945
0.320566055133192 -0.256974428052534 -0.0225133862710579 -0.0757540510252035
0.106386784670969 -0.331630921995463 -0.100044376676488 0.0566345786987557
-0.0991388514720055 -0.28163239935889 -0.0604160953971203 0.269344494459734
-0.169778552537834 -0.186507446657282 0.111319983031512 0.341442891915997
-0.243946438180927 -0.142624581344976 0.254013422106484 0.299129190439799
-0.27626193414009 -0.0950835152110021 0.32154408312856 0.218679406313378
-0.286470019583724 -0.117912678237694 0.318047809031286 0.219594219678197
-0.212662237798254 -0.172023423481062 0.21146809119961 0.226542441000436
-0.164313446450678 -0.2620775223432 0.0640212678355162 0.178922736892215
-0.00187375275549644 -0.369327849095683 0.0586345777079494 -0.0208735060931677
0.203710305066511 -0.338263176976252 0.185016904549674 -0.133643218904144
0.329284045766799 -0.145927016476048 0.413153791882341 -0.174363316067888
0.378241828919792 -0.00572841855803977 0.658139210323685 -0.0824839647931924
0.630199110282782 0.0280632955536285 0.239995659369756 -0.253960591885079
0.582433238073393 -0.0933613841677199 0.165772652365514 -0.233610607738934
0.501009409436286 -0.358135972928059 -0.0581080544147337 -0.103643286677193
0.225400223333644 -0.480847433887264 -0.139196294681754 0.00765980029192152
-0.0769398447079592 -0.462680408153118 -0.114178657848428 0.21441190032507
-0.214290622220919 -0.337100485979189 0.0286158411087932 0.270983712535304
-0.329581015750766 -0.265626825117039 0.135457660793372 0.241791057729777
-0.384121077795005 -0.178085156334579 0.194853095017371 0.168552394693216
-0.405352611597844 -0.19352081778526 0.206339722177323 0.158599384876057
-0.303780710597377 -0.261358428798527 0.114463314020934 0.156420608104956
-0.243619761196243 -0.374241573318676 -0.000755770739354241 0.121371444646214
-0.0291427245973379 -0.520045758636657 0.000432508822023959 -0.0651606118067059
0.243595675794103 -0.514302341657867 0.132350565646043 -0.161019701682513
0.454840077726215 -0.273843068921123 0.331257383107466 -0.187462052717257
0.567800672031788 -0.0850829711206817 0.519310352037435 -0.0986641229455976
0.741112669615457 -0.0238435350174575 0.0176869222690531 -0.255934436505041
0.688529432767923 -0.149889767398579 0.0230622537305525 -0.216177110430729
0.607035657965132 -0.433467381728695 -0.10430268481837 -0.112977366678674
0.302405868411056 -0.580791381732085 -0.163103002060267 -0.0413124122657882
-0.0532225765733902 -0.582632906861012 -0.14737382962515 0.11799082508046
-0.231504615397873 -0.439005663196072 -0.0580019738222071 0.146467752286729
-0.368096004686186 -0.348615295719871 -0.0044278144351638 0.141169419023101
-0.434740988767338 -0.234873765257592 0.0383085472505712 0.0952772823264183
-0.462733047232317 -0.240056769134746 0.0600007446351162 0.0844639913480699
-0.350712534037053 -0.31068092089647 -0.00915963578658147 0.077738105335049
-0.289125336859116 -0.431067385636803 -0.0787820311841646 0.0565040696720949
-0.054376323683583 -0.59363262553747 -0.0644494813651951 -0.0927546504823357
0.244861107436772 -0.610711216682313 0.0674946927796496 -0.154595564627563
0.505543748908623 -0.359252850405737 0.216636860779796 -0.143095940157019
0.667739359473058 -0.15286057461733 0.322037532374514 -0.0708208169746315
0.74018141728457 -0.0833116883416069 -0.232448042859956 -0.234545236343137
0.680696058851706 -0.202554263506245 -0.152700115877876 -0.174903693720306
0.59494377338436 -0.453128576541815 -0.154162083853284 -0.103035647837046
0.306339926293896 -0.583635827172521 -0.170671558600697 -0.0842353168722042
-0.034231406182934 -0.59449428529172 -0.162885571364979 -0.00592323294401438
-0.215587781403157 -0.460327871039288 -0.142096806700167 -0.00913903671838437
-0.3517006468135 -0.375167237089438 -0.148575135776609 0.0150369752649554
-0.417378235949537 -0.255119673738926 -0.124132841068404 0.00868953358735475
-0.444352785949558 -0.257508726870785 -0.0959503311781016 0.00506393879234881
-0.329781013675486 -0.325743198478372 -0.136170501981403 -0.00521035094464589
-0.265113588813797 -0.429233967998998 -0.150623706125427 -0.0150575888689804
-0.0405507583479672 -0.56704375287549 -0.115155395502866 -0.108451113971992
0.236398635578055 -0.588018517785927 0.00997634931543318 -0.122646559568412
0.484269977790888 -0.362088799753454 0.0923828605714092 -0.0575597136094467
0.662320241540209 -0.180587542534252 0.0996902205081828 -0.00766263074349164
0.619808092548524 -0.134722044038993 -0.463772751210622 -0.184852560301986
0.543217188091486 -0.229844051317064 -0.320359863381584 -0.108330438132465
0.46073053643481 -0.390680224072006 -0.192161618295277 -0.0763655368896516
0.237952206105122 -0.470042027177745 -0.161263228039395 -0.109390339459422
-0.0182931825307101 -0.485649742552817 -0.161715805070948 -0.123769492397494
-0.167349073924107 -0.393011647818469 -0.210748035967688 -0.157938883072077
-0.279699854428754 -0.335146039514202 -0.272164840917741 -0.109380122794533
-0.335022536087644 -0.241134538279785 -0.266209057412517 -0.0776810566930839
-0.353379934904012 -0.247749475198618 -0.232100703638692 -0.0766323488776021
-0.244226132385751 -0.305660490880178 -0.233676286285174 -0.0924964846626006
-0.172461144173893 -0.370459268148635 -0.189484153134288 -0.0939617326259354
0.0188308802260151 -0.448002555233582 -0.132469207033694 -0.120425165849882
0.219624921316521 -0.453207290808991 -0.0264814306711122 -0.0822909849362802
0.399266068421452 -0.281430101289849 -0.0209191593615801 0.0357172953036069
0.554053338085098 -0.164314270643238 -0.113066727653 0.0649807814918347
0.403529170209077 -0.161821978561417 -0.632886261096133 -0.108178014194496
0.313837948228721 -0.211432474685305 -0.444396365805205 -0.0201163554907296
0.251631012459868 -0.253348612624323 -0.208875087003482 -0.0321259741736178
0.133381531623046 -0.272179367621414 -0.137331556720765 -0.105599021316527
0.000370406736132121 -0.294193856288377 -0.144342210259195 -0.204530867100372
-0.0912307227035786 -0.260307133768032 -0.255030366511695 -0.265848987780507
-0.163627347622962 -0.240919048341626 -0.357928255220767 -0.207510930885809
-0.201896999170901 -0.188587174469105 -0.365663558445034 -0.15297850189441
-0.208377444327764 -0.204418185939271 -0.324480786598184 -0.156325167572869
-0.121071511785916 -0.243124646390819 -0.277228583428295 -0.180134148893215
-0.050328193101986 -0.262260663571545 -0.178530940008025 -0.173303041922004
0.0790805009435067 -0.263166471697697 -0.109427047748702 -0.128144964929343
0.172837889010259 -0.246235211951636 -0.0394432301602091 -0.0455131688122216
0.253867417379798 -0.15901950213768 -0.114406635047902 0.107981577872971
0.364334097183926 -0.123502970407158 -0.288913244030065 0.122986181657934
0.127426834210987 -0.151232551264653 -0.715032690500221 -0.0171759217043526
0.0530100127055783 -0.141267409202381 -0.504233700231149 0.0778257396572575
0.0345678329796507 -0.0726230258035195 -0.200960751474892 0.0268216904239781
0.0355845659747792 -0.0464327640442239 -0.101290219433334 -0.0749622099331131
0.0326841013795918 -0.0773034483792491 -0.116222520546207 -0.239543506418649
0.00577847078626206 -0.098804085896136 -0.269730693311182 -0.318456973978656
-0.0186174805399827 -0.115804757408092 -0.394948881184341 -0.262468031588233
-0.0380463365758852 -0.108065865833103 -0.410973487476847 -0.202284614036047
-0.0411053224947042 -0.122706188493902 -0.359745628861346 -0.222525319198207
0.00203691991623826 -0.134154454061308 -0.264776121255672 -0.252718808242474
0.0484103011133961 -0.11082736114567 -0.123167950627135 -0.233583165192578
0.0896746961389363 -0.0556582541018401 -0.0592157693220931 -0.123621313391723
0.0720560302265807 -0.0342347055371766 -0.0394056817090358 -0.0136348160387364
0.0657216830098511 -0.0459950664397337 -0.182465199245116 0.147586455081863
0.123542795472773 -0.0810557986900014 -0.404662513850195 0.157094650882877
0.190442209328943 0.0882978439409969 0.473776116963096 -0.251945557661868
0.18451552744903 -0.00890628834529709 0.267951132873355 -0.245627702630008
0.110936313805491 -0.138803930186064 0.00678350810531377 -0.0409245666036743
-0.0174264615419952 -0.154847104261335 -0.0373272215650515 0.100094346475132
-0.102549943460246 -0.0746531111559107 0.033696237987303 0.284998185871324
-0.100331168730533 -0.0199892437115264 0.214972213446472 0.344374106807273
-0.122355336725109 -4.0373515151227E-05 0.36116235976762 0.280485824304826
-0.129387445115692 0.0126808494217465 0.417930328323047 0.207982675783266
-0.13416684481565 -0.00402951683575739 0.404479837429231 0.230015455734292
-0.111539289480941 -0.0387285645007474 0.295679298578845 0.258727069360067
-0.10068476339678 -0.100125135376266 0.132151667323407 0.220931865260453
-0.0226627966748625 -0.179944175293469 0.102061077903362 0.030338148539365
0.100649172666223 -0.146880432925046 0.202073257812015 -0.0926357598249756
0.143539223864892 -0.0309456161818403 0.43265364379318 -0.149355616379172
0.130652216064064 0.0505403294726611 0.716551963830839 -0.0779623893289351
0.43982619333755 0.0356287368340153 0.392066141051534 -0.267229902270836
0.398963537723619 -0.0752305835143576 0.237612315865407 -0.253648095945822
0.304183410602306 -0.281968752307951 -0.0255838963687078 -0.0762880741426523
0.0870305563413056 -0.340749566461214 -0.0963583953341131 0.0620256331845353
-0.118097344304913 -0.276543141181883 -0.0395114787326502 0.279126153049622
-0.183762599755084 -0.179989313448783 0.139669716705394 0.339054594555799
-0.257196751824442 -0.127241045911889 0.280250163650716 0.282499289706839
-0.286801581699794 -0.0749621030214762 0.339489874337703 0.196431796398517
-0.299264108986217 -0.0971533336725122 0.338401818265931 0.198194823450355
-0.226626686614869 -0.160588268601985 0.232663836650311 0.213254214567238
-0.185476948985345 -0.252667958868579 0.0815186306443354 0.178716669059982
-0.028620941010469 -0.375685757860709 0.0555035958277557 -0.0245738825966196
0.18141691035909 -0.358626586232283 0.177498618528541 -0.147833717939728
0.324545714691039 -0.169757099094535 0.403771967034064 -0.204014551147358
0.382355646958178 -0.0339233201601204 0.658351601818255 -0.127125602143692
0.638582711133829 -0.0192400460244446 0.226730688487721 -0.272683142484309
0.581167649627525 -0.134365664844559 0.151611963520545 -0.246384914112766
0.479056277933033 -0.397802562687076 -0.0621896179887832 -0.101386410642825
0.199144618776531 -0.501523630660552 -0.139451722187216 0.0142607165517999
-0.108700130863658 -0.461881330330632 -0.0962104127772064 0.226265967071422
-0.239204725034277 -0.329694178293752 0.050093353757853 0.272519931550215
-0.354900830103969 -0.245189298189731 0.157842798129628 0.234864324143308
-0.402758744600771 -0.150501661245782 0.209548142372844 0.155619090582624
-0.425560363663207 -0.16440212637424 0.220034338769334 0.143059206571537
-0.324892342463486 -0.245570096960596 0.129316425615806 0.149294040047317
-0.273231497266297 -0.360124290662747 0.0119501318962161 0.123590369924846
-0.0674809481723013 -0.526848115363278 -0.00678872086318938 -0.0651229108176793
0.209112079616068 -0.538704644342138 0.12399100738981 -0.173028578727396
0.442872795334098 -0.309514002937462 0.322032343922975 -0.211826879465193
0.570252973532802 -0.127541943621312 0.517485112533871 -0.13485061968115
0.749501789346519 -0.0788983876169658 0.00290605461477256 -0.25879632624003
0.683918469035755 -0.197976030770482 0.00979431983853897 -0.217491038436196
0.580416090327848 -0.482029816627457 -0.109526913549786 -0.10723336705942
0.269679696448511 -0.60901442534242 -0.166101124512823 -0.0335142099644376
-0.0957894136250161 -0.584732363369302 -0.137305081576652 0.131320747960089
-0.265739662815278 -0.432674986121245 -0.048435876937788 0.15383154262467
-0.400844812856066 -0.32759205539608 0.00886890673909165 0.143210402463659
-0.45815009285474 -0.203330411989033 0.0464496795300964 0.0925634754398516
-0.487403626609383 -0.207547891793826 0.0668368089112674 0.0785098626072654
-0.376311386995417 -0.293857668510765 -0.00214666048007848 0.0785495333690442
-0.323241103320378 -0.414870265666902 -0.0723814688294264 0.0626761591165801
-0.0967667115797759 -0.600197335291605 -0.074273300319409 -0.0887523978142714
0.203173014851412 -0.636211221892103 0.0598551358659122 -0.16324699199452
0.490363824219957 -0.398787415361069 0.209784794725404 -0.160304196187808
0.667408842351828 -0.203108463016864 0.319772415261662 -0.0923885017414187
0.745360953756111 -0.139406986336838 -0.249406992353466 -0.220649921135954
0.672169873107879 -0.252078521476419 -0.165133532717835 -0.1630855495542
0.569333298546523 -0.502595711011633 -0.15975794063326 -0.0942107117140319
0.274502924381915 -0.613860343008528 -0.176812542454387 -0.0769755393145643
-0.0770686297771259 -0.599122065146981 -0.162905987172621 0.00689208928167677
-0.251989492437486 -0.455041355103888 -0.145924450447182 0.00234389270821678
-0.387594034647465 -0.354520071375398 -0.1444744270097 0.0272889501406776
-0.443895496070906 -0.227667334731255 -0.122909555359309 0.0175024303521968
-0.470150039321539 -0.22822458688004 -0.09661562461476 0.00985203866146925
-0.357715414194017 -0.310697648119209 -0.137008155572632 0.00386232563874321
-0.298495176256458 -0.415458318302569 -0.151226789129746 -0.00503259042309701
-0.0808908351443004 -0.57546598576677 -0.126252324705892 -0.100053007362109
0.196968898638071 -0.613054031795801 0.00393906423133883 -0.12715294141285
0.468329816909235 -0.402073857314957 0.0905348695269211 -0.0658579099262355
0.658583820790036 -0.231716675717857 0.0988429467315578 -0.013896271865465
0.623424423087979 -0.180114867921908 -0.479577276106312 -0.155228240575839
0.533714487806592 -0.2694385070286 -0.329543917846167 -0.0835824649227552
0.438795793223088 -0.42918355061079 -0.196496872478375 -0.0641332237402683
0.21250216762831 -0.495216101513371 -0.169028040626498 -0.102340882998019
-0.0547928509385384 -0.49027602970594 -0.17105855012866 -0.113107289336163
-0.19895137157299 -0.388657774539956 -0.22776763991658 -0.142976609847338
-0.311477649651242 -0.31944290957839 -0.278629289115185 -0.089297055340821
-0.359857400440629 -0.2183983750513 -0.271816651803628 -0.060303348446592
-0.377443238145381 -0.224129253827405 -0.239694712147067 -0.0624009392060073
-0.26998452847757 -0.295164860818345 -0.24205373483543 -0.076768992986707
-0.201531742345698 -0.36377626973465 -0.197043862379073 -0.0824463060770179
-0.0118431549322063 -0.458455042843981 -0.14350326267459 -0.111225345620478
0.190448746092823 -0.474933986658612 -0.0301505162685321 -0.0840363937246683
0.386050092912607 -0.314563412791845 -0.0172379638231853 0.0364218319432679
0.552470494682308 -0.20928303556983 -0.111821541667637 0.0735860940709953
0.401106461534178 -0.191947895825202 -0.644433071881511 -0.0669940889393948
0.304799082076258 -0.234613558909833 -0.448473682407177 0.0124077465701449
0.237884641178966 -0.275636464316691 -0.211850787632709 -0.0184286407593891
0.119595725934681 -0.288265292315715 -0.145172787343609 -0.0997403996605305
-0.022062700493836 -0.298133523665046 -0.161260302655255 -0.197463672328744
-0.112943417853961 -0.258770810099666 -0.280778570690777 -0.249722944002474
-0.187341855696353 -0.231810016934028 -0.37342629560672 -0.181914436695423
-0.220996361192791 -0.175801722213882 -0.37802913396906 -0.127970833194032
-0.227884769932245 -0.191801982441542 -0.337965661499723 -0.1360239174141
-0.141069781509906 -0.240098709843371 -0.293087257850264 -0.161604312626934
-0.0706898928304075 -0.262904702112383 -0.192761611811406 -0.163578886505061
0.061683726037152 -0.27487752624879 -0.119817358029812 -0.120708254015553
0.157537409587693 -0.262582545060178 -0.0420185680201297 -0.0460810639910961
0.248496172441746 -0.179744463438914 -0.106251510218918 0.115632439749103
0.362404975531282 -0.15249545947251 -0.285383291481643 0.144131763844195
0.121994098153548 -0.161052498554373 -0.722073441450283 0.03130649988451
0.0452761474417873 -0.145384363203004 -0.502698054260229 0.116169856108574
0.0316055596242928 -0.0772937733749538 -0.200652388218191 0.0408841770808007
0.0348383652797708 -0.051037042787255 -0.106565545338942 -0.0706635151308557
0.0263681588087734 -0.0803852244126182 -0.136705406228029 -0.236461464170072
-0.00229350372039654 -0.101044919821575 -0.298451920146381 -0.302016599746261
-0.0301274210053382 -0.11612089594081 -0.416671944724495 -0.235980978183087
-0.0492917184145643 -0.107201494389352 -0.426601770126972 -0.175650924765321
-0.0523196801972695 -0.121512742033406 -0.378790975186821 -0.199938563368416
-0.00926459921187577 -0.138042803195477 -0.286919516117725 -0.235590243632583
0.0405521207492929 -0.117283523151534 -0.142015020841797 -0.228758311158872
0.0871454907858345 -0.0652701073309126 -0.0676369893728495 -0.119357796617986
0.0707784100104505 -0.0410006439806193 -0.0402643783220508 -0.0126543467064968
0.0645221876630111 -0.0528051873399531 -0.173233822073594 0.160445318033132
0.121750061008255 -0.0918597594204295 -0.40158287372864 0.187163422708297
0.191588866750585 0.0742350123063193 0.456878083446177 -0.279988390395537
0.181111675824443 -0.0186984914177621 0.250342630746484 -0.261538335345036
0.100337637245048 -0.142470447825038 0.00558503667282922 -0.042147873549392
-0.0256327884919256 -0.150992050322859 -0.0303109382273877 0.100868042665245
-0.103752085854632 -0.0677999808211259 0.0546192891873147 0.281136937855289
-0.0995793581449901 -0.015079775617286 0.238652782465663 0.326717532873229
-0.120972581188983 0.00752658079407995 0.375572906856661 0.253482375834085
-0.126367428948057 0.0223320937781856 0.424366055299334 0.177737657107012
-0.132907368279965 0.00630744250155213 0.415829988259705 0.199971899403292
-0.112469908907178 -0.0311051538077123 0.312685627590858 0.236644944897188
-0.106966143206141 -0.0916653814532141 0.148448022378849 0.213124629565488
-0.0357243625809248 -0.175794562334619 0.101262743891751 0.0246943833986445
0.0896395794266673 -0.15279849768813 0.193157501492086 -0.103242188571201
0.140319752586947 -0.0389948941670688 0.417625460289352 -0.173044573691395
0.132300819249543 0.0403459677887747 0.703852874984488 -0.118959986192487
0.435783018028635 0.00433986004581615 0.372011604922508 -0.28927062605128
0.389457897660122 -0.0977154153573903 0.220705656357898 -0.265632954096949
0.282382540860404 -0.297272814302066 -0.0277394000689367 -0.075548746254486
0.0676663687696918 -0.342375873781647 -0.0913424277542561 0.0652106384888815
-0.131778001111593 -0.266711312352802 -0.0175735921533642 0.280134671769801
-0.19281861899056 -0.169261415077057 0.163177600920136 0.326994190858482
-0.264608021219496 -0.110210454326633 0.297235889294809 0.260786361851465
-0.288850237228467 -0.0536141856414247 0.347450913904829 0.172043059895968
-0.303300702656401 -0.075531617062224 0.347516335589396 0.17226819456123
-0.235064822948458 -0.146395064497483 0.247082732972909 0.1954578564769
-0.200575345668836 -0.238502380732268 0.0961985513911525 0.173274821005973
-0.0540283568854768 -0.370596821584499 0.0518152801628878 -0.0266403413696761
0.156710649483758 -0.367758223920986 0.166996363098018 -0.158017141984759
0.312812757574583 -0.187906280763204 0.386310840281678 -0.227304762145904
0.378190826888162 -0.0597272988898609 0.644527374599873 -0.164834861293434
0.631500041044359 -0.0626556934309627 0.209611935284249 -0.283404715382644
0.565782018324885 -0.166796546002812 0.136030941225095 -0.252506078996126
0.446880254126663 -0.422703897631835 -0.0643039127077916 -0.09850111734478
0.168060817286394 -0.509193917491859 -0.136194711516888 0.019661063195917
-0.135877104965208 -0.450232988036564 -0.0771032938752994 0.231919908271291
-0.258835469654385 -0.315335465710962 0.0688977633972257 0.267643145216782
-0.369501661749312 -0.220602238928739 0.174078422934877 0.220596368505331
-0.410091084723933 -0.120459135004114 0.216479724002024 0.139800969725372
-0.434063721429215 -0.133862373932992 0.227562112731167 0.125249947990601
-0.339316964528038 -0.22476047125482 0.139844552882414 0.139063114610109
-0.294652988800755 -0.339106044290622 0.0233772511056054 0.122055475368101
-0.102024482480948 -0.520385629013301 -0.0132973453693261 -0.0629195054249164
0.173115497464843 -0.549681693457827 0.112772557980035 -0.181570840288573
0.42279551587786 -0.33426083909379 0.304784856625022 -0.230547632381198
0.559534960276119 -0.165387590985004 0.504242459725525 -0.165031734557148
0.737308242678954 -0.129891166198412 -0.0117244900522061 -0.255524549644818
0.665825952463474 -0.238394737671237 -0.00292923350689915 -0.214071519116872
0.541173434970339 -0.51418440343864 -0.111537283183736 -0.100978855006725
0.233170427458719 -0.620804744314222 -0.165562286671348 -0.0270729652685593
-0.13248248267432 -0.571311408036475 -0.123262344062686 0.139712475795356
-0.292602667153364 -0.415514269724865 -0.0376599317613114 0.156611575836164
-0.422587071832402 -0.299375804309154 0.0220589934541677 0.140459355215797
-0.469538241757639 -0.169511152810043 0.0525087397558169 0.0879445668035977
-0.498274826413865 -0.172465116982592 0.0707721611285344 0.0711914972477206
-0.393761619089538 -0.270673897454162 0.00420183590090425 0.0771040457934924
-0.347249449595723 -0.391011207289948 -0.0648716263822841 0.0664411334269638
-0.136378443285059 -0.592307456451011 -0.0810643148582868 -0.0811129581998949
0.160993015586703 -0.645275626891042 0.0502766305302217 -0.168413847239887
0.465052222812482 -0.427731638868938 0.197800825649097 -0.173662688959735
0.649807443230688 -0.246454348177435 0.310452152238904 -0.110249848559699
0.733535923355251 -0.186843916120283 -0.25843087820464 -0.2023680419206
0.652229888094031 -0.29034588075309 -0.172014890159264 -0.149311506235549
0.529157311978156 -0.534169692680221 -0.160361013340455 -0.0843644014539639
0.237873566635369 -0.628556583026088 -0.179117572972686 -0.0687609953927393
-0.116318772716137 -0.589141183728005 -0.158158766422118 0.0181587195378257
-0.281423930110892 -0.438880132271651 -0.145392187741311 0.0133288046852347
-0.411155692412289 -0.326507381630881 -0.137278927898829 0.0358485647462149
-0.457193065253201 -0.193343406637299 -0.118731235985887 0.0240232817991584
-0.483164883736097 -0.192128531963566 -0.0952377396460868 0.014067204829329
-0.376686472196157 -0.28794054760638 -0.134930217500125 0.0125497076794166
-0.323243244384194 -0.39325553594917 -0.148378850528988 0.00357522517728056
-0.116008730423244 -0.568036298446477 -0.132448234728277 -0.0902289750542317
0.154919022851673 -0.621698845309594 -0.00254487218394823 -0.129749332448062
0.441604356099893 -0.427734278621253 0.0863456230229972 -0.0724617993213085
0.640847332308088 -0.27325924871873 0.0959293479813605 -0.0190281006976506
0.609681635070375 -0.221631501328493 -0.482718374904633 -0.123527144948458
0.515246191088375 -0.299104498348419 -0.329541252287774 -0.0601875911520007
0.407966381662451 -0.455540380828836 -0.196742159732786 -0.0523839425812892
0.183516197739633 -0.507139043349758 -0.172907001626336 -0.0947463957818065
-0.0871121528491037 -0.483120130324212 -0.175352398849715 -0.101168179955141
-0.225255651906053 -0.376139266305549 -0.236960431569465 -0.126228102517753
-0.334622462196804 -0.295331054206849 -0.277920489283924 -0.0702872075282499
-0.373909255770614 -0.190517055979589 -0.270319535224249 -0.0434920562278458
-0.39097592741837 -0.196456841538818 -0.241599383337806 -0.0473553399085388
-0.288703257394442 -0.278884672392507 -0.24458630692717 -0.0603657570922619
-0.222978720399286 -0.348115351345876 -0.200038373761698 -0.0700813835579299
-0.0409167087801129 -0.457038719373101 -0.149422893306493 -0.0994172341701417
0.158388777566684 -0.484024157406123 -0.0340461625402842 -0.0845835411978631
0.366278905472997 -0.337793574831264 -0.0141908807045673 0.0352745530616336
0.535383989648108 -0.24460399272483 -0.108416405164102 0.0806241897013825
0.389885285733259 -0.217093795845484 -0.641425927498381 -0.0266928161644341
0.290225453553684 -0.250546199959963 -0.440417363193094 0.0421958412198642
0.21963857770936 -0.290673290324988 -0.210027715701978 -0.00601290782268227
0.10232709122485 -0.29676646809948 -0.149609524790707 -0.092042317688122
-0.0418083363284747 -0.29469975522127 -0.173092325326324 -0.186257586883165
-0.129940656013397 -0.251419492672053 -0.296901152279129 -0.228941573726179
-0.204787543353181 -0.2181105976297 -0.378765544603858 -0.156470923623972
-0.233281085541947 -0.15909061015989 -0.379936670805458 -0.104269038481528
-0.240140172551085 -0.174561543291071 -0.343396163241627 -0.113654452574665
-0.157726177763524 -0.232418971622211 -0.301891105566094 -0.140978544064328
-0.087320877123165 -0.257060761253748 -0.201841575051029 -0.150250310467018
0.0439235368637393 -0.279295074900953 -0.125569360690271 -0.11084072207591
0.140150504770991 -0.27197503444537 -0.0433052481146925 -0.0456169784193533
0.237415350041627 -0.195132815854183 -0.0970010966434885 0.119628240091547
0.352229310136612 -0.175638901993544 -0.276916589541577 0.161696627532182
0.114989835722907 -0.167426683259612 -0.712062927546207 0.0730845436961576
0.0379784636566006 -0.14598572815116 -0.48817153809829 0.147179684953624
0.0279916810696504 -0.0799188914063897 -0.196509460056733 0.0519932903510883
0.0321573334351162 -0.0545546974824314 -0.109831604578499 -0.0646981482585455
0.0206119970217771 -0.0811670126624638 -0.152970481007842 -0.227191886408413
-0.00997936615389299 -0.100527618497563 -0.319458084712906 -0.279707164525887
-0.0398761185611481 -0.113217622783892 -0.426385966999814 -0.205789618315289
-0.0581514214062316 -0.102971896389459 -0.431146463535817 -0.147487006800518
-0.0623127612367841 -0.117793221350025 -0.387360012181117 -0.173906074065061
-0.0203264690041112 -0.138008657316611 -0.300689750465093 -0.213943788747913
0.0315208070553952 -0.12023497410213 -0.156503675873835 -0.217130014554548
0.0824302804114455 -0.0731733059842546 -0.0736019093060875 -0.112631822785098
0.0678549317509496 -0.0473172930630957 -0.0409363094371746 -0.0121106978413356
0.0622614776793676 -0.0578804145190989 -0.160592365739317 0.168384998705881
0.117192279117152 -0.0990153024320685 -0.389507118836781 0.210736646158448
0.204842201680497 -0.0049180396064905 0.324703683719091 -0.413483159196196
0.160574100093802 -0.0862672158341265 0.140110504331739 -0.321467584331787
0.0418564676025582 -0.166492146259536 -0.00119108314304252 -0.0346731964088258
-0.0780884449328977 -0.127087732480815 0.0155659995400411 0.104902104968395
-0.115444703120441 -0.0250633572954614 0.153253309393865 0.238622750843273
-0.0928539198829899 0.0228164626296025 0.33966578138037 0.212953895166112
-0.106956334655176 0.0513167826589898 0.440910675925496 0.0975565324072911
-0.104352195562199 0.0636359939828988 0.451028947162541 0.0119373677421499
-0.118533783033411 0.0527581326384693 0.452132748400281 0.0390801655274141
-0.113480488544817 0.0084461673432187 0.372955321339543 0.111235257846755
-0.129622534704016 -0.0458592980303986 0.216303877102228 0.14450179158917
-0.0938994442451066 -0.148871199064703 0.101820169531329 -0.00573184143192722
0.0295889340309802 -0.171675435245563 0.140245250709504 -0.156173955015902
0.11343349203351 -0.0821437540408835 0.326941279661279 -0.29936379973402
0.13203334538201 -0.00411526500198937 0.608001051644698 -0.335417995684904
0.410959666668512 -0.161554100940397 0.240397175000732 -0.382515226841447
0.326013065032568 -0.237381221759588 0.108889785431087 -0.302705085086761
0.15236274176024 -0.375230525012579 -0.036634134112505 -0.0409340945672845
-0.0640513088677181 -0.339024529969708 -0.0447328053969165 0.0999611236199268
-0.212028466571628 -0.197503754886346 0.0954141010606522 0.263716101195953
-0.233115381280274 -0.088220999106477 0.275748379608088 0.239546977809368
-0.284816846638427 -0.00843815806553081 0.37790061393969 0.133084048220987
-0.27926185931041 0.0495477100637569 0.380888650778191 0.0294470758910976
-0.303516879524628 0.0364813624778654 0.380538032483699 0.0344325497696499
-0.268016206731052 -0.057580508779764 0.301559245677439 0.095750412075153
-0.26623103089967 -0.149061852702258 0.158368219590485 0.126048629072497
-0.177995466574655 -0.324473590607606 0.0408872304002915 -0.0329620081202262
0.019151901926492 -0.393408815060063 0.0947694758590105 -0.196195549496811
0.222841071527056 -0.280941031141714 0.276509057487981 -0.339892448209797
0.330744203597316 -0.180044231042201 0.530934708480535 -0.362971731018776
0.569976543057762 -0.294554156197663 0.0885924136803236 -0.313246131725008
0.463904232815013 -0.366522439005922 0.0338373045622354 -0.250850813670137
0.257867707522896 -0.551572357046386 -0.0739990931905427 -0.0382351278702262
-0.0342728320182801 -0.531874056499247 -0.095001492369337 0.0805578519101771
-0.281180929107871 -0.36516289794102 0.0315031336964484 0.241555844047836
-0.346441775288252 -0.200830004361248 0.173035622379751 0.218522611944436
-0.424124920316836 -0.0758564565455852 0.255030942422801 0.1415944383471
-0.413118802345631 0.0298204626906966 0.252763934574349 0.0435222387427846
-0.443121783047459 0.0281253699605642 0.253943825992414 0.0309114612240359
-0.390966127159321 -0.0962582622844262 0.185882555801973 0.0793939634093314
-0.387584417692442 -0.210722314982077 0.0777432277019196 0.103701021912738
-0.274021500168671 -0.446998196441674 -0.0281880912422688 -0.0418816129431515
-0.026948307251758 -0.56541157195629 0.0357011268052718 -0.197714230141482
0.276187487678555 -0.454464255606299 0.196906407873885 -0.316330421658507
0.467000447556961 -0.339029762872034 0.396450529249064 -0.319100678504976
0.647444646104107 -0.396516134166363 -0.108430008467725 -0.206747629695552
0.534157524631907 -0.46645183788922 -0.0809332649833179 -0.162005346298183
0.312606613860955 -0.671912001387382 -0.115250091054376 -0.0174532030844479
-0.0168893982040397 -0.659786624885738 -0.132756402864111 0.0526276163610973
-0.321305150611687 -0.479902947872068 -0.03723028437254 0.17374524740065
-0.413045261592283 -0.282543203871032 0.0399784959193564 0.152865735456662
-0.502978358847318 -0.129979808638433 0.089897168721023 0.123523815847797
-0.484969174997165 0.00597856816778885 0.0866836327958724 0.0520842458028208
-0.516462697407017 0.0161972277744782 0.0918972030567065 0.0341083017434316
-0.458057329019562 -0.118335366799165 0.041144340777303 0.0686642960457689
-0.453032060380577 -0.240122304827998 -0.0213338611817822 0.0823819842183586
-0.330259619182684 -0.504247575521798 -0.0955602608671769 -0.0353705222585007
-0.0694146799919668 -0.650202855912399 -0.0187020232730717 -0.163950405875529
0.282566631359472 -0.555277046498501 0.114768353632083 -0.228747378561095
0.527307247822103 -0.445408068499747 0.231041662087237 -0.209731943449743
0.622911416593493 -0.447453879596233 -0.31766335421785 -0.0714022995919312
0.500791727550654 -0.510375730364489 -0.213345976321017 -0.0426510023204504
0.295901098811397 -0.687051119186004 -0.154633106111671 0.0146474318242934
-0.0195683563768296 -0.670019001385845 -0.159260874733103 0.0190666092774964
-0.313607188584446 -0.501501692378404 -0.111128613480792 0.0729193414769434
-0.413440670218717 -0.308776662909815 -0.11014326993107 0.0597799331770415
-0.504332636818191 -0.158631139960701 -0.0940370064922401 0.0847181907601495
-0.483793321750177 -0.020227556246684 -0.0923529261659419 0.0544893310784884
-0.509034263960163 -0.00889602538717893 -0.0804380587155773 0.0386899661710409
-0.448254502460279 -0.139651066255843 -0.109322698636393 0.0565554893008786
-0.432606925223357 -0.250334856771474 -0.120647806071973 0.0541330529813952
-0.30314956198629 -0.488597093397469 -0.14538713116904 -0.0266169642470809
-0.0668683540474197 -0.625555545190351 -0.0543701128309482 -0.111344182267973
0.262233415932119 -0.550860681575363 0.0448035100811553 -0.0980967725185081
0.511534316225849 -0.470934151370249 0.062256715761393 -0.0571544115287962
0.493828639079089 -0.432595369060134 -0.496740420105934 0.0744305558612652
0.370233180304109 -0.467341100264146 -0.326154797139664 0.0871934320562661
0.21169756861336 -0.571657061783759 -0.180358935465139 0.0489942352582683
-0.0219252340242706 -0.539691777385918 -0.168661242712676 -0.0117954829840585
-0.251310410797766 -0.415346965941145 -0.173836013356313 -0.0325968894212235
-0.341317229675786 -0.271889481424315 -0.247007977740339 -0.0355836018537104
-0.42407712603702 -0.159092789353092 -0.264801392368522 0.037100469134947
-0.408504841225473 -0.0463611555938294 -0.25592714131224 0.0471759728760474
-0.427334795496236 -0.0445769836714844 -0.235975849028049 0.0333026681819657
-0.363775009216693 -0.160828028804742 -0.237233068644791 0.0277090518426954
-0.323690599774705 -0.244640443578237 -0.196758975973587 0.00542816285686673
-0.193481902742367 -0.411735567242754 -0.165912057797034 -0.0323445256268122
-0.0177761962111387 -0.500373520574085 -0.0674827267629236 -0.0617947960775427
0.224579422236874 -0.440106249126526 -0.0101733651054009 0.0342298718986639
0.423731606723494 -0.408805188281499 -0.0917770572957979 0.101233257295362
0.289490865172798 -0.345429867419912 -0.608049705395499 0.20985231976763
0.178938888721387 -0.337839705353782 -0.391382313712279 0.208939722878904
0.0978665334515541 -0.350858679162742 -0.184165491262535 0.0833930390635161
-0.0164488482742088 -0.314359787688278 -0.156756609834397 -0.0256793048988152
-0.143559967119204 -0.258249896255494 -0.211189483350311 -0.113110816821353
-0.212016158072753 -0.189607180532242 -0.34566237520261 -0.106730361460955
-0.275943497785936 -0.132402235805946 -0.393758368944969 -0.00539225337181679
-0.271084482693054 -0.0644084014551125 -0.378142966267298 0.0328648398125866
-0.282548199065018 -0.0765407204783349 -0.351431680312289 0.0091741664092926
-0.227627224753429 -0.160601911551427 -0.319880826091032 -0.0265410417461159
-0.168606291057801 -0.207761801743242 -0.230315916995357 -0.0657565827332608
-0.05547258940947 -0.276891971819933 -0.149589889499772 -0.0536849152507043
0.0361540109864895 -0.299500434776542 -0.0611662828779354 -0.0254036067034335
0.154334620647209 -0.265440685459024 -0.0564804859234631 0.140278032294968
0.275758604131934 -0.284694681878164 -0.215728180405878 0.232247478346529
0.0476863611188732 -0.195020761664761 -0.634099927250915 0.31586422509643
-0.0174470855129673 -0.146082478103213 -0.398075652407474 0.308039807843886
-0.00247912954394166 -0.0847669413533644 -0.161599345430365 0.118777607264474
0.00862801497479101 -0.0641518497106961 -0.122576815006948 -0.0215002658289445
-0.0117624533383226 -0.0833165928200159 -0.21782855297469 -0.158442048959883
-0.0484537115133768 -0.0923777599459379 -0.391978313702064 -0.144217550700979
-0.0833616557357721 -0.0928542817573039 -0.462981032362541 -0.0349468948023776
-0.0926767756397177 -0.0736283174677198 -0.443462258189629 0.0138951815673924
-0.0998189781893203 -0.0861539899581137 -0.413455345321056 -0.0287122683310439
-0.0685528663141125 -0.119271459255165 -0.346795906306174 -0.0945570594398861
-0.0131312761667099 -0.122682580061337 -0.217294655124249 -0.142198033298524
0.0499241751806889 -0.0978248189025318 -0.103972989092383 -0.0769422446233152
0.0460420011861281 -0.0679222341303254 -0.0445147685240074 0.00218964607892087
0.0398587752645001 -0.0784670976459074 -0.0951258731526561 0.207830078715989
0.0807847895133728 -0.13524240130431 -0.299103728047732 0.317509036246727
0.200798897160612 -0.0102321701429574 0.311772836556461 -0.422905561256907
0.156927094778815 -0.0885073014123251 0.128915223665417 -0.325235729698276
0.0372619749044114 -0.164557480684279 -0.00136824934818536 -0.0369100142524177
-0.0800256514215731 -0.124123970301705 0.0185082324674051 0.102191526409628
-0.114174925890643 -0.0231871761013534 0.161912214733254 0.231567286159013
-0.0910754560262047 0.0237207863389245 0.347075777137863 0.19950596141599
-0.1045549280784 0.0546984355561077 0.440255167768051 0.0821468236888539
-0.100049072686345 0.0672932425206891 0.447400654043519 -0.00208580162306009
-0.114809134168439 0.0568428569222585 0.451556742199303 0.0237046560359782
-0.113109085920671 0.0117910015097199 0.376855573373412 0.0962399458580874
-0.130465503015264 -0.0409802963593949 0.223631176447022 0.136083616424653
-0.0988188955123119 -0.144089818164547 0.10049423609673 -0.00768162124243223
0.023269778133818 -0.171984166469814 0.134766516844692 -0.158059459632525
0.110645817361461 -0.0848536230167948 0.316148756682712 -0.306836933218591
0.129958401344079 -0.00949283278930696 0.594929226224301 -0.352193768554756
0.400953248907331 -0.174263770831766 0.229349729086783 -0.388663160871485
0.317648669409389 -0.244207955623703 0.100474884176179 -0.3049756371711
0.139315070503771 -0.37498146370342 -0.0358973115632417 -0.0423885696089871
-0.0722749549816527 -0.336609127173166 -0.0423129001200658 0.0980232266577374
-0.215564219637075 -0.1910417289241 0.106730449865101 0.258184667339615
-0.236277990510212 -0.0831022316878817 0.284090709940131 0.22888454121912
-0.284061149328707 0.000556500998128456 0.378833660619264 0.118472508085846
-0.275388344260986 0.060143819911932 0.378433922032921 0.0178892073466507
-0.29999428419517 0.048088987571447 0.37873166638597 0.0209135084026253
-0.270074899474161 -0.0504860342830869 0.305242794706432 0.0832983261568294
-0.269995050105739 -0.139785846866623 0.165427189516 0.119024348913944
-0.188774292573689 -0.318177129626947 0.0392799492352306 -0.0326526334457912
0.00507035727720233 -0.393731843606583 0.0883549878835039 -0.197634995549298
0.216388682597356 -0.287009865282008 0.264498541966607 -0.346048778607872
0.32370406916019 -0.191920247364982 0.518720379178998 -0.376196627350403
0.55632005194617 -0.314430605428993 0.080964497786761 -0.314682654900722
0.451529662491676 -0.377534891453083 0.0282142441479683 -0.250149090968167
0.238613629305244 -0.554245272489118 -0.0728148767647374 -0.0385235290293406
-0.0476943401766728 -0.529939900382899 -0.0936157203064718 0.0796989042684239
-0.289714589639585 -0.355243828629404 0.042660769328345 0.237284226638215
-0.35349172279933 -0.191293513110606 0.181019876200751 0.211253377137895
-0.426339240499751 -0.061236561460117 0.257930463394721 0.129969771544816
-0.409267177839451 0.0450350348154512 0.251729163374896 0.035141358585626
-0.440322216919173 0.0448286234212151 0.252399892743975 0.0211456594421276
-0.395778133248296 -0.0850790750773214 0.18857178179531 0.0711413916505717
-0.39371586510582 -0.197473613918145 0.0825509834270472 0.0996584537366791
-0.288722760187044 -0.438537431713865 -0.0297571378356176 -0.0392119107106494
-0.0461805375448386 -0.564975760065111 0.0284711682583156 -0.199322997755861
0.262340931624213 -0.463593302803001 0.185305605418454 -0.321156567641706
0.456633425772115 -0.356183577647981 0.385277751596656 -0.329563386267
0.630868275682859 -0.419630112604936 -0.112877288068994 -0.202501857625442
0.517161915311413 -0.480594846637642 -0.0831181251913906 -0.157404919474979
0.288338498226764 -0.676805916820511 -0.113395777609044 -0.0159165109285712
-0.0354972987702648 -0.659308999808361 -0.13233584965055 0.0528556850583453
-0.334168410475076 -0.467289357849861 -0.0280825078789812 0.171396499349746
-0.42423561719233 -0.270874796116594 0.0455682849495294 0.151408254258913
-0.508695889058595 -0.111077596437597 0.0942418692607657 0.116625466587686
-0.482544521668849 0.0255955994027848 0.0868620490547885 0.0481662783997002
-0.51431034341568 0.0363458849125789 0.0911451977878516 0.0300729441813705
-0.462609456401793 -0.106548408771572 0.0433390720772881 0.0656313787848296
-0.458460352418893 -0.224972380688751 -0.017090358318238 0.0804966624384622
-0.346404227694581 -0.49347181437395 -0.0961796404622368 -0.0310287359808495
-0.0903564135489944 -0.647754978315906 -0.0246786144349713 -0.165033954463416
0.267552157890492 -0.56364525813181 0.106237308158768 -0.231077743058465
0.513235221918523 -0.465957081443984 0.223246801599138 -0.21455369763523
0.605768434749862 -0.468608341773456 -0.316423170098792 -0.0619869510704281
0.48608838095962 -0.523803298331299 -0.211122529605063 -0.035379286922396
0.270686404026817 -0.694587854906294 -0.151941309451376 0.0176561258023456
-0.03593905601926 -0.670703719685756 -0.159983201374107 0.0205480886479306
-0.327612815659046 -0.488860560433093 -0.105181849173441 0.0736302631198176
-0.426128755165997 -0.296539478924763 -0.107554750626425 0.0644517560707079
-0.510639138820629 -0.141044841678673 -0.0896222327909616 0.0836465510203984
-0.482838607004411 -0.00153876749544805 -0.0902024659884815 0.0555629311731686
-0.507481771936182 0.00993739726769614 -0.0802035554911028 0.0403542873797386
-0.454570374389888 -0.128111581043448 -0.107173743018941 0.0595294393395414
-0.437194919218354 -0.235751131865798 -0.118026126072202 0.0560083756295553
-0.320163220771833 -0.479654971042393 -0.145113000065691 -0.0210467628319899
-0.0894844065264212 -0.625389663590988 -0.0587149117862075 -0.111750183963215
0.247569221806815 -0.557200246338503 0.0405156444660061 -0.100572509372763
0.496126240343003 -0.488278239387442 0.0588391758404788 -0.0566770255503006
0.478366028208799 -0.449274233272874 -0.490416811790005 0.0881763700997379
0.357793070820058 -0.475511373781827 -0.318558959920607 0.0976301205888072
0.191663226015194 -0.575967366447827 -0.176708966167269 0.0533431776442663
-0.0370858317335595 -0.540246408360982 -0.169902838557292 -0.00866719516170059
-0.263911146422034 -0.405734444751321 -0.172754474756738 -0.0283729319547007
-0.351756737186092 -0.260861603296104 -0.248065432845805 -0.0259016241628293
-0.431664233259839 -0.141692431719893 -0.259748372522771 0.0422154382199269
-0.40951855847938 -0.0294566839551842 -0.252135815740076 0.0537060470953467
-0.427282247131375 -0.0278663656006712 -0.234308245251769 0.039847846759837
-0.372370914256732 -0.150640367500464 -0.234803160381952 0.0356497600373268
-0.330581046713256 -0.233530105156308 -0.195563637098502 0.0109890914663131
-0.208208089997075 -0.40529764157854 -0.164253550259361 -0.0265466274324048
-0.0342161285909433 -0.500217600304279 -0.0702230293172817 -0.0619285009691718
0.210543546706207 -0.44671024132329 -0.0103204264277223 0.0331646412076337
0.410170709279559 -0.423881354505094 -0.0901851049287372 0.106148569122827
0.278595311468656 -0.356168183914776 -0.596551922911051 0.226407900447087
0.170795832503633 -0.342798821812301 -0.380704701961984 0.220829572682007
0.0860976525448966 -0.354074789861828 -0.180563560359866 0.0889249523562314
-0.0257296309960932 -0.316231469629089 -0.158025234620616 -0.0221794670775968
-0.152280468574632 -0.25253949585846 -0.213982378101288 -0.106997051690911
-0.219828045972829 -0.183022285463669 -0.348421503169156 -0.0944992380216721
-0.28188963467174 -0.121680108467137 -0.390511775359718 0.00489575860529497
-0.274568740641893 -0.0530970364835558 -0.374360066182031 0.0421504792488577
-0.2856362793902 -0.0653837432543515 -0.350270075171481 0.0195359879886396
-0.235843474804747 -0.154041609271746 -0.318696751451156 -0.0152400822730365
-0.174325743111873 -0.202422817855798 -0.231703767080564 -0.0581177320276507
-0.0653510125582466 -0.276309244537457 -0.149158767734373 -0.0490154990230987
0.0263910308658611 -0.301006638332039 -0.0628033475465449 -0.0251349556315007
0.147284111198753 -0.270741712444188 -0.0523553421005578 0.139662355334615
0.267247628762126 -0.294740061483937 -0.210818364954785 0.239744513402499
0.0439103465694513 -0.198073417531752 -0.621332503253636 0.333497968577394
-0.0198171170433951 -0.144909682744704 -0.385072879548609 0.318934071278623
-0.00506626534137311 -0.086041487406743 -0.157758099424398 0.123808717356041
0.00672075942024458 -0.0653064368446134 -0.123106546870275 -0.0184420594634405
-0.0143959981347259 -0.082231951902913 -0.22387928629302 -0.151371723041195
-0.0530445041854289 -0.0903848715912024 -0.396450169178807 -0.129002702809727
-0.0884131819210495 -0.0883016508327069 -0.460013515620777 -0.0211824282386154
-0.0971340051560541 -0.069009686742925 -0.439524242304345 0.0255091906461878
-0.104293231164053 -0.0816788450977019 -0.412004080217946 -0.0153855037429117
-0.0748955049330533 -0.116805181721171 -0.347915122960353 -0.0813552850968764
-0.0181934460004047 -0.122716789521187 -0.221396041014327 -0.133915407742079
0.0453890029529403 -0.101013003010114 -0.104124098184644 -0.0738609505201508
0.0434562986437936 -0.0711352861763848 -0.0457337516887545 0.00233609460433196
0.0380905815429201 -0.0810603800987786 -0.0880220493877105 0.20870254178947
0.0785793837641319 -0.13920060243169 -0.29123781193775 0.327851791872654
0.200915632253829 -0.0157383758018373 0.305793314938143 -0.440349557872402
0.15642263453234 -0.0928388594462775 0.12103740180166 -0.334295557028614
0.0333215439625629 -0.166383660613138 -0.00124091644841966 -0.0398675297148488
-0.0836472853049007 -0.123186091450675 0.0225675634111801 0.100756576693525
-0.115586797563851 -0.0210569219279813 0.173819903118621 0.228406712344479
-0.0909157015535939 0.0250766007851247 0.360496676050828 0.190080140053639
-0.103733836556658 0.058768271112678 0.448540660781266 0.069004758291592
-0.0977724239947378 0.0719390565226073 0.452129345238513 -0.0142392647672893
-0.113541011393498 0.0620696786420378 0.458805135921675 0.00872593356398075
-0.11400172592266 0.0153202660761012 0.386536553601461 0.083106487390186
-0.132965519790674 -0.0367200137057417 0.233250156122944 0.13028128387505
-0.10470938996169 -0.141695808277577 0.101484629739808 -0.00934180066348774
0.0164077583771906 -0.174740401189314 0.132129796831911 -0.16246327932765
0.109642668080081 -0.0894987316847355 0.309683819188244 -0.318654750550046
0.129878021228508 -0.0139011988235592 0.593283868124812 -0.373661726869429
0.39884480364702 -0.190617890809693 0.222609229295638 -0.401584936401311
0.314448353010503 -0.255371869177586 0.0932284034793986 -0.312166967438397
0.129139201649057 -0.381620586624727 -0.0358646238651032 -0.0451467634157379
-0.081424665025514 -0.339255783466627 -0.0407698306718482 0.0980367342894674
-0.222872844719147 -0.188817443065164 0.118169882155293 0.255579069009317
-0.243331706518312 -0.0792783895799208 0.296970038444883 0.222178075405208
-0.288898513137536 0.011027704643028 0.387472874729608 0.107014892902
-0.275701106103373 0.0714300087729095 0.38191353070136 0.00801559360380165
-0.301882852594376 0.0601396513690333 0.384572452313109 0.00775651898522607
-0.277476584008056 -0.043543958198833 0.312390183535558 0.0722228876176206
-0.277757460217836 -0.133011550320947 0.173177556784018 0.113922561598667
-0.202560765285271 -0.317331157020376 0.0387251484054668 -0.0328674715756231
-0.00755521401736355 -0.400504263555578 0.082708754382892 -0.203334279989154
0.210833831444825 -0.299001981839911 0.256611228828262 -0.357531462650353
0.322086824263172 -0.207232863170982 0.515470746098655 -0.396343755129639
0.550768041062452 -0.339158507945881 0.0733160287388432 -0.321256245968304
0.447186025865319 -0.394742576066266 0.0232446850175788 -0.253639816044162
0.221519325469146 -0.568160189119514 -0.0727804616851715 -0.0389453124860912
-0.0625165366347487 -0.537715196081859 -0.0940611703666117 0.0804345478682279
-0.30355286992759 -0.351872701788201 0.0535789572155095 0.236503089686225
-0.366866240398664 -0.185871551116931 0.191509409922624 0.208690065587393
-0.435989941960407 -0.0466967567052775 0.265957169705102 0.122001200176979
-0.412290588145892 0.0617711402337349 0.254616214349239 0.0278165751526774
-0.444193110065205 0.0621946807586269 0.255261317430377 0.0121977688434437
-0.407753571840211 -0.0762508596246225 0.192864088435269 0.0639204243025252
-0.403901799113104 -0.187887777043289 0.0885016349093871 0.0963097852757432
-0.308726897278689 -0.43762967864807 -0.0310012137818104 -0.0379189578603473
-0.0661570406720035 -0.572888872398197 0.0221212781267702 -0.204792729521035
0.255160018787791 -0.478812540411268 0.177104447137575 -0.33057334773335
0.451313546142413 -0.378387376201109 0.381740390972339 -0.344308427017115
0.62426839895451 -0.447344047363352 -0.117675153785751 -0.201738315150284
0.511662021956841 -0.502675895840943 -0.0863325709893094 -0.15635757285983
0.270446186140606 -0.693459532803344 -0.113656746859203 -0.0154634444589079
-0.0544839160198503 -0.670556494292759 -0.134982210354151 0.0545799510782287
-0.352983951809429 -0.463677572987334 -0.0204858194732244 0.171710214224455
-0.443433229957944 -0.26409698632843 0.0515549342467791 0.153095158917576
-0.522520655984484 -0.095907449769218 0.0991284758872112 0.112505270928471
-0.488894676721537 0.0433351540769347 0.0884529509635917 0.0461817393195399
-0.518178278550205 0.0556698367585225 0.0914099192336952 0.0265066166644576
-0.477216541479974 -0.0952948627315752 0.0458919904720523 0.0641950814747017
-0.471664304322623 -0.214156056675402 -0.0138755622242042 0.08067339769091
-0.368744623622231 -0.491217985899942 -0.0978280010623561 -0.0274492960935653
-0.113940161535779 -0.656353522463056 -0.0307934004736577 -0.168924187296458
0.256845210471233 -0.58316656221525 0.0985422780901713 -0.23764112181123
0.505950723331023 -0.492033886910562 0.220131066135114 -0.22242242959365
0.598088019813559 -0.497312666164776 -0.320790730517688 -0.0534199271474641
0.479796003244268 -0.544802176873705 -0.212007403228653 -0.0288255592251091
0.251857328089255 -0.710832946416846 -0.151465206041211 0.020896958116292
-0.0563644772535646 -0.681548701969495 -0.163057345336757 0.0236882409167378
-0.34861506548997 -0.485463750198115 -0.102223561062049 0.0754303007084517
-0.444961071104128 -0.288541885693078 -0.10697419738967 0.0695343448845744
-0.52726869237004 -0.124288556937077 -0.0876455436786005 0.0849513329028679
-0.489709584878309 0.0180561969696647 -0.0901927036228055 0.057571910142911
-0.514809683040165 0.0299453979680923 -0.0809995042610468 0.0432237179014436
-0.470156291434749 -0.11710941477162 -0.106660448926231 0.0632473189889237
-0.450884584236173 -0.225515212391284 -0.117114647336153 0.0594312416323726
-0.341593988047303 -0.478105686898337 -0.146602385452862 -0.0166168017621135
-0.111920313224826 -0.632675112373861 -0.0639398770691915 -0.114493351073906
0.23589919125327 -0.575567644152739 0.0364939583010556 -0.103581307000601
0.489403128750252 -0.515533523507438 0.0570417616166572 -0.0572231891899918
0.470929641909569 -0.474289859168791 -0.493039064230571 0.103668660420255
0.351122574455216 -0.495567579316308 -0.31843560005484 0.108914450115847
0.177093899219579 -0.591734368404896 -0.177181846793533 0.0588328258687095
-0.052285186520558 -0.551381513252714 -0.174658431698558 -0.00491210301387242
-0.279922747391286 -0.404164954754117 -0.175127468770106 -0.0256200793151028
-0.369777744793563 -0.25455255056379 -0.252547023339532 -0.0169113242287424
-0.445639896739163 -0.127829241147329 -0.261762355199535 0.0482186503766363
-0.41681762623908 -0.0144053257855725 -0.253879774712242 0.0602991469087137
-0.434830032951877 -0.0119027126190341 -0.237043066475811 0.0475094800403192
-0.386119453985049 -0.142165143685207 -0.237230386299577 0.0435852054122999
-0.342656140636996 -0.227855777764697 -0.197400288961902 0.0165241579399956
-0.225511028090021 -0.40779650160102 -0.166011587400941 -0.0214738031914864
-0.0521166853525005 -0.507950398555908 -0.0743128017704831 -0.0628849739315749
0.203807282653888 -0.461924061509102 -0.0107747867651605 0.032354464353615
0.405118969931489 -0.446645130980845 -0.0896562349191601 0.112771186185972
0.272457600397226 -0.372772292839284 -0.597390448923693 0.246630745697493
0.165325569946765 -0.35351779265523 -0.377343037039141 0.234778716371854
0.0769746708499677 -0.363697456676718 -0.17967348975341 0.0957516650396862
-0.0347998139989515 -0.323596446542855 -0.161886652013376 -0.0177664269548029
-0.161689253304285 -0.251194165341114 -0.221358963746842 -0.103513032727227
-0.232453792394749 -0.179115690767563 -0.357319029627511 -0.0824070984238622
-0.293192263184478 -0.11103767892511 -0.394359335364681 0.0139749329315906
-0.281035104522091 -0.0418876206580486 -0.377992928309914 0.0515958999487684
-0.293055398572997 -0.0551406870197599 -0.354822291534052 0.0309099089635114
-0.247661028544616 -0.149124478116295 -0.323556586209024 -0.00401060326163769
-0.184327882886163 -0.200770130251391 -0.236449688960296 -0.0517478831624022
-0.0765373892939686 -0.2803806458368 -0.150811081632539 -0.0449378991473207
0.0157693219878352 -0.308018290792181 -0.065748903825929 -0.0256761656723954
0.142894629467241 -0.281137527753903 -0.0497231530031459 0.141710819287408
0.264741717163038 -0.311778800716108 -0.209118188770239 0.252561204941502
0.0401695480395223 -0.204024028939769 -0.618590082605789 0.353806894406056
-0.0228119592818379 -0.147277359368774 -0.379563205066571 0.334550375666056
-0.00786483892152247 -0.0887555846381339 -0.156111692330311 0.131912210068094
0.00533248440743148 -0.067833120466897 -0.125675777646928 -0.0145343084919269
-0.0163659594209101 -0.0828355610079627 -0.233914839592496 -0.147523421458731
-0.0581480797419111 -0.0894441992755296 -0.408167910058862 -0.117469245352487
-0.094214590092301 -0.0854260099587672 -0.466201522329257 -0.00875473582108631
-0.102402223254367 -0.0652112586666088 -0.444098615117298 0.0367722947178257
-0.110434958025058 -0.0778451702825016 -0.417997497620991 -0.00253499083954529
-0.0823006601931314 -0.116203537923293 -0.35543225112988 -0.0699776850969519
-0.0237770373011729 -0.125375992440242 -0.228518802051534 -0.127417593083313
0.0408425274677236 -0.105922863444159 -0.105510006154066 -0.0719229217327786
0.0406606393277704 -0.0751939894622246 -0.047513401311368 0.00271540856504474
0.0373947865110617 -0.0853712033694279 -0.0842711562905717 0.213066410673588
0.0772204006183359 -0.14687986785453 -0.288609453968055 0.344105544514018
0.202388229663322 -0.0259203758431113 0.292337331569579 -0.466628484407124
0.15562701880645 -0.100621860959681 0.106894997505192 -0.348890861859104
0.0275354568871235 -0.170014393320024 -0.00300734270792859 -0.0437217783392605
-0.0900431867566635 -0.121849445845584 0.0268804553696774 0.0992807691773308
-0.118574537265127 -0.0170552699336615 0.190693736945052 0.223273803977828
-0.0918736908452699 0.0279116628222517 0.380268707354312 0.174721416075165
-0.102627662865514 0.0653053769077219 0.460538103954972 0.0489656426166381
-0.0950039413642112 0.078133011881229 0.459817037587613 -0.0337706075407557
-0.111091202694879 0.0696717356062932 0.46834679195812 -0.0164902058568885
-0.116005652070063 0.0216139313859417 0.399900470413934 0.0631977047347951
-0.13702745510414 -0.0300267311505668 0.24709545567207 0.120577075996807
-0.114378090178221 -0.138710107660457 0.102588443588445 -0.0130583807909393
0.00793526021421542 -0.179552447820368 0.127401805050701 -0.171030861120013
0.107326390229263 -0.0964259674790853 0.301592984712403 -0.339216737870291
0.129744273344972 -0.0212137254748826 0.589418594078076 -0.411502916683292
0.395518250010698 -0.216029487416168 0.209529023064175 -0.420989712268657
0.309904896009731 -0.274798515767562 0.0810737080417799 -0.323721882346512
0.113346581750079 -0.393873149666981 -0.0382090907652295 -0.0475136530967093
-0.0976887552010715 -0.343773804642863 -0.0393781455294565 0.0988299149965287
-0.235788252751107 -0.182595766427899 0.135059524407171 0.252172667097777
-0.254116715893656 -0.0715227931906469 0.316821246945566 0.211687807397309
-0.295978645025324 0.0258548139785457 0.400654025376075 0.0895442003461173
-0.276971872573215 0.0873452893982262 0.389199630921365 -0.00851217336649166
-0.30366322114239 0.0779901949275887 0.391298212367034 -0.0125475875866128
-0.287927297330008 -0.0318080793965818 0.322938339824835 0.0563780580302099
-0.290318285932115 -0.123017186491615 0.184149190773792 0.106996494440385
-0.224306908959127 -0.314650322565498 0.037579739020391 -0.0344407865498172
-0.0296884026435932 -0.410170728287214 0.0749511179959175 -0.211717588572548
0.203345094117787 -0.317517389953429 0.244329049665786 -0.375785953796376
0.317732548489963 -0.230327083619073 0.508045065885191 -0.43004042782739
0.544733012002309 -0.375128431555805 0.0610533338800033 -0.331466922436139
0.438646165095629 -0.422808782839221 0.0134370598465768 -0.260931788746425
0.199453067336932 -0.5878681436265 -0.0748562224535747 -0.0399938488887726
-0.0871205678571541 -0.548195383910692 -0.095209944312345 0.0840271449100838
-0.327178553939547 -0.345345267842385 0.0679552720735006 0.235696856754754
-0.387268487118925 -0.174453021197913 0.20785516351787 0.203895050554434
-0.450446135690596 -0.0248543780110847 0.276429087986167 0.109949244286605
-0.417819661548563 0.0854299965752089 0.259381040177584 0.0177394388949706
-0.449394351613048 0.0876683711844141 0.259127285814448 -0.000695392617140718
-0.424678351488951 -0.0588119787202082 0.200397996121965 0.0547069616952476
-0.421797617525659 -0.173149680700408 0.0961204409430922 0.0918984712115931
-0.337543283917773 -0.432413856123894 -0.0334068271802477 -0.0369416684815454
-0.0980228003223054 -0.58396276201366 0.0117948249731398 -0.211356604782053
0.240537135327708 -0.506460415425345 0.16348492662601 -0.344348827923499
0.442351187773185 -0.414150003662338 0.371759060759851 -0.370512272905596
0.612044363101163 -0.491218023850773 -0.128374564923905 -0.19960416875217
0.499822012083537 -0.536323990631072 -0.0921722123832366 -0.15556086441826
0.242326108380219 -0.718300621633655 -0.114506812862101 -0.013427098838761
-0.0860784073924621 -0.68640048647263 -0.138605086957406 0.0603222066008779
-0.382573738945529 -0.457817137879157 -0.010961029703933 0.172499052235361
-0.467486918234472 -0.249535133169092 0.060718610753171 0.154215837480033
-0.541251898342899 -0.0691432994888478 0.106373971475203 0.107770717140907
-0.495520351326493 0.0697059275749626 0.0907139675748036 0.0433168178916181
-0.525143169832081 0.0849730457926632 0.0928569320799191 0.0223215678161416
-0.497533428802977 -0.0751585469627713 0.0492526005512328 0.062404075740271
-0.49241912534227 -0.195767431481079 -0.00995030319440885 0.0815973891819619
-0.403243480279755 -0.485871270359625 -0.100554561448206 -0.0230123155004597
-0.151677493107807 -0.668625057259235 -0.0418275721413848 -0.173032276626302
0.237054610877975 -0.611484769177359 0.0878535962143224 -0.246641527583417
0.494990793708647 -0.533670740740617 0.21367330995099 -0.237205770810771
0.585544613361823 -0.540810416082592 -0.328860277846798 -0.039238277794688
0.466296368582953 -0.579774481478746 -0.215007362890285 -0.019445323965977
0.223859175558505 -0.736969386515758 -0.152295513617268 0.0261141075887244
-0.0865396015875565 -0.700013114059612 -0.168664988564987 0.0303756940779025
-0.379665478858961 -0.481275797372426 -0.100017860890613 0.0786729739829443
-0.473602292700702 -0.275236286688726 -0.106168765853699 0.0778401517247349
-0.546964183939662 -0.0981375053979328 -0.0854413156912792 0.0880574075070971
-0.497921671130185 0.0452880797643457 -0.0904464918441657 0.0625000966931355
-0.523479125937519 0.0585189061820611 -0.0819009077645543 0.0479332690597517
-0.491642232871845 -0.0979642679055364 -0.106218696238835 0.0698524290279532
-0.469890387855857 -0.210707822002697 -0.116658485762862 0.0649067180493616
-0.375020565581139 -0.475334504496696 -0.149644955001554 -0.0101661564698793
-0.144906098565994 -0.644363809523335 -0.0733316213846305 -0.115580773387147
0.2166130281132 -0.601753895125225 0.0306014685381458 -0.106817757356096
0.473733200328149 -0.557510386884987 0.0549152449729813 -0.0591257800237641
0.457974187709177 -0.511389720714533 -0.49697346089828 0.128708591677901
0.338980763634644 -0.523741484379798 -0.317135262158444 0.125810841448609
0.152345241668032 -0.614478703137183 -0.176764443591247 0.0676231739784908
-0.0798823689253 -0.567871660892682 -0.180439764250859 0.00341629393175089
-0.306392970288671 -0.399851589949172 -0.180764404666543 -0.0197752695005014
-0.39480971556763 -0.242355960883874 -0.260813159119186 -0.00257533501527864
-0.465124293655972 -0.105156208806671 -0.265283399159968 0.0593812886862489
-0.426970389547067 0.00959036228364245 -0.257349307382748 0.0722082101388575
-0.445436861482546 0.0126514672757522 -0.239997552986179 0.0606202696377965
-0.407349471697232 -0.127026532028314 -0.240172166627193 0.0570957689248459
-0.360159887626307 -0.217318400265655 -0.201247085037895 0.0260868747563245
-0.252679077611725 -0.40861455549711 -0.169317759299076 -0.014327842265049
-0.0801530083434842 -0.518266217220761 -0.0811121561826079 -0.0629585791492019
0.187825858319215 -0.484954228423079 -0.0110948240351163 0.0336919973566721
0.393247083150661 -0.483473171654785 -0.0873353076524242 0.122044148109707
0.260812731851355 -0.39759629189738 -0.59776835352841 0.279533166524936
0.155327527023109 -0.36953116141564 -0.372002940559586 0.256888223771749
0.0617944002977675 -0.376311744841684 -0.178261533897405 0.106613014143602
-0.0499948562105666 -0.333407902848051 -0.16754800406302 -0.0103207270128124
-0.177414717560882 -0.249963703371726 -0.233042385259219 -0.095954190544258
-0.2493410922508 -0.170522507354101 -0.371412856648547 -0.0650833085812132
-0.30748050387411 -0.0964044765147041 -0.402648700798694 0.0310555025939708
-0.290230078702717 -0.0270554688857975 -0.383728221022409 0.0681777138335448
-0.303734425332736 -0.0383809065613221 -0.360272625748612 0.0500513248190358
-0.265211423327641 -0.14077303490321 -0.330993961943834 0.0125993110096506
-0.198494765146399 -0.198334278039566 -0.243932271552325 -0.040861605255438
-0.0939489662287321 -0.28529925481496 -0.15417884183712 -0.0396184849147971
-0.000506146821070177 -0.317530939821894 -0.0705121091449455 -0.0251543774803468
0.13389700450571 -0.296564524494574 -0.0457388004673206 0.147294719400722
0.255956599817107 -0.336332327932026 -0.20301852201251 0.272009418651658
0.0325098552974277 -0.212395714808058 -0.61627834293224 0.389652945907878
-0.0288462579904334 -0.149155609564253 -0.368827612908304 0.359396255011547
-0.0121412198893483 -0.0914549481442192 -0.151813987765026 0.143561789972788
0.00288082614414146 -0.0714892601151927 -0.128663497909812 -0.00795469918633725
-0.019904886173177 -0.0836712335159455 -0.248652836812264 -0.13940816794841
-0.0648201636314373 -0.0874133732583561 -0.424688009105367 -0.0988477408404553
-0.102862121225937 -0.081206785485672 -0.476130859569281 0.0116749721807277
-0.109587098350416 -0.059502201998749 -0.451698805350517 0.0560610964160827
-0.118961148302487 -0.0723708632071205 -0.426644258535313 0.0179310591367201
-0.0938185269997686 -0.114849890000046 -0.365979706602005 -0.0523320055411563
-0.0321596312685958 -0.127268380973513 -0.239428913642131 -0.118779261044997
0.0343813038134122 -0.111495433230716 -0.1092118340793 -0.0689342737762437
0.0366507776811776 -0.0805795718189431 -0.0504729640054375 0.00435934383475198
0.0351247598741989 -0.0907350711050327 -0.0764532388564174 0.220744387574976
0.0737322004380559 -0.157262051406625 -0.279789932177369 0.370282398748692
0.20068450541099 -0.0383058088580696 0.267031379591242 -0.491132507517751
0.150612122952053 -0.110931437544188 0.0837738448448265 -0.359396226243991
0.0175202911898947 -0.171979666031706 -0.00659087756944325 -0.0462249873371789
-0.0979489234992598 -0.117566361651229 0.0311221950840811 0.0959763626669682
-0.120983679439436 -0.0109782846495561 0.20812707090435 0.210466132485146
-0.0919709149508416 0.032065015460121 0.398827266377486 0.149669768174328
-0.0986400366102712 0.0732862907517303 0.468732875057226 0.0198013445762811
-0.0893373181094514 0.0844295438039776 0.461007852737196 -0.0605952869433981
-0.106018195963994 0.0777157402057526 0.471932602939164 -0.0484737216918934
-0.115318148825802 0.0295881293871198 0.408702684199014 0.0360698215559907
-0.140156685165858 -0.0211346385059434 0.259472248917064 0.105056251667185
-0.125084803690541 -0.13155342932131 0.102184201419363 -0.0184806048172745
-0.00481998126690491 -0.181768881889466 0.118111683109733 -0.178589866433278
0.101944715083332 -0.104297302842066 0.28311637342444 -0.3596409117928
0.127702518564672 -0.0298694925665457 0.569167641221283 -0.455714096568268
0.382220452307985 -0.245279893423937 0.186087428462193 -0.440291779363979
0.295423722658706 -0.297148473732483 0.061990438198243 -0.332740016404332
0.0890189538366897 -0.404528305501393 -0.0412727731674009 -0.0482277517715022
-0.119685858535395 -0.342470331312083 -0.0362591508401372 0.100366944918095
-0.24992884374313 -0.170774578468147 0.154097400633637 0.242955703668525
-0.264390448178508 -0.057965387041108 0.336537870648358 0.192193502318358
-0.298260960082972 0.0472396718006732 0.410792667783911 0.0636540172792125
-0.272562747877505 0.106610881775445 0.391547039200079 -0.0310219004131687
-0.299625626048552 0.0996019108837325 0.393691350189936 -0.0398278839826126
-0.295901582710061 -0.0132566884964478 0.330104628768264 0.034314653696578
-0.301425576017082 -0.105881931930465 0.194383130920579 0.0944545763949644
-0.248647784268465 -0.304180155329391 0.0356623217861453 -0.036411645888736
-0.057960928432728 -0.414366030677746 0.0613280554887018 -0.21823257560088
0.185975493544695 -0.337233728239058 0.22272742093527 -0.393495879909915
0.304531058344553 -0.255526001046753 0.484428614294919 -0.468597982668363
0.52218363210002 -0.418182553570833 0.042571223170532 -0.338262108118915
0.41778009280222 -0.455392258043318 -0.00119832354561835 -0.264721375471554
0.163070059058078 -0.603609848896501 -0.0772260779052793 -0.0387648389323727
-0.121378250778408 -0.553489410946717 -0.0951908595445741 0.0890910353241492
-0.351733878044487 -0.328989505586881 0.0848761653465692 0.230088964391834
-0.407134509429596 -0.153313416573438 0.22502493959139 0.19266976726137
-0.458847049080665 0.00697191116105916 0.28706313132215 0.0910476051698015
-0.415562397261754 0.1147292270968 0.261636634429348 0.00342326902855426
-0.446880583009494 0.119888564955497 0.260879537630003 -0.0183416337777255
-0.436514247131012 -0.0320635983464019 0.20492035472277 0.0404590404942743
-0.437245503029637 -0.148917647095152 0.103611673712545 0.0856478138779444
-0.373283785301334 -0.418125994481531 -0.0363812289435438 -0.034205321493497
-0.139122103291716 -0.586915617244247 -0.00324422889917196 -0.214978300686636
0.212060075907886 -0.531568515275985 0.14223952164219 -0.356236637885339
0.418747568571834 -0.450457260597885 0.351910141030905 -0.397422389055918
0.583049796871189 -0.539689414791297 -0.141179719970796 -0.192298362899428
0.473665381472106 -0.573793692787317 -0.101139562839138 -0.151552378151205
0.197292573706222 -0.740387830651206 -0.115122992891916 -0.00835298541177353
-0.130433447171473 -0.693530532080092 -0.139922522445714 0.0690929958916803
-0.414265408374473 -0.440377875953658 -0.000258650492368053 0.171768900787476
-0.494060099650529 -0.222850736053271 0.0724271576823885 0.153210929480924
-0.555221592987731 -0.0308612849333137 0.114675132064432 0.0997488407500617
-0.494549152064212 0.105954845271534 0.093048582801788 0.0381984741701258
-0.523865479771971 0.122562814232077 0.0935425683032344 0.0163919469776416
-0.513072301115803 -0.0437492529293963 0.0529170730951203 0.0591712681978546
-0.51080242777359 -0.169293313586837 -0.00477938143252353 0.0818243312701229
-0.442741766114546 -0.467699510112 -0.10286863124198 -0.0168521941652628
-0.198429376633468 -0.667105540202942 -0.0556903367067217 -0.173227883269542
0.202940992977617 -0.639197816096933 0.0711623986057279 -0.252496730002907
0.462104907768752 -0.577054154619695 0.199655312967048 -0.252511541974794
0.553517326666745 -0.588663835591771 -0.333109869980689 -0.0176461663315619
0.437355484341206 -0.617345116972686 -0.216260557096377 -0.00644177269590231
0.178288680389316 -0.759786202007124 -0.151131869572774 0.0342229442105335
-0.131557172788637 -0.708809243954969 -0.172016501541672 0.0412322558573769
-0.413336179567765 -0.462963395482555 -0.0967821203420955 0.0831902527013128
-0.501932070556017 -0.248160769039475 -0.101941188634006 0.0882575717169423
-0.563815864875402 -0.0591530089344419 -0.0810152786244916 0.0917120240677945
-0.500088930880717 0.0796660442222359 -0.0892406918675315 0.0687021897869412
-0.523589689462084 0.0955418186671068 -0.0811000404364627 0.0544423908854022
-0.508124298716249 -0.0653225461168339 -0.103152999348968 0.077958767442845
-0.489212898360278 -0.184856593324737 -0.114331604998423 0.072525243610548
-0.413357956120891 -0.457501253732581 -0.150952070279333 -0.000503183300491608
-0.194140565247346 -0.641934278774329 -0.0841009812283339 -0.113773535670968
0.181825891520927 -0.629433071829328 0.0220381019222577 -0.108229979022703
0.44280622749609 -0.600820938689134 0.051106757192542 -0.0615985784809651
0.429054164121177 -0.549180734564337 -0.492892103240928 0.161221336325885
0.312835074721847 -0.551495548748463 -0.309992116711739 0.146363698188293
0.115125968277964 -0.632638702822946 -0.173570459919655 0.0784955077783006
-0.114425631136147 -0.575379333796502 -0.18429057957686 0.0144781951700966
-0.334786571389617 -0.386339487136969 -0.184930148179571 -0.0101487225855607
-0.419203131688961 -0.219287971271323 -0.264848016358153 0.0168545264997823
-0.480351608993734 -0.0727104595284725 -0.265160978545936 0.0742287384597331
-0.430665369515962 0.0402595504734542 -0.256332737900545 0.0883374627564439
-0.448389289165788 0.0450147627360476 -0.23886621644383 0.0772637466772878
-0.425092362763233 -0.101808406364795 -0.240112781582664 0.0745679935181495
-0.378755900479437 -0.199182031432617 -0.201783601346264 0.0381966587723782
-0.28521531276784 -0.398854618365545 -0.170782946459396 -0.00483133142372987
-0.117823775001463 -0.519510051459429 -0.088712994931992 -0.0598284424908487
0.161324682615135 -0.505778494078411 -0.0106631399477739 0.0357115680783423
0.364847173820522 -0.51935095869141 -0.0806806990133567 0.131626157051668
0.238416240742814 -0.421866661690507 -0.586203238464419 0.32050710548006
0.136859870434757 -0.385520641276584 -0.358852928926484 0.282426794086712
0.0380528019459203 -0.386862409804581 -0.172994357384957 0.118908609343937
-0.0713246368471264 -0.338853375305334 -0.169866304496406 0.000534237986279398
-0.19495071708811 -0.242770488894356 -0.242933880717594 -0.0833243012931632
-0.265415340479376 -0.15560159958996 -0.381233326309158 -0.0390044233449566
-0.320591628457791 -0.0748173727759117 -0.406181730697818 0.0555338839498712
-0.295565308458599 -0.00583742038885685 -0.384970881460912 0.0919263839759747
-0.309929299110629 -0.0165723288594519 -0.360954857328232 0.0737941814596498
-0.281856708122086 -0.124240587420406 -0.333155946834107 0.035762681929221
-0.215099095183041 -0.188548852006975 -0.248883837276237 -0.0253621757636925
-0.115977099838206 -0.284194714315377 -0.157389480723627 -0.0310749292239542
-0.0239258948514427 -0.321908389581654 -0.0753200490401852 -0.0216191790019005
0.117697316308999 -0.31250575914684 -0.0379783626199705 0.151523952641586
0.236512926458075 -0.361956844353245 -0.187844908166651 0.291536862375537
0.0205628674826327 -0.218133984073025 -0.596410905799146 0.429822614846274
-0.0365974334426289 -0.149676761555362 -0.348895841165604 0.385364502999589
-0.0175632507650757 -0.093385857144196 -0.143575098116893 0.155084013557649
-0.00131673045543538 -0.0750316040377557 -0.129629370120476 0.000491422473167837
-0.0243472381356448 -0.0846555249778333 -0.261759443863254 -0.124140115855313
-0.0722414810495894 -0.0833475157841961 -0.438430672404136 -0.0698642583491308
-0.111435387074735 -0.07358180881533 -0.480885991723504 0.0422044666161594
-0.116003739504223 -0.0513221504193341 -0.453595628970191 0.0835411239828399
-0.126807978903701 -0.0632133555740774 -0.428447959952425 0.0453648736943414
-0.105842411213752 -0.109313154482468 -0.372012339642455 -0.0280044291928762
-0.0425065090025119 -0.127662038330092 -0.248717375353321 -0.10395450020622
0.0252260466700184 -0.116777619479043 -0.113784287943092 -0.0635204762023932
0.0302606468751435 -0.0855655441348985 -0.0528189523041533 0.00719947704499106
0.0308932173784432 -0.0972159651920621 -0.0645381612769876 0.228112899469078
0.0647942555072545 -0.167454179026703 -0.260272964108118 0.395633887303484
0.184412886465337 -0.0864119201792083 0.173670686218454 -0.513635148171008
0.120085112117181 -0.143570682773968 0.0221434316474746 -0.355410625945094
-0.0153075530078667 -0.17108901784659 -0.00639738726040113 -0.0406282294637447
-0.115338340608901 -0.0932625443819496 0.052516068755031 0.0853696792197782
-0.112458759959193 0.0121118199622809 0.241235734070602 0.162800896561029
-0.0739109506997399 0.0424043259935042 0.411696197595933 0.0708177987467015
-0.0768407498203365 0.0871784480712032 0.463599293536363 -0.0646495333382034
-0.0681368994519792 0.0903235691639006 0.437119382821402 -0.133383493292976
-0.0865020243556081 0.0883875488836426 0.453585155830133 -0.118809253858059
-0.107960754078014 0.0434403900176043 0.409967294553149 -0.0268265897798307
-0.13831929347049 0.000561733159481557 0.273408358691626 0.0630109442021259
-0.146989797159535 -0.108404583528584 0.101149097255037 -0.027599487137144
-0.0390261897307146 -0.176857072559086 0.0908368700800704 -0.186326987397712
0.0762485506420019 -0.117070326646135 0.224758639767807 -0.396392383983529
0.113818814240821 -0.0524176260666384 0.491228312820219 -0.521742931732814
0.318337140058077 -0.322166224299357 0.1086080550928 -0.435924923903029
0.223937574516243 -0.350788793906585 0.0121918441954215 -0.315805569995134
0.0113343165912231 -0.408920454703279 -0.0304120696186038 -0.0287883260574992
-0.180636448911024 -0.309211802137702 -0.00293552675138092 0.106881894755554
-0.266178807947156 -0.119185670444434 0.202153452657991 0.200293115109047
-0.258137479005051 -0.012852459747913 0.364342865164489 0.118513216993072
-0.280475845070886 0.101004048987235 0.420337961424912 -0.0139501400463357
-0.24258373143044 0.142152688801127 0.373596424446348 -0.0950781742666601
-0.27397805527948 0.14590383525738 0.378122111812356 -0.0990778167423355
-0.295090172641507 0.0336457249230992 0.334163873376504 -0.0176193199789853
-0.310089722501644 -0.0542746139585275 0.211015995693108 0.0623056691964457
-0.300512738270172 -0.256699101822805 0.0369205600496171 -0.0324467890174091
-0.129306277107168 -0.395031401521333 0.0275859540150818 -0.211627937827485
0.121942478325983 -0.36025605489855 0.153665763622281 -0.419778329039435
0.253134720048571 -0.304733055565041 0.399299943613885 -0.524836381419448
0.418806058241489 -0.513685581305615 -0.00821277128858872 -0.304015594194105
0.314101158201778 -0.525871478476725 -0.031733653526089 -0.230818280840757
0.044893351344927 -0.616544095120108 -0.0541668359987955 -0.00543617516825036
-0.226687652479548 -0.514671995200597 -0.0509979953309563 0.112545761312563
-0.394896573867255 -0.25578069547601 0.139348110343211 0.196085259540566
-0.41566360099006 -0.0785316782830239 0.261064028756732 0.135154967715869
-0.45001738520993 0.0937039846925837 0.311120478493887 0.0330804170156748
-0.379838412385396 0.174766546842909 0.252696671138548 -0.0433259368204073
-0.415422726422985 0.194854351235319 0.250831440860613 -0.058901965038764
-0.438663756781594 0.0422492193712384 0.214765843801288 0.00731505747952827
-0.45069332783192 -0.0730236412547064 0.121993421442433 0.0659973462676555
-0.445217425249368 -0.346699594790457 -0.0297013135121939 -0.0180684292372368
-0.236424087648126 -0.549603308676188 -0.0361116840743733 -0.194813413284107
0.117556979734906 -0.556667045889021 0.0743220093372669 -0.370714592877132
0.335990617244809 -0.516713519654771 0.272101919113424 -0.439019383495962
0.455727979144683 -0.642544196844937 -0.159344825821717 -0.126279477584376
0.346750205303887 -0.650799846214175 -0.105690865535542 -0.0999049121240882
0.0508589258148611 -0.756716072378856 -0.0792593520081795 0.0359620033473172
-0.262931187890595 -0.65251621579011 -0.0905547768177595 0.104591083732744
-0.478737673789254 -0.35248904687974 0.05172687176289 0.152448844807856
-0.516024453315686 -0.131655578854225 0.109459858768667 0.122605647692161
-0.553911427236224 0.0770491561847878 0.148336204975913 0.0697234762288373
-0.460307698650595 0.183002131204233 0.095090337003202 0.0158750588405224
-0.491212665825659 0.213802677201269 0.0928891117696875 -0.000542038173133191
-0.51577695336663 0.0465579470517604 0.0687242474784616 0.0481172666815039
-0.523723193089358 -0.0798368349635352 0.0155146285123445 0.0780539982335306
-0.521146529809585 -0.384045478011358 -0.0906071559345446 0.00859097835371255
-0.309447552109817 -0.617577505062206 -0.0820140996364436 -0.144455354622858
0.0914826512789624 -0.660599284578858 0.0159700705275804 -0.256771253150595
0.360541464206324 -0.646569306028015 0.139868825974256 -0.275229830311906
0.416814081326548 -0.677921126572098 -0.313048064265331 0.0740358692530609
0.305161223598735 -0.680466732481393 -0.189890638277348 0.0597179904677076
0.0295228337403297 -0.774407473182816 -0.105294178611682 0.0839289181460211
-0.268680079165858 -0.668649966842179 -0.124817245401401 0.0842372124964463
-0.484114277403192 -0.376358295927916 -0.056962549178305 0.0832303585408931
-0.533044141787876 -0.150061206448651 -0.0696180955323415 0.0895804053388461
-0.570345099617331 0.0526243205789058 -0.0429342655638682 0.096127746832678
-0.471455311450314 0.160243162876221 -0.0758287306141646 0.0740456520263353
-0.495219731795385 0.190922987084094 -0.0723483006068356 0.0614510531337467
-0.515336545165364 0.0252611250239707 -0.082518090158417 0.0904767853020803
-0.507622697630568 -0.0977160603494399 -0.0934414549444584 0.0851626733932955
-0.489908152632322 -0.380470537432877 -0.136527799551096 0.0304741379898114
-0.298078726491814 -0.594729210356814 -0.102360447673967 -0.0824583069755409
0.0761158437043281 -0.648098392798486 -0.0126344414672015 -0.107610593030723
0.339628355332699 -0.668396346655061 0.0198936862723795 -0.0681575996956539
0.303851461953553 -0.612106246243802 -0.437214208405417 0.268664716852261
0.196030778497775 -0.59167280998816 -0.25697993710277 0.218878028162096
-0.00744108206729905 -0.637142696091117 -0.124824986384796 0.124427343801831
-0.228001377982747 -0.542935445905849 -0.146966132837723 0.0572933416946148
-0.397808369365101 -0.317148244956069 -0.163456052226951 0.0103192239078735
-0.45113854891645 -0.136580293869402 -0.241074496914735 0.0517116297051814
-0.494060202398844 0.0266215201037114 -0.227507788844348 0.111984425256276
-0.412587742948996 0.112941876956831 -0.235448894659638 0.119408556031496
-0.4330648774751 0.128351840688037 -0.222726655549759 0.107982887037537
-0.439473319726396 -0.0210957457494735 -0.217533562156315 0.108028788095225
-0.403608576986491 -0.128151706851024 -0.184989879271991 0.0660618350405462
-0.354501733350181 -0.342729585754038 -0.159627894754934 0.0278090497012436
-0.203548867208225 -0.486890468564917 -0.100093182748961 -0.0319938268178351
0.0759559094582901 -0.526456992407136 -0.0210956370357354 0.0385900648689632
0.27861540473179 -0.574245907756151 -0.0801944255760996 0.139882044780113
0.144769267899291 -0.446661221804192 -0.502893496784485 0.42595205408801
0.0586456522122206 -0.391769687970648 -0.28504798953222 0.34963018504982
-0.0356979659746147 -0.383615620481934 -0.128427784218624 0.155396456127352
-0.139538166738089 -0.319996408860083 -0.146780731799224 0.0361792199488508
-0.237866874227269 -0.203232614236352 -0.240212762800741 -0.0452805069272039
-0.294083560627176 -0.100442146725933 -0.367894728638638 0.0222961198414854
-0.337684024646193 -0.00545330752237654 -0.375071408987812 0.120753691298601
-0.290532622042205 0.0488339366758297 -0.358490326480415 0.145410730747885
-0.309392716447778 0.0455186339796764 -0.341699246795104 0.123586349902355
-0.302349950913112 -0.0673526545296441 -0.317301892325113 0.0848415891977955
-0.243122714649371 -0.14588111226922 -0.242628146324025 0.0119772563295631
-0.167309564701722 -0.259186422278321 -0.154201685704375 -0.00298975956947622
-0.0776306410083246 -0.309511430434641 -0.082051566071142 -0.00186457442967523
0.0668207531404807 -0.329226852365148 -0.0261384896983143 0.156101929498176
0.178803637996672 -0.397508622968424 -0.158205919489627 0.311444908021564
-0.0261535689341337 -0.204126626072011 -0.498937798044044 0.520609443179658
-0.0630426485839528 -0.127380335284384 -0.266887198693725 0.435606134545171
-0.0349082550008346 -0.085360368572841 -0.106840363449057 0.176796756145438
-0.0186004102973822 -0.0744855838090356 -0.12108324687538 0.0243299484738641
-0.044737202188295 -0.0791858200457405 -0.275040722632596 -0.0762075496345882
-0.0947725179480878 -0.0635405548398956 -0.432991201969862 0.00819587999239266
-0.13139254488333 -0.0450563782339779 -0.458012641751007 0.123195769213189
-0.125443069818008 -0.0242664021432536 -0.426485564580613 0.150432647170908
-0.138998435054452 -0.0329733997043746 -0.413500864434236 0.106968517016917
-0.125613360476678 -0.0827474268634648 -0.36794021899376 0.0285872284128349
-0.0669657910150645 -0.11520820093304 -0.256835602485982 -0.0641940629394293
0.00119325528644898 -0.118531883526901 -0.119612634225769 -0.0447247705184101
0.014620084076597 -0.0889594432688532 -0.054755820815094 0.01674656247148
0.0169004877802786 -0.104601795336755 -0.0345007988568695 0.234983655649395
0.0425521559498687 -0.177816656226883 -0.205786123219818 0.425452803171979
0.173225294596342 -0.0909272859418984 0.144422291875459 -0.51067881459526
0.109091143363584 -0.143758730763917 0.00526072638858555 -0.346678113501565
-0.0222264130159371 -0.165371455225846 -0.00959601157453633 -0.0403324709707897
-0.114860578787651 -0.0853006236732401 0.0516757978732446 0.0800438402851123
-0.10812668202574 0.016535941094131 0.241880411383379 0.145225343122558
-0.0715708796901026 0.0434031519307557 0.406183620626525 0.0454100857910953
-0.0688912141052983 0.0888250496699974 0.447019896941012 -0.0875107697268865
-0.0612713384709675 0.0909651360395809 0.420953629830849 -0.146551794604978
-0.0787631037815002 0.0898964789886235 0.433964562761895 -0.137717728333463
-0.102589352150294 0.0473313602821905 0.397117803433469 -0.0482277283856499
-0.134158240578903 0.00753742357584292 0.269740458958195 0.0474427285111768
-0.147059635453669 -0.0975916745960657 0.0965443961268514 -0.0297633115605563
-0.0476511944232667 -0.169712825224554 0.081625063767915 -0.184069003936524
0.0681940455926933 -0.116651338442461 0.201540308506046 -0.394412438377939
0.106247171079494 -0.0557275653158288 0.452146574663293 -0.530904168720033
0.290757368661859 -0.32750280742817 0.0871029783924206 -0.430054566827447
0.201184886202314 -0.351557724741916 -0.00263128502609371 -0.307934024236923
-0.0082612220209398 -0.397160705462695 -0.0320140720180176 -0.0284665854713952
-0.189724102202975 -0.294396251857904 -0.0012935677298049 0.104498079275856
-0.263816620645818 -0.105081579922173 0.205225450998006 0.183374331174869
-0.254851324740076 -0.00146543362160406 0.361765274442745 0.0951719186712355
-0.267208311747348 0.114258542043298 0.408446326436668 -0.0363074312618577
-0.228138871629271 0.150854971052234 0.36015237318499 -0.1070758557475
-0.257851901429121 0.15542815228413 0.361314818185226 -0.113850608089372
-0.287530905903889 0.0482435466197813 0.32398657268421 -0.0342843327459049
-0.304351756748681 -0.0390398575387923 0.208667931953534 0.0497468342127282
-0.306908161409509 -0.236048243569238 0.0335464283422121 -0.0319008449392292
-0.147066567649369 -0.378146999921372 0.0172398094498792 -0.206153172767956
0.100361064097237 -0.357602377607264 0.131335051199308 -0.41383920700165
0.228566578899812 -0.309186000465291 0.362047480311737 -0.531346646769271
0.377499693886608 -0.520949144775172 -0.0201257038398609 -0.293454488191216
0.281338057325406 -0.528165696150485 -0.0398622135473603 -0.222863634433507
0.0161234286912305 -0.601249656736887 -0.0538011163384834 -0.00522882394546157
-0.244085854732892 -0.495207210208642 -0.0482236115990441 0.113555604916987
-0.395414098648548 -0.233068556599467 0.142961450201759 0.182026555361959
-0.412895389966204 -0.0565971504710962 0.262172707509898 0.118584529952995
-0.432749925314307 0.116547996785937 0.302807322838114 0.0139316512341132
-0.361134571414855 0.189616774857443 0.243880590646641 -0.0504632247670453
-0.392097956969163 0.209503535270111 0.239182310104028 -0.0686476170506551
-0.428165555151197 0.063764758551972 0.208545954704731 -0.00350220211021969
-0.443228598096437 -0.0510786854203901 0.121948994006212 0.0577657053189911
-0.451288853640792 -0.317462071018244 -0.0306845459607869 -0.0160571172754171
-0.25907639425689 -0.524720053427795 -0.0456778061485297 -0.187343528635469
0.0886805362765867 -0.54977117951663 0.0563454429228198 -0.361924114087008
0.297897177723169 -0.520790128002713 0.242696327793552 -0.439924952988307
0.406983745867378 -0.645913761530496 -0.157403546801037 -0.113971236051623
0.307588228607693 -0.651269476026622 -0.105207398693363 -0.0920355105096988
0.016104598139928 -0.738761982949542 -0.0768216242897288 0.0360626305028312
-0.289562794583394 -0.62792563920297 -0.0861087608486794 0.108122419300227
-0.482867908294518 -0.324862358484771 0.0549260683218886 0.143970581107206
-0.512996252310408 -0.102102083324006 0.114276541887966 0.114830656164188
-0.535016374419945 0.106296772568596 0.145844288848422 0.0577347483560876
-0.43946079072752 0.20056828878706 0.0925183379632685 0.0142561857105281
-0.464298541815637 0.233329752433467 0.0889003640866969 -0.00440963584440721
-0.504817496600366 0.0722813746710292 0.0684689827325336 0.0443000796704078
-0.515171792755627 -0.0541008930135263 0.0184663194383355 0.0746419923525605
-0.530110191143914 -0.350257907974764 -0.0887244309758564 0.0125284689687828
-0.33133100665757 -0.585986095322643 -0.0885789490614586 -0.136454777340061
0.0562630897285575 -0.652239109298161 0.00487340157465155 -0.247886540582976
0.316650041854505 -0.650947868484396 0.121190716447689 -0.273263890551466
0.366873610711635 -0.682746205797116 -0.298654891673105 0.0890536964038967
0.266827832030265 -0.679166525169483 -0.180356942503539 0.0671594075017418
-0.00464628057885694 -0.755280950684608 -0.0997345159596067 0.0841847569840321
-0.296150975609204 -0.645624749625244 -0.119620794435985 0.0889376251104408
-0.491025348760645 -0.346607253781521 -0.0535656632403929 0.0824636251733452
-0.529345376405022 -0.12158139027323 -0.0627262835707408 0.0931837501786908
-0.552838673957336 0.0842055784636869 -0.0389300966330781 0.0927063246069844
-0.452076817852729 0.180639528236391 -0.0719750557711336 0.0773754831551079
-0.47031322491431 0.211142961275213 -0.068533512870987 0.0642578113154467
-0.504354775203759 0.0519169302293205 -0.0760139477431751 0.0930195673574766
-0.499500913337746 -0.0735860094592782 -0.0872244494513238 0.0868321290127012
-0.500613408867453 -0.346892949984542 -0.131768387407776 0.0351558297090398
-0.321110082318937 -0.564521991579998 -0.106485520876872 -0.0746381327141672
0.0405001897706493 -0.640429757867143 -0.0168895657832387 -0.101722572731572
0.294023574698444 -0.669620658917216 0.0147540117483668 -0.0647538635610693
0.26366534532633 -0.610914618605654 -0.410683267448118 0.282656541557753
0.166136598281876 -0.587399776254398 -0.239428949051177 0.224683250317975
-0.0367471186493315 -0.622377836922931 -0.116147068612877 0.126144850474212
-0.252703865614826 -0.524467363986184 -0.140865640339495 0.0636835667750731
-0.403335269241923 -0.293897901989998 -0.160984977631683 0.0179306831119255
-0.449143558147087 -0.110513276981556 -0.231955394532056 0.0649823350557674
-0.480028604470033 0.0548843270077572 -0.218479752944655 0.118182398612063
-0.396812908972927 0.131977314349062 -0.224966584739312 0.128221561820609
-0.412880241971814 0.148040354513578 -0.212635628351317 0.115449976516957
-0.432409578375898 0.00347496849819881 -0.205606364617311 0.116859709130434
-0.399864771674798 -0.108882846605156 -0.177504000823524 0.0725902368097475
-0.365291299321148 -0.317383178315743 -0.153939890770499 0.0329985348726695
-0.222736403068904 -0.462916325823596 -0.102285132440082 -0.0255217808812589
0.047586330738861 -0.52113390047104 -0.0189770563393044 0.0409334032695966
0.238809323576385 -0.575086944722709 -0.0717208533576795 0.142712694702837
0.118337466141103 -0.443906449359202 -0.468158928039297 0.437303439241694
0.0415864439933339 -0.387519543681884 -0.261385613821507 0.352753653513595
-0.0519285976036881 -0.374656173422069 -0.118155267779181 0.156872437675213
-0.154207064720724 -0.310681372463982 -0.141199491375427 0.0422912250069753
-0.24243142521225 -0.189791227404128 -0.23796020732998 -0.0319773950503725
-0.29290280278099 -0.0839773281384694 -0.357388534306072 0.0437460915846198
-0.330144105208764 0.0142495089406178 -0.360511047466957 0.134804931226434
-0.281146944872186 0.0624203830563295 -0.3449605487872 0.157768019727275
-0.297868068667931 0.0612552894228321 -0.326859681895674 0.134987230512438
-0.300321653912869 -0.047921519881201 -0.302630386526526 0.0991800294486505
-0.245711369425452 -0.131676659172576 -0.235535111005044 0.0223860097402895
-0.179548551088467 -0.244415604281349 -0.149257653992498 0.00295750147473264
-0.0920840055804001 -0.297882408928573 -0.0832968027212644 0.00305743942345688
0.0480012880813094 -0.328094923374881 -0.0186552634726721 0.154202844674188
0.152517897412866 -0.398612626487849 -0.138825966390328 0.313237006508653
-0.0344561605022966 -0.199310344773055 -0.459949100705823 0.529591086230754
-0.0650994412533486 -0.122991056864779 -0.239375025633981 0.435853475365616
-0.0371252081455774 -0.0834345364660901 -0.0960017800674033 0.177452780427211
-0.0234814800165965 -0.0735406817887019 -0.114598549478001 0.02882689912785
-0.0476874246212924 -0.0767282296971031 -0.272815628329646 -0.0601280046487939
-0.0948443831124761 -0.0567439541158103 -0.422263622570364 0.031908170687807
-0.131359688250097 -0.0355980921136494 -0.440254421791036 0.142279113150969
-0.123940220089071 -0.016155121385118 -0.410199465557622 0.163985132138551
-0.136955704724966 -0.0227171827528138 -0.395827462261749 0.123168622112447
-0.128805165294225 -0.071540543694844 -0.354688136857226 0.0470576181386506
-0.0730505581957156 -0.109001882431382 -0.25260392707499 -0.0502559384264385
-0.00735438688380532 -0.11587087392166 -0.117765579361305 -0.0390221000311598
0.00880903723991805 -0.0882654062334424 -0.0554146173208761 0.0204858178389516
0.0106768170051097 -0.106390924897606 -0.0234225233014232 0.23112001765962
0.032080670212789 -0.178580798351017 -0.181265421842267 0.426424506773465
0.165283063544402 -0.0917911128897586 0.131044036046886 -0.504453905492018
0.102813303678101 -0.140886091025379 -0.00199140941709526 -0.33999812831138
-0.0256809295011523 -0.160471857184108 -0.0114696687845347 -0.0400441273686755
-0.113169457694042 -0.0820961109590782 0.0496757627441621 0.0782907286219341
-0.1046647878038 0.0175208554864936 0.24005160518143 0.135168386873875
-0.0714514220565708 0.0436878796009754 0.398544928157468 0.031411969997769
-0.0631231368082631 0.0880169137250642 0.435179352411918 -0.0973245619977942
-0.0569714262445963 0.0904199777567301 0.41007512857839 -0.150588436602259
-0.0746778523382818 0.08876276631137 0.420325893812855 -0.143760458415608
-0.0988685675233941 0.0487216092631384 0.386957627103859 -0.0583940875005631
-0.130657072350681 0.0109625183278721 0.266803125024759 0.0393732370414281
-0.146392035674433 -0.0921969929562973 0.0940455879676991 -0.0288615526074037
-0.0506673158362106 -0.16489384522276 0.0777088240280595 -0.182182096883657
0.063832316737686 -0.114435848461316 0.191358393841955 -0.390714127731752
0.10163969196673 -0.0558217256342675 0.428892581468936 -0.530013992818893
0.272527106022862 -0.32610134938671 0.0774623863554917 -0.423657207089127
0.188600841437253 -0.347031207479096 -0.00736502738790752 -0.301995607495694
-0.0163298780356754 -0.387372617143537 -0.0329064742840731 -0.0289691341732801
-0.19185851785822 -0.287747294472783 -0.00236016257177575 0.104455826640592
-0.26100015641579 -0.0993320885173799 0.203721286881136 0.173335210843811
-0.253794555254536 0.00461105760703911 0.357308829615801 0.082839235209874
-0.256710900786541 0.119637659895467 0.396599156395974 -0.0478071979495341
-0.219280947362882 0.1536398959471 0.351571747272144 -0.109094985776637
-0.247731683209583 0.158331018524296 0.349990477819003 -0.119429188734192
-0.281400253636159 0.0549492305141625 0.314908890138299 -0.0420224681682424
-0.300441258688051 -0.0320547543544741 0.206330186184751 0.0430194655283315
-0.306707596618422 -0.224374170882267 0.0317317873693173 -0.0305556008025434
-0.154219635224901 -0.367625735573459 0.0132155336191183 -0.202353125275724
0.089950302981403 -0.353790925127879 0.122100534898604 -0.407497273349041
0.213551503419496 -0.308455471743431 0.341617517290911 -0.52731048122659
0.353021120794521 -0.517233472233366 -0.0227632669909058 -0.286297686673911
0.262235507572287 -0.522849599799069 -0.0413610936631337 -0.217443823222051
0.00175757690915937 -0.588805233405645 -0.053604530389769 -0.00570256662861599
-0.252166226088057 -0.483559492533542 -0.0478804018735694 0.114401651957294
-0.394147820298805 -0.221768919680828 0.142124703197241 0.174283010598738
-0.410636934565554 -0.0468723893944676 0.261196122195667 0.1095093237811
-0.418291274896372 0.12839754343219 0.294263145667648 0.00371286253848599
-0.349345635582288 0.195627706111734 0.239202556944557 -0.0511072706664716
-0.375983633560535 0.214590635983012 0.230617460851332 -0.072021597915362
-0.420383027194937 0.0741964713001879 0.202956589772 -0.00849551177276823
-0.436784817160739 -0.0418758316542042 0.120530149352386 0.0531379197258971
-0.453449241014689 -0.300297690224761 -0.0312603834305327 -0.0139412802001234
-0.267701590588429 -0.505805632995889 -0.0492114981191871 -0.181984092960583
0.0728840441230316 -0.544428861837316 0.0494968667407412 -0.354077242786095
0.275995273242034 -0.518281815894117 0.225569517749056 -0.434659008277798
0.378209999870894 -0.641849144614716 -0.152426898672102 -0.106203037548085
0.287637186737594 -0.64644411542106 -0.1029803762651 -0.0877800338318122
0.00029125736767477 -0.725002782806876 -0.0758933059215182 0.035355075594179
-0.301460053722089 -0.615276911267412 -0.084653644783846 0.110650726796191
-0.483026588165293 -0.308580853717305 0.0558958472573802 0.139603650235037
-0.510261474206774 -0.0874028791055083 0.11594766897978 0.110537847803986
-0.520952004331848 0.120594963360746 0.141242524004432 0.0502202088486559
-0.425110543586013 0.208589494522056 0.0916117994504614 0.014845989481502
-0.4464635430505 0.238532081616741 0.0844934974885631 -0.0051423669941223
-0.495584610808657 0.0862593617473717 0.0677467233836813 0.0425016729856476
-0.507343856816194 -0.0445413317485087 0.0188670038711455 0.0718151494654455
-0.530889674307914 -0.328889296247394 -0.0873720483071048 0.0136727131203267
-0.340404092967745 -0.569154697486129 -0.0925042056763286 -0.130316011171363
0.0388511087980393 -0.644002154813088 0.00121263927373894 -0.241606762312985
0.290546548479461 -0.647167338386691 0.111132579776485 -0.268393710569387
0.34026399966208 -0.67670274997 -0.28653552385727 0.0954067330455515
0.247164965632004 -0.675819257782889 -0.173626915902316 0.0706353852154687
-0.021446680849692 -0.741566040162677 -0.0971184874683587 0.0837210823830482
-0.310534708092286 -0.632013472204638 -0.11663270701618 0.0925676180163281
-0.491121991364051 -0.33219156110051 -0.0527129806081073 0.0825497830357583
-0.527137008931713 -0.105188329218433 -0.0574440329641034 0.0951023024108303
-0.538280996240614 0.10079425147497 -0.0392417268978246 0.0887917916739916
-0.438407155896181 0.189120617710816 -0.0690087572150624 0.0799761730330554
-0.453847323008043 0.218099567243532 -0.0668921103909731 0.0651057324428155
-0.496141847825176 0.066817700076188 -0.071831247867994 0.0942980226810738
-0.494557279016736 -0.0626412032422595 -0.0845440001319598 0.086961702178247
-0.502257836457785 -0.327168638397525 -0.129590926679114 0.0367495074265305
-0.328990456928014 -0.545709484811489 -0.109428562486658 -0.0694736292108171
0.0233880437121629 -0.633652220939434 -0.0175989752780332 -0.0975479416059334
0.269057947597675 -0.66437817542967 0.0119059099965724 -0.0616838508283454
0.24049826336671 -0.605782922391587 -0.392597725006528 0.287250093111475
0.152552211649659 -0.582934947460453 -0.228057793207312 0.226307823953151
-0.0479925815558148 -0.612141807418586 -0.112638011876749 0.126399392840544
-0.264584234495623 -0.514783248151297 -0.137484656864384 0.0676594988499458
-0.405228457332607 -0.281801135420506 -0.159171003444345 0.0219182180124478
-0.446175019943048 -0.0981326977866994 -0.224707377954181 0.0722162937552893
-0.468715929852904 0.0704060228866461 -0.214463670799713 0.118480552824335
-0.386257776658825 0.140105305772074 -0.21968758660682 0.132555564676468
-0.39842220366871 0.155576850045773 -0.205861929388294 0.118078870836757
-0.426819293156177 0.0178489515430983 -0.196962624257626 0.119778366661463
-0.397412255141721 -0.0991556577254773 -0.172524452618971 0.0747752188182758
-0.368867447238957 -0.301050409016228 -0.151192636025483 0.0343468816643632
-0.232040983308103 -0.449934182167098 -0.103757574900463 -0.020711951288756
0.0327222467587972 -0.51574979258726 -0.0168095005993618 0.0419335261210308
0.218454039973741 -0.57159372051488 -0.0683480526412521 0.143663071264818
0.103586863754765 -0.438556510114707 -0.44615090728907 0.441057230805472
0.0335711598102688 -0.383792104087156 -0.247773109113814 0.351867991622652
-0.0588786888655963 -0.369356189330256 -0.112658003323504 0.156235553038573
-0.162741740609052 -0.304660936726919 -0.136975881920289 0.0451656033462441
-0.244402596985476 -0.182431432265139 -0.23615286368762 -0.025242313484798
-0.290075978868251 -0.0743233539803153 -0.348684332219294 0.0538790527368618
-0.324121388050755 0.0265457833917347 -0.351583882262086 0.139217690671856
-0.275168346923484 0.0702878581698154 -0.336167258154487 0.162904129274946
-0.289061051544269 0.067925147166557 -0.316953819099281 0.139244050650828
-0.298434516085558 -0.036734859306634 -0.292915631340296 0.105078191029715
-0.246374566214041 -0.124868100310996 -0.230803750974022 0.027787994274117
-0.184703194488492 -0.23484976537321 -0.146605204438035 0.00411555623856727
-0.0981403553310346 -0.290052061124076 -0.0843615170484117 0.00709485568408573
0.03776912504531 -0.32619369977641 -0.0146281631774645 0.153585961241614
0.137778341052139 -0.397128172109644 -0.12942375956708 0.313231259856994
-0.0383292452964451 -0.196267466243753 -0.438583506675252 0.527160793580451
-0.0651103157750887 -0.121641305358268 -0.224162640120006 0.433361420848272
-0.0375877938159256 -0.0839255204146486 -0.0902846942295032 0.176755255731237
-0.0267677638291468 -0.0739339972669871 -0.111110485983031 0.0303413230979095
-0.0496156954736152 -0.0753961594035299 -0.269448909146923 -0.0511110740214763
-0.0938713658067048 -0.0537625085784812 -0.412832053125591 0.0447066446188343
-0.13077659725249 -0.0291246083784547 -0.428826159531232 0.148980793743431
-0.12267620686909 -0.0115955022197511 -0.401792322760698 0.169155649969783
-0.134746624793541 -0.0173213586302429 -0.385772322897502 0.128735343800826
-0.130438805056419 -0.0649628433595014 -0.34441610585693 0.0550348019324535
-0.0763610531878786 -0.105439894528797 -0.248817635046955 -0.0436240153766809
-0.0125796729686124 -0.11267021364392 -0.116158812736941 -0.0377604317593618
0.00541062012578269 -0.0876761764708984 -0.0563863872250378 0.0235081796474723
0.00661736699310113 -0.107668350074933 -0.0180352800232811 0.228349620721288
0.0264515597845013 -0.178603245609303 -0.168303057679765 0.425205799064806
0.162097457297459 -0.091167032754963 0.124872345370084 -0.507704278996266
0.100921451449225 -0.13998930281391 -0.00597864993323618 -0.340595831388971
-0.0269687463489508 -0.159260385374228 -0.0129430647864305 -0.040964590399674
-0.112896039265768 -0.0821761736870527 0.0477327979519261 0.0788826837745895
-0.104616509082 0.0174319120438052 0.240773342697816 0.130893718866009
-0.0731161096758574 0.0441895860402696 0.39894045104192 0.0229780995929226
-0.0601261767343116 0.0874974088571245 0.432833989610989 -0.103082613369788
-0.0548015800820716 0.0914918333949677 0.412329877874154 -0.153726414490305
-0.0729440025948942 0.0891943593060536 0.418304374616152 -0.148231276943923
-0.0977438413000069 0.0491315569058349 0.385033354208373 -0.0643889620967228
-0.129720291113251 0.0119586536503472 0.2674381685775 0.0358989572743223
-0.147037898193216 -0.0911833012695298 0.0937472873749382 -0.0278366992007268
-0.0537451277010427 -0.163392605455875 0.0783229770777333 -0.183199445273889
0.0637591387412068 -0.113759837149115 0.187821933579223 -0.393009031350609
0.100032057919117 -0.0558606971185035 0.421685956001023 -0.532390116036765
0.265348053914501 -0.32606541067336 0.0747743262742028 -0.424304364114901
0.18367967195643 -0.347937605840856 -0.00905228841070886 -0.302430204531474
-0.0199064362976288 -0.3861280225018 -0.0350390702750757 -0.0297899705236021
-0.196387261872362 -0.288597962041865 -0.00343757982287874 0.106257783496089
-0.26260224506159 -0.0982249475274034 0.204337086154103 0.170497396591063
-0.256910167357798 0.00766952024127663 0.358543873513979 0.0765537273602428
-0.253201063400284 0.123206479066751 0.393341213632796 -0.053423467204835
-0.216944424088856 0.157527087670989 0.354218849950085 -0.110376411032711
-0.244065188395765 0.160742273776426 0.347033432114735 -0.122065880976712
-0.281762079830368 0.0588124101116792 0.31339425053723 -0.0469065306478855
-0.300946930164005 -0.0294371156028791 0.206984024138709 0.0399140358175154
-0.311324275759749 -0.22112278588018 0.0308832398786923 -0.0295947058110329
-0.159750333086246 -0.365277205570248 0.0125148841051212 -0.201943606944691
0.0855594042991926 -0.356104394390199 0.120285158274561 -0.40835854047708
0.208611448253493 -0.309979583513805 0.334550907248381 -0.529067288640732
0.341377567792766 -0.519153902713991 -0.0227773214296174 -0.285141607581799
0.256800737408893 -0.525626158373064 -0.042077443064725 -0.217945969825935
-0.00301205671425317 -0.589597053081178 -0.055793934686166 -0.00564033186853582
-0.260074988636136 -0.484782833113543 -0.0486593760425966 0.117933768617745
-0.397713800956343 -0.220011050976938 0.142820143196789 0.17279740513934
-0.414593260946945 -0.040899696627174 0.263147761650139 0.10582198233325
-0.41503061289413 0.135468365119234 0.290295033791594 -0.00231429627216626
-0.34691382406932 0.201242613460576 0.242093897568554 -0.050962830172632
-0.372616065641722 0.218517391715822 0.227913072402796 -0.0726752407980714
-0.421778917819444 0.0815806956170218 0.202167790618401 -0.009891426928005
-0.438861042016216 -0.037910484002653 0.120415080788075 0.051087940333353
-0.458976267003373 -0.296252809457992 -0.0324905803431239 -0.0131522637808558
-0.27466287400509 -0.504534927606066 -0.0509112341813005 -0.180517249864061
0.0651628394991683 -0.547389073981499 0.0486096279934629 -0.354313172940461
0.267765157273237 -0.521578833271717 0.219981468945698 -0.436094520938048
0.365385535935347 -0.644190868441526 -0.148707051389508 -0.103771138630784
0.279443528198946 -0.649566181686921 -0.10045324668904 -0.0869154406200837
-0.0061445751650687 -0.726159968223047 -0.0768655755660524 0.0354436512166791
-0.312561842971246 -0.619489897137125 -0.0853793262330085 0.115407800193086
-0.489039952388982 -0.307321263534851 0.0551022240118384 0.13991572671114
-0.516617501184996 -0.0811871807715233 0.119089658133657 0.110250944532507
-0.51748193769387 0.130330568328265 0.137148538585614 0.0460574760105066
-0.423818305072161 0.215990548648056 0.093371447688394 0.0174247421467938
-0.443300014401841 0.242908220387315 0.0834288625361082 -0.00405145632786875
-0.49778862626581 0.0943163848632712 0.0682322319457631 0.0424993380141505
-0.510793236140626 -0.0392041781240008 0.0189436088481992 0.0719101201816018
-0.537948579853375 -0.324543473000642 -0.0892373701902812 0.0149077924849126
-0.34801639578099 -0.563891781863382 -0.0949760514841966 -0.128155990142033
0.0298140889926132 -0.647077396165117 0.000976050741605077 -0.239990987066348
0.280364098331668 -0.651026662759777 0.107236666216163 -0.267622295903774
0.328539016081437 -0.677060995842343 -0.27999788397134 0.0988061779032071
0.241503500638758 -0.678388216847799 -0.169910932776674 0.072452465972427
-0.0273697468394496 -0.745159748650723 -0.0978373614305313 0.0847844788358121
-0.32241196244393 -0.635220541414752 -0.116849547684613 0.096914961421708
-0.498056873155619 -0.330352644485014 -0.0535892282429285 0.0841904731891541
-0.532131687767522 -0.100000612552648 -0.0546829399437643 0.0980332803415915
-0.537520236158887 0.111866234021699 -0.0425200638284065 0.0871934708472401
-0.43630576494123 0.197270470118618 -0.0675769116354571 0.0831532089172442
-0.448838373145007 0.222683953749743 -0.0678281268066625 0.0668780732231847
-0.498636952055664 0.0749024113290369 -0.069994746781347 0.0960215453818044
-0.497088999322448 -0.0599871297830069 -0.084821718903437 0.0880475031789575
-0.507487424740501 -0.321616291009698 -0.130929630705304 0.0372296713512935
-0.334956417616161 -0.543509490877306 -0.111783343394676 -0.0660200153802953
0.0134968626684869 -0.635430875196795 -0.0166068028964182 -0.0959422206071513
0.257717141420438 -0.668515974675015 0.0100715048726529 -0.0592201735751781
0.23051994747248 -0.607898507582449 -0.384443050982082 0.291221685370494
0.146411072184569 -0.588628916740336 -0.223919246930679 0.229555997399249
-0.0543775434190968 -0.617430786959996 -0.112863894132736 0.128224968001977
-0.275250973408206 -0.516908103483816 -0.136949328652646 0.0707704212502645
-0.411924758984212 -0.280189372701108 -0.160542013052226 0.0248943919672702
-0.451618707284428 -0.0920676858580887 -0.221562618667658 0.0781270983332843
-0.46822987169576 0.0794040280428762 -0.216310127696595 0.119524890465483
-0.385029840033093 0.147308258892587 -0.218499815917575 0.136307567684073
-0.396000853317674 0.159481856976783 -0.206304257944914 0.120399202206197
-0.428699538181106 0.0258438950788805 -0.194313450312217 0.122981189113622
-0.401397445985274 -0.0960575526994574 -0.172989931994899 0.0764321812633413
-0.37503111264093 -0.296889172845571 -0.152613185279093 0.0344072209724419
-0.236356927736697 -0.448460412362662 -0.10628688132569 -0.0173665280099167
0.0240091580951277 -0.517769610131315 -0.0151817650999786 0.0436742536708384
0.208840008082813 -0.576530874827437 -0.0670591385286119 0.147268400104334
0.0970383604848561 -0.440005834074737 -0.438362220415318 0.444356795016509
0.0316368440259546 -0.388373585276805 -0.243355923748338 0.355089212958247
-0.0628308617355212 -0.373867420483966 -0.111541268290861 0.158537591915456
-0.170085581943432 -0.306802643926194 -0.135913962341151 0.0470743580936052
-0.24831612498744 -0.181446814806679 -0.236705233119749 -0.0205158904917222
-0.293360884450813 -0.0720522951784536 -0.347322396765011 0.0612754228151245
-0.323567226335663 0.0344228043977374 -0.352999307755898 0.142507843061018
-0.275491869068507 0.0758845488673555 -0.337073118953596 0.16686962362978
-0.287034214256856 0.0724130127460496 -0.316672317636389 0.142607890103502
-0.300808707749084 -0.0300117061345453 -0.289431751550114 0.108830545947549
-0.250236436898924 -0.122348767190177 -0.230658690367367 0.0298258760822477
-0.189700751617185 -0.231351575695637 -0.147617692260367 0.00400217845139381
-0.102171498142938 -0.289883632628182 -0.0861855450938221 0.0104246890814377
0.031094400003209 -0.328933644672246 -0.0122734834996462 0.155126590072816
0.131677280492826 -0.400926186008782 -0.126720065414437 0.316672730921642
-0.0405067757668058 -0.197184029948124 -0.43201577854072 0.529756740337472
-0.0650167892747558 -0.123018361139329 -0.219580547022609 0.436482675356953
-0.0388809124727354 -0.0865526332548439 -0.0876884975541435 0.179220089462541
-0.0292270073056982 -0.0746859366122999 -0.10979288418451 0.030122916777061
-0.0511297991343438 -0.0760165928175057 -0.271219088034554 -0.0469388149878961
-0.0945608371294739 -0.0531757206216344 -0.411688471540832 0.0524053551658069
-0.131746996477261 -0.0245350549959233 -0.427909458968682 0.154510454596626
-0.124043757326683 -0.00864927241150588 -0.403222576638378 0.173446389276524
-0.134693120338866 -0.0146114806244882 -0.384829062352045 0.131531237507085
-0.132371277092932 -0.0607884555842617 -0.342147754146649 0.0584594975462814
-0.0800559128961733 -0.104151796057903 -0.248972446266261 -0.0410579130247884
-0.0159003557218686 -0.111630361861572 -0.116440987794124 -0.0381450413177132
0.00321574829708264 -0.089474559277985 -0.0577204786989575 0.0267917165980915
0.0035338963125103 -0.109608177968868 -0.0154932577031599 0.229450729445006
0.0240892045633934 -0.181101255340478 -0.163232371712991 0.428741430540658
0.164088376273344 -0.094064900368957 0.11783945180358 -0.523471356631576
0.101200701750714 -0.142363038746528 -0.0120481938428119 -0.350342719056507
-0.0292596917446119 -0.161282737928025 -0.0154672915684746 -0.0421171076155101
-0.117117924059343 -0.0839760243358098 0.0491470735995291 0.0815828356905587
-0.106780573744607 0.0181281812787004 0.248218580842139 0.128345116124496
-0.0760573081922275 0.0470424432917523 0.408427576565825 0.0134285242894739
-0.0582826180059648 0.0892343034526882 0.439471808475226 -0.11384120575688
-0.052919261125237 0.09484345105576 0.423404500907328 -0.162787421823582
-0.0727024005932116 0.0919916370002909 0.426164003119611 -0.158300694498957
-0.0992514577335556 0.0517635731250013 0.392183805014217 -0.0738401065540989
-0.132132362608014 0.0142797795632019 0.27575754271355 0.0308214294363914
-0.152701384226543 -0.090304994931474 0.0964088139666585 -0.028098752512025
-0.0583835061730107 -0.16551516469087 0.0796021710315881 -0.19046778728872
0.0641245947243485 -0.116508553383839 0.18744138728009 -0.407695641215769
0.100970877509352 -0.0579188631116363 0.422224341243528 -0.552264415620369
0.262407085854125 -0.336063600666987 0.071534711398569 -0.436018898854074
0.181729217810436 -0.357193355090261 -0.0137671023937108 -0.31201652700265
-0.0253659195850821 -0.394391693565315 -0.0378287091382189 -0.0306933775469465
-0.20890139571272 -0.294251129663209 -0.0034819811938878 0.111843573536371
-0.27161175796099 -0.0983893243199241 0.21122455342881 0.170108292683364
-0.267081041434392 0.0143237647059634 0.36972009129389 0.0690953547668434
-0.254108693410569 0.1310748246412 0.398026551739343 -0.0630499406462153
-0.218738718818959 0.166859825074077 0.364484653282643 -0.117812048194325
-0.247341154711815 0.168590270265903 0.353393782863682 -0.130007612459801
-0.289613772685222 0.0661126758285442 0.319051663002872 -0.0537471364739825
-0.309845446806839 -0.0264473167637854 0.212558103925761 0.0366128208870643
-0.324938893318 -0.221161862888732 0.0316531268728914 -0.0293173320617781
-0.16991660998577 -0.371212595752036 0.0103609823205205 -0.20842838745534
0.0813232796782155 -0.366716580230144 0.118175509058458 -0.421603369395991
0.206582327830476 -0.322539531145482 0.332028176496484 -0.547730924787653
0.334366580229436 -0.534275747691905 -0.0232970701473267 -0.291740385102761
0.252256596926722 -0.541708721302345 -0.0439685170910896 -0.223860860356708
-0.0117722893545504 -0.603388166092241 -0.0587521651039838 -0.00574999259661208
-0.279653375849819 -0.496427263885985 -0.0489292289191707 0.124839316225345
-0.413873337439151 -0.220910174117238 0.147563176803538 0.175065423794423
-0.431903508182411 -0.0328712808388067 0.273271668227473 0.102815770643911
-0.421128510631562 0.148403223192805 0.292553892011664 -0.00819629607586689
-0.350981923518039 0.215921245622193 0.250553518537491 -0.0541258228993996
-0.377663037897657 0.230394289125257 0.232084130628314 -0.0763789315144072
-0.433154700915041 0.0930938851990143 0.206378958555559 -0.014487773953647
-0.45327639422236 -0.0328247656693329 0.124087885678884 0.0506285330628516
-0.478550520105902 -0.295559378477764 -0.0346460049188195 -0.0120328591590907
-0.290581222911472 -0.512982482369157 -0.0556869138907162 -0.184476993584755
0.0551806657948098 -0.563692247772906 0.0455230482953479 -0.363979647950839
0.263191913196282 -0.540893909266417 0.215548855906226 -0.448574761409187
0.358741697803852 -0.663166771381376 -0.148418072760172 -0.103751129163679
0.27388868950772 -0.671593795877646 -0.101065450834147 -0.0882223026794744
-0.0176543013705576 -0.746909872389311 -0.0797952525999838 0.0379394628741859
-0.33713782887874 -0.633195830950312 -0.0852475569708551 0.123028412968151
-0.509645838867468 -0.30781660425915 0.0574092874538979 0.143814922507926
-0.537643578792625 -0.0730302983752653 0.126237621177994 0.112080031687421
-0.525650689036429 0.147495864131671 0.135796535014708 0.0436799592822969
-0.429924240644256 0.232404165537288 0.099526267181782 0.018593700598571
-0.448167441042429 0.256703897498618 0.0843313339877425 -0.00378426567006659
-0.509671986301619 0.108080313111478 0.0704824527219124 0.0422851013273327
-0.528589285970681 -0.0330560301858433 0.0195147874728049 0.0739427397938112
-0.562174777401574 -0.322252805222726 -0.0929778641325791 0.0178027894429481
-0.368788163939072 -0.575050885934096 -0.0999153047557212 -0.128238273787609
0.0163729702797586 -0.665988427040373 -0.000433688136878995 -0.24623961643303
0.274048968365564 -0.674414373689699 0.10314222279961 -0.27385068344468
0.319239927450084 -0.6980691292491 -0.278879169833578 0.105825052750812
0.236490875525995 -0.70295433817953 -0.169668616672329 0.0770426734754883
-0.0407915600192578 -0.768048277307096 -0.100884641567896 0.0899540603319861
-0.349623740398049 -0.650740857641638 -0.117914593841343 0.104760222924246
-0.5211637604503 -0.330495180313188 -0.0549156470208673 0.0893193543224954
-0.553471019335406 -0.0902991776083286 -0.0513808892667984 0.103531432744302
-0.54598662280038 0.129126860855124 -0.048012160948769 0.089260351387374
-0.444707588589758 0.214977334748886 -0.0658513775616984 0.0886289642921914
-0.455614243810995 0.235698297974317 -0.0695270107156557 0.0718235637907474
-0.511788519442619 0.0890300426399178 -0.0695939504736507 0.0994552148508066
-0.513450784747009 -0.0536247395612695 -0.0872614756032393 0.091916941881228
-0.531724590013687 -0.320621972250241 -0.136107969938798 0.0405542585381
-0.355965402611122 -0.552304989296529 -0.116272483142655 -0.0638103641629868
0.00148352809034007 -0.653463717229889 -0.0162798192962845 -0.0974670631993835
0.248847371915148 -0.691580829387417 0.00821120149844107 -0.0576721710456229
0.222220194451887 -0.627199348578919 -0.384645034582898 0.304425547701544
0.142313496379393 -0.608138656403254 -0.223150004753456 0.239765408089606
-0.0669587580169523 -0.636474360691622 -0.114316842782005 0.134550693329641
-0.297881579399131 -0.529225017748898 -0.138626773685639 0.0768561042006193
-0.431443778140986 -0.282033620865518 -0.164835099966901 0.0304147871771362
-0.468299169176744 -0.0852720533424304 -0.224051278811444 0.0865155275648943
-0.476391950887532 0.0950273347148894 -0.22437737783802 0.125369422212859
-0.39309599033363 0.162385163112223 -0.222072543847366 0.145905820106265
-0.402343187652139 0.171449596483243 -0.210438201200784 0.128065359120543
-0.441445924835357 0.0373542875758044 -0.195907898879514 0.129632971708472
-0.416434547787503 -0.0923041441785866 -0.177684708521448 0.0822208368844329
-0.39284441702931 -0.296844730697035 -0.157954862131398 0.037640628598743
-0.251907966347809 -0.456823911745907 -0.110341639766477 -0.0135746310504977
0.0122137854364755 -0.533828781842918 -0.0126524758750165 0.0461984469482372
0.201781975971889 -0.596145017700183 -0.0670629684266845 0.154842808729689
0.0908824833092353 -0.453194182070608 -0.439008536061473 0.459823759305065
0.0265295972333451 -0.401880211109992 -0.240998116549388 0.369791612434978
-0.0721075189247302 -0.387491611440238 -0.112352409530518 0.166831487267566
-0.184323990957541 -0.31424206272799 -0.137772985311123 0.0512771657673181
-0.260615532625773 -0.182985270392445 -0.243711182644976 -0.0151707778068782
-0.304619886098158 -0.0678694010874887 -0.35367794805167 0.0723064393382322
-0.329582344044986 0.0453265628816351 -0.362313932096357 0.151645827385522
-0.281725147518033 0.0856700672129922 -0.343934079896764 0.178498181054179
-0.292641606635076 0.0798092071877385 -0.323673369970389 0.151770220739854
-0.310530530882713 -0.022435130061806 -0.293234527322439 0.11627302513101
-0.261333971353997 -0.121255238684991 -0.237361181438995 0.0337851910303972
-0.200923221302321 -0.233660062215806 -0.153028566473264 0.00567069652276684
-0.111289334291313 -0.296988518940886 -0.0891881789686947 0.01549219540146
0.0237556897303911 -0.339433633188864 -0.00841284272168385 0.16040215907915
0.125586906047541 -0.41564481356689 -0.124451483072888 0.330483341490318
-0.0447638213372175 -0.202755975414782 -0.432557449148398 0.548159268586356
-0.0680519215981464 -0.127742149144604 -0.215984250852058 0.45177297413599
-0.0420866955697654 -0.0907961728484451 -0.0866309580918998 0.185633634502961
-0.0324922141064604 -0.0762143693875396 -0.110819649214145 0.0318765421390158
-0.0542170875093859 -0.077389417962939 -0.27838806587481 -0.0417682398335198
-0.0987883182606368 -0.0535593129247998 -0.421225792984325 0.0639717966060719
-0.135725965873413 -0.0196572416988629 -0.436517880190974 0.165600387803909
-0.128227619069368 -0.00416254301912844 -0.412194375270625 0.184922344844747
-0.138142556908744 -0.0111275369603369 -0.394029111814546 0.141576340166558
-0.137987340125374 -0.0573605966410509 -0.348343453602329 0.0654558532731938
-0.0862056723718436 -0.104718900548238 -0.256348132905558 -0.0381469939992656
-0.0198661758666231 -0.114056932001118 -0.12185287846421 -0.0384551279707249
-0.000121440743963563 -0.0932616798550315 -0.0598078647101612 0.031583805251263
-0.00074874395290192 -0.114456989586254 -0.0110533180681669 0.236864135964606
0.0205770584069001 -0.188650891902267 -0.160296704503693 0.444995960386336
0.144388955476558 -0.119036803158303 0.0879310640631969 -0.535087528744581
0.0780043719825173 -0.156585088350034 -0.0366044154439974 -0.354244502547135
-0.0505439710620061 -0.15853500867307 -0.00686330431046238 -0.0423804270617663
-0.129344786632449 -0.0689819259498799 0.0658017898023417 0.0721997020103781
-0.102271055011596 0.0281351308533454 0.265455415797649 0.0994030743335919
-0.0696124309047242 0.0514347847233088 0.416026037569517 -0.0318129784362148
-0.0441347310677625 0.0948112772828945 0.435900706084812 -0.169566208252329
-0.0425548894651441 0.0982798785653381 0.420723503748318 -0.212435243798782
-0.0617154464686918 0.102898100971089 0.432357063995498 -0.209202655316944
-0.0963247315987018 0.0677430754118415 0.407146271881877 -0.119287836282708
-0.133138542316116 0.033563700332513 0.297425710667494 0.00208743064070156
-0.167931190370476 -0.0712524431814313 0.107587836417889 -0.038291569587208
-0.0761978258959004 -0.159257657764077 0.0718541971291326 -0.204316464685928
0.0614740559715182 -0.12139565999971 0.152104452038568 -0.447136870036502
0.107569301529077 -0.0634380870327979 0.389342268144949 -0.613196694642351
0.210133791105025 -0.373255581004801 0.0655293668089699 -0.433342824820725
0.131011026363433 -0.383852474515307 -0.0203849251611731 -0.308316661541781
-0.0796657203939239 -0.395955711888611 -0.00820282634682234 -0.0259895072279926
-0.253706772364285 -0.269651539303641 0.0346435086187088 0.105271928563061
-0.283987012211708 -0.0694815796901499 0.238598080817488 0.136244544819816
-0.268191048618041 0.0411333259664518 0.385813476170979 0.0204038407209709
-0.239871183887184 0.166183009241164 0.404821106560393 -0.125218024312635
-0.203629948114964 0.189327816043861 0.364209841295399 -0.161022839005104
-0.229574510739774 0.203164088945201 0.35826172178063 -0.171082693004793
-0.290674567647656 0.106108432549351 0.336733346902535 -0.0926732425015865
-0.319986147114772 0.0113528357577986 0.234417705864355 0.0130097831739544
-0.362638219090934 -0.184774345588879 0.0456166282975438 -0.0325248493996897
-0.215180158894052 -0.361323196024237 0.00330061628863282 -0.208005924692716
0.0525389624025208 -0.388602171916836 0.0686937573982273 -0.442632983709566
0.192777179502928 -0.35548695344825 0.278935470258643 -0.590338745018517
0.256323583109258 -0.579400277489134 -0.00403623840629123 -0.272226274240881
0.180654990042893 -0.578941951490067 -0.031495754203464 -0.211039367247114
-0.0938505040804083 -0.610550671001636 -0.00868288722869262 0.00449640302810846
-0.35737461814125 -0.463183177845364 0.00848640996652302 0.121339216164196
-0.444817282627081 -0.175287796795633 0.182343047209236 0.137441570843717
-0.442990733008292 0.0139977346404695 0.294383391210761 0.0566588709486124
-0.408691702125862 0.209696346014152 0.307632882196176 -0.068046360580273
-0.333191831525138 0.253909836426459 0.250256939617974 -0.0847909327916179
-0.354786545936245 0.282432503133477 0.237088040013884 -0.101792641706369
-0.435168789062343 0.150699397071163 0.224095864549846 -0.0412612776213644
-0.468072242532096 0.0201110430659293 0.143613017828809 0.0346489908865772
-0.53106073645514 -0.241614459613346 -0.0175866905479581 -0.00828328007249922
-0.356644113342806 -0.495042649661649 -0.0574825490481093 -0.17028623297663
0.00285272703082102 -0.593417623359238 -0.00580014847429365 -0.362985458831664
0.228060266505469 -0.595129587430751 0.154048780163249 -0.465710391755274
0.265687620499887 -0.708752695121934 -0.108041943781715 -0.0676274206197464
0.189178767751395 -0.71223974948158 -0.0691610787351763 -0.0643525118090268
-0.120081118868642 -0.755784910405673 -0.0135431905409928 0.0522875769270543
-0.436088106210818 -0.593679969722801 -0.0165092781879638 0.120564170054476
-0.554418332929939 -0.250882584223657 0.0921750383439306 0.107352015759258
-0.556711302221911 -0.0113692029852937 0.147766623499909 0.0760825540647175
-0.515705336764288 0.223688459178951 0.156408550329695 -0.00435899037251348
-0.411433949504963 0.281087295197799 0.099976752968621 0.00519803130204654
-0.424193835142395 0.319024467792846 0.0888620681047336 -0.0105274776395217
-0.51251405978465 0.174934080807737 0.0868156292246632 0.0306207700305205
-0.544691958856838 0.0280626802054492 0.0365252829289175 0.0686768248799426
-0.621262027160251 -0.258679493141662 -0.0744296239516888 0.0278901447591657
-0.444326517014885 -0.551410198111493 -0.0952586010473088 -0.103731230995569
-0.0530968420892956 -0.69957042251815 -0.0442690345388126 -0.226141368066187
0.222951829232505 -0.739250275106246 0.045265095224657 -0.265734130682277
0.223728279621369 -0.73739060693885 -0.223634137081869 0.154748229845603
0.147847284953023 -0.73823247549958 -0.122614122036184 0.109805233522651
-0.148148752700936 -0.776246200588384 -0.0269962104201988 0.106539196297318
-0.452771943594364 -0.609945641320394 -0.0486258297634865 0.103381147841838
-0.57126421631302 -0.271777122984912 -0.0264266053303627 0.0615618787169592
-0.576173750812178 -0.0273016225746757 -0.0341213681912418 0.0840866097969832
-0.540909732648979 0.210850471649876 -0.025197626630128 0.0611626304828293
-0.428763131481632 0.265699724089116 -0.0639107798602647 0.0953668452161181
-0.434118868895915 0.298573607314253 -0.0650326947484489 0.0838354149600243
-0.516254909122889 0.154655341418854 -0.0547160746132106 0.104777322639857
-0.533440699610075 0.00426924456004066 -0.0739878579075405 0.0991075587614842
-0.588313735311319 -0.262957006692818 -0.119154073872831 0.0564962497277116
-0.430431031528716 -0.530087647035079 -0.107380819354862 -0.0338170753320923
-0.0699952882865322 -0.685257080452722 -0.045005411113882 -0.0667779343295644
0.193886580494485 -0.758784709611605 -0.0362095993645635 -0.0296706317368435
0.139145088196731 -0.650568450865452 -0.322879417089124 0.359356719628784
0.0679569005839296 -0.63138191968582 -0.168727491035599 0.276823719231114
-0.15678945004084 -0.639556544180112 -0.0475591775139843 0.150015015812102
-0.383829267041352 -0.495174046323755 -0.0840079371447011 0.0785364366580806
-0.475775251114487 -0.231336084238959 -0.148105208247614 0.0186779370061504
-0.491024809078014 -0.0303355095616868 -0.213114046527624 0.0878231010612982
-0.475908524373602 0.168291556684511 -0.203813074486188 0.122170464470542
-0.382273451460228 0.209065866437137 -0.218648192010694 0.170055552176157
-0.388805688418338 0.226083332241905 -0.208127452049028 0.157026297229463
-0.449547932587524 0.093399169216307 -0.18636467949019 0.150446418419003
-0.437321982102832 -0.0473018896862115 -0.172025792917395 0.0991626461451551
-0.441762799501528 -0.257701873614135 -0.147593678495624 0.0574457176735882
-0.313038795273763 -0.442565385957256 -0.101284734316017 0.016670982894628
-0.0486961666215106 -0.561952303541128 -0.0241139060984182 0.079253104017764
0.148897122530568 -0.653049321030159 -0.0907948976656369 0.196309096838198
0.033103300493151 -0.458499827854284 -0.380819254022451 0.513540146058409
-0.0196015263515608 -0.404508467548047 -0.187748112195639 0.404405363177654
-0.126352782681778 -0.384503998834024 -0.0643109354970873 0.179278785486528
-0.236851448997091 -0.292145946619068 -0.105749802530069 0.0557364143931606
-0.29150720183866 -0.151232285518048 -0.240219447497079 -0.00884344581232187
-0.322679571589972 -0.0294614858705965 -0.349407873853576 0.0938139663961034
-0.33431312376142 0.0979680774749683 -0.345227057437374 0.172986636799834
-0.27767227083973 0.120900024782561 -0.340614969467241 0.217758435206591
-0.288944110341189 0.119897174718321 -0.325475678314491 0.191999191947058
-0.321369612890294 0.0150736209361408 -0.292013999844806 0.147212159287403
-0.2829486326719 -0.0949916274352708 -0.241428279086254 0.0577561043492184
-0.236118440857772 -0.215640769026013 -0.152375572570119 0.0242455321855953
-0.151023913746101 -0.295364252703746 -0.0843261760245698 0.039958574877346
-0.0184235402020275 -0.360082507565156 -0.00269865230888217 0.189634422059926
0.0850541982930781 -0.457121317168753 -0.126186536570588 0.37819193964859
-0.0672989085213469 -0.189575544840175 -0.385078499817452 0.593069427251998
-0.0783654808379715 -0.115318464124649 -0.173324063712506 0.480350498323496
-0.0553109053512024 -0.0864042819706777 -0.0615862081358071 0.196342046008449
-0.0461652622677517 -0.0713982218114011 -0.103751177713697 0.0402037094039325
-0.0687824506549891 -0.0692564413064914 -0.285271436979297 -0.0190324571391194
-0.109943311881816 -0.0378075311176721 -0.421015620742269 0.102212991478825
-0.143597949514486 0.00424584078251912 -0.424729565568883 0.207757323232307
-0.131985686546563 0.013603561507377 -0.410442913315735 0.2344975607735
-0.143332779877864 0.00708056699273783 -0.401079193100641 0.187698771070315
-0.148015862062445 -0.0425001276498142 -0.357416687587526 0.101685639554586
-0.100413884032486 -0.0978027468536759 -0.271748056003714 -0.0152967644856534
-0.0346663466847104 -0.114969516729937 -0.130670432550617 -0.0263256893167332
-0.013649671306328 -0.098965065780089 -0.0592048027101972 0.0470386492099799
-0.0194097142565649 -0.122764237912261 0.00970720388514076 0.259126837112373
-0.00400059881328435 -0.20700100725193 -0.139283317250293 0.491375752097347
0.139087441776263 -0.13016407390865 0.0519415296648842 -0.552197733426473
0.069728337117633 -0.163371228615854 -0.0638781430049673 -0.359102461439867
-0.0617977959148647 -0.158347725540033 -0.00978224080883252 -0.0420429684902348
-0.138353910254732 -0.0619270543870222 0.0718997825071049 0.0706365928062507
-0.103782615142816 0.0353227265559295 0.276459080394547 0.0823440700259669
-0.0685758975966328 0.0585820290972098 0.421205971905157 -0.0643131352394879
-0.0383876594921672 0.0988751649596242 0.432190614389157 -0.202547478325792
-0.0345360927766565 0.102828154550533 0.418081796787934 -0.248082320660734
-0.0547218700979267 0.108867789678079 0.427102017817731 -0.24548449706214
-0.0938467042751811 0.0750525691644013 0.407120891410779 -0.150400903060843
-0.134009778776108 0.0426575919816207 0.305632915061913 -0.0185191986352138
-0.177698447965488 -0.0606279270846632 0.109199631667964 -0.0456458955479005
-0.0886555591327619 -0.156605500677051 0.0592058720595401 -0.216720848581548
0.0552070544962293 -0.128152287433972 0.123498137345235 -0.468781056088096
0.105428384930606 -0.0718354024082089 0.352048318589672 -0.652649272540907
0.185597620283615 -0.393104915476423 0.0387969676417978 -0.4485008142693
0.107732203439828 -0.39886583773301 -0.0427916540286615 -0.315707238720936
-0.108929243812891 -0.399992203209017 -0.00988670387298748 -0.0250865556760768
-0.281982853942842 -0.257776020208539 0.0428413060162434 0.106968756393288
-0.297827442005702 -0.0508721689360906 0.251970614321923 0.122396737513492
-0.273498722416761 0.0639840021235687 0.395145920727571 -0.00862750600843335
-0.231895560252646 0.186680998986601 0.401127953150374 -0.153472280207572
-0.191984382396807 0.209296632402293 0.364255548271786 -0.190826614287834
-0.220725972992224 0.224112096324852 0.354619051082946 -0.199572144539716
-0.291068704911525 0.130071443084553 0.336380630215341 -0.117997548429074
-0.329409153708762 0.0343740192187187 0.240897546872897 -0.00307788354022658
-0.386479338487672 -0.162573910444836 0.0444699602497887 -0.0349037599975859
-0.246428820720495 -0.354203989124025 -0.0106901917940351 -0.215066786963466
0.0260276072535465 -0.401451735165807 0.0394180992684413 -0.45834267206602
0.171065832174597 -0.377308794050349 0.241123146015685 -0.621250708679204
0.218696387414507 -0.606252117420012 -0.0193347763997323 -0.279739941238189
0.143268818899786 -0.60144950839581 -0.0452653016710758 -0.215691266657672
-0.142030957405641 -0.618026516844145 -0.00764479222655656 0.00640891935504788
-0.403828934992008 -0.44898749707708 0.0176774104043999 0.12556853820408
-0.468821352035481 -0.147741363840195 0.195034990808523 0.128806563853021
-0.45459879075712 0.0500833492262564 0.307033685878068 0.0363209349042542
-0.400337664515208 0.243676417068215 0.304275620741559 -0.0870705505211713
-0.31980773750074 0.28586872291503 0.253693826294826 -0.104542104785906
-0.342649007506297 0.315808750728838 0.235517706256998 -0.11964203362439
-0.435015755267783 0.187856001811495 0.224507676124047 -0.0574648615305664
-0.479479009371708 0.052899659743546 0.149265802455922 0.0264909601027282
-0.564047312367381 -0.20866007948401 -0.0191850353289198 -0.00533552799949273
-0.401279035347673 -0.483045975740168 -0.0707341017785521 -0.171946626672486
-0.0407162290824933 -0.608061235135553 -0.030119653703648 -0.373344769294215
0.188542952628438 -0.625646871261058 0.122241980195804 -0.483783797509331
0.218089174309199 -0.740603458667004 -0.110297759426281 -0.064269045974269
0.142388909048897 -0.741141445183687 -0.0722646105748574 -0.0631976442523066
-0.17852678965645 -0.768896071646231 -0.00879197318008085 0.0570152834964543
-0.493464269149826 -0.575494326363286 -0.0072076942319053 0.125639256768083
-0.587670138167381 -0.218033982499613 0.101166538430072 0.105370406350576
-0.573324214072957 0.0327837857088573 0.159313445906863 0.0671708189200712
-0.507736132487622 0.267785323933945 0.153036501135562 -0.0110314496910205
-0.397579409283804 0.32043598386132 0.106442917865363 -0.00222505726546181
-0.409866357937357 0.357479629811855 0.0906643538942277 -0.0151835082581601
-0.511908372528688 0.219596232131575 0.0906367848814497 0.0252947901387483
-0.557486173820148 0.0653643052206299 0.0413601657021075 0.0692881123268366
-0.65814110929931 -0.218370411286529 -0.0756095890753039 0.0362015194773218
-0.49742929275928 -0.532107117701248 -0.104379411060524 -0.099632261868303
-0.104203640846141 -0.711174471891025 -0.0594183813797536 -0.230332723962703
0.173574795226644 -0.773616086521369 0.0264552780821819 -0.27163769227671
0.173343946276135 -0.765631428474019 -0.212924798837772 0.169657527231757
0.0999230675610591 -0.766725839568148 -0.113858015377605 0.118675052460189
-0.208820761120346 -0.787168707962088 -0.0183249253287424 0.112990094150726
-0.515388460739965 -0.593704494899273 -0.0407325097925296 0.111195389048368
-0.606822877725554 -0.236325016870335 -0.0222815482805514 0.0672055533296079
-0.595136242469274 0.0178935151200788 -0.02465504789858 0.0892493249549418
-0.536181949561512 0.258284444996813 -0.02774505290543 0.0681418076013368
-0.416965266519674 0.306630633719376 -0.0561236920836172 0.101550938840853
-0.422148782277855 0.337613350567719 -0.0603075310960661 0.092202026029927
-0.518366616603928 0.200147681829857 -0.0483328458878156 0.111321571780538
-0.547344975610966 0.0412194617538055 -0.070562973941709 0.108401567657989
-0.624025362215907 -0.225034390723181 -0.119811148930655 0.0683657206484019
-0.480561502629454 -0.512229173980391 -0.111477351341448 -0.0260061095211833
-0.122740692150154 -0.696481363981776 -0.0483916888256731 -0.0664018232225157
0.139901170744617 -0.791665333238452 -0.0395862589825925 -0.0240213024195644
0.0937061738435982 -0.673187988654325 -0.301157891606408 0.385884858019117
0.0265229390254585 -0.652064298076286 -0.149603323885939 0.292528892114339
-0.209382812822635 -0.647677586582846 -0.0364476461955284 0.159369917619419
-0.4346292707469 -0.481269440622946 -0.0785733809269165 0.0866392025625587
-0.505992332468759 -0.203280741331641 -0.149618264272669 0.0317981744496527
-0.507966372569401 0.00830608668236949 -0.207103552880401 0.107070963731076
-0.47108593889895 0.210107915336803 -0.20494334744132 0.142504242751514
-0.373391893740461 0.245739759970165 -0.210784218884331 0.18937803575868
-0.381436527266525 0.261219631227791 -0.201563557284643 0.177090384844052
-0.453077312015733 0.130685718233966 -0.179603934251404 0.166474266330701
-0.453867284243376 -0.0178683420100924 -0.170617012537029 0.115842361938259
-0.473264491751294 -0.230081366015822 -0.148741313882484 0.0701969800944872
-0.355291511205609 -0.433077387053982 -0.101348317959704 0.0261764760042704
-0.0914859511540666 -0.572016920232235 -0.0168561438079169 0.0813848621543449
0.10149816859605 -0.682555770056768 -0.0796825912272208 0.211326985286525
-0.000361695567039043 -0.469795255597585 -0.351536181137987 0.547170184117003
-0.047498436582337 -0.415910088744213 -0.161511131839832 0.425245263249552
-0.160601340400849 -0.388021033482751 -0.0515607923153229 0.189411006617861
-0.266857263485626 -0.282749541345006 -0.103124418749791 0.0642126698428162
-0.310339914346325 -0.135425737310035 -0.245657355646804 0.00972645367796444
-0.334070072419683 -0.00456762116728235 -0.34651595830551 0.122020052101236
-0.332217552815365 0.12636145072108 -0.345318641583909 0.204221776504827
-0.273512405593792 0.147218071998421 -0.333657901660055 0.247644974886348
-0.287198396091071 0.145551347326322 -0.319445654289754 0.220895848951374
-0.32861244552963 0.0420053122201755 -0.287181262927121 0.171346264618468
-0.298032932339195 -0.0768466012419816 -0.244861595460741 0.0766599978370061
-0.259477964444054 -0.202640856528043 -0.155916804960086 0.0360593682358102
-0.178535843821335 -0.292555887954549 -0.0823429907647402 0.0492903858166445
-0.0449473515047787 -0.367261917512818 0.0128664663970764 0.192961654665416
0.0514878633379784 -0.476661151980428 -0.101132233466824 0.398540083883854
-0.0830117244766085 -0.189267323350217 -0.35416828008166 0.627743017480779
-0.0878407824305885 -0.114512182535511 -0.140540678809131 0.502042009636916
-0.0655406413651776 -0.0861633160056353 -0.0481325306671174 0.205996057576544
-0.0531008903964769 -0.0705963079918185 -0.102423365128832 0.0473595464602382
-0.0743078464945208 -0.0668530190718107 -0.292247219329056 0.0014810577085898
-0.115837925180978 -0.0310139548262807 -0.421726126218298 0.135919361049419
-0.145173697993031 0.0165999031167284 -0.421381206333838 0.24285039708291
-0.133567468939703 0.0259627189693119 -0.405574509255839 0.268014717490714
-0.145992044239798 0.0194234959645723 -0.397403914198486 0.221843253736783
-0.154267850472845 -0.0300254206573014 -0.358328707254799 0.128505334403081
-0.111302748727107 -0.0918009439913573 -0.28044651096493 0.00425224297983271
-0.045571445968898 -0.113943964312156 -0.137325710763826 -0.018054516188492
-0.0243825298268829 -0.100604997618405 -0.0556492506888654 0.0550560963864604
-0.0302979490721608 -0.124972458233209 0.0302414050485246 0.263917425509584
-0.021314356163399 -0.214597663215712 -0.105569675744783 0.516960526210797
0.128397360489441 -0.139034413311641 0.0108122488726064 -0.551739710146046
0.0579018767997471 -0.165294789430199 -0.0923705132001409 -0.351335935071889
-0.0724305693165714 -0.152858985398362 -0.0125867996709595 -0.0401851832205154
-0.143153508440799 -0.05064377484502 0.076042732099206 0.066321960164568
-0.101805774319278 0.0426278392092036 0.279769070998123 0.0607253268714709
-0.0643594325542513 0.0646534306808773 0.411152682433931 -0.0976618929272339
-0.0301261651839383 0.0989027598647723 0.413106193092454 -0.231874562826885
-0.0250602566424951 0.103413948004663 0.399346227827552 -0.278837768346013
-0.0455984927248106 0.111948879663373 0.404662086530274 -0.275507852385701
-0.0876043978676188 0.0814425485345605 0.392444892048283 -0.180534763656319
-0.129835955244107 0.0523153629118612 0.302977821850619 -0.0422858861598805
-0.181169036811307 -0.045890495460794 0.106271069548723 -0.0528780824156954
-0.098533883851707 -0.147900679709079 0.0421968020711766 -0.222145768628672
0.0460438358880751 -0.130634029234971 0.0858044346007474 -0.476049806494345
0.0988813541274878 -0.0780502681803533 0.297308294935919 -0.672727033431846
0.152536165691374 -0.401641517031078 0.00564480754324542 -0.449263744778859
0.0765162263414842 -0.401525525371615 -0.0668136260710052 -0.310711646319447
-0.138833032911989 -0.388231714519981 -0.0109618397260526 -0.0231602985824065
-0.302617399267254 -0.233052886686267 0.0511216247056511 0.105118090191184
-0.301124737493311 -0.0286051018579143 0.258688008375917 0.103531711792131
-0.268517565381195 0.0879308558571337 0.392078294728031 -0.039433064298612
-0.214795829973766 0.202415265176644 0.384602254200922 -0.178218890186912
-0.172334745003523 0.222637322608864 0.349867706119565 -0.218671885847287
-0.200725882743805 0.24027264135025 0.336956921217156 -0.224842838088055
-0.279764756722531 0.152562709359083 0.323618863510742 -0.142090553253166
-0.326117799442907 0.058667921047748 0.240562315338516 -0.0205137921095715
-0.398034735505896 -0.130030452180259 0.0422796626678762 -0.0367206103080786
-0.27228398020779 -0.333313007575665 -0.0272982933906153 -0.215373864629114
-0.00460742031283411 -0.400578384409645 0.00417225607466708 -0.459758770500842
0.138472269841286 -0.387012972416643 0.188713883956086 -0.630047297870724
0.168473139575247 -0.614235043791283 -0.0365944267604206 -0.278068926257163
0.0978941469402628 -0.606398576269403 -0.0606884918754304 -0.213569900832032
-0.188788759299592 -0.604888631786803 -0.00575390563401249 0.00837421409085764
-0.438558555925899 -0.412575744039591 0.0277512962567352 0.124329920975068
-0.480538832627754 -0.111819525099128 0.202847360302135 0.115754877332218
-0.450019472684564 0.0896251353358999 0.309430135099113 0.0117575572217637
-0.377002504044183 0.272480056618575 0.292749026170347 -0.103573154919626
-0.291943879234848 0.309204265489765 0.246474412161102 -0.125099346042376
-0.314952801640068 0.340712655144119 0.225305491402303 -0.135858755931241
-0.419589246665478 0.222758676289774 0.218308146936077 -0.073158632764561
-0.475689685620968 0.0895891920105881 0.150883484080217 0.0166996394033994
-0.579639902385136 -0.162357538941531 -0.0195551213999223 -0.00183671052883513
-0.437734417975311 -0.448660027765028 -0.0839347039878867 -0.166604596703871
-0.0892104310794668 -0.601711859881642 -0.0580656570063075 -0.369540698577517
0.136075788919117 -0.637200445355189 0.0825935223187996 -0.48591455902356
0.157383340120816 -0.74450084259302 -0.109493000367659 -0.0596682416253242
0.0864201973826936 -0.745473842408482 -0.0752896664037817 -0.0611092334792511
-0.241259084788967 -0.750533644687953 -0.00166200712125177 0.0584955196721698
-0.541214827496536 -0.533303557875177 0.00393105519889491 0.126885714733108
-0.603788061864113 -0.171903982989914 0.108896830610109 0.100180183642978
-0.569107930075023 0.0821041747344708 0.167211881501604 0.0538093737707138
-0.482455873229794 0.306896544342406 0.147666839509457 -0.0155649479644316
-0.367363797085419 0.350566075762417 0.108109575203927 -0.0113635401666044
-0.377995359327326 0.389547467161619 0.0903884678006271 -0.0210296683218656
-0.492811164037941 0.261158363193247 0.0916041243840918 0.0192621964699874
-0.553422911725313 0.106880264327219 0.0467479827745782 0.06870866804406
-0.673272020556133 -0.164146763581447 -0.0723423417984987 0.0436262454480595
-0.538304254090005 -0.49002636331625 -0.111744000507221 -0.0920199549193728
-0.1595936548687 -0.700330660161362 -0.0755284592144287 -0.225868733607932
0.106850984728889 -0.782473483995966 0.00469775404883236 -0.267070282532301
0.111791651894575 -0.768209711369333 -0.19482942529552 0.179854854396027
0.0421762523007517 -0.770193412875888 -0.102298643268602 0.122620706853135
-0.272284887689374 -0.767134770581296 -0.00693764849678139 0.115088411292977
-0.563249621867238 -0.549120157113969 -0.0300234345999856 0.114179878195732
-0.625169288107062 -0.190653547122402 -0.0158126404924918 0.0716306398820289
-0.59412705255844 0.0679852874443623 -0.0130939292817575 0.0908877273281447
-0.508769523688618 0.297838188925622 -0.0272759917130194 0.0773361589238296
-0.385440482646063 0.338344180770634 -0.0461949397751537 0.103902356836956
-0.393109304746693 0.37181837881047 -0.0506751921233028 0.0976422841581005
-0.498323875616683 0.24206629005283 -0.0402642885174165 0.114508799900242
-0.545590217046722 0.0837020702676091 -0.0618177578565618 0.116500228196637
-0.640052764240218 -0.172022617675567 -0.114218209714538 0.0790834088230657
-0.520467132905718 -0.472403523149249 -0.112170572734028 -0.0166326220746919
-0.17738843289896 -0.682579064988887 -0.0519896832202523 -0.0641670124096185
0.0733059405888892 -0.799425443786974 -0.0411876948174404 -0.0169327942544765
0.040047936457769 -0.670330413122826 -0.267500241380844 0.400446673602033
-0.0223908695934543 -0.65226904249507 -0.123993075655098 0.298461453066539
-0.262734220770189 -0.63096737000953 -0.0214664036031304 0.162849967933327
-0.475684556582464 -0.445467204516312 -0.0698316510860837 0.0927621374285212
-0.520983346983621 -0.165645306915567 -0.144668784160085 0.0450909362805846
-0.506390799583656 0.0513190625982359 -0.193141600465471 0.121780067367894
-0.44909262739044 0.245294207154241 -0.197357247126803 0.162969039510043
-0.347632248874035 0.274880020186434 -0.194482668447133 0.203686245791224
-0.357256724493874 0.291963026582096 -0.185363259386961 0.192053221153995
-0.440457991060884 0.169273672412787 -0.165332880613409 0.179519853603416
-0.455748233000741 0.0168512803520592 -0.161138940631677 0.131129050769773
-0.490964861971173 -0.191538406508293 -0.143599177599816 0.0829821225980906
-0.389862601544193 -0.402557367789106 -0.0974324074293654 0.0346837369531002
-0.135663933374889 -0.560073197270357 -0.00864731631927917 0.0804347116589081
0.0422956310920491 -0.687112677749462 -0.0615003858072891 0.219533115626911
-0.0365446130368778 -0.463950728972458 -0.307445692100642 0.56505508397814
-0.0785146098637639 -0.411856034134486 -0.125577134677912 0.432200733213256
-0.193431083177354 -0.375511490556486 -0.0349349006401101 0.193007460001202
-0.291083405950995 -0.262045495905592 -0.0967013035570427 0.0716263237841286
-0.320482602954593 -0.112616625627358 -0.241474943821042 0.0290370411705528
-0.334291245552701 0.022765347185747 -0.331667293657406 0.1490537950506
-0.316894799882252 0.152426536569044 -0.330566571981137 0.232137934467115
-0.257666624181781 0.169803159752108 -0.312953607367375 0.271592991706531
-0.272743699709225 0.169314128945711 -0.299790093151869 0.243962926147368
-0.322594188326102 0.0703139231094363 -0.272333353901867 0.191327136918326
-0.305083600656627 -0.052707903568646 -0.238380695234188 0.0973268233694363
-0.275025700395756 -0.179295935807207 -0.152908851741296 0.0482047893226419
-0.203782169076592 -0.276008241557309 -0.0759380319974599 0.0567203313856012
-0.0754083532379032 -0.360953795267578 0.0297799521751729 0.189579989182112
0.00913653782883794 -0.479305315074037 -0.0689501808368451 0.406126957173616
-0.097241528016464 -0.180497144561543 -0.304110955106216 0.646105863326363
-0.0957446642998372 -0.109549996908844 -0.100701905378283 0.507426287309733
-0.0734630108927653 -0.0817759576146711 -0.0309799152138867 0.208438793813054
-0.0592673394015457 -0.0664602532716771 -0.0974886314740753 0.0541046391242759
-0.0797802107525724 -0.0625412731859441 -0.288509078623263 0.0238524887331074
-0.118959537211781 -0.0223825095278847 -0.406211848500563 0.168332881755973
-0.141569016518527 0.0293149761641503 -0.40312781813812 0.27420641949322
-0.129334419047511 0.0382618388418577 -0.382612967385951 0.298586317260895
-0.14304509055384 0.0334653730099841 -0.377775784005595 0.251331163675485
-0.155348054069099 -0.0148405482991368 -0.345764070459049 0.154411611173728
-0.119387670999876 -0.0813081979192131 -0.278907993119969 0.0262701635909422
-0.0556357714747837 -0.108516760676737 -0.138268051032644 -0.00716719687800409
-0.0351605129729006 -0.0981336923289315 -0.0492835455118294 0.0609027467439198
-0.0412406940145497 -0.1225229166488 0.0519075583612257 0.258748276037848
-0.0413051162611734 -0.213480081962773 -0.063843365193062 0.523140038909319
0.115246256099782 -0.142099748091279 -0.0178175719862984 -0.53547607209123
0.0473673021056691 -0.161892778046003 -0.10976789181469 -0.33463267439646
-0.0786144010601233 -0.143882175095757 -0.0128022092466069 -0.0386551199422351
-0.141933116027734 -0.040622603650512 0.0770403352010328 0.0609488685512262
-0.0980755898376989 0.0474581066352074 0.273174872903237 0.0452005158186176
-0.0595729720896655 0.0676166731102616 0.39271047165871 -0.119246758370613
-0.0239549414186135 0.096374600947951 0.390798119251351 -0.246199399479099
-0.0178745721916042 0.100752050324698 0.374456990377299 -0.293655684989477
-0.037823764359036 0.11039234199737 0.378038283618605 -0.290954159585784
-0.0813492517512475 0.0832922089564044 0.370946486464685 -0.196801665545697
-0.123982759591598 0.0575902682169053 0.294342179562146 -0.0594388189493759
-0.178595613069983 -0.0339289993617189 0.101903901743613 -0.056860807286575
-0.103143811937142 -0.138002744783793 0.0271287583847129 -0.219929391064544
0.0383209544146042 -0.129273656916921 0.0558756912296368 -0.467144267851493
0.0915977457914298 -0.0804962044965269 0.250527700434209 -0.665397447259327
0.124381368418197 -0.39499243888129 -0.015268636040516 -0.436599797840249
0.0533258457732875 -0.391814677822333 -0.0831561328240752 -0.298402364732692
-0.157751504396591 -0.370056952778464 -0.00970993550609175 -0.0221873774270702
-0.309060932364597 -0.208224851294585 0.0554279407491758 0.100680803952439
-0.296251734274417 -0.0114010602593574 0.257549226072677 0.0893458957452898
-0.256415247008001 0.103393652479961 0.378613593361877 -0.0612233845634561
-0.196521465369631 0.207439923733731 0.364764689539489 -0.189657883380371
-0.152690047130595 0.22515240454799 0.330157273946404 -0.232798615413533
-0.181048628629238 0.245923300748036 0.316092763695487 -0.235819411495958
-0.264479421886616 0.165428102771712 0.306852523623564 -0.156160524708028
-0.3161130526317 0.0755291167707271 0.234499631056417 -0.0332142389479166
-0.396334728753715 -0.102755213539626 0.0397976368887318 -0.0369113787920793
-0.283593039341246 -0.309236440598222 -0.0397726382984015 -0.209816924428241
-0.0266366975168891 -0.389182729054124 -0.0218696840453654 -0.447555807822423
0.111342763539382 -0.383799853792 0.148313967150949 -0.61887367572656
0.127286242828619 -0.600472783594852 -0.0469796832805004 -0.270828103615448
0.0621596540786084 -0.591858605786358 -0.0711475751094054 -0.206188934242091
-0.219930468355957 -0.5772882219033 -0.00239198010571406 0.00837409148742429
-0.453581929832171 -0.37564443479743 0.0354995343747555 0.121945474697168
-0.476417849426906 -0.0828025934480249 0.205093699172686 0.104499056076447
-0.433280673848428 0.117315286483251 0.30373962632046 -0.00712365276178131
-0.349206148809821 0.286568444492388 0.27837820200994 -0.110385965751453
-0.263011623673126 0.317487333504335 0.235251679877801 -0.136467789793456
-0.285558446516315 0.350977438534601 0.212926674176579 -0.143479846259278
-0.396216074623067 0.242646400684321 0.207829027258289 -0.0825642629630472
-0.461194051616361 0.113964847516653 0.149875051941952 0.00934584284373719
-0.57579117514208 -0.120563169898418 -0.0187063018867658 0.000581610351706819
-0.452460646300329 -0.411597610471316 -0.0923859189098685 -0.158767764997554
-0.120373896180881 -0.58127720145709 -0.0765664228234946 -0.357533882270218
0.0930866640515547 -0.627391844196132 0.0533090324539045 -0.471901206769838
0.109102655485925 -0.726627865013099 -0.106156197850314 -0.0559264258061246
0.0435855577018444 -0.729497667156148 -0.0765819567373915 -0.0579474718158916
-0.279454796702132 -0.717044124691243 0.00503178536069058 0.0580852641416936
-0.562522417581442 -0.486828560089283 0.0135467604059592 0.124879214118621
-0.600142701764331 -0.135679037030468 0.11398196784078 0.0953821491164197
-0.549777217403634 0.11625094746778 0.169714831632675 0.041792052613791
-0.44905467273361 0.324356077251381 0.141684165283688 -0.0145440889375992
-0.333115361152984 0.362361261671777 0.105805320161704 -0.0192099401922888
-0.343388653504705 0.401445616220653 0.0878739620418425 -0.0248365979896345
-0.465548570332099 0.285014036707949 0.0902424736666568 0.0147853343076903
-0.537857384518698 0.135954399600112 0.0512855770780136 0.067297870724691
-0.665496542755678 -0.118845724001992 -0.0680713643201182 0.0481391473193711
-0.552052824428832 -0.448495310385644 -0.115105217326077 -0.0837292851646279
-0.196963603988353 -0.671336282948409 -0.0847424493222468 -0.217216584076202
0.0543873600553627 -0.766833105242058 -0.0107223848300536 -0.255676410951683
0.065153058771526 -0.745860843515452 -0.176652335448563 0.180114151880845
-0.000383799864704406 -0.751803381106936 -0.0922196693038433 0.121312619382614
-0.311789112522797 -0.731509759483529 0.00319456167682342 0.113407003837663
-0.585061745799837 -0.501572100712068 -0.0204327542162558 0.113864520443182
-0.622889538748817 -0.152351111127582 -0.00826991730275171 0.0738620742609957
-0.574968865750555 0.105016046543949 -0.00297885800831384 0.0872344139852056
-0.475464024159855 0.31951803033709 -0.0238676391620406 0.0848297708675456
-0.352516937811133 0.350703996581091 -0.038544144708665 0.102367153108096
-0.358862168265156 0.385915749646835 -0.0429958495637593 0.0977113025360438
-0.471621779971718 0.266265457472185 -0.0329601272314821 0.114183157125623
-0.530665009158784 0.113276082671966 -0.0513880193157928 0.120032849840036
-0.633866674993336 -0.129442974979223 -0.106645808241192 0.0856653221988724
-0.535283222781939 -0.429681873521547 -0.110135187499505 -0.0100811119382255
-0.21158789026341 -0.653332262130165 -0.0527982387583005 -0.0615229619220892
0.0195301527893372 -0.78093860920734 -0.040148414215742 -0.0103028577138261
0.00360960825352112 -0.649830405673522 -0.236629907334956 0.399106679967371
-0.0569922204278492 -0.636445162419159 -0.103694049740262 0.2940212190395
-0.294738783321477 -0.601135091314655 -0.0091603518206091 0.160494580077795
-0.493135247950895 -0.406510953721521 -0.060551440177139 0.0947431214426779
-0.52171725304293 -0.133241550198822 -0.134869077957048 0.053774107990236
-0.491593900184975 0.0831845027172861 -0.176186278100554 0.128833523092182
-0.4199664575359 0.265597985354675 -0.184844311835714 0.177050810081433
-0.319172376503593 0.288347632946939 -0.177399107831826 0.207510753776675
-0.32841553778167 0.306047403755059 -0.16930559506119 0.196793657361446
-0.417805915844297 0.192086175233374 -0.15086808865372 0.183581628359247
-0.445874426752129 0.0430235126500346 -0.148570976472024 0.139548617090594
-0.489465495336903 -0.155024434391426 -0.134475282325621 0.0900302269930092
-0.403729499058018 -0.369212736951397 -0.0921457309347752 0.0397881437116114
-0.164084358272289 -0.538372359133386 -0.00245703295544991 0.0766454574279533
-0.00243374938579002 -0.670786785951121 -0.0464518832426631 0.219555359573073
-0.0609239187495864 -0.44603283614686 -0.268290014989059 0.560961559892532
-0.0995931113960671 -0.399491743803795 -0.0975624919476275 0.424409252684344
-0.212318706625417 -0.356952658190767 -0.0204854851468652 0.190874581848614
-0.301880445747887 -0.237883813346348 -0.0882251770347931 0.0745940364786328
-0.321313554645342 -0.0932693527883364 -0.230905378202645 0.0421656361474026
-0.32538468787992 0.0430545016442714 -0.311046439628058 0.162778311144531
-0.297938033887139 0.167992283556332 -0.310743360806978 0.249190867994185
-0.238476926765011 0.181423924286169 -0.290188276554169 0.281610089763884
-0.2534546351825 0.182517328916716 -0.278046715480208 0.254262850115699
-0.308576573043018 0.0891374390481839 -0.254428036127369 0.200926084977935
-0.302578060408573 -0.0332220676195963 -0.225815930758392 0.110732006930368
-0.280342010942797 -0.157903066673802 -0.146459255892098 0.0572183658528596
-0.216772806079697 -0.255841059237972 -0.0690701129568072 0.059941568234226
-0.0950965610253536 -0.3472981920156 0.0412982977100206 0.179869910376883
-0.0226220012528539 -0.46695560366734 -0.0429486053735964 0.400234918841197
-0.103746398155954 -0.169102924715709 -0.263200505828497 0.640258779778883
-0.0987235475680736 -0.102889902758789 -0.0676088627788769 0.496314086883441
-0.0778334766273754 -0.0761238540008325 -0.0180445465702443 0.204938734318606
-0.0626909504543719 -0.0622051533708201 -0.0914323245088861 0.0564235386011539
-0.0812685368829918 -0.0587445612292633 -0.278247732041627 0.0383141853989642
-0.117538586216863 -0.014639127650285 -0.383766936994175 0.186381733489456
-0.134798423691043 0.038050817235651 -0.378860339006889 0.290603511773914
-0.122627454859853 0.0462081253105522 -0.358508155022621 0.311472201823702
-0.136253788242502 0.0427273844869754 -0.353036745629648 0.265250418866965
-0.151611444829154 -0.00356706126195719 -0.32852858375276 0.16863846771741
-0.122377732949341 -0.0706033832041325 -0.270023039559574 0.0427310606775485
-0.0616391884150202 -0.100820098482866 -0.135577449947176 0.00118594681037174
-0.043447793595215 -0.0926566601836801 -0.0424404937115783 0.063427828131422
-0.0492039058070967 -0.117467044564581 0.0666048025753759 0.246799379691404
-0.0559121781644555 -0.206619795573127 -0.0306512404320814 0.514113850897214
0.106985947521078 -0.14124615008266 -0.0306264128305971 -0.521208012702309
0.042551753805529 -0.157345622066397 -0.117866639559119 -0.322497641326076
-0.0816661344861581 -0.138246853540041 -0.0117401922065002 -0.0376905052121055
-0.139941259445593 -0.0347026774787624 0.077656976027841 0.0588604370407576
-0.0951779777515759 0.050291092732309 0.268366070237136 0.0378354173951243
-0.0562161783629008 0.0691378320953719 0.378042913064061 -0.128467150392698
-0.0210053618597452 0.093341489709379 0.375883863958744 -0.251406725984189
-0.01388445826807 0.0972878975191896 0.360004231743818 -0.298278403402468
-0.0336498465723938 0.108586788257138 0.360532950362673 -0.294541736571193
-0.0777248180393175 0.0835670222640681 0.355716254944788 -0.203287861651873
-0.120054261860041 0.0594503200872167 0.28655477906952 -0.0676643642542316
-0.175476578025198 -0.0272387919539896 0.0986203994440586 -0.0581546179968234
-0.103340890941591 -0.131664657664339 0.018748849988334 -0.217458078935919
0.0347572695301371 -0.127255709479866 0.0400335135569551 -0.456705198599026
0.0878574450524555 -0.081247063858797 0.224663729449552 -0.653791596296266
0.10790562818223 -0.385300846248972 -0.0236486398437871 -0.42711038137652
0.0420469419509472 -0.381611181581331 -0.0903218308064212 -0.289320544170108
-0.166221764237563 -0.354832776272295 -0.00723299577764621 -0.022088059132012
-0.309516017396183 -0.192749806969686 0.0591076020620553 0.0988111795742174
-0.292323893838562 -0.00154806599766275 0.255244813555736 0.0813366030601129
-0.247249897096848 0.112072672869574 0.368212803703893 -0.0731056985738341
-0.184967077188582 0.207684793700079 0.353084724904055 -0.192318113469218
-0.140437608928045 0.224109297947315 0.31740097752101 -0.238119937366151
-0.168273694754528 0.246088824100329 0.302273253598847 -0.239241893834058
-0.25388381668431 0.169851482582398 0.294920833047071 -0.160540922851144
-0.309566666857841 0.083565197507813 0.229676013432869 -0.0394093319422977
-0.390225552553956 -0.0867390369729563 0.0389017116762752 -0.0371653589995864
-0.286165542970371 -0.293655607848407 -0.0467300827190703 -0.204932197229485
-0.0369528795687629 -0.379460142182642 -0.0358446383191982 -0.437225202978649
0.0960408622767489 -0.378152636023803 0.125069344170218 -0.602988459979458
0.104408971972979 -0.583904785651082 -0.0495451736331556 -0.26599702563314
0.0452201074664295 -0.578827591564556 -0.0760539541038602 -0.200201797723606
-0.234303186559176 -0.5554077818227 0.00160807413344231 0.00774359327298834
-0.457239017021147 -0.35093215398778 0.0404506640812602 0.119701420862084
-0.470862695651278 -0.0664514567902389 0.206298917949003 0.0991436438174647
-0.418691607590988 0.131844531708218 0.298821358696164 -0.0180707528109161
-0.330904517141338 0.289572764521994 0.271594771327971 -0.109323132113629
-0.244137246717888 0.316702622002077 0.22737570810807 -0.141405309742101
-0.265280884258547 0.352383998933139 0.204365011532294 -0.145917054644481
-0.380801964542858 0.250168389759695 0.200028770747451 -0.0858601692128006
-0.451200493503682 0.126269813721404 0.148818831538176 0.00569340274223966
-0.567232716355711 -0.0979764069900682 -0.017034970086841 0.00173294424389894
-0.454486615737805 -0.389808073382312 -0.0968197145432115 -0.15356916829075
-0.135150380652245 -0.565073791729323 -0.0859383851794944 -0.347730459349033
0.0694673491309382 -0.61469540333094 0.0392446784275582 -0.457367282982859
0.0851832745275187 -0.704812314553512 -0.101896515246017 -0.0552104248200423
0.0213780835052471 -0.712627285773753 -0.0762490157785091 -0.0566054596158381
-0.298769815045395 -0.689248250355524 0.0106502298681861 0.0553667328339255
-0.569040172331276 -0.455761096287335 0.0194816038053659 0.122826899241227
-0.594536112389171 -0.113092457073666 0.118658068080861 0.0921595870421571
-0.533972433498774 0.136072023311341 0.171096884724909 0.033427894286373
-0.426640318513947 0.331482920500827 0.139541743575795 -0.0108794078327865
-0.30961957683811 0.362998700555938 0.104101876928468 -0.0228893268836748
-0.320648215541269 0.403952828463912 0.0860334338533908 -0.0264561641011566
-0.445598999282352 0.294854155111023 0.0886971965293069 0.0127362227985232
-0.524427062667709 0.151756804598637 0.0546497016764404 0.0659961346231495
-0.656459104510873 -0.0928122425721264 -0.0641177764501345 0.0510629683433457
-0.556449352653078 -0.420867257252328 -0.115535009741283 -0.0785025144819729
-0.21265703948033 -0.651287204912386 -0.0896449335397819 -0.211470399741633
0.0262562496085729 -0.750365365580604 -0.0172101671173108 -0.244177279075285
0.0423615243454564 -0.724920576904631 -0.165341865550817 0.17652984456433
-0.0231049075968442 -0.734934406903572 -0.0867690256378277 0.119011132879676
-0.332218913470982 -0.707372250475915 0.0104596084855391 0.11098920070849
-0.593607300836646 -0.470390991390209 -0.0134535831751563 0.112910818556634
-0.617715982935582 -0.131811612110806 -0.00154995469869098 0.0744085378809325
-0.559433197170114 0.124660661488896 0.00454793652499213 0.0831066389094599
-0.453215254028636 0.327798183284429 -0.0184051820201487 0.0911800021319174
-0.329539757694832 0.354866740760287 -0.0347458126572787 0.0998812193777005
-0.334614445428665 0.388130500640165 -0.0382005126863769 0.0959784385888602
-0.452156188088602 0.277008356676095 -0.0281050475802912 0.113528440765055
-0.518791487333554 0.127030373755568 -0.044156011158289 0.121516153069865
-0.62492408535028 -0.103901976727317 -0.100849173245294 0.0883214882176026
-0.539163178862358 -0.402883988660062 -0.108352464087107 -0.00650070079990869
-0.228115533206255 -0.632655663647485 -0.0527205323214784 -0.0602551933935216
-0.0093984773562906 -0.760834936015274 -0.0382949659279512 -0.00509106307076432
-0.0167741187390522 -0.629238649967073 -0.219032618490791 0.3919064918596
-0.0748138849362865 -0.622501179082574 -0.092470751520531 0.288294289227031
-0.309964210921776 -0.579786654700084 -0.000633858822321786 0.157452871507714
-0.499442401863013 -0.381149214830826 -0.0540606178033141 0.0945425367391713
-0.517786890735085 -0.115453449185619 -0.126381635661654 0.0572668030420789
-0.479527157531564 0.0988817212610328 -0.163929112287832 0.129141489542208
-0.399925086888854 0.272529363330922 -0.174422615869705 0.185755328559273
-0.300156445477793 0.291020872069033 -0.168136502328173 0.208072285091368
-0.308815363519019 0.309887353705904 -0.158200963742704 0.196657102048824
-0.401801861503371 0.202726704334254 -0.141304908467079 0.184274586348936
-0.439147664780501 0.0579119031858929 -0.138315149549607 0.143667862986687
-0.486265769691886 -0.133234023448883 -0.127892411755687 0.0936986059769463
-0.409256157045179 -0.346843114173419 -0.0882328308174745 0.0417674210529166
-0.179546802840975 -0.520065343185116 0.00122246059693213 0.0730992315602863
-0.0292842775804335 -0.653817404081265 -0.0377111840222226 0.218268338318877
-0.0714015469195446 -0.430033741954232 -0.246151545277264 0.551700729533351
-0.108291648653152 -0.390264126389859 -0.0831414221462669 0.415217259485084
-0.22177095478551 -0.343352130340131 -0.0125167294459025 0.187382849078147
-0.306652503962673 -0.2237523409778 -0.0825364644441721 0.0750748151079469
-0.320911416234688 -0.0835407937781371 -0.221776308238946 0.0479507241107035
-0.317034170073923 0.0540952037524395 -0.295611217628966 0.167910846852443
-0.283232113802343 0.173759485323363 -0.2968133992911 0.258517042189361
-0.225185894359983 0.185045325931332 -0.277090533200798 0.283263418926123
-0.239961579698419 0.187008264818788 -0.263508369787991 0.255981312263408
-0.297201637020429 0.0992158956201896 -0.242739153846251 0.203804094644569
-0.299324134020676 -0.0207287247180389 -0.21569736976715 0.116761805373099
-0.279124732443263 -0.143223641546093 -0.141315830825181 0.0603677469388811
-0.222564047665318 -0.242549924903906 -0.0643821738183559 0.0611479018860051
-0.104894885247287 -0.336455204270973 0.0468637288294134 0.17212654449879
-0.040429233598551 -0.454933331770413 -0.0285160041925678 0.39308347885345
-0.104847328636251 -0.160776239145646 -0.24144551527567 0.629502259004909
-0.0995139746957913 -0.100091373959387 -0.0514001661254575 0.484956872407961
-0.0798247074002633 -0.0734589686749832 -0.0101996120318694 0.20130562834923
-0.0653268864965559 -0.0596195605842357 -0.0865872093360741 0.0564352564397719
-0.0830177722069664 -0.0566793824455663 -0.269779437783323 0.0447420972294062
-0.116531067707316 -0.0106542531599054 -0.367200659300339 0.193697212645022
-0.129077443708493 0.0423533425715397 -0.363115980698764 0.298413230125178
-0.117015551996738 0.049887974923903 -0.343704721886213 0.316001250960005
-0.129834476332791 0.0471050635883184 -0.337657526652443 0.269026332933769
-0.147013928426376 0.00335179791354104 -0.315562457486292 0.174061990356009
-0.123441997339551 -0.0638008925067547 -0.262152234659778 0.0513209345361287
-0.0645427833365801 -0.0949349905639661 -0.132496304822385 0.00559059665127829
-0.0479968867731345 -0.0881462671516769 -0.0376096393671203 0.0640339598707509
-0.0531648572525921 -0.113325963061027 0.0740891162242111 0.236937965203764
-0.0637464459756037 -0.200233638756112 -0.01389112755624 0.501653473717865
0.072145556110225 -0.153725982929763 -0.126587730816387 -0.524592210073968
0.00602768530533701 -0.155531849757515 -0.177121788288616 -0.303756719160619
-0.1062371572188 -0.112062977390918 -0.0136256124208328 -0.0492562242867496
-0.138768535687883 -0.00172956455852992 0.0876342259162309 0.0329252167499482
-0.078409741160245 0.0653643246160971 0.268072755168444 -0.0187669364247893
-0.0411079510229201 0.0734822094912734 0.342217773414894 -0.202828085172314
0.000695904225393201 0.088342470111381 0.315362260903417 -0.319646778171046
0.00535870481310081 0.0922341527470107 0.293959169378314 -0.367384654534041
-0.00864052757079826 0.107224739438671 0.299513552464652 -0.36929612404404
-0.0552800443176407 0.0937133500400763 0.313886248193388 -0.283273603822029
-0.0988633155014028 0.0790189347193284 0.271686776779607 -0.13384423457632
-0.169927380790294 0.00952236241533037 0.0889194435546496 -0.0835165293472309
-0.121258779097678 -0.106984981882653 -0.0229742170344819 -0.225305934673114
0.0135869388428992 -0.13501800398835 -0.0631400233260803 -0.457409737077447
0.075601192805015 -0.10477946332878 0.0890033793312103 -0.685440738217756
0.026448985577107 -0.381276177808175 -0.0880937378134663 -0.442300250767409
-0.0416662375538276 -0.367654709117273 -0.13458587365826 -0.283356683959299
-0.23324151254439 -0.298282950514827 0.0042649830282584 -0.0514518526705107
-0.333959766538214 -0.111676662554188 0.0845841880554737 0.0576457203798971
-0.277908164528424 0.057274101484168 0.258790710693223 0.0146177009688669
-0.214073222221211 0.153704544202808 0.336375703528575 -0.154389281239353
-0.129027692961485 0.233523527630681 0.293927130691818 -0.266037495693602
-0.0921137475993263 0.237190094158531 0.264748621600366 -0.299802763790411
-0.109700652453741 0.264606887398766 0.255393176773628 -0.304176388163587
-0.208296861143817 0.213896996131608 0.264116778822683 -0.232034582856505
-0.275820618319813 0.138346186198781 0.221928539498957 -0.0951637180579576
-0.390249126285352 -0.00481152799014447 0.0373596055156734 -0.0532623035427564
-0.329657422829908 -0.225196353320658 -0.0775077965631204 -0.204886967316416
-0.111857150001204 -0.36483796836764 -0.121121293917325 -0.412915926881789
0.0190703141379059 -0.395582214898932 0.00975217562410578 -0.602168803513909
-0.0133991215257259 -0.565081745606299 -0.0738329969739853 -0.282838932160796
-0.0800039371266962 -0.556019008892257 -0.0940616641723172 -0.203465680583384
-0.341883347435219 -0.472342390444079 0.0297783271117549 -0.0385721526664477
-0.509305710849544 -0.226559750404642 0.0776756996599842 0.064678866789064
-0.462780390244412 0.0331132308752606 0.209458089844349 0.0294645524300273
-0.374329439029843 0.208739830956424 0.272620600702664 -0.0948709545185689
-0.248270028345634 0.344382850805608 0.220597196192564 -0.176375091828702
-0.17431564155938 0.347606360385737 0.194045270643134 -0.186739039753157
-0.182845837105084 0.386474508493783 0.179213899120614 -0.192924114814273
-0.314120782110209 0.316996045229723 0.186554661856101 -0.140274761258414
-0.404649368941246 0.206637729850412 0.151669925185651 -0.0345224379515803
-0.561768282104194 0.0213785841235273 -0.00812939650836299 -0.00561932365765531
-0.513092622426839 -0.281214304977497 -0.110058836144392 -0.148021162416984
-0.249061450160439 -0.523540270324297 -0.140405552214509 -0.307492056601977
-0.0602953689376624 -0.619403788485093 -0.0364345948127098 -0.428506711597161
-0.0549697125502367 -0.674462545721619 -0.0789961442445464 -0.0663356762158693
-0.127695935438552 -0.679484876394886 -0.0599315620992061 -0.0637766803920228
-0.430141609892312 -0.586604030491905 0.0544517331759297 -0.00357176445007087
-0.638666615606464 -0.300180152233884 0.0617868027486108 0.0595370242150208
-0.591529051420322 0.0152367175162205 0.117576577030899 0.0313157789810989
-0.484295864447426 0.23744907974502 0.153762375964347 -0.0244382914506546
-0.330197774512719 0.406059310616377 0.105156822398128 -0.0593933793952658
-0.228123406470331 0.405812763847653 0.0951759807060169 -0.0457647158924943
-0.224849233958253 0.446654195571076 0.086520820205218 -0.050605524525325
-0.369478941285591 0.373230913953283 0.0955821541783791 -0.019406320346562
-0.470037597862008 0.244403494730951 0.0708570266180855 0.0453664682047626
-0.648322729184269 0.0427205621135037 -0.0436485528418307 0.0517300205356628
-0.615169348924678 -0.289318873422076 -0.109515248631625 -0.0733837210563405
-0.343836816097837 -0.58923523396734 -0.108060746883586 -0.169522353610322
-0.134590395207567 -0.741267910985878 -0.0422728769467665 -0.199727828199969
-0.0983161827989731 -0.684172750082331 -0.0964218449156292 0.179111544716384
-0.173033895242613 -0.69542474544024 -0.0342402879640699 0.113478867485229
-0.466277984522035 -0.595941802948438 0.0653102206780928 0.0496535784556897
-0.667127509664656 -0.308693135536022 0.0267506147813177 0.0534221098663898
-0.619880626169856 0.00422577475629123 -0.00589941333309734 0.035592328925999
-0.509966988063901 0.23395232346171 -0.00110471154231479 0.0562963134242124
-0.354701564018728 0.41088616903096 -0.0316096684397199 0.0704464547504254
-0.248456933548338 0.402018866730121 -0.0167253889864155 0.103147877576018
-0.240997905299417 0.436866623233866 -0.0121059193345541 0.097208687556462
-0.380260656183553 0.357746696866237 0.000333359304332194 0.106899991950185
-0.468476791079437 0.221745230184608 -0.0156317572180085 0.122848666291205
-0.619452660167661 0.0269921301012149 -0.0725821378198403 0.0977088478180056
-0.596352020496605 -0.274967978716105 -0.0869065051279976 -0.00194320235858889
-0.35626860899981 -0.565400444333722 -0.036442809971598 -0.0290117702390974
-0.17417372539151 -0.740962407412122 -0.0120480731864936 0.0424869305906849
-0.133289548654833 -0.584876248146532 -0.114096834966559 0.411230023374739
-0.19747482440453 -0.577294982969249 -0.0122397135718742 0.287225064038224
-0.417678891479173 -0.48122745399515 0.0566177887633019 0.106998794870422
-0.560888467469262 -0.244421066278855 -0.0208736155678882 0.0529246396714673
-0.523511477011132 0.000536853416155007 -0.130625392061277 0.0492969846617794
-0.43957105645607 0.196149386955375 -0.156289899487736 0.13899264807686
-0.316994831399814 0.348637744870199 -0.162228765495213 0.196134185208391
-0.232305581622471 0.336949482779696 -0.126908666492719 0.236893831181045
-0.232930761069315 0.357746307572133 -0.112587691624839 0.22378770036446
-0.347319357011208 0.276581764263284 -0.0981703143897376 0.204392626338347
-0.407966040008493 0.140718258613031 -0.104106352625439 0.167256679128211
-0.49337926440566 -0.0289813136355275 -0.0986294034152907 0.112679456038864
-0.461915643652697 -0.245380098267518 -0.0591241057543116 0.0465873356992407
-0.286409644484108 -0.464868435742574 0.0428080157015163 0.0879210771599412
-0.171127582804095 -0.628828999488512 0.0321231351422194 0.258121837939372
-0.148055691716163 -0.387434504500349 -0.120795142151542 0.586564573276596
-0.181133794207589 -0.349798961702629 0.013901134508547 0.419246694230031
-0.283442515038986 -0.277170352621393 0.0394979822890146 0.157472873087032
-0.342417745539512 -0.140563719526847 -0.0599466176726006 0.0590124244311494
-0.32802084378648 -0.0106424979484972 -0.22146836419703 0.0715465084484438
-0.293567409891464 0.120234800370468 -0.271241012937995 0.210515852075509
-0.229360779981689 0.231093072980487 -0.25979216385081 0.297118102889067
-0.180355686606952 0.221510236378183 -0.218993453198754 0.334037875324851
-0.192744173758764 0.227607819036392 -0.206914475303108 0.30706728111482
-0.26823453600348 0.157048277622189 -0.195412410844785 0.248999884002195
-0.291318568456851 0.039308163757918 -0.187252286166514 0.159312045012951
-0.298341082340433 -0.0805924913318534 -0.121393937755205 0.0870874445389965
-0.26320827762389 -0.183013529038954 -0.0369937598168534 0.0685604500443919
-0.176331722590753 -0.300848770332091 0.102273572288526 0.171054109069648
-0.141637101863176 -0.428511041105905 0.0705420899174918 0.419952915366498
-0.1287464616522 -0.1286963872139 -0.112361029950282 0.676347507897653
-0.111804025980265 -0.0759177569893117 0.0484898637582048 0.491399356496631
-0.0912052900477619 -0.0529076860969291 0.0330409773914428 0.193659606499307
-0.0760585585683744 -0.0404715159557665 -0.0733800265533003 0.0652644714948597
-0.094186514804996 -0.0342932184643987 -0.261439917658893 0.0912796690395097
-0.113032838039442 0.0177866080952242 -0.32738590792993 0.258688348739953
-0.112392340227568 0.0726329578702983 -0.306637355149535 0.356457105041439
-0.10259257139121 0.0724597893816422 -0.275911459158371 0.380881329832486
-0.116256480731218 0.0731090381812734 -0.28066460760553 0.337513566337478
-0.142905548523738 0.0339785218851134 -0.277542164340821 0.239960984488897
-0.132338118699283 -0.0351073496674419 -0.248600356119913 0.107162658825893
-0.082898333584191 -0.0775882332941628 -0.1280157493793 0.0349018263109512
-0.0667726141769293 -0.0712522677164573 -0.0175907140728867 0.0715050070082356
-0.0797749503648127 -0.0949441992929722 0.13449578048611 0.22088496217895
-0.109770242891327 -0.17495741381785 0.0993296422005827 0.511371264062511
0.0680135613359602 -0.156166491287634 -0.140671634094822 -0.532839174456739
0.00328215188802614 -0.15565543451637 -0.189489611506117 -0.303032633801182
-0.111071222506593 -0.109269368984232 -0.0147442912490941 -0.0521255498119328
-0.14086343116947 0.00275586353791618 0.0916007525936519 0.03087834397704
-0.0781643145978852 0.0700511786963284 0.274339200948105 -0.0255404156381822
-0.0396432934825098 0.0775314543716433 0.341547633738302 -0.21619922249762
0.00248443051372149 0.0892371302357793 0.314568932121518 -0.336160654907556
0.00819304075941529 0.0929249919127912 0.293015295600992 -0.384607605276856
-0.0053384207399878 0.108826540844966 0.296035667172624 -0.38442038199922
-0.0544218893969522 0.0977636899777387 0.311879342027731 -0.298010748888007
-0.0987227214182563 0.0836052947212898 0.273147226289815 -0.145832814838339
-0.172224866046356 0.0142388495632515 0.0890048873572377 -0.08850677282573
-0.125858077329273 -0.106801413495691 -0.0315176713635654 -0.230183331767721
0.0108820606421096 -0.138418741017514 -0.0777746779828868 -0.462296071272478
0.073008687388894 -0.108959963581533 0.0731483277277892 -0.696367567750604
0.0166738716733327 -0.383612649434758 -0.0991990058417578 -0.450913190807084
-0.0506400586523926 -0.37057431275557 -0.145904213382399 -0.284617511301536
-0.247066250562501 -0.294109563830599 0.00398670387455059 -0.0553904014973689
-0.3443743427873 -0.101138506804568 0.0895752828456964 0.0553531651532177
-0.283014493518298 0.0678403197233081 0.267932060721672 0.00768847430210249
-0.212488598283765 0.164949899062146 0.338646505121192 -0.168771947348753
-0.12453728796624 0.241164804242478 0.29559824206276 -0.27905309876076
-0.0858625305822744 0.24249141942306 0.263579832700859 -0.314688832605964
-0.101642361843343 0.272829710572646 0.253135702632719 -0.317517772168644
-0.206714022373851 0.225469172616595 0.262619138711204 -0.24327482618718
-0.278766587145015 0.150663631753557 0.22518388359678 -0.104612031394415
-0.397448709481018 0.00842724584618908 0.0372626497018387 -0.0558482296689577
-0.343986114100962 -0.220562460354423 -0.0868608406183785 -0.207232391078378
-0.124026801175835 -0.369440460195562 -0.136123702789152 -0.416353146860876
0.00509531001877879 -0.402823864680024 -0.00269472945913543 -0.608964100784218
-0.0281860873293402 -0.568005926999611 -0.0804045972343756 -0.290766981680002
-0.0963464276886976 -0.561862174494929 -0.101406055867142 -0.20454394467863
-0.36239386466851 -0.468214395935003 0.0311386303615078 -0.0437770701914586
-0.528369760299501 -0.209780615718272 0.0838306318233593 0.0618012953898024
-0.473307725533964 0.0491857774359852 0.219520757885735 0.0225483876730562
-0.373512908623451 0.226868005370422 0.276622888442855 -0.108815324215995
-0.242429200336844 0.357884986379061 0.225201801285025 -0.184039296319528
-0.16572872831379 0.357274719317764 0.194128127860744 -0.196939078536064
-0.171113318074619 0.39938265171927 0.178392818233043 -0.201726869471976
-0.311445397410629 0.334926016600058 0.186741296251418 -0.147691365584858
-0.408460790979289 0.226219901450471 0.156745596465921 -0.0405105288639724
-0.572663845685653 0.0388156935305529 -0.00768557835231629 -0.00569265919158032
-0.53183051844562 -0.270676478421856 -0.117711092185259 -0.148746792861884
-0.268275773394227 -0.526553595158363 -0.153384131343327 -0.311007024470494
-0.0837604904572649 -0.629874802282369 -0.0462334626319905 -0.429850696386053
-0.0700238448661133 -0.678389133480395 -0.0808130543067748 -0.0698108031420561
-0.148760734401903 -0.688533162665514 -0.0637975521441889 -0.0637229915674235
-0.458129231904328 -0.582453478989701 0.0583039959365559 -0.00864493639156163
-0.662426075125298 -0.282767194397136 0.0672155239673984 0.0575195906337349
-0.608876142112003 0.0356195444453788 0.126181244708131 0.0262698632760569
-0.485915213002477 0.260576910793011 0.158388968680676 -0.034747040493463
-0.322343589238806 0.423771249647496 0.111904052055868 -0.0603426612125211
-0.218543151858972 0.417521978104249 0.0967653918884172 -0.0495375346242576
-0.212451601571116 0.461993303200181 0.0877919954011635 -0.054411656971996
-0.365584514915025 0.393999267774823 0.0975454954704287 -0.0215465346234033
-0.474930957420715 0.266802852011687 0.0771804129032074 0.0435796400386056
-0.659047361224776 0.0659792033619859 -0.0418625535970744 0.0531465956459857
-0.639071037742329 -0.275494713630601 -0.11560279985846 -0.0709266263692471
-0.367694297059581 -0.588490137139323 -0.115076856355812 -0.171539012949999
-0.164068968052046 -0.746974959328267 -0.0444357755960131 -0.198026458275833
-0.115126711152672 -0.690147672454044 -0.0919159897217274 0.181314433735615
-0.19615354482116 -0.703823277777238 -0.0321484477225861 0.115877235488324
-0.496232184796703 -0.59119203748048 0.0712901756839617 0.0454812464000765
-0.692667358411169 -0.290321724495261 0.0311997798896823 0.0523990303932826
-0.638220025402798 0.0251324616215306 -0.000624934596061469 0.0336959087572182
-0.512020479034532 0.257285638422014 0.00290077159205562 0.0525293196300828
-0.348100567512082 0.427536179056479 -0.024060232521809 0.0768582458376171
-0.240055024483889 0.414753563943936 -0.0145597357024014 0.106505181596814
-0.229960279350045 0.451248415015614 -0.00983650398819026 0.0998519899010748
-0.375474663630406 0.379390970075591 0.00408631234714075 0.109518969259584
-0.47581592659564 0.244318285493282 -0.00815283202515251 0.125536190834395
-0.632472478413094 0.0496647504747961 -0.0694124568602592 0.10104869906068
-0.618577176645341 -0.260347018867816 -0.0890801042935177 0.000237180894885473
-0.381317509198408 -0.564426366131952 -0.0376980388387518 -0.0308656294833283
-0.204959658589681 -0.745764678046757 -0.00805010212468535 0.0460784471696719
-0.147166063921578 -0.58796856125696 -0.105196421441364 0.419285335832899
-0.219698798540928 -0.58331903706786 -0.00346025661706259 0.29162227109602
-0.445729786487147 -0.47814545942346 0.0636030107049789 0.105113182520321
-0.583038728887085 -0.229667508127114 -0.0181160302949062 0.0530951124906092
-0.53875688864664 0.0157520405377806 -0.128526289549321 0.0515252846847273
-0.442318394799878 0.215006283121031 -0.152868299245464 0.141290194552416
-0.310946379788518 0.365097849018046 -0.154504116074999 0.208933362427946
-0.224661199009501 0.34869835367395 -0.123485566965494 0.247290699702498
-0.22314457140684 0.371818927172482 -0.109580262299491 0.230631055739614
-0.344044321257096 0.293977135698592 -0.0941202931525344 0.211686464533385
-0.413501224974908 0.158831243331657 -0.0979425163104414 0.173305258039671
-0.504473634088057 -0.0115735014717721 -0.0967343779197952 0.117321176192721
-0.480203826119072 -0.234755880663729 -0.0586294140705325 0.0497153562262359
-0.305897505212258 -0.464627599707269 0.0457511017519355 0.0856821123547563
-0.198164340160799 -0.632379804997248 0.0412871926137706 0.264143019322763
-0.157638664755175 -0.389572707732278 -0.107715648780576 0.599174151926377
-0.196318407840634 -0.354047339721179 0.0264351454227453 0.425620337964932
-0.301910333767731 -0.275511455033556 0.0471662697710558 0.15819199779906
-0.356291087802772 -0.131951023919517 -0.0594304439690972 0.0609673001365311
-0.338957242696063 -0.000662649248954789 -0.222668947743188 0.0763693192307958
-0.295739804253255 0.132897684515268 -0.269195218567001 0.219300573702626
-0.224569635285973 0.242032263768975 -0.25327958745411 0.314217704859917
-0.176257817345314 0.230188565801251 -0.215078604464947 0.350181612950019
-0.187448934488565 0.237922574288093 -0.203967573443453 0.319390261066535
-0.267430153896102 0.169703245863776 -0.192767453314014 0.260664749294356
-0.296875113646113 0.0515062507569518 -0.183589781634784 0.168425682577574
-0.306849565818023 -0.0706878053941217 -0.120561123280726 0.0923920985062606
-0.276099662981124 -0.175664044101285 -0.034490051847169 0.0704961783066146
-0.190141953673058 -0.300376298391461 0.108852088550551 0.167852399203845
-0.161202239873935 -0.430022496334896 0.0845958228734554 0.42699712492662
-0.131829756632397 -0.128032031831746 -0.0986953255308551 0.69040512622153
-0.117353977619506 -0.0763640880899288 0.063087956111075 0.499107974056764
-0.0967953679758756 -0.0524268610600411 0.0407260464577568 0.196085768128857
-0.0804252854783567 -0.0391962027428983 -0.0735024095894551 0.06755256300133
-0.09988835882478 -0.0330398119138552 -0.264642328231846 0.0987387454241956
-0.115816155752797 0.0215845861197628 -0.325933129628978 0.272423462213774
-0.110679660315483 0.0774143635589153 -0.302022256482392 0.376102673381418
-0.101132130694286 0.0770122244002284 -0.272162394650349 0.399728100563207
-0.114906287557722 0.0786294126414514 -0.278016719815251 0.353130387404704
-0.143278653907325 0.0402702497204693 -0.276028511616392 0.253098226019049
-0.136156170265362 -0.0299879941092566 -0.249329582085542 0.116554411513836
-0.0874045754262787 -0.0753629878691908 -0.129473599574925 0.0396558403617614
-0.0720595752318725 -0.0683418208464704 -0.0141089153522288 0.0733719513306043
-0.0854367821079189 -0.0943638933733544 0.142875170670931 0.217852395788544
-0.119042075488199 -0.17415509069567 0.114795582295008 0.520225348061711
0.0595842248246772 -0.160949001982449 -0.172509168172144 -0.538917313377329
-0.002691893816852 -0.157034203839619 -0.211668933212358 -0.298053805232618
-0.118591420369343 -0.102944381975534 -0.0184270316591547 -0.0546929299065706
-0.143539592141405 0.0121975151064128 0.0964208858273969 0.025771942037414
-0.0750362984489319 0.0772495529818689 0.280720634728603 -0.0420311182310049
-0.0348465511813882 0.0831495417766732 0.335945143923778 -0.240989591868501
0.00694046672621526 0.0900623283802555 0.302371334061251 -0.364190905972557
0.0133244335654416 0.0933338197193651 0.279358133269944 -0.413092342190379
0.00155895008338973 0.111516023574495 0.281532455253658 -0.411066225585851
-0.0510354495824126 0.103312114581191 0.30177917673457 -0.321651509715929
-0.0966867048945882 0.0912493720263053 0.271297056938026 -0.166532843835353
-0.174725766663763 0.0248754338838016 0.0867915013418606 -0.0965109797788305
-0.134401280873108 -0.102790091667875 -0.0474563040334929 -0.23344551334494
0.00390195701773653 -0.142220812438902 -0.104929301230056 -0.464826431353139
0.0668851768304595 -0.114949484387065 0.0390696038086228 -0.712656099436175
-0.00385464632782223 -0.388137391401088 -0.124764938583939 -0.458804459041035
-0.0705471011906359 -0.372783509549324 -0.165909137661664 -0.281450688096327
-0.269589981285721 -0.28238955048349 0.00103753211493414 -0.0612125999759145
-0.358086431984848 -0.0812150789038983 0.0962931663029599 0.0498522667684678
-0.286359269229575 0.087940625235069 0.277117361402558 -0.00954328293761021
-0.206460356402477 0.183076972408584 0.336060635377283 -0.194148116949022
-0.113009724898918 0.252076514277071 0.289700874735858 -0.303017847865083
-0.0735069690155544 0.251803271363767 0.254415103131581 -0.339828212008895
-0.0866999840733063 0.284042034141053 0.242039737774261 -0.339527872251791
-0.197666131902701 0.244836840273226 0.255304534049965 -0.263105087491668
-0.277478181610717 0.172522331493028 0.225801535053743 -0.121546859098624
-0.406337531152209 0.0335991890311227 0.0355126194586179 -0.0607643129691596
-0.365217211605709 -0.206406631897446 -0.10292766455006 -0.206580839212936
-0.148683314135096 -0.370801690044232 -0.162545804741114 -0.41620050165748
-0.0212339887858203 -0.410045243624419 -0.0331475778521783 -0.61835411631617
-0.0577981283074755 -0.574382510364095 -0.0960244800637732 -0.296480835002243
-0.12682067876127 -0.565973651908775 -0.116377331871352 -0.203105778392724
-0.399889772799836 -0.452977480079062 0.0302156789759438 -0.0511425150021663
-0.552862997793766 -0.180800593322613 0.0909051683374243 0.0564487347867687
-0.483904706336379 0.0816039032814794 0.229580271980245 0.00744346190604914
-0.367671988238362 0.255762301514161 0.276478456615791 -0.131932379256708
-0.22551467359827 0.378712135054974 0.225156431909981 -0.201117520367161
-0.148010794184451 0.372831984935919 0.189675799527643 -0.213959933789719
-0.148997779361658 0.417024722484983 0.172105793421799 -0.21692943096274
-0.299343762321804 0.362419587515295 0.183382578535679 -0.160233678011336
-0.406649144144638 0.25771856843932 0.160590774295756 -0.0516903293842294
-0.583406731472141 0.076697129747976 -0.00742521047478396 -0.00703726395608925
-0.563245883047617 -0.247313883489916 -0.130939793035421 -0.144680594043933
-0.30710099872825 -0.522272685540863 -0.174085412159442 -0.308907049063545
-0.127202160124336 -0.63353737958689 -0.0675381739231152 -0.433182725381731
-0.106853352294759 -0.685687135640892 -0.0842283275828354 -0.0709928929441563
-0.189332307039815 -0.69272468415041 -0.0688906348904587 -0.0617024185637935
-0.504686757491282 -0.565157424064112 0.061245656264528 -0.0160667189354347
-0.696328907837494 -0.244555650429223 0.0743510723074501 0.0519818829740529
-0.623743932077776 0.0749661252931003 0.134512816430859 0.0151473884133246
-0.479831347641393 0.296348382989898 0.159979396466137 -0.0505614455011936
-0.303861453020732 0.451461260582445 0.117459654160124 -0.0671650780268371
-0.198928333228861 0.437886051811941 0.0979890076434544 -0.0561256796124194
-0.187147312257083 0.48427052932551 0.086988842444771 -0.0610290709897567
-0.350616137956037 0.425832973741677 0.0997907355209061 -0.026085399420245
-0.471923441158508 0.304036825968372 0.0853031375460729 0.0386394750749624
-0.669192994882159 0.108354719996761 -0.0395872655133534 0.0555268353618421
-0.672039187785691 -0.243338244077483 -0.123024453079116 -0.0655222538419519
-0.411553922622073 -0.5819121145982 -0.128392867386955 -0.169416562523
-0.216372285311222 -0.750893832855001 -0.0531490409509356 -0.196405239667459
-0.15086304704411 -0.69491622264887 -0.0826085034887087 0.186343162848061
-0.241493017367841 -0.708469326309253 -0.0253970754225987 0.120282654974439
-0.54476384435842 -0.573554761536941 0.0774986369160917 0.0388548073844036
-0.728479156683426 -0.25124835722843 0.0372405464578306 0.0493763414643235
-0.656468979335417 0.0675884713708787 0.00522328455517873 0.0303179871947243
-0.506942727334433 0.295661324318006 0.006179164248873 0.046962142986261
-0.329071088571906 0.456617486995111 -0.0139691115718258 0.0822466359090838
-0.220206157908653 0.435708088180673 -0.00790681495145958 0.111212680862334
-0.205611352977269 0.47432933889573 -0.00486231385691239 0.102044040569605
-0.361442725565783 0.410999965589549 0.0115337629394074 0.11354453849775
-0.473950741496229 0.281231746061164 0.00325241266998528 0.127369948007895
-0.643273667706655 0.0908569424121368 -0.064998578744506 0.105926717595364
-0.652182501267758 -0.228890998949321 -0.0912116796158646 0.00622713436553271
-0.423637689673167 -0.554679754729844 -0.0415254694572871 -0.0315571059341301
-0.25864915194768 -0.746638719243201 -0.00249612274178761 0.0510847598629714
-0.179488794399328 -0.592180636378945 -0.0830173852597068 0.43085092287296
-0.259190235367508 -0.585965031266992 0.0143229278024512 0.298286403205121
-0.48754719576812 -0.462041885749734 0.0737533236184953 0.101889658125156
-0.613060907506946 -0.197856557076728 -0.0141522613474997 0.0539332258657613
-0.556153801557972 0.0513883607193999 -0.126550205135718 0.0568552436496792
-0.440021622908033 0.247277107526832 -0.147461163873951 0.148462195886481
-0.294801117585003 0.389892637343561 -0.141639037649021 0.22523024033035
-0.208257023730962 0.368114287254634 -0.112363713584464 0.262532499863454
-0.203795713732986 0.391764048278305 -0.0993619495034618 0.242678176678969
-0.333723282863589 0.322925622827068 -0.082438909504744 0.222788599603022
-0.415008662668483 0.189559722112908 -0.0862168402838146 0.182082685476652
-0.516995645957259 0.0196668716721086 -0.0918325287506883 0.124414853050769
-0.508170603281275 -0.209535834023457 -0.056392203765735 0.053966110168617
-0.342188987491768 -0.45511552393982 0.0506102557263491 0.0819505534588255
-0.243894436206447 -0.629144582622615 0.0598193361415811 0.269733956388785
-0.178912508028347 -0.390827315877496 -0.0777945026906957 0.617244439668656
-0.222782317495626 -0.352886288278834 0.0525224761556129 0.432812875743725
-0.329172535585629 -0.263822451250348 0.0594775525479308 0.1579899387172
-0.375636516541895 -0.111720602039085 -0.0562942974618126 0.0644276637940689
-0.35138845930844 0.0210266080567211 -0.223580884190983 0.089507941345903
-0.296029506791247 0.154375386503188 -0.263022660999048 0.236271989525605
-0.214019601756271 0.260043066205608 -0.236821853274793 0.339475228124064
-0.165408111709715 0.245008398958407 -0.201060030895337 0.373215233582285
-0.175054613597666 0.253742706300684 -0.191073073082865 0.339320853180595
-0.26278710369716 0.190046012653241 -0.181154195924495 0.278247038475738
-0.301197532032267 0.0730891884943921 -0.175234147023506 0.181620992670361
-0.317941818712696 -0.0519326209653952 -0.117572843560148 0.100979964624295
-0.294883856485064 -0.160849293691889 -0.0300831580029179 0.0740420773150883
-0.213282589308825 -0.295262660136131 0.119880891455408 0.162367780932417
-0.192787875781615 -0.42748304795772 0.111095330790574 0.433092132719427
-0.13910882044363 -0.125546773136978 -0.0642385323588595 0.710686494993403
-0.125397124907831 -0.073201019084983 0.0934952938598485 0.504716127180836
-0.105180224934435 -0.0492552511357308 0.0541585864168319 0.198178964377126
-0.0860326700633986 -0.0359794698636339 -0.0714222287512631 0.072887806970641
-0.107234456567014 -0.0284908561363909 -0.266396379921254 0.115778973762769
-0.118650843665088 0.0288463304522114 -0.317231210730468 0.295742332507908
-0.107325076491533 0.0852263171410575 -0.285188335011914 0.404758668999547
-0.0982362791568177 0.0848107946050648 -0.257552232574691 0.429053923777676
-0.11139968196756 0.0871450724370395 -0.265391050825886 0.378711295338261
-0.142925693377271 0.0504208832221499 -0.268426643832368 0.27543920891707
-0.140890302237231 -0.0205817740327848 -0.247461585926423 0.13404487171278
-0.0937612319441994 -0.0700687262946496 -0.130369677980513 0.0478736865945683
-0.0795179296717754 -0.0627641556914223 -0.00881063592422155 0.0758470029183336
-0.0940335850638946 -0.0914914791904359 0.156717486411014 0.212000922984777
-0.134043280410127 -0.17009689860112 0.146039626045078 0.526516955064128
0.0463662229431084 -0.161863051373737 -0.211014953580969 -0.524447510421637
-0.0111802683190193 -0.154430328001156 -0.234986259906697 -0.278695843701328
-0.123785786482709 -0.0910090581215894 -0.0234876991220736 -0.0557678756354431
-0.141032348907032 0.0247376790818234 0.0980373247168524 0.0173896969762771
-0.0673220923360027 0.0837889846500008 0.277358519909829 -0.0648326820758471
-0.026849042659542 0.0866053650744274 0.315277993020214 -0.267280096511211
0.0123668292911314 0.0889493856038846 0.273873179534369 -0.387560907611789
0.0205165570381789 0.0908583496418707 0.249162883783175 -0.436222764171509
0.0109863844609655 0.110074592081104 0.248956558661287 -0.432478465367055
-0.0431848442803924 0.107521767837353 0.274846110514282 -0.343649375777133
-0.0889473996811948 0.099302090477609 0.256768862491841 -0.188577240201626
-0.171209080867351 0.0379441597773724 0.078464334781165 -0.103492175273621
-0.141499065046958 -0.0930692247445938 -0.0679160105296522 -0.228316987033988
-0.00679900721976397 -0.141904536533979 -0.139159959505391 -0.451686140133745
0.0567697832104191 -0.118005604327534 -0.0131582491967806 -0.709484768538175
-0.0320493734966845 -0.382471952708099 -0.157895857359101 -0.449904638008878
-0.0951541183531223 -0.36249270288694 -0.187601281045871 -0.266126178247447
-0.28702640617121 -0.255836080662775 -0.00504125013718596 -0.064508284584744
-0.361724481647722 -0.0498195758030099 0.0998039170680629 0.0403368543163711
-0.278529852640684 0.112431634768353 0.277437595891121 -0.0332219693484187
-0.1896085966742 0.20039335923225 0.318209827181071 -0.223624135553707
-0.0935464505571585 0.259685511075141 0.268643933784066 -0.326571223492625
-0.0540727661934837 0.254892104470237 0.22967487498535 -0.361246277814745
-0.0618619602772517 0.289150595936062 0.215500197108251 -0.358043057074955
-0.178621849846226 0.260278031761824 0.234705333649402 -0.281731850583012
-0.263507984408188 0.195632568696759 0.216674988761809 -0.140757315365213
-0.401244903501353 0.0667639304365615 0.029907061364375 -0.0648268415218074
-0.381845535282908 -0.176034170977015 -0.120230014941165 -0.197985477589932
-0.178360764988548 -0.357515817688644 -0.192882702753432 -0.400931576251453
-0.0558729201567503 -0.402677215002328 -0.0775200912995025 -0.611444894664332
-0.0978206430201793 -0.564096844360639 -0.115833937194829 -0.292293845408121
-0.168205209298534 -0.549514659296118 -0.130591787970052 -0.192200161722481
-0.432289535746321 -0.41441286033269 0.0258685174894076 -0.0577228911747325
-0.564775267080713 -0.132636127736423 0.0959985389434612 0.0470493964423037
-0.477103357481133 0.123877372033119 0.231441013457866 -0.0147158286268875
-0.344257073771228 0.286691156017228 0.263713690898519 -0.158113679072424
-0.195557615265853 0.394254079563637 0.213617849115246 -0.219036042422177
-0.119095415094793 0.381691610678255 0.175223971677531 -0.229713054639051
-0.112842833102497 0.425456785554523 0.155134343809456 -0.229954220138154
-0.269042261747185 0.386920204956331 0.171682875733704 -0.173144248338257
-0.385776553787662 0.29252182639144 0.158682562137013 -0.0664155520035298
-0.574759677179872 0.124549244663651 -0.00884417501683361 -0.00773425670308398
-0.584767072536508 -0.199316828640427 -0.142541818471243 -0.132489223085079
-0.347693352491909 -0.495063686242963 -0.197530780453273 -0.293448841551296
-0.18128355744787 -0.614511151871388 -0.0956959816545669 -0.423687824313294
-0.154736328669502 -0.671654801034331 -0.0869032616277855 -0.069426195885736
-0.239828135449555 -0.673128830454895 -0.0723908353589218 -0.0556414764864208
-0.547836713615433 -0.515602896869621 0.0600514570044397 -0.0257153554818882
-0.713488038269982 -0.184645061654783 0.07957961365609 0.0437968707520303
-0.619010845028477 0.129315943711229 0.137821635651377 5.3722687933724E-05
-0.452099642608319 0.336945935930356 0.153803069478977 -0.0690118210034359
-0.265466424660327 0.472154674989783 0.11712802364535 -0.0767742267747004
-0.164699008002911 0.449906602809662 0.0951355067085156 -0.06407748303991
-0.144829764074665 0.495076069191642 0.0823549343530567 -0.0674941184331285
-0.315631735733466 0.454534052107835 0.099945812292023 -0.0325357627321016
-0.447745883791524 0.343919769460756 0.0911113750750073 0.0293089321493447
-0.656832664073411 0.164051985394238 -0.036114601933937 0.0569061337723299
-0.69168437118874 -0.186572814313658 -0.127998629556198 -0.0547339559143893
-0.459250077924932 -0.545896195805443 -0.141227003765856 -0.159564457978009
-0.279161216864324 -0.722703630151821 -0.0636543118689909 -0.189144075012403
-0.198356017318895 -0.680378023866764 -0.066529240703683 0.187737461281074
-0.293759288271151 -0.686033723634612 -0.0143306388053907 0.121242454329446
-0.591771369362548 -0.523934429699324 0.082195888746614 0.029261312728006
-0.748567270895091 -0.189092728805215 0.0430239115910807 0.0444671550735224
-0.65248635712158 0.12287519469786 0.00927527075903675 0.0256853693557879
-0.481521767068968 0.337675480349879 0.00813004970403671 0.0401206854183749
-0.289799486717777 0.481179891165267 -0.00131229470654906 0.0832646530448988
-0.184040281119151 0.449896662572114 0.00217861599445231 0.112164822354713
-0.164714090615734 0.486944879369351 0.00286119567284879 0.102365148623548
-0.326778394271055 0.439715395403674 0.0222847663278877 0.113325416969969
-0.450120655179914 0.321110524484774 0.0167991332542381 0.123731330410258
-0.632134615118983 0.143068276980564 -0.0572215559448913 0.109606720650244
-0.670086674750227 -0.171204085025275 -0.0898177060769697 0.0135661097198289
-0.468253626617784 -0.516937741682924 -0.0444450122855555 -0.0292398146835345
-0.320249037722709 -0.714619906354101 0.0057683890813386 0.0528993597229939
-0.218539154982453 -0.576356971847468 -0.0498639027841004 0.431569007751019
-0.304400401136479 -0.563999577270831 0.0393393174266633 0.2950600259109
-0.526659734289135 -0.419081985345372 0.0839037462146694 0.092837985600047
-0.629947786805126 -0.144189445172405 -0.00801962005773682 0.0531127624509576
-0.554029618040021 0.0984724973832009 -0.120982928426959 0.0627177008005988
-0.418682527929174 0.283159514029923 -0.136837460372598 0.15430335358681
-0.260988929135199 0.411400540368446 -0.118124849755381 0.236456127987794
-0.178058957287508 0.381278902718771 -0.0899175965577183 0.272820005103035
-0.16850812950347 0.40539478908834 -0.0809620669713747 0.25027223732159
-0.305383412280143 0.349827668034114 -0.062921683550292 0.228962249961427
-0.399402925892958 0.224883917064851 -0.0681527271308287 0.185329613533215
-0.513657555868004 0.0625092630623897 -0.0818646150447142 0.129875445127754
-0.524988768994856 -0.162495599370928 -0.0513644702556011 0.0579757449549905
-0.377933462179361 -0.424697405391659 0.0555799822141039 0.0754199671820061
-0.296827342750929 -0.600553893831654 0.0835156761197078 0.265883853064826
-0.204871662689305 -0.376441035080579 -0.0297377276838345 0.617435971037353
-0.250055316419881 -0.336031088756233 0.087165566845743 0.424722902452234
-0.353408921678443 -0.235735422026655 0.0735591461637438 0.151120687449877
-0.386044152803627 -0.079360473903344 -0.0500547620027695 0.0681890860066421
-0.352376096586524 0.051710440278247 -0.216836179369726 0.103995039972961
-0.283878762568326 0.178951043831558 -0.243741833638511 0.254045690857321
-0.191753387475443 0.275767491107216 -0.206778926420002 0.359274931875938
-0.144968837105323 0.256310100701141 -0.170674714251328 0.3911622946399
-0.152682536121966 0.26600401045209 -0.1653309165386 0.354562823097732
-0.244918827865348 0.211523604647024 -0.157684894945735 0.290639646714817
-0.294331039254948 0.0987266816153776 -0.158056386148684 0.193834045956471
-0.320528114757815 -0.024064327626341 -0.109517758595839 0.109280919387263
-0.307469007194653 -0.132987169145842 -0.0229382415156652 0.075807451173685
-0.236763180318659 -0.275728381522794 0.129980786086076 0.149216401052789
-0.228718273882954 -0.405718015321451 0.144957884518796 0.424251991074718
-0.146239646530592 -0.117131313977618 -0.0116806318312532 0.71045523780176
-0.133063426315336 -0.0649245533011987 0.133164272992958 0.492847348284501
-0.112055980960196 -0.0409990903352934 0.0712137946630262 0.193262213033445
-0.0909195849613627 -0.0286732656786806 -0.0654537827122902 0.0781858952506252
-0.112082927449293 -0.0198269909772026 -0.258976201813916 0.136113754668949
-0.117401642752827 0.0387826079158961 -0.293420610607896 0.319058315939071
-0.0986816930038676 0.0931238982346709 -0.251249514702242 0.428373099960594
-0.0910980984713312 0.0922313128040454 -0.223697114480021 0.451602055095501
-0.102951939395088 0.0957560162699509 -0.235132896549528 0.400028414233009
-0.137279965118126 0.0623476383867912 -0.245425525359343 0.296081568157418
-0.141569316215731 -0.00768342445575133 -0.234584735941268 0.15271563293513
-0.0988901793408172 -0.0601718757977372 -0.125282445677174 0.0580114624745274
-0.0855909825021093 -0.0532352772110266 -0.00113227979429905 0.0764927775882414
-0.102202980650818 -0.0834122285954853 0.170020597739139 0.195939617371003
-0.148250331653507 -0.157187544514063 0.18615653898855 0.514499422618966
0.0331178119898592 -0.155292680618412 -0.235349077931224 -0.490824167314613
-0.0167804191783677 -0.145847845534448 -0.244016506888733 -0.249972752466439
-0.121226316220243 -0.0777861963142493 -0.0286476958482867 -0.0540586478639567
-0.131921771514662 0.0334079484736445 0.0943678572217638 0.00933348948781513
-0.0577339007295548 0.0851102644689993 0.263118961679454 -0.0824572491370725
-0.0189311261138744 0.08594665982733 0.283856415772589 -0.27729636618599
0.0169657277434809 0.0844850314302568 0.237888076833387 -0.392438410958348
0.0254229917676883 0.0852096431777028 0.211446112819351 -0.44030110287658
0.0178065685091661 0.104197829168038 0.211417584056791 -0.432622374652909
-0.0347698590913043 0.106527795265575 0.240696772485015 -0.348099463064429
-0.0790178359645451 0.101745558257962 0.233248229657987 -0.19983820382878
-0.161136177211419 0.047667706461892 0.0671954399106835 -0.105229517243939
-0.14212168757578 -0.0810183495086388 -0.082148575110282 -0.213501181008132
-0.0151167512898357 -0.135108933621415 -0.162134205972192 -0.422361126259934
0.046144071867552 -0.114910118728764 -0.0560570728058121 -0.67660128110783
-0.0545564672195619 -0.361684624447492 -0.179146854268258 -0.422972210431041
-0.110879088772623 -0.339434767975108 -0.197282601251794 -0.240810111298935
-0.290765346212364 -0.223189482303101 -0.0103466075465436 -0.0642556515490059
-0.348720177233773 -0.0212512428677475 0.098107744651386 0.0306829301526943
-0.259325602304352 0.128753808980378 0.264981301646519 -0.0536349149244865
-0.166520922679388 0.206470282625644 0.288096987325023 -0.237999314959271
-0.0724276502375357 0.255545598208982 0.237199223820569 -0.33392145126481
-0.0348972992526575 0.247572672089394 0.198911400759873 -0.365813118721945
-0.0387316903767246 0.279564936234195 0.184527024152363 -0.359589512606201
-0.153884197465127 0.263007368601459 0.207346646198542 -0.28545983888933
-0.240295974400574 0.208683051794091 0.199725779868783 -0.152104806497558
-0.379545654539176 0.092350005133041 0.0225583946771807 -0.0648336719561969
-0.379898059137242 -0.143112390350625 -0.129758510407549 -0.180137371919845
-0.194935773255119 -0.329619680477752 -0.210656502262013 -0.370022984126411
-0.0827786054102232 -0.377951461001793 -0.109159468304618 -0.578848621847712
-0.127093908850016 -0.531178175764375 -0.12801447588465 -0.276817903995965
-0.193793629919579 -0.51444476015543 -0.137733927880903 -0.174862361784494
-0.439912291183545 -0.362238140046089 0.0193194613090043 -0.0607195215377534
-0.549295856595895 -0.0864874046838975 0.095356544268723 0.0366500543358521
-0.450920632018695 0.154543726727152 0.22218316969299 -0.0337738321177486
-0.309258988628013 0.300197520882707 0.239483627463486 -0.174010578314346
-0.160315580632323 0.39152472758339 0.193886208813192 -0.22706479740313
-0.088682135111852 0.37302549900278 0.154477596863911 -0.235089275154441
-0.0776272804090034 0.413280331531069 0.134218237436657 -0.23211784811883
-0.230724405552668 0.391794632035699 0.155498577039414 -0.177118053541077
-0.351625222084242 0.308351223068426 0.149528059409931 -0.077418676678783
-0.542548898086752 0.159791014060665 -0.0110426863800907 -0.00713855861286894
-0.575574333432078 -0.149089753347674 -0.146585176087432 -0.117296829770675
-0.367761162463589 -0.450630696247592 -0.208875019202948 -0.269023651995711
-0.216947909744341 -0.570908582879821 -0.115130167769613 -0.398354807979846
-0.186674664201035 -0.632453576629867 -0.0857934658599996 -0.0656605286369621
-0.273355456386726 -0.627901744606386 -0.0710396933335701 -0.0489933767018697
-0.561273821068887 -0.452420840355057 0.0565447766749303 -0.0323926442929962
-0.696304739230512 -0.12404380356329 0.0798005585941842 0.0345307593159239
-0.586983526632697 0.171406587228997 0.133203577106631 -0.0132041123029563
-0.409236658152015 0.355916522651896 0.139530190892593 -0.0808208814513216
-0.222709932299655 0.47117447362309 0.11219582236585 -0.0830190193599428
-0.127478243238396 0.442253439740171 0.0892652302352403 -0.0689865617162271
-0.103588649149448 0.482241840428654 0.0747233947224545 -0.0704872102287057
-0.271387853980407 0.460038566059508 0.0961831547823967 -0.0373768381206217
-0.407637196892151 0.36409860698929 0.0922838801582023 0.0184778310692711
-0.618323802009351 0.203818029971461 -0.0326223003163943 0.0567290247994271
-0.67821743433904 -0.12882660574618 -0.126513475793677 -0.043384933687089
-0.478067645331381 -0.489321758581374 -0.145689947954468 -0.144479066259224
-0.319742194314231 -0.664636903596378 -0.069177369470614 -0.174867557507234
-0.230606168716882 -0.640120861499588 -0.0497386020921741 0.179294508643006
-0.325934957733298 -0.637621312462536 -0.00379242002787877 0.115554626498017
-0.603716337286459 -0.457120965173447 0.0822520168355415 0.0190591934808552
-0.73292587037395 -0.126028151693245 0.0460542761877177 0.0376728635878948
-0.619070456794782 0.168164887346041 0.0110333387104933 0.0200310452223455
-0.439296094035762 0.360246323939865 0.00789924478215101 0.0337494585174662
-0.244552888978142 0.4815241221153 0.00979974877099955 0.0795945180227368
-0.147789607917817 0.442674783194418 0.0119778333965176 0.108224478952076
-0.122364848085956 0.474862585146064 0.00956277319344082 0.0989380908348593
-0.281722817925874 0.447685217630708 0.0319709071927517 0.1071231007429
-0.410247730352985 0.342130608581129 0.0272522001919528 0.114259436417739
-0.596102280235646 0.183442713017558 -0.0491005491747745 0.108600592654108
-0.654723222245579 -0.113722892444575 -0.0850446217767821 0.0188747875112116
-0.483277207819013 -0.461615844989144 -0.0451707667944534 -0.026790451694215
-0.358475009531783 -0.655024598222598 0.013045401463018 0.0518517077786288
-0.243851563599818 -0.540699611924212 -0.0181933762220704 0.413293346721943
-0.329335462256298 -0.521171061429324 0.059474723718515 0.278428914570228
-0.536247446994301 -0.362856868004073 0.0883100421983553 0.0811151330225179
-0.616944178776138 -0.0914087658462115 -0.00221965748170315 0.0499497542728392
-0.529826261348606 0.138873188866143 -0.111489124271473 0.0654679258086855
-0.382946638185112 0.30224462422194 -0.12273071194831 0.154775043713336
-0.221525869270437 0.411788146018821 -0.0924569221642851 0.235868593395823
-0.145759792440239 0.377010647139511 -0.0666720653557994 0.269724804512063
-0.132476881434839 0.398056466353836 -0.0614970103188102 0.247414495970064
-0.26808149297186 0.357903909585695 -0.0435855419600811 0.224142483925284
-0.368339985303038 0.246084357688933 -0.050406682227487 0.18034038776789
-0.486588422653909 0.0979490483220124 -0.0712048223576879 0.12975867806499
-0.514388773394558 -0.117953499163555 -0.0441801163107232 0.0588610612081305
-0.391785555670711 -0.378637974243586 0.0572542406385415 0.0663768845625389
-0.327466539109752 -0.548858165410308 0.100732746706733 0.250379692947923
-0.218721008256366 -0.351116346303528 0.0103390858427866 0.590778271947027
-0.263294858023671 -0.306843792759234 0.113300926871256 0.400343920165224
-0.359192858139877 -0.20041258915776 0.0828302244495251 0.138694989066395
-0.379078408745814 -0.0471231703270498 -0.0416277745640103 0.0676362165408507
-0.338157293244874 0.0768007595622167 -0.200805153113378 0.113456619415187
-0.26160103323449 0.192910626211089 -0.218233447214174 0.25811285440144
-0.163437742715402 0.277420544716133 -0.170540686139171 0.359847887397782
-0.1218875791325 0.255521372528198 -0.136576289718501 0.390732404533747
-0.126285653323891 0.264511832774933 -0.135482591421818 0.352649250690236
-0.218812597746703 0.221054475843803 -0.131043771117522 0.290559149896702
-0.276117081668674 0.117130802243161 -0.13639001197765 0.194981703408513
-0.308018986488712 0.000919449639366479 -0.097552193365093 0.111398097579647
-0.304544040196659 -0.102794837103076 -0.0155149858094655 0.0736977262007806
-0.246752109663997 -0.246296284385406 0.132825015464609 0.132388092897727
-0.248282939967784 -0.368474038022976 0.169681625972059 0.398400435977603
-0.146357024640366 -0.106034102400906 0.0323534073564194 0.681117456012026
-0.134079366705301 -0.0547603611506756 0.160707219176062 0.461423177067502
-0.114406070768816 -0.0311336738404796 0.0836456062683398 0.179782377333276
-0.0916382034738423 -0.020277061377441 -0.05647481223548 0.0785195385171405
-0.11132525162082 -0.00978615349756672 -0.240319889442509 0.148268759719592
-0.11132706665371 0.0456347385197544 -0.260816265905251 0.326341787212033
-0.0879059987999434 0.096028738615524 -0.210966605723853 0.430769199415008
-0.08031656845608 0.0949850557239778 -0.183255217836159 0.451962484066049
-0.0908351076150618 0.0991557692257052 -0.199546193673261 0.402008863647357
-0.125905430682418 0.0701762766656294 -0.215574651255049 0.300245066891714
-0.136882625613683 0.00382995761444676 -0.213578519324968 0.162133210882459
-0.098415621716711 -0.0494436820335053 -0.115496524861748 0.0639505281243479
-0.0861569349646907 -0.0420813211306295 0.00563138909838001 0.0727784558377195
-0.105258002754768 -0.0728059425822132 0.174110944538896 0.175277643308242
-0.15423197026463 -0.140071145150929 0.212809171006517 0.482857146023868
0.000859432868275327 -0.148530767710316 -0.301594589733397 -0.424133698511939
-0.0380187664808528 -0.128699158804746 -0.271593741225453 -0.196478264017259
-0.119351135495031 -0.0546337264385356 -0.0447715188081467 -0.0538844386195541
-0.112842755085886 0.0484393237428677 0.0804273242644426 -0.0100922721532869
-0.040079858309324 0.0797872330811282 0.230241801579475 -0.117129791959717
-0.00796487973945328 0.0790577855507862 0.22254365299697 -0.305415272589351
0.0237269273220735 0.0736832538181911 0.166818645174786 -0.41018826856902
0.0317696547052436 0.0729470057698172 0.131093075893689 -0.451242309655881
0.0282453213664411 0.0916355399751823 0.129083423750985 -0.447933192830618
-0.018256720161614 0.102145190679893 0.165683941062285 -0.371156965218522
-0.0602011297242044 0.10166878141895 0.184683019202327 -0.229307484850564
-0.143981721587161 0.065203018115079 0.0478421156392289 -0.111295845114792
-0.14232433861359 -0.0602942500149233 -0.114695736283623 -0.187864544227091
-0.0327197012435851 -0.128946071705658 -0.217949207662817 -0.361731456516761
0.0250162600635839 -0.120958797454409 -0.149738922629615 -0.621702779838658
-0.102550754788009 -0.327882371072715 -0.240101717001582 -0.382820748455122
-0.150362096042065 -0.29302211156356 -0.22790211325262 -0.20398899428653
-0.293790858693284 -0.161634384410192 -0.0382311775665769 -0.0800102128982251
-0.316988755044497 0.0332326644368905 0.0764187616589651 -0.00315293546171751
-0.218691894901165 0.150431132175869 0.222453541123367 -0.0909373364690829
-0.128267388463146 0.211372272276751 0.225603088814257 -0.264206272620421
-0.0328813556360547 0.244024330641536 0.169154391139563 -0.348997960157777
-0.00381306790307176 0.231827539312826 0.129532982164271 -0.378418821317201
0.000537951778324254 0.263979950311681 0.113904880126748 -0.377408654295281
-0.106806138628817 0.267133155736537 0.143483452834319 -0.311868457397284
-0.197895559181982 0.221396503142903 0.162174773485463 -0.18073075168336
-0.342184578513314 0.138126205012574 0.0155249428055157 -0.0683154222773261
-0.369970719475766 -0.0861604022331389 -0.155727167456713 -0.152035344653968
-0.228776854478376 -0.282527499780336 -0.249712447675614 -0.308168395780197
-0.129946394476155 -0.347417394322803 -0.181153811092042 -0.522112720014186
-0.18842388348073 -0.473937545928752 -0.169293092071372 -0.264283850515355
-0.250348823786665 -0.443127805708508 -0.162466061862354 -0.161438438357491
-0.450600439601818 -0.267220112923085 -0.016240643642367 -0.0941968400281501
-0.510021679152634 0.00580727623924362 0.065384134806001 -0.00875958653147997
-0.391972170651226 0.204466793984409 0.173397972932653 -0.064914727241111
-0.248166335581908 0.319968757050151 0.182495461176597 -0.191761352380495
-0.0930555613636286 0.383043684056086 0.137514747391809 -0.236686974809846
-0.0377422120794877 0.356064851788136 0.107215597923288 -0.247400788091063
-0.0164059266751469 0.394083944684213 0.0859622251075776 -0.250238201971428
-0.160776807718781 0.399708572565327 0.110698953711523 -0.203662254250099
-0.290139052587121 0.331241174439648 0.12931039189818 -0.104086947407938
-0.485867093688353 0.225303435687126 -0.00416545278479343 -0.0112130551719955
-0.552228268524 -0.0669488119849352 -0.161935079414135 -0.0929271294264915
-0.406742359170213 -0.368762257322498 -0.227041870873238 -0.215647236898198
-0.280439203738585 -0.508416830424928 -0.156839086527754 -0.35272319554382
-0.253307363030083 -0.558898159956115 -0.0962475820181367 -0.0813946923849183
-0.337862635227864 -0.535992166151717 -0.0799029449113768 -0.0613997608146457
-0.571486321571898 -0.331380231465098 0.0170262793485539 -0.0825097097721554
-0.650338642772792 -0.00325822150939442 0.0437447073766534 -0.017177984257313
-0.514472855075255 0.241972752574467 0.083728832946822 -0.0311633540507213
-0.333354711501571 0.386792426241323 0.0974331857105702 -0.0865633687119476
-0.13777478904827 0.466381800605336 0.0781611077843539 -0.0843200650189227
-0.064594467607219 0.426559153144202 0.0705127750173346 -0.079508716301162
-0.0304534074162914 0.46153751981839 0.0551108721239495 -0.0876932441038843
-0.18733099582445 0.470465751911773 0.0778419893079997 -0.0626631068984281
-0.334616375938035 0.390510731078502 0.0920582653883124 -0.00490419419479864
-0.551958768412555 0.279867557401452 -0.0125679986988178 0.05120277779536
-0.644808000190272 -0.0323538012377175 -0.131421954017449 -0.0289662075802317
-0.51409479286721 -0.38662180029844 -0.146010435763549 -0.113171618623714
-0.386802480541253 -0.579336764181349 -0.0792914704815307 -0.153875461521343
-0.288510543827643 -0.557270816942842 -0.0237910620691233 0.139305342817066
-0.387667377577967 -0.539608456489341 0.00960612669759131 0.0809330438291283
-0.614341506207169 -0.329505118305137 0.0482397368512649 -0.040307824282089
-0.684791995874861 0.00229537661785663 0.0105316350978231 -0.0106142439477054
-0.546249062155032 0.247419334181617 -0.0282190759375096 0.0201240390879366
-0.358862090675056 0.396759019542256 -0.00973096071583196 0.0433701723973361
-0.154289731170716 0.478746186250694 0.00324384790307116 0.0872782161435096
-0.0805010294105702 0.431890311984998 0.0251840048962372 0.100940043295419
-0.0464098674292125 0.459049317690663 0.0213873352540224 0.0841541844119918
-0.200223497250084 0.46056401680857 0.0422313738914167 0.0851184491158679
-0.342031884285769 0.369987454679395 0.0474182790277809 0.0976416439164347
-0.534512416297129 0.258218686549643 -0.0194000915497043 0.102388350886429
-0.618463537632949 -0.0211821660857467 -0.081119890551113 0.0215957591707698
-0.515321984977914 -0.357969351226304 -0.0336155693285138 -0.0214992890663441
-0.42011555607917 -0.56085246535822 0.0305152522910909 0.0452584803057064
-0.286011217851353 -0.46419318899404 0.0446153877928609 0.357289316567824
-0.370820059196614 -0.43237437378845 0.0957914500401372 0.226488511226729
-0.540556086105379 -0.252726074498401 0.0683582844270319 0.0243803099508747
-0.576029760911249 0.0148775692049018 -0.0266699119310731 0.0156812505676981
-0.465954761891771 0.20927772889393 -0.130494009767228 0.0841117742987427
-0.312763050044337 0.337962955345423 -0.111052601539067 0.177194254500767
-0.141543629205553 0.412424704459956 -0.067775254739434 0.250661751315195
-0.0869694642826054 0.371752141657872 -0.0235058032412927 0.266600533242749
-0.0666993845157727 0.3893010357573 -0.0209694824316855 0.238436313332097
-0.199098980885559 0.375762963842295 -0.00744850432911284 0.209884221886169
-0.312649989511438 0.276783601147048 -0.0143286596021821 0.173010284369477
-0.442784585722755 0.162283754214281 -0.0373054324999861 0.127398065161666
-0.48902955793521 -0.0400237754721931 -0.0348895769845287 0.0532772280535458
-0.416717884436316 -0.292347656776094 0.0743341295250184 0.0479684084412687
-0.376561914577807 -0.464298309320986 0.139400740374935 0.217529594306035
-0.236031507427909 -0.291025774516487 0.102420057167553 0.528032022748793
-0.279956057984526 -0.244789675257723 0.167785961562738 0.340786663470505
-0.355628633893182 -0.130400197590686 0.0823054486969585 0.0943528667063456
-0.35327734034151 0.0198126084133641 -0.048323600704337 0.0509246181755064
-0.299972315169551 0.127086076923065 -0.194140178783639 0.14202849422308
-0.214523748015002 0.219643529803585 -0.178645870969302 0.287183314132224
-0.106907669363175 0.280059659901001 -0.11861438517456 0.377940913977376
-0.0790299330259609 0.255750512692194 -0.0690749008103653 0.392597735624833
-0.0780693173301652 0.26525690895495 -0.0721618416336923 0.353703713305185
-0.172761310187073 0.240640866831054 -0.0764876352557722 0.289525575009356
-0.242847743454888 0.145922975772495 -0.0932494429127276 0.203100925911966
-0.28930983290627 0.0462912256563674 -0.0676241134152085 0.117836426418734
-0.293214661231007 -0.0532717778382626 -0.00321856337779342 0.0647881096566861
-0.263654502805333 -0.189634640412795 0.151190224435652 0.0978190794440205
-0.276618796669552 -0.305430221397706 0.222717311469967 0.346106160131451
-0.138549762374247 -0.0732471199983397 0.141134849446897 0.621780572650273
-0.123537916450796 -0.0324270624098336 0.225757372063239 0.40175762993466
-0.108474671446814 -0.0101736284197329 0.10237418243461 0.148691454461094
-0.0867200772182929 -0.000721296238586988 -0.0449682110367685 0.0777211606518844
-0.103582728318599 0.0143906782397558 -0.209985864620787 0.17847235136286
-0.0943647523971964 0.0626414145958969 -0.200255669733366 0.352000879238896
-0.0629727857694389 0.102465596100754 -0.140690413476482 0.447128546804872
-0.0603656147723171 0.101895614773529 -0.103241053728088 0.459369254483843
-0.0675458414190702 0.107580768515293 -0.123526960954237 0.414518856620615
-0.106638333114193 0.0865289902493395 -0.153323045208202 0.317962432503402
-0.127267047263756 0.0235855092222789 -0.17228164654182 0.187884415193669
-0.10014478426264 -0.0304017160976381 -0.095436489472241 0.0788880449577631
-0.0843563894820045 -0.0242524119992779 0.0184618121721164 0.0640414706112411
-0.10789553590606 -0.0494059564804316 0.192214754601982 0.131291828183979
-0.158969812229965 -0.10490044964798 0.272977783527056 0.418550192700899
0.00245755126079133 -0.139847432526373 -0.28278334987827 -0.410512609241407
-0.031999502761277 -0.124646956012559 -0.258780367305507 -0.187121587232443
-0.111683270900512 -0.0542927430150999 -0.0445928682046426 -0.0522714810343682
-0.107266268365316 0.0453866076294115 0.0768363613548704 -0.008745951319951
-0.038747885132661 0.0756575441958561 0.222890976480096 -0.112614270168933
-0.0065359031846665 0.0758907216441881 0.215064961784368 -0.291455527668296
0.0218407840592545 0.071177630234602 0.16116666556368 -0.395053877508801
0.0292188224013644 0.0696048269583855 0.128605597525921 -0.437543161889719
0.0258050334322785 0.0872826843442607 0.127379252550557 -0.430623001457602
-0.0190859935572456 0.0984965919073176 0.162561257761652 -0.356540791370288
-0.0585350336229457 0.0972001447672557 0.177868669694519 -0.219145257584708
-0.139109077521695 0.0605294271500889 0.0459436181862034 -0.105493729723859
-0.137215377819059 -0.0596668689829667 -0.109951915531559 -0.179612204417381
-0.0288550899814257 -0.123510164702741 -0.205258473048327 -0.348493057199928
0.0257392163050554 -0.114689532414516 -0.135416942759404 -0.596591736789107
-0.0949359646380514 -0.31288136348202 -0.223837756963431 -0.372798683279224
-0.138673174883106 -0.283780819771184 -0.215685275414634 -0.196377009151725
-0.277834105536204 -0.156587868134146 -0.038630268496926 -0.0776764653621713
-0.303262396592014 0.0310486152913856 0.0730523855738537 -0.00268784210113242
-0.211016238605237 0.14381555781442 0.21503614218469 -0.0869924995860395
-0.122725623417625 0.203197534844448 0.216438471075677 -0.252638505573127
-0.033105876788516 0.234665643160569 0.165295106347983 -0.336556986833292
-0.00636445502276203 0.222641537248755 0.126526684534662 -0.36748931507693
-0.00151058522293707 0.251055094984133 0.111959218906942 -0.362607391665233
-0.104330216798909 0.257301215512503 0.14184624213549 -0.299127081321479
-0.191686879120204 0.213061589389867 0.157385563500694 -0.174131114881847
-0.330500980692227 0.130078187945722 0.0145890103728253 -0.0641352905206845
-0.356589950930162 -0.08444454650801 -0.148982248724113 -0.14675636398311
-0.21539097256766 -0.272063909262832 -0.236408005659206 -0.297299097230691
-0.120457420732166 -0.33141128801267 -0.165527256565236 -0.501789300964038
-0.174805347251471 -0.454742305298471 -0.15960185288866 -0.260772629909707
-0.232919679602324 -0.428424651501895 -0.152578863712776 -0.156139215178402
-0.427052393730399 -0.256321552856576 -0.0165539542814471 -0.0927819890608536
-0.487953000642243 0.00574282405318785 0.0628191668162346 -0.00920502053433732
-0.377667701389611 0.19603910188422 0.166976719231443 -0.0629697574623849
-0.23886370509371 0.306975393944529 0.17356410532327 -0.184013511490479
-0.0910034807921178 0.366804309385204 0.136139434349714 -0.228435729139668
-0.0397226951733221 0.34192202422365 0.105944892366036 -0.240098625884886
-0.0183514621543153 0.375841320780626 0.0858584558510491 -0.240607269910095
-0.156771185315687 0.385613003637379 0.110707210458682 -0.195899102627227
-0.280023426059519 0.318515553314022 0.124879189715448 -0.101419421202818
-0.46710112980235 0.213495573778436 -0.00530030419387295 -0.00937634918953605
-0.532269334407536 -0.0651423014338179 -0.154615869235015 -0.0898940944654948
-0.386282805062173 -0.35540595983929 -0.216786080796918 -0.209373127138091
-0.263166548130461 -0.484542326452945 -0.143497393785513 -0.34052077423198
-0.237357735374065 -0.538471311236557 -0.0918641018787922 -0.0857226493317239
-0.31824885164487 -0.519625484661928 -0.0746849304391885 -0.0606575198167941
-0.546753537249566 -0.318439267403889 0.0165295663207065 -0.0822232283432991
-0.623938537591658 -0.00402194418840162 0.042998140768476 -0.0179363014259318
-0.495175261323973 0.232699633705043 0.080554244522867 -0.0310484146423486
-0.321631049532577 0.372226626813969 0.0912150221493222 -0.0834301750741331
-0.134145977377363 0.446505692802449 0.0792086421655687 -0.0824818922524508
-0.0666728558407799 0.410222564096437 0.0704269325078547 -0.0778520122852692
-0.0323470732590203 0.440505828293753 0.0541632034614108 -0.0835778702094811
-0.182971111984879 0.451366773964328 0.078156765459431 -0.0607879272219659
-0.325096501080587 0.376607566430255 0.0894466495819839 -0.00719204712409061
-0.53129377032861 0.26450728768473 -0.0138474734462449 0.0508466970829314
-0.619219952317222 -0.0321352043890912 -0.12567856005872 -0.0292804632177165
-0.489302900914034 -0.373294339134411 -0.140371531258889 -0.110941674342785
-0.365695903902458 -0.551915354053023 -0.070781974390782 -0.147645180817305
-0.271289663805861 -0.539805329507133 -0.0249058677364917 0.127233379608207
-0.366253024143245 -0.52251773873617 0.00985788814162895 0.0749344218830326
-0.589652537678788 -0.31889918555715 0.0477354088405951 -0.0414286818087958
-0.657957012383572 0.00175107570257077 0.0111123568815772 -0.0116905619256335
-0.527411007678272 0.239642296801269 -0.0271828065109331 0.0171266872327593
-0.34671146446759 0.381307545526631 -0.0129317003107856 0.0410168742897016
-0.150010291809461 0.457933660804729 0.00643524954448993 0.0820369450288384
-0.0819250954146851 0.415127474910163 0.026071546940455 0.096963870354702
-0.0475935663385329 0.437237747146621 0.0204946028671388 0.0823202623320873
-0.195195308822269 0.440940428644129 0.042342357951759 0.0806024666121398
-0.330595173485669 0.357217566126319 0.0456916520508207 0.090211113325616
-0.513398310930067 0.243774030237299 -0.020759957311508 0.0997001257494877
-0.593654497675574 -0.0205340817243665 -0.078063462550831 0.0190935530734789
-0.491221731969163 -0.344513517931136 -0.0332270846735195 -0.0229050524472694
-0.395806779045881 -0.534004808761937 0.0323649360348065 0.0433505764145431
-0.270902601828953 -0.450520186008892 0.0378615996491265 0.338082900498614
-0.354878461799132 -0.420690643692684 0.0901834145212238 0.215839375825101
-0.519342141703697 -0.243367129242349 0.06655300383038 0.0208233557180053
-0.555386079793184 0.0156754143400416 -0.0246453002445809 0.0124525923640095
-0.450106654934483 0.204339282522794 -0.126006742681098 0.0781276497858188
-0.303308548197213 0.326412619986497 -0.110720650218079 0.168480026275374
-0.138095716924854 0.394525378750443 -0.0622144852106203 0.239586824893913
-0.0860240772511904 0.356808924163501 -0.0214336280248794 0.257287202647279
-0.0664559301105122 0.370764022321528 -0.021502868676523 0.231221516129755
-0.193011673867616 0.360239905450844 -0.00728699326869152 0.200375789768664
-0.301742661624813 0.266899589601033 -0.014259697697278 0.161954104079803
-0.424446019387901 0.152928231382904 -0.0387077500424633 0.123127960585348
-0.469009427268481 -0.0380219624193728 -0.0331562754792397 0.0492173215051012
-0.39839857609628 -0.280365633090773 0.0696331123054123 0.0449928350926416
-0.354996470235259 -0.442328071587081 0.135108801299996 0.210290278480071
-0.225001303301492 -0.285247401966122 0.0900427964830478 0.504804343214357
-0.268590366892806 -0.239183497837947 0.158071701758073 0.325932539930038
-0.34347331230083 -0.123999017577179 0.0793259550449175 0.088608853550162
-0.34056295044553 0.0201988082609659 -0.0463053183836922 0.0468945936811125
-0.290828538462105 0.124714569143962 -0.18791528525223 0.134667683064267
-0.208360949077743 0.212499204250746 -0.17536885395747 0.273522602884734
-0.104443295357524 0.267948077787095 -0.113415205141407 0.362157780807072
-0.0775611864237522 0.246215720249481 -0.0666758211356655 0.379013802439633
-0.075526547204536 0.252930321332463 -0.0712905630438695 0.341213628971763
-0.165829093658335 0.230149641037232 -0.0753285061572538 0.277336525208272
-0.233406394155054 0.141742601476381 -0.0900628405141567 0.191766370254571
-0.277001768812482 0.0434196588317716 -0.0669299896591822 0.112345130795365
-0.279612124555271 -0.0489305493396966 -0.00257756536093091 0.0608779051493105
-0.252583835593536 -0.182637991489979 0.143050686841543 0.0937096400132564
-0.262436667347313 -0.291386262556141 0.213494723902911 0.33440359328723
-0.133000965960775 -0.0749577727861055 0.126819713850117 0.598355389331092
-0.120455992768169 -0.0331650319705257 0.211512257206464 0.384942240517222
-0.106150860100143 -0.00836924044814789 0.099391934442755 0.142090913242534
-0.0843048165460606 0.000709208385423232 -0.0436807945375268 0.0725138156876828
-0.100457618730619 0.0154525509133044 -0.203815284546967 0.170741789317736
-0.0920640442884157 0.0611256441965495 -0.195344028303823 0.336614873303597
-0.0606060662042297 0.0973048880570482 -0.136016046076298 0.429667897097029
-0.0580640516308541 0.0981075268527531 -0.100102667921942 0.44414508485488
-0.0643481939216884 0.102139212113365 -0.120738777075625 0.398895886686751
-0.101853126623126 0.0821787223451509 -0.149869243372383 0.305004553046756
-0.121477539473882 0.0238075458703075 -0.166361657144646 0.178236743687795
-0.0949012813887208 -0.0279140516965813 -0.0918152525668888 0.0746012745107205
-0.0801569107192695 -0.0215348207016842 0.0180276576577192 0.0598741355414615
-0.105534046999604 -0.0473262712580955 0.181739987698218 0.126743484529
-0.151890490436844 -0.100234588108922 0.259299507088041 0.406022175812217
0.00637303257266109 -0.135588840990208 -0.269687915676976 -0.420112634688995
-0.0256064227266953 -0.126125959392856 -0.250293644391506 -0.190315831654074
-0.108430374900436 -0.0583294620428038 -0.044710324455648 -0.0526579662441511
-0.107508175188842 0.041182332975811 0.0765815219534376 -0.00689911162804582
-0.0408321706904468 0.0743686551239749 0.226452689173612 -0.107971894041036
-0.00725768539798922 0.0749195834663865 0.220460742136268 -0.285243059763147
0.0196725459092892 0.0721149823082236 0.170390378351495 -0.391320704272696
0.0265277841150914 0.070109021724835 0.137654779205327 -0.437604125880926
0.0231427245791025 0.087307789964098 0.138542475610336 -0.428293725374048
-0.0220712182902944 0.098817107672215 0.172183025283546 -0.351673816463308
-0.0604960244636477 0.0952403227177623 0.18186643621428 -0.214227496463018
-0.140350531568214 0.0562954571735089 0.048484146225294 -0.10347742935846
-0.136264058101664 -0.0629911523139738 -0.105419709210362 -0.180506409139893
-0.0227990431659495 -0.123947917286543 -0.195592957857741 -0.351512476694903
0.0299174770849538 -0.113170986343172 -0.117437603284613 -0.599133385489528
-0.0854404930252776 -0.311326489926028 -0.212089669522434 -0.383218039808467
-0.127704856996013 -0.287045157718577 -0.207619954369022 -0.198839303307842
-0.271706385638427 -0.162512076877875 -0.0374120404853126 -0.0791309758330763
-0.301949316880398 0.0240255360699278 0.0727548911211014 -0.00120773451983113
-0.213722360916362 0.140080253435538 0.217328561375364 -0.0829342320033601
-0.126037538176371 0.199886827666905 0.220296405628929 -0.246741067974364
-0.0393013093932637 0.233079183970621 0.174243657984044 -0.333265767645341
-0.0128882686759483 0.222327430071472 0.136121536794391 -0.36760457145855
-0.00850620245981318 0.249304899516083 0.122115746292762 -0.360081212547563
-0.111469944038111 0.255766868903306 0.150513818041499 -0.29570941889368
-0.19621618015192 0.209211260855483 0.160960443043718 -0.171746837020332
-0.333037154187893 0.121414787978752 0.0153554021072895 -0.0625317408539371
-0.355356276811919 -0.0929702514398504 -0.145381264876491 -0.149043161410003
-0.205466576578702 -0.276257715824611 -0.228423831002785 -0.302776025287126
-0.109971339656995 -0.331038332078303 -0.147778269117581 -0.504233689419266
-0.161700765629452 -0.456194676538432 -0.151865509353965 -0.270003181751067
-0.21897308600746 -0.433610116603027 -0.145786438640563 -0.159214778013244
-0.419012762353142 -0.264232862059723 -0.0152273531398773 -0.0942900366848403
-0.484968299498948 -0.00356777546163803 0.062690803545642 -0.00845983947514158
-0.380994276108276 0.189503758488122 0.169565789386785 -0.0608421447172903
-0.243864839870642 0.302000491336807 0.175529113972777 -0.178969767185169
-0.0996882869238411 0.362648697657163 0.142933054338076 -0.226793912776875
-0.0489500900307194 0.34125174613708 0.11253297589769 -0.240616293441906
-0.0281641556826875 0.372109427148124 0.0927318851407488 -0.238258155818141
-0.16591100571575 0.381822006481723 0.117436617172535 -0.194293911643903
-0.287166630535949 0.31327052021198 0.127214510853529 -0.100883518940245
-0.471397727357181 0.201833586055715 -0.00670130553713973 -0.00747018669554965
-0.529671533710511 -0.07562908197899 -0.152235754070468 -0.0939557506783653
-0.374737987781263 -0.361895034668921 -0.210813444167001 -0.214911591069382
-0.247969449170156 -0.483821526166217 -0.131553160804644 -0.343219400763298
-0.221573823495361 -0.541767527270469 -0.090428756237288 -0.0939100415095715
-0.304166034307536 -0.527682391176641 -0.0713600596830598 -0.062893757611514
-0.535951286124448 -0.326348630593197 0.0182139579262898 -0.0847262150885689
-0.620753616733782 -0.015401034236165 0.0436450044833241 -0.0180672771159529
-0.500440932991275 0.225009900812063 0.0820386745516275 -0.0310620287043047
-0.328347467394316 0.365934877246592 0.0905713844374503 -0.0814128671126097
-0.145308120930233 0.441296100943946 0.0845207190695159 -0.0821051367108799
-0.0761935292981727 0.408850240695636 0.0737763098991359 -0.0780621367135388
-0.0426414334154331 0.435582297056658 0.0576485855051652 -0.0814053363730035
-0.193366356007127 0.447537911894628 0.0813929159365916 -0.0603514414789526
-0.331498839950296 0.370137806488755 0.0893576034285692 -0.00833454846094817
-0.535932196275732 0.251642694911508 -0.0165966671687178 0.0525106144738374
-0.617264894377612 -0.0442451499850842 -0.125368795292412 -0.0335089401159057
-0.475976625022011 -0.382455958126441 -0.138068587227083 -0.115413450261286
-0.347943615657089 -0.553398498014261 -0.0630601892935774 -0.149664155766108
-0.256737629557337 -0.544928163781741 -0.0302510665957407 0.120350396313476
-0.353180738113239 -0.53276875822395 0.00864920303390475 0.0732975245862868
-0.578759842391438 -0.326008429267825 0.0484947044114228 -0.0438985720677219
-0.654715377233973 -0.00918877733992034 0.0119648787364668 -0.013514070855732
-0.530413687769498 0.232218101780332 -0.0271283863480799 0.0150380444766903
-0.35445380317547 0.375092528152246 -0.0164442736372096 0.0397072200586094
-0.160323993176895 0.45247480100213 0.00865011499340894 0.0808303532697844
-0.0918801098651775 0.412625875549943 0.0257735726983887 0.0966385133112207
-0.0577662611517646 0.431811171043509 0.0196022937347698 0.0841188876554102
-0.203986135392536 0.436870568418073 0.0422860859580944 0.0799361645157477
-0.337557583415578 0.351799744975525 0.0434395573812205 0.0872166391311097
-0.515915095614652 0.229769441804519 -0.0250945800335505 0.101058420008599
-0.591061973635597 -0.0308350267816659 -0.0789959512439745 0.015594632796783
-0.479427985683683 -0.353625575376485 -0.0341822282496305 -0.0244316789524773
-0.378305585437295 -0.537000410383237 0.0345518079457585 0.0443206049899931
-0.258083538735518 -0.458804543745086 0.0262398421732715 0.333952368412728
-0.343962770357005 -0.430544364966929 0.0840910645241587 0.214495962002637
-0.514294975863631 -0.249746390024662 0.0670948458171106 0.0187491074860352
-0.553845609976588 0.00748315815874803 -0.0238627786496908 0.0103007711422894
-0.453529973292593 0.197721635180244 -0.127639927932076 0.07395902072755
-0.31000370865067 0.322463236398632 -0.116700554273734 0.165211916190234
-0.14719380555618 0.389315417799757 -0.0642790837004197 0.236753578995826
-0.094173235030072 0.355051061636363 -0.0249781479313681 0.257331602129817
-0.0747876677310399 0.365756897916961 -0.0260125883345597 0.231948252461446
-0.200190968007258 0.35500068068173 -0.0105198275995207 0.198597291715471
-0.307003882696068 0.261308148243917 -0.0182167848923368 0.158723406422909
-0.427035863478979 0.142074891598369 -0.0431327449970465 0.123313728011246
-0.465034372241807 -0.0453285590433256 -0.0352965981359016 0.0465208533289792
-0.389680142264915 -0.287206626198327 0.0664392108924352 0.0446006818864533
-0.341271524644321 -0.445089744243991 0.131967056833696 0.213470580782331
-0.21699118644375 -0.292948546585162 0.0738522716925606 0.504804811009671
-0.264093315483008 -0.247229513999667 0.148000499925609 0.326253719878215
-0.341756936256767 -0.12808714356251 0.0784295502605655 0.0870431182616333
-0.341208245219806 0.0160116604475381 -0.0462848578207967 0.0437168801748651
-0.29257371219642 0.12140359601013 -0.191566838127776 0.129600388791921
-0.212953205216476 0.209835407504893 -0.183037180627327 0.268908506423384
-0.109577003548684 0.26359224703853 -0.117501504970039 0.358778629060809
-0.0827339816597566 0.244659687705392 -0.0721513860851663 0.378841425057716
-0.0812171220851682 0.248593937375384 -0.0782118812840863 0.341453110545084
-0.170551464743897 0.225825168903535 -0.0815120821803749 0.274165027238214
-0.236245350506579 0.137217115733636 -0.094562034454728 0.187391333771411
-0.276458428196895 0.0377807587203665 -0.0707785046235801 0.110532079969658
-0.276714818489662 -0.0522758585535708 -0.00422933485534991 0.0579519319479099
-0.247044854120789 -0.18652316373295 0.138422576060543 0.0947959611572321
-0.253727691860656 -0.294006740376557 0.205057057621218 0.340446002594903
-0.131344645429835 -0.0813482267800382 0.106935035811836 0.600453057291449
-0.121335586956357 -0.0363956442373829 0.198775619253734 0.386611893787632
-0.10753618385659 -0.00805782796022468 0.0964216804004008 0.141725696405467
-0.0843449321891227 0.00106201173522413 -0.0455146465644665 0.0698561893764882
-0.1010660716 0.0151134453334975 -0.208727665118904 0.166252189463571
-0.0939258977397765 0.0605554729437398 -0.204301445586926 0.330882750813774
-0.0627050928704451 0.0947928194328764 -0.143242851908119 0.427082807537243
-0.059125133288636 0.096465316947862 -0.108036089594075 0.443518957300263
-0.0658191658341009 0.0995701849384792 -0.129227694987743 0.397130388520506
-0.102431358467965 0.0795600874166035 -0.156329923914492 0.300390919670302
-0.120633749975617 0.0224499220440761 -0.170109332200265 0.17232799710634
-0.0930819800446575 -0.0290140085133131 -0.0939234780386815 0.0718534478398562
-0.0783661805624419 -0.0210923436627958 0.017047320525933 0.0587233280017052
-0.105833381530227 -0.0487206358931653 0.17685630386605 0.129951402812246
-0.148965658011011 -0.101720336890834 0.249524930642722 0.412696339977263
0.0101807441748642 -0.137442298891892 -0.270416758079926 -0.44273819505122
-0.022168509376231 -0.132355035008516 -0.253678484033055 -0.198562497230649
-0.110155680575846 -0.0632498424412025 -0.0475564281958234 -0.0543858122180832
-0.11152383185263 0.040385967833998 0.078953193108102 -0.00573156457905031
-0.0436372817629404 0.0761751662149282 0.237130876761053 -0.110636345221793
-0.00725796751970994 0.0774663371740487 0.231982012505463 -0.292953331724071
0.0195531403813713 0.0758349628477239 0.180457381098828 -0.405126169890198
0.0260494083619969 0.0730867310780913 0.147248683515734 -0.457302719219844
0.0221785852638005 0.090481310166545 0.150185229658672 -0.444340512707172
-0.0246774213096598 0.103179928432978 0.183820675884322 -0.362587528873462
-0.0640092491780782 0.0977951289028152 0.191803114138893 -0.219145029081166
-0.147142174697024 0.0562002355781325 0.0517650005674142 -0.105545347430825
-0.141191472291008 -0.0673375400493615 -0.108175158777355 -0.187651793560833
-0.0201746101632397 -0.130081307663302 -0.196631946526615 -0.365735637650333
0.033147842520034 -0.116835976991471 -0.109392846819384 -0.621433325458919
-0.082163977348833 -0.320702539757131 -0.213335768251577 -0.406452868757107
-0.126079054060331 -0.301474518565293 -0.208947550763907 -0.207960609542784
-0.277929258595674 -0.171520344976094 -0.0395943494575514 -0.082290560331919
-0.312525552448279 0.0211015225525974 0.0750922077905422 -0.000516020834150489
-0.22451520506011 0.144371445581408 0.228055060424039 -0.0852241794181001
-0.131904857302667 0.206007011476586 0.230801007348654 -0.252678823598568
-0.0437675051994071 0.240844404437112 0.18586106684015 -0.345474719753251
-0.0168737117650254 0.230323811725833 0.145287377384996 -0.384345678880043
-0.0134566753820316 0.257383050777915 0.133459631715638 -0.373764522943391
-0.118849136188008 0.265027859184116 0.16185807485432 -0.306565509484212
-0.206151292233928 0.214551391576773 0.168493176203927 -0.176254066477407
-0.347411721169146 0.120999933164962 0.0163918287768388 -0.0624057574770964
-0.369288195049743 -0.100017885028685 -0.148958927847772 -0.15607458357822
-0.206807549594803 -0.290149135751641 -0.23226597979823 -0.315965677176363
-0.107240817601534 -0.342178596207247 -0.143517057915133 -0.525125367427506
-0.158892706445966 -0.473266106453314 -0.153552660845868 -0.288587689795507
-0.218391907205158 -0.454183905520085 -0.146039574329922 -0.166699108974198
-0.429348659729053 -0.276954631781027 -0.0152888575638955 -0.0994178834433628
-0.502299884247314 -0.00785815228345391 0.0657193630176931 -0.00904906610512943
-0.397370793675159 0.194346085434634 0.177936538576161 -0.0623356041969045
-0.255098914302513 0.311025774602623 0.182721206327793 -0.183636287505702
-0.108542626843296 0.375187288452549 0.154096930640377 -0.235532709215378
-0.0553153404198873 0.353692087286444 0.120443163818006 -0.252466136202363
-0.0357391376554571 0.383238217814015 0.10047507528632 -0.246206175066123
-0.176528850477341 0.396106165728361 0.126573076505209 -0.201377542487934
-0.30140375624836 0.323634451965011 0.133858127951979 -0.104823692296007
-0.49288115815449 0.201708576493754 -0.00749477475240053 -0.00412484596007055
-0.549336977170405 -0.0826900946463149 -0.15722665321825 -0.0998392843894491
-0.380372578379438 -0.380690797369596 -0.216917019027046 -0.225630011838586
-0.247940597954114 -0.50251261873057 -0.127248076230632 -0.358728890757544
-0.220118698624109 -0.564700691204743 -0.0942776647850637 -0.105106537526562
-0.304791382739293 -0.552354421107154 -0.0715163754583839 -0.0679901966116207
-0.550102622614671 -0.342264453771897 0.0193767818334068 -0.0898415054613105
-0.641176943103585 -0.0206068048953754 0.0459424943217916 -0.0192596743845804
-0.521368030081671 0.231638739250669 0.0869277657117138 -0.0328861742974637
-0.344103489317667 0.37759791243006 0.0930806831791568 -0.0833329494537147
-0.154683378743011 0.454943093197888 0.0921489715917644 -0.0866726611596787
-0.0838112567246115 0.424104809580735 0.0795664092260179 -0.0826498746035493
-0.0521482749832157 0.447795997949258 0.0629042415081315 -0.0831224070423903
-0.205730597382394 0.463087594699759 0.0874321381904069 -0.0637556592980622
-0.34785035032558 0.38259886646679 0.0926950217212631 -0.0102177014446544
-0.560952573157491 0.253451475116523 -0.0186021809020104 0.0575826070331985
-0.640148724584221 -0.0493208096975401 -0.130599965528916 -0.0371780419489633
-0.487433316921747 -0.401583050162964 -0.142951219907419 -0.121704306608117
-0.349703662299736 -0.575507591612392 -0.0600374446792714 -0.156364890241238
-0.258051652465425 -0.570936018460571 -0.0360499322829519 0.119031619623379
-0.359742179967026 -0.559454175499048 0.00869725316926682 0.0743333042284118
-0.596008194500739 -0.342091344142614 0.0512746242031077 -0.0483269947858597
-0.677744193281185 -0.0130096712410946 0.0143475648244337 -0.0154894632623311
-0.553481207711904 0.238840972890269 -0.0265293811886248 0.0139855454754359
-0.370988600493093 0.388291654450797 -0.0200261181269219 0.0409243082644053
-0.172710784861575 0.465611597053443 0.0124728956428302 0.0820982982135291
-0.100684479460082 0.428363085716345 0.0284775752492327 0.0993804460188219
-0.0679954219533534 0.444509321477925 0.0206606020156258 0.0893799162620128
-0.217215494369515 0.450913726169857 0.0444632153824294 0.0816308386847479
-0.35273341916187 0.362657791888684 0.0435029273352993 0.0880312929455521
-0.539481406819214 0.232384033796245 -0.0278269947322366 0.107608411492227
-0.613516718602071 -0.0359010851291554 -0.0837314999557729 0.0138816560505668
-0.489032461600215 -0.372590751613285 -0.0373100798837451 -0.0274591245702133
-0.381321435516252 -0.557215255709846 0.0377923550481431 0.0466770500210991
-0.261264535103281 -0.480960342079488 0.0183974109902059 0.343570089172777
-0.352612399685896 -0.45198304511328 0.0835784979372322 0.221600990705383
-0.531029842234583 -0.26111626725517 0.0700180446646502 0.0165969006139724
-0.573539589798904 0.00499363048365973 -0.0232072876787257 0.00790184938628494
-0.472960141341431 0.204537386815933 -0.132927000356307 0.0741337626704018
-0.325315917957169 0.332696676532435 -0.12479967545329 0.169885411063526
-0.157757985949013 0.400514562462627 -0.0655532588130898 0.243540753136823
-0.102176270566549 0.368120884686377 -0.0254910724551022 0.266977989796491
-0.082885335880573 0.37665956229011 -0.0278297561724044 0.243191282041236
-0.211908193917317 0.366504303397122 -0.0127023996552973 0.203922182007773
-0.320967274608247 0.270082868502715 -0.0216755631195202 0.161157808667792
-0.443543433782061 0.142293671646998 -0.047780049758287 0.129116502479476
-0.481041958096567 -0.0496478625904861 -0.0381612879290933 0.0457207851551081
-0.397332541181106 -0.302232109525709 0.0660394268286213 0.0455426682326468
-0.344731963684609 -0.462464031699312 0.135397814131853 0.224257589649309
-0.222121623178362 -0.310641235527629 0.0662769448924172 0.523576875014063
-0.27251242735806 -0.26174491468343 0.146617185741727 0.338526548444968
-0.354568222374938 -0.133221362536018 0.081092435596415 0.0877386304876063
-0.353820145035673 0.0167308618670523 -0.0477145663369064 0.042861177863488
-0.305646543094649 0.12574852311609 -0.200615349917943 0.131758988614758
-0.223095450203355 0.217642749410303 -0.19488649005458 0.276404206787845
-0.118211179570361 0.270799812822579 -0.123549145295221 0.37061983679719
-0.088149149853578 0.253209413929617 -0.0763656646902755 0.394484051967023
-0.0877316127026284 0.255004863531845 -0.0853267891853162 0.35594970991759
-0.179100268535993 0.232870653755517 -0.0871565030936153 0.283057955529181
-0.245026567697339 0.141564407776972 -0.101340003680783 0.190266264708118
-0.286042795288564 0.0361135283513742 -0.0754977721680237 0.115055225593745
-0.285375890837445 -0.0559739775607821 -0.00600435382291877 0.0585682630344113
-0.254196084990078 -0.194921651787089 0.140279942676386 0.0983094797090097
-0.256793121043679 -0.304816122345127 0.209656467482504 0.356663326977652
-0.137538769937883 -0.0895507372829864 0.0995660909236353 0.626046239364672
-0.127269923788905 -0.0399113717167009 0.197745389953334 0.402690693574497
-0.113283986183313 -0.00680789548089233 0.0989936959095983 0.145068999180957
-0.0877840854958081 0.00254995672643825 -0.0477823011850013 0.0705439207566052
-0.105546653456088 0.0151650188267919 -0.220071644111907 0.170660932748612
-0.0985660222358181 0.0632241807191284 -0.216988685957129 0.341792102097771
-0.0668074266255234 0.0967340730385405 -0.152397557469601 0.441273867474777
-0.0617164845420369 0.0999404348192559 -0.114462845657984 0.462183759603792
-0.0688219866154803 0.101433592730903 -0.138813109002576 0.413041062305061
-0.106362863871481 0.0813678106102508 -0.16705197989669 0.310375453125611
-0.12428722188878 0.0228631671094718 -0.179961821471205 0.17517053732702
-0.0946067507639469 -0.0304075748460055 -0.0993645311780594 0.0736199294295913
-0.0802947219663542 -0.0204592781182215 0.0170147065574612 0.0600384888444807
-0.110854077596765 -0.0498895517053541 0.179445197489654 0.135312333849257
-0.153381079027498 -0.106714253901893 0.254356229993229 0.433465440676843
0.00922114817754415 -0.142707985094496 -0.295937977459801 -0.467931253754113
-0.0244644145367456 -0.141968798733987 -0.269463850755399 -0.202895632503221
-0.117440094164643 -0.0661053274371717 -0.0526939146152749 -0.0544851279400001
-0.116592610063634 0.0448398196607035 0.0826770751015851 -0.00756745528169961
-0.0443457980068582 0.0822450939378519 0.249263474379912 -0.125697306130267
-0.0045612115926394 0.0815244227744299 0.240008196961111 -0.316979342768176
0.0230207081340371 0.0801181025897528 0.180195578998945 -0.435029306648407
0.0290449487055205 0.0770340410495609 0.141158924828509 -0.492510605237458
0.0247421077776886 0.0952963682979375 0.148260277350041 -0.477738084063685
-0.0239570333821394 0.111003932039202 0.187705937213433 -0.38982212439839
-0.0657218823423773 0.104718011934122 0.19794078182506 -0.23656619273103
-0.155817163032016 0.0626280258414887 0.0523408082510587 -0.11174612594074
-0.152803764560472 -0.0678792755939464 -0.119442891936867 -0.194550937953643
-0.0222909642189515 -0.139847476885055 -0.215744954654462 -0.380356858722014
0.0326808129830211 -0.124330968239105 -0.129440846247526 -0.656699638576585
-0.0924487529987723 -0.335577892224126 -0.234651701015762 -0.429603171992854
-0.138635391404927 -0.318203034039122 -0.221880022236766 -0.21403979019518
-0.296988475825877 -0.173915282010884 -0.0448524414398777 -0.08643341539431
-0.329624844740512 0.030860950700073 0.0794157189418213 -0.00276988927457847
-0.234178682751917 0.159384163041526 0.240850969667935 -0.0990693368021752
-0.133100208208281 0.221791491652949 0.238037631669654 -0.273633237774581
-0.0399289481667733 0.256781096424224 0.188638517599562 -0.37310856388331
-0.0124172514462762 0.246090321484561 0.142221965350314 -0.415826104539072
-0.00891131211987424 0.27253420344097 0.13232934685658 -0.402156313096757
-0.119603226152642 0.286225049189045 0.165799091140084 -0.330130234101185
-0.213147872387577 0.233858347034561 0.17532884247439 -0.192423389671051
-0.367751617418793 0.136690058381885 0.0154011373233918 -0.0635137770444411
-0.394073955205138 -0.0949301446000167 -0.16282901067777 -0.16089229392289
-0.223458740940633 -0.304572557602664 -0.254784401299175 -0.328154815233625
-0.120977905476318 -0.359357069687361 -0.160794380841445 -0.554083137021767
-0.178809698927027 -0.496505118310386 -0.171375347057051 -0.308129971338459
-0.242554947656294 -0.476800236316449 -0.155832009671364 -0.173821153957333
-0.458303871218548 -0.279694996554042 -0.0200952942509707 -0.106188545839534
-0.529151322231748 0.00508166532902368 0.0691854419052926 -0.0117471673299469
-0.41666784303328 0.220278713717145 0.188570468966241 -0.0730996131004184
-0.260418381728772 0.337942886341761 0.188051392654802 -0.198440295299249
-0.105360724105083 0.399914214403418 0.160243082290254 -0.256750946609713
-0.0505784658684953 0.378168025245843 0.120887406436674 -0.274882133595537
-0.0294376005815793 0.406260323335845 0.102280174779124 -0.26497755914651
-0.177519370922051 0.426605795047195 0.131158927521859 -0.218532880820869
-0.310828492365607 0.351818336239062 0.138649016569023 -0.116644418887029
-0.520073953300432 0.226361845395362 -0.00827443832677305 -0.000954970002711254
-0.584885619307883 -0.0715100671447007 -0.171144464016332 -0.102291407296903
-0.409860856269641 -0.396218322497578 -0.236205894993635 -0.23314427668933
-0.272944481630684 -0.524610590790779 -0.140345388862817 -0.376592425753907
-0.24530839157991 -0.591346109676509 -0.105179594773248 -0.114487124987945
-0.338244122897885 -0.579251494813667 -0.0754677879384328 -0.0709164811817608
-0.590077093767733 -0.345613087120366 0.0177444516382696 -0.0983532435614065
-0.677842449968758 -0.00169415551220517 0.0492325190202928 -0.0233273632817546
-0.546688631805492 0.263700737672818 0.0937111925846142 -0.0395821432516937
-0.352102674482772 0.411255216327147 0.0943709619010642 -0.0899469071511635
-0.153215237208517 0.48544492706631 0.0995441411817638 -0.0967197622194503
-0.0778692903706759 0.452060414450897 0.0830510560022198 -0.0927756297610949
-0.0453563538326466 0.474184011178881 0.0668267328849981 -0.0893124165895547
-0.205777786336194 0.498180544252575 0.0930564767538467 -0.0723876267465828
-0.358077090450706 0.414984815614075 0.0974735057972613 -0.0155230634373502
-0.58822016705086 0.282964868648244 -0.0187199824058616 0.065384740928754
-0.680177897406749 -0.0332018481926017 -0.141397518656256 -0.0365641497731166
-0.522505022412989 -0.415222598964909 -0.156777196879037 -0.126158413217994
-0.381476137155779 -0.597688093514548 -0.0638812840734099 -0.164206072267371
-0.286923063484606 -0.599295727156365 -0.0392908882180823 0.123526186910982
-0.396515807758305 -0.584579219376304 0.0113546895064943 0.0768692076179536
-0.640149135024104 -0.341158779194621 0.0526916716439945 -0.0564617383650087
-0.718363434748003 0.00733590615672346 0.0161243053762983 -0.0191613821263366
-0.579944055830853 0.272325765682187 -0.0258790097706112 0.0137409458818635
-0.38232254225598 0.425216750390907 -0.0214685590153692 0.0446200177961833
-0.172348095665564 0.49778876050776 0.0198604467458573 0.0835558520721916
-0.0955641537442416 0.457680257268842 0.0354528614543234 0.102795264745045
-0.0634934608195037 0.470999236505429 0.0272813906743928 0.0957664723099325
-0.218579550534007 0.485404418273233 0.0501711072330423 0.0836758048902078
-0.363469906596662 0.395363270714845 0.0478123443075808 0.0891423078832743
-0.567992710492699 0.26030326708416 -0.0275622650693059 0.118364852715971
-0.649269059823229 -0.0185515578200194 -0.0901606148767865 0.0157990053981413
-0.525771456095237 -0.382123986544301 -0.0425301454662583 -0.0289909613730578
-0.417089298830674 -0.578586282454436 0.0440757221588029 0.049078971252002
-0.2900692206123 -0.505101735294845 0.0232997155258564 0.361323257542643
-0.387822100417273 -0.47266251867339 0.0933268206612964 0.231741808748444
-0.570280703682963 -0.260532100771744 0.0743040688076099 0.0116904777461537
-0.60664215902468 0.0239527512851297 -0.0230553874814532 0.00669539732543698
-0.496234395663345 0.233598863492878 -0.137700179377313 0.0812253043697191
-0.336026123908481 0.365022779712758 -0.130073169763925 0.184125166233087
-0.158853816212355 0.427989237689365 -0.0587601495175464 0.258008438489567
-0.0980554368150197 0.393733351838102 -0.0164453601196206 0.283147123920459
-0.0800029801773006 0.39889792988223 -0.0209175420507464 0.260015064012424
-0.214626086843626 0.395287599718042 -0.00753184941207865 0.215487643966556
-0.332330518138811 0.296052594617999 -0.0196361119179952 0.168796157468267
-0.466734321525213 0.163552793267086 -0.0477554851916728 0.141246131186765
-0.509272769967085 -0.0375589784961285 -0.0416355011400592 0.0485184720311987
-0.427014900411841 -0.309014173531681 0.0682932388722562 0.0449006141006957
-0.374423192378853 -0.477005835622146 0.151377220528001 0.235261466572945
-0.245557674392659 -0.326631088464093 0.0782903871495612 0.553571968055557
-0.298472602776229 -0.271416744349272 0.161657588076758 0.354150847152259
-0.381068783742692 -0.128423436092511 0.0877669580331276 0.0869659719680108
-0.37426839723212 0.0305720282895193 -0.0488787322522035 0.0438901070940651
-0.320830646446398 0.14465094119336 -0.209072632826024 0.145780633631624
-0.23099444848943 0.240210167216169 -0.200933090090212 0.299929373134
-0.119058144050998 0.289871472975151 -0.117793961417456 0.394698291506471
-0.0854189475496672 0.270600765634008 -0.0667883754362048 0.421307924928494
-0.0874162625890089 0.271443190224199 -0.078360846902171 0.382998799831187
-0.182658766232535 0.252135141992759 -0.0860056367123795 0.301946335073508
-0.255068601850967 0.158201263632151 -0.103726385158107 0.202167481399503
-0.302117137732496 0.0462836108087435 -0.0782884208573375 0.125424780290616
-0.301431491159421 -0.048740086514687 -0.00636513791246916 0.0607849638663569
-0.273636705407142 -0.198001191793001 0.148463271174439 0.0990676720348194
-0.278468284611308 -0.314483916632086 0.232869494897494 0.375603080790092
-0.149820528536151 -0.0944842353739896 0.117415433925601 0.661872682860466
-0.138029812874865 -0.0391051481515395 0.216340431778268 0.421724515790331
-0.121497274357808 -0.00145823589200003 0.108528882345688 0.14763769139286
-0.0921156788857666 0.00730546026421682 -0.0484958833137407 0.0739289429089656
-0.111370369337011 0.0208902844436064 -0.228993289158385 0.188129575998592
-0.102848710277101 0.0714005604229229 -0.223025437470038 0.368761119910812
-0.0690950939387646 0.103847453430458 -0.147366298068207 0.471253420800673
-0.0618653297143438 0.107079507351763 -0.105580200388823 0.494818857547097
-0.0702201630134816 0.108468474256647 -0.135013175070857 0.445810956739394
-0.109374707975625 0.0890296847288523 -0.169270448506974 0.334331283908454
-0.129956474624032 0.0283895306408901 -0.18780324817915 0.189399792825294
-0.0999258244752987 -0.0286506194463734 -0.103564822065736 0.0807723281620809
-0.0842252296144366 -0.0175275993062684 0.0191278538634732 0.0615718072548825
-0.120195536824455 -0.0478058837756197 0.191327564096823 0.137413570024425
-0.164758920247743 -0.10813739738565 0.281832052359507 0.455253023469806
0.0245711515264058 -0.142493571911902 -0.223997137649342 -0.536922981284796
-0.00286046114414517 -0.146756798494215 -0.243921382023982 -0.254000584953341
-0.10709703236854 -0.0890222162858234 -0.053358694041036 -0.0666592455363508
-0.125113190494955 0.0240580452030617 0.0782552956258637 0.00599728659197716
-0.0607391887321649 0.0702884423200741 0.277316202023122 -0.0920950839162581
-0.0191092334122853 0.0780086955647853 0.297949962352118 -0.293522254511107
0.0114669168910544 0.0841372364590412 0.254865203280608 -0.428381256721267
0.0135558014466703 0.0815059274321912 0.222425283523543 -0.496673846965724
0.00884867440483496 0.103198148066882 0.225560558747795 -0.483238040598152
-0.0442390667921523 0.10991962456282 0.252947862796902 -0.383059116220262
-0.0881782182689873 0.0942983571626941 0.243695966242355 -0.219106234713153
-0.172412673546434 0.0371331461743024 0.0792635080422544 -0.113692024552866
-0.145666775498917 -0.104146886799373 -0.091562897222816 -0.216451948419831
0.00418192890793069 -0.158857272735247 -0.159718927437454 -0.417631532778953
0.0567130605516682 -0.133828078050113 -0.0205475193760877 -0.69991146813662
-0.0439983904698005 -0.35714295979162 -0.172973303067524 -0.497755121498005
-0.0902402892658527 -0.344315774667449 -0.196241071826444 -0.26546925939646
-0.269767000390908 -0.22745573907956 -0.0523079030636708 -0.106561006727845
-0.33685249134161 -0.0215215515419944 0.0612491032617776 0.00395052109735092
-0.266810241777202 0.120150136125295 0.255754908037445 -0.0589461907702866
-0.175895303054058 0.201972540141238 0.285380690489674 -0.245180040378954
-0.0825159189345721 0.254823195287326 0.250502225361527 -0.360854962678353
-0.0617029851982939 0.249199114800358 0.212451137623615 -0.415954836882822
-0.0583221848001444 0.280107039260204 0.197243192095957 -0.409506442080499
-0.174383617527452 0.276767087905826 0.220692041193344 -0.329695753262972
-0.268516426264917 0.202202673190545 0.219340218185245 -0.182254315581532
-0.407613267125657 0.0791932220539138 0.0435269761521278 -0.0770894038449793
-0.392602898690434 -0.179364040794598 -0.136539325695779 -0.186557519992659
-0.175959177211565 -0.368398430588543 -0.200555737112536 -0.361800740064904
-0.0614629981422125 -0.413134470132639 -0.0715826264843985 -0.582966414130972
-0.0999231090036216 -0.535379889511337 -0.129241017239422 -0.369753502145443
-0.169827545280661 -0.522525163733962 -0.137350546286988 -0.219164102949174
-0.417013962384253 -0.361528201152715 -0.0328483339131306 -0.131849554217361
-0.534135599069372 -0.0763466850975354 0.0403674443128874 -0.0142744740979713
-0.462393042122159 0.153399223105889 0.188806784812727 -0.0349150530820606
-0.327594513097968 0.30113605812164 0.217662090170014 -0.171325326532524
-0.172329710689369 0.392109366784264 0.19804428877129 -0.240594339545126
-0.125767149794053 0.379639074940784 0.168890511414181 -0.271407538371921
-0.10398655048786 0.414139158475972 0.143639291535863 -0.271176608999058
-0.259221868687687 0.412791157921342 0.166600076668486 -0.22278331814395
-0.392774150346677 0.307472965022041 0.173971790334585 -0.114528872774506
-0.58269644721093 0.149451694707578 0.0161566260514318 -0.0226374213554366
-0.59845482129369 -0.191185525647096 -0.149036779377388 -0.126666724936639
-0.351919675151509 -0.495634246791125 -0.189616518207873 -0.257582948751824
-0.191009412911705 -0.617239908104011 -0.0756521734697613 -0.382528001581761
-0.147506403061635 -0.645003803104031 -0.0968105894834759 -0.164475154772972
-0.246966364936152 -0.642282370632679 -0.0741369965172096 -0.104505452871115
-0.53846290488503 -0.450595911882473 -0.00293574073856578 -0.123155539138149
-0.68266068212559 -0.105972262195698 0.0128077460958548 -0.0339450878366346
-0.602363670461852 0.177979563750619 0.0780461793293822 -0.010317644203702
-0.434940241262472 0.364119328724709 0.101453450301306 -0.0699049718288805
-0.236423939654262 0.471225172971266 0.106986317260139 -0.0813002053851426
-0.168284571418786 0.452571450034883 0.101567129446229 -0.0864445869635769
-0.133064066005512 0.481407802488692 0.080387574806556 -0.0921831516084032
-0.300400082038043 0.485433854573396 0.104555764277856 -0.0766386148409991
-0.455987368598061 0.36613900643245 0.117643506256695 -0.0184697189294213
-0.664467850142027 0.196699387207378 -0.00234435882981217 0.0409902771410297
-0.701792341769561 -0.167806305566496 -0.125650731623866 -0.0554769882124876
-0.467152012812161 -0.533094609093835 -0.120158004116329 -0.134427940181198
-0.290919293089322 -0.713797784752354 -0.0293162592387411 -0.142342870735969
-0.183863730661668 -0.659456535596976 -0.0694002921463401 0.0904906737475761
-0.303409912158115 -0.660537621950221 -0.0101475220438445 0.0613808607007936
-0.591231327718555 -0.456523566052287 0.0242593110731364 -0.0746626810551021
-0.725472947885332 -0.100553803436828 -0.0246758038668169 -0.0368307496793393
-0.637445719726207 0.183504111545228 -0.0569237488679356 0.0285680317478573
-0.466867972574453 0.375870570731711 -0.0414511487916061 0.0537361470199185
-0.25834640816106 0.481942602682353 -0.00431465050787673 0.0970576180411554
-0.186591202455032 0.454002965668355 0.021918061751788 0.111718600752516
-0.150886181905596 0.473943977080209 0.0118570166620917 0.0972881358373756
-0.310639912977358 0.469795588935416 0.036980577886206 0.0801494569089987
-0.458907788070551 0.343469183504995 0.0497301998007616 0.0838969480284986
-0.639089677806414 0.177048354885276 -0.020390733947769 0.095394681206779
-0.671303104620023 -0.147149888742621 -0.0817189106005632 0.00592088941943605
-0.476486333240789 -0.496485000685091 -0.0185582845101975 -0.0192077169110879
-0.330964026501496 -0.695870899280907 0.0475580820648734 0.0981819476266803
-0.201059814398027 -0.562940461170501 -0.0442433286454621 0.349421768505714
-0.312206659288447 -0.545730850042628 0.049552226399553 0.238197076891629
-0.534082233490478 -0.358358638062078 0.0402915934666782 0.00358228055714284
-0.615242469904569 -0.0656684784319708 -0.063198156090584 -0.0126285949952553
-0.545266192277832 0.161141403360897 -0.179519064006066 0.0797556220831833
-0.408158102047189 0.325968431482123 -0.17506634483903 0.181465534983246
-0.233861590024239 0.414678477671519 -0.112818438586339 0.266470469003386
-0.175489402068155 0.389552307433804 -0.0594471977360478 0.2933373409288
-0.155103593702323 0.397334615207702 -0.0623692723495065 0.264864249534382
-0.292106430330331 0.375620740021065 -0.0425900872351614 0.212508919471241
-0.40709739688238 0.246115330759488 -0.0343693608052407 0.160929844376751
-0.518064664734742 0.0932886487473839 -0.049023686144444 0.122917553319222
-0.521807778253334 -0.137505986802746 -0.0389955973318965 0.0464233642764862
-0.385890194028433 -0.400014563010281 0.0791845693047195 0.0704870477083384
-0.305559548569341 -0.578029992914177 0.127074864661741 0.305482520319801
-0.184263652622198 -0.371919623716361 -0.0182278899409454 0.564587906747016
-0.253705215995415 -0.326643551279957 0.103256873098444 0.382941436842743
-0.363652201845685 -0.193377662337611 0.0538170939205653 0.0917492329855476
-0.381823775981571 -0.0232246850515858 -0.0816318054308917 0.0291308437336043
-0.348942555344256 0.10126696556339 -0.255678539080585 0.131154911278798
-0.278194918300591 0.21557704223123 -0.263854004031556 0.289245115757465
-0.170620470783495 0.279664542227957 -0.192285030185375 0.400500941221212
-0.139419665817903 0.266254774531225 -0.133427696020391 0.4304806537823
-0.138780826074685 0.264216937505522 -0.139343416049021 0.387712565451611
-0.233564829688777 0.232520172879264 -0.13526014995498 0.295387111904546
-0.29915203419336 0.117712117149715 -0.129868628755009 0.187878850756015
-0.324923223932433 -0.000359465792629039 -0.0850175039128784 0.110597399462944
-0.303426534498452 -0.1072482886553 -0.00914067250806944 0.0636611885863154
-0.24637741747748 -0.252650490066018 0.146603741329578 0.132651642326982
-0.232943446517562 -0.3853165753993 0.185346567616846 0.455624626699343
-0.126011026987884 -0.118049954877571 0.00626336263985012 0.694628913601943
-0.128258185615844 -0.0637451666419963 0.153341202393417 0.469621762861729
-0.121507646860192 -0.0196791242434867 0.0812923912572464 0.166467319361085
-0.0925347243603553 -0.00330290562961187 -0.0684723043866559 0.0659235347808512
-0.11473601908252 0.00865667873134066 -0.273711254721497 0.165922356983943
-0.116697920750902 0.0631024145052316 -0.292895550367396 0.353238504660847
-0.088903545886087 0.0975662279118449 -0.231411068843947 0.47528777254194
-0.0823779865566555 0.101718170311176 -0.185364490784587 0.502537930436632
-0.0918949781165393 0.099018140565116 -0.206990128496377 0.448382293170504
-0.129992193598385 0.0753232801138466 -0.226444452586461 0.322596708103445
-0.142545151433882 0.00659253310635475 -0.220289783316909 0.167496587676016
-0.100921955476002 -0.0450981997171792 -0.114232709973717 0.067330856142122
-0.0836363977295036 -0.0320656892544502 0.0126266158209005 0.0665711383782833
-0.115378049659593 -0.0663882322705094 0.178111690225885 0.171878058680351
-0.151571625901658 -0.142824347255348 0.219717158601958 0.535084265294838
0.0143527245242946 -0.142464743823292 -0.272074249270318 -0.524908778655359
-0.0139876933816775 -0.149090551347948 -0.263042566190362 -0.234396535501752
-0.114592592517579 -0.0813232634968314 -0.0590842782961087 -0.0607898713438289
-0.123636215736313 0.0345157218619826 0.0789312247766361 -0.000445623058223558
-0.0547664849117648 0.0765709293419895 0.270337842950994 -0.1197502134944
-0.010846809351652 0.0784721230498507 0.274149813701755 -0.322499035671503
0.0202414595578719 0.0832005474364008 0.21778465881775 -0.454015261666403
0.0209482058333176 0.0808919076660026 0.175666401048727 -0.521037353616085
0.0174416749575987 0.102859976915417 0.182780843085634 -0.508223717355735
-0.0350688395774813 0.115832927800608 0.221377674328468 -0.408741792543566
-0.0802784885881548 0.101901739341431 0.226000600186871 -0.241529013913589
-0.171722316645279 0.0526266953527884 0.0702409810734443 -0.119522723605371
-0.156873193734109 -0.0921188381068964 -0.112463632919257 -0.207641232594646
-0.00843702090769483 -0.162904731921078 -0.195263577007716 -0.402228073837376
0.0453291147350697 -0.139037773886866 -0.0795908511496428 -0.69999488252675
-0.0732201143366507 -0.352165108011594 -0.217811239767325 -0.491482256311227
-0.119373527760978 -0.339665298624882 -0.216388010539972 -0.250134913719172
-0.289454571125932 -0.20380930068901 -0.0624892467985829 -0.101644323417673
-0.339386113449947 0.00903641920239942 0.0615440280090552 -0.00131606533918415
-0.256430960430499 0.1469941347 0.251828822001796 -0.0850194420627827
-0.156465896690091 0.218769366995562 0.265374885935422 -0.272661422851596
-0.0592580022540042 0.263240355057296 0.220885635617473 -0.387593210224217
-0.0393499220227057 0.256364176600663 0.173299185841961 -0.440173823401804
-0.0342519393523561 0.286780631886238 0.161701816647409 -0.431353896953529
-0.149882749113101 0.295658090781268 0.193266731976952 -0.353456961335093
-0.251482882453233 0.226763713904284 0.205462316272057 -0.203977824992364
-0.404516676034823 0.117148343701467 0.0379197539835274 -0.0783129059460601
-0.411229297267768 -0.14323761970559 -0.155733278649869 -0.174821126984347
-0.207080846539866 -0.356740581869119 -0.232053318615734 -0.343241892885948
-0.0977532927779377 -0.407986391285305 -0.117801711994231 -0.57954816573989
-0.146179413173192 -0.527451467805586 -0.16476375588808 -0.364814139811205
-0.21605781127112 -0.511301802456727 -0.153909104860937 -0.209567010564612
-0.448105327028625 -0.323547276969363 -0.0460454415513291 -0.129750085101386
-0.541214074831225 -0.0269876447728706 0.0396184209940724 -0.0186801130122516
-0.449279054596714 0.199596613603765 0.187652454857256 -0.0554930516424329
-0.299115045326906 0.333244114420717 0.203447003744084 -0.191924974239531
-0.138172680723347 0.40804049283679 0.179855982148472 -0.263318004645866
-0.0914182761770018 0.39360758382254 0.143863239844425 -0.29183472107639
-0.0686758793714901 0.425230345793433 0.121022867255487 -0.287367096050248
-0.222578529121874 0.440851161235707 0.148337579005228 -0.241171949830402
-0.36804463975305 0.345585884275972 0.164695185488204 -0.132991268724729
-0.574029113405698 0.202838639376795 0.0152681955406044 -0.0203582378427965
-0.615892468990886 -0.137341855712417 -0.163528190943153 -0.113396906693258
-0.395226524318338 -0.468833786486518 -0.214739289672337 -0.241272764884687
-0.24443856655186 -0.599606366385531 -0.105007296414633 -0.378923351936922
-0.204921852470142 -0.632236395954001 -0.114517249952085 -0.161055753328922
-0.305080846972541 -0.625655899456139 -0.0811700919494365 -0.0999392986281981
-0.577505702525723 -0.400258470959707 -0.015149061344352 -0.125107716563425
-0.692400540168738 -0.0427767238871501 0.0106145295998359 -0.0371633424218492
-0.586908389270801 0.238331116061228 0.0795802081229548 -0.0207656646363962
-0.402184390375082 0.407682022200607 0.0951328344094728 -0.0791968424618864
-0.195341881107122 0.495990750803307 0.103806493253808 -0.095446653356569
-0.128133211985134 0.469925584614464 0.0945645866217902 -0.099160252875707
-0.091804236967707 0.495778739004534 0.0743497369392977 -0.101481101941474
-0.258717779194387 0.514803512865162 0.0985501266954671 -0.0886292989689707
-0.42612665913305 0.408877508587755 0.115566106221652 -0.0316872100651265
-0.654219419756073 0.257693031855717 0.00295920339471768 0.0459818487885198
-0.71914153635802 -0.103787467929142 -0.134249577026435 -0.0440686719188249
-0.514945674260945 -0.495282436232289 -0.134562675733526 -0.123531614642307
-0.352373874344767 -0.685525262307718 -0.0385917428291764 -0.140108677690746
-0.24465947978473 -0.645129754214395 -0.0646077465932186 0.0943697571346953
-0.365438704208615 -0.635829027588852 -0.00364199432943644 0.0607386440714302
-0.632681743783256 -0.398722686421162 0.015714502751464 -0.0800019303114677
-0.735072809491425 -0.0342815051559305 -0.027022847442895 -0.0372570991001308
-0.621872343822515 0.248521576299463 -0.0521750505969993 0.0305678117786903
-0.433483669798752 0.422814935572015 -0.0376066730227428 0.0578505230472758
-0.21643240249161 0.508951372764508 0.00738694265325087 0.0934951331809707
-0.145241756801295 0.474731965720793 0.0331730351720965 0.106795144034866
-0.109654586495932 0.489163825063012 0.0226424823712106 0.0957829400598258
-0.271096496647472 0.501560721872721 0.0444808883319375 0.0756382143645082
-0.431467547386961 0.387763618864098 0.0562675004623785 0.0772373524956934
-0.627629438596783 0.237341894006517 -0.0110443866077218 0.101975666622286
-0.686208480336454 -0.0834688140497418 -0.0844456798288908 0.013879930066244
-0.51882112781888 -0.457423390032745 -0.0237459685934402 -0.0172039697593614
-0.390766048124141 -0.66533774186963 0.0592403774584887 0.0956298554529966
-0.253114644988227 -0.549748134888925 -0.016333077789537 0.353439072059646
-0.364140874721076 -0.521666910937719 0.0703628261511294 0.234107909084681
-0.567827283198678 -0.309321827250357 0.039132667481011 -0.00300344859563635
-0.62404954374659 -0.00836436481585113 -0.06355042122832 -0.0103562071252431
-0.530827750057573 0.215642326438267 -0.171685192800677 0.0943389231886022
-0.378190662520256 0.366105500067589 -0.160297255283761 0.199200756986196
-0.198618554914889 0.437779700729118 -0.0857232048725187 0.274948413098112
-0.140764210903527 0.408325672744678 -0.0316376261212028 0.297273268030069
-0.121396110092476 0.41247720323777 -0.0365411823081652 0.272210211022496
-0.259556566037392 0.404727984072273 -0.024281016567129 0.216190069563332
-0.386544805534457 0.285372861596348 -0.0214428164674135 0.161916629282657
-0.513188917426574 0.14108489510384 -0.0379436300223519 0.131238036767931
-0.533694569911481 -0.0876023207545991 -0.0375717281673711 0.0498550104076627
-0.420139793432204 -0.36701939358373 0.0818424379367799 0.0631814566757121
-0.355041305918179 -0.551448611804371 0.15646236459478 0.297885833137741
-0.220496175470416 -0.358649533394158 0.0298250056716287 0.568538348299792
-0.285743068829011 -0.305775221928411 0.135449980935649 0.375394820054773
-0.383836082183996 -0.157653750890844 0.0604521715640016 0.08467789997986
-0.383920315513396 0.0140870114634293 -0.0787980654322997 0.0329529696221059
-0.341395287357185 0.135495174361344 -0.244332014048707 0.153787514402316
-0.259139594547339 0.244027934305778 -0.240383196517344 0.315981448972837
-0.147998785670386 0.296924331635009 -0.156087905283553 0.418732054320665
-0.115403545825178 0.279762370241603 -0.092052151474633 0.443433408983846
-0.116385624645357 0.277562465481146 -0.102486099262075 0.403077975338033
-0.21390717526427 0.254554469350917 -0.110555484646031 0.309140314009095
-0.289919267797316 0.146587439861452 -0.115839202192842 0.199272452715242
-0.326568959082506 0.0307862398398996 -0.0759393072355042 0.120417554533095
-0.311679593654615 -0.0778584676298367 -0.00521510204922468 0.0635076841937147
-0.26897723443299 -0.23089871954577 0.154877436857302 0.118472350514145
-0.267586187082383 -0.364111807907101 0.228324450706497 0.444193871559332
-0.139705752859793 -0.109232244697445 0.0663963127219768 0.699552462486046
-0.13615010659383 -0.0522516951625483 0.192989664370982 0.459471695892904
-0.124795013782006 -0.00618806836158625 0.0947633026223023 0.156902974296168
-0.0920118676993581 0.00623669151431376 -0.0629199169839852 0.0708598981219288
-0.114230796847015 0.0199842845914344 -0.259665543356017 0.191417580732662
-0.111663284531306 0.0759090115808718 -0.263383112512369 0.384201511560037
-0.0813797322704037 0.106590137373675 -0.189218943678391 0.49847367286474
-0.0735728964605819 0.109060566301884 -0.137732993684625 0.521993610575756
-0.0831609236374115 0.107094768477737 -0.16522746577363 0.469666955338773
-0.122636978752103 0.0869602639456636 -0.199425574184246 0.346027697288469
-0.14209596529906 0.0210058633520863 -0.207817734887231 0.187599689500935
-0.103860167510658 -0.0358523481399808 -0.109890929093225 0.0788919933588905
-0.085211731962765 -0.0228434819907337 0.0184381935888543 0.064050241634414
-0.122901624232972 -0.0541102732267847 0.190743204741145 0.154965607757038
-0.164953463177278 -0.129050990925506 0.270091938955055 0.519396978641904
0.00753795804638396 -0.137277885103745 -0.300780622185498 -0.495711030001679
-0.0220717291971434 -0.145064317618537 -0.266014215686208 -0.210919682969747
-0.115555044983498 -0.0718158867930855 -0.0609416145988007 -0.0536550323760899
-0.118082323607369 0.0411237621664687 0.0761132848027113 -0.00473231834526765
-0.048067210947783 0.0780863160028462 0.25220841784776 -0.136032505134683
-0.00466139614555746 0.0756015855412326 0.24311319449641 -0.333002401286731
0.0256113734481017 0.0788361492017398 0.179013012678965 -0.456111055211105
0.0257251426567784 0.0771521801416339 0.131734902693811 -0.517608258751822
0.023960162757293 0.0990221805823083 0.141252643448252 -0.507032058190366
-0.0259247912828546 0.115808227089273 0.187199155462735 -0.413014063725986
-0.071379533209028 0.103233710030869 0.204131025285613 -0.249877156212888
-0.163786162041976 0.0626669326558251 0.0606656984817173 -0.120233776041534
-0.158221609911913 -0.0780636338067956 -0.124033136756162 -0.192242644682007
-0.0183667394878766 -0.159741588091297 -0.212818259796553 -0.374951400472443
0.0344154615066779 -0.137019655057584 -0.120995137870304 -0.674823315503998
-0.0917897908858809 -0.334804244055423 -0.244452103363134 -0.465786445579783
-0.137687285861608 -0.321641380340978 -0.222623448777021 -0.230331235147481
-0.292308666017062 -0.1772492641475 -0.0676679217242024 -0.0938318137803255
-0.326846364620542 0.031637542139671 0.0596611721110826 -0.00518560032555935
-0.23791055309003 0.161517034968876 0.237555200059495 -0.103222302100748
-0.135487049924884 0.221720483808073 0.237237863858059 -0.283023441879306
-0.0386012455334113 0.258130171763382 0.186872257500287 -0.394057657647545
-0.0200855470674703 0.251788390454163 0.135001841744243 -0.441517757919791
-0.0137220642285582 0.280279431343179 0.126283318133202 -0.431616184499173
-0.125049717992741 0.299273820335997 0.164030553404392 -0.358074444682432
-0.229244824264442 0.238511765772587 0.185218671701813 -0.213146987123032
-0.385940135798423 0.14143715343337 0.0325073777585998 -0.0766307073222178
-0.407630874760745 -0.109321050091385 -0.164190341583201 -0.158031653819545
-0.223365251723484 -0.335058630691313 -0.24628518864406 -0.315854497377157
-0.120279620341945 -0.386889543948787 -0.150394573635568 -0.553452464667148
-0.174013519468393 -0.498563209189514 -0.186513432440033 -0.347393332830867
-0.240913032957808 -0.481303575276509 -0.16027555475093 -0.194686011016708
-0.452455634875229 -0.280954444624835 -0.0546085502137863 -0.122716184195355
-0.523624350964071 0.0117639253941286 0.0370507526058431 -0.0216250979871726
-0.418994059586807 0.226944542922104 0.178025207685352 -0.0708546325725776
-0.265400312540324 0.343287084193053 0.183739955221978 -0.20066994503334
-0.105579844955324 0.404359805420194 0.157818826546201 -0.272407000362098
-0.0614098299750955 0.388134369521819 0.117588711235638 -0.294693151328817
-0.0381689046959325 0.417251315624656 0.0981734579770269 -0.289615264258311
-0.18580699602168 0.444691085052097 0.127343934419508 -0.246469818374062
-0.333835394777483 0.359698622658646 0.150406390697423 -0.142480591945613
-0.545157347288024 0.236713880779559 0.014915991385764 -0.0174644499640166
-0.606000935555437 -0.087485254710287 -0.168416387798945 -0.0980896003491312
-0.413079363871981 -0.430614548634881 -0.224330537311139 -0.218048333144886
-0.273999102655332 -0.560450218248061 -0.124112075465129 -0.359770429634639
-0.238407124140947 -0.599705076488588 -0.124519601038488 -0.150836028353849
-0.335695315056007 -0.585351712898573 -0.0826082576807896 -0.0939346565632405
-0.58327482494503 -0.34396512226341 -0.0251646965161593 -0.121218538786882
-0.670342422170645 0.00728799492589687 0.0082551689596611 -0.0385844397647947
-0.549044004663197 0.274820351306179 0.0773530960893692 -0.0296427823595682
-0.358871252543473 0.423121104904311 0.0864592581718631 -0.083572897754597
-0.156113015479116 0.493986152817136 0.0955569993096848 -0.105275793245875
-0.0918091931443275 0.464936503683571 0.0837617142272108 -0.105280934779668
-0.0558504975252578 0.486988163722375 0.0660674389124046 -0.105422975183255
-0.213861918684194 0.520104594685902 0.0888272770734242 -0.0948757627266426
-0.384239117473846 0.427011380609266 0.108543414806895 -0.0421155474184639
-0.616927736430928 0.296990706562313 0.00749875286244252 0.0478236819311047
-0.700811996682772 -0.0486563712118697 -0.136113801207143 -0.0335052368409377
-0.52934526005937 -0.449490136231802 -0.141059543044423 -0.109409785168061
-0.385495738983701 -0.636909174894176 -0.0437066996306184 -0.132341135388829
-0.278124981190034 -0.608332233397668 -0.0595701925972158 0.093197062146916
-0.396276033909796 -0.591676069752822 0.001662716673091 0.0573524255823446
-0.637339842457625 -0.341169638418584 0.00799434430233945 -0.0800103248097501
-0.70903875291628 0.0202566144917682 -0.0284108196840268 -0.0372792402350468
-0.583555093441667 0.287625172735913 -0.0467403750473889 0.0286931968962266
-0.389647890493891 0.44217914366504 -0.0330233315246768 0.0583833716766162
-0.176351537734485 0.507341377202361 0.0157740155576959 0.0853498009097066
-0.10770458209878 0.470869719408741 0.039524001795659 0.0989250456827808
-0.0738261286858715 0.48084682698029 0.0304107336760312 0.0900026436387826
-0.227445743972345 0.505229569498057 0.0468347204036352 0.0685889433834394
-0.39099968724157 0.406384397466554 0.0574912221844748 0.0682368330049789
-0.593342358139875 0.27364505514649 -0.00191883187977608 0.104047461538787
-0.66623039237822 -0.0321975615636579 -0.0836406957991599 0.0194765173795537
-0.531236856495983 -0.409978145316296 -0.0273378344198328 -0.0144976422306707
-0.421716883010863 -0.614100129049564 0.0668865711959743 0.0897006494802188
-0.282377284213527 -0.515271661718784 0.00553610408975854 0.34368569471295
-0.388513474217862 -0.481466407017399 0.0836017041798605 0.22148013003297
-0.571263569836899 -0.255891477214958 0.0353346233853469 -0.00765958197323184
-0.601774663863117 0.0389435880711674 -0.0625360661971883 -0.00926810972807423
-0.498147972120845 0.249215170214049 -0.158311426503888 0.0995401139267895
-0.339858384862 0.384606382121356 -0.141416946186871 0.204937783218929
-0.16307219877429 0.439589327818337 -0.0624160172987604 0.268816618028319
-0.108055002796598 0.40463166721499 -0.00961411104597542 0.288931425187842
-0.0908745439299037 0.408073599651286 -0.0138691020952854 0.265802315983937
-0.223902106343272 0.410751134612345 -0.00983096565664968 0.211016549204146
-0.355776424028654 0.305623139985183 -0.0117908143826396 0.15595700210849
-0.487342132664629 0.174087558184882 -0.0267800910364753 0.132504626391437
-0.519659988468373 -0.0471022712460648 -0.0359887673353673 0.0508176815816085
-0.42934750135154 -0.326962686540641 0.0799169484637046 0.0556095119533542
-0.377308025929776 -0.50715205982655 0.173697744999728 0.279209734180025
-0.238832617791398 -0.334349268728285 0.0652284460321846 0.549595834223545
-0.29862106671924 -0.277802050011402 0.155779418630551 0.35507937505824
-0.382273906683016 -0.123689808510575 0.0618204550518625 0.0762844508579436
-0.369817947178176 0.0425505124365776 -0.0744382872489979 0.0342033559078359
-0.320181143420345 0.156868125024157 -0.224810959383354 0.164188356647682
-0.232623990064913 0.257426858687067 -0.211192165003966 0.323081788717124
-0.123837860683658 0.2988357832629 -0.119374320637313 0.41393501782423
-0.0923028611740768 0.278783752843551 -0.0572847959794604 0.434939116398194
-0.0947096739117569 0.276772429396536 -0.0689442389864078 0.397928002678066
-0.189181905873842 0.261804036781169 -0.0868854642325832 0.307899189696139
-0.269061108085231 0.163920601338263 -0.101085109735158 0.200332592109103
-0.313142351165004 0.0530488053735254 -0.0647978631699577 0.124321939386143
-0.304428895126964 -0.0525871428591132 -0.00263441010995253 0.0607002058504972
-0.274748528808952 -0.204706948974552 0.153604921051501 0.103922677447965
-0.281981024937656 -0.331750559885603 0.253739013661806 0.417233682520154
-0.145220766255809 -0.0972329744365622 0.110764754069029 0.675055314550381
-0.136697956028001 -0.0410883878905613 0.216276303821681 0.432721841192964
-0.120975486208836 0.00614297286028112 0.10011829932915 0.144113457629379
-0.0870935354670527 0.0134773427216149 -0.0566763555433084 0.0701179017876446
-0.109317607200574 0.0283410751892563 -0.237770098469555 0.203681199242789
-0.102454617246949 0.0834513626350015 -0.228870151062148 0.392103855733147
-0.0720573023265588 0.109738682600903 -0.147474573914703 0.495547972289969
-0.0634507294032201 0.110582171222027 -0.0947216690396828 0.516052451325102
-0.0733477449355255 0.109146265655016 -0.125395366262447 0.468457375691154
-0.11231470672168 0.0926979143411582 -0.170121900336563 0.350798604068156
-0.135129150497919 0.0313221497097969 -0.191035452153161 0.19761566500007
-0.101725089385535 -0.0265392917091871 -0.101271525200395 0.0846556769672005
-0.0828275570956844 -0.0146977731250996 0.0215346846935842 0.0598823144660232
-0.121882312354571 -0.0424177422368842 0.191102949866588 0.136446751377377
-0.168209182621065 -0.113600721887657 0.2999457822819 0.488683400541863
0.00582907218952854 -0.131645360577185 -0.307819978554668 -0.47254352495883
-0.0247187228077202 -0.140564102375758 -0.260363070202319 -0.197731983203945
-0.112845445258621 -0.0672756242417243 -0.0596680714990908 -0.0488624435937363
-0.112935501881157 0.042955100164827 0.0731265042595357 -0.00622904776685324
-0.0432101186454873 0.077120843448936 0.23719435077446 -0.14185234339171
-0.00182696881885366 0.0710705779298836 0.222236606014602 -0.3306974040274
0.0279951154274779 0.0740774211333289 0.156832790127769 -0.448226292092616
0.0278951175725905 0.0738987448264306 0.107421229475036 -0.505755284220981
0.0264399702256564 0.0949021081341994 0.118354219182526 -0.495578248799492
-0.0211364400526213 0.113924554019078 0.167958870656658 -0.405493217102865
-0.066157570661678 0.101868529541005 0.189752680645457 -0.247973650621965
-0.156641696689194 0.0656056814204411 0.0549791266820943 -0.117031060457674
-0.154504426734619 -0.0699529795345707 -0.125999877374747 -0.179331984741345
-0.0229996693188748 -0.155960017867672 -0.214150837040557 -0.353048831560269
0.0288218932883694 -0.132434578454111 -0.136102655542051 -0.646617952525685
-0.0955757436768179 -0.318481074078872 -0.254363074303697 -0.445191502277896
-0.140139179514351 -0.306740945105346 -0.219171527181031 -0.218343714588346
-0.285332566542338 -0.16127179471757 -0.0686788751799384 -0.087908345315692
-0.312794181216507 0.0412034908419226 0.0566194726252508 -0.00688201419602535
-0.221700536328121 0.165218478677121 0.224893017860885 -0.110049465440794
-0.122139071522344 0.216611253538208 0.219427309032815 -0.281928236654636
-0.0286327017300245 0.24947740634673 0.167677046461805 -0.389813120127622
-0.0104748842110653 0.243435646000143 0.11266999450042 -0.431645638053439
-0.00427198367124279 0.271464762991502 0.106404937457435 -0.422586718462062
-0.110264909454898 0.293687092158868 0.146138226510077 -0.352881604427973
-0.214110630295328 0.237753619099945 0.171363969556535 -0.214364033076838
-0.369790998211738 0.150009837897404 0.0299708159176826 -0.0728775988665097
-0.395059389713549 -0.0909597116825092 -0.16534321632764 -0.144917434160629
-0.225356679655742 -0.319447836084793 -0.24635156449128 -0.295056747751489
-0.12697254663093 -0.368229772487981 -0.160234004881181 -0.530020026408803
-0.179783814347639 -0.476283759959419 -0.193844536226501 -0.33201947660772
-0.246294890288952 -0.458420438892578 -0.158373909397262 -0.186326791228326
-0.441979723264791 -0.254618425011009 -0.0569457696513556 -0.116526280008859
-0.501978509872003 0.0281850992781471 0.0349269743521694 -0.0230156285118127
-0.394371389963075 0.235804845896845 0.16980337758205 -0.0779258743505243
-0.242725460731359 0.339297518244868 0.170174316078812 -0.200391945203115
-0.0887838108812946 0.393832575138219 0.143424449581748 -0.272583738820181
-0.0450531439615992 0.376769935619012 0.101019086936421 -0.290916900330485
-0.0228986192891227 0.403702480148482 0.0844754648787835 -0.285273077031512
-0.163001172156864 0.436920103382924 0.113637381835702 -0.243385452853613
-0.311231323762417 0.360772872048894 0.139231768359122 -0.14531780845501
-0.518853238651065 0.248134060298955 0.0154659603001407 -0.0146874888206031
-0.583587494316644 -0.0635135343728604 -0.168705385902962 -0.0875593286065901
-0.410628828828872 -0.406235632517705 -0.222775491553478 -0.200759110487777
-0.281146021252455 -0.528817363863822 -0.127793908693733 -0.34273547768642
-0.245720048483407 -0.569975027805197 -0.127614941972084 -0.144309691669645
-0.343133434441895 -0.55359294875334 -0.0815505970730977 -0.0909376472838942
-0.570691195959519 -0.31026722253567 -0.0294220181669808 -0.116510806427466
-0.643531291933595 0.0307707520379181 0.00596128700808956 -0.039746011073125
-0.518241436435634 0.285165446109518 0.0738626264730335 -0.0357526330113264
-0.329850448344116 0.420620630207184 0.0806592015549467 -0.084704126150581
-0.134030168123471 0.48154531355143 0.0891381081818006 -0.109972396253945
-0.0718286906502482 0.45157723733586 0.0756492645488185 -0.106427205240798
-0.0381202908706164 0.472010096403688 0.0603466021894832 -0.105844892678369
-0.189165490719764 0.511115182403468 0.0817724505989761 -0.095963677599444
-0.356610457769616 0.425751853091132 0.101145211590505 -0.0470964953860677
-0.587014384951908 0.308778570078338 0.011074402273167 0.0490399048343273
-0.672988120937252 -0.0219232474579636 -0.135583237081869 -0.0268457375286254
-0.521946759265727 -0.419139914630639 -0.141047068993042 -0.0994219222592028
-0.387560729259463 -0.598929245777484 -0.0438330895313363 -0.126404027916172
-0.286989542692187 -0.577396511981367 -0.0568431203574664 0.0901929280552198
-0.400266310500685 -0.56018931661318 0.00371109875550792 0.0532047907553079
-0.622915278839952 -0.304515173874628 0.00335095183674016 -0.0782129606940695
-0.680656851724422 0.0447479411794576 -0.0292120837948804 -0.0380697822473043
-0.549113572401716 0.29980465789459 -0.0432807166136638 0.0252284451645935
-0.357719989846485 0.4413042094164 -0.0296718315950025 0.0568963388256803
-0.154296600210574 0.496774286749583 0.0186685717217296 0.0771163028038364
-0.0875586530900244 0.456354078471719 0.040472501221228 0.0919010842450162
-0.056075662765887 0.467040930736799 0.033144548528029 0.0840953227028377
-0.201579604209527 0.497853118669364 0.0467324950826592 0.0636013848165083
-0.362189858004392 0.40637513565195 0.0549707084094977 0.0607344830745685
-0.565661659606988 0.285309670768586 0.00376826486742792 0.103415035021434
-0.640463194354449 -0.00810957575917405 -0.0835621057375996 0.0214551107721868
-0.521252354343872 -0.380812184032922 -0.0298421495873443 -0.0122036051338082
-0.420208775830185 -0.574469047646192 0.0702981142152956 0.0848988684601266
-0.288812266405089 -0.488817160778439 0.0143803845500188 0.33084450595602
-0.390639355556942 -0.452928922629866 0.0875124234080463 0.210017279483094
-0.556141999449124 -0.226099234588441 0.0318387482042235 -0.00940613884400517
-0.578446046008724 0.0580129172350635 -0.0611095224855951 -0.0105598612431857
-0.469064273274539 0.259451047807299 -0.149022205260912 0.0977308391461983
-0.312419028908044 0.383679817132175 -0.130370264846446 0.201922609682619
-0.143558804624426 0.430357303234829 -0.0500576510188586 0.257611889679769
-0.090946580522391 0.393179616153169 0.000885188160354438 0.277398632535162
-0.074064520872813 0.396696025136084 -0.00353436935553291 0.256046078094727
-0.201772477031875 0.404793000904615 -0.00359871787842582 0.203767427498505
-0.331924687358583 0.307783622466546 -0.00959095777046113 0.149237760750384
-0.46552748927271 0.185670226595437 -0.0195547498360788 0.13171558979195
-0.499729985494798 -0.02568708942365 -0.0356733576626144 0.0494354929111175
-0.422861677147543 -0.302847732780826 0.0752659487180196 0.051414846909257
-0.377424545636032 -0.472355368479979 0.180098779459801 0.265255163523436
-0.242531839068395 -0.314708910444944 0.0795511232684009 0.529205039725531
-0.298744649582569 -0.258192483486481 0.160814157947517 0.338100769958033
-0.371487530749384 -0.102298901571812 0.0597527251286583 0.0701628391532694
-0.35289696660496 0.0544703259197613 -0.0718399911685625 0.0322109356680088
-0.301907593684014 0.164273076374805 -0.210934291602486 0.163568739993638
-0.214678377435832 0.258432689301631 -0.192892474994509 0.320826938256223
-0.10983617964238 0.294264712271804 -0.101314617455571 0.401833102731361
-0.0800729251486103 0.270850011208314 -0.0392665349664628 0.420600589312803
-0.0822938334131846 0.269913412868922 -0.0512311657735128 0.385842182539774
-0.173771940522293 0.259173749699336 -0.0745446520409988 0.300874471177411
-0.253620661420362 0.167679784627394 -0.0935216516582243 0.195772190171048
-0.300058191029816 0.0626175402867564 -0.0576870088305523 0.123552376713528
-0.292260220031474 -0.0393449928659722 -0.0027135773900871 0.0581069578513204
-0.269801571675944 -0.187374263875947 0.147587491217785 0.095202419082348
-0.280236691339541 -0.309428243541833 0.261440718008722 0.395165583664206
-0.145723776477633 -0.0892392231013208 0.128212943850713 0.646829421597264
-0.134713035212728 -0.0349631424138958 0.220517522555198 0.411574682421455
-0.115567786710742 0.01233254374815 0.0988658048144786 0.134747975276482
-0.0821895968038279 0.0168366413680908 -0.053468875332114 0.0675297253585686
-0.104115216094694 0.0309264292710516 -0.222813197829773 0.203837943847232
-0.094887125215794 0.085135375502667 -0.207575328510899 0.386508352500672
-0.0663558413830069 0.109330246941982 -0.125235877272362 0.48449117412302
-0.0580194750871022 0.107853216991872 -0.072417828271901 0.500691292926456
-0.0671739381809794 0.107781375301192 -0.103701960927544 0.45698015315617
-0.10443284780654 0.09311020400868 -0.152892157317027 0.34565392938777
-0.127616264992686 0.0355727647028588 -0.180074299436499 0.197094871857781
-0.0975814920549054 -0.0216594443299439 -0.0946160087666078 0.0861425012169071
-0.079344872647279 -0.0104005883267654 0.0220962025693767 0.0554944005310492
-0.11807587473479 -0.0354814978494674 0.184943461564764 0.125233553393103
-0.165352833238297 -0.103917118059303 0.306623164650776 0.462850126775655
0.00697568012875548 -0.129081388247058 -0.31000352541975 -0.467553040389511
-0.0240178501354594 -0.139425216605415 -0.257822391990082 -0.196227165842484
-0.111136527513807 -0.0671469852155864 -0.0582356546441154 -0.0469205630202875
-0.110803110603961 0.0435961786012242 0.0719236638732291 -0.0058352857698885
-0.0419006241332234 0.0769926264148304 0.231205095035089 -0.143373383488896
-0.00147678564770132 0.0686858283571856 0.214957410581248 -0.329165715951098
0.0289226741740336 0.0718085792465357 0.149767676931097 -0.44545791990039
0.0286717794083578 0.07281684745203 0.0979321470505793 -0.500661616785884
0.027294275431532 0.0934250591150833 0.109383199623014 -0.490945393286531
-0.0190562338506753 0.113901992789029 0.162027113103054 -0.403188700838582
-0.0652920302244524 0.101303837060454 0.186278198110278 -0.247669524330452
-0.154777094621935 0.0665130488179556 0.0534491614766906 -0.115277099940271
-0.152255952484295 -0.0671070572934281 -0.127037808727669 -0.173830116270787
-0.0240758222987331 -0.155471160788219 -0.210408833920491 -0.345351512406188
0.0279142539316809 -0.130208479947009 -0.139494255626943 -0.639641945123061
-0.0939171669130513 -0.312723358603596 -0.256733167157903 -0.439843891388987
-0.139262251054071 -0.302160096553146 -0.217132709047684 -0.216271397961153
-0.28066620639064 -0.156473231748532 -0.0678243346263969 -0.0846379197950093
-0.306286484203835 0.044286714001124 0.0552428196552219 -0.00718835050831344
-0.215578781749468 0.166272760488923 0.219922869745284 -0.112692904120666
-0.117971307536582 0.214202382819237 0.212205215061869 -0.281440458696732
-0.0255961636667146 0.246534875880061 0.160736996812851 -0.39004173512972
-0.00729894816123323 0.240743323936489 0.103777673185445 -0.428515486751034
-0.000480798160527212 0.267817963948593 0.0990099533198602 -0.419835204517128
-0.105129838294544 0.293323884954749 0.139759933817201 -0.35075180680979
-0.209602606204346 0.236864083255929 0.16620167426675 -0.21454515629722
-0.364755725505366 0.152484325157825 0.0297232534754452 -0.0705164185917428
-0.388591335454637 -0.0852915823281572 -0.16681440602496 -0.140115593112113
-0.225349888293077 -0.315945886921269 -0.242558615268753 -0.287530784766209
-0.126813064493297 -0.35978980851463 -0.16048268095339 -0.521843544661715
-0.179308784691178 -0.466001648252901 -0.196095585192757 -0.328274447087412
-0.245289283074713 -0.450351367543768 -0.156194996545822 -0.18476794523504
-0.435277204167429 -0.245609489549696 -0.0576628966775321 -0.113969779105616
-0.48990819377076 0.0339723247405592 0.0334703410051998 -0.0238175799669372
-0.383726315801764 0.237422454305188 0.16634633705396 -0.081775952055667
-0.234153704897862 0.336699646386836 0.165112399581943 -0.200946782435049
-0.0828964344488524 0.388725634106872 0.137735323870472 -0.274894441543199
-0.0401489337795862 0.371933734264337 0.0944405667402612 -0.288653891247949
-0.0184650821020548 0.398775103318335 0.0787994564904751 -0.283199901039289
-0.155387433810948 0.434849219956834 0.108838338491448 -0.242937527356302
-0.301459612355343 0.359352676628047 0.133344267280962 -0.146828046709445
-0.511254629960111 0.25250243709207 0.017357248085315 -0.0126769566818
-0.573763251711117 -0.0553402564447495 -0.170287727663979 -0.0834692384857736
-0.407677671432558 -0.398893551210752 -0.220760701764182 -0.19518556133216
-0.278851905347131 -0.516354323911521 -0.126159450119549 -0.336176216698299
-0.246222788093229 -0.559118094249323 -0.129164614005954 -0.143746681288568
-0.340593851189157 -0.54373089559727 -0.0802672280750223 -0.0914288922016551
-0.562272333503622 -0.297615737440145 -0.0308623113964874 -0.114587365004804
-0.631737691246383 0.0374827417663835 0.00517521987517365 -0.0414876164904118
-0.503855647954275 0.288831402331202 0.072720018793154 -0.0406027539613511
-0.319741019316995 0.419179782132443 0.0782759638979892 -0.0854786380593386
-0.12814429221509 0.476682198043662 0.0868594439365924 -0.113856691801678
-0.0662005477846927 0.445482125797472 0.0717677125013689 -0.106993038188273
-0.0327526459073234 0.464972504804293 0.057659183500442 -0.106816269707843
-0.180848072856986 0.508161871007681 0.0788641220072306 -0.0962236673741313
-0.348680150772105 0.425351371069353 0.0965606669842962 -0.0497713596561977
-0.577795898918534 0.312310447311686 0.0140999481484779 0.0510081603111595
-0.660972025540248 -0.014957654488308 -0.137155382772247 -0.0239996175294564
-0.517393997637231 -0.410420518697015 -0.140274649402862 -0.0954018517282546
-0.384433039073142 -0.583996290222872 -0.040428476573914 -0.124175702411918
-0.286744922496779 -0.567899201322928 -0.0566036520219934 0.0877684473535526
-0.399174034423393 -0.549598604421957 0.00450975548538489 0.0502900356283742
-0.614240441884646 -0.290748218939499 0.00196729861663478 -0.0780937048439548
-0.667481349982063 0.0509032277632089 -0.0298349549514787 -0.0399808728037536
-0.535724322992011 0.304129250756083 -0.0424289043515593 0.0204332692362069
-0.346002050260935 0.438580331233949 -0.029168759997479 0.0555800681837084
-0.145284518323053 0.492138128670808 0.0190256883569042 0.0714930762652599
-0.0817646094028803 0.450875828925914 0.040229232948769 0.0891934442329635
-0.0507038925937162 0.461623557649025 0.0335304044544738 0.0811496054420504
-0.194199318106367 0.49563963739907 0.0460060915178258 0.0622802123186753
-0.353799926250454 0.407801088958287 0.0514663180337975 0.0578687533751749
-0.555420155965494 0.290176016760299 0.0075996325602643 0.103610209655621
-0.627678098108556 -0.00157862455033528 -0.0857846809853854 0.0227975825328876
-0.516808434498296 -0.372342546177517 -0.0314066040122603 -0.0105070631178652
-0.415082303614912 -0.559873474002174 0.0735220056421734 0.0837413046565379
-0.289879960853543 -0.479059349486857 0.0165477833089585 0.324064202893756
-0.389320144918365 -0.443098787984423 0.0886376980491048 0.205039660791734
-0.548449983088791 -0.213636142486753 0.0293947125873026 -0.0106121187293757
-0.565960221919413 0.0641071109360886 -0.0615002098260806 -0.013078361067033
-0.458775653073796 0.261764354889983 -0.146293165094939 0.0939888198799983
-0.301831436693302 0.382442132639902 -0.126007930107027 0.200067697603181
-0.137206473553695 0.427955027856491 -0.0465760334177335 0.251228508867974
-0.086032053906429 0.388456360707938 0.00376536005485353 0.272121801143287
-0.0690116594230332 0.392297119336778 -0.000142642756960566 0.25155973424557
-0.194259516751744 0.402946902790861 -0.0019155431684012 0.201710139139728
-0.323467504460966 0.308243398719054 -0.0111752731635531 0.145985151618908
-0.456327347946843 0.189835325661396 -0.0159006243677293 0.131601590243253
-0.488656039680064 -0.0199990964073525 -0.0381477777873129 0.0495382565922527
-0.417431389816846 -0.295973403547715 0.0707287651645675 0.0507619762407842
-0.371929162275541 -0.460892978650837 0.182741663445799 0.260977698321698
-0.243830776663434 -0.308273810138182 0.0836328148791236 0.519962717569796
-0.29800784589832 -0.251142286602881 0.161859154970614 0.331633865656317
-0.365617736054863 -0.0942986486399891 0.0576042055694533 0.0678742696768556
-0.344722211083396 0.0586221100568565 -0.0715439829812413 0.0294979857994565
-0.294497736728083 0.16595998833079 -0.206808242670156 0.16126744722016
-0.206894441187766 0.258505935208466 -0.186412733631522 0.317499386569711
-0.105561491281256 0.292226409088101 -0.0945403482020972 0.395640049009609
-0.0770237765959245 0.267792959367317 -0.0333986384957074 0.41448515587657
-0.0778625373298421 0.267383413316727 -0.0456185150075571 0.380984132906119
-0.168744460380123 0.258544576150875 -0.0701423837988873 0.29896280161549
-0.247304488898533 0.170041900484944 -0.0927700967512535 0.193493483081369
-0.294323616535602 0.0666558569132335 -0.0537161736604466 0.1239549916072
-0.286704902471126 -0.0351076598577688 -0.00415919428856058 0.0567201574391283
-0.265549813494995 -0.182516053229934 0.142693737995102 0.092366710807225
-0.2774335713562 -0.299903407114507 0.265384136352037 0.388150291205576
-0.146921714880446 -0.0864075377157351 0.13504944079386 0.637378523080233
-0.134149845551246 -0.0330359578989552 0.221502105720699 0.405171583402783
-0.112873697560188 0.0164491949102677 0.0965665134753661 0.131255398382453
-0.0789540688233149 0.0180579898365658 -0.0526911227632184 0.064964600751902
-0.102451704436255 0.0324142003716542 -0.217651039307227 0.202948764020486
-0.0915178266912746 0.0869257881057643 -0.200717076046575 0.38398885268933
-0.0644552387201208 0.109829801063023 -0.11680428706831 0.478152081048779
-0.0567252319988485 0.106533973031714 -0.0645953292197109 0.494486484292324
-0.0651920865723166 0.106830626460187 -0.0947361621846943 0.451653659498217
-0.102297271413914 0.0932828789856777 -0.146155336876549 0.344350961546977
-0.124085620656516 0.0371913770133303 -0.177637991441973 0.197949379005726
-0.0952371875566337 -0.019514089846487 -0.091226450181343 0.0865365774401895
-0.0777776098791199 -0.00830061293464734 0.0219339056994748 0.0535055554021534
-0.116074106387742 -0.0323254224988387 0.179998936950712 0.121530066553435
-0.163916098073089 -0.100538088835854 0.309115155805606 0.455949304389898
-0.0457996778621769 -0.112303505394746 -0.495341698345951 -0.302220039159458
-0.0770232426206766 -0.112764140642882 -0.326138560617466 -0.0685951896732165
-0.129564850693247 -0.0162546725044221 -0.077024718451777 -0.0130028936907294
-0.0818013419303788 0.0837212575627155 0.0619650434821939 -0.0312530016419146
-0.00940241321695987 0.0866792283570602 0.146837124776297 -0.231953841070499
0.0238320201605717 0.0629753530134091 0.0480155999217259 -0.394974884066528
0.0572937241574165 0.0516193723495077 -0.0619049378075354 -0.474571430798222
0.0566000381882716 0.0584687572129665 -0.138870158863363 -0.49988702609853
0.0670614008362525 0.0738868706336158 -0.124739394918736 -0.497628894870768
0.0317446769980766 0.113129708078638 -0.0372967172052326 -0.440287452411211
-0.0190433338905669 0.122085523369188 0.0548286982376318 -0.309589989043197
-0.111831465084519 0.12751915348722 -0.0120619401315667 -0.13568425119711
-0.171553395721305 0.000343779914608376 -0.189427569489938 -0.106262292986304
-0.094009823043651 -0.139207292994592 -0.329867723634483 -0.226609250598867
-0.0367600389891993 -0.139426187173645 -0.395098898603173 -0.525392887187679
-0.212717683508019 -0.241633516338511 -0.441905562333509 -0.300527767881988
-0.24823676565785 -0.212164694315059 -0.303225217197233 -0.102911027076162
-0.318244303774804 -0.026349484942485 -0.109599768779623 -0.036678864032213
-0.254978413046606 0.166713747332901 0.0390510828903387 -0.0186712662879534
-0.12754396967699 0.240386764716593 0.150080829116595 -0.193139029641485
-0.0196257312494746 0.246066131942469 0.0682062527115307 -0.346056186576225
0.0817220815583085 0.23371487011672 -0.0264681344303252 -0.421826533880864
0.0933817476707838 0.231076705228316 -0.101674551791114 -0.435608472995309
0.1148653861658 0.247757705336312 -0.104593213947041 -0.426826412939217
0.0303336111533364 0.317300793022307 -0.0401383583724865 -0.381548258331873
-0.0936074402385992 0.312557711328096 0.0431052962950723 -0.276674523519037
-0.265276961949791 0.300385936080317 -0.025705208558531 -0.0949926795064509
-0.400293827934573 0.0857695114218869 -0.212857239906164 -0.0674451642925655
-0.352210252488578 -0.199622895827833 -0.327284699102454 -0.169794124266085
-0.288422513252641 -0.281775134261381 -0.349068830800536 -0.415897138219822
-0.352773565737426 -0.3494868716799 -0.346045277564763 -0.223708082370727
-0.405049063047945 -0.303477413247906 -0.238577245117132 -0.0987729168220672
-0.494024055887599 -0.042810588033776 -0.120288559075511 -0.061062592056149
-0.422497662535177 0.235136014639432 0.00415317627719428 -0.0182932917588746
-0.247872164818332 0.37517578433018 0.11470139601255 -0.133748532006439
-0.0712970026235341 0.408554962426984 0.0623588815834098 -0.246633370320455
0.0895857236123037 0.389515635280744 0.0039752839011574 -0.301580775590732
0.118311204960156 0.367569977556241 -0.0482903304885666 -0.303748600820317
0.154555288494195 0.376305802380602 -0.063746936335517 -0.292590795804373
0.0451482425698652 0.471080209676316 -0.023313640449054 -0.267053229944197
-0.128089731297593 0.469287720840505 0.0360451384249267 -0.203822177278338
-0.354679735356373 0.457516009380512 -0.0223393300512249 -0.0420944439950067
-0.560029710597216 0.194144867264315 -0.195066624221367 -0.0211604034616793
-0.558610697713913 -0.196300914481414 -0.264471980801841 -0.102967346698133
-0.502153736435759 -0.356156520003516 -0.226624031618284 -0.266342424417054
-0.451717493182566 -0.411372177447005 -0.209285219520008 -0.0817099873640622
-0.530973911555368 -0.350848182814547 -0.131077919332528 -0.0446673039892343
-0.631542983385039 -0.038815105858066 -0.100969596478841 -0.0687147233121814
-0.545052255661123 0.29664725276043 -0.0345523604092112 -0.0163680875954501
-0.332894096670843 0.474407889112206 0.0486092379232187 -0.0493400986917054
-0.111716656494946 0.520048138504576 0.0349410791317503 -0.0994897939101148
0.0860923465218425 0.488537938578396 0.0297398283313968 -0.128295799110801
0.125279157259515 0.447146050748019 0.0130969378671847 -0.127094940825062
0.168540958458656 0.444211159733979 -0.00391664452969678 -0.121565532055106
0.0544355645557035 0.550499166556498 0.0132773838519215 -0.119361267162803
-0.139859050652615 0.550962331029897 0.0410957338541718 -0.0998257262624743
-0.387284732768215 0.542844177450454 -0.00314468282870029 0.014637478539715
-0.623138907737026 0.271248147875257 -0.14178925824206 0.0152623107234237
-0.662620329183426 -0.155544022745473 -0.149636181212963 -0.0530336861432851
-0.631414457393745 -0.366349390797043 -0.049490793480518 -0.113180667283863
-0.491069157065027 -0.406182486240227 -0.0432760126973802 0.101887317401696
-0.587766029617718 -0.334600654557122 0.00947034152649584 0.0496083425975131
-0.676652394218034 -0.0117201504069961 -0.0559500351117356 -0.0470410278017059
-0.571986609466184 0.326002419561453 -0.0672774189180029 0.00151398457166407
-0.354660761697531 0.500017271145183 -0.0281267503867909 0.0589512893443362
-0.126705592708697 0.549729600989545 0.000887258955803356 0.0781454193896623
0.0776071223778387 0.511553588403668 0.0509770620156657 0.0726803019216928
0.113897325424142 0.456921740075736 0.072386561617937 0.0660518784183255
0.149878225560377 0.448593198793565 0.0599117272962186 0.060650545110615
0.0352498507871135 0.544431775098108 0.0548412159761653 0.0405572372075445
-0.152491043336368 0.536823386740615 0.0487447198715965 0.0178344882643819
-0.378064660172688 0.512933726615467 0.0167886691378206 0.0664312674275536
-0.584660150639565 0.27069461931806 -0.0752075884827621 0.0358274657831342
-0.643070871916177 -0.117204812122828 -0.0166585011665524 -0.0219709607886583
-0.647859110120768 -0.329911849380772 0.144086960780037 0.0268556034886644
-0.456548688924215 -0.326567447417378 0.130404223410063 0.289855895762101
-0.536255542457764 -0.245355947680241 0.157469107559136 0.155058442992275
-0.585596418535057 0.0329667178307341 0.00305484240144641 0.000311116957489155
-0.476255442424812 0.296596967840725 -0.0806120894840252 0.0367869705352329
-0.300112117277935 0.430550879836418 -0.0890391851257619 0.170020520480253
-0.106830364227595 0.479975672371727 -0.0226783348350066 0.251485875681106
0.0571582587154216 0.449118670057095 0.071132231594762 0.265413555474099
0.0833315727634121 0.399686093489019 0.123227941479323 0.248558924112819
0.102797562885528 0.393205846342479 0.107735944543345 0.230313128919118
-0.00438647459591188 0.46016934753473 0.076948738292593 0.187735561168908
-0.166013632202878 0.432011515057563 0.035070651251253 0.127474362293068
-0.330852720678578 0.376638105184174 0.0173183462571077 0.104679576205126
-0.464196892924321 0.194190699565919 -0.0180259297713259 0.0437495409863579
-0.516256077686445 -0.0903083478363676 0.0984485322649367 -0.00441063964190771
-0.559481488868656 -0.253493012428444 0.315583806539163 0.14391094611021
-0.344581616143542 -0.190742476953236 0.283813939761045 0.442055754555015
-0.373525752036196 -0.11158506628651 0.286194170526102 0.238081842552851
-0.369234850906113 0.0652570671727994 0.0707606189554706 0.0525691785609011
-0.281064056685025 0.19711861009146 -0.0639174302928087 0.0721999383174535
-0.191880402986822 0.275203394204305 -0.115194506449468 0.25217873496335
-0.0728853015529264 0.325528479932487 -0.0251700892503518 0.381987360342047
0.0285968150166133 0.313530635481163 0.0919163328913474 0.41442064864309
0.0407092261193302 0.281936224221574 0.155130863141424 0.394544413012652
0.0403617429656623 0.282081933804912 0.128208630861739 0.367836163662601
-0.042932670458333 0.314097336698712 0.062808890283732 0.305514085902943
-0.155769905496567 0.268302148194128 -0.0101144074436667 0.209624680129605
-0.237579834755588 0.193093192480808 -0.00767231715000209 0.119789525861759
-0.280997463531124 0.09271214326452 0.018061996163246 0.0416849183816096
-0.32424072465294 -0.0499442307304599 0.175573704322179 0.0111742261278223
-0.396977017331931 -0.147541892040482 0.436625068479872 0.231029404636231
-0.165318445116619 -0.0286818275110222 0.391126522268255 0.531443117454471
-0.135219557509829 0.0183630678872954 0.380376814212487 0.275580876545244
-0.0937538961021968 0.0606756285911037 0.142664774290033 0.0831831863592875
-0.0605539303060394 0.0491073114150755 -0.0228111214686186 0.0852470698056874
-0.0739896959600242 0.0721828299345323 -0.107426501511928 0.286480259173073
-0.0411162941357182 0.118476220743276 -0.00979386262907385 0.443663684360105
-0.0114019692020182 0.129284350544032 0.107908160693042 0.49540957433185
-0.00787499725702408 0.122085079359735 0.163873380514259 0.479435153365769
-0.0161459447503349 0.128461840137523 0.117333741163432 0.453584175504694
-0.053457947670375 0.1321520554302 0.0195634670127173 0.38017193418664
-0.0980704810144039 0.0904466076680775 -0.0763175741633859 0.255602039889434
-0.0947869441061809 0.0255722327706053 -0.0462554080426256 0.111550799163358
-0.0751714271556897 0.027969022482066 0.041611703267023 0.0350756161476026
-0.119163469652593 0.0242473900793401 0.215137333197857 0.0287720463248978
-0.197824463139032 -0.0137015626189836 0.492585509437666 0.27706250027085
-0.0492580554403169 -0.114369379272217 -0.52524176363261 -0.293847175306817
-0.0823808325660246 -0.115209326064835 -0.339055418686574 -0.0601589965480069
-0.13472285341545 -0.013271284759859 -0.078354852368879 -0.01164020638248
-0.0817825075873916 0.0886009699707764 0.0627078769793077 -0.0340198653009472
-0.00545341423276924 0.0898927446164867 0.140253646782538 -0.245964302965954
0.0260031384936251 0.0635777595480833 0.0333102142814817 -0.409306388906823
0.0604787425008655 0.0498918673124906 -0.0849712345930299 -0.487744384217006
0.0615080586770857 0.0575626530142009 -0.164792856524291 -0.508859740514922
0.0725908042473245 0.0739933927312739 -0.150096215258091 -0.507234033694967
0.0382194654058913 0.115737718249832 -0.0566713092098531 -0.452174318137089
-0.0162609958602073 0.126907781412154 0.0448431967558342 -0.322403786791754
-0.111216049547049 0.136187704228699 -0.0175097683620423 -0.138345447560772
-0.176137710017189 0.0055970431287249 -0.198008489901031 -0.0999214052102066
-0.102713279099279 -0.140812946288284 -0.344677096599689 -0.223570081209458
-0.0422568634218799 -0.140492764307944 -0.425012201072864 -0.527579400003536
-0.226323851520012 -0.24019333491935 -0.470246583152281 -0.294237822267983
-0.261774478018596 -0.210623603904898 -0.316319955032537 -0.0974774739242145
-0.326906312582029 -0.0158789956913859 -0.112317436162899 -0.0338197964904901
-0.255400391297976 0.179964371077269 0.0389111146808976 -0.0202153114512594
-0.119768734341167 0.252628843520654 0.144185704283967 -0.207020372969403
-0.0106263482187898 0.254285858738263 0.0558876713256075 -0.359537932668358
0.0930066816406683 0.237463732110541 -0.0472678662792307 -0.436231005573069
0.10611679425628 0.234982289873951 -0.123286426698718 -0.444207243064363
0.129093251833732 0.251175255903692 -0.127166684762566 -0.435123359169643
0.0455663972161534 0.327091013710152 -0.0565585134286325 -0.391751859858265
-0.0846927435941194 0.326886092810358 0.0319207832140948 -0.287129444997196
-0.260623481657596 0.320689719449923 -0.0294194302066054 -0.0951022593729008
-0.407766457798433 0.101381831265227 -0.222071730128608 -0.05836358318674
-0.371544103337371 -0.19351517695461 -0.340376379531258 -0.163682573802719
-0.303924652470728 -0.277048186668808 -0.372912889409209 -0.416274701816521
-0.376232873245572 -0.346514055127245 -0.368338389349187 -0.219176886817219
-0.425454876556545 -0.298493668664655 -0.250366579540386 -0.095372193270199
-0.505795044643369 -0.0252089293045116 -0.124874699569459 -0.0594167256949511
-0.423656810159137 0.255775909861336 0.00266932863350634 -0.0195753187322718
-0.237952171273185 0.394538372458741 0.110013934982238 -0.146581351278706
-0.0580097903495137 0.423416910935664 0.0530792541998071 -0.25695782342689
0.108055167915886 0.39703318436006 -0.0109307765532386 -0.313827691056199
0.1363424325135 0.374380268808835 -0.0631906548283477 -0.310984113197255
0.173855747182171 0.381261582205593 -0.0794962261442691 -0.298457710283522
0.0658729596391734 0.484722370632462 -0.0358898254653677 -0.275119741592587
-0.112964405637391 0.489537600154506 0.0257171197594861 -0.211778593787262
-0.347401483036936 0.488001868674319 -0.0221488185082489 -0.0419826652833436
-0.567840416875145 0.218557359744694 -0.203122883828866 -0.0103956795273507
-0.582802635174062 -0.181404030215137 -0.274267773082899 -0.0966495434557335
-0.525960295028328 -0.346092257801211 -0.241142057080957 -0.269073649183164
-0.47896778628487 -0.404623285628497 -0.221371353662752 -0.078521054146121
-0.558710002554753 -0.341407093391102 -0.137556495984944 -0.0440032744281861
-0.645127122906081 -0.0158544466196545 -0.105341764137708 -0.0677955388505334
-0.546986169983093 0.32397187219189 -0.0378535979029078 -0.0170493422084625
-0.320712178933421 0.498274671148905 0.0451179626680515 -0.0574886279670902
-0.0931765366063567 0.540046201582468 0.0301952269063611 -0.105014869282251
0.10948824187056 0.500761952952608 0.021887547500861 -0.136467235745356
0.146825914853531 0.455512042153102 0.00681872018765858 -0.131960924298367
0.190974531038171 0.450101737013721 -0.0104972745560893 -0.124992603587671
0.0793831273102728 0.565610571593561 0.00798346687347366 -0.123916540381648
-0.123278827553336 0.573479636028076 0.0348064470341763 -0.103475987304056
-0.376476075644287 0.575633626660725 0.000691585898497276 0.0154007598794919
-0.628278642141365 0.301089022038184 -0.147847024992165 0.0255601958320601
-0.68923552137803 -0.138635850523669 -0.15600391681727 -0.0476879729840393
-0.658969721109115 -0.352123250257918 -0.0519109354716164 -0.117317272717394
-0.5207080941113 -0.398203477705818 -0.0437080383753173 0.103620531599877
-0.616966224689863 -0.321910031779746 0.0100481149336963 0.0484815744082159
-0.692188574386113 0.0159950939112091 -0.0593109188068592 -0.0470204587837003
-0.574102871780006 0.355205754741431 -0.0708727042341354 0.00207165132791196
-0.342776759226589 0.527834058491844 -0.0299239635969658 0.0572729658792777
-0.105776317253956 0.572679191397597 0.00166027031008206 0.0796411623952392
0.0991394892047578 0.524733455727477 0.0515634831350943 0.0695822101059685
0.133963907580154 0.46719456335536 0.0767316216058244 0.0642763709618007
0.171448382446536 0.45611039231251 0.0627816367327617 0.0595148132829839
0.0601824592561453 0.559735810380792 0.0578328317281936 0.0385685909118663
-0.137100478879009 0.557956292565309 0.0463023009501984 0.0184942202851015
-0.367206544203427 0.545897121036367 0.0229887344629015 0.0672627123900372
-0.589483889034637 0.299007056047018 -0.0784795171376817 0.044243092112787
-0.666504096594331 -0.0995684368336291 -0.0189361038123534 -0.0201650725281698
-0.675367460766223 -0.31302123502266 0.153509391530088 0.020071504186274
-0.483747479210073 -0.31733322705271 0.142048263113357 0.290420302554841
-0.561125135670975 -0.233045122727526 0.166818810628719 0.151682593541825
-0.59625733672472 0.0572214859169941 0.00294864496033039 -7.95097219107483E-05
-0.476343238096563 0.321822437542695 -0.0840364693333989 0.0391609582063674
-0.289849819623488 0.455460674455732 -0.0879352026081593 0.175135815024477
-0.0901841008998348 0.499426867732116 -0.0152760686651435 0.259861692108313
0.0780206357702743 0.461771027577026 0.0810631218189508 0.26805092155522
0.0998371502826995 0.410147842743498 0.136125407230419 0.250336237640577
0.120599982380713 0.40081848449164 0.120059785483067 0.232332543663357
0.0151255510939789 0.47506490600321 0.0871291524435152 0.189772253640067
-0.152800375075018 0.451297012838395 0.037914937831327 0.131585279263364
-0.324130676118092 0.404016960668732 0.0242069144738079 0.105380455505727
-0.468040644533706 0.216036219230723 -0.0196834441764855 0.0483113863803511
-0.533316219128069 -0.0757929530421913 0.0990181614098079 -0.00606512911230878
-0.582558504466096 -0.239529727201699 0.334458516640315 0.134188248918115
-0.363964261342438 -0.182146624980783 0.307240552959183 0.442564052090979
-0.390508235650338 -0.100821715964822 0.303409881918247 0.232736011238072
-0.375132717773648 0.0839651140163819 0.0738883037279934 0.0519066648087382
-0.279778815196181 0.213478203573472 -0.0650161463063188 0.0751295114818309
-0.185955498731102 0.290693427705941 -0.110341502797489 0.262088050050968
-0.0606213455386972 0.338011382137943 -0.0120849705454078 0.394469605173673
0.0430557747158873 0.323055016138585 0.109752605035136 0.421984725532747
0.0519918530068448 0.290507960375427 0.176156001389099 0.397413102481063
0.0520510803609692 0.288097509218636 0.146811797916524 0.372716787658129
-0.0306934320668279 0.326509893500183 0.0782448558380465 0.312400817548568
-0.147860789707282 0.282666867110362 -0.00449464521669588 0.219054017204707
-0.235216324732305 0.208713268221346 -0.00187391298718868 0.12213699138273
-0.283568018829612 0.10717400347326 0.0178641462207249 0.0431418510275466
-0.334458238262927 -0.0398990983059507 0.178263612880431 0.00707429793003534
-0.412297542997046 -0.136544553903403 0.461804732695778 0.218970131152089
-0.172413687229601 -0.0218038705175294 0.422267898358865 0.529335004350041
-0.140012633900378 0.0249551079050141 0.401349582720834 0.268744871080977
-0.0916666425641526 0.0675737729670022 0.14864116410322 0.081419193834316
-0.0590001371089381 0.0524125390896279 -0.0218637756228064 0.0875400184074895
-0.0740389044960738 0.0779277937999853 -0.0994780817853633 0.298054622365388
-0.0366246295248848 0.123360779399971 0.00747018790037135 0.458036132071612
-0.00599633680355428 0.134862639375674 0.131378645234097 0.504693809425791
-0.00478344130239852 0.127324142666697 0.18983711236199 0.48585799269888
-0.0122435030745613 0.132967368692608 0.14080177114461 0.461508704473189
-0.0488069262464868 0.138515924412939 0.0376549452731951 0.390557409245168
-0.0953133457256637 0.09672211600696 -0.0690191059841319 0.268240533154959
-0.0950407402011893 0.0301880821804406 -0.0419666064148174 0.115326719791767
-0.0749762700659606 0.0335408038901162 0.0426653017093086 0.0334500616070047
-0.121483499983818 0.0297981392228553 0.219566870131236 0.024444076972418
-0.204838286297075 -0.00589368505481137 0.521599449684892 0.265841261468158
-0.0555918945960645 -0.113092670999324 -0.554267173166071 -0.263106903688141
-0.0899011733038751 -0.113828242668074 -0.348976975401311 -0.0402168225756929
-0.138930122745183 -0.0055409014518909 -0.0789010533477852 -0.00804681397259348
-0.0775838110639592 0.0950171776842359 0.0617363487688205 -0.0389180819174909
0.00123189162052282 0.0918337144075095 0.124147087055457 -0.259799412029872
0.0298309424843948 0.0633921219970592 0.00505732738135803 -0.419562763733184
0.0640921356979263 0.0458114115414383 -0.119034775297505 -0.49134042250485
0.0673479034561431 0.0535434078628547 -0.202385300119496 -0.504448653532896
0.0796995663027518 0.0704429662281398 -0.186454007564577 -0.504866994758089
0.0475440011543248 0.115646866686142 -0.0882889417854887 -0.456238779600749
-0.00855661950625249 0.131155637360178 0.0241343990744727 -0.331687219357619
-0.104377799088731 0.146686880895175 -0.026374770805401 -0.137537933405168
-0.177840482437713 0.0152849996866591 -0.205971407560356 -0.0863133880195572
-0.114074863630083 -0.136516459341342 -0.360411123475039 -0.207632560252374
-0.0497204451032041 -0.138725690204234 -0.467037750260889 -0.509258724852431
-0.243808019079002 -0.228797026831218 -0.501053830821066 -0.269574804724007
-0.277768709463834 -0.198849740082583 -0.328462867940634 -0.0805591651152924
-0.331681774839064 0.00453768575297545 -0.115159164376331 -0.0292717756345571
-0.24647843005736 0.198498369779743 0.0376005195410784 -0.0235550715057121
-0.102666219814679 0.264151213401153 0.12923993710901 -0.221474402324635
0.0053606701032175 0.259226325681173 0.0307497917008169 -0.369765322329186
0.109866942257656 0.23428068480221 -0.0801202975978735 -0.442041686220196
0.124107243504682 0.230537050132148 -0.156859519019343 -0.441966986391676
0.147668563092991 0.245188522180103 -0.160649301635046 -0.432118400394526
0.0700132981295452 0.330145708479748 -0.0843458744141633 -0.3951742359234
-0.0648609152155101 0.339204901220194 0.0114304423578412 -0.294629094713286
-0.244084926859524 0.345291345770173 -0.0339342885618268 -0.0939088599289706
-0.40655898240207 0.128430595159001 -0.229126611612957 -0.0407012342443097
-0.390403701595569 -0.173889757076858 -0.353764992969109 -0.147073182247726
-0.324196748765863 -0.260610189703707 -0.404252693508806 -0.4003193302945
-0.401668153158342 -0.325816692982559 -0.39239965689273 -0.20035551617182
-0.450340384136499 -0.276130285856583 -0.261045072940318 -0.0830621022827587
-0.512381853679704 0.00712912246716228 -0.128992528520558 -0.0539837329811877
-0.410476618796733 0.285261082600182 6.11056279646309E-05 -0.0202388943860268
-0.211234626712511 0.416510873189637 0.0977996863908839 -0.158825455061194
-0.0296146753212804 0.433582039910707 0.0342824574565746 -0.265718620576157
0.136159354440457 0.396473446198562 -0.0372678363996551 -0.320597717934192
0.164033162459168 0.371339771270147 -0.0865184139897691 -0.310666448439375
0.202326044485207 0.375713666091819 -0.102490765501604 -0.297494442064257
0.103366267983407 0.489124425914386 -0.0556723828442856 -0.278599727428954
-0.0827724664762108 0.50700437327343 0.00943336420508859 -0.216393976815696
-0.31838583500365 0.519145671276716 -0.0227666022916986 -0.0406156407724445
-0.56109338294793 0.256035412734786 -0.207904303499363 0.0079063645672149
-0.604845936140689 -0.149163894927825 -0.284141499049748 -0.0815456381080496
-0.552433603571866 -0.315669222162719 -0.260580695326585 -0.259323789219909
-0.511009062641992 -0.378333225160822 -0.234251378073617 -0.0675141834083371
-0.587028701397118 -0.313568647464347 -0.143825092622959 -0.0379531272456338
-0.651278171054224 0.0258198145487521 -0.110639096841302 -0.063902849508286
-0.531077469138428 0.363005956774273 -0.0406472266073483 -0.0159375821851704
-0.29069398304201 0.526442269908279 0.0374532269479642 -0.0656681503228142
-0.0587883368517166 0.555312489798465 0.0207704321630846 -0.108808884214142
0.143808217328024 0.502421664749693 0.00791024094639701 -0.142772205944591
0.179469342055077 0.454584687087875 -0.0022787083951313 -0.134581848402979
0.223242728896385 0.443856890361093 -0.0203326662274024 -0.125788387617158
0.119704632913304 0.571180662086397 -0.000415875393266502 -0.12738387217749
-0.0854795850682537 0.593582881525909 0.0247547405195499 -0.105909272677185
-0.344276979692996 0.613594223795583 0.00468829800094114 0.0148955728268183
-0.616612198269782 0.344238111350772 -0.149441083835865 0.0414002219134063
-0.70879666138624 -0.0967414197009341 -0.161630841511151 -0.0381886819358522
-0.684769318240107 -0.31364152724159 -0.05784516443614 -0.119635669988184
-0.554870965421574 -0.368852398123706 -0.0414413712498039 0.105072362379596
-0.645256552015828 -0.289878643662479 0.0121914214025559 0.0463867184668647
-0.696762998926311 0.0614226666753768 -0.0624076817687137 -0.0453945993036525
-0.556531487736639 0.396618587406056 -0.0737601758394288 0.0051846833813602
-0.309084282328921 0.558528888003697 -0.0299477665421557 0.056150985710708
-0.0691259946091654 0.588314443359296 0.00413343256259389 0.0803128319444818
0.137218103701377 0.527817036560775 0.0527342939697592 0.0652323764318845
0.166273774607523 0.467773861340021 0.0819624655356716 0.0597804651951482
0.202597854539834 0.450854659086858 0.0671370953331428 0.0564363409072699
0.101563987608018 0.565746355775068 0.0607682985631686 0.0344441398093375
-0.0999956637361094 0.577798304151449 0.0450722394375933 0.0181998115453596
-0.334542923680331 0.579410892801082 0.0303620875637539 0.0656566475709617
-0.57843509767005 0.340045157866359 -0.0786028749363871 0.0551119045224403
-0.684362930417973 -0.0596145962257379 -0.0221409952129475 -0.0179275565602327
-0.699360049241048 -0.272582547447787 0.160273088659044 0.00632352280093484
-0.512533106132433 -0.288306671406221 0.159372664845883 0.28233156580634
-0.586181435819628 -0.199653973996126 0.17808816450538 0.141882257027748
-0.598631654393195 0.0984474617375183 0.00335088411572871 -0.00125034268576854
-0.459895394224381 0.356203368072184 -0.084637171287983 0.044180996579764
-0.262761058181547 0.482433663485222 -0.0804730545811665 0.180610364515525
-0.0567718018929971 0.51387793180728 -0.00054971680232992 0.265065389709516
0.110326816769247 0.465463284287862 0.0972929216537192 0.265230174731585
0.127699219854829 0.412938515850682 0.155281966836821 0.243960359146135
0.148302126281644 0.397507724131094 0.136972974320687 0.22739229661897
0.0496088146501741 0.482803680939783 0.100799778127494 0.18687080664449
-0.124506007446539 0.469987041392906 0.0446356189235314 0.134260319088429
-0.300398427021245 0.432836105436133 0.0336202362336989 0.104670370189169
-0.458159216757455 0.24889302311956 -0.0192497960463711 0.0541911525409602
-0.545921898123515 -0.0422360731022351 0.0977476972610487 -0.0103914527193619
-0.602681074557993 -0.203728180743581 0.352190524241665 0.110357660591391
-0.381895957972596 -0.159272202877408 0.339003082860473 0.425267755026123
-0.404364145311679 -0.0759267024305322 0.321567916321986 0.21563568851246
-0.371300460791543 0.11110314398084 0.0783413718259216 0.0483116839572456
-0.268328247843683 0.234253639570773 -0.0630824726479808 0.0797703966902177
-0.169243785096858 0.308000031132865 -0.095987528827092 0.271733411678062
-0.0376517913911808 0.346948167362824 0.0126571003620683 0.402842559396873
0.0666717758873984 0.326828002847049 0.138413430049513 0.419912098268531
0.0713079648409877 0.293826806333626 0.205337577786899 0.391496898267966
0.0712344014358414 0.289002573759882 0.174034592334698 0.368087253933069
-0.0068199411987183 0.334168791227123 0.100373744422448 0.311386781382925
-0.129885409806413 0.296835053962144 0.00936091215809422 0.225154196418767
-0.2232594622354 0.228052762879443 0.00780227340971332 0.123037735147776
-0.279359279901186 0.127306968837892 0.0188422449873934 0.0441087254309605
-0.341751773233321 -0.0198075680997918 0.178611586087652 -0.00169925174455127
-0.425213396842934 -0.111159647099371 0.486520819081852 0.189572293027958
-0.177847923499732 -0.00947397170586635 0.461337307605567 0.507945732802315
-0.142029008536747 0.0356118932853959 0.424853818087264 0.246115657220121
-0.0861404453461425 0.0753516737423858 0.156207932892024 0.0741478218021006
-0.0552892713502055 0.0567121134245511 -0.0180510373085777 0.0888741985698729
-0.0706350208975429 0.0844251797866679 -0.0808329047581018 0.30921699749095
-0.0278487312974882 0.127558702354411 0.0383933682712561 0.464928014862714
0.00424863477526305 0.137588753040923 0.167577527667304 0.504341026354124
0.0030380423343701 0.131353980084493 0.225868925430558 0.478668598821877
-0.00503354081418934 0.135883827899751 0.175955069719354 0.457839749285971
-0.0397015748779463 0.144144427458519 0.0659896857817844 0.394150804359896
-0.0888465377834115 0.104269384610375 -0.0511717669691155 0.279295157944853
-0.0929937072991601 0.0368838207123497 -0.0339688446927901 0.117973599445926
-0.0727215138207225 0.04085101272695 0.0434658655822397 0.0307322264932878
-0.120995601468687 0.0381560872873895 0.222367320457666 0.0133755109661
-0.208913050232238 0.00804425912940324 0.550336790583496 0.23386383151764
-0.0605844034537407 -0.10804348568551 -0.568533446326263 -0.220501723180712
-0.0955371387973929 -0.108193562875462 -0.346826770220853 -0.0161056867297367
-0.138362345225702 0.00419807758213443 -0.077634043230418 -0.00406014689139417
-0.0706954536508878 0.0992131176970332 0.0580797042170301 -0.0421350602442945
0.00905884635334395 0.090084509548843 0.100777145026642 -0.265402421092897
0.0338829993488793 0.0607697972627099 -0.0265019417890016 -0.413861285633406
0.0656984277500583 0.0400828948392696 -0.155421131075484 -0.476831479001303
0.0709643512675425 0.0464257248993118 -0.236692271657298 -0.482926854188126
0.0849545446065769 0.0629459158018916 -0.222452746927213 -0.483167848426145
0.0561592962950676 0.110818142190059 -0.118959250827164 -0.443404843653101
0.000106829526169812 0.131061406906497 0.000543340547650706 -0.32956764294122
-0.0928402732622476 0.152622541464406 -0.0344953163853564 -0.132119035339195
-0.174334283486824 0.0258115101980847 -0.207107634878806 -0.0692947561934515
-0.122430976954953 -0.126827963261924 -0.36744480628251 -0.18323329459819
-0.05670711102463 -0.132342303134383 -0.493430223871951 -0.468502922652563
-0.253395014203875 -0.207414686256488 -0.516307397353207 -0.227724423590212
-0.285911921382146 -0.178569213670514 -0.330276006751207 -0.0581998383750571
-0.324280861713069 0.0273663407075277 -0.11453190267843 -0.0226689675856387
-0.228581168238328 0.211890884067459 0.0350050853471638 -0.025471085656536
-0.0804613400934596 0.266213786559066 0.107375212418927 -0.228095026801615
0.0243053269802418 0.255785197283854 0.00208893602820254 -0.367076796420618
0.124967894599646 0.222988611986628 -0.114834268435301 -0.430848981752428
0.139402763069511 0.218390098361752 -0.186978913338107 -0.423337860558039
0.164703683793678 0.231047780521242 -0.190172831385998 -0.414048038762436
0.0954066558846161 0.320503290840528 -0.112574706471926 -0.384732795247618
-0.0404186360637082 0.34060770428145 -0.0110740625234249 -0.291517964397239
-0.216094853676277 0.358814792427275 -0.038482515010588 -0.0897056308795318
-0.391430434980091 0.151435471953267 -0.227260362101414 -0.020653977361706
-0.39757360351964 -0.145046034793256 -0.357212489674916 -0.123020901811943
-0.33316289209631 -0.232902306521762 -0.425514028969794 -0.368491258385449
-0.417001302725585 -0.290018116638405 -0.404161076216488 -0.170488761413275
-0.459714443216278 -0.243418133765062 -0.264412865922514 -0.0664347254526976
-0.498258545170465 0.0422810674768253 -0.129818190993955 -0.0470015345361377
-0.383456436536015 0.309052781170748 -0.0021332032332266 -0.0207348761520064
-0.17691111482576 0.422740028253277 0.0799324415493861 -0.165844744258481
0.00197439182812446 0.430103009359876 0.0124706371474337 -0.264223861105429
0.162901605938881 0.381280461765782 -0.0641807124071437 -0.314091000458695
0.189275476596334 0.355115752129254 -0.108015154481368 -0.299854282552783
0.225420773971909 0.354729970323996 -0.123297823786669 -0.284967178868616
0.139623216161779 0.475483505392554 -0.075816006833872 -0.271304899160991
-0.0439982791192889 0.506332393808829 -0.00871466804823205 -0.212805686176959
-0.276931957096228 0.53647878263369 -0.0225059679518793 -0.0388971662716081
-0.534066367708356 0.289800172385384 -0.203065044836381 0.0273726436229614
-0.605861069587031 -0.106167174571743 -0.285237808173933 -0.0626876683447512
-0.559702031439792 -0.272735597102974 -0.272420868508896 -0.241412395211937
-0.527754505652237 -0.335250642041408 -0.239401862363825 -0.0521914254796992
-0.599159125501821 -0.268859022133262 -0.145554907342813 -0.0295166867611098
-0.633669510755016 0.0700745762793516 -0.111862846174412 -0.0578561200264361
-0.494776109961802 0.39084446669959 -0.0424619273771041 -0.0144667119996359
-0.24535020186052 0.538817612163668 0.0274668016239187 -0.069977084890885
-0.0167407876207883 0.552664848843305 0.00982601869655822 -0.108344912384078
0.179030670166534 0.483980088836236 -0.00745904387643419 -0.1418631134824
0.209338320514176 0.436524621599136 -0.0123934614769867 -0.13306295982866
0.25004592325415 0.421144381426076 -0.0294445966989447 -0.12153447742455
0.162061546322396 0.555213261337064 -0.011072796338304 -0.126497970375422
-0.0432106302552066 0.592098234897176 0.0145968282071982 -0.10408431572076
-0.293514012459835 0.630415340305017 0.00810334244017541 0.0129008530926666
-0.583120981908634 0.380084079598062 -0.143799378043867 0.0567246084591005
-0.705327466476384 -0.0497661166565496 -0.162668905748101 -0.0253346741076607
-0.691165320082181 -0.259624280691203 -0.0633354001646027 -0.117852049936774
-0.569893272544601 -0.321487287457423 -0.0378211000848586 0.104017812419771
-0.654795700857098 -0.240763101796774 0.0135412611025843 0.0429662278250786
-0.675669982360585 0.108182694742981 -0.0637579692962088 -0.0426359902691917
-0.518371040467631 0.427768526415371 -0.0735459642238842 0.0086604878470222
-0.265206111560142 0.570198631830181 -0.0302382267550208 0.0540989081098323
-0.0240645903110638 0.5848213742067 0.00750351264804096 0.0801024768140043
0.173839750144503 0.511066510602402 0.0523282370066577 0.0598274499406451
0.197480910940291 0.450658768102562 0.0851064007515835 0.0520788018002044
0.23096693367575 0.428945094229804 0.0695199055839284 0.0510081724222507
0.143851144271774 0.550968331063228 0.0609817550603048 0.0288609220182022
-0.0576490192745039 0.578514978505816 0.0437506046388539 0.0166977214754776
-0.285615171431761 0.5972915580027 0.0367208730097583 0.0605357337748816
-0.545743818107633 0.373425040999185 -0.0732526397501568 0.0649916367002436
-0.676884230025478 -0.0133760467478934 -0.0249051825472007 -0.0142934114883805
-0.70389331644093 -0.219067965570241 0.160583157403794 -0.00922552947025244
-0.523398446698459 -0.246465292934048 0.172069036689549 0.26322759103731
-0.590844697095069 -0.157018625021128 0.183870830519999 0.125954844266908
-0.577789090533964 0.139029612835373 0.00390073991326842 -0.00282727364790644
-0.426092930136181 0.382740653504968 -0.0822504593235332 0.0469485678136609
-0.223109916331675 0.491849529991123 -0.0693481138502173 0.180072643542
-0.0182411763368755 0.511960277782305 0.0170783444548695 0.262988467747546
0.145159397064831 0.45148646380891 0.111928331407468 0.253442809468595
0.155377859767659 0.399285787311725 0.170006419115631 0.227593833340302
0.172287658368967 0.381040941223798 0.150483155104563 0.214103936315709
0.0857912033635422 0.471910572452554 0.112600240164985 0.176151425541448
-0.0875867353259356 0.471211392504831 0.0521262081853038 0.131374066567258
-0.262594702705435 0.449495098271858 0.0421943207800403 0.097978722625841
-0.432689534166839 0.277037733527064 -0.01589596011644 0.058810136405402
-0.540201182371793 -0.00666026550568711 0.0928181964708778 -0.0137788600040781
-0.602308379783186 -0.156698628906821 0.356337900460347 0.0799385722918669
-0.387166985804319 -0.128288171522594 0.358949903902144 0.391916328353691
-0.404409447277675 -0.0467371086671931 0.330191973688389 0.189691202816342
-0.354422210702372 0.135333313687681 0.0808755638122136 0.0417969457122917
-0.245759129416667 0.249235281295097 -0.0584526362354922 0.0811941064570125
-0.144647493527101 0.316474268833977 -0.0760094076972978 0.272409582269399
-0.0116000812688756 0.345543757084876 0.0411317101015007 0.396181558294253
0.0909628493494667 0.317519403954134 0.165522837821956 0.404966181388492
0.0913580030421893 0.286918525883622 0.230988022230309 0.369454688028566
0.0886151472331314 0.280168109823986 0.198340788721873 0.349018064493735
0.0186055465436313 0.329160417896084 0.121879683097895 0.299523044048106
-0.105948172577224 0.301789844229738 0.0245811039802202 0.223703945481663
-0.201842085269265 0.241268360900946 0.0171354765158056 0.118729532584825
-0.263777758402423 0.145942530569942 0.0195794144400428 0.0446560647458348
-0.337510747571516 0.00402378312281653 0.173760902207969 -0.010926598444414
-0.424348385175062 -0.0783985142832955 0.495226418090956 0.148824679737622
-0.176441153019052 0.00468516392925127 0.486573864704554 0.464096513744233
-0.138554102298868 0.0465783827483802 0.43404448116951 0.213145468383232
-0.07781433798563 0.0800175849879942 0.158935590319153 0.0631922797405224
-0.0489974814948006 0.0589156689937469 -0.012874708000554 0.0876146191774888
-0.0639747618808414 0.0891324730507553 -0.0570370682041116 0.30806667247841
-0.0178581629378549 0.127914913814152 0.0711038512708214 0.456409830715294
0.0151304512269437 0.135870249184415 0.200988851687589 0.483637086929152
0.0119039068126124 0.131427012092709 0.257609163120492 0.452843050993901
0.00380725003652931 0.134870879282719 0.206899313805417 0.437025655157982
-0.0284583337328346 0.144336576557988 0.0949567988788463 0.384428385041951
-0.0789528565676367 0.108012599343623 -0.0292433216051681 0.280677618799288
-0.0877007269656558 0.0432348720945739 -0.0252864843424853 0.116869485881275
-0.0665630567116478 0.0474846156438003 0.0430635603009974 0.0272585174562475
-0.115919630763009 0.0467134254169565 0.217856002938991 0.000923508164490121
-0.205714794273962 0.0237712644226574 0.561104302961028 0.190165677508716
-0.0615067289395176 -0.101479041476347 -0.559885593571599 -0.182302866314417
-0.0964969056752597 -0.102227922257378 -0.335763485204077 -0.000105061357357948
-0.133711770736012 0.0104278668946688 -0.0752193594120452 -0.00244313450789936
-0.0642189180251242 0.0995651855699899 0.0542742549603612 -0.0434623310928733
0.0143095942149486 0.0854800335733274 0.0807549619504543 -0.260433338182874
0.0356190940091113 0.0571414528746289 -0.0486971949797993 -0.399167519412564
0.0644683969376374 0.0350827662839078 -0.17683231220984 -0.451672492194227
0.0704826046103798 0.0397918482947693 -0.254281229422684 -0.452088987972374
0.0862393694808039 0.0555043413978904 -0.238397904456112 -0.45290668868722
0.0609949201621696 0.104572385387828 -0.137848887770333 -0.422194609817083
0.0066909815597575 0.128031279103852 -0.0163532995317179 -0.318350263150416
-0.0827295715755581 0.152511210669403 -0.0384149658929828 -0.124675218681382
-0.167686640745056 0.0311455528388733 -0.200418404448443 -0.0554809224606235
-0.123716837069038 -0.117011407265577 -0.361112172349019 -0.163058444247122
-0.0583155341167998 -0.124262312973232 -0.497052722414275 -0.42811674282211
-0.251609067677424 -0.186206441161084 -0.510698936331515 -0.194855287021187
-0.282019490593289 -0.160973866914003 -0.321026632712528 -0.0417510723741746
-0.308265758040815 0.041779789429576 -0.11101875173993 -0.0194562520972461
-0.209913068184396 0.214434746127641 0.0326834569365416 -0.0260739014536442
-0.0625043258945154 0.259160908511079 0.0885072749202075 -0.225668308961766
0.0364078986393241 0.245646318649476 -0.0193388599563195 -0.354913515889756
0.131045545704449 0.209108510184944 -0.135654425512256 -0.409321259648174
0.145648535573276 0.202799552051552 -0.202524121028616 -0.39890534728071
0.170327446723881 0.213526826740245 -0.204699822533348 -0.387368041979913
0.109605664267525 0.304739552794437 -0.128263507198661 -0.365537927720857
-0.0219650045403025 0.332463252764891 -0.0265218300319054 -0.280225699784225
-0.190194088138262 0.357564734026654 -0.0394610936720875 -0.0839053664004238
-0.371238830385774 0.162258694081981 -0.217519927361411 -0.00606709616310179
-0.389901921048749 -0.1217203296772 -0.349001715776029 -0.104153421867009
-0.327678026123054 -0.208497755014876 -0.42632646733987 -0.334663937558831
-0.411724138138306 -0.257038281823929 -0.4007265146948 -0.145010498860079
-0.452742014908986 -0.213906170684271 -0.258770837648117 -0.0524182959142625
-0.472162786960008 0.0638160425201134 -0.126752089875303 -0.0423887911625465
-0.353381571297604 0.313954002914089 -0.00344375183517285 -0.0209433707485889
-0.146140638640083 0.414086425647505 0.0648670422647588 -0.164402222616189
0.024363781848536 0.415484704225166 -0.00359348610607167 -0.254325115354209
0.17562664733494 0.359670004172411 -0.0826820095327787 -0.299513082447431
0.200568885472507 0.33347725117302 -0.11967471970184 -0.284770384768508
0.234411530785273 0.329988587434333 -0.132616643663768 -0.267212776808737
0.160884719394575 0.450799265666712 -0.0873772890638298 -0.258554375717072
-0.01748771106876 0.49256406644302 -0.0203421147849351 -0.203283214440089
-0.239210078079868 0.532954825147018 -0.0211852105187313 -0.0371986392272609
-0.502044926293881 0.30297502340053 -0.191974780326813 0.0399762923893838
-0.589647203474428 -0.0745765080143873 -0.277279695309854 -0.0472239558729667
-0.546709204530754 -0.236436164646679 -0.273350186769051 -0.222422754950563
-0.521477741028613 -0.293687974740162 -0.23785542983884 -0.0392759063454601
-0.587882581937513 -0.232150294995674 -0.142710910126223 -0.0236330888527478
-0.60150076208719 0.0970819770960131 -0.110352196902456 -0.0540572799110719
-0.457008920108084 0.40014538647288 -0.0428117508737432 -0.0135044546700844
-0.209416830456098 0.528617048841811 0.0181609534192547 -0.0717422508343111
0.0124335016551626 0.533650040785702 0.0026383281996444 -0.104104673987453
0.198190028351841 0.458556601017898 -0.0185912569960625 -0.135528394748971
0.224141015940096 0.411417571903852 -0.0186702034499906 -0.12892782842243
0.260329511908856 0.394130811540966 -0.0340032171527574 -0.114945145565602
0.186233256521533 0.525233805390794 -0.0182369146740323 -0.121952209912655
-0.0109453329908037 0.574386131467378 0.00651063646957935 -0.0987666360522137
-0.250525833651302 0.624190478635484 0.0112583963229762 0.010240689041281
-0.542626450941876 0.392428070696439 -0.133562172972699 0.0663721533711526
-0.682202443985075 -0.0160932024135804 -0.158360500534318 -0.0163394654124191
-0.672977675912795 -0.219500795102239 -0.0658325817190511 -0.114692641226859
-0.562279261034453 -0.279050018196725 -0.0366432721671529 0.100519989851867
-0.642227506230025 -0.202369613116879 0.0137781167273095 0.0393724767388539
-0.640150591433936 0.136425842332955 -0.0630963650097037 -0.0414805741208831
-0.476277923732324 0.434755337717069 -0.0726302637028636 0.0100290829966788
-0.224985791514047 0.56129288096673 -0.0307172220235847 0.0503051730484698
0.00796937621150523 0.566355664186695 0.010408915853732 0.0780687269969087
0.194824195418269 0.483637829745592 0.0500708727074026 0.0559379056071254
0.213090688996871 0.428100185801975 0.0846312918452925 0.0437478202093942
0.241222511353297 0.402363403127931 0.0697509754126282 0.0462790981407359
0.167436709396102 0.523184389417005 0.0595639773161973 0.024370878551388
-0.0259061855806122 0.561422640470432 0.0416396818639294 0.0166874566196035
-0.243639519334295 0.591862429112636 0.0399077137081265 0.0538456660219514
-0.505766897715412 0.384814727470696 -0.0657425323159338 0.0714086400874772
-0.654160706627586 0.0173401145599544 -0.0256706617665504 -0.0103236985120914
-0.681873207400337 -0.177258427991877 0.15519253641743 -0.0213233434474638
-0.514713546893998 -0.209318749169831 0.173341267723851 0.243676652295829
-0.578484392378596 -0.122628042255349 0.181317406098677 0.111365830375079
-0.545500372915655 0.159753340335276 0.00398487381386319 -0.00521919625505189
-0.389557964352825 0.387689830835322 -0.0792140684593859 0.0473954237170048
-0.190170752928477 0.484286715872709 -0.060746864385238 0.174438402262324
0.00912881577384788 0.494112615646918 0.0293367938185055 0.25401040417507
0.164067951773538 0.427729745422727 0.118476040609881 0.240044673031442
0.170864986125022 0.379600841461968 0.175932797419551 0.208746694816275
0.183262414173098 0.359436759841204 0.156534981119177 0.198377457547358
0.108030632942304 0.450030993588606 0.116152282714936 0.163710417113075
-0.0609102089313866 0.459463673380567 0.0564667517143013 0.127092925399949
-0.227459382264777 0.447599785930677 0.046346291495122 0.0897703240164024
-0.400857609503975 0.28662707094573 -0.0127463489183652 0.0617015211072006
-0.521277215120705 0.0185110572978302 0.0876478327027773 -0.0146841599861617
-0.583190516406347 -0.123491542625058 0.348498349475447 0.0553920212852139
-0.378889835841723 -0.101726646441327 0.35826478383395 0.357390774520419
-0.393467617654076 -0.0245686716591854 0.326343319785557 0.165446571680572
-0.331281529544211 0.146979150643724 0.0805767764981395 0.0356326399870149
-0.223872168513631 0.25121550856581 -0.054752598293829 0.0793349529079931
-0.123371512686929 0.312287092281136 -0.0615313778212651 0.263427593122756
0.00709113866485058 0.333674228805895 0.0605565105931004 0.381502621673727
0.105234950667533 0.301798106183604 0.17939876692554 0.381651261879168
0.102991510981785 0.274635394905725 0.240951931108531 0.341846806957117
0.0980615954156437 0.266838297489141 0.209210595276115 0.324551564672742
0.0349044831373247 0.315902243545905 0.133226277181569 0.282351811854277
-0.0857066249940331 0.296171116555803 0.0354262832032565 0.216472710446103
-0.17974428208224 0.242625896241391 0.022017775374754 0.111407286972457
-0.244218341168556 0.154040103101643 0.0200704652130078 0.0443415250039036
-0.324942717974393 0.0190643395552198 0.165307414948503 -0.0159188358077266
-0.41000685810729 -0.0542167031661165 0.486281648016124 0.115038827501781
-0.170686589087492 0.0154127848195057 0.486182240370028 0.423201513099948
-0.132600770699289 0.053873805392058 0.427373984631022 0.184309867996835
-0.0693259242993293 0.0805926520306844 0.156725329295855 0.0532743941518105
-0.0431874470607338 0.0584106952640555 -0.0102813885787048 0.0830339123819246
-0.0575489432914383 0.0906509898722563 -0.0398285140306974 0.298683469841945
-0.0106587489320828 0.124646649247486 0.0935382953551631 0.437342835475767
0.022147357428325 0.130366014761045 0.219207254045043 0.45706382172098
0.0186460934966363 0.128148678170845 0.270686359521638 0.421633965864279
0.00930047350928689 0.131025188852106 0.222135293667189 0.408766340152993
-0.0196038072352781 0.139702212478439 0.111981981650806 0.364681259939643
-0.0696878454186814 0.10747507100917 -0.0126221590882264 0.273059572969418
-0.0802425054381538 0.0457421746819538 -0.0190932527514664 0.112395703351926
-0.0589340848506316 0.0506659788431262 0.0410205452692303 0.0245776614219499
-0.110146660377533 0.0512518549073847 0.209143133381331 -0.00699770190448728
-0.196972038799897 0.0339500969440046 0.55226549602465 0.15286956962302
-0.0514841598745315 -0.0961974393341689 -0.539412275011303 -0.19710233871387
-0.0857969033722671 -0.103522525855647 -0.326114225730123 -0.00876327181354107
-0.130755771531295 0.00458870499205562 -0.0711152855322683 -0.00138046716553966
-0.0662217549065558 0.0926266396992837 0.0557141345847687 -0.0349926438148007
0.00734238582828343 0.0824950006178882 0.0840288433010941 -0.24485016040089
0.0298443095513418 0.0573362991286931 -0.0373518531034691 -0.381614802763052
0.0594059011657182 0.031829561452941 -0.16166443452325 -0.439418668918635
0.0680020076339522 0.0391096093146731 -0.238128906733797 -0.437535618420648
0.0816611388397157 0.0509256327218022 -0.22420801303373 -0.438898060169186
0.0570765044875021 0.101811275382399 -0.129151209452419 -0.408392548454286
0.00224313982621484 0.12540516441313 -0.0130778940866659 -0.304496611450089
-0.0849806281383081 0.143446432364303 -0.0394211901404952 -0.116917114942487
-0.168656693216994 0.0226097205053785 -0.190932713237481 -0.062499325119481
-0.12215997170323 -0.119922798336628 -0.336094995743054 -0.176024620177757
-0.0600916160997727 -0.12219981235829 -0.452647982649013 -0.434074348170857
-0.233187525163463 -0.188714275006391 -0.499110054740236 -0.200853890197801
-0.262526246932104 -0.168711065815099 -0.311509230160621 -0.0426171512928261
-0.300066611812644 0.0264868093735066 -0.103740681422024 -0.0121368782434214
-0.209189553445396 0.196474352331914 0.0332212296140046 -0.0124025910075778
-0.072663239518768 0.245325541328198 0.0944566467107194 -0.204104417502635
0.0255581910068158 0.239720508311052 -0.00537290865441177 -0.33570880814768
0.118840361761886 0.203092125543482 -0.119885516626375 -0.395045466575672
0.136537602191689 0.203100766290296 -0.188392818101844 -0.383130947325337
0.159527593005544 0.208571310753294 -0.193786043725582 -0.37317823595072
0.101404756576354 0.299268577224683 -0.123907964255988 -0.349546461143534
-0.0292785010960304 0.325935964381963 -0.0321197267934791 -0.265605063532459
-0.192190180611164 0.340425400787623 -0.0512168744240753 -0.0748025799629337
-0.369779254109394 0.145832436104648 -0.216569413501993 -0.0181255624813138
-0.381121897002173 -0.130228892956516 -0.328362457985344 -0.125297355649681
-0.316986943575362 -0.205974128845391 -0.388403528751242 -0.351842143104381
-0.38666202743871 -0.267291822661326 -0.399732398804528 -0.14308207768097
-0.424853230357838 -0.227503635473791 -0.251851825368923 -0.0471438670986853
-0.458297020470084 0.0386103665035018 -0.117402261435665 -0.0286050943718888
-0.350203509675248 0.285031597288244 -0.00255098183045076 -0.00156980875235768
-0.159674681419893 0.390371123060121 0.0733082348519122 -0.140118401650127
0.00926006402571221 0.402867324601978 0.011615465487437 -0.23644200627406
0.158026525722371 0.352184839858594 -0.0660478167333817 -0.285207035340658
0.185845196731712 0.335150049027978 -0.109696686286901 -0.271782544009139
0.220323647284545 0.325551226484806 -0.127765163239406 -0.254576364800111
0.149720096460261 0.444758348302845 -0.0877070497766071 -0.243642129447194
-0.0293942438264477 0.482339525556508 -0.0330380750983058 -0.187931781062806
-0.241476194221413 0.510176123726008 -0.042298058922918 -0.0256651130070902
-0.499505230510028 0.280518341731607 -0.199262136427345 0.0266114415904135
-0.576594134621843 -0.088794948872124 -0.264316164228947 -0.0724288314078144
-0.526427007676198 -0.234258163935331 -0.247436794355326 -0.243944867248572
-0.491982314928045 -0.309303966916665 -0.250426483268514 -0.0317158801290059
-0.557270373940401 -0.252932248905422 -0.141865784921553 -0.0106322507385226
-0.584458131826223 0.0652416021526828 -0.100367460571922 -0.0339312067527945
-0.450726787531161 0.361905977255448 -0.0413599153281521 0.00944914591902228
-0.221187345238499 0.498407224334371 0.0291637467109462 -0.0481058969699152
-0.00504836220734963 0.516698338107568 0.0167802622569431 -0.09074124098818
0.176560349384464 0.448995531919268 -0.00592779910238013 -0.124761191759339
0.206048199418289 0.413988401917973 -0.014073837679098 -0.120852508583598
0.244558776688551 0.391701039189756 -0.0347695389549222 -0.106548516969094
0.174665713972733 0.518550151237862 -0.0238507465727939 -0.109766776294342
-0.0239520647185933 0.565199493685766 -0.0108602684566885 -0.0858343049727605
-0.253070136026888 0.597238098024038 -0.0158880633141843 0.0228501779740509
-0.541498712141936 0.367414047368405 -0.147923529600501 0.055512325436534
-0.664868055049318 -0.0334701342529846 -0.15436709898971 -0.0393147248482549
-0.644082569396561 -0.219985302761577 -0.054956067161041 -0.135317892799276
-0.533785363459174 -0.300557143411836 -0.0627083542851506 0.112507644342751
-0.612674781213202 -0.227744841663232 0.00786899666844516 0.056845961119758
-0.624528205223223 0.10133452996742 -0.0539911715969929 -0.0183108523311943
-0.471770270152165 0.395932177693735 -0.0703133562471335 0.032457400975374
-0.237648466004533 0.528705630264121 -0.0188649733569865 0.0676351822981346
-0.00989698672786526 0.547522620481297 0.0214152744498945 0.0836562085535703
0.173839797817555 0.476282039069034 0.057708552175194 0.0614669524605499
0.196615880592076 0.430239880130033 0.0828694389995094 0.0463015237020941
0.225692237770377 0.401960128848233 0.063444958260118 0.050016225634867
0.154962553635925 0.51703639055028 0.0492323958632332 0.0319316514460438
-0.0380504445648395 0.553161055940328 0.0210061961639964 0.0260701460291966
-0.244270743911861 0.565896968173496 0.0106706137963822 0.0645451393848116
-0.502874660794039 0.360788074085778 -0.0839744227782473 0.0628429620196856
-0.636656906728521 0.000728554299321081 -0.0282995759890975 -0.0267242047744169
-0.651833007042706 -0.178696081014612 0.150287066904803 -0.0374890499762365
-0.490602149907224 -0.232205033477338 0.137167364095918 0.258017833360798
-0.555465056518613 -0.148438401286361 0.169138793888599 0.130324633968335
-0.53292929536673 0.128785363870244 0.0101180378791249 0.0158179782258588
-0.386927516334593 0.354287252908863 -0.0773790135635944 0.0645647681070124
-0.200138175833835 0.457881861395058 -0.0518743839402913 0.181277960796723
-0.00346729827622214 0.477412172902741 0.0344107882446005 0.250411333998016
0.145358025033896 0.423098960773133 0.119468863049693 0.239107110958078
0.155928066752765 0.38320612072057 0.167928949308992 0.205501534337387
0.170087332777074 0.358945994590832 0.144865972656409 0.196659312233174
0.099261773631304 0.443868300044595 0.103501676211858 0.165441207319044
-0.0677225063928579 0.452625638154423 0.0356510172371443 0.129518213858251
-0.226151742001625 0.426513962810043 0.0200153581224668 0.094746677505201
-0.395605890969073 0.268529288729397 -0.0287101623140129 0.0556881405347203
-0.504927914773111 0.00596386477547126 0.080707806901659 -0.0232124443743943
-0.557937302820086 -0.123902214355584 0.332032619213242 0.0474201579642133
-0.363365213551915 -0.122906513292467 0.319455366910375 0.371609645399453
-0.382108326170447 -0.0448096561865085 0.308998829199074 0.181634056697263
-0.32763857521154 0.125296995547607 0.0815519327203331 0.049965371144364
-0.220892429622659 0.230880240450712 -0.0547307845506346 0.0873145970114905
-0.127867294850745 0.295100012056418 -0.0583755338984598 0.260299415557647
-0.000206937765710733 0.322237960780954 0.0575047141169019 0.370150611492263
0.0934289548550536 0.299363463890253 0.173577103880639 0.375843733976096
0.0930265980538216 0.277318893170165 0.228688154232285 0.333157535888694
0.090279562684046 0.267578045462548 0.194875516291665 0.317643708025529
0.0310851598283482 0.311940513109984 0.12039318348214 0.277519888298345
-0.0890116548173047 0.28989841579916 0.0206332411219599 0.211742548579747
-0.174371615211183 0.231404591210914 0.00347961919274175 0.109112246705103
-0.238545978604396 0.144192798460134 0.00824841672971884 0.0414495867243421
-0.313845760170179 0.0120586704290253 0.156057273498088 -0.0156537269192171
-0.389793584317882 -0.0564449266999309 0.460003300587475 0.116106607553279
-0.167087371407429 0.000643231477106789 0.446934012091282 0.43023650693975
-0.133033597534164 0.0427553702932769 0.406664977943824 0.19485023770712
-0.0701771779534904 0.0732797679131845 0.151957940282519 0.0595501033984135
-0.0421179503426582 0.0528602514951396 -0.013653486220201 0.0815216703669227
-0.0555024273721946 0.0844442395115258 -0.0436795009811828 0.28643979915791
-0.011096860401944 0.118625917755365 0.0825787599153432 0.421304282932053
0.0190342019746712 0.131142931636135 0.207097550886311 0.446375071059906
0.0145438800091956 0.130113389511452 0.254885286297579 0.409886573907241
0.00691004070278487 0.133718408283825 0.20815127343021 0.397193185849203
-0.0200197406689191 0.138393954455542 0.101622335677773 0.352978608820188
-0.0692803337412607 0.10513010377829 -0.0196817487571905 0.262511824129389
-0.0757782091983887 0.0437551655853642 -0.0268305121018555 0.105287321878592
-0.0551232690701911 0.049532747295083 0.0341029169678977 0.0248782518853389
-0.105272522594313 0.0487528190216543 0.198140297592428 0.000446357965945904
-0.186048368393835 0.0311247337044031 0.520715332238043 0.161465297679841
-0.048938359462438 -0.0955518359400215 -0.532714468151662 -0.194427136774579
-0.0847329794551151 -0.105094492630517 -0.322298023574004 -0.00920189878533063
-0.129016809306851 0.00429889910639761 -0.0705175836959522 -0.00320925287397615
-0.0670040217274968 0.0921385665271753 0.055219077690591 -0.0353076333629523
0.00777951499318146 0.0804089577410741 0.0805995387133039 -0.24009640426889
0.0293710280953447 0.0565244484748123 -0.0405423340943112 -0.377169852687184
0.0576402186618905 0.030658686030626 -0.165028850360826 -0.434146658491759
0.0669438683494626 0.0371466043190746 -0.237446523096607 -0.42993624693261
0.0818270236440411 0.0487102280855258 -0.222954532058209 -0.431991305745891
0.0577485103128235 0.10071642012568 -0.128556961792131 -0.403490741293703
0.00245058479261142 0.124913367767691 -0.0144302276879343 -0.301349070649267
-0.0842735454732015 0.14325120956311 -0.0372594234587576 -0.11474670350092
-0.167955794875384 0.0212842020612071 -0.186900416465968 -0.0611354204095808
-0.120322811630931 -0.119944715115451 -0.331513922909472 -0.176534744627431
-0.0569045731687106 -0.121282637054948 -0.446867229023738 -0.428116346637167
-0.226996550910427 -0.18489985168794 -0.494306220231668 -0.196904787319653
-0.25866216774987 -0.169072770930899 -0.308375812335766 -0.0438282767550633
-0.29330506015003 0.0253251254539907 -0.102668084281772 -0.0149677376255963
-0.206352827186431 0.193896812536047 0.0325692403491621 -0.0120591164103057
-0.0698748863583243 0.241037400639767 0.0895412619745429 -0.20110699432673
0.0260017092548872 0.236741843499444 -0.00874628886361732 -0.331143792815477
0.117388871653252 0.200383221698928 -0.123325534496103 -0.389142056654152
0.135696124441916 0.200392441436602 -0.188336687203925 -0.378711520828993
0.158279923940868 0.20485995876739 -0.192564457407883 -0.367449469204296
0.103007333953091 0.295915874747745 -0.123547435760699 -0.346284377424182
-0.0280670083206801 0.323424338253675 -0.032874764396443 -0.261426493376094
-0.189164859961531 0.338201194156974 -0.0484612104255076 -0.0743433259786909
-0.366804233670632 0.143723010707442 -0.211139238030313 -0.0152671772817964
-0.376357258093434 -0.130268246645669 -0.324085850339742 -0.125790362509044
-0.309949377588357 -0.204058132852672 -0.38236224851841 -0.347565481407508
-0.378174080298732 -0.261079756671459 -0.398071617499026 -0.141196564186848
-0.418393526875095 -0.227436731763981 -0.249189278017886 -0.0484523638685405
-0.447254342525758 0.038306719867355 -0.116315416837926 -0.0327755721266761
-0.344427693334503 0.281426639487646 -0.00433864908903189 -0.00176964821275638
-0.154497172413097 0.384514286970049 0.0682980832755056 -0.139495934725449
0.0117345473429038 0.398993462553627 0.00920359645784396 -0.233918811691412
0.157221552003868 0.34809882728488 -0.0697435371619937 -0.280706233405578
0.185251197505656 0.331122160433078 -0.110367946511016 -0.269545632685904
0.21664181810474 0.320736023323179 -0.126055470161633 -0.250529192662758
0.15084699731163 0.438413438101983 -0.0881919993716594 -0.241369733571769
-0.0284846731246311 0.479963674854014 -0.0333983763078397 -0.184255969956617
-0.2367728077064 0.505507531295827 -0.039556669528558 -0.0268056916667747
-0.493417391518697 0.27590276392509 -0.193707868615493 0.0292383148520874
-0.56880630879413 -0.0897824022259267 -0.261054276215391 -0.0720068630493751
-0.514834535541907 -0.232885288755364 -0.243806557972028 -0.244063734069233
-0.480393525767348 -0.302216275843902 -0.250443609732159 -0.0314493496838729
-0.549457341908029 -0.252015969123842 -0.140438210596169 -0.0128453478575494
-0.571698246644371 0.0630964408653684 -0.0993090905294257 -0.0383832815381529
-0.444328798820658 0.356952148413988 -0.0425869045587725 0.00842908509957799
-0.216939574705361 0.491042188364849 0.0245473454232078 -0.0496412519824506
-0.00160567529431206 0.511593778602257 0.0156750375187983 -0.0899578673568304
0.176206825735667 0.443956219031264 -0.00804604550901618 -0.121943334179112
0.207756369435448 0.409449493192497 -0.0151178659302981 -0.121609375536073
0.240984211596045 0.385295487852475 -0.0343872587287554 -0.104800068112499
0.17446452789815 0.511980105944058 -0.0246148229696944 -0.109007491204292
-0.0220096975477291 0.559772138336316 -0.0115217317579038 -0.082272304467795
-0.245125594463201 0.591770210772027 -0.0145737227351065 0.0202566284170696
-0.535764892374098 0.361731085183489 -0.142772159766751 0.0581782871741266
-0.657367632104875 -0.0351670965446815 -0.152572100404407 -0.0383474197703809
-0.631015443392068 -0.218025128964854 -0.0536679158984803 -0.136736891590303
-0.521091607881411 -0.292497386149594 -0.0668128384037088 0.110199464536885
-0.604379588116604 -0.225365031833914 0.00729865030802284 0.053565044564229
-0.61119977652819 0.0983144556534624 -0.0538077592162171 -0.0224720298777584
-0.463953146643205 0.391841283379357 -0.0720131007727779 0.0302996628412852
-0.232572480879697 0.522433543257427 -0.0232117106486306 0.064026478403901
-0.00489122220368401 0.541192889935921 0.0216770973261356 0.081858682805203
0.174356594095842 0.470343657268516 0.0564758643118465 0.0619560882311077
0.196517546250615 0.427026392488008 0.0808539906083371 0.0432207721742071
0.221456874336898 0.396695905173418 0.0630967185748085 0.0486994671584221
0.157876274850954 0.510056906799086 0.0482268206012582 0.0315171408637611
-0.0360081580589052 0.547424144746615 0.0202588317139995 0.0283104751594136
-0.237630222485508 0.559957234915892 0.0114007207518416 0.0612488761864689
-0.495630802384939 0.357172119011185 -0.0799866720310011 0.0656451847053501
-0.628157340080366 -0.00186313975427451 -0.0289290517773316 -0.0244072690510663
-0.638370728159143 -0.177286258732139 0.149024595603646 -0.0405674388803489
-0.480216050380983 -0.226625596974127 0.130265902810582 0.253677413249034
-0.547105468486706 -0.147533751052585 0.166217572678342 0.126596150935734
-0.523851142304093 0.127393458342613 0.0090305135498222 0.0120559723256622
-0.380482185786252 0.34964224135315 -0.0791098746216242 0.0622123296073067
-0.196896618617174 0.454138428341655 -0.0546878192595127 0.176438975030923
-0.00157157782739291 0.472790998353087 0.0358197326978788 0.246639723855624
0.146939908404044 0.417422674867853 0.119569585185112 0.237318477515293
0.156513669544793 0.380018615182509 0.166172070676015 0.199984996634674
0.166324522245491 0.356467833011146 0.144259355833636 0.19351608863686
0.101057908753454 0.438203838601276 0.102360062171142 0.163488579099933
-0.0659099101480951 0.448086275579113 0.036276196936065 0.130049283238143
-0.219598054484152 0.421549458192466 0.0197124730832561 0.0918901814448983
-0.388313268117671 0.265481988244488 -0.0273694559648914 0.0584983571723303
-0.498728424949784 0.00510972549296732 0.0786671416496228 -0.0200831309234423
-0.546302146766326 -0.122723471377176 0.328535867516861 0.0433777355195166
-0.357707846222745 -0.11894485686907 0.309146937907637 0.366191455361818
-0.377553905434408 -0.0435123736265037 0.304292373966088 0.17834395779432
-0.320877967491126 0.124043001454429 0.0802893184198678 0.0466620845196816
-0.217310212398844 0.226983902619566 -0.0567905432448201 0.0850750381411986
-0.125285204267911 0.292683459904092 -0.0598997648959634 0.254860688707979
0.00169822456381073 0.319275401258595 0.0596736045389879 0.364805024899771
0.0941153864382265 0.296182763016214 0.173813623280895 0.371158119586535
0.0939188652114011 0.275190495495506 0.226428727013488 0.326028382959995
0.0879069521659193 0.265781570485294 0.194085226003634 0.312756778384979
0.0316566582343063 0.307749866420425 0.119964280291674 0.273949427062257
-0.0863014892073521 0.286142320357692 0.0215942310957157 0.21087937486333
-0.168923329567942 0.228445131284672 0.00308677988370767 0.106453094651658
-0.232067673090043 0.142838301805843 0.00754703853963226 0.043396045280414
-0.309517055524287 0.0124170386914285 0.153082784846456 -0.012548809818927
-0.382386551047357 -0.0541478935898282 0.455603440427531 0.109867064297944
-0.164828916845369 0.00210111838592587 0.435323577861192 0.423326236500647
-0.131329353782666 0.044731250689146 0.400852780849184 0.192387675251595
-0.0681763792203088 0.0726850204756895 0.149664918456452 0.0587792331479139
-0.0404365160741528 0.0506030103684643 -0.0158859351024543 0.07965232498801
-0.0542579749038398 0.0848799215979962 -0.0438822878593077 0.280994595401268
-0.0104696335597861 0.1172596626144 0.0843386431149948 0.415153969576759
0.0200166486199272 0.129548049907943 0.208878044787072 0.440924280431527
0.0161367723077073 0.12994181680312 0.253366542207879 0.4020994021904
0.00631602616506388 0.133938750611037 0.206719124313657 0.390342533316645
-0.0198281045825888 0.136299612396632 0.103192675722281 0.348230821926674
-0.0674017357947643 0.102645020921743 -0.0164614333590703 0.259804073119355
-0.0728364014873774 0.0423899745678525 -0.0269389009930611 0.102916696025863
-0.0511855311586184 0.0499654801061035 0.0322723452026802 0.0254748210011997
-0.104332920577208 0.0490822939401055 0.194809493051352 0.00290498297361278
-0.183129056242097 0.0324504463232018 0.514910254066702 0.155758476982258
-0.0477589159406516 -0.097378682784085 -0.540240353915952 -0.194134824659456
-0.086727367753216 -0.109806686653904 -0.327136002924057 -0.0084047795307937
-0.131223289076763 0.00452075611862832 -0.0716103838123249 -0.0049143962388194
-0.0686783327205477 0.0945685928146421 0.0567732477365903 -0.0355845146275868
0.00746772767479876 0.0810925974909633 0.0789417415709208 -0.24234573031031
0.0292176675161963 0.0573913557798258 -0.0476048353746912 -0.381613668447252
0.0581465137455501 0.0312777795256896 -0.17315497495871 -0.438898913648659
0.0674230964610582 0.0360183857735994 -0.243927563673009 -0.434807420545196
0.0832358233626016 0.0471790561845092 -0.228632467381608 -0.436514291503711
0.0610702884387253 0.101641921800753 -0.133032349671372 -0.409857927697605
0.00290954023881328 0.128712627700389 -0.0152226993236169 -0.306241256290058
-0.0860286192149961 0.146726370041776 -0.0362488087062476 -0.115974917674645
-0.172239713551102 0.0210824037826656 -0.187076096984375 -0.0607776464871665
-0.122055806267258 -0.122411162116804 -0.336192631769171 -0.181612363871308
-0.0566608769664699 -0.123773801393702 -0.454304987057593 -0.431221596698396
-0.226532617892952 -0.186196208573571 -0.501726736884215 -0.197129705701659
-0.262143195486986 -0.17377493002757 -0.313272429940793 -0.0448492060714416
-0.294700518501813 0.0256654601852181 -0.104877853843872 -0.0177827573708717
-0.209212499757464 0.197835985067662 0.0328386410103538 -0.0132578981833809
-0.0704573139821947 0.243790074380536 0.0868189934414309 -0.204138521559796
0.0286269375807946 0.241249796954614 -0.0127966573056683 -0.335540563768794
0.12012740866287 0.20347681060297 -0.13042657079386 -0.392875449218043
0.139608420029487 0.201745409634002 -0.194401255561034 -0.383380129675009
0.161021025973411 0.205799937769614 -0.197519058944642 -0.371681423384911
0.108475257949493 0.299008887744716 -0.128479308360886 -0.35164948798991
-0.0272164568437081 0.330403439712633 -0.0343537699100962 -0.264781545596858
-0.190488059566251 0.34619525564477 -0.0478624996849242 -0.0763666847541893
-0.373839176391973 0.146312069788182 -0.210590803918272 -0.0132630707529018
-0.38283001996743 -0.133660402957455 -0.328709243434716 -0.129461755618826
-0.312044383306907 -0.207190155660001 -0.389364706027622 -0.352367879639597
-0.377287831367487 -0.261778414442415 -0.40559693003338 -0.140990739398466
-0.425268858918764 -0.233068268862322 -0.253270044024686 -0.0506230128682023
-0.449752904489853 0.037813177661622 -0.119599926837602 -0.0372223047413642
-0.349143426326359 0.285893301644171 -0.00509879003719162 -0.00286484929373893
-0.156595892048292 0.390266091999641 0.0653650403468936 -0.14221298225069
0.0150246093624829 0.405897939543027 0.00620205273744239 -0.23777912732577
0.16157202367534 0.351962601481458 -0.0738754991197961 -0.282855926510198
0.190620591787994 0.335669767398433 -0.114793497821488 -0.273692538500159
0.21970848082238 0.325079402577381 -0.129018826682908 -0.254036212640945
0.157340295591401 0.444403923382624 -0.0914804899814346 -0.24545257925057
-0.026589649620567 0.489366249080505 -0.0347054522326797 -0.185596714141197
-0.237514155951334 0.51712668335547 -0.0395235180795053 -0.029453532903599
-0.500370030437062 0.281339260383961 -0.192986635034615 0.0338606573570341
-0.578218934188515 -0.0917278366965456 -0.265325228863192 -0.0733939782205208
-0.518730523289746 -0.236281257210943 -0.24750082374396 -0.248293551447833
-0.482733315157824 -0.303631706686351 -0.258612551420251 -0.0311528266291429
-0.556111426622349 -0.256070203297236 -0.14381987551236 -0.0154093505988216
-0.573784332176717 0.0635281606336728 -0.102929261880224 -0.0435206717504802
-0.450100835713716 0.361812470971479 -0.0450361537080306 0.00744619692052004
-0.218420937598349 0.497313432502287 0.019876174782965 -0.0528486434080365
0.00298932514585081 0.520052231012772 0.0145764333305044 -0.0919212002523201
0.183373199433793 0.450758350061607 -0.00958102053601459 -0.121973861200823
0.213085524345326 0.416031459327565 -0.0172251901491911 -0.125098812103726
0.244001543556327 0.392939202701587 -0.0350154321416895 -0.106825498696076
0.181977634120841 0.518467231560252 -0.0265075462309909 -0.111133968453195
-0.0214634294649255 0.570418986231156 -0.011515321827777 -0.0813628017694999
-0.244741887989726 0.604076772189844 -0.0142508827860929 0.0179575095353398
-0.54184993987628 0.367519422797646 -0.141162377332761 0.0630342590272556
-0.668796883045836 -0.0352310101226309 -0.155569409607121 -0.0374974584742458
-0.634603621506747 -0.221286277655788 -0.0549324275336592 -0.141791426097972
-0.523973869878139 -0.292432818294485 -0.0721004545035406 0.112004981119872
-0.612973941805999 -0.229046861985237 0.00600437350538467 0.0521059133851489
-0.615940357768592 0.0994581539671076 -0.0568503929538365 -0.0273764344352789
-0.470114695189472 0.396598479856618 -0.0752979055195326 0.0297992839134897
-0.234114652805072 0.530667209000976 -0.0278580784833038 0.0613938341015589
-0.00141530852848542 0.550353504552149 0.0219894983455494 0.082062946523087
0.179512740791426 0.476615250321292 0.0581959026118268 0.0637498696407077
0.204047126663618 0.433636166981814 0.0812309242640255 0.0414656281298463
0.224808875265267 0.40494354137049 0.0644599061655247 0.049189833388872
0.163680700704571 0.517559778338018 0.048106356598104 0.0314374980214557
-0.0345115875172904 0.557504888727507 0.0212824430634248 0.0306117269858656
-0.235720134756114 0.570287705973791 0.0121578232566738 0.0596240008872305
-0.500087725499459 0.362210201878938 -0.0783253669389497 0.0702321698479193
-0.637727287190007 -0.00168062403763901 -0.0298713770992348 -0.0223203396034545
-0.64278858218363 -0.179882339007565 0.151838452574438 -0.0447533427348422
-0.484093795177134 -0.226485167899479 0.127389451030239 0.256799915767358
-0.557360626730225 -0.148463156582178 0.16724591605209 0.125959653771722
-0.526683526469608 0.130320720468577 0.00775884255120791 0.00865296359830653
-0.384691426470699 0.35560200826353 -0.0827504828558665 0.0625311118505476
-0.196787826398936 0.461556588956211 -0.0597494207086921 0.175513379364524
0.0037551938143424 0.479433733754816 0.0377415187756473 0.248718205420858
0.152734219000062 0.423290177615026 0.124130676545537 0.240492890420708
0.162886521578042 0.386416880003654 0.16831186109293 0.199557334908254
0.169881926988998 0.363984211517992 0.147242988045923 0.194844262393142
0.104134552273506 0.443973621075563 0.104820453869351 0.16553631473935
-0.0656654517895576 0.455769274072712 0.0379279513500354 0.133779176180726
-0.217758142416596 0.429820919882155 0.0198478992600213 0.0909648380238102
-0.391904877874389 0.269720317047591 -0.0256943487082598 0.0629003237706908
-0.507069633603818 0.00538787962197444 0.0795005506330212 -0.0177192406301651
-0.550267072111105 -0.123854261833614 0.33441661879517 0.0383746237680013
-0.360454992711641 -0.118331437588107 0.309521041928162 0.369341689645426
-0.383270275515135 -0.0415775306261129 0.307008641619963 0.179379481392611
-0.32243478758627 0.126913341583399 0.0802445260920439 0.0451082473954034
-0.218953352587674 0.229938213343421 -0.0598506826023702 0.0857076351297499
-0.125749233818701 0.298018864434125 -0.0629984247034522 0.255503866186784
0.00489025098627577 0.323997984285499 0.0630462614859641 0.368490265172911
0.098853240731652 0.300054864572091 0.181193164302467 0.374739369989689
0.0989671576261335 0.28090814818466 0.230615816390516 0.328150690510902
0.0899357019207821 0.272162756793895 0.198984813062397 0.31525433116259
0.0338000517599968 0.312169553093613 0.12389684741947 0.277679044231129
-0.0858664479413248 0.291298002244904 0.0237131673201736 0.215315063211981
-0.167734457384198 0.231215153892344 0.00219720343886126 0.107273568906746
-0.231846136091152 0.145355714044053 0.00762153557932317 0.0463163250952107
-0.31469325569311 0.0136767550159988 0.154527616993282 -0.0102607800669046
-0.385597511178919 -0.0532373471487761 0.463995036226761 0.106207755107317
-0.167008216310786 0.0036589695692675 0.438558669316768 0.428366795408565
-0.132504609634955 0.0480576463554815 0.405208553356817 0.193140828319303
-0.0680616931464487 0.0746784109333932 0.151916919779938 0.0582681304735108
-0.040191489210652 0.0502006619806606 -0.018002009006858 0.0803575665126548
-0.0541052512173093 0.0867914068618851 -0.0455117889076505 0.283190934643573
-0.008520919613429 0.119461888265959 0.0881735295808397 0.420367293966078
0.0220576446749856 0.131170859286475 0.215898553197726 0.443701866265539
0.018047632329338 0.133164690639049 0.259511107927625 0.404697116226963
0.00734025297541982 0.137866685942933 0.211690193509018 0.394571893233819
-0.019454043603817 0.138984442695158 0.108017883656345 0.353285141303352
-0.0673057798708393 0.103787639404132 -0.013888394250177 0.264610927232458
-0.0718119947266525 0.0416305340032582 -0.0279268265177765 0.104464240106863
-0.048439930994158 0.0515363828685605 0.0316000730018535 0.0271210942627614
-0.106100251549862 0.0521054797869596 0.197320256866782 0.00474477691613969
-0.184783826842525 0.0351241275232708 0.525759974398526 0.152450950022914
-0.0498763456556273 -0.100595568521492 -0.563641564658881 -0.185510455835867
-0.0935046182420249 -0.114333361517414 -0.337005327720109 -0.000813447365991003
-0.135747221831782 0.00708118352054934 -0.0741574985973705 -0.00527609177180732
-0.0695074129253107 0.10144932994013 0.0584281993936242 -0.0391937096654441
0.00956797619421815 0.0834385867875953 0.073767467202733 -0.250429873581006
0.0314090220060754 0.05889472067133 -0.0617058585505623 -0.390674453168489
0.0600015073026828 0.0303276987782462 -0.194697146277396 -0.446623780235632
0.069757688454628 0.0343611103635867 -0.263701402634022 -0.441751470535223
0.0867132035103501 0.044459508081819 -0.247596635461236 -0.444557296889171
0.06702430395602 0.102714179116231 -0.148577445290485 -0.420776286130797
0.00591825676881404 0.133970840059689 -0.0231689719266325 -0.316392617340297
-0.0852188431081242 0.155410448301143 -0.0386622595619563 -0.118480614194836
-0.179844838685163 0.0250092065264018 -0.191334381940512 -0.0575470058084324
-0.129045741532581 -0.124916587804002 -0.351314662245918 -0.183230133175218
-0.0598639668117962 -0.127652369764359 -0.477546802447038 -0.433014858243932
-0.234089949064757 -0.186688109814734 -0.524231488272001 -0.190879026484457
-0.275292709414178 -0.176140011181753 -0.323765681905411 -0.0395419134327307
-0.300998150791973 0.0317242370793759 -0.110288544560768 -0.019307400377693
-0.211640103011526 0.210458959603084 0.0336700483293588 -0.0150428191243403
-0.0670280573034637 0.253829328383119 0.0821343092831838 -0.211695951481692
0.036105634151784 0.24861549276994 -0.0247071826522496 -0.345000238529181
0.129488250556319 0.207148840949735 -0.148179596039696 -0.400591787742752
0.149129833804613 0.204753944068861 -0.211343875013041 -0.390315165642613
0.171342773698605 0.207394483915094 -0.213705720968351 -0.377816120565966
0.121174648589811 0.306720789865214 -0.142803724501541 -0.361154544102374
-0.0205213414243861 0.344149305750383 -0.0417840817842101 -0.272221821061379
-0.186790742736802 0.363919991548542 -0.0503049855764647 -0.0787573557573306
-0.38464943275861 0.159187004946308 -0.214014028549347 -0.00741100115328347
-0.399622793310883 -0.130858802662349 -0.342144923884052 -0.127975469650049
-0.323605472804842 -0.208548866197973 -0.40908792654771 -0.354662601626429
-0.390037369440266 -0.260981855790104 -0.424742591096432 -0.135781300172832
-0.442896328753683 -0.233723134176441 -0.263896061141051 -0.0483864839286208
-0.459350104263126 0.0464530345622603 -0.126416461015038 -0.0396962811720785
-0.352802585688521 0.30456219117749 -0.00589907062750132 -0.00321134310189012
-0.150762389952378 0.404808505135426 0.0595836660144624 -0.148855413904369
0.0281927523002645 0.418204587827279 -0.0015731727575643 -0.245240917002729
0.177357089413716 0.360127449452527 -0.0858361817511467 -0.288097540102193
0.206728220931993 0.341718401211709 -0.127177188020527 -0.280006167473753
0.234282288807856 0.330256498513169 -0.139175588952945 -0.257783567865706
0.176921603397166 0.454705917219726 -0.102477669759695 -0.252128636023019
-0.0156176516118576 0.507962920348474 -0.040182023478864 -0.190310777886004
-0.229998820863755 0.540239627692085 -0.0409917796589596 -0.0312669276610476
-0.511181195062817 0.301881810530158 -0.194329564495405 0.0414495966323631
-0.600699471965205 -0.0838974487546366 -0.27595401328905 -0.0699850143205267
-0.535824147159212 -0.233245077192722 -0.260750680222669 -0.25218902449813
-0.497490326971802 -0.299982545478925 -0.270692396266242 -0.0259000099030251
-0.579737999926455 -0.253349828728614 -0.150439328399639 -0.0150910950826507
-0.584844721443788 0.0761864853390627 -0.1103098085667 -0.0468535425191069
-0.454233993394347 0.383945129358796 -0.0481256865426119 0.0081244353436614
-0.212446459482733 0.519384054875098 0.0141226458248573 -0.0568235796195093
0.0179390075092491 0.535800995209413 0.010613341506849 -0.0964079810662724
0.201378357556189 0.460723892178105 -0.0135351220847781 -0.124723338063721
0.232089679277629 0.424223059144705 -0.0232129167585323 -0.129855945689124
0.2605369812403 0.39998577049463 -0.0385345871017695 -0.108563205556237
0.201388709593317 0.530587291403155 -0.0311228814069741 -0.114140678496379
-0.00810685582629024 0.593082387631342 -0.0133829799500876 -0.0827358561596378
-0.234005584625988 0.628560860868063 -0.0145678291895878 0.0166279809218222
-0.551411264533817 0.392681234752917 -0.14058199103559 0.0707372458560061
-0.692981260510245 -0.0224763956137181 -0.160815940399484 -0.0340664377551995
-0.656093652143334 -0.215679288045129 -0.0598319805732487 -0.147668300216994
-0.541418127672481 -0.288807062870713 -0.0771994673271835 0.117493374607071
-0.638741011547343 -0.223837739069502 0.00548960655511917 0.0516723013265687
-0.628121842922254 0.113327047447348 -0.0625694259627553 -0.0303678081687971
-0.474582013674305 0.420487765950638 -0.0792689852117302 0.0323772504380949
-0.227384567695205 0.552997600377334 -0.0328650517582455 0.0613377760824128
0.0157914699333592 0.568718343465161 0.0232019238322761 0.0827486062332083
0.199972574230603 0.488047422994924 0.0627988467815401 0.0643702722105335
0.22400455609068 0.444106736723517 0.082916995063356 0.038508087604298
0.241327509274394 0.414681692652463 0.067790651026412 0.0493707385920481
0.182788160006152 0.52984341256724 0.0502619397649467 0.0311189426407824
-0.0226964022201 0.57972495854298 0.0235826040588351 0.0330650915862714
-0.227413475923023 0.596581541574932 0.0126107187407759 0.0586110937240082
-0.506904420833451 0.385595736199659 -0.0754221933365857 0.0779075205481682
-0.66112756017176 0.0115593496630176 -0.0313810012170739 -0.0195309444604041
-0.662871992780876 -0.171869811708621 0.156152966370856 -0.0541772416792532
-0.499770153314121 -0.220667913776501 0.131379305948225 0.262057672842586
-0.578384217859826 -0.140459791205878 0.173994874903525 0.124511190973106
-0.536763214756534 0.144597274645748 0.00540929658174624 0.00610077473090967
-0.387665887441058 0.375238544364284 -0.0865529383017372 0.0664056282922057
-0.191448024324571 0.481164801506716 -0.0626771941655062 0.179468655028352
0.0188905994314524 0.495386507661076 0.0445925297273659 0.254237604827303
0.170905975554319 0.433035465590688 0.136305029732171 0.243820377418856
0.18100215570891 0.396516099308077 0.177335491591669 0.199788589799972
0.183832940435377 0.374159469316639 0.157597522790342 0.197935392246705
0.120286290895056 0.456774005419786 0.112222080715545 0.168506597064835
-0.0567861026051739 0.47350389345968 0.0440270958922682 0.139381378398111
-0.211856233738281 0.449102852665246 0.0209022402089894 0.0920979433396487
-0.395612064702309 0.286621083504121 -0.02334265033709 0.0685839174041441
-0.524062460993765 0.0175171249608927 0.0811278630504551 -0.0171057411170334
-0.565293727508591 -0.114932583889217 0.346785637171187 0.0271578845637022
-0.372415436304646 -0.112144025356238 0.320954017030459 0.373967945504995
-0.397380711604792 -0.0326755869133627 0.31951590002732 0.176167015263846
-0.327097930710412 0.138041809190929 0.0821398766919238 0.0432190234319041
-0.219775547909296 0.241946632363161 -0.0627368270689426 0.0898767630666578
-0.121189126776706 0.312239737530158 -0.0628665134782729 0.262573619890253
0.0152556834591674 0.334312072401255 0.0741979339049225 0.377298068537788
0.111501800855837 0.306369215371827 0.198535372392229 0.380036527230775
0.111437001281798 0.288498222492902 0.245175870149966 0.329920340811877
0.0998241965524247 0.281141165413033 0.213587864946067 0.319843958215468
0.0429806351512662 0.321252206039393 0.136197882342715 0.283458239224543
-0.0808761878276002 0.303493865886959 0.0310880172221921 0.223183745449569
-0.165207340907671 0.241104347855586 0.0036477076638745 0.109799130488474
-0.232713497915206 0.155842885639977 0.009267529178381 0.0500701762824133
-0.324799485762146 0.0223998560894115 0.158939812640106 -0.0110748273446498
-0.397173988061111 -0.0454070756550085 0.482793388261511 0.0937833628336332
-0.171823295177284 0.00954521355510153 0.455475505480874 0.430884870421133
-0.135071206146619 0.0548527064115036 0.421413574832054 0.189852831418665
-0.0665518796974433 0.0794934429740985 0.157155554849855 0.0564747542515383
-0.0395807706224137 0.0507652500127257 -0.0189654882542453 0.0838880790739299
-0.0533336211208318 0.0914777328040309 -0.0422019849233363 0.291305979293268
-0.00508481612579809 0.123225889521208 0.102947501016931 0.429153713484455
0.026758812186414 0.134623706260592 0.235821749054888 0.450413541905479
0.0237760753573952 0.138125635968435 0.276836832040782 0.408234106436674
0.01159825450202 0.144158504687463 0.229697545101457 0.399658348447101
-0.017045562370407 0.143647330011054 0.12215702044726 0.362228949901266
-0.0663385950248778 0.108044073048357 -0.00638471910137433 0.274396808025126
-0.0706293565044834 0.0423825036593213 -0.0276945450261219 0.108825753962523
-0.0451658826312492 0.0544934325732172 0.0311484891535298 0.0285700461521619
-0.1086802407129 0.0580067832624147 0.203812546044304 0.00315745341235106
-0.18929063384399 0.0424241282639255 0.54781820383786 0.139591432832265
-0.054502722524867 -0.10186551022793 -0.587617047873521 -0.160112736256974
-0.104186470558031 -0.115585642559969 -0.346276579156051 0.0171137345732475
-0.139186285219135 0.0143212443354642 -0.0766853278686138 -0.00402088778123466
-0.0665324990776156 0.10988529808648 0.0581585050894159 -0.0444026040432512
0.0138090861563611 0.0851507348626673 0.0608746891777365 -0.259328284046702
0.0353619676276024 0.0590660893845128 -0.0875241991406229 -0.395601687646856
0.0624127894781887 0.0283203771497349 -0.227852417596486 -0.444895602358023
0.072554412205583 0.0305333628223754 -0.296708977034582 -0.436537639511303
0.0906874636615269 0.0388516223091432 -0.278704980773983 -0.441885378109705
0.0755906739773209 0.101698410677816 -0.176372482709921 -0.425034948737294
0.0135441646710943 0.138561099852521 -0.0411906034915156 -0.325269533310354
-0.0794589610829991 0.165843334318189 -0.0442915260712163 -0.119623081106181
-0.185989168329574 0.0349937280291507 -0.19667454001407 -0.0491063439414762
-0.139734511109779 -0.122952697973081 -0.371077919158811 -0.171723052278284
-0.0671168407533622 -0.129313962826172 -0.513604682010305 -0.416580870047776
-0.246680595859206 -0.179212946626476 -0.549340359723763 -0.168058978546593
-0.29262296445479 -0.169497880161046 -0.334813542072805 -0.0248817144493388
-0.304998239979111 0.0466446639583193 -0.115681924929344 -0.0173845569056321
-0.205438309622124 0.229327472390518 0.0337877276522146 -0.018090660622
-0.0548340641918352 0.264041838786882 0.0702862459056454 -0.221086177361115
0.0518943750323778 0.253996728161585 -0.0476534469227939 -0.352134278125002
0.144948510976698 0.205437798488349 -0.176852285706265 -0.399681483330957
0.164838549320067 0.200717115984021 -0.240576307775052 -0.387906566346266
0.185724181505281 0.203265635261578 -0.239351932941231 -0.374787572584627
0.143878787992982 0.307184683613186 -0.168701813172653 -0.363540919768329
-0.00168172965807524 0.356960959512726 -0.0576439827624178 -0.277956539948548
-0.171299000896307 0.386383891036229 -0.0548677291698928 -0.07867470044469
-0.388615453035987 0.18499703107334 -0.216018813076885 0.00403795069225589
-0.419161542016935 -0.114791394235623 -0.358754777916417 -0.115049031734834
-0.34055571807137 -0.19909231349297 -0.438391446401446 -0.342606847403285
-0.40968398578035 -0.245635991547973 -0.44554391694542 -0.115746200433518
-0.467517166605351 -0.217426719717762 -0.274452198368241 -0.0378399581569661
-0.464189988370062 0.0699524096357236 -0.134560385252469 -0.0374238205683049
-0.344421545491493 0.331967225444718 -0.0076661950849153 -0.00392960321208632
-0.13434054067037 0.426313935327393 0.0487597305661559 -0.156330441922817
0.0538747794228897 0.427995777362489 -0.018471879147174 -0.251416106021269
0.203939954380211 0.359465190559016 -0.105805010981608 -0.289548079467488
0.233559064711574 0.339023669359153 -0.147355722679325 -0.280951540920519
0.258765935075677 0.326158274701007 -0.156913346830196 -0.256242427837726
0.208421608233464 0.455981467966409 -0.12072841923184 -0.253472901095386
0.0117344799885923 0.526024217507583 -0.0513378902077139 -0.192720237533373
-0.205234961276174 0.569407476240185 -0.0442984863376495 -0.0310878599193611
-0.511796741612519 0.338151500936358 -0.192238241862093 0.0541336805025331
-0.62348450150253 -0.0551174814784106 -0.286703855975003 -0.0584699731123334
-0.559741568932753 -0.215009951568538 -0.281976894593146 -0.245730743933456
-0.520531738172899 -0.282096879715462 -0.282950396091626 -0.0110787850401023
-0.609545200552321 -0.231643296886757 -0.156916459311879 -0.0090963558664421
-0.590662382147224 0.10394243070221 -0.119571470804362 -0.0455639877782505
-0.445251099040191 0.419616399115325 -0.050294922767458 0.0100512192967882
-0.189966417965025 0.545886827982327 0.00588820297433068 -0.0602168354226163
0.0513492359241088 0.550456660297128 0.00292254137537893 -0.0998182540871437
0.23599864586838 0.462300800411875 -0.0205131576220417 -0.127004337646178
0.265496292976359 0.423665045232417 -0.033084680158202 -0.132827955210644
0.288404868620509 0.397580807862713 -0.0449707789507792 -0.108366933051278
0.240824862504591 0.534264282965538 -0.039517062529245 -0.116224005791874
0.0238371033525881 0.613146022058808 -0.0176240198164959 -0.0829080521787398
-0.20580602111488 0.659808504556389 -0.015164066845975 0.0163400636936328
-0.544447226132953 0.432117557282641 -0.136504113319641 0.0821874054164636
-0.714687456976497 0.011572565518643 -0.167711291419358 -0.024903863215779
-0.680593085666993 -0.188973194563425 -0.0689035124661044 -0.151723299373057
-0.56448807670085 -0.266355184227445 -0.0776662653889777 0.126148422400249
-0.667011128004084 -0.195902143660474 0.00602064623793384 0.051490613899963
-0.633208906892693 0.146641966215559 -0.0695067469798264 -0.030510432897865
-0.463718723937325 0.457282969756753 -0.081338529597887 0.037127492465384
-0.205190862772514 0.582138911498424 -0.0372430892617203 0.0629459368804716
0.0503538913564725 0.582756986586344 0.0256865735960432 0.0832699376678575
0.234195213845463 0.488331682369913 0.0690350410430326 0.0617709501322127
0.257931125696389 0.444325826302185 0.0850039895006964 0.0334795575023288
0.269680028236691 0.414431583173317 0.0735808593623689 0.0479193139131859
0.218417041887369 0.53406485883105 0.0528128186153847 0.0293117351757416
0.00964092681738138 0.600665527221474 0.0273022968814199 0.0337514114499567
-0.198144000377746 0.623550492050857 0.0146134881343502 0.0593016837779816
-0.499029460415102 0.422895097943672 -0.0698378263534648 0.0870788690554291
-0.679597989765683 0.0459779078252718 -0.0328094880249723 -0.0162378303932741
-0.685598101040247 -0.143200005364804 0.157287925900828 -0.0676143338714138
-0.519152721931591 -0.198416496200191 0.142730515519993 0.263866632664586
-0.603013003243296 -0.11445342147777 0.182502867151598 0.118029686439735
-0.539094182101479 0.174399264835043 0.00304243517912594 0.00436843427179856
-0.377470545608796 0.405394869097568 -0.0869740620225664 0.0726287604303094
-0.170213664977339 0.506050090727187 -0.0610071988376363 0.185954395160049
0.0480700912390169 0.506788984141648 0.0580472584060507 0.257645217108618
0.202043072113315 0.43319717203104 0.155562032215897 0.240485587628951
0.211699601366233 0.398167136132417 0.190973858121162 0.193364922546786
0.209269476874656 0.376415806988905 0.173866617163853 0.194759270232183
0.150387375177634 0.461504673197262 0.125055835738315 0.166727717401184
-0.0305727067339508 0.491886424405223 0.0540875345636117 0.142122965984625
-0.189032582061477 0.470623367806808 0.024637000619429 0.0929048403902207
-0.388501593649143 0.314540746301536 -0.0179513990484443 0.0745691224165366
-0.538243098329165 0.0454860861043275 0.0825108815144881 -0.0182913961919674
-0.58422797390632 -0.0894687733674194 0.357744831400163 0.00432763249074341
-0.385477759857355 -0.0932906114412403 0.343148639725788 0.368036824009599
-0.409180836573622 -0.0117818682936713 0.334837418245712 0.164516934833873
-0.325935557943485 0.159754533496521 0.084565638343039 0.0396063117919732
-0.212256006667986 0.258625281928515 -0.0613286813288829 0.0963365867433957
-0.107074859203336 0.328085959134538 -0.0554057338559397 0.272455174127463
0.0358515854934949 0.341683840289078 0.0966321250336347 0.38165273921342
0.133421514734693 0.30754502805648 0.227657945942642 0.376675525546654
0.133142060317726 0.291735576815328 0.268594191209387 0.323027179450236
0.11892347205005 0.286137663580308 0.23863615503208 0.316148864431418
0.0629276475124056 0.327672952343132 0.157432498676372 0.283390928978165
-0.0657464443868354 0.317349095418828 0.046462311636254 0.22879378109894
-0.153843073750869 0.254319366440533 0.00785307522842853 0.11279444590694
-0.227594626155837 0.171494679174927 0.0126032060765587 0.0539096503043782
-0.332729009458235 0.0412186813821633 0.163207290321856 -0.0167158220503726
-0.406631368818629 -0.0244929972535517 0.501238172743524 0.0640126122239894
-0.175459692197813 0.0203126721815831 0.485973047562881 0.418562796979354
-0.134264536661894 0.0649840904763107 0.440255290926245 0.172770872518782
-0.0618546005545979 0.0858558865981876 0.163651292168724 0.0502864438658207
-0.0379241676647792 0.0521980851485741 -0.0169561827327732 0.0876818217448742
-0.0494442643197871 0.096988985513898 -0.0307495872917644 0.300377005253592
0.00237825579489471 0.125885942884619 0.128613053126191 0.434226381203519
0.0364124815792769 0.135947023685105 0.269131049750176 0.445789688230893
0.0339730707373091 0.141554832129265 0.305511737798262 0.402715050703488
0.021012541684805 0.149596449397321 0.258434280110286 0.396735493030981
-0.00926028077042489 0.148599135199594 0.148347970918678 0.364339235906254
-0.0614776874033156 0.113496404151125 0.0107731524940118 0.283647512283732
-0.0691227700610586 0.0450990411077806 -0.0236066324639483 0.113548585146355
-0.0395307742458524 0.0578529604116254 0.0324068217490164 0.0294132325891191
-0.107878582599653 0.0670364815751418 0.209467435292831 -0.00531559955301026
-0.191141331980833 0.0548197600215465 0.570973554612224 0.107180891081241
-0.000182420213621919 -0.110555789748303 -0.470828181418278 -0.40091940957321
-0.0425412571964646 -0.150795254546816 -0.321558611723326 -0.129071552545093
-0.133292674785739 -0.0480469585542396 -0.0641643089087894 -0.0362542843190005
-0.108850570320324 0.0735993673911023 0.076371994180105 -0.0147817016430101
-0.028752818303396 0.0848370682145489 0.170834067153836 -0.209318504368952
0.00252655409875113 0.0704410214249617 0.0927300720161659 -0.395881794295834
0.0408221514932087 0.0489066725328596 -0.0163906169445404 -0.499228130684241
0.0512071683303143 0.057099716391312 -0.0845009738275491 -0.516962062655097
0.0617832212850957 0.0714582331268589 -0.0662824093608498 -0.51474683413853
0.0244451558467207 0.122396968936401 0.0169585961032208 -0.455762154946793
-0.0481629334886439 0.133005410612612 0.0981866398112085 -0.310143812820394
-0.144022287987901 0.116089662177151 0.00810179574308707 -0.125130217166934
-0.189084542328788 -0.0515929761086928 -0.155241829670336 -0.135380748528749
-0.078775440508961 -0.175600232937301 -0.256908789265637 -0.329309579881745
-0.00596183286780059 -0.146248213521817 -0.267489228852563 -0.615015256906546
-0.139453164603201 -0.263660801354667 -0.436049451709987 -0.387087443383438
-0.191809209249312 -0.280902755178436 -0.290419505892621 -0.159688400478401
-0.295861924294463 -0.0905487863068302 -0.0905979631988451 -0.0622104659019325
-0.28443797741746 0.121054174653633 0.045388606268231 0.00279089187485698
-0.167543802161229 0.215979955765947 0.169552010048095 -0.166715179793679
-0.0636175504902072 0.254668375555641 0.115562629138395 -0.341307034446337
0.0421442318101087 0.246968790690629 0.0130509296490115 -0.43782855417138
0.0627444001622293 0.255779016542638 -0.0529677799165697 -0.449590168567199
0.080168736087652 0.261514883537038 -0.0601119572291544 -0.437702489355804
0.00237839340286819 0.339314072463501 -0.00447882375980646 -0.394685084940855
-0.154515552398846 0.328445148114176 0.0562225158109356 -0.271871741772397
-0.317766393492824 0.275655744000716 -0.0271289713423496 -0.0909148373769342
-0.437311833352784 -0.00431891305004933 -0.20284630120037 -0.0978995090279245
-0.336819285923482 -0.286950858291965 -0.268556233220548 -0.277912631037248
-0.223107256217446 -0.32672758777181 -0.230476344792161 -0.517309468505429
-0.257867491997391 -0.395941026805078 -0.367221389244591 -0.291266729910786
-0.33063590524595 -0.399927873335999 -0.226054922342635 -0.141915317112759
-0.449572764736874 -0.137518183078282 -0.0968802612177494 -0.085469644297505
-0.450768942957562 0.153031688631928 0.00360747467465376 0.00241666216643622
-0.306789532870202 0.327860839177934 0.128279537735736 -0.112950681704813
-0.13581759755458 0.414603203212578 0.10290310709165 -0.239408322680102
0.0313776338198903 0.41379250390504 0.0332778514447154 -0.307431467652138
0.066302907690491 0.413162089502158 -0.0124133917291754 -0.31343525962697
0.0937987256906386 0.40606119780147 -0.0357829093583245 -0.295197397356594
0.000507260659417494 0.502849639801601 -0.00963193830670536 -0.274767075506127
-0.212709716534314 0.489815537860771 0.0210558632696466 -0.188324659655151
-0.424949014147073 0.426620497009151 -0.0428494045056625 -0.039880505003645
-0.615136516862059 0.0827532839184558 -0.20757249318238 -0.0425682884077618
-0.547029953832794 -0.319532992457113 -0.22806921745444 -0.197324860940312
-0.413457984972491 -0.434507870292341 -0.130124496252402 -0.360291852284215
-0.344455753560271 -0.479395117046687 -0.265690643978836 -0.120601386098963
-0.454041593939927 -0.475351036871272 -0.128803367215848 -0.0613515718963527
-0.580908341617383 -0.162669524506123 -0.076317248373978 -0.0825266434112614
-0.577454031741294 0.188875449688233 -0.0393017759607908 -2.62649867894266E-05
-0.408399494505827 0.411738341912157 0.0522064047275854 -0.0418705640359625
-0.18880309396043 0.523300031803013 0.0587234221409452 -0.0936625529631429
0.018064508338058 0.519862957627242 0.0423504947489711 -0.124848065181436
0.0598489275586477 0.506826339309854 0.0285480563805786 -0.132579057958273
0.0924810689970214 0.485781979436403 0.00377450842247919 -0.114901364447952
-0.00217750393067756 0.586612096648909 0.00506588682831779 -0.11620662290345
-0.238051338773627 0.574526680056572 0.00294682059831505 -0.0727465019455823
-0.462673242047106 0.508461600734943 -0.0404105389252154 0.0176288034268959
-0.685057488817488 0.152375558153094 -0.172109746137063 0.00895895038183545
-0.656592871673989 -0.299887096159608 -0.135109606575126 -0.113900023012491
-0.533188407518846 -0.463128626314724 0.0191249731159558 -0.177624787392538
-0.390476849755822 -0.488858801397278 -0.138328551837881 0.0959041857391547
-0.52583416953011 -0.469690937913102 -0.00533953455724081 0.0647534079081927
-0.638446192340446 -0.142233328185118 -0.0349006751373257 -0.0457315132733898
-0.611170483252643 0.214105461109667 -0.0784560468366891 0.0122591520875937
-0.437916467559994 0.43820932718443 -0.0404630278496377 0.0523013965978844
-0.202753968870687 0.552066875429846 0.00100013263426126 0.0813377000069512
0.00727809129732228 0.547172401951919 0.0432219725837435 0.0835163491168998
0.0452745030819694 0.523935378720945 0.06518468775494 0.0656102220106604
0.0719795479679687 0.494577653138946 0.0446243970583892 0.0754842488596436
-0.0223628167250349 0.578168573091768 0.0278677573438416 0.0537292706363959
-0.244799171353089 0.557573892001927 -0.00582272608663644 0.0519675002588901
-0.438407464826286 0.478070960657848 -0.0324037112485215 0.0682190946048591
-0.63793684595342 0.164688227921214 -0.114321446249708 0.0433713073368948
-0.637258748962994 -0.251594214180378 -0.0173885542511889 -0.0438444582625005
-0.556414866368377 -0.423473068386288 0.184872029041476 0.00170178787000008
-0.382636395121704 -0.411269554052947 0.00448859156802363 0.318215963617587
-0.50279845564133 -0.367482405715583 0.126432924287489 0.19941056338538
-0.565771427249368 -0.0757057192981512 0.014840455681983 0.0154628504878844
-0.508902553590062 0.204157370600194 -0.100887833986008 0.0394970766213785
-0.371855791562185 0.38408103265635 -0.117360638039704 0.151796959983545
-0.170650676969579 0.481314107754139 -0.0480446459855464 0.253636127875719
0.00210241084933898 0.484551714661921 0.0431207353546558 0.281835986332242
0.0240388688718226 0.460742063775053 0.0931200258243297 0.254248522603865
0.032832922322664 0.434259796188161 0.0734727361719565 0.250323414012402
-0.0531419653780097 0.484529387075791 0.0365512983776522 0.206775666156276
-0.235252312313244 0.441004981719026 -0.0244484998396835 0.158216846630109
-0.366612616293818 0.34368624151517 -0.0344459978516384 0.100314833869965
-0.488589609742178 0.11632223701953 -0.0590579487962995 0.0575964087346648
-0.508074096145291 -0.190882477792614 0.0880286861322897 0.0101809922453699
-0.488033391292532 -0.328718372368391 0.331211005643827 0.160713438184567
-0.307882318201948 -0.258873277349669 0.144788299353057 0.49821239427535
-0.372303489373379 -0.191339425641932 0.242976747812896 0.302978518798551
-0.365094699378829 0.00276901200855456 0.0690968567961272 0.0790077460636904
-0.299209941632621 0.141870174336813 -0.0909886535473559 0.0673963135714099
-0.235504743236159 0.249623061451024 -0.156851881576521 0.228045424129281
-0.108743445614564 0.325602275389914 -0.071632028278159 0.384779896615512
-0.00574449268847227 0.341350009794996 0.048122783738288 0.436484358517623
-0.00191948433200678 0.329539533741629 0.107963321361827 0.403085611046558
-0.00968441860316806 0.312104504844168 0.081611650509422 0.386356556138734
-0.0763738199914147 0.32674337621722 0.01999809532876 0.322728270847003
-0.192221096628056 0.264966840716286 -0.0642567786637804 0.231032670693332
-0.241680993501539 0.164429310275828 -0.0528358845087777 0.107779095961141
-0.277588038128243 0.0562110477175096 -0.0192347169698706 0.0541530366918407
-0.31722770068573 -0.103550158043735 0.158556409249037 0.0527215848891049
-0.355922733082278 -0.194921981209358 0.430378749918913 0.282123619819716
-0.167964142348238 -0.0658746219801056 0.25536268756733 0.601291373640652
-0.153984340837514 -0.00293839012426361 0.330006515611922 0.350041448012974
-0.0936155293996082 0.0510229743704876 0.129913148725791 0.117700500423542
-0.0547331312241638 0.0277975305059589 -0.0531699816537332 0.074182642855988
-0.0825272934318314 0.0644318678121817 -0.155950197559066 0.261168462897787
-0.0472899061539473 0.114106411871785 -0.0695403717541189 0.448268144873303
-0.0206266795835275 0.143330287313075 0.0526672427732638 0.516183587516822
-0.0277442182260238 0.147999035419329 0.107552122311444 0.489634302917267
-0.0401236486442843 0.147174761759503 0.0663591304698995 0.465667950860532
-0.0681233769835577 0.133520932166731 -0.0187068817255535 0.390148190720158
-0.102168764090873 0.078479430736302 -0.113074984711684 0.262071820587724
-0.0786845892515309 0.0114619213684331 -0.0747341706467708 0.0924873735464884
-0.0577132616109991 0.0368681007688748 0.0124271593511985 0.0427772918362642
-0.123990150917986 0.0168632889268206 0.192734723493288 0.08876879198204
-0.194723532979897 -0.0307777705986552 0.471131595124189 0.357151064577842
-0.00516115966458406 -0.108784129067893 -0.484035487635209 -0.366625523934555
-0.0523921641466155 -0.148766108314541 -0.322775533387518 -0.108507219238556
-0.134836141494815 -0.0403917772016903 -0.0651193509945178 -0.0350218728202783
-0.102619032453847 0.0812880309563544 0.073651400397985 -0.0202857002079585
-0.023220698839001 0.084946064791984 0.154077820022801 -0.215086719639069
0.00695104734539094 0.0699223425227255 0.0652013072530925 -0.39389667028644
0.0427281390002028 0.0457549981080241 -0.0501858528531643 -0.486180683493643
0.0525822807714517 0.0517633966863522 -0.113892648524511 -0.499774337247211
0.0643067502420557 0.0641429450145858 -0.0976554888341025 -0.500556580393958
0.033044134411183 0.118334036594427 -0.0129562818709868 -0.449767757810502
-0.0401287068435582 0.135756057680183 0.0781453712128172 -0.311948834670407
-0.134786755657242 0.123866829718826 0.00200111785992745 -0.122971083856133
-0.190180827332418 -0.0402345566563492 -0.158022534963501 -0.124266007405052
-0.0876246860885285 -0.169475366827846 -0.271884224340045 -0.309359236821882
-0.013538137393466 -0.144464523067774 -0.296649627273141 -0.58496233360641
-0.148469947151317 -0.249725160294529 -0.450867857436024 -0.355141564868779
-0.204895432715624 -0.266534269230961 -0.294519683312305 -0.139674170732863
-0.294089175995928 -0.0733903733694408 -0.0936774521064091 -0.0591423641309802
-0.270404630098091 0.137765830328214 0.0439600163406893 -0.00105556066343318
-0.151287617198662 0.223383278205879 0.154404342464129 -0.173941089958269
-0.0458408953075207 0.255063412472169 0.0893537664107728 -0.341611684014983
0.0570296760874209 0.239423907118612 -0.015432168778354 -0.428348233952084
0.0770795624972714 0.246604212656743 -0.0799386670872561 -0.43692479245796
0.0938908551505839 0.250163906886272 -0.0848499244869227 -0.424085114309849
0.0245480098698034 0.332566742838692 -0.0295873783863396 -0.388740470848331
-0.132141703853174 0.334746802842633 0.037816803048406 -0.270177596534338
-0.295611056819499 0.291099058820353 -0.0312555287228811 -0.087584755716604
-0.432486038305223 0.0219570732112566 -0.200808452809941 -0.084115616501721
-0.34825124098201 -0.265659883981275 -0.280215872378287 -0.257618740593705
-0.236115071281308 -0.308990795290378 -0.254970358864924 -0.491988060312998
-0.270561483023558 -0.371098237438134 -0.37912542463863 -0.262555163521246
-0.347254157278045 -0.374908960838669 -0.231555582484004 -0.12654748862577
-0.444073836837072 -0.112488649949171 -0.101214085155649 -0.0816991445413855
-0.430754129345863 0.177501156536538 0.00321227260833651 0.00123780797033821
-0.281698237764981 0.341825112157665 0.115894757675769 -0.120404554994531
-0.105423048615729 0.414742314073004 0.0832706976012907 -0.24144577106324
0.0574432720651143 0.40346603230032 0.0134155727669254 -0.302928817333197
0.091456289681965 0.401838715014535 -0.032450335510255 -0.306787917829072
0.115600261772956 0.392639642850279 -0.0514631055463489 -0.286625247472299
0.0328429400486048 0.492577881166162 -0.0279046769633904 -0.269874973121872
-0.179129908313664 0.497329794712525 0.00877021476282894 -0.18601890276835
-0.39047111010287 0.445261259403912 -0.0451290355528468 -0.0366564618673707
-0.600035704083385 0.116300623481132 -0.202469511474062 -0.0279605135472175
-0.557220906246123 -0.286073899121885 -0.235873001821536 -0.179945967441259
-0.429265692117878 -0.402213665234773 -0.146394683266739 -0.34671102365958
-0.358703495519658 -0.448073400425617 -0.270746846878656 -0.102168595774914
-0.474360135912543 -0.440949567780398 -0.131592560207564 -0.0540059701935281
-0.574836615895879 -0.129739157929955 -0.0807324077531981 -0.0800473501056913
-0.555134722761545 0.218864310520405 -0.0392658773073257 0.001438858461331
-0.377628875835775 0.430498795255561 0.0426609385162677 -0.046445082225082
-0.150475282506315 0.525363850399517 0.0490049432160008 -0.0952912294751643
0.0509176713586904 0.509451972536263 0.0338975719814103 -0.125256725059757
0.0921581083321022 0.495334380712918 0.0188210176751469 -0.132775862968306
0.119790341937196 0.472309788193661 -0.00141578908389922 -0.111938422692472
0.0353326212188475 0.576035016114972 -0.00350813696691505 -0.11434880088521
-0.198832882506779 0.583576781031144 -0.0016286329477506 -0.0711485167874767
-0.420229767174768 0.52834631824729 -0.0401133985842834 0.0195118667058114
-0.664474800488449 0.189092202480577 -0.16360868268954 0.0219949449460047
-0.664591231246959 -0.256960436523733 -0.139428952287022 -0.102585190418612
-0.546711129073487 -0.424557934529392 0.00988407640649541 -0.178111739531112
-0.406264531145792 -0.455358468791277 -0.134676666901451 0.103406297406395
-0.541969742999244 -0.431485945914156 -0.00288678132483289 0.0631205076397597
-0.630171887757051 -0.104825487927914 -0.0380221277822063 -0.0452464296161265
-0.58584372083288 0.246048082442592 -0.0774209219519909 0.0154466696596657
-0.402388874540416 0.457434330262427 -0.041832448697851 0.0507331589591683
-0.161993371803685 0.553482058865322 0.00282127115153528 0.0798223526757685
0.0428561032505417 0.535518742308876 0.0479253881318037 0.0784335053100927
0.0796878047312693 0.512516977949069 0.0661868130996082 0.0595691568565441
0.0978214955382375 0.482853008436214 0.0507767589361183 0.0728785398495269
0.0164508366001746 0.568841328081475 0.0296606236131517 0.0512716138320884
-0.206121943067004 0.566974789411422 -0.00265366717578133 0.0522247071979466
-0.398230742154736 0.497068856242808 -0.0293523737533651 0.069129113142851
-0.616707424908911 0.200132702197953 -0.105499079606007 0.0526350278603415
-0.643256079743389 -0.211768456626964 -0.0194127211441367 -0.038519310557021
-0.567012744896109 -0.385069026727389 0.1825266326148 -0.0123973617200585
-0.394337004176689 -0.379611627654645 0.0173115693938524 0.312216184368034
-0.516046371058309 -0.331756610746447 0.134126772135918 0.188292632405501
-0.554968409460666 -0.0435825099431095 0.0148982091480721 0.0124551538135612
-0.488350486828129 0.229658012416457 -0.0976536369036874 0.0441096621757656
-0.340867217794883 0.401478236278126 -0.112962413146741 0.153958131416124
-0.134863781799532 0.484536766537979 -0.0341513795291199 0.252455166107935
0.0337924487979017 0.474379527575928 0.0608629872969192 0.27213731458278
0.0549437682839598 0.451746458810332 0.104486464241046 0.24237647069339
0.0583759504540524 0.426121812449299 0.089733568921589 0.241588776796063
-0.0212899419245092 0.478838361440362 0.0495452006442754 0.20082293448924
-0.202685988328821 0.449940972217126 -0.0144454708341787 0.159385618655257
-0.335155456880768 0.358505163868371 -0.0295558354623132 0.101385849509083
-0.470140795802739 0.143149969271943 -0.0533457662383022 0.0635199976447554
-0.509631678683175 -0.157111633788364 0.0864862287957473 0.00773292760543675
-0.49634069592465 -0.29461822285565 0.335096119719919 0.132727335398306
-0.314581871670378 -0.234727337862685 0.164472105661648 0.481209840171795
-0.376895742354608 -0.165199886426263 0.254501679803771 0.282816774305853
-0.354938227393018 0.0237565965492216 0.0721995374227843 0.0732384382895104
-0.285092165054385 0.155192095909262 -0.0875144477024432 0.0715562238419284
-0.215465336093502 0.260177502616884 -0.145084616734977 0.232298444466692
-0.0859193889681573 0.325315454770266 -0.0483820742305701 0.381916187804108
0.0171189517020466 0.333324912776542 0.0744751978351393 0.42261853306928
0.021412123771966 0.323709601886784 0.127919593414058 0.387574185691883
0.0096909864323465 0.310174559802246 0.105275552615669 0.373781884483407
-0.0547708174628476 0.325221254238673 0.0403272484917315 0.31610125336424
-0.170995236228994 0.272101943889838 -0.0474883032868253 0.232224877855573
-0.225149780572868 0.173751471125725 -0.0469966889240109 0.109844272487725
-0.266010174929692 0.0721460519998256 -0.0162563839468687 0.0568592436815291
-0.317284770615931 -0.0816444345247613 0.15800109707797 0.0442183407910564
-0.358611556894309 -0.168879007841537 0.439933645163595 0.24528415587488
-0.168671747832665 -0.0534023335174809 0.280674956542637 0.575375062325637
-0.149803311802827 0.00727275227043518 0.342790103486668 0.324929020453948
-0.0857273924375999 0.0559739770793653 0.133948203943966 0.108669346637054
-0.0520591708777453 0.0281289157741247 -0.0495118226083596 0.0758429745512378
-0.0770281440376847 0.0683014850211385 -0.140275976879755 0.264898410331599
-0.038671196970942 0.113584866855626 -0.041731036097461 0.4446819918653
-0.0113163643261535 0.140922944477913 0.084624386116024 0.502387146625593
-0.0164386465645555 0.147809817439236 0.13249107056284 0.47221894741259
-0.029308843463695 0.149300667399838 0.0952564626455967 0.452665614934217
-0.0586292619022271 0.135536733276639 0.00742439374582591 0.384802335560416
-0.0939298180614715 0.0820332764089976 -0.0933788758858877 0.26638085967822
-0.0746579491074525 0.0135261951786068 -0.0686751259907014 0.0963373413955583
-0.0505733569342049 0.0399997750554264 0.0123701823300852 0.0431717956646171
-0.12033244374051 0.026132626268539 0.193734324968031 0.0772230582874335
-0.192268963520724 -0.0175861305266405 0.483068762047807 0.315444262849626
-0.00824361382967231 -0.10662242083958 -0.487471231988144 -0.337686438137778
-0.059913498586614 -0.144375984867512 -0.317664513809538 -0.092503961293013
-0.134387752109684 -0.0340754426615538 -0.065519806595031 -0.0347568800993579
-0.0962608978037722 0.0861550928893901 0.0705283784648326 -0.0243368200890311
-0.0189547410931252 0.0848278427276599 0.140856228619294 -0.216294561118681
0.00960740325678635 0.0689581827956387 0.0441168384413143 -0.385324859745833
0.0432360751114856 0.0427122709014315 -0.0709268380272025 -0.469005770096176
0.0522613965815269 0.0471011906508879 -0.131341849593435 -0.480240438154034
0.0641771658197093 0.0574293806735423 -0.115838495637288 -0.482764510194164
0.0382184004307624 0.11355668192854 -0.0337182911147573 -0.438090137938674
-0.0335179967791112 0.135838356670082 0.0618960372475328 -0.308420727615187
-0.126969446688058 0.127982828824703 -0.00177159220457044 -0.119409124335484
-0.189439827381959 -0.0315667086624512 -0.155886943500427 -0.11443091607596
-0.0924925128683354 -0.164059778677832 -0.278955048059383 -0.291568260527319
-0.0189737512645739 -0.14111607321707 -0.309378225135072 -0.555022908176182
-0.150894624059017 -0.236499090088212 -0.454069727028778 -0.32618049240892
-0.212025689530744 -0.252543967090472 -0.292274352348599 -0.124757690875662
-0.287697486679337 -0.0617599890114416 -0.0943400205514178 -0.0576063237946933
-0.25556124372843 0.147669643797737 0.042208907613489 -0.00406133896954854
-0.136956990182645 0.22457479164398 0.140987326978879 -0.177043975659268
-0.0325958064078371 0.250412089380638 0.0704781794318767 -0.335981973660222
0.0667645041888184 0.230308059221678 -0.0348558598881538 -0.41513037799657
0.0862004612669372 0.235627658059747 -0.0966347998945121 -0.420810321075432
0.100618222048997 0.239135835808928 -0.09897748123795 -0.40962237586021
0.0396906682657438 0.321834789562809 -0.0476171043948476 -0.37877687306953
-0.113746018599765 0.335197771974114 0.0247933883606728 -0.265452988531841
-0.275107588053362 0.298316304140076 -0.0336305933443445 -0.0834941241965625
-0.422733792336712 0.0388976923752898 -0.195258505475248 -0.073032396761978
-0.351367891026757 -0.247199443830625 -0.284994495115897 -0.240391061913247
-0.241403467036165 -0.292971046950715 -0.264762451397796 -0.469019225196357
-0.271161120583242 -0.350583192184989 -0.380149877195917 -0.23913884508843
-0.354732274979046 -0.352113289019777 -0.231103215192904 -0.114699538295755
-0.433921752317942 -0.0956847557445483 -0.103133830977941 -0.0791183752684812
-0.4113041914918 0.192090368131698 0.00277749282531046 -0.000134930042734654
-0.258248221751567 0.345929051089855 0.10350924433209 -0.123349064698448
-0.0829629441032361 0.408114622514696 0.0676447487489607 -0.237602399932162
0.0750769634896505 0.388534064153619 -0.000238899110714574 -0.294965191825914
0.10821015579969 0.386719642518851 -0.0454846379792374 -0.296704399284825
0.129439637011434 0.377384840953865 -0.0599465770840133 -0.276453231726601
0.0539366800353815 0.477699519884647 -0.0407759872975904 -0.261691689529211
-0.152479402194941 0.495841142340552 2.44791620309843E-05 -0.180843702437232
-0.359975501551959 0.451473773150934 -0.0459795379288876 -0.0333936019508028
-0.581240625687423 0.138058332586367 -0.193987817527318 -0.0180685938133357
-0.556250791690382 -0.258655567558638 -0.237942723461538 -0.165053734693861
-0.431929202744469 -0.376817051892194 -0.153732324614636 -0.332312712455784
-0.360541239367804 -0.421605970407494 -0.270778161171264 -0.0875496057148755
-0.48009720910945 -0.411160948973481 -0.131747796675162 -0.0473839665746615
-0.559227900221673 -0.106036704698742 -0.08321530024978 -0.0784274000292398
-0.529429443181151 0.238186114936112 -0.0393169256219049 0.0017183977279391
-0.349407227748544 0.436162652676843 0.0342196470440216 -0.0485774428591639
-0.121901791353406 0.516906166852237 0.0408771172911554 -0.0940410958439138
0.0725451216183741 0.491755924315322 0.0279377675988663 -0.123644684844828
0.113209003079943 0.477525768691595 0.0109045846257869 -0.130585754306107
0.136381915652217 0.455575868707307 -0.0040859718221071 -0.108723253119015
0.0593155385143579 0.558077181686992 -0.00963891713436185 -0.110713316647889
-0.167007902009163 0.580580827636206 -0.00524911135789813 -0.0678356191349193
-0.385939465339798 0.532762630808552 -0.0393008266234635 0.0218055101022407
-0.640818592848185 0.213213978539602 -0.154590797921326 0.0297276874252756
-0.6592414387425 -0.227672260610872 -0.14074177562375 -0.0914007674921024
-0.545892945476184 -0.392029652293635 0.00427869819684645 -0.177163431129181
-0.407615200070748 -0.42633837114171 -0.130795719869061 0.107119805388759
-0.54582469225568 -0.400408842660913 -0.00177442808840729 0.0617424838142812
-0.613897024065332 -0.0811483862790657 -0.0394036644339597 -0.0453010058102938
-0.559726174707403 0.263105133370804 -0.0752539352483475 0.0169604655332432
-0.373296471489846 0.464684326939187 -0.0455462328286339 0.0496282997626715
-0.131568857872452 0.545287616677643 0.00400243179227367 0.0787777031598312
0.0663666167090884 0.519483417783321 0.0503465508358122 0.0733897608935238
0.102572182402065 0.494865403155077 0.0649291518230713 0.0542694017029399
0.116540960813158 0.46790072101568 0.055001053159723 0.0690162769758405
0.0408483911767287 0.552608410061674 0.0303857337837399 0.0493105859203787
-0.175168277647001 0.564010541155854 -0.000588435149882884 0.0531533354539469
-0.366872839255871 0.499821503533177 -0.0268533992112845 0.0695715854230546
-0.590406145262915 0.219837224736557 -0.0973233181092391 0.0588343930708941
-0.635492370756815 -0.181022467107255 -0.0217066711516315 -0.0343862644504843
-0.56391330503699 -0.352986556853195 0.177690190540811 -0.0237971756744622
-0.394605592093238 -0.352359808944913 0.0245791151382964 0.304808492698894
-0.515010597447721 -0.303528035300676 0.136834677031753 0.177769071174383
-0.54039779205383 -0.0227842794222283 0.0144845216692374 0.0104038289909224
-0.465926141563118 0.242972020985521 -0.0941341848150836 0.0459931723940029
-0.315323409211453 0.406712186134935 -0.109616717330073 0.152753413399313
-0.10886895008961 0.474252409645189 -0.0240509951847534 0.247793890154149
0.0551540334471068 0.45824653601256 0.0720111628374117 0.261418892797442
0.0758679195548205 0.437232779628011 0.109668054370153 0.230436253120519
0.0762352100486848 0.415066716804036 0.0992676339192567 0.232069972079216
-0.00108728509469402 0.467971805003043 0.0577255862669886 0.194448893109427
-0.176096987404535 0.448636714840845 -0.00688013478558366 0.158152679526166
-0.309389163347298 0.362215948193745 -0.026084313619468 0.101692582793567
-0.450261847599473 0.158959185110033 -0.0472358670746148 0.067106417233081
-0.503237549288856 -0.132228801599684 0.0843454356359182 0.00663875334221339
-0.490080273364679 -0.265828221267422 0.33134727887339 0.110248347032162
-0.312660170709054 -0.214510316622779 0.175152046568718 0.462190378693735
-0.372973028349369 -0.145698679705952 0.258415434445907 0.265601674256871
-0.34080226067968 0.0371079527756746 0.0733715185557981 0.0674166004559512
-0.270707712387045 0.162031074077594 -0.083207096007108 0.0726236669290114
-0.198139996088493 0.263470624892435 -0.136946898890452 0.231385930748351
-0.0684849818685142 0.318564034115589 -0.0313424936388328 0.374768546368567
0.0319408033863139 0.322334235569194 0.0922436512305392 0.406586362006684
0.0375342060111397 0.314854072455883 0.13797391387983 0.370299711943747
0.0250679524051023 0.303652613586524 0.119786630909365 0.359066894114325
-0.0387449137896694 0.319491816700402 0.0552568690535437 0.306963294484108
-0.152639018795069 0.272544360073641 -0.0349582400071251 0.2302081628324
-0.210060479309096 0.176320750398822 -0.042182087007992 0.110421743878961
-0.252957318717112 0.0812754938539501 -0.0130636920325662 0.059327450282596
-0.31265435625409 -0.0658380898047053 0.155386321140553 0.0388640094028121
-0.3529334804233 -0.148429228750851 0.437222244408988 0.214341719070236
-0.165127465456231 -0.0442771184027045 0.291045980984798 0.548641053425508
-0.144388172587164 0.013342763913925 0.346252112705983 0.303681865771274
-0.0783187029429975 0.0577853405202424 0.135706756470551 0.101423651852874
-0.0499817300068036 0.0275229373316473 -0.0460587622310999 0.0755681168731865
-0.0715277227629748 0.0699891914265597 -0.12927986762431 0.264403203599437
-0.0328017822093018 0.111471533741977 -0.0209728150955858 0.435201281801741
-0.00456163728785546 0.136816249643508 0.104697318907735 0.483365170054217
-0.00787881133226282 0.144851179946523 0.146602762329284 0.453258495497271
-0.0208441705291517 0.148268583710548 0.112253205353381 0.435578756338783
-0.0514941232642947 0.134867468112059 0.026779208060316 0.373933758191244
-0.0876464705381718 0.0821864732873456 -0.0766587420800833 0.264563042839406
-0.0708124236561229 0.0138397050506846 -0.0636363158259709 0.0979083060241437
-0.0437775211728511 0.0407173702611775 0.0121655724356013 0.0440808717642318
-0.115416808007566 0.0326269358779217 0.191219326852336 0.0683761116534816
-0.186350817463277 -0.00752767118032995 0.48338388168946 0.282646110227361
-0.0101686862532074 -0.104262525707881 -0.487241041229189 -0.316960797323107
-0.064867209244664 -0.141021287877543 -0.314030896887205 -0.0818245941143785
-0.134077889513689 -0.0298608477104463 -0.0668401190504762 -0.0352530659867745
-0.0904467996785271 0.0892108985413734 0.0677924239360958 -0.0267077374709245
-0.0158247066439241 0.0848029410643917 0.13152175507566 -0.216465770742365
0.0119633658547274 0.0685869945766347 0.028940180796747 -0.378312712920586
0.0431239951913066 0.0409560524453957 -0.0852159777863418 -0.455126071111189
0.0516147658953117 0.0437936662412041 -0.142462618258506 -0.465208469818426
0.0625761705302452 0.0534697636503181 -0.127167948252218 -0.469107257294841
0.0420518733298838 0.109696309812222 -0.0482105260295715 -0.428932946508678
-0.0281117644892032 0.136878694980699 0.0508795255674115 -0.305694728114736
-0.121441244629117 0.131136475404424 -0.0040212764080323 -0.116884071621927
-0.189328445356738 -0.0258465120828708 -0.153016556106257 -0.109093893866125
-0.0954276096533625 -0.160760682408648 -0.280920699722006 -0.279019232482357
-0.0224900926749689 -0.138613081333777 -0.314464285464206 -0.532587049449429
-0.150267442481296 -0.228273325399916 -0.457178767447636 -0.305450614752409
-0.21550146965075 -0.242592020712705 -0.290617647207603 -0.114913208947804
-0.283274230097464 -0.0546915588998111 -0.0965413215142348 -0.0577021451458497
-0.244910645459735 0.152761099643631 0.0401654951504063 -0.00606130474290779
-0.12705982852939 0.225650562818216 0.130225800880706 -0.177906431515016
-0.0224100173892807 0.24706668760481 0.0561797332012383 -0.330271333316284
0.0727119521729793 0.222972311438311 -0.0478986775943408 -0.404081049385896
0.0919714348205946 0.228022876634913 -0.106862958036014 -0.409401530134784
0.104982152233054 0.230886838842941 -0.107899360490488 -0.398476860771066
0.0502938790989358 0.313177027660778 -0.0613098317107237 -0.369260669531488
-0.100189608858341 0.334698646278037 0.0156139583674483 -0.26103254171676
-0.260597238482132 0.303091539404657 -0.0354689430251192 -0.0804004698200225
-0.415481578088756 0.0503491821512628 -0.190059647986975 -0.0667670706899218
-0.352727391304083 -0.234730609304504 -0.286281710347518 -0.227337263296755
-0.243307368059021 -0.281289132858455 -0.271428514833507 -0.45242358708628
-0.270547363327164 -0.335452093695642 -0.382190197811134 -0.222998604479954
-0.357079767216648 -0.337823491435528 -0.230943354668338 -0.106321852144016
-0.425670087766696 -0.0854816309960534 -0.105243394671702 -0.0787752679350852
-0.394473536246222 0.200359875958557 0.00149217205986611 -0.00149035256259084
-0.242444934298444 0.347371664224385 0.0926888531399407 -0.124647180923024
-0.06736754947416 0.402266854201745 0.0569915325107489 -0.233352073166498
0.0856759514137552 0.37758553055634 -0.0100220305125217 -0.287979765739372
0.118229851948332 0.375317311143504 -0.0543429461288552 -0.28978544450803
0.136944929971914 0.366422581687888 -0.0654456209683938 -0.269786128336297
0.0686651073233529 0.466094859173482 -0.0500747602261569 -0.254741885695065
-0.133071048409458 0.493760062622376 -0.00635962069383086 -0.176986394257891
-0.339035088712929 0.454120601625245 -0.0467509119406762 -0.030272782647445
-0.567561880697637 0.152952308769317 -0.187628279573216 -0.0121993866625714
-0.555902738430001 -0.241671817190268 -0.238857496580173 -0.153436539160211
-0.430973235435454 -0.358502625547043 -0.15850411220972 -0.323798243063263
-0.356984057588539 -0.403334283637528 -0.271105975206607 -0.0774484320636723
-0.481182897615473 -0.391793133852839 -0.131783069586737 -0.0433827331776137
-0.548070678177188 -0.0918953117706691 -0.0854132461012695 -0.0781603798182998
-0.509600171026709 0.247059240237352 -0.0393811481508262 0.00146912362935296
-0.327399554799734 0.439964411121497 0.0262513969372507 -0.0498842011730065
-0.102088060154825 0.509766337761477 0.0346176716638322 -0.0919816249926343
0.0872908775905776 0.477534596590789 0.02343188533481 -0.122440239858257
0.126824940108896 0.463202751241002 0.0053358354027768 -0.128317795571288
0.145952849775667 0.444085987230095 -0.00503940470695372 -0.106823980924876
0.075535870622758 0.546145118031104 -0.014776329119794 -0.107841612230897
-0.144703069427191 0.578271236997918 -0.00757796492047882 -0.0651986698389765
-0.362567560189916 0.532807430268691 -0.0385033501178733 0.0239853137684042
-0.624015820881612 0.227157761464793 -0.147120561672015 0.0345845055736132
-0.655028380387622 -0.205606085731127 -0.140481254261518 -0.0842098648681709
-0.543121131267436 -0.371568126448347 -0.000288345153678578 -0.177201213158589
-0.403997979011211 -0.407538393649791 -0.129486975190372 0.109853072053077
-0.54692070314883 -0.379742476327649 -0.00114638795339112 0.0603978774139079
-0.600151887817974 -0.0674270303730735 -0.041275525420453 -0.0468382117058301
-0.539859727188227 0.27288180680713 -0.0745460835707509 0.0172201844781456
-0.349902537690095 0.468503413249294 -0.0500916397564308 0.048657596046024
-0.111360396554288 0.537146191305991 0.00387412859351149 0.079101719334529
0.0806162327883513 0.504138876496685 0.0527345229643295 0.0689772366616586
0.118043983947141 0.480783404457638 0.0626882459933537 0.0512426162460154
0.130661323599827 0.456656587534977 0.0575516228701409 0.0652588922679387
0.0562677381289906 0.541194085966445 0.0301952400862855 0.0484730533322335
-0.152642310015984 0.561326841118383 0.00104019611135512 0.0536695142936165
-0.341420056002674 0.499671716189657 -0.0260546979334141 0.0709226649853736
-0.574875911446221 0.232149792422224 -0.090825576100782 0.0620910120104223
-0.63067431652735 -0.162814777093771 -0.0220580681099364 -0.029806827200457
-0.559303378748123 -0.328404110967439 0.173738877567682 -0.0327788123785633
-0.391095568034971 -0.334768817866538 0.0281846153378135 0.299561580423733
-0.51399183174924 -0.283780132713433 0.138873275300626 0.170945498993011
-0.525653635829593 -0.00986073410696368 0.0143234059606863 0.00688613346728396
-0.447623251230261 0.251152424300775 -0.0924499928469277 0.0464286476666089
-0.294911637981323 0.409680313649066 -0.109670754360838 0.152662522063263
-0.0912551499123113 0.466792755209714 -0.0177632951422209 0.245244136642133
0.0682104251345367 0.445113046235349 0.0796746185262963 0.252197152482877
0.0903825435699274 0.426974066664553 0.111764358791716 0.222064503571743
0.0898642678698369 0.405366937871241 0.106260725299555 0.223282486788292
0.014429662891307 0.459523936764266 0.0619886980132245 0.189459344282457
-0.156953660214025 0.447369481698115 -0.000982035043007922 0.157009219862989
-0.290794936889275 0.36126290684362 -0.0238091949423108 0.102055376813282
-0.434878481954217 0.167724160360432 -0.0424935050665014 0.0702296248526323
-0.498180228621687 -0.116700495421581 0.0822220269753805 0.00705380868230096
-0.485502941665792 -0.246025989666965 0.327198297476626 0.0938245235292278
-0.309030486768592 -0.201530438171038 0.180247930877615 0.44977145809708
-0.369416914078901 -0.134622922956499 0.260328308914468 0.254003578455206
-0.330284808685471 0.0437875056587701 0.0741629600807359 0.0631556265085772
-0.260524921097817 0.165123600910938 -0.0806929516184351 0.0728737313000365
-0.185443587623616 0.264011464566709 -0.132175789114822 0.23156953067768
-0.0569787934725721 0.312968993255718 -0.0194428496128719 0.369381437353322
0.0412410339061761 0.313536942713902 0.102794271135127 0.393376111908318
0.0487683914416022 0.307427211136458 0.143875702890505 0.358628867124384
0.0354862373271755 0.298501113565673 0.129118144852681 0.34764583986296
-0.0285872906240201 0.314945534857172 0.0647838753962858 0.298941668740609
-0.140123104767098 0.271488874617983 -0.0258049965270044 0.228797584751959
-0.198118868422939 0.176492559646546 -0.0394666379355322 0.11093645461842
-0.242347090604627 0.0870542703612163 -0.0112825696612356 0.0618561234924718
-0.307722156908138 -0.0549586827153557 0.152399490786436 0.0357297222534621
-0.346963788644443 -0.134785665178419 0.433932847048896 0.192352225883917
-0.162502053182098 -0.0380167359597265 0.294835280802555 0.532177834922815
-0.140400894427188 0.016871179362831 0.34722341050699 0.288330836874105
-0.0727618909437223 0.0581948839226392 0.137023495870694 0.0958170991451004
-0.048632277049106 0.0265315116358273 -0.0444665827713775 0.0748599113332443
-0.0679263967564564 0.0701558749396632 -0.121996920919184 0.262674317332313
-0.0288236206404942 0.108587739164384 -0.00845211858516549 0.427251009880492
0.000216801880410307 0.133370187972561 0.118172627423061 0.469683244116943
-0.00176715642221099 0.142636628301375 0.154515484361746 0.439692350212259
-0.0133116335410796 0.147098205990672 0.123705408790359 0.423068466584554
-0.0462300281032514 0.134185742660541 0.0400963475083811 0.365419869908091
-0.0828377881060905 0.0818345206903358 -0.0648662811938092 0.263796218402461
-0.0683987893676888 0.0126338641586793 -0.0602775076233095 0.0988409957732614
-0.0382359547985047 0.0409163547133038 0.0118774137305813 0.0458183258237969
-0.111488453072833 0.0373844349568241 0.189017383770547 0.063142254420842
-0.180927316528897 -0.00178538504706952 0.480381761363988 0.258047024525271
-0.0113340764126583 -0.103669671909323 -0.493233471741466 -0.298213161473819
-0.0691544650046685 -0.138672774649891 -0.312983350986693 -0.072643508313858
-0.135116050520934 -0.0255242242249214 -0.0693023056092234 -0.0360902366379428
-0.0861128976644513 0.0925823564034043 0.0650897686889699 -0.0293431399648621
-0.0124033247316191 0.0853547005212583 0.122806697715476 -0.21861183275942
0.0147209134882577 0.0683713811290766 0.0170726922275765 -0.373998042981312
0.043605642409555 0.0387910330710388 -0.0992102387073701 -0.446126720140257
0.0517994142347878 0.0410073643245386 -0.152959778230918 -0.457832154907405
0.0622252792777919 0.0501214427257563 -0.137800383415935 -0.460751726920723
0.0458625526615465 0.106644757780237 -0.0623934359846084 -0.423085300887608
-0.0235363080937201 0.138326025617501 0.0418243788508507 -0.304742869434133
-0.11659982100756 0.135337857755465 -0.0062003213418956 -0.11542416307929
-0.190761150897989 -0.0207387465695354 -0.152023385929795 -0.10543154259795
-0.100290452969252 -0.158530286110389 -0.286427067477426 -0.268537195665625
-0.0262753729267854 -0.136706289681495 -0.322876883056757 -0.517329781085278
-0.150864474443439 -0.222624600027434 -0.460405408166425 -0.287960701317334
-0.220063307150281 -0.236357180838209 -0.291205381484715 -0.105408581032966
-0.280798020581998 -0.0479248278872797 -0.0992798200209744 -0.0578329010130444
-0.235186026766185 0.158998690127683 0.0380804573189993 -0.00779328560657869
-0.117027191580897 0.227514621432205 0.120581969102241 -0.181086815459726
-0.0142664076799482 0.245171386804893 0.0439239507609445 -0.326466658544237
0.0789447495331687 0.217609111607712 -0.0598331872635103 -0.396442901120266
0.0971992045622087 0.222177429106921 -0.115357284285713 -0.400701148090535
0.109655276894122 0.225064930655378 -0.116293304542021 -0.392111620963405
0.0597547784657812 0.307977022636024 -0.0728117409686633 -0.362322932359493
-0.0887372789519819 0.337510220318133 0.0066499608289286 -0.259521162719955
-0.249930084289927 0.309392866940038 -0.0369219050999723 -0.0776450596212246
-0.41217082116872 0.0611120675312828 -0.187145503447272 -0.0626911182873041
-0.359131578559081 -0.226011775615164 -0.289530219587222 -0.216587820800257
-0.247856689839244 -0.271482110831491 -0.277091288803288 -0.440500095827118
-0.269398655708852 -0.326451128395627 -0.387431262637316 -0.209682366495738
-0.362252192363186 -0.326486535179041 -0.232447122289617 -0.099010421795048
-0.420715802669497 -0.076579029612988 -0.109503155722294 -0.0795039885707383
-0.382882344889554 0.208363987549103 -0.000664506934065621 -0.00254821481643743
-0.227267771238405 0.350908850541678 0.083328524195238 -0.12726458280807
-0.0546594701022518 0.39896188900647 0.0462937349429417 -0.231338822744439
0.096860866115975 0.370520420032523 -0.0187864794327672 -0.284439067802756
0.12888742764904 0.368343423359268 -0.0621122752321346 -0.28454776400872
0.145070568947248 0.358706491190854 -0.0702457371041186 -0.266092526751181
0.0827513202213972 0.457989023292981 -0.0592430672925619 -0.249167836073211
-0.115598302310761 0.495572568136976 -0.0119625742279011 -0.174289115010338
-0.321646363193185 0.462673821231172 -0.0472724346712622 -0.0268225427505628
-0.561289654112247 0.167065539434125 -0.182663854062103 -0.00788067778940503
-0.55886557958312 -0.226849668357318 -0.240480448180992 -0.144787183787267
-0.434026376837866 -0.343008889675002 -0.164524594705982 -0.318168047986346
-0.359678579601184 -0.39173355812462 -0.272969205020847 -0.0677248506623429
-0.485319073187032 -0.376948581511052 -0.132922955913233 -0.0387870441628059
-0.542384410621373 -0.081770476772057 -0.0886256728714725 -0.0789968460121958
-0.497156677881951 0.257056083882552 -0.0404845485972129 0.000820421402417742
-0.308782373753673 0.443512678574557 0.0180521283206011 -0.050915878153182
-0.0858705359645858 0.505085216553693 0.0287979031432209 -0.0899272128885097
0.101119702471565 0.468342176244681 0.0198938398487201 -0.122388181487221
0.140952861075071 0.453920288438862 0.000239535116144343 -0.126768246568028
0.158853981930066 0.435454160992493 -0.00653542771989704 -0.106694649642993
0.0921007211353962 0.538561147688881 -0.019428176349109 -0.104929169454602
-0.123871037315938 0.578682186321177 -0.00958308863847229 -0.0624314698820488
-0.340533574740214 0.538513642612313 -0.0386893375617604 0.0264411758157395
-0.611075921597284 0.242365657069766 -0.141742491597376 0.0386040474854748
-0.655792353897659 -0.189313118821292 -0.141495763443292 -0.0767468100934235
-0.544118698735057 -0.353964265864381 -0.00519652507200366 -0.17898400225997
-0.402928683920286 -0.39267181138792 -0.12885086993158 0.113922063931108
-0.551180476498227 -0.363348017519455 -0.00114543088048461 0.0608767524092588
-0.593596128816081 -0.0539188281742022 -0.0435552808628565 -0.0494587231951414
-0.52667784575183 0.285001756957242 -0.0753387913682308 0.0173120789457917
-0.331995733636739 0.473866332358787 -0.0553835653411067 0.0496537231906284
-0.0933957202083352 0.532926149989011 0.00381215088128464 0.0796171925273673
0.0961807351405722 0.494581765021295 0.0549859418708568 0.0654656414363085
0.131921706095072 0.471076000292326 0.0612080368759746 0.0495550081771222
0.142595304248959 0.448603729151224 0.0605313670886023 0.0619805094618071
0.0729390918807385 0.53586584288838 0.0303570417612294 0.048312943733441
-0.132679040325121 0.560816473186235 0.0025948886673029 0.0553796797736983
-0.323012455421783 0.505314924798293 -0.0242115772253465 0.073396009675634
-0.560773061470372 0.245346149062667 -0.0857029127776614 0.0655143879766677
-0.630089440464091 -0.14330267879849 -0.0230998022651634 -0.0262273385995338
-0.557508425511306 -0.312599884932765 0.169332922513018 -0.0407591525496878
-0.39102579181797 -0.323106781979057 0.0308528188729192 0.297191889784398
-0.51758759919726 -0.268197095811731 0.140068581381361 0.166889421694558
-0.519460882135514 0.000551397864626313 0.0133051104447731 0.00332137406855139
-0.435797218492508 0.260418278518322 -0.0916810080487516 0.0475159611685188
-0.27880507768983 0.414330331925511 -0.110952840850715 0.154591158844315
-0.0765372382242815 0.464610243179804 -0.011184058015679 0.244762080779146
0.0805969357251672 0.437030571791586 0.0863031483272504 0.245905831459531
0.104051794881652 0.417518958723066 0.11328110593552 0.217728677756738
0.10151472718625 0.399663947806375 0.112078343406981 0.217453717864736
0.0287998044909143 0.454853134123937 0.0670996405390072 0.187239839868815
-0.140140580092031 0.447174513476634 0.00436093006869345 0.158041361735946
-0.274820828934161 0.364532016108205 -0.0216749260613858 0.103832392339905
-0.423239395983151 0.177186039122022 -0.0389028860457024 0.0730252630415067
-0.497146116322708 -0.102170220525681 0.0811329516404379 0.00712821545900135
-0.482483364079426 -0.231763146929423 0.324068161134285 0.0793509615170859
-0.308231811194168 -0.191783906386791 0.183424820569343 0.442463461827703
-0.369624964587632 -0.124611483441831 0.262654604505267 0.245186670481093
-0.323916706833936 0.0498098760228426 0.0751726852503944 0.0588681301196611
-0.252661024253352 0.169771326627207 -0.0792266284633248 0.0736189202264642
-0.176200562414673 0.266266422725849 -0.130527484319441 0.233237608900299
-0.047743395817321 0.309777924195901 -0.00959331078647536 0.367392307522767
0.0501749614108967 0.307042995496234 0.115558396327158 0.384048974182907
0.0590198475620005 0.30230884622529 0.148846316301463 0.351812590197655
0.0462227438196536 0.294281951181791 0.137979420349871 0.340281194243826
-0.0182569948214926 0.314013056255847 0.0740825771411383 0.293397871734425
-0.129561135127344 0.271859819256323 -0.0168577724494806 0.228926461371191
-0.190268354168605 0.177081894757034 -0.0367393270562405 0.112658715341946
-0.233585720981863 0.0918459599081304 -0.00944186833092715 0.0650580316444483
-0.30534546186852 -0.0449459739476129 0.150733192708048 0.0333085206805524
-0.343061939275471 -0.124536691789215 0.431234987859095 0.174869928700439
-0.161240218260243 -0.0326866041265771 0.29937903732976 0.518274119344223
-0.138093651634006 0.0198083241281761 0.351823771295282 0.276998444306234
-0.067941053415501 0.0589725301518735 0.13857011948982 0.0913300974515285
-0.0485276438394256 0.025582023453851 -0.0433837328523747 0.0751992830244446
-0.0653613965239168 0.0706488946857186 -0.115937068465905 0.264603414144305
-0.0260338845410909 0.106988803961459 0.00418539760037478 0.423206957770892
0.00369635968615249 0.131278732294497 0.13031204373816 0.45825896204788
0.00417062350272525 0.141474369033375 0.162523367290465 0.430618773294473
-0.00690943140390663 0.146726403024158 0.134321912586022 0.415918125313069
-0.0416257170258157 0.135411120932373 0.05301776369675 0.35950282908775
-0.0794009869757975 0.0812561194110843 -0.0545576030310175 0.26356462129181
-0.0667045495756256 0.0114078805039823 -0.0572088827220161 0.100931608351363
-0.0326920477510265 0.040760504324072 0.0122089812750634 0.0488923522393733
-0.108125341461211 0.0412099957676636 0.187800485937421 0.0587068264301363
-0.177175457558894 0.00297275191350514 0.479959386871214 0.237807331067907
0.0178494415823954 -0.103606649813518 -0.428945628640855 -0.378912537148177
-0.0401791662444326 -0.147290612387496 -0.287573408558473 -0.125821623461381
-0.124418371232326 -0.0477263215151626 -0.0610600210303106 -0.0548581675163552
-0.0966720431990891 0.0753637949448875 0.0649512299347542 -0.0197119527206806
-0.0263144797996996 0.0843793434479784 0.156439899943202 -0.194494487485417
0.0022674021588407 0.0731734937466235 0.0813463972798238 -0.363672615237403
0.0332841054581608 0.0466196146083104 -0.0128217898715341 -0.45638128402527
0.0418291343807388 0.0505798489811646 -0.0610953134084991 -0.471965195419896
0.0495934624441649 0.061471872648063 -0.0463933034395981 -0.474523865196091
0.0241016181329135 0.111729428890548 0.0198403415270091 -0.418957146318949
-0.0489452989389612 0.132045404958177 0.0957990190340405 -0.284513207161256
-0.140236007910375 0.107749406362993 0.0142250375509961 -0.108780149184529
-0.186281855745418 -0.0604696276269407 -0.134241236405816 -0.13502875294429
-0.0695440533410618 -0.175532612614011 -0.232198365526779 -0.325637304013405
0.00175428813187184 -0.137498312593137 -0.214652799801514 -0.585350731944111
-0.0917797650830806 -0.242504660683827 -0.402358496709222 -0.36673415164153
-0.166742822118264 -0.266217071828082 -0.256702930517443 -0.159393437055838
-0.258474508232822 -0.0969559005370716 -0.0855820238412372 -0.086396651978266
-0.248224761453502 0.110760759863802 0.0333282638743757 -0.00679739317721658
-0.152233636908544 0.2015945293667 0.14765361392321 -0.159605900569107
-0.0567930067686941 0.237156506867195 0.0955535805149587 -0.315238286366552
0.03611380838552 0.224178772045696 0.0133507788965605 -0.399039323695388
0.0536141171478122 0.236680038419676 -0.0367109053732823 -0.412048480858595
0.0615807212368416 0.239797100346763 -0.039515061770346 -0.403045394956105
8.51461217253584E-05 0.308213710782837 -0.00396852128127799 -0.358296618747501
-0.151513133824778 0.312284579252275 0.0508811792239083 -0.239521987478924
-0.302804530606403 0.247600889535812 -0.0275974069501654 -0.0720036112917355
-0.419530594310835 -0.0270962071571555 -0.183098347643426 -0.096057770141412
-0.307720496443568 -0.292035313307649 -0.248137312174016 -0.278435823648841
-0.186029519479167 -0.314946564963309 -0.187781706921097 -0.499418731790737
-0.185826251146808 -0.363520474841003 -0.346125637186995 -0.277835018645367
-0.286977683994253 -0.376220595133953 -0.195855443206043 -0.147702456823827
-0.385647919163516 -0.151238023413256 -0.0896532208138012 -0.113181225436669
-0.396834713301639 0.130533517053846 -0.00616146022496531 -0.0115955481574439
-0.279994757734611 0.299262463014265 0.10274628599931 -0.115916034090115
-0.122973513602756 0.376735009138485 0.0789608299082371 -0.223450912730329
0.0272094463059753 0.373979721475842 0.032959558329591 -0.281061953315929
0.0597831459139716 0.385284408633939 -0.00637482563621136 -0.288323954544256
0.0724876769301136 0.376268144071582 -0.0204313409391852 -0.27062913316056
-0.00540043241632525 0.458533098228558 -0.0130077797543322 -0.243770157269602
-0.208091306122594 0.46198584008675 0.0155342576377674 -0.154238431278702
-0.401789029627158 0.378290749870826 -0.049674180369334 -0.0187074346702448
-0.585683198683103 0.0452862840680727 -0.194173581275784 -0.0356204527301613
-0.502124861458801 -0.334168292102239 -0.214115349441774 -0.1985280541451
-0.351584552416644 -0.422013281009465 -0.101118762059479 -0.356318198929403
-0.260601176232876 -0.442391739076052 -0.260897657243087 -0.119970366251235
-0.39826536147596 -0.445468893470407 -0.106996503206134 -0.0757301454134051
-0.501591212226047 -0.17745476823305 -0.0683576070868382 -0.113492119961876
-0.510630196362653 0.153708769990524 -0.0468598067475318 -0.0182848121133738
-0.374710189710186 0.370504446418461 0.0250233275962563 -0.0545250545564848
-0.172968706477301 0.470968604819381 0.0345194779194415 -0.0907074112434604
0.0153484419207559 0.469500750199102 0.0391013553638961 -0.114484363544087
0.0557611474042321 0.472987935843935 0.0234786347676845 -0.123133944698002
0.0688554809490827 0.453909078610116 0.012067852911292 -0.103671649935534
-0.0118893339810024 0.537273874904099 -0.0020854470841135 -0.0943558186587338
-0.232906421151667 0.540708404866701 -0.00319444941796248 -0.0422484612274264
-0.43488119715916 0.446524343428121 -0.0525561626774107 0.0381965026118288
-0.651126303981363 0.1072819426188 -0.16347770048909 0.0206828207528371
-0.603414771812929 -0.317882812408864 -0.130588614102241 -0.112552582551265
-0.455948048993271 -0.454480836505591 0.0289177070668494 -0.183466630813215
-0.307994727691018 -0.452597555219825 -0.153743074246702 0.0826980867941396
-0.467348214392629 -0.442390170677667 0.00477666851281821 0.0425230933009251
-0.556100701568099 -0.160491837762314 -0.0298145253008375 -0.0774877829056408
-0.542600190346931 0.173851540914626 -0.0836557137850943 -0.00884776412566554
-0.402290511401758 0.394466612903185 -0.0640996693880498 0.0304737789919746
-0.186516239711241 0.496065927226891 -0.0208069328801547 0.070845456612542
0.00536729126239249 0.492575449403274 0.0376300999176244 0.0761100516007212
0.0450913179230396 0.487596633251962 0.0482669683854481 0.05951204093056
0.0516445124803061 0.464221702543789 0.0447510781192767 0.0731043874044481
-0.0304664785974064 0.532609196742124 0.0169363745768107 0.063013869863437
-0.23624619888573 0.522414537014043 -0.012535358969765 0.0745723479550331
-0.410540917479504 0.417044102523219 -0.0475577702646809 0.086011865455738
-0.598959676403545 0.120045753084086 -0.11213215247463 0.0597387065089278
-0.584450579070985 -0.26994492747393 -0.023108747116378 -0.0384847108171146
-0.4773919320065 -0.415187372517014 0.174725316142828 -0.0100175155510603
-0.311985825815768 -0.383050382155792 -0.0304018608875315 0.291801676351231
-0.453418809176361 -0.345241875441477 0.120718922016121 0.170909025176323
-0.497477305413939 -0.093787155150765 0.0140482327881558 -0.013320542991163
-0.454835680324236 0.166766366027322 -0.104560728206802 0.0187975812527791
-0.341015842809647 0.343537715011899 -0.136726387933774 0.124118369007611
-0.158894897164969 0.431606044571815 -0.0642880072092205 0.230579196526054
0.0021988849852305 0.434203171795955 0.0352295945994609 0.258333649539083
0.0258888685125755 0.42928668962108 0.0667083090444514 0.232526981218216
0.0217820708857905 0.407942543673914 0.0665775278169581 0.233209452336089
-0.0568933954795067 0.445882795881206 0.0270197408949069 0.201569762429019
-0.22073596489251 0.407790592047407 -0.0298191722431225 0.170506424176554
-0.335058766832109 0.291434655848991 -0.0507238226051907 0.112127595791357
-0.44946974264627 0.084340499043322 -0.0636150671159211 0.0737706351369803
-0.462625183683824 -0.198983139359664 0.0745978652615188 0.0165842018353787
-0.421017006484629 -0.322700027183154 0.305314665838713 0.142576745697733
-0.263651986263991 -0.241273435332467 0.0939322289431885 0.462122620995887
-0.337337785646384 -0.181411029652557 0.220839924131957 0.272143569834009
-0.318395588614029 -0.010915267371384 0.0620388051668603 0.0585709753216356
-0.268138140713194 0.113472981091251 -0.0951852054795316 0.051552359964216
-0.216265458283274 0.219406437135594 -0.169050978696859 0.200127228674399
-0.101955161620153 0.286089447669542 -0.0824959021918477 0.352533369280695
-0.00276728521008199 0.30365118148962 0.0367277324912835 0.399362446550783
0.00339678153379817 0.306921702805918 0.0772954339211398 0.369295840159238
-0.0115305366487191 0.293985295350636 0.0686159378711061 0.355841462826456
-0.0755734851076947 0.299970551076615 0.0146454029411274 0.302179517287547
-0.177921121096581 0.237435451968706 -0.0626076531148419 0.229591425475716
-0.216068854878074 0.128666932703825 -0.0647559169379356 0.111179069393114
-0.244238110453598 0.0396271387685583 -0.0281389085904484 0.0690695205323921
-0.28650212527219 -0.105390922276143 0.139546860845398 0.0586186775312187
-0.306069091164091 -0.190225601233682 0.392655236794271 0.260321528599883
-0.155260270841212 -0.0613572521500665 0.193861678364315 0.561114597464892
-0.141755763889721 -0.00274350364555108 0.295184452670433 0.327555491127972
-0.076071466848859 0.0437448345424682 0.117518738754678 0.110847537016304
-0.0511370541618942 0.0128434785969094 -0.0563907211350162 0.0635879697271165
-0.0762513531674364 0.0513577164816296 -0.161062659633345 0.236773683848878
-0.0457043110210622 0.0941885009989086 -0.0745046325226638 0.413951309692492
-0.0172331027256244 0.126420358286278 0.0398234012034462 0.474913902240596
-0.0204328349962949 0.139040330706113 0.0745472708336525 0.44918448805545
-0.033517456850161 0.140034180465396 0.0528130448202176 0.427747699247857
-0.0641150018292118 0.122458313720094 -0.0176746666328907 0.357519145771911
-0.0926906077528302 0.0615130931390884 -0.102236681760095 0.249471303871102
-0.0648531920711814 -0.00469224415462041 -0.0789394035151568 0.0899579832567196
-0.0362607296848719 0.0327999273571396 0.000795912957727381 0.0558914521708557
-0.110826864954314 0.0192753794065251 0.172389202153406 0.0942889706236639
-0.172692048911437 -0.0333056615482821 0.431237869309109 0.33534370980595
0.0162167928923012 -0.103488188402068 -0.434082633387214 -0.359448629374539
-0.0446233170954464 -0.144176628672866 -0.286315841875257 -0.11480308682762
-0.124289837700157 -0.0420729486441932 -0.064775486782763 -0.0547229252370576
-0.0918645584047735 0.0788749150232229 0.0620512404750513 -0.0215948693670527
-0.0218680935497811 0.0844956204653869 0.145537664865551 -0.196949936015975
0.00601175156630716 0.0733292050316336 0.0664160590316195 -0.358580346232707
0.0335640397353081 0.0449087496034962 -0.0294694541014034 -0.448565391558702
0.0418103606787573 0.0473565128190945 -0.0734400663100499 -0.464191749641986
0.049601244799541 0.0578995707932127 -0.0596767535184233 -0.465376817315221
0.0274723376512643 0.108243015444696 0.00520814747670221 -0.411531313393264
-0.0433677839862833 0.133603571384462 0.0845669700400407 -0.283383069585939
-0.134779956633153 0.112872616619138 0.0114499617605576 -0.107103288566062
-0.187228647888228 -0.0535865459924228 -0.134761899024393 -0.130578395705749
-0.0736463126316124 -0.172545455613177 -0.236740861239561 -0.314937040396455
-0.0017125320190134 -0.13377515620491 -0.223465011118285 -0.5694702592076
-0.0929731674494327 -0.236623106745142 -0.406087439997417 -0.346744066662925
-0.17204868573383 -0.258088001753379 -0.256453033935278 -0.149104616866377
-0.255747572926893 -0.0887690302618887 -0.09050497560734 -0.0864023762690698
-0.239061085268589 0.117246316956826 0.0303944856270687 -0.0082617093733882
-0.141602233325485 0.203934288575105 0.136016624523198 -0.162025167579096
-0.0468274729566846 0.235626487574528 0.0810255295568233 -0.311744402620082
0.0425278121444497 0.218808367902517 0.00035825461196539 -0.391930305692667
0.0608123537627367 0.230743882188474 -0.0473378540574189 -0.403762526934543
0.0671342781359687 0.233466582600536 -0.0518569401047647 -0.396213810793658
0.0104590099442076 0.302309172683563 -0.0169928193347839 -0.351056327514866
-0.137374539828158 0.315515016901928 0.0419835945447786 -0.237215393173916
-0.28896969241335 0.25462695931738 -0.0291968068670238 -0.0693314481684208
-0.415875520156222 -0.0130346884642847 -0.182934745489379 -0.090177655121249
-0.312471311209287 -0.281059129451436 -0.251073487169553 -0.267654174654307
-0.189717039445283 -0.302376018276952 -0.196490973751272 -0.487830842478695
-0.18771649301995 -0.35324098931339 -0.349013978886295 -0.261181866501637
-0.292516039157877 -0.363241969040485 -0.197147367376495 -0.13880668266057
-0.381705157318661 -0.139843671194615 -0.0952088003237093 -0.113468129283184
-0.38361666535682 0.140861749588469 -0.00952483405800265 -0.0116401887538158
-0.263716952643986 0.302643524171148 0.0907990953435808 -0.11731151669571
-0.107741258433426 0.37517647862076 0.0680779994125185 -0.22078137799466
0.0382927594141792 0.365399049465435 0.0224892149886418 -0.277766464581068
0.0716692134940082 0.37723519397343 -0.0156395807834337 -0.284220815719885
0.0815171114846867 0.367640095426796 -0.0272456049586117 -0.266823098176496
0.00912711585093148 0.451309703019351 -0.02208439708255 -0.23757058260782
-0.189790325741086 0.46381973746429 0.010296449765082 -0.151285172788828
-0.382095274097602 0.386002545277998 -0.0506114459440537 -0.0151443670257737
-0.57646655058065 0.0614266779933334 -0.190353695939951 -0.0298067333690395
-0.505833188452024 -0.315378772207225 -0.216892987657593 -0.189766929752506
-0.355689325344126 -0.404020886701517 -0.108273886774243 -0.349760297708499
-0.262016208359279 -0.428719819183847 -0.262833213657718 -0.109058174000783
-0.406195687053653 -0.429101571417098 -0.108015630744567 -0.0710038594656148
-0.496123542655542 -0.164607392592965 -0.0737688305275847 -0.114932891023807
-0.496669560518934 0.164763402313661 -0.0492366585039019 -0.0172953747639716
-0.356522028033548 0.376654419796988 0.0154231684720217 -0.0534003526371111
-0.155262451944567 0.46913896402384 0.0292598315607982 -0.0887614215705571
0.0287772468044215 0.459753977883809 0.0348560243825911 -0.115337404126633
0.0703512672396205 0.462734297560689 0.0180907844456993 -0.121745661475386
0.0822017263927787 0.445402214525105 0.00933719464678767 -0.103732351328851
0.00591436978886685 0.528068190123433 -0.00710530975861944 -0.0910891131118578
-0.210943213963815 0.541810727277658 -0.00461737496142476 -0.0397838310780119
-0.413401196100264 0.453223157133467 -0.0515894210293794 0.0417174796088885
-0.637364814256585 0.125665391163059 -0.158398246296015 0.0263635164477909
-0.604870604459264 -0.296288807382808 -0.132282560033223 -0.105346349232636
-0.45791893916758 -0.433469856825931 0.0225131999797659 -0.185240889594072
-0.309630873941089 -0.437243166358938 -0.152528841768528 0.0888365873299786
-0.474132772451958 -0.423086458727507 0.00485126625260194 0.0422978300066623
-0.549225302175762 -0.14449701581507 -0.0343103327384282 -0.0803410373398773
-0.528264130066476 0.185517332195858 -0.0848222855103387 -0.00756539577177027
-0.383706587179003 0.399233986908204 -0.0698947533315013 0.0332840623074898
-0.167315182282646 0.493319982372187 -0.0200020805399824 0.0717327287066917
0.0201603735776224 0.482573068026022 0.0403532287474188 0.0713086072625357
0.0603294006919518 0.47865801014264 0.0470234464739458 0.0576613753372359
0.0659771186910274 0.455528748927973 0.047081838426071 0.0692414327464665
-0.0129008642904285 0.523593061159512 0.0171509524440261 0.0626708126285655
-0.216397000446669 0.522311515664833 -0.00982919157234519 0.0761680758320906
-0.390078093836151 0.422087280971164 -0.04553852519181 0.0886274730184467
-0.587331147122069 0.136388582763015 -0.10630963323056 0.0639294756513743
-0.58431820633458 -0.247675672781022 -0.0245794361793495 -0.0350519429892436
-0.476769638309633 -0.394193441714714 0.16966962551679 -0.0188401339953422
-0.312580283059688 -0.367607253193645 -0.0264149656400376 0.290594716306704
-0.45761229887097 -0.328283871919151 0.122953879339093 0.165478224055898
-0.489015901438101 -0.0797426830610435 0.0116912184556278 -0.0180770215788774
-0.441630342194872 0.175848203305004 -0.104384825826548 0.0206377563216436
-0.325518412541726 0.347842696259871 -0.137818771848773 0.127961189476983
-0.143481932696882 0.42747023710685 -0.0579006341428647 0.229844167008792
0.0140939440056972 0.425224119356009 0.0436115367432538 0.250468855980362
0.041431872034773 0.42221951776195 0.0706054096578941 0.228327293404261
0.0342954413034887 0.40042054749433 0.0730945838227238 0.226338347161628
-0.0414317518903444 0.440716924610613 0.0330548662567024 0.198275165427478
-0.204164535158084 0.408961320904721 -0.022400924231053 0.171016536476593
-0.319430180699314 0.294534842032172 -0.0475966047953189 0.114717480446427
-0.437151378083917 0.0959300512114881 -0.0587235571180163 0.0780387152067818
-0.461198318555722 -0.183165788117466 0.0726575682110506 0.0170670840782686
-0.418008690261738 -0.305837370577842 0.301124460186257 0.127169575817759
-0.261857890912418 -0.228975586990186 0.0996699830910537 0.454454266659192
-0.33960088240139 -0.169086711357403 0.223630250969795 0.262489411110531
-0.312441935987445 -0.0031319523657947 0.061709659896238 0.0537441282321853
-0.259705288573506 0.117601651486084 -0.0935480720630421 0.0523001232686472
-0.206571236061309 0.222604446420298 -0.165333507836913 0.20360882398507
-0.0929469151808226 0.284134046869307 -0.0699064633064953 0.350192648409522
0.00527228181036478 0.297760547481051 0.04960964714614 0.387861006667124
0.0147914634706884 0.301946672509093 0.0854283741765848 0.363115696287128
-0.00136160043018172 0.289970983532372 0.0786596248041589 0.348076739775353
-0.0635041542665027 0.298275631665913 0.024502533941879 0.297278020096976
-0.166719251443159 0.239307940504534 -0.0525244586571292 0.229552945609056
-0.207768579146637 0.130666408649612 -0.061134115234022 0.113751962531244
-0.235016977091104 0.045832457625353 -0.0251639358446293 0.0721896668442563
-0.283955275003456 -0.0940335607519456 0.137272306687628 0.055312346915439
-0.30514971210137 -0.178466921246126 0.393025362927235 0.240339014752567
-0.153167655226807 -0.0547558617128465 0.200993435952216 0.547708648321552
-0.140323871306004 0.000910953441927557 0.299187814076926 0.314043822151568
-0.0725764308455904 0.044449637859791 0.119410982589084 0.105145812035292
-0.0506070615805143 0.0123538336158701 -0.0549873385991755 0.0635361801965483
-0.0744449872651468 0.0521725538417095 -0.153801488154626 0.237906132821596
-0.0432605020706007 0.092987643131129 -0.0610514141762249 0.408494290103239
-0.0128268058042249 0.124381214557064 0.0531175945321501 0.463875568939898
-0.0144113915392781 0.137268562932263 0.0837536050434408 0.440159981597833
-0.0275792578774454 0.139428813424444 0.0644512582901779 0.419828422262296
-0.0581704504214599 0.123157795300553 -0.00384929457015205 0.351907058527604
-0.0893000078713329 0.0616177218129321 -0.0890501561050669 0.249818717541283
-0.063983631646444 -0.005629422320504 -0.074956633546029 0.0922942808204819
-0.0312369057349823 0.0326480951150262 0.00257694628210321 0.0581580965182162
-0.107489237447861 0.023502924546882 0.170378276091571 0.0889248100969206
-0.170175235861584 -0.028369344848979 0.431933054983982 0.313513423767592
0.0154286561944081 -0.103150583784683 -0.4325916024217 -0.343255743289852
-0.0472626791483369 -0.142012261168127 -0.282111338878518 -0.107312525311987
-0.122582536091462 -0.038412823492721 -0.0675264425580679 -0.0543684398287541
-0.0868441729941528 0.0807139123549304 0.0589512817278842 -0.0225405622175353
-0.0179854195063006 0.0839424066069632 0.136998491149644 -0.197587000423992
0.00990372317690275 0.0727153867357933 0.0552395570689743 -0.353521054836435
0.0342451539834126 0.0442545216720187 -0.0391060946480423 -0.4362635728789
0.041218773068363 0.0451993827186412 -0.0816318572783592 -0.456797242842032
0.0490797048238712 0.0560678301315943 -0.0668490103353533 -0.457004108909916
0.0302346575495663 0.104599453673728 -0.00541414280863469 -0.402785944205483
-0.0388349090391903 0.134390227465587 0.0763577221852958 -0.281767193762067
-0.129727373256606 0.11632197359329 0.00979979088769389 -0.105554039378716
-0.187266707178408 -0.0488603366234453 -0.134211153321082 -0.128171844589334
-0.0769129661310406 -0.169638769024405 -0.238522843323836 -0.306077322092802
-0.00289460683250571 -0.129672933478231 -0.227921003466575 -0.556896854836954
-0.0918779286839708 -0.232182198949198 -0.406765766298892 -0.331119286744044
-0.17389932517698 -0.252110441254938 -0.25496659689562 -0.140835872657893
-0.250793807444973 -0.0832373734509588 -0.0945186095222734 -0.0862762479365935
-0.230454228505981 0.120088379786766 0.0267616129738055 -0.0079963756097454
-0.133301271952178 0.202806590217263 0.126687356546668 -0.161428791997998
-0.0390879763333651 0.23291395408129 0.0713162023094002 -0.306542177529859
0.0463824016603855 0.213486051554067 -0.00921249597213705 -0.386489703150151
0.0643277465841374 0.224511848940166 -0.0550756752311451 -0.397679871689401
0.0701248741211963 0.227739519823401 -0.0577283177010487 -0.388535685182996
0.0170647362263044 0.296260494586763 -0.0245155729270562 -0.343438445156822
-0.127191844541691 0.314790669525042 0.0356295639075421 -0.233700737842467
-0.276684793694269 0.259244342526966 -0.0304919049266203 -0.0661583065240823
-0.408882581036048 -0.0039945701296165 -0.180486481985195 -0.0863715859509478
-0.313398957819466 -0.272830416815786 -0.251841701783127 -0.259841334359838
-0.189191494893687 -0.292286467921644 -0.200504799300235 -0.476237665051504
-0.185632971803394 -0.345654482114074 -0.349462622932148 -0.247820649492812
-0.294948994705888 -0.352833174061499 -0.197119612423854 -0.131876995348822
-0.375274747237357 -0.132500317173779 -0.100720010764808 -0.11410082753864
-0.373324091908614 0.14397084401545 -0.011436745521809 -0.0110626253237385
-0.25228417029096 0.302134031415132 0.0816947577050949 -0.115649641129112
-0.0971831564804567 0.371430577890196 0.0602656743178567 -0.216255963486761
0.0443283704643714 0.358108977127049 0.0159487129679164 -0.274359502832973
0.0783643960981278 0.368783010429006 -0.0210410592632187 -0.279155420872511
0.0871961170634208 0.361692611782841 -0.0316022720271882 -0.263546085724658
0.018189796762388 0.442217746072143 -0.0281733134186524 -0.231224333674187
-0.175846248048328 0.463286715901431 0.0065901825233712 -0.148096448865531
-0.36674281544251 0.38790227412474 -0.0499682577099157 -0.0116656111675292
-0.565321552586015 0.0713279508605671 -0.187125272784049 -0.0253540551045046
-0.504174353772046 -0.303767973225745 -0.216532395562463 -0.181283526895908
-0.352299326097477 -0.389119699992939 -0.112417902990402 -0.345754227658584
-0.259821787987614 -0.41906205722246 -0.262183326828846 -0.099796246493809
-0.40621369599091 -0.415706109965879 -0.108068303437275 -0.0664575820237247
-0.48852399832881 -0.156257014340968 -0.0795219863319149 -0.116439733730802
-0.482915795665577 0.170518710124433 -0.0511626703954967 -0.0164935676636492
-0.342262417640552 0.376358575815349 0.00781663026553913 -0.0509001956920587
-0.141716520058869 0.463721288274021 0.0244515754978114 -0.0857092223509809
0.0371398144302735 0.449590112861805 0.032556643476405 -0.116429734619562
0.0819405166931175 0.453851241135366 0.0142117333381758 -0.11992686086665
0.0903611374515252 0.43709655806047 0.00733109092900656 -0.103580622218725
0.0164918779713595 0.519208644230997 -0.00993600045706289 -0.0876249209722183
-0.195756647863689 0.539347369665658 -0.00506997918345669 -0.0373188008774678
-0.396533469042632 0.455962704232093 -0.0500980694498508 0.0445712919821427
-0.625016418525409 0.134255168112231 -0.153275835308851 0.0300890210468123
-0.602245329745317 -0.28284272601594 -0.132868170841793 -0.0985378314742505
-0.452504195559837 -0.417735050000362 0.0174481693255975 -0.185432090575861
-0.305561047025187 -0.426267575463401 -0.151818968758866 0.0929657972483021
-0.474870869402393 -0.408023920378232 0.00522682605556895 0.0434936356709286
-0.540873189609387 -0.136034856756241 -0.0393351678956965 -0.0834477844132758
-0.515106490350362 0.191816063762351 -0.0864165433883919 -0.00668028698071179
-0.367432679397709 0.400095081868079 -0.0750079644391096 0.0359665131074503
-0.154202131612732 0.487472826288881 -0.0199881205102605 0.0725175104663879
0.0286942095098711 0.471607178848144 0.0417021731618689 0.0664301040947043
0.0705747786796655 0.469084193954315 0.0462688653280275 0.0575528484999699
0.0736395208176191 0.446512053270941 0.047516880065814 0.0662748452693941
-0.00157203377245195 0.514224551687318 0.0180148144908147 0.0637736227909312
-0.198769165786291 0.521324424047462 -0.00704375088038104 0.076811895421537
-0.373163458319166 0.422843093412491 -0.0437448288829856 0.0911425297196014
-0.571241329970164 0.145627789128685 -0.101525004544271 0.0665660817945442
-0.580423600331644 -0.234679412805063 -0.0252655834463412 -0.0311699241220572
-0.469784069289812 -0.378795178546608 0.164301692718567 -0.0252110110438954
-0.308882571252632 -0.357040765184967 -0.0250818925944475 0.289610583877539
-0.458388470712898 -0.313942425923019 0.12320822896155 0.161774318019293
-0.481000072871975 -0.0727895492429941 0.00809919007458228 -0.0217955177458473
-0.430656389453816 0.180267940657648 -0.104297132991226 0.02084835154901
-0.312404558224385 0.349211051092348 -0.138777021892878 0.130901168933833
-0.133006033965471 0.423414518171676 -0.0532948710929241 0.227778068537362
0.0221959047893879 0.417829673077144 0.0485360401520534 0.240347216847359
0.0499082446294233 0.412531987935196 0.0723067566865701 0.224815870256801
0.042951368491037 0.393799579685951 0.076405199638539 0.220767783495108
-0.0318929590793098 0.434277997955358 0.0357591468336985 0.195707901659806
-0.190661129583459 0.407434728297542 -0.0170348488028429 0.169873476057864
-0.307344222785785 0.295725835991906 -0.0445168096421781 0.11595853187626
-0.424861170224217 0.101754675502865 -0.0546778682327544 0.0798689476204868
-0.457264754600004 -0.170762945401923 0.0699846507971915 0.0179220839267928
-0.412992855162066 -0.293239488733014 0.295926947248173 0.115682162117814
-0.258921986099927 -0.220005295057755 0.10105257719511 0.448536723578528
-0.33792732374891 -0.159043220527125 0.224357324372111 0.254885171041134
-0.305792180465897 0.00153281645709212 0.0600441032273348 0.0486657745546511
-0.253282779233526 0.11936797951559 -0.0930098899390247 0.0521148517599567
-0.198769458170434 0.22319893008619 -0.163416653734107 0.205472811373722
-0.0870407876276455 0.281118052116075 -0.0622548813793103 0.34432970413391
0.010892302184114 0.291504707329527 0.0569662412756977 0.376604327905982
0.0223393266697015 0.295831642177041 0.0894304656777725 0.357272913529718
0.00616857130385403 0.285906602043922 0.0841017025900754 0.340050427794068
-0.0555407753360238 0.294742458617424 0.031613377001608 0.291645724014503
-0.157960524641573 0.238175534240602 -0.0441077826316481 0.228031653651737
-0.201687115385755 0.130386294187468 -0.0579881490444422 0.115536934283808
-0.226186253804719 0.0491538247027979 -0.0224357028352689 0.0746192331771056
-0.279690720927983 -0.086825469830653 0.13409285626349 0.0545536945503138
-0.300013893757141 -0.169511335426335 0.387355413030762 0.22585537597966
-0.150792994194809 -0.0503414494062784 0.202421412888867 0.537615260924681
-0.138866917195766 0.00432624014241932 0.298628516297476 0.302770386764779
-0.0694700759834204 0.0442932546794952 0.119215777535809 0.0992190441969004
-0.0507963609570628 0.0119042184162258 -0.0548613009191469 0.0620590478799744
-0.0733750390372415 0.0530303685432381 -0.149042038362637 0.238032034302041
-0.0417965781472344 0.0921915768498845 -0.0515045802653238 0.402041961741978
-0.0105768069705355 0.122003574452748 0.0610757982153049 0.451694021533377
-0.010099009864609 0.135383207562002 0.0899366084817541 0.433976489441016
-0.0224016346635595 0.137148111983209 0.0705893953529124 0.411836692122163
-0.053766616339286 0.12297810121571 0.00451233193503775 0.345252627475635
-0.0873124416992056 0.061244218541042 -0.0795547939792355 0.247680507124644
-0.0633468170686269 -0.00635934926965358 -0.0719253041577607 0.094057243959544
-0.0264547809947196 0.032001668248924 0.0035887257651913 0.0606004374262768
-0.103473010581588 0.0264475461197701 0.167312880024545 0.0857792149381219
-0.168119164086524 -0.0255495711194918 0.427932271401693 0.296650283819684
0.0156972868972632 -0.103368215041035 -0.428868081143418 -0.336449874290976
-0.0480895791515449 -0.142043551401906 -0.280089396620864 -0.103387970161184
-0.120999126749436 -0.0373366165801952 -0.0702952605783507 -0.0548629436154676
-0.0838438582222454 0.0820800079371113 0.0566654186214033 -0.0222018478700779
-0.0158861405383201 0.0838079926390645 0.131145526954894 -0.197524889654763
0.0125468109552155 0.0726104583460201 0.0487391840651374 -0.349308741896982
0.0349072363035501 0.0440092837212862 -0.0456374242650125 -0.430950372159121
0.0401739604846221 0.0441875447424642 -0.0850073215038771 -0.453608045484754
0.0488995652941969 0.0541573540892966 -0.070297905172197 -0.454402043830004
0.0312718918750583 0.102685513661257 -0.00945376426424578 -0.398747211988468
-0.036037444170695 0.136096508451336 0.0718966270218083 -0.280618010572958
-0.126721690977946 0.118971488652619 0.009504637126344 -0.104343950423507
-0.187989376144052 -0.0460875223482248 -0.133707618093268 -0.12772344761038
-0.0777960159199379 -0.169707478578734 -0.238121390226003 -0.303657366423488
-0.00195874100574414 -0.126671479423037 -0.226154866827248 -0.550388531810546
-0.0892955627799353 -0.231007101407364 -0.403204585214155 -0.322953497638687
-0.175176662688817 -0.249446778279998 -0.253603710866397 -0.13698707199756
-0.248561778025102 -0.0827812420619026 -0.0989499823925498 -0.0870989133859985
-0.225726267174988 0.121642449991007 0.0251199576027293 -0.00710686177727076
-0.128940788712334 0.202258137251724 0.120476806592427 -0.161143414911641
-0.035132062472831 0.231719767742207 0.0654808933021321 -0.302928731133634
0.0480830216844813 0.212145200900348 -0.0138201048361071 -0.381527366012846
0.0660651760948668 0.222135019318746 -0.057511762736311 -0.39529553321346
0.0713179514380811 0.225269815224608 -0.060247420996646 -0.386870268220942
0.0200969291990574 0.292977539675067 -0.029271131663932 -0.338627832654628
-0.121412376737093 0.316405134892714 0.0319126667520541 -0.232099412893835
-0.270548729697749 0.261399052935435 -0.0306010843934805 -0.0635747663577437
-0.408073913973771 -0.00118142680575731 -0.178719078544945 -0.0859021776804715
-0.314948977556298 -0.270159232873681 -0.251882447065875 -0.257060473565382
-0.185595107079921 -0.286655396808366 -0.199995573696394 -0.474506691734965
-0.179997030677806 -0.343612758253428 -0.347775163066613 -0.24251358164468
-0.295315035465513 -0.350241149120678 -0.195973089213553 -0.127530839524983
-0.370839739528724 -0.131718941055321 -0.105999096076373 -0.115495178149897
-0.365899253764812 0.145168123748706 -0.013285850363213 -0.0102190706105584
-0.245753872460609 0.301150881309332 0.0752233996986263 -0.113294555241296
-0.0917374245920575 0.369160946052669 0.05610332197269 -0.213668793605269
0.0474606117538083 0.354074187220729 0.0127734682065308 -0.273101025680236
0.0813532153935921 0.36461086197085 -0.023987644918817 -0.277494559331289
0.0892490237717286 0.355766422110085 -0.0337271387339077 -0.262111969630383
0.0220567987566925 0.438147682021775 -0.0310241193991687 -0.226688741814639
-0.168645296296821 0.462584729897111 0.00472539337188987 -0.146165073688777
-0.358229742133712 0.388901529544109 -0.049916050323001 -0.00886450743080299
-0.560570675778187 0.076011265918583 -0.184422028016729 -0.0239752711871509
-0.504548233799692 -0.301291223798521 -0.216576578200782 -0.177415719415286
-0.346560864648756 -0.383354277769183 -0.116247440015398 -0.344315655022244
-0.253584427574276 -0.416792484173252 -0.261832147551775 -0.0938157971404053
-0.406493028229027 -0.409860331450946 -0.106875864054314 -0.0632279449956395
-0.483981752875213 -0.154730945127853 -0.0851394888794759 -0.118516956598582
-0.476424020859033 0.170490184275708 -0.0532020697554425 -0.015344440160026
-0.335138413283887 0.377199441530463 0.00198377114003899 -0.0486737525808037
-0.136622828280133 0.461162177132485 0.0218460202150859 -0.0829174825871771
0.0403885547978487 0.445185407364251 0.0310505503894183 -0.117917130824406
0.0852481062277012 0.44796031009621 0.012515614988772 -0.118478320148916
0.0928485545038787 0.432272703011609 0.00618677216809172 -0.103988003724863
0.0216768341490059 0.515934913152207 -0.0114065231247258 -0.0838839245321023
-0.185927177694213 0.541493994166563 -0.00525221097438901 -0.0361699606318946
-0.387684131118878 0.4545380978972 -0.0493234639846745 0.0475327313071875
-0.619165720039065 0.139100862169342 -0.150165339040058 0.0317651808977018
-0.602615660291261 -0.277565766893399 -0.132241707252416 -0.095338961723577
-0.446343817839844 -0.41090292769831 0.0141563038573254 -0.187018302961365
-0.299423784939523 -0.422935122342229 -0.152048595762646 0.0966386723391583
-0.474007185474871 -0.402699509509735 0.00592810576451485 0.044666272452355
-0.53572948451525 -0.133340534524145 -0.0446916231497718 -0.0863936085009493
-0.509131979954761 0.193215116158781 -0.087370116163308 -0.00639950713516684
-0.360794944884492 0.401180914379091 -0.0794527962604823 0.0389221555822904
-0.150087238268539 0.484971679673352 -0.0206409973520706 0.0742472782614413
0.0316768992399291 0.467694823910644 0.0418699489620991 0.061194304578017
0.0758507669905414 0.464108527405912 0.045982011241466 0.0575857255079051
0.0775871709045191 0.442916947476045 0.0475435497677619 0.0641975540411277
0.00271113295687073 0.512714659851367 0.0186408491798962 0.0657197267410702
-0.190411190148018 0.521789690477264 -0.00529787769284148 0.077024757658335
-0.366085998991655 0.423395700553454 -0.042132818226172 0.093466160282926
-0.564364435152115 0.147501554251792 -0.0981263814277467 0.0681235956992602
-0.580247305760089 -0.230707254907885 -0.0256614617407043 -0.0278225827925546
-0.464161197707932 -0.373457461395093 0.160490991389704 -0.0288758732760856
-0.302694082199907 -0.35281171671722 -0.0261243567981156 0.290746302459515
-0.458145265018696 -0.307818835601826 0.123513496939353 0.161918734710648
-0.476130361625071 -0.0696253770848454 0.00370191231805105 -0.0252426435497065
-0.425563649424455 0.181116759840211 -0.10568652845298 0.0211430645959068
-0.306392820986951 0.35011404871092 -0.141862012179867 0.134120420740032
-0.128752122953113 0.422665995966807 -0.0510274478577302 0.227926490225065
0.0248644754315995 0.412502100698213 0.0494977162320667 0.233846878177465
0.0557973518850615 0.407500684119871 0.0733628643585158 0.223517149557367
0.0464871088030903 0.390066223591266 0.0768128936687799 0.217247314664022
-0.0263884044913902 0.432944093838504 0.038364242806418 0.195200741245804
-0.185407004869369 0.407645670260382 -0.0135067453059051 0.169745859297232
-0.30107968439903 0.29409632227228 -0.0429043268626122 0.118520142314866
-0.418028665638909 0.10296025619756 -0.0522734902628796 0.082727839801345
-0.455090846107321 -0.167069632383637 0.0683820064567848 0.0206777926810954
-0.408011874044937 -0.287410105798184 0.291918660877915 0.108837830364488
-0.253673523087015 -0.217010497980946 0.098023581435572 0.446909489073412
-0.339257146839111 -0.15429601525337 0.223921424830964 0.252619866955897
-0.302263794892794 0.00295285723868486 0.0576630722804471 0.0457376921306956
-0.251339758786497 0.119067799905511 -0.0938514981439829 0.0514535763768795
-0.196593013837905 0.223803585745813 -0.163789186298259 0.206787469997417
-0.0853012728598232 0.279835572453769 -0.0597022133115236 0.343456098320733
0.0119416054913274 0.288546783706246 0.0600963627068235 0.369122451246908
0.0256320068258651 0.292991150386479 0.0904160292117443 0.355096252283642
0.0100171686811801 0.284084065276962 0.0861000312516715 0.336924479818635
-0.0513115985288381 0.293742069253763 0.034663895091005 0.289401187100953
-0.1542344476029 0.237417947080391 -0.0394955814354136 0.226970209546208
-0.198246771855309 0.129608315484354 -0.0565892163858642 0.117169468056732
-0.220452840938887 0.0487862594292667 -0.0203421267495588 0.0775001437076108
-0.27786120804295 -0.0836230566054361 0.131999175886797 0.0562405497717939
-0.296825771823163 -0.166077925531158 0.383451430489641 0.217086982488075
-0.147595510299385 -0.0483144617828295 0.198767298001355 0.534186892593366
-0.138540681807762 0.00606618943219866 0.297731003937255 0.299604461923463
-0.0673256516629951 0.0445117582176474 0.119160799851194 0.0964629690789154
-0.0519199078599109 0.0111760544301285 -0.0557538996742383 0.0611147376886394
-0.0734303805213079 0.0536027971373142 -0.148279586860187 0.238420245402633
-0.0428445116629315 0.0918501124567798 -0.0471750654024349 0.398839856347194
-0.010133988852141 0.120723843245626 0.065895465104745 0.444310768141366
-0.00748722975815348 0.134725848289285 0.0926500558858264 0.431684456572414
-0.0195355448659286 0.137487118274607 0.0745567815206781 0.407278083204491
-0.0514084226171767 0.122544724178982 0.00966553001364149 0.341460534352592
-0.0867633592255758 0.0606726531716467 -0.0742176159434081 0.247095589528299
-0.0631112990099003 -0.00810320088651665 -0.0695745605428652 0.0950106447555654
-0.0221500574728042 0.0305919088089551 0.00481417581711459 0.0634487126628099
-0.101597246967203 0.0279302292419825 0.165828617217014 0.0870187371240433
-0.167709552368559 -0.0244681723868153 0.425694241897541 0.287495333296793
0.0160843829167387 -0.105443504429431 -0.433123041768471 -0.337523512195721
-0.0503363226057584 -0.144561394601823 -0.282389635546688 -0.102087955089363
-0.121995300625891 -0.0376892180455272 -0.0740397200941909 -0.0562553650261607
-0.0818262566128395 0.0847047172240861 0.0568620116919251 -0.0221085789344586
-0.0136232897384716 0.0847197960977603 0.128933102178459 -0.200795533934749
0.0152527972537229 0.0735719970481336 0.0429842683273985 -0.352252043833305
0.03681231737829 0.0447080494853766 -0.0489724357542584 -0.432999540837413
0.040454607409614 0.0440010520809143 -0.0887751619902911 -0.458728077831698
0.0489385833329433 0.0540491497828961 -0.0740760597510913 -0.460592211905935
0.0325724940942821 0.103240457387522 -0.0136484960869997 -0.401973013017883
-0.0334798357400102 0.139718418234923 0.0690116435649646 -0.283830217705237
-0.12613038374572 0.122983589211077 0.00879288721169695 -0.105029758935223
-0.192727951601771 -0.0442934831748381 -0.13531320064827 -0.130240762115767
-0.0807641743093147 -0.172134861385202 -0.242292241094187 -0.307950115799351
0.000299093036372884 -0.127239643814601 -0.231001908514214 -0.555243862243974
-0.0874915758104083 -0.235002608305232 -0.408207301504251 -0.323567713495703
-0.178228250004418 -0.252012801263698 -0.255159210816356 -0.135742842212636
-0.249472909781004 -0.0844370481189422 -0.104623811487868 -0.0889306939557344
-0.224525872851274 0.124403488884463 0.0249445355379871 -0.00611319511743477
-0.126996191030439 0.205252915713107 0.117434897337474 -0.162349994489454
-0.0316140209994918 0.235159652491417 0.0616940293754257 -0.304745628213386
0.0507458675596938 0.213702567694993 -0.0178541209123899 -0.384586085501644
0.0684822102338129 0.223428262140212 -0.0615606604717525 -0.399900117207464
0.0723864498555403 0.22705457663082 -0.064038706734078 -0.391268726828148
0.021950845238413 0.29559425370321 -0.0329634553103987 -0.339988462542053
-0.118117786656538 0.323403367839057 0.0298949258434686 -0.234114361239885
-0.271183019062908 0.268755647821164 -0.0311737994777712 -0.0624611551138412
-0.414322193699328 0.00292284676424873 -0.180590989356373 -0.0867405647888508
-0.320882886062059 -0.273680015207173 -0.257825760168116 -0.259282248983446
-0.183903323367693 -0.287696392756116 -0.20318692556407 -0.479611946268347
-0.178313002019375 -0.349283870096986 -0.351763831866095 -0.240339251369438
-0.30079285770724 -0.351317599825586 -0.196650574352577 -0.126656442714827
-0.373418599731152 -0.134533814722835 -0.112576187715412 -0.118914428664919
-0.367197548221676 0.148130581600159 -0.0149358159735716 -0.00911429993994332
-0.245716677019921 0.307215506417685 0.070957613272031 -0.112994235493346
-0.0890637320410233 0.374708880231068 0.0531605506556553 -0.214282638918724
0.0499376790145338 0.356534277395592 0.010647476205195 -0.27708227972152
0.0864776856438459 0.367487403793923 -0.026485152199866 -0.280553763921952
0.0930347068001511 0.360257515388547 -0.0357163098260248 -0.266247518903608
0.0253960403607212 0.442997313806216 -0.0335247305776057 -0.226547482474115
-0.163690124536837 0.472381199724303 0.003369868206734 -0.147258620024436
-0.35835814418076 0.397312603061156 -0.0503572374460013 -0.0066569300721428
-0.568139688470218 0.0814870281969846 -0.184904706875822 -0.0235129002699648
-0.514686617713225 -0.302407281953759 -0.219908821676698 -0.177310511890813
-0.346044184714881 -0.38451371097898 -0.118345622821327 -0.349952591938496
-0.252009161044694 -0.422208185166416 -0.26572952825786 -0.0908787988111145
-0.414938413380613 -0.413666091306374 -0.106619207600923 -0.0615707967460269
-0.486905954439923 -0.157306128018877 -0.0924275548801435 -0.122934725563895
-0.479488662929226 0.174630189041022 -0.0546742825230267 -0.0147263855313056
-0.33578545829219 0.383842240364216 -0.00311836578527867 -0.0465384481669147
-0.133769404965934 0.468742218165372 0.0203202543922351 -0.0820417105651992
0.0431774276865296 0.449203320765432 0.0296955663502714 -0.12222175849953
0.0902951403043769 0.451421225270347 0.0116854547214491 -0.119578833408371
0.0965580282283948 0.437610950686305 0.00522647963663504 -0.106182038713058
0.023962668651453 0.522119195090477 -0.0120279132441562 -0.0820071742724726
-0.182604225691784 0.552336413633722 -0.00440059021672101 -0.0357194491517288
-0.386718564982534 0.464349744238236 -0.0492856695873464 0.050610043882224
-0.624107769284924 0.144310875251209 -0.150698952011254 0.0340194333777553
-0.613271450099138 -0.281062088811031 -0.135074028189634 -0.093211904302915
-0.448759425424897 -0.413804491072301 0.0121047795903661 -0.191608077654134
-0.297107226446692 -0.429262159525624 -0.155328758288579 0.101959344284046
-0.484020143439949 -0.403727115292624 0.008673607077421 0.0474521678756451
-0.540366092079342 -0.135552365884234 -0.0509743003747762 -0.090367993683833
-0.513614076788685 0.194670602473239 -0.0902710814186824 -0.00576893852851349
-0.361428162200252 0.408649601501776 -0.0850731307622592 0.0432276762801525
-0.148800394446746 0.491967633058107 -0.0209367504607913 0.0771206276685312
0.0333227211925787 0.472056980912405 0.0419651809828813 0.0572263362904054
0.0805509570745168 0.466638005726644 0.0465215740050541 0.058346890895574
0.0807194444481271 0.447663781659969 0.0485711821222602 0.0639712293662068
0.00784630891164602 0.520569676266365 0.0196868449007931 0.0678880684195249
-0.187159222069693 0.530647181551737 -0.00398521071969494 0.0790038633108318
-0.364957035083454 0.428773547553301 -0.0412610049292602 0.0981621730312347
-0.568205216330023 0.15191028825482 -0.0975700599531854 0.0714339795704434
-0.590072137441394 -0.230626879952559 -0.0264200361646406 -0.0241094301308998
-0.466206981705484 -0.374539923832143 0.160023960017778 -0.0337013690925109
-0.302079281577247 -0.358049723156536 -0.0278775734594452 0.297487412945407
-0.4668817841522 -0.308116408288343 0.127525334279781 0.164636428871479
-0.480489861801677 -0.070059543254218 -0.000488328288686788 -0.0278856647199759
-0.429448813266135 0.183542841342094 -0.108666140832703 0.0215063030599392
-0.308358936259033 0.356934258589262 -0.146481880221774 0.139192463599471
-0.129114728073479 0.429558758370749 -0.0504961908931648 0.232198682863199
0.027158985674409 0.415702322764321 0.0510464886097188 0.231276732427309
0.0608522262039362 0.411102516820964 0.0752459811845568 0.226555167443219
0.0506593096944134 0.395032610844311 0.0790501615179494 0.219181396274052
-0.022196106270011 0.439003509297248 0.0409359617550113 0.197893771808284
-0.180807217105313 0.414007034375386 -0.0109899170932382 0.17247284919099
-0.300933917050104 0.299000570514317 -0.042528639039939 0.122969943606945
-0.419087646678038 0.106684313219129 -0.050341290634494 0.0863004023540338
-0.461604628777642 -0.166040388134321 0.0690300223240744 0.0244514270238245
-0.40937254066229 -0.287404467746454 0.292865488151007 0.104577098823085
-0.254190613864517 -0.219571925922305 0.0991343497695109 0.455738474649703
-0.344436946687949 -0.153133286845831 0.229749970991267 0.255177401818189
-0.303966202318105 0.00409830981307007 0.0558971129001872 0.0438123908543127
-0.253575654273654 0.120965009142979 -0.0973942911111416 0.0519734268440094
-0.197282673553894 0.229325175295856 -0.167875789469373 0.212356575484285
-0.0865155603754899 0.284346389607326 -0.0580071159691713 0.348126289207283
0.0125855372028381 0.291621167546446 0.0617332926018936 0.36817531293168
0.0291574355063352 0.295058249424161 0.0932615133949456 0.35979406465846
0.0129971169747128 0.286813494798014 0.0890468631510123 0.338835017206408
-0.0491034334967314 0.298218185330198 0.0388010615990174 0.291557207685625
-0.153867325285142 0.241271265302417 -0.0355523609466231 0.229620101075929
-0.19966756770823 0.13052303091718 -0.0558316078833016 0.120976890125439
-0.219002104801932 0.0488366681979678 -0.018836439254903 0.0816321723021361
-0.280749006526167 -0.0823843880298033 0.133410711881969 0.05944830607154
-0.299937715551347 -0.165496402786269 0.385605595608873 0.211953728970442
-0.147485590665506 -0.0481159441513057 0.198797501373886 0.542110342626529
-0.140352591033112 0.00867587540116029 0.303735826432035 0.30106622942529
-0.0664971579468186 0.0456590996501574 0.120023809636356 0.0960444858015244
-0.0534913276422234 0.0109931623788834 -0.0575553999634544 0.0615019895938247
-0.0750860496344231 0.0559105998190135 -0.150667129910518 0.243099237404159
-0.0442064075422344 0.0938586446657894 -0.0457876403042518 0.404025426588207
-0.0105167769567459 0.122220550199007 0.0678017888552477 0.445135845052679
-0.00621291296572585 0.135906188624559 0.0953265434262144 0.437517844095101
-0.0177629883211315 0.139185429260256 0.078256675988758 0.411003301980705
-0.049506057510658 0.124852906270511 0.0147047423968677 0.343380320744568
-0.088661569390838 0.0608018691137048 -0.0691637627434447 0.2496799698136
-0.0648989490964171 -0.00981894243078957 -0.0688830741855306 0.0981647420612693
-0.0190764050020368 0.0291110054377963 0.00577347190695081 0.067570765462433
-0.101815048107538 0.0296464685369512 0.167329600083705 0.0898121567720046
-0.171105482423011 -0.023150243618533 0.428814473729779 0.28398463047136
-0.0511652207131809 -0.0980948679238958 -0.565625842358189 -0.000860105926642446
-0.127104573207946 -0.085031139105629 -0.29627570938017 0.0902891151091825
-0.122532156959499 0.0414034400282524 -0.101466792495817 0.00408065337852539
-0.0140701753825895 0.114336223268576 0.0339898758766465 -0.0479538347134123
0.0396799758441401 0.0752098139319242 -0.0215066244075375 -0.238254552203232
0.0575234602206626 0.0491785859275722 -0.185669968614641 -0.306808612676989
0.0551831545956487 0.0146185480444945 -0.314570191631599 -0.318234399711886
0.0588859566472879 0.0107904455400446 -0.361432694228438 -0.31584308294211
0.0700135903584461 0.0116991579327714 -0.352893832462651 -0.325412597214636
0.0903630420952935 0.0630406568477469 -0.263255220519974 -0.319438193938165
0.063523027162189 0.135188115953546 -0.122673538599751 -0.272251065551171
-0.0257461523575284 0.182623240075151 -0.0574620008901134 -0.0924842807181788
-0.195426767118566 0.0906082005495098 -0.190668402640483 -0.0203163188572329
-0.186917308805319 -0.0911601390718078 -0.394982823886907 -0.094816620546496
-0.0843611546024389 -0.115669054989429 -0.544965610171573 -0.302118543239644
-0.21115058067344 -0.147862309818923 -0.543527449111256 0.00285804244934585
-0.292513522371161 -0.0975187863847136 -0.302261663920829 0.0477604803215619
-0.254740685769341 0.0775464302700963 -0.153406458398852 0.000833945473083738
-0.106428601182871 0.229480115486507 0.0164560599623536 -0.00756242873878886
0.0208380596529648 0.239984181935065 -0.0060009559850208 -0.195121733604561
0.118425762420392 0.207768959730373 -0.13989499879657 -0.275088353887828
0.169822780713929 0.140602448413778 -0.255847412556499 -0.299286684178382
0.194179688801875 0.138127503915546 -0.303527613390473 -0.285933380362903
0.199008425534793 0.138575678455196 -0.303032169642224 -0.276908091537253
0.204751037371649 0.227004261177429 -0.240884704336997 -0.255548563078579
0.112274080222265 0.341040563831778 -0.120188490292762 -0.20797558744425
-0.055294011120105 0.394074353353706 -0.0612756816128761 -0.0334232282680467
-0.352279681991183 0.274712498382705 -0.196662689017014 0.043034305393448
-0.452687735505829 -0.0175464298491244 -0.371149043726835 -0.0531589597241855
-0.343546187652019 -0.128947096166475 -0.464809184620195 -0.261458201627312
-0.351113329598353 -0.191529657942684 -0.453722371728294 0.0434245769814953
-0.447743933582105 -0.104922264505661 -0.255381392210444 0.0199553356789898
-0.385744206306003 0.109279175791161 -0.183718729493142 -0.0145387792184287
-0.207466932338337 0.330340538813736 -0.0213251153442552 0.0208138212363539
-0.0127094903669987 0.394204378191227 -0.0115205048630178 -0.123488481146173
0.157037749259566 0.354934603916639 -0.0900473167679922 -0.191749044906399
0.2576874308442 0.255819798993566 -0.164087284892555 -0.230161677703765
0.299511832075465 0.243160914086697 -0.198987210682128 -0.211761171018046
0.30236846051193 0.237178966586044 -0.202692291148883 -0.193327845345706
0.302006933548777 0.346048317743218 -0.170751805146999 -0.163114699923202
0.170738755258921 0.495491080578954 -0.0844452383495554 -0.123084425763897
-0.0461958626450514 0.557838146996508 -0.0390619309226271 0.0231947339366094
-0.429973199082015 0.442508159525726 -0.157790545761084 0.0951501024352102
-0.632929190782129 0.0857961248488805 -0.287420417807546 -0.0158623233804604
-0.54087686462363 -0.102561416937317 -0.30177229978876 -0.215731526185455
-0.452728218461266 -0.210984579688179 -0.295078283670778 0.116424688845501
-0.574549312911799 -0.0882426081219753 -0.14565568944627 0.0174078336011351
-0.492075976588342 0.158403623601174 -0.173732896449492 -0.025986435802441
-0.282379490972403 0.418601128447092 -0.0601605023756305 0.0464049780398903
-0.0398775845784149 0.510200873527671 -0.0287558726763964 -0.0199396110244749
0.178891287643141 0.458879335603051 -0.0330169678079728 -0.0621443220872191
0.3091925091827 0.334102780545356 -0.0495895307432376 -0.115690563691129
0.357897831520566 0.309994296093241 -0.0672618967848704 -0.105299609299212
0.354597207076859 0.298351734039507 -0.0686357567493312 -0.0895135982098298
0.353271595477971 0.412756000058148 -0.0624094227866067 -0.0590115609909534
0.205851867470924 0.571404373196906 -0.0192761619636187 -0.0292496470730783
-0.0281705603125795 0.630562990438988 -0.00159313543860707 0.0684064903930547
-0.434310381513757 0.531741558481495 -0.0917571435811951 0.119152894083619
-0.696999411424806 0.167005916301851 -0.163725711400903 -0.00566585966321074
-0.642867694388569 -0.0569693168462817 -0.090608854008777 -0.176387969861351
-0.494319349678982 -0.189785117636158 -0.0853561980993821 0.207160029332336
-0.623315853980937 -0.0410067826709176 0.0133986164555872 0.035933848421842
-0.521463714978315 0.208196221239089 -0.120090017840234 -0.0233648454945022
-0.297882316160572 0.45550556362549 -0.08344602783697 0.078388242563884
-0.0456575534259296 0.546767905911277 -0.0393369598171392 0.104024682694821
0.182186978648727 0.488420127124854 0.0336136001388418 0.0921653664703984
0.316204380773495 0.356983084012861 0.0741825495055695 0.0222688081822539
0.358720312185231 0.328836248347638 0.0730334580907321 0.017467227675955
0.351265525501893 0.316963543057414 0.0740173789093779 0.0213873967972536
0.337845115263973 0.420245465518939 0.0584968768823698 0.0426520560899402
0.189395126333185 0.5582935359476 0.0545696277311715 0.0621714921616429
-0.0322470671140669 0.588354363853273 0.0346735331463652 0.102466729903727
-0.380296660575589 0.500084300008158 -0.0241777212024591 0.116216254266032
-0.6421482666519 0.192371123730233 -0.0311905345667745 -0.0190741869395466
-0.631080818238264 -0.0109805446343879 0.131771822117269 -0.144398956156755
-0.456244326999627 -0.127692308700841 0.143895978374746 0.287239356609314
-0.552455171211021 0.0253664156817044 0.185344556213922 0.0587004254148908
-0.433158921590574 0.225356700869862 -0.0359085642120391 -0.0032058045905999
-0.238004434174658 0.396992475449161 -0.0805495160512976 0.108508136296934
-0.0322713912296981 0.472275881908386 -0.0292245296506999 0.21775158268034
0.158080402946362 0.424395377961794 0.106415647906734 0.233404717328143
0.277403675735152 0.316918049267709 0.190382535300872 0.15812205712884
0.307426006533243 0.296603999081024 0.201956983200344 0.136291826531468
0.293620343183225 0.292501624148427 0.198554260506056 0.127083421521894
0.2634069602041 0.373001506373486 0.1585218425949 0.13383867288249
0.117554689813519 0.458675715960596 0.106927911844506 0.142365258087223
-0.0620580460664506 0.437615033775106 0.04932477889194 0.124690235409799
-0.283736519522059 0.362885387594167 0.0221476199036106 0.0997232756969768
-0.492457384146381 0.162489478417313 0.077255113808687 -0.0371486650569221
-0.524832151547304 0.0273568972201027 0.325651046309584 -0.117956919865737
-0.334206786853247 -0.0371326518633802 0.351409035014211 0.33012244094826
-0.363963223765657 0.0795593103642251 0.331097428146979 0.0692662395538116
-0.243157626586617 0.182676983638551 0.0628222890903401 0.0146277960274708
-0.133061835011918 0.245530472070784 -0.0496630603390355 0.117762038827089
-0.0203898304478143 0.303090274612744 -0.000964918091637834 0.284762895398978
0.104747213978363 0.28282739690505 0.172045982178714 0.325286533265766
0.18969458366561 0.224405892718706 0.283357395403627 0.263080087964581
0.210608564841861 0.222050236224883 0.29989872285042 0.233224317798959
0.196322401328812 0.227999261557316 0.283633629180154 0.217926096394431
0.152602009981847 0.274726670054646 0.215880404954214 0.211757052906965
0.0287913809096703 0.298989806737898 0.122334051509472 0.204779065338458
-0.0840412283923304 0.233525015336783 0.0355674902425824 0.132838073996103
-0.150769813910953 0.181404438563124 0.042893769922572 0.0778658789013985
-0.284264086637756 0.113916539158954 0.150096703855765 -0.0453012621611736
-0.352007678366865 0.0608019772515381 0.464423721516724 -0.0881861680262227
-0.146676508224096 0.0462121714222343 0.496813708453208 0.329097771616945
-0.104711791713074 0.0889832209459984 0.429570104133369 0.0576708903026017
-0.0240963734584331 0.0760016145861726 0.15655253851205 0.00787636740527024
-0.0370772373734556 0.0406335478321947 -0.0113586896780638 0.0906209421267249
-0.0258775599785729 0.0903994488092177 0.0297070830382322 0.293336786437963
0.0223266460875687 0.103284886664237 0.214806944535123 0.355583769652387
0.0681359116506167 0.103097452619619 0.337025724071733 0.320510357024583
0.082481870188819 0.114376381974541 0.351519314536669 0.29585741782207
0.0771461723354522 0.126429190988523 0.3223561777937 0.282646614578865
0.0412251517965441 0.133351764940803 0.227852174881513 0.268727138095056
-0.0336486836233264 0.108744582914396 0.105295814763543 0.242268698237489
-0.0611562081820203 0.0325790741829857 0.00894087045994976 0.124126091828901
0.00538951912846794 0.0344084086435779 0.0514704370042341 0.0520495386428952
-0.0610746503338022 0.0905642853053853 0.194464404688296 -0.0375666394638807
-0.152196987591126 0.0983126167996209 0.539541513568126 -0.0568847240713475
-0.057106302648073 -0.0998814583963391 -0.5824237971922 0.0233975339509339
-0.137224675787875 -0.0824949407911063 -0.300399128356663 0.106901046890413
-0.126110656003775 0.0478754309161977 -0.107467687050974 0.00920296180756684
-0.00831068695289938 0.11785867887135 0.0331106056667587 -0.0514734215011691
0.04482117213478 0.0744114244869188 -0.0351340893729396 -0.243242386275517
0.0630962176956306 0.0455588631431463 -0.206161747012862 -0.30403041304083
0.057663644820979 0.0105798872619731 -0.338300096899186 -0.310935239191369
0.0603879394061992 0.00799709777336027 -0.388344279192194 -0.310072416950942
0.071160283325881 0.00877457237085887 -0.379360515331328 -0.319609954241694
0.0960236705719179 0.0600132253123493 -0.285833430605891 -0.315704310343598
0.0754031977876988 0.13517198749012 -0.139424062565206 -0.273597313773531
-0.0156751376060467 0.189865119548323 -0.0625453024270875 -0.0914298071802033
-0.197832134264254 0.104839489826612 -0.19939836289521 -0.0135659364627673
-0.198723907783008 -0.0857716009731151 -0.414210651538205 -0.0790549348288069
-0.0895787884152348 -0.118399508967415 -0.574187774869334 -0.288044389588769
-0.224126301093755 -0.146835658390243 -0.559014558882336 0.0271542846401249
-0.307217209538793 -0.0873803268370556 -0.306971423185174 0.0631493078557137
-0.261105812388884 0.0893391988310283 -0.162245985094583 0.00895581055192442
-0.0982649117848788 0.239415258075193 0.0163813518363622 -0.00915472352005826
0.0340403321639999 0.245295678151393 -0.0167494548538159 -0.198853468986463
0.133198152135694 0.206989078089584 -0.157273617530382 -0.27384949750524
0.181916604625444 0.135435036530064 -0.279430674003851 -0.29562720696713
0.206871504164136 0.132683857861758 -0.326554759366196 -0.282747491713979
0.211004921111872 0.13379137969935 -0.326449535700921 -0.27154740226404
0.221707040370843 0.224254126298659 -0.259031224331114 -0.251052789401415
0.135153573291363 0.345014032114902 -0.132925078370444 -0.208100487900923
-0.0355870207362659 0.409673590045156 -0.0624556955015598 -0.0302306589549769
-0.350722013973399 0.30133709153538 -0.201586699632821 0.0519383762906837
-0.471056198033963 0.00334802934447143 -0.386051277693218 -0.0365646111423938
-0.356509033830419 -0.121423869307204 -0.491995720819694 -0.247442138037861
-0.370183835511676 -0.188327876743152 -0.463836298957503 0.0660293458391665
-0.4683136091564 -0.0895248850377823 -0.259733200579502 0.0299459044724234
-0.395564219026325 0.126033038538804 -0.195618398508248 -0.00467352051714812
-0.199098927291742 0.348609878104619 -0.0203852337503332 0.0222859397529863
0.00581063626422942 0.405250674858984 -0.0194033701951673 -0.12267474234787
0.180872889066344 0.359057746790913 -0.101224128821349 -0.191465323275898
0.276559060411322 0.251190474288237 -0.182639291514127 -0.229287896871246
0.320377152326684 0.236068524234445 -0.215002932910261 -0.209709756246343
0.321174801076438 0.23087412520889 -0.2183853254933 -0.19031158328438
0.327186245260807 0.342434931887686 -0.181341932611286 -0.158949305944287
0.203158525140171 0.501395759047789 -0.0916498298367099 -0.122333291098669
-0.0188322430749038 0.575923542067898 -0.036445402502322 0.0274647647535886
-0.425046144496134 0.476836056771422 -0.157794215727827 0.105359550147339
-0.650914900273204 0.116864705294468 -0.297193049951951 -0.00195804775432239
-0.559984117619017 -0.087164876258748 -0.324460155699102 -0.208722711006962
-0.476403870830291 -0.204420417294372 -0.295842011647084 0.135475405744987
-0.596946991314365 -0.0643774305303041 -0.146053538353264 0.0220640195828518
-0.502666479317423 0.182041611206213 -0.186428334482564 -0.0175570456003332
-0.27196753950386 0.442077848101549 -0.0593431214495457 0.0506947013204226
-0.0154809945757548 0.52777337099319 -0.0321683939776175 -0.0146694889444664
0.208580750141101 0.466398526094069 -0.0359269008351139 -0.06000798238973
0.334327311363716 0.329782694154487 -0.0602820683322273 -0.119043764882057
0.383838814571692 0.302835782680732 -0.0743246834941805 -0.106296877530183
0.379670454252563 0.290347434285258 -0.0754417686384576 -0.0895484570006406
0.38447956329082 0.409930557851902 -0.0637618698576726 -0.0571888140224416
0.242562614918538 0.579174481645979 -0.0199390662611931 -0.0288809765050927
0.0012730365112926 0.650369507142761 0.00533663940552131 0.072227743305158
-0.422315658747284 0.56846799393163 -0.0866506763738649 0.126930328235171
-0.715458974545821 0.206719519075564 -0.166284047587134 0.00303218760910079
-0.660708036452137 -0.0349813666788647 -0.105353109737096 -0.17758858289811
-0.517405057357948 -0.179486338865207 -0.0765635377287684 0.219976340419576
-0.647271151470514 -0.0139706424813415 0.0188921416930359 0.0335569665938865
-0.529359648162334 0.234394687426145 -0.130764507038747 -0.0159922599015828
-0.287153573666638 0.481992863532444 -0.0825479438544872 0.0842230284186839
-0.019911539163958 0.566638271852035 -0.037240989163137 0.114464059276053
0.213297996430829 0.497186536696215 0.0402959658924834 0.0955382479977878
0.342139947680313 0.352749223387261 0.072241570667587 0.0178071448483326
0.386193256996095 0.322224938664366 0.0768448679612645 0.0137959368549534
0.377273184870589 0.309259103219303 0.0770338740237612 0.0182457096624378
0.371521500947155 0.418938652024293 0.0651937457722173 0.0410853188223962
0.223222518384965 0.567513850570299 0.059845652299097 0.0615319160661823
-0.0051868497218499 0.606377100661583 0.0432114660616584 0.105466167206978
-0.366764083080059 0.53174531275796 -0.0163674909039326 0.120794962470949
-0.656455945653745 0.229223553884453 -0.0297683104372105 -0.0155945662114789
-0.647496283367076 0.0143995070583685 0.124095742771882 -0.155544630327769
-0.476237281324464 -0.115656484660278 0.163795347761038 0.293133193295231
-0.569015752991127 0.0526160076066423 0.1970143666185 0.0493402955171195
-0.435976946354815 0.250101854636379 -0.041556665927092 0.000443253833373463
-0.227035442570471 0.420598463666831 -0.0784036699959189 0.116406207484732
-0.010337631522488 0.490781053333772 -0.0210726982149899 0.230629722187812
0.185143710031255 0.433466919487735 0.12090125397007 0.236504008214294
0.300584263843495 0.314879760340629 0.199121199974476 0.152544915435449
0.332061987825641 0.292093758463527 0.214476377540867 0.131735057183901
0.316738285269047 0.288793637009724 0.211273036405476 0.12157142233498
0.293115940551441 0.373376947993228 0.172069037510133 0.130536183067245
0.145559998789294 0.467194365251834 0.118298552981979 0.141329066401048
-0.0446475958828995 0.453199079415561 0.0582981598380722 0.126813637475819
-0.274067739448935 0.383500058138347 0.031551566847447 0.102865740077892
-0.501940870577148 0.191151362885747 0.0816119739937354 -0.0403610067287303
-0.535653169525783 0.0498540203130191 0.324219250474605 -0.136382335932771
-0.347271667790443 -0.0268695292524922 0.378761926231909 0.329819363319017
-0.371779696083171 0.0996740782710588 0.346013311801164 0.053519565064567
-0.241064640371037 0.197471542577594 0.0625149234178561 0.014027057099348
-0.126764695322541 0.259062301250814 -0.0467269178533202 0.125375349032302
-0.0060552339995851 0.314796545633252 0.0112948371618093 0.297699474948106
0.122662713951315 0.289006364809039 0.192595641105458 0.32858336409706
0.205990866602968 0.224356544192099 0.300379416805506 0.256469979025331
0.227629416507366 0.219780793963366 0.320604691884706 0.227738775067212
0.213289547087499 0.225897957011344 0.303261410673997 0.21161088625097
0.172702191991842 0.275877561002863 0.233846970594937 0.206384889247242
0.0441295430005684 0.30666980862298 0.13683891802749 0.203688067711615
-0.077878448425519 0.2440310149027 0.0454625170229144 0.13616428654553
-0.146227684726647 0.190594684847148 0.0522332874821152 0.0796630649641065
-0.287583040100922 0.131862416104465 0.155625715693224 -0.0520428621649069
-0.35693871566563 0.0783127992920126 0.46833821301713 -0.113337038233934
-0.148988203352776 0.0525536434687278 0.52728232422711 0.322803793915089
-0.103249901585991 0.0974077217387715 0.445486131936559 0.0391481934237678
-0.0195489111965903 0.0777285394990188 0.16111481174385 0.00190900041878551
-0.0371432526414066 0.0436757264558887 -0.00885219108883897 0.0950994199577253
-0.0221698203554322 0.0962191138137561 0.0432067314746774 0.303780239127159
0.0281638933836719 0.107931498356293 0.237387087203661 0.358147807402946
0.0750091088215972 0.104551562783401 0.360647015297025 0.315051681743062
0.0905663228345503 0.1148081686679 0.378006866796334 0.289525296967119
0.0869856279104964 0.125953230657553 0.346950062172299 0.276440531522002
0.0496867218056938 0.135480388130064 0.248718961115945 0.263952281844048
-0.0308964712701977 0.114657025188308 0.122188888880952 0.242201520689618
-0.0638614514483508 0.0356174660601251 0.0163589409346408 0.127795755691376
0.00830442141263039 0.0312645090389778 0.059770834079966 0.053112225899041
-0.0573107983140375 0.0966121220220601 0.201171441555138 -0.0471735862649462
-0.1518051878701 0.111031819814302 0.54756238563012 -0.0857560193762213
-0.0643668190216732 -0.0982794100033627 -0.586325909117781 0.0622625688872449
-0.14648755708877 -0.0738604839287866 -0.294615633461042 0.129090774135693
-0.126882410444749 0.0562780989561856 -0.111437185616639 0.0175205175859469
0.000691072351140449 0.11885946570573 0.0296797345089519 -0.0550365959966738
0.0507962455257217 0.071466542678969 -0.0540691480042262 -0.241712580883551
0.0671238883200306 0.0392196770291491 -0.228480561895803 -0.290561476189574
0.0584435942010697 0.00558548917233974 -0.361768550474261 -0.289224665267177
0.0606438595680891 0.00405277044845401 -0.413584516428468 -0.28870953035063
0.0710570493389185 0.00438480901575615 -0.406638482180685 -0.298369222357044
0.100604081700562 0.0533703408092841 -0.310070952975618 -0.298341267489147
0.0879140674630277 0.13040916165037 -0.159639334533316 -0.266343791470206
-0.000381455249299732 0.193218491636034 -0.0678041953145675 -0.0879901694426142
-0.193838649982095 0.121822526014722 -0.205468290389122 -0.00171336372841001
-0.208890915563897 -0.0734214498307891 -0.425554036738916 -0.0511426273959626
-0.0967571681370586 -0.116889003049804 -0.596334577437465 -0.253814048597962
-0.236749091913063 -0.137208296898753 -0.563931888725753 0.0647868760092315
-0.318482242936491 -0.0674118829765175 -0.304034236753155 0.0828049932943156
-0.261487679322399 0.10594591168018 -0.168055859033611 0.0227237687769541
-0.0826273339147738 0.248318104866019 0.016076970456842 -0.0109532203795508
0.0518936238977304 0.245316086005716 -0.0316841658819401 -0.197402752434211
0.150845769948131 0.198298827291634 -0.177482658738947 -0.263889901873288
0.192632634581657 0.12351359927565 -0.30381575234034 -0.279367646669893
0.217649555643423 0.119511931105262 -0.350706573229883 -0.263202644470063
0.22106162059938 0.121392783696375 -0.349090866127058 -0.253261183973268
0.240478025471926 0.211639011942202 -0.277195900939988 -0.235139894310979
0.163158703999735 0.338997219938431 -0.149191517234334 -0.200469156129045
-0.00644038480629774 0.41511050296112 -0.0625639294033472 -0.0252559052022933
-0.335966825942047 0.331606724422895 -0.201721692529527 0.0655908401951424
-0.478629217828095 0.0355316410608691 -0.394359459622991 -0.00988311808726897
-0.365805710757516 -0.10432533631936 -0.51370648720954 -0.218377356308563
-0.387117346165353 -0.170564703701071 -0.461574153880264 0.0967269058836627
-0.48093458419065 -0.0582384682312867 -0.257963906722389 0.0454790446993427
-0.394322264100175 0.151072077277069 -0.204030850238817 0.0110566623544031
-0.177837543468115 0.365960793192546 -0.0195687307946595 0.0232108100090896
0.0352191027549387 0.409161299215584 -0.028987644226649 -0.119481252156535
0.210008157713594 0.349028577381038 -0.114320311033686 -0.184297171104681
0.297339794074894 0.233496055624447 -0.204308669357927 -0.219584605212442
0.340532895241607 0.216901161615737 -0.233386202566916 -0.199792162013998
0.339077541843924 0.212084692572232 -0.234517188796197 -0.178453864325846
0.356813326032334 0.3260192198718 -0.191830638231223 -0.147863221147481
0.242273800767691 0.493046430727619 -0.101055133262406 -0.117281172023452
0.0204057910153351 0.583694317864001 -0.0313685168191588 0.0310903539536296
-0.397253053337656 0.512625302771669 -0.151949467152327 0.116430433890877
-0.654860119799093 0.164848153540965 -0.299728460358816 0.0189562702599062
-0.568055735760581 -0.0564021430839559 -0.343019393552231 -0.188719402988556
-0.497784577478357 -0.181836492528246 -0.288155332298188 0.156472960056708
-0.610489541092011 -0.0257514130129261 -0.14359828798149 0.0279644953198111
-0.499030769205185 0.213065059509087 -0.19598962416637 -0.0018049498077522
-0.246460557630005 0.464380081906298 -0.056691923433194 0.0537552182701523
0.0207736760909632 0.534742718941414 -0.0349709874525414 -0.00810399728398117
0.246047014852939 0.456640504869745 -0.039136234023669 -0.056439940207431
0.359137628219533 0.312059336025259 -0.0741342079887174 -0.115814633915591
0.409108630660412 0.279488555925422 -0.0825899357035489 -0.103719236176508
0.402679950227718 0.268307345918261 -0.0822212691482948 -0.085929622792915
0.418478122896319 0.388034190247008 -0.0655834463116136 -0.0532885819348852
0.290408712033245 0.569548842658051 -0.0212463222662701 -0.0272598907113358
0.0479881920763608 0.65863487963119 0.0133617611226732 0.0740227414152208
-0.389436523345089 0.604447489018588 -0.0766952579687579 0.134019021436108
-0.712778962707772 0.260526094943998 -0.165244272347552 0.0160422659408909
-0.66655804906091 0.00205082446083599 -0.122271405781958 -0.171713101843756
-0.537898102614606 -0.154013798067349 -0.0594324948819589 0.22845021015486
-0.657241892970577 0.031061411459937 0.0238301469712656 0.0278612433445986
-0.52249437754199 0.269352925203749 -0.138581699684811 -0.00362054157677267
-0.258730410110023 0.50609783653976 -0.0782268797053739 0.0904371020880516
0.0190713489089983 0.575378655956169 -0.0309833126180605 0.122935983672723
0.252092141336243 0.490432389498176 0.048703290190485 0.0955234639674479
0.370112661382613 0.335170623909662 0.0686825492140008 0.0129700756581542
0.412166506583099 0.297362209253608 0.0786450859086357 0.00860977309970158
0.402138507704677 0.287768617025886 0.080408374848726 0.0133451850550596
0.40752488699223 0.397919675677062 0.0718338635408711 0.0367194526356897
0.268304845841653 0.557244675339985 0.0665595229503241 0.0581370789462531
0.0366526678833838 0.611800287814033 0.0543416085628144 0.10547784283352
-0.336925726401494 0.561785192903403 -0.00444083576088377 0.123255333284073
-0.651594120199352 0.27954727314188 -0.0270382899517751 -0.0130235445425033
-0.648343974888543 0.0519188275075155 0.109958333385079 -0.164840005011571
-0.491411795556536 -0.0918336956781495 0.187808839166114 0.287011380773642
-0.572339440627272 0.0920337741947047 0.20352113416593 0.0312883474661364
-0.424629879103921 0.279040457814244 -0.04637743498832 0.00599664967922584
-0.202639208712339 0.440340867124022 -0.0713777084649404 0.123128766713887
0.0241442438434176 0.496661493566063 -0.00655255071907034 0.239880106518797
0.219212171678065 0.426708622254627 0.139723947062977 0.232258948713487
0.324191372705388 0.300570081771338 0.205087950918009 0.140538458810495
0.35566424318874 0.273517749496703 0.227305994916733 0.118889295597022
0.340558347158055 0.269967598589253 0.222485904090506 0.109045480003396
0.323211436961241 0.357327515649416 0.185852061070635 0.118914827442171
0.180261489624255 0.463021507894128 0.130392382648975 0.134015777199396
-0.0145440538944775 0.460876629332477 0.0710544852893498 0.126114154615649
-0.251957433256907 0.404437766133224 0.0439102733135231 0.102147774917685
-0.495554034177268 0.228593878642998 0.0839023119611364 -0.0447974709222093
-0.534634945898063 0.0823175562171181 0.312673140377346 -0.15906391165445
-0.354526559926514 -0.00731633976788399 0.40717142705223 0.31168493746838
-0.368842894026007 0.127048479258197 0.354574756084133 0.0273334714360427
-0.23017777164937 0.212949486182554 0.0621773291195622 0.0121458164115045
-0.111005741978505 0.270358560712218 -0.038923257304045 0.130027343059138
0.016345935620865 0.319818301548582 0.0316716921161632 0.304928689145175
0.145753983150803 0.28649565552681 0.217155235690407 0.319594407977128
0.224181146206902 0.214444118093248 0.31613564575742 0.23854692778927
0.246154620537825 0.206682841236424 0.341446190324861 0.209702206123694
0.232087501852201 0.21331741217384 0.323008498505091 0.192248189482231
0.195675658036053 0.266202171109698 0.25225195411446 0.19113300331933
0.0667119358144459 0.307693557699225 0.153816302639818 0.195064365876931
-0.0634174920047909 0.250737754868078 0.0574713227000305 0.135249283236405
-0.134570864716533 0.199116762807387 0.0639763144886297 0.0773806450797948
-0.280613038482073 0.153228152240419 0.156575490837252 -0.0623214239714865
-0.353473779211739 0.102082010054269 0.458665029881255 -0.146257360914958
-0.147204494863361 0.0622240867250251 0.555492040688664 0.295855173934479
-0.0966991578817308 0.106987750935617 0.451758974038885 0.00807785539445948
-0.0132580554401514 0.0781109511161641 0.162869202824205 -0.00862844699315149
-0.0350387662246035 0.046799144884226 -0.00222718618903712 0.0980772857541119
-0.0153455522102541 0.0993696544123139 0.064473139131513 0.306577606270352
0.0367735075298493 0.109281082117346 0.263148822958808 0.346804794042162
0.083173443206283 0.102175753326736 0.38108376060104 0.293462981921067
0.100692486781871 0.110022845228571 0.402841571071276 0.269549078353654
0.0978573756095646 0.12048303388924 0.369043700728818 0.255238003587753
0.0599059153411488 0.132214394646431 0.270304273765419 0.247644640564209
-0.0241774037546431 0.119200762078658 0.141181173613415 0.233547167452558
-0.0643782111507622 0.0400240129429496 0.0274061959258487 0.127699175988784
0.0107206911721916 0.0271302137999958 0.0697205137456126 0.0504144228934043
-0.0500069707534202 0.102481726207941 0.201855500945596 -0.0608888431401235
-0.144043281423248 0.124694646787642 0.540752593422036 -0.1231154380335
-0.0703907274219763 -0.094067632314496 -0.572539104918166 0.100134891116741
-0.151738712436001 -0.062857231673275 -0.278304314996039 0.146296506291117
-0.122861156024035 0.0647254159682328 -0.1120709328902 0.0269233998268969
0.00901403822437414 0.116763924946949 0.0240833268078393 -0.0560616053833011
0.0544989552533685 0.0656223997247103 -0.0717885418170818 -0.232556132484015
0.0685647384238098 0.0316163990714705 -0.244838721699739 -0.268365997898723
0.0570889830711203 0.000196134719433584 -0.375323816650993 -0.258740516829143
0.0585046909533387 -0.00030253210566965 -0.430117214311621 -0.256597547959533
0.0684293191421417 0.000138923080203824 -0.420621021988054 -0.266927541515468
0.102745611147054 0.0450716294311606 -0.323976132194188 -0.273925834685096
0.0974857216569791 0.120495323022537 -0.174973368296431 -0.250498310040496
0.015017154150398 0.189726102998337 -0.0704515860927582 -0.0819013356453487
-0.182629269895463 0.135493805864609 -0.204177008240765 0.0121370931351239
-0.212245230305822 -0.0583724279261176 -0.424948455336358 -0.0190384503841323
-0.102375446356937 -0.112692284171914 -0.600864632547623 -0.211627995790559
-0.243316744681726 -0.122897788818597 -0.546126203682464 0.101855696187971
-0.320628020117897 -0.045655573104406 -0.290996492404429 0.100727766716987
-0.253604380114548 0.121320726877277 -0.168415110730592 0.0368539437947324
-0.0643632486405905 0.249566574224569 0.0146641045748305 -0.0128442220745974
0.0687833777581946 0.236762302494251 -0.0463477573244212 -0.189350856068371
0.16342622391673 0.182375046822654 -0.191377116474091 -0.24557410905143
0.196567945417422 0.107867483467268 -0.319630041146692 -0.25326695375155
0.221679937292476 0.10264024450116 -0.364464364877572 -0.237442476254227
0.223615824969234 0.105833000193239 -0.362245904907778 -0.226646240324173
0.251261846822159 0.19114666758248 -0.287134566580141 -0.212499917620173
0.185803752292878 0.32043609366477 -0.159012169430646 -0.18712457607112
0.0245563598454982 0.408977157298801 -0.0597573311189744 -0.0196572508681063
-0.307831512098574 0.35033238075485 -0.194650642141033 0.0781157072376641
-0.472025495220655 0.0694562830434114 -0.388888130669696 0.0184273762465372
-0.366002142952195 -0.0843464772849549 -0.519047264879559 -0.180789878286377
-0.395695879045297 -0.148042980779572 -0.446193293555004 0.126506728229126
-0.479752926003877 -0.0240521733240266 -0.247888429241183 0.0587299504273992
-0.382043375006593 0.173299407976453 -0.205263063136662 0.0288957826561548
-0.151029768419482 0.370372080541617 -0.018027939691419 0.0231570285120956
0.0640453974330171 0.400243882108349 -0.0375407059894549 -0.111777536771413
0.231982673875643 0.328122421932102 -0.12400263213861 -0.171473102226682
0.307505752415167 0.210757376173141 -0.218142468075074 -0.200127563341573
0.348348402164254 0.190363426516239 -0.245053357610754 -0.181902383303366
0.346836015694871 0.18725774936329 -0.243201921537626 -0.160389894473014
0.37284116675809 0.296382611654859 -0.196091299189009 -0.132319511425472
0.275204706886868 0.468746210893256 -0.106339053717767 -0.107828679149144
0.0619826938967836 0.572656111348765 -0.0244796789074462 0.0335173213717975
-0.35592560205417 0.532924877155204 -0.140628612233635 0.124897279599993
-0.638110828050523 0.209511700327778 -0.292357332519785 0.0411912162576581
-0.56054378779659 -0.02382134177141 -0.352256057506102 -0.161916876288308
-0.505380042615367 -0.15193139118456 -0.270556974376012 0.173257430685927
-0.603920609558938 0.0165733422089509 -0.137643590926535 0.0326635770476625
-0.48082291011275 0.24079723972574 -0.198193083091262 0.0158080846640908
-0.211862860715428 0.473743311177567 -0.0527586191196219 0.0555068639296194
0.0579458753464607 0.525426934984999 -0.0361805915566715 -0.000990613862193029
0.276764169295944 0.433448375043922 -0.0406115844919541 -0.0508665146116614
0.374296839965845 0.284777521521836 -0.0853155571925406 -0.10800583589231
0.421530558979637 0.246114089776732 -0.0893412756397907 -0.0983190007712406
0.413188317663441 0.239338887545486 -0.0863077489768476 -0.07986540056655
0.439706081365182 0.354060375786082 -0.0646696328746328 -0.0489279300032123
0.326658572118648 0.541357762811082 -0.0220213104767737 -0.0253578196255878
0.0929058802936953 0.643527488779457 0.022966437584156 0.072991339500504
-0.343135080168954 0.62313728750292 -0.063736864802689 0.135581648120699
-0.687112151101114 0.308162357578484 -0.158600944621607 0.0277314632577107
-0.654324331070883 0.0388965080626854 -0.134657020502964 -0.159493513060189
-0.543745871818537 -0.121378560079799 -0.0400959101985969 0.228894756990908
-0.644384436932857 0.0751851739721308 0.0257140685877429 0.0206732134563326
-0.499699430957477 0.297617504055023 -0.141653924072554 0.0102106467124826
-0.221488960370088 0.514927571136674 -0.0714400899998738 0.0922117983679616
0.0601497098148625 0.56568943620117 -0.0227498831198388 0.129204387125627
0.284103755724597 0.466300763150536 0.0568173057379649 0.0919825553459603
0.38738738709176 0.306900683552456 0.0633304547061588 0.00969660047633456
0.427380821415751 0.265696081954681 0.0778494434092005 0.00258788731026145
0.41617806068758 0.258636431613699 0.0810229912068038 0.00645760404618507
0.430519945534524 0.363908883490666 0.0763632502271759 0.0300144411708932
0.304709043245056 0.531663793137674 0.0704035134965398 0.0522304060496899
0.078284479705284 0.600183776533523 0.0649436512559808 0.100657819149467
-0.293649450259444 0.575950019080442 0.0085506800217092 0.120776135216995
-0.624595235396415 0.322621343887135 -0.0236128699328768 -0.0105503811360014
-0.633891741482196 0.0893073445885165 0.0936129893163232 -0.167480343291606
-0.493303512274465 -0.0605343296940376 0.206187170656864 0.270749366882516
-0.558725316268696 0.134167458847593 0.202451762444533 0.0126060622800006
-0.401738174731947 0.300414289212891 -0.0478031360467367 0.0126599716303997
-0.170934935640132 0.446814418102275 -0.0626793290989208 0.125159397810015
0.0599055395593438 0.489795793453516 0.0103356587394764 0.242052792983586
0.249099394405885 0.408162389499237 0.155287611584232 0.220848547278832
0.340136943910009 0.276424497389045 0.206244277548481 0.126794750641872
0.369401202453778 0.244144177928173 0.231838513640788 0.101465493874698
0.354468301244157 0.243962865107655 0.227788718336904 0.0901983724418514
0.346219062520332 0.328995207051896 0.193077606524031 0.102383322516927
0.210792270855022 0.443693172463776 0.139538641765574 0.122192469200195
0.0158677882898743 0.454161970967083 0.0822974891582619 0.120008217694653
-0.221899704213241 0.412496532780173 0.0554124243668771 0.0963534188795128
-0.471533709866419 0.261479317240704 0.0825400565607801 -0.0496612871179334
-0.518901326474271 0.112062596090038 0.29195894205281 -0.174695839900785
-0.350707774407787 0.0137579247089059 0.423537438559533 0.280849086362356
-0.354142309801471 0.152080841529321 0.348997418147998 -0.000346296224199012
-0.212866195037526 0.223062337938698 0.0614747555511678 0.0106592769153643
-0.0912470413288804 0.27254489417838 -0.0291254600669911 0.131082029069108
0.0397761638923278 0.31513737704459 0.0527045078871357 0.302581402478046
0.165644194937623 0.273367093401288 0.236142375478125 0.301025064648871
0.235696141621173 0.198416878828689 0.323130209105503 0.216128516541036
0.257504701422955 0.187174156067613 0.35137493249516 0.184470077113261
0.244044710183581 0.194787372518968 0.331561266227403 0.167513427197936
0.212581686454919 0.248554341940207 0.262962162064397 0.168736325389026
0.0868330768558551 0.298640582366551 0.165511035216923 0.179670043208698
-0.0472743338906628 0.251020172442133 0.0684164783328705 0.129905597784816
-0.119385783186746 0.201550641718179 0.0735405869771773 0.0712517176479069
-0.266525853720341 0.171536605603119 0.153158279298274 -0.0725525149348597
-0.338496100928509 0.123391881130823 0.435277418440741 -0.172460363192244
-0.141780177333213 0.0709785071342167 0.568342611177166 0.256906025983038
-0.0869827863542683 0.113678759147913 0.444637753856817 -0.0248661407370911
-0.00725972545625728 0.0751171525976574 0.160745068792894 -0.01916939351432
-0.0322169378250091 0.0481722155375811 0.00481534084387392 0.097009100336417
-0.00782503837165902 0.100373900929319 0.0848442790620233 0.300778981414397
0.0452043407744535 0.107065512238743 0.28224627223047 0.324548353396044
0.0899965826622753 0.0961834268260812 0.393855084143472 0.265623321664431
0.108024413823016 0.101597038989255 0.418326572575085 0.240187563104421
0.105170388658764 0.11101135204619 0.381911007737448 0.225445811893519
0.0686459647769748 0.126147509285907 0.283507933523084 0.222594597743303
-0.0162775624563637 0.119867073670465 0.156607918339982 0.217974469569245
-0.062560049592961 0.0441504529261676 0.0370471606371128 0.123466682389782
0.0120674748091351 0.0222846795658473 0.0773765100971213 0.0442646245852186
-0.0406521710361862 0.104701646579084 0.196469528922283 -0.0740746087724603
-0.131742588290369 0.134357917808579 0.517568632840676 -0.158078925178088
-0.0734941218749896 -0.0887405095281376 -0.545117176568104 0.125722861573436
-0.152124947482674 -0.0526304794489571 -0.258640198411128 0.153801575250315
-0.117928412133549 0.0699283526578532 -0.11019623107372 0.0336282606216497
0.0160117748714168 0.112743784615635 0.0195083501887179 -0.0552431911966026
0.0556434635181578 0.0602033578264821 -0.0832574047024376 -0.21913055281431
0.0671933002959817 0.024778017155156 -0.249763554340206 -0.245487001102064
0.0537776773430342 -0.0033682298085961 -0.376297294952692 -0.229205839609834
0.0551626175899609 -0.00254652472707237 -0.430101530535097 -0.227007954689092
0.0644193609632732 -0.00236114668092762 -0.422758864911826 -0.237226060728174
0.101255973523763 0.0381353386212262 -0.327474934944312 -0.247775194490391
0.102133345767614 0.110278724287296 -0.181184469224894 -0.233404316243836
0.0262243422653426 0.182713461879956 -0.0695501918247183 -0.0756661991830533
-0.169968334710033 0.142009097663457 -0.199246081160384 0.0227478229768528
-0.209996499761108 -0.045547833211805 -0.411132013366552 0.0060080768538656
-0.104724537524159 -0.108113555049561 -0.588448650545072 -0.1788459108604
-0.243279415725488 -0.110002611117078 -0.520668231674987 0.12437900016271
-0.314575762281189 -0.0277521976117214 -0.273944868702195 0.108917900188192
-0.242364021129602 0.130069660219148 -0.164901105262564 0.0477592627714825
-0.0490331125848521 0.243521621502334 0.0122775816177828 -0.0132633712364894
0.0784429192220291 0.225554028841673 -0.0556624126480273 -0.177536746128787
0.166878634180647 0.166159020992336 -0.19702860633423 -0.226035283138523
0.193909577759753 0.0947092071971028 -0.322314676157406 -0.225429317421587
0.218608830567671 0.0879543400879005 -0.367065047628368 -0.212292181459951
0.220336090491641 0.0925499088938803 -0.361918350950845 -0.201693784701343
0.252103365236952 0.172301950853697 -0.286370645078521 -0.191335118479567
0.198411905308354 0.300406389483658 -0.162982437529753 -0.17161621525497
0.0455554903795755 0.392626693031686 -0.0553818949343914 -0.0159559686568899
-0.280351553244009 0.354891632381275 -0.185211577911268 0.086067681621123
-0.454793928411152 0.0923193960430992 -0.374842227905119 0.0398458742758928
-0.357615014365396 -0.0699747699278193 -0.508623533769534 -0.151236468396947
-0.39259298647615 -0.126896749763796 -0.422553136587038 0.142031315935955
-0.466710516371513 0.000687245491818993 -0.23609644787188 0.0648166382991902
-0.365228492987946 0.186477613112516 -0.201198328828396 0.042298187073063
-0.127400440893233 0.365439406262391 -0.0171993361812248 0.0222625499828485
0.0821129994930423 0.384178567426713 -0.0431231599929363 -0.102081799521483
0.242815200104428 0.303729545747833 -0.127028998469097 -0.158253737257654
0.30727112244125 0.189371834255845 -0.222832372878986 -0.180984725716548
0.346759948460978 0.166847490163444 -0.247788536822676 -0.165654612070196
0.344472384715477 0.16560523657837 -0.244012319763772 -0.14406948127003
0.377263877552685 0.268480268723915 -0.193243340912641 -0.118948030390875
0.293200461515281 0.440028744812956 -0.107782367478433 -0.0983988502833627
0.0889334766704154 0.550947130183441 -0.0178985290600862 0.0337863278078768
-0.319949755852383 0.535341566478014 -0.128465537304839 0.12757605305455
-0.609377974436497 0.236404170928615 -0.278373585680478 0.0555066355736867
-0.544873443051666 -0.00314544059934985 -0.348346436592317 -0.140342595468875
-0.499156158364681 -0.126507808281906 -0.250088334576673 0.179131889562801
-0.584456376740883 0.0485294744069051 -0.130972968023696 0.0333094730721978
-0.458883398672267 0.254288057774657 -0.194915835087152 0.0305257957027457
-0.183639610873331 0.46892297635503 -0.0500192642479981 0.0549414420832457
0.0833507942557325 0.506930308694645 -0.0353485735805283 0.00572439398921307
0.290925972608805 0.405343407679551 -0.0393939566383573 -0.0468778765936243
0.375565010683857 0.258045168111198 -0.0915025010933829 -0.0974850958652554
0.420588995434848 0.218786073087616 -0.0928475164615438 -0.0913603692047211
0.412025751755084 0.213820806427005 -0.0867936854219141 -0.0746493831706321
0.445526296933262 0.319684586604628 -0.0622532603991371 -0.0454347300852742
0.346505561093666 0.509170499489913 -0.0216886612165435 -0.0235994215123493
0.122246549329507 0.61844724080624 0.0307793816428044 0.0694361011931815
-0.302974182733961 0.620032084752897 -0.0516051647813062 0.134054526521287
-0.651891591451288 0.334938593990416 -0.148195618994633 0.0351141219434348
-0.630963881395403 0.0629392564324699 -0.139442236985432 -0.146227294204828
-0.536293187632142 -0.0955200938052708 -0.0257294878798019 0.222041138263162
-0.621009500546149 0.108039899118757 0.0256427813865657 0.013559458120871
-0.473821020841533 0.309560987029898 -0.138798752814524 0.0215144882616762
-0.191467677679612 0.508108633584886 -0.0663065716373884 0.0917238518440557
0.087895330803223 0.545384904954535 -0.0148174239413131 0.130544932392263
0.302451418891502 0.436779437180821 0.0617568045057655 0.0871068283907878
0.390519996566832 0.280430184288655 0.0569415231187935 0.00901970611659668
0.426946001172524 0.235570270695482 0.0750539843747077 -0.00254774715600399
0.414537328376938 0.231385136763585 0.0798486944074933 0.000258580035422764
0.436078395718056 0.330528328650877 0.0781251027475208 0.0233313160591492
0.325746157978107 0.497706954466881 0.0719726409267264 0.0469489583178529
0.103424466414171 0.57571596702587 0.0727090862281962 0.0943560824376581
-0.256243067185153 0.572306791992438 0.0183540840077476 0.114116529852717
-0.589270884765193 0.345808690209126 -0.0193862257070542 -0.00954086708449289
-0.607164221044142 0.112082299055922 0.0786083192325676 -0.164048867892657
-0.484003640158013 -0.0382295312221961 0.213821710181715 0.251838060178033
-0.533553076244779 0.158473711811509 0.194982763747462 -0.00168102296854941
-0.376975139007513 0.308581345681703 -0.0470613361105439 0.0189646768098324
-0.144749451846967 0.439442608539029 -0.05532152468275 0.122841960050808
0.0833197636351662 0.471461195216084 0.0230455180329421 0.237850315190529
0.263780390117294 0.381612661676468 0.16324610246832 0.206915459380371
0.344954555806101 0.253309498392027 0.201473590168247 0.114710142157406
0.370459830344625 0.219317728333469 0.230088476557917 0.0866520861304808
0.355554046003774 0.21902969491151 0.226950643267778 0.0752630658861623
0.353519712326824 0.299678155623231 0.194242492104815 0.0872674799499168
0.230023689533035 0.420500849598888 0.142754688111186 0.110124334884181
0.0363439088819419 0.437542428659704 0.0899810472237912 0.112189916995643
-0.194201219724371 0.408454931608833 0.0640322201442659 0.0878064952946386
-0.444683129325465 0.278085242996706 0.081045289548694 -0.0533792846249452
-0.49363556362658 0.131103465081218 0.268921295937247 -0.180461701892613
-0.340918811978619 0.0287208785605422 0.424820016110444 0.252854121146975
-0.333722671759834 0.167186088323767 0.335378841820645 -0.0195113018369505
-0.195855890121723 0.223302048421131 0.0595994937473081 0.00921331149973184
-0.0762406969264491 0.267715650733525 -0.0223818299283424 0.127471124842291
0.0554120466214573 0.303869109366512 0.0674757604962048 0.294250897055837
0.176314435348047 0.257740339683303 0.245344609883432 0.281524412496266
0.239662112909281 0.181740588506988 0.319476999277824 0.195059419253074
0.259744756695038 0.168740771631906 0.351357653056278 0.161449621096526
0.246398251591138 0.176495727660899 0.330095137006886 0.144390783206329
0.218894442392283 0.228880694693609 0.263894416390914 0.147259829490105
0.100253863319653 0.285681842387695 0.170735639055838 0.163792322281746
-0.0347324432016968 0.245183079484846 0.0758332099624485 0.121991565759075
-0.106158543139168 0.198534222989598 0.0801464649137833 0.0625975233472014
-0.247086082805737 0.179832405988238 0.146282514792574 -0.0781519181580273
-0.317937605196998 0.134377949955061 0.407340242396317 -0.185547737944413
-0.134185342824326 0.0753265885769859 0.563943185917441 0.225424856404011
-0.0772220329575353 0.115537188313897 0.425607717438996 -0.0458973929966372
-0.00326130694116865 0.0709930546825658 0.155178872982728 -0.0263642969038119
-0.0302318531050248 0.0472910997155842 0.00948602974029683 0.0940972991919054
-0.00163651827471008 0.0977434312438606 0.099205349822831 0.289108115327097
0.050331668601597 0.103000967628846 0.289722668014027 0.30170488253525
0.0928805316343263 0.0901392488466852 0.391589574116977 0.238751589771952
0.11066230978511 0.0931394505869344 0.418139401617962 0.213063323288483
0.108147749251786 0.102027981120948 0.382310000029495 0.199034050739706
0.0733568467892254 0.117453235458013 0.285538129489188 0.198879259424798
-0.0100324749286959 0.117443715452249 0.162687293177657 0.200229875371901
-0.0605940064554891 0.046162198295362 0.0437594628012792 0.117359207356232
0.0122517359128412 0.0178908541726505 0.0816427514206038 0.0369586782263869
-0.0327285051639988 0.104511500952418 0.186797879198235 -0.0820900680996007
-0.118001493453408 0.137862073609141 0.486548010714351 -0.176835073253075
-0.0282867599838526 -0.113119061850355 -0.542255863661891 -0.0929577292370239
-0.112705199898388 -0.109961732894907 -0.292826217675859 0.0434523723910368
-0.135403803615127 0.0149304146712385 -0.112171395923495 -0.00417293346442267
-0.0316303898462293 0.104803804936271 0.0442783586191576 -0.0413252533550168
0.0240624119041236 0.077472589457431 0.0133520960628581 -0.228005730027373
0.0499026937947072 0.0467813762968334 -0.123251259655073 -0.316075703781081
0.0480157618292411 0.0165157761154828 -0.242096970782373 -0.351415765289001
0.0478566906739636 0.0187902111192828 -0.294770569713646 -0.371487981287888
0.0535195008198509 0.0235942628635063 -0.283474896985645 -0.374716001869667
0.0733139467815883 0.0732975876413972 -0.192025444938251 -0.347127360634639
0.0488226737005885 0.136590740539642 -0.0669290823921297 -0.274290925223764
-0.0447080863693483 0.173341517116415 -0.0317018450573764 -0.092362299999831
-0.209436823464058 0.0725447454041838 -0.190543466807661 -0.05975877709227
-0.179256590410295 -0.112264582701316 -0.368631056871035 -0.160368094656789
-0.0660892872055731 -0.139060207639919 -0.445008518232096 -0.394300525440063
-0.173314897674493 -0.208005170558844 -0.518536348703532 -0.0654176735257194
-0.26537008781408 -0.155334947931678 -0.28797318965343 0.00357455594003794
-0.271715581883914 0.0161358866186831 -0.164260672516353 -0.00379579275939973
-0.14249292278548 0.191830573697638 0.0289365469027335 7.4589222717953E-05
-0.0221367028211754 0.231094563790956 0.0309045277700823 -0.178561754652996
0.0816530646791209 0.210889040494581 -0.0764608620752033 -0.277951286536387
0.132900479615292 0.159063610867094 -0.194403012713846 -0.327204245778172
0.159514107548102 0.162980101908822 -0.244191185357059 -0.334473048553362
0.156813255496288 0.168610535165446 -0.243920281955592 -0.317323692110925
0.15835034748202 0.248303096289435 -0.180203754883293 -0.278582940885517
0.0664274169553088 0.343207470353623 -0.0752098764451643 -0.21117551163966
-0.107211249950341 0.370489440495603 -0.0442624311152523 -0.030998580579646
-0.387871926878835 0.227799116935296 -0.206825401058839 0.00155350147591864
-0.448177955232499 -0.0742384430964529 -0.359120222906309 -0.125034591624179
-0.308815640204022 -0.195157015719271 -0.383938861960194 -0.351444391475652
-0.301052206829799 -0.290908011132556 -0.436128197527303 0.00550662917978653
-0.410210502479266 -0.194219048509281 -0.236447503864008 -0.0129955410156461
-0.405142013662307 0.0139773185835637 -0.192690290892394 -0.0132777814337617
-0.261592871298091 0.263971916149537 -0.00655993454988526 0.0268934857149731
-0.0831303656337341 0.370747165446332 0.0202396421781604 -0.103819785631514
0.0944819123848508 0.362296912511739 -0.0334643686505686 -0.18880770337505
0.194034461467706 0.287942710336358 -0.123373159975193 -0.248244619133054
0.244965238155872 0.283709078494605 -0.156904258989235 -0.246677067078301
0.239601938632514 0.281908899993139 -0.161455050190358 -0.218380836581016
0.23627795955116 0.380918730272941 -0.125498319466189 -0.175555877711012
0.100769953204571 0.503174675967034 -0.0547553634168307 -0.124440661278329
-0.126402415956018 0.526529508194707 -0.0315530244356835 0.0301789145736806
-0.486636507243569 0.377758885244368 -0.174931450731465 0.0613177578526669
-0.636287706647338 0.00139975423240386 -0.286034898863024 -0.0800607535000868
-0.497580779431927 -0.201243936483048 -0.246177684383278 -0.286268303226863
-0.399924322753701 -0.335515414878698 -0.295008420405011 0.116960318348306
-0.532767175600436 -0.201793798750295 -0.12910344710456 0.00624483120926219
-0.51507815031651 0.0372851373676093 -0.177702612618527 -0.0157716727510324
-0.353698296369254 0.330803503916412 -0.0438877688006611 0.0484074671945131
-0.13024845707487 0.478842792935094 -0.00865514683859958 -0.00194934781497715
0.0964172658555593 0.471279594190362 0.00510574528044593 -0.0543319392241818
0.228005523559781 0.376466462014569 -0.0378633969018234 -0.12144553645036
0.290830424526885 0.358859525588663 -0.0478886104276892 -0.120528354607086
0.284768054493763 0.351518169921709 -0.0497909013185002 -0.0941656205640691
0.277880370736008 0.452029264585993 -0.0374158231828659 -0.057411082738248
0.124413883350221 0.585509987050422 -0.0085174496896664 -0.0233476838265184
-0.122176739834309 0.598750320132271 -0.00279716572547128 0.0818978293601924
-0.502079201051795 0.459244413414703 -0.108645432242059 0.0970668032873917
-0.708843348136608 0.0736138991454811 -0.166686480420583 -0.0499405552595701
-0.59747702808225 -0.17185419317413 -0.0607862179181522 -0.215077547982204
-0.445288420647599 -0.323291749082909 -0.108026202278193 0.248346179106225
-0.588529848529761 -0.162658112538446 0.0208288905027429 0.0526181579553658
-0.549692966289624 0.0785872422978448 -0.119689078408997 0.000241999222443984
-0.376691904134509 0.363166046033624 -0.0710338931126885 0.0753859108919294
-0.143205042392929 0.513661716895114 -0.037106958062018 0.11823339874908
0.0933484615767336 0.504272756178171 0.0440886989834214 0.104847645415723
0.232085468256879 0.402846623928101 0.0527789744449186 0.032574042508166
0.29163192508452 0.376861136247097 0.0665543891138537 0.0252444733070729
0.282949290760391 0.367047109090524 0.0691164893559762 0.0375010091402934
0.267682954920346 0.457310324325814 0.0610750356625746 0.0591259130489379
0.110725049303647 0.569510737070004 0.0468201217882821 0.0748607620932739
-0.122708722366101 0.554268755949301 0.0246994045060372 0.119856089188673
-0.440850052538237 0.430301969066718 -0.0367237126365836 0.107708960479
-0.655133650376467 0.104368366501652 -0.0335863429537592 -0.0379284039823167
-0.589466480977155 -0.120606615275407 0.136848115937008 -0.14436574060015
-0.423636928952647 -0.247044064951036 0.0992263255030996 0.364310068519649
-0.533775308472345 -0.0828595857547837 0.17973070494058 0.102401816623284
-0.463138078457257 0.116972430735552 -0.0346371566758465 0.0276992906556291
-0.308009526449593 0.321522847822189 -0.0752441490423941 0.104003973006688
-0.117077803959452 0.445454236001487 -0.0493024100634751 0.22789584516555
0.0811225360171458 0.441540167346658 0.0837510981068279 0.250038276837243
0.204117077074191 0.358129756372773 0.139059346082189 0.183965297860698
0.248486972223317 0.341153549946098 0.170329678223527 0.166213944879281
0.236217966338552 0.333826119312378 0.170060014046821 0.159867415635135
0.205987240719758 0.398016882903504 0.138682008089937 0.159733963868699
0.0529847457007888 0.460928129700604 0.0841570837455124 0.156921333832325
-0.131891668316963 0.406330224354107 0.0334150150774104 0.140376735407498
-0.324061285078668 0.300976475786617 0.0182637321689679 0.101025379292172
-0.496337151607285 0.0934381909083788 0.076674919407049 -0.0333738498586942
-0.488700898885819 -0.0608061989189651 0.308911633457564 -0.0798743258265495
-0.322243554982189 -0.124329383419269 0.288324086904237 0.432836223869902
-0.361268128839307 0.0099139626886485 0.312715837533171 0.13243478452663
-0.265352672894008 0.115678125148842 0.0622538366375292 0.048681537440443
-0.178186902446916 0.200558429065853 -0.0564589562099355 0.114947808680595
-0.0744066692373461 0.286576101177053 -0.0401733893060732 0.29210821631223
0.0530764473573957 0.296890371255675 0.120248063015471 0.348482345344738
0.138941584834546 0.255997770472129 0.210330923081046 0.302367744925058
0.169095618210922 0.252553241972341 0.249513429715805 0.280828011039521
0.156008448375037 0.251863920328328 0.236310467879442 0.260168346251772
0.113567902055269 0.283256619953337 0.177232508910123 0.238268336466344
-0.0123356329390851 0.292941845638515 0.0875479458603367 0.212482895180552
-0.122865740346866 0.205961149474771 0.0180525544887382 0.140249527642544
-0.167012292186628 0.139198803962953 0.0471603590230074 0.0855126704287838
-0.283871151681562 0.0735768195342003 0.150778238332531 -0.0235688351663446
-0.328549572708674 0.00601037073104898 0.430310722901841 -0.0229157355972628
-0.154860617399557 0.0103527996167183 0.424608682900491 0.440115552146693
-0.115126908982951 0.0700021793895731 0.401550465627976 0.131299105537177
-0.0303134554131171 0.0592271308423043 0.155117395480792 0.0388903695717888
-0.0469581656648736 0.0281758642554126 -0.0261570593630875 0.0908637851990935
-0.0410974130907582 0.0832281284079343 -0.0211586668372799 0.299705063332643
0.00342290820353791 0.110996519764983 0.142975460687097 0.384454071548392
0.0466281645881932 0.116863145709052 0.255082088445144 0.370700824131055
0.0648651956485722 0.126517579645887 0.289684987929673 0.353557125729207
0.0619320750040945 0.131144487056221 0.261291299496749 0.327820336306942
0.0242499881235243 0.129886014488369 0.176607944199806 0.288689746045302
-0.0503567008384321 0.101847898889452 0.0659928037898524 0.239053899536438
-0.071971300087782 0.018724119541891 -0.0070959018010145 0.120800096423729
0.00641122150002535 0.0171056237607505 0.0628974591303423 0.0639853692762329
-0.0632213889505352 0.0806289189597016 0.192982446749209 -0.00298780162180294
-0.147336473839599 0.0824098386902601 0.493481723137312 0.0248374242995707
-0.0298274822184015 -0.112190842947928 -0.534661481847018 -0.0809543613098579
-0.116527757459623 -0.105503797097141 -0.28364928339361 0.0468141840552335
-0.135926421023529 0.0189619884778137 -0.114112469165197 0.000902442586601786
-0.0275393314122019 0.104592528931989 0.0419877557348564 -0.0408037441213362
0.0261408373405958 0.0758082477209707 0.00571155807891731 -0.224005507326513
0.0496749075750793 0.0435453870505459 -0.131151497057258 -0.306630780566363
0.0470115601233825 0.0140468129287235 -0.247532161160228 -0.340164032931994
0.0460990987494598 0.017652449746955 -0.30124360416776 -0.360426349846715
0.0514968346752403 0.0226777119404538 -0.289715448819407 -0.363727649912978
0.0738011538479021 0.0696794918501575 -0.200000295610334 -0.337908925620073
0.0530182483531052 0.131832673742595 -0.0717284887577523 -0.268881679633454
-0.0376492929559722 0.171373733833396 -0.0305123108718495 -0.09013593120749
-0.206072816652284 0.0783284681828375 -0.191238486574942 -0.0533974690403732
-0.181685949587085 -0.108010655275512 -0.368345937658408 -0.148241532146924
-0.0683319387015857 -0.140245125165906 -0.445007119271747 -0.381740365800932
-0.176761173394632 -0.203480106042172 -0.508545170717272 -0.0532100000673233
-0.26796130289522 -0.146319647627631 -0.281061830497472 0.00785880670987175
-0.271687773308047 0.0228444104463841 -0.166337603144295 0.00370273754512911
-0.135669558333129 0.19237531545638 0.0270431095928205 -0.000790847976701594
-0.015204802875481 0.229287169975605 0.0237762931860937 -0.173587814731797
0.0865357418905364 0.204991270477052 -0.0820771755394255 -0.270413093286334
0.133890107684114 0.153332885179343 -0.199767838085848 -0.316532070959437
0.159913088239774 0.158046239939348 -0.250671178651065 -0.326369068719359
0.156715960104946 0.165149456616295 -0.249576079677517 -0.308637255068299
0.161842131796775 0.242272291429135 -0.182483467838876 -0.270215217222473
0.0760668649997288 0.336901635217388 -0.078374586929806 -0.206066202637534
-0.0951506100842353 0.366948524290382 -0.0405808548972968 -0.0289278162354574
-0.377827030831566 0.237015327655193 -0.204378601069408 0.00651370705823837
-0.446097930840133 -0.0631057276525108 -0.355159226757371 -0.113413619371471
-0.307950072019615 -0.191564150797382 -0.384392798022562 -0.34079974164106
-0.306191260023371 -0.282439082977849 -0.427520847869528 0.0138928658752843
-0.410100141834713 -0.181468999350004 -0.231253705837869 -0.0112096106022336
-0.40328804988398 0.0222932708217545 -0.19369135090329 -0.00489332590836012
-0.253088796200486 0.266384069281964 -0.00834484352383887 0.0259048025132266
-0.0715905130223464 0.369005197807729 0.0165034406305379 -0.0982293654221333
0.103754236988627 0.353844172065079 -0.0373225149746355 -0.184126597737117
0.199132505818473 0.280370144104125 -0.129179433065138 -0.240186596368959
0.248455754831391 0.275165037289486 -0.162827239745947 -0.24185411024682
0.243255183041195 0.274804988081262 -0.164959138920269 -0.213504108289286
0.242523078476739 0.370925792116752 -0.125661998292301 -0.17144158065565
0.113935965873862 0.494516673307487 -0.0556302109253187 -0.120214415180395
-0.111385617660071 0.52287611453031 -0.0253095534096559 0.031259128356854
-0.473664522961855 0.385858196900637 -0.169330790707341 0.0640538586865836
-0.629698338357721 0.0185784000868177 -0.281304888182134 -0.0708292687328223
-0.49494841845544 -0.195679238650439 -0.248713605751922 -0.277755352389129
-0.404790519164058 -0.325575914726497 -0.286350860746527 0.122611265218839
-0.533371097555015 -0.185467794107024 -0.125688404156339 0.00499506879255282
-0.512770933983409 0.0462536168674115 -0.178961266841664 -0.00693738137114175
-0.343205272513666 0.334071544274369 -0.0443943709941095 0.0466791144614273
-0.116237775159938 0.476613831010252 -0.00981592278066191 0.00332975466682115
0.109111362163039 0.463398048795544 0.00557244566204497 -0.0527826425653341
0.235811029466376 0.367493392836974 -0.0430370012802344 -0.117242683559632
0.29532550443918 0.347715730739947 -0.051787484119744 -0.119371618973041
0.288060186757699 0.342941119814719 -0.051001231491325 -0.0940788659105799
0.287221246430255 0.440526637391176 -0.0350953371201801 -0.0570042815919891
0.140646034542302 0.5757654795635 -0.00761143085983378 -0.0222628087379504
-0.106899963827365 0.59465792305841 0.00488377322741134 0.0815997352971456
-0.486076369362662 0.466722258899127 -0.101666355517297 0.0975834293507921
-0.700063084651596 0.0917688518112576 -0.161993777462425 -0.0447284537795532
-0.591157862989226 -0.162223770848286 -0.0664228028935416 -0.210781148437186
-0.450842802649166 -0.312986191695417 -0.0993007655941222 0.248198861298719
-0.5855171988521 -0.145749676547557 0.0227390202518615 0.0476553096979632
-0.545860635089467 0.0885962925914718 -0.120137939605619 0.00710240858358522
-0.367251465100846 0.36605219442841 -0.069712794339646 0.0740208694598939
-0.128644410650984 0.511919257380642 -0.0347965841730033 0.123429952144522
0.107746772067532 0.495689632856172 0.0479238575597763 0.102740086545732
0.240751784357249 0.393597706461542 0.0498877791468631 0.032797531641142
0.297010307346944 0.367391935180718 0.0656816225656215 0.0222896077019004
0.287783674786738 0.359033399160394 0.0699735921400923 0.0332308311994942
0.278043589223852 0.44670780630638 0.0643452683998198 0.0546215880305069
0.12526877468129 0.559691291259824 0.0498278140642134 0.0737171150616506
-0.109071684850325 0.551100240293313 0.0327970211867368 0.118913002446519
-0.426695819403818 0.435042821326227 -0.0285186077412288 0.106086058682117
-0.645010525850367 0.121389247910101 -0.0306007215207417 -0.0374101427713128
-0.582534250927847 -0.111608069686934 0.129216887768565 -0.143945172347917
-0.425472863669228 -0.236825573170829 0.106840840385053 0.358326174241953
-0.528108674505063 -0.0671271983722999 0.178745080105357 0.0937525034589485
-0.456375818713911 0.124023384835197 -0.0336284160638623 0.0315385994505086
-0.299818255158668 0.324162506017481 -0.074080485555212 0.102590153215819
-0.104606924345494 0.44342321223874 -0.043228166610977 0.230507734401249
0.0937228773595672 0.435080040581378 0.0908680020691258 0.245589650614922
0.210880521229022 0.352729760761173 0.138431050209708 0.181300678910958
0.255146264551535 0.332053138026303 0.172753428180931 0.159958000235197
0.241590359577256 0.32558865925383 0.172866067901134 0.151769008489215
0.214315823172075 0.388324168292108 0.143424934693264 0.15164717130498
0.0667608288486571 0.455419692001134 0.0883973093133956 0.153093869345613
-0.120532970998928 0.405122601040726 0.0406947586867148 0.138364856487834
-0.313093379240715 0.303723487439258 0.0259483569311746 0.0974303470696976
-0.488385358868809 0.106415268209833 0.0778331343008177 -0.0353791798890946
-0.48194775203892 -0.0534518146208274 0.298854992556686 -0.0827915662624597
-0.323224190306184 -0.115745165232345 0.29456450322022 0.422563675658172
-0.354720673759015 0.020128159060678 0.309479523149544 0.121509279589302
-0.260259438686586 0.118911311332822 0.0633500094091729 0.0479753788447197
-0.172801875812301 0.201489410486732 -0.0537291170232296 0.112475971412015
-0.0659379171631795 0.285436188951129 -0.0315887671485321 0.293356093691998
0.0617711303971881 0.292521693102665 0.128712960095322 0.341702609946577
0.145400835870595 0.252175072855324 0.212189124967073 0.296713686030688
0.174535062193341 0.245471058770592 0.254227965663967 0.273170360023209
0.161210370037637 0.246210683844932 0.240876075364149 0.250341924903676
0.120263229418491 0.276613004795155 0.182575674317445 0.227729447581337
-0.00378828305463627 0.290731945752005 0.0936110319781463 0.207221663220056
-0.118756009519439 0.207404393691725 0.024180644681341 0.139148044076728
-0.162110387552356 0.138885574945013 0.0544776535199084 0.0813337182264461
-0.27676855555044 0.0811882111565893 0.148517856342235 -0.027643635912815
-0.320997463139009 0.0122894455397707 0.419250714214475 -0.0287086824020039
-0.152842605902796 0.0144989995373546 0.427842925089793 0.429282247103496
-0.110073290120312 0.0730014553175712 0.396560922509925 0.121077523710248
-0.0280259074500404 0.0573115804175534 0.154886427879511 0.0347753609071895
-0.0476940926785413 0.0283423617880972 -0.0241008097784065 0.089220645360455
-0.0384041385097028 0.0836346047231617 -0.013704255151105 0.297920373699621
0.0075259309281436 0.111026661440437 0.151847820509653 0.37701437403819
0.0503447952392109 0.116097830501142 0.258131758767467 0.36148531472121
0.0689623250859489 0.123697356597326 0.296620391793946 0.344868077356393
0.0654023657104612 0.127648299954065 0.267217794615127 0.316560288547455
0.0278984429562632 0.127106314198154 0.182544072778828 0.278205705191073
-0.0476081641177711 0.102916266456147 0.0722837729785174 0.232263749660527
-0.0726449051851624 0.020674540393791 -0.00235413272466288 0.119374891490453
0.0072879095709752 0.0140286465752744 0.0685671198601061 0.0604435829957093
-0.0584164072684246 0.0826110039289541 0.190414005167956 -0.00793182146527722
-0.140998213283236 0.0864597587641512 0.481491428348447 0.0152647576876101
-0.0338956206887757 -0.112797244012532 -0.531626179479203 -0.0642673871159752
-0.122464134424833 -0.100748422957866 -0.278360195737596 0.0541919266778933
-0.137246161733014 0.0256108247895878 -0.11654861288776 0.00739722355669742
-0.0222974608531494 0.104890341627574 0.0390772568862597 -0.0413075844239729
0.0298712791892689 0.0748060269701931 -0.00445354411355852 -0.220501679085217
0.0503708143321434 0.0399470099663926 -0.142369475355273 -0.298256943239338
0.045221646302454 0.011420571203103 -0.258170069586966 -0.329260575653172
0.0450619442152203 0.0172380613009057 -0.316029973519073 -0.350893319469605
0.0503364825641925 0.0217944811861714 -0.301944211754303 -0.353556877403463
0.0750553027560022 0.0668566702854015 -0.209117356766281 -0.330508653875246
0.0592353302523363 0.128950900186251 -0.0800978801406953 -0.265697284650282
-0.0301186930971571 0.17210069556354 -0.0312359802147322 -0.0894977546469016
-0.203486716819315 0.0868922940434397 -0.193983901961348 -0.0454156932561929
-0.187645597067908 -0.102231065745076 -0.369891734668812 -0.131832433574814
-0.0739292800553668 -0.140351311162534 -0.451638180382121 -0.367790124373898
-0.183998030835679 -0.198978656005793 -0.505070783772005 -0.0383780234843621
-0.274226071316128 -0.13587927877017 -0.277411905942709 0.0146881197435447
-0.274513206172675 0.0339951866578524 -0.16812545519671 0.0136204176864899
-0.128044872079999 0.196708356028709 0.0255192239864324 -0.00134110702269818
-0.00541374567756515 0.229425731042755 0.0167120397527191 -0.17029976140077
0.0944896146912992 0.199720988699416 -0.0924558244364341 -0.263783919413624
0.13839466240636 0.147995486202479 -0.211481875269253 -0.307176709744502
0.164704765379394 0.153486646817706 -0.265751035491242 -0.31794875333518
0.160822490852659 0.161980085149859 -0.261113056122594 -0.300833096158045
0.170335237648184 0.236433566242662 -0.190031262178375 -0.264030024703945
0.0901440750439269 0.333280078098766 -0.0836928745300969 -0.202440399100254
-0.0809337052830498 0.369597175074589 -0.0373526542432167 -0.0278631282739108
-0.369802617694229 0.251450408702445 -0.202897769429583 0.0148337056387968
-0.449683898509877 -0.0475561747274224 -0.356310706940668 -0.0987050597952481
-0.313860680308699 -0.185669254838205 -0.39287870786446 -0.327231203061762
-0.316723621848183 -0.272703041719139 -0.420836735955959 0.0269821282730273
-0.416475455354611 -0.165655890337177 -0.229471263683554 -0.00738524864250006
-0.407403648804762 0.0380559634743057 -0.196131425861631 0.00612263799490091
-0.24407694116257 0.275264818450715 -0.0083229848066732 0.0255173330818713
-0.0571870649905325 0.372079801389579 0.0120205276605976 -0.0935109937312059
0.117818008986923 0.349289101185397 -0.0425088135520466 -0.180626591413843
0.208506716956003 0.273323582238598 -0.138320083651961 -0.233239361791899
0.257356535990851 0.266683097172376 -0.173182357601487 -0.237237686106082
0.25023940063642 0.269945839033349 -0.17190779742214 -0.209346105790467
0.255234772865103 0.363055075179157 -0.129097927143081 -0.16757472259207
0.135303822877914 0.491431779228251 -0.0588417117586706 -0.117391175086257
-0.0927201554973295 0.52445318839195 -0.0191252245476434 0.0317995099012672
-0.460556172528934 0.402741816922628 -0.164478255617341 0.0695064644066822
-0.63222930167441 0.0425388781278616 -0.279357517352541 -0.0606557583173554
-0.500383110523894 -0.184289603998362 -0.258064012192891 -0.269555828522273
-0.415961797366052 -0.313142890360738 -0.277902903334413 0.12952870179542
-0.536886692846837 -0.165031897142292 -0.123947678065802 0.00448180909920517
-0.515279833899415 0.063533053072462 -0.180625933305445 0.00334239753036189
-0.333270757305505 0.346768085523704 -0.0449955273398401 0.0469749948072254
-0.0970205612744477 0.481433541581472 -0.00960586767817243 0.00944472828732555
0.128171513930656 0.457579448163722 0.0055442156640202 -0.0517637670475935
0.248052157896176 0.360203610809974 -0.0483407537812234 -0.113349436767794
0.307860814020124 0.338627628418886 -0.0573127568004024 -0.118699636654652
0.30044255279691 0.33628283514023 -0.0543785675740446 -0.0942189963215786
0.303580833343337 0.430943943463707 -0.0342206298778132 -0.0579617196855491
0.164531988615149 0.571899736113548 -0.00674251408199409 -0.0210928052095848
-0.0855279678575307 0.599056923807867 0.0128678346287668 0.0811643912128802
-0.471350642861537 0.484360608613233 -0.0946886652458823 0.0994443528702879
-0.697247229486097 0.118369044144075 -0.159902727366005 -0.039052387155134
-0.596141464429008 -0.150304765543643 -0.0736184172915762 -0.205894447033639
-0.461046022748896 -0.296806876402146 -0.0882790723612849 0.249208699003381
-0.58919505488614 -0.123754789795207 0.0243248340404431 0.0427784507432675
-0.545465032118769 0.106468733574507 -0.120226560807996 0.0142514456724624
-0.355386787302617 0.379057983129758 -0.0702408739686994 0.0742227428015086
-0.108207764552041 0.516707502773924 -0.0295218036753045 0.129732773617748
0.128468629666076 0.490463565067564 0.0539855795365011 0.101075897467164
0.255245906826707 0.387607978033628 0.0486699935913766 0.0334883700570095
0.310734650824513 0.356647233890959 0.0655897329561552 0.0194840932846531
0.301294942129156 0.353258175820419 0.0709485723198494 0.0281773815845147
0.295714109294158 0.437608445975065 0.0689192018546774 0.0495225281234983
0.148512172698655 0.556647550824653 0.0538199136002036 0.0723046994431166
-0.0910096994504651 0.555675546937872 0.0421323857183814 0.1167077836404
-0.411337834133088 0.450733429117226 -0.0205257392184896 0.103472328793501
-0.639252037256856 0.146380168083959 -0.0289061871345941 -0.0364703317029544
-0.583517199472316 -0.097413401045337 0.12166988837548 -0.145825744322175
-0.434252215720664 -0.222003806372726 0.119187666399556 0.354417224995707
-0.528190955452629 -0.047412017342336 0.181209725377764 0.085031956627212
-0.455461014481262 0.138740955948771 -0.0324236328323521 0.0346057997921767
-0.290192102204102 0.334873534748696 -0.0727514220235524 0.10300167351296
-0.0879556277573284 0.448268474220133 -0.0344551091420514 0.236124261234667
0.111537829420322 0.430682351988172 0.101033420491133 0.241982625423952
0.22439813475459 0.347822559784108 0.142515160489785 0.178503827704653
0.267507175168222 0.323492921456693 0.177888944141007 0.153850317610076
0.253758786722074 0.31888173259938 0.17982402952626 0.143483757465595
0.229979712949559 0.380005500885721 0.150634724239386 0.143602161670215
0.0849404127331038 0.453967912290657 0.095739102353605 0.149594999206139
-0.108330483951985 0.409726606856524 0.0502126657758603 0.136493125643854
-0.302097408249284 0.313213737759752 0.0339616333447946 0.0932749223175632
-0.481862871703105 0.124230439625027 0.078359080105209 -0.0382452049395327
-0.479955328607177 -0.041086602778673 0.292046289611853 -0.0900171791416018
-0.326485751400982 -0.105681560442566 0.307793961068803 0.413620500548885
-0.35105307900101 0.0335389003486909 0.31090034678726 0.110527429601269
-0.257166618428299 0.126262551816248 0.0657445941246276 0.0465048776633112
-0.167079629996707 0.206943911055138 -0.0518441143792379 0.112805983771456
-0.0550599823226368 0.287614803165967 -0.0209895620845193 0.297074807574873
0.0745764493461769 0.290467591439145 0.142092511167786 0.336718179314431
0.155861245359053 0.247983045832773 0.220339891312521 0.291013263980954
0.184686137669932 0.239663941399346 0.264804640718164 0.264694809361463
0.170716864852925 0.24105976414273 0.249431619373185 0.239794472071722
0.131220245945369 0.271308869849082 0.191465619543933 0.21780303026182
0.00708094763729933 0.291159412890393 0.102533817838995 0.201890141824883
-0.111991181131534 0.211466942619349 0.0321259799603201 0.137303322070032
-0.155983452000592 0.142354054853426 0.0614786157052908 0.075916121377192
-0.27053897169829 0.0920553987590117 0.148107820648644 -0.0323264161512359
-0.31668065546426 0.0215241925590139 0.412396415780388 -0.0408298411209234
-0.151989531835461 0.0211178409447343 0.439906253387439 0.41752458615415
-0.105435756199453 0.0779661186508748 0.39651413716433 0.108443078417033
-0.0259444141214191 0.0562367931241652 0.156613187696219 0.0286001384092648
-0.0481915103056499 0.0302075656999094 -0.0224169762456852 0.0884810373367716
-0.0354830501550214 0.0853977701524586 -0.00296067207700302 0.300247286364013
0.0127436714707963 0.11116985960565 0.164849726133459 0.370433453318223
0.056129988205026 0.115921084286682 0.269963507615859 0.354690851258443
0.0739461467527636 0.120478007517966 0.311044496006808 0.334782615595361
0.0709142093968506 0.124965122502055 0.27911353719993 0.306390501715325
0.0330539728412056 0.125009321769362 0.192357645190549 0.268111274812862
-0.044012782341068 0.105218107232999 0.0820982903890067 0.22762518877062
-0.0730376982165028 0.023726118658684 0.00402153946522238 0.119616509745191
0.00794800486192735 0.0109322557984268 0.0748098194011973 0.0548750345170041
-0.0524942202733476 0.0855974216428662 0.187973930928026 -0.0148903498771519
-0.134770223229436 0.0924794710423159 0.475193990592262 -0.000605816778860486
-0.0397179920351868 -0.111492330210594 -0.525312259912217 -0.0377644237481512
-0.128354069585789 -0.0920691824794484 -0.269022231697185 0.0656174149594979
-0.136081733501164 0.0354424258171977 -0.116259591203549 0.0174252755430409
-0.0149571376644378 0.104489365147362 0.0358457973213262 -0.0424290934015046
0.034424617502739 0.0720737924657693 -0.0179294862441111 -0.214210597665908
0.0508494887190432 0.0352581948714762 -0.156860840820461 -0.283044021181533
0.0436158751928614 0.00848650762457408 -0.271968746749591 -0.310854098314339
0.0442550043830071 0.0158176188931241 -0.33282938422905 -0.328918955051279
0.0495244758967116 0.0208929382378053 -0.3192545088762 -0.332739096370638
0.0773153944991006 0.0618288050736625 -0.223870420665921 -0.316536452951146
0.0668346248274808 0.12296028383794 -0.0923796025188205 -0.258827768383653
-0.0185837573832393 0.170915689501817 -0.0336413649350968 -0.0872941242058524
-0.196740655402818 0.098862115457817 -0.195696577119732 -0.0331530800350344
-0.193103534165101 -0.0910358856051803 -0.369818749084264 -0.107975585203042
-0.0813392113950646 -0.138211513089436 -0.465141068254338 -0.342971762620863
-0.19335066568134 -0.189230858923356 -0.497046728134515 -0.0140719075138428
-0.279671952763624 -0.118769187494946 -0.270884145653737 0.0248602036215756
-0.271151980017372 0.0502442008214368 -0.167084862984221 0.0265711394185802
-0.115788865643433 0.201231646370534 0.0240402964366051 -0.00214653386567495
0.00908743780881748 0.227100682109805 0.00686306482188428 -0.165255382947948
0.104841229517963 0.190201291274107 -0.105089172672896 -0.253178490380857
0.143337831621933 0.139672417204491 -0.22535762917559 -0.291067830481991
0.170380690332685 0.144066153324003 -0.281446723457287 -0.301585566374682
0.166892974847092 0.15424078194609 -0.274560644939789 -0.284164220199955
0.180707524608053 0.224797045376804 -0.199576157878744 -0.251989645119627
0.108858506296437 0.323712670471817 -0.0931148035789302 -0.195791887467595
-0.0583016599540582 0.368520555696137 -0.034598682574793 -0.0261209539823116
-0.352507687318326 0.27042224644153 -0.199685749046593 0.025808207211679
-0.44948771249788 -0.0225857278727426 -0.353624265299504 -0.0783066179640749
-0.320881622472961 -0.172916464820011 -0.403640002714074 -0.306545741777032
-0.327492520766465 -0.256626133679559 -0.411869814431037 0.0452374147364468
-0.420255114801038 -0.139746409619155 -0.225162159562835 -6.47408938661014E-05
-0.403004470141552 0.0607568001550721 -0.195144335471094 0.0212460515733604
-0.227236053357589 0.286817113673705 -0.00911439341254301 0.0251230003025571
-0.033165305036672 0.370637139921211 0.00724750748694343 -0.0892334266134793
0.137163342442831 0.337398055857072 -0.0507795113698884 -0.174162444590242
0.220727694272098 0.259933300077755 -0.150628538839791 -0.222430963357869
0.268671305820468 0.251036208256792 -0.186190640571767 -0.226155420185239
0.263009240571085 0.256625944138053 -0.182495498271577 -0.200101889425627
0.272617978303404 0.345545800535023 -0.1343996276064 -0.160847030191217
0.161535779088964 0.477109489385145 -0.0632336438572455 -0.112384008431741
-0.0616811519523519 0.524656964301825 -0.0128679368222939 0.0309807458394678
-0.432973306042263 0.425313176195325 -0.15753365427518 0.0765404082350302
-0.622909320552146 0.076496186998359 -0.27656180055917 -0.0447973758812926
-0.504965427189258 -0.162919820335937 -0.26799151508636 -0.252977174445082
-0.428951883470957 -0.28929586717528 -0.265131728507571 0.139976170658917
-0.539406734552941 -0.133302710317373 -0.121856658522445 0.00588686379464951
-0.507976642475586 0.0929601926197105 -0.179125397460107 0.0165891411258296
-0.311412906361907 0.360947564324484 -0.0446083107208703 0.0476453539025351
-0.0684161552481525 0.480594630893656 -0.00718240927520554 0.0151876518603445
0.154094850735607 0.444444099077176 0.00446387484867456 -0.0508009964130669
0.26656173889194 0.344423899418573 -0.0555730317649425 -0.108138522588316
0.323330515183725 0.318659239145347 -0.0654133458335449 -0.114996280321482
0.315940481937567 0.320332761903804 -0.0591726543750182 -0.0925676710490869
0.32545830687274 0.411086138508622 -0.0350956582448607 -0.0578352928729124
0.196278328618524 0.556230073585068 -0.00614309370430936 -0.0202422186558804
-0.0518625538556389 0.597928191470467 0.0221506828040173 0.077424883220686
-0.439936748777746 0.506075051834987 -0.0855097891526171 0.10096607880561
-0.683713273991934 0.155132525608313 -0.156118534037692 -0.0304787849602658
-0.596361346358437 -0.123160500490112 -0.0838809362091247 -0.199846656644896
-0.47235396130537 -0.271034893129981 -0.0723666306473092 0.249248980148524
-0.586708758239524 -0.0885996964358106 0.0265581681522362 0.0371988489546994
-0.536506161219822 0.135693081998343 -0.118329148317071 0.0234095574257208
-0.333080398871421 0.394059911707688 -0.0680822052798995 0.0755664894375641
-0.0775278343733271 0.517883200139066 -0.0207235561378235 0.134174194052995
0.156317239502352 0.477960386283661 0.0609167538678098 0.0968081616969389
0.275114739137294 0.3713401039261 0.0481083542422028 0.0328763002538265
0.32719988233683 0.338277531897459 0.0646239442099892 0.0154681981602946
0.318183988228425 0.335235554348566 0.0719406024174468 0.021982467307794
0.318166278564558 0.417008705602746 0.0729159866512781 0.0425282048240977
0.180542861343748 0.543062715052869 0.0597134376487802 0.0683937314916893
-0.0585907747474336 0.55594975942946 0.0530657600238274 0.111866019358436
-0.382343795927539 0.465243181217972 -0.0111078774870918 0.100313512877707
-0.623201614183216 0.179485265855915 -0.0275463319550579 -0.0345689567864674
-0.580192026212026 -0.0715354547108873 0.110938439533292 -0.148236143688408
-0.441693695640602 -0.197491977571751 0.136296652609318 0.344319601924934
-0.522245895221932 -0.0171086471104046 0.182844729315327 0.072726047736912
-0.444228707600021 0.162275957094042 -0.0293275274266098 0.0377448880713406
-0.271207477732191 0.346795617421364 -0.0694241337683639 0.104191186126799
-0.0604461575882123 0.447515231117423 -0.0192189009077187 0.239044775347772
0.135743833809856 0.420140024611759 0.115256655098648 0.233835458928298
0.243889679518212 0.33239397822391 0.148850005560826 0.171096659068219
0.283053546881636 0.306276652657641 0.183713616884493 0.143020601226661
0.269841738954404 0.304032101333602 0.1845024008559 0.130476391514284
0.250518938968071 0.364461713168345 0.158062280477959 0.130934570149003
0.11176185630477 0.443826021955751 0.104646103811861 0.142180685219114
-0.0854050744514285 0.412694175685021 0.0607882510368921 0.131450021424661
-0.281386805035597 0.325474668872772 0.0429368338577468 0.086265908068815
-0.466641189815459 0.149830063267461 0.0767668685722184 -0.0420434294661492
-0.473735930296433 -0.0196389972309426 0.28078330598293 -0.101565013696714
-0.327053579574176 -0.0848640632607015 0.326605611895496 0.396613612096442
-0.342894255993334 0.0514184854346131 0.311603432541615 0.0927233347896135
-0.248259320508196 0.137556434358934 0.068049356710104 0.0427723569805022
-0.155947186951892 0.214328647720387 -0.0469389959253356 0.113345789392658
-0.0379000741168703 0.287903094532579 -0.0033862374869348 0.296784858947464
0.0913308448962391 0.28361975082915 0.159395540212389 0.324247875645171
0.169233887116292 0.238171732967238 0.232093270379217 0.278279082207401
0.196448328974934 0.227217580823183 0.277162140413981 0.248064364655803
0.183462324346743 0.229522602115245 0.260859282675165 0.22287120384476
0.146216108970916 0.260485072867909 0.201585088455019 0.202407566684751
0.024560121052914 0.288102364393057 0.114230582908165 0.193233765816742
-0.100542773437366 0.216666981799699 0.0425675889896961 0.133972465684221
-0.1467960995546 0.146447022990775 0.0689704754490626 0.0676666027086576
-0.258878025721118 0.106351168701497 0.144445988566047 -0.0395922565294362
-0.309166719929444 0.0361984577324449 0.401431207344248 -0.0588649878096063
-0.148600792693803 0.0304027914731837 0.456610973931437 0.395049238698414
-0.0978230136810302 0.0832978005317274 0.39674177958305 0.0885786332874908
-0.0225810858328976 0.0549259843043038 0.156047554857022 0.0184611555991082
-0.0472841569585695 0.0327221549084563 -0.0187235850793778 0.0879734342627941
-0.0304707400122581 0.0874389491833347 0.0145177822207522 0.29789768408023
0.0200797903969135 0.110001981701411 0.18342476027565 0.358774702339759
0.0632678931810067 0.112300781447601 0.285589379338296 0.337794331718599
0.0812219124861128 0.115385347776738 0.328458380391683 0.316236125416622
0.0780138146982126 0.118770037886397 0.293554215934 0.286099937134169
0.0400780373341827 0.12113404282926 0.204876563624356 0.251922209889342
-0.0382456560244771 0.107562929688562 0.0951151936004282 0.217913528667132
-0.0721131680085399 0.0283525950119933 0.0121692180761711 0.116551491803591
0.00868368989187685 0.00734639902355252 0.0804299924404049 0.046719567836046
-0.0440086118559373 0.0882561984008548 0.184215314374146 -0.0235837012321836
-0.125119560507992 0.0986799404153567 0.464629094823345 -0.0217464101653016
-0.0448458495483002 -0.106778338202011 -0.504280158384561 -0.0131017061655014
-0.130090784998915 -0.0808858541892332 -0.254119021172357 0.0727244803084526
-0.129486314348435 0.0438580209574516 -0.112069077796348 0.0252184045775788
-0.00793675551322767 0.100843753945519 0.0317719491277878 -0.0417558535714324
0.0383744722614459 0.0666823485566007 -0.0301426607051708 -0.202061260261498
0.0501968395287193 0.029956830692655 -0.164943884153101 -0.260148242137923
0.0404111121752389 0.00517956164032959 -0.278505677422145 -0.283636732243326
0.0428516034265632 0.0139679907020603 -0.339951213273185 -0.300366617954679
0.0473311924212359 0.01901019526701 -0.324361056688848 -0.303887400939072
0.0769655704803326 0.0551658207103786 -0.230311629995507 -0.291987341080583
0.0724358465239176 0.11305498263512 -0.102039667158463 -0.244045199135333
-0.00689370286283603 0.16443572763334 -0.0347838704549999 -0.0830246965854999
-0.183795083789535 0.107474429751929 -0.189599076717097 -0.0193714689660045
-0.192607162665248 -0.0771067417125243 -0.356296024556748 -0.0861271439577378
-0.0871088359591859 -0.130599957425988 -0.461616198618123 -0.308926123813339
-0.19590173403202 -0.173515556723071 -0.476081942258557 0.00779667558668034
-0.275684631433914 -0.098100721715682 -0.257898449746144 0.0337533222588114
-0.259365254474897 0.0663502425952505 -0.159998351182867 0.0375866029785704
-0.100428967818553 0.199982776592594 0.0219115360178373 -0.00304615888732633
0.0224438942385153 0.216590479818009 -0.00255141288079528 -0.155650896370302
0.110769366150159 0.17619488240409 -0.113338656448917 -0.235111134420379
0.144835733089336 0.126501037360912 -0.232404165232255 -0.267363907842679
0.171019443997147 0.130582993411721 -0.287951495015551 -0.275103649576001
0.168527147412491 0.142182542821255 -0.280126829736187 -0.259964894871525
0.185524503545157 0.206868149047444 -0.203746858368558 -0.233078301917819
0.124624991359528 0.303633250583747 -0.0986272205658679 -0.183019611044465
-0.0364707930623694 0.357876404200944 -0.0315803061934596 -0.0248502527477189
-0.325032448979027 0.279564681755425 -0.190020726863789 0.0356288878652817
-0.43506872930136 0.00347073291970425 -0.340707803453038 -0.0572432848961906
-0.319338275018096 -0.153768830971722 -0.400334303319564 -0.274157657888563
-0.328775525309879 -0.230477201300293 -0.390423625412816 0.0606858112669419
-0.411418985669747 -0.112580323577561 -0.216233318706863 0.0070509233967567
-0.385920459832125 0.0829505691825027 -0.187654650870599 0.0341295348465475
-0.203529677932748 0.287325470683887 -0.00902775712612941 0.0245760785224229
-0.0101552032967111 0.358353585317172 0.00326718934679016 -0.0817262510380532
0.151020606182894 0.315402801297902 -0.0564281082874371 -0.163757783958501
0.226328503734288 0.23955921531537 -0.157570943416165 -0.203920208261468
0.271890565952507 0.227697730032067 -0.19421773024686 -0.208378019924677
0.267160871080634 0.23647819184502 -0.187403234941747 -0.184025725765497
0.280849418753086 0.318796696046214 -0.136041727000647 -0.149394858652014
0.184925890890805 0.4504412581888 -0.0653551186191769 -0.1046067765164
-0.030354705647532 0.50886282255985 -0.00642773084839664 0.0286601866688124
-0.393493632867312 0.432748887477091 -0.145841451293363 0.0810545707078823
-0.596045360488499 0.10655722606396 -0.264891345660028 -0.0296472333356307
-0.494280925298997 -0.136536258360542 -0.27107474262042 -0.23113184340042
-0.427234056231901 -0.257072339527414 -0.246117544675824 0.144237616332414
-0.52449348372644 -0.0997029023363218 -0.116476992793324 0.00640809553850928
-0.486463578860092 0.117333491985117 -0.172411207645693 0.0281521129341979
-0.281910187652603 0.365048913114303 -0.0429085558754065 0.0479190338664538
-0.0370440219729923 0.466854917122604 -0.0045657635904023 0.0186188765844815
0.175054935566406 0.418412515024318 0.00384897610900396 -0.0489392950244502
0.276389912237003 0.31836432377708 -0.0602241372366823 -0.0992007741108075
0.32993051246337 0.290692908336495 -0.0714657737950259 -0.1077182125
0.322354653055695 0.294227260741457 -0.0628940292878514 -0.0882013380441905
0.335482137828529 0.377995776165537 -0.0354271408335205 -0.0563825972022201
0.221214660024691 0.52488077047386 -0.00534579813838714 -0.0190455045423903
-0.0183598474952367 0.579976000441165 0.0300591805583449 0.0718038195989953
-0.395333195104549 0.509023380811033 -0.0742346004298851 0.0988456122921487
-0.648413719744543 0.186276699703326 -0.149299992337002 -0.0228367241324674
-0.580688832520415 -0.0944277379364106 -0.0918123641128637 -0.187388321283566
-0.469493556844736 -0.23694806466678 -0.0560324050409181 0.241245251380557
-0.566333849345022 -0.0550629044078786 0.0267586060637525 0.0295570279616978
-0.511707378929173 0.15871852372224 -0.112568426540873 0.0309470359210853
-0.301458788194319 0.398335628571175 -0.0648246053644529 0.0756781919287933
-0.0454222918651977 0.501745107413736 -0.0106216708366281 0.13361525477896
0.17814337883173 0.448940170760226 0.065559866006948 0.0894547739403059
0.286518837916801 0.343809900937313 0.0472012601124887 0.0306337211377723
0.333808399677382 0.309096337185324 0.0613312428708297 0.011618290387296
0.325841036082082 0.308545097361926 0.0691629804590875 0.0158054007710872
0.330583848506961 0.384280902784421 0.0735375617641917 0.0345565627665788
0.205541633452238 0.512614882640989 0.0627851548019804 0.0627045081089198
-0.0263719257913189 0.540148258081267 0.0610512331721843 0.102723787466526
-0.342981233365263 0.46823601190989 -0.00240433557275163 0.0933700825795773
-0.588869884975177 0.207732431498923 -0.0258687686567869 -0.0334608947160883
-0.562564836237075 -0.0446284089173385 0.0977044344222789 -0.146595845996557
-0.434025001459689 -0.16755731264301 0.149988180138006 0.323899326898285
-0.500152382795738 0.0112121112977606 0.179061028370445 0.0576814239215482
-0.420202235384976 0.178520501084405 -0.0258896129832689 0.0394690387631835
-0.243134560555887 0.349411100623111 -0.0641048312994064 0.102636597782334
-0.0344165034948295 0.43508220322203 -0.00291720899267002 0.234208164838641
0.155506351223656 0.395446325163177 0.124194102158773 0.217443419948069
0.253128368677217 0.308955620695138 0.151553184181676 0.159526027644964
0.290003010428554 0.280374103864893 0.185155723605018 0.128890987589195
0.278020936251995 0.279990916686954 0.183908804824913 0.114672304754613
0.261290411555171 0.335041626739109 0.159764441961314 0.114996987881517
0.133809447226403 0.421154934548484 0.110077738859803 0.130548242983388
-0.0603130063270634 0.402640760918691 0.0695426459006481 0.121264577138267
-0.253364455719962 0.325849887997734 0.0483962064359444 0.0764841251462357
-0.440910455621361 0.169212044876023 0.0734095937267155 -0.0450230977130573
-0.454644897137438 0.00163665615188777 0.262659496373015 -0.109308046676558
-0.31874216990814 -0.0651708291755092 0.334977031307538 0.364740352974883
-0.324146645154165 0.0688588710477014 0.303523270975895 0.0735913078609236
-0.232150046089247 0.144633970521194 0.0682531216317935 0.0382857723768586
-0.139568083877182 0.214785286522329 -0.041724103753936 0.110441323499842
-0.0207927257686716 0.279860129468796 0.0153261696818909 0.287079052804205
0.104306948668836 0.267545450785687 0.17097674303582 0.303052256264245
0.177615643215393 0.221527814348564 0.238183339416245 0.258707324502656
0.202678492542529 0.208422756161331 0.280481518553199 0.22448280130575
0.190266757227074 0.211012361258452 0.262315015165062 0.200423719641521
0.155154154817932 0.241584988320764 0.20427339058042 0.181218706392483
0.0398724517661021 0.275703835451255 0.122617538634344 0.178088572144664
-0.0858377426475935 0.21480714545291 0.0510009173623645 0.125376719726031
-0.132424688518654 0.146081276963727 0.072193257077897 0.0569867733712563
-0.240808115065078 0.115079121078302 0.137201214977424 -0.045251061219775
-0.29260897924742 0.048217800217997 0.37881497400899 -0.0732986438108913
-0.140570965089329 0.03807234734471 0.458816814462976 0.360796235140178
-0.0875299522960582 0.0852790789543932 0.384392856180531 0.0661347080447183
-0.0189731525152937 0.0524935243267753 0.151584229758364 0.0086902100856557
-0.0445314567133419 0.0341566162315752 -0.014894419542515 0.0846172809216006
-0.0247737858538886 0.0861550625390443 0.0305266569166114 0.286383498184064
0.0260492361043488 0.10510479817044 0.194267471631012 0.334613581079062
0.0686265770832262 0.104739376102193 0.292402486847457 0.311179416360719
0.0853496715724852 0.106292297490415 0.333874512783075 0.287013312686263
0.0818761868893659 0.109182546731663 0.298120838971353 0.260110894480964
0.0446601851085119 0.113279920936505 0.209985632671985 0.229246164582437
-0.0309235149794486 0.106184317945652 0.104175112230062 0.20181820066141
-0.0692469535780239 0.0320265781288209 0.0197314593314777 0.110882196452704
0.0084877795029975 0.0038356131166131 0.0825843919903963 0.0368753252023425
-0.0343057174671518 0.0867902016273937 0.174659164865182 -0.0316384665524106
-0.111902513425523 0.101287928531641 0.441301203722197 -0.0409713537715413
-0.0614812508400772 -0.0965253399447741 -0.468483001611725 0.0523029208123685
-0.133132283465312 -0.0595583494138842 -0.224789674639834 0.0983580284338605
-0.116120734177863 0.0592154901829748 -0.0972049625005347 0.0388131320300307
0.00383440733583715 0.094716829500865 0.0254447405484843 -0.0458288213123782
0.0445730707869925 0.0564643723788762 -0.0547977867795885 -0.186508726030435
0.0487904688845976 0.0219370703048682 -0.185361748623848 -0.22577566325054
0.0340641993243628 0.000950934996365466 -0.297266481769634 -0.237438934016484
0.0407829461428978 0.00936695904671866 -0.354158168111095 -0.240258634143394
0.0459338713057462 0.015724141936213 -0.338725095266664 -0.247326246619131
0.0778417369060906 0.0442475276678618 -0.247657002855005 -0.246731203677026
0.0816083932727323 0.0967199247229207 -0.119673671469003 -0.218791636065621
0.0124528087978524 0.152362634352773 -0.0370195316299376 -0.0731321190901242
-0.155149692991737 0.126437629274543 -0.181626768228967 0.0125639044668315
-0.186484495097589 -0.0429466535465138 -0.352349478163144 -0.0346546395883807
-0.101680163374286 -0.104878529200343 -0.474787334567489 -0.244330684867655
-0.215268837573407 -0.141488134883861 -0.424751530443533 0.0708352394635884
-0.270449132401659 -0.0602776688889769 -0.229418902727092 0.0616743995921891
-0.235478831995843 0.0956021617389514 -0.134546641495383 0.0567818009728994
-0.0721725568805541 0.196556009392897 0.0259433019419863 -0.00976739660667258
0.0472121994418727 0.198510147101137 -0.0182401755309276 -0.151243459482567
0.122549340249678 0.150991560151662 -0.130901263654039 -0.213803716214731
0.145781480484401 0.102327328151302 -0.248855883443675 -0.230238433181759
0.175369633611679 0.103183455740731 -0.304840441266146 -0.221844461977974
0.174506597079429 0.116381789787417 -0.290676500712156 -0.212439537908152
0.196635745747896 0.171560104233617 -0.212052090466361 -0.194638160792429
0.153305816185204 0.266923840766482 -0.104232596469465 -0.162234664250217
0.00805052746742203 0.334200130376158 -0.0217607097193258 -0.015610612243976
-0.263035358792858 0.303057143042992 -0.17318179254733 0.0710025269336436
-0.397512079354741 0.0583836519422947 -0.339614530551169 -5.73351627270759E-06
-0.317056637485989 -0.0981549264204379 -0.418497752506096 -0.219968689155148
-0.348728892986809 -0.179234144445602 -0.327437400218829 0.113519355973029
-0.398263791217913 -0.0597929047262674 -0.189501809299064 0.0306289505141048
-0.35314372656898 0.125494725972875 -0.15528916304094 0.0569038707903259
-0.160286316664455 0.289576522755363 0.00450124406424714 0.0200086109261949
0.0319847531306535 0.334238562859635 0.00133183733458957 -0.0871557140630256
0.176835455812382 0.276727909050152 -0.0652947552656414 -0.15833873174333
0.235382697450945 0.198244161425123 -0.166167342833874 -0.180491351796107
0.281717043857578 0.184075269146623 -0.206710470991842 -0.170867515727247
0.279485098421886 0.192744300276117 -0.191770081381309 -0.152376032683666
0.299768222900352 0.262877414663646 -0.134875928908823 -0.125177653417382
0.22891396320061 0.394973090819107 -0.0597648656136325 -0.0928170681836795
0.0302715297135011 0.473921755570041 0.0128166289134501 0.0330464831138874
-0.306112432460527 0.45263701512817 -0.122498812942868 0.112206433600922
-0.532530675764574 0.170388559672373 -0.26992476588363 0.0231152859946903
-0.474081725084555 -0.0638905455566263 -0.29676158696314 -0.193038961575665
-0.447003062372032 -0.191037334743395 -0.172985930970202 0.175961288408473
-0.502094028889026 -0.0356314402718463 -0.0928099100142404 0.0178554282462452
-0.443886441475061 0.169065641173262 -0.136253677437924 0.0478952171096052
-0.226476429660237 0.370432454049718 -0.0208126356090176 0.0450353167927075
0.0186658018509551 0.440221296118925 0.0114430424486771 0.00491374528435862
0.209614282804594 0.370156367032133 0.00762531572187616 -0.061884476287871
0.292936644450395 0.267335527529002 -0.0582553923736247 -0.0929702569495088
0.343716622315902 0.235088758438664 -0.0787874465186405 -0.0917668073006539
0.339202342934986 0.238978326788676 -0.063066867561068 -0.0767911928027123
0.356223248563192 0.312082506390079 -0.0272622819265929 -0.0506496748418733
0.271331763659706 0.458996974002103 0.00897375793386942 -0.020172801320627
0.0516559336765395 0.537761613123316 0.0545113160032656 0.0700190311649796
-0.299124522498931 0.522992198921277 -0.0513954772619276 0.120732553160093
-0.570114123446699 0.248933623906746 -0.161638274406628 0.0197746449217859
-0.546538875784134 -0.0153149899797921 -0.126659308696122 -0.169859268569375
-0.48177733254252 -0.165987430812654 0.0194055335936274 0.243907754210567
-0.536878366790664 0.0105360024111592 0.0459258947189167 0.0215291074920592
-0.462340219770005 0.210516014584347 -0.0782141544372866 0.0402348807270198
-0.242056366679463 0.40304127872673 -0.036694287312257 0.0732350658794261
0.0124825722036349 0.474524868497844 0.0227459178728203 0.113070970678455
0.217686905814988 0.399237077223714 0.0818562496843823 0.0600061099368607
0.306478311837301 0.289714522617661 0.059983767550546 0.018279367220122
0.350786123122818 0.250372510972659 0.0604157341966199 0.0038980584328744
0.343755086389055 0.250726856524425 0.07352391679046 0.00550166771902754
0.352111626277833 0.315453829098245 0.0856252419850457 0.0210119450135651
0.255145636568128 0.450214271523791 0.0820528837541904 0.0484284254762489
0.0383829896381502 0.502804057808107 0.0864902844026715 0.0957302188754334
-0.255936109783038 0.477771982508789 0.0157410279362213 0.103224791265202
-0.513679236110456 0.258023625947176 -0.0446896020565743 -0.00524754168714372
-0.521687085834813 0.0227993287605445 0.0574457933647337 -0.149952694862446
-0.437763525319157 -0.104486342795753 0.218733102057771 0.294212328356035
-0.465860586422855 0.0648198939427279 0.190173942718291 0.0287932214461077
-0.374743965732285 0.215695410912132 0.00079197553680666 0.0356530201846514
-0.192051134993702 0.351075545479992 -0.0352464589807972 0.0986869513976818
0.0162269864228504 0.410224818059242 0.0398385265459405 0.207661643565968
0.191275669628648 0.3514872563776 0.151404345773674 0.175755513122918
0.273636307444072 0.260581423144559 0.173723401475877 0.130059702362777
0.305488862897073 0.229550482512797 0.190895900049579 0.0983967236852919
0.294828928103808 0.227331085328066 0.191847725489102 0.0858581920559218
0.281947211890802 0.27786724324532 0.173655790736081 0.0858481219630543
0.176758164386118 0.373480966782291 0.13225885714253 0.107627361768112
-0.00839882425147495 0.378387964160702 0.0923362149659622 0.111625580149152
-0.192393183778043 0.331530839859435 0.0596441826937925 0.0754628412874348
-0.380950068771275 0.205622668976776 0.0510629982669874 -0.0338236554561153
-0.416361508158247 0.0520594881040797 0.220478401335711 -0.132053088773186
-0.310739392711174 -0.0200754472766696 0.387177846501986 0.307617709647001
-0.293266120254325 0.0987652134201566 0.303545623943926 0.0288219895586416
-0.200651650391046 0.161500947460556 0.0811755153944724 0.0229408745473111
-0.109440979086602 0.214723718215732 -0.0183083882657471 0.105423364926021
0.0103966124794733 0.265348068762414 0.0595551230527886 0.260543508972254
0.129666435267102 0.23853579218644 0.202587566580602 0.255535359547421
0.193346282519208 0.186924829388127 0.264856469876826 0.216893532482416
0.216101086680614 0.171662402739841 0.29328385582751 0.176742136744827
0.204639798470612 0.173016030519016 0.274195002088754 0.156203511092851
0.171833309235796 0.202218733853967 0.219847694521133 0.143337381226679
0.0709771138233113 0.249842438034192 0.143713336310601 0.151602219906446
-0.0538948458488831 0.208288021026822 0.069448612000069 0.115787943246395
-0.104425446365014 0.149394414984425 0.0773259900130235 0.0478835183422934
-0.205485117303727 0.130925363371416 0.116317062197844 -0.0479233574490098
-0.260272589025959 0.0740045776676063 0.338454952352193 -0.109919801606514
-0.12405790247561 0.0559772066585359 0.485562095675466 0.28225038472342
-0.0689609043488034 0.0891920330950291 0.371052170220291 0.0141352865842837
-0.0117870444047664 0.0493729074969489 0.144924587333 -0.0130378156376283
-0.0393936974385824 0.0377183075756238 -0.00179494069557628 0.0808670509487355
-0.0146439994460425 0.0851009148181869 0.0690280422118223 0.263148314737454
0.0379516184807886 0.0959561168595879 0.225062831918097 0.290017605961931
0.0795185765148244 0.0903339539950551 0.318888729089987 0.262565608116349
0.0939238621613102 0.0893309398481075 0.350123733465114 0.227736999269609
0.0897154683512275 0.0900852312502062 0.311829495286198 0.210329765393712
0.0534787477615205 0.0970688921206663 0.226342256966709 0.187317814201422
-0.0157976376593658 0.101000786056265 0.12441129544162 0.175972323259602
-0.0600186154908421 0.0374458033634927 0.0336815788382283 0.103676569781867
0.0076244942258034 -0.000715576752294297 0.0834095065683303 0.020983177343465
-0.0197499399030247 0.0806932170071742 0.160155812745477 -0.0451065888586916
-0.086767417838987 0.101152453665393 0.405431931960647 -0.085047305870569
-0.0585460040284468 -0.092634867387329 -0.442098244435012 0.041653474503255
-0.12723602200931 -0.0558740635325684 -0.213870904476046 0.0877569960030198
-0.109830210194932 0.0572603523542736 -0.0929273339091319 0.0377969534725333
0.00368104554673313 0.0897351053482834 0.0238800485302109 -0.0426100433086965
0.0421113778615362 0.0527361369073484 -0.0512506387925665 -0.173423335611869
0.0447349739450764 0.0205233502753577 -0.173208930292051 -0.213487745177548
0.0310725898801652 0.0019572779798112 -0.27942873413669 -0.227866444110636
0.0389703211561042 0.00989704004383186 -0.336595755428983 -0.230773102233557
0.042754481378723 0.0171182430955681 -0.320776403951927 -0.238782352684834
0.0732716405764343 0.0430257127094432 -0.231727244145162 -0.236819528219382
0.0774247191250836 0.0909496913378301 -0.11117086072203 -0.209371074377288
0.0112102112458258 0.143372455459371 -0.0330189578957305 -0.0710062572476279
-0.147821293696017 0.120268067418748 -0.172062284240026 0.0116111063576835
-0.178315620065559 -0.0415120712925468 -0.330829180128751 -0.0364144267924719
-0.0969851276933836 -0.101793185565504 -0.443995141730667 -0.241452191784964
-0.203635763573349 -0.136784964888693 -0.403178230229107 0.0582780548901931
-0.255898218413078 -0.0590269807818572 -0.218917717889668 0.0524289569591884
-0.222908252497116 0.0904610443697857 -0.128390607302629 0.0554810182796218
-0.0686465002089059 0.186269483237899 0.0233506920717519 -0.00782531598229509
0.044498308731223 0.187375464577577 -0.0161695602322227 -0.140602547962053
0.115116580340857 0.142870086002756 -0.120714405146091 -0.202486114138702
0.136873733008205 0.098863209673194 -0.234441586940362 -0.219019865894971
0.16606769784798 0.0999272151568724 -0.288294067617102 -0.213377272522691
0.165535719723369 0.113979515111862 -0.27436833125608 -0.205610498208891
0.18522489627725 0.165028048323027 -0.198837514535952 -0.187924769957305
0.145744840628279 0.252898405893144 -0.0967015794459133 -0.154222203188249
0.00611370657676544 0.314990712146852 -0.0181874818645736 -0.0167367962872019
-0.251477020947176 0.287327039318227 -0.164029337422843 0.0657280954674793
-0.380408758031238 0.0519252369855198 -0.319576694995151 -0.0053630902650692
-0.301394209628349 -0.0995927385757534 -0.395371949576079 -0.215162818266469
-0.330206188075415 -0.173305601046078 -0.311527462627012 0.0998329438419202
-0.375758361850517 -0.0592883773979646 -0.181826123221344 0.0221801986993683
-0.334351937539236 0.117640077219247 -0.14807374441523 0.0556829227290993
-0.152676555593328 0.273817819182994 0.00178910014650013 0.0198212845609322
0.029627883140393 0.315832403054191 0.00315703045164137 -0.0794230358446065
0.166725974884897 0.262208964841202 -0.0599368969805651 -0.151036750429887
0.222736551777144 0.190180778704386 -0.157943427601642 -0.171824949375158
0.267082506433809 0.176514182282883 -0.197314886565928 -0.163387168871022
0.265276755756889 0.187047419610013 -0.183239253029248 -0.146796772237106
0.282337758756061 0.253745362311128 -0.126845333672833 -0.122048472854732
0.21558451482864 0.374652242761307 -0.0549670317547474 -0.0882966787801269
0.0263110595936157 0.448766008242148 0.0150625862846944 0.0293486799527279
-0.293647703214205 0.429141148747667 -0.11654960172668 0.1038933368491
-0.507266377442802 0.157458771308719 -0.254100792598761 0.0177352849041188
-0.450849970951864 -0.0682383223081088 -0.280103012627192 -0.187261074166688
-0.42206233716819 -0.186067831910966 -0.16624636589954 0.162071477178391
-0.473341192752922 -0.0393167214067976 -0.0907183615009615 0.0107074396231985
-0.421940559461933 0.157599365154213 -0.130233563071875 0.0462829501442973
-0.217227272567199 0.351521525373891 -0.022972987477496 0.0434359349577747
0.0150612252246173 0.416124741639542 0.0122789149521153 0.00752816601645891
0.198277522255269 0.35118768642211 0.00811561962250148 -0.0594591011654422
0.277211915144279 0.25712604648145 -0.0569332703070919 -0.0870865315964558
0.325453906933282 0.225487943832665 -0.0764123904061179 -0.086022471325579
0.323424532094539 0.232472456990942 -0.0612853185713021 -0.0741415584694296
0.336859955921861 0.298031082260336 -0.0254040156241187 -0.0508919088389071
0.259156088943945 0.437024105657643 0.00988924258384282 -0.018818101385307
0.0450000867458793 0.510964865821555 0.0546132774251334 0.0642196938192939
-0.287218569241691 0.493152270199568 -0.0490270750477532 0.11189832723664
-0.54355826309738 0.231693072077245 -0.151469410739639 0.0161090286060651
-0.519617795798388 -0.0250143577577048 -0.119310838768693 -0.162438528506453
-0.455050240554489 -0.162824332609222 0.0152132213634321 0.229436779429198
-0.506316007906116 0.00360401877647177 0.0414455497060744 0.0158940131549725
-0.439598810156702 0.195627013568184 -0.0742106839113918 0.0385940168330906
-0.232880225525746 0.38108576640038 -0.038855306970215 0.0694462411400904
0.0100186997434384 0.44953298079682 0.0220482420126702 0.108923579739832
0.204787944318559 0.379288686273323 0.0781442528086734 0.0563130662696055
0.29131320718886 0.277707724009822 0.0552743080083036 0.0195228253603766
0.333719980604382 0.241722744822159 0.0560241414920289 0.00557522269867973
0.32775740035267 0.242407353547045 0.0682388259841273 0.00541257789567755
0.33404059288774 0.301766346229281 0.0808536370705993 0.0177331053045359
0.242573596570126 0.428548337463923 0.079244244298767 0.0465143937685542
0.0341458071446635 0.477693622352976 0.0844556867173382 0.0884926140130663
-0.246450672657049 0.449714255955583 0.0150100123874559 0.0942829321710681
-0.489099515555482 0.240733272761161 -0.0409637444160174 -0.00694235827701705
-0.496145703435319 0.0121341660352827 0.0550816998303495 -0.140258539317667
-0.412979806573555 -0.102922811868152 0.203983722746615 0.280905013863963
-0.43886629184851 0.0549845751519616 0.178015435724323 0.0256102904037479
-0.35568282974329 0.201741856160473 0.00100039407943767 0.0340222483363229
-0.186085806281686 0.331671046038675 -0.0379946989578764 0.0935592511530395
0.0133214007069341 0.389957969630876 0.0383985053443174 0.198384561312505
0.180729333927721 0.33446689187392 0.142150121891892 0.167399352848445
0.259652163771255 0.24925908471584 0.162626680936528 0.126161403014242
0.291322689487701 0.221038838861441 0.180379669943675 0.0965093407147798
0.281294241667683 0.219717978430493 0.180829228669082 0.0826799732211882
0.267050545090393 0.264831679359383 0.163376900092995 0.0805613358326041
0.16761014652967 0.355242980297847 0.125873674219575 0.101827700777376
-0.0095373217454661 0.359922826219635 0.0895708249456813 0.104266714680787
-0.185715487234743 0.311489136290584 0.0565402624367745 0.0682922635552888
-0.361277800093185 0.18951919903517 0.0496348964320155 -0.0314986957583911
-0.395097634117725 0.0410956849063759 0.208850480109727 -0.120225808037876
-0.292509545584933 -0.0227971400670723 0.362624559964245 0.297045730715129
-0.276123097394216 0.0898164101625331 0.287063399012428 0.028796669140952
-0.191497016639344 0.150702557344809 0.0774091592472724 0.0217746249996052
-0.10656155797429 0.203184653290557 -0.0206828358968896 0.0997362425506053
0.00874040928547563 0.25109572710858 0.056097926993516 0.2476557137879
0.121498403267788 0.227075894682784 0.189520933071171 0.244584025995278
0.183714478646518 0.178694875864574 0.249746075321715 0.209786237769079
0.204836945947631 0.164555225108603 0.277947730141782 0.170663733354232
0.194174562070005 0.166127467117255 0.259094757238798 0.151397183536543
0.161901937885615 0.192346139661772 0.206621442765303 0.135756686087638
0.0673763684983845 0.238161683628519 0.136008324762827 0.142908182202183
-0.0523604808005044 0.19692464596566 0.0673878029557825 0.108939128161265
-0.100685978315324 0.138215954143121 0.0733593060788245 0.0417833157926102
-0.193570416942596 0.121366070978708 0.111127574255654 -0.0434449676004376
-0.245923714525182 0.0648120334662861 0.319852732276864 -0.0970144471357274
-0.115602040629758 0.0521147227837057 0.459897505446013 0.27588082750135
-0.0638721510057882 0.0827916036456061 0.351617943237079 0.0179979842896543
-0.0118128831825703 0.0457783179448658 0.137613405555213 -0.0123547356958668
-0.0390269379715942 0.0350178089917389 -0.00413019794931467 0.076095527934767
-0.0140852399051919 0.0810616445081227 0.0639471093132101 0.249846268710661
0.0357152524136785 0.091380346548046 0.211375774462339 0.276606954098794
0.0763218023704379 0.0861822261428413 0.301693874344998 0.253010638124404
0.0897955784972134 0.0849302591803575 0.332135925092611 0.219427162115041
0.0852315771175376 0.0849853066766688 0.295627113745083 0.201996614089046
0.0498354342711869 0.0919646453767186 0.212314068360346 0.177295592796061
-0.0154905839549543 0.0968715440477524 0.116794457326618 0.165115904384476
-0.0576668242023049 0.0358332409418428 0.032586536165909 0.0973595595207885
0.00598763445753116 -0.00322542832846555 0.080087728190486 0.017582791685395
-0.0172995076940019 0.0744290273914496 0.151524309514664 -0.0398583690193182
-0.080588613482977 0.0942106022211844 0.382291538769662 -0.0721690823716845
-0.0549625494005191 -0.0930859441827989 -0.432890995632792 0.0203413508828474
-0.124002656684046 -0.0574511551945955 -0.212542607293098 0.0764090116615894
-0.108730327944226 0.0537385633005845 -0.0927855506361391 0.0363945951261956
0.00204532242515214 0.087483751507225 0.0243692224312702 -0.0401333017317564
0.0394262432141836 0.0524783942196504 -0.0452497332179844 -0.167740807210347
0.0427360995190089 0.0207957114496688 -0.160926274537688 -0.212430839318644
0.0290761392067712 0.00360658600334666 -0.264820552298675 -0.231149710772932
0.0373915397450167 0.011953712679402 -0.322963520826961 -0.237002676758109
0.0408902865754762 0.0198532044200803 -0.304901923460636 -0.24397318400178
0.0702126450057846 0.0452979835746997 -0.21826224820731 -0.241207812104247
0.0736410622940657 0.0890349144397428 -0.101302345025157 -0.207637598740063
0.00694055749978241 0.139208572948173 -0.0281641028553383 -0.0713876575148169
-0.147568236342825 0.114374160733195 -0.167742311725558 0.00732601959589164
-0.173891636154917 -0.0458918705746734 -0.319468057383647 -0.0472924503959028
-0.0925332188684386 -0.104466121812964 -0.425118338299129 -0.25505394575487
-0.19543273599498 -0.141958106566374 -0.395738834547905 0.0397367075698879
-0.248948046424852 -0.0654143831448155 -0.216723097232834 0.0398702579780481
-0.219983400941315 0.083215980232627 -0.127471184924981 0.0528530598869979
-0.0716547001741578 0.179756325056999 0.0211283373233982 -0.00591795546101275
0.0384894089168942 0.183283113610413 -0.0115865279202982 -0.134472307430332
0.107826802355971 0.141488914139342 -0.111101068441373 -0.2005935622242
0.130880569964759 0.101793892030929 -0.22288764433699 -0.220738472399212
0.159586526285716 0.103467886293079 -0.277306002280327 -0.217332713821371
0.159059384935915 0.11881773915789 -0.262705760759432 -0.210046416536373
0.17609120192327 0.168220258042048 -0.18787342281927 -0.192448887001724
0.135612974084328 0.249706435655703 -0.0886496244242045 -0.153679220001187
-0.00310327512841069 0.307657836515304 -0.0152512560566817 -0.0185985033436563
-0.253670509580002 0.273107927479536 -0.162175194299906 0.0594766518501371
-0.373778089677682 0.038688552322687 -0.310163337750674 -0.0179948455374842
-0.292982275021755 -0.11089438682092 -0.378713343492141 -0.227075419620557
-0.317820094360954 -0.182948522991426 -0.309021617730004 0.083359398115738
-0.366717110138673 -0.0710947083784221 -0.180629609805107 0.0116681861574122
-0.329621587791357 0.104626496531313 -0.146516068796497 0.051030293808546
-0.157525364012965 0.263032230220485 -0.000891131106145498 0.0209050687787758
0.0204191448333085 0.308733631520667 0.00617695279776683 -0.0744217766676175
0.154482162707099 0.258814512718498 -0.0530405547836152 -0.149499667003842
0.212509046121156 0.193918281208748 -0.149727162582247 -0.171304732627648
0.256714431342765 0.181790928652801 -0.190095829345445 -0.165210847255889
0.255089874066104 0.193890998570983 -0.17598532001281 -0.15028260939504
0.269321439067789 0.258272970753304 -0.119739567614598 -0.125877270183475
0.201307156863629 0.372072104949399 -0.0498344395705107 -0.0875291513530154
0.0126073826066611 0.43939475287507 0.0164319222042176 0.0266331221422082
-0.300376530951707 0.408332070870627 -0.117156706053718 0.0964408753795017
-0.502775448745708 0.136632096336297 -0.247494639186945 0.00709789422072926
-0.440898682831922 -0.0867669418114756 -0.268764845661723 -0.194324224276149
-0.405974895585441 -0.197449506053898 -0.169996304420657 0.149123833854944
-0.460176757382058 -0.0553252489675521 -0.0918293892711518 0.00258854441842034
-0.416225773491392 0.140128459200918 -0.12898628524423 0.0426580745541764
-0.223393027666414 0.335365782646496 -0.0266765366380614 0.0426446604750155
0.00321365724147586 0.407006238801895 0.0131044320008616 0.00971779004346157
0.183326448398033 0.347525033505908 0.0100236379853326 -0.0585877591415335
0.264552568186767 0.259745991278991 -0.0544189502907936 -0.0858126517042701
0.313464534487683 0.231536930352619 -0.0737463992606731 -0.0857438203968518
0.310858209002589 0.237607701066042 -0.0595212272256556 -0.0744779915568608
0.322435406684847 0.303717149363815 -0.0231096911193959 -0.0529612691861912
0.241996250213277 0.434195774737491 0.0114870801790358 -0.0177722464155246
0.0296178646544101 0.500254261255231 0.0537395564535053 0.061768295312733
-0.29508081629631 0.473496243597387 -0.0514432731270318 0.105076905359892
-0.540711020084104 0.208218102243205 -0.14682845705487 0.00859362914009669
-0.509155061945524 -0.0477905961537472 -0.112078536820337 -0.162631950904885
-0.439057889138899 -0.175772039589977 0.00562560624073216 0.22302669755643
-0.493598459357164 -0.0148609111695993 0.0370512999552345 0.0128352259106784
-0.436153330866463 0.176428383624731 -0.0743645130970445 0.0364429739397722
-0.240095184828357 0.365300408985899 -0.0436644965643342 0.0676933447005865
-0.00297466594932903 0.439509593561486 0.0197240300102056 0.108756444895255
0.18947967180106 0.375504452546459 0.0742531988350931 0.0564163539354184
0.277843372376472 0.281221457615509 0.0516182274382295 0.0223866595060823
0.32005807660386 0.247976019615281 0.054347970843735 0.00853985760171434
0.316218757577084 0.247903046918186 0.0652171875229991 0.00746898601084596
0.318006079464531 0.307168003432767 0.0780787043616327 0.0181866095703875
0.227404341070935 0.425732654930407 0.0773110009959953 0.0480851803528828
0.0208554692842281 0.467871523813682 0.0822814663657823 0.0866714628070732
-0.255400041828516 0.429972081037328 0.0115445026046249 0.0895563877946763
-0.486734514803274 0.21716711008558 -0.038734040168602 -0.00924270456912071
-0.486434865304618 -0.0101776142509467 0.0568444825283139 -0.133793140268336
-0.398640470212061 -0.116003170084063 0.188668131496142 0.281496804664587
-0.428811468358841 0.0386382733446259 0.171363803686036 0.0281183907161861
-0.354593726663436 0.18439143925116 -3.40940382711911E-05 0.0330758033174225
-0.19369028288629 0.317737106511258 -0.0434631572537163 0.0910700001242808
0.000681776985202563 0.380923577224799 0.0321590869134296 0.195770821819398
0.165383475055541 0.331956411182661 0.133407378725291 0.16750266337872
0.247987358561434 0.250560723342348 0.153770953611438 0.130903961233707
0.279783926178747 0.224537571027273 0.174016162636325 0.101313605765194
0.269812245299416 0.223373856250606 0.174019638607631 0.0873296036176091
0.252756441589235 0.267955461234136 0.156931890200174 0.0819413405045889
0.154871366640008 0.352054809049738 0.121253212999223 0.102353204987841
-0.0191518331977028 0.350622699985316 0.0864426746099419 0.102591125721454
-0.190877422184275 0.295618943667282 0.0527770747649094 0.0644705851734824
-0.359571465131049 0.172989714320471 0.050249790833322 -0.0291779373024171
-0.388199585235958 0.0227446147737567 0.206976258323996 -0.107410588260512
-0.283591835530197 -0.0331717735603777 0.345708503516435 0.304483486790067
-0.270370457576586 0.0777621572508957 0.277798166720589 0.0365838672080511
-0.191014570794556 0.13929475781316 0.0753627866002722 0.0233831976349349
-0.111707139838128 0.194375879483413 -0.0264181674055196 0.0966663718259051
0.000811216291083874 0.24616680456137 0.0472144191575972 0.243540526364772
0.112315025550223 0.225727573974225 0.177430745025559 0.244832394902567
0.175818669470636 0.180063626721676 0.236942944612626 0.214653469643349
0.197144940829728 0.167476223185254 0.267655893216318 0.177474173295829
0.185319335166268 0.168057391551213 0.248341812736158 0.157160718408351
0.151660867967882 0.192814891773455 0.196970637477088 0.13726497646131
0.0597890046838135 0.234465175601837 0.129432996791036 0.14234813806298
-0.056730232692095 0.190882461627905 0.0641653058129382 0.106842779110693
-0.103468650287331 0.129084314086347 0.0708394936043528 0.039214266673998
-0.191712106703381 0.109995380913013 0.109955294985583 -0.0377437777919158
-0.241211207624815 0.0516563443917317 0.314987477772865 -0.0800598047507347
-0.11305171254862 0.0468424737837283 0.44107824047722 0.290606064005688
-0.0630411855594723 0.078408128117209 0.343237944899862 0.0302281062260357
-0.0131804513103236 0.0430893972673739 0.135325857398896 -0.00891587361386379
-0.0404456864434715 0.033627669807284 -0.00897297530573458 0.0744973342973482
-0.015539309671879 0.0793780449160374 0.0543797639602065 0.24541946182003
0.0326162733392349 0.0908239689345361 0.196652889400998 0.27822352689689
0.0733834622751783 0.0860740195036984 0.286558146867183 0.259881308963186
0.0861858835895136 0.0855613477399326 0.319904053438837 0.226678412071167
0.0807157489296598 0.0853986713115777 0.282697515364431 0.206896845878434
0.0446966197852051 0.0905129701384675 0.201149588126428 0.179128115202208
-0.0175561025183851 0.0952880110603014 0.109697811171771 0.162517722236999
-0.0574538049671805 0.0332146080373157 0.0298338420321545 0.0948810609448606
0.0051420953083244 -0.00540553117185218 0.0779881462485298 0.0154581723613852
-0.0171664499492671 0.0707222436113145 0.149853809500346 -0.0318740084827266
-0.0799686256399606 0.0878864139914473 0.374013906767353 -0.0527448827657273
-0.0547473805303054 -0.0971278269374164 -0.442145971398818 0.00229409068374605
-0.125331110777606 -0.0607563918555689 -0.219128403028498 0.0680450043241005
-0.111725493950044 0.0533733448661265 -0.0965689965540235 0.0364909494726914
0.000400059599306761 0.0888783276074838 0.0254430492416092 -0.0387273455883838
0.0384072658352183 0.0536746962804945 -0.0405540791533234 -0.168700173197211
0.0423282055759124 0.0215431634072068 -0.155830212735893 -0.220018168846812
0.0291449950753417 0.00584587946066669 -0.261974521330381 -0.243921353083807
0.0371245007531779 0.0142900708010843 -0.322135615926792 -0.249942846031882
0.0411078825166029 0.0233382866820732 -0.304556215489406 -0.259704152020306
0.0703937733455155 0.0487990113412198 -0.213938515788492 -0.253690928920223
0.0724109267332664 0.0911664636018029 -0.0953095667399429 -0.214552438079819
0.00296761395005421 0.140774162047678 -0.0254948091276591 -0.0743475255991171
-0.15299957872916 0.112990910361317 -0.17039443155874 0.00293337022852735
-0.17710958311021 -0.0517309608128754 -0.320787312663177 -0.0604684460827744
-0.0921372180200162 -0.111166471035005 -0.423460612534333 -0.276604793916924
-0.195405684249079 -0.152138722897475 -0.404186298706338 0.0211457959479648
-0.251278414447778 -0.0740398670226257 -0.223616583632065 0.0303692255176018
-0.225125604669796 0.0782626035476238 -0.132341085172662 0.0519514536481828
-0.0769961806310644 0.179656274993292 0.0208844892525694 -0.00410174839215507
0.0341548129008523 0.186475202626507 -0.00697870766840275 -0.133068900301299
0.105270456841279 0.146055479349585 -0.105999714385551 -0.207119656134873
0.130478741760241 0.108827707500605 -0.219776630610238 -0.231290231554093
0.159026791900452 0.111412177738728 -0.277855607912035 -0.230377887193738
0.15891324068639 0.128532234856173 -0.262375911663412 -0.22417389657243
0.175007777920915 0.178234314717749 -0.184728137655033 -0.203811781805873
0.130438158077705 0.256349376039229 -0.0847591699684702 -0.158784591806056
-0.0125575131732244 0.311665674399133 -0.012636020550191 -0.0215865197367903
-0.26615385936929 0.270314531730564 -0.166456451376682 0.0547187735503887
-0.382866530835791 0.0274577150538067 -0.312867003273482 -0.0297741389157037
-0.295475714320729 -0.126712017872723 -0.378753562281773 -0.248129002195433
-0.317897607912059 -0.198383180642295 -0.317704141650457 0.0699439079240678
-0.369279279314605 -0.0837042689874463 -0.186449049821221 0.00125579031747321
-0.337465340006469 0.0963233728977627 -0.151992287960956 0.0498253098060728
-0.167145648683473 0.261452316663326 -0.00349758078399059 0.022130576642255
0.0127838732362567 0.313259079476956 0.00960799529876352 -0.0730765238742271
0.149385953543305 0.267029145991852 -0.0486883106964261 -0.153794861445456
0.211130711924402 0.204486821201387 -0.148914556961865 -0.178117002624336
0.256965016905778 0.193733326780768 -0.190612085210908 -0.172831655354063
0.25521590586606 0.207979478589503 -0.176207269342464 -0.159269911899083
0.266733894549786 0.272581216522049 -0.118195091119343 -0.133628734360811
0.195209075644802 0.383969850725281 -0.046818789663381 -0.0906085401957452
-0.000847606019994898 0.446629192158048 0.0173968042574576 0.0249519922521409
-0.319191192337234 0.406580552012991 -0.122356655118814 0.0932099877021274
-0.517512716463984 0.123154862806042 -0.250616301492927 -0.00298613821176853
-0.447918613921466 -0.109050725841841 -0.267485617076243 -0.209170649993857
-0.406460260784653 -0.217474017425133 -0.179821654818283 0.143432868350231
-0.465584594555151 -0.0713738716227625 -0.0966011506798906 -0.00522087003031847
-0.426599701206593 0.128599012656553 -0.133749936825045 0.0408842207829381
-0.238346347964971 0.334229520575765 -0.0316400594635395 0.0438412730113694
-0.00820930454832473 0.413294165322691 0.0136629947912509 0.012853552237213
0.177636138020188 0.357272865480426 0.012182033739756 -0.0598172622632803
0.263337668841409 0.27429368345984 -0.054631378697435 -0.0870826073209519
0.314965729033695 0.247488800381026 -0.0736468292001183 -0.0882992584333759
0.311599301810492 0.255197672211824 -0.0597233228538095 -0.0782901782409599
0.320834925887354 0.320986091219712 -0.0227562210169199 -0.056258915915577
0.234950544894686 0.4484617864082 0.0141031321576916 -0.017005259548341
0.0143270246696512 0.510904822705751 0.0550107208064532 0.0616216302616967
-0.317007187464562 0.472586678316175 -0.0553646104774052 0.103041356520954
-0.557702817811338 0.19279090585153 -0.14904521527836 0.00287426867791352
-0.517389497431138 -0.0711028898633063 -0.110751188698395 -0.169039919947172
-0.439662080391688 -0.196033004268974 -0.00400809054911686 0.226066484254337
-0.499326820319767 -0.0317061522387523 0.0335941326168688 0.00949034578344127
-0.447340831271055 0.1637031281039 -0.0770844157533971 0.0350791053437816
-0.257280575911966 0.363833260534594 -0.0505690459311101 0.0686166744252182
-0.015485842527399 0.44673920428937 0.0177327674982705 0.112756448367804
0.181835555714032 0.388779991685538 0.073915710777867 0.0595382816652961
0.277025636231877 0.295044616159144 0.0499234009218425 0.0266179928135475
0.32158407596459 0.262302912910767 0.0546956513074909 0.0122866718535315
0.31656156745134 0.264387056429175 0.0652015389099703 0.0106719728098878
0.316055885130191 0.323350697665334 0.0782724778422763 0.0186302293960413
0.221294075152067 0.439125853355566 0.0783060377254847 0.050858626635794
0.00717451371275384 0.476203521171139 0.0830929596103333 0.0880683395517133
-0.273461478951931 0.427692242949096 0.00838401621188127 0.0883892744532372
-0.502847183324007 0.204318467946158 -0.0380950976396519 -0.0108647240513525
-0.495125790400297 -0.0309304636763919 0.0610411222926835 -0.133105355044692
-0.401349314226114 -0.134361588555041 0.181122681339909 0.294295270906261
-0.435878654223217 0.0230801667775942 0.170509012675593 0.0313112622940006
-0.36479522176943 0.174411841611207 -0.00124296951602798 0.033740237984014
-0.208804582084904 0.317190290334717 -0.0505045886382148 0.0920476424362218
-0.00948639270429995 0.386576186467749 0.0271334101289237 0.200964676935152
0.160364894412286 0.342785919717826 0.130224900111508 0.174907482005855
0.246907680795673 0.263545159010327 0.151898399349243 0.14029038234944
0.28031331203862 0.238229375938297 0.174690418838329 0.11042091491929
0.269923488049203 0.236384995541491 0.174069807119614 0.0950652249598226
0.249621486830404 0.280045204299385 0.156573090547698 0.0871607989577454
0.148455456995151 0.363423183125148 0.121622914193327 0.10719955939456
-0.0302308641109359 0.355931417978018 0.0876647491738329 0.104493580690822
-0.203993514219559 0.293225853764115 0.0513270153481031 0.0640034922671771
-0.371004902554112 0.162172064250849 0.0527278523645916 -0.0282690603048462
-0.394995711068679 0.00518623553778791 0.213007952656602 -0.0994223276820791
-0.285659425331594 -0.044882938569163 0.340953649951525 0.324556926924526
-0.275245228111473 0.0679860749290867 0.279438645861109 0.0451651343333729
-0.198503119942162 0.13324446711867 0.0753678232564836 0.0250281553275261
-0.121084586914331 0.194071239228184 -0.0329160636378412 0.0986640137495502
-0.00627236286956824 0.250222514860075 0.0402529051243156 0.249258571242474
0.107637740208403 0.233038575836752 0.171647813108691 0.256011533773229
0.175031797919993 0.188888755641011 0.23398760686226 0.229221805137478
0.197392840008951 0.176834515880785 0.268796012800593 0.190322416731299
0.185349798282391 0.176614290966924 0.248430976472837 0.168757964712761
0.148365608266996 0.200703961285306 0.194752634184244 0.145087635171854
0.0551484438383419 0.240505080628544 0.128560364552209 0.147217682192561
-0.0638404302896735 0.192082775688888 0.0638241964423736 0.10889560818597
-0.110370366042207 0.125450501232425 0.0708258934272563 0.0390929166007816
-0.197831571041092 0.104261341739058 0.113521575504054 -0.0333259544389526
-0.246066929607149 0.0417829185171968 0.321476104916904 -0.0659556573647638
-0.114278188247706 0.0432590680416418 0.441303274941206 0.313798727134838
-0.0646138142946011 0.0762053759768881 0.347618134534418 0.0428833506936256
-0.0147697783436974 0.0414434518368268 0.137458513977038 -0.00574708593438419
-0.0436201564336718 0.033404464346455 -0.0137071751947719 0.0752915021977826
-0.017544076437719 0.0802423791326037 0.0465392569208927 0.251607848388117
0.0312637319198345 0.0939372108004931 0.190386995875875 0.291267619153272
0.0728889028441819 0.0898260088833429 0.284256367010999 0.276714340869399
0.0862246107661238 0.089412814075689 0.320964955583356 0.24041327713901
0.0798057323530224 0.0889115490719827 0.28235351533453 0.221019117741845
0.0414786712660522 0.0933965229993205 0.197856399970369 0.187113772379588
-0.0201831451484475 0.0972812122901811 0.105825020528023 0.166628474935604
-0.0601373982748276 0.0321697193427357 0.0287227831131331 0.0959120395398023
0.00503841943159328 -0.00784569793540302 0.0790511150418718 0.015337407053368
-0.0181645928683092 0.0699404208122927 0.153962310763991 -0.025969258976535
-0.0817899489507736 0.0853534176269192 0.381033688472253 -0.0367575510928588
-0.0581683201682145 -0.103180845052984 -0.464872646748399 -0.00616249896083412
-0.132325615617674 -0.0626927803072916 -0.230874263617316 0.0670388939416462
-0.116871831693548 0.057607655388873 -0.102204392214276 0.0403585086958475
0.00129356167790429 0.0932559624637674 0.0263546908290097 -0.039889406607011
0.0404805315497504 0.056782391707043 -0.0422398437974029 -0.174036073790436
0.0435729879337795 0.0219665828578142 -0.162053824231132 -0.230819439444457
0.0302662855560355 0.00734397075008957 -0.274899914459834 -0.258615184185902
0.0392088466999916 0.0160565781049123 -0.34082311315534 -0.267166336092441
0.0433006821289516 0.0269511763696441 -0.319999437924062 -0.276196673163116
0.0747870105455684 0.0518182927609157 -0.223318662995021 -0.269666991433268
0.0759811892340223 0.0946655742469176 -0.0977304245400336 -0.226421367054121
0.00245404875455828 0.147192157035552 -0.0248417966954249 -0.0795349397973035
-0.161057682182758 0.118792709689444 -0.178162343945538 0.00347812172154091
-0.187474758344499 -0.054767928100287 -0.334703929778382 -0.0676750168579109
-0.0975549862592517 -0.118815128480758 -0.444044228076466 -0.300683762440546
-0.205091168865883 -0.161934322703574 -0.426241690097243 0.0151409361913065
-0.26372087700492 -0.0787489895397984 -0.236883014565695 0.0270055571486585
-0.235980947994522 0.0824656021202503 -0.140061693246803 0.0562625861213693
-0.0802233690353457 0.188615392336774 0.0204911885093864 -0.00320527101365978
0.0357067265654078 0.195778509623597 -0.00617793157999511 -0.137268829193059
0.110016967499646 0.152686216705811 -0.109526849449997 -0.217932352436908
0.136796985386466 0.115679580053058 -0.230974767048474 -0.243591566818886
0.167838656781928 0.118822348673629 -0.292946093680822 -0.243676286869389
0.168180527191474 0.138710750850557 -0.277376228789215 -0.23835575335456
0.184297576759015 0.189146210240886 -0.193780547783994 -0.217345920833882
0.137049925203498 0.268540845080491 -0.0861787015172446 -0.16743784512714
-0.0141733766925309 0.326700539152828 -0.0113397931826602 -0.0242138109800481
-0.281474414874962 0.282291131162166 -0.175703517919361 0.0564511433986325
-0.404362156609165 0.0266587968102153 -0.327886722056753 -0.0355134920769859
-0.311839996947021 -0.139095471181235 -0.397590339734364 -0.267461839065355
-0.333654320998353 -0.210578982549125 -0.337166532073775 0.0666726070900638
-0.387204076767063 -0.0905212634575047 -0.199477762505352 -0.00419162626211875
-0.353796388801607 0.0995803307125931 -0.160614611752232 0.0543434651942242
-0.176030097998581 0.27385955304002 -0.0061796860477097 0.0252709607621491
0.0128506060358155 0.328256371397863 0.0110219065851564 -0.0734162754730303
0.156605381808818 0.279921983417687 -0.0505908227168388 -0.162024996681685
0.22341325724068 0.216886373199613 -0.156907264794375 -0.186499014059073
0.271127491857169 0.206961881294334 -0.200649051358228 -0.182952255281666
0.270139568897147 0.222740917815529 -0.18647432122412 -0.169882325073629
0.28156907700219 0.289886383954379 -0.124343036890358 -0.144407446620513
0.204492254487813 0.402868092352109 -0.0462294756580191 -0.0948962390526428
-0.00169974580332672 0.469704200971723 0.0209777673541919 0.0238606957276128
-0.337281958145885 0.423974570438224 -0.12921389476792 0.0959952272390469
-0.546945322071327 0.126095110539573 -0.262891653795097 -0.00767364666901385
-0.473013414043852 -0.122544681595028 -0.281865229361127 -0.224151244400843
-0.426368068998001 -0.234068622905556 -0.192932469609555 0.147222795667553
-0.487317053352366 -0.0798466673436207 -0.105959022223614 -0.0113664004813507
-0.448787630078427 0.132195640114621 -0.141097723958622 0.0440137846815319
-0.250991389328384 0.349892804803095 -0.0365344634600542 0.0474403630509716
-0.00966481705295571 0.433930812664151 0.015729008041171 0.0162150244101063
0.186265420017305 0.376321451913966 0.0129490866649025 -0.0631223602967306
0.278548780383638 0.289739676307612 -0.058790472237442 -0.0896096291425109
0.331191630848181 0.262910757962593 -0.0781785240210081 -0.0921535252650665
0.330427514374691 0.271889681395889 -0.0642547033579065 -0.0828707345509914
0.338831185523978 0.340438498952438 -0.0240863476961394 -0.0618938215036418
0.248111343331957 0.470900271642138 0.0165205128574077 -0.0180148118732679
0.0144552239702787 0.536143337624569 0.0601580945619861 0.0620388971583411
-0.336342952179329 0.493540593952404 -0.0588071397851328 0.105796247058692
-0.590261222779473 0.19945696969254 -0.15626918370619 -0.000399622880055196
-0.547323807423138 -0.084620845523542 -0.116936072047525 -0.179081931155568
-0.461248160624512 -0.210424804618498 -0.00777848770212834 0.237031985068881
-0.52456020513466 -0.0404484652022978 0.0311378594226787 0.00577804141344753
-0.472062143239278 0.167829381567973 -0.0814333087672389 0.0370867896281038
-0.272093653553519 0.382358357646551 -0.0565206981687368 0.072872832373308
-0.0185552623929003 0.469589902585626 0.0184430113741324 0.120490719539239
0.191166145107343 0.408225434840567 0.0775000072420273 0.0630639586098406
0.292770896683439 0.312635449837653 0.0504139237415702 0.0316294206716773
0.340449925905247 0.278355375940029 0.0573931819612388 0.0146563882439848
0.333879986391287 0.281467365202493 0.06812578500402 0.0120441651290319
0.332807613511474 0.34209331049934 0.0818265578633292 0.018462694160605
0.23305391089647 0.46200486238543 0.0842933593024962 0.0541028906568753
0.0062449658684661 0.500257171645575 0.0890597492736097 0.0897397558975994
-0.289426849146491 0.447269094857167 0.00767397934643357 0.0899391814964454
-0.531461770891774 0.211935096429679 -0.0390719298926227 -0.013678935155461
-0.52208981806436 -0.0407032315003551 0.0630661289517154 -0.137913069415425
-0.420304428080748 -0.144764151940439 0.187894635094115 0.312327563672903
-0.45623104105809 0.0196317409464707 0.175320320668274 0.0304770665474753
-0.384884146374608 0.178490505501115 -0.00153093519613956 0.0346487910512216
-0.221480048011959 0.332444785784173 -0.0569126971733509 0.09748028094311
-0.0124373706713593 0.407903394209144 0.0279721208962878 0.21243946437755
0.167580517866775 0.360973316321348 0.135944503330003 0.184847154520766
0.260764624863326 0.278376529641562 0.157561983269636 0.152401629496082
0.296536785501485 0.251234961019036 0.184680653966101 0.118301266963752
0.285893302300434 0.251162765066976 0.183654516115662 0.102081191030323
0.264373325682065 0.296400579083904 0.163199902827286 0.0904835197726531
0.158453918771842 0.381661550538269 0.128820978971695 0.112766770299415
-0.0321579549125149 0.373192718704928 0.0926864657029055 0.107450290028271
-0.216658992759513 0.304352902372264 0.0530096091967301 0.0640948506781645
-0.391219805919071 0.167456451312716 0.0568214046262432 -0.0297510891739085
-0.4158665583242 -0.00257397976225897 0.223255009845185 -0.100424323504359
-0.298722952899908 -0.0502142027597292 0.357410146424575 0.347488325119204
-0.287595416957948 0.0676487210683671 0.2909257418693 0.0487343980434449
-0.209333005983214 0.136523016480817 0.0786389584027153 0.0259659203081442
-0.130722576770915 0.20387626808182 -0.0381954510961848 0.104043997761269
-0.00817755678216971 0.262735601449814 0.0406907649534141 0.262385154726906
0.113258916118058 0.246150953823878 0.179815823971352 0.270396641883021
0.185107981736607 0.199626686497414 0.24579167093264 0.245202324649331
0.209894780868627 0.186236793524525 0.283389907600565 0.202789309103887
0.195180251782804 0.187052349063589 0.262428395009617 0.180101741654334
0.155376653838401 0.212170146327113 0.203839981140166 0.152243652587044
0.0582244934820839 0.252833662406858 0.134576377984298 0.153442827805394
-0.067805371489966 0.201342261212691 0.0679355147414877 0.111836712158656
-0.117262820455696 0.128434474972394 0.0732735410852912 0.0381261767036625
-0.207438828475938 0.106422669907646 0.12045980307192 -0.0337727786600668
-0.257727988067282 0.0388207414307096 0.337143331832582 -0.0636697254926047
-0.118947741596313 0.0438507175151439 0.462559602298729 0.338583554142949
-0.0666634888818883 0.0780107154512988 0.364394851383719 0.0483610066488349
-0.0153779855131481 0.0418523707299852 0.144129379758301 -0.00688745420540456
-0.0474449994366332 0.0352632410734721 -0.0174267647200335 0.0799881126066389
-0.0185954226357369 0.0848020876323356 0.0461950324234327 0.264539485866021
0.0332040934235389 0.0992701772900089 0.199362065647896 0.309194207049139
0.0777927223688937 0.0943047056685979 0.299091881407614 0.294458135360246
0.0918287392327436 0.0939331403701222 0.338129626855492 0.256050852162234
0.0839896803535011 0.0929634072927653 0.298327446366676 0.235051975240784
0.0424401098250174 0.0984545352808564 0.20560602113424 0.197190369239954
-0.0212583762217675 0.103081272760279 0.110398267168876 0.172988543176172
-0.0642940489499964 0.0335799153188044 0.0305876845977616 0.0992747912168074
0.00376848417208851 -0.0104285568466095 0.0834133537739475 0.0133617816090607
-0.0177515038901432 0.0717841441323459 0.162324553830792 -0.0244913298779353
-0.0847205124631604 0.0881403818431489 0.39975121718096 -0.0314834848213192
-0.0782268312026077 -0.103416023029334 -0.483417860714046 0.0723839362878366
-0.149195000576154 -0.0469155847339854 -0.226446878182527 0.10513364103159
-0.111763084456288 0.0791079055510433 -0.096934834412965 0.0553548483055267
0.0160945978464884 0.0971954591217558 0.0187624720678066 -0.0499080681908301
0.0538396638955952 0.0527445793847151 -0.0757692363989722 -0.173708249406549
0.0496563184962763 0.0166811818998661 -0.209688094527192 -0.216218912909695
0.0329900995648417 0.00409171888511665 -0.339510658600215 -0.226909287265697
0.0463802050021778 0.0101433303089039 -0.399756398461186 -0.224926115454368
0.0525184821822489 0.0208852119932057 -0.384134724181941 -0.242522381542117
0.0891888778808188 0.0414491075575545 -0.276866817936622 -0.249720480275163
0.0961437875332489 0.0841996213924846 -0.137528853893498 -0.226456483321934
0.0252519554130642 0.152501237906857 -0.0357220609321593 -0.0842158093915697
-0.146247150201005 0.150065468431855 -0.182043849703248 0.034210034636917
-0.200682228239175 -0.0263320081834302 -0.359852846559184 -0.0157056325992735
-0.119486194570855 -0.104985022445656 -0.514986810495306 -0.255272402545225
-0.245551107645306 -0.141270167482309 -0.429104342184507 0.0817874741971926
-0.289983178179818 -0.0447520033178943 -0.235284045538611 0.0610167685154923
-0.233144729308812 0.122918970588729 -0.127876841333399 0.0746772173715279
-0.0558705227274734 0.208439334767473 0.0229014563670354 -0.0144298605556716
0.0692264267963674 0.198224283601742 -0.0320867447133057 -0.149777039278942
0.139603675059168 0.14314299327757 -0.157482125217926 -0.217159407106695
0.161708117406061 0.102330820558006 -0.29180024395134 -0.222551391381977
0.197459926650085 0.0987655056857785 -0.348357138087086 -0.207241410129163
0.201280104491299 0.117475589959618 -0.332124831007448 -0.209020900049818
0.224346466919466 0.167155446091027 -0.236401307186053 -0.201315236281061
0.185856321553687 0.25535685293453 -0.116055345263382 -0.168720097121681
0.0335886156969646 0.340714148823528 -0.0106870065845019 -0.0316742802724
-0.246060392901638 0.339127644785657 -0.167412848375277 0.0891039713040195
-0.414212526101553 0.0909215489279605 -0.347080856186535 0.0220365413691824
-0.344649701341376 -0.0948549472535173 -0.462747589184261 -0.227901418474853
-0.39167617295792 -0.172592697287823 -0.313303311371181 0.118218242152044
-0.42177326449143 -0.0402526243834814 -0.197285300139837 0.019052585739211
-0.355242373936478 0.158405491419715 -0.144514383797925 0.0711900709483458
-0.144375316404768 0.312414062147678 0.00380075378348699 0.0152692409778919
0.0639189080082125 0.340024072219458 -0.00255692702550343 -0.0927420608740948
0.208281715566618 0.268900782417738 -0.0900447033022443 -0.174480747516006
0.267536323895554 0.195176635112098 -0.20419206145149 -0.177902339920004
0.318739815882416 0.174041758637995 -0.243850811934255 -0.158923426668398
0.321557445148015 0.189022421089404 -0.225853610488352 -0.150575800442527
0.340771532533323 0.258059209938603 -0.152018275082385 -0.136240673861128
0.278265708536805 0.383162588968491 -0.0630478109570278 -0.100143589134312
0.0675381226867176 0.486565009449548 0.0320079292655178 0.0111598231878172
-0.2808627040916 0.495243885209649 -0.109937270260984 0.121552397521376
-0.545792086189521 0.216892220914603 -0.271964074327208 0.0448723410041425
-0.508667016782542 -0.054469730049689 -0.336171395601995 -0.195267763515556
-0.496967103012377 -0.178093293546152 -0.138602082618912 0.175259002816154
-0.52756209387521 -0.0143360516906326 -0.0971934653075695 -0.00582389418162851
-0.451696737769848 0.206255321293762 -0.12218092343945 0.0517824586761925
-0.213545604885739 0.402777878272242 -0.0212475850440834 0.0401288398337498
0.0545911468433025 0.453200906800886 0.0181040734311722 -0.00619666948868876
0.252510234224965 0.364634774976665 -0.00857489996881495 -0.0855195083202153
0.337435010099216 0.263142701885417 -0.0834189466893036 -0.0942327027961619
0.391079329226977 0.224226003181851 -0.0994586278930074 -0.0832164110542414
0.391284159844705 0.229267068705856 -0.0826785801728296 -0.0781224817981852
0.406958001816361 0.301798472693449 -0.0340090612606069 -0.0668294637470654
0.333054464139483 0.448984607166053 0.0156763166844872 -0.0301614250735122
0.0940271661019517 0.55452299361853 0.0793049434394369 0.0437081882097125
-0.268148873448983 0.56554152931719 -0.0345953905027833 0.118608278037698
-0.579996250221296 0.297703117799356 -0.156950419034255 0.036508696201247
-0.580221639179427 -0.00529215126818684 -0.155366244792695 -0.170573494284789
-0.531879682227674 -0.148064603061125 0.0740727629951337 0.237049933368
-0.560572228009361 0.0332263277648778 0.0497161576806406 -0.0136418581801744
-0.47133144269407 0.246093034884819 -0.0608842946182774 0.0305879022562971
-0.233237307279771 0.439378086655712 -0.037094481734015 0.0695830815500508
0.0487094102955693 0.492336038341883 0.0392845395437206 0.100528271064888
0.262431143427408 0.397405830291482 0.0794737649473729 0.0348176549779241
0.354101368362042 0.283544692360929 0.0558590542996236 0.014859946090374
0.401669959026221 0.2403512783591 0.0596716760845801 0.00621661149442603
0.39630313607271 0.2401294621595 0.0725781098197556 -0.000118176252838948
0.400347750432006 0.304320234412418 0.0902638877452017 0.000636396520964347
0.316529192588392 0.440738292882803 0.098544488131825 0.0347177362056798
0.0803376687799431 0.519092869124676 0.114509882247246 0.0689557115467787
-0.22834068019233 0.509866805949417 0.032068889915458 0.0903665179332469
-0.517304280403224 0.30155417562527 -0.036421453049378 0.00311409379707241
-0.547903184912984 0.0337665914088255 0.0418219528147491 -0.152078850706581
-0.476654787563994 -0.08406335271209 0.288573563425762 0.283228231045356
-0.480925073955764 0.0856116946082084 0.203215539536425 -0.0106820713047325
-0.379625358145759 0.244480967036206 0.0184893658901098 0.0155023914334956
-0.187668189285179 0.380451423159948 -0.0351489634391419 0.0978208531521793
0.0435409843603555 0.426676248206825 0.0647862280078072 0.197800215400321
0.230521135511714 0.352651615189757 0.163329785469465 0.155804536876931
0.31569529942458 0.254472602830201 0.192812196106154 0.125863851874523
0.351861429487851 0.219305563568158 0.210038116274985 0.0946175310344001
0.339165324566921 0.217351664767344 0.210001911119874 0.0772029736240686
0.321008451267886 0.267198806377624 0.187062052354499 0.0641084494478331
0.22542269294417 0.369637558286679 0.154271792477881 0.0912198692615373
0.0211284439779753 0.391589272394327 0.120649092334564 0.0909821608010179
-0.176119571149354 0.348723048856039 0.071808302588704 0.0556458511507931
-0.378636089842287 0.232952091727326 0.0598277003448004 -0.0317123975012654
-0.432198070271543 0.0577137076903259 0.217876904958459 -0.135287094260888
-0.331593710713406 -0.00277614425191251 0.460482432761415 0.294782043397078
-0.295675862536988 0.11385166893262 0.322238659642545 -0.0070937523361981
-0.201282797055096 0.174716214434062 0.0940493286805551 -0.000344982089103829
-0.110114875600339 0.232742684400552 -0.0180390468461222 0.106873500542776
0.0261126030319953 0.275325914683691 0.0867267872257531 0.255045533074397
0.155364452232863 0.24012650636354 0.227622841452208 0.245118274603273
0.224289367120546 0.182777106894089 0.304350002515745 0.212623659427937
0.248068591386873 0.164414999632402 0.328589636905006 0.167185395848322
0.233309326567659 0.164779600896641 0.306377146473638 0.14707912066197
0.193013068459967 0.197211061025197 0.239007227337041 0.124323146312925
0.100055893116686 0.252910711391868 0.16706183446476 0.134393967700753
-0.0419120031738879 0.218251128943421 0.0940326567154144 0.10268918956627
-0.102722779920326 0.149586263722437 0.0851268961922695 0.0249213988424843
-0.198403595102083 0.140403813459751 0.124364826034877 -0.0494996553589917
-0.261549700012051 0.0761115585346307 0.345111837949629 -0.113330160941154
-0.123218424860263 0.0679939766396136 0.557139538408976 0.273081135452437
-0.0601376785115236 0.0934428814562726 0.392507321485186 -0.0131643684083155
-0.0115395167807702 0.0458367379135265 0.149001190413126 -0.0356515815527917
-0.0465331830259482 0.0440282131110846 -0.00380441428544026 0.0851949169999585
-0.0114122896047363 0.09121432393788 0.0932241560664354 0.264575954114687
0.0483721598771475 0.0986058531615307 0.259826994513341 0.289059280834573
0.0955171903302277 0.0873797770674148 0.371293399752195 0.259223364938607
0.109496676071075 0.0849681518311097 0.396163704315664 0.214472173215925
0.101087237955475 0.0850137611565538 0.353920806899167 0.199193762925368
0.0560770396063822 0.0974425128503214 0.247218444134314 0.173034893990278
-0.00692148240071695 0.110982888862798 0.143309337681408 0.161077926252532
-0.0630007065598752 0.0439286558767618 0.050070739776823 0.0981062427819809
0.000216652800684909 -0.0137573901642628 0.0880231117140239 -0.0026329753349571
-0.00782420033382712 0.0749992423663666 0.169315149045396 -0.0498927577801091
-0.0734915072977987 0.100769764528543 0.416186157609253 -0.088119457252005
-0.090213395474854 -0.0983463651963098 -0.491803574551552 0.110851551826784
-0.156150787765318 -0.0326414973843161 -0.222423346874412 0.122611946452729
-0.106242002755932 0.0917018404953721 -0.0933404522655219 0.067031972154286
0.0262946847628846 0.0963072660161446 0.014144260184845 -0.0513748742629639
0.0607095624658149 0.0485706431815432 -0.0910240724212081 -0.16774596307371
0.0511179830914781 0.0128998855705231 -0.232543037159265 -0.201929713314289
0.0336286459756926 0.00199332868765732 -0.366441881989529 -0.202494078791929
0.0483081128602745 0.00773896533707889 -0.430353982331055 -0.194425719911474
0.0570772391117548 0.018831056234681 -0.415170755451194 -0.214943350712453
0.0953421492813589 0.0338740174604287 -0.304712450094587 -0.233043997813988
0.104651103846436 0.0753309939934787 -0.159998150809157 -0.220145317918616
0.0394991269074453 0.152149642462785 -0.0427171654660973 -0.0841052659050263
-0.134710594742731 0.166925596477285 -0.18130596448971 0.0509838493880503
-0.208085346261487 -0.0078569463515489 -0.367490739006901 0.0129335669116539
-0.13310739156864 -0.0981890045586186 -0.548992533033566 -0.221333780959107
-0.264390414862563 -0.12308948976091 -0.4328446165631 0.116998740299859
-0.299000619177292 -0.0194914009115897 -0.237688237471463 0.0777365973876503
-0.22573033973115 0.145818495969236 -0.123135705576771 0.0900337659817009
-0.037648957068647 0.216857246981526 0.02097765868009 -0.0152003060530301
0.0892472173773697 0.195031741092561 -0.0440229842080652 -0.146243493559141
0.154263136363144 0.132911020986196 -0.179484373701121 -0.207073494968389
0.174078027624204 0.0899979586428142 -0.318070540941986 -0.200376120553001
0.211350085992272 0.0841835365884031 -0.375984810925456 -0.18167432106197
0.218379623204474 0.103436384609823 -0.360468611860169 -0.184202584845449
0.245648348146305 0.150991643831485 -0.260128022824625 -0.186713930485473
0.211917928003492 0.24177111090449 -0.131042457788441 -0.162845984566661
0.0636281437513923 0.343234875768188 -0.012476376625052 -0.0338602705522148
-0.221384432161506 0.366825717380099 -0.162441087330685 0.105540630668212
-0.414261621417907 0.129705947132517 -0.350950435413339 0.0492240576044087
-0.362641046688309 -0.0694819116486047 -0.49479783436563 -0.194068463638177
-0.416149351615455 -0.142627059563347 -0.312784014841913 0.144308376149748
-0.433254555910016 -0.00523557869114113 -0.204838215386037 0.0324229707576697
-0.346941895860444 0.191484203540459 -0.141077564951459 0.0875645715771945
-0.118485276607186 0.330121613974328 0.0037360377906402 0.0171242095599861
0.0965267991669547 0.340143883413884 -0.00857423107128568 -0.0917604496825599
0.236503424315199 0.254431997113114 -0.106381290466672 -0.170020197961941
0.291942833552175 0.175291689502415 -0.224570169600515 -0.161256660148033
0.343406383866001 0.149723169553297 -0.263915826528268 -0.139566951851722
0.348052815200043 0.165976950542849 -0.246268467480612 -0.134326518517044
0.371263929663358 0.232982576601753 -0.167954664401804 -0.128423851073903
0.319043409258447 0.36535953322306 -0.0710514916936558 -0.0982588679165457
0.1107330949595 0.489547746556893 0.0345988746395592 0.00514335701063221
-0.244146257256865 0.529442095259752 -0.10190676555291 0.13265755574999
-0.538779812513004 0.267797403256076 -0.273381167794908 0.0674655978002606
-0.527405449619355 -0.0157870484993165 -0.362973178646979 -0.171670801018763
-0.522644080560991 -0.139684057762577 -0.129178397524907 0.189009759936936
-0.53858026343604 0.0300115108854997 -0.106560519657174 -0.00141135846741758
-0.442433776364078 0.247368769381146 -0.119668468882421 0.0648808834160809
-0.182909020568413 0.43002016397111 -0.0198764000236093 0.0451226989046038
0.0976931254531947 0.457109240370498 0.0199761473199323 -0.00573343798268579
0.290934535658756 0.347942913651838 -0.0162257602296975 -0.0864467530001575
0.368999402476691 0.237446732124963 -0.0928187738749912 -0.0855176482208608
0.422272293453949 0.194471076016616 -0.110388920308354 -0.0751575316626578
0.423373228581624 0.201924713129882 -0.0928769864657897 -0.072605827201582
0.444613076059721 0.272292176575615 -0.0415827623326947 -0.0675871509857023
0.381901273579679 0.426962118828572 0.0160701814294066 -0.033278762067079
0.145099271391549 0.556655016524451 0.0854234118962884 0.0336687993913833
-0.225376948709819 0.600308043109814 -0.0261962122278041 0.122390457232693
-0.56628417603936 0.355750192762162 -0.157246043661712 0.0490217082684965
-0.595381350968589 0.0409835053848097 -0.176778346044614 -0.159566924124871
-0.555186651793516 -0.106557126494249 0.0942209836559783 0.235384651542746
-0.56770837667545 0.0812411212245775 0.0427928263421655 -0.020586261094194
-0.461087474811609 0.290739544283457 -0.0598683009041195 0.0373540352086867
-0.199162150914367 0.469326806947593 -0.0338803972309101 0.0759366512640056
0.0936677850218191 0.497498041784817 0.0506963925834992 0.100997122983868
0.304947437454359 0.382543492986843 0.0845981560361116 0.028569310451395
0.38933484598301 0.258583248703039 0.0588169655472521 0.0133392303897547
0.434886027873044 0.208341229393639 0.0616347837122528 0.00260757238622814
0.430525724149168 0.209005054890466 0.0739227163627595 -0.00603425464753609
0.439317152646717 0.27499160517991 0.0905876083206332 -0.010287934819221
0.365072907125339 0.420392854611606 0.10647978287491 0.0253115468468875
0.128403445357345 0.52119251026151 0.123459729464968 0.0565637559115164
-0.189540778272095 0.537186871972445 0.0385591195844875 0.0872516268154805
-0.50130626411816 0.352190187204606 -0.0375958529144935 0.00440658962790132
-0.559781390511444 0.0788706562352117 0.0276552217901312 -0.156561153745593
-0.493655880428995 -0.0468826980223133 0.318407166336102 0.265916025565353
-0.482758801511496 0.126430387013253 0.200512583065904 -0.0288771245066112
-0.366593884455926 0.280012605076673 0.0192950924801772 0.0141771807322588
-0.15983382254081 0.405076655085479 -0.0296974131277225 0.104599358988254
0.08245547089003 0.431585520982548 0.083737005231991 0.196809150382482
0.267063684842684 0.337878394446099 0.180417451415462 0.144686286726691
0.346732193544141 0.230930491869998 0.209800974409701 0.114370647367674
0.382080982061558 0.192386586209398 0.224537983375726 0.0785314606478124
0.368271489164408 0.19056103047796 0.221842561351169 0.0597875428826014
0.352359629382126 0.243663359679653 0.195882638444074 0.047458592424606
0.264846632538436 0.355146654602679 0.167146913412598 0.0770252349008713
0.0557867121533499 0.396753746864199 0.131117651865293 0.0786004451623251
-0.151292057662289 0.367918589540923 0.0759168240684285 0.0480809398283701
-0.366044443203332 0.270316903097092 0.0577068647917542 -0.0385576535171998
-0.437088585616763 0.0924550692640981 0.209600865047348 -0.152538997465333
-0.337927749887182 0.0235134744475834 0.497343663758216 0.264484686061123
-0.291028787069109 0.139080946054837 0.325283430709888 -0.0342152026478868
-0.190450563709831 0.192433819247491 0.0943496697557541 -0.00920327671486246
-0.0934539678463686 0.246833325955355 -0.0117145525731931 0.11216645999173
0.0508490758614242 0.279688851690599 0.110379241078073 0.252947478837001
0.18101442331386 0.231001826661962 0.254368555268867 0.231409761853868
0.246578901210225 0.165418844252082 0.331399445645463 0.192026768345475
0.270681425709743 0.144947718303218 0.352301426016805 0.142910249579482
0.254329924475889 0.146706424230008 0.327471740359878 0.122291119029123
0.21484703292431 0.184291606405864 0.253352825257087 0.104286514098271
0.127086944947634 0.249003580600522 0.182281893877863 0.120262580854812
-0.0240316569206326 0.226432790611616 0.104849545029671 0.0943495710098008
-0.0931797232906694 0.159213052309859 0.0861591647459338 0.015267365109071
-0.188766899305456 0.158717064170475 0.122873722578448 -0.0611552496194942
-0.259720122136492 0.0966284168630548 0.34269173781659 -0.140575570552099
-0.118169759151168 0.077968823177622 0.597115936606924 0.233629702844984
-0.0524686660836897 0.0981999558786284 0.398201312163356 -0.0445055290708066
-0.00865322242727334 0.0461942158627657 0.146999075025703 -0.0495979943837355
-0.0443883887899398 0.0502680721404092 0.00139388116420588 0.088224018965197
-0.00366214716349364 0.094467773263943 0.118169547376165 0.26267345512718
0.0594400604927067 0.096327928320507 0.29147533720823 0.274241430643582
0.106689753825126 0.0802718334663214 0.404680114557721 0.232954412160232
0.120938042024197 0.0760870218139972 0.42549849500242 0.184224068501191
0.110035768379638 0.0776667873102065 0.381382114363641 0.171759741949922
0.0658319451674758 0.0956251533962374 0.266192394098314 0.153335310358229
0.0044288153143279 0.114457255118662 0.159529040093496 0.14939501724917
-0.0611574061983754 0.0513157070200461 0.0601485367922809 0.0937360771612502
-0.00276463334807656 -0.0166155810153102 0.0874834911854908 -0.0137110409516162
3.96813972136992E-05 0.0749007577713391 0.168205133826259 -0.0641124900624909
-0.0646466646079779 0.106623492239932 0.417485991602908 -0.120500173843854
-0.0966094671811259 -0.0865512653129877 -0.470147247818757 0.1428121277789
-0.153863579841533 -0.0168139397329641 -0.209007857521594 0.132711281951019
-0.0942254543190612 0.0979171208129647 -0.0838254375801839 0.0746650214182421
0.0341474914628473 0.0902351750959927 0.0087901777353225 -0.0488817241664425
0.0631103142269349 0.0415271997843291 -0.10011414934749 -0.15169455540169
0.0493563502221164 0.00843084525239492 -0.240558432328927 -0.175576648113055
0.0325689767672512 0.000249631744380488 -0.372529806832488 -0.166767214050159
0.0480930847438293 0.00455694018590229 -0.436115058528603 -0.154678930533099
0.0585113982491475 0.0150695641976425 -0.423409048099915 -0.174996074566487
0.095696854662642 0.0247133316388809 -0.315249511797896 -0.203677699728403
0.106369687065532 0.0631906538261268 -0.171574909957052 -0.201845207773416
0.0501830528882431 0.142687271975819 -0.0470730753882709 -0.0801320356706117
-0.115937899334968 0.173226449032308 -0.1707480474879 0.0641863965453571
-0.202168973172464 0.0103704115827971 -0.353413072724466 0.0377270075430685
-0.139002403685541 -0.0849102998683626 -0.55356991581408 -0.175070874621679
-0.266831025588985 -0.0979968568629256 -0.415511058746045 0.144081188425502
-0.29081741494048 0.00644957112582043 -0.228671161180946 0.0909285508198904
-0.205988385235954 0.158992025389993 -0.110862314515722 0.0990257196348453
-0.0171702393356909 0.211000382489501 0.0189537160100714 -0.0148824900724149
0.103651354758707 0.18032774472113 -0.0523989999172678 -0.135748955665924
0.159594291447823 0.115820060706409 -0.190500504132387 -0.186395581369282
0.176623377632659 0.073612767981754 -0.32537149840204 -0.167707006596988
0.212979827203239 0.0657142429003062 -0.381136248091409 -0.14505929117695
0.222762217979408 0.0844105576167946 -0.367216253882288 -0.149524434433902
0.252062090073093 0.127297616306405 -0.267994388921215 -0.162471034033678
0.224528152191674 0.216191684487675 -0.138627066625588 -0.14876079109424
0.0883398932859643 0.326156633499328 -0.013497754401293 -0.0348586089302167
-0.182504407644261 0.373330112559799 -0.148747354581294 0.114574921741006
-0.392077796590797 0.160727709196695 -0.336127835206861 0.0728755098992105
-0.361272248387644 -0.0419130933688219 -0.498358371993132 -0.151641734601837
-0.41558975126059 -0.103755532416139 -0.295916163524489 0.162627916240798
-0.420179439215996 0.0299543064907338 -0.20235350482589 0.0447840853540535
-0.320845189059649 0.212339219088047 -0.129139792109476 0.0974125838820603
-0.0878730327021067 0.329010442412792 0.0040401347560773 0.0185825952303042
0.122887239367373 0.320875787927281 -0.0130134965449338 -0.0864909841088497
0.250121392681715 0.226597812505899 -0.11708931916704 -0.15598906953326
0.298686911156189 0.145761599693457 -0.230558147642633 -0.136076046984562
0.347429898118994 0.118695021392749 -0.26894888677142 -0.113962038596463
0.354860340898414 0.133155402639846 -0.252395689056346 -0.109968948339275
0.38363351844673 0.19615478952638 -0.175150016722719 -0.113030630429562
0.33770940278247 0.32786611754009 -0.0744537582431587 -0.0912202528695217
0.146745616225221 0.465122234459669 0.034569720804467 -0.00189627586879776
-0.193239062024972 0.531401437069635 -0.0889233971244602 0.134929383972922
-0.501046277851992 0.30377230911379 -0.260491581477337 0.0849569602115491
-0.516628144120855 0.0226574286941682 -0.36890262366526 -0.138352736899716
-0.51876903260396 -0.0940174536585808 -0.11421090363235 0.19290313489726
-0.520035718143921 0.0716642679347907 -0.1108484350334 0.0051640748630108
-0.409090906278886 0.273471107512455 -0.11114536458411 0.073877823226361
-0.141836563256267 0.431545899146033 -0.0173203789290179 0.0471167812449462
0.132611606886304 0.435046768643758 0.0215777973617479 -0.00588692882765532
0.312036879435163 0.312388562651417 -0.022731245245866 -0.0835052216213711
0.379250780556398 0.199932371401267 -0.0965863230123427 -0.0731317282550036
0.427858466357158 0.152835580099094 -0.11367292727802 -0.062992867168044
0.431500776782498 0.160685733922591 -0.0973426998301693 -0.0626437828467741
0.457116962670202 0.226931768431236 -0.0477293903750435 -0.0646510403517978
0.407774198893844 0.380565549213471 0.0154802148596578 -0.0357592452428053
0.18583906958145 0.52736107932647 0.0866152182514312 0.021363544393332
-0.17041739122398 0.5985928365241 -0.0171914309407827 0.11862216149677
-0.519988701030869 0.390511399205105 -0.149988838717452 0.0578341008624591
-0.579948823729022 0.083050163257029 -0.186667870448867 -0.139014185900133
-0.547111399913075 -0.0611189533459326 0.108186875088137 0.22116225026897
-0.544393348641349 0.121841105305628 0.0327868440744798 -0.024718492633812
-0.42384043689899 0.316169258098582 -0.0558076523022696 0.0417322916622115
-0.157075321320212 0.470813568451421 -0.0297063400286828 0.0783318262586671
0.133717003916854 0.47468194251547 0.0581261679208589 0.0936029511058092
0.328782148047721 0.344565172196446 0.0847605801128483 0.0201576658598873
0.399880543514024 0.217244475387062 0.0591912698249091 0.0106986287986058
0.441815724785724 0.166238852389341 0.0605199613498796 -0.00155749979301316
0.43768650442068 0.167117896555098 0.0708818318745135 -0.0122704852944727
0.451732238041363 0.230069144683527 0.0855326807722583 -0.0187462405416677
0.390667400939824 0.377102222758779 0.107617713973448 0.0131544991429348
0.166480267387814 0.495357037441329 0.124979763926853 0.0417703527933537
-0.141382583662809 0.535452533291249 0.0417870366589742 0.0788853763141855
-0.455941186254902 0.383000988915991 -0.0372148974772756 0.00564882885167469
-0.541023839479509 0.115654862243719 0.0130379366904507 -0.150249322437757
-0.481727723320447 -0.00900174263635734 0.329825586351334 0.233527187336797
-0.45587060876412 0.159129771454407 0.185921696695723 -0.0444067493753041
-0.333779908404413 0.297460066751806 0.018499726331144 0.0127501553417394
-0.124204996618854 0.406067808706857 -0.0230094706762867 0.105922949043256
0.114913789651669 0.412609454202617 0.0977361839999004 0.184439501462034
0.288689032950528 0.304810388675632 0.187269094641688 0.125598965047454
0.358446565317715 0.194831076163748 0.214068087980258 0.0952644032536229
0.388439905118099 0.154070679851393 0.225760654378916 0.0586163116336917
0.374426193404109 0.154763302980497 0.22091213609115 0.0394887517117418
0.36359558789225 0.208027136304441 0.191297866243232 0.0282447250944868
0.288638118534685 0.321069658040584 0.170523338438309 0.0584704585881132
0.0860857814247869 0.379967697309094 0.134047136174156 0.0620821739835822
-0.117841950423794 0.368148297379484 0.0743997525020216 0.0375936247022566
-0.332365270939394 0.290045363326543 0.052272051290912 -0.0419581175909143
-0.417852492768897 0.120950785563897 0.19118514749709 -0.161005432548316
-0.32521768192717 0.0472214641673728 0.506278481503225 0.220067992321684
-0.270576510384458 0.154209052356188 0.308740478568934 -0.0568361412561052
-0.170890942307783 0.199087698181274 0.0890727313579971 -0.0160831343529072
-0.0727837699715799 0.247905521103632 -0.00445966582374996 0.111198218424308
0.0718281149893142 0.268067457293605 0.126699225932284 0.236867048054215
0.195783499748879 0.208817160828131 0.266434007910347 0.203444062444535
0.255198580059714 0.13945957723192 0.339461083804365 0.16048328901595
0.276146421441695 0.117294794867159 0.356211995786357 0.109551106540603
0.259509490256098 0.12048463147601 0.329642612126756 0.0909028955362074
0.224490622972298 0.161668449867782 0.252002488076727 0.0789996729398193
0.145238647244865 0.229006770000591 0.186619428194496 0.099445673351353
-0.00505877089368376 0.221325121442497 0.109723490494702 0.0805593603946328
-0.079971521229089 0.159125917657533 0.082045422459933 0.00563279391135058
-0.169277648705391 0.168129303487388 0.113786851919162 -0.0678781103325326
-0.243917401137452 0.110090331671225 0.321672667432956 -0.158233318096605
-0.107494657654067 0.0824488898037095 0.601412625466176 0.181172625652986
-0.0418534498256353 0.0966278767726904 0.381825065333745 -0.0728661829367618
-0.00502099768319976 0.0430054502930935 0.136546886213315 -0.0591575523370148
-0.0392587287595965 0.0533919118209612 0.00554838525749063 0.0868988220057098
0.00420613540781829 0.0919364093237247 0.133559573166222 0.2466351292095
0.0674697313217466 0.0878943959755084 0.306992530441583 0.243616763809236
0.111200929979177 0.067701821490572 0.413335779438788 0.195469911081075
0.124333310330043 0.0624739430176405 0.430974155083932 0.144521305399996
0.113267422359334 0.065684475989074 0.385745118905748 0.134210112159438
0.071471182770534 0.0879878745993538 0.268463199042805 0.126684326160635
0.0150299967211379 0.110461528693039 0.165955765656314 0.12954152150985
-0.0553247028115882 0.0556914746199908 0.0661003226484614 0.0842989078676582
-0.00632743620027061 -0.017873309390329 0.0813258927988259 -0.0222901643983174
0.00640250783542261 0.0708947328468194 0.158203424150018 -0.0746278052634886
-0.052589929587466 0.106066585831266 0.397709502023783 -0.144824056783836
-0.0953255326319377 -0.0768902743246901 -0.443428871991389 0.15107967759437
-0.145277074110596 -0.00755944956905923 -0.195999486091608 0.130060622176528
-0.0840637780760472 0.0970399279107183 -0.0752798911230222 0.0753459579653965
0.0370505910829809 0.0825733661457409 0.00593790590005756 -0.045345397989392
0.0625343395030533 0.0358667255735016 -0.0984508708693972 -0.136335637228165
0.0460212387710656 0.0068487734170023 -0.235141523942083 -0.155036275022451
0.0304326863535723 0.000329869385072498 -0.360586865528077 -0.141095726582264
0.0456619942896161 0.00346457687455906 -0.420680442231088 -0.127025193315588
0.058250408325897 0.0121177274027939 -0.409517237494302 -0.147609989300765
0.0921548993423775 0.0190413409948663 -0.307564156979603 -0.181864858344056
0.101546043467914 0.0541988685437306 -0.170880148653516 -0.185194866680257
0.0532427785778593 0.132164852317518 -0.0468614323496592 -0.0761680138964226
-0.100396105964651 0.169545561966 -0.156548144379367 0.0669291252337363
-0.190614478714775 0.0189042526004972 -0.331722779914694 0.047173814811463
-0.136664643275597 -0.0751162175549624 -0.53478885877839 -0.145556770053488
-0.25646588218304 -0.0804009185993919 -0.391040940945002 0.150514244264827
-0.273829788112091 0.019490962128001 -0.217416329792139 0.0920992662309736
-0.187295958433064 0.158426767387656 -0.0998166808711047 0.0986641715170206
-0.00709790395998534 0.199103979423313 0.0165173275789575 -0.0126317610961763
0.10701547656712 0.164681877443493 -0.0522787035284915 -0.123853670554049
0.155275946202856 0.102607677869027 -0.187008166810476 -0.167753689894154
0.170117630472729 0.0628463252016428 -0.314988513449978 -0.143783948389515
0.205808747097026 0.0535160356769734 -0.369625657586247 -0.120859837107147
0.217397360358149 0.0713855227833352 -0.355566586186188 -0.126162246201453
0.244850922587532 0.109417059292173 -0.261327926455908 -0.145377319410067
0.220278528991344 0.193824049937713 -0.136181143433556 -0.137304444509024
0.0964011131153329 0.30351546740599 -0.0133341763598667 -0.0351049855221701
-0.157089806870032 0.360022071110416 -0.135239709464347 0.113667309897369
-0.364336040443128 0.167445624281755 -0.314155995550807 0.079919676350189
-0.346513165229316 -0.0266182234418657 -0.481466273613806 -0.124212801000865
-0.397385056155484 -0.0810782149276768 -0.276662485963096 0.164039145489487
-0.396342532555178 0.0459447295030269 -0.195487069072198 0.0492385246195075
-0.294061611831548 0.213672365644127 -0.117192953822366 0.0987013019593782
-0.068754841456772 0.313429547723043 0.00359931918641125 0.0192104951825005
0.13080774812062 0.295966554565923 -0.0133986619650605 -0.0799304378951597
0.24536157711738 0.202510569350123 -0.116652253115475 -0.142902366053452
0.288394231535974 0.125065973072492 -0.223426808291051 -0.117543250319244
0.335651762076211 0.0973104882944232 -0.261822066650459 -0.0951526263104358
0.344398595048641 0.111763923930793 -0.24530336666127 -0.0930136150034388
0.373984008386823 0.169681043710766 -0.171812854043659 -0.102425102511285
0.335456910783145 0.29461493105052 -0.0720872000596552 -0.0856969884307828
0.156352393877069 0.432743167673779 0.033340937972673 -0.006217555575153
-0.162168355364098 0.51118294278414 -0.0793104541715898 0.129887285549214
-0.462245215785055 0.308245557089584 -0.243657231598804 0.0884737473579765
-0.491655892835412 0.039181180158447 -0.358868023103561 -0.114415162622571
-0.495875976210308 -0.0686028235447434 -0.102428245548613 0.186335871384169
-0.48743868017214 0.08799276706548 -0.112118700285493 0.00828498588463514
-0.375794562195296 0.273578684660838 -0.102554993801327 0.0757278798964592
-0.117115812544774 0.41275598412579 -0.0158098991316499 0.0478969265812098
0.146764569910097 0.405030920626814 0.022252655053255 -0.00621379014172149
0.308748383792776 0.280325647703094 -0.024835434234988 -0.0786680440435673
0.36885194145659 0.171190158243279 -0.0938159761166911 -0.0635383103593315
0.414518946563366 0.125818465739663 -0.110907783234114 -0.0538696240024111
0.418943946766786 0.134204639359723 -0.0961181251713367 -0.0545519173370637
0.445489710258727 0.196246224162776 -0.0499205447906257 -0.0615303766509551
0.402277054907654 0.340914485842319 0.0155220312796658 -0.0369181865399104
0.197023364434919 0.490389533451437 0.0824399764102769 0.0127850757717162
-0.137648396847174 0.572132403266263 -0.013469174109717 0.110891096362038
-0.476542403717049 0.389629324933045 -0.140298567011966 0.0596598307135592
-0.548351363249304 0.097960625390032 -0.185216955957727 -0.121439858864696
-0.520088446541272 -0.0379885975505108 0.109421450288595 0.204940197292247
-0.509554212962161 0.134656431699445 0.0228716512956078 -0.0244629448763015
-0.390746249118352 0.312272218925936 -0.0514755625112336 0.042169754911974
-0.129774616028829 0.451924889191563 -0.027004403917017 0.0774627878896819
0.146294383720068 0.442691009245502 0.0603366082157501 0.0867875739556455
0.326628136243503 0.310492469782147 0.0813003508720737 0.0146039536399442
0.390093342102371 0.18798456547038 0.0580193423063339 0.00897812324196079
0.42855026026505 0.13681079367593 0.057843984865074 -0.00378102322552465
0.425058863187849 0.139520234149391 0.0662265276511507 -0.0143288018220069
0.439487376316407 0.198715697074796 0.0781601142717778 -0.0235861207646814
0.388232129734151 0.335618329472295 0.103958777240331 0.00519730942449102
0.177826198082376 0.459934552895341 0.119933231487753 0.0302017621593961
-0.113089392421566 0.511795319316582 0.0399420646414852 0.0708392481506541
-0.414867122138942 0.379982912207246 -0.036139352108204 0.00667883070494839
-0.510317774484195 0.127172774318169 0.00484707294590615 -0.139578030615082
-0.454571170649628 0.00996630599653453 0.321483766254959 0.208445542845313
-0.42646080427854 0.165535443362241 0.16973953904726 -0.0474860248231853
-0.305795831277725 0.291297419384409 0.0169459087046014 0.0118769384676015
-0.101552512313998 0.389796460399743 -0.0202322103031157 0.10311548318425
0.126877647931381 0.386803879534228 0.0994653218712754 0.170808900143198
0.286429749406406 0.275753057475006 0.183476890218841 0.110078664824421
0.347852716030093 0.16843819436658 0.208494944077484 0.0826753250832613
0.376720144375712 0.127967267816569 0.218584821332087 0.0466147925566619
0.36341771762713 0.129650613826575 0.211567991577902 0.0274004876697838
0.355180525848521 0.180589353763953 0.18040491449077 0.0171625890093066
0.28950875402797 0.289693722518154 0.164386457674109 0.0449312330487036
0.0973986420473361 0.354987266549037 0.129272115774695 0.0505733219774267
-0.0987064236918733 0.350777144220446 0.0680883277568058 0.0312746348561841
-0.301281106220639 0.287207587700147 0.0464080414564931 -0.0415956049732253
-0.392500821331915 0.126359520570602 0.1744677863023 -0.155933734948792
-0.304854169624554 0.05539410535672 0.49019676782136 0.188082040300588
-0.248988330474697 0.153706229458131 0.287447425400239 -0.0639210462041365
-0.154894927213582 0.192000552763205 0.0822379334719283 -0.0188417300528265
-0.0596316913189174 0.238344411488572 -0.00186678164698396 0.107217685838047
0.0801061113893351 0.250734470739944 0.128229245836284 0.218796457547988
0.195421585413799 0.188114153957102 0.261583157785625 0.181047761981142
0.248803337413683 0.120482927179619 0.330600776564305 0.138243864057996
0.268583618335318 0.0977755276937405 0.344633168300437 0.0888684702359337
0.252261107225521 0.103448405985531 0.316884672772367 0.0705132904883931
0.220177040328886 0.143734205587212 0.240476499566376 0.0638724501893944
0.148426737687143 0.209347417576836 0.180699731465301 0.0834827305444695
0.00410102560350686 0.210160192043682 0.107063381033487 0.0687269489388285
-0.071645427242112 0.152321892608315 0.0746786867422303 0.000120462805301652
-0.152917557374416 0.164165116040935 0.104552071281237 -0.0683056351055564
-0.227176952030474 0.111159840312359 0.299273092186359 -0.159315753806147
-0.0970205337374641 0.0799388439719993 0.579300178448858 0.150040979817706
-0.0357957056464597 0.0906466679462212 0.358948502350903 -0.081283876243952
-0.00472486122486307 0.0392814320353364 0.125105237969232 -0.0614164153418323
-0.0357196770825673 0.0532874128060107 0.00645769964476807 0.0837849769684812
0.0081466040735149 0.0873558417974751 0.134834887771897 0.228674871931504
0.0684707585145639 0.0795357214916345 0.302124265600611 0.217513245307815
0.109564748873441 0.0578037223884407 0.403007440267377 0.167742059899998
0.121133912684796 0.0522575351128931 0.4173030452553 0.118106784292392
0.109839986400755 0.0575178158053213 0.372472146889022 0.109231219062642
0.0717618495046643 0.0809697962855404 0.257516451006373 0.108602569481301
0.0202554267766441 0.103140769302471 0.161425572008082 0.113544968358724
-0.0498942969613693 0.0554127811754741 0.0650809041212054 0.0747385441671837
-0.00939811078814914 -0.0176328606533084 0.073658135624557 -0.0264106833131753
0.00986010377247703 0.063981792328013 0.147229538636714 -0.0753693767610588
-0.0443816470120905 0.0990930594196291 0.372670812881262 -0.14933006760631
-0.0921651171439155 -0.071497003997137 -0.429093289703147 0.141294081949242
-0.138294207732777 -0.00501411758961964 -0.192563667815429 0.122384303853306
-0.0794720814940871 0.0949479970598581 -0.0713019063785355 0.0732287579291239
0.036086046024029 0.0780808830670096 0.00592953583051208 -0.0418225638477731
0.0606539156022798 0.0327754293090159 -0.0915710978374213 -0.128147022320793
0.0435758513591195 0.00734239861753863 -0.225621190783409 -0.147050337747181
0.0284053083571797 0.00184753092150183 -0.348230748045834 -0.134011891469019
0.044774687303638 0.004167695186521 -0.409059870330376 -0.12218427650612
0.057385459643745 0.0118506754863762 -0.396075575529501 -0.141863823885153
0.0886045899790089 0.0177843768918471 -0.296285194274957 -0.175049070295896
0.095926283303332 0.0512724735757131 -0.163311998865858 -0.178338846375451
0.0499948857982604 0.126127481219425 -0.0442078021581144 -0.0747325756563344
-0.0949135092275721 0.161990214828253 -0.14857472680576 0.0641515848329126
-0.183231835270562 0.0192160263077829 -0.317315572333429 0.041997446451907
-0.133149922312052 -0.0720606939537708 -0.517611868753109 -0.14293528870626
-0.246491778742642 -0.0757395954835048 -0.379132154044841 0.14379725747358
-0.262102662769366 0.0205412928496912 -0.21391568194204 0.086927733879988
-0.177998342880341 0.153236650265287 -0.0947763118533054 0.0962840292862356
-0.0060630226612854 0.190002285346381 0.0154430444210811 -0.0106635652510923
0.104184025642998 0.155405885064553 -0.0477668104006468 -0.116573139154503
0.149182275516075 0.0979647663542474 -0.180376822255584 -0.159152444166509
0.163383545894708 0.0606430615924048 -0.303341030687349 -0.13548720102514
0.19953407959099 0.0513408081101835 -0.357696455764027 -0.113921816855625
0.211279828908534 0.0678415800634951 -0.344669011916474 -0.120199451888322
0.236748496622075 0.104571832883967 -0.252978091310181 -0.141034035171949
0.210873041138737 0.184788171414518 -0.12955634508305 -0.1332419965624
0.091309926323357 0.290686893331327 -0.012593156764562 -0.0366252699313226
-0.150641722623012 0.345445710955916 -0.129829262455813 0.108836022648761
-0.34956679440423 0.161041022273003 -0.302486320231045 0.0743692508350877
-0.33573215468993 -0.0263596111086721 -0.466234497989701 -0.118694973481353
-0.381558623896567 -0.0756213099569261 -0.268951871451904 0.155871943829321
-0.378779749422644 0.0445854916827262 -0.19401158192716 0.0454147050888302
-0.280722848500421 0.204294387768995 -0.111574989591252 0.0957941626153282
-0.0648422142149834 0.300417512618963 0.00291507737191685 0.0205062912284212
0.128046893981468 0.28233447392064 -0.0106772806268331 -0.0753146757960353
0.23670545573162 0.192057003127767 -0.112799685727239 -0.136830954163559
0.278848607903867 0.119181722632681 -0.215399334823057 -0.111220013102815
0.325303525204945 0.0918065891755791 -0.252431558107351 -0.0899073897344075
0.334098171237301 0.10629399884833 -0.237646844842681 -0.0883978240895492
0.362368810443334 0.160651656981808 -0.167397439589909 -0.0998277252689125
0.3217282220847 0.280489227252971 -0.0673151758459784 -0.0842621763343503
0.151057667587826 0.41526773616722 0.0319591846858496 -0.0103050233798468
-0.154375657689611 0.489924665427399 -0.0768073130975928 0.123987713965088
-0.442601892293823 0.296664491596431 -0.234559725507673 0.0839493280036651
-0.477025386589413 0.0357270026275812 -0.348321203749524 -0.10696156768652
-0.472857797813869 -0.0654197055834273 -0.100689701728248 0.177331107585282
-0.467479082160758 0.0841276715541619 -0.114362045709316 0.00788952687929819
-0.361579186028666 0.26008160502134 -0.0981520752701584 0.07414265977915
-0.11174734919746 0.397167727590398 -0.0167405850555194 0.0481708651479501
0.143829852137793 0.386099284645899 0.0223538522806952 -0.00563216077999322
0.296151500561507 0.265821752114911 -0.0242173732553534 -0.0761757787406327
0.354695776520774 0.162922429909714 -0.089306110341202 -0.0587916642662047
0.401790070756904 0.118555799648444 -0.107142789824945 -0.0509732526296918
0.405737220044944 0.126942147460561 -0.0936214638544172 -0.0524564590524551
0.430931576609088 0.18673405533437 -0.0505868217730858 -0.0609362886294525
0.38946754646964 0.325093449073985 0.0166950731237243 -0.0390703771834765
0.190565015025395 0.469019275918335 0.0791129352380524 0.00825344363273915
-0.132034397486003 0.547731573685346 -0.0148035138044749 0.105524790073298
-0.456311948472767 0.375181032106406 -0.136030829941245 0.0563404450002794
-0.532453768710079 0.0913388206583418 -0.179477474626107 -0.112383189356622
-0.496176705498104 -0.0349489844005305 0.103790553664768 0.196356862014695
-0.48835795992499 0.128149047167994 0.0155155965899412 -0.0219994097300193
-0.376072490857129 0.299254646384336 -0.0501893725485158 0.0416224725333751
-0.12420336264821 0.434757273748758 -0.0280898819049104 0.0766519644404156
0.144068210684156 0.423836816701262 0.0577135356430827 0.0830944601793167
0.313368003418118 0.29453433236364 0.0772749310926528 0.0122628578801371
0.376346797405835 0.177763964080105 0.0568691063036256 0.00960274899164234
0.413630602731193 0.128709621190241 0.0570548633880877 -0.00306282868854419
0.410289613318054 0.131720847231365 0.0636038530841135 -0.0145959284901667
0.426359538221588 0.18771412457969 0.0716940694406001 -0.0241074298164354
0.375380528328222 0.319122752950112 0.101947678486697 0.000711810457015494
0.171436285631479 0.44004645350018 0.114533177127319 0.0254418143346789
-0.108694743024341 0.489060765196645 0.0355005167193358 0.0670330870988569
-0.397952892630254 0.365867985524021 -0.0359272906969529 0.00681012536984574
-0.49342342010377 0.119921386631049 0.00372218912897222 -0.129360318817457
-0.435157591214261 0.00798777662010915 0.309001002741742 0.200360232612597
-0.409041431352744 0.157243899282716 0.157796064612992 -0.0438599073720738
-0.295649659345561 0.277337521178328 0.0153235205424161 0.0114208366388589
-0.0982010233780577 0.375943722916581 -0.0212109905220663 0.100953822238921
0.12437629115817 0.369220289852573 0.0949501306891316 0.163704466474256
0.277213133510103 0.261188086225726 0.176713713790418 0.103259898266292
0.335893740962243 0.158604494197922 0.20241713573553 0.0787900613390912
0.365398736951709 0.119186894235815 0.211795895932176 0.0439589741774284
0.351610629715138 0.122757888163469 0.203678440808961 0.0248403231657971
0.343259965548713 0.171130193013271 0.170864113890135 0.0150480835567868
0.280874459633448 0.27356330410321 0.158291272630583 0.0386107753946908
0.0945958851062736 0.340837749493663 0.12370783595426 0.0444769000491642
-0.0958481094606021 0.33477234142291 0.0625475882598109 0.0286618841844273
-0.28737141950711 0.274490313764333 0.044130596147032 -0.0390392672583447
-0.379290319471458 0.119370712969357 0.167337679468387 -0.145906954687841
-0.291852540138693 0.0516632185312624 0.472036122080074 0.180515606249883
-0.239709165081909 0.145804590973583 0.273528979511893 -0.0595289957967462
-0.150652979476358 0.181549952366238 0.0780041658040013 -0.017346591790319
-0.0577215872908705 0.229900861950283 -0.00383857431132651 0.104745394328064
0.0775799545101852 0.240837327319238 0.121908219985396 0.210888740547249
0.188630277652229 0.178131361711605 0.251452060459131 0.172342509339469
0.240262456536647 0.112244578477912 0.320379881202413 0.131213798349495
0.259231873953435 0.0910308371581717 0.333992720490932 0.0838134989457491
0.243230357582647 0.0975605656973376 0.305285331926022 0.0663643765995732
0.213350139163332 0.136260435193928 0.229838486409301 0.0599050571182733
0.145291844302923 0.19817256770725 0.172970734859959 0.0761971278943881
0.00509662200317827 0.201844962049054 0.102448992943991 0.0627285544973735
-0.0706680026254753 0.145114784635622 0.0690547762752059 -0.00113650865926089
-0.145557910197809 0.155350432703773 0.100524895682666 -0.0638582088495536
-0.219019605027919 0.104023597699662 0.28974987986926 -0.150002119893012
-0.0925569177469331 0.0748709672163762 0.560951205041068 0.144389958905483
-0.0349326232704836 0.0844094954323369 0.345343113887705 -0.0770155474891356
-0.00549711165395875 0.0355081456508485 0.118453657113516 -0.0580968611552517
-0.0346713202859827 0.0526606813321697 0.00420065469243586 0.0818510358631551
0.00838014560882865 0.0843262312609756 0.127972530412182 0.221309777678848
0.0665444850245077 0.0749776076715337 0.291708737880216 0.207742575376248
0.106201815034464 0.0532557042541956 0.390625152234375 0.158351615266967
0.117473463459062 0.0482183151143716 0.405468294761223 0.11124614100897
0.105970852085247 0.0545867757518902 0.359244801200984 0.102637403870909
0.0698445190080214 0.0786238387030488 0.246957819794063 0.103264927041076
0.0210413985257178 0.0980588901709906 0.153430660649311 0.105949234777849
-0.047837587579914 0.0544228322819883 0.0629375225573687 0.0698242076711904
-0.0117815683754845 -0.0177022905121959 0.0684844657716021 -0.0267184504144296
0.00999079418428569 0.0597501811575819 0.14249074882481 -0.0707507620449985
-0.0420664477357772 0.0924783430748788 0.359873958742331 -0.140926536384586
-0.0793076845531267 -0.0822409612968152 -0.439627521132065 0.0770522713408174
-0.132695631969663 -0.0238675007484558 -0.207791995471994 0.0868239550435328
-0.0897092779045088 0.0822417425474977 -0.0828974429285662 0.056384746910536
0.0231928347966849 0.0803924076456161 0.00780034932436448 -0.0404509814186783
0.0544296146063866 0.0400851636933153 -0.0728133037345145 -0.135926677577522
0.0413541605450612 0.0163805959974646 -0.203106773710279 -0.173974394508992
0.0259145895043511 0.0091732976393828 -0.328494478308125 -0.178075823436541
0.041355002081125 0.0121309116772309 -0.38447791926618 -0.181541559535814
0.0510252171838955 0.0233257475696764 -0.37078812151513 -0.201214685770913
0.0801306638091519 0.0312735997393704 -0.264066223143055 -0.221534617186309
0.0804097993548581 0.064527024630297 -0.131545628671552 -0.205010587632568
0.0264164479116009 0.130436355182848 -0.0296755106982288 -0.0851247843470376
-0.11577241479186 0.145977794421339 -0.151022414937468 0.0396241147978241
-0.181458929499514 -0.00618076833686564 -0.31503096136426 -0.00824197949012922
-0.123138978932283 -0.0859048541893222 -0.491961879195896 -0.230279617611378
-0.229624708573554 -0.107000256198676 -0.383487588903799 0.0753280400662757
-0.257177159164061 -0.0187162275416453 -0.222820354567226 0.0433024660044819
-0.19559079032198 0.122590842991062 -0.107662364819387 0.068568569299528
-0.0353990428424901 0.182253639787081 0.0123094582771121 -0.0140649465932421
0.0763223057424276 0.165149768553075 -0.035323661121523 -0.12407253612756
0.130133874188633 0.119270697852947 -0.16298527510206 -0.181304986821635
0.15020277848764 0.0869424696977479 -0.285202232349474 -0.175832368025438
0.186519606946001 0.082363858755 -0.334707417928568 -0.165618219253862
0.192643792785991 0.100997347088292 -0.322223927226513 -0.172983122443925
0.211842247432845 0.137978971763961 -0.226624094376642 -0.184244266373281
0.171579353591445 0.211466643817665 -0.102972539574008 -0.158258164570129
0.0400696740926201 0.297480070674125 -0.00460468585470177 -0.0457383642125953
-0.197698524250922 0.314703888965704 -0.13752404343354 0.0863710585663072
-0.365780016480769 0.104859485214309 -0.301107859768376 0.0292462368246634
-0.329779664436561 -0.0766618570342844 -0.445007272867975 -0.192967861123763
-0.361219018969275 -0.126813443253067 -0.270240713054845 0.0945798883152651
-0.374983757847559 -0.0136600621650599 -0.195703706427008 0.000486363126622777
-0.303747982565835 0.156096131545742 -0.124391261740084 0.0586183503702303
-0.111042412339803 0.279818243626321 -0.00500371227280432 0.00852888239666406
0.0784588533376737 0.291118790812647 -0.00799829390651016 -0.084046093169554
0.200881211185267 0.223961153576238 -0.105978728996923 -0.151049600404003
0.254927538425295 0.162308010711508 -0.203633670766643 -0.140512780873827
0.304895486396921 0.141731932524559 -0.23464435629553 -0.12509703433702
0.307028242169436 0.156741070659512 -0.221735285570135 -0.125600780837995
0.326594085605382 0.212539920126091 -0.14852564295956 -0.133338096905312
0.26681272212538 0.321272441638088 -0.048634170795066 -0.103381673152769
0.0793552839958261 0.427610315028906 0.0351293806928921 -0.0148215370214741
-0.22407446214342 0.452430618794838 -0.0865549746672751 0.108469457035001
-0.476578931355288 0.220025606207985 -0.232509736292237 0.0513563287284613
-0.478470772780055 -0.0417029871880421 -0.326602181066949 -0.159660752992419
-0.452690104471478 -0.128369671970863 -0.103064780496951 0.132264021284278
-0.468741032698948 0.0111769870380162 -0.110282258248492 -0.0296272217824505
-0.392336012987453 0.199217617603725 -0.107615235960403 0.0325282871907287
-0.17158968888191 0.366097519562194 -0.0294301677701134 0.0280596527606256
0.0748494909488242 0.395029165439222 0.0118496886333964 -0.0156994561544945
0.248348147397128 0.303642837206459 -0.0320178827351062 -0.0801173367297069
0.32503361315536 0.215209234251887 -0.0874405938845965 -0.0745251985597984
0.377199668837014 0.178931651804315 -0.0963855750881976 -0.0643185178808736
0.374504891615254 0.18611578375983 -0.0835602445134302 -0.0681818642555286
0.392129417044814 0.245861384428743 -0.0399201191458445 -0.0772626862764441
0.326013370688811 0.372190576797451 0.0275986542739752 -0.0470465365093413
0.10737003534065 0.487218074126056 0.0789152344791864 0.00970497115698683
-0.211589082071963 0.513217392993796 -0.0230549561701411 0.0988929518235682
-0.501895156485552 0.291585220169781 -0.129740099506246 0.0412640648541848
-0.539785859632835 0.0016532658776884 -0.156739186187495 -0.13470348907694
-0.481136915183634 -0.103153397089493 0.0965796723416996 0.17632509234999
-0.4966606964286 0.0510396981176397 0.0221184311874568 -0.0427214834560821
-0.411748036853221 0.233501417485589 -0.0577189642939374 0.00499417040808883
-0.190692919587335 0.402664921343267 -0.0441862570781463 0.0527006397280339
0.0694683520043479 0.432718987371969 0.0328382926359149 0.0741499043190921
0.260323325183938 0.331670905348099 0.054752732934236 0.0205740384706541
0.344269177089398 0.232510488348842 0.0485800724621057 0.0111084308178086
0.389068868355965 0.190098935412577 0.058302658780647 0.00723935647595009
0.380590908119087 0.191310774122936 0.0661042473907463 -0.0072854313191133
0.386913113621257 0.245256242508797 0.0754381389806942 -0.0221983770175596
0.314950744643306 0.363155491617849 0.104458624110606 0.00523300770080837
0.0957749266592718 0.456318310611752 0.110986127393744 0.0321484321095931
-0.181362815862608 0.457831612834042 0.0306468976833895 0.0693947317879419
-0.443822730244169 0.290392406080934 -0.0238091708229179 0.00705484618224663
-0.506814869307389 0.0305073295324631 0.0300049505576283 -0.121220422853046
-0.427582594505112 -0.0528443685201197 0.294825745208012 0.210269689788117
-0.423899178950381 0.089802592928039 0.164781679928514 -0.0413698581042367
-0.332223944373484 0.224256225305106 0.00925184672671967 -0.0104371188951493
-0.157618767994171 0.34894211885817 -0.0409362180118669 0.0804213486497876
0.0581584883852585 0.378189658512945 0.0585559448143365 0.160514142784201
0.229255646840606 0.294765642087277 0.141177931691781 0.124348856625642
0.308695696877374 0.207148636644071 0.184877600500348 0.100005801755831
0.342348137292104 0.173029559170466 0.203989617696486 0.0760872377618974
0.324843462790855 0.171824272899327 0.199278703253615 0.0530897248437716
0.309231813413615 0.217880710713077 0.166366969237706 0.0335462233686291
0.231390806910971 0.303821663339863 0.153648371108472 0.0533765440750256
0.0377590337523885 0.346016898117615 0.116851684317258 0.0551752582854529
-0.145522408434167 0.309272976217596 0.060354290424063 0.036270740359687
-0.322772183584869 0.216406399729772 0.059082805251099 -0.0255681613348192
-0.393384204914129 0.0477124061223685 0.196128195968952 -0.110895306607511
-0.293651805442131 0.00885345366010017 0.451953593661895 0.222471411786005
-0.257182619880951 0.103984082827804 0.279438472998866 -0.0323362422028454
-0.176719931831248 0.152239553438703 0.07529404157045 -0.0201795934977563
-0.0944442920165927 0.214121536036139 -0.0228482779177207 0.0926407763190544
0.033915549010098 0.24672682719901 0.0816960471260691 0.215251593708662
0.155833172927357 0.200283108047531 0.212224400054359 0.203372429421969
0.222348753557372 0.146713863869134 0.29711621985544 0.167477298463051
0.243876673197194 0.127784777468892 0.318676826118131 0.133353411329507
0.224300309768988 0.130779693802286 0.292932198417597 0.110012366070377
0.188599938881975 0.163858408557227 0.216576230276675 0.0894628325451606
0.112641832133046 0.21096539259756 0.160301365954249 0.0961279697765918
-0.0273230050279531 0.196020058543587 0.0933262952434009 0.0730922547559534
-0.0927567858252501 0.127774989539456 0.0678492336897896 0.00910275991789441
-0.165837020688906 0.123889125618751 0.114285997999824 -0.0433092523471646
-0.231977601394198 0.0572271433740646 0.317011732773255 -0.096497837436496
-0.1025675557837 0.0588812023798042 0.535596715198645 0.209202552530727
-0.0480655410042011 0.0761226311593228 0.351600755132217 -0.0296076566310436
-0.0130108890777037 0.0319001420069063 0.122807086977594 -0.0420096387266597
-0.0426287303481942 0.0464403392955323 -0.00843911151673028 0.0799366111406336
-0.00699380480338157 0.0841216764787037 0.0918738233115675 0.231558730646223
0.0529777143637966 0.0794778869987536 0.254469858160032 0.245217154749894
0.0989133652766138 0.0668130676717734 0.364678276753197 0.205732994055355
0.110418767518206 0.0640539320366864 0.383527521566362 0.171206331311761
0.0981201580033213 0.0671838713061619 0.340586702680075 0.154519441433688
0.057871367354611 0.0863791070109903 0.227354981629641 0.137803791090167
0.0079115665487312 0.0965921361646428 0.134731440305236 0.124835272414723
-0.0541129101981733 0.0448873275653855 0.0521184253077293 0.0769682840030099
-0.0103460984862256 -0.0215829822738794 0.0694080456836878 -0.0167022073492701
-0.00039643177256986 0.0554568581703553 0.15332869246344 -0.0460638625551771
-0.056070248982584 0.0751240706326124 0.385515242618592 -0.0775869132180005
-0.0806837025729494 -0.0825280844175102 -0.452428766896188 0.0784409736605962
-0.134211554458036 -0.0221277275846031 -0.217261356291714 0.0885703677294847
-0.0895463851364174 0.0859428184561686 -0.0841708430506778 0.0586297821813388
0.0244002361832229 0.0807101225536701 0.00848979392080157 -0.0386914752818935
0.056631341671752 0.0395723249778664 -0.0717977041684443 -0.136146278761594
0.0428992233614242 0.0175040730097829 -0.207470534627606 -0.174331583382689
0.0259912870195112 0.00996419388869443 -0.337030208409254 -0.177757535719341
0.042556964527423 0.0132957349711907 -0.396667964710264 -0.182797458334153
0.0534687941586062 0.0240253751111675 -0.381634600417463 -0.203602913619464
0.0821410652654439 0.030848584871368 -0.27210043911626 -0.22764345457389
0.0809164797081616 0.0651044725354928 -0.133655517730519 -0.209632954563372
0.0267768132808956 0.132318982329683 -0.0299686040322301 -0.0880251004883493
-0.117119349565203 0.149206375218104 -0.153372106835869 0.04118207902252
-0.1856799980776 -0.00525119047855104 -0.320900152997167 -0.0108649368742834
-0.127892818618639 -0.087341740519157 -0.50829122165784 -0.234620293029006
-0.233506620670964 -0.107896233167125 -0.395150872569606 0.0753731892134686
-0.260941239117374 -0.0169685982045889 -0.233450191611469 0.0445261499251048
-0.197458175443994 0.126211617058125 -0.110195435591186 0.0719117589147987
-0.0351238488341702 0.184745525323971 0.0121573320934103 -0.012122045121851
0.0797280559760768 0.166180985289109 -0.0340803899948739 -0.124189066037464
0.133485577670403 0.121111221706871 -0.167284965508644 -0.1821810890151
0.154181122409044 0.0890392897260572 -0.293437937797055 -0.175528460093588
0.192321171955287 0.0836319913989738 -0.345628104604928 -0.167817655347851
0.199057481728161 0.102563618685797 -0.332438091160305 -0.17485309198707
0.218877741241257 0.140054104120577 -0.233903084302485 -0.18979168220874
0.17568593674146 0.214565519433058 -0.104797967095606 -0.163278047786876
0.0409880016018276 0.303032197318024 -0.00411650825442324 -0.0490381723353124
-0.201576730724476 0.321023953187547 -0.139855549950698 0.0885640086353434
-0.374070860135148 0.107454868109335 -0.30734983566618 0.0289549491097816
-0.340736817495491 -0.0780666469901807 -0.459954881546336 -0.194358010602646
-0.368268346223481 -0.129077276490322 -0.279744168055131 0.0966814009450161
-0.380900223077958 -0.0122216002070537 -0.206809026447875 0.0020176955975436
-0.309578435821359 0.161040106806122 -0.126048564232418 0.0613785741564625
-0.111030730627192 0.285215324441797 -0.00566588978322977 0.0116761909589751
0.0825607414018003 0.294346267225195 -0.00648139681252828 -0.0833078342836844
0.206218628001226 0.225261234295197 -0.109596223452829 -0.152888852461936
0.262025363358978 0.163594985204552 -0.208581070839696 -0.140908398345966
0.314075392857486 0.142530791119608 -0.242256339990926 -0.125743178671284
0.316754192972905 0.158940575560036 -0.228884116642784 -0.12767739313925
0.337815039261504 0.213989346166316 -0.155635946937425 -0.137232371712696
0.273352257023588 0.324880024273915 -0.0483145300880739 -0.108575916660826
0.08022248343611 0.436189469738424 0.0365612493412264 -0.0179154219782801
-0.22938989071647 0.462384778178455 -0.0898253563908492 0.110989747031629
-0.487791001055367 0.225076775672646 -0.237542749072498 0.0529714727103728
-0.493248634529722 -0.042651316870573 -0.336021074560892 -0.157732877029865
-0.460971826671962 -0.130307725810112 -0.1080987653526 0.13497921907775
-0.47699130143955 0.0120593949269538 -0.120129652287016 -0.028256499931539
-0.400797024862675 0.202882674953352 -0.110102738049616 0.0343066991039883
-0.174179372770511 0.375403469452579 -0.0310266070605373 0.0315669772021569
0.0791496490280617 0.400431837453407 0.012466680444393 -0.0138712049477643
0.254669605042925 0.30731006653148 -0.0340104263964681 -0.0815815993778839
0.33373755974315 0.217566465096204 -0.0897889674742882 -0.0740772499643639
0.388333012714123 0.180270154215905 -0.0989743058106916 -0.064907658519567
0.385499611114056 0.189286362613812 -0.0870452024615815 -0.0692094657621401
0.404825231547566 0.247204549509361 -0.0438713890766963 -0.0802862243135054
0.336738806644256 0.377412802644153 0.0291559039874926 -0.0527462526109982
0.112357137103917 0.497752260221035 0.0799302413438325 0.00612732807036734
-0.218082304682831 0.52287246483946 -0.0255807965546838 0.101936811224581
-0.513084623556672 0.298344152783799 -0.132816614479858 0.0432605259569481
-0.557181043087939 4.8085061301056E-05 -0.16166949573386 -0.13125036074177
-0.48897701601734 -0.105799440752318 0.0970963278671434 0.17902674957647
-0.507164769424373 0.0510695094129552 0.0166246989003455 -0.0414908137449045
-0.423350385895039 0.236494258069159 -0.0589946869796098 0.0061223649084367
-0.194043274740229 0.411643152245323 -0.0473893247907963 0.0567183943265651
0.0729594338785339 0.440596982090687 0.0338096747528981 0.0778249559119256
0.266985254223725 0.336397127400808 0.0546459240095947 0.0201105676576473
0.354398339722357 0.233706871330871 0.0501349047200822 0.0124635366016443
0.400808043884731 0.190828320544375 0.060708812712928 0.00631229427648483
0.392611114740308 0.193100304895604 0.0675540445656043 -0.0076584316531435
0.400019950862171 0.248245976837695 0.0741086138291595 -0.023878884631442
0.325614063768798 0.366390087540303 0.107867051571916 0.00082777492371216
0.0997323707863541 0.463974847014883 0.113166404337956 0.0292694023468966
-0.186868868506747 0.466038927309149 0.0285921039890806 0.070964941359156
-0.452513736007011 0.295976857371074 -0.0247650273088898 0.00919356350063729
-0.5221860969456 0.0314944050443604 0.0307269211427159 -0.117900941536962
-0.43611822574074 -0.0548863353577183 0.301668288828702 0.214224387474289
-0.433155587396781 0.0890670358890809 0.164207480280926 -0.0400789278034689
-0.3418257128517 0.226057722890109 0.0094976842758722 -0.0104038084605581
-0.159886373204392 0.359091823380297 -0.0442630631808171 0.0848426458379411
0.0614488897340457 0.385781650269524 0.0591540605450128 0.16580872126247
0.234826753488328 0.297171134242159 0.143959092546343 0.125316548845553
0.316872567127978 0.209083107884469 0.190040801190394 0.100179201228743
0.351906919560033 0.173094229625342 0.211511583390162 0.0760900538345139
0.33464108683118 0.174253816552443 0.203970268646341 0.0527208597326175
0.320847406665013 0.217661829118931 0.167486082794226 0.0335507453521852
0.238735686375224 0.306759635435217 0.157017047489167 0.0501798290494856
0.0399556285066598 0.353481483833485 0.119365919307737 0.0522243312241171
-0.150250641688034 0.314858375060243 0.0584022649259456 0.0372545549516662
-0.329139988379935 0.220620858936834 0.0598398557750361 -0.024275384569577
-0.405193326404603 0.0482050819443211 0.201619129674492 -0.108981955698076
-0.298554049118585 0.00707346758567137 0.463530302304237 0.225059499948974
-0.263008533611084 0.104363373181694 0.284752007290754 -0.03218515236156
-0.18330699522331 0.152415938474713 0.0763386864361291 -0.0204725491709184
-0.0964373303050357 0.220667720405809 -0.0256498140128152 0.0973942771833436
0.0359547316402287 0.252454114028954 0.0824152249612911 0.22146814190036
0.159336827258166 0.202068736973001 0.216773757721394 0.206217312520943
0.228544046131981 0.147430677402059 0.305272359686535 0.169357280391329
0.250713068375738 0.128206601119861 0.329331226377679 0.133230743365193
0.2310416478091 0.132463568955694 0.301637146336347 0.10999244429625
0.194925753859503 0.165975902746464 0.220422588213891 0.0901748938469008
0.117192131254127 0.213577790473039 0.163494640180957 0.0939190031641601
-0.0265319621431588 0.201136871700912 0.0952252209752784 0.0719999774369946
-0.0971292284119348 0.12932786495058 0.0668685395064597 0.00840625432670568
-0.168819071510136 0.124681876043118 0.117113691811484 -0.0421676534732415
-0.237932432579017 0.056776628380505 0.325764105701824 -0.0956383519866624
-0.104264606273596 0.057958625654025 0.55173447823268 0.212362200285378
-0.0499879360844187 0.0762753228973366 0.360958276480811 -0.0305727580405253
-0.0151702862490735 0.0305296598881937 0.124880665392025 -0.0430699669791011
-0.0437271078577933 0.0491111734945477 -0.010519631963632 0.0836675210673764
-0.0064810159517268 0.0863702886933175 0.092748928455669 0.238338204122607
0.0541987776658113 0.0802162716731973 0.260458327706288 0.248382465087369
0.101777551887924 0.0661315842466564 0.375322022439442 0.207466466641174
0.113228655272133 0.0634044549806561 0.397604478967451 0.171946761110457
0.1010480423671 0.0685842849367417 0.350857582176559 0.154261051894096
0.0605951534184949 0.0882070082434171 0.23191637206557 0.140279482794977
0.00918070461606658 0.0978228536049058 0.135846202527903 0.124740541859204
-0.0550025444620437 0.0464555666320001 0.0536863033500133 0.0759165886841655
-0.0135051891784089 -0.0226588412121893 0.0685749693816849 -0.0186796797722744
-3.8506226469291E-05 0.0546736101078788 0.157430977032175 -0.0457110573759095
-0.0565292416589947 0.074964590014308 0.39660227040628 -0.0777924829939914
-0.0854887692441497 -0.0808110806946352 -0.465168783636016 0.0968236522518188
-0.136668758941366 -0.016630776893536 -0.224452136905057 0.100825581576035
-0.0858887750954789 0.0922520763903897 -0.0849329403137667 0.0660054637339274
0.0285370564325662 0.080940810971594 0.00783692711491179 -0.0379218127074841
0.0598657620726432 0.0362859293287243 -0.0754699551435834 -0.134589427841528
0.0450341116633534 0.0168327733138014 -0.218761940123924 -0.166894195251246
0.0273039300792985 0.0102833304881484 -0.353611309655467 -0.166041850137137
0.0452652510186975 0.0124853349215263 -0.417497362717793 -0.1712673387855
0.057346494789855 0.0223260751123762 -0.40258090504085 -0.19309112900961
0.0854426878121904 0.0277989994027139 -0.290450042564397 -0.224544083073192
0.0845892053200435 0.0632884900899037 -0.145643067938591 -0.211492236232052
0.0329652106704845 0.134181935000558 -0.0336998227063195 -0.0906808883246037
-0.112872542168105 0.157020874138462 -0.153610369317397 0.0484287751178493
-0.190633194451268 0.00164289779462615 -0.329365184831032 -0.00218963298763637
-0.136508449836761 -0.084255605623796 -0.534529770478528 -0.217966998288056
-0.242289242171827 -0.102046032161387 -0.406256321499785 0.092688461369287
-0.266448429336366 -0.00686686792574995 -0.242834695774199 0.056193593061308
-0.195413915697652 0.137076437267457 -0.108942163278868 0.0798887777957158
-0.0273923883500675 0.189701961728413 0.0129567669619915 -0.0108364095514417
0.0888125909415139 0.164303136244832 -0.0363368274584627 -0.123813997520456
0.142464973300971 0.117398848422889 -0.178385449739742 -0.17810964163731
0.162219857625278 0.0853715688148717 -0.308151426789332 -0.16606986233667
0.202370769712878 0.0776211294510375 -0.365396739981809 -0.156586520990853
0.210489659119441 0.0976915142266758 -0.351376478307475 -0.165238191091983
0.231207757710788 0.133859838751886 -0.251004307605115 -0.186303540292545
0.188388321331753 0.213316549036357 -0.113034065785479 -0.166188129123488
0.0535034439341167 0.308721741990707 -0.00553364620791665 -0.0523563016927339
-0.194757253257417 0.33621917436685 -0.140304952889857 0.0975060414469092
-0.37975271287316 0.124069818594702 -0.314475878033508 0.0400850723202179
-0.35595134727244 -0.0677852469020379 -0.482114666832071 -0.178035320802869
-0.380308892625365 -0.118378986720935 -0.28607273073396 0.109207288914398
-0.390484065689307 0.00287368400566627 -0.217518114011915 0.0126081035251843
-0.311001717963873 0.175284028441601 -0.126143503246401 0.0703404479984861
-0.101709815787556 0.295625010334766 -0.00549087717704245 0.0150436725555692
0.0972427263262043 0.295214376539642 -0.00753847999644126 -0.0837963627791366
0.219617897076144 0.220988458138541 -0.118032024546664 -0.150621142570466
0.275963356713618 0.15641217836147 -0.220275583478938 -0.133073092581268
0.329661751625386 0.132690627174561 -0.255721421436931 -0.119044618396903
0.334593342122288 0.149418441752936 -0.242203629618182 -0.119405450574211
0.356651630129626 0.204944881956875 -0.168786111178206 -0.134962041163005
0.293617011107743 0.322247728979254 -0.0535994292364047 -0.113176047457981
0.0987649359823756 0.443665199898183 0.0364270098161396 -0.0234927030051584
-0.21917178123455 0.482263121972043 -0.0890649869574153 0.118967739458697
-0.492551636294716 0.248532093870919 -0.242106893430323 0.0637491270809322
-0.512532315341233 -0.0243961608111001 -0.35320764327641 -0.143865623717549
-0.476511599680589 -0.118172190486033 -0.10844726744819 0.14169607653832
-0.488656437251976 0.0300593305712295 -0.129524917580212 -0.0213098929049142
-0.404985790762672 0.22319908184501 -0.110879163401306 0.0408432218737285
-0.161884944169134 0.391035105143814 -0.0316880305453506 0.0371730491665019
0.0980243194509853 0.40478881630755 0.0141894476006794 -0.0122493288010208
0.273234023955287 0.301552585017157 -0.0386955740896511 -0.0816782308077345
0.352410056943106 0.208618535045267 -0.0947724916146483 -0.070520994145539
0.407026613324157 0.166729925924735 -0.105640648730532 -0.0627754587601967
0.407383250791548 0.177329138333646 -0.0932194533329895 -0.0660840732792671
0.428223796973255 0.233834044669188 -0.0522915251080234 -0.0809828251742967
0.361378681778773 0.370128579713888 0.0282063475230497 -0.059808350616379
0.135821906641415 0.504615459692301 0.0815098280408183 -0.000473683807943038
-0.205353495550673 0.543978526273764 -0.0240791181696284 0.106946601565529
-0.516699253417385 0.325575036028338 -0.134710588412055 0.0516540410629256
-0.57710775253004 0.0229048956062399 -0.170049773759523 -0.122359214310303
-0.505013398961571 -0.0929918424934968 0.105213395640821 0.179908577475803
-0.51769951730786 0.0707325091967334 0.010760106466532 -0.0406749356518685
-0.427782544411415 0.257922314015391 -0.0601040053059806 0.00889119563911502
-0.181851608575886 0.430871863447549 -0.0477814740090254 0.0641465382141441
0.0931517705942571 0.447485518953955 0.0386716259894293 0.081127528781084
0.28566831102533 0.331983092953513 0.0557614420370262 0.0178532497648119
0.373276363935859 0.224987975092891 0.0525027164228436 0.0120451949331952
0.421178525573594 0.176168925442998 0.0626230268427564 0.00354256742874944
0.412324435046509 0.181637102559035 0.0694381589228395 -0.0105432010943061
0.423597106759368 0.233034038997905 0.0719118343365598 -0.0277439372430854
0.349609074358534 0.360405171038342 0.110584691494899 -0.0086567562673682
0.122250943962134 0.474105205744437 0.116264447607407 0.0222868474726348
-0.174807562722774 0.485843726352363 0.0287750540839679 0.0729550172495108
-0.454669515010536 0.320430906016579 -0.0248352423933015 0.0126384150811761
-0.536411614810091 0.0530160710925349 0.0284984522727086 -0.116319568908224
-0.44801944217473 -0.043273923515836 0.317720543371832 0.207528037198673
-0.441150213608973 0.107277083925074 0.164049872148364 -0.0454359250588973
-0.346254379426292 0.244084887231936 0.00906462123639603 -0.011725624394188
-0.149861332691144 0.374532587893725 -0.0438038500987985 0.0925358693748231
0.0784670130923023 0.394312231841384 0.0673470561884223 0.171175450420998
0.251173283962054 0.294592146271367 0.150932744756014 0.12197559198354
0.335692572126925 0.199389187942699 0.199586396625101 0.0957232376990633
0.370073572032651 0.16083018962827 0.22183860009749 0.0672665920594882
0.353322473500205 0.163356345476053 0.212679813855012 0.0449250838398958
0.339651890208615 0.208518959892384 0.171076620395789 0.0270205116694049
0.258978750493734 0.301830446682922 0.162312450176139 0.0407804655716488
0.0556616800403454 0.360587296234901 0.124020397994654 0.0461978970086906
-0.143992410363007 0.328380468814071 0.0583114762033196 0.0369019696234485
-0.329834703674815 0.238142820643812 0.0609559834868589 -0.0245139611845366
-0.414799286868238 0.0638808238832773 0.20513014517037 -0.114324336588005
-0.305982162682943 0.0152838800499812 0.485500752066891 0.212120642205821
-0.267033632688985 0.11503374855812 0.289940527286118 -0.0428987035997205
-0.186198242926485 0.161966660537085 0.0773291604719998 -0.0241652360243767
-0.0898735110972273 0.231843452468414 -0.0239807809846233 0.103531173890455
0.0475586127267408 0.258003054529715 0.0916501696201463 0.227045950787015
0.171076377880572 0.199744526741269 0.229284804909805 0.201225425281676
0.240494837783446 0.139973907021844 0.321166718441851 0.161086028812295
0.263882648244632 0.119310331716226 0.346293442915991 0.121116172827868
0.244542508082651 0.126387605216502 0.316124784089015 0.0976583905291678
0.207747822234215 0.160534612538253 0.228360759633093 0.083426696714899
0.129679766016308 0.211940122246911 0.169975844670965 0.0855361604097273
-0.0185840808722658 0.207943038460952 0.0992661323079384 0.0668226546243356
-0.0973529996477384 0.136501020394287 0.0658684915766453 0.00588096526926649
-0.168737507156065 0.132878988929444 0.119405936243779 -0.0450442755451099
-0.243156840665808 0.0656237740803361 0.333640110196403 -0.107797787915871
-0.104567860451345 0.0610559616012785 0.576631190803116 0.193404352451821
-0.0493839066645642 0.0784868110251626 0.369986617247797 -0.0455989095863924
-0.0177331321348143 0.030940168922396 0.12608320793123 -0.0488881176527702
-0.0420906011485615 0.0536592106969314 -0.00910830742791479 0.0885093602865315
-0.00331096766042334 0.0901320628404473 0.103045144956768 0.244080415349748
0.0573552573373722 0.0797496083693158 0.27749791063374 0.243207115637436
0.107693068708486 0.0620120120679828 0.395583670497571 0.196031576559837
0.119086362017933 0.0589995739822161 0.418081733777629 0.157248274741522
0.107161573244305 0.0657845723895173 0.368501768819428 0.142171262975821
0.0662972583249105 0.0882722783533123 0.243130476728986 0.133518509258048
0.0140271051776413 0.0988886747152758 0.142638758855336 0.1194452809571
-0.0539190066830531 0.0504975443329953 0.0575277640574499 0.073189174150264
-0.017805128542107 -0.0223428857477615 0.0673901427385531 -0.0230362063595066
0.00196880176933304 0.0540596297687239 0.161063219498895 -0.0510431280290885
-0.0546938899842551 0.0769949662201054 0.407179096227238 -0.0947809412962882
-0.0891643368413435 -0.0746725634444151 -0.460646920353334 0.126700510623787
-0.135190554966606 -0.00713831510361162 -0.221198723129129 0.116328509073649
-0.0773123470804318 0.0976056986850673 -0.0801132198015805 0.073632718698803
0.033535194265306 0.0774883043707413 0.00723450253433831 -0.0368784543690347
0.0621658291196916 0.030074300479211 -0.0799670816125139 -0.128481535905591
0.0472299369833013 0.0140267793678476 -0.225671366957024 -0.149795387235284
0.0277750995660466 0.0100943345758555 -0.362506106908164 -0.14099185247023
0.0468609156235604 0.0095824063592773 -0.429792467197323 -0.141914992275675
0.0599256056205779 0.017948889976746 -0.416930678896477 -0.165344431510718
0.0868520112799204 0.0217299657574121 -0.306728705958921 -0.205624566945681
0.0875479662172951 0.0577990265830061 -0.158845642962285 -0.203012938289478
0.0406331575455667 0.130843090052248 -0.0385583780979289 -0.0903322471543424
-0.101748554959623 0.162587696871873 -0.148676129093897 0.0574813205049189
-0.1902977608785 0.0137496484669222 -0.327737455427942 0.0147808608133104
-0.14269428793427 -0.0744466086860185 -0.549825988089513 -0.183079707426115
-0.247979806556686 -0.0869289940285991 -0.400864386558158 0.118626496808959
-0.264032233682045 0.00976059544000078 -0.243311278856087 0.073711997372605
-0.184200344952483 0.148336075874698 -0.103807044971767 0.0879790583972804
-0.0149975344381081 0.189029725354994 0.0132705756833137 -0.00880577521033178
0.099044988613186 0.154967257659607 -0.0409417638870523 -0.119393290389233
0.149815970189387 0.106921050888496 -0.187010191401657 -0.16291607518416
0.166799448853119 0.0748249408465824 -0.316759119363234 -0.142974298658488
0.207552974512261 0.0639178147158572 -0.377047857014663 -0.13068665902419
0.218518210420569 0.082730315850552 -0.362378103998063 -0.140415381931661
0.239952256544438 0.116860332562406 -0.265154760068639 -0.170293803840227
0.200467111218068 0.200154303230363 -0.122846311801159 -0.161154649381305
0.0717372492331383 0.304012248153931 -0.00847531248486744 -0.0543379705287396
-0.173130363347758 0.345102376463585 -0.133193026795842 0.106723253804958
-0.372199404301791 0.146369205394486 -0.311329309252214 0.0580128245780115
-0.362882121839129 -0.0437552163440933 -0.493255651478795 -0.144524598309417
-0.385216150947679 -0.097579751523024 -0.281546964560424 0.128158209255187
-0.387862450397037 0.0271328485113919 -0.221625455944869 0.0293659933959075
-0.298179293398178 0.193460524655354 -0.121161042102979 0.0788171360720423
-0.0813626619515195 0.300130134187323 -0.00380576810413446 0.0183169792816323
0.115498172207213 0.285541524444674 -0.00964762736227602 -0.0812556494215154
0.233065677949206 0.204417687668381 -0.126372850244442 -0.140553227454614
0.284999488547814 0.1379330993896 -0.22718972268574 -0.115253300745108
0.339321973462424 0.109642325720201 -0.265329520012797 -0.10085718966338
0.346641359199563 0.127196825107969 -0.251145056240636 -0.102328786807391
0.371763318024025 0.178683401159948 -0.18037402103138 -0.123339707043356
0.315196590687567 0.300969948147816 -0.0611461221030763 -0.113877503069679
0.125381673608317 0.436026587524266 0.0343402184947294 -0.0281063740212049
-0.18949619815039 0.493725295100635 -0.0813268790655354 0.12589264765434
-0.478013821457355 0.278279692310209 -0.236688663752793 0.0790378464227661
-0.516615123040733 0.00849529812430631 -0.359769246065127 -0.115109649320813
-0.480558538330855 -0.0908410777700732 -0.101580567264411 0.148861527766706
-0.48346914363131 0.0599883528804068 -0.136395528603824 -0.0100073112222289
-0.390903462085845 0.246066996725804 -0.107897463062491 0.0477868876660069
-0.136140903207133 0.399506304592363 -0.0292087410236659 0.0423230991428353
0.123869290462962 0.395239988864824 0.0160935333833337 -0.0113150691295257
0.290474047649861 0.282271976867434 -0.0439838059766925 -0.0779257866436626
0.364074825483167 0.18267680009193 -0.0983701637404587 -0.0615008623934311
0.419115013881907 0.138058272578397 -0.110485626598709 -0.0551646564870382
0.420461087084396 0.151344839699159 -0.0981885006959772 -0.0592771810233666
0.444868238654195 0.201952994244408 -0.0606295824985186 -0.0765603630588037
0.38495233955853 0.344819445106814 0.0238779034733123 -0.065974599896601
0.167152709543759 0.495152747026667 0.080535940727417 -0.00835839903795553
-0.171045650425711 0.556223482419048 -0.0189689725413401 0.110462818375098
-0.495017201274323 0.356431609081621 -0.129754123795389 0.061177586678863
-0.577807352957061 0.0596144752121637 -0.175395299366123 -0.104536343205848
-0.509267200672929 -0.0643677485053071 0.11393197246259 0.172814011696078
-0.511964143762867 0.10037922002114 0.00354021492174068 -0.0378265037098125
-0.412843993193402 0.282727590100341 -0.0594093120652834 0.0125580431406461
-0.153563820839346 0.442332949677935 -0.0439766337079264 0.0700065076606752
0.122097796901942 0.439332718480354 0.044871300015715 0.0812895667299895
0.303930582773655 0.311520419130911 0.0555643106043701 0.0143471757922312
0.386629778706772 0.198262244845665 0.0539143917331123 0.00993418448050036
0.432145259075765 0.147431609391232 0.0630873627931455 -0.00155015961354732
0.426343577422741 0.154135530320763 0.0679976753826382 -0.0150133740340153
0.439803823676139 0.201160592986786 0.0667616259399523 -0.0317156360296259
0.373894139339713 0.33243887803004 0.107676161733965 -0.0203105714433031
0.152976869724356 0.462029659923063 0.115703729148349 0.0117016299546383
-0.146333602729972 0.495303000250459 0.031790555417652 0.0735037726410884
-0.434611839874331 0.346316471635306 -0.0225906625766902 0.0173552145354301
-0.535770797205826 0.0858292236366822 0.0253329891698983 -0.112204190153211
-0.44890153658797 -0.0188483241408473 0.328413580330328 0.187154105401156
-0.434351336038045 0.131778600996452 0.157570990571627 -0.0528955930180034
-0.333522312980031 0.264145035888414 0.00900911141241077 -0.0125072096352197
-0.125167870080899 0.383669872355983 -0.0382345910544738 0.0984980821693785
0.103481035392543 0.386927041329628 0.0780911739321905 0.169778232371954
0.267788536499127 0.278152753279826 0.156798652994262 0.11136711853251
0.346837048735115 0.175255826323751 0.205653161094607 0.0832544260547572
0.380824514665986 0.136009446662552 0.226859101969135 0.05120890177253
0.365837806991837 0.139915303449086 0.215934131400972 0.0296934015516981
0.353157765969707 0.182188828200247 0.170094787719359 0.0166497030123684
0.278601477597182 0.281158717550909 0.162258675593098 0.0259763278902563
0.0803412874428647 0.355227917784832 0.125294703381583 0.0357256497948352
-0.125794029417614 0.337114955303762 0.0584902333126171 0.0351998480989809
-0.314237444776888 0.257100899577611 0.0611625234919375 -0.025251431199429
-0.412804339042271 0.0878580215359215 0.201622057887002 -0.123059784040829
-0.304081782278371 0.0315412554362828 0.497104161468175 0.180960516407817
-0.260725296618476 0.129795453462106 0.285250179389852 -0.0599813031704231
-0.179101276509535 0.172418917066494 0.0755666859540509 -0.0296128318349497
-0.0744707064721137 0.23707470828903 -0.0190069562534853 0.107906849388959
0.0639180808293235 0.25547807046052 0.106222531344553 0.224211432061625
0.181359104043066 0.18851782993899 0.239973883054897 0.185568630898099
0.24919501409984 0.122248093249725 0.330813388243002 0.139175795768016
0.271006262753932 0.100418923737054 0.355610805805004 0.0962059719318383
0.253616701989571 0.109160008652506 0.322919619507368 0.075088302912176
0.219101059871575 0.145073092741983 0.231493599692102 0.0685793566951902
0.143128432975965 0.20030660910917 0.172167562609253 0.0713335794570256
-0.00494892135517067 0.208014826291487 0.102386106748774 0.0578753066321727
-0.0909156265043815 0.142508752087979 0.0636054628481891 0.00284657205790657
-0.16025869501344 0.141686246994412 0.118309621985692 -0.0498096859470101
-0.238739383510884 0.0782330714147112 0.330274903080473 -0.125817531859696
-0.100845731151172 0.0653514046292392 0.587624958781238 0.156613782469664
-0.0460607891783791 0.0809466998483295 0.366558818756226 -0.069346999977535
-0.0184167388636757 0.0320071431089033 0.122326769651158 -0.0573149903491596
-0.0377656151755894 0.0563440974087797 -0.0049861893417728 0.0914886608313699
0.00297041786245669 0.0912410780573431 0.118012860243551 0.239845831506705
0.0616490999479478 0.0755727051720373 0.291113350645501 0.224487659140101
0.111241958254379 0.0522371783377035 0.407609409996008 0.16895121732265
0.122358761210572 0.0500912299103483 0.430266568231976 0.126886339174377
0.111063350031718 0.0584277606745043 0.378529023711946 0.114714592799491
0.0727064922995973 0.0832887287668896 0.250867782688383 0.116442445700392
0.0203093817956076 0.0969890399463452 0.147374266514299 0.10808400527769
-0.0506172947995988 0.0545416044670295 0.0611090311105918 0.0670959614787039
-0.0213290054689431 -0.0203406390186714 0.0637464178958531 -0.0267382098311043
0.00502959021281175 0.0525390473321146 0.159637155029593 -0.0590058801272369
-0.0497456655824609 0.077162689755715 0.402858745980056 -0.119776321420985
-0.0891894166253552 -0.0661023908261548 -0.439415902815228 0.145762463718908
-0.128313438567388 -4.75874939970078E-05 -0.209330716614962 0.12537673644676
-0.0662700256389179 0.0971324630200476 -0.0722302734641298 0.0766171951315842
0.0363302257387315 0.071975588756254 0.00605381488156545 -0.0342585889868423
0.0601077873897854 0.0236324378457846 -0.0804102603157986 -0.118197709832619
0.0465477221382659 0.009847357226533 -0.221840766924709 -0.130033457459773
0.0279100529678946 0.00955270575635569 -0.355262314991027 -0.113160059115893
0.045898304174649 0.00718571504364929 -0.42601597856073 -0.110793108406102
0.0594555799249342 0.0135703474042274 -0.410720008138473 -0.134077971236555
0.0842575954826689 0.01544149895189 -0.306807865402801 -0.182012191128087
0.0859875132212751 0.0504780642054361 -0.163197598600599 -0.187669153130811
0.0451057311633159 0.122740783648647 -0.0414887573105382 -0.0862575859140236
-0.0889018618231844 0.160220501999577 -0.137499727390252 0.0626659041525633
-0.182473982759463 0.023649341911891 -0.314025883273548 0.0294755310824986
-0.143144236999896 -0.0635561928272977 -0.537354324943868 -0.144234149720834
-0.24123324428839 -0.0713048335548708 -0.382310789918406 0.136175569224443
-0.251049387859678 0.0231127650515484 -0.233033575430761 0.0863245046314836
-0.16762541972439 0.151409902078216 -0.0944132013305861 0.091182660202226
-0.0036297587337158 0.181047812602822 0.0139677686228639 -0.00776222722699985
0.102397486945542 0.140888894558856 -0.0417747621245081 -0.11191660419175
0.149196297013626 0.0935633848755842 -0.185860481693784 -0.144567996544817
0.164286470040677 0.0633643480528752 -0.311594325357644 -0.117718427144956
0.204116264545896 0.0497823335906775 -0.373016457811626 -0.102526082130783
0.216601352018186 0.0671133214043925 -0.357260788760762 -0.113071872046368
0.237492196156571 0.0974638407185961 -0.26699222596076 -0.148778034427024
0.203311589201267 0.18156281241449 -0.127854719991553 -0.150271737043507
0.084056882937814 0.287079381070824 -0.0113732600635643 -0.053240683867778
-0.148589973083077 0.339703298298388 -0.121048321677343 0.110352983227958
-0.350969291651057 0.159775483389158 -0.294599432256833 0.0705563468682164
-0.352914121181837 -0.0223330664863521 -0.480732220345616 -0.109756712795543
-0.374187194291478 -0.0739179077609564 -0.266862605089982 0.137657747019526
-0.36813832368295 0.0455930791709954 -0.215109352632596 0.0434071008928725
-0.276606049976211 0.19968039469425 -0.110935244994054 0.0827858628578427
-0.0619116420168863 0.291222544179388 -0.000989364544028607 0.0196702455374386
0.126003391872466 0.264126604988265 -0.01094658235131 -0.0764012318865598
0.233328905970724 0.18239461116156 -0.128505727512756 -0.126765185634521
0.280886660920165 0.116901475329863 -0.223479360860108 -0.0965362877729594
0.332247571413595 0.0860208314853384 -0.262665540547659 -0.0803541054477483
0.342639639979929 0.102428737351823 -0.247575145509908 -0.0829219991974063
0.366297753047888 0.14925390730879 -0.183400475909303 -0.107499242905734
0.318998791376144 0.270417350985495 -0.066463176298613 -0.109242049928072
0.143481580341681 0.412085207256145 0.0312747973872149 -0.0313061129170343
-0.157300387125233 0.483743914859161 -0.0712197038932281 0.128077912454078
-0.444369807310537 0.291135449083781 -0.221772913676872 0.0883444213706768
-0.497813344787777 0.0358727113845811 -0.350739342052147 -0.0875165018887364
-0.465806064518524 -0.0650124353769017 -0.0931826576060789 0.149291379758199
-0.459492184681165 0.0799444219043413 -0.134868371469971 0.00195187234397535
-0.363744973791279 0.256498258895748 -0.100449837375872 0.051735199837439
-0.109474450531956 0.389215781220739 -0.0244716536436847 0.0446243164103136
0.139697646859575 0.370409885279119 0.0171999305062152 -0.00978541851905015
0.290747167914225 0.254900115203849 -0.0466267475418509 -0.0715913876559907
0.358937004514586 0.154152154243185 -0.0967121311406378 -0.051776934251724
0.411025575438221 0.10812602269455 -0.110540854428176 -0.0464436697404098
0.415346778156953 0.119644421724368 -0.0978543307657688 -0.0504919485279277
0.439657342319499 0.166426678969191 -0.0656973643534376 -0.0689413725928628
0.389761902280094 0.30755751981533 0.0168127299260227 -0.0684654604949271
0.186909663224352 0.464974266254054 0.076001926275739 -0.0148264000364458
-0.137125427977171 0.543612526584578 -0.0121499565467836 0.110072058278686
-0.457677175481687 0.368509518553008 -0.118742317013194 0.0662776713050015
-0.552617914355182 0.0874673515048129 -0.168983142366933 -0.0863990706811349
-0.491178482724498 -0.0376857037886648 0.116799687768822 0.16070176140288
-0.485195977026548 0.123008454837759 -0.0015408294885053 -0.0334478979827686
-0.384666017000995 0.29302789536628 -0.056073500539561 0.0140257134887132
-0.123691183095713 0.431151827736729 -0.0381235909452602 0.0728844384654
0.140500426624384 0.415090343801514 0.0497505314958685 0.0772631579463436
0.306943178247461 0.281974439468678 0.0529902379167973 0.0113401272844625
0.381902172130343 0.167604348798088 0.0529262196994044 0.00807903956436966
0.424157634707173 0.115304435024573 0.0602333647479912 -0.00523576165614884
0.420943710438344 0.123596523979661 0.0644349337616827 -0.0184332149737547
0.433454292744895 0.165584184217692 0.0596465308371417 -0.0326230501791372
0.37707694652989 0.296194669122119 0.0998033982794898 -0.0293398908107882
0.172038525338204 0.435024628781257 0.110216647374677 0.00247562956584658
-0.116614196742954 0.484599260156613 0.0334694345708349 0.071897216843929
-0.397890718193415 0.354585204347711 -0.0177808337247037 0.0193654445892947
-0.512347280606369 0.110760651272736 0.0234889888152607 -0.104445887247602
-0.43244723681462 0.00293483186901765 0.324020110944586 0.162740212295741
-0.409617710941356 0.14879090250168 0.14640852291262 -0.0568938036303643
-0.310034516330377 0.269661591703848 0.00726342762440883 -0.0133801435162697
-0.0994781119686521 0.37452302955188 -0.031852454440275 0.0989401045365075
0.121239240881202 0.366244284661034 0.0854568389146398 0.161180687884438
0.270174866458032 0.252024599560953 0.154503089526625 0.0991797399051893
0.341971797872573 0.147034915153775 0.202534378994412 0.0687025663085869
0.374120871884038 0.106361575228018 0.221796066860149 0.035598533723498
0.360762209437753 0.11369085516702 0.209257681986889 0.0149750411525034
0.349755989022179 0.151978625329492 0.16182283244716 0.00784318504814561
0.283052182337598 0.252285918013047 0.153996790457117 0.0124550952511467
0.0965279939014179 0.335393610353918 0.119987186415793 0.0251585251405764
-0.105348145278907 0.330599745361159 0.0564147775410994 0.0329864500111331
-0.28878146095488 0.26216753592959 0.0605474112099988 -0.0252298100283798
-0.393026603466545 0.106742280119455 0.191477349887533 -0.126465305973944
-0.290614928720008 0.0431954318583035 0.487292214927908 0.14734811322957
-0.24459268825795 0.137146354231988 0.269670277981551 -0.0714156816989177
-0.166626070213718 0.174617414691239 0.0704917296720259 -0.0337586727015125
-0.0592627563018797 0.231642464329397 -0.0131087694045285 0.107499966585798
0.0756316292008062 0.241816728301601 0.113862725975964 0.212013852618082
0.183206728124626 0.172390936006241 0.23796736962338 0.165085157042259
0.246052669198603 0.101906453883617 0.324916005197964 0.114821630388958
0.266997591282354 0.0801713688561147 0.349087289780908 0.0699341995842514
0.249976441829404 0.0900473831321043 0.314762083057592 0.052572342135482
0.218568158883086 0.125328298723111 0.224541892799725 0.0526969776921159
0.148143109109053 0.182273521595959 0.166225587690758 0.0565866702909051
0.00766428628109215 0.19986958800397 0.100064007627244 0.0481488556205384
-0.0813944617629553 0.142865549050161 0.0592349682498143 0.000544345713879504
-0.146783227558568 0.143188066872774 0.113835734484172 -0.0522398849837945
-0.22527379900846 0.0860510866594082 0.313222410683351 -0.137238989786905
-0.094448103022523 0.0660876395459959 0.57352108306957 0.117856814153322
-0.0408631939134084 0.080088977005829 0.348149545507324 -0.0864346231018171
-0.0187258482608583 0.0321440782505754 0.113131269299481 -0.0617461339729817
-0.0329669327046315 0.0564275605400716 -0.00102280520028235 0.0904591136069296
0.00861789434429252 0.0885222500520113 0.12605850448367 0.226583819235718
0.0624722024818849 0.0705892834507019 0.290650867876286 0.199070689118379
0.108794430667675 0.042597101612349 0.400844569509925 0.138087082025076
0.120445547251999 0.040083552543134 0.423049021597878 0.0952650530185884
0.110461060470449 0.050038868913063 0.370205198703102 0.0871469592356666
0.0746421667371647 0.0758184022465788 0.246066297759316 0.09783225075122
0.0250152733857315 0.0913314185788325 0.144687131305859 0.0937401249738572
-0.0451164147219132 0.0555412323256487 0.0609725684930416 0.0591903218878246
-0.0235823137354167 -0.0177472917749791 0.0573969520405684 -0.0298345519663967
0.00721551053728583 0.0488605941599921 0.152761702743868 -0.0644122131313671
-0.0434483589941718 0.0738573552503939 0.382186937853789 -0.136768755932116
-0.0737693812590544 -0.0717593500873568 -0.418864121544505 0.082079539726722
-0.116165028903483 -0.016937006030909 -0.213826171249397 0.0924591754900479
-0.0712553717765688 0.0796998634216326 -0.0811287569438075 0.06349478556355
0.0237506268929813 0.0708593432018138 0.00789908358885664 -0.0283803338293293
0.0524351961631691 0.0288776710214241 -0.0600321753931116 -0.114979815950984
0.0452299630910001 0.0151694900539682 -0.189643747089697 -0.141203844267534
0.0258333503702818 0.0153632905207059 -0.32041479647639 -0.141731274650149
0.0422533913705468 0.0130469912121017 -0.389743121939452 -0.15129660200107
0.0561509191681207 0.0219631125368083 -0.376691932238526 -0.174666201297835
0.0781644881055385 0.0264356638706825 -0.273627319323836 -0.209629597928438
0.0745250760715987 0.0605641850253604 -0.135581375604778 -0.201841352664982
0.0270519253858811 0.12266380623226 -0.0302827522172741 -0.0926169079019069
-0.09927075083703 0.141574230970619 -0.132073419775119 0.0385036717151026
-0.174272988327884 0.00263425541651338 -0.296039720308635 -0.0127627778034967
-0.127839995898737 -0.0731024920082397 -0.499037675934391 -0.201882041078145
-0.212611583912137 -0.0954151044016593 -0.370717955967204 0.0688090785211909
-0.231763471186164 -0.0120397769026218 -0.236650900195767 0.0493144629485671
-0.172250164572539 0.115990113869806 -0.107770150412065 0.0699783890013862
-0.0288968032327051 0.165274131325474 0.00788345843574698 -0.00527457312848864
0.0738094013250475 0.14364283435341 -0.0308985920053522 -0.106128103461653
0.128236803377664 0.105691685097672 -0.157707804320382 -0.146551449254261
0.147546204590702 0.0816292074956388 -0.280221854127646 -0.140964466261864
0.187519270812517 0.0722468049802863 -0.33988065919302 -0.138203267249114
0.198309734170402 0.0918892811466225 -0.330111815801562 -0.150878752758496
0.211581707735871 0.121452912951563 -0.242470168660217 -0.176852252992053
0.169181823589123 0.19729363029891 -0.108925121127963 -0.169656049279115
0.0433340421345777 0.283308164464233 -0.00724607467864215 -0.0622244917535109
-0.177859727133466 0.305629487624562 -0.119310929561381 0.081943097701456
-0.350045703269274 0.11167784230419 -0.274752663458318 0.0243679970414101
-0.33341701696554 -0.0580281628974457 -0.437574571899071 -0.165617451375294
-0.33452245047818 -0.115376767837303 -0.266504753076215 0.0748266364929644
-0.341345284554711 -0.00690500441791637 -0.220412041508572 0.00719132946627109
-0.279372487399511 0.146369793149603 -0.127415651623831 0.0549549725671553
-0.0981958370825746 0.259045985643979 -0.014212469605579 0.0159584331925018
0.0777947793017773 0.262425679966346 -0.0114519955656767 -0.0706555415421806
0.193629791556969 0.199122593861149 -0.109998983723214 -0.119843249794822
0.250837446850832 0.144267836823543 -0.201908651320823 -0.11200708050307
0.305364691743562 0.120551739039253 -0.23739047726117 -0.105325289724034
0.312061919072936 0.139807243960068 -0.229629283263465 -0.110964389616939
0.328791048279912 0.184443780293486 -0.170437884346174 -0.131523611222726
0.266915948545259 0.295401103301299 -0.0589342177091688 -0.128375172226632
0.0846339054090525 0.408667437851256 0.0277904137524568 -0.0406824018571029
-0.2027657394594 0.440190284028665 -0.0723147565124726 0.101067144864208
-0.454064236677459 0.226343429352385 -0.202508876139036 0.0448890366744393
-0.481505558978822 -0.0199083021451653 -0.307917675306147 -0.132366395043254
-0.419523834493359 -0.117327497772313 -0.110957618757664 0.0977023763164799
-0.430132648684269 0.0149789784269233 -0.145311616436419 -0.0266147358199712
-0.368692004026965 0.187356712930778 -0.119710596635652 0.0234015885294507
-0.156132452076729 0.342692108819756 -0.0422624769718567 0.0341727953783724
0.0745463346526308 0.363464761423809 0.00259891492650878 -0.00715852209222056
0.237246543530766 0.273504500597485 -0.0430504416127728 -0.0572184396379036
0.319701047917106 0.187329540965748 -0.0890952918304233 -0.0565216535804185
0.378714520858131 0.150664016142938 -0.0974196142994713 -0.0574791365700601
0.379448907115935 0.16493689218022 -0.091102990640561 -0.0649809341145358
0.393308551648552 0.207383787414989 -0.0653544976086487 -0.0824959583800275
0.329444554252791 0.337568699789227 0.0128426674692571 -0.0824269252986509
0.119282470461274 0.462761594272765 0.067248333916297 -0.0207902624007914
-0.191071283326119 0.49957168755945 -0.0146610964318849 0.0893743203773783
-0.477357217276911 0.296809348057126 -0.0996937324133896 0.0333090128796758
-0.540594602881189 0.0237000013153844 -0.131057613675021 -0.115214085727982
-0.446651044250043 -0.0971352702471219 0.0789342524646496 0.129264709898865
-0.459675255780753 0.0482317586294692 -0.0188347698927603 -0.0450016332526683
-0.394265966378828 0.217985607008494 -0.0775772844891878 -0.00697988616474851
-0.176654901973171 0.380912952456445 -0.0598246774192226 0.0580534408206579
0.0687874477575249 0.405056374795447 0.0208302431218593 0.0772652709492258
0.247609732551401 0.302484343219778 0.0388969118523162 0.0309955598327529
0.340697231665756 0.201065604041477 0.0436380009605861 0.0145833909726269
0.391526052417181 0.158214065300018 0.0598862569020983 -0.00114354396239821
0.384132052394464 0.16693043950636 0.0599219981529931 -0.0169134065575776
0.387419264828786 0.205217373342069 0.0492404412180067 -0.0336813349154375
0.319398450805191 0.324220002120774 0.0863334315544526 -0.0347036023533446
0.108618238046963 0.432276053786607 0.0985893203629459 0.000626970738788103
-0.165487971595861 0.446479240729563 0.0322048024051063 0.0610976285067647
-0.418838089632693 0.291607375825377 -6.26446082905553E-05 0.000499608460289892
-0.503681223609036 0.0487679114672577 0.0555920348730638 -0.110716686122489
-0.396794994966643 -0.0521305224180181 0.26913126712937 0.157166996654549
-0.395834334132295 0.082391702674734 0.122734517923504 -0.0485855548895646
-0.322951169436423 0.208538384637445 -0.0138047284667649 -0.0237664926812186
-0.146892791329618 0.331916871463435 -0.0548873635651073 0.0837558993716665
0.0581870819847203 0.358270966476312 0.045752581360979 0.158534279207873
0.215419078314591 0.270345674720369 0.123999225664922 0.121796128480418
0.30420272397373 0.177652125164312 0.177337269351694 0.0871036510611054
0.34401990129471 0.143770964391699 0.207420346992124 0.0543973656319503
0.327498614185007 0.149401798374132 0.194385209987901 0.0317287777888341
0.309494021999825 0.182689372506891 0.144759021797227 0.0169022600019539
0.234943591817056 0.269460095698884 0.135603269598595 0.0145236257637157
0.0506017358572901 0.328697834356911 0.107598609927966 0.0260075624485726
-0.138872111277156 0.301301883691441 0.055908475532636 0.0311330974105565
-0.303405583666036 0.216229477890823 0.0753989858886834 -0.0286027254107444
-0.388907582144106 0.0547447254635415 0.216202742351569 -0.110492359215091
-0.273072123007207 0.00270319419441559 0.42375423297381 0.169604624099354
-0.241854745626763 0.0936438564090574 0.245364948450195 -0.0443209672467197
-0.179300520875128 0.138751938014669 0.0551476319774485 -0.0296174734947648
-0.088625245930425 0.206524410535659 -0.0335417168074307 0.0955772986448835
0.0346529119619299 0.23743479616066 0.0715804110581256 0.209276844031907
0.144055672579206 0.184324095586561 0.197176769301353 0.188419808150802
0.218257497179691 0.122159732128942 0.288476945037493 0.142554492763753
0.245926590579879 0.10597924904658 0.323153167825522 0.100912972737067
0.226396734142177 0.112942181502319 0.291025136931344 0.0800290810713675
0.189066725356186 0.141842512146898 0.202050165298405 0.069476113135134
0.116735503231385 0.187044252036455 0.146059975613568 0.0630680430638436
-0.0169638107599055 0.189207441102677 0.0884881113686601 0.0503222538820962
-0.0953240631979564 0.126938035546799 0.0593518479350729 0.00498304779353402
-0.15606468221333 0.117779647767541 0.123465847638729 -0.0423740592839339
-0.22870564507665 0.0543148271296491 0.328614689859706 -0.104271291577366
-0.0956875626332287 0.0485145745218584 0.510806330799147 0.164990627255033
-0.0481541786242526 0.0679656020255049 0.327850943274732 -0.0435548335877402
-0.0237816710205227 0.0277216976711609 0.108298227667881 -0.0453616382603601
-0.0384475691685913 0.0478852497351143 -0.0137473509709745 0.0830363653881658
-0.0047604668315458 0.0845841808014262 0.0871583291908222 0.224335495193644
0.0453264008757443 0.0736604606007763 0.244747230929137 0.220748072729953
0.0966632957118427 0.0502282365908863 0.358957658205232 0.171082847412971
0.110377249946456 0.0508390930450233 0.389364890141434 0.13330653365656
0.0976656141120447 0.0576329082304748 0.34158274333694 0.119866178148795
0.0601703351107601 0.0793585996497062 0.220765623437702 0.116475531276579
0.0118609769225657 0.0869262432123764 0.124828629135553 0.101723544030426
-0.0495751371182633 0.0464159306664178 0.0516169291274835 0.0600672803115457
-0.0227082442207531 -0.0187946273271557 0.0569370617888519 -0.0207749036819827
-0.000109802782836713 0.0457774073715791 0.15523417188236 -0.0454660976373629
-0.0532358467570904 0.0627198707228732 0.387311052534723 -0.09200608427781
-0.0693352868355487 -0.0701306841835491 -0.408475625200362 0.0715848329627756
-0.110868007053141 -0.0190142762675568 -0.209501472752648 0.087063004735328
-0.0687511247853332 0.0752921762993474 -0.0790562755828068 0.0619617606523308
0.0222598998098892 0.0679129774790749 0.00943432718264909 -0.0274085841042001
0.0489646659657063 0.0276900430995635 -0.0531392257447262 -0.112556946329433
0.0435281736495218 0.0144240587490849 -0.177378918846603 -0.138593903566129
0.0261785209689613 0.0168204797281557 -0.305823978575609 -0.140823631298023
0.0410497682285399 0.0139181904338377 -0.377732880191639 -0.14855713669052
0.0539913116524304 0.0216466086958863 -0.361215906034002 -0.174335001081494
0.0749808308609047 0.0266122636963276 -0.261093006371158 -0.207059295614985
0.0700592023831717 0.0592824359191405 -0.126571227674105 -0.198387159527195
0.0230989998387176 0.118856025470105 -0.0268970841299337 -0.0914932929195617
-0.0986612866934294 0.133787449367035 -0.126835904925756 0.0338069243633436
-0.169504973299373 -0.000885221411414065 -0.285449007651209 -0.0220373014203035
-0.122586074553354 -0.0721779857116554 -0.47704136541826 -0.202436180459893
-0.203315093341387 -0.0968208211423719 -0.360577521735362 0.0605014674441016
-0.222317026990278 -0.016549460478076 -0.231276599037368 0.0457837934933126
-0.167277154856373 0.107556881828339 -0.105359939177843 0.066499188059256
-0.0307016614524059 0.157559967030217 0.00856936678593539 -0.00390726525726461
0.0681732684718727 0.138666300623055 -0.0248420494075248 -0.102648618735065
0.121815695574912 0.103065769548615 -0.147462289329526 -0.142891494756001
0.14204782065844 0.0827184324228861 -0.267460120713593 -0.13947728041245
0.180199975109129 0.0736992431303646 -0.328220622701061 -0.137114302641216
0.190839142009746 0.0916471011808809 -0.317113101175279 -0.151084168009799
0.202474677002961 0.120452607743183 -0.233618987501464 -0.175081355978992
0.159298040447369 0.193411663884961 -0.102681111362055 -0.167847252217017
0.0354143734827463 0.274067835688624 -0.00567882325007367 -0.0626506116056903
-0.179126790578418 0.290995736839153 -0.114499724074192 0.0777595956194943
-0.341994850061359 0.102382716828737 -0.264844004279392 0.0155220204374291
-0.322537049320902 -0.0618297263253948 -0.418349567959337 -0.165401040781922
-0.319362966104856 -0.118806039275723 -0.261163033895603 0.0672246086672668
-0.327919514340906 -0.0143596172053389 -0.21480121890284 0.00495126314240797
-0.272448804637547 0.135469785711481 -0.123904990333119 0.050445313070865
-0.0993344466294709 0.246183399298951 -0.0123673483818836 0.0163639496101616
0.0691018015259768 0.253811846583121 -0.0063937252700401 -0.0679235822010865
0.18295465939026 0.194298896218079 -0.10270543700433 -0.116793010133941
0.240117432417081 0.144645783516488 -0.192099665104454 -0.110055692852752
0.295528356851615 0.122003431502244 -0.229843232814161 -0.104292937639776
0.301747386999255 0.13911742488944 -0.220695057670253 -0.110300229937726
0.313156103450971 0.182020519885177 -0.164748219242567 -0.128663274916604
0.252755448283321 0.289609421129701 -0.0561783529334454 -0.127388898706964
0.0725762823389701 0.396607086835548 0.0276330581955403 -0.0410783045152946
-0.207609331387574 0.422644189494048 -0.0696677743699303 0.097588528225824
-0.445648833363442 0.209529467026492 -0.193626740644751 0.0382213527297307
-0.464751888447445 -0.0271066681463611 -0.29074137103956 -0.131657833508549
-0.402477046349296 -0.124490187199736 -0.110624703497603 0.0925795660518253
-0.414858289658565 0.00348749659118838 -0.142641887626492 -0.0253695540963797
-0.360994815886222 0.172822982407014 -0.116353133012905 0.0203168408942639
-0.157500974579654 0.326995123283737 -0.0408289865885015 0.033468376119075
0.0651500797878731 0.351392233959268 0.00550926458741428 -0.00584461036023798
0.223530756898489 0.268136483430203 -0.0406162249011158 -0.055273550621945
0.306779542080684 0.186660066102736 -0.0839889971228469 -0.055163622108751
0.364456786792954 0.152413711373873 -0.0941004854128993 -0.0560146053580151
0.365612727999081 0.164162608787175 -0.0873964871954236 -0.0634862728255723
0.376793146839228 0.206489397938685 -0.0636019489278376 -0.0786121494583476
0.313087184095129 0.329041410147458 0.0105777318272516 -0.0814889282243769
0.106231859219359 0.448695541995826 0.0649374615493308 -0.0210842022149245
-0.195511548083958 0.47889387445257 -0.0140091896827519 0.0885899718273223
-0.468924637107398 0.277690214052633 -0.0940965726677924 0.0291762527711485
-0.524267229051819 0.011827293830018 -0.119722694976015 -0.110783630537805
-0.428543166615939 -0.104598769682231 0.0722348871668124 0.126848791348183
-0.446041233784531 0.0356654548957906 -0.020740450694922 -0.0412507648278725
-0.386978127505192 0.20189187739331 -0.0757321133829536 -0.00997657378506959
-0.177556033046158 0.363023302056864 -0.0587232526187988 0.056491161948431
0.0597078840308163 0.39246831651961 0.0211163475006563 0.0769028095923092
0.232406353157918 0.296353507907465 0.0359117687157559 0.0318394209323896
0.323559271369766 0.201146560679046 0.0428943182152395 0.0155690202068109
0.376173834172426 0.159228425855116 0.057912524773085 0.000184203005018191
0.369932179911053 0.165746906398508 0.0582951882149564 -0.0147937804790509
0.370035159368598 0.20208386402188 0.0464784824402511 -0.0296712172788196
0.3034203467963 0.315973527960083 0.0803761212577286 -0.0342992212473257
0.0976348437025916 0.418643461472838 0.0940940349971506 0.00045191255751331
-0.169292476050389 0.42920376943486 0.0310484927410294 0.0619679497081892
-0.41104652302795 0.274189318269872 0.00370713250866328 0.000714978490608503
-0.487545225019037 0.0378454411081311 0.0612620305014206 -0.104594693752776
-0.383006101014353 -0.0614759476674009 0.256708209033375 0.157887029982099
-0.383499909131001 0.0697266838814917 0.117223517969899 -0.0433375482961268
-0.319864272880259 0.19414330308802 -0.0142055547862052 -0.0245531585300216
-0.148052011438458 0.317193616966223 -0.0549837837778294 0.0818987941610471
0.0484151077089022 0.34801520034384 0.0430217753182198 0.156227470683246
0.202485704744482 0.266291438293024 0.116381717404821 0.120272836252532
0.290847141477793 0.176056952640185 0.169988831198933 0.0867756093582611
0.330454927565374 0.14494357256813 0.199812487866214 0.0546016763895541
0.315802355271109 0.148303385485501 0.187089948561557 0.032925970457543
0.295116158192742 0.17971857684857 0.137509695973191 0.0198465531520186
0.223179881684798 0.260949517898263 0.126793776523681 0.0146624879184609
0.0433045282315286 0.316897292537703 0.101863568035063 0.0261995758115248
-0.14042620703773 0.289831918445782 0.0536826763029801 0.0332200577880297
-0.297636874583383 0.201340486249295 0.0767997802107143 -0.0258932995805613
-0.378322004644367 0.0447800577719853 0.215280157093268 -0.102085274834099
-0.263640199607892 -0.005693072651811 0.404483389076364 0.173443513059558
-0.235828009111109 0.0846732737247255 0.235628227390146 -0.037166196494059
-0.178197289891748 0.130575692212686 0.051999676888738 -0.028829792677356
-0.0897012916722325 0.196713487065471 -0.0350692523995837 0.0942001850340622
0.0292742642847683 0.230204789490603 0.0661360110752585 0.206007348015377
0.135651050397151 0.182366222307005 0.18502526530427 0.186096368390712
0.208275473419831 0.120834547470309 0.276536223317745 0.142029731242778
0.235952968988059 0.105565039414484 0.311436866180348 0.10175250905006
0.21773846697323 0.113094108558448 0.28058234718978 0.0799724065434122
0.17985832164099 0.138369724524429 0.192376198977068 0.0710178775453396
0.109495055939046 0.180658113147018 0.136574310099628 0.0619579613372885
-0.019091139808283 0.181821488967594 0.0826385956244947 0.0479358796866899
-0.0957518757223294 0.12162712354756 0.0565661303024843 0.00717333621026633
-0.153351316449148 0.109727647301409 0.123192336067859 -0.0383650448290434
-0.222298188127751 0.0461018044457202 0.322191541282595 -0.0948307510072736
-0.0934132615327817 0.0431482013561878 0.490689238546605 0.168473128979846
-0.0482281445753849 0.0646502070914617 0.316183163874013 -0.0372729571536773
-0.0250971518357324 0.0267825419474248 0.104010154626593 -0.0423107061534483
-0.0379475319859608 0.0457099395252248 -0.0157854569026248 0.0826404340491885
-0.00547845854601432 0.0817976364713597 0.0804442161755165 0.220856967699927
0.0425926887563301 0.0728891993151342 0.230945975987936 0.217835068770232
0.0911238143328015 0.0485918589125273 0.344251461304788 0.170196132651845
0.105802163214303 0.0501893857034226 0.375220929643092 0.132671528060651
0.0940838507016693 0.0578438799469086 0.328806991293565 0.11934225914166
0.0568191335645848 0.0772245597277166 0.209887429125592 0.115810701010486
0.00990165843600757 0.0832439102831462 0.115771777306355 0.0995000671203492
-0.0482585000986146 0.0436718735455527 0.0481284299038277 0.0575727590004777
-0.0225704830260934 -0.0173617885378055 0.0543498090803863 -0.0188968891420039
-0.00145675088918607 0.0425215713625177 0.15340972333665 -0.0404625213552665
-0.0533893800184231 0.0572228422195218 0.376920525170219 -0.0827528983508204
-0.0670336431756867 -0.0721247158290727 -0.411860571501734 0.0592638519939365
-0.109595229775774 -0.0224810528673023 -0.214153264972917 0.0828631404996189
-0.0694590545034604 0.0720324200096596 -0.0803591573812126 0.0618522191521283
0.0201637390466883 0.0679020864199308 0.0108388300281338 -0.0267977082413081
0.0480904893415111 0.0290831726737712 -0.0479794846302223 -0.114574625466545
0.0433880876517851 0.0150883612075721 -0.170275208279077 -0.143123516944563
0.0262053668383621 0.0190226343334021 -0.301846798206084 -0.148941951732263
0.0410048684680007 0.0165072505551431 -0.375360068611999 -0.158229926146033
0.0538774929533287 0.0230733335868855 -0.359345848910104 -0.184392815198505
0.0745227024598244 0.0284311619330791 -0.257539894653394 -0.215542931559067
0.0677915582588866 0.0616750659286386 -0.120825086600863 -0.204937342151438
0.0183426664103375 0.120062846958032 -0.0237981895497846 -0.0943580515220558
-0.104178246962618 0.130138993465399 -0.125908825492618 0.0290375274466514
-0.170708471727487 -0.00539330476692041 -0.285409016443853 -0.0344281505970349
-0.121274723101052 -0.0749278536121676 -0.471989891471897 -0.216894593882494
-0.200228987606302 -0.103574206352832 -0.365686327421389 0.0482825927970775
-0.22063653010312 -0.0239033070327743 -0.235620790762727 0.0406509290143011
-0.170099295484118 0.101581948641211 -0.106379620329767 0.0641781070308065
-0.0347553716809012 0.155481007867053 0.00979721014100281 -0.00354254280725536
0.0634235270971586 0.140397409058954 -0.0198452394533996 -0.103694162556103
0.118374073651781 0.106636548916238 -0.141534049047116 -0.14712952292297
0.140789571534082 0.0884235993021231 -0.263200086811163 -0.145182200956825
0.180608930097373 0.0797717883751408 -0.328215335923375 -0.143839676157857
0.189739368260235 0.0974169855938659 -0.314792240039504 -0.159151511614168
0.20012247337077 0.126520294893031 -0.230403573264432 -0.180807149895511
0.153895075747261 0.198401841970256 -0.098711461815651 -0.173279038631024
0.0256889844907616 0.276022002883141 -0.00309374968068332 -0.0650544634183458
-0.189712507054817 0.28540843716231 -0.115179753003096 0.0739460235494139
-0.347262737609376 0.0913885033934435 -0.265547577925616 0.00415100641315459
-0.32197928649608 -0.0713444825378716 -0.411628043555448 -0.176730367180082
-0.317312215286052 -0.13002026877728 -0.265105732410047 0.0597470606286898
-0.327316373721505 -0.0252295772955982 -0.218591378640019 0.000225233025947916
-0.277369220719361 0.125348372735494 -0.126329398352062 0.0471096970560106
-0.106835156454991 0.242357105941305 -0.0120595816026927 0.0166643597913162
0.0613412257560063 0.25565143392426 -0.00136429608239697 -0.0680044969064994
0.176900167065855 0.20030579624245 -0.0976544504130906 -0.118764546991161
0.237482737190859 0.153244013794903 -0.187725489327623 -0.114600926114221
0.29401979265325 0.130604028497889 -0.229703762020178 -0.108858193976778
0.300782492089764 0.149070380046996 -0.218457790772467 -0.116125325008977
0.309691617808713 0.191473802327451 -0.162714986131487 -0.132182401799229
0.246780664237999 0.296150363966611 -0.0551207939649838 -0.131266159570937
0.0597490833557649 0.398962475129593 0.0287542903787726 -0.0422490083427081
-0.221932592321681 0.416950282285902 -0.0707092512714134 0.0965129296147565
-0.456209195673004 0.198084046331549 -0.193188847935739 0.0288100801853775
-0.467757867798231 -0.0421462793016574 -0.284235087742281 -0.138953811873931
-0.400153061631566 -0.138644603511426 -0.114797411011488 0.0891795516800169
-0.414616677803797 -0.0106198422006026 -0.14490050397175 -0.0279729108999593
-0.368893713792363 0.161644812307695 -0.118726539329127 0.0162345115855573
-0.168743233318439 0.321504419886735 -0.0414115035185472 0.0337363312549508
0.0549478807370331 0.354114400324679 0.00893910704167854 -0.00488701741067856
0.215215569224091 0.275841712023391 -0.0382911734151212 -0.0555851318160557
0.301762959288331 0.198004478905775 -0.0824587208432373 -0.0564769987411766
0.363771730168647 0.161675226571689 -0.093900165458285 -0.0572532046239488
0.36466584240877 0.174979800218821 -0.0858025202689653 -0.0662221754783116
0.372113852691313 0.215759623993586 -0.0632280070161479 -0.0784341822137544
0.306340549514501 0.337286121439352 0.00978716958098272 -0.083053994199819
0.092667003660833 0.453374419885725 0.0643124932438395 -0.0215383508338676
-0.21319919056496 0.475336511504462 -0.0143202815828975 0.0896240647146518
-0.480478178761691 0.266775169128762 -0.0921782707444892 0.0244882791100149
-0.525775943824724 -0.00453911567403678 -0.11208758742426 -0.113683879397422
-0.426583013354185 -0.121827848695316 0.0674815062347819 0.129959134857763
-0.447572764036 0.0199071022884954 -0.022646293362394 -0.0403775025409721
-0.396259777827125 0.191010915632359 -0.0776496822333431 -0.013935495172207
-0.190091189797032 0.357460183450766 -0.0602908891518584 0.0569528442640445
0.0472722198633249 0.394943707364656 0.0215814796844289 0.0792757871685128
0.223790662557652 0.305614114739694 0.0347948339506797 0.0335774030240274
0.31887731765045 0.211443611577005 0.0426813317881807 0.0180127735409361
0.37508348336679 0.169807006295718 0.0571141708186724 0.00196690419110197
0.369203819965342 0.177236178410187 0.0587346963993037 -0.014279079782855
0.365119443755389 0.211921721277426 0.0461751902734596 -0.0264115777984786
0.295411464601097 0.322479771715488 0.0784425651989156 -0.0336066340910408
0.0858197120540256 0.421232487653233 0.0932393248058778 0.00197762203783667
-0.184907718505404 0.426374355040315 0.03125951277086 0.0646460387100582
-0.421729075841028 0.262785921354656 0.00695010276320113 -0.000769403101928229
-0.491536577477312 0.0217261622902963 0.0686338265138967 -0.102494918149805
-0.383532739459806 -0.0768717536382347 0.251213723957425 0.166413868817687
-0.386689816828906 0.055777830454722 0.115784695114898 -0.0381642824056144
-0.329812223487735 0.184467911714274 -0.0156550473523993 -0.026368799920113
-0.159193069875568 0.312332221035327 -0.0580863299889937 0.0831165733296933
0.0384264264742611 0.350186827772981 0.0406963952864507 0.159559563563127
0.19378079741152 0.274706610536425 0.111483084698373 0.125608975630855
0.285967861461568 0.185193219686361 0.16840184915514 0.0924352785188478
0.328726698731676 0.152414008967132 0.199149181838365 0.0593842706308114
0.314868653004988 0.15775671608717 0.187569574801697 0.0367704483377992
0.290327564305237 0.187593102640848 0.136285436198726 0.0258148136525491
0.215489257567041 0.265968529212555 0.123557985942774 0.0174227624372131
0.033244694855306 0.318048052126357 0.100131937613245 0.0272199021613344
-0.150444401214791 0.28756800522775 0.0533577226885643 0.0362105854542024
-0.306612663563719 0.19308550465609 0.0815956853608415 -0.0242834471682307
-0.381092516770656 0.0318594525733502 0.222959268150743 -0.096061364929544
-0.264531905411721 -0.0167725269170062 0.399987708688518 0.18730562324936
-0.239248268488356 0.075784162526312 0.23517784076852 -0.0297126140873537
-0.185735848085527 0.125689603124556 0.0509242537270564 -0.0283086951686549
-0.0970671743391818 0.194884024882977 -0.037759321016112 0.0956570753341703
0.0231762365664975 0.232223016190965 0.0614383049691639 0.210704687425016
0.130864688383469 0.188524773809202 0.178768859757953 0.193897553997498
0.204309154767498 0.126851949429832 0.272964637036697 0.150494317048126
0.234337126712878 0.11182267658959 0.311156493887226 0.107446658091439
0.216752568536869 0.119071379616538 0.279939861492849 0.0870991628682699
0.175776743704714 0.143548826143331 0.190258568331232 0.0767819544575762
0.104542076817783 0.18282274051434 0.131796736351325 0.0652730605313625
-0.024810712667579 0.180217777783312 0.0805018843768543 0.049072987888763
-0.100187604229658 0.120120210529007 0.0559965526133701 0.010005418148056
-0.157692966090034 0.1044340313436 0.128196316482531 -0.0347966044475985
-0.224943310758146 0.0372751499589534 0.328000946254492 -0.0848347481426604
-0.0962977797233167 0.0384598831044879 0.485468689724306 0.185499133485116
-0.0505717395912153 0.0632073435074433 0.317304248525089 -0.0265815093100896
-0.0276840646790382 0.0265118516704395 0.104348206264313 -0.0395029489549447
-0.0400659906508733 0.0448154199884974 -0.0186101440692543 0.0848844029599799
-0.00705671769732547 0.0816987118368298 0.0746844669205601 0.226409646735939
0.0404647396971307 0.0758752424094308 0.224060714844785 0.226790034129073
0.088889872794215 0.0503431860972261 0.339345573666797 0.180680121405915
0.105217341429728 0.052552566338433 0.374761001373341 0.140019449345639
0.0935437793031157 0.0600809049898948 0.326479261654571 0.12671031322125
0.0546931155389945 0.0794094774448052 0.206726746082899 0.121398433546667
0.00792449837552413 0.0832941838752904 0.11021454580301 0.101975151311461
-0.0495844515595675 0.0420797790840046 0.0454794558578419 0.057087026248829
-0.0226494093866841 -0.017458898684204 0.0544253983052556 -0.0171767635108632
-0.00294148565619078 0.0415430404961974 0.157571666690197 -0.0353788431248336
-0.055912972512121 0.0537836989227992 0.381660172719828 -0.0719041842021408
