TRXV5
3
4
4
9
string Extension=J
integer IsArchMeasurement=1
integer IsSpherical=1
string Generator=SPM
string GeneratorVersion=1.3.1 Dev
double ArchRadius=0.449999988079071
integer FrequencyAxisIndex=0
integer AzimuthAxisIndex=1
integer ElevationAxisIndex=2
Frequency
5 136 690000000 960000000 LIN
Azimuth
7 8 0 2.74889357189107 LIN
Elevation
7 15 -2.74889357189107 2.74889357189107 LIN
Polar H Real Part
13
Polar H Imaginary Part
14
Polar V Real Part
13
Polar V Imaginary Part
14
Polar H Magnitude (dB)
12 0xC0000002 0 1
Polar H Phase
7 0xC0000003 0 1
Polar V Magnitude (dB)
12 0xC0000002 2 3
Polar V Phase
7 0xC0000003 2 3
0.00305747985839844 0.00354266166687012 -0.0515975952148438 -0.0792160034179688
-0.00220251083374024 -0.00741815567016602 -0.0191612243652344 -0.0313262939453125
-0.0109729766845703 -0.00106048583984375 0.0254287719726562 -0.00251197814941406
-0.00596189498901367 0.00800323486328125 0.0584678649902344 -0.0210533142089844
0.00229883193969727 0.00618553161621094 0.0596160888671875 -0.0466499328613281
0.00262761116027832 0.00198841094970703 0.0415878295898438 -0.07489013671875
0.0020599365234375 -0.00599861145019531 0.0139999389648438 -0.082275390625
6.43730163574219E-05 -0.00488948822021484 -0.00707244873046875 -0.0670433044433594
3.48091125488282E-05 -0.00490188598632813 -0.0161209106445313 -0.0480918884277344
0.00393128395080566 -0.00328516960144043 -0.0195655822753906 -0.0335426330566406
0.00341272354125977 0.001617431640625 -0.0333042144775391 -0.0197849273681641
-0.00539255142211914 0.00430536270141601 -0.0384941101074219 -0.0118255615234375
-0.0113067626953125 -0.00661754608154297 -0.0519676208496094 -0.0119552612304688
-9.63211059570315E-05 -0.013361930847168 -0.07904052734375 -0.00748443603515626
0.000787734985351562 -0.00708866119384766 -0.0847091674804688 -0.00462341308593752
0.0317211151123047 0.0267372131347656 -0.0409698486328125 -0.0743026733398438
0.0281410217285156 0.0123920440673828 -0.00731086730957031 -0.0255947113037109
0.0170478820800781 0.00936031341552735 0.0322170257568359 -0.00199508666992187
0.0224132537841797 0.00846099853515625 0.0634689331054688 -0.0209388732910156
0.0247344970703125 -0.00237846374511719 0.0612525939941406 -0.0449256896972656
0.0197658538818359 -0.0187301635742188 0.042266845703125 -0.0732803344726563
0.00957679748535156 -0.0305824279785156 0.0126571655273437 -0.07562255859375
0.00715065002441406 -0.0277690887451172 -0.00938796997070312 -0.058563232421875
0.00639915466308594 -0.0306682586669922 -0.0189971923828125 -0.0398674011230469
0.0147438049316406 -0.0290317535400391 -0.0238971710205078 -0.0282135009765625
0.0215930938720703 -0.0178413391113281 -0.0359649658203125 -0.0154838562011719
0.0193290710449219 -0.0084381103515625 -0.038330078125 -0.00983428955078125
0.0167465209960938 -0.00630855560302734 -0.0505638122558594 -0.00860595703125001
0.0295047760009766 -0.00337791442871094 -0.071044921875 -0.00150299072265624
0.0315608978271484 0.00739288330078125 -0.0759963989257813 0.00260162353515625
0.054656982421875 0.0467987060546875 -0.0221519470214844 -0.0616912841796875
0.0549201965332031 0.0321502685546875 0.00926589965820313 -0.0130157470703125
0.0456733703613281 0.018890380859375 0.0408668518066406 0.001861572265625
0.0493202209472656 0.00846481323242188 0.0662574768066406 -0.0173225402832031
0.0463371276855469 -0.0109329223632812 0.0595169067382813 -0.04010009765625
0.034454345703125 -0.03839111328125 0.0382194519042969 -0.0660171508789063
0.0158233642578125 -0.0504570007324219 0.0098876953125 -0.0606155395507813
0.0123748779296875 -0.0462760925292969 -0.0104560852050781 -0.0417861938476563
0.01055908203125 -0.0522232055664062 -0.0191173553466797 -0.0223884582519531
0.021484375 -0.05181884765625 -0.0257701873779297 -0.0150051116943359
0.0348625183105469 -0.03619384765625 -0.0386543273925781 -0.0050811767578125
0.0389251708984375 -0.0233726501464844 -0.0386848449707031 -0.00493240356445313
0.0426025390625 -0.00853347778320313 -0.0480003356933594 -0.00640869140624999
0.0557823181152344 0.00482940673828125 -0.0566749572753906 0.002655029296875
0.0566558837890625 0.0199203491210938 -0.0577392578125 0.0123519897460938
0.0702972412109375 0.0599136352539063 0.00293350219726563 -0.0442237854003906
0.076385498046875 0.0453414916992188 0.0291671752929688 0.0018463134765625
0.0690689086914063 0.0240020751953125 0.0479965209960938 0.00753402709960938
0.0706253051757813 0.00472259521484375 0.0655784606933594 -0.0126228332519531
0.060791015625 -0.0209884643554688 0.0531158447265625 -0.0317726135253906
0.0430107116699219 -0.0533180236816406 0.0309333801269531 -0.0514945983886719
0.0181922912597656 -0.0632514953613281 0.00656509399414063 -0.038238525390625
0.0152702331542969 -0.05767822265625 -0.0100040435791016 -0.0181350708007813
0.0125923156738281 -0.0652618408203125 -0.0179214477539063 -0.000724792480468757
0.0247268676757812 -0.0657501220703125 -0.0271110534667969 0.00338554382324218
0.0428085327148438 -0.0485496520996094 -0.0391654968261719 0.00876235961914062
0.0530166625976563 -0.03399658203125 -0.0389213562011719 0.00136947631835937
0.0626907348632813 -0.00963973999023438 -0.043212890625 -0.00569534301757813
0.0752105712890625 0.0124130249023438 -0.0369644165039062 0.00542449951171874
0.07354736328125 0.031585693359375 -0.0324630737304687 0.0245723724365234
0.0742645263671875 0.0620651245117188 0.0295143127441406 -0.0259971618652344
0.08636474609375 0.0500030517578125 0.0492210388183594 0.0138320922851563
0.0811767578125 0.023101806640625 0.0538177490234375 0.0104331970214844
0.0799331665039063 -0.00226593017578125 0.0604515075683594 -0.00529098510742188
0.065155029296875 -0.0295372009277344 0.0437507629394531 -0.0194816589355469
0.0422439575195313 -0.0611381530761719 0.0219249725341797 -0.0313968658447266
0.0165557861328125 -0.0664939880371094 0.00333690643310547 -0.0121622085571289
0.014862060546875 -0.0598258972167969 -0.00835084915161133 0.00801229476928711
0.0129814147949219 -0.0682716369628906 -0.0152301788330078 0.0234107971191406
0.0268096923828125 -0.0693511962890625 -0.0277881622314453 0.0233383178710937
0.0475959777832031 -0.0517425537109375 -0.0390663146972656 0.0226020812988281
0.0614585876464844 -0.0362052917480469 -0.0374984741210937 0.0070648193359375
0.07354736328125 -0.00505828857421875 -0.0358619689941406 -0.00525665283203126
0.0830764770507812 0.0216445922851562 -0.0142621994018555 0.00860691070556641
0.07696533203125 0.0410079956054688 -0.00489425659179687 0.0399665832519531
0.06610107421875 0.0556144714355469 0.0546493530273438 -0.0117454528808594
0.082000732421875 0.0462875366210937 0.0669021606445313 0.020355224609375
0.0775680541992188 0.0174331665039063 0.0554580688476563 0.0107345581054688
0.074951171875 -0.00868988037109375 0.0521354675292969 0.000690460205078124
0.0569229125976563 -0.0330276489257813 0.0335617065429688 -0.00592803955078125
0.0336227416992187 -0.0600624084472656 0.0147809982299805 -0.00886249542236328
0.0112075805664063 -0.0601463317871094 0.00347614288330078 0.0143222808837891
0.011871337890625 -0.0527229309082031 -0.00486183166503906 0.0325469970703125
0.0123176574707031 -0.0610694885253906 -0.0133628845214844 0.0456733703613281
0.02642822265625 -0.0613212585449219 -0.0292739868164062 0.0429000854492188
0.0472640991210938 -0.0451507568359375 -0.0404472351074219 0.0351982116699219
0.0617942810058594 -0.0302772521972656 -0.0376663208007812 0.0134429931640625
0.0726318359375 0.003448486328125 -0.0280647277832031 -0.00329971313476562
0.07769775390625 0.0305023193359375 0.00768089294433594 0.0147724151611328
0.0674552917480469 0.0462379455566406 0.0209236145019531 0.0574607849121094
0.0461997985839844 0.0410423278808594 0.0742034912109375 -0.00323486328125
0.0656661987304688 0.0350875854492188 0.0784149169921875 0.0185775756835938
0.0612258911132813 0.00978851318359375 0.0539665222167969 0.0081634521484375
0.0560760498046875 -0.0114784240722656 0.0427818298339844 0.00632095336914063
0.0405006408691406 -0.0299224853515625 0.0261783599853516 0.00606536865234375
0.0191268920898438 -0.0482597351074219 0.0115671157836914 0.0118341445922852
0.00452041625976563 -0.0435028076171875 0.00516128540039063 0.0365943908691406
0.00635147094726563 -0.0375938415527344 -0.00138092041015625 0.0527381896972656
0.00841903686523437 -0.04522705078125 -0.0137710571289063 0.0637397766113281
0.0210304260253906 -0.0454978942871094 -0.0338401794433594 0.057830810546875
0.0395164489746094 -0.0318183898925781 -0.0447120666503906 0.0439453125
0.0526885986328125 -0.0192146301269531 -0.0395278930664063 0.0183982849121094
0.0592384338378906 0.011688232421875 -0.0222663879394531 0.000869750976562496
0.0601119995117188 0.0343513488769531 0.0231895446777344 0.0238723754882813
0.0467109680175781 0.0441322326660156 0.03900146484375 0.0753021240234375
0.0180568695068359 0.0233497619628906 0.084991455078125 -0.00168609619140625
0.0382499694824219 0.0223350524902344 0.0818710327148437 0.013397216796875
0.0355186462402344 0.00365066528320313 0.05126953125 0.00512313842773438
0.0299091339111328 -0.0104007720947266 0.0365943908691406 0.0110054016113281
0.0181007385253906 -0.0198860168457031 0.0232143402099609 0.0151424407958984
0.00311088562011719 -0.027679443359375 0.0117855072021484 0.0264549255371094
-0.00195121765136719 -0.0195217132568359 0.00928497314453125 0.0498275756835938
-8.96453857421873E-05 -0.016291618347168 0.00246810913085937 0.0645294189453125
0.00184059143066406 -0.0225067138671875 -0.0145721435546875 0.0747833251953125
0.0092010498046875 -0.0246849060058594 -0.0397377014160156 0.0674667358398438
0.0237102508544922 -0.0183334350585938 -0.04962158203125 0.0487442016601563
0.0335311889648438 -0.00968742370605469 -0.0436515808105469 0.0219879150390625
0.0375137329101563 0.0131874084472656 -0.0215854644775391 0.00640869140625
0.0340251922607422 0.0279922485351562 0.0293922424316406 0.0336418151855469
0.0192756652832031 0.0321598052978516 0.0471954345703125 0.0896224975585938
0.00461769104003906 0.00396823883056641 -0.0575027465820313 -0.0760574340820312
-0.00239229202270508 -0.00743532180786133 -0.0216197967529297 -0.0297832489013672
-0.0112838745117188 -5.05447387695308E-05 0.0258979797363281 -0.00441932678222656
-0.00455856323242188 0.00870323181152344 0.0583610534667969 -0.0262031555175781
0.00292396545410156 0.00557470321655273 0.0572738647460938 -0.0519256591796875
0.00316619873046875 0.00134038925170898 0.036651611328125 -0.0792388916015625
0.00207233428955078 -0.00665378570556641 0.00641632080078126 -0.0835342407226563
0.000319004058837891 -0.0048222541809082 -0.0137252807617188 -0.0664176940917969
0.000121593475341797 -0.00516653060913086 -0.0214080810546875 -0.0476341247558594
0.00435566902160645 -0.0037539005279541 -0.0233001708984375 -0.0331401824951172
0.00414037704467774 0.00135016441345215 -0.0363998413085938 -0.017822265625
-0.00490522384643555 0.00539731979370117 -0.0404472351074219 -0.00950622558593749
-0.0121994018554688 -0.00497817993164063 -0.053955078125 -0.00942230224609376
-0.00148582458496094 -0.0132331848144531 -0.0811920166015625 -0.0015716552734375
-0.000140666961669922 -0.0065460205078125 -0.08758544921875 0.00326538085937499
0.0358619689941406 0.0250625610351563 -0.0456466674804688 -0.0717697143554688
0.0299949645996094 0.0102367401123047 -0.00908851623535156 -0.0244865417480469
0.0187606811523437 0.0077972412109375 0.0331058502197266 -0.00347900390625
0.0237388610839844 0.00712966918945313 0.0630531311035156 -0.0259132385253906
0.0249710083007813 -0.00466537475585938 0.059356689453125 -0.0501823425292969
0.0187301635742188 -0.0212841033935547 0.0368728637695313 -0.0775527954101563
0.00754165649414063 -0.0317268371582031 0.00579833984375001 -0.0774383544921875
0.00522804260253906 -0.0290622711181641 -0.0154228210449219 -0.057525634765625
0.00437355041503906 -0.031585693359375 -0.0239334106445313 -0.0383110046386719
0.0128307342529297 -0.0310077667236328 -0.0271587371826172 -0.0270099639892578
0.0210590362548828 -0.0194263458251953 -0.0388908386230469 -0.0128898620605469
0.0183506011962891 -0.0100593566894531 -0.0402908325195313 -0.00797271728515624
0.0163478851318359 -0.00697231292724609 -0.0522918701171875 -0.00569534301757812
0.0288524627685547 -0.00554275512695312 -0.0731353759765625 0.00418853759765625
0.032745361328125 0.00548362731933594 -0.07855224609375 0.00930023193359376
0.0606765747070313 0.0434226989746094 -0.0256004333496094 -0.0601348876953125
0.0593643188476563 0.0276832580566406 0.0085134506225586 -0.0126943588256836
0.047943115234375 0.0157279968261719 0.0422248840332031 0.000209808349609376
0.0515060424804688 0.00406265258789063 0.0663414001464844 -0.0220794677734375
0.0456352233886719 -0.0150909423828125 0.0577545166015625 -0.045135498046875
0.0312042236328125 -0.0415153503417969 0.0333442687988281 -0.0692558288574219
0.0116195678710938 -0.0521736145019531 0.0048675537109375 -0.0617408752441406
0.00851821899414062 -0.0485954284667969 -0.0151519775390625 -0.0400466918945313
0.00644302368164062 -0.0535011291503906 -0.0224857330322266 -0.0208148956298828
0.0175666809082031 -0.0543670654296875 -0.0291881561279297 -0.0133380889892578
0.0325279235839844 -0.0393905639648438 -0.0404853820800781 -0.00203704833984376
0.0375289916992188 -0.0263938903808594 -0.0410728454589844 -0.00275039672851563
0.0419807434082031 -0.0114784240722656 -0.0498428344726563 -0.00332641601562501
0.0567970275878906 0.000667572021484375 -0.0579833984375 0.00739288330078125
0.0591468811035156 0.016265869140625 -0.0590286254882812 0.0181922912597656
0.0766067504882813 0.0547714233398438 0.00054550170898438 -0.0441360473632813
0.0809783935546875 0.0397186279296875 0.0298957824707031 0.001129150390625
0.0717620849609375 0.0186614990234375 0.0499649047851563 0.005523681640625
0.072540283203125 -0.0020904541015625 0.06658935546875 -0.0166244506835938
0.0600967407226563 -0.0266990661621094 0.0517654418945313 -0.0354804992675781
0.0380821228027344 -0.0570831298828125 0.0266342163085938 -0.0537910461425781
0.0127639770507812 -0.0652008056640625 0.0027923583984375 -0.0390357971191406
0.01007080078125 -0.0596084594726563 -0.0125131607055664 -0.0161027908325195
0.00737762451171876 -0.0671615600585938 -0.0191535949707031 0.00140190124511718
0.0200614929199219 -0.0685844421386719 -0.0286712646484375 0.00491523742675781
0.03955078125 -0.0528717041015625 -0.0404891967773438 0.0118904113769531
0.0507354736328125 -0.0390243530273438 -0.0408287048339844 0.00367736816406249
0.0622520446777344 -0.0141983032226563 -0.0455055236816406 -0.00208282470703125
0.0770111083984375 0.00661468505859375 -0.0375518798828125 0.00839233398437501
0.07708740234375 0.0264739990234375 -0.0326995849609375 0.0290164947509766
0.080963134765625 0.0570907592773438 0.0293045043945313 -0.0279884338378906
0.091339111328125 0.0430526733398437 0.05120849609375 0.0120353698730469
0.083648681640625 0.0172882080078125 0.0556526184082031 0.00928115844726563
0.0814895629882813 -0.0088348388671875 0.061309814453125 -0.00933837890625
0.0633583068847656 -0.0349617004394531 0.0430450439453125 -0.022918701171875
0.0373916625976563 -0.0650901794433594 0.0193462371826172 -0.0331764221191406
0.0108680725097656 -0.0677642822265625 0.00238990783691406 -0.0124521255493164
0.00981521606445312 -0.0617446899414063 -0.00779914855957031 0.00951576232910156
0.00760650634765625 -0.0704498291015625 -0.0145931243896484 0.0255928039550781
0.020416259765625 -0.0719680786132812 -0.0269355773925781 0.0260639190673828
0.0431442260742187 -0.05657958984375 -0.0396766662597656 0.026702880859375
0.0586318969726563 -0.0423316955566406 -0.0384101867675781 0.00976181030273437
0.0733642578125 -0.0108795166015625 -0.03802490234375 -0.00221252441406249
0.085723876953125 0.01580810546875 -0.0144519805908203 0.009765625
0.0817031860351563 0.0349884033203125 -0.00378036499023437 0.0421218872070313
0.0717849731445313 0.0500411987304687 0.0560722351074219 -0.0153121948242187
0.0870361328125 0.0394134521484375 0.0702667236328125 0.0165863037109375
0.0800552368164063 0.01202392578125 0.0578155517578125 0.00934982299804688
0.0751876831054688 -0.0144882202148438 0.0537605285644531 -0.00128555297851563
0.0547294616699219 -0.0386161804199219 0.0337142944335938 -0.00792503356933594
0.028167724609375 -0.0629348754882813 0.0139875411987305 -0.00941658020019532
0.0059661865234375 -0.0603523254394531 0.00431728363037109 0.0146646499633789
0.00725173950195312 -0.0542030334472656 -0.00267219543457031 0.0343132019042969
0.00635147094726562 -0.0627479553222656 -0.0102386474609375 0.0475311279296875
0.0203437805175781 -0.0643272399902344 -0.0278701782226563 0.0457267761230469
0.0432548522949219 -0.0501365661621094 -0.0397224426269531 0.0390472412109375
0.0597724914550781 -0.0364112854003906 -0.0381584167480469 0.01629638671875
0.07330322265625 -0.003082275390625 -0.0298309326171875 -0.000656127929687504
0.0807723999023438 0.0242156982421875 0.00833892822265625 0.0139484405517578
0.0725479125976563 0.0411453247070313 0.0236587524414063 0.057708740234375
0.0506057739257812 0.0371475219726562 0.0762481689453125 -0.008880615234375
0.0692405700683594 0.0300636291503906 0.0815963745117187 0.0145797729492188
0.0630111694335938 0.0054779052734375 0.0562858581542969 0.00627899169921875
0.056610107421875 -0.0167045593261719 0.0444526672363281 0.00539398193359375
0.0380783081054687 -0.0337562561035156 0.0271224975585938 0.00564002990722656
0.0143775939941406 -0.0495147705078125 0.0127429962158203 0.0117359161376953
0.000507354736328125 -0.0428848266601563 0.00894927978515625 0.0362930297851563
0.00286483764648438 -0.0376739501953125 0.00287628173828125 0.0536270141601563
0.00450897216796875 -0.0458793640136719 -0.0082550048828125 0.0658988952636719
0.0167350769042969 -0.0477867126464844 -0.0302810668945313 0.0616111755371094
0.0372047424316406 -0.0358123779296875 -0.04315185546875 0.0480728149414062
0.051300048828125 -0.0239524841308594 -0.0392837524414062 0.0218276977539063
0.0613059997558594 0.00607681274414063 -0.0231914520263672 0.00295257568359375
0.0628662109375 0.0297164916992188 0.0249385833740234 0.0222930908203125
0.0516433715820312 0.0398292541503906 0.0437088012695313 0.073944091796875
0.0206413269042969 0.0206146240234375 0.0876312255859375 -0.00818634033203125
0.0403175354003906 0.0188369750976563 0.0853042602539063 0.00807952880859375
0.0366439819335938 0.00096893310546875 0.0527229309082031 0.00287628173828125
0.0293521881103516 -0.0129528045654297 0.0381202697753906 0.00942230224609375
0.0164337158203125 -0.0218696594238281 0.0250186920166016 0.0140895843505859
3.81469726562529E-05 -0.0273780822753906 0.0145778656005859 0.0260257720947266
-0.0041961669921875 -0.0185604095458984 0.0139846801757813 0.0492897033691406
-0.00184917449951172 -0.0158977508544922 0.00797271728515624 0.0645942687988281
-0.000572204589843749 -0.0223255157470703 -0.00862884521484375 0.0767974853515625
0.00680923461914062 -0.0259208679199219 -0.034759521484375 0.0707626342773438
0.0219612121582031 -0.0210342407226563 -0.0473899841308594 0.0533561706542969
0.0328178405761719 -0.0128593444824219 -0.0427589416503906 0.0262069702148438
0.0389556884765625 0.0102996826171875 -0.0219898223876953 0.00757980346679688
0.0366058349609375 0.0249786376953125 0.031005859375 0.0313644409179688
0.0221710205078125 0.0310401916503906 0.0535812377929688 0.0872116088867188
0.00548887252807617 0.00398492813110352 -0.0595016479492188 -0.0707321166992188
-0.00263738632202148 -0.00720119476318359 -0.0224475860595703 -0.0272731781005859
-0.0105886459350586 0.000555992126464842 0.0258903503417969 -0.00601387023925781
-0.00324869155883789 0.00858306884765625 0.0557899475097656 -0.0295066833496094
0.00403642654418945 0.00506925582885742 0.053192138671875 -0.0552711486816406
0.00432610511779785 0.000145673751831055 0.0310211181640625 -0.0801239013671875
0.00218057632446289 -0.00740480422973633 -6.10351562500043E-05 -0.082061767578125
0.00110864639282227 -0.00541830062866211 -0.01898193359375 -0.0631294250488281
0.000589847564697265 -0.00510931015014648 -0.0252304077148438 -0.0445747375488281
0.00502920150756836 -0.00456333160400391 -0.0258827209472656 -0.0313205718994141
0.0049591064453125 0.00120735168457031 -0.0374794006347656 -0.015594482421875
-0.00427770614624023 0.00651025772094727 -0.0405731201171875 -0.00751113891601563
-0.01251220703125 -0.00359725952148438 -0.0539016723632813 -0.00700378417968749
-0.00280952453613281 -0.0124950408935547 -0.080047607421875 0.00339508056640627
-0.000192642211914062 -0.00565719604492187 -0.0865554809570313 0.00959014892578126
0.0371475219726563 0.0225753784179688 -0.0479621887207031 -0.0670852661132813
0.0303096771240234 0.00737571716308594 -0.00995063781738281 -0.0220470428466797
0.0192604064941406 0.00632286071777344 0.0333156585693359 -0.00479888916015625
0.0239620208740234 0.00481986999511719 0.0606536865234375 -0.0283088684082031
0.0242271423339844 -0.00677680969238281 0.0550918579101563 -0.0532302856445313
0.0166130065917969 -0.0223464965820313 0.0309600830078125 -0.0786056518554688
0.00535774230957031 -0.0319461822509766 -8.39233398437519E-05 -0.0751876831054688
0.0036468505859375 -0.0293407440185547 -0.0195426940917969 -0.0536880493164063
0.00248908996582031 -0.0314598083496094 -0.0266838073730469 -0.0348072052001953
0.010894775390625 -0.0311393737792969 -0.0298748016357422 -0.0250911712646484
0.0197257995605469 -0.0209732055664063 -0.0400619506835938 -0.0100784301757812
0.0181827545166016 -0.0106124877929688 -0.04083251953125 -0.00551986694335938
0.0155191421508789 -0.00701332092285156 -0.05194091796875 -0.00315093994140624
0.027587890625 -0.00689888000488281 -0.0718765258789063 0.00820922851562499
0.0321693420410156 0.00341796875 -0.0775070190429688 0.0154571533203125
0.06304931640625 0.0385017395019531 -0.0274925231933594 -0.0569725036621094
0.0599861145019531 0.02264404296875 0.00854682922363282 -0.0118513107299805
0.0484161376953125 0.0120353698730469 0.0418243408203125 -0.00131988525390625
0.050689697265625 -9.1552734375E-05 0.06451416015625 -0.02532958984375
0.0441398620605469 -0.0185165405273438 0.05364990234375 -0.0478744506835938
0.0277137756347656 -0.042510986328125 0.0278358459472656 -0.0696334838867188
0.00785064697265625 -0.0522575378417969 9.9182128906244E-05 -0.0600471496582031
0.0052490234375 -0.0483055114746094 -0.0177574157714844 -0.0366706848144531
0.0021514892578125 -0.0527572631835938 -0.0243740081787109 -0.0177726745605469
0.0130348205566406 -0.0541610717773438 -0.0311832427978516 -0.0110130310058594
0.02947998046875 -0.0407142639160156 -0.0415000915527344 0.000724792480468746
0.0355606079101563 -0.0286140441894531 -0.0408744812011719 -0.000614166259765625
0.0401344299316406 -0.0125274658203125 -0.0498161315917969 -0.000324249267578126
0.0548515319824219 -0.00318145751953125 -0.0572166442871094 0.011505126953125
0.0600509643554687 0.0115890502929687 -0.0577354431152344 0.0229301452636719
0.079559326171875 0.048095703125 -0.000503540039062494 -0.0428237915039063
0.0818710327148438 0.0326385498046875 0.0300159454345703 0.000471115112304689
0.072021484375 0.0139617919921875 0.0498466491699219 0.00406265258789063
0.0711517333984375 -0.00720977783203125 0.0653495788574219 -0.0191230773925781
0.0560150146484375 -0.0304603576660156 0.04852294921875 -0.0381507873535156
0.0325355529785156 -0.058319091796875 0.0222434997558594 -0.0538482666015625
0.00757217407226563 -0.064239501953125 0.000164031982421877 -0.0373382568359375
0.00560379028320313 -0.0590438842773438 -0.013545036315918 -0.0138044357299805
0.00203704833984374 -0.0657577514648438 -0.0197467803955078 0.00332832336425781
0.0137062072753906 -0.0685272216796875 -0.0294551849365234 0.00751495361328125
0.0348625183105469 -0.0546951293945313 -0.0399360656738281 0.0145187377929688
0.0472373962402344 -0.0416183471679687 -0.0400848388671875 0.00596618652343749
0.0594253540039063 -0.0177726745605469 -0.0456581115722656 0.000850677490234374
0.0753631591796875 0.0019683837890625 -0.0373039245605469 0.0114402770996094
0.078155517578125 0.01983642578125 -0.0315513610839844 0.03204345703125
0.0845260620117188 0.0497817993164063 0.0285396575927734 -0.0288619995117188
0.09222412109375 0.03546142578125 0.0522956848144531 0.00966262817382813
0.0828704833984375 0.01171875 0.0559921264648438 0.00738525390625
0.0794296264648438 -0.0148391723632812 0.0603103637695313 -0.0107994079589844
0.0594139099121094 -0.0389595031738281 0.0411949157714844 -0.0243110656738281
0.031036376953125 -0.0656661987304687 0.01666259765625 -0.0328636169433594
0.00521087646484375 -0.066680908203125 0.00152206420898438 -0.0114097595214844
0.004913330078125 -0.0607109069824219 -0.00731277465820313 0.0109710693359375
0.00193023681640626 -0.0685081481933594 -0.0128936767578125 0.0267448425292969
0.0145339965820313 -0.0718002319335938 -0.0267391204833984 0.0277080535888672
0.0384368896484375 -0.0583572387695313 -0.0382003784179687 0.02825927734375
0.0539474487304688 -0.0457763671875 -0.0385513305664062 0.0123634338378906
0.070343017578125 -0.0156097412109375 -0.0383377075195312 0.000919342041015623
0.0846405029296875 0.00971221923828125 -0.0145330429077148 0.0113210678100586
0.0830307006835937 0.0281295776367187 -0.00205612182617187 0.0429801940917969
0.0745697021484375 0.0430831909179688 0.055145263671875 -0.0186119079589844
0.0875167846679688 0.0321502685546875 0.0703201293945312 0.0129241943359375
0.079071044921875 0.0060272216796875 0.05792236328125 0.00715255737304688
0.0733108520507813 -0.0201263427734375 0.0534553527832031 -0.00319290161132813
0.0504989624023438 -0.04132080078125 0.0328578948974609 -0.0091094970703125
0.0219039916992188 -0.0624198913574219 0.0127601623535156 -0.00921916961669922
0.000801086425781244 -0.0587158203125 0.00568485260009766 0.0142593383789062
0.00232696533203125 -0.0530891418457031 5.72204589843735E-05 0.0342636108398437
0.00108718872070312 -0.0613059997558594 -0.006805419921875 0.0485954284667969
0.0141220092773438 -0.0644302368164063 -0.0247917175292969 0.0470619201660156
0.0384521484375 -0.052520751953125 -0.0374908447265625 0.0410499572753906
0.0555953979492188 -0.0406608581542969 -0.0373382568359375 0.0183372497558594
0.0708236694335938 -0.0076141357421875 -0.0297145843505859 0.00122451782226562
0.0808486938476563 0.0185165405273438 0.00795459747314454 0.0135087966918945
0.0744400024414063 0.0341873168945313 0.0257949829101563 0.0560150146484375
0.0525779724121094 0.0316390991210938 0.0759429931640625 -0.0138397216796875
0.0693588256835938 0.0235328674316406 0.0817413330078125 0.00994873046875
0.0623283386230469 0.001190185546875 0.0560951232910156 0.00479507446289063
0.0541725158691406 -0.0203971862792969 0.0449905395507813 0.00320816040039062
0.0339202880859375 -0.0356216430664063 0.0278568267822266 0.00409317016601562
0.00959396362304687 -0.0485763549804688 0.013148307800293 0.0112590789794922
-0.00323867797851563 -0.0410537719726563 0.0117435455322266 0.03448486328125
-0.000339508056640624 -0.0368423461914062 0.00689315795898438 0.0524826049804688
-0.00052261352539062 -0.0444259643554687 -0.00365447998046875 0.0656623840332031
0.0113258361816406 -0.0471878051757813 -0.0268516540527344 0.0615386962890625
0.03289794921875 -0.0381546020507813 -0.0391502380371094 0.0503730773925781
0.0481147766113281 -0.028289794921875 -0.0379142761230469 0.0237960815429688
0.0599136352539062 0.0017242431640625 -0.0233573913574219 0.00502204895019531
0.064117431640625 0.0239677429199219 0.0240612030029297 0.0199165344238281
0.0536880493164063 0.0354042053222656 0.0464668273925781 0.0702247619628906
0.0223522186279297 0.0184879302978516 0.0861740112304688 -0.0145950317382812
0.0411720275878906 0.0153121948242188 0.0849227905273438 0.00281524658203125
0.0358695983886719 -0.00153732299804688 0.0521240234375 0.000965118408203125
0.0281333923339844 -0.0154895782470703 0.0392074584960938 0.0079498291015625
0.0137748718261719 -0.0223522186279297 0.0264759063720703 0.0131359100341797
-0.00243377685546875 -0.0260200500488281 0.0171566009521484 0.0253219604492188
-0.0057687759399414 -0.016362190246582 0.01824951171875 0.04718017578125
-0.00334739685058594 -0.0143823623657227 0.01275634765625 0.0622406005859375
-0.00281906127929688 -0.0214366912841797 -0.00251007080078126 0.0755767822265625
0.00388526916503906 -0.0251541137695312 -0.0298233032226563 0.0718917846679688
0.0198020935058594 -0.0218544006347656 -0.0437850952148438 0.05572509765625
0.0310115814208984 -0.0152530670166016 -0.0409126281738281 0.0279388427734375
0.0387687683105469 0.00693511962890625 -0.0216064453125 0.00886154174804688
0.0376701354980469 0.0217399597167969 0.0321140289306641 0.0279197692871094
0.02398681640625 0.0279598236083984 0.0567169189453125 0.0823974609375
0.0057826042175293 0.00356626510620117 -0.0584182739257813 -0.0664253234863281
-0.0019078254699707 -0.00679159164428711 -0.0219593048095703 -0.0247173309326172
-0.00948333740234375 0.000998497009277342 0.0254554748535156 -0.00635719299316406
-0.00236320495605469 0.00816535949707031 0.0534896850585937 -0.0302352905273437
0.00373220443725586 0.00431323051452637 0.04986572265625 -0.0552215576171875
0.00411391258239746 -0.000593662261962891 0.02716064453125 -0.0782318115234375
0.00222492218017578 -0.00825166702270508 -0.00312042236328124 -0.0788497924804688
0.00149631500244141 -0.0061798095703125 -0.0209121704101563 -0.0589256286621094
0.00142288208007812 -0.00536441802978516 -0.0268096923828125 -0.0415573120117187
0.00548934936523438 -0.00450754165649414 -0.02734375 -0.0298938751220703
0.00573015213012695 0.000635147094726563 -0.036651611328125 -0.0138168334960937
-0.00343036651611328 0.00677061080932617 -0.0399208068847656 -0.00690078735351562
-0.012049674987793 -0.00285243988037109 -0.0523033142089844 -0.00666046142578124
-0.0035552978515625 -0.0116510391235352 -0.077880859375 0.00629425048828124
-0.000892162322998047 -0.00475645065307617 -0.0842208862304688 0.0137100219726563
0.0376853942871094 0.020416259765625 -0.0469970703125 -0.0630340576171875
0.0299224853515625 0.0056610107421875 -0.00943946838378906 -0.0203838348388672
0.0192718505859375 0.00532722473144531 0.0326786041259766 -0.00500869750976563
0.0239219665527344 0.00335884094238281 0.0583114624023438 -0.0298042297363281
0.0232524871826172 -0.00789070129394531 0.0514488220214844 -0.0532608032226563
0.0151710510253906 -0.0223579406738281 0.027069091796875 -0.0761947631835938
0.00391578674316406 -0.0319385528564453 -0.00305938720703125 -0.0720901489257812
0.0029144287109375 -0.0287704467773438 -0.0215187072753906 -0.04986572265625
0.00123023986816406 -0.0310535430908203 -0.0283241271972656 -0.0317935943603516
0.0099334716796875 -0.0308799743652344 -0.0311679840087891 -0.023193359375
0.0188541412353516 -0.0208206176757812 -0.0399131774902344 -0.00872421264648438
0.017552375793457 -0.0104789733886719 -0.0399856567382813 -0.00441360473632813
0.0145502090454102 -0.00666618347167969 -0.0504035949707031 -0.00181198120117187
0.0257434844970703 -0.00734329223632813 -0.0693168640136719 0.0111083984375
0.0313529968261719 0.00235939025878906 -0.0751266479492188 0.0195236206054688
0.0630722045898438 0.0343742370605469 -0.0269241333007812 -0.0540046691894531
0.0589866638183594 0.019317626953125 0.00903606414794922 -0.00998497009277344
0.047698974609375 0.0097198486328125 0.0415916442871094 -0.000892639160156249
0.0493850708007812 -0.0028076171875 0.0623817443847656 -0.0261116027832031
0.0412216186523437 -0.0199432373046875 0.0502738952636719 -0.0472564697265625
0.0244865417480469 -0.0420913696289063 0.0241355895996094 -0.0681381225585938
0.00528717041015625 -0.0506134033203125 -0.00277328491210938 -0.0564498901367188
0.00336837768554687 -0.0465507507324219 -0.0189094543457031 -0.0329437255859375
-4.57763671875016E-05 -0.0514411926269531 -0.0253410339355469 -0.0155048370361328
0.0106697082519531 -0.0529403686523438 -0.0321617126464844 -0.00896072387695313
0.0271263122558594 -0.0410079956054688 -0.0411415100097656 0.00260543823242187
0.0332851409912109 -0.0283889770507812 -0.0407638549804688 0.000640869140625
0.0379447937011719 -0.0126152038574219 -0.0483322143554688 0.001617431640625
0.0523452758789062 -0.00477218627929687 -0.0553436279296875 0.0134811401367188
0.0576896667480469 0.00941848754882813 -0.0562744140625 0.0259590148925781
0.0797195434570312 0.0425949096679687 -0.000320434570312492 -0.0408401489257812
0.0806732177734375 0.0279464721679688 0.0301399230957031 0.000814437866210939
0.0702285766601563 0.0108985900878906 0.0498619079589844 0.00353622436523438
0.0683860778808594 -0.0102577209472656 0.0627975463867188 -0.019317626953125
0.0530319213867188 -0.031890869140625 0.0460052490234375 -0.037841796875
0.0290756225585938 -0.0566215515136719 0.0193138122558594 -0.0526199340820313
0.0047149658203125 -0.061798095703125 -0.00142288208007812 -0.0352134704589844
0.00311660766601563 -0.0572166442871094 -0.0139169692993164 -0.0113611221313477
-0.00129699707031249 -0.0634880065917969 -0.0192680358886719 0.00586509704589844
0.0101585388183594 -0.0667495727539063 -0.0295791625976562 0.00912094116210938
0.03167724609375 -0.0542831420898438 -0.0396156311035156 0.0155296325683594
0.0438499450683594 -0.0426139831542969 -0.0398292541503906 0.00712203979492187
0.0566558837890625 -0.0186119079589844 -0.0442924499511719 0.00282669067382812
0.0728988647460938 -0.00060272216796875 -0.0362586975097656 0.0131607055664063
0.0760040283203125 0.016387939453125 -0.0307273864746094 0.0334873199462891
0.0832443237304688 0.0444564819335938 0.0279045104980469 -0.0285205841064453
0.0901870727539063 0.0306777954101563 0.051513671875 0.00866317749023438
0.080047607421875 0.0079803466796875 0.0551338195800781 0.00689697265625
0.0756759643554688 -0.018096923828125 0.0589714050292969 -0.0116195678710938
0.0552177429199219 -0.0400886535644531 0.0394821166992188 -0.0240592956542969
0.0264816284179687 -0.06353759765625 0.0146312713623047 -0.0316524505615235
0.00209426879882812 -0.0640487670898438 0.00152015686035156 -0.0104236602783203
0.00207519531250001 -0.0588302612304688 -0.0066070556640625 0.012324333190918
-0.00176620483398437 -0.0661849975585938 -0.0118370056152344 0.0274620056152344
0.010162353515625 -0.069122314453125 -0.0258655548095703 0.0283927917480469
0.0345993041992188 -0.0583915710449219 -0.0369720458984375 0.0294570922851562
0.0507888793945312 -0.0469245910644531 -0.0377311706542969 0.0132598876953125
0.0674858093261719 -0.017303466796875 -0.03717041015625 0.00296783447265626
0.082275390625 0.0061492919921875 -0.01409912109375 0.0120506286621094
0.0812835693359375 0.0235977172851563 -0.00213241577148437 0.0432395935058594
0.0736846923828125 0.0380477905273438 0.0536918640136719 -0.0197677612304687
0.0853729248046875 0.0264511108398438 0.069244384765625 0.0111160278320313
0.07623291015625 0.00327301025390625 0.057342529296875 0.00701141357421875
0.0690574645996094 -0.0226020812988281 0.0526962280273438 -0.00364303588867188
0.0466690063476563 -0.0418472290039063 0.0319480895996094 -0.00878334045410156
0.01824951171875 -0.0603713989257813 0.0122337341308594 -0.00889873504638672
-0.00155258178710937 -0.0557823181152344 0.00646400451660157 0.0137052536010742
0.000442504882812496 -0.0506668090820313 0.001434326171875 0.0338935852050781
-0.00216293334960938 -0.0579795837402344 -0.00466537475585937 0.0474929809570312
0.0099334716796875 -0.0616950988769531 -0.0235061645507813 0.0472412109375
0.0348548889160156 -0.0523796081542969 -0.0361213684082031 0.0414886474609375
0.0517082214355469 -0.0417823791503906 -0.0360374450683594 0.0192794799804687
0.0679168701171875 -0.00998687744140625 -0.0295696258544922 0.00357055664062499
0.07904052734375 0.01422119140625 0.00689888000488282 0.0132274627685547
0.0728378295898438 0.0294647216796875 0.0251846313476563 0.0543022155761719
0.0521926879882813 0.0279197692871094 0.0738296508789063 -0.0162506103515625
0.0676307678222656 0.0198211669921875 0.08062744140625 0.00682830810546875
0.0600852966308594 -0.00100326538085938 0.054962158203125 0.00392532348632813
0.0517234802246094 -0.0223464965820313 0.0451850891113281 0.003265380859375
0.0306396484375 -0.0363235473632812 0.0282039642333984 0.00397872924804687
0.00653839111328125 -0.0467185974121094 0.01361083984375 0.0106840133666992
-0.00514984130859375 -0.0385780334472656 0.0133113861083984 0.0327949523925781
-0.00231552124023437 -0.0342559814453125 0.00933456420898437 0.0501899719238281
-0.00261306762695312 -0.0415725708007812 -0.000675201416015623 0.0638542175292969
0.00787353515625 -0.0458755493164063 -0.0239295959472656 0.0615158081054688
0.029632568359375 -0.0384101867675781 -0.0372505187988281 0.0507621765136719
0.044342041015625 -0.0293350219726562 -0.0369529724121094 0.0244102478027344
0.0576400756835938 -0.00028228759765625 -0.0226402282714844 0.00571823120117187
0.0630683898925781 0.0206718444824219 0.0236282348632813 0.0178909301757813
0.0534172058105469 0.0311241149902344 0.0457000732421875 0.0672378540039063
0.0220165252685547 0.0157222747802734 0.0838775634765625 -0.0172653198242188
0.0401039123535156 0.0124092102050781 0.0826797485351563 0.000114440917968751
0.0345325469970703 -0.003082275390625 0.0509719848632812 0.000400543212890625
0.0263671875 -0.0163116455078125 0.0388908386230469 0.00823211669921875
0.0117321014404297 -0.0224514007568359 0.0265445709228516 0.0126857757568359
-0.00452995300292968 -0.0241851806640625 0.0174331665039063 0.0242595672607422
-0.00628089904785156 -0.0149393081665039 0.0199928283691406 0.0440826416015625
-0.003814697265625 -0.0128602981567383 0.0157203674316406 0.0594139099121094
-0.00458145141601562 -0.0189151763916016 0.000885009765624997 0.07269287109375
0.00180435180664063 -0.0235347747802734 -0.0264968872070313 0.0708236694335938
0.0173530578613281 -0.0222034454345703 -0.0403404235839844 0.0554122924804688
0.0289382934570313 -0.0161266326904297 -0.0388336181640625 0.0287628173828125
0.0368843078613281 0.005218505859375 -0.0205059051513672 0.00924873352050781
0.0373191833496094 0.0194511413574219 0.0311088562011719 0.0253238677978516
0.0245857238769531 0.0250263214111328 0.0566024780273438 0.078155517578125
0.00632810592651367 0.00458526611328125 -0.0560989379882813 -0.0653419494628906
-0.00212574005126953 -0.00689172744750977 -0.0206298828125 -0.0233497619628906
-0.00926971435546875 0.000854492187499998 0.0252704620361328 -0.00601959228515625
-0.0016779899597168 0.00858259201049805 0.0522079467773438 -0.0292778015136719
0.00420928001403809 0.00385093688964844 0.0487136840820313 -0.0542755126953125
0.00450611114501953 -0.000604152679443359 0.0264205932617188 -0.0772857666015625
0.00233173370361328 -0.00888824462890625 -0.00394439697265625 -0.0759201049804688
0.0020756721496582 -0.00695657730102539 -0.0213546752929688 -0.0562820434570313
0.00223159790039063 -0.00613498687744141 -0.0274391174316406 -0.0400543212890625
0.00598335266113281 -0.00466394424438477 -0.0282878875732422 -0.029693603515625
0.00589179992675781 0.000790596008300781 -0.037384033203125 -0.0137596130371094
-0.00264358520507812 0.00733661651611328 -0.0396881103515625 -0.00782012939453125
-0.0117111206054688 -0.00213146209716797 -0.05181884765625 -0.00776290893554688
-0.00423336029052734 -0.0105476379394531 -0.0763931274414063 0.00659942626953123
-0.000741004943847656 -0.00369596481323242 -0.0834579467773438 0.0153350830078125
0.0368728637695313 0.0197257995605469 -0.0446014404296875 -0.0617713928222656
0.0294151306152344 0.00513076782226563 -0.00818061828613281 -0.0189990997314453
0.0191097259521484 0.00554466247558594 0.0322837829589844 -0.00407600402832031
0.0236759185791016 0.00230598449707031 0.0573387145996094 -0.0290336608886719
0.0228672027587891 -0.00795936584472656 0.0505943298339844 -0.0519828796386719
0.0149440765380859 -0.0221099853515625 0.0260467529296875 -0.0745697021484375
0.00382614135742188 -0.0314693450927734 -0.00360488891601562 -0.0692138671875
0.00284576416015625 -0.0289039611816406 -0.0216331481933594 -0.0472412109375
0.00167274475097656 -0.0305824279785156 -0.0283832550048828 -0.0304546356201172
0.0103187561035156 -0.0308742523193359 -0.0319480895996094 -0.0222988128662109
0.0191860198974609 -0.0206565856933594 -0.0404167175292969 -0.0084686279296875
0.0172042846679688 -0.0102615356445313 -0.0401077270507813 -0.00553512573242188
0.0140047073364258 -0.00569438934326172 -0.0503463745117188 -0.00285720825195313
0.0245246887207031 -0.00644302368164062 -0.0685615539550781 0.0111236572265625
0.0300979614257813 0.00298881530761719 -0.0744171142578125 0.0208663940429688
0.0626792907714844 0.0342330932617188 -0.024078369140625 -0.051849365234375
0.0580329895019531 0.0177192687988281 0.00985908508300782 -0.00869274139404297
0.0460319519042969 0.00949478149414063 0.0414886474609375 0.000259399414062501
0.0486907958984375 -0.00348663330078125 0.0617942810058594 -0.0245552062988281
0.0403366088867188 -0.0196151733398438 0.0496597290039063 -0.0464401245117188
0.0240898132324219 -0.0409049987792969 0.0233078002929688 -0.0653419494628906
0.005279541015625 -0.0499000549316406 -0.00243759155273437 -0.0541839599609375
0.00286102294921875 -0.0461578369140625 -0.0183391571044922 -0.0299072265625
0.000576019287109371 -0.0503463745117188 -0.0257339477539063 -0.0131912231445313
0.00997161865234375 -0.0519523620605469 -0.0333232879638672 -0.00826454162597656
0.0264434814453125 -0.0398368835449219 -0.0416030883789062 0.00250244140624999
0.0331554412841797 -0.0269432067871094 -0.0410079956054688 0.000164031982421876
0.0370559692382813 -0.011871337890625 -0.0485954284667969 0.000816345214843757
0.0509376525878906 -0.00453567504882813 -0.0549392700195313 0.0140647888183594
0.0566253662109375 0.00934219360351563 -0.0558509826660156 0.0271415710449219
0.079193115234375 0.041046142578125 0.00170135498046876 -0.0397377014160156
0.07940673828125 0.0267410278320312 0.0301418304443359 0.00175857543945313
0.068450927734375 0.0107574462890625 0.0492591857910156 0.0053863525390625
0.0673332214355469 -0.0107994079589844 0.0620002746582031 -0.0179824829101563
0.0518226623535156 -0.03131103515625 0.0453758239746094 -0.0362663269042969
0.0272979736328125 -0.055694580078125 0.0187263488769531 -0.0499267578125
0.00455856323242187 -0.0599021911621094 -0.00148391723632812 -0.0335979461669922
0.00262832641601563 -0.0560455322265625 -0.0137662887573242 -0.00902557373046875
-0.00239562988281249 -0.0622520446777344 -0.0197372436523438 0.00638961791992187
0.00922012329101562 -0.0650672912597656 -0.0308723449707031 0.00955009460449219
0.0308837890625 -0.0540542602539063 -0.0409660339355469 0.0161552429199219
0.0431747436523438 -0.0413093566894531 -0.0403518676757813 0.00658416748046875
0.0557746887207031 -0.0176887512207031 -0.0444374084472656 0.00289916992187499
0.0703582763671875 -0.00067138671875 -0.0363655090332031 0.0138893127441406
0.07464599609375 0.0151824951171875 -0.0312156677246094 0.0350189208984375
0.0819854736328125 0.0417938232421875 0.0291080474853516 -0.0279331207275391
0.08807373046875 0.0285263061523438 0.0512924194335938 0.01043701171875
0.0783615112304688 0.00782012939453125 0.0553321838378906 0.00870132446289063
0.0741958618164063 -0.0184097290039063 0.0591773986816406 -0.0100479125976563
0.0536880493164063 -0.0399818420410156 0.0392799377441406 -0.0228691101074219
0.0245933532714844 -0.0619087219238281 0.01434326171875 -0.029541015625
0.00226974487304687 -0.0612564086914063 0.00107288360595703 -0.00937080383300782
0.00107955932617187 -0.0566024780273438 -0.00624561309814453 0.013239860534668
-0.00273895263671875 -0.064056396484375 -0.0118560791015625 0.0276241302490234
0.00864410400390625 -0.06768798828125 -0.0273647308349609 0.0286788940429688
0.0326576232910156 -0.0573081970214844 -0.0383148193359375 0.0290069580078125
0.0486602783203125 -0.0463981628417969 -0.0382423400878906 0.013519287109375
0.0662307739257812 -0.0169296264648438 -0.0372161865234375 0.00350189208984375
0.080780029296875 0.00545501708984375 -0.0147476196289062 0.0123672485351563
0.0793304443359375 0.0225830078125 -0.00353240966796875 0.0438575744628906
0.0724105834960938 0.03662109375 0.0543060302734375 -0.01947021484375
0.083465576171875 0.0249099731445313 0.0679779052734375 0.0118789672851563
0.0742034912109375 0.0031890869140625 0.0570335388183594 0.00824737548828125
0.0678329467773438 -0.0226593017578125 0.0528450012207031 -0.00131607055664063
0.0445327758789063 -0.0413017272949219 0.0320339202880859 -0.00759696960449219
0.016876220703125 -0.0580329895019531 0.0120782852172852 -0.00781345367431641
-0.00210571289062499 -0.0531005859375 0.00650405883789063 0.014216423034668
-0.000663757324218748 -0.048614501953125 0.00190353393554687 0.0333652496337891
-0.00326919555664063 -0.0558242797851563 -0.00469207763671875 0.0474967956542969
0.00866699218749999 -0.0598640441894531 -0.0243949890136719 0.0470466613769531
0.0328598022460938 -0.0519866943359375 -0.0361061096191406 0.0415496826171875
0.0495452880859375 -0.0422096252441406 -0.0366325378417969 0.0192642211914063
0.0670585632324219 -0.0099029541015625 -0.0293445587158203 0.00341415405273438
0.0774383544921875 0.0131378173828125 0.0070037841796875 0.0129184722900391
0.0721664428710938 0.02764892578125 0.0236701965332031 0.05426025390625
0.0515785217285156 0.0257835388183594 0.0732040405273438 -0.0172653198242188
0.0657272338867188 0.0184898376464844 0.0791473388671875 0.0073089599609375
0.0592384338378906 -0.00168609619140625 0.0544471740722656 0.00494384765625
0.0497817993164063 -0.0227775573730469 0.0452651977539062 0.00447845458984375
0.0296134948730469 -0.0357131958007812 0.0284633636474609 0.00483894348144531
0.00546646118164062 -0.0446853637695313 0.0131044387817383 0.0117301940917969
-0.00535964965820312 -0.0357818603515625 0.0137176513671875 0.0326042175292969
-0.00240898132324219 -0.0326042175292969 0.00983810424804687 0.04937744140625
-0.00374984741210938 -0.0395317077636719 -0.000461578369140627 0.0621871948242187
0.00697326660156249 -0.0444831848144531 -0.0238151550292969 0.0609626770019531
0.0275192260742188 -0.0381202697753906 -0.0375938415527344 0.0500335693359375
0.0426826477050781 -0.0291786193847656 -0.036346435546875 0.0238151550292969
0.0555801391601563 -0.00052642822265625 -0.0220088958740234 0.00565719604492187
0.061737060546875 0.0196914672851563 0.0227947235107422 0.01739501953125
0.0525474548339844 0.0290985107421875 0.0442962646484375 0.0667037963867188
0.0217418670654297 0.0141830444335938 0.082855224609375 -0.0181808471679688
0.0397796630859375 0.0106582641601563 0.0813140869140625 0.000160217285156251
0.0345001220703125 -0.00320053100585938 0.0505561828613281 0.00183486938476562
0.0259037017822266 -0.0172348022460938 0.039947509765625 0.00916290283203125
0.01080322265625 -0.0230255126953125 0.0271282196044922 0.0123748779296875
-0.00522232055664062 -0.0234127044677734 0.0183353424072266 0.0240955352783203
-0.00674247741699219 -0.0130910873413086 0.0210037231445313 0.0428962707519531
-0.00429821014404297 -0.0119085311889648 0.016326904296875 0.0574188232421875
-0.00471878051757813 -0.0173511505126953 0.00187683105468751 0.070831298828125
0.000925064086914063 -0.0224208831787109 -0.0256385803222656 0.0691108703613281
0.01611328125 -0.0223503112792969 -0.0399017333984375 0.0544815063476562
0.0269660949707031 -0.01666259765625 -0.0387382507324219 0.0279121398925781
0.036376953125 0.00511932373046875 -0.0208263397216797 0.00952339172363281
0.0362205505371094 0.0181236267089844 0.0297298431396484 0.0241050720214844
0.0248126983642578 0.0234413146972656 0.054229736328125 0.0764312744140625
0.00645017623901367 0.00527143478393555 -0.0541954040527344 -0.066253662109375
-0.00173282623291016 -0.00657129287719727 -0.0201282501220703 -0.0225658416748047
-0.00859260559082031 0.00142717361450195 0.0265769958496094 -0.00518417358398438
-0.0016326904296875 0.00782966613769531 0.0534400939941406 -0.0291023254394531
0.00490331649780273 0.00409269332885742 0.0500907897949219 -0.0541954040527344
0.00510168075561523 -0.000979900360107422 0.0269927978515625 -0.0779037475585937
0.00260162353515625 -0.0102052688598633 -0.00356292724609375 -0.0762557983398438
0.00314903259277344 -0.0079350471496582 -0.0216293334960938 -0.0557823181152344
0.00343561172485352 -0.00669050216674805 -0.0290679931640625 -0.0396652221679687
0.00740146636962891 -0.00510883331298828 -0.0293922424316406 -0.0295658111572266
0.00650978088378906 0.00107812881469727 -0.0373916625976563 -0.0146942138671875
-0.00204324722290039 0.00841379165649414 -0.0406036376953125 -0.00888824462890625
-0.0114974975585938 -0.00068187713623047 -0.0531578063964844 -0.00965118408203126
-0.00459194183349609 -0.0106334686279297 -0.0777587890625 0.00544738769531248
-0.000623941421508789 -0.00299978256225586 -0.0851058959960937 0.0158538818359375
0.0374794006347656 0.0204734802246094 -0.042816162109375 -0.0630531311035156
0.0303001403808594 0.00555038452148438 -0.00710678100585937 -0.0180625915527344
0.0191230773925781 0.00612831115722656 0.0337600708007812 -0.0030364990234375
0.0243740081787109 0.00218391418457031 0.0589027404785156 -0.0277328491210937
0.0234699249267578 -0.00844573974609375 0.0517654418945313 -0.0516395568847656
0.0153026580810547 -0.0225086212158203 0.0264511108398438 -0.0742340087890625
0.00390434265136719 -0.032379150390625 -0.00343704223632812 -0.0689620971679688
0.00325584411621094 -0.0298519134521484 -0.0214614868164062 -0.0464744567871094
0.00255393981933594 -0.0312709808349609 -0.0293312072753906 -0.0292377471923828
0.0111465454101563 -0.031036376953125 -0.0345973968505859 -0.0227909088134766
0.0198287963867188 -0.0202369689941406 -0.0419197082519531 -0.00877761840820313
0.0184173583984375 -0.00907325744628906 -0.0411758422851562 -0.00620269775390625
0.0144472122192383 -0.00432109832763672 -0.0512962341308594 -0.00422668457031251
0.0242023468017578 -0.00577926635742187 -0.0692138671875 0.0111961364746094
0.0306892395019531 0.00462150573730469 -0.0766372680664062 0.0215835571289062
0.0634269714355469 0.0338897705078125 -0.0231590270996094 -0.0526008605957031
0.0582962036132813 0.0180549621582031 0.0109577178955078 -0.00750064849853516
0.0471343994140625 0.0102424621582031 0.0430374145507813 0.002410888671875
0.0488548278808594 -0.00325393676757813 0.0629158020019531 -0.02386474609375
0.0409698486328125 -0.02020263671875 0.05084228515625 -0.0453720092773437
0.0244140625 -0.0412254333496094 0.0233612060546875 -0.0654106140136719
0.00527572631835937 -0.0500450134277344 -0.00207138061523437 -0.0541954040527344
0.00398635864257812 -0.0472946166992188 -0.0183086395263672 -0.02874755859375
0.000267028808593748 -0.0501174926757812 -0.0266399383544922 -0.0127830505371094
0.0109024047851563 -0.0525703430175781 -0.0354843139648437 -0.0080413818359375
0.0275344848632813 -0.0406951904296875 -0.043731689453125 0.00230026245117187
0.0332603454589844 -0.0272960662841797 -0.0423469543457031 -0.000751495361328126
0.0372848510742188 -0.0112113952636719 -0.0493240356445313 0.000484466552734364
0.051177978515625 -0.00320816040039062 -0.056182861328125 0.0141868591308594
0.0570831298828125 0.0100631713867188 -0.0579261779785156 0.0291671752929687
0.0791854858398438 0.0419845581054688 0.00314331054687501 -0.0402984619140625
0.079010009765625 0.0266571044921875 0.0316658020019531 0.00422286987304688
0.0687789916992187 0.0111083984375 0.0517005920410156 0.00722122192382813
0.0670547485351563 -0.010711669921875 0.064208984375 -0.0159454345703125
0.05181884765625 -0.0316123962402344 0.0464553833007813 -0.0352363586425781
0.0278282165527344 -0.0552253723144531 0.0191688537597656 -0.0490226745605469
0.00509262084960937 -0.060028076171875 -0.00127410888671875 -0.0326309204101563
0.00283050537109375 -0.0559120178222656 -0.01348876953125 -0.00863838195800782
-0.00215911865234375 -0.0623435974121094 -0.0202007293701172 0.00755500793457031
0.00933837890625 -0.0650825500488281 -0.0330638885498047 0.0102901458740234
0.0312385559082031 -0.05450439453125 -0.0427131652832031 0.0159721374511719
0.0429763793945313 -0.0418014526367188 -0.0422439575195313 0.00632858276367188
0.0558509826660156 -0.0175819396972656 -0.044891357421875 0.00251770019531249
0.0711135864257813 -0.00035858154296875 -0.0372581481933594 0.0148963928222656
0.0745468139648438 0.015838623046875 -0.0336265563964844 0.0375404357910156
0.0817337036132813 0.0420074462890625 0.0305900573730469 -0.0283966064453125
0.0884170532226563 0.0285110473632813 0.0529861450195313 0.0117568969726563
0.0793838500976563 0.00920867919921875 0.0565567016601563 0.0111198425292969
0.074462890625 -0.0185546875 0.0611572265625 -0.00811386108398438
0.0535621643066406 -0.0393753051757813 0.0402412414550781 -0.0208244323730469
0.0253410339355469 -0.0610542297363281 0.0144920349121094 -0.0281753540039063
0.00177383422851563 -0.0613212585449219 0.00187587738037109 -0.00860786437988282
0.00234603881835938 -0.0569038391113281 -0.00618648529052734 0.0138664245605469
-0.00336456298828125 -0.0633735656738281 -0.0125713348388672 0.0286712646484375
0.00851058959960938 -0.0679359436035156 -0.0287055969238281 0.0304183959960938
0.033477783203125 -0.0586624145507812 -0.0398979187011719 0.0298347473144531
0.0489158630371094 -0.046966552734375 -0.0396766662597656 0.0128974914550781
0.0666999816894531 -0.0164871215820313 -0.0380668640136719 0.003143310546875
0.0810546875 0.00524139404296875 -0.0156393051147461 0.0131921768188477
0.0805511474609375 0.0222549438476563 -0.00495529174804687 0.0458908081054688
0.0725326538085938 0.0360794067382813 0.0559196472167969 -0.0189781188964844
0.0835647583007813 0.0250320434570313 0.0701980590820313 0.0135421752929688
0.0751113891601563 0.005157470703125 0.0584564208984375 0.0107002258300781
0.0680809020996094 -0.0226211547851563 0.05413818359375 -1.52587890625014E-05
0.0456924438476563 -0.0411834716796875 0.0337448120117188 -0.00653076171875
0.0165672302246094 -0.0576896667480469 0.012298583984375 -0.00658035278320313
-0.00242233276367187 -0.0528793334960938 0.00660610198974609 0.0141563415527344
-0.000389099121093746 -0.0483512878417969 0.00275611877441407 0.0340843200683594
-0.00349044799804688 -0.0552711486816406 -0.0058135986328125 0.0482559204101563
0.00809860229492188 -0.0597724914550781 -0.0255699157714844 0.0479545593261719
0.0330162048339844 -0.0522537231445312 -0.0378875732421875 0.041534423828125
0.0494384765625 -0.0416526794433594 -0.0377693176269531 0.0194053649902344
0.0670585632324219 -0.00965118408203125 -0.0301074981689453 0.00446701049804687
0.07855224609375 0.0140228271484375 0.00607872009277344 0.0139617919921875
0.0729522705078125 0.0271072387695313 0.0217056274414063 0.057525634765625
0.0510902404785156 0.0254707336425781 0.0752105712890625 -0.0168228149414063
0.0666236877441406 0.0176963806152344 0.0799179077148438 0.00899505615234375
0.0592460632324219 -0.00111770629882813 0.0557708740234375 0.00693511962890625
0.0507125854492188 -0.0224952697753906 0.0470733642578125 0.0066986083984375
0.0291671752929687 -0.0358963012695313 0.028839111328125 0.006683349609375
0.00516891479492187 -0.0445022583007813 0.0132198333740234 0.0129213333129883
-0.00520706176757812 -0.0355110168457031 0.0140819549560547 0.0326461791992188
-0.00213050842285156 -0.0328426361083984 0.0101890563964844 0.0498123168945313
-0.00442886352539063 -0.038818359375 -0.000782012939453119 0.0620040893554688
0.00577163696289063 -0.0436553955078125 -0.0259284973144531 0.0616035461425781
0.027374267578125 -0.0383186340332031 -0.0386123657226562 0.0504035949707031
0.0423393249511719 -0.0297622680664062 -0.0377006530761719 0.0240135192871094
0.0564422607421875 -0.000499725341796875 -0.0229587554931641 0.00589561462402344
0.0625991821289063 0.0189323425292969 0.0220222473144531 0.0182609558105469
0.0529556274414063 0.0285072326660156 0.0421028137207031 0.0689773559570313
0.0215587615966797 0.0137996673583984 0.08526611328125 -0.0189285278320313
0.0400505065917969 0.0107765197753906 0.0825271606445313 0.0011138916015625
0.0347366333007813 -0.00355148315429688 0.0521736145019531 0.00394058227539063
0.0254840850830078 -0.01763916015625 0.0411758422851563 0.0104026794433594
0.0102863311767578 -0.0220813751220703 0.0281982421875 0.013946533203125
-0.00560760498046875 -0.0218925476074219 0.0197429656982422 0.0250434875488281
-0.00650119781494141 -0.0125789642333984 0.0217247009277344 0.0432014465332031
-0.00419712066650391 -0.0110387802124023 0.0161399841308594 0.0567092895507813
-0.00456714630126953 -0.0160179138183594 0.0011749267578125 0.0706787109375
-5.72204589843765E-05 -0.0218830108642578 -0.0265350341796875 0.0699577331542969
0.0152759552001953 -0.0215854644775391 -0.041534423828125 0.0552406311035156
0.0269584655761719 -0.0164375305175781 -0.0400924682617188 0.028076171875
0.0356636047363281 0.00520706176757813 -0.0212154388427734 0.00871086120605469
0.0367584228515625 0.0174827575683594 0.0291213989257813 0.0243873596191406
0.0248451232910156 0.0220222473144531 0.0524673461914063 0.079071044921875
0.00625276565551758 0.00609779357910156 -0.0547981262207031 -0.0690345764160156
-0.00165748596191406 -0.00609493255615234 -0.0201301574707031 -0.0226955413818359
-0.00850677490234375 0.00181055068969727 0.0278873443603516 -0.00414848327636719
-0.000578403472900391 0.00769710540771484 0.0556640625 -0.0301895141601563
0.0057682991027832 0.00368165969848633 0.0519027709960938 -0.0564041137695313
0.00606632232666016 -0.00206851959228516 0.027618408203125 -0.08087158203125
0.00295829772949219 -0.0120668411254883 -0.00427246093749999 -0.0783157348632813
0.00355339050292969 -0.00985145568847656 -0.0220794677734375 -0.0562400817871094
0.00442171096801758 -0.00865554809570313 -0.0304222106933594 -0.0401115417480469
0.00816488265991211 -0.00627756118774414 -0.0327835083007813 -0.0306930541992188
0.00780153274536133 0.000827312469482422 -0.0407676696777344 -0.0158920288085937
-0.000879287719726563 0.00926113128662109 -0.0432052612304687 -0.0100669860839844
-0.0123958587646484 -0.00028705596923828 -0.0560455322265625 -0.01080322265625
-0.00605201721191406 -0.0106658935546875 -0.0806045532226563 0.00591278076171876
-0.0016026496887207 -0.00131797790527344 -0.088958740234375 0.0175857543945313
0.039276123046875 0.0218772888183594 -0.0428123474121094 -0.0654449462890625
0.0312042236328125 0.00531196594238281 -0.00676536560058594 -0.0174646377563477
0.0205612182617188 0.00584793090820312 0.0359573364257813 -0.00240707397460938
0.0252094268798828 0.00159263610839844 0.061553955078125 -0.0282249450683594
0.0247173309326172 -0.00917625427246094 0.0536727905273438 -0.0533370971679687
0.0163097381591797 -0.023773193359375 0.0268478393554687 -0.0766372680664063
0.00419425964355469 -0.0343532562255859 -0.003570556640625 -0.070526123046875
0.00374412536621094 -0.0318641662597656 -0.0223312377929687 -0.0460548400878906
0.00316619873046875 -0.0335731506347656 -0.0319385528564453 -0.0287837982177734
0.0117149353027344 -0.0320758819580078 -0.0371665954589844 -0.0223617553710937
0.0210895538330078 -0.0211219787597656 -0.0448265075683594 -0.00920104980468751
0.0198974609375 -0.00817489624023438 -0.0444984436035156 -0.00677108764648438
0.0141839981079102 -0.00318145751953125 -0.054290771484375 -0.00437545776367187
0.0243091583251953 -0.00528717041015625 -0.072845458984375 0.0123138427734375
0.0310535430908203 0.00570487976074219 -0.0799179077148438 0.0250244140625
0.0652694702148438 0.0353126525878906 -0.0220603942871094 -0.0545692443847656
0.0605850219726563 0.0179290771484375 0.0119829177856445 -0.00605964660644531
0.0493736267089844 0.0101966857910156 0.0459976196289063 0.00319671630859375
0.0505599975585937 -0.00439071655273438 0.0666770935058594 -0.02288818359375
0.042327880859375 -0.0216407775878906 0.0531005859375 -0.04583740234375
0.0249519348144531 -0.0431289672851563 0.0237503051757812 -0.0671882629394531
0.00536727905273438 -0.0519752502441406 -0.00351715087890625 -0.0542411804199219
0.00333404541015625 -0.0498580932617188 -0.0192317962646484 -0.0279636383056641
0.000801086425781248 -0.0536346435546875 -0.0291213989257813 -0.0114593505859375
0.0107460021972656 -0.0543670654296875 -0.0387191772460937 -0.00640106201171876
0.0284576416015625 -0.0423851013183594 -0.0464630126953125 0.00351715087890625
0.0346794128417969 -0.0280437469482422 -0.0454177856445313 -0.000968933105468747
0.0386886596679688 -0.0103225708007813 -0.0519638061523438 0.000583648681640627
0.0523681640625 -0.00299453735351563 -0.0585212707519531 0.0160331726074219
0.0591773986816406 0.0110855102539063 -0.0609512329101562 0.032318115234375
0.0819778442382813 0.0426101684570313 0.0046234130859375 -0.0413131713867188
0.0822219848632813 0.0266342163085938 0.0337333679199219 0.00625991821289063
0.0724945068359375 0.0114517211914062 0.0545578002929688 0.00962066650390625
0.0699844360351563 -0.01226806640625 0.0678634643554688 -0.0154151916503906
0.0537681579589844 -0.0331268310546875 0.0484848022460938 -0.0355987548828125
0.0283279418945313 -0.0572242736816406 0.0190353393554687 -0.0498924255371094
0.0047760009765625 -0.0619621276855469 -0.00112342834472656 -0.0321693420410156
0.00252532958984375 -0.0591850280761719 -0.0131998062133789 -0.00668525695800782
-0.00220108032226563 -0.0642547607421875 -0.0223007202148437 0.00972557067871094
0.00848388671875001 -0.067626953125 -0.0355186462402344 0.0122604370117187
0.0323677062988281 -0.056640625 -0.0460166931152344 0.018157958984375
0.0447044372558594 -0.0430564880371094 -0.0453605651855469 0.0064697265625
0.0583381652832031 -0.0168991088867188 -0.0478401184082031 0.0032501220703125
0.073760986328125 -0.00052642822265625 -0.0391197204589844 0.0161476135253906
0.0772323608398438 0.0162506103515625 -0.0349655151367188 0.0409164428710937
0.0853118896484375 0.0420913696289063 0.0333766937255859 -0.0287818908691406
0.0912017822265625 0.0281982421875 0.0550537109375 0.0135154724121094
0.0823593139648438 0.0095367431640625 0.0603408813476563 0.0137176513671875
0.077117919921875 -0.0198898315429688 0.0643196105957031 -0.00679779052734375
0.0553092956542969 -0.0421028137207031 0.0420417785644531 -0.0203933715820313
0.0252418518066406 -0.062744140625 0.0146522521972656 -0.0280952453613281
0.00151824951171875 -0.0627365112304688 0.00154352188110352 -0.0078725814819336
0.00086212158203125 -0.0592308044433594 -0.00586032867431641 0.0158195495605469
-0.0037689208984375 -0.0654144287109375 -0.0136432647705078 0.031097412109375
0.0070037841796875 -0.0693855285644531 -0.0315170288085937 0.032806396484375
0.0331916809082031 -0.0612068176269531 -0.0428047180175781 0.0330123901367188
0.04986572265625 -0.0493049621582031 -0.0430564880371094 0.0136947631835937
0.0690803527832031 -0.0174179077148438 -0.0398941040039062 0.00416564941406249
0.0845870971679688 0.00508880615234375 -0.016880989074707 0.0153636932373047
0.0833511352539063 0.022247314453125 -0.00620651245117187 0.0502052307128906
0.0755615234375 0.035675048828125 0.0585403442382813 -0.0208320617675781
0.0862503051757813 0.0243759155273438 0.0732879638671875 0.0153961181640625
0.0778884887695312 0.00502777099609375 0.0620346069335938 0.0131340026855469
0.0697555541992188 -0.0244636535644531 0.0578804016113281 0.000762939453124998
0.046142578125 -0.0433197021484375 0.035491943359375 -0.00580978393554688
0.0163917541503906 -0.0587043762207031 0.0126142501831055 -0.0052938461303711
-0.00235748291015625 -0.0542564392089844 0.00803089141845703 0.0162220001220703
-0.00110626220703125 -0.0495719909667969 0.00337982177734375 0.0359916687011719
-0.00508880615234375 -0.0559768676757813 -0.00536727905273437 0.0502853393554688
0.00630569458007813 -0.0616302490234375 -0.02783203125 0.0512313842773437
0.0325469970703125 -0.0549583435058594 -0.0404052734375 0.044403076171875
0.0502433776855469 -0.0445404052734375 -0.0409049987792969 0.0202255249023437
0.0693511962890625 -0.0105934143066406 -0.031524658203125 0.00493621826171875
0.0816802978515625 0.0124282836914063 0.00568103790283203 0.0150384902954102
0.075439453125 0.0271682739257813 0.0217475891113281 0.0611228942871094
0.0529251098632813 0.0248756408691406 0.0783615112304687 -0.0181503295898437
0.0679779052734375 0.016754150390625 0.083404541015625 0.0103683471679688
0.0614356994628906 -0.000946044921875 0.0594100952148438 0.00939559936523438
0.0517730712890625 -0.0244178771972656 0.0496749877929688 0.0078887939453125
0.0291481018066406 -0.0376205444335938 0.0311622619628906 0.00736045837402343
0.00391769409179687 -0.0447120666503906 0.0151176452636719 0.0141220092773437
-0.00596237182617187 -0.0353622436523438 0.0155467987060547 0.0336017608642578
-0.00305747985839843 -0.0326633453369141 0.0111770629882813 0.0513687133789063
-0.00514602661132812 -0.0385246276855469 -0.000354766845703128 0.0648727416992188
0.00425338745117188 -0.0438995361328125 -0.0263938903808594 0.0648345947265625
0.026580810546875 -0.0399665832519531 -0.0407867431640625 0.0534629821777344
0.0435142517089844 -0.0321197509765625 -0.0398712158203125 0.0249977111816406
0.05816650390625 -0.00070953369140625 -0.0250053405761719 0.00646018981933594
0.0650138854980469 0.0182838439941406 0.0212631225585938 0.0192852020263672
0.0546150207519531 0.0272979736328125 0.0427017211914063 0.0729446411132813
0.0228767395019531 0.0130748748779297 0.0881576538085938 -0.02130126953125
0.0406036376953125 0.009368896484375 0.086029052734375 0.00153350830078125
0.0364112854003906 -0.00461959838867188 0.0541915893554687 0.00507736206054688
0.0259990692138672 -0.0189971923828125 0.0445289611816406 0.0124130249023437
0.00934028625488281 -0.0242443084716797 0.0310020446777344 0.0154361724853516
-0.00754928588867188 -0.0224647521972656 0.0209922790527344 0.0263538360595703
-0.00754928588867188 -0.0120620727539063 0.023193359375 0.0435523986816406
-0.00413990020751953 -0.0101261138916016 0.0178260803222656 0.0576553344726563
-0.00583553314208985 -0.0149974822998047 0.0015106201171875 0.0727615356445313
-0.00117683410644531 -0.0222721099853516 -0.0275955200195313 0.0728302001953125
0.0146675109863281 -0.0235671997070313 -0.0435066223144531 0.0576515197753906
0.0272312164306641 -0.0177764892578125 -0.0424613952636719 0.0294227600097656
0.0367927551269531 0.0047149658203125 -0.0224132537841797 0.00885200500488281
0.0378990173339844 0.016815185546875 0.0286808013916016 0.0247611999511719
0.0255241394042969 0.0215015411376953 0.0531692504882813 0.082977294921875
0.00713062286376953 0.00756502151489258 -0.0579833984375 -0.0711517333984375
-0.00154304504394531 -0.00536012649536133 -0.0210781097412109 -0.022430419921875
-0.00900745391845703 0.00220298767089844 0.0305805206298828 -0.0052032470703125
9.53674316406251E-05 0.00771951675415039 0.0579414367675781 -0.0331344604492188
0.00653457641601563 0.00305318832397461 0.0526313781738281 -0.0610694885253906
0.00710535049438477 -0.00387430191040039 0.0255050659179687 -0.085601806640625
0.00309467315673828 -0.0143232345581055 -0.00756072998046874 -0.0807723999023437
0.00352191925048828 -0.0123958587646484 -0.0253562927246094 -0.0568046569824219
0.00533676147460938 -0.00966835021972656 -0.0348777770996094 -0.0395050048828125
0.00957012176513672 -0.00682640075683594 -0.0366020202636719 -0.0306739807128906
0.00934886932373047 0.00175285339355469 -0.0451164245605469 -0.0155754089355469
0.000366210937500001 0.0108270645141602 -0.0472488403320313 -0.0100936889648438
-0.0141830444335938 0.00159740447998047 -0.0598907470703125 -0.0105781555175781
-0.00804424285888672 -0.00971889495849609 -0.0844345092773437 0.0084686279296875
-0.00136864185333252 -0.00010526180267334 -0.0926742553710937 0.02337646484375
0.0420341491699219 0.0230598449707031 -0.0454139709472656 -0.0666313171386719
0.0324115753173828 0.005462646484375 -0.00684833526611328 -0.016993522644043
0.0221061706542969 0.006134033203125 0.0388069152832031 -0.002685546875
0.0267848968505859 0.00086212158203125 0.0644035339355469 -0.0307807922363281
0.0260906219482422 -0.0117111206054688 0.0547866821289063 -0.0566635131835938
0.0167140960693359 -0.0264091491699219 0.0252456665039062 -0.080963134765625
0.00287628173828125 -0.037078857421875 -0.0064544677734375 -0.0729904174804688
0.00257492065429687 -0.0359687805175781 -0.024749755859375 -0.0459747314453125
0.00261688232421875 -0.0362472534179688 -0.0355148315429687 -0.027587890625
0.0116233825683594 -0.0361862182617188 -0.0424995422363281 -0.0215644836425781
0.02197265625 -0.0229949951171875 -0.0485458374023438 -0.00843811035156251
0.0212917327880859 -0.00934791564941406 -0.0479393005371094 -0.00684356689453126
0.0151424407958984 -0.00296878814697266 -0.0584793090820313 -0.00294113159179688
0.0249347686767578 -0.00588226318359375 -0.0760726928710938 0.0161972045898438
0.0320930480957031 0.00566482543945313 -0.0835189819335938 0.031463623046875
0.0689697265625 0.0359725952148438 -0.0239982604980469 -0.0555686950683594
0.0644760131835938 0.0161895751953125 0.0132598876953125 -0.00599861145019531
0.0527610778808594 0.00896453857421875 0.0493659973144531 0.004547119140625
0.0537948608398438 -0.00789260864257812 0.06982421875 -0.0254173278808594
0.043365478515625 -0.0247840881347656 0.0543289184570313 -0.0495452880859375
0.0248374938964844 -0.0456314086914062 0.0221595764160156 -0.0685997009277344
0.0043182373046875 -0.055419921875 -0.0046539306640625 -0.0552749633789063
0.00131607055664063 -0.0514869689941406 -0.0211200714111328 -0.0276126861572266
-0.0018768310546875 -0.0555419921875 -0.0316429138183594 -0.00916099548339844
0.00986862182617187 -0.0560722351074219 -0.0423431396484375 -0.00435256958007814
0.0293693542480469 -0.0454254150390625 -0.0514144897460938 0.00524520874023438
0.0357894897460938 -0.030029296875 -0.0492897033691406 0.000347137451171872
0.0407257080078125 -0.0107765197753906 -0.0547409057617188 0.002105712890625
0.0536651611328125 -0.00545120239257813 -0.0610733032226563 0.0203475952148438
0.0612831115722656 0.0103187561035156 -0.063323974609375 0.0388870239257812
0.085968017578125 0.0414352416992188 0.00470352172851563 -0.0435066223144531
0.0872039794921875 0.0233306884765625 0.036102294921875 0.00619125366210938
0.0755615234375 0.00992584228515625 0.058380126953125 0.0118865966796875
0.0721054077148438 -0.0158309936523438 0.0724945068359375 -0.0167083740234375
0.0548286437988281 -0.0376968383789063 0.0497283935546875 -0.0374488830566406
0.027008056640625 -0.0603981018066406 0.0188674926757813 -0.0507583618164063
0.00206375122070312 -0.0644645690917969 -0.00200462341308594 -0.0339126586914063
0.000755310058593754 -0.0616798400878906 -0.0134000778198242 -0.00508403778076172
-0.00442886352539062 -0.0680770874023438 -0.0235233306884766 0.012451171875
0.00578308105468751 -0.0710983276367188 -0.0385513305664063 0.0158615112304687
0.0303726196289062 -0.0603981018066406 -0.0494308471679688 0.0206222534179687
0.0444602966308594 -0.0461349487304688 -0.0495147705078125 0.00854492187500001
0.0596542358398438 -0.0187301635742187 -0.0502243041992187 0.0054168701171875
0.0764389038085937 -0.00385284423828125 -0.0409507751464844 0.0192794799804688
0.0801467895507813 0.0130157470703125 -0.0363044738769531 0.0465850830078125
0.090606689453125 0.0402145385742188 0.0347232818603516 -0.0321578979492188
0.0962600708007813 0.0244522094726563 0.0599746704101563 0.0139961242675781
0.0865402221679687 0.007904052734375 0.0645713806152344 0.0145988464355469
0.0793609619140625 -0.0234375 0.0684318542480469 -0.00767135620117188
0.0553359985351563 -0.0458450317382812 0.0443687438964844 -0.0218162536621094
0.0247611999511719 -0.0669059753417969 0.0139064788818359 -0.0278358459472656
-7.62939453124969E-05 -0.0643501281738281 0.00205564498901367 -0.00651788711547852
-0.00201797485351563 -0.0611953735351563 -0.00513458251953125 0.0183181762695312
-0.00767898559570312 -0.0674896240234375 -0.0136909484863281 0.0336341857910156
0.00325012207031249 -0.0719985961914063 -0.03240966796875 0.0370254516601563
0.0311355590820313 -0.0644302368164063 -0.0444374084472656 0.0367012023925781
0.0499038696289063 -0.0534019470214844 -0.0467338562011719 0.0154762268066406
0.0715484619140625 -0.0209426879882813 -0.0413284301757813 0.00661087036132813
0.08819580078125 0.0007476806640625 -0.0168857574462891 0.0177688598632813
0.088104248046875 0.019500732421875 -0.0053253173828125 0.0555152893066406
0.0785064697265625 0.0324478149414063 0.0608634948730469 -0.0241661071777344
0.0899276733398438 0.0201263427734375 0.077178955078125 0.01495361328125
0.0821151733398437 0.00205230712890625 0.0673751831054688 0.0131378173828125
0.0716781616210938 -0.0285491943359375 0.0622024536132813 0.00144577026367187
0.0462112426757813 -0.0484275817871094 0.0385780334472656 -0.00572586059570313
0.0131149291992188 -0.061614990234375 0.0146656036376953 -0.00441741943359375
-0.00483322143554687 -0.0549201965332031 0.00885295867919922 0.0165977478027344
-0.0038299560546875 -0.0513877868652344 0.00477218627929687 0.0376663208007813
-0.0078582763671875 -0.0573196411132813 -0.00499725341796876 0.0540504455566406
0.00243759155273437 -0.06396484375 -0.0275192260742188 0.0559883117675781
0.0303077697753906 -0.05859375 -0.0409202575683594 0.0492362976074219
0.0503005981445313 -0.0482101440429688 -0.0431632995605469 0.0227890014648438
0.0726852416992188 -0.0136337280273438 -0.0336704254150391 0.00569343566894531
0.084747314453125 0.008758544921875 0.00533771514892578 0.0163822174072266
0.0794601440429688 0.02471923828125 0.0241661071777344 0.0658493041992188
0.0566329956054688 0.0230789184570313 0.08123779296875 -0.0222015380859375
0.0713653564453125 0.0134506225585937 0.0889816284179688 0.00806427001953125
0.0644760131835938 -0.00350189208984375 0.0634231567382812 0.00981903076171875
0.0527458190917969 -0.0273933410644531 0.0538749694824219 0.00772476196289062
0.0283050537109375 -0.0414199829101563 0.034881591796875 0.00766944885253906
0.00124740600585937 -0.0450286865234375 0.0175762176513672 0.0148506164550781
-0.008697509765625 -0.0361213684082031 0.0180892944335937 0.0362014770507813
-0.00501823425292969 -0.0330123901367188 0.0142784118652344 0.0524635314941406
-0.00752639770507813 -0.0380516052246094 0.000625610351562492 0.068145751953125
0.0012969970703125 -0.04449462890625 -0.0262680053710938 0.0686721801757813
0.0244941711425781 -0.0434303283691406 -0.0417938232421875 0.0581703186035156
0.0431861877441406 -0.0350341796875 -0.041259765625 0.0275382995605469
0.0607566833496094 -0.00398635864257813 -0.0264072418212891 0.00782966613769532
0.06787109375 0.0147438049316406 0.02239990234375 0.0197162628173828
0.0578651428222656 0.0256309509277344 0.046234130859375 0.0759735107421875
0.0254249572753906 0.0120182037353516 0.0925216674804688 -0.0259780883789063
0.0428085327148438 0.00805282592773438 0.0901870727539062 -0.00130462646484375
0.03851318359375 -0.00651931762695313 0.0567855834960937 0.00618362426757813
0.0256900787353516 -0.0217552185058594 0.0484275817871094 0.0121726989746094
0.00792884826660156 -0.0256156921386719 0.0345115661621094 0.0152339935302734
-0.0106735229492187 -0.0211811065673828 0.02423095703125 0.0279827117919922
-0.00887489318847656 -0.0111379623413086 0.0274009704589844 0.043212890625
-0.00540018081665039 -0.00858783721923828 0.0210037231445313 0.0589523315429688
-0.0080108642578125 -0.0141811370849609 0.00377655029296874 0.0751190185546875
-0.00323295593261719 -0.0216197967529297 -0.0267257690429687 0.0770645141601563
0.013519287109375 -0.0245933532714844 -0.0430679321289062 0.0624961853027344
0.02691650390625 -0.0195560455322266 -0.04351806640625 0.0319480895996094
0.039703369140625 0.00253677368164062 -0.0252685546875 0.00944328308105469
0.0389518737792969 0.0138626098632812 0.0297718048095703 0.0243568420410156
0.0278415679931641 0.0196895599365234 0.0579681396484375 0.0843048095703125
0.00837135314941406 0.0103950500488281 -0.06134033203125 -0.0714111328125
-0.0027470588684082 -0.00417089462280273 -0.0209712982177734 -0.0222454071044922
-0.00730037689208984 0.00316810607910156 0.0305500030517578 -0.00633811950683594
0.000197410583496094 0.00768232345581055 0.0590705871582031 -0.0367584228515625
0.006866455078125 0.00138378143310547 0.0500411987304687 -0.065887451171875
0.00799942016601563 -0.00581216812133789 0.0206222534179687 -0.0892410278320312
0.00266647338867188 -0.0161857604980469 -0.013946533203125 -0.0817108154296875
0.00345706939697266 -0.0142745971679688 -0.0298843383789063 -0.0559501647949219
0.00374698638916016 -0.0132474899291992 -0.0393180847167969 -0.0349998474121094
0.0109643936157227 -0.0089111328125 -0.0413169860839844 -0.0281524658203125
0.00847530364990234 0.000344276428222656 -0.0495986938476563 -0.0128440856933594
0.00437164306640625 0.0104827880859375 -0.0511207580566406 -0.00797271728515625
-0.0131301879882813 0.00477695465087891 -0.0639801025390625 -0.00943756103515625
-0.00837898254394531 -0.00753593444824219 -0.08563232421875 0.0145416259765625
-0.000362753868103027 0.00207901000976563 -0.0933837890625 0.0323944091796875
0.0457763671875 0.0215415954589844 -0.0484275817871094 -0.0651397705078125
0.0337314605712891 0.00423622131347656 -0.00586223602294922 -0.0152530670166016
0.0228176116943359 0.00381088256835938 0.0402603149414063 -0.00414657592773438
0.0275192260742188 -0.00348472595214844 0.0654754638671875 -0.03668212890625
0.026031494140625 -0.0125350952148438 0.0520362854003906 -0.0599708557128906
0.0161113739013672 -0.0294132232666016 0.021148681640625 -0.082794189453125
0.0015106201171875 -0.0393486022949219 -0.0110092163085937 -0.0720138549804688
-0.000209808349609377 -0.0372848510742188 -0.0280418395996094 -0.0435791015625
0.000324249267578123 -0.0385627746582031 -0.0392074584960938 -0.0246543884277344
0.01031494140625 -0.037811279296875 -0.0449256896972656 -0.0176277160644531
0.0235595703125 -0.0255889892578125 -0.0525627136230469 -0.00341415405273438
0.0218086242675781 -0.00884246826171875 -0.0515785217285156 -0.00536727905273439
0.0156707763671875 -0.00152111053466797 -0.0603256225585938 -0.00146102905273439
0.0222873687744141 -0.00599288940429687 -0.0760726928710937 0.0227279663085938
0.0328845977783203 0.00530433654785156 -0.0834274291992187 0.0393218994140625
0.0749893188476563 0.0326919555664062 -0.0271949768066406 -0.0567665100097656
0.0650825500488281 0.0122299194335938 0.014927864074707 -0.00426483154296875
0.0540313720703125 0.00785446166992188 0.0515556335449219 0.00304794311523438
0.0551033020019531 -0.0115127563476563 0.0707626342773438 -0.0293731689453125
0.0413665771484375 -0.0290603637695313 0.0541648864746094 -0.0535736083984375
0.0214881896972656 -0.0489158630371094 0.0198287963867188 -0.0717086791992188
-0.00106430053710937 -0.0578956604003906 -0.0106010437011719 -0.0562362670898438
-0.000503540039062505 -0.05511474609375 -0.0230426788330078 -0.0244503021240234
-0.00605392456054688 -0.0575332641601563 -0.0337104797363281 -0.00384521484375
0.00591278076171875 -0.0606575012207031 -0.0464286804199219 0.000282287597656246
0.0278968811035156 -0.0488014221191406 -0.0527915954589844 0.0111503601074219
0.035003662109375 -0.0329933166503906 -0.0534095764160156 0.00260543823242188
0.0396728515625 -0.0127677917480469 -0.0573005676269531 0.00537490844726563
0.0529365539550781 -0.00634384155273437 -0.0610847473144531 0.0253982543945313
0.0622138977050781 0.00593948364257813 -0.0621719360351563 0.0471458435058594
0.0924148559570313 0.0376663208007813 0.00235748291015625 -0.0439529418945313
0.089324951171875 0.0167617797851563 0.03997802734375 0.00685501098632813
0.0778732299804687 0.0056610107421875 0.0631484985351562 0.00970840454101562
0.0728225708007813 -0.019866943359375 0.07421875 -0.0211257934570313
0.0521583557128906 -0.0428657531738281 0.0530014038085938 -0.0394783020019531
0.0242156982421875 -0.06475830078125 0.0154190063476563 -0.0514717102050781
-0.00146102905273438 -0.0678939819335938 -0.00414466857910156 -0.0316524505615234
-0.00400543212890625 -0.0643386840820313 -0.0137348175048828 -0.00304126739501954
-0.0105247497558594 -0.0697021484375 -0.0245895385742188 0.0165233612060547
0.000907897949218745 -0.0709457397460937 -0.0419883728027344 0.0199661254882812
0.0283889770507812 -0.0639266967773438 -0.0511856079101563 0.0262908935546875
0.0437545776367188 -0.0513114929199219 -0.0515899658203125 0.0122566223144531
0.0588607788085938 -0.0233802795410156 -0.0505180358886719 0.00832366943359375
0.0771331787109375 -0.0086517333984375 -0.0422134399414062 0.0244064331054688
0.0834884643554687 0.00974273681640625 -0.0350418090820313 0.0557479858398437
0.0940399169921875 0.0355758666992188 0.0333671569824219 -0.0331859588623047
0.0988845825195313 0.01873779296875 0.0624618530273438 0.0136337280273438
0.0895004272460938 0.00162506103515625 0.0681991577148438 0.0134086608886719
0.0813522338867188 -0.02923583984375 0.0732421875 -0.0119400024414063
0.0541801452636719 -0.05072021484375 0.0438156127929688 -0.0234909057617188
0.0197906494140625 -0.070220947265625 0.0148468017578125 -0.0256214141845703
-0.00475692749023437 -0.0662841796875 0.00301456451416016 -0.00523519515991211
-0.00698089599609376 -0.0635414123535156 -0.00297737121582031 0.0200786590576172
-0.0123481750488281 -0.0679740905761719 -0.0113868713378906 0.0377655029296875
-0.00269317626953125 -0.0723419189453125 -0.0345191955566406 0.0407752990722656
0.0285415649414063 -0.0690765380859375 -0.0454444885253906 0.0418472290039063
0.0470924377441406 -0.0566215515136719 -0.0508155822753906 0.0216445922851562
0.0709152221679688 -0.0247421264648437 -0.0422325134277344 0.0106239318847656
0.0897140502929688 -0.004364013671875 -0.0169944763183594 0.0194492340087891
0.0899200439453125 0.0150222778320313 -0.00326919555664062 0.0601272583007813
0.0834121704101562 0.0272750854492187 0.0626449584960938 -0.0275421142578125
0.092681884765625 0.0150833129882813 0.0799789428710938 0.0114593505859375
0.0834503173828125 -0.00095367431640625 0.0704574584960937 0.0129470825195312
0.0705413818359375 -0.03375244140625 0.0651321411132812 -0.00152206420898438
0.0423088073730469 -0.053375244140625 0.0401268005371094 -0.00865554809570313
0.0100212097167969 -0.0630683898925781 0.0160589218139648 -0.00286293029785157
-0.00756835937500001 -0.056976318359375 0.00883865356445313 0.0197811126708984
-0.00851058959960938 -0.0529632568359375 0.0100440979003906 0.0379676818847656
-0.0120162963867188 -0.0576705932617188 -0.00342941284179687 0.0564422607421875
-0.00279617309570312 -0.0619049072265625 -0.0256271362304687 0.06060791015625
0.0257339477539063 -0.0606956481933594 -0.0418891906738281 0.0534439086914062
0.0462417602539063 -0.0542755126953125 -0.045501708984375 0.0274314880371094
0.0710220336914063 -0.0202713012695313 -0.0354118347167969 0.00790786743164063
0.0865402221679688 0.003082275390625 0.00592613220214844 0.0179347991943359
0.0816650390625 0.0189361572265625 0.0262603759765625 0.0685653686523438
0.05877685546875 0.0170783996582031 0.0821990966796875 -0.0272598266601562
0.0727462768554688 0.0096435546875 0.0909576416015625 0.00286865234375
0.0657424926757813 -0.00842666625976563 0.0668296813964844 0.00943756103515625
0.0510673522949219 -0.03125 0.0564308166503906 0.00507354736328125
0.0264930725097656 -0.0425682067871094 0.0373687744140625 0.00720596313476562
-0.0024261474609375 -0.0448112487792969 0.0196723937988281 0.0151309967041016
-0.0124492645263672 -0.0342617034912109 0.0209312438964844 0.0342788696289063
-0.0068817138671875 -0.03277587890625 0.0187492370605469 0.0525398254394531
-0.00938796997070312 -0.0356674194335937 0.00469207763671875 0.0701904296875
-0.00414657592773438 -0.0458221435546875 -0.0231399536132813 0.0746688842773438
0.020263671875 -0.0443687438964844 -0.0406074523925781 0.0640525817871094
0.0390815734863281 -0.0404167175292969 -0.0427436828613281 0.0319137573242188
0.0603981018066406 -0.00996780395507813 -0.0265350341796875 0.00919532775878906
0.0689735412597656 0.00931167602539063 0.0209083557128906 0.0188388824462891
0.0594215393066406 0.0212974548339844 0.0503768920898438 0.0788040161132813
0.0254440307617188 0.00979995727539063 0.0945053100585937 -0.0324478149414063
0.04302978515625 0.002044677734375 0.0898284912109375 -0.00609588623046875
0.0380439758300781 -0.00856781005859375 0.058929443359375 0.00310134887695312
0.0235118865966797 -0.0248203277587891 0.0519180297851562 0.0110359191894531
0.00452613830566406 -0.0266380310058594 0.0398788452148437 0.0138092041015625
-0.010711669921875 -0.0190486907958984 0.0266971588134766 0.0253410339355469
-0.0114946365356445 -0.0123968124389648 0.03021240234375 0.0412483215332031
-0.00626230239868164 -0.00779342651367188 0.0261001586914063 0.0569496154785156
-0.00787639617919922 -0.0101289749145508 0.00665283203125001 0.076812744140625
-0.00629615783691406 -0.0216274261474609 -0.0237960815429687 0.0821151733398438
0.00938034057617188 -0.0233020782470703 -0.0413703918457031 0.0657997131347656
0.0247097015380859 -0.0236682891845703 -0.0459060668945313 0.0354728698730469
0.0391731262207031 -0.0011444091796875 -0.0234889984130859 0.0100040435791016
0.042022705078125 0.0126571655273438 0.0306301116943359 0.0236053466796875
0.0288372039794922 0.0160331726074219 0.06390380859375 0.0845413208007813
0.0105714797973633 0.0109081268310547 -0.0650482177734375 -0.0667724609375
-0.00148749351501465 -0.00338196754455566 -0.0212173461914063 -0.0196113586425781
-0.00703191757202149 0.00374984741210937 0.0330467224121094 -0.00763893127441406
0.00361776351928711 0.00727939605712891 0.0562705993652344 -0.0406074523925781
0.00854349136352539 0.000936508178710938 0.0471038818359375 -0.0691871643066406
0.00837945938110352 -0.0080714225769043 0.0155792236328125 -0.089813232421875
0.000840187072753904 -0.0174360275268555 -0.0176467895507812 -0.07952880859375
0.00239276885986328 -0.016301155090332 -0.0322418212890625 -0.0524978637695313
0.00527286529541016 -0.0152034759521484 -0.0414772033691406 -0.0328216552734375
0.0114173889160156 -0.0107402801513672 -0.0448760986328125 -0.0248947143554688
0.0123319625854492 -0.000330924987792969 -0.0508308410644531 -0.00973510742187501
0.00449275970458984 0.0113162994384766 -0.0527458190917969 -0.00601959228515624
-0.0129365921020508 0.00615978240966797 -0.0649986267089844 -0.00640106201171875
-0.010655403137207 -0.00454044342041016 -0.08441162109375 0.0178756713867187
-7.55786895751953E-05 0.0037682056427002 -0.0910415649414062 0.0385818481445313
0.0459938049316406 0.0207557678222656 -0.05133056640625 -0.0633354187011719
0.0344829559326172 0.00131797790527344 -0.00553607940673828 -0.01409912109375
0.025054931640625 0.00345230102539063 0.0428047180175781 -0.00518035888671875
0.0283908843994141 -0.00368690490722656 0.0634727478027344 -0.0373458862304688
0.025543212890625 -0.0159759521484375 0.04913330078125 -0.0638236999511719
0.0148258209228516 -0.030853271484375 0.0152816772460938 -0.0826873779296875
-0.00160980224609375 -0.0411148071289063 -0.015289306640625 -0.0706405639648438
-0.0018310546875 -0.0388755798339844 -0.0292701721191406 -0.0397567749023438
-0.000968933105468751 -0.0393600463867188 -0.0406036376953125 -0.0191764831542969
0.0092620849609375 -0.039093017578125 -0.0477218627929688 -0.0126266479492187
0.0220470428466797 -0.0267925262451172 -0.0551033020019531 0.000377655029296864
0.0241184234619141 -0.0109310150146484 -0.0528144836425781 -0.00156402587890624
0.0152816772460938 -0.000789642333984375 -0.0617408752441406 0.00178146362304689
0.0222301483154297 -0.00486373901367188 -0.07415771484375 0.0258255004882812
0.0330753326416016 0.00474929809570313 -0.0801544189453125 0.04644775390625
0.0753860473632813 0.0289688110351563 -0.0266036987304687 -0.0559501647949219
0.0663032531738281 0.00919723510742187 0.0171937942504883 -0.00515365600585937
0.0555763244628906 0.00376129150390625 0.0546951293945313 0.000568389892578125
0.052642822265625 -0.0147705078125 0.070281982421875 -0.0327262878417969
0.040924072265625 -0.0318489074707031 0.0516586303710937 -0.0544395446777344
0.0192146301269531 -0.0510711669921875 0.0139884948730469 -0.0694541931152344
-0.00301742553710938 -0.0582542419433594 -0.0121803283691406 -0.0532073974609375
-0.00608062744140625 -0.0555877685546875 -0.0229320526123047 -0.0219402313232422
-0.00735855102539062 -0.0581474304199219 -0.0344314575195313 -0.000144958496093747
0.00411605834960938 -0.0608062744140625 -0.0472602844238281 0.00572586059570312
0.0252952575683594 -0.0495223999023438 -0.0551948547363281 0.0146560668945312
0.0343818664550781 -0.0342292785644531 -0.0552101135253906 0.00733566284179687
0.0400352478027344 -0.0130043029785156 -0.058135986328125 0.00890350341796875
0.0522270202636719 -0.00894927978515625 -0.0587043762207031 0.0293807983398438
0.0619049072265625 0.00394821166992188 -0.0598640441894531 0.0531158447265625
0.0923309326171875 0.0313796997070313 0.00230026245117188 -0.0460205078125
0.0893783569335938 0.012359619140625 0.0410308837890625 0.00522613525390625
0.0791168212890625 0.00080108642578125 0.0653610229492188 0.00774765014648438
0.07061767578125 -0.0260391235351563 0.0751571655273438 -0.0241546630859375
0.0496025085449219 -0.0461387634277344 0.0484390258789063 -0.0417251586914063
0.0201492309570312 -0.0635147094726563 0.0135650634765625 -0.0493659973144531
-0.00629043579101562 -0.0662422180175781 -0.00501441955566406 -0.0296096801757813
-0.00856399536132813 -0.0636520385742188 -0.0131616592407227 0.000629425048828119
-0.0134696960449219 -0.06658935546875 -0.0237541198730469 0.02081298828125
-0.00260925292968749 -0.0713729858398438 -0.0408172607421875 0.0264091491699219
0.0231399536132812 -0.0649642944335938 -0.0512466430664063 0.0306053161621094
0.040283203125 -0.0520973205566406 -0.0530929565429688 0.0165596008300781
0.0585098266601563 -0.0249252319335938 -0.0519828796386719 0.0120849609375
0.0759811401367188 -0.0128860473632813 -0.0391960144042969 0.0278434753417969
0.0825424194335937 0.00475311279296875 -0.0317840576171875 0.0582160949707031
0.0951919555664063 0.0294570922851563 0.0325508117675781 -0.0367164611816406
0.0973358154296875 0.0123443603515625 0.064971923828125 0.0114860534667969
0.0882110595703125 -0.00238037109375 0.0712051391601562 0.0111923217773437
0.075958251953125 -0.034210205078125 0.0733718872070313 -0.0141372680664063
0.048736572265625 -0.0536537170410156 0.04534912109375 -0.0260887145996094
0.0161781311035156 -0.068878173828125 0.013580322265625 -0.0272598266601563
-0.00963973999023438 -0.0651473999023438 0.00310945510864258 -0.00471782684326172
-0.00985336303710937 -0.0604591369628906 -0.00185775756835938 0.0208244323730469
-0.0156021118164062 -0.0655059814453125 -0.0102310180664063 0.04095458984375
-0.00689697265625 -0.0712509155273438 -0.0318145751953125 0.0468063354492188
0.0218353271484375 -0.0700569152832031 -0.0443077087402344 0.0455513000488281
0.0423698425292969 -0.0604591369628906 -0.0484962463378906 0.0240631103515625
0.0691184997558594 -0.0295257568359375 -0.0442085266113281 0.0120925903320313
0.0877685546875 -0.0099029541015625 -0.0157451629638672 0.0216999053955078
0.0892791748046875 0.0075836181640625 0.000865936279296876 0.0633773803710938
0.0824966430664063 0.0222549438476562 0.060546875 -0.0328636169433594
0.0911178588867188 0.00795745849609375 0.0819015502929688 0.00809478759765625
0.0834884643554688 -0.00763702392578125 0.0717010498046875 0.0099639892578125
0.0680198669433594 -0.0375175476074219 0.067626953125 -0.00437164306640625
0.0386772155761719 -0.0527420043945312 0.0420494079589844 -0.00875091552734375
0.00545120239257813 -0.0617027282714844 0.0164012908935547 -0.00223159790039063
-0.0119705200195313 -0.0530433654785156 0.0128517150878906 0.0171575546264648
-0.0105400085449219 -0.0495986938476563 0.0108718872070312 0.0382843017578125
-0.0153312683105469 -0.0532035827636719 0.000415802001953123 0.0588455200195312
-0.00674057006835937 -0.0609970092773438 -0.0232963562011719 0.0627403259277344
0.020538330078125 -0.0623626708984375 -0.0387077331542969 0.0579643249511719
0.0425758361816406 -0.0558509826660156 -0.0442581176757813 0.0302619934082031
0.0702476501464844 -0.0241508483886719 -0.0345401763916016 0.0113620758056641
0.085662841796875 -0.00362396240234375 0.00604820251464844 0.0182991027832031
0.081268310546875 0.011932373046875 0.0306854248046875 0.0697555541992188
0.0594024658203125 0.0138168334960938 0.079986572265625 -0.0344390869140625
0.0710906982421875 0.001708984375 0.0904769897460938 -0.000152587890625
0.0647048950195313 -0.0125961303710938 0.0679664611816406 0.00644683837890625
0.0471420288085937 -0.0371818542480469 0.0603485107421875 0.00357437133789062
0.0210380554199219 -0.0443077087402344 0.0392990112304688 0.00548553466796875
-0.006195068359375 -0.0432891845703125 0.0224876403808594 0.0155181884765625
-0.0136127471923828 -0.0316982269287109 0.0232925415039062 0.0329799652099609
-0.0099029541015625 -0.0302467346191406 0.0209197998046875 0.0514984130859375
-0.0127277374267578 -0.0348320007324219 0.00775527954101563 0.0702781677246094
-0.00685501098632813 -0.0420112609863281 -0.0205459594726563 0.0758743286132812
0.0161972045898438 -0.0454330444335938 -0.0371170043945313 0.0660820007324219
0.0360984802246094 -0.0416793823242188 -0.0415840148925781 0.0349655151367188
0.05926513671875 -0.0128211975097656 -0.0271701812744141 0.0103702545166016
0.0687332153320313 0.0042877197265625 0.0232639312744141 0.0176830291748047
0.0594024658203125 0.014984130859375 0.0544662475585938 0.0770263671875
0.02606201171875 0.00598716735839844 0.090240478515625 -0.0401611328125
0.0420875549316406 -0.00239181518554688 0.0899200439453125 -0.0104904174804688
0.0376091003417969 -0.0140533447265625 0.0611915588378906 0.00133514404296875
0.0216960906982422 -0.0270709991455078 0.0544471740722656 0.00865936279296875
0.00139808654785156 -0.0278110504150391 0.0404319763183594 0.0127105712890625
-0.0157756805419922 -0.0163717269897461 0.0313243865966797 0.0240745544433594
-0.0100631713867187 -0.00652599334716797 0.0337638854980469 0.0397453308105469
-0.00608491897583008 -0.00620555877685547 0.0283203125 0.0555915832519531
-0.00996208190917969 -0.00944614410400391 0.0119552612304687 0.0751800537109375
-0.00810146331787109 -0.0169410705566406 -0.0197219848632813 0.0814132690429688
0.006103515625 -0.0249099731445313 -0.0387725830078125 0.0696601867675781
0.0218029022216797 -0.0242481231689453 -0.0424957275390625 0.0384788513183594
0.0371284484863281 -0.00332260131835937 -0.0260181427001953 0.0118522644042969
0.0403213500976563 0.00621795654296875 0.0304679870605469 0.0202121734619141
0.0278129577636719 0.0130481719970703 0.06573486328125 0.0825576782226562
0.0117597579956055 0.0125160217285156 -0.0638694763183594 -0.0657310485839844
0.000244379043579101 -0.00238728523254394 -0.0189228057861328 -0.0171184539794922
-0.00470161437988281 0.00466442108154297 0.0335235595703125 -0.00820732116699219
0.00386381149291992 0.00670623779296875 0.0551872253417969 -0.0410804748535156
0.00903701782226563 -0.00063323974609375 0.0433540344238281 -0.0683097839355469
0.00832366943359375 -0.0102519989013672 0.0125045776367188 -0.088348388671875
-0.000709533691406252 -0.0196437835693359 -0.0195465087890625 -0.077056884765625
0.00113868713378906 -0.0183925628662109 -0.0328292846679688 -0.0487136840820313
0.00504875183105469 -0.0182743072509766 -0.041717529296875 -0.0282783508300781
0.0119686126708984 -0.0130748748779297 -0.0459976196289062 -0.0215187072753906
0.0137262344360352 -0.00168800354003906 -0.0519943237304688 -0.00774002075195312
0.00723552703857422 0.0117273330688477 -0.0533599853515625 -0.00508880615234374
-0.0119543075561523 0.00864124298095703 -0.0655632019042969 -0.00553512573242187
-0.0101070404052734 -0.00181293487548828 -0.0821990966796875 0.0199432373046875
-0.0002288818359375 0.0059666633605957 -0.0867538452148437 0.0422515869140625
0.0478515625 0.0208244323730469 -0.0503921508789063 -0.0611495971679687
0.0349025726318359 0.00093841552734375 -0.00365257263183594 -0.0126132965087891
0.0259113311767578 0.00271797180175781 0.0436820983886719 -0.00522232055664062
0.0285816192626953 -0.00504684448242188 0.0629806518554688 -0.0392036437988281
0.0250320434570312 -0.0178146362304688 0.0468177795410156 -0.0638084411621094
0.0137214660644531 -0.0325336456298828 0.0131759643554687 -0.08056640625
-0.00305557250976562 -0.0416717529296875 -0.0165824890136719 -0.0664939880371094
-0.0037078857421875 -0.0397224426269531 -0.0296096801757812 -0.0367698669433594
-0.002044677734375 -0.0419082641601562 -0.0405769348144531 -0.0153121948242188
0.00857925415039062 -0.0394515991210938 -0.0492019653320313 -0.00897979736328125
0.0222377777099609 -0.0273265838623047 -0.0553550720214844 0.00265884399414062
0.0243015289306641 -0.0105152130126953 -0.0544662475585938 0.000297546386718758
0.0152950286865234 0.000574111938476563 -0.0616493225097656 0.00333404541015626
0.0217170715332031 -0.00365257263183594 -0.0720138549804688 0.0279159545898437
0.0331611633300781 0.00556182861328125 -0.0762939453125 0.0504379272460938
0.0754241943359375 0.0262985229492188 -0.0274925231933594 -0.0527801513671875
0.0654067993164063 0.00603103637695313 0.0185832977294922 -0.003204345703125
0.0552749633789063 0.00169754028320313 0.056610107421875 0.00054168701171875
0.0518569946289063 -0.0168495178222656 0.0706253051757813 -0.0330429077148438
0.0390625 -0.0335044860839844 0.0491828918457031 -0.0550498962402344
0.0178375244140625 -0.0516471862792969 0.0131759643554687 -0.0667266845703125
-0.00542831420898438 -0.05816650390625 -0.0116424560546875 -0.0492668151855469
-0.00743484497070312 -0.0547943115234375 -0.0221824645996094 -0.0189018249511719
-0.00978851318359375 -0.0576629638671875 -0.0335826873779297 0.00322723388671874
0.0017547607421875 -0.0590896606445313 -0.0471992492675781 0.00963211059570311
0.0237693786621094 -0.0494575500488281 -0.0560951232910156 0.018096923828125
0.0339488983154297 -0.0340385437011719 -0.05438232421875 0.0093841552734375
0.0385360717773438 -0.012054443359375 -0.0573196411132813 0.0106124877929688
0.0505142211914063 -0.00849533081054688 -0.0564842224121094 0.0311088562011719
0.0604362487792969 0.00348663330078125 -0.0561561584472656 0.0568313598632812
0.0920257568359375 0.0280838012695313 0.00212097167968751 -0.0438117980957031
0.08758544921875 0.008941650390625 0.0429840087890625 0.00574874877929688
0.0781173706054688 -0.00156402587890625 0.0667877197265625 0.00780868530273437
0.0686149597167969 -0.0280189514160156 0.0745697021484375 -0.0244979858398437
0.0475921630859375 -0.0466346740722656 0.0480384826660156 -0.0411415100097656
0.0175285339355469 -0.0644340515136719 0.0128021240234375 -0.046905517578125
-0.00832366943359376 -0.0652503967285156 -0.00471687316894531 -0.0269374847412109
-0.0112991333007812 -0.061279296875 -0.0113306045532227 0.00221920013427734
-0.0154151916503906 -0.0658226013183594 -0.0214042663574219 0.0240364074707031
-0.00479125976562501 -0.0698509216308594 -0.0404548645019531 0.0301094055175781
0.0214042663574219 -0.0642623901367188 -0.0509109497070312 0.034393310546875
0.0380973815917969 -0.0523719787597656 -0.0527763366699219 0.0187759399414063
0.0563430786132813 -0.02490234375 -0.0512466430664063 0.0136222839355469
0.0724945068359375 -0.0133895874023438 -0.0369224548339844 0.0293502807617188
0.0796585083007813 0.00262451171875 -0.0283164978027344 0.0621681213378906
0.0936660766601563 0.0245208740234375 0.0320549011230469 -0.036773681640625
0.0944976806640625 0.00803375244140625 0.0647201538085938 0.0103912353515625
0.0870895385742188 -0.00547027587890625 0.0733795166015625 0.0114288330078125
0.07305908203125 -0.0365829467773438 0.0729751586914063 -0.0139846801757813
0.0454521179199219 -0.0540542602539062 0.0452041625976563 -0.0252189636230469
0.0121269226074219 -0.0666847229003906 0.0141372680664063 -0.0236339569091797
-0.0115699768066406 -0.0629959106445313 0.00337696075439453 -0.00325131416320801
-0.0129127502441406 -0.0586929321289063 -0.00016021728515625 0.0220737457275391
-0.0180130004882812 -0.0625534057617188 -0.00898361206054688 0.0429649353027344
-0.00956344604492188 -0.0689048767089844 -0.0304298400878906 0.0487937927246094
0.0185432434082031 -0.068206787109375 -0.0437469482421875 0.0489883422851562
0.0394477844238281 -0.0604438781738281 -0.0481338500976562 0.0268745422363281
0.0663414001464844 -0.0298919677734375 -0.0430259704589844 0.0144195556640625
0.0842819213867187 -0.0135116577148437 -0.0145664215087891 0.02423095703125
0.0863800048828125 0.0045318603515625 0.00276565551757813 0.0655517578125
0.0817413330078125 0.0181961059570313 0.0586585998535156 -0.0340652465820313
0.0869903564453125 0.00366973876953125 0.0805740356445313 0.00789642333984375
0.0811614990234375 -0.0110244750976562 0.07318115234375 0.0116119384765625
0.0645561218261719 -0.0398521423339844 0.0681724548339844 -0.00532150268554688
0.0346908569335938 -0.0536041259765625 0.04180908203125 -0.00916671752929688
0.00174713134765625 -0.0584983825683594 0.017277717590332 -0.00141239166259766
-0.0138320922851562 -0.0497550964355469 0.014190673828125 0.0173845291137695
-0.0127105712890625 -0.0466575622558594 0.0125389099121094 0.0385665893554688
-0.0168075561523437 -0.0503883361816406 0.00237655639648437 0.0591239929199219
-0.009765625 -0.0576972961425781 -0.0215377807617187 0.0650901794433594
0.0161590576171875 -0.0602035522460938 -0.0373878479003906 0.0603675842285156
0.0379219055175781 -0.0556869506835938 -0.0435562133789063 0.0324668884277344
0.0668716430664063 -0.0254631042480469 -0.0341415405273437 0.0126991271972656
0.0818405151367187 -0.00760650634765625 0.00700569152832032 0.0187225341796875
0.078704833984375 0.0080413818359375 0.0322494506835938 0.0702629089355469
0.0567169189453125 0.009765625 0.076904296875 -0.036468505859375
0.0681076049804688 -0.00178909301757813 0.0891189575195313 -0.00197601318359375
0.0630683898925781 -0.0145835876464844 0.0690498352050781 0.00643157958984375
0.0449943542480469 -0.0372543334960938 0.0611686706542969 0.00273513793945312
0.0170783996582031 -0.043731689453125 0.0410346984863281 0.00416946411132812
-0.0091552734375 -0.0398178100585938 0.0248584747314453 0.0148124694824219
-0.014617919921875 -0.0294170379638672 0.0250225067138672 0.03057861328125
-0.0106658935546875 -0.0276889801025391 0.0224990844726563 0.0492057800292969
-0.0136890411376953 -0.0300006866455078 0.0100173950195312 0.0704193115234375
-0.00928497314453125 -0.0380172729492188 -0.0176467895507812 0.075439453125
0.0121574401855469 -0.0437583923339844 -0.0350189208984375 0.0672111511230469
0.0319557189941406 -0.0419731140136719 -0.0407562255859375 0.0366477966308594
0.0565147399902344 -0.0159492492675781 -0.0275211334228516 0.0117282867431641
0.0654411315917969 -0.000804901123046875 0.0230636596679688 0.0177230834960938
0.0575637817382813 0.010711669921875 0.0547943115234375 0.07586669921875
0.02447509765625 0.00301361083984375 0.0861053466796875 -0.0433502197265625
0.0405158996582031 -0.0048065185546875 0.0888137817382812 -0.0129165649414062
0.03558349609375 -0.0159645080566406 0.0617485046386719 0.00200653076171875
0.0188617706298828 -0.0287818908691406 0.0557708740234375 0.00794219970703125
-0.00247764587402344 -0.0261917114257813 0.0422477722167969 0.0104713439941406
-0.017277717590332 -0.0134363174438477 0.0332870483398438 0.0222988128662109
-0.0114765167236328 -0.00385570526123047 0.0348892211914063 0.0348758697509766
-0.00715112686157226 -0.00415945053100586 0.0295867919921875 0.0517501831054688
-0.00927639007568359 -0.00616836547851563 0.01300048828125 0.0745468139648438
-0.00925827026367188 -0.0135335922241211 -0.017669677734375 0.0811920166015625
0.00369834899902344 -0.0232734680175781 -0.0363311767578125 0.0698890686035156
0.0192298889160156 -0.0240764617919922 -0.0411224365234375 0.0395927429199219
0.0352325439453125 -0.00520706176757813 -0.0260829925537109 0.012664794921875
0.0366249084472656 0.0040740966796875 0.0300636291503906 0.018829345703125
0.0263347625732422 0.00955772399902344 0.0654830932617188 0.0807113647460938
0.013585090637207 0.0143318176269531 -0.0626754760742188 -0.0655364990234375
0.00183749198913574 -0.00222635269165039 -0.0172290802001953 -0.0168008804321289
-0.00300884246826172 0.00500011444091797 0.0350265502929688 -0.00817489624023438
0.00570583343505859 0.00567770004272461 0.0553131103515625 -0.0410537719726563
0.00973033905029297 -0.00206375122070313 0.0426902770996094 -0.06842041015625
0.00836563110351562 -0.0123872756958008 0.0120086669921875 -0.0867996215820313
-0.000812530517578123 -0.0217933654785156 -0.0190887451171875 -0.0755615234375
0.000551223754882811 -0.0204486846923828 -0.031829833984375 -0.0471839904785156
0.00507164001464844 -0.0205478668212891 -0.0416755676269531 -0.0258445739746094
0.0129594802856445 -0.015629768371582 -0.0465087890625 -0.0193977355957031
0.0159711837768555 -0.00287246704101563 -0.0532417297363281 -0.00635528564453124
0.009246826171875 0.0111980438232422 -0.054290771484375 -0.00513839721679687
-0.0109138488769531 0.0108432769775391 -0.0664558410644531 -0.00588226318359376
-0.0104751586914063 0.00101184844970703 -0.0808639526367188 0.0189666748046875
0.00103187561035156 0.00807809829711914 -0.0841217041015625 0.0438385009765625
0.0485687255859375 0.0212478637695313 -0.04864501953125 -0.060821533203125
0.0357818603515625 0.00112152099609375 -0.000591278076171873 -0.0113630294799805
0.0270957946777344 0.00281333923339844 0.0456390380859375 -0.00519561767578125
0.028961181640625 -0.00596809387207031 0.062957763671875 -0.038665771484375
0.025146484375 -0.0188236236572266 0.0466117858886719 -0.0621910095214844
0.0130615234375 -0.0344123840332031 0.0124664306640625 -0.0785598754882813
-0.00412368774414063 -0.0429763793945313 -0.0160026550292969 -0.064483642578125
-0.0043182373046875 -0.0411872863769531 -0.0284347534179688 -0.0346107482910156
-0.00189208984375 -0.0435142517089844 -0.0394287109375 -0.0117874145507812
0.00934219360351562 -0.0412712097167969 -0.0498847961425781 -0.00622177124023437
0.0235996246337891 -0.0273246765136719 -0.0568008422851563 0.00487136840820313
0.0258903503417969 -0.0105209350585938 -0.0555267333984375 0.000896453857421878
0.0162353515625 0.00297355651855469 -0.0622177124023438 0.00307846069335938
0.0211696624755859 -0.00111770629882813 -0.0702476501464844 0.0283546447753906
0.0326690673828125 0.00757408142089844 -0.0740585327148437 0.0531692504882813
0.0755157470703125 0.026275634765625 -0.0252418518066406 -0.0524787902832031
0.06488037109375 0.005645751953125 0.0214138031005859 -0.00257492065429688
0.0559349060058594 0.000965118408203125 0.05792236328125 0.00165557861328125
0.0516433715820313 -0.017547607421875 0.0714111328125 -0.032928466796875
0.0384483337402344 -0.0333442687988281 0.0492134094238281 -0.0534210205078125
0.01715087890625 -0.0522041320800781 0.0134506225585937 -0.0643310546875
-0.0067596435546875 -0.0578269958496094 -0.011077880859375 -0.0467796325683594
-0.00821685791015625 -0.0552635192871094 -0.0207386016845703 -0.0163478851318359
-0.0105247497558594 -0.0580482482910156 -0.0320682525634766 0.00716018676757813
0.00240325927734375 -0.0602302551269531 -0.0473899841308594 0.0131187438964844
0.0240745544433594 -0.0495109558105469 -0.0564804077148438 0.0207633972167969
0.0348567962646484 -0.0338344573974609 -0.0564689636230469 0.0109176635742188
0.03875732421875 -0.0105209350585938 -0.0579643249511719 0.0106468200683594
0.0492019653320313 -0.00672531127929688 -0.0547256469726563 0.0324974060058594
0.0595245361328125 0.00460433959960938 -0.0532951354980469 0.0596389770507813
0.0907821655273438 0.0269622802734375 0.00367355346679688 -0.0427818298339844
0.0849151611328125 0.00743865966796875 0.0445899963378906 0.00680160522460937
0.0775680541992188 -0.0018463134765625 0.0694618225097656 0.00904083251953125
0.0671157836914063 -0.0285682678222656 0.0762939453125 -0.0239791870117188
0.0456962585449219 -0.0467567443847656 0.0491943359375 -0.039764404296875
0.0163383483886719 -0.0626564025878906 0.0148963928222656 -0.0443763732910156
-0.00897216796875 -0.0646438598632812 -0.00362014770507812 -0.0254840850830078
-0.0119209289550781 -0.0610542297363281 -0.00998592376708984 0.00405406951904297
-0.0157432556152344 -0.0647125244140625 -0.0212764739990234 0.0273685455322266
-0.00543212890625 -0.0688552856445313 -0.0403900146484375 0.0332069396972656
0.0203170776367187 -0.0632781982421875 -0.0518722534179688 0.0374069213867187
0.0377883911132813 -0.0520248413085938 -0.0543327331542969 0.0208625793457031
0.05584716796875 -0.0239486694335937 -0.0516510009765625 0.0148468017578125
0.0706787109375 -0.0126800537109375 -0.0357437133789062 0.0310401916503906
0.077880859375 0.0026397705078125 -0.0261993408203125 0.0653419494628906
0.0920944213867188 0.022674560546875 0.033050537109375 -0.0360908508300781
0.0914382934570313 0.00655364990234375 0.0661773681640625 0.0115165710449219
0.0869140625 -0.00620269775390625 0.07537841796875 0.0134963989257812
0.0714645385742188 -0.0365982055664063 0.0755996704101563 -0.0132064819335938
0.0438957214355469 -0.0535202026367188 0.0468978881835938 -0.0236396789550781
0.0110244750976563 -0.064849853515625 0.01666259765625 -0.0219364166259766
-0.0116157531738281 -0.0607719421386719 0.00486850738525391 -0.00150203704833985
-0.0130462646484375 -0.0570297241210938 0.000762939453124999 0.0235137939453125
-0.0180740356445312 -0.060943603515625 -0.00822067260742188 0.0459098815917969
-0.0106887817382813 -0.0666007995605469 -0.0306625366210938 0.0524253845214844
0.0170783996582031 -0.0667037963867188 -0.0441703796386719 0.0512847900390625
0.03839111328125 -0.0599021911621094 -0.0489273071289063 0.0287513732910156
0.0649833679199219 -0.0294952392578125 -0.0433807373046875 0.0152244567871094
0.0815963745117187 -0.014007568359375 -0.0139560699462891 0.024993896484375
0.0845489501953125 0.00334930419921875 0.00308609008789063 0.0686492919921875
0.0793914794921875 0.0160064697265625 0.0576553344726563 -0.0332565307617187
0.0836410522460938 0.002593994140625 0.0808334350585937 0.00897216796875
0.0800552368164062 -0.0114059448242187 0.075836181640625 0.0128326416015625
0.0622940063476563 -0.0405464172363281 0.0697174072265625 -0.00400161743164063
0.0324592590332031 -0.0524139404296875 0.0441856384277344 -0.0081329345703125
0.00155258178710938 -0.0561790466308594 0.0200023651123047 -0.000347137451171878
-0.0144195556640625 -0.0475807189941406 0.015289306640625 0.0181446075439453
-0.0126991271972656 -0.0445632934570313 0.0134201049804688 0.0390357971191406
-0.0166893005371094 -0.04742431640625 0.00288772583007812 0.0612373352050781
-0.0112380981445312 -0.0545806884765625 -0.0217170715332031 0.0674247741699219
0.0142707824707031 -0.058135986328125 -0.0369606018066406 0.0626487731933594
0.0355949401855469 -0.0549163818359375 -0.0440711975097656 0.03411865234375
0.0646820068359375 -0.0266151428222656 -0.0345935821533203 0.0136852264404297
0.0790863037109375 -0.009796142578125 0.0074310302734375 0.0201339721679687
0.0765533447265625 0.00586700439453125 0.0326919555664063 0.0727767944335938
0.0550956726074219 0.00745773315429688 0.0747528076171875 -0.0369110107421875
0.0645370483398438 -0.00360488891601563 0.0882568359375 -0.00048828125
0.0613059997558594 -0.0161552429199219 0.07086181640625 0.0083465576171875
0.0419387817382813 -0.0379600524902344 0.0626487731933594 0.00327301025390625
0.0138092041015625 -0.0428695678710938 0.0417404174804687 0.00352096557617187
-0.0099029541015625 -0.0367088317871094 0.0260810852050781 0.0147933959960937
-0.0152378082275391 -0.0265846252441406 0.0257968902587891 0.0302143096923828
-0.0110282897949219 -0.0248947143554688 0.0226020812988281 0.0487251281738281
-0.0137672424316406 -0.0270633697509766 0.0105361938476563 0.0705795288085938
-0.0101070404052734 -0.0346755981445313 -0.0179214477539062 0.0769577026367188
0.00953292846679688 -0.04193115234375 -0.0348243713378906 0.0681571960449219
0.0294303894042969 -0.0412940979003906 -0.0408172607421875 0.0375823974609375
0.053924560546875 -0.0168228149414063 -0.0278472900390625 0.0129070281982422
0.0623931884765625 -0.00249481201171875 0.022735595703125 0.0185451507568359
0.0552558898925781 0.00825881958007812 0.0537033081054688 0.0776290893554688
0.0231800079345703 0.000286102294921875 0.083038330078125 -0.043914794921875
0.0375137329101563 -0.00625991821289063 0.0868911743164062 -0.0119552612304687
0.0343818664550781 -0.0178127288818359 0.0632858276367187 0.003204345703125
0.016754150390625 -0.0289287567138672 0.0569038391113281 0.00800323486328125
-0.00445175170898438 -0.0255985260009766 0.0439720153808594 0.00970077514648438
-0.0177536010742187 -0.0105342864990234 0.0348548889160156 0.0205650329589844
-0.0111474990844727 -0.000781059265136716 0.0347766876220703 0.0333366394042969
-0.00719451904296875 -0.00199365615844727 0.0286064147949219 0.0504074096679688
-0.00851964950561524 -0.00332880020141602 0.0134963989257812 0.0738449096679688
-0.0101737976074219 -0.0110797882080078 -0.0170974731445312 0.0811920166015625
0.00164031982421875 -0.0211715698242187 -0.036224365234375 0.0705184936523438
0.01666259765625 -0.0232219696044922 -0.0419731140136719 0.0396461486816406
0.0333938598632813 -0.00700187683105469 -0.0277481079101562 0.0128860473632813
0.0341949462890625 0.00130271911621094 0.0281658172607422 0.0190639495849609
0.0242080688476563 0.00725555419921875 0.0649566650390625 0.0813980102539063
0.0165433883666992 0.0169677734375 -0.0615997314453125 -0.0681266784667969
0.00451231002807617 -0.00182151794433594 -0.0145883560180664 -0.01678466796875
-0.00113749504089355 0.00438451766967773 0.0380859375 -0.00795745849609375
0.008087158203125 0.00450038909912109 0.0581321716308594 -0.0416946411132813
0.0109786987304688 -0.0041046142578125 0.0438880920410156 -0.0686264038085938
0.00864505767822266 -0.0156593322753906 0.0117950439453125 -0.087615966796875
-0.00242233276367188 -0.025054931640625 -0.0195159912109375 -0.0758590698242188
-0.000699996948242188 -0.0237312316894531 -0.0317268371582031 -0.0461578369140625
0.00503158569335937 -0.0242328643798828 -0.0413322448730469 -0.0241546630859375
0.0145835876464844 -0.0185832977294922 -0.0485572814941406 -0.0176544189453125
0.0184726715087891 -0.00393295288085938 -0.0558738708496094 -0.00535964965820312
0.0122709274291992 0.0119590759277344 -0.0570182800292969 -0.00552368164062499
-0.00927352905273438 0.0136032104492187 -0.0689277648925781 -0.00657653808593751
-0.0096588134765625 0.00424003601074219 -0.0818328857421875 0.0185546875
0.00189018249511719 0.0113372802734375 -0.0836334228515625 0.04534912109375
0.0509147644042969 0.0235061645507813 -0.0472145080566406 -0.0625
0.0376625061035156 0.0014190673828125 0.00164890289306641 -0.0110235214233398
0.0290927886962891 0.00235557556152344 0.0491905212402344 -0.0044403076171875
0.0308895111083984 -0.00689697265625 0.0659103393554688 -0.0390167236328125
0.0261001586914062 -0.0203132629394531 0.0479965209960938 -0.0627975463867188
0.0131988525390625 -0.0370521545410156 0.013427734375 -0.0782623291015625
-0.00474166870117188 -0.04534912109375 -0.01507568359375 -0.0636138916015625
-0.00532913208007812 -0.0433616638183594 -0.0277519226074219 -0.0332832336425781
-0.00191497802734375 -0.04656982421875 -0.0391502380371094 -0.00922393798828125
0.0108604431152344 -0.0438804626464844 -0.0516700744628906 -0.00305175781249999
0.0261516571044922 -0.0287418365478516 -0.0592689514160156 0.00695419311523439
0.028900146484375 -0.0103378295898437 -0.058258056640625 0.00175094604492186
0.0182285308837891 0.00525283813476563 -0.0642814636230469 0.00308990478515624
0.0214481353759766 0.0028533935546875 -0.0707473754882813 0.0286407470703125
0.0334510803222656 0.0104961395263672 -0.0731582641601563 0.0559768676757812
0.0768203735351563 0.027435302734375 -0.0225181579589844 -0.0529060363769531
0.0656700134277344 0.00568008422851563 0.0246410369873047 -0.00135421752929687
0.0578575134277344 0.000713348388671875 0.0626983642578125 0.00294876098632813
0.0525627136230469 -0.0179939270019531 0.0745391845703125 -0.032440185546875
0.0392646789550781 -0.0352554321289063 0.0512466430664063 -0.0529823303222656
0.0171470642089844 -0.0542945861816406 0.0151557922363281 -0.0634040832519531
-0.00728988647460937 -0.0593070983886719 -0.00897979736328125 -0.0453872680664063
-0.00935363769531251 -0.0567398071289063 -0.0192813873291016 -0.0140838623046875
-0.01031494140625 -0.0609779357910156 -0.0315151214599609 0.0107154846191406
0.00256729125976562 -0.0618019104003906 -0.04913330078125 0.0168266296386719
0.0260734558105469 -0.0504989624023438 -0.0588836669921875 0.0239601135253906
0.037811279296875 -0.033660888671875 -0.0589103698730469 0.0123710632324219
0.0409965515136719 -0.00860977172851563 -0.0597152709960938 0.0109901428222656
0.050140380859375 -0.00429534912109375 -0.0548324584960937 0.0336494445800781
0.0595817565917969 0.00722122192382813 -0.0527496337890625 0.0641288757324219
0.0916366577148437 0.02838134765625 0.00609588623046875 -0.0437164306640625
0.0849990844726562 0.00762176513671875 0.0484771728515625 0.00889968872070313
0.079254150390625 -0.0023956298828125 0.074371337890625 0.0105819702148438
0.0685081481933594 -0.0290565490722656 0.0804367065429688 -0.022491455078125
0.0454292297363281 -0.0473670959472656 0.0519256591796875 -0.0391502380371094
0.0166702270507812 -0.0643806457519531 0.0170707702636719 -0.042816162109375
-0.00986099243164063 -0.0653152465820313 -0.00168037414550781 -0.0228271484375
-0.0124740600585938 -0.0610847473144531 -0.00845766067504883 0.00602102279663086
-0.01568603515625 -0.0657577514648438 -0.0199432373046875 0.0313129425048828
-0.00500869750976562 -0.0686836242675781 -0.0409393310546875 0.0381317138671875
0.0214996337890625 -0.0640068054199219 -0.05377197265625 0.0416107177734375
0.0389366149902344 -0.0520210266113281 -0.0556106567382812 0.0228118896484375
0.0570106506347656 -0.0230674743652344 -0.0532264709472656 0.0155487060546875
0.0716323852539063 -0.0116653442382812 -0.0353965759277344 0.0325698852539063
0.0780487060546875 0.0045013427734375 -0.0253486633300781 0.0701560974121094
0.0920333862304688 0.0233612060546875 0.0338363647460938 -0.0352516174316406
0.0905075073242188 0.00600433349609375 0.0692481994628906 0.0137367248535156
0.0874786376953125 -0.006072998046875 0.080535888671875 0.0161209106445312
0.0718231201171875 -0.0370101928710938 0.079071044921875 -0.0118026733398438
0.0437507629394531 -0.0540771484375 0.0503807067871094 -0.0226478576660156
0.0110397338867188 -0.0642204284667969 0.0193099975585937 -0.0196266174316406
-0.0122566223144531 -0.0601997375488281 0.0067591667175293 -0.000133514404296879
-0.0132026672363281 -0.0563468933105469 0.00303459167480469 0.02587890625
-0.01776123046875 -0.0597267150878906 -0.00649642944335938 0.0508460998535156
-0.0103034973144531 -0.0663261413574219 -0.03131103515625 0.05694580078125
0.0164222717285156 -0.0663375854492188 -0.0454483032226562 0.0560684204101563
0.0376968383789063 -0.0602951049804688 -0.0510902404785156 0.0310859680175781
0.0656852722167969 -0.0294723510742187 -0.0447540283203125 0.0162582397460938
0.080963134765625 -0.013458251953125 -0.0133152008056641 0.0275440216064453
0.0837860107421875 0.00434112548828125 0.00438690185546876 0.0741806030273438
0.0787811279296875 0.0148391723632813 0.0580215454101563 -0.0325889587402344
0.0822067260742187 0.001739501953125 0.0838699340820313 0.0117874145507812
0.0807952880859375 -0.0119094848632813 0.0805587768554688 0.0156097412109375
0.06097412109375 -0.0402641296386719 0.0739364624023438 -0.00311279296875
0.0315971374511719 -0.0523605346679688 0.0466804504394531 -0.00736618041992188
0.000991821289062498 -0.0546989440917969 0.0225086212158203 0.000177383422851559
-0.0138015747070312 -0.0462303161621094 0.017333984375 0.0194892883300781
-0.0129852294921875 -0.0430946350097656 0.0142478942871094 0.0414047241210938
-0.0164337158203125 -0.0459747314453125 0.00472640991210937 0.0643730163574219
-0.0113716125488281 -0.0527076721191406 -0.0220565795898438 0.070648193359375
0.0128364562988281 -0.0576667785644531 -0.0387344360351562 0.0660934448242188
0.0346412658691406 -0.055206298828125 -0.0459823608398438 0.0365753173828125
0.06427001953125 -0.0263671875 -0.0358963012695313 0.0152740478515625
0.0781784057617188 -0.010498046875 0.00746726989746094 0.0219669342041016
0.0759735107421875 0.00554656982421875 0.0333938598632813 0.0776824951171875
0.0541038513183594 0.00501632690429688 0.0747833251953125 -0.0364456176757813
0.0631904602050781 -0.00438690185546875 0.0902633666992188 0.0023193359375
0.0615081787109375 -0.0169868469238281 0.0746383666992188 0.010528564453125
0.0406608581542969 -0.0384140014648438 0.0660476684570313 0.00463485717773437
0.0123329162597656 -0.0424232482910156 0.0460319519042969 0.00431442260742187
-0.00967216491699219 -0.0337467193603516 0.0293960571289062 0.0149002075195312
-0.0145988464355469 -0.0236854553222656 0.0272254943847656 0.03094482421875
-0.0104637145996094 -0.0226650238037109 0.0235366821289063 0.0503463745117188
-0.0124912261962891 -0.0244083404541016 0.011810302734375 0.0743255615234375
-0.0100193023681641 -0.0317955017089844 -0.0179214477539062 0.0803680419921875
0.00768661499023438 -0.0395965576171875 -0.0362091064453125 0.0711441040039063
0.0273399353027344 -0.0407371520996094 -0.0429801940917969 0.0395965576171875
0.0522537231445312 -0.0167236328125 -0.029144287109375 0.0140037536621094
0.0609893798828125 -0.00360107421875 0.0220317840576172 0.019775390625
0.0540771484375 0.007232666015625 0.0542068481445312 0.0826568603515625
0.0219669342041016 -0.00224685668945313 0.0826339721679688 -0.044586181640625
0.0366973876953125 -0.00889968872070313 0.0879745483398438 -0.0100784301757813
0.0340862274169922 -0.0194778442382813 0.0663375854492187 0.00461578369140625
0.01409912109375 -0.0296916961669922 0.0607528686523438 0.00871658325195312
-0.00773429870605469 -0.0242118835449219 0.04681396484375 0.00888824462890625
-0.01824951171875 -0.00699234008789063 0.037261962890625 0.0201187133789062
-0.01116943359375 0.0028076171875 0.0348052978515625 0.0327529907226562
-0.00647544860839844 0.0010075569152832 0.0286750793457031 0.0509529113769531
-0.00768089294433594 0.000446796417236327 0.0134201049804687 0.0763320922851563
-0.00980854034423828 -0.00712013244628906 -0.0185623168945312 0.083099365234375
0.000135421752929686 -0.0186691284179688 -0.0366744995117187 0.0721893310546875
0.0144481658935547 -0.0229110717773438 -0.0433082580566406 0.0413322448730469
0.0322284698486328 -0.00677299499511719 -0.0292434692382812 0.0134468078613281
0.0320148468017578 0.000370025634765625 0.0273952484130859 0.0203189849853516
0.0226821899414063 0.00505638122558594 0.0649337768554688 0.08514404296875
0.0198898315429688 0.0202350616455078 -0.0626068115234375 -0.072113037109375
0.00670385360717773 -0.000649929046630859 -0.0128078460693359 -0.0177478790283203
0.00254678726196289 0.00446748733520508 0.0412139892578125 -0.00978469848632812
0.0101041793823242 0.00285434722900391 0.0606117248535156 -0.0442543029785156
0.0121889114379883 -0.00639533996582031 0.0448684692382812 -0.0713043212890625
0.00805473327636719 -0.0199298858642578 0.0112991333007813 -0.0904693603515625
-0.00446128845214844 -0.0283489227294922 -0.0198135375976562 -0.0770339965820313
-0.00242424011230468 -0.0275802612304688 -0.0320816040039063 -0.0461387634277344
0.00405120849609375 -0.0290393829345703 -0.0422477722167969 -0.0226707458496094
0.015960693359375 -0.0226650238037109 -0.0515403747558594 -0.015228271484375
0.0220222473144531 -0.00606918334960938 -0.0595893859863281 -0.00309753417968749
0.0163507461547852 0.0119247436523438 -0.0611839294433594 -0.0045013427734375
-0.00694751739501953 0.0166072845458984 -0.0734710693359375 -0.00656127929687499
-0.00798940658569336 0.00878524780273438 -0.0840606689453125 0.0187530517578125
0.00350856781005859 0.0151853561401367 -0.08392333984375 0.049224853515625
0.0548515319824219 0.0257949829101563 -0.0470123291015625 -0.0647010803222656
0.0403518676757813 0.00134658813476563 0.00554656982421875 -0.0114278793334961
0.0329971313476563 0.00152778625488281 0.0545005798339844 -0.00522994995117188
0.032745361328125 -0.00928306579589844 0.069793701171875 -0.0410919189453125
0.0270652770996094 -0.0230064392089844 0.0499763488769531 -0.0643157958984375
0.0129165649414063 -0.04119873046875 0.0146408081054687 -0.0792007446289063
-0.0071868896484375 -0.0489158630371094 -0.01470947265625 -0.0642585754394531
-0.00776672363281249 -0.0471229553222656 -0.0269660949707031 -0.0312938690185547
-0.00354766845703124 -0.0514488220214844 -0.0391960144042969 -0.00567626953124999
0.01165771484375 -0.048126220703125 -0.0539474487304688 0.00106430053710938
0.0294437408447266 -0.0315036773681641 -0.063079833984375 0.0104408264160156
0.0327987670898437 -0.0113162994384766 -0.0626411437988281 0.00413894653320313
0.02093505859375 0.00871086120605469 -0.0680160522460938 0.00423812866210938
0.0237598419189453 0.006317138671875 -0.0714569091796875 0.0304641723632813
0.0358428955078125 0.0142936706542969 -0.0717697143554688 0.0608367919921875
0.0813980102539063 0.029388427734375 -0.0220298767089844 -0.0546493530273438
0.0683021545410156 0.00511932373046875 0.0288944244384766 -0.0003814697265625
0.0612716674804688 -0.000476837158203125 0.0691490173339844 0.00279617309570313
0.0550003051757812 -0.0207290649414062 0.0799179077148438 -0.033935546875
0.0396728515625 -0.0376472473144531 0.0544052124023438 -0.0540771484375
0.0169296264648437 -0.057525634765625 0.0177650451660156 -0.0636215209960938
-0.00926971435546875 -0.0627632141113281 -0.00757217407226563 -0.0447425842285156
-0.01153564453125 -0.0597419738769531 -0.0181503295898438 -0.0117130279541016
-0.0114364624023437 -0.0643768310546875 -0.0307254791259766 0.0155563354492187
0.00298309326171875 -0.0652351379394531 -0.0504188537597656 0.0225982666015625
0.0282859802246094 -0.0529518127441406 -0.0613555908203125 0.0295219421386719
0.0406265258789062 -0.0352096557617188 -0.0626945495605469 0.0158500671386719
0.0436363220214844 -0.00652694702148437 -0.0625038146972656 0.0129318237304687
0.0520706176757813 -0.00162887573242188 -0.0546112060546875 0.036224365234375
0.0623626708984375 0.00979232788085938 -0.0508193969726563 0.0706787109375
0.0944900512695313 0.0280990600585938 0.00750732421875 -0.0436630249023437
0.0870285034179688 0.006805419921875 0.0538902282714844 0.0105514526367188
0.0825271606445313 -0.00344085693359375 0.0812225341796875 0.0118179321289063
0.0699615478515625 -0.0313568115234375 0.0855484008789062 -0.0235824584960938
0.0459136962890625 -0.0498390197753906 0.055328369140625 -0.0397453308105469
0.0167655944824219 -0.0666007995605469 0.020538330078125 -0.0423355102539063
-0.0108833312988281 -0.0674247741699219 0.000486373901367188 -0.0215396881103516
-0.0143508911132812 -0.0628776550292969 -0.00674915313720703 0.00921058654785156
-0.0173797607421875 -0.0681648254394531 -0.0174751281738281 0.0370597839355469
-0.00588226318359375 -0.071441650390625 -0.0421218872070313 0.0450286865234375
0.0220909118652344 -0.0663185119628906 -0.0554122924804688 0.0477256774902344
0.0403900146484375 -0.0541725158691406 -0.0594749450683594 0.027191162109375
0.059234619140625 -0.0224647521972656 -0.0560417175292969 0.0182609558105469
0.0729598999023438 -0.01092529296875 -0.0342903137207031 0.0356903076171875
0.080322265625 0.0053863525390625 -0.0227127075195312 0.077362060546875
0.0938186645507813 0.0226058959960938 0.0364036560058594 -0.0359764099121094
0.0916519165039063 0.00534820556640625 0.0747146606445313 0.0159149169921875
0.0901870727539063 -0.0082244873046875 0.0878524780273438 0.01690673828125
0.0725326538085937 -0.0390243530273437 0.0858001708984375 -0.0118179321289063
0.0431938171386719 -0.0549125671386719 0.0540199279785156 -0.0235939025878906
0.0109939575195312 -0.0657958984375 0.0226955413818359 -0.0196571350097656
-0.0129356384277344 -0.0607109069824219 0.00962352752685547 0.00109291076660156
-0.0141983032226563 -0.0564651489257813 0.00530433654785156 0.0290584564208984
-0.018890380859375 -0.06024169921875 -0.00429916381835938 0.0565452575683594
-0.0116996765136719 -0.06591796875 -0.0308837890625 0.0640487670898438
0.0161933898925781 -0.0672683715820313 -0.0466156005859375 0.0624198913574219
0.0370140075683594 -0.0618705749511719 -0.0535736083984375 0.0358619689941406
0.0663909912109375 -0.0302619934082031 -0.0469093322753906 0.0194053649902344
0.0820083618164063 -0.0146102905273438 -0.0121555328369141 0.0301494598388672
0.0855789184570313 0.0033416748046875 0.00753021240234375 0.0810394287109375
0.079010009765625 0.0131378173828125 0.0603561401367188 -0.0322952270507813
0.08221435546875 -6.103515625E-05 0.08905029296875 0.0136260986328125
0.08203125 -0.0136795043945313 0.087066650390625 0.016937255859375
0.0614776611328125 -0.0413894653320313 0.0796585083007813 -0.00251007080078125
0.0299415588378906 -0.0526466369628906 0.0506210327148438 -0.00795364379882813
0.000835418701171879 -0.0538482666015625 0.0265312194824219 0.00103569030761718
-0.0145645141601563 -0.044036865234375 0.0200080871582031 0.0205192565917969
-0.013458251953125 -0.0414009094238281 0.0169944763183594 0.0441703796386719
-0.0163688659667969 -0.0444488525390625 0.00757598876953125 0.07037353515625
-0.0123443603515625 -0.0505828857421875 -0.0216598510742187 0.0785675048828125
0.0111656188964844 -0.0569076538085938 -0.0393524169921875 0.072479248046875
0.0325813293457031 -0.055877685546875 -0.0481948852539063 0.04107666015625
0.0639839172363281 -0.0278434753417969 -0.0377693176269531 0.0179519653320313
0.0778656005859375 -0.0128326416015625 0.009185791015625 0.0242252349853516
0.0758132934570313 0.00360107421875 0.0365676879882813 0.0844268798828125
0.0533065795898438 0.00284957885742188 0.07611083984375 -0.0371170043945313
0.0626182556152344 -0.00662612915039063 0.0944442749023438 0.00397491455078125
0.0615882873535156 -0.0197219848632812 0.0804214477539063 0.0120010375976562
0.0385894775390625 -0.0391464233398438 0.0714950561523438 0.00496673583984375
0.00970458984375 -0.0416374206542969 0.0493850708007813 0.00313568115234375
-0.0101642608642578 -0.0315074920654297 0.0331459045410156 0.0148658752441406
-0.01361083984375 -0.0203647613525391 0.0292129516601563 0.0306930541992188
-0.0103206634521484 -0.0200538635253906 0.0256195068359375 0.0519752502441406
-0.0119247436523438 -0.0219516754150391 0.0143356323242188 0.0780792236328125
-0.0110359191894531 -0.0282325744628906 -0.0173873901367188 0.0864181518554688
0.00607681274414062 -0.0382080078125 -0.0364913940429688 0.0765457153320313
0.0244140625 -0.0405235290527344 -0.0452003479003906 0.0436859130859375
0.0514373779296875 -0.0181350708007813 -0.0314311981201172 0.0160884857177734
0.059173583984375 -0.00561904907226563 0.0230350494384766 0.0213222503662109
0.0532913208007812 0.0048065185546875 0.0575027465820313 0.0882949829101563
0.0204906463623047 -0.00489234924316406 0.0831298828125 -0.0459976196289063
0.0348758697509766 -0.0120525360107422 0.0912551879882813 -0.00907135009765625
0.0323772430419922 -0.0229949951171875 0.0712814331054687 0.005523681640625
0.0108165740966797 -0.0306739807128906 0.0658950805664063 0.00806045532226562
-0.0111656188964844 -0.0233058929443359 0.050567626953125 0.00736618041992187
-0.0192470550537109 -0.00315284729003907 0.0402145385742188 0.0183677673339844
-0.0099334716796875 0.00719642639160156 0.0367889404296875 0.0316696166992188
-0.00555419921875 0.00470113754272461 0.0297775268554688 0.0517921447753906
-0.00607061386108398 0.00376987457275391 0.0157852172851563 0.0792465209960938
-0.0101957321166992 -0.00317573547363281 -0.0181732177734375 0.0885467529296875
-0.00188827514648437 -0.016209602355957 -0.0383224487304687 0.0771636962890625
0.0116996765136719 -0.0215950012207031 -0.0453605651855469 0.0447502136230469
0.0297336578369141 -0.00750350952148438 -0.0313339233398438 0.0152416229248047
0.0297031402587891 -0.00184059143066406 0.0271129608154297 0.0206451416015625
0.0204429626464844 0.00238037109375 0.0671310424804688 0.0902252197265625
0.0259361267089844 0.0231437683105469 -0.0655670166015625 -0.0743331909179688
0.0102415084838867 -0.000630378723144531 -0.0113277435302734 -0.0188961029052734
0.00532293319702148 0.00337791442871094 0.0450592041015625 -0.0125885009765625
0.0130720138549805 0.000652313232421875 0.0621604919433594 -0.0496292114257813
0.0138130187988281 -0.00997734069824219 0.044769287109375 -0.0752410888671875
0.00622177124023438 -0.0246181488037109 0.00868988037109375 -0.0928115844726563
-0.00783157348632812 -0.0324459075927734 -0.0229263305664062 -0.078369140625
-0.00625228881835938 -0.03143310546875 -0.0335350036621094 -0.0451889038085938
0.00139236450195313 -0.0345993041992187 -0.0435142517089844 -0.0193748474121094
0.0155239105224609 -0.0288562774658203 -0.0545616149902344 -0.0107841491699219
0.0254096984863281 -0.0101108551025391 -0.0630912780761719 0.0019378662109375
0.0213375091552734 0.0106391906738281 -0.0657539367675781 -0.00169372558593751
-0.00268363952636719 0.0206756591796875 -0.0778961181640625 -0.00432586669921875
-0.00545024871826172 0.0137472152709961 -0.0859603881835938 0.0208892822265625
0.00720405578613281 0.0193157196044922 -0.0818634033203125 0.0541305541992188
0.0605239868164062 0.0269622802734375 -0.0483474731445312 -0.0667266845703125
0.0441131591796875 0.00029754638671875 0.00893115997314453 -0.0121088027954102
0.0360946655273438 -0.00092315673828125 0.0595893859863281 -0.007720947265625
0.0348186492919922 -0.0129814147949219 0.073028564453125 -0.045501708984375
0.0272102355957031 -0.0274391174316406 0.0512924194335938 -0.0675621032714844
0.0105438232421875 -0.0460548400878906 0.0139236450195312 -0.080841064453125
-0.0115928649902344 -0.0526084899902344 -0.0153732299804687 -0.0641593933105469
-0.0112152099609375 -0.0505256652832031 -0.0269622802734375 -0.0289630889892578
-0.00741958618164062 -0.0562782287597656 -0.0381965637207031 -0.000823974609375005
0.0102958679199219 -0.0534934997558594 -0.0551834106445313 0.007171630859375
0.0318145751953125 -0.0359306335449219 -0.0655670166015625 0.0173568725585938
0.0370635986328125 -0.0134048461914063 -0.0661544799804688 0.00819778442382813
0.0254497528076172 0.0114288330078125 -0.0718841552734375 0.00701141357421876
0.0273036956787109 0.0103054046630859 -0.0720672607421875 0.0337753295898437
0.0390968322753906 0.0173721313476563 -0.0689430236816406 0.0681114196777344
0.085693359375 0.0293350219726563 -0.0221939086914062 -0.0557365417480469
0.07171630859375 0.0033721923828125 0.0344963073730469 -0.00100517272949219
0.0648078918457031 -0.00336837768554687 0.076080322265625 0.00037384033203125
0.0566635131835938 -0.0241813659667969 0.0848846435546875 -0.0380630493164063
0.039337158203125 -0.0420913696289062 0.0568389892578125 -0.0568885803222656
0.0143890380859375 -0.0617446899414063 0.0190010070800781 -0.0640335083007813
-0.0132331848144531 -0.0653724670410156 -0.00632095336914062 -0.0442085266113281
-0.01544189453125 -0.06201171875 -0.0159997940063477 -0.00888729095458984
-0.015625 -0.068603515625 -0.0274105072021484 0.0212879180908203
0.000827789306640632 -0.0691108703613281 -0.0500640869140625 0.0308570861816406
0.0291519165039062 -0.0573501586914063 -0.0629310607910156 0.0379219055175781
0.0430755615234375 -0.0376548767089844 -0.0659599304199219 0.021881103515625
0.0477523803710938 -0.00566864013671875 -0.0652618408203125 0.017333984375
0.0549468994140625 0.00014495849609375 -0.0535240173339844 0.0408248901367188
0.0657310485839844 0.0110244750976562 -0.0461578369140625 0.078704833984375
0.0986099243164063 0.0272216796875 0.00887680053710938 -0.0444679260253906
0.0893402099609375 0.00437164306640625 0.0606765747070313 0.0100517272949219
0.0854263305664063 -0.006866455078125 0.090057373046875 0.00930023193359375
0.0706100463867187 -0.0353927612304688 0.0914688110351563 -0.0270843505859375
0.0448684692382813 -0.0531578063964844 0.0589065551757812 -0.0421142578125
0.0143661499023438 -0.0690078735351563 0.0229377746582031 -0.0428237915039063
-0.0142097473144531 -0.0681877136230469 0.00347900390625 -0.0201530456542969
-0.0176544189453125 -0.0640716552734375 -0.00377845764160156 0.0127735137939453
-0.0201072692871094 -0.0699462890625 -0.0127372741699219 0.043182373046875
-0.00876617431640624 -0.0732269287109375 -0.0401268005371094 0.0535697937011719
0.0216941833496094 -0.0686531066894531 -0.0554771423339844 0.0569496154785156
0.0410041809082031 -0.0569648742675781 -0.061187744140625 0.0345191955566406
0.0617485046386719 -0.0233306884765625 -0.0579299926757813 0.0235824584960937
0.0746231079101563 -0.01141357421875 -0.03204345703125 0.0397987365722656
0.0823974609375 0.0046844482421875 -0.017059326171875 0.0854415893554687
0.0958175659179688 0.0204544067382813 0.0382804870605469 -0.0362930297851563
0.0922470092773438 0.002197265625 0.0817947387695313 0.0158309936523438
0.092681884765625 -0.0116653442382812 0.0964126586914062 0.0150604248046875
0.0727386474609375 -0.0414657592773438 0.09197998046875 -0.0148849487304688
0.0411148071289063 -0.0573539733886719 0.0581283569335938 -0.0253677368164063
0.0095367431640625 -0.0661697387695313 0.0264968872070313 -0.0197982788085938
-0.0148849487304688 -0.0605392456054687 0.0131683349609375 0.00248908996582031
-0.01690673828125 -0.0562248229980469 0.00965118408203125 0.0322132110595703
-0.0209312438964844 -0.0604743957519531 0.00224685668945313 0.0623054504394531
-0.0140876770019531 -0.0655517578125 -0.027801513671875 0.0731964111328125
0.0137748718261719 -0.0683364868164063 -0.0454254150390625 0.0719146728515625
0.0357704162597656 -0.06378173828125 -0.0546417236328125 0.042999267578125
0.0663719177246094 -0.0327606201171875 -0.0479927062988281 0.0240097045898437
0.0826950073242188 -0.016937255859375 -0.00913810729980468 0.0335826873779297
0.0861740112304688 0.00057220458984375 0.014495849609375 0.0885467529296875
0.0793838500976563 0.01043701171875 0.0618019104003906 -0.0338897705078125
0.08172607421875 -0.0034942626953125 0.095703125 0.0139846801757813
0.0830154418945313 -0.0175018310546875 0.0945816040039063 0.0155715942382812
0.0595550537109375 -0.0439872741699219 0.0857467651367187 -0.00492095947265625
0.0273246765136719 -0.0528678894042969 0.0549659729003906 -0.00979995727539063
1.90734863281238E-05 -0.0526809692382813 0.0309066772460937 0.000780105590820309
-0.014678955078125 -0.0418968200683594 0.0233516693115234 0.0209274291992187
-0.0141754150390625 -0.039581298828125 0.02130126953125 0.0465011596679688
-0.0172004699707031 -0.0428352355957031 0.0139846801757813 0.0756301879882813
-0.0134162902832031 -0.0480270385742188 -0.0177536010742187 0.0866851806640625
0.00887680053710937 -0.0563507080078125 -0.0370559692382813 0.08062744140625
0.0294342041015625 -0.0570716857910156 -0.0484886169433594 0.048095703125
0.0627708435058594 -0.0302505493164062 -0.0390167236328125 0.0219688415527344
0.0771408081054688 -0.01544189453125 0.0118389129638672 0.0263519287109375
0.0753860473632813 0.00049591064453125 0.0433578491210938 0.090423583984375
0.0518646240234375 -0.000591278076171875 0.0766448974609375 -0.0392379760742188
0.0603294372558594 -0.0102577209472656 0.0997695922851563 0.00324249267578125
0.0606269836425781 -0.0237960815429688 0.0869064331054688 0.0109405517578125
0.0360069274902344 -0.0410957336425781 0.0777587890625 0.0033111572265625
0.00634384155273437 -0.040069580078125 0.0536346435546875 0.000988006591796873
-0.0112342834472656 -0.0277843475341797 0.0374603271484375 0.01312255859375
-0.0124244689941406 -0.0164422988891602 0.0327873229980469 0.0306415557861328
-0.00970077514648437 -0.0164308547973633 0.0293197631835938 0.0533790588378906
-0.0105915069580078 -0.0183353424072266 0.0201034545898437 0.0823745727539063
-0.0110492706298828 -0.0243644714355469 -0.0137176513671875 0.093597412109375
0.00354766845703125 -0.0354690551757813 -0.0345458984375 0.0838088989257812
0.0213203430175781 -0.0404739379882812 -0.0450706481933594 0.0495567321777344
0.04888916015625 -0.0200653076171875 -0.0325679779052734 0.0199012756347656
0.0569839477539063 -0.00934600830078125 0.0245780944824219 0.0228767395019531
0.0511741638183594 0.000576019287109375 0.0640335083007813 0.093048095703125
0.0177936553955078 -0.00877761840820313 0.08258056640625 -0.0497207641601563
0.0319576263427734 -0.0152339935302734 0.0947723388671875 -0.0103683471679688
0.0296077728271484 -0.0265865325927734 0.0767974853515625 0.00469207763671875
0.00641441345214844 -0.0314540863037109 0.0715789794921875 0.0067596435546875
-0.0153408050537109 -0.019805908203125 0.0542411804199219 0.00429534912109375
-0.0190601348876953 0.0021820068359375 0.043975830078125 0.0151519775390625
-0.00716114044189453 0.0120410919189453 0.0383262634277344 0.0300979614257813
-0.00328636169433594 0.00902175903320313 0.0326881408691406 0.0519638061523438
-0.00306510925292969 0.00809812545776367 0.0201034545898438 0.0817031860351563
-0.0087285041809082 0.00186967849731445 -0.0147628784179687 0.0942840576171875
-0.00394725799560547 -0.0125617980957031 -0.0363006591796875 0.0829925537109375
0.00882339477539062 -0.0205707550048828 -0.0457229614257813 0.0493621826171875
0.0269985198974609 -0.00889778137207031 -0.0336875915527344 0.0181293487548828
0.0260372161865234 -0.00362777709960938 0.0267124176025391 0.0218620300292969
0.0171976089477539 -0.00110340118408203 0.0728225708007812 0.093505859375
0.0318717956542969 0.0247669219970703 -0.0688705444335938 -0.0738906860351563
0.0146455764770508 -0.00146484375 -0.00925636291503906 -0.0205287933349609
0.00921440124511719 0.00138950347900391 0.0470085144042969 -0.0171318054199219
0.0150699615478516 -0.00371551513671875 0.0614547729492187 -0.0542755126953125
0.01324462890625 -0.0147714614868164 0.04144287109375 -0.0781402587890625
0.00295829772949219 -0.0292892456054688 0.00496673583984375 -0.0934371948242188
-0.0133266448974609 -0.0350837707519531 -0.0261383056640625 -0.0772323608398438
-0.0108051300048828 -0.0338706970214844 -0.0343856811523438 -0.0424537658691406
-0.0042572021484375 -0.0396728515625 -0.0430030822753906 -0.0146636962890625
0.0133590698242188 -0.0345172882080078 -0.0554466247558594 -0.00438308715820313
0.0272960662841797 -0.0153980255126953 -0.0649528503417969 0.00849914550781248
0.0259246826171875 0.00757026672363281 -0.0689315795898438 0.00336837768554688
0.00311851501464844 0.0233440399169922 -0.081268310546875 -0.000411987304687496
-0.000223159790039061 0.0184364318847656 -0.0861892700195312 0.0246353149414063
0.0119304656982422 0.0236415863037109 -0.0770111083984375 0.0587387084960937
0.06597900390625 0.026092529296875 -0.0494270324707031 -0.0658607482910156
0.0469970703125 -0.00298690795898438 0.0128192901611328 -0.014134407043457
0.0387535095214844 -0.0044708251953125 0.0634956359863281 -0.0130996704101562
0.0360755920410156 -0.0174102783203125 0.0733489990234375 -0.05029296875
0.0255699157714844 -0.0316638946533203 0.0496597290039063 -0.070831298828125
0.006134033203125 -0.0501899719238281 0.0125885009765625 -0.08160400390625
-0.0174560546875 -0.0547256469726563 -0.0164985656738281 -0.0627403259277344
-0.0166664123535156 -0.0523910522460938 -0.0252227783203125 -0.0259513854980469
-0.0134353637695313 -0.0598487854003906 -0.0353813171386719 0.00457763671875
0.00697326660156251 -0.05828857421875 -0.0541915893554688 0.0150489807128906
0.0321693420410156 -0.0413742065429688 -0.0654067993164063 0.0254325866699219
0.0403251647949219 -0.0168190002441406 -0.0677337646484375 0.0148506164550781
0.0309123992919922 0.0128746032714844 -0.0735931396484375 0.01190185546875
0.0312271118164062 0.0134220123291016 -0.070098876953125 0.0373611450195313
0.043243408203125 0.019683837890625 -0.0621490478515625 0.0736770629882813
0.0898284912109375 0.0271759033203125 -0.0221710205078125 -0.0556144714355469
0.0735397338867188 2.288818359375E-05 0.0399589538574219 -0.00297927856445313
0.0664901733398438 -0.00794601440429688 0.0810546875 -0.00543212890625
0.0562705993652344 -0.0288848876953125 0.0863113403320313 -0.0433578491210938
0.0370750427246094 -0.0457267761230469 0.056610107421875 -0.0596580505371094
0.0101852416992188 -0.0647926330566406 0.0194549560546875 -0.0647201538085938
-0.0184516906738281 -0.0664138793945313 -0.0052642822265625 -0.042205810546875
-0.0206565856933594 -0.062591552734375 -0.0124416351318359 -0.00574970245361329
-0.020782470703125 -0.0706329345703125 -0.0217761993408203 0.0269031524658203
-0.0025177001953125 -0.0723190307617188 -0.0470809936523438 0.0396232604980469
0.0278167724609375 -0.0614509582519531 -0.0611076354980469 0.0469818115234375
0.0446701049804688 -0.0413627624511719 -0.0657691955566406 0.0292930603027344
0.0510635375976563 -0.00556182861328125 -0.0659255981445313 0.023223876953125
0.0579566955566406 0.0005035400390625 -0.0503082275390625 0.0441780090332031
0.0673904418945313 0.0114707946777344 -0.0372238159179688 0.0844879150390625
0.100234985351562 0.0238418579101562 0.00989913940429688 -0.0443153381347656
0.0894851684570312 0.00045013427734375 0.0671195983886719 0.00728988647460938
0.0855941772460938 -0.0125885009765625 0.0960159301757813 0.00380706787109375
0.06890869140625 -0.0393867492675781 0.094818115234375 -0.0325927734375
0.0414161682128906 -0.0556716918945313 0.0604667663574219 -0.045013427734375
0.0105514526367187 -0.0708541870117188 0.0255012512207031 -0.0428962707519531
-0.0181541442871094 -0.0675544738769531 0.00628280639648438 -0.0190658569335938
-0.021240234375 -0.06341552734375 0.0022735595703125 0.0153942108154297
-0.024505615234375 -0.069488525390625 -0.0055694580078125 0.0485038757324219
-0.0120697021484375 -0.0737152099609375 -0.0343055725097656 0.0620918273925781
0.0189437866210937 -0.0707015991210938 -0.0511283874511719 0.0660781860351563
0.0397491455078125 -0.0592193603515625 -0.0597686767578125 0.0424423217773438
0.062103271484375 -0.0239295959472656 -0.05718994140625 0.0293464660644531
0.0750579833984375 -0.0123443603515625 -0.0281982421875 0.0433807373046875
0.0832290649414063 0.0034942626953125 -0.00786590576171874 0.0912246704101562
0.0960617065429688 0.0166091918945313 0.0395355224609375 -0.0370445251464844
0.090484619140625 -0.0010986328125 0.0882492065429688 0.0133743286132813
0.0917587280273438 -0.0161895751953125 0.104011535644531 0.00997161865234375
0.0699729919433594 -0.0447616577148438 0.0965347290039062 -0.0196380615234375
0.0377655029296875 -0.0579910278320313 0.0608673095703125 -0.0283393859863281
0.00685882568359374 -0.0660438537597656 0.0301055908203125 -0.0203819274902344
-0.0165863037109375 -0.0579833984375 0.0171327590942383 0.00303554534912109
-0.0185623168945313 -0.0538101196289063 0.0158977508544922 0.0341243743896484
-0.0235404968261719 -0.0589752197265625 0.0107460021972656 0.0663604736328125
-0.0165176391601562 -0.0635910034179687 -0.0204696655273438 0.0813446044921875
0.0102462768554688 -0.0680465698242188 -0.0398941040039063 0.080078125
0.0321922302246094 -0.0645294189453125 -0.05279541015625 0.0510902404785156
0.064666748046875 -0.0342025756835938 -0.0470771789550781 0.0302238464355469
0.080657958984375 -0.019775390625 -0.00538635253906249 0.0364723205566406
0.0849609375 -0.0023040771484375 0.0241317749023438 0.0937347412109375
0.0771713256835937 0.00609588623046875 0.0619583129882813 -0.0353546142578125
0.0784835815429688 -0.00649261474609375 0.100845336914063 0.0110397338867188
0.0804290771484375 -0.0215225219726563 0.101593017578125 0.0113372802734375
0.0563735961914062 -0.0453987121582031 0.090850830078125 -0.00869750976562501
0.0236663818359375 -0.0510902404785156 0.058380126953125 -0.0128822326660156
-0.00134277343749999 -0.0493850708007813 0.0350017547607422 -0.00148582458496094
-0.01434326171875 -0.0388221740722656 0.0272712707519531 0.0206813812255859
-0.0142402648925781 -0.0359725952148437 0.0275802612304688 0.0471534729003906
-0.0169029235839844 -0.0389480590820313 0.022308349609375 0.077911376953125
-0.0147857666015625 -0.0441398620605469 -0.00996398925781249 0.092864990234375
0.00499343872070313 -0.0533866882324219 -0.0313491821289063 0.087799072265625
0.0248298645019531 -0.0563621520996094 -0.0455703735351563 0.0546913146972656
0.0592575073242188 -0.0322990417480469 -0.0373916625976562 0.0271759033203125
0.0729522705078125 -0.0186996459960938 0.0139026641845703 0.0277042388916016
0.0727157592773438 -0.0037384033203125 0.0519561767578125 0.0946578979492187
0.0483932495117188 -0.00421905517578125 0.0755081176757813 -0.0409927368164063
0.0559005737304688 -0.0138931274414063 0.103187561035156 0.000244140624999999
0.0555458068847656 -0.0275001525878906 0.0923233032226563 0.00742340087890625
0.0311431884765625 -0.04119873046875 0.08270263671875 -0.001312255859375
0.00316238403320312 -0.0363883972167969 0.0567436218261719 -0.00281143188476563
-0.0109462738037109 -0.0231208801269531 0.0402679443359375 0.00996017456054687
-0.0097970962524414 -0.0121803283691406 0.0353317260742188 0.0291900634765625
-0.00678730010986328 -0.0119972229003906 0.0345649719238281 0.0530815124511719
-0.00799274444580078 -0.014617919921875 0.0276565551757812 0.0834884643554688
-0.0102367401123047 -0.0194644927978516 -0.00653076171875001 0.0986480712890625
0.00143241882324219 -0.0312442779541016 -0.0287094116210937 0.0902862548828125
0.0166740417480469 -0.0388679504394531 -0.0425758361816406 0.0559425354003906
0.0447196960449219 -0.0214805603027344 -0.032073974609375 0.0234336853027344
0.0518646240234375 -0.0122451782226563 0.0261878967285156 0.0235176086425781
0.0468559265136719 -0.0030517578125 0.0715103149414063 0.0949478149414063
0.0140209197998047 -0.0114765167236328 0.0788497924804688 -0.0526580810546875
0.026519775390625 -0.0190029144287109 0.0961837768554688 -0.0129547119140625
0.0240192413330078 -0.0302543640136719 0.0809478759765625 0.000968933105468748
0.000680923461914065 -0.0299358367919922 0.0761642456054688 0.0022430419921875
-0.0185337066650391 -0.0143833160400391 0.0569801330566406 -0.000701904296875001
-0.0174579620361328 0.00828456878662109 0.0456275939941406 0.0104293823242188
-0.00282669067382813 0.0165243148803711 0.0396156311035156 0.0272712707519531
0.000448226928710938 0.0126247406005859 0.0358352661132813 0.0505828857421875
0.00107479095458985 0.0123434066772461 0.0256729125976563 0.082061767578125
-0.00604057312011719 0.00763988494873047 -0.00896453857421875 0.0979690551757813
-0.0050044059753418 -0.007293701171875 -0.0309982299804688 0.087799072265625
0.00525474548339844 -0.0175390243530273 -0.0438194274902344 0.0551033020019531
0.0228652954101563 -0.00905990600585937 -0.0338325500488281 0.02203369140625
0.020538330078125 -0.00547981262207031 0.0269794464111328 0.0216407775878906
0.0127534866333008 -0.00383567810058594 0.078521728515625 0.09423828125
0.0388145446777344 0.0245780944824219 -0.0691680908203125 -0.0726776123046875
0.0184879302978516 -0.00340080261230469 -0.0074920654296875 -0.0224781036376953
0.0124292373657227 -0.00168323516845703 0.0474128723144531 -0.020965576171875
0.0160131454467773 -0.00860786437988281 0.0587196350097656 -0.0578994750976563
0.0115585327148438 -0.0192184448242188 0.0385971069335938 -0.07830810546875
-0.00217247009277344 -0.0333518981933594 0.00125885009765624 -0.0911941528320312
-0.0188827514648437 -0.0364837646484375 -0.027557373046875 -0.07373046875
-0.0165672302246094 -0.0353775024414062 -0.0331497192382813 -0.0388946533203125
-0.0104522705078125 -0.0424118041992188 -0.0401268005371094 -0.010711669921875
0.0101585388183594 -0.0396461486816406 -0.0533523559570313 0.00133514404296874
0.0277614593505859 -0.0209751129150391 -0.0638427734375 0.0146675109863281
0.029693603515625 0.0026702880859375 -0.0694656372070313 0.00813293457031249
0.00971221923828125 0.0246639251708984 -0.0819015502929688 0.00292968750000002
0.00632858276367188 0.0214824676513672 -0.08416748046875 0.025543212890625
0.0175762176513672 0.0267257690429688 -0.0703887939453125 0.059906005859375
0.0708999633789063 0.0254745483398437 -0.0481224060058594 -0.0644264221191406
0.0489501953125 -0.00469589233398438 0.0163488388061524 -0.0161237716674805
0.0401229858398438 -0.0080413818359375 0.064910888671875 -0.0177078247070313
0.0349044799804688 -0.0219650268554688 0.0718841552734375 -0.05377197265625
0.0227184295654297 -0.0349464416503906 0.0475540161132813 -0.0711288452148438
0.00125885009765625 -0.05218505859375 0.0117721557617188 -0.0794219970703125
-0.022735595703125 -0.0547714233398437 -0.0157699584960938 -0.0600166320800781
-0.0221290588378906 -0.0524063110351562 -0.0217933654785156 -0.0232391357421875
-0.0192031860351562 -0.0614089965820312 -0.0303077697753906 0.00839042663574219
0.00310897827148437 -0.0621452331542969 -0.049560546875 0.0215187072753906
0.0317115783691406 -0.0460433959960938 -0.0624542236328125 0.0324745178222656
0.0431785583496094 -0.0205154418945313 -0.0669670104980469 0.0202293395996094
0.0361213684082031 0.0138053894042969 -0.0725860595703125 0.0164031982421875
0.0362319946289063 0.0155792236328125 -0.0663375854492188 0.0384750366210938
0.0468254089355469 0.0218887329101563 -0.0535125732421875 0.075714111328125
0.0923843383789063 0.0246047973632812 -0.0196151733398437 -0.0543136596679687
0.0730209350585938 -0.00313568115234375 0.0437850952148438 -0.00603103637695313
0.0664405822753906 -0.0116958618164063 0.0838241577148438 -0.0103683471679688
0.054229736328125 -0.0329093933105469 0.0857467651367188 -0.0474777221679688
0.0336341857910156 -0.0480690002441406 0.0564804077148438 -0.0613441467285156
0.00526046752929688 -0.0652809143066406 0.0204315185546875 -0.0633430480957031
-0.0229988098144531 -0.0651435852050781 -0.00267410278320312 -0.0406837463378906
-0.0239601135253906 -0.06121826171875 -0.00740289688110352 -0.00350427627563477
-0.0254440307617187 -0.069854736328125 -0.0145988464355469 0.0302505493164062
-0.00637054443359375 -0.0736312866210938 -0.0401344299316406 0.045684814453125
0.0262336730957031 -0.0638618469238281 -0.0556488037109375 0.0542564392089844
0.0449409484863281 -0.0438461303710937 -0.0633926391601562 0.0358200073242187
0.0543327331542969 -0.00524139404296875 -0.0645675659179688 0.027374267578125
0.0605812072753906 0.003082275390625 -0.0455436706542969 0.0460052490234375
0.0694427490234375 0.0126686096191406 -0.0281600952148437 0.0866012573242187
0.0997772216796875 0.0211639404296875 0.0120964050292969 -0.04327392578125
0.08685302734375 -0.00208282470703125 0.0717010498046875 0.00443267822265625
0.0838699340820313 -0.0151138305664063 0.0998153686523438 -0.0013885498046875
0.066375732421875 -0.0412712097167969 0.096405029296875 -0.036376953125
0.0382881164550781 -0.0556144714355469 0.0616989135742188 -0.0466499328613281
0.00667190551757812 -0.070098876953125 0.0283241271972656 -0.0430870056152344
-0.020111083984375 -0.0654411315917969 0.00990867614746094 -0.0181732177734375
-0.0228462219238281 -0.0606727600097656 0.00767421722412109 0.0161275863647461
-0.0274505615234375 -0.0679359436035156 0.0032958984375 0.0508384704589844
-0.0143051147460938 -0.0722427368164063 -0.0265655517578125 0.0681419372558594
0.0170822143554688 -0.0706558227539063 -0.04443359375 0.0728759765625
0.0379066467285156 -0.0596122741699219 -0.0562515258789062 0.0489883422851563
0.0623931884765625 -0.0237846374511719 -0.0546684265136719 0.0339546203613281
0.0744400024414063 -0.0117874145507813 -0.0231208801269531 0.04461669921875
0.0817413330078125 0.00286865234375 0.0018157958984375 0.0928802490234375
0.0923080444335938 0.0140914916992188 0.0404739379882813 -0.0365447998046875
0.0858688354492188 -0.00319671630859375 0.0926895141601562 0.0102767944335937
0.0876922607421875 -0.0191497802734375 0.107185363769531 0.0049591064453125
0.0667228698730469 -0.0451316833496094 0.0985260009765625 -0.0240936279296875
0.0345458984375 -0.0555534362792969 0.0630760192871094 -0.0310440063476563
0.00514221191406249 -0.0637359619140625 0.0336971282958984 -0.0216083526611328
-0.0165443420410156 -0.0554885864257813 0.0214481353759766 0.00298500061035156
-0.0185813903808594 -0.0503158569335938 0.0215835571289063 0.0340099334716797
-0.0232429504394531 -0.0553627014160156 0.0187492370605469 0.0667991638183594
-0.0167350769042969 -0.0594139099121094 -0.0120162963867187 0.0853118896484375
0.00841140747070312 -0.0648918151855469 -0.032196044921875 0.0856246948242188
0.0297660827636719 -0.0620918273925781 -0.048095703125 0.0570106506347656
0.0621528625488281 -0.0335044860839844 -0.0442695617675781 0.0346031188964844
0.0766677856445313 -0.0204544067382812 -0.000850677490234371 0.0377655029296875
0.0807952880859375 -0.003082275390625 0.0322113037109375 0.0949554443359375
0.0720291137695313 0.00360107421875 0.0618934631347656 -0.0347061157226563
0.072265625 -0.0078125 0.103599548339844 0.0087890625
0.074951171875 -0.0229644775390625 0.105026245117188 0.00679779052734375
0.0524368286132813 -0.0439338684082031 0.0935440063476562 -0.0129241943359375
0.0208015441894531 -0.047119140625 0.0600128173828125 -0.0158119201660156
-0.00136947631835938 -0.0460777282714844 0.0374374389648438 -0.00347137451171875
-0.0122642517089844 -0.0353050231933594 0.0308189392089844 0.0200233459472656
-0.0118217468261719 -0.0320396423339844 0.0321388244628906 0.0459976196289063
-0.0149192810058594 -0.0355224609375 0.0300521850585938 0.0767974853515625
-0.0132179260253906 -0.0391464233398438 -0.00190734863281251 0.0960922241210938
0.00329208374023437 -0.0484962463378906 -0.0233230590820313 0.0917129516601563
0.0218276977539063 -0.0527839660644531 -0.0409698486328125 0.0599212646484375
0.0543479919433594 -0.0317192077636719 -0.0351715087890625 0.0310783386230469
0.0669364929199219 -0.0199661254882812 0.0175132751464844 0.0291614532470703
0.0666732788085938 -0.00538253784179688 0.0591506958007813 0.09515380859375
0.0430068969726563 -0.00703048706054688 0.07275390625 -0.04046630859375
0.0488624572753906 -0.0147552490234375 0.104347229003906 -0.000831604003906251
0.0499954223632813 -0.0285110473632812 0.0956344604492188 0.00428009033203125
0.0265769958496094 -0.0379257202148438 0.0849533081054688 -0.005218505859375
0.000616073608398435 -0.0305690765380859 0.0578422546386719 -0.0065460205078125
-0.00896453857421875 -0.0179481506347656 0.0416297912597656 0.00705718994140625
-0.00539016723632813 -0.00824069976806641 0.0372962951660156 0.0267143249511719
-0.0035395622253418 -0.00859355926513672 0.0374526977539063 0.0511436462402344
-0.00359249114990235 -0.0104465484619141 0.0332260131835937 0.0813140869140625
-0.00685310363769531 -0.0137519836425781 0.000808715820312503 0.1002197265625
0.000442504882812502 -0.0254535675048828 -0.0216522216796875 0.0928955078125
0.0133056640625 -0.03338623046875 -0.0383872985839844 0.0593948364257812
0.0388298034667969 -0.0206680297851562 -0.0306854248046875 0.0273094177246094
0.0446128845214844 -0.0128135681152344 0.0272121429443359 0.0235919952392578
0.0400428771972656 -0.00514984130859375 0.0770034790039063 0.0950241088867188
0.00856876373291016 -0.0135049819946289 0.0735015869140625 -0.0522384643554687
0.0202274322509766 -0.0204086303710938 0.0945053100585937 -0.0144805908203125
0.0169811248779297 -0.0302448272705078 0.0825424194335938 -0.000877380371093752
-0.00407600402832031 -0.0264625549316406 0.077789306640625 -0.00228118896484375
-0.0203952789306641 -0.00823402404785156 0.0569915771484375 -0.00551605224609375
-0.0137491226196289 0.0137310028076172 0.0453605651855469 0.00601577758789063
0.00273323059082031 0.0197334289550781 0.0390281677246094 0.0240898132324219
0.00574874877929687 0.0160856246948242 0.0362968444824219 0.04730224609375
0.00704574584960937 0.0156240463256836 0.029541015625 0.0794601440429688
-0.00155448913574219 0.0125598907470703 -0.00286102294921875 0.098724365234375
-0.00439357757568359 -0.000635147094726562 -0.025634765625 0.0898590087890625
0.0025634765625 -0.0127649307250977 -0.0407676696777344 0.0577430725097656
0.0182209014892578 -0.00714683532714844 -0.0337905883789063 0.0253219604492187
0.0133829116821289 -0.00496292114257813 0.0260791778564453 0.0221290588378906
0.00564098358154297 -0.00477933883666992 0.0817413330078125 0.093048095703125
0.04498291015625 0.024749755859375 -0.0669479370117187 -0.0737152099609375
0.0230026245117188 -0.00540542602539063 -0.00489997863769531 -0.0247898101806641
0.015131950378418 -0.00553226470947266 0.0475082397460937 -0.0234832763671875
0.0157661437988281 -0.0133876800537109 0.0570831298828125 -0.058258056640625
0.00918960571289063 -0.0228462219238281 0.0370101928710938 -0.0774383544921875
-0.0069427490234375 -0.0361709594726563 0.00165557861328124 -0.0889663696289062
-0.0242156982421875 -0.0372390747070313 -0.0265045166015625 -0.0720443725585938
-0.0210151672363281 -0.036376953125 -0.0300559997558594 -0.0376129150390625
-0.0165138244628906 -0.0449447631835938 -0.0365142822265625 -0.00846481323242187
0.00591278076171874 -0.0440711975097656 -0.0505027770996094 0.00510406494140624
0.0277194976806641 -0.0268077850341797 -0.0616188049316406 0.0182685852050781
0.0326423645019531 -0.00147056579589844 -0.0687980651855469 0.0109024047851563
0.0164318084716797 0.0238838195800781 -0.0819473266601563 0.00402832031250001
0.0129032135009766 0.0234146118164062 -0.0830001831054688 0.0235824584960937
0.0237522125244141 0.0289802551269531 -0.0652046203613281 0.0566253662109375
0.0742568969726563 0.0251312255859375 -0.0444679260253906 -0.0652275085449219
0.0512046813964844 -0.006500244140625 0.0194187164306641 -0.0190963745117188
0.0407867431640625 -0.0116615295410156 0.0654449462890625 -0.0206527709960938
0.0343551635742188 -0.0250053405761719 0.0712890625 -0.0546340942382813
0.020263671875 -0.0371627807617188 0.0477752685546875 -0.0697555541992188
-0.00376510620117188 -0.0538864135742188 0.0135574340820312 -0.0773086547851562
-0.02734375 -0.0541229248046875 -0.012939453125 -0.0583457946777344
-0.0257034301757813 -0.0519866943359375 -0.01727294921875 -0.0217685699462891
-0.0239830017089844 -0.0625343322753906 -0.0242042541503906 0.00987625122070312
0.00011062622070312 -0.0648117065429688 -0.0449676513671875 0.0253410339355469
0.03192138671875 -0.0499916076660156 -0.058685302734375 0.0368080139160156
0.0456428527832031 -0.0240859985351563 -0.06561279296875 0.0235137939453125
0.0419540405273438 0.0140571594238281 -0.07208251953125 0.0177078247070312
0.0413780212402344 0.01824951171875 -0.0634689331054688 0.0375289916992188
0.0509185791015625 0.0252876281738281 -0.0469818115234375 0.073272705078125
0.0927505493164062 0.0252456665039062 -0.0150718688964844 -0.0544471740722656
0.0727157592773438 -0.00383758544921875 0.0482177734375 -0.00836181640625
0.0655326843261719 -0.014129638671875 0.0855255126953125 -0.0129165649414063
0.0524024963378906 -0.0342254638671875 0.0868988037109375 -0.0480270385742188
0.0306129455566406 -0.0484123229980469 0.0572776794433594 -0.0600929260253906
0.0022430419921875 -0.0658760070800781 0.0237007141113281 -0.06170654296875
-0.0252304077148438 -0.0636672973632813 0.0015716552734375 -0.0392379760742188
-0.0257987976074219 -0.0601882934570313 -0.00172185897827149 -0.00301194190979004
-0.0282516479492188 -0.0694961547851563 -0.00765419006347656 0.0308399200439453
-0.0079193115234375 -0.0742111206054688 -0.0336532592773438 0.0494956970214844
0.0266494750976563 -0.0657424926757813 -0.0504837036132813 0.0582618713378906
0.0468902587890625 -0.0450325012207031 -0.060516357421875 0.0397605895996094
0.05816650390625 -0.00356292724609375 -0.0618820190429687 0.0293807983398438
0.063385009765625 0.00572967529296875 -0.0420722961425781 0.0449905395507812
0.0705642700195313 0.0164260864257813 -0.0206146240234375 0.0858535766601563
0.0976028442382813 0.0216827392578125 0.0162124633789063 -0.0428619384765625
0.08355712890625 -0.001007080078125 0.0757904052734375 0.00225067138671875
0.081390380859375 -0.0155868530273438 0.101638793945313 -0.00403594970703125
0.0636711120605469 -0.0405921936035156 0.0976791381835938 -0.0378036499023437
0.0365219116210938 -0.0540046691894531 0.0633964538574219 -0.0466461181640625
0.00583648681640625 -0.0687522888183594 0.0319290161132813 -0.0423126220703125
-0.0208587646484375 -0.0631599426269531 0.0147819519042969 -0.0178279876708984
-0.0226860046386719 -0.0586357116699219 0.0136623382568359 0.0161104202270508
-0.0277175903320312 -0.0664596557617187 0.0104751586914062 0.0506248474121094
-0.0143280029296875 -0.071197509765625 -0.0188980102539063 0.0714263916015625
0.0172042846679688 -0.0695075988769531 -0.038055419921875 0.0766448974609375
0.0387229919433594 -0.0581893920898438 -0.0518531799316406 0.05255126953125
0.0631370544433594 -0.0215415954589844 -0.0517616271972656 0.0366134643554687
0.0743408203125 -0.00823974609375 -0.018829345703125 0.0441741943359375
0.0792770385742188 0.00614166259765625 0.00897979736328125 0.093505859375
0.088226318359375 0.0149765014648437 0.0434646606445313 -0.0344314575195313
0.0807952880859375 -0.0006561279296875 0.095672607421875 0.00958251953125
0.0841064453125 -0.01776123046875 0.109306335449219 0.00321197509765625
0.0639495849609375 -0.0426712036132813 0.100791931152344 -0.02532958984375
0.0333328247070313 -0.0524368286132813 0.0646705627441406 -0.0310401916503906
0.005157470703125 -0.0605392456054687 0.0372276306152344 -0.0224456787109375
-0.014129638671875 -0.0528640747070312 0.0251827239990234 0.00297927856445312
-0.0166130065917969 -0.0477371215820313 0.0264339447021484 0.0332775115966797
-0.0209579467773437 -0.0532798767089844 0.0254669189453125 0.066162109375
-0.0148086547851562 -0.0567855834960938 -0.00449371337890625 0.0875244140625
0.00945663452148437 -0.0612411499023438 -0.0258941650390625 0.0884323120117187
0.0293388366699219 -0.0590705871582031 -0.0428810119628906 0.0598640441894531
0.0596580505371094 -0.0303421020507813 -0.0407485961914062 0.0373191833496094
0.0733795166015625 -0.0174331665039063 0.00246047973632813 0.0380134582519531
0.0764389038085938 -0.0003662109375 0.0386962890625 0.0958175659179688
0.0660667419433594 0.00428009033203125 0.0629501342773438 -0.0316810607910156
0.06591796875 -0.00534439086914062 0.10626220703125 0.00934600830078125
0.0698280334472656 -0.0213279724121094 0.107025146484375 0.0057373046875
0.0496749877929688 -0.0395164489746094 0.0961532592773438 -0.0146560668945313
0.0205345153808594 -0.0424346923828125 0.061798095703125 -0.0174674987792969
0.000957489013671872 -0.0413055419921875 0.0403480529785156 -0.00469207763671875
-0.00784683227539063 -0.0325241088867188 0.0328693389892578 0.0189685821533203
-0.00808143615722656 -0.0290031433105469 0.0360336303710938 0.0447349548339844
-0.0105171203613281 -0.0323982238769531 0.0354461669921875 0.0758743286132813
-0.00918006896972656 -0.0351142883300781 0.00437164306640626 0.0968170166015625
0.0052032470703125 -0.0427818298339844 -0.0176162719726562 0.093475341796875
0.0201454162597656 -0.047119140625 -0.0367622375488281 0.0619125366210937
0.0499725341796875 -0.0279502868652344 -0.0328693389892578 0.0332393646240234
0.0605850219726562 -0.0176200866699219 0.0194931030273438 0.0297698974609375
0.0603103637695312 -0.0041961669921875 0.063690185546875 0.0966033935546875
0.0363693237304688 -0.00687408447265625 0.0714950561523438 -0.0370254516601563
0.0418663024902344 -0.0128860473632812 0.104705810546875 0.001190185546875
0.0438079833984375 -0.0257911682128906 0.0970611572265625 0.003570556640625
0.0232295989990234 -0.0332431793212891 0.0871963500976563 -0.007171630859375
0.00049591064453125 -0.0245914459228516 0.0584945678710938 -0.00928497314453125
-0.00551128387451172 -0.0131616592407227 0.0424118041992188 0.00414276123046875
4.19616699218749E-05 -0.00626277923583984 0.0372772216796875 0.0253334045410156
0.00171613693237305 -0.00592041015625 0.0391578674316406 0.0490226745605469
0.00202417373657227 -0.0078277587890625 0.0364227294921875 0.0789794921875
-0.00178718566894531 -0.00955677032470703 0.00588226318359376 0.0996322631835937
0.00192451477050781 -0.0190372467041016 -0.0172271728515625 0.093353271484375
0.0115261077880859 -0.0273914337158203 -0.035308837890625 0.06097412109375
0.0340976715087891 -0.0164299011230469 -0.0293216705322266 0.0299701690673828
0.0376853942871094 -0.0106163024902344 0.0277462005615234 0.0253467559814453
0.0326976776123047 -0.00417900085449219 0.0785598754882812 0.0961532592773438
0.00191593170166016 -0.0149641036987305 0.0705337524414063 -0.0485153198242188
0.0128669738769531 -0.0194988250732422 0.09429931640625 -0.0119400024414063
0.0102252960205078 -0.0290317535400391 0.0845870971679688 -0.00150299072265625
-0.00751495361328125 -0.0212364196777344 0.0790328979492188 -0.00439453125
-0.0198612213134766 -0.00150299072265625 0.0566596984863281 -0.008453369140625
-0.0100345611572266 0.0184612274169922 0.0439796447753906 0.0029144287109375
0.00888633728027344 0.0217685699462891 0.0372543334960938 0.0227470397949219
0.0111141204833984 0.0179100036621094 0.035369873046875 0.0455436706542969
0.013519287109375 0.0175151824951172 0.03009033203125 0.0772018432617187
0.0043182373046875 0.0168180465698242 -0.000549316406249994 0.097503662109375
-0.00243949890136719 0.00532054901123047 -0.0223541259765625 0.0895004272460938
0.00139760971069336 -0.00666475296020508 -0.03802490234375 0.0586395263671875
0.0128870010375977 -0.00359535217285156 -0.0331993103027344 0.0269222259521484
0.00700521469116211 -0.00317001342773437 0.0243568420410156 0.0240268707275391
-0.00145578384399414 -0.00477790832519531 0.0815353393554688 0.094512939453125
0.052703857421875 0.0245285034179688 -0.06396484375 -0.078857421875
0.0278263092041016 -0.00824737548828125 -0.00308799743652344 -0.0286617279052734
0.0180740356445313 -0.0102519989013672 0.0481834411621094 -0.0253181457519531
0.0158290863037109 -0.0189952850341797 0.0580062866210938 -0.0589065551757812
0.00688743591308594 -0.0273590087890625 0.038421630859375 -0.0762939453125
-0.0126495361328125 -0.0392379760742188 0.004669189453125 -0.088104248046875
-0.0300445556640625 -0.0383262634277344 -0.0234298706054688 -0.07171630859375
-0.0260887145996094 -0.0375480651855469 -0.0265083312988281 -0.0380668640136719
-0.0225791931152344 -0.0470771789550781 -0.031951904296875 -0.00836563110351563
0.00201416015625 -0.0490341186523438 -0.0481491088867188 0.00680160522460938
0.0276241302490234 -0.0323104858398437 -0.0602645874023438 0.0207138061523438
0.035430908203125 -0.00666427612304687 -0.0693702697753906 0.0116195678710938
0.0238857269287109 0.0231342315673828 -0.0840606689453125 0.00309753417968748
0.0203323364257813 0.0250301361083984 -0.0848541259765625 0.0200347900390625
0.0305099487304688 0.0322227478027344 -0.0643806457519531 0.0528984069824219
0.07965087890625 0.0271148681640625 -0.0388565063476562 -0.0691337585449219
0.0540084838867188 -0.00748443603515625 0.0229377746582031 -0.0221576690673828
0.0429878234863281 -0.0144805908203125 0.0673370361328125 -0.0218620300292969
0.0335674285888672 -0.0289630889892578 0.0730819702148438 -0.0545654296875
0.0186805725097656 -0.0399360656738281 0.0512580871582031 -0.0691299438476563
-0.0074462890625 -0.0561981201171875 0.0178375244140625 -0.0770263671875
-0.0309219360351562 -0.0550346374511719 -0.00811386108398438 -0.0581092834472656
-0.0289688110351563 -0.0532798767089844 -0.0116691589355469 -0.0225925445556641
-0.0280342102050781 -0.0643310546875 -0.0183372497558594 0.0102138519287109
-0.00193405151367188 -0.0688629150390625 -0.0406074523925781 0.0282325744628906
0.0330657958984375 -0.0551376342773437 -0.0559577941894531 0.0398063659667969
0.049591064453125 -0.0275611877441406 -0.0647010803222656 0.02587890625
0.0487289428710937 0.0144805908203125 -0.072967529296875 0.0176239013671875
0.0480155944824219 0.021636962890625 -0.0635910034179688 0.0341835021972656
0.0562705993652344 0.0299148559570312 -0.043487548828125 0.0708465576171875
0.0951156616210938 0.0282440185546875 -0.00857925415039063 -0.0564727783203125
0.074066162109375 -0.0025787353515625 0.05279541015625 -0.010955810546875
0.0666389465332031 -0.0143699645996094 0.0886154174804688 -0.0145034790039063
0.0526504516601563 -0.0356788635253906 0.089935302734375 -0.0485153198242188
0.029998779296875 -0.0485801696777344 0.0620002746582031 -0.0594100952148438
0.000137329101562494 -0.0661201477050781 0.0297279357910156 -0.0618438720703125
-0.0266036987304688 -0.0642623901367188 0.00763702392578125 -0.039581298828125
-0.0277519226074219 -0.0606689453125 0.00460338592529297 -0.00368022918701172
-0.0296401977539063 -0.0710296630859375 -0.00086212158203125 0.0310230255126953
-0.00829315185546875 -0.0772705078125 -0.0276565551757813 0.0517654418945313
0.0289039611816406 -0.0686759948730469 -0.0465354919433594 0.0617942810058594
0.0503311157226563 -0.0467338562011719 -0.0584297180175781 0.0420684814453125
0.0637969970703125 -0.00169754028320313 -0.0614547729492187 0.0303497314453125
0.0681838989257812 0.0101356506347656 -0.0399398803710937 0.0432777404785156
0.0740814208984375 0.0219345092773438 -0.0159988403320313 0.0851058959960938
0.097198486328125 0.0259933471679688 0.02301025390625 -0.0431251525878906
0.0832443237304688 0.00162506103515625 0.0807418823242187 0.00147247314453125
0.0816650390625 -0.0139312744140625 0.105354309082031 -0.004486083984375
0.0644340515136719 -0.0394325256347656 0.102142333984375 -0.0379486083984375
0.0368919372558594 -0.0526542663574219 0.0680389404296875 -0.0460700988769531
0.00580215454101563 -0.0684242248535156 0.0375022888183594 -0.0431442260742188
-0.0197525024414063 -0.0634307861328125 0.0206203460693359 -0.0181064605712891
-0.0213203430175781 -0.05865478515625 0.0200099945068359 0.0159854888916016
-0.0262565612792969 -0.0666999816894531 0.0172691345214844 0.0506935119628906
-0.011993408203125 -0.0716934204101563 -0.01220703125 0.0742721557617188
0.0203704833984375 -0.0698318481445313 -0.0334854125976562 0.0799484252929688
0.0420417785644531 -0.057464599609375 -0.0498161315917969 0.05609130859375
0.0672454833984375 -0.0180778503417969 -0.0502548217773437 0.0384788513183594
0.0763015747070313 -0.00386810302734375 -0.0158576965332031 0.0438385009765625
0.0802230834960938 0.0117645263671875 0.0147781372070313 0.094940185546875
0.0850296020507813 0.0188140869140625 0.0489768981933594 -0.032623291015625
0.0783767700195313 0.003387451171875 0.100914001464844 0.0100021362304688
0.0821914672851563 -0.013916015625 0.113937377929688 0.0034027099609375
0.0647735595703125 -0.0385475158691406 0.105422973632812 -0.0251541137695313
0.0352210998535156 -0.0490760803222656 0.0685615539550781 -0.0308799743652344
0.00819015502929687 -0.0593070983886719 0.0421943664550781 -0.0228157043457031
-0.0110435485839844 -0.0524177551269531 0.0306034088134766 0.00230789184570312
-0.0128021240234375 -0.0470542907714844 0.0316905975341797 0.032745361328125
-0.0173149108886719 -0.052886962890625 0.032012939453125 0.0660247802734375
-0.0109214782714844 -0.0558853149414063 0.00142669677734375 0.0901412963867188
0.012359619140625 -0.0590782165527344 -0.0215606689453125 0.0911178588867188
0.0315513610839844 -0.0557861328125 -0.0407752990722656 0.0627059936523438
0.0613784790039063 -0.0262565612792969 -0.0390510559082031 0.0389823913574219
0.0724411010742188 -0.01214599609375 0.0057220458984375 0.0389556884765625
0.0739822387695313 0.00394439697265625 0.0437164306640625 0.0991439819335938
0.0613746643066406 0.00755691528320313 0.0669364929199219 -0.0274467468261719
0.0611228942871094 -0.000972747802734375 0.110061645507813 0.0120391845703125
0.0667572021484375 -0.0166664123535156 0.111686706542969 0.0070953369140625
0.0497169494628906 -0.0350570678710938 0.0999679565429688 -0.0142822265625
0.0228729248046875 -0.0370864868164063 0.0646629333496094 -0.0178260803222656
0.0050048828125 -0.0386009216308594 0.0438346862792969 -0.00572586059570313
-0.00193023681640625 -0.0313186645507813 0.036529541015625 0.0186920166015625
-0.00228309631347656 -0.0284748077392578 0.0392875671386719 0.0443229675292969
-0.0043792724609375 -0.0315036773681641 0.039947509765625 0.0751800537109375
-0.00424766540527344 -0.0327358245849609 0.00961303710937499 0.0983657836914063
0.0085906982421875 -0.0380935668945313 -0.0143280029296875 0.0954513549804688
0.0216255187988281 -0.0417289733886719 -0.0339698791503906 0.0646476745605469
0.04827880859375 -0.0223846435546875 -0.0310134887695312 0.0354881286621094
0.0568161010742188 -0.0125808715820313 0.0220737457275391 0.0318412780761719
0.0548782348632813 0.000339508056640625 0.0672988891601562 0.100997924804688
0.0297966003417969 -0.00479698181152344 0.0736007690429688 -0.031524658203125
0.0357131958007813 -0.00966644287109375 0.108253479003906 0.005401611328125
0.0392189025878906 -0.02166748046875 0.101211547851563 0.0055694580078125
0.0221652984619141 -0.0273284912109375 0.090972900390625 -0.00708770751953125
0.00255775451660156 -0.0187911987304688 0.0600624084472656 -0.00958251953125
-0.000453948974609375 -0.00934314727783203 0.0435256958007812 0.00275802612304687
0.00626325607299805 -0.00446271896362305 0.0382308959960938 0.0257682800292969
0.00826406478881836 -0.00481557846069336 0.0396919250488281 0.0489311218261719
0.00877904891967773 -0.00660276412963867 0.0385894775390625 0.079498291015625
0.00401592254638672 -0.00609827041625976 0.00869750976562499 0.100616455078125
0.00573253631591797 -0.0126361846923828 -0.0148849487304688 0.09423828125
0.0129375457763672 -0.0210342407226563 -0.0332756042480469 0.0625991821289063
0.0303916931152344 -0.0110740661621094 -0.02838134765625 0.0317306518554688
0.0313301086425781 -0.00558280944824219 0.0288066864013672 0.0279121398925781
0.0258445739746094 -0.00154495239257813 0.0808486938476563 0.101531982421875
-0.00436973571777344 -0.0153741836547852 0.07061767578125 -0.0425872802734375
0.00632190704345703 -0.0174503326416016 0.0965805053710938 -0.0071868896484375
0.00398445129394531 -0.0254783630371094 0.0877609252929688 -0.000534057617187502
-0.0103206634521484 -0.016179084777832 0.08197021484375 -0.00489044189453125
-0.0189418792724609 0.00457000732421875 0.0562400817871094 -0.0100936889648438
-0.00501441955566406 0.0228672027587891 0.04193115234375 0.00133514404296875
0.0152931213378906 0.0234546661376953 0.0351314544677734 0.0230579376220703
0.0179023742675781 0.0200710296630859 0.0339775085449219 0.0460968017578125
0.0198993682861328 0.019317626953125 0.0294418334960937 0.0773162841796875
0.00976181030273438 0.0196552276611328 0.000366210937500011 0.0979843139648438
0.00109291076660156 0.0111675262451172 -0.0218429565429688 0.0896530151367188
0.00135135650634766 -0.000147581100463867 -0.0379867553710938 0.0600013732910156
0.00875282287597656 0.00119876861572266 -0.0340213775634766 0.0289096832275391
-0.000721216201782227 0.000545322895050049 0.0231857299804688 0.0274009704589844
-0.00904369354248047 -0.0033416748046875 0.0804443359375 0.0994949340820313
0.0628280639648438 0.0250244140625 -0.0625076293945312 -0.0881500244140625
0.0337352752685547 -0.0126781463623047 -0.00110054016113281 -0.0342521667480469
0.0215606689453125 -0.0160255432128906 0.0505218505859375 -0.0278091430664063
0.0153961181640625 -0.0258502960205078 0.0604667663574219 -0.060455322265625
0.00322341918945312 -0.0335807800292969 0.0418624877929688 -0.0775146484375
-0.0194625854492188 -0.0429611206054688 0.00836181640625001 -0.0906524658203125
-0.0374755859375 -0.0404090881347656 -0.0202560424804688 -0.0740127563476563
-0.0327949523925781 -0.0398979187011719 -0.0227851867675781 -0.0407257080078125
-0.0301933288574219 -0.0509567260742188 -0.0293731689453125 -0.00962257385253907
-0.0032501220703125 -0.0547637939453125 -0.0455894470214844 0.0084381103515625
0.027252197265625 -0.0400543212890625 -0.0604743957519531 0.0230445861816406
0.0390968322753906 -0.0119171142578125 -0.072113037109375 0.0126495361328125
0.0310630798339844 0.0211277008056641 -0.0884170532226563 0.001739501953125
0.029754638671875 0.0258979797363281 -0.0896759033203125 0.0156097412109375
0.0397911071777344 0.0360107421875 -0.06610107421875 0.0489921569824219
0.0883026123046875 0.0304183959960938 -0.0345535278320312 -0.0766677856445313
0.06011962890625 -0.00983428955078125 0.0275592803955078 -0.0273342132568359
0.04620361328125 -0.0182075500488281 0.071258544921875 -0.0237884521484375
0.0345134735107422 -0.0343265533447266 0.07818603515625 -0.0564346313476562
0.0162506103515625 -0.0438117980957031 0.0566291809082031 -0.0702476501464844
-0.0125350952148437 -0.059539794921875 0.0237579345703125 -0.07989501953125
-0.0363998413085937 -0.0572738647460938 -0.00209808349609375 -0.060455322265625
-0.0329513549804688 -0.0554695129394531 -0.00593185424804688 -0.0241641998291016
-0.0334129333496094 -0.0685844421386719 -0.0126562118530273 0.00959110260009765
-0.00511932373046875 -0.0750579833984375 -0.0364189147949219 0.0300636291503906
0.0344734191894531 -0.0618705749511719 -0.0541419982910156 0.043365478515625
0.0545463562011719 -0.032379150390625 -0.0653610229492188 0.027923583984375
0.0571784973144531 0.0150070190429687 -0.0751876831054688 0.0183181762695312
0.0577125549316406 0.0247039794921875 -0.0660362243652344 0.032073974609375
0.0652084350585938 0.0356025695800781 -0.0423698425292969 0.069488525390625
0.101425170898437 0.0334625244140625 -0.00140380859375 -0.0620460510253906
0.0781326293945313 -0.00177764892578125 0.0601234436035156 -0.0146560668945313
0.0689811706542969 -0.0156440734863281 0.0948028564453125 -0.0159454345703125
0.0542755126953125 -0.0382728576660156 0.0968856811523438 -0.049530029296875
0.0299339294433594 -0.0508842468261719 0.0680198669433594 -0.0610771179199219
-0.001251220703125 -0.0692710876464844 0.0378341674804688 -0.0641937255859375
-0.0287551879882813 -0.0663871765136719 0.0147781372070313 -0.0420875549316406
-0.0293807983398437 -0.0637016296386719 0.0111484527587891 -0.00536251068115235
-0.0322952270507813 -0.0748214721679687 0.00639724731445312 0.0312633514404297
-0.00914001464843749 -0.0825881958007813 -0.0222854614257813 0.05548095703125
0.0325698852539062 -0.0742263793945313 -0.0427474975585938 0.0662040710449219
0.0564079284667969 -0.0507164001464844 -0.0577812194824219 0.0457801818847656
0.0724563598632813 -0.00040435791015625 -0.0621185302734375 0.0321426391601562
0.0760269165039063 0.0142745971679688 -0.03948974609375 0.0425758361816406
0.0805511474609375 0.0283050537109375 -0.0119247436523438 0.0866317749023438
0.100112915039063 0.0322113037109375 0.0315780639648438 -0.0450592041015625
0.0846099853515625 0.0059051513671875 0.0887603759765625 0.0003509521484375
0.0834884643554688 -0.01214599609375 0.113189697265625 -0.005126953125
0.0670738220214844 -0.0390586853027344 0.110298156738281 -0.0386505126953125
0.0392913818359375 -0.052764892578125 0.0752029418945312 -0.0474472045898437
0.00762557983398438 -0.0702056884765625 0.0461196899414063 -0.0455513000488281
-0.0186614990234375 -0.0662384033203125 0.0282554626464844 -0.0200939178466797
-0.0201339721679688 -0.0608901977539063 0.0266551971435547 0.0149688720703125
-0.0258102416992187 -0.0701446533203125 0.0255012512207031 0.0510597229003906
-0.01043701171875 -0.0758056640625 -0.00543212890625 0.0777969360351563
0.0244827270507813 -0.07342529296875 -0.0286026000976562 0.0841903686523438
0.0473594665527344 -0.058837890625 -0.0480690002441406 0.0594062805175781
0.0737228393554688 -0.0154800415039063 -0.0490226745605469 0.0404205322265625
0.0816726684570313 0.0019073486328125 -0.0132789611816406 0.0450820922851563
0.0840225219726563 0.019500732421875 0.0204696655273438 0.0979843139648437
0.0845413208007813 0.0255889892578125 0.0588912963867188 -0.0317115783691406
0.07818603515625 0.0093536376953125 0.110061645507812 0.0111770629882812
0.0839080810546875 -0.00861358642578125 0.121795654296875 0.0042724609375
0.067474365234375 -0.0361900329589844 0.113868713378906 -0.0257415771484375
0.0387001037597656 -0.0466804504394531 0.07568359375 -0.0322341918945313
0.0121498107910156 -0.05908203125 0.0491294860839844 -0.0246238708496094
-0.006744384765625 -0.0542144775390625 0.03680419921875 0.00131607055664062
-0.00928878784179687 -0.04803466796875 0.0378646850585937 0.0325927734375
-0.01324462890625 -0.0555419921875 0.0391616821289062 0.0670661926269531
-0.00693511962890625 -0.0579376220703125 0.00823974609375 0.0938796997070313
0.0174369812011719 -0.0590629577636719 -0.016448974609375 0.09600830078125
0.0367317199707031 -0.0542984008789063 -0.0384254455566406 0.0666885375976563
0.0649795532226563 -0.0217666625976563 -0.0373039245605469 0.0417137145996094
0.0742568969726563 -0.00615692138671875 0.00879669189453126 0.0403289794921875
0.0748748779296875 0.0106124877929688 0.0506210327148437 0.1058349609375
0.0575828552246094 0.0136528015136719 0.0752716064453125 -0.0244216918945313
0.0583572387695313 0.00540924072265625 0.119110107421875 0.0163040161132813
0.0663185119628906 -0.0103607177734375 0.120124816894531 0.00897216796875
0.0521240234375 -0.0297889709472656 0.108062744140625 -0.0146713256835938
0.0266132354736328 -0.0329017639160156 0.0698814392089844 -0.0193443298339844
0.0115547180175781 -0.0369834899902344 0.0480804443359375 -0.00689697265625
0.0039520263671875 -0.0325336456298828 0.0404853820800781 0.0182075500488281
0.00345230102539063 -0.0282382965087891 0.0436935424804688 0.0445327758789063
0.00168609619140625 -0.0323848724365234 0.0448684692382813 0.0772857666015625
0.00221633911132813 -0.0320148468017578 0.0153045654296875 0.102790832519531
0.0140590667724609 -0.0344104766845703 -0.0100555419921875 0.0992889404296875
0.0245895385742187 -0.0373611450195313 -0.0329360961914062 0.0678558349609375
0.0490264892578125 -0.0167160034179688 -0.029632568359375 0.0381126403808594
0.0544586181640625 -0.006378173828125 0.0254116058349609 0.03460693359375
0.0511817932128906 0.0059967041015625 0.073638916015625 0.109199523925781
0.0236587524414063 -0.00233268737792969 0.0802154541015625 -0.0260391235351563
0.0308799743652344 -0.00487136840820313 0.115943908691406 0.010498046875
0.0349502563476563 -0.0157680511474609 0.108856201171875 0.00760650634765625
0.0226421356201172 -0.0215873718261719 0.0978012084960938 -0.0073394775390625
0.00596237182617187 -0.0136823654174805 0.062744140625 -0.0116462707519531
0.00588130950927734 -0.00631141662597656 0.0460395812988281 0.002532958984375
0.0144729614257813 -0.00395393371582031 0.0399894714355469 0.0268974304199219
0.0158672332763672 -0.00397872924804687 0.0414009094238281 0.0504379272460938
0.0170717239379883 -0.00592422485351562 0.0407791137695313 0.0814132690429688
0.0121421813964844 -0.00385284423828125 0.011474609375 0.104194641113281
0.0114955902099609 -0.00723457336425781 -0.0130691528320313 0.0974960327148438
0.0152120590209961 -0.0142583847045898 -0.0330619812011719 0.0655403137207031
0.0287055969238281 -0.00434303283691406 -0.0279560089111328 0.0341796875
0.0260715484619141 0.0004425048828125 0.0304603576660156 0.0316162109375
0.0195693969726563 0.00300788879394531 0.0849990844726563 0.110427856445313
-0.0116796493530273 -0.0152482986450195 0.0741119384765625 -0.0372695922851563
-0.000426292419433594 -0.0150508880615234 0.101737976074219 -0.00168609619140625
-0.00203323364257812 -0.0216331481933594 0.0944671630859375 0.00156402587890625
-0.0128889083862305 -0.0105419158935547 0.0869369506835938 -0.0062713623046875
-0.0183181762695313 0.0105915069580078 0.0574417114257813 -0.0115814208984375
0.000288009643554689 0.0281696319580078 0.0416107177734375 0.000469207763671877
0.0227718353271484 0.0255050659179687 0.0342845916748047 0.0242481231689453
0.0256805419921875 0.0217571258544922 0.0332717895507813 0.0481948852539063
0.0291023254394531 0.0207939147949219 0.0287857055664062 0.0798721313476563
0.0183315277099609 0.0224037170410156 0.00136566162109375 0.100471496582031
0.00610923767089844 0.0179405212402344 -0.0217361450195313 0.0920486450195313
0.00321292877197266 0.00677728652954102 -0.03924560546875 0.0617713928222656
0.00462055206298828 0.00816154479980469 -0.0351200103759766 0.0317020416259766
-0.00761175155639648 0.00621604919433594 0.0238914489746094 0.031982421875
-0.0175495147705078 -0.00112628936767578 0.0822830200195313 0.109458923339844
0.0760955810546875 0.0236968994140625 -0.0646591186523438 -0.0995559692382812
0.0411605834960938 -0.0198936462402344 3.81469726562782E-06 -0.0414772033691406
0.0238056182861328 -0.0252513885498047 0.0534477233886719 -0.0329666137695313
0.0132160186767578 -0.0344009399414062 0.0641098022460938 -0.0644607543945313
-0.001556396484375 -0.0392189025878906 0.0456695556640625 -0.0821075439453125
-0.0293426513671875 -0.046966552734375 0.0102996826171875 -0.09637451171875
-0.0474319458007812 -0.0408248901367187 -0.0184402465820313 -0.0794219970703125
-0.0420646667480469 -0.04132080078125 -0.02105712890625 -0.0441932678222656
-0.0401191711425781 -0.0535812377929688 -0.0255069732666016 -0.0113449096679688
-0.0110626220703125 -0.0625267028808594 -0.0441474914550781 0.0100593566894531
0.0258903503417969 -0.0496711730957031 -0.0604133605957031 0.0267257690429687
0.0433273315429688 -0.0211868286132813 -0.0756149291992188 0.0149612426757812
0.0419769287109375 0.0182037353515625 -0.0958251953125 0.00248718261718751
0.0418357849121094 0.025543212890625 -0.0974884033203125 0.0135574340820312
0.0525016784667969 0.0383567810058594 -0.0692367553710938 0.0474777221679688
0.101486206054687 0.0311660766601562 -0.0319976806640625 -0.088348388671875
0.0675735473632813 -0.0145378112792969 0.0326766967773438 -0.034393310546875
0.0497817993164063 -0.0249900817871094 0.0770111083984375 -0.0292816162109375
0.0341224670410156 -0.0415992736816406 0.0839767456054687 -0.0607528686523438
0.0134811401367188 -0.0498199462890625 0.0631561279296875 -0.07476806640625
-0.0202865600585938 -0.0642242431640625 0.0302658081054688 -0.0858306884765625
-0.0438613891601562 -0.0597496032714844 0.00301361083984375 -0.0658950805664063
-0.0407218933105469 -0.0583457946777344 -0.00034904479980469 -0.0291957855224609
-0.0417404174804688 -0.0729141235351563 -0.00605010986328125 0.00772428512573242
-0.0104217529296875 -0.0833892822265625 -0.0319290161132813 0.0330238342285156
0.0350570678710938 -0.0720138549804688 -0.0514144897460938 0.0487823486328125
0.0608100891113281 -0.0411224365234375 -0.0675086975097656 0.0317649841308594
0.0696601867675781 0.0128097534179688 -0.0801773071289063 0.0203933715820312
0.0709152221679688 0.0264511108398437 -0.0694541931152344 0.031707763671875
0.077911376953125 0.0409698486328125 -0.0409011840820312 0.0699386596679688
0.112014770507813 0.03717041015625 0.00591278076171876 -0.070556640625
0.0849609375 -0.00273895263671875 0.0680770874023437 -0.0203819274902344
0.0735626220703125 -0.0192718505859375 0.103111267089844 -0.0201568603515625
0.0555915832519531 -0.0431900024414062 0.106170654296875 -0.0544891357421875
0.029541015625 -0.0549430847167969 0.0769424438476563 -0.0661392211914063
-0.00537109375 -0.0739059448242188 0.0450286865234375 -0.0711288452148437
-0.0335235595703125 -0.0703811645507813 0.0215377807617187 -0.0469741821289063
-0.0337791442871094 -0.0672035217285156 0.0188045501708984 -0.00925064086914063
-0.0375442504882813 -0.080474853515625 0.0154361724853516 0.0297374725341797
-0.0122299194335938 -0.089935302734375 -0.0146217346191406 0.05902099609375
0.0341720581054688 -0.0836410522460938 -0.03851318359375 0.0719985961914063
0.0636062622070313 -0.0581893920898438 -0.0566520690917969 0.0503311157226562
0.0844345092773438 -0.0013275146484375 -0.0637130737304688 0.03594970703125
0.0886154174804687 0.0173721313476562 -0.03948974609375 0.0435028076171875
0.091949462890625 0.0351943969726563 -0.0059356689453125 0.0896682739257813
0.107795715332031 0.0382843017578125 0.0414810180664063 -0.0516586303710937
0.090728759765625 0.00862884521484375 0.10174560546875 -0.0029449462890625
0.0894851684570313 -0.0112075805664063 0.12371826171875 -0.00852203369140625
0.0717391967773438 -0.041473388671875 0.121475219726562 -0.0431747436523437
0.0419921875 -0.0548858642578125 0.08502197265625 -0.0527420043945312
0.00803375244140625 -0.0733413696289063 0.0545425415039063 -0.0509757995605469
-0.0193328857421875 -0.07086181640625 0.036468505859375 -0.0251731872558594
-0.0206680297851562 -0.0653076171875 0.0357170104980469 0.0118637084960937
-0.026611328125 -0.0758895874023438 0.0351753234863281 0.0509376525878906
-0.0104598999023438 -0.0822219848632812 0.00391387939453125 0.0819320678710937
0.0279006958007813 -0.0794219970703125 -0.0222702026367188 0.0911102294921875
0.0540046691894531 -0.0640106201171875 -0.0450210571289063 0.064971923828125
0.08367919921875 -0.0146942138671875 -0.0479583740234375 0.0456123352050781
0.091400146484375 0.005218505859375 -0.00931549072265625 0.0461654663085938
0.0924606323242188 0.0261993408203125 0.0299606323242188 0.104698181152344
0.0880050659179688 0.0324020385742188 0.0705795288085938 -0.0344467163085938
0.0807266235351563 0.0153427124023438 0.12359619140625 0.0112457275390625
0.0883407592773438 -0.00510406494140625 0.134429931640625 0.00313568115234375
0.0736770629882813 -0.034912109375 0.126274108886719 -0.029998779296875
0.0437126159667969 -0.0462379455566406 0.0846176147460938 -0.0372238159179688
0.0162391662597656 -0.0621299743652344 0.0569343566894531 -0.0296440124511719
-0.00342559814453125 -0.0582389831542969 0.0452880859375 -0.00171661376953125
-0.005340576171875 -0.0523147583007813 0.0461540222167969 0.0298881530761719
-0.0104026794433594 -0.0598526000976563 0.0496940612792969 0.0674285888671875
-0.00305938720703125 -0.0615081787109375 0.0181503295898438 0.0984725952148437
0.0227622985839844 -0.0615272521972656 -0.00934600830078126 0.102210998535156
0.042022705078125 -0.0545921325683594 -0.0345001220703125 0.0727157592773438
0.0707244873046875 -0.0182647705078125 -0.0347061157226562 0.046356201171875
0.0791549682617188 -0.00109100341796875 0.0149955749511719 0.0429801940917969
0.0769882202148437 0.0183868408203125 0.0619125366210938 0.11334228515625
0.0552024841308594 0.0191574096679688 0.0871429443359375 -0.0225830078125
0.0574684143066406 0.0128326416015625 0.133766174316406 0.0184402465820312
0.068206787109375 -0.00371551513671875 0.133125305175781 0.00826263427734375
0.0568771362304688 -0.0256767272949219 0.120384216308594 -0.0184555053710938
0.0324821472167969 -0.0299530029296875 0.0773239135742188 -0.0231552124023438
0.0177040100097656 -0.0374298095703125 0.0545730590820313 -0.0104522705078125
0.0107231140136719 -0.035400390625 0.0469169616699219 0.0168914794921875
0.0106830596923828 -0.0313396453857422 0.049835205078125 0.0447616577148438
0.008880615234375 -0.0356407165527344 0.0535888671875 0.0787353515625
0.00874137878417969 -0.0331077575683594 0.0243911743164063 0.107032775878906
0.021026611328125 -0.0337791442871094 -0.00396728515625001 0.104820251464844
0.0301342010498047 -0.0343151092529297 -0.0287857055664062 0.0737533569335938
0.0515251159667969 -0.0107574462890625 -0.0267257690429688 0.0426177978515625
0.0542869567871094 0.000797271728515625 0.0314369201660156 0.037445068359375
0.0499076843261719 0.013214111328125 0.0857315063476563 0.118705749511719
0.0169763565063477 0.00173091888427734 0.0903778076171875 -0.0234222412109375
0.0263080596923828 0.00204849243164063 0.128532409667969 0.01409912109375
0.0338592529296875 -0.00946998596191406 0.120254516601563 0.0074310302734375
0.0240230560302734 -0.0153846740722656 0.107780456542969 -0.0109710693359375
0.0111074447631836 -0.00770950317382813 0.0684890747070313 -0.014434814453125
0.014378547668457 -0.00314426422119141 0.0488166809082031 0.000202178955078125
0.0233974456787109 -0.00556564331054688 0.043853759765625 0.0273895263671875
0.0253734588623047 -0.00508689880371094 0.0451774597167969 0.0514869689941406
0.0273971557617188 -0.00726318359375 0.0468597412109375 0.0843353271484375
0.0210132598876953 -0.00251579284667969 0.0178146362304688 0.10931396484375
0.0191059112548828 -0.00257110595703125 -0.00896453857421876 0.102310180664063
0.0186519622802734 -0.00823402404785156 -0.030792236328125 0.0706329345703125
0.0272598266601562 0.00355720520019531 -0.027130126953125 0.0386962890625
0.0211105346679688 0.00873947143554688 0.0359573364257813 0.0364952087402344
0.0124006271362305 0.0090799331665039 0.0955657958984375 0.122085571289062
-0.0226459503173828 -0.0143508911132813 0.0803604125976563 -0.0333251953125
-0.00837230682373047 -0.0111150741577148 0.113204956054688 0.00213623046875
-0.0080718994140625 -0.0156068801879883 0.103591918945313 0.00128173828125
-0.0151653289794922 -0.00232315063476563 0.0944442749023438 -0.0099029541015625
-0.0145378112792969 0.0183181762695313 0.0600776672363281 -0.0156669616699219
0.00866889953613281 0.0335559844970703 0.0419502258300781 -0.000827789306640623
0.0322418212890625 0.0262584686279297 0.0336952209472656 0.0257091522216797
0.0364341735839844 0.0216636657714844 0.0341148376464844 0.051116943359375
0.0398406982421875 0.0207901000976563 0.03033447265625 0.0841140747070313
0.0286102294921875 0.0260391235351562 0.00376892089843749 0.105697631835938
0.0139808654785156 0.0239086151123047 -0.020843505859375 0.096099853515625
0.00698757171630859 0.0158500671386719 -0.0394554138183594 0.0675468444824219
0.00158977508544922 0.0171718597412109 -0.0367851257324219 0.0364723205566406
-0.0158824920654297 0.0150365829467773 0.0254554748535156 0.037933349609375
-0.0276031494140625 0.00397872924804687 0.0883407592773437 0.121391296386719
0.09222412109375 0.0160903930664063 -0.0720367431640625 -0.112403869628906
0.0473098754882813 -0.0313301086425781 -0.00251388549804687 -0.0505714416503906
0.0242233276367188 -0.0367050170898437 0.0545082092285156 -0.039093017578125
0.00702667236328125 -0.0446586608886719 0.0649337768554688 -0.072021484375
-0.0107536315917969 -0.0454521179199219 0.0477066040039063 -0.0885162353515625
-0.0433921813964844 -0.0480155944824219 0.0101699829101563 -0.103363037109375
-0.0606346130371094 -0.0388641357421875 -0.0194320678710937 -0.0852508544921875
-0.0538558959960937 -0.0403938293457031 -0.0201492309570313 -0.0488510131835938
-0.0550804138183594 -0.0533561706542969 -0.0233879089355469 -0.0142726898193359
-0.0227775573730469 -0.0678443908691406 -0.0415077209472656 0.012176513671875
0.0208244323730469 -0.0615348815917969 -0.0592498779296875 0.0322532653808594
0.0453987121582031 -0.0333671569824219 -0.079925537109375 0.0206222534179688
0.0527572631835937 0.00952529907226562 -0.104423522949219 0.00716400146484374
0.0564727783203125 0.0210227966308594 -0.106155395507812 0.015289306640625
0.069488525390625 0.0368080139160156 -0.072418212890625 0.0472640991210938
0.11773681640625 0.0265884399414063 -0.0323028564453125 -0.1015625
0.0746231079101563 -0.0235748291015625 0.03558349609375 -0.0453109741210938
0.0519866943359375 -0.03485107421875 0.0824127197265625 -0.0366363525390625
0.0304069519042969 -0.0508651733398438 0.089019775390625 -0.0696563720703125
0.00659561157226563 -0.0560035705566406 0.0677490234375 -0.0826187133789063
-0.0313148498535156 -0.0661773681640625 0.0330657958984375 -0.0944442749023438
-0.0552024841308594 -0.0595588684082031 0.0066986083984375 -0.0736160278320313
-0.050811767578125 -0.0599365234375 0.00422286987304687 -0.0352249145507813
-0.0542068481445312 -0.0752410888671875 0.000460147857666013 0.00389647483825683
-0.0214996337890625 -0.0911407470703125 -0.0247058868408203 0.0350418090820312
0.0320358276367188 -0.0848846435546875 -0.0460586547851562 0.0547714233398438
0.0648612976074219 -0.0538787841796875 -0.0666046142578125 0.0376930236816406
0.083465576171875 0.0056610107421875 -0.0832977294921875 0.0256423950195313
0.0877838134765625 0.0234451293945313 -0.0728225708007813 0.0330810546875
0.09600830078125 0.0420379638671875 -0.0373992919921875 0.0703506469726563
0.126945495605469 0.0369491577148438 0.0115814208984375 -0.0837860107421875
0.0925140380859375 -0.0075836181640625 0.07745361328125 -0.0312652587890625
0.0780105590820313 -0.0254974365234375 0.111885070800781 -0.0287246704101562
0.0558242797851563 -0.0504722595214844 0.114974975585938 -0.0643844604492188
0.0270271301269531 -0.0604209899902344 0.0846328735351562 -0.0754776000976562
-0.0131759643554688 -0.0777740478515625 0.0516128540039063 -0.080291748046875
-0.041229248046875 -0.0723495483398438 0.0286483764648438 -0.0558204650878906
-0.0396804809570313 -0.0706024169921875 0.0267696380615234 -0.0161972045898438
-0.04693603515625 -0.0844955444335938 0.0262603759765625 0.0259552001953125
-0.0199050903320313 -0.0981216430664063 -0.00383758544921875 0.0612564086914062
0.0326156616210937 -0.095611572265625 -0.0292205810546875 0.078460693359375
0.0684585571289063 -0.0694694519042969 -0.052764892578125 0.057037353515625
0.097320556640625 -0.00632476806640625 -0.06317138671875 0.0418968200683594
0.104209899902344 0.015869140625 -0.0368728637695312 0.0446662902832031
0.10791015625 0.0386962890625 0.00379943847656251 0.0914840698242188
0.118354797363281 0.0418930053710937 0.0522117614746094 -0.0621833801269531
0.0973892211914063 0.008941650390625 0.114128112792969 -0.0130233764648438
0.0952072143554688 -0.0130233764648438 0.136207580566406 -0.0167465209960938
0.0755615234375 -0.045318603515625 0.132331848144531 -0.0537948608398438
0.043121337890625 -0.0588150024414063 0.0941314697265625 -0.0621490478515625
0.0048370361328125 -0.0785064697265625 0.0624656677246094 -0.0605125427246094
-0.0216140747070313 -0.0741348266601563 0.0452957153320313 -0.0329055786132813
-0.02398681640625 -0.0687828063964844 0.045654296875 0.00523757934570312
-0.03155517578125 -0.0807876586914062 0.0483551025390625 0.0468673706054687
-0.0137863159179687 -0.0889663696289063 0.0172958374023437 0.08447265625
0.0294036865234375 -0.0887832641601563 -0.0112228393554688 0.0971145629882813
0.05963134765625 -0.0718307495117188 -0.0377197265625 0.0717926025390625
0.095245361328125 -0.0172271728515625 -0.0442581176757812 0.0509681701660156
0.103775024414063 0.00624847412109375 -0.00279617309570312 0.0472640991210937
0.104255676269531 0.0314178466796875 0.0449600219726563 0.107414245605469
0.0932998657226563 0.0390167236328125 0.0837249755859375 -0.0413436889648438
0.0858688354492187 0.0203170776367187 0.139663696289062 0.00417327880859375
0.0944595336914063 -0.00225067138671875 0.149017333984375 -0.004486083984375
0.0796966552734375 -0.0353469848632813 0.138412475585937 -0.0397109985351562
0.0488319396972656 -0.0481414794921875 0.0934066772460938 -0.045867919921875
0.0187950134277344 -0.0664443969726563 0.0649147033691406 -0.0378761291503906
-0.00162887573242187 -0.063323974609375 0.0538444519042969 -0.00814437866210938
-0.00322723388671875 -0.0578765869140625 0.056549072265625 0.0257759094238281
-0.00906753540039062 -0.0654258728027344 0.0629844665527344 0.06494140625
-0.00128173828125 -0.0664825439453125 0.03240966796875 0.101181030273438
0.0275688171386719 -0.0660667419433594 0.00214385986328124 0.107757568359375
0.0476341247558594 -0.0585441589355469 -0.0263595581054687 0.0784225463867187
0.0785675048828125 -0.0176544189453125 -0.029144287109375 0.0514144897460938
0.0857696533203125 0.0026702880859375 0.0243377685546875 0.0434799194335938
0.0835342407226563 0.0250320434570313 0.080352783203125 0.118492126464844
0.0552635192871094 0.0266036987304688 0.101272583007813 -0.0265655517578125
0.0594024658203125 0.0196647644042969 0.150314331054688 0.0140228271484375
0.0724029541015625 0.00218963623046875 0.14776611328125 0.00238037109375
0.063751220703125 -0.0228500366210938 0.132499694824219 -0.0270843505859375
0.0398979187011719 -0.0288505554199219 0.0844345092773438 -0.03045654296875
0.0254249572753906 -0.0404052734375 0.0610885620117188 -0.0166969299316406
0.0175552368164062 -0.0414276123046875 0.0553932189941406 0.0133819580078125
0.0177764892578125 -0.0366287231445313 0.0586395263671875 0.0427322387695313
0.0156478881835938 -0.0417518615722656 0.0655288696289063 0.0775909423828125
0.0167274475097656 -0.0369491577148437 0.0374679565429688 0.109786987304688
0.0290870666503906 -0.0340652465820313 0.0069427490234375 0.109939575195313
0.03704833984375 -0.0318870544433594 -0.0212631225585937 0.079315185546875
0.0558013916015625 -0.005157470703125 -0.0218963623046875 0.047607421875
0.0558395385742187 0.00825119018554687 0.040802001953125 0.0391159057617188
0.0493965148925781 0.0212631225585938 0.105033874511719 0.126182556152344
0.0102968215942383 0.00933265686035156 0.103050231933594 -0.0236129760742188
0.0226764678955078 0.0102005004882813 0.144851684570312 0.0133514404296875
0.033355712890625 -0.000772476196289063 0.13494873046875 0.002227783203125
0.0289115905761719 -0.00829315185546875 0.118034362792969 -0.018402099609375
0.0173063278198242 -0.00267505645751953 0.0727157592773438 -0.0207901000976563
0.0243778228759766 -0.0034332275390625 0.0522422790527344 -0.00377655029296875
0.0340576171875 -0.00979042053222656 0.0490188598632812 0.0264816284179688
0.0352897644042969 -0.0093536376953125 0.0517845153808594 0.0521507263183594
0.0383987426757812 -0.0128555297851562 0.0552749633789063 0.085235595703125
0.0331878662109375 -0.00429916381835938 0.0278854370117187 0.112495422363281
0.0298080444335938 0.00114250183105469 -0.000770568847656241 0.107376098632813
0.0267238616943359 -0.00107765197753906 -0.0253448486328125 0.0767822265625
0.0288906097412109 0.0133399963378906 -0.0228996276855469 0.044036865234375
0.0176334381103516 0.0186653137207031 0.0443687438964844 0.0395355224609375
0.00651168823242187 0.0181007385253906 0.112266540527344 0.131439208984375
-0.0336380004882813 -0.00932502746582032 0.0899658203125 -0.0318832397460938
-0.0170459747314453 -0.00422859191894531 0.1259765625 0.0025177001953125
-0.0140218734741211 -0.00588321685791016 0.115097045898437 -0.00365447998046875
-0.0135917663574219 0.00836563110351563 0.102760314941406 -0.0178756713867188
-0.00918960571289062 0.0269908905029297 0.0610084533691406 -0.0209732055664063
0.0204010009765625 0.0370292663574219 0.0415687561035156 -0.00318527221679687
0.0460472106933594 0.0238800048828125 0.0350723266601563 0.027801513671875
0.0476455688476563 0.0190277099609375 0.0361709594726563 0.0532455444335938
0.0543212890625 0.0169639587402344 0.0356292724609375 0.0871734619140625
0.0421180725097656 0.0248336791992187 0.00971221923828126 0.11029052734375
0.0252513885498047 0.0305862426757813 -0.0167922973632813 0.101760864257812
0.0133571624755859 0.0247077941894531 -0.0374603271484375 0.0737762451171875
0.00134849548339844 0.0287456512451172 -0.036102294921875 0.04345703125
-0.0232658386230469 0.0273399353027344 0.0304107666015625 0.0435142517089844
-0.038604736328125 0.0128517150878906 0.10205078125 0.132400512695313
0.107948303222656 0.003173828125 -0.0836563110351562 -0.123161315917969
0.0497627258300781 -0.0469322204589844 -0.00802612304687499 -0.059783935546875
0.0201034545898438 -0.0511474609375 0.0534248352050781 -0.0455970764160156
-0.00413894653320313 -0.0548095703125 0.0622177124023437 -0.0795974731445312
-0.0234031677246094 -0.0493354797363281 0.0465774536132813 -0.0954742431640625
-0.0587196350097656 -0.0441398620605469 0.00744628906249999 -0.109092712402344
-0.074188232421875 -0.0308914184570313 -0.0217819213867187 -0.0900192260742187
-0.0667686462402344 -0.0348968505859375 -0.0198974609375 -0.0545234680175781
-0.0705108642578125 -0.048187255859375 -0.0205440521240234 -0.0184249877929688
-0.0383567810058594 -0.0701141357421875 -0.0377044677734375 0.013702392578125
0.00968170166015624 -0.0715103149414062 -0.05462646484375 0.0366859436035156
0.0425186157226563 -0.0475807189941406 -0.0801315307617188 0.027435302734375
0.0617256164550781 -0.00276947021484375 -0.110420227050781 0.0150146484375
0.070770263671875 0.010345458984375 -0.114410400390625 0.0192184448242188
0.0875015258789063 0.0294036865234375 -0.0746078491210937 0.0477828979492188
0.132949829101563 0.0159835815429688 -0.03631591796875 -0.115127563476562
0.078460693359375 -0.0363998413085938 0.0359840393066406 -0.0579071044921875
0.0508155822753906 -0.0466537475585938 0.0842819213867188 -0.0469131469726563
0.0228500366210938 -0.0600090026855469 0.0904159545898438 -0.08001708984375
-0.00316619873046875 -0.0595436096191406 0.0698776245117188 -0.0928497314453125
-0.0448799133300781 -0.0645179748535156 0.0339202880859375 -0.104026794433594
-0.0670509338378906 -0.05487060546875 0.00792694091796874 -0.0829849243164063
-0.0625495910644531 -0.0566749572753906 0.00725555419921875 -0.0429801940917969
-0.0697174072265625 -0.0724945068359375 0.00730848312377929 -0.00269269943237305
-0.0361175537109375 -0.0947036743164063 -0.0156517028808594 0.0343227386474609
0.0232086181640625 -0.0973892211914063 -0.0379409790039062 0.0585060119628906
0.0642585754394531 -0.068878173828125 -0.0634613037109375 0.0434646606445312
0.0952224731445313 -0.007171630859375 -0.084014892578125 0.03265380859375
0.10546875 0.0137786865234375 -0.0748519897460938 0.0349502563476563
0.115303039550781 0.0366058349609375 -0.0316429138183594 0.0689849853515625
0.141983032226563 0.030029296875 0.012237548828125 -0.100372314453125
0.0985488891601563 -0.015777587890625 0.0812225341796875 -0.046112060546875
0.079559326171875 -0.035125732421875 0.117591857910156 -0.0404434204101563
0.051483154296875 -0.0595741271972656 0.119194030761719 -0.077178955078125
0.0202217102050781 -0.0655326843261719 0.0881118774414063 -0.086639404296875
-0.022735595703125 -0.0776596069335938 0.054412841796875 -0.0923538208007813
-0.0499420166015625 -0.0716552734375 0.0335884094238281 -0.0678024291992188
-0.0485687255859375 -0.0695724487304688 0.0344886779785156 -0.0260829925537109
-0.05908203125 -0.08465576171875 0.0374755859375 0.0174903869628906
-0.0311431884765625 -0.103500366210938 0.00841903686523437 0.0597114562988281
0.0264892578125 -0.106613159179688 -0.0166168212890625 0.0808181762695313
0.0700302124023438 -0.0837326049804688 -0.0458106994628906 0.0614356994628906
0.109474182128906 -0.0172195434570313 -0.0594635009765625 0.0478286743164063
0.120361328125 0.008819580078125 -0.0327796936035156 0.0447807312011719
0.125213623046875 0.0365982055664063 0.01568603515625 0.0895004272460938
0.129814147949219 0.0423965454101563 0.059967041015625 -0.0778961181640625
0.104171752929688 0.006591796875 0.124191284179687 -0.0287017822265625
0.09991455078125 -0.0182037353515625 0.145126342773438 -0.0286102294921875
0.0778732299804688 -0.0525970458984375 0.13983154296875 -0.0684280395507813
0.042205810546875 -0.063323974609375 0.0984115600585938 -0.0754013061523438
0.00122833251953125 -0.0820770263671875 0.0671768188476563 -0.0744476318359375
-0.02679443359375 -0.0771560668945313 0.0518074035644531 -0.0443801879882813
-0.027801513671875 -0.0720443725585938 0.0534591674804687 -0.00617218017578125
-0.0383377075195312 -0.0840988159179688 0.0616645812988281 0.0373039245605469
-0.0199508666992188 -0.0953750610351562 0.0331573486328125 0.08111572265625
0.0267562866210938 -0.0977630615234375 0.00498199462890626 0.0982131958007812
0.0625686645507813 -0.0825881958007812 -0.0276031494140625 0.074310302734375
0.105659484863281 -0.0244216918945313 -0.0376853942871094 0.054534912109375
0.116302490234375 0.00247955322265625 0.00487518310546876 0.04486083984375
0.118217468261719 0.032379150390625 0.0640487670898438 0.106269836425781
0.0994415283203125 0.0438919067382813 0.0970535278320313 -0.0550155639648438
0.091949462890625 0.0219345092773438 0.1549072265625 -0.009857177734375
0.101913452148438 -0.00201416015625 0.15997314453125 -0.0172271728515625
0.08551025390625 -0.0383758544921875 0.14727783203125 -0.0555419921875
0.0527687072753906 -0.0513534545898438 0.099029541015625 -0.05792236328125
0.0201797485351563 -0.0709991455078125 0.0702743530273437 -0.0488052368164063
-0.00182342529296875 -0.0705490112304688 0.062225341796875 -0.0194053649902344
-0.00182723999023437 -0.06341552734375 0.066162109375 0.0159492492675781
-0.00969696044921875 -0.0714263916015625 0.0761489868164063 0.055877685546875
-0.0015106201171875 -0.0728378295898437 0.0492172241210938 0.0963363647460938
0.0306396484375 -0.0734329223632813 0.0178680419921875 0.107353210449219
0.0533218383789063 -0.0640144348144531 -0.01507568359375 0.0804290771484375
0.0874099731445313 -0.0187530517578125 -0.0208206176757812 0.054473876953125
0.094329833984375 0.00359344482421875 0.0352592468261719 0.0415191650390625
0.09088134765625 0.0305709838867188 0.101585388183594 0.116867065429688
0.0563430786132813 0.0355072021484375 0.116416931152344 -0.0362701416015625
0.06146240234375 0.0284881591796875 0.16748046875 0.0035247802734375
0.078643798828125 0.00824737548828125 0.160964965820313 -0.0100250244140625
0.070953369140625 -0.0208206176757813 0.140731811523437 -0.040771484375
0.0476188659667969 -0.0296554565429688 0.0889205932617188 -0.0406494140625
0.0329055786132813 -0.0459518432617188 0.0648727416992188 -0.0255012512207031
0.0232467651367187 -0.0492362976074219 0.0615386962890625 0.00580596923828125
0.0237808227539062 -0.0446510314941406 0.0676841735839844 0.0357131958007812
0.0213394165039063 -0.0501136779785156 0.0776748657226563 0.0708084106445313
0.02374267578125 -0.0434799194335938 0.0516738891601562 0.10614013671875
0.0370140075683594 -0.0370979309082031 0.0202255249023437 0.110191345214844
0.0453910827636719 -0.0315055847167969 -0.0110702514648437 0.081756591796875
0.0623092651367188 0.000396728515625 -0.0133514404296875 0.0503807067871094
0.0580940246582031 0.0169715881347656 0.0521202087402344 0.0365753173828125
0.0502281188964844 0.0307579040527344 0.127365112304688 0.12493896484375
0.00464820861816406 0.0186977386474609 0.117637634277344 -0.0289993286132812
0.0204792022705078 0.0208663940429688 0.161590576171875 0.004974365234375
0.0350799560546875 0.00891876220703125 0.1456298828125 -0.0080718994140625
0.03607177734375 -0.00145721435546875 0.124542236328125 -0.0311355590820313
0.0272541046142578 0.00148391723632813 0.0757598876953125 -0.0285568237304688
0.03668212890625 -0.00679397583007813 0.0548744201660156 -0.0080413818359375
0.0440216064453125 -0.017669677734375 0.0536766052246094 0.0229835510253906
0.0463218688964844 -0.0182380676269531 0.0583572387695313 0.0490760803222656
0.0494956970214844 -0.0215492248535156 0.0654220581054688 0.0824737548828125
0.0444297790527344 -0.0101127624511719 0.0403671264648437 0.110366821289063
0.0423774719238281 0.00124740600585938 0.0100250244140625 0.107719421386719
0.0359306335449219 0.00391387939453125 -0.01690673828125 0.0806350708007813
0.0335731506347656 0.0236721038818359 -0.0160675048828125 0.0485076904296875
0.0167274475097656 0.0324764251708984 0.0541343688964844 0.0398674011230469
0.00238037109375 0.0306549072265625 0.1351318359375 0.13397216796875
-0.0450057983398437 0.00130844116210938 0.0987167358398438 -0.0339736938476563
-0.0241546630859375 0.00726699829101563 0.139457702636719 -0.00252532958984375
-0.0175151824951172 0.00781059265136719 0.124549865722656 -0.0122146606445313
-0.00921249389648437 0.0192432403564453 0.10699462890625 -0.0290451049804687
8.77380371093718E-05 0.0348129272460938 0.060211181640625 -0.0266304016113281
0.0363845825195313 0.0368537902832031 0.0397071838378906 -0.005157470703125
0.0588531494140625 0.0156593322753906 0.0362472534179688 0.0290794372558594
0.0610389709472656 0.0108604431152344 0.0397529602050781 0.0553741455078125
0.0678291320800781 0.00775146484375 0.0414810180664063 0.0886764526367188
0.0566444396972656 0.0196800231933594 0.0175552368164063 0.110221862792969
0.0402412414550781 0.0321044921875 -0.00975799560546874 0.103897094726563
0.0244083404541016 0.0324459075927734 -0.0313568115234375 0.079132080078125
0.00374221801757813 0.0422401428222656 -0.0321617126464844 0.0491676330566406
-0.0256195068359375 0.0434761047363281 0.0370292663574219 0.0485610961914063
-0.0475845336914063 0.0267486572265625 0.119766235351563 0.139152526855469
0.118110656738281 -0.015777587890625 -0.0958175659179687 -0.131797790527344
0.0468597412109375 -0.0619430541992187 -0.0155982971191406 -0.0682601928710938
0.0126419067382813 -0.0620574951171875 0.0488243103027344 -0.0533180236816406
-0.017547607421875 -0.0595436096191406 0.0580062866210938 -0.084625244140625
-0.0364036560058594 -0.0481338500976562 0.0438919067382813 -0.0992584228515625
-0.0719528198242188 -0.0341033935546875 0.00293731689453126 -0.11431884765625
-0.0842514038085938 -0.0181808471679688 -0.02423095703125 -0.095550537109375
-0.0776290893554688 -0.023712158203125 -0.0203742980957031 -0.0580863952636719
-0.0827713012695313 -0.0372390747070313 -0.0197219848632813 -0.0234203338623047
-0.0549201965332031 -0.0645675659179688 -0.0337924957275391 0.0128402709960938
-0.00479888916015625 -0.0784683227539063 -0.0489463806152344 0.0396804809570312
0.0362281799316406 -0.0606346130371094 -0.0800857543945312 0.0316238403320313
0.0672721862792969 -0.0209770202636719 -0.111991882324219 0.02276611328125
0.0827713012695313 -0.00481414794921875 -0.121017456054688 0.0241165161132813
0.104583740234375 0.016571044921875 -0.0779953002929688 0.048248291015625
0.146194458007813 0.00030517578125 -0.045135498046875 -0.130592346191406
0.0784378051757813 -0.0510787963867188 0.0322189331054688 -0.0731201171875
0.0441932678222656 -0.0568885803222656 0.0836944580078125 -0.0560302734375
0.0112686157226562 -0.0674858093261719 0.0884552001953125 -0.0899734497070313
-0.0152816772460937 -0.0594978332519531 0.0674057006835938 -0.101821899414063
-0.0571365356445312 -0.0562896728515625 0.0319442749023437 -0.112449645996094
-0.0759201049804688 -0.0457382202148438 0.00754547119140624 -0.0913162231445313
-0.0721206665039063 -0.049560546875 0.00840377807617187 -0.0531806945800781
-0.082916259765625 -0.0664443969726562 0.0133075714111328 -0.0116415023803711
-0.0506210327148438 -0.093048095703125 -0.00653648376464844 0.0306282043457031
0.0108642578125 -0.106697082519531 -0.0277061462402344 0.0588302612304687
0.0588760375976563 -0.0844345092773438 -0.0581321716308594 0.0465278625488281
0.102256774902344 -0.0232315063476563 -0.0815505981445313 0.0376739501953125
0.117507934570313 -0.0002899169921875 -0.07464599609375 0.0358428955078125
0.133689880371094 0.0261459350585938 -0.0278892517089844 0.0657615661621094
0.152099609375 0.0207977294921875 0.0118865966796875 -0.117500305175781
0.100517272949219 -0.02618408203125 0.0821151733398438 -0.0638351440429688
0.076416015625 -0.0426025390625 0.118431091308594 -0.0536346435546875
0.0477561950683594 -0.0665817260742188 0.120674133300781 -0.0893096923828125
0.0146827697753906 -0.0647087097167969 0.0883407592773438 -0.09967041015625
-0.0311508178710937 -0.0748672485351563 0.0554351806640625 -0.104949951171875
-0.0567550659179687 -0.0662078857421875 0.0350418090820312 -0.0820083618164063
-0.0566558837890625 -0.0692329406738281 0.0366783142089844 -0.03863525390625
-0.0680770874023438 -0.0809555053710938 0.0436744689941406 0.00498580932617187
-0.0423965454101563 -0.105484008789063 0.0209159851074219 0.0539588928222656
0.0175399780273437 -0.11669921875 -0.0057373046875 0.078765869140625
0.0684432983398438 -0.0967330932617188 -0.035186767578125 0.0607070922851562
0.117485046386719 -0.0294418334960938 -0.0530281066894531 0.0513191223144531
0.133224487304688 -0.00249481201171875 -0.02947998046875 0.0431671142578125
0.143295288085938 0.0290069580078125 0.0250167846679688 0.0807952880859375
0.142578125 0.0394134521484375 0.065887451171875 -0.0961761474609375
0.110786437988281 0.00139617919921875 0.1278076171875 -0.0482635498046875
0.104255676269531 -0.0236968994140625 0.148849487304688 -0.043426513671875
0.0756149291992188 -0.0566482543945313 0.142349243164063 -0.0823822021484375
0.0389175415039063 -0.064910888671875 0.100273132324219 -0.0896835327148437
-0.00242614746093749 -0.0825347900390625 0.0687942504882813 -0.0874099731445313
-0.0306549072265625 -0.0791778564453125 0.0534477233886719 -0.0564956665039063
-0.0325469970703125 -0.072967529296875 0.0592002868652344 -0.0184059143066406
-0.0448074340820313 -0.0849151611328125 0.0701904296875 0.0259246826171875
-0.0281982421875 -0.097808837890625 0.0488662719726562 0.0727615356445313
0.0225067138671875 -0.107490539550781 0.0186614990234375 0.0944900512695313
0.0626068115234375 -0.0933074951171875 -0.0165328979492188 0.0719451904296875
0.114845275878906 -0.03314208984375 -0.0275497436523438 0.0559654235839844
0.127227783203125 -0.00229644775390625 0.0131378173828125 0.0397071838378906
0.131561279296875 0.030059814453125 0.0807342529296875 0.098175048828125
0.109481811523438 0.0470733642578125 0.104118347167969 -0.0710372924804688
0.0971908569335938 0.0247879028320313 0.16351318359375 -0.0283966064453125
0.106941223144531 -0.00084686279296875 0.168853759765625 -0.033447265625
0.091644287109375 -0.043304443359375 0.152450561523438 -0.0692901611328125
0.0575294494628906 -0.0550804138183594 0.1002197265625 -0.0689010620117188
0.0215606689453125 -0.0767364501953125 0.0728988647460938 -0.0623779296875
-0.001922607421875 -0.07513427734375 0.0654487609863281 -0.0315475463867188
-0.00285339355468751 -0.0691032409667969 0.0712890625 0.00462341308593749
-0.0101165771484375 -0.0769271850585938 0.0869827270507812 0.0433807373046875
-0.00182342529296875 -0.0782546997070313 0.0635910034179688 0.0856170654296875
0.0325698852539062 -0.0815353393554688 0.0330963134765625 0.102317810058594
0.0578765869140625 -0.0692291259765625 -0.00335693359374999 0.0790863037109375
0.09503173828125 -0.0194854736328125 -0.00860595703124999 0.0523872375488281
0.102638244628906 0.00493621826171875 0.0450820922851563 0.0367546081542969
0.0998687744140625 0.0344467163085938 0.123336791992188 0.108833312988281
0.0603294372558594 0.045440673828125 0.129653930664063 -0.0503158569335937
0.0685005187988281 0.0354728698730469 0.17926025390625 -0.010650634765625
0.085357666015625 0.0144271850585938 0.170562744140625 -0.0240936279296875
0.0810546875 -0.021331787109375 0.144729614257812 -0.055450439453125
0.0563697814941406 -0.031585693359375 0.0892715454101562 -0.0515365600585938
0.0406417846679687 -0.0542259216308594 0.06622314453125 -0.0344161987304688
0.0302925109863281 -0.0593528747558594 0.0661659240722656 -0.00186538696289063
0.0270500183105469 -0.0537300109863281 0.0746536254882813 0.0277938842773437
0.0274200439453125 -0.0597877502441406 0.0865402221679688 0.0615692138671875
0.0280380249023437 -0.0516586303710938 0.063079833984375 0.096038818359375
0.0447502136230469 -0.041229248046875 0.0328903198242188 0.104156494140625
0.0567665100097656 -0.0319023132324219 0.000457763671875002 0.077606201171875
0.0707778930664063 0.005767822265625 -0.00334167480468749 0.0494003295898438
0.0635032653808594 0.0243492126464844 0.0625801086425781 0.0319900512695313
0.0530319213867188 0.0406303405761719 0.149978637695313 0.120376586914063
0.0026397705078125 0.0329036712646484 0.128173828125 -0.0372314453125
0.0198402404785156 0.0314807891845703 0.175262451171875 -0.0037689208984375
0.0419387817382812 0.0200080871582031 0.155197143554688 -0.0215911865234375
0.045989990234375 0.00320816040039062 0.128585815429688 -0.044342041015625
0.0385017395019531 0.0019073486328125 0.0756454467773438 -0.0358734130859375
0.0499992370605469 -0.0144500732421875 0.0548591613769531 -0.0145645141601563
0.0504264831542969 -0.0288810729980469 0.0578269958496094 0.0175590515136719
0.0549545288085937 -0.0284957885742188 0.0644340515136719 0.0436172485351563
0.0580406188964844 -0.0368194580078125 0.0725860595703125 0.0770339965820313
0.0557861328125 -0.0197868347167969 0.0500946044921875 0.104461669921875
0.0550384521484375 -0.00290679931640625 0.0184478759765625 0.104415893554688
0.0486259460449219 0.00767135620117188 -0.00829315185546874 0.0806427001953125
0.0418434143066406 0.0341148376464844 -0.00788116455078125 0.0481948852539062
0.0220527648925781 0.0465316772460938 0.0647506713867188 0.0397415161132813
0.000354766845703123 0.0461235046386719 0.154327392578125 0.12957763671875
-0.0547256469726563 0.0162429809570313 0.109504699707031 -0.0379867553710938
-0.0299797058105469 0.0217876434326172 0.150222778320313 -0.00823974609375
-0.0155048370361328 0.0236186981201172 0.132316589355469 -0.0246658325195313
-0.00137138366699219 0.0316314697265625 0.108512878417969 -0.0393218994140625
0.0126876831054687 0.0369338989257812 0.0565109252929688 -0.0324325561523438
0.0498809814453125 0.0305023193359375 0.0379791259765625 -0.004180908203125
0.0710830688476563 0.00518798828125 0.0386238098144531 0.0319023132324219
0.0707321166992188 -0.0015411376953125 0.0416793823242188 0.0553054809570312
0.0787887573242188 -0.00856781005859375 0.0456466674804688 0.087799072265625
0.0697441101074219 0.00783157348632813 0.0233306884765625 0.108924865722656
0.0541801452636719 0.0282516479492188 -0.00315093994140624 0.103805541992188
0.0407600402832031 0.036773681640625 -0.0239181518554687 0.0817947387695313
0.0134849548339844 0.0558547973632812 -0.0241584777832031 0.0528717041015625
-0.0255508422851563 0.0615921020507813 0.0468788146972656 0.0505409240722656
-0.0520744323730469 0.0439796447753906 0.137832641601563 0.141860961914063
0.125007629394531 -0.036407470703125 -0.109687805175781 -0.138465881347656
0.04168701171875 -0.0793228149414063 -0.0257034301757812 -0.0747604370117188
0.00084686279296875 -0.0731048583984375 0.0445289611816406 -0.0565834045410156
-0.0329971313476562 -0.0632553100585938 0.0556793212890625 -0.0871200561523438
-0.0495262145996094 -0.0431404113769531 0.0418930053710938 -0.103607177734375
-0.083587646484375 -0.0204391479492187 0.00174713134765626 -0.116744995117187
-0.0918807983398438 -0.00489044189453127 -0.0254135131835938 -0.0981063842773438
-0.0852508544921875 -0.0122146606445312 -0.0221061706542969 -0.0644149780273438
-0.0946502685546875 -0.0236968994140625 -0.0186176300048828 -0.0289726257324219
-0.067291259765625 -0.0582351684570312 -0.0282764434814453 0.0103912353515625
-0.0193710327148437 -0.0813827514648438 -0.0423965454101562 0.0390548706054687
0.0238113403320313 -0.0708389282226563 -0.078369140625 0.0362091064453125
0.0676345825195313 -0.0367698669433594 -0.113815307617187 0.0295257568359375
0.089385986328125 -0.0234603881835938 -0.126312255859375 0.0292816162109375
0.116416931152344 -0.00115203857421875 -0.082183837890625 0.046600341796875
0.155059814453125 -0.01544189453125 -0.0544281005859375 -0.143463134765625
0.0764083862304688 -0.063568115234375 0.0238418579101563 -0.0828781127929688
0.0359916687011719 -0.0670433044433594 0.0802536010742188 -0.0643463134765625
-0.00100708007812501 -0.0691642761230469 0.0875701904296875 -0.0973968505859375
-0.0252532958984375 -0.0563774108886719 0.0676803588867188 -0.10858154296875
-0.0660476684570313 -0.0461502075195312 0.0307083129882813 -0.120338439941406
-0.083892822265625 -0.0342330932617188 0.00775909423828124 -0.101348876953125
-0.0797500610351563 -0.0406417846679687 0.00948715209960937 -0.0622634887695313
-0.0925750732421875 -0.0562362670898437 0.0148696899414062 -0.0220298767089844
-0.0636749267578125 -0.089141845703125 -0.000299453735351566 0.0242691040039062
-0.00350952148437499 -0.111663818359375 -0.0182571411132813 0.0534172058105469
0.0509033203125 -0.0960464477539063 -0.052886962890625 0.0463409423828125
0.106903076171875 -0.0395278930664063 -0.0789566040039062 0.0415496826171875
0.127426147460938 -0.0178451538085938 -0.0772018432617188 0.0365524291992187
0.149093627929687 0.01165771484375 -0.0268211364746094 0.0600929260253906
0.165267944335938 0.0109710693359375 0.00777435302734377 -0.136634826660156
0.101982116699219 -0.0351486206054688 0.07867431640625 -0.0794830322265625
0.0738449096679687 -0.0491180419921875 0.119926452636719 -0.0650711059570312
0.0389060974121094 -0.0688591003417969 0.119491577148437 -0.101455688476563
0.00808334350585938 -0.0649795532226563 0.0888137817382813 -0.109199523925781
-0.0384445190429688 -0.0693130493164063 0.0535812377929687 -0.115974426269531
-0.0631866455078125 -0.0608253479003906 0.0357742309570312 -0.092132568359375
-0.0624732971191406 -0.0627784729003906 0.0378074645996094 -0.0514373779296875
-0.0765151977539063 -0.0774154663085938 0.0480766296386719 -0.00936508178710938
-0.0537948608398437 -0.10284423828125 0.0299797058105469 0.0422554016113281
0.007354736328125 -0.123779296875 0.00698089599609375 0.0707855224609375
0.06109619140625 -0.10968017578125 -0.0283164978027344 0.0586967468261719
0.123611450195313 -0.0453948974609375 -0.0464935302734375 0.050567626953125
0.145431518554688 -0.0152740478515625 -0.025421142578125 0.0382881164550781
0.158248901367188 0.0206146240234375 0.0346298217773438 0.0723648071289063
0.152664184570313 0.03485107421875 0.0653915405273438 -0.116981506347656
0.115684509277344 -0.00133514404296875 0.130226135253906 -0.06494140625
0.105567932128906 -0.0266571044921875 0.153045654296875 -0.0577850341796875
0.07598876953125 -0.0615310668945313 0.143447875976563 -0.0975799560546875
0.0392112731933594 -0.0676155090332031 0.100624084472656 -0.0994415283203125
-0.00681304931640624 -0.0821762084960938 0.0694808959960938 -0.100692749023438
-0.0349273681640625 -0.0796279907226563 0.056304931640625 -0.0724868774414063
-0.0367202758789062 -0.0764999389648438 0.0606613159179688 -0.0312347412109375
-0.0495758056640625 -0.0869216918945313 0.0758590698242188 0.00798034667968749
-0.032012939453125 -0.101005554199219 0.0561752319335938 0.0591201782226562
0.0186691284179688 -0.114295959472656 0.0297775268554687 0.0840301513671875
0.0623626708984375 -0.103530883789063 -0.00741195678710937 0.0679168701171875
0.120735168457031 -0.0411758422851562 -0.0185585021972656 0.0522537231445313
0.13916015625 -0.00962066650390625 0.0192508697509766 0.0332107543945312
0.144393920898438 0.0285186767578125 0.092132568359375 0.084869384765625
0.117080688476562 0.0521621704101562 0.111366271972656 -0.0901947021484375
0.105079650878906 0.0287017822265625 0.170440673828125 -0.044586181640625
0.115493774414063 -0.00102996826171875 0.17291259765625 -0.0474853515625
0.0975112915039063 -0.04547119140625 0.153900146484375 -0.0863037109375
0.0611572265625 -0.058258056640625 0.100471496582031 -0.08270263671875
0.0224609375 -0.0816574096679688 0.0728302001953125 -0.0743408203125
-0.000885009765625002 -0.0822982788085938 0.06719970703125 -0.0447731018066406
-0.00298309326171875 -0.0761489868164063 0.0743026733398437 -0.00792694091796875
-0.0128173828125 -0.0858383178710938 0.091552734375 0.0286026000976562
-0.00246429443359376 -0.0852203369140625 0.0729293823242188 0.0737533569335938
0.0344009399414063 -0.0866546630859375 0.0418472290039063 0.0912704467773437
0.0623779296875 -0.0768966674804688 0.0058441162109375 0.0710601806640625
0.105224609375 -0.0233917236328125 -0.000961303710937495 0.0473709106445313
0.112602233886719 0.00644683837890625 0.0526199340820313 0.0258636474609375
0.110458374023438 0.0395355224609375 0.139053344726563 0.0960464477539063
0.0637855529785156 0.0541877746582031 0.137428283691406 -0.0656204223632813
0.07220458984375 0.0456771850585938 0.190109252929687 -0.0275726318359375
0.0960159301757812 0.019805908203125 0.177413940429688 -0.0376739501953125
0.0917587280273437 -0.0216445922851563 0.147735595703125 -0.070587158203125
0.0650520324707031 -0.0350265502929687 0.0903472900390625 -0.0603713989257813
0.0443382263183594 -0.0611648559570313 0.0676536560058594 -0.0438156127929688
0.0301475524902344 -0.0699691772460938 0.0693283081054688 -0.0118331909179688
0.0301094055175781 -0.0652046203613281 0.0754013061523438 0.0164337158203125
0.0278549194335938 -0.0732955932617188 0.0916519165039063 0.0491714477539063
0.0329818725585937 -0.0609512329101563 0.0726089477539063 0.0857925415039063
0.0540046691894531 -0.0494346618652344 0.0412750244140625 0.0948867797851563
0.0649757385253906 -0.0360336303710938 0.00965881347656251 0.0732192993164062
0.0808334350585937 0.010162353515625 0.00619125366210938 0.0445327758789062
0.0735702514648438 0.033477783203125 0.0728912353515625 0.02435302734375
0.0602073669433594 0.0507049560546875 0.167449951171875 0.108840942382813
0.0031890869140625 0.0469970703125 0.141342163085938 -0.0477447509765625
0.0250129699707031 0.0457267761230469 0.18585205078125 -0.0186004638671875
0.0496749877929688 0.0315322875976563 0.161178588867188 -0.0323944091796875
0.0585403442382813 0.00793838500976563 0.129951477050781 -0.0562057495117187
0.0503807067871094 -0.000942230224609375 0.07232666015625 -0.0428085327148437
0.0574874877929688 -0.0234947204589844 0.0549278259277344 -0.0185737609863281
0.0584754943847656 -0.0435409545898438 0.0587539672851563 0.0144462585449219
0.0582199096679688 -0.0442848205566406 0.0667152404785156 0.0392646789550781
0.0636177062988281 -0.0510444641113281 0.0764846801757813 0.0696945190429688
0.0635604858398438 -0.0323295593261719 0.0552978515625 0.0963668823242188
0.0680122375488281 -0.00997161865234375 0.0249099731445313 0.0987930297851563
0.0637168884277344 0.00565719604492188 -0.00083160400390625 0.0753250122070313
0.0537528991699219 0.0449676513671875 0.000904083251953126 0.0474624633789063
0.0282707214355469 0.0611686706542969 0.0739822387695313 0.0330352783203125
0.00262451171875 0.0616188049316406 0.174118041992188 0.125885009765625
-0.0593833923339844 0.0321578979492188 0.118141174316406 -0.0409774780273437
-0.0304679870605469 0.0362319946289062 0.161575317382813 -0.017333984375
-0.00982284545898437 0.0362167358398438 0.135459899902344 -0.0331802368164063
0.0119895935058594 0.0374794006347656 0.106369018554687 -0.0480728149414063
0.0261344909667969 0.0400123596191406 0.0526542663574219 -0.0350799560546875
0.0649490356445313 0.0225028991699219 0.0353355407714844 -0.00506973266601562
0.0802154541015625 -0.00927734375 0.0403213500976563 0.03125
0.0786056518554688 -0.015716552734375 0.0455360412597656 0.0553665161132812
0.08709716796875 -0.0246734619140625 0.0501861572265625 0.086273193359375
0.0813140869140625 -0.00464630126953125 0.0271530151367188 0.10601806640625
0.0709075927734375 0.0229339599609375 -0.000190734863281242 0.102149963378906
0.0543785095214844 0.036956787109375 -0.0174484252929687 0.0811843872070313
0.0237922668457031 0.0673980712890625 -0.0181427001953125 0.0547027587890625
-0.0177459716796875 0.0797653198242188 0.0561637878417969 0.0523300170898438
-0.054046630859375 0.0620460510253906 0.155517578125 0.141632080078125
0.128860473632813 -0.0583572387695313 -0.126480102539062 -0.147491455078125
0.032440185546875 -0.0952377319335938 -0.0377349853515625 -0.07965087890625
-0.0139312744140625 -0.0816268920898438 0.0411415100097656 -0.059661865234375
-0.0496749877929688 -0.0621147155761719 0.0540618896484375 -0.0904617309570313
-0.0627899169921875 -0.0363044738769531 0.0423202514648438 -0.108558654785156
-0.0920791625976563 -0.00493621826171876 0.000259399414062495 -0.121360778808594
-0.096221923828125 0.010711669921875 -0.027008056640625 -0.1051025390625
-0.0907821655273438 0.00149536132812501 -0.02435302734375 -0.0707015991210938
-0.101844787597656 -0.00870513916015625 -0.0200424194335938 -0.0358657836914063
-0.079254150390625 -0.0482864379882812 -0.0252647399902344 0.00547599792480469
-0.0345458984375 -0.0809097290039063 -0.0387306213378906 0.0360641479492187
0.0107192993164063 -0.079437255859375 -0.0770111083984375 0.0385055541992188
0.06402587890625 -0.0536727905273438 -0.115570068359375 0.0352859497070313
0.0920333862304687 -0.044281005859375 -0.134300231933594 0.0339813232421875
0.126861572265625 -0.0212631225585938 -0.0881118774414062 0.0469741821289063
0.162796020507813 -0.0327301025390625 -0.0664215087890625 -0.15936279296875
0.0707321166992188 -0.0776748657226563 0.0145187377929688 -0.0940933227539063
0.0257186889648437 -0.073944091796875 0.0783615112304688 -0.07183837890625
-0.0136528015136719 -0.0694160461425781 0.0868301391601563 -0.104660034179688
-0.0344200134277344 -0.0514450073242187 0.06817626953125 -0.117118835449219
-0.0735931396484375 -0.0349884033203125 0.0302276611328125 -0.129890441894531
-0.0883941650390625 -0.0239715576171875 0.0058441162109375 -0.113113403320313
-0.0858917236328125 -0.0306625366210937 0.00743865966796875 -0.0732421875
-0.100273132324219 -0.0448760986328125 0.0142288208007812 -0.0341796875
-0.0748062133789063 -0.0826797485351562 0.00354766845703124 0.0156192779541016
-0.0169296264648438 -0.115318298339844 -0.0132484436035156 0.0482864379882812
0.0415420532226563 -0.107582092285156 -0.0500450134277344 0.044464111328125
0.108177185058594 -0.0569229125976563 -0.0766220092773438 0.0433273315429688
0.136100769042969 -0.0367355346679688 -0.0805587768554687 0.0363998413085938
0.162643432617188 -0.003753662109375 -0.0279159545898437 0.0537948608398437
0.175399780273438 0.000152587890625 -0.000366210937499995 -0.156753540039063
0.102584838867188 -0.0440521240234375 0.0732269287109375 -0.0944595336914062
0.0713729858398438 -0.0544891357421875 0.11859130859375 -0.07537841796875
0.0317459106445313 -0.0702285766601563 0.120529174804688 -0.113075256347656
0.00212478637695313 -0.0630607604980469 0.0891952514648437 -0.119987487792969
-0.0436782836914062 -0.0625839233398438 0.052978515625 -0.129241943359375
-0.0676612854003906 -0.0560455322265625 0.0341949462890625 -0.107749938964844
-0.0678291320800781 -0.058349609375 0.0366020202636719 -0.064788818359375
-0.0842742919921875 -0.0726699829101563 0.0490379333496094 -0.0235977172851563
-0.0626068115234375 -0.102020263671875 0.035491943359375 0.0307273864746094
-0.00337982177734375 -0.130020141601563 0.0135231018066406 0.0621223449707031
0.0555343627929688 -0.121444702148438 -0.0236053466796875 0.0536689758300781
0.128616333007813 -0.0604019165039063 -0.040313720703125 0.0478858947753906
0.155670166015625 -0.0313568115234375 -0.0251808166503906 0.0328216552734375
0.174362182617188 0.0106048583984375 0.0392875671386719 0.0625724792480469
0.1644287109375 0.032928466796875 0.0634689331054688 -0.13922119140625
0.119895935058594 -0.0039825439453125 0.129386901855469 -0.0830230712890625
0.110061645507813 -0.0285568237304687 0.154678344726563 -0.0711669921875
0.0765151977539063 -0.06494140625 0.146240234375 -0.112716674804688
0.0390739440917969 -0.0693740844726563 0.101264953613281 -0.112503051757812
-0.00905609130859374 -0.082977294921875 0.0679244995117188 -0.114631652832031
-0.037445068359375 -0.0804367065429688 0.0553207397460938 -0.0885162353515625
-0.039031982421875 -0.0776748657226563 0.0601997375488281 -0.0471534729003906
-0.0551071166992188 -0.0892486572265625 0.0775833129882813 -0.00762176513671875
-0.0386428833007813 -0.104248046875 0.0624008178710938 0.0459785461425781
0.0137786865234375 -0.122871398925781 0.0366134643554687 0.07330322265625
0.0606842041015625 -0.114173889160156 -0.00110244750976562 0.0597763061523437
0.128593444824219 -0.0537185668945313 -0.0115432739257812 0.0465850830078125
0.150543212890625 -0.0188446044921875 0.0241928100585938 0.0238914489746094
0.161041259765625 0.0244293212890625 0.102928161621094 0.0716171264648438
0.129478454589844 0.0573043823242187 0.115440368652344 -0.113250732421875
0.113937377929688 0.0323257446289063 0.17413330078125 -0.063720703125
0.126060485839844 0.00012969970703125 0.178009033203125 -0.061309814453125
0.104774475097656 -0.0503921508789063 0.156890869140625 -0.100967407226563
0.0664482116699219 -0.0644378662109375 0.100906372070313 -0.0936050415039063
0.0243148803710938 -0.0883712768554688 0.0728225708007813 -0.086761474609375
-0.00260925292968749 -0.0907821655273437 0.0677032470703125 -0.0579757690429688
-0.00466918945312499 -0.083953857421875 0.0742721557617188 -0.0207061767578125
-0.015350341796875 -0.0946121215820312 0.09466552734375 0.0138473510742187
-0.0033416748046875 -0.093109130859375 0.0778045654296875 0.0600357055664062
0.0369186401367188 -0.0966873168945313 0.0491485595703125 0.0807723999023438
0.0674896240234375 -0.0851516723632812 0.0126266479492188 0.0623970031738281
0.115280151367188 -0.0277175903320313 0.00752258300781251 0.0407257080078125
0.124702453613281 0.0053253173828125 0.0604133605957031 0.0149040222167969
0.124656677246094 0.043426513671875 0.153411865234375 0.0829925537109375
0.0738449096679688 0.0677642822265625 0.147079467773438 -0.0840911865234375
0.0828094482421875 0.0548934936523438 0.199203491210938 -0.0445709228515625
0.110099792480469 0.0251388549804687 0.182342529296875 -0.052215576171875
0.104255676269531 -0.024810791015625 0.1502685546875 -0.0840301513671875
0.0748367309570313 -0.0416183471679688 0.0895156860351563 -0.0689773559570313
0.0500259399414063 -0.0718002319335938 0.0675468444824219 -0.0532722473144531
0.031951904296875 -0.083343505859375 0.0698661804199219 -0.0226478576660156
0.03076171875 -0.07818603515625 0.076873779296875 0.00775146484374999
0.0274200439453125 -0.0868682861328125 0.095306396484375 0.0380401611328125
0.0361328125 -0.0733642578125 0.0763778686523437 0.074188232421875
0.0627212524414063 -0.0599861145019531 0.0461959838867188 0.0870513916015625
0.0764999389648438 -0.0430984497070313 0.0153121948242188 0.0646629333496094
0.0945053100585938 0.0121994018554688 0.0142097473144531 0.0376052856445313
0.0857086181640625 0.0410842895507813 0.0818099975585938 0.0142974853515625
0.0708160400390625 0.0634689331054688 0.1861572265625 0.09869384765625
0.00629043579101563 0.0643081665039063 0.152542114257813 -0.06170654296875
0.0320510864257813 0.0602645874023438 0.198165893554688 -0.0306854248046875
0.0630760192871094 0.0413360595703125 0.16802978515625 -0.0456085205078125
0.0740203857421875 0.00748443603515625 0.130088806152344 -0.0671768188476563
0.0636940002441406 -0.00564956665039063 0.0706710815429688 -0.0472869873046875
0.0672874450683594 -0.0366935729980469 0.0546989440917969 -0.0222091674804688
0.0622024536132813 -0.0601310729980469 0.0619544982910156 0.01043701171875
0.062255859375 -0.059539794921875 0.0682334899902344 0.0347023010253906
0.0657119750976563 -0.0692977905273438 0.0796737670898438 0.0636520385742188
0.0697708129882812 -0.0469970703125 0.057464599609375 0.0879669189453125
0.082122802734375 -0.0203857421875 0.02838134765625 0.093109130859375
0.0800552368164063 0.00093841552734375 0.00588226318359375 0.069549560546875
0.0687446594238281 0.0519828796386719 0.00860214233398438 0.0423851013183594
0.03955078125 0.0764389038085938 0.0842056274414063 0.0279388427734375
0.0087432861328125 0.0793075561523438 0.192611694335938 0.11962890625
-0.0609397888183594 0.0509376525878906 0.129859924316406 -0.0481414794921875
-0.0276718139648438 0.0540504455566406 0.172836303710937 -0.02587890625
-0.000858306884765624 0.0500297546386719 0.140579223632813 -0.0426483154296875
0.0265159606933594 0.0425186157226563 0.104278564453125 -0.0554351806640625
0.0410957336425781 0.0384521484375 0.0489578247070313 -0.0357017517089844
0.0755615234375 0.0102996826171875 0.0352897644042969 -0.00395965576171875
0.0851898193359375 -0.0251312255859375 0.0426292419433594 0.0329132080078125
0.0834808349609375 -0.03271484375 0.0484886169433594 0.056365966796875
0.0913925170898438 -0.0430679321289063 0.0524749755859375 0.0865478515625
0.0881423950195313 -0.0210113525390625 0.0287399291992188 0.1033935546875
0.0862655639648437 0.0129241943359375 0.00152587890625 0.100456237792969
0.072357177734375 0.0338592529296875 -0.0131988525390625 0.0784912109375
0.0388641357421875 0.0790252685546875 -0.0111083984375 0.0550880432128906
-0.008270263671875 0.0983505249023438 0.0667877197265625 0.0517196655273438
-0.0534896850585937 0.082763671875 0.172897338867188 0.14276123046875
0.129180908203125 -0.08306884765625 -0.148956298828125 -0.155593872070313
0.0184249877929687 -0.110977172851563 -0.0524215698242188 -0.082855224609375
-0.0311431884765625 -0.0879135131835937 0.0371513366699219 -0.0626258850097656
-0.0681381225585938 -0.0567817687988281 0.052825927734375 -0.0944595336914063
-0.0745925903320313 -0.0256881713867188 0.0422134399414063 -0.115226745605469
-0.0968475341796875 0.0128860473632813 -0.00177001953125 -0.128860473632813
-0.0984878540039063 0.02862548828125 -0.03131103515625 -0.113929748535156
-0.0942306518554688 0.0172042846679687 -0.0286407470703125 -0.0785751342773438
-0.106948852539062 0.0087738037109375 -0.0238494873046875 -0.0430183410644531
-0.0898056030273438 -0.0357208251953125 -0.0239658355712891 0.000719070434570309
-0.051422119140625 -0.0776748657226563 -0.0366935729980469 0.0328330993652344
-0.0046234130859375 -0.0849533081054688 -0.0772018432617188 0.0412673950195312
0.0579376220703125 -0.0716323852539063 -0.118118286132812 0.0419845581054687
0.091278076171875 -0.0673446655273438 -0.143936157226563 0.041534423828125
0.134162902832031 -0.0439987182617188 -0.09674072265625 0.0497970581054687
0.169204711914063 -0.0540313720703125 -0.0871124267578125 -0.176361083984375
0.0616073608398438 -0.0912933349609375 0.002197265625 -0.105117797851563
0.0147247314453125 -0.0803070068359375 0.075469970703125 -0.079742431640625
-0.0276336669921875 -0.0666847229003906 0.0862045288085937 -0.114120483398437
-0.0436019897460938 -0.0428810119628906 0.0679931640625 -0.127723693847656
-0.078033447265625 -0.0204544067382813 0.027496337890625 -0.141433715820312
-0.09185791015625 -0.0109786987304687 0.000671386718749992 -0.12701416015625
-0.0904159545898438 -0.0194320678710938 0.00225067138671875 -0.0856094360351563
-0.107559204101563 -0.0323486328125 0.0110931396484375 -0.0463294982910156
-0.0861434936523438 -0.0750503540039062 0.0062413215637207 0.0054931640625
-0.0322036743164063 -0.116836547851562 -0.01043701171875 0.0408248901367187
0.029052734375 -0.118492126464844 -0.0487747192382813 0.0427589416503906
0.107131958007813 -0.0760421752929688 -0.075531005859375 0.04437255859375
0.140945434570313 -0.0588531494140625 -0.0851058959960938 0.0370559692382813
0.176651000976563 -0.02496337890625 -0.0310211181640625 0.0495719909667969
0.187225341796875 -0.01385498046875 -0.0161590576171875 -0.179473876953125
0.101387023925781 -0.0539016723632812 0.0641021728515625 -0.111503601074219
0.0673866271972656 -0.0599288940429687 0.118637084960938 -0.0884933471679688
0.0243682861328125 -0.0714645385742188 0.120307922363281 -0.127418518066406
-0.00241088867187499 -0.0599174499511719 0.08905029296875 -0.13494873046875
-0.0475349426269531 -0.0563735961914062 0.050140380859375 -0.145126342773438
-0.0714187622070313 -0.0511093139648437 0.0292129516601563 -0.125030517578125
-0.0730743408203125 -0.0540542602539063 0.0323333740234375 -0.079742431640625
-0.09271240234375 -0.0674896240234375 0.0466575622558594 -0.0396766662597656
-0.073211669921875 -0.0999832153320313 0.0380783081054687 0.0178146362304687
-0.0146865844726563 -0.13568115234375 0.0178947448730469 0.051971435546875
0.0467147827148437 -0.134788513183594 -0.0212173461914063 0.0476188659667969
0.132804870605469 -0.07745361328125 -0.0367012023925781 0.0442695617675781
0.165420532226563 -0.0493316650390625 -0.0256671905517578 0.0271587371826172
0.192108154296875 -0.0053253173828125 0.0422019958496094 0.0519676208496094
0.18017578125 0.02716064453125 0.05517578125 -0.166183471679688
0.12664794921875 -0.0084228515625 0.125747680664063 -0.102508544921875
0.115676879882813 -0.0335311889648438 0.156509399414063 -0.086151123046875
0.0772933959960938 -0.0706863403320313 0.1463623046875 -0.130355834960938
0.0395736694335938 -0.0718536376953125 0.100601196289063 -0.127540588378906
-0.0114059448242187 -0.0849151611328125 0.0648956298828125 -0.132209777832031
-0.0420379638671875 -0.0838470458984375 0.050872802734375 -0.106895446777344
-0.0445404052734375 -0.080108642578125 0.0562057495117188 -0.0620307922363281
-0.063079833984375 -0.0916976928710938 0.0765838623046875 -0.0243988037109375
-0.0464935302734375 -0.108169555664063 0.0655632019042969 0.0320892333984375
0.00689697265625001 -0.131759643554688 0.0411720275878906 0.0615158081054687
0.0583877563476563 -0.127479553222656 0.00196456909179688 0.0515670776367187
0.136932373046875 -0.067291259765625 -0.00628662109374999 0.0388870239257812
0.162948608398437 -0.0317840576171875 0.0266628265380859 0.0134944915771484
0.179412841796875 0.017974853515625 0.11212158203125 0.0568771362304688
0.1461181640625 0.060943603515625 0.114707946777344 -0.140190124511719
0.127471923828125 0.0344619750976563 0.17626953125 -0.0850677490234375
0.140449523925781 -0.0014190673828125 0.182601928710938 -0.0776824951171875
0.112533569335937 -0.058746337890625 0.1575927734375 -0.119064331054688
0.0718154907226563 -0.0709762573242188 0.100410461425781 -0.107597351074219
0.0243453979492188 -0.0968780517578125 0.0705032348632813 -0.101737976074219
-0.00657653808593749 -0.101142883300781 0.0644760131835938 -0.07354736328125
-0.00872802734375 -0.09368896484375 0.0718612670898438 -0.034881591796875
-0.0220260620117188 -0.104667663574219 0.0944366455078125 -0.00128936767578126
-0.0076751708984375 -0.103103637695313 0.0807418823242188 0.0466766357421875
0.0371856689453125 -0.109619140625 0.0529098510742188 0.0698356628417969
0.0724639892578125 -0.0981903076171875 0.0163688659667969 0.052459716796875
0.127487182617187 -0.035308837890625 0.0125904083251953 0.0309371948242187
0.139816284179688 0.0015716552734375 0.0668411254882813 0.00174331665039063
0.142562866210938 0.0454254150390625 0.168838500976563 0.066680908203125
0.0874099731445313 0.0792999267578125 0.152740478515625 -0.108352661132813
0.096832275390625 0.0631179809570312 0.20794677734375 -0.0655364990234375
0.128227233886719 0.0269775390625 0.189346313476563 -0.0690155029296875
0.118644714355469 -0.03314208984375 0.150650024414063 -0.101028442382813
0.0853042602539063 -0.051849365234375 0.0885238647460938 -0.0795745849609375
0.0529861450195313 -0.0867385864257813 0.0669021606445313 -0.0632438659667969
0.0295562744140625 -0.100090026855469 0.0696449279785156 -0.0330848693847656
0.0291671752929688 -0.0930709838867188 0.0768890380859375 -0.00208282470703126
0.0234527587890625 -0.103965759277344 0.0966339111328125 0.0265655517578125
0.0359878540039063 -0.087982177734375 0.0789108276367188 0.06365966796875
0.0691680908203125 -0.07379150390625 0.0489730834960938 0.0774002075195313
0.0873641967773438 -0.0541839599609375 0.0184440612792969 0.0553359985351562
0.111442565917969 0.0124053955078125 0.0198783874511719 0.0280513763427734
0.102813720703125 0.0471878051757813 0.0907821655273438 0.00173187255859375
0.0866928100585938 0.0744705200195313 0.205520629882813 0.084014892578125
0.0158843994140625 0.0820388793945313 0.162811279296875 -0.080657958984375
0.0449676513671875 0.0749053955078125 0.210723876953125 -0.0490570068359375
0.0809707641601563 0.0483322143554687 0.174575805664063 -0.0607147216796875
0.0911331176757813 0.00308990478515625 0.131217956542969 -0.08056640625
0.0772323608398438 -0.0142593383789063 0.0688095092773438 -0.0523643493652344
0.073883056640625 -0.0536880493164063 0.0550422668457031 -0.0270423889160156
0.0633926391601563 -0.0788726806640625 0.063873291015625 0.00501632690429687
0.0613555908203125 -0.07818603515625 0.0696029663085938 0.0307884216308594
0.064300537109375 -0.0898590087890625 0.082550048828125 0.0585861206054687
0.0730972290039063 -0.0664749145507813 0.058746337890625 0.0830535888671875
0.0937881469726563 -0.0360031127929688 0.0296249389648438 0.0875930786132813
0.0962142944335938 -0.0091705322265625 0.00957107543945314 0.0626182556152344
0.08831787109375 0.0573883056640625 0.0143356323242188 0.0360832214355469
0.0570831298828125 0.090850830078125 0.0953750610351563 0.0193099975585938
0.020782470703125 0.0978851318359375 0.215103149414063 0.1109619140625
-0.058502197265625 0.0739898681640625 0.142120361328125 -0.0601043701171875
-0.0199203491210937 0.072723388671875 0.1859130859375 -0.03802490234375
0.014251708984375 0.0631141662597656 0.145217895507813 -0.0554656982421875
0.0436019897460938 0.043853759765625 0.103073120117188 -0.0640869140625
0.054962158203125 0.032806396484375 0.0465469360351563 -0.0366897583007812
0.0849761962890625 -0.00525665283203125 0.0364799499511719 -0.00217437744140625
0.0889968872070313 -0.044708251953125 0.0465011596679688 0.0352745056152344
0.0845184326171875 -0.052001953125 0.0509109497070313 0.0575027465820313
0.0928115844726563 -0.0644989013671875 0.05615234375 0.0883560180664062
0.0925521850585938 -0.0399017333984375 0.0287933349609375 0.103927612304687
0.100059509277344 -0.001983642578125 0.00183868408203126 0.100875854492188
0.0912017822265625 0.0256423950195313 -0.0104904174804687 0.0761871337890625
0.0590438842773438 0.0862579345703125 -0.00511932373046875 0.0531654357910156
0.00738525390624999 0.11712646484375 0.0794448852539063 0.0494842529296875
-0.0458755493164063 0.105804443359375 0.195693969726563 0.1424560546875
0.123374938964844 -0.111572265625 -0.179229736328125 -0.15765380859375
-0.00263214111328125 -0.123298645019531 -0.069732666015625 -0.0819778442382813
-0.0529937744140625 -0.0897293090820313 0.0329551696777344 -0.0647163391113281
-0.0860137939453125 -0.0456771850585938 0.0500640869140625 -0.099639892578125
-0.0842742919921875 -0.0101242065429688 0.0397796630859375 -0.123687744140625
-0.097564697265625 0.0343399047851562 -0.00692749023437501 -0.136817932128906
-0.0950698852539063 0.0481338500976562 -0.0400009155273438 -0.123016357421875
-0.093414306640625 0.0361480712890625 -0.0365142822265625 -0.0868911743164063
-0.10833740234375 0.0300369262695312 -0.0306282043457031 -0.0504531860351563
-0.098236083984375 -0.01934814453125 -0.0245838165283203 -0.00542831420898437
-0.0684089660644531 -0.0689010620117188 -0.0360908508300781 0.0305252075195313
-0.02288818359375 -0.0876541137695313 -0.0770263671875 0.0462799072265625
0.044891357421875 -0.0885162353515625 -0.119598388671875 0.0506591796875
0.0839996337890625 -0.0917510986328125 -0.152664184570313 0.0543670654296875
0.136283874511719 -0.072906494140625 -0.105178833007812 0.056793212890625
0.16986083984375 -0.0793609619140625 -0.116653442382812 -0.188690185546875
0.0485763549804687 -0.103965759277344 -0.0158233642578125 -0.113571166992188
-0.000823974609374991 -0.0840606689453125 0.07086181640625 -0.088958740234375
-0.042266845703125 -0.0595436096191406 0.0825729370117188 -0.125740051269531
-0.0509719848632813 -0.0323448181152344 0.063873291015625 -0.141433715820313
-0.079803466796875 -0.00491333007812499 0.020416259765625 -0.156265258789062
-0.0919876098632813 0.00305175781250001 -0.00921630859375 -0.142242431640625
-0.0930709838867188 -0.00605773925781251 -0.00708007812500002 -0.0988693237304688
-0.112983703613281 -0.0169601440429688 0.00317382812499999 -0.0591468811035156
-0.097320556640625 -0.0638427734375 0.00470876693725585 -0.00519466400146485
-0.0496902465820313 -0.114532470703125 -0.00915718078613282 0.0334281921386719
0.0125198364257812 -0.126876831054687 -0.0480270385742188 0.0415916442871094
0.101348876953125 -0.0976104736328125 -0.0743560791015625 0.0462799072265625
0.140701293945312 -0.085601806640625 -0.0914382934570312 0.0402145385742188
0.186386108398437 -0.0526275634765625 -0.0358428955078125 0.0470504760742188
0.196807861328125 -0.0334930419921875 -0.0408172607421875 -0.201385498046875
0.097808837890625 -0.064697265625 0.0490875244140625 -0.127662658691406
0.0630035400390625 -0.0655441284179688 0.11468505859375 -0.102554321289063
0.016326904296875 -0.07122802734375 0.116012573242188 -0.145553588867188
-0.00695419311523437 -0.0558319091796875 0.083953857421875 -0.151214599609375
-0.0496063232421875 -0.0484962463378906 0.0411529541015625 -0.162307739257812
-0.07513427734375 -0.0441436767578125 0.0175933837890625 -0.143997192382813
-0.0781707763671875 -0.0477676391601563 0.0230331420898437 -0.0958251953125
-0.100875854492188 -0.059661865234375 0.0395622253417969 -0.0560226440429688
-0.08489990234375 -0.0950088500976563 0.0375480651855469 0.00339126586914062
-0.0305252075195313 -0.140022277832031 0.0190696716308594 0.0413780212402344
0.03375244140625 -0.147918701171875 -0.0207901000976562 0.042327880859375
0.131980895996094 -0.0996475219726563 -0.0337905883789063 0.0395011901855469
0.170806884765625 -0.0737152099609375 -0.0281085968017578 0.0217914581298828
0.207061767578125 -0.0280303955078125 0.0423316955566406 0.0401992797851563
0.196578979492188 0.01611328125 0.0364837646484375 -0.19488525390625
0.133392333984375 -0.01605224609375 0.116233825683594 -0.12493896484375
0.121650695800781 -0.0407180786132813 0.155960083007813 -0.105255126953125
0.0762100219726563 -0.0778579711914063 0.142440795898438 -0.151718139648438
0.038970947265625 -0.076019287109375 0.0953826904296875 -0.145980834960938
-0.0140228271484375 -0.08599853515625 0.0560760498046875 -0.150360107421875
-0.0474929809570313 -0.0854949951171875 0.0396728515625 -0.125831604003906
-0.051483154296875 -0.0814285278320313 0.0477523803710938 -0.0775222778320313
-0.07305908203125 -0.09271240234375 0.0708465576171875 -0.0421829223632813
-0.0570526123046875 -0.11065673828125 0.0655860900878906 0.0155792236328125
-0.003997802734375 -0.141448974609375 0.0426368713378906 0.0497283935546875
0.05120849609375 -0.143035888671875 0.00224304199218751 0.0414886474609375
0.141860961914063 -0.085479736328125 -0.00341224670410155 0.0291576385498047
0.174224853515625 -0.0502471923828125 0.0274696350097656 -0.000284194946289066
0.199493408203125 0.003173828125 0.118980407714844 0.0383529663085938
0.166168212890625 0.05865478515625 0.104232788085938 -0.171188354492188
0.14263916015625 0.03192138671875 0.17364501953125 -0.110870361328125
0.156417846679688 -0.0088653564453125 0.183670043945313 -0.1002197265625
0.121040344238281 -0.0713729858398438 0.154251098632813 -0.141677856445313
0.0758132934570312 -0.0822296142578125 0.0960464477539063 -0.123863220214844
0.020599365234375 -0.1083984375 0.0634994506835937 -0.118881225585938
-0.0143280029296875 -0.111679077148438 0.0568466186523437 -0.090606689453125
-0.0165328979492188 -0.103416442871094 0.0663604736328125 -0.048431396484375
-0.032958984375 -0.114242553710937 0.0909652709960938 -0.0177764892578125
-0.0157318115234375 -0.113746643066406 0.0809860229492188 0.0319900512695312
0.0316085815429688 -0.124015808105469 0.0540809631347656 0.0579490661621094
0.072723388671875 -0.114921569824219 0.0164108276367188 0.041229248046875
0.140594482421875 -0.047454833984375 0.0155677795410156 0.0191364288330078
0.156448364257813 -0.0074310302734375 0.0701560974121094 -0.0156478881835938
0.1639404296875 0.042022705078125 0.18255615234375 0.044525146484375
0.108848571777344 0.0865936279296875 0.15240478515625 -0.137603759765625
0.1180419921875 0.0675277709960938 0.21270751953125 -0.0916595458984375
0.15081787109375 0.023529052734375 0.1915283203125 -0.091217041015625
0.132194519042969 -0.0472640991210938 0.147842407226563 -0.121429443359375
0.093017578125 -0.066314697265625 0.0854644775390625 -0.0913925170898438
0.0511703491210937 -0.104385375976562 0.06231689453125 -0.0754928588867188
0.0215988159179687 -0.1177978515625 0.0654449462890625 -0.0458793640136719
0.0200958251953125 -0.109375 0.0747222900390625 -0.0120773315429688
0.0132293701171875 -0.121437072753906 0.095977783203125 0.0141372680664062
0.0309524536132813 -0.104911804199219 0.0786056518554688 0.0525054931640625
0.0716781616210938 -0.0930633544921875 0.0491981506347656 0.0688209533691406
0.09576416015625 -0.0718612670898438 0.01898193359375 0.0446853637695312
0.130661010742188 0.00524139404296875 0.0232162475585938 0.0164165496826172
0.123992919921875 0.048065185546875 0.09747314453125 -0.0162887573242187
0.107711791992188 0.0818023681640625 0.224960327148438 0.0625457763671875
0.032684326171875 0.0992279052734375 0.168960571289063 -0.10540771484375
0.0636062622070313 0.0865936279296875 0.220672607421875 -0.0740966796875
0.10455322265625 0.0511550903320312 0.178146362304687 -0.08197021484375
0.109275817871094 -0.00860595703125 0.127670288085938 -0.0961990356445313
0.0886611938476563 -0.028411865234375 0.0663642883300781 -0.0593833923339844
0.0752716064453125 -0.0742416381835938 0.0538101196289063 -0.0324554443359375
0.05682373046875 -0.101333618164063 0.0656661987304688 -0.000431060791015631
0.0545806884765625 -0.099212646484375 0.070465087890625 0.0261154174804687
0.0564346313476562 -0.112937927246094 0.0845565795898438 0.0524520874023437
0.070556640625 -0.0874557495117188 0.0592422485351563 0.0777359008789063
0.101028442382813 -0.0568466186523438 0.0307388305664063 0.0831527709960938
0.111328125 -0.025543212890625 0.00957870483398439 0.0553245544433594
0.111885070800781 0.0558242797851563 0.0188636779785156 0.0275745391845703
0.0808486938476563 0.100311279296875 0.106025695800781 0.00528717041015626
0.0396347045898437 0.114883422851563 0.23992919921875 0.09503173828125
-0.0486679077148437 0.096710205078125 0.151382446289063 -0.077880859375
-0.00571441650390624 0.0905532836914063 0.197830200195313 -0.0581207275390625
0.033843994140625 0.0727920532226563 0.147994995117188 -0.0717010498046875
0.0624656677246094 0.0390129089355469 0.100173950195313 -0.074615478515625
0.0690574645996094 0.0231857299804688 0.0442924499511719 -0.037384033203125
0.0913772583007813 -0.0262069702148438 0.038055419921875 -0.000873565673828127
0.0869369506835938 -0.0680389404296875 0.0519180297851563 0.0362663269042969
0.0812759399414063 -0.0731582641601563 0.0555915832519531 0.0591278076171875
0.0867462158203125 -0.0889892578125 0.0619430541992188 0.089385986328125
0.0924301147460938 -0.0630111694335938 0.029754638671875 0.104873657226562
0.11053466796875 -0.0235748291015625 0.00396728515625 0.101737976074219
0.108062744140625 0.0104446411132813 -0.0076141357421875 0.0729904174804688
0.0836944580078125 0.0895462036132813 0.000591278076171883 0.05029296875
0.0308914184570312 0.132514953613281 0.0931167602539063 0.042388916015625
-0.0318679809570312 0.12884521484375 0.224716186523438 0.134597778320313
0.106025695800781 -0.13818359375 -0.21112060546875 -0.146896362304688
-0.0289764404296875 -0.128623962402344 -0.0874404907226563 -0.07415771484375
-0.0756378173828125 -0.0833740234375 0.0273513793945313 -0.0662269592285156
-0.100456237792969 -0.0265274047851563 0.0460281372070312 -0.104263305664063
-0.0878982543945313 0.00996398925781249 0.0334014892578125 -0.132156372070313
-0.0896835327148438 0.056640625 -0.015411376953125 -0.143585205078125
-0.084259033203125 0.0676345825195313 -0.05291748046875 -0.129264831542969
-0.085693359375 0.055328369140625 -0.0478591918945313 -0.0917816162109375
-0.101219177246094 0.0522537231445313 -0.0408134460449219 -0.0548057556152344
-0.100303649902344 0.000877380371093757 -0.0278434753417969 -0.0109043121337891
-0.0826034545898438 -0.0537490844726563 -0.0364265441894531 0.0278129577636719
-0.04290771484375 -0.0830078125 -0.0749893188476563 0.0507049560546875
0.0252838134765625 -0.101997375488281 -0.11737060546875 0.0602951049804687
0.0660400390625 -0.114479064941406 -0.156402587890625 0.070648193359375
0.127143859863281 -0.103187561035156 -0.1107177734375 0.0687103271484375
0.162384033203125 -0.107437133789062 -0.152267456054688 -0.189926147460937
0.029510498046875 -0.112037658691406 -0.037384033203125 -0.115310668945312
-0.0179061889648438 -0.082305908203125 0.0622711181640625 -0.0965499877929687
-0.0541763305664062 -0.04693603515625 0.073699951171875 -0.136688232421875
-0.0542716979980469 -0.0180320739746094 0.05450439453125 -0.154434204101563
-0.0750503540039063 0.0117874145507813 0.00733947753906251 -0.167343139648438
-0.0868682861328125 0.018096923828125 -0.026947021484375 -0.153717041015625
-0.0907516479492188 0.00874328613281248 -0.0214309692382813 -0.108566284179688
-0.112579345703125 0.0015869140625 -0.00936508178710938 -0.0696945190429688
-0.104499816894531 -0.0482711791992188 0.00013542175292968 -0.0149259567260742
-0.0667953491210938 -0.105819702148438 -0.0102558135986328 0.0260124206542969
-0.00794982910156251 -0.130233764648438 -0.0479049682617188 0.040435791015625
0.0866851806640625 -0.116539001464844 -0.0719451904296875 0.047698974609375
0.130210876464844 -0.112846374511719 -0.0957565307617187 0.0457687377929687
0.186248779296875 -0.085113525390625 -0.04144287109375 0.0461387634277344
0.199752807617188 -0.0585784912109375 -0.0763702392578125 -0.214065551757813
0.0904464721679688 -0.0757904052734375 0.0275344848632812 -0.138946533203125
0.0547409057617188 -0.0705032348632813 0.105308532714844 -0.1171875
0.00788116455078126 -0.0674209594726563 0.1046142578125 -0.16241455078125
-0.00931549072265626 -0.0497817993164063 0.071197509765625 -0.167373657226563
-0.0494461059570313 -0.0395889282226563 0.0255126953125 -0.177276611328125
-0.0764694213867188 -0.0363311767578125 -0.00186157226562499 -0.158035278320313
-0.0807876586914062 -0.0387649536132813 0.00673675537109375 -0.108230590820312
-0.107147216796875 -0.0478439331054688 0.0260238647460937 -0.070465087890625
-0.0959930419921875 -0.0853958129882812 0.031707763671875 -0.0103950500488281
-0.0480804443359375 -0.138236999511719 0.017242431640625 0.0301322937011719
0.0155792236328125 -0.15618896484375 -0.0222702026367187 0.03546142578125
0.123268127441406 -0.121559143066406 -0.0321750640869141 0.0330257415771484
0.168060302734375 -0.101974487304688 -0.0323448181152344 0.0166206359863281
0.215301513671875 -0.057861328125 0.0398483276367188 0.0276832580566406
0.209518432617187 -0.0028533935546875 0.00578308105468752 -0.2161865234375
0.137336730957031 -0.0270004272460938 0.097625732421875 -0.14434814453125
0.12432861328125 -0.0510635375976563 0.14691162109375 -0.125381469726563
0.0729141235351562 -0.0847930908203125 0.12939453125 -0.172332763671875
0.0366744995117187 -0.0795745849609375 0.082489013671875 -0.16326904296875
-0.0188446044921875 -0.087005615234375 0.039825439453125 -0.166549682617188
-0.0560531616210938 -0.0859451293945312 0.0210113525390625 -0.141372680664062
-0.0594406127929688 -0.0803985595703125 0.0335159301757813 -0.0913162231445313
-0.0848464965820313 -0.089263916015625 0.0588493347167969 -0.058319091796875
-0.0696945190429688 -0.109062194824219 0.0589866638183594 0.000381469726562493
-0.0195159912109375 -0.147384643554688 0.0397529602050781 0.036346435546875
0.0374908447265625 -0.156631469726563 -0.000385284423828126 0.0325031280517578
0.140838623046875 -0.106048583984375 -0.00342464447021484 0.0174369812011719
0.178543090820313 -0.073577880859375 0.0229892730712891 -0.013580322265625
0.214065551757812 -0.0198211669921875 0.119979858398438 0.0161361694335938
0.186843872070312 0.048553466796875 0.08160400390625 -0.19903564453125
0.157272338867188 0.0231475830078125 0.160842895507813 -0.136672973632813
0.169845581054688 -0.023193359375 0.177017211914063 -0.123138427734375
0.122917175292969 -0.0869903564453125 0.141830444335938 -0.163803100585938
0.0752105712890625 -0.0947265625 0.0845947265625 -0.139068603515625
0.0129241943359375 -0.117576599121094 0.04925537109375 -0.134033203125
-0.0275192260742187 -0.120330810546875 0.041778564453125 -0.1055908203125
-0.0288543701171875 -0.110557556152344 0.0554008483886719 -0.0609207153320313
-0.0477218627929687 -0.119270324707031 0.081695556640625 -0.03369140625
-0.028533935546875 -0.120109558105469 0.0753021240234375 0.0169830322265625
0.02093505859375 -0.137283325195313 0.0510368347167969 0.0452384948730469
0.066802978515625 -0.132225036621094 0.0126953125 0.0304813385009766
0.1475830078125 -0.0657806396484375 0.014836311340332 0.00510311126708984
0.170272827148438 -0.0234527587890625 0.0670280456542969 -0.0350456237792969
0.184661865234375 0.0289459228515625 0.188995361328125 0.01611328125
0.132675170898438 0.0876388549804688 0.139419555664063 -0.168441772460938
0.140167236328125 0.0639877319335938 0.206268310546875 -0.121536254882812
0.17156982421875 0.010345458984375 0.18603515625 -0.115753173828125
0.140495300292969 -0.067291259765625 0.13763427734375 -0.141632080078125
0.0956268310546875 -0.0847396850585937 0.0773162841796875 -0.103240966796875
0.0429611206054687 -0.121902465820312 0.0533447265625 -0.0869369506835938
0.00635528564453125 -0.132919311523438 0.0574722290039063 -0.0573387145996094
0.00655364990234375 -0.122932434082031 0.0682792663574219 -0.0220298767089844
-0.00348663330078126 -0.135185241699219 0.0906600952148438 0.00117492675781249
0.0191421508789062 -0.119407653808594 0.0746994018554688 0.041107177734375
0.0663681030273438 -0.113555908203125 0.0474586486816406 0.0584640502929688
0.098114013671875 -0.0926361083984375 0.0151863098144531 0.0343589782714844
0.147537231445313 -0.0095367431640625 0.0221691131591797 0.00287437438964844
0.146865844726563 0.03997802734375 0.0969772338867188 -0.037933349609375
0.132530212402344 0.0806884765625 0.237747192382812 0.0325775146484375
0.056365966796875 0.109855651855469 0.16412353515625 -0.133804321289063
0.0880279541015625 0.0907440185546875 0.220184326171875 -0.103424072265625
0.129478454589844 0.0439453125 0.173049926757813 -0.104476928710937
0.122772216796875 -0.0267715454101562 0.118354797363281 -0.111846923828125
0.0951995849609375 -0.0472488403320312 0.061004638671875 -0.0656471252441406
0.0690841674804688 -0.0959320068359375 0.0503807067871094 -0.0388259887695313
0.0424270629882812 -0.121421813964844 0.0635185241699219 -0.00804138183593751
0.0408935546875 -0.1171875 0.0703048706054687 0.020294189453125
0.0386810302734375 -0.132888793945313 0.0850753784179688 0.0444717407226562
0.0599594116210937 -0.107933044433594 0.0582809448242188 0.0722274780273438
0.100959777832031 -0.0817947387695313 0.0300369262695313 0.0784225463867188
0.119255065917969 -0.0482330322265625 0.00835800170898438 0.047698974609375
0.1363525390625 0.0456695556640625 0.0198974609375 0.0167388916015625
0.109481811523438 0.100715637207031 0.111167907714844 -0.0143508911132812
0.0662612915039062 0.124031066894531 0.259963989257813 0.066864013671875
-0.0299606323242188 0.117149353027344 0.153778076171875 -0.100006103515625
0.0158767700195312 0.103645324707031 0.201187133789063 -0.0823822021484375
0.057769775390625 0.0746383666992188 0.142868041992188 -0.089202880859375
0.0798568725585938 0.0272216796875 0.0932388305664063 -0.0832290649414062
0.0807723999023438 0.00785064697265625 0.0416946411132813 -0.0371742248535156
0.0897293090820313 -0.04901123046875 0.0397491455078125 -0.00145339965820313
0.0759201049804687 -0.0904006958007813 0.0573921203613281 0.0350379943847656
0.0685806274414063 -0.0938873291015625 0.0614128112792969 0.0592613220214844
0.0716094970703125 -0.112541198730469 0.068023681640625 0.0880279541015625
0.0836029052734375 -0.0856704711914063 0.0324859619140625 0.10693359375
0.112953186035156 -0.04833984375 0.00579071044921876 0.102035522460938
0.119400024414062 -0.0120086669921875 -0.00621032714843749 0.0696983337402344
0.110023498535156 0.082611083984375 0.00554275512695313 0.0449638366699219
0.0609817504882812 0.13970947265625 0.104942321777344 0.0288543701171875
-0.00735473632812501 0.147628784179688 0.2503662109375 0.114410400390625
0.08062744140625 -0.156982421875 -0.236312866210937 -0.1258544921875
-0.0545425415039063 -0.123245239257813 -0.101402282714844 -0.0601959228515625
-0.0947265625 -0.0696563720703125 0.0214653015136719 -0.065399169921875
-0.106498718261719 -0.00413513183593749 0.03961181640625 -0.106170654296875
-0.084503173828125 0.0288162231445313 0.024444580078125 -0.136573791503906
-0.0748825073242188 0.07305908203125 -0.0247802734375 -0.145416259765625
-0.0680618286132812 0.0812911987304688 -0.0655288696289063 -0.12921142578125
-0.071502685546875 0.0687484741210938 -0.05975341796875 -0.0922317504882813
-0.0863571166992188 0.0697555541992188 -0.0510978698730469 -0.0551948547363281
-0.0953750610351563 0.0193252563476562 -0.0323143005371094 -0.0148220062255859
-0.0893096923828125 -0.0345687866210938 -0.0372200012207031 0.025360107421875
-0.058868408203125 -0.0722427368164063 -0.0709609985351563 0.0533981323242188
0.00237274169921874 -0.107429504394531 -0.111801147460937 0.0676803588867188
0.0415802001953125 -0.128593444824219 -0.1531982421875 0.086029052734375
0.107856750488281 -0.127998352050781 -0.110313415527344 0.0804214477539062
0.145111083984375 -0.129302978515625 -0.185317993164063 -0.177200317382812
0.008514404296875 -0.112503051757813 -0.0579986572265625 -0.10894775390625
-0.0322189331054687 -0.073822021484375 0.0510787963867188 -0.101081848144531
-0.0605087280273438 -0.0301246643066406 0.06170654296875 -0.142913818359375
-0.0515899658203125 -0.00368881225585937 0.0410308837890625 -0.161483764648438
-0.0643653869628906 0.0249404907226562 -0.00825500488281252 -0.172943115234375
-0.076812744140625 0.0296096801757812 -0.046417236328125 -0.156875610351563
-0.081573486328125 0.0209197998046875 -0.038330078125 -0.112030029296875
-0.105171203613281 0.0177688598632813 -0.0246963500976563 -0.0738754272460938
-0.105697631835937 -0.0314483642578125 -0.00849914550781251 -0.0230007171630859
-0.07891845703125 -0.0916519165039062 -0.0146694183349609 0.0193519592285156
-0.027313232421875 -0.125389099121094 -0.0480003356933594 0.0384025573730469
0.0664443969726563 -0.129127502441406 -0.0693359375 0.0469627380371094
0.110557556152344 -0.133270263671875 -0.0970611572265625 0.0519027709960937
0.17340087890625 -0.114334106445313 -0.0452079772949219 0.0472183227539063
0.192459106445313 -0.0819854736328125 -0.11346435546875 -0.212677001953125
0.077484130859375 -0.0817489624023438 0.00350189208984376 -0.140472412109375
0.0460052490234375 -0.0712738037109375 0.09136962890625 -0.126670837402344
0.00208663940429687 -0.0598335266113281 0.0877532958984375 -0.172515869140625
-0.00880050659179688 -0.0431556701660156 0.0543212890625 -0.176681518554688
-0.0458755493164063 -0.0318260192871094 0.00575256347656249 -0.184921264648438
-0.0747528076171875 -0.0283966064453125 -0.0250396728515625 -0.1639404296875
-0.08001708984375 -0.0300827026367188 -0.0123214721679688 -0.113739013671875
-0.107551574707031 -0.0348434448242187 0.00854492187499998 -0.0782318115234375
-0.101837158203125 -0.0726242065429687 0.0210533142089844 -0.0210723876953125
-0.0630340576171875 -0.129417419433594 0.0108528137207031 0.0207309722900391
-0.00381469726562498 -0.1572265625 -0.0256843566894531 0.0301990509033203
0.107093811035156 -0.1378173828125 -0.0336265563964844 0.0260944366455078
0.154464721679688 -0.125091552734375 -0.0381736755371094 0.0125083923339844
0.210525512695313 -0.0883331298828125 0.0331401824951172 0.0170421600341797
0.213943481445313 -0.024688720703125 -0.0304718017578125 -0.224288940429688
0.136787414550781 -0.0383377075195313 0.073150634765625 -0.154953002929688
0.123245239257813 -0.0618209838867188 0.131362915039063 -0.140037536621094
0.066864013671875 -0.0889053344726563 0.110076904296875 -0.18585205078125
0.0341644287109375 -0.0823211669921875 0.0641021728515625 -0.173248291015625
-0.0223846435546875 -0.0860137939453125 0.01873779296875 -0.174911499023438
-0.062469482421875 -0.083221435546875 -0.0014495849609375 -0.148590087890625
-0.0659255981445313 -0.0769577026367188 0.01556396484375 -0.0978775024414063
-0.0933074951171875 -0.0821762084960937 0.0409355163574219 -0.0691909790039063
-0.0802459716796875 -0.103469848632813 0.0479278564453125 -0.0121726989746094
-0.0350494384765625 -0.147109985351563 0.0320034027099609 0.0254745483398437
0.0197601318359375 -0.162994384765625 -0.00667762756347656 0.0241184234619141
0.131729125976563 -0.124366760253906 -0.00746822357177734 0.00631570816040038
0.174209594726563 -0.0966796875 0.0135078430175781 -0.0257949829101563
0.217941284179688 -0.0467376708984375 0.113433837890625 -0.004364013671875
0.20159912109375 0.03173828125 0.0506134033203125 -0.216140747070313
0.166900634765625 0.0100555419921875 0.139785766601562 -0.15570068359375
0.176651000976562 -0.0408782958984375 0.160781860351563 -0.142013549804688
0.119041442871094 -0.102142333984375 0.122344970703125 -0.178680419921875
0.070831298828125 -0.105728149414063 0.0692291259765625 -0.149246215820313
0.00295257568359375 -0.124122619628906 0.03094482421875 -0.142349243164063
-0.0420761108398438 -0.122604370117188 0.0226593017578125 -0.112533569335938
-0.0416412353515625 -0.111015319824219 0.0407295227050781 -0.0678787231445313
-0.0633010864257812 -0.119300842285156 0.0666122436523438 -0.045166015625
-0.0429916381835937 -0.1217041015625 0.0647850036621094 0.00514221191406249
0.00691223144531249 -0.144485473632813 0.0435905456542969 0.0348358154296875
0.0540008544921875 -0.145233154296875 0.00476837158203125 0.0218963623046875
0.148101806640625 -0.084716796875 0.00854015350341798 -0.00835227966308594
0.176254272460938 -0.0431976318359375 0.0565414428710938 -0.05279541015625
0.1978759765625 0.009735107421875 0.183975219726562 -0.01251220703125
0.154617309570313 0.079193115234375 0.115325927734375 -0.191177368164063
0.158615112304687 0.0532684326171875 0.189224243164063 -0.146636962890625
0.18646240234375 -0.0091705322265625 0.170806884765625 -0.135726928710938
0.140838623046875 -0.0878753662109375 0.119735717773438 -0.155517578125
0.0922012329101563 -0.101539611816406 0.0646896362304688 -0.110244750976563
0.028961181640625 -0.134468078613281 0.0408172607421875 -0.0939254760742188
-0.0130462646484375 -0.140838623046875 0.04510498046875 -0.0648078918457031
-0.0110015869140625 -0.130027770996094 0.0591468811035156 -0.0282173156738281
-0.0244140625 -0.141738891601562 0.0809478759765625 -0.00857543945312501
0.00271606445312499 -0.128982543945313 0.0671119689941406 0.0321540832519531
0.0537872314453125 -0.129508972167969 0.0416450500488281 0.0508651733398437
0.0915756225585938 -0.11199951171875 0.00753402709960938 0.0266990661621094
0.15802001953125 -0.02862548828125 0.01654052734375 -0.00989627838134766
0.163681030273438 0.02496337890625 0.0888595581054688 -0.0584793090820313
0.154541015625 0.070159912109375 0.237838745117187 -0.000640869140624996
0.0816268920898438 0.111427307128906 0.14923095703125 -0.1585693359375
0.111480712890625 0.0858917236328125 0.208908081054688 -0.129974365234375
0.149978637695313 0.028656005859375 0.159652709960938 -0.1226806640625
0.1280517578125 -0.04833984375 0.104263305664063 -0.121932983398438
0.0950546264648438 -0.0668258666992188 0.0540657043457031 -0.0687103271484375
0.0555267333984375 -0.113983154296875 0.0455856323242188 -0.0436515808105469
0.0215682983398437 -0.134803771972656 0.0597496032714844 -0.0137825012207031
0.0215225219726562 -0.129096984863281 0.068389892578125 0.0158119201660156
0.0158843994140625 -0.14459228515625 0.0824432373046875 0.036773681640625
0.0427627563476563 -0.122566223144531 0.0546417236328125 0.0676307678222656
0.0905380249023437 -0.103408813476562 0.0275039672851563 0.0737380981445313
0.118423461914063 -0.0717239379882812 0.00286865234375001 0.0411605834960937
0.154281616210937 0.027313232421875 0.0174798965454102 0.00571727752685547
0.135505676269531 0.0906753540039063 0.109138488769531 -0.0348587036132812
0.0929794311523438 0.123428344726563 0.266876220703125 0.034942626953125
-0.00469970703125 0.128341674804688 0.146499633789063 -0.12042236328125
0.039794921875 0.107002258300781 0.195877075195313 -0.106521606445313
0.0810546875 0.0676651000976563 0.132461547851563 -0.102645874023437
0.0911712646484375 0.00962066650390625 0.08380126953125 -0.0884552001953125
0.0846328735351563 -0.0107879638671875 0.0391807556152344 -0.0361213684082031
0.079559326171875 -0.069427490234375 0.0418319702148438 -0.00191879272460938
0.0569381713867188 -0.107513427734375 0.0621223449707031 0.03143310546875
0.05029296875 -0.108100891113281 0.0664329528808594 0.0573005676269531
0.048919677734375 -0.127235412597656 0.07293701171875 0.0842208862304687
0.0669174194335938 -0.103103637695313 0.0353622436523438 0.106330871582031
0.105598449707031 -0.07293701171875 0.00782012939453125 0.101913452148438
0.121940612792969 -0.0366134643554688 -0.00666809082031249 0.0663223266601563
0.132095336914063 0.0664215087890625 0.00835418701171876 0.0378761291503906
0.0911331176757812 0.1346435546875 0.110794067382813 0.0116653442382813
0.0221710205078125 0.155364990234375 0.266738891601563 0.087158203125
0.054290771484375 -0.164398193359375 -0.250167846679687 -0.1024169921875
-0.0738296508789063 -0.110885620117187 -0.107513427734375 -0.0452194213867188
-0.105949401855469 -0.0516891479492187 0.0175437927246094 -0.0626106262207031
-0.104484558105469 0.015594482421875 0.0355682373046875 -0.105552673339844
-0.0751800537109375 0.04278564453125 0.017578125 -0.137191772460937
-0.0569839477539062 0.0815505981445313 -0.032012939453125 -0.1451416015625
-0.0499801635742187 0.087158203125 -0.0753707885742188 -0.126228332519531
-0.0554656982421875 0.0749282836914063 -0.0687026977539063 -0.089874267578125
-0.0683517456054687 0.0789794921875 -0.0590972900390625 -0.0533676147460938
-0.084228515625 0.0333938598632813 -0.03729248046875 -0.0178108215332031
-0.0884933471679688 -0.017547607421875 -0.0384941101074219 0.0223121643066406
-0.0678024291992188 -0.0574607849121094 -0.0673789978027344 0.0529899597167969
-0.018035888671875 -0.104400634765625 -0.105400085449219 0.0703659057617187
0.0174713134765625 -0.132209777832031 -0.146881103515625 0.0964508056640625
0.0851287841796875 -0.14129638671875 -0.106887817382813 0.087890625
0.124176025390625 -0.141860961914063 -0.207794189453125 -0.15887451171875
-0.00840759277343751 -0.105491638183594 -0.072174072265625 -0.0972671508789062
-0.0426292419433594 -0.0624656677246094 0.0420761108398437 -0.099884033203125
-0.0601005554199219 -0.0144844055175781 0.05157470703125 -0.143600463867188
-0.0446205139160156 0.00691604614257813 0.02911376953125 -0.162811279296875
-0.0511665344238281 0.032318115234375 -0.0208587646484375 -0.172927856445313
-0.0646896362304687 0.0358390808105469 -0.0619354248046875 -0.154312133789063
-0.0712509155273438 0.0281753540039062 -0.0519790649414062 -0.110435485839844
-0.0926513671875 0.0277633666992188 -0.0382232666015625 -0.0731887817382813
-0.100120544433594 -0.0182647705078125 -0.0177555084228516 -0.0274467468261719
-0.083160400390625 -0.0767059326171875 -0.0197086334228516 0.0147838592529297
-0.0402297973632813 -0.115364074707031 -0.0495071411132812 0.0358161926269531
0.0464935302734375 -0.132667541503906 -0.0681610107421875 0.0438385009765625
0.08831787109375 -0.143508911132813 -0.0976104736328125 0.0550460815429687
0.154632568359375 -0.134170532226563 -0.0499038696289062 0.0475616455078125
0.180145263671875 -0.0977630615234375 -0.142242431640625 -0.200531005859375
0.0664825439453125 -0.0812454223632812 -0.0168914794921875 -0.134819030761719
0.0385284423828125 -0.0685386657714844 0.0781784057617188 -0.128684997558594
-0.000587463378906254 -0.0522079467773437 0.07208251953125 -0.175216674804687
-0.00600814819335938 -0.0376968383789063 0.0392608642578125 -0.178604125976562
-0.0387153625488281 -0.0272560119628906 -0.0103607177734375 -0.184921264648438
-0.070556640625 -0.02362060546875 -0.044586181640625 -0.161911010742188
-0.0759506225585938 -0.0241165161132813 -0.0283279418945313 -0.112899780273438
-0.103347778320313 -0.0257644653320312 -0.008697509765625 -0.0798110961914063
-0.102157592773438 -0.0614395141601563 0.00909805297851562 -0.027191162109375
-0.0713424682617188 -0.118682861328125 0.00245094299316406 0.0148162841796875
-0.0194549560546875 -0.152175903320313 -0.0306205749511719 0.0253868103027344
0.090728759765625 -0.145706176757813 -0.0373725891113281 0.0189971923828125
0.137107849121094 -0.139137268066406 -0.0451393127441406 0.00953674316406248
0.198822021484375 -0.1094970703125 0.0238513946533203 0.0100822448730469
0.211456298828125 -0.042083740234375 -0.0617828369140625 -0.220626831054688
0.13250732421875 -0.0456695556640625 0.050201416015625 -0.156448364257813
0.119850158691406 -0.0686492919921875 0.114883422851563 -0.145004272460938
0.0617294311523438 -0.0896682739257813 0.0919952392578125 -0.1905517578125
0.0325775146484375 -0.0832595825195313 0.048248291015625 -0.17572021484375
-0.0237808227539063 -0.084320068359375 0.000610351562500003 -0.175567626953125
-0.0667953491210938 -0.0789413452148438 -0.0218658447265625 -0.14727783203125
-0.068878173828125 -0.0726165771484375 -0.000892639160156246 -0.0981292724609375
-0.097198486328125 -0.0750045776367187 0.0231475830078125 -0.0714950561523438
-0.0859603881835938 -0.0949859619140625 0.0345211029052734 -0.0182704925537109
-0.0465850830078125 -0.141311645507813 0.0215930938720703 0.0193443298339844
0.00573730468750002 -0.16326904296875 -0.014984130859375 0.0193367004394531
0.119949340820313 -0.136001586914063 -0.0152873992919922 -0.00304031372070313
0.164779663085938 -0.113021850585938 0.00178337097167969 -0.0336933135986328
0.214523315429688 -0.0672760009765625 0.100166320800781 -0.019622802734375
0.209243774414062 0.0157318115234375 0.0200958251953125 -0.219818115234375
0.171310424804688 -0.0025634765625 0.11602783203125 -0.16400146484375
0.178131103515625 -0.0554962158203125 0.143356323242188 -0.15032958984375
0.112236022949219 -0.111801147460937 0.10302734375 -0.183578491210937
0.0660247802734375 -0.113441467285156 0.053314208984375 -0.151199340820313
-0.00568389892578125 -0.126235961914063 0.014251708984375 -0.143096923828125
-0.0538711547851562 -0.121261596679687 0.00547790527343749 -0.113021850585938
-0.05157470703125 -0.109939575195313 0.0270118713378906 -0.0687179565429688
-0.0753250122070313 -0.115135192871094 0.0507125854492187 -0.0490760803222656
-0.0535507202148438 -0.119384765625 0.0516891479492188 -0.000438690185546882
-0.0065765380859375 -0.147262573242188 0.03326416015625 0.0289115905761719
0.04132080078125 -0.1522216796875 -0.00540351867675781 0.0166921615600586
0.143768310546875 -0.099578857421875 -0.00111198425292968 -0.0181007385253906
0.176467895507813 -0.0593109130859375 0.042022705078125 -0.06512451171875
0.203598022460938 -0.0084075927734375 0.1710205078125 -0.0333404541015625
0.170806884765625 0.0665283203125 0.089599609375 -0.20196533203125
0.170028686523437 0.0402374267578125 0.168533325195313 -0.160476684570313
0.19366455078125 -0.0282440185546875 0.154388427734375 -0.145660400390625
0.136367797851563 -0.104293823242188 0.102813720703125 -0.1600341796875
0.0852584838867188 -0.113937377929688 0.0533370971679688 -0.111564636230469
0.0152053833007813 -0.140533447265625 0.028533935546875 -0.095703125
-0.0309600830078125 -0.141815185546875 0.0329627990722656 -0.0664787292480469
-0.0261764526367187 -0.130615234375 0.0500946044921875 -0.0295944213867188
-0.0427093505859375 -0.141159057617188 0.0691795349121094 -0.0131378173828125
-0.01214599609375 -0.1312255859375 0.0567665100097656 0.0283546447753906
0.0400619506835938 -0.138381958007813 0.032684326171875 0.0463905334472656
0.0814895629882813 -0.125450134277344 -0.00204849243164062 0.021636962890625
0.16143798828125 -0.0461578369140625 0.00670623779296876 -0.0193519592285156
0.173904418945312 0.0087432861328125 0.0756072998046875 -0.0727462768554688
0.16949462890625 0.05682373046875 0.227462768554688 -0.0248260498046875
0.102943420410156 0.105545043945312 0.12982177734375 -0.171661376953125
0.129501342773438 0.0761032104492188 0.192626953125 -0.147125244140625
0.162277221679688 0.0103912353515625 0.14434814453125 -0.131362915039062
0.127304077148438 -0.0672225952148438 0.0914230346679688 -0.124229431152344
0.0899200439453125 -0.0825042724609375 0.0477218627929688 -0.0680046081542969
0.0407638549804687 -0.124214172363281 0.0397758483886719 -0.0441627502441406
0.000740051269531247 -0.1397705078125 0.0545387268066406 -0.0164985656738281
0.00253295898437499 -0.132621765136719 0.0651435852050781 0.0136756896972656
-0.0067138671875 -0.147720336914062 0.0772323608398438 0.0328826904296875
0.024658203125 -0.129600524902344 0.0494766235351563 0.0655937194824219
0.07720947265625 -0.117958068847656 0.0224609375 0.070556640625
0.111129760742188 -0.0904922485351563 -0.00392532348632812 0.0371780395507812
0.164199829101563 0.0078277587890625 0.0112648010253906 -0.00309658050537109
0.15380859375 0.075775146484375 0.100799560546875 -0.0506439208984375
0.115554809570313 0.115898132324219 0.262725830078125 0.00854492187500001
0.0187835693359375 0.129890441894531 0.13580322265625 -0.133209228515625
0.06134033203125 0.103492736816406 0.185028076171875 -0.121917724609375
0.0985488891601562 0.0553054809570313 0.120155334472656 -0.1092529296875
0.0956649780273437 -0.00720977783203125 0.0750274658203125 -0.0886764526367188
0.0835037231445313 -0.0263519287109375 0.03802490234375 -0.0333709716796875
0.0660018920898438 -0.082489013671875 0.0428581237792969 -0.00239944458007813
0.03656005859375 -0.115028381347656 0.0641708374023438 0.0280342102050781
0.0317306518554688 -0.113685607910156 0.0690879821777344 0.0553131103515625
0.0261611938476562 -0.132575988769531 0.0749588012695313 0.080902099609375
0.0483551025390625 -0.11199951171875 0.0360336303710938 0.105888366699219
0.0921630859375 -0.0902633666992187 0.00827789306640626 0.1004638671875
0.115814208984375 -0.0568771362304688 -0.00965499877929686 0.0629348754882813
0.145263671875 0.0470733642578125 0.00797271728515626 0.0307064056396484
0.114173889160156 0.122222900390625 0.110359191894531 -0.00389862060546874
0.0468597412109375 0.153182983398438 0.271453857421875 0.06097412109375
0.0335845947265625 -0.16571044921875 -0.256683349609375 -0.083831787109375
-0.086334228515625 -0.097808837890625 -0.109939575195313 -0.0327072143554688
-0.111686706542969 -0.0362930297851563 0.016571044921875 -0.0592727661132813
-0.0991287231445313 0.0310821533203125 0.0352401733398438 -0.104705810546875
-0.065582275390625 0.0519790649414062 0.0143280029296875 -0.137260437011719
-0.0416030883789063 0.0845413208007813 -0.0354766845703125 -0.145233154296875
-0.035552978515625 0.0869369506835938 -0.0814666748046875 -0.124588012695313
-0.0427093505859375 0.0763473510742188 -0.0752334594726563 -0.0881881713867187
-0.0529708862304688 0.08123779296875 -0.0649070739746094 -0.0508995056152344
-0.0735244750976563 0.0406036376953125 -0.0426216125488281 -0.0196456909179687
-0.0831832885742188 -0.00461578369140624 -0.0415267944335938 0.0196304321289063
-0.0723114013671875 -0.044586181640625 -0.0665931701660156 0.0506820678710938
-0.0327224731445312 -0.0980300903320313 -0.102363586425781 0.0692825317382813
-0.001495361328125 -0.131072998046875 -0.142425537109375 0.101486206054688
0.0660552978515625 -0.148147583007813 -0.105201721191406 0.0923614501953125
0.106353759765625 -0.146652221679688 -0.2220458984375 -0.142562866210938
-0.0189056396484375 -0.0960617065429688 -0.0811538696289062 -0.0864028930664063
-0.0475921630859375 -0.0512809753417969 0.0363693237304687 -0.0974655151367188
-0.0559844970703125 -0.00233459472656251 0.0458526611328125 -0.142623901367188
-0.0362396240234375 0.0134849548339844 0.0221405029296875 -0.16180419921875
-0.0391769409179687 0.0344123840332031 -0.028533935546875 -0.172210693359375
-0.0542068481445312 0.0368270874023438 -0.07293701171875 -0.151565551757813
-0.0615577697753906 0.02947998046875 -0.0624618530273438 -0.107856750488281
-0.0818328857421875 0.0314407348632812 -0.0486907958984375 -0.0712432861328125
-0.0929489135742187 -0.0100631713867188 -0.0257797241210938 -0.0296249389648438
-0.0822982788085937 -0.0651702880859375 -0.0268058776855469 0.0118160247802734
-0.0479812622070313 -0.105804443359375 -0.0528640747070313 0.0327301025390625
0.0317535400390625 -0.130752563476563 -0.0699386596679688 0.0397186279296875
0.0706634521484375 -0.14697265625 -0.0994644165039063 0.0570831298828125
0.138351440429688 -0.145217895507812 -0.0540542602539062 0.0482292175292969
0.168914794921875 -0.106582641601562 -0.162002563476563 -0.187973022460938
0.058990478515625 -0.07891845703125 -0.030609130859375 -0.126876831054688
0.0343742370605469 -0.0638236999511719 0.0686798095703125 -0.127525329589844
0.000751495361328126 -0.045074462890625 0.062408447265625 -0.174530029296875
-0.00103950500488282 -0.0340709686279297 0.0295562744140625 -0.177490234375
-0.0321445465087891 -0.0258560180664063 -0.0224151611328125 -0.18316650390625
-0.0658454895019531 -0.021636962890625 -0.0579376220703125 -0.158203125
-0.07110595703125 -0.0220184326171875 -0.0407257080078125 -0.110420227050781
-0.0980224609375 -0.0209579467773438 -0.021331787109375 -0.0778732299804688
-0.0992813110351563 -0.0542449951171875 -0.00211524963378907 -0.0289497375488281
-0.0744476318359375 -0.11004638671875 -0.00683879852294922 0.0120048522949219
-0.028839111328125 -0.145401000976563 -0.0379371643066406 0.0224037170410156
0.0783233642578125 -0.148300170898438 -0.0436935424804687 0.0129966735839844
0.122970581054688 -0.146514892578125 -0.0525245666503906 0.00747680664062499
0.186752319335938 -0.122589111328125 0.0138120651245117 0.00608253479003905
0.208221435546875 -0.0530853271484375 -0.0849761962890625 -0.21258544921875
0.129669189453125 -0.0487136840820312 0.0334320068359375 -0.15191650390625
0.117347717285156 -0.0720138549804688 0.103851318359375 -0.145599365234375
0.0603103637695313 -0.0891647338867188 0.078948974609375 -0.189300537109375
0.0340194702148438 -0.083953857421875 0.0373992919921875 -0.174514770507813
-0.0234527587890625 -0.0841217041015625 -0.012298583984375 -0.173599243164063
-0.0688247680664063 -0.0768890380859375 -0.036041259765625 -0.143142700195313
-0.0699615478515625 -0.0705490112304688 -0.0128021240234375 -0.0950546264648438
-0.0983657836914063 -0.0704498291015625 0.00898742675781249 -0.0704879760742188
-0.0877532958984375 -0.0902786254882813 0.0227031707763672 -0.0199451446533203
-0.0521392822265625 -0.136573791503906 0.0114278793334961 0.0170507431030273
-0.00373840332031249 -0.161163330078125 -0.0246219635009766 0.0165538787841797
0.111557006835938 -0.14208984375 -0.0252361297607422 -0.010162353515625
0.156234741210937 -0.122238159179688 -0.0104255676269531 -0.0385055541992188
0.210006713867188 -0.081207275390625 0.0873947143554688 -0.0274276733398438
0.213851928710938 0.0035400390625 -0.00292968749999999 -0.217727661132813
0.174179077148438 -0.010498046875 0.0982818603515625 -0.164291381835938
0.178253173828125 -0.0664825439453125 0.13055419921875 -0.152130126953125
0.107963562011719 -0.117813110351563 0.0899200439453125 -0.183395385742188
0.0625228881835938 -0.118324279785156 0.0438995361328125 -0.150466918945313
-0.0117950439453125 -0.127731323242188 0.00274658203124998 -0.141311645507812
-0.0624618530273438 -0.119010925292969 -0.00764465332031251 -0.11016845703125
-0.0578842163085938 -0.109245300292969 0.0163421630859375 -0.0664253234863281
-0.0826492309570312 -0.111251831054688 0.0379791259765625 -0.0481719970703125
-0.0599594116210937 -0.116432189941406 0.0406455993652344 -0.00103378295898438
-0.0152435302734375 -0.147048950195313 0.0225658416748047 0.0277252197265625
0.0325469970703125 -0.155731201171875 -0.0163984298706055 0.0144796371459961
0.14080810546875 -0.109786987304688 -0.012176513671875 -0.0248661041259766
0.175460815429688 -0.0711517333984375 0.0278701782226563 -0.072265625
0.206680297851563 -0.0211944580078125 0.157272338867188 -0.0447845458984375
0.1822509765625 0.0560760498046875 0.0684967041015625 -0.204391479492188
0.178665161132813 0.0294952392578125 0.151123046875 -0.165878295898437
0.198440551757813 -0.0433502197265625 0.141357421875 -0.148544311523437
0.131072998046875 -0.11639404296875 0.0902557373046875 -0.159408569335938
0.0794601440429688 -0.122955322265625 0.0462188720703125 -0.11041259765625
0.00415039062500001 -0.144546508789063 0.0202560424804687 -0.09454345703125
-0.044403076171875 -0.140945434570313 0.0237007141113281 -0.0649795532226563
-0.0377120971679687 -0.130523681640625 0.0428657531738281 -0.0282440185546875
-0.055328369140625 -0.138420104980469 0.0592765808105469 -0.0125007629394531
-0.0233230590820313 -0.131431579589844 0.0473060607910156 0.0287437438964844
0.028961181640625 -0.143722534179688 0.0239028930664063 0.0459747314453125
0.0731201171875 -0.134254455566406 -0.0122661590576172 0.0203495025634766
0.163955688476563 -0.0596771240234375 -0.0029926300048828 -0.0257453918457031
0.180465698242187 -0.0048675537109375 0.062774658203125 -0.0817031860351563
0.180068969726563 0.0462799072265625 0.215499877929688 -0.0403289794921875
0.119148254394531 0.0979690551757813 0.114837646484375 -0.177642822265625
0.141921997070312 0.0660247802734375 0.178375244140625 -0.155532836914063
0.1710205078125 -0.0055389404296875 0.133064270019531 -0.134246826171875
0.124710083007813 -0.0817489624023438 0.0822525024414063 -0.122879028320313
0.08447265625 -0.094268798828125 0.045166015625 -0.0663032531738281
0.0267105102539063 -0.130165100097656 0.0362815856933594 -0.0445327758789063
-0.01593017578125 -0.140083312988281 0.0507278442382813 -0.0168991088867188
-0.011505126953125 -0.133026123046875 0.0624160766601563 0.0138092041015625
-0.0233306884765625 -0.145828247070313 0.0712814331054688 0.0328216552734375
0.0104141235351563 -0.131698608398438 0.0433387756347656 0.0670318603515625
0.0648117065429688 -0.126533508300781 0.0159530639648438 0.0716781616210937
0.103034973144531 -0.103363037109375 -0.0117950439453125 0.0354957580566406
0.170074462890625 -0.007476806640625 0.00413513183593751 -0.00948715209960938
0.166915893554688 0.0615234375 0.0913925170898438 -0.0616073608398437
0.131843566894531 0.107666015625 0.2557373046875 -0.00941467285156249
0.03802490234375 0.127143859863281 0.1265869140625 -0.140625
0.078125 0.097198486328125 0.176513671875 -0.13079833984375
0.110763549804688 0.0419540405273438 0.11187744140625 -0.110649108886719
0.0963668823242188 -0.02215576171875 0.0704879760742188 -0.0858154296875
0.0799026489257813 -0.0391769409179688 0.0390777587890625 -0.0302391052246094
0.0531768798828125 -0.09075927734375 0.044464111328125 -0.00278472900390626
0.0195541381835937 -0.117271423339844 0.0656013488769531 0.0261192321777344
0.0158767700195312 -0.115119934082031 0.071075439453125 0.05364990234375
0.00798797607421874 -0.132553100585938 0.07501220703125 0.0795669555664062
0.0325164794921875 -0.115440368652344 0.0345306396484375 0.107475280761719
0.0785751342773438 -0.100883483886719 0.00593566894531249 0.101127624511719
0.108619689941406 -0.0715255737304687 -0.0138626098632812 0.0613899230957031
0.153228759765625 0.0304107666015625 0.00532150268554688 0.0247459411621094
0.130439758300781 0.109222412109375 0.106826782226563 -0.0154495239257812
0.067169189453125 0.148696899414062 0.271209716796875 0.0436553955078125
0.0168914794921875 -0.165863037109375 -0.264389038085937 -0.07171630859375
-0.094573974609375 -0.0871734619140625 -0.111038208007812 -0.0230560302734375
-0.116607666015625 -0.0230941772460937 0.0173149108886719 -0.0574378967285156
-0.0935745239257813 0.0430145263671875 0.0369338989257812 -0.105445861816406
-0.0570716857910156 0.0585479736328125 0.0140914916992188 -0.139213562011719
-0.0292892456054688 0.0859832763671875 -0.03668212890625 -0.148513793945313
-0.0247421264648437 0.0869369506835938 -0.086639404296875 -0.126121520996094
-0.0330429077148438 0.0765457153320313 -0.0809326171875 -0.0883255004882812
-0.0412368774414062 0.0815277099609375 -0.0706634521484375 -0.0501861572265625
-0.0645332336425781 0.0447425842285156 -0.0474052429199219 -0.0212783813476563
-0.0781478881835938 0.00384521484375 -0.0460357666015625 0.0178871154785156
-0.0747222900390625 -0.0348129272460938 -0.0693130493164063 0.049041748046875
-0.0444183349609375 -0.0918350219726562 -0.102691650390625 0.0679168701171875
-0.0164871215820313 -0.128662109375 -0.142486572265625 0.105712890625
0.050506591796875 -0.15362548828125 -0.106033325195313 0.0959930419921875
0.09478759765625 -0.149795532226562 -0.236083984375 -0.131317138671875
-0.0253448486328125 -0.0886764526367188 -0.0877914428710938 -0.0780487060546875
-0.0505828857421875 -0.0413780212402344 0.0345077514648437 -0.0960235595703125
-0.0515823364257813 0.00703048706054687 0.04388427734375 -0.143280029296875
-0.0288047790527344 0.0176677703857422 0.0191497802734375 -0.163040161132813
-0.0296192169189453 0.0346260070800781 -0.0337066650390625 -0.174407958984375
-0.0459976196289062 0.0361785888671875 -0.08172607421875 -0.151718139648438
-0.0546722412109375 0.0292930603027344 -0.0706024169921875 -0.106925964355469
-0.0737762451171875 0.0320510864257813 -0.0571975708007813 -0.0695571899414063
-0.0868759155273438 -0.00580596923828126 -0.0342826843261719 -0.0305290222167969
-0.0805282592773438 -0.0583724975585937 -0.0339851379394531 0.0104885101318359
-0.0526046752929688 -0.0992813110351563 -0.0587806701660156 0.031524658203125
0.0215530395507813 -0.1292724609375 -0.0750885009765625 0.0362548828125
0.0572662353515625 -0.149063110351563 -0.103507995605469 0.0582199096679687
0.126358032226563 -0.152725219726563 -0.059844970703125 0.0495452880859375
0.162841796875 -0.11212158203125 -0.179412841796875 -0.17926025390625
0.0550689697265625 -0.0747833251953125 -0.0409011840820313 -0.120193481445313
0.0333938598632813 -0.0597038269042969 0.0640640258789063 -0.126640319824219
0.00339126586914063 -0.03955078125 0.057525634765625 -0.17498779296875
0.00442886352539063 -0.0330085754394531 0.0244598388671875 -0.178512573242188
-0.0263748168945312 -0.0265178680419922 -0.0298004150390625 -0.184555053710937
-0.0627288818359375 -0.0218696594238281 -0.0687255859375 -0.156707763671875
-0.0682563781738281 -0.0226783752441406 -0.0499801635742187 -0.10821533203125
-0.09490966796875 -0.0197067260742188 -0.0324554443359375 -0.0757217407226563
-0.0970306396484375 -0.0510787963867188 -0.0114860534667969 -0.0293998718261719
-0.0755996704101562 -0.105552673339844 -0.0161552429199219 0.0114564895629883
-0.03399658203125 -0.142471313476563 -0.0464935302734375 0.0211906433105469
0.070526123046875 -0.150970458984375 -0.0520362854003906 0.00782012939453123
0.113693237304688 -0.151626586914063 -0.0617713928222656 0.00645828247070312
0.180694580078125 -0.132614135742188 0.00563621520996095 0.00434255599975585
0.208770751953125 -0.060882568359375 -0.103652954101562 -0.207290649414063
0.13043212890625 -0.0501251220703125 0.0204925537109375 -0.148300170898438
0.118080139160156 -0.0744171142578125 0.097808837890625 -0.145278930664062
0.0606613159179688 -0.08941650390625 0.072540283203125 -0.190185546875
0.0363082885742187 -0.0862808227539063 0.0313720703125 -0.175460815429688
-0.022674560546875 -0.086181640625 -0.021575927734375 -0.17388916015625
-0.0714187622070312 -0.0772323608398438 -0.0469970703125 -0.140945434570313
-0.0715713500976563 -0.0716323852539062 -0.0214080810546875 -0.0932693481445313
-0.100234985351562 -0.0693283081054688 -0.00189590454101563 -0.0676689147949219
-0.0895309448242188 -0.0880508422851562 0.0117912292480469 -0.0186252593994141
-0.0563125610351562 -0.135269165039063 0.00177383422851562 0.0176334381103516
-0.0101165771484375 -0.162460327148438 -0.0348548889160156 0.0156440734863281
0.10821533203125 -0.148513793945313 -0.0360832214355469 -0.0156097412109375
0.152511596679688 -0.130096435546875 -0.022430419921875 -0.0420761108398438
0.209442138671875 -0.09130859375 0.0777130126953125 -0.0326004028320313
0.22015380859375 -0.00567626953125 -0.0208282470703125 -0.215682983398437
0.179107666015625 -0.0160064697265625 0.085418701171875 -0.164749145507813
0.181915283203125 -0.0754241943359375 0.124191284179688 -0.152938842773438
0.106544494628906 -0.124305725097656 0.0832061767578125 -0.184555053710938
0.0614547729492187 -0.124595642089844 0.03900146484375 -0.15045166015625
-0.01580810546875 -0.131195068359375 -0.006103515625 -0.140838623046875
-0.0695571899414063 -0.119400024414063 -0.0170135498046875 -0.107009887695313
-0.0635910034179688 -0.109992980957031 0.00939178466796875 -0.0635185241699219
-0.08953857421875 -0.110641479492188 0.0281867980957031 -0.0450630187988281
-0.065521240234375 -0.116249084472656 0.0305519104003906 0.00123214721679687
-0.021636962890625 -0.149459838867188 0.0131931304931641 0.0301361083984375
0.0268402099609375 -0.161026000976563 -0.0265674591064453 0.0147991180419922
0.141433715820313 -0.11907958984375 -0.0241184234619141 -0.0296058654785156
0.177505493164063 -0.0812530517578125 0.015777587890625 -0.0775527954101563
0.212554931640625 -0.030731201171875 0.147689819335938 -0.052734375
0.19403076171875 0.0480499267578125 0.0538482666015625 -0.206314086914062
0.187789916992188 0.0219268798828125 0.140884399414063 -0.169692993164063
0.20404052734375 -0.0563507080078125 0.134613037109375 -0.150238037109375
0.129196166992188 -0.126838684082031 0.0850067138671875 -0.15960693359375
0.076873779296875 -0.132354736328125 0.0430908203125 -0.110252380371094
-0.00424194335937501 -0.149078369140625 0.01385498046875 -0.0936737060546875
-0.0554962158203125 -0.141754150390625 0.017242431640625 -0.0626068115234375
-0.0468063354492187 -0.13201904296875 0.0386581420898438 -0.0260772705078125
-0.066192626953125 -0.137336730957031 0.0525627136230469 -0.00958633422851563
-0.032257080078125 -0.132720947265625 0.0395889282226563 0.0321540832519531
0.02081298828125 -0.14923095703125 0.0160865783691406 0.0494384765625
0.0672149658203125 -0.1427001953125 -0.0217647552490234 0.0213127136230469
0.167755126953125 -0.0720977783203125 -0.0138301849365234 -0.031097412109375
0.188400268554688 -0.0154571533203125 0.0514755249023438 -0.0893630981445313
0.191421508789063 0.0385284423828125 0.208648681640625 -0.0503387451171875
0.133934020996094 0.0923614501953125 0.104476928710937 -0.183013916015625
0.15472412109375 0.0581207275390625 0.17010498046875 -0.161544799804688
0.1795654296875 -0.0191802978515625 0.127426147460938 -0.135528564453125
0.122970581054688 -0.0941314697265625 0.0796051025390625 -0.122024536132813
0.0809173583984375 -0.104965209960938 0.0444984436035156 -0.0648536682128906
0.0158767700195312 -0.13580322265625 0.0333442687988281 -0.0436439514160156
-0.0289459228515625 -0.140884399414063 0.048248291015625 -0.0158348083496094
-0.0233154296875 -0.133796691894531 0.06182861328125 0.0156135559082031
-0.0367279052734375 -0.145370483398438 0.068511962890625 0.0355987548828125
-0.000190734863281258 -0.133499145507812 0.0389480590820313 0.0721969604492187
0.0547714233398437 -0.134330749511719 0.010223388671875 0.0756301879882812
0.0967636108398438 -0.113990783691406 -0.0191917419433594 0.0369644165039062
0.176925659179688 -0.0219573974609375 -0.00350093841552733 -0.0136995315551758
0.178512573242188 0.050262451171875 0.0840225219726563 -0.0699996948242188
0.146560668945313 0.102096557617188 0.253555297851563 -0.019561767578125
0.0536346435546875 0.124801635742188 0.12255859375 -0.147003173828125
0.0919570922851563 0.0914459228515625 0.172515869140625 -0.138259887695313
0.120864868164063 0.0298843383789063 0.108589172363281 -0.11114501953125
0.096435546875 -0.0345382690429688 0.0705032348632813 -0.0836563110351563
0.0769577026367188 -0.0495834350585938 0.0422210693359375 -0.0286407470703125
0.042449951171875 -0.0967636108398438 0.0465583801269531 -0.00292205810546876
0.00601196289062499 -0.118804931640625 0.0682487487792969 0.02606201171875
0.00446319580078124 -0.116462707519531 0.0742645263671875 0.0550079345703125
-0.00653839111328124 -0.131790161132812 0.0750503540039062 0.0819244384765625
0.0201950073242187 -0.117080688476563 0.0332489013671875 0.112602233886719
0.0684890747070312 -0.108711242675781 0.00247955322265625 0.104049682617188
0.102828979492188 -0.0823898315429688 -0.0193328857421875 0.0619697570800781
0.16021728515625 0.01678466796875 0.00152587890625001 0.0201683044433594
0.144607543945313 0.098663330078125 0.104339599609375 -0.0248489379882812
0.0830841064453125 0.144317626953125 0.2742919921875 0.0323333740234375
0.00134277343749999 -0.167526245117188 -0.277297973632813 -0.0600585937500001
-0.104240417480469 -0.0782241821289063 -0.114517211914063 -0.0142974853515625
-0.121391296386719 -0.00997161865234376 0.0187492370605469 -0.0568809509277344
-0.088775634765625 0.0549850463867187 0.0386428833007812 -0.109931945800781
-0.0496864318847656 0.0653800964355469 0.0132904052734375 -0.145065307617188
-0.0185089111328125 0.08740234375 -0.040130615234375 -0.155487060546875
-0.014068603515625 0.0862503051757813 -0.0949325561523438 -0.129936218261719
-0.0242538452148437 0.077362060546875 -0.0895462036132813 -0.0897445678710937
-0.0307846069335938 0.0818023681640625 -0.0776443481445313 -0.0492782592773437
-0.0570640563964844 0.0484504699707031 -0.0547714233398438 -0.0219841003417969
-0.0740585327148438 0.0112457275390625 -0.0519332885742188 0.01800537109375
-0.0766220092773438 -0.0253677368164063 -0.07415771484375 0.0496444702148438
-0.0556564331054688 -0.0864334106445312 -0.107101440429688 0.0695266723632813
-0.0313873291015625 -0.126609802246094 -0.144302368164063 0.112777709960937
0.0359039306640625 -0.159805297851562 -0.109298706054688 0.102195739746094
0.0843505859375 -0.154830932617188 -0.2532958984375 -0.121734619140625
-0.0314407348632812 -0.0823974609375 -0.0952911376953125 -0.070098876953125
-0.0529632568359375 -0.0325164794921875 0.0333023071289063 -0.0960922241210938
-0.0461044311523438 0.0155868530273437 0.042755126953125 -0.147964477539063
-0.0221405029296875 0.0210208892822266 0.016082763671875 -0.16864013671875
-0.0212287902832031 0.0341396331787109 -0.0401611328125 -0.180740356445312
-0.040008544921875 0.0356369018554687 -0.0930023193359375 -0.15386962890625
-0.0495872497558594 0.0290985107421875 -0.0809326171875 -0.10784912109375
-0.068389892578125 0.0324516296386719 -0.0669441223144531 -0.0683326721191406
-0.0830841064453125 -0.00337219238281248 -0.0429573059082031 -0.0312156677246094
-0.0798416137695313 -0.0536575317382812 -0.0418052673339844 0.0112419128417969
-0.0564804077148438 -0.0941848754882812 -0.0660476684570313 0.031768798828125
0.01251220703125 -0.129302978515625 -0.082672119140625 0.0352554321289063
0.04547119140625 -0.152175903320313 -0.111106872558594 0.0631561279296875
0.11651611328125 -0.162918090820313 -0.0662384033203125 0.0527458190917969
0.159866333007813 -0.119873046875 -0.1995849609375 -0.171966552734375
0.0541305541992188 -0.073272705078125 -0.0514068603515625 -0.114692687988281
0.0336837768554687 -0.0569000244140625 0.061370849609375 -0.12835693359375
0.007659912109375 -0.0365028381347656 0.0537872314453125 -0.1800537109375
0.00992393493652344 -0.0342826843261719 0.0194244384765625 -0.183486938476563
-0.0223770141601563 -0.0289516448974609 -0.038787841796875 -0.188827514648438
-0.0617294311523437 -0.0231132507324219 -0.0811614990234375 -0.156982421875
-0.0675239562988281 -0.0239830017089844 -0.0600662231445313 -0.108039855957031
-0.0945892333984375 -0.0198974609375 -0.0426101684570313 -0.07354736328125
-0.0973434448242188 -0.0499191284179687 -0.0209255218505859 -0.0287380218505859
-0.0784378051757812 -0.104194641113281 -0.0242786407470703 0.0137653350830078
-0.04022216796875 -0.141921997070313 -0.0564994812011719 0.0226325988769531
0.0645904541015625 -0.156326293945313 -0.0629615783691406 0.00523757934570312
0.106674194335938 -0.159698486328125 -0.0720977783203125 0.00793457031249999
0.17718505859375 -0.14520263671875 -0.00313901901245116 0.00316524505615234
0.212966918945313 -0.0705413818359375 -0.124099731445312 -0.203125
0.13385009765625 -0.0535736083984375 0.0093841552734375 -0.146560668945313
0.122512817382813 -0.079376220703125 0.094390869140625 -0.148727416992188
0.0628128051757813 -0.0924224853515625 0.0675201416015625 -0.195159912109375
0.0387420654296875 -0.0922622680664063 0.025634765625 -0.179473876953125
-0.0233383178710937 -0.0905685424804688 -0.031341552734375 -0.176513671875
-0.0754318237304687 -0.0780258178710938 -0.05914306640625 -0.139915466308594
-0.0754241943359375 -0.0740432739257813 -0.03082275390625 -0.091278076171875
-0.104736328125 -0.069854736328125 -0.0113105773925781 -0.0650711059570312
-0.0941390991210938 -0.0884170532226563 0.00345611572265624 -0.0169305801391602
-0.0619125366210938 -0.138008117675781 -0.00671958923339844 0.0210628509521484
-0.0164642333984375 -0.166290283203125 -0.0457382202148438 0.0179939270019531
0.105194091796875 -0.158248901367188 -0.0486030578613281 -0.0184097290039063
0.150253295898438 -0.140640258789063 -0.0347518920898437 -0.0442276000976563
0.212539672851563 -0.104248046875 0.0694503784179688 -0.0371284484863281
0.230850219726563 -0.0156097412109375 -0.0392608642578125 -0.21624755859375
0.18743896484375 -0.0229034423828125 0.075927734375 -0.16650390625
0.188400268554688 -0.0870208740234375 0.120986938476563 -0.157546997070313
0.107254028320312 -0.133964538574219 0.078582763671875 -0.188583374023438
0.0611114501953125 -0.134834289550781 0.03436279296875 -0.153976440429688
-0.0219573974609375 -0.137229919433594 -0.0147857666015625 -0.142684936523438
-0.0787734985351563 -0.121017456054688 -0.0261154174804688 -0.105903625488281
-0.0719528198242188 -0.112930297851563 0.00333404541015624 -0.0618324279785156
-0.0987014770507813 -0.11053466796875 0.020843505859375 -0.0418167114257813
-0.0727157592773438 -0.117988586425781 0.0235042572021484 0.00531196594238281
-0.028656005859375 -0.15447998046875 0.0055389404296875 0.0348930358886719
0.020172119140625 -0.168792724609375 -0.0372085571289063 0.0180549621582031
0.143203735351563 -0.132354736328125 -0.037200927734375 -0.0334205627441406
0.181976318359375 -0.094207763671875 0.0026397705078125 -0.0831375122070313
0.222244262695313 -0.0423126220703125 0.141265869140625 -0.06121826171875
0.208419799804688 0.0383758544921875 0.0395965576171875 -0.211074829101563
0.200546264648438 0.01263427734375 0.13226318359375 -0.175445556640625
0.212844848632812 -0.07196044921875 0.131637573242188 -0.154388427734375
0.127944946289063 -0.140762329101563 0.08148193359375 -0.1627197265625
0.0736083984375 -0.14501953125 0.0418701171875 -0.1126708984375
-0.0135498046875 -0.155715942382812 0.0085296630859375 -0.094573974609375
-0.0687408447265625 -0.142547607421875 0.0116691589355469 -0.0608749389648438
-0.0579833984375 -0.134544372558594 0.0367012023925781 -0.0238914489746094
-0.078277587890625 -0.137924194335938 0.0484580993652344 -0.00570678710937501
-0.0415420532226562 -0.135879516601563 0.0348625183105469 0.0385398864746094
0.0127716064453125 -0.156814575195313 0.00974273681640625 0.0557518005371094
0.0611572265625 -0.153900146484375 -0.0313320159912109 0.0249176025390625
0.173873901367188 -0.086700439453125 -0.0250892639160156 -0.0340175628662109
0.198104858398438 -0.02886962890625 0.0410842895507813 -0.0966644287109375
0.205947875976562 0.029083251953125 0.206146240234375 -0.06134033203125
0.150466918945312 0.08624267578125 0.09588623046875 -0.190032958984375
0.169403076171875 0.0498504638671875 0.165267944335938 -0.171340942382813
0.190383911132813 -0.0353546142578125 0.124900817871094 -0.13934326171875
0.122085571289063 -0.109306335449219 0.0776138305664063 -0.124214172363281
0.0764236450195313 -0.117683410644531 0.0462570190429688 -0.0664138793945313
0.0045013427734375 -0.142105102539063 0.031982421875 -0.0440902709960938
-0.0435638427734375 -0.141952514648438 0.0477828979492188 -0.0154647827148438
-0.0354156494140625 -0.136764526367188 0.0633277893066406 0.0173568725585937
-0.0503082275390625 -0.146392822265625 0.0681800842285156 0.0397071838378906
-0.011962890625 -0.137031555175781 0.03765869140625 0.0790557861328125
0.04608154296875 -0.1431884765625 0.00610351562499999 0.0821075439453125
0.0916595458984375 -0.126373291015625 -0.0273094177246094 0.0409469604492187
0.18499755859375 -0.037017822265625 -0.0119667053222656 -0.0175800323486328
0.192779541015625 0.0377655029296875 0.0771865844726563 -0.078948974609375
0.164932250976563 0.0950164794921875 0.256576538085938 -0.03179931640625
0.0694656372070313 0.122581481933594 0.119033813476562 -0.155563354492188
0.106849670410156 0.0859603881835937 0.171234130859375 -0.149581909179688
0.131805419921875 0.0171890258789063 0.107696533203125 -0.113624572753906
0.09649658203125 -0.0477676391601563 0.0721206665039063 -0.0844955444335938
0.0746078491210938 -0.0606155395507813 0.0470771789550781 -0.0282974243164063
0.0320510864257812 -0.103660583496094 0.0498161315917969 -0.00296020507812501
-0.00732421875000001 -0.120109558105469 0.0725936889648438 0.0255203247070312
-0.00823211669921876 -0.118087768554688 0.0795669555664063 0.0561981201171875
-0.019683837890625 -0.132431030273438 0.079010009765625 0.0861434936523437
0.00854492187500001 -0.119956970214844 0.034637451171875 0.120513916015625
0.0586624145507813 -0.117149353027344 0.000732421875000006 0.110702514648437
0.0973663330078125 -0.0944976806640625 -0.0240821838378906 0.0652580261230469
0.1689453125 0.00189208984375 -0.00298023223876952 0.0175399780273438
0.15899658203125 0.0874176025390625 0.103416442871094 -0.0341339111328125
0.10125732421875 0.141510009765625 0.283172607421875 0.020355224609375
-0.016937255859375 -0.1693115234375 -0.2930908203125 -0.0417480468750001
-0.113571166992187 -0.0668411254882813 -0.117439270019531 -0.00337219238281249
-0.125251770019531 0.0063934326171875 0.0193405151367187 -0.0585060119628906
-0.08245849609375 0.06756591796875 0.0384140014648438 -0.117218017578125
-0.0412979125976563 0.071807861328125 0.00874328613281251 -0.152877807617188
-0.00644683837890625 0.0874252319335938 -0.0478668212890625 -0.163467407226563
-0.00377655029296874 0.0860977172851563 -0.107414245605469 -0.132095336914063
-0.0155410766601562 0.0771560668945313 -0.100746154785156 -0.0895462036132813
-0.0206680297851562 0.0815582275390625 -0.0865249633789063 -0.0469818115234375
-0.0488967895507812 0.0523414611816406 -0.0620803833007812 -0.0216903686523437
-0.0701904296875 0.0191078186035156 -0.0572776794433594 0.0200119018554687
-0.0784759521484375 -0.0160369873046875 -0.0788345336914063 0.0532989501953125
-0.0672683715820313 -0.0782318115234375 -0.111038208007813 0.0741195678710937
-0.04742431640625 -0.122810363769531 -0.146270751953125 0.124008178710938
0.01837158203125 -0.166152954101563 -0.111259460449219 0.111488342285156
0.0717010498046875 -0.161392211914063 -0.275054931640625 -0.105560302734375
-0.0377044677734375 -0.0764007568359375 -0.103675842285156 -0.0604629516601562
-0.0545654296875 -0.0225143432617187 0.030975341796875 -0.0991134643554688
-0.0403900146484375 0.0234375 0.0383453369140625 -0.154678344726563
-0.0144729614257813 0.0233211517333984 0.00926208496093748 -0.175613403320313
-0.0130062103271484 0.0322208404541016 -0.050811767578125 -0.186721801757813
-0.0342826843261719 0.0347442626953125 -0.108489990234375 -0.154800415039063
-0.0457420349121094 0.0290260314941406 -0.0937957763671875 -0.106513977050781
-0.0633888244628906 0.0335006713867188 -0.0778579711914062 -0.0654754638671875
-0.0801620483398438 -0.000244140625000001 -0.0523910522460938 -0.02996826171875
-0.080810546875 -0.0495223999023438 -0.0488204956054688 0.0140571594238281
-0.0625228881835938 -0.0893707275390625 -0.0735321044921875 0.0360488891601562
0.00170135498046874 -0.130088806152344 -0.091400146484375 0.038116455078125
0.031890869140625 -0.156448364257813 -0.116905212402344 0.0713653564453125
0.104690551757812 -0.175628662109375 -0.0725555419921875 0.058380126953125
0.156082153320313 -0.130905151367188 -0.223983764648438 -0.159652709960937
0.052154541015625 -0.0731430053710938 -0.0631790161132813 -0.107833862304688
0.034942626953125 -0.0556221008300781 0.0570526123046875 -0.132957458496094
0.0119876861572266 -0.0344772338867188 0.0466156005859375 -0.187713623046875
0.0146408081054688 -0.0369110107421875 0.0111541748046875 -0.190277099609375
-0.0193080902099609 -0.0325298309326172 -0.0518035888671875 -0.193649291992188
-0.0622749328613281 -0.0233955383300781 -0.0971832275390625 -0.156326293945312
-0.0688858032226563 -0.0248260498046875 -0.07305908203125 -0.106529235839844
-0.0960311889648438 -0.0189132690429688 -0.0544357299804688 -0.0704421997070313
-0.100242614746094 -0.0473556518554688 -0.0305461883544922 -0.0261135101318359
-0.0841064453125 -0.102951049804688 -0.0322551727294922 0.0178775787353516
-0.048797607421875 -0.142410278320313 -0.0651817321777344 0.0272140502929687
0.05609130859375 -0.164230346679688 -0.0751876831054688 0.00661468505859372
0.096649169921875 -0.169769287109375 -0.0828704833984375 0.0119705200195312
0.171920776367188 -0.1611328125 -0.0113439559936523 0.00414371490478515
0.216995239257813 -0.08502197265625 -0.1488037109375 -0.196823120117188
0.138107299804688 -0.059844970703125 -0.003326416015625 -0.143768310546875
0.125045776367187 -0.0877532958984375 0.08990478515625 -0.154983520507813
0.0643844604492188 -0.0982666015625 0.059234619140625 -0.203323364257813
0.0398941040039063 -0.100288391113281 0.017120361328125 -0.186141967773438
-0.0262680053710937 -0.0962371826171875 -0.0447235107421875 -0.179794311523438
-0.0823745727539063 -0.078765869140625 -0.0735549926757813 -0.138252258300781
-0.0825424194335938 -0.0751876831054687 -0.041046142578125 -0.0898590087890625
-0.112411499023437 -0.0680160522460938 -0.02117919921875 -0.0616264343261719
-0.101028442382813 -0.08721923828125 -0.00462913513183594 -0.0135250091552734
-0.0710601806640625 -0.139633178710938 -0.0135955810546875 0.0269012451171875
-0.0267333984375 -0.171127319335938 -0.0557022094726563 0.0235404968261719
0.100662231445313 -0.171844482421875 -0.0635719299316406 -0.0181922912597656
0.146133422851563 -0.155624389648438 -0.0492706298828125 -0.0446434020996094
0.214981079101563 -0.122634887695312 0.0607795715332031 -0.0427398681640625
0.2420654296875 -0.030792236328125 -0.0616455078125 -0.215576171875
0.196807861328125 -0.0343780517578125 0.063385009765625 -0.169601440429688
0.194076538085937 -0.103851318359375 0.116073608398438 -0.164657592773438
0.105560302734375 -0.145782470703125 0.0705108642578125 -0.196914672851563
0.0578765869140625 -0.147232055664062 0.02667236328125 -0.160507202148437
-0.03106689453125 -0.143356323242188 -0.0262603759765625 -0.143951416015625
-0.0906982421875 -0.120574951171875 -0.0368423461914063 -0.103271484375
-0.0835494995117188 -0.1138916015625 -0.00311279296875 -0.0606307983398438
-0.110397338867188 -0.10955810546875 0.0138053894042969 -0.0387115478515625
-0.0829544067382813 -0.118858337402344 0.0181026458740234 0.0101089477539062
-0.03961181640625 -0.160171508789063 0.000251770019531249 0.0414619445800781
0.0106201171875 -0.178329467773437 -0.0470695495605469 0.0240821838378906
0.142974853515625 -0.149810791015625 -0.0520896911621094 -0.033599853515625
0.184722900390625 -0.11114501953125 -0.0129165649414062 -0.0867538452148437
0.232467651367187 -0.0594635009765625 0.135223388671875 -0.0719375610351562
0.224884033203125 0.025482177734375 0.0216827392578125 -0.21600341796875
0.213592529296875 -0.0010223388671875 0.122283935546875 -0.184173583984375
0.220901489257813 -0.0937652587890625 0.127639770507813 -0.162857055664063
0.12420654296875 -0.15704345703125 0.075775146484375 -0.170089721679688
0.0672607421875 -0.159957885742188 0.0371551513671875 -0.117225646972656
-0.0270538330078125 -0.161880493164063 0.000915527343749993 -0.0954666137695313
-0.08416748046875 -0.1424560546875 0.00646209716796875 -0.0599288940429687
-0.0719757080078125 -0.135963439941406 0.0344676971435547 -0.0225982666015625
-0.0936813354492187 -0.136795043945313 0.0460624694824219 -0.00226974487304688
-0.0541763305664062 -0.138008117675781 0.0330352783203125 0.0453262329101562
0.000213623046875008 -0.16546630859375 0.00637817382812501 0.0630722045898437
0.0526123046875 -0.165924072265625 -0.0400123596191406 0.0316810607910156
0.17803955078125 -0.106704711914063 -0.0383949279785156 -0.0353126525878906
0.207550048828125 -0.0474700927734375 0.0273666381835938 -0.103790283203125
0.222381591796875 0.0143585205078125 0.20391845703125 -0.0755462646484375
0.168777465820313 0.076904296875 0.0833282470703125 -0.199676513671875
0.185516357421875 0.0372314453125 0.157958984375 -0.183639526367188
0.19952392578125 -0.0571136474609375 0.1224365234375 -0.147308349609375
0.118598937988281 -0.126182556152344 0.075531005859375 -0.129592895507813
0.070220947265625 -0.132545471191406 0.0466804504394531 -0.0695304870605469
-0.0102691650390625 -0.148468017578125 0.0305595397949219 -0.0448455810546875
-0.06048583984375 -0.142105102539063 0.048004150390625 -0.0147132873535156
-0.0506515502929688 -0.137931823730469 0.0664215087890625 0.0182228088378906
-0.0668182373046875 -0.145111083984375 0.0704727172851563 0.042999267578125
-0.02484130859375 -0.139190673828125 0.0388336181640625 0.0874404907226562
0.0339202880859375 -0.153167724609375 0.00516510009765625 0.0910186767578125
0.0838775634765625 -0.140426635742188 -0.0340423583984375 0.0468292236328125
0.192596435546875 -0.0578765869140625 -0.0216541290283203 -0.019439697265625
0.206771850585938 0.0200347900390625 0.0687103271484375 -0.0893402099609375
0.184646606445313 0.084686279296875 0.260345458984375 -0.04864501953125
0.0871734619140625 0.118804931640625 0.113616943359375 -0.166641235351563
0.122955322265625 0.0768051147460937 0.167572021484375 -0.164093017578125
0.1417236328125 7.62939453125E-05 0.106895446777344 -0.11962890625
0.0947036743164063 -0.0622177124023438 0.0737533569335938 -0.0879592895507813
0.069915771484375 -0.0728836059570313 0.0515708923339844 -0.0311965942382813
0.0193939208984375 -0.108818054199219 0.0530281066894531 -0.00462722778320313
-0.02294921875 -0.120552062988281 0.0783920288085938 0.023956298828125
-0.0219573974609375 -0.119064331054688 0.0873565673828125 0.0565338134765625
-0.035491943359375 -0.1309814453125 0.0866546630859375 0.08941650390625
-0.0046234130859375 -0.12176513671875 0.0408706665039062 0.129814147949219
0.0472946166992188 -0.126007080078125 0.001983642578125 0.119926452636719
0.08953857421875 -0.107948303222656 -0.0279617309570312 0.07122802734375
0.176132202148438 -0.0169525146484375 -0.00798892974853514 0.0154428482055664
0.175567626953125 0.073394775390625 0.10101318359375 -0.045654296875
0.122138977050781 0.136177062988281 0.294189453125 0.00228881835937501
-0.038330078125 -0.1661376953125 -0.304595947265625 -0.0156249999999999
-0.121429443359375 -0.0520782470703125 -0.118202209472656 0.0104141235351562
-0.125083923339844 0.0245819091796875 0.0181159973144531 -0.0605430603027344
-0.0720977783203125 0.079620361328125 0.034027099609375 -0.123847961425781
-0.0297927856445312 0.0767822265625 0.000656127929687498 -0.1590576171875
0.006378173828125 0.085235595703125 -0.06011962890625 -0.16845703125
0.00841522216796875 0.0828094482421875 -0.122093200683594 -0.129638671875
-0.00553131103515625 0.0759735107421875 -0.112922668457031 -0.0848236083984375
-0.009918212890625 0.0796890258789063 -0.0949172973632813 -0.041351318359375
-0.0398712158203125 0.0550765991210938 -0.0698585510253906 -0.0187149047851562
-0.0643234252929687 0.0264472961425781 -0.0620307922363281 0.0240211486816406
-0.0780868530273438 -0.0049285888671875 -0.081573486328125 0.0600433349609375
-0.0776901245117188 -0.0676498413085937 -0.112937927246094 0.0822677612304688
-0.063720703125 -0.114189147949219 -0.142974853515625 0.137771606445312
-0.00305175781250002 -0.168228149414063 -0.108711242675781 0.122795104980469
0.0559234619140625 -0.166168212890625 -0.2928466796875 -0.079620361328125
-0.0433197021484375 -0.0682144165039063 -0.110260009765625 -0.0468215942382812
-0.0535430908203125 -0.0113487243652344 0.0254440307617188 -0.101608276367188
-0.031951904296875 0.0307064056396484 0.0303802490234375 -0.160736083984375
-0.00628852844238281 0.0240917205810547 -0.00155639648437501 -0.181365966796875
-0.00462722778320312 0.0289440155029297 -0.0659332275390625 -0.190261840820313
-0.0280933380126953 0.0339546203613281 -0.125518798828125 -0.149581909179687
-0.0407485961914062 0.0284538269042969 -0.10821533203125 -0.100502014160156
-0.0587348937988281 0.0337486267089844 -0.0892181396484375 -0.0592498779296875
-0.077362060546875 0.00330352783203124 -0.0618858337402344 -0.0254135131835938
-0.0817642211914063 -0.04364013671875 -0.0546417236328125 0.0192108154296875
-0.0679244995117188 -0.0826797485351562 -0.0802001953125 0.042755126953125
-0.0103225708007812 -0.128044128417969 -0.099029541015625 0.0441818237304688
0.0160064697265625 -0.156509399414063 -0.120597839355469 0.082366943359375
0.086700439453125 -0.186386108398438 -0.0753555297851563 0.0660324096679687
0.147201538085938 -0.143295288085937 -0.24737548828125 -0.137588500976562
0.0496826171875 -0.0735549926757813 -0.0745162963867187 -0.0973358154296875
0.0353546142578125 -0.0544471740722656 0.0499267578125 -0.136390686035156
0.0162410736083984 -0.0335636138916016 0.0350341796875 -0.194229125976563
0.0179176330566406 -0.0410575866699219 -0.00195312500000001 -0.194931030273438
-0.0177536010742188 -0.0365982055664063 -0.068572998046875 -0.19500732421875
-0.0625801086425781 -0.0227928161621094 -0.115081787109375 -0.150466918945313
-0.0709304809570313 -0.0241928100585938 -0.0865325927734375 -0.100791931152344
-0.098175048828125 -0.0153350830078125 -0.0659561157226563 -0.064056396484375
-0.102569580078125 -0.04278564453125 -0.0395774841308594 -0.0213851928710938
-0.0911636352539063 -0.0991134643554687 -0.0380821228027344 0.0240402221679687
-0.0587234497070313 -0.140373229980469 -0.0736846923828125 0.0351715087890625
0.043426513671875 -0.17071533203125 -0.08721923828125 0.0117950439453125
0.0819244384765625 -0.178619384765625 -0.0930023193359375 0.0201339721679688
0.159149169921875 -0.17852783203125 -0.0192375183105469 0.00620460510253905
0.216354370117188 -0.1029052734375 -0.174636840820312 -0.181594848632812
0.139450073242188 -0.0682754516601563 -0.0178756713867187 -0.138374328613281
0.125236511230469 -0.0977096557617188 0.0813446044921875 -0.161392211914063
0.0624008178710937 -0.104385375976562 0.0460052490234375 -0.210281372070313
0.0364532470703125 -0.108734130859375 0.00372314453124999 -0.190399169921875
-0.0323562622070313 -0.0992965698242188 -0.061248779296875 -0.178329467773438
-0.0897216796875 -0.075531005859375 -0.0887527465820313 -0.131607055664063
-0.0902175903320313 -0.0731430053710937 -0.0519180297851563 -0.0850067138671875
-0.120712280273438 -0.0629196166992187 -0.0308151245117187 -0.0569419860839844
-0.108787536621094 -0.0833206176757813 -0.0115976333618164 -0.00824165344238281
-0.0824203491210938 -0.138267517089844 -0.0180931091308594 0.0333328247070312
-0.03985595703125 -0.173446655273438 -0.0643501281738281 0.0320854187011719
0.0894775390625 -0.1846923828125 -0.0780792236328125 -0.0132522583007813
0.1361083984375 -0.17041015625 -0.0640144348144531 -0.0398139953613281
0.210525512695313 -0.1434326171875 0.0503883361816406 -0.0475502014160156
0.249160766601563 -0.05169677734375 -0.0862274169921875 -0.207931518554688
0.20233154296875 -0.0508270263671875 0.047607421875 -0.170089721679688
0.19415283203125 -0.124298095703125 0.106903076171875 -0.172958374023438
0.0978240966796875 -0.1588134765625 0.0582122802734375 -0.20355224609375
0.048614501953125 -0.159408569335938 0.015472412109375 -0.16448974609375
-0.0437164306640625 -0.145828247070313 -0.0398712158203125 -0.14202880859375
-0.104263305664063 -0.116287231445313 -0.0483322143554687 -0.0978469848632813
-0.0960617065429687 -0.111221313476563 -0.00970077514648438 -0.0572395324707031
-0.123939514160156 -0.103019714355469 0.00827598571777343 -0.0344772338867188
-0.0949172973632813 -0.115097045898438 0.01470947265625 0.0163602828979492
-0.053924560546875 -0.162399291992187 -0.00214004516601563 0.0489273071289062
-0.00376892089843749 -0.184814453125 -0.0550460815429687 0.0331916809082031
0.135696411132813 -0.16851806640625 -0.0678024291992188 -0.0299758911132813
0.180816650390625 -0.131195068359375 -0.02972412109375 -0.0865478515625
0.236343383789063 -0.082244873046875 0.124488830566406 -0.0837249755859375
0.237213134765625 0.0050048828125 0.00018310546875 -0.21612548828125
0.22314453125 -0.02056884765625 0.106201171875 -0.19158935546875
0.2213134765625 -0.119735717773438 0.11932373046875 -0.171951293945313
0.114227294921875 -0.1746826171875 0.0659942626953125 -0.17657470703125
0.05426025390625 -0.174041748046875 0.0304641723632812 -0.121299743652344
-0.0439910888671875 -0.164260864257813 -0.00786590576171876 -0.0935897827148438
-0.101631164550781 -0.136970520019531 0.000499725341796867 -0.0565414428710938
-0.0884628295898438 -0.133132934570313 0.0333957672119141 -0.0218944549560547
-0.110618591308594 -0.130699157714844 0.0442543029785156 0.000553131103515617
-0.0691986083984375 -0.136032104492188 0.0343055725097656 0.0513153076171875
-0.0150604248046875 -0.170516967773438 0.00631713867187501 0.0713653564453125
0.0386810302734375 -0.177078247070312 -0.0464630126953125 0.0402565002441406
0.174453735351563 -0.129669189453125 -0.0528297424316406 -0.0327224731445313
0.210968017578125 -0.070220947265625 0.0106430053710938 -0.107994079589844
0.2344970703125 -0.0071258544921875 0.196334838867188 -0.09332275390625
0.18603515625 0.0607757568359375 0.06640625 -0.206344604492188
0.197525024414063 0.01806640625 0.144058227539063 -0.196380615234375
0.201889038085938 -0.082183837890625 0.115936279296875 -0.15557861328125
0.107864379882813 -0.144622802734375 0.0698318481445313 -0.135330200195313
0.057098388671875 -0.146713256835937 0.0445785522460938 -0.0737228393554688
-0.0284423828125 -0.150238037109375 0.0276985168457031 -0.0455741882324219
-0.078887939453125 -0.136154174804688 0.0479888916015625 -0.0155906677246094
-0.0675201416015625 -0.134429931640625 0.0702476501464844 0.0168342590332031
-0.0843887329101563 -0.13946533203125 0.0746688842773438 0.0446929931640625
-0.0404434204101562 -0.138236999511719 0.0447311401367188 0.094329833984375
0.0177459716796875 -0.159896850585938 0.00782012939453125 0.099456787109375
0.07049560546875 -0.153060913085938 -0.0380897521972656 0.054656982421875
0.19281005859375 -0.0815887451171875 -0.0320701599121094 -0.0183925628662109
0.216140747070313 -0.0030670166015625 0.05596923828125 -0.0974044799804687
0.203231811523438 0.0669708251953125 0.259124755859375 -0.0712432861328125
0.106178283691406 0.109542846679688 0.102310180664063 -0.177505493164063
0.136970520019531 0.0627059936523438 0.157699584960938 -0.178985595703125
0.147247314453125 -0.0197296142578125 0.102615356445313 -0.126556396484375
0.0883560180664063 -0.0772171020507813 0.0734100341796875 -0.093292236328125
0.0605926513671875 -0.084869384765625 0.0544815063476563 -0.0352439880371094
0.00376129150390625 -0.111579895019531 0.0560188293457031 -0.00778961181640626
-0.0390625 -0.116752624511719 0.0835113525390625 0.0198745727539062
-0.0373458862304688 -0.115669250488281 0.0961761474609375 0.0529098510742187
-0.0516815185546875 -0.125541687011719 0.096466064453125 0.0892410278320312
-0.0195846557617187 -0.1202392578125 0.0498733520507812 0.136238098144531
0.032012939453125 -0.132064819335938 0.00762176513671875 0.127891540527344
0.0772171020507813 -0.119903564453125 -0.0288238525390625 0.0778045654296875
0.178863525390625 -0.0396270751953125 -0.0128564834594726 0.0144729614257812
0.188217163085938 0.0520172119140625 0.0947341918945313 -0.0570602416992188
0.142318725585938 0.123397827148437 0.3001708984375 -0.02288818359375
-0.05731201171875 -0.155624389648437 -0.30474853515625 0.013214111328125
-0.1241455078125 -0.0362167358398437 -0.113861083984375 0.0230865478515625
-0.117851257324219 0.0419387817382813 0.0161399841308594 -0.0605621337890625
-0.0586013793945313 0.0871734619140625 0.0282211303710937 -0.1270751953125
-0.0179443359375 0.0774307250976563 -0.00817871093750001 -0.160781860351563
0.0176849365234375 0.0786285400390625 -0.0721893310546875 -0.168136596679688
0.017547607421875 0.0759124755859375 -0.134185791015625 -0.121879577636719
0.0029296875 0.0712509155273438 -0.12139892578125 -0.0759811401367187
-0.000663757324218756 0.0737380981445313 -0.100837707519531 -0.0336074829101562
-0.0304641723632812 0.053924560546875 -0.0755386352539063 -0.0135879516601562
-0.0561408996582031 0.0312118530273438 -0.0643730163574219 0.0282402038574219
-0.0745391845703125 0.00559234619140625 -0.0812759399414063 0.0660324096679688
-0.08331298828125 -0.052978515625 -0.110664367675781 0.0896072387695312
-0.0754013061523438 -0.100746154785156 -0.134857177734375 0.147125244140625
-0.02386474609375 -0.162521362304688 -0.102500915527344 0.130241394042969
0.0387725830078125 -0.164047241210938 -0.299957275390625 -0.05010986328125
-0.0470352172851563 -0.0582313537597656 -0.112884521484375 -0.0320281982421875
-0.0494117736816406 -0.00114059448242189 0.0198745727539062 -0.100822448730469
-0.0226554870605469 0.0355110168457031 0.020538330078125 -0.162078857421875
0.00151634216308594 0.0222721099853516 -0.0129241943359375 -0.180694580078125
0.00191116333007813 0.0234203338623047 -0.080352783203125 -0.18682861328125
-0.0225315093994141 0.0306224822998047 -0.138992309570313 -0.13916015625
-0.0364952087402344 0.0269546508789063 -0.118423461914063 -0.0900421142578125
-0.0535659790039063 0.0332794189453125 -0.0967330932617188 -0.0498275756835938
-0.0719680786132813 0.00611877441406251 -0.0686187744140625 -0.0191154479980469
-0.0800704956054688 -0.0368804931640625 -0.058349609375 0.025299072265625
-0.0712051391601562 -0.0740127563476563 -0.0824432373046875 0.050567626953125
-0.0207443237304687 -0.121253967285156 -0.102401733398438 0.052154541015625
3.05175781250068E-05 -0.151016235351563 -0.118873596191406 0.09234619140625
0.0661163330078125 -0.1885986328125 -0.0761566162109375 0.0732345581054687
0.133560180664063 -0.150375366210938 -0.260818481445313 -0.109695434570312
0.0462875366210937 -0.071990966796875 -0.0819091796875 -0.0826339721679687
0.0355339050292969 -0.052734375 0.0413055419921875 -0.136749267578125
0.0192737579345703 -0.03338623046875 0.0212554931640625 -0.193801879882813
0.0200386047363281 -0.0446548461914062 -0.0150604248046875 -0.192962646484375
-0.0171546936035156 -0.0402679443359375 -0.0836334228515625 -0.188674926757813
-0.0616493225097656 -0.0216751098632812 -0.127769470214844 -0.138359069824219
-0.0716094970703125 -0.0221481323242188 -0.0966873168945312 -0.09051513671875
-0.0983352661132812 -0.0113601684570312 -0.0740814208984375 -0.0547561645507812
-0.102577209472656 -0.0377044677734375 -0.0460281372070313 -0.0145492553710938
-0.0951004028320313 -0.0923843383789063 -0.0407676696777344 0.0304946899414062
-0.0680389404296875 -0.133773803710938 -0.0778427124023438 0.04400634765625
0.0296783447265625 -0.170455932617187 -0.0956497192382813 0.0205535888671875
0.06549072265625 -0.180496215820313 -0.0987625122070313 0.029571533203125
0.14208984375 -0.188812255859375 -0.0265560150146484 0.00965499877929687
0.207916259765625 -0.118408203125 -0.192184448242188 -0.15777587890625
0.136215209960938 -0.076019287109375 -0.0293197631835937 -0.127388000488281
0.121330261230469 -0.105995178222656 0.070556640625 -0.1627197265625
0.058380126953125 -0.108734130859375 0.030517578125 -0.210906982421875
0.0311431884765625 -0.114402770996094 -0.009521484375 -0.188674926757812
-0.0380096435546875 -0.100135803222656 -0.076080322265625 -0.170150756835938
-0.0939254760742187 -0.0705108642578125 -0.100166320800781 -0.119873046875
-0.0957412719726563 -0.0684814453125 -0.0600509643554687 -0.0771713256835938
-0.125694274902344 -0.0554275512695312 -0.0382003784179688 -0.0485267639160156
-0.113693237304687 -0.0766754150390625 -0.0162057876586914 -0.00181865692138672
-0.0911178588867188 -0.132255554199219 -0.0198287963867188 0.0405120849609375
-0.0523834228515625 -0.169509887695313 -0.0679969787597656 0.0414543151855469
0.0750579833984375 -0.191207885742188 -0.0899734497070312 -0.00447082519531249
0.120864868164063 -0.179428100585938 -0.075958251953125 -0.0318222045898437
0.19818115234375 -0.159805297851563 0.0380439758300781 -0.0491523742675781
0.246475219726563 -0.072418212890625 -0.106536865234375 -0.1912841796875
0.201522827148438 -0.0661773681640625 0.0318756103515625 -0.164779663085938
0.186981201171875 -0.1412353515625 0.0956268310546875 -0.176620483398438
0.087066650390625 -0.167160034179688 0.04302978515625 -0.204559326171875
0.0364532470703125 -0.16656494140625 0.003814697265625 -0.162979125976563
-0.055084228515625 -0.143875122070313 -0.0516815185546875 -0.134979248046875
-0.114059448242187 -0.107261657714844 -0.0565872192382812 -0.088714599609375
-0.106109619140625 -0.104278564453125 -0.0146751403808594 -0.0519561767578125
-0.13299560546875 -0.0926437377929688 0.00270652770996093 -0.0292758941650391
-0.103950500488281 -0.107917785644531 0.0130691528320312 0.0218868255615234
-0.0672149658203125 -0.159347534179688 -0.00212860107421876 0.0554618835449219
-0.019439697265625 -0.184844970703125 -0.0590362548828125 0.0427780151367187
0.122039794921875 -0.18194580078125 -0.0804824829101562 -0.0213546752929687
0.170608520507813 -0.146530151367188 -0.0456695556640625 -0.0804672241210938
0.2318115234375 -0.103134155273437 0.109893798828125 -0.0910110473632813
0.241744995117188 -0.0171051025390625 -0.020416259765625 -0.207061767578125
0.224639892578125 -0.04071044921875 0.0886688232421875 -0.191375732421875
0.21356201171875 -0.142196655273438 0.108016967773438 -0.176010131835938
0.0991058349609375 -0.185623168945313 0.0531768798828125 -0.178131103515625
0.0383758544921875 -0.181884765625 0.0221405029296875 -0.121574401855469
-0.05950927734375 -0.160049438476563 -0.0152969360351562 -0.0891036987304688
-0.114639282226563 -0.1258544921875 -0.00410079956054688 -0.0517082214355469
-0.101371765136719 -0.124382019042969 0.0314960479736328 -0.0207424163818359
-0.1229248046875 -0.119010925292969 0.0432586669921875 0.00335311889648437
-0.0807723999023437 -0.128616333007813 0.0360260009765625 0.0557060241699219
-0.0312042236328125 -0.169540405273438 0.0084228515625 0.0784988403320312
0.02227783203125 -0.180984497070313 -0.0495109558105469 0.0492362976074219
0.163742065429688 -0.148208618164063 -0.0648841857910156 -0.0259628295898438
0.205810546875 -0.090484619140625 -0.00602722167968748 -0.106475830078125
0.237579345703125 -0.0297698974609375 0.181838989257813 -0.107284545898437
0.19525146484375 0.040374755859375 0.0473480224609375 -0.204513549804688
0.201995849609375 -0.0026397705078125 0.126113891601563 -0.201904296875
0.195541381835938 -0.105758666992188 0.105926513671875 -0.159927368164063
0.0938568115234375 -0.156402587890625 0.061676025390625 -0.137680053710938
0.0410003662109375 -0.154052734375 0.0406875610351563 -0.0753097534179688
-0.044097900390625 -0.145782470703125 0.0246734619140625 -0.04449462890625
-0.0933761596679688 -0.125167846679688 0.0476455688476562 -0.0159263610839844
-0.082122802734375 -0.125511169433594 0.07232666015625 0.0140914916992187
-0.098297119140625 -0.127830505371094 0.0778274536132813 0.0440139770507812
-0.0536270141601562 -0.131729125976563 0.0512542724609375 0.0981979370117187
0.000778198242187506 -0.160125732421875 0.0129852294921875 0.105178833007812
0.054779052734375 -0.159500122070313 -0.0394515991210938 0.0624313354492187
0.184616088867188 -0.103408813476563 -0.0413436889648437 -0.0146751403808594
0.216842651367188 -0.026458740234375 0.041015625 -0.101211547851563
0.212554931640625 0.0447540283203125 0.24725341796875 -0.09173583984375
0.120307922363281 0.095672607421875 0.087921142578125 -0.181167602539062
0.145660400390625 0.04522705078125 0.142654418945313 -0.188323974609375
0.1453857421875 -0.0389404296875 0.0965423583984375 -0.130134582519531
0.077850341796875 -0.0879058837890625 0.0700302124023438 -0.0976409912109375
0.0488739013671875 -0.0925369262695313 0.055206298828125 -0.0390090942382813
-0.010284423828125 -0.108505249023438 0.0567436218261719 -0.0109367370605469
-0.0528564453125 -0.107292175292969 0.0868988037109375 0.0148544311523437
-0.0499114990234375 -0.107772827148437 0.101730346679688 0.0464630126953125
-0.0653533935546875 -0.115150451660156 0.103607177734375 0.0858840942382813
-0.0326461791992188 -0.113258361816406 0.0609130859375 0.138519287109375
0.0160064697265625 -0.132537841796875 0.015411376953125 0.133049011230469
0.0621185302734375 -0.12664794921875 -0.027130126953125 0.0834579467773437
0.172683715820313 -0.06085205078125 -0.0176982879638672 0.014434814453125
0.192535400390625 0.02935791015625 0.0845184326171875 -0.0665664672851563
0.156158447265625 0.104583740234375 0.295623779296875 -0.047760009765625
-0.0691375732421875 -0.142013549804687 -0.2972412109375 0.0328369140625
-0.121620178222656 -0.0229873657226562 -0.107109069824219 0.0320892333984375
-0.108306884765625 0.0526580810546875 0.0151176452636719 -0.0589103698730469
-0.046142578125 0.089996337890625 0.0242691040039063 -0.127899169921875
-0.00851440429687499 0.0751876831054688 -0.013397216796875 -0.159713745117188
0.024444580078125 0.0706024169921875 -0.079803466796875 -0.166717529296875
0.02392578125 0.067779541015625 -0.13946533203125 -0.114105224609375
0.00867843627929687 0.0656089782714844 -0.126510620117188 -0.0682525634765625
0.0045013427734375 0.0672950744628906 -0.103141784667969 -0.0278549194335938
-0.0231781005859375 0.0505561828613281 -0.0791702270507813 -0.00969696044921874
-0.0487251281738281 0.0329780578613281 -0.0666618347167969 0.0310249328613281
-0.0682716369628906 0.0124626159667969 -0.080780029296875 0.06927490234375
-0.0838165283203125 -0.0411834716796875 -0.108329772949219 0.0926055908203125
-0.08026123046875 -0.087554931640625 -0.1275634765625 0.151473999023438
-0.037689208984375 -0.15264892578125 -0.097137451171875 0.132759094238281
0.026611328125 -0.15673828125 -0.2982177734375 -0.0269470214843751
-0.0467910766601563 -0.0488662719726563 -0.109642028808594 -0.0196990966796875
-0.0428352355957031 0.00623321533203126 0.0163803100585937 -0.09747314453125
-0.0130996704101563 0.0368728637695313 0.014129638671875 -0.160186767578125
0.00791168212890625 0.0191631317138672 -0.0188446044921875 -0.178054809570312
0.00608062744140625 0.0167884826660156 -0.08917236328125 -0.1817626953125
-0.0184650421142578 0.025787353515625 -0.145095825195312 -0.128768920898438
-0.0332717895507813 0.0238456726074219 -0.123336791992187 -0.0810546875
-0.0502700805664063 0.0304107666015625 -0.100639343261719 -0.0415496826171875
-0.0672264099121094 0.00579071044921874 -0.0727920532226563 -0.0141677856445313
-0.0766677856445313 -0.0333480834960937 -0.0609283447265625 0.0296440124511719
-0.0706558227539062 -0.0671310424804688 -0.0832901000976563 0.0558624267578125
-0.0265350341796875 -0.11285400390625 -0.104461669921875 0.0577011108398437
-0.00848388671875001 -0.141586303710937 -0.117027282714844 0.0989608764648437
0.050689697265625 -0.184661865234375 -0.0766372680664062 0.0766677856445313
0.122024536132812 -0.150726318359375 -0.263458251953125 -0.0856781005859375
0.0441436767578125 -0.06854248046875 -0.0832290649414062 -0.0698318481445313
0.037841796875 -0.05108642578125 0.0354080200195312 -0.133735656738281
0.0235424041748047 -0.0329399108886719 0.0128021240234375 -0.189910888671875
0.0216636657714844 -0.0483474731445313 -0.022735595703125 -0.18817138671875
-0.0162124633789063 -0.0437164306640625 -0.092437744140625 -0.18084716796875
-0.0603294372558594 -0.0222625732421875 -0.134239196777344 -0.126716613769531
-0.0711593627929688 -0.021820068359375 -0.101554870605469 -0.0808868408203125
-0.0967483520507813 -0.00937652587890626 -0.078125 -0.0465164184570312
-0.100631713867188 -0.035064697265625 -0.0501670837402344 -0.00835418701171876
-0.0959320068359375 -0.0868072509765625 -0.0427322387695313 0.0359344482421875
-0.0712814331054687 -0.126853942871094 -0.079803466796875 0.0514907836914062
0.019927978515625 -0.167083740234375 -0.100906372070313 0.0279388427734375
0.0541229248046875 -0.176040649414063 -0.101875305175781 0.03704833984375
0.127670288085938 -0.191085815429688 -0.032379150390625 0.0136070251464844
0.198486328125 -0.126144409179688 -0.20001220703125 -0.135025024414062
0.132614135742188 -0.07952880859375 -0.035919189453125 -0.114479064941406
0.117866516113281 -0.110176086425781 0.062957763671875 -0.160385131835938
0.0559234619140625 -0.110000610351563 0.0208587646484375 -0.206344604492188
0.0272293090820313 -0.117500305175781 -0.0176239013671875 -0.183212280273437
-0.0417861938476563 -0.100006103515625 -0.0836944580078125 -0.16156005859375
-0.096405029296875 -0.0659332275390625 -0.10546875 -0.108551025390625
-0.0987625122070313 -0.0645217895507813 -0.0640335083007812 -0.0693473815917969
-0.126983642578125 -0.0492477416992188 -0.0423698425292969 -0.0411415100097656
-0.114295959472656 -0.0706939697265625 -0.0192356109619141 0.00411796569824219
-0.095947265625 -0.126136779785156 -0.0209770202636719 0.0458602905273437
-0.0594635009765625 -0.1641845703125 -0.071197509765625 0.049896240234375
0.0633087158203125 -0.192291259765625 -0.09710693359375 0.00442504882812497
0.109237670898438 -0.180908203125 -0.0836563110351563 -0.0231094360351563
0.186752319335937 -0.167739868164062 0.0276527404785156 -0.047149658203125
0.2408447265625 -0.085357666015625 -0.117446899414063 -0.172210693359375
0.19757080078125 -0.0758056640625 0.0222320556640625 -0.154342651367188
0.178466796875 -0.151519775390625 0.0875701904296875 -0.17510986328125
0.0783843994140625 -0.169937133789063 0.0328369140625 -0.200531005859375
0.02667236328125 -0.168548583984375 -0.00399780273437499 -0.158203125
-0.0622100830078125 -0.140243530273438 -0.0577163696289063 -0.126640319824219
-0.118156433105469 -0.098876953125 -0.0602569580078125 -0.0797805786132813
-0.111343383789063 -0.0976181030273437 -0.0174064636230469 -0.0466690063476563
-0.137443542480469 -0.0837936401367188 0.000398635864257803 -0.0234832763671875
-0.107688903808594 -0.101249694824219 0.0120277404785156 0.0267906188964844
-0.0750579833984375 -0.153457641601563 -0.00172424316406251 0.0608558654785156
-0.0290679931640625 -0.182022094726563 -0.0611038208007813 0.0511741638183594
0.11053466796875 -0.187530517578125 -0.089202880859375 -0.0121917724609375
0.159454345703125 -0.154037475585938 -0.0568389892578125 -0.0727310180664063
0.2239990234375 -0.115005493164062 0.0963592529296875 -0.0925445556640625
0.24041748046875 -0.033416748046875 -0.0326690673828125 -0.193817138671875
0.221267700195313 -0.0545196533203125 0.075836181640625 -0.184967041015625
0.20281982421875 -0.1563720703125 0.099700927734375 -0.17572021484375
0.0865478515625 -0.190093994140625 0.0445556640625 -0.17547607421875
0.0258636474609375 -0.183837890625 0.0163803100585938 -0.118736267089844
-0.0691375732421875 -0.153579711914062 -0.019561767578125 -0.0825653076171875
-0.120887756347656 -0.114402770996094 -0.00597000122070313 -0.0462608337402344
-0.1080322265625 -0.115577697753906 0.0306606292724609 -0.0184478759765625
-0.128662109375 -0.107902526855469 0.0423622131347656 0.00629043579101562
-0.0867767333984375 -0.120475769042969 0.038116455078125 0.0601806640625
-0.0418548583984375 -0.164642333984375 0.0107803344726562 0.0825271606445313
0.0103759765625 -0.179885864257813 -0.0509033203125 0.0572090148925781
0.152252197265625 -0.158218383789063 -0.073272705078125 -0.01788330078125
0.197540283203125 -0.103591918945313 -0.01947021484375 -0.101005554199219
0.234939575195313 -0.046173095703125 0.167282104492188 -0.113372802734375
0.198028564453125 0.0240020751953125 0.0355377197265625 -0.196609497070313
0.20159912109375 -0.017822265625 0.112655639648438 -0.198577880859375
0.186325073242188 -0.121246337890625 0.0987396240234375 -0.159530639648438
0.0800323486328125 -0.161407470703125 0.0559234619140625 -0.137489318847656
0.028106689453125 -0.1558837890625 0.0376663208007813 -0.07537841796875
-0.0551376342773437 -0.138938903808594 0.022613525390625 -0.04205322265625
-0.100608825683594 -0.112396240234375 0.0473594665527344 -0.0148696899414063
-0.0891799926757813 -0.115493774414063 0.073455810546875 0.0127410888671875
-0.105339050292969 -0.115409851074219 0.079498291015625 0.044219970703125
-0.061187744140625 -0.123077392578125 0.056060791015625 0.0995635986328125
-0.011260986328125 -0.156448364257813 0.0167083740234375 0.108863830566406
0.0420989990234375 -0.160018920898438 -0.0398597717285156 0.0681304931640625
0.173614501953125 -0.116134643554688 -0.0488090515136719 -0.0098724365234375
0.211181640625 -0.043487548828125 0.0288238525390625 -0.100067138671875
0.21502685546875 0.0271453857421875 0.233932495117188 -0.102706909179688
0.126678466796875 0.0815048217773438 0.0776214599609375 -0.177886962890625
0.147567749023437 0.03045654296875 0.129730224609375 -0.188995361328125
0.139656066894531 -0.0534133911132813 0.0915298461914063 -0.130271911621094
0.0676498413085938 -0.0937271118164063 0.06707763671875 -0.0987091064453125
0.0380783081054688 -0.0951309204101563 0.054656982421875 -0.0412483215332031
-0.020111083984375 -0.102874755859375 0.0563011169433594 -0.0120925903320313
-0.0609512329101562 -0.096160888671875 0.08758544921875 0.0111007690429687
-0.0578689575195313 -0.0986862182617188 0.104446411132813 0.04156494140625
-0.0725784301757813 -0.103652954101563 0.10784912109375 0.0824127197265625
-0.0405044555664063 -0.104705810546875 0.0673751831054687 0.137985229492188
0.0040130615234375 -0.128341674804688 0.0204010009765625 0.134658813476562
0.0492782592773438 -0.127326965332031 -0.026397705078125 0.0863876342773437
0.163192749023438 -0.074249267578125 -0.0223121643066406 0.0156459808349609
0.190185546875 0.011871337890625 0.0737457275390625 -0.07025146484375
0.16229248046875 0.0882720947265625 0.284912109375 -0.06439208984375
-0.0745849609375 -0.131637573242188 -0.29144287109375 0.043914794921875
-0.118865966796875 -0.014404296875 -0.101760864257813 0.0370635986328125
-0.0999374389648438 0.0584564208984375 0.0161933898925781 -0.0580787658691406
-0.036895751953125 0.090667724609375 0.0231704711914063 -0.128631591796875
-0.0022735595703125 0.07330322265625 -0.014312744140625 -0.161087036132813
0.0277099609375 0.0640792846679688 -0.0838470458984375 -0.167205810546875
0.0267753601074219 0.0607414245605469 -0.143341064453125 -0.110916137695313
0.0112724304199219 0.0606689453125 -0.129234313964844 -0.0644378662109375
0.0064239501953125 0.0616607666015625 -0.105033874511719 -0.0252227783203125
-0.019317626953125 0.0459823608398437 -0.0826797485351563 -0.00786590576171874
-0.0431289672851563 0.03253173828125 -0.0692825317382812 0.0332450866699219
-0.063018798828125 0.0161552429199219 -0.081512451171875 0.0714797973632812
-0.0817489624023437 -0.032806396484375 -0.107940673828125 0.09429931640625
-0.0822372436523438 -0.0786056518554687 -0.125 0.152633666992187
-0.046478271484375 -0.144256591796875 -0.0968093872070313 0.132835388183594
0.0203094482421875 -0.149734497070312 -0.29443359375 -0.012908935546875
-0.0445213317871094 -0.0423202514648438 -0.106239318847656 -0.0122528076171875
-0.036407470703125 0.0102958679199219 0.0166854858398437 -0.0948944091796875
-0.005523681640625 0.0368499755859375 0.0120086669921875 -0.158493041992188
0.0126399993896484 0.0162687301635742 -0.0211334228515625 -0.176910400390625
0.00869274139404297 0.0111465454101563 -0.0924530029296875 -0.18011474609375
-0.0165519714355469 0.0208969116210937 -0.148941040039063 -0.123626708984375
-0.0319595336914063 0.0207672119140625 -0.126556396484375 -0.0757064819335938
-0.0491714477539063 0.0273323059082031 -0.1031494140625 -0.0369644165039062
-0.0643768310546875 0.00308990478515624 -0.0764312744140625 -0.0102767944335938
-0.0730361938476563 -0.0325241088867188 -0.0634651184082031 0.0331802368164062
-0.0676994323730469 -0.0630264282226563 -0.0857162475585938 0.0601272583007813
-0.0275115966796875 -0.106918334960938 -0.106948852539062 0.0607070922851563
-0.0125579833984375 -0.134727478027344 -0.117713928222656 0.102226257324219
0.04180908203125 -0.180007934570313 -0.0789260864257812 0.0796279907226563
0.11651611328125 -0.148330688476563 -0.263320922851563 -0.0706329345703125
0.0454597473144531 -0.0650825500488281 -0.082489013671875 -0.0596389770507813
0.0416984558105469 -0.049652099609375 0.0344390869140625 -0.13055419921875
0.0279788970947266 -0.0332584381103516 0.00996398925781251 -0.186996459960938
0.0236892700195313 -0.0515518188476563 -0.025238037109375 -0.186172485351563
-0.0153961181640625 -0.0473480224609375 -0.0961151123046875 -0.176162719726563
-0.0599861145019531 -0.0244522094726562 -0.137168884277344 -0.119842529296875
-0.0713424682617188 -0.0231857299804687 -0.104011535644531 -0.0753402709960938
-0.096527099609375 -0.00978851318359373 -0.0809402465820313 -0.041015625
-0.098785400390625 -0.0354080200195312 -0.0530014038085938 -0.00380325317382814
-0.0948333740234375 -0.0849761962890625 -0.0451889038085938 0.0399360656738281
-0.071990966796875 -0.123832702636719 -0.08270263671875 0.0565414428710937
0.01654052734375 -0.16357421875 -0.106147766113281 0.033660888671875
0.048980712890625 -0.171249389648438 -0.105606079101563 0.0431289672851562
0.11981201171875 -0.1898193359375 -0.037933349609375 0.0162811279296875
0.194717407226563 -0.127792358398438 -0.201675415039063 -0.119918823242188
0.132736206054688 -0.0792007446289062 -0.0371017456054687 -0.103927612304687
0.117439270019531 -0.112808227539062 0.061065673828125 -0.157440185546875
0.0563201904296875 -0.11077880859375 0.016571044921875 -0.202362060546875
0.025604248046875 -0.120803833007813 -0.0206451416015625 -0.17938232421875
-0.042694091796875 -0.101158142089844 -0.086761474609375 -0.15521240234375
-0.09661865234375 -0.0649490356445313 -0.107467651367187 -0.101776123046875
-0.100433349609375 -0.0637054443359375 -0.0659408569335937 -0.0638160705566406
-0.127914428710938 -0.046539306640625 -0.0446357727050781 -0.0354728698730469
-0.113746643066406 -0.0691680908203125 -0.0206947326660156 0.00925254821777343
-0.097503662109375 -0.1241455078125 -0.0223007202148438 0.0504150390625
-0.062255859375 -0.161788940429688 -0.0738372802734375 0.0564117431640625
0.05877685546875 -0.192153930664062 -0.103927612304688 0.0112838745117187
0.104171752929687 -0.180374145507813 -0.090057373046875 -0.0163955688476563
0.180755615234375 -0.17034912109375 0.0193901062011719 -0.0441932678222656
0.238784790039063 -0.09185791015625 -0.121292114257812 -0.158096313476562
0.196273803710938 -0.07940673828125 0.0189361572265625 -0.144775390625
0.175918579101563 -0.157241821289063 0.0843048095703125 -0.172683715820313
0.074798583984375 -0.170822143554688 0.02899169921875 -0.196624755859375
0.0228729248046875 -0.171066284179688 -0.0064849853515625 -0.155136108398438
-0.0656356811523437 -0.1380615234375 -0.0602645874023438 -0.120002746582031
-0.120529174804687 -0.094085693359375 -0.0609207153320313 -0.07354736328125
-0.114280700683594 -0.094024658203125 -0.0184211730957031 -0.0434226989746094
-0.138862609863281 -0.0794601440429688 -0.000993728637695319 -0.0180702209472656
-0.108757019042969 -0.0978164672851563 0.0120353698730469 0.0314998626708984
-0.0787811279296875 -0.150619506835938 -0.00164031982421876 0.0655784606933594
-0.0338592529296875 -0.180221557617188 -0.0639228820800781 0.0579948425292969
0.104248046875 -0.190582275390625 -0.0960845947265625 -0.00452423095703127
0.154998779296875 -0.1568603515625 -0.0654640197753906 -0.0659294128417969
0.220870971679688 -0.1219482421875 0.0868377685546875 -0.0906906127929688
0.240158081054688 -0.042633056640625 -0.03741455078125 -0.182205200195312
0.22003173828125 -0.062713623046875 0.0707550048828125 -0.176483154296875
0.19708251953125 -0.164703369140625 0.0967254638671875 -0.173721313476563
0.079315185546875 -0.1915283203125 0.0414276123046875 -0.172409057617188
0.0185699462890625 -0.184982299804687 0.0148773193359375 -0.116470336914063
-0.0737762451171875 -0.149017333984375 -0.0204620361328125 -0.0771865844726563
-0.123725891113281 -0.107261657714844 -0.00579452514648439 -0.0422096252441406
-0.112213134765625 -0.109893798828125 0.0309123992919922 -0.0163192749023438
-0.131538391113281 -0.101333618164063 0.0426559448242187 0.0102157592773437
-0.0894241333007813 -0.116340637207031 0.0396919250488281 0.0642967224121094
-0.0476837158203125 -0.161483764648438 0.0123062133789062 0.087615966796875
0.003936767578125 -0.179595947265625 -0.0531082153320313 0.0633659362792969
0.146133422851563 -0.164230346679688 -0.0798187255859375 -0.01177978515625
0.19317626953125 -0.110748291015625 -0.0278549194335938 -0.0959243774414063
0.233871459960938 -0.0553741455078125 0.157791137695313 -0.113296508789063
0.200210571289063 0.0134735107421875 0.0315704345703125 -0.188934326171875
0.201370239257813 -0.0274505615234375 0.106735229492188 -0.193283081054688
0.180648803710938 -0.131546020507813 0.097442626953125 -0.158203125
0.071868896484375 -0.163711547851563 0.0541763305664063 -0.135612487792969
0.019317626953125 -0.15667724609375 0.0373916625976563 -0.0750350952148438
-0.0605850219726563 -0.133438110351562 0.0227394104003906 -0.0385093688964844
-0.10418701171875 -0.103858947753906 0.0479698181152344 -0.0135040283203125
-0.093780517578125 -0.109466552734375 0.0747146606445313 0.0122451782226562
-0.108108520507813 -0.107467651367188 0.08111572265625 0.045867919921875
-0.064605712890625 -0.117324829101562 0.0593185424804687 0.103134155273438
-0.018341064453125 -0.15283203125 0.0192108154296875 0.112586975097656
0.034576416015625 -0.159530639648437 -0.041351318359375 0.0738067626953125
0.167083740234375 -0.123703002929687 -0.0546150207519531 -0.00522613525390627
0.20733642578125 -0.052581787109375 0.0198516845703125 -0.0977706909179688
0.216033935546875 0.0164947509765625 0.225128173828125 -0.10595703125
0.130577087402344 0.0712203979492188 0.0749359130859375 -0.174041748046875
0.14862060546875 0.0212249755859375 0.124557495117188 -0.186416625976563
0.134712219238281 -0.0631027221679688 0.0917816162109375 -0.129287719726563
0.0598373413085938 -0.0964279174804688 0.0672760009765625 -0.0989456176757812
0.0305404663085938 -0.0961837768554688 0.0557212829589844 -0.0423164367675781
-0.0258636474609375 -0.0977783203125 0.0575981140136719 -0.0115737915039063
-0.0644149780273437 -0.0875015258789063 0.0890960693359375 0.00965118408203124
-0.062042236328125 -0.0914077758789063 0.106781005859375 0.0392532348632813
-0.0756912231445313 -0.0958938598632812 0.110626220703125 0.082427978515625
-0.0436782836914063 -0.098297119140625 0.071929931640625 0.139701843261719
-0.00302886962890624 -0.124771118164062 0.022979736328125 0.137245178222656
0.04205322265625 -0.126411437988281 -0.0274200439453125 0.0902862548828125
0.15582275390625 -0.0816497802734375 -0.0275096893310547 0.0176467895507812
0.18731689453125 0.001068115234375 0.0665817260742188 -0.0713119506835938
0.164779663085938 0.0772552490234375 0.277969360351563 -0.0711517333984375
-0.079254150390625 -0.12530517578125 -0.29364013671875 0.05010986328125
-0.118064880371094 -0.00907897949218752 -0.0994186401367188 0.0405502319335937
-0.0958023071289063 0.0635833740234375 0.0184402465820312 -0.0583763122558594
-0.0306015014648437 0.0919570922851563 0.0253753662109375 -0.132774353027344
0.00241851806640625 0.0716323852539063 -0.014373779296875 -0.16650390625
0.0298843383789062 0.059295654296875 -0.08795166015625 -0.17242431640625
0.0283203125 0.0558967590332031 -0.149215698242188 -0.112533569335938
0.0124397277832031 0.0574531555175781 -0.134262084960938 -0.0638961791992188
0.007110595703125 0.0578880310058594 -0.109657287597656 -0.0242767333984375
-0.0173187255859375 0.0423927307128906 -0.0880584716796875 -0.00626373291015626
-0.0393142700195312 0.0316200256347656 -0.0743942260742188 0.0353622436523437
-0.0597877502441406 0.0185470581054688 -0.0855636596679687 0.0738525390625
-0.0814285278320313 -0.0278091430664062 -0.11181640625 0.0952301025390625
-0.0831832885742187 -0.073089599609375 -0.128707885742188 0.1549072265625
-0.0520401000976563 -0.139701843261719 -0.101264953613281 0.135093688964844
0.0182952880859375 -0.14605712890625 -0.29840087890625 -0.00491333007812502
-0.0423927307128906 -0.0379753112792969 -0.104400634765625 -0.0066375732421875
-0.0310726165771484 0.0134048461914063 0.0184555053710937 -0.09490966796875
0.0013427734375 0.0369720458984375 0.0129547119140625 -0.161529541015625
0.0171699523925781 0.0132417678833008 -0.0210723876953125 -0.181640625
0.00983619689941406 0.00569534301757813 -0.096588134765625 -0.183792114257813
-0.0160770416259766 0.0157032012939453 -0.153762817382813 -0.123214721679687
-0.0322036743164063 0.0171775817871094 -0.131233215332031 -0.07427978515625
-0.0500526428222656 0.0248603820800781 -0.107856750488281 -0.0348434448242188
-0.0639190673828125 -0.00011444091796874 -0.0812530517578125 -0.00767517089843751
-0.0717315673828125 -0.0343475341796875 -0.0680923461914063 0.0366096496582031
-0.0664558410644531 -0.0625991821289063 -0.0905685424804688 0.0640029907226563
-0.027374267578125 -0.104896545410156 -0.112724304199219 0.0640182495117187
-0.0135040283203125 -0.132049560546875 -0.122718811035156 0.106849670410156
0.0387420654296875 -0.1783447265625 -0.0852432250976563 0.0824432373046875
0.117034912109375 -0.147232055664063 -0.2679443359375 -0.0611572265625
0.048736572265625 -0.0618400573730469 -0.0818405151367188 -0.0536727905273438
0.0468406677246094 -0.049407958984375 0.036224365234375 -0.130699157714844
0.0347614288330078 -0.0347881317138672 0.0101318359375 -0.18853759765625
0.0268020629882813 -0.0564460754394531 -0.0253753662109375 -0.188583374023438
-0.0154457092285156 -0.0530853271484375 -0.0991668701171875 -0.17816162109375
-0.0605049133300781 -0.0280685424804688 -0.141433715820313 -0.118301391601563
-0.0732040405273438 -0.026275634765625 -0.107948303222656 -0.0736312866210938
-0.0988693237304687 -0.0115737915039063 -0.08477783203125 -0.0379180908203125
-0.100006103515625 -0.03839111328125 -0.0567245483398438 -0.000148773193359378
-0.094970703125 -0.0873565673828125 -0.0487518310546875 0.0446128845214844
-0.0722885131835937 -0.125106811523438 -0.08770751953125 0.0625686645507812
0.016845703125 -0.164459228515625 -0.113410949707031 0.0383224487304687
0.0492706298828125 -0.171188354492188 -0.112457275390625 0.0482101440429687
0.118804931640625 -0.19140625 -0.0445213317871094 0.0198097229003906
0.197525024414062 -0.130157470703125 -0.206069946289063 -0.11041259765625
0.137374877929688 -0.0794601440429687 -0.0355072021484375 -0.0977630615234375
0.122650146484375 -0.115951538085938 0.06292724609375 -0.158645629882812
0.0606918334960937 -0.114456176757812 0.0173187255859375 -0.2030029296875
0.0263214111328125 -0.126731872558594 -0.0210723876953125 -0.181106567382813
-0.04400634765625 -0.105369567871094 -0.0884857177734375 -0.15521240234375
-0.0983810424804688 -0.0673675537109375 -0.109336853027344 -0.0988922119140625
-0.103401184082031 -0.0658340454101563 -0.0677642822265625 -0.0617866516113281
-0.131454467773438 -0.0477752685546875 -0.0473060607910156 -0.0312232971191406
-0.115936279296875 -0.071685791015625 -0.0226154327392578 0.0135250091552734
-0.0994873046875 -0.126617431640625 -0.0244560241699219 0.0560760498046875
-0.06427001953125 -0.1644287109375 -0.0792007446289063 0.0635528564453125
0.0590667724609375 -0.196197509765625 -0.111831665039063 0.0174407958984375
0.104736328125 -0.182403564453125 -0.096923828125 -0.0110626220703125
0.18316650390625 -0.173965454101563 0.0127334594726563 -0.0417404174804688
0.243865966796875 -0.0962677001953125 -0.1240234375 -0.150588989257813
0.201751708984375 -0.08245849609375 0.0196380615234375 -0.138809204101562
0.178619384765625 -0.164154052734375 0.08734130859375 -0.174346923828125
0.076080322265625 -0.176010131835938 0.0290679931640625 -0.198028564453125
0.02069091796875 -0.1767578125 -0.0065155029296875 -0.155929565429688
-0.06781005859375 -0.14141845703125 -0.0605621337890625 -0.117874145507813
-0.122749328613281 -0.09423828125 -0.0620269775390625 -0.070556640625
-0.118637084960938 -0.0946884155273438 -0.0184555053710938 -0.0410118103027344
-0.143325805664063 -0.0791015625 -0.00157642364501954 -0.0137786865234375
-0.110702514648438 -0.0997467041015625 0.0120391845703125 0.0369186401367188
-0.08209228515625 -0.153106689453125 -0.00252532958984375 0.0716400146484375
-0.035797119140625 -0.184371948242188 -0.0682296752929687 0.0652046203613281
0.104949951171875 -0.197067260742188 -0.103561401367188 0.00164794921874997
0.156646728515625 -0.161605834960938 -0.0723953247070313 -0.06219482421875
0.225341796875 -0.127655029296875 0.0819091796875 -0.0897674560546875
0.246368408203125 -0.0491180419921875 -0.03851318359375 -0.176620483398438
0.225967407226562 -0.0677337646484375 0.0713958740234375 -0.172653198242187
0.198974609375 -0.17388916015625 0.10003662109375 -0.175537109375
0.0772247314453125 -0.196807861328125 0.0415802001953125 -0.173629760742188
0.01385498046875 -0.190048217773438 0.0155792236328125 -0.117156982421875
-0.07781982421875 -0.150115966796875 -0.0203170776367188 -0.0746078491210938
-0.127166748046875 -0.104766845703125 -0.00480270385742188 -0.0397415161132813
-0.116600036621094 -0.109710693359375 0.0322399139404297 -0.0153903961181641
-0.135765075683594 -0.0994873046875 0.0442619323730469 0.0140914916992187
-0.091949462890625 -0.116989135742188 0.0419654846191406 0.0701942443847656
-0.0513153076171875 -0.1634521484375 0.01287841796875 0.0936431884765625
0.00111389160156251 -0.183273315429688 -0.0566558837890625 0.0711288452148438
0.146438598632813 -0.1715087890625 -0.08709716796875 -0.00581359863281249
0.195724487304688 -0.1168212890625 -0.0350875854492187 -0.0935287475585938
0.23944091796875 -0.0618896484375 0.15472412109375 -0.113616943359375
0.20654296875 0.00732421875 0.032257080078125 -0.185043334960938
0.205657958984375 -0.034027099609375 0.108261108398438 -0.19091796875
0.18096923828125 -0.141433715820313 0.0999755859375 -0.159912109375
0.068206787109375 -0.168533325195313 0.0557022094726563 -0.136856079101563
0.0137481689453125 -0.161224365234375 0.0396270751953125 -0.075408935546875
-0.064605712890625 -0.132369995117188 0.0247459411621094 -0.0360603332519531
-0.107711791992187 -0.10028076171875 0.0511703491210937 -0.0113716125488281
-0.0978164672851562 -0.106941223144531 0.0775070190429688 0.0128860473632812
-0.112335205078125 -0.104904174804688 0.0844955444335938 0.0494842529296875
-0.0670852661132813 -0.116439819335938 0.0630111694335938 0.109214782714844
-0.0223846435546875 -0.153350830078125 0.0203170776367187 0.118965148925781
0.031097412109375 -0.16265869140625 -0.0441513061523438 0.0804595947265625
0.166259765625 -0.13092041015625 -0.06158447265625 -0.00120162963867189
0.20989990234375 -0.0593414306640625 0.0142364501953125 -0.0970458984375
0.222305297851562 0.0099334716796875 0.224288940429688 -0.108535766601563
0.135910034179688 0.0660247802734375 0.0778350830078125 -0.17291259765625
0.152114868164063 0.0144195556640625 0.126113891601563 -0.186447143554688
0.134498596191406 -0.0716476440429688 0.0958175659179688 -0.131088256835938
0.0558242797851563 -0.100006103515625 0.070526123046875 -0.10064697265625
0.0251846313476563 -0.0979537963867188 0.0589408874511719 -0.0435676574707031
-0.0296249389648438 -0.09552001953125 0.0609550476074219 -0.0107498168945313
-0.066986083984375 -0.0821990966796875 0.09295654296875 0.00983428955078124
-0.065216064453125 -0.0875091552734375 0.110687255859375 0.0391082763671875
-0.0782623291015625 -0.091278076171875 0.115127563476563 0.0849380493164063
-0.0454330444335938 -0.0957260131835938 0.07659912109375 0.1456298828125
-0.00784301757812499 -0.123222351074219 0.0236053466796875 0.143630981445313
0.0374374389648438 -0.127471923828125 -0.03045654296875 0.0957794189453125
0.154190063476563 -0.0882415771484375 -0.0326004028320312 0.0198287963867188
0.188491821289063 -0.0059051513671875 0.0626144409179688 -0.07293701171875
0.169769287109375 0.071746826171875 0.27935791015625 -0.0753631591796875
-0.0863494873046875 -0.122344970703125 -0.303802490234375 0.0607604980468749
-0.120529174804687 -0.00274658203125 -0.0990142822265625 0.0455245971679687
-0.093536376953125 0.07098388671875 0.0210380554199219 -0.0603981018066406
-0.02398681640625 0.095184326171875 0.025848388671875 -0.14056396484375
0.00716400146484376 0.07232666015625 -0.0165863037109375 -0.177337646484375
0.0327186584472656 0.0564537048339844 -0.0958709716796875 -0.182846069335938
0.0299301147460937 0.0523147583007813 -0.159957885742188 -0.115158081054688
0.0142059326171875 0.0560493469238281 -0.143783569335937 -0.063720703125
0.0083160400390625 0.05682373046875 -0.117813110351563 -0.0231246948242188
-0.0169715881347656 0.0402336120605469 -0.0955429077148438 -0.00457000732421874
-0.0372581481933594 0.0309028625488281 -0.08062744140625 0.0403594970703125
-0.0586318969726563 0.0213165283203125 -0.0911483764648438 0.0794906616210938
-0.0830917358398437 -0.0230865478515625 -0.118995666503906 0.100242614746094
-0.0870285034179687 -0.0696945190429688 -0.134674072265625 0.163650512695313
-0.059478759765625 -0.139129638671875 -0.108642578125 0.142669677734375
0.0170135498046875 -0.147323608398438 -0.30963134765625 0.00512695312499999
-0.0414657592773438 -0.0345077514648437 -0.105445861816406 -0.00122070312499999
-0.0262374877929688 0.0160999298095703 0.0207138061523438 -0.0984725952148438
0.00876235961914062 0.0368156433105469 0.01287841796875 -0.168655395507813
0.0215950012207031 0.00938796997070313 -0.0232086181640625 -0.190673828125
0.0108489990234375 0.000143051147460938 -0.104751586914063 -0.191986083984375
-0.0169754028320312 0.0115900039672852 -0.164443969726563 -0.125579833984375
-0.0335330963134766 0.0143795013427734 -0.140083312988281 -0.0733184814453125
-0.0526046752929687 0.0232048034667969 -0.116264343261719 -0.0323638916015625
-0.0668449401855469 -0.00309371948242188 -0.088287353515625 -0.00453186035156248
-0.0723648071289063 -0.037261962890625 -0.0737228393554688 0.0421142578125
-0.0679435729980469 -0.0644493103027344 -0.0977401733398438 0.0712203979492188
-0.0283432006835938 -0.106513977050781 -0.121261596679687 0.0702667236328125
-0.0144424438476563 -0.132530212402344 -0.130149841308594 0.115524291992187
0.03558349609375 -0.182357788085938 -0.0930557250976563 0.089385986328125
0.120132446289063 -0.152862548828125 -0.279464721679688 -0.052001953125
0.0541839599609375 -0.0625801086425781 -0.0822372436523438 -0.0485305786132812
0.0531730651855469 -0.0522193908691406 0.038818359375 -0.135871887207031
0.0408134460449219 -0.0392036437988281 0.00975036621093748 -0.195648193359375
0.0299186706542969 -0.0637016296386719 -0.0277099609375 -0.196533203125
-0.016143798828125 -0.0602493286132812 -0.106552124023438 -0.183761596679688
-0.0637779235839844 -0.0327835083007812 -0.150039672851563 -0.119033813476562
-0.077606201171875 -0.0297927856445313 -0.115325927734375 -0.0724411010742188
-0.104446411132812 -0.0131149291992187 -0.0913543701171875 -0.034912109375
-0.104705810546875 -0.0412826538085938 -0.0618896484375 0.00411605834960938
-0.0994949340820312 -0.091827392578125 -0.0526390075683594 0.0510826110839844
-0.0763092041015625 -0.13031005859375 -0.0946502685546875 0.0708999633789063
0.016815185546875 -0.171279907226563 -0.122810363769531 0.0451889038085937
0.0496673583984375 -0.177169799804687 -0.120956420898438 0.0560760498046875
0.120803833007813 -0.199691772460937 -0.0522308349609375 0.0244598388671875
0.206146240234375 -0.1387939453125 -0.215423583984375 -0.103042602539062
0.146041870117188 -0.0835113525390625 -0.0364913940429688 -0.0940628051757812
0.12994384765625 -0.12451171875 0.0662078857421875 -0.165390014648437
0.064788818359375 -0.122123718261719 0.01605224609375 -0.211029052734375
0.0274124145507813 -0.136062622070312 -0.023712158203125 -0.188522338867188
-0.04736328125 -0.113296508789063 -0.09478759765625 -0.158294677734375
-0.104347229003906 -0.0709381103515625 -0.115760803222656 -0.0988388061523438
-0.110733032226563 -0.0695266723632812 -0.073028564453125 -0.0611343383789062
-0.139244079589844 -0.0483856201171875 -0.0508270263671875 -0.0276718139648437
-0.122322082519531 -0.0756607055664063 -0.0249595642089844 0.0188217163085937
-0.105979919433594 -0.132743835449219 -0.0264778137207031 0.0633773803710937
-0.069061279296875 -0.17218017578125 -0.0849533081054687 0.07342529296875
0.059722900390625 -0.206588745117187 -0.121261596679688 0.0255508422851563
0.107894897460938 -0.190658569335938 -0.106956481933594 -0.00511932373046877
0.18975830078125 -0.185623168945313 0.00736999511718751 -0.0398674011230469
0.25592041015625 -0.106292724609375 -0.13079833984375 -0.145843505859375
0.21337890625 -0.0897979736328125 0.0206069946289063 -0.137397766113281
0.185714721679688 -0.177749633789063 0.090484619140625 -0.182571411132813
0.077606201171875 -0.186172485351563 0.0281219482421875 -0.204544067382813
0.01763916015625 -0.187713623046875 -0.00822448730468751 -0.161346435546875
-0.0736236572265625 -0.147918701171875 -0.0641937255859375 -0.118522644042969
-0.12994384765625 -0.0963821411132813 -0.0646324157714844 -0.0697784423828125
-0.127655029296875 -0.0979461669921875 -0.0197181701660156 -0.0408134460449219
-0.152267456054688 -0.0796051025390625 -0.00175476074218751 -0.0102510452270508
-0.117568969726562 -0.103141784667969 0.0135498046875 0.0426864624023437
-0.089141845703125 -0.1595458984375 -0.00248718261718751 0.0797348022460937
-0.04156494140625 -0.19305419921875 -0.0736083984375 0.0761184692382813
0.106842041015625 -0.209548950195313 -0.113723754882813 0.00927734374999999
0.1622314453125 -0.171875 -0.0820846557617187 -0.0585479736328125
0.236114501953125 -0.13909912109375 0.0792160034179688 -0.0919265747070313
0.259353637695313 -0.0588531494140625 -0.041229248046875 -0.175308227539063
0.237167358398438 -0.0773468017578125 0.0743408203125 -0.174041748046875
0.205215454101563 -0.190277099609375 0.1036376953125 -0.18426513671875
0.076904296875 -0.208251953125 0.0425262451171875 -0.1798095703125
0.00846862792968751 -0.20111083984375 0.0160903930664062 -0.121139526367188
-0.0850677490234375 -0.154937744140625 -0.020538330078125 -0.0742645263671875
-0.134483337402344 -0.105606079101563 -0.00362396240234376 -0.0379371643066406
-0.12554931640625 -0.111480712890625 0.0345802307128906 -0.0146942138671875
-0.144241333007813 -0.09979248046875 0.0478515625 0.0181770324707031
-0.0973281860351563 -0.120155334472656 0.0465621948242187 0.0772552490234375
-0.0580902099609375 -0.169326782226563 0.0146331787109375 0.102203369140625
-0.00321960449218751 -0.192062377929688 -0.0609207153320313 0.0806961059570313
0.149215698242188 -0.184661865234375 -0.0958480834960937 0.00066375732421875
0.20294189453125 -0.1278076171875 -0.0427093505859375 -0.0923538208007813
0.252395629882812 -0.0723419189453125 0.155548095703125 -0.119354248046875
0.21856689453125 -0.0014495849609375 0.033599853515625 -0.188446044921875
0.215316772460938 -0.0434417724609375 0.11175537109375 -0.195541381835938
0.184524536132813 -0.155899047851563 0.104904174804688 -0.16790771484375
0.0651397705078125 -0.177947998046875 0.0577850341796875 -0.141860961914063
0.00727844238281249 -0.168792724609375 0.0419158935546875 -0.0789413452148438
-0.0717239379882813 -0.13458251953125 0.0272598266601562 -0.0352592468261719
-0.114028930664063 -0.0985488891601563 0.0552902221679688 -0.0113677978515625
-0.105697631835938 -0.106666564941406 0.0828781127929688 0.0128097534179687
-0.119529724121094 -0.103843688964844 0.0909881591796875 0.0539093017578125
-0.0712738037109375 -0.118385314941406 0.0694503784179688 0.117401123046875
-0.0283050537109375 -0.157623291015625 0.022491455078125 0.129074096679688
0.0268707275390625 -0.170150756835937 -0.0478057861328125 0.090118408203125
0.170028686523438 -0.142501831054687 -0.0687637329101562 0.00426864624023437
0.216827392578125 -0.069854736328125 0.00885009765625002 -0.098724365234375
0.2340087890625 0.002044677734375 0.229949951171875 -0.1163330078125
0.144454956054688 0.0613555908203125 0.081878662109375 -0.178695678710938
0.15966796875 0.0074462890625 0.130691528320313 -0.193145751953125
0.136070251464844 -0.0831680297851563 0.101776123046875 -0.137992858886719
0.0522003173828125 -0.106178283691406 0.0748519897460938 -0.106559753417969
0.0204238891601562 -0.10260009765625 0.0631790161132813 -0.0467529296875
-0.034637451171875 -0.0953445434570313 0.065093994140625 -0.0106391906738281
-0.0716018676757812 -0.0792312622070313 0.0995330810546875 0.00861358642578124
-0.0699691772460938 -0.0860519409179687 0.118217468261719 0.038665771484375
-0.0835418701171875 -0.089141845703125 0.124198913574219 0.0892333984375
-0.0495758056640625 -0.0948944091796875 0.08416748046875 0.1544189453125
-0.0132293701171875 -0.125404357910156 0.026336669921875 0.152725219726563
0.03369140625 -0.132476806640625 -0.0328598022460938 0.104446411132812
0.156448364257813 -0.0981903076171875 -0.0383453369140625 0.0238075256347656
0.195327758789063 -0.0139617919921875 0.059173583984375 -0.0761871337890625
0.179611206054688 0.0668182373046875 0.287841796875 -0.084259033203125
-0.0972366333007812 -0.118797302246094 -0.3157958984375 0.0806884765624999
-0.124237060546875 0.00675201416015623 -0.0988082885742188 0.0536651611328125
-0.0891571044921875 0.0806198120117188 0.0227775573730469 -0.0647048950195313
-0.0156326293945313 0.0995559692382812 0.022735595703125 -0.152359008789063
0.014892578125 0.072784423828125 -0.02490234375 -0.189559936523438
0.037322998046875 0.0529594421386719 -0.111541748046875 -0.191940307617187
0.0325164794921875 0.0487022399902344 -0.1768798828125 -0.114959716796875
0.01739501953125 0.0547943115234375 -0.157150268554688 -0.0596771240234375
0.0108833312988281 0.0566596984863281 -0.128768920898438 -0.0182876586914063
-0.015960693359375 0.0396499633789063 -0.10546875 0.000701904296875013
-0.0348777770996094 0.0316314697265625 -0.086517333984375 0.0482025146484375
-0.0565872192382812 0.0255126953125 -0.0958328247070313 0.089324951171875
-0.0861663818359375 -0.016815185546875 -0.125343322753906 0.11053466796875
-0.0933685302734375 -0.0647430419921875 -0.1380615234375 0.179473876953125
-0.070892333984375 -0.138198852539063 -0.113265991210937 0.156417846679688
0.010986328125 -0.150726318359375 -0.325164794921875 0.0253601074218749
-0.0408744812011719 -0.0305709838867187 -0.107269287109375 0.00649261474609375
-0.0209522247314453 0.0192127227783203 0.0209121704101562 -0.104240417480469
0.0168533325195313 0.0361480712890625 0.00820922851562501 -0.178970336914063
0.0266571044921875 0.00489425659179688 -0.0318145751953125 -0.201812744140625
0.0118179321289062 -0.00546836853027344 -0.120162963867187 -0.20025634765625
-0.0182418823242187 0.00757026672363281 -0.180862426757813 -0.12432861328125
-0.0353050231933594 0.0132637023925781 -0.153778076171875 -0.0692138671875
-0.0554962158203125 0.0238456726074219 -0.1273193359375 -0.0269012451171875
-0.0708084106445313 -0.00359344482421876 -0.0970382690429688 0.0019683837890625
-0.0766372680664063 -0.0388870239257812 -0.07867431640625 0.05108642578125
-0.0716934204101563 -0.0651321411132812 -0.103012084960938 0.083099365234375
-0.0319366455078125 -0.109207153320313 -0.129684448242188 0.080780029296875
-0.0197219848632813 -0.135757446289063 -0.135940551757813 0.130012512207031
0.029083251953125 -0.189682006835938 -0.100357055664063 0.101112365722656
0.121673583984375 -0.162841796875 -0.29571533203125 -0.03424072265625
0.0585899353027344 -0.0653572082519531 -0.0854415893554688 -0.0416946411132812
0.0597496032714844 -0.0578651428222656 0.0374908447265625 -0.144149780273438
0.0473403930664063 -0.0454635620117188 0.00312805175781248 -0.206649780273437
0.0311737060546875 -0.0728530883789062 -0.0367889404296875 -0.207077026367188
-0.0200042724609375 -0.0674934387207031 -0.121322631835938 -0.189926147460937
-0.0702095031738281 -0.03564453125 -0.16473388671875 -0.11749267578125
-0.0847091674804688 -0.0312042236328125 -0.126266479492188 -0.0690078735351563
-0.112281799316406 -0.0108489990234375 -0.100540161132813 -0.0290603637695313
-0.11212158203125 -0.0423507690429688 -0.0678672790527344 0.0101776123046875
-0.107826232910156 -0.094879150390625 -0.0553627014160156 0.0598182678222656
-0.0849456787109375 -0.134780883789063 -0.100166320800781 0.0845489501953125
0.0121002197265625 -0.180984497070313 -0.132713317871094 0.0566940307617188
0.0466156005859375 -0.186386108398437 -0.129554748535156 0.0685577392578125
0.119476318359375 -0.214767456054688 -0.0596961975097656 0.0325088500976562
0.213104248046875 -0.154937744140625 -0.23040771484375 -0.0898284912109375
0.15472412109375 -0.0933380126953125 -0.0380401611328125 -0.0908584594726563
0.135414123535156 -0.139854431152344 0.064788818359375 -0.177261352539063
0.0674209594726563 -0.133644104003906 0.009246826171875 -0.222198486328125
0.0234527587890625 -0.14886474609375 -0.0315399169921875 -0.197418212890625
-0.0553436279296875 -0.120750427246094 -0.1060791015625 -0.161483764648438
-0.114105224609375 -0.0722503662109375 -0.126754760742187 -0.0968093872070312
-0.121429443359375 -0.0705490112304687 -0.0800399780273438 -0.0589447021484375
-0.150604248046875 -0.045318603515625 -0.0558242797851563 -0.0230255126953125
-0.133049011230469 -0.0765533447265625 -0.0265254974365234 0.0250015258789063
-0.117668151855469 -0.137039184570313 -0.026092529296875 0.0721054077148437
-0.0810394287109375 -0.180068969726562 -0.0896224975585938 0.0877609252929687
0.05499267578125 -0.222412109375 -0.131637573242187 0.0376815795898438
0.107635498046875 -0.205596923828125 -0.11773681640625 0.00462341308593751
0.194564819335937 -0.204437255859375 0.000823974609375008 -0.0384483337402344
0.267547607421875 -0.125457763671875 -0.142013549804687 -0.139068603515625
0.225570678710938 -0.105499267578125 0.0196380615234375 -0.139183044433594
0.189712524414063 -0.2005615234375 0.0896148681640625 -0.196273803710938
0.0753173828125 -0.20245361328125 0.0232086181640625 -0.215499877929688
0.00941467285156248 -0.203125 -0.0143890380859375 -0.169586181640625
-0.08538818359375 -0.1539306640625 -0.07135009765625 -0.11956787109375
-0.142257690429688 -0.0962982177734375 -0.0696754455566406 -0.0673599243164063
-0.141021728515625 -0.0983428955078125 -0.0227622985839844 -0.0404739379882813
-0.166061401367187 -0.0767822265625 -0.00186872482299806 -0.00621795654296875
-0.129180908203125 -0.10546875 0.0169715881347656 0.0493812561035156
-0.102386474609375 -0.165054321289063 0.00106048583984375 0.0888595581054688
-0.053680419921875 -0.204071044921875 -0.0767288208007812 0.0900726318359375
0.10400390625 -0.228744506835938 -0.123123168945313 0.0211410522460937
0.1650390625 -0.190399169921875 -0.0936355590820312 -0.0526809692382813
0.245681762695313 -0.16033935546875 0.0746917724609375 -0.097503662109375
0.273178100585937 -0.0784912109375 -0.047882080078125 -0.175888061523438
0.250411987304688 -0.0948486328125 0.0742950439453125 -0.180206298828125
0.206466674804688 -0.215728759765625 0.102828979492188 -0.198959350585938
0.0707244873046875 -0.224960327148438 0.0385894775390625 -0.189682006835938
-0.00282287597656252 -0.214813232421875 0.0129241943359375 -0.127235412597656
-0.097442626953125 -0.159530639648438 -0.02215576171875 -0.0738754272460938
-0.146270751953125 -0.103851318359375 -0.00346374511718751 -0.0377578735351563
-0.139144897460938 -0.110969543457031 0.0368194580078125 -0.0163002014160156
-0.158187866210938 -0.0972442626953125 0.0529899597167969 0.0211677551269531
-0.108695983886719 -0.12237548828125 0.0545272827148437 0.0840835571289062
-0.0699462890625 -0.176513671875 0.0203170776367187 0.112823486328125
-0.0142364501953125 -0.203826904296875 -0.06329345703125 0.0950469970703125
0.14959716796875 -0.204864501953125 -0.10516357421875 0.0108489990234375
0.209228515625 -0.146652221679688 -0.0532760620117188 -0.0909347534179688
0.266357421875 -0.0921630859375 0.155868530273438 -0.130905151367187
0.232803344726562 -0.016815185546875 0.0308074951171875 -0.19482421875
0.227554321289062 -0.060211181640625 0.112045288085938 -0.206405639648438
0.184371948242188 -0.179794311523438 0.105926513671875 -0.182281494140625
0.0576934814453125 -0.192062377929687 0.0565948486328125 -0.151626586914063
-0.00402832031249999 -0.17950439453125 0.0424346923828125 -0.0841217041015625
-0.0823593139648438 -0.136573791503906 0.0306320190429687 -0.0357017517089844
-0.123931884765625 -0.095245361328125 0.0602073669433594 -0.0130500793457031
-0.117286682128906 -0.105247497558594 0.0894775390625 0.0105133056640625
-0.131660461425781 -0.101417541503906 0.101310729980469 0.055908203125
-0.0803451538085938 -0.120086669921875 0.081756591796875 0.125434875488281
-0.03857421875 -0.163787841796875 0.029876708984375 0.139747619628906
0.019012451171875 -0.181427001953125 -0.0485763549804687 0.102790832519531
0.171875 -0.161483764648438 -0.0759429931640625 0.0121917724609375
0.225555419921875 -0.0870361328125 0.00062561035156251 -0.10186767578125
0.25048828125 -0.013702392578125 0.235076904296875 -0.132080078125
0.157363891601563 0.0525360107421875 0.083648681640625 -0.18939208984375
0.16900634765625 -0.0050811767578125 0.13250732421875 -0.20672607421875
0.136390686035156 -0.09912109375 0.10382080078125 -0.1510009765625
0.0459671020507813 -0.114250183105469 0.0768814086914063 -0.116432189941406
0.0124893188476563 -0.108238220214844 0.0666999816894531 -0.0529518127441406
-0.0421524047851563 -0.0961074829101562 0.0718460083007813 -0.0130996704101563
-0.0782928466796875 -0.0758819580078125 0.107948303222656 0.00549316406249999
-0.0784988403320313 -0.0836944580078125 0.128128051757813 0.0347671508789062
-0.0920639038085938 -0.086456298828125 0.138511657714844 0.0908737182617188
-0.0555877685546875 -0.0948410034179688 0.0989990234375 0.163436889648437
-0.022003173828125 -0.128433227539063 0.034881591796875 0.164840698242188
0.0264892578125 -0.13995361328125 -0.0318222045898437 0.115554809570312
0.157196044921875 -0.113494873046875 -0.0431900024414062 0.0300216674804687
0.203125 -0.02825927734375 0.0554046630859375 -0.0816574096679688
0.194580078125 0.0572052001953125 0.299224853515625 -0.102752685546875
-0.109748840332031 -0.110443115234375 -0.321502685546875 0.109161376953125
-0.124755859375 0.0190963745117188 -0.0946884155273438 0.062957763671875
-0.0823898315429687 0.09136962890625 0.0225982666015625 -0.0692596435546875
-0.00373077392578125 0.102653503417969 0.0141448974609375 -0.161911010742188
0.0234451293945312 0.071380615234375 -0.03900146484375 -0.199020385742188
0.0414962768554688 0.0476264953613281 -0.13311767578125 -0.196243286132812
0.0357475280761719 0.0443801879882812 -0.195663452148437 -0.107315063476562
0.0218238830566406 0.0526161193847656 -0.170791625976563 -0.049285888671875
0.0143547058105469 0.0551948547363281 -0.139472961425781 -0.00781250000000002
-0.0144119262695313 0.0392875671386719 -0.11370849609375 0.0097198486328125
-0.0321979522705078 0.0324325561523438 -0.089141845703125 0.0586624145507812
-0.0534553527832031 0.0303306579589844 -0.096710205078125 0.101737976074219
-0.0875625610351563 -0.00831604003906248 -0.127342224121094 0.123611450195313
-0.0997772216796875 -0.0567779541015625 -0.135360717773437 0.197998046875
-0.0854949951171875 -0.13360595703125 -0.1121826171875 0.1728515625
0.00181579589843749 -0.15301513671875 -0.3345947265625 0.0542907714843751
-0.03985595703125 -0.0260658264160156 -0.107048034667969 0.0170822143554687
-0.0140571594238281 0.0212116241455078 0.0171127319335937 -0.109756469726563
0.0259227752685547 0.0331058502197266 -0.00228881835937499 -0.188186645507813
0.0303096771240234 -0.00118827819824219 -0.0464324951171875 -0.210479736328125
0.0105791091918945 -0.0116767883300781 -0.14129638671875 -0.202056884765625
-0.0212268829345703 0.00479888916015624 -0.200180053710937 -0.115936279296875
-0.0377655029296875 0.0124931335449219 -0.166946411132813 -0.0586395263671875
-0.0573883056640625 0.0262641906738281 -0.138053894042969 -0.0152053833007812
-0.0745468139648438 -0.002532958984375 -0.104606628417969 0.0113677978515625
-0.0812149047851563 -0.0380325317382813 -0.0809402465820313 0.0621414184570312
-0.0768585205078125 -0.0639572143554688 -0.10491943359375 0.0980682373046875
-0.0384368896484375 -0.109909057617188 -0.134063720703125 0.0954055786132813
-0.0276031494140625 -0.1370849609375 -0.136322021484375 0.148406982421875
0.0167388916015625 -0.196792602539063 -0.102516174316406 0.116233825683594
0.1173095703125 -0.176437377929688 -0.30792236328125 -0.00741577148437499
0.0622024536132812 -0.0697975158691406 -0.087188720703125 -0.033782958984375
0.0637283325195313 -0.0661888122558594 0.0312042236328125 -0.152877807617188
0.0511970520019531 -0.0540733337402344 -0.00848388671875001 -0.21551513671875
0.028961181640625 -0.0831451416015625 -0.051788330078125 -0.214675903320313
-0.026580810546875 -0.0743179321289063 -0.140151977539062 -0.189346313476563
-0.0777130126953125 -0.0361328125 -0.181671142578125 -0.108291625976562
-0.0931549072265625 -0.0296783447265625 -0.138099670410156 -0.0605850219726562
-0.1201171875 -0.00512695312499999 -0.108772277832031 -0.0182647705078125
-0.121826171875 -0.039459228515625 -0.0720443725585938 0.0189666748046875
-0.119392395019531 -0.093963623046875 -0.0550689697265625 0.0705795288085938
-0.0971145629882813 -0.13616943359375 -0.101036071777344 0.100822448730469
0.00163269042968751 -0.190597534179688 -0.139289855957031 0.0728225708007812
0.03759765625 -0.196151733398438 -0.134658813476562 0.0856704711914063
0.110992431640625 -0.231292724609375 -0.0651512145996094 0.042144775390625
0.2138671875 -0.17718505859375 -0.243911743164062 -0.0691070556640626
0.160232543945313 -0.10821533203125 -0.041961669921875 -0.085906982421875
0.135360717773438 -0.15802001953125 0.056365966796875 -0.188751220703125
0.0644073486328125 -0.148330688476563 -0.00410461425781248 -0.231033325195312
0.014007568359375 -0.161865234375 -0.046112060546875 -0.203323364257813
-0.06768798828125 -0.126251220703125 -0.121551513671875 -0.158721923828125
-0.125144958496094 -0.0704421997070312 -0.138458251953125 -0.0892715454101562
-0.135269165039063 -0.0672454833984375 -0.0890579223632813 -0.0533294677734375
-0.162994384765625 -0.0377349853515625 -0.0607452392578125 -0.0155906677246094
-0.14495849609375 -0.0731048583984375 -0.0264987945556641 0.0317268371582031
-0.133804321289063 -0.137062072753906 -0.0226058959960938 0.08160400390625
-0.097808837890625 -0.18414306640625 -0.0894851684570313 0.104270935058594
0.0432891845703125 -0.238311767578125 -0.139190673828125 0.0538711547851562
0.10064697265625 -0.2227783203125 -0.126419067382813 0.018798828125
0.190643310546875 -0.229095458984375 -0.00696945190429686 -0.0358848571777344
0.273345947265625 -0.153152465820312 -0.154342651367187 -0.126388549804688
0.231109619140625 -0.128128051757813 0.0156478881835938 -0.139389038085938
0.18487548828125 -0.226821899414063 0.0805206298828125 -0.2113037109375
0.0655975341796875 -0.219879150390625 0.0100555419921875 -0.225433349609375
-0.0068206787109375 -0.215789794921875 -0.0249786376953125 -0.174957275390625
-0.100906372070312 -0.157028198242188 -0.0811080932617187 -0.117050170898438
-0.155929565429688 -0.09124755859375 -0.0765838623046875 -0.0629501342773438
-0.156951904296875 -0.0941009521484375 -0.0263938903808594 -0.0383834838867188
-0.180953979492188 -0.067169189453125 -0.00125145912170411 -0.00299882888793946
-0.143600463867188 -0.102783203125 0.0228347778320312 0.0543022155761719
-0.1197509765625 -0.16680908203125 0.0076751708984375 0.097503662109375
-0.072052001953125 -0.210800170898437 -0.0750503540039062 0.106956481933594
0.0933380126953125 -0.250137329101563 -0.130851745605469 0.0366897583007812
0.160812377929688 -0.212875366210937 -0.105789184570312 -0.04290771484375
0.248077392578125 -0.188949584960938 0.0666275024414063 -0.103294372558594
0.2823486328125 -0.10595703125 -0.059112548828125 -0.173004150390625
0.257354736328125 -0.121185302734375 0.06903076171875 -0.188186645507813
0.199676513671875 -0.245651245117188 0.094757080078125 -0.2147216796875
0.0570068359375 -0.241485595703125 0.0283966064453125 -0.199386596679688
-0.0214691162109375 -0.22515869140625 0.00677490234375001 -0.132621765136719
-0.114120483398437 -0.159561157226563 -0.0251846313476563 -0.0727615356445313
-0.160369873046875 -0.096405029296875 -0.00416946411132814 -0.0369758605957031
-0.155517578125 -0.105056762695313 0.0376358032226562 -0.0181694030761719
-0.173446655273438 -0.0881805419921875 0.0596733093261719 0.0212249755859375
-0.122528076171875 -0.12054443359375 0.0657272338867187 0.0881500244140625
-0.08758544921875 -0.17919921875 0.0300521850585937 0.121238708496094
-0.0314788818359375 -0.213088989257813 -0.0602493286132813 0.110702514648437
0.141021728515625 -0.228866577148438 -0.112174987792969 0.02459716796875
0.208908081054688 -0.171340942382813 -0.0665130615234375 -0.0867538452148438
0.27435302734375 -0.119979858398438 0.14971923828125 -0.145645141601563
0.243911743164063 -0.0404052734375 0.023162841796875 -0.200698852539063
0.23431396484375 -0.08416748046875 0.107101440429688 -0.219635009765625
0.176193237304687 -0.205459594726562 0.09930419921875 -0.198272705078125
0.043853759765625 -0.205795288085938 0.05047607421875 -0.1617431640625
-0.020782470703125 -0.186492919921875 0.0403900146484375 -0.0908660888671875
-0.0973663330078125 -0.135475158691406 0.0327262878417969 -0.0373039245605469
-0.135658264160156 -0.0876312255859375 0.0644874572753906 -0.0168266296386719
-0.130867004394531 -0.099151611328125 0.0953598022460937 0.00441741943359374
-0.145233154296875 -0.0929718017578125 0.113533020019531 0.0529098510742188
-0.0926437377929688 -0.118721008300781 0.0977935791015625 0.129020690917969
-0.0533294677734375 -0.1661376953125 0.0420074462890625 0.148712158203125
0.0041656494140625 -0.19024658203125 -0.0444488525390625 0.116691589355469
0.16595458984375 -0.184906005859375 -0.0809402465820312 0.0227279663085938
0.229232788085938 -0.110580444335938 -0.0109100341796875 -0.103370666503906
0.262481689453125 -0.037384033203125 0.233245849609375 -0.154449462890625
0.168792724609375 0.037017822265625 0.0789337158203125 -0.201522827148438
0.175552368164063 -0.0221405029296875 0.127609252929687 -0.223587036132813
0.131217956542969 -0.117652893066406 0.100814819335938 -0.166030883789063
0.0361404418945312 -0.122673034667969 0.0745620727539063 -0.126739501953125
0.00148773193359375 -0.112777709960938 0.0680007934570313 -0.0606498718261719
-0.0522384643554687 -0.09417724609375 0.0774688720703125 -0.0175323486328125
-0.0858688354492187 -0.0688552856445313 0.115913391113281 -0.00243377685546875
-0.0872573852539063 -0.0778121948242188 0.137451171875 0.0262832641601562
-0.101852416992188 -0.0795059204101562 0.155197143554688 0.0854644775390625
-0.0641098022460938 -0.0920333862304687 0.1187744140625 0.166839599609375
-0.0331802368164063 -0.128570556640625 0.0479278564453125 0.17413330078125
0.0143280029296875 -0.146804809570313 -0.02685546875 0.1282958984375
0.152877807617188 -0.132308959960938 -0.0461463928222656 0.0371971130371094
0.209121704101562 -0.04803466796875 0.0478668212890625 -0.08856201171875
0.207656860351563 0.0408935546875 0.30279541015625 -0.129669189453125
-0.11981201171875 -0.096832275390625 -0.315643310546875 0.138031005859375
-0.121116638183594 0.0314788818359375 -0.0879745483398438 0.07110595703125
-0.070526123046875 0.0989227294921875 0.0203018188476562 -0.0721359252929688
0.00834655761718749 0.100837707519531 0.00312805175781252 -0.167449951171875
0.0314903259277344 0.0663070678710938 -0.055328369140625 -0.201736450195312
0.0444869995117188 0.0415687561035156 -0.153030395507812 -0.19140625
0.0370025634765625 0.0386962890625 -0.210067749023438 -0.0933074951171875
0.0254745483398438 0.0489425659179688 -0.179153442382812 -0.0349578857421875
0.0180130004882813 0.052093505859375 -0.145721435546875 0.00491333007812499
-0.0125732421875 0.0385322570800781 -0.118507385253906 0.020721435546875
-0.0289897918701172 0.0323600769042969 -0.0884475708007813 0.0689849853515625
-0.0483055114746094 0.0340805053710937 -0.0926971435546875 0.1129150390625
-0.0860748291015625 0.000556945800781247 -0.124809265136719 0.136825561523438
-0.103050231933594 -0.046722412109375 -0.12469482421875 0.213729858398438
-0.097442626953125 -0.124221801757812 -0.105911254882812 0.186508178710938
-0.00845336914062499 -0.150619506835938 -0.33294677734375 0.086639404296875
-0.0367507934570312 -0.0212287902832031 -0.103363037109375 0.027435302734375
-0.00650787353515625 0.0213890075683594 0.01104736328125 -0.113006591796875
0.0335636138916016 0.0277900695800781 -0.0149383544921875 -0.191329956054688
0.0328311920166016 -0.00892066955566406 -0.062957763671875 -0.212326049804688
0.00804901123046875 -0.017552375793457 -0.160537719726563 -0.196044921875
-0.0237236022949219 0.00310516357421875 -0.214385986328125 -0.100540161132812
-0.0395965576171875 0.012725830078125 -0.17608642578125 -0.044281005859375
-0.0578193664550781 0.0291175842285156 -0.14288330078125 -0.0011749267578125
-0.0775299072265625 0.000518798828125003 -0.108024597167969 0.022491455078125
-0.0850906372070313 -0.0351715087890625 -0.0789337158203125 0.0731048583984375
-0.0811233520507812 -0.0599899291992188 -0.101127624511719 0.111129760742188
-0.0450439453125 -0.108024597167969 -0.133186340332031 0.110092163085937
-0.0357894897460938 -0.134742736816406 -0.130020141601563 0.164871215820312
0.00216674804687501 -0.1978759765625 -0.0998992919921875 0.1302490234375
0.107925415039063 -0.185882568359375 -0.309906005859375 0.023284912109375
0.063446044921875 -0.0747604370117188 -0.0863800048828125 -0.0234756469726562
0.0644912719726563 -0.0739822387695313 0.0212554931640625 -0.1573486328125
0.0522270202636719 -0.0630378723144531 -0.023712158203125 -0.217666625976563
0.0236663818359375 -0.091949462890625 -0.067718505859375 -0.214111328125
-0.0345687866210938 -0.0774688720703125 -0.157424926757813 -0.182022094726562
-0.08416748046875 -0.0338897705078125 -0.193679809570313 -0.09381103515625
-0.09991455078125 -0.0253829956054687 -0.146469116210937 -0.048004150390625
-0.124656677246094 0.003265380859375 -0.113533020019531 -0.00614929199218749
-0.128089904785156 -0.0330276489257813 -0.0737152099609375 0.0284194946289063
-0.129173278808594 -0.0889968872070313 -0.0515975952148438 0.0800552368164063
-0.109077453613281 -0.132057189941406 -0.0968399047851563 0.11590576171875
-0.0109710693359375 -0.195327758789063 -0.1395263671875 0.089019775390625
0.026092529296875 -0.201858520507813 -0.133270263671875 0.102516174316406
0.0961456298828125 -0.243606567382813 -0.0674667358398438 0.0531539916992187
0.205856323242188 -0.196868896484375 -0.248428344726563 -0.043975830078125
0.160079956054687 -0.122467041015625 -0.043670654296875 -0.0789871215820313
0.128494262695312 -0.17498779296875 0.0433807373046875 -0.195709228515625
0.05731201171875 -0.158859252929688 -0.0199127197265625 -0.23272705078125
0.000732421875000004 -0.169708251953125 -0.06048583984375 -0.20269775390625
-0.080535888671875 -0.126075744628906 -0.134307861328125 -0.150283813476563
-0.135505676269531 -0.0639419555664062 -0.147567749023438 -0.077423095703125
-0.145736694335938 -0.05853271484375 -0.0943832397460938 -0.0446929931640625
-0.171005249023438 -0.025604248046875 -0.0623512268066406 -0.00658798217773438
-0.1546630859375 -0.0644683837890625 -0.0245361328125 0.0380363464355469
-0.147201538085938 -0.131118774414062 -0.0166473388671875 0.0895614624023437
-0.113983154296875 -0.181304931640625 -0.0836563110351563 0.119888305664062
0.02642822265625 -0.2486572265625 -0.140296936035156 0.07098388671875
0.0867767333984375 -0.23565673828125 -0.130226135253906 0.0344161987304688
0.177444458007813 -0.25054931640625 -0.014190673828125 -0.0311775207519531
0.267623901367188 -0.180694580078125 -0.1617431640625 -0.1092529296875
0.229751586914063 -0.1505126953125 0.0105056762695313 -0.137847900390625
0.1702880859375 -0.248931884765625 0.0654144287109375 -0.220230102539063
0.0502777099609375 -0.230743408203125 -0.00590515136718748 -0.228134155273438
-0.02557373046875 -0.221725463867188 -0.0373992919921875 -0.174819946289063
-0.116989135742188 -0.153823852539063 -0.088653564453125 -0.10992431640625
-0.166900634765625 -0.0811309814453125 -0.0806045532226563 -0.0551986694335938
-0.169937133789063 -0.08294677734375 -0.0296039581298828 -0.0345039367675781
-0.190765380859375 -0.053558349609375 0.00035727024078368 0.000522196292877194
-0.154800415039063 -0.09393310546875 0.0286369323730469 0.0573234558105469
-0.136428833007813 -0.161468505859375 0.0157089233398437 0.103530883789062
-0.0914459228515625 -0.209930419921875 -0.0680007934570312 0.121223449707031
0.075225830078125 -0.2659912109375 -0.132987976074219 0.05255126953125
0.148345947265625 -0.23126220703125 -0.114219665527344 -0.0297698974609375
0.239517211914063 -0.215789794921875 0.0560455322265625 -0.105911254882813
0.280380249023438 -0.135543823242188 -0.0674591064453125 -0.164764404296875
0.254669189453125 -0.146514892578125 0.0612945556640625 -0.191558837890625
0.180755615234375 -0.269561767578125 0.0794219970703125 -0.2252197265625
0.037841796875 -0.251251220703125 0.01556396484375 -0.203353881835938
-0.0428924560546875 -0.228378295898438 -0.00192260742187501 -0.134712219238281
-0.13037109375 -0.153366088867188 -0.0277061462402344 -0.069488525390625
-0.171096801757813 -0.0844573974609375 -0.00475120544433595 -0.0347995758056641
-0.168441772460938 -0.0930023193359375 0.0378952026367187 -0.0196609497070313
-0.184494018554688 -0.074310302734375 0.064605712890625 0.0192718505859375
-0.134880065917969 -0.113761901855469 0.0768890380859375 0.0874786376953125
-0.104141235351563 -0.174667358398438 0.0404891967773438 0.125602722167969
-0.0507659912109375 -0.214767456054687 -0.052764892578125 0.123580932617188
0.125228881835937 -0.24798583984375 -0.113945007324219 0.0384597778320312
0.19952392578125 -0.193527221679688 -0.0773162841796875 -0.07861328125
0.27215576171875 -0.14862060546875 0.137649536132813 -0.157196044921875
0.245620727539063 -0.0659332275390625 0.013916015625 -0.202011108398438
0.232635498046875 -0.1080322265625 0.096710205078125 -0.227218627929688
0.159042358398438 -0.22711181640625 0.085784912109375 -0.208389282226563
0.02593994140625 -0.212539672851563 0.0410003662109375 -0.168136596679688
-0.03912353515625 -0.187225341796875 0.0362548828125 -0.0950546264648438
-0.110580444335938 -0.128341674804688 0.0344810485839844 -0.038726806640625
-0.144378662109375 -0.0756072998046875 0.0670661926269531 -0.0208053588867188
-0.142013549804688 -0.08837890625 0.098114013671875 -0.00226593017578126
-0.154891967773438 -0.080169677734375 0.122756958007812 0.046295166015625
-0.103065490722656 -0.112541198730469 0.113273620605469 0.126625061035156
-0.0675048828125 -0.163604736328125 0.0556793212890625 0.153121948242188
-0.0130615234375 -0.193130493164063 -0.036834716796875 0.128257751464844
0.1519775390625 -0.203948974609375 -0.0833358764648437 0.0331039428710938
0.223190307617187 -0.134063720703125 -0.02215576171875 -0.10089111328125
0.265487670898437 -0.06427001953125 0.221771240234375 -0.174102783203125
0.174209594726562 0.0186004638671875 0.0692901611328125 -0.210205078125
0.175247192382813 -0.0408782958984375 0.115509033203125 -0.235000610351563
0.119239807128906 -0.133018493652344 0.09130859375 -0.176834106445313
0.0238571166992187 -0.126380920410156 0.067413330078125 -0.135604858398438
-0.0101165771484375 -0.113121032714844 0.0666389465332031 -0.0674591064453125
-0.0607528686523438 -0.0895233154296875 0.0805816650390625 -0.0233840942382813
-0.0912704467773437 -0.0604629516601563 0.119926452636719 -0.011444091796875
-0.0947113037109375 -0.0692596435546875 0.142868041992188 0.0153656005859375
-0.109390258789063 -0.0691452026367188 0.16705322265625 0.0745849609375
-0.0714874267578125 -0.0863876342773437 0.136871337890625 0.163101196289063
-0.0446929931640625 -0.124488830566406 0.0630035400390625 0.177764892578125
0.000732421875000001 -0.148147583007813 -0.0181198120117188 0.137245178222656
0.14129638671875 -0.148452758789063 -0.0467720031738281 0.0443878173828125
0.205596923828125 -0.06842041015625 0.0378341674804688 -0.0920562744140625
0.214736938476562 0.0196075439453125 0.294677734375 -0.156951904296875
-0.123855590820313 -0.0832061767578125 -0.30548095703125 0.15899658203125
-0.114616394042969 0.040313720703125 -0.0812225341796875 0.0759048461914062
-0.0595169067382813 0.102653503417969 0.0188369750976563 -0.0746383666992188
0.0180740356445312 0.096710205078125 -0.00537109375000001 -0.169296264648437
0.03668212890625 0.0605354309082031 -0.066558837890625 -0.201126098632813
0.0446853637695313 0.0347824096679688 -0.16741943359375 -0.184524536132813
0.0358848571777344 0.0337104797363281 -0.21868896484375 -0.07989501953125
0.0266799926757813 0.0452194213867188 -0.183074951171875 -0.022705078125
0.0193138122558594 0.0492477416992188 -0.147659301757813 0.016815185546875
-0.0116157531738281 0.0363731384277344 -0.120506286621094 0.0300521850585938
-0.0265941619873047 0.0312633514404297 -0.086029052734375 0.0767745971679687
-0.0433807373046875 0.0355949401855469 -0.0889434814453125 0.120620727539063
-0.08270263671875 0.00769042968749998 -0.12115478515625 0.145584106445312
-0.102622985839844 -0.0374832153320312 -0.114654541015625 0.223342895507813
-0.104347229003906 -0.113441467285156 -0.0995025634765625 0.195465087890625
-0.015228271484375 -0.145401000976562 -0.32415771484375 0.110626220703125
-0.032928466796875 -0.0176639556884766 -0.0980987548828125 0.03436279296875
0.000246047973632813 0.0201663970947266 0.0066986083984375 -0.113372802734375
0.0396652221679688 0.0212059020996094 -0.0245819091796875 -0.191299438476563
0.0327606201171875 -0.015655517578125 -0.0741729736328125 -0.20989990234375
0.00456619262695312 -0.0218601226806641 -0.174545288085938 -0.188186645507812
-0.0272941589355469 0.00188064575195312 -0.222549438476563 -0.0862884521484375
-0.041259765625 0.0128097534179687 -0.179763793945313 -0.03106689453125
-0.0583076477050781 0.030853271484375 -0.144729614257813 0.0116424560546875
-0.0790328979492188 0.00259399414062501 -0.10931396484375 0.0326385498046875
-0.087615966796875 -0.03302001953125 -0.0761184692382813 0.080535888671875
-0.082733154296875 -0.0567855834960937 -0.0962295532226562 0.121170043945313
-0.0484237670898437 -0.105552673339844 -0.131233215332031 0.120712280273437
-0.0409317016601563 -0.131103515625 -0.123214721679687 0.177108764648438
-0.00859069824218751 -0.195632934570313 -0.0965118408203125 0.140762329101563
0.098541259765625 -0.189453125 -0.304351806640625 0.048065185546875
0.064605712890625 -0.0779266357421875 -0.0832748413085938 -0.0159225463867188
0.064971923828125 -0.0810012817382813 0.0134735107421875 -0.157760620117187
0.0525970458984375 -0.0708465576171875 -0.03424072265625 -0.216079711914063
0.0181350708007812 -0.0978851318359375 -0.0778961181640625 -0.211471557617188
-0.041229248046875 -0.0792922973632813 -0.16796875 -0.172393798828125
-0.0892868041992188 -0.030731201171875 -0.199966430664063 -0.0800628662109375
-0.104660034179687 -0.0207366943359375 -0.150039672851563 -0.0357818603515625
-0.125923156738281 0.0099029541015625 -0.113578796386719 0.00466918945312501
-0.132156372070313 -0.0275802612304688 -0.0728759765625 0.0363845825195312
-0.135337829589844 -0.08416748046875 -0.0471878051757813 0.0872650146484375
-0.116172790527344 -0.126884460449219 -0.090850830078125 0.126899719238281
-0.02117919921875 -0.196502685546875 -0.137771606445312 0.101554870605469
0.016998291015625 -0.203414916992188 -0.129753112792969 0.115646362304687
0.0825653076171875 -0.249374389648438 -0.0682334899902344 0.0617942810058594
0.196182250976563 -0.208999633789063 -0.245925903320313 -0.0213470458984375
0.157867431640625 -0.133255004882813 -0.0429153442382813 -0.0724029541015625
0.120590209960938 -0.185821533203125 0.0328826904296875 -0.197113037109375
0.0503692626953125 -0.166473388671875 -0.03167724609375 -0.231002807617187
-0.0103302001953125 -0.173812866210938 -0.0703887939453125 -0.199874877929688
-0.0899429321289063 -0.124267578125 -0.142013549804687 -0.141464233398438
-0.141647338867187 -0.0569915771484375 -0.151519775390625 -0.0656280517578125
-0.153030395507813 -0.0512237548828125 -0.0980987548828125 -0.0363616943359375
-0.173995971679688 -0.0149383544921875 -0.0620155334472656 0.000175476074218753
-0.160781860351562 -0.057891845703125 -0.0221099853515625 0.0433158874511719
-0.156478881835938 -0.124618530273438 -0.0113601684570313 0.0943374633789062
-0.125946044921875 -0.175857543945313 -0.0770797729492188 0.131118774414063
0.0121612548828125 -0.25408935546875 -0.139335632324219 0.0839004516601563
0.0747222900390625 -0.242034912109375 -0.130699157714844 0.0481414794921875
0.1644287109375 -0.263198852539063 -0.0192089080810547 -0.0255451202392578
0.2586669921875 -0.199478149414063 -0.16192626953125 -0.092620849609375
0.224151611328125 -0.166900634765625 0.00834655761718751 -0.134078979492188
0.155776977539063 -0.263778686523438 0.0531005859375 -0.222610473632813
0.0376434326171875 -0.237503051757813 -0.016448974609375 -0.227218627929688
-0.041534423828125 -0.222427368164063 -0.0453338623046875 -0.172103881835938
-0.12774658203125 -0.148208618164063 -0.0923233032226563 -0.103172302246094
-0.173751831054687 -0.0717620849609375 -0.082366943359375 -0.0484161376953125
-0.177993774414063 -0.0730743408203125 -0.0317745208740234 -0.0306224822998047
-0.1956787109375 -0.040130615234375 0.00180339813232421 0.00335001945495605
-0.162521362304688 -0.0865478515625 0.0335273742675781 0.0582656860351563
-0.147552490234375 -0.154449462890625 0.0234909057617187 0.106475830078125
-0.105072021484375 -0.20501708984375 -0.0609359741210938 0.131614685058594
0.058685302734375 -0.274215698242188 -0.132049560546875 0.0657272338867187
0.1361083984375 -0.24267578125 -0.118476867675781 -0.0174102783203125
0.229461669921875 -0.234024047851562 0.0466384887695313 -0.105674743652344
0.272903442382813 -0.157272338867187 -0.0706939697265625 -0.155410766601563
0.24755859375 -0.166778564453125 0.055908203125 -0.191726684570313
0.162750244140625 -0.284759521484375 0.06610107421875 -0.228317260742188
0.021514892578125 -0.256088256835938 0.005126953125 -0.20355224609375
-0.05999755859375 -0.226776123046875 -0.00821685791015626 -0.134262084960938
-0.140487670898438 -0.145355224609375 -0.0274429321289063 -0.0661659240722656
-0.177047729492188 -0.073455810546875 -0.00375747680664063 -0.0331211090087891
-0.176300048828125 -0.08245849609375 0.0374717712402344 -0.020416259765625
-0.19012451171875 -0.06085205078125 0.0680046081542969 0.0170173645019531
-0.142349243164063 -0.106002807617187 0.0850830078125 0.085205078125
-0.115615844726563 -0.168975830078125 0.0504379272460938 0.127708435058594
-0.0653839111328125 -0.211868286132813 -0.0447998046875 0.133087158203125
0.108505249023437 -0.2596435546875 -0.113929748535156 0.0499038696289062
0.188095092773438 -0.208282470703125 -0.0854339599609375 -0.068939208984375
0.2646484375 -0.170608520507813 0.125595092773438 -0.162765502929688
0.24139404296875 -0.0866546630859375 0.00787353515625001 -0.199203491210937
0.22576904296875 -0.126800537109375 0.088165283203125 -0.231231689453125
0.14141845703125 -0.239456176757813 0.07354736328125 -0.212570190429688
0.0104217529296875 -0.2135009765625 0.0326690673828125 -0.170150756835938
-0.05328369140625 -0.1844482421875 0.032501220703125 -0.0970458984375
-0.11932373046875 -0.119926452636719 0.03680419921875 -0.0401954650878906
-0.148147583007813 -0.065460205078125 0.0690994262695312 -0.0245590209960938
-0.148300170898437 -0.077239990234375 0.099151611328125 -0.0073699951171875
-0.159759521484375 -0.0680999755859375 0.128265380859375 0.039764404296875
-0.109657287597656 -0.105880737304688 0.124320983886719 0.121841430664063
-0.0782928466796875 -0.1573486328125 0.066619873046875 0.153671264648437
-0.0262298583984375 -0.191009521484375 -0.0286941528320313 0.135627746582031
0.137710571289063 -0.2161865234375 -0.0833053588867187 0.042205810546875
0.214309692382813 -0.150238037109375 -0.0317230224609375 -0.095794677734375
0.262542724609375 -0.08538818359375 0.208877563476563 -0.1865234375
0.173919677734375 0.0029754638671875 0.0628204345703125 -0.212982177734375
0.171157836914063 -0.0551605224609375 0.105911254882812 -0.241485595703125
0.10675048828125 -0.141845703125 0.082000732421875 -0.182266235351563
0.0135421752929688 -0.126243591308594 0.0617141723632812 -0.140487670898437
-0.0195159912109375 -0.110832214355469 0.0650711059570312 -0.0722885131835937
-0.0670623779296875 -0.082977294921875 0.0835189819335938 -0.027801513671875
-0.0924758911132812 -0.0525436401367188 0.122268676757812 -0.0200576782226563
-0.0984039306640625 -0.0607833862304688 0.144805908203125 0.0059051513671875
-0.112335205078125 -0.0592727661132813 0.174102783203125 0.0642852783203125
-0.0758438110351563 -0.0804672241210938 0.150955200195313 0.156692504882813
-0.05145263671875 -0.119255065917969 0.0754241943359375 0.1778564453125
-0.0101318359375 -0.145645141601563 -0.0110015869140625 0.143280029296875
0.128829956054687 -0.158447265625 -0.0462989807128906 0.0494117736816406
0.198989868164063 -0.0838775634765625 0.028717041015625 -0.0920257568359375
0.21588134765625 0.0025177001953125 0.281982421875 -0.17510986328125
-0.125343322753906 -0.07275390625 -0.298309326171875 0.173675537109375
-0.110031127929688 0.0460205078125 -0.0774383544921875 0.0788955688476563
-0.05078125 0.103538513183594 0.0190353393554688 -0.076019287109375
0.0259933471679687 0.0924758911132813 -0.010498046875 -0.17132568359375
0.0396232604980469 0.0558242797851562 -0.0741424560546875 -0.202163696289063
0.0438880920410156 0.0307044982910156 -0.179351806640625 -0.180999755859375
0.0344104766845703 0.0308799743652344 -0.225570678710938 -0.0695953369140625
0.0268440246582031 0.042510986328125 -0.18609619140625 -0.0137176513671875
0.0204696655273438 0.0466156005859375 -0.149703979492188 0.02545166015625
-0.0115756988525391 0.0350933074951172 -0.122917175292969 0.0371170043945313
-0.0254154205322266 0.0295143127441406 -0.0850296020507813 0.0824966430664063
-0.0394210815429687 0.0359039306640625 -0.0862579345703125 0.127716064453125
-0.0789871215820313 0.012176513671875 -0.120391845703125 0.15313720703125
-0.101669311523438 -0.0315475463867187 -0.108810424804687 0.231277465820313
-0.1090087890625 -0.105003356933594 -0.0963287353515625 0.203720092773438
-0.0182342529296875 -0.141403198242188 -0.318145751953125 0.127044677734375
-0.0290317535400391 -0.0160636901855469 -0.0949935913085937 0.0390090942382812
0.00609111785888672 0.017338752746582 0.00447845458984375 -0.114425659179688
0.0443191528320312 0.0150527954101562 -0.0299224853515625 -0.191787719726563
0.0324058532714844 -0.0216922760009766 -0.081207275390625 -0.2099609375
0.000993728637695312 -0.0259761810302734 -0.183837890625 -0.183212280273438
-0.030303955078125 0.000545501708984371 -0.228836059570313 -0.075469970703125
-0.0438613891601563 0.0128517150878906 -0.182937622070313 -0.021759033203125
-0.0592308044433594 0.031890869140625 -0.145599365234375 0.020599365234375
-0.08099365234375 0.00377655029296874 -0.110801696777344 0.0401687622070312
-0.0900344848632813 -0.0327606201171875 -0.07379150390625 0.0863113403320312
-0.0840530395507812 -0.0555419921875 -0.0939254760742187 0.129623413085938
-0.0500946044921875 -0.104598999023437 -0.131462097167969 0.1302490234375
-0.0433578491210938 -0.129440307617188 -0.11859130859375 0.18603515625
-0.015716552734375 -0.193878173828125 -0.095367431640625 0.14959716796875
0.0940704345703125 -0.192230224609375 -0.29888916015625 0.0643920898437499
0.0675430297851563 -0.0813140869140625 -0.0798187255859375 -0.0104598999023438
0.0662689208984375 -0.08758544921875 0.00883483886718751 -0.158920288085938
0.0531005859375 -0.07769775390625 -0.040985107421875 -0.215850830078125
0.0139923095703125 -0.103790283203125 -0.084442138671875 -0.210494995117188
-0.0469818115234375 -0.0813827514648437 -0.175323486328125 -0.167312622070313
-0.0938262939453125 -0.0292129516601563 -0.2047119140625 -0.0701446533203125
-0.109779357910156 -0.0179519653320312 -0.152679443359375 -0.0275115966796875
-0.128494262695313 0.0138168334960937 -0.114547729492188 0.0133056640625
-0.135879516601563 -0.0243072509765625 -0.0732574462890625 0.0424652099609375
-0.14141845703125 -0.08160400390625 -0.0439910888671875 0.0922622680664063
-0.121574401855469 -0.124832153320313 -0.0873870849609375 0.136245727539063
-0.02728271484375 -0.19866943359375 -0.138282775878906 0.112167358398438
0.0114288330078125 -0.205612182617187 -0.127334594726562 0.126289367675781
0.0742645263671875 -0.254196166992188 -0.0696258544921875 0.0702018737792969
0.191329956054687 -0.217681884765625 -0.241485595703125 -0.00587463378906253
0.158599853515625 -0.141677856445312 -0.0403480529785156 -0.0682754516601563
0.11602783203125 -0.195571899414062 0.0256805419921875 -0.19781494140625
0.0459442138671875 -0.173751831054688 -0.0388946533203125 -0.230789184570313
-0.0186309814453125 -0.178298950195312 -0.07598876953125 -0.197921752929688
-0.09747314453125 -0.124351501464844 -0.145843505859375 -0.136489868164063
-0.147674560546875 -0.0528411865234375 -0.154342651367188 -0.05816650390625
-0.159820556640625 -0.045623779296875 -0.0997772216796875 -0.0303878784179688
-0.17791748046875 -0.00756835937500002 -0.0616607666015625 0.00608062744140626
-0.166091918945313 -0.0534210205078125 -0.0200767517089844 0.0470809936523437
-0.164520263671875 -0.120574951171875 -0.00696563720703127 0.0988311767578125
-0.134750366210938 -0.173370361328125 -0.072479248046875 0.140670776367188
0.00231933593749997 -0.2596435546875 -0.139739990234375 0.0940628051757812
0.0670318603515625 -0.248092651367188 -0.131683349609375 0.0590133666992187
0.156417846679688 -0.273788452148437 -0.0241241455078125 -0.0198287963867188
0.2532958984375 -0.212509155273437 -0.159149169921875 -0.0812530517578125
0.222747802734375 -0.179611206054687 0.00928497314453125 -0.132179260253906
0.1461181640625 -0.275222778320313 0.0450592041015625 -0.2235107421875
0.02850341796875 -0.24322509765625 -0.0236358642578125 -0.2265625
-0.0525665283203125 -0.224639892578125 -0.049896240234375 -0.170822143554688
-0.136322021484375 -0.145339965820313 -0.0936050415039063 -0.0989608764648438
-0.1783447265625 -0.065582275390625 -0.0823135375976563 -0.0434494018554688
-0.185302734375 -0.0653533935546875 -0.0328140258789063 -0.0270805358886719
-0.200637817382813 -0.031707763671875 0.00331115722656249 0.00584745407104492
-0.168853759765625 -0.0816192626953125 0.0381927490234375 0.06005859375
-0.156036376953125 -0.150970458984375 0.0291366577148437 0.109878540039063
-0.115570068359375 -0.20361328125 -0.0556182861328125 0.141357421875
0.04736328125 -0.282928466796875 -0.133155822753906 0.0766143798828125
0.128402709960937 -0.25177001953125 -0.121940612792969 -0.00753021240234379
0.222671508789063 -0.249053955078125 0.0397415161132813 -0.104469299316406
0.267929077148438 -0.172897338867188 -0.07037353515625 -0.149826049804688
0.244827270507813 -0.180740356445313 0.054412841796875 -0.192367553710938
0.149932861328125 -0.295501708984375 0.058197021484375 -0.230270385742188
0.00975036621093748 -0.258468627929688 -0.000518798828124982 -0.204376220703125
-0.071746826171875 -0.22625732421875 -0.0106201171875 -0.1339111328125
-0.148391723632813 -0.140533447265625 -0.0256385803222656 -0.0645713806152344
-0.181167602539062 -0.0665740966796875 -0.00241088867187501 -0.0317192077636719
-0.18304443359375 -0.0737152099609375 0.0373573303222656 -0.0208282470703125
-0.194595336914063 -0.0510406494140625 0.0712051391601562 0.0154647827148437
-0.148727416992188 -0.101654052734375 0.0922775268554687 0.0847702026367188
-0.124008178710938 -0.165451049804688 0.0581436157226562 0.130386352539063
-0.07550048828125 -0.2113037109375 -0.0396728515625 0.140853881835938
0.0970458984375 -0.269241333007813 -0.115097045898437 0.0588607788085937
0.180877685546875 -0.2200927734375 -0.0903701782226562 -0.06121826171875
0.260467529296875 -0.186996459960937 0.116973876953125 -0.165939331054688
0.237884521484375 -0.101028442382813 0.00692749023437504 -0.199005126953125
0.221694946289062 -0.140884399414062 0.0846405029296875 -0.234100341796875
0.128997802734375 -0.249832153320313 0.0675048828125 -0.215240478515625
-0.000320434570312521 -0.214767456054688 0.028350830078125 -0.17193603515625
-0.063873291015625 -0.182891845703125 0.0308151245117187 -0.0987396240234375
-0.125106811523438 -0.114875793457031 0.0399818420410156 -0.0411949157714844
-0.15106201171875 -0.058319091796875 0.0716018676757812 -0.0272979736328125
-0.153366088867188 -0.069915771484375 0.100173950195312 -0.0113449096679688
-0.163604736328125 -0.0597991943359375 0.132797241210938 0.0347824096679688
-0.114387512207031 -0.101875305175781 0.133834838867188 0.118675231933594
-0.0850067138671875 -0.1539306640625 0.07550048828125 0.156051635742188
-0.035400390625 -0.190032958984375 -0.0233306884765625 0.142608642578125
0.126068115234375 -0.225723266601563 -0.0846328735351562 0.0488204956054687
0.207778930664063 -0.16229248046875 -0.0382766723632812 -0.0919036865234375
0.260757446289063 -0.101608276367187 0.199600219726563 -0.194580078125
0.172760009765625 -0.00836181640625 0.060760498046875 -0.217254638671875
0.1683349609375 -0.066070556640625 0.10125732421875 -0.246841430664063
0.0972900390625 -0.148483276367188 0.077972412109375 -0.186447143554688
0.00592803955078124 -0.126007080078125 0.0585479736328125 -0.144805908203125
-0.026336669921875 -0.108924865722656 0.0637588500976563 -0.075927734375
-0.071044921875 -0.0789566040039063 0.0871810913085938 -0.0317230224609375
-0.09368896484375 -0.0467529296875 0.125030517578125 -0.0261688232421875
-0.101394653320313 -0.055023193359375 0.146347045898437 -0.000549316406250003
-0.1138916015625 -0.05194091796875 0.179702758789063 0.05743408203125
-0.0778579711914063 -0.075653076171875 0.16192626953125 0.15252685546875
-0.05621337890625 -0.114891052246094 0.0846099853515625 0.179580688476563
-0.017181396484375 -0.1424560546875 -0.00546264648437499 0.1480712890625
0.119354248046875 -0.166290283203125 -0.0472755432128906 0.0546684265136719
0.194168090820313 -0.0952606201171875 0.0215377807617188 -0.091583251953125
0.216400146484375 -0.0109405517578125 0.27362060546875 -0.186859130859375
-0.127517700195313 -0.06500244140625 -0.29827880859375 0.188720703125
-0.1082763671875 0.0514068603515625 -0.0752716064453125 0.0830841064453125
-0.0449066162109375 0.105384826660156 0.0198287963867188 -0.0800247192382813
0.0324249267578125 0.0896377563476563 -0.0146331787109375 -0.176605224609375
0.0425682067871094 0.0518302917480469 -0.0819244384765625 -0.208343505859375
0.0427131652832031 0.0276069641113281 -0.192337036132813 -0.181747436523437
0.0336513519287109 0.0293064117431641 -0.235015869140625 -0.0627593994140626
0.0279350280761719 0.0412445068359375 -0.193161010742187 -0.00593566894531248
0.020660400390625 0.0457992553710938 -0.1541748046875 0.033843994140625
-0.0126152038574219 0.0346450805664063 -0.127853393554687 0.0441360473632812
-0.0258274078369141 0.0288200378417969 -0.086181640625 0.0891876220703125
-0.0370597839355469 0.03570556640625 -0.0862197875976562 0.136459350585938
-0.0771636962890625 0.0153350830078125 -0.122055053710938 0.16357421875
-0.102897644042969 -0.0282135009765625 -0.106719970703125 0.242431640625
-0.114814758300781 -0.100143432617187 -0.0974273681640625 0.215744018554688
-0.0196609497070312 -0.139968872070312 -0.318939208984375 0.143829345703125
-0.0255641937255859 -0.0156612396240234 -0.0930099487304688 0.0441055297851562
0.0112781524658203 0.0138568878173828 0.00323486328125 -0.117767333984375
0.0487937927246094 0.00817489624023438 -0.0352325439453125 -0.196640014648438
0.0325145721435547 -0.0276527404785156 -0.088348388671875 -0.215988159179688
-0.00264167785644531 -0.0293502807617187 -0.195877075195313 -0.183212280273437
-0.0340633392333984 0.000892639160156249 -0.238327026367188 -0.0682525634765624
-0.047454833984375 0.0139999389648437 -0.188888549804688 -0.0137481689453125
-0.0612297058105469 0.033416748046875 -0.14990234375 0.02947998046875
-0.0849761962890625 0.00467681884765624 -0.1146240234375 0.0475234985351563
-0.0947189331054688 -0.0332107543945312 -0.0746688842773438 0.0934600830078125
-0.0867919921875 -0.05596923828125 -0.0933151245117187 0.140243530273438
-0.0523452758789062 -0.107208251953125 -0.13433837890625 0.141860961914063
-0.0461196899414062 -0.130813598632813 -0.11724853515625 0.198028564453125
-0.021636962890625 -0.196456909179688 -0.0970001220703125 0.16070556640625
0.0938262939453125 -0.196853637695313 -0.299468994140625 0.08056640625
0.0716781616210938 -0.0867233276367188 -0.077728271484375 -0.00641632080078124
0.0685195922851563 -0.0955810546875 0.00611877441406252 -0.161849975585938
0.054595947265625 -0.086822509765625 -0.0467681884765625 -0.220169067382813
0.00983428955078126 -0.111091613769531 -0.091461181640625 -0.215530395507813
-0.0538101196289062 -0.0851211547851563 -0.184890747070313 -0.166259765625
-0.10015869140625 -0.028411865234375 -0.211807250976563 -0.062652587890625
-0.116462707519531 -0.0152740478515625 -0.157516479492188 -0.020294189453125
-0.133346557617187 0.0187301635742188 -0.11700439453125 0.0206756591796875
-0.142425537109375 -0.0222930908203125 -0.0745162963867188 0.0492324829101563
-0.1492919921875 -0.081207275390625 -0.0431594848632813 0.0991439819335937
-0.128761291503906 -0.125877380371094 -0.08575439453125 0.147628784179687
-0.0335540771484375 -0.2059326171875 -0.141693115234375 0.123809814453125
0.007354736328125 -0.211868286132813 -0.128334045410156 0.138236999511719
0.069915771484375 -0.263946533203125 -0.0725173950195312 0.07891845703125
0.191482543945313 -0.229171752929688 -0.241546630859375 0.00613403320312499
0.162445068359375 -0.153167724609375 -0.0382270812988281 -0.0661277770996094
0.114608764648438 -0.208023071289063 0.0220947265625 -0.201263427734375
0.0432586669921875 -0.183700561523438 -0.0456695556640625 -0.234725952148437
-0.02655029296875 -0.186004638671875 -0.081756591796875 -0.20220947265625
-0.106437683105469 -0.12652587890625 -0.151809692382813 -0.135726928710938
-0.154815673828125 -0.0502471923828125 -0.15838623046875 -0.0510406494140625
-0.1690673828125 -0.0406951904296875 -0.102989196777344 -0.0242156982421875
-0.18426513671875 -0.00184631347656248 -0.0627593994140625 0.01165771484375
-0.174179077148438 -0.050140380859375 -0.0185317993164063 0.0522041320800781
-0.17529296875 -0.120193481445313 -0.0036773681640625 0.104629516601562
-0.144393920898438 -0.174606323242187 -0.070098876953125 0.152374267578125
-0.00663757324218752 -0.270065307617188 -0.143600463867188 0.106826782226563
0.0626373291015625 -0.258132934570313 -0.134620666503906 0.0698089599609375
0.15350341796875 -0.289031982421875 -0.0273685455322266 -0.0151348114013672
0.253814697265625 -0.228515625 -0.158462524414062 -0.0737152099609375
0.226242065429688 -0.195281982421875 0.0108261108398438 -0.13311767578125
0.14117431640625 -0.291412353515625 0.040008544921875 -0.227813720703125
0.021453857421875 -0.252655029296875 -0.029815673828125 -0.230377197265625
-0.0637054443359375 -0.231689453125 -0.054290771484375 -0.174652099609375
-0.146026611328125 -0.145965576171875 -0.0951614379882813 -0.0986557006835938
-0.18743896484375 -0.0610504150390625 -0.0835189819335938 -0.0394744873046875
-0.19537353515625 -0.059295654296875 -0.0338764190673828 -0.0246791839599609
-0.207855224609375 -0.024200439453125 0.00457096099853514 0.00767326354980468
-0.177597045898438 -0.0791168212890625 0.0424232482910156 0.06298828125
-0.166839599609375 -0.151199340820312 0.0348434448242187 0.114837646484375
-0.126495361328125 -0.205886840820313 -0.05224609375 0.152114868164063
0.038177490234375 -0.295928955078125 -0.136634826660156 0.087249755859375
0.124038696289062 -0.26531982421875 -0.126487731933594 0.00127410888671871
0.220687866210937 -0.2669677734375 0.034576416015625 -0.104476928710938
0.26885986328125 -0.188827514648438 -0.0695037841796875 -0.148178100585938
0.246673583984375 -0.198287963867188 0.0560760498046875 -0.196762084960938
0.141632080078125 -0.310699462890625 0.0534210205078125 -0.234451293945313
0.0005035400390625 -0.266952514648438 -0.00614929199218749 -0.207809448242188
-0.0839691162109375 -0.230087280273438 -0.0134506225585938 -0.137763977050781
-0.157791137695313 -0.139404296875 -0.0238609313964844 -0.0657691955566406
-0.188583374023438 -0.0613250732421875 -0.000280380249023447 -0.0318927764892578
-0.192535400390625 -0.06756591796875 0.0388069152832031 -0.020477294921875
-0.202117919921875 -0.0439453125 0.0747528076171875 0.0154190063476562
-0.156951904296875 -0.0999298095703125 0.099700927734375 0.0848541259765625
-0.133773803710938 -0.166229248046875 0.06536865234375 0.134735107421875
-0.0860137939453125 -0.213729858398438 -0.0353240966796875 0.151519775390625
0.08843994140625 -0.283599853515625 -0.118202209472656 0.06854248046875
0.1783447265625 -0.2347412109375 -0.09674072265625 -0.0560226440429688
0.260910034179688 -0.205062866210938 0.111923217773438 -0.171600341796875
0.238571166992188 -0.114898681640625 0.00750732421875003 -0.202713012695312
0.222442626953125 -0.156005859375 0.084930419921875 -0.24224853515625
0.120513916015625 -0.261810302734375 0.06378173828125 -0.220489501953125
-0.00938415527343749 -0.2191162109375 0.025146484375 -0.176559448242188
-0.0740203857421875 -0.184494018554688 0.0307388305664063 -0.102531433105469
-0.133163452148438 -0.112037658691406 0.0439910888671875 -0.0439567565917969
-0.15625 -0.0535430908203125 0.0750885009765625 -0.03070068359375
-0.160797119140625 -0.064544677734375 0.103492736816406 -0.0143203735351563
-0.168975830078125 -0.0535125732421875 0.138702392578125 0.0316085815429688
-0.120635986328125 -0.100326538085937 0.144866943359375 0.118606567382812
-0.0922088623046875 -0.15435791015625 0.08447265625 0.160964965820313
-0.04364013671875 -0.192337036132813 -0.019775390625 0.152435302734375
0.119598388671875 -0.237991333007813 -0.0876007080078125 0.0565032958984375
0.206710815429688 -0.176055908203125 -0.0448760986328125 -0.089569091796875
0.263916015625 -0.118408203125 0.19561767578125 -0.204574584960938
0.174606323242188 -0.0174102783203125 0.0611114501953125 -0.22540283203125
0.168838500976563 -0.0764617919921875 0.0998077392578125 -0.2568359375
0.090972900390625 -0.156387329101562 0.076080322265625 -0.193099975585938
-9.91821289062608E-05 -0.127601623535156 0.0569915771484375 -0.150665283203125
-0.0325088500976563 -0.109024047851563 0.0646591186523438 -0.0806121826171875
-0.0752410888671875 -0.0768051147460938 0.092681884765625 -0.0359954833984375
-0.0961990356445313 -0.042724609375 0.129798889160156 -0.0328903198242188
-0.105033874511719 -0.0507125854492188 0.150604248046875 -0.0051727294921875
-0.117454528808594 -0.0469131469726563 0.187698364257812 0.0521240234375
-0.08062744140625 -0.074127197265625 0.174270629882813 0.151626586914063
-0.0604705810546875 -0.113487243652344 0.09381103515625 0.18499755859375
-0.0230865478515625 -0.14312744140625 -0.00141906738281249 0.15692138671875
0.11285400390625 -0.174270629882813 -0.0497970581054687 0.0599708557128906
0.192901611328125 -0.105972290039062 0.0160598754882813 -0.0919952392578125
0.220260620117187 -0.023681640625 0.2718505859375 -0.200912475585938
-0.132774353027344 -0.05694580078125 -0.301116943359375 0.2125244140625
-0.107315063476563 0.0589447021484375 -0.0739669799804688 0.0912246704101563
-0.0395584106445313 0.109359741210938 0.0199966430664063 -0.0857086181640625
0.0399398803710938 0.0863876342773437 -0.0208587646484375 -0.186614990234375
0.0464134216308594 0.0482635498046875 -0.095001220703125 -0.2177734375
0.0426025390625 0.0256614685058594 -0.212295532226562 -0.182968139648438
0.0342884063720703 0.0285816192626953 -0.250701904296875 -0.0531768798828125
0.0298194885253906 0.0408287048339844 -0.202987670898437 0.00444030761718747
0.0225257873535156 0.0447654724121094 -0.161285400390625 0.0452728271484375
-0.0132942199707031 0.0352020263671875 -0.13555908203125 0.0552520751953125
-0.0262565612792969 0.0288181304931641 -0.0880661010742188 0.098724365234375
-0.0353240966796875 0.0366783142089844 -0.0858001708984375 0.149169921875
-0.0763015747070313 0.0193328857421875 -0.123550415039062 0.179611206054688
-0.106292724609375 -0.0235824584960937 -0.102951049804688 0.26025390625
-0.12347412109375 -0.0943756103515625 -0.0966796875 0.233535766601563
-0.022247314453125 -0.141921997070312 -0.322723388671875 0.16748046875
-0.0226364135742188 -0.0156574249267578 -0.0923690795898438 0.0521621704101563
0.0151901245117187 0.0101346969604492 0.00102233886718751 -0.123123168945313
0.0536880493164063 0.000743865966796875 -0.0430450439453125 -0.205322265625
0.0318508148193359 -0.0345211029052734 -0.101547241210938 -0.22503662109375
-0.00712966918945312 -0.032684326171875 -0.214279174804688 -0.183731079101563
-0.0387535095214844 0.00150299072265624 -0.252334594726563 -0.0577545166015626
-0.0512466430664063 0.0158348083496094 -0.199066162109375 -0.00260925292968754
-0.0648727416992188 0.0372123718261719 -0.155838012695313 0.040863037109375
-0.0909042358398437 0.00724792480468749 -0.120407104492187 0.058319091796875
-0.101974487304688 -0.0324630737304687 -0.0748443603515625 0.104133605957031
-0.0927276611328125 -0.057159423828125 -0.0922698974609375 0.155364990234375
-0.056976318359375 -0.11126708984375 -0.137710571289063 0.1583251953125
-0.0510711669921875 -0.134658813476563 -0.115814208984375 0.215866088867188
-0.0302581787109375 -0.202178955078125 -0.098297119140625 0.177536010742188
0.09368896484375 -0.208984375 -0.3035888671875 0.1019287109375
0.0761947631835938 -0.0956344604492187 -0.0775070190429688 -0.000732421875
0.0703811645507813 -0.107528686523438 0.000732421874999993 -0.168746948242188
0.0546493530273438 -0.0992507934570313 -0.05706787109375 -0.228378295898438
0.00405883789062501 -0.121124267578125 -0.103317260742188 -0.224105834960938
-0.06256103515625 -0.0884933471679687 -0.201431274414063 -0.166473388671875
-0.109016418457031 -0.0257492065429688 -0.224151611328125 -0.0536041259765625
-0.126502990722656 -0.0107040405273437 -0.165969848632813 -0.0107421875
-0.140945434570313 0.025421142578125 -0.12127685546875 0.0305099487304688
-0.15264892578125 -0.018035888671875 -0.0768508911132813 0.0588150024414062
-0.162399291992188 -0.0799713134765625 -0.0413436889648438 0.1087646484375
-0.140701293945312 -0.128097534179688 -0.082733154296875 0.16375732421875
-0.044189453125 -0.21710205078125 -0.146041870117188 0.141448974609375
0.00015258789062501 -0.22235107421875 -0.129196166992188 0.155364990234375
0.062103271484375 -0.2791748046875 -0.074676513671875 0.0910568237304688
0.193191528320313 -0.248611450195313 -0.2457275390625 0.021514892578125
0.167877197265625 -0.170730590820313 -0.0372734069824219 -0.0652351379394532
0.112319946289063 -0.22802734375 0.0155029296875 -0.20953369140625
0.037506103515625 -0.199249267578125 -0.0561676025390625 -0.2430419921875
-0.03851318359375 -0.19671630859375 -0.093231201171875 -0.210342407226562
-0.119155883789062 -0.129951477050781 -0.163375854492188 -0.135711669921875
-0.166824340820313 -0.045867919921875 -0.166305541992188 -0.044036865234375
-0.181793212890625 -0.033935546875 -0.108078002929688 -0.0177536010742188
-0.195236206054688 0.0078582763671875 -0.0648002624511719 0.0178451538085938
-0.186965942382812 -0.0457763671875 -0.0171051025390625 0.0586204528808594
-0.190841674804687 -0.118927001953125 0.00141143798828123 0.112861633300781
-0.160186767578125 -0.177963256835937 -0.065460205078125 0.168228149414063
-0.020721435546875 -0.286895751953125 -0.148345947265625 0.123794555664062
0.055419921875 -0.275283813476563 -0.138435363769531 0.0844802856445312
0.148193359375 -0.312042236328125 -0.0323753356933594 -0.00983428955078127
0.256927490234375 -0.252243041992188 -0.162490844726562 -0.066741943359375
0.23046875 -0.218490600585938 0.0117263793945313 -0.13818359375
0.133514404296875 -0.31561279296875 0.0331573486328125 -0.236846923828125
0.01123046875 -0.268386840820312 -0.040496826171875 -0.238723754882813
-0.0801239013671875 -0.240966796875 -0.0625457763671875 -0.181320190429688
-0.161605834960937 -0.147933959960938 -0.101081848144531 -0.099639892578125
-0.200149536132812 -0.0556488037109375 -0.0858535766601563 -0.0356674194335938
-0.210845947265625 -0.05120849609375 -0.0353469848632813 -0.0220832824707031
-0.220535278320312 -0.01434326171875 0.00635528564453124 0.0102767944335937
-0.191497802734375 -0.075408935546875 0.0494155883789062 0.0653038024902344
-0.184097290039063 -0.150970458984375 0.0429153442382812 0.121788024902344
-0.142929077148438 -0.210861206054688 -0.0468597412109375 0.168014526367187
0.023651123046875 -0.315704345703125 -0.142181396484375 0.102737426757813
0.1181640625 -0.2857666015625 -0.134048461914063 0.011688232421875
0.220306396484375 -0.29449462890625 0.0287628173828125 -0.107109069824219
0.273681640625 -0.21331787109375 -0.071502685546875 -0.149765014648438
0.250259399414063 -0.222869873046875 0.05560302734375 -0.207565307617188
0.131500244140625 -0.3360595703125 0.0472259521484375 -0.244888305664063
-0.013031005859375 -0.280105590820313 -0.014007568359375 -0.21697998046875
-0.101181030273438 -0.237686157226563 -0.0185546875 -0.144332885742188
-0.173049926757813 -0.139007568359375 -0.0245170593261719 -0.0681991577148438
-0.200576782226563 -0.0548553466796875 0.00171470642089843 -0.0332546234130859
-0.206832885742188 -0.05950927734375 0.0405120849609375 -0.0222434997558594
-0.213485717773438 -0.03558349609375 0.0804901123046875 0.0132598876953125
-0.169815063476562 -0.0982818603515625 0.111846923828125 0.0860519409179688
-0.149124145507812 -0.168197631835938 0.0765380859375 0.14111328125
-0.100906372070313 -0.220626831054688 -0.028839111328125 0.16595458984375
0.076385498046875 -0.304412841796875 -0.123146057128906 0.0818939208984375
0.17529296875 -0.256637573242188 -0.105377197265625 -0.0497360229492188
0.263534545898438 -0.232742309570313 0.106689453125 -0.181594848632813
0.244613647460938 -0.13482666015625 0.00531005859375003 -0.212081909179688
0.224411010742188 -0.178207397460938 0.082427978515625 -0.25762939453125
0.110321044921875 -0.28228759765625 0.05938720703125 -0.231964111328125
-0.020965576171875 -0.228790283203125 0.0198974609375 -0.185501098632813
-0.089508056640625 -0.188613891601562 0.0291671752929687 -0.10986328125
-0.14556884765625 -0.110321044921875 0.0479927062988281 -0.0496559143066406
-0.165115356445313 -0.04736328125 0.0808258056640625 -0.0367965698242188
-0.172027587890625 -0.0572967529296875 0.108116149902344 -0.0192642211914063
-0.17950439453125 -0.045806884765625 0.147720336914063 0.026947021484375
-0.131248474121094 -0.100090026855469 0.160247802734375 0.117950439453125
-0.103866577148437 -0.156845092773438 0.0981597900390625 0.167266845703125
-0.055023193359375 -0.198226928710938 -0.01251220703125 0.16534423828125
0.110794067382813 -0.25640869140625 -0.09136962890625 0.0666580200195312
0.206619262695313 -0.19635009765625 -0.0531387329101562 -0.0881423950195313
0.269134521484375 -0.14105224609375 0.192672729492188 -0.221649169921875
0.179916381835937 -0.0291595458984375 0.05987548828125 -0.240158081054688
0.170150756835938 -0.0912628173828125 0.0978240966796875 -0.27508544921875
0.084747314453125 -0.16845703125 0.0735626220703125 -0.204788208007813
-0.00704193115234374 -0.131668090820313 0.0541534423828125 -0.160980224609375
-0.0410232543945312 -0.111412048339844 0.06536865234375 -0.0885086059570312
-0.082244873046875 -0.075164794921875 0.0983123779296875 -0.0432586669921875
-0.100517272949219 -0.03900146484375 0.136444091796875 -0.0421524047851563
-0.111968994140625 -0.0459060668945313 0.157928466796875 -0.0130767822265625
-0.1229248046875 -0.0411224365234375 0.200042724609375 0.0450439453125
-0.08673095703125 -0.07354736328125 0.192214965820313 0.150650024414063
-0.0676727294921875 -0.114524841308594 0.108367919921875 0.193222045898438
-0.0308837890625 -0.146377563476562 0.00506591796875001 0.168228149414062
0.10626220703125 -0.187637329101563 -0.0522003173828125 0.0672264099121094
0.193695068359375 -0.12213134765625 0.0102386474609375 -0.0949783325195313
0.227432250976562 -0.03826904296875 0.272323608398438 -0.221893310546875
-0.138290405273438 -0.0459213256835937 -0.296661376953125 0.24737548828125
-0.105064392089844 0.070220947265625 -0.0684280395507812 0.101325988769531
-0.0309600830078125 0.1148681640625 0.0174789428710938 -0.0934371948242188
0.0484695434570312 0.08203125 -0.0338287353515625 -0.1959228515625
0.0511474609375 0.0440711975097656 -0.115570068359375 -0.22625732421875
0.0435218811035156 0.0226249694824219 -0.238876342773438 -0.1787109375
0.035369873046875 0.0272216796875 -0.268096923828125 -0.0357208251953125
0.0324058532714844 0.0386085510253906 -0.21319580078125 0.0223388671875
0.0248947143554688 0.0440788269042969 -0.166946411132813 0.0617828369140625
-0.0128593444824219 0.0366439819335938 -0.141204833984375 0.071136474609375
-0.0269432067871094 0.0300769805908203 -0.0864105224609375 0.112052917480469
-0.0334320068359375 0.0381698608398438 -0.07989501953125 0.165191650390625
-0.075469970703125 0.0250167846679688 -0.119644165039062 0.20050048828125
-0.109870910644531 -0.016143798828125 -0.09051513671875 0.28302001953125
-0.134307861328125 -0.085693359375 -0.0880279541015625 0.256866455078125
-0.02838134765625 -0.144363403320313 -0.321868896484375 0.20196533203125
-0.0203647613525391 -0.0158042907714844 -0.08990478515625 0.0622482299804688
0.0192050933837891 0.00534439086914063 -0.00561523437500001 -0.129898071289062
0.0568695068359375 -0.0093994140625 -0.057891845703125 -0.213394165039062
0.0290069580078125 -0.0429878234863281 -0.122482299804688 -0.232833862304688
-0.0131454467773437 -0.0358314514160156 -0.24078369140625 -0.179183959960938
-0.0432853698730469 0.00333404541015626 -0.268478393554687 -0.0399627685546875
-0.0550537109375 0.0198898315429687 -0.208480834960937 0.014678955078125
-0.0669326782226562 0.0427474975585938 -0.160797119140625 0.0582427978515625
-0.0975418090820313 0.012786865234375 -0.123916625976562 0.0739669799804688
-0.111862182617188 -0.0287704467773437 -0.0722732543945313 0.117019653320313
-0.100624084472656 -0.0556488037109375 -0.0855255126953125 0.173370361328125
-0.066558837890625 -0.114913940429687 -0.1358642578125 0.180419921875
-0.0607833862304688 -0.137855529785156 -0.1065673828125 0.238311767578125
-0.044403076171875 -0.20806884765625 -0.092376708984375 0.198867797851563
0.087921142578125 -0.22479248046875 -0.3046875 0.132415771484375
0.077880859375 -0.108360290527344 -0.07672119140625 0.00617980957031251
0.0676803588867188 -0.122406005859375 -0.00823974609374999 -0.175491333007812
0.0511245727539063 -0.113723754882813 -0.07379150390625 -0.235275268554687
-0.00579071044921876 -0.131683349609375 -0.124603271484375 -0.230194091796875
-0.075164794921875 -0.0912399291992188 -0.223526000976563 -0.161468505859375
-0.119209289550781 -0.020294189453125 -0.236572265625 -0.0375823974609375
-0.135292053222656 -0.000709533691406249 -0.174240112304688 0.00421142578124997
-0.148696899414063 0.037109375 -0.124359130859375 0.0445175170898437
-0.163848876953125 -0.0084381103515625 -0.07684326171875 0.0702667236328125
-0.17877197265625 -0.07373046875 -0.0356903076171875 0.119766235351563
-0.157760620117188 -0.126174926757812 -0.0742340087890625 0.183685302734375
-0.0624847412109375 -0.227767944335938 -0.146102905273438 0.16455078125
-0.0136260986328125 -0.235092163085937 -0.125045776367187 0.176040649414063
0.04534912109375 -0.298583984375 -0.0748214721679687 0.106880187988281
0.188323974609375 -0.275833129882813 -0.247894287109375 0.044036865234375
0.167861938476563 -0.195327758789063 -0.0386772155761719 -0.0641860961914063
0.101547241210937 -0.251968383789063 0.00381469726562498 -0.218643188476563
0.02508544921875 -0.216064453125 -0.0744171142578125 -0.249465942382812
-0.056915283203125 -0.207168579101563 -0.111740112304688 -0.21551513671875
-0.137290954589844 -0.130523681640625 -0.179733276367187 -0.131637573242188
-0.180572509765625 -0.0366058349609375 -0.174362182617188 -0.032867431640625
-0.196517944335938 -0.019927978515625 -0.113273620605469 -0.00838470458984376
-0.206634521484375 0.023712158203125 -0.0656013488769531 0.026763916015625
-0.202667236328125 -0.0349884033203125 -0.0127983093261719 0.0655479431152344
-0.21240234375 -0.111770629882813 0.010040283203125 0.121231079101563
-0.182907104492188 -0.177047729492188 -0.05511474609375 0.187301635742188
-0.044189453125 -0.303253173828125 -0.14923095703125 0.146286010742187
0.040435791015625 -0.2950439453125 -0.1400146484375 0.103492736816406
0.13214111328125 -0.34130859375 -0.0375289916992187 -0.00331878662109377
0.25372314453125 -0.286407470703125 -0.166595458984375 -0.05548095703125
0.228286743164063 -0.250991821289063 0.00785827636718752 -0.144088745117188
0.115875244140625 -0.344512939453125 0.0205535888671875 -0.248580932617188
-0.00918579101562502 -0.285247802734375 -0.0576324462890625 -0.245819091796875
-0.104507446289062 -0.248947143554687 -0.07806396484375 -0.187286376953125
-0.182876586914063 -0.14532470703125 -0.11065673828125 -0.0986709594726563
-0.215728759765625 -0.0440826416015625 -0.0895767211914063 -0.0304107666015625
-0.226821899414062 -0.0352630615234375 -0.0374488830566406 -0.0181655883789062
-0.23394775390625 0.002899169921875 0.00810241699218748 0.0127840042114258
-0.208572387695313 -0.065765380859375 0.0582351684570312 0.06658935546875
-0.206924438476563 -0.145553588867188 0.0553665161132812 0.128036499023438
-0.167526245117188 -0.211563110351563 -0.034637451171875 0.185638427734375
-0.000823974609375018 -0.33648681640625 -0.143234252929688 0.124252319335937
0.104278564453125 -0.31121826171875 -0.140335083007813 0.0269851684570312
0.208160400390625 -0.329864501953125 0.01971435546875 -0.1097412109375
0.271331787109375 -0.24737548828125 -0.078399658203125 -0.150619506835938
0.24554443359375 -0.2578125 0.0477294921875 -0.22198486328125
0.110107421875 -0.36572265625 0.034942626953125 -0.25775146484375
-0.034881591796875 -0.2943115234375 -0.02825927734375 -0.224334716796875
-0.126846313476562 -0.243057250976563 -0.0285186767578125 -0.150283813476563
-0.193756103515625 -0.134078979492188 -0.0271453857421875 -0.0715713500976563
-0.214340209960938 -0.0425872802734375 0.00224685668945311 -0.0353317260742188
-0.223129272460938 -0.044586181640625 0.0422477722167969 -0.0252799987792969
-0.227432250976563 -0.0184783935546875 0.086273193359375 0.00914764404296875
-0.186996459960937 -0.09112548828125 0.12548828125 0.0820693969726562
-0.169784545898437 -0.165359497070313 0.0926666259765625 0.14556884765625
-0.122573852539062 -0.224044799804688 -0.016815185546875 0.181442260742187
0.054901123046875 -0.328033447265625 -0.125831604003906 0.09979248046875
0.164703369140625 -0.28509521484375 -0.115707397460938 -0.039703369140625
0.258331298828125 -0.269119262695313 0.09552001953125 -0.19580078125
0.244537353515625 -0.162734985351563 -0.00251770019531247 -0.223495483398438
0.220932006835938 -0.207839965820313 0.0732879638671875 -0.27691650390625
0.0912475585937499 -0.305755615234375 0.0484161376953125 -0.245559692382813
-0.040771484375 -0.238052368164063 0.0088653564453125 -0.195877075195313
-0.109848022460938 -0.190414428710937 0.0242385864257812 -0.117843627929688
-0.161544799804687 -0.10528564453125 0.0510673522949219 -0.0571670532226563
-0.175811767578125 -0.0373687744140625 0.084869384765625 -0.0463180541992188
-0.185562133789063 -0.0443115234375 0.113143920898437 -0.0282135009765625
-0.19061279296875 -0.032623291015625 0.158645629882813 0.0175323486328125
-0.144699096679688 -0.0954437255859375 0.17974853515625 0.111679077148438
-0.119964599609375 -0.156784057617188 0.117141723632812 0.17218017578125
-0.0725555419921875 -0.203567504882813 3.05175781249856E-05 0.179229736328125
0.09381103515625 -0.2789306640625 -0.093475341796875 0.0807952880859375
0.20050048828125 -0.224105834960938 -0.0637741088867188 -0.0852584838867188
0.269882202148437 -0.172439575195313 0.182723999023438 -0.244537353515625
0.183944702148438 -0.0457611083984375 0.0511322021484375 -0.258468627929688
0.168914794921875 -0.111526489257813 0.0859375 -0.29705810546875
0.07257080078125 -0.184158325195313 0.06561279296875 -0.220977783203125
-0.0180130004882812 -0.135879516601562 0.04632568359375 -0.173660278320313
-0.0525131225585938 -0.111892700195313 0.0632705688476563 -0.0986099243164063
-0.0921707153320312 -0.0708541870117188 0.103302001953125 -0.0554962158203125
-0.106430053710938 -0.0326385498046875 0.141860961914063 -0.0565948486328125
-0.119796752929687 -0.0370712280273438 0.165023803710937 -0.02618408203125
-0.130851745605469 -0.03253173828125 0.214111328125 0.0315399169921875
-0.0957260131835938 -0.070770263671875 0.216033935546875 0.143630981445313
-0.077880859375 -0.114334106445313 0.1290283203125 0.197784423828125
-0.042510986328125 -0.148666381835938 0.0178375244140625 0.180374145507812
0.094085693359375 -0.204132080078125 -0.0522842407226563 0.077728271484375
0.190521240234375 -0.14337158203125 0.00041961669921877 -0.0974349975585938
0.232620239257812 -0.0611114501953125 0.265640258789063 -0.252517700195313
-0.140655517578125 -0.0314483642578125 -0.277984619140625 0.2833251953125
-0.0976715087890625 0.0816650390625 -0.0586318969726563 0.11151123046875
-0.0190963745117187 0.118377685546875 0.0116348266601562 -0.0998916625976562
0.0573043823242188 0.07421875 -0.0516510009765625 -0.20098876953125
0.0557060241699219 0.0374107360839844 -0.141189575195313 -0.22607421875
0.0442771911621094 0.0188674926757813 -0.266036987304687 -0.162185668945313
0.0365486145019531 0.0242118835449219 -0.278854370117188 -0.00976562499999999
0.0355148315429688 0.0355072021484375 -0.2171630859375 0.0458526611328125
0.0283355712890625 0.0418472290039063 -0.166168212890625 0.0826263427734375
-0.0122909545898438 0.0382308959960938 -0.1407470703125 0.09039306640625
-0.026397705078125 0.0312099456787109 -0.0801162719726563 0.125869750976563
-0.0296592712402344 0.0398826599121094 -0.0675506591796875 0.179718017578125
-0.0721969604492188 0.0314483642578125 -0.1064453125 0.2205810546875
-0.112144470214844 -0.0066680908203125 -0.068511962890625 0.301727294921875
-0.143447875976562 -0.0713653564453125 -0.069366455078125 0.27703857421875
-0.03717041015625 -0.14453125 -0.306427001953125 0.240020751953125
-0.0177745819091797 -0.0158653259277344 -0.0823974609375 0.0730972290039063
0.0223274230957031 8.20159912109375E-05 -0.0149917602539063 -0.133743286132813
0.056671142578125 -0.0205955505371094 -0.077392578125 -0.215133666992188
0.023895263671875 -0.0506668090820313 -0.148147583007813 -0.231063842773437
-0.0200424194335938 -0.0370254516601563 -0.26641845703125 -0.163040161132813
-0.0470466613769531 0.00691604614257812 -0.279159545898438 -0.0139923095703125
-0.0575370788574219 0.0250396728515625 -0.212142944335937 0.0380096435546875
-0.06756591796875 0.049835205078125 -0.159332275390625 0.0789337158203125
-0.101577758789062 0.021728515625 -0.122230529785156 0.0919342041015625
-0.119857788085937 -0.0203170776367188 -0.0643463134765625 0.12982177734375
-0.109428405761719 -0.050537109375 -0.071044921875 0.190460205078125
-0.0783309936523438 -0.11431884765625 -0.125350952148438 0.20281982421875
-0.07257080078125 -0.136726379394531 -0.0880889892578125 0.25897216796875
-0.063568115234375 -0.207992553710938 -0.0782928466796875 0.219024658203125
0.0741729736328125 -0.239730834960938 -0.29376220703125 0.16656494140625
0.0744781494140625 -0.121681213378906 -0.0734939575195313 0.0146408081054687
0.0594482421875 -0.137153625488281 -0.0226287841796875 -0.17999267578125
0.0412979125976562 -0.127059936523437 -0.09515380859375 -0.235702514648438
-0.0212249755859375 -0.139045715332031 -0.149200439453125 -0.227493286132813
-0.089752197265625 -0.0890655517578125 -0.245574951171875 -0.14642333984375
-0.127731323242188 -0.0102920532226562 -0.244781494140625 -0.0151824951171875
-0.142471313476563 0.013031005859375 -0.177337646484375 0.023712158203125
-0.151870727539063 0.05267333984375 -0.123298645019531 0.0618057250976563
-0.172958374023438 0.00572204589843748 -0.0731048583984375 0.083953857421875
-0.193862915039062 -0.059600830078125 -0.0257415771484375 0.129554748535156
-0.175094604492188 -0.1170654296875 -0.05792236328125 0.200546264648438
-0.0868682861328125 -0.23095703125 -0.137374877929688 0.188674926757813
-0.0340576171875 -0.242889404296875 -0.112274169921875 0.19757080078125
0.019500732421875 -0.31207275390625 -0.0685272216796875 0.122291564941406
0.1717529296875 -0.303314208984375 -0.242584228515625 0.0702972412109375
0.157379150390625 -0.220748901367188 -0.0399398803710938 -0.0612068176269531
0.080718994140625 -0.273651123046875 -0.0134429931640625 -0.224197387695313
0.00500488281250002 -0.229415893554688 -0.097137451171875 -0.249237060546875
-0.08087158203125 -0.21038818359375 -0.134902954101563 -0.212539672851563
-0.156997680664063 -0.12353515625 -0.197402954101563 -0.1201171875
-0.191925048828125 -0.021270751953125 -0.179702758789063 -0.0164794921875
-0.206771850585938 -0.000274658203125045 -0.115501403808594 0.00523376464843751
-0.212371826171875 0.044891357421875 -0.0637016296386719 0.0375862121582031
-0.2144775390625 -0.017333984375 -0.00655364990234377 0.0705718994140625
-0.23199462890625 -0.0957336425781251 0.0222930908203125 0.127006530761719
-0.206085205078125 -0.166091918945313 -0.036773681640625 0.203811645507813
-0.076751708984375 -0.31121826171875 -0.1422119140625 0.170806884765625
0.01434326171875 -0.310333251953125 -0.13482666015625 0.124870300292969
0.1036376953125 -0.36712646484375 -0.0404930114746094 0.00614166259765624
0.236785888671875 -0.3216552734375 -0.167770385742187 -0.0402984619140625
0.21234130859375 -0.285247802734375 0.000457763671875027 -0.149154663085938
0.084228515625 -0.369903564453125 0.00129699707031253 -0.255172729492188
-0.036407470703125 -0.295135498046875 -0.0796051025390625 -0.246139526367188
-0.134262084960938 -0.248092651367187 -0.0963287353515625 -0.1859130859375
-0.204299926757813 -0.1337890625 -0.120925903320313 -0.0920257568359375
-0.227584838867187 -0.02532958984375 -0.091278076171875 -0.0234603881835937
-0.238967895507813 -0.0129089355468749 -0.0383758544921875 -0.0129737854003906
-0.241806030273438 0.027679443359375 0.0104255676269531 0.0152273178100586
-0.2235107421875 -0.0479583740234375 0.0674324035644531 0.0642776489257813
-0.229385375976562 -0.131561279296875 0.0709075927734375 0.129379272460938
-0.1939697265625 -0.20318603515625 -0.0156402587890625 0.199188232421875
-0.036895751953125 -0.35028076171875 -0.13775634765625 0.147430419921875
0.078125 -0.333221435546875 -0.143081665039063 0.0461578369140625
0.182586669921875 -0.36309814453125 0.00775909423828127 -0.110755920410156
0.256500244140625 -0.284393310546875 -0.0866851806640625 -0.1474609375
0.227508544921875 -0.293548583984375 0.0338897705078125 -0.232177734375
0.0748291015625 -0.39007568359375 0.0153961181640625 -0.26654052734375
-0.064483642578125 -0.300079345703125 -0.0478057861328125 -0.226547241210938
-0.156509399414062 -0.23736572265625 -0.042022705078125 -0.152420043945313
-0.21380615234375 -0.119369506835937 -0.0314865112304688 -0.0724716186523438
-0.225845336914062 -0.023773193359375 0.00276184082031248 -0.0380325317382813
-0.234756469726563 -0.02117919921875 0.0424156188964844 -0.0286521911621094
-0.236495971679688 0.00476074218750002 0.0914840698242187 0.00325775146484375
-0.201812744140625 -0.0766754150390625 0.138671875 0.073333740234375
-0.192047119140625 -0.154861450195313 0.111404418945312 0.143936157226563
-0.148208618164063 -0.21978759765625 0.00256347656249997 0.194320678710938
0.021331787109375 -0.344635009765625 -0.122299194335938 0.119697570800781
0.14190673828125 -0.31121826171875 -0.123970031738281 -0.0264892578125
0.23797607421875 -0.305450439453125 0.0770111083984375 -0.206802368164063
0.235519409179688 -0.19488525390625 -0.0164794921875 -0.231124877929687
0.2047119140625 -0.238189697265625 0.05242919921875 -0.29351806640625
0.06036376953125 -0.324920654296875 0.029815673828125 -0.25677490234375
-0.065460205078125 -0.239944458007813 -0.00729370117187503 -0.201385498046875
-0.133987426757812 -0.183639526367188 0.0147857666015625 -0.123649597167969
-0.177459716796875 -0.0919647216796875 0.0504264831542969 -0.0658340454101563
-0.183731079101563 -0.021209716796875 0.0856552124023437 -0.0581436157226562
-0.194808959960938 -0.0261077880859375 0.114395141601562 -0.03875732421875
-0.198486328125 -0.0133056640625 0.16546630859375 0.0038604736328125
-0.158676147460938 -0.085540771484375 0.1976318359375 0.0969085693359375
-0.13848876953125 -0.150466918945313 0.139236450195313 0.168594360351563
-0.0936737060546875 -0.202041625976563 0.0185546875 0.19024658203125
0.06610107421875 -0.296539306640625 -0.0903778076171875 0.0965423583984375
0.18231201171875 -0.250503540039063 -0.0761566162109375 -0.0779953002929688
0.258956909179688 -0.207443237304688 0.161514282226563 -0.267105102539063
0.183151245117188 -0.066864013671875 0.03302001953125 -0.273681640625
0.159988403320312 -0.132888793945313 0.06280517578125 -0.31536865234375
0.0531005859375 -0.196517944335938 0.049560546875 -0.234375
-0.0322341918945312 -0.136619567871094 0.0328521728515625 -0.184326171875
-0.0665969848632813 -0.108474731445312 0.0570144653320312 -0.108467102050781
-0.101768493652344 -0.0622406005859375 0.104766845703125 -0.0698089599609375
-0.110740661621094 -0.0233612060546875 0.14202880859375 -0.0750579833984375
-0.125640869140625 -0.0247802734375 0.16741943359375 -0.0428009033203125
-0.135162353515625 -0.01861572265625 0.223846435546875 0.01165771484375
-0.104209899902344 -0.0639801025390625 0.237625122070312 0.125625610351562
-0.0899124145507813 -0.109481811523437 0.154342651367188 0.194595336914063
-0.0565185546875 -0.147354125976562 0.0360565185546875 0.188446044921875
0.073577880859375 -0.217758178710938 -0.0485458374023437 0.0879592895507813
0.178741455078125 -0.16644287109375 -0.0112762451171875 -0.0973434448242188
0.230255126953125 -0.0879364013671875 0.24554443359375 -0.283416748046875
-0.137901306152344 -0.0164337158203125 -0.248382568359375 0.3096923828125
-0.0863876342773437 0.089447021484375 -0.0457992553710938 0.117385864257812
-0.00659942626953125 0.117958068847656 0.00393676757812501 -0.103294372558594
0.0626029968261719 0.0647430419921875 -0.068328857421875 -0.199127197265625
0.0571784973144531 0.0300216674804687 -0.163299560546875 -0.215713500976562
0.04376220703125 0.0153579711914063 -0.285064697265625 -0.138641357421875
0.037139892578125 0.0209465026855469 -0.280715942382813 0.0178680419921875
0.0373191833496094 0.0313262939453125 -0.211929321289062 0.06817626953125
0.0303077697753906 0.0384788513183594 -0.158050537109375 0.101150512695313
-0.0106697082519531 0.0388450622558594 -0.134773254394531 0.107650756835937
-0.0250682830810547 0.0328330993652344 -0.0699539184570313 0.135826110839844
-0.0256385803222656 0.0398025512695313 -0.051483154296875 0.187759399414062
-0.067138671875 0.0361175537109375 -0.087188720703125 0.233184814453125
-0.110343933105469 0.00311279296875002 -0.041534423828125 0.31005859375
-0.146759033203125 -0.054779052734375 -0.045745849609375 0.287567138671875
-0.044708251953125 -0.140701293945313 -0.2784423828125 0.268768310546875
-0.0153055191040039 -0.0169296264648437 -0.0721435546875 0.081268310546875
0.0232658386230469 -0.00598907470703125 -0.0249710083007813 -0.13348388671875
0.0534400939941406 -0.0315895080566406 -0.0948486328125 -0.210296630859375
0.0166130065917969 -0.0562782287597656 -0.169296264648438 -0.220901489257813
-0.0265731811523437 -0.0360221862792969 -0.284454345703125 -0.138671875
-0.0494117736816406 0.0111656188964844 -0.279708862304688 0.013214111328125
-0.0569801330566406 0.0304450988769531 -0.207656860351562 0.059661865234375
-0.0655097961425781 0.0563125610351562 -0.151214599609375 0.0973663330078125
-0.102043151855469 0.0309677124023437 -0.114059448242188 0.107498168945312
-0.124305725097656 -0.00997924804687502 -0.0529937744140625 0.139022827148438
-0.114860534667969 -0.0428543090820312 -0.0526275634765625 0.200210571289063
-0.088623046875 -0.109527587890625 -0.108596801757813 0.219192504882813
-0.0831527709960937 -0.131591796875 -0.0639495849609375 0.2703857421875
-0.0812225341796875 -0.20062255859375 -0.0594635009765625 0.231185913085938
0.0572357177734375 -0.248214721679688 -0.270828247070313 0.195053100585937
0.0665359497070313 -0.132102966308594 -0.0671348571777344 0.0222282409667969
0.0472869873046875 -0.147171020507813 -0.03582763671875 -0.177215576171875
0.028289794921875 -0.136192321777344 -0.114730834960937 -0.2276611328125
-0.0371322631835938 -0.139671325683594 -0.170089721679688 -0.216888427734375
-0.101837158203125 -0.0821685791015625 -0.260894775390625 -0.124252319335937
-0.132133483886719 0.00121307373046876 -0.24493408203125 0.00923156738281251
-0.14434814453125 0.0275726318359375 -0.1722412109375 0.0434417724609375
-0.148666381835937 0.06719970703125 -0.11572265625 0.0768890380859375
-0.174774169921875 0.0218505859375 -0.0654144287109375 0.0944061279296875
-0.202880859375 -0.0421142578125 -0.0135498046875 0.135643005371094
-0.187576293945313 -0.102218627929687 -0.036590576171875 0.209991455078125
-0.110153198242187 -0.225677490234375 -0.12078857421875 0.2071533203125
-0.054779052734375 -0.241653442382812 -0.093719482421875 0.212112426757813
-0.00885009765624999 -0.315155029296875 -0.05816650390625 0.133979797363281
0.146728515625 -0.322235107421875 -0.227157592773438 0.0942687988281249
0.138946533203125 -0.2398681640625 -0.0401039123535156 -0.0574226379394531
0.054168701171875 -0.286102294921875 -0.0304718017578125 -0.221359252929688
-0.017181396484375 -0.233291625976562 -0.117523193359375 -0.239486694335938
-0.103607177734375 -0.20562744140625 -0.153091430664062 -0.2017822265625
-0.172332763671875 -0.110992431640625 -0.20770263671875 -0.102188110351562
-0.197509765625 -0.00367736816406253 -0.178314208984375 9.15527343749859E-05
-0.209381103515625 0.0211181640625 -0.113166809082031 0.0177841186523437
-0.209609985351563 0.0675811767578125 -0.0581436157226563 0.0471229553222656
-0.2188720703125 0.00224304199218754 0.000740051269531244 0.073944091796875
-0.243988037109375 -0.0750274658203125 0.0353546142578125 0.128204345703125
-0.224319458007813 -0.148330688476563 -0.014617919921875 0.21160888671875
-0.108978271484375 -0.30657958984375 -0.127410888671875 0.1904296875
-0.013031005859375 -0.314849853515625 -0.122894287109375 0.141387939453125
0.06884765625 -0.37921142578125 -0.0415916442871094 0.0147933959960937
0.208282470703125 -0.347320556640625 -0.162567138671875 -0.0247650146484375
0.18621826171875 -0.310455322265625 -0.0077056884765625 -0.148941040039063
0.047515869140625 -0.38116455078125 -0.018798828125 -0.254486083984375
-0.06536865234375 -0.29443359375 -0.0996856689453125 -0.237045288085938
-0.160400390625 -0.236572265625 -0.113235473632813 -0.177902221679688
-0.220108032226563 -0.11578369140625 -0.1275634765625 -0.0824966430664063
-0.233291625976562 -0.00439453125000003 -0.0910491943359375 -0.0157928466796875
-0.241546630859375 0.0128631591796875 -0.0373306274414063 -0.00778961181640625
-0.239883422851562 0.052215576171875 0.0141992568969726 0.0169305801391602
-0.230743408203125 -0.0275726318359375 0.0750885009765625 0.059326171875
-0.244140625 -0.109878540039063 0.084625244140625 0.125686645507812
-0.214492797851563 -0.186630249023438 0.00671386718749999 0.206192016601563
-0.073150634765625 -0.34954833984375 -0.12548828125 0.166473388671875
0.0469970703125 -0.34405517578125 -0.138801574707031 0.0633468627929687
0.146575927734375 -0.382598876953125 -0.00411987304687499 -0.106925964355469
0.23046875 -0.312652587890625 -0.09210205078125 -0.140884399414063
0.1986083984375 -0.319427490234375 0.016876220703125 -0.237136840820313
0.03448486328125 -0.39990234375 -0.00595092773437501 -0.266845703125
-0.093841552734375 -0.295135498046875 -0.0665435791015625 -0.22137451171875
-0.181243896484375 -0.222274780273437 -0.054351806640625 -0.1488037109375
-0.227523803710937 -0.100051879882813 -0.0355987548828125 -0.0717544555664063
-0.2296142578125 -0.00277709960937495 0.00194549560546874 -0.0401420593261719
-0.237625122070312 0.00230407714843749 0.0414314270019531 -0.03179931640625
-0.235824584960938 0.028076171875 0.0925521850585937 -0.00377655029296875
-0.21148681640625 -0.0577239990234375 0.14715576171875 0.060302734375
-0.20855712890625 -0.137847900390625 0.127548217773438 0.135704040527344
-0.170318603515625 -0.2059326171875 0.0240325927734375 0.19970703125
-0.01495361328125 -0.348114013671875 -0.111854553222656 0.136795043945312
0.11163330078125 -0.32781982421875 -0.127471923828125 -0.0102920532226563
0.207977294921875 -0.3316650390625 0.0552978515625 -0.209487915039063
0.216140747070313 -0.220474243164063 -0.031280517578125 -0.232406616210938
0.179794311523437 -0.261123657226563 0.029144287109375 -0.299163818359375
0.02520751953125 -0.332275390625 0.00999450683593751 -0.259674072265625
-0.0888671875 -0.23333740234375 -0.0234375 -0.201004028320313
-0.152847290039062 -0.169876098632813 0.00502777099609373 -0.125160217285156
-0.186798095703125 -0.0744171142578125 0.0468826293945312 -0.0732650756835938
-0.186386108398438 -0.00447082519531253 0.0821685791015625 -0.0685043334960938
-0.196182250976563 -0.00550842285156247 0.111808776855469 -0.0495147705078125
-0.1986083984375 0.00669860839843753 0.1671142578125 -0.0116119384765625
-0.166976928710938 -0.071075439453125 0.208236694335938 0.0778350830078125
-0.153091430664063 -0.13812255859375 0.157943725585937 0.158340454101563
-0.112075805664063 -0.193389892578125 0.03814697265625 0.192169189453125
0.035858154296875 -0.30224609375 -0.0837326049804687 0.10968017578125
0.157073974609375 -0.269088745117188 -0.0852508544921875 -0.0668716430664063
0.236968994140625 -0.23541259765625 0.134246826171875 -0.277633666992188
0.175003051757813 -0.086944580078125 0.012542724609375 -0.28045654296875
0.144500732421875 -0.149993896484375 0.03582763671875 -0.32373046875
0.0301055908203125 -0.200119018554688 0.030242919921875 -0.240081787109375
-0.0453643798828125 -0.132133483886719 0.0177764892578125 -0.188552856445313
-0.0782241821289062 -0.0998764038085938 0.04833984375 -0.114723205566406
-0.107559204101563 -0.05181884765625 0.100608825683594 -0.0821914672851562
-0.111595153808594 -0.0132369995117188 0.13555908203125 -0.0912094116210938
-0.126113891601563 -0.0112533569335938 0.163238525390625 -0.058807373046875
-0.134841918945313 -0.00454711914062502 0.225173950195313 -0.00946044921875
-0.108909606933594 -0.0545578002929688 0.25115966796875 0.102752685546875
-0.0986785888671875 -0.100662231445313 0.175247192382812 0.182449340820312
-0.0692138671875 -0.141082763671875 0.05523681640625 0.189208984375
0.0508270263671875 -0.222564697265625 -0.04217529296875 0.0961456298828125
0.159942626953125 -0.18316650390625 -0.0236282348632813 -0.0935134887695313
0.218612670898438 -0.112060546875 0.21722412109375 -0.30413818359375
-0.131637573242188 -0.00549316406250002 -0.21832275390625 0.321685791015625
-0.075531005859375 0.0935821533203125 -0.0339126586914062 0.1182861328125
0.00405883789062499 0.114601135253906 -0.00164031982421876 -0.10400390625
0.0635185241699219 0.055206298828125 -0.08050537109375 -0.194747924804688
0.05657958984375 0.0235366821289063 -0.179107666015625 -0.204788208007812
0.0424880981445313 0.0122833251953125 -0.294769287109375 -0.115753173828125
0.0362472534179688 0.0182304382324219 -0.274566650390625 0.0399322509765626
0.0367202758789063 0.0275230407714844 -0.20281982421875 0.0843658447265625
0.0304985046386719 0.035308837890625 -0.149063110351563 0.113250732421875
-0.00998687744140625 0.0386772155761719 -0.125900268554687 0.120025634765625
-0.0240192413330078 0.0331363677978516 -0.0602874755859375 0.14129638671875
-0.0228958129882812 0.0385971069335938 -0.0379638671875 0.19036865234375
-0.0611839294433594 0.03802490234375 -0.0710296630859375 0.23870849609375
-0.106361389160156 0.0107345581054687 -0.01904296875 0.310943603515625
-0.145065307617188 -0.0405120849609375 -0.02569580078125 0.291015625
-0.0484466552734375 -0.136199951171875 -0.24945068359375 0.284454345703125
-0.0127601623535156 -0.0183448791503906 -0.0615386962890625 0.0855636596679687
0.0234336853027344 -0.0112152099609375 -0.0317535400390625 -0.131454467773438
0.04833984375 -0.0389404296875 -0.106582641601562 -0.202529907226563
0.00992584228515625 -0.0587882995605469 -0.184112548828125 -0.208709716796875
-0.0319938659667969 -0.0336112976074219 -0.2928466796875 -0.116943359375
-0.0505485534667969 0.015380859375 -0.274169921875 0.0348052978515625
-0.0564842224121094 0.034912109375 -0.197769165039063 0.0762176513671875
-0.06231689453125 0.0604972839355469 -0.140853881835938 0.109695434570312
-0.101264953613281 0.0383224487304688 -0.104621887207031 0.118743896484375
-0.125946044921875 -0.000946044921875022 -0.0424041748046875 0.14361572265625
-0.117149353027344 -0.0359344482421875 -0.0366668701171875 0.204086303710938
-0.0952606201171875 -0.103706359863281 -0.0919189453125 0.227981567382813
-0.0896072387695313 -0.125511169433594 -0.0431976318359375 0.273910522460938
-0.0912322998046875 -0.191024780273438 -0.043060302734375 0.236984252929688
0.042755126953125 -0.251266479492188 -0.246536254882813 0.211456298828125
0.0590438842773438 -0.138999938964844 -0.0594749450683594 0.0263595581054687
0.0364990234375 -0.15240478515625 -0.0451202392578125 -0.172760009765625
0.0163803100585938 -0.140289306640625 -0.126327514648438 -0.216873168945312
-0.0500335693359375 -0.138038635253906 -0.183517456054687 -0.20416259765625
-0.109619140625 -0.0749664306640625 -0.266876220703125 -0.10400390625
-0.133705139160156 0.0109329223632813 -0.238861083984375 0.026336669921875
-0.142181396484375 0.0383758544921875 -0.164703369140625 0.0564117431640625
-0.143585205078125 0.079498291015625 -0.105880737304688 0.08746337890625
-0.17327880859375 0.0347747802734375 -0.0567169189453125 0.101287841796875
-0.205612182617188 -0.026641845703125 -0.00302886962890625 0.13751220703125
-0.193893432617187 -0.089111328125 -0.0192108154296875 0.2137451171875
-0.126861572265625 -0.216903686523438 -0.105392456054688 0.218353271484375
-0.0700225830078125 -0.236831665039063 -0.0763702392578125 0.219741821289062
-0.030059814453125 -0.31011962890625 -0.04901123046875 0.140869140625
0.124969482421875 -0.3321533203125 -0.209213256835938 0.107574462890625
0.120758056640625 -0.252090454101563 -0.0380439758300781 -0.0538139343261719
0.031646728515625 -0.289398193359375 -0.0426483154296875 -0.215652465820313
-0.03460693359375 -0.232620239257813 -0.130111694335937 -0.227630615234375
-0.120376586914063 -0.197280883789062 -0.165054321289063 -0.19000244140625
-0.182052612304688 -0.097625732421875 -0.211105346679688 -0.0858001708984375
-0.199081420898438 0.010955810546875 -0.173675537109375 0.0125579833984375
-0.206787109375 0.038116455078125 -0.106941223144531 0.0276947021484375
-0.202865600585938 0.08331298828125 -0.0514602661132813 0.0535507202148438
-0.217987060546875 0.0183868408203125 0.0074310302734375 0.075531005859375
-0.249481201171875 -0.0551910400390625 0.0452117919921875 0.126632690429687
-0.233505249023438 -0.13116455078125 0.00450134277343751 0.21380615234375
-0.1328125 -0.2965087890625 -0.111495971679687 0.204269409179687
-0.03521728515625 -0.312530517578125 -0.11016845703125 0.152816772460938
0.039886474609375 -0.380615234375 -0.0403900146484375 0.0222282409667968
0.18060302734375 -0.362213134765625 -0.15374755859375 -0.0142364501953125
0.160675048828125 -0.323944091796875 -0.01312255859375 -0.146835327148438
0.016571044921875 -0.383392333984375 -0.033416748046875 -0.247940063476562
-0.086883544921875 -0.28759765625 -0.112258911132812 -0.226364135742188
-0.17828369140625 -0.222198486328125 -0.122802734375 -0.1680908203125
-0.2288818359375 -0.0978851318359375 -0.130218505859375 -0.0730056762695313
-0.23291015625 0.0132598876953124 -0.08843994140625 -0.0107269287109375
-0.2386474609375 0.0320281982421875 -0.0349712371826172 -0.00396919250488281
-0.233489990234375 0.070709228515625 0.0180931091308594 0.01806640625
-0.231796264648438 -0.0106506347656251 0.079437255859375 0.0545654296875
-0.252029418945313 -0.09063720703125 0.0944900512695312 0.120010375976563
-0.226608276367188 -0.169662475585938 0.0253753662109375 0.20709228515625
-0.101104736328125 -0.340728759765625 -0.111495971679687 0.179443359375
0.02142333984375 -0.3465576171875 -0.132247924804688 0.0777435302734375
0.114898681640625 -0.39166259765625 -0.0131378173828125 -0.100624084472656
0.20428466796875 -0.32916259765625 -0.0935134887695312 -0.134979248046875
0.170196533203125 -0.333251953125 0.00440979003906252 -0.235107421875
0.000854492187500031 -0.397796630859375 -0.0212554931640625 -0.261932373046875
-0.114288330078125 -0.284576416015625 -0.0783843994140625 -0.212554931640625
-0.197830200195312 -0.204940795898438 -0.062652587890625 -0.1429443359375
-0.233749389648437 -0.0811309814453125 -0.0372962951660156 -0.069427490234375
-0.228256225585938 0.0148468017578125 0.00108337402343748 -0.0424079895019531
-0.234466552734375 0.0224609375 0.0406532287597656 -0.0338096618652344
-0.230026245117188 0.047821044921875 0.0938568115234375 -0.00907135009765625
-0.214584350585938 -0.04241943359375 0.15057373046875 0.048797607421875
-0.217819213867188 -0.120986938476562 0.137687683105469 0.1268310546875
-0.1829833984375 -0.191696166992188 0.04229736328125 0.198486328125
-0.043609619140625 -0.342926025390625 -0.100433349609375 0.148269653320312
0.085052490234375 -0.333831787109375 -0.127006530761719 0.00355529785156245
0.177093505859375 -0.34527587890625 0.0378875732421875 -0.206375122070313
0.195022583007812 -0.23638916015625 -0.0417022705078125 -0.230621337890625
0.154525756835938 -0.273345947265625 0.010589599609375 -0.29931640625
-0.003875732421875 -0.32818603515625 -0.00601196289062501 -0.256118774414062
-0.104904174804687 -0.223068237304688 -0.03509521484375 -0.19573974609375
-0.165313720703125 -0.154617309570313 -0.00202941894531251 -0.123741149902344
-0.190628051757813 -0.0590667724609375 0.0439453125 -0.0777740478515625
-0.184600830078125 0.00956726074218746 0.07720947265625 -0.0762786865234375
-0.192825317382813 0.0111236572265625 0.107513427734375 -0.0565719604492187
-0.193740844726563 0.0227508544921875 0.165252685546875 -0.022918701171875
-0.1705322265625 -0.05859375 0.21221923828125 0.06109619140625
-0.161453247070312 -0.125289916992188 0.170333862304688 0.146697998046875
-0.124221801757812 -0.182327270507813 0.054931640625 0.191268920898438
0.01025390625 -0.300689697265625 -0.0758056640625 0.118598937988281
0.133010864257813 -0.27825927734375 -0.08984375 -0.0560760498046875
0.213180541992188 -0.251907348632813 0.110000610351563 -0.280120849609375
0.164169311523438 -0.100982666015625 -0.0029296875 -0.2822265625
0.1273193359375 -0.159988403320313 0.01385498046875 -0.323333740234375
0.011260986328125 -0.199142456054687 0.0151824951171875 -0.2398681640625
-0.054443359375 -0.125160217285156 0.00430297851562499 -0.187225341796875
-0.0853118896484375 -0.0915069580078125 0.0409774780273438 -0.116241455078125
-0.109733581542969 -0.0414199829101562 0.0956344604492188 -0.0908660888671875
-0.110275268554687 -0.00563049316406252 0.127845764160156 -0.10308837890625
-0.123161315917969 -0.000823974609375024 0.157180786132813 -0.0700836181640625
-0.131034851074219 0.00566101074218753 0.222366333007812 -0.025665283203125
-0.110313415527344 -0.0462493896484375 0.255783081054688 0.0814056396484375
-0.103866577148438 -0.0920867919921875 0.188369750976563 0.169998168945313
-0.076873779296875 -0.133331298828125 0.0693511962890625 0.18597412109375
0.03125 -0.221435546875 -0.0374603271484375 0.101371765136719
0.141387939453125 -0.191909790039063 -0.0314712524414063 -0.086700439453125
0.20452880859375 -0.127395629882813 0.189605712890625 -0.3121337890625
-0.125312805175781 0.000610351562500006 -0.19598388671875 0.329681396484375
-0.067108154296875 0.0948867797851563 -0.024688720703125 0.11907958984375
0.0110397338867188 0.11053466796875 -0.0052947998046875 -0.105865478515625
0.0631866455078125 0.0481986999511719 -0.08935546875 -0.191619873046875
0.0557479858398438 0.0185050964355469 -0.190719604492188 -0.197372436523437
0.0415725708007813 0.0107231140136719 -0.3021240234375 -0.09918212890625
0.03564453125 0.0168838500976563 -0.270584106445312 0.0552825927734375
0.0364265441894531 0.0252037048339844 -0.195556640625 0.0953826904296875
0.0303134918212891 0.0337791442871094 -0.141464233398438 0.121856689453125
-0.00988388061523438 0.0393600463867188 -0.1195068359375 0.129570007324219
-0.0234279632568359 0.034149169921875 -0.0524444580078125 0.14556884765625
-0.0210952758789063 0.0370292663574219 -0.0287933349609375 0.192367553710937
-0.0576324462890625 0.0388374328613281 -0.0592041015625 0.242385864257813
-0.103408813476563 0.0152130126953125 -0.00369262695312503 0.311126708984375
-0.141632080078125 -0.0306396484375 -0.0130615234375 0.2938232421875
-0.0508651733398438 -0.134864807128906 -0.226959228515625 0.2940673828125
-0.0102729797363281 -0.0206203460693359 -0.0529403686523438 0.0873947143554687
0.0236034393310547 -0.0161476135253906 -0.03668212890625 -0.129905700683594
0.0434684753417969 -0.0446319580078125 -0.114608764648438 -0.19732666015625
0.00462722778320313 -0.0611915588378906 -0.194671630859375 -0.201339721679688
-0.035675048828125 -0.0319366455078125 -0.298858642578125 -0.10052490234375
-0.0519142150878906 0.0184860229492188 -0.268417358398438 0.049774169921875
-0.0564498901367188 0.0382881164550781 -0.189773559570313 0.08721923828125
-0.0607032775878906 0.0645484924316406 -0.131980895996094 0.118377685546875
-0.100753784179688 0.0435943603515625 -0.0976028442382813 0.12713623046875
-0.127265930175781 0.00561523437500002 -0.0345611572265625 0.147567749023438
-0.119171142578125 -0.0318603515625 -0.02508544921875 0.206680297851563
-0.100196838378906 -0.100074768066406 -0.0797882080078125 0.235214233398438
-0.0939865112304687 -0.120979309082031 -0.0281982421875 0.27685546875
-0.0980377197265625 -0.183883666992188 -0.031707763671875 0.241073608398438
0.0323638916015625 -0.254364013671875 -0.225723266601563 0.220062255859375
0.0540771484375 -0.144577026367188 -0.0532455444335938 0.0288581848144531
0.027618408203125 -0.157791137695313 -0.0510406494140625 -0.169235229492188
0.00759887695312501 -0.14398193359375 -0.1341552734375 -0.210128784179688
-0.0595321655273438 -0.136993408203125 -0.1922607421875 -0.195358276367188
-0.11639404296875 -0.06890869140625 -0.270492553710938 -0.0897979736328125
-0.134788513183594 0.0192108154296875 -0.234024047851563 0.0391082763671875
-0.140625 0.0475921630859375 -0.157119750976563 0.0656280517578125
-0.140281677246094 0.0877456665039062 -0.0980987548828125 0.094512939453125
-0.1728515625 0.04376220703125 -0.0506210327148438 0.10687255859375
-0.208297729492188 -0.015228271484375 0.00465393066406249 0.13970947265625
-0.198837280273437 -0.0804443359375 -0.00498962402343753 0.215652465820313
-0.138946533203125 -0.209945678710938 -0.0926971435546875 0.227630615234375
-0.080474853515625 -0.2337646484375 -0.063385009765625 0.225860595703125
-0.04541015625 -0.30682373046875 -0.0418548583984375 0.146316528320312
0.108154296875 -0.33966064453125 -0.194549560546875 0.114898681640625
0.108200073242187 -0.259780883789063 -0.0352630615234375 -0.0517616271972656
0.01422119140625 -0.292449951171875 -0.0496673583984375 -0.2109375
-0.0473785400390625 -0.232192993164063 -0.137405395507812 -0.219635009765625
-0.132919311523438 -0.1910400390625 -0.172683715820313 -0.181503295898438
-0.188674926757813 -0.087646484375 -0.212921142578125 -0.0751495361328125
-0.199783325195312 0.022308349609375 -0.1695556640625 0.0213623046875
-0.204544067382813 0.0507659912109375 -0.101280212402344 0.0339813232421875
-0.198333740234375 0.0951690673828125 -0.0449790954589844 0.05810546875
-0.218093872070313 0.0299072265625 0.011627197265625 0.0772857666015625
-0.253402709960938 -0.0411529541015625 0.0528564453125 0.126487731933594
-0.24017333984375 -0.119781494140625 0.019195556640625 0.214767456054688
-0.15081787109375 -0.28741455078125 -0.0999298095703125 0.213882446289062
-0.050506591796875 -0.311126708984375 -0.100143432617187 0.161300659179687
0.02020263671875 -0.380401611328125 -0.0404052734375 0.0286636352539062
0.160858154296875 -0.372314453125 -0.145721435546875 -0.00947570800781253
0.1405029296875 -0.334503173828125 -0.0150146484375 -0.145355224609375
-0.00692749023437497 -0.382476806640625 -0.0416412353515625 -0.243423461914063
-0.101806640625 -0.283416748046875 -0.11846923828125 -0.217971801757813
-0.1917724609375 -0.21124267578125 -0.12841796875 -0.161209106445312
-0.235260009765625 -0.0852813720703125 -0.130119323730469 -0.0667266845703125
-0.23345947265625 0.0269012451171875 -0.086456298828125 -0.00756072998046877
-0.236099243164063 0.0463409423828125 -0.032501220703125 -0.00145721435546875
-0.227859497070313 0.0844268798828125 0.0221595764160156 0.0187644958496094
-0.23223876953125 0.00201416015625 0.0825271606445312 0.0511856079101563
-0.256881713867188 -0.0762939453125 0.102912902832031 0.116905212402344
-0.234603881835938 -0.157058715820312 0.040374755859375 0.207305908203125
-0.12127685546875 -0.3328857421875 -0.100814819335938 0.189743041992187
0.00250244140624996 -0.346954345703125 -0.12646484375 0.0875396728515625
0.091888427734375 -0.396636962890625 -0.0195846557617188 -0.09466552734375
0.183990478515625 -0.34130859375 -0.0926589965820312 -0.132400512695313
0.148101806640625 -0.34185791015625 -0.00317382812499997 -0.234451293945313
-0.02423095703125 -0.394805908203125 -0.030609130859375 -0.257461547851563
-0.129531860351562 -0.276473999023438 -0.084808349609375 -0.20635986328125
-0.209625244140625 -0.191986083984375 -0.0673141479492188 -0.139381408691406
-0.23822021484375 -0.0680084228515625 -0.0381851196289063 -0.0692710876464844
-0.228118896484375 0.0272674560546875 -0.00022125244140626 -0.0443763732910156
-0.231521606445313 0.0367584228515625 0.040618896484375 -0.0343093872070313
-0.22454833984375 0.0605926513671875 0.0949630737304687 -0.0124664306640625
-0.216339111328125 -0.03106689453125 0.153060913085938 0.0409393310546875
-0.224151611328125 -0.108413696289063 0.146621704101563 0.120849609375
-0.19244384765625 -0.181991577148438 0.0561981201171875 0.197952270507813
-0.064056396484375 -0.338409423828125 -0.0921630859375 0.158187866210937
0.066375732421875 -0.337432861328125 -0.125473022460938 0.0142974853515625
0.156494140625 -0.353515625 0.025726318359375 -0.202606201171875
0.178466796875 -0.248443603515625 -0.0485992431640625 -0.23016357421875
0.1351318359375 -0.28167724609375 -0.00158691406249997 -0.2978515625
-0.025482177734375 -0.3253173828125 -0.0159149169921875 -0.253814697265625
-0.11578369140625 -0.21484375 -0.0423126220703125 -0.191635131835938
-0.173751831054688 -0.1429443359375 -0.006134033203125 -0.123222351074219
-0.1932373046875 -0.0471343994140625 0.0423049926757812 -0.08197021484375
-0.183151245117188 0.019683837890625 0.0731124877929687 -0.0827178955078125
-0.189910888671875 0.0223846435546875 0.105453491210937 -0.06146240234375
-0.189956665039062 0.0336456298828125 0.164382934570312 -0.0305633544921875
-0.17279052734375 -0.04998779296875 0.214523315429688 0.049163818359375
-0.167205810546875 -0.115859985351563 0.179534912109375 0.138946533203125
-0.131607055664063 -0.174560546875 0.067626953125 0.190216064453125
-0.00833129882812502 -0.29730224609375 -0.0692138671875 0.126014709472656
0.115325927734375 -0.28302001953125 -0.0926589965820312 -0.0467071533203125
0.195571899414063 -0.262603759765625 0.093536376953125 -0.279708862304688
0.154495239257813 -0.110382080078125 -0.014312744140625 -0.283905029296875
0.113662719726563 -0.166107177734375 -0.000946044921874986 -0.323486328125
-0.00309753417968749 -0.195571899414063 0.00506591796875003 -0.239990234375
-0.0597915649414063 -0.119964599609375 -0.00346374511718752 -0.18670654296875
-0.0902862548828125 -0.0839767456054688 0.037109375 -0.118499755859375
-0.110336303710938 -0.03399658203125 0.0921401977539063 -0.0988922119140625
-0.109375 0.000129699707031248 0.120948791503906 -0.112007141113281
-0.120292663574219 0.00663757324218749 0.15240478515625 -0.077789306640625
-0.126960754394531 0.0132904052734375 0.219268798828125 -0.037139892578125
-0.112396240234375 -0.0412521362304688 0.258270263671875 0.06744384765625
-0.106636047363281 -0.0863800048828125 0.198974609375 0.161300659179688
-0.0815277099609375 -0.127372741699219 0.0809783935546875 0.184295654296875
0.0177459716796875 -0.218353271484375 -0.0334854125976563 0.10626220703125
0.127349853515625 -0.196792602539062 -0.0371322631835937 -0.080596923828125
0.193328857421875 -0.138412475585937 0.169189453125 -0.315277099609375
-0.122093200683594 0.00556182861328123 -0.180145263671875 0.339935302734375
-0.0605239868164063 0.0972137451171875 -0.0166091918945313 0.120742797851563
0.0168685913085938 0.108169555664063 -0.00792694091796876 -0.108489990234375
0.0637245178222656 0.0432815551757813 -0.0980682373046875 -0.193099975585937
0.0554046630859375 0.0144729614257812 -0.203948974609375 -0.1929931640625
0.041473388671875 0.00916290283203125 -0.31201171875 -0.08587646484375
0.0354652404785156 0.0159721374511719 -0.269790649414063 0.06756591796875
0.0364723205566406 0.0236244201660156 -0.191635131835938 0.10528564453125
0.0300216674804688 0.032867431640625 -0.137901306152344 0.131515502929688
-0.009613037109375 0.0413169860839844 -0.114570617675781 0.140182495117188
-0.0237579345703125 0.0351715087890625 -0.0470428466796875 0.15118408203125
-0.020782470703125 0.0355033874511719 -0.0216827392578125 0.197052001953125
-0.0559577941894531 0.0387306213378906 -0.050567626953125 0.249862670898437
-0.101539611816406 0.0195236206054688 0.00976562500000001 0.314666748046875
-0.1407470703125 -0.0236053466796875 -0.00256347656250001 0.300811767578125
-0.0531845092773438 -0.136161804199219 -0.211822509765625 0.304656982421875
-0.00877571105957031 -0.0233058929443359 -0.0459976196289063 0.0899810791015625
0.0229930877685547 -0.0213146209716797 -0.0400009155273438 -0.130790710449219
0.0394020080566406 -0.0504112243652344 -0.122665405273438 -0.196380615234375
-0.00102233886718749 -0.0640029907226563 -0.207656860351563 -0.197357177734375
-0.0399246215820313 -0.0309295654296875 -0.308319091796875 -0.0879821777343749
-0.0537872314453125 0.0217552185058594 -0.268325805664062 0.062286376953125
-0.0570068359375 0.0424346923828125 -0.185409545898438 0.096832275390625
-0.0601463317871094 0.0686988830566406 -0.126579284667969 0.127731323242188
-0.101524353027344 0.0492477416992188 -0.092193603515625 0.136451721191406
-0.130104064941406 0.0117874145507813 -0.027984619140625 0.153121948242188
-0.1236572265625 -0.0289459228515625 -0.0157470703125 0.212051391601562
-0.106391906738281 -0.0986175537109375 -0.0712432861328125 0.245193481445312
-0.0982666015625 -0.11932373046875 -0.016143798828125 0.282470703125
-0.103424072265625 -0.180694580078125 -0.0228271484375 0.248489379882813
0.0247955322265625 -0.26165771484375 -0.212173461914063 0.229598999023437
0.049652099609375 -0.152572631835938 -0.0480232238769531 0.03125
0.019989013671875 -0.164306640625 -0.0559234619140625 -0.168899536132813
-0.000228881835937507 -0.149490356445312 -0.142135620117187 -0.206924438476563
-0.0687484741210938 -0.137603759765625 -0.204254150390625 -0.191192626953125
-0.123085021972656 -0.064971923828125 -0.27764892578125 -0.0781402587890625
-0.138092041015625 0.0265731811523437 -0.23260498046875 0.04986572265625
-0.142013549804687 0.055816650390625 -0.152206420898438 0.074249267578125
-0.138458251953125 0.0963897705078125 -0.0921478271484375 0.102104187011719
-0.174346923828125 0.0526580810546875 -0.045379638671875 0.113502502441406
-0.213470458984375 -0.00469970703125004 0.012359619140625 0.143783569335938
-0.20611572265625 -0.0737457275390625 0.0069732666015625 0.2208251953125
-0.151214599609375 -0.207260131835938 -0.0833892822265625 0.239273071289063
-0.0907135009765625 -0.234603881835938 -0.0532073974609375 0.233230590820312
-0.05718994140625 -0.308074951171875 -0.0367889404296875 0.154052734375
0.095489501953125 -0.352264404296875 -0.183563232421875 0.122085571289062
0.0971832275390625 -0.2708740234375 -0.0326576232910156 -0.051361083984375
-0.000488281249999992 -0.2989501953125 -0.0561065673828125 -0.210418701171875
-0.058990478515625 -0.235946655273438 -0.144729614257813 -0.215682983398438
-0.145355224609375 -0.188308715820313 -0.182662963867188 -0.177474975585937
-0.197723388671875 -0.079864501953125 -0.217376708984375 -0.0672760009765625
-0.203216552734375 0.03314208984375 -0.169052124023438 0.027862548828125
-0.204971313476563 0.0624542236328125 -0.0980453491210938 0.0393829345703125
-0.19573974609375 0.107742309570312 -0.0394248962402344 0.0623397827148438
-0.220733642578125 0.0411224365234375 0.0165863037109375 0.0799560546875
-0.260360717773437 -0.028900146484375 0.0608444213867187 0.12750244140625
-0.24993896484375 -0.111618041992188 0.032806396484375 0.21893310546875
-0.167327880859375 -0.28515625 -0.0908966064453125 0.226715087890625
-0.06475830078125 -0.3145751953125 -0.093597412109375 0.170501708984375
0.00350952148437502 -0.386749267578125 -0.0400390625 0.0351486206054687
0.145294189453125 -0.387451171875 -0.140228271484375 -0.00648498535156255
0.126373291015625 -0.34716796875 -0.0164031982421875 -0.146759033203125
-0.028228759765625 -0.3883056640625 -0.0483856201171875 -0.243011474609375
-0.115570068359375 -0.284423828125 -0.126419067382813 -0.214004516601563
-0.205154418945312 -0.2044677734375 -0.1356201171875 -0.158584594726563
-0.243637084960938 -0.0754699707031249 -0.132659912109375 -0.0634307861328125
-0.237106323242188 0.0394134521484375 -0.08673095703125 -0.00524139404296874
-0.236740112304687 0.0603790283203125 -0.0293083190917969 0.000661849975585939
-0.226211547851562 0.09722900390625 0.0262317657470703 0.0194473266601563
-0.236572265625 0.01202392578125 0.0864334106445312 0.0499343872070313
-0.2659912109375 -0.0642242431640625 0.111175537109375 0.11602783203125
-0.2457275390625 -0.149795532226563 0.0541534423828125 0.20989990234375
-0.14007568359375 -0.331207275390625 -0.092681884765625 0.202102661132812
-0.013916015625 -0.352874755859375 -0.122489929199219 0.0984039306640625
0.07470703125 -0.405609130859375 -0.0242156982421875 -0.0902633666992188
0.167633056640625 -0.356658935546875 -0.0932235717773438 -0.133628845214844
0.13140869140625 -0.354766845703125 -0.00923156738281247 -0.23779296875
-0.0457763671875 -0.39776611328125 -0.038116455078125 -0.258758544921875
-0.143081665039062 -0.274993896484375 -0.0912017822265625 -0.203689575195313
-0.222091674804687 -0.183135986328125 -0.0720062255859375 -0.138900756835938
-0.245208740234375 -0.056365966796875 -0.0391006469726563 -0.0710906982421875
-0.230392456054688 0.0394287109375 -0.00157928466796876 -0.0463752746582031
-0.231674194335937 0.0494537353515625 0.0415878295898437 -0.0366477966308594
-0.223281860351562 0.072723388671875 0.0978317260742187 -0.015777587890625
-0.221939086914063 -0.02215576171875 0.157272338867188 0.0349884033203125
-0.23321533203125 -0.09930419921875 0.156326293945312 0.117767333984375
-0.20208740234375 -0.176681518554688 0.07025146484375 0.200042724609375
-0.082244873046875 -0.33892822265625 -0.0857086181640625 0.16949462890625
0.05023193359375 -0.34552001953125 -0.125503540039063 0.02447509765625
0.1412353515625 -0.36614990234375 0.0164794921875 -0.201492309570313
0.166961669921875 -0.261459350585938 -0.053802490234375 -0.234130859375
0.119781494140625 -0.29095458984375 -0.01092529296875 -0.302276611328125
-0.043212890625 -0.324432373046875 -0.023468017578125 -0.255828857421875
-0.126190185546875 -0.211212158203125 -0.048248291015625 -0.191680908203125
-0.182693481445313 -0.134063720703125 -0.00917053222656252 -0.125106811523438
-0.197265625 -0.037200927734375 0.0419464111328125 -0.0879440307617188
-0.185226440429688 0.0289306640625 0.0697555541992187 -0.0891952514648438
-0.189910888671875 0.0327606201171875 0.104606628417969 -0.0667343139648438
-0.188064575195312 0.0427703857421875 0.166259765625 -0.038238525390625
-0.1778564453125 -0.0429840087890625 0.2197265625 0.04022216796875
-0.175064086914063 -0.110092163085938 0.190597534179687 0.133453369140625
-0.139984130859375 -0.171493530273437 0.0810089111328125 0.191207885742188
-0.024139404296875 -0.29876708984375 -0.06512451171875 0.135833740234375
0.102294921875 -0.291595458984375 -0.0961456298828125 -0.0387115478515625
0.183624267578125 -0.275543212890625 0.0804443359375 -0.282867431640625
0.148101806640625 -0.119705200195313 -0.0233154296875 -0.290374755859375
0.103469848632812 -0.171279907226563 -0.012298583984375 -0.328369140625
-0.0140838623046875 -0.195053100585938 -0.00286865234374999 -0.243927001953125
-0.06591796875 -0.117202758789063 -0.00942993164062499 -0.188690185546875
-0.0951385498046875 -0.0783615112304688 0.0343780517578125 -0.122222900390625
-0.112503051757813 -0.0275955200195313 0.0914840698242188 -0.107635498046875
-0.110023498535156 0.00534057617187498 0.116676330566406 -0.120918273925781
-0.119216918945313 0.0125579833984375 0.15081787109375 -0.08544921875
-0.125663757324219 0.018402099609375 0.220932006835938 -0.047149658203125
-0.114501953125 -0.037322998046875 0.264785766601563 0.0560760498046875
-0.111030578613281 -0.0828170776367188 0.2109375 0.1552734375
-0.0853271484375 -0.125289916992188 0.0923309326171875 0.18475341796875
0.00723266601562499 -0.21868896484375 -0.0304336547851563 0.113075256347656
0.1175537109375 -0.203353881835937 -0.042388916015625 -0.075775146484375
0.1861572265625 -0.149078369140625 0.154815673828125 -0.32330322265625
-0.12152099609375 0.0106124877929687 -0.162384033203125 0.356353759765625
-0.0539093017578125 0.100456237792969 -0.00704193115234374 0.124107360839844
0.0241317749023438 0.106796264648438 -0.0131378173828125 -0.113189697265625
0.064361572265625 0.0395393371582031 -0.11151123046875 -0.195053100585938
0.0560302734375 0.0099029541015625 -0.2232666015625 -0.188339233398437
0.0417327880859375 0.00738525390625 -0.3289794921875 -0.069366455078125
0.0362586975097656 0.0150108337402344 -0.27252197265625 0.0849761962890625
0.0374755859375 0.0225296020507812 -0.189254760742188 0.118972778320313
0.0314235687255859 0.0327033996582031 -0.133255004882813 0.145065307617188
-0.00912094116210938 0.0437278747558594 -0.109466552734375 0.153564453125
-0.0237579345703125 0.0373954772949219 -0.0400848388671875 0.159500122070313
-0.0206184387207031 0.0356292724609375 -0.01153564453125 0.20599365234375
-0.0548820495605469 0.0412406921386719 -0.0394439697265625 0.261856079101562
-0.100799560546875 0.0248794555664063 0.02716064453125 0.3231201171875
-0.141403198242188 -0.0153350830078125 0.011444091796875 0.31256103515625
-0.0589828491210938 -0.13916015625 -0.1949462890625 0.320831298828125
-0.00801658630371094 -0.0267238616943359 -0.038116455078125 0.094268798828125
0.0218524932861328 -0.0272006988525391 -0.046630859375 -0.133094787597656
0.03521728515625 -0.0573310852050781 -0.135665893554687 -0.196914672851563
-0.00687026977539062 -0.0677413940429688 -0.22607421875 -0.192459106445312
-0.0447273254394531 -0.0295677185058594 -0.323577880859375 -0.07208251953125
-0.0557022094726563 0.0266876220703125 -0.270416259765625 0.079193115234375
-0.0575332641601563 0.0475387573242188 -0.181884765625 0.109756469726562
-0.05889892578125 0.0755538940429688 -0.120948791503906 0.14013671875
-0.10272216796875 0.057586669921875 -0.086639404296875 0.148712158203125
-0.134346008300781 0.020263671875 -0.0197296142578125 0.160980224609375
-0.129714965820313 -0.0244522094726562 -0.00296020507812503 0.220535278320313
-0.115264892578125 -0.0967025756835937 -0.059326171875 0.259490966796875
-0.105712890625 -0.118736267089844 -0.000610351562500008 0.291717529296875
-0.113616943359375 -0.18060302734375 -0.0111236572265625 0.260238647460938
0.012969970703125 -0.27337646484375 -0.198623657226562 0.24383544921875
0.043975830078125 -0.162582397460938 -0.0422744750976563 0.0336875915527344
0.00991821289062501 -0.17340087890625 -0.063629150390625 -0.17059326171875
-0.0101318359375 -0.157058715820313 -0.155075073242188 -0.205413818359375
-0.0821762084960937 -0.138847351074219 -0.2213134765625 -0.187103271484375
-0.133171081542969 -0.059478759765625 -0.2890625 -0.06524658203125
-0.142135620117188 0.037078857421875 -0.234344482421875 0.0644073486328125
-0.14337158203125 0.067901611328125 -0.149307250976563 0.0843048095703125
-0.137336730957031 0.109230041503906 -0.0859375 0.111518859863281
-0.178604125976563 0.065185546875 -0.03851318359375 0.1226806640625
-0.22125244140625 0.008514404296875 0.02178955078125 0.149658203125
-0.217864990234375 -0.06524658203125 0.021636962890625 0.228118896484375
-0.168960571289063 -0.205245971679688 -0.07147216796875 0.255264282226563
-0.105575561523438 -0.237884521484375 -0.040130615234375 0.243911743164063
-0.0736083984375 -0.314422607421875 -0.0305328369140625 0.1644287109375
0.0792236328125 -0.37030029296875 -0.175521850585938 0.130752563476562
0.08502197265625 -0.286163330078125 -0.0308685302734375 -0.0520401000976563
-0.019744873046875 -0.309295654296875 -0.0649566650390625 -0.212249755859375
-0.0755615234375 -0.242202758789063 -0.157760620117188 -0.213699340820313
-0.163711547851563 -0.18560791015625 -0.19757080078125 -0.173553466796875
-0.210235595703125 -0.0709381103515625 -0.226150512695313 -0.058319091796875
-0.2088623046875 0.047393798828125 -0.170639038085938 0.03753662109375
-0.208221435546875 0.079315185546875 -0.0952224731445313 0.0463027954101563
-0.195663452148438 0.123123168945312 -0.0333328247070313 0.0674095153808594
-0.226974487304688 0.0546722412109375 0.022613525390625 0.0836639404296875
-0.270736694335938 -0.013580322265625 0.0720062255859375 0.130409240722656
-0.264968872070313 -0.102081298828125 0.0496368408203125 0.224746704101563
-0.190032958984375 -0.283355712890625 -0.078521728515625 0.242935180664062
-0.08380126953125 -0.321136474609375 -0.0841217041015625 0.183364868164062
-0.01788330078125 -0.398468017578125 -0.0402069091796875 0.0431900024414062
0.125946044921875 -0.409332275390625 -0.137855529785156 -0.00350952148437504
0.1080322265625 -0.36468505859375 -0.0193328857421875 -0.151168823242188
-0.0538330078125 -0.39739990234375 -0.0593109130859375 -0.24627685546875
-0.13519287109375 -0.28753662109375 -0.13726806640625 -0.213226318359375
-0.225433349609375 -0.198104858398437 -0.147415161132813 -0.1566162109375
-0.256637573242188 -0.0630035400390624 -0.137435913085938 -0.0595703125
-0.242721557617188 0.055816650390625 -0.0883865356445313 -0.00154876708984375
-0.239883422851563 0.0781402587890625 -0.0274105072021484 0.00241851806640625
-0.226028442382813 0.11492919921875 0.0312347412109375 0.0188159942626953
-0.244277954101563 0.0257110595703125 0.09332275390625 0.0478668212890625
-0.277694702148438 -0.04986572265625 0.123046875 0.114601135253906
-0.262893676757813 -0.14154052734375 0.072113037109375 0.21380615234375
-0.165374755859375 -0.333251953125 -0.0821075439453125 0.218719482421875
-0.03424072265625 -0.364105224609375 -0.119003295898438 0.111534118652344
0.053863525390625 -0.423614501953125 -0.0305404663085938 -0.0866546630859375
0.149932861328125 -0.378204345703125 -0.097320556640625 -0.136093139648438
0.1116943359375 -0.372833251953125 -0.0169830322265625 -0.244766235351563
-0.073211669921875 -0.404754638671875 -0.0492706298828125 -0.262802124023438
-0.162109375 -0.27508544921875 -0.100601196289063 -0.204116821289063
-0.240371704101563 -0.173660278320313 -0.0804214477539063 -0.139793395996094
-0.25634765625 -0.0431060791015625 -0.0410614013671875 -0.0737457275390625
-0.235885620117188 0.0552978515625 -0.00386047363281251 -0.0489883422851563
-0.2349853515625 0.0665283203125 0.0431785583496094 -0.0402145385742187
-0.224319458007812 0.0882720947265625 0.102485656738281 -0.0213699340820312
-0.231185913085937 -0.0106964111328125 0.164306640625 0.0284576416015625
-0.24664306640625 -0.08740234375 0.170700073242188 0.112991333007813
-0.218765258789063 -0.171463012695312 0.0872955322265625 0.202438354492188
-0.106781005859375 -0.342926025390625 -0.0778656005859375 0.183242797851562
0.03076171875 -0.3587646484375 -0.12677001953125 0.0362167358398438
0.1220703125 -0.385498046875 0.00488281250000002 -0.20404052734375
0.153472900390625 -0.279449462890625 -0.0637359619140625 -0.241622924804688
0.103179931640625 -0.304718017578125 -0.0244140625 -0.311187744140625
-0.066680908203125 -0.32830810546875 -0.0344085693359375 -0.262176513671875
-0.140945434570313 -0.210037231445313 -0.0565338134765625 -0.19464111328125
-0.195236206054688 -0.12408447265625 -0.0143356323242188 -0.129638671875
-0.203994750976563 -0.0258026123046875 0.0403289794921875 -0.0966415405273438
-0.188888549804688 0.041656494140625 0.06610107421875 -0.097076416015625
-0.192062377929688 0.0464019775390625 0.105422973632812 -0.0742340087890625
-0.189315795898438 0.05523681640625 0.170257568359375 -0.0480194091796875
-0.186355590820313 -0.034881591796875 0.228683471679688 0.029571533203125
-0.186492919921875 -0.102874755859375 0.206649780273438 0.126724243164063
-0.1529541015625 -0.169479370117188 0.0973968505859375 0.193435668945313
-0.0419921875 -0.30377197265625 -0.059295654296875 0.147979736328125
0.08642578125 -0.30426025390625 -0.100448608398438 -0.0302658081054688
0.170623779296875 -0.29388427734375 0.0667724609375 -0.290863037109375
0.142120361328125 -0.1322021484375 -0.03741455078125 -0.300048828125
0.0927276611328125 -0.180816650390625 -0.027740478515625 -0.337799072265625
-0.028411865234375 -0.196426391601563 -0.0131988525390625 -0.251113891601563
-0.0734176635742188 -0.115097045898438 -0.018310546875 -0.193771362304688
-0.101341247558594 -0.0722503662109375 0.03021240234375 -0.129623413085938
-0.11614990234375 -0.0206756591796875 0.0891571044921875 -0.118736267089844
-0.112747192382812 0.0127182006835938 0.111480712890625 -0.133216857910156
-0.120109558105469 0.019500732421875 0.150360107421875 -0.095855712890625
-0.125724792480469 0.0258255004882812 0.224365234375 -0.061126708984375
-0.119949340820313 -0.032073974609375 0.275436401367188 0.0433807373046875
-0.117568969726563 -0.0783233642578125 0.228759765625 0.148117065429687
-0.093231201171875 -0.12445068359375 0.107666015625 0.186279296875
-0.00520324707031248 -0.222442626953125 -0.0260162353515625 0.122314453125
0.106094360351563 -0.213851928710938 -0.048309326171875 -0.0710906982421875
0.179443359375 -0.163818359375 0.140350341796875 -0.3369140625
0.0840756024960495 0.045576480134351 -0.388138472488228 0.0623379173723829
0.109669253956961 -0.0369427110421793 -0.126938268002369 0.0411869995966943
0.0756977276575697 -0.0744522296862744 0.0740135035421888 -0.0841956832328522
-0.00114842904908843 -0.0653845156169213 0.0998596341320131 -0.195514802087131
-0.00906703929197283 -0.0297796143201371 0.0342248278466619 -0.314082254906245
0.0121424326119793 -0.0240759403542451 -0.104311547139853 -0.323873114125139
0.0100077947527891 -0.0457093445764979 -0.193441211530065 -0.222729924029542
0.00323377031671745 -0.0510901644439311 -0.215030377411341 -0.116102649631712
0.0214428630680737 -0.054034629052872 -0.202997066375383 -0.0568729227728904
0.0448097468958577 -0.0338918330891663 -0.192263492172061 -0.0179460880801517
0.0477428206813695 -0.0164411081235346 -0.171413786169397 0.0413837338758726
0.0446227772551016 -0.0151788437041598 -0.198158124465093 0.0932819355499488
0.0741872796476674 -0.0113322072677836 -0.237808849938285 0.115457984989921
0.0794166307237113 0.0406205014990543 -0.255454178710478 0.187316300945486
0.0569952195579834 0.097908228492454 -0.2174197938212 0.206805312332726
-0.0667700989261545 0.0847864105001664 -0.362214339634291 0.0350004609468066
-0.0195941830543896 0.0152408826475757 -0.0989893956666047 0.0210435481192241
-0.0302399608144874 0.0128621341081141 0.104577147086669 -0.111302053421436
-0.0603221806827951 0.0320906790461298 0.118185298716032 -0.21323378181575
-0.0156976369726511 0.0757570256864326 0.0505523829547991 -0.326575493067822
0.042222005271956 0.066605243373931 -0.0870467463575645 -0.329574741334367
0.0736160217555234 0.029716718129481 -0.175638943604413 -0.234546145464978
0.085321346851321 -0.00044197624033814 -0.200745257563847 -0.123568862317379
0.113554871082769 -0.00385705004164935 -0.187923090047754 -0.0581538542087165
0.118496186481427 0.0306592317869303 -0.166260142344805 -0.0107118922952332
0.114611720326061 0.075285440749905 -0.149049852726215 0.053037985627899
0.0656406065477732 0.116772033230812 -0.186235592425156 0.104922646150576
0.0321396490819108 0.132386144646264 -0.233840372800313 0.104430003241427
-0.0230916360301965 0.136779232690831 -0.235758291604165 0.163027356537555
-0.0820819618671626 0.167572653230681 -0.194551182903465 0.175312303931937
-0.211758663687644 0.112575004151535 -0.285734615627722 0.00615709643515855
-0.161236025619565 0.0723033295739799 -0.0284823618403593 0.0100952028271464
-0.140112766839551 0.118027733446645 0.165318278316901 -0.135401953719492
-0.109581048869221 0.146480251376692 0.147791118624088 -0.234135560282471
-0.00905458129161284 0.183844285441381 0.0619764958417467 -0.327854600610015
0.0753735858371281 0.152685926333205 -0.0657917813263017 -0.306860556864921
0.13038032579235 0.101514541621632 -0.137582736357119 -0.217141207666089
0.156316661367744 0.0487216481632056 -0.156955002196838 -0.113617567466932
0.18803369279128 0.042817967569057 -0.140521537348878 -0.0471891571485582
0.173654804336703 0.0861250447808086 -0.110965881027258 0.00844237441135946
0.165598570301236 0.146820159354116 -0.105937319111465 0.078512358529684
0.0875153109825837 0.217646711268645 -0.163716059470183 0.128687757212989
0.00363764058489197 0.249224532772426 -0.225891379094923 0.0967976024283199
-0.109802557036343 0.215419272895734 -0.20961562287936 0.116176015125218
-0.203367145942958 0.213943628213944 -0.137361816588202 0.115592869325799
-0.3265319158426 0.129677930741921 -0.167018437738586 -0.0246427094120018
-0.286107052519245 0.132586238812165 0.0731477635529927 -0.00203289919104642
-0.231359514774233 0.231683497391142 0.238661583716259 -0.153136628018664
-0.133720440916591 0.26531352348313 0.184265249820779 -0.247105319850114
0.0185800181099096 0.276477725166373 0.0743376513497113 -0.307969478936775
0.112165825032738 0.216880610937952 -0.0331732532965066 -0.257240754359535
0.174422830101478 0.155625919088548 -0.0795573049649074 -0.175331257876793
0.204008681023403 0.0901237808526852 -0.0901830568618046 -0.087579997657353
0.231414162406825 0.0853855305567488 -0.0714637665427642 -0.0247105829779723
0.196605080451257 0.134770160025714 -0.0397206628319596 0.0366089519950713
0.183702162558128 0.198399851435429 -0.0531671077027287 0.112788282107008
0.0857448211313293 0.281700632880514 -0.134322864081509 0.152287965844461
-0.030841304209554 0.323235345449093 -0.21241555739647 0.0882152766942391
-0.183083751646165 0.256305417608156 -0.178747898443856 0.0565500822783948
-0.296191654980665 0.222449306706745 -0.0573454033963531 0.0408228938119333
-0.385341635392437 0.13144606463606 -0.0288661863475463 -0.0650125794665402
-0.361532228213616 0.178259567675609 0.182686252926194 -0.0316308156013716
-0.2796980940237 0.318275693974982 0.297736387681782 -0.165355312195119
-0.127858071265769 0.349047127112336 0.213238268453333 -0.238940850176761
0.0524035870396339 0.327418849748594 0.0926907770817652 -0.260123455837073
0.139219472391617 0.244315739307758 0.0139671368655406 -0.185880576773879
0.195723857829672 0.183364281737677 -0.00728036355040414 -0.117109955164437
0.2210005039738 0.116385203348372 -0.011410085449617 -0.0484446219872189
0.237649571381492 0.11873920833533 0.00689414998237273 0.0111385442880224
0.183547209984189 0.171583655462163 0.0319134607527574 0.0784045454305523
0.159728000682516 0.230495785272476 -0.00656475637052128 0.1553356539745
0.0492692417842766 0.306193532900901 -0.10820989953093 0.172781579951635
-0.08108925256281 0.345933000387582 -0.192280481905294 0.0761236057899272
-0.242290970730158 0.25068746551373 -0.139046762240469 -0.00469223060029094
-0.35228146913109 0.188238697849423 0.0387110591201818 -0.0300441730510412
-0.374558837780799 0.111166176732734 0.101550481103721 -0.111549759425816
-0.366696046853525 0.189089459465109 0.27173925495241 -0.0787836814869419
-0.272228757114069 0.339873144694782 0.323041847053125 -0.170258066889844
-0.100223463212807 0.361371754314102 0.224311123688962 -0.210102116779038
0.0737874938759365 0.317655287454322 0.114675369047254 -0.190510132982447
0.142837545805619 0.230043289035063 0.0712352247477819 -0.107734269289322
0.186549621274541 0.179474491102276 0.0704403917051077 -0.0555597123206999
0.204618806350292 0.123688317132145 0.0664276940753183 -0.00158190165627956
0.207803530249129 0.135379627034842 0.07941634877889 0.0606080043086235
0.141798227439064 0.189006410910911 0.0880222433337826 0.134382969993759
0.106312627446982 0.23471528508579 0.0214070376281489 0.205118165905293
-0.00699245240028992 0.28850759297084 -0.0918998931367442 0.189072858632562
-0.133054222151702 0.316359612039125 -0.165090305850397 0.0646795144194687
-0.278392100948446 0.20273841879845 -0.0849942680348534 -0.0487495455414482
-0.359212885221563 0.122327510485916 0.142356338805675 -0.0808617256152771
-0.297858254233713 0.065657814567763 0.19680896478171 -0.155082174980651
-0.302026202031134 0.156592520191904 0.319121594629248 -0.131733129769879
-0.214270563189418 0.285699535899453 0.312090474948605 -0.163241111366609
-0.0634978015449036 0.29220244972086 0.218979080497571 -0.167637098140383
0.067137362757254 0.247514162430646 0.137243477158467 -0.117494655979523
0.112394861985374 0.18014781277378 0.126119433840136 -0.0396104761324909
0.142260714244436 0.148480011421115 0.13876711738823 -0.00188404320442006
0.156557374850817 0.110564508672041 0.131569815941513 0.0439504396535805
0.151580738804525 0.126813573886234 0.134701972539653 0.11640857908734
0.0883043776517149 0.171520254541174 0.117360309658673 0.195647862629894
0.0498943382577991 0.201242392981198 0.023671927875169 0.25467974474644
-0.0502381545598418 0.231095681374317 -0.0874377886586156 0.199940056632319
-0.157740673372215 0.246422239337449 -0.132117336912127 0.0599915521158619
-0.273668842047232 0.130097719080775 -0.0230719802162334 -0.0644003831002713
-0.315969818407361 0.041584948505651 0.241323891418342 -0.0994007413348655
-0.175237539561006 -0.00233235364152379 0.24255568769941 -0.182502288973722
-0.193176008044198 0.0811982973413294 0.322342949022915 -0.168928177726105
-0.131371258033699 0.169020910201285 0.279205107504608 -0.143713204842959
-0.0375811173390091 0.163639280332226 0.205574689063189 -0.127135546401961
0.0272355689128529 0.139539491107115 0.152733520372016 -0.0631653598140616
0.0513693516428108 0.110705383222748 0.163580343899976 0.00528040344726391
0.0691951887361105 0.100131009449934 0.183873302325186 0.0380474858494975
0.0849669275704278 0.0794085933101987 0.174395075221525 0.0833337943595919
0.0822226817114373 0.0908441695908658 0.167830643384006 0.168364329668482
0.0403145613079949 0.117989174799244 0.121649306377396 0.247926692178172
0.0162784799952153 0.132702683704464 0.00651488326423508 0.290248761453942
-0.0522726131250594 0.149932776499643 -0.0890038591546108 0.206832946220402
-0.134444601198676 0.160986098637499 -0.10082015744434 0.0679163549287532
-0.219748289857849 0.0596125097016155 0.0328161690136192 -0.0509148493840064
-0.223355246127392 -0.0317758217852259 0.320755649081326 -0.0870627803665812
0.0863815399553723 0.0379306753670596 -0.382092914129813 0.0984682078932421
0.103463246577878 -0.0455871938910031 -0.120229719376524 0.0559549685927858
0.0674045001662565 -0.0794648023918462 0.0702153231490092 -0.0920001878099033
-0.005929581836946 -0.0629071122262856 0.0860334046419964 -0.207979768536325
-0.0107112390060246 -0.0264815550564877 0.00498920737484817 -0.323048382607933
0.0113547750046685 -0.0249372747140039 -0.13759513921801 -0.317820055207686
0.00689324671439715 -0.0463813295809172 -0.215228074616135 -0.207372709186778
-0.00104063729544778 -0.0510433996003525 -0.226272952515704 -0.0979201281199706
0.0177364957586696 -0.0562605543220939 -0.211621228655984 -0.03810077836356
0.0432640535024979 -0.0389996402727154 -0.198272309985235 0.0010064026327024
0.0472489524828641 -0.0202356268100651 -0.171294489508496 0.0576981244298985
0.0436158429740748 -0.0170824997539562 -0.193446095442846 0.112606770128353
0.0726162880533381 -0.0170864548123705 -0.232411210145339 0.13885778348528
0.0813855034885573 0.0335904884597276 -0.242452891813229 0.211172185827166
0.0649120895948066 0.0912206653969366 -0.206055080158547 0.229535645033813
-0.0629528617475408 0.0919990328535848 -0.357031874947784 0.0688270439158218
-0.0232845342705375 0.0189139101175159 -0.0939793443453281 0.033285112679805
-0.0309785915692645 0.019017298970076 0.0987163225950007 -0.121118603232638
-0.0576470489028333 0.0417819177772012 0.103486802224664 -0.225745862365492
-0.00694399661857084 0.0815017703318546 0.0212564552836641 -0.337069957645436
0.0506205630790092 0.0652396005578492 -0.119358040726586 -0.325521696732386
0.0791675235862431 0.0238645746250674 -0.198457233778226 -0.219308722593939
0.0870549218715816 -0.0081828496378606 -0.211678189324954 -0.105420060686436
0.115816954427275 -0.0148780657324312 -0.195320632272573 -0.0395583699421607
0.123868271182605 0.0201184491565182 -0.171060489885119 0.00716728501925823
0.123649204754051 0.0656085558008571 -0.14690986616413 0.0680593734057563
0.0772083579111693 0.114310936712903 -0.179662910687399 0.12477329433306
0.0446522355706465 0.131762850211317 -0.229075090113811 0.12926752045632
-0.0139574340406161 0.140861964159513 -0.22390365457945 0.186469562630087
-0.0700154603778814 0.175607707145759 -0.185301111466183 0.196599721461038
-0.207107835741258 0.134843613469635 -0.281464213859517 0.0332771263448853
-0.160114172978663 0.0892821552796602 -0.0229074476555728 0.0165385370631581
-0.132101603376931 0.135316333579545 0.158061018270094 -0.149722206116778
-0.0985183893012986 0.162371743032403 0.132087818152711 -0.248514886082508
0.0094554336180653 0.189651164449357 0.033248870363376 -0.338579583167451
0.0922672107107458 0.149844061659734 -0.0938964686218048 -0.304293897431064
0.143622303282152 0.0912632241133674 -0.157893024675138 -0.20477108718824
0.163799268128365 0.034599337294788 -0.166381353102603 -0.0988866698584497
0.19541515005743 0.0253713104930288 -0.145701424036698 -0.0318357539603781
0.184926955830286 0.0716787335156491 -0.113180214278299 0.0213603016040467
0.182957852023521 0.13284977035664 -0.10086445531277 0.0910148810677598
0.109055543547937 0.214182290171987 -0.152988587549687 0.146842276628761
0.0261105470464003 0.252733065634881 -0.221519567991813 0.122590908817654
-0.093995885221775 0.227823740044016 -0.20199815886108 0.137599768773071
-0.188501992853333 0.234285026115447 -0.13297078746157 0.132174910723563
-0.320758011414485 0.16293524223467 -0.163881852439209 -0.00829966152849318
-0.279492801866646 0.16176042296006 0.0793131657521723 -0.00559936744818611
-0.212454707404509 0.258120178899249 0.230473582344894 -0.17278893852483
-0.112573110622245 0.284287045730768 0.167228340861899 -0.263585191007585
0.0456222072557344 0.279224596529849 0.0473440394117082 -0.31869631440189
0.134876712206475 0.210840485385959 -0.0553234039052261 -0.256824128363134
0.193323604176774 0.141065919297728 -0.0953321939905822 -0.168182203940886
0.215807644809383 0.0707784343994961 -0.0962223920530255 -0.0781721629456364
0.243205090091368 0.0635546577917522 -0.0727432141655339 -0.016103685364407
0.212783720585792 0.118725921191564 -0.0377601701401349 0.0434119124518292
0.205022138950296 0.183785959342127 -0.0435793943427845 0.121568970239412
0.113622266283907 0.279662491859449 -0.120223386248405 0.168406035243815
-0.000420554287022661 0.330665768554856 -0.208561420228341 0.113890064261461
-0.163040766180023 0.277377247630961 -0.176857374134025 0.0762253441870445
-0.281254011724569 0.252788113632617 -0.0580764699953974 0.0498545563685547
-0.378751068908434 0.170527423292235 -0.0279600544871882 -0.0614943621134791
-0.348907609508641 0.214441875705756 0.186739685579896 -0.045582989465417
-0.252147311849401 0.348195395034687 0.288631569777107 -0.190217386249746
-0.0992982366525112 0.368439975714992 0.197053428862167 -0.257136359050655
0.0847632477057758 0.32690321434981 0.0705135631526111 -0.271562556979469
0.165014818806816 0.236271722236636 -0.000113778117079265 -0.189838669146098
0.217462106887247 0.166737686233254 -0.0166532408322271 -0.116644804747797
0.235626191939775 0.0953672498778289 -0.0137729194745632 -0.0462266261581085
0.251812236952849 0.0962909990404792 0.00938449888130635 0.0130004747227368
0.203290440544518 0.158477618129791 0.0397576144919521 0.0789816370728308
0.184362002622696 0.218629074647273 0.00814826423493146 0.160427921171831
0.0779820847281876 0.307700783992623 -0.0923351841271029 0.187131258701497
-0.0486251805663372 0.357800925937835 -0.189331870779054 0.099736470277756
-0.22420952742078 0.277295996594316 -0.141499891747993 0.0117007116574301
-0.339240287466446 0.224502188468731 0.0335582401272828 -0.0307518900590548
-0.368448889563325 0.1506310940993 0.0989076221145224 -0.120843471098334
-0.351521283665616 0.226642548832668 0.271942970978698 -0.102433740798841
-0.240645507850943 0.3682912196099 0.313216116237125 -0.197917971878714
-0.0691535413535315 0.376320787754354 0.210250731342557 -0.229286156444508
0.105335996973631 0.313210684453483 0.100065763194372 -0.202167576769763
0.166561212385341 0.220398372274515 0.0656132135304467 -0.116111184232179
0.207043210116479 0.162422804978692 0.0667644103885036 -0.0626516575473326
0.218493397840531 0.10484756991376 0.0688308224711657 -0.00660525868304916
0.223344065061564 0.115839464646856 0.0868668679512634 0.0559163183962745
0.162058652632896 0.179485674214881 0.101500045494855 0.129581742309468
0.130178327131602 0.22754075688526 0.0417579655378299 0.208267259474793
0.0187847400843641 0.294584880037854 -0.0741750811521141 0.201973385094206
-0.104504917690403 0.332323526490596 -0.162915146147783 0.0852091185609192
-0.26244149269941 0.231242965918948 -0.0919628705613879 -0.0375569146917747
-0.352522342866035 0.158799892296019 0.133409197287652 -0.0919538754100068
-0.295063590764414 0.0984806202261907 0.191472681730318 -0.174660399579164
-0.287932914320164 0.186865346830845 0.31463788693841 -0.162003616562246
-0.186688582957088 0.307959003919513 0.302741017678809 -0.191203569649243
-0.0383985425527505 0.301340355462563 0.209117974632667 -0.186709203898363
0.0918094060357176 0.241104268160087 0.129193056287814 -0.130878390653718
0.129925005845243 0.171474829483683 0.127453284321032 -0.0521888500649221
0.158249516927065 0.136084582156711 0.140735236114713 -0.0154214734345811
0.167997752916347 0.0957728521149162 0.137803366357193 0.033212915583183
0.164456673141802 0.113222270785245 0.147960273108928 0.106492382420696
0.10534984306369 0.166494847021247 0.137298915148964 0.188758061628795
0.0690557867406258 0.198484468480426 0.0483554822099807 0.257163073635705
-0.0312657375448066 0.239486686994693 -0.0693363909860605 0.21265669277146
-0.134950524122997 0.262671064398823 -0.131093995447867 0.0769924388551078
-0.263599039510994 0.156754615577919 -0.0311864718073575 -0.0597366329476855
-0.315295121509016 0.0730836437905135 0.232499853351124 -0.12054219350431
-0.175900668022869 0.017012182124636 0.234916037713918 -0.206862156818434
-0.184177044971248 0.101029123033783 0.313426425241506 -0.200112635843903
-0.11448305794464 0.181963783583972 0.270986547900616 -0.169697726979332
-0.0235085760873239 0.16797091843473 0.1980239321476 -0.1446836186316
0.0405567244263566 0.136307238266874 0.150673252706506 -0.0769893588741648
0.0614892311398843 0.106033410119323 0.168900786999901 -0.0107868529369789
0.0790433602846606 0.0939225620997115 0.189419117792278 0.0197970402429332
0.0923431658054735 0.0714739620390457 0.183449898810176 0.0680771447478884
0.0901297230129577 0.0837927791615913 0.184687533826065 0.155820373046213
0.0517918670431476 0.116402311970421 0.146602824292987 0.240413328900875
0.0277599864331834 0.131983133565495 0.0339472522173369 0.295486846183543
-0.0408726465325747 0.156628640833505 -0.0712220190547743 0.218610151964781
-0.11970712550047 0.172972369417502 -0.0988570553568807 0.0809542054142629
-0.214534621276701 0.0802704453905157 0.0253353237693513 -0.0521734464202145
-0.227207104273372 -0.00943571135762074 0.313523802942373 -0.114952910435738
0.0860121969357958 0.0294028122596564 -0.364877159322143 0.130233465718049
0.0948678306187789 -0.051763861093982 -0.10985270140086 0.0675539527621619
0.0582259531840812 -0.0817615400366852 0.06465627700664 -0.0976712176728109
-0.0101699440630828 -0.0583315417532569 0.0699958105194134 -0.215188709393926
-0.0108734399608402 -0.0220357743309443 -0.0236257146281263 -0.322162054893116
0.0102189296621488 -0.0251812251728938 -0.165601328872783 -0.302560590726328
0.00393370462020368 -0.0461273599670346 -0.229186901597238 -0.186492407448852
-0.00495482842425357 -0.0495726342726702 -0.229978694043321 -0.0773683196494148
0.0130224624296311 -0.0569155344702363 -0.21361273235294 -0.0175199147637392
0.0405814617795437 -0.0427480155591033 -0.198002439801874 0.0206598493565568
0.0462785937625544 -0.0235780798246261 -0.165867686647601 0.0709641329561172
0.0424084481604304 -0.0182857258305532 -0.182798979508494 0.128727570794178
0.0700690623017482 -0.0218056620478587 -0.220289760160756 0.157051060403547
0.0806077745622626 0.0264012192810022 -0.222789647994521 0.227801620337042
0.0694819472336353 0.0830481398505907 -0.188628031387039 0.245913559297836
-0.0571414186708179 0.0970482064223001 -0.34213726072662 0.098978391983464
-0.0248954443642011 0.0226820989513878 -0.0856087584274633 0.0434644128559283
-0.0301426699098162 0.0248017366509059 0.0906931189502349 -0.127343879948032
-0.053161200737105 0.0506775125437994 0.08657719332925 -0.232471787244557
0.00212510397128443 0.0847578488216698 -0.0081020268885683 -0.337013976765546
0.0579610367673297 0.0617264723140158 -0.146917532736938 -0.311655532208262
0.0821390326481552 0.0169949026472835 -0.213938920413468 -0.199611691735618
0.0864203272206712 -0.0155555552775893 -0.215849889922255 -0.0862651435723968
0.113849417090326 -0.0250974975062831 -0.196650922879266 -0.0199683915308865
0.125553106140279 0.00913859176538837 -0.169835842216992 0.0241234236693545
0.129231567353922 0.0546857645307817 -0.140785160908175 0.0805053742641899
0.087036892024531 0.108850779642315 -0.167253759105659 0.140427133723784
0.054922596740691 0.12733545010448 -0.217481300393883 0.149671513852193
-0.00423291475339372 0.141483538039088 -0.206297060740413 0.202847294027089
-0.0564884612774065 0.178483308483406 -0.171234618842805 0.211981537001317
-0.196179521431876 0.153054223124768 -0.268334350958336 0.057328465627901
-0.153377443999554 0.103859303196933 -0.0162426316729876 0.0205981729315513
-0.119633896820313 0.147935608357173 0.146147388289434 -0.159113218548631
-0.0841716034912513 0.173713770869743 0.113171689697604 -0.256410092028791
0.027891812599367 0.190407689995678 0.0037913220113582 -0.338542604637478
0.106264020320919 0.142211641420364 -0.118252102188886 -0.293277219149954
0.152002461134133 0.0775528713424289 -0.173053813036144 -0.188408298564222
0.165444244022935 0.0192520575696661 -0.169796406556408 -0.0826564426064192
0.196242959766914 0.00690911334117715 -0.146270263584874 -0.0165579804539911
0.190980825325201 0.055462770014219 -0.110651435056199 0.0334304292199603
0.193893973269871 0.114873077407617 -0.0927534525580619 0.100334767320026
0.127993509922342 0.205170327695244 -0.138154641337686 0.160174580182382
0.0487507504801791 0.248117699296659 -0.210365784650629 0.143570836142131
-0.0760081781707124 0.235407607237652 -0.18888079389435 0.155100144708602
-0.167987324222194 0.248293502658566 -0.123812425744556 0.144771656179867
-0.304845118372353 0.192299548960825 -0.155132807597494 0.00564848613053556
-0.26456913085753 0.185553179834992 0.0825863960375628 -0.00997156762436011
-0.187399232148327 0.275147513955791 0.21571648435961 -0.18733096303111
-0.0871081721681398 0.295069234220118 0.147426501163031 -0.27223987241796
0.070845371571131 0.274698731646823 0.0197834123817946 -0.319341318150188
0.153597420399711 0.198837974571479 -0.0748662427959635 -0.249280915311589
0.205443723065439 0.12289236573162 -0.108465608488395 -0.157239209944639
0.220506575115726 0.0496670615560468 -0.0989651566249109 -0.0679675710713449
0.24640910887483 0.0399208813662009 -0.0724862667450624 -0.00664907827979587
0.223166607192704 0.0999579178169903 -0.0334829459424021 0.0486957419546085
0.220462566592892 0.163248291937492 -0.0327052628424282 0.126526898641847
0.137827740520684 0.268251326395242 -0.103966065985146 0.179464965777994
0.0288903517307661 0.328329452292791 -0.198152287795436 0.134852263408757
-0.139527538177712 0.289771250731537 -0.168616331272465 0.0929936539500308
-0.257953819989833 0.275898098389586 -0.0566238773600291 0.0576927869371915
-0.361021566396499 0.205938059039605 -0.0253190109984054 -0.0582910166001782
-0.327706876099724 0.243402930599338 0.185081792799265 -0.0586694726571507
-0.217949256476326 0.367505376034395 0.272733952079748 -0.209428896137055
-0.0671506711741711 0.375647633836834 0.17728954511571 -0.267649249583437
0.113275062869142 0.316938496832673 0.0474314123911181 -0.273862064616282
0.185121721332723 0.220105262804408 -0.0138699055998298 -0.187836999001439
0.231439896421281 0.144699147301764 -0.0259374933099325 -0.113040998885675
0.240795182655057 0.0725147323455512 -0.0144973316391745 -0.0433096567272184
0.257635646033921 0.0713221237502544 0.012098355047785 0.0145529711772823
0.216674656812253 0.140199863107448 0.0462684378938237 0.0762178594571943
0.202251395787666 0.199406180008041 0.0226588155090838 0.160324468782752
0.104997452018575 0.300408136163489 -0.073534224771426 0.194946453287834
-0.0171979445356651 0.359161732519757 -0.179580805275712 0.119846725748393
-0.198637980900112 0.295003668636364 -0.140195162033982 0.026716046089464
-0.31785811802805 0.253114474960325 0.0274451956697282 -0.0296238129844202
-0.351211559522026 0.18559088198079 0.0953858953834104 -0.127819719902189
-0.327206350373203 0.255045001611035 0.26358519245108 -0.123286566576901
-0.204030023475054 0.385310770770531 0.295637630650969 -0.219010647878001
-0.0371585957985404 0.379520906351631 0.193235558880909 -0.241316676766396
0.131667282619186 0.299033266391296 0.0820616245766326 -0.207997872804818
0.184441430384994 0.203980770179533 0.0578732618735627 -0.121060442071412
0.220125987035409 0.142147227247087 0.0609577484614959 -0.0668506908115952
0.225201781657078 0.0822108548611682 0.0689861409739983 -0.0113267723624154
0.229844257404533 0.0933304880377077 0.091718145933619 0.0492097467898359
0.17809717557039 0.164465057424881 0.112377634339915 0.120581965140273
0.149180551239084 0.213523908168689 0.0616138623271699 0.204941191281533
0.0442447111710981 0.292448237647888 -0.0546345546798096 0.208615265830007
-0.0724202453048775 0.337124175074905 -0.15525750659471 0.103295037985804
-0.240583577036935 0.252434487575459 -0.0950743211036798 -0.0259205378272164
-0.335175447735123 0.189609682651856 0.121878984132963 -0.0990575635255621
-0.282090226856572 0.125732020210558 0.180809785737906 -0.188405827978617
-0.266630403198037 0.210359999379296 0.300493849676659 -0.185940273215899
-0.15546979288806 0.319339248882161 0.285090106800086 -0.212430899991915
-0.0125358093782662 0.301732837616257 0.193999920086773 -0.199562087444035
0.112150697716685 0.228821798470798 0.118097129443927 -0.139480940219506
0.143580795536873 0.157887821519538 0.124282253730124 -0.0639339175474818
0.169115906367156 0.119665438721022 0.137261432895046 -0.0277194963827416
0.173756364355939 0.078664487499162 0.139669261110543 0.0222382341191513
0.171839324186184 0.0965074852977594 0.155673734065659 0.0941068284692244
0.119922239887705 0.157101351168573 0.15297251385713 0.17520697548809
0.0857653708082217 0.190461077278228 0.0721076063620114 0.25294007333647
-0.0108681100939041 0.242142758675587 -0.0496767023287542 0.21868820597136
-0.110009451183993 0.270021649884991 -0.124670402571522 0.0912088205368544
-0.245756234196674 0.177881929312837 -0.0373746741015578 -0.0533711048136856
-0.305048178015921 0.101486589471184 0.217066387253036 -0.135709472764175
-0.170398916156305 0.0351820753157092 0.220529735894462 -0.225780668971597
-0.171209541757213 0.114926972422834 0.295253928408335 -0.224072916467664
-0.0945090538610248 0.187801468497076 0.255265306027815 -0.19001847173314
-0.00942365002323825 0.167316793786961 0.185660504958112 -0.158331666002301
0.0521500702815021 0.129823425751478 0.144499118020674 -0.0888497331661402
0.069681796324927 0.0984166112547614 0.168694192353298 -0.0271283696588702
0.0860201029649894 0.0850322009438988 0.188660124477324 0.00187658651402976
0.0966556263884308 0.0620622080375793 0.18742010777514 0.0518155298723315
0.0946984854705979 0.0743534450224822 0.195983318946327 0.139136682208295
0.0613334424077954 0.111147021770219 0.16578894984359 0.225612122758491
0.0382562258104733 0.128578300073888 0.0610407709697101 0.290624515922494
-0.0285760937406589 0.159272333886783 -0.0522916742356639 0.224307000502767
-0.102562933106766 0.178338694001852 -0.0939487874523099 0.0921135317591181
-0.202441939725687 0.0970602893539333 0.0181413525570496 -0.0512715079650237
-0.224261080616465 0.0119432431477991 0.297956044140607 -0.138419541296933
0.0891082871640089 -0.00123539897510173 -0.286954816411799 0.25201018606981
0.0649547403853545 -0.0800035204452956 -0.0724478115513193 0.107014288618902
0.0211846934866342 -0.0954539961672098 0.0300807678602703 -0.109602629041432
-0.0299201265839822 -0.0483048195835184 -0.00843413146628208 -0.226398616113878
-0.016545720645168 -0.0171157662355435 -0.137590032357711 -0.289012330996065
-0.00055736488531076 -0.0305252754400735 -0.263684052590305 -0.213099417619473
-0.014697458245918 -0.0453359414987999 -0.279249772515308 -0.082351597538591
-0.021824942647719 -0.0423120839966571 -0.235643408463181 0.0144314458687912
-0.00849387337057452 -0.0562183322553758 -0.200458832721373 0.0636701073321474
0.0223662775095977 -0.0535946149148442 -0.174465964846929 0.0930510814523696
0.0342273113366655 -0.0382733324918315 -0.125843453592047 0.12567984987163
0.0339221921275236 -0.0304509510903121 -0.122182855692058 0.182894605860956
0.0562182057714153 -0.0430356589448337 -0.148371011657079 0.22335191894435
0.0827258326604936 -0.0058418360575835 -0.126431243040775 0.284865488465153
0.0909911517491458 0.0498685372150705 -0.0918800669256434 0.287317929283322
-0.0187631823073391 0.11777229241101 -0.275167733632538 0.208615506156688
-0.0166133905344495 0.0350382456695111 -0.0584449823657815 0.0686773763360569
-0.0191446333648453 0.0363175120786321 0.0392150849096133 -0.152436148362396
-0.0257068595831061 0.0682852400734627 -0.00432976308359473 -0.251751908979336
0.0354479715260352 0.0750845076964319 -0.132599521060009 -0.30810524204503
0.0751437081911122 0.0315065068311771 -0.252446692641345 -0.228069096285283
0.082015942719873 -0.0166907914147127 -0.272326393023818 -0.100610360554538
0.0720435017106683 -0.0450615934833945 -0.225878980547921 0.00355131537184212
0.0942863339484394 -0.0646199173283662 -0.185073175379193 0.0564636025011067
0.119099491302894 -0.0367897812908629 -0.148795806696701 0.0869106907834656
0.137608359881255 0.00208430189184558 -0.102394409804307 0.126982948122828
0.121067186960668 0.0692803066784941 -0.104439353717647 0.186517170312569
0.0966270189801871 0.0978769184992155 -0.146371493012838 0.214269514844049
0.0474533819428851 0.130879817756002 -0.116805581369801 0.257000287620733
0.00813603453459143 0.183754712804693 -0.0806230556958091 0.251857362418248
-0.12578376935549 0.223466134297108 -0.220880705568714 0.137534643354619
-0.103574828896494 0.159809720105974 -0.0025407274697543 0.0155451826801306
-0.0527100307350778 0.182384443875788 0.0743663667047806 -0.208122594345414
-0.00556568259047093 0.193185219594655 0.0072453403842135 -0.285315468416018
0.0974845100560339 0.160717839289914 -0.126634318466565 -0.313620132254313
0.149274500286036 0.0869893259558112 -0.222434573762354 -0.220919515391093
0.169812024845134 0.0135425831866451 -0.232876860965828 -0.106441719423751
0.156004824603603 -0.042932000364819 -0.183662245226919 -0.00901462742791156
0.17990498480001 -0.0664258799526784 -0.137523915275319 0.0418899744406924
0.195561966990296 -0.0179830958146279 -0.0921300039959445 0.0743022097790169
0.218129943756028 0.0328552874925854 -0.0531080517966359 0.127541584060891
0.193191394328865 0.142468239807068 -0.0723571210961936 0.193575797619805
0.134264973980642 0.209558151607103 -0.139177352963959 0.205318650105426
0.0168828759214149 0.243863863937424 -0.114376104055971 0.207779325188149
-0.0703749303975879 0.287930486110129 -0.0568899584935385 0.176668024213073
-0.210902752214632 0.301546578091283 -0.133989802856955 0.0449464364998154
-0.172713479928799 0.276140249040911 0.0762627742642118 -0.0554670764305438
-0.0651311470815415 0.323832208099693 0.121653611084847 -0.264523765085887
0.0383904203465069 0.303770831621883 0.0265860717558808 -0.313790466625707
0.168066315715059 0.221551458051889 -0.108842970975209 -0.301446433285119
0.213205103552404 0.121330005604577 -0.168700115087497 -0.197398911819143
0.237289368281327 0.0350220799308191 -0.163973885124867 -0.102310655039694
0.216402836095182 -0.0350424519485123 -0.11516121920537 -0.0206880142918717
0.237313226890253 -0.0548683985489302 -0.0665546138272133 0.0244045625623319
0.241581253853399 0.0104435129754254 -0.0178012617644467 0.059761324975314
0.25973583659396 0.0668373793117067 0.0098798228519698 0.129208582035148
0.225396468894526 0.196880764666354 -0.0346038858120215 0.197174673121126
0.1445434509168 0.288676558818852 -0.130003299567156 0.192287254404412
-0.0205748239836292 0.317836457502623 -0.116098237657467 0.14466519536623
-0.142517978334492 0.346520185583522 -0.0219389763667741 0.0761414475101639
-0.255826831607678 0.335910124648785 -0.0365821975569418 -0.0636615459835386
-0.206767120130222 0.353087868686339 0.152042967459601 -0.142116020691289
-0.0571809344514879 0.417842849808062 0.160997754396761 -0.308536820998361
0.0883988700918811 0.367041904121313 0.0516845224162149 -0.320286924520069
0.221113710328566 0.243337276383867 -0.069069187257108 -0.266531706332498
0.250006280727921 0.13037839312432 -0.090037256321279 -0.163522065355635
0.269813705363242 0.0455403744409286 -0.0740843682425856 -0.0942420256872063
0.242989496113269 -0.0223385954142159 -0.0303756158739381 -0.0290358213033906
0.258829044792366 -0.0305873694116163 0.0169860766274337 0.0130324113097907
0.25063737986761 0.0488656844121684 0.0645466216247195 0.055058637309378
0.2565990089691 0.107260138074648 0.0732053158650475 0.137910808037915
0.206641118208963 0.237501102193411 -0.000810716150917921 0.199242179935128
0.115173362528749 0.332814872897807 -0.116725890122999 0.171227009038675
-0.0724761529579078 0.344478765289642 -0.111573373155937 0.0756338378529726
-0.205710821253857 0.348266779553653 0.0257983690138594 -0.0299753250774818
-0.254386545308727 0.31093210425632 0.0491604472565549 -0.170168353279017
-0.200417503951571 0.361521179431708 0.199744728187317 -0.230167987024235
-0.0370546363083369 0.427670996810874 0.176853426910315 -0.325781092188252
0.117789939250443 0.358011361203596 0.0741579806640775 -0.299667301122429
0.231206230150933 0.220295966279271 -0.0121485209899172 -0.218046239490565
0.242987501458817 0.11561345945422 0.000682353056063761 -0.128665600604559
0.25828074243269 0.0478981887988604 0.022864112463621 -0.0855792096006154
0.232409070265322 -0.00744895156882611 0.0569618557802932 -0.0318335247824592
0.241876991151489 5.00072419597829E-05 0.101637408859422 0.0151114933529828
0.223388681494173 0.0851557602957136 0.141129844816158 0.0700889007549221
0.213317696119669 0.139482828870056 0.125084643294587 0.162528011905394
0.148190839583326 0.252608655591496 0.0223311461792185 0.204534748386368
0.0552537511510546 0.333035796512037 -0.0999820063063736 0.147885415029519
-0.126221448252244 0.32035172064772 -0.0893856313638309 0.0130551813849476
-0.243539829951422 0.296657997590446 0.087272848340947 -0.123164831100072
-0.21225354233752 0.22745656834088 0.105544998135577 -0.253551714112303
-0.161897010632344 0.294609186872402 0.210876495352951 -0.297966790198458
-0.0179214915928824 0.347114117886413 0.172818522061491 -0.312476220502255
0.108309700878994 0.276395701358021 0.0931561233721491 -0.259335824843931
0.186281329539747 0.163144982085379 0.0490193761629574 -0.168500480582415
0.188537866442973 0.0892793321217104 0.0844098324394188 -0.102427395929017
0.202580947758147 0.0460573461819586 0.10861316411248 -0.0790693259432925
0.184641987027992 0.00807386498121236 0.133142981041235 -0.0287600873131997
0.189673033802175 0.0238935813537453 0.175559100812992 0.0325352976523939
0.167800562446312 0.0986609252075711 0.198522474378538 0.104007367300135
0.145863939295442 0.14235479397678 0.15402526594689 0.200476074807447
0.0777615669267069 0.226608897532675 0.0310181222698198 0.213035682841053
-0.00284272339294013 0.283868415595791 -0.0768594189705023 0.127912550117134
-0.158140050904364 0.25305108776794 -0.0480424911867656 -0.0311643468558597
-0.245797772659341 0.204542638347364 0.158698050978036 -0.188246335527227
-0.144339425829076 0.0980731056663133 0.12750237562373 -0.296546592662645
-0.110844184092276 0.168445679084429 0.192802917922121 -0.325021854747428
-0.013841318667243 0.203615018440079 0.159825975113658 -0.27570838759809
0.0578244808387052 0.153087249720294 0.107376760630022 -0.21708156473646
0.0956106960387876 0.0955583118162116 0.0965279810451576 -0.133494614904635
0.0996751580509838 0.0633418249695514 0.142054946956603 -0.0882188011612857
0.112644218172611 0.0454868376145417 0.168548774475104 -0.0718040890427925
0.109054631137965 0.0212240145873279 0.187077414756691 -0.0207790296904682
0.111897615437595 0.0323801165876331 0.227393890042169 0.0567443897177467
0.0963237853932665 0.0775884962051548 0.229203054403878 0.145579765612235
0.0801874677634005 0.103442167580391 0.159084382718362 0.239528015664197
0.0305980886473498 0.156276983032886 0.0316796390265215 0.221243104312133
-0.0299649099101808 0.19718189639952 -0.0500705436226356 0.118435378943905
-0.148620271388007 0.161924282565855 0.00120854399098261 -0.0492509080343272
-0.202441102419029 0.0920681133462046 0.226238853339296 -0.21906353540618
0.0849864579907712 -0.00619820122730964 -0.266433459959347 0.262710336111711
0.0581657051615776 -0.0799165854675973 -0.0610949319715928 0.108947983997153
0.0150921166573679 -0.092257095301078 0.0262669751913274 -0.111725161707739
-0.029796765486097 -0.044232583734318 -0.0208028376821144 -0.225583516033159
-0.0137861170993869 -0.0151262707501085 -0.154107650868806 -0.277894975874268
-0.00122150846805793 -0.0303643952991237 -0.273981753844385 -0.194365494565242
-0.0164151243010663 -0.0443326405865606 -0.280265637470973 -0.0665154083481454
-0.0234235873614762 -0.0400106669266245 -0.231284035416038 0.0261460421664569
-0.0111245612661739 -0.0548147465265612 -0.194667951781878 0.0756401593668181
0.0191048468615645 -0.0546138406528374 -0.167486634742286 0.104186070139406
0.0327669683274406 -0.0394501482640386 -0.119153012788764 0.131807943874355
0.033422641221325 -0.0310944517141293 -0.111316842721484 0.188856446592301
0.0530355698602741 -0.0445221020774455 -0.134974990123879 0.230485619496407
0.0801116108441699 -0.0081960356901906 -0.1106716805557 0.287627917480423
0.0910929279712913 0.0437262409226326 -0.0781816905155562 0.292084655215731
-0.0138081613252467 0.119162433565023 -0.255523369815505 0.21755657953436
-0.0166856123770463 0.0392045497572479 -0.0491681528528646 0.0699044568881753
-0.0163605488576832 0.0400032880331422 0.0329883341117475 -0.153310830386551
-0.0195864349750588 0.0718425232422479 -0.0154003691996137 -0.249978814826685
0.0431277376001105 0.0732208934953876 -0.149352364040619 -0.29772158010472
0.0780020097451106 0.0272685506808955 -0.262295866757139 -0.210602008803022
0.0810460188390198 -0.0217601029662276 -0.273549469650896 -0.0843580664069093
0.0693612048744142 -0.0490104691693024 -0.221239303463229 0.014860945074797
0.0893784227949198 -0.069928907684328 -0.178382285817571 0.0679241572015099
0.116356446631492 -0.0431740581884386 -0.141490626115135 0.0964739923712377
0.137208611741128 -0.0062152839977385 -0.0949864010777072 0.132289374170124
0.125603190121097 0.0628117943552578 -0.0925093410673651 0.191206611857779
0.100874075703332 0.0917270431980587 -0.132557495903047 0.222239634573722
0.0529819443734852 0.129291816282142 -0.101701923205679 0.26050157189578
0.0162758311680745 0.181887576913605 -0.0686113034325328 0.257210169095387
-0.11275773445705 0.231138608995653 -0.204568160063965 0.145082290205484
-0.0957396606884047 0.166369750697784 0.00317894573960252 0.0143089290599434
-0.0415069939635984 0.185834123554527 0.0647060019094377 -0.209517024886072
0.00754902977335147 0.194701740573945 -0.00458799210187889 -0.283038901787333
0.108749651283488 0.154408565147149 -0.142933957436646 -0.303588004440007
0.155165243946254 0.0783212623451226 -0.231573996140081 -0.206230675236628
0.170589558836756 0.00259801591180671 -0.234293332607205 -0.0917425873361848
0.151488257514102 -0.0517740431476015 -0.17929696878181 0.000389644750347539
0.173922822826964 -0.0767362413248354 -0.131495144508107 0.0508131602562107
0.194292202119531 -0.029040082255589 -0.085945956484614 0.0809479403848685
0.217777360922499 0.0187469972591537 -0.0449533033849836 0.13136437036693
0.200603739344756 0.13066796285633 -0.0597895637030068 0.19648179641543
0.14414118842673 0.200070248461824 -0.125672692326655 0.214683243337759
0.0297905946626285 0.243057684915095 -0.101125547316921 0.212688702866171
-0.0542306210484028 0.290936908970761 -0.0475953087338135 0.181920229560161
-0.190408186350431 0.313373582461162 -0.123462384407036 0.0487163493433539
-0.156574914039237 0.285856351012745 0.0775827527252613 -0.0597073938180846
-0.0455593462531599 0.324661551034591 0.109729183194364 -0.267338610703581
0.0570065429427764 0.301666547483813 0.0138200317517911 -0.312120491780749
0.18022619235475 0.210075578843996 -0.12313581636986 -0.290278969668758
0.220678061326331 0.107989233693983 -0.176006459104684 -0.185803993721417
0.238416974827329 0.0196791063461925 -0.16576744705555 -0.0912772440585778
0.211112530975495 -0.0482163947622063 -0.112301993116573 -0.0148681693880637
0.23044177652896 -0.0695959967789494 -0.0625460142655 0.0291470582405415
0.241544488362325 -0.00336661076175782 -0.0125680476878235 0.0619877122149973
0.261165856176363 0.0504607852060218 0.0183427341879602 0.128732879276008
0.236166075181618 0.183053896415347 -0.0214884660035585 0.198225592527917
0.160383455913604 0.278143556907881 -0.116460676790081 0.201123331895718
-0.00296448950626813 0.318559885003205 -0.105599796983423 0.151824444616751
-0.12249879136021 0.353443772529859 -0.0182653836534464 0.0811102881497533
-0.232457348360537 0.349535623226049 -0.0332840334368119 -0.0642336608675644
-0.184458641139012 0.362293348407526 0.147218206390425 -0.149340111182949
-0.0317458821763846 0.416407136642538 0.145536684295281 -0.311779117081567
0.108822917858164 0.361263371129278 0.0384177046535284 -0.318983216248442
0.233549518608623 0.226918278699639 -0.0822205003210675 -0.258207437069991
0.256714516544747 0.1141269650621 -0.0959590711833264 -0.15686999550379
0.270782883429694 0.0278431875774275 -0.076321942535482 -0.0880027002708035
0.237900571798301 -0.0381132760853532 -0.0288778481940296 -0.0272784517686964
0.252560716862237 -0.0467320049502496 0.019072631411679 0.0129330500155521
0.252194230454836 0.0338539932193371 0.0688109783665314 0.0524224424313606
0.259649419725132 0.0902019004711561 0.0824147839941381 0.133852913503793
0.219721566553942 0.225136354347951 0.0115119153535337 0.198886961226535
0.133174636520676 0.322540158292527 -0.104504335963843 0.18044721380352
-0.0523041172527824 0.346453927663227 -0.10456182596063 0.0836922187220051
-0.182957921079452 0.358640296224675 0.0231486944069291 -0.0272513096816148
-0.23117190307964 0.325236543661276 0.0450848477484884 -0.174168242285121
-0.17686288594197 0.368753936396796 0.188425242368628 -0.239179516988329
-0.0116286553002439 0.422459999778296 0.160560723303989 -0.330544997596887
0.136357355390676 0.348120320697199 0.0617004369129295 -0.300037912868015
0.241006843578397 0.203383900432483 -0.0225410431385636 -0.2137030514803
0.248356521723678 0.100209100724792 -0.00416226339481783 -0.129112234968679
0.258993818510942 0.0305868762854041 0.019342412712996 -0.0849774457064338
0.227761223881275 -0.022520927115641 0.0567250834303335 -0.0345231865953302
0.237483632258708 -0.0153883290679123 0.103263888399248 0.00991091206694994
0.228149072297699 0.0712214349631598 0.145017926762863 0.0619890892270098
0.218822203584904 0.125881741895042 0.134701580100369 0.154503362826416
0.162562289047042 0.243186381501003 0.03439899587062 0.202750895546668
0.0748498306264784 0.32578978612806 -0.0892604870187906 0.15620642740242
-0.106170255168846 0.323894967331658 -0.0866506239237575 0.0207615876907759
-0.22374548420618 0.308993894618907 0.0788178306234325 -0.123009081627194
-0.19356909537456 0.239009493546938 0.0951352264790178 -0.259875281041884
-0.141746027214998 0.299816035807551 0.195027775094099 -0.306832795838991
0.0024717780393082 0.341704886543322 0.15675757870533 -0.317581391093573
0.121412439887537 0.267149094633821 0.0817692951525893 -0.261123495251315
0.193115397482109 0.149258874448062 0.0411004935193536 -0.168828639072669
0.191956395611636 0.0770748214163567 0.080602514467302 -0.107912594061053
0.203075140193411 0.0322933959248679 0.103926391450577 -0.0837264930061084
0.181559736216296 -0.00406134813539431 0.131300154942421 -0.035466739135778
0.187475397044599 0.0123972303475839 0.17634791825792 0.0229386406049281
0.172416634617099 0.0885509039544662 0.202694813762852 0.0918333112583896
0.152358333377701 0.132556836435416 0.165746263086596 0.189756117967987
0.0903838611253945 0.220587148328035 0.043457855271832 0.210588242280167
0.01290837592281 0.27992792947672 -0.0679313882266941 0.134901011165587
-0.141766954976546 0.258236324459619 -0.0488510191033453 -0.0253925270740952
-0.230147666055536 0.217639454400107 0.145764248722804 -0.192461963855186
-0.133946313173339 0.106591823171319 0.114267720985603 -0.302960148211156
-0.0975360882842043 0.171838911164332 0.17436063660563 -0.333624476308158
-0.00121983712324167 0.19890106307209 0.145153879228046 -0.281735199272013
0.0650115926515141 0.147663105596463 0.0971928636511513 -0.220591175811066
0.0991463413675223 0.0876403222680966 0.089652561708076 -0.137199781404518
0.101086264216935 0.0559125491554421 0.137593567805213 -0.0971334402297957
0.113366978208435 0.03813474194097 0.16186986029656 -0.0806223156617102
0.107559173740133 0.0140583759594775 0.184178492758777 -0.0304902827962018
0.111282055500478 0.0254737655802247 0.228334540630704 0.0440204149484707
0.100122861626228 0.0725159148315629 0.235771430825785 0.131219543767094
0.0848540189351589 0.0973748224849394 0.172133775142395 0.228593909486954
0.0394975377732352 0.154148243167536 0.0436613532338999 0.218799461170547
-0.0191539222037596 0.19380112875161 -0.0432851952336024 0.123631858808386
-0.136445330276736 0.166617298545076 -0.00174349186905751 -0.0456712312051289
-0.193373152231495 0.103418206215366 0.210959759220292 -0.226821202829763
0.082052688027606 -0.0106622802423671 -0.249030452359488 0.276450372631379
0.0521162961447273 -0.080095374888115 -0.0512143889499691 0.110366557822438
0.00983003723116655 -0.0903651341634122 0.0219857221089832 -0.114524048683346
-0.0298818481290324 -0.0411868903796688 -0.0326035473275982 -0.226824803257933
-0.011705842830532 -0.0136842602250206 -0.170900603679592 -0.270907763440715
-0.00242191626725769 -0.0306881156307429 -0.286340999470558 -0.178923655552993
-0.0186923812889179 -0.0436558646978421 -0.283991667084747 -0.0521038528169585
-0.0245332308557786 -0.038167275217359 -0.230410603445963 0.0377562023192589
-0.0137704377868848 -0.0538033773006793 -0.190699299282967 0.0890418664038067
0.0158712659471589 -0.0561899503798527 -0.162216779402091 0.11645304976952
0.0317124268441684 -0.0421300013133362 -0.113739229466706 0.14061463025269
0.0334826225652888 -0.0315714803515978 -0.100781709371805 0.196945673437579
0.0501662794273764 -0.0462839059504812 -0.123635372952865 0.24001054471182
0.0792162943721142 -0.0113010832460348 -0.0973439044248968 0.294536180544576
0.0919480423315135 0.0378501848483144 -0.0647980439161249 0.3017273026172
-0.0090479511975407 0.122108688980484 -0.239949267528728 0.230300440621479
-0.016296238689259 0.044074234820281 -0.0406405733320172 0.0711919318987153
-0.0141418294327172 0.0438942398442803 0.0273472822896779 -0.155932953719775
-0.0131934558401808 0.076251334514288 -0.0268271699251696 -0.250615053668398
0.0508743699020585 0.0719393234436236 -0.167153854467078 -0.290596801870418
0.0819812712241116 0.0226413830807101 -0.275871526290429 -0.196122248078172
0.0815483096739347 -0.0269755486522776 -0.278136104335823 -0.0694107343694475
0.0674048077463299 -0.0528081196286352 -0.219880252546571 0.0244381377694725
0.0859252262483004 -0.0754909158082716 -0.173672917444386 0.080139717276757
0.114764778237651 -0.0504241359625677 -0.135348614975877 0.107477989073746
0.137678686559211 -0.0148129200117046 -0.0884242581616298 0.1398934791009
0.131274445558896 0.0565367135756657 -0.0818786087063113 0.198301068564051
0.10627099644148 0.0874690888058997 -0.120041864440989 0.233117204441921
0.0592213055915462 0.129189464892384 -0.0878804818093798 0.267538638709226
0.0256189574922274 0.181221814286492 -0.0567119848325317 0.266615594378294
-0.100532309618848 0.23985039684614 -0.191604366305415 0.153564319792254
-0.088442600181984 0.175714720754712 0.00801507882895269 0.0132920786691188
-0.0304656114228279 0.190684162664329 0.0570981728266562 -0.212921331320303
0.0200978657813221 0.197602160182249 -0.0161958139136589 -0.284016043630131
0.12092464013472 0.14947663149401 -0.159949280183482 -0.295508147209152
0.163129874907707 0.0691985689201353 -0.243587749089693 -0.194692662632371
0.172595568495872 -0.00914278604518026 -0.238279526378283 -0.0785367823206159
0.149251852882049 -0.0611777741445736 -0.177888875678388 0.00821690936209515
0.169422907998242 -0.0880156880956985 -0.127113513979849 0.0596342238718549
0.194243293129992 -0.0411535785061038 -0.0805561386886028 0.088449494585912
0.219940478301081 0.00615055236376469 -0.0371616238218728 0.135555570416695
0.211541525236469 0.120014310885055 -0.0478575244781455 0.201499986490956
0.15747293155424 0.193977272084888 -0.11227556832125 0.22556404463567
0.0426888176055154 0.245196972113593 -0.0891689134744255 0.219866340441434
-0.0385719401308182 0.296620259219083 -0.0390814991355243 0.189763071011351
-0.172928917151778 0.327876939853946 -0.115504078283675 0.0517064277165468
-0.141750049756491 0.297633927591478 0.0788740005371584 -0.0646637125464265
-0.0267265783780195 0.329049933796689 0.0983059579589671 -0.272875901370199
0.0753217799380523 0.302594102396698 0.00215128422038024 -0.313469659173785
0.195337295012439 0.200683555803976 -0.138986350818326 -0.283368276383515
0.229992605968585 0.0959465191375669 -0.185511575064624 -0.178280617907442
0.241775045955496 0.00448704851885014 -0.169091864182898 -0.0824771742441483
0.208377351567257 -0.0613810260342137 -0.110678807643582 -0.0101304251636848
0.226012288086504 -0.0845292241708222 -0.0585047735112021 0.0334377834943942
0.24405055185771 -0.017774931911959 -0.00737943020292672 0.0650472968041297
0.264122908405276 0.0344548648456903 0.0273126987866016 0.129694965203842
0.249984178077403 0.171355410119322 -0.00907098763420098 0.200986413673778
0.177420607504588 0.2708202696686 -0.102941650881614 0.212216834245265
0.0151951222375437 0.322264815112742 -0.0962918949622857 0.159406093985455
-0.102994339927562 0.363932556442616 -0.0147872067702166 0.0862052337007215
-0.21050838326618 0.365510752078553 -0.0317573085419308 -0.066182685821464
-0.164355186875951 0.375332436005698 0.143302677425686 -0.158577100620847
-0.00728820181038948 0.418817299831811 0.132886649383929 -0.31969829595694
0.130242633465281 0.358274786625359 0.0257607771106817 -0.322038238370762
0.248204591032742 0.214977310427035 -0.0944452628432307 -0.252629278152534
0.265797911309339 0.099828858980733 -0.103148020429754 -0.153549866433643
0.274113117353394 0.010780001957824 -0.0790222198216241 -0.0834745153430679
0.235167033584978 -0.0529406851451284 -0.0278521322163101 -0.0270097249416703
0.248802489171306 -0.0625930094732017 0.0228616296698407 0.0126201733634263
0.257562947845879 0.0188127853105939 0.0733347006117565 0.0494750812682379
0.265916947862555 0.0748369024968324 0.0917804576239491 0.130310184798031
0.235668654504192 0.214212766756965 0.0246379781535007 0.199953361350676
0.153573816325897 0.316167964562583 -0.0927436052246146 0.190736553786104
-0.0328096838703752 0.352207558923639 -0.0992317476384854 0.0919284837187961
-0.163535849137155 0.372574490946851 0.021406492400622 -0.0251596955158594
-0.210173069625377 0.341323511086514 0.0411840694483245 -0.180886874816958
-0.155570880938987 0.380649290355602 0.179334702947015 -0.251448183209536
0.0133866017556525 0.422754320194635 0.146378757538998 -0.339740733217131
0.15566828376223 0.343347775070442 0.0500414345026133 -0.304029731074773
0.252517613748589 0.189034693315009 -0.0318421421127628 -0.211705325148801
0.255629401691964 0.0856797324625607 -0.00918748332119934 -0.13114278169641
0.261727600310385 0.0136246275395356 0.0163350865147059 -0.0857556418485332
0.225621707225619 -0.0368195424532513 0.0573294651696212 -0.0383323641650553
0.235571428108619 -0.0300634368853385 0.106343725957705 0.00478554346511461
0.235330876456025 0.0581278631502028 0.15031055050029 0.05436642913569
0.226598554992007 0.113754923254655 0.145352820056399 0.147465137630802
0.178057283646106 0.236386830730795 0.0476998517308125 0.203121204280944
0.0936119946484134 0.321965409280614 -0.0787807171582598 0.165733562430367
-0.0881298564823039 0.332898888593406 -0.0841949822184604 0.0281462816370678
-0.205072898812758 0.325254387848941 0.0723337001265465 -0.125265187577379
-0.177439114422477 0.252107618656065 0.0851842563266531 -0.26939729949453
-0.124079302717863 0.308131194068147 0.180397986195652 -0.319697737953557
0.0222633815858036 0.339889147055604 0.141690121936237 -0.326910821023434
0.135979616410008 0.261664266604586 0.0718488420200636 -0.266346126920372
0.200790986023088 0.137386802348624 0.0343753671981267 -0.170803484709449
0.196970858598666 0.066058987188818 0.0764697928043055 -0.115294374312759
0.20506453580222 0.0193035271947424 0.100409355339699 -0.0889319408617327
0.180406638137772 -0.0157957101367817 0.131602796734506 -0.042313099063911
0.187050335920091 0.000872993731151695 0.179439817768239 0.013020031417891
0.179765693368567 0.0792416353642212 0.210320218170742 0.0807961176972711
0.160607750830785 0.124405859506208 0.177637476929689 0.180814428091952
0.103994700495505 0.217977848069543 0.0569800785947788 0.210360397788244
0.0283497033345755 0.279333427560797 -0.0596775756908837 0.142698519529192
-0.127361663497304 0.267666889348271 -0.0490683440957006 -0.020241970103419
-0.217135164319871 0.233282676921874 0.135420546577849 -0.198380354270528
-0.124837455559708 0.115221072736685 0.101910140268044 -0.313275392849742
-0.0875506080043946 0.176446631720468 0.158375713144717 -0.34546820811998
0.0104046103625735 0.196703386274326 0.131553721421643 -0.2916613266561
0.0721199264505823 0.143548349848337 0.0881714342881638 -0.227272209891726
0.102735508698864 0.081202798233469 0.0846570026848745 -0.14294602540923
0.103771621260368 0.0502365698235336 0.134354415483836 -0.106801950615601
0.115576711807981 0.0307558935498431 0.158150959374785 -0.0899740390513237
0.107547993062073 0.00758589057986185 0.183171849624096 -0.0392832372611968
0.111426023454934 0.019434317219952 0.232906442703723 0.0317512199401156
0.105066666327961 0.066863193774919 0.243816126005113 0.117561008179844
0.089906478580177 0.0935076086378996 0.186775453124906 0.218502597045267
0.0477415397606464 0.153327115512769 0.0559884292034757 0.218945757331548
-0.00866535518579253 0.194122277484822 -0.0367264831925577 0.129570071280792
-0.125698713642896 0.173493146706251 -0.004666281175974 -0.0437492617469145
-0.186315007506449 0.115649796071907 0.198244604962026 -0.237007721708989
0.079900376988126 -0.0152604937590488 -0.228530547970678 0.293094762628075
0.0458813063881958 -0.0801242829989943 -0.0400493291977599 0.112477475959619
0.00328954640786176 -0.0885596481955373 0.0162056703758191 -0.118216207974559
-0.0303451212750917 -0.0385441183404557 -0.0475561274508522 -0.227487710778458
-0.00924370129831516 -0.0126529481343444 -0.192653071705426 -0.260955130380241
-0.00369418653204744 -0.030170653785325 -0.302377411377143 -0.159133365640046
-0.0214757814542217 -0.0422802348689462 -0.289905328085674 -0.0318946844364387
-0.026693730611649 -0.0359749111437708 -0.229198392207329 0.0527977499708395
-0.0175180592280258 -0.0530974346678492 -0.184496684196336 0.105071260784066
0.0116663719515042 -0.0582657452256811 -0.154550940263072 0.131228488995375
0.0299032589507065 -0.0455616726188548 -0.105425666742207 0.151132173039846
0.0328292622453152 -0.0337823054526756 -0.0871939369174475 0.20541534209545
0.0465396259680389 -0.049596982321305 -0.107528241451071 0.25107741441522
0.0786185416393225 -0.015170792832458 -0.0788771974267697 0.303168786303998
0.0933030720640663 0.0303110682850572 -0.0461251896973885 0.313193170143002
-0.00153073390273038 0.125218553793249 -0.221758874384446 0.245135430422863
-0.0141870859739846 0.04948987007378 -0.032202431910624 0.0731618395733231
-0.0106831280649174 0.0484166885979295 0.0193920869880909 -0.159365750327816
-0.00534580128920365 0.0803447529431726 -0.0423684116753292 -0.251711821398283
0.0597964720471805 0.0685893215703667 -0.189624190418131 -0.279976877560575
0.0860731166035682 0.0166015166271946 -0.291839657015391 -0.177514143230584
0.0808597416721652 -0.03397062910436 -0.284107344089071 -0.0502510388753627
0.0645947408866138 -0.0582579380903971 -0.219047128774556 0.0394271223146463
0.0806393260582904 -0.0828458804885501 -0.167242048349179 0.0946215249504938
0.113103877343039 -0.0598304852846706 -0.127226723324172 0.120718716134477
0.137735449562018 -0.025493168192766 -0.0785205963540453 0.148835605945739
0.138404488468706 0.0475770035251597 -0.0668721528036146 0.20662378212475
0.113664221920069 0.0811112197080891 -0.103184577117765 0.245513195521057
0.0690880191438578 0.128104178837717 -0.0705133450707131 0.275718233862549
0.0377944113753318 0.181262004173904 -0.0389848316518969 0.277540647429733
-0.0847125018656033 0.250858787139378 -0.177733771643845 0.164388188848632
-0.0767619187293893 0.187031409952905 0.0131742831075831 0.0109419719528307
-0.0169917145102635 0.196487408800728 0.0459606524713234 -0.217590115687269
0.0366199255322556 0.201069847493299 -0.0319999527059648 -0.285736788724921
0.135405637350061 0.141611059473005 -0.181515134355797 -0.28474811731686
0.171584757695552 0.0577565905248555 -0.258277711027086 -0.178083394174186
0.174292874673458 -0.0227953732927975 -0.243234153263066 -0.0618175378309414
0.146348104733613 -0.0730078273253569 -0.176574892464085 0.0189518962317652
0.163306097568978 -0.102264397315365 -0.120595611772962 0.0702197043113597
0.194515165035828 -0.0562711023503576 -0.0726178320287023 0.0968469255504297
0.221287607523002 -0.0109564603062583 -0.0264825258395418 0.140944716599867
0.223733784162836 0.105933315965011 -0.0326324287870654 0.208079550679689
0.172521185445434 0.184668680316283 -0.0952585588896044 0.237410558690399
0.0611632271825199 0.246765060595212 -0.0739516576656118 0.228719659898881
-0.0180737878937327 0.302132406159976 -0.0262053625295212 0.198387382915972
-0.149260322249333 0.34425055505113 -0.107468456041685 0.0565838863443428
-0.12185935717182 0.312672712134563 0.0782196768306033 -0.0723541810865212
-0.00286402346084254 0.33435403295782 0.0841654717677673 -0.280454025824112
0.0986591577616097 0.302740966086901 -0.0145478859410067 -0.316297395959213
0.213527649850397 0.187730919042399 -0.157996946689001 -0.273939821676951
0.241333258608153 0.0796730201814082 -0.197880500609242 -0.166500396403173
0.244436135072936 -0.0157440094826867 -0.173712651857825 -0.0701551927482925
0.204408858703042 -0.0784605653783078 -0.109807776458762 -0.00395170782262716
0.220046758358481 -0.103318487703654 -0.05374626358185 0.0391072452894019
0.246698024726007 -0.0370573841204804 -0.00104835861620287 0.0669873906563616
0.268694023652529 0.0144497973624159 0.0383098295224775 0.129208032600166
0.266263421849486 0.154118285709853 0.00709957327521029 0.204837804511935
0.199662393414986 0.259616407015793 -0.0854809473305332 0.224264205616133
0.0390107701041048 0.326607880764775 -0.0840261299192058 0.167939390730398
-0.0761695752067811 0.375244159513879 -0.00872412270768413 0.092568745347213
-0.183672868962531 0.385423554809459 -0.0315662948991194 -0.0686053542191558
-0.13883563211691 0.391470199772398 0.135961928159363 -0.170562752739786
0.0226433346031173 0.422346466332155 0.115341834648655 -0.329879738963083
0.157293041358327 0.35415579054275 0.00904600006150156 -0.326255065442812
0.265910548480481 0.19740239928266 -0.111200843240202 -0.246656914695834
0.276505208485423 0.079822140810321 -0.112779805049278 -0.14862583752753
0.277221240721176 -0.0123135355743341 -0.0834517546064441 -0.0781624106683217
0.231491518581555 -0.0713291060435699 -0.0276648977720813 -0.026240796488559
0.244829042848704 -0.0822990256553053 0.0259898257444452 0.0110128361099157
0.263732096097581 -0.000979202027000952 0.0789454643816294 0.0452734385542547
0.273375128480492 0.055377389983862 0.103920560934503 0.125135875092443
0.254966469892138 0.199340772425733 0.0420297520620672 0.201241390527484
0.178512585515379 0.307476234180391 -0.0761505643411207 0.201884878421388
-0.00657648987690289 0.360013254415701 -0.0915786652050511 0.100665484760921
-0.134881757317187 0.390200706435302 0.0190866694638698 -0.0224515949677574
-0.183431312837871 0.360135491642817 0.0324129154189479 -0.18931622774979
-0.128333088031167 0.395173092771367 0.165242723132541 -0.267335990824868
0.0437580385621782 0.422167600419462 0.125929979472334 -0.350741822195839
0.18104203047271 0.336442392367676 0.0335834903331494 -0.310175395678334
0.268329697497937 0.171619169914585 -0.0443346833572629 -0.209154276179074
0.264475701759481 0.0664308141706722 -0.0160680324429347 -0.133126715328866
0.264026207315715 -0.0079508561874025 0.0123963418096446 -0.0872896571073558
0.222980820756704 -0.0549153359755562 0.0568518505961103 -0.0430826090170983
0.234207157250239 -0.0486327968367719 0.108869196023288 -0.00246343519558115
0.243048929807911 0.040504096628755 0.156502967181368 0.0436761108842849
0.236481268580095 0.0966640093308296 0.159092838835652 0.138265153416895
0.198505791592191 0.226366038073834 0.0649113701120967 0.20272870653835
0.118932890754225 0.316528118714534 -0.0651479482195741 0.176314170540439
-0.0635994131556428 0.342542843340966 -0.0814540520895477 0.0356835203071427
-0.181035199401361 0.344900810423467 0.0637131670219039 -0.127872470582418
-0.155927801659838 0.268484724710663 0.0712595194006101 -0.281207227698386
-0.101141933173991 0.318844092608356 0.160444243806718 -0.335998517015277
0.0468702266470174 0.337522444160756 0.121384682387671 -0.338701724290803
0.154425692353186 0.254268747529832 0.0569437406206694 -0.27379672619261
0.209874668597301 0.122975868385301 0.0250261568314059 -0.173583269973128
0.202547587804468 0.0504789075229709 0.0711181312444325 -0.12361262723476
0.206812213766052 0.00234335553450401 0.0955507617598559 -0.0970170355088559
0.179115999287224 -0.0295866459034106 0.13068145569428 -0.0521516447741136
0.187276274597973 -0.0134593157548856 0.182962667630598 0.00011380935211009
0.188639749142567 0.0653927342575984 0.218272718462448 0.0658414710104439
0.170150472665651 0.113405901074978 0.193672597615831 0.169951493933504
0.122029580544133 0.213349211312569 0.0733805827660087 0.20993847631694
0.0495128393913053 0.277784658214336 -0.0481534612349458 0.151542215707606
-0.108233348801255 0.278468570580553 -0.0501347108553831 -0.0147873437684534
-0.199132798277433 0.252902296890455 0.121763569456584 -0.207119891066451
-0.113908383805229 0.125789481559003 0.0819912207573914 -0.327270458205505
-0.0741779119736457 0.181447400074644 0.134698553080642 -0.359712221909208
0.0238234380897541 0.19421104210487 0.112334139813407 -0.303094990472356
0.0808596767547147 0.139549599514265 0.0749583564927831 -0.23579425466437
0.107546986653973 0.0722867219751161 0.0768211736529478 -0.150141875499295
0.10723495337742 0.0420881680140341 0.128804136525757 -0.119589971872316
0.117667906416385 0.0216180949358591 0.152617578794907 -0.101897324492805
0.107358058645978 -0.00108883283452124 0.182582130357795 -0.0523509122769657
0.112969839683157 0.0110234297940304 0.237123719930102 0.0152725474260493
0.110726320812664 0.0596497470911064 0.254220450515049 0.100054747039522
0.0966418987123366 0.087530086993878 0.204616167146681 0.206307647965516
0.0594471393124117 0.151900733722512 0.0726089484326306 0.21849944353061
0.0041368630709253 0.194426147085259 -0.0265006214957508 0.136614516092992
-0.11418103883634 0.182631431420224 -0.00715429916386581 -0.041373415343776
-0.176444373003641 0.130645669688596 0.181470296630637 -0.251531462178509
0.0758787927695558 -0.0215967140146296 -0.19912113556449 0.306894089789233
0.0389894544204196 -0.0799345772187441 -0.0279735237444022 0.112286404033947
-0.00313333055423295 -0.0851287983342642 0.00778213033995214 -0.120036401640541
-0.0307900067401256 -0.0347588150437565 -0.0647362611160327 -0.223507632953824
-0.00716148308079238 -0.0129553267489584 -0.214021974743474 -0.242080847873958
-0.00572625384048196 -0.0295087391268804 -0.314120317856554 -0.129290417511746
-0.0246000363168264 -0.0398629979774017 -0.290725577986191 -0.00722432536207909
-0.0283192246856004 -0.0328050568952543 -0.224327402838581 0.0707789909328345
-0.0215808026375571 -0.0507127885531135 -0.172366457318486 0.121708855971092
0.00612853025053331 -0.059208880737887 -0.141441159764202 0.146071056016448
0.0257964253686442 -0.0483859769706935 -0.0922193499987775 0.16072069791354
0.031911329807098 -0.0369677747787525 -0.0682975120649841 0.211524209775425
0.041867572365989 -0.0515080424957469 -0.0858076632206919 0.259505787517196
0.0769244664877097 -0.0204946356283484 -0.0544027900104779 0.307605187470627
0.09297688890124 0.0209502549020243 -0.0195390851813021 0.319500639365798
0.0083959206311004 0.126012144213779 -0.195319814029139 0.258820849586034
-0.0099361084531739 0.0544401978380876 -0.0229343315488421 0.0727263682832035
-0.00543651203031464 0.0516756781711661 0.00869575702001552 -0.160405995079365
0.00417657876682894 0.0812820522664714 -0.0589992951251261 -0.247379793383589
0.0686274710339698 0.0626201714214608 -0.21100262231012 -0.261592691719002
0.0888529558739971 0.00908734909651669 -0.30559689313357 -0.150156633549193
0.0776896041176476 -0.0417211927562322 -0.285508921174527 -0.0256139225511337
0.0597438031256048 -0.0632566867073637 -0.213213809468735 0.0558657474947426
0.0724234009707383 -0.089470788457178 -0.155261128180904 0.108640469912854
0.107880860311794 -0.0703328334774811 -0.114078790535992 0.13243581570111
0.134540555541282 -0.0383710346926633 -0.0648638393694503 0.156052978882711
0.143312296819482 0.0351401201724153 -0.0477239635118599 0.211303772592549
0.119729976874919 0.0715683286828373 -0.0807359513302719 0.253315697968593
0.0800296027478133 0.12310413918796 -0.0477329569224751 0.279954087884346
0.0521678578483256 0.176689717431592 -0.0152578812964476 0.283274251913758
-0.0613313368608187 0.258206726059194 -0.158599188210167 0.17349274610726
-0.0608044881759784 0.195889236674619 0.0179731134918902 0.00771049078599756
0.000686029875067218 0.198914045471111 0.0311445929752572 -0.220176606535346
0.0562252356645393 0.19909532380505 -0.0511830665545802 -0.283140532216355
0.149688985186314 0.129167686907274 -0.203058215451309 -0.267436176950654
0.177609160341959 0.041950076244358 -0.270958956210964 -0.155260024128635
0.17217538942381 -0.039438445718943 -0.246216097426355 -0.0410618359754427
0.138473405630108 -0.0851378933158785 -0.173172538092957 0.0323985309498956
0.151954463389507 -0.116207851843312 -0.111512523021048 0.0802834304294542
0.189403806136732 -0.074278926489315 -0.0621138500314388 0.103775089311842
0.218969825556518 -0.0303594357176789 -0.0126257033111966 0.142811762571998
0.233581676419603 0.0855026075013869 -0.0118752035712931 0.210122679434219
0.187865770063981 0.167866721277729 -0.0720778289651624 0.245810897767156
0.0828153421815757 0.241956908040997 -0.0544545453849734 0.233140580291932
0.00834991131152198 0.303112715669221 -0.00931119322071869 0.203890832431051
-0.116546235281099 0.356231741611093 -0.0976036705963816 0.0603236594375094
-0.0942769572890391 0.324125387987293 0.0749607443863954 -0.0799938338332612
0.0258854286508787 0.333519311868367 0.06388895055429 -0.284985482474652
0.125874170130707 0.295181365546208 -0.0368746870074753 -0.314445548972128
0.228956248479818 0.168009143237037 -0.177510301355904 -0.256940397508208
0.248219022704178 0.0567206832546865 -0.209528958366487 -0.148533657202972
0.241841541666934 -0.0388856745044615 -0.176508450046681 -0.0545143539210873
0.195611503018177 -0.0957782202829875 -0.107303457751041 0.00340747106898123
0.208043805259715 -0.122220056794323 -0.047310904632476 0.0429323402189128
0.244127517404081 -0.0604832087278935 0.00698308929062026 0.067330807901182
0.267808097617128 -0.00967453144959281 0.0500673280626161 0.126098129609173
0.280863292968649 0.130105671969494 0.0275737386462675 0.20371132996704
0.222155648776749 0.240377117918111 -0.0630357274530361 0.231495974354765
0.0676942596946104 0.323111008177177 -0.0684843190396501 0.174276625512465
-0.0422393411498839 0.381267420851672 -0.000887952509764848 0.0967866685136379
-0.144893146401019 0.400057017654562 -0.0324120366461214 -0.0702473928633971
-0.102807913027593 0.401508744611896 0.123161843960454 -0.182814542158279
0.0577615235945258 0.415761739102996 0.090039916521815 -0.335713655473868
0.187423594254957 0.341508246086207 -0.0137108428006049 -0.326429754625494
0.281069284593916 0.172682580772796 -0.126958215340667 -0.23365070905762
0.282496884738443 0.0550670893884579 -0.123229979899812 -0.139508523375978
0.273960416689924 -0.038864550530031 -0.0875161043233963 -0.0702442654700111
0.222457729631329 -0.0915724753069709 -0.027384446616587 -0.0255945555057229
0.233698167095897 -0.104596328151244 0.0295729866244724 0.00815282349504262
0.263502012801435 -0.0262323878250598 0.0837869573363411 0.0380087699232391
0.276009706317242 0.0309630197716689 0.115515277743456 0.11594578978534
0.273845194934279 0.175888969545046 0.0604738484118899 0.197512998532596
0.204843520234082 0.288960015829058 -0.0551228863826839 0.209595455987765
0.025796211403118 0.360294340467812 -0.0805299261078843 0.108534296586661
-0.098208487592571 0.40034271863866 0.0178011674718675 -0.0202248892882505
-0.147998094722728 0.373719387965597 0.0201656137547766 -0.195159242271357
-0.0926726061066516 0.403736482411473 0.143779968513887 -0.279711612060673
0.0788639367122009 0.414101414976674 0.098634711878049 -0.357899986684047
0.208504806964773 0.319856890611129 0.011979911710112 -0.311868336897573
0.27872124109871 0.146783147693513 -0.0583794279413428 -0.203359808617336
0.268127446375845 0.0420106601228303 -0.0255972576454518 -0.132834800389063
0.261442406801083 -0.0328748637582833 0.00648490569058082 -0.0876594908177732
0.214510475956547 -0.0739784221301886 0.0548782408103144 -0.0489112270263001
0.226166316713311 -0.0698818675707871 0.10965369779984 -0.0125681397230621
0.246904726499943 0.0173892031718771 0.160146487888505 0.0300274962262031
0.243245668316092 0.0757282930273714 0.172306696624726 0.123373548593645
0.220080628064805 0.20797913927244 0.0829766864814354 0.196992563687567
0.146218973539702 0.303419966305388 -0.0461658026385264 0.182869574179122
-0.0325960178346451 0.346554505447731 -0.0758075955700797 0.0439157622857349
-0.146252314220057 0.359970186350377 0.0521485759518344 -0.129511865710312
-0.128211176423179 0.279236516460629 0.0500849993720407 -0.289616347017765
-0.0721712590813126 0.324196034119088 0.132162421509772 -0.347156717042075
0.0748611697676279 0.32904073248586 0.0944517415248237 -0.345253273948526
0.174132147235732 0.240300021542951 0.0372047616267467 -0.278548435094221
0.217498135645022 0.102858093542921 0.012638547200941 -0.174290535549887
0.204260818217904 0.0320686857174173 0.061602222395144 -0.131163167884959
0.205160414085119 -0.0172919792766725 0.0883013041639767 -0.103883203764942
0.173315517970453 -0.0450313424322811 0.127063324656293 -0.0633503474086781
0.182955740302106 -0.030763721323724 0.182910552838393 -0.0156262955279783
0.19409841861243 0.0475878415531052 0.222577164231856 0.0456322115095254
0.178628006069986 0.097710395571523 0.208803069344173 0.15117885129853
0.141111094435992 0.201721326374394 0.0923951581814153 0.203431152560337
0.073027803565092 0.270156645536958 -0.0318954581347379 0.156674479435291
-0.0821665635826794 0.285655717782924 -0.0491119371723059 -0.00926399546213246
-0.173522410926999 0.269329031080806 0.102290062053753 -0.213456756640328
-0.0992085354773358 0.134151264854768 0.0560119283550233 -0.336057260771109
-0.0566621850255971 0.185383023998534 0.104034870142867 -0.370297002330617
0.0387996190319241 0.188691175812358 0.0883254439255475 -0.310303654960528
0.0907729999454298 0.132429815278742 0.0565130377857123 -0.242114476178758
0.110943415558509 0.0624363083076892 0.0659501378466892 -0.156304560263904
0.108578795191665 0.0318684857766066 0.118979979927425 -0.132880392457473
0.118233217386949 0.0103020146120229 0.143139565976603 -0.114178281825243
0.105074486955897 -0.00994398531915774 0.178195231564954 -0.0671216871606929
0.111659102075706 0.0014313229794394 0.237376327257002 -0.00549961092749733
0.116394550574467 0.0487020660337679 0.260983986815456 0.077166325105815
0.10310800035712 0.0783762577465686 0.221387788654306 0.187617971657475
0.0726345081833415 0.145677799199803 0.0922056082736913 0.212119725386655
0.0198651142817716 0.191406214118977 -0.0134236153841164 0.140537360203341
-0.0962812379441976 0.188795758791373 -0.0106501464771602 -0.0387588764270783
-0.161315090967279 0.145894515152552 0.157406222243455 -0.262535407938663
0.0668200912213972 -0.0276648338001983 -0.131371564367822 0.327099184681842
0.0224462802085333 -0.0782948674332425 -0.00139985136031499 0.112243143080699
-0.0196950954993821 -0.0799229842720051 -0.00895577884668799 -0.116005434990761
-0.0374388840861891 -0.030164992450395 -0.0994975120522676 -0.203576724725328
-0.0138995834652888 -0.0149689241229523 -0.248550053557988 -0.192303166083228
-0.0179801967128477 -0.0256068045674387 -0.320117648448931 -0.063182100868799
-0.0356429241732858 -0.0303536964116629 -0.276948806649842 0.0479403375166466
-0.0326358909283157 -0.0230286750620737 -0.200212375581545 0.105516063922877
-0.0290066115324372 -0.0419681188797219 -0.14366423263466 0.145967007276622
-0.00325243894371487 -0.0566236909184125 -0.112330503818957 0.165731085466753
0.0174050531150093 -0.0505989485669837 -0.0630538077070566 0.170559916732599
0.0280652216798163 -0.0424726162617385 -0.0330004009075245 0.215158256703915
0.0352778320040427 -0.0560890196247599 -0.0430072124709346 0.264374794273366
0.0733195503905273 -0.035092538799054 -0.00576239498441829 0.304221870628377
0.0933955434066693 0.00290006893391856 0.0280519372749953 0.309072517761769
0.0334810853651511 0.125750814286275 -0.140868073866237 0.273594874222626
0.00400259937976963 0.0583852906078684 -0.00864552476447638 0.0693396948522816
0.00562466631670196 0.0502619039543466 -0.0210417950177547 -0.157121797752681
0.0212155583016265 0.0735116484221947 -0.104835805584735 -0.229782477123087
0.0723030130390876 0.0418145355230095 -0.253404335515272 -0.208520093180391
0.0790503616189743 -0.00790254525354531 -0.316884868633974 -0.0820084084178469
0.0633603674663048 -0.0539890887253808 -0.277939819334752 0.0313247389006828
0.0448788034850649 -0.0676678866433241 -0.192476915447781 0.0897687978874941
0.0531967216857366 -0.0973821591905091 -0.128878186573774 0.130283031227821
0.0922158465791488 -0.0873662511485524 -0.0887432927535138 0.149164168764517
0.122383135943406 -0.0613240965430609 -0.0383571829844163 0.162293494122482
0.149657652358122 0.00550942472757641 -0.0162380263997533 0.210276298962116
0.131923232048254 0.0473465336906663 -0.0389955539622079 0.254580235133878
0.101817808402542 0.102719003757076 0.000205994518310103 0.27492172512305
0.0818927308930484 0.160278367527017 0.0324048963237847 0.273290740674652
-0.00408997745023494 0.264004671831855 -0.124813870927568 0.180345014101228
-0.0150807199564382 0.201157665877787 0.0129568787934049 -0.00378395570137532
0.0402219242011784 0.18752858181967 -0.0177051161745414 -0.220005581503224
0.0945793668185511 0.174591664508316 -0.109162876657328 -0.265305728031766
0.162183793819424 0.0894704255070453 -0.248859788584135 -0.212010315563691
0.169602684224627 0.00633374844619435 -0.287326080077721 -0.0908848334259252
0.154950018572705 -0.0725288022798405 -0.246092398771672 0.0104611110071058
0.114855252978157 -0.102828591657352 -0.157100402898636 0.0611581463712402
0.123219535001803 -0.139025944116393 -0.0905586810004438 0.0958497698863558
0.170427010957889 -0.108313602670654 -0.043473589246636 0.113110650632327
0.203936600914795 -0.0704237104247005 0.00886857475534342 0.142523888603363
0.245837802781665 0.0358474924434991 0.0160628535352407 0.202700317554468
0.21517411851163 0.125703842745371 -0.0313108711430644 0.243039020522298
0.12613529150797 0.216435117002563 -0.00997435537667483 0.230640406815962
0.0619345615724335 0.290859810642884 0.030185581530705 0.194914277701359
-0.0354344942888256 0.365507499612365 -0.0901444325443665 0.0574483127718948
-0.0202741298324983 0.325639566119262 0.0466427470331819 -0.10099447420493
0.0906547668837141 0.308932780454166 -0.00599922038415997 -0.288638687074618
0.181381349375904 0.251058503243973 -0.106992725747263 -0.297166565319111
0.245503540486276 0.111834509874528 -0.224901699472233 -0.204751547032802
0.24017235289469 0.00656346961848783 -0.228221192993948 -0.0951408189125497
0.22326068471874 -0.0876652170321946 -0.184834768375468 -0.0149623671270354
0.167051011507286 -0.123888424416302 -0.0996217240545618 0.0232189431628421
0.175280508334172 -0.156666051901773 -0.0356733112363891 0.0494827580498576
0.224470047179059 -0.106378598587604 0.015488203801826 0.066969248637162
0.254253947479413 -0.0592110201877739 0.067101772977137 0.115075351694077
0.30057108142848 0.0699318254956714 0.0520035005479728 0.189466331737926
0.260059397206387 0.187591156959559 -0.0248268439419621 0.226464444414872
0.126250757768464 0.297810114277542 -0.0302953530510279 0.175526021012277
0.0281541452899366 0.375022086375819 0.0250131021491003 0.0913219320493812
-0.054209107874915 0.409405064386057 -0.0537815269876289 -0.0794972682076187
-0.0133717755951283 0.398429465848602 0.0698227383012494 -0.208810818128528
0.138334343309933 0.379091892794586 0.0045606762228048 -0.341919818715678
0.249122346938746 0.28214135629456 -0.0910372890475479 -0.311129592163967
0.295283950263083 0.105877286118479 -0.172286697715021 -0.189834195381583
0.274181659302896 -0.00284365129103936 -0.145644570269884 -0.102081409893703
0.254882652548725 -0.0954632477532036 -0.103469984030393 -0.046220901777262
0.19271041969077 -0.1257318933944 -0.0287378647224395 -0.01712954172485
0.203432400337165 -0.14536568744973 0.0312747433447588 0.00430609092898683
0.249824334750734 -0.0784526114051414 0.0841022985920928 0.0256090536550306
0.269420006659498 -0.0236426078583111 0.127154063200522 0.0942762885142472
0.302649237532725 0.114414629561336 0.0831386283938451 0.176885715046247
0.252056419993026 0.237147840088884 -0.0193269225902211 0.202269924646285
0.0925122970823321 0.340126323097451 -0.0509101392613442 0.114301277467529
-0.0232964166817364 0.404502620941411 0.0257820159309105 -0.0225667680171947
-0.0607330414338535 0.382135053674943 -0.0256493647333166 -0.207064950197503
-0.00445100616916096 0.394392338443111 0.070089500326209 -0.304814339567422
0.15761685735669 0.372514378757901 0.00801219746862034 -0.362260275759608
0.26384462300279 0.257232049873424 -0.0642401608683863 -0.29980417395372
0.289381967298357 0.0819006850357253 -0.0989225841767065 -0.173296029833677
0.258624768286688 -0.0124219538901279 -0.0512584960767963 -0.114838326241546
0.243669475265928 -0.0884036316640863 -0.0172173249696039 -0.0804902804747761
0.188981988384838 -0.108503489274592 0.0453539383247979 -0.0544496018512997
0.202879866898534 -0.111718912276369 0.104951045651704 -0.0288543497290597
0.242217127577715 -0.0344700186336781 0.155697411678397 0.00354489007396237
0.246576472425793 0.0251749191545299 0.181566305203087 0.092033295890407
0.255526923657947 0.155947752315949 0.106544267521118 0.172661569758263
0.197555404221633 0.261658366650988 -0.0131038236347544 0.175235118464171
0.0335103295647669 0.338054756701356 -0.0559486172203119 0.0524864635003946
-0.0775330371191627 0.372675826791369 0.0414936133984538 -0.130760000069704
-0.0628986436631885 0.286259256626159 -0.0128197677328384 -0.298966913720227
-0.00282571896326917 0.312885834265975 0.0492561733866148 -0.365017154864496
0.134180569250137 0.291102886843352 0.00966315161808858 -0.348764414437604
0.214230713651847 0.188818382517574 -0.0300264002625042 -0.271362393015616
0.223462310897345 0.052645392743453 -0.0235068130801022 -0.162062328929413
0.197923970495515 -0.0109138129271347 0.032032152910003 -0.13198904643738
0.193080353532558 -0.0621734543212906 0.0585367612505696 -0.111943161767932
0.155292186533483 -0.0746261832394184 0.111139630163951 -0.0805765179137616
0.169617251446806 -0.0661150013705295 0.173895132139675 -0.0436971418311859
0.197079177443057 0.00426576278055814 0.218821435716311 0.00819894140834419
0.190228369559401 0.0579605989073459 0.221142027475883 0.111540181255495
0.178772879805919 0.165205408739193 0.118139536004871 0.177440890076895
0.120295475586559 0.24306932356212 -0.00244407358824157 0.150258894553565
-0.0265162024223414 0.287540732550783 -0.0406550801952792 -0.00072595718560374
-0.119998915878935 0.288720737892605 0.0745339735932102 -0.216981123527976
-0.0670450952473505 0.140347962048742 -0.010296413191364 -0.337738410263234
-0.0178956059299265 0.177427011855028 0.0231719728633659 -0.377672563618365
0.0716566623541888 0.164607836605077 0.0172597777810838 -0.312671063040765
0.112450731072715 0.103379558919769 0.00137326969627945 -0.241710979165179
0.115345207435763 0.0340172486163662 0.0324903760272639 -0.158898132508175
0.107767339796231 0.00604348214954212 0.0869332516409675 -0.146872740871582
0.115506202089364 -0.0171545758685272 0.110450086410669 -0.133874364307838
0.0976016154882429 -0.0300233418203094 0.15814167738697 -0.0937524489918354
0.107339107375807 -0.0222199782205142 0.2275353919916 -0.0431097799778785
0.122090745723283 0.0209673378790171 0.261953199810622 0.0320755935656592
0.114173560251967 0.0533846926647518 0.240977611045994 0.14413089087657
0.101352811509095 0.12457759470259 0.11982691612276 0.187844996097213
0.0543034702512175 0.177222831333426 0.0127052687066403 0.133959638779699
-0.0581592318946386 0.197047213358425 -0.00992326754012036 -0.0336686620290262
-0.131254148845455 0.167025519809034 0.115218688034714 -0.271747448057545
0.0601104525836681 -0.0296730960340298 -0.10405043500032 0.316575030709605
0.0182982012950512 -0.0738025622018817 0.00585527552059936 0.10462526256666
-0.0216624753559883 -0.0730411268997895 -0.0141447020052994 -0.111632591293644
-0.0351850115260347 -0.0264791687343783 -0.106043728534277 -0.190588239054477
-0.0125410738419253 -0.0150656431282865 -0.248578973215073 -0.167729036410408
-0.0177921551123955 -0.0238393930989237 -0.308228033725401 -0.0383206952474974
-0.035844938637166 -0.0263652880505955 -0.261203885758585 0.0637856084090034
-0.0313876314193544 -0.0204733389067468 -0.186158103569901 0.112507975473123
-0.0298767075557202 -0.0379012428422274 -0.126319009640163 0.147724644802784
-0.00689248395766579 -0.0535840658151715 -0.0951286164748702 0.16600989206055
0.0135801983229442 -0.049992673810729 -0.049917937057548 0.166814755085613
0.0245227337703132 -0.0421967054396866 -0.0185971193021736 0.205966001015509
0.0309983055597612 -0.0538644346573021 -0.025959301126429 0.254322201649136
0.0673991639175983 -0.0376626266276566 0.0113952283900463 0.290813560956788
0.0870252424723379 -0.00322590882668727 0.0462284975892209 0.295948299802563
0.0396996397454746 0.118740773767154 -0.116115859965804 0.265938689288862
0.00922190047650989 0.0576262378058844 -0.00317605507454594 0.0643910766950044
0.0102177026029515 0.0494487168452937 -0.0276870741206609 -0.149749642889906
0.0275144605108427 0.0697650351066327 -0.111468011348664 -0.216483707244771
0.0738233691925616 0.0341185313865218 -0.253321019734107 -0.183244492142773
0.0764545034455179 -0.0131924398610792 -0.306235139428836 -0.0573635925439276
0.0568219260306817 -0.0560139393552077 -0.262569936867875 0.0473878769505867
0.0394042387561697 -0.0677829266365656 -0.178863579702406 0.0963385312203623
0.0442042455012347 -0.0958993903323717 -0.11242966845457 0.131553377189473
0.0826742397522873 -0.0900170635388666 -0.0742687364141447 0.148658418002919
0.112764119195162 -0.0664717233321143 -0.0259635344483602 0.157361705633083
0.143789537245432 -0.00546501439984686 -0.000679915737839234 0.200804191955576
0.129841683225963 0.0373928771197256 -0.0208677852912511 0.24526354825283
0.103889647877554 0.0921418176590737 0.0151752659136172 0.262254167131746
0.0865994459794282 0.147517513869116 0.0483027023094281 0.260722861579352
0.0135279903602553 0.252356340421353 -0.106760296851127 0.175132479674398
-0.000602019167052296 0.195138457448501 0.0135336227428671 -0.00632819366380477
0.0517177594970106 0.17795153227237 -0.0274592815166808 -0.209984451721554
0.10431532048812 0.162916761650051 -0.117316022428422 -0.250067811290485
0.16229219811154 0.0744770568720395 -0.247702528227094 -0.1875024504094
0.164418093463456 -0.00566085324708135 -0.27798102139363 -0.0691460312182908
0.142524797117612 -0.0800427265773568 -0.231680073389586 0.025616698198619
0.103297179105638 -0.105521869125806 -0.146429910025115 0.0661129465193968
0.107754336545854 -0.140278499071848 -0.0785032336972804 0.0957235160916597
0.15552163704326 -0.115204277181577 -0.0333565388408613 0.110996236944195
0.189702296808876 -0.0799586109440518 0.0186176408290037 0.135276335453295
0.237966729791864 0.0173343242930978 0.0290506902436603 0.191598314971546
0.212969526149272 0.106942784100945 -0.0135389340405757 0.233328273683029
0.134688526699596 0.199109838575621 0.00376739049367824 0.220466879140035
0.0776233938076565 0.272581527455677 0.0422668268209372 0.186968438594002
-0.00866926594823723 0.349446426365508 -0.0814291469983973 0.0555610209203991
0.00161768080812824 0.313022412158138 0.0399230091549732 -0.100415575462811
0.10635363379182 0.289622277944393 -0.0187883879020587 -0.275252867076632
0.191661465288229 0.230644514213385 -0.116833089008939 -0.280677300750944
0.24179861566243 0.090975310332392 -0.222904556053298 -0.181877346900881
0.231324298341338 -0.00998453160144107 -0.222762411168576 -0.0774550795852462
0.204803128327416 -0.0996107988354474 -0.174419652089005 -0.00197620409394325
0.151031671685226 -0.128571369097833 -0.0936027241902861 0.0259680164951839
0.155268178405523 -0.159701885897328 -0.0295271692214808 0.0472933466818538
0.207806187905754 -0.117358057548205 0.0199403711420918 0.0629231843106399
0.238066144743806 -0.0727508330243019 0.0725899769005286 0.10565023032332
0.291753898553865 0.0457286575545836 0.0626385539974889 0.177808620652139
0.259590371980803 0.162842190755047 -0.00710836106023552 0.217492596455377
0.14000846493437 0.275664497957336 -0.0181178733323488 0.168906700790891
0.0510625131265906 0.354616086773712 0.0305074430340395 0.0881448416042269
-0.0218033022051131 0.391834664194389 -0.0549186714150945 -0.0774514446728489
0.0126909338579772 0.381399575943913 0.0554246191819005 -0.204436121084177
0.155203799402654 0.353136942422974 -0.0121011299255807 -0.326103062129079
0.258075027161642 0.254940877261293 -0.102626556568074 -0.294132273836566
0.288883048329994 0.0831428665174231 -0.17219565250572 -0.171327934210538
0.261509349908244 -0.020240161496307 -0.143468127715921 -0.0898303627568014
0.234679914783226 -0.109453252872768 -0.0988925160546798 -0.0371094354171421
0.175115315891224 -0.131492661789211 -0.0279451676186807 -0.0176857313086444
0.182295944652454 -0.151293078090854 0.0316685708744218 0.00126009970754997
0.23414190780609 -0.0932059088628099 0.0823117676122455 0.0185797465669478
0.255438783471351 -0.039260787792496 0.127705319385445 0.0814608197500901
0.297452052357052 0.0892093654035487 0.0927801762905536 0.16334324514187
0.255696604989903 0.209284157470881 -0.00330106589098309 0.193808381943041
0.110736261522484 0.318742345666294 -0.0407935324722496 0.112331641988638
0.00605766698054418 0.385833684777216 0.0242345417669905 -0.0207484148248805
-0.030102118596212 0.365925513726177 -0.0368175152058095 -0.200642892627066
0.0207974217355901 0.375651997954732 0.0494018334534387 -0.295204574050916
0.171307465678188 0.344572526976604 -0.0103884712823312 -0.345785103056913
0.270058730079475 0.23008347981771 -0.0770141856484595 -0.284582660715526
0.280516997203522 0.060638364023147 -0.10136320002869 -0.160071351465948
0.245867994935439 -0.0278014437316299 -0.0551114744671595 -0.108723077943751
0.224351477005279 -0.10162894004316 -0.0192411427700001 -0.0752058908778435
0.172759907857042 -0.115127941799616 0.0413061348956238 -0.0564466090921513
0.183140836646777 -0.118710188707722 0.099402251169787 -0.034487089914948
0.228766970236699 -0.0510794615156599 0.148461105523193 -0.00629317575616539
0.236805855031206 0.00839292580922521 0.179999055847984 0.0754505008766005
0.255829364014768 0.130988733403028 0.114075680195632 0.158089721608834
0.203832192218245 0.235640163397832 0.00118058908007435 0.167905694170011
0.0549345914366077 0.319520367565765 -0.0497341234143045 0.0533361984401339
-0.0476610441920834 0.359015568477588 0.0324518603608797 -0.124295959446131
-0.039498678196639 0.274536744731189 -0.0298548451184183 -0.288454741461422
0.0178194296020185 0.297105622963507 0.0247033271332969 -0.351082052956407
0.144373772621382 0.267526542255026 -0.00892508364485523 -0.332747213305595
0.21719500954317 0.167208089136632 -0.0437948888236474 -0.259610427788576
0.214803071641953 0.0363766177880374 -0.0293100564671974 -0.15384912388475
0.187496257817398 -0.0224554016695414 0.0229814952552617 -0.129966577218094
0.178428966623544 -0.0726847091731129 0.0506930849527426 -0.110106933611128
0.142087742136572 -0.0805042953304547 0.102192158929505 -0.0848252225925961
0.154943279626788 -0.0734697916765492 0.163919621406107 -0.0523784049896961
0.188284815095527 -0.00959604619417754 0.208802198575284 -0.00602475508800587
0.184506525664943 0.0433343284211081 0.218774898669625 0.0930142475960105
0.182871841166959 0.145351254716128 0.125173289451631 0.162401443641543
0.128874328645029 0.222953542572648 0.0091247999534655 0.143794450752718
-0.00618362535314165 0.274414016270533 -0.037884025973779 0.00180010830292706
-0.0938457305399802 0.282450773434273 0.0577207426678733 -0.208933632223183
-0.0529859777990457 0.136215440284832 -0.0297713909324166 -0.324804766838639
-0.00567756565566698 0.168946984915359 -0.00105145723006129 -0.362324517490684
0.0762444026311582 0.151668293973366 -0.00104457597880179 -0.29924536683952
0.113238467075495 0.0922788273578621 -0.0121976905374782 -0.232205470686285
0.110466566909474 0.0258131498377921 0.023433012741429 -0.154498737503635
0.101601855015703 -2.15862614992967E-05 0.073430446815349 -0.147990567970049
0.10816883401379 -0.0245443465241484 0.0977480078228996 -0.134434147879411
0.0906880219531147 -0.0342791990423866 0.146110470628742 -0.0995765739230594
0.0999268715507335 -0.0277317638282324 0.213875250282292 -0.0552046054644172
0.117695943483846 0.0109114187278021 0.250480198474177 0.0139607925535013
0.111873299467576 0.0438715610660745 0.239035231217924 0.122615722329433
0.105076446364134 0.111920073503108 0.126601982037704 0.172706643281045
0.0611603729751616 0.164287222733441 0.0222400512353806 0.128191199732983
-0.0427448635516881 0.188701630330015 -0.0116583307511656 -0.0304959595344316
-0.11190764744403 0.166653483216791 0.0929085164711266 -0.263791830229859
0.0544568733361265 -0.0292435559345682 -0.0874927266437711 0.304086303190848
0.0164117888495104 -0.0700928228750542 0.00984184592779878 0.0986837856028474
-0.0205756568576792 -0.0677125682883212 -0.0166941829423223 -0.108814432511042
-0.0331419220344192 -0.0248138345506193 -0.108337527079561 -0.181892604145312
-0.011097922907158 -0.0163990665041869 -0.245050320918988 -0.152651733374102
-0.0162703233050819 -0.0226244481119491 -0.296290794899257 -0.0245231831526163
-0.0341406318710616 -0.023600697165719 -0.247952170669898 0.0700122450736597
-0.0291879123219793 -0.0184106887725936 -0.176081603993414 0.113636210156649
-0.0284103857087452 -0.0349257453918168 -0.115176173621236 0.145699728635833
-0.00861626565661495 -0.0511439451463606 -0.0846416798812066 0.164288806699471
0.0112054650628328 -0.0487258762110969 -0.0426289539335693 0.162538456058848
0.0230367396855013 -0.041877309956452 -0.011673726427394 0.196998091703357
0.0290171860009161 -0.0517246441038583 -0.0172488759120994 0.245388950816858
0.0628686504469205 -0.0379399588044713 0.019028511366561 0.279054775879259
0.0804820017425412 -0.00534261363796924 0.0546764627999034 0.284211648811032
0.0418700064038933 0.112653386893972 -0.10105409033361 0.254988649446451
0.0118631545977512 0.0566547783574189 -2.75999472862536E-05 0.0606385116236967
0.0142387536699174 0.0484457112498916 -0.0295334527522003 -0.14496601196504
0.0321572307209709 0.0664724809590458 -0.11333868824481 -0.207006561053119
0.0739007014602627 0.0285255717129779 -0.248714501316981 -0.168365976924016
0.0750699854121387 -0.0167116189405074 -0.294592002557595 -0.0436472424790182
0.0525210255685276 -0.0556008572445069 -0.247817024393689 0.0543299850438699
0.0364851357667801 -0.06663991384359 -0.16959803797229 0.0971591969437168
0.0395235853873873 -0.0933287290476926 -0.102769369854946 0.12924330044835
0.0757155236879152 -0.0899208841999084 -0.0648602912096316 0.145808058432529
0.105686457044077 -0.0675503745935779 -0.0191232647231699 0.152424103645503
0.138724816098667 -0.0109628543924431 0.00578931214651158 0.191550613658403
0.126300966068176 0.0315263695054964 -0.0116010217916103 0.235923319557992
0.103110058928666 0.0852076543347601 0.0231527963059029 0.252051246450344
0.0866066591096572 0.138609889487727 0.0562849894077839 0.251177434277246
0.0223961685153954 0.240552291243655 -0.0957406571830436 0.167870058967401
0.00757433140296577 0.18810938160319 0.0133312387357792 -0.00763602742245836
0.0573316512827588 0.170581854355591 -0.0302496792854509 -0.202214753242762
0.109949157804516 0.153528741542813 -0.1194808916667 -0.239966333441837
0.160028325653631 0.0650483193619082 -0.242121476189983 -0.172365932570982
0.159933977474348 -0.0127182354663618 -0.26750360118197 -0.0571413179248759
0.13336477598538 -0.0827345062074342 -0.219225077426879 0.0325787139716062
0.0957770580477914 -0.105143431728608 -0.139037120333356 0.0666187516132517
0.0977026446134777 -0.137797999111396 -0.0711265925093146 0.0929102067096096
0.144703392409635 -0.117709908229071 -0.0270723228310127 0.107674087256197
0.178685233015544 -0.0831538338455659 0.0231598444396855 0.129140230299098
0.229993828328778 0.00758279442994183 0.0349534711177698 0.18160040716933
0.209586741570843 0.0945894813757196 -0.00359765635898862 0.224807719865179
0.13707178439757 0.186047933347177 0.0105204890058612 0.211967845693778
0.0835433153985319 0.258592816836527 0.0477943968816119 0.179979607046298
0.00544376276250873 0.333689250168325 -0.0760691815185419 0.0519568742477327
0.0137274590565979 0.301765137165627 0.0358778447498398 -0.0989414580246125
0.112370482939922 0.27580042072106 -0.0237061540305879 -0.264695198353244
0.195917865340942 0.215892476752034 -0.119236702038879 -0.269342284020361
0.236910970264992 0.0783542958780857 -0.217422232559011 -0.168459226533637
0.223367681740345 -0.0183345850218466 -0.21465592664298 -0.0676236661948895
0.192417996807638 -0.104329491256154 -0.164081776693697 0.00383650816156555
0.140339923579843 -0.129376448484703 -0.0899859818913785 0.0260085206723246
0.141996493668031 -0.158428298922591 -0.0256709294306902 0.0452601422682417
0.195225710797414 -0.121928775453362 0.0218530040907993 0.058952456334731
0.226030184658306 -0.0781643193636272 0.0736681844700118 0.0984868427390429
0.282684819228966 0.0321388100899579 0.0680755074743548 0.167682565708592
0.255575154081917 0.146350843425968 0.00238964180490539 0.207438619871313
0.14601964541141 0.259423839641549 -0.0127550483896168 0.163385796337406
0.0626261165352327 0.338278719320057 0.0335916128830945 0.0858758678316398
-0.00496040254999719 0.374364570742574 -0.055655813287745 -0.0769394797344003
0.0263325298868018 0.366122724547233 0.0473039230209316 -0.19825261365594
0.159945974022057 0.334396118793435 -0.0185552120083036 -0.313162568310101
0.26011609412084 0.236979602677465 -0.106132931749454 -0.28270366810253
0.280916476944898 0.0696820826569147 -0.167495931831021 -0.160028919707684
0.251671335762503 -0.0293695383845246 -0.139957901731391 -0.0829781175620724
0.219230428252906 -0.113769709913483 -0.0925002794874851 -0.0319359139473798
0.163081236325587 -0.132554475908703 -0.0274583133627881 -0.0176161871694233
0.167699477745974 -0.150202245456908 0.031580143845607 -0.00103094993835267
0.220786626545508 -0.0994827844509385 0.0793208138561551 0.0148495040044175
0.244159879494872 -0.0462110759538897 0.126022111841876 0.0732628945022971
0.289166505134198 0.0737270286822777 0.0958635191440525 0.153484819690976
0.252638117556748 0.191584949375723 0.00574877467693206 0.185789977881035
0.119078713078124 0.300924402187635 -0.0359309484662519 0.109046854206412
0.0212318510903535 0.368573035346358 0.0238343887552368 -0.01867900434965
-0.0135458011490331 0.349014497994855 -0.0419550680440777 -0.19415422688837
0.0345182756033681 0.359636993752062 0.0384977776120888 -0.285146152767884
0.175286867788454 0.324965864070227 -0.0175847826392491 -0.332431188857316
0.269401084277396 0.212343418105287 -0.0814154920704834 -0.27345786596421
0.271596854710141 0.0488613438210397 -0.0991980430643659 -0.152425700288851
0.235318752413259 -0.0354423641463523 -0.0559138484902441 -0.1045466120968
0.209595959522287 -0.106831096368137 -0.0181737460630306 -0.0710106632525011
0.160833988653007 -0.116946601297841 0.0373999222797375 -0.0574805577142758
0.16970723842332 -0.119430484590897 0.094922723414556 -0.0370602992950117
0.217616236573342 -0.0588426616100441 0.14163612515836 -0.0117869771178781
0.227411009061137 0.000575691919562769 0.175630846897316 0.0650553352894229
0.250959963301443 0.115718362952882 0.116843383772312 0.147826830779348
0.204038311689907 0.218490793335699 0.00918008441920006 0.160676249004353
0.0653304281851695 0.3036125016873 -0.045728473553947 0.0527344650532148
-0.0310598153332542 0.344539346120295 0.0277419816181239 -0.118416595960759
-0.0253320249937014 0.262011070893508 -0.038730059156036 -0.278200659504954
0.0283457051589985 0.283101168553463 0.01215588808163 -0.337641329001645
0.146827002569447 0.252292667622585 -0.0168344597738912 -0.319516283914219
0.214918533387595 0.15407155929373 -0.04905046270041 -0.249808213090744
0.207283866285485 0.0278121820719955 -0.0304380803910188 -0.148589935681393
0.17874696773788 -0.0270053202520077 0.0177723507133199 -0.128222399281616
0.166335088012485 -0.0776810894828414 0.0461065961988778 -0.107338225497899
0.133201726607022 -0.0819032814860318 0.0952832809154611 -0.0862243146082264
0.144655387166402 -0.0751898109092079 0.155625371524518 -0.0563382642130233
0.18042164942607 -0.0179130341506577 0.198927543173516 -0.0134492455999609
0.178756496733537 0.0352127672106174 0.213392254775747 0.0807246228409224
0.180802123605108 0.131952461743349 0.126373543804484 0.152741241075165
0.130739714589794 0.208979153207463 0.0156152094029587 0.137383225311024
0.00522258848678219 0.261675753683895 -0.0365021471353188 0.00338501973068873
-0.0769257142359669 0.272842989395871 0.0484852558363878 -0.200420273771888
-0.0441300621513493 0.130833810062196 -0.0406421303467647 -0.313331151526006
0.000524586324704677 0.16128242553718 -0.0130882140905877 -0.347356239420966
0.0775385285987988 0.142747032172898 -0.00887940465928689 -0.287511557515014
0.112535247944928 0.084903549619512 -0.019363779282036 -0.223890699696012
0.10615137976725 0.0202681365304207 0.0191274206438247 -0.150416578285077
0.0962533395151335 -0.00227917093523039 0.0652395244905997 -0.146968413941462
0.101454732229555 -0.0274156739178114 0.0897070182282067 -0.131921701873722
0.0854276551846349 -0.0355724427223789 0.137402254962674 -0.0996404393676123
0.0931016720949137 -0.0298518009792272 0.203784955853489 -0.0598699388396121
0.113098543274963 0.00527129272701329 0.239460089924859 0.00478037713458342
0.108633886587058 0.0387556835859993 0.233815555339596 0.109407393006622
0.105585855041168 0.102763921923592 0.127785371673694 0.16209360650106
0.0632127705299344 0.154955788000767 0.0267704825155983 0.121857237711137
-0.0334226171855575 0.18054489294759 -0.0127106321996488 -0.0282893375008539
-0.0995072894652804 0.161786494078358 0.0793202639816974 -0.253918650585405
0.0510514750548287 -0.0281191399329406 -0.0781312152231831 0.296758170757517
0.015572805742563 -0.068199354075981 0.0119915550487759 0.0956901295861561
-0.0189995956433223 -0.0652098646403191 -0.0181614608445032 -0.108187718761461
-0.0309173412987027 -0.0237582475977938 -0.11054869651284 -0.179159001913201
-0.0101328942994704 -0.0172484833205008 -0.243032539580954 -0.144782373917053
-0.0153020693827076 -0.0222407208983239 -0.288155617526787 -0.0169293963590588
-0.0336265091254377 -0.0214586003510602 -0.24044815708087 0.0736059707397863
-0.0279074112084929 -0.0187262648300631 -0.171764071729853 0.114529817727655
-0.0280119367698075 -0.0339016407145781 -0.109765516477143 0.144736468905352
-0.00980536669310611 -0.0495129374159453 -0.0792037739167002 0.163456207612256
0.00987461175700801 -0.0484068597159405 -0.0392250661738837 0.160496750088485
0.0231634099018612 -0.0414490313499026 -0.00903755998688897 0.19200467772801
0.0286227039388455 -0.0508540230076361 -0.0137419359387473 0.242126947318115
0.0597276099433921 -0.0380367419253244 0.0226887753169354 0.273162051125854
0.0763198794111693 -0.00636932128707482 0.0584097674409969 0.279415479274802
0.0426176242881122 0.10976756463742 -0.0928970709047508 0.248242217652292
0.0142262520522973 0.0564505055322679 0.002304148658161 0.0586061226017548
0.0167960550318421 0.0485668845002285 -0.0302582215068822 -0.143768836033199
0.0354836394264381 0.0646553071084969 -0.11533154892178 -0.204196766879338
0.0747699033932275 0.0249733688042821 -0.245812103007989 -0.160397546716931
0.0753256596928109 -0.0193500203101887 -0.287684653284672 -0.0366634000435173
0.0503019197279705 -0.0555218553378517 -0.23966611876735 0.0585787607585843
0.034613292456208 -0.0671466070502081 -0.165855109795518 0.0979654220135575
0.0368284112370032 -0.0919980339971171 -0.0974451214861156 0.12710979615725
0.0722405756544656 -0.0893836911093089 -0.0594076794034175 0.144617992846876
0.101847702338641 -0.068563727087862 -0.0161013847357251 0.149244059737019
0.136656344080728 -0.0138232132860638 0.00839147156504036 0.18708840977462
0.12530004983709 0.0286979334585092 -0.007704878622832 0.232240382789588
0.102302879896393 0.0820179110400248 0.0264792394761559 0.246494735510243
0.0860052761375988 0.134487823222716 0.059831590057043 0.246417566568001
0.0271653282667205 0.234258965064077 -0.0904612000676507 0.162567865634493
0.0122477674748179 0.185736078608561 0.0142104388797136 -0.00776100945846131
0.0609707887020669 0.167711412884269 -0.0305561004504095 -0.199458851749821
0.114562347755249 0.148604724275954 -0.12092616143406 -0.236557480357913
0.160368836485415 0.0597451908622561 -0.239261054902479 -0.165893910181164
0.157892426051553 -0.0174890158252222 -0.262166893506429 -0.0502962401158823
0.127903917762116 -0.0843741617019552 -0.210791686265677 0.0355061193993231
0.0924075073454586 -0.106326186831133 -0.136516014925888 0.0661960590678549
0.0928756441469978 -0.136146309090389 -0.0671424331874803 0.0910641241517877
0.139600060616672 -0.119323333711456 -0.0234440694135512 0.106287138609697
0.173623435829202 -0.0848826806217057 0.0263660076073195 0.125720639178484
0.226176585655892 0.00154294069948666 0.0385051795894211 0.177041025651575
0.208026981605888 0.0888608821254859 0.00104631792080217 0.220594005767075
0.138495294168414 0.180403037737756 0.0141050116857971 0.208009172743075
0.086331650130055 0.251165947617937 0.0508348534946867 0.177115309024263
0.0134144191435535 0.324923507988447 -0.0738236279814186 0.0492544261945401
0.0208781717081849 0.295470589172882 0.0338729333284282 -0.0973196333712234
0.11638400174033 0.268798611571725 -0.0245781224101735 -0.260508674966548
0.200555400241623 0.208431490745177 -0.120764872188813 -0.265437086326722
0.235725187510566 0.070926175434029 -0.214212549455591 -0.162713399499734
0.220111868771888 -0.0244201488084171 -0.210915811074304 -0.0627310219668694
0.184650875091412 -0.106378452548909 -0.157044520259648 0.00578560172014773
0.135312911372844 -0.130297623340979 -0.0881848544409797 0.0249251722920801
0.134787475493463 -0.156679527108327 -0.0235391904549042 0.0438555493579747
0.188163920491611 -0.125082451349588 0.022840393359364 0.0578964007510244
0.220453632438834 -0.0809541291369632 0.075682850965594 0.0941888677184691
0.278389573640708 0.0245657571338577 0.0704568828152256 0.162405941700047
0.253715902110068 0.138247182079715 0.00753743588831104 0.203815338391771
0.14916571770393 0.251483505046324 -0.00948409740068969 0.160706844288038
0.0689054615247298 0.329235014174509 0.0354980425200445 0.0847170299947557
0.00409566342140818 0.363622581041076 -0.0561626677662247 -0.076941331817405
0.0342898534979942 0.357273767211963 0.0435356175355908 -0.195698249531888
0.164405557694107 0.325394556451463 -0.020465997427399 -0.308517332953231
0.26256094641126 0.227854282916179 -0.108186632806622 -0.277749933853811
0.278123828019746 0.0626661451600892 -0.16449636626275 -0.15643301663007
0.247152696102631 -0.0348683566607143 -0.137760872394623 -0.0801619677569395
0.209863157313417 -0.117437686157443 -0.0878607999009321 -0.030206180355637
0.157140977861628 -0.134365621146559 -0.0283219161705017 -0.0189793034497207
0.160574528630673 -0.14944937323806 0.0313805824548275 -0.0032242195773107
0.214212574794864 -0.103799060052859 0.0782023517522789 0.0129368425579172
0.238053577002361 -0.0506155489172029 0.126497876219328 0.0685711860959918
0.286185207426069 0.064231702742531 0.0981008006530019 0.148435238364812
0.251915751299086 0.182250798136162 0.010854801614587 0.181229186125855
0.12356337532754 0.292136973289923 -0.0333397015324538 0.107570552230092
0.0289957756137135 0.359086681620824 0.023489820814783 -0.0172243221925661
-0.00460512993353442 0.340081345235147 -0.0449379580011965 -0.192011751491102
0.0425123031594535 0.350729784560719 0.0329656220027497 -0.280952233542263
0.177927953677727 0.314917638961746 -0.0203465218898916 -0.325796749049031
0.270807603213538 0.20307118610686 -0.0839626001381105 -0.269681629798923
0.267274547955913 0.0424288988040688 -0.0970391589413141 -0.14979437126675
0.230327971414707 -0.0400836546024369 -0.0565724479924608 -0.103010846560624
0.200523574388936 -0.109784003362226 -0.016003911497798 -0.0698546611282294
0.154759121536179 -0.118056365904863 0.0351103807991516 -0.0588472791275145
0.162816781736404 -0.11900389205091 0.0930352494457617 -0.0395887497281274
0.212029612310206 -0.0640663562419272 0.137879615322977 -0.01427042666177
0.223320799103838 -0.00429320952803492 0.17460900041036 0.060388422772873
0.249655991121977 0.106601945020571 0.118077672343263 0.142661483589397
0.204227165498059 0.209527083630358 0.0131171211275622 0.15664625059971
0.0703142552276982 0.294612939541201 -0.0444175484846847 0.0525172493345943
-0.021854956416121 0.337299411341692 0.0249253783929886 -0.114736925803656
-0.017748652763152 0.255272848793279 -0.043565425465422 -0.273893868615216
0.0335109865994369 0.276324639741791 0.00630143375177308 -0.330925063074638
0.147966979536275 0.24433166227935 -0.019828718695302 -0.313698279736203
0.215355294342804 0.146459045722899 -0.0527655545274066 -0.245750569312251
0.202954020223393 0.0235369609005247 -0.0310356822657732 -0.147405717008435
0.174587361381499 -0.0300000399457514 0.0145815539954857 -0.12811598039776
0.159512512211472 -0.0800018702227585 0.0455587053498631 -0.106378053710289
0.128586136431773 -0.0834802827463378 0.0920743042218639 -0.0875519615873147
0.139056952284377 -0.0754682808915917 0.152491773623809 -0.059371027198865
0.175855696651408 -0.0226430503882933 0.192870663680919 -0.0164581111497217
0.175873488043957 0.0316151852522523 0.211163332960651 0.0742764582386703
0.181260996035392 0.124824368300677 0.127981634369342 0.146494272112231
0.130953142518577 0.20130451498203 0.0190807455520948 0.133954375401669
0.0106132237515056 0.254550946796148 -0.0359545055797255 0.00422565503250535
-0.0685181803512705 0.266490209302836 0.0433251501697522 -0.195306925222201
-0.0393071925169967 0.127300793229953 -0.045617229342011 -0.30767656112185
0.00405698041242431 0.156240646324915 -0.0197664295551647 -0.33989511164616
0.0769818550349317 0.138584035188185 -0.0123421122018715 -0.282118829457279
0.111983722139053 0.0812677055089059 -0.0236890435474586 -0.220298564480996
0.103731540378724 0.0184347542165896 0.0163522643639648 -0.149700069130335
0.0943287051419365 -0.00372309134415524 0.0603584412402081 -0.14747913917627
0.097909737866267 -0.0302456415989766 0.085978235694508 -0.130445378506146
0.0827689793286689 -0.0365339135983239 0.13322206787092 -0.101493483852643
0.0895940047129052 -0.0300805412737638 0.19924725015377 -0.0624687976725745
0.110766482855659 0.00209030894903797 0.232314520393702 0.00067444351959528
0.107006401618738 0.0353708804866864 0.23091547242723 0.102773201148554
0.105318425093605 0.0983526289815293 0.1298553324568 0.157252559686552
0.0642911785584178 0.15015862344168 0.0292620604881446 0.118426087042845
-0.0295389227305837 0.175161165267271 -0.0130560598627849 -0.0268805979199235
-0.0923277927575307 0.159718015661954 0.0719544486861284 -0.248340660553582
0.0489767586130287 -0.0272916234325519 -0.0705313372516107 0.296574122898617
0.0149138365899678 -0.0672715574530319 0.0156853781730721 0.09490646450224
-0.0186014178478796 -0.0648958756075388 -0.0205351286673357 -0.110832737132192
-0.0293239017730749 -0.0236006379719441 -0.11674055721179 -0.179255104409801
-0.00953354150203974 -0.0184873850388961 -0.248133051609121 -0.139910127253949
-0.014878656821641 -0.023137553484895 -0.289421282790618 -0.00947704064152518
-0.0333264901892538 -0.0200777832083543 -0.239062366904571 0.0796696587087726
-0.0282100018013719 -0.0185857876532722 -0.171038668023032 0.120178907857407
-0.0277439074616931 -0.0337591552763757 -0.106726949638101 0.147983332211136
-0.0104291770892224 -0.0497192463142129 -0.0742608097202033 0.167086578646772
0.00844215922939261 -0.0490937212892484 -0.0366756758205719 0.162021670315196
0.0231965593261983 -0.0421052415467178 -0.00594434332603874 0.192819703303637
0.0282796353153746 -0.051515833706188 -0.00882676656919403 0.245144305736565
0.0576138283795332 -0.0383649635640478 0.0282152249951713 0.274750063521186
0.0746077893158631 -0.0067639288797766 0.0651369849845826 0.281920604032642
0.0447713295728593 0.110736504964797 -0.0880186472715281 0.248093243620326
0.016279091802924 0.0578289222260331 0.00550108980666946 0.0582964427711602
0.0201672166544863 0.0490955801393158 -0.0325127690665006 -0.145778777487917
0.0409193507206943 0.0643454757838748 -0.121254238279698 -0.20548758933448
0.0778618313190677 0.022386856201847 -0.250228414772088 -0.156511239130047
0.0767917171104624 -0.0231497520351474 -0.289163119147765 -0.0301929088165567
0.0492696976224017 -0.05646537213632 -0.237930229028039 0.0631981018280856
0.0337805903127466 -0.0689198697967424 -0.165696231608337 0.10224646923032
0.0353484301089918 -0.0935434755924563 -0.0949682960057429 0.12964220392823
0.0708144118767693 -0.0918366891764601 -0.0549518130797251 0.147230254189114
0.100497360298275 -0.0708378209516844 -0.0124909959739219 0.150558507972479
0.138667844644808 -0.0178399227204381 0.012081081965832 0.186925022912632
0.127460152906101 0.0259805202464896 -0.00191418686274225 0.235011643454048
0.104312242283683 0.0810863770975425 0.0314858613753058 0.247910845528195
0.0885965536974258 0.133442823722207 0.0667432041566283 0.248354579969614
0.0327907907246457 0.234555410128724 -0.086693069966879 0.161984169633244
0.0172336539820765 0.187012854449057 0.0156757570308189 -0.00841189244138304
0.0664225361699815 0.168032742164502 -0.033315111741986 -0.202056573357092
0.123034150679559 0.147355211506091 -0.12697150118756 -0.23847682223283
0.164661255704324 0.0548316456699849 -0.243051541324672 -0.16243991595739
0.160665576384189 -0.02340278696053 -0.263201936420596 -0.0457285548213997
0.126118343100369 -0.088502567889248 -0.207586765480345 0.0390998724814186
0.0901499974489197 -0.109679860889198 -0.137529038416807 0.0691648535105775
0.089779325409732 -0.139074563438232 -0.0649309394661513 0.0918840451476877
0.137549678114719 -0.124350564388532 -0.0196871695254377 0.107996928471103
0.172248943979638 -0.0897633567227018 0.0290116395655722 0.125552660921848
0.228869175665758 -0.00472122442202416 0.0427585640005153 0.176679688400986
0.211601683543379 0.0845354845246346 0.00660422132702144 0.222256062026632
0.143539179198265 0.179120380934441 0.0185615121661705 0.209489620543159
0.0925884292696737 0.250395778051886 0.0563123150794182 0.179089235838674
0.0214934829567325 0.324433334943468 -0.0735461470877913 0.0479409767381599
0.0277664837583394 0.297614223800513 0.0341276105166037 -0.0986831832512629
0.124742049348031 0.269332081435614 -0.0275704537550384 -0.263234773113594
0.210241836081382 0.20514107942839 -0.127358360882534 -0.267788401752177
0.240526445932949 0.0655518970600387 -0.217220062116326 -0.160966211891724
0.222831762145891 -0.0319656439010715 -0.212582055726764 -0.0599884531980158
0.181821262882643 -0.11220468494021 -0.15399179593405 0.00778552262819467
0.132285945012845 -0.135360483273169 -0.0897293074222267 0.0261966997151293
0.131229094278117 -0.160409484962504 -0.022262506947876 0.0432000482796747
0.185658963804677 -0.13219405310426 0.0254098929945283 0.0580854836056118
0.220002065275708 -0.0870038259211454 0.0785100016829325 0.0927565398074031
0.282265712107771 0.0168295769986709 0.0754992436934785 0.160960259814064
0.259026706579176 0.132433057742885 0.0122444205887819 0.205909237999189
0.156365267953803 0.249319717167446 -0.00621116845111136 0.162145536304003
0.076820726057232 0.329263883957976 0.038645007597195 0.0866305322546715
0.0129673742268802 0.362919785262563 -0.0585197266518811 -0.0780795125322759
0.0433110830590716 0.358853394762523 0.0410075816375634 -0.19721547805496
0.173503183841817 0.324207044941536 -0.0245968251807868 -0.311560112116741
0.273521281716894 0.222320289768619 -0.114565478400348 -0.279858908305425
0.282405575949751 0.0555121115892236 -0.166546437246533 -0.155834052355935
0.249195371449476 -0.0426543138103199 -0.139972944320903 -0.0795641063684142
0.205736686384093 -0.123525705824135 -0.0847815520033149 -0.0298808875767511
0.153815873819463 -0.14060074456167 -0.0301452774215541 -0.0194174551572562
0.157512403876525 -0.153272149798487 0.0320068692896978 -0.00525554035217476
0.212028299227771 -0.111266052882366 0.0794345817254272 0.0116766126034694
0.239078764341011 -0.0564318903169489 0.129671412458688 0.0648915738061064
0.29102109317326 0.0565796602932086 0.103968695609047 0.145912942151982
0.257788561432226 0.176845351345904 0.0159343867598388 0.18175258666599
0.132020188585127 0.289928609988099 -0.0314208877258004 0.109833824985013
0.0389882550591923 0.360145756619899 0.0242131928638826 -0.0162306228388879
0.0044684016889483 0.338777429299717 -0.0500905225232898 -0.193716630340657
0.0518682771274586 0.350575678938794 0.0274217035633211 -0.28240274390661
0.187252402720958 0.3140938303125 -0.0247181429180693 -0.329776134518813
0.279819766187443 0.197883562347345 -0.0898720362316763 -0.271426667833456
0.269751165447221 0.035607998883744 -0.0992831856803667 -0.150735070243086
0.231864185774588 -0.0459706642165198 -0.0588740961631938 -0.105174079058459
0.196478100845588 -0.115420560271128 -0.0139683471501102 -0.0715264247473373
0.151903083893927 -0.123396192110333 0.0333815815748685 -0.0614537533568088
0.160918532478295 -0.122609495245215 0.0934096518608018 -0.0426534531447698
0.210676018956874 -0.0718582152682517 0.137965117361026 -0.0170364364589086
0.224865360990737 -0.00990140679852547 0.178030879746873 0.0552203065510337
0.254731198476741 0.100410162318399 0.124368848858749 0.139982830599491
0.210017056165991 0.205688853063003 0.0178544234970435 0.156717200008264
0.0779827314578295 0.293846818570043 -0.0438805804916121 0.0544625037589064
-0.0132591634102597 0.338288642241927 0.0231010115647476 -0.114548920084166
-0.0105137831870175 0.254398546975657 -0.0500257101844313 -0.2763407950449
0.041289440238237 0.275190269642229 -0.00115917001255134 -0.332892587300946
0.154244131292631 0.243109463866513 -0.0247101009771945 -0.316531575990562
0.220986128466422 0.142712226254049 -0.0584671065444798 -0.247345139261675
0.204048584650399 0.0188542038298453 -0.0328773492230373 -0.14951020017493
0.175442768222294 -0.0346262058106135 0.0109064577758692 -0.13172424254825
0.156033070964904 -0.0847192810751591 0.0455410424066551 -0.109192553763649
0.126628558883393 -0.0875665454879916 0.0903573098052555 -0.0913852787170159
0.137761699927183 -0.0781928146990377 0.152771315527416 -0.0635489614010193
0.17634408416924 -0.0292173418423384 0.192913418376975 -0.0202133518814709
0.178010156359161 0.0273677684835092 0.214872816721978 0.0696486932624544
0.185735420223703 0.120759736099805 0.133460123081784 0.144856304712202
0.136323557720816 0.198663557515369 0.0227652072094588 0.134143177330384
0.017288026086005 0.253886278392552 -0.0367285994866081 0.0051206288554041
-0.0608488745544813 0.268876479497512 0.0392679066555705 -0.195690835657639
-0.035207066721161 0.127570877676169 -0.0529185277116834 -0.309763624312897
0.00737303802592714 0.155501066091522 -0.0279120135635409 -0.340296362641872
0.0801628837279827 0.137511561051705 -0.017800004394332 -0.284762757654664
0.114646511943103 0.0786187885954884 -0.0292722951810247 -0.221366740746945
0.103163106992055 0.0166073758023112 0.0140579399134427 -0.152783074874236
0.0945835250401103 -0.00501180333216949 0.0566919330995402 -0.151900884491003
0.0960340097900443 -0.0328218206371697 0.0849421255329324 -0.133215629430963
0.0817942465731917 -0.038988677734283 0.132709098125817 -0.106625448006033
0.0892418632406675 -0.0311985917795577 0.19922754733524 -0.0675518804117506
0.110620092027989 -0.00138996830771032 0.233414884512352 -0.0043524153681109
0.107989535672265 0.0329750193080629 0.235497611534178 0.0978155633914689
0.10842039285526 0.0954919400775791 0.134406226906217 0.155379048468417
0.067117418995717 0.149167023164669 0.032761963150546 0.118770042855943
-0.0260731080695445 0.174955213919027 -0.0147131256830198 -0.0257754304165046
-0.0875949539504455 0.161270782127012 0.0662091201980341 -0.249200180706959
0.0472503965890694 -0.0288002310019055 -0.0449860253501303 0.305752677387285
0.00866543070863649 -0.0669886003384711 0.0305892482864713 0.0942800742118476
-0.0271668317546135 -0.0620242435850328 -0.0258774370537876 -0.112825811722236
-0.0340422214432298 -0.0212697251768801 -0.133293436276292 -0.172914145089701
-0.0160210733849249 -0.0172924945494471 -0.263623924659251 -0.118411515611228
-0.0196567235588821 -0.0185395048798763 -0.289239614009613 0.0170432225115079
-0.0367276593611869 -0.0133881844002603 -0.229841857129376 0.104022086778075
-0.029389736672147 -0.0146858883577566 -0.161842296951793 0.140007438101919
-0.0314855836759637 -0.0307235252859413 -0.095512458224955 0.163864980935117
-0.0178356056650638 -0.0496935907268564 -0.0586673265704892 0.182570480279657
0.000285080363514008 -0.0509848737488243 -0.0219656982581222 0.173580362802443
0.0159552547349864 -0.0480064786751404 0.0118174377598819 0.202889338210375
0.0194917301394879 -0.0567410316688401 0.0144612716513252 0.259354535781126
0.0497482123335272 -0.0454547754397018 0.0519250471532441 0.283853426718217
0.0712859605688561 -0.0127710128961635 0.0858753641014863 0.285174804461025
0.0613112855193032 0.106762735945489 -0.0767046199445711 0.257413809971993
0.0258129352751838 0.0571635925824841 0.00902157881863057 0.0584692670490357
0.0270304357387318 0.0461626836363503 -0.0500000194997023 -0.145055247928037
0.0491316355498777 0.0549244370707945 -0.148905695183342 -0.195110624488819
0.0759123169478021 0.0122104552654079 -0.269724544007114 -0.12808917914135
0.0718263282472777 -0.029906622768079 -0.291107273977003 0.000656155794235828
0.0412499917836864 -0.0629571097475463 -0.231336796268109 0.0930839098422436
0.0268221416719016 -0.0714073640171058 -0.157087913417268 0.121915729177807
0.0235482852403999 -0.0980955489803565 -0.0846687637873086 0.142709559823303
0.0590977094755103 -0.102610068480222 -0.0413509712405261 0.161288015128219
0.0899875408197871 -0.0839025524096495 0.00104377601845364 0.160412845873792
0.134870288013347 -0.0371202037789277 0.0268038580837842 0.196499339157488
0.128227145902977 0.0104113039792755 0.0154984194289224 0.246039808555716
0.111498077986183 0.0719542661643356 0.0541763643908992 0.248235639902092
0.100658017548196 0.131247179313502 0.0897526272976237 0.241805469897373
0.0655320489202394 0.228680956415842 -0.0914479638932662 0.168912781509452
0.0425328977903574 0.184032851345383 0.00683764936030543 -0.0105261499812372
0.089018425837298 0.158873124772149 -0.0658907457318918 -0.19821350746232
0.142407850384554 0.126342542589447 -0.16509630173881 -0.223367791103309
0.167514134391236 0.0336380149587055 -0.264051868151128 -0.130727966189083
0.155866674265039 -0.0406554033775851 -0.268288564816704 -0.0133115840593304
0.11353407155282 -0.104862893340232 -0.204476902698127 0.0703730665257027
0.0786452547395507 -0.118363283793993 -0.130853491920668 0.0850938601212536
0.0719243996531571 -0.150881950814393 -0.0581104312440664 0.100876745461131
0.122082055479072 -0.143115051496644 -0.00980325509047945 0.118188089725235
0.159780807929796 -0.110063061914972 0.0414562458662885 0.130651412201536
0.227736144071786 -0.0352706507900286 0.0555863232470706 0.183669309903893
0.220211121573861 0.0590721187133567 0.0200579055451849 0.230209487082296
0.163165340162312 0.167292066426147 0.0374026919621303 0.20363602551456
0.117623752568472 0.251867356260595 0.0776866855366589 0.164520450358501
0.065907228961215 0.317448422099137 -0.09326885936606 0.0515363142664926
0.0652029915304919 0.290693921452782 0.0102618029741155 -0.101810900038483
0.159377144342755 0.251701884747826 -0.0752911398410345 -0.257399715467887
0.237644520435399 0.171858046305764 -0.173574190552488 -0.246381794962199
0.243987577244591 0.0348664747672406 -0.237623062188842 -0.126170640575781
0.217613508558194 -0.0567308590731746 -0.218431669547092 -0.0298561525645199
0.165613018800136 -0.13777528408493 -0.153935765882313 0.0370543898014126
0.117221571737593 -0.148017996791828 -0.0863605091537366 0.03607769218906
0.11117172377023 -0.177368905790271 -0.0187670695450522 0.0457364475086879
0.169588014130021 -0.156861416005731 0.0311050958628245 0.0627600275225014
0.207976901987721 -0.111954734925947 0.0886512264623608 0.0920367794383076
0.283695498217505 -0.0196969823286904 0.0870951959445793 0.163824553347218
0.274433754457381 0.102574599803595 0.0217967475181861 0.209526495472156
0.185750069201699 0.237651398398404 0.00910522354148913 0.15289887914581
0.111893596666366 0.334877358463165 0.0550640220225758 0.0672449519570444
0.0610464942064386 0.354950632175146 -0.0911760602358363 -0.077139520299923
0.087015841876998 0.34801650227464 0.00354287453352375 -0.200716899465742
0.214725469807307 0.299319079531588 -0.0811173419395924 -0.300942186202806
0.301620480155727 0.179930281661585 -0.165173095905702 -0.254886041971427
0.284304979540066 0.0205080231953755 -0.185205598036291 -0.124273225246427
0.242633238411541 -0.0707006144064548 -0.146895736979205 -0.0557579153610126
0.188829367156025 -0.153015261771748 -0.0886447204763683 -0.00714101549171384
0.138001491966763 -0.156010324503644 -0.0302795487093442 -0.0165316672678155
0.137456151207954 -0.173502320140481 0.0324796705514065 -0.00973229552512943
0.198432629970129 -0.139660074827683 0.081212864419771 0.00900406709199149
0.230599492526797 -0.083365074184616 0.13807515390526 0.0583600471398401
0.298007868068744 0.0195768192295824 0.113777758475358 0.14450444040024
0.279228349574355 0.148113832240756 0.0217999138388257 0.18273170499248
0.166784018941025 0.281955603778119 -0.0196330144445331 0.0988404755460799
0.0769573396900935 0.370031744774845 0.0347291128421005 -0.0376737790157898
0.0481780458792744 0.331641732321193 -0.0905710600059818 -0.19491011710717
0.0919638212670756 0.337723964376018 -0.0169196800449709 -0.285145482627013
0.225437704973325 0.285486609113736 -0.0826799195258711 -0.317738614950909
0.304061398251369 0.154083177282495 -0.137522845991983 -0.247031259004697
0.269849290055284 0.00208482729105784 -0.115556051254901 -0.126655274030118
0.22606393837776 -0.0732346331087714 -0.0686290567093052 -0.0905471845831988
0.179944679296702 -0.144139090801703 -0.0216164548118626 -0.0573066459947234
0.137351141752212 -0.139170835486257 0.0300522797918635 -0.0653974987240705
0.145072841201936 -0.142951703991788 0.0921152975455141 -0.0544154476984281
0.203008051416144 -0.0979894339457381 0.13920625688968 -0.0273023732833517
0.222555536721778 -0.03514571220505 0.187114082800924 0.0425614000467845
0.267382783351122 0.0691092400357373 0.134781859494211 0.134350523123978
0.234220571061012 0.182490733673754 0.0230680464012307 0.154223869751471
0.112425485359609 0.290946883966874 -0.0358048134298638 0.0431790964829935
0.0232844713126323 0.352353601529909 0.0274393409934244 -0.136207172690474
0.0203371502632376 0.249239513353761 -0.0915970452918071 -0.277916363426409
0.070226911570033 0.264129164206848 -0.0468590764616133 -0.333826940945783
0.182998015820222 0.219835900907936 -0.0748538106441428 -0.305924082211703
0.237323388858541 0.107088607716444 -0.09772029643058 -0.228682566663643
0.201710900301199 -0.00725421293051989 -0.0480792206658652 -0.135895616053521
0.169770133027759 -0.0557207064207159 -0.000307254874363574 -0.126985852081726
0.144364632932365 -0.107915815412212 0.0339903410989219 -0.104031297991954
0.116136757006613 -0.101096208684975 0.0841119889932868 -0.102448320809009
0.128588621082399 -0.0952521507561126 0.151194446127515 -0.0819659466685078
0.171866520479042 -0.0501517776944601 0.195146294437952 -0.0370001872109825
0.179592393047137 0.00858580446596284 0.226932334804126 0.0522867560455156
0.199823436169495 0.098072557525618 0.146796561058169 0.136198906911404
0.159247300831861 0.184492770677256 0.0289580244921797 0.129442838752359
0.0446496811736708 0.25738095006453 -0.0311395345924924 -0.00376057056645453
-0.0317220490315861 0.28420761260931 0.0367834773157206 -0.215496219311644
-0.0208880090821665 0.128694297948572 -0.0877956188784977 -0.31334240755493
0.0213152574208458 0.150147931671435 -0.0677113497788883 -0.340314762837328
0.095292014841692 0.124225261365623 -0.0559264170663421 -0.279433406943015
0.123146577414553 0.0594809988919185 -0.0592319188711991 -0.212484423490146
0.101681965705064 0.00158867978447495 -0.0017866163421498 -0.149640158755169
0.0929388889695799 -0.0165779253976276 0.041417920830794 -0.155770837621322
0.0902990408941466 -0.0481565315585823 0.0697348624674295 -0.137005754492345
0.0767784516777894 -0.0488495714308099 0.124215474472268 -0.121904554619604
0.0848342665648468 -0.0419539474965802 0.199772913058185 -0.0906853975067338
0.109878339323296 -0.0141996441961949 0.239640514633347 -0.0246576098525154
0.109450427632177 0.0231871172550487 0.251834234533777 0.0784478455366306
0.118554756420516 0.0835480567416536 0.151465074363725 0.148226823773632
0.0824208668934565 0.142901073311521 0.040717160792118 0.11436038439202
-0.007001143779597 0.180481115419524 -0.0123692028237296 -0.033116807001565
-0.0702117088808704 0.176879837069796 0.0574382889661561 -0.266304048324123
0.044530316734437 -0.0298894597307259 -0.0237089841213127 0.306742453453086
0.00443129901504933 -0.0659202878248468 0.0392191482851492 0.0903780149383126
-0.0305744271237759 -0.0602694110536128 -0.0343802362688499 -0.11342852642236
-0.0345601578211847 -0.0201890453373694 -0.147771550998597 -0.165818086993482
-0.0167095221929639 -0.0178754240635093 -0.272624376181492 -0.0994041402658629
-0.0208028229330096 -0.0183021896831294 -0.288225124130595 0.0375937673093729
-0.0372195578754761 -0.0109346577000907 -0.223987784674625 0.120524934133276
-0.0300954434588231 -0.0128485985406237 -0.153297695734122 0.153277294246482
-0.0340479195215312 -0.0289772572801388 -0.0837878825647917 0.171507389111873
-0.021214095128322 -0.048193466606576 -0.0450215790557861 0.188687534271197
-0.00318066078916443 -0.0508143149054096 -0.00993682102463134 0.177311138691156
0.01358236133452 -0.0504793895429986 0.0248045241897694 0.204754037052793
0.0157508063071719 -0.0584227596107547 0.0329406796212631 0.261468223450632
0.0468321089399677 -0.0476728902828242 0.0720922625569335 0.282360796234957
0.0686842292734461 -0.0168590132646871 0.107198230904704 0.283103995786783
0.0687689032100303 0.104207548862699 -0.0585708662299001 0.260515196852672
0.0310194727342502 0.0570892610535597 0.0155763734508495 0.0564000606969651
0.0325634598528258 0.045076657432215 -0.0607213516330692 -0.144193701201938
0.0561173926674125 0.0504274817315775 -0.164406772820283 -0.187577139485101
0.078670741390367 0.00467225915353801 -0.279494657981087 -0.111831590690063
0.070338519762344 -0.0374130636545927 -0.292089430968231 0.0212014161510779
0.0372793109436561 -0.0658810523168339 -0.224915462808262 0.107983003059288
0.0216499002772086 -0.0744578916449475 -0.150608954218094 0.134244792826275
0.0169461423716849 -0.101219880150083 -0.0744855819940955 0.149645273563944
0.051433034365951 -0.108006714175859 -0.0286765093581747 0.165066394898531
0.0846162175588283 -0.0905750221941237 0.0122953220030182 0.161664501066249
0.134072477203345 -0.0489651733143846 0.0403739821719738 0.196316294467359
0.130031476051389 0.0011096452698488 0.0349613722973506 0.247321004579119
0.117833016694759 0.0656603759340873 0.0719207370544984 0.246232335859858
0.109696354503032 0.125656732681506 0.108661394998055 0.239137644439034
0.0821441777185846 0.225620995610526 -0.0802834159453665 0.173197371107278
0.0564969936899708 0.184280153218462 0.0082644290505398 -0.0118182578732746
0.103301117304668 0.154530575009003 -0.0801145183167588 -0.197370395160783
0.156198055969996 0.115012724034873 -0.182871128872789 -0.214918174687483
0.171661134619975 0.0196173931334456 -0.273697440560479 -0.114640400522279
0.15470440530248 -0.0549812171792649 -0.270771260399668 0.00394758890838966
0.105917595516225 -0.114009978240308 -0.198725122972284 0.082063199261006
0.0693031043807766 -0.125398557185783 -0.12668998265302 0.0954540245204643
0.0611984305815657 -0.157463355664446 -0.051445831120897 0.105039537436964
0.111776642690432 -0.153797617039874 0.000263673860407924 0.119131950009382
0.153273906643632 -0.122056337372861 0.0513950172230129 0.128311517383435
0.226820687650226 -0.0545302539403336 0.0690242710355545 0.180877631310785
0.226255734126548 0.0440362917594748 0.0383048290909378 0.231363359040797
0.17727853751784 0.157545217259845 0.0518302060629397 0.202413790791432
0.136339109338685 0.245933435978124 0.0910336843810881 0.161822595164749
0.0891231491492704 0.312970411568619 -0.0907470047672338 0.0562941480538961
0.087236808128338 0.288930662415028 0.00491586800000579 -0.103454300139023
0.180924691919785 0.242796733461536 -0.0930041070003991 -0.255396950173592
0.255120607148959 0.153686177597523 -0.19262536910439 -0.236691075183122
0.249639982265342 0.0159465995269795 -0.247215872300567 -0.113461376561826
0.215363223439606 -0.0754127937067198 -0.221684988378275 -0.0164267385095943
0.155649557785657 -0.150453626230642 -0.149734415637541 0.0438756077958996
0.105863200932016 -0.158792182464834 -0.0857781166335091 0.0429114924619025
0.0988967241509813 -0.186904938444088 -0.0153674338159032 0.0466607802058021
0.158171196074614 -0.171549911643979 0.0377474286767699 0.060828042860757
0.200940470031507 -0.128171797117545 0.0964001820737985 0.0854464515375597
0.2858988220157 -0.0429193693529831 0.0997627328674684 0.157957741598389
0.28473607503967 0.083787472896442 0.0385126517359229 0.209850755104625
0.204753991806162 0.226624348274993 0.0199905270189712 0.15437357512252
0.137224715615438 0.328991713416235 0.0613613418546891 0.0653695270859089
0.0875943787970732 0.350485723536638 -0.0974051679468241 -0.0731269772023977
0.113343537053345 0.344622482469903 -0.00799118409533087 -0.202558353056113
0.240139171103385 0.286885659676518 -0.101651963731573 -0.300311522180786
0.320356351299125 0.157591099744443 -0.183605398841509 -0.246286703413168
0.288661550331774 4.39713233883476E-05 -0.194525321350347 -0.115103776941105
0.240294093662612 -0.0909913129548755 -0.151833267761049 -0.0469737487973514
0.176984773842747 -0.167505682778495 -0.0867425703259423 -0.00541595377486325
0.125816770975799 -0.166967617838564 -0.0326408430364888 -0.0143441651548047
0.125501815189246 -0.184401479705848 0.0319070880689268 -0.0124610331993398
0.188259769582973 -0.156471653402698 0.0837458893276608 0.00362372792838327
0.226677619443216 -0.100412942148223 0.144378272137572 0.04680392653727
0.302377086137378 -0.00387676588825785 0.125958454711924 0.136438946221803
0.292395746073793 0.128755041206796 0.0366304480566602 0.183002931665898
0.189227488109336 0.271686912022776 -0.013089079182594 0.101588970328351
0.106056196466542 0.366931788680393 0.0335661759229674 -0.0389271731403338
0.0728863277060281 0.327613049345308 -0.104821240232247 -0.191158661378335
0.116849861402225 0.333733295114496 -0.0358605233088442 -0.284562060514691
0.248948388446906 0.271713801580898 -0.104055632653404 -0.31574548981581
0.319345395748851 0.132436458667637 -0.155508322230745 -0.239975808627407
0.271616704378713 -0.0173052650887279 -0.124784505723896 -0.121643750093855
0.222612576466589 -0.0916826169266865 -0.0767216029089506 -0.0879702796700848
0.167868449023759 -0.157335792720735 -0.0226274482063251 -0.0602843844181721
0.126635168699286 -0.150524413160344 0.0247385702114465 -0.0685625350501371
0.1354644662679 -0.154533174699463 0.0885549265099793 -0.0629997597555764
0.194769038376776 -0.114445742544782 0.13872692508824 -0.0363698120775288
0.222379452378399 -0.0512675634046443 0.191751714820741 0.0280046670844094
0.275358586205184 0.0488667667151006 0.146593106337225 0.125025868088586
0.249460483348336 0.166644500161181 0.0350630589824712 0.154141782218546
0.133968948298267 0.284559987916842 -0.0335455346976877 0.0476974839635942
0.051084615675619 0.353012154175494 0.018145696281892 -0.137845303920753
0.0398235611499746 0.247843110193962 -0.11050152638037 -0.275117357705309
0.0898964516993351 0.2599959892188 -0.0694664152106773 -0.331007080243717
0.200984496026361 0.207419411604157 -0.0962703902247985 -0.304217769026142
0.247718767536105 0.0901807046224891 -0.114698565533 -0.223728970673686
0.201551032329121 -0.0210070792311967 -0.0574230664445108 -0.136185589201455
0.16757746057009 -0.0684856372669406 -0.0110110447394806 -0.129680816002233
0.134521187672406 -0.117527624754944 0.029741439663519 -0.110641946205925
0.107597023803917 -0.111079164287648 0.0767513737394643 -0.109532331547216
0.121462380048071 -0.105213607358575 0.147019637198458 -0.0948721329490566
0.168557943131527 -0.0639395313133082 0.194958823466658 -0.0505663765028055
0.18164460694302 -0.00423579979967834 0.233630268178671 0.0355695232166823
0.209134361942079 0.083487704210867 0.159103646139 0.127416815804388
0.172670390118334 0.174479321570465 0.0391996344486708 0.128775531411463
0.0629775388742689 0.254544197858602 -0.0327671622378008 -0.000218721804114619
-0.00938011414232149 0.288333428900037 0.0210733559605456 -0.218182984757533
-0.0110782846417616 0.128978788763283 -0.109391702724216 -0.310099722395584
0.031802888687573 0.148880966966686 -0.0920914035330959 -0.337282421717022
0.104392186451761 0.118144931822075 -0.0751598443982586 -0.279035231555436
0.127685512155214 0.0513174523108458 -0.0748379760049886 -0.209682090944678
0.101131758988639 -0.00441047317460575 -0.0115381737602892 -0.152608369247031
0.0919249086595455 -0.023495053006348 0.0294400505842947 -0.161087836306155
0.0852274190430486 -0.0539573102540623 0.0628470278704849 -0.144490009844349
0.0725601847823847 -0.0548433365273116 0.117130362057032 -0.132612898009999
0.0821012102176243 -0.0482379945261174 0.194584544529752 -0.10686712935264
0.10804340264291 -0.022840296864533 0.239808772356556 -0.0402762443885687
0.111625949693013 0.0155382479083042 0.260314554270499 0.0607544242939195
0.125382646916161 0.074796546818173 0.164271410261167 0.138376306569453
0.0928579040495721 0.137611522592499 0.0487086834362113 0.112107557299513
0.00422969446695875 0.181120178435346 -0.0154004988816672 -0.0309227428913833
-0.0562321899478439 0.181911441926984 0.0379045238268303 -0.269646384679537
0.0411458386189892 -0.0298484850206406 -0.000614875065646244 0.298210621931813
0.00106405284056329 -0.063848658124946 0.0466174568791156 0.0830745479063138
-0.0325648023982606 -0.0569922112849651 -0.0431953306002187 -0.109739701264135
-0.0342688081581515 -0.0190127876290095 -0.158051575544003 -0.151328286760105
-0.0177439820830288 -0.0185436238222798 -0.274143469955252 -0.0764644796549332
-0.0215710794902992 -0.0175026989473376 -0.278411215059002 0.0585467084198056
-0.0360578253139628 -0.00757078737675606 -0.210431866136083 0.134963347400677
-0.0300054100996247 -0.0104738328704445 -0.138965549413689 0.163114441102886
-0.0351428891659142 -0.0256921112039634 -0.0684124304249104 0.175052854706376
-0.0244243031065437 -0.0450643825525606 -0.0282782911855262 0.188085387015678
-0.00756518894054164 -0.0491877883810599 0.00253030626497047 0.175540021853814
0.00953166129341291 -0.0518286131987985 0.0388557147160141 0.199816253991128
0.0110138828041537 -0.0582728620632643 0.0539252888475394 0.253784196415459
0.042467118693847 -0.0483692473863306 0.0914190150588478 0.270974960675905
0.0644370951724683 -0.0208239348988333 0.127522193796796 0.270480068897175
0.0754334905250956 0.0983055598300251 -0.0385890300772679 0.256356841709296
0.0358271226567457 0.0551335649645649 0.0220912045587102 0.0518183809517288
0.0381303503652341 0.0420007299058323 -0.0707306778262181 -0.138592010271557
0.060860959048205 0.042896109042563 -0.175695972256721 -0.172337747100628
0.0781586684469556 -0.00326130889011797 -0.281310388587036 -0.089538190585975
0.0663320406771544 -0.044016114234601 -0.283594700868204 0.0414753341213618
0.0318131808125516 -0.0671890234511314 -0.211628926613918 0.12104349371492
0.0149841104468246 -0.0745869030273128 -0.137648815924353 0.144063319063381
0.00809963872590486 -0.100671297690173 -0.0616491006293007 0.152106450128232
0.0419217927541389 -0.110127071603236 -0.0148245571548576 0.163895408021082
0.0761410103474603 -0.0953815792152578 0.0237030401187004 0.157736575900937
0.127402068155665 -0.0598078525325278 0.0546239318535562 0.189536384918146
0.127612819202406 -0.00851578739062201 0.0546174300515999 0.240388422543649
0.120747897721413 0.0567991025170548 0.0897874339984934 0.236932011653147
0.116388345650733 0.115902030986597 0.12566509749136 0.22693035411942
0.0982355756595553 0.214681159350738 -0.0667940997990121 0.17293180415943
0.0699656647847492 0.177159405010993 0.00954528105347055 -0.013778582362327
0.115984570296625 0.143631268323501 -0.093359537677571 -0.188968429859978
0.164586997978979 0.0980389179399671 -0.195184982738791 -0.197568596551696
0.171342786226028 0.00508950452498022 -0.276458806770122 -0.0936597433887962
0.147199226149922 -0.0683629476694256 -0.263920280786577 0.0240614003177801
0.0949301005952421 -0.119670953670474 -0.187678952691186 0.0914568339736347
0.05737120325826 -0.1288197152359 -0.117716865790287 0.104014954221601
0.0474299600340482 -0.158834628213754 -0.0422399381247299 0.106365693429721
0.0971772918136904 -0.160434240200473 0.00991009316977985 0.116123387431353
0.140812848567843 -0.13150276418919 0.0588336467673522 0.121865314037833
0.21854863835827 -0.073250145954868 0.0815174156502505 0.17162420015975
0.225982415465558 0.0253003690293861 0.0570161597105459 0.2238302315259
0.186379194517304 0.141756436222543 0.066811982864874 0.194854357672605
0.152909870799793 0.230523803172316 0.102579775227859 0.152800158131999
0.111312449780641 0.299357265564025 -0.0846852640774243 0.0597096888968415
0.108086746228196 0.277553795235349 1.09154778854429E-05 -0.102720010831411
0.198866235706223 0.224323846288778 -0.109684650902292 -0.246193639063307
0.265044161391138 0.128968265957837 -0.206737946147221 -0.219084519374642
0.24733001175965 -0.00427125786326948 -0.250467043297504 -0.0946104109286457
0.205412901352986 -0.092844991021334 -0.218355407270248 -0.000445097861605824
0.139673562881065 -0.158541501149067 -0.141422244469479 0.0493215680753302
0.0899808855741721 -0.163926151387602 -0.0816108421883762 0.0491683243767998
0.0814008976604011 -0.191284992597073 -0.0118350587036491 0.0463931751522216
0.140773942706862 -0.181655387622076 0.0423700606052369 0.0557327747895137
0.188645699964102 -0.141102835906564 0.100170518437614 0.0755110140810775
0.27694132906474 -0.0663127753252778 0.109881369713362 0.146738093604602
0.285796701297662 0.0595976059018861 0.0560323655620294 0.203291218578431
0.218113702606149 0.206672800062911 0.0318165165281335 0.150569829292016
0.160803833337046 0.311642608078575 0.0666934263324303 0.0602568855038166
0.112698348393519 0.335010787806302 -0.100926986682761 -0.0660446787532939
0.137623244105131 0.329584204144043 -0.0207518241474229 -0.197571441027022
0.259531447842728 0.262669290539404 -0.1211460253767 -0.288300631797533
0.328463158604972 0.127984430161642 -0.19840629398141 -0.228356601942753
0.28401856006373 -0.0228357539045867 -0.198785859796949 -0.100247693516918
0.228356672741672 -0.110210052080026 -0.153552199909936 -0.0359909517293615
0.158591923259553 -0.176235584015775 -0.0837466254235384 -0.00396118181936619
0.108267282339453 -0.173910022881943 -0.0333301149567856 -0.0117433168197157
0.107483569852616 -0.191693619470924 0.0294595390221281 -0.0154512584963843
0.1716585011884 -0.169453085040343 0.0832652061537664 -0.00358678814205951
0.215290804833275 -0.116532987194273 0.144321164013358 0.0335811328592735
0.296846502567669 -0.0297805556239339 0.133916052109566 0.123471777435394
0.297386572239138 0.102854029516318 0.0511229594303371 0.175842965574142
0.205953869613167 0.251941384924767 -0.00521356474568715 0.10231435630334
0.134281831076606 0.351201042807798 0.0301513234784205 -0.0392576937366226
0.0965952161676161 0.313068273928067 -0.116118236508411 -0.180407442660301
0.140812237432111 0.317681832476544 -0.0540492561821586 -0.275800605541419
0.267222126705116 0.246557749650459 -0.124750287158327 -0.303210393005772
0.324809314138632 0.103260810545296 -0.169960858280342 -0.224409079088575
0.26552839376274 -0.0374522944174426 -0.131266833062294 -0.112673478602456
0.210957909345059 -0.108800806557687 -0.0823171051370176 -0.0819946119859305
0.150846141425451 -0.165927195927872 -0.02474364370981 -0.0621119785631028
0.110040687633356 -0.157476660620468 0.0182394135633776 -0.068940154188297
0.119289643480302 -0.162255904433194 0.0817935617880369 -0.0692992963306134
0.181145008144084 -0.128804247413552 0.133968502300608 -0.0466542207581888
0.214950626324888 -0.0675002630419541 0.189888825797066 0.0100717502061897
0.274132719198816 0.0243567256785165 0.153454511533228 0.109728884544458
0.257927319973992 0.143247594844549 0.0476535958056175 0.148549727202821
0.152800125967136 0.26817308129222 -0.0286462465761533 0.0505871236886382
0.0795201828462365 0.340293293697378 0.00697973074014495 -0.13469198891037
0.0580024741825794 0.237438312790157 -0.128557635962091 -0.261932732486642
0.107144070171767 0.247815870659445 -0.0913526891169047 -0.318381760275731
0.212995961015836 0.187659533481891 -0.116487927718671 -0.292410779572759
0.250317109624916 0.0688489139738451 -0.128207194496331 -0.211248631335141
0.196252435895322 -0.0346692535543532 -0.0665109406212704 -0.130895136669963
0.158730487197214 -0.0809899454495519 -0.0218072813149817 -0.127100809690071
0.121232415394664 -0.124752163435343 0.0223735785389119 -0.114277826272393
0.095021535706491 -0.11642743278965 0.0672287628928951 -0.113998386714196
0.109429092458333 -0.112855238493168 0.13647064207188 -0.104885639473335
0.159032731085424 -0.0770845733561199 0.187840353193502 -0.0640647305930955
0.177955501384525 -0.0183125162695359 0.231701962276058 0.0145375039699759
0.212234914060519 0.0637985655085427 0.166262015706063 0.111460243906272
0.183285794963773 0.15750919481706 0.0483396181702082 0.123376033692136
0.0811465243554418 0.244382269976402 -0.0327271511389116 0.00346131701633959
0.0151879589275209 0.28269296809365 0.00400908905785537 -0.213345670735379
-9.82996214950738E-05 0.125762982434362 -0.129549348844603 -0.296708555057199
0.0415250077988366 0.142673604311904 -0.11439767548678 -0.322132463115203
0.110986860470677 0.107670379226506 -0.0947495507730934 -0.268385486409271
0.129068605001314 0.0403357958758115 -0.089381882625035 -0.199311919874121
0.0980289086172941 -0.0105361638932975 -0.0232993441994602 -0.150139224855251
0.0884759904283021 -0.0298311016911051 0.0150785969134494 -0.160479874683888
0.0780137587707633 -0.0588209874945982 0.052306058029809 -0.148514415786484
0.0655788058312771 -0.0591596145239605 0.103952515645389 -0.138928048953303
0.076063868805745 -0.0539186848327801 0.18185754243419 -0.120389594390631
0.102854454959486 -0.0311942131877622 0.233132172929536 -0.0574397482315891
0.110941425516268 0.00743296279525685 0.26032417348687 0.0386013063210268
0.128799269218205 0.0623259762279619 0.172349219194337 0.123199652885239
0.101141513258653 0.126995367027446 0.0569551642215488 0.107317442063099
0.0170992582124894 0.176285968214372 -0.0185755543654972 -0.0277781093158645
-0.0388052411939762 0.181638449585045 0.015755898125945 -0.264592845191647
0.0386438688089161 -0.0284473707109378 0.0150965858671198 0.282734941932095
-0.00106868061286528 -0.0598388452297268 0.0499656303100905 0.0744517966999404
-0.033104831289984 -0.052777015913825 -0.0490371646905817 -0.103901567269584
-0.0338104547132042 -0.0177519306361583 -0.161671581337455 -0.136454812231702
-0.0185699095190991 -0.018501667171505 -0.267544265144068 -0.0580393576573335
-0.0216253063310027 -0.0161737206728792 -0.263484865998478 0.0716234049447805
-0.0336985430902839 -0.00523795598116164 -0.194742072940263 0.141524670137153
-0.0286897162665484 -0.00850425192065544 -0.124593815663414 0.165557905046534
-0.0351972048644309 -0.022734496002846 -0.0553656992519275 0.172203911974626
-0.0256579301595236 -0.0417276972766082 -0.0158782722460923 0.182766573583928
-0.0102540969111836 -0.0475488624040356 0.0118684846539983 0.170142395115564
0.00594007410798322 -0.0514653772591519 0.0479717824106107 0.190354126593923
0.00722854493614858 -0.0561336826859117 0.0671772170396377 0.24111130355736
0.0384058580570731 -0.0475633259538349 0.102943710562983 0.255018503010972
0.0593453916950354 -0.0220373714720504 0.13853756880693 0.254253155114799
0.0787657476324304 0.0910782398117624 -0.0238241803253138 0.244994286582739
0.0387869954248411 0.0525085985800975 0.0247469624600168 0.0459989120500958
0.0411505064765812 0.0379847453363729 -0.0766683711759495 -0.130657911906184
0.0628062172481312 0.0356018750184086 -0.179334045611635 -0.157138509445282
0.0751242837971595 -0.00899982611093843 -0.275974681752111 -0.0708399228909123
0.0608047784120818 -0.0480343252252805 -0.26970132877699 0.0559438990266311
0.0272830275614243 -0.0662590171537419 -0.197020839357047 0.126336312657293
0.00986565666988071 -0.0727159649891876 -0.125055534070145 0.147201687358394
0.00157825162771771 -0.0971314850163401 -0.0501008177907613 0.149536864332796
0.0337878771897048 -0.10804602515154 -0.00363206163914515 0.157875339771707
0.0683101441256135 -0.0958481077894318 0.03157850000274 0.150792041748928
0.118662903349191 -0.0666981693392552 0.062755467666834 0.179754053080426
0.1221410747913 -0.0154125254848548 0.0683584741283087 0.227992052181928
0.120355814406252 0.0487739070772444 0.0988337728078707 0.222410292524774
0.117272418977528 0.105245113891089 0.134337619382811 0.211954639091692
0.106642001994026 0.200212397833804 -0.0552547096072229 0.16795480397815
0.0784566724837525 0.167301125580941 0.0105075064211581 -0.0152377085510675
0.122415775791387 0.131697470988308 -0.100362988915328 -0.17765901973442
0.165798382561512 0.0831219317413677 -0.199424732348813 -0.179829933016916
0.165943724808352 -0.00614322642880284 -0.271408567818709 -0.0761501538509449
0.136953341138135 -0.077112064695274 -0.252284473376528 0.0374051665939732
0.0843869464704679 -0.120243261935162 -0.175264639556022 0.0956524913098628
0.0470179657214407 -0.126619153316218 -0.107131065676993 0.107623011357395
0.0350845280405198 -0.155615345174262 -0.0344986179431977 0.104124704239313
0.0831232725892907 -0.159774057788277 0.0179079188610317 0.110649878962389
0.128513444526943 -0.134740321922509 0.0631820029843231 0.113445065686852
0.205804306953323 -0.0841667916621025 0.0888364308063582 0.160362293166021
0.218645891547547 0.0117650642940101 0.0694856912502766 0.211876715510423
0.187621183801778 0.126473690287912 0.0758400453884653 0.184439630575366
0.16041513833008 0.213257748973252 0.108253673095391 0.1413775455641
0.122799884701807 0.279913618145527 -0.078019892740156 0.0601305903389162
0.120552741954408 0.261094371536076 -0.00319292198083409 -0.100014955338506
0.206984405401924 0.203942768422502 -0.119256789485842 -0.231793650740217
0.26373276134359 0.106399584557435 -0.21122526989279 -0.200491025506923
0.23843841118846 -0.0195248996735819 -0.246634178461179 -0.0789451265861663
0.191611132794328 -0.103429021709252 -0.210165713630868 0.0110945302339762
0.124216625821338 -0.160022525803871 -0.133572953958275 0.051188860442542
0.0755963132285213 -0.161805747725131 -0.0755712078050253 0.0528071899672678
0.0654849803828874 -0.188509719111679 -0.00891292176973753 0.0455397707260736
0.123754596019237 -0.183260125153487 0.0449839377357567 0.0507443858852771
0.173366815484619 -0.146789013343104 0.100419878963106 0.0658643574069969
0.26224087012561 -0.0824460359057297 0.113900201529121 0.134694614518886
0.278311286376369 0.0402445258310132 0.0675131644368578 0.191477399895625
0.222387147656683 0.186185268259787 0.0394898752124622 0.14412117758401
0.173605297581988 0.289549437453512 0.0677904543965309 0.0554419016473756
0.126318990552061 0.313515667791174 -0.0999630545156813 -0.0593629051201273
0.151464702391169 0.309103948100904 -0.0285585344170911 -0.189965694497089
0.26713525091259 0.236808667742385 -0.132557822042665 -0.272582369584809
0.32545101842733 0.102207404919509 -0.203221681682727 -0.209409965219356
0.272558529430156 -0.0385563111795828 -0.19701674159308 -0.0880204656619698
0.212437247531978 -0.121310533915445 -0.14982073643515 -0.026960601339344
0.141552772236407 -0.178183542959932 -0.0803288677758685 -0.00477362976325222
0.0922463098994394 -0.172587738573027 -0.0326471027479387 -0.00848929662818246
0.0902940922696926 -0.189923772552558 0.0277525480930028 -0.0168492614292064
0.153520382727322 -0.173488020995784 0.0810749004376845 -0.00837666264280624
0.201468030285271 -0.12497687649468 0.139492008259804 0.0222911996566956
0.283558937074561 -0.0478238072818292 0.136071054545168 0.110500373528867
0.291665989251944 0.0801802220462 0.0608112184259941 0.165815173643951
0.213286092377685 0.230235030921566 0.00146127464764043 0.0991374466443237
0.150144363708006 0.328450110934193 0.0275360287801085 -0.0378860161524034
0.110295595048433 0.293017798537704 -0.121087726305714 -0.168361282954479
0.15318307688674 0.296761229321451 -0.0653204607937017 -0.261757822118285
0.272140206693152 0.221377364291134 -0.137299649759083 -0.286755557843596
0.319022666975355 0.0797542797438842 -0.175921906274758 -0.205922396765675
0.254083382384676 -0.050708468819102 -0.132770502312246 -0.103087036035953
0.195964649145503 -0.118309116781354 -0.0844298862333219 -0.074810586988846
0.134092840777388 -0.167102033400604 -0.0269815721245784 -0.0634332331669114
0.0948259286727472 -0.156393962943781 0.0140629439326859 -0.0672951616626825
0.103625314189366 -0.163338601642396 0.0742549370935937 -0.070983295260465
0.16503367501189 -0.135809700506181 0.126610792581195 -0.0527170558653452
0.203587685249904 -0.0778705492845372 0.182808631410946 -0.00237472699315049
0.264696628809759 0.0045573836117881 0.153754832853415 0.0964395597227148
0.256336948950401 0.122746203571845 0.0552940106716922 0.139745480002953
0.1629957438642 0.248146283492378 -0.0251255061962067 0.0514726036010575
0.0979923201274184 0.321179940905303 -0.000201856091071867 -0.127722452020108
0.0699237662817605 0.2227296485068 -0.136539128597558 -0.246150553500693
0.117403139539921 0.231471293002656 -0.104372718363439 -0.300171684343089
0.215427570119992 0.167244573876386 -0.128246953336669 -0.275759049527493
0.244895741509071 0.0516087248035098 -0.135185106048469 -0.195820825962372
0.186611878452407 -0.0438076406073647 -0.0715141462799446 -0.123208663188471
0.14768644248745 -0.0873237809432656 -0.0289650999504769 -0.121988222431779
0.107434989527726 -0.125669050795484 0.0158064807095934 -0.11488044823776
0.0826094736792199 -0.116891796883766 0.0581967221025888 -0.113329041917265
0.097505325796238 -0.114990545987329 0.124681830468913 -0.109047370309223
0.146649797437334 -0.0836113086260879 0.178013387907814 -0.071945280050682
0.170827501265682 -0.0279955997631943 0.22297926585584 -0.000340453154158685
0.208022429924856 0.0474944374597701 0.166654846748389 0.0974369529890918
0.185141395560808 0.139689161936371 0.0544074072682648 0.11619160828314
0.0912754625966366 0.229438186951951 -0.031876856180601 0.00688545585627681
0.0329268677386307 0.26847521561963 -0.00854311638004088 -0.203059483814456
0.00676455758252012 0.119366830386914 -0.139702395987326 -0.279117537524827
0.0477119638565312 0.134592299154977 -0.126908408039158 -0.30205769120285
0.112862829214398 0.0973851468091159 -0.106023266047044 -0.253851269255084
0.126086746360187 0.0319009256477801 -0.0964503167673803 -0.185916391179244
0.0932125868544717 -0.0141794766633398 -0.0312047539157945 -0.143528041715386
0.0837716688571027 -0.0339757175111463 0.00422425635289934 -0.156511098796837
0.0709216519373214 -0.0596314865880861 0.0431530300538198 -0.148378445349119
0.0580963957106488 -0.0599965974255843 0.0926415822402864 -0.140278180189199
0.0692763402187313 -0.0562779300456895 0.167283800260354 -0.126605401176307
0.0961905955596444 -0.0365152451431074 0.221644381723899 -0.0679843433197165
0.107737397805705 0.000936371074807398 0.252844549624075 0.021164022080141
0.127530060429225 0.0515526986541429 0.172878397728637 0.108391847702575
0.103428505125675 0.11573266868049 0.0609629708361715 0.100720049214484
0.0256430517674941 0.167954826446826 -0.0201708618658152 -0.0238477917271673
-0.0257681792971469 0.175159426736944 -0.00110430213313633 -0.252378657624471
0.0379151407560584 -0.0268502113983208 0.0216906398890313 0.269745691874046
-0.00142648084112491 -0.0572264943162274 0.0505717758785088 0.0678918427701986
-0.0322931662226829 -0.049922944644503 -0.0515371987118297 -0.0987027232054054
-0.0328262861581181 -0.0170703332373463 -0.161010981952156 -0.126231657127126
-0.0191793679314998 -0.0187208660414988 -0.260300339326118 -0.0476206699982358
-0.0217937509992688 -0.016122553872114 -0.250326206048665 0.0768697174455959
-0.031295048486926 -0.00338662561515926 -0.183646597128886 0.143504854188485
-0.0276897757956326 -0.0073894103618643 -0.115607729749528 0.165034785204807
-0.0341693275444794 -0.0213902987740245 -0.0481152608483974 0.167666848015025
-0.0258503615359437 -0.0390235559991791 -0.00845852078228277 0.176821728612391
-0.0115741998089405 -0.0450976380883224 0.0173857543482246 0.165457824381976
0.00346780084763622 -0.0508737414818599 0.0521002997785286 0.183411746246262
0.00558148437574591 -0.05373943441082 0.0729957912972378 0.230389109186318
0.0366690055738604 -0.0459760639915305 0.10655856437656 0.242807827334186
0.0548716898449405 -0.0214109777886801 0.142395697556457 0.242211189288885
0.0796847118641416 0.086120528115389 -0.0166888509151869 0.23522026321593
0.0410132150709422 0.0499573692028991 0.0265878630087762 0.0419047512999414
0.0429184521079868 0.0343461277399361 -0.0790470630950481 -0.123854021550192
0.0623333193202655 0.0305640630527813 -0.178792944752925 -0.145231222255038
0.0723519443527231 -0.0135044476119353 -0.269093226292133 -0.0602654505111123
0.0566669672546004 -0.0501524960917871 -0.258491120984522 0.0622539612715644
0.0250598137112575 -0.0652874660492787 -0.186832450975467 0.127409306337495
0.00736257591745878 -0.0705573566237608 -0.116156963924345 0.147029431571879
-0.0023328663200902 -0.0944018967380133 -0.0443521267946588 0.145975570386726
0.0285685324528128 -0.106284841646495 0.00241736079689807 0.152444161847063
0.0625620024187576 -0.0950728538403826 0.0348212450996438 0.145729778094994
0.111922153117267 -0.0698814029246159 0.0660809518032407 0.172012412811392
0.118082416296775 -0.0178355084593284 0.0745600595372714 0.216591405213137
0.118320778332742 0.0442072848235744 0.102231685236267 0.211240460996375
0.116273907468084 0.0989650781899444 0.13670573090056 0.201091031258666
0.10931744631979 0.189696509313361 -0.0483489617842239 0.161473371365176
0.0827811548935108 0.159997969555798 0.0109991914198548 -0.0169402526714401
0.125322927793701 0.122190206289998 -0.103503670246891 -0.169937398484809
0.164480698704649 0.0725665514852178 -0.199587031908036 -0.168095382966828
0.161243800248285 -0.0137466622997959 -0.265588902440425 -0.0664822838727385
0.128880963997784 -0.0805460269527259 -0.242017238734345 0.0432175454345997
0.0774445692377651 -0.119335902931793 -0.167028168874744 0.0955502499556692
0.0405691981304795 -0.123486276872429 -0.100448250066607 0.108108876010874
0.0279916015817554 -0.151807823771879 -0.0304213925857671 0.101903051973988
0.0738895245750746 -0.157564816129113 0.0212726090586259 0.105756353404271
0.120118982058578 -0.135139420794768 0.0645453929795649 0.107953913916875
0.195158730951967 -0.090622858388157 0.0903396107710335 0.152919033559634
0.211782202687853 0.00435302541327515 0.0761488059797859 0.201866439712649
0.185886817216056 0.11624840673332 0.0789697837169212 0.17670642207218
0.162073199122257 0.201447080418594 0.109698589602675 0.134033731004685
0.127471144209794 0.264799072936452 -0.0739691855717885 0.058960874906369
0.125790217205772 0.249270385436301 -0.00430641545171834 -0.0982529652025326
0.208521293117506 0.189842641010373 -0.122994469548806 -0.22096503540279
0.259914026173751 0.0915330328423985 -0.210902566733898 -0.187706751599605
0.23097187293915 -0.027966125120995 -0.241129155657862 -0.0705986269445968
0.180526361116797 -0.108633782214738 -0.202952060881136 0.0176716619403437
0.114496414679205 -0.158428394205881 -0.129114223740223 0.0496572199189055
0.0667438101355528 -0.158593025100826 -0.071392425066725 0.053935413410856
0.0554657562110018 -0.184094104446936 -0.00804392325752645 0.0444588768191228
0.112138310964604 -0.182030119177204 0.0455929559878598 0.0470670269907542
0.163548558518906 -0.149245796332918 0.0976592452065266 0.0602194596184067
0.250113023362329 -0.0907711357806274 0.114330233767754 0.126781248122298
0.271313499071038 0.0299382729967306 0.0735277978812359 0.181900786591028
0.221962740809455 0.172909900790681 0.0435084599437669 0.138026855948403
0.178097125913924 0.27378948459298 0.0681988580380807 0.0523578336814079
0.13247917870197 0.296901987073406 -0.0982058799727406 -0.056141968232324
0.157579719122695 0.293863682459627 -0.0316469117731857 -0.183347986273069
0.267163173467538 0.218471240677729 -0.13739801391935 -0.259172538160703
0.318629162551909 0.0862646825806721 -0.203564142088189 -0.196418045370315
0.263466182734909 -0.0475499912984962 -0.193742476964955 -0.079954377942773
0.200251390112967 -0.126502252767337 -0.146574287930334 -0.021603864175564
0.130319440351683 -0.176185661986597 -0.0792242968025039 -0.00686572148229474
0.0821734149796514 -0.168880415707553 -0.0319119975030424 -0.00775839907358643
0.0789903192959722 -0.1868760119453 0.025848464084425 -0.0171700555218039
0.141475978423015 -0.17350204830977 0.0783083248940938 -0.0111848303980313
0.191145490830269 -0.129135399808573 0.134637194725502 0.0162811909681674
0.272726674425137 -0.0585228463008073 0.134633630793892 0.102275762097802
0.285280480293978 0.0684350048882736 0.0655264860357338 0.158121256009727
0.214318993095141 0.214701153239009 0.00463879861729936 0.0969135828462383
0.157727428390858 0.311188219401395 0.02609730704271 -0.0360957550385123
0.114956472606095 0.277589162907963 -0.121415032218615 -0.160937319896402
0.158533254666957 0.282070300785349 -0.0698058049029421 -0.251501453606721
0.271261651081378 0.204025112366316 -0.142100565214095 -0.272584305089471
0.312379290392428 0.0650119826897994 -0.176364389370998 -0.19421298065302
0.244924842892336 -0.0574967182324677 -0.132399964586072 -0.0968028728027065
0.185093506998359 -0.121820939334778 -0.0849479078855714 -0.0693246622982741
0.122842677016838 -0.164633609093201 -0.0291323849020932 -0.065200081185461
0.0846876011440353 -0.153603574860166 0.0114867326923563 -0.0659213019381863
0.0931226948714934 -0.161054636469459 0.0694469316098318 -0.0717317312528313
0.153294235882378 -0.137495503168379 0.121176414967143 -0.0555091035330838
0.194920718164513 -0.0832324605992553 0.175455142472385 -0.00914574596685282
0.256218159634616 -0.00609824093799746 0.152273930293139 0.087818907775393
0.252585780182218 0.10930975283239 0.0584576615601019 0.133328525987141
0.166273348037331 0.234261400630656 -0.0226921058559513 0.0519981917170736
0.107308657287239 0.30575292106093 -0.00368719264096729 -0.12137249288945
0.0743566066335171 0.210820392589947 -0.139584446921942 -0.234643667088548
0.121711634576675 0.218993875506848 -0.108392929584911 -0.287049514951234
0.214677096935196 0.153907691483381 -0.132721000676672 -0.263151039267659
0.2388772672999 0.0410198096918345 -0.136604311196308 -0.183916273389186
0.180244716195975 -0.0476178609403275 -0.0730583355253967 -0.118071372937431
0.139680857302525 -0.0900867304180161 -0.0325583351698308 -0.117273698315548
0.0988093007704798 -0.123757651054373 0.0117957234828266 -0.115717714029266
0.0747495795715294 -0.11495828572931 0.0528736559968089 -0.112280281363505
0.0891451198431053 -0.114066573737306 0.116509907200286 -0.109748948058063
0.137762582540726 -0.0864310153613861 0.169640046348974 -0.0762000077129553
0.165118375970672 -0.0334084464431234 0.214623459736972 -0.00923174758257411
0.202022654142219 0.037023864891335 0.164237755825734 0.0890112297747875
0.183494650649486 0.128327681283123 0.0570342634153017 0.11040024472989
0.0955483087789219 0.217620574427544 -0.0311376348108417 0.00899616187645179
0.0422464562977374 0.256266373488881 -0.0145731031151325 -0.193155408702437
0.0108993973849761 0.113575046861002 -0.142781428620787 -0.266511086906811
0.0497214817345019 0.128242465972187 -0.132062026894971 -0.287232956619417
0.111967718118612 0.0907493038978688 -0.110330540157376 -0.24265080759735
0.122856177190945 0.0262867620994803 -0.0992664928122878 -0.175615123911714
0.0898204933459617 -0.0154009120614554 -0.0351142514012722 -0.138246247064252
0.0793230981166043 -0.0353842365793612 -0.00222473212302382 -0.151651976902721
0.0652558818824867 -0.0589915540580241 0.0371731966863 -0.146847130567086
0.0527096861199553 -0.0594489367600074 0.0855464333046623 -0.13860466825182
0.0641484615908512 -0.0560925597085497 0.157792279577988 -0.128370184292289
0.0901503761836143 -0.0383710481514062 0.213005744245503 -0.0732045771644965
0.103631529916995 -0.00248787179240619 0.244362938854803 0.0117574190122211
0.124412831053779 0.0441523812587361 0.170957843423029 0.0997529401799225
0.103985963085079 0.108612322636067 0.0625708394013306 0.0958298352998895
0.0295984915894304 0.160296991148202 -0.0208564979864187 -0.0201737270506502
-0.017831406073153 0.168490944655834 -0.00813570429389925 -0.240730996363158
0.0313631783930026 -0.0304018701078317 0.0799382414744338 0.264640718306979
-0.0109448031805513 -0.0540769590441772 0.0663811244054474 0.0540615901051519
-0.0402072779630959 -0.0415200423012133 -0.0700455656313268 -0.0907769051962635
-0.0371594416529765 -0.00938526514226498 -0.184501674905848 -0.0950921292145049
-0.0257796183964976 -0.0114450738393333 -0.265210399831941 0.00480842589415739
-0.0237091693696924 -0.0086695676430971 -0.229571405732626 0.123120733748282
-0.0293802225945014 0.00453780546382295 -0.150617001825305 0.17372090743471
-0.027407070383323 -0.00107321938152919 -0.0781181436814935 0.185022329324665
-0.0364474928863053 -0.0118068228413869 -0.012032683977422 0.176500283552223
-0.0328789753311693 -0.0307331119228778 0.0316145116429709 0.177964912995811
-0.0199582422920835 -0.0379097931678434 0.0543505705588404 0.160908437556333
-0.00915400080112939 -0.0465238579795928 0.0929508470616302 0.170769588878844
-0.00667328633201377 -0.0480473877259664 0.126245421866766 0.211480734011359
0.0237278643954871 -0.0473272703493069 0.159801308238682 0.218781091078149
0.0481007798433336 -0.0263966500031495 0.190004511900809 0.212902166947338
0.0909820409565652 0.0652164010281063 0.0315894498291653 0.244762514046112
0.05128065279019 0.0382108678050646 0.0347078530369791 0.0375557454420615
0.0484980379709688 0.0216173369014609 -0.103874069461203 -0.100258198115278
0.0624222098591103 0.0126465211662979 -0.206689745766769 -0.101485773607725
0.0619718945275436 -0.0264707274424117 -0.273487787412339 -0.000781755525669636
0.043109130332463 -0.056855166132624 -0.235678984489922 0.113462092835197
0.00915454576452815 -0.0656911216387567 -0.152083036014714 0.160399647212867
-0.00592643126682302 -0.0676677314579552 -0.0823680489403908 0.167420458639276
-0.021305502346691 -0.087023232128266 -0.0129959376265711 0.154926008210859
0.0056689878448654 -0.105343509188701 0.0373555871827602 0.152775133821442
0.0407359078707831 -0.0988602728856046 0.0679971806798601 0.138383575231966
0.0889838033344373 -0.0865421703829707 0.104456731096877 0.159493861512727
0.106678314302981 -0.038072735015926 0.122039048645558 0.202913551640556
0.122090849121651 0.0205953457579209 0.142683059948752 0.187786152345328
0.133892887665228 0.0758503030832707 0.168894255469646 0.169414687894202
0.137764027501416 0.154459374695642 -0.0189981044346304 0.183991633504667
0.113195581790509 0.132844282062918 0.00477514215558405 -0.0132106611756219
0.143369553005985 0.085929306345732 -0.138465376710757 -0.131186449106325
0.166813815969502 0.0290956511529347 -0.230519675466852 -0.111157006598066
0.146090885261697 -0.0454878598861282 -0.266766083877185 -0.00318634410078524
0.105007688927527 -0.101075822819704 -0.220660286107278 0.0941050407909337
0.0462465445234394 -0.127972714301226 -0.135047582548411 0.127383898333949
0.0148084991030031 -0.124634470850787 -0.0742869697402103 0.126047423541281
-0.00401879725550032 -0.147358921924083 -0.00926242606420603 0.109364907712344
0.0385846064699241 -0.164110150246513 0.0457813090080806 0.10448943436502
0.0870895357566204 -0.147986596897322 0.0885557533813364 0.095070363462821
0.164786054701355 -0.122726451886717 0.123501187927556 0.136695601567213
0.19894769809335 -0.0367727154589231 0.118352469391818 0.191013842044978
0.203481253078194 0.0745749651367397 0.10658291473612 0.157447994421917
0.200372493429613 0.162101429698776 0.122381231118884 0.106385519729156
0.168728471818995 0.220332081637102 -0.0681760644559311 0.0901981491247219
0.171213037509838 0.207672643395717 -0.029148051591589 -0.0863655418553819
0.235214310372168 0.130154579273445 -0.168690210705285 -0.169174552413836
0.260612276067752 0.025026859371211 -0.243825346209689 -0.119787626480647
0.210071760439615 -0.0742795055721623 -0.240046112549978 -0.00938998289706497
0.148055206317122 -0.138835402807661 -0.183812956557095 0.0620112254965767
0.0718259493712615 -0.1732597247847 -0.103479088362627 0.0762629499090495
0.0326385781218661 -0.162126124363668 -0.0566495675719828 0.0672888730531962
0.0148144987942174 -0.18386320493786 0.000918219273514071 0.0484358998349359
0.0695020339163491 -0.195073927010006 0.0572432500344556 0.0419560243395112
0.1258765340684 -0.169952828762734 0.111431958292718 0.0411035989310065
0.21653352162 -0.13446989525956 0.141238733261999 0.106987595015425
0.26008517288296 -0.0252208026668029 0.109448603454058 0.17459635578302
0.249546391712903 0.119501099026581 0.0596140168479498 0.12737558006248
0.231211680523924 0.227380061222386 0.0611410135330437 0.0317374248025113
0.179132395638908 0.24892408231309 -0.117412987015726 -0.0178665214437116
0.20923031479086 0.242927750433577 -0.074842377930723 -0.162865923545259
0.295934006711923 0.146074635486287 -0.189615753838262 -0.199857761564364
0.313603451267254 0.00707176680858666 -0.235588312564468 -0.126395288861261
0.236859601514479 -0.0992723166991694 -0.192700696114192 -0.0281774478257115
0.163350476599077 -0.159545573559745 -0.135114896425494 0.0128702979568536
0.0821187052500626 -0.192952956322094 -0.0646941794483527 0.0120352103142079
0.0452846579163454 -0.174725779391442 -0.0307569126327738 -0.000600390519308795
0.0369613457678308 -0.191143829280816 0.020660539567834 -0.0188650570778619
0.0985183246864698 -0.192929596440457 0.0763568778567811 -0.022943470057855
0.15617930792163 -0.157561563513952 0.137079123612553 -0.00938918476853102
0.244814607107234 -0.108551284633857 0.155433667089056 0.0781353814802799
0.280640094636794 0.0076515893002519 0.0950581529950889 0.153071547215774
0.250845361778804 0.160157057699295 0.0103950271160618 0.0934394481828883
0.21985426787066 0.265719380017633 0.00130099308530438 -0.0491292097670762
0.15968688588301 0.233585285720332 -0.162747630421907 -0.119487417379027
0.206586498675335 0.231241586637905 -0.127031995120159 -0.222673976628033
0.294877693994313 0.131270435684922 -0.195451127875105 -0.212066977929276
0.302550812162202 -0.0100950125957573 -0.206928476350016 -0.130550367827776
0.217581959584007 -0.104800833614163 -0.135422068458258 -0.0584251622719824
0.149008152875001 -0.152918131834301 -0.0855344723449753 -0.0474676282505227
0.0776267140792054 -0.181203578710675 -0.028461632669397 -0.0552541391554848
0.0510888945064538 -0.16135274434453 -0.000790475161523351 -0.0666588565455895
0.055354851747828 -0.169952857220216 0.0516671176741083 -0.0823678408733179
0.118470892629796 -0.161414026285264 0.108598360054855 -0.0765623603256225
0.168529516984329 -0.115321536401939 0.171163613225956 -0.0442837669803689
0.240747453756967 -0.0562780403569515 0.168324578132726 0.0593202282503479
0.258214532873679 0.0524469523785007 0.0809888511002511 0.128413993724105
0.20900594055539 0.187978635474636 -0.0255312076794849 0.0530860427995129
0.169705802614373 0.268736549854118 -0.0432548398526055 -0.128705084900591
0.109031400459999 0.179103591681567 -0.19473969196933 -0.195086996814749
0.157547576433148 0.180774009609758 -0.171725346239195 -0.252690531238204
0.230847337645633 0.0972033279075616 -0.184433587676139 -0.210259844359407
0.229071599712552 -0.0163472305454373 -0.166082260927974 -0.13463905362786
0.158502952036154 -0.0820517966052095 -0.0848421035958917 -0.0947887954489313
0.112515464429544 -0.113707789454389 -0.0470085511456523 -0.10553438183278
0.0642868605304371 -0.137248605180993 -0.00207362310567091 -0.11289991908456
0.0482936085373992 -0.123185903997171 0.0299941163891705 -0.119725273518449
0.0617333586817504 -0.125474383999764 0.0904561156772427 -0.131118243285451
0.113736496989905 -0.109563758181267 0.15128580764996 -0.10822417964115
0.150766329556423 -0.0630560031649482 0.209783358433886 -0.053428670300547
0.198493292414487 -0.00401980465755337 0.179621479105825 0.0562213416806227
0.197331280975545 0.0848598617122263 0.0741105586413365 0.103849292329351
0.137936484114349 0.187243253624433 -0.0392456489036372 0.0119919304779711
0.0963407767899927 0.233976088602907 -0.0641746120784626 -0.196577467420948
0.0317606036193079 0.101178953976789 -0.203251839157814 -0.23314226029752
0.0715589366173977 0.11092089979018 -0.19368899414917 -0.253972151374895
0.121395909199495 0.0603723813063432 -0.159166913527267 -0.204304251480145
0.118195421414469 -0.00293128926665405 -0.129947713661755 -0.142839548900691
0.0798623341212069 -0.0330535825644439 -0.0571499660230913 -0.125212973148967
0.0663702731128307 -0.0494457207008708 -0.0290601510335406 -0.146584442928746
0.0475935971812915 -0.0703889523479917 0.0128092335631258 -0.149312016399056
0.0380349888247857 -0.0665173240661587 0.0554105424064582 -0.153070370206441
0.05018220774255 -0.0663141204186372 0.127117330383006 -0.158728832719742
0.0796403628546827 -0.0545823420722967 0.194589870316883 -0.116934736143627
0.099341875122321 -0.0216184375830558 0.243239725228909 -0.0406495014590674
0.125946213535637 0.0193836608344571 0.189487275166468 0.0636086851492023
0.118709633977156 0.0819075907828928 0.0772375254046039 0.0847246398367345
0.062486787948928 0.146395615954527 -0.0313914757890412 -0.0194995937260193
0.0206859278888364 0.16081913234787 -0.0622212663789676 -0.241847691921105
0.0318840494626196 -0.0315676054573948 0.0876304219287372 0.263538667647438
-0.0115497803703341 -0.0543473279995158 0.0682563013065188 0.0508580615260728
-0.0410250837939751 -0.0417898617386007 -0.0736402105010711 -0.0875186161592516
-0.0383709882700882 -0.00934653770877582 -0.188998773270241 -0.0890368595946912
-0.0275179391661262 -0.0111896756189117 -0.267590246998884 0.0130188754890701
-0.024462525287208 -0.00866266752202161 -0.226565313764971 0.131291331512161
-0.028380231609733 0.00456173982142805 -0.145181584429573 0.180929491124228
-0.0267929835544766 -0.00108802489962757 -0.0728109335100753 0.191236724267354
-0.0371051910429579 -0.0111799949132382 -0.00660216711342528 0.178998515606018
-0.0337725921607331 -0.0298344891720193 0.0381500048016928 0.1784169699043
-0.0210672976612241 -0.0376667121196031 0.0602451983426245 0.161598521714801
-0.0120680087048384 -0.0467215984766249 0.0998862003134878 0.169710075284348
-0.00776472851357251 -0.0475549067871557 0.13467030514333 0.20870254474364
0.0235868661512837 -0.0477153528322484 0.167731599477816 0.215080986642997
0.0477803453012324 -0.0264775846017656 0.198968834176662 0.20966709226677
0.0944615915120721 0.0623870893653749 0.0382146045124748 0.24468564782853
0.0537497819489439 0.0362199072166819 0.036340087176777 0.0350210989719287
0.0502709112577362 0.0179886027642743 -0.107522646271875 -0.0968382479024011
0.0634279302313778 0.00886615508076986 -0.21149171177026 -0.0949553830929034
0.06094680306617 -0.0301309334498416 -0.276413505495429 0.00828703396617318
0.0406263780897451 -0.0598471313970323 -0.233582524999123 0.121192209213702
0.00746084979632586 -0.067284632210662 -0.148616667721961 0.166591430486662
-0.00793116872226213 -0.0680982955621016 -0.0774803010340186 0.172587134671456
-0.0247061346890921 -0.0868141714826072 -0.00838654675170957 0.157235121302572
0.00178170730270891 -0.106675435776387 0.0427665932967206 0.15248098834321
0.0375703804048784 -0.101732654504629 0.0732366015981559 0.138500007497041
0.0860088804914905 -0.0911502900793024 0.111067854017413 0.157240488035804
0.106710453031043 -0.0419712849868659 0.130440078861158 0.199295141181938
0.124952319532672 0.0171134270968554 0.149806432130569 0.184406157957817
0.137842322767467 0.0723074202290837 0.175766006185698 0.166514028770768
0.143357227834558 0.150194743217652 -0.0140327480415197 0.184722250630334
0.11945999902887 0.129499389716509 0.00531757167432023 -0.0150265295709109
0.148846933707418 0.0790276736441566 -0.143603182596824 -0.126793638345985
0.169729762053333 0.0207248555565713 -0.235676494374504 -0.103488205161448
0.145483225078993 -0.0531875785911335 -0.270140849650681 0.00491960526328091
0.101113986531934 -0.106744555045026 -0.218271676094401 0.102156872107474
0.0422193602074587 -0.130809920264869 -0.133583320648803 0.132188871731468
0.0109701967147556 -0.125637716322685 -0.0710398866522079 0.13026203843532
-0.0102494074728285 -0.148137519552673 -0.00530363670161987 0.111793237268076
0.032069489855111 -0.167345368046417 0.0497655102232776 0.103250390688517
0.0821575194074441 -0.152841937897176 0.0921704251460886 0.0937803463442955
0.160005122393122 -0.130728730295291 0.129804841848026 0.133646308918777
0.199903521963983 -0.0441567377589655 0.126756386134918 0.187807310970179
0.20867700610277 0.0675473757210956 0.112918331613654 0.155646428088162
0.208637071379939 0.156809716251852 0.126960206238891 0.104063470777143
0.176233105225443 0.215668187368324 -0.0659654247394833 0.092363581049168
0.181308827269046 0.202987573418938 -0.0317433972310056 -0.0875948740992228
0.243791738211091 0.120655237912806 -0.175380428947054 -0.163782722742106
0.264317862690121 0.0133377813098853 -0.248912890741917 -0.112269327376215
0.209551618452411 -0.0842238900452695 -0.242611922904181 -0.00196733582453368
0.143151295514131 -0.146326327626548 -0.183143424731512 0.069373350474933
0.0658150867798874 -0.17705874697082 -0.10424681613308 0.0787445264360138
0.0269012048603857 -0.163682124806971 -0.0548830197262545 0.0698100390406632
0.00746844552224191 -0.184757567675394 0.00236203846930866 0.0495359270487164
0.0621564823590623 -0.199888617611604 0.0590331468035034 0.0397161966902943
0.12070208117905 -0.176886790829333 0.112568198841328 0.0390557696715159
0.212504198545549 -0.144683922246036 0.14699731206733 0.103112703348209
0.262394152126467 -0.0356979779459126 0.11759733366662 0.171836391571554
0.256516319656028 0.111651703984333 0.0646972487492693 0.127233659037565
0.242313288933325 0.220013224196197 0.0636675574812842 0.0305706000464393
0.187187676860303 0.242946281490422 -0.119205545193316 -0.0158937458248885
0.219465894745133 0.237070978095255 -0.0798026065532527 -0.162585571117919
0.304039579347994 0.133509198650644 -0.197048253250892 -0.193287037534292
0.316311090819084 -0.00632567913524086 -0.240797557024975 -0.118914715923565
0.236580332265293 -0.110212577799387 -0.195729808641851 -0.0221392812604898
0.15832631572493 -0.167785689669248 -0.135712731805817 0.017728982320625
0.075454676921797 -0.196790778664886 -0.0675314618265107 0.0120747700969161
0.0388791168696527 -0.176642611168174 -0.031340669268442 2.87067745295649E-05
0.0295129500610426 -0.192867570514319 0.0202726630539249 -0.0194875239470066
0.0917792597071989 -0.198537867837264 0.0759415398079212 -0.026088876774588
0.151660956368325 -0.16586480289711 0.136751148850821 -0.0132682493938111
0.242218244142997 -0.119921130967014 0.160102013543101 0.0735569660920171
0.284908628792321 -0.00341901442267609 0.101915853554997 0.150178455449062
0.259212997560498 0.152458782171241 0.0144224770717165 0.0948799253901089
0.232031551198976 0.257795868920358 0.000339965088892759 -0.0481138643928812
0.167399531090665 0.228398780725665 -0.167815700581919 -0.116982430548169
0.21598706991241 0.225365700855179 -0.134433438822143 -0.220885660915699
0.30300472959886 0.119667928549529 -0.203319694079951 -0.206454970057966
0.304827960162946 -0.0227264033903957 -0.211913325261681 -0.123687661052058
0.216564858843397 -0.114999106093014 -0.138311680744657 -0.0546084854286713
0.144355524702409 -0.160256006624765 -0.0879734319657209 -0.0445193092028073
0.0714774103742157 -0.18445136563529 -0.0334765305194711 -0.0574907367044128
0.0450389822004148 -0.163193056310753 -0.00265169957198787 -0.0677839115390527
0.0485484958218836 -0.172469150601016 0.0494839064283489 -0.084257716281236
0.112055679898472 -0.167277562875321 0.106881942876489 -0.0812879877649648
0.166516730896215 -0.124283802321817 0.16931207684255 -0.0499606961250443
0.239677789790885 -0.0671245542546226 0.171898442045793 0.0550208043307787
0.262447135285651 0.0426364267302235 0.0863917948620239 0.126468703710492
0.216713691536629 0.18203053755923 -0.0229157920405455 0.0565945012436136
0.181341524557789 0.262401096665496 -0.0475792627126262 -0.126460038105336
0.115042349234686 0.17544155425605 -0.202762653416762 -0.192098611535331
0.165721780723636 0.175568827061111 -0.181370818659995 -0.248734764904905
0.236606975567174 0.089013272654014 -0.192627486633042 -0.20508573773837
0.231094355299388 -0.0243722015867345 -0.170771852959331 -0.129937994811095
0.157915651814698 -0.0886356315664378 -0.0887164357771967 -0.0927354180052208
0.10895390553391 -0.118914838671326 -0.0516977534485804 -0.104975451189273
0.0597014313862501 -0.140282603154458 -0.0077431275356525 -0.11717719611712
0.0438829619586886 -0.124253391475102 0.0257603736891594 -0.123044579765064
0.0566820428405393 -0.128306465130507 0.0867388084285937 -0.135420344058204
0.109940748051226 -0.114889759016864 0.149763734572417 -0.11453893622699
0.150250781716208 -0.0699125617750246 0.207783424199028 -0.0608361022041399
0.199601446886373 -0.0119581140606864 0.183351467020977 0.0506684097139779
0.201973861657177 0.0778941404821844 0.0784881316919581 0.101978456593653
0.144535379465844 0.183259971121604 -0.0380952644979478 0.0159373470288884
0.107341034968021 0.229744920841561 -0.0701811523460044 -0.194510633628929
0.0353897843291756 0.0997872694167563 -0.212923449679419 -0.230043226473914
0.075487830134971 0.108730323331866 -0.202971783607135 -0.248896147777285
0.124181135218615 0.0563993006329497 -0.167665557410584 -0.200291095806977
0.119052459172831 -0.00670511520804134 -0.134194887839843 -0.138842259828044
0.0803557109524766 -0.035236285576228 -0.060994878829449 -0.125330463861083
0.0652304504714701 -0.0523505819584605 -0.0347725793415613 -0.146755967939706
0.0450444100875921 -0.071648209599467 0.00673157537253854 -0.153615786140487
0.0356268882635404 -0.0675230105237788 0.050677438698002 -0.157159073197682
0.0476650433204549 -0.0677960626459127 0.123293687119265 -0.164449943047833
0.0769539786851772 -0.0572222594969414 0.192234576902521 -0.124618713197864
0.0995642560781439 -0.0256723139967722 0.243488460136163 -0.0496614814594867
0.127446214364681 0.0141449765614829 0.193780772246613 0.0578274596261042
0.121634362414345 0.0775939701561235 0.0808483114831838 0.0835348837900435
0.067045011478347 0.145008240313231 -0.0319806187124542 -0.015630500325724
0.0266848494074773 0.159427946406186 -0.0696756965937876 -0.239727142023416
0.0308390721609255 -0.0334042559738632 0.103728878489295 0.259378580559627
-0.0142112496122453 -0.0546374818882316 0.0718621757470834 0.0463871850129376
-0.0443753589887654 -0.0417802074175647 -0.0788187837763237 -0.0825863128890911
-0.0397942634887893 -0.0074222135560623 -0.195955920486092 -0.0774012458741893
-0.0299322501458791 -0.0095336338512731 -0.269385130703764 0.0298851630780883
-0.0260198317337153 -0.00793138845669152 -0.220519440680176 0.146193276474169
-0.0272149445328193 0.00473667069143553 -0.134640446847223 0.193003656301763
-0.0265916463484321 -1.64921940301842E-05 -0.0610686556133108 0.199051248494546
-0.0379967028890092 -0.0088054601509617 0.00514702301689452 0.182168472361297
-0.036393054877466 -0.0278843974457399 0.0495688278268734 0.177823070650544
-0.0239436674263494 -0.0360380183911316 0.0720708353680214 0.160099525463158
-0.0160070351597721 -0.0462066397347528 0.112325935991638 0.165293790586545
-0.010371433097269 -0.047135433657845 0.14945701563375 0.201830571565771
0.0218358152583539 -0.0493077725735867 0.181393691080404 0.206447526567943
0.0466296312537711 -0.028538783609172 0.213687158218299 0.199780905136346
0.0987434917559324 0.0567671006443965 0.0528740427398442 0.244224569401221
0.0579109011592214 0.0326570045867688 0.0392371700209654 0.0319576342167774
0.0527381189213262 0.0124908054320294 -0.113128291293334 -0.0900787822617858
0.0644822421588179 0.00289335175969043 -0.218650295669473 -0.082767601265187
0.0586627209438713 -0.0353113022471684 -0.279454060376117 0.0250310244296545
0.0357513720444455 -0.0646705320806998 -0.228644369430155 0.137368259124292
0.00433135571523118 -0.0692248875905305 -0.139945268850233 0.178279580289063
-0.0123691755843526 -0.0686312732451512 -0.0666497703107012 0.180988649633297
-0.0308952466963378 -0.0851875120587705 0.00174388800939948 0.160221042496048
-0.00546409104908369 -0.10777537776926 0.0527863606695134 0.150857146410004
0.0310486401905608 -0.105373277403103 0.0825605644138928 0.13621973382572
0.0789539519434415 -0.0974201497967966 0.123110075979708 0.152293110637703
0.106089832351816 -0.0490201227243502 0.144866812757466 0.191700690335482
0.128114929553962 0.00906451388956267 0.161811548137284 0.177564594628958
0.144507363839933 0.0646434737038166 0.188099627552086 0.158306825892409
0.15263645052417 0.142688179693958 -0.00333011159997482 0.186436627851658
0.129866196904633 0.122632421644859 0.00437439534757098 -0.016884689076252
0.156254118910155 0.0672939930167336 -0.151293426108208 -0.118146799122069
0.172498389882333 0.00694509389086221 -0.244206752596814 -0.0896713229861039
0.143143195068182 -0.0645399333106249 -0.272407537987259 0.0222519495084667
0.0943430186340209 -0.115748333026215 -0.214120674092704 0.117250754663871
0.0344725682886173 -0.135851882723924 -0.128391243103245 0.141429197713438
0.00278515344665885 -0.127378953718527 -0.0634628545011443 0.137251303138175
-0.0207637099077166 -0.147487388732064 0.00158912923755003 0.113920329922782
0.0206054624772383 -0.171119596716479 0.0563104254584818 0.100549540603341
0.0732673872656727 -0.160976791591584 0.0985584781168455 0.0900459451542064
0.151679110621828 -0.143063908657026 0.140699229683119 0.127663982770835
0.200465527625643 -0.058145736325874 0.140466518905806 0.179900829703191
0.215750403054591 0.0541079560813406 0.123698827074042 0.150769939982257
0.221290886907761 0.143831939248619 0.13497357528116 0.0983783829790665
0.190150227002877 0.206042860596534 -0.0618205743818892 0.0959699640225928
0.196437002916574 0.193225243359109 -0.0362636166979249 -0.0871514320820371
0.25434353003855 0.103567906431756 -0.185204529174775 -0.153458169623725
0.267651499691738 -0.00646004403597271 -0.257498957275582 -0.0978932010108668
0.206728637837271 -0.101217438356524 -0.245715568165322 0.0135185494604951
0.133726234102382 -0.158521941628797 -0.180178911002382 0.0812053967133167
0.0551096794220783 -0.18336815357372 -0.102997322628749 0.0854586025812488
0.0168289939659152 -0.166544899877177 -0.051145723597696 0.0739097958265488
-0.00549883752863622 -0.185930792573142 0.00560311833881495 0.0507403875963744
0.0485733853983039 -0.205719012388149 0.0618181578061082 0.0357723623905068
0.110285749889598 -0.188042362414239 0.114860247601148 0.033230414429341
0.203091225892547 -0.160615910403513 0.156260674331554 0.0951196064357638
0.263942171479801 -0.0539518166476235 0.129168484908184 0.16414452073867
0.267456447175051 0.0950203426849958 0.0734040698048226 0.125440788554183
0.260083692606454 0.204635017458115 0.0658157762765156 0.0279507384220075
0.202823527240982 0.233279352917857 -0.122147102540154 -0.00914401373400679
0.237261650551802 0.224470211467479 -0.0900958576517984 -0.159509786199555
0.316366349620912 0.112484416899749 -0.209976079438438 -0.181770926092181
0.320193650553756 -0.029567208369842 -0.249685978044388 -0.10530964076347
0.232241032269418 -0.128976937349037 -0.198640305152978 -0.00912563915893448
0.147657315847299 -0.181077129453279 -0.134963060644337 0.0269628132316621
0.0635629773871928 -0.203304986131137 -0.0708111995250568 0.0152569642024365
0.028176075283925 -0.180235738501385 -0.0321340259909478 0.00159167182875539
0.0161653583758401 -0.195420780970495 0.0194889305839156 -0.0207439547088808
0.0779192675169787 -0.206896159697348 0.074783659639922 -0.0312760161680338
0.142237633946774 -0.178756007246082 0.135966725359972 -0.0214025158481735
0.234393341018979 -0.138654517661226 0.167746428813185 0.0651063244021713
0.287736109864124 -0.0232190150324166 0.112823607883502 0.144801417094886
0.272034130137268 0.136095441090823 0.0212851826160309 0.0965185719033439
0.252284131667639 0.242339574864051 -0.00228831073256883 -0.0477766182421543
0.181976157275847 0.218843512490869 -0.177581844868561 -0.108726384034004
0.233776766264851 0.21262960755938 -0.149209484619164 -0.214053746830633
0.314486410051261 0.0989672582128864 -0.217860108490722 -0.19380449885697
0.30669804213057 -0.0445348856822252 -0.219960997682797 -0.111672303037389
0.212175009151557 -0.1311395712271 -0.143293087710503 -0.0468398273159644
0.134518016062264 -0.172100503380805 -0.0908561733461714 -0.0395429055666141
0.0600189798725927 -0.190408382306879 -0.0406662145031938 -0.0578961125565461
0.0349953705248371 -0.166345370523775 -0.00770246482540042 -0.0696149328806338
0.0366673697283457 -0.176074403584288 0.044776983839747 -0.0890311474777956
0.101483156993818 -0.176360640889145 0.102066431026078 -0.0889161921037473
0.16006973666994 -0.137547923867751 0.16605227949116 -0.0608486333071623
0.236676113465435 -0.084763118309381 0.177844381836412 0.044758579970936
0.268739088561493 0.0251205957951034 0.0959678959917755 0.121182216673003
0.23059046534591 0.168673766456365 -0.0187776659766323 0.0601399315239678
0.201666608027114 0.250155342334885 -0.05485676125251 -0.123361934230032
0.126067574229106 0.168935072786254 -0.216672072305823 -0.182598907993121
0.178140459918638 0.165988179216892 -0.197442799584671 -0.239445447629742
0.245432858846129 0.073070604056657 -0.207061590143058 -0.193618179856917
0.231474278489616 -0.0403522680957398 -0.178873907202275 -0.120615941630148
0.154687592985329 -0.100376569281024 -0.0950816838236974 -0.088280539798558
0.102236903465619 -0.127746673994488 -0.0585353341151358 -0.102407482430391
0.0510275896171597 -0.14484479574683 -0.0181890638606105 -0.119934106496873
0.0359539206499317 -0.127190985451013 0.0181357149348475 -0.127081400841239
0.0479468027638944 -0.13191879411839 0.0788260830867937 -0.1423927044506
0.101971085544408 -0.123131536905525 0.143326270531322 -0.125767210144154
0.147196269924602 -0.0815910261115125 0.204618510528404 -0.0747750404929415
0.199295822782125 -0.0262471031671541 0.189483496770978 0.0394792387906449
0.209125008015414 0.064671010899922 0.0858285947401342 0.0980626363323711
0.157107602143421 0.175305335976241 -0.0365385431399554 0.0205169581043925
0.123738807954914 0.222863336594558 -0.0822232566936655 -0.190518502990726
0.0411475963671514 0.0977748872772416 -0.229420382013149 -0.220482051814983
0.083354606991324 0.104369039300377 -0.220190604833945 -0.23738820550594
0.129539539175081 0.0489120022793771 -0.180966142755643 -0.191062260693397
0.120636042852206 -0.0138795814656565 -0.142435183154125 -0.131930014492089
0.0799908942704114 -0.04064400422825 -0.068958964686281 -0.12340123718717
0.062908337718776 -0.0567413640085153 -0.0443994180826615 -0.146695700747123
0.0404469678569441 -0.0748906258437738 -0.005115508505732 -0.157973363956648
0.0312583662285025 -0.0693511072097545 0.041213269057253 -0.163614792246583
0.0428382529399661 -0.0708335568829422 0.113436563825411 -0.174222028216121
0.073509790351345 -0.0623625571744985 0.186481564136519 -0.138278423438509
0.0988977639854383 -0.0328878319090411 0.241360138931243 -0.0658494408777155
0.128128006186933 0.00595261779054565 0.200068624647643 0.0459882839245227
0.127610901052005 0.0701832421812038 0.0870732223417182 0.0793571129257708
0.0754909280749483 0.141054528649216 -0.0320249652632591 -0.0107259572656122
0.0381768865279542 0.157508870075501 -0.084252274111998 -0.236858928149458
0.02861087724179 -0.0357954620594096 0.122788110113612 0.244840308418458
-0.0182167717235648 -0.0530950742398681 0.0747524306552695 0.0388090022930502
-0.0475632208119908 -0.0381245588506665 -0.0822075960680512 -0.0736133397139314
-0.040322475190974 -0.00527304997194118 -0.197728031498195 -0.0598751494219129
-0.0313601825181917 -0.0067847287423452 -0.262172802123635 0.0514322454326806
-0.0265950746143897 -0.00623946865167772 -0.204258858047255 0.161195870733376
-0.0255795287325097 0.00586811046693096 -0.115288407466141 0.202247951741754
-0.025587361490077 0.00143538080008693 -0.0419332672560806 0.202071906351221
-0.0374905271187191 -0.00525675677064193 0.0205207823643315 0.179304059122628
-0.0377257700355874 -0.0244180245284272 0.064332704819751 0.170934795664007
-0.0263466070927491 -0.0333068225157588 0.0846843245746587 0.152308352635402
-0.0202177228859791 -0.0437459465537393 0.123772896720359 0.152146059272378
-0.0132088925969674 -0.0451550910412009 0.162792165746416 0.184109502796434
0.0178608050247385 -0.0503618228666479 0.193462826172315 0.188014669441809
0.0434340954714945 -0.0309496621080805 0.225992936079548 0.180599031955939
0.10153768420958 0.0471612471642268 0.0707906944106627 0.234503900058841
0.0597468040231352 0.0268643642990014 0.0415585933602014 0.0267821179912347
0.0524077422449192 0.00633371129496611 -0.116645691083598 -0.0781551545160505
0.0627991566267123 -0.00396718872593706 -0.220661989175398 -0.0630117584507104
0.0540820693731836 -0.0410595888636698 -0.27175218727206 0.0480683323802736
0.0282318125527071 -0.0671543016324183 -0.211450871181878 0.153909595731212
-0.00176241247769127 -0.0694876713838256 -0.122746693421731 0.187787527234271
-0.017488816696485 -0.0666960318359084 -0.0497011335892817 0.184877821378897
-0.0378327973728235 -0.0808848489199204 0.0154809718100631 0.158431536970261
-0.0145714386900489 -0.105349715144574 0.064352398609108 0.144206457377622
0.0214371491357154 -0.106488124765811 0.0931605379779092 0.127873491121135
0.068443159284619 -0.101996350018958 0.134239386692088 0.139135145728479
0.100558273691331 -0.0580370420063618 0.157658005837959 0.175242343330406
0.127627146442947 -0.00225913904326372 0.172911959148132 0.160590352651871
0.147707280698847 0.0505899018927752 0.197840116845941 0.14136040195193
0.161438468957279 0.127464334874567 0.0112093730885722 0.182614629665744
0.137773736029739 0.109313499625072 0.00370260308469212 -0.0179429891956557
0.159089139414967 0.0504403498037997 -0.15651652031204 -0.102596911476674
0.169373766969357 -0.00901880729537707 -0.245602957449775 -0.0680026214837321
0.134949800090099 -0.0775468674801592 -0.265789940418771 0.0444873595196335
0.0811666452284189 -0.123039376242397 -0.199658216397235 0.133347670638088
0.0226272743723964 -0.136808333191925 -0.115026474708845 0.150174761845358
-0.00723263359895719 -0.125498672886039 -0.0506572030482191 0.141290719067279
-0.0331631699164852 -0.142402725945621 0.0113907480472526 0.112860341432924
0.00523133703984198 -0.169465546809946 0.0635470153422532 0.0941483902412102
0.0581322464438958 -0.165064601472251 0.103694406404756 0.0812950370389321
0.135181668924508 -0.153309182909716 0.150516128384019 0.112681740343768
0.193047538572014 -0.0750553843755667 0.152802954836719 0.163470086473166
0.217751748288045 0.0345240399318682 0.13395935539389 0.138032346973608
0.229898767959437 0.120619984986201 0.140911466285474 0.0867872993872736
0.202809810792395 0.186349700252822 -0.0536708716450243 0.0989538447210648
0.208919828909131 0.172858861533367 -0.0423845639576404 -0.08364189359341
0.25874291211584 0.0770309674207032 -0.19263085138749 -0.133930813576641
0.262301575415967 -0.0312531498771306 -0.259895133611977 -0.0754294871535227
0.194277364827237 -0.118975926034011 -0.239924131066798 0.0341285867804637
0.116789368800819 -0.168481248994501 -0.169299331267948 0.0948299994439473
0.0385900456147937 -0.185321337411117 -0.09612635045349 0.0926830030949119
0.00359983144228358 -0.164982994818289 -0.0445028223009119 0.0772300169608486
-0.0214052296374019 -0.180911964107657 0.0103027132139847 0.0494451789671858
0.0292719062600838 -0.206210931661568 0.0631415988974292 0.029982687265742
0.0919060084323325 -0.195225222592025 0.115102089699731 0.0243787149747479
0.185034192755315 -0.175604538391276 0.162687862056253 0.0798648001868861
0.255245025688307 -0.0772704788590221 0.140936245240246 0.149667925764126
0.270622625026681 0.0698819870471544 0.0833577741010485 0.117971764633614
0.273177686855745 0.176088921088586 0.0672192734607332 0.0237272942294581
0.216548168288893 0.211995268339644 -0.121460370119044 -6.54139612798208E-05
0.252390807044824 0.199354191335508 -0.100765066299227 -0.149914939868851
0.321031157924214 0.0805514883072866 -0.219911574548335 -0.16015771614983
0.311323615046121 -0.0585705797882496 -0.252209527361715 -0.0827101039547277
0.217173883609164 -0.148704416781335 -0.195911779166062 0.00672803188262617
0.128503262691739 -0.191437655462901 -0.129389273755108 0.036938923921551
0.0448061523590359 -0.205070664695182 -0.0713522701708424 0.0201974915627328
0.0127225663451418 -0.1787304968426 -0.0318279270598869 0.00367976347282342
-0.00145851340972587 -0.191935702458255 0.0179798842555315 -0.0217752697082487
0.0581656891892189 -0.209860514085882 0.069861424152153 -0.0375651678224538
0.124221829892422 -0.189094269952327 0.130679279862641 -0.030945659406661
0.217776723165991 -0.157393422994725 0.170920622914601 0.0483380831022605
0.280469369894581 -0.0494426862696431 0.122837897097977 0.132104963697635
0.279073179475313 0.109217059291104 0.0300574501830864 0.0939534687744892
0.268576394020362 0.212919299969821 -0.00587186735625945 -0.0452519877683867
0.196030082797506 0.199567618387878 -0.184764394480589 -0.0930003203570666
0.247077833321691 0.187717747678253 -0.163408457909141 -0.197335400797202
0.316759304038297 0.0682647468327355 -0.228638245204985 -0.171387111530964
0.29787113612863 -0.071478603773372 -0.224143015480331 -0.0921638529307964
0.197845391013237 -0.148918287244998 -0.144037620211735 -0.0347704944743525
0.116522588506724 -0.180999039316512 -0.0916866296363359 -0.0320130970223171
0.0428306331109107 -0.191753764991298 -0.0480207337408397 -0.0543652143188947
0.0204670547037043 -0.164965682194769 -0.0143153228918454 -0.0686717172052487
0.0207319384644699 -0.174771220497573 0.0365530689927443 -0.0912038852441878
0.0832571393063309 -0.181522888896578 0.0920445138236108 -0.0962746029743232
0.144841032412208 -0.149950717251246 0.156700030186602 -0.0721881513620383
0.223875603011071 -0.104399910172799 0.179640806257684 0.0289982627086974
0.265776995445489 -9.85362772467453E-05 0.104144070713839 0.110904943732096
0.240801682539295 0.145268518476996 -0.0116457845623338 0.0625315831402303
0.220051680732964 0.224692335903892 -0.0641370144836837 -0.115265168358621
0.136341979890253 0.155206324932661 -0.228727606540638 -0.162257380323767
0.189006914957201 0.147768530366091 -0.213075674576197 -0.216889662104553
0.24689559211697 0.0495416295335011 -0.217317913823579 -0.172302027044498
0.224343554297526 -0.0607183946832977 -0.18446972429651 -0.104066348129204
0.144309507719092 -0.112306128012061 -0.100321702633335 -0.0801454800980868
0.0890692011567796 -0.134569938657975 -0.0665131423686138 -0.0964887436360197
0.0376491741646508 -0.145634744166791 -0.0306127507578472 -0.117535612607405
0.0248734256178583 -0.126548912074077 0.0064127439413779 -0.128166071344251
0.035432893061548 -0.132594390888286 0.0651341200189013 -0.146980379006166
0.089213040067129 -0.129202313246398 0.129546617732129 -0.13610430664284
0.137263728616693 -0.0932838293646463 0.193495908594665 -0.0896269100454304
0.192391496473508 -0.0437442730236664 0.189970584794572 0.0228921758887888
0.210496108866875 0.0444781847418967 0.0919064708064837 0.0893414091706844
0.168500644626507 0.158413542374849 -0.0325359065783528 0.0247653644192323
0.140533066060329 0.205179778217881 -0.0956470065462503 -0.178599195711699
0.048333512298592 0.0916376020754026 -0.244270528383816 -0.199397557099205
0.0911369656635692 0.0945642326591244 -0.235196890445663 -0.213025246190534
0.131844850837744 0.0366932354761 -0.192767065478506 -0.171726386330097
0.11816647011334 -0.0238113450953882 -0.150117840429141 -0.118429112774549
0.0760108355841342 -0.0465782406978157 -0.0771883438065524 -0.11656001048014
0.0571487071241311 -0.0613071824595746 -0.056259519134909 -0.140602051748724
0.0336918110736143 -0.0763472145944819 -0.0197328238643646 -0.156373213323105
0.0248586489143071 -0.0694660032945928 0.0264309145484581 -0.165681964394892
0.036151174507736 -0.0725507239798006 0.0963912208159666 -0.181647571287113
0.0660226735575528 -0.0670106674301878 0.171356257109373 -0.151983897135919
0.0944598095943911 -0.0411645515862027 0.231267651068786 -0.0846022682033206
0.125127963445626 -0.00570349568239554 0.200916182670438 0.0287138564051063
0.131010975754952 0.0577805062680152 0.0917014512076961 0.070925230903505
0.0853844744460797 0.13239270107153 -0.0310646182527876 -0.00678097830004754
0.0512751554343275 0.14915023962612 -0.101710912538919 -0.22377820614518
0.0251093963306826 -0.0358171242945244 0.131978076454909 0.221675223177206
-0.0201394858703234 -0.0491120193913206 0.0735359286622967 0.0294603102106583
-0.0484605020435187 -0.0329788982649685 -0.0812720700224968 -0.0641307720211787
-0.0387272223308199 -0.0025755477949326 -0.19015439089311 -0.0424696965354176
-0.0308680583205998 -0.00358245444569197 -0.243943116132522 0.0669138365274146
-0.0268355302573827 -0.00432508652756905 -0.181330834036028 0.166526466896708
-0.023631220671951 0.00613018845323337 -0.0933302921796622 0.198623375475461
-0.0240102538429178 0.00257059445603839 -0.0243016019906494 0.195148431794027
-0.0352539566737771 -0.00250098463320169 0.0332293833228222 0.169087208805664
-0.0367421999086329 -0.0202950878915102 0.0729179139387141 0.157507330270122
-0.027823586245728 -0.0295663678641191 0.0918167110304208 0.138068178463952
-0.0226279268580036 -0.0392127934923174 0.12811608033344 0.13433353199639
-0.0148224918360181 -0.0418874257152808 0.166418121667271 0.16159884237953
0.0143746867833997 -0.0490741391405962 0.194524944484478 0.164165555850763
0.0383015554201134 -0.0317731684051261 0.226685204290317 0.155543247194946
0.0993963261302206 0.0373150216464792 0.0827615725250826 0.215982655783597
0.0587591042575614 0.0209355593905136 0.0411706543580505 0.0207000046449725
0.0493277804873477 0.000593101836711111 -0.113451238023186 -0.0656853324788913
0.0586157635202885 -0.0100389137513254 -0.212029660565393 -0.0436456385798712
0.0477788963509981 -0.0428832173422119 -0.253244723536056 0.0651410983781635
0.020819351995028 -0.0659682509533318 -0.18894257129175 0.160380474105006
-0.00682615965443288 -0.0670293804586248 -0.102664534920152 0.18639216042044
-0.0207740931302637 -0.0624987924284603 -0.0331901425051206 0.178962920495102
-0.0411658084140449 -0.0731154582629254 0.0262890362959824 0.149020770042744
-0.0217784623520397 -0.0984132271653253 0.0711366041289089 0.131961622978307
0.0120467897792941 -0.102694938652793 0.097127557744533 0.115011323284077
0.0560590359155094 -0.100860007140489 0.13735920897065 0.120729991250071
0.0915821469553276 -0.0621559639278948 0.161368758832393 0.153057197066342
0.120822492549731 -0.012363733722969 0.173517224701797 0.13987743385519
0.1424430298467 0.0366103442531563 0.196817098157788 0.120554671912022
0.160563936773319 0.109263953881224 0.022299865813754 0.171651073892029
0.138509113710273 0.093092993989264 0.00256630895728706 -0.0184455768404293
0.153418436429699 0.0343490160282028 -0.152605685086785 -0.0852669187244496
0.159020845255255 -0.0236075535956724 -0.23608853397473 -0.0471969847538175
0.121129882212895 -0.0847691049633135 -0.247856702088031 0.0616557247331547
0.0665889723078045 -0.122841286643 -0.177605034164164 0.140113892407271
0.0104694536203539 -0.132100864167926 -0.0984586039096184 0.151283233472409
-0.0156796094165622 -0.118075403183032 -0.0375307889013405 0.138082836376396
-0.041946375174903 -0.130801718062247 0.0195818577028871 0.105805655969782
-0.0080431738562862 -0.160482657450727 0.0665761965791089 0.0846644459545686
0.0423014571016871 -0.161125343349828 0.104538045887799 0.0709663379333695
0.115090185365898 -0.154328394063777 0.150587663773486 0.094465666481451
0.177355341710845 -0.0860411402179271 0.155525757016266 0.142936015817402
0.208088383089957 0.0152520132332551 0.135806150729119 0.121704306082047
0.225411885231616 0.0953407420315372 0.139246421664769 0.0734405530427204
0.203766720964939 0.162129407265718 -0.0444594892115123 0.0972968234913365
0.209936024190772 0.147361838185261 -0.045763444269299 -0.0759656108267665
0.24935201236045 0.051488250265634 -0.18986177326646 -0.112742771043946
0.245328288930576 -0.0512104892112196 -0.250196947879115 -0.052900184973086
0.174374932859551 -0.129034301516076 -0.224040774041592 0.0491637633468407
0.0962189297901114 -0.16895637209353 -0.151990520521499 0.100991896943272
0.0221584239682906 -0.178664294393341 -0.0857432710998191 0.0946231164305354
-0.00866966429286439 -0.156361376242739 -0.0363135532127214 0.0765827170359165
-0.0334167129776154 -0.168007264800073 0.0141007197610901 0.0458291311981617
0.0112900125739256 -0.196967865978794 0.0612003986395037 0.0245945511258296
0.0718258650543561 -0.192437316230291 0.110597762459004 0.0161380624092719
0.160418545505386 -0.180050155535042 0.160266671229287 0.0623649553016549
0.235082722797324 -0.0926333097996022 0.143766432500264 0.130709953153048
0.260869080539189 0.0444655043060765 0.0879643643229251 0.105735498903773
0.270228460052926 0.142860732836523 0.065727508662703 0.01888761215179
0.219661055679876 0.185303025252514 -0.115513707981872 0.00908739717742276
0.251801623333593 0.169319868341529 -0.10512920995074 -0.133352782200206
0.308089648194123 0.0505892719674543 -0.216132301795615 -0.134311214039602
0.289524167320119 -0.0804809598663241 -0.243271760918743 -0.0608203607644852
0.194049945239611 -0.158371940600267 -0.183973963156281 0.0201656252855657
0.105950774841793 -0.191396538663406 -0.118792190864101 0.043723775335108
0.0268594447995714 -0.197217038342158 -0.0682847344839032 0.0241569223462837
-0.000856985895641782 -0.169375266358428 -0.0299701378452784 0.00577637914849223
-0.0161886276676146 -0.179476497196548 0.0151645881135936 -0.0225321029979515
0.0383547523949032 -0.202449332155263 0.0626827367806237 -0.0401161093544055
0.10280154745721 -0.18917454241812 0.120539040944923 -0.0370531631894348
0.192540696849579 -0.164403491055796 0.165516569837309 0.0329344588192121
0.261644667198758 -0.0692284475115999 0.12532541291384 0.11552087140792
0.271318304515505 0.0816900774003898 0.0363991316830037 0.0876295357094936
0.268876311711852 0.177401478168414 -0.00853934005973732 -0.0409664846435086
0.198447690207961 0.174389992960487 -0.18073623781379 -0.0741577888413032
0.246042859261762 0.15906462194067 -0.167701162822251 -0.173404621169073
0.304083460496606 0.0392112204897344 -0.225917585415535 -0.144739844944556
0.275744664792864 -0.0917813620330159 -0.217438914090969 -0.0711495796090452
0.175898170139513 -0.157025128832422 -0.137755567801909 -0.0232948512565443
0.0960218149462634 -0.180533801416115 -0.0884629972976537 -0.024106038130458
0.0263872335317488 -0.183465221354682 -0.0521680569141267 -0.0481179718249804
0.00731859347314144 -0.156977695154471 -0.0193339914438197 -0.064215939887978
0.00605719665244532 -0.165116206578315 0.0279412104092634 -0.089291231046926
0.0643661392052124 -0.177382222142715 0.0789958843415398 -0.0974567414916837
0.125351885584663 -0.153689924788655 0.141904350623411 -0.0783978776353124
0.202096865788952 -0.115447061199057 0.172633923313479 0.0129517457923977
0.250596874867008 -0.0211089022309927 0.106140665671296 0.0978965613316447
0.237216284832549 0.118093051766713 -0.00527276550994807 0.0608722708968936
0.22310950966247 0.192905262372804 -0.0680254634093854 -0.102867499922624
0.140189039356554 0.136284888578809 -0.227872928253498 -0.137458872307344
0.188882633852724 0.124077420680103 -0.215464165950234 -0.188300372758601
0.236690725392098 0.0272022024913032 -0.216472969853783 -0.1462724922782
0.208038938006823 -0.0747592970801755 -0.181313183412179 -0.0849890617980839
0.128813420109921 -0.117868299010264 -0.100170372687557 -0.0693467718019015
0.0742619452420159 -0.133745610382912 -0.0688056759491706 -0.0872440316306713
0.0248451020552988 -0.13994300565998 -0.0405554949912568 -0.10981681520059
0.0142336233062663 -0.120655453492481 -0.0041597778423509 -0.12289299718796
0.0238695715862246 -0.126767637052675 0.0505306863772185 -0.14408792042539
0.0736108221376308 -0.128118847069297 0.112326416925659 -0.137395604486108
0.122826271739414 -0.0991277462153669 0.174988270953133 -0.0985663539641984
0.177015464161391 -0.0555257941925903 0.182240359237101 0.00697271472897306
0.201727871586702 0.0255743045495989 0.0932538368475289 0.0781258760095045
0.170202056540577 0.136791613976934 -0.0276309588877237 0.0271120706516991
0.147759502746029 0.180018859376472 -0.103073858280136 -0.160663906215969
0.0519000617473481 0.0824173999174576 -0.244604087435432 -0.171633440343983
0.0929278752126322 0.0821255763280304 -0.23583359434309 -0.182415038715244
0.127266716428065 0.0243500352072978 -0.193311932775146 -0.147835615056925
0.110670334570197 -0.0320790777932692 -0.149312480766431 -0.101037783920156
0.0698694040303373 -0.0498347543182471 -0.0809743787152911 -0.105865671759431
0.0497477660159479 -0.0624960276229536 -0.0635897767133185 -0.12954485206042
0.0259957921468043 -0.0738218415819863 -0.0325847118068199 -0.147756794296968
0.0180075509733362 -0.0667459235981541 0.0119172964303795 -0.1604544535446
0.0285290769612025 -0.0702738437497231 0.0775368209770077 -0.178300277117436
0.0569337138036496 -0.0673384432027829 0.1503621728922 -0.155532516483652
0.0862415595935646 -0.0460412372288495 0.210923636537517 -0.0967360498066273
0.117308968223549 -0.0146827285717285 0.191729472403453 0.0124984425662826
0.127268522934906 0.0445997240845384 0.0914887470365815 0.0613778558444925
0.0891079904159347 0.118669482682706 -0.0276584043877058 -0.00259371405703384
0.059775384625049 0.134684513203144 -0.111337784418817 -0.202714273622956
0.0235226963884258 -0.0348746562415926 0.159147515946945 0.176787164130514
-0.0240367679264379 -0.0424515787704655 0.0729047501783422 0.0117658516386325
-0.0499300394834154 -0.0220389302290331 -0.0866509057950462 -0.0493775286202431
-0.0375822811935039 0.00711084152093915 -0.184937205504893 -0.0107193297698961
-0.0278278529026317 0.00663428749210562 -0.216273285445715 0.102851107316395
-0.0237237592145291 0.00210388957022749 -0.142808577138424 0.183833833769354
-0.0186334395845237 0.0086204300913488 -0.0570867233781412 0.200928434547328
-0.0203085812595866 0.00549617052620195 0.0090587691546853 0.185359768866242
-0.0309559897203197 0.00240116923265111 0.0596129079410647 0.153143178339027
-0.0355964918341138 -0.0126530039069552 0.0964140824592332 0.132653992086708
-0.0276915528139686 -0.022967086871826 0.108860379225834 0.112041349856034
-0.0246691177552473 -0.0303635430932498 0.139926987663345 0.101968735534821
-0.016752419543884 -0.0342182368750114 0.180538246570471 0.119194417586004
0.00783478904156642 -0.0435455170284307 0.205607626913636 0.117060673187492
0.0351149112541139 -0.0324803213592371 0.231203619974243 0.109596862293245
0.0990508465855763 0.0226988369032987 0.116610593601945 0.18418944580116
0.0568025654078534 0.00994967153214123 0.0433921052679211 0.0119458039750403
0.0416208256558271 -0.00615294473907097 -0.110888000503015 -0.041162594523307
0.0477864167647676 -0.0150194782008951 -0.199202792400129 -0.00482970119364116
0.0364540357532459 -0.0412118204554482 -0.220465073645999 0.100488208717629
0.0103055038678072 -0.0612837130064038 -0.14852084552933 0.175717964431059
-0.0147144142626445 -0.0598816046518532 -0.0659336759307816 0.188040428156753
-0.0259980039333427 -0.0543761736306451 -0.00102618810552927 0.171394975456997
-0.0457928732969853 -0.0612111387729926 0.0517236560651993 0.136013357735493
-0.0334289237903207 -0.0870041416744792 0.0912391275052139 0.111111604279433
-0.000332398979452254 -0.0950726697837728 0.110007054819255 0.0904323136039432
0.0388871205937448 -0.0988754092903082 0.145435054842099 0.0892826477175168
0.0768232423840751 -0.0672009267950781 0.175966044572924 0.112895352343829
0.110609352765364 -0.0267348847608517 0.181165848386523 0.10068441926167
0.139290035525512 0.0158561702801125 0.198300451201251 0.0834851644396686
0.16166797742482 0.0798497401729903 0.0572719391323336 0.158336826933182
0.137964271164108 0.0636437950146316 0.00415921236174234 -0.0145941783623647
0.139722798344195 0.00916842119384973 -0.143649747470811 -0.0486246202970063
0.134543537560635 -0.0426623920543473 -0.214965392625075 -0.00115293235900915
0.0961758274446361 -0.0901480773658961 -0.209889832512332 0.0936417036617195
0.0439189971858324 -0.120061278853961 -0.139735780468734 0.152603783111956
-0.00915850326933777 -0.121096851097023 -0.0667533946081944 0.151694790578153
-0.028763638624777 -0.106354875614137 -0.0114785868277067 0.133218513357518
-0.0559603005759433 -0.113280187809065 0.0383762956520011 0.097326832577446
-0.0296876081666744 -0.14631026379674 0.0798425530548904 0.0683979833499678
0.0199634695265105 -0.153134702629942 0.109148322973627 0.0494882533694493
0.085690734623721 -0.156934971224236 0.153057546620497 0.0644049602182038
0.150892007440326 -0.100201124109543 0.17005067242638 0.105518216533984
0.19318490630523 -0.0150808641208127 0.142800342622001 0.0913619570775785
0.222143565750638 0.0574692380121834 0.13795535894051 0.0490835224106966
0.205406961880633 0.121929885211644 -0.0150125086486605 0.105182516425339
0.208932129268282 0.102019019211208 -0.0475052993410946 -0.056326527241629
0.22696361393174 0.0110704144747574 -0.175604641804088 -0.0645228413758504
0.206784806932405 -0.0808482746125598 -0.222525960988134 -0.00232303256564351
0.13766993403259 -0.13857868472899 -0.186508227152613 0.0759915594650774
0.0647350757482645 -0.166762942418743 -0.119481917499188 0.110550909731623
-0.00593299358107685 -0.1643372999484 -0.0622842563657848 0.0955777629224049
-0.0276910021596455 -0.141498497821545 -0.0205700305190744 0.0762989360065149
-0.0538823226888138 -0.148341439089364 0.0236155546679005 0.0427409396981563
-0.0179434105896304 -0.18321038029024 0.0651255680402762 0.0143615852170283
0.0423335943585709 -0.185841704353272 0.105528621634658 -0.00183796790031093
0.123344222454459 -0.187545670715933 0.156118112436611 0.0341802162285617
0.202911330622149 -0.114394105497556 0.157830298499272 0.0972687157059542
0.244982682392803 0.00301211889972234 0.0954756641924837 0.0861850373024054
0.268168287063364 0.09392704176485 0.0618064745292019 0.0109422592389046
0.220635135495016 0.140896753953527 -0.0945543549608383 0.0381248844769935
0.249011721904265 0.117068653474903 -0.110855526215056 -0.0968981225768812
0.278843631442415 0.00191373699698257 -0.200444820549626 -0.079223282995219
0.242818176283385 -0.11424289827925 -0.21458443482531 -0.0109239904340946
0.150389688462563 -0.169087526814612 -0.1530978480273 0.0400813473807025
0.0701663749444709 -0.188950733188728 -0.0979154849324676 0.0505102968177938
-0.00498173410004586 -0.182193783210012 -0.0568982667133997 0.0262361073536269
-0.0221589049554025 -0.154733362542985 -0.0262262436845709 0.00900244696437404
-0.0398929757244897 -0.161715247608417 0.0134483644420055 -0.0211261219319846
0.00604812811453389 -0.192057053820145 0.0552293722091168 -0.044766704155255
0.07039374978275 -0.187076418939222 0.104777289528698 -0.0522225637172988
0.155194783225968 -0.178038989653318 0.155655675971513 0.00591962054646841
0.229024843077892 -0.0961868899518666 0.138369021248984 0.0880164368410318
0.258142908650575 0.0350345118719671 0.0451941952794471 0.0779965757701174
0.269814733395658 0.125262082131357 -0.0157904919504272 -0.0326125880398171
0.198222136550966 0.133422848628886 -0.169532540665196 -0.0278139692880383
0.24124155490219 0.109096153897982 -0.175126882269033 -0.123597532530441
0.272935808318387 -0.00733793123783133 -0.211330725562934 -0.0878697463690727
0.228957677654014 -0.122183649386834 -0.192121939586111 -0.0262687105106618
0.134486533664717 -0.165639356227469 -0.118670299707976 -0.0075447083513252
0.0615503278758946 -0.177667902964405 -0.0816425810173344 -0.017139515716885
-0.0043999705985645 -0.169667470706941 -0.0536771583204436 -0.0440639406070377
-0.0135530632721843 -0.144676159531232 -0.0276352786741698 -0.0581164021363667
-0.0179373266601367 -0.151817284610198 0.0132280255892414 -0.0854678581657525
0.0322052537623948 -0.172982643747377 0.06010359961053 -0.100719586075268
0.0959727934348517 -0.157802967131937 0.117533891111784 -0.0944676440899327
0.171213704937793 -0.135050578760761 0.157943059423159 -0.0137037703892673
0.22437396708364 -0.0509595022937182 0.117483686335549 0.0751352054212099
0.232247013385513 0.0734629132204195 0.00221035576863481 0.0597974013216714
0.229334987213233 0.144416474300971 -0.0798416675531027 -0.0813591623978037
0.139161078745579 0.105693260019449 -0.225983405161131 -0.0791951362596303
0.1835081874186 0.0864640329797338 -0.223650111719747 -0.129977902923235
0.211518845925063 -0.00839091626310742 -0.207577764267592 -0.0924733904011025
0.171253040245327 -0.0970057243290576 -0.165386598557355 -0.0462845325230376
0.0973552056622219 -0.124547713535229 -0.0946234134196603 -0.0548114819824527
0.0478342835963759 -0.132410603709313 -0.0754521695032913 -0.0765643480779285
0.00109857796069887 -0.12979236334087 -0.0530966198593148 -0.102178140432912
-0.00283030142764827 -0.112076210486051 -0.0233930239604133 -0.114577693570944
0.00276445335993235 -0.119718076396654 0.0237653796078645 -0.140703728565004
0.0491779438646348 -0.12956690293549 0.0823759396358418 -0.144323458637942
0.100590828981347 -0.108232839013388 0.143602100794788 -0.118968430530416
0.157279165062723 -0.0760323328914748 0.165600626517399 -0.0222703252649557
0.185944218475043 -0.00220202924547247 0.10126180920976 0.059595550952809
0.173645992965929 0.0997489945737652 -0.0231378204130579 0.0312247118197
0.156914727284284 0.142845658081273 -0.120208642692113 -0.129913750453386
0.051984652728524 0.0679407263937121 -0.252245854156257 -0.110951197133711
0.091246055838582 0.0629093460814463 -0.245080476317695 -0.123976746072548
0.113643545255574 0.00465517483802776 -0.194474893898394 -0.0992759973049575
0.0917115057665065 -0.0445144388941466 -0.146165276499856 -0.067520950554131
0.053849340341294 -0.0546244423762002 -0.0877568273329192 -0.0876473467105815
0.0353607629785336 -0.0636723734019019 -0.0787840482730841 -0.113543244032257
0.0111299586315369 -0.0700891557486063 -0.0528279671495114 -0.137143505287253
0.00747613815749282 -0.063175928594402 -0.0147565759534668 -0.151880448258753
0.0152648992812305 -0.0687281847627952 0.0419906440130728 -0.178126150720576
0.0427691104940773 -0.0711134881797558 0.113742823588492 -0.168724655917775
0.0740442928261585 -0.0542454060402469 0.177594102201785 -0.124801176124931
0.107674020964212 -0.02964007413954 0.176516812833184 -0.0198241622729898
0.120918372418835 0.02482404337612 0.0955227221166108 0.0434999595290192
0.0981638485034021 0.0950021259157463 -0.0277014448740777 0.00309546965206328
0.0701477553191898 0.11296799624091 -0.133260792034508 -0.167480730570601
0.0225747640768857 -0.0335812228102065 0.147847487604852 0.167755855409848
-0.0216620117463783 -0.0404698751433469 0.0685958494099287 0.0101433620745514
-0.047019473599624 -0.0206844893044543 -0.0800819264967838 -0.0479838269912215
-0.0358407870415364 0.00638483224940795 -0.173167610646722 -0.0116809618220123
-0.0263526944021667 0.00610575487028382 -0.204748739828098 0.0953606258738537
-0.0232636334765088 0.00188081742502167 -0.135368243842276 0.171505089026965
-0.0180904451799794 0.00735267653447 -0.0534335799689888 0.189228319484518
-0.01918926603491 0.00418765282680801 0.00910883891497528 0.17607856215964
-0.0283576031880732 0.00161471993822555 0.0568805882425182 0.144861725606482
-0.0329841291589128 -0.0124059973479618 0.0908572152770386 0.126408246357772
-0.0259955234002071 -0.0214243195802095 0.102444351998736 0.106031002689568
-0.0231105116558978 -0.0289950753217742 0.130096621435537 0.0966150138731468
-0.0146769239323848 -0.0327042157707856 0.168923339004414 0.112004904007559
0.00791196795916153 -0.0409669514607444 0.192180352700944 0.111861698597511
0.0332629001824593 -0.0294996196953266 0.217529753993836 0.105804541521556
0.0930268399128073 0.0213073010895587 0.108045606916804 0.174580954688708
0.0541980421398588 0.00901349403010848 0.0410803716904655 0.0106045538299855
0.0390267002230165 -0.006088258233022 -0.102496543813939 -0.040670928544152
0.0444144968046735 -0.0148718604656281 -0.187076406589408 -0.00659694422988558
0.0341391355169212 -0.0392879600823597 -0.208631865556674 0.0934386495166089
0.00937728796407529 -0.0577197027582632 -0.140573416136591 0.164373342360447
-0.0143167734309458 -0.0572715484716316 -0.0626208960856115 0.177051938634975
-0.0239609899681509 -0.0522874935819621 -0.00101889536894619 0.16289800225791
-0.04257139180866 -0.0581540600126349 0.0482952596671704 0.129178705407823
-0.0308914596807916 -0.082560581619326 0.0861181044815715 0.105479267180042
-2.28546194590605E-05 -0.0896561636586086 0.103927629680714 0.086090431213688
0.0370474289176005 -0.0928570053494061 0.135680116339359 0.0836352900383505
0.0732688690391089 -0.0635202555651559 0.165323959148977 0.106781434041371
0.103655369128906 -0.02476773309796 0.170507719698924 0.096297696905251
0.130357153042529 0.0149603286977109 0.187131619362067 0.0807321856053094
0.152135274019514 0.0757953410765163 0.0525780321491544 0.149984826671705
0.130195330799462 0.0609674303666654 0.00423065939681758 -0.0143411856581017
0.130578365180891 0.00780368798889006 -0.132995510932257 -0.0477466638921551
0.126573156163948 -0.0414103100588098 -0.202360029832179 -0.00287867690729124
0.0906894421157263 -0.0862377497282155 -0.198638012428212 0.0869095133193284
0.0408933852876681 -0.113080823379512 -0.131683923915283 0.142364470092238
-0.00914369099206084 -0.114823138856688 -0.0637880660939912 0.143059640254309
-0.0264973964071403 -0.100961179879054 -0.0111431691232851 0.126872352672707
-0.0516402055449761 -0.1066867558447 0.0359540892516075 0.0928381624274314
-0.028354999504105 -0.138426616414125 0.0753438917315126 0.066181041751919
0.018681858891242 -0.144428091975394 0.103371729023844 0.0482485359365388
0.0806065251088615 -0.147633170583894 0.143861268736939 0.0601766810366636
0.143064237565899 -0.0954663252972071 0.159270223184168 0.0999861693307798
0.181496711348824 -0.0138486081494853 0.135043870355595 0.0868794804586673
0.207679676066497 0.0540856170575999 0.12998463644286 0.0485136189289526
0.193424078991097 0.116280993922919 -0.0149334701670114 0.0997989721990081
0.197419271687612 0.0970709320047378 -0.0432481440520248 -0.0538590056982294
0.212715973996413 0.00977420120786297 -0.163417010696146 -0.0625404247404673
0.19463793443862 -0.0775172902006779 -0.208520193652417 -0.00375212308684733
0.12884108412452 -0.131736221736486 -0.176410487272568 0.0699807530637256
0.0602178545132172 -0.157750867672573 -0.112914054723154 0.102675156886084
-0.00577801642552252 -0.155150914674165 -0.0603469536424605 0.0901199103878614
-0.025140351334438 -0.134490110805393 -0.0197799722771581 0.0720125734316181
-0.0499207461350042 -0.139424495995193 0.02183301067349 0.0408756209458593
-0.0165633269062482 -0.1725837678685 0.0612881619692018 0.0149912087623589
0.0395091982054195 -0.175981510758783 0.0991420751814771 0.000545594781795545
0.116209651058954 -0.17615065518856 0.146029140848863 0.031458594553876
0.190753492226301 -0.108089562620787 0.148393222656241 0.0923559024807826
0.229603566884852 0.00292381961843094 0.0900302755468969 0.0823620211242694
0.250593105405192 0.0881167089955648 0.0587268756740916 0.0116103369019646
0.207618470441739 0.133428211086576 -0.0889804325641461 0.035890847393929
0.234426996569152 0.11068071734946 -0.102286210194139 -0.0915470168363146
0.261228345743613 0.000965298627909023 -0.185814971504361 -0.0757933868530368
0.227937906352144 -0.108473346634775 -0.201073049806243 -0.0120497689003489
0.141392240933583 -0.160622707353114 -0.144460660404988 0.0363423311416149
0.0655820654699741 -0.178633327276695 -0.0927751623879842 0.0461005160469135
-0.00496563620559651 -0.171273102263249 -0.0558886790061818 0.0245687693774466
-0.020129293486877 -0.146255522585264 -0.0254800000841266 0.00815502302204995
-0.0368199819994841 -0.151826510085597 0.0121063662486782 -0.0199651173124037
0.00499948127372945 -0.180548143268152 0.0521876373658483 -0.0410806644547528
0.0664219737612533 -0.177794735178444 0.0991657765852196 -0.0476129176662083
0.146312687685525 -0.167282392396754 0.146529264869381 0.00512788715620158
0.2154842480662 -0.091609332790002 0.130790055033565 0.0827704447927746
0.242872787895012 0.0333825497685136 0.0432385638622073 0.0741225723001354
0.252268205113498 0.116789593318327 -0.0145241337194985 -0.0297213887160051
0.186670541501309 0.126141014269158 -0.159527530967979 -0.0265944177400775
0.22677900257305 0.102939066741176 -0.161971449532566 -0.116660939050973
0.256655617929481 -0.00786531962661891 -0.195952254392781 -0.0833592420790031
0.215684427850084 -0.116265254777855 -0.179987481788893 -0.0256618164549666
0.126562639143582 -0.15754889413392 -0.111726684039916 -0.00850405042452796
0.0577527599350778 -0.168372758144121 -0.0770931959551068 -0.0182453817579193
-0.00326743312230979 -0.159615403452901 -0.0528999399807072 -0.0420755213941146
-0.0124804083695834 -0.136500661868154 -0.0272607942351377 -0.0553027186669794
-0.0158715018864405 -0.141876105474579 0.0117981902400345 -0.0812026450190525
0.0310667963023884 -0.162480618284388 0.0567396149749592 -0.0941202577227253
0.0903605217048853 -0.149665901286767 0.111508122499449 -0.0870976003690192
0.161121762300914 -0.126230887841317 0.149312820315336 -0.0136412731682187
0.210858871133144 -0.0491189002722878 0.110665127835473 0.0720920907237242
0.217909112011605 0.0697978572557368 0.0030853616552847 0.0569051517018815
0.213629546134238 0.135222041733525 -0.0743037018945165 -0.0758553219146265
0.13052645938669 0.0997417937245372 -0.212558144205583 -0.0768493549217235
0.172133655799192 0.082180148561523 -0.20766765548035 -0.12277038623425
0.198376380707151 -0.0082054829511028 -0.192817614110521 -0.0879665657446149
0.162287329410866 -0.0928563747036503 -0.15459136854135 -0.0449216473189702
0.0918522905992614 -0.118109539530904 -0.088920591079928 -0.0534650953380041
0.0452751232057289 -0.125407782716868 -0.0713819115809929 -0.0739651376946114
0.00161766523522809 -0.121696994805083 -0.0519069537452371 -0.0968208874043154
-0.00245158951990122 -0.105400004955644 -0.0234416239630557 -0.108674314984339
0.00364584092806113 -0.111711423446817 0.0228239829241715 -0.133185732144407
0.0460560592093348 -0.121625487223089 0.0780468275353262 -0.134664094438523
0.0949546531547605 -0.102201819749606 0.135914510415714 -0.1104801454537
0.14778783386911 -0.0712789484799797 0.156041227469871 -0.0205832628783905
0.174281305065939 -0.00246895116848411 0.0948952257812637 0.0573570594126916
0.162664994776778 0.0941744117658557 -0.0209639790570533 0.0301297462950123
0.145548935537707 0.133046835315147 -0.111574995850243 -0.1211711020167
0.048721912839727 0.0639370347176993 -0.236607620621518 -0.106880921750544
0.084969441775113 0.0589210566953038 -0.227823222540926 -0.116848393292867
0.106961762491511 0.00359696738249852 -0.181323474153358 -0.0942215666871484
0.0865859574886791 -0.042780871753837 -0.136369891175371 -0.0645601160117575
0.0512988790655443 -0.052336269878389 -0.0819229857656634 -0.0848021724696769
0.0337026069166394 -0.0605380230924762 -0.0740042414865632 -0.108088400172105
0.0109504890094993 -0.0654054808886393 -0.0514326383752768 -0.130308733713187
0.00719652770611635 -0.0590829815486437 -0.0150661274030041 -0.14465060378448
0.0144570466967661 -0.0642955062340834 0.0402395109282233 -0.167769278908475
0.0406557282814717 -0.066485118017002 0.107729350580996 -0.158251406204128
0.0701591737681937 -0.0517457640522799 0.166758311958124 -0.115857386688876
0.101412837881975 -0.027232987301786 0.166336766774999 -0.0177421785085374
0.11297870375707 0.0232952760812797 0.0896936157279988 0.042651056608062
0.0916392462998547 0.0897990288324895 -0.0251610365875246 0.00334061173689924
0.0656363275003469 0.104391857139585 -0.12436431206119 -0.157371772302118
0.0226690366398859 -0.0332350696108794 0.139348355723252 0.16715605698393
-0.0204285802775662 -0.0402220129831027 0.0661093808664538 0.00982630817044993
-0.0458311468859031 -0.0212833881832207 -0.075402955153168 -0.0504878757710132
-0.0353183412348264 0.00553570463011651 -0.168587182491173 -0.0164327061745022
-0.0257141222444788 0.00545724727990559 -0.203285302200798 0.0888872763966835
-0.0229621916118606 0.00167956948649445 -0.136936585875778 0.164148618710969
-0.0184153968787724 0.00550734161905155 -0.0557528451418316 0.183064320597441
-0.0187785285595181 0.00303351841814895 0.00608118080827878 0.17355193174933
-0.0274460392909806 -0.000106212900355961 0.0522746613937481 0.144570645817317
-0.0317408981355105 -0.0133629923983871 0.0869485657573792 0.126151066123703
-0.0247695603881064 -0.0212831830330137 0.0977760019182777 0.106316473516555
-0.021659101954395 -0.0286097309726654 0.123419552614942 0.0977054442003944
-0.0132391641874459 -0.0328777878666514 0.161925903743903 0.11280439003372
0.00898136383125897 -0.0393910430067293 0.184683197226104 0.11407883541669
0.0330933572865376 -0.0266116478520303 0.211154080048832 0.110235627231223
0.0900562042303955 0.0225172848173759 0.101682598952002 0.173795616369345
0.053130657675723 0.0102139701710006 0.039800875548799 0.00982751188050689
0.0382938162864046 -0.0052829007708709 -0.0978348308196653 -0.0436433869047627
0.0432139456896753 -0.0145244056388634 -0.181802935362119 -0.0118379243870761
0.0338786774481945 -0.0383774002618001 -0.205995152011733 0.0864017237782221
0.00990397499464087 -0.0563845212196115 -0.141337430631169 0.156763020274544
-0.0131244121710424 -0.0571035114186832 -0.0650813023445049 0.171892150355565
-0.0220000297932431 -0.052481032017069 -0.00393304041188794 0.160766251149292
-0.0398173519446373 -0.0580565218639964 0.0445833587674897 0.128874440171597
-0.0279522377475621 -0.0819463672871411 0.0815058062628887 0.106411187148746
0.00164939529669041 -0.0874599226698123 0.0995888971907948 0.0871954719144998
0.0383502539344261 -0.0895721604508953 0.13019671453444 0.08521904100124
0.0735615011080717 -0.0618628136996172 0.157891654175511 0.107893383247098
0.101952426326478 -0.0217541381805449 0.164482616234506 0.0974778830164185
0.126675173106854 0.0186124620198442 0.181561866854103 0.084842898543251
0.146823753552876 0.0773010015411576 0.0476013305648249 0.148922183909924
0.126692541484855 0.0625888109989404 0.00507578082713897 -0.0143018357510313
0.127012072786851 0.0094957970581722 -0.127084192325488 -0.0512326424028411
0.123938770164432 -0.0395515607156033 -0.196921114453222 -0.00888216118738793
0.0895939408248751 -0.0840856906897213 -0.196411253802362 0.0802831710801517
0.0411386967865462 -0.110328700680005 -0.131973866886104 0.134761554219135
-0.00655550883015453 -0.112642441125332 -0.0662727951978946 0.138904240693476
-0.0235968971930741 -0.100071091160102 -0.0135406382635774 0.12453013719751
-0.0470176905645878 -0.105668769017837 0.0332603268090163 0.091794618871703
-0.0241904112670393 -0.135625938787526 0.0718227800013255 0.0673749057651271
0.0207796622534649 -0.14103739041776 0.100069138302012 0.050343837030385
0.0822308471378253 -0.141972087172898 0.138218390444313 0.0610237025364317
0.141759777462034 -0.0914314630641411 0.15369872694853 0.100965516165538
0.17679789067957 -0.00926672548888509 0.130594079706333 0.0883940234064593
0.200859419171919 0.0575025360429384 0.126906878339616 0.0518721074816816
0.186229124231563 0.117175809990162 -0.0160237237574349 0.0975538546964679
0.190854018045336 0.0996411303133095 -0.0401527290559307 -0.0538627507968159
0.207242080443962 0.0125614440985572 -0.155965375571141 -0.0659429056770535
0.190609756866757 -0.0736652205796196 -0.203546203924869 -0.00997673151394663
0.127684008404731 -0.128321986200979 -0.174238675897289 0.0640134180305423
0.0608199592423808 -0.15286687454927 -0.11317842089106 0.0958932640384385
-0.00253098916947722 -0.152018119535769 -0.0621769470279431 0.0869536435129863
-0.0219195842685138 -0.132718032547692 -0.0212855937578095 0.0709167725273345
-0.0445362676944009 -0.136909097863802 0.0203649957313132 0.0400345597755602
-0.012970335440174 -0.169123550419421 0.0594559774550443 0.0168465191726767
0.0422797709782598 -0.171458880145788 0.0978910648405452 0.00383412370195873
0.116999597462435 -0.169470272812199 0.141824942382349 0.0333878168946175
0.188272266568473 -0.103277838577628 0.143240643104603 0.0935808460776709
0.223242431672254 0.00800505366706186 0.087391114006895 0.0829677260110634
0.241389745495641 0.0911222412960464 0.0574248018246642 0.0138419583878394
0.199914990223067 0.134554185802525 -0.0863113326714673 0.0326367358843801
0.226709201327132 0.113935248958775 -0.09626162644676 -0.0921511417911879
0.254917877023383 0.00516353188404396 -0.177888955383979 -0.0790681427175923
0.224037988813627 -0.102950153496262 -0.19534609720847 -0.0168757174464313
0.141351018782584 -0.156191406816164 -0.142341743236069 0.030832762234298
0.0665685621420225 -0.173864084607213 -0.0912795705254194 0.0413159238564112
-0.00111542796043208 -0.16754996155856 -0.0569209251599949 0.0226325701955442
-0.0164667996734138 -0.143766191055688 -0.0262665582104844 0.00829725598216078
-0.0315438659493613 -0.148163272454545 0.0123088562692822 -0.0194884632524473
0.00840381321454559 -0.176562967541823 0.0520308341873756 -0.0381374270839146
0.0674245933971829 -0.172521579562284 0.0988554715178661 -0.0427277818984131
0.146090299279327 -0.16057237399109 0.142706551739338 0.00716599650828334
0.211603045071088 -0.0865063600183375 0.125698795753359 0.0852623113315095
0.235403018423325 0.0382063026835826 0.0420032559722671 0.0739173757026375
0.242069108964125 0.118791062137932 -0.0124476420977891 -0.0279422109326404
0.179330899906367 0.127783412919409 -0.153429908105727 -0.030308377181062
0.219395796900081 0.105535801518035 -0.153422088371663 -0.117577769146237
0.249967098014313 -0.00284488809384531 -0.187907378247218 -0.0864116353954411
0.212601896254019 -0.110827786419028 -0.173921032023911 -0.030730389385452
0.126748402730825 -0.153004011398934 -0.109042140873525 -0.0128842676707964
0.0592902387973158 -0.16422370209254 -0.0754413712441221 -0.0213541179972263
0.000257627515959947 -0.155797741453819 -0.0534334548654252 -0.0417210611167515
-0.0085652806464546 -0.133763717981539 -0.0272842106803071 -0.05500411693981
-0.0118756748028697 -0.138500560149858 0.0129798067311375 -0.0793108925659434
0.0331967803720179 -0.158282009857495 0.0576375816355073 -0.0898867227094789
0.0908640948703601 -0.145147777693099 0.109969674645828 -0.0810317589050216
0.160023119108872 -0.119980466686776 0.145761476099642 -0.0108833312425659
0.206571736995661 -0.0442704033582574 0.106952255205367 0.073917355047702
0.210768452838884 0.0731059154020088 0.00299418206844734 0.0558019250989879
0.203909409773221 0.135094988087084 -0.0705253123672341 -0.0747937955759689
0.125831451331291 0.100046928950006 -0.204782562872165 -0.0809936709716373
0.166520416303834 0.0834316970835382 -0.197067282490294 -0.124791871426394
0.193621167814107 -0.00449379289998542 -0.184659565028152 -0.090975684249645
0.160074781444597 -0.0884888151510096 -0.148949820169211 -0.0480977889265564
0.0924249679620817 -0.114518867962753 -0.0855442868249188 -0.0559205510996789
0.0463363516776124 -0.121934571540988 -0.0680766630522037 -0.0753137045074139
0.00395433800501243 -0.118512852184226 -0.0512913029842527 -0.0965217516226321
0.000266930827504782 -0.102961747101479 -0.0223133970974005 -0.107506079530668
0.00596177284065343 -0.108694891421257 0.0241624082180983 -0.130235159060039
0.0470081238519487 -0.117515215812827 0.0791500814546045 -0.129940368255
0.0939788497688437 -0.0990199956705921 0.135399130814869 -0.103634069679635
0.145624560589637 -0.0661646133714641 0.152678423543496 -0.0171274263881922
0.17002376788179 0.000626268083143183 0.0918846525683494 0.0591216536114823
0.15646441106157 0.0959100358244646 -0.0196638165168888 0.0291766408298142
0.138764686902534 0.131923788303639 -0.106058747389025 -0.120535841441772
0.0461633827234497 0.0632699974915981 -0.228526410382013 -0.112042978969599
0.0821249561761917 0.0588973226946518 -0.216682406274062 -0.119783833208854
0.103888707305271 0.00594694290942976 -0.173164202951465 -0.0967915039974672
0.0861575355126689 -0.0408430354864956 -0.130608488090297 -0.0663306127160947
0.051476620592546 -0.0506256225839342 -0.0780920467720525 -0.0861642983708442
0.034320903956792 -0.0585474648305061 -0.0703639388008096 -0.109027663435609
0.0120415991698134 -0.0630982805443054 -0.0495806665257156 -0.129041962415784
0.00848234412724187 -0.0570203811870463 -0.013645107565188 -0.143111673609521
0.0158115664524311 -0.0616790695333786 0.0422812121555017 -0.16362492500451
0.0408305669248618 -0.0632598948462681 0.10905896290104 -0.153154971382379
0.0688522634704431 -0.0495365113924525 0.165246291827848 -0.108420133723698
0.0986421246290444 -0.0245932405794482 0.162854310742034 -0.0138225020970621
0.108856995569089 0.0249526482754216 0.0871679545151237 0.0447352960903384
0.0874569182226828 0.0902021455476158 -0.0232071275927214 0.00309273726239743
0.0611519340305016 0.101586460033956 -0.117341120672823 -0.156521545159303
0.0224613348705484 -0.0342674599556446 0.138397777137222 0.172148691420083
-0.0197140514356157 -0.0411460927374361 0.0667080412700199 0.0101289643185102
-0.0462692516839736 -0.0217753417224965 -0.0749556511198109 -0.0544099396576699
-0.0355807026054146 0.00470622035324906 -0.170530104491087 -0.0205459680624029
-0.0264617444744722 0.00522760322116063 -0.209230014838639 0.0872959749008094
-0.0238320523529651 0.00182062532060564 -0.142132055231064 0.164726330804387
-0.0190394069562751 0.00423629697086758 -0.058821547554729 0.185550735589227
-0.018525310639595 0.00208514829291128 0.00527806016972604 0.177772777282636
-0.0277199850241019 -0.00175395516873373 0.0519231007266744 0.149728754734181
-0.0319143129804002 -0.0143594722603411 0.0867520234404239 0.129957095761996
-0.0248866524267878 -0.021466390157889 0.0972479705669467 0.10982487065381
-0.0214097935238343 -0.0296565771582112 0.122719675519938 0.101838898639748
-0.0119440534021766 -0.0343056116111937 0.161396380907722 0.11691035192162
0.0100895452662288 -0.0393971859958699 0.184791202256133 0.119600254710582
0.0348638135967874 -0.0255766724892226 0.213576858416267 0.116490501291059
0.090346984138205 0.0238963716687926 0.100071194654564 0.17841520763208
0.0545310700587644 0.011066845144587 0.040175851323093 0.00984175641719671
0.038857277174989 -0.00552135913984627 -0.0974972877367358 -0.0476568626728488
0.0436203374606687 -0.0146964016924683 -0.184879477455077 -0.0157458030711288
0.0348449290469685 -0.0398825013081318 -0.211516428793209 0.0844622146870753
0.00980926038975074 -0.0572203509090343 -0.146189812638869 0.156641098071289
-0.0128710540261796 -0.0589301289751941 -0.0683424829924666 0.173810945115762
-0.0218208937282903 -0.054687989738593 -0.00446276479133849 0.164015808019197
-0.0390761448311608 -0.0602084314374392 0.0441846673809408 0.132873657933643
-0.0273801931001741 -0.0836242305432639 0.0818895440707198 0.110272318309635
0.00272611677451461 -0.0889653739176459 0.0997647957515634 0.0913385918161961
0.0403291955290713 -0.090289769483884 0.129726582824881 0.0883422228731985
0.076004944843156 -0.0627175019172265 0.158127272830042 0.111517688942931
0.103440332742218 -0.0200945880404031 0.16533388189254 0.10231213005245
0.128463164854852 0.0212992719670719 0.183717983803216 0.0904498443385389
0.147658538353832 0.080570219541011 0.0473571577094966 0.152177107576278
0.128331018200332 0.0654593824536602 0.0054748817800341 -0.0157730621751348
0.128320535765387 0.0102950920887588 -0.127055381412609 -0.0551132846093338
0.125733314671078 -0.0399326584274391 -0.199404105965449 -0.0132195612127845
0.0917882029328335 -0.0858581207718705 -0.201601894075198 0.078463062085145
0.0422130499231812 -0.112494049657474 -0.136637479244603 0.133835230780042
-0.00604987495235148 -0.114999466055411 -0.0697318311024755 0.140356143963731
-0.0226257152158273 -0.10339335189002 -0.01463420539344 0.127872631103364
-0.0456543225040902 -0.108224862363524 0.0328569822911784 0.0953374473572606
-0.0230921277009119 -0.139157565833433 0.0726730134493183 0.0707590276888845
0.022550892515477 -0.143080502429761 0.101360804644139 0.0538783043842172
0.0859244451740969 -0.142682665623397 0.138550106343834 0.0640240415832498
0.145132215691581 -0.0924311926638753 0.154225906701309 0.104482860062319
0.17979795398494 -0.00622092856096917 0.132126557228216 0.0917499921051526
0.20218450861879 0.0613743434827491 0.129282454751586 0.0560187069930197
0.1864486574737 0.121361996430352 -0.0163081724991572 0.0991761149198039
0.193435231217109 0.103931914423558 -0.0390728899905543 -0.0563020053891208
0.209738006035461 0.014750373841652 -0.155216067495068 -0.0704681092304292
0.194388166251228 -0.0734429215738836 -0.205581052135532 -0.0142357338991127
0.131369188503884 -0.130701340978279 -0.178866650963769 0.0612145105757679
0.0627581707751257 -0.155836650554416 -0.11686942140057 0.0943711187821071
-0.000816123411023332 -0.154971948468492 -0.0656377361733088 0.0882777135766566
-0.0206721207337752 -0.135706446135106 -0.0228758224075896 0.0727994274034178
-0.0425201326808014 -0.139451983469386 0.0202266783053635 0.0422566776263592
-0.0113954483301937 -0.172039475509058 0.0605915827879571 0.0192262277674799
0.0441552161204433 -0.174003410164325 0.0997045694028746 0.00668141980540321
0.121872017088824 -0.170376453497179 0.143229707901852 0.0349177940037278
0.192789233249253 -0.103711823912003 0.144502059936229 0.0974839610404094
0.226829140495869 0.0117128542691162 0.0883082411507269 0.0847551906984407
0.242720364362109 0.0957213889647584 0.0590466428001366 0.0167965722921053
0.200233663653045 0.13961483072107 -0.0867672039086257 0.0320478068783168
0.230273703394905 0.118666509072457 -0.0944957774788363 -0.0957047858586108
0.257979200732884 0.00749452246520163 -0.177241760992239 -0.0837182428876824
0.228412438699064 -0.103520009967641 -0.197648016723718 -0.0213588187130388
0.144353084122461 -0.159209335708196 -0.145180752996224 0.0280183660516841
0.0683978162228672 -0.176495778662338 -0.0945373413713394 0.038413357150204
0.00176591362585209 -0.170035976588276 -0.0605829762624965 0.0226946842847337
-0.0152700433522966 -0.147120247560753 -0.0280303069985004 0.00847668109538485
-0.0289713412239003 -0.150549901107751 0.0119739946992818 -0.0189913359543306
0.0109954798550441 -0.179815740785092 0.053756135140299 -0.0367962035935676
0.0702985360066082 -0.175161468322865 0.101313849941095 -0.0403424577228101
0.150890737968999 -0.161402487194931 0.144273399076825 0.00859023483692844
0.215751255958864 -0.0859290053792242 0.127424593487521 0.0889939681566195
0.238182311322895 0.0423298634818012 0.0428026427504722 0.07580238071181
0.243021609904099 0.1235758692735 -0.0114629767045935 -0.0279232511617327
0.180184925546739 0.131726540136566 -0.154501568622313 -0.0344643993964709
0.221785400044576 0.109870623335492 -0.151007693976852 -0.122907823634157
0.253200633482184 -0.000817601623621827 -0.187337249591585 -0.0915591970024881
0.216994737474961 -0.110993214657367 -0.175812200011366 -0.0343858535675563
0.130096392424244 -0.155548126026822 -0.110690936556966 -0.0157881818623665
0.0620089108080482 -0.166844725876717 -0.0769628677380857 -0.0237154433993357
0.00273374086302199 -0.157854452010302 -0.055764262916539 -0.0432040684947992
-0.00700095149301104 -0.136025092810703 -0.0286547081824748 -0.0558206813195297
-0.00944829007717598 -0.14073536100031 0.0136448473721801 -0.0800971997229213
0.035784650294018 -0.160349667498382 0.0603755995365271 -0.0898861292570181
0.0931316496444614 -0.146897810505691 0.113532134910079 -0.0796863484303603
0.1645095845364 -0.120777506357367 0.147601516122418 -0.00890237578490387
0.209974587230755 -0.0435506601909366 0.108621827199429 0.0767514670312595
0.212614163451389 0.0773364191076471 0.00387806170432391 0.0570976886013891
0.204108857378345 0.139380914435721 -0.0692933389219158 -0.0760647062802995
0.125737544603393 0.103221051152092 -0.206426361879312 -0.0866702966094195
0.167880153146855 0.0869088786047634 -0.195674299580135 -0.130920098263098
0.195989520995527 -0.00299781969646961 -0.184423746446389 -0.0955300297177192
0.163625662150469 -0.0900182779358914 -0.150272906496785 -0.0521829393217685
0.0952638778098235 -0.116866272115131 -0.0863074626486927 -0.0592759699970484
0.0478149654433471 -0.124100238012734 -0.0686964525988038 -0.079005048744553
0.00620578793659269 -0.119912503970784 -0.053560620497148 -0.0984446642604576
0.00166797688182418 -0.105179166304242 -0.0233798527736555 -0.109515917565328
0.00732444745174148 -0.109538313109138 0.0257837389925804 -0.131751287378467
0.0499303706445994 -0.118373260622555 0.0827301776940996 -0.131024673131741
0.0961108193239281 -0.099573397027683 0.139077963651486 -0.102162446837929
0.148566576060166 -0.065645237490283 0.15581497667749 -0.0153373730570962
0.17176373138301 0.00212108902070046 0.0934789665049411 0.0623187843226944
0.157394438914512 0.0999819213600006 -0.0191925615239563 0.0299566479489153
0.138103160855347 0.134348024321574 -0.105699959045505 -0.123146970334641
0.0461007243183088 0.0641808450318434 -0.230502906294394 -0.118967939935928
0.0823550401778589 0.0605571739989245 -0.215218212184719 -0.125045784414334
0.105350309399282 0.00629954462986561 -0.172751120708194 -0.100835646926754
0.0876178332961133 -0.0417560375960163 -0.130943736529559 -0.070338106484657
0.0530002086177908 -0.0511238419615556 -0.0774666243661352 -0.0907447335863285
0.0352279500140741 -0.0596618504609766 -0.071027973639124 -0.112394603672346
0.0133834246975437 -0.0629214944359983 -0.0509173556958518 -0.132350165481713
0.00943680132159083 -0.0574053546017081 -0.0138820501323286 -0.145910416236671
0.0169743727221662 -0.0624847467356121 0.0441616784650237 -0.166084237999554
0.0421449953098749 -0.0629345970039495 0.113565594126929 -0.153665291216554
0.0703912666018093 -0.049841738444089 0.169427337897257 -0.106938542120565
0.101092248868242 -0.0234927145818452 0.166005634421026 -0.011142503473158
0.109648525883717 0.0264059389860589 0.0885689002310055 0.0476340792273153
0.0870842061808742 0.0923729942672359 -0.0229073130845576 0.00353900116869453
0.0599129315316731 0.102172939819525 -0.116664108280185 -0.159186177876357
0.0220824472719195 -0.0364034453361454 0.147219152130699 0.176977865137373
-0.0209909740614501 -0.0426893393687153 0.0690776075769222 0.00756442721359966
-0.0484258965908068 -0.0216162948313158 -0.0787875208034796 -0.0573196669762756
-0.0373104743816238 0.00531116551033515 -0.177627767899412 -0.0194461432698146
-0.0274254010009906 0.00552622699088961 -0.215089214068807 0.0956921499506817
-0.0253326665308569 0.00234820167797865 -0.14589703194826 0.174464839332089
-0.0205276378743619 0.00424463189852316 -0.056866666102965 0.193659504377032
-0.019660453836406 0.00171265512060699 0.0110919229548994 0.18511284260362
-0.0286428385317582 -0.00167717275675363 0.0588724389657752 0.155784472481856
-0.0334502738162305 -0.0150918364387766 0.0937811622962197 0.134862261009231
-0.0256007177549881 -0.0219481233585103 0.1031486246108 0.112801566302975
-0.0227351274019156 -0.030148632622131 0.128337977884785 0.104686497606444
-0.0134297533332242 -0.0363598833594923 0.169389078938016 0.118295132585147
0.0105109307451439 -0.0404134138213322 0.193512778192124 0.119926954831708
0.036748898968596 -0.0266148380304609 0.224680872256477 0.118359460901407
0.0934881799307565 0.0224363967471461 0.107902957976933 0.184268244723269
0.057659092589677 0.0106559374546477 0.0415480462667251 0.00770038725637184
0.0401087141195919 -0.00721037569995449 -0.100925113553072 -0.0495452373040989
0.0447778308364411 -0.0172994200638885 -0.191723729832326 -0.0140288864254066
0.0344248814667061 -0.0434831563216747 -0.218659736506012 0.0922849068234088
0.00816335881110804 -0.0596162215923934 -0.150032953177151 0.165088150618847
-0.015399706396083 -0.061329734915788 -0.0671548350247888 0.182769346534211
-0.0239837638478537 -0.0573458294749829 0.000123349300043985 0.172568736283897
-0.0414413039928414 -0.0624611468043048 0.0500223064550762 0.138953187745992
-0.0303177386421956 -0.0869261113332879 0.0884945396623041 0.113863019196404
0.00123559350854347 -0.0927063486250612 0.105531240238668 0.0937515045060525
0.0400215540498328 -0.094767116606065 0.135141000666137 0.0890488684384597
0.077235696588776 -0.0682752277961021 0.16634603003772 0.112549409043816
0.107864375399762 -0.0223853314903137 0.173230420057024 0.102511193623831
0.133727752141454 0.0200421225460392 0.193783799856927 0.0919685126451313
0.15387637335958 0.0805774181390738 0.0527310257579131 0.157378026444797
0.135842833334683 0.0652771205079857 0.00598109716708276 -0.0178764422503148
0.13359112260067 0.00727228122662066 -0.131494154995863 -0.056676931086433
0.129047460410987 -0.0455962182743119 -0.207328348951791 -0.0108890367540242
0.0923103573930424 -0.0927362777443646 -0.209302710974622 0.0853958152096148
0.0402527682534874 -0.117868594313003 -0.140077677611989 0.141246472417718
-0.00896780924347246 -0.120262167439544 -0.0705884801931502 0.147705886948319
-0.0256133294392091 -0.107682298122873 -0.0113592701789446 0.134444925145532
-0.0493466916047766 -0.111821583719218 0.0369528404779015 0.0992947665425497
-0.0272912604532683 -0.144443693329067 0.0780133304733135 0.0734413509356212
0.0204548346912224 -0.149522838114409 0.107143447520022 0.055065684027835
0.0865755109874656 -0.150805412603122 0.143736334848997 0.0634990693555975
0.148748439696123 -0.100163211926029 0.162210916932836 0.105518980041497
0.186810620455324 -0.0100615919271264 0.139605810635866 0.0922616515137861
0.210796782444113 0.0597744672264755 0.136333843419515 0.0569048241506599
0.196169615435745 0.122532643472611 -0.0138155861012115 0.10273938359031
0.203896735982433 0.103709625618291 -0.0398225031778136 -0.0587726162055722
0.217752735552271 0.00938874379541152 -0.160212324586925 -0.0718005715846768
0.198532522020406 -0.082228174955834 -0.213728981823981 -0.0119391903788563
0.132634979080162 -0.140258674994034 -0.185353546181543 0.0669405921658923
0.0606497211749668 -0.163889660456004 -0.120294903704916 0.0992187456658604
-0.00458744510020189 -0.161226441100192 -0.0679020567848502 0.0937572307050543
-0.0245476544356333 -0.141212551548783 -0.0221240321843808 0.077409724970612
-0.0463393713102261 -0.144143395425478 0.0221294156095788 0.0440342358266609
-0.0157112185674806 -0.179749270391546 0.0640049304809253 0.0196335981547498
0.0415050675653316 -0.182520786820439 0.104526903252136 0.00598255534235462
0.122820507853151 -0.180313734133898 0.148497100087647 0.0327317567949795
0.197374856710311 -0.11368587495458 0.152731364037038 0.0981247841045887
0.235918543142497 0.00800420989025295 0.0943633200583972 0.0859874798011553
0.253918539122202 0.0937002177917536 0.0623635431927634 0.017018856111264
0.210745779623911 0.140181312528398 -0.0883487010724072 0.0339170037057064
0.241342816203722 0.117935945860548 -0.0975873933005232 -0.0991032029239359
0.267363509414511 0.00121544180335818 -0.183768335569915 -0.0854769171252123
0.234292014942259 -0.113680052436087 -0.204960476075945 -0.019740691931465
0.146196018271845 -0.170074449361667 -0.152024830356923 0.0318515461371799
0.065969822441962 -0.186199038401434 -0.0982133100139972 0.0403598238291155
-0.00211973160442281 -0.176995868325011 -0.0640283511882544 0.0259841259161405
-0.0189928994753659 -0.152959343318932 -0.0292611196982535 0.0106270639630917
-0.0331221992251287 -0.156584820121883 0.0117603569796419 -0.0196441063105757
0.00703660816913435 -0.187115303095454 0.0561113041467832 -0.0385856262131198
0.069098747996128 -0.184185901326077 0.104587703881642 -0.0433690313879581
0.153871314694242 -0.171911313185594 0.149110759513416 0.00544988264234492
0.221411505365578 -0.0957493407251442 0.135053041656805 0.0894623260179606
0.248444617662943 0.0395988700384979 0.0470228623926541 0.0771345328867602
0.254071621026378 0.122475941855486 -0.0118896000524274 -0.0278617485650751
0.189831770424567 0.132812577441382 -0.160577587134292 -0.0343713923227022
0.232956909927418 0.109711003964412 -0.156844245988444 -0.126290943636215
0.261578397667384 -0.00706338426355309 -0.19429262653093 -0.0926448847567986
0.221546912928094 -0.122359064637204 -0.182538306346305 -0.032656318147528
0.131499260249893 -0.165964094288159 -0.116792651830057 -0.0145928853991668
0.0594837384900974 -0.175175257979248 -0.0816468306157232 -0.0252325126556101
-0.000424669328762106 -0.164242342759453 -0.0610028223836685 -0.0427163727243909
-0.0106855154954944 -0.141997061258759 -0.0326152621213469 -0.0564436462610853
-0.0123299403365743 -0.146053304108037 0.0115183092089768 -0.0831307068790312
0.0336730107645953 -0.167548973398479 0.0610522568055028 -0.0942854354089365
0.0931316817786631 -0.155582317192047 0.117121456468517 -0.0840016638224813
0.168766122123206 -0.129583901934111 0.152735806020675 -0.0129921303527009
0.216159129791186 -0.0505703261399073 0.115668185202024 0.0783074116361362
0.222055759978253 0.0766939030616797 0.00670992454851732 0.0593697474949028
0.213762462680838 0.138847468920808 -0.0732764216060465 -0.0767270158261251
0.132929991043943 0.104374600035362 -0.215479367294263 -0.089067906319789
0.176450834883424 0.0866982489402923 -0.203065263815593 -0.133609027605365
0.202751678772341 -0.00804600310147777 -0.191263049595912 -0.0962932211774273
0.166989437997025 -0.0980250304140103 -0.15630266150974 -0.0514162913742475
0.0959888396264661 -0.125020865025428 -0.091489346434006 -0.0617389323308586
0.0466595034136295 -0.130812328158723 -0.0741195608083716 -0.0826315099883559
0.00470377500236246 -0.124670314589823 -0.0595777430053872 -0.100585730477055
-0.000336407845021605 -0.108649178228468 -0.0280364343141146 -0.112888113971854
0.0064802638850983 -0.114118572007412 0.0228955624811875 -0.1373898930483
0.0489854015889289 -0.124025941300131 0.0836680324562716 -0.137634638338365
0.0974795187777714 -0.1062838500072 0.143187298825731 -0.107743554470208
0.153293643341627 -0.0727949706231833 0.161011026621724 -0.0190779681938068
0.177198210592032 -0.00194168239776217 0.0992158282153299 0.0635654913622101
0.164936054358869 0.100595084543545 -0.0181439232565247 0.0319151436230769
0.145036932222643 0.13444911776994 -0.112010791184555 -0.125459369537526
0.0489666514329906 0.0648263149454072 -0.241729707459405 -0.121593408556205
0.0865781552828062 0.0608608350795652 -0.223927777266598 -0.127016865621106
0.108807714035145 0.00379684045270109 -0.18073186803599 -0.101706391097901
0.0898367854312053 -0.0465864782180969 -0.136972944503931 -0.0712686168379537
0.0542412975699663 -0.0557721688926733 -0.0826472348161281 -0.09416808429059
0.0348295641329319 -0.0632292254074711 -0.0767421252667981 -0.117189358245462
0.0129193897741189 -0.066085839716147 -0.0579214033576874 -0.136714417712491
0.008770158709875 -0.0595467373583377 -0.0201684011510459 -0.151702479747739
0.0159993484402365 -0.0647003179263735 0.0420226577030312 -0.174087470259037
0.0427484303457839 -0.0663840139251122 0.114949602837865 -0.162388707425331
0.0716183512284638 -0.0536568434235601 0.17435546712734 -0.113623995524723
0.10371223947061 -0.0263755288548278 0.171901085395308 -0.0144588247692252
0.113719069168847 0.0256256510641415 0.093678899770024 0.0483077715585507
0.0921380876597111 0.0940609891647951 -0.022741309228041 0.00458318267880578
0.0636951293886781 0.103600544055671 -0.124174120521413 -0.163128148986418
0.0326198244991543 -0.0324882658878777 0.1194513924661 0.201283700634643
-0.0128864979495031 -0.047215056002716 0.0679752558230475 0.0160500740671249
-0.0456217209880177 -0.0294626184606854 -0.0732075474396682 -0.0740609183298452
-0.039416746144518 0.00250240214198963 -0.181304837330436 -0.0501063553097585
-0.027620503621861 0.00526263137219379 -0.236855267441998 0.0663517316961126
-0.025256779202105 0.00102301386676865 -0.177974103394823 0.157039296382539
-0.0216312742677295 0.000533754872864139 -0.0893031115274684 0.191346025195463
-0.019406103512988 -0.001953941893257 -0.016819909279493 0.193383704994249
-0.028994168348996 -0.0075494851869776 0.0387058995167663 0.171317482439929
-0.0301059117557561 -0.0206217629604309 0.0772115832927106 0.152603896510642
-0.020725803556613 -0.0261127677516616 0.0883394718683008 0.132238430822296
-0.0175337171174217 -0.0327684459853018 0.114497903088324 0.129114347477105
-0.00530576963373025 -0.0376913736016508 0.153249686260085 0.146803538563746
0.0213872644511757 -0.0365319961063629 0.173878607248361 0.154086951931798
0.0463650530150983 -0.0196570440984187 0.205950545143251 0.16324573869905
0.0929338815827382 0.0402459786244305 0.0812990169549308 0.20440420017573
0.0570215363454932 0.0195174682860321 0.0426916821997734 0.0140940379527879
0.0397433676060227 0.000317928053156728 -0.0918788789430962 -0.0691870903166011
0.0452344858614066 -0.00768701601100678 -0.190741097747917 -0.0466687306767631
0.0423311349154492 -0.0335361033018599 -0.237378961215016 0.0587711712176178
0.0188854967359733 -0.0560944199406072 -0.180090447294391 0.144944047203103
-0.00582693199694783 -0.0646388006271278 -0.0970503002891441 0.176276478549875
-0.0124708671990673 -0.0631976021826792 -0.0254390509137527 0.177725583060619
-0.0307943072248722 -0.0717528480340725 0.0327768350194814 0.15288619897936
-0.0149391082311042 -0.09404988342948 0.0759764411060713 0.13198032079907
0.0207383769421991 -0.0932800922728311 0.0929999645906289 0.116163933758406
0.0589291072124249 -0.0884880044569891 0.1217316925671 0.118852583645134
0.0936067987870638 -0.0522537921232229 0.149261006105646 0.140859253515165
0.116703656818745 0.000642277322938447 0.153256952691036 0.132039524954155
0.139108458136791 0.0479807562000147 0.175956384767572 0.126241766391236
0.142003914300855 0.109913988681364 0.0334584173928868 0.170851784888752
0.125338377846135 0.087562015750223 0.0131099052866455 -0.015844979720777
0.12952921300012 0.0312483160468157 -0.114838694936361 -0.0796972838367982
0.132360092084148 -0.021897535735591 -0.201010141202661 -0.0453135105316658
0.108188587291304 -0.0735764585524709 -0.223502186320738 0.0494972079735296
0.0608714178041406 -0.110063290089867 -0.164761749978131 0.119714777256677
0.0106734164536685 -0.122660980927729 -0.0944581517636689 0.139862571372171
-0.00445951612603301 -0.114856211113939 -0.031976560527664 0.136946197614121
-0.0293943560264489 -0.123193885009199 0.0259415220070714 0.110826111984543
-0.00180316120712932 -0.152227861880528 0.0724782389761505 0.0900222099661783
0.0515477161004387 -0.148718568488542 0.0996483126497436 0.0790743654209846
0.11649299088916 -0.137637756734442 0.133614285186956 0.097044154351083
0.172449491571408 -0.0711408777157462 0.144912596987163 0.133929947459497
0.19448051617641 0.0277551045653536 0.117808202247822 0.114864513223269
0.211815896735623 0.104232969542469 0.120247886826879 0.0755385402852814
0.174887354324514 0.159242657757968 -0.0225334939589734 0.10679237601357
0.1849979313563 0.137960605316323 -0.0246172244022935 -0.0632410786780149
0.212330918302672 0.0484567827185574 -0.136463908440145 -0.0980745005210443
0.207725151700101 -0.0478493731023433 -0.202730446111807 -0.0476254865070302
0.156343589453457 -0.115210795992079 -0.194597563589379 0.0314581040642949
0.0887087032481237 -0.154348473445381 -0.137687089969341 0.0782500505020831
0.0215479730196484 -0.163196587364004 -0.0822680875775064 0.0824025813584278
0.00330101613446364 -0.148899511332247 -0.0351928144264734 0.0768774081514009
-0.0203957756863356 -0.155529744085159 0.0191256459617387 0.0519876609837986
0.0161066476117369 -0.186571500114692 0.0667547023839216 0.0342863187217746
0.0803612826883998 -0.179038528245493 0.103996856210881 0.0292719965365408
0.159584470753691 -0.162474272940899 0.14127081595814 0.0689258782249645
0.225081256615277 -0.0761790455389424 0.134890888898679 0.124787293181137
0.240440296290292 0.0549813683823312 0.0722794195431882 0.101468579613212
0.248369176552865 0.147665269862451 0.0512287351831721 0.0192662511573179
0.184135178158731 0.180291371081132 -0.0862632048290693 0.0253500345192125
0.219214093288918 0.158729158234848 -0.0746700531307709 -0.113724314437199
0.262319314256168 0.0485390405704446 -0.15424158842926 -0.11575900631225
0.248229644605539 -0.0739433314457352 -0.189121095081855 -0.0549789069873349
0.173890659485584 -0.14368167018486 -0.155174456643715 -0.00189059787188112
0.0980777165400318 -0.17690521104247 -0.106118691618265 0.0202222618557368
0.0267749790145951 -0.178879553877463 -0.0677620979335706 0.0128010237209943
0.0111558253092767 -0.158960756055199 -0.0319326044907657 0.00715421587045633
-0.00447552104420191 -0.164782049372272 0.0173254109399547 -0.0151899493101854
0.0402270918603121 -0.190133802855253 0.0669302518679212 -0.0271397975018942
0.108676110611648 -0.175969706091665 0.111017518562241 -0.0198873437550627
0.189069343766681 -0.14979495667409 0.145141251001628 0.0414355091040043
0.245298336101438 -0.0518483553219186 0.118336989242971 0.112901072357404
0.246515887832291 0.0884980313440482 0.0258223645354613 0.0836825699145921
0.241986882515167 0.177095463000713 -0.0166104350783785 -0.0413519626681051
0.163792441459608 0.167958453284963 -0.14763678492399 -0.05582084493767
0.211118961780126 0.149463567747667 -0.131094086745138 -0.150473071313905
0.258452467162644 0.0396502926428859 -0.164122416581349 -0.125673509287121
0.236698789664361 -0.0840760247196558 -0.16459773693376 -0.0655530072087939
0.157924334417142 -0.142796680828169 -0.112647876372018 -0.0445293207788593
0.0890735876513405 -0.167348071276846 -0.0787051518813582 -0.0436598891791791
0.026406601062242 -0.166369173470488 -0.0543345499885931 -0.0574040830661445
0.016926068342696 -0.146004687093606 -0.0253559225638145 -0.0622827072084673
0.0139541358744678 -0.150628569567077 0.0265129636172671 -0.0816531983492292
0.0638016290267233 -0.166085116666783 0.0800462247162604 -0.0831922164176826
0.127322761907599 -0.141938421554987 0.128747283145299 -0.0612054497071123
0.196829293809792 -0.103791326994214 0.149900402754386 0.0217319297889238
0.230248307330913 -0.00693865262132337 0.101344456197173 0.0974728326796975
0.21256692444829 0.120550022236356 -0.0117033088372559 0.0572024969485259
0.196220159505765 0.185383539559556 -0.0686204504616484 -0.102130345478961
0.110315448156827 0.129755740055809 -0.197085398927652 -0.121605513433965
0.157915730184341 0.117441320742285 -0.17857916070067 -0.166194016907245
0.200226429025119 0.0288516008359814 -0.16493380351329 -0.128613747120896
0.179029401731051 -0.0695395028320678 -0.138668900250014 -0.0802664388318932
0.115827043775432 -0.108199311171249 -0.0802008728467851 -0.0866850778717729
0.0683898981986631 -0.124914437183155 -0.0633283304756949 -0.100539046462188
0.0251525408475894 -0.125234818635865 -0.044913654699907 -0.116240288748706
0.0203531267086459 -0.110764468012643 -0.0132353086494863 -0.120037215709649
0.0272755715201903 -0.114340227772471 0.045932650310413 -0.136389729848648
0.0725737989959347 -0.118845497022154 0.10854127747572 -0.125824226641983
0.122468335684261 -0.090589220508222 0.158310284995832 -0.0835710544310593
0.171366137238227 -0.0480799701415159 0.160250090058491 0.013788761708017
0.181040789024055 0.0353481245452197 0.0885907211465318 0.0792461175559187
0.14965180318262 0.133929297437189 -0.0293229935660442 0.0250545629227411
0.12467230565257 0.167408604246215 -0.0961927904963333 -0.15674736798025
0.0322698924363955 0.0753384981306826 -0.221368648989894 -0.161869026944326
0.0723739733169371 0.0768343418953079 -0.202427022666712 -0.164110152137956
0.104562885872471 0.0243337888721411 -0.158940343986323 -0.131667555119228
0.0938653313455737 -0.0308954419413668 -0.121211956433868 -0.0958988947490456
0.0610647720656323 -0.0461335299864947 -0.0688918726525611 -0.115312464716502
0.0443557632092292 -0.0585089204630844 -0.0604635138150635 -0.134648459321283
0.0242118848770758 -0.0647311537512407 -0.0388976369095311 -0.151630456227138
0.0196073109372036 -0.0587463093920568 0.00224100764324549 -0.158430039044057
0.0282517607210689 -0.0618260021611195 0.0697462604157817 -0.171793099189077
0.0558552251195363 -0.0605838909851553 0.14270649300946 -0.147899912666013
0.0862214495941604 -0.0415537484762115 0.192500474444824 -0.0870351734708033
0.11316117010009 -0.00859016736226097 0.172747212963801 0.016083490981742
0.110049138526757 0.050856013583377 0.08614738474293 0.0633892007308901
0.0763481460800886 0.112681483077948 -0.0270731164559933 -0.00243564683743644
0.0442461686451677 0.117673338213815 -0.0984032837521675 -0.193426278698609
0.0286845811145612 -0.0345449058572629 0.134677978652255 0.189197086076568
-0.0160389928640129 -0.0460240970899661 0.0673568764736239 0.00971509690220232
-0.0472737526142167 -0.02530728940614 -0.0785929092559394 -0.0697667759013269
-0.0388420555139133 0.00519058735209576 -0.183363880881062 -0.0366329013633539
-0.0267209412152982 0.00727108222807074 -0.229326780812282 0.0852258046819514
-0.0247029350451459 0.00357523665716067 -0.164538139720202 0.16992790066356
-0.0219787625275428 0.00191461608678912 -0.0723563027327059 0.195789594964259
-0.0192389888128662 -0.00156556370764193 0.00136101513043746 0.19336662936014
-0.0293100383857695 -0.00660314532940944 0.0544740462936201 0.167315834693804
-0.0314395480873314 -0.0185058287560725 0.0891793680475699 0.1457480085269
-0.0220110732720309 -0.0240718158403474 0.0972805861615994 0.125102107220353
-0.0197777842713488 -0.0309898089709205 0.122548031871485 0.119946098591826
-0.00791449963883993 -0.0371301964292376 0.162305509772878 0.13242972664655
0.0191785234524503 -0.0371999602595862 0.182685431488344 0.138228967630985
0.044718373498051 -0.0230630486494708 0.21744670401718 0.147356457938753
0.0942214747503975 0.0330171752450052 0.0974332039147819 0.195784123560267
0.0585533030023313 0.0144889166172999 0.0423664580351049 0.00905941016592705
0.0397541804116027 -0.0034731561507907 -0.0955481338303433 -0.0629881811522308
0.0437454100515412 -0.0121186598373841 -0.192304769884867 -0.031891971470642
0.0384707619221667 -0.0374038321677065 -0.230805116203829 0.077632782749584
0.0137555451515446 -0.0571376953063333 -0.166955709240228 0.158316228047708
-0.0118174448824161 -0.0640307429942514 -0.0819067630234501 0.182492579471438
-0.0173916630608269 -0.0625456039521684 -0.00931767787518491 0.17909769185017
-0.0364023665414316 -0.0690888376479408 0.0469464150324447 0.149916572802256
-0.0223541503143794 -0.0924465666236305 0.0863561304488302 0.125337952197315
0.0134316397687939 -0.094545503272987 0.101509239239613 0.108805864620315
0.0510214621651315 -0.0922439522122663 0.128890883191892 0.108850568490784
0.0878144765712141 -0.0602022376732549 0.158759382972404 0.127138000230336
0.116248971202586 -0.00824290807254889 0.160775576703889 0.117979636984607
0.141534143593842 0.0363250659235885 0.184438867978821 0.111940199942064
0.148298489699377 0.0971018246309 0.0476431729323228 0.166449694523687
0.131706069630558 0.0764482589578393 0.0118529344215914 -0.017604247802498
0.130484848807673 0.0195063767283199 -0.118875909361437 -0.0718131938708781
0.128788687340003 -0.0337231617968443 -0.201740772232224 -0.0299758144065241
0.0998982089050311 -0.0833301715401278 -0.218353237784404 0.0673722542697607
0.050569407181976 -0.114289495571625 -0.155129544195418 0.131631243857184
-3.33138546532571E-05 -0.122662697142461 -0.0820057485743475 0.146133619639309
-0.0142405567245134 -0.114242865492558 -0.019637611262599 0.139255873232333
-0.0387650006705034 -0.119745636590997 0.0363642012515244 0.108722145885602
-0.0143140328835783 -0.15147335573408 0.0797485286161622 0.0840456858949199
0.0395513265897519 -0.151848510082726 0.1054289280952 0.0718193650556775
0.104070230770492 -0.146593725242442 0.13858620235026 0.0859680254153225
0.164061412433167 -0.0850711227766475 0.153596839665481 0.119864212562488
0.195083562780374 0.0128660032034476 0.124841682560218 0.103650413521949
0.217264373547727 0.0853380968003715 0.125263263139034 0.0667629306247613
0.184891708247645 0.143865637051307 -0.0127112568011875 0.106150170541204
0.194837065521031 0.121240291601096 -0.0285756504356929 -0.0618456646362914
0.21369152379735 0.0290267408300911 -0.14103119628636 -0.0887642814322515
0.200365678261726 -0.0651508450448864 -0.2028311921749 -0.0322539880121515
0.1433900448791 -0.128475565508158 -0.191250447261362 0.0469055989550264
0.0742932742748609 -0.160155220998694 -0.130601140919152 0.0873781886594273
0.00772945671632077 -0.163950675128203 -0.075435036183084 0.0892135041754789
-0.0089763499294201 -0.147837560033031 -0.0270399690898491 0.0797927479347241
-0.0326996171630948 -0.152375083078946 0.0240129330531159 0.0506512928011995
0.00047109967717654 -0.185766052596655 0.0695134383292736 0.029012009661582
0.064965005939198 -0.183819953299176 0.106379563792899 0.0226476381149078
0.144570924577691 -0.175006515110908 0.143847324981028 0.0576236812649343
0.215169877960876 -0.0939266939902034 0.144178477335965 0.111890939419481
0.242200076245709 0.0354773378985069 0.0790598113115296 0.0936111117477899
0.257006182348292 0.124667252232517 0.052633569071511 0.0161300305536763
0.195919459542926 0.163263088367387 -0.0819297253865442 0.0299086466078506
0.229846335002863 0.138812585591621 -0.0815973448083794 -0.106886529154164
0.262918452489978 0.0252343339449404 -0.159576824308616 -0.104672113726258
0.237771124254162 -0.0950707304242799 -0.189750219939895 -0.0401290294431185
0.158819783548098 -0.157680424668748 -0.153729249519971 0.0104234938187356
0.0819253071917572 -0.183014705285769 -0.104152954785584 0.0272548288154155
0.0119718410643081 -0.179448551892429 -0.0668929564243208 0.0195557354327727
-0.00246696900417678 -0.15868410817301 -0.030890761046945 0.0107499967297583
-0.0178013872462366 -0.162617366458243 0.0167839734508491 -0.0158710965170216
0.0240148961016035 -0.192041266646275 0.0647577519672995 -0.0316910736868131
0.0925746461352333 -0.18347770952871 0.108891293640653 -0.0275623066062047
0.174405817776494 -0.163255941632305 0.146277829349568 0.0293817051117259
0.237194785420237 -0.0723050509360361 0.126843548305124 0.102006094601831
0.25153151918358 0.0684080155011817 0.0322258838044902 0.0797754215603456
0.252841782016268 0.1538494553828 -0.0188018299509887 -0.0380039246488657
0.174923417571042 0.153326813613053 -0.150569739081004 -0.0452503039676337
0.220412349806385 0.130226655771312 -0.13947403038814 -0.1399778252288
0.257822762077632 0.0174461633815633 -0.16958958581491 -0.112843774637995
0.226076372247951 -0.103868784227599 -0.166296987718523 -0.0523630847878366
0.143183828627524 -0.155541679092153 -0.115560463020075 -0.0354617209554322
0.073423033615628 -0.173629597862458 -0.0830219486424016 -0.0387161285026412
0.0128957928260824 -0.166866776384597 -0.0603431024066888 -0.051605649161919
0.00468533526594332 -0.145453432716596 -0.0299669211830697 -0.0583019589697686
0.00156873179014167 -0.149904312587975 0.0193474282985697 -0.0817973447235077
0.0495064445426193 -0.169701501429382 0.0729436413691463 -0.0885075647052327
0.114389683963865 -0.151667801990225 0.122884855695678 -0.0693919180276776
0.185679805476067 -0.119887676103429 0.149527587527353 0.00993301688937212
0.226294046834152 -0.0265999775741877 0.108704856683791 0.088041057998955
0.220336830917287 0.103155651801841 -0.00587198451509268 0.0568225877191129
0.207918815870531 0.165823224317467 -0.075290704209801 -0.0946558843156818
0.11916688668699 0.119316156088998 -0.20454005121589 -0.10658851162942
0.165401728011624 0.103069772912215 -0.186609208964137 -0.152147080538287
0.199379382257105 0.0110269623553933 -0.171064016209753 -0.115708387233666
0.170110170054401 -0.0843899583825382 -0.141836022407894 -0.0687306100601608
0.104262420485288 -0.117300345659411 -0.0879882722091605 -0.079737337559436
0.0564164311324673 -0.129938271316385 -0.0715564251036082 -0.0956864851308245
0.0146383393791011 -0.126199416281424 -0.0551119737066502 -0.110866455539571
0.0111729633302676 -0.110624870212537 -0.0232933260540119 -0.116882055012025
0.0177274559087293 -0.11532126579749 0.0336674812054866 -0.137972001501464
0.0614776948843964 -0.123088899465469 0.0972374336339925 -0.133293253495939
0.113480584254447 -0.100580625485264 0.151073575018983 -0.0943882154184841
0.165141022446298 -0.0616376563148137 0.15924699162282 0.000769677187853121
0.180688714650008 0.0199709714782523 0.0941676102674635 0.0716405997786174
0.159215545904343 0.120402319314284 -0.0259750221104926 0.02656335303153
0.135604105933643 0.153270571129887 -0.10731948881507 -0.146709655505801
0.0381087694202965 0.0713985791931028 -0.23318999720903 -0.145165779274296
0.0774364565440309 0.0696265014152389 -0.211793368169693 -0.147762977035776
0.104805380394251 0.0148299136944879 -0.165518739444 -0.117938530403076
0.0891687313707919 -0.0394023892398422 -0.126433676269285 -0.0858305249387863
0.0568674937233385 -0.05119680096557 -0.078098565207745 -0.109360877948643
0.0388319489633356 -0.0619978872723386 -0.0719459126890132 -0.129812608175521
0.0189231938854266 -0.0662414992430432 -0.0524791053897406 -0.147182127973331
0.0150654444731029 -0.059401738236087 -0.0125642968453346 -0.156070529597262
0.0227262956107396 -0.0637306103887057 0.0546049817274257 -0.175556276035297
0.0500967075672392 -0.0643607152540746 0.129648532920358 -0.158628070075595
0.0810969414396912 -0.0483742819453628 0.183774725007855 -0.101059152649895
0.1106080750327 -0.0175690590222041 0.171982542907609 0.00275126260090958
0.111845825478644 0.0415077464411684 0.0909397300980072 0.0563955544395813
0.0843523248472099 0.105151201264113 -0.0257920503488011 0.000371328208607624
0.0523875942188274 0.110509035812619 -0.112686047026758 -0.182648805222845
0.0244236060783499 -0.0333488064067026 0.139228492108885 0.173046901741116
-0.0169892253084616 -0.0423344044359406 0.0638265565750768 0.00496814985611209
-0.0459882705208648 -0.0216295567939262 -0.0793448252109899 -0.063251495657361
-0.0368398009999459 0.00688227826990631 -0.177462331923225 -0.026099157748401
-0.0250253778614715 0.00838638724021252 -0.213732643382393 0.0945558572723367
-0.0233052328856284 0.00538826914388818 -0.147164521094961 0.172872299499706
-0.0216785479656368 0.00238294481991054 -0.0577149218776078 0.190820871890705
-0.0186642717851828 -0.0011970494079582 0.0147952367154879 0.184464881938093
-0.0285351723999862 -0.00452718791677134 0.0644583733347838 0.157356493758923
-0.0308280616131915 -0.016108565494937 0.0940475163994434 0.134358563538187
-0.022133542986313 -0.0217471086705622 0.0997619049578018 0.114802676224261
-0.0210605403286371 -0.0283076066660513 0.123654662437724 0.109097215002499
-0.0098157491418059 -0.0357789965669092 0.161188118461897 0.116751858553423
0.017252890551946 -0.036543879670072 0.18042374080185 0.122178995683561
0.0416829640688171 -0.0239142879873545 0.216635928429414 0.129690494581986
0.0913234120735926 0.0269830428048645 0.105817575799946 0.180501458674649
0.0575565926633748 0.0104119083234523 0.040624807370188 0.00592991291613687
0.0377923978834754 -0.00583412718968745 -0.0947543499999425 -0.0564415303457974
0.0401353761738564 -0.0148693339875713 -0.184975391461085 -0.0214570092404824
0.0340955752597198 -0.0386242087914983 -0.215463751145437 0.0888306067982744
0.00961166347136237 -0.0556205571957782 -0.15097082284409 0.16185858029658
-0.0160543141861515 -0.061168543187606 -0.0676460625028999 0.179928038896908
-0.0206438369875944 -0.0597152632306607 0.00320150215341243 0.171580147875585
-0.0387191590127627 -0.0644644938228148 0.0560999998792848 0.140455404023655
-0.0270531923094273 -0.0879127210173346 0.0909551479225255 0.115994407981875
0.00767881483300019 -0.0910204740689524 0.103612171470809 0.0997187708234171
0.0434828983946816 -0.0914541991999577 0.128554353939547 0.0969184810215567
0.0801198225481169 -0.0634558569276406 0.157467688517339 0.111359865457998
0.111403558743264 -0.0143237779843735 0.159495789485012 0.103519021170441
0.136799209909826 0.0263734353198487 0.183433942210702 0.0978478734868436
0.146405910693589 0.0850128752236218 0.0561791942980538 0.155335963731805
0.130691785495743 0.0649194257915658 0.0105759503354295 -0.018588626826351
0.125196137643083 0.00989137185312833 -0.116607135469846 -0.063892725118567
0.119996996586137 -0.0403403822892722 -0.194234427884626 -0.0182884029760088
0.0893271845229235 -0.0862086965239181 -0.204638318386625 0.078627241172133
0.0408855888035347 -0.112067783166821 -0.140733506711981 0.135272408331189
-0.00795972670132382 -0.117316970014923 -0.0696839785085901 0.14555310136406
-0.0205386242730756 -0.10853841524379 -0.00864992674565253 0.134004099863253
-0.0442887433133821 -0.112833103874838 0.0428324663905644 0.102351211181344
-0.0227784658325172 -0.144269561898762 0.0818013657848802 0.076339660116161
0.0289136305709647 -0.147813972042583 0.106036388760554 0.0636360975613744
0.0908827543535811 -0.146098329514561 0.13642500041012 0.0747446097703684
0.150678278134393 -0.0921005015205897 0.153733916737094 0.105244568231767
0.187534533377569 0.00087028204975483 0.124836966183432 0.0915418585725499
0.211430346521212 0.0682573029068057 0.124742430122017 0.0576212054932393
0.184272455442816 0.126820586158069 -0.00482251116183434 0.101312006135861
0.193724418861886 0.103534043783041 -0.0298273895531053 -0.0587423464265664
0.204481245818687 0.0142889401036278 -0.138662787548249 -0.0791335691629189
0.186641856114337 -0.0750920733153397 -0.195119807183156 -0.0196313659790778
0.12798219153119 -0.132227740191244 -0.180217768621385 0.0562997021268727
0.0605544319125304 -0.157486740731712 -0.120658779345338 0.0913769452765197
-0.00268358379522943 -0.157577407020049 -0.0673776184941667 0.0906590849529512
-0.0178393533846987 -0.141463253517183 -0.0202547100638581 0.0787585861155182
-0.0404155010845777 -0.144136190795373 0.0277474572502315 0.0475841850797902
-0.0111909800405499 -0.178134672994952 0.0694530501543573 0.024041108837016
0.0509925738282396 -0.180290171959304 0.104104525905221 0.01688931292865
0.12727507190937 -0.175825028003084 0.139647912894025 0.0461696276715272
0.198309921779208 -0.103448188435301 0.143949135315267 0.098328881097239
0.234038482071831 0.020316609161183 0.0811094718340366 0.0837146833401787
0.250262633688387 0.102774324247971 0.0517761872917393 0.0138219596386317
0.1965022161895 0.144369699283413 -0.0761606588663982 0.0320103689238125
0.227975620729791 0.118411084478197 -0.0830992421737242 -0.0993988253489942
0.251024638331771 0.007916684890361 -0.156880022047254 -0.0926708397645502
0.219549267932142 -0.105629539494682 -0.182964290727925 -0.0286941070417861
0.140640903706677 -0.160654499575598 -0.146902667515133 0.0194374347325049
0.0656605406201403 -0.180320795148422 -0.0991525199749897 0.0319746378513201
-1.21414256431104E-05 -0.173092484751106 -0.0637048356839479 0.0240735866690565
-0.0121927605496482 -0.151617696383924 -0.0279139286021241 0.013086229197104
-0.0264972796758069 -0.15481107638466 0.016154234717279 -0.0153075352237341
0.0114952006900986 -0.184808672946507 0.0614934617925075 -0.033816582239131
0.0774467532479296 -0.18113000231788 0.104446200454326 -0.0312656928262688
0.157121463985626 -0.168219947849248 0.139509765449879 0.0195334643763578
0.220891023455699 -0.083673534727286 0.127951688523934 0.0897226202398383
0.244156058968593 0.0509283631673181 0.0358721980366785 0.07345314132447
0.248247348025715 0.130345293070906 -0.020606812461498 -0.0344195278910961
0.175856017574734 0.136243430317288 -0.146108087310581 -0.0369418031388233
0.218193458456955 0.111114120888461 -0.139817584014178 -0.127526343259914
0.245880453359969 -0.000117132108913881 -0.167130413669013 -0.0997165976150837
0.208166268807327 -0.11346713714697 -0.160901197000513 -0.0418911918358708
0.126361331451699 -0.157384620906167 -0.113470142147495 -0.0271806034179397
0.0585332475334519 -0.170807180097538 -0.0827517531125619 -0.03303083502117
0.00223619458951872 -0.160461180010798 -0.0616617865013859 -0.0445429704903426
-0.0043726863420407 -0.139273787215158 -0.0318390177917816 -0.053203720520351
-0.00748601994385916 -0.143471110157384 0.0136648091957138 -0.0787451096888778
0.0372279564766818 -0.165242383232575 0.0653948297731867 -0.0893471730057214
0.0999752979969143 -0.152591352452375 0.114825892838721 -0.0719365743094776
0.170248084692663 -0.126527976252888 0.14340394707597 0.000733498991205557
0.212790701319944 -0.0387573146685744 0.109664398086444 0.0773307532114805
0.216134489643085 0.0853178108957113 -0.00145211299112899 0.054412130696222
0.206520943783764 0.144354873149027 -0.0776109447750642 -0.0852416904926498
0.120979256151902 0.106176369848345 -0.202790210525291 -0.0925223213793965
0.164141791407917 0.088474640582811 -0.186412486597449 -0.136599753875782
0.189955193181217 -0.00201786409145746 -0.168273139064839 -0.102065988793353
0.156406695787865 -0.0919292218628213 -0.137656877325201 -0.0580016437356345
0.091729439826034 -0.118720599109102 -0.0891929537495341 -0.0716396785302574
0.0456618904272657 -0.127634947899711 -0.0755971257541258 -0.0878834661240498
0.00645509659503049 -0.121874456869693 -0.0609259999390314 -0.102524532378536
0.00381120207193018 -0.106328574070347 -0.0294756499504837 -0.109339587381172
0.00997786718233834 -0.111153247776192 0.0237541412694983 -0.133762574887562
0.0514759871482201 -0.121233769810036 0.0854229101183926 -0.133003642443655
0.102121288829695 -0.103702386593883 0.139606527546587 -0.098144190620081
0.153455769024425 -0.0691497096110938 0.15190815303638 -0.00843887711886926
0.172746970932116 0.00816914886902217 0.0950954525944677 0.0627542818571338
0.158327614028939 0.105812922492154 -0.0224181088987181 0.0271384322836998
0.136988007173614 0.136343694382863 -0.110978766766387 -0.132870605520167
0.0406318349165013 0.0656631569399492 -0.232321665918534 -0.127302425730453
0.0775729668319361 0.0615991259669612 -0.209165388242929 -0.13160698967338
0.100351265905227 0.00714859265800392 -0.163231175363306 -0.103673988321914
0.0819373083124001 -0.0439925854399547 -0.124004904173778 -0.0741357351532827
0.0509876985851212 -0.0523958188151082 -0.0818790540080926 -0.100840168726784
0.0329480419935406 -0.0618291798320656 -0.0777806892717765 -0.120483868880829
0.0137502186251413 -0.064420701912117 -0.0602517309913742 -0.137327909670384
0.0112727688076349 -0.0568381766450001 -0.0225646670855869 -0.147766143110213
0.0178404468254877 -0.0620411356630115 0.0409194897856206 -0.170650962440014
0.0447706724837713 -0.064130614221915 0.114219642266168 -0.15949605627041
0.0739736200747917 -0.0512987209013414 0.170477045854587 -0.105877988433937
0.104017818366238 -0.0240008892555738 0.164950266749628 -0.0068089554980287
0.108806299353807 0.0334035974641743 0.0904743141755962 0.0488588560523645
0.0859093848132844 0.0948699211006367 -0.0235221212015887 0.00130169884044873
0.0552000638790017 0.100543566585735 -0.118705162078321 -0.167061344604098
0.0223440328583584 -0.0315344898579906 0.136501915116626 0.161433160708133
-0.0163793342049676 -0.04041059255681 0.0608505226111459 0.00311152319108411
-0.0436956491457276 -0.0193437430308374 -0.0771676558535152 -0.059686230345167
-0.0349697859616244 0.0071758004470389 -0.17006391512086 -0.0226046968323631
-0.0232538581139157 0.00847777932699768 -0.200938294408384 0.0958806345797998
-0.0213941916809143 0.00546846178746802 -0.136159374617516 0.169204403267345
-0.0211115563289216 0.00281625174025568 -0.0502395182364729 0.18303593906027
-0.0182073203488633 -0.00153620110616959 0.0193550218549742 0.175019412729819
-0.0275172214780532 -0.00433933398631469 0.0669122432103717 0.148062588076113
-0.0296173937433929 -0.0151144180599737 0.0931526093570323 0.126239216316228
-0.0208438158300735 -0.0199853058644286 0.0978785909126992 0.108114141412345
-0.0203256248490716 -0.0258108069129559 0.120065759061477 0.101327566356629
-0.010159628674655 -0.0340476459920643 0.154349248108341 0.107033480194813
0.0168513910210924 -0.035530159586063 0.171951265973302 0.112604973831649
0.0393057685082964 -0.0236956084243321 0.210284193405324 0.120217250813908
0.0872020872926674 0.0244464929100595 0.104575741513683 0.169710834013107
0.0561022707352584 0.00837565337794739 0.038925510131169 0.00475644782718983
0.035561783257514 -0.00691348531777902 -0.0917144169213122 -0.0533178646559746
0.0376510297044721 -0.0151426898367785 -0.176634779261774 -0.0173413345392375
0.0308495072862833 -0.0380486895754405 -0.202870560384435 0.0892684113792337
0.00789491850961307 -0.0528657650480048 -0.140349952086614 0.15781567682846
-0.016965139625287 -0.0576821541395839 -0.0596158355900951 0.173096211427251
-0.0216072659889601 -0.056720634901175 0.00845905647827545 0.163066621390587
-0.0390842769735283 -0.0609572236902626 0.0587434352278528 0.133507283432384
-0.0274852411165784 -0.0834979625970248 0.0898786264021674 0.108558018731631
0.00554239319332635 -0.087272614017998 0.101732319517371 0.0936631719076189
0.0394654303751468 -0.0877857816869535 0.124384715360201 0.0903614642476345
0.0741420954594501 -0.0621207287759286 0.151627595057156 0.101992076065999
0.106742099814758 -0.0160461106592952 0.151883751208874 0.094213301231816
0.130215817298402 0.0221361501223187 0.177423980227878 0.0910114407703565
0.141347633251545 0.0787826560224224 0.0576561530290805 0.145484707901587
0.127515034302117 0.0581641254942067 0.00971716126441353 -0.0179810220293167
0.119134791876551 0.00551840812969057 -0.112274874211209 -0.0596903465104756
0.112686399929512 -0.0416720520047886 -0.184743033625853 -0.0147621331155072
0.0816354197737499 -0.085089232969724 -0.192454654299015 0.079507188093512
0.0356452400959541 -0.107600360510836 -0.131212740605877 0.131930722338173
-0.0111816077614996 -0.112068657823244 -0.0629612550579257 0.140463031229248
-0.022712088901886 -0.103729187458505 -0.00344858352761227 0.127835668456314
-0.045546813897106 -0.106218284611079 0.0453691932467278 0.0964026492296393
-0.0255861531760969 -0.137078086224361 0.0809394366094014 0.0713559745213591
0.0243370089933274 -0.14149355770059 0.10307550017771 0.0592735513582073
0.0832349191963189 -0.141876641638389 0.130733949212563 0.0683817212262701
0.140415345691752 -0.0911785746510161 0.148439411037563 0.095791264500004
0.179495826359995 -0.00278521272117897 0.119644140809737 0.0833566330705291
0.201927431138576 0.0601287378608824 0.120211604681764 0.0537759316540232
0.178219358990668 0.117544798922109 -0.00161405275774638 0.0948973289145447
0.187616681344086 0.0944525270793363 -0.0286206639490622 -0.0555464044305652
0.193817340412242 0.00814519973550302 -0.132784290528868 -0.0746085751634221
0.174375082944661 -0.0758576108050073 -0.185656534290315 -0.016299480317876
0.117207641999047 -0.128985232953014 -0.17000721849656 0.058490557979418
0.0530840040992086 -0.15148558138951 -0.113929883893187 0.0895919607354637
-0.00717570185791673 -0.149909996870555 -0.0620536942693622 0.0890870183038732
-0.0208368432873819 -0.134616621124527 -0.01570078840256 0.0747515508081148
-0.0423170557423909 -0.136085092616548 0.0291451035709984 0.0449455496637149
-0.0148969110619972 -0.170374805811628 0.0678839596011986 0.0213069544223098
0.044193520456746 -0.173072906455126 0.100844254398564 0.014674400247926
0.117127592044923 -0.171429000900401 0.133240826884853 0.0411149055886816
0.185613240184054 -0.102772312126727 0.139372981705905 0.0893877416104278
0.223865561103225 0.0144739947214176 0.0784053496461595 0.0777576562157721
0.239600120361782 0.0917427159092354 0.0504018920514166 0.0129331452755847
0.190392064732744 0.133622263881528 -0.0710790336254102 0.0306463975561187
0.219521448126377 0.108016781197264 -0.0800663774074019 -0.0940473283502674
0.238049912618605 0.00102329255556636 -0.149794672956718 -0.0870784837199952
0.205323375101984 -0.106347648337971 -0.173114018812366 -0.0241784738708082
0.128431962144973 -0.157107518341869 -0.138956462445027 0.0220984781052702
0.0574480225206483 -0.173194871173422 -0.0950130986424567 0.0323600689359299
-0.00468392067168048 -0.164858065636175 -0.0606287497231135 0.0247116913005791
-0.0150238117898016 -0.14434434829751 -0.0258814011406181 0.0129682154474768
-0.0292808113276409 -0.146603325446334 0.0157486665301095 -0.0146972578955558
0.00602541448659183 -0.177405702015351 0.0583195236397217 -0.033593024628188
0.0686579610070135 -0.174977484088216 0.100068766314824 -0.0307565533967348
0.145123529426919 -0.164505671123949 0.133970474454151 0.0161347244381503
0.207182053183766 -0.0843812249788643 0.124203145375324 0.0817861953880192
0.233583088032672 0.0438032773728233 0.0360428809294583 0.0683949776591746
0.237419843528156 0.117444435937708 -0.0196562682224578 -0.0315374074141852
0.170476235825514 0.12552868849101 -0.14027999636153 -0.0335752465032832
0.210344497042563 0.100970636577542 -0.134838659516882 -0.119866232938525
0.233283089719854 -0.00659188820802015 -0.159954082778003 -0.0931537449563211
0.194273641669544 -0.113422904576024 -0.152902206821376 -0.0368645211945053
0.115371475357573 -0.154027147690376 -0.108059507801231 -0.022693799141377
0.050908418406181 -0.164050215770595 -0.0811436528243809 -0.0293814416175352
-0.00240792506243503 -0.153184308148149 -0.0606870634518273 -0.040601237900597
-0.0073368472715437 -0.132555033423962 -0.031387916795224 -0.0491756703081261
-0.0103762678767301 -0.136258040492425 0.0125182735401802 -0.0754036113446334
0.031442022720529 -0.15829836698776 0.0607235390105588 -0.0866297437518048
0.0909654205200935 -0.148541697346829 0.109470044492581 -0.0704005259188672
0.158488911848808 -0.125979443639591 0.135639980583811 -0.00262933337012859
0.200623038587289 -0.0423659060330261 0.106413771567884 0.0712584613639129
0.208131751109852 0.0768700805494682 -0.000323027412710322 0.0509586254945106
0.197926193523891 0.131707009941514 -0.0760318384200835 -0.0787358032351969
0.118091756678053 0.0978661457713741 -0.195558033573185 -0.0849380489886686
0.157569572363317 0.0804799648149285 -0.179418416576336 -0.128066210083187
0.180130170483783 -0.00681325845054421 -0.161149258715864 -0.0950080706395898
0.145331476681997 -0.09178611929965 -0.131311546155564 -0.0533052557009536
0.0840838567164529 -0.115689192235998 -0.0865262347623194 -0.0664673532572502
0.0396937090183538 -0.122714506403284 -0.07566605378257 -0.0828840444411112
0.00238800431831819 -0.116272167168821 -0.062164061150678 -0.0954373760186193
0.0014822446067975 -0.101272125171298 -0.0315907776818981 -0.103116821257276
0.00674442502809259 -0.10591887328064 0.019294769939442 -0.127709200004221
0.0464128726586138 -0.117064673153948 0.0780874404257527 -0.129099575163564
0.0938966681208009 -0.101354693745441 0.131863883689447 -0.0952750055877526
0.143836264049382 -0.0707239697062359 0.144485753463138 -0.0110008687091942
0.163968282836215 0.00402258810564703 0.0926395380997081 0.0575083978981723
0.152727740044717 0.0969896953232049 -0.0204203649556499 0.0259324886224132
0.131109068153057 0.125787087705518 -0.108800976456461 -0.123005044380035
0.0404566453708643 0.0606489748094853 -0.226078789432876 -0.117823044192674
0.0751306388812156 0.0565991296161979 -0.20166930651821 -0.12265731014676
0.0949912391848305 0.00419801852610874 -0.15657055082063 -0.0965488063543812
0.0761493673643973 -0.0439824905359894 -0.118797434748863 -0.0690144119935151
0.0467607724478246 -0.0517409081634987 -0.0803076514971259 -0.0948386023613903
0.0298365797857814 -0.0596917858507797 -0.078322130846274 -0.113386049632323
0.0112237042563682 -0.061599742143472 -0.0622924586652961 -0.129927946542517
0.00944973957920588 -0.0541750006179904 -0.0254306533547239 -0.139975065925401
0.0154646855836107 -0.0590323156295581 0.0349536419397368 -0.163812216337625
0.0408880070268576 -0.062148444992602 0.105025687248943 -0.154983259854599
0.0691075151094049 -0.0511083617195986 0.160799240093843 -0.104520417797949
0.0977120881738856 -0.025718645460021 0.156820319184878 -0.00992969073768507
0.10424749591554 0.0296892114993378 0.0872404906448495 0.0450600034867672
0.0836983006436123 0.0879823741313405 -0.0220833826973624 0.0017119765819198
0.0535950440645455 0.0928488145471114 -0.116516889374229 -0.156080858128457
0.0215900714026725 -0.0300359449054757 0.13339625645088 0.157175029374661
-0.0148774764521134 -0.0400389169015873 0.0590119301135402 0.00270850697590612
-0.0422396757319022 -0.0187657751718435 -0.0764382715835286 -0.0597164098531226
-0.0336876392086012 0.00732071009299319 -0.166203149477466 -0.0230319024664979
-0.022420004160323 0.00773998453414718 -0.195730794582311 0.0930499967491834
-0.0203033690424393 0.00536183921911966 -0.132792591273463 0.165384955014923
-0.0209916690786728 0.00310575650994238 -0.0490673365861556 0.178554868509899
-0.0180484961504677 -0.0021262991939626 0.0209274114456464 0.170308882315693
-0.0270928558250623 -0.00446370640836214 0.0667094495910938 0.14412286286913
-0.028509209762996 -0.0154336255765783 0.0915778468229255 0.123485434567092
-0.020120820270462 -0.0191004851672551 0.0955733218051721 0.106624341980064
-0.0197402594333469 -0.0252773450511449 0.116668548586612 0.0999317379093137
-0.00983171845471272 -0.0331096091410034 0.148788538783187 0.104587367958489
0.0176037881602219 -0.0348696066058383 0.16550302436403 0.110454112833543
0.0382118894582662 -0.0223382277492854 0.205471079996007 0.119548223323327
0.0851315057400491 0.0245512457057641 0.102426169032303 0.164682256085713
0.0554065630507849 0.00785131849246079 0.0381474355371636 0.00430560475757469
0.0348505181192777 -0.00734649734643432 -0.0895232233148153 -0.0533408113904763
0.0360968245761137 -0.0146340157027906 -0.172828981991711 -0.0186676148849408
0.029289888559557 -0.0376170298543976 -0.19798592181522 0.0874118129899349
0.00764661040568811 -0.0515810377092731 -0.136762348286686 0.153987464458469
-0.0172229320225846 -0.0561678519749818 -0.0581814944840588 0.168965837379346
-0.0215561269392082 -0.0559444128156178 0.0101717592634586 0.158841324977833
-0.0379116530363907 -0.0596315646074366 0.0588714165620483 0.129056532902202
-0.0271368961842146 -0.0820409133948626 0.0887095558704718 0.10678170667984
0.00589487622275888 -0.0854756661528461 0.0999038441777926 0.0921523410953336
0.0386449129413237 -0.0854323963727922 0.121099486843364 0.0884914773337374
0.0716106457819667 -0.0605680501489427 0.147319843872046 0.0986725290316326
0.104781246502571 -0.0154020660154896 0.147074637701549 0.0929454358972425
0.126463295847023 0.0220384598223026 0.174080183977207 0.0902891632607153
0.137439449580914 0.0776331631825757 0.056913928309533 0.140770162188029
0.124578523708413 0.056818144797966 0.0101659623021366 -0.0185769536261757
0.115570169221069 0.0050804178027269 -0.109055156274688 -0.0602764179179845
0.108277283026765 -0.0404687682839523 -0.179850629232617 -0.0157864473119525
0.0784778179305498 -0.0836064789673367 -0.187422144055397 0.0778652626114996
0.0343826670438599 -0.105535925543123 -0.128036858088254 0.128868854380653
-0.0117461598111012 -0.108801910234294 -0.0609293814196198 0.13732321159151
-0.0228777749448962 -0.101862059020818 -0.0019697364729769 0.124165438450119
-0.0444196431799837 -0.104341005961397 0.0458961506867003 0.0940786408280073
-0.0253859219236395 -0.134561981962294 0.0801500868992034 0.069800833189696
0.0234891167078727 -0.13842813499698 0.101972748289111 0.0585681178358768
0.0815200120192676 -0.138557081242526 0.126567041392729 0.0667572592613182
0.135948615664348 -0.089077818518156 0.144407640879391 0.093018305965606
0.175742360659409 -0.00197854704239142 0.115645667197445 0.0818771870377974
0.195442649659059 0.0595145125060996 0.118587165852445 0.0539657460743965
0.174110747584813 0.115098384901614 -0.00126695157123581 0.0910732357779873
0.182886120505743 0.0914178731582229 -0.0274842436006496 -0.0560249500914436
0.188281831721522 0.00705014243216903 -0.128410247036526 -0.07467788495398
0.168715317556187 -0.0745780958981099 -0.180162735460138 -0.0178834206653791
0.112568721522536 -0.126710095986185 -0.165365651557373 0.0569545805367472
0.0514634954763041 -0.147850744398719 -0.111144601397216 0.086982039631441
-0.00773166267870773 -0.146756132245478 -0.0605348743721649 0.0869969554666604
-0.0207069141808262 -0.131617182106208 -0.0140931968111372 0.0729478708436384
-0.041319319127815 -0.132999317945595 0.0300979486184002 0.0434963384630312
-0.0148572300678059 -0.166256140540309 0.0670302072300634 0.0205505034763241
0.0425223790803779 -0.169475499818615 0.100239453205869 0.0152346393900177
0.114071524342374 -0.168336444773745 0.129481996078877 0.0410675636602811
0.17983825490278 -0.100494407688758 0.136307189228811 0.0861173493987886
0.218643429049254 0.0150941149382951 0.0763911166926195 0.0754389809076784
0.232201084897604 0.0899291114478066 0.0490932158354302 0.0134323715092864
0.186121568842267 0.130100592786498 -0.0688292979023002 0.0280190306487222
0.214550496887822 0.105217228595609 -0.0766770420317368 -0.0924925005157853
0.231155067075535 2.61093245608399E-05 -0.144721450008408 -0.0872148588798849
0.198606377461998 -0.104140627423577 -0.16724655367176 -0.0252788251518042
0.123889777820808 -0.153531731098151 -0.135367447277324 0.0220028971773481
0.055028527146051 -0.168881734380282 -0.0929222157342597 0.0313157741735249
-0.00512152728914322 -0.161103115759894 -0.0595636510868774 0.0246879406084553
-0.0147518682102522 -0.140866999467812 -0.0246705972651628 0.0124060485811769
-0.0289888583975539 -0.14287491313804 0.0167752495707628 -0.0144088518419473
0.00517287713335025 -0.173142946438593 0.0576591787920354 -0.0328218884165987
0.0667086033268589 -0.171726347224581 0.0989676762933361 -0.0296486076937943
0.141367336879097 -0.162167385946089 0.129258919313585 0.0158586670929434
0.201397623946611 -0.0827104015557509 0.121477715409811 0.0792176028939954
0.228428154537209 0.0427206654726515 0.0346820846147445 0.066622763727738
0.229639481508761 0.11438443032164 -0.0188825224670636 -0.0297960255683734
0.166715600817755 0.122282235390369 -0.136807065603671 -0.0340616197385126
0.205202282102188 0.0983269880582987 -0.130272977217541 -0.118499463893911
0.225556177691217 -0.00702916727664843 -0.154259163736825 -0.0930341681196079
0.187861855166711 -0.111010706047619 -0.147104940137571 -0.0373678724775579
0.111414817854253 -0.150153677295591 -0.105311866313169 -0.0223194817839162
0.0487174492110998 -0.15993191875355 -0.0796389854076556 -0.0290044596992958
-0.00248700130532202 -0.149763723576692 -0.0601066482555125 -0.0392671783620616
-0.00677474313172422 -0.129209600787981 -0.0304575333602661 -0.0482476176058433
-0.0107391443952615 -0.13270867503801 0.0124476176744126 -0.0735175096639127
0.0300976202137106 -0.155329205414907 0.0596843098200181 -0.0853835048491165
0.0875386807897407 -0.145825508637431 0.108590826274677 -0.0683420621964598
0.15385536316428 -0.123704857797422 0.131731119184794 -0.00219944456616002
0.194648920435866 -0.040765792054808 0.104487298026402 0.0685456602724544
0.202795051037943 0.0754800406449779 0.000756605615114458 0.0492251660237232
0.191087811662412 0.127196001917684 -0.0738589058972924 -0.0758889492942423
0.115474719041319 0.0949839017872462 -0.191334351458369 -0.0843635685312187
0.153630623366977 0.0779466202203549 -0.173705483196558 -0.126625233192088
0.174476622905757 -0.00770371997119941 -0.155602433700501 -0.0938128033815149
0.140554370677864 -0.089918255721896 -0.126030615786908 -0.0530084007943339
0.0810728496118294 -0.113426303251927 -0.0842649366088765 -0.0648051077142177
0.0374496085778578 -0.120292469475105 -0.0746736268009879 -0.0810118784569907
0.00202418309373444 -0.113624492442316 -0.0618840149342285 -0.0923734905058462
0.00142867330102009 -0.097893072024068 -0.0308826897248409 -0.100073438609199
0.00582498066254215 -0.102759227834044 0.0192637859339211 -0.124575236251946
0.0454545554412072 -0.114711758076601 0.0760942184376311 -0.126680027830985
0.0905764328731729 -0.100144240796564 0.129901244202878 -0.0928948175450339
0.139845157251539 -0.0692898436114122 0.140318726773479 -0.0107003036672044
0.159184565666857 0.00439054371571833 0.0903216641680099 0.0564277615987345
0.148714163806613 0.0947386399248693 -0.0190859024723359 0.0247634422975362
0.126522236930078 0.121445345540978 -0.10681439781327 -0.120093543113742
0.0400153711300202 0.0584551814283681 -0.221361318475705 -0.116056869735015
0.0732851622856942 0.0548990091570549 -0.195537512293223 -0.121112609344383
0.0921240173841101 0.003729323024173 -0.150991213897471 -0.0947437889958914
0.0730895669274139 -0.0430579779235964 -0.114496624831145 -0.0684742844289776
0.0453941914097933 -0.0510106022491984 -0.0790398683011091 -0.0926334174043053
0.0281764405493874 -0.0587302033996616 -0.0775116896795634 -0.111154408887006
0.0104108386805687 -0.0600083474503365 -0.0625834742118128 -0.125572225959198
0.00967943311007411 -0.0521216609973779 -0.025859480525853 -0.136262967852114
0.0146726198788158 -0.0566624072456747 0.033814444580328 -0.159761172619422
0.0401205286873439 -0.0603915287510776 0.10143618826197 -0.152383015573135
0.0663227305774609 -0.0503451834647696 0.158356134243102 -0.101963869248649
0.0950207220591489 -0.0249231751184373 0.153524594695801 -0.00980445977389896
0.100686458147232 0.0293302753757825 0.0853596325514436 0.04446622248106
0.0803328476250517 0.085080689749227 -0.0207060182070457 0.0021634468600174
0.0508237528389151 0.0891843010082127 -0.114177110789499 -0.151560960090522
0.00865273325715234 -0.039120475183188 0.18730422309209 0.0867259891512724
-0.0302168750259488 -0.0311388268374441 0.0531308841819797 -0.0231098878552871
-0.0454512632351452 0.000879952701594537 -0.0963264453040858 -0.0202514820282746
-0.0257378596879462 0.0225035769893209 -0.163645853035165 0.0514743406082485
-0.0139616745800378 0.0171355497781161 -0.13596845244825 0.170491069232414
-0.0140985731391652 0.0131079717998574 -0.0485092362630565 0.207894840025313
-0.0182425843937168 0.0121100025143855 0.0317764087814419 0.18418035768623
-0.0181764363738688 0.00407751260751125 0.0939038873221586 0.145705549648422
-0.0268554382397287 0.00737777293502576 0.125181256454182 0.100701750181152
-0.0322627543106993 -0.00230233396969495 0.137472993530711 0.0718561177915586
-0.0257634353092919 -0.0100158929039914 0.133000005503462 0.0553835438076425
-0.0263104576207445 -0.0128791469386016 0.148960364746667 0.0392699106912263
-0.0218378232155033 -0.0247720206339015 0.178126064181328 0.0301134876467594
0.00340727706553436 -0.0380463246766723 0.197195692407123 0.0336855550162919
0.0273102325154833 -0.0369125748371304 0.240539630925953 0.0266274583425828
0.0887053038934145 -0.0134646824136159 0.165926058660168 0.104719182473972
0.0532396336467285 -0.0162213512897424 0.0370925356290918 -0.0146373227451901
0.0286822322091801 -0.0194207772534301 -0.104222316889972 -0.0133179417900483
0.0275961622256781 -0.0253972627557743 -0.1656959511497 0.055051577921457
0.0136934991835874 -0.045272385744694 -0.1409220524739 0.163781647284574
-0.0130206554155672 -0.0501823788789233 -0.0575749271155517 0.197987814413333
-0.0391520185402111 -0.0432976091302399 0.0195127823734735 0.17759335164647
-0.0436835963063437 -0.0449312027594367 0.0799058442131564 0.13819602560007
-0.0599282625946896 -0.0388515943336637 0.112437940933975 0.0896790510724336
-0.0592504724786235 -0.0647999892432239 0.12920638084792 0.0558473206506473
-0.0296474175117759 -0.0822968482224278 0.134172176234816 0.0407677891686742
0.000617928315990035 -0.0929559155944766 0.154258047169419 0.0291967669220854
0.0422549938199701 -0.084734759865229 0.176062782415086 0.0287351426803728
0.0926044497976492 -0.0582886176653013 0.171346500836258 0.029556647776656
0.129771808932055 -0.0356295077909756 0.19569558303593 0.0173250476439615
0.158088176294594 0.0145567786135938 0.117203500855339 0.100782933366387
0.13476270155351 0.00110306617323193 0.00443538993822515 -0.025136650594582
0.106789621340576 -0.040477155974956 -0.122933769194098 -0.0154745220451397
0.0808540476726282 -0.077810834308565 -0.168943792615041 0.0565229890702293
0.0387199494496111 -0.106174032306223 -0.137071161373916 0.147626434458922
-0.0114555017483745 -0.110073750516876 -0.0623026994723072 0.170115282583293
-0.055939481109044 -0.0937494292308049 0.00187766895221584 0.148331474668885
-0.0631073926210191 -0.0869337976163998 0.0534320467365611 0.111754515239553
-0.0841614153918633 -0.077578548514592 0.0852146610874116 0.0627282615794536
-0.0796653311350607 -0.114039005663209 0.106750009227961 0.0252073779393021
-0.0359362579340761 -0.139417626477521 0.124671935620198 0.0094825047132529
0.0160536265257869 -0.160185890607749 0.155344798123414 0.00786873000232359
0.0895319683034759 -0.137772262270708 0.173589529377883 0.0263505380813013
0.163247705034134 -0.0760869068494374 0.138604239574335 0.0343372487982766
0.209819600036574 -0.0330114534231076 0.126254567499889 0.0108011024792728
0.205612564072176 0.0361811736140701 0.044768484443268 0.0792029271965238
0.201594750178021 0.0107706523559742 -0.0447956979535806 -0.0444248316450765
0.173180747357887 -0.0667005415274226 -0.144983701045489 -0.0232143014394199
0.120755505316391 -0.132227960155004 -0.168629331877267 0.0510478514001142
0.0510472971951548 -0.159184260460478 -0.127431447393184 0.11743725092186
-0.0146147590996556 -0.155343082761732 -0.0655249873144244 0.123992459277278
-0.0679804049256643 -0.129492372205327 -0.0201353340416062 0.101239636329275
-0.0735225464139938 -0.11505521452538 0.020074862294341 0.0709350040857143
-0.0930204474955424 -0.104846409864171 0.0492381398728968 0.0239047030722615
-0.0843892596411781 -0.147487876779046 0.0746165358588395 -0.0140661504997276
-0.0314540394021453 -0.176724867685627 0.105906482485507 -0.0283044387991344
0.0332277080551804 -0.201649356074599 0.149070280408232 -0.0159488554288821
0.125421049255769 -0.167020645331369 0.164586143457411 0.0252111854473217
0.20963384475499 -0.0787097396193468 0.0996748892751202 0.0470630326875682
0.257345241383053 -0.0215295161116456 0.0436796036883056 0.00417910455512228
0.222422604565747 0.0469480792614217 -0.0433353476418504 0.0494036971256609
0.235149179285057 0.0110632185880456 -0.105259560172493 -0.0580103132022234
0.208691327280809 -0.0897235784034463 -0.164491877568014 -0.0299252665034235
0.135198911346369 -0.17057159462122 -0.16078596933482 0.0367852631061684
0.0496523167398213 -0.187215231379279 -0.116434710800451 0.0715013092168276
-0.0204558017545541 -0.176187478770354 -0.0734483871121828 0.0646745075097979
-0.0722075100052277 -0.143196962386415 -0.0463468875138326 0.0435344630971723
-0.0717258359652787 -0.125782695697712 -0.0156112156183575 0.0204853386729783
-0.0861962212528266 -0.119286707507381 0.0113177751082161 -0.0233988283020177
-0.0686137625785927 -0.162370029405306 0.0426191199333521 -0.0586134327455139
-0.0112972207001757 -0.18911591564738 0.0866156978081483 -0.0678394823737918
0.059673155844604 -0.207932906843132 0.139344908664251 -0.0369428613618197
0.152502714067105 -0.159642680155753 0.148139421457666 0.0259269631694842
0.229475719043269 -0.0575194907895398 0.0572689459311743 0.0573022298477422
0.26481266814502 0.00289576816640532 -0.0385173031028928 -0.0075140795386616
0.201330840735483 0.0480522045772933 -0.132494818357731 0.02068742313639
0.225364812315585 0.00941897944702072 -0.165701118913484 -0.057854850700307
0.202169016693253 -0.0938108198708061 -0.175740798053684 -0.0312599659284196
0.122133189993335 -0.172985293537405 -0.147759881516115 0.0173205421805255
0.0391879884989532 -0.17940528477198 -0.108924364228536 0.0187389750015689
-0.0236414367724327 -0.164821634649621 -0.0880958092230926 0.00441341497031699
-0.0648790916459053 -0.134116704964339 -0.0742602562747596 -0.0138207644814918
-0.0595035216822916 -0.117975007756119 -0.0478153324508288 -0.0315080633427073
-0.0651282421789999 -0.117801718137038 -0.0185374689809627 -0.0742516335550202
-0.0376352860345192 -0.156428102186668 0.0210535092586275 -0.105454019685362
0.0192819500959437 -0.173290544590951 0.0772163043779139 -0.10600273512543
0.0880275797851833 -0.178655841633515 0.1315074747906 -0.052525848453849
0.164262440732303 -0.119116317853868 0.12703815257201 0.0244109905819319
0.219027778166547 -0.0170747553601229 0.0173218223985306 0.0549587111276807
0.233834002471477 0.0320838016788619 -0.108676838634715 -0.0287172414072721
0.143836611424576 0.0445218738677824 -0.206215996974405 -0.00115094685233618
0.170995313653257 0.0122848482929396 -0.209787254217775 -0.0454797666659821
0.155218678926439 -0.0734413535238424 -0.178257813440449 -0.0289294670619481
0.0885879928295525 -0.134766461049141 -0.136092706669851 -0.00310688122953894
0.0265384984417815 -0.133662710035394 -0.107796368596326 -0.0272031066335292
-0.016602539493804 -0.124197708931799 -0.105384783017624 -0.0440224000882501
-0.0455659709768196 -0.103951583548221 -0.0992482384000551 -0.060610743186971
-0.0382184553776169 -0.0920131250888776 -0.0715634992560756 -0.0782365958969845
-0.0368388130251598 -0.0975979132491992 -0.0358972293722152 -0.12224904098028
-0.00691067109681726 -0.12558101926366 0.0172018197175603 -0.149500757560346
0.0414786465118776 -0.13235319951546 0.0840865719590651 -0.136487979696521
0.0980100243665192 -0.123766322692981 0.132602596058994 -0.0624597015338187
0.150514220967334 -0.0620640797163929 0.1070640705446 0.0185092453160524
0.177150566674216 0.0239271299653855 -0.0114109194392118 0.0381140404943821
0.170173486622875 0.0552460579574661 -0.155794747984403 -0.0585415156585559
0.0607763223457726 0.0410528276974824 -0.249684857331491 -0.0153202059020106
0.089192147586437 0.0237432683050012 -0.228861352292033 -0.0291792812357187
0.0849873954283577 -0.0311949354501366 -0.174823153028153 -0.0276964186683222
0.047197258595059 -0.0658755520552434 -0.132495308619547 -0.0176788515578824
0.019708753661286 -0.0624817606955923 -0.113266636938825 -0.0529935574815348
0.000166766134702187 -0.0643041495714375 -0.119943641072729 -0.0690292005733464
-0.0154929158320457 -0.0585893588975339 -0.114010781915199 -0.089177869466138
-0.0117165942752422 -0.0521965591740171 -0.0827150600987093 -0.112463161846005
-0.00898291925171537 -0.0585110617810705 -0.0388831496984189 -0.160315674685758
0.011182085705095 -0.0734581830900665 0.027839658541808 -0.181816909872164
0.0399919064466704 -0.0752519641598843 0.102580811411513 -0.157721336734395
0.076772703940059 -0.063552523916082 0.140315775617515 -0.0678289673713666
0.107454059168738 -0.0141947833104364 0.0955552195648222 0.00799371469405034
0.110078748302575 0.0440186068171689 -0.0219352428099544 0.0147040934120777
0.0854246267953429 0.0590581975820534 -0.173273044680566 -0.0885145860132683
0.00802056086483564 -0.0394451195647885 0.193872055371275 0.0821562663382146
-0.0314618085099428 -0.0313620807514705 0.0538659803934095 -0.0253432143525435
-0.0461740711155181 0.00182350036076981 -0.0999401671652801 -0.0186112345965641
-0.0254581502540603 0.0241294618367925 -0.166637825638163 0.0558894808463545
-0.0141094653192496 0.0175975931791374 -0.134189853190213 0.177845805209176
-0.0141998288198662 0.0135485160506075 -0.0427374859347464 0.214695863327995
-0.0180737140108565 0.0129721382342063 0.0380966710344689 0.187452570125058
-0.0190781473375187 0.00472150189487236 0.101352624881993 0.144478521958431
-0.0276382893738906 0.00797231662368118 0.131727552873422 0.0982449406364889
-0.03369170876841 -0.00195972930826567 0.14355695451861 0.0698982973978616
-0.025771361875751 -0.0096400362435313 0.137616602160518 0.0542145718593972
-0.0271207472470097 -0.0120565793042741 0.153181199544813 0.0365481025577576
-0.0232237399261235 -0.0245179927511224 0.180899591560385 0.026886933629228
0.00298880908120164 -0.0397572244529234 0.201353796675995 0.0309421490246753
0.0270457784088886 -0.0377560076249239 0.248100371080732 0.0215997723180838
0.0908353123396912 -0.015773404246016 0.173205034949541 0.101322605314226
0.0536698568381793 -0.018723243322411 0.0378348819831151 -0.0163668127942446
0.0285673284420817 -0.021207718819356 -0.107773384086489 -0.0115050037871773
0.0268414752243381 -0.0265484728806468 -0.168568048967449 0.0592371983195252
0.011531292023288 -0.0462355274984182 -0.138476952492333 0.171093155845708
-0.0147323628070859 -0.0509815544876739 -0.0529147457676185 0.204175335998561
-0.0417713292481882 -0.0426816837366782 0.0248515955984773 0.180825716904307
-0.0468540608964338 -0.0450068654265622 0.0863434308024428 0.138223742758378
-0.0627138312329803 -0.0382291494551262 0.118781225544719 0.0870778709057144
-0.0632147151929957 -0.0645742131584663 0.13497515129393 0.0536395957159381
-0.0321042143246992 -0.0838752737995645 0.139319621124714 0.0383023059032741
-0.00187687988861645 -0.0952652368750562 0.157407850073328 0.0260660627540151
0.040482198882358 -0.0869783520984189 0.179546526131139 0.0245332068764097
0.0937999224967664 -0.0620743780398677 0.175204640153192 0.0257038472687872
0.131019256108122 -0.0397186941449903 0.201725443000253 0.0129389538100491
0.162161715224735 0.0106114032121706 0.122489293070711 0.0983844277053584
0.137746244323063 -0.00289975344601743 0.00419366618521181 -0.0262990584718901
0.106938185469521 -0.0448472156830473 -0.126643363840551 -0.0142213240214679
0.0797197692022334 -0.0819640382873537 -0.171680575330356 0.0607412367001053
0.0350598893251673 -0.109322611540679 -0.134827078036098 0.154901450084615
-0.0151591818790335 -0.112306987616924 -0.058773732248329 0.175142555229178
-0.0602476265821075 -0.0938261033610898 0.00651171534377114 0.151534189153966
-0.068009204353436 -0.0873583959292535 0.0586225929759519 0.112024655357111
-0.0879602155274745 -0.0765787289210909 0.0904408235456229 0.0595626153238878
-0.0859786918723991 -0.114561769734335 0.110430228064691 0.0222643778239143
-0.0402029516089926 -0.141952919594258 0.129541634555687 0.00599765545610353
0.0116525094094633 -0.164318856400389 0.158849669665554 0.00423876049716016
0.0872071297784407 -0.142587942167923 0.176943573848691 0.0214009445206962
0.165360470023795 -0.0824629866261853 0.141708427498877 0.0324377528284778
0.212802330316333 -0.0386377900591663 0.130890224934705 0.00839394933124752
0.211562367415458 0.0310657581426242 0.0477744098552493 0.0777857936025321
0.206443377427203 0.00500010064116176 -0.0463972701071316 -0.0449216360360401
0.173792238247466 -0.0735876100663871 -0.148794344668252 -0.021903063719814
0.118155953978709 -0.138688817967766 -0.171409816517708 0.0547957503136912
0.046394361779782 -0.163913553452821 -0.125682402396366 0.123606729646665
-0.0204677018243778 -0.158668296420641 -0.063340972145063 0.128290064412792
-0.0740191348998384 -0.129465214768688 -0.0168609503331389 0.104162607039919
-0.0790175111609776 -0.116204686209464 0.0227167177889166 0.0710157614502069
-0.0986451780267635 -0.104703416420153 0.0515921008408795 0.0212915447199406
-0.0917523847968623 -0.148823398317105 0.0767743591031913 -0.0166531808101
-0.0376087324918476 -0.179660450280955 0.109315362360737 -0.033222051930825
0.0277014496726447 -0.20744780958063 0.15197444457154 -0.0197916093897683
0.123178833148137 -0.173104802629813 0.168799609260599 0.0201945256525353
0.2124734089518 -0.0859753745221881 0.103146962777624 0.0460925615326462
0.260576993425902 -0.0282524043649774 0.0459688442479941 0.00436995301176778
0.228230163768942 0.0411052610424097 -0.0426025026065036 0.0501903039810219
0.241292128615178 0.00413176344942036 -0.108713926704442 -0.0577898444187754
0.209258971448873 -0.0975418099606186 -0.168910733063568 -0.0282705651903568
0.131845023502224 -0.17751346274129 -0.163120094303084 0.0400056651515176
0.0441515617126344 -0.193081322262744 -0.116250926558975 0.0759105999316311
-0.0266868021890365 -0.179221200822514 -0.0732627115632519 0.0685224169921472
-0.0783643181789004 -0.144122605885983 -0.0458088710527703 0.0459885341538806
-0.0773780845069438 -0.127085191883008 -0.0155946950833656 0.0212107221679643
-0.0910972037473601 -0.119367307768941 0.0117699201917428 -0.0253609162401362
-0.075875877798759 -0.164633445609825 0.0420900938725717 -0.0613876215109853
-0.0175576766105181 -0.192977307519775 0.0884436215059436 -0.073350679725976
0.0541688404385882 -0.215017446896856 0.14099766702608 -0.0408090823778764
0.150732275739444 -0.166944655791797 0.152065669726641 0.0207541614749922
0.23384128420595 -0.0647730077306225 0.0599866235859412 0.0568379697985501
0.269158482392441 -0.00416233377670231 -0.0388326661487432 -0.00491071458817435
0.206937667352569 0.0423387794773422 -0.135735046369451 0.0238182750538956
0.229737933670305 0.0030540947201175 -0.170606597075155 -0.0564510730405691
0.202085287349972 -0.101760759226067 -0.180397986609598 -0.0286499056307906
0.118684003400314 -0.179646894004448 -0.150288840046263 0.0193945137972237
0.034026600663153 -0.184530529162703 -0.109666774042167 0.0212725970695109
-0.0293365087498213 -0.16801276534991 -0.090584968867393 0.00702261311099481
-0.071129014463346 -0.135068818712257 -0.0767246618641484 -0.0112947242149619
-0.0643809230772169 -0.118909399148736 -0.0500623587718832 -0.0308044177702082
-0.0693277829535979 -0.117801604098038 -0.0205842652494919 -0.0760586571586738
-0.0451282452142021 -0.1589947262284 0.0188967708108586 -0.108641213614603
0.0141484187279652 -0.177645412607996 0.0775196986226382 -0.111302768854683
0.0833770086958387 -0.185402871724923 0.133406843329255 -0.0563836907049714
0.16430038904812 -0.12538028645714 0.130811334957637 0.0199616323476535
0.223867906041988 -0.0233128965423968 0.019901458822082 0.0554659791086808
0.238623927134722 0.0263653697845417 -0.11172481586333 -0.0251075747778751
0.147995316717295 0.0401725631041321 -0.211951512953927 0.00393677156520056
0.174869875541835 0.00741855034864803 -0.215626188504062 -0.0420851482666196
0.154487184367698 -0.0798518912845042 -0.181881751074958 -0.0265349491767865
0.0856437382683836 -0.139691109340589 -0.13853265707626 -0.000672072442222961
0.0227472932256857 -0.137199275736895 -0.110680101277631 -0.0252669720926379
-0.0216066781367665 -0.126078576244371 -0.109584190359661 -0.0421148036952428
-0.0499012163106459 -0.104647443993212 -0.104002503351166 -0.0589337374174126
-0.0412758719101087 -0.0930767012273036 -0.0756195453453 -0.0774787674376931
-0.0405360789335705 -0.0979779738059614 -0.040069566553419 -0.124529714859788
-0.0115617608970122 -0.128650054546433 0.0128153385486651 -0.152946244931234
0.0372156163117372 -0.135892611675695 0.0835167499154826 -0.143007654485161
0.0959353559875272 -0.129129694689417 0.133483700201635 -0.0673881482367477
0.151688279439657 -0.0674457906395945 0.110685158724458 0.0152617773408823
0.181932088847106 0.0194312675521264 -0.0101606680534867 0.0388843675709602
0.174001486859732 0.0518775503421876 -0.160831372112469 -0.0541342731951988
0.0622954011884245 0.0390722663214388 -0.257266761717103 -0.00890538799632152
0.0913490398461008 0.0216667981416675 -0.23454157965572 -0.0242993191281898
0.0849122630977531 -0.0340926906540293 -0.178956394052057 -0.024873621514036
0.0454843090719722 -0.0692407946926835 -0.134848186205851 -0.0163199854346336
0.0175855635221195 -0.0648868721123816 -0.117562289653216 -0.0518072888477001
-0.00252559998681931 -0.0650652623918004 -0.125661587605982 -0.0667018441110015
-0.0175138537671586 -0.0591777771827541 -0.120106211190506 -0.0868189084986063
-0.0130946829101616 -0.0526883518305617 -0.0887845806439007 -0.111518410489343
-0.0108976464394239 -0.0592987039500748 -0.0448854921314962 -0.162779720199526
0.00968050651555013 -0.0759230315541933 0.0227482048940544 -0.187078564995894
0.0380836592642051 -0.0775869712821311 0.101037902045996 -0.164833026399654
0.0766554639310985 -0.0669877508200034 0.141144102848694 -0.0735391854306199
0.109004542292961 -0.0174103696354671 0.0987669841976485 0.00623187588449694
0.113376911404248 0.0425395097393085 -0.0215788703576412 0.0155998686457923
0.0874690756815596 0.0584719472353434 -0.179757145018939 -0.0842844420387705
0.00593796137737922 -0.0395219999083377 0.200891227066492 0.0710580062862361
-0.0340866958113651 -0.0305532197514032 0.0528269962817584 -0.0291709973547606
-0.0459957097056615 0.00414700701179591 -0.10260345632086 -0.0139638758956206
-0.0242639905732545 0.0259936213884819 -0.166600870614233 0.0653246202990606
-0.013651435877324 0.0182639540065896 -0.124177068584847 0.186766865497955
-0.0133765869447236 0.0139179417604718 -0.0307519870013008 0.219329992673978
-0.0171866656588588 0.0147104393517449 0.0498454645701406 0.186950959201546
-0.0194232742462534 0.00570165312123164 0.111117161998759 0.139267385616124
-0.0277413758571875 0.00918836333189423 0.139991259161098 0.0902737908714788
-0.0344068246018365 -0.000184242687819946 0.149708694081148 0.0621441686938013
-0.0259362395804584 -0.00829773510381389 0.14286226757352 0.0475601712604743
-0.0276976784373295 -0.0101677247842945 0.156497613794932 0.0290707261258551
-0.0244398539078246 -0.0230421593295929 0.182762022084074 0.0172573282340856
0.000908917391333726 -0.0410619249367084 0.203887222189125 0.0221391223930704
0.0254597612755092 -0.0388217830644926 0.253847888973852 0.00808068540798048
0.0908398271297183 -0.0206476105055141 0.180122503004717 0.0910615766158655
0.0533105864037452 -0.0222415506420096 0.03734268263093 -0.0195197830466563
0.0273888172842354 -0.0233938552327613 -0.109664513958673 -0.00621738038001909
0.0254116381930162 -0.0282103354899863 -0.167714589919894 0.0678619103616195
0.00830938694714708 -0.0472703485820692 -0.129493286964995 0.179963946202603
-0.0184735779155505 -0.0511967549006878 -0.0413542724246984 0.209255180110606
-0.0446692353363361 -0.0407340503550122 0.0363535290519555 0.181699847825683
-0.0508651008287806 -0.0428931600986456 0.0956784562331858 0.133133931675554
-0.0659333254775918 -0.0350383496414453 0.125605202110918 0.0794021066796882
-0.0684760385610838 -0.0619543672748664 0.140197600509525 0.0464340938487468
-0.0372067485895386 -0.0831263823605438 0.144086939472877 0.0309112680483352
-0.0071778966054013 -0.0960676630922152 0.16046081786446 0.0179880702588416
0.036027140554156 -0.089534847195459 0.180739919827054 0.0144492662008557
0.0916913711316781 -0.0684393981619166 0.177907673691499 0.0181462562194812
0.129780013623032 -0.0461935998401066 0.206969680340198 0.00244497621962097
0.164177988778313 0.00190259088589827 0.129352480278604 0.0909165202877225
0.139029106670814 -0.0110996958952689 0.00332454449203712 -0.0277815831254253
0.104398974504661 -0.0516269383721184 -0.128969225836665 -0.00817619816806259
0.0755968201157029 -0.0865998389994693 -0.170662796337786 0.0692535800102324
0.0277643372458649 -0.112579578451652 -0.125961800159468 0.163102242307558
-0.0224666451548862 -0.11262905687684 -0.0482338189793026 0.180319923386382
-0.0670253476555976 -0.0909293381831531 0.0162402553681805 0.153047711334745
-0.0747563050885202 -0.0849555805373452 0.0661653638359724 0.108835461168708
-0.0940280567311767 -0.0722169820972288 0.0951224605885202 0.0532798904253365
-0.0949047331405579 -0.110572893123032 0.114816631079808 0.0160741664106562
-0.0491535020812381 -0.141676630805683 0.132349372675828 -0.00150408618387899
0.00222261300875705 -0.167276837952925 0.160257301510353 -0.0034551083624048
0.0804329693062206 -0.148176074604205 0.17838681895721 0.0102179677625414
0.163567431038732 -0.0924441835074973 0.144622305050266 0.0252788476073054
0.211990917422335 -0.0501547092590025 0.134033200423123 0.00102548619869291
0.215111628675447 0.0185380666282175 0.0530983237045412 0.0742127530640161
0.208415440247034 -0.00714583980683329 -0.0486150409595864 -0.0444821905347466
0.169571296387709 -0.084006448084046 -0.151938068826651 -0.0152109758977296
0.110775705498058 -0.14619621171368 -0.170565057160961 0.0629435909385556
0.0360112463394337 -0.166891159800528 -0.119135662044704 0.131519538356753
-0.0306108322679219 -0.159086727960659 -0.0562556045572712 0.132828180939574
-0.0829619961968411 -0.126245682444 -0.01036110555247 0.106129149897803
-0.0873152463985607 -0.113197203135159 0.026927528849469 0.0694844189307019
-0.105825240072099 -0.099921058257942 0.0539028308369001 0.01670366042848
-0.102395731687928 -0.144508710999636 0.0774448000744546 -0.0219333322990752
-0.0490171508541042 -0.179925520746512 0.110686879679105 -0.0400473668833526
0.0148695321345436 -0.211059074914475 0.152297097007592 -0.0278038625521093
0.114079343235572 -0.181709281601128 0.170309235869707 0.00965930139562084
0.210910263790337 -0.0994329278597142 0.10648253502038 0.0407255798174236
0.260746856456258 -0.0420295950457158 0.0480567447090932 0.00226500267400248
0.23297977178831 0.0275568688237087 -0.0408936007794991 0.0516729230330066
0.24315952686875 -0.00932755666287887 -0.112391412267207 -0.0534266952332754
0.204136990322959 -0.110127821962272 -0.172017293898412 -0.0209777323186095
0.12240901083585 -0.18652979992454 -0.162695355771811 0.0478920710014241
0.0320218935237853 -0.196990091672486 -0.11196151247459 0.083015018489557
-0.0386183874271192 -0.179233993146331 -0.0705465176819574 0.0724101259915294
-0.0883397091498393 -0.141062123007082 -0.0434914619773646 0.0496776538727103
-0.0862906015755192 -0.124072318775361 -0.0145011734985018 0.0216103388541838
-0.098711063106781 -0.115046170166516 0.0106778783392073 -0.0276798412272224
-0.0879184458223403 -0.161689828399171 0.0400576979600584 -0.064656818242774
-0.0291277356900412 -0.194209266478685 0.0863586489734256 -0.0796817904266061
0.0408986679562682 -0.220824937713731 0.139726594831838 -0.0483329831109132
0.142585696289193 -0.175959559283126 0.154220675825148 0.0109735539356648
0.233068435536676 -0.0787471969521535 0.0644259772306366 0.0538681324683826
0.270022138198777 -0.0190536880549906 -0.0383816291005271 -0.00158537061771617
0.211190549461612 0.0295960967902966 -0.136102031486446 0.0310566033269442
0.231998046153079 -0.00957196283569515 -0.174633505449016 -0.048648888660088
0.196347508349372 -0.114096910520303 -0.183643043043599 -0.0207256905267573
0.108632396983967 -0.1870660791181 -0.15093682554399 0.0266091463269576
0.0221404742368157 -0.188060165276384 -0.109421730293224 0.0273085893911777
-0.040328695374144 -0.167790680071142 -0.0914247436498484 0.011740759389866
-0.0802393018524793 -0.132247127307093 -0.0785440437011941 -0.00638694975163561
-0.072199679308707 -0.117400771518669 -0.0527305984365001 -0.0279454451033721
-0.0766369562805287 -0.114634195096847 -0.0252293237737445 -0.0765942969514123
-0.0559134953578312 -0.158078872007965 0.01292683413941 -0.111225809677047
0.00238999131079183 -0.180262112290564 0.0735209791301894 -0.117951575506499
0.07247435388321 -0.192396556248934 0.13090780700049 -0.0637749106088063
0.158620184947569 -0.135416113477076 0.133126679149449 0.0115224606175465
0.225263423895388 -0.0358179716683608 0.0235908599134743 0.054250799592253
0.240323547221217 0.014212340576345 -0.113504269983918 -0.0174156843247298
0.151474158848306 0.0312949256339689 -0.214976225450022 0.0158187357733892
0.17693008364205 -0.00219734499097702 -0.219864861953214 -0.0309348538950676
0.150164675754855 -0.0890104295530543 -0.185698023198833 -0.0180910480713129
0.0770279903836747 -0.145174239561873 -0.140299368379758 0.00532118639097225
0.013919305487498 -0.140332282798481 -0.113536879872977 -0.0199546195107786
-0.0299878328160915 -0.125820975534273 -0.113708334470709 -0.0369384707200599
-0.0573664281748621 -0.102399510278446 -0.109034437259085 -0.0524515693070087
-0.0471285509755796 -0.0921030358469655 -0.0817254930552671 -0.0735904038836881
-0.0462825974497227 -0.095977126184573 -0.0482188934973791 -0.124160040020997
-0.0204139126783182 -0.129026352629935 0.00394764779837466 -0.155273202460183
0.0292227629106318 -0.139172691492363 0.077107550488665 -0.150218119055419
0.0884084570796341 -0.136066315663806 0.131108068777998 -0.0744260983389451
0.14950972776725 -0.0763686685452313 0.112956992663229 0.00826207921531941
0.184591344505329 0.00928749146995111 -0.00777031500831653 0.0398553256730462
0.177154457447402 0.0425129396232844 -0.165445182082822 -0.0439905126361658
0.0644667693422129 0.0349503829296928 -0.262355483304834 0.00547735237913486
0.0928326574600113 0.0159822236383 -0.238715750403932 -0.01225408022931
0.0827340579050329 -0.0388905753423073 -0.181866052303876 -0.0163808037423141
0.0404782721615408 -0.0715720298206314 -0.137227936031956 -0.0099224266376124
0.0133885568269192 -0.066689989012388 -0.122621643323984 -0.0465223201675659
-0.00683858036808237 -0.0654740607913449 -0.131977388044908 -0.0607491274151669
-0.0217722613764763 -0.0579432269642301 -0.127818006357334 -0.0807907596351834
-0.0156848689241119 -0.0528644333343693 -0.0967477084797708 -0.106993589063598
-0.0135889823226039 -0.0587918759805539 -0.0557315244617301 -0.161750413284123
0.00450046791525064 -0.0772127952688885 0.0114034992478779 -0.189418796892037
0.0334811576349632 -0.0799868243492238 0.0937293659600418 -0.172675140529948
0.0726935571730478 -0.0721171254961632 0.138963070206218 -0.0815339970774507
0.10898256953572 -0.0238574227699771 0.100919471706536 0.000571421367763262
0.11585418958356 0.0367570344441545 -0.0200770164408688 0.0169767755424073
0.0902692755097411 0.0542630584012032 -0.186537634694616 -0.0734590034348224
0.003368152591711 -0.0382420339933521 0.200891263422321 0.0554503764356836
-0.0353109849525544 -0.0278331349226376 0.0500515652162496 -0.0318923967371445
-0.0452983565863916 0.006483132888883 -0.102195964068447 -0.00743824641682831
-0.0213591843749593 0.0272551197287847 -0.160056455705644 0.0737825185653558
-0.012950200241651 0.0194433348449262 -0.109409074932039 0.189291411516077
-0.0127382616011257 0.0146798876847897 -0.0152165448938886 0.217266298225458
-0.0159136001532314 0.0152658862745477 0.0615330125989242 0.18072707570091
-0.019494550043257 0.00784428126596434 0.118820088665782 0.128300639217652
-0.0269955673608083 0.0108235744534562 0.144032824719526 0.0779212281117486
-0.0339692853671034 0.00222932797596197 0.152170091663958 0.0517434630506914
-0.0256628347724263 -0.00742194718457512 0.144012966995659 0.0386016342030021
-0.0269491563505364 -0.00837776548762207 0.15515280406154 0.018636340854022
-0.0250218082080431 -0.0209801275607477 0.17832573407282 0.00640247904324445
-0.00124058352600016 -0.0408980525105209 0.200701204136212 0.0110744178197168
0.0227454374343082 -0.0388201598822064 0.250966845288753 -0.00830022918906229
0.0878354601882852 -0.0261104822299615 0.18186174734304 0.0763210949416229
0.0505033694266988 -0.0251269471817609 0.0357886474878048 -0.0219695272079015
0.0242533915146178 -0.025329586600542 -0.108638394353712 -0.000321421930744491
0.0232574308029602 -0.0287260728162764 -0.160932317806827 0.0759342085541739
0.00435987540759988 -0.0465598340992124 -0.114568952398683 0.183445829775917
-0.0222740995199534 -0.0492222328905993 -0.0263356267512478 0.20785683051107
-0.0465061505807835 -0.0367628526010511 0.0482858222662792 0.175243807100168
-0.053455632633773 -0.0390602745192527 0.103133707064377 0.123492283720036
-0.0671117122137932 -0.0299973059497621 0.129078443298833 0.0689775379620658
-0.0717630884830121 -0.0563713767762927 0.141704069899916 0.0360429828279385
-0.0413101905009464 -0.0795560668732531 0.144147796517675 0.0216439455152298
-0.012755510611731 -0.0937837639369587 0.158025526479287 0.00818920561716356
0.0299676829811035 -0.0894279261950139 0.176639958739797 0.00232374950892205
0.086150299266898 -0.0734572425803847 0.174488105099463 0.00796735587969951
0.124569208666281 -0.0525715761979016 0.204404460548235 -0.0106261232465333
0.161086214095174 -0.00917321456384286 0.132142166371402 0.0794195884218596
0.135741170456099 -0.0198568633102944 0.00193033411775436 -0.0287412960438881
0.0974304736430837 -0.0570894107167935 -0.127165647370783 -0.00118702267384421
0.0677892374259518 -0.0890244967391626 -0.163526440080601 0.0767999980168017
0.019027349051703 -0.111297019287067 -0.113051415335034 0.167202350245187
-0.0305442053231826 -0.108918804453032 -0.0357125888218899 0.179141616832003
-0.0720495426502559 -0.0845481427058011 0.0263688565872029 0.14852366401256
-0.0800714403124883 -0.0780482310078047 0.0721658334122287 0.101584139394349
-0.0970555521605066 -0.0648517025812424 0.0978901260900817 0.0445090419687693
-0.101144432096527 -0.101928067723073 0.114790681205133 0.00777834815889444
-0.0572775232698914 -0.136052224346691 0.131392729817581 -0.010615418689163
-0.00911680343677817 -0.164358509007612 0.156437428016729 -0.0125898534921996
0.0693869159056701 -0.150165515993185 0.174067780673079 -0.00136359021158861
0.154808323939359 -0.101590448928898 0.143278184280041 0.0169699856066112
0.203957241032326 -0.061204025829286 0.133379154587097 -0.00695742641195242
0.211380023386212 0.00401098945784971 0.0562022356113429 0.0682045741388314
0.203854272020132 -0.0200712744993673 -0.04983007521697 -0.0418721766678331
0.159298309489555 -0.093044775148125 -0.150408480029576 -0.00757307926375228
0.0988777354688045 -0.149454859429229 -0.163301945420583 0.0705779403015492
0.0234314821469448 -0.16574408650776 -0.106801088551083 0.135294046775429
-0.0412560517864351 -0.153163882856786 -0.0470475390733454 0.133579984410527
-0.0900871431404996 -0.11828952560025 -0.00294279217094579 0.104494612464732
-0.094261828375073 -0.105504352143658 0.0313239618979325 0.0658578914374392
-0.109985217038766 -0.0909111339877718 0.0542333373978833 0.0113068726697414
-0.111227483459483 -0.135172531513782 0.0755651752089923 -0.026599166240162
-0.0599409763751254 -0.173611342403439 0.106505220157111 -0.0473314238324877
0.00026801638467177 -0.208973057751923 0.147129957247576 -0.0355919996391783
0.101018717504721 -0.184581659090552 0.166412711905004 -0.00286291747915664
0.200680148904308 -0.111119586236294 0.106688339088945 0.0334864796652343
0.251307165729028 -0.0574729291983575 0.0484076479297269 0.000626835316514782
0.229309829725059 0.0112347752963643 -0.0367514679199886 0.0522985587818642
0.237779625824013 -0.0243838905537278 -0.112346744492424 -0.0471087292377973
0.191277797779922 -0.12060612360617 -0.170181163777019 -0.0112006887341903
0.10721493167744 -0.189454909346726 -0.156568126262087 0.0550133236145134
0.0176788407822608 -0.19488765386998 -0.104011714850626 0.0867558346433888
-0.0508802155470543 -0.173036707837919 -0.0645039392729597 0.0748688552600236
-0.0963896927634828 -0.131461723896612 -0.0388717537444176 0.0511983787784457
-0.0935021833957825 -0.116614536124388 -0.0127850221461584 0.0220603766788998
-0.104411034191855 -0.105742094424117 0.00934471627840917 -0.0293752072871901
-0.0979365939260063 -0.152239709720761 0.0356661015415156 -0.0665276434224507
-0.0419574010339251 -0.188240535969349 0.0811115732432189 -0.0852060289984879
0.0250411904783065 -0.219444643480164 0.134438583157059 -0.0549782706688169
0.128528400883711 -0.182022957584153 0.150722054929276 0.000104443326550875
0.22364888819382 -0.0921372296788832 0.0667786767253909 0.0484296365582115
0.262185929524362 -0.0350884755204923 -0.0367343091957007 0.00183253476410245
0.207871440810795 0.0147760541216798 -0.131283486468673 0.0379560847311169
0.226275761571979 -0.0244005483916392 -0.173444401903706 -0.0379488848774917
0.1835597662222 -0.123841436249614 -0.181478918189353 -0.0102160149869915
0.0937316833660342 -0.189509454214346 -0.145568090749676 0.0342742430713308
0.00876462841289066 -0.185242311251526 -0.104841391185245 0.0332142046781409
-0.0516681900746975 -0.161350991192205 -0.0892399461204175 0.0160280848466153
-0.0880940695234089 -0.123941486549584 -0.0776436666620598 -0.00140281547624869
-0.0791484261047868 -0.110460242887514 -0.053915676968708 -0.0241057717171961
-0.0825867104830224 -0.107447464657375 -0.0298544833596017 -0.0746156281576641
-0.0663248079413297 -0.150686871671439 0.00617909628345571 -0.109964380240988
-0.0099401536103594 -0.17653417012823 0.0653834893207357 -0.121098223300327
0.0569116468819011 -0.193593795220649 0.124928620431077 -0.0698180715224434
0.1464314687569 -0.14334108983936 0.130958240322894 0.00202946265231641
0.218630143250979 -0.0493856886673283 0.0266882215493458 0.051413007589492
0.235097922959174 -0.00100771473762808 -0.111161936581348 -0.00835730939486798
0.149621596940841 0.0192117468289881 -0.210398157023876 0.0287745756383909
0.172937803323968 -0.0137014599579238 -0.217229031209102 -0.0174690086711216
0.140384496358149 -0.0963867761609697 -0.18278680830056 -0.00784806839649925
0.0652518616109288 -0.146444837048369 -0.136369273425633 0.0125245675380596
0.00433879610368013 -0.138285300626467 -0.112249763051301 -0.0127511285208385
-0.0383719013655473 -0.12146591565509 -0.114993212039258 -0.0298513563969275
-0.0632939978503725 -0.0964552299532274 -0.111030930532113 -0.0442044295197309
-0.0523506221038592 -0.0880616457261844 -0.0850343445065228 -0.0664228203458731
-0.0509811463601836 -0.0910354841090164 -0.0553750924770119 -0.11898915445144
-0.0292697682536825 -0.124843971502013 -0.00588042956389815 -0.152875012666446
0.0189330861069822 -0.137573217655537 0.0668849499921616 -0.153465802265788
0.0769573968432568 -0.139378698749192 0.124134122867166 -0.0810103775255013
0.141154753479983 -0.0839141484263058 0.111132630479577 -5.38765053850718E-05
0.181226849129545 -0.00189921386893354 -0.00451856259765098 0.0388328770297004
0.17492444448014 0.0311888127164489 -0.164259762274945 -0.0313131064964673
0.0648143077346819 0.029128557027814 -0.257799610656891 0.0224573275247091
0.0918092829278684 0.00983880172975279 -0.234338120003515 0.00241104411598166
0.0779432397705026 -0.0426518968011218 -0.178805271476709 -0.00596690838573691
0.0346462735308673 -0.0720132312290478 -0.13430095308426 -0.00176512680856453
0.00875882961062539 -0.0664975990365149 -0.123795460994449 -0.0376254887430931
-0.0116699870678141 -0.0634702753789259 -0.134449778951871 -0.0520693830139981
-0.0250840567275247 -0.0554963234451001 -0.131733314024646 -0.0698077055520732
-0.0181411094279461 -0.051621021003983 -0.102230570827957 -0.09770908632443
-0.0168591941962813 -0.0563117237392488 -0.0653472999415499 -0.155141633908919
-0.00111818676157673 -0.0755784926005136 -0.000580613684088038 -0.186191587675832
0.0274740117968718 -0.0798908698836865 0.0809209660439971 -0.175976005711168
0.0661545562551609 -0.0745182248587501 0.131691042504714 -0.0876361518866844
0.105259667562039 -0.0302562624831555 0.0991540941064523 -0.00567679111748101
0.115892774055567 0.0293226287037225 -0.0178251274675214 0.0172495018724907
0.0908297205061696 0.0472892017283723 -0.186584485601503 -0.0584526732566846
0.00169739451246372 -0.0364318748616341 0.193998862997573 0.0434491594625044
-0.0353062522635198 -0.0247999026663749 0.0470472135085383 -0.0330924907619793
-0.0432493574856789 0.00778447840424738 -0.0983837279254757 -0.00370932997762383
-0.0187731838392733 0.0266772145805664 -0.151437885224345 0.0770088224903019
-0.0112449256878077 0.0195686599581909 -0.0963880859236913 0.185342397541296
-0.0115876526808199 0.014868982232439 -0.00405009349784113 0.209475650235721
-0.0139664776637883 0.0154214619105792 0.0677676074060693 0.170426581076433
-0.0190070927344685 0.00819547284611372 0.121027995368938 0.116534061784618
-0.0258948574112712 0.0117830021519007 0.141728505995557 0.0671862632100132
-0.0328186555667347 0.00342419859112047 0.149149626124422 0.0428681508710482
-0.024675142392026 -0.00627661663032643 0.140220138564664 0.0315782496530258
-0.0257612949415248 -0.00659774359725687 0.149106083786999 0.0119611843779867
-0.0246708715522423 -0.0186792207201353 0.169672592622339 -0.000496305831923101
-0.00302938798847398 -0.03932121014605 0.192497284739956 0.00364426817819582
0.0209066256597776 -0.0373765687723561 0.241996375436692 -0.0195016704773886
0.0831185553891243 -0.0284484757046453 0.177178694437201 0.063707778420285
0.0472577907896583 -0.0265555789185838 0.0335429316144724 -0.0235052231204199
0.0213895208007683 -0.0251831417104327 -0.104659752394572 0.00349558986389549
0.0210743007371952 -0.0287609962422904 -0.151955700934738 0.0791210905215569
0.00142235579990005 -0.0442291573097093 -0.100663170285064 0.179489306273499
-0.0240166161348802 -0.0457517331784452 -0.0152841688731472 0.200025931434953
-0.0461101590796768 -0.0333104527262555 0.054957594002853 0.165607676963679
-0.0536515523391723 -0.0344756068037426 0.104605021331843 0.112564153350424
-0.0657314208643875 -0.0257328057442875 0.126962697278938 0.0582273177405015
-0.0720129591792152 -0.0504295366831656 0.138633806405075 0.0281161846819392
-0.0432201075489948 -0.0748882919761268 0.140103471116107 0.0144257415642778
-0.0162679429494877 -0.0894639624176024 0.15150544384934 0.00175924711553369
0.0248831393154755 -0.0867615085474443 0.167623580402569 -0.00463242041645354
0.0800350382456974 -0.0738262934660052 0.167631928078973 0.00104864776908784
0.116983486133018 -0.0545569269888329 0.197342240421133 -0.0195174197187728
0.153549020967669 -0.0155176312280644 0.129621169797591 0.0690275198446542
0.128802452629771 -0.0250773307234107 0.000736114164205052 -0.0285030928465683
0.0895698062346914 -0.0588817163055635 -0.122547776749722 0.00332537193605323
0.0608617660298678 -0.0882355457059028 -0.154168933530745 0.0795624198792553
0.0122716797392184 -0.106282356815265 -0.099544737445227 0.16329815257626
-0.0352285707479614 -0.102552367387743 -0.0258239313242368 0.173072988042235
-0.0731346282366846 -0.0777459721706439 0.0328678437762756 0.140649884528353
-0.0811082582023377 -0.071114178232475 0.0744235841141724 0.093611458162268
-0.095880106221984 -0.0574091007284834 0.0953298873509073 0.0369811762078782
-0.102617605500887 -0.092940615590699 0.111114076351565 0.00256751653982037
-0.0614053335880098 -0.128599640623938 0.126035112301491 -0.0160595682877828
-0.0162757858881902 -0.157964287867054 0.149096236509096 -0.0179818187458872
0.0602791885769155 -0.146389914787781 0.164904598105312 -0.00892651624329573
0.144350343827303 -0.104385232049729 0.137336068942521 0.0102115074799114
0.192192359228807 -0.0665290122446111 0.129256952541835 -0.0120091808362284
0.201933597007137 -0.00572657464187879 0.0566220666669524 0.0612881454432223
0.194291294532831 -0.0279913282439356 -0.0486237004526013 -0.0387402356785753
0.146885964968065 -0.0959631529273138 -0.144379268182331 -0.00165379656164562
0.0881403294951473 -0.146984036641146 -0.153921730895529 0.0733109844765662
0.0141226677657411 -0.15913275089329 -0.0958617612400174 0.132904303966254
-0.0479569317162364 -0.144989210187326 -0.0392994606610676 0.128961904482669
-0.091935539612303 -0.108620296204476 0.00248663968537627 0.0993036541221396
-0.09620190696282 -0.0968564016935347 0.0330975968309597 0.0613673665764101
-0.109367632520614 -0.0820902838690655 0.0523413529529689 0.00722818032597496
-0.11394330494957 -0.124093165850811 0.0720847940857284 -0.0294174199708864
-0.0656668171646974 -0.164280387012711 0.101274726527605 -0.0516451425048544
-0.0100804071143233 -0.200323719025863 0.140006654939185 -0.0390667919317436
0.088210120515448 -0.181023872498406 0.157247525726082 -0.0101189920696253
0.188246605577789 -0.115380811437597 0.10364720317674 0.0269958680085646
0.237124503335666 -0.0646989680736683 0.0481172495000576 -0.00161797895565193
0.218893663182836 0.000230484419921404 -0.0333801562042419 0.0506788535677627
0.226619446331491 -0.0332989264254727 -0.109077549626675 -0.0413033448854147
0.175635743641274 -0.123279631141754 -0.163728228052126 -0.00425060081828485
0.0937694347226325 -0.186049561910081 -0.147688146529842 0.0579551973434671
0.00730677630197519 -0.186666719894623 -0.0951108632945942 0.0872195643243707
-0.057669677537618 -0.163528339428958 -0.0593395181697212 0.0738237573975486
-0.099101182575683 -0.121678913942636 -0.0352952322292772 0.0508656586696278
-0.0960805294998593 -0.107608745391559 -0.0112097272996386 0.021924623785139
-0.10450926530696 -0.0968137803187211 0.00685745484324689 -0.0296046675621035
-0.101791140418716 -0.140713561404473 0.0324262836134141 -0.0659889924765085
-0.0490301964596204 -0.17883251036559 0.0746677400462624 -0.0864615970561017
0.0127334374807215 -0.211059631277142 0.126702214698596 -0.0575541894842916
0.114570115231366 -0.179436311950287 0.142415653554472 -0.00785097581160713
0.211043383221935 -0.097681758950059 0.0654466538264714 0.0430666537919242
0.247598712642176 -0.0436437889857247 -0.0336485247703265 0.00416423533746865
0.198735891976251 0.00415486343401171 -0.124542670178329 0.0418382874724925
0.215557126430376 -0.0335671877801003 -0.167486851295252 -0.029381068052922
0.168922445289359 -0.125711842691598 -0.174495317621436 -0.00281770120254553
0.0809903684837218 -0.185403759370981 -0.137753775011837 0.0373545877222956
-0.00034153542719829 -0.177488305218526 -0.0984727419661077 0.0358380365310722
-0.0581165530316963 -0.152017100248831 -0.0861589501101857 0.0190117456021754
-0.0907935728513112 -0.1144142603231 -0.0743378714452839 0.00205501909544226
-0.0813880144331405 -0.102922584319797 -0.052731875876917 -0.0201877707504955
-0.0838842837630022 -0.0989162814917285 -0.0322000080137094 -0.0703744801869483
-0.0714278024984155 -0.140659330383005 0.00116145510519908 -0.10542063974986
-0.0180164055652644 -0.169275206352422 0.0582229604144444 -0.120550831469162
0.0444554990437378 -0.187964810679269 0.117400843864402 -0.0716665958812836
0.133594643677923 -0.143535922843867 0.124184230374527 -0.00424127948055476
0.207588509906229 -0.0572192978805735 0.0277330738948416 0.048229673483174
0.22389000492211 -0.0108436350292062 -0.105759387819255 -0.00195441620588488
0.142889852513396 0.011365010459108 -0.200689760316728 0.036285536663222
0.164785783959844 -0.0211217670373377 -0.208688369847328 -0.00808247584398273
0.129015329536923 -0.0975645077426872 -0.175785139059488 -0.000547065058890877
0.0559401133171056 -0.142676438201104 -0.129589725123983 0.0168946280189639
-0.00312474105716667 -0.132580807540264 -0.108240267089327 -0.00782797274895051
-0.0432798217869461 -0.11398111119092 -0.113307228835571 -0.023742225809867
-0.065399349424053 -0.0890504598745368 -0.10932988873185 -0.0366204841132823
-0.0548239931416093 -0.0826387233009182 -0.0847272583727308 -0.0589179604443921
-0.0526887961118856 -0.0849267518572602 -0.0589782690209241 -0.111466795446346
-0.0346681570490662 -0.117548519150867 -0.0122463369312905 -0.145414912642655
0.0115885252979582 -0.13298965914308 0.0572629797037946 -0.150499298719703
0.0663648471967236 -0.136531406572743 0.115506011078033 -0.0819983838423631
0.130730280893898 -0.0868898920499093 0.106222449715765 -0.00540836711111901
0.173666968271738 -0.00975903934586954 -0.00274096928293183 0.0371253122348965
0.168197832064271 0.0227212784274288 -0.157521575577438 -0.0212485139165822
0.0624389653682159 0.0244071101136502 -0.24676095333219 0.0326749287415241
0.0878670880309366 0.00552472367454829 -0.224236461861882 0.012284686920335
0.071972843805121 -0.0442815453278732 -0.171695866177597 0.000470372960815116
0.0293987271500919 -0.0698071658827923 -0.128758358903165 0.00329845170879845
0.00451537568879766 -0.0640274806472221 -0.120870781197306 -0.0309114644084347
-0.0144545288621381 -0.0597895111040659 -0.132855634132816 -0.0444936148211715
-0.0264658131556909 -0.0517887825515326 -0.130336776966958 -0.0599982079014718
-0.0202315468713708 -0.0491023529323745 -0.102847478901229 -0.0881729964726626
-0.0180623045209515 -0.0533740294192741 -0.0704616388359374 -0.14486732464764
-0.00483491577307372 -0.0723265352831328 -0.00983199427291546 -0.178195776597041
0.0222568732764593 -0.0776879776777175 0.0696216496165083 -0.172774946606171
0.0592759594859062 -0.0742772669217323 0.122905052249444 -0.0891842351871944
0.0986397769305389 -0.0337012890304442 0.095406542642378 -0.0101729889626561
0.111983870631366 0.0228444879834215 -0.0166089527922576 0.0172129767007742
0.0883964990346832 0.0410112343506706 -0.180830995933373 -0.0463558726505678
0.00313234029700272 -0.0367363237558743 0.182348858614399 0.0486663396631285
-0.0331173520606437 -0.0257821276342573 0.0454699235394951 -0.0294236432892167
-0.0417210767670413 0.00628105345010068 -0.0931550541957895 -0.00660650398152144
-0.0174777927806335 0.026001141360007 -0.147572494374774 0.0691760106240766
-0.00911752331969942 0.0183490875935244 -0.0958901021038403 0.172783307679103
-0.0103739659798633 0.0134397134049814 -0.00896739893147766 0.197578538288503
-0.0136022917825703 0.01563719727235 0.0613099519209779 0.164982731864525
-0.0184521374456498 0.00781682936415376 0.11372609386972 0.112847238863999
-0.0243579950460594 0.0114518807270628 0.134695122459819 0.0657149932309849
-0.0313754889158315 0.00317652208668683 0.143039929066754 0.0431430200817286
-0.0225271200675265 -0.00740151345166728 0.13350939176782 0.0327927151840416
-0.0211688055473534 -0.00718098298641183 0.140552664696344 0.0153271320951051
-0.0205109068691817 -0.0179467218490533 0.159589067438751 0.00527614469450105
0.00141855922966477 -0.0381970261435169 0.183963140974857 0.0123333227146577
0.0232053952644158 -0.036678569388106 0.232965359478076 -0.00669658811129413
0.0823639930982288 -0.0248348119692337 0.166723317166636 0.0635364641344937
0.0463999819180092 -0.0232945358563171 0.0322013474565212 -0.0231021799007154
0.0213066640649861 -0.0221605087398648 -0.100316612579833 -0.00254581882668814
0.0225217507703941 -0.0253081357228071 -0.148826392294952 0.0678210294196719
0.00568926689872858 -0.0413567660915837 -0.102238528253805 0.165123037930509
-0.0204719892902503 -0.0448790425016667 -0.0213445850255771 0.188274212725665
-0.0430959429512958 -0.0321880331957752 0.0481615299591891 0.159752721831012
-0.0515765474873218 -0.0353705693647278 0.0982517167580625 0.108001019708386
-0.062357371365665 -0.0262864520051807 0.121152044653518 0.0561010803533034
-0.0688671317335753 -0.0507069632840299 0.13341648708651 0.0274521670222177
-0.0393985090307741 -0.0754266006075986 0.135752344392652 0.0148737655737257
-0.0107173337015181 -0.086909507326077 0.146019835479754 0.00361353093995624
0.0298562022797173 -0.0824992862412886 0.159939096744296 0.00143414411452679
0.0815198462609717 -0.0690330959537145 0.161427376611364 0.0107473515642742
0.11533543986588 -0.0518900038962385 0.190934803121952 -0.00655233763628461
0.150128013828783 -0.00869621395814505 0.122498598949604 0.0637921699029162
0.125410925792347 -0.0169630729744418 0.00106764007097441 -0.0319599562478003
0.0888125873205837 -0.0506284715205306 -0.118466171905353 -0.00656054313747514
0.0627603456094367 -0.0800769244600846 -0.151673542172968 0.0650917880602718
0.0182853514482982 -0.099932318297095 -0.102413241694484 0.148546837947216
-0.0297310067362343 -0.0991827447747062 -0.0323201485779548 0.16169721663009
-0.0676332109803103 -0.0760050335665041 0.0259568264046499 0.13417708346833
-0.0773188529571143 -0.072664781382175 0.068568478791886 0.089428254425419
-0.0910956862130465 -0.0583793630235426 0.0913802024308994 0.0347611592291478
-0.0978849858549583 -0.0928679127301747 0.107574891935147 0.000858458205153742
-0.056259715023339 -0.128508611640113 0.124782723833207 -0.0164490131830367
-0.00967240674738293 -0.152601019997709 0.146535507454873 -0.0179351001744925
0.0654647540339822 -0.139470869594945 0.159489586515481 -0.00322438005035436
0.144123628044457 -0.0963468054365339 0.133969949563705 0.0194260365690901
0.186435172406863 -0.0613509575265129 0.127413901160773 -0.000654866482597791
0.197059845449526 0.00398111813037866 0.0536155592745121 0.0519234526477059
0.188417317448123 -0.0167032925221287 -0.0461882333588902 -0.0453778110777193
0.145226767639279 -0.0821820834735927 -0.141285138368031 -0.014595269158552
0.0904410761025069 -0.134796970524291 -0.151652078980264 0.0569031068332218
0.0215524721016348 -0.149745854576407 -0.099802091099318 0.118171893510368
-0.0405582915022483 -0.140038074393215 -0.045058405000777 0.119335659897283
-0.0854096275024779 -0.107193337553508 -0.0040560280094375 0.0944901253115379
-0.0915064389212536 -0.0983933648113245 0.029947421099187 0.0578123273791617
-0.103698827099962 -0.0823760750520662 0.0504470565116817 0.00490008684815653
-0.108610273997769 -0.123350023347554 0.0714054875731884 -0.0308562780480151
-0.0600557216671681 -0.163446512802147 0.102467289908961 -0.0519383178525239
-0.00352144046211977 -0.192746315533139 0.140461309915121 -0.0394414512271921
0.0932715022613627 -0.172274214786514 0.153867985883742 -0.00521545225343783
0.186372217350779 -0.105813371326596 0.101283222716101 0.0348273070577189
0.22885560831897 -0.0583242980771362 0.0506571399389071 0.00717746714996476
0.213037742777932 0.0117389878553473 -0.031344112580403 0.0371495580687388
0.220851363956242 -0.0194513527111423 -0.104172132449372 -0.0506725655803211
0.175487042506626 -0.106951119901522 -0.160018477996779 -0.0196736641924905
0.0972600059981348 -0.170955986067346 -0.146508905126592 0.0411311114888872
0.0162210584468589 -0.176837188374828 -0.0981202904002324 0.0739692741133397
-0.0499396033696465 -0.158006438577432 -0.0638243363738716 0.0666852868620218
-0.0916784767322804 -0.120359483933617 -0.0393625947549926 0.0466528981171353
-0.0905321881002183 -0.109535749398203 -0.0119294984119434 0.019495088461998
-0.0988126494133528 -0.0971151206189386 0.00765261477931771 -0.0304643641574486
-0.0972569996745609 -0.139650578840733 0.0337648120806385 -0.0659404059487847
-0.0439214045936233 -0.177678536098002 0.078866476097591 -0.0850616956793375
0.0181480062455475 -0.203530161386268 0.130082387917098 -0.0569934873274416
0.11845514686267 -0.170032797726997 0.14098262681471 -0.00260766477780386
0.207474245286834 -0.0884002929247438 0.0640473083068134 0.0485936606912661
0.238167571001384 -0.0379373115071909 -0.0280226763943438 0.00987144388162424
0.193106525748106 0.0150108232027224 -0.118671477940492 0.0260627316305257
0.210588069804042 -0.0192836461253258 -0.160256487307989 -0.0413112523642973
0.168672457233209 -0.109891356302279 -0.170276002785373 -0.0181288003239338
0.0849951710241685 -0.171271752080077 -0.136327749170568 0.0221687885370665
0.0078843513123086 -0.168490647827514 -0.100650450060736 0.0263542902452413
-0.0508254774584068 -0.146617224377474 -0.0878516446512718 0.0140547697285814
-0.0838267384910086 -0.113152034400274 -0.0768494227683945 -0.000403528312205783
-0.0765196319926898 -0.104148348470538 -0.0507297536734799 -0.0206221391811867
-0.0784955442471383 -0.0992673796770809 -0.0294127265655447 -0.069774557099853
-0.0675093325317302 -0.139261665935785 0.00559034533307018 -0.104336032263455
-0.013469480568849 -0.16695150270493 0.0634340872561796 -0.117249244916687
0.0476043478923208 -0.180389920525239 0.122353456899749 -0.0692885619715563
0.13443490214397 -0.134110458595578 0.123520791524109 0.00027874992786321
0.201680496554395 -0.0491760113081126 0.0270288461805232 0.0520120104698461
0.213673692359055 -0.00662832222409897 -0.0975351334503387 0.000228568615772133
0.138689279595091 0.0199776065456412 -0.192343912605266 0.0211857120080898
0.1608780421971 -0.00994115697254182 -0.199882557529254 -0.0207942084211419
0.129128495305737 -0.0853388360967762 -0.170164311758842 -0.0138834755567918
0.0589294670951845 -0.131784888894399 -0.127170236795854 0.00505136406678832
0.00256699064782898 -0.125714932569198 -0.10731229355851 -0.0143810764649163
-0.0384372953428002 -0.109463651380391 -0.111546797034619 -0.0270642701795277
-0.0606383640077398 -0.0877273559127408 -0.108425564773794 -0.0380414512825663
-0.0510925212679658 -0.0833782663499215 -0.080754967568593 -0.0580877866235228
-0.0487698480723975 -0.0846090004165987 -0.0549983426811736 -0.108931653686275
-0.0325062723897798 -0.116026984345084 -0.00791378091758514 -0.140996874150283
0.0137898673959253 -0.130480621587524 0.062934221585399 -0.144790585022867
0.0666106002171502 -0.131094260381059 0.120405197026575 -0.0765401175112063
0.130322650700106 -0.0801781267973546 0.104988433418165 0.00054100702813922
0.167602789883985 -0.00428027952246024 -0.0028302946170846 0.0396694853681034
0.159060933642553 0.0242509795804048 -0.146933672384368 -0.0208883081630587
0.0599566648421693 0.0289918026153963 -0.23682461330859 0.0196407331089166
0.085879054914212 0.0111818446186259 -0.215030960704334 0.000631691872542335
0.0718625874413007 -0.0362974402922353 -0.164131502524797 -0.0103254285799634
0.0308772152304916 -0.063636327609542 -0.123268725317416 -0.00460298622723032
0.00678561298812948 -0.0594835494314495 -0.116585112119723 -0.0344715193479042
-0.0123704891184615 -0.0566647669649129 -0.127656104642509 -0.0459525036721935
-0.0241151983437387 -0.0511252291807585 -0.126421980641691 -0.0601375010441423
-0.0180608611272279 -0.0493554649334519 -0.0972225407301377 -0.0859038644686373
-0.0159784402771898 -0.0536518613749451 -0.0650662191854273 -0.140676693072237
-0.00405167683663038 -0.0715612261108811 -0.00531128494996626 -0.171399786257221
0.0231507373540921 -0.0762320967499076 0.0732682148591282 -0.163846479977742
0.0596422683020455 -0.0715376914635148 0.124360542347895 -0.0812747069301931
0.0973439256842082 -0.0297172141836909 0.0936887775448383 -0.00395649513081932
0.106658957046865 0.0258809437495275 -0.0164449493613515 0.0185670593882101
0.0819251511628593 0.0411157149175729 -0.169762464393952 -0.0485860064395097
0.00409305055669399 -0.0352714523150499 0.177609332173686 0.0472023625021642
-0.0323935063049058 -0.0250289576171482 0.0448317997073218 -0.0289552692456388
-0.0408499115123619 0.00630830309832295 -0.0917631564077269 -0.00732115024485504
-0.0169793198903912 0.02474680536803 -0.145532139561729 0.0666504868295221
-0.00850726253405858 0.0184998155339538 -0.0944476080139858 0.167922635497928
-0.0100208722013429 0.0134803940967788 -0.00766182500790033 0.193669491037291
-0.0133273602895675 0.014896111401123 0.0609955910986719 0.161812342122419
-0.0185645280961144 0.00776237814700919 0.111405971239245 0.109634376163966
-0.0239318833501438 0.0117228568003035 0.132675618193196 0.0637021310949221
-0.0305316899179178 0.00265387186283863 0.141124949656235 0.0420215560682962
-0.0220334228100017 -0.00803567953899521 0.131387337740037 0.0334314701239573
-0.0204332550847174 -0.00726087011963819 0.137229297756536 0.0161965856166931
-0.0193092021147315 -0.0179557306185111 0.154490996498303 0.00695247723198534
0.00127509345299971 -0.0375547453995311 0.180087120453077 0.0144788768430706
0.0238345222261611 -0.035383820107494 0.229519075632798 -0.00664141581139792
0.0804303726165192 -0.0236107296120338 0.162425363638773 0.0619537498211122
0.0460167571009314 -0.0226732429656592 0.0318007637522533 -0.0232676392795637
0.0200417093079459 -0.0215205260328181 -0.0987339812727033 -0.00370866483625339
0.0221379530744594 -0.0249463192834315 -0.147024639057297 0.0653538705048664
0.00532140748529464 -0.0402438759172047 -0.100204757094421 0.160331089704144
-0.020447706226963 -0.0438822726320245 -0.0205872014172296 0.184390179408121
-0.0422541092402623 -0.0319453851783483 0.0476662289149362 0.155976613795337
-0.0513772178202497 -0.0347127056079713 0.0968477482348583 0.10521890101764
-0.0614483804401483 -0.0257743525553636 0.119038932506099 0.0540115964587572
-0.0679221074772648 -0.0494644538092126 0.13204308697243 0.0264043678680601
-0.0383297681618456 -0.0745514724624084 0.133696120016712 0.0153314664474044
-0.00985295229265325 -0.0854599098937519 0.142625209424186 0.00440524655635588
0.0296232296094971 -0.0805265927352129 0.154540591466103 0.00247443010922807
0.0805637018660628 -0.0678697299103992 0.157952770604627 0.0119613255800838
0.113107041803199 -0.0495014990889549 0.189034295481698 -0.0061983851063391
0.146490511972455 -0.00845594558487228 0.119712222830397 0.0610678023795554
0.123189673505462 -0.0167548747740189 0.00212935094888802 -0.0317525986644826
0.0852281889530214 -0.0491274303827075 -0.11632503386445 -0.00729507931768127
0.0613002479194038 -0.0785836815166694 -0.149270656143528 0.0624967350757921
0.0178129758620213 -0.0977594242224214 -0.100087526026207 0.144292972597582
-0.0297728979895633 -0.0969916236240368 -0.0317761896363727 0.158399478847181
-0.0666602003532477 -0.074429602178536 0.0259286559482217 0.131158253110052
-0.0775597969641344 -0.0716961932049286 0.0678810472919778 0.0863238084007007
-0.0893527544555783 -0.0570739686925169 0.0898500933393714 0.0326994815004295
-0.0967035412924672 -0.0905758939594174 0.106679188057503 0.000379005014168224
-0.0551042621827409 -0.127174672652347 0.123226308519755 -0.0161927296701032
-0.00879481728044934 -0.149599321040619 0.143802599730733 -0.0159388335862795
0.0644613754537391 -0.13637396984696 0.154839344291719 -0.00265118468117449
0.142461188553725 -0.094794130762879 0.130161288798112 0.019486337606702
0.183121857080947 -0.0589707225253786 0.126376453970393 -0.000579612828552114
0.191216628539775 0.00450218009527719 0.0524234549973809 0.0495304956778029
0.185537141095926 -0.0152438995780051 -0.0446574216978957 -0.045326901398641
0.141011129627969 -0.0797067176274893 -0.137341271994352 -0.0148913475312423
0.0883037291696422 -0.132205643272053 -0.1494766575363 0.0537320706581927
0.0212981325512224 -0.146571818237599 -0.0977624041040522 0.114863322956756
-0.0405289258037963 -0.137131304324877 -0.0450705968586467 0.117046533314369
-0.0840420934642759 -0.104511989440844 -0.00379674533181845 0.0922735711427583
-0.0907175782497504 -0.0965123599532889 0.0293758221156031 0.0566846977583063
-0.101321685033412 -0.081498223826794 0.0490642525232793 0.00418571137979049
-0.107028623258551 -0.12016855599211 0.070968777707668 -0.0307015703379318
-0.0590445565836787 -0.160648283072789 0.101320115371102 -0.0510634994502695
-0.00384777935609582 -0.18997705048365 0.138243213841789 -0.0373873343661103
0.0918373738477337 -0.168523381571834 0.149093014387178 -0.00462195052381757
0.183797261135584 -0.103659952988698 0.098724971757964 0.0349161709322088
0.223929270418325 -0.0557619824736483 0.0507765857375945 0.00752460471567743
0.207301236945472 0.0115296352731307 -0.030755576667457 0.0349004069534051
0.216481665366451 -0.0186223675561914 -0.101151622933303 -0.050572866488506
0.170521145633907 -0.103440416545339 -0.156087881847386 -0.0198867302306
0.0955402631798848 -0.167316708546191 -0.143441309278997 0.0386913806380824
0.015822689528679 -0.173047747307352 -0.0956258621735446 0.0718555882186047
-0.0497738885818737 -0.154149301452304 -0.0633765938211154 0.0654528672559898
-0.0903663939371429 -0.117083112178006 -0.0392453245987912 0.0453510921816272
-0.0902115735901488 -0.107475565740684 -0.0114783415003585 0.0190149087034159
-0.0961389089240285 -0.0957317722117877 0.00716960639060788 -0.0303484401636919
-0.0958742639730707 -0.136028042461135 0.033650583156087 -0.0649973290683325
-0.0437437503405877 -0.174445734332384 0.0782635850187032 -0.0845177303870025
0.0168132811510214 -0.199406033929221 0.128146289083699 -0.054352638288439
0.115887633907597 -0.166472287658756 0.136659412299515 -0.00235987849393
0.20358348940738 -0.0870187049529663 0.0626681069646392 0.0477731458772017
0.232922530079948 -0.0358122456948844 -0.0265886558009903 0.0101185204482469
0.187541377712485 0.014657099180118 -0.116471101470979 0.0244699239653122
0.206544310299847 -0.0186999346379466 -0.156380273051579 -0.0417978078107499
0.164300736007699 -0.106403611084923 -0.165679906391789 -0.0188087950191693
0.0829544215964774 -0.166892259051663 -0.13315256513757 0.0199251889254775
0.00726133966999055 -0.164608508025329 -0.0981660961688756 0.0246604832223586
-0.0506975304958879 -0.143390431273425 -0.0873646423042855 0.0138825042294406
-0.0833715526354918 -0.110411889971151 -0.0758834101920293 0.000325709159255399
-0.0759270567993037 -0.103011005482445 -0.0493886992475605 -0.0197456335520891
-0.0764551845776535 -0.097183707755059 -0.0290576323578993 -0.0688936172022576
-0.0670160605684632 -0.135426480349656 0.00549826823476865 -0.102252612067192
-0.0146423818780092 -0.163719034825176 0.0630199490466867 -0.115328184959533
0.0455276037957784 -0.176758274505043 0.120567872356517 -0.0665221602731237
0.131534068036794 -0.131065470071312 0.119880011149338 0.000471261190068197
0.198761365894344 -0.0478063184841472 0.0258710554718625 0.0503503450065406
0.208792379874723 -0.00523502199183463 -0.0944169744412447 0.000890298346827724
0.134568304729903 0.0193673334012927 -0.188385352352009 0.019620133564239
0.157480440505739 -0.00969650511834238 -0.194809624443272 -0.0212860569941232
0.125877212841873 -0.0826581613293733 -0.166223170996805 -0.0147491820597696
0.0576837513190979 -0.128921937094355 -0.123374275601607 0.00353173119887262
0.00195806443108753 -0.122873288263734 -0.10455484608479 -0.0147272921634634
-0.0380786500296918 -0.10726226249292 -0.110809948398037 -0.0258111024159548
-0.060078034224627 -0.0862721976905233 -0.107335875962338 -0.0358519973487145
-0.05068713822941 -0.0822702392186681 -0.0785273355488699 -0.0563632598868305
-0.0477740248064968 -0.0833657058450015 -0.0535879941384718 -0.1067395607553
-0.0322929897723056 -0.11319464803357 -0.00724086464426473 -0.138977485587553
0.0128982152195872 -0.128213633009485 0.0617980638990999 -0.141926724180406
0.0648277851940667 -0.12808635124691 0.119205475694471 -0.0744916763266534
0.12698415145817 -0.0781519168529203 0.102594228418477 0.00071681444347854
0.16463208444696 -0.00388276340447489 -0.00293144316905046 0.0385993049513343
0.154593528115331 0.0241265976028005 -0.143453589837783 -0.0196882534849028
0.0578372424564006 0.0277972756968187 -0.232546649045988 0.01890525388046
0.0836289426747717 0.0106549348649501 -0.209786807660047 0.000298535708406423
0.0699093960855649 -0.0353045778413451 -0.160248592741365 -0.010460333263544
0.0301051989198231 -0.0617694897515442 -0.119784220427108 -0.00647530998504725
0.00632435617509633 -0.0584371242844749 -0.113844655755078 -0.0342322193609784
-0.0124923161708754 -0.055217821832256 -0.126936993408151 -0.0447976177251642
-0.0239710087866963 -0.049961336231373 -0.125571419286012 -0.0576784683694514
-0.017933659243281 -0.0489681273956376 -0.0952805939952415 -0.0830461098101247
-0.0149138925687627 -0.0533365314446588 -0.0642409029314306 -0.137385189924645
-0.00420213981624873 -0.0695767118195219 -0.0053897328056201 -0.167436231269415
0.0225558691243559 -0.0741419907974959 0.0716738203817686 -0.160781991543806
0.05775637434735 -0.0692975215112297 0.123221535144541 -0.0787425178602294
0.0951249692050856 -0.0292027620650242 0.0918358386498916 -0.00361507441224538
0.104379986419692 0.0253809699492392 -0.0162734446694913 0.018495702925675
0.079014586863147 0.0397684400191983 -0.16603090693239 -0.0457148385713458
0.00445889958317578 -0.0347223158041402 0.177618517501529 0.0465218939190403
-0.0319931742972641 -0.0251683645787229 0.0454227404037758 -0.0298900911339006
-0.0414602163208541 0.00640664473482869 -0.092749334452417 -0.00804915509636658
-0.0165473559445465 0.0244419848232553 -0.14788782387472 0.0666418102809413
-0.0077997104071279 0.0182869304289897 -0.0954571253641334 0.168210878320937
-0.00933758675308391 0.0137018105399418 -0.00713629208927256 0.194122598892247
-0.0128445709427754 0.0150491636486669 0.0627561442317574 0.162209593837771
-0.0186854409076499 0.00810851199915958 0.112662651951285 0.108857820916954
-0.0241822448329659 0.0119450876814742 0.13374396526566 0.0629900032217258
-0.0308780101728111 0.00305454554685678 0.142707255168009 0.0421274718004501
-0.0221700603865355 -0.0084658162568762 0.132821049825701 0.0342467791243839
-0.0195342209908493 -0.00786247743581015 0.137067477476313 0.0174263771082538
-0.0189007119791145 -0.0179291088316596 0.153607640183819 0.00846624073773161
0.00161586601788065 -0.0381204849814317 0.179996635083556 0.0157444553893885
0.0245486478013609 -0.0349022209656428 0.232536287918019 -0.00715458238268747
0.0806976045407495 -0.0231323301705836 0.162737645641672 0.0609745711717837
0.0468575519143614 -0.0225484357219505 0.0329197756341576 -0.0236813267243681
0.0196959255473581 -0.0210159293714229 -0.0994451731223911 -0.00405972040022339
0.0221997854244422 -0.0257058892470811 -0.149036225479382 0.0649494846689805
0.00586631614898824 -0.0406191431049478 -0.101087029272188 0.159902787356693
-0.0208605992836406 -0.0436170565791788 -0.0202628065824224 0.184971250898936
-0.0427049184668383 -0.031953349157043 0.0487134654528863 0.156411492976803
-0.0520773330205903 -0.0349386740868276 0.0980060552553702 0.104495596046426
-0.0617099466328392 -0.0259651073149295 0.120197076983395 0.0532483985398901
-0.0686513715293098 -0.0492669351601697 0.13351992382852 0.0266018315166946
-0.038891659876018 -0.0757770042875188 0.135049727502012 0.0154626109143329
-0.00980878564441385 -0.0860006401819574 0.143002312992252 0.00589495975382367
0.0307536361468403 -0.0810138266673536 0.153471674933468 0.00415183005017193
0.081629354476949 -0.0686171199314423 0.158215800365599 0.0131602994117078
0.114435261357378 -0.0492513662071819 0.191259848121346 -0.00678490731561803
0.146475652992718 -0.00787050735444562 0.119757684754214 0.0605736739280609
0.1244805347438 -0.0164155092972035 0.00245666677213662 -0.032646149631441
0.0849191467016272 -0.0485076760729864 -0.116599807486182 -0.008047099187465
0.0613867602957566 -0.0794272443043278 -0.151463414471147 0.062002268678955
0.0182109128018804 -0.0980242679723024 -0.101039909081946 0.143336752931486
-0.0306900916130283 -0.0972812144231344 -0.0316953485519521 0.158830290847504
-0.0678917607007235 -0.0747881667373757 0.0261789824386126 0.131431336551589
-0.0784704762995048 -0.0715703209212921 0.0685511574747101 0.0861377411009161
-0.0894541233769516 -0.057870515915365 0.0900152354972594 0.0318320072246372
-0.097830045648132 -0.0906998099715562 0.108450372531114 -0.000166630103184473
-0.0561369449398391 -0.128345830886282 0.124624276948298 -0.016299747358257
-0.0102473063204917 -0.150666344505824 0.14523802058513 -0.0146890626739632
0.0658824063963877 -0.137021721824218 0.152929420778728 -0.00148351101816663
0.144122114737154 -0.0952604932614631 0.130584487952319 0.020534734823773
0.184119899817741 -0.0589391272526825 0.128332005477118 -0.000473454056506596
0.190948257066193 0.00431177132298196 0.0523120445396856 0.0485645363684637
0.186936198165309 -0.0156501045596688 -0.0437046813098893 -0.0466760002974369
0.140406628347989 -0.0790698645298501 -0.138130541214726 -0.0157582915391546
0.0884746701878126 -0.132737446656196 -0.150902693492353 0.0526738250644958
0.0211265698789209 -0.147520160560433 -0.0971897864793077 0.113795892368141
-0.0421090167958331 -0.137209465542589 -0.0451705203776677 0.117522873806715
-0.0854587326823482 -0.104635819802701 -0.00490566801070634 0.0922347098088475
-0.0927448371092199 -0.0969558050165463 0.0304351292587924 0.0563750173825294
-0.101895668307651 -0.0820961340016599 0.0490577510673664 0.00339199619915282
-0.108955909378488 -0.120280177558301 0.072101714499988 -0.0315868456777341
-0.0598534537730843 -0.162814566376808 0.102055334120484 -0.0519181338242102
-0.00460977580438983 -0.191045702378279 0.13962040640959 -0.0361828379215463
0.092087581605678 -0.16984188697747 0.147917445011776 -0.00398982898041286
0.185622228926481 -0.104705649935426 0.098604511005812 0.0354001809921128
0.225242916374642 -0.0552985812292899 0.0519331917845535 0.00779092728093221
0.206103461179421 0.0114800507609099 -0.0313587610653378 0.0341453576128061
0.218305158015242 -0.0184250398020585 -0.100547514961151 -0.0515657380249007
0.170530628669211 -0.103040756777794 -0.156826664771496 -0.020850859747406
0.0955833177693444 -0.168131398724707 -0.14486089820599 0.0374324564789441
0.0153987035513837 -0.174192399131151 -0.0951270965234976 0.0706410591177517
-0.0511821265775992 -0.154092955124728 -0.0640411325881311 0.0656408193697762
-0.0917882922547339 -0.116965005506725 -0.0404460943319206 0.0457853199810529
-0.0920501509549844 -0.108207795449027 -0.0114114156400657 0.0193407930765553
-0.0972276160360206 -0.0966760396325509 0.0068602450205181 -0.031339760344766
-0.0971234519426031 -0.136379682884779 0.0348359182662186 -0.065991049568319
-0.0447270669095396 -0.176050645966323 0.0785103173691031 -0.085627374001909
0.0152242502578459 -0.200685015354182 0.130058780138677 -0.053809508768413
0.116319029340504 -0.16760496853474 0.135793490186892 -0.00210264388655398
0.205735693385349 -0.0870773384314845 0.0623450963925248 0.0479716217923624
0.233380812507013 -0.0354271234975794 -0.0257472358260198 0.010689692843149
0.186758005391488 0.0144855411639167 -0.117102633207936 0.0235104603538242
0.20814723486995 -0.0189972306344292 -0.155953034048408 -0.0422788070112875
0.164003161288369 -0.105793522991577 -0.166040990661588 -0.0199617202102269
0.0828725552556237 -0.168296216475172 -0.133649604080043 0.0187518223133384
0.0067165306608212 -0.166118500866047 -0.0975278795100598 0.0242062867414946
-0.052166649292203 -0.143493021894287 -0.088338439667355 0.0146562199641521
-0.0841339859903309 -0.110774725426919 -0.0778111059773286 0.000939009323564509
-0.0780552407651019 -0.103303474069413 -0.049578239480659 -0.020013821273426
-0.0772795904779603 -0.0984796147683582 -0.0298854760043773 -0.069638349371131
-0.0680030262942924 -0.136052017619668 0.00591229121026805 -0.103219718722818
-0.0148048481644864 -0.165289044133535 0.0635760002122421 -0.116969119962755
0.0443902322744526 -0.178246805808031 0.122681157401917 -0.0659998534379208
0.132446481222766 -0.132362740361678 0.11900245757658 0.000890216144974343
0.200192541296276 -0.048946614030288 0.025735448043072 0.0504223548715014
0.208986604269568 -0.00491443012548934 -0.0941260445498831 0.00195198624051298
0.133744636496097 0.0190934716997571 -0.189413410702951 0.0191215754020115
0.158258940416501 -0.00968144021590475 -0.194993880082698 -0.0218376601774151
0.125711496842992 -0.0820156848939591 -0.166365072587284 -0.0156023835033066
0.0572008211194268 -0.129014192612973 -0.123281673788015 0.00199648086171797
0.00119445629400228 -0.123741555990694 -0.104369268818914 -0.0152748369235394
-0.0390581784928876 -0.106932733968819 -0.112731902135203 -0.0256738949703127
-0.061198965012542 -0.0857284568589495 -0.109396410313182 -0.0350338274180744
-0.0520390848981962 -0.0831072500121253 -0.0794896938596907 -0.0556965468486119
-0.0480070345665079 -0.0845198544388159 -0.054349390900114 -0.106946416821264
-0.0332248584381605 -0.113555963893083 -0.00703464388909666 -0.139568486909552
0.0124679328163587 -0.12902653346045 0.062224357438531 -0.143312911197728
0.0640544769072821 -0.128175850370795 0.12122058094404 -0.0741849469345436
0.127208733901708 -0.078294628593434 0.102683821180074 0.000601034192042124
0.165395220018097 -0.00406732964766899 -0.00360589606195657 0.0386124700174621
0.154384234803421 0.0242858782457986 -0.143385076255241 -0.0186643508227973
0.0566912767180774 0.0273449415080297 -0.233894928659796 0.0190362596173403
0.0838248333091049 0.0109326799025516 -0.209731527553929 -6.57600729365188E-05
0.0696642731683352 -0.0351767878372276 -0.160796252008719 -0.0115488727691034
0.029610625562793 -0.0616824446953605 -0.119865711936423 -0.00764775043964347
0.00542363833392376 -0.0587625096925947 -0.11411004734031 -0.0354357721414042
-0.0131664547126176 -0.0549113644665751 -0.128733183943215 -0.0442680584485329
-0.0249219747727544 -0.049490116205893 -0.127548311829506 -0.0560719752868301
-0.018222936705283 -0.0495892980604692 -0.0961298817749089 -0.0823545480678583
-0.0151147402920031 -0.0537572874487656 -0.0652780349491911 -0.137302168722345
-0.00465070056386054 -0.0696816746820461 -0.00521210125643214 -0.168380812342021
0.0226927601427377 -0.0746440060044544 0.0723477230194208 -0.161671865710773
0.0574984718052493 -0.0695877998852227 0.125017131723078 -0.079130710877759
0.0952358583285895 -0.0286517100744541 0.0923173109686254 -0.0032559734209191
0.105022255440304 0.0255167407151361 -0.0168035226877574 0.0183550979156074
0.0782585308068882 0.0402779820543828 -0.166626507914598 -0.0447861506900658
0.00471760328090199 -0.0348236168925001 0.182003147952709 0.0432497608062918
-0.0322626116947611 -0.0251391843973354 0.0461457328070113 -0.0315921035622973
-0.041898003628003 0.00768334342801775 -0.0955213459871721 -0.00652157675187907
-0.0162207716810046 0.0245066069802098 -0.150650978496467 0.0714630748121427
-0.0071465469594089 0.0188502641588975 -0.0950080799577399 0.17175909344991
-0.00875955213669438 0.013732266232695 -0.00233769324498435 0.197799294589581
-0.0129765388966122 0.0149938505826755 0.0689734993937276 0.163911182513899
-0.0187059365256697 0.00855629817094778 0.117402181780813 0.107572069719794
-0.0245172916609489 0.0126604466587149 0.138825669349916 0.0606900007841371
-0.0314331199534005 0.0040263404270923 0.148431490255637 0.0400592018823315
-0.022470639619277 -0.00874104589418122 0.136661546750816 0.0335654829018739
-0.0197708319590427 -0.0077275962393094 0.139686261040545 0.0160233897132874
-0.0188552474738081 -0.0180483762769978 0.15564126036099 0.00757771726935608
0.00105932609122471 -0.0396124945724889 0.184388093738866 0.0148397768877788
0.0256362292991701 -0.0360962967972208 0.23798938968958 -0.0129562834296433
0.0823411106461313 -0.0249860712223903 0.166965863642081 0.0579145647936626
0.0481332397050368 -0.0243851577566243 0.0335380381922059 -0.0254968575724006
0.018661173006448 -0.0215100814141069 -0.102195906431926 -0.00284254589394568
0.022154333278382 -0.027335409552641 -0.151968173602354 0.0686442908914264
0.00534475596617039 -0.0412554470334184 -0.10023413109725 0.163944759197783
-0.0220774494621628 -0.0440667779529439 -0.0160484814921322 0.188893281977915
-0.0447602280444117 -0.0319948978523451 0.0539307042269771 0.158295384251736
-0.0546734316379652 -0.034469771116185 0.102493349654402 0.103918793243986
-0.06387201499034 -0.0250531751691016 0.124299905984402 0.0505520180814013
-0.071801314580461 -0.0487351033406955 0.13808170364413 0.0237070071669447
-0.0418999270295478 -0.0775205520520014 0.138907136311551 0.0130159856977173
-0.0118738707770202 -0.0885134841206531 0.146535306523054 0.00412108876592135
0.0304594569967546 -0.08356128851876 0.155023272034819 0.00240538601605854
0.0826981378703998 -0.072341970013055 0.16145179311558 0.0115259830708445
0.116796934702333 -0.0520117255086672 0.196519066262152 -0.0111249568809829
0.148934325396975 -0.0104669372448856 0.12264237991663 0.0581589667657831
0.127473973807034 -0.0199175304956271 0.0027306546793579 -0.0346216211821087
0.0847615998222864 -0.0499824683157933 -0.119410841995112 -0.00678951904916288
0.0607225675742444 -0.0827768245342459 -0.154497988271855 0.0647408950600959
0.0160886265655176 -0.10100862743322 -0.099767411853695 0.147315763765388
-0.0339108358830039 -0.0978649383447554 -0.0288580278929454 0.162561107181082
-0.0713000513000793 -0.0746435624181926 0.0294954939553635 0.132995984242261
-0.0828261415429159 -0.0710137761689252 0.0721884211536904 0.0857338705710232
-0.0932726312686563 -0.0575285070572999 0.0922158690021441 0.0296866026714229
-0.102544404425789 -0.090107349907128 0.111899786665537 -0.00318389258326839
-0.0602667520346139 -0.130809927574023 0.127258998897979 -0.0194610330371553
-0.0133037085749027 -0.153927720634664 0.14880523414888 -0.0173568936841755
0.0645881000913006 -0.141610351962061 0.154010373860314 -0.00351725639969625
0.145951772747802 -0.10092442473194 0.133513699042462 0.0191687474174384
0.187086781136911 -0.0627812629477499 0.131948963026917 -0.00354344033180118
0.194191516854406 0.00108603802888262 0.0537143288740895 0.0470200623067606
0.191820501248651 -0.0193642140171384 -0.044325668963971 -0.0476898626497735
0.140652516385265 -0.0822471285782487 -0.140712608115942 -0.0143537838577201
0.0868332925707812 -0.137655604819716 -0.154106396390862 0.0552700762232653
0.018404898017593 -0.15131413386007 -0.0970044013576968 0.117132491131311
-0.04664669588541 -0.139073200119249 -0.0436552022118373 0.120771557716001
-0.0902470137700996 -0.10499867276201 -0.00308832304430921 0.0941887594767829
-0.0981807048332973 -0.0971747303610018 0.0320789358005317 0.056718720844425
-0.106151238194531 -0.0823632344194822 0.0504466854647369 0.00070156084835361
-0.114370720240306 -0.120028567919677 0.073939534365325 -0.0346230761089673
-0.0656040176613364 -0.166085207427659 0.104173189507907 -0.0552110764624427
-0.00954552880473219 -0.195268287920809 0.143097671469209 -0.0391942547949555
0.090857035701728 -0.174981735524224 0.149072385466553 -0.00603053996774219
0.187905882362608 -0.111071205182483 0.100695451963485 0.0340549673195261
0.228500116899908 -0.0601062823249264 0.0546276663955573 0.00712358770101619
0.20899079748077 0.00852482151164982 -0.0314423831271269 0.0343096020576908
0.223319125756365 -0.0229188715150773 -0.102181578924513 -0.0514864634529644
0.170575050983997 -0.107132724154917 -0.159041948744671 -0.0191478750865821
0.0940666038432496 -0.174105193324966 -0.147510039879298 0.0391261593119668
0.01160789765492 -0.178233856306176 -0.09512955246288 0.0731917116564678
-0.0562682081653441 -0.155786266803186 -0.0645992422346361 0.0685985048196503
-0.0974150694656628 -0.117260790241144 -0.0416206317101738 0.0485728028679359
-0.0978291336715657 -0.108158748866914 -0.0108511795510656 0.0198875770785052
-0.101557426029708 -0.0968927108946104 0.00600365905994636 -0.032876531775186
-0.103043970023047 -0.136749944150513 0.0346849820976511 -0.0691342651427159
-0.0502318864555145 -0.179634176337351 0.079195244756187 -0.0896051969594979
0.0107382624791394 -0.20547278636873 0.133139989806632 -0.0569270996906932
0.115471843741471 -0.173764676752358 0.137095145039088 -0.00439821119825188
0.209222068460135 -0.0937771823383727 0.064138267616154 0.0479721306890365
0.237295238326893 -0.0404976747661136 -0.0247953194105026 0.0120151169463995
0.189050449203012 0.0119295364321665 -0.118923231334494 0.0246460983163084
0.212681563599725 -0.0231275385963601 -0.158839814387643 -0.0411021880552915
0.164851492284347 -0.110368723642364 -0.169382140642695 -0.0178204209355576
0.0803770329480749 -0.173444230273794 -0.136307924235823 0.020005862092845
0.0024493017978598 -0.170015283087352 -0.0977125197314353 0.0253178142342532
-0.0569496331653548 -0.144782158805264 -0.0903980084641755 0.0169897808521062
-0.0893655205411131 -0.110211210626442 -0.0803627581039559 0.00379583131227109
-0.0832689706502569 -0.103874615531801 -0.0505615154144669 -0.0191812595348828
-0.0814026673120033 -0.0996676815540809 -0.0322854146652124 -0.0708214530164747
-0.0733363087820842 -0.137042901429404 0.00429552601503831 -0.106158983936976
-0.0196668276695721 -0.169081389460988 0.0626474722347446 -0.121537779033614
0.0402604107263417 -0.181992075901642 0.12518585563932 -0.0699799441598464
0.132131197822043 -0.137724311184998 0.120229128333626 -0.00129990124099901
0.203870875523584 -0.0538682594572738 0.0271899765643907 0.0510007351735215
0.212117382350384 -0.00874642775378985 -0.0950522326107805 0.0055051775773049
0.135570969481433 0.0164480117492379 -0.193309045294247 0.022431686414572
0.161481074969776 -0.0137156103205948 -0.198300060890874 -0.0185181999649825
0.126056650380793 -0.0857844774184289 -0.169131182300366 -0.013499593560061
0.0553669367392447 -0.132528512822797 -0.125931459652013 0.00288222459437012
-0.00256088886515466 -0.126657338159226 -0.106112202988214 -0.014337943311088
-0.043358353798181 -0.107493399217603 -0.116452078585087 -0.0232811217563907
-0.0652147366725273 -0.0859575339318987 -0.113780001947188 -0.0309805355596501
-0.0554736195772982 -0.0837866071069316 -0.0819745746804505 -0.0549073033104124
-0.0512754853806242 -0.0857840292685612 -0.0582280216563775 -0.108489863442053
-0.0366727918113327 -0.114931403162847 -0.0100560642453279 -0.142355489879177
0.0091419937367592 -0.13246690578136 0.060515170045152 -0.148151250347082
0.0615564755330876 -0.132425715713428 0.123608728211037 -0.0776978831686053
0.127995354624517 -0.0828208195085199 0.104125721261588 -0.00138178691773892
0.169122265189363 -0.00774277228515892 -0.00319597048773119 0.0396913365095961
0.157112967606892 0.021400594673985 -0.146768976617183 -0.0141662907030787
0.0572855441984841 0.0263662882522462 -0.23813788605871 0.0230634485363939
0.085319855257123 0.00900167957328564 -0.212697883831637 0.00421392211175248
0.0702229071098652 -0.0367639235780498 -0.16386171678108 -0.00977637935378821
0.0286198222002951 -0.0631998085139586 -0.121887216892635 -0.00729380237128698
0.0030412840426631 -0.0598597140258804 -0.116761018871295 -0.0345344309350387
-0.0150016022168108 -0.054819285467642 -0.134118232050491 -0.0420259663024753
-0.0264308775572571 -0.0495568699035766 -0.132627864343092 -0.052757623083165
-0.0203886631996462 -0.0503820367421326 -0.100141087286083 -0.0815871093973569
-0.0169817125231923 -0.0552618406274738 -0.0698033325344239 -0.138355590959892
-0.00639445189477186 -0.0707727457538103 -0.00946697021695607 -0.171824804383285
0.0212280193325587 -0.0763465938244936 0.0705403282657285 -0.166866511381895
0.0564428601903547 -0.0721842997919867 0.127144237035082 -0.083118983819312
0.0961865393692247 -0.0311595907200299 0.0942187107561241 -0.00504023846686377
0.107423671037336 0.0240262764521185 -0.0172782511242917 0.0191883231849345
0.0797077722721641 0.0389951529473358 -0.170731227089486 -0.040152003825409
0.0037806296957056 -0.0349827560141063 0.185807884835079 0.034690101291094
-0.033236459056848 -0.0242307943296399 0.0459754346782767 -0.0353780226535423
-0.0420392248937525 0.0103657935646229 -0.0981019858491787 -0.00280580800965577
-0.0151875763768224 0.0251122048281569 -0.150436580040371 0.0798275094639861
-0.00629355316303053 0.0191514153550493 -0.0892666188209679 0.178622327630347
-0.00797876164625794 0.0141915012349762 0.00708607549822466 0.200159454945224
-0.0120795412813079 0.015673412899717 0.0793938211813437 0.161737294737527
-0.0191372811661438 0.00945997290797916 0.125082776625232 0.102210591783999
-0.0236853450432729 0.0143425017213327 0.144216500965008 0.0536971498157713
-0.0315019048864728 0.00582658587455423 0.153988637115385 0.0331344204091587
-0.0233358001074076 -0.00855371329539029 0.141734672612785 0.0284260105800607
-0.020113555459108 -0.00706163898402819 0.142665200788091 0.0105149910071956
-0.0197962760962563 -0.0177241513474266 0.156912950149687 0.0026445444395075
-0.000522960824881231 -0.0405887532856803 0.188358200299688 0.00760337883882102
0.0250178871937064 -0.0374543268663149 0.242086220933385 -0.0250661571305105
0.0824194059000485 -0.0286199318111884 0.171052779274903 0.0501015002320232
0.0486267451474205 -0.0274611657954823 0.0333828965203202 -0.0286300708835233
0.0177984900052438 -0.0216705266860449 -0.10383900475736 0.00189091341663569
0.0206363523112744 -0.0294503773670814 -0.152168502633702 0.0772099024932948
0.00328476874178759 -0.0425591257165205 -0.0946389247347278 0.170869085999488
-0.0245952360354736 -0.0438167383585437 -0.00647524406740283 0.192114754257766
-0.0471158526364085 -0.0299343678490099 0.0633089144274287 0.156928142613759
-0.0581333885000596 -0.0319563303970922 0.109479243221332 0.0993925884251459
-0.0658033548016965 -0.0229763287788276 0.128815917192756 0.0440891624794204
-0.075605178472688 -0.0454192033110417 0.143471994589286 0.0165974588720356
-0.0460112816217497 -0.077746945941537 0.142904458955818 0.00741034774276438
-0.0159813940023973 -0.0893576249546319 0.148978157156494 -0.00201851451775267
0.0277004620231692 -0.0867070336265944 0.156139689763408 -0.00318965632822338
0.080776383117315 -0.0778087379708495 0.164173408575792 0.00531497795452947
0.116641527342316 -0.0581532031265297 0.1997642235224 -0.0221354809988211
0.150196041487899 -0.0170387989938528 0.126722724252576 0.0523378253845402
0.129291428536068 -0.0265558047243792 0.00220899715643617 -0.0359583730520689
0.0833926087300782 -0.0540917892036009 -0.121246856797328 -0.00181220494169598
0.0570272329589038 -0.0872816052815814 -0.154329947411829 0.0728747276143854
0.011607509656353 -0.103980483910118 -0.0946527307701893 0.152946127362103
-0.0397130714268638 -0.0974237844999877 -0.0213732926975957 0.166733529055804
-0.0766639459342034 -0.0717754347750321 0.036577761359385 0.132753205010425
-0.0889925900871385 -0.0675849575735547 0.0776744109987206 0.082615007751439
-0.0976275086941547 -0.0542185213886817 0.0949595388660527 0.0244713907033547
-0.109026658459666 -0.0856968981893647 0.114779831046097 -0.00926168635586876
-0.0683286082382634 -0.131006857045226 0.129288337321646 -0.025798820830055
-0.0217469677279372 -0.15652084977934 0.150900208206984 -0.0240148452445711
0.0590946387573728 -0.147728397771823 0.154531568987745 -0.0091986938302599
0.143917864683241 -0.109984471129903 0.13539677645346 0.0137557603194377
0.187591790918768 -0.0727467783746377 0.134695997792193 -0.0103490390963769
0.19609962363722 -0.0072558719660219 0.0561749295188964 0.0439546445357851
0.194429731345769 -0.029531553951783 -0.0457099608756918 -0.0473578398105312
0.138833913375178 -0.0886005853227215 -0.14275089864469 -0.00903803074298606
0.0810046840343262 -0.144321310859648 -0.154527976986361 0.062696746410428
0.0106613635845638 -0.155091558021774 -0.0923932270902721 0.122219578143436
-0.0549203783557774 -0.137772002155897 -0.0383429107892065 0.124393571168461
-0.0976834796703325 -0.10122814760232 0.00112086669868032 0.0959106150896474
-0.105532161490339 -0.0930054841593011 0.0353240729997207 0.055326935938387
-0.112515400945195 -0.0784029349868543 0.0504355357848389 -0.00246184554298332
-0.122838695001923 -0.11510069946296 0.074199525940842 -0.0397425036818544
-0.0755629985670692 -0.166099025512972 0.103660683426265 -0.0617980607164465
-0.0208648810142342 -0.198073104471228 0.145089826629739 -0.0463642203493681
0.0846061877687166 -0.183238533885072 0.149162178528179 -0.0120922905090347
0.18707030914963 -0.122178114860168 0.103528493036149 0.0300687774887636
0.229314007562139 -0.0717823028554068 0.0566615547347817 0.00463167375973507
0.211518912291651 -0.00163506997038518 -0.0309196250532962 0.0340911505400947
0.225971019430926 -0.0352089882000386 -0.105121947405742 -0.0488343943802599
0.167981911517671 -0.115484233772484 -0.161860816023416 -0.0134336947445972
0.0862954596327633 -0.181593725965802 -0.148416912660274 0.0455145026427155
0.00228009593171439 -0.182322542762889 -0.092754049730193 0.0772987604344455
-0.0659908539642423 -0.154596954604001 -0.0622997683002446 0.0730147670643699
-0.105046889146193 -0.113522994882958 -0.0403420281193991 0.0522664787126836
-0.105981922027146 -0.1047350790226 -0.00966292396982917 0.02057607430368
-0.108549641740086 -0.0946105277931173 0.0037392231652171 -0.0345815696824716
-0.112104980589491 -0.132869109122902 0.0323991548876708 -0.0727541459230903
-0.060456398790744 -0.18105467112273 0.0759852448158512 -0.0958726309663015
-0.000575422384258756 -0.20930164577598 0.134141791127009 -0.0641894578671392
0.109072846962382 -0.18276889408149 0.137223829804252 -0.00995061074138413
0.208317607362853 -0.106107999364738 0.0666576801761147 0.0459442549205172
0.239054476169789 -0.0514927876547279 -0.0238631585456554 0.0142448776310649
0.191414942781814 0.00297967637509645 -0.120071896939259 0.0293722031814406
0.215018861414496 -0.0351356902939316 -0.161733910098991 -0.0350153631035748
0.161695549662319 -0.119012268701038 -0.171485998231902 -0.011227510497733
0.0731937768884482 -0.179961148514735 -0.13754089678215 0.0256168380161653
-0.00640274898624771 -0.172912234085237 -0.0977897319691245 0.0289808200332574
-0.0660117738477724 -0.143501575332135 -0.0912108491008183 0.0217699036909042
-0.0969407983989292 -0.106405910102925 -0.0821159740054673 0.00988309687328088
-0.0908120843204282 -0.101119931147121 -0.052337506804003 -0.016851368476529
-0.0880926723679477 -0.0975314283186704 -0.0370509999027345 -0.0708220793901484
-0.0821508520498758 -0.134670958408183 -0.00077538179288482 -0.108366749166121
-0.0299225547167054 -0.171557999443271 0.0578947683591954 -0.127011211441148
0.0312274805861337 -0.186838644321165 0.12562141847498 -0.0765081628595002
0.127538835844822 -0.14681286743342 0.120876588617023 -0.00706326281600948
0.205588561976884 -0.0652660071992268 0.0290825901453213 0.0507259915133982
0.214273890787261 -0.0192263138954019 -0.0952950867573625 0.0116211053339627
0.136455130529986 0.0102450111271083 -0.195374821561799 0.0313099111528535
0.163248459492937 -0.0220021160092319 -0.200578950605929 -0.00952885184656425
0.123186022828137 -0.0922094935277322 -0.171767798552541 -0.00644256425768473
0.0493903924357502 -0.137586677635066 -0.127626558010646 0.00738121756716892
-0.00929502547466442 -0.12844634641605 -0.1075960010854 -0.0113663478529592
-0.0500780645471053 -0.106697242756462 -0.120338014047658 -0.0169240821814083
-0.0707452374780353 -0.0828320371544567 -0.117847523140058 -0.0244444004726061
-0.061997752461524 -0.0821400521443771 -0.0863295898958463 -0.0513684312224308
-0.0565793203221207 -0.0847581354370558 -0.0651863488029405 -0.106848740547588
-0.0438430959166506 -0.114330208380551 -0.0174794622122861 -0.144197265945544
0.00139564420095461 -0.134656790081549 0.0547299284952104 -0.153685959162555
0.0551987977151416 -0.136991768737063 0.12276681190651 -0.0849774241851416
0.125672598782126 -0.0905452317964046 0.105146825597497 -0.00639442399076941
0.172239624496563 -0.0160706567324993 -0.00202561375625675 0.0404565804013907
0.159538770250612 0.0147299395764724 -0.148708889158191 -0.00483799904579537
0.0579721420220024 0.0240376772787545 -0.240913787950625 0.0352261993832251
0.0867669208690957 0.00497705586810433 -0.214481706153637 0.0134246449535221
0.0689047439652223 -0.040573778634651 -0.165380766726111 -0.00330442720864793
0.0255401624175538 -0.065075556388095 -0.123736076634583 -0.00318306538915002
-0.000199116734297286 -0.060995611608984 -0.120180278141156 -0.0306427390769989
-0.0183870282946602 -0.0541047973552528 -0.139100495423833 -0.0352565358375054
-0.0295044475444474 -0.0482633846818045 -0.138246346877077 -0.0449406736510142
-0.0238734332504344 -0.0501951854489482 -0.105590127972981 -0.0772116119285008
-0.0202778856329616 -0.055278462270258 -0.0784531536254889 -0.136045113116653
-0.00991411629288605 -0.0713137772449032 -0.0180696828816421 -0.174021493659497
0.0170609424450091 -0.0784776235370215 0.063126710371509 -0.173442955426428
0.053327558010766 -0.0754580152934436 0.12642096724234 -0.0905389063299117
0.0957452262039056 -0.0359952851240675 0.0960274644616637 -0.00952411485817989
0.110308143273874 0.0194101426153363 -0.0168066880617648 0.0207894095315522
0.081545901593393 0.0356421560685707 -0.174915685702849 -0.0296526656389479
0.0183730550269117 -0.0306974447379331 0.151622484091501 0.112476640576229
-0.0196901384537098 -0.0371297190437424 0.0582591056265058 -0.0112637454922532
-0.0412037925894317 -0.00782681979241334 -0.0851268513497699 -0.0433467548911408
-0.0218358425646473 0.0157044034636434 -0.170067212486742 0.00709193255740738
-0.0103892441407476 0.013788360577764 -0.157235972707644 0.12112339196722
-0.0114263723230122 0.00942397980359379 -0.0797078358053139 0.181931776875046
-0.0163581767966399 0.0103401792745231 0.00163803872180731 0.178765638385933
-0.020434100786167 0.000438253581877371 0.0682509498111006 0.142835439198405
-0.0262364822653106 0.00216603987319399 0.106487467487544 0.107598389706365
-0.0295669008440369 -0.00869998537048597 0.123523290342753 0.0936530864211536
-0.0159056426646152 -0.0183891684984479 0.114380615036094 0.0863789534831581
-0.0115401244340696 -0.0153506848831661 0.120158910403502 0.0708840833701711
-0.00745025074854482 -0.0242082712481983 0.138097641344334 0.0718785067551019
0.0200032730294714 -0.0364692173677281 0.166644018148554 0.0939028880318846
0.0395629780619479 -0.0238607939725041 0.228880833087205 0.0904071839935108
0.0858845508397855 0.00892297868330686 0.131708023414386 0.116779023741805
0.056144790204169 -0.00400748602553115 0.0421730832493545 -0.0116646246180011
0.0266918278305821 -0.0104879507720461 -0.0947846805149754 -0.0440604261004623
0.0325775638954751 -0.0172947483363936 -0.171250506739274 0.00241237964573094
0.024587466064703 -0.0371846456503681 -0.160652533384557 0.110397448289691
-0.00171696457599831 -0.0498900233674248 -0.091254951335535 0.168991936802226
-0.0287461572196206 -0.0459498375089852 -0.0113729646031191 0.16697957472948
-0.038723308298787 -0.0547459210108771 0.0547322955399482 0.134019592234788
-0.0492388689073556 -0.0488404823553379 0.0963950369447999 0.0929750890358655
-0.0487083082222584 -0.0732360732270729 0.121706861781368 0.0738036423268246
-0.00806875092693379 -0.0913530215726003 0.126452221549128 0.0658735350036963
0.025917031687368 -0.0875094653009141 0.134394766477581 0.0618855282710117
0.0648394141804884 -0.0653678569103715 0.140263623029459 0.0669156088643967
0.108508354578413 -0.0354621333865868 0.145429488988887 0.0826634773746797
0.13083639042105 -0.00266336288232205 0.189440499828002 0.0752459197879158
0.141432307927586 0.0494872976963354 0.090776416310837 0.0974076001854982
0.129330576571918 0.0318680169704077 0.0153651684700929 -0.0343255313246597
0.099551133950587 -0.0105977352461219 -0.110094337794196 -0.0567187192264456
0.0896776599511362 -0.0534708164081882 -0.173378689260253 -0.00415179250825388
0.057289411917744 -0.0878921109283615 -0.155466426494325 0.0938625471553599
0.00735300861916539 -0.10470866541567 -0.0939378697625281 0.140077589494395
-0.0380239281593691 -0.0961569890415872 -0.0264668489197832 0.134847398122662
-0.0514469605845944 -0.100761853350312 0.0331524042320651 0.105951118443018
-0.0643688722385575 -0.0903681681308574 0.0751584319301523 0.0605845075577354
-0.0632044640845427 -0.123220880045843 0.107582001134986 0.0375483175853155
-0.00594981104483003 -0.148879613104032 0.129508309531211 0.0292820816147041
0.0481871957253132 -0.149415277252482 0.148149836113873 0.0420597788980653
0.119635245215057 -0.106463871947067 0.143627878839008 0.0606296492670312
0.179506374465094 -0.0363281687630606 0.115945479388544 0.0790743944150998
0.199793475342222 0.0155476685659216 0.124776466100172 0.0564184503878438
0.177861992261125 0.078619861098633 0.0310089083257996 0.0581396576153724
0.189206175037878 0.0576730412548048 -0.024265516571991 -0.0658712165665434
0.164720698533036 -0.0169863567349956 -0.127532434859602 -0.0736198994880003
0.13553847687625 -0.0923177341059408 -0.170309748803598 -0.0139918207598409
0.0790739123085872 -0.134077242173786 -0.141862669725868 0.0663548783774474
0.0107631167956901 -0.146800819005398 -0.0927771873074931 0.0960428679837515
-0.0448087436064873 -0.132402824302328 -0.0425787844959036 0.0865567064872566
-0.0562125002595305 -0.130935518337475 0.00795498582199791 0.0636593979144786
-0.0673694920084071 -0.118890450561279 0.0461955151012085 0.0179156694761534
-0.0630525015753743 -0.155823856364781 0.0848411677726014 -0.00670293935348008
0.00160892515546836 -0.184350694226602 0.123060825455894 -0.0156135551868498
0.0674791555009389 -0.186260686412731 0.153780167037954 0.017749047015308
0.158012948635624 -0.126854952118191 0.141972838332781 0.0561409693059569
0.221897452657839 -0.0291737508825443 0.0799196856289028 0.0796886147296563
0.236011735872244 0.0342593436705406 0.0476428532275387 0.034198861091874
0.190354681629066 0.0919101027191197 -0.0430286797317965 0.0108787245358027
0.221334834964865 0.067275097094398 -0.0775385101893934 -0.0932156959234278
0.20315709046353 -0.0285027894339579 -0.143764029265622 -0.0863539281482524
0.155141817622965 -0.12344438913426 -0.158021702177856 -0.0275144943981646
0.0820937584702229 -0.161181292917563 -0.124053685489202 0.0269822370547536
0.00708527109646436 -0.166058864963556 -0.0913332645970658 0.0397600397210157
-0.0469337168103489 -0.147253355232843 -0.0608441947439711 0.0300615994782059
-0.0518024742797108 -0.142058075719533 -0.0177280916789342 0.0134698965223921
-0.0575682970876167 -0.130919683564156 0.0176775078453934 -0.0306079377515152
-0.0471951285408935 -0.167591444743799 0.0616440367328871 -0.0539087098997194
0.0212586313611237 -0.191921304206077 0.113851422197118 -0.0566446284255906
0.0882137586013231 -0.187739011376165 0.152759381620715 -0.00290579480934399
0.179196349629953 -0.115222851561426 0.130225526328519 0.0531327609852044
0.233854848128239 -0.00498802821079449 0.0390149489561991 0.0774765381945514
0.235873472075397 0.0565437214768577 -0.0292946971403001 0.00628950915206142
0.170164174933391 0.0878744433184556 -0.121367945132831 -0.0325290471433022
0.210419067887711 0.0632786929518453 -0.133633394581568 -0.105605170093475
0.198574316247651 -0.0339725076737199 -0.153466741250005 -0.0886158946480224
0.142709357019446 -0.127567790836779 -0.140177297888561 -0.0404131682049745
0.0697445326653303 -0.157207408585784 -0.10749451855067 -0.0192445185639484
0.00153804383356788 -0.156228050117202 -0.0947224003753313 -0.018928121649305
-0.0436546332781456 -0.136349462397957 -0.0798014183746104 -0.0254319081032477
-0.0399611616095102 -0.13184889774305 -0.0408326590212539 -0.0365692338834192
-0.0383389794605209 -0.125639376143233 -0.00306004716061823 -0.0797656867985242
-0.0187821375940083 -0.156160339421698 0.047017645206157 -0.0992941251119505
0.044387493946768 -0.169186700578529 0.110904567773288 -0.0918400864716987
0.106423111271003 -0.155283942557272 0.150902878587238 -0.016568284239888
0.178979508186168 -0.0754542334573846 0.11430651748369 0.0498643781358774
0.213021821148881 0.0299944104018698 0.00149641890466478 0.0637612377377995
0.199158488711265 0.0741584910461388 -0.0918543441841466 -0.030024500126667
0.118945330702453 0.07069448811628 -0.189988160799533 -0.0614888254672462
0.159186835554248 0.0519904922278862 -0.178334423449445 -0.0983531050630453
0.152877629462387 -0.027697636980355 -0.154088355216362 -0.082774157479197
0.103242319244445 -0.100374711691335 -0.1214473625499 -0.0516863795727884
0.0470990978593727 -0.117625632550447 -0.0966795406890837 -0.0588686520894581
8.46661635461564E-05 -0.115133269429877 -0.102606041086541 -0.0666352173783985
-0.0297998954878884 -0.104546840708656 -0.0963453714708651 -0.0710141692208795
-0.0217182459451288 -0.101086233936101 -0.0557073421238635 -0.0811052063452088
-0.0162862048643616 -0.100727922069749 -0.0139625499256612 -0.122847716896384
0.00639319598152222 -0.121551689783602 0.046486922648737 -0.136873220182846
0.0579074629672437 -0.122432086277138 0.118425015436645 -0.116389280638019
0.107074740109124 -0.0999726514799997 0.151982456580252 -0.0236162164250997
0.152597243078501 -0.0264410846187793 0.0992656665055978 0.042842534958428
0.161149091392422 0.0597838794367437 -0.0220442050991666 0.0401583533578184
0.135404360471357 0.080398339088209 -0.131745176270444 -0.0702358887684798
0.0430593020918696 0.0484673825595243 -0.232589013065038 -0.0754635599348623
0.077722266686911 0.0430531515823944 -0.199206498747903 -0.0823652864330908
0.0808279683156832 -0.00472448102645728 -0.148022548968175 -0.0778914891218248
0.0514226476799875 -0.0452518519062939 -0.110551656913099 -0.058201812687194
0.0261332316581502 -0.0529729434667563 -0.0966631608662568 -0.0811988780913243
0.00614695794634978 -0.0547666839109188 -0.11074921503074 -0.0916714741560304
-0.00761245033546671 -0.0559401573307856 -0.105586019828912 -0.0980391930794024
-0.000640102367606388 -0.0556366952721561 -0.06119903695542 -0.112543395366489
0.00365631635204926 -0.0587263465887058 -0.0124405157951936 -0.154395520430116
0.0188981739982302 -0.0691635277591828 0.0572875989105368 -0.162239432008201
0.0474442898074989 -0.0643477859409811 0.13233144687735 -0.127889627149392
0.0798095256909308 -0.046253528414578 0.155511676129256 -0.0257522370299955
0.102453859265731 0.0098833110084378 0.0916563046045012 0.0360883626985324
0.0898682761148253 0.064205396257814 -0.02784339164008 0.0136217007320981
0.0562366496396993 0.0668727159848018 -0.143182557965782 -0.105374306615799
0.0175158833838651 -0.0304671746205059 0.151833811226388 0.100561853685723
-0.0205685610359611 -0.035231350086653 0.0570219284565778 -0.0138400881994694
-0.0396783729754828 -0.00534501596028677 -0.0849153395700259 -0.0378261842214027
-0.0208849271207989 0.0162295433034574 -0.165354019473213 0.0159557582834056
-0.00909941240721975 0.0137086472189178 -0.147304150402699 0.124381695311647
-0.0101864444161876 0.00914533791909503 -0.0675066158588004 0.180119047969959
-0.014911870154143 0.00997067894553636 0.0122474221090619 0.172866424125107
-0.0199330581812924 0.000946798838554838 0.0740810582497977 0.134326698927965
-0.025049262155175 0.00365635682169302 0.110165169437767 0.098864874218997
-0.0290822942348063 -0.00683320764919883 0.126732074074094 0.0848505987812527
-0.0165798731795731 -0.0178201830352869 0.116522715233982 0.078868872397302
-0.0114570798212909 -0.0144340047741363 0.119739112813535 0.0641375623281058
-0.00787746003538044 -0.0233480125203115 0.135402041696552 0.064376988447874
0.0176208021037464 -0.0370154968792183 0.165635887028425 0.084234804945739
0.0376769376191013 -0.0245591532882555 0.228283680000013 0.075407395071753
0.0840491005803245 0.00437312102094796 0.133464380887622 0.106310466553658
0.054711904776341 -0.00771339628454521 0.0417911364262093 -0.0145424629918728
0.0254659955873299 -0.0109414578112052 -0.0934536505671588 -0.0376224894947487
0.0303609070681118 -0.0187006358045962 -0.167167962912711 0.0108847306116898
0.0215396890620009 -0.0374960631144532 -0.151239689304432 0.114382253699023
-0.00461573511440264 -0.0487403996174431 -0.0781836271186725 0.167925132516114
-0.0309198559280309 -0.0435249280368479 -0.00156188665902391 0.162398985779734
-0.0409814040893336 -0.0510568148340896 0.0608701540961942 0.126079333975029
-0.0500105202593437 -0.0450120185619154 0.0989910113116194 0.0838884659144028
-0.0510321734974041 -0.0686720209633803 0.123706713448835 0.0655622027318265
-0.0128233579477402 -0.0894275769857367 0.126938470960128 0.0582630266124035
0.0210289635048536 -0.086673372456733 0.133186571711447 0.0541251936346933
0.0601359300838943 -0.0674127470920498 0.137813673903469 0.0593159246873948
0.104662677415503 -0.040428605123258 0.144717113646882 0.0736823014344545
0.127196428832954 -0.00858250689121165 0.187900553957413 0.0629818894990358
0.139287372937882 0.0411656169145498 0.0920915966163013 0.0888559439321962
0.127166216041958 0.0238932536268615 0.0151258880713382 -0.0341436028044115
0.0953525803431669 -0.0142191090720349 -0.109254677235552 -0.0493534396191205
0.0835251788270053 -0.0568531746404824 -0.169050475918668 0.0044721692618406
0.0509965537491041 -0.0887117220902303 -0.146199535225213 0.098047881970052
0.00119111545468395 -0.102364516952434 -0.0830148124303667 0.140637539549629
-0.0425917443410602 -0.0915293833854738 -0.0178826942448958 0.131889109762263
-0.0564032204110821 -0.0948176055936249 0.038213341690628 0.100032007593031
-0.067458625336302 -0.0851712463119742 0.0758472169220935 0.0536556456359401
-0.0676260542065488 -0.115890522324928 0.10822456026472 0.0300806983497992
-0.0143224626471195 -0.145739276639039 0.128963672686377 0.0212210636073842
0.0391487475019581 -0.148272515418027 0.145980115680104 0.0333542390350291
0.11150200149255 -0.109689239297748 0.140777479426162 0.0532417124343946
0.173006846909784 -0.0451921987695621 0.116322673694581 0.0714941067518868
0.195262873489826 0.00500448857186135 0.124842663308508 0.0488341151628509
0.176095653881694 0.0680963073761356 0.0330692825089958 0.0533633859794632
0.187550718334053 0.045918475762978 -0.025059566065641 -0.0637725325670174
0.158819851406524 -0.0236601226234289 -0.127234700639524 -0.0656064084574728
0.125856571031568 -0.0977663847036409 -0.166530482552013 -0.00622436992537895
0.0692157459522444 -0.134606524545458 -0.134110763917414 0.0710192224798692
0.00197406974629731 -0.142932777153637 -0.0839561838676946 0.0975594735881707
-0.0510529370275118 -0.124944584710176 -0.0368201790241482 0.0864746552154461
-0.062695760317341 -0.123655956890281 0.0109894080574355 0.0607784722160447
-0.0721012764508021 -0.11250391661264 0.0453086087870827 0.0137761231215616
-0.0697374912723791 -0.147846517598831 0.0832026925901024 -0.0116592775612194
-0.00831771382175044 -0.180514974867194 0.119285564409979 -0.0212215846396357
0.0549327904785719 -0.185190313094953 0.151349742678856 0.010004456974282
0.146912189447187 -0.132264044040055 0.137787459111133 0.0483514415623621
0.215515287474498 -0.0402289403320107 0.0807480099734678 0.0736979208122192
0.231015823151125 0.0213919917168921 0.0485083924238333 0.0317678960407082
0.187522738814367 0.0798766665968627 -0.041559513838928 0.0110016054977912
0.218037321813036 0.0534888784482317 -0.0776342671288869 -0.087740865175313
0.195384229167511 -0.0362344704108058 -0.142514468863114 -0.0766077513639861
0.144060807791506 -0.127958190838186 -0.155288140872525 -0.0195707090890223
0.0709607669781408 -0.161519041516672 -0.11815591848286 0.0307473981699922
-0.00250025030313899 -0.161251902003132 -0.0864341947648033 0.0425599734534438
-0.0542011417050981 -0.138947410196368 -0.057931992083682 0.033542457038502
-0.0589819872039355 -0.134357907063074 -0.0167887541447023 0.0141464202609568
-0.0635878013898312 -0.124975552618125 0.0152009361518577 -0.0310783824685026
-0.0548421327528465 -0.159900904929644 0.0575815365984025 -0.0565749450284578
0.00863459863417595 -0.188546974869252 0.108248361108175 -0.0616265216254548
0.0756428272396739 -0.187091173465461 0.149574028631163 -0.0104888337736335
0.168123675284347 -0.121642568467837 0.127386239211643 0.0451460202767188
0.228686280727403 -0.0171165229740982 0.0413659244584638 0.0734995916084135
0.231143203952779 0.0423701655689458 -0.0267993658308731 0.00838353050226755
0.168639480590367 0.0763627437562852 -0.119971060706358 -0.0264468863385327
0.207798000693037 0.0498659625553894 -0.13327488410299 -0.0961163194836826
0.190360795853701 -0.0421370713245737 -0.152256455633708 -0.0791687937880871
0.131737378919129 -0.131974935586714 -0.137289396460845 -0.0334476267534434
0.0584542961449628 -0.156682837426201 -0.104029824820672 -0.0146775345989614
-0.00713140487893822 -0.150443210521361 -0.093035336195249 -0.0139255736258528
-0.0498787150256302 -0.130002729713803 -0.0792761937778071 -0.0190742289680739
-0.046964118422071 -0.125379302511881 -0.0405863059693761 -0.0337161119783821
-0.0449540305718316 -0.12035844138761 -0.00783665267116851 -0.0773358236479075
-0.0276684198331273 -0.149682254583753 0.0404927264288555 -0.0994497542304553
0.0330936882129308 -0.167772031033728 0.103084253070827 -0.0957470014172262
0.0939051535995225 -0.15549496130354 0.147373709356788 -0.0236320400025955
0.16976339368371 -0.0830253120335989 0.112419869520806 0.0421455591457786
0.208762946798901 0.0177833515242186 0.00438908735730966 0.0626937545925778
0.196454970113331 0.0617734017605054 -0.0898656122682495 -0.0226556549298334
0.117550084516029 0.0626645638864789 -0.187498811857315 -0.0516238931937429
0.156819345094291 0.0417722903776664 -0.176450042070972 -0.0878210280725793
0.146334781042123 -0.0337341653802208 -0.152515044232434 -0.0743969559177127
0.0942183895276791 -0.1023022330509 -0.119316433789786 -0.0449260639880215
0.0394020009827115 -0.116803508590596 -0.096054971220196 -0.0535360135733048
-0.00665780744802238 -0.11107193581168 -0.103939939774928 -0.0596077257414097
-0.0354107436789528 -0.0990840245721048 -0.0979644525201072 -0.0626021372451042
-0.0275089077525097 -0.097415803091344 -0.0580362028963507 -0.0759086737661517
-0.0217634255850814 -0.0969450076179259 -0.0199598917259547 -0.118488201340292
-0.000663319971388836 -0.118063504448931 0.0383066917953135 -0.135957517360184
0.0482857579940957 -0.122003719211349 0.10899846710286 -0.119700473456251
0.0971267725118856 -0.102769312344617 0.147396733661711 -0.0308345848853003
0.146838016163584 -0.0333877046911878 0.0980146257820861 0.0365521258699393
0.159632603870747 0.0486430519020478 -0.0202413786466393 0.0405065090884183
0.134818617718021 0.0713432814203509 -0.130060164843306 -0.0589090916913646
0.0431315940550845 0.0454665929609334 -0.229627396596165 -0.0623015253896822
0.0775427204212642 0.0375460381648201 -0.195162316325276 -0.070584993485178
0.0780665708967472 -0.00853049685932016 -0.146235632332652 -0.0689716152037899
0.0473330624624403 -0.0459444080567023 -0.109737571851442 -0.0520064397402661
0.0215141165684355 -0.0520992753052296 -0.0978877924491624 -0.0755126783326421
0.00269381040142355 -0.0525938409461991 -0.113768491881556 -0.0838553193520282
-0.0104654506390517 -0.0529720117264535 -0.108233119295488 -0.0887014067239041
-0.00446331827213212 -0.0545268761938745 -0.0658595449543659 -0.105258120358111
0.000112307798039971 -0.0571264339171993 -0.021225943444919 -0.148138364989261
0.0149778247377234 -0.0681288432791693 0.0468175126755934 -0.160845890905324
0.0425457672481708 -0.0648346767281896 0.122243989469334 -0.131858278557293
0.0744016365914523 -0.0487581443254684 0.150918062613676 -0.0329706415312427
0.0996549183852393 0.00424266284831756 0.0907182841127298 0.0296834230233761
0.0905144487367185 0.0579727552091264 -0.0266354544327506 0.0154224883060788
0.0570233607294058 0.0612115275852826 -0.143421373967618 -0.092198009498401
0.0164825941736643 -0.0296614504143424 0.149751284364939 0.0916206705560013
-0.0203320734256889 -0.0341592259205974 0.0557422284655489 -0.0162725415302211
-0.0380680770483698 -0.00462528498669889 -0.0821529040126692 -0.0339210492709562
-0.0193844177861192 0.0160881299690312 -0.159464900953947 0.0209234645243364
-0.0081640424533026 0.0129723614193272 -0.138914473415716 0.12448306075566
-0.00877872151294518 0.00814664853565253 -0.0585702362600345 0.175414355095232
-0.0136397288871713 0.00978262148547475 0.0184681927877673 0.165303117344319
-0.0190586484989908 0.00147913543420678 0.0754109312798409 0.12681380885814
-0.0232107292434213 0.00437467917048374 0.10999505683929 0.0908815641740572
-0.028559322286625 -0.00550190025848067 0.126329583512982 0.077652165113361
-0.0167376975290872 -0.0173647991378806 0.115197975930746 0.0730041738765961
-0.0107334153029925 -0.014028306036967 0.117167211578821 0.0590705630057473
-0.00790963973183003 -0.0226224545266125 0.130690156126077 0.0598163264675509
0.0158942265525373 -0.0368588027510692 0.161599266205111 0.0769694871066705
0.0363711171906829 -0.0250541857962013 0.221951628544698 0.0646472172378627
0.0814296468759423 0.00193431785708988 0.131132433552566 0.0971747773186311
0.0530865692783512 -0.0101055872103619 0.0412521306216574 -0.0163251603867229
0.0243038258702708 -0.0113265941307487 -0.0905185297265613 -0.0338658036086851
0.0283992052281359 -0.0196576460946477 -0.16115655343127 0.0154411996375945
0.0192342840179971 -0.0377798620007711 -0.142721950179031 0.114985015619019
-0.00644584358384972 -0.0473870350126969 -0.0696289354778335 0.164205856637108
-0.0311255025430243 -0.0409343305185107 0.00456199640539362 0.155753838449142
-0.0416893387282717 -0.0480716505202028 0.0629726244165894 0.119189701574707
-0.0493576210861694 -0.0419735380601882 0.0984771595616874 0.076855181731038
-0.0520276304918435 -0.0643313217717253 0.123310100610377 0.0581552445281701
-0.0156986528551511 -0.0869590178538095 0.125196552780024 0.0522643620254456
0.0180899621190874 -0.0846679281018095 0.130316446804244 0.0482813074534967
0.0565272082861097 -0.0670747826635822 0.132647638457141 0.0546989242031175
0.0999098559892606 -0.0427303273483512 0.141424997756135 0.067202526312643
0.122753401703998 -0.012521082064618 0.183698135844557 0.0545273192959402
0.134996905014227 0.035408912893498 0.0912256570791665 0.0814551416888821
0.124271116200146 0.0177764992532827 0.0150579917664457 -0.0349294030047932
0.0917827215892911 -0.0162533571373279 -0.105859171843705 -0.0443171554400428
0.0780138500617583 -0.057978590117085 -0.163221970152467 0.00911122628637472
0.0458164541137895 -0.0878656721268927 -0.138069777728387 0.0986863515563013
-0.00294020197165225 -0.0984237558289457 -0.074461347308945 0.137251186128658
-0.0445369548465881 -0.0863855185356879 -0.0125565632854981 0.127301220017498
-0.0582203121518604 -0.0895707038602982 0.0407748841936748 0.0944638061846041
-0.0673902615026666 -0.0797401817972922 0.0745983271598412 0.048548960564613
-0.070003048035652 -0.109762214636971 0.106651894235364 0.024768402758068
-0.0193667308685414 -0.141754691146938 0.125573922509923 0.0166228469613788
0.0327326030990898 -0.144600482856541 0.142264552210796 0.0278098428806862
0.104117340083675 -0.109776846698211 0.134951525518546 0.0485880334606821
0.166382252586071 -0.0493940531340136 0.113258820000544 0.0652907268796282
0.188135185990216 -0.00167186279150359 0.122036632848094 0.0431419390521135
0.170838859567671 0.0604948485095077 0.0331176509717787 0.0488839782307902
0.182811823578273 0.0377493732563409 -0.0240379074329911 -0.0619828815910875
0.152164912246465 -0.0268234188890037 -0.123173157750339 -0.0589053007024967
0.117568348016689 -0.0985140632195154 -0.160834272602032 -0.00102615194506918
0.0619859560482344 -0.132849997137699 -0.126401571764529 0.07143781874107
-0.00386795844066959 -0.137665123214099 -0.0774845752231779 0.0954786400703796
-0.0540065376556074 -0.118044275370447 -0.0330507511803314 0.0849086423949687
-0.0658330320216305 -0.117343600379212 0.0129132895899594 0.0580995589528008
-0.074142700243852 -0.106573766018465 0.0437978673856608 0.0115628343358299
-0.0727794851640355 -0.13973928965667 0.0806570543468258 -0.0150480609546524
-0.015855426823645 -0.175660868108116 0.115628443976122 -0.0245913061147978
0.0460091109288819 -0.180563862886224 0.146715010292233 0.00427314277533524
0.137478887298161 -0.132721380465648 0.132050181450523 0.0434518966593154
0.207563740752116 -0.046017259525472 0.079253964556946 0.0685370004775322
0.223587335239023 0.0128593030313323 0.0482666448949824 0.0296207196312929
0.182214035930765 0.0717766241447753 -0.0397414697406252 0.0107688401682976
0.212449103908382 0.0443687298927502 -0.0763080195032719 -0.0839496188465849
0.186941171699345 -0.0396108319355865 -0.139183940714245 -0.070086502355879
0.133784194144173 -0.128697733039087 -0.150299801594509 -0.0146388994652732
0.0626211171746169 -0.159166492665709 -0.111837641006701 0.0317035847193502
-0.00829606762373603 -0.155179214035676 -0.0815141237423841 0.0427368270077675
-0.0572797728879804 -0.131238603402765 -0.0553529690339117 0.034470293617558
-0.0628867783673743 -0.1271047215878 -0.0151612067828895 0.0141140890637163
-0.0660397149740537 -0.1184453922121 0.0130635537723991 -0.0307805575763423
-0.058668346012112 -0.151731589892435 0.0543487754153853 -0.0575694218001336
0.000647361393720953 -0.182901535600148 0.102991775746058 -0.0638492979870596
0.0653509656500335 -0.183342214646297 0.145209988853802 -0.015044534061232
0.158431354357823 -0.123654740541519 0.122219236508545 0.0401343237729155
0.2202180387819 -0.0242310420702584 0.0413735781216529 0.06944177102984
0.223462412315202 0.0331859326256024 -0.0245845480791249 0.0100261709247306
0.163276338705472 0.0690475349310285 -0.116460745053648 -0.0227110703911
0.202427976498391 0.0411783385667515 -0.129434043531158 -0.089708167781603
0.182193128261467 -0.0455288364302244 -0.148407766055228 -0.0716397467518461
0.122480094052116 -0.131495321471916 -0.132865091945189 -0.0286025106176794
0.0506388727053285 -0.153264005692123 -0.0993243099249252 -0.0123684186857501
-0.0127247207461163 -0.144433398130887 -0.090989905131075 -0.0112663148783223
-0.052725455019911 -0.122382022429232 -0.0776155971831333 -0.0152034223181388
-0.0504226994220415 -0.118975971094166 -0.0398560361525723 -0.031383421253389
-0.0483720857964124 -0.114195161265523 -0.0107520927928916 -0.0746241280926467
-0.0322065965076616 -0.143445611787386 0.0364578726864478 -0.0979187968202937
0.0246047529044287 -0.163438087990135 0.0965999748434029 -0.0961383248845722
0.0844309502505244 -0.153126906724836 0.142235098095008 -0.0282893017634559
0.161072748757503 -0.0860487653861423 0.108038987092743 0.037330133189239
0.203016721875516 0.00950556927927416 0.00561440069893562 0.0603133849373925
0.190464898330297 0.0530421130337978 -0.086260026781062 -0.0170914546784521
0.114002428658513 0.0564038480925846 -0.182592452205938 -0.0444278733778074
0.152371750067255 0.0353627262562115 -0.171178861259049 -0.0801149729742193
0.139792726980505 -0.0364118645130158 -0.14837985955874 -0.0672190865099989
0.0873929349033436 -0.101247822641537 -0.116410337673575 -0.0402873791362234
0.0331176994659001 -0.114162335828971 -0.0934258008226579 -0.0501887011389207
-0.0104288616427965 -0.106035252545549 -0.102725122728551 -0.0547418228415924
-0.0370542876772185 -0.0931715365015887 -0.0970832527067252 -0.0553829060472785
-0.0310032724487128 -0.0926321270245058 -0.0583549359388159 -0.0710316363206587
-0.0251234024536745 -0.0931476199306031 -0.0241986251190951 -0.11318800718627
-0.00532560660504364 -0.113512051880673 0.0318081200655031 -0.132373138439312
0.04126287326152 -0.119416526335666 0.101340355873665 -0.11906768810432
0.089227690725597 -0.102078023866494 0.143057311837664 -0.0346332934882353
0.139804304982297 -0.0373837453903825 0.0944235710970981 0.0324144236988667
0.156136916800289 0.0410340940226257 -0.0183429969334057 0.0400623463108859
0.130886062742177 0.0640183760993533 -0.126235418284889 -0.0504463795551149
0.0424355503192803 0.0423256159639157 -0.223350826968707 -0.0531491059113442
0.0753414702028835 0.0333360445297956 -0.188482298095919 -0.0626748043044115
0.0747359703857256 -0.0104767122206269 -0.14217703900824 -0.0626055454469159
0.0438270006124161 -0.0456906302993115 -0.10651135874141 -0.0478454011260833
0.0183345138805633 -0.0507209134038497 -0.09640408047457 -0.0706210744730236
0.00101836994519007 -0.0502124302952253 -0.113406888200526 -0.0769725266340937
-0.0119187296245872 -0.0497756934968053 -0.107308565334407 -0.0801309323330848
-0.00611674113392861 -0.0523675011928123 -0.0668277890568968 -0.0989915771357948
-0.00209093856596882 -0.0552199848391203 -0.0254079329179919 -0.141772813497129
0.0110370857930634 -0.0657968814095761 0.0393643567612322 -0.156393290562771
0.0379266163711728 -0.0633192618383321 0.112940128858924 -0.131747718753496
0.0695867698969807 -0.0493521393323518 0.14519581138478 -0.0370241415651102
0.095402344128072 0.000589041737411821 0.0883675421945503 0.0259528043468943
0.0889665403048998 0.0523689542236935 -0.0250635872762104 0.0165915491028983
0.0556008291452076 0.0570963312539254 -0.140265899046767 -0.0822621450144329
0.0162498120757776 -0.0292577687107624 0.146821081340461 0.0857661306759974
-0.0201212334549213 -0.0335759278564376 0.0554139668275221 -0.0183466630171318
-0.0364645635920077 -0.0039669771381362 -0.0796106712403404 -0.0318132139056955
-0.0187754474462771 0.0155183199974292 -0.15462238814941 0.0233020124461478
-0.00790126550959916 0.0120924383613621 -0.132983405278924 0.123409376483689
-0.00842285908988999 0.00759822766542422 -0.052570095367695 0.170851405988284
-0.0131046661077967 0.00892139266340026 0.0225485497798043 0.159718021069786
-0.0187606135551205 0.00134331496060174 0.0762446234744931 0.121517247089361
-0.0223584262263902 0.00414739781950429 0.1095432904065 0.085525217065994
-0.0280580741895344 -0.00501412941167192 0.125406033755901 0.072639908699306
-0.0164352338011748 -0.0173951207772209 0.114212010355301 0.0696875394876929
-0.0105061771546054 -0.0140921970174194 0.113664052488588 0.0559029968766589
-0.00772606913766714 -0.0220050419913949 0.126548777815605 0.057807344714113
0.0147181068688092 -0.0368067309274006 0.15756151907479 0.0725955163462729
0.0353706012896757 -0.0252101184522983 0.217070499259832 0.0582500284919363
0.0791969344194769 0.000467731984418776 0.129151670876156 0.0912308947519628
0.0518123492506243 -0.0121570880915962 0.0411576990691285 -0.0178764936579741
0.0232550605290051 -0.0112327301035709 -0.0872759773930177 -0.0316462775127363
0.0266717368154405 -0.0195044095072685 -0.156079965716541 0.0181864320051692
0.0177214529813112 -0.0375090798561108 -0.136395266312844 0.113766244968
-0.00684956889764348 -0.0461997869810374 -0.0640192854649499 0.15989241308294
-0.0312990345444054 -0.0393245053894065 0.00843776253125352 0.150436193745598
-0.0422310922187963 -0.045778893640224 0.0641444594302827 0.113584552154478
-0.0486914446338706 -0.0402455288062435 0.0979320457987453 0.0720863379678705
-0.0520838238087777 -0.0610568619735604 0.121861249689508 0.053616609174968
-0.0176062952680066 -0.0849656081301759 0.123937714024469 0.0489039910873099
0.0161285229963854 -0.0835995428619801 0.127031603738007 0.0453386780743878
0.0540613043810675 -0.0665774656085673 0.127815589076258 0.0526337091000193
0.0969453131692735 -0.0438823524029991 0.137806720871988 0.0638770951308125
0.119421926558708 -0.0148539823184494 0.179580061991011 0.0492310765507828
0.131569459057458 0.0327823616088464 0.0898904565384903 0.0764754631962056
0.121130291931295 0.014342799549909 0.0161382458123455 -0.0356263165157078
0.0883032559338978 -0.0166143358117586 -0.101952440928603 -0.0413825843415079
0.073612326977245 -0.0577115128425796 -0.158796245449009 0.0117472779447718
0.042140314228245 -0.0870011680154673 -0.131897774206666 0.0969238885563718
-0.00509187776503061 -0.0959115521280108 -0.069713776560587 0.133946402496741
-0.0448572732914457 -0.0829183984486671 -0.00947401318561803 0.123986600863909
-0.0594404157966754 -0.0856926315181843 0.0410742347827964 0.0906377255063589
-0.0678132737296675 -0.0767960182797269 0.0737903958120346 0.0452905517456413
-0.0703381959785559 -0.104805058940416 0.10485483877179 0.0210540651926136
-0.0225546911697844 -0.138245509402951 0.123038234269693 0.0132895005446993
0.0293153661148631 -0.141519334632458 0.138555485048155 0.0241647613193485
0.100012734967782 -0.10922932859431 0.130223903458704 0.0464414828020724
0.161653436627533 -0.051649891057167 0.110168410847111 0.061798214390103
0.183142532354415 -0.00553362797771178 0.119837418599335 0.0399799832675625
0.166309509595923 0.0569482998318031 0.0326176358881447 0.0459748079121948
0.178247699470682 0.032503739065387 -0.022480684540323 -0.0614231290163295
0.147352688789273 -0.0277059804320657 -0.119752295133645 -0.0559699669885042
0.112059115931157 -0.0979991264741279 -0.156558290658441 0.00127592192500667
0.0562112746273558 -0.131025949550071 -0.121099697700687 0.070564426876991
-0.00668560580294405 -0.133830309902314 -0.0730024517786577 0.0933640887082534
-0.055003995325784 -0.11321443975773 -0.0302645325973023 0.0834835777199739
-0.0674310373984972 -0.112442195149674 0.0141522196970453 0.0557577512780316
-0.0745689579778379 -0.10198256615759 0.0426354169534809 0.00994899973759277
-0.0748567018437112 -0.133862556569783 0.0787096370442606 -0.0173316027595626
-0.020385427826518 -0.17077869062274 0.112337921634579 -0.0263006243999672
0.0409928707985843 -0.176274257760185 0.142681622224691 0.00176368407173957
0.131565511115904 -0.132281093788394 0.127660426344051 0.0414794809834977
0.201816779067497 -0.0493214186135645 0.0774174086200835 0.0654804098636177
0.216818013264861 0.00817120491751372 0.0483873144931449 0.0285250916669967
0.176961832163887 0.0672472084441783 -0.0384549748536005 0.00974390128113085
0.207692186120521 0.0390299955440228 -0.0733110520266838 -0.0812884232182622
0.180776864642771 -0.0413687387477686 -0.13509501556443 -0.0665784277875525
0.127005108679008 -0.127370577262845 -0.145767206725069 -0.0126328328426993
0.056644419787974 -0.1564208184577 -0.106981453200804 0.0314617064170533
-0.0117633476386589 -0.150248127746611 -0.0784867477282113 0.0422782227258727
-0.058784398090312 -0.125471720826725 -0.053112870378423 0.0353344852882757
-0.0644608941638806 -0.121885548523449 -0.0140332976487835 0.0129910721761032
-0.0674536594784036 -0.113510463270102 0.0115505126350309 -0.0307795728957386
-0.060818261686268 -0.146095163933433 0.0520968134137455 -0.0579519634597376
-0.0042566989503814 -0.178717254324037 0.099282553394041 -0.0646415957454107
0.0588389877712297 -0.179146079410637 0.141610571373185 -0.0175051830914294
0.151482229879494 -0.123990767011136 0.117612001200694 0.0384227305740085
0.214943350065387 -0.0287319019409834 0.0407058684761327 0.0667026521062806
0.216983522593487 0.0282102470794312 -0.0223715989013314 0.0111585490228117
0.158710513143282 0.0645044203714497 -0.114042648796174 -0.0210190363222892
0.197338932691999 0.0361028998755686 -0.125325056997437 -0.0859067250487113
0.175693341861678 -0.0468587448888926 -0.144109885145118 -0.067882958767266
0.115572448524187 -0.130071358579583 -0.129136965137758 -0.0260885122363598
0.0448554010664831 -0.150440227554665 -0.0957914331559209 -0.0119931413474556
-0.01564340932464 -0.139371017860809 -0.0884831466403287 -0.0102841394358234
-0.0535721000097704 -0.116745952997395 -0.0762492257471564 -0.0121677171799125
-0.0526585983847017 -0.113947111066376 -0.038779990741985 -0.0298261559172139
-0.0501749554842458 -0.109853136671511 -0.0123508170057904 -0.0723764142156959
-0.0350927988482842 -0.138835434707297 0.0335148184104979 -0.096569019453551
0.0191312203301927 -0.159210676015895 0.0924058691406272 -0.0962894047500481
0.0778492198629745 -0.150161017018172 0.138543241590911 -0.0307652354417139
0.154335843810919 -0.0876628173420278 0.104421296003329 0.0350503788107406
0.19719554475463 0.00505117211076817 0.00617164116356577 0.058714552952248
0.184399577058767 0.0473429044058169 -0.0822872908789459 -0.0140251113053973
0.11113044641031 0.0534757103933318 -0.177679731864271 -0.0405011402899308
0.14824650610205 0.0313389541831099 -0.165522942921987 -0.0757444244645211
0.134690801056618 -0.0372153554411528 -0.144223992623841 -0.0635836170186619
0.0827128828846674 -0.100123873567261 -0.112616719117263 -0.0378858979111565
0.0285873962565675 -0.111323822626558 -0.091361354266388 -0.0488627212828324
-0.0122080595686618 -0.102257021911262 -0.101979809278092 -0.0518850281326746
-0.0381763929039482 -0.0891438633307611 -0.0957001796617979 -0.0507939590612054
-0.0328787251364241 -0.0891932764263762 -0.0573406641129551 -0.0678487654443102
-0.0264326816837823 -0.0893451702480677 -0.0259305365844932 -0.110000937723365
-0.00798230318765467 -0.110107210105526 0.0281548338181766 -0.129247646630572
0.0363669832923316 -0.116383815192677 0.0960119405187967 -0.118439247250845
0.0838673439803232 -0.100466696146713 0.138875970860416 -0.0367842061548307
0.134326235347901 -0.0393366123753282 0.0918636191439238 0.0299945709965828
0.151987355717245 0.0364655178853554 -0.0175488018185754 0.0397607333703361
0.126658629701258 0.0593525503073046 -0.121920093700181 -0.0453156046285773
0.0408418847992829 0.0406740211560984 -0.217958393150986 -0.0476770564893358
0.0729327897727812 0.0314181013400977 -0.182674061103378 -0.0586647697010347
0.0718034852897634 -0.0112565391810078 -0.138498937453565 -0.0591652596268163
0.0413347329442615 -0.0447480356982369 -0.103895112134926 -0.0453527286480523
0.0161405779702562 -0.0492500375189988 -0.0946817486332462 -0.0689687336961983
0.000455858017517454 -0.0478443644418799 -0.112472994481515 -0.0729471505741173
-0.0122829614163238 -0.0479538575382346 -0.106674139596001 -0.0746692643618075
-0.00733844054322459 -0.0506407419336431 -0.0660621234224122 -0.0948199309523821
-0.00350093911596597 -0.0532957054137198 -0.0279134451492669 -0.136994373477263
0.00941468486401027 -0.0639940753001072 0.034447438626263 -0.152420512986254
0.0347322260401139 -0.0618158186757963 0.106781304349859 -0.130295289958373
0.0655949710717643 -0.048835477248345 0.141372242587712 -0.0390766616551196
0.0924946415800029 -0.00143539711382951 0.0854751977383263 0.0233672823840119
0.0869765900835418 0.0487412869610882 -0.0244306612393525 0.0176245242113216
0.0531678852929373 0.0542004390942354 -0.135864609311892 -0.0751495911059033
0.0160352259682071 -0.0291485496440933 0.144754008606218 0.0817847469368501
-0.0203667909473222 -0.034122347707372 0.054957590081224 -0.0203405987162376
-0.0358510962838562 -0.00427328650336103 -0.0773979564819233 -0.0304819831052184
-0.017852469894974 0.0153695785983065 -0.151076269038861 0.0247188132456946
-0.00773559715303546 0.011205753235323 -0.129901434857853 0.123466857348073
-0.00809903621630284 0.0061805163939641 -0.0486937923076099 0.168009084291725
-0.0122523841390612 0.00850418245370355 0.0259190576514852 0.154913752540043
-0.0182523398278163 0.00093812655893515 0.0768629758837323 0.117870476151472
-0.0214144114418891 0.00369821173056163 0.109913203989639 0.0816091078866429
-0.0276374220964639 -0.00435197508458973 0.125938862596602 0.0684884859931468
-0.0167521765331446 -0.0167113980593367 0.113986324091198 0.0678300013335847
-0.0103594368217381 -0.0145665442016427 0.112108432370359 0.0546159172777257
-0.00742402891902292 -0.0215211636354682 0.12299370258852 0.0566232427424352
0.0139475948778593 -0.0366404864635204 0.154902834979083 0.0698434455828697
0.034950514694457 -0.0260614450803581 0.213476469781282 0.0538506589467436
0.0774684156383483 -0.00060776814269882 0.127254679473634 0.0874019191947881
0.0504379201703844 -0.0131506729975458 0.0411973999240314 -0.0201404284814491
0.022944302110206 -0.0114004421220261 -0.0850087902775222 -0.0302598225899283
0.0246915840234238 -0.019940160638055 -0.152939029611341 0.020333016608646
0.0161440167519808 -0.0377964065270487 -0.132752055681343 0.113605137994831
-0.00790633276258159 -0.0454863421191957 -0.0600132287600526 0.156798866683201
-0.0313475163293488 -0.0381201127818801 0.0115506096805755 0.147101695526266
-0.04293648074383 -0.0442640228229376 0.0642747783080656 0.110041626477119
-0.0485531927779643 -0.0395701825155002 0.0975011179755119 0.0684269721183496
-0.052318140559635 -0.0587737039792664 0.121759461188131 0.0496285763124291
-0.0193309495221808 -0.0837534277508486 0.122890673327645 0.0462893219999272
0.0144008252099528 -0.0830434531736994 0.124501875412371 0.0433922955645669
0.0521398206778696 -0.0674085131069825 0.124599747866756 0.0519881705550195
0.0951810942475406 -0.0444007536045687 0.134995032094521 0.0610927266379144
0.117350843868491 -0.016676059899286 0.177191363127643 0.0459152817703752
0.128876903843065 0.0306014294426795 0.0893321433204647 0.0724923853821457
0.119492472705312 0.0115236653002794 0.016612965775873 -0.0366906816386438
0.0863414320052664 -0.017148137708973 -0.0991388172783923 -0.0400623339203416
0.0708503183923113 -0.0579740027522377 -0.155385489674504 0.0128983911733284
0.0390274679170741 -0.0862203049824811 -0.127157689375597 0.0965258665977207
-0.00684021904547806 -0.094107914721023 -0.066330340635232 0.131785112199729
-0.0464070571666114 -0.0800625339643479 -0.00673709789416397 0.12132013297081
-0.0607254764974652 -0.0831688072511811 0.0417468613815396 0.0876527743217091
-0.0682544933239171 -0.074870384414971 0.0727989368422782 0.0433616336571514
-0.0713292569786346 -0.101626281805701 0.10444675364256 0.0178213811112743
-0.0256103583104707 -0.136356799975259 0.121726549483146 0.0108536624469512
0.0263073100212271 -0.140264770081942 0.13646974912374 0.0222693928621917
0.0967250711215231 -0.109521564567994 0.126879177330671 0.0460707052008653
0.158575090304871 -0.0544102589057818 0.10829955888929 0.0591772093495325
0.17946919573698 -0.00811871573788633 0.119365366315279 0.0379324679887192
0.163644333441671 0.0543359755951234 0.0323546596202851 0.0434947923650939
0.175713465182502 0.0291464560579461 -0.02140313060177 -0.0618024555858133
0.14441503917398 -0.0289876808854379 -0.116884892961696 -0.0539511495277944
0.107180679947035 -0.0980930229913574 -0.152675748737436 0.00251682266462753
0.0523090225589956 -0.130441159546384 -0.116823933004886 0.0696727322828151
-0.00900854782205269 -0.131247190289512 -0.0705725503247003 0.091566276091247
-0.0559981459071613 -0.109918342458376 -0.0283348102143832 0.0825668630903657
-0.0687193278429874 -0.108600367404239 0.0150482116372421 0.053759306330184
-0.0749533595577147 -0.0993911539673909 0.0415487401352065 0.008629710840046
-0.0760273666312036 -0.130176823296814 0.0779548416765461 -0.0199505208893899
-0.0246216578552437 -0.168215575586462 0.11112881446642 -0.0287883870579985
0.0363237190688306 -0.175002107696317 0.140386076932736 -0.000900422561948344
0.127184190715043 -0.132435557295857 0.124915446805429 0.0406537433342443
0.198371665874443 -0.0523196491790683 0.0766241213729449 0.0634097755707839
0.212494458422314 0.00486550467603772 0.0491250960519294 0.0276745640450176
0.173822743967429 0.0641738649951271 -0.0378639750980055 0.00929205722921373
0.205109235867629 0.035004592136988 -0.0710183065407335 -0.0808786325933847
0.177115245663333 -0.042988869773763 -0.132204827020326 -0.0638105249493756
0.122361597965485 -0.127196624634399 -0.142659909885364 -0.0110833163314188
0.0516768525906807 -0.154607126318419 -0.103877512698618 0.0306488639489871
-0.0142999603798297 -0.146987930216504 -0.0771364854585231 0.0410156884867552
-0.0602003570174573 -0.121153096206068 -0.0514674033329716 0.0358849811905458
-0.0665708580821095 -0.11835487419502 -0.013193573052274 0.012730394390923
-0.0686147283078117 -0.110574604987431 0.0108624817627055 -0.0305551598719124
-0.0629617818549621 -0.141420279082655 0.050681286862908 -0.0588337592377653
-0.00855801266011041 -0.175393792552565 0.0968683605864674 -0.0656147519463274
0.0546287275947084 -0.177396360244892 0.139419062247476 -0.0200872714864637
0.146140399165355 -0.124809895003637 0.114933786795208 0.0370441413449537
0.211618802873336 -0.0317800003900595 0.0395829052872966 0.0647118204702357
0.212721966772844 0.0248674697969452 -0.0209297435486999 0.0118507727800738
0.155882558320144 0.0617971325128095 -0.111785619366277 -0.0198684911126109
0.194355234265491 0.0324749409971778 -0.122423187503541 -0.084735830370068
0.171714450829264 -0.0479099422850395 -0.14102724713245 -0.0652317315459471
0.110833414245673 -0.129833941108875 -0.126469468900881 -0.0247126944161397
0.0410022114836222 -0.148624389612274 -0.0937795121239919 -0.0122204323682691
-0.0174500756468883 -0.136483200856018 -0.0882931271678775 -0.00999068417037
-0.0553511132951316 -0.112546418531841 -0.0749880937008336 -0.00953261532185509
-0.0546742535202948 -0.11038499698919 -0.0381403148138891 -0.0291733735185584
-0.0515594918828354 -0.106599415783143 -0.0137400087885303 -0.0706799888916833
-0.0375350219113666 -0.134996202839658 0.0308079635637037 -0.0958585044893715
0.0146776252688747 -0.155931117600943 0.0898667458232945 -0.0970783384906161
0.0734221934933487 -0.149027161676636 0.13668719373238 -0.0335453508339111
0.149294184045529 -0.0889480618760029 0.101648719073999 0.0339470212460541
0.194179168379701 0.000796998674361457 0.00660640301054371 0.0576905115637654
0.180929562394146 0.044245695919832 -0.0802883304687366 -0.0119450560230207
0.108821622870902 0.0511072013224328 -0.174966736890499 -0.0374080363804989
0.145894323552006 0.0283887985458331 -0.161401797095536 -0.0733217287963755
0.131245731863446 -0.0376946147598522 -0.141303520009657 -0.0609475774175249
0.0788638929445647 -0.0992814764227494 -0.109738287424245 -0.0368743287581152
0.0259469663141375 -0.109648125749368 -0.0899715101361988 -0.0494582460234528
-0.0141007227012705 -0.099665313634415 -0.101934911482297 -0.0499476014806236
-0.039168614043404 -0.085926289185797 -0.09509121299146 -0.0476395477935877
-0.0344046700651627 -0.0865336158194037 -0.0574131806540576 -0.066072578147193
-0.0285354455712622 -0.0865879974787559 -0.0276512488190894 -0.106718232489768
-0.0106823492269512 -0.107165358937246 0.0253338613819979 -0.127730154580518
0.0327615641203835 -0.114549157040373 0.0918761546908784 -0.11855888398051
0.0797151347107625 -0.0996949460348976 0.136445467498973 -0.0390986820790244
0.130242093548602 -0.0411679736758507 0.0895247085254131 0.0288480440500715
0.149807096080429 0.0330102944655576 -0.0169207766403464 0.0402652046739312
0.123618665816897 0.0565573040130046 -0.118909852564031 -0.0409174334914143
0.0402859296157228 0.0392421277769088 -0.2142759103965 -0.0437915251861158
0.0719272493716092 0.0300959593662456 -0.179142315339467 -0.0555574917659432
0.0697183336538746 -0.0117107586814482 -0.136275538864433 -0.0572169506425039
0.0400163526590193 -0.0444729969031572 -0.101312143140668 -0.0435700622710855
0.0147079471105525 -0.0480811173788928 -0.093545672675469 -0.067233208229811
-0.000552263404748967 -0.0465571339376997 -0.112734675121013 -0.0700397658436271
-0.0130323753910904 -0.0461594256789369 -0.106378911900212 -0.0700952801148974
-0.00873560916514329 -0.0492708423031234 -0.0661953829390459 -0.0915302164632044
-0.00518864452436427 -0.0520362616461639 -0.0296995572657904 -0.133484970141244
0.00813117050125442 -0.0627138066954455 0.0306879129370996 -0.150152212241911
0.0325877974717987 -0.0612763071527984 0.10225053491843 -0.129701800529947
0.0630358984858611 -0.0484574818406559 0.138800796645399 -0.0410250596525529
0.0897676815286083 -0.00283420808612408 0.0839765948505309 0.0219603006953021
0.0855620587061178 0.0465918255333704 -0.0236262811486739 0.0181426613281286
0.0519733657101493 0.052939997398749 -0.133393850870873 -0.0696815403536149
0.0191694614020315 -0.0238459283478893 0.125270087679765 0.105271211916561
-0.0135095093425734 -0.0361982336172071 0.0595729241450676 -0.0116299229259607
-0.0324522485041708 -0.0110951868346006 -0.0664930892320401 -0.0458626938213554
-0.018862090158923 0.00871186573015273 -0.150443183164216 -0.0050129891029235
-0.00822912293718932 0.00672337305946659 -0.14890657972848 0.0944931859627633
-0.00866712698196339 0.00221838830801924 -0.079579181510603 0.152788548560604
-0.0127236071395343 0.00497373930578737 -0.00553675839694924 0.155337497295326
-0.0181966287176977 -0.00349125865663028 0.051547781581145 0.128233999880084
-0.0211420450241613 -0.0016747589961067 0.0893666837714937 0.0999601644849276
-0.0251269218135574 -0.0101770690169052 0.107136254858471 0.0904944440360423
-0.0125041713080177 -0.0203065030442444 0.0961078391629319 0.0888589803750143
-0.00550072518236823 -0.0169510907891879 0.0952534891399546 0.0768923431499977
-0.000889382672128367 -0.0231408557541038 0.107154215128102 0.0810660288812024
0.0226126401203914 -0.0333215156932025 0.138097418645068 0.101428568094323
0.0389937342512926 -0.0181504385111861 0.201233379659935 0.0992261028200171
0.0717179604380709 0.0154150609698952 0.108573658174351 0.108154801788073
0.0496958394007493 -0.00395036686297081 0.0452665647609398 -0.0112546213975601
0.0247451121448282 -0.00745238842977225 -0.0735874444308414 -0.0450196315521547
0.0285572177618637 -0.0157665907109002 -0.150348586133896 -0.00902286981200209
0.0231611986383034 -0.0355027438925863 -0.149241380957826 0.0853499955351712
0.00160436601661443 -0.0472426153129061 -0.0870197191803585 0.140489362209566
-0.0223084653659311 -0.0430977486725831 -0.017534268275994 0.144418566009033
-0.0334497728016869 -0.0523043351257672 0.0402641357804862 0.118571236476435
-0.039002764731075 -0.0485603496535616 0.0806525229952553 0.0845684572070309
-0.0386042309113708 -0.0674074994716478 0.107239416735889 0.0697297388880811
-0.00185438593675375 -0.0855416998674716 0.109723126345018 0.0666902713930668
0.0317679413529543 -0.0770755528234972 0.111785999159908 0.0658207664120034
0.0667177575338629 -0.0535807318500003 0.111423985995819 0.0753394422807161
0.10285730183929 -0.0244631464777318 0.121103877831777 0.0891946137753671
0.116309917504303 0.00815387489000342 0.16712095206846 0.0833077697175146
0.11445201781128 0.0552529028098139 0.0742617050252904 0.0873410285730223
0.110977410175057 0.032294682516647 0.0230645538244974 -0.0303772576165393
0.0871812793766032 -0.00111897699053678 -0.0860751815472331 -0.0554150180816559
0.0778502636234231 -0.042172702997949 -0.14996980743769 -0.0160691055875043
0.0540160882717611 -0.0775195802573815 -0.141049768366052 0.0699441422829316
0.0113584451032387 -0.0927320252045166 -0.0878319328982166 0.114804039659999
-0.0288399872483405 -0.0859204480801639 -0.0303082274676774 0.115987032723628
-0.043537116301475 -0.0928343746351937 0.023582639049196 0.092841012322358
-0.0503700186248005 -0.086151851407116 0.0623661835398881 0.0545948235992829
-0.0487530571295722 -0.111532244957367 0.0967710289088514 0.0347581785906847
0.00284293640416731 -0.137122769314419 0.115465590457302 0.0308056391489265
0.0545085423978762 -0.129414009860752 0.127725693281048 0.0460557130087711
0.119389307681637 -0.0852872579313509 0.116360422527235 0.0681754383394571
0.166550575797321 -0.0192782890108581 0.0964887718119042 0.0825001454246881
0.174974208694949 0.0296153416455919 0.111901561065362 0.0631370562870826
0.142514235646358 0.0838401033694195 0.0250498069367658 0.0494230319207758
0.162654418280637 0.0589899914045028 -0.0101280765465627 -0.0593929880821448
0.144940146184536 -0.0011034205715717 -0.0995555983573682 -0.0703931155601705
0.119704017371686 -0.0731510035485663 -0.145484620473323 -0.0248406467465406
0.0748589374159791 -0.11576407009284 -0.12616248058893 0.0461850894318935
0.0171130244727964 -0.12819039562388 -0.0836778070878399 0.075813529996277
-0.0329672138921573 -0.115481896710859 -0.0428894029141491 0.0738051053702296
-0.0467564672219947 -0.119324253834764 0.00393640139578485 0.0543245593447613
-0.0523714775483921 -0.110789445820793 0.0393498732734521 0.0152846919970462
-0.0479769946557464 -0.139210295535347 0.0789122694824895 -0.00735058696500074
0.00967062842134926 -0.167370566166651 0.112915891931348 -0.0117698045759123
0.0714698607994667 -0.159335529147233 0.137513875173196 0.022178771102166
0.15380918186731 -0.100769143155392 0.116097179410233 0.0609486155540793
0.20436289632879 -0.00964994152442341 0.0640410412203101 0.0797287128844456
0.204258618785709 0.0492234588814623 0.0443979729594107 0.0378899036952644
0.151754279305586 0.09500476384767 -0.036950602570022 0.00279663326355747
0.189939564715629 0.0686179612181302 -0.0551465417560246 -0.0859276845572668
0.178640525886402 -0.00745183704216796 -0.112191277630761 -0.0816184714598219
0.139012111761346 -0.0973725228619562 -0.13231575609741 -0.0358658681483177
0.0791641097256214 -0.138309166719575 -0.10622543071961 0.0109719742867803
0.0148129158473649 -0.143687012808552 -0.0805398109794882 0.0260241510643868
-0.0348553669015256 -0.126619123843997 -0.0566743626525329 0.0244160160184734
-0.0425203813755236 -0.128135794440509 -0.0146454285929868 0.00916657674726707
-0.04357674313202 -0.120284454511936 0.0167402707566268 -0.0288813402593482
-0.0330160833127139 -0.148629375648293 0.0605933159997819 -0.0496855909117124
0.026071255369042 -0.171913232866678 0.106983887284313 -0.0505812334225536
0.0883810541472906 -0.15760063309999 0.140704707116528 0.00300982807902058
0.170182184300306 -0.0893396743356529 0.107981849982609 0.0559596065471315
0.212199376669146 0.012849943611098 0.0278777859189955 0.0748826901985887
0.198974105492726 0.0681540206736573 -0.0213265933812288 0.00762201691991524
0.135613214891957 0.0881884750997512 -0.103289006737243 -0.0390450241099612
0.180514821578557 0.0642348862033427 -0.104042884648254 -0.0989815285329779
0.174420928821273 -0.013910759606142 -0.120567363941935 -0.0851159851242859
0.128594829831422 -0.10226355779752 -0.113219961503764 -0.0460209137914263
0.0673291949399516 -0.134273320009059 -0.0879562804345557 -0.0290231045620865
0.00984947788927414 -0.133139811967793 -0.0817945754878487 -0.0263887179383841
-0.0320728007035009 -0.117383352886639 -0.0704944962815875 -0.0256938644671841
-0.0324248933896749 -0.11782179336567 -0.0306135913667926 -0.0359417241156072
-0.0280996795649312 -0.112109087833631 0.00140317985157209 -0.0720643413222815
-0.0103025106657855 -0.136351317302555 0.0494590066447546 -0.0887554791576615
0.0447394569398095 -0.14788837421552 0.105925545519052 -0.0813237019734085
0.100211708201206 -0.1264725861955 0.141658063726631 -0.00938128144928933
0.164601051224693 -0.0537771117311482 0.0960819620428486 0.0507827866336526
0.187726000683537 0.0413076390348853 -0.00393164199927319 0.0612424429634043
0.164250802161648 0.0805842451187717 -0.0748866914447709 -0.0280650574953948
0.0936587659688898 0.067790520257119 -0.161761518144281 -0.068209483499647
0.134924270739393 0.0516639458476385 -0.143331523825904 -0.0965782621649732
0.133912552231717 -0.01213081807503 -0.121676709263066 -0.0819378467865034
0.093251262207052 -0.0789064263899883 -0.0959186878248959 -0.0550482819263819
0.0460054265778667 -0.0994621822787876 -0.0778759290620553 -0.063680701990297
0.00659367812417635 -0.0972448210424527 -0.0886659765179181 -0.0677104524567162
-0.0218751820661417 -0.0882334471814487 -0.0831075544299432 -0.0658017540553763
-0.017533877946064 -0.0903819157888386 -0.0416853297173183 -0.0750321996478652
-0.0103196713677508 -0.0884490255624328 -0.00491319589286268 -0.109145931317156
0.00984068891884997 -0.104715710854696 0.0502994415699985 -0.119133593217667
0.054086389694133 -0.103465461269419 0.113657251645187 -0.0995872575943766
0.0953518881464132 -0.0785052023134956 0.142315691266078 -0.0135925658848194
0.135316075611551 -0.0112312676545352 0.0842001517888635 0.0442159726374571
0.137773376107149 0.0628305921936441 -0.0242320168531138 0.0388100964548575
0.10620088385243 0.0807915975879723 -0.107090482433493 -0.0652242086707641
0.0318941030046606 0.0430478255754306 -0.199274546846356 -0.0814294002010799
0.0643335984182216 0.0394271219274171 -0.162062318445329 -0.0853324648909891
0.0704298188252263 0.00120022619148279 -0.117849002095439 -0.0791939260239906
0.0467466737976424 -0.0346703196694241 -0.0870570893136001 -0.0617128487935308
0.0243971264714933 -0.0423298335057685 -0.0785490645178594 -0.0831904366612497
0.00975631708251787 -0.0433267032716179 -0.0965866478230214 -0.0897957033977164
-0.0040099574562141 -0.0456007733563016 -0.0892515353124821 -0.0898684391763582
0.000772386979443912 -0.0495452224068637 -0.0451600980797604 -0.101482859758263
0.00572264732085834 -0.050029820931776 -0.00216108677683828 -0.134567505295847
0.0194468220966608 -0.0580322730712701 0.0605849928154261 -0.138057804935797
0.0432642682454527 -0.0510944537660161 0.124534844728899 -0.106139571270746
0.0696181228151943 -0.0330154056910768 0.145460712339071 -0.0132254831307547
0.0873227350892648 0.0170192154072709 0.0797307205067326 0.0378967403997478
0.0725790359298262 0.0628621843967669 -0.0269717425828045 0.01576743340878
0.0375107514294296 0.0625755077881324 -0.11630005114467 -0.0964105682303896
0.0187996583297699 -0.0238544056882131 0.124725676702261 0.101281264632946
-0.0144545749519791 -0.0356629537745775 0.0589077398822853 -0.0141377001879911
-0.0317144221548104 -0.0106967251045427 -0.0655627114597604 -0.045165379296678
-0.0180565116889404 0.00886784132566689 -0.146912190276693 -0.00279207745237998
-0.00826518972791671 0.00611722134324578 -0.144517489161017 0.095429413817231
-0.00874973257500962 0.00148944363212853 -0.0747901098263591 0.150148010101993
-0.0124857016240457 0.00427414674222118 -0.00154405506046453 0.15063789270199
-0.018016160844158 -0.00365857354442552 0.0530284229630289 0.124510161991936
-0.020666267224044 -0.00206254028996661 0.0905125713911024 0.0957088335845141
-0.0244491455880977 -0.0092180213446605 0.107370470832099 0.0861923773763426
-0.0128830965276436 -0.0197242340735789 0.0962430422114605 0.0862082739758471
-0.00560164327582666 -0.0169334915869171 0.0937101145512501 0.0745201762632743
-0.00112601927343601 -0.0225421803340563 0.104576556967429 0.0795293363124205
0.0215067220833618 -0.0334883319197887 0.135587823217409 0.0982303180741385
0.037654456967595 -0.0187214561869441 0.198021364552179 0.0936097015047846
0.0708756419717225 0.0144313172586404 0.107826563998982 0.103091885705195
0.0481649665497731 -0.00543738549127034 0.0455782673352729 -0.0137133018770974
0.0235654587061529 -0.00805537193883864 -0.0718887698277628 -0.044365954405131
0.0268105350124478 -0.0159981250569888 -0.146929084490946 -0.00751875359840625
0.0216348927956929 -0.035521849049071 -0.144483064251153 0.0856338569213716
0.000412188383442074 -0.0470472269490651 -0.0827814535024538 0.137913711454985
-0.0219527948115583 -0.0422140913243926 -0.0138537743063613 0.140985479844053
-0.0346900401116643 -0.0509459158425695 0.0418899413529849 0.115289174179164
-0.0394426203976778 -0.0473910774674674 0.0809771847404894 0.0803372207977057
-0.0392027969427338 -0.0647136713918827 0.107481954667954 0.0658684623157232
-0.00400481667185248 -0.0843741454551585 0.109051780949749 0.0638059589594372
0.0300430927649325 -0.0766586564932972 0.10959158070445 0.0631004009077468
0.0649366221821647 -0.0543289834612766 0.108812021472387 0.0736841255750158
0.100539554819174 -0.0258777112784147 0.119178152784697 0.0862847116852783
0.113535090140729 0.0055869151797188 0.165718799347788 0.0790389135871702
0.112316307390915 0.052608371253571 0.0733389704501481 0.0840622195335123
0.109651964476831 0.0291707109666119 0.0235831407641044 -0.0317827753790382
0.0849484207219122 -0.00199393403495654 -0.0835046435943495 -0.0538120068582918
0.0749870847778281 -0.042566001104771 -0.146598316527465 -0.0148323177964202
0.0508353263068706 -0.0772932319590853 -0.13701860975608 0.0700856272616118
0.00916742705743433 -0.0918030897706826 -0.0837856318958344 0.112894529717292
-0.0294854475333394 -0.0831606506381691 -0.0272157597031746 0.113322735091389
-0.0456869970288931 -0.0905918943561108 0.0251194356097572 0.0901948952514896
-0.0514479358017383 -0.0836165481576832 0.0618493820318259 0.0517576803653543
-0.0496624548013137 -0.107965674455553 0.0962983002400737 0.0313475774624191
-0.000571872429622214 -0.135257924501236 0.113933633445111 0.0275572053308306
0.0512167176071365 -0.128159597861948 0.125960824204548 0.0427862743566219
0.115386056995705 -0.0857138073681537 0.113566499165045 0.0661833736754181
0.163348726599995 -0.0226072142721001 0.0947781652848717 0.0801864649496795
0.170912208361744 0.0251762566294592 0.110713383932502 0.0596611787381999
0.14065619510839 0.0806091757865375 0.0256944641007361 0.0464310183944427
0.160921206223858 0.0543643016813199 -0.00905765259631277 -0.0597096352159314
0.141484256196856 -0.00269986130112146 -0.0969657588942857 -0.0678762679994599
0.114886477288591 -0.0734878425841601 -0.142224595123266 -0.0230854154135135
0.0703550571971171 -0.11509845554905 -0.121882716493039 0.0456892549979757
0.0135951446578668 -0.125820266874913 -0.0808103815348307 0.0742396888464607
-0.034345432747691 -0.11188735671552 -0.0412370278051184 0.0728994308539422
-0.0490248000073692 -0.115707095696549 0.00548881246148654 0.0531006992493282
-0.0536497743437065 -0.108186525225338 0.0382699342044951 0.0139250324432453
-0.0493202989259743 -0.135726235253615 0.0776255136917733 -0.00973425199618498
0.00550430631262098 -0.165094917174642 0.110223609540129 -0.0134275256109985
0.0662973066451497 -0.158188364050211 0.135112602095564 0.0192764685769271
0.149384876903768 -0.101885406539971 0.11312744781472 0.059098743185586
0.200476835917349 -0.013749344343697 0.0631452990926535 0.0774614832788375
0.199956409451763 0.0443743684837977 0.045216562352252 0.0367977348859385
0.149228301943454 0.0911854274268016 -0.0359954467410747 0.00238521634877397
0.187321165150213 0.064057456946466 -0.0537875075121976 -0.0847863657259868
0.174647471980175 -0.0103778394481236 -0.109264880253049 -0.0792531352505249
0.133732690441371 -0.0978724254227914 -0.128359214922989 -0.034179790124105
0.0743949079743866 -0.137533647122692 -0.103104535485433 0.0102961070383491
0.0114888804549024 -0.140938853006612 -0.0788114103902957 0.0253037419897312
-0.0359876359142341 -0.122960062177888 -0.0553211543800175 0.0247313064500839
-0.0449564163413109 -0.123859820936416 -0.014139435170972 0.00833405020180832
-0.0458201914116203 -0.116406272547697 0.0159381514972312 -0.0288029273569618
-0.0354076931837541 -0.144308551051219 0.0586491443495937 -0.0506420028221254
0.0211072246937629 -0.16897548715625 0.103548888839177 -0.0523088165751105
0.0825882071895596 -0.156749359233031 0.13840999460361 0.000237015709914482
0.16477505180209 -0.0907120967773466 0.104989966944622 0.0537026679770117
0.208713756292809 0.008469037046872 0.0278260721710756 0.0732734217952153
0.195235376314439 0.0631592066042309 -0.0196661593584183 0.00861400969128864
0.13304889667518 0.0847295716004674 -0.101151376438886 -0.0379293703767788
0.17856910514776 0.0597622012053526 -0.101773268910109 -0.0973226421046552
0.170962538125939 -0.0161619352628641 -0.117871062575312 -0.0817352460882171
0.123889189310035 -0.101866540207616 -0.11036375283854 -0.0446616167873857
0.0624153764767873 -0.132572944230203 -0.0859023561588271 -0.0292419911158796
0.00647042075756141 -0.130774443664483 -0.0817067645943855 -0.0253426639840897
-0.0334401830954004 -0.113640153187948 -0.0698300940684013 -0.0230795013985565
-0.0349297874427286 -0.114534526484476 -0.0303349293005907 -0.0352090367960051
-0.0298310578019736 -0.109419273140613 -0.000156930712813047 -0.0709178598646421
-0.0128529699116331 -0.132649686155446 0.0472551537161663 -0.088436378875906
0.0394609559932927 -0.145438411478314 0.102198280310987 -0.082156076142876
0.0945280162401993 -0.125161104288343 0.138663086385751 -0.0119254473945284
0.159701592918509 -0.0555444194311342 0.0936030099706258 0.0487454690972734
0.185226491806129 0.0369200062024884 -0.0035089532587538 0.0602157113769283
0.160860800809697 0.0761542652339224 -0.0726882041024478 -0.0252863277875947
0.0920336083066546 0.0653479256672621 -0.15863761256762 -0.0651808211917388
0.132964488579056 0.0478086598149847 -0.140142016082142 -0.0942242859912246
0.130872292708736 -0.0134490039527744 -0.119481132468981 -0.0789537372148038
0.0896805750304177 -0.0791360425670564 -0.0936274368661688 -0.0533305565611111
0.0424736204635252 -0.0978267948370999 -0.0771839208545358 -0.0637512939058735
0.00450131632479203 -0.0952712831197424 -0.0897673652999184 -0.065397562280768
-0.0229560028727621 -0.0855123788600229 -0.0824483566866659 -0.0615093164515539
-0.0196095828197446 -0.0876968762058088 -0.0416279261723409 -0.0733288002103485
-0.0117617004435496 -0.0860111564268026 -0.0070352588241106 -0.106811799191991
0.00713794503830743 -0.101741163231262 0.0469148153673566 -0.117676705819512
0.0498329308073043 -0.101584793355165 0.109340809895834 -0.099648523064306
0.0912736361823043 -0.0780121309562471 0.140407865019867 -0.0163711216298195
0.131252196515061 -0.0136388735215152 0.0830958921996772 0.0428274576792281
0.135411016257742 0.0586910001016971 -0.0231421886716966 0.0393389253591327
0.104217845714194 0.0782406900743505 -0.104686501684309 -0.0613010125608996
0.0308489573458346 0.0415216571591872 -0.195049354590514 -0.0770795171283909
0.0636286815238885 0.0375739407743009 -0.158919651885816 -0.0819882990329195
0.0691316499907208 0.000293847908429279 -0.116472999736745 -0.0764132437443239
0.0452720643085861 -0.0345767264076612 -0.0849905084146329 -0.0595644778423247
0.0225814823210497 -0.0418059375672291 -0.0782183898942229 -0.0819856227745984
0.00920445198181066 -0.0425605678098277 -0.0979829373002857 -0.0861366111546839
-0.00459278315860839 -0.044094736512967 -0.0899498316827798 -0.0852036599667425
-0.00113109429488891 -0.0480274328476755 -0.0457348560837851 -0.098925566116261
0.00411157335607991 -0.0486706413704902 -0.00434449662766466 -0.132135076821508
0.0171386774853502 -0.0565881659497744 0.0560086790022928 -0.135613489054325
0.0412692536523534 -0.0504251649962808 0.119744386488681 -0.106122547248172
0.0673650490775271 -0.0331611905764098 0.141951511930719 -0.0159769451642094
0.0855524121110755 0.0154557556855784 0.0779854947995944 0.0359815267238454
0.0714913803120941 0.0603641854690803 -0.0257789471857266 0.0167440783307495
0.0370154999917822 0.0608585259011496 -0.114129498733604 -0.0913826064667675
0.0185101432425617 -0.0235214578563286 0.122503524875346 0.0977837833685085
-0.0149728868309385 -0.0345812384139012 0.0578318819401431 -0.0163818598749262
-0.0315071178485755 -0.0106517740788433 -0.0637433778739024 -0.0453634973737451
-0.0178895439808215 0.00831044363252886 -0.143858637257476 -0.00309871285954016
-0.00806946387425684 0.00594503037131585 -0.141053682303556 0.0946466474158996
-0.00894329177142752 0.000888307188404203 -0.0722986945885487 0.147385804348081
-0.0114843810451834 0.00340162889479703 0.00114712966851854 0.146257407723444
-0.0181055426328385 -0.00379657420568532 0.0533793429782639 0.121418732512001
-0.0205571857642412 -0.0026182017247139 0.0903028089878678 0.0925417903660663
-0.0239084036678621 -0.00871599808336862 0.107070993458171 0.0832495243594608
-0.0128393134580896 -0.0194226520710717 0.0959146852698807 0.0848077332704382
-0.00558003144361349 -0.0170300664217944 0.091673285843704 0.0732172640144594
-0.000634155916389193 -0.0225843627511057 0.101752860961119 0.0793335541496863
0.0210383452158478 -0.0335218064865151 0.132432433853716 0.0969982346713423
0.036540339516804 -0.01870795018256 0.194742230967494 0.0897470402360854
0.0691921313332393 0.0140058134725968 0.105625456956596 0.100104845285953
0.046846746868356 -0.00622688375154856 0.0449831506037765 -0.0154059857114752
0.0226545872781416 -0.0079356133514396 -0.0692576248642207 -0.0440639827008618
0.0256961866620537 -0.0160790659363068 -0.143634077476609 -0.00712807637074608
0.0202727356825708 -0.0353801324370139 -0.141094006106282 0.0840313290036211
-0.00118901875067322 -0.0466307605781512 -0.0802289932389991 0.135723060328967
-0.0224255944077364 -0.0417267066823446 -0.0118316917293909 0.136278674118888
-0.0347005982321448 -0.0496633898579355 0.0425584460765401 0.112258339313486
-0.0391808964774694 -0.0465913962158371 0.0804166434767196 0.077419867862114
-0.0384204041319136 -0.0630579100974108 0.105912843095044 0.0630979916875493
-0.00492494572841284 -0.0829365741028312 0.108334515686233 0.062848839725568
0.0287003145157141 -0.0757280582383002 0.107701701543216 0.0620553218391581
0.0639736329321063 -0.0538979811718396 0.105389474546387 0.0733902278342344
0.0987798216064708 -0.0267995074858813 0.116528349186369 0.0851983081028097
0.110902873763928 0.00482344079493406 0.163427685154614 0.0763170357394994
0.110045577347355 0.0517237527898498 0.0725794980424666 0.0811885456327334
0.107333126830066 0.0270746834395172 0.0236293614565388 -0.0334799512532941
0.0831170032283203 -0.00216684466764348 -0.0805905842638119 -0.0535576550260763
0.0724832423630084 -0.0426273666255606 -0.143567910180293 -0.0144256078166818
0.0486410053216297 -0.0762005444354069 -0.133970006898648 0.0682019663674136
0.00762446341619958 -0.0902132984068953 -0.0812941561581022 0.110394463664283
-0.0295321512777049 -0.0816214723426182 -0.0248271205069572 0.11080613346825
-0.045958638900329 -0.0878793446399396 0.0256508045087658 0.0870932757410649
-0.0519256267309011 -0.0821613239731964 0.0618451043965914 0.0496577915146359
-0.049931452634553 -0.105837986135836 0.0954106916023816 0.0288640570814548
-0.00288463030993207 -0.133292167814709 0.112819195444734 0.0263365238758457
0.0484852661429548 -0.126771856164955 0.123643073060954 0.0418052151327606
0.112856163938661 -0.0856290815597333 0.110365250352099 0.0663448792167302
0.160776965864045 -0.0239417553026904 0.0918182643429589 0.0788385264468936
0.167075702929373 0.0243042498815169 0.109561413467685 0.0581142258103659
0.137481965297786 0.0793072739012314 0.024591619500254 0.0442870011082173
0.158808082068157 0.0516778420333575 -0.0077875987442617 -0.0609199559981764
0.139139084759063 -0.00359538651386648 -0.0929853602948277 -0.0667318887056698
0.112034967395028 -0.0732740577563218 -0.138739409071123 -0.0233321333888034
0.0673769495612006 -0.113534746520961 -0.118967382820223 0.0435380214909897
0.0112494254194347 -0.123931476725428 -0.0795539153816371 0.0725964605628603
-0.0347607635822608 -0.109139357566208 -0.0395312509362408 0.0713876989187012
-0.0499604290705115 -0.113392999844066 0.00558238688762824 0.0505711193762048
-0.0543076492492721 -0.105457236948476 0.0378771292675587 0.0127273809709936
-0.0500995045799782 -0.132113103598831 0.0763504992909184 -0.0111712748904097
0.00259742651399574 -0.162525670706745 0.108323209050631 -0.0146670004400956
0.0628343948445034 -0.155990959924624 0.13244255271503 0.0179406660272714
0.145504732295653 -0.101777351357078 0.109844064055841 0.0587778432414978
0.197720240681303 -0.0151063538109115 0.0610078190984982 0.0757369496823968
0.194892658872392 0.0426898992329649 0.045823897324266 0.0360071394936191
0.145411171857139 0.0895395887069424 -0.035317822819036 0.00111751763801638
0.18442967444008 0.0615314276672213 -0.051403655804512 -0.0855435204081279
0.171049006322455 -0.0100355623254598 -0.104978440871393 -0.0772590878107477
0.130106687834047 -0.0966613991571367 -0.125368464703683 -0.0341933321386683
0.0708078121689577 -0.13539091664958 -0.100027532441727 0.00820118778403209
0.00986333362066986 -0.139054577904981 -0.0782363131291507 0.0244541744211485
-0.0366475414181312 -0.120042007991321 -0.0541285901080495 0.0251343068450542
-0.0465029345464757 -0.120824626184344 -0.0135706436039234 0.00744142643638689
-0.046287970618335 -0.114340905090892 0.0152157363631095 -0.0288911792114686
-0.0365774419466498 -0.140711400477426 0.0569671109791165 -0.0517405101380625
0.0177371425389809 -0.166065735343069 0.101640298689213 -0.0520139549758566
0.0788944103987329 -0.154204545140644 0.136243587805836 -0.00144827960729008
0.160603252345314 -0.0907582527074601 0.102224096094175 0.0535356378599692
0.205113803953034 0.00666092653804953 0.0263745333124473 0.0716988390957344
0.189593484603922 0.061405718923936 -0.0179225018239262 0.0087344502915587
0.129629662933595 0.0828698009755461 -0.099483083736429 -0.0376052463701986
0.175232415151898 0.057079885025426 -0.09863288742224 -0.0965928943240442
0.167871625602804 -0.0164329502398477 -0.113589185876822 -0.0800343214782268
0.12019302619804 -0.10034443182641 -0.107628901748296 -0.0442887984838512
0.0594097672590085 -0.130776309677354 -0.0841043239863496 -0.030791621971476
0.00551851163095425 -0.127976375906661 -0.0814183505107279 -0.0249464749670945
-0.0334882451859289 -0.110507648710399 -0.0684343959590333 -0.020850154660926
-0.0361802409631868 -0.110901741118371 -0.030160581625862 -0.0356945923188301
-0.0305899978864727 -0.106848270207892 -0.000661602460980285 -0.0702359559841025
-0.0149642777618556 -0.12957232714054 0.0454325659134218 -0.0882000798087704
0.0364883528725698 -0.142949794739801 0.099439568229764 -0.0813681462734184
0.0908631771690317 -0.123187215599164 0.136772824861442 -0.0139270730544632
0.155658643725898 -0.0559019271266782 0.0901727335588298 0.0481634497694953
0.181714579092076 0.0341939309276665 -0.00314127529749675 0.0591672663400244
0.15637427520801 0.0747287507863235 -0.0699355425535617 -0.0233737402383955
0.0890814410699661 0.0634134772379707 -0.155866798203103 -0.063566607624118
0.131020797888663 0.0464599889453968 -0.136507752661048 -0.0934383153318941
0.128514682555784 -0.0141797111211505 -0.115619312505018 -0.0774683249561176
0.0871870436902473 -0.0778730119693487 -0.0901077991756366 -0.0531069177232174
0.0407570225680815 -0.0963558074277143 -0.0756721199935827 -0.0642246002659673
0.00364399201155195 -0.0930315105603758 -0.0896379674915656 -0.0640205885130329
-0.0229666977806863 -0.0832501665325848 -0.0819858562173122 -0.0586283633212615
-0.0209336009151487 -0.0854814312945202 -0.0414564146045783 -0.0724246376915789
-0.0121049232144073 -0.0833834852177098 -0.00769393680554799 -0.104998162654823
0.00577334002273765 -0.100004593894729 0.0450146529835527 -0.115757504850569
0.0472181876713397 -0.0994261441308917 0.105728258989097 -0.0992233458141622
0.0880338108650012 -0.0768041608286161 0.137496547247547 -0.0178409763228646
0.128868339570912 -0.0140376920673473 0.079713828984829 0.041531917034661
0.133168713259177 0.0564217382357566 -0.022450384689981 0.0384821724442748
0.101272948869925 0.0760817806118019 -0.102213944108475 -0.0581465551177404
0.0296305410706031 0.0408414974458653 -0.190578136260368 -0.075623915572722
0.062672371306791 0.0369289640849532 -0.154558812502592 -0.0812834198392651
0.0679087872112602 0.00051024197137059 -0.113490046855892 -0.0751551426960405
0.0437582272790666 -0.0342107896062938 -0.0822933933385135 -0.0591686070743198
0.0218755156653266 -0.0405886918240358 -0.0771442186619205 -0.0818332379508712
0.00880224616552956 -0.0414530318936092 -0.0976266209929127 -0.0833740186893539
-0.00389456015830442 -0.0426174720609024 -0.0892947148635929 -0.0815386183075151
-0.00209128970306508 -0.0464502666805797 -0.0460054082565344 -0.0975882377178406
0.00394954696373924 -0.0471877061258465 -0.00562674170795102 -0.129504764397024
0.0156587372198591 -0.0552301953948451 0.0534643323691982 -0.13314167078107
0.0393195421424803 -0.0489453043275591 0.115866000668096 -0.104605416643116
0.0646498608053856 -0.0326097184109194 0.139628415250252 -0.0168824868344739
0.0834621535323174 0.0147086469228406 0.0755659618732557 0.0349503094988612
0.0695023523409791 0.0583992344242682 -0.0255529248003934 0.0169896057459055
0.035639694065513 0.0600859787100429 -0.111945614433058 -0.0875275622377577
0.0189178340296746 -0.0229931072627267 0.120597379810678 0.0973912574716816
-0.0156676437007342 -0.0347992150067242 0.0579118506895638 -0.0170100017184396
-0.0318533095864376 -0.0105186417819304 -0.0620318705871152 -0.0468847234249712
-0.0177516616922018 0.00818684342518326 -0.141976054892608 -0.00388895777474751
-0.00852066692956373 0.00540032536087527 -0.140031380075914 0.0927888039969241
-0.00968490768307879 4.30146932168998E-06 -0.0720764000667469 0.145184364740306
-0.012018143707594 0.00249295516125666 0.000864486227354123 0.143575752269208
-0.0182591093802042 -0.00381260507595872 0.0535831818142378 0.120482503633601
-0.020341424821507 -0.00285560873949468 0.0898503049672317 0.0910082814717129
-0.0233885912466868 -0.00867129778913568 0.106036153495001 0.0825139729747503
-0.0125178989395017 -0.0198226319011392 0.0953518255020746 0.0850833371462068
-0.00508453887826652 -0.0172470856414604 0.0892984673138149 0.0745194387019777
3.69429618121133E-05 -0.0224814811066965 0.0992142433254635 0.0805571751663406
0.0205844472385183 -0.0342275359111041 0.129506477271517 0.0984555815766374
0.0360473529215039 -0.0183467586969889 0.192330679767184 0.0899500579985619
0.0683958925014267 0.0147758192454584 0.10394414196877 0.0989889657930433
0.0462981545046548 -0.00619615292637335 0.0446916751025024 -0.017386270984805
0.0222022045780913 -0.00743374239025871 -0.0673069881613193 -0.0450039868332634
0.0253099366806119 -0.0158578046219188 -0.142153854742494 -0.00970984904386321
0.0198628870438631 -0.0351520735614403 -0.139810592763781 0.0823979249138193
-0.00143372873519496 -0.0463302098118837 -0.0791993973196054 0.132830149930092
-0.0223560597681072 -0.041883812604725 -0.0119983851787198 0.134171285582641
-0.0353713818516128 -0.0491312120376164 0.0420486503840047 0.111040130725591
-0.0387654158217375 -0.0466056485573965 0.0797151905235836 0.0758581201827133
-0.038265916997475 -0.0624632181451875 0.105474972900113 0.0616412373787145
-0.00544408929230885 -0.0829191781274353 0.107811170243318 0.0627499063471078
0.0283670588528176 -0.0751793449879985 0.105953033818838 0.0626398503546048
0.0637384921723158 -0.053387839492852 0.102913001463821 0.0744184654626297
0.0982187243030328 -0.0268241709505887 0.113631256847102 0.0864471866655301
0.108682295642077 0.00518089922136481 0.161604116348229 0.0756431726647193
0.108448679255211 0.05194614784654 0.0719452430770197 0.0794142405547778
0.106487423803252 0.0268539034677963 0.0247711149660458 -0.0352544110455562
0.0816917708905762 -0.00124046843555234 -0.0778045666776758 -0.0537925423262818
0.0712617730180793 -0.0416580389356939 -0.141529791775508 -0.0165076524024503
0.0472302741192413 -0.075854176322135 -0.132733967019652 0.0655036037001194
0.00689654718905133 -0.0900474686018099 -0.0811148714999762 0.108437740402423
-0.0295824569516767 -0.0810218050625446 -0.0252808749864786 0.109190495593842
-0.0463280830191751 -0.0875679942507002 0.0251774893864159 0.0860405688159724
-0.0511718549142516 -0.0817141251754262 0.0611989767339943 0.0490801675653466
-0.0493230880676481 -0.104543685643024 0.0951437784539633 0.0273749462077439
-0.00348761031800428 -0.13280559617548 0.112213935902023 0.0266900554533463
0.0480835397636377 -0.125790076782857 0.121869261783231 0.0418591966306874
0.112780134079625 -0.0853572287136008 0.107673219839756 0.0678358277731995
0.159908000755694 -0.0241652754550928 0.0897686450867905 0.0791875929062697
0.163776454823261 0.0244014598496326 0.109268429638978 0.0580505995066636
0.135317504170013 0.0801357953857249 0.0242997267467844 0.0434836126136971
0.157048729333284 0.0512917021129372 -0.00660109953857563 -0.0628548516859665
0.137676892282383 -0.0016819328814694 -0.0897634497068446 -0.0683990286294498
0.110497102362365 -0.0716925256117314 -0.13651080397249 -0.0255912149878977
0.0662643280597502 -0.11247385718929 -0.117860830839741 0.0407727340584583
0.0108989071888876 -0.122892612784773 -0.0793650862877489 0.0701263669734851
-0.0339518793292536 -0.108598662286102 -0.0395531554452028 0.0708257312417037
-0.0502809066373609 -0.111423423171134 0.00541627430149435 0.0498503692654758
-0.0539023086457886 -0.104944714502942 0.0378134365176184 0.0115492386838102
-0.0496126674630822 -0.130700181016263 0.0758770508527057 -0.0120368804375538
0.00178086918368417 -0.161717309810222 0.108596403614863 -0.0143792311449631
0.0623999956980646 -0.154767042967252 0.131093597933251 0.0181684029313263
0.144569179346348 -0.101302104230577 0.107630406040659 0.0602000414769419
0.197274739739985 -0.01511080800162 0.0589933946676492 0.0757028153567212
0.19159292375504 0.0430756842951518 0.0459359393934531 0.0359657199177993
0.142874177393914 0.0903441421496256 -0.035199848988858 -0.000348741998455482
0.183278927093266 0.0606819198138417 -0.0494554277051252 -0.0870750640345446
0.169666136207046 -0.00936777763544228 -0.101808835372594 -0.0784631155317809
0.129182032086275 -0.094912362824384 -0.123388572977865 -0.0363038792953432
0.0699311217743283 -0.134301408033769 -0.0990878189114343 0.00571938763091178
0.00969976524575138 -0.138008096568666 -0.0787505633746077 0.0229031872490444
-0.035875805141924 -0.118260907697029 -0.0536392961238368 0.0251209930256564
-0.0470636745201957 -0.119189785948146 -0.0140149184611691 0.00725447563262058
-0.046036883790158 -0.113040836663588 0.0150781372251693 -0.0292181598433775
-0.0363419407570013 -0.139139910149726 0.0565938298649987 -0.0526066203093273
0.0167999472708655 -0.16455235945081 0.101072455246004 -0.0520418354162115
0.0774992291334587 -0.152246463760189 0.134800363124445 -0.0010935631565626
0.159018109158664 -0.0899943836780225 0.0993423511326717 0.054663855173958
0.204174357930695 0.00664582014022466 0.0253434494730445 0.0704140627739943
0.186517399975004 0.0618426124221551 -0.0171335436022158 0.00917811983184196
0.126646788598956 0.0835306222453836 -0.0980069428518848 -0.0387448519454045
0.174037043754863 0.056668800317584 -0.0956568964002269 -0.0984540392741833
0.165837488908502 -0.0155452471821545 -0.109859438258963 -0.0810258264247419
0.119192423570701 -0.0992564183461493 -0.105082478265006 -0.0460492508292958
0.0590069765792891 -0.129447649842238 -0.0830597930958116 -0.032611186085607
0.00508148628767066 -0.127398724996511 -0.0816010337821398 -0.0257673993508998
-0.0327291786385688 -0.109259525628313 -0.0684011359936646 -0.0197444657321927
-0.0364226851030562 -0.109733313312662 -0.0299112792755332 -0.0361916377191743
-0.0305820916922191 -0.105653309903305 -0.000856944268504681 -0.0698430831639843
-0.0150873297324708 -0.128059988071277 0.045033076497698 -0.088180119547099
0.0351450953910754 -0.141107919395087 0.098941435239815 -0.0805211720216621
0.0890859892455173 -0.121107342008065 0.135933584142723 -0.0143629819680895
0.154242105114487 -0.0550663191833531 0.0882234069762962 0.048742511012467
0.179692292144095 0.0348597420328568 -0.00421755198468579 0.0584719889772533
0.153187848801446 0.0749032146117879 -0.0681194007448634 -0.0233001186770648
0.0864224554158737 0.0643476858834318 -0.153917031754886 -0.0651425534303519
0.12970109504824 0.0461105082888184 -0.133365980610004 -0.0948227608583848
0.127578729862993 -0.0130320276013349 -0.112919469689677 -0.0782314121840598
0.0859618510748901 -0.077124854711632 -0.087738142820384 -0.0543790274512517
0.0401447203185141 -0.0950299525942289 -0.0748029693693114 -0.0653776378150289
0.00393915552500815 -0.0925761685487494 -0.0896062882430194 -0.0634135623139509
-0.0222531969931604 -0.0817173273996851 -0.0812629512392866 -0.0574228427168217
-0.0209571803502186 -0.0838738735764597 -0.0414928727032734 -0.0727994052796066
-0.0120392477928427 -0.0821266988406561 -0.00733497586904265 -0.104659816030283
0.0056726141130848 -0.097629875994344 0.0450172929319372 -0.115163038532439
0.046284073632456 -0.0976296975029241 0.104850679323653 -0.0972282570599394
0.0867093173084168 -0.0749641992523467 0.136519000921058 -0.0177401288752935
0.126196896461071 -0.0133573170237198 0.078341434631494 0.0421089541807844
0.131451650798665 0.0567643688081738 -0.0227901185394347 0.038094331743332
0.0980657286320953 0.0762907914125045 -0.0994588191240034 -0.0567227858490659
0.0281426165273039 0.0406546100222897 -0.188478566341765 -0.0761589587500318
0.0616243746998261 0.0368032017109759 -0.151455412661695 -0.0828462225549241
0.0675295655224107 0.000411707233283076 -0.111128024727258 -0.0754783718377989
0.0431750931181273 -0.0336830355732334 -0.079474574999634 -0.0604098390549939
0.021686695296054 -0.039952082125305 -0.0763600984316186 -0.0826539940588188
0.00930796000822853 -0.0411666064351087 -0.0977828721173956 -0.082594854839415
-0.00363420976431788 -0.0424619194566321 -0.0883400742557154 -0.080738794420948
-0.00266733332893853 -0.0459650582035304 -0.045810490087061 -0.0969045245346586
0.00373065840769916 -0.0465937683153849 -0.00591128105895714 -0.12805328592647
0.0157554468779364 -0.053843994388191 0.0532434569035359 -0.132052280818371
0.0391198865393046 -0.0472941278651854 0.114987868012422 -0.103280894578519
0.0635484880882504 -0.03152773850799 0.137969578982419 -0.0170347809249611
0.0823476340431909 0.0148260151808292 0.0743739064196089 0.0355605638469177
0.0684079744232987 0.0581965390668902 -0.0255123500554376 0.0170955132373722
0.0342628352945652 0.0600040958483247 -0.108917591843252 -0.0861511864802161
0.0195444463899143 -0.0230527568439691 0.121340022793272 0.0983257575690875
-0.0157117924481699 -0.0351952078596087 0.059289422050032 -0.0186791441599369
-0.0320773993014679 -0.0105456806590931 -0.0622697617655599 -0.0491128831276682
-0.0187378656891884 0.00871985853640524 -0.144411168944306 -0.00607116411587483
-0.00887234627161686 0.00522314666706824 -0.142541156273295 0.0933496067544504
-0.0103030297148501 -1.030728970301E-05 -0.072617744528705 0.145737334725443
-0.0128507439261252 0.00171151229247175 0.00046727885803856 0.143708438556893
-0.0188009642380314 -0.00461400996519751 0.0535790173165738 0.121779810732515
-0.0208148071162045 -0.00391569740578626 0.0900019697218819 0.0916002833567273
-0.0231985934790542 -0.00925243574604246 0.107731629435744 0.0835235055456621
-0.0122792913767927 -0.0205182265620659 0.0973498892440837 0.0876157541611228
-0.00501599520146966 -0.017760365212946 0.0891729891808799 0.0767178557975902
0.000716497421768144 -0.0234082498495151 0.0982839116434968 0.084354434144087
0.0204256906600069 -0.0349701935259352 0.130034540724824 0.101923487811658
0.0353758630278102 -0.0184032137255958 0.193773535551348 0.0917082122847427
0.0692372380524587 0.0155033670503668 0.104637310324739 0.100801506297925
0.0464494480999939 -0.00605791952526579 0.0465216915819575 -0.0194039311835876
0.0223611795943252 -0.00651009074692655 -0.0670977591620742 -0.0473996282283145
0.0247265358782587 -0.015215877389555 -0.143822751128316 -0.0116251123931355
0.0198478031446357 -0.035684899485079 -0.141355488333541 0.0817125783408642
-0.0027109907153615 -0.0475265337669203 -0.0807616741671635 0.133381918826882
-0.0225539217070111 -0.0431022282409478 -0.0119170224953529 0.134543713382556
-0.0360446212241464 -0.0502167988637182 0.0429947043002554 0.111646750356771
-0.0395651006418859 -0.0482795860535182 0.0810726241036552 0.0769152069492221
-0.0381711172672763 -0.0632041564340419 0.10723606167498 0.0620490410208613
-0.00513906068330921 -0.0841240100209563 0.109963362818197 0.0638837152643814
0.0285034595377262 -0.0764751175983932 0.105789547761418 0.0646014749647813
0.0653967386108574 -0.0549268705269383 0.102211535298287 0.0777324457867879
0.0999506700206334 -0.027392726096335 0.113694200728344 0.0891773882610711
0.109245712365899 0.00649645843047187 0.163387093662953 0.0773564280715506
0.108619643270281 0.0541559090557873 0.0711805646508382 0.0804949841535389
0.107448849754171 0.027102398860015 0.0255203402111123 -0.0376849559758792
0.0826546916770353 -9.92884502278787E-05 -0.0762839205527896 -0.056650949414084
0.0719540008072325 -0.041708614528814 -0.143775479718805 -0.0189883936035315
0.0479541686091456 -0.076469128245958 -0.134651602434807 0.0643273108825099
0.00648334711534956 -0.0909929625060066 -0.0827183507739756 0.108116376117992
-0.0302773600657423 -0.0825023922836928 -0.0256042140495952 0.109502441097534
-0.047537933246906 -0.0881458113276766 0.025492855634833 0.0868387721628354
-0.0521264633895001 -0.0833388829167081 0.0617354883230464 0.0487472497335328
-0.0496097823971057 -0.106035253295803 0.0960221029954706 0.0268680854695901
-0.00430394323232075 -0.134906172361531 0.11427591314779 0.0271347809530639
0.0487360145205201 -0.127304395747911 0.122668192012923 0.0427026784369931
0.114357736036866 -0.0864982106345576 0.106945252634868 0.0711145909616007
0.162322112020958 -0.0240000986093 0.0893693020807856 0.081979432598601
0.164469777231997 0.0265796705750438 0.11089282775423 0.0585361118693778
0.135580444040274 0.0828358987235715 0.0245818231150181 0.0431100444295864
0.15873249819218 0.0520106901990285 -0.00614418277342956 -0.0655805345406564
0.13891992507107 -0.0011706892323155 -0.088420832815223 -0.0711455582560484
0.111412212024599 -0.0718739560160499 -0.13783952170245 -0.0284053729969339
0.0667389374847604 -0.113530857955747 -0.11930239776211 0.0385489607410102
0.0107682550963357 -0.124938612538739 -0.0814973963444952 0.0695209000207202
-0.0340061945008019 -0.109820799849045 -0.0397855714848197 0.0714129006887978
-0.0512981616470336 -0.112418191371351 0.00552716876260167 0.0492544555171922
-0.0552740840932963 -0.106388486895404 0.0381016732504464 0.0118849457407951
-0.0501368068149466 -0.132593640188277 0.0764210587147823 -0.0133382388560843
0.000634720203835561 -0.164159974535764 0.110108624176771 -0.0144259699548406
0.0620992268138428 -0.156343303667778 0.132602120008983 0.0184837507116771
0.147017253596464 -0.102569332687424 0.106975556174408 0.0630916074576741
0.199810740448622 -0.0151525668455463 0.0584998024488069 0.0778636464446106
0.191920919831587 0.0456802180291898 0.0471295843999544 0.036589111118578
0.143091432066863 0.0934971095639485 -0.0354439743823271 -0.00129983685046562
0.185137308371152 0.0619343121301817 -0.0490941493012086 -0.0905032011517691
0.171923655588531 -0.00796665765123473 -0.10001076358263 -0.0806587611016518
0.130313659041619 -0.0959648703290117 -0.124061627467222 -0.0387298403560909
0.0705575670757353 -0.135903759034383 -0.100927693969921 0.00346040691857905
0.00955677057932827 -0.13956673023427 -0.0803519629311162 0.0216485766044729
-0.0361998748699611 -0.119677299212524 -0.0540859553946946 0.0263582875384505
-0.0472314598433208 -0.120000275770953 -0.0139389137401403 0.00589682154838868
-0.0466523877621621 -0.1145007683839 0.0157652597394893 -0.0297716623630872
-0.0362960219291861 -0.141149590580622 0.056834565162521 -0.0540269071013751
0.0161470616877569 -0.166629382629122 0.103327685719882 -0.0525183814478683
0.0783876928873342 -0.153508815462283 0.1362969959907 -0.00123559848450506
0.160772789305248 -0.0905245010324456 0.0993767856201169 0.0574702294502152
0.206684191123297 0.00674527592943359 0.0245134743653831 0.0723316242897841
0.186810808999904 0.0644297164959095 -0.0161797113613523 0.00921791986631312
0.126362964097988 0.0869628850600339 -0.098838231887305 -0.04089224448572
0.175516883095302 0.0575471728879597 -0.0960269086813026 -0.102123227845585
0.168648033015984 -0.014235182420522 -0.108355866627325 -0.083491909802933
0.120822103886519 -0.0997333794733276 -0.104687811858098 -0.0483581448197758
0.0594707755933973 -0.13110972334817 -0.0838282257427212 -0.0357792611855995
0.00586092243922764 -0.129542588977532 -0.0834240226742352 -0.026270757639757
-0.0326862481030524 -0.109957241713616 -0.0689738070347898 -0.019708854292351
-0.0370545535763724 -0.110090854507013 -0.0303828024527661 -0.0372493784441116
-0.031006785512631 -0.106464534774566 -0.000693229429419538 -0.0706720263727903
-0.0146591893136362 -0.129219705868844 0.0449940785895207 -0.0898885915131024
0.0354472005488819 -0.142463976581841 0.100303907834381 -0.0812658622583997
0.089630328826085 -0.122037832589111 0.137229141685484 -0.0141375187979196
0.154950243825282 -0.0554524684218625 0.0880180031252421 0.0511153069647266
0.182062048356397 0.0346794872709186 -0.00507162382993813 0.0598106066078827
0.152677735353761 0.0772656523101532 -0.0674744733878533 -0.0230282862183148
0.0861926423298082 0.0668550846652922 -0.154378338340161 -0.0684339959145939
0.131047223546986 0.0468670953607383 -0.133755671031823 -0.098819336772284
0.128755862671491 -0.0126820086773085 -0.111133313927009 -0.0805401284344032
0.0870384307449331 -0.077502658704668 -0.0872768598875846 -0.0574476384711513
0.0402117522059619 -0.0962243916915272 -0.0754037113610228 -0.0685079445745085
0.00445422640726773 -0.0938083481778072 -0.09106022295745 -0.064936207069201
-0.0215843686714847 -0.0827308980085238 -0.0817053449225829 -0.0569262533199647
-0.0210904570630225 -0.0839877754395652 -0.0421354181748275 -0.0740422172463291
-0.0126441071135061 -0.0830498677900321 -0.00712462115496098 -0.106056481641516
0.0053314669724024 -0.0984135937896676 0.0456046942558379 -0.116694527827666
0.0463162169748016 -0.0983536318632829 0.106187591361572 -0.0975353091953021
0.0870360743304757 -0.0746389499444254 0.138023606994938 -0.0175753408207832
0.127112401306321 -0.0130158157861392 0.0780102108944207 0.0437719604721919
0.132247325210694 0.0571815331091051 -0.0232864743722718 0.0386787099620707
0.0982627893240805 0.0777845811776317 -0.0989372415150949 -0.0571173900420495
0.0271353261843526 0.0421735295049973 -0.189161172433169 -0.0796732041427042
0.0619609224575305 0.0370714941356772 -0.151674546612625 -0.0855738349015572
0.0684124755447614 0.000576231594942406 -0.109861513542249 -0.0773711099744814
0.0439568012845823 -0.0339852184843525 -0.0785300089354822 -0.0627979925241254
0.0215392695006707 -0.0405466221387283 -0.0773292780929764 -0.0858057548744674
0.00980434228217 -0.0417410927552774 -0.099733195180272 -0.0831400984908895
-0.00348591123482756 -0.0423347046033837 -0.0894306272201214 -0.0809779469913625
-0.00255711630943872 -0.0458572404792086 -0.0465115070618956 -0.098789559143687
0.00360452223514149 -0.0467289444478709 -0.00541505648458168 -0.129997070313622
0.0155142151945582 -0.0538485111590057 0.0543011351772795 -0.132162722635462
0.0392215135410074 -0.0476431259739047 0.116626996417952 -0.103143034705022
0.0644285959854585 -0.0311734595824866 0.139524764340701 -0.0164840997294682
0.0825411767989375 0.015522351853765 0.0736313414645489 0.0368436367626142
0.0687299039454906 0.0590650995626436 -0.0261656415950578 0.017546969496418
0.0339000838070656 0.061709880057218 -0.108943573089356 -0.0861213342675184
0.00457679046828592 -0.0309275308118947 0.157970884522643 0.0038119975166443
-0.0332966171880737 -0.0192139215850948 0.0342512702093287 -0.0538236067796311
-0.0324648672088195 0.0106451735773732 -0.0828588545365635 -0.00249322109723661
-0.0100884301967965 0.0182356057763885 -0.123078031641322 0.0847445728184991
-0.00357791813458958 0.00991851029247471 -0.0581822567500984 0.163564288942056
-0.00831704748539593 0.00654117947975565 0.0311452947310138 0.163579317966755
-0.0093497730103337 0.00814829889628386 0.0902011390146752 0.11632838947333
-0.0186706113563612 0.00817328689486682 0.119290993576327 0.0649246757288274
-0.0192268333825636 0.00947127778549945 0.131557581700093 0.0174381904715351
-0.0246988551662876 0.0067021563513399 0.141584264998208 0.00148245189506111
-0.0226564917563597 -0.00970333490836619 0.13531708006969 0.0104960077366951
-0.0142005136287481 -0.0125561224505719 0.121117430312228 0.00845146295076672
-0.0124936123678062 -0.0212510820767419 0.133861780040433 0.00867817045097509
-0.00331134953309911 -0.0431325097591167 0.174255563834733 0.000976292031018751
0.0210729207708906 -0.0366975832316592 0.219350060728259 -0.0482420989494897
0.0681198254331629 -0.0263642874101211 0.14729017388389 0.0113509405112178
0.0336913664645699 -0.032287705402435 0.0258690754605123 -0.0475944946249961
0.0138250829748384 -0.0181891788925093 -0.0837762859250255 -0.00108506029831521
0.0106944118366578 -0.0259194467733553 -0.126552741564061 0.0775009345688557
-0.00476420564027594 -0.0397384570232136 -0.0660074581394739 0.152450116400192
-0.030129810446836 -0.0367346346311849 0.0159277967215009 0.156837889517905
-0.0440889667607154 -0.0215174757162654 0.0737147417495108 0.11769281009497
-0.0612457300957575 -0.018092430736041 0.104383668809691 0.0639175083465576
-0.0625682796313598 -0.0150210777197473 0.114828344743993 0.0110725244581444
-0.0717483697867279 -0.0292392138736039 0.127174700636924 -0.0168197437030573
-0.0576791600627145 -0.0670985410836377 0.129908324083466 -0.0157467497499431
-0.0231084927682306 -0.083218848908729 0.12694642300224 -0.0117051804080291
0.0222002412806023 -0.0899414361686165 0.132918141133075 0.00142078772434029
0.0675663004013748 -0.0881185676599961 0.152374097434252 0.00360930588107631
0.0980190694912958 -0.0638090761673166 0.181905780375149 -0.0380431279541703
0.124033358153775 -0.0160971310912681 0.109712002190099 0.0123870765092948
0.10194304305376 -0.0405831853982543 0.000586038662196892 -0.0508399157511683
0.0675993055953056 -0.0485683493121954 -0.0962240151810102 -0.00549433061331089
0.0338039307361603 -0.0740524961715022 -0.130421313454427 0.0687132232867339
-0.00662768965771803 -0.0899496465581874 -0.0716497307950061 0.132360426553693
-0.050052809902699 -0.0773808325501818 -0.00183899767780772 0.136286274461541
-0.0737800488395657 -0.0490552751825306 0.0463240676972763 0.105416548863797
-0.0940581272419206 -0.0421932421131528 0.0744617305299903 0.0545581337349352
-0.0954392710116871 -0.0363040436844739 0.0816233799671858 0.000343598970447457
-0.107897870460768 -0.0569469931116014 0.0960265182899577 -0.0382046910274831
-0.0891773570158468 -0.110416576866232 0.109664968950422 -0.0486740986097883
-0.0386754331456477 -0.137962330683273 0.127237747373185 -0.0395310999325417
0.042930196806374 -0.149196664589767 0.131588190146621 -0.00697915377331526
0.122344820921091 -0.125846884121879 0.127563403619212 0.0146382910650563
0.157367702260408 -0.083308654364899 0.124851243935388 -0.0172018604723044
0.161836305456593 -0.00725853222180285 0.0489254169653833 0.00964108579257722
0.157783959280977 -0.05029054962105 -0.0399513010817291 -0.0552932391379867
0.11273247113532 -0.0820377430094591 -0.111855853172355 -0.0129435502762873
0.0484676218944676 -0.12166486686893 -0.13175566283825 0.0546033862764985
-0.0140160457973469 -0.131166854956491 -0.0757476322932857 0.10102704600735
-0.0675532673074784 -0.107657556735813 -0.0248537161826847 0.103606375390311
-0.0942832049023741 -0.0686214960033792 0.0108067213310261 0.0832688214998842
-0.112501238132042 -0.0593309251617411 0.0350158249458656 0.0367000578073843
-0.112238618365879 -0.0531925442075598 0.0391201554754403 -0.0155291365074031
-0.125233942549579 -0.0783711570695189 0.054699813532771 -0.0593249285765551
-0.10407866940512 -0.137769781525907 0.0796773310047334 -0.0792607821389719
-0.0452134518766895 -0.170829788203808 0.119918479140614 -0.0661891089163297
0.060235357063584 -0.183107616524524 0.12640262259304 -0.0130731612546451
0.159082806884331 -0.142779687313324 0.099186761149488 0.033144718930415
0.191771834361594 -0.0846047182212249 0.05690853801613 0.00668918049717569
0.174146200188423 -0.0018647103641968 -0.0259806343761799 0.0087958778752493
0.184702645400138 -0.05738823286241 -0.0895893946242254 -0.0494970861325043
0.135500587687259 -0.107396823284753 -0.127394519300143 -0.0158490646630143
0.0494109911268657 -0.151678864605456 -0.127514440823653 0.0358663952124691
-0.0243042601489956 -0.15170667140393 -0.0830747371287438 0.0604905941525497
-0.0769365871354173 -0.11866917621841 -0.0538129148928617 0.0639124747615812
-0.101660852734467 -0.0745673445092922 -0.0296705217265044 0.0550879839911653
-0.113697900109483 -0.0680563426276548 -0.00819610020619639 0.0135377193838927
-0.110764707300354 -0.0657292660780994 -0.00544131666840763 -0.0352581343879751
-0.119753645841367 -0.0936707443296808 0.0134090663432234 -0.0802117832469285
-0.093042908418924 -0.14940499197513 0.0492489455402311 -0.106013915672771
-0.0304968874152707 -0.178557273753988 0.10979850456823 -0.0853798251864798
0.0798765293951052 -0.182386819956797 0.115945036418232 -0.0125938432886962
0.178172676436516 -0.128032040002333 0.067161802435788 0.0507478545714825
0.199104278785973 -0.0662262244572233 -0.0134182601333065 0.0242624113643907
0.155791621300472 0.0017221472621887 -0.102018938515899 0.0166460795173588
0.173920068628315 -0.0552122769501174 -0.13572219434748 -0.029269106489764
0.128536285716482 -0.11067544628381 -0.1360318333195 -0.0125117980963008
0.0393486116005628 -0.14948187139477 -0.117555998784991 0.01557448733754
-0.0299935071683089 -0.140855944602565 -0.0936982072642576 0.0191243791391563
-0.0741610111559862 -0.107627629778589 -0.0866098767675338 0.0271485563387258
-0.0929636487221992 -0.0687704984143768 -0.0702584752224518 0.02715310123522
-0.0993079543407713 -0.066151103308058 -0.0487810104596541 -0.0116216617081165
-0.0926833076511265 -0.0685460334207056 -0.0446594980570181 -0.0584231412285671
-0.0945036498625651 -0.0969754834868406 -0.0187317392475686 -0.10180429109849
-0.0614709742674243 -0.141499037686449 0.0296384916354942 -0.128181570228345
-0.000777952618724296 -0.159623162213132 0.102314890664735 -0.096185092011478
0.0979386762422914 -0.148116914267427 0.102387488686813 -0.0115251864866132
0.175422075689433 -0.0885118082370475 0.0337711024494991 0.0589709160147861
0.177950691956205 -0.0337908328386751 -0.0765904527451456 0.0289273722740541
0.109241828305067 0.00808519695220682 -0.16466052181394 0.0322322363240631
0.132127899707077 -0.0376864199151184 -0.165364976990075 -0.00235237454126158
0.0973316703514358 -0.0862008768589743 -0.137388710928704 -0.00628503975229848
0.024586124518711 -0.112410020038139 -0.107870742004203 -0.000946135560194852
-0.025062931739135 -0.101174532741405 -0.106244802344743 -0.0124096882650749
-0.0533973275933747 -0.0779224462489045 -0.115913427739243 0.00247890391576138
-0.0674670941095037 -0.0528168333092071 -0.103897830192621 0.00455587162225977
-0.0698695415257023 -0.0544982951361385 -0.080565794644894 -0.034474754722509
-0.0631330937877074 -0.0609735070708707 -0.0717953576647179 -0.0823612780991356
-0.0583532002625802 -0.0845044840211077 -0.0350081893092525 -0.123790824471782
-0.0236901970505493 -0.112108144092058 0.0243707543894284 -0.14578878191665
0.0269005411699455 -0.11765007250383 0.100687253191293 -0.100684548742845
0.101026511913431 -0.0935281351421935 0.0896926684810437 -0.011665103002884
0.147570175801804 -0.0365066621517062 0.00469442021513437 0.0521132379914799
0.131683272840355 0.00234043159149542 -0.12335268571232 0.0194087768072714
0.0454996869542246 0.0206503983201029 -0.200470479821916 0.0484996392271272
0.0710376691022139 -0.00504766571413381 -0.174227308901941 0.021918271046703
0.0556031314827855 -0.0394942316693622 -0.13595618223124 -0.00128787052799142
0.0151819247509945 -0.0525013377080763 -0.103846176945599 -0.00784603251948358
-0.00681705287196148 -0.0450637905048611 -0.117175044828733 -0.0239681901157213
-0.0176343310765614 -0.0394428743329512 -0.133132611069345 -0.00655160246069055
-0.0281149616976217 -0.0315287483096569 -0.123964235616598 -0.0087252413274023
-0.0310847535987634 -0.035399838548614 -0.0997700329073249 -0.0520327641382588
-0.0266298944109083 -0.0412857454112735 -0.0855309763504878 -0.102308481493836
-0.0218809132492281 -0.0544724487403817 -0.0379407298222981 -0.14230852895934
0.00303798168434706 -0.0651070898690741 0.0294681081175063 -0.155748001967254
0.0344637320061857 -0.0663368440197327 0.102755571735588 -0.101054869637953
0.0816447907665866 -0.0401507778470753 0.082096020369805 -0.0158772525833373
0.0950910260513434 0.00641025434102284 -0.0116417286601342 0.0345224202991401
0.0669987969236353 0.029301918892162 -0.148059870250588 -0.000431271793090384
0.0037695967330622 -0.032490402578053 0.164086395343008 -0.00275668773467782
-0.0354337650998193 -0.0183179352072123 0.0322880507436767 -0.0585711476155288
-0.0328458210322011 0.0120169087826941 -0.0858202070847394 -0.000136719179828793
-0.00969273740162511 0.0194264303241725 -0.124465970479389 0.0920111681501084
-0.00331856725685247 0.0107105136148605 -0.053902734364022 0.171074883871592
-0.00906823205522194 0.00755599039557677 0.038462800810309 0.166991427435599
-0.0100392328934277 0.0089231169931566 0.0968580059397518 0.115799446452349
-0.0194832379266893 0.00918423195676173 0.126577567434447 0.0617900454299942
-0.0199376042241743 0.0103923620406276 0.136365710862259 0.0119828874860408
-0.0251932309007537 0.00700390629211115 0.146770903539093 -0.00512106937854522
-0.0237830181731806 -0.00913768976116828 0.14121854818279 0.00542049133935941
-0.0150999378627976 -0.0124335792132998 0.125804757019636 0.00558579750395356
-0.0140025208638139 -0.0221641322641131 0.13925693668752 0.00624241905173311
-0.00620699396398452 -0.0441657552793087 0.181327872437414 -0.00399818286731985
0.0207298724531762 -0.0385106188875099 0.224185274575256 -0.0589966190614606
0.0695076594395883 -0.0296790945945505 0.152312617040173 0.00556195106507992
0.0329652058793126 -0.0349450097075296 0.0238527901727875 -0.0515740518593372
0.0144002276821795 -0.0191061655662164 -0.0870964814873014 -0.000103860133847239
0.0100952548639074 -0.0266236920881085 -0.128190572839004 0.0844589696432876
-0.00706563648151883 -0.0407050478298722 -0.062614236555993 0.160093289533055
-0.0339007074436119 -0.0359989158630201 0.0222291679200357 0.160718423742491
-0.0476676842406308 -0.0200971274409335 0.080324099993625 0.11795161031765
-0.0645974216754558 -0.0159623813397858 0.110537420376663 0.0611672256734594
-0.0655964598095719 -0.0131713378494233 0.118959717975814 0.0064400046150443
-0.0754891334468655 -0.0273934870362167 0.131028055015747 -0.023204231662199
-0.0630760555635853 -0.0671460525374776 0.134375431908887 -0.0221663503268707
-0.0270723569410878 -0.0851301049768337 0.130843203065283 -0.0159552328441088
0.0193598326931561 -0.0943235592120767 0.138077970684382 -0.000713172779927945
0.0660459326140467 -0.0944274838891597 0.15874434903303 -0.000918605988077327
0.0992132729501504 -0.068609594509307 0.18598612148148 -0.0464611451343645
0.128125003648329 -0.0206645979115216 0.11342620782783 0.00902111842642416
0.103561938998979 -0.0465731546134869 -0.00217770034861191 -0.0541605812725935
0.0680890343310249 -0.0524182513886218 -0.0989087870301507 -0.00403760098639788
0.031689247526649 -0.077070429954262 -0.133341577692077 0.0755824579901563
-0.0114204518307888 -0.0923816654928466 -0.0695716161215751 0.139683295329926
-0.0554661513208866 -0.0777540465854221 0.00255276716576466 0.140834572540926
-0.0789786732279144 -0.0473929304196409 0.0526471481943477 0.107042451956784
-0.0994453384793502 -0.0387239622549884 0.0788709967687145 0.0533268998666005
-0.100292655325115 -0.0327926896063919 0.0839134951773595 -0.00431645573547536
-0.114438316417086 -0.0545721509582161 0.0972279513755028 -0.0438629867912924
-0.0977024795605511 -0.110627146225312 0.111973707159826 -0.0550341577931252
-0.0459887918669811 -0.141155749715847 0.130178748040755 -0.0452769424577312
0.0387427613847481 -0.156438491833295 0.136290530341598 -0.00934638716503517
0.120360535067648 -0.136345026180156 0.1328953631856 0.0118513915893837
0.159238788161713 -0.0906390499974424 0.128473917418076 -0.0233089814563392
0.168051738821345 -0.0118721536189243 0.051095843868418 0.0074845061297055
0.161104303872351 -0.0589148053674337 -0.0445244062825337 -0.0572765102299252
0.114398629413436 -0.0890592881684103 -0.116184743403921 -0.0114174401524949
0.0449845065352253 -0.127320309754542 -0.135448750371355 0.061266694591888
-0.0202334298175686 -0.134645690064192 -0.0750431986117355 0.107644364682368
-0.0751442123710894 -0.108211922472761 -0.0224123386348845 0.107772930046577
-0.100375955861712 -0.0665206059110094 0.0143362776316568 0.0857146412870605
-0.118965769308001 -0.056493621721525 0.0369639227770381 0.0364100217484841
-0.118263322648404 -0.0504314815099523 0.0388437861548453 -0.0177910489934441
-0.13355686563937 -0.0757723182263122 0.0529292493439833 -0.0642882586235964
-0.114400211260856 -0.137889541985261 0.0794726111823329 -0.0859435665712638
-0.0540442104191331 -0.174765588475893 0.121060107769864 -0.0728521176304866
0.0543044163121558 -0.19231814889731 0.131053005759645 -0.0152446747528943
0.158785274848226 -0.15527216581295 0.103726891029427 0.032211208048326
0.195184995591174 -0.093853450066608 0.0592204508858277 0.00379465540146977
0.18089595357357 -0.00693574922856312 -0.0272644208353824 0.0100157447020077
0.188570890697984 -0.0671780510551967 -0.0956957787152266 -0.0485145172941233
0.136642958810499 -0.116143706076575 -0.131292726758043 -0.0141473971813876
0.0446507885888453 -0.158542231892678 -0.13126576436789 0.0403640086869222
-0.031783694303981 -0.155149441745797 -0.0842878954577583 0.0644975503292528
-0.0856247126594456 -0.119445196109032 -0.054677588971097 0.0682549566435012
-0.108386438800033 -0.0736158590820788 -0.0278784700255038 0.0582916921103193
-0.120665270817984 -0.0649267254078939 -0.0090076623996847 0.0142383445962615
-0.11669163137768 -0.062704217625002 -0.0083787093593874 -0.036578568751668
-0.128300128100563 -0.091179212567943 0.00958028275193972 -0.083895536476844
-0.102958167488505 -0.15008490601821 0.0468251596982035 -0.112269684296345
-0.039221219570051 -0.182957629952331 0.110077877334079 -0.0925797019130452
0.0742691659776002 -0.191850715045228 0.119637041540829 -0.0154608102109063
0.17887486848006 -0.140450173788083 0.0707871020959059 0.0509582516546629
0.202694868935043 -0.0747859559820233 -0.0121374271860492 0.0253790676209773
0.161026271134949 -0.00231556279063294 -0.106058587893171 0.0206765633588499
0.177728354730757 -0.064845745253811 -0.142372127136653 -0.0265439334075047
0.129090547014475 -0.119583961426238 -0.140397904862144 -0.010382764583114
0.0339556424363082 -0.155923036105836 -0.12133891796136 0.0192238425889555
-0.0377246906974018 -0.14400069633218 -0.097177209797116 0.0215086117535343
-0.0817009211326501 -0.107896193716597 -0.0899311251401998 0.0317612753642176
-0.0992451550959402 -0.0673858623513247 -0.0703005708862424 0.031336603198957
-0.105490456832897 -0.0637813424714556 -0.0514164605058294 -0.0101654184076766
-0.0982587489487963 -0.0673027578857309 -0.0491501995163082 -0.0588521978925542
-0.102100351477848 -0.0957825348025946 -0.0241180366551992 -0.104679433144512
-0.0700960323160886 -0.142979061422765 0.0254619832349859 -0.133942504311333
-0.00705438814488385 -0.163358066790084 0.102153382482203 -0.103334774327849
0.0939545587260446 -0.156980702085327 0.10600793527667 -0.0139110520732467
0.177342102758177 -0.0984534405312983 0.0360357891703715 0.0600614769699249
0.182377229469815 -0.0400165646013706 -0.0763879342340956 0.0325506185461079
0.113526311852176 0.00576124254811853 -0.170010377416112 0.0381817049388262
0.134440599160479 -0.0443478293798675 -0.171904070139608 0.00306988584624655
0.0974302912565853 -0.0933157949050182 -0.141918863351765 -0.00357090491375399
0.0205194883875628 -0.117078633542364 -0.112113738344322 0.00148963335027515
-0.0307659835102769 -0.103241781342884 -0.111796128799178 -0.0100772470891861
-0.0589993880929525 -0.078819071979375 -0.120314511239493 0.00737134351307213
-0.0714486912065831 -0.0518459205949229 -0.106232932923022 0.00916959364323807
-0.074601828575634 -0.0532287716797561 -0.0859888864069132 -0.032569577811265
-0.0663221143402495 -0.0600387051448088 -0.0789870548577472 -0.0821450281626289
-0.063528340558235 -0.0846583506171967 -0.0420082816730092 -0.126854084785373
-0.0292367042882906 -0.114297193119154 0.0197544886675623 -0.152022158744172
0.0229164240961057 -0.121571683734005 0.099916230832727 -0.108707952363836
0.100541997297476 -0.100391805362068 0.092054515524657 -0.013697882580359
0.150569876445759 -0.0437824639826117 0.00661730086507518 0.0544662988215435
0.136290192603863 -0.00115088993201959 -0.125149998949941 0.024375849257215
0.047907531608269 0.0213556983316841 -0.20592372168499 0.056175424693129
0.0728431445500494 -0.00766083423684192 -0.178670411855481 0.0273882875165804
0.0553881145969286 -0.0432751400030863 -0.140419738599506 0.00189512119091131
0.0129001749985529 -0.0548750174419361 -0.107928587124278 -0.0064139765825973
-0.00935335419486858 -0.0459736528744306 -0.123266921036744 -0.0208153046227846
-0.0201610892873733 -0.0406634496990374 -0.138221836063377 -0.00034182513842239
-0.0303049077945546 -0.0312033318850838 -0.127597331818295 -0.00416264203060702
-0.0330681047831537 -0.0346852419816585 -0.105858571044546 -0.049812608912947
-0.0288655753036241 -0.0412158777905158 -0.0932047359757406 -0.101871789803884
-0.0249030629064359 -0.0549072358099273 -0.0448982832618194 -0.144565506199882
0.00127117562053789 -0.0673284055996616 0.0247550268164283 -0.162297362195207
0.033340207684726 -0.0694801185221951 0.102251832106801 -0.108728790614919
0.0821479118216606 -0.0446319559368286 0.0841284421613015 -0.0178330040641494
0.098129350215832 0.00328523076155069 -0.0102843661057059 0.0367364937267016
0.070277704984036 0.0283565582682589 -0.150947758969778 0.00551033628166714
0.00131212971183429 -0.0331776439471574 0.16591276960442 -0.0140879831461556
-0.0373963169410499 -0.0159859670629703 0.0275094391993155 -0.0629845363894619
-0.0320194200911828 0.0145750871220163 -0.0875070342331997 0.00392437047829458
-0.00842577569770692 0.0200875645268448 -0.120574096294722 0.101170939802602
-0.00265087012125135 0.0108428477769337 -0.0435503621290733 0.177521477803092
-0.00862839593431387 0.00842306375628116 0.0490690531217095 0.166607101773561
-0.0101720733997025 0.00949662359318357 0.104193277407522 0.110333718890323
-0.0199027670896338 0.0109696606947053 0.132253638169034 0.0541278184363935
-0.0200685957239787 0.0119089875691466 0.138696464608831 0.0029437124341234
-0.024996724618727 0.00812344763444676 0.148467047724168 -0.0152615420132612
-0.0246932735720031 -0.00827347787812529 0.144801433198987 -0.00372146576155463
-0.0160088423630546 -0.01200352574485 0.128143167434526 0.000181501472063248
-0.0154428365414393 -0.0217712117975701 0.142908046441357 0.000378146661187494
-0.00954597009930149 -0.0440261051889004 0.184486618205578 -0.0143899393324645
0.0191812544447254 -0.0389800607029262 0.222391453365727 -0.0743619387585328
0.0693810973439527 -0.0341543404478069 0.154308296686389 -0.00430337271777366
0.0312524300149541 -0.0378121561622014 0.0196789655150757 -0.0555259474005577
0.0137246909501412 -0.0202291044378984 -0.0886024431364651 0.00379097651261083
0.00882693444257434 -0.0272726358718273 -0.125162148441568 0.0940490307463039
-0.00980379656916009 -0.0408097556077804 -0.0534149455886246 0.166602387944088
-0.0370747420300978 -0.0338275733292954 0.0320816597915511 0.161562844742197
-0.0502329406467231 -0.0173250752556761 0.0881914786958475 0.113590453163739
-0.0666963698842371 -0.0118156010671724 0.116234266784296 0.0551263578523814
-0.0675398096842205 -0.00852037603727532 0.119849406189845 -0.0017998732793862
-0.0781826025851742 -0.0233183110861122 0.131288932903584 -0.0327029779971147
-0.0688674409166656 -0.0643306702127151 0.136541242525303 -0.0307536543037421
-0.0334587099091108 -0.084591388203506 0.13167284860737 -0.0228125522324954
0.0134137603096894 -0.0974865197751806 0.14159363871157 -0.00664114407216698
0.0606335897231263 -0.100045472637763 0.161079672198938 -0.00941614114861567
0.0967684482715188 -0.0744299578321509 0.184538007606722 -0.059213421386143
0.129956519842467 -0.0281761067935952 0.115348815448681 0.00122670297817927
0.101875826912147 -0.0538021261697046 -0.00726133102045403 -0.0565059447402582
0.0665584295999503 -0.0575920589114604 -0.100375537814669 -0.00100752870171014
0.0273982753515032 -0.0803974713523112 -0.131065744030612 0.0842366673393816
-0.017838760692494 -0.0923113516798925 -0.0619363427153732 0.14586468120938
-0.062589670424271 -0.0744939171582156 0.0109591416244177 0.142376047477334
-0.0836555821996536 -0.0427663037006074 0.0600876718862622 0.104548577354324
-0.103968818610573 -0.0317768177899512 0.0833356565022435 0.0489114721561652
-0.104629443065089 -0.0273350676366225 0.083634174018349 -0.00940046026904298
-0.120013364651773 -0.0477808665801365 0.0953476929961384 -0.051703575291494
-0.107174299451216 -0.105698664366885 0.110555397607167 -0.0636471992905496
-0.0558925291443895 -0.140364091835077 0.128546704861538 -0.053070672280685
0.0288681271263573 -0.161490983723914 0.13896234569296 -0.0153570030213996
0.113333149936121 -0.146913972020154 0.135254505015205 0.00486038101517105
0.155653325215029 -0.100254452766382 0.128526708830451 -0.0323878473954145
0.171415333421972 -0.0216919311445734 0.0510151732797884 0.00403027145988488
0.159626329707893 -0.0705019138373928 -0.0505527548850452 -0.0563553406034247
0.111127079820957 -0.0977185456884807 -0.11831882919515 -0.00731130144104492
0.0374341704054294 -0.132102290911013 -0.134225806898538 0.0697196988394087
-0.0305856216857783 -0.135332305634148 -0.0705796014218526 0.113175623785494
-0.0839563592952438 -0.104276043585576 -0.0172161629668767 0.11113226907607
-0.106933103324601 -0.0607441500887346 0.0214200957768961 0.0856522633017123
-0.12477639633673 -0.0484993340846749 0.0395037622846604 0.0346727859705751
-0.123357613985939 -0.0438284773409787 0.03703489832352 -0.0208958477216981
-0.141285979767883 -0.0674080810327965 0.0483929307068042 -0.0687637919598284
-0.126076659431826 -0.131971395091107 0.075229941128469 -0.0932826912834382
-0.0666515087762152 -0.173367375036005 0.117919083171222 -0.0812039834906363
0.0417331175046933 -0.199436026386784 0.132528566267881 -0.0221325958236623
0.150276851045957 -0.168370059936267 0.107219945959392 0.0269769868905527
0.192190437984184 -0.105453977201157 0.0608712813858039 -0.000368259655387805
0.184263025843117 -0.0168557441542695 -0.0282226663837948 0.0114816616652352
0.187273392554699 -0.0804434447716445 -0.101101435126646 -0.0440912689093535
0.131676915888592 -0.126585084987292 -0.134448075163491 -0.0092023266830349
0.0353380272120683 -0.163416588347997 -0.13139286605681 0.0485657634572189
-0.0435235044500411 -0.154806978800887 -0.0826356884091524 0.070001401014831
-0.0956009344265304 -0.115288206243005 -0.0521161251408205 0.0733870635053656
-0.114809346120434 -0.0676777420648773 -0.0237497753945853 0.0610389791169519
-0.127098229188861 -0.0575538268232976 -0.00880577420878766 0.0153913739747744
-0.122819779147228 -0.0559268562937643 -0.0117418630184796 -0.0366993309061133
-0.136466014657302 -0.0837363286873386 0.00320816458592901 -0.0853636901587761
-0.115519945749225 -0.144731598793669 0.0405990789058384 -0.117034192743528
-0.0516804146229013 -0.182047894099312 0.105264202243041 -0.100589135926484
0.0625055021917175 -0.199518264166183 0.121406458925004 -0.0212477026589923
0.172645822362416 -0.155240874928409 0.0747119218633197 0.0489543098918463
0.201027484127465 -0.0858418457716583 -0.0097891931200494 0.0257488070868505
0.165128720239853 -0.0113167553227716 -0.10761123430002 0.0270134221106177
0.175963405302035 -0.0770086234670092 -0.146611008526988 -0.0182340055157182
0.123234749187663 -0.128945711289854 -0.142629280314671 -0.00481421011700005
0.0242376302127479 -0.160143506002075 -0.122520443423316 0.0253660387357259
-0.0487282931794444 -0.142957778146269 -0.0985936120603245 0.0264634841219137
-0.091257548029534 -0.10391234555741 -0.0898953337825453 0.0383172422786152
-0.105108406812174 -0.0621115003126868 -0.068476935409053 0.0360847652598298
-0.111189908803518 -0.0577236789295376 -0.053495436246687 -0.00673836373623036
-0.103803521187172 -0.0613023643900136 -0.0547096223157414 -0.0566182686942808
-0.110635655066029 -0.0901551790464137 -0.0319670855162401 -0.104596658581479
-0.0807440555107065 -0.139337843986106 0.0181582129950912 -0.138315974432751
-0.0178846255078161 -0.164619722025291 0.0961925597460134 -0.112712038707392
0.0853189378933194 -0.16510410136889 0.106943968866455 -0.0188538618607353
0.173450250908007 -0.111788555170772 0.0403963382127697 0.0602610705667871
0.181977813943767 -0.0507624624656681 -0.0744917192270566 0.0373754158769111
0.116665520960643 -0.000203776231833985 -0.170832636870895 0.0486959900661256
0.133409755695957 -0.0544267192804799 -0.174935789593518 0.0130361424789856
0.0927872484971844 -0.100346917244004 -0.144054915962654 0.00245272515730438
0.0130454543007356 -0.11997848535683 -0.113219008389303 0.0066807530181194
-0.0383976511642335 -0.102362290453206 -0.115173035836976 -0.00441983713669591
-0.0658073031283469 -0.0762022751727369 -0.12228181193434 0.0158656149336854
-0.0760237305317183 -0.0479399628777707 -0.106054120600548 0.0167883615355186
-0.0791914785887634 -0.0489097015557175 -0.0895956169417753 -0.0271366597756766
-0.0716663525174594 -0.0559538270220055 -0.085916682328323 -0.0780629988333397
-0.070884946295148 -0.0804942192249493 -0.0506983294064754 -0.12551818247928
-0.0372000279573783 -0.113646621210285 0.0106827132715044 -0.154938226038241
0.0151661782558427 -0.123879819884591 0.0941804192906265 -0.116393379267572
0.0946352913340012 -0.107301536492194 0.0926760260709815 -0.0180988481133531
0.149937264091668 -0.0541333327977051 0.010055515141889 0.0559331613087422
0.137286836792979 -0.00925178400831497 -0.124150708210885 0.0322052724524632
0.0502500717839076 0.0191196383335829 -0.206544544221532 0.069239432131408
0.0730220911436769 -0.0133372273409516 -0.180087029525831 0.0385089665667535
0.0528458009535237 -0.0477854899780555 -0.141664854949308 0.00923753716993159
0.00891577999737624 -0.0560708360594278 -0.110110097716573 -0.00198379925250414
-0.0128984886484625 -0.0450886878616469 -0.127782019579892 -0.0146613548972333
-0.0234405643750819 -0.039598827625373 -0.140355978248574 0.0095192179547764
-0.0322411676951319 -0.0301909169141715 -0.129103222282561 0.00431234285803665
-0.0354130928805498 -0.0324715425567016 -0.111496362781568 -0.0435292932415938
-0.0319314976628175 -0.0396824442894561 -0.101717275498317 -0.097502468853905
-0.0287007354153139 -0.0533840350037222 -0.0548032203790286 -0.14395193543745
-0.00310973771211827 -0.0686761502495733 0.0152132692481485 -0.165907200660101
0.0299847363187106 -0.0719375490103334 0.0966358956018828 -0.115961857191236
0.080170852976604 -0.049740382238144 0.0839206403471447 -0.0220103199812744
0.100212746810457 -0.00248520976678634 -0.00851911043308455 0.0388734751131785
0.0721197390701324 0.0246960747769967 -0.15090997238756 0.0152837542846019
-0.000411133512555973 -0.032971289634975 0.162095462851496 -0.0252742553357134
-0.0378734830281088 -0.0133308878852224 0.0210750000111312 -0.0651277260625487
-0.030254450729826 0.0158318424238601 -0.0867089552648422 0.00858064168889703
-0.00711453168061214 0.0207247061564935 -0.112246888132943 0.106972996376548
-0.00207639852452222 0.0108127885996302 -0.0321373205987615 0.178067801521793
-0.00792475890378438 0.00938505217215521 0.0592918350210972 0.160622517115054
-0.0101820396679833 0.0104970857208027 0.109395197086043 0.10204729562744
-0.0191753774408147 0.0122805745796307 0.134101713664024 0.044434694256188
-0.018981285819623 0.0128532774641966 0.136243925171887 -0.00693950714460596
-0.0237226903920684 0.00932867548179708 0.145949442279106 -0.0257151286393756
-0.0254892327639041 -0.00710790064335977 0.144026207420434 -0.0129596492199159
-0.0167011963578247 -0.0107801423842176 0.126854685170109 -0.00625494404056069
-0.0175821980082384 -0.0211373601532065 0.143492043605641 -0.00671353663140103
-0.0127529661791466 -0.0420773882768655 0.181790748565383 -0.0257920370366994
0.017230544641742 -0.0390180836431541 0.212896731422128 -0.0867852866510738
0.0670169676477049 -0.0381194135230401 0.151836425182967 -0.0143713508055264
0.0279614131967245 -0.0389261288088242 0.0138678259626488 -0.0569070962635752
0.0127498346773902 -0.0208376158495934 -0.0875875348315493 0.00810163045323505
0.00682906943635451 -0.0274709679596022 -0.118346018542141 0.100411383246957
-0.0125761037684874 -0.039319776669344 -0.0426136844442125 0.167481160974125
-0.0386958768437115 -0.0304017405168588 0.0418521325466195 0.157485346673239
-0.0509464256191536 -0.0135429012610269 0.0941028924801646 0.105498667825224
-0.0671438379818027 -0.00624191715725117 0.117935927739623 0.0471404732013785
-0.0677747953588321 -0.00448711146341522 0.117722075571416 -0.00982557430451219
-0.0788681763406892 -0.0176444080627608 0.127267414309597 -0.0416538237404014
-0.0730436282533173 -0.0594713652909592 0.133231667921673 -0.0400513603353484
-0.0383846244773412 -0.0814449358847576 0.128421260427376 -0.0290762197491889
0.00642561288960899 -0.0974060735592351 0.140916799700967 -0.0133427916525608
0.0524451740025775 -0.102861402924107 0.159246562048703 -0.0190942365250485
0.0909579216721971 -0.0790820540131904 0.17763537058124 -0.0702410457644755
0.127362370648106 -0.0357361525716461 0.113114455643053 -0.00648637870025924
0.0962414182195195 -0.0603208095767631 -0.0121955670991416 -0.0562053047166812
0.062593884022635 -0.0616046510484934 -0.099724448456737 0.00245574013116714
0.0216328227573926 -0.0809867422495131 -0.124189448607689 0.0914782787352751
-0.0240263352626689 -0.0895461609364534 -0.0523722089149542 0.147661436972058
-0.0669434356486032 -0.0686325027267641 0.0190946438310782 0.139931633658339
-0.0857106240934247 -0.0368396943602361 0.0657651298361398 0.0987337027093639
-0.105093163493424 -0.024102346979696 0.0853071925137296 0.0431121280828658
-0.105203430382338 -0.0199368135111428 0.0813689565582462 -0.0148770196071924
-0.121775326789273 -0.0391793104719139 0.0896896398051621 -0.0577415169173115
-0.113572238621353 -0.0972259247723252 0.105921296369389 -0.0706943227902781
-0.0645341160265384 -0.134378946750131 0.123253130987931 -0.0593826402498554
0.0173677672041576 -0.161976682853853 0.138267213707303 -0.0225362853456895
0.101726885095944 -0.15365028791521 0.133645856952549 -0.00232898922957944
0.14782260082417 -0.107699552507585 0.123768259846028 -0.0404564546722431
0.169210748525483 -0.032316022500826 0.0495106236055436 0.000935325379368036
0.151773919835701 -0.0806323057478567 -0.0542637350983551 -0.0529055375226328
0.104052756644915 -0.103982604526013 -0.117425586647839 -0.00300137344877832
0.0283066292200174 -0.131999037109922 -0.128592277388461 0.0763821504593488
-0.0395978278683672 -0.130798938236043 -0.063112125829102 0.115649007674325
-0.0907212561389999 -0.0963273473791016 -0.0108902700738727 0.110766106082795
-0.110062681920287 -0.0532759514869916 0.0267834890664733 0.0824292525769549
-0.12671418013072 -0.0390445889649969 0.0409401816435474 0.0321560564389323
-0.124589080083546 -0.0347687464444131 0.0336672719088915 -0.0227929207800745
-0.14406289602386 -0.0569674572519362 0.043172177666068 -0.0711340395936627
-0.134197017142671 -0.121766595245301 0.0684466169257546 -0.0977398206432485
-0.0772777278447749 -0.166257244882621 0.110188635205432 -0.0875272735340432
0.0276425297020438 -0.200099240892144 0.131086603137517 -0.0277100428921461
0.136992474633957 -0.177592516968008 0.107530606152794 0.0214819532430208
0.18292309852817 -0.115355819233112 0.0597319661382536 -0.00471677467261595
0.182677453032782 -0.0277090691989825 -0.0279128308350306 0.0134089083027112
0.178783499658985 -0.0929092358403531 -0.103521330655435 -0.0373965403901691
0.122693636724361 -0.134171653004329 -0.133344488628592 -0.00410148268639074
0.0243940489547674 -0.163635353799157 -0.126771409462815 0.0550921414117685
-0.0541280444077179 -0.149667323964471 -0.0785505306390125 0.0730968602419655
-0.103191138729025 -0.106652068537532 -0.0481067340060812 0.0762454283670511
-0.11811744299329 -0.0595903739428022 -0.0183679231786773 0.0614391432038669
-0.12932727071021 -0.0477609383957644 -0.00769625455976553 0.0156319202374319
-0.124712130567515 -0.0472027604149744 -0.0155442043424027 -0.0348859623151437
-0.140792520843352 -0.0728585525892302 -0.00369810240062536 -0.0846996721316962
-0.124813344743922 -0.134882106301296 0.0325854210796285 -0.119415710710714
-0.0630249265351076 -0.175932617036602 0.0964067733384167 -0.105730248360475
0.0479559364413122 -0.201346491124181 0.119805264018104 -0.0269676669795423
0.159775683658966 -0.165165462428591 0.0765561916140853 0.0453262267980058
0.192672827060167 -0.0966103367807882 -0.00783603742162364 0.0249520746005013
0.163931199960701 -0.0203803595014293 -0.105591948174978 0.0335914263292961
0.168963820638353 -0.0880551129913422 -0.147032911649105 -0.00879112828344416
0.113929318430878 -0.135644810203192 -0.141746693288939 0.000651909588813556
0.0128733304080303 -0.159351373825965 -0.119383084643184 0.0311969056999516
-0.0584093668972757 -0.137419662342785 -0.0970100573571942 0.03112698584945
-0.097695657747911 -0.0964130562229468 -0.0870062910904324 0.0445024041929115
-0.107664801201897 -0.0548885609312931 -0.0642204247638824 0.0395695014447773
-0.113673472228983 -0.0490209079575226 -0.0539940977003429 -0.00243158491975084
-0.10598298598181 -0.0536073659355799 -0.0596334824390998 -0.0516223820988892
-0.115081524887815 -0.080665775329285 -0.0390968142882046 -0.100922447452876
-0.0896050680867144 -0.131980668281243 0.008694669843801 -0.138472542246242
-0.0286994846975473 -0.16009487727445 0.0869941284222716 -0.116845995487713
0.0732806963977898 -0.167461501007092 0.10506269963239 -0.0234014279166386
0.163572747188275 -0.122176180149487 0.0433448367361016 0.0579940342695696
0.176166168161711 -0.0601737309654964 -0.0702548022581361 0.0413040237126046
0.116472554858135 -0.00656846163240764 -0.166568838044717 0.058524445565362
0.127588074459706 -0.0624782251251902 -0.171650931577577 0.0237527481523219
0.0844303420357249 -0.104802958435704 -0.142268398446943 0.00902603505478915
0.00468183797497521 -0.118688192613537 -0.11214995029317 0.0117452386676438
-0.0453609538367496 -0.0974426324190902 -0.115074219680637 0.0015049805945756
-0.0703944099679417 -0.0701555737054531 -0.121062086919439 0.0243567210697767
-0.0785064105149376 -0.0428112912803828 -0.10256819743594 0.0228278648689151
-0.0811664825719796 -0.042648082208869 -0.0908856074577819 -0.0209759787709188
-0.0738845389516346 -0.0506291092857532 -0.091448235993363 -0.0713857110477404
-0.0746825536483091 -0.0746820373762495 -0.0582486856046323 -0.119828183711862
-0.0445678547301984 -0.108873643968244 0.000382261451725887 -0.15455002965803
0.00770384618063527 -0.122689075446379 0.0847657440681406 -0.121150796720026
0.0859903857073578 -0.112064962679862 0.0907424046848548 -0.0222527896258184
0.143833988904589 -0.0628555549201393 0.0138002424014243 0.0558187464793614
0.135139140950646 -0.0161132403267326 -0.118851919350303 0.0391192409578579
0.051178106978209 0.0165807267608576 -0.200099648752698 0.080857106983873
0.0708824383168241 -0.0180604418098167 -0.175333840040164 0.0484614153490657
0.0484891228736454 -0.0507065327837122 -0.139574942787754 0.0157059440392131
0.00501949615673586 -0.0554580635696813 -0.109403847076317 0.0015672246935046
-0.0160880343705616 -0.0435185992796561 -0.128222552582971 -0.00713172534998211
-0.0257505997381868 -0.0373689770110116 -0.137869069624893 0.0188495468595569
-0.033977076440355 -0.0277941590311469 -0.125963980176674 0.0127566299956925
-0.0373399852442017 -0.0292003990299422 -0.113041760487378 -0.0351845561026076
-0.0336175800457697 -0.036347075208771 -0.107230653425736 -0.089980535045193
-0.0320766004772961 -0.0504154566027624 -0.0631991065865198 -0.138165322903834
-0.00766814513249751 -0.0671310944123336 0.00522713787172047 -0.164570487246274
0.0250390245165264 -0.0721535318423176 0.087871962627794 -0.120737685226691
0.0756210050688239 -0.0541438383893893 0.0813163621870946 -0.0257549606122104
0.0985971686490452 -0.00877210315302805 -0.00542820172570539 0.0404114268093437
0.073650731974706 0.0205583400172113 -0.146292997224158 0.0244271287518896
-0.00194458598216898 -0.032262680660475 0.154890994010422 -0.0329327034257087
-0.0370815439807022 -0.0106303707728545 0.0158026029922859 -0.0645403134049828
-0.0281240522686779 0.016447276856542 -0.0842471547435309 0.0115438425807033
-0.00572612698464437 0.019722535472162 -0.104025203343536 0.107826201800671
-0.000828632511985744 0.0103583654850951 -0.0220381262970216 0.173451763826627
-0.00741481623868434 0.00958689052308289 0.0650521318684681 0.153055666967458
-0.0100948010819182 0.0110840424665047 0.109006281778272 0.0931918399935977
-0.0180452166106772 0.0129735589618781 0.131858068928624 0.0357910123948154
-0.0186907190150539 0.013260660135804 0.131928043918388 -0.0132731176523074
-0.0232642793975291 0.0101125969317808 0.1402567089355 -0.0328431335031009
-0.0252630146312397 -0.00566761821323279 0.139500667180758 -0.020009127858298
-0.0166168057301386 -0.00997312834317922 0.122810847495878 -0.0101557139678892
-0.0175937853797066 -0.019886427157079 0.140092710043126 -0.0119690681605056
-0.0150831880959099 -0.0397030273420794 0.17511234269355 -0.0332486520990065
0.0153327914390635 -0.0382982797172709 0.200491243110934 -0.0932578374732203
0.0633588751406094 -0.0398352003495129 0.145354370865177 -0.0213631797497664
0.0249414268016846 -0.0393729572540006 0.00899378306013648 -0.0559949428576553
0.0119079317661931 -0.0211930185892503 -0.084837376788391 0.00974601804941338
0.00544398804372919 -0.0266615752727617 -0.109958616085293 0.101930750754345
-0.0146589843610136 -0.0372556915099458 -0.0335272779734256 0.163788247452128
-0.0394785728480754 -0.0268759675761733 0.0476604456252836 0.15027603778068
-0.0506397219589831 -0.0109141686711504 0.0948311960979012 0.0969343006650025
-0.0651324317905686 -0.00232780988286263 0.116168544778936 0.0395694230601777
-0.0658906925005111 -0.000882011896349555 0.112852448550001 -0.0151353598107169
-0.0774723067691133 -0.0137078248765715 0.120636449351147 -0.0466260108247616
-0.0747177561934302 -0.0537260108974913 0.127702554371669 -0.0458004290745777
-0.0413404420928128 -0.0774030865310446 0.122805939774324 -0.0325434490100058
0.00119095685628581 -0.0954805101897796 0.137292106602633 -0.0182174961306155
0.0453045384647038 -0.101781604384546 0.153185778549553 -0.0254706639928953
0.0850613924760008 -0.0800953516071884 0.167153439591848 -0.07582950447196
0.122629823311727 -0.0408074043429261 0.108537252340543 -0.0118701550208225
0.0906256165450691 -0.0636114637309842 -0.0159497012305539 -0.053740971289373
0.0584080889402458 -0.0629767336219569 -0.0969263934436162 0.00549053390109111
0.0174658438294654 -0.0791221443567706 -0.115961455165418 0.0937691828554428
-0.0282098522156117 -0.0856354684448158 -0.0442291642429875 0.144776172913839
-0.0686295651493782 -0.062706026465768 0.0244039494052568 0.134966130857564
-0.085396236559264 -0.0312702073734766 0.0673454118763359 0.0917874580435359
-0.103035753865197 -0.0177104305385767 0.0843462578479051 0.0374004847930854
-0.102543211996774 -0.0144166705802456 0.077114781105713 -0.0178734197150566
-0.120020290541052 -0.0319812123949226 0.0842317067610319 -0.0605503788678676
-0.115959165725409 -0.0878675381720323 0.0990989268160644 -0.0739258100699118
-0.0691791790789393 -0.127725376093806 0.115835250043981 -0.0623603932341143
0.00840442682944505 -0.158135048593003 0.134316642228429 -0.0263177290907301
0.0903295012813354 -0.153912911831779 0.129502143828402 -0.00775350707390586
0.139162939761439 -0.109761784656975 0.116909747789582 -0.0449027228762064
0.164148104028353 -0.0390256026227312 0.0476008953439094 -0.00141720664501336
0.14291013771804 -0.086162272568457 -0.0561816495154527 -0.048347808859894
0.0961771691770017 -0.106182978593609 -0.114718364900274 -7.64044364005394E-05
0.0209683749469639 -0.129502623336609 -0.120987169225849 0.079395491165772
-0.0454401352054328 -0.12462572298918 -0.0566412362786158 0.113777464629938
-0.0932490590674063 -0.0881241099428031 -0.00595519357706119 0.108357059670642
-0.109947833939142 -0.0465526498059835 0.0300034333629806 0.0776234811347595
-0.12472574411963 -0.0306932377915936 0.0412658922041583 0.0292544406381479
-0.122886926643362 -0.027931966039471 0.0311225770416573 -0.0234843923633358
-0.142212883743812 -0.048266138565494 0.0374243570665841 -0.0708165573040263
-0.137340319179033 -0.110541280457431 0.0613935217052439 -0.0984787497160495
-0.0834472792718982 -0.157730241915456 0.102157716194044 -0.0882540104846764
0.0163429416185755 -0.195407209170432 0.12683776605466 -0.0305144065765963
0.12317121728321 -0.179105926979916 0.104758747391299 0.0173066290048645
0.17263766282328 -0.118646591502408 0.0572605393431797 -0.00744397740956356
0.177296301371911 -0.0353599026161034 -0.0271140955614822 0.0148749255254586
0.167695925523757 -0.0991960660543816 -0.102863772899981 -0.0314512561079063
0.112900332941609 -0.136080946464214 -0.129985746127814 -0.00105950689968094
0.0150530581452434 -0.15966583037962 -0.1200581705868 0.0587060543957069
-0.0603551511722515 -0.141603659713687 -0.0736962188598075 0.0737855276584409
-0.106073083948473 -0.0975228930076653 -0.0433617489576459 0.0766212629316141
-0.117723149809033 -0.0519559185351465 -0.0146268264136759 0.0596362743436859
-0.128043828478727 -0.0393326580204107 -0.00744641004604431 0.0162192581370922
-0.122819489540812 -0.0401083222966488 -0.0179389187039336 -0.0323956818145734
-0.140225802108406 -0.0634544668614915 -0.0079923810959497 -0.0809661140447765
-0.128736519414621 -0.124330440147528 0.0258590366558266 -0.117562442123948
-0.0695043791391914 -0.166488016002103 0.088218318171696 -0.10666687391862
0.0362131010055866 -0.197360697460439 0.115748197649006 -0.0290437104358158
0.145147361896805 -0.168947044709386 0.0768901037305516 0.0416258234960064
0.182398015232966 -0.101166271900658 -0.00614906772235207 0.0246091557701247
0.159167554273717 -0.0267885720562669 -0.101320062611813 0.0385197475044103
0.158195461280403 -0.0943568404455211 -0.14252883538587 -0.00215173823292362
0.104036954458709 -0.137359745623405 -0.138255931069036 0.00475546359685357
0.00446912885565952 -0.155130938134628 -0.114921177342351 0.0345953392886028
-0.0639576756715057 -0.129692721854846 -0.0939236857281094 0.0337282852568621
-0.10041678275587 -0.0877848409563404 -0.0831687704725936 0.0480143531739839
-0.107444763419763 -0.0485373334391009 -0.0595462769506016 0.0403676500982018
-0.112224243313608 -0.0409738600382244 -0.0531517882257198 0.00021712739211617
-0.105790306845019 -0.0467863994175349 -0.0613889898885448 -0.0462745965114549
-0.115732869824054 -0.0717440774901037 -0.0432608110445868 -0.0951202648474224
-0.0940305621029922 -0.123020409897962 0.00136459177937684 -0.134740856644486
-0.0348944304287407 -0.152951009166414 0.0781761363620814 -0.11657333655103
0.0620088847845828 -0.165702033630578 0.101701247024004 -0.0256827965403563
0.151638022591708 -0.126347522674551 0.0451795230159767 0.0556875526714344
0.168092282560545 -0.0649686410312245 -0.0656394777118431 0.0423066172484247
0.113847412937131 -0.0115575424560872 -0.159361738610607 0.0643018502865645
0.120158458419949 -0.0667022114396443 -0.164215527819053 0.030818030876793
0.0767794818240213 -0.106044738026055 -0.13778531173027 0.0128997443493398
-0.00179185091723328 -0.114520826873709 -0.108576737530793 0.0146062076968447
-0.0494479026295914 -0.0910452191745336 -0.113159649674435 0.00606046440194406
-0.0726652782506368 -0.063653091629411 -0.115665316137295 0.0297294704804666
-0.0783173163365548 -0.0377342027656118 -0.0980668354958053 0.0268207087218901
-0.0806948408663814 -0.0367031587654987 -0.0901844880237574 -0.0157913946229828
-0.0735228699343212 -0.0455358931909889 -0.0929854173003193 -0.0638117247901849
-0.0761849857867009 -0.0680035852544589 -0.063331876865956 -0.11260490462088
-0.0485347278915615 -0.102455983332086 -0.00656438387548883 -0.150006486334094
0.00178866803965762 -0.118544249703465 0.0761366691952372 -0.120989312048006
0.0775135802991186 -0.112311026931198 0.0871643728073472 -0.0239040334094491
0.136017725303276 -0.0677779447171678 0.0159776368136225 0.0546979086588333
0.129742849496676 -0.0215537415213877 -0.11154150437939 0.0423560415512826
0.0514030936892909 0.0142842304549449 -0.190757061433956 0.0871002570963999
0.0672461047054083 -0.0203991346658494 -0.167175254431127 0.0547286984178747
0.0443698031054243 -0.0510966203975675 -0.134846395935781 0.0199441598416768
0.00158073683588275 -0.0529983270641503 -0.106375998053045 0.00523176446139425
-0.0182320867209897 -0.040548697686159 -0.126646174736556 -0.001121067196624
-0.0273275852840142 -0.0347690161155826 -0.133309592063388 0.0254682081174365
-0.0347004671862296 -0.0259855414675084 -0.121738214519525 0.0186378067834638
-0.0371713561388496 -0.0260274088241363 -0.11247059609053 -0.0281110314300471
-0.0340075513320459 -0.0335390583843783 -0.109223003400511 -0.080350466602408
-0.0328083089357617 -0.0466617965171901 -0.0674773969134961 -0.130219250203556
-0.0105362707455443 -0.0643022474644966 -0.00285920924068571 -0.159637716767156
0.020694664704143 -0.0709672620826802 0.0790017147180019 -0.119837214924611
0.0703118816770091 -0.0559053207362944 0.0783336535178669 -0.0269126917712536
0.0950098379403219 -0.0123626285562827 -0.00227261602441451 0.0399871573632806
0.0714515500676216 0.016896105405611 -0.138558659688945 0.0298385086465547
0.0124257855588079 -0.0299366374735467 0.147340166305518 0.0320033706522531
-0.0280088914787726 -0.0246040128045143 0.0365582769091445 -0.0500123680173577
-0.0314626953837843 0.00258614579113318 -0.079689026763616 -0.0227835247538158
-0.0121859783960549 0.0150369553275525 -0.135749149239325 0.0557349867845613
-0.00467631713759951 0.0070378292984258 -0.0878896618606987 0.145371606465125
-0.0105771080389875 0.0052241159952357 -0.00320382576068677 0.161445546039189
-0.0135802566482599 0.00586904334463541 0.0596056489030595 0.125727831254429
-0.0210520644101428 0.00497474673166666 0.103025716059245 0.0828608206661977
-0.021045340793349 0.00375806405577752 0.121343543015507 0.0390276370710146
-0.0237143409704938 -0.0014994522021648 0.138436614107092 0.0251177864538009
-0.0202690409370662 -0.0161392966331425 0.130761543712448 0.0365775870484705
-0.0100274270660559 -0.0168014304675105 0.112643301407532 0.041155540730322
-0.00754680333835042 -0.0270718465330342 0.129241390729339 0.0462591445347569
0.00234304039344616 -0.0421641110522573 0.169685141905945 0.0369790896678621
0.0312405950092319 -0.0308925497744181 0.215783518226534 -0.00239037569127213
0.0759951359660191 -0.00816084287676044 0.131794416357946 0.0316688259504892
0.0378009388874399 -0.0241202280640397 0.0268182568541504 -0.0489556493947716
0.0195669494531278 -0.0140035759034977 -0.0812114789532428 -0.0280129180274708
0.0165104591150044 -0.0206326440330267 -0.140695390425989 0.0466745953842387
0.00297109558835222 -0.0397252971883013 -0.0971510347779114 0.13150666219258
-0.0242775691513616 -0.039573451985003 -0.0192931090893949 0.153120162645405
-0.040891453184269 -0.0291672445170428 0.0440858674356302 0.123724703833292
-0.0577300205426702 -0.0264217241354526 0.0878488097755909 0.0805004055928073
-0.058305987637173 -0.0267614661201707 0.105356420882474 0.0297002587530665
-0.0640612617285139 -0.0425100823441686 0.125933208262816 0.00381940390025608
-0.047310814668152 -0.0775327769301358 0.130048680649211 0.00907001403366739
-0.00751055243884309 -0.0864120415434731 0.12251524973281 0.020098702819534
0.0367908413909447 -0.0884948076652762 0.130523554004961 0.039662592239151
0.0783712338193565 -0.0773548953578287 0.150726464938269 0.0379179610701142
0.108468265185902 -0.0433216407386077 0.180476019709057 0.00375836395394865
0.129928506453955 0.0170878404738311 0.0936343874291613 0.0198195800636249
0.105256030690461 -0.0181307454534693 0.00300327092916663 -0.0603862130242296
0.0774808995739486 -0.0320616011885431 -0.0929298089652301 -0.0410343143484816
0.0482157155767228 -0.0609585930180745 -0.146548049895015 0.0347796143894931
0.0105013192520421 -0.0876002652830144 -0.101698550861672 0.110703416531066
-0.0362027705102789 -0.0823042463717656 -0.0358005133527621 0.12993168684903
-0.0635824610804296 -0.0612508184845911 0.021867167595479 0.108130332576107
-0.0854709510792006 -0.0549529125475359 0.0605072467394341 0.0661086924831756
-0.0861494973514524 -0.0530717171319074 0.0744238151809172 0.012420372999008
-0.0951738130805396 -0.0737848449261838 0.0971067091154366 -0.0238163630106616
-0.0724208762440686 -0.123020297301981 0.115859496531301 -0.0284921527100132
-0.0143287298329871 -0.14135900023221 0.128555451402743 -0.0098282111098539
0.0655044224891795 -0.143760490934725 0.132356356957461 0.0303999663995707
0.136548516465224 -0.108042611920941 0.125813037294951 0.0458257556216929
0.167133651973298 -0.0509796302479724 0.124031726895178 0.0146445884815662
0.166545733605429 0.036572208487934 0.0347053847390483 0.000866847347800878
0.160755493231209 -0.0164321490571182 -0.0357630473138166 -0.0748418662995476
0.129083326366123 -0.0550171077197208 -0.108625390414475 -0.0557896935191303
0.0720617085486245 -0.103548985452838 -0.148155291414229 0.0189281747054856
0.0105740342411322 -0.128456024788789 -0.102916237652047 0.0786981511954975
-0.0475717637591875 -0.114490195176136 -0.0545238277022924 0.0945575527271666
-0.078609070222629 -0.083802100030707 -0.00684305553970568 0.0808148002545458
-0.099837498194058 -0.074986182450113 0.0246517596464871 0.0424593797203483
-0.0987397355126057 -0.0727719271680858 0.035678313017706 -0.0104810586705495
-0.109917598420616 -0.096219094191662 0.0608635188996415 -0.0508529925232773
-0.0835673923466596 -0.150932428103841 0.0919521222705924 -0.0644757386046299
-0.0154693755514969 -0.173968547985765 0.126610120883637 -0.039592328416665
0.0863666206081015 -0.174365030543456 0.128816512060012 0.0232019480676407
0.175327149813405 -0.119111766554545 0.0961624788109991 0.0600419621214222
0.199429017962806 -0.0457485446332232 0.0565389885104409 0.0258139447758364
0.177379629175425 0.0454257526959921 -0.0391112435723258 -0.0159195729892655
0.188076977978565 -0.0169904184050482 -0.0835981775652885 -0.0794208648078236
0.156141252367166 -0.0742201097727075 -0.124513016490356 -0.0646135135673063
0.0789811527109682 -0.132244658004458 -0.140056158863597 3.19146659735712E-05
0.00459287201290161 -0.148810713094068 -0.103813985026276 0.0354053361017424
-0.0553326875299868 -0.127633526447126 -0.0758419332051596 0.0518831648692822
-0.0837100177673025 -0.0917494106618585 -0.0391252015045325 0.0470237736381162
-0.0998224010661355 -0.0836318880335465 -0.0127715794722332 0.0127187729057228
-0.0949179987574198 -0.0835454972727305 -0.00431549820887987 -0.0371465547264073
-0.102783005856471 -0.10833403545683 0.0240913762562423 -0.0781804259800757
-0.0713474043024991 -0.158792828751917 0.0686303298629107 -0.0954501082887395
-0.000614975617998319 -0.176349465662445 0.121220240522147 -0.0614944564935924
0.10436435958049 -0.168382102203862 0.117860708246429 0.0204329385329969
0.191078329595086 -0.100786137736377 0.0608562205695758 0.0726983096372366
0.202012943403374 -0.0256641203361996 -0.0137107229482456 0.0294138125097443
0.157296618595559 0.0454609217697432 -0.112012901549336 -0.0233932963999496
0.176912028389574 -0.0166656461693402 -0.13040629681163 -0.0680685950642549
0.148007249190976 -0.0789304244042746 -0.133637121156837 -0.0615304203577667
0.0678022398522604 -0.132045920987492 -0.125448452391789 -0.0186465981962324
-0.00349968623676943 -0.138560589807523 -0.105387305856635 -0.00756526584203084
-0.0540069516295932 -0.116673149677881 -0.0991294448202961 0.0108389857346067
-0.0757258459658446 -0.0848942479150182 -0.0709451326895451 0.0121259034600702
-0.084909034738849 -0.0794829765781858 -0.0474331028849173 -0.0198961877873453
-0.0764504216393866 -0.0826230992307863 -0.0372198185248381 -0.06591742138473
-0.0773016315930335 -0.106421384227326 -0.000913852658627811 -0.104430896778309
-0.0406769314070268 -0.145099666962801 0.0539619754429675 -0.119986649265978
0.025232757580752 -0.151365059934662 0.117235593567124 -0.0746073266553436
0.116748291613745 -0.130116019208366 0.102789701074863 0.0191493138396169
0.181949017604236 -0.0602816437983047 0.0262367649569 0.0741513046101437
0.174301559935143 0.00258940998269343 -0.0737402984297988 0.0210106530261088
0.108516893682181 0.0399364116095343 -0.171518045539465 -0.0179600374174142
0.132367128632631 -0.00870241406324638 -0.161129156303637 -0.0455339812402271
0.111035199916645 -0.0623385933829754 -0.135060101855823 -0.0518933140237879
0.0456990818584598 -0.0993971189990053 -0.110010047318079 -0.0335280436683353
-0.00536289763187205 -0.0987870317569324 -0.109474504718356 -0.0402255327142193
-0.038795609362473 -0.0844533986529514 -0.119349026217622 -0.0186163901922789
-0.0538673662660857 -0.063894657734462 -0.0985887215712958 -0.0154675912110203
-0.058108755008421 -0.0628020317921054 -0.0744398071327783 -0.048779210404509
-0.0487084145785925 -0.0689186110629084 -0.0582389385036242 -0.0933772313881449
-0.0437715640476165 -0.0878708242755392 -0.0112599558076449 -0.126886401129962
-0.00736826765092274 -0.11079174372864 0.0526772111475074 -0.135403709482757
0.0451995940362192 -0.105944355225234 0.116671804877679 -0.077226274798961
0.11173063878997 -0.0745962841312965 0.0885979541683554 0.0151222259765471
0.146266040933127 -0.0123068006675243 -0.00173956304363746 0.0625078099487227
0.123620507144913 0.0283668091177066 -0.116790231646128 0.000123704141217219
0.0409446490048786 0.0358689213206299 -0.204502069665864 -0.00463164477048948
0.0672309699165768 0.0102724928364035 -0.170330075540404 -0.0217541141676507
0.0591425714253523 -0.0271066608439606 -0.131708570883091 -0.0414328241692108
0.0230413093868876 -0.0445317531843893 -0.101259909120267 -0.0405233268296296
0.00179397465906724 -0.0416176719013505 -0.115523236993124 -0.052353419084741
-0.0099254945670463 -0.0416291667988577 -0.130172763377743 -0.0300766015454098
-0.019750931644787 -0.0360491901340323 -0.115251018024625 -0.0317476264259601
-0.0234059232117518 -0.0370248901577563 -0.0894009278589239 -0.0686878005173989
-0.0184957266186945 -0.0428922783612203 -0.0656951418184451 -0.113756206704114
-0.0130568097974536 -0.0531296025572984 -0.00828068374511557 -0.142556512505208
0.0128557663197253 -0.0619403288437283 0.0610643980248301 -0.142090782529621
0.0448254136065376 -0.0561095428072596 0.118370256690175 -0.0750463707717377
0.0844707946063811 -0.0264299168110588 0.0810639037988943 0.0091305070224762
0.0898867291102219 0.0230836922048348 -0.0158006686481123 0.0405799495530802
0.0569216285441499 0.042134336842774 -0.136029850825175 -0.0246942658755817
0.0121650330287077 -0.0296725161701516 0.145429062122378 0.027926484331566
-0.0278092160398213 -0.0235088112815749 0.0341209639411794 -0.0499563678178599
-0.0306593773702191 0.00257513276181395 -0.0785495196372315 -0.0217981028137111
-0.0116818845315745 0.014777108865775 -0.132909160129751 0.0563668176914483
-0.00438173881618711 0.00673338475636672 -0.0834920064801502 0.144670666241142
-0.0102539658131189 0.00519928708786383 0.00129138211645135 0.158531851375637
-0.0139168362172901 0.00595091948545236 0.0602212812467958 0.122561924221485
-0.0211171656078459 0.00572723692381912 0.103658634714024 0.0788756231969893
-0.0211347756084186 0.00421608032733923 0.120254945875524 0.0358676716806629
-0.0235986547496545 -0.00176298454085495 0.136309113039197 0.0204554845177458
-0.0206459179054426 -0.0159472245089221 0.130030955184936 0.0335257415890108
-0.0103571957919559 -0.0165684187096004 0.111882070437909 0.0403865899135853
-0.00857966513405666 -0.0265635328021382 0.129827186683875 0.0443347057357371
0.0013006720418288 -0.040681370741541 0.16822544670557 0.0334216710326438
0.0310309449179529 -0.0304199203778278 0.210761732708915 -0.00578242092148442
0.0748936170501003 -0.0099406837086469 0.1298505965077 0.0279371517569544
0.0366981612178204 -0.0243019538706612 0.0239354010475175 -0.048779452003279
0.0190934578365214 -0.0149886778028476 -0.0810401582550218 -0.0278135980769878
0.0159498225516078 -0.0211529379882925 -0.138101711326759 0.0476891869923435
0.00145469495923642 -0.0397679244672422 -0.0927194208468989 0.131020565321808
-0.0250653905591733 -0.0379593797649318 -0.0158097621219831 0.150492005495545
-0.0416914927728802 -0.0277393784765952 0.0454911981531987 0.120400368414195
-0.0580025941756887 -0.0250560440048946 0.088160450630513 0.0769992787420994
-0.0582828307613407 -0.0259872872679213 0.103827655314619 0.0265741180479054
-0.0644269611264918 -0.0408439552556461 0.123401422974961 0.000173088402087238
-0.0486044237113966 -0.0754904766373892 0.128702270502846 0.00550258942071632
-0.00935124044449841 -0.0851516919034842 0.121315648438494 0.0191106219172384
0.0339195030146949 -0.0884456783298833 0.130881882021606 0.0379552807675653
0.0751716433137977 -0.0773403940153881 0.148806128050763 0.0343749707412645
0.106366646341515 -0.0436218456369753 0.176030328084246 0.000641985418257958
0.129506120434154 0.0141819722834134 0.0911321973411941 0.0171570588305426
0.102969788639933 -0.0209840423771935 0.000497903290713275 -0.0600817167369095
0.0765007999845542 -0.0338032188314255 -0.092710104995425 -0.0406227793495073
0.0466513549386989 -0.0615691122259117 -0.143545869970275 0.0361679255172772
0.00749883764569888 -0.0863011291211204 -0.0979822261227213 0.109420541516259
-0.0381362969632325 -0.0794729849254185 -0.0332525574378409 0.128499020142752
-0.0647179439662972 -0.0586791134223414 0.0228883817610599 0.10583474137508
-0.0856054772354941 -0.0517517098737769 0.0607138883331201 0.0635445022396647
-0.0862824801485727 -0.0509231731901334 0.0730352452352232 0.0113891325821819
-0.0966005361164059 -0.0710069472793807 0.0953340115106634 -0.025372110392431
-0.0755107652916367 -0.119703881607596 0.11422329107677 -0.0307193672068224
-0.0170847379550866 -0.139376022108873 0.125511117533655 -0.0110130604361712
0.061045992227551 -0.143841683150646 0.131539972914973 0.0287110969746369
0.132419664516874 -0.109700518179269 0.124288512578892 0.0439591887684042
0.163938891690927 -0.0522433964087569 0.121990218338621 0.0122261694555552
0.165888477832904 0.0327437610077006 0.0333865750420891 0.000282931121136117
0.156974800900206 -0.0196101805254234 -0.0368705018505863 -0.0728108151384726
0.126749618396769 -0.0577500799699091 -0.108966047418375 -0.0560216621652061
0.0690545451911652 -0.103438336756195 -0.145611558157848 0.0209721368743388
0.00702872043293261 -0.126444194505488 -0.100553432159044 0.0778506493883817
-0.0502601149707569 -0.111235678335064 -0.0518963852958976 0.0946650969994891
-0.0799935209935657 -0.0811843946706628 -0.00497963770179151 0.0792964065239252
-0.100618727972793 -0.0716221406654914 0.0253440303793071 0.0412610066122594
-0.0997921941151644 -0.0702103099802154 0.03326403879213 -0.0103914802019177
-0.110648249655001 -0.0924297031963055 0.0576632998348476 -0.0518604694797161
-0.086941789176608 -0.146732518359323 0.089379987864487 -0.0659557458837118
-0.0197811213147615 -0.17051807677704 0.123564717528044 -0.0409805177466966
0.0802010830215622 -0.174572875531561 0.127798069327089 0.0224002574165942
0.169638940498735 -0.121595997839158 0.0950154229494224 0.0588973036877335
0.195946548073366 -0.0476080133859534 0.055198474456309 0.0243954932248136
0.177024602460478 0.0414250173853711 -0.0387492818394232 -0.0152684113480193
0.184361569979583 -0.0214821584127669 -0.0842747721305543 -0.0765510463355195
0.152536165441048 -0.0779190357306606 -0.124636901257107 -0.0634620746448304
0.0750209201376378 -0.131696290426246 -0.138370881272252 0.00127043312098884
0.000518628926680562 -0.146496436166171 -0.102458384740387 0.0356775194886063
-0.0583780132923053 -0.123490703037869 -0.0742438140628408 0.0530503428636144
-0.0852039409647293 -0.0887969031519752 -0.0371849288886739 0.0460800611633908
-0.100315018166399 -0.0801443539248951 -0.012947481482418 0.0124275220515592
-0.0954633933846049 -0.0807526747856585 -0.00634390631903735 -0.0360587877425171
-0.104155294934247 -0.104401365562134 0.0211630125341688 -0.0774325462546111
-0.0749529257590525 -0.154802999779169 0.0648964689173145 -0.0961499873781265
-0.00451270463081286 -0.173583780155243 0.11729839042223 -0.062989188184285
0.0988404391537057 -0.168354735024618 0.116936524427305 0.0200441053482745
0.185591035827324 -0.104793684818924 0.061171241734171 0.072091391184121
0.198837554249587 -0.0279526531789245 -0.0127057468143875 0.0292153345092288
0.157062359365326 0.0414829790577003 -0.111296347453076 -0.020980397337776
0.173529063386796 -0.0204618786632493 -0.129332807080052 -0.0647429112865059
0.144355515678545 -0.0817495294348837 -0.13338033981287 -0.0606147943031152
0.0635815242089166 -0.131150848217889 -0.123630175602194 -0.0177296065912016
-0.00706655514562156 -0.135948792182926 -0.105200673316906 -0.00743111018883956
-0.0563779489962185 -0.113030966709903 -0.098466807495406 0.0135123692164452
-0.0774294541975575 -0.081875347987764 -0.0700607914241357 0.0127308951428634
-0.0855131885970664 -0.0759135944734345 -0.0474937121856382 -0.0183716612176007
-0.0772779482952531 -0.0799632372377699 -0.0387165821709618 -0.0634009764104483
-0.0786781204224294 -0.102783462706629 -0.00347543876939783 -0.102222081032977
-0.0445067029747346 -0.141806987996486 0.050000027973874 -0.119717676586812
0.0216199275478671 -0.149862052483926 0.113036911738285 -0.0752691540233635
0.111434277914611 -0.130823099432017 0.101857519558344 0.0186992436814006
0.176998210983612 -0.0634020945480603 0.0275528387992407 0.0742281769570364
0.172193641558538 0.000309396497181263 -0.07250939783573 0.0214826178801805
0.109023889579124 0.0369558409602807 -0.169461956680555 -0.0147190628496864
0.129114930982135 -0.0112305550225073 -0.15865527288042 -0.0421092715705364
0.108015188143725 -0.0639779151064626 -0.134410985816435 -0.0499882462525444
0.0426010561614635 -0.0987076959666821 -0.108906171572566 -0.0326000921525311
-0.00823486099891418 -0.0969530144456362 -0.11063155015132 -0.0386023893281082
-0.0405650226558536 -0.0823905101384695 -0.118517098500043 -0.0154405045372231
-0.0549137837356104 -0.0622161693487898 -0.097506491213202 -0.0135305681415457
-0.0585533068046552 -0.0600973285866029 -0.0753053841778307 -0.045564400868952
-0.0497386340230323 -0.0667466461385958 -0.0602187053860034 -0.0894313200423953
-0.0452005404605873 -0.084888058880275 -0.0136648764828255 -0.123954878000826
-0.0100288584889131 -0.107715928694308 0.0488300058454551 -0.135852051702304
0.0420894083212079 -0.105307247875467 0.112640745316748 -0.0788034602997023
0.108018849584078 -0.0757888965339521 0.0879942102050786 0.0156943454168188
0.143548534570063 -0.0152874871162402 -0.000144929832840418 0.0621979435718592
0.122437107711996 0.0264848387439904 -0.114212842159 0.00235177785036269
0.0416566518722348 0.034426418686609 -0.201692277800052 -0.000782032917172832
0.0657648676342574 0.00869432129130182 -0.166896871806007 -0.0189870744524781
0.0573822860469603 -0.0278185875008663 -0.13055955776429 -0.039415048756648
0.0214430489774137 -0.0440087358867869 -0.100541360114931 -0.0401136064179375
0.000896878594698248 -0.0401181645141425 -0.116592584551959 -0.0505628103311145
-0.0113759085263941 -0.0405167910985028 -0.129330697027534 -0.0265986020900318
-0.0209521245981375 -0.0350328293863022 -0.114335957226555 -0.0288451655114312
-0.0234414140931357 -0.0353972479686665 -0.0908733992519987 -0.0656709669105942
-0.0188345995773083 -0.0413284233591268 -0.0685192337646056 -0.110784103271112
-0.0139959044625119 -0.0513927980340451 -0.0112473758965295 -0.140206285775522
0.0112627703573295 -0.0611368543548061 0.0569360796335702 -0.141095676632218
0.0431385689900409 -0.0563234349979015 0.11591536782001 -0.0763072483008858
0.0821927453179974 -0.027872536186704 0.0797879652922032 0.0091757150862503
0.0888745518078525 0.0210981131568376 -0.0140774469322624 0.0417859647181522
0.0564923536027372 0.0407187206828822 -0.133138205797634 -0.0216487817246939
0.0115785898529648 -0.0300271250253138 0.143810298892607 0.0228062373622454
-0.0283169481802523 -0.0220845275277224 0.0311801496994206 -0.0508468360906341
-0.0307229437638396 0.00310166207622461 -0.0787830065852454 -0.0204056405725612
-0.0109868793993921 0.0154768586514098 -0.130988900384501 0.0589445541721891
-0.00391346610239477 0.00634016204399329 -0.0781395953321001 0.145509195794489
-0.00977709391856282 0.00549230251373595 0.00656638755956922 0.15726532232831
-0.0140959736053268 0.006565577357254 0.0635883851573783 0.119240123637704
-0.020869535933585 0.00623653418358214 0.105953554720693 0.0751534246004991
-0.0209384647121401 0.00456739287074328 0.120638958392957 0.0315970630182089
-0.0235607066946591 -0.0017247472463718 0.136175800821602 0.0153044118114262
-0.0216403109083437 -0.0154644795691078 0.131344857665341 0.0293249315121073
-0.0105753127202426 -0.0167052704143515 0.112958174969303 0.0389731494102669
-0.00936683076823317 -0.025986005376956 0.131142303364261 0.0408429634359166
0.000378597156610797 -0.0398624341901459 0.166813652501955 0.0285373192436944
0.0306874838607238 -0.0310008876055291 0.208401014055683 -0.0108431340974214
0.0747761425310886 -0.0124043359580362 0.128480604890069 0.0236130895353271
0.0352236118902825 -0.0255517403576915 0.0213409603642625 -0.0487268050522004
0.0185771327443623 -0.0165587465229788 -0.0821081821483115 -0.0265596092463881
0.0153617250022224 -0.0209420207676203 -0.136444797833315 0.0511049210954262
-0.000158004093192028 -0.0393126233563661 -0.0878732689460071 0.132947617049936
-0.0268505632196677 -0.0370321791644022 -0.0105776584450074 0.148882781038754
-0.0430579395599604 -0.0253775839980259 0.0485787686222513 0.11780728288756
-0.0586730937992643 -0.0225704141636861 0.090924684863234 0.0733046771645998
-0.0593100416444899 -0.0238557499910507 0.104201635132086 0.0233829127415566
-0.0653021858192837 -0.0387266054112791 0.122670649065039 -0.00432037535251142
-0.0524024087486928 -0.0734760817913663 0.129161628190635 0.00125678605119387
-0.0119018105630582 -0.0845470489888915 0.121372828575895 0.0172450493060108
0.0308289035656703 -0.089330522222801 0.132406975054692 0.0347743250747124
0.0723511975728681 -0.0791485779991276 0.147733139774712 0.0307570041639343
0.105347544305281 -0.0462604952444179 0.174510048344132 -0.00384595355603018
0.129862213656089 0.0093288935372575 0.0907949920931349 0.0144727775822854
0.100620864662446 -0.024531428149587 -0.00191911379742739 -0.0585619804369778
0.0746907239704239 -0.0368603267621313 -0.0938109599418252 -0.0399805965638608
0.0444542052289273 -0.0619302959726053 -0.142163136876266 0.0399409913930862
0.00366891551207628 -0.0861958601555322 -0.0948247945371841 0.111221728458815
-0.0412832662562984 -0.0776034996656909 -0.0289174142430604 0.128653271640854
-0.0669095245453022 -0.0561738654539858 0.0260579186389915 0.104008027622087
-0.0870400717073707 -0.0485492840297602 0.0629465451720355 0.0614647656066234
-0.0885818472195299 -0.0481317574507554 0.0727229709439246 0.00917807160665494
-0.0988605237758973 -0.067541336023311 0.0928341480555355 -0.028882206236816
-0.0800655041588553 -0.116624417758818 0.112090858030825 -0.035016980279992
-0.0215373306535595 -0.138404845034806 0.124925177494296 -0.0129411665697728
0.0556028475796556 -0.145449546883297 0.132989628607336 0.0263576619489726
0.127749916913101 -0.113404259583026 0.123898649712307 0.0413794505681169
0.162636046816673 -0.0555696236790325 0.12081687010122 0.00937197361077841
0.167135019440924 0.0267869417171075 0.0323786712350366 -0.000536615937852749
0.155243229087436 -0.0254289460450906 -0.039506901267726 -0.0709087923940582
0.12424277260929 -0.0625963799568458 -0.110924376294372 -0.0548159381631429
0.0651578586253835 -0.105557186122695 -0.144001289051514 0.023919257943584
0.00175681732517079 -0.125693036772788 -0.0984068937904117 0.0793833068686183
-0.0549951775598589 -0.108348774457482 -0.0492173045042184 0.0960148400637657
-0.083351966998465 -0.0778069319563777 -0.00298141465984895 0.0788252568990015
-0.103046503414189 -0.067126607044882 0.0265604117268077 0.0402715880220798
-0.102127131843494 -0.0666695189748575 0.0323550783578276 -0.010768506653887
-0.113547180264473 -0.0880217139591552 0.0547801367686531 -0.0533186164413424
-0.0929464745564048 -0.143266910851064 0.0865043069548779 -0.0692221858568359
-0.0255306015619384 -0.169706089924274 0.121083211362796 -0.0430409372231246
0.073684472522026 -0.176299899673876 0.128794334868292 0.019852205164134
0.164060694094997 -0.127137445546155 0.095768209604682 0.0574370804265162
0.194400105158332 -0.052471375521725 0.055698782168105 0.0232080667538875
0.178341925640278 0.0358433924094365 -0.0398249166995625 -0.0140038697766014
0.181891898401653 -0.0277045991752517 -0.0863227261587481 -0.0731320582041431
0.149671571247568 -0.0829002551179332 -0.126137675968078 -0.0619969630798145
0.0702277240070516 -0.133485902184936 -0.137368122672404 0.00367059789348209
-0.0051365828494344 -0.145116848652348 -0.101749630639652 0.0372859288331784
-0.0631508892699939 -0.120578482408974 -0.0730881848689194 0.0560965397722362
-0.0887129396214388 -0.085971702904406 -0.0358697045596669 0.0466065652518164
-0.102417309506924 -0.075742982535878 -0.0126581742950605 0.0127211974800555
-0.0983232987441711 -0.078111544974847 -0.00816901988032832 -0.0343929515566176
-0.107510980159366 -0.100054278960722 0.0179222783740165 -0.0778066712633365
-0.0808017596577656 -0.151547455440728 0.060701826749726 -0.0987349423288143
-0.0102538169789364 -0.172774944284096 0.114032262273747 -0.0647850615377965
0.0922518084923798 -0.171797056306181 0.117866096219818 0.0187078542440806
0.180804436903178 -0.110654766401159 0.0631123363289046 0.071496163656391
0.197398257402695 -0.0321857053470211 -0.0118457116688133 0.0290743350114904
0.158230985872521 0.0363867999425514 -0.11219538381816 -0.0171317750325069
0.171090112450587 -0.0262161534974385 -0.130230204290125 -0.0604523956914181
0.14126851253113 -0.0870360070013894 -0.135024520924465 -0.0583372030702188
0.0590589557602871 -0.133036138236794 -0.123773979663095 -0.0161064340669436
-0.0120054958674487 -0.134625717171945 -0.10647489218959 -0.0054908676588171
-0.0606236916176226 -0.10953291406617 -0.0982739979085175 0.0172181577286628
-0.0806356656952247 -0.0791805598937406 -0.069549519380842 0.0148851666762515
-0.0879267803117044 -0.0719906981941335 -0.0490731083242572 -0.0167725700584713
-0.0800873998749345 -0.077880659801042 -0.0420655571446372 -0.0610354570241478
-0.0818143060953835 -0.0991046871951103 -0.00776311945090015 -0.101492649338709
-0.0491842721078138 -0.139162545539629 0.0460376638284251 -0.121428154108471
0.0165201941951396 -0.149050056729912 0.109195249146769 -0.0774781713339984
0.106068888995274 -0.133657745583119 0.103260097325848 0.017415398066468
0.173624829956442 -0.0692497388948113 0.0297832750099388 0.0749538877113106
0.171750793763954 -0.00319508151304301 -0.070565746908325 0.0232355749571366
0.110428715813919 0.0332026419110287 -0.169881169029058 -0.0101912593823447
0.128069553074393 -0.0153127206729456 -0.158921024678738 -0.037362973614496
0.105000186263858 -0.0674645559241482 -0.135463663357265 -0.0475831980302826
0.0386764658103316 -0.0990665347591994 -0.109476084819544 -0.0315040005725588
-0.0118199760684466 -0.0954400799182241 -0.112976551932645 -0.0365997479367912
-0.0434515688921809 -0.0799076739514405 -0.119214755793284 -0.0106611386983496
-0.0575011333564518 -0.060345180767125 -0.0979614186334716 -0.0109516759374456
-0.0604206147077539 -0.0573157585990033 -0.0772245233160683 -0.0430930479867833
-0.0518319824262391 -0.0649037111230064 -0.0640218927374852 -0.0871748044898437
-0.047606483754864 -0.0821605534440084 -0.0178861266332851 -0.122895068887764
-0.0141907415994273 -0.106625018697776 0.0440916390403653 -0.136337509488609
0.0388144338925542 -0.105822625976133 0.108833646882447 -0.0813383912519428
0.103838171521887 -0.0786732050967853 0.0882344441809073 0.0145030245760655
0.142280990475508 -0.0196760964307698 0.00228504387960645 0.063024447633181
0.123012417010546 0.0241538324178239 -0.112818328085656 0.00536143960800816
0.0429712457318658 0.0331652694150768 -0.200288685608301 0.00449242580434832
0.0656304426728038 0.00634642106328901 -0.165855563789655 -0.0146714975473053
0.0552859244954757 -0.0295368549052126 -0.131295313595222 -0.0363018586608551
0.0193894585062489 -0.0440216583640153 -0.101129925283526 -0.0388209894990882
-0.00065499828565029 -0.0391439332467131 -0.11875261793168 -0.0477406933031383
-0.013175590689823 -0.0399330890476003 -0.130026651868587 -0.0213388353889381
-0.0221424985350986 -0.0342242203323959 -0.115151241859621 -0.0252350522547628
-0.0241249673276549 -0.0337239397914273 -0.0932095403812733 -0.0616781561672337
-0.0196934829023712 -0.0408133055994999 -0.0722444502365463 -0.106284603100046
-0.0151727822338377 -0.0499295009345517 -0.0152902621982596 -0.138814795960658
0.0092733208205497 -0.0609550357667026 0.0513098538637719 -0.142635905045343
0.0406873644020982 -0.0575570171592202 0.112413837342528 -0.0788036407459236
0.0802351881858995 -0.0300968611777501 0.0793260071430303 0.00840632890021236
0.0890687507233243 0.0181011713168221 -0.0115375663467191 0.042749501417565
0.0580762158731173 0.0394567609338198 -0.132025098895855 -0.0180328126870615
0.00988251255803473 -0.0299396189739763 0.142095841148954 0.0158299139847431
-0.0289340063229119 -0.0203764970075808 0.0276669739803322 -0.0510136983622664
-0.0304346214264948 0.0043821724770391 -0.0791067175323761 -0.017727407127473
-0.0102051965336637 0.0155777821452673 -0.126874406450431 0.063262645886345
-0.00402322520187987 0.0062275147308936 -0.0698778032584973 0.14674651173193
-0.0095531012031646 0.00595171048407305 0.0141044108990322 0.1528549290246
-0.0136125439487776 0.00812222316629984 0.0676516629116796 0.114665424569092
-0.020685710520304 0.00735563144384822 0.108371531058203 0.0681511688841224
-0.0209596424255793 0.00506980931044181 0.120242481732119 0.0244919056174365
-0.023674398142577 -0.000278852054500824 0.13506029154273 0.00728588008243869
-0.021986998790532 -0.0143645041446403 0.13131877159544 0.0228714317059196
-0.0110625065214065 -0.0160951565772025 0.113793420705292 0.034682651572485
-0.0106220184713551 -0.0257266613071193 0.131381564191215 0.0347873078076483
-0.00117079207283985 -0.039061778403663 0.165486167777138 0.0209621324774162
0.029587600008306 -0.0319866834321565 0.204112113914367 -0.0192077102847165
0.0730579025914224 -0.0154960871310594 0.127202245774698 0.0176255115695905
0.032866368542145 -0.0271298973000417 0.0185119551881622 -0.0485749793718785
0.0175786462542543 -0.0172973471220948 -0.082185228798711 -0.0239105220265205
0.0142944392066566 -0.0215410397661057 -0.13207733513823 0.055860522866044
-0.00273186273166447 -0.0386581105420368 -0.0808640898985046 0.13395067446011
-0.0281698285753274 -0.0345241223463348 -0.00356658059171596 0.146750063638643
-0.0443589064793216 -0.0227801289222735 0.0531565851453747 0.114149396768991
-0.0596517206927508 -0.0185107311192718 0.0934225540754583 0.0673585576673808
-0.0603468376945574 -0.0208352580804265 0.103416131909197 0.0175906691489109
-0.0669576079304317 -0.0349782293476155 0.120122520384099 -0.0113628240191723
-0.0557029182679667 -0.0695089810791102 0.127061544295731 -0.00533802953538177
-0.01604073539067 -0.0832265292312582 0.120486758525504 0.012678527068124
0.0253186509597611 -0.0897151790965321 0.13295484152934 0.0287740500222686
0.0672229193243693 -0.0812605403763591 0.146242050712866 0.0244464278802698
0.102731539787711 -0.0496561229422532 0.170489117167294 -0.0112327438249467
0.128573861838059 0.00262540602919451 0.0891691476426428 0.0104965906656179
0.097157262790357 -0.0296574329880784 -0.00581392961313717 -0.0575504883740768
0.0715695173673698 -0.0410630065214998 -0.0953957596826773 -0.0367857096267473
0.0402618837564148 -0.0637678334713055 -0.138330188620919 0.0444098895049135
-0.00162321637174803 -0.0845294633002522 -0.0884899347484478 0.113313945746503
-0.0449722089473011 -0.0736749122763297 -0.022250764134439 0.127439468921797
-0.0698612867754429 -0.0511246413044778 0.0304690240749461 0.100891591834988
-0.0888381852829096 -0.0431761601974786 0.0657485986594945 0.0574481881596017
-0.0901903085663132 -0.0434872708073703 0.0715574807187198 0.00546435091644813
-0.101117979208811 -0.0619149025648593 0.0894130576658953 -0.0334329176919961
-0.0862212584228744 -0.110128956605993 0.108996581460629 -0.040295207257701
-0.0290513005086171 -0.13552442260607 0.122911081222357 -0.0175180639013949
0.0469931380552727 -0.145724495128444 0.133338765249514 0.0203557501915909
0.119291110002767 -0.118231313165723 0.123960608468509 0.0360394035677242
0.1583928545424 -0.0618756043087652 0.11866142270414 0.00378213926671094
0.166660268724843 0.0177067178826714 0.0312060026361768 -0.00173757875567518
0.150405286221261 -0.0333424402648522 -0.0424418986483622 -0.0677206693571561
0.119236177834645 -0.0690505537653187 -0.112628965193397 -0.0507482436209501
0.059147736371572 -0.107138294245153 -0.140527313815968 0.0291706023765417
-0.00589977453860628 -0.123463773317103 -0.0944573161904769 0.081662936070264
-0.0607089111851632 -0.103058901847894 -0.0447240798058576 0.0971378516458
-0.0872277310828903 -0.0720841215685199 0.000603736456442291 0.077573062811719
-0.104782247311305 -0.0605206719277101 0.0288706498171234 0.0388225860677068
-0.1045831634097 -0.0613529440599233 0.0310854734451315 -0.0113058026142868
-0.117586929272338 -0.0810062001079503 0.0507543035305813 -0.0551228787202028
-0.0999747384757471 -0.135344066205505 0.0815052872059634 -0.0729372066492657
-0.0339969908904464 -0.165866607134531 0.11683096690503 -0.0469907809487234
0.0630710963714103 -0.177562951761207 0.129147502902527 0.0151239112116963
0.154565755766454 -0.133825725819182 0.0970701638144969 0.0535834000904555
0.18942698631183 -0.0594162066288078 0.0558235882936197 0.0202172079558128
0.178175750216574 0.0258458567699899 -0.0402093277129379 -0.0110088934483948
0.176873531186544 -0.0370532821029028 -0.088303138108401 -0.0676242053557526
0.142927322873738 -0.0902419624644524 -0.128230640292293 -0.0569665245472172
0.0624405650178297 -0.135458625437876 -0.134624884503246 0.0087427647153725
-0.013555712680492 -0.142169657982672 -0.100082042095378 0.040206546360461
-0.0692734854153266 -0.114695314274403 -0.0698763084864465 0.0591308562813585
-0.0930410338355518 -0.079272948018999 -0.0334559174795908 0.0476477694596713
-0.105802917424131 -0.0690341753389708 -0.0119028292517975 0.0140481476574728
-0.101555823870524 -0.0718521197156433 -0.01041694363112 -0.0321773518206952
-0.110973410004272 -0.0925616870352301 0.0130824100296315 -0.076969283206423
-0.0881654202553215 -0.144750803272698 0.0547697879401232 -0.100301230342642
-0.0193573309128694 -0.170659752204758 0.108711946313071 -0.0682970661534236
0.0811975681582509 -0.173519084712299 0.117611959138919 0.0141152600887784
0.172000019371612 -0.117258901091782 0.0652863101399071 0.0689970337119019
0.193594584055825 -0.0399493917074766 -0.00981543474187063 0.029218598123186
0.158434413740001 0.0273569898412791 -0.111593004526722 -0.0115986446400681
0.166216944958621 -0.0344376340027005 -0.131300265067248 -0.0534323742741863
0.134426128605532 -0.0928995609966801 -0.136662686697832 -0.0524981920683658
0.0516440619891079 -0.133964674068415 -0.122615069110533 -0.0117086405475253
-0.0191004580210758 -0.131178393899877 -0.107138350875531 -0.00128452193609102
-0.0665511667590155 -0.104406018239707 -0.096429488602326 0.022062814232701
-0.0848203481223739 -0.073047506500175 -0.0682109848140865 0.0179617535280614
-0.08956503281725 -0.065728739236306 -0.049160193366984 -0.0137568509638177
-0.0840488721409301 -0.0730712815734078 -0.0451815635687597 -0.0567444602040302
-0.08622626065739 -0.0928943817166641 -0.0131306223568483 -0.099126256527541
-0.0567058611265191 -0.134066795391571 0.0385034331453237 -0.122136587475482
0.00872546587097443 -0.148104800583142 0.103172983513866 -0.0811601634265664
0.0967005519820043 -0.136411064914006 0.103246625747181 0.0145440852564095
0.166846221023755 -0.0765901198757814 0.0330434424034531 0.0735346480900729
0.169996457901956 -0.0105291762571817 -0.0684988320038181 0.0257273021272299
0.110664873537652 0.0270770864021501 -0.168226643001966 -0.00233823840769544
0.1239058111379 -0.0212781719236109 -0.157403996127368 -0.0296035366597023
0.0997272612561637 -0.072094478056995 -0.136832918564421 -0.0420831253576068
0.0331035392589685 -0.0991698665732341 -0.109682464726012 -0.0275388513673123
-0.0163897836773216 -0.0927844906808136 -0.114412534674692 -0.0317248054221897
-0.0476979094072676 -0.0761512974769665 -0.118167687724284 -0.00452744374945509
-0.0607530498852282 -0.05549186638317 -0.0972317536787342 -0.00569349663304054
-0.0621505422825898 -0.0534755621265242 -0.0789975131841997 -0.0380023148141032
-0.0546459676261682 -0.0611836743756038 -0.0676462685150944 -0.080854126738688
-0.0513510175804976 -0.0775286533040855 -0.0242818685266887 -0.11995741524355
-0.0196824566065989 -0.103974962357119 0.0362601944479414 -0.136091991876862
0.032579433803534 -0.105814669762176 0.10304045010924 -0.0846134962208229
0.0976121093802127 -0.0821550365873828 0.088673733352915 0.0119577588829416
0.138142224030984 -0.0262426587619992 0.0054181282795152 0.0633448713115834
0.122883125748689 0.0181819602524189 -0.110130917398097 0.0100810123281193
0.0447511912505585 0.030154887899734 -0.197551240337704 0.0123802402859633
0.0639527212061399 0.00348912493789128 -0.16264303962117 -0.0080063386220094
0.0527612723853409 -0.0318295631767251 -0.130962048288806 -0.0310680271347298
0.0167844028708799 -0.044229220940737 -0.102098313484311 -0.0351971606893882
-0.00275443478263149 -0.0379673133794869 -0.120815033961296 -0.0422578829292927
-0.0153020339523219 -0.0383610811108635 -0.129907768495465 -0.0146204685696412
-0.0245950482011787 -0.0325991836613559 -0.114932055728703 -0.0192870690257135
-0.025325225347811 -0.0313084856405067 -0.095427485159622 -0.0555839253603849
-0.0214617742914346 -0.0385626596070232 -0.0775086970342488 -0.100392952451503
-0.0168149809666978 -0.047839982529345 -0.022536141073786 -0.135585208233168
0.00579741972059375 -0.060387481810284 0.0437289226532179 -0.142832959033759
0.0372271976685872 -0.0579060095125683 0.106039521516619 -0.0822472051152517
0.0772611111528253 -0.0328389186735543 0.0791441954340262 0.00591177336496729
0.0882627836204749 0.0134781009489057 -0.00874358467361574 0.043397471355154
0.0589942388831426 0.036707343443348 -0.129217770497572 -0.0117996017411656
0.0083819582957949 -0.0289590312685499 0.136052377013493 0.0085924961337234
-0.0288208548332631 -0.0178606197298031 0.0241223243206591 -0.0494641840008601
-0.0288745475617574 0.00517234616635908 -0.0770230403001267 -0.0141685766144814
-0.00851270906059669 0.0148469992919454 -0.119168515251387 0.065662039248311
-0.0037377125266806 0.00632008033669574 -0.0600353194531061 0.143265892449997
-0.00886941964115641 0.00625336723314144 0.0211274244815351 0.145168753591311
-0.0133021371599542 0.0086467495878151 0.0697027284543427 0.106617146704305
-0.0199797849712669 0.00856254474319725 0.107722588923661 0.0591593627611926
-0.0202351410359215 0.00571760995567702 0.116531387072661 0.0174330334972915
-0.0231526623724622 0.000170403437103967 0.12952257651751 0.0001175045134583
-0.022311762747838 -0.012629442245908 0.127799198153942 0.0155787471543581
-0.0114369359865153 -0.0152596186062597 0.111672345592365 0.030084700153323
-0.0115604483579357 -0.0239500806949362 0.128956248680036 0.0276258070185548
-0.00294972089622465 -0.0369806108214746 0.158290677229984 0.0135967392437112
0.0280037612053046 -0.0317328159126305 0.193263095627385 -0.026959141173007
0.0696011757280182 -0.0186719948683541 0.122159873363267 0.0118827832950739
0.0299511296967429 -0.0275376581548842 0.0152265033359715 -0.0468382837936995
0.0159782612691166 -0.0184028679831951 -0.0804805756295368 -0.0203895741134167
0.012804208745218 -0.0213944508545249 -0.124410025363439 0.0580525901217537
-0.00482804309386882 -0.0367438547421921 -0.0716372738101301 0.131660701538586
-0.0290476167944602 -0.0312070981800601 0.00381087230017519 0.140067452981086
-0.0435280653493489 -0.0189999451019395 0.0561171942011906 0.106246086988705
-0.0583319490165118 -0.0148552017980054 0.0932406405075661 0.0597869940063311
-0.059628981893187 -0.0172306078370035 0.0999611420279801 0.0119894942834545
-0.0664645659448754 -0.0308370925533899 0.113768216489796 -0.0166005643170508
-0.0571964863389456 -0.0634383580005562 0.121651576675147 -0.0114738895530473
-0.0195443577530937 -0.0792844276113334 0.117120569934834 0.00818100888384315
0.0197779239127098 -0.0875829858886376 0.129348611775969 0.022528740158015
0.0602848261419022 -0.0809484121026239 0.140769823116329 0.0182895674784422
0.0972001595219055 -0.0522667629358168 0.162411405179235 -0.0174758015886774
0.123450962622016 -0.0037959162609604 0.0860936386476183 0.00716124923078768
0.0906893127338912 -0.0331480421682392 -0.00776375202767658 -0.0542531969721222
0.0658127165081539 -0.0435428101945361 -0.0939804627121668 -0.0326577018344615
0.0358018762303563 -0.0628641091915171 -0.130620718442959 0.048103467571539
-0.00632303319628011 -0.0799509701376382 -0.0799500484305009 0.11210415952705
-0.0476406288831528 -0.0674695734807708 -0.0151827066625848 0.123374838474983
-0.0696964221869679 -0.0448843757276798 0.0340605392831897 0.0949492252527559
-0.0877306942559796 -0.0360702064309774 0.0659572204074754 0.0512616083786728
-0.0896705508717272 -0.0372003332450883 0.068714422737394 0.00218282872668993
-0.100227551114406 -0.0541532277258402 0.0836318804049216 -0.0361869506297158
-0.0888525197932053 -0.100714133061577 0.10244712323388 -0.0437583900839781
-0.0347664036852385 -0.1287566223216 0.116815452274186 -0.0212435186714148
0.0372637889151864 -0.141761502449555 0.129600522693852 0.0145605161426564
0.108207913658804 -0.119023310266871 0.120029473171132 0.0308817429968591
0.149807710840683 -0.0657811746131065 0.113515085885398 -0.00108773559717145
0.160487367959519 0.00915942355617598 0.0299529191129859 -0.00173897167932578
0.14138138167664 -0.0390133870571294 -0.043127937546589 -0.0625956218684451
0.109951055844823 -0.0723739115420193 -0.1115157882526 -0.0445182470200606
0.0514177262573716 -0.105561048386242 -0.133246939914372 0.0329085936908592
-0.012224418281573 -0.117163398922838 -0.0872917528940755 0.0820812229115169
-0.0640323384518306 -0.0946816400998445 -0.0379318301330234 0.0950547162189024
-0.0877659450714891 -0.0640437850258549 0.00416552391075645 0.0742143854496147
-0.103745356384061 -0.0518484781376318 0.02984937177977 0.0354245420761163
-0.10439068196225 -0.0534084488975053 0.0291484384396796 -0.0117777680636212
-0.116760410721178 -0.0716547448779378 0.0452816466220605 -0.0550467051150216
-0.103886482024077 -0.124335668056518 0.0744547950677214 -0.0744274682063947
-0.0412784388754472 -0.157665311881828 0.110278003942526 -0.0490433711763689
0.0506051874269086 -0.172573654351092 0.125572455336459 0.0101144097491998
0.141232880282994 -0.13563962755939 0.0959882704317173 0.0481691206389222
0.18026843637499 -0.0650624827473595 0.0540307364181364 0.0174092311370709
0.172392207586188 0.0157628592956996 -0.0391925192104373 -0.00802868438956866
0.166649931072438 -0.0433540271024898 -0.0871952249883755 -0.0606187462874295
0.132121579674383 -0.0938488417437005 -0.127013289844136 -0.0503239902952418
0.0533475818510181 -0.132889346099436 -0.128609001228684 0.0130026947243002
-0.0205403502704449 -0.134708878219371 -0.0955633367451303 0.0425407516359832
-0.0726978813278102 -0.105373820506962 -0.0647203813746967 0.0602544053147629
-0.0937593203330707 -0.0708331918354795 -0.0304479537629356 0.047346421162845
-0.104522259107353 -0.0597752560095543 -0.0107611950347444 0.013728594529518
-0.101577462218852 -0.0639654713448725 -0.0117725117973085 -0.0299231655818356
-0.111977469604074 -0.0833092559144303 0.00834449314919382 -0.0737183026998222
-0.0928603029444739 -0.133107981304781 0.047012594755575 -0.0992667421467421
-0.0272526552497626 -0.162332835489787 0.100811022971523 -0.0691444847721103
0.0683496675383038 -0.170246807722852 0.114951959777472 0.00966135850543548
0.158858563024574 -0.121756242811988 0.066615856981754 0.0650063156489248
0.18459738909147 -0.0465409068784697 -0.00841011257129515 0.0289769847055561
0.153918394558292 0.0186536746167666 -0.106975153316259 -0.00564155323381484
0.156943192962499 -0.0406632113180128 -0.127422938624375 -0.0450937802193124
0.124212173784634 -0.0961207227334513 -0.134218252398346 -0.0455478994855331
0.0426320125953888 -0.130405647384057 -0.117781104255214 -0.00747442725405408
-0.0252373678840172 -0.124371808841619 -0.104496680597592 0.00288955022816288
-0.0691986255935023 -0.0956114923238728 -0.091868046455078 0.0262150550488842
-0.085489005372623 -0.0652098485257719 -0.0642536891422607 0.0205292009236597
-0.0898630983513674 -0.0580858894611529 -0.0483585634999526 -0.0106026536130632
-0.0843476128155084 -0.0655167482649264 -0.046571700034162 -0.0515589773287839
-0.0867803837792684 -0.0841598551561913 -0.0178157972940266 -0.0942120929764916
-0.0611509706886708 -0.125107605904475 0.0301671767582449 -0.119376199250869
0.000538483333030372 -0.142139415335823 0.0954876150985354 -0.081579365127867
0.0852036818499759 -0.134255238040557 0.100487710628358 0.010501237132664
0.155913716726535 -0.081106755153599 0.0357068466254342 0.0697517438029985
0.162898419971796 -0.0171006594957739 -0.063959144515471 0.0277589536340087
0.107163698324751 0.020553901041117 -0.160911422303232 0.00558884550789091
0.117320282305946 -0.0257526741392679 -0.151670954930083 -0.0217891198641083
0.0917411894813588 -0.0735583851458668 -0.132768123565357 -0.035083130031899
0.0265480596396248 -0.096240914377639 -0.106136377036474 -0.0232248620129552
-0.0203665271344351 -0.0869312046599904 -0.113504279689168 -0.0252718588066792
-0.0497851577678327 -0.0693891871527641 -0.114270434711314 0.00241210425218576
-0.0613138797417682 -0.0502821013176443 -0.0937961164534123 -0.00125308830123384
-0.0612752561596542 -0.0472423930920029 -0.078050464927206 -0.0322999958202058
-0.0555720736295771 -0.0563832646196858 -0.0698390740195859 -0.0733709454715163
-0.0526592915612848 -0.0719599928175987 -0.0288542762765435 -0.113950856904528
-0.0240965487311389 -0.0979364133088604 0.0277702548062731 -0.132886751721292
0.0258788018981566 -0.103185179660808 0.0945469113057336 -0.0850325902507065
0.0890089305554091 -0.0828239211679841 0.0860963196656175 0.00894557179168333
0.131226561587911 -0.0319693236884474 0.00897680834229928 0.0609344732045497
0.118955829350098 0.012593774879237 -0.104503894646342 0.0148562199930109
0.0440119698535527 0.0264208324199621 -0.188725490786024 0.0203852525186249
0.0613476669314548 0.000889106027874241 -0.155318181954453 -0.000955848973769623
0.0484042823455876 -0.0324096212459 -0.12695240166979 -0.0246947108153569
0.0144089487713967 -0.0428180194800358 -0.0992859204959976 -0.0315394923772578
-0.00424222553983379 -0.0358709807166576 -0.119512402906926 -0.0349273238460855
-0.0168255312826433 -0.0352733604712238 -0.124621215628768 -0.00737232174208358
-0.0252950798487609 -0.029706410881042 -0.11112515721484 -0.0133500456690641
-0.0248427833277287 -0.0289404195965911 -0.0948885673733065 -0.0481442040807752
-0.021989586761591 -0.0360180338096277 -0.0794733370826247 -0.0910705466650158
-0.0190490577662235 -0.0443923335641645 -0.0280843511549767 -0.128908440826103
0.00248645650357878 -0.0577391893734496 0.0353338870074853 -0.138632769839594
0.0328554401372435 -0.057276963881466 0.0985475965441665 -0.083310871543634
0.0720869854105933 -0.0342403868613468 0.077107434840412 0.00329306415431712
0.0855718620455215 0.00900277933070161 -0.00570024479172454 0.042364550066486
0.0585521960667497 0.0324889497519208 -0.123870499769461 -0.00558106082995898
0.00527116284692555 -0.0293970321185162 0.127810162067287 -0.00441908372274324
-0.028861332004067 -0.0133817484482051 0.0182359464132188 -0.0492625194727443
-0.0271455974106667 0.00830566700318932 -0.0730341632442184 -0.00552485853259337
-0.00620514196570127 0.0144843146715867 -0.103742270014816 0.0759246974760863
-0.00343078061829455 0.00596378161800097 -0.0385643434481344 0.141150223309341
-0.00732944311876063 0.00661959269199191 0.0360855725396085 0.133285051931235
-0.0102999485655292 0.00961256624021246 0.0785041042654715 0.0936749817824952
-0.0178521803715184 0.0104996987643845 0.106665154303097 0.0426916197414388
-0.0191424537535659 0.00740948670189838 0.110328796423143 0.00359088752898148
-0.0222428183481891 0.0022325885589968 0.119947851717764 -0.0147414333064855
-0.0231946457943431 -0.00957530091552958 0.121086544098993 0.00170301482438103
-0.0122514921786863 -0.0142002631549327 0.10885452336154 0.0173944871535611
-0.014663906145538 -0.0217279396998675 0.12336054885103 0.0122754471573351
-0.00670159887159914 -0.0346388516730541 0.147900950416921 -0.00637882978210556
0.0219491050115853 -0.0350653536059723 0.178874388293249 -0.0464242074702633
0.0654776811970936 -0.027388605001343 0.109930619118598 -5.35659036380881E-05
0.0247326683456464 -0.0286721130998608 0.00826757453772616 -0.0449300057753273
0.0112415613042038 -0.0183014549243598 -0.0800785607516504 -0.0109653816163012
0.00962949914044583 -0.0211852193972853 -0.110604958823725 0.0704562075671072
-0.00902842355821847 -0.0332212109634943 -0.0514805640670262 0.133373284762951
-0.030574432857563 -0.0258482087833784 0.0183110882851175 0.13196456507203
-0.041878069896103 -0.0123962596195027 0.0641670671656621 0.0961723100157975
-0.0559770837543965 -0.00694423832133552 0.0929843640982188 0.0443175566751638
-0.0581135134994143 -0.00949127238423516 0.0935342063534568 0.00113355501178227
-0.0655957072010697 -0.0208747186542711 0.102204164796255 -0.0287765731218094
-0.0622432568031626 -0.0519904948074658 0.111415909595774 -0.0230598659085459
-0.0278870018954142 -0.0721232932894322 0.109642695875107 -0.00441570937285067
0.00632210421568103 -0.0838656048509927 0.122811281788909 0.00489899178304311
0.0456652485045913 -0.0821985673521855 0.133402923394804 -0.0029856325975395
0.0826952330590757 -0.0614358492415503 0.153020218367133 -0.0348367518584991
0.118794206652312 -0.0197538349887364 0.0708444116861703 -0.000544325082821666
0.080491311975471 -0.0399348156143905 -0.0157542422031108 -0.049048424328833
0.055591941421487 -0.0476068378091451 -0.0960039504087642 -0.019501822344102
0.0264528623650748 -0.0621472886986294 -0.118912657394966 0.061877799984373
-0.0152258890832441 -0.0734786437168073 -0.0630401500270685 0.117183061609637
-0.0513024464989461 -0.0567304109876684 -0.00168800632337406 0.120222140582299
-0.0693635941035774 -0.0334719345590299 0.0410427054601714 0.0884433014461044
-0.0859602386201155 -0.023181158102427 0.0668050498486411 0.040166242136183
-0.0888322255042588 -0.0242922210121718 0.0629967233785961 -0.00443248015922104
-0.0994779309079623 -0.0384267793909071 0.0704170299137257 -0.0432037424016639
-0.0961818840203284 -0.0826753222993328 0.0884028209287483 -0.0509291576292065
-0.0475635355813834 -0.11596589155796 0.105041421588461 -0.0322287154819616
0.0153922240209106 -0.136942530306026 0.121229787186028 -0.00316554505113945
0.0852271019022769 -0.12225383476517 0.117157231658351 0.00835102448479121
0.129460381302254 -0.0791264373015414 0.111292919101093 -0.0148121726155352
0.15588501135881 -0.0121550400627497 0.0145375957929017 -0.00285362517557133
0.127326735100939 -0.0510595748014561 -0.0515753477984014 -0.051762263881981
0.0931411619525911 -0.0795792696792764 -0.116074239626502 -0.028260543534737
0.0364912840278387 -0.103301031992867 -0.124774273783629 0.0486779139091012
-0.024851234931017 -0.107102068590131 -0.0746494292167482 0.0913392698409653
-0.0693637608048179 -0.0799980875682767 -0.0269398651163042 0.0980727765848386
-0.0884838600030721 -0.049149075411101 0.0100059702421768 0.0725463772304054
-0.102407602111397 -0.036440865659971 0.0312343658437274 0.0299084358389211
-0.104487019073939 -0.0377355614694934 0.0237727301525509 -0.0126576129609698
-0.117150465150875 -0.0523207754240205 0.0323680341290226 -0.0554534212531688
-0.112788075181209 -0.101413184017477 0.057323999739189 -0.0759021177357416
-0.0570723908375139 -0.141797528663056 0.0938471415684989 -0.0585185915523844
0.024100844711097 -0.167131648466148 0.115927637305245 -0.00860645970009579
0.113546785765412 -0.140845145547131 0.0970886843406316 0.0265131280434329
0.157196229545348 -0.0809931828773691 0.0587889040009681 0.00855477800225534
0.167569348229962 -0.00646269216610301 -0.0514207125752607 -0.000917880618057088
0.149966044419878 -0.0575596991962432 -0.0933901276803426 -0.0447478671202891
0.111603585555491 -0.102329116137135 -0.132464861674848 -0.0307808646961685
0.0356603845743872 -0.128924347501006 -0.124053603093155 0.0304912819874624
-0.033923653107631 -0.123296134314652 -0.0887456139098867 0.0558126288596914
-0.0792357678025532 -0.0892649247629097 -0.0557204741322352 0.068965199599073
-0.095045564524814 -0.0549513086045559 -0.0257370912229995 0.0505360598038187
-0.104100996535578 -0.0436122856209539 -0.00903694870217008 0.0139044419695367
-0.103717002997998 -0.0479744894244712 -0.0165041229093568 -0.0252664249307379
-0.112955354694347 -0.0633615565581467 -0.00481982584478728 -0.0694178741443186
-0.102831039419149 -0.110935715992267 0.0294903383083045 -0.0964859804219922
-0.044882549217235 -0.147034168015601 0.0832241071498439 -0.077120858538961
0.0407998738288525 -0.166093166608505 0.107145615351536 -0.00744512954630628
0.130988442887237 -0.129476112975238 0.0733770907573549 0.0450090441842192
0.163186761068405 -0.0641329535262601 0.00130346420906404 0.0274756600901314
0.149443869931632 -0.00126012097386775 -0.114875198941311 0.007792237539599
0.140797421165177 -0.0536799326557059 -0.128443314585273 -0.0254577687536539
0.104257647761518 -0.103111947008987 -0.137841629924845 -0.0248808560648663
0.0259207503643912 -0.12543795328609 -0.115935187195443 0.0100506203385248
-0.0370187217482844 -0.113135330666469 -0.101411726609036 0.0200273336258969
-0.0751718162680683 -0.081151236920846 -0.0846836401784283 0.0403777437793365
-0.0865826329176562 -0.0506157326598037 -0.0622734068668565 0.0289496335614694
-0.0901077091032254 -0.0441043850256271 -0.0469660366663706 -0.00385535780257378
-0.0871334426280202 -0.0510611643892295 -0.0512736507251045 -0.0414321062147186
-0.0905473102303974 -0.0667783603639713 -0.0311720893961712 -0.0851220477486026
-0.0728991586364162 -0.106587093592984 0.0116860729188732 -0.113993523751267
-0.0166438706056115 -0.13094907219129 0.076956205281596 -0.0886737157803898
0.0614461093985128 -0.135442511602054 0.0948424577277344 -0.00498746400707907
0.13323998353501 -0.0926136911585385 0.0465488701795359 0.0551018253439308
0.147821347430912 -0.0343484760700258 -0.0521299469853582 0.033593558360277
0.105169955190709 0.00666063950162737 -0.159875455799209 0.0224943608102357
0.105731400271223 -0.0358535689270069 -0.147112230996545 -0.00268513414551932
0.0764271900175312 -0.0787778767837068 -0.133913859470487 -0.0160939958369657
0.0149172617298212 -0.0919890337561179 -0.105773874137728 -0.00784294995390374
-0.0282093351979567 -0.0794087259136888 -0.112664072517372 -0.0066698864694507
-0.0542310464001088 -0.0589000981213558 -0.107767666229469 0.0182951441565886
-0.0629495722305321 -0.0389715011155351 -0.0917661375462449 0.0112145530318507
-0.0620762428074178 -0.0369842095225604 -0.0774006964712581 -0.0206593320052235
-0.0583835696945496 -0.0454175927909773 -0.0745160173649661 -0.0601277567632143
-0.0566881055626063 -0.0587111574575531 -0.0433246607884647 -0.102503885440805
-0.0346377806595036 -0.0864513029489138 0.00849812786736486 -0.127052546133037
0.0113306410053365 -0.0977868637550055 0.0782102083642004 -0.0925017270962539
0.0709668661715787 -0.0878331299266336 0.0821729646537166 -0.00373486229225715
0.11616323372273 -0.0436572058084536 0.0206298255091519 0.0517072594350413
0.110450468386116 -0.00150719153733902 -0.0931943885317532 0.0257076274918888
0.0449363620031336 0.0206031668269396 -0.179421207017592 0.0376089227615401
0.0559692501793055 -0.0050324506469243 -0.147682103434951 0.0152396840078613
0.0408499555624986 -0.0353907539426023 -0.124863069617789 -0.00899629169186224
0.00863069989060856 -0.040455472866675 -0.099749194677093 -0.0165784635587372
-0.00787928810333557 -0.0334123435137335 -0.119045076118588 -0.0166000965562284
-0.0195045894037337 -0.0305621396756954 -0.119039905385125 0.00892731287235604
-0.0272170981380123 -0.0241527467004142 -0.108285839779301 0.000942299285539061
-0.026056744036428 -0.0240161713077593 -0.0945915577803317 -0.0338664134644476
-0.0249240111716176 -0.030473169832394 -0.0848251778228892 -0.0756480243279159
-0.0219307623958314 -0.0370654106703777 -0.042326042914822 -0.117095671898861
-0.00443511000497095 -0.0528060889148397 0.0162325308704352 -0.133769652119928
0.0226140831981618 -0.0565357364579555 0.0822631958821439 -0.0903498143266606
0.0615030280843111 -0.0409544772682536 0.0737316264227024 -0.00661392058122476
0.0794968511579967 -0.0013265790652213 0.00368067504619865 0.0389439679805606
0.0572606357932072 0.0237936218372617 -0.114942602161678 0.00939861713556518
0.00596947762816141 -0.02804428550023 0.12085917636417 -0.00224420569635511
-0.0269030552185212 -0.0129150601105045 0.0182381629123464 -0.0466783435415794
-0.0261505953771269 0.00698406792438208 -0.0694778938110009 -0.00729905566336361
-0.00624305579773251 0.013515431662626 -0.0998795697730355 0.0692700915584307
-0.00377357128709897 0.00554235772980568 -0.0388771931439498 0.132043149402985
-0.00688911855823001 0.00628869970646175 0.0320248572152564 0.12611764393962
-0.010209052208232 0.00938182765350363 0.0729224465773233 0.0898744367195091
-0.0167957401062683 0.0098030083730285 0.100698669902374 0.0416156002819657
-0.0182298454774091 0.0068968067073372 0.104111223709018 0.00487933351273584
-0.0215175878156698 0.0015087577299691 0.113288902469657 -0.012822824827758
-0.0222130648093837 -0.0096005178764237 0.114859524828629 0.00286090997749824
-0.0114765961512053 -0.0138830094567305 0.10367196803038 0.0190602402103827
-0.0133607246327922 -0.0209867701627039 0.11637284458903 0.0142093386002185
-0.00583444595080693 -0.0327076173543873 0.138993975282053 -0.00212555624724261
0.021903383478455 -0.0328603485359586 0.169721522105415 -0.0399291036496156
0.0624481991805413 -0.0249133975644107 0.104418835880625 0.00242931089139843
0.0235549387492405 -0.0264761041882986 0.00917377950117183 -0.0423563326909327
0.0104447595762955 -0.0168780476794977 -0.0757532654156284 -0.0123166632828298
0.00906744614596066 -0.0201680456096463 -0.105626603138536 0.0634508006499474
-0.008207082717995 -0.0315412557746903 -0.0505150731711971 0.124429831144048
-0.0285944596150622 -0.0242301468427734 0.0149999687340644 0.125285538154343
-0.0399559879964849 -0.0120753723230088 0.0597287677843113 0.0914486003992909
-0.0532166244096273 -0.00695887495629333 0.0880940420982761 0.0431818496987263
-0.0555147253650503 -0.00965014657945493 0.0885207428758134 0.00252445676594362
-0.0622036481709308 -0.0211041221323133 0.0960673801241061 -0.0253162746754419
-0.0586154143616191 -0.0496631431094065 0.106222442587587 -0.0208361743335792
-0.0254259318773654 -0.0687490643558994 0.105015767110186 -0.00138294442905513
0.00713927926045533 -0.0790671345413137 0.116732968121523 0.00727211326185912
0.0443277828279394 -0.0768808107084003 0.126478957087788 0.000793321442453221
0.0799769357009293 -0.0562863723935048 0.144889730832953 -0.0295145369559752
0.112354285545764 -0.0171932405163645 0.0677616288710338 0.00129961112706369
0.0758229522939442 -0.0362508549618603 -0.0131492421533554 -0.0460742477849122
0.0523915665380732 -0.0443360931445266 -0.0909283477141552 -0.0211809925397352
0.0256350479948978 -0.0582151481541857 -0.11364550860892 0.0558022469311822
-0.0138714673865927 -0.0692672227424893 -0.0617734235753319 0.109479435842675
-0.0480983713840665 -0.0535739956190538 -0.00376660665537359 0.113996557476289
-0.0653333088098069 -0.032334137089327 0.0378545084352378 0.0840494859649361
-0.080894210692512 -0.0225942708983508 0.063081332372094 0.0379976183994787
-0.0847231319971766 -0.0240835128369007 0.0596775022103092 -0.00330067783012987
-0.0943179008394669 -0.0374191094259309 0.0669958832053716 -0.0392459564057031
-0.0904491575678915 -0.0787205370585714 0.0841991773659853 -0.047256520132009
-0.0436441105348293 -0.109946574166385 0.100082484105823 -0.0279419926471038
0.0162333994820641 -0.129155825553252 0.115838968486649 -0.000566790903649812
0.0819016614360055 -0.114427796602445 0.110540430449254 0.011407695860545
0.124350540217029 -0.0724583779583303 0.105178287977864 -0.0106257723507385
0.147838482808701 -0.00943461495847011 0.0144495213409568 -0.00214426670995584
0.119882293891115 -0.0458619828635358 -0.0468182079248404 -0.0491666219983913
0.0882712098123497 -0.0740540171994155 -0.110062535173725 -0.0303258358037497
0.0357882850714776 -0.097168170888606 -0.119261243279548 0.0428513311610012
-0.0223022156397675 -0.101278051699384 -0.0727931098592718 0.084290302182688
-0.0651535915221353 -0.0759673380923856 -0.0270516143830895 0.0930078668816039
-0.0837049068696255 -0.0471141317092959 0.00840518058979841 0.0690052530252997
-0.0970231604417787 -0.0350857687614506 0.0292635530801506 0.0278435543602376
-0.0994262108054737 -0.0368074822910789 0.0232791763787363 -0.0115655790374032
-0.110085218926291 -0.0511571202010677 0.0305971474195846 -0.0517813175427244
-0.105605707041671 -0.0966228344118076 0.0556970998165081 -0.0711412669112356
-0.0527302330760568 -0.134279609172015 0.0902337942568872 -0.0526236123243601
0.0245515142076571 -0.156543014233264 0.111784586070958 -0.00538873152634517
0.108362827082299 -0.131535495412534 0.0920889345143096 0.0280222532256066
0.150839581660249 -0.0738411731831195 0.0551214434605024 0.0103185957814783
0.158611807036129 -0.00374441324016629 -0.0481296770107644 -0.00186923344696189
0.141600641577246 -0.0519478669593437 -0.08639420138673 -0.0436188792258147
0.105908363416481 -0.0950290728355315 -0.125251755395276 -0.0321633880176578
0.0350837871232945 -0.121235535358284 -0.117754032450122 0.0249295713263457
-0.0312166414338815 -0.115951280771353 -0.0852899452993042 0.0513956045922358
-0.0744496169055047 -0.0844673052286912 -0.0537075971728063 0.0651201786113012
-0.0894082989658153 -0.052549460924416 -0.0252495237925891 0.0475720883360454
-0.0982295142358172 -0.0423177649041536 -0.00890553710002703 0.012597611602136
-0.0980619111485496 -0.045898317094695 -0.0149409494325214 -0.0237385085345872
-0.106502840391278 -0.061032173711718 -0.00386470359342456 -0.0653781432627415
-0.0977290143608917 -0.105299516755877 0.0285065090915216 -0.0910656154801573
-0.0412802189581327 -0.139158254152726 0.0805984435287511 -0.0705130485970724
0.0402719017151137 -0.155662034999894 0.102894679862062 -0.00416748034773142
0.1248774657191 -0.120860795759387 0.0699962667264506 0.0445730224063191
0.157192641109737 -0.0571468544609906 0.000749036186403969 0.0257737723025434
0.141160776352403 0.000484089967329985 -0.108091760159819 0.00577970908933025
0.133328863190521 -0.0482729416148816 -0.120043872393445 -0.0261908561331089
0.0987207893027876 -0.095687874608041 -0.130704494300097 -0.0270094971631876
0.0258963079784604 -0.118034955191716 -0.110026727071541 0.0057784366035732
-0.0337851789739138 -0.106495565841324 -0.0974310636263599 0.017117732774264
-0.0701321887618011 -0.076794840021056 -0.0808135867678612 0.0372799971917741
-0.0819777232728723 -0.0485104289209384 -0.0591365686483194 0.026482744679631
-0.0847959265854858 -0.0423106691408427 -0.0452069753507785 -0.00464578132729694
-0.0820519778457441 -0.0489012813369162 -0.0479575508864506 -0.0392919752883845
-0.0843493296121508 -0.064209659223337 -0.0282189032528592 -0.0805319303446436
-0.0681070919469591 -0.101212681504808 0.0118839316482157 -0.107780143142794
-0.0147558533456602 -0.123814581496962 0.0748126874463952 -0.0818378614322837
0.0593597744051792 -0.126407847676115 0.0909938627867136 -0.00154005726529712
0.126789224376628 -0.0856435296797326 0.0434155797939905 0.0538383838103343
0.140656094552759 -0.0297560432008118 -0.0498315945924493 0.0310275164413891
0.0991457610526884 0.00860095275538431 -0.151327237826308 0.0188109376735313
0.100139970375956 -0.0318060712324176 -0.138183351265012 -0.00537947919777504
0.0725437126847526 -0.0729109974705838 -0.126793367810824 -0.0184550018727447
0.0149385809705394 -0.0863046489658104 -0.100430816326997 -0.0111690183871688
-0.0257869607560042 -0.0748891615938762 -0.108178902788878 -0.00799943129532879
-0.0505941449285359 -0.0557050164985769 -0.102078169406418 0.0168082922871865
-0.0589130269904985 -0.0369472512546438 -0.0872237097206239 0.00970166653658684
-0.0588092269892146 -0.0359019487075854 -0.0733152537849463 -0.020680980537219
-0.0550775288336612 -0.0436380297975969 -0.0696858466507097 -0.0567540090446118
-0.0525065629245408 -0.0554730745094641 -0.0395482737778295 -0.0971365486156081
-0.0317030353368077 -0.0817228319968597 0.00973307765579803 -0.119900930308258
0.0114396822739149 -0.0919104227312024 0.0749616626420692 -0.0855747214719413
0.0679581202933856 -0.0807481260267069 0.0788344849542774 -0.00107351373025182
0.110138892047318 -0.0397158365459325 0.0197137976098098 0.0505406535027728
0.104945168375442 0.00072625362755213 -0.0879362706047315 0.0228617628911681
0.0419668467343609 0.0197445937658921 -0.170327519451957 0.0324082155062022
0.0529186138176474 -0.00354114028383839 -0.139501885638278 0.0113099576908419
0.0386690495119553 -0.0323615343305009 -0.118172713353585 -0.0109236362400008
0.00876106524720362 -0.0377880693252729 -0.094769713701812 -0.0197962679063878
-0.00684262198537285 -0.0307774128552589 -0.113155831487973 -0.017496725428832
-0.0182263889266554 -0.0288012953394242 -0.113024240983395 0.00730286844313804
-0.0260878936522707 -0.0224657816849359 -0.102821244621622 -0.000357211357960278
-0.0236697007932159 -0.0233680237069464 -0.089110783032853 -0.0325490852905907
-0.0228860602306183 -0.028912870643156 -0.0797320496428175 -0.0720854444054431
-0.0199210129680529 -0.0352302987985376 -0.0379928694368605 -0.111121570323774
-0.00387763293336568 -0.0498907146095966 0.0172028743418024 -0.125898366008021
0.0220946283133864 -0.0524949047447792 0.0792064550104396 -0.0837737958771955
0.0581557798116266 -0.0374490122224863 0.0705034102260257 -0.0036483286249093
0.0746407277870619 -0.000332491051506867 0.00420995330219144 0.037840490156427
0.0534962277796211 0.0236124073317201 -0.108332034059291 0.00679275025621861
0.00736101111347857 -0.0267915204590152 0.118107788018027 0.00300914487405742
-0.0252076110575258 -0.0135526958026503 0.0197776523169808 -0.0450339202273082
-0.0258940942687041 0.00609532300504993 -0.0678423182177748 -0.0109788182695504
-0.00651813507871713 0.0124231785627077 -0.101279053157899 0.0627642409581932
-0.00359836653937982 0.00515365054929038 -0.0429163254298006 0.126271522074654
-0.00727875676409919 0.00550286694605549 0.0257500400057067 0.1238371203628
-0.00987351632144474 0.00863805097428895 0.0672217993738021 0.0909508882086562
-0.0171808137159131 0.00863544690235313 0.0964419527444886 0.0445478826776658
-0.0187208308028593 0.00555960178641369 0.101783304718576 0.00910952342564502
-0.0216157869462189 0.000184882104645744 0.110909140792366 -0.00807386345248971
-0.0215245246951196 -0.0103008229780521 0.112485004936502 0.00740649115667927
-0.0107468485131037 -0.0141807222644508 0.101336504059477 0.0242253424367337
-0.0120860987847256 -0.020773301145212 0.113212825213024 0.0188732090516518
-0.00393886732381159 -0.0320693108438886 0.1356062498876 0.00502045698334204
0.0230437121432816 -0.0318141758004466 0.167178703664867 -0.030287167645241
0.0624178639296316 -0.0215527775761456 0.101505322740907 0.00665489063265369
0.023989570099058 -0.0244625843854079 0.0114845870890447 -0.0411111541029467
0.00983082234702765 -0.0159876267489521 -0.073641062451881 -0.0159376787404378
0.00971811815369655 -0.0193430588885342 -0.107065723088374 0.0568437774256079
-0.00665751650375943 -0.03079720868206 -0.0545902125505953 0.118234285914092
-0.0271310548422933 -0.0239934494122503 0.00988799827703859 0.12205175901343
-0.0384235500022316 -0.0124597142281071 0.054202779018751 0.0918269688177847
-0.0513790401190189 -0.00840790836125977 0.0838164504763633 0.0450579040091501
-0.0545065843681607 -0.0115083541027903 0.0865266869972943 0.00616218313421069
-0.0603650551074882 -0.0232687908458778 0.0948754363823514 -0.0208739481849223
-0.0553698655426172 -0.0505160580451089 0.104231249119056 -0.0162680889861536
-0.0220408793302381 -0.0681273073513678 0.102486323410372 0.00361917472421031
0.00967558000658028 -0.0761070796754788 0.114555158245717 0.0126613101831211
0.0464613494616796 -0.0730297799464729 0.122678442206327 0.00810020203102992
0.080918554446505 -0.0515856298545445 0.143069758018882 -0.0211842950228475
0.110403171303987 -0.0118923305615654 0.0664731747789945 0.00432347097585559
0.0749185906479694 -0.0314533850492181 -0.00987394967259104 -0.0455007003382256
0.0518763480965648 -0.0404930075430484 -0.088555330090257 -0.0254682976894606
0.0268698986488464 -0.0561508316150092 -0.113557036336108 0.0480415781355431
-0.0107582026653275 -0.0669319597133989 -0.0650788935549046 0.103260734217646
-0.0452251394328564 -0.0533539514669582 -0.00785348590609469 0.110830466162073
-0.0628634872650122 -0.0337654204292378 0.0331278397568072 0.0833998607915433
-0.0785132724004586 -0.0244330837619147 0.0600105936444316 0.0393940846652653
-0.0820964144621524 -0.0267717163454608 0.0587071193815912 -1.59503298776163E-05
-0.0911863410047611 -0.0406577831978368 0.066440932509836 -0.0351948660044828
-0.0854425020412083 -0.0787081333342907 0.08383947370994 -0.0434151254490354
-0.0387743435396667 -0.108377374855053 0.0994792527589001 -0.0221968602381086
0.0203143862284335 -0.124501849661466 0.113937865460173 0.00559866799125237
0.0844742897500201 -0.107483249787338 0.107301964675612 0.0172676828498783
0.124708120185927 -0.0651976706714458 0.103629519313802 -0.00512449139542762
0.144403636294175 -0.00320926064124194 0.0152853609065634 -0.000795858210827831
0.117959614967606 -0.0395260206533316 -0.0422626981737253 -0.0501331567620129
0.0875362664975898 -0.0680997316711825 -0.106415752093494 -0.0348620186358396
0.0380444438235805 -0.0930310329775158 -0.118602263655235 0.0357070296567926
-0.0180528305313466 -0.0988129670584063 -0.0754072248847149 0.079451159066782
-0.0611710851534808 -0.0758683887917868 -0.0295955623339133 0.0898448758580772
-0.0798391495588373 -0.0483642333699257 0.00569293368464201 0.0669554830312129
-0.0933606415073553 -0.0375255976838082 0.027628522216114 0.0283965038484919
-0.0963017002537568 -0.0391290600373629 0.0235875639571661 -0.00957524110175409
-0.106313299509417 -0.0539515579744956 0.0315632018961275 -0.0486518065273626
-0.100562136181206 -0.0973773501731473 0.0565706543247289 -0.0678724941679215
-0.0473616034183589 -0.132711358744284 0.0906869373004436 -0.0468748597712424
0.0295034635101166 -0.151273776078424 0.110054847696008 0.000229171747725811
0.11079085075382 -0.123208627784127 0.0894527715113788 0.0326488203504469
0.150923858919337 -0.0651254799945335 0.0534418419559004 0.0129539254063618
0.154762693317169 0.00243127506317706 -0.0458881004628207 -0.00339976205820415
0.139928878275141 -0.0443321162193977 -0.0808567438398087 -0.0458215259318636
0.105695915172019 -0.0884703339823188 -0.121201798730313 -0.0375150220455686
0.0381778806421331 -0.117216379292707 -0.116402123345717 0.0178925884397784
-0.0264813523823276 -0.113820379752337 -0.0861469473904652 0.0467244250421304
-0.0696502579749372 -0.0841094887467154 -0.0542703073416929 0.062007110406214
-0.0861130378612379 -0.0534623226810437 -0.0264070899959883 0.045470642833344
-0.094568057195661 -0.0448843018482283 -0.00978041141430861 0.0119828250310145
-0.0947372304324878 -0.0482731640655218 -0.0137754749750071 -0.0232700323287555
-0.102224451641416 -0.0635880455050983 -0.00151783780289681 -0.0628404583552476
-0.0916131511630346 -0.106162226293628 0.0310632506324178 -0.0883089136986235
-0.0357205952625842 -0.137202319723841 0.0815633121914338 -0.0650068963472745
0.0445395132943228 -0.149847061807075 0.101841816590501 0.00101290868443193
0.126070039053152 -0.112241662417406 0.0660497786873499 0.0481604774415891
0.156028691831011 -0.0493279530774189 -8.67205171687412E-05 0.0253665875611768
0.137959274234964 0.00676837956986521 -0.104341926505599 0.000978449652321547
0.131869459299426 -0.04143708071136 -0.114491427497934 -0.0306090037870525
0.0988588860933821 -0.0893691019733721 -0.126490588557799 -0.0322706618270142
0.0297251730505204 -0.113943941740509 -0.108527292225175 -0.000892255774717706
-0.02957733982444 -0.104975069373835 -0.0966943507759105 0.0129795791794341
-0.0653720449763903 -0.0767760971688925 -0.0803376698890297 0.0333029049221203
-0.0787476528841745 -0.0493265357238742 -0.0593452053807253 0.0231128454820615
-0.0810033206996158 -0.0447195516244938 -0.0441436379551316 -0.00553718869074782
-0.078759214694513 -0.0507601105378922 -0.0450899464278893 -0.039952823075635
-0.0805991842212187 -0.06511434825994 -0.0250702367358906 -0.0793223519724884
-0.0632742091573194 -0.100822195492901 0.0155614059419742 -0.104783533459998
-0.00949550674049962 -0.120884244444692 0.0754701431824474 -0.0759277176556244
0.0618844898755178 -0.120288956921004 0.0902624272899663 0.00289831772316446
0.126766262181591 -0.0784085696011094 0.0412539201491934 0.0548804325612284
0.139488730648502 -0.0225140712757535 -0.0494976956178173 0.0281102564351075
0.0966759327380731 0.0117708644452934 -0.148305987506573 0.0112729181946701
0.0984437501259129 -0.0264926726708504 -0.133879445734844 -0.0111983490401902
0.0725722518413336 -0.0677471030949509 -0.12285787009019 -0.0241206046046097
0.0177025433006439 -0.0829324863843624 -0.098542930179657 -0.0169719487542814
-0.0225804794384826 -0.0734571702080296 -0.105608137095859 -0.0119318445814236
-0.0472917491340982 -0.0555794834050985 -0.100659921794845 0.0130606339087237
-0.056564425356891 -0.0378228812537683 -0.0851012477536703 0.00578085859024842
-0.0558081165910193 -0.0373065292131332 -0.0716363475801038 -0.0226966034680987
-0.0520776163941776 -0.0442390060100298 -0.0664418560390068 -0.0574295354423351
-0.0491221931245586 -0.0559702514973955 -0.0350193149716623 -0.0959559916808454
-0.0283399596145588 -0.080722173628088 0.0137574280940956 -0.116093437367437
0.0144292782412618 -0.0888992767819409 0.0764991090170133 -0.0791662432835364
0.0693077566736499 -0.0755712318661035 0.0782741918481297 0.00359909231131073
0.108729611917121 -0.0342090752808724 0.0180753253410008 0.0502212160632543
0.102235315907481 0.00522998413291306 -0.0866315072557219 0.0192489767566075
0.0398474442688648 0.0209596299552512 -0.167286479024755 0.0242376451959433
0.0516464929325407 -0.000956942229150135 -0.135807516231615 0.0046761597858148
0.0384171156868524 -0.030139188433345 -0.114472874640313 -0.0162879026094976
0.00970291863870849 -0.0360459658384701 -0.0928867123661391 -0.0248015710817196
-0.0052943567937031 -0.0302056627506508 -0.111086514562231 -0.0213021355067844
-0.0168951384691638 -0.0288429398245427 -0.110365321010207 0.00286994181348077
-0.0243624839634436 -0.0221256149160447 -0.100165755732891 -0.00383733250042036
-0.0216773147100905 -0.0239330659350476 -0.0867633060072997 -0.0346901041467957
-0.0212127970236765 -0.0287237256717652 -0.0747175150757795 -0.0727556320324876
-0.0173953637907158 -0.0349571372490165 -0.0327545631455879 -0.108968904196206
-0.00167955380634113 -0.048240853794261 0.0216373186957374 -0.121737728566259
0.0236494032258089 -0.0504380887860456 0.0809253301006692 -0.0778272716208315
0.0576500746421427 -0.0336234840687938 0.0697659058949453 0.000534830039667248
0.0732799338731721 0.00266611843225456 0.00348378467900236 0.0370318450416759
0.051499587912797 0.0254762788774044 -0.105410173342363 0.00179213791431525
0.0089496573411145 -0.0270783517196472 0.120170467040687 0.00828165890406883
-0.0244603130945707 -0.0148321630318968 0.0225693653001617 -0.0450827830173313
-0.0266172976335598 0.00482068934501312 -0.0684964481491566 -0.0150895413714044
-0.00731513357869365 0.0121207741515614 -0.106659254145373 0.0590555540612856
-0.00354329538890228 0.0042796271083726 -0.0489890106234836 0.12558758122681
-0.00793676459746493 0.00544964388696276 0.0209840461887571 0.12651237295835
-0.0106435474276771 0.00827272965550176 0.0644123105854129 0.0946607703127152
-0.0175126731964796 0.00833795701605551 0.0965661279770447 0.0486922365376048
-0.0195906799657566 0.00527364691307048 0.103008646615987 0.0138982243382629
-0.0227033212480947 -0.000514262705336264 0.112165990715268 -0.00318932882056984
-0.0215600179125397 -0.011004977227926 0.11440570235833 0.0118322445877446
-0.0100041503688132 -0.0148389736053699 0.103128969052999 0.0301242317983636
-0.0113730235015395 -0.0216313683304344 0.114607692123611 0.0247720373389492
-0.00211188376107136 -0.0329010305131756 0.136942977161238 0.0123765980915513
0.0252221035743042 -0.0314316891216049 0.170859486965044 -0.0212357005627901
0.0642258097221599 -0.0196588578844027 0.103675422147534 0.0115111771655222
0.0250744635558734 -0.0234771317388821 0.0137708730679818 -0.0419752276566107
0.010452016408256 -0.0156645706008994 -0.0748989985388268 -0.0203118684623915
0.0102754858102246 -0.0191721162482809 -0.111503748197204 0.0521564314816714
-0.00603552202339687 -0.0315205803578999 -0.0603495822597016 0.116569532389943
-0.0268124966318924 -0.0256182088963363 0.00499859224467589 0.1243963863859
-0.0386648358958916 -0.0142835335241265 0.0513963860587538 0.0949208611552797
-0.0522099134330182 -0.0102810368776637 0.084009415988114 0.0488830909383309
-0.0554879747701826 -0.0135762818348507 0.087717699554556 0.010485111581535
-0.0609603950900157 -0.0256530939178695 0.0968699686617442 -0.0172306698987386
-0.0547378247640571 -0.0527955953798502 0.106413273339001 -0.0123096873351037
-0.020091015322665 -0.0698055171927514 0.105252114874111 0.00966275472043548
0.0129229022473596 -0.0770841954055516 0.116169945008813 0.0185844077400211
0.0502285518824045 -0.0723586563889314 0.124339191835058 0.014579561255939
0.0849603348392557 -0.0487581712985634 0.145928603349135 -0.0136125882373878
0.113084062993768 -0.00757293570009608 0.0684882095319533 0.00688783737888847
0.0774058199736789 -0.0287327229868692 -0.00666896223052714 -0.0467331516723026
0.0533149672990361 -0.0390116928338549 -0.0889149373804798 -0.0306406008722503
0.0292118741021054 -0.0554981629737584 -0.118520231559377 0.0429368347955598
-0.00889446451829749 -0.0685618358760696 -0.0707364780043548 0.101522695522869
-0.0439979672906329 -0.0554293136991233 -0.0126450242256397 0.112039170701397
-0.0624490756690462 -0.0357811706342798 0.0306780517420606 0.0860014936364724
-0.0789578614866023 -0.0277205258380675 0.0591981382217808 0.0423852007786715
-0.0833599729639962 -0.0301756607919758 0.0598998404185427 0.00270676076965739
-0.0912751345456707 -0.0448926631708379 0.0688330624406638 -0.0325810588445734
-0.0844505187322381 -0.0833727772053052 0.0867535594608289 -0.0408549636885884
-0.0357664883445764 -0.112269970232071 0.102644156049023 -0.0171170176703098
0.0254001895026005 -0.124859941764908 0.116189465510412 0.0112206310518483
0.0899046632800072 -0.106102314648763 0.10900665518656 0.0235194454519508
0.130767320754452 -0.0606240386078684 0.10565714720551 0.000220605650548275
0.146991068194433 0.00242928000228311 0.0163247015548916 -0.000761704010168819
0.121195396836003 -0.0347193969889429 -0.0393102533771729 -0.0526648475414457
0.0910837519972627 -0.0654283906595127 -0.106748303947281 -0.0406581416957746
0.0417700036263971 -0.0928603400190914 -0.12254483058165 0.029678938087419
-0.0146164700101401 -0.100533486328139 -0.0802940781623636 0.0765139854817753
-0.059188341965869 -0.0783817361422933 -0.0336781333242605 0.090152443338875
-0.0798724336833172 -0.0513451883371596 0.00288508485171846 0.0683165261565399
-0.0939229985911107 -0.0412043154494382 0.0261424077426298 0.0299043487995666
-0.0971211148029351 -0.0437262783964415 0.0246645188605745 -0.00856573311899383
-0.106761841189054 -0.0582194133935868 0.0340433155700107 -0.0481397611700055
-0.0989461902996721 -0.10187217918934 0.0596494691188316 -0.066881373484428
-0.0429896573415843 -0.136314596427158 0.0950162648174672 -0.042834348040605
0.0356166881219564 -0.152163305272199 0.11313938096613 0.00594109692330982
0.117628283663757 -0.12155630223488 0.0902683182819703 0.0385426642281656
0.156639992890393 -0.05913309629564 0.0544872738291844 0.0160729880175875
0.157480021059871 0.00909778631214671 -0.0452326039736465 -0.00587892651363354
0.143262490389958 -0.0393460457502226 -0.0786340378245099 -0.0494430835022996
0.110041587172751 -0.08463127669763 -0.121253613111956 -0.044268556129573
0.0429761805468798 -0.11655171848553 -0.120276157900746 0.0118339774672616
-0.0221466443490571 -0.116163763295149 -0.0905340060554985 0.0429394497252112
-0.0675689102885183 -0.0877395390164897 -0.0577782850091939 0.061005966213758
-0.0854389208451069 -0.0569804542051548 -0.0284478175500316 0.0450505497232346
-0.0949395797260274 -0.0485010460963722 -0.010363672684808 0.0119707477072239
-0.095544403166761 -0.0529820986271041 -0.0130184654851827 -0.0232614896537194
-0.102001802590147 -0.0681574319041675 0.00102262213281538 -0.0635931023178884
-0.0897278665141311 -0.109847985763951 0.0345458741811909 -0.0880583985919068
-0.0316078608566136 -0.139868211374533 0.0855297109335212 -0.0612370833503293
0.0509252149529888 -0.149499470745328 0.105037596836824 0.00618357087491089
0.132643799722418 -0.109650868522611 0.0663857984276302 0.0531895426206007
0.161584448741103 -0.0429573525291099 -0.000722299400643872 0.0269467702717419
0.139713424588283 0.0125796142252112 -0.105420529178435 -0.00355924628348603
0.13547912664714 -0.0361551718764978 -0.112819679802646 -0.0365701550335476
0.103685522340066 -0.0858461568137937 -0.127348707947679 -0.0395109554569937
0.0343530525230138 -0.113981000401891 -0.111111027837929 -0.00773522111584763
-0.0259340673921854 -0.106843954144313 -0.100537293690514 0.00894005101131274
-0.0641061369310731 -0.0797976716882349 -0.0825165476617782 0.0313026915229488
-0.0775517024783482 -0.0531515542161057 -0.0605169833371726 0.021910543189324
-0.0808153519623118 -0.0481343883559903 -0.0454614625963204 -0.00734773666548517
-0.0786898284218814 -0.0545522376701898 -0.0444688194193856 -0.0413327139351123
-0.0793130450519221 -0.0692104193578199 -0.0221831098742329 -0.0810566331575476
-0.0607921839384559 -0.103863021059536 0.0199426583235516 -0.105607715831626
-0.00567848901661791 -0.122837700863652 0.0808977240190911 -0.0726310597552891
0.067129117834083 -0.118849746459245 0.0930685017365671 0.00768301836245046
0.131787792259432 -0.0744361014222853 0.0403143115834679 0.0585008218402281
0.14321698461468 -0.0172115980960773 -0.0511917425529061 0.0272213206448555
0.0973028303548435 0.0164593012806018 -0.150565332674792 0.00442738827698039
0.101027375982321 -0.0226668473957877 -0.134163518116393 -0.0172137913189592
0.0761106655842721 -0.0653811884819427 -0.124597923264552 -0.030409777044551
0.0210506091706106 -0.0839947715262483 -0.100143614420172 -0.0231533632992233
-0.0199860936355919 -0.0749369573732445 -0.108015995057404 -0.0168596946516671
-0.0462247318325482 -0.058268184266626 -0.102064580206584 0.00907497889260878
-0.0559733491572556 -0.0399672556083877 -0.0877694768735984 0.00286323721227595
-0.0552285133378717 -0.0398439415329187 -0.072603182192675 -0.0247887247046106
-0.0514629986810432 -0.0469141420772416 -0.0652478058903342 -0.0604509497773845
-0.0474444838790491 -0.0586089356725192 -0.031749421666499 -0.0982450751331807
-0.0262003040975144 -0.0822806977535956 0.0183934684805271 -0.117658994587671
0.0182624645544366 -0.0890946154585159 0.0808616150619934 -0.0766224688039127
0.0725850151982384 -0.0730230594368966 0.0808141140027758 0.00761275823819302
0.111513969463596 -0.0304726458486744 0.0162873851717957 0.0523685066871463
0.103971690179561 0.00954840037764774 -0.0886478130870893 0.014758492113256
0.0394863704409379 0.0226627678813401 -0.171810955275824 0.0158771878705416
0.0524286261780739 0.0015573280230572 -0.137257427324364 -0.00222224030912834
0.0392804998802751 -0.0284752933869004 -0.11554037292588 -0.0221365799579421
0.0110523022352522 -0.0354362448279186 -0.0941166272741378 -0.0311703377847119
-0.00455202268047167 -0.0307274236431181 -0.112665302058393 -0.0259108407181827
-0.0164369169293729 -0.029845359803808 -0.112048896695617 -0.00218329055691888
-0.0235723012608316 -0.0236667593386789 -0.102618933448681 -0.00809927934504615
-0.0208830616003139 -0.0250807930912821 -0.0877922504779091 -0.0376929178077924
-0.0199337223865482 -0.0303457486325898 -0.0734102604890737 -0.0759873220379124
-0.0158034676409311 -0.0360200454097532 -0.0291728073909209 -0.111067872629222
-0.000185271389800563 -0.0492306150016175 0.0269903602660449 -0.122023731048344
0.0254953797195369 -0.0495122307785601 0.0853195679981067 -0.0750066930889574
0.0595663655714962 -0.0310979260542707 0.0718475837439199 0.00453436225799175
0.0732057278862894 0.00552174404514653 0.00258730673243555 0.0383407976027697
0.0509034467557119 0.0276283568786283 -0.107034403850841 -0.00225650310091064
0.0102486361435447 -0.0284903002273299 0.126808207734649 0.0109094006312699
-0.0250720108734815 -0.0155028813450698 0.0244987332615178 -0.048509490520355
-0.028286324372891 0.00534283095434822 -0.0723762460603355 -0.0183116820206083
-0.00798282804189638 0.0124314502859252 -0.114241498876292 0.060068031251882
-0.00429147250983658 0.00420373529691951 -0.0539241853939193 0.130771902648749
-0.00859205780173932 0.00546179466983113 0.0203437272507421 0.133023787744788
-0.0111944622493301 0.00880009076441582 0.0664582660387547 0.100790062460499
-0.0188034757357315 0.00879543638194627 0.101542950737835 0.0522693712327128
-0.0209716890222076 0.00522462151449731 0.108520197071484 0.016407889446697
-0.023892585852112 -0.00146425948446503 0.118271593497385 -0.00184651008663916
-0.0225804275586523 -0.0119547901046377 0.12018893971611 0.0140563735801957
-0.0102958696937513 -0.0164448295040279 0.108472032801464 0.0341063203079591
-0.0114827395916981 -0.0226164464347462 0.120415750628549 0.0289365172046773
-0.00203831706868464 -0.034624559512915 0.143673918538268 0.0170066423720781
0.0275019209334612 -0.0334631270761832 0.179867461494312 -0.0181710799207277
0.0680832500256761 -0.0199989519166267 0.109422465878089 0.0140551653120683
0.0262644216769885 -0.0240560202431348 0.0160944549798004 -0.0439201083918971
0.0108661205119338 -0.0157774137616156 -0.0789315619148648 -0.0238781441133972
0.0110620122591879 -0.0200807057649612 -0.119239252302615 0.0527078091842719
-0.00622906446660044 -0.033507787814953 -0.065610290981186 0.12119993197546
-0.0280013503959353 -0.0269200591044159 0.00365529012635108 0.130387018751722
-0.04055376605182 -0.0152049103948137 0.0531801422646898 0.101037362933473
-0.0549899485091046 -0.0109380471187419 0.0873596328631134 0.0524204637145046
-0.0588404056931091 -0.0153551679962049 0.0920565816970742 0.0124372127225221
-0.0646761860623998 -0.0282563911427061 0.10160365150629 -0.0160957061666735
-0.0567543589961355 -0.0561612843257038 0.112320086495819 -0.0121127049638812
-0.0202430954338039 -0.0740918170440971 0.111151140337233 0.0129487885346008
0.0148106181658928 -0.0806624860488663 0.122169484125173 0.0223641300982557
0.0538747930558662 -0.0756085011369319 0.131264796077521 0.019193254236422
0.0906462991900282 -0.0497775853752994 0.153730037230949 -0.0107653623776177
0.119161064902328 -0.00677983995977901 0.0728693766345235 0.00861061302324477
0.0812057864777536 -0.0287216251616313 -0.00510533701374362 -0.0503567142360595
0.0557927437709894 -0.0390031523611822 -0.0934837748463948 -0.0353666433890093
0.0313567808406656 -0.0577369254678742 -0.126220697957645 0.0420523487921297
-0.00869004592669751 -0.0721667276371937 -0.0762836250583537 0.10455370817486
-0.0456048486164562 -0.0582436412080905 -0.0147817954857889 0.117501598387771
-0.0658448063552446 -0.0378161710936329 0.0317868368229113 0.0907636256693407
-0.0829751004918945 -0.0296660386242384 0.0616375702664481 0.0452600405429489
-0.0882146158530941 -0.0324021526313364 0.0636054653142629 0.00404647589957869
-0.0967089256763875 -0.0475341200903544 0.0724826149039276 -0.0325812112257206
-0.0883541750059105 -0.0877304775342391 0.0911843061224615 -0.0420388100930193
-0.0361361905220812 -0.117900890836703 0.109116811246657 -0.0154856416332969
0.0281617908716155 -0.130457156813116 0.123722126640091 0.0141077261470018
0.0962748880628974 -0.110155529138301 0.114767314594095 0.0289473842323274
0.139165847063605 -0.061207464123041 0.111609267655814 0.00342681909652208
0.155171316489534 0.00473708956965194 0.0187425295668941 -0.000244534128796263
0.127729495917876 -0.0344524947833356 -0.0382130118226744 -0.0566535052443603
0.0958172023018527 -0.0665110334739967 -0.112816481818094 -0.0458762670672983
0.0447658657700218 -0.0971119614250813 -0.130134086638493 0.0279753636496855
-0.0148677587168378 -0.105693149739532 -0.0859508502743796 0.0790081819988855
-0.0622008406977311 -0.081946407332035 -0.0361959949926723 0.0948610586282687
-0.083436603347247 -0.0540540405642178 0.0030593109530331 0.0712932382813787
-0.0989586576737831 -0.0440743348623966 0.027308733376446 0.0311055734578067
-0.102956583713413 -0.046874641592111 0.0257303920118659 -0.00782271834876908
-0.112342582466565 -0.0626868247079039 0.0361525717406272 -0.049004194975376
-0.103915026661351 -0.107644355996375 0.0633636641749537 -0.0692450826374413
-0.0437499207211795 -0.143184588270363 0.100739213415298 -0.0423723010358989
0.038795566244313 -0.15835064490312 0.119932668488249 0.00896995851538939
0.125115832396955 -0.126095259297277 0.0947684736543212 0.0434415810670964
0.166990001829247 -0.0598575686599444 0.0577060430690512 0.0179567911890303
0.165811638098016 0.011568582009087 -0.0469416015711889 -0.00669302238307079
0.150641319709621 -0.0382406044075775 -0.0789738965416395 -0.0538155617997723
0.116497762331181 -0.0865093543078686 -0.127651393640322 -0.0496821549202809
0.0465766944944956 -0.121619183272542 -0.127681038526617 0.0084160091141389
-0.0228631903184018 -0.121601067216327 -0.0964383192868322 0.0436071620752955
-0.0706530388043377 -0.0924437341850709 -0.0612053978369781 0.0634429724927192
-0.0894545237205293 -0.0604263955759882 -0.0301967845461587 0.0471325310192307
-0.0990343470683927 -0.0514284829037591 -0.0113868058395321 0.0127367193324811
-0.100347706456947 -0.0560258748810085 -0.013047672688162 -0.0246111579147269
-0.106951699272909 -0.0719264205040542 0.00181909574823684 -0.0663381575094594
-0.0940282775776122 -0.115122879482463 0.0369498373224358 -0.0927354328725017
-0.0312076035546234 -0.147005201013966 0.0915014668622888 -0.0626477877807402
0.0548248149752382 -0.156084568653422 0.111674406287586 0.00936019128168487
0.140752681825628 -0.113429708462352 0.0701347255733065 0.0577503111184585
0.171886242612618 -0.0427820340608354 -0.000732167505858763 0.0283814473661692
0.147154068628596 0.0151092646795375 -0.110537102666657 -0.00618586171935911
0.142404912745799 -0.0353710486188099 -0.116612807176452 -0.0403675828873652
0.109419364833454 -0.0875986887548096 -0.133671075262262 -0.0440423552449263
0.0372040118309919 -0.119206700891109 -0.117777495235854 -0.0113253044081759
-0.0260104249268385 -0.112361414864725 -0.106793529139292 0.00751471279697983
-0.0669984253062519 -0.0841013483567746 -0.0868915498679466 0.0317736622206444
-0.0810154540875145 -0.0556168825325348 -0.064508104051041 0.0219006550803284
-0.0847703949601105 -0.0511577136384668 -0.0483939280591614 -0.00811341776640101
-0.0830999255012445 -0.0579277968744907 -0.0467107267699277 -0.0436741901800524
-0.0833046504144368 -0.0734770591950805 -0.0227714041708276 -0.0848369098256993
-0.063417950297242 -0.108790519215309 0.0214252782854142 -0.110634052759145
-0.00449782887869866 -0.128674426607609 0.085571665683247 -0.074209873256582
0.0723638508599519 -0.123134253975684 0.0993983300933426 0.0112045277127588
0.139117883520423 -0.0763805223863608 0.0423500747921587 0.0631916946649997
0.151433436712922 -0.0153528484650093 -0.0539062913985979 0.0274724302945797
0.102318766526571 0.0183107795785951 -0.159127696433381 0.00233308961514769
0.106175196730842 -0.0218659087359871 -0.138735809806395 -0.0212921821441193
0.0797957719640252 -0.0670273686278574 -0.129582250404027 -0.0346577328048011
0.0232129091501019 -0.086870718103978 -0.106725464698549 -0.0272176247285165
-0.020130364519522 -0.0783743454455115 -0.114699975099024 -0.0190651290759134
-0.0485725401653208 -0.0614894383439919 -0.108175962958543 0.00799115550271776
-0.0584032684048038 -0.0420695109657316 -0.0925748415279286 0.00217429026973948
-0.056861854401224 -0.0423930439865988 -0.0768452821610323 -0.0267118154566713
-0.0538365121811423 -0.0498359726555668 -0.0683924709244932 -0.0633167775699678
-0.048774408920582 -0.0620408347626111 -0.032379181638466 -0.103013335346262
-0.0266266285181405 -0.0860887439835234 0.0207091290140824 -0.123166285494312
0.020357005219276 -0.0923824529015893 0.0862971002870067 -0.0785812919536461
0.0773665246778621 -0.0746804718826368 0.0858748790351218 0.0108417283786082
0.117286626083873 -0.0304746833065714 0.0177093235626091 0.0558832279980999
0.109726697162346 0.0122408828906852 -0.09309839400394 0.0143817170033345
0.0411495819052604 0.0246697160493361 -0.181201402439482 0.0137873813405748
0.0551618801007244 0.00247504761629757 -0.143672169658657 -0.00537390320999321
0.0414812313777153 -0.0284964010207764 -0.121431302066172 -0.0257350286098785
0.0120517435259247 -0.0372207617747716 -0.0994224738850246 -0.03510821862767
-0.00405538532678013 -0.0321253605027861 -0.118880232718728 -0.0285735187763051
-0.017268682473929 -0.0311031761701615 -0.11803890927878 -0.00382965152789808
-0.0241016070383809 -0.0245197134391792 -0.107761470382088 -0.00994240643757798
-0.0217073149103009 -0.0267102488647036 -0.0925504177053186 -0.0400153105452024
-0.0212425836609444 -0.0315114643035384 -0.0772977620506222 -0.0798729408061385
-0.0160156901286686 -0.0382280854889995 -0.0295570656913368 -0.11740660607764
0.000384138919028405 -0.0514204333471481 0.0298234321354167 -0.127522038023284
0.0281127139416573 -0.0515125076460286 0.0914484514684672 -0.0766796305427098
0.0632865439686618 -0.0309075008687602 0.0764123497374923 0.00729119584833406
0.0765246457061449 0.00718916617057082 0.00260748121280056 0.0405685320366564
0.0529845151328914 0.0295197590672064 -0.112337189510584 -0.00435290902589734
0.00603609012935849 -0.0319884434414003 0.13764818442192 -0.00659777505786571
-0.0280115250231405 -0.0128426378262018 0.0197187373296187 -0.0561282822995667
-0.0279741235423309 0.00959760220958799 -0.0795036596051359 -0.00991782839857216
-0.00683645863362554 0.0124240485081152 -0.110564937360563 0.0820822918035638
-0.00618573967460081 0.00355769944253205 -0.0348086783662307 0.146147387236435
-0.00940872877895057 0.00633576998688076 0.0423474119109143 0.136295086198045
-0.0111274741590717 0.0106873559520683 0.0884149263917823 0.0964040790558344
-0.0185181671484521 0.0128665880708235 0.114250258477921 0.0393828061558673
-0.0218521389159971 0.00972314480566979 0.117783542823554 0.00140327043420793
-0.0259294785573271 0.0031704186121786 0.124010430067834 -0.0195100613054005
-0.0258457077509211 -0.00796033008383086 0.129597176730829 -0.00201679410997816
-0.013534278218286 -0.016405601460652 0.12123568288037 0.0210079462064855
-0.015857571571782 -0.0217179338635064 0.130963351736444 0.0132655978138477
-0.00803664278651363 -0.035473603807761 0.153170204524389 -0.00180375167310649
0.0228723724602403 -0.0395003040018063 0.188009226067005 -0.0436186327771801
0.068933754172951 -0.032529350632089 0.116009661842674 0.00275899441947042
0.0249307456715452 -0.0290931229334789 0.00968072560795525 -0.048443642134082
0.00975356103603917 -0.0176172128852126 -0.0886333925584856 -0.0130658574978041
0.00854554345686355 -0.0242080626547617 -0.117605212473208 0.0764466888931711
-0.0129046024565634 -0.0351542153222294 -0.049252483221135 0.13888607676695
-0.0339600631223539 -0.0242543786594594 0.0255332709205759 0.138173643152899
-0.0453642078870677 -0.0102585196752663 0.074441736734669 0.0995353136930332
-0.0597141064219887 -0.00233082621185205 0.100342822770663 0.041337882282698
-0.0647922477327936 -0.00563587750462292 0.100103789388786 -0.000251259223778541
-0.0721112971335885 -0.0185814620069287 0.104116961885533 -0.0309817772929015
-0.0681120887593418 -0.0478610356143551 0.116548875600805 -0.0274489036728067
-0.0321173593528707 -0.0745126757345526 0.120595957095535 -0.000396179528948841
0.00272944384740657 -0.0858395464630373 0.131511546022195 0.0065882035889284
0.0443228797014065 -0.0860791331156995 0.138808337257556 0.00103343439511427
0.0860842708368828 -0.0658465855238182 0.161885054000241 -0.031831075727742
0.126232075377069 -0.0268652337611863 0.0724471335432185 0.00582041193167013
0.0824267251274795 -0.0412185917094648 -0.0151018960387383 -0.0497131104032949
0.0540972155827283 -0.0491448281318278 -0.107874203969065 -0.0202321261467726
0.0253627895175341 -0.0659505066923415 -0.127531947111301 0.0687500794449851
-0.0204878978731975 -0.0751370081094812 -0.062996121556496 0.125208003342477
-0.0571756972999514 -0.0545990126070732 0.00522301873097521 0.129079458762815
-0.074519590407412 -0.0300348932526193 0.0504008919212562 0.0931259114647656
-0.0922793934517137 -0.0183857280680141 0.0721149830098408 0.0379773409990447
-0.0977675644306747 -0.019045040065521 0.0680055848580573 -0.0046268617154388
-0.10847850294731 -0.0348324654121174 0.0709643299357068 -0.0441280862352346
-0.104893312476425 -0.0764109413838882 0.0904545221983818 -0.0556993214250638
-0.0552807756886156 -0.117542785351741 0.113779254196774 -0.0291595509403701
0.00851991739276858 -0.139736101726366 0.131317804557502 -0.00151698478332576
0.0824227566810273 -0.12800482391474 0.123053422912656 0.0122656038271727
0.134838112298655 -0.0838367992631701 0.119481746172504 -0.0126092814015794
0.166505813451897 -0.0215239263693801 0.0101917617462701 0.00559205947026084
0.130961483606522 -0.0538407526063117 -0.0520560132074862 -0.0501931237155998
0.0928682820542907 -0.0836937679944334 -0.130396803118818 -0.0255207310059867
0.0344947103416518 -0.108815384684406 -0.134925639784071 0.0557106419343433
-0.0315151956301464 -0.109115364469869 -0.0774205854286584 0.101703367715668
-0.0769646725170385 -0.0772420795497345 -0.0198173098994668 0.10871010038234
-0.0950579017129183 -0.0445425650440522 0.017096317652596 0.0781042821461562
-0.110673870336843 -0.031156825643265 0.0335535300546237 0.0284124919167391
-0.115183237346831 -0.0321604663935505 0.0267344750433666 -0.0117632113373545
-0.126475723173975 -0.0474737574258129 0.0299709004532488 -0.0555513176904023
-0.123706042849061 -0.0942140739483148 0.0564873305642958 -0.0805382314438331
-0.0665320416931362 -0.143040359490818 0.10079633782512 -0.0565677104830041
0.0159687226799885 -0.170246448122848 0.126825857296974 -0.00668436098245887
0.110356570533592 -0.14934399013988 0.103972522558491 0.029688707888103
0.163938577388494 -0.0864924096828091 0.0655917847364788 0.0110391125196301
0.179899839257942 -0.0162439170406313 -0.0617756719014654 0.00948189253905063
0.155712487857627 -0.0621807642279743 -0.0957170584665771 -0.0403743126534017
0.111348209373961 -0.108244543067942 -0.147370427132052 -0.0248555948551034
0.032768039655423 -0.135363638264585 -0.13565419394291 0.036339242539027
-0.0412752478037107 -0.125317537891912 -0.0935915362123054 0.0681970507043744
-0.0877368365470071 -0.0861651881028952 -0.0503293005082264 0.0805480344720704
-0.102410697103202 -0.0505234137649335 -0.0229860402999233 0.0572831458120923
-0.112411576549989 -0.039468772792045 -0.00987541734053998 0.0152927106175301
-0.114068259965048 -0.0429065324195418 -0.0176115736732006 -0.0225150571575327
-0.121899622978398 -0.0579447519379821 -0.00911367339287868 -0.0681385843975007
-0.114523721675803 -0.103844940830227 0.0252801188387082 -0.100864557931039
-0.054264823487236 -0.147703108138302 0.0872369374689761 -0.0763894067035628
0.0327742586415566 -0.169598716856252 0.117871506770002 -0.0057333135239132
0.128634796120329 -0.138089237673812 0.0801884161577556 0.0479670490722424
0.171796474016168 -0.069243149000157 0.00518567450244145 0.0299832415517547
0.160731734457174 -0.00947397580191933 -0.128845099386714 0.0194348560306142
0.147425298978659 -0.0581319640784133 -0.13260981593988 -0.0209918506200385
0.103745371595233 -0.108806299761201 -0.152450032580706 -0.018366002463199
0.0239280199738102 -0.130940344865846 -0.128281623150791 0.0133559707233757
-0.0424639526758094 -0.11461815983801 -0.109748857898409 0.0313965297827181
-0.0825313378985838 -0.0783862858252074 -0.0831406897435029 0.0513891670203021
-0.0929851793094002 -0.0465599674480259 -0.0642373043990243 0.037075107243899
-0.0965946611728188 -0.0413041557063634 -0.0511840792513121 -0.000357233889520776
-0.0954753340162837 -0.0469246880719364 -0.0561588890657407 -0.0378834727244451
-0.096758184617397 -0.0635961864606162 -0.0376419663982703 -0.084478266234415
-0.081714008312777 -0.101691256940628 0.00588222518771992 -0.118038671128179
-0.0235482977313373 -0.131669223564477 0.0793498607544831 -0.0887074258791011
0.0551919702787375 -0.137858046509491 0.105514808174127 -0.00308502647648491
0.132273411604589 -0.0995163737647873 0.0524983684361149 0.0577733276939595
0.155211840813584 -0.0377909741687223 -0.0519929680287541 0.0366569156663435
0.114058564120905 0.000711588149609366 -0.176027134617436 0.0321747921609912
0.111195851834118 -0.0388649846309249 -0.15292279390061 0.00142227330057817
0.0760251799471604 -0.0825592532602378 -0.145311073632682 -0.0108168703905287
0.0137829469557494 -0.0950163348251235 -0.118571481167576 -0.0076876257015426
-0.0307845499545406 -0.0804833385531322 -0.123619971422352 0.00264633910267914
-0.0594052527132619 -0.0570588822451292 -0.110050545701023 0.0278857844813348
-0.066990481778798 -0.0362895917148713 -0.0978752821301053 0.0202088468694173
-0.0656265482695958 -0.0365756213221723 -0.084417333316072 -0.0155251903082222
-0.0635856667714077 -0.0440665422567449 -0.0821444517065061 -0.0555427697103401
-0.058659408851255 -0.0565262883809829 -0.0501520005066823 -0.102907872461638
-0.0399909624921819 -0.0837430666535732 0.0026922045690076 -0.131636690578673
0.00828058366949682 -0.0983958734414925 0.0786868270194778 -0.0936248861589703
0.0685958199416249 -0.089096791737829 0.0916119139592342 -0.000753631191537308
0.117485271560623 -0.0487343395915639 0.0263701082518727 0.0541886577707672
0.115523332520515 -0.00314392701008598 -0.0952043554568281 0.0285761799961782
0.0498105378856789 0.0181924649325315 -0.196055822316804 0.0442421434291339
0.0598974794029611 -0.00619591755402893 -0.154670321863424 0.0162985064552581
0.0405486086752524 -0.0361010703130716 -0.134470292519404 -0.00622787851063838
0.00930772627201421 -0.0411186772843875 -0.112456023545226 -0.019083293469088
-0.00733172134617137 -0.0343437022352334 -0.130450857815495 -0.00810929102083419
-0.0225961019895641 -0.0309887031577104 -0.124908918856437 0.0159367804605328
-0.0288563367085098 -0.0225424420118046 -0.116875422573411 0.00916065297098944
-0.0259322099207314 -0.0255737630564247 -0.102620344916167 -0.0275502299875771
-0.0260560652985845 -0.0305243191106615 -0.0934040685696478 -0.0717989412540495
-0.0202465859725349 -0.0372249402310773 -0.0491731541843033 -0.118408871689333
-0.00681789905530721 -0.0527104334558056 0.0128009362914737 -0.138425640964515
0.0214895943678263 -0.0568545182675135 0.084470731143863 -0.0932201590197429
0.0605125987411836 -0.0411216643208217 0.0818709559527099 -0.00360819150313038
0.0806682855168715 -0.00402645631070532 0.00924975785313232 0.040703286715485
0.0595510858749413 0.0234089393387158 -0.118541348534408 0.0116921323808027
0.00312724741879718 -0.0338615710988887 0.14092455334397 -0.0176841408797388
-0.0291425854725498 -0.0116171068999173 0.0153550717894814 -0.059659567021837
-0.0280043425414178 0.0121921164141379 -0.0829344165557998 -0.0051567709933173
-0.00591461724787383 0.0127918613580643 -0.106979548616135 0.092905701444529
-0.00634859947390317 0.00393020607787424 -0.0254885377573502 0.150936515788803
-0.00877029583492091 0.00733510564216849 0.0536808048665331 0.13620199432313
-0.0103415717677143 0.0115195415024007 0.0987110423218353 0.0917549447811307
-0.0179939135758127 0.0148678066577715 0.120105389037747 0.0311075148479522
-0.0221262650605179 0.0121363932635857 0.121068955344185 -0.00760912989710992
-0.0273411703424421 0.00572967686340906 0.125257631395068 -0.0286585590056369
-0.0270094356554004 -0.00657475445891743 0.132799156777005 -0.0116734055919829
-0.0153231883998924 -0.0160951965519501 0.12702643382522 0.0135359657539088
-0.0174817437663154 -0.0215293704889417 0.13512364936362 0.00400980059322765
-0.0104619294609154 -0.0357801708358782 0.156186956148868 -0.0119490690842684
0.0208354938103056 -0.0426970711960987 0.189355244132111 -0.0582660510992105
0.0678947186294894 -0.0394483981098705 0.120297872335307 -0.0062883622656762
0.023595969252306 -0.0313278152203945 0.0063315626489778 -0.051460637758147
0.00891946246579622 -0.0184374280747055 -0.0921454318893251 -0.00743751417122221
0.00708403957442606 -0.025433713054667 -0.115515590157395 0.0873851702733576
-0.0163573644598395 -0.0348553880814591 -0.0398825873752199 0.145170459302825
-0.0363549401589145 -0.0219228484202398 0.0368319081061048 0.138890366968343
-0.0465792006702259 -0.00672665231836128 0.084314954011837 0.0958901559967904
-0.0612627088281847 0.0022347910961588 0.106311328627596 0.0341685590180788
-0.0673795435707376 2.05120236375176E-05 0.103071961136447 -0.00834673302755139
-0.0757286313635797 -0.0128356784317673 0.104683428884314 -0.0396339415120913
-0.0734912099920379 -0.0435588136986623 0.117391406824849 -0.0369057663258968
-0.0392960153568246 -0.073784123169559 0.124520465016793 -0.00871389491988291
-0.00396205808493644 -0.0882025033421028 0.136195389793643 -0.00322004299307075
0.0384007725898771 -0.0911464290480713 0.143101000998758 -0.00806522116042679
0.0835333463188999 -0.0741743220944488 0.164577248966503 -0.0443874189937155
0.126449324284336 -0.0383935634644894 0.0756295617576561 -0.000587797492729258
0.0814693383039746 -0.0483744373340087 -0.0181047039141581 -0.0511402141730931
0.0512051852933763 -0.0535012259409169 -0.112509500976533 -0.0127806417737835
0.0204045575752664 -0.0699203233971183 -0.126376590536035 0.0792617074719185
-0.0272202895916486 -0.0745749190704815 -0.0558574631162952 0.132466679792592
-0.0627518371512836 -0.0508588630348471 0.0161988013779743 0.131045111256889
-0.0785547696050438 -0.024658289216019 0.0592165684759429 0.0904384706480402
-0.096136778627677 -0.0110862528319264 0.0768247073135212 0.0328812077723042
-0.102461209758156 -0.0111953721467753 0.0699134883328251 -0.0102499608545674
-0.114406507556141 -0.026178404413437 0.0689133290715504 -0.0502064787212534
-0.113925962678286 -0.0683017720199939 0.0879486407001637 -0.0637353527308283
-0.0662622400317676 -0.116196561922351 0.115004567908224 -0.0382063666364648
-0.00217459950435101 -0.143586458780389 0.13529974161406 -0.0118344029045295
0.0743288190027951 -0.138153557548327 0.127911256153636 0.00417278776721105
0.132545234218172 -0.096496269711771 0.12228746734302 -0.0210407842824179
0.168324524588758 -0.0357364850191831 0.0124068502088757 0.00439578837907647
0.129100145115813 -0.0650267038639773 -0.0556257740245805 -0.048814431263752
0.0877169997682485 -0.092186545531139 -0.135890875029622 -0.0171166726247147
0.0263400133121512 -0.113940016554443 -0.135090134619675 0.0667754666129623
-0.0410347015367232 -0.10864060911029 -0.0723408617483002 0.109718117379633
-0.0852321764894137 -0.0719283689538138 -0.0116273401775222 0.112343877838044
-0.101390408281206 -0.0373295928490749 0.0235920143864623 0.0778799805592064
-0.115977609051489 -0.0218574291509204 0.0369766865988641 0.026526221776639
-0.121558398952017 -0.0233200730638356 0.0267015244050723 -0.013518584321178
-0.133943671464606 -0.0375008639112226 0.026620643974075 -0.05827102751593
-0.13457905373459 -0.0850890866764239 0.0503572201955859 -0.0863982340882227
-0.0799061968227122 -0.140089894941369 0.0995689755074781 -0.0645691098136025
0.00205163576509394 -0.174884932628959 0.131210208911965 -0.0163921860801526
0.100441260142126 -0.1614640611661 0.110021819160389 0.0235544404699809
0.162135427476691 -0.101329757572906 0.0682496579110066 0.00657061612422247
0.182561353412999 -0.0312128001892643 -0.0615939187908946 0.013903687683931
0.153591358234663 -0.0750004240416322 -0.0986796041177335 -0.0358509868607734
0.105645703056744 -0.118518034384711 -0.153471198824143 -0.0150808666712824
0.0224238392876048 -0.140833828131388 -0.13715816191748 0.0469900654740754
-0.052670631087872 -0.124034919321928 -0.092006710130478 0.0769136140188151
-0.0971400841618421 -0.0798911066362358 -0.0452024047145344 0.0865885493116118
-0.108894886715622 -0.0425798553144318 -0.0190726304235677 0.060962952840141
-0.117924714487898 -0.0302984914178327 -0.00880726666429519 0.0167838013635012
-0.121122333263454 -0.0333632901404794 -0.0192314679584891 -0.0210473996132679
-0.130717683784962 -0.048695477846873 -0.0147627179688195 -0.0680921410070926
-0.126339411027914 -0.095206032630897 0.0165041741098031 -0.104853080795679
-0.0674634093178961 -0.146039731128903 0.0841488634734776 -0.0843114452873074
0.0197630445993865 -0.175155897510823 0.122114935953369 -0.0149569156176422
0.119441567526926 -0.151589421050822 0.087486384825814 0.0438075725260088
0.171325531912655 -0.0847426615396236 0.00812720381329574 0.0301161454136399
0.164122412324763 -0.0235940002963229 -0.129426617085747 0.0291849008823296
0.146554150778502 -0.0706832010716159 -0.135738026471721 -0.012901243674399
0.0975288404644857 -0.118809512035025 -0.157535606623832 -0.0079490163664013
0.0135308427210157 -0.135671662510432 -0.131574570603941 0.0227669707276975
-0.053453125822223 -0.113826499389609 -0.111643263913837 0.0412831182666391
-0.0911804063602858 -0.0726949832564746 -0.0813721189939125 0.0589557407566148
-0.0987786072438325 -0.0392493410900628 -0.0627758380503348 0.0430593622018154
-0.102216433333595 -0.0338589404393466 -0.0530612809457876 0.00468863598868237
-0.101537114587949 -0.0398097629732795 -0.0600527068298107 -0.0330996536982718
-0.104185922759201 -0.0563600944193873 -0.0452523864274868 -0.0822657245949489
-0.0922195942516375 -0.0962845807569878 -0.00435897067725817 -0.120319491499436
-0.034722098247784 -0.132659054452641 0.0746555831885832 -0.0967031222904602
0.046011281112978 -0.1449806999874 0.109697246675096 -0.0102829747850093
0.127317116366503 -0.112728551722277 0.059896665295631 0.0548850481557277
0.155653533174932 -0.0507715201485437 -0.0493427404487179 0.0415237683845712
0.116635084431409 -0.00818444302763727 -0.178214698523697 0.0466335588733893
0.110713093130079 -0.0482760191366758 -0.155453822457222 0.0116896948598111
0.0713646895179093 -0.0891529641724208 -0.149661924676169 -0.000775997446414833
0.00656449980060685 -0.0981854338719521 -0.123127311617336 0.000950528995947359
-0.0381917802184646 -0.0797098609077633 -0.126784841287082 0.0137641200974146
-0.0657008333000044 -0.0530038831056042 -0.11110039380006 0.0369334617373217
-0.0713945332984318 -0.0312457787324154 -0.0982882562935355 0.0288702619724728
-0.0702509902284874 -0.0316249769913072 -0.0877708400164497 -0.00811867640056337
-0.068721814124017 -0.039067117492126 -0.0882877763525243 -0.0488010926105467
-0.065180995730468 -0.0531250440443437 -0.059635914188601 -0.100041405442608
-0.0478105450288222 -0.0821885819643242 -0.00800663375196103 -0.134648053712702
0.000299015850330583 -0.100746387320349 0.0737611198191884 -0.101812961542071
0.0630752494900446 -0.0951954272275424 0.0958289844061659 -0.0076962664327611
0.11547570540262 -0.0589707251178343 0.0323040876110154 0.0539199569816252
0.11839221278588 -0.0124537507248687 -0.0952049811715395 0.0371241824705153
0.0521146298205434 0.0138970244744491 -0.197107494172637 0.0599188187603951
0.0603807053177749 -0.0112420448434122 -0.156496529704294 0.0273141831898709
0.0388458795360649 -0.0394118783654883 -0.137998771596668 0.00291626815172506
0.00630401624191769 -0.0421476034062441 -0.118036378731164 -0.0116860130067438
-0.00988686831557594 -0.0340966821178715 -0.135159498373098 0.00244721244630002
-0.0252533163992552 -0.0287417673436263 -0.126923443398968 0.0259538390446193
-0.0309894506601057 -0.0204990614245951 -0.119302050182576 0.0194197120887855
-0.0286286001039153 -0.0242824239140746 -0.107925369163849 -0.019183424409852
-0.0285667205569022 -0.0289853309083819 -0.101812514762991 -0.0651208603115224
-0.0233191606454361 -0.0362981214637275 -0.0597397288864555 -0.116648186293054
-0.0108053720046841 -0.0525085963498131 0.00156958994769843 -0.141721210824372
0.0174564822666035 -0.0595791172927719 0.0792579859484823 -0.101901622317316
0.0585225461010199 -0.0461481101344616 0.0847308401323202 -0.00929987229027717
0.0813171728369942 -0.0104067060884481 0.013769727051729 0.0409935571615111
0.0625780194433806 0.0190329951481031 -0.120423141781814 0.0214272592282734
0.000514686290485386 -0.0332824941844541 0.136859381914835 -0.0281451923519356
-0.0292737727206324 -0.00947159270470807 0.0104716138748544 -0.0603037581547231
-0.0258832648323612 0.0136644201323601 -0.0821065574282976 0.000475836237948314
-0.00489187273546127 0.0123049138540798 -0.0981371488501223 0.0982080376914015
-0.00613618878144472 0.00416203360899477 -0.0144811032328534 0.147731363802249
-0.00795005481534219 0.00804446442586909 0.0628523374391171 0.127547887375523
-0.00904034533132481 0.0119991058537485 0.104013735512846 0.0814702056228674
-0.0163661457332362 0.0158512618830514 0.119982275784497 0.0206230506709004
-0.020752729729913 0.0136485268654461 0.118289852146056 -0.0168934178035302
-0.0266326682061299 0.00800181801851124 0.120179125689832 -0.0376851410846255
-0.0266954103327884 -0.00400161508031668 0.128678665168377 -0.0210033631033392
-0.0164238948705467 -0.0150669708818271 0.125393379795125 0.00442299045406697
-0.018465053429111 -0.019666104919122 0.132251353676042 -0.00516642685415195
-0.0131106191786165 -0.0339130875459238 0.15191364240286 -0.0215839505195829
0.0171235479996339 -0.0429077002434093 0.181092460139072 -0.068275481054093
0.0633199044177978 -0.0435317575759908 0.117756274715093 -0.0162382396116924
0.0213856606913672 -0.0317176426665568 0.00225184482292321 -0.0516647007515803
0.00756181297692334 -0.0182295981519042 -0.0915378934558326 -0.00101478772524513
0.00498238159731325 -0.0251606472373141 -0.107043943741686 0.0933063199577146
-0.0190221659181017 -0.0324514591150748 -0.0290847331849027 0.144024251806837
-0.0371257454511043 -0.0182521912115623 0.0465962559985143 0.132147718005033
-0.0459283330638724 -0.00302117179934743 0.0893248007682876 0.0866665587656318
-0.0597499325158934 0.00688808484528124 0.105905556649209 0.0251016376367056
-0.0662478267161833 0.00572517669840578 0.100450298569793 -0.0158323553064789
-0.0754148882160819 -0.00623551505199907 0.0987760860549424 -0.0454921893540046
-0.0747746668896253 -0.0366134213658593 0.11142252632579 -0.0444127888760503
-0.0435413031215938 -0.0690371492388039 0.121669677691894 -0.0172657784595165
-0.0103885908920025 -0.0850961102258136 0.132717745764889 -0.0124943619781104
0.0308282217598421 -0.0911457385514148 0.139637868567808 -0.0169838971572867
0.0768878249044395 -0.078133257664362 0.157689478572205 -0.0543930322710959
0.120546376529606 -0.046866081013223 0.0750996562614151 -0.00710587179884925
0.0757223137072268 -0.0530160284147422 -0.0206269194899528 -0.0499195739672778
0.0461016971649719 -0.0551798740830566 -0.111623146796583 -0.00581269666909837
0.0147604516083262 -0.0689305635330403 -0.118156336720605 0.0865784179811168
-0.0323971066547822 -0.070285610368201 -0.0450724507496486 0.13278900442811
-0.0646977720756638 -0.0433191283240748 0.0254312341324546 0.12649202996478
-0.0785001161174648 -0.0179240620593614 0.0644483987012807 0.0837459824336094
-0.0943605298899262 -0.00238187408891009 0.0779437463223373 0.0261263515304161
-0.100575632338232 -0.00256718630979075 0.0678441176698253 -0.0150984809247966
-0.113941690109574 -0.0161562005564067 0.06371697946954 -0.0529081445190911
-0.116238119365023 -0.057695198342001 0.0802308645581037 -0.0681412117990468
-0.073002475204907 -0.107748122904259 0.11047330308119 -0.0446208653520622
-0.0128493675463905 -0.139274151054798 0.131686797446833 -0.0209678329406887
0.0616962235676447 -0.139497233570774 0.125980000668681 -0.00401807932130945
0.122721169605353 -0.103768749345016 0.119367029263593 -0.0294385662363094
0.161213629566572 -0.0477666783225799 0.0130965811771753 0.00228560501287774
0.121004653521548 -0.0727990849274679 -0.0559613392083007 -0.0451706543531048
0.0789586082765393 -0.0955152229776169 -0.134778128987409 -0.00786626911551047
0.016683788613523 -0.11257361866384 -0.127540144631984 0.0748113276954758
-0.0484932582864246 -0.102348694499736 -0.0632798769498378 0.111902003318399
-0.0884830819243942 -0.0623399431430066 -0.00228155861997289 0.110308074520563
-0.100635684419507 -0.0282461271801522 0.0289242673605478 0.0740008666449691
-0.114507396988806 -0.0121940240596258 0.0379351729752152 0.0236101799008186
-0.120386560068707 -0.0123550064394317 0.0258539338509369 -0.0150534201308663
-0.134148127946887 -0.0253553863239879 0.0214797201706591 -0.0583033529701879
-0.137473123274026 -0.0715190822692821 0.0419137546859434 -0.0876216456368866
-0.0885595870132611 -0.129688555788566 0.0928565285540533 -0.0695868508245373
-0.0107057150658382 -0.169767833280735 0.128110453771481 -0.0259480405956434
0.0853586297223716 -0.163832588766653 0.109840875196009 0.015243414072477
0.151195159224487 -0.110916473940867 0.068249260795381 0.00117940583041751
0.175013309930713 -0.0446722304402519 -0.0579358757835183 0.0170679039985803
0.144246085991959 -0.0847971893103277 -0.0965197778624848 -0.0297602417695753
0.0938213584818879 -0.122575139663263 -0.151317768862662 -0.00470245347727062
0.0112847841981183 -0.138613554113142 -0.131221078615172 0.0549240996510941
-0.0609417723578672 -0.116795162501705 -0.0846788965590468 0.0822500421022535
-0.100503024871747 -0.0686968726670736 -0.0376131005316071 0.0874550009917004
-0.109266888018722 -0.0322096935990774 -0.0140877984769672 0.0612092534217878
-0.117805203433524 -0.0203222800089063 -0.0078675566060662 0.0172773461783198
-0.120729776144273 -0.0222960482856532 -0.0200541648147307 -0.0181881711176581
-0.131380294657314 -0.0366588989777048 -0.0191040189970684 -0.0645601365317601
-0.130122796566332 -0.0821767069632096 0.00786999495831008 -0.102005584033331
-0.077029199904736 -0.136447179715766 0.0769519553015247 -0.0872596721395777
0.00654038507620114 -0.171028503119398 0.119482860750546 -0.0235549524146801
0.104357046268105 -0.156305172221577 0.0890173880717896 0.0365701251817998
0.161011507116809 -0.0946045585682416 0.0107292281734077 0.02882056589294
0.157656058955346 -0.0351199582766988 -0.123338679581514 0.0374784113063279
0.137021079881717 -0.0791588945239819 -0.131588765377087 -0.00525841854126645
0.0866710317405262 -0.122100991242241 -0.154513584496328 0.00273362472122793
0.00354320593447765 -0.132776231862728 -0.127983935674694 0.0309722614766021
-0.0604089711696988 -0.106287292033334 -0.105800873797845 0.0487468694178977
-0.0943287094709759 -0.0621472300257835 -0.075012875238328 0.063729212430075
-0.09918164268645 -0.0303163751278635 -0.0587137635025246 0.0468337938855217
-0.102360529525732 -0.0248956656968173 -0.0513589253166261 0.00901206577762017
-0.102255619487603 -0.0299424114806193 -0.0609799439477625 -0.026693754722203
-0.106573484538424 -0.0464170930578541 -0.0498323596794448 -0.0757366979402135
-0.0969109727496535 -0.0852915869714215 -0.0140472523724856 -0.116039646299877
-0.0437118494337589 -0.125558281843977 0.0661006062746716 -0.0984464295064556
0.0342432728453365 -0.143390617390141 0.107716150790876 -0.0181674675374033
0.114379092325595 -0.119525849326302 0.0635557741807503 0.0491106348600039
0.14822375264443 -0.0611448019946134 -0.0450219506557059 0.0436936225228461
0.112880509920928 -0.0168253519397406 -0.169874301958652 0.0579037332863047
0.103545201965843 -0.0552898549008074 -0.149465563526588 0.0203055750723426
0.0629848804034338 -0.0912265273993373 -0.146182182457084 0.00880640811485312
-0.000428490229298417 -0.0952919871829462 -0.12118983269562 0.00911246924036477
-0.0429642538957455 -0.0748771330344069 -0.123339005740817 0.0231272510432666
-0.0681830678810802 -0.0454412028842137 -0.105682040948305 0.0453340264983291
-0.0717886214704389 -0.0244950797394985 -0.0946253993883357 0.0356988819160642
-0.0710814997531071 -0.0255015055798279 -0.0865496250328485 -0.00084220331573064
-0.0698279199845037 -0.0324728867258832 -0.0893490181910262 -0.0403705384259786
-0.0670488085696264 -0.0464837708664208 -0.0652054690950472 -0.0924235548595276
-0.0526865281674782 -0.0754373454271826 -0.0181797610652794 -0.129479172892864
-0.00744654474520087 -0.0977366985036963 0.0649639606858042 -0.104198713205403
0.0547772489583098 -0.0968061575258078 0.0939541610163376 -0.0142938958436751
0.106969407655508 -0.0659865387587811 0.0365356834983684 0.0499425980494153
0.11405559011481 -0.0206470836271247 -0.089833392399735 0.0430256422459423
0.0515602216142249 0.0098855782644329 -0.188984360291745 0.071920443660334
0.0586883203484121 -0.0152888487833406 -0.150407808918576 0.0349375075571944
0.0342883039744434 -0.0406023655108873 -0.134272025966188 0.011787841794243
0.00318240168274938 -0.041610360057509 -0.117873619361342 -0.00303073774976302
-0.0119146509714969 -0.0324164339196939 -0.131805258158269 0.0130331632465739
-0.0270076920731762 -0.025528515980589 -0.121650861576755 0.0353407238718298
-0.0318199578371952 -0.0175647698067276 -0.115563020553342 0.0286029196276432
-0.0290720230435629 -0.0218461683006852 -0.106415183135707 -0.00968427836520957
-0.0297288719390948 -0.0254904055873578 -0.103298379493898 -0.0541108016453306
-0.0251734795466544 -0.0331993190947166 -0.0663899507753576 -0.108637792796109
-0.0147017704606808 -0.0494110453293409 -0.00911063032304264 -0.13775763731983
0.0126006797033912 -0.0591751406755954 0.0704934707256961 -0.103407521701691
0.054072627866664 -0.048962406927829 0.0827839283899161 -0.0147434127356409
0.0780674677459639 -0.0154560143024443 0.0162795771296344 0.039334071975506
0.0618932067005589 0.0137644724475078 -0.115775324632355 0.0289971061574256
-0.000398703738688679 -0.0327906513361001 0.129638338153851 -0.031667953496478
-0.027966130245028 -0.00776317217490808 0.00750178602901607 -0.0579220948907282
-0.0235704804258814 0.0143190414164442 -0.0787082697992749 0.00281009348467276
-0.00447196399155131 0.0118423497670015 -0.0907845387379601 0.0963600316650615
-0.00618744357876122 0.00417182252665758 -0.00892146286531648 0.141122991369007
-0.00714662893393536 0.00780419929196674 0.0643280183178881 0.117921573606682
-0.0084880768980828 0.0116540613963529 0.102015514496305 0.073358419194362
-0.0151767772524982 0.0155528973954114 0.11506081617954 0.0146780341297789
-0.0197119254820361 0.0141850713244342 0.11219105332616 -0.0205653182234537
-0.0251398825050856 0.00850201758864379 0.112905889910579 -0.0390293941578628
-0.0254548832091532 -0.00319885872609854 0.12207291977987 -0.0246019928263082
-0.015735352320175 -0.0140410384813978 0.120637139817476 0.000517235119557052
-0.0185675293508902 -0.0176485379014285 0.125501609440159 -0.00877690774668199
-0.0129331713424697 -0.0316175307700421 0.14414561182583 -0.0241398729938039
0.0150084119911934 -0.0416753442183494 0.170795531322161 -0.0705430149262762
0.0584699876634474 -0.0442677180855893 0.1117947809169 -0.0202319875559095
0.0186092716747797 -0.0311696226457275 0.000864186401366771 -0.0499238610056965
0.00716393358145 -0.0171730513212084 -0.0878010870643231 0.00173270716273463
0.00359474960208324 -0.0245352193301478 -0.0989518799206369 0.0924180583451273
-0.0195693324401666 -0.0303463973489986 -0.0236005944879962 0.137266057833376
-0.0360588824799734 -0.0159527246957782 0.0492045116016207 0.123346972924067
-0.0439148852494587 -0.00100842037880965 0.0889594775446763 0.0786273024443984
-0.0565050964993929 0.00927462688440766 0.102473166005406 0.0200019852111406
-0.0630063964542274 0.00830668370184922 0.095170238135195 -0.0186282435838319
-0.0724033486100193 -0.00252741653430046 0.0925254622572665 -0.0463821921418803
-0.0721830960056139 -0.0317105369791479 0.104001519822168 -0.0455479251867307
-0.0442870077746535 -0.0642153567409145 0.116419960995552 -0.0197540670918252
-0.0129350970867767 -0.0807715477022 0.126075536079426 -0.0159688351230281
0.0261683174021497 -0.0873785840460242 0.133019031854114 -0.0196497141103298
0.0709441896502427 -0.076889598542067 0.149128207202803 -0.0563543790055506
0.112340383683894 -0.049761201283897 0.0722318336536725 -0.0108011494521502
0.0694767538050968 -0.052484026474827 -0.0194646657518963 -0.0481480924266148
0.0423045713060585 -0.0531143653841482 -0.107074121877128 -0.00188850824693743
0.0110267970740128 -0.0660407436791506 -0.109700199072256 0.0859339588125248
-0.0337152458301592 -0.0649625712216971 -0.0386770850095701 0.127395186765817
-0.063029842449426 -0.0383198911748149 0.0289239708060995 0.118425077377211
-0.0751256399120617 -0.0133583491936432 0.0644229472998393 0.0769178980065186
-0.0895411603320223 0.00155830576635332 0.0754732022854928 0.0215183830585819
-0.0966875065944088 0.00238674846563378 0.0641230227423857 -0.0164611415925103
-0.109574360852374 -0.0105040283959154 0.058695290065679 -0.052316618446181
-0.112468573643173 -0.0497715466258036 0.0733957196439588 -0.0671982975636547
-0.0734933208211917 -0.099080098764602 0.104355272041242 -0.0453727178152026
-0.016660793588798 -0.131452487597251 0.125128494596061 -0.0239509105957407
0.0536654611382762 -0.13423055606709 0.121041693779072 -0.00743643962792292
0.113435133193589 -0.102782153131526 0.112679557989857 -0.0319285487838804
0.151446178519487 -0.0519302582706146 0.0133691826165956 0.00028455182401509
0.112129345389468 -0.0730287093998728 -0.0538974786419621 -0.0426009701071636
0.0719351566217078 -0.0923505684420753 -0.128884921239704 -0.00378704123312443
0.0116637538586282 -0.107448252760381 -0.119757062745323 0.0749055833997215
-0.050328234883374 -0.0944021009690407 -0.056875972173044 0.108743712786088
-0.0863278663973833 -0.054623902426907 0.00150735475842505 0.104612358583308
-0.0968835833997839 -0.0222809317609903 0.02995278750682 0.0693230669497249
-0.109756068535196 -0.00668712692216056 0.0374381174898828 0.0206566574420202
-0.115248865555857 -0.00574769962350639 0.0239932067068381 -0.0151135482511654
-0.128925173997659 -0.0188317272889357 0.019085815031059 -0.0551052492314655
-0.133403714728237 -0.0614019717800063 0.036946163001618 -0.0832849190594423
-0.088905905812003 -0.119308990314531 0.0868858429579712 -0.0689902697051167
-0.0162966502474755 -0.15995249939753 0.121752572935668 -0.0289061427749562
0.0748031240975023 -0.158400104601579 0.106510787981464 0.0106458581330424
0.14140551328698 -0.110546132131368 0.065441099017418 -0.00165158265032484
0.164491277342301 -0.0490836447806563 -0.0534974913562381 0.0171631190646225
0.133290209070087 -0.0854624598828483 -0.092622953592658 -0.027284310046569
0.0847329843513505 -0.118774851564007 -0.143895497900678 -0.000555157031149943
0.00567268469325317 -0.131894939265397 -0.124304632701675 0.0563966451226352
-0.0624222883858644 -0.107747029595154 -0.0781184467411952 0.0812076134762437
-0.0977893877222794 -0.060704442222096 -0.0324557954371863 0.0840377170071958
-0.10511174428597 -0.0257351376835129 -0.0115534165940785 0.058368848547919
-0.112449152035387 -0.0141361001949756 -0.00651581062967812 0.0165871081989163
-0.115413308714462 -0.015559494974798 -0.0192539167680601 -0.0162071357396274
-0.126486435387094 -0.0289395094523696 -0.0198477173733953 -0.0594808459610968
-0.126799632725446 -0.0718610200334601 0.00236208742980419 -0.096272779626688
-0.0783269652544583 -0.126456430822732 0.0709479925584643 -0.0847650276414404
-6.17266207906565E-06 -0.161795557589634 0.114283367631466 -0.0269871579830668
0.092998328765775 -0.151883721524596 0.0880131485048303 0.0313275516344269
0.150215463657255 -0.0953703756957022 0.0122797576942723 0.026114824221778
0.148590906168769 -0.0395132441078869 -0.115719717098039 0.038960845061166
0.127231156785043 -0.0803003360684983 -0.124028114303613 -0.00185404761836743
0.0780302690691835 -0.117640988669581 -0.146668338579055 0.00675656730718719
-0.00176250737761533 -0.125944954650719 -0.121015084220049 0.0333565835515099
-0.0614571751612958 -0.0985623730842117 -0.0993009345014079 0.0506168330828318
-0.0915807322293086 -0.0537651724563967 -0.0685477545902956 0.0631203863773339
-0.0949371226096143 -0.0240505503149317 -0.0537885669031154 0.0469549959202965
-0.098429960365453 -0.0193389808565647 -0.0491604595589852 0.0109219768194174
-0.0984193694336274 -0.0241828129006635 -0.05870501168581 -0.0224622588158771
-0.102610312633645 -0.0389283426955504 -0.0497095081937708 -0.0694596087239186
-0.0957053726380479 -0.0763150070084306 -0.0181349694635888 -0.108447654624158
-0.0459829973094099 -0.117463916155504 0.0603416854484884 -0.0958957331216067
0.0273900899579977 -0.136453980730711 0.103073663157563 -0.020919793326542
0.104001353829961 -0.116622889338439 0.0631996046002636 0.0446543304329378
0.13883739126072 -0.062936384681011 -0.0403068271152128 0.042785097065466
0.106679017359469 -0.0202560474457757 -0.159138359113671 0.0599572779166812
0.0969139472697617 -0.0557665893167959 -0.141318669776574 0.0228412786219307
0.0561621247203058 -0.0880914605311238 -0.13892015173932 0.0126700613109972
-0.00408306968940461 -0.0904401305554835 -0.115827301233104 0.012449823466712
-0.0436951151896829 -0.0690135773504638 -0.116337193692362 0.0268315444481299
-0.0661802903881331 -0.0395612558319802 -0.0991214009273355 0.0469472825535063
-0.0694361566828487 -0.0199788435565804 -0.0885942368363511 0.0385878813123747
-0.0688137832236525 -0.0215450291060379 -0.0828301217285294 0.00381802521423371
-0.0673509973582959 -0.0276077304492134 -0.0863878795711397 -0.0337153208132914
-0.0659533750326853 -0.0410519126033251 -0.0651848558730761 -0.0846675586724038
-0.0525213746334906 -0.06876902888913 -0.0221835645459691 -0.121082910278994
-0.00998042558702481 -0.0921061596153694 0.0588614130313664 -0.100254150450579
0.0489818045840295 -0.0929168228073191 0.0902263616731292 -0.0163661254880054
0.0988078544046633 -0.0658633960054836 0.0370250305686848 0.045990542644356
0.107112868886829 -0.0233203101051613 -0.0834452483199924 0.043868671483561
0.0497045350747177 0.00704830530978817 -0.177267881797407 0.0743701901064616
0.0549167817248033 -0.0163818040022613 -0.141965116495403 0.0374710006999807
0.0312108513277064 -0.0392226974098398 -0.126951551667107 0.0149963562282662
0.00185451401875068 -0.039295759687889 -0.112519492367898 0.000911304446424031
-0.0124591841853907 -0.0308296516948198 -0.125225578884157 0.0171701054223782
-0.0263983147886085 -0.0220204843522619 -0.114323658411529 0.038600213587998
-0.0308777295872755 -0.0152398337669492 -0.10925173967213 0.0322885604948377
-0.0287572043123785 -0.0198898698176288 -0.102676841994808 -0.00398549707843455
-0.0286866283454793 -0.0233846837683369 -0.100619308600567 -0.0464396713157974
-0.0251935562397338 -0.0314031369528699 -0.0676040578308407 -0.099773851657674
-0.0155607191082762 -0.0462364264056715 -0.0136663530256813 -0.129738005075483
0.00978365799218915 -0.0561218894902138 0.0642553169140162 -0.100193727031673
0.0500780106779728 -0.0476910926349767 0.0795044179115239 -0.015925575439747
0.0730900882644428 -0.017976858966628 0.0175737063518612 0.0365212352432902
0.0584319495582424 0.0114423688632848 -0.109055376256903 0.0321016910739759
-0.000823314892847393 -0.0318751440247759 0.125766242118338 -0.0316076785695002
-0.0270176883826496 -0.00791927240367465 0.00679218605521879 -0.0564913526911151
-0.0221000385630152 0.0126210871970978 -0.0767744560593561 0.00275459253348436
-0.0046069689844666 0.0109807176332187 -0.0889532141148447 0.0935281446980484
-0.00648055738580344 0.0040119033490751 -0.00980286150307287 0.135176798072924
-0.00696494371248668 0.00718065328500501 0.0619685811605847 0.11301904065476
-0.00830989195315048 0.0108522235323219 0.0990833133332294 0.0700113072353786
-0.0143499726273133 0.0144201739299378 0.112015979639642 0.0139331552689331
-0.0188495406495801 0.0140737219508767 0.108954038498704 -0.0201417853578768
-0.024239554862594 0.0087223662283379 0.109261065642351 -0.0377034400538352
-0.024910454149615 -0.00332312266320153 0.117990144012836 -0.0228471628122538
-0.0160460623993446 -0.0137614220329571 0.117513302604609 0.00100146340203364
-0.0176413710837799 -0.017184914847517 0.121400885907204 -0.00725569599985899
-0.0118285127391287 -0.0302594817331724 0.139643209125926 -0.0215941395778817
0.0150056333886303 -0.0404182250444961 0.164997045619933 -0.0665377770854886
0.0557979165441522 -0.042716371463246 0.10893609592043 -0.0206157935235772
0.0186748081012113 -0.030212804457422 0.00150136964115147 -0.0492145414376629
0.00710414648463063 -0.016860268699431 -0.0853425251391791 0.00061191322276164
0.00314218152242865 -0.0238075198339631 -0.0961860865780832 0.0886171270922831
-0.0192626425691865 -0.0286212866865084 -0.0239145475013207 0.131224707260364
-0.0346760823976122 -0.0151263034097167 0.0472652896540618 0.117680686134726
-0.0423238027117508 -0.000806208623346568 0.0861139226648848 0.0753282158816535
-0.0543511856641021 0.00884541460048594 0.0990066238464992 0.0184896412997668
-0.0606723709243108 0.00892555215034885 0.0926778876629343 -0.0182708681852547
-0.0706471623629212 -0.00177740432331726 0.0896783443579821 -0.04428083069503
-0.0700808348395725 -0.0311616049878588 0.100388346406318 -0.0427501710373724
-0.0428197729362583 -0.0622888701108124 0.11307772295246 -0.0185755351949581
-0.0121039326801448 -0.077299584412601 0.122082579507295 -0.0147645265819936
0.0258479668436363 -0.0839686283529163 0.128977678587537 -0.0173495839920966
0.0691928152153124 -0.0742934585538578 0.144972986111831 -0.0533038310533791
0.108180397589032 -0.0476409976618002 0.0701269124556899 -0.0112651594715923
0.0670805060827198 -0.0504469185714981 -0.0185375165952169 -0.0481206476135496
0.0416382277362238 -0.0509695577616519 -0.103741512313961 -0.00277544610730511
0.0111309031099484 -0.0629433782648993 -0.106945527376819 0.0818929958236881
-0.0326787432752463 -0.0623797704692894 -0.0384198458670407 0.122142372110336
-0.0605202651894139 -0.0361001002062835 0.0281637862312912 0.113614827363065
-0.0723409630982856 -0.0125630835283306 0.0623693456189378 0.0737616965310751
-0.0867299294824814 0.00179095575412959 0.0726866170496558 0.0206831124498517
-0.0931654904357433 0.00263161291579312 0.062834692819316 -0.0158684159860755
-0.105595635169734 -0.00930373488235373 0.0576638105871029 -0.0495967168006936
-0.108755923935372 -0.0476048971548623 0.0706253946315434 -0.0635606244016014
-0.0706597981923486 -0.0956153064778572 0.101757736763973 -0.0432618582121936
-0.0159551600973279 -0.126405201534817 0.121874520906322 -0.0226330593661392
0.0520204352935859 -0.129027665827362 0.117210656873069 -0.00657481177077832
0.111523606638418 -0.0990467543830439 0.109894937542267 -0.0310973948011865
0.144926801328508 -0.0500643247849591 0.0137220851480835 -0.000944510400583902
0.108193816161586 -0.0701012102680563 -0.0502111645713316 -0.0436632075574958
0.0697114896480217 -0.0886197541244255 -0.12477654239908 -0.00508203622105973
0.0111436011721083 -0.103210552375862 -0.115529858844402 0.0717242066620472
-0.0486094015048238 -0.0906984923907382 -0.0554721655171094 0.104376298978577
-0.0826806933548693 -0.0519843690466929 0.00183005813518746 0.100395357200364
-0.0934879055687721 -0.0208327817947369 0.029182587566153 0.066742804247046
-0.105526463768611 -0.00578534622515494 0.0356471493533931 0.0199586289188267
-0.111437176226655 -0.00464377901526598 0.024170454162603 -0.014190007945556
-0.124697425579149 -0.016605607367523 0.0189456964762248 -0.0528646569087174
-0.128800263830529 -0.0587398296038412 0.0352375980944359 -0.0797088687650734
-0.0854111846052987 -0.114590059581804 0.0849917869992398 -0.0651113915211737
-0.0150641411848504 -0.153963715535028 0.118656691208323 -0.0273213358963413
0.0721216455538092 -0.152692928265337 0.103699138450919 0.0113554188790887
0.137591690558983 -0.106386522418156 0.0634551581540985 -0.00194951000610406
0.157912936744831 -0.0477789438303126 -0.0510493977719687 0.0152949058348648
0.128977339867739 -0.0816607750270043 -0.0873106734014907 -0.0284873185729368
0.0822775030449899 -0.113850233102685 -0.139020684305309 -0.00188480363645913
0.00518497024099283 -0.126538481955318 -0.120046314781085 0.0538278064254477
-0.0601182165322395 -0.103644476963769 -0.0754375898215195 0.0778507978958468
-0.0941472058654611 -0.0571428904495149 -0.0312122220757751 0.0809025707300149
-0.100657270172356 -0.0239307888772136 -0.0107506535730445 0.0558210446265151
-0.108729482213351 -0.0127079455951066 -0.00647998022879313 0.0168993932611427
-0.111724518659012 -0.0146260538715142 -0.018253147193321 -0.0148753253094885
-0.122509122195591 -0.0267161121509486 -0.0187049279767035 -0.0568976027833935
-0.122299358578456 -0.0682887996932778 0.00216326929413916 -0.0915739258373951
-0.0755872738393471 -0.12127534045986 0.0689219539378377 -0.0814529024374388
0.000439569736350109 -0.155454348525243 0.111533740964812 -0.0251134914426657
0.0895723606500613 -0.145433143602046 0.0858652924061945 0.0306043535371389
0.145871707658212 -0.0913022286289454 0.0118413329418279 0.0245224133475112
0.142544872835364 -0.0377795057175066 -0.111193516237129 0.0355902327328466
0.122813877625885 -0.0767685991432046 -0.118739041830655 -0.0045369717545426
0.0754961370078173 -0.112819116768228 -0.141958665119546 0.00459719998248109
-0.00168368193948436 -0.120843914997283 -0.117601237202827 0.0318404085461642
-0.0598454580803241 -0.0943827553016917 -0.0962781523155075 0.0484603036184731
-0.088259121568497 -0.0510068247672611 -0.0663574484029639 0.0612680876213279
-0.0921702014907782 -0.0227355565517679 -0.0517258898275366 0.0456933402631294
-0.0947643116050074 -0.0178378207803497 -0.0473639755602485 0.0112637776998594
-0.0947616825416083 -0.0224862397421572 -0.0558201007907748 -0.0208315806621653
-0.0996167482516485 -0.037079017214776 -0.0470880367509931 -0.0662141797416071
-0.0922755669216936 -0.0722344100373578 -0.0178721255883643 -0.103743007871216
-0.044784038874794 -0.112479370202614 0.0585305178723152 -0.091354490523452
0.0267480511481268 -0.130471218069851 0.100649104428706 -0.0201202103290764
0.0993760514900724 -0.111909212922039 0.0622409291943745 0.0430011866370715
0.134480901478883 -0.0598849010886502 -0.0388792607877087 0.0410420698458639
0.102820071963067 -0.0196028046587904 -0.154076535930888 0.056126703405317
0.0935184971468577 -0.053252095761131 -0.13600343000899 0.0192348498542672
0.0550859719728797 -0.0839996481571709 -0.133956579646581 0.0103869862901356
-0.00364332462188962 -0.0874762578278942 -0.112731911370802 0.0110765180921291
-0.0423604754666004 -0.0665863319998467 -0.112642546362654 0.0261757872585101
-0.0638770117308511 -0.0370377142032252 -0.0956820289176069 0.0457339788873807
-0.0670412076320779 -0.019013953673679 -0.0856754835895127 0.037382420256889
-0.0661753809544644 -0.0206384050880416 -0.0804212084563676 0.00451093266212733
-0.0646098107942847 -0.0268213489596024 -0.0828761210766615 -0.0310231608747943
-0.0633810309900284 -0.0391654859833396 -0.0620335728149609 -0.0807450769418686
-0.050742954277113 -0.0656706884864468 -0.022194211271733 -0.115604080410277
-0.0102165235508715 -0.0884886341416601 0.0572331857750792 -0.0961049632836497
0.0475951473118003 -0.0886362989819734 0.0881966104669256 -0.0154708230705062
0.0953769366071626 -0.0629747112082433 0.0365363843890459 0.0440049314323919
0.104074713594059 -0.021876679289929 -0.07997231623599 0.0422133074798759
0.0471753087596309 0.0068880850300488 -0.171904714643701 0.0702133179257509
0.0525832912777457 -0.0155828551749856 -0.137392173811169 0.0344244492174938
0.0303224382681962 -0.0370170127455862 -0.12281036548003 0.0134711862637698
0.00185892613522378 -0.0379610689736947 -0.109836344437733 0.000267936417705149
-0.0121252533134451 -0.0297532792725407 -0.119960578399832 0.0164046990710864
-0.0255247660054953 -0.0201662045793251 -0.111238415441008 0.0376270346864016
-0.0298883389040767 -0.0138073712702912 -0.10548085217503 0.0313861369464918
-0.0280314842402921 -0.0198226519693016 -0.100037444830915 -0.00282546299533908
-0.0271808621208874 -0.0225177856138507 -0.0962288342846795 -0.0437105589456578
-0.024166017694084 -0.0299605761501089 -0.0643456693446281 -0.0957315756616577
-0.0150249075484765 -0.0439891646961656 -0.0135196574194395 -0.124571359401716
0.00958314603174333 -0.0536191561908216 0.0623890967660634 -0.0968334037233435
0.0477731640317692 -0.0453635323026414 0.0781540501658584 -0.0150561417466376
0.0698489323818474 -0.0168719767277502 0.017134752945527 0.0352745621653676
0.0561469876433234 0.011557018649139 -0.104403205657852 0.0310486671662786
0.00277462217641313 -0.0313813607232844 0.131285224694719 -0.0148733597768894
-0.0243452335653936 -0.0122585032788571 0.0159176828741938 -0.0569703544412046
-0.0230153550205184 0.00861240012432602 -0.0769037780704757 -0.0107978248119971
-0.00641060926234182 0.00930997602093345 -0.0998783618477778 0.0783936109630376
-0.00833848027173123 0.00325984211313582 -0.0288463961297385 0.130158894134616
-0.00789112113113247 0.00517288024689889 0.0449712976672925 0.119519351768446
-0.00941137675427319 0.00925450400437563 0.0894687828116498 0.0813476177428737
-0.0157888930813034 0.0119689804993343 0.108729258464262 0.030936139195894
-0.0196508064252644 0.0102649227067959 0.111466510104251 -0.00278120013492597
-0.0245959226960339 0.00391410696737401 0.113754046209704 -0.018986749646311
-0.0234247578544265 -0.00908803289549508 0.121053423622789 -0.00321276668437922
-0.0128518715723691 -0.0181200265470652 0.117280079264254 0.0213903692556427
-0.0131093948762941 -0.0219614992200457 0.120338158801994 0.0138178611061742
-0.00608336848140668 -0.0333421065395103 0.140981342208902 0.00305771986714036
0.0214798719124981 -0.0395065939119154 0.17717694368138 -0.0371719279116308
0.0598301256562837 -0.0347484992968868 0.112061904994707 -0.00185959865118279
0.0224827339034275 -0.0269840368229729 0.00988143802949976 -0.0483601000584695
0.0100590440075194 -0.0153455019581995 -0.0848380638432382 -0.0109152009508407
0.00664703968752393 -0.0225666416933812 -0.105749511357217 0.0744477353098509
-0.0149669056399174 -0.0307915437423816 -0.041122481668417 0.126490939453405
-0.0313491537674888 -0.0208222120942244 0.0312692323494219 0.121753992845899
-0.0412964978894375 -0.00810537721779433 0.0765833399523223 0.0856594403457431
-0.054620376060388 -8.98107593469157E-05 0.0956224552548988 0.0336620272791252
-0.0600691957896571 -0.00142415468317913 0.0955528023452555 -0.00350790034541181
-0.06823683359655 -0.0134100697464745 0.096139869325538 -0.0277022640126326
-0.0630757616015333 -0.0424020330714385 0.106370694127625 -0.0245767612107575
-0.0315028016031308 -0.0695902114335539 0.116278753497836 0.00163261145552225
0.00170059430895945 -0.0797480320393992 0.121981904208083 0.00686976830745295
0.0393763435259983 -0.0790004090543749 0.128534182684667 0.00546724940634054
0.0803821376211927 -0.0633870676663952 0.153350825984972 -0.0281644883904496
0.111592248624997 -0.0327447515141266 0.0713349874088406 0.00546531064560702
0.0733813389422465 -0.0394224858675004 -0.0103835041515171 -0.0471651754439085
0.0485726774147808 -0.0438628382206056 -0.101785667561961 -0.0142970434902478
0.0209031135419932 -0.0607116196284752 -0.115135635739043 0.0685467006337973
-0.0228862412415732 -0.0653935206879163 -0.0529531935724271 0.116225274867784
-0.0529168581367074 -0.0449672088685119 0.0144908672616568 0.11497542055528
-0.0693048195239379 -0.0236445214940873 0.0537520694999133 0.0817174545061364
-0.0849619791753602 -0.0119930705672418 0.0684536415529229 0.0309840458311059
-0.0910341445048619 -0.0120571685578399 0.0655636274241728 -0.00537289338538278
-0.102611115990977 -0.0254563010691758 0.0652326831304841 -0.0370563091426019
-0.0981949834544578 -0.0641926680998435 0.080206964754168 -0.048618812910087
-0.0541293714321889 -0.107292625411553 0.10876897585743 -0.0240826320248842
0.00563483884328508 -0.127969621977338 0.122963992924539 -0.000848421171256222
0.0720387117000854 -0.118519809563268 0.113796906272836 0.0132838775694759
0.125997634023571 -0.0799573296767467 0.113788223641051 -0.0120053990873145
0.148262026407871 -0.0295527082661002 0.0125189092088888 0.0110390694997507
0.117344150299061 -0.0523275141407259 -0.0431350954632431 -0.0463609111417981
0.0823229874012598 -0.0759651052093064 -0.121241342198959 -0.0168566717424812
0.0276564098161384 -0.0987122721998066 -0.12180325002628 0.058622058227597
-0.0334206138529588 -0.0954007068747287 -0.0659446594859122 0.0973385344694505
-0.0717395892424808 -0.0625271108297875 -0.00803522824681095 0.0984169720870138
-0.088661917839146 -0.0347818288034696 0.0224157834207578 0.0703031949435347
-0.103219316822087 -0.0223780489424725 0.0322603189620858 0.0251144213106037
-0.108003229713434 -0.0217408895023457 0.026094101070103 -0.00913253980557471
-0.119884764455876 -0.0352088364813909 0.0274315445091443 -0.0458826046725032
-0.116280743097891 -0.0775389057633962 0.0466189820778474 -0.06891726253327
-0.0657932618748383 -0.12796313942667 0.0962754328554863 -0.0484259966895866
0.0102485692056131 -0.154344493561195 0.119905558320387 -0.00617874686285933
0.0957398944281452 -0.137617004878073 0.0967978241762297 0.0281500539824438
0.153314896890628 -0.0817118629039385 0.0622149499159695 0.00833630656734946
0.161350643786188 -0.0256456286466776 -0.0553457950537243 0.0189892229853662
0.138948956971215 -0.0604686867574862 -0.0822334420066494 -0.0351682834103007
0.0983126676282734 -0.0987015090935296 -0.135554284273029 -0.0141397189756929
0.0257227542049594 -0.122524418518307 -0.122383177383523 0.0411589762778818
-0.0421484128410669 -0.109608774799255 -0.0810922298999466 0.0690536216771458
-0.0822359912678091 -0.0696648717472427 -0.0377699242580339 0.0748593163011458
-0.09577544029582 -0.0390229601728389 -0.016394100061836 0.0555684477325984
-0.105551918175746 -0.0294722581334612 -0.00935316917340934 0.015735289223166
-0.106658065084606 -0.0308675422973863 -0.0155271523161094 -0.0164762941287552
-0.115503178184543 -0.04461468183412 -0.00905856734035862 -0.0561838928992782
-0.108863420496672 -0.085155364669303 0.0164596167922068 -0.0863411179033241
-0.0548633290388658 -0.131767366980144 0.0824918356342455 -0.0668186831728805
0.0256183361179467 -0.15280962242762 0.112760727844006 -0.00543861296209644
0.111635008632541 -0.127965000955142 0.0756846370363105 0.0428900756608808
0.158659942285705 -0.0650452974159611 0.00558235424731668 0.0262687078577731
0.145319200120473 -0.0186087129701173 -0.11776933489711 0.0299683362585511
0.131915344550513 -0.0566236634239394 -0.116638967625636 -0.0160667344832792
0.0918265897726625 -0.098999214716041 -0.138510703111458 -0.00805168371698697
0.0182173679344963 -0.118363407746107 -0.116790776310814 0.0194040462590107
-0.0429776203981599 -0.101490917194732 -0.0971223490401711 0.0375430341378942
-0.077496464624825 -0.0625168834582423 -0.0699959228722511 0.0502228622302862
-0.0871651859246368 -0.0359961017640901 -0.0555656559212747 0.0401521308419578
-0.0910710311266653 -0.0323837896469223 -0.0490101742585328 0.00404705848466377
-0.0896936775494095 -0.0360806859477706 -0.052079272311873 -0.0275725098969711
-0.0915302397686281 -0.0506173168353056 -0.036512356760451 -0.0703661630064515
-0.0790588926472398 -0.0836904114765944 -0.00189717871696892 -0.102441523225453
-0.0259604368760051 -0.11812088163098 0.0733915084910501 -0.0788776196857048
0.0477940995906351 -0.12462739779542 0.101636651212105 -0.00294331828460313
0.115426806914041 -0.0928550718336076 0.0510971513642396 0.0511819131287275
0.142438141500222 -0.0358178031133059 -0.0472180642144508 0.0333511245047358
0.103825334523582 -0.00595131380815676 -0.162719255758555 0.0415681344566609
0.100102719694673 -0.0382753609305498 -0.138552445491815 0.00369186971088585
0.0664408787691955 -0.0739487209868502 -0.132378941190606 -0.00373870851218696
0.0106303231178875 -0.0857093720871679 -0.110182551326949 -0.00138083618235453
-0.0305292619407559 -0.0716382532960042 -0.111006393584725 0.0118384467522737
-0.055574568055954 -0.0448817595689558 -0.0980502868573179 0.0307787069847994
-0.0632667668129109 -0.0278692199283899 -0.0888240687478522 0.0272624887938668
-0.0628228725785974 -0.0306600848430433 -0.0801364497520867 -0.00717594287884359
-0.0591000181049445 -0.0352833452230972 -0.0771542198780121 -0.0428664451968686
-0.0559681270720885 -0.0478489997330071 -0.0493520505199273 -0.0881290314488543
-0.0396458593939779 -0.0713043125934919 -0.00361416633490231 -0.115368375330185
0.0036403605708585 -0.0890882384268013 0.0722889357657385 -0.0843485339033416
0.0618800238708333 -0.0801903740925879 0.0895374299532255 -0.000836534795487449
0.103241765564593 -0.0454995844508855 0.0266504365258332 0.0477221511545642
0.105802315062324 -0.00253347685689885 -0.0885050829250268 0.0278555957882392
0.0458903290171502 0.0128029617531426 -0.182956869524976 0.049179072049006
0.0545446030929541 -0.00747673948356213 -0.143424050128938 0.0155505956501933
0.0360199905469606 -0.0308737482233608 -0.123101725467518 -0.00276434898909162
0.00811984866360295 -0.0368462668863508 -0.106725910929101 -0.0140434430282005
-0.00669167768892477 -0.03133997363105 -0.120504706946556 0.00033971355496872
-0.020655535431482 -0.0225440718718827 -0.114106941437985 0.0207639471465402
-0.0272612827221945 -0.0176345533592287 -0.108666346785383 0.0177824234428691
-0.0249709624111614 -0.0237484634156452 -0.0974784034326473 -0.0179596302655609
-0.0239812815961719 -0.0256382354064188 -0.0883167566441712 -0.0572263267380391
-0.0195459357170903 -0.0334067614006315 -0.0490773920979482 -0.103376435286877
-0.00893441283863897 -0.0457023207893028 0.00614366150927901 -0.123113939461548
0.0166739814303822 -0.0525033542774848 0.0776522070440625 -0.0850953347232647
0.0552651876942106 -0.0376104369684271 0.079535128148883 -0.00216548215351662
0.0708552332595264 -0.00461932241301874 0.0104594011915266 0.0357422032311478
0.0531215656026661 0.0227149340302317 -0.11024988652654 0.0123372201487769
0.00287291549457328 -0.0325991262768737 0.134636740831874 -0.0161958318830806
-0.0252158210124601 -0.0129302413311857 0.016542183233746 -0.0591897211791534
-0.0240281984470594 0.00822395541566829 -0.0785494476451872 -0.0114056464912657
-0.00681830364374957 0.00994197398872029 -0.101820319976715 0.0810810689165783
-0.00896950506789829 0.00316608754258257 -0.0300078021833743 0.13302147401061
-0.00835041892873538 0.00475479992271956 0.0467540870749247 0.121199625824539
-0.00948864033789351 0.00932445086412429 0.0921524625880737 0.0819898328143326
-0.0166649856883915 0.0119874700706175 0.112450310806114 0.0302755021379045
-0.0200457918109098 0.0109594598839389 0.115068286263867 -0.00361954246716047
-0.0258550558303598 0.00501156009788604 0.117481181510118 -0.0193119248611186
-0.0234252363226955 -0.00913253523386477 0.124308322614137 -0.00324604795076855
-0.0129927123906781 -0.018859615470806 0.121089160401688 0.0223193726479421
-0.0135129103001134 -0.0224892352574235 0.123284774478315 0.0148308919790316
-0.00573247311977611 -0.0341429758221918 0.144054936610244 0.00432703777704792
0.0217479849847648 -0.0411038786366319 0.18198523936615 -0.0372872027868684
0.0602911339603625 -0.035729372585764 0.114998713453369 -0.0032394289479937
0.0229816970038701 -0.027537974184985 0.0104744523308798 -0.0511046737405252
0.0100468432119115 -0.0155945760832408 -0.0869071727445928 -0.0123069970113862
0.00679764264675078 -0.0231813736367982 -0.109347731969632 0.0758872844488687
-0.0158525541628237 -0.0311630107337103 -0.0424299992633881 0.129120708960181
-0.0323899966444459 -0.0210017164382996 0.0323768565511815 0.124008978382567
-0.0422492817840675 -0.00771276959909184 0.0786926225596867 0.0865869880450429
-0.0561331182369882 0.000540912110714206 0.0984701566683969 0.0331412626891753
-0.0615701543671055 -0.000529614615780218 0.0991868609446347 -0.00441680204792913
-0.0707501998444333 -0.0130898836619819 0.0987746615799664 -0.0282490130707458
-0.064959540877489 -0.0428962909981927 0.109052533063321 -0.0249480858065872
-0.0327661363037391 -0.0714639512200544 0.120074155903322 0.00238766024937084
0.00189990070419795 -0.0819460852849691 0.125214138998169 0.00737634633734143
0.0404899119263452 -0.080843010493761 0.131786725162864 0.00603599504809304
0.0834493432491231 -0.0654996760474951 0.157976169909773 -0.0293116414784235
0.113684809710491 -0.0336325382995243 0.0730643819924379 0.00447499903597453
0.0746665699060937 -0.0402539621879747 -0.00993932399762071 -0.0510086401812135
0.0499999741032693 -0.0447714339351549 -0.104798697004166 -0.0154413208715238
0.0206967466586721 -0.0621093892767762 -0.118565380908988 0.0698237119205585
-0.0235798383591722 -0.0660129125267651 -0.0551478901935707 0.118590779780345
-0.0545138738237526 -0.0451918573728443 0.0152412433812249 0.116606484432065
-0.0710731200955567 -0.0234068030212973 0.0553844537732744 0.0829251066806711
-0.0876943472640891 -0.011406780391265 0.0710365219429948 0.0310810232647483
-0.0936385441762358 -0.0109851010539325 0.068069867072848 -0.00645588946798189
-0.10556056491657 -0.024831426899571 0.0676217782861162 -0.0380586067573763
-0.10127796797399 -0.064989433654175 0.0820577504637234 -0.0484464961167508
-0.0555466878405541 -0.10944661941984 0.111942205941679 -0.0242634678617637
0.0051267314159247 -0.130644664745177 0.127279199770057 -0.00129296858239527
0.074029177329515 -0.120820573888242 0.117852978188439 0.0140753999461834
0.129927928388749 -0.0828073170616624 0.117561239887208 -0.0131162731859222
0.151191218506613 -0.0310912289473174 0.0131497868428925 0.00997725901900976
0.11920944280363 -0.053683109784856 -0.0429274217125832 -0.0491429553298464
0.0844617991106505 -0.0776102975459289 -0.124925973535117 -0.0183794736886476
0.027564833565897 -0.100867200683577 -0.125133871225135 0.0591495504122647
-0.0348981766254781 -0.0973311949736977 -0.0677693998729106 0.0995517127013718
-0.073843991175068 -0.0631847525147145 -0.00787931021968805 0.0997667457541148
-0.0904792020844072 -0.0346532900190205 0.0231756598580117 0.0712480872458343
-0.106561041018835 -0.0215396658275665 0.033634069897307 0.0258836301633997
-0.110788809261921 -0.0211899912873051 0.0276767102411133 -0.00955470686989064
-0.123383445258605 -0.0337374071241746 0.0287239654967854 -0.0468999184333196
-0.120085811471232 -0.0775982656373298 0.0478452668907857 -0.0698088559028047
-0.068327335685661 -0.129870504397977 0.0997706407337456 -0.0490757903819301
0.0105576749884695 -0.157765783400744 0.124467026855432 -0.00683095328150268
0.0976098261081174 -0.140538218238084 0.0999390481740287 0.0283270949505707
0.158001057766885 -0.0844181381944425 0.0639924465363134 0.00744334180425243
0.164404928206586 -0.0260872413923102 -0.0556215513602945 0.0178936119856341
0.141939700027345 -0.0621791043778413 -0.0829294796969601 -0.0383089306932683
0.101016814095904 -0.100988098917166 -0.13838803343026 -0.0154964449684043
0.0256166581340664 -0.125474084540765 -0.12507895697292 0.0418781082964245
-0.0442756126573181 -0.111915800301195 -0.0834770221497068 0.0707121397867616
-0.0843559445429189 -0.0696042722430219 -0.0381326849828504 0.0760746483181247
-0.0978930324941979 -0.0382571602156993 -0.0162140533053897 0.0566322896831575
-0.10856143290637 -0.0293090383533386 -0.00875696598501854 0.0165624708299527
-0.109290990048051 -0.0303400787306499 -0.0156028108509163 -0.0159780889268862
-0.11896700950828 -0.043607649924736 -0.00899730558907923 -0.0570308083206055
-0.112438685443304 -0.0852654226186298 0.0165667544017575 -0.0869850995191988
-0.0573346742255147 -0.134302403681266 0.0852030095768254 -0.0674903767664958
0.0265386473780193 -0.156148069875308 0.117438293406184 -0.00632068276717968
0.113083667845805 -0.131005270679923 0.078218117595058 0.0436323156772535
0.1638826250347 -0.0673438822792697 0.00618230211806581 0.026039119839227
0.147560998597495 -0.0192203700099725 -0.120534572912296 0.0297381317626509
0.135298899376233 -0.058711423075457 -0.11905967362438 -0.0180618246345102
0.0943693965438225 -0.101009651238993 -0.142322542972656 -0.00894220916804007
0.0178419413390214 -0.12095137899644 -0.120181350273802 0.0193189489804182
-0.0448163799111614 -0.103297406054453 -0.0995533426201889 0.0382892094948404
-0.0790160097355405 -0.062445750912302 -0.0710017186956653 0.0516222375933236
-0.0895076875272236 -0.0354187350181576 -0.0562911157360993 0.041626743336456
-0.0940705908733864 -0.0322690149845489 -0.0501737847494199 0.00532550547233283
-0.0920099111508108 -0.0362857353057938 -0.0528595809892489 -0.0274253614056305
-0.0944593541353755 -0.0505301202032989 -0.0366180418443781 -0.0714337572482983
-0.0814897076401891 -0.0847118742258941 -0.00201666782801369 -0.102725455735875
-0.0276100472855204 -0.120285385756978 0.0756515412346677 -0.0798908924704551
0.0491885160241998 -0.127101768463688 0.105865398257584 -0.00285951491016549
0.117299154665754 -0.0950994516187705 0.0526680117448508 0.0511753328308159
0.146966186666686 -0.0370295816959985 -0.0483914628848921 0.0344978969373044
0.105462231592177 -0.00617655922810166 -0.167681728038795 0.0426136061174849
0.102289769114557 -0.0391917472863694 -0.141002170122347 0.00225049081664796
0.068722385422921 -0.0753381387020569 -0.135776869195428 -0.00366907477516626
0.0102661851822386 -0.0876903388354058 -0.113515169474801 -0.00175266398378038
-0.0318774065081262 -0.0735529654081238 -0.114147820282052 0.0123176614011653
-0.0563775577259129 -0.0448224413295019 -0.100552031408756 0.031498377545869
-0.0641814696837104 -0.0277661404153538 -0.0908918349966856 0.0286757807725912
-0.0648402488227395 -0.0310182512531924 -0.0824101316375354 -0.00636310238098006
-0.0616172598628879 -0.0356932215559016 -0.0788174265303737 -0.0418143714542095
-0.0581489181195384 -0.0476689410075294 -0.0507082734694118 -0.0888360912103662
-0.0414149050161133 -0.0715506877917834 -0.00399033204118106 -0.116922337522663
0.00268018062128594 -0.0905507063662293 0.0744007698917068 -0.085894008786207
0.0633299005761424 -0.0818816940533201 0.0931640419901289 -0.000998858304553709
0.104788288252645 -0.0461792276902298 0.0279861809012483 0.0480245810341626
0.108976195201929 -0.00251430690425275 -0.0904049023369193 0.0291744969291672
0.047018822516721 0.0128273088145365 -0.188281960441002 0.0499059629257412
0.0557752376828311 -0.0080483675114024 -0.146795157305814 0.016056454958001
0.0366699500553399 -0.0315063725700444 -0.126273550957768 -0.00325992934846813
0.00783418573420941 -0.037985300705287 -0.110188073793266 -0.0144811416173677
-0.00765932082787238 -0.0323877890425545 -0.12272406837094 5.28519685050268E-05
-0.0214290639084745 -0.0222099227809204 -0.117619926475189 0.0219833563248734
-0.0275030693655667 -0.0170294915052664 -0.11133356479132 0.0204734624959645
-0.0262682067540712 -0.02474475133822 -0.100907344893669 -0.0169619265357027
-0.0238130889510513 -0.026735049960795 -0.0907425610219672 -0.0570941031963454
-0.02031789365233 -0.0334430137371761 -0.0505539448337321 -0.105110004831525
-0.00955649586485426 -0.0462790342796412 0.00606750444843782 -0.12593220873688
0.0169319055738502 -0.053680530609507 0.0797281323877627 -0.0864524802084183
0.0570518572141898 -0.0381409636472833 0.0826075049951363 -0.00214259492143531
0.0724790778537595 -0.00433244830130515 0.0109652705302252 0.0361491609469826
0.0543457070293352 0.0239262574378628 -0.112896227409664 0.0138971930239068
0.000853012512606377 -0.0339465058598541 0.137753154469563 -0.0236660944192478
-0.0266100342800146 -0.0120534451183307 0.0142071529434738 -0.0627120327131185
-0.0248183985640449 0.00905528477592483 -0.0820358469257998 -0.0100605211928994
-0.00661784506703698 0.0101201961886562 -0.102379814610726 0.0867489135786858
-0.00941721890115166 0.00404465722117435 -0.0262007709244953 0.137725916395616
-0.00900832312316722 0.00544688274098442 0.0515957230509061 0.120840890274885
-0.00939571981452824 0.0098063368358943 0.0978654275853372 0.0793205626300991
-0.016919268240075 0.0133703409908586 0.117931919557272 0.0250945546617329
-0.0204999295213208 0.0126676072954549 0.118937693005969 -0.00926062269487032
-0.0257892390368405 0.00658135169877229 0.120551303918831 -0.0246561968193703
-0.0246430009004186 -0.00859523989445087 0.127928791607579 -0.00826915626949917
-0.0146834744547031 -0.0192784550617089 0.126356022410605 0.0181819563707669
-0.0148555494706116 -0.0229733847969227 0.127647771049004 0.0106213051506098
-0.00657269983818555 -0.0343666750016289 0.14907367130347 0.000143232991282568
0.0210973584311066 -0.0434157085188814 0.186667512614459 -0.0445003929230192
0.060497846875101 -0.0390956275499353 0.117560718831587 -0.00986825001141168
0.0226413796057793 -0.0290519820634551 0.00879339725818621 -0.0543894418052958
0.00968451434819026 -0.0169839269674278 -0.0905670028124825 -0.00991049021885181
0.00607945788736541 -0.0240039095564767 -0.110045866759151 0.0820685522256521
-0.0180773437926338 -0.0303584323476061 -0.0395460399984896 0.133649574763777
-0.0339875781215273 -0.0197062977837445 0.0370022947080779 0.124408751450003
-0.0435870313684827 -0.00587633396593123 0.0845264521336945 0.0844366524776473
-0.0581663192273686 0.00284197608511762 0.103605303793115 0.0287596446190899
-0.0634022176456578 0.00253317757717127 0.102194383399869 -0.00924878000377805
-0.072931375895114 -0.00939807130752515 0.101415553724939 -0.0325441853084461
-0.0688449541548776 -0.0415520625158697 0.111705276246031 -0.0285182516152201
-0.0366701214287414 -0.0721997959767042 0.124300428120615 -0.00233653615567239
-0.0013039728073809 -0.0841542617399356 0.12961669979134 0.00300174684173351
0.0389176312695524 -0.0845863536893126 0.136040291516312 0.00190618198315737
0.0835098578509314 -0.0711895184516404 0.161921402851298 -0.0363561001686651
0.114745079107192 -0.0389736378231482 0.075340682371364 -0.000157690442778235
0.0750680339226866 -0.0440385867139869 -0.0118642387638363 -0.053521046522342
0.05014831060295 -0.0477675105781219 -0.109004955995003 -0.0134633579129626
0.0186425869756504 -0.0639011035636083 -0.119542046111766 0.0762264854256158
-0.0274083820372011 -0.0662163121374796 -0.0525516755704644 0.123425783727852
-0.0574907969755237 -0.0434917321331808 0.0197724833053735 0.11820525932723
-0.0736192802233207 -0.0211233568091244 0.0605042380324454 0.0810075203430165
-0.0911358060626254 -0.00740130898178587 0.0752903873578255 0.0291576542585222
-0.0971906201921588 -0.00724512042638704 0.0703101900604906 -0.00940703564042335
-0.109764107606918 -0.0197515253962707 0.068749879579823 -0.0416975925576034
-0.106890737949296 -0.0618742014312099 0.0822723087516396 -0.0520327734374825
-0.062475617723082 -0.109857648240291 0.115883386760233 -0.0286252601936175
0.000756733378650623 -0.134478321922866 0.131183566986974 -0.00684306242020824
0.0716086397657575 -0.127546781413638 0.122101160543756 0.00962869348912953
0.131376299966397 -0.090737097682412 0.119972153623918 -0.0185224023100806
0.153116887915269 -0.0368599210097042 0.0141043514286059 0.00753135664262691
0.119551741105894 -0.0595538792939349 -0.0453459496957629 -0.0512028910930859
0.0836784088674956 -0.0828396976920285 -0.129509491909995 -0.014815197602
0.0241690109891276 -0.10483819030312 -0.126759484822989 0.0655355594407437
-0.040303705540177 -0.0969557284956965 -0.0662120043897391 0.10487218013793
-0.078024709030028 -0.0609883018295547 -0.00450539348452723 0.101932087765354
-0.0943732676917381 -0.0312345571174515 0.02685976788492 0.0718760966993405
-0.110079457600882 -0.0166670631805925 0.0360083484951039 0.0243904294446087
-0.114815679089425 -0.0163424983209969 0.0282506753605336 -0.0114019796742703
-0.128417130712894 -0.0285582621430311 0.0287828465377905 -0.0492953216048844
-0.12708721891376 -0.0740027581905218 0.0465966320573957 -0.0716922977535541
-0.0758770331898977 -0.130462422801099 0.10111275275438 -0.0540186838774339
0.00429540150555975 -0.162749956466127 0.128595010221166 -0.0125473105891543
0.0947730018293226 -0.148793168104742 0.104508354660426 0.0247535657787457
0.159799492429692 -0.0942714276931625 0.0663050753016459 0.00426650456442387
0.166786613337705 -0.0338963877795054 -0.0566291848641024 0.0195287538311433
0.142491093834641 -0.0695340679419092 -0.0857477868440033 -0.0387900611929583
0.100504595530312 -0.107390642125866 -0.143691557393639 -0.0110193095947889
0.0207537028233325 -0.129558292392478 -0.128140337827535 0.0467238920680443
-0.0506345294682844 -0.11231486345884 -0.0831845322677287 0.0750771041638384
-0.0883551348299819 -0.0671378805540083 -0.0358871423794975 0.0792937127106971
-0.101754304120518 -0.0348907379301854 -0.0136280671434725 0.0583766317512386
-0.112911954213385 -0.0243393427854064 -0.00821276323957305 0.0176301198530492
-0.114252588981947 -0.0260484850525685 -0.0160023501531487 -0.0159612199454347
-0.124714274843135 -0.0384343597931529 -0.0107870162716035 -0.0584345790925474
-0.11876019716845 -0.0816104160346776 0.0135245448942819 -0.0888853164631294
-0.0646444496629862 -0.134730418543334 0.0861156573131849 -0.0729011279488856
0.0213010530754112 -0.161752171172246 0.121819866416021 -0.0122522272234405
0.111312207710204 -0.138566009796533 0.0827122103262135 0.0414559295986775
0.166634720837085 -0.0772008476125983 0.00689141246325441 0.0258234312416317
0.150609503380376 -0.0254352487436335 -0.122645319907979 0.0347255129733113
0.135917631054488 -0.0655773818163961 -0.122523124792724 -0.0163866359588493
0.0936468929174412 -0.10734527338137 -0.146827044071955 -0.00473471883718267
0.0125921755850816 -0.125131773804755 -0.12313000680769 0.0233019134773668
-0.0510927290701381 -0.10354370992832 -0.100682269788983 0.0428837499678467
-0.0830122805118095 -0.0600099291871236 -0.0711644430846689 0.0553956090964934
-0.0929965257358668 -0.031441271364606 -0.0565307365224669 0.045064375877966
-0.0981901979860157 -0.0285145211004901 -0.051133509043714 0.00854033969709947
-0.0962672821338807 -0.0326233421927792 -0.0547660719162633 -0.0250675726992532
-0.0996580270529595 -0.0465701382307567 -0.0401918813429004 -0.0714702395971502
-0.0871898966922352 -0.0824571218890574 -0.00591968269393173 -0.104330674339594
-0.0337115736266674 -0.122366941527273 0.0759664249780284 -0.084407241961947
0.0462604290800904 -0.132556955190999 0.110411016950469 -0.00799220755393541
0.117312230073976 -0.10162314573398 0.0567731926404035 0.0502419622337693
0.149229359090766 -0.0438890526435796 -0.04837298280991 0.0372133966688193
0.107859791545267 -0.0109521821555873 -0.170409307285655 0.0500152886863634
0.10336227595017 -0.0450507524224833 -0.144614151069117 0.00663244092133994
0.0685271665701448 -0.0794726659217749 -0.139890909433773 2.66309248126172E-05
0.00672709676145051 -0.0903058662853136 -0.116774143876703 0.00165998426222148
-0.0362293024254314 -0.0738191697913207 -0.116421761014746 0.0159405451568768
-0.0593721467582982 -0.0427301244886015 -0.101554760841891 0.0371938228412872
-0.0672110482122482 -0.0247651158353725 -0.0916088966576022 0.0340514622171073
-0.0685911132460883 -0.0288753466201837 -0.0852120630419458 -0.001907575655505
-0.0651170067035846 -0.0339104381136916 -0.082608519358564 -0.0390012991352267
-0.0614296066197097 -0.0461659480418219 -0.0555685676364994 -0.0887249877832689
-0.0457953132839425 -0.0709104669775402 -0.00888537580871481 -0.118174629302623
-0.00143029232010028 -0.0926564652297365 0.0743978871561712 -0.0912221102491013
0.0621795094454263 -0.0866152271124787 0.0973589667970554 -0.00455967581386954
0.10540314919196 -0.0516431564002658 0.0302363047620917 0.0478860849054445
0.11147241416278 -0.00656372958976931 -0.0909817925625008 0.0339635665526026
0.0479698827074198 0.0109616679587365 -0.192468516110938 0.0593137259150138
0.0565972361086133 -0.0111269576213406 -0.15013582280057 0.021219528547937
0.0376436741415659 -0.0333575124620859 -0.130140073246113 0.00102610612179659
0.00632217404740897 -0.038947113968924 -0.114261008223087 -0.0117812626733982
-0.00883559306661561 -0.0327757071136966 -0.126391371497602 0.00557122144842452
-0.0218657913498774 -0.0212676292719167 -0.11988834053919 0.0278304945243412
-0.0287793590148763 -0.0156201144281805 -0.113631572127484 0.02618929681964
-0.0278001389049977 -0.0239427939130625 -0.104915251690918 -0.0113331132208297
-0.0259710269579979 -0.0264671856804351 -0.0956068816545347 -0.0540094249673697
-0.0223725952449901 -0.033353341421536 -0.0561938249599505 -0.105364825120008
-0.0117986676235397 -0.046804319417122 0.00150005990871675 -0.127586115291496
0.0148941640626796 -0.0549933806236516 0.0790557988760895 -0.0912811340958084
0.0571843252164879 -0.041120936537299 0.0862783183999641 -0.00526854114576127
0.0740860074981401 -0.00701168114815584 0.0131714085504719 0.036983226470027
0.0570562044998796 0.0222450860628475 -0.115193594176107 0.0188272450209428
-0.00161491084745683 -0.0340425794396123 0.135034913054382 -0.0339560626329313
-0.0277184889640175 -0.0104113764413229 0.0099663642930396 -0.0644884785173041
-0.0246935491900241 0.0108881960223658 -0.0826588349860526 -0.0056171311031438
-0.00597793559421018 0.0104977029653855 -0.0972577434858369 0.0931188585023436
-0.00929848344441472 0.00469118722112533 -0.0186587426604905 0.138530361202825
-0.00914456705778189 0.00583379041501847 0.0580085285040481 0.116036537100704
-0.00922650704912996 0.00997143933599513 0.10272804256085 0.071283855723617
-0.0159673372849949 0.0141606714898982 0.119982994742998 0.0159910193850719
-0.0195581811717372 0.0138189488256626 0.118711214543075 -0.0181149191473141
-0.0255312511228183 0.00792882699636541 0.119020377310183 -0.0324779488026723
-0.026132707096963 -0.00726135269914287 0.127753861237701 -0.0157009836140062
-0.0159081004201917 -0.0181059593201817 0.127809399717646 0.0105668215916162
-0.0161172964449763 -0.0219814639748469 0.127795423476076 0.00363320792172906
-0.00859507299440469 -0.0341312981768308 0.149039818845957 -0.00742310571362149
0.0187758240667819 -0.0447327348858619 0.18389534353891 -0.0561516216869762
0.0573884263432675 -0.0427831917424895 0.116694893229243 -0.0188389100104331
0.0197613915763884 -0.0302135447917167 0.00553859476621226 -0.0565693903594443
0.00858320213147985 -0.0174563808405861 -0.0917236525559685 -0.00569644284134126
0.00458506221131834 -0.0237802085369604 -0.104864412361026 0.0881527396463535
-0.0204012280547273 -0.028570794830377 -0.0323990693144851 0.135560463780588
-0.035267714921222 -0.0170702519093691 0.0442063954820662 0.119969847214853
-0.0436496401953429 -0.00300366778565762 0.0896708161606515 0.0770192984627146
-0.0581228276340445 0.00736787027592009 0.105945712016685 0.0211854766774128
-0.0637021377032363 0.007026319873824 0.101939857592526 -0.0164212118604444
-0.0736409680163802 -0.00405730243534269 0.100132796182828 -0.0399560031382226
-0.0715627811426666 -0.0368294140191634 0.10972736293164 -0.0350843397948691
-0.041544410604836 -0.0696008245830275 0.124611691830377 -0.00962893352866271
-0.00659252646340835 -0.0839947601459453 0.129665515491695 -0.00541854588202448
0.0339168391447525 -0.0871034166606912 0.136405405043249 -0.00617600034748374
0.0790508972227521 -0.0769966534897236 0.159179902607782 -0.0470171947554458
0.11186106544378 -0.0456063170197226 0.0752492866110473 -0.00761209982202581
0.071170813612486 -0.0480201336181564 -0.0146599528358753 -0.0554577804855257
0.0467362610346614 -0.0507552667882376 -0.110325678422045 -0.00711116905224318
0.0144140313081851 -0.0647042452339718 -0.11535067427181 0.0829911639351668
-0.0318573250726113 -0.0636264911748981 -0.0451974251293839 0.126256932398334
-0.0600959553251529 -0.0391417538968428 0.0269457040796146 0.115126509237155
-0.0740462400988096 -0.0158428159005804 0.0659824453849279 0.0757436257146835
-0.0911447018148829 -0.000878873038384903 0.0776025103200942 0.0225685787703471
-0.097612145811668 0.000375722426441018 0.0702802801691274 -0.0146490341973838
-0.110826784572285 -0.0114003195277755 0.0670364322344012 -0.0464980095728135
-0.110967155191285 -0.0541803294490505 0.0797025544900474 -0.0561412066517385
-0.0693860300890171 -0.104736216163173 0.114542067813827 -0.0357795489562478
-0.00762595483672782 -0.133947968580413 0.130442088682171 -0.0154419216147135
0.0634476632546603 -0.131513870826815 0.121924030607705 0.00242412411348622
0.125435034631732 -0.0998787599566487 0.118338612150841 -0.0264165233371935
0.149574709006427 -0.0461151656447525 0.0150120782899704 0.00527843904443588
0.11497824038041 -0.0670510564806546 -0.0481854290913566 -0.0514329034752958
0.0788902188366836 -0.0878604847378759 -0.130635556145464 -0.00796378897076272
0.0169884176550239 -0.105341297370925 -0.123075155773701 0.0719113116386538
-0.0462831998093262 -0.0930119627386928 -0.0599876448782002 0.10753606135206
-0.0811620838077026 -0.0548609120729769 0.0020317987921652 0.100890247040023
-0.0957377521394175 -0.0243890366348645 0.0313736338407492 0.0684125038875459
-0.111487769594042 -0.00904740152656176 0.0377246333006982 0.0218662080921995
-0.11606378478182 -0.00756347625656545 0.0281297793785297 -0.0130820483380765
-0.130355853520263 -0.0183470040757857 0.0261534098031964 -0.0513748539007688
-0.13146262020726 -0.0638458510994149 0.0427264796914503 -0.073203237629358
-0.0844544643695473 -0.124770439823205 0.0982453925141044 -0.0598175154622303
-0.00561378040094131 -0.162435303602991 0.127809491303673 -0.021568768119162
0.0846800411463634 -0.15352846533237 0.10598235256434 0.0180651703177781
0.153747156002443 -0.105179280691028 0.066203990109611 -0.000857760578353237
0.164167905593256 -0.0435460096415341 -0.0547988909947085 0.0219419163840644
0.136873739939913 -0.0784722751278004 -0.0871306432240459 -0.0359907763567886
0.0938284551977451 -0.113460411176755 -0.144964349469327 -0.00283642416859713
0.0122503854495625 -0.130056932379255 -0.125100450587004 0.0534931975519862
-0.058163436719822 -0.107871502649236 -0.0789272623537721 0.079030655303181
-0.0918836092991467 -0.0605691447600216 -0.0309340080828847 0.0804528368457984
-0.103554903547145 -0.0268069916667059 -0.00988917445188535 0.058233341779427
-0.114467448086005 -0.0161771711226638 -0.00683277306348121 0.018208805247994
-0.116158258044008 -0.0171043833290243 -0.0165172228551944 -0.0147417210730847
-0.126784545874897 -0.0285232510507621 -0.0139756651207779 -0.0572982564225046
-0.124243166718417 -0.0726672463266161 0.00910181266861427 -0.0874995106538984
-0.0734933709889613 -0.129580461123732 0.0820278656777182 -0.0774378416973549
0.0108516507389937 -0.162510888217035 0.121592934768527 -0.0205349047725197
0.102078069585675 -0.145518841286136 0.0846402267513238 0.0354053723647647
0.161204153572193 -0.0880955522361653 0.00788967752366286 0.0251675729445954
0.14791034200091 -0.0346743261527628 -0.119863121028849 0.0417288510350706
0.130797802341793 -0.0744047024730489 -0.122438681708787 -0.0106452304666162
0.0866990614574812 -0.112602581309721 -0.147023128013539 0.00370203688699054
0.00417919671819067 -0.124783120584526 -0.1220420110729 0.0301976302058399
-0.0578741207603386 -0.0994422345730097 -0.0985730038411716 0.0477388628908054
-0.0855278527270524 -0.0538184869786901 -0.0672193717975481 0.0599473175385425
-0.0942902645552347 -0.0246961649735598 -0.0526862365601104 0.0487113575776764
-0.100221916358868 -0.0213153972966651 -0.0504188739762805 0.0126080754051678
-0.097841534738409 -0.0258138568595792 -0.0555864463790545 -0.0209435451769719
-0.102356215731735 -0.0380080145320623 -0.0440690578186908 -0.0679649971645832
-0.0922803062421286 -0.0751602310105073 -0.0116148051776278 -0.101703128054456
-0.0419987977563209 -0.118432345376951 0.0705156170214068 -0.0892534778984113
0.0378030428964142 -0.134885840449318 0.110544139699902 -0.016283851551057
0.110223607492951 -0.109115385171378 0.0593026016931424 0.0460273468212837
0.146331327080475 -0.0542785806932801 -0.0462570310267967 0.0397293841573348
0.106393137823198 -0.0174020303999665 -0.167229912247089 0.0603991712940421
0.0992841676588506 -0.0520695047342525 -0.143692550939489 0.0140447663436535
0.0635768504354664 -0.0835919645308439 -0.139334285559296 0.00851230306776304
0.000925488174187569 -0.0904082572078109 -0.116892337163354 0.00767117528092418
-0.0413311002157745 -0.0711306183844735 -0.115656649136616 0.0229575995468811
-0.061093808338055 -0.0383242538044582 -0.0989127422555689 0.043657952538139
-0.0679100400996978 -0.0191751209642172 -0.0892297707417266 0.0404817361126839
-0.0708171912139982 -0.0235099279063964 -0.0850624413511909 0.0054315639655148
-0.066730286654246 -0.0292592134873469 -0.0842772627473691 -0.0316399158712857
-0.0647674741811838 -0.0411507265926796 -0.0602656501136198 -0.0841090794699329
-0.0502737637359726 -0.066589078020458 -0.0156100668821281 -0.116484725516899
-0.00731424165544392 -0.0915632632162035 0.0688393379917536 -0.0945695473847275
0.0568856709619547 -0.0901175720150343 0.0977654026684567 -0.0119341185178177
0.102244672738914 -0.0576531498376324 0.0328693291774942 0.045956822356443
0.111382271001045 -0.0137246888219358 -0.0885730859954377 0.0396505573937892
0.0487150434736907 0.00797849161430956 -0.188515630916599 0.071551856279368
0.0558009759745746 -0.014516623918597 -0.148936509714494 0.0300820738236035
0.034976642615045 -0.0357537766682 -0.129472874699352 0.00883432347538215
0.00363438674876585 -0.038730841134717 -0.115625604798684 -0.00543417612709067
-0.0118305447523621 -0.0319660646505745 -0.125770983111326 0.0124300576132917
-0.0218000206831213 -0.0196038025480512 -0.117941970501384 0.0357910192301455
-0.0294728751984784 -0.0135431285662657 -0.110623286787084 0.034632408553776
-0.0302933187993784 -0.0220953667596527 -0.105317654581994 -0.00341972689580422
-0.0274624455324123 -0.0248833189882323 -0.0977127031203802 -0.045751250135196
-0.0241773284181454 -0.0317564313978726 -0.0625860393229138 -0.100606792752026
-0.0145014597874458 -0.045266872131837 -0.00669264483365172 -0.126543213669117
0.0107233215495953 -0.0552172880567379 0.0733624847793349 -0.0959011004260802
0.0548526532380528 -0.0447305512239243 0.087133837047912 -0.0105006119705804
0.0730393350705458 -0.011283193908399 0.0152361077128736 0.0356680067654331
0.0585282823031529 0.0189294036743466 -0.11298429567714 0.0277054770334706
-0.00374183624077612 -0.0320944424989774 0.126901893551734 -0.0404371323081148
-0.0267090916063237 -0.00838045894177065 0.00608777680301091 -0.0635167006799098
-0.0227987139171935 0.0116931402091268 -0.0806321864174409 -0.00204807484720322
-0.00516228946397232 0.0102980279958098 -0.0886827906128154 0.0940157896740863
-0.00880400573217376 0.00538851156469564 -0.0114182659501619 0.13336086540629
-0.00876960690057464 0.0062611408567198 0.0606023080283739 0.107038716305382
-0.00804392281008375 0.00990200232718318 0.101820804536573 0.0616526709656974
-0.014455090630293 0.0147050947008018 0.116142103325681 0.00742088806020732
-0.0176103286598777 0.0149961004386131 0.113430861731004 -0.024918304044954
-0.023913860044576 0.00908931591904161 0.113047207931634 -0.037760543587463
-0.0253245700040375 -0.00561539866475663 0.1221655364275 -0.0222745902361406
-0.0164080711194672 -0.0165263495536209 0.124038264794412 0.00346883293470224
-0.0163020650625264 -0.0202063702504012 0.122302564640976 -0.00228208984279753
-0.00952000160723995 -0.031898636602907 0.143311347733966 -0.0139706356327296
0.0154061707700897 -0.044379891437838 0.173905178048415 -0.0638706580813382
0.0525817014969694 -0.0436535501658348 0.110322180334643 -0.0255290575974724
0.0175219843639099 -0.0297316956037039 0.00214922361949812 -0.0566543678313224
0.00760245286529692 -0.0166830152478426 -0.0889789160380322 -0.00149538856880927
0.00319238733753546 -0.0233245118958237 -0.0961403217957919 0.0902473880490842
-0.0207207371417377 -0.0256633011890775 -0.0244570539779325 0.131112111389212
-0.0349056452933273 -0.013991828296557 0.0483099123701541 0.111476553613206
-0.0422050642858579 -0.000810325345073798 0.0904530125972344 0.0676171332557552
-0.055286955768182 0.0103240510498943 0.103249872661295 0.0130061718176877
-0.0604565643562725 0.0110914339260284 0.0976610110848071 -0.0225296212362331
-0.0704869982618825 0.000955460807404806 0.0941253574397875 -0.044321506899264
-0.0710572566577478 -0.031034786446469 0.104610574594066 -0.0394714996173772
-0.0433559032781974 -0.0640841481053291 0.119434865563695 -0.0159206033575495
-0.0102060588945746 -0.0800697797955714 0.123878817062818 -0.0117003520933013
0.0287434596314348 -0.0850776531080064 0.130548758674381 -0.0123636181669321
0.0720133713873703 -0.0783879554862492 0.150408851969039 -0.0537255239859286
0.10371971834594 -0.0496084986275725 0.0713059930136238 -0.0120114192138877
0.0657991560594254 -0.0494992515293662 -0.0165616652779494 -0.0545052023229797
0.0422344427762274 -0.0506451679841859 -0.106980738573938 -0.00207685667312528
0.0099719231319892 -0.062697670300697 -0.106528429501162 0.0849678207388917
-0.033941822560242 -0.0585065917343347 -0.0378135284913806 0.122760869228406
-0.0594363454655638 -0.0336608539639874 0.0310528263053439 0.107567096231436
-0.0713162297589664 -0.010591626214289 0.0664907807478641 0.0682363291419904
-0.0881078047051078 0.00519229085027037 0.076021227477463 0.016533586907889
-0.0936233909332461 0.00654385372264165 0.0667059264753505 -0.0187141992314649
-0.106593859459869 -0.003565217743051 0.0623816617849216 -0.0486882709624382
-0.110139964431751 -0.0449063220511717 0.0740686196215486 -0.0577749563642611
-0.0727618334895489 -0.0966089047272985 0.108877550378271 -0.0403252579909309
-0.0142062702171754 -0.128393076180659 0.124010352591181 -0.0222705358594868
0.05455082467532 -0.129514567088347 0.117322560123452 -0.00371488306635658
0.115707650988206 -0.103211665489343 0.111712388365403 -0.0322796921557885
0.140816356489773 -0.0519804365202634 0.0141601471743939 0.00279821125153034
0.106014106993473 -0.069764663077422 -0.0482447635395549 -0.0486998756123671
0.0713066076336309 -0.0880248423315122 -0.12612437823487 -0.00122368799635457
0.0104083744668178 -0.101174533224082 -0.115153115466785 0.0752858917381174
-0.0496794340765194 -0.0862657027684309 -0.0527676316170359 0.105404423467539
-0.0801334086312079 -0.0478145242908951 0.0070379090949514 0.0962831521640473
-0.0930171867171854 -0.0178257685011069 0.0334464378271783 0.0633143418114184
-0.107513852249715 -0.00109615501545965 0.0382148485844901 0.0183460368939583
-0.111728851477263 -0.000371077765542727 0.0267898384755438 -0.014905992046651
-0.125122556779009 -0.00874535431355358 0.023393191713259 -0.0507752727253113
-0.129941085983726 -0.0527506522244054 0.0376955133164859 -0.0713957519524377
-0.0876560493638546 -0.114317452050713 0.0917691733418716 -0.0626917780110485
-0.013555786226709 -0.155134312332921 0.121494400185297 -0.0281980208794442
0.0737553828880646 -0.15183297456118 0.10225117857452 0.0113684173700263
0.141787822705328 -0.109926066813962 0.0618398076631003 -0.00425080547513864
0.153740617155383 -0.0501479269680574 -0.0516983398151634 0.0225576832796816
0.126607180473082 -0.0819038186674368 -0.0853441154199861 -0.0316823561667004
0.0844766475662996 -0.113303987952394 -0.139075875599806 0.00413478275033058
0.00403210003211229 -0.124718050518217 -0.117974178677229 0.0571198923629959
-0.0616021230082743 -0.0989750032851214 -0.0717605026050589 0.079081147882445
-0.0904941412650352 -0.0526042022105238 -0.0254734458555901 0.0778020009060774
-0.099526528175809 -0.0196216092605237 -0.00682095728114178 0.0561960346201856
-0.1111360343332 -0.00827166922140521 -0.00545729553612262 0.0184303633388973
-0.112390622739336 -0.00941504758415613 -0.0158881463445017 -0.0127846847892313
-0.122456290938294 -0.0186112274104851 -0.0154753996102375 -0.0545403895342551
-0.122781975316279 -0.0608385344453037 0.00533293245658718 -0.0831715847178868
-0.0779923501715311 -0.118702898073103 0.0751329217259924 -0.0780657186436428
0.00204934603415566 -0.156404556533344 0.115006311056546 -0.0273707466388959
0.0901282164200926 -0.1445978876038 0.0823645195026057 0.0299886078475475
0.149257669954407 -0.0931523937036182 0.00864963431787191 0.0236113484996548
0.139894584260979 -0.0403833195392033 -0.112716274858111 0.0454970863252519
0.120636849529729 -0.077420209999952 -0.117774279436199 -0.00597575142260362
0.0774280385792627 -0.112279832805436 -0.140681548805817 0.0109745408420684
-0.00242427623565877 -0.119246643334861 -0.116265341514268 0.0340462039451179
-0.0608445551154365 -0.0911811358370752 -0.0922550584215006 0.0504263583743559
-0.0844314883868727 -0.0465914940677783 -0.0614448245467683 0.0598116871804931
-0.090908341119528 -0.0180206222606495 -0.048044727011424 0.0496061103570262
-0.0972587831086625 -0.0142960651565445 -0.0473131708047112 0.0154964594373684
-0.0958172746724441 -0.0189716030482553 -0.0543198917376219 -0.0162801258954718
-0.0993677812563684 -0.0296451355957713 -0.0454307284113914 -0.0627208927686448
-0.0920689877261558 -0.0654007525221634 -0.0157355792537161 -0.0958547919059161
-0.046913485244965 -0.110693917822583 0.0642655124599157 -0.0888703449098206
0.0292859721201104 -0.131391477421326 0.105499536224525 -0.0224378832410507
0.0991756735367542 -0.109679425527087 0.0589398512631447 0.0415646650712264
0.137776360979922 -0.0597143758116849 -0.0423334414133712 0.0406215965672649
0.100511301712049 -0.0224137073684422 -0.156870680177309 0.0655780300300213
0.092249862674891 -0.0545406577421198 -0.137198707713497 0.0196388719759552
0.0575557695303031 -0.0835999112388919 -0.133304674940218 0.0152516797861544
-0.00455122331449572 -0.0856570446469681 -0.112536657011879 0.0128856397173515
-0.0439372587294614 -0.0648094363100163 -0.109674795214277 0.0270585495839707
-0.0597929141103593 -0.0334415302867641 -0.0923782441417356 0.0469285002356712
-0.0657131650729447 -0.0140872469553918 -0.0831587258275275 0.0441738540938872
-0.0693249505875032 -0.018275873240651 -0.0808868720266089 0.0102641608800701
-0.0654463316407543 -0.0245394745754291 -0.0816944265949072 -0.0251166908463772
-0.0635347308270908 -0.0351185923379655 -0.06228338069845 -0.0772125553179257
-0.0516383410636739 -0.060299725613693 -0.0202177700762973 -0.109088905345465
-0.0117834888168196 -0.0865451331661666 0.0612427090797241 -0.0940095643757956
0.0500989521925116 -0.0894672080878829 0.0940718362438151 -0.01730009919045
0.0943626845315018 -0.0603720794619521 0.0340089517834871 0.0417716049417897
0.105817657063878 -0.019597908739409 -0.0826033614328393 0.0425639000593471
0.046503316461208 0.0049919569924914 -0.177181813129757 0.0783231461088068
0.0516713715461349 -0.0173047863148231 -0.140728132346236 0.0358530974664722
0.0324929088532087 -0.0355585585765353 -0.123690778606947 0.0141373233324825
0.00142654490215948 -0.0372364178523653 -0.111424713046477 0.000597989863466963
-0.0130679016087708 -0.0295722649375901 -0.120106281087738 0.0172640506788093
-0.0220313604706731 -0.0177774862772471 -0.111131255642252 0.0411564614845013
-0.0284432269544202 -0.0113073903767918 -0.10432411909698 0.0400203517115644
-0.0311314163708982 -0.0193483945827366 -0.102009675494093 0.00434431467998224
-0.0275144697245918 -0.0227368833760977 -0.0957666110581755 -0.0372248937216608
-0.0246853365259172 -0.029101425443327 -0.0647399475998874 -0.0915174060428287
-0.0165448617334561 -0.0419974892968643 -0.012583994791587 -0.119938459678808
0.00779240908954214 -0.0527942341452618 0.0658906205178838 -0.09511771521435
0.0503193673985252 -0.0460133216137868 0.0838834587330352 -0.0145616823103547
0.0694823679947616 -0.0143845860237442 0.0159745371439909 0.034433262557752
0.0573188677744908 0.014980882730508 -0.106343829235502 0.0327894808207691
0.000269350178645712 -0.0292802143400438 0.122657271462499 -0.0263980293074819
-0.0232353132498672 -0.0106957518971 0.0110734863417554 -0.0608548855786927
-0.0222197078379369 0.00756324149855399 -0.0756745701652903 -0.0122719264515634
-0.00661040502423278 0.00833685933088591 -0.0920725117571222 0.07517859784181
-0.00931108122036302 0.00389131405724892 -0.0256812669599941 0.120754824568889
-0.0101479005525329 0.00444006310218073 0.042790386702 0.104347095059809
-0.00902632048199996 0.00731992974624534 0.0880589455723218 0.0669047305732684
-0.015684064733947 0.0120832672144803 0.108457322468511 0.0191495574152388
-0.0186193965161209 0.0116365901825907 0.110658177507555 -0.0112303889322084
-0.0237732637842587 0.00572009731041374 0.112292876225041 -0.023220969686991
-0.0243747551608889 -0.00834963094609146 0.119857735940649 -0.00580756141746993
-0.0146633397045736 -0.0185578092522211 0.119063839433082 0.0190058660188305
-0.0139719937189936 -0.0224333642645995 0.116464856993926 0.0143612861085114
-0.00537107728350169 -0.0319605395584328 0.13875778791233 0.00585203033652676
0.0186906810844835 -0.0415105783289533 0.175858369661067 -0.0389485825501282
0.0529106664764138 -0.0334625241229063 0.107283220633776 -0.0112901245515821
0.0198643753280695 -0.0246158720684109 0.00942344368691398 -0.0544779275464076
0.00958160567637868 -0.0142745557491105 -0.0809883532167538 -0.0117777381740752
0.0057583996349273 -0.0214459026616109 -0.0973581184378602 0.071538126001854
-0.0158346318813411 -0.0264735025926202 -0.0359898897857046 0.116609620152588
-0.031264289231208 -0.0175917270788833 0.0319250302370995 0.106396495400584
-0.0394040600863861 -0.0061650650751252 0.0763660243743416 0.0719059222965545
-0.0536262844405032 0.00358675567497691 0.0957947311161794 0.0231379547262891
-0.0584375471163728 0.00262469523380033 0.0956307401108628 -0.0100335457200622
-0.0663707604631023 -0.00730298642990493 0.0960068506386768 -0.0304389645329417
-0.0644279549303402 -0.0375168922234814 0.105969428321124 -0.0226012521377512
-0.0350413545659511 -0.0663802020091362 0.118215225284161 0.00125014809248587
-0.00244926038914733 -0.078284508030724 0.118950394752697 0.00632003085003973
0.0362947985659532 -0.0777824524858109 0.125330237598385 0.00777656512880919
0.0762766650247737 -0.0672219802334215 0.150540424664042 -0.029929857654246
0.100635440829012 -0.0326939529517568 0.0720012001423771 -0.000177391199090472
0.0661191008167937 -0.0360946627274743 -0.00594873749078614 -0.0532296400781318
0.0459507282848339 -0.0406517930352745 -0.0952525586979549 -0.0131791383512536
0.0181245851501241 -0.0563621699082293 -0.104806273085445 0.0654228922301092
-0.0233253015942681 -0.0584235032030222 -0.0461589532648559 0.107555166330968
-0.0509571924014162 -0.0390330113492141 0.0172059348684668 0.0998949959742053
-0.0661808162170442 -0.0189787654592898 0.0555928580208437 0.0687384874426059
-0.0836955792692941 -0.00542466698100986 0.0692915702930139 0.0238094584372993
-0.0890897761606666 -0.00444151945627953 0.0668172703991733 -0.0099270196716786
-0.0997585430488892 -0.0154353538601771 0.0674662126613698 -0.0378295228196368
-0.0991211271991084 -0.0551437665998128 0.0814234270240002 -0.0420521610143158
-0.0587800012475368 -0.100488512747994 0.111256410963124 -0.0227834328385808
-0.00074283024519405 -0.124486754546974 0.119981304341316 -0.00204390741171115
0.0652520098107584 -0.116662572681188 0.110239765356315 0.0159230654577669
0.12039175515571 -0.0862962407994783 0.109015947967964 -0.0127953842699025
0.13411422237561 -0.0305862189343278 0.0196815390206346 0.00999222845102851
0.105503474348361 -0.0495052534194031 -0.0334115481144333 -0.0503054877565919
0.0775742724393498 -0.0718243336032573 -0.110812220516126 -0.0138017773930205
0.0234957869954754 -0.0923780024738224 -0.109430726567018 0.0556847922931819
-0.0338346119451464 -0.0864059097508141 -0.0568381780947858 0.0899765201217271
-0.0681810964082352 -0.0548814218167288 -0.00388615617940899 0.0853171618098181
-0.0847236326725415 -0.0272724052234548 0.0259329560553313 0.0612245806880648
-0.101713170212101 -0.0132600921535273 0.0333028676225694 0.0218218035651517
-0.105476956406829 -0.012873199450106 0.0286513528127213 -0.00990230388508159
-0.115944795317775 -0.0221709548254068 0.0308489547105423 -0.0439089124878826
-0.116838751488517 -0.0647511524562835 0.0490996788500605 -0.0591491351591748
-0.0713223510882444 -0.118085506770716 0.0987069078180543 -0.0454833935680123
0.00238367530712929 -0.149403592481802 0.117940505740542 -0.00776870933586344
0.0861773344785959 -0.136074607196933 0.0932842327592599 0.0292962520030915
0.146844503496409 -0.0897245740588233 0.0570783982863069 0.0100593056420061
0.146595162248253 -0.0276510531810571 -0.0426929564368865 0.0224877841960309
0.125577080583198 -0.0583571227807037 -0.0688233617519018 -0.0377265028865367
0.0923936433527921 -0.0934178716221399 -0.121143722628627 -0.00989624033594042
0.021090675363997 -0.1145516919977 -0.10928785206071 0.0388681580573057
-0.0429622152608602 -0.100045443974242 -0.0706725813168603 0.0637280789580439
-0.076683031184979 -0.0605901936798388 -0.0314691020275274 0.0647807195359054
-0.0906242243129691 -0.0297204024850035 -0.0107465770710248 0.0510400313351208
-0.104001086768134 -0.0201235774123802 -0.00736736420534501 0.0167736888623814
-0.104645738588915 -0.0217676377666034 -0.0123700639100664 -0.012848801270569
-0.1121369808884 -0.0306897547874097 -0.00509850891571221 -0.0513182510217542
-0.10839459377758 -0.0706595583647755 0.0188175993309805 -0.0736349530980789
-0.0614564940165188 -0.121084476511239 0.0843678621890213 -0.0627181897249427
0.0178865507691387 -0.148443378475518 0.111671711493666 -0.00816717526001837
0.100775628876395 -0.12711953569081 0.0722425663328857 0.0439353089070173
0.152823875468032 -0.0729922378647191 0.00139287393490958 0.030329578224168
0.132557744604684 -0.0202803273236775 -0.102318035335473 0.036307547687071
0.119955097650596 -0.0549466741256928 -0.10192055809646 -0.0166664599843085
0.0864521271579478 -0.0935549076704751 -0.123122109113462 -0.00431578861032649
0.0141105327592568 -0.11008156177259 -0.105318293243728 0.0174771190315073
-0.0439945046358983 -0.0928392791715535 -0.0863823082285284 0.0341224271104346
-0.0714760637504791 -0.0543985668783246 -0.0624430975970725 0.0454272990123116
-0.0827944256997306 -0.0269313292063387 -0.0485625546209503 0.0403866012194571
-0.0912040619370542 -0.0241224888574126 -0.0462218988657282 0.0103179922774744
-0.088155165869375 -0.0283724022614352 -0.0480162943478421 -0.0198877004356585
-0.0891067433469711 -0.0380097594279586 -0.0331982007749281 -0.0620802414056283
-0.0791400648928871 -0.0713306089593989 -0.000603653135618349 -0.0876257442011308
-0.0323347495546469 -0.108335161405546 0.0734261677779623 -0.0743264080032719
0.0407683849524977 -0.122139257559631 0.101192119254564 -0.00509177774886562
0.105926777546835 -0.0928761643756411 0.0471045395535356 0.0507742894907246
0.138363604052167 -0.0415730602362525 -0.0497196789844432 0.0394343358316454
0.0945706566394513 -0.00867957007563818 -0.147245239247344 0.0491142248364598
0.090729675894373 -0.0381414033565562 -0.124042624273475 0.0049055875639184
0.0636812633220671 -0.0691556548977683 -0.118776255539983 0.000142543299558934
0.00735824079495853 -0.0794870131453111 -0.101123003219152 -0.0022576696745111
-0.0310749140819598 -0.0663443184866397 -0.101285540726915 0.0118295936596991
-0.0504449483147481 -0.0390727350458434 -0.0900779170147914 0.0311778846526269
-0.0590939340302999 -0.0207743935078421 -0.0812609009646309 0.0323154249738879
-0.0638089915065145 -0.0248525312521163 -0.0771772191027821 0.00196817490619686
-0.0588156003287851 -0.0300756961567664 -0.0735011768851696 -0.0312726349392381
-0.0549824453599188 -0.03906218673531 -0.0483887192905813 -0.0767190607757369
-0.0410231819431591 -0.0614746190069134 -0.00486025024261949 -0.102127154313732
-0.00252174268888988 -0.0818597791189904 0.0706789857785694 -0.0798471335655474
0.0568645275443714 -0.0802410515939959 0.0899861588861106 -0.00326245858888503
0.0962157432988558 -0.0465981864893583 0.0230724295552179 0.0464861599735295
0.103487921610778 -0.00692723445808676 -0.088314177168228 0.0357729489284579
0.0416985688690227 0.00973879953017904 -0.169938421580679 0.0565638022518071
0.0491257024416099 -0.00892771014809997 -0.132459766184479 0.0197985481733513
0.0348719830901339 -0.0287786095149127 -0.112885974676346 0.000379741309266802
0.00659491927174949 -0.0341018670077014 -0.100731111703732 -0.0127733930600087
-0.00832751370629688 -0.0296827377739949 -0.111222627031708 0.00250525943785102
-0.0168001886313912 -0.0193790224238049 -0.106948577715044 0.0255326473949249
-0.0246686947150976 -0.0131848548898369 -0.101242344008306 0.0267243414640797
-0.0275678922333802 -0.0216481513393655 -0.0954066516859179 -0.00618957235044156
-0.0232371170443741 -0.0243538096000305 -0.0856820210609632 -0.0445597265076171
-0.0191511341855803 -0.0295670937929915 -0.0505347840192532 -0.0921120077396701
-0.0106107002560299 -0.0399411666257683 0.00250956746262739 -0.112011879513108
0.0120688494679602 -0.0477023629701432 0.0742353127468136 -0.081355820647003
0.0523365892896856 -0.0389768341806988 0.0802128543759061 -0.00293467827960588
0.0673202833398818 -0.0056994351794077 0.0079627764351273 0.0347317153114035
0.0535723351138092 0.0212533233079085 -0.108401584807553 0.0210140008254785
0.000553920632466089 -0.028066633228846 0.117261183734204 -0.0237464399256744
-0.0222288095048776 -0.010571010006504 0.0114622998414161 -0.0599942371698177
-0.0215362260386757 0.00688804220806944 -0.0731854023798261 -0.0142645336129866
-0.00627033046285805 0.00802341385961309 -0.0908617109209213 0.0696903804450506
-0.0088373067040384 0.00352804658399656 -0.0278068230173794 0.115550215660243
-0.00978462797788921 0.00429846019184794 0.0379543350062715 0.100795106020566
-0.00931792592014598 0.0068094392005703 0.0827367697410005 0.0652360117035042
-0.0154910146023405 0.0112207780894341 0.10421991152713 0.0184815845214846
-0.0178348749410059 0.0109557732183097 0.106898453405066 -0.00924261813281595
-0.0236757376992357 0.00512049918762713 0.108555572416456 -0.0204744382940501
-0.0237202718184889 -0.00845273612503123 0.115823091995481 -0.00336553758563812
-0.0140119953287837 -0.0178695373545877 0.114166230913378 0.0211198722656192
-0.0131060168150891 -0.0218433695907429 0.111879756428952 0.0173222203788407
-0.00434216057180912 -0.0309068632382087 0.133923913655239 0.00916256197640803
0.0188723827078502 -0.0398977466171125 0.170501997277372 -0.034279191933003
0.0512639918283112 -0.0307123524979866 0.102560495758206 -0.00967053461783118
0.0196507387834243 -0.0224897498005112 0.00958562967384164 -0.0540134444738384
0.00932101001196359 -0.0133191386672517 -0.0779758795901154 -0.0138253352997231
0.00621589630417209 -0.0200484396198878 -0.0956272435454981 0.0657455293310795
-0.0143880509554706 -0.0255159806439924 -0.0379993431695032 0.111374028060149
-0.0296364095377191 -0.0173748917652697 0.0271571263193051 0.102181799561399
-0.0379920896661181 -0.00730635912306315 0.0721655170167427 0.0689399655014559
-0.0513544376097253 0.00274559366124622 0.0923211071879632 0.0220747066169499
-0.0558984712010778 0.00204614588936121 0.0924773836707607 -0.00880257565510099
-0.0636374006847491 -0.00782557424297702 0.0936915244357014 -0.0276572598409904
-0.0614734784666362 -0.036570658216407 0.103056001246621 -0.0197356613067122
-0.0324026336697815 -0.0647377660544395 0.114199749182434 0.00368516191595643
2.47096259863803E-06 -0.0757193969346283 0.113688710137976 0.0095209234568829
0.0367644808512123 -0.0743711191358651 0.121102484509988 0.0105644776408415
0.0751653856957629 -0.0637399936157691 0.145378998888446 -0.0258337029172473
0.0973467850049254 -0.0285937792802417 0.0686091103521659 -0.000232372473322708
0.0643091624043173 -0.0334472709556837 -0.00502826488852417 -0.053411941816458
0.0454069384510122 -0.0380975476364787 -0.0918584938444381 -0.0157757327703397
0.0185462102082819 -0.0534364680645627 -0.10226141704425 0.0601819744477138
-0.0211840054619471 -0.0560988006847088 -0.0472136212127794 0.101586253916852
-0.0481290638383266 -0.037818211050401 0.0136963697643944 0.0954621871978611
-0.0638167363338474 -0.0196776787737014 0.0516241031012437 0.0669606429621133
-0.0811005383650137 -0.0058060539395102 0.0668884218096191 0.0226520575809789
-0.0858485589132028 -0.00528847208172809 0.0647791215300468 -0.00876921621666444
-0.0951708191692121 -0.0157319261335518 0.0664603025464063 -0.035684016047596
-0.0946411601437243 -0.053741461041006 0.0799961945518971 -0.0388916979474219
-0.0546083315121238 -0.0967766755280925 0.108185383593695 -0.0194807027096374
0.00174555955104737 -0.119410846413576 0.115087166752667 0.000973116138046991
0.0656444301279793 -0.111366788190524 0.105543260119788 0.0189446655507289
0.117904624944796 -0.0811802196303553 0.104259721095831 -0.00983523755988364
0.12959619344819 -0.0259631103188881 0.0183802609741183 0.00883922585471808
0.10230510433245 -0.0454707599107704 -0.0316288773687688 -0.0509582195281661
0.0764224402513529 -0.0670073730684904 -0.105725872880511 -0.0161714614552256
0.0247143932536104 -0.0877206685419546 -0.106950178862488 0.0497185113575981
-0.0310913822391742 -0.0831359596052653 -0.0571013646806839 0.0847656579552482
-0.0642674536368554 -0.0531032120492631 -0.00582334449075627 0.0810388176893933
-0.0812484708283216 -0.0275895975475533 0.0226037848079469 0.0590668415972019
-0.0978522057342232 -0.0142081025796725 0.0315789647637759 0.0205880439155503
-0.101089594156952 -0.0136903103154419 0.0280488572837378 -0.00920130083685832
-0.110755103347809 -0.0226419839929358 0.0314764219259525 -0.042349515654022
-0.110819742962897 -0.0624873416491418 0.0498383727071108 -0.0554357856644045
-0.0663265363411538 -0.114082960616635 0.0960507436227409 -0.0411295118983012
0.00531324083480409 -0.143977401995356 0.112913176570662 -0.00537957793558684
0.0857334979936078 -0.129821306227643 0.0887622869881167 0.0309804187295174
0.142602648606549 -0.0832817829230452 0.0536042778352481 0.0110343329459802
0.140645147495625 -0.0231354637252232 -0.0416530308632022 0.0197742472427183
0.121126925940473 -0.0533816207963018 -0.0650501307518976 -0.0398854000103411
0.0911884725369992 -0.087783199286917 -0.115722497037206 -0.0123454030284826
0.0223756008717968 -0.108871093506707 -0.106613683469982 0.0338067496800399
-0.0398618893445618 -0.0960708667145176 -0.0697709528563629 0.0589613802421819
-0.0722308526127662 -0.0591481122016736 -0.0316768076013673 0.0616841871321439
-0.0866692735208941 -0.0302218005627195 -0.011299085099685 0.0482203348905435
-0.100041748449575 -0.0202177826763395 -0.00694438039496925 0.0162348550522906
-0.100457288151759 -0.0213826938801127 -0.0106901128205129 -0.0123865295381405
-0.106806963744299 -0.0302126284604387 -0.00389388954447961 -0.0492536628442935
-0.102856350663207 -0.0682198040717966 0.0212258535401264 -0.0702794224868747
-0.0567079181462192 -0.116975353650482 0.082801332100377 -0.0582277328853816
0.0201232708995598 -0.142776719759473 0.107411562367505 -0.00580338126404843
0.0995413930699933 -0.120281610403569 0.0678519265811884 0.044032627284251
0.148627793445748 -0.067297520505055 0.000119520314067571 0.0294338718801184
0.127329529275559 -0.0163731188268973 -0.0983986992387684 0.0319659998452143
0.1158627877536 -0.0506350787319457 -0.0970160687401598 -0.0197145601798894
0.0850878935737281 -0.0880116655689758 -0.117501936976451 -0.00706419818444481
0.0150483438638141 -0.105333702733388 -0.10259057483207 0.0133579904259186
-0.0404855296090186 -0.0894197147847144 -0.0847951764990772 0.0300937614964811
-0.0671613319818986 -0.053367183462606 -0.0614016014646965 0.0417346823656297
-0.0782731899648809 -0.0270545307987258 -0.047318442197447 0.0379413348296109
-0.0874494119731949 -0.0237683155566124 -0.0443165490462756 0.00957889708614074
-0.0842136416388418 -0.0286175829930448 -0.0454745429389829 -0.0190648089793439
-0.0845111721031918 -0.0369873775644958 -0.0301940137210757 -0.0601040999470256
-0.0741895762620614 -0.0686064437259591 0.0025186539313657 -0.0838293982187248
-0.0294074737935943 -0.104086863623109 0.072189175862178 -0.0698137416115258
0.0419592398501417 -0.116604333523074 0.0970702083964771 -0.00368536791807631
0.103524795427657 -0.0869396380891172 0.0433914724498789 0.0502460345974621
0.133303738156469 -0.0373453589230888 -0.0487465079796202 0.0373145379906375
0.0905450331209408 -0.00582000820286308 -0.142184045753263 0.0436469569394073
0.087806307367121 -0.0345846528844425 -0.118700932215328 0.00130152310831985
0.063043709417015 -0.06530655404264 -0.11378526895874 -0.00275396983117004
0.0090068004539053 -0.0757902870662929 -0.0981668092187503 -0.00549761930033174
-0.0292279754720842 -0.0640020284978406 -0.0987278452751491 0.00855633173624486
-0.0467130183021531 -0.038234330751752 -0.0873974582832481 0.0280449489069542
-0.0558920611895173 -0.0206858938791818 -0.0781087945304454 0.0299958414878195
-0.0617193288446482 -0.0241687511905459 -0.0747397845161359 0.00173446087066242
-0.0560806283936731 -0.0301875266625376 -0.0695229165105947 -0.0303696254337615
-0.0519273193112675 -0.0376018615927789 -0.0445597691151031 -0.0748115217827192
-0.0388080974515262 -0.0586911269877805 -0.00181397641591187 -0.0977128918544552
-0.000923094282880638 -0.0779586896042959 0.0701705848995399 -0.0745895811623439
0.0561241329301817 -0.0765724682810892 0.0864732834298098 -0.00149386123456585
0.0936440789851491 -0.0427770040049961 0.0212368971350478 0.0461072279017784
0.0997724403162806 -0.00445177665506953 -0.0852473567934749 0.0329523040232217
0.0395802672886755 0.0104402153118248 -0.16434722091727 0.0506673971972494
0.0464460540003259 -0.00725594296832678 -0.126446733015511 0.0155131200862814
0.0344813518101258 -0.0271839208245071 -0.108129616835002 -0.00257596128439766
0.00676083799353938 -0.0320818907888981 -0.097476905004105 -0.0156206712423972
-0.00757817400368371 -0.0283385943486362 -0.107670111435707 -0.000757931782999982
-0.0150684999942669 -0.0191740508049024 -0.103516453249679 0.0223483545490805
-0.0233497868983911 -0.0126904029432857 -0.0975805400721189 0.0248302311879043
-0.0261703387210862 -0.0204939998535795 -0.0918572604737133 -0.00618981239159693
-0.0222474879610619 -0.0238981943319341 -0.0814093909270503 -0.0433910205853401
-0.0178385855012459 -0.0279561764514462 -0.0463657667824884 -0.0891376781210429
-0.00923931011238588 -0.0377856779307676 0.00541294951533267 -0.106715944852212
0.0128503346146509 -0.044929884779944 0.0736310113744411 -0.0759510205848337
0.0508385011820462 -0.0364801253872339 0.0779257614450391 -0.00141602188064867
0.0647738924784098 -0.00387624044237671 0.00666662917202613 0.0348113306527182
0.0507633232832763 0.0211814136718109 -0.103983383783586 0.01846472861022
0.00121162458293977 -0.0279451911810097 0.117261859193311 -0.020516227592587
-0.0212360429331316 -0.0114794682742862 0.012853366562246 -0.0602310307874857
-0.0215122642503001 0.00612997289648193 -0.072950421709605 -0.0186968016126906
-0.00634309260062031 0.00770439231184875 -0.0936339318633578 0.0668773129539829
-0.00908889793195624 0.00341947988778552 -0.0319516010359011 0.11401805930466
-0.00941660855647265 0.00460447908653273 0.033616196376508 0.100760897108132
-0.00997030386280579 0.00592035778925296 0.0808786335040888 0.0662321004927086
-0.0160808339405389 0.010736575180642 0.103586212285371 0.0198139551903265
-0.0179270269399279 0.0102761958605515 0.107053222267526 -0.00699763284053884
-0.0230767971550613 0.00425181308664698 0.109038844636024 -0.0169025619408182
-0.0233262036206925 -0.00959294371775392 0.11564809059769 0.000968449223860522
-0.0137647289113442 -0.0193879865272971 0.114329243770637 0.0254656488355546
-0.012487952478974 -0.0221669885118723 0.110890792511702 0.0224265465655475
-0.0024978483211987 -0.0312284227377511 0.133136763277002 0.0147185449768425
0.0197655768139779 -0.0392784125172254 0.171117679278299 -0.0279238156551761
0.0523017557834205 -0.0284077565679927 0.10240032636946 -0.00754000845580195
0.0208577352572832 -0.0217266012093099 0.0105786906673211 -0.0548076435455294
0.0106326298242678 -0.0129651846196513 -0.078250033575993 -0.0173620708157656
0.00701139824619795 -0.019496751744128 -0.0976885421608031 0.0621252417290417
-0.0139891693195491 -0.0258341869993411 -0.0422123873377981 0.10950296082582
-0.0289397841625355 -0.0179123467773969 0.0231271352012652 0.102208958689974
-0.0382171134471597 -0.00820360846153876 0.0691796280388102 0.0701656094285069
-0.0521033545470851 0.00137160725180766 0.0912755645679133 0.0231823661849618
-0.0567214051828185 0.000857082991080445 0.0931675198820131 -0.00697124878212805
-0.0632826594990462 -0.00933582563607906 0.0942332641687843 -0.0255286906093016
-0.0605336779011291 -0.0376853164411678 0.104929068297212 -0.0157719409290422
-0.0303419828400247 -0.0656508718282881 0.114257519136647 0.00902225030335027
0.00204514047203256 -0.0755673149499768 0.112825139422142 0.014017047566716
0.0398488384927552 -0.0733959220657935 0.120618710348905 0.016058322627951
0.0766554240161341 -0.0615263535103826 0.146113788645052 -0.0209879551932319
0.0973280941996155 -0.0252232264814744 0.0680730867385831 0.000877289193251822
0.0653788304068136 -0.0304709268703782 -0.00283370723343821 -0.0555604688633781
0.0471368846303202 -0.0366159164502113 -0.0907806958151285 -0.020176493882266
0.0204756699306981 -0.0525255710487513 -0.105308325930099 0.0562641484319987
-0.0193675551317084 -0.0565047280116537 -0.0511419291327985 0.0998628512722925
-0.0466157761934558 -0.0389730992943014 0.00987822222668036 0.0945343844056693
-0.063335941248604 -0.0212887632140441 0.0495940230129555 0.0668658173009072
-0.0809968195083373 -0.00785137699140064 0.0657694532887422 0.0230670479826733
-0.0855421705755969 -0.00748845323583354 0.0652295058955531 -0.00711242716400765
-0.0945319516346973 -0.0180203216161931 0.0669892635235467 -0.0345685279309065
-0.0923723847044439 -0.0552600822099297 0.0817516045643082 -0.0358705633524101
-0.0509734078801059 -0.098245594830038 0.109366338071573 -0.0151969455639741
0.00587497709436073 -0.119834610205215 0.114225237783549 0.00485252728371588
0.0694307604462613 -0.10913122747671 0.104961994098819 0.0226769524911469
0.119715907833648 -0.0774712551818733 0.103975497536242 -0.00600174702747839
0.130379442067551 -0.0217158616170483 0.0173424718340803 0.00824696673749339
0.103186672784864 -0.0411532294931475 -0.0294788962573236 -0.054252117862955
0.0788280980215264 -0.0643555984193723 -0.104613635748817 -0.0203842170932903
0.0271916307142165 -0.0866197665345819 -0.10920322056408 0.0461934621178513
-0.0286666790351772 -0.08327778015868 -0.0611400962016402 0.0820488553018912
-0.062594589909696 -0.0548130888996524 -0.00880791804161266 0.0802882393479457
-0.080017081531833 -0.0301670090951614 0.021140137570728 0.0584913323096058
-0.0975962342460513 -0.0162147160481459 0.0317840036661859 0.0206252045460906
-0.100676919285751 -0.0157269071567426 0.029240688900493 -0.00869038511417954
-0.109535012813905 -0.0244870379144745 0.0330530301172213 -0.0418866324114609
-0.108914250917707 -0.0643596234339343 0.0530878441595015 -0.0533486143186797
-0.0626746490733927 -0.115343466587822 0.098344908729541 -0.0377926715933642
0.0105051704082601 -0.143617544097031 0.112756519152366 -0.00104969895603073
0.0892602609050559 -0.126900905542717 0.0871624445345708 0.035143649060675
0.145041449219855 -0.0790817838638706 0.0527606079287589 0.0130295849381211
0.141087459956591 -0.0171637443973335 -0.0422328948720412 0.0168366084618257
0.123091919425029 -0.0482734472258373 -0.0627496519250107 -0.0439855760163731
0.0945198295967869 -0.0846841852719895 -0.114044854939665 -0.0179806265933052
0.0258002359028056 -0.10744071703464 -0.108073742490248 0.0291564333774946
-0.0369277957273823 -0.096453892763981 -0.0731913038163646 0.0555962372720001
-0.0698795409682142 -0.060461191528552 -0.03423710396701 0.0597407386188084
-0.0854386759682643 -0.0321308768302666 -0.0133502059198518 0.0476195584220735
-0.100073032325935 -0.0222021765218187 -0.00749535699947868 0.01560032315563
-0.0998430493862654 -0.0247601031919191 -0.00996807134146347 -0.0119345081802961
-0.104806722827816 -0.0323270383899602 -0.00184022579011535 -0.0498419698581024
-0.100581739107443 -0.0696580782489005 0.0248199070222535 -0.0689552976532214
-0.0529834778905864 -0.116941507333038 0.085483397762283 -0.0552704843473712
0.024351590159135 -0.142084745889655 0.107359309464256 -0.0023393747442071
0.102853522233232 -0.116875836389883 0.0654714083174977 0.047667496203995
0.149534247856994 -0.062601723596676 -0.00147395003339919 0.030111362554569
0.127088586054978 -0.0118103549039297 -0.0996780939102628 0.0274010719461395
0.116778357804701 -0.0456584885439578 -0.095507348194559 -0.0245379569669466
0.0883582381109372 -0.0851206536267475 -0.116069011964915 -0.0122646077659196
0.0190674239642374 -0.103345440568685 -0.103063033743354 0.00852874608828337
-0.0377612451982578 -0.0900579380857686 -0.0872869202685472 0.0269600095605678
-0.0649515537824756 -0.0552226918455179 -0.0624482230943967 0.0392199161827774
-0.0769037048640491 -0.0295694757014597 -0.0479928558326217 0.0363607610060781
-0.0872674453799347 -0.0257705788111964 -0.0446723169952453 0.00871633324489555
-0.0834227245209522 -0.0302585808419206 -0.0442993116884082 -0.0202478935249139
-0.0823240778406711 -0.0392125670784509 -0.0280761581066038 -0.0614328958759006
-0.0720285131045652 -0.0691136561127255 0.00624882231356675 -0.0835367461758664
-0.0256376124408637 -0.10388679886326 0.0746523790103302 -0.0664305238171922
0.0454428882419239 -0.115261278548817 0.0977046911969398 -0.000707754571073463
0.1058953455529 -0.083557724076652 0.0412177286601468 0.0520793061820312
0.1341273203763 -0.0333179472435166 -0.0500235858169327 0.0370788931287558
0.0900445150297018 -0.0021370325567276 -0.143264340656769 0.0383308633133773
0.0879695276355334 -0.0312176650836157 -0.117813113105483 -0.00422997783591659
0.0655710641015296 -0.0634043626548557 -0.11254465986738 -0.00781425998680076
0.0115340537255273 -0.0747794351211961 -0.0980400738194302 -0.00917934038233354
-0.0276161093113673 -0.0639633588980916 -0.0996299948494034 0.00459639153558372
-0.0453707945672883 -0.0393541022598464 -0.0879794244715284 0.0250375662259348
-0.0547811131032049 -0.0221707154090972 -0.0787336618373971 0.0282756290639628
-0.0615279964678707 -0.0255611572081327 -0.0744852658778647 0.000899384159964825
-0.0554345381522421 -0.0315614787883263 -0.0680419287399441 -0.0318299830421468
-0.0497620118077657 -0.0384904812964181 -0.0420870639230908 -0.0753034919221674
-0.0360938670621337 -0.058982195003878 0.0022752913778618 -0.0970222142795006
0.00151727006911494 -0.0775110289956919 0.0727972260257995 -0.0726545154793982
0.0579816706487406 -0.0740932878134971 0.0866531971583288 0.000645205525643935
0.0941161302175074 -0.0390783742593623 0.0189631661473967 0.0465703374178809
0.0991848696690415 -0.00102124545849325 -0.0861897038569379 0.0307729603662738
0.0392786823899528 0.0125526953238341 -0.166357477291264 0.0446795167108665
0.0466976814032351 -0.00541193939736613 -0.126758207331458 0.0108041731182093
0.0359773260548466 -0.026124946283095 -0.107447780375448 -0.00711995609149503
0.0084127297497686 -0.0313246682229692 -0.0974050350876365 -0.0197573486441895
-0.0066628973499836 -0.0282822669831349 -0.108395238274817 -0.00463402680548976
-0.0140909146076593 -0.0199289120754328 -0.104248495606591 0.0195173954481527
-0.0226233006849256 -0.0132211644134292 -0.0974157965727518 0.0223523293099323
-0.0263974966864318 -0.0208932272901595 -0.091545833250453 -0.00737250992856545
-0.0215637869690019 -0.02492559140367 -0.0792136592089227 -0.0445791075421891
-0.0169164601574959 -0.0280808431299847 -0.0428848954711752 -0.0894947647283977
-0.00810837662426108 -0.0378663388204241 0.00993380323197329 -0.105892288198647
0.0142876376015857 -0.0440049708022603 0.0763719193001342 -0.0724858117541751
0.0511498332255993 -0.0347926020737395 0.078367238276306 0.00182937996092798
0.065078608491141 -0.00163366175146575 0.00503984685206132 0.0349507947952122
0.0501546006525441 0.0231745614342209 -0.103705563843634 0.0156035151105775
