TRXV5
3
4
4
9
string Extension=J
integer IsArchMeasurement=1
integer IsSpherical=1
string Generator=SPM
string GeneratorVersion=1.3.1 Dev
double ArchRadius=0.449999988079071
integer FrequencyAxisIndex=0
integer AzimuthAxisIndex=1
integer ElevationAxisIndex=2
Frequency
5 136 690000000 960000000 LIN
Azimuth
7 8 0 2.74889357189107 LIN
Elevation
7 15 -2.74889357189107 2.74889357189107 LIN
Polar H Real Part
13
Polar H Imaginary Part
14
Polar V Real Part
13
Polar V Imaginary Part
14
Polar H Magnitude (dB)
12 0xC0000002 0 1
Polar H Phase
7 0xC0000003 0 1
Polar V Magnitude (dB)
12 0xC0000002 2 3
Polar V Phase
7 0xC0000003 2 3
-0.0265045166015625 -0.0531005859375 0.132011413574219 0.0306472778320312
-0.03924560546875 -0.0447998046875 0.0925979614257812 0.00843048095703125
-0.0586662292480469 -0.00999832153320312 0.000786781311035153 -0.0104875564575195
-0.0425071716308594 0.0232734680175781 -0.0516929626464844 0.0294723510742188
-0.0158233642578125 0.0272045135498047 -0.0604248046875 0.0724258422851562
0.00259590148925781 0.0296916961669922 -0.0417861938476562 0.139640808105469
0.0130558013916016 0.0317840576171875 0.0013275146484375 0.178680419921875
0.00652313232421875 0.0283336639404297 0.025665283203125 0.176284790039062
0.0130176544189453 0.02996826171875 0.0178680419921875 0.16131591796875
0.00573348999023437 0.0391159057617188 -0.0121841430664063 0.1328125
-0.00927352905273438 0.043304443359375 -0.00918579101562499 0.0807876586914063
-0.032958984375 0.0450439453125 0.0149917602539062 0.0406875610351562
-0.0583114624023438 0.00902938842773437 0.07177734375 0.0432205200195313
-0.0472602844238281 -0.0233840942382812 0.164169311523437 0.104232788085937
-0.0338249206542969 -0.0193443298339844 0.184783935546875 0.2176513671875
-0.0928268432617188 -0.110679626464844 0.115043640136719 0.0199356079101562
-0.109268188476563 -0.0940170288085938 0.0858001708984375 0.00542449951171874
-0.128028869628906 -0.0391769409179688 0.0146360397338867 -0.0125751495361328
-0.116477966308594 0.02069091796875 -0.0418472290039063 0.0141181945800781
-0.0769882202148438 0.0545730590820313 -0.0601463317871094 0.0521125793457031
-0.0404052734375 0.09161376953125 -0.049774169921875 0.124252319335938
-0.004119873046875 0.100532531738281 -0.00706481933593749 0.15765380859375
-0.00901794433593751 0.0900650024414063 0.0206146240234375 0.153961181640625
-0.00379180908203125 0.0967864990234375 0.0153350830078125 0.139083862304687
-0.0212249755859375 0.100547790527344 -0.00992584228515626 0.115608215332031
-0.0504684448242187 0.0853729248046875 -0.00642395019531251 0.0620956420898438
-0.0856399536132813 0.0734024047851563 0.0197620391845703 0.0241222381591797
-0.121009826660156 0.0116729736328125 0.0874557495117188 0.0293502807617188
-0.118598937988281 -0.0475997924804687 0.16357421875 0.09027099609375
-0.108108520507813 -0.062225341796875 0.174667358398438 0.199905395507813
-0.147171020507813 -0.153213500976562 0.0780410766601562 -0.0103759765625
-0.164947509765625 -0.132827758789063 0.0624046325683594 -0.00866317749023438
-0.182815551757813 -0.0651092529296875 0.023019790649414 -0.0130348205566406
-0.17767333984375 0.01409912109375 -0.0246944427490234 0.000314712524414065
-0.129997253417969 0.0722579956054687 -0.045684814453125 0.0254249572753906
-0.0800552368164062 0.138572692871094 -0.0464324951171875 0.08978271484375
-0.0217742919921875 0.154434204101563 -0.014068603515625 0.110801696777344
-0.0235443115234375 0.139068603515625 0.0110702514648437 0.1072998046875
-0.0181427001953125 0.150177001953125 0.00794219970703125 0.0977554321289063
-0.042022705078125 0.151290893554688 -0.00986480712890626 0.08282470703125
-0.0820388793945312 0.12225341796875 -0.00538444519042969 0.0338649749755859
-0.126724243164063 0.099761962890625 0.0217304229736328 0.00545883178710938
-0.171539306640625 0.01861572265625 0.092010498046875 0.01654052734375
-0.175674438476563 -0.06005859375 0.13958740234375 0.0740890502929687
-0.168930053710937 -0.093292236328125 0.139480590820313 0.166717529296875
-0.181228637695312 -0.168304443359375 0.0239677429199219 -0.0520172119140625
-0.1983642578125 -0.145217895507813 0.0244216918945312 -0.0292606353759766
-0.210891723632813 -0.072540283203125 0.0234451293945312 -0.0138664245605469
-0.2088623046875 0.010955810546875 -0.00423717498779298 -0.0150833129882813
-0.15972900390625 0.080810546875 -0.0230503082275391 -0.00599288940429687
-0.10638427734375 0.163619995117187 -0.0340423583984375 0.0402603149414063
-0.035797119140625 0.183547973632813 -0.0168800354003906 0.0470771789550781
-0.0348052978515625 0.166839599609375 -0.000278472900390631 0.0443305969238281
-0.030548095703125 0.182022094726562 -0.00256729125976563 0.0410614013671875
-0.05767822265625 0.180938720703125 -0.0109977722167969 0.0357246398925781
-0.104598999023437 0.142547607421875 -0.00572967529296876 0.00023984909057618
-0.152450561523438 0.112991333007812 0.0207004547119141 -0.0127658843994141
-0.19964599609375 0.0211639404296875 0.0832595825195312 0.00621795654296875
-0.208221435546875 -0.0650634765625 0.0956268310546875 0.0577850341796875
-0.204254150390625 -0.108993530273438 0.0851898193359375 0.124313354492188
-0.188873291015625 -0.154556274414063 -0.04022216796875 -0.0980377197265625
-0.200958251953125 -0.128997802734375 -0.0223464965820313 -0.0531120300292969
-0.20379638671875 -0.060821533203125 0.0141162872314453 -0.0171270370483398
-0.201065063476563 0.0115203857421875 0.0131759643554687 -0.0315532684326172
-0.15826416015625 0.077362060546875 0.000896453857421861 -0.0390357971191406
-0.112045288085938 0.163040161132812 -0.0179405212402344 -0.0166206359863281
-0.043975830078125 0.183700561523438 -0.0181350708007813 -0.0241279602050781
-0.04132080078125 0.169723510742188 -0.0120086669921875 -0.02484130859375
-0.0400238037109375 0.185897827148438 -0.0135879516601563 -0.0219364166259766
-0.069305419921875 0.18145751953125 -0.0110912322998047 -0.0179424285888672
-0.115715026855469 0.137588500976563 -0.00455856323242189 -0.0353507995605469
-0.159332275390625 0.1036376953125 0.0187358856201172 -0.0293617248535156
-0.19873046875 0.0120697021484375 0.0651741027832031 -4.57763671874993E-05
-0.205612182617188 -0.0680084228515625 0.0400428771972656 0.0432090759277344
-0.206924438476562 -0.111053466796875 0.0217971801757812 0.077117919921875
-0.166000366210938 -0.11370849609375 -0.10308837890625 -0.137779235839844
-0.168106079101563 -0.091156005859375 -0.0686874389648438 -0.0747528076171875
-0.159820556640625 -0.0389862060546875 -0.00265693664550782 -0.0228462219238281
-0.156707763671875 0.00993347167968747 0.02191162109375 -0.0467529296875
-0.127838134765625 0.06109619140625 0.0178718566894531 -0.0668754577636719
-0.0979766845703125 0.135566711425781 -0.00445556640625001 -0.0705490112304688
-0.0436248779296875 0.156021118164062 -0.0192108154296875 -0.0901031494140625
-0.0409698486328125 0.147262573242188 -0.0218124389648438 -0.0899658203125
-0.0455474853515625 0.162887573242188 -0.019622802734375 -0.0825042724609375
-0.073760986328125 0.151931762695312 -0.00555419921875 -0.0694236755371093
-0.112159729003906 0.107002258300781 0.00234222412109375 -0.0660934448242188
-0.1444091796875 0.0731048583984375 0.019805908203125 -0.0413131713867187
-0.166229248046875 -0.00527954101562499 0.0437545776367187 -0.00414276123046875
-0.169204711914063 -0.0668182373046875 -0.0144100189208984 0.0262813568115234
-0.1766357421875 -0.0974273681640625 -0.0392837524414063 0.0284347534179687
-0.116340637207031 -0.0581436157226563 -0.153656005859375 -0.165191650390625
-0.1044921875 -0.045989990234375 -0.108100891113281 -0.0893325805664062
-0.0904006958007813 -0.0185394287109375 -0.0245761871337891 -0.0264091491699219
-0.0897750854492188 0.000892639160156258 0.0196380615234375 -0.05523681640625
-0.0804214477539063 0.0318145751953125 0.0253448486328125 -0.0836944580078125
-0.07257080078125 0.0872726440429687 0.00476074218749999 -0.110687255859375
-0.0383453369140625 0.105438232421875 -0.0199432373046875 -0.14141845703125
-0.035400390625 0.102508544921875 -0.0281524658203125 -0.141510009765625
-0.04498291015625 0.114547729492187 -0.0194320678710938 -0.131294250488281
-0.0662841796875 0.0990219116210937 0.00811004638671874 -0.110527038574219
-0.0897140502929687 0.0598068237304688 0.0154190063476563 -0.0858154296875
-0.104362487792969 0.03131103515625 0.0248603820800781 -0.0471076965332031
-0.106430053710938 -0.0198440551757813 0.0239353179931641 -0.00760459899902344
-0.106849670410156 -0.052581787109375 -0.0582237243652344 0.00697708129882811
-0.121498107910156 -0.0665664672851563 -0.085968017578125 -0.0154266357421875
-0.0471115112304688 0.00151824951171875 -0.1878662109375 -0.177108764648438
-0.0240192413330078 -0.004486083984375 -0.135406494140625 -0.0931930541992188
-0.0129919052124023 -0.00688838958740235 -0.0470657348632813 -0.0234832763671875
-0.0184478759765625 -0.0142936706542969 0.0103607177734375 -0.0526237487792969
-0.0291595458984375 -0.00490570068359375 0.0250778198242188 -0.0861129760742188
-0.0410041809082031 0.0260848999023437 0.00799560546875001 -0.133468627929688
-0.0292205810546875 0.0390892028808594 -0.0211639404296875 -0.170150756835937
-0.024383544921875 0.0426368713378906 -0.030364990234375 -0.17230224609375
-0.0348434448242188 0.0485763549804687 -0.01275634765625 -0.161575317382813
-0.0424575805664063 0.0335617065429688 0.0261917114257813 -0.133506774902344
-0.0456085205078125 0.00905990600585937 0.032257080078125 -0.0915908813476562
-0.0418319702148438 -0.00476074218749999 0.0316123962402344 -0.0444831848144531
-0.0314121246337891 -0.0165824890136719 0.00741386413574219 -0.0100641250610352
-0.0329456329345703 -0.0176639556884766 -0.0855484008789063 -0.0129241943359375
-0.0531425476074219 -0.0187225341796875 -0.114265441894531 -0.047637939453125
-0.0299415588378906 -0.0525093078613281 0.14178466796875 0.024810791015625
-0.0427169799804687 -0.0432701110839844 0.099761962890625 0.0035858154296875
-0.0595245361328125 -0.00704574584960937 0.00231742858886718 -0.0105733871459961
-0.0415420532226563 0.0255126953125 -0.0511207580566406 0.0349082946777344
-0.0149688720703125 0.0284614562988281 -0.0579452514648438 0.0793228149414063
0.00427818298339844 0.02984619140625 -0.0330810546875 0.1474609375
0.0151386260986328 0.0311222076416016 0.0161590576171875 0.185409545898437
0.00842475891113281 0.0278339385986328 0.041259765625 0.181655883789063
0.0153903961181641 0.0291767120361328 0.0309295654296875 0.16717529296875
0.00891876220703125 0.0391654968261719 -0.00352478027343751 0.139961242675781
-0.00621795654296875 0.0451164245605469 -0.00442504882812499 0.0851516723632812
-0.0298690795898438 0.0486221313476563 0.0172309875488281 0.0411453247070313
-0.0581283569335938 0.0138816833496094 0.0767364501953125 0.0399856567382813
-0.0500679016113281 -0.0201416015625 0.1778564453125 0.0952606201171875
-0.0357627868652344 -0.0165519714355469 0.205734252929688 0.212646484375
-0.103683471679688 -0.107765197753906 0.124473571777344 0.01556396484375
-0.118385314941406 -0.0897293090820313 0.0922393798828125 0.00122070312499999
-0.133811950683594 -0.0330734252929687 0.0155029296875 -0.0140724182128906
-0.119194030761719 0.0283966064453125 -0.0425453186035156 0.0193405151367188
-0.0769195556640625 0.061279296875 -0.0585556030273438 0.0587806701660156
-0.0345230102539063 0.0969390869140625 -0.0414276123046875 0.133308410644531
0.00345611572265625 0.10382080078125 0.00567626953124999 0.164413452148438
-0.00210571289062499 0.0943984985351563 0.0344696044921875 0.15802001953125
0.00380706787109376 0.100471496582031 0.0274200439453125 0.14459228515625
-0.0140533447265625 0.105751037597656 -0.00112152099609376 0.122726440429687
-0.0456314086914063 0.0920257568359375 -0.00230789184570313 0.0658912658691406
-0.0830154418945313 0.0826873779296875 0.0209503173828125 0.0249595642089844
-0.124343872070313 0.02044677734375 0.0928268432617188 0.024658203125
-0.125946044921875 -0.0409393310546875 0.1759033203125 0.081695556640625
-0.116455078125 -0.0560226440429688 0.194091796875 0.195327758789063
-0.163314819335937 -0.148788452148438 0.0834121704101563 -0.0132675170898438
-0.179412841796875 -0.126220703125 0.0663528442382812 -0.01055908203125
-0.192626953125 -0.0566558837890625 0.0241546630859375 -0.0153999328613281
-0.18353271484375 0.0256195068359375 -0.0258274078369141 0.00330734252929688
-0.130332946777344 0.0845108032226563 -0.0447654724121094 0.0309219360351563
-0.0720672607421875 0.148818969726562 -0.038848876953125 0.0968704223632813
-0.0102386474609375 0.160720825195313 -0.004669189453125 0.1165771484375
-0.013275146484375 0.1468505859375 0.021026611328125 0.110580444335938
-0.00677490234375001 0.158050537109375 0.017120361328125 0.101806640625
-0.031890869140625 0.1602783203125 -0.00267791748046876 0.0877304077148438
-0.0767288208007813 0.133132934570312 -0.00293731689453125 0.0379867553710938
-0.124183654785156 0.113533020019531 0.0221614837646484 0.00626945495605469
-0.175674438476563 0.03082275390625 0.0960922241210937 0.01055908203125
-0.187606811523438 -0.0507659912109375 0.14935302734375 0.0669097900390625
-0.1827392578125 -0.08514404296875 0.15472412109375 0.163925170898438
-0.200210571289063 -0.162811279296875 0.0238761901855469 -0.0523490905761719
-0.215728759765625 -0.137466430664063 0.0254840850830078 -0.02947998046875
-0.223220825195313 -0.0616912841796875 0.0240077972412109 -0.0159568786621094
-0.216522216796875 0.0255889892578125 -0.00545120239257814 -0.0137090682983398
-0.161361694335938 0.0957183837890625 -0.0232410430908203 -0.00283813476562499
-0.097442626953125 0.177413940429688 -0.0294303894042969 0.0454330444335938
-0.0228118896484375 0.192001342773437 -0.0129585266113281 0.0513076782226563
-0.0223388671875 0.17718505859375 0.00398254394531249 0.0466117858886719
-0.0164794921875 0.192977905273438 0.00203704833984375 0.0434761047363281
-0.045806884765625 0.192703247070312 -0.00697708129882813 0.0398712158203125
-0.0990753173828125 0.156585693359375 -0.00492095947265626 0.00281238555908204
-0.150558471679688 0.129608154296875 0.0205268859863281 -0.0124835968017578
-0.205062866210938 0.0352935791015625 0.0863418579101562 -0.000221252441406248
-0.220718383789063 -0.0548553466796875 0.102706909179687 0.053741455078125
-0.221084594726563 -0.100051879882812 0.0950851440429687 0.124198913574219
-0.206985473632812 -0.148757934570313 -0.0458221435546875 -0.0960922241210938
-0.218017578125 -0.120819091796875 -0.0261650085449219 -0.0512542724609375
-0.215927124023438 -0.050567626953125 0.0143604278564453 -0.0187759399414063
-0.209686279296875 0.0262451171875 0.0117816925048828 -0.0325355529785156
-0.160430908203125 0.0922088623046875 0.000328063964843738 -0.0388031005859375
-0.103912353515625 0.177520751953125 -0.0164966583251953 -0.0146579742431641
-0.0302581787109375 0.193389892578125 -0.0195236206054688 -0.0223808288574219
-0.029022216796875 0.180648803710938 -0.0139808654785156 -0.0239944458007812
-0.0260009765625 0.19866943359375 -0.0139904022216797 -0.0211620330810547
-0.0580596923828125 0.194732666015625 -0.0106258392333984 -0.0159797668457031
-0.110809326171875 0.152435302734375 -0.00606346130371094 -0.0342788696289062
-0.15869140625 0.120635986328125 0.0176258087158203 -0.0298233032226562
-0.205398559570313 0.0260009765625 0.0674896240234375 -0.00546646118164062
-0.2193603515625 -0.0583343505859375 0.0433807373046875 0.0420875549316406
-0.223953247070313 -0.102157592773437 0.0256118774414062 0.0790023803710938
-0.181396484375 -0.108688354492187 -0.113525390625 -0.133621215820313
-0.18170166015625 -0.083984375 -0.0767974853515625 -0.0709381103515625
-0.170028686523438 -0.030548095703125 -0.00365066528320314 -0.0238399505615234
-0.1640625 0.0213623046875 0.0195159912109375 -0.0491600036621094
-0.130226135253906 0.07281494140625 0.0165977478027344 -0.0697364807128906
-0.091217041015625 0.148330688476563 -0.00611114501953126 -0.0719223022460938
-0.0323486328125 0.16534423828125 -0.0256195068359375 -0.0910568237304687
-0.0303192138671875 0.157745361328125 -0.0291061401367188 -0.0911712646484375
-0.0338592529296875 0.174560546875 -0.025054931640625 -0.0840682983398437
-0.0651092529296875 0.164840698242188 -0.00913238525390625 -0.0708541870117187
-0.109344482421875 0.120841979980469 -0.00145721435546875 -0.0668869018554687
-0.1461181640625 0.088226318359375 0.0178909301757812 -0.0424385070800781
-0.173187255859375 0.00567626953124998 0.0443954467773437 -0.00853347778320312
-0.181854248046875 -0.0594482421875 -0.0149955749511719 0.029205322265625
-0.192184448242188 -0.0908355712890625 -0.0404891967773438 0.0324249267578125
-0.125068664550781 -0.0549392700195312 -0.16937255859375 -0.15924072265625
-0.113029479980469 -0.041900634765625 -0.118392944335938 -0.0837860107421875
-0.0967788696289063 -0.0140533447265625 -0.0267143249511719 -0.0258350372314453
-0.0953140258789063 0.00769805908203126 0.0166511535644531 -0.0579452514648437
-0.0833206176757813 0.0395660400390625 0.0223464965820313 -0.088165283203125
-0.06787109375 0.0970535278320313 -0.00109100341796876 -0.115570068359375
-0.03045654296875 0.112571716308594 -0.031097412109375 -0.144683837890625
-0.0271072387695313 0.110649108886719 -0.04022216796875 -0.144363403320313
-0.0365676879882813 0.124786376953125 -0.0290679931640625 -0.134979248046875
-0.0609588623046875 0.109451293945313 0.00173950195312501 -0.115158081054688
-0.0897216796875 0.0701522827148438 0.0117111206054687 -0.0888519287109375
-0.107452392578125 0.0419158935546875 0.0226860046386719 -0.0490684509277344
-0.112617492675781 -0.0130615234375 0.0229759216308594 -0.0105648040771484
-0.116279602050781 -0.0489730834960938 -0.0620574951171875 0.0114669799804687
-0.132522583007813 -0.0625686645507813 -0.0931549072265625 -0.0102386474609375
-0.0485267639160156 0.00275421142578124 -0.20513916015625 -0.17010498046875
-0.0263919830322266 -0.00476074218750001 -0.147003173828125 -0.086700439453125
-0.0147256851196289 -0.00724315643310547 -0.0498008728027344 -0.0212936401367188
-0.0222702026367188 -0.0134220123291016 0.00794601440429687 -0.0558586120605469
-0.032012939453125 -0.00215911865234375 0.0218124389648437 -0.0917205810546875
-0.0402755737304688 0.0313148498535156 0.000350952148437482 -0.139869689941406
-0.0261650085449219 0.0436553955078125 -0.03466796875 -0.175338745117188
-0.0206794738769531 0.0474777221679687 -0.04547119140625 -0.1759033203125
-0.0308189392089844 0.0553779602050781 -0.0253753662109375 -0.166427612304688
-0.0408973693847656 0.039794921875 0.0179595947265625 -0.140731811523438
-0.0472564697265625 0.0144996643066406 0.0279312133789062 -0.0959854125976562
-0.0449333190917969 0.000106811523437507 0.0296821594238281 -0.0478858947753906
-0.0349445343017578 -0.0146865844726563 0.00525093078613281 -0.0116233825683594
-0.0371665954589844 -0.018035888671875 -0.0921707153320313 -0.00713348388671877
-0.0586700439453125 -0.017608642578125 -0.12469482421875 -0.0423736572265625
-0.0324783325195313 -0.0499725341796875 0.14776611328125 0.01812744140625
-0.0441398620605469 -0.0411834716796875 0.103645324707031 -0.00180816650390625
-0.0586471557617188 -0.00473785400390624 0.00296306610107422 -0.0102357864379883
-0.0396842956542969 0.0267601013183594 -0.0486030578613281 0.0384750366210938
-0.0132560729980469 0.0284614562988281 -0.0531997680664063 0.08416748046875
0.00602912902832031 0.0285816192626953 -0.02392578125 0.151199340820312
0.0161247253417969 0.0298805236816406 0.0293426513671875 0.185516357421875
0.0101299285888672 0.0269241333007813 0.0550689697265625 0.179641723632813
0.0180873870849609 0.0275917053222656 0.042999267578125 0.167144775390625
0.0116310119628906 0.0383682250976563 0.00543212890625 0.142288208007813
-0.00337600708007813 0.0452651977539062 -0.000190734863281247 0.0864410400390625
-0.0256919860839844 0.0497283935546875 0.0188484191894531 0.0411758422851562
-0.0568580627441406 0.0171890258789062 0.0790328979492188 0.0355072021484375
-0.0511245727539062 -0.0160713195800781 0.184112548828125 0.08331298828125
-0.0350532531738281 -0.0128002166748047 0.218460083007812 0.200210571289062
-0.110137939453125 -0.101051330566406 0.12896728515625 0.0104522705078125
-0.123649597167969 -0.0829010009765625 0.0956268310546875 -0.00315093994140626
-0.134719848632813 -0.0262985229492188 0.0160293579101562 -0.0149698257446289
-0.117767333984375 0.0349960327148438 -0.0408859252929688 0.0231437683105469
-0.0733795166015625 0.0656204223632812 -0.0541458129882813 0.0641326904296875
-0.0280914306640625 0.0980758666992188 -0.031463623046875 0.136734008789063
0.0100250244140625 0.103233337402344 0.0175628662109375 0.16558837890625
0.00403594970703125 0.094940185546875 0.046844482421875 0.156646728515625
0.0110549926757812 0.100929260253906 0.039154052734375 0.144500732421875
-0.00701141357421875 0.106964111328125 0.00736999511718749 0.124855041503906
-0.0408172607421875 0.0958404541015625 0.00187301635742188 0.06805419921875
-0.077392578125 0.0880050659179688 0.0223369598388672 0.0252513885498047
-0.1224365234375 0.0273056030273437 0.0939559936523437 0.0188751220703125
-0.129661560058594 -0.0333023071289062 0.181228637695313 0.0705108642578125
-0.119888305664063 -0.0488128662109375 0.205123901367188 0.184646606445313
-0.173812866210938 -0.139328002929688 0.0859909057617187 -0.0154190063476563
-0.187393188476563 -0.115509033203125 0.06866455078125 -0.0130958557128906
-0.195236206054688 -0.046051025390625 0.0242633819580078 -0.0167503356933594
-0.183013916015625 0.0370330810546875 -0.0247917175292969 0.00645256042480469
-0.126350402832031 0.0919113159179688 -0.0414466857910156 0.0351333618164063
-0.0625 0.152633666992188 -0.0305557250976563 0.10064697265625
0.000213623046874987 0.1610107421875 0.00373840332031249 0.118446350097656
-0.002655029296875 0.148788452148438 0.0302047729492188 0.109909057617188
0.00511169433593749 0.160018920898438 0.0258255004882813 0.101669311523438
-0.0208740234375 0.163421630859375 0.00434875488281249 0.09039306640625
-0.0692214965820313 0.139495849609375 0.000289916992187496 0.0400009155273438
-0.117561340332031 0.122314453125 0.0226211547851562 0.00638580322265626
-0.174057006835938 0.040313720703125 0.09613037109375 0.00376129150390625
-0.192001342773438 -0.040130615234375 0.154022216796875 0.05841064453125
-0.189376831054688 -0.073699951171875 0.163864135742188 0.156005859375
-0.212310791015625 -0.151840209960938 0.0238990783691406 -0.0511245727539063
-0.225341796875 -0.124603271484375 0.0252494812011719 -0.0287570953369141
-0.227081298828125 -0.0497589111328124 0.0241546630859375 -0.0172863006591797
-0.21722412109375 0.0390167236328125 -0.00605106353759767 -0.0115175247192383
-0.157196044921875 0.1065673828125 -0.0211563110351563 -0.000373840332031241
-0.0862579345703125 0.18328857421875 -0.0233955383300781 0.0476951599121094
-0.00971984863281249 0.193267822265625 -0.00807189941406249 0.0533905029296875
-0.0102691650390625 0.180389404296875 0.00872421264648438 0.0469894409179688
-0.0025787353515625 0.196273803710937 0.00642776489257813 0.0440101623535156
-0.0328826904296875 0.19775390625 -0.0024261474609375 0.041290283203125
-0.0898895263671875 0.164535522460938 -0.00302696228027344 0.00550031661987306
-0.143661499023438 0.140777587890625 0.0199165344238281 -0.0113315582275391
-0.204116821289062 0.0463104248046875 0.085845947265625 -0.005584716796875
-0.226821899414063 -0.0434722900390625 0.105567932128906 0.048126220703125
-0.2294921875 -0.0862274169921875 0.101455688476562 0.120208740234375
-0.218032836914063 -0.137939453125 -0.0490570068359375 -0.0906219482421875
-0.226593017578125 -0.10845947265625 -0.0282859802246094 -0.0479545593261719
-0.220321655273438 -0.038970947265625 0.0135917663574219 -0.0195846557617188
-0.211166381835938 0.0395355224609375 0.00977706909179686 -0.0313949584960938
-0.15679931640625 0.103500366210938 -0.000125885009765636 -0.0383148193359375
-0.0920867919921875 0.1845703125 -0.0143203735351563 -0.0140829086303711
-0.0166473388671875 0.195663452148438 -0.0202445983886719 -0.0203666687011719
-0.0161285400390625 0.184799194335937 -0.0143642425537109 -0.0225772857666016
-0.011688232421875 0.203033447265625 -0.0141258239746094 -0.0203399658203125
-0.0445709228515625 0.200454711914063 -0.00939941406250001 -0.0146999359130859
-0.102264404296875 0.16180419921875 -0.00681877136230469 -0.0320205688476562
-0.15283203125 0.133407592773438 0.0163860321044922 -0.0289173126220703
-0.20513916015625 0.0377960205078125 0.0663185119628906 -0.0103073120117187
-0.225799560546875 -0.047454833984375 0.0457077026367187 0.0407066345214844
-0.233444213867187 -0.089263916015625 0.0284652709960937 0.0787124633789063
-0.189712524414063 -0.10064697265625 -0.119804382324219 -0.125556945800781
-0.189117431640625 -0.0748748779296875 -0.08062744140625 -0.064666748046875
-0.174148559570313 -0.022125244140625 -0.00502395629882814 -0.0229816436767578
-0.166046142578125 0.0326385498046875 0.0169219970703125 -0.0492630004882813
-0.128135681152344 0.082733154296875 0.0137176513671875 -0.0707626342773438
-0.081939697265625 0.15594482421875 -0.0076446533203125 -0.0722503662109375
-0.0209197998046875 0.167892456054688 -0.0311355590820312 -0.0889434814453125
-0.0190277099609375 0.162094116210938 -0.0346755981445312 -0.088134765625
-0.020721435546875 0.179824829101562 -0.0298614501953125 -0.0827255249023437
-0.05377197265625 0.170913696289063 -0.0117645263671875 -0.0707473754882812
-0.103485107421875 0.130729675292969 -0.00353240966796876 -0.0657005310058594
-0.141677856445312 0.0998687744140625 0.0159111022949219 -0.041839599609375
-0.173995971679688 0.01544189453125 0.0432891845703125 -0.0117950439453125
-0.188613891601563 -0.0506591796875 -0.0143756866455078 0.0309810638427734
-0.201309204101563 -0.0802001953125 -0.0410881042480469 0.0362205505371094
-0.130111694335938 -0.0508499145507812 -0.177749633789062 -0.148345947265625
-0.117118835449219 -0.03662109375 -0.124412536621094 -0.0758819580078125
-0.0996551513671875 -0.00926971435546873 -0.0279350280761719 -0.0236911773681641
-0.097503662109375 0.0149765014648437 0.0138092041015625 -0.0591011047363281
-0.0826416015625 0.0462570190429688 0.0189208984375 -0.0905380249023438
-0.0615997314453125 0.103073120117188 -0.0057220458984375 -0.116561889648438
-0.0215225219726562 0.115028381347656 -0.040130615234375 -0.142608642578125
-0.0184783935546875 0.114303588867188 -0.049713134765625 -0.141510009765625
-0.0264739990234375 0.129173278808594 -0.037994384765625 -0.13330078125
-0.0531768798828125 0.115814208984375 -0.00450897216796876 -0.115615844726562
-0.0854339599609375 0.0771713256835937 0.0077056884765625 -0.089111328125
-0.105911254882813 0.05072021484375 0.0201148986816406 -0.0496635437011719
-0.114288330078125 -0.00672149658203127 0.0214958190917969 -0.0127182006835937
-0.122116088867187 -0.0438766479492188 -0.06353759765625 0.0160331726074219
-0.140052795410156 -0.0558853149414062 -0.0963897705078125 -0.00423431396484376
-0.0490341186523438 0.002655029296875 -0.214508056640625 -0.158187866210937
-0.0279064178466797 -0.00550270080566407 -0.1536865234375 -0.0773773193359375
-0.0167398452758789 -0.00684261322021484 -0.0510330200195313 -0.0184059143066406
-0.0251483917236328 -0.0117969512939453 0.00517654418945312 -0.0569801330566406
-0.0342273712158203 0.00067710876464844 0.0180816650390625 -0.0949859619140625
-0.0385513305664062 0.0351905822753906 -0.0068511962890625 -0.141586303710938
-0.0219192504882813 0.0458335876464844 -0.047119140625 -0.174407958984375
-0.0160598754882813 0.0498161315917969 -0.058258056640625 -0.173599243164063
-0.0258331298828125 0.0592842102050781 -0.0364227294921875 -0.165695190429688
-0.037811279296875 0.0439453125 0.00941467285156249 -0.143264770507813
-0.0465164184570313 0.0187606811523438 0.0232391357421875 -0.0975418090820313
-0.0458831787109375 0.00460433959960937 0.0270347595214844 -0.0492973327636719
-0.036773681640625 -0.0124855041503906 0.00294589996337891 -0.0128898620605469
-0.0407066345214844 -0.0166282653808594 -0.0951156616210938 -0.00102996826171875
-0.0619163513183594 -0.0149269104003906 -0.130577087402344 -0.0354461669921875
-0.0325508117675781 -0.0470123291015625 0.150344848632813 0.0145111083984375
-0.0436134338378906 -0.0390052795410156 0.10565185546875 -0.0050201416015625
-0.0565261840820313 -0.0039825439453125 0.00394153594970703 -0.0106916427612305
-0.0376396179199219 0.0262870788574219 -0.0457305908203125 0.0408821105957031
-0.0129337310791016 0.0275974273681641 -0.0497970581054687 0.0860137939453125
0.0069122314453125 0.0271320343017578 -0.0182952880859375 0.150680541992188
0.0165290832519531 0.0281791687011719 0.0366058349609375 0.18255615234375
0.0105075836181641 0.0255527496337891 0.062835693359375 0.175460815429688
0.0183944702148438 0.0256137847900391 0.049957275390625 0.164779663085938
0.0126152038574219 0.0370597839355469 0.0104827880859375 0.141937255859375
-0.00127792358398438 0.0447731018066406 0.00228118896484376 0.0870895385742188
-0.0230064392089844 0.0490608215332031 0.0189781188964844 0.0410919189453125
-0.0544548034667969 0.0186729431152344 0.0790863037109375 0.03289794921875
-0.0507698059082031 -0.0129432678222656 0.185302734375 0.0755462646484375
-0.0331306457519531 -0.0103721618652344 0.221420288085937 0.191390991210937
-0.112350463867188 -0.0955734252929687 0.13128662109375 0.008575439453125
-0.123886108398438 -0.0780410766601562 0.0973892211914063 -0.00482177734375001
-0.132881164550781 -0.0238189697265625 0.0167779922485351 -0.0149917602539063
-0.115524291992188 0.03692626953125 -0.0386314392089844 0.0253334045410156
-0.0711517333984375 0.0666885375976563 -0.0508270263671875 0.0666046142578125
-0.0246429443359375 0.0965652465820313 -0.0255508422851563 0.137115478515625
0.0129241943359375 0.101020812988281 0.0246429443359375 0.163467407226563
0.00762176513671875 0.0937423706054687 0.0532684326171875 0.153244018554688
0.0150604248046875 0.09881591796875 0.0444183349609375 0.141998291015625
-0.00310516357421874 0.106117248535156 0.012298583984375 0.124893188476563
-0.0377044677734375 0.096527099609375 0.00386428833007812 0.0690116882324219
-0.073577880859375 0.0901260375976563 0.0227775573730469 0.025787353515625
-0.120109558105469 0.0306854248046875 0.0923843383789062 0.0156631469726563
-0.129745483398438 -0.0290451049804687 0.181594848632813 0.06365966796875
-0.119316101074219 -0.04339599609375 0.207626342773438 0.176895141601563
-0.176498413085937 -0.13214111328125 0.0875396728515625 -0.015625
-0.188308715820312 -0.108840942382813 0.0694351196289063 -0.0134353637695313
-0.193435668945312 -0.0416107177734375 0.0245170593261719 -0.0172195434570313
-0.18023681640625 0.0416107177734375 -0.0236034393310547 0.00884056091308594
-0.122650146484375 0.094696044921875 -0.0386466979980469 0.0373764038085938
-0.0569305419921875 0.151885986328125 -0.0250930786132813 0.100654602050781
0.00547790527343749 0.158889770507813 0.0100479125976562 0.117935180664063
0.00305175781249999 0.14764404296875 0.034942626953125 0.107475280761719
0.0113372802734375 0.158416748046875 0.030120849609375 0.0999679565429688
-0.01483154296875 0.163131713867188 0.00862884521484374 0.0909271240234375
-0.0649871826171875 0.141311645507813 0.00225830078124999 0.0416526794433594
-0.112594604492188 0.125663757324219 0.0228614807128906 0.00816726684570313
-0.1715087890625 0.044158935546875 0.0948410034179687 0.000358581542968753
-0.192657470703125 -0.0352935791015625 0.153976440429688 0.0523681640625
-0.189788818359375 -0.06634521484375 0.165924072265625 0.15087890625
-0.21624755859375 -0.144485473632813 0.0246849060058594 -0.049041748046875
-0.226852416992187 -0.116943359375 0.0256538391113281 -0.0274715423583984
-0.225326538085938 -0.0439910888671875 0.0239162445068359 -0.0173702239990234
-0.21484375 0.0455322265625 -0.00527381896972657 -0.00970649719238281
-0.152847290039063 0.1102294921875 -0.0193614959716797 0.00154495239257814
-0.0789947509765625 0.183792114257813 -0.0188674926757813 0.0482597351074219
-0.00256347656250001 0.191299438476563 -0.00435256958007812 0.0539741516113281
-0.00238037109375001 0.179901123046875 0.0111923217773437 0.0463104248046875
0.00593566894531252 0.195693969726563 0.00897979736328125 0.0436477661132813
-0.0252838134765625 0.198104858398438 0.00119781494140625 0.0420875549316406
-0.084808349609375 0.167587280273438 -0.00160646438598633 0.00719976425170899
-0.138748168945313 0.145584106445313 0.0200901031494141 -0.00967407226562499
-0.200942993164063 0.0508575439453125 0.0841140747070312 -0.00893402099609375
-0.228713989257813 -0.0374603271484375 0.105697631835937 0.04473876953125
-0.231063842773437 -0.0780029296875 0.103065490722656 0.116844177246094
-0.222198486328125 -0.131271362304687 -0.0492324829101563 -0.0860977172851563
-0.229354858398438 -0.101333618164062 -0.0285606384277344 -0.0441703796386719
-0.219863891601563 -0.0340576171875 0.0135116577148437 -0.0191860198974609
-0.20977783203125 0.0463409423828125 0.00958251953124999 -0.029754638671875
-0.153228759765625 0.108749389648438 0.000576019287109361 -0.0368614196777344
-0.0854644775390625 0.186355590820313 -0.0116786956787109 -0.0133380889892578
-0.00933837890625002 0.194351196289063 -0.0193557739257812 -0.0180072784423828
-0.00755310058593751 0.184951782226562 -0.0141811370849609 -0.0210208892822266
-0.00195312499999999 0.20294189453125 -0.0137081146240234 -0.0192775726318359
-0.0369873046875 0.202011108398438 -0.00800228118896485 -0.0136556625366211
-0.0972442626953125 0.165054321289063 -0.00559425354003907 -0.0299034118652344
-0.148056030273438 0.139022827148437 0.0163135528564453 -0.0268154144287109
-0.2022705078125 0.0427093505859375 0.0645294189453125 -0.0128326416015625
-0.227706909179688 -0.04193115234375 0.0460166931152344 0.0401191711425781
-0.236297607421875 -0.0812835693359375 0.029541015625 0.07879638671875
-0.19305419921875 -0.0961456298828125 -0.120651245117188 -0.118598937988281
-0.192138671875 -0.070068359375 -0.0819320678710938 -0.0592193603515625
-0.174224853515625 -0.0175628662109375 -0.00532913208007814 -0.0217723846435547
-0.165908813476563 0.038726806640625 0.0150604248046875 -0.0481529235839844
-0.125862121582031 0.0881576538085938 0.0134086608886719 -0.0702781677246094
-0.0760040283203125 0.157806396484375 -0.00763702392578126 -0.072052001953125
-0.0137176513671875 0.167648315429688 -0.0324020385742188 -0.0860061645507812
-0.01104736328125 0.162307739257813 -0.0373458862304688 -0.0857925415039062
-0.0121917724609375 0.180511474609375 -0.03240966796875 -0.0803298950195312
-0.0464935302734375 0.1734619140625 -0.0118789672851562 -0.0692481994628906
-0.0983657836914063 0.134300231933594 -0.004119873046875 -0.063323974609375
-0.138023376464844 0.105789184570312 0.01513671875 -0.0400276184082031
-0.172805786132813 0.0193634033203125 0.0408592224121094 -0.01434326171875
-0.190994262695313 -0.0467529296875 -0.0142841339111328 0.0318698883056641
-0.20404052734375 -0.0736083984375 -0.0412788391113281 0.0383224487304687
-0.131607055664063 -0.048736572265625 -0.1793212890625 -0.14105224609375
-0.120353698730469 -0.0353622436523437 -0.125534057617188 -0.06915283203125
-0.100570678710938 -0.00714111328124999 -0.0284690856933594 -0.0222587585449219
-0.09869384765625 0.0184249877929688 0.0118560791015625 -0.058441162109375
-0.082672119140625 0.050079345703125 0.0173492431640625 -0.09039306640625
-0.0576705932617187 0.105255126953125 -0.00728607177734375 -0.116432189941406
-0.0169906616210938 0.115364074707031 -0.04473876953125 -0.139678955078125
-0.012786865234375 0.115150451660156 -0.0543899536132812 -0.137336730957031
-0.0200119018554687 0.130661010742188 -0.0415267944335938 -0.1312255859375
-0.047698974609375 0.118034362792969 -0.0070648193359375 -0.114646911621094
-0.0826034545898438 0.081329345703125 0.00592803955078125 -0.0876922607421875
-0.103736877441406 0.055755615234375 0.0190887451171875 -0.0483207702636719
-0.114387512207031 -0.00307464599609377 0.0193443298339844 -0.0142192840576172
-0.124549865722656 -0.0411300659179687 -0.0636978149414063 0.0188255310058594
-0.14288330078125 -0.051025390625 -0.0978927612304688 -0.00104522705078126
-0.049468994140625 0.00131607055664063 -0.216079711914062 -0.149673461914063
-0.0298709869384766 -0.00623703002929687 -0.154861450195313 -0.07086181640625
-0.0185317993164063 -0.00686264038085938 -0.0503959655761719 -0.0162353515625
-0.026519775390625 -0.0104122161865234 0.00375747680664062 -0.0569839477539063
-0.0347728729248047 0.0029449462890625 0.0157241821289062 -0.0956497192382813
-0.03717041015625 0.0383071899414063 -0.0102386474609375 -0.14129638671875
-0.0197296142578125 0.0469322204589844 -0.0529937744140625 -0.170928955078125
-0.0125999450683594 0.0508079528808594 -0.064056396484375 -0.168365478515625
-0.021759033203125 0.0613861083984375 -0.0422821044921875 -0.162628173828125
-0.0354118347167969 0.0464210510253906 0.00497436523437499 -0.142471313476563
-0.0454635620117188 0.02130126953125 0.0209121704101562 -0.0970993041992188
-0.0453376770019531 0.00774383544921876 0.0254325866699219 -0.04888916015625
-0.0373001098632813 -0.0103569030761719 0.00102996826171875 -0.0129261016845703
-0.0431938171386719 -0.0162467956542969 -0.096405029296875 0.002716064453125
-0.0643157958984375 -0.0133132934570312 -0.132369995117188 -0.03131103515625
-0.03094482421875 -0.0459175109863281 0.154434204101563 0.016326904296875
-0.0418968200683594 -0.0389785766601563 0.109016418457031 -0.0045318603515625
-0.0558242797851563 -0.00527954101562501 0.00533580780029297 -0.0107841491699219
-0.0376930236816406 0.0256614685058594 -0.0445137023925781 0.0420417785644531
-0.0130939483642578 0.0265769958496094 -0.0494003295898438 0.0867385864257813
0.00668716430664062 0.0260410308837891 -0.01812744140625 0.152359008789063
0.016571044921875 0.0282726287841797 0.0382537841796875 0.183609008789063
0.00990867614746094 0.0253067016601563 0.0647430419921875 0.175643920898438
0.0181770324707031 0.0252113342285156 0.05145263671875 0.165176391601563
0.0128517150878906 0.0368194580078125 0.010955810546875 0.144851684570313
-0.0010833740234375 0.0444793701171875 0.00183868408203126 0.0889892578125
-0.0219993591308594 0.0484428405761719 0.0185737609863281 0.0418663024902344
-0.0540771484375 0.0188865661621094 0.0788421630859375 0.0332717895507813
-0.0503997802734375 -0.0123367309570312 0.185775756835938 0.0742340087890625
-0.0323028564453125 -0.00989151000976563 0.221343994140625 0.191253662109375
-0.112335205078125 -0.0944671630859375 0.135223388671875 0.0104293823242187
-0.122932434082031 -0.0785675048828125 0.100074768066406 -0.003875732421875
-0.132164001464844 -0.0257720947265625 0.0177974700927734 -0.0150623321533203
-0.116584777832031 0.0366668701171875 -0.0374908447265625 0.0265579223632813
-0.0721588134765625 0.0657958984375 -0.0498580932617188 0.0672645568847656
-0.0249710083007813 0.0957870483398438 -0.0244674682617187 0.138259887695313
0.0131378173828125 0.101242065429688 0.0270843505859375 0.165328979492187
0.00756072998046875 0.0944061279296875 0.055023193359375 0.153228759765625
0.0165634155273437 0.0995254516601562 0.04656982421875 0.143402099609375
-0.0024261474609375 0.106765747070312 0.0141677856445312 0.127296447753906
-0.0372314453125 0.0979461669921875 0.00395965576171874 0.0707244873046875
-0.073577880859375 0.0904159545898438 0.0224246978759766 0.0277805328369141
-0.120803833007813 0.02984619140625 0.0919189453125 0.0150909423828125
-0.131057739257813 -0.0291824340820312 0.182723999023437 0.063079833984375
-0.119194030761719 -0.0431442260742188 0.208145141601563 0.177719116210938
-0.177886962890625 -0.131607055664062 0.091400146484375 -0.0125808715820313
-0.189453125 -0.109130859375 0.072296142578125 -0.0116424560546875
-0.193603515625 -0.04400634765625 0.0258121490478516 -0.0160732269287109
-0.181564331054688 0.0415496826171875 -0.0219440460205078 0.0104141235351563
-0.123802185058594 0.0953521728515625 -0.0365982055664063 0.0389022827148438
-0.0567626953125 0.152496337890625 -0.0223007202148438 0.102462768554688
0.00617980957031251 0.158767700195313 0.0115890502929688 0.119476318359375
0.004241943359375 0.149261474609375 0.0368118286132813 0.108329772949219
0.0131072998046875 0.15966796875 0.031280517578125 0.100914001464844
-0.01318359375 0.164520263671875 0.0108108520507813 0.092529296875
-0.065093994140625 0.143478393554687 0.00348281860351562 0.0433998107910156
-0.113311767578125 0.127967834472656 0.0232639312744141 0.00988388061523439
-0.172500610351563 0.0437469482421875 0.09381103515625 6.10351562500027E-05
-0.195587158203125 -0.0357513427734375 0.15484619140625 0.052398681640625
-0.190582275390625 -0.0665740966796875 0.16552734375 0.1524658203125
-0.21856689453125 -0.14520263671875 0.0277290344238281 -0.046356201171875
-0.229110717773438 -0.118118286132813 0.0269393920898437 -0.0253582000732422
-0.227066040039063 -0.047119140625 0.0250396728515625 -0.0168857574462891
-0.217514038085938 0.0455474853515625 -0.00468683242797853 -0.00825262069702148
-0.154510498046875 0.11126708984375 -0.0172863006591797 0.00271606445312501
-0.07879638671875 0.184722900390625 -0.0164833068847656 0.0488967895507813
-0.00251770019531249 0.192474365234375 -0.00224304199218749 0.0553474426269531
-0.001220703125 0.181961059570312 0.0124092102050781 0.0475692749023438
0.00791931152343749 0.197799682617188 0.00993728637695312 0.0444297790527344
-0.0238037109375 0.200897216796875 0.00276947021484375 0.04302978515625
-0.0862579345703125 0.17022705078125 -5.0544738769537E-05 0.00825834274291993
-0.139877319335938 0.14794921875 0.0206642150878906 -0.00823020935058593
-0.202774047851562 0.0499114990234375 0.083099365234375 -0.00972747802734375
-0.231674194335938 -0.0389556884765625 0.106155395507812 0.0460739135742188
-0.233383178710938 -0.0782775878906249 0.102821350097656 0.11932373046875
-0.22540283203125 -0.132858276367188 -0.046783447265625 -0.0842208862304688
-0.232528686523438 -0.10357666015625 -0.0278358459472656 -0.0423698425292969
-0.221954345703125 -0.0363311767578125 0.013885498046875 -0.0181808471679688
-0.211639404296875 0.0479888916015625 0.0098133087158203 -0.0277671813964844
-0.155670166015625 0.110427856445312 0.00269317626953124 -0.0361824035644531
-0.0857391357421875 0.187835693359375 -0.00855541229248047 -0.0137033462524414
-0.00897216796874998 0.195220947265625 -0.0179843902587891 -0.0170364379882812
-0.00584411621093751 0.187286376953125 -0.0133628845214844 -0.0206127166748047
0.000396728515625019 0.205810546875 -0.0136871337890625 -0.0188026428222656
-0.035400390625 0.204605102539063 -0.00661277770996094 -0.0135784149169922
-0.0985107421875 0.168426513671875 -0.00458145141601563 -0.0288753509521484
-0.149337768554688 0.14141845703125 0.0168647766113281 -0.0249195098876953
-0.2047119140625 0.041107177734375 0.0631294250488281 -0.0137519836425781
-0.232391357421875 -0.04388427734375 0.045196533203125 0.0407905578613281
-0.239059448242188 -0.0813598632812501 0.0288314819335937 0.0808334350585938
-0.196731567382813 -0.0982666015625 -0.119773864746094 -0.117294311523438
-0.195144653320312 -0.0713348388671875 -0.082122802734375 -0.0574493408203125
-0.17596435546875 -0.01934814453125 -0.00540351867675782 -0.0206241607666016
-0.1688232421875 0.0398101806640625 0.0159873962402344 -0.0469093322753906
-0.128097534179687 0.0897903442382813 0.0153846740722656 -0.0699844360351563
-0.075775146484375 0.16015625 -0.0053253173828125 -0.0726242065429687
-0.0132598876953125 0.168319702148438 -0.0320663452148438 -0.085845947265625
-0.00938415527343749 0.164276123046875 -0.0374603271484375 -0.0845870971679687
-0.00929260253906249 0.182754516601562 -0.0333023071289063 -0.0806503295898437
-0.0452423095703125 0.1761474609375 -0.0112380981445313 -0.0694618225097656
-0.0989532470703125 0.136741638183594 -0.00253677368164062 -0.0636138916015625
-0.138862609863281 0.108161926269531 0.0159339904785156 -0.0390892028808594
-0.175079345703125 0.017913818359375 0.0404548645019531 -0.0144538879394531
-0.1956787109375 -0.0476226806640625 -0.0159206390380859 0.0333805084228516
-0.207565307617188 -0.0744171142578125 -0.0433883666992188 0.0391654968261719
-0.135116577148438 -0.0508346557617187 -0.17877197265625 -0.140487670898438
-0.123397827148438 -0.0369338989257813 -0.127174377441406 -0.0683135986328125
-0.102523803710938 -0.00826263427734374 -0.0284862518310547 -0.0215167999267578
-0.101364135742188 0.0196380615234375 0.0118598937988281 -0.0580024719238281
-0.0844497680664063 0.051849365234375 0.018829345703125 -0.0915451049804688
-0.0583343505859375 0.108612060546875 -0.00644683837890626 -0.118232727050781
-0.0164260864257813 0.116493225097656 -0.0447616577148437 -0.139678955078125
-0.010772705078125 0.116905212402344 -0.055633544921875 -0.136741638183594
-0.0176773071289063 0.133613586425781 -0.0434188842773438 -0.131050109863281
-0.0471267700195313 0.12091064453125 -0.00699615478515624 -0.115348815917969
-0.0834121704101563 0.0840988159179687 0.00717926025390624 -0.0879440307617188
-0.104026794433594 0.0580596923828125 0.0196380615234375 -0.0479393005371094
-0.116165161132812 -0.00362396240234377 0.0184326171875 -0.0140266418457031
-0.128120422363281 -0.0425262451171875 -0.0660438537597656 0.0204429626464844
-0.145782470703125 -0.052093505859375 -0.100074768066406 -0.000633239746093775
-0.0513153076171875 -0.00125885009765625 -0.2152099609375 -0.150543212890625
-0.0323123931884766 -0.00798988342285157 -0.156082153320313 -0.0705718994140625
-0.0198421478271484 -0.00734901428222656 -0.0504379272460938 -0.0161857604980469
-0.0281906127929688 -0.00982475280761719 0.00382232666015624 -0.0573844909667969
-0.0364341735839844 0.00397872924804687 0.0164108276367187 -0.0968856811523438
-0.0373725891113281 0.0404853820800781 -0.010101318359375 -0.144012451171875
-0.0189895629882812 0.0481109619140625 -0.0537261962890625 -0.171646118164063
-0.0114173889160156 0.0518798828125 -0.0653839111328125 -0.168380737304687
-0.0199165344238281 0.0631866455078125 -0.0438385009765625 -0.163330078125
-0.0340843200683594 0.0484695434570313 0.00465393066406251 -0.144210815429688
-0.0456733703613281 0.0224647521972656 0.0214080810546875 -0.0976028442382813
-0.046234130859375 0.00987243652343749 0.0252685546875 -0.0490455627441406
-0.0386772155761719 -0.0104560852050781 -0.00131893157958985 -0.0130863189697266
-0.0462722778320313 -0.0165977478027344 -0.09930419921875 0.00365447998046875
-0.0663337707519531 -0.0142974853515625 -0.136024475097656 -0.0319290161132812
-0.029327392578125 -0.0457611083984375 0.163665771484375 0.018798828125
-0.0415763854980469 -0.0414505004882813 0.115547180175781 -0.00421142578125
-0.0568771362304688 -0.00739669799804686 0.00751304626464843 -0.0115251541137695
-0.0391197204589844 0.0245857238769531 -0.0451011657714844 0.0435829162597656
-0.0143070220947266 0.0263042449951172 -0.05126953125 0.0900039672851563
0.00549125671386719 0.0258350372314453 -0.019378662109375 0.158905029296875
0.0166091918945313 0.0282039642333984 0.039947509765625 0.191497802734375
0.0103893280029297 0.0257911682128906 0.067291259765625 0.181640625
0.0193061828613281 0.0248680114746094 0.053863525390625 0.17242431640625
0.014434814453125 0.0372200012207031 0.0113983154296875 0.152069091796875
-0.00101089477539063 0.04595947265625 0.00109100341796875 0.0941238403320312
-0.0222625732421875 0.0497055053710938 0.0187568664550781 0.0449333190917969
-0.0551719665527344 0.0196151733398437 0.0802536010742188 0.0351333618164063
-0.0512809753417969 -0.0116004943847656 0.192123413085938 0.0772705078125
-0.0313510894775391 -0.00970268249511719 0.227127075195313 0.2010498046875
-0.114662170410156 -0.0977020263671875 0.143341064453125 0.0142974853515625
-0.126792907714844 -0.0828094482421875 0.106033325195312 -0.00207519531250001
-0.1361083984375 -0.0298919677734375 0.0202903747558594 -0.0147781372070313
-0.121307373046875 0.0365219116210938 -0.0374679565429688 0.02850341796875
-0.075531005859375 0.0668716430664063 -0.0510368347167969 0.0699386596679688
-0.0271987915039062 0.0981597900390625 -0.024322509765625 0.144241333007812
0.0122909545898438 0.10400390625 0.0285186767578125 0.171524047851563
0.007080078125 0.098175048828125 0.0576324462890625 0.158920288085937
0.0164108276367187 0.102119445800781 0.04779052734375 0.149688720703125
-0.002899169921875 0.110710144042969 0.0149078369140625 0.133735656738281
-0.0390090942382813 0.1016845703125 0.00374603271484375 0.0751953125
-0.076416015625 0.0934982299804688 0.0228748321533203 0.0298557281494141
-0.125885009765625 0.0295257568359375 0.0943756103515625 0.0168991088867188
-0.1365966796875 -0.0305404663085938 0.189407348632813 0.0663909912109375
-0.12310791015625 -0.044830322265625 0.21380615234375 0.187973022460938
-0.183731079101563 -0.1368408203125 0.0978469848632813 -0.0101318359375
-0.194931030273437 -0.115493774414063 0.076263427734375 -0.010284423828125
-0.1998291015625 -0.0496673583984375 0.0278072357177734 -0.01605224609375
-0.189300537109375 0.041412353515625 -0.0218219757080078 0.0127639770507813
-0.130210876464844 0.0977630615234375 -0.0365180969238281 0.040679931640625
-0.0607757568359375 0.157455444335937 -0.0219268798828125 0.106109619140625
0.00518798828124999 0.16400146484375 0.0141143798828125 0.123916625976563
0.00402832031249999 0.15423583984375 0.0388031005859375 0.112457275390625
0.014129638671875 0.166168212890625 0.033294677734375 0.105766296386719
-0.0146942138671875 0.171875 0.011962890625 0.0969696044921875
-0.06866455078125 0.149688720703125 0.00423431396484375 0.0465850830078125
-0.11895751953125 0.132270812988281 0.0241851806640625 0.0124664306640625
-0.180557250976563 0.043060302734375 0.0962600708007813 0.00122833251953125
-0.204605102539063 -0.0383453369140625 0.15985107421875 0.0569000244140625
-0.197357177734375 -0.06964111328125 0.170059204101563 0.162017822265625
-0.226593017578125 -0.152374267578125 0.0317535400390625 -0.0448150634765625
-0.237594604492187 -0.125106811523438 0.0293216705322266 -0.0237369537353516
-0.23565673828125 -0.0533447265625 0.027048110961914 -0.0161342620849609
-0.227203369140625 0.0461578369140625 -0.003598690032959 -0.00601720809936523
-0.163040161132813 0.115325927734375 -0.0164194107055664 0.00388050079345704
-0.0830535888671875 0.19134521484375 -0.01434326171875 0.0511627197265625
-0.00300598144531249 0.198928833007812 -0.000907897949218751 0.0582466125488281
-0.000961303710937508 0.18878173828125 0.0135040283203125 0.0488815307617188
0.00909423828125 0.206146240234375 0.0103874206542969 0.046600341796875
-0.0250244140625 0.209426879882813 0.00501251220703125 0.0452919006347656
-0.09051513671875 0.177871704101563 0.0012063980102539 0.0109701156616211
-0.146499633789062 0.154205322265625 0.0221138000488281 -0.00642776489257812
-0.212966918945312 0.0489044189453125 0.0844192504882812 -0.0098724365234375
-0.2435302734375 -0.0430450439453125 0.109565734863281 0.0488052368164063
-0.242584228515625 -0.0827789306640625 0.104667663574219 0.126640319824219
-0.234481811523438 -0.139739990234375 -0.0452117919921875 -0.0846633911132813
-0.242568969726563 -0.10980224609375 -0.0273590087890625 -0.0407676696777344
-0.232208251953125 -0.042327880859375 0.0157585144042969 -0.0176963806152344
-0.223236083984375 0.0486602783203125 0.0111541748046875 -0.0262889862060547
-0.163681030273438 0.114654541015625 0.00592422485351561 -0.0376129150390625
-0.0900115966796875 0.195724487304688 -0.00626850128173829 -0.0146913528442383
-0.00982666015625 0.20257568359375 -0.0163660049438477 -0.0171318054199219
-0.00566101074218751 0.194854736328125 -0.0139198303222656 -0.0208511352539062
0.00120544433593749 0.214996337890625 -0.0145339965820313 -0.0188426971435547
-0.0366058349609375 0.214141845703125 -0.00516223907470703 -0.0140933990478515
-0.104248046875 0.176422119140625 -0.00258445739746094 -0.0291423797607422
-0.156631469726563 0.147903442382813 0.0188999176025391 -0.0242977142333984
-0.215240478515625 0.039764404296875 0.063690185546875 -0.0142707824707031
-0.243637084960937 -0.0489044189453125 0.0462722778320312 0.0438461303710937
-0.248703002929687 -0.0866241455078125 0.0270919799804687 0.0856170654296875
-0.205184936523438 -0.10498046875 -0.120658874511719 -0.120361328125
-0.204696655273438 -0.0771026611328125 -0.0850677490234375 -0.0582199096679688
-0.185287475585938 -0.0238800048828125 -0.00467109680175782 -0.0205860137939453
-0.1776123046875 0.0413970947265625 0.0177040100097656 -0.0469856262207031
-0.136001586914063 0.0935745239257812 0.0185012817382812 -0.0726394653320313
-0.0799102783203125 0.167922973632813 -0.00227355957031251 -0.0761184692382812
-0.0141143798828125 0.175689697265625 -0.0311965942382812 -0.0880050659179687
-0.008514404296875 0.171630859375 -0.0382232666015625 -0.08740234375
-0.00869750976562499 0.1917724609375 -0.0336380004882813 -0.0827407836914062
-0.04705810546875 0.18475341796875 -0.0100784301757813 -0.072174072265625
-0.1044921875 0.143646240234375 -0.000823974609375003 -0.0646514892578125
-0.145294189453125 0.113327026367187 0.01806640625 -0.0395545959472656
-0.184051513671875 0.0171661376953125 0.0401535034179687 -0.0152359008789062
-0.206695556640625 -0.0526580810546875 -0.0172882080078125 0.0361213684082031
-0.216232299804688 -0.0786895751953125 -0.046295166015625 0.0416336059570313
-0.141311645507813 -0.055877685546875 -0.182220458984375 -0.146591186523438
-0.131210327148438 -0.0407485961914063 -0.131553649902344 -0.069427490234375
-0.108726501464844 -0.0113296508789063 -0.0289783477783203 -0.0214614868164063
-0.107818603515625 0.0204086303710937 0.0132293701171875 -0.0588645935058594
-0.0902328491210938 0.0563888549804687 0.0212860107421875 -0.0961456298828125
-0.0605316162109375 0.114173889160156 -0.00404357910156251 -0.123771667480469
-0.0171737670898438 0.12225341796875 -0.04522705078125 -0.144195556640625
-0.0106353759765625 0.122459411621094 -0.0567550659179687 -0.140350341796875
-0.0164794921875 0.139862060546875 -0.0444488525390625 -0.135154724121094
-0.0481643676757813 0.127304077148438 -0.00689697265624999 -0.120765686035156
-0.0879440307617188 0.0881271362304687 0.00913238525390626 -0.0908660888671875
-0.109519958496094 0.0622100830078125 0.0219306945800781 -0.0487403869628906
-0.122413635253906 -0.00538635253906248 0.0167427062988281 -0.0154619216918945
-0.137214660644531 -0.04595947265625 -0.0698013305664063 0.0218925476074219
-0.15350341796875 -0.0551910400390625 -0.106498718261719 -0.000366210937499996
-0.055084228515625 -0.00382995605468749 -0.221160888671875 -0.158660888671875
-0.0365867614746094 -0.00995254516601562 -0.161209106445313 -0.0734710693359375
-0.0220088958740234 -0.00893592834472656 -0.0517921447753906 -0.016265869140625
-0.0309104919433594 -0.0101356506347656 0.00454711914062499 -0.05938720703125
-0.0391769409179688 0.00598526000976562 0.0189056396484375 -0.102012634277344
-0.0385589599609375 0.044158935546875 -0.00917053222656251 -0.1507568359375
-0.0198860168457031 0.050628662109375 -0.0554656982421875 -0.177963256835938
-0.0110702514648437 0.05487060546875 -0.0677642822265625 -0.1734619140625
-0.0192642211914063 0.0666236877441406 -0.0452880859375 -0.16888427734375
-0.0355796813964844 0.0517196655273437 0.0051116943359375 -0.149856567382813
-0.0478858947753906 0.0253410339355469 0.0235977172851563 -0.101638793945312
-0.0476875305175781 0.0112838745117188 0.027099609375 -0.0503273010253906
-0.0417556762695312 -0.0107460021972656 -0.00284099578857422 -0.0136623382568359
-0.0512428283691406 -0.01824951171875 -0.104820251464844 0.00434112548828127
-0.0705947875976563 -0.0156402587890625 -0.1431884765625 -0.0342864990234375
-0.0295677185058594 -0.0477066040039062 0.177963256835938 0.0200958251953125
-0.0428276062011719 -0.0438919067382813 0.126213073730469 -0.00498199462890625
-0.0594024658203125 -0.00888824462890626 0.00927352905273437 -0.0130710601806641
-0.0412445068359375 0.0255699157714844 -0.0460548400878906 0.0473098754882812
-0.0157814025878906 0.0267810821533203 -0.0533828735351563 0.09722900390625
0.00570869445800781 0.0252952575683594 -0.0185394287109375 0.171051025390625
0.0168647766113281 0.0292472839355469 0.0462188720703125 0.203048706054687
0.0105724334716797 0.0273246765136719 0.0743560791015625 0.191131591796875
0.0196075439453125 0.0252361297607422 0.0594482421875 0.183685302734375
0.0156822204589844 0.0385627746582031 0.0140533447265625 0.1634521484375
0.000183105468750002 0.048828125 0.00129699707031249 0.101791381835938
-0.0225143432617187 0.0526351928710938 0.0190773010253906 0.048828125
-0.058380126953125 0.0212059020996094 0.0853118896484375 0.0369949340820313
-0.054107666015625 -0.0108718872070313 0.205154418945312 0.0790863037109375
-0.0319766998291016 -0.009674072265625 0.243011474609375 0.213119506835937
-0.121322631835938 -0.102378845214844 0.15692138671875 0.015869140625
-0.133285522460938 -0.0870437622070313 0.1148681640625 -0.00215911865234376
-0.145248413085938 -0.03326416015625 0.0229644775390625 -0.0164031982421875
-0.128524780273438 0.0386428833007813 -0.0374946594238281 0.0316963195800781
-0.0815582275390625 0.0712661743164063 -0.0520858764648438 0.0752639770507812
-0.0294113159179688 0.103599548339844 -0.02325439453125 0.154876708984375
0.0140151977539062 0.109573364257812 0.034423828125 0.182830810546875
0.009002685546875 0.104026794433594 0.0640716552734375 0.168182373046875
0.0195541381835938 0.1083984375 0.0540771484375 0.1590576171875
-0.000854492187499997 0.117744445800781 0.0180816650390625 0.143234252929688
-0.04046630859375 0.109413146972656 0.0054168701171875 0.0820541381835938
-0.0805282592773438 0.100936889648438 0.0242900848388672 0.033599853515625
-0.134101867675781 0.03240966796875 0.0996017456054688 0.0172119140625
-0.146652221679688 -0.030792236328125 0.202560424804688 0.068115234375
-0.130226135253906 -0.0462722778320313 0.228591918945313 0.199722290039063
-0.195755004882813 -0.143630981445312 0.106857299804687 -0.00846099853515626
-0.208663940429688 -0.121780395507812 0.0831832885742187 -0.00903320312500001
-0.214309692382813 -0.0543670654296875 0.0314235687255859 -0.0168628692626953
-0.202255249023437 0.045867919921875 -0.0216388702392578 0.0150260925292969
-0.139572143554687 0.104530334472656 -0.0368423461914063 0.0437202453613281
-0.0631256103515625 0.167098999023438 -0.0195846557617188 0.114120483398438
0.0064239501953125 0.174774169921875 0.0180740356445313 0.133087158203125
0.00639343261718751 0.165740966796875 0.0436172485351563 0.119682312011719
0.018280029296875 0.177017211914063 0.036407470703125 0.113937377929688
-0.012115478515625 0.184112548828125 0.015533447265625 0.104270935058594
-0.072509765625 0.161514282226562 0.00605392456054688 0.0512771606445313
-0.12554931640625 0.14349365234375 0.0262737274169922 0.0147972106933594
-0.194107055664063 0.0460968017578125 0.100418090820312 0.000259399414062503
-0.220672607421875 -0.04010009765625 0.17083740234375 0.0581207275390625
-0.211380004882813 -0.0726776123046875 0.181686401367187 0.172698974609375
-0.242965698242187 -0.159622192382813 0.037506103515625 -0.0445594787597656
-0.255859375 -0.1307373046875 0.032724380493164 -0.0229377746582031
-0.254135131835937 -0.0581817626953125 0.0302848815917969 -0.0160484313964844
-0.243316650390625 0.0519561767578125 -0.00218558311462404 -0.00391054153442382
-0.174209594726562 0.1248779296875 -0.0143890380859375 0.00457572937011719
-0.0869903564453125 0.205184936523438 -0.0112419128417969 0.0544242858886719
-0.00187683105468752 0.212600708007813 0.00161361694335938 0.062957763671875
0.00172424316406251 0.20263671875 0.0156822204589844 0.052978515625
0.01397705078125 0.220718383789063 0.0124931335449219 0.0512771606445313
-0.0231781005859375 0.22528076171875 0.0066986083984375 0.0486221313476563
-0.095458984375 0.192657470703125 0.00291728973388671 0.0124788284301758
-0.15533447265625 0.167892456054688 0.0245170593261719 -0.00531768798828124
-0.228866577148438 0.05291748046875 0.0881805419921875 -0.011077880859375
-0.26336669921875 -0.0443572998046875 0.116828918457031 0.0515518188476562
-0.260147094726562 -0.086181640625 0.111610412597656 0.136726379394531
-0.253372192382813 -0.148193359375 -0.0458602905273438 -0.0870742797851563
-0.262481689453125 -0.115219116210938 -0.0290412902832031 -0.0411033630371094
-0.250411987304688 -0.0455322265625 0.0174055099487305 -0.0167474746704102
-0.239913940429688 0.0547332763671875 0.0129241943359375 -0.0258979797363281
-0.175949096679688 0.12518310546875 0.00752258300781249 -0.0390853881835937
-0.093658447265625 0.21044921875 -0.00378990173339844 -0.0156898498535156
-0.00816345214843751 0.21697998046875 -0.0158586502075195 -0.017033576965332
-0.00257873535156248 0.209197998046875 -0.0136928558349609 -0.0210075378417969
0.00592041015625002 0.230453491210937 -0.0150203704833984 -0.018350601196289
-0.0355072021484375 0.230926513671875 -0.00478744506835938 -0.0147905349731445
-0.109573364257812 0.191192626953125 -0.00109481811523438 -0.0299167633056641
-0.166305541992188 0.161712646484375 0.0207920074462891 -0.0248775482177734
-0.231658935546875 0.0429229736328125 0.0657844543457031 -0.0154914855957031
-0.264862060546875 -0.049835205078125 0.0494613647460937 0.0475273132324219
-0.26751708984375 -0.090087890625 0.0285263061523437 0.0933837890625
-0.222412109375 -0.111709594726563 -0.126686096191406 -0.1246337890625
-0.2230224609375 -0.081512451171875 -0.090423583984375 -0.0583724975585938
-0.201324462890625 -0.0264739990234375 -0.00423812866210939 -0.0203475952148438
-0.192138671875 0.046356201171875 0.01849365234375 -0.04779052734375
-0.1455078125 0.103500366210938 0.0208663940429687 -0.0777053833007813
-0.0832977294921875 0.182113647460938 -0.00110626220703125 -0.0819168090820312
-0.01324462890625 0.188186645507813 -0.0328140258789063 -0.0930633544921875
-0.0063629150390625 0.183883666992188 -0.0408706665039063 -0.0910720825195312
-0.0041046142578125 0.206253051757812 -0.0363388061523438 -0.0866012573242187
-0.04608154296875 0.199951171875 -0.0113754272460938 -0.0772933959960937
-0.111175537109375 0.156539916992187 0.000129699707031248 -0.0690231323242187
-0.154983520507813 0.125045776367188 0.0202178955078125 -0.0412712097167969
-0.198333740234375 0.0186004638671875 0.0402755737304687 -0.0165748596191406
-0.225006103515625 -0.0547637939453125 -0.0189743041992188 0.0399017333984375
-0.233718872070313 -0.0825958251953125 -0.0508537292480469 0.0461540222167969
-0.154861450195313 -0.060394287109375 -0.193161010742188 -0.152725219726563
-0.143905639648438 -0.0435028076171875 -0.141372680664063 -0.0707550048828125
-0.119087219238281 -0.0130081176757813 -0.0300502777099609 -0.0206260681152344
-0.117782592773438 0.0238113403320313 0.0144500732421875 -0.061553955078125
-0.0972366333007813 0.0623321533203125 0.0236892700195312 -0.102958679199219
-0.062469482421875 0.125587463378906 -0.004425048828125 -0.133644104003906
-0.0161972045898437 0.131568908691406 -0.0488433837890625 -0.15313720703125
-0.00862884521484375 0.130783081054688 -0.0615386962890625 -0.148117065429688
-0.0133514404296875 0.15142822265625 -0.04925537109375 -0.142669677734375
-0.0488815307617188 0.138206481933594 -0.00806427001953125 -0.128860473632813
-0.0930328369140625 0.0966262817382812 0.0103302001953125 -0.0971298217773438
-0.11639404296875 0.069305419921875 0.0230712890625 -0.0512657165527344
-0.132286071777344 -0.00448608398437501 0.0155067443847656 -0.0163707733154297
-0.150405883789063 -0.0484161376953125 -0.0752944946289063 0.0261077880859375
-0.165267944335938 -0.0583343505859375 -0.115570068359375 0.00175476074218748
-0.0616912841796875 -0.00572967529296876 -0.236129760742188 -0.16644287109375
-0.0424537658691406 -0.0119438171386719 -0.173904418945312 -0.075531005859375
-0.0258293151855469 -0.0101852416992188 -0.0548324584960938 -0.0157852172851563
-0.0359649658203125 -0.0101203918457031 0.00469207763671874 -0.0630226135253906
-0.0432929992675781 0.00874328613281251 0.0196380615234375 -0.109909057617188
-0.0398712158203125 0.0501899719238281 -0.011322021484375 -0.162124633789062
-0.0199356079101562 0.0555648803710937 -0.0606689453125 -0.189483642578125
-0.00978851318359376 0.0590591430664063 -0.073822021484375 -0.182479858398438
-0.0178756713867187 0.072723388671875 -0.0512542724609375 -0.17816162109375
-0.0360298156738281 0.0576400756835938 0.00305175781249998 -0.160232543945313
-0.0510101318359375 0.0289573669433594 0.0244064331054687 -0.108512878417969
-0.0511627197265625 0.0149917602539063 0.0285186767578125 -0.0532646179199219
-0.046295166015625 -0.0111503601074219 -0.0050344467163086 -0.0145711898803711
-0.0576133728027344 -0.0189781188964844 -0.113365173339844 0.00775909423828123
-0.0777053833007812 -0.0166397094726563 -0.154983520507813 -0.0354766845703125
-0.030609130859375 -0.0491714477539063 0.195877075195313 0.014556884765625
-0.04608154296875 -0.04656982421875 0.138420104980469 -0.0117263793945313
-0.0631980895996094 -0.00883865356445313 0.0104541778564453 -0.0157060623168945
-0.0436820983886719 0.0280036926269531 -0.0454025268554688 0.0525970458984375
-0.0173912048339844 0.0284194946289063 -0.0528564453125 0.107368469238281
0.005401611328125 0.0256977081298828 -0.0108642578125 0.185195922851563
0.019256591796875 0.0301380157470703 0.0611724853515625 0.215850830078125
0.0124568939208984 0.0282135009765625 0.090576171875 0.200576782226563
0.0222110748291016 0.0248126983642578 0.0732574462890625 0.194915771484375
0.0195541381835938 0.0387458801269531 0.0236358642578125 0.17584228515625
0.0023040771484375 0.0522422790527344 0.00670623779296874 0.1107177734375
-0.0212326049804687 0.0569076538085938 0.0216484069824219 0.0528678894042969
-0.0606536865234375 0.0258407592773438 0.09246826171875 0.0367889404296875
-0.0573043823242188 -0.0078887939453125 0.223739624023438 0.0739898681640625
-0.0326957702636719 -0.00861930847167969 0.269699096679687 0.21923828125
-0.134193420410156 -0.103828430175781 0.174392700195313 0.0120697021484375
-0.145492553710938 -0.0887908935546875 0.126319885253906 -0.00659942626953126
-0.156204223632813 -0.0319366455078125 0.0256690979003906 -0.0193386077880859
-0.137054443359375 0.0466766357421875 -0.0371932983398438 0.0361976623535156
-0.0858917236328125 0.0780563354492188 -0.0506362915039063 0.0843429565429688
-0.0290985107421875 0.110610961914063 -0.0152587890625 0.167526245117188
0.018768310546875 0.1168212890625 0.04644775390625 0.19537353515625
0.0152206420898438 0.111412048339844 0.077911376953125 0.177139282226563
0.0258712768554688 0.115959167480469 0.0665435791015625 0.169876098632812
0.00509643554687501 0.125556945800781 0.0271148681640625 0.15435791015625
-0.0387039184570313 0.120071411132813 0.0109100341796875 0.0893325805664063
-0.0819931030273438 0.112289428710937 0.0279006958007812 0.037200927734375
-0.143325805664063 0.0398101806640625 0.106185913085937 0.0142669677734375
-0.160202026367187 -0.0256500244140625 0.219161987304688 0.0627288818359375
-0.141952514648438 -0.04437255859375 0.254562377929688 0.206405639648438
-0.215530395507813 -0.14556884765625 0.119697570800781 -0.0121078491210938
-0.229019165039063 -0.121231079101562 0.0919952392578125 -0.010406494140625
-0.234588623046875 -0.052001953125 0.0341014862060547 -0.0195369720458984
-0.21673583984375 0.0579681396484375 -0.019338607788086 0.0191802978515625
-0.146759033203125 0.11712646484375 -0.03570556640625 0.0488166809082031
-0.0620574951171875 0.18084716796875 -0.0126113891601562 0.123703002929688
0.014984130859375 0.186264038085938 0.028106689453125 0.142379760742188
0.01593017578125 0.179428100585938 0.0530471801757813 0.127143859863281
0.0290374755859375 0.190017700195312 0.0460128784179687 0.120933532714844
-0.00436401367187498 0.199356079101563 0.0227203369140625 0.111785888671875
-0.070831298828125 0.179367065429688 0.00964355468749999 0.0567855834960938
-0.129226684570312 0.1617431640625 0.0295486450195312 0.0171794891357422
-0.2073974609375 0.0578765869140625 0.105728149414063 -0.00390625
-0.242141723632812 -0.0338897705078125 0.186233520507812 0.0543975830078125
-0.230804443359375 -0.0680084228515625 0.202865600585938 0.179855346679688
-0.268295288085938 -0.161331176757813 0.0427284240722656 -0.0465507507324219
-0.281951904296875 -0.129058837890625 0.0370063781738281 -0.0229454040527344
-0.277084350585937 -0.054595947265625 0.0334510803222656 -0.0175724029541016
-0.261734008789063 0.0672454833984375 -0.000626325607299821 -0.00206553936004638
-0.183746337890625 0.143035888671875 -0.0125255584716797 0.00518798828125001
-0.0853118896484375 0.224441528320313 -0.00736618041992188 0.0583152770996094
0.00726318359374998 0.22943115234375 0.00775146484375 0.0681037902832031
0.0128326416015625 0.219467163085937 0.0203666687011719 0.0568695068359375
0.0275726318359375 0.237289428710938 0.0165176391601562 0.0564498901367188
-0.0132598876953125 0.24432373046875 0.01043701171875 0.0532150268554688
-0.0948028564453125 0.214401245117188 0.00564956665039062 0.0146865844726563
-0.159408569335938 0.189208984375 0.0270557403564453 -0.00490951538085936
-0.24658203125 0.0655975341796875 0.0920867919921875 -0.01568603515625
-0.288818359375 -0.0358581542968751 0.127639770507812 0.0509567260742188
-0.284454345703125 -0.08038330078125 0.125747680664062 0.143829345703125
-0.28009033203125 -0.149139404296875 -0.0485763549804688 -0.087860107421875
-0.291534423828125 -0.111785888671875 -0.0316963195800782 -0.0388717651367188
-0.27496337890625 -0.0410003662109375 0.0200767517089844 -0.0180377960205078
-0.2579345703125 0.0693359375000001 0.0150489807128906 -0.0273151397705078
-0.18511962890625 0.144943237304687 0.00902557373046874 -0.0429954528808594
-0.090545654296875 0.232269287109375 -0.00183486938476563 -0.0182018280029297
0.00099182128906248 0.235122680664063 -0.0146522521972656 -0.0177059173583984
0.00827026367187499 0.226470947265625 -0.0150051116943359 -0.0202484130859375
0.0192718505859375 0.248367309570313 -0.015965461730957 -0.0173215866088867
-0.0253143310546875 0.251632690429688 -0.00492191314697266 -0.0155172348022461
-0.111007690429687 0.214797973632813 -0.00100708007812501 -0.0316925048828125
-0.172515869140625 0.183502197265625 0.0235862731933594 -0.0266590118408203
-0.250137329101563 0.0565643310546875 0.0680885314941406 -0.0201835632324219
-0.29156494140625 -0.0416259765625 0.0551834106445312 0.0499992370605469
-0.2921142578125 -0.084716796875 0.0334320068359375 0.101493835449219
-0.24658203125 -0.111557006835937 -0.139747619628906 -0.126136779785156
-0.247665405273438 -0.0768585205078125 -0.100395202636719 -0.054443359375
-0.220901489257813 -0.021392822265625 -0.00335121154785158 -0.0189476013183594
-0.207778930664062 0.06005859375 0.0203170776367187 -0.0506629943847656
-0.153961181640625 0.119827270507813 0.0210342407226562 -0.0859146118164062
-0.08038330078125 0.202117919921875 -0.00251007080078125 -0.08978271484375
-0.00465393066406252 0.204910278320313 -0.0376739501953125 -0.0984115600585937
0.00326538085937499 0.199691772460937 -0.04608154296875 -0.0943374633789062
0.00787353515625 0.223495483398437 -0.0429153442382813 -0.0891876220703125
-0.0383148193359375 0.219940185546875 -0.0147247314453125 -0.0825729370117187
-0.112518310546875 0.177383422851563 -0.00133514404296876 -0.07415771484375
-0.162139892578125 0.143218994140625 0.0207977294921875 -0.0445823669433594
-0.2158203125 0.0284576416015625 0.0398597717285156 -0.019195556640625
-0.248519897460938 -0.0489501953125 -0.019256591796875 0.045684814453125
-0.256179809570313 -0.077880859375 -0.0547294616699219 0.0542259216308594
-0.171371459960938 -0.0595703125 -0.212127685546875 -0.155609130859375
-0.160598754882813 -0.040435791015625 -0.155044555664063 -0.067779541015625
-0.132774353027344 -0.00965881347656249 -0.0321483612060547 -0.0200157165527344
-0.128616333007812 0.0325927734375 0.0132942199707031 -0.0651359558105469
-0.103385925292969 0.0751113891601563 0.0226669311523437 -0.113143920898438
-0.0602493286132812 0.140235900878906 -0.00996398925781251 -0.14483642578125
-0.0107574462890625 0.14434814453125 -0.0584869384765625 -0.163284301757813
-0.00183105468750002 0.14276123046875 -0.0712890625 -0.154403686523438
-0.00370788574218749 0.164016723632813 -0.060028076171875 -0.1507568359375
-0.0435638427734375 0.153549194335938 -0.0144119262695312 -0.139236450195313
-0.0961227416992188 0.111160278320313 0.00719451904296875 -0.105804443359375
-0.122550964355469 0.082672119140625 0.024200439453125 -0.0553512573242187
-0.145355224609375 0.000762939453124979 0.0140533447265625 -0.018463134765625
-0.169052124023438 -0.04425048828125 -0.08111572265625 0.031646728515625
-0.183349609375 -0.055206298828125 -0.125770568847656 0.00716400146484375
-0.0689620971679687 -0.00552749633789062 -0.260589599609375 -0.169464111328125
-0.0495529174804688 -0.0109977722167969 -0.191482543945313 -0.07208251953125
-0.0316753387451172 -0.0110187530517578 -0.0580825805664063 -0.0132789611816406
-0.0418930053710938 -0.008758544921875 0.00350570678710938 -0.0680198669433594
-0.0472259521484375 0.0140571594238281 0.017059326171875 -0.120712280273438
-0.0397987365722656 0.0579452514648438 -0.0195465087890625 -0.175628662109375
-0.0173072814941406 0.0624008178710938 -0.0757598876953125 -0.201004028320313
-0.00618362426757812 0.0645828247070313 -0.0875701904296875 -0.191497802734375
-0.013031005859375 0.0811309814453125 -0.0629730224609375 -0.188385009765625
-0.0348129272460937 0.0657386779785156 -0.00524902343750002 -0.172439575195312
-0.0542030334472656 0.0353012084960937 0.0216445922851563 -0.118942260742187
-0.0540847778320312 0.0210723876953125 0.027557373046875 -0.0593070983886719
-0.0512771606445313 -0.00830841064453124 -0.00797462463378907 -0.0152082443237305
-0.0674896240234375 -0.0172042846679687 -0.122917175292969 0.0148162841796875
-0.0863876342773438 -0.0149078369140625 -0.17095947265625 -0.03106689453125
-0.0340309143066406 -0.0498428344726562 0.21142578125 -0.0011444091796875
-0.0486412048339844 -0.04803466796875 0.147445678710938 -0.0247344970703125
-0.0663871765136719 -0.00403976440429688 0.0116176605224609 -0.0171432495117188
-0.0423507690429687 0.03204345703125 -0.0427627563476562 0.0577774047851563
-0.0168361663818359 0.0316314697265625 -0.0477523803710937 0.117019653320313
0.00580978393554688 0.0250949859619141 0.0048980712890625 0.1959228515625
0.0200824737548828 0.0304164886474609 0.080169677734375 0.221939086914062
0.0139331817626953 0.0266437530517578 0.10931396484375 0.204269409179688
0.0244426727294922 0.0230159759521484 0.092681884765625 0.199981689453125
0.0233116149902344 0.0396842956542969 0.036651611328125 0.184341430664063
0.00837326049804687 0.052032470703125 0.014617919921875 0.118537902832031
-0.0178947448730469 0.0605888366699219 0.0270767211914063 0.0548515319824219
-0.0599708557128906 0.0314369201660156 0.09906005859375 0.0319595336914063
-0.0592308044433594 -0.00417327880859376 0.240966796875 0.0589752197265625
-0.03387451171875 -0.00597000122070313 0.297637939453125 0.210479736328125
-0.144882202148438 -0.0988922119140625 0.190231323242188 0.000152587890624994
-0.16070556640625 -0.082672119140625 0.136192321777344 -0.0146331787109375
-0.168731689453125 -0.0260009765625 0.0288181304931641 -0.0207500457763672
-0.137908935546875 0.06011962890625 -0.0341453552246094 0.0401763916015625
-0.0858917236328125 0.0897750854492188 -0.0473785400390625 0.0919418334960938
-0.0240631103515625 0.118354797363281 -0.00190734863281249 0.178054809570313
0.0261993408203125 0.122360229492188 0.067840576171875 0.20111083984375
0.0229721069335938 0.114326477050781 0.0968780517578125 0.179458618164063
0.036590576171875 0.119041442871094 0.0833282470703125 0.1751708984375
0.01568603515625 0.131767272949219 0.041290283203125 0.162490844726563
-0.0309066772460937 0.1287841796875 0.017608642578125 0.0959854125976563
-0.0770263671875 0.1243896484375 0.0342941284179687 0.0380592346191406
-0.1475830078125 0.0548095703125 0.110946655273437 0.007537841796875
-0.169998168945313 -0.0159912109375 0.234832763671875 0.04998779296875
-0.153228759765625 -0.035247802734375 0.282501220703125 0.201141357421875
-0.237213134765625 -0.139053344726562 0.129989624023437 -0.0195770263671875
-0.249862670898438 -0.109710693359375 0.0993194580078125 -0.0157089233398438
-0.252838134765625 -0.0394134521484374 0.03692626953125 -0.0223808288574219
-0.2242431640625 0.075592041015625 -0.01751708984375 0.0210552215576172
-0.146759033203125 0.135284423828125 -0.0310401916503906 0.0543060302734375
-0.052154541015625 0.194976806640625 -0.000617980957031258 0.130989074707031
0.02740478515625 0.195281982421875 0.0436553955078125 0.147140502929688
0.0304718017578125 0.188125610351562 0.0656814575195313 0.130813598632813
0.0445709228515625 0.1976318359375 0.0591964721679688 0.125
0.0133819580078125 0.21014404296875 0.033050537109375 0.116378784179688
-0.0610809326171875 0.196304321289063 0.0170211791992187 0.0612945556640625
-0.123367309570312 0.181411743164063 0.0346546173095703 0.0163822174072266
-0.21673583984375 0.07415771484375 0.107307434082031 -0.0113677978515625
-0.25750732421875 -0.0168914794921874 0.198928833007812 0.04400634765625
-0.246353149414063 -0.05450439453125 0.228744506835937 0.175811767578125
-0.294952392578125 -0.15069580078125 0.0456581115722656 -0.0502090454101563
-0.30535888671875 -0.11444091796875 0.0401115417480469 -0.0249595642089844
-0.299652099609375 -0.0404052734375 0.0358619689941406 -0.0209770202636719
-0.272048950195312 0.0907135009765625 0.00303578376770018 -0.00139594078063964
-0.1842041015625 0.164993286132813 -0.0109758377075195 0.00549793243408204
-0.0729217529296875 0.24322509765625 -0.000259399414062503 0.05926513671875
0.0239410400390625 0.242233276367188 0.0148544311523438 0.070587158203125
0.0313262939453125 0.230331420898438 0.0271720886230469 0.0594902038574219
0.0493011474609375 0.247528076171875 0.0231208801269531 0.0593528747558594
0.00755310058593751 0.2586669921875 0.0156669616699219 0.0553779602050781
-0.0838775634765625 0.235916137695313 0.00805187225341796 0.0164213180541992
-0.15399169921875 0.213638305664063 0.0293731689453125 -0.00491714477539061
-0.258071899414063 0.086761474609375 0.092254638671875 -0.0226211547851562
-0.30902099609375 -0.01641845703125 0.137702941894531 0.0456161499023438
-0.305023193359375 -0.06317138671875 0.142410278320312 0.146484375
-0.306732177734375 -0.1378173828125 -0.052337646484375 -0.0873947143554688
-0.316619873046875 -0.093994140625 -0.0326557159423828 -0.0336894989013672
-0.2978515625 -0.0237731933593749 0.0229721069335937 -0.0190753936767578
-0.268798828125 0.0944976806640625 0.0168876647949219 -0.0269813537597656
-0.18524169921875 0.168853759765625 0.00783538818359374 -0.0464668273925781
-0.079345703125 0.253005981445313 -0.000364303588867194 -0.0211849212646484
0.0182952880859375 0.249801635742187 -0.0146312713623047 -0.0162734985351562
0.0276641845703125 0.23834228515625 -0.0142269134521484 -0.019205093383789
0.0420074462890625 0.261001586914063 -0.0174789428710937 -0.0156612396240234
-0.00457763671874998 0.2679443359375 -0.00547313690185547 -0.0151968002319336
-0.100845336914063 0.237518310546875 -0.00260353088378907 -0.0324668884277344
-0.168685913085938 0.207595825195313 0.02490234375 -0.0282344818115234
-0.264236450195313 0.0766754150390625 0.0669631958007812 -0.0232086181640625
-0.31317138671875 -0.02337646484375 0.06005859375 0.0502662658691406
-0.31488037109375 -0.0671691894531251 0.0433578491210937 0.107505798339844
-0.270660400390625 -0.100357055664063 -0.152740478515625 -0.12066650390625
-0.27044677734375 -0.061248779296875 -0.108009338378906 -0.0459671020507812
-0.240585327148438 -0.00616455078125 0.000215530395507797 -0.0201435089111328
-0.217803955078125 0.0816497802734375 0.0189132690429687 -0.0527153015136719
-0.155517578125 0.141555786132813 0.0174942016601562 -0.093048095703125
-0.06805419921875 0.221221923828125 -0.00784301757812499 -0.0962905883789062
0.0098876953125 0.218597412109375 -0.0453414916992188 -0.1011962890625
0.0206451416015625 0.210739135742188 -0.055755615234375 -0.0958251953125
0.0277252197265625 0.234420776367187 -0.051605224609375 -0.0896835327148437
-0.0207061767578125 0.236038208007812 -0.0226211547851562 -0.0830078125
-0.105712890625 0.197769165039063 -0.00557708740234375 -0.0787429809570313
-0.159637451171875 0.164413452148437 0.018890380859375 -0.0474319458007812
-0.227813720703125 0.046539306640625 0.0381584167480469 -0.0221061706542969
-0.270263671875 -0.032684326171875 -0.0172843933105469 0.0520858764648438
-0.276123046875 -0.0622100830078125 -0.0549430847167969 0.0627632141113281
-0.188125610351562 -0.052276611328125 -0.2327880859375 -0.14422607421875
-0.176956176757813 -0.0296173095703125 -0.167282104492187 -0.054931640625
-0.144851684570313 -0.00144958496093749 -0.0333061218261719 -0.0180225372314453
-0.136390686035156 0.0443878173828125 0.0118179321289062 -0.0697555541992188
-0.105880737304687 0.0896148681640625 0.016082763671875 -0.121574401855469
-0.05230712890625 0.15594482421875 -0.018829345703125 -0.153915405273438
-6.10351562499851E-05 0.156723022460938 -0.072967529296875 -0.167388916015625
0.0117340087890625 0.151290893554688 -0.08673095703125 -0.157684326171875
0.010833740234375 0.172348022460938 -0.07293701171875 -0.152420043945313
-0.0336456298828125 0.166824340820313 -0.02587890625 -0.143447875976563
-0.0929641723632813 0.127227783203125 0.000144958496093752 -0.111709594726562
-0.121429443359375 0.0984344482421875 0.02215576171875 -0.0612106323242187
-0.15667724609375 0.012451171875 0.0121574401855469 -0.0200977325439453
-0.184921264648438 -0.0357208251953125 -0.082733154296875 0.0408248901367188
-0.198883056640625 -0.045867919921875 -0.134361267089844 0.018463134765625
-0.0762786865234375 -0.00418090820312501 -0.284912109375 -0.158447265625
-0.0555076599121094 -0.00786209106445312 -0.207244873046875 -0.0589599609375
-0.0371818542480469 -0.010589599609375 -0.0609855651855469 -0.0113677978515625
-0.0479011535644531 -0.00522232055664063 -0.00136566162109375 -0.0727310180664063
-0.0502128601074219 0.0201759338378906 0.0081634521484375 -0.130729675292969
-0.0344696044921875 0.06793212890625 -0.0350494384765625 -0.1856689453125
-0.0128326416015625 0.0681495666503906 -0.0950469970703125 -0.207229614257813
0.000152587890625006 0.0690422058105469 -0.10650634765625 -0.19354248046875
-0.00495147705078126 0.0880584716796875 -0.0809173583984375 -0.192413330078125
-0.0281982421875 0.0740432739257812 -0.0200042724609375 -0.181884765625
-0.053436279296875 0.0421371459960938 0.0130767822265625 -0.127098083496094
-0.0554428100585938 0.0275917053222656 0.0270042419433594 -0.0632438659667969
-0.0578880310058594 -0.00482940673828126 -0.0109052658081055 -0.0137500762939453
-0.0758438110351563 -0.0114669799804688 -0.127967834472656 0.0268630981445312
-0.095977783203125 -0.00896453857421873 -0.1854248046875 -0.018585205078125
-0.0343780517578125 -0.04888916015625 0.218246459960938 -0.0155181884765625
-0.0520553588867188 -0.0451393127441406 0.151641845703125 -0.0363311767578125
-0.0680999755859375 -0.0042266845703125 0.0108261108398437 -0.0195560455322266
-0.0412063598632813 0.0315589904785156 -0.0377044677734375 0.0610008239746094
-0.015655517578125 0.0298976898193359 -0.0383224487304688 0.12322998046875
0.00434684753417969 0.0243568420410156 0.021453857421875 0.20196533203125
0.0202083587646484 0.0266361236572266 0.100341796875 0.220321655273438
0.0152473449707031 0.0262088775634766 0.127532958984375 0.198989868164062
0.0247516632080078 0.0201930999755859 0.109878540039063 0.197540283203125
0.0265007019042969 0.0356254577636719 0.0535888671875 0.188400268554688
0.0130386352539063 0.0530319213867188 0.0249786376953125 0.120941162109375
-0.0113182067871094 0.0617904663085938 0.0316352844238281 0.0557670593261719
-0.0585136413574219 0.037384033203125 0.101631164550781 0.025665283203125
-0.0592689514160156 0.00191116333007812 0.248367309570313 0.041168212890625
-0.0318565368652344 -0.00299263000488281 0.319610595703125 0.192352294921875
-0.1531982421875 -0.092041015625 0.19610595703125 -0.01324462890625
-0.166458129882813 -0.0733642578125 0.140670776367188 -0.0269317626953125
-0.17413330078125 -0.014892578125 0.0272979736328125 -0.0247650146484375
-0.139846801757813 0.067474365234375 -0.0297355651855469 0.0438613891601563
-0.0828857421875 0.0963516235351563 -0.0390243530273438 0.0973892211914063
-0.0169677734375 0.122390747070312 0.0149078369140625 0.180770874023438
0.0347442626953125 0.121490478515625 0.0848388671875 0.199615478515625
0.0324859619140625 0.115882873535156 0.112014770507813 0.176406860351563
0.0445785522460937 0.116615295410156 0.100692749023438 0.172836303710938
0.0266342163085938 0.132461547851563 0.0547943115234375 0.1639404296875
-0.0227127075195313 0.135978698730469 0.0271987915039063 0.0974807739257813
-0.0683822631835937 0.131881713867188 0.0364418029785156 0.0374488830566406
-0.148117065429688 0.0652008056640625 0.111656188964844 0.0018463134765625
-0.175460815429688 -0.00222778320312501 0.242294311523438 0.032135009765625
-0.155609130859375 -0.0240936279296875 0.30242919921875 0.183197021484375
-0.2510986328125 -0.124862670898437 0.136711120605469 -0.0289535522460938
-0.261276245117188 -0.0948028564453125 0.103851318359375 -0.0229415893554688
-0.261642456054688 -0.0255279541015625 0.0385398864746094 -0.0263786315917969
-0.22503662109375 0.09295654296875 -0.0130519866943359 0.0241146087646484
-0.142059326171875 0.150619506835938 -0.026153564453125 0.0569915771484375
-0.0406341552734375 0.204132080078125 0.0118637084960937 0.131240844726562
0.042144775390625 0.198440551757813 0.0580902099609375 0.146484375
0.0451507568359375 0.1881103515625 0.0795440673828125 0.126930236816406
0.0622406005859375 0.1978759765625 0.0705108642578125 0.125625610351563
0.0292816162109375 0.213958740234375 0.0435256958007812 0.119949340820313
-0.046600341796875 0.2061767578125 0.0222702026367188 0.0624809265136719
-0.1121826171875 0.194366455078125 0.0358238220214844 0.0166473388671875
-0.217742919921875 0.0929718017578126 0.107284545898437 -0.0182113647460937
-0.267181396484375 0.00312805175781247 0.205413818359375 0.0298919677734375
-0.255401611328125 -0.0366363525390625 0.244537353515625 0.164779663085938
-0.31219482421875 -0.13470458984375 0.0494537353515625 -0.0534019470214844
-0.321990966796875 -0.09368896484375 0.0424613952636719 -0.0239639282226563
-0.31195068359375 -0.020294189453125 0.0383415222167969 -0.0237770080566406
-0.272186279296875 0.112869262695312 0.00540304183959959 9.05990600586629E-06
-0.178131103515625 0.184234619140625 -0.00922775268554689 0.00563240051269532
-0.05755615234375 0.255386352539063 0.00821304321289062 0.059417724609375
0.042877197265625 0.245834350585937 0.0243148803710938 0.0703353881835938
0.05078125 0.2340087890625 0.034759521484375 0.0585403442382813
0.068695068359375 0.24908447265625 0.0312690734863281 0.0600318908691406
0.0287322998046875 0.265380859375 0.0214767456054688 0.0572700500488281
-0.0675811767578125 0.250091552734375 0.0115118026733398 0.0171337127685547
-0.141494750976563 0.230239868164063 0.0315570831298828 -0.00682640075683592
-0.260208129882812 0.108230590820312 0.0899276733398438 -0.0282974243164062
-0.32000732421875 0.00680541992187499 0.143661499023438 0.036163330078125
-0.316009521484375 -0.042205810546875 0.157257080078125 0.1397705078125
-0.325347900390625 -0.118255615234375 -0.05511474609375 -0.0836029052734375
-0.331268310546875 -0.0723571777343749 -0.0341072082519532 -0.0292873382568359
-0.30938720703125 -0.00494384765624993 0.0232391357421875 -0.0211906433105469
-0.269989013671875 0.119155883789063 0.0181236267089844 -0.0271396636962891
-0.179458618164063 0.188385009765625 0.00694274902343749 -0.0489692687988281
-0.061279296875 0.26531982421875 0.00101089477539062 -0.0229625701904297
0.0384368896484375 0.254898071289063 -0.0137100219726563 -0.0179023742675781
0.0473785400390625 0.242538452148437 -0.0151290893554687 -0.0182056427001953
0.0656890869140625 0.263427734375 -0.015040397644043 -0.0139179229736328
0.016632080078125 0.276702880859375 -0.00566482543945312 -0.0148391723632812
-0.0843963623046875 0.2520751953125 -0.00236892700195313 -0.0332813262939453
-0.1553955078125 0.227615356445313 0.0241146087646484 -0.0295600891113281
-0.26617431640625 0.09814453125 0.0646133422851562 -0.0289039611816406
-0.326202392578125 0.000885009765624954 0.0655288696289063 0.0474281311035156
-0.3277587890625 -0.045684814453125 0.051788330078125 0.107887268066406
-0.287017822265625 -0.08465576171875 -0.159225463867188 -0.110549926757813
-0.2823486328125 -0.0430908203125 -0.1102294921875 -0.0357284545898438
-0.24951171875 0.00978088378906249 -0.0017528533935547 -0.0189876556396484
-0.218856811523438 0.101104736328125 0.0188064575195312 -0.0532455444335937
-0.148956298828125 0.159576416015625 0.0117950439453125 -0.0975799560546875
-0.053131103515625 0.23333740234375 -0.0123138427734375 -0.0996170043945312
0.029052734375 0.224166870117188 -0.05194091796875 -0.100318908691406
0.0394287109375 0.214950561523438 -0.0615386962890625 -0.0921707153320312
0.0490875244140625 0.239212036132812 -0.055999755859375 -0.0865936279296875
-0.00170898437500001 0.244491577148438 -0.0279388427734375 -0.0848617553710937
-0.0933380126953125 0.21295166015625 -0.00985717773437501 -0.0792922973632812
-0.150604248046875 0.18310546875 0.0179290771484375 -0.0497512817382812
-0.232864379882813 0.0635528564453125 0.0351829528808594 -0.0245857238769531
-0.282440185546875 -0.0123291015625 -0.0139350891113281 0.0542678833007813
-0.289703369140625 -0.043426513671875 -0.0512466430664063 0.07110595703125
-0.200057983398438 -0.040863037109375 -0.2447509765625 -0.131072998046875
-0.1846923828125 -0.015411376953125 -0.17364501953125 -0.0406341552734375
-0.152252197265625 0.010101318359375 -0.0328330993652344 -0.0153160095214844
-0.139366149902344 0.0590362548828125 0.00827026367187499 -0.0717697143554687
-0.101676940917969 0.101287841796875 0.00676727294921874 -0.127639770507813
-0.038848876953125 0.1644287109375 -0.032012939453125 -0.157302856445313
0.0138397216796875 0.160247802734375 -0.0868377685546875 -0.165817260742188
0.024078369140625 0.154998779296875 -0.0985565185546875 -0.153121948242188
0.0265655517578125 0.177520751953125 -0.0844573974609375 -0.148818969726563
-0.018218994140625 0.17462158203125 -0.03900146484375 -0.144607543945313
-0.084869384765625 0.139656066894531 -0.0076751708984375 -0.113899230957031
-0.117378234863281 0.110671997070312 0.0179710388183594 -0.0629692077636719
-0.161544799804688 0.025054931640625 0.0067310333251953 -0.0195198059082031
-0.194793701171875 -0.0196533203125 -0.0831832885742188 0.051177978515625
-0.2098388671875 -0.0316619873046875 -0.137184143066406 0.0307846069335938
-0.0808563232421875 0.00207519531249999 -0.300262451171875 -0.14068603515625
-0.0611724853515625 -0.00399017333984374 -0.214859008789062 -0.0427398681640625
-0.0412826538085938 -0.00696563720703125 -0.0613822937011719 -0.00518417358398438
-0.0521087646484375 0.001190185546875 -0.00601196289062501 -0.073638916015625
-0.0508003234863281 0.0276107788085938 -0.00162506103515626 -0.135108947753906
-0.0289688110351563 0.0716018676757813 -0.050506591796875 -0.188034057617187
-0.00540161132812501 0.073333740234375 -0.113265991210937 -0.203582763671875
0.00579833984374999 0.071563720703125 -0.121780395507813 -0.1910400390625
0.00401306152343751 0.0884323120117188 -0.096435546875 -0.19000244140625
-0.0217819213867187 0.0797653198242188 -0.0346221923828125 -0.182571411132813
-0.0512924194335938 0.0501899719238281 0.00391387939453125 -0.130477905273438
-0.0537109375 0.0341987609863281 0.021026611328125 -0.0667343139648438
-0.0609855651855469 0.00125885009765626 -0.0149030685424805 -0.0122146606445313
-0.081817626953125 -0.00540924072265624 -0.1307373046875 0.0385818481445313
-0.0999755859375 -0.00328826904296874 -0.192947387695312 -0.00595092773437498
-0.0348930358886719 -0.0481948852539063 0.221908569335938 -0.0284576416015625
-0.0527153015136719 -0.0455131530761719 0.152053833007813 -0.0458984375
-0.0680961608886719 -0.003997802734375 0.0114021301269531 -0.0211219787597656
-0.0404586791992188 0.0314483642578125 -0.0328865051269531 0.0624313354492188
-0.0164623260498047 0.0293903350830078 -0.03045654296875 0.125526428222656
0.00365447998046875 0.0235748291015625 0.033935546875 0.200424194335938
0.0197257995605469 0.0249576568603516 0.113662719726563 0.21478271484375
0.0155010223388672 0.0247592926025391 0.138229370117187 0.193466186523438
0.0236053466796875 0.0174503326416016 0.121658325195313 0.194351196289063
0.0263538360595703 0.0326709747314453 0.065032958984375 0.187240600585938
0.0163612365722656 0.0515251159667969 0.0311050415039062 0.121223449707031
-0.00876617431640624 0.0607833862304687 0.0336532592773438 0.0548934936523438
-0.0557975769042969 0.0407943725585938 0.102005004882812 0.021942138671875
-0.0573043823242188 0.00628280639648438 0.249176025390625 0.0277557373046875
-0.0299911499023438 -0.000490188598632807 0.328277587890625 0.177581787109375
-0.157073974609375 -0.086395263671875 0.200164794921875 -0.0237274169921875
-0.16864013671875 -0.066741943359375 0.142913818359375 -0.0341033935546875
-0.176223754882813 -0.00967407226562501 0.0279960632324219 -0.0272235870361328
-0.137763977050781 0.0722885131835938 -0.0247077941894531 0.0459327697753906
-0.0801620483398437 0.100486755371094 -0.0320816040039063 0.0993576049804688
-0.0130691528320313 0.123908996582031 0.02679443359375 0.179229736328125
0.0395050048828125 0.119773864746094 0.0975189208984375 0.194732666015625
0.0388031005859375 0.114006042480469 0.123245239257813 0.171707153320313
0.0499954223632813 0.114273071289063 0.111007690429688 0.169769287109375
0.0332717895507813 0.13043212890625 0.06488037109375 0.163955688476563
-0.0137405395507813 0.136550903320313 0.03363037109375 0.0978012084960938
-0.06158447265625 0.136436462402344 0.0384750366210937 0.037567138671875
-0.14605712890625 0.0727691650390625 0.110824584960937 -0.00325775146484375
-0.176620483398438 0.00851440429687497 0.243881225585937 0.0191650390625
-0.155731201171875 -0.015899658203125 0.31231689453125 0.170501708984375
-0.258819580078125 -0.114639282226563 0.141128540039062 -0.0357818603515625
-0.266342163085938 -0.083160400390625 0.107070922851562 -0.0274887084960938
-0.266525268554688 -0.0152740478515625 0.0390853881835937 -0.0285415649414063
-0.222076416015625 0.103912353515625 -0.0082073211669922 0.0251426696777344
-0.137039184570312 0.158432006835938 -0.0210418701171875 0.0576019287109375
-0.0326080322265625 0.20770263671875 0.0214996337890625 0.128799438476563
0.05194091796875 0.198135375976562 0.068603515625 0.142669677734375
0.0559844970703125 0.187057495117188 0.0878143310546875 0.124183654785156
0.0731353759765625 0.194381713867188 0.0813140869140625 0.123153686523438
0.0415191650390625 0.212356567382813 0.0519485473632812 0.118919372558594
-0.0363311767578125 0.21051025390625 0.0270767211914062 0.0619773864746094
-0.102294921875 0.201690673828125 0.0377998352050781 0.015655517578125
-0.216064453125 0.105117797851563 0.104866027832031 -0.0215301513671875
-0.270431518554688 0.0183563232421875 0.207733154296875 0.0196990966796875
-0.257858276367188 -0.023162841796875 0.254974365234375 0.155776977539063
-0.32257080078125 -0.120086669921875 0.0525016784667969 -0.0556831359863281
-0.32696533203125 -0.0776977539062501 0.0458831787109375 -0.0246963500976563
-0.317596435546875 -0.00674438476562507 0.0390281677246094 -0.0259933471679688
-0.269622802734375 0.127975463867188 0.00939369201660155 -0.000362396240234367
-0.17059326171875 0.196365356445313 -0.0065598487854004 0.005063533782959
-0.0448455810546875 0.260360717773438 0.0145378112792969 0.0568351745605469
0.05621337890625 0.246231079101563 0.0304107666015625 0.0679473876953125
0.0645599365234375 0.232131958007812 0.0395736694335938 0.057373046875
0.0845184326171875 0.247421264648438 0.0369453430175781 0.05938720703125
0.0439605712890625 0.265151977539063 0.0264892578125 0.0572319030761719
-0.054718017578125 0.256790161132812 0.0145177841186523 0.0164175033569336
-0.130447387695313 0.240997314453125 0.0321559906005859 -0.00775527954101561
-0.259170532226563 0.12200927734375 0.0864334106445312 -0.030364990234375
-0.325164794921875 0.0244140624999999 0.145889282226562 0.0293121337890625
-0.31988525390625 -0.026153564453125 0.165740966796875 0.134613037109375
-0.337158203125 -0.10430908203125 -0.0536041259765625 -0.08056640625
-0.336822509765625 -0.0555419921875001 -0.0308551788330078 -0.0247364044189453
-0.31610107421875 0.00988769531250006 0.0250492095947265 -0.0217571258544922
-0.26788330078125 0.135177612304688 0.0200080871582031 -0.0276947021484375
-0.1708984375 0.201812744140625 0.00539779663085937 -0.0516128540039062
-0.0468902587890625 0.271835327148437 0.00191688537597656 -0.0261669158935547
0.05364990234375 0.255599975585938 -0.013336181640625 -0.0181865692138672
0.0640716552734375 0.242279052734375 -0.014129638671875 -0.0171794891357422
0.082061767578125 0.261871337890625 -0.0130443572998047 -0.0130014419555664
0.0337066650390625 0.278305053710938 -0.00525093078613281 -0.0132369995117187
-0.070098876953125 0.26129150390625 -0.00254249572753907 -0.0336799621582031
-0.144683837890625 0.239456176757813 0.0233840942382812 -0.0309219360351562
-0.266845703125 0.112579345703125 0.0606117248535156 -0.0302734375
-0.33154296875 0.01953125 0.0685386657714844 0.0453567504882813
-0.33251953125 -0.0296630859375 0.0588302612304687 0.108787536621094
-0.29595947265625 -0.071990966796875 -0.159317016601563 -0.10272216796875
-0.288360595703125 -0.0264892578125 -0.108169555664063 -0.027008056640625
-0.256561279296875 0.0218963623046875 -0.00085067749023439 -0.0187244415283203
-0.21856689453125 0.116622924804687 0.018524169921875 -0.0542564392089844
-0.142776489257812 0.1724853515625 0.0072784423828125 -0.100028991699219
-0.038604736328125 0.238723754882812 -0.0169677734375 -0.102897644042969
0.0436859130859375 0.225418090820312 -0.0565032958984375 -0.0991897583007812
0.053466796875 0.215087890625 -0.064605712890625 -0.0901336669921875
0.06536865234375 0.237716674804688 -0.0584182739257813 -0.0836410522460937
0.01416015625 0.248001098632813 -0.0323867797851563 -0.0834579467773437
-0.0819854736328125 0.222381591796875 -0.013458251953125 -0.0791549682617187
-0.14129638671875 0.194717407226562 0.0166664123535156 -0.0502395629882812
-0.234756469726563 0.076263427734375 0.0314884185791016 -0.0245761871337891
-0.28839111328125 0.00402832031249996 -0.010589599609375 0.0569419860839844
-0.29449462890625 -0.029571533203125 -0.0476150512695313 0.075592041015625
-0.2064208984375 -0.0327911376953125 -0.247940063476562 -0.119476318359375
-0.189834594726563 -0.00622558593749997 -0.173446655273438 -0.02935791015625
-0.157012939453125 0.017303466796875 -0.0315017700195313 -0.0125656127929688
-0.13946533203125 0.0707168579101563 0.00616455078125 -0.0712356567382813
-0.0977783203125 0.111297607421875 0.00124359130859375 -0.129737854003906
-0.0288238525390625 0.168243408203125 -0.0403900146484375 -0.158843994140625
0.02569580078125 0.16241455078125 -0.0955963134765625 -0.162155151367187
0.035552978515625 0.155426025390625 -0.10528564453125 -0.148757934570312
0.0399322509765625 0.177139282226563 -0.0907135009765625 -0.144943237304687
-0.00599670410156252 0.17852783203125 -0.0455169677734375 -0.143020629882813
-0.076995849609375 0.147201538085937 -0.0125503540039062 -0.114303588867187
-0.111968994140625 0.120277404785156 0.0155677795410156 -0.064117431640625
-0.163803100585938 0.0342864990234375 0.00455093383789061 -0.0178260803222656
-0.2010498046875 -0.00726318359374998 -0.0798873901367188 0.0569839477539063
-0.213546752929688 -0.020782470703125 -0.13616943359375 0.0387115478515625
-0.0841522216796875 0.00516510009765625 -0.30517578125 -0.12677001953125
-0.064788818359375 -0.000629425048828135 -0.215774536132813 -0.0290679931640625
-0.0452995300292969 -0.0044403076171875 -0.0592460632324219 -0.00214767456054687
-0.0548248291015625 0.00706100463867187 -0.00933837890624999 -0.0741424560546875
-0.0501480102539062 0.033294677734375 -0.00854492187500002 -0.137283325195313
-0.0230941772460938 0.0760955810546875 -0.06121826171875 -0.187454223632813
0.000885009765625006 0.0755996704101563 -0.12518310546875 -0.199569702148437
0.0124359130859375 0.07244873046875 -0.132064819335938 -0.18463134765625
0.0120010375976562 0.0898971557617188 -0.105606079101563 -0.186141967773438
-0.0148162841796875 0.0822372436523438 -0.0444793701171875 -0.181884765625
-0.0483894348144531 0.0560302734375 -0.00242614746093749 -0.130989074707031
-0.0509567260742188 0.0388984680175781 0.0178489685058594 -0.0675163269042969
-0.0632667541503906 0.00661849975585936 -0.0174932479858398 -0.00992679595947266
-0.0861053466796875 0.00153350830078127 -0.130462646484375 0.0463943481445313
-0.102951049804687 0.00238037109374998 -0.19561767578125 0.00509643554687502
-0.0340995788574219 -0.0479202270507813 0.225509643554688 -0.0363006591796875
-0.05328369140625 -0.0471305847167969 0.1552734375 -0.0525054931640625
-0.0691375732421875 -0.00467300415039061 0.0128345489501953 -0.0233516693115234
-0.04046630859375 0.0300102233886719 -0.0297164916992187 0.0619850158691406
-0.0174064636230469 0.0290012359619141 -0.0257186889648437 0.126968383789063
0.00212860107421875 0.0239105224609375 0.0422210693359375 0.201522827148438
0.0185546875 0.0254993438720703 0.12286376953125 0.214218139648438
0.0141887664794922 0.0240306854248047 0.146530151367188 0.192337036132813
0.0222110748291016 0.0156803131103516 0.130126953125 0.193954467773438
0.0276985168457031 0.0307159423828125 0.07269287109375 0.189849853515625
0.0191078186035156 0.0499420166015625 0.0355453491210937 0.123886108398437
-0.00623321533203125 0.0603370666503906 0.0348358154296875 0.0563430786132813
-0.0534019470214844 0.0433578491210938 0.103492736816406 0.0202865600585938
-0.05523681640625 0.00819778442382812 0.251571655273438 0.0199737548828125
-0.0275764465332031 0.000608444213867182 0.336395263671875 0.172576904296875
-0.160720825195312 -0.083343505859375 0.204879760742188 -0.0295867919921875
-0.171096801757813 -0.0654144287109375 0.14764404296875 -0.038848876953125
-0.181015014648437 -0.00814819335937501 0.0297775268554687 -0.0287742614746094
-0.138313293457031 0.0749969482421875 -0.0209922790527344 0.0452232360839844
-0.08056640625 0.103408813476563 -0.0282135009765625 0.100006103515625
-0.01171875 0.126060485839844 0.03509521484375 0.179229736328125
0.04150390625 0.121185302734375 0.106201171875 0.193328857421875
0.0415725708007812 0.113807678222656 0.131362915039062 0.170059204101562
0.0530166625976562 0.114227294921875 0.120193481445313 0.170196533203125
0.0373153686523438 0.13043212890625 0.072906494140625 0.166091918945313
-0.00936889648437501 0.139259338378906 0.0380477905273438 0.100410461425781
-0.058502197265625 0.139503479003906 0.0405006408691406 0.0385780334472656
-0.145721435546875 0.0783233642578125 0.110702514648438 -0.00396728515624999
-0.177993774414063 0.0149993896484375 0.246688842773438 0.012054443359375
-0.156097412109375 -0.0118408203125 0.3209228515625 0.166168212890625
-0.265701293945313 -0.109039306640625 0.145767211914062 -0.039703369140625
-0.2708740234375 -0.0779571533203125 0.112167358398438 -0.0302200317382813
-0.273208618164063 -0.0104217529296875 0.041534423828125 -0.0311470031738281
-0.22332763671875 0.1104736328125 -0.0043926239013672 0.0246906280517578
-0.136367797851563 0.164962768554688 -0.0183906555175781 0.0570945739746094
-0.02752685546875 0.211700439453125 0.0279693603515625 0.127265930175781
0.0586700439453125 0.200408935546875 0.0754852294921875 0.141006469726563
0.062408447265625 0.1881103515625 0.0949478149414063 0.123481750488281
0.08001708984375 0.195709228515625 0.0888671875 0.123519897460938
0.049652099609375 0.213836669921875 0.0581817626953125 0.121192932128906
-0.0294342041015625 0.215560913085937 0.03106689453125 0.0633468627929688
-0.0979614257812499 0.208023071289062 0.0397491455078125 0.0162353515625
-0.218612670898438 0.11297607421875 0.104232788085937 -0.021728515625
-0.275146484375 0.0276336669921875 0.210311889648438 0.0145111083984375
-0.260818481445313 -0.0171051025390625 0.262847900390625 0.152603149414063
-0.332275390625 -0.11309814453125 0.0571098327636719 -0.0576438903808594
-0.33404541015625 -0.0702209472656249 0.05108642578125 -0.0251426696777344
-0.32666015625 0.00103759765624994 0.0413780212402344 -0.0279541015625
-0.271835327148438 0.137435913085937 0.0135107040405273 -0.000576972961425773
-0.168731689453125 0.205535888671875 -0.00418114662170411 0.00362658500671388
-0.0380859375 0.266738891601563 0.0183830261230469 0.0533218383789063
0.0653839111328125 0.249649047851563 0.0357437133789063 0.0668067932128906
0.0741729736328125 0.234268188476563 0.0443496704101563 0.0574226379394531
0.0948944091796875 0.248947143554688 0.0426139831542969 0.0593147277832031
0.0545501708984375 0.26904296875 0.0309295654296875 0.0588531494140625
-0.0466461181640625 0.264480590820313 0.0172309875488281 0.0169143676757813
-0.125198364257813 0.250396728515625 0.0339145660400391 -0.00719070434570311
-0.262786865234375 0.131729125976562 0.0848922729492187 -0.0301361083984375
-0.3316650390625 0.03668212890625 0.148300170898438 0.026580810546875
-0.325164794921875 -0.0186767578125 0.172836303710937 0.1346435546875
-0.347015380859375 -0.097259521484375 -0.0505599975585938 -0.07965087890625
-0.34368896484375 -0.0461120605468749 -0.0267887115478516 -0.0226078033447266
-0.324920654296875 0.018402099609375 0.0271644592285156 -0.0230216979980469
-0.270004272460937 0.147384643554688 0.0236892700195312 -0.02801513671875
-0.168701171875 0.212615966796875 0.00608825683593749 -0.0540962219238281
-0.038726806640625 0.278915405273438 0.00336265563964843 -0.029703140258789
0.064666748046875 0.25921630859375 -0.0114727020263672 -0.0190677642822265
0.074310302734375 0.244491577148437 -0.0120096206665039 -0.0167360305786133
0.093414306640625 0.263763427734375 -0.0107393264770508 -0.0120067596435547
0.04498291015625 0.282440185546875 -0.0039825439453125 -0.0117616653442383
-0.0625 0.270401000976563 -0.00166511535644532 -0.0331573486328125
-0.14044189453125 0.249618530273438 0.0244674682617187 -0.0312633514404297
-0.272018432617188 0.122756958007813 0.0585670471191406 -0.0287551879882812
-0.33978271484375 0.03076171875 0.070587158203125 0.045196533203125
-0.338623046875 -0.0216979980468751 0.0633468627929687 0.110382080078125
-0.3060302734375 -0.0661315917968749 -0.15826416015625 -0.100082397460938
-0.294586181640625 -0.0182495117187499 -0.106109619140625 -0.0213546752929687
-0.26568603515625 0.0302124023437499 0.00160217285156248 -0.0188407897949219
-0.21954345703125 0.1282958984375 0.0204277038574219 -0.0549507141113281
-0.139846801757813 0.182861328125 0.00645446777343748 -0.102775573730469
-0.0307769775390625 0.244781494140625 -0.0200424194335937 -0.106010437011719
0.054290771484375 0.229232788085938 -0.0588150024414062 -0.0996475219726562
0.0636138916015625 0.2176513671875 -0.06597900390625 -0.0890731811523437
0.0773468017578125 0.2393798828125 -0.0593490600585938 -0.0839309692382812
0.0251312255859375 0.25177001953125 -0.033721923828125 -0.082550048828125
-0.075164794921875 0.23126220703125 -0.014373779296875 -0.0806121826171875
-0.137924194335938 0.204055786132813 0.0170936584472656 -0.0514488220214844
-0.2403564453125 0.0855255126953125 0.0293560028076172 -0.0236301422119141
-0.297454833984375 0.0141601562500001 -0.00946426391601564 0.0589370727539063
-0.301300048828125 -0.022613525390625 -0.0459823608398438 0.0800018310546875
-0.214996337890625 -0.02789306640625 -0.249649047851563 -0.114990234375
-0.195144653320313 -0.000106811523437532 -0.173202514648438 -0.02166748046875
-0.164169311523438 0.02313232421875 -0.0299110412597656 -0.0121040344238281
-0.141616821289063 0.079620361328125 0.00666046142578124 -0.0719757080078125
-0.0950241088867188 0.120223999023437 -0.002838134765625 -0.132606506347656
-0.0223388671875 0.17388916015625 -0.0457000732421875 -0.161392211914063
0.0345458984375 0.165634155273438 -0.101104736328125 -0.162460327148438
0.0437164306640625 0.156936645507813 -0.110092163085938 -0.147933959960937
0.0491485595703125 0.17901611328125 -0.0942840576171875 -0.145187377929687
0.00248718261718752 0.18255615234375 -0.0496673583984375 -0.143478393554688
-0.0727996826171875 0.15570068359375 -0.01495361328125 -0.11517333984375
-0.108894348144531 0.127212524414063 0.0152053833007812 -0.0650100708007812
-0.168502807617188 0.0410919189453125 0.00302886962890624 -0.0158214569091797
-0.208663940429688 0.000564575195312544 -0.0799026489257813 0.0613250732421875
-0.219528198242187 -0.0153045654296875 -0.13763427734375 0.0441360473632813
-0.088592529296875 0.00608062744140626 -0.30999755859375 -0.12139892578125
-0.0683860778808594 0.000659942626953112 -0.217803955078125 -0.021728515625
-0.0496101379394531 -0.002960205078125 -0.0580596923828125 -0.000461578369140627
-0.0568046569824219 0.0118980407714844 -0.009857177734375 -0.0750808715820313
-0.0498428344726563 0.0383949279785156 -0.013092041015625 -0.140365600585937
-0.019287109375 0.0785675048828125 -0.0686798095703125 -0.189773559570313
0.00650024414062499 0.0779953002929687 -0.132553100585938 -0.197967529296875
0.0174331665039063 0.0737380981445313 -0.139022827148437 -0.183120727539063
0.0182876586914062 0.0904998779296875 -0.11126708984375 -0.185821533203125
-0.00959014892578124 0.0854263305664063 -0.05078125 -0.182708740234375
-0.0463905334472656 0.060333251953125 -0.0064849853515625 -0.132713317871094
-0.0498275756835938 0.0431327819824219 0.0172042846679687 -0.0685501098632813
-0.0651702880859375 0.0108451843261719 -0.0194129943847656 -0.00741577148437499
-0.090728759765625 0.00731658935546876 -0.131637573242188 0.0530471801757812
-0.107460021972656 0.00592803955078127 -0.199783325195313 0.0112457275390625
-0.0335769653320313 -0.0491371154785156 0.235275268554687 -0.043609619140625
-0.0542831420898437 -0.0498313903808594 0.161209106445313 -0.060302734375
-0.0713882446289063 -0.00572204589843751 0.014007568359375 -0.0257320404052734
-0.042877197265625 0.0292167663574219 -0.0281028747558594 0.0633010864257813
-0.0199470520019531 0.0289115905761719 -0.0226821899414063 0.131202697753906
-0.000171661376953127 0.0244541168212891 0.0513458251953125 0.207000732421875
0.0170688629150391 0.0259571075439453 0.134017944335938 0.217575073242187
0.0135383605957031 0.0244541168212891 0.158279418945313 0.195404052734375
0.0212516784667969 0.0154132843017578 0.141845703125 0.19952392578125
0.0277633666992187 0.0295467376708984 0.081695556640625 0.197158813476562
0.0217475891113281 0.0493698120117188 0.040435791015625 0.129196166992187
-0.00439453124999999 0.0609321594238281 0.0364952087402344 0.0598793029785156
-0.0524520874023438 0.0455169677734375 0.106964111328125 0.0203094482421875
-0.0541534423828125 0.0101661682128906 0.259033203125 0.0131072998046875
-0.0247135162353516 0.00107574462890625 0.35150146484375 0.17230224609375
-0.1669921875 -0.0832061767578125 0.215347290039062 -0.03631591796875
-0.177139282226563 -0.065460205078125 0.15625 -0.0448150634765625
-0.189437866210937 -0.00669860839843751 0.0321178436279297 -0.0324287414550781
-0.143356323242188 0.0792236328125 -0.0187492370605469 0.0452842712402344
-0.0831527709960938 0.108551025390625 -0.0255966186523437 0.102752685546875
-0.0114898681640625 0.1314697265625 0.0427093505859375 0.182632446289062
0.0449447631835938 0.125617980957031 0.117355346679687 0.196563720703125
0.044677734375 0.1171875 0.142105102539063 0.173019409179688
0.056915283203125 0.117019653320313 0.131484985351562 0.17388916015625
0.0421371459960937 0.133628845214844 0.0826568603515625 0.17279052734375
-0.00547790527343751 0.14385986328125 0.0430831909179687 0.104393005371094
-0.0572357177734375 0.145339965820313 0.0429191589355469 0.040496826171875
-0.149734497070313 0.0856170654296875 0.113800048828125 -0.00415039062499999
-0.183914184570313 0.0203857421875 0.254165649414063 0.0065155029296875
-0.159805297851562 -0.00924682617187499 0.33673095703125 0.167083740234375
-0.278289794921875 -0.107025146484375 0.1558837890625 -0.0450897216796875
-0.281463623046875 -0.075592041015625 0.120674133300781 -0.0343475341796875
-0.28759765625 -0.00671386718750004 0.0446128845214844 -0.0341911315917969
-0.230545043945312 0.119216918945312 -0.000856399536132826 0.0244789123535156
-0.139068603515625 0.175537109375 -0.016143798828125 0.0576248168945313
-0.0252838134765625 0.22186279296875 0.0338973999023438 0.127059936523438
0.0656890869140625 0.207901000976562 0.0845489501953125 0.143264770507813
0.0706634521484375 0.19354248046875 0.10455322265625 0.125053405761719
0.088226318359375 0.20111083984375 0.0991363525390625 0.125869750976563
0.0576324462890625 0.220993041992187 0.0664825439453125 0.126022338867188
-0.0239410400390625 0.225784301757813 0.0367050170898437 0.0659828186035156
-0.096527099609375 0.2193603515625 0.0430755615234375 0.0183563232421875
-0.226104736328125 0.123992919921875 0.106307983398437 -0.0212554931640625
-0.28533935546875 0.036590576171875 0.216903686523438 0.0101165771484375
-0.269775390625 -0.01324462890625 0.277145385742188 0.1549072265625
-0.348663330078125 -0.109283447265625 0.0644645690917968 -0.0611495971679688
-0.347320556640625 -0.065216064453125 0.0580062866210937 -0.0263671875
-0.34375 0.00698852539062504 0.0445938110351562 -0.031158447265625
-0.279815673828125 0.150390625 0.0177822113037109 -0.00125122070312499
-0.171112060546875 0.219085693359375 -0.00269603729248048 0.00219917297363283
-0.03204345703125 0.27880859375 0.0219841003417969 0.0512466430664063
0.0758514404296875 0.257827758789063 0.0410270690917969 0.0665473937988281
0.0844268798828125 0.241043090820313 0.0508689880371094 0.0585060119628906
0.106674194335938 0.255935668945313 0.04937744140625 0.0603485107421875
0.0659332275390625 0.278594970703125 0.0366249084472656 0.0617866516113281
-0.0402069091796875 0.278030395507813 0.0205326080322266 0.0174942016601563
-0.123794555664063 0.265045166015625 0.036834716796875 -0.00688934326171873
-0.27288818359375 0.144622802734375 0.0862274169921875 -0.0294036865234375
-0.345611572265625 0.04779052734375 0.154449462890625 0.0252227783203125
-0.336944580078125 -0.014007568359375 0.183242797851562 0.137893676757812
-0.365753173828125 -0.0931091308593751 -0.0474700927734375 -0.0825042724609375
-0.35943603515625 -0.040069580078125 -0.0224418640136719 -0.0209579467773438
-0.3427734375 0.0274658203124999 0.0304222106933594 -0.0251064300537109
-0.278228759765625 0.16143798828125 0.0278511047363281 -0.0298118591308594
-0.1695556640625 0.22796630859375 0.00655746459960936 -0.0573234558105469
-0.03204345703125 0.291229248046875 0.00352859497070313 -0.0348644256591797
0.076171875 0.268844604492188 -0.01007080078125 -0.0208244323730469
0.085693359375 0.251708984375 -0.00983905792236328 -0.017404556274414
0.106613159179688 0.271331787109375 -0.00861358642578124 -0.0131912231445312
0.05767822265625 0.292877197265625 -0.0017099380493164 -0.011296272277832
-0.057037353515625 0.285430908203125 -0.000423431396484382 -0.0350208282470703
-0.13861083984375 0.265289306640625 0.0267772674560547 -0.0324459075927734
-0.28265380859375 0.135772705078125 0.0584907531738281 -0.0278854370117187
-0.355377197265625 0.042816162109375 0.0749130249023437 0.0468063354492188
-0.352874755859375 -0.01605224609375 0.069366455078125 0.114967346191406
-0.322540283203125 -0.061492919921875 -0.160629272460938 -0.101287841796875
-0.30950927734375 -0.01165771484375 -0.105201721191406 -0.01800537109375
-0.28082275390625 0.0390167236328124 0.00380897521972654 -0.0190296173095703
-0.226760864257813 0.142333984375 0.0241279602050781 -0.0571365356445312
-0.140213012695312 0.197402954101563 0.00540924072265623 -0.1075439453125
-0.0242767333984375 0.256698608398438 -0.022674560546875 -0.112342834472656
0.0653533935546875 0.237625122070313 -0.0615005493164062 -0.102928161621094
0.07464599609375 0.223953247070313 -0.0677642822265625 -0.091033935546875
0.0896148681640625 0.247116088867187 -0.0611114501953125 -0.086181640625
0.0366058349609375 0.261886596679687 -0.0348968505859375 -0.08392333984375
-0.0702667236328125 0.245162963867187 -0.0147552490234375 -0.0833816528320313
-0.137115478515625 0.218170166015625 0.0184860229492187 -0.0541038513183594
-0.250732421875 0.0977935791015625 0.0289382934570312 -0.0214653015136719
-0.311737060546875 0.0249633789062501 -0.00824356079101565 0.0630645751953125
-0.315521240234375 -0.016845703125 -0.0449295043945313 0.0849685668945313
-0.228317260742188 -0.025115966796875 -0.25714111328125 -0.115097045898437
-0.206039428710937 0.00508117675781254 -0.175506591796875 -0.0164031982421875
-0.175750732421875 0.029144287109375 -0.0286598205566406 -0.0113658905029297
-0.147018432617188 0.0904693603515625 0.00813293457031249 -0.074554443359375
-0.0954666137695313 0.131492614746094 -0.00595092773437501 -0.138786315917969
-0.016357421875 0.183364868164063 -0.051666259765625 -0.167953491210938
0.0442352294921875 0.171783447265625 -0.108078002929688 -0.166610717773437
0.05291748046875 0.161758422851563 -0.11639404296875 -0.150558471679688
0.059234619140625 0.183883666992188 -0.0998687744140625 -0.149139404296875
0.0115966796875 0.190582275390625 -0.0546112060546875 -0.14642333984375
-0.07000732421875 0.166549682617188 -0.0168304443359375 -0.120094299316406
-0.109367370605469 0.137916564941406 0.0155410766601562 -0.0685081481933594
-0.176376342773438 0.0493621826171875 0.00138568878173827 -0.0138645172119141
-0.219802856445313 0.00927734374999996 -0.0811309814453125 0.0676651000976562
-0.230926513671875 -0.0106658935546875 -0.142181396484375 0.049896240234375
-0.0960922241210938 0.00711059570312502 -0.320343017578125 -0.12060546875
-0.0748748779296875 0.00289154052734375 -0.223464965820313 -0.0158538818359375
-0.0552825927734375 -0.00117874145507812 -0.0579452514648438 0.000896453857421879
-0.0601921081542969 0.0174179077148437 -0.0106964111328125 -0.077606201171875
-0.0501060485839844 0.045318603515625 -0.0175018310546875 -0.14593505859375
-0.0154876708984375 0.0833282470703125 -0.07666015625 -0.195068359375
0.0122909545898437 0.0817947387695313 -0.143035888671875 -0.201904296875
0.0225830078125 0.0767288208007813 -0.148208618164062 -0.186355590820313
0.0245437622070312 0.0929183959960938 -0.119644165039063 -0.190658569335938
-0.0041961669921875 0.0894393920898438 -0.0572509765625 -0.187835693359375
-0.0448379516601563 0.0672721862792969 -0.00939178466796874 -0.137733459472656
-0.0485992431640625 0.0487251281738281 0.0164337158203125 -0.0715255737304688
-0.0689544677734375 0.0160255432128906 -0.0214900970458984 -0.00545501708984375
-0.0972900390625 0.0130691528320313 -0.135635375976563 0.0597991943359375
-0.11492919921875 0.00936126708984375 -0.208938598632813 0.017425537109375
-0.03387451171875 -0.0511131286621094 0.249313354492187 -0.0556182861328125
-0.0576324462890625 -0.0532760620117188 0.1693115234375 -0.0726318359375
-0.0754623413085938 -0.00639343261718751 0.0136756896972656 -0.0299854278564453
-0.0458297729492187 0.029632568359375 -0.0269203186035156 0.0661087036132813
-0.0228710174560547 0.0303840637207031 -0.0176239013671875 0.1385498046875
-0.00164985656738281 0.0258541107177734 0.064300537109375 0.214065551757813
0.0164070129394531 0.0270175933837891 0.152374267578125 0.222793579101563
0.0128021240234375 0.0247516632080078 0.176422119140625 0.198623657226562
0.0202350616455078 0.0154304504394531 0.161224365234375 0.204605102539063
0.0293388366699219 0.0283603668212891 0.0981292724609375 0.206527709960938
0.0246238708496094 0.0484123229980469 0.048858642578125 0.137039184570313
-0.00140762329101563 0.0627708435058594 0.0411262512207031 0.064117431640625
-0.0502204895019531 0.049896240234375 0.113601684570313 0.0178146362304688
-0.0530586242675781 0.0127143859863281 0.271621704101563 0.00238037109375
-0.0232410430908203 0.00176811218261718 0.3770751953125 0.16864013671875
-0.177581787109375 -0.0800933837890625 0.230392456054688 -0.04766845703125
-0.188079833984375 -0.0640869140625 0.165847778320312 -0.05609130859375
-0.201995849609375 -0.00187683105468752 0.033843994140625 -0.0375556945800781
-0.150115966796875 0.0876617431640625 -0.0159454345703125 0.0469474792480469
-0.0854110717773438 0.118309020996094 -0.0210494995117188 0.107711791992188
-0.00843048095703125 0.139411926269531 0.0545806884765625 0.187347412109375
0.0524063110351563 0.131202697753906 0.13433837890625 0.200302124023438
0.0516433715820312 0.121932983398438 0.1602783203125 0.1759033203125
0.0640869140625 0.120933532714844 0.15045166015625 0.17803955078125
0.0507049560546875 0.138153076171875 0.0980682373046875 0.180740356445313
0.00128173828125001 0.151565551757813 0.0517501831054688 0.110992431640625
-0.05352783203125 0.15521240234375 0.0481948852539063 0.0443954467773438
-0.153472900390625 0.0979156494140625 0.11968994140625 -0.00633239746093749
-0.191192626953125 0.0302581787109375 0.267059326171875 -0.0040740966796875
-0.167327880859375 -0.00357055664062502 0.362335205078125 0.1646728515625
-0.297576904296875 -0.10040283203125 0.16851806640625 -0.0542755126953125
-0.298919677734375 -0.068939208984375 0.130645751953125 -0.042694091796875
-0.3072509765625 0.00341796875000007 0.0471038818359375 -0.0394859313964844
-0.240158081054688 0.135406494140625 0.00330352783203124 0.02362060546875
-0.140472412109375 0.1920166015625 -0.0124588012695313 0.0602226257324219
-0.0176544189453125 0.235565185546875 0.0426177978515625 0.129806518554688
0.0785064697265625 0.21710205078125 0.0981903076171875 0.1451416015625
0.0831756591796875 0.200698852539063 0.119102478027344 0.126838684082031
0.102737426757812 0.208602905273438 0.11358642578125 0.128089904785156
0.072967529296875 0.230239868164063 0.0799713134765625 0.131942749023438
-0.0145416259765625 0.240982055664063 0.0435256958007813 0.0698051452636719
-0.0921173095703125 0.237014770507813 0.0479164123535156 0.0192413330078125
-0.234359741210938 0.14251708984375 0.110969543457031 -0.0236129760742187
-0.30096435546875 0.05242919921875 0.2288818359375 0.00250244140625
-0.284149169921875 -0.00381469726562505 0.300048828125 0.15423583984375
-0.37445068359375 -0.100494384765625 0.071868896484375 -0.0685272216796875
-0.369110107421875 -0.05419921875 0.0665473937988281 -0.0313148498535156
-0.367431640625 0.02276611328125 0.0481796264648437 -0.0354156494140625
-0.291015625 0.172698974609375 0.0228958129882812 -0.00364303588867186
-0.170913696289063 0.241485595703125 -0.00099247694015504 0.000698029994964614
-0.022125244140625 0.296356201171875 0.0263557434082031 0.0496788024902344
0.093505859375 0.270309448242187 0.0492706298828125 0.06683349609375
0.10205078125 0.249740600585937 0.0603218078613281 0.0582618713378906
0.126480102539063 0.26568603515625 0.0580406188964844 0.0603981018066406
0.084564208984375 0.2908935546875 0.0456352233886719 0.0646896362304688
-0.028350830078125 0.29766845703125 0.0255413055419922 0.0182991027832031
-0.11859130859375 0.2872314453125 0.0409889221191406 -0.00777816772460936
-0.284210205078125 0.16802978515625 0.0900650024414062 -0.0302658081054687
-0.365997314453125 0.0675048828125001 0.164077758789062 0.021026611328125
-0.35797119140625 -0.000701904296874983 0.201141357421875 0.140609741210938
-0.393402099609375 -0.0823974609374999 -0.046966552734375 -0.0860443115234375
-0.382080078125 -0.026397705078125 -0.0179767608642578 -0.0210437774658203
-0.3670654296875 0.044830322265625 0.0335197448730469 -0.0281906127929687
-0.288177490234375 0.18603515625 0.032867431640625 -0.0336189270019531
-0.168228149414063 0.251693725585938 0.00622177124023436 -0.062347412109375
-0.019317626953125 0.310760498046875 0.002532958984375 -0.0394096374511718
0.09576416015625 0.280410766601563 -0.00879287719726562 -0.0225372314453125
0.104965209960938 0.260726928710938 -0.00708007812499999 -0.0187034606933594
0.127960205078125 0.28179931640625 -0.00675868988037109 -0.0154047012329101
0.0780029296875 0.30767822265625 0.00140666961669922 -0.0111799240112305
-0.044921875 0.3074951171875 0.00110626220703124 -0.0370826721191406
-0.13458251953125 0.2891845703125 0.0294570922851562 -0.035003662109375
-0.29632568359375 0.159149169921875 0.0610733032226562 -0.0275192260742187
-0.376068115234375 0.0635681152343751 0.0812530517578125 0.0475921630859375
-0.37506103515625 -0.00225830078125 0.079833984375 0.121139526367188
-0.3487548828125 -0.050872802734375 -0.167816162109375 -0.102188110351563
-0.329803466796875 0.00161743164062501 -0.105522155761719 -0.0137176513671875
-0.3013916015625 0.0556640625 0.00619888305664061 -0.0206661224365234
-0.234725952148438 0.164840698242188 0.02691650390625 -0.06201171875
-0.137298583984375 0.219100952148437 0.00197601318359375 -0.115188598632812
-0.011505126953125 0.274520874023438 -0.0281829833984375 -0.119804382324219
0.08447265625 0.248260498046875 -0.067840576171875 -0.106597900390625
0.09295654296875 0.232391357421875 -0.0730361938476563 -0.0936813354492187
0.109222412109375 0.256332397460937 -0.0664291381835937 -0.0905609130859375
0.054718017578125 0.275619506835938 -0.0384292602539063 -0.086944580078125
-0.06072998046875 0.266448974609375 -0.0172882080078125 -0.0882415771484375
-0.133758544921875 0.23992919921875 0.0191116333007812 -0.0582733154296875
-0.264144897460938 0.117507934570313 0.0297012329101562 -0.0198173522949219
-0.331787109375 0.0438232421875 -0.00513458251953126 0.0684928894042969
-0.336029052734375 -0.00469970703124995 -0.0427169799804688 0.0939102172851563
-0.246383666992188 -0.0167236328125 -0.270980834960938 -0.112625122070312
-0.221649169921875 0.0149383544921875 -0.181381225585938 -0.00923156738281248
-0.190414428710938 0.040802001953125 -0.0274200439453125 -0.0108299255371094
-0.15167236328125 0.107330322265625 0.00917053222656248 -0.0800628662109375
-0.0927581787109375 0.14813232421875 -0.0113525390625 -0.146865844726562
-0.00614929199218751 0.196136474609375 -0.061676025390625 -0.176971435546875
0.059234619140625 0.180084228515625 -0.121078491210938 -0.17083740234375
0.0673675537109375 0.16876220703125 -0.127593994140625 -0.154006958007813
0.0751190185546875 0.191635131835938 -0.111160278320312 -0.1539306640625
0.02569580078125 0.201141357421875 -0.06219482421875 -0.152236938476563
-0.0630950927734375 0.182754516601563 -0.0225601196289063 -0.126785278320313
-0.107223510742188 0.153701782226563 0.0146102905273437 -0.0731735229492187
-0.1868896484375 0.0643463134765625 0.000980377197265614 -0.0108175277709961
-0.235595703125 0.023101806640625 -0.0825119018554688 0.076141357421875
-0.247848510742188 -0.000839233398437468 -0.14837646484375 0.061004638671875
-0.105079650878906 0.0116043090820312 -0.340484619140625 -0.11669921875
-0.0827713012695313 0.00728607177734376 -0.232818603515625 -0.00619506835937503
-0.0632820129394531 0.00300598144531251 -0.0578079223632813 0.00286102294921876
-0.0638771057128906 0.0254783630371094 -0.0125579833984375 -0.0825729370117188
-0.0493049621582031 0.0537872314453125 -0.0253753662109375 -0.154678344726563
-0.0105133056640625 0.0907440185546875 -0.0905914306640625 -0.20367431640625
0.0209121704101562 0.0860443115234375 -0.160354614257813 -0.206512451171875
0.0317153930664062 0.0796890258789063 -0.16400146484375 -0.190383911132813
0.0341339111328125 0.0964584350585937 -0.13507080078125 -0.196746826171875
0.00389862060546876 0.0957183837890625 -0.068634033203125 -0.195724487304688
-0.0411300659179688 0.0760040283203125 -0.015167236328125 -0.1451416015625
-0.0472679138183594 0.0561637878417969 0.0150070190429687 -0.0764389038085938
-0.073486328125 0.0238265991210937 -0.0233402252197266 -0.00138473510742188
-0.104774475097656 0.0226211547851563 -0.140533447265625 0.0712051391601563
-0.124603271484375 0.0157318115234375 -0.222061157226563 0.0278472900390625
-0.0349845886230469 -0.0522232055664062 0.260726928710938 -0.0768280029296875
-0.0629196166992188 -0.0552635192871094 0.173843383789063 -0.0913238525390625
-0.0803680419921875 -0.00525665283203126 0.0129375457763672 -0.0346584320068359
-0.0484046936035156 0.03167724609375 -0.0232963562011719 0.069305419921875
-0.0253715515136719 0.0327072143554688 -0.00755310058593749 0.1455078125
-0.00337600708007813 0.0276832580566406 0.0849609375 0.217636108398438
0.0162391662597656 0.0288028717041016 0.177474975585938 0.220977783203125
0.0125236511230469 0.0257797241210938 0.201553344726562 0.1949462890625
0.0192356109619141 0.0147132873535156 0.187652587890625 0.203689575195313
0.0307655334472656 0.0253467559814453 0.121719360351563 0.211273193359375
0.0290718078613281 0.0463981628417969 0.0635833740234375 0.143356323242187
0.00310897827148438 0.063751220703125 0.0483436584472656 0.0673599243164063
-0.0464324951171875 0.0556564331054688 0.119758605957031 0.0114288330078125
-0.0516700744628906 0.0163040161132812 0.28326416015625 -0.01812744140625
-0.0201969146728516 0.00269126892089844 0.407562255859375 0.152862548828125
-0.189773559570313 -0.0716400146484375 0.244110107421875 -0.0674285888671875
-0.200729370117188 -0.0571136474609375 0.173065185546875 -0.0738525390625
-0.214447021484375 0.0102996826171875 0.0336685180664062 -0.0439987182617188
-0.154098510742188 0.101425170898437 -0.0117378234863281 0.048431396484375
-0.0836105346679688 0.130599975585938 -0.01336669921875 0.113182067871094
-0.00137329101562501 0.14825439453125 0.071990966796875 0.190383911132813
0.0632705688476563 0.135360717773438 0.15863037109375 0.198638916015625
0.0620574951171875 0.124198913574219 0.183883666992188 0.170684814453125
0.0756301879882813 0.122428894042969 0.174606323242188 0.17559814453125
0.0630340576171875 0.140380859375 0.121063232421875 0.183975219726563
0.013458251953125 0.158065795898438 0.0653762817382813 0.114761352539063
-0.0439910888671875 0.167449951171875 0.0555458068847656 0.0457077026367188
-0.152542114257812 0.115142822265625 0.125442504882812 -0.0127182006835937
-0.197418212890625 0.046112060546875 0.27862548828125 -0.0234375
-0.17364501953125 0.00773620605468753 0.394134521484375 0.14990234375
-0.319183349609375 -0.0830383300781249 0.178985595703125 -0.07049560546875
-0.31793212890625 -0.052032470703125 0.139251708984375 -0.0564804077148438
-0.326263427734375 0.0254821777343751 0.0486946105957031 -0.0466461181640625
-0.24462890625 0.159561157226563 0.0085773468017578 0.0227718353271484
-0.135040283203125 0.213043212890625 -0.007232666015625 0.0615501403808594
-0.00270080566406248 0.250106811523438 0.0553512573242188 0.129714965820313
0.0990142822265625 0.222564697265625 0.116485595703125 0.143142700195313
0.10272216796875 0.204605102539063 0.138954162597656 0.122657775878906
0.124237060546875 0.2117919921875 0.132820129394531 0.124626159667969
0.0951385498046875 0.235992431640625 0.0993194580078125 0.133796691894531
0.0042266845703125 0.254608154296875 0.0546417236328125 0.0713729858398438
-0.0782470703125 0.256988525390625 0.0543670654296875 0.0185890197753906
-0.235702514648438 0.169219970703125 0.115646362304687 -0.0286102294921875
-0.3125 0.0796508789062499 0.240066528320313 -0.0133514404296875
-0.2991943359375 0.0169677734375 0.328704833984375 0.14398193359375
-0.402099609375 -0.076904296875 0.0777130126953125 -0.079193115234375
-0.392608642578125 -0.030731201171875 0.0732803344726562 -0.0396041870117188
-0.390045166015625 0.051483154296875 0.0504875183105469 -0.0419082641601563
-0.29443359375 0.20391845703125 0.0279655456542969 -0.00731658935546874
-0.1617431640625 0.268020629882813 0.00118064880371093 -0.00167429447174071
-0.00195312499999999 0.314971923828125 0.0323829650878906 0.0469932556152344
0.120086669921875 0.276565551757812 0.059326171875 0.064239501953125
0.1275634765625 0.254074096679688 0.0720443725585938 0.054595947265625
0.15496826171875 0.269119262695313 0.0689659118652344 0.0575828552246094
0.113525390625 0.299285888671875 0.0577049255371094 0.0652084350585938
-0.00561523437499997 0.318084716796875 0.0312271118164063 0.0177402496337891
-0.1025390625 0.3134765625 0.0452423095703125 -0.0104026794433594
-0.288543701171875 0.200897216796875 0.0935516357421875 -0.0343780517578125
-0.381378173828125 0.0997009277343749 0.173919677734375 0.01214599609375
-0.376800537109375 0.02484130859375 0.224411010742187 0.1363525390625
-0.42254638671875 -0.055938720703125 -0.0487442016601563 -0.0898818969726563
-0.406280517578125 0.00109863281249997 -0.0140571594238282 -0.0221023559570313
-0.38983154296875 0.0775451660156249 0.0364418029785156 -0.032867431640625
-0.29046630859375 0.220733642578125 0.0368614196777343 -0.0392799377441406
-0.1563720703125 0.2808837890625 0.00400543212890624 -0.0680274963378906
0.00445556640625001 0.33001708984375 0.000316619873046874 -0.0446319580078125
0.124664306640625 0.287628173828125 -0.0077686309814453 -0.0256767272949219
0.132827758789062 0.265640258789062 -0.00489425659179687 -0.0209922790527344
0.159454345703125 0.286773681640625 -0.00531387329101562 -0.0176410675048828
0.10943603515625 0.31719970703125 0.00511837005615235 -0.0118045806884765
-0.02117919921875 0.329925537109375 0.00171661376953125 -0.0396575927734375
-0.118865966796875 0.3173828125 0.0310211181640625 -0.0385971069335937
-0.302886962890625 0.193634033203125 0.063323974609375 -0.0295028686523437
-0.39404296875 0.0974731445312501 0.08978271484375 0.0461959838867188
-0.39691162109375 0.0246887207031251 0.094757080078125 0.124374389648437
-0.37481689453125 -0.0260620117187499 -0.17791748046875 -0.0981903076171875
-0.34991455078125 0.028106689453125 -0.105911254882813 -0.00673675537109374
-0.3203125 0.08563232421875 0.00853729248046873 -0.0222702026367187
-0.235198974609375 0.196044921875 0.0287208557128906 -0.0684585571289062
-0.12554931640625 0.24542236328125 -0.00579071044921874 -0.122627258300781
0.011016845703125 0.291229248046875 -0.0381393432617188 -0.125869750976562
0.111892700195313 0.2547607421875 -0.0764389038085937 -0.108970642089844
0.1185302734375 0.236587524414063 -0.0805511474609375 -0.0945892333984375
0.138961791992188 0.260147094726563 -0.0749130249023437 -0.09161376953125
0.08349609375 0.286224365234375 -0.0435256958007812 -0.0879364013671875
-0.040496826171875 0.2889404296875 -0.0219345092773438 -0.0923385620117188
-0.12127685546875 0.265213012695313 0.0175933837890625 -0.0624580383300781
-0.2720947265625 0.147796630859375 0.0308074951171875 -0.018951416015625
-0.349029541015625 0.07403564453125 0.000289916992187486 0.0746841430664063
-0.35699462890625 0.020050048828125 -0.0371017456054688 0.104133605957031
-0.266448974609375 0.00242614746093746 -0.28851318359375 -0.1024169921875
-0.236328125 0.0337066650390625 -0.18560791015625 0.00396728515625003
-0.2039794921875 0.061737060546875 -0.0256919860839844 -0.00993347167968749
-0.153060913085938 0.129592895507813 0.00734710693359374 -0.086029052734375
-0.083770751953125 0.167160034179688 -0.022674560546875 -0.155029296875
0.0111083984375 0.208267211914063 -0.0788421630859375 -0.1826171875
0.0803985595703125 0.184341430664063 -0.137954711914062 -0.171600341796875
0.0873565673828125 0.171478271484375 -0.143280029296875 -0.153701782226563
0.0979766845703125 0.194854736328125 -0.128311157226563 -0.1552734375
0.047149658203125 0.209518432617188 -0.07513427734375 -0.154953002929688
-0.048858642578125 0.200180053710938 -0.0313796997070313 -0.132232666015625
-0.0989837646484375 0.172393798828125 0.01123046875 -0.0785446166992187
-0.19354248046875 0.0856781005859375 0.000257492065429676 -0.0084242820739746
-0.249130249023438 0.0465087890625 -0.0808486938476563 0.0885009765625
-0.26513671875 0.0190277099609375 -0.152236938476563 0.0760498046875
-0.115669250488281 0.02020263671875 -0.363311767578125 -0.102508544921875
-0.0915679931640625 0.0150070190429688 -0.241790771484375 0.01092529296875
-0.0718307495117188 0.0114669799804687 -0.0568428039550781 0.00641250610351563
-0.0662384033203125 0.0359458923339844 -0.017059326171875 -0.0876922607421875
-0.0454216003417969 0.0645637512207031 -0.0390625 -0.16156005859375
-0.000274658203125005 0.097991943359375 -0.111846923828125 -0.208175659179688
0.0327529907226563 0.0883712768554687 -0.18402099609375 -0.205062866210938
0.0427627563476562 0.0809707641601562 -0.1854248046875 -0.1883544921875
0.0474090576171875 0.0976028442382813 -0.157211303710938 -0.1971435546875
0.015960693359375 0.100151062011719 -0.0867156982421875 -0.199813842773438
-0.0338668823242188 0.0848617553710938 -0.026458740234375 -0.151641845703125
-0.0425872802734375 0.0652351379394531 0.0104827880859375 -0.081695556640625
-0.07598876953125 0.0353546142578125 -0.0246067047119141 0.00267791748046875
-0.111061096191406 0.036651611328125 -0.141769409179688 0.0875396728515625
-0.134056091308594 0.029205322265625 -0.2332763671875 0.0468597412109375
-0.0349540710449219 -0.0526466369628906 0.262710571289063 -0.103561401367188
-0.067596435546875 -0.0555953979492188 0.1697998046875 -0.111968994140625
-0.0834579467773438 -0.00252532958984374 0.00942611694335937 -0.0383529663085938
-0.0498542785644531 0.03375244140625 -0.0178985595703125 0.07086181640625
-0.0277061462402344 0.0352325439453125 0.00648498535156251 0.148361206054688
-0.00511550903320312 0.0295925140380859 0.106826782226563 0.212799072265625
0.0159492492675781 0.02947998046875 0.2020263671875 0.208038330078125
0.0124702453613281 0.0265312194824219 0.225265502929688 0.179855346679688
0.0178108215332031 0.0141067504882812 0.213699340820313 0.189483642578125
0.0307846069335938 0.0218944549560547 0.147842407226563 0.20526123046875
0.0329475402832031 0.0423164367675781 0.0806427001953125 0.143173217773438
0.00886917114257812 0.0622596740722656 0.0564117431640625 0.0668182373046875
-0.0388679504394531 0.0586051940917969 0.12286376953125 0.0024261474609375
-0.0475387573242188 0.0201759338378906 0.283477783203125 -0.04437255859375
-0.0163516998291016 0.00364971160888672 0.4296875 0.120513916015625
-0.196914672851563 -0.0567779541015625 0.247512817382813 -0.09271240234375
-0.20831298828125 -0.04327392578125 0.173171997070313 -0.0943603515625
-0.220504760742188 0.027130126953125 0.0306816101074219 -0.0498313903808594
-0.151153564453125 0.115554809570313 -0.00615310668945313 0.0480422973632813
-0.07708740234375 0.141555786132813 -0.00225067138671874 0.114356994628906
0.00942993164062499 0.152923583984375 0.092132568359375 0.184783935546875
0.0757293701171875 0.1337890625 0.181259155273438 0.185714721679687
0.0733718872070313 0.122039794921875 0.206085205078125 0.15582275390625
0.0869140625 0.118743896484375 0.198348999023438 0.161453247070312
0.0770339965820313 0.136177062988281 0.14599609375 0.176849365234375
0.0283355712890625 0.159408569335937 0.0811843872070312 0.112861633300781
-0.0290374755859375 0.174392700195312 0.0631141662597656 0.0441055297851563
-0.144012451171875 0.131454467773438 0.127296447753906 -0.021636962890625
-0.195693969726563 0.0654754638671875 0.28082275390625 -0.0482330322265625
-0.174407958984375 0.0221099853515625 0.41802978515625 0.119232177734375
-0.331756591796875 -0.055572509765625 0.182785034179687 -0.0912017822265625
-0.32879638671875 -0.027191162109375 0.14111328125 -0.0743865966796875
-0.334442138671875 0.05523681640625 0.0462493896484375 -0.0535697937011719
-0.237640380859375 0.184661865234375 0.0134010314941406 0.0196781158447266
-0.120193481445313 0.230712890625 -0.000495910644531255 0.0608139038085938
0.0189361572265625 0.257797241210938 0.068756103515625 0.123794555664063
0.121444702148438 0.218841552734375 0.134361267089844 0.132301330566406
0.1234130859375 0.19940185546875 0.156005859375 0.109146118164063
0.147323608398438 0.204742431640625 0.151397705078125 0.11328125
0.1201171875 0.231185913085938 0.119773864746094 0.126655578613281
0.029541015625 0.2608642578125 0.0664253234863281 0.0690956115722656
-0.055419921875 0.271087646484375 0.0597305297851562 0.015869140625
-0.225540161132812 0.196319580078125 0.117080688476562 -0.0368270874023437
-0.3123779296875 0.11077880859375 0.243438720703125 -0.0332183837890625
-0.30389404296875 0.043609619140625 0.35223388671875 0.12005615234375
-0.41876220703125 -0.04010009765625 0.0783157348632812 -0.0910720825195313
-0.40325927734375 0.0042724609375 0.0768051147460937 -0.0499725341796875
-0.399383544921875 0.0906982421875001 0.0504570007324218 -0.0489082336425781
-0.283538818359375 0.23675537109375 0.0317230224609375 -0.0127334594726562
-0.14013671875 0.29022216796875 0.00239515304565429 -0.00466823577880858
0.027679443359375 0.32379150390625 0.0380783081054687 0.0419578552246094
0.149581909179687 0.271133422851563 0.0690460205078125 0.0569534301757813
0.154541015625 0.246871948242188 0.08251953125 0.0461654663085938
0.185531616210937 0.260757446289063 0.079498291015625 0.0506820678710938
0.1473388671875 0.294708251953125 0.0702667236328125 0.060791015625
0.026519775390625 0.327239990234375 0.0378074645996094 0.0151100158691406
-0.074493408203125 0.331939697265625 0.0483741760253906 -0.0138587951660156
-0.277572631835937 0.234527587890625 0.094970703125 -0.0396652221679687
-0.382354736328125 0.139556884765625 0.17950439453125 -0.00112915039062499
-0.3837890625 0.05975341796875 0.245361328125 0.121673583984375
-0.43988037109375 -0.01617431640625 -0.0514144897460938 -0.0909347534179688
-0.416473388671875 0.03961181640625 -0.0101509094238281 -0.0235519409179687
-0.396881103515625 0.119659423828125 0.038055419921875 -0.0375175476074219
-0.276519775390625 0.256317138671875 0.0385627746582031 -0.0465164184570312
-0.13165283203125 0.304168701171875 -0.000991821289062511 -0.0722198486328125
0.0367431640625 0.3388671875 -0.00307846069335937 -0.0485801696777344
0.157623291015625 0.281341552734375 -0.00793266296386717 -0.0282211303710937
0.162429809570313 0.2581787109375 -0.00366401672363281 -0.0243968963623047
0.19366455078125 0.276962280273438 -0.00485038757324217 -0.0187664031982422
0.145416259765625 0.313995361328125 0.00893878936767579 -0.0129756927490234
0.0126953125 0.342193603515625 0.00102996826171876 -0.0415840148925781
-0.090240478515625 0.3387451171875 0.0312042236328125 -0.0426139831542968
-0.29296875 0.229766845703125 0.0648841857910156 -0.0317306518554687
-0.396331787109375 0.139404296875 0.09722900390625 0.0413818359375
-0.405914306640625 0.06231689453125 0.111709594726562 0.121040344238281
-0.390655517578125 0.00982666015625005 -0.185394287109375 -0.0882720947265625
-0.358642578125 0.0635986328125 -0.102691650390625 0.00183105468750002
-0.326019287109375 0.122833251953125 0.0110702514648437 -0.02435302734375
-0.222457885742187 0.227493286132813 0.0273208618164062 -0.0750885009765625
-0.101943969726563 0.26495361328125 -0.016510009765625 -0.126724243164062
0.041656494140625 0.298583984375 -0.050750732421875 -0.127174377441406
0.14227294921875 0.247955322265625 -0.0859527587890625 -0.106613159179687
0.14605712890625 0.228988647460938 -0.0878067016601562 -0.0914764404296875
0.170501708984375 0.251724243164063 -0.0841140747070312 -0.0881881713867187
0.117156982421875 0.284515380859375 -0.049072265625 -0.0866165161132812
-0.010101318359375 0.30157470703125 -0.0291366577148437 -0.0939254760742188
-0.097412109375 0.2864990234375 0.0143203735351562 -0.0666732788085937
-0.266189575195313 0.181167602539062 0.0318317413330078 -0.0186328887939453
-0.352752685546875 0.112274169921875 0.00865173339843747 0.078643798828125
-0.36688232421875 0.054901123046875 -0.0261306762695313 0.112541198730469
-0.278732299804687 0.0288848876953125 -0.30078125 -0.0823974609375
-0.243408203125 0.0597076416015625 -0.183914184570313 0.020263671875
-0.209197998046875 0.0882415771484375 -0.0232028961181641 -0.00890731811523437
-0.144149780273438 0.15228271484375 0.00296783447265625 -0.0906829833984375
-0.066558837890625 0.182174682617188 -0.037353515625 -0.157958984375
0.0356903076171875 0.213516235351563 -0.0980682373046875 -0.180526733398438
0.103683471679688 0.17950439453125 -0.155776977539063 -0.16461181640625
0.108901977539063 0.165328979492188 -0.158798217773437 -0.145172119140625
0.12261962890625 0.188400268554688 -0.14495849609375 -0.147628784179688
0.0729522705078125 0.209503173828125 -0.0891571044921875 -0.150924682617188
-0.0272216796875 0.21142578125 -0.0433578491210938 -0.133659362792969
-0.0822906494140625 0.188308715820313 0.00524139404296874 -0.0816421508789062
-0.190399169921875 0.110794067382812 0.00130605697631835 -0.0053110122680664
-0.252716064453125 0.07635498046875 -0.0732421875 0.0995254516601563
-0.272964477539063 0.0464935302734375 -0.147735595703125 0.0939178466796875
-0.122161865234375 0.0327835083007812 -0.379180908203125 -0.0758056640625001
-0.097137451171875 0.0267791748046875 -0.242218017578125 0.0328369140625
-0.0774383544921875 0.0233078002929687 -0.0538406372070313 0.00941085815429687
-0.0648956298828125 0.0480728149414062 -0.0236968994140625 -0.0902328491210938
-0.0372695922851563 0.0734634399414063 -0.055389404296875 -0.163070678710937
0.0129241943359375 0.101776123046875 -0.134368896484375 -0.203018188476562
0.0463638305664062 0.0860443115234375 -0.206436157226563 -0.192550659179688
0.0546035766601562 0.0772171020507813 -0.20648193359375 -0.174850463867188
0.0616912841796875 0.0932769775390625 -0.179718017578125 -0.1871337890625
0.0308609008789063 0.0998001098632813 -0.106613159179688 -0.194976806640625
-0.0215301513671875 0.0914154052734375 -0.0408782958984375 -0.152786254882813
-0.0339584350585937 0.0733566284179688 0.003814697265625 -0.0845108032226563
-0.0741348266601563 0.0477294921875 -0.0240535736083984 0.00826072692871094
-0.111221313476563 0.05377197265625 -0.136566162109375 0.104995727539063
-0.137763977050781 0.0453720092773437 -0.236129760742188 0.0723114013671875
-0.0342216491699219 -0.0528831481933594 0.254791259765625 -0.125473022460938
-0.0706863403320313 -0.0552444458007812 0.15911865234375 -0.12725830078125
-0.0853118896484375 -0.000434875488281241 0.00519180297851562 -0.0402679443359375
-0.0510826110839844 0.0343971252441406 -0.01220703125 0.0705642700195312
-0.0296859741210937 0.0376358032226563 0.0183868408203125 0.143798828125
-0.00757598876953125 0.0322456359863281 0.123016357421875 0.199539184570313
0.0153102874755859 0.0306396484375 0.216629028320312 0.188522338867187
0.0120697021484375 0.0264415740966797 0.237747192382813 0.15740966796875
0.0151481628417969 0.0139064788818359 0.229263305664062 0.168426513671875
0.0291900634765625 0.01776123046875 0.166168212890625 0.190109252929688
0.0337257385253906 0.0357933044433594 0.0945816040039063 0.137275695800781
0.0136909484863281 0.0579376220703125 0.0624885559082031 0.0645790100097656
-0.0303878784179687 0.058502197265625 0.120643615722656 -0.0065155029296875
-0.0413932800292969 0.0214385986328125 0.27459716796875 -0.065765380859375
-0.0117435455322266 0.00301837921142578 0.433746337890625 0.08721923828125
-0.195327758789063 -0.042449951171875 0.24200439453125 -0.11468505859375
-0.20855712890625 -0.0309906005859375 0.165298461914062 -0.11090087890625
-0.219436645507813 0.0417633056640625 0.0264892578125 -0.0537757873535156
-0.144622802734375 0.1246337890625 -0.00109481811523439 0.0454826354980469
-0.0688018798828125 0.14727783203125 0.00839233398437498 0.110466003417969
0.0183868408203125 0.153121948242188 0.10528564453125 0.171875
0.0833969116210938 0.127639770507813 0.194976806640625 0.166839599609375
0.08056640625 0.11505126953125 0.218658447265625 0.133865356445312
0.09375 0.111190795898437 0.212646484375 0.140518188476563
0.08544921875 0.127334594726563 0.164352416992188 0.161224365234375
0.0407257080078125 0.154052734375 0.0938568115234375 0.106170654296875
-0.0142822265625 0.173431396484375 0.067901611328125 0.0403671264648438
-0.129745483398437 0.140762329101563 0.124786376953125 -0.0289382934570312
-0.186050415039063 0.0805511474609375 0.272018432617188 -0.0688934326171875
-0.16790771484375 0.035400390625 0.42486572265625 0.08746337890625
-0.330322265625 -0.029266357421875 0.179031372070312 -0.108596801757813
-0.32635498046875 -0.00262451171874993 0.13714599609375 -0.08843994140625
-0.330657958984375 0.0812072753906251 0.0433006286621093 -0.0587043762207031
-0.223312377929688 0.201644897460937 0.017496109008789 0.0149478912353516
-0.102081298828125 0.238616943359375 0.00548171997070312 0.0573081970214844
0.037689208984375 0.255447387695313 0.0782852172851563 0.113418579101563
0.137786865234375 0.207687377929688 0.1451416015625 0.116561889648438
0.137664794921875 0.186935424804688 0.1661376953125 0.0914764404296875
0.1630859375 0.190567016601563 0.162094116210937 0.0971832275390625
0.138839721679688 0.218246459960937 0.134788513183594 0.113670349121094
0.0524444580078125 0.255279541015625 0.0758438110351563 0.0622634887695313
-0.0312042236328125 0.272857666015625 0.0637664794921875 0.0122032165527344
-0.2066650390625 0.214065551757812 0.114753723144531 -0.0424652099609375
-0.299591064453125 0.13702392578125 0.23870849609375 -0.0503997802734375
-0.295562744140625 0.067535400390625 0.36138916015625 0.092864990234375
-0.41717529296875 -0.00454711914062492 0.0771408081054687 -0.100639343261719
-0.3983154296875 0.0356750488281249 0.0769424438476562 -0.0586471557617188
-0.391021728515625 0.125640869140625 0.0489997863769531 -0.0544090270996094
-0.263046264648438 0.2587890625 0.0343532562255859 -0.0187606811523437
-0.115264892578125 0.299102783203125 0.00344085693359374 -0.00755977630615233
0.05401611328125 0.320159912109375 0.0412673950195313 0.03509521484375
0.171127319335938 0.255966186523438 0.0751113891601563 0.0472640991210938
0.1739501953125 0.23138427734375 0.0884475708007813 0.034637451171875
0.207855224609375 0.242050170898438 0.085235595703125 0.0410079956054688
0.17303466796875 0.27886962890625 0.0807037353515625 0.0527801513671875
0.056060791015625 0.3232421875 0.0423164367675781 0.0105934143066406
-0.04522705078125 0.336944580078125 0.0499725341796875 -0.0174064636230469
-0.256683349609375 0.2581787109375 0.0932846069335937 -0.0434722900390625
-0.36865234375 0.172149658203125 0.178939819335937 -0.013641357421875
-0.37548828125 0.0902099609375 0.257431030273438 0.103363037109375
-0.43927001953125 0.0220947265625001 -0.051849365234375 -0.0909347534179687
-0.409942626953125 0.07440185546875 -0.00618362426757815 -0.0252342224121094
-0.38726806640625 0.156768798828125 0.0384979248046875 -0.0421638488769531
-0.25439453125 0.279937744140625 0.0393486022949219 -0.0524635314941406
-0.10418701171875 0.313385009765625 -0.00553131103515625 -0.0736083984375
0.0665283203125 0.334014892578125 -0.00677108764648436 -0.0504379272460937
0.181015014648438 0.26422119140625 -0.00792694091796874 -0.0308399200439453
0.183563232421875 0.240951538085938 -0.00262451171874999 -0.028482437133789
0.217819213867187 0.256576538085938 -0.00363731384277342 -0.020639419555664
0.1749267578125 0.297607421875 0.0127286911010742 -0.0151176452636719
0.044708251953125 0.340087890625 0.000988006591796879 -0.0430526733398437
-0.059478759765625 0.345123291015625 0.0297126770019531 -0.0453262329101562
-0.273056030273438 0.255706787109375 0.0642890930175781 -0.0335311889648437
-0.3848876953125 0.174407958984375 0.101654052734375 0.0352706909179688
-0.3990478515625 0.0957946777343751 0.124458312988281 0.112815856933594
-0.39019775390625 0.0447692871093751 -0.185379028320313 -0.0767974853515625
-0.352935791015625 0.09552001953125 -0.0960845947265625 0.00748443603515626
-0.3167724609375 0.15704345703125 0.0131702423095703 -0.0268478393554687
-0.201416015625 0.24896240234375 0.02569580078125 -0.079559326171875
-0.0760650634765625 0.272628784179688 -0.0252838134765625 -0.126121520996094
0.069854736328125 0.29345703125 -0.060699462890625 -0.124015808105469
0.164779663085938 0.232345581054688 -0.0925827026367187 -0.1014404296875
0.16619873046875 0.213287353515625 -0.092041015625 -0.0867691040039062
0.1943359375 0.233184814453125 -0.0888671875 -0.0825271606445312
0.145004272460938 0.270263671875 -0.0513381958007812 -0.0829849243164063
0.019622802734375 0.301300048828125 -0.0345001220703125 -0.0925216674804687
-0.0697021484375 0.294403076171875 0.0105628967285156 -0.06829833984375
-0.2498779296875 0.20623779296875 0.0331687927246094 -0.0184383392333984
-0.342803955078125 0.145050048828125 0.0167388916015625 0.079071044921875
-0.361602783203125 0.08624267578125 -0.0137939453125 0.115562438964844
-0.27862548828125 0.054718017578125 -0.3013916015625 -0.0618896484375
-0.240386962890625 0.083221435546875 -0.175735473632813 0.0333709716796875
-0.204147338867188 0.112930297851563 -0.0189228057861328 -0.00962066650390625
-0.12921142578125 0.169021606445312 -0.00101470947265626 -0.093292236328125
-0.046417236328125 0.1885986328125 -0.0500030517578125 -0.154373168945313
0.05694580078125 0.210098266601563 -0.111663818359375 -0.1715087890625
0.122161865234375 0.1668701171875 -0.166519165039062 -0.15216064453125
0.124130249023438 0.15264892578125 -0.167465209960938 -0.13323974609375
0.141143798828125 0.173324584960938 -0.155349731445312 -0.134902954101563
0.0951995849609375 0.199447631835938 -0.098602294921875 -0.142837524414063
-0.003509521484375 0.213668823242188 -0.0523147583007813 -0.130058288574219
-0.0621490478515625 0.19580078125 -0.000175476074218753 -0.0824050903320312
-0.179641723632813 0.130203247070313 0.00334119796752929 -0.00315260887145995
-0.246307373046875 0.102142333984375 -0.062286376953125 0.107528686523438
-0.26959228515625 0.07171630859375 -0.137649536132813 0.10693359375
-0.124351501464844 0.0451507568359375 -0.37982177734375 -0.0485839843749999
-0.099090576171875 0.0382843017578125 -0.233078002929688 0.0505218505859375
-0.0791549682617188 0.0359268188476563 -0.0489463806152344 0.0106201171875
-0.0593757629394531 0.0587348937988281 -0.0298004150390625 -0.0902786254882813
-0.0274581909179688 0.0789413452148438 -0.06951904296875 -0.157699584960938
0.0247802734375 0.100822448730469 -0.1505126953125 -0.190383911132812
0.0568008422851563 0.079345703125 -0.22064208984375 -0.174728393554687
0.0642585754394531 0.0698623657226563 -0.217788696289063 -0.157470703125
0.0725860595703125 0.0843734741210938 -0.193710327148438 -0.169403076171875
0.0436248779296875 0.0942535400390625 -0.1204833984375 -0.183364868164062
-0.00894927978515624 0.0936508178710938 -0.0526580810546875 -0.147994995117187
-0.0238723754882813 0.0769805908203125 -0.003173828125 -0.0835647583007813
-0.068023681640625 0.0588455200195313 -0.0216922760009766 0.0127944946289062
-0.107345581054688 0.0685577392578125 -0.125930786132812 0.117813110351563
-0.136062622070313 0.060699462890625 -0.228897094726562 0.093109130859375
-0.0316314697265625 -0.0549430847167969 0.245223999023438 -0.137603759765625
-0.0726852416992188 -0.0567779541015625 0.148391723632813 -0.134902954101563
-0.0868988037109375 -0.00129699707031249 0.0021820068359375 -0.0404205322265625
-0.0539932250976563 0.0339508056640625 -0.00888061523437501 0.0674285888671875
-0.032257080078125 0.0395851135253906 0.0244979858398437 0.137863159179688
-0.00992965698242187 0.0348548889160156 0.129730224609375 0.186248779296875
0.0133056640625 0.0323028564453125 0.220962524414063 0.171783447265625
0.0103416442871094 0.0272388458251953 0.2412109375 0.139785766601563
0.0120992660522461 0.0149307250976563 0.234588623046875 0.151138305664063
0.0251846313476563 0.0152378082275391 0.17596435546875 0.1761474609375
0.032928466796875 0.0304527282714844 0.103019714355469 0.130455017089844
0.0156745910644531 0.0530815124511719 0.0665092468261719 0.0631141662597656
-0.0233802795410156 0.0549125671386719 0.116500854492188 -0.009735107421875
-0.0353775024414063 0.0197181701660156 0.26104736328125 -0.07623291015625
-0.00681304931640625 0.000833988189697267 0.428558349609375 0.06719970703125
-0.189483642578125 -0.0357208251953125 0.234527587890625 -0.12774658203125
-0.2052001953125 -0.025360107421875 0.157333374023438 -0.120269775390625
-0.216018676757812 0.0485382080078125 0.0236473083496094 -0.0552711486816406
-0.139694213867187 0.127571105957031 0.00209808349609374 0.0416069030761719
-0.0639495849609375 0.148269653320313 0.013275146484375 0.104400634765625
0.0228729248046875 0.151687622070313 0.111846923828125 0.159500122070313
0.085601806640625 0.123115539550781 0.200424194335938 0.150054931640625
0.0824508666992188 0.110313415527344 0.221817016601563 0.116714477539063
0.0955352783203125 0.104988098144531 0.217819213867188 0.12408447265625
0.088043212890625 0.118400573730469 0.173553466796875 0.147705078125
0.047271728515625 0.146896362304688 0.101325988769531 0.0991134643554688
-0.00448608398437499 0.168701171875 0.0718307495117188 0.0384902954101563
-0.117721557617187 0.143310546875 0.120468139648437 -0.0317840576171875
-0.175094604492188 0.087005615234375 0.26092529296875 -0.0791473388671875
-0.15869140625 0.041534423828125 0.42193603515625 0.066986083984375
-0.321441650390625 -0.01263427734375 0.175018310546875 -0.118942260742187
-0.31829833984375 0.0100402832031249 0.132423400878906 -0.0973739624023438
-0.322845458984375 0.096038818359375 0.0411376953125 -0.0624618530273437
-0.211776733398438 0.2083740234375 0.0201778411865234 0.0099315643310547
-0.0906982421875 0.239578247070313 0.00891876220703124 0.0520973205566406
0.0482025146484375 0.2510986328125 0.0823440551757813 0.10345458984375
0.144622802734375 0.196624755859375 0.149154663085938 0.102813720703125
0.143310546875 0.176834106445313 0.168838500976563 0.0763092041015625
0.1689453125 0.1778564453125 0.166305541992188 0.0841064453125
0.147567749023438 0.204849243164063 0.142776489257813 0.101959228515625
0.0654144287109375 0.246566772460938 0.0819168090820313 0.055999755859375
-0.0162811279296875 0.26849365234375 0.0663528442382813 0.00969696044921877
-0.19061279296875 0.220657348632812 0.111930847167969 -0.0438919067382812
-0.2857666015625 0.150665283203125 0.231170654296875 -0.0588226318359375
-0.28363037109375 0.0806884765625 0.3626708984375 0.074188232421875
-0.4071044921875 0.017547607421875 0.0762939453125 -0.107597351074219
-0.387664794921875 0.054229736328125 0.0766067504882812 -0.0660247802734375
-0.37982177734375 0.1451416015625 0.0477409362792969 -0.0578956604003906
-0.2462158203125 0.267990112304688 0.0361785888671875 -0.0247535705566406
-0.098358154296875 0.29864501953125 0.00425624847412109 -0.0109510421752929
0.070098876953125 0.31243896484375 0.041717529296875 0.0283393859863281
0.181121826171875 0.24139404296875 0.0774383544921875 0.037567138671875
0.182388305664063 0.216842651367188 0.0896224975585938 0.0241851806640625
0.217132568359375 0.224899291992188 0.0884170532226563 0.0327987670898438
0.1854248046875 0.261505126953125 0.0871124267578125 0.0437240600585938
0.074951171875 0.31439208984375 0.0462074279785156 0.00629043579101564
-0.024993896484375 0.334136962890625 0.0512428283691406 -0.01947021484375
-0.238327026367188 0.268020629882813 0.09234619140625 -0.0436859130859375
-0.35260009765625 0.19085693359375 0.17626953125 -0.0201263427734375
-0.36273193359375 0.107147216796875 0.261688232421875 0.0894317626953125
-0.4298095703125 0.0462646484375001 -0.0492324829101563 -0.0917739868164063
-0.39739990234375 0.0955810546875 -0.0014305114746094 -0.0280990600585937
-0.373077392578125 0.179443359375 0.0395622253417969 -0.0458259582519531
-0.234375 0.29010009765625 0.0398597717285156 -0.0580520629882812
-0.0841064453125 0.3125 -0.00786590576171876 -0.0747909545898438
0.084716796875 0.324249267578125 -0.00918197631835938 -0.0523490905761719
0.19293212890625 0.24835205078125 -0.00754165649414061 -0.0341377258300781
0.193252563476563 0.224884033203125 -0.00230407714843749 -0.0320796966552734
0.230026245117188 0.237594604492188 -0.00229644775390624 -0.0218868255615234
0.190948486328125 0.280227661132813 0.0165290832519531 -0.0191535949707031
0.0654296875 0.3321533203125 0.00192260742187501 -0.0447273254394531
-0.0384521484375 0.34375 0.0296974182128906 -0.0470809936523437
-0.255386352539063 0.268600463867188 0.0653305053710937 -0.0336418151855469
-0.369049072265625 0.195068359375 0.103324890136719 0.0307464599609375
-0.386688232421875 0.115142822265625 0.132171630859375 0.106094360351563
-0.38299560546875 0.0677490234375001 -0.180496215820313 -0.072052001953125
-0.342010498046875 0.11553955078125 -0.0872039794921875 0.00888061523437501
-0.305572509765625 0.17791748046875 0.0164852142333984 -0.0300788879394531
-0.182373046875 0.259185791015625 0.024993896484375 -0.0836563110351562
-0.056396484375 0.272674560546875 -0.0299911499023438 -0.124229431152344
0.08734130859375 0.283782958984375 -0.0650787353515625 -0.120712280273437
0.17669677734375 0.216720581054688 -0.0942306518554687 -0.0979385375976562
0.176345825195313 0.198104858398438 -0.093292236328125 -0.0844345092773437
0.206451416015625 0.214889526367188 -0.089508056640625 -0.0771942138671875
0.161041259765625 0.254745483398438 -0.0508499145507812 -0.0815887451171875
0.04046630859375 0.295928955078125 -0.0362777709960938 -0.0915069580078125
-0.05023193359375 0.2947998046875 0.00900650024414062 -0.0684127807617187
-0.234451293945312 0.219482421875 0.03460693359375 -0.0174064636230469
-0.330352783203125 0.16571044921875 0.0224609375 0.0783538818359375
-0.351654052734375 0.105499267578125 -0.00433349609375003 0.115028381347656
-0.274810791015625 0.0715484619140626 -0.29473876953125 -0.050567626953125
-0.233657836914063 0.0987548828125 -0.164810180664063 0.039093017578125
-0.197189331054688 0.130706787109375 -0.0147171020507813 -0.0120639801025391
-0.115631103515625 0.177978515625 -0.0030975341796875 -0.0954055786132813
-0.031707763671875 0.189163208007813 -0.056640625 -0.149703979492187
0.0718231201171875 0.202804565429688 -0.118270874023438 -0.164016723632812
0.132659912109375 0.154525756835938 -0.170547485351563 -0.142349243164062
0.132888793945313 0.140556335449219 -0.169937133789063 -0.124099731445312
0.152084350585938 0.158218383789063 -0.157699584960938 -0.124832153320312
0.109420776367188 0.187347412109375 -0.100479125976562 -0.136032104492188
0.01275634765625 0.20953369140625 -0.0566635131835938 -0.126052856445313
-0.0472412109375 0.197052001953125 -0.003662109375 -0.0813827514648437
-0.168472290039063 0.142654418945313 0.00588560104370116 -0.00017833709716796
-0.236862182617188 0.11993408203125 -0.05419921875 0.109703063964844
-0.262863159179687 0.0881500244140625 -0.12774658203125 0.113357543945312
-0.125289916992188 0.0539779663085937 -0.373077392578125 -0.033538818359375
-0.0992889404296875 0.0473175048828125 -0.220947265625 0.0588836669921875
-0.07867431640625 0.0469589233398438 -0.0448989868164063 0.00875854492187499
-0.0537910461425781 0.0660171508789063 -0.0322036743164062 -0.090484619140625
-0.0186691284179687 0.0808792114257813 -0.0767669677734375 -0.151077270507813
0.0341644287109375 0.0979156494140625 -0.158172607421875 -0.1787109375
0.0643539428710938 0.0726394653320313 -0.224472045898438 -0.160400390625
0.0699195861816406 0.0624275207519531 -0.221282958984375 -0.143600463867188
0.0796356201171875 0.0753631591796875 -0.197677612304688 -0.155380249023438
0.0526046752929687 0.0870208740234375 -0.125946044921875 -0.17266845703125
0.000793457031249997 0.09222412109375 -0.0586700439453125 -0.142135620117188
-0.0146408081054688 0.0777664184570313 -0.00677490234375001 -0.0818862915039062
-0.0616683959960938 0.0664787292480469 -0.01873779296875 0.0164413452148438
-0.101875305175781 0.0800399780273438 -0.116043090820313 0.124214172363281
-0.132209777832031 0.0716476440429688 -0.219635009765625 0.105239868164062
-0.0277252197265625 -0.0594139099121094 0.240997314453125 -0.145462036132813
-0.0749130249023437 -0.0611343383789063 0.1429443359375 -0.140838623046875
-0.0912551879882812 -0.00457000732421877 -0.000198364257812507 -0.0409889221191406
-0.058990478515625 0.0334587097167969 -0.00866699218750001 0.0652236938476563
-0.0362205505371094 0.0426063537597656 0.0272064208984375 0.133377075195312
-0.0133247375488281 0.0392875671386719 0.132339477539063 0.179443359375
0.0110092163085938 0.0360527038574219 0.224319458007813 0.163314819335938
0.00721359252929688 0.0288410186767578 0.243255615234375 0.130630493164063
0.00896453857421875 0.0169105529785156 0.238128662109375 0.140975952148438
0.0208301544189453 0.0146255493164063 0.181991577148438 0.169097900390625
0.0300369262695313 0.0265026092529297 0.109230041503906 0.127548217773438
0.0155982971191406 0.0484580993652344 0.0694656372070313 0.0631828308105469
-0.0192108154296875 0.0502586364746094 0.113662719726562 -0.01019287109375
-0.0300922393798828 0.0164661407470703 0.253402709960937 -0.080841064453125
-0.00218582153320313 -0.00235557556152344 0.425384521484375 0.0587158203125
-0.184341430664063 -0.034515380859375 0.233001708984375 -0.13623046875
-0.204788208007813 -0.0256805419921875 0.153274536132812 -0.127212524414062
-0.217864990234375 0.050537109375 0.0217819213867187 -0.0578880310058594
-0.140960693359375 0.129928588867188 0.00370025634765624 0.037689208984375
-0.0645904541015625 0.150909423828125 0.0157623291015625 0.0998306274414063
0.0233612060546875 0.15411376953125 0.113983154296875 0.151763916015625
0.0862808227539063 0.122787475585938 0.202713012695313 0.140975952148438
0.0821990966796875 0.108955383300781 0.22406005859375 0.106246948242188
0.0953521728515625 0.103263854980469 0.221237182617188 0.113327026367188
0.0885696411132813 0.114173889160156 0.180557250976563 0.138519287109375
0.0498199462890625 0.142059326171875 0.108177185058594 0.095184326171875
0.00015258789062501 0.165115356445313 0.0751800537109375 0.03778076171875
-0.110687255859375 0.142608642578125 0.119918823242187 -0.031158447265625
-0.168212890625 0.0900421142578125 0.255966186523438 -0.0826873779296875
-0.152725219726563 0.0431976318359375 0.42218017578125 0.058197021484375
-0.3160400390625 -0.00634765624999993 0.175018310546875 -0.1279296875
-0.314605712890625 0.0140380859375001 0.131118774414062 -0.1048583984375
-0.32098388671875 0.10345458984375 0.0405158996582031 -0.0656166076660156
-0.208648681640625 0.212600708007813 0.0219802856445312 0.0042858123779297
-0.086578369140625 0.241195678710938 0.0101165771484375 0.0471839904785156
0.05377197265625 0.250411987304688 0.0839004516601563 0.0959548950195313
0.147369384765625 0.192428588867188 0.151046752929688 0.0938262939453125
0.14593505859375 0.172119140625 0.170242309570312 0.0668182373046875
0.172348022460938 0.171539306640625 0.170623779296875 0.0746002197265625
0.152008056640625 0.197235107421875 0.149749755859375 0.0928192138671875
0.0726776123046875 0.24176025390625 0.087921142578125 0.0515823364257813
-0.00798034667968748 0.266464233398437 0.0698432922363281 0.00844573974609376
-0.18218994140625 0.223464965820312 0.112281799316406 -0.0427398681640625
-0.2774658203125 0.158432006835938 0.228652954101563 -0.062255859375
-0.276687622070313 0.0860137939453125 0.3658447265625 0.06640625
-0.401611328125 0.027984619140625 0.0787734985351562 -0.114646911621094
-0.381622314453125 0.062652587890625 0.0790557861328125 -0.0721359252929688
-0.37457275390625 0.15716552734375 0.0490188598632812 -0.0621185302734375
-0.238494873046875 0.274154663085938 0.0383987426757812 -0.0308990478515625
-0.090789794921875 0.300445556640625 0.00470447540283203 -0.0156164169311523
0.078094482421875 0.30938720703125 0.042083740234375 0.022125244140625
0.186920166015625 0.233810424804688 0.07891845703125 0.0303802490234375
0.186752319335938 0.210006713867188 0.0908432006835938 0.0169143676757813
0.2232666015625 0.215438842773437 0.0923233032226563 0.0264663696289063
0.194076538085938 0.252151489257813 0.093170166015625 0.0368194580078125
0.086090087890625 0.309814453125 0.050445556640625 0.00167846679687502
-0.013702392578125 0.33251953125 0.0535354614257812 -0.0214347839355469
-0.2288818359375 0.275543212890625 0.0943984985351562 -0.04296875
-0.344482421875 0.2022705078125 0.176773071289063 -0.02252197265625
-0.356109619140625 0.11651611328125 0.266876220703125 0.082916259765625
-0.4259033203125 0.0601806640625 -0.0453338623046875 -0.096160888671875
-0.391448974609375 0.10650634765625 0.00324440002441404 -0.0326290130615234
-0.366607666015625 0.19415283203125 0.04180908203125 -0.0505943298339844
-0.22308349609375 0.298309326171875 0.0420875549316406 -0.0642356872558594
-0.073577880859375 0.312652587890625 -0.00835418701171876 -0.077880859375
0.09625244140625 0.3203125 -0.0100593566894531 -0.0558395385742187
0.199691772460938 0.238906860351563 -0.00792694091796874 -0.0382728576660156
0.199417114257813 0.21636962890625 -0.00164413452148436 -0.0362358093261719
0.236846923828125 0.226516723632813 4.57763671875135E-05 -0.0253448486328125
0.200927734375 0.26953125 0.0211257934570313 -0.0239200592041015
0.07861328125 0.32843017578125 0.00381851196289063 -0.0478401184082031
-0.02581787109375 0.344512939453125 0.0309715270996094 -0.0487327575683594
-0.2457275390625 0.277511596679687 0.0674629211425781 -0.0324363708496094
-0.36181640625 0.208526611328125 0.10662841796875 0.029388427734375
-0.38116455078125 0.12615966796875 0.139450073242188 0.101768493652344
-0.38104248046875 0.0813293457031249 -0.175430297851563 -0.07232666015625
-0.337188720703125 0.1278076171875 -0.0802764892578125 0.00679779052734375
-0.29840087890625 0.1951904296875 0.0197963714599609 -0.0344772338867187
-0.171676635742188 0.268020629882813 0.02679443359375 -0.0888748168945312
-0.04541015625 0.27337646484375 -0.0316543579101563 -0.125190734863281
0.0996856689453125 0.279510498046875 -0.0677490234375 -0.120674133300781
0.1844482421875 0.207260131835937 -0.0955886840820312 -0.0983963012695313
0.182952880859375 0.189682006835938 -0.093719482421875 -0.0850906372070312
0.214385986328125 0.203521728515625 -0.0884628295898438 -0.0769805908203125
0.172134399414063 0.244232177734375 -0.0481033325195313 -0.0833816528320312
0.05419921875 0.29248046875 -0.0364913940429688 -0.0920257568359375
-0.037689208984375 0.296051025390625 0.00869369506835938 -0.070037841796875
-0.226333618164063 0.229995727539063 0.0377044677734375 -0.0160903930664062
-0.32415771484375 0.18096923828125 0.0277481079101562 0.078460693359375
-0.34747314453125 0.11761474609375 0.00344848632812497 0.114730834960938
-0.275253295898437 0.0834808349609375 -0.290557861328125 -0.0474853515625
-0.231948852539063 0.110260009765625 -0.156753540039063 0.039398193359375
-0.192550659179688 0.145034790039062 -0.0112667083740235 -0.0162868499755859
-0.1068115234375 0.187103271484375 -0.00279998779296876 -0.0992660522460937
-0.022064208984375 0.190521240234375 -0.059814453125 -0.148834228515625
0.0824127197265625 0.198760986328125 -0.122451782226562 -0.16015625
0.139724731445313 0.145828247070313 -0.173187255859375 -0.138626098632813
0.138671875 0.133049011230469 -0.17169189453125 -0.121231079101563
0.158905029296875 0.1483154296875 -0.157791137695313 -0.1202392578125
0.119659423828125 0.177963256835938 -0.100273132324219 -0.134231567382813
0.024688720703125 0.207199096679688 -0.0588150024414063 -0.12542724609375
-0.0362548828125 0.198501586914063 -0.00460052490234375 -0.081451416015625
-0.16143798828125 0.152236938476563 0.00875568389892577 0.00157928466796876
-0.232803344726563 0.133392333984375 -0.0474853515625 0.112472534179688
-0.260116577148438 0.0990753173828124 -0.120674133300781 0.117294311523438
-0.128303527832031 0.0617294311523438 -0.37017822265625 -0.0274963378906251
-0.100730895996094 0.0552749633789062 -0.213943481445313 0.0608673095703125
-0.0788040161132813 0.0577774047851563 -0.0413894653320313 0.00433349609375001
-0.0489273071289062 0.0738754272460938 -0.0339202880859375 -0.0928726196289063
-0.0117111206054687 0.0830154418945312 -0.081298828125 -0.148239135742187
0.0421905517578125 0.0957107543945312 -0.16302490234375 -0.172470092773438
0.0702972412109375 0.0666885375976563 -0.227920532226563 -0.153274536132813
0.0743865966796875 0.0564041137695313 -0.223281860351562 -0.137176513671875
0.0851593017578125 0.0674896240234375 -0.199325561523438 -0.148117065429687
0.0599136352539063 0.080841064453125 -0.12762451171875 -0.167724609375
0.0091705322265625 0.0906143188476563 -0.0613861083984375 -0.139381408691406
-0.0073394775390625 0.0787429809570312 -0.00847625732421874 -0.0805130004882813
-0.0559005737304687 0.073883056640625 -0.0157699584960938 0.0196304321289063
-0.0981521606445312 0.0908889770507813 -0.109367370605469 0.128982543945313
-0.131278991699219 0.0801773071289062 -0.214340209960938 0.112884521484375
-0.0257606506347656 -0.0674247741699219 0.243850708007813 -0.15606689453125
-0.0803604125976563 -0.0690994262695312 0.140655517578125 -0.148422241210938
-0.0997695922851563 -0.00748443603515623 -0.00198364257812501 -0.0431709289550781
-0.0670700073242188 0.0343513488769531 -0.00850677490234375 0.0650444030761719
-0.0418739318847656 0.0477752685546875 0.0283889770507812 0.132820129394531
-0.0164756774902344 0.0458335876464844 0.136795043945313 0.177337646484375
0.0090484619140625 0.0415382385253906 0.231063842773438 0.159698486328125
0.00496673583984375 0.0332698822021484 0.24951171875 0.125701904296875
0.00506401062011719 0.0207996368408203 0.245498657226563 0.135498046875
0.0160388946533203 0.0149440765380859 0.191207885742187 0.165496826171875
0.0269966125488281 0.0229988098144531 0.118453979492187 0.126792907714844
0.0151748657226563 0.044525146484375 0.0749740600585938 0.0657272338867188
-0.0163726806640625 0.0447540283203125 0.114059448242187 -0.00908660888671875
-0.0258579254150391 0.0112171173095703 0.2520751953125 -0.0838623046875
0.00294256210327148 -0.00627756118774414 0.43310546875 0.056304931640625
-0.183395385742188 -0.03717041015625 0.236907958984375 -0.148178100585938
-0.21038818359375 -0.0291290283203125 0.152816772460938 -0.13623046875
-0.225921630859375 0.05364990234375 0.0207099914550781 -0.0613479614257813
-0.14697265625 0.134780883789063 0.00446701049804686 0.0347824096679688
-0.0674896240234375 0.157516479492188 0.0164337158203125 0.0973281860351563
0.02410888671875 0.161331176757813 0.117385864257813 0.147964477539063
0.0882339477539062 0.1268310546875 0.209274291992188 0.1351318359375
0.0828628540039063 0.111953735351563 0.230087280273438 0.0997161865234375
0.0966415405273438 0.104766845703125 0.229446411132813 0.106109619140625
0.088958740234375 0.113517761230469 0.18994140625 0.133804321289063
0.0516738891601563 0.140396118164063 0.116973876953125 0.0929336547851563
0.00303649902343751 0.164627075195312 0.0811004638671875 0.0390701293945313
-0.1068115234375 0.143524169921875 0.122154235839844 -0.0295562744140625
-0.165542602539063 0.0917205810546875 0.257186889648438 -0.0858001708984375
-0.149169921875 0.0432281494140625 0.43310546875 0.05352783203125
-0.317474365234375 -0.00305175781250006 0.180343627929687 -0.139663696289063
-0.31915283203125 0.01495361328125 0.132980346679687 -0.114570617675781
-0.32745361328125 0.110870361328125 0.0405654907226562 -0.0708999633789063
-0.212188720703125 0.220977783203125 0.0234851837158203 -0.00157928466796874
-0.0861053466796875 0.24908447265625 0.010711669921875 0.0426521301269531
0.0588836669921875 0.256622314453125 0.0854873657226563 0.0904006958007813
0.151931762695313 0.194747924804688 0.155532836914062 0.0869598388671875
0.150054931640625 0.17352294921875 0.17572021484375 0.0595245361328125
0.17742919921875 0.171035766601563 0.1767578125 0.067474365234375
0.15753173828125 0.195266723632813 0.158981323242188 0.0867156982421875
0.0796966552734375 0.242904663085937 0.0952682495117187 0.0475616455078125
-0.00114440917968749 0.26983642578125 0.0762786865234375 0.00742340087890627
-0.179122924804688 0.230682373046875 0.117347717285156 -0.041839599609375
-0.27569580078125 0.16644287109375 0.232635498046875 -0.06512451171875
-0.275970458984375 0.0911712646484375 0.378631591796875 0.0618896484375
-0.40496826171875 0.0363464355468749 0.0833511352539062 -0.126220703125
-0.385498046875 0.0687255859375001 0.082000732421875 -0.08233642578125
-0.378143310546875 0.170196533203125 0.0504188537597656 -0.0689239501953125
-0.237640380859375 0.2862548828125 0.0413246154785156 -0.0387039184570312
-0.087158203125 0.30877685546875 0.00499534606933593 -0.0211868286132812
0.0875244140625 0.31439208984375 0.0424880981445313 0.0165863037109375
0.195297241210938 0.233810424804688 0.0805740356445313 0.023834228515625
0.194381713867188 0.208908081054688 0.0940322875976563 0.01019287109375
0.231719970703125 0.212905883789063 0.0970611572265625 0.0201339721679688
0.204605102539063 0.248992919921875 0.100265502929688 0.0291900634765625
0.096710205078125 0.31134033203125 0.0561294555664063 -0.00329589843749998
-0.00512695312499999 0.33917236328125 0.0583953857421875 -0.0233116149902344
-0.225860595703125 0.286163330078125 0.0998687744140625 -0.0423126220703125
-0.3450927734375 0.216033935546875 0.182968139648437 -0.0247802734375
-0.358489990234375 0.125 0.279434204101563 0.07904052734375
-0.43011474609375 0.0719604492187499 -0.0423965454101563 -0.104972839355469
-0.39544677734375 0.11749267578125 0.00796508789062498 -0.0401992797851562
-0.368133544921875 0.21240234375 0.0445785522460937 -0.0574302673339844
-0.218475341796875 0.31146240234375 0.0446929931640625 -0.0736465454101562
-0.06695556640625 0.320556640625 -0.00883483886718751 -0.0836944580078125
0.107696533203125 0.32354736328125 -0.0116996765136719 -0.0609703063964844
0.20965576171875 0.236236572265625 -0.00821685791015624 -0.0436172485351562
0.209197998046875 0.214096069335938 -0.00175094604492186 -0.0419578552246094
0.248291015625 0.22161865234375 0.00223731994628908 -0.0301494598388672
0.214431762695313 0.26495361328125 0.0258045196533203 -0.0308055877685547
0.09197998046875 0.331573486328125 0.00592041015625001 -0.0534172058105469
-0.015411376953125 0.352264404296875 0.0334854125976563 -0.0512886047363281
-0.243377685546875 0.2916259765625 0.073516845703125 -0.032379150390625
-0.363250732421875 0.22607421875 0.113502502441406 0.029083251953125
-0.384613037109375 0.136932373046875 0.150039672851562 0.100250244140625
-0.387542724609375 0.0960388183593749 -0.175048828125 -0.0772857666015625
-0.340362548828125 0.141021728515625 -0.0748214721679688 0.00294494628906252
-0.29705810546875 0.21368408203125 0.0230865478515625 -0.0414581298828125
-0.164642333984375 0.281951904296875 0.0280685424804687 -0.0984573364257813
-0.036590576171875 0.279541015625 -0.0339279174804688 -0.130561828613281
0.112396240234375 0.280349731445313 -0.0716781616210938 -0.123741149902344
0.19488525390625 0.203033447265625 -0.09893798828125 -0.102630615234375
0.192428588867188 0.185134887695313 -0.0969009399414063 -0.0877532958984375
0.22528076171875 0.198211669921875 -0.089111328125 -0.0797958374023437
0.185653686523438 0.239852905273438 -0.0470504760742187 -0.0888137817382813
0.06756591796875 0.295989990234375 -0.0369720458984375 -0.0970916748046875
-0.026214599609375 0.303192138671875 0.0103225708007812 -0.0726547241210937
-0.223663330078125 0.244110107421875 0.0433425903320312 -0.0158271789550781
-0.32501220703125 0.19854736328125 0.0342864990234375 0.0802001953125
-0.35101318359375 0.129302978515625 0.0108642578125 0.115623474121094
-0.2828369140625 0.0960693359375 -0.29241943359375 -0.048797607421875
-0.2354736328125 0.123382568359375 -0.152938842773438 0.03765869140625
-0.191574096679688 0.162139892578125 -0.00817489624023439 -0.0218906402587891
-0.0991973876953125 0.198318481445313 -0.00350952148437501 -0.106864929199219
-0.012847900390625 0.195022583007813 -0.0639495849609375 -0.15203857421875
0.094635009765625 0.198867797851563 -0.128814697265625 -0.16217041015625
0.149566650390625 0.140792846679688 -0.178787231445313 -0.139724731445313
0.1473388671875 0.127410888671875 -0.17657470703125 -0.121688842773437
0.168624877929688 0.141571044921875 -0.161834716796875 -0.121490478515625
0.130783081054688 0.173248291015625 -0.10174560546875 -0.137672424316406
0.036468505859375 0.208984375 -0.0615081787109375 -0.12921142578125
-0.0265960693359375 0.203521728515625 -0.0044708251953125 -0.0839462280273437
-0.15740966796875 0.164093017578125 0.0129327774047851 0.00369358062744142
-0.23126220703125 0.149856567382812 -0.0420913696289063 0.116416931152344
-0.26434326171875 0.111251831054687 -0.117141723632813 0.123069763183594
-0.134506225585938 0.0712432861328125 -0.376800537109375 -0.02642822265625
-0.10516357421875 0.0649490356445313 -0.212356567382813 0.061614990234375
-0.0780181884765625 0.0698471069335938 -0.0402450561523438 -0.000785827636718738
-0.044158935546875 0.0817718505859375 -0.0370101928710937 -0.098114013671875
-0.00534820556640624 0.085906982421875 -0.087554931640625 -0.150131225585938
0.0510025024414063 0.0958099365234375 -0.170654296875 -0.171722412109375
0.0772781372070313 0.0615081787109375 -0.236526489257813 -0.151565551757812
0.0808868408203125 0.050811767578125 -0.230026245117188 -0.135498046875
0.0909652709960938 0.0606765747070313 -0.204116821289062 -0.147216796875
0.0678176879882813 0.0749130249023438 -0.131271362304687 -0.169281005859375
0.0178375244140625 0.0900802612304688 -0.0645751953125 -0.141342163085938
0.00123596191406251 0.0804977416992188 -0.0096282958984375 -0.0809173583984375
-0.0503921508789063 0.0820388793945313 -0.0122661590576172 0.0220527648925781
-0.0950469970703125 0.103034973144531 -0.104866027832031 0.135787963867188
-0.133529663085937 0.0910263061523438 -0.213592529296875 0.121780395507812
-0.025054931640625 -0.0781021118164062 0.246200561523438 -0.174850463867188
-0.0904769897460937 -0.0764999389648437 0.138153076171875 -0.162307739257813
-0.1119384765625 -0.00804138183593749 -0.00481796264648438 -0.0455970764160156
-0.0771484375 0.0387039184570313 -0.00809097290039064 0.0657119750976563
-0.0475807189941406 0.0557632446289062 0.0315170288085938 0.134269714355469
-0.0188369750976563 0.0555000305175781 0.145156860351563 0.176773071289063
0.00876998901367187 0.0488700866699219 0.244186401367187 0.155105590820313
0.00335311889648437 0.0393867492675781 0.261245727539063 0.118515014648438
0.00200080871582031 0.0261726379394531 0.25994873046875 0.127670288085938
0.0111246109008789 0.0170097351074219 0.206436157226563 0.161865234375
0.0223159790039062 0.0201282501220703 0.13153076171875 0.126541137695312
0.0139045715332031 0.0407524108886719 0.0835342407226563 0.067626953125
-0.0130348205566406 0.0395736694335938 0.117362976074219 -0.009185791015625
-0.0223293304443359 0.00517845153808594 0.253646850585938 -0.0922088623046875
0.00888633728027344 -0.0132694244384766 0.450714111328125 0.04730224609375
-0.187576293945313 -0.0401153564453125 0.242538452148438 -0.169754028320313
-0.22137451171875 -0.0300445556640625 0.152801513671875 -0.151702880859375
-0.238479614257812 0.060516357421875 0.0188026428222656 -0.0669364929199219
-0.155105590820313 0.14666748046875 0.00448989868164062 0.0305595397949219
-0.0689544677734375 0.170059204101563 0.0181198120117187 0.09625244140625
0.0291595458984375 0.172332763671875 0.124298095703125 0.145050048828125
0.093597412109375 0.133064270019531 0.219924926757813 0.128005981445313
0.0882034301757813 0.115554809570313 0.240859985351563 0.090362548828125
0.101188659667969 0.108375549316406 0.241714477539063 0.097503662109375
0.092315673828125 0.114143371582031 0.205947875976563 0.125503540039063
0.0549468994140625 0.1409912109375 0.129257202148438 0.0886611938476563
0.00761413574218751 0.16693115234375 0.0908584594726563 0.0382156372070313
-0.10284423828125 0.14739990234375 0.1290283203125 -0.031097412109375
-0.16302490234375 0.0972442626953125 0.261993408203125 -0.09442138671875
-0.1478271484375 0.0459442138671875 0.453155517578125 0.04150390625
-0.324371337890625 0.00311279296874993 0.184539794921875 -0.16015625
-0.330230712890625 0.0207519531250001 0.134010314941406 -0.130027770996094
-0.33868408203125 0.12579345703125 0.0403900146484375 -0.079559326171875
-0.215545654296875 0.238235473632813 0.024383544921875 -0.00970840454101561
-0.0845184326171875 0.264266967773438 0.0110282897949219 0.0382766723632813
0.0702667236328125 0.267196655273438 0.0885543823242188 0.08526611328125
0.164230346679688 0.198760986328125 0.163650512695313 0.079864501953125
0.1602783203125 0.175735473632813 0.183303833007813 0.0493621826171875
0.189559936523438 0.171463012695313 0.187652587890625 0.0574798583984375
0.169082641601563 0.193557739257813 0.172088623046875 0.0771942138671875
0.0907745361328125 0.245864868164063 0.105308532714844 0.0407333374023438
0.00939941406250001 0.2769775390625 0.0841598510742188 0.00503540039062502
-0.174819946289063 0.243255615234375 0.124931335449219 -0.0439529418945312
-0.275070190429687 0.182022094726563 0.240753173828125 -0.0742645263671875
-0.278549194335938 0.100677490234375 0.399383544921875 0.0501708984375
-0.41461181640625 0.0513916015625 0.0861053466796875 -0.1435546875
-0.395294189453125 0.0822143554687501 0.0842361450195312 -0.095306396484375
-0.38568115234375 0.191436767578125 0.0510025024414062 -0.0789718627929687
-0.236480712890625 0.306549072265625 0.0425300598144531 -0.0504531860351562
-0.080078125 0.324462890625 0.00373077392578124 -0.02813720703125
0.104461669921875 0.323760986328125 0.0421524047851563 0.00986862182617189
0.210464477539063 0.235336303710938 0.0834732055664063 0.0154571533203125
0.208908081054688 0.208770751953125 0.0980911254882813 0.000770568847656263
0.248443603515625 0.209228515625 0.103141784667969 0.0111007690429688
0.22210693359375 0.246536254882812 0.110107421875 0.0190277099609375
0.114349365234375 0.317047119140625 0.0622367858886719 -0.0112075805664062
0.009307861328125 0.351287841796875 0.0650863647460938 -0.0279541015625
-0.221160888671875 0.30615234375 0.108642578125 -0.0453414916992187
-0.34527587890625 0.237945556640625 0.192657470703125 -0.031158447265625
-0.3642578125 0.14111328125 0.299560546875 0.0709228515625
-0.44146728515625 0.0932922363281251 -0.0419692993164063 -0.117286682128906
-0.40240478515625 0.1375732421875 0.0107574462890625 -0.0500946044921875
-0.369354248046875 0.238037109375 0.0470123291015625 -0.0675430297851562
-0.21173095703125 0.334503173828125 0.04608154296875 -0.0863037109375
-0.055694580078125 0.333709716796875 -0.0130615234375 -0.092742919921875
0.1279296875 0.329833984375 -0.015289306640625 -0.0679740905761719
0.227386474609375 0.233901977539063 -0.01019287109375 -0.0503349304199219
0.22528076171875 0.210693359375 -0.00265121459960936 -0.0490798950195312
0.267120361328125 0.21588134765625 0.00322723388671876 -0.0376434326171875
0.235458374023438 0.260223388671875 0.0291671752929688 -0.0403366088867187
0.112548828125 0.33758544921875 0.0073394775390625 -0.0612945556640625
0.00189208984374998 0.365478515625 0.0364608764648438 -0.0574188232421875
-0.23870849609375 0.315277099609375 0.08233642578125 -0.0351181030273437
-0.36456298828125 0.252960205078125 0.123481750488281 0.0256195068359375
-0.3924560546875 0.15582275390625 0.166000366210937 0.096221923828125
-0.398284912109375 0.11865234375 -0.179351806640625 -0.0833587646484375
-0.346527099609375 0.16387939453125 -0.0723342895507813 -0.00260925292968749
-0.295166015625 0.24090576171875 0.0258369445800781 -0.0501594543457031
-0.153045654296875 0.3033447265625 0.0280075073242188 -0.111335754394531
-0.02288818359375 0.291107177734375 -0.0402145385742187 -0.138778686523437
0.13232421875 0.283294677734375 -0.079345703125 -0.129913330078125
0.212051391601562 0.196945190429688 -0.106285095214844 -0.106613159179687
0.208587646484375 0.179962158203125 -0.102340698242187 -0.0920181274414062
0.24346923828125 0.189605712890625 -0.0938186645507812 -0.083709716796875
0.205718994140625 0.233200073242188 -0.048736572265625 -0.0968780517578125
0.088287353515625 0.3011474609375 -0.0404586791992187 -0.104080200195313
-0.010040283203125 0.31561279296875 0.0101699829101562 -0.0774765014648437
-0.218490600585937 0.267578125 0.0498847961425781 -0.017242431640625
-0.326141357421875 0.226043701171875 0.0439224243164062 0.0814056396484375
-0.35943603515625 0.15057373046875 0.0227203369140625 0.118003845214844
-0.292266845703125 0.116943359375 -0.302001953125 -0.048858642578125
-0.2403564453125 0.143722534179688 -0.1514892578125 0.03790283203125
-0.187637329101563 0.185333251953125 -0.00742721557617188 -0.0300636291503906
-0.0880126953125 0.215408325195313 -0.00641632080078125 -0.117912292480469
-0.000106811523437521 0.203033447265625 -0.07232666015625 -0.158615112304688
0.112274169921875 0.198806762695312 -0.13946533203125 -0.164016723632812
0.163345336914062 0.133697509765625 -0.190277099609375 -0.140640258789063
0.160659790039063 0.120925903320313 -0.186691284179688 -0.12274169921875
0.183197021484375 0.132843017578125 -0.1700439453125 -0.122512817382812
0.146636962890625 0.166229248046875 -0.108306884765625 -0.143569946289063
0.0522308349609375 0.21221923828125 -0.0673980712890625 -0.134185791015625
-0.012481689453125 0.211639404296875 -0.00632476806640626 -0.0880966186523438
-0.151016235351562 0.182388305664063 0.0189590454101562 0.00357818603515626
-0.229568481445312 0.173385620117187 -0.03369140625 0.122337341308594
-0.26885986328125 0.130630493164062 -0.111434936523438 0.131271362304688
-0.142227172851562 0.086822509765625 -0.390625 -0.0196838378906249
-0.109214782714844 0.0793304443359375 -0.214309692382813 0.06640625
-0.0766448974609375 0.0850601196289063 -0.0409660339355469 -0.00617599487304687
-0.0359954833984375 0.0928192138671875 -0.0433349609375 -0.106193542480469
0.00345611572265625 0.0902938842773438 -0.097930908203125 -0.15423583984375
0.062835693359375 0.0941085815429688 -0.1842041015625 -0.170562744140625
0.0867843627929688 0.05487060546875 -0.250137329101563 -0.147354125976563
0.089019775390625 0.0440139770507813 -0.241973876953125 -0.132293701171875
0.099517822265625 0.0518569946289063 -0.215789794921875 -0.144927978515625
0.0779190063476563 0.0675811767578125 -0.140731811523438 -0.171493530273437
0.0290069580078125 0.0883102416992188 -0.071075439453125 -0.143814086914063
0.0111083984375 0.0815277099609375 -0.0109634399414063 -0.0834503173828125
-0.0420303344726563 0.0925445556640625 -0.00750923156738282 0.0251846313476563
-0.0897140502929688 0.119987487792969 -0.098175048828125 0.146469116210938
-0.135002136230469 0.106918334960937 -0.213714599609375 0.136016845703125
-0.0286178588867188 -0.0909500122070313 0.242355346679688 -0.20025634765625
-0.105850219726562 -0.0815811157226563 0.128646850585937 -0.178192138671875
-0.126480102539062 -0.00366973876953124 -0.0100860595703125 -0.0483016967773437
-0.0865936279296875 0.04815673828125 -0.00689315795898438 0.0672492980957031
-0.0512313842773438 0.0674972534179687 0.037628173828125 0.135421752929688
-0.0176811218261719 0.0670433044433594 0.157760620117187 0.17108154296875
0.011749267578125 0.0582847595214844 0.260238647460938 0.1434326171875
0.00384521484375 0.0473480224609375 0.275543212890625 0.103500366210938
0.000816345214843751 0.0335044860839844 0.274703979492188 0.112411499023438
0.00671577453613281 0.0207004547119141 0.225830078125 0.1502685546875
0.0168075561523438 0.0182514190673828 0.148269653320313 0.1192626953125
0.0118026733398437 0.0361900329589844 0.0941925048828125 0.0653915405273438
-0.0110912322998047 0.0322475433349609 0.121467590332031 -0.01171875
-0.0204029083251953 -0.00369834899902343 0.251541137695313 -0.105072021484375
0.0138473510742188 -0.0230007171630859 0.46881103515625 0.02667236328125
-0.192642211914063 -0.039520263671875 0.239242553710938 -0.197128295898438
-0.236572265625 -0.025726318359375 0.144607543945312 -0.171112060546875
-0.250198364257813 0.0758209228515625 0.013824462890625 -0.073272705078125
-0.158248901367188 0.163742065429688 0.00509643554687499 0.0274906158447266
-0.065643310546875 0.18670654296875 0.0219039916992187 0.0934677124023438
0.040313720703125 0.183135986328125 0.132156372070312 0.137496948242187
0.105064392089844 0.137588500976563 0.232879638671875 0.115005493164063
0.0961532592773438 0.119598388671875 0.25225830078125 0.073760986328125
0.10882568359375 0.109703063964844 0.256195068359375 0.079833984375
0.0981063842773438 0.11328125 0.223785400390625 0.110214233398438
0.0603713989257812 0.13970947265625 0.144485473632813 0.077911376953125
0.0159454345703125 0.167373657226563 0.1019287109375 0.0334854125976563
-0.095611572265625 0.152252197265625 0.134628295898438 -0.0360565185546875
-0.157806396484375 0.103607177734375 0.264724731445313 -0.109954833984375
-0.144485473632813 0.0491180419921875 0.47509765625 0.01727294921875
-0.330535888671875 0.016326904296875 0.18212890625 -0.18756103515625
-0.341827392578125 0.035858154296875 0.128524780273437 -0.150146484375
-0.3448486328125 0.1500244140625 0.035858154296875 -0.089111328125
-0.211715698242187 0.261932373046875 0.0238990783691406 -0.0179157257080078
-0.074188232421875 0.28179931640625 0.0106887817382812 0.0324459075927735
0.0889739990234375 0.275543212890625 0.0925750732421875 0.07720947265625
0.181884765625 0.198074340820312 0.171371459960937 0.06634521484375
0.175155639648437 0.173507690429688 0.19134521484375 0.0328826904296875
0.204620361328125 0.1668701171875 0.197616577148437 0.0405731201171875
0.18377685546875 0.187728881835937 0.18609619140625 0.0594482421875
0.107131958007813 0.245315551757813 0.115280151367188 0.0293045043945313
0.0262451171875 0.28204345703125 0.0940322875976563 -0.00122833251953123
-0.162841796875 0.258285522460938 0.133956909179688 -0.0507659912109375
-0.2674560546875 0.2012939453125 0.247451782226562 -0.0889434814453125
-0.276382446289063 0.116455078125 0.4217529296875 0.02685546875
-0.420135498046875 0.0758056640625001 0.082763671875 -0.165618896484375
-0.401824951171875 0.105865478515625 0.0820236206054687 -0.112556457519531
-0.384674072265625 0.222930908203125 0.04827880859375 -0.0906524658203125
-0.2247314453125 0.333160400390625 0.0401802062988281 -0.0637245178222656
-0.063140869140625 0.3406982421875 -0.000949859619140626 -0.0367202758789062
0.12939453125 0.328033447265625 0.0409049987792969 0.00142288208007815
0.231597900390625 0.229415893554688 0.0856552124023438 0.00426483154296876
0.228424072265625 0.202484130859375 0.100601196289063 -0.0123977661132812
0.269683837890625 0.199432373046875 0.1082763671875 -0.00296020507812499
0.2447509765625 0.23480224609375 0.117767333984375 0.00268554687500001
0.138275146484375 0.3177490234375 0.066253662109375 -0.0226631164550781
0.033111572265625 0.36029052734375 0.07073974609375 -0.0360183715820312
-0.206787109375 0.329681396484375 0.117706298828125 -0.0529937744140625
-0.336944580078125 0.268096923828125 0.202194213867187 -0.044403076171875
-0.36322021484375 0.164764404296875 0.321533203125 0.051116943359375
-0.4468994140625 0.1268310546875 -0.0464553833007813 -0.131202697753906
-0.4046630859375 0.1678466796875 0.0115203857421875 -0.0620384216308594
-0.361663818359375 0.2730712890625 0.0457916259765625 -0.0802459716796875
-0.192230224609375 0.3592529296875 0.04193115234375 -0.102577209472656
-0.03448486328125 0.348175048828125 -0.0199050903320313 -0.101638793945312
0.1561279296875 0.3291015625 -0.02276611328125 -0.0748672485351563
0.25030517578125 0.223846435546875 -0.0156745910644531 -0.0581207275390625
0.246261596679687 0.200103759765625 -0.00572967529296874 -0.0566978454589844
0.290435791015625 0.2017822265625 0.00218582153320315 -0.0457000732421875
0.26080322265625 0.247177124023438 0.03076171875 -0.0531539916992187
0.142578125 0.338409423828125 0.00524139404296876 -0.0710678100585937
0.02984619140625 0.376739501953125 0.0385589599609375 -0.0651741027832031
-0.22235107421875 0.343017578125 0.0910797119140625 -0.04241943359375
-0.355072021484375 0.288055419921875 0.135543823242187 0.016510009765625
-0.39337158203125 0.186859130859375 0.185623168945312 0.0846405029296875
-0.403411865234375 0.15484619140625 -0.186019897460938 -0.0862884521484375
-0.34515380859375 0.19580078125 -0.0705413818359375 -0.00735473632812497
-0.28277587890625 0.273590087890625 0.0252952575683594 -0.06195068359375
-0.131103515625 0.32464599609375 0.0217437744140625 -0.125991821289063
0.000152587890625008 0.3006591796875 -0.0506439208984375 -0.146148681640625
0.161270141601562 0.279403686523438 -0.0912628173828125 -0.133949279785156
0.232803344726563 0.185302734375 -0.117599487304687 -0.108314514160156
0.2279052734375 0.166824340820313 -0.111412048339844 -0.0949478149414063
0.264434814453125 0.174072265625 -0.100471496582031 -0.0868453979492187
0.2301025390625 0.218551635742188 -0.05523681640625 -0.105003356933594
0.115814208984375 0.301055908203125 -0.0477981567382813 -0.110710144042969
0.015289306640625 0.325439453125 0.008392333984375 -0.0838546752929687
-0.201629638671875 0.293975830078125 0.0583152770996094 -0.0223770141601562
-0.3162841796875 0.26007080078125 0.056488037109375 0.078399658203125
-0.360015869140625 0.181976318359375 0.0374526977539062 0.116836547851563
-0.296112060546875 0.149261474609375 -0.31134033203125 -0.039947509765625
-0.2376708984375 0.17138671875 -0.149749755859375 0.0403900146484375
-0.175765991210938 0.212432861328125 -0.00804519653320314 -0.03851318359375
-0.0677642822265625 0.231216430664063 -0.0154190063476562 -0.129562377929687
0.0199737548828125 0.208206176757813 -0.086181640625 -0.162399291992188
0.135452270507813 0.19281005859375 -0.154937744140625 -0.162857055664062
0.180145263671875 0.12042236328125 -0.205795288085938 -0.135650634765625
0.175125122070312 0.107513427734375 -0.200363159179688 -0.118408203125
0.198089599609375 0.115951538085938 -0.18194580078125 -0.119827270507812
0.165008544921875 0.151809692382813 -0.119338989257813 -0.146621704101563
0.0752410888671875 0.209259033203125 -0.0775604248046875 -0.137985229492188
0.00830078125000002 0.2159423828125 -0.0101470947265625 -0.0926437377929688
-0.136093139648438 0.20220947265625 0.0265522003173828 0.00123596191406251
-0.21875 0.20220947265625 -0.0213851928710938 0.126869201660156
-0.268051147460938 0.1590576171875 -0.100639343261719 0.139869689941406
-0.14581298828125 0.1090087890625 -0.40380859375 -0.00296020507812506
-0.109375 0.098388671875 -0.2139892578125 0.0743865966796875
-0.068389892578125 0.102798461914063 -0.0432167053222656 -0.0117645263671875
-0.0233001708984375 0.102859497070313 -0.053863525390625 -0.112197875976563
0.0164871215820312 0.093780517578125 -0.112899780273437 -0.153488159179688
0.0784378051757812 0.088348388671875 -0.201583862304688 -0.163330078125
0.0962677001953125 0.0436325073242188 -0.267791748046875 -0.136611938476563
0.0963058471679688 0.031463623046875 -0.257247924804687 -0.122100830078125
0.106758117675781 0.0376739501953125 -0.230239868164063 -0.138275146484375
0.0871047973632813 0.0546188354492188 -0.1531982421875 -0.170166015625
0.04290771484375 0.0824432373046875 -0.0812835693359375 -0.145156860351563
0.0257644653320312 0.0795745849609375 -0.0144729614257812 -0.0854644775390625
-0.0274810791015625 0.102653503417969 -0.000606536865234377 0.0265350341796875
-0.07696533203125 0.139167785644531 -0.0865020751953125 0.1568603515625
-0.131797790527344 0.127685546875 -0.207382202148437 0.15460205078125
-0.0362091064453125 -0.103683471679688 0.224258422851562 -0.224960327148438
-0.123428344726563 -0.0810928344726563 0.110977172851562 -0.190643310546875
-0.140151977539063 0.00594329833984377 -0.0163803100585938 -0.0475692749023437
-0.0937271118164063 0.0613861083984375 -0.004608154296875 0.0673828125
-0.0517578125 0.0813980102539063 0.0446243286132812 0.131484985351563
-0.0125579833984375 0.0797119140625 0.167892456054688 0.160430908203125
0.0176773071289062 0.0676498413085938 0.270797729492188 0.12347412109375
0.00782012939453124 0.0543975830078125 0.2835693359375 0.08258056640625
0.0014801025390625 0.0421562194824219 0.2840576171875 0.089202880859375
0.00311279296875 0.0276374816894531 0.240447998046875 0.130294799804687
0.0107212066650391 0.0177288055419922 0.162338256835937 0.104537963867188
0.0062408447265625 0.0319976806640625 0.105728149414063 0.05938720703125
-0.0118370056152344 0.0229320526123047 0.123336791992188 -0.0150222778320312
-0.0208759307861328 -0.0139484405517578 0.242645263671875 -0.117019653320313
0.0161552429199219 -0.0361900329589844 0.47711181640625 -0.002197265625
-0.196502685546875 -0.0381927490234375 0.22222900390625 -0.225067138671875
-0.24755859375 -0.0168914794921875 0.127731323242187 -0.18914794921875
-0.256240844726563 0.0937042236328125 0.00670623779296873 -0.0780105590820313
-0.1539306640625 0.182281494140625 0.00241851806640624 0.0218009948730469
-0.0566253662109375 0.199325561523438 0.0240478515625 0.0893936157226563
0.0546875 0.189605712890625 0.137977600097656 0.126129150390625
0.116546630859375 0.139129638671875 0.239593505859375 0.094329833984375
0.105621337890625 0.119064331054688 0.256881713867188 0.050537109375
0.11578369140625 0.10821533203125 0.263015747070313 0.0553436279296875
0.102279663085938 0.109291076660156 0.234909057617187 0.086334228515625
0.0649337768554688 0.134895324707031 0.154983520507813 0.0613555908203125
0.024444580078125 0.163238525390625 0.111053466796875 0.0237350463867188
-0.0857696533203125 0.1510009765625 0.139518737792969 -0.0419769287109375
-0.148849487304687 0.1058349609375 0.259872436523437 -0.12548828125
-0.136787414550781 0.0496139526367188 0.484466552734375 -0.01708984375
-0.329833984375 0.0318298339843749 0.167343139648438 -0.214508056640625
-0.346405029296875 0.0537109375 0.115188598632812 -0.167022705078125
-0.342559814453125 0.17584228515625 0.0271759033203125 -0.09747314453125
-0.198394775390625 0.282073974609375 0.0186195373535156 -0.0280666351318359
-0.0570068359375 0.29461669921875 0.00800323486328125 0.0262603759765625
0.112152099609375 0.276412963867188 0.09307861328125 0.0669403076171875
0.198394775390625 0.190597534179688 0.173568725585937 0.0486602783203125
0.18902587890625 0.16455078125 0.193038940429688 0.012725830078125
0.218154907226563 0.155975341796875 0.201187133789063 0.0176544189453125
0.195632934570313 0.17510986328125 0.193359375 0.0366973876953125
0.12298583984375 0.237030029296875 0.123023986816406 0.01226806640625
0.0464019775390625 0.279067993164063 0.101799011230469 -0.0118408203125
-0.143630981445313 0.266876220703125 0.138946533203125 -0.0610122680664062
-0.251052856445313 0.21630859375 0.246795654296875 -0.106857299804688
-0.265625 0.130325317382813 0.43572998046875 -0.00808715820312499
-0.41339111328125 0.104278564453125 0.0706939697265625 -0.188323974609375
-0.397552490234375 0.132171630859375 0.0713043212890625 -0.129867553710938
-0.3719482421875 0.2528076171875 0.0401687622070312 -0.101913452148437
-0.200927734375 0.35284423828125 0.0323944091796875 -0.0771331787109375
-0.039276123046875 0.349212646484375 -0.00806045532226563 -0.0445747375488281
0.156280517578125 0.321990966796875 0.0348968505859375 -0.00850868225097654
0.250778198242188 0.214584350585937 0.0832595825195313 -0.00865173339843749
0.244918823242188 0.1859130859375 0.0983810424804688 -0.028045654296875
0.285552978515625 0.1795654296875 0.108306884765625 -0.0200653076171875
0.262802124023438 0.214553833007812 0.119422912597656 -0.017333984375
0.164306640625 0.30755615234375 0.0669631958007813 -0.037353515625
0.061676025390625 0.357635498046875 0.0757064819335938 -0.0467071533203125
-0.181549072265625 0.345916748046875 0.124603271484375 -0.0645980834960937
-0.31561279296875 0.292999267578125 0.205825805664063 -0.06146240234375
-0.350494384765625 0.18988037109375 0.3355712890625 0.021820068359375
-0.436676025390625 0.161865234375 -0.0555267333984375 -0.143386840820313
-0.391357421875 0.1986083984375 0.00664520263671872 -0.0740890502929687
-0.33837890625 0.304168701171875 0.04071044921875 -0.0925369262695312
-0.1617431640625 0.375885009765625 0.031890869140625 -0.117813110351562
-0.00714111328125002 0.35211181640625 -0.0317153930664063 -0.108856201171875
0.185638427734375 0.3167724609375 -0.0324478149414062 -0.0793228149414062
0.2685546875 0.203964233398438 -0.0231513977050781 -0.064208984375
0.26312255859375 0.179901123046875 -0.0121498107910156 -0.064453125
0.306396484375 0.176849365234375 -0.00207138061523436 -0.0545921325683594
0.281021118164063 0.222244262695313 0.0262031555175781 -0.0668983459472656
0.172943115234375 0.32574462890625 7.62939453125025E-05 -0.079803466796875
0.062835693359375 0.37554931640625 0.0386886596679688 -0.074005126953125
-0.1942138671875 0.363189697265625 0.0969009399414062 -0.0539474487304687
-0.329681396484375 0.3189697265625 0.143966674804687 0.00341796875000002
-0.380645751953125 0.2181396484375 0.201751708984375 0.064605712890625
-0.392578125 0.19207763671875 -0.192001342773438 -0.086700439453125
-0.328155517578125 0.226959228515625 -0.0685577392578125 -0.0136947631835937
-0.25469970703125 0.3016357421875 0.0216903686523437 -0.0742874145507813
-0.0972900390625 0.336700439453125 0.0104141235351562 -0.13836669921875
0.0284423828125 0.29937744140625 -0.065338134765625 -0.149017333984375
0.188186645507813 0.263031005859375 -0.104034423828125 -0.131645202636719
0.24847412109375 0.162063598632813 -0.127395629882813 -0.105155944824219
0.240859985351563 0.145187377929687 -0.119911193847656 -0.0933837890625
0.278335571289063 0.147140502929688 -0.10845947265625 -0.0866851806640625
0.24853515625 0.192535400390625 -0.0641860961914062 -0.110595703125
0.14453125 0.288482666015625 -0.0570144653320313 -0.115776062011719
0.04693603515625 0.3233642578125 0.00468444824218751 -0.0912628173828125
-0.17291259765625 0.31317138671875 0.0645828247070312 -0.0312995910644531
-0.290008544921875 0.291259765625 0.069580078125 0.0709915161132813
-0.3450927734375 0.213897705078125 0.0530471801757812 0.108108520507813
-0.286041259765625 0.183502197265625 -0.315155029296875 -0.028778076171875
-0.22332763671875 0.198989868164062 -0.144912719726563 0.04266357421875
-0.15087890625 0.234848022460938 -0.00968551635742188 -0.0471115112304687
-0.039306640625 0.239654541015625 -0.027923583984375 -0.138824462890625
0.0440673828125 0.20513916015625 -0.100372314453125 -0.160171508789063
0.157012939453125 0.175308227539063 -0.1697998046875 -0.154296875
0.191192626953125 0.0990447998046875 -0.218170166015625 -0.125106811523438
0.185409545898438 0.0860748291015625 -0.210540771484375 -0.1080322265625
0.207656860351563 0.0925750732421875 -0.192977905273438 -0.1119384765625
0.177810668945313 0.1287841796875 -0.130767822265625 -0.145965576171875
0.0975494384765625 0.19659423828125 -0.0891494750976563 -0.13702392578125
0.0327606201171875 0.213302612304687 -0.0145721435546875 -0.0963516235351562
-0.112045288085938 0.216323852539063 0.0333652496337891 -0.00391578674316405
-0.195449829101562 0.227066040039063 -0.00611877441406251 0.125228881835938
-0.254608154296875 0.187408447265625 -0.083953857421875 0.144561767578125
-0.139396667480469 0.133979797363281 -0.4063720703125 0.0197448730468749
-0.100746154785156 0.118492126464844 -0.207977294921875 0.0825653076171875
-0.0538787841796875 0.118415832519531 -0.0462455749511719 -0.0165138244628906
-0.00440216064453124 0.1085205078125 -0.0680084228515625 -0.114509582519531
0.032318115234375 0.0911712646484375 -0.127838134765625 -0.146377563476563
0.0929107666015625 0.0753936767578125 -0.215606689453125 -0.148345947265625
0.102439880371094 0.0269088745117188 -0.278564453125 -0.117416381835938
0.099639892578125 0.014984130859375 -0.268234252929688 -0.10577392578125
0.109489440917969 0.0193557739257813 -0.241409301757812 -0.12469482421875
0.0928115844726562 0.037109375 -0.167007446289063 -0.162857055664063
0.0543365478515625 0.0709075927734375 -0.091461181640625 -0.142044067382812
0.03997802734375 0.0704803466796875 -0.0185470581054687 -0.0860443115234375
-0.00769042968749999 0.107437133789063 0.00721168518066406 0.0256500244140625
-0.0550537109375 0.153610229492187 -0.0691680908203125 0.162521362304688
-0.118804931640625 0.14898681640625 -0.19195556640625 0.170700073242188
-0.047943115234375 -0.115234375 0.200210571289063 -0.234756469726563
-0.138252258300781 -0.0763626098632813 0.0904083251953125 -0.194442749023438
-0.14990234375 0.016998291015625 -0.0211105346679688 -0.0452613830566406
-0.0968551635742187 0.0767364501953125 -0.00461196899414063 0.0659103393554688
-0.0480728149414063 0.0947418212890625 0.04888916015625 0.129112243652344
-0.00405120849609375 0.0909652709960938 0.170394897460938 0.147796630859375
0.0249786376953125 0.0756683349609375 0.271499633789063 0.104782104492188
0.0118560791015625 0.063079833984375 0.280563354492188 0.0617218017578125
0.00417709350585938 0.0497512817382812 0.283447265625 0.06646728515625
0.000989913940429688 0.0351352691650391 0.244873046875 0.107894897460938
0.00260353088378906 0.0218620300292969 0.169403076171875 0.08746337890625
0.000873565673828123 0.0267066955566406 0.1126708984375 0.0526351928710938
-0.0154151916503906 0.0133209228515625 0.124961853027344 -0.0183563232421875
-0.0257759094238281 -0.02691650390625 0.232574462890625 -0.121078491210938
0.0151748657226563 -0.0510902404785156 0.47174072265625 -0.026214599609375
-0.199752807617188 -0.0395660400390625 0.19573974609375 -0.241531372070313
-0.256317138671875 -0.00767517089843752 0.106475830078125 -0.194747924804688
-0.25372314453125 0.109848022460938 -0.00334167480468752 -0.0786056518554688
-0.148529052734375 0.19671630859375 0.000238418579101552 0.0191802978515625
-0.04461669921875 0.209732055664063 0.0224838256835937 0.0839920043945313
0.0682525634765625 0.193389892578125 0.137718200683594 0.114631652832031
0.127792358398438 0.138481140136719 0.239212036132813 0.0754241943359375
0.112541198730469 0.117057800292969 0.252426147460938 0.0283355712890625
0.122520446777344 0.105766296386719 0.257568359375 0.03216552734375
0.103599548339844 0.106956481933594 0.233901977539063 0.06158447265625
0.0662155151367187 0.128204345703125 0.156707763671875 0.041015625
0.0269927978515625 0.154769897460938 0.117576599121094 0.0128555297851563
-0.078887939453125 0.143508911132812 0.14105224609375 -0.0491943359375
-0.139595031738281 0.101844787597656 0.248016357421875 -0.133651733398438
-0.128028869628906 0.0432281494140625 0.480255126953125 -0.04534912109375
-0.31976318359375 0.0408325195312501 0.143966674804687 -0.2330322265625
-0.344970703125 0.069091796875 0.093841552734375 -0.177459716796875
-0.331024169921875 0.194366455078125 0.0177154541015625 -0.101165771484375
-0.181365966796875 0.293701171875 0.0108852386474609 -0.0347347259521484
-0.039154052734375 0.29888916015625 0.00271797180175781 0.0193519592285156
0.1312255859375 0.268951416015625 0.0866470336914063 0.0556869506835938
0.209579467773438 0.1820068359375 0.169921875 0.0305938720703125
0.195709228515625 0.154052734375 0.18487548828125 -0.00610351562499999
0.22210693359375 0.143783569335938 0.194107055664063 -0.00154113769531249
0.1995849609375 0.160629272460937 0.190597534179688 0.0108795166015625
0.1309814453125 0.224884033203125 0.120864868164063 -0.00502014160156249
0.058929443359375 0.26934814453125 0.105827331542969 -0.0238494873046875
-0.124618530273438 0.263809204101563 0.142776489257813 -0.0690765380859375
-0.23077392578125 0.220321655273437 0.24017333984375 -0.11932373046875
-0.249069213867188 0.132980346679688 0.4329833984375 -0.04156494140625
-0.39776611328125 0.1197509765625 0.0516510009765625 -0.202743530273437
-0.38189697265625 0.147979736328125 0.0574493408203125 -0.14105224609375
-0.34881591796875 0.268341064453125 0.0303115844726562 -0.108833312988281
-0.17718505859375 0.3604736328125 0.0214996337890625 -0.0888824462890625
-0.017059326171875 0.346893310546875 -0.017181396484375 -0.0492630004882812
0.17633056640625 0.305267333984375 0.0268497467041016 -0.0144863128662109
0.260116577148437 0.196731567382813 0.0737075805664063 -0.0205154418945312
0.25177001953125 0.168502807617188 0.0903396606445313 -0.042877197265625
0.290985107421875 0.157501220703125 0.101127624511719 -0.0343475341796875
0.26904296875 0.190643310546875 0.115287780761719 -0.0352935791015625
0.177978515625 0.28948974609375 0.0627365112304688 -0.052154541015625
0.0849609375 0.34478759765625 0.075408935546875 -0.0574798583984375
-0.15447998046875 0.346099853515625 0.128173828125 -0.0770492553710937
-0.28765869140625 0.304290771484375 0.203628540039062 -0.0763397216796875
-0.329986572265625 0.201171875 0.3365478515625 -0.00817871093749999
-0.412506103515625 0.185791015625 -0.0668487548828125 -0.155029296875
-0.36749267578125 0.21673583984375 0.00198364257812498 -0.08685302734375
-0.307281494140625 0.3197021484375 0.0303802490234375 -0.105300903320312
-0.131439208984375 0.376190185546875 0.0185394287109375 -0.1278076171875
0.01776123046875 0.34259033203125 -0.0440521240234375 -0.111076354980469
0.201995849609375 0.29498291015625 -0.0421676635742187 -0.0804367065429687
0.274490356445313 0.179977416992188 -0.0320472717285156 -0.0693359375
0.268722534179688 0.154983520507813 -0.0190811157226562 -0.0719528198242187
0.31121826171875 0.15008544921875 -0.00841140747070311 -0.0601234436035156
0.2867431640625 0.19415283203125 0.0175628662109375 -0.080108642578125
0.19122314453125 0.304779052734375 -0.00766754150390624 -0.08697509765625
0.089263916015625 0.36346435546875 0.036407470703125 -0.0830230712890625
-0.163177490234375 0.369384765625 0.0993118286132812 -0.06591796875
-0.296173095703125 0.33465576171875 0.14495849609375 -0.0121612548828125
-0.355438232421875 0.23529052734375 0.20819091796875 0.0394287109375
-0.367523193359375 0.219268798828125 -0.194625854492188 -0.0890655517578125
-0.302459716796875 0.247589111328125 -0.0686531066894532 -0.0226020812988281
-0.221710205078125 0.314483642578125 0.0162124633789062 -0.083465576171875
-0.06610107421875 0.335784912109375 -0.00523376464843749 -0.14874267578125
0.05303955078125 0.2869873046875 -0.0777435302734375 -0.14703369140625
0.203536987304688 0.237045288085938 -0.11669921875 -0.127723693847656
0.253662109375 0.135787963867187 -0.135795593261719 -0.102256774902344
0.243606567382812 0.121795654296875 -0.127769470214844 -0.0900955200195313
0.279434204101563 0.121063232421875 -0.114105224609375 -0.0857086181640625
0.252365112304688 0.163284301757813 -0.0716781616210938 -0.11614990234375
0.163070678710937 0.265411376953125 -0.0659866333007812 -0.115180969238281
0.07415771484375 0.308563232421875 0.00198364257812499 -0.0958480834960937
-0.1427001953125 0.3194580078125 0.0677757263183594 -0.0424079895019531
-0.257568359375 0.306396484375 0.0763931274414062 0.0577621459960938
-0.3209228515625 0.233551025390625 0.0654678344726562 0.093719482421875
-0.263412475585937 0.209884643554688 -0.312347412109375 -0.02166748046875
-0.201934814453125 0.2193603515625 -0.137351989746094 0.0376052856445312
-0.12091064453125 0.24517822265625 -0.0169105529785156 -0.0574607849121094
-0.01220703125 0.237380981445313 -0.0432586669921875 -0.141937255859375
0.063018798828125 0.192779541015625 -0.112472534179687 -0.152984619140625
0.168838500976563 0.151840209960938 -0.177322387695312 -0.142059326171875
0.192703247070313 0.0737457275390625 -0.222488403320313 -0.113174438476563
0.182693481445312 0.0634307861328125 -0.21453857421875 -0.09814453125
0.206329345703125 0.068450927734375 -0.198028564453125 -0.103561401367187
0.180923461914063 0.103958129882812 -0.14129638671875 -0.14190673828125
0.111740112304687 0.177658081054687 -0.098236083984375 -0.132896423339844
0.0525360107421875 0.198074340820313 -0.0170211791992187 -0.098602294921875
-0.0862579345703125 0.218231201171875 0.038970947265625 -0.0127525329589844
-0.163436889648437 0.23992919921875 0.00955200195312499 0.117500305175781
-0.23333740234375 0.207366943359375 -0.0692062377929688 0.138587951660156
-0.125152587890625 0.154815673828125 -0.40045166015625 0.034515380859375
-0.0876922607421875 0.134384155273438 -0.199981689453125 0.0850677490234375
-0.0343551635742188 0.129440307617188 -0.0510101318359375 -0.0218124389648437
0.0144424438476563 0.107551574707031 -0.0803604125976562 -0.112960815429688
0.0451736450195313 0.0820846557617188 -0.13818359375 -0.132423400878906
0.101692199707031 0.056915283203125 -0.221221923828125 -0.132156372070312
0.102828979492188 0.00891876220703125 -0.280746459960938 -0.09832763671875
0.097564697265625 -0.00104522705078125 -0.27008056640625 -0.089599609375
0.104118347167969 0.000640869140625 -0.245620727539062 -0.111434936523437
0.0894546508789063 0.0176773071289063 -0.17095947265625 -0.155426025390625
0.062103271484375 0.0550537109375 -0.0973587036132813 -0.135978698730469
0.0501213073730469 0.0596885681152344 -0.02105712890625 -0.088043212890625
0.0122451782226562 0.105690002441406 0.0150737762451172 0.0197582244873047
-0.03094482421875 0.160903930664063 -0.05035400390625 0.159652709960938
-0.100341796875 0.162841796875 -0.171600341796875 0.174530029296875
-0.0609207153320312 -0.124595642089844 0.177154541015625 -0.236373901367188
-0.156097412109375 -0.0701446533203125 0.0732879638671875 -0.188980102539063
-0.15826416015625 0.0299224853515625 -0.0273971557617188 -0.0417900085449219
-0.0981063842773438 0.0902328491210938 -0.00476455688476564 0.0672607421875
-0.0424041748046875 0.107063293457031 0.0483551025390625 0.123687744140625
0.0068359375 0.101081848144531 0.167709350585938 0.139862060546875
0.0365982055664063 0.08160400390625 0.266250610351563 0.092529296875
0.0191841125488281 0.0697784423828125 0.2730712890625 0.050323486328125
0.0119514465332031 0.0596427917480469 0.274703979492188 0.0537109375
9.15527343750005E-05 0.0436668395996094 0.240951538085938 0.090789794921875
-0.00609588623046875 0.0266971588134766 0.170211791992187 0.07281494140625
-0.00913047790527343 0.0273704528808594 0.1162109375 0.0437088012695312
-0.0243721008300781 0.0023193359375 0.126899719238281 -0.01544189453125
-0.0325775146484375 -0.0384063720703125 0.223800659179688 -0.115692138671875
0.00930404663085937 -0.0657424926757813 0.46466064453125 -0.03741455078125
-0.20208740234375 -0.0453338623046875 0.173660278320313 -0.245803833007813
-0.263092041015625 -0.000350952148437517 0.0877532958984375 -0.1947021484375
-0.258468627929687 0.121353149414063 -0.00944519042968751 -0.078094482421875
-0.142868041992188 0.2080078125 -0.00543212890625001 0.0164518356323242
-0.035247802734375 0.2176513671875 0.01898193359375 0.0789031982421875
0.08013916015625 0.194290161132813 0.130683898925781 0.107147216796875
0.13653564453125 0.138221740722656 0.227066040039063 0.0626068115234375
0.117256164550781 0.118812561035156 0.24151611328125 0.0162200927734375
0.125045776367188 0.108322143554688 0.248153686523438 0.017364501953125
0.101829528808594 0.106491088867188 0.229095458984375 0.0433807373046875
0.0609664916992187 0.12896728515625 0.156112670898437 0.0269927978515625
0.024444580078125 0.148941040039063 0.120903015136719 0.00383758544921876
-0.076385498046875 0.133308410644531 0.14404296875 -0.052734375
-0.137619018554688 0.0912933349609375 0.243026733398438 -0.136428833007813
-0.124870300292969 0.0326004028320313 0.471923828125 -0.064208984375
-0.314056396484375 0.038848876953125 0.120513916015625 -0.241424560546875
-0.341156005859375 0.072784423828125 0.0769042968749999 -0.18170166015625
-0.323883056640625 0.201751708984375 0.00717926025390624 -0.104423522949219
-0.17193603515625 0.300445556640625 0.000419616699218735 -0.0395584106445312
-0.02862548828125 0.30029296875 -0.00498390197753907 0.0147075653076172
0.13958740234375 0.26385498046875 0.0776214599609375 0.0498580932617188
0.214141845703125 0.17462158203125 0.1573486328125 0.02069091796875
0.1981201171875 0.149185180664063 0.173812866210938 -0.018951416015625
0.224136352539062 0.1365966796875 0.184417724609375 -0.0163421630859375
0.196762084960938 0.151840209960938 0.182876586914063 -0.00625610351562499
0.131149291992187 0.217010498046875 0.117774963378906 -0.0193939208984375
0.063934326171875 0.257293701171875 0.106674194335938 -0.036712646484375
-0.116119384765625 0.253662109375 0.14520263671875 -0.0790863037109375
-0.218643188476562 0.212005615234375 0.23614501953125 -0.126480102539063
-0.238128662109375 0.12628173828125 0.42572021484375 -0.06292724609375
-0.380523681640625 0.123992919921875 0.033050537109375 -0.21453857421875
-0.370330810546875 0.15313720703125 0.0429534912109375 -0.14898681640625
-0.332244873046875 0.272796630859375 0.0204238891601562 -0.115585327148437
-0.160858154296875 0.358001708984375 0.00778961181640625 -0.09423828125
-0.00643920898437498 0.3409423828125 -0.02825927734375 -0.0528831481933594
0.184234619140625 0.2926025390625 0.0157737731933594 -0.0176563262939453
0.262069702148438 0.184066772460938 0.0647392272949219 -0.0277671813964844
0.2498779296875 0.156585693359375 0.078765869140625 -0.0522613525390625
0.288848876953125 0.14459228515625 0.0911865234375 -0.0458984375
0.263885498046875 0.175308227539063 0.104705810546875 -0.0522689819335937
0.184249877929688 0.273529052734375 0.0557899475097656 -0.0629501342773437
0.09442138671875 0.33050537109375 0.0757522583007813 -0.0697555541992187
-0.13861083984375 0.3375244140625 0.129318237304688 -0.0882797241210937
-0.267333984375 0.299591064453125 0.201522827148437 -0.08837890625
-0.311676025390625 0.200103759765625 0.333221435546875 -0.03192138671875
-0.39093017578125 0.19390869140625 -0.0803375244140625 -0.166168212890625
-0.34820556640625 0.22119140625 -0.00787353515625002 -0.096923828125
-0.28460693359375 0.317626953125 0.022216796875 -0.112129211425781
-0.11126708984375 0.368072509765625 0.004180908203125 -0.135597229003906
0.0286865234375 0.330291748046875 -0.055511474609375 -0.11285400390625
0.208511352539062 0.275299072265625 -0.0524520874023437 -0.0810775756835937
0.273605346679688 0.163543701171875 -0.0395736694335938 -0.071929931640625
0.264358520507813 0.140945434570313 -0.0269088745117187 -0.0771255493164062
0.305450439453125 0.132110595703125 -0.0168075561523437 -0.0691642761230469
0.28289794921875 0.172027587890625 0.0102691650390625 -0.0904693603515625
0.19744873046875 0.28656005859375 -0.0145645141601562 -0.0953521728515625
0.101959228515625 0.34527587890625 0.0345687866210938 -0.0922393798828125
-0.141937255859375 0.361907958984375 0.102066040039062 -0.0785064697265625
-0.27215576171875 0.333587646484375 0.14703369140625 -0.0252532958984375
-0.33343505859375 0.2384033203125 0.20892333984375 0.0191192626953125
-0.34112548828125 0.2298583984375 -0.199630737304688 -0.09918212890625
-0.276443481445313 0.253570556640625 -0.0701828002929688 -0.0341377258300781
-0.193939208984375 0.31195068359375 0.00676727294921874 -0.0948562622070312
-0.04364013671875 0.32177734375 -0.01947021484375 -0.153549194335937
0.0617828369140625 0.26922607421875 -0.0875244140625 -0.14593505859375
0.207168579101563 0.214736938476563 -0.121505737304687 -0.122314453125
0.248977661132812 0.118621826171875 -0.140205383300781 -0.0994033813476563
0.23822021484375 0.102447509765625 -0.131637573242188 -0.0926055908203125
0.272354125976563 0.101165771484375 -0.120094299316406 -0.0869674682617188
0.247467041015625 0.140716552734375 -0.0793914794921875 -0.119987487792969
0.170135498046875 0.245254516601563 -0.0734405517578125 -0.118988037109375
0.08734130859375 0.29193115234375 -0.00077819824218749 -0.101470947265625
-0.118743896484375 0.3125 0.0699195861816406 -0.0539512634277343
-0.229522705078125 0.30810546875 0.0805892944335937 0.04449462890625
-0.2984619140625 0.2410888671875 0.0705490112304687 0.07598876953125
-0.2425537109375 0.223068237304688 -0.310882568359375 -0.0252685546875
-0.177291870117188 0.227096557617187 -0.133636474609375 0.027374267578125
-0.09649658203125 0.245742797851563 -0.0225830078125 -0.0654296875
0.0077667236328125 0.225234985351563 -0.055999755859375 -0.143600463867188
0.073883056640625 0.176116943359375 -0.120574951171875 -0.145797729492188
0.17095947265625 0.130538940429688 -0.179824829101563 -0.133941650390625
0.187301635742188 0.0568389892578125 -0.22454833984375 -0.10528564453125
0.177688598632813 0.0479278564453125 -0.216293334960938 -0.09344482421875
0.196762084960938 0.0500946044921875 -0.200241088867188 -0.0992889404296875
0.1734619140625 0.082794189453125 -0.145050048828125 -0.14080810546875
0.115676879882813 0.157608032226562 -0.103225708007812 -0.131271362304688
0.0638580322265625 0.181304931640625 -0.020294189453125 -0.101371765136719
-0.0628204345703125 0.21295166015625 0.0408287048339844 -0.0210037231445312
-0.13665771484375 0.240707397460937 0.0149765014648438 0.106712341308594
-0.20843505859375 0.214813232421875 -0.058013916015625 0.128746032714844
-0.110427856445312 0.169509887695313 -0.3944091796875 0.03924560546875
-0.0714874267578125 0.145233154296875 -0.192886352539063 0.0784149169921875
-0.0162582397460938 0.132675170898438 -0.0577011108398437 -0.0278129577636719
0.0289306640625 0.10235595703125 -0.0913314819335937 -0.109672546386719
0.0553436279296875 0.0720367431640625 -0.142959594726563 -0.122451782226563
0.102523803710938 0.04058837890625 -0.219528198242187 -0.118637084960938
0.0955657958984375 -0.00745391845703125 -0.277099609375 -0.0878448486328124
0.0887527465820312 -0.015777587890625 -0.26690673828125 -0.080169677734375
0.0946273803710937 -0.0133132934570313 -0.243621826171875 -0.101959228515625
0.0815887451171875 0.00270843505859375 -0.17510986328125 -0.1470947265625
0.0621376037597656 0.0385093688964844 -0.0996475219726563 -0.130607604980469
0.0571365356445313 0.0427513122558594 -0.0214004516601562 -0.0876312255859375
0.0298004150390625 0.09564208984375 0.0210323333740234 0.0144252777099609
-0.00682067871093748 0.159149169921875 -0.0389556884765625 0.151123046875
-0.080291748046875 0.170791625976562 -0.154998779296875 0.17266845703125
-0.0771865844726563 -0.135353088378906 0.162551879882813 -0.230941772460937
-0.171554565429688 -0.0628662109375 0.0621795654296875 -0.180831909179687
-0.16748046875 0.0428466796875 -0.0299339294433594 -0.0381393432617188
-0.0990447998046875 0.105735778808594 -0.00695037841796875 0.0689544677734375
-0.0353012084960938 0.120323181152344 0.0451889038085937 0.123809814453125
0.0187149047851563 0.109664916992187 0.164840698242188 0.139678955078125
0.0492324829101563 0.0875244140625 0.262237548828125 0.0891265869140625
0.0279006958007813 0.0768508911132813 0.267822265625 0.045928955078125
0.0189666748046875 0.0691108703613281 0.267990112304687 0.04913330078125
0.00189208984375 0.0534324645996094 0.236862182617188 0.082427978515625
-0.0125770568847656 0.0358009338378906 0.16876220703125 0.0621795654296875
-0.0201377868652344 0.0297279357910156 0.121559143066406 0.0397415161132812
-0.0364265441894531 -0.00540924072265625 0.133026123046875 -0.0127182006835938
-0.0446357727050781 -0.0502090454101562 0.225601196289063 -0.10858154296875
0.0020599365234375 -0.0806808471679688 0.466705322265625 -0.038604736328125
-0.212783813476563 -0.0554046630859375 0.15570068359375 -0.24615478515625
-0.275848388671875 0.00442504882812497 0.074920654296875 -0.190032958984375
-0.264556884765625 0.132003784179687 -0.0158920288085938 -0.0762252807617187
-0.141876220703125 0.220611572265625 -0.0116090774536133 0.0165596008300781
-0.0292816162109375 0.227828979492188 0.0117263793945313 0.0780105590820313
0.09124755859375 0.200042724609375 0.123756408691406 0.106307983398438
0.14617919921875 0.140762329101563 0.22149658203125 0.0595703125
0.122734069824219 0.122337341308594 0.232772827148438 0.01092529296875
0.129859924316406 0.11370849609375 0.239166259765625 0.010833740234375
0.100624084472656 0.111396789550781 0.222396850585938 0.0316162109375
0.0557708740234375 0.133308410644531 0.152603149414063 0.0150909423828125
0.0169677734375 0.147171020507813 0.123466491699219 -0.00551605224609374
-0.0852890014648438 0.123451232910156 0.150222778320313 -0.056243896484375
-0.143722534179688 0.0792236328125 0.244766235351563 -0.134750366210938
-0.128494262695312 0.0171737670898438 0.471343994140625 -0.072418212890625
-0.317352294921875 0.030059814453125 0.10113525390625 -0.246017456054687
-0.347808837890625 0.0738830566406249 0.0631103515625 -0.182235717773438
-0.32672119140625 0.207122802734375 -0.000648498535156264 -0.106292724609375
-0.16973876953125 0.30657958984375 -0.00908279418945313 -0.0428428649902344
-0.023406982421875 0.304931640625 -0.0159101486206055 0.0139312744140625
0.147781372070313 0.264602661132813 0.0675392150878906 0.0491218566894531
0.220474243164063 0.17327880859375 0.1478271484375 0.0166015625
0.20123291015625 0.1492919921875 0.163314819335938 -0.0265045166015625
0.2259521484375 0.137252807617188 0.174591064453125 -0.0243377685546875
0.194290161132812 0.151443481445312 0.173919677734375 -0.0189056396484375
0.127914428710938 0.216323852539063 0.110870361328125 -0.0323104858398437
0.0598907470703125 0.253067016601563 0.107833862304687 -0.0478591918945312
-0.119720458984375 0.244903564453125 0.149826049804688 -0.0874786376953125
-0.2196044921875 0.202621459960938 0.237060546875 -0.132156372070313
-0.236495971679688 0.113845825195312 0.423614501953125 -0.07623291015625
-0.37481689453125 0.11773681640625 0.013458251953125 -0.223739624023438
-0.36932373046875 0.150634765625 0.0291900634765625 -0.15447998046875
-0.329681396484375 0.2718505859375 0.0104522705078125 -0.120903015136719
-0.156951904296875 0.357635498046875 -0.0049896240234375 -0.0991668701171875
-0.00311279296874998 0.34014892578125 -0.0401458740234375 -0.0558395385742187
0.187347412109375 0.287994384765625 0.00453758239746095 -0.0181808471679687
0.263839721679688 0.180618286132813 0.0533981323242188 -0.0317878723144531
0.24847412109375 0.153350830078125 0.0686759948730469 -0.0589370727539062
0.2877197265625 0.14141845703125 0.08123779296875 -0.05419921875
0.260223388671875 0.169769287109375 0.0943756103515625 -0.064697265625
0.182418823242188 0.26873779296875 0.0481033325195313 -0.0731658935546875
0.09466552734375 0.323883056640625 0.074127197265625 -0.0816268920898437
-0.13677978515625 0.33050537109375 0.131912231445313 -0.10064697265625
-0.2623291015625 0.292388916015625 0.201202392578125 -0.0978240966796875
-0.30615234375 0.191131591796875 0.33135986328125 -0.04913330078125
-0.377777099609375 0.191436767578125 -0.095611572265625 -0.177810668945313
-0.3385009765625 0.22003173828125 -0.0192947387695313 -0.107231140136719
-0.274017333984375 0.313446044921875 0.0120315551757812 -0.120559692382812
-0.103851318359375 0.361328125 -0.010955810546875 -0.142288208007812
0.030792236328125 0.32293701171875 -0.06634521484375 -0.115196228027344
0.208404541015625 0.26507568359375 -0.0632781982421875 -0.08148193359375
0.270355224609375 0.156173706054688 -0.0496139526367187 -0.0749588012695313
0.25970458984375 0.133804321289063 -0.0372695922851562 -0.0827178955078125
0.300689697265625 0.125274658203125 -0.0261001586914062 -0.0747299194335937
0.276458740234375 0.161788940429687 -0.000640869140624981 -0.10003662109375
0.197799682617188 0.275390625 -0.02349853515625 -0.103263854980469
0.106781005859375 0.33453369140625 0.0321273803710938 -0.102874755859375
-0.13311767578125 0.354705810546875 0.102287292480469 -0.0920944213867187
-0.26171875 0.328765869140625 0.145980834960937 -0.0373992919921875
-0.323150634765625 0.23394775390625 0.206710815429688 0.00108337402343751
-0.325653076171875 0.23492431640625 -0.211807250976563 -0.110809326171875
-0.26275634765625 0.252273559570313 -0.077667236328125 -0.0474166870117188
-0.17779541015625 0.307281494140625 -0.00276947021484377 -0.10498046875
-0.03302001953125 0.31024169921875 -0.032928466796875 -0.159286499023437
0.0648193359375 0.258148193359375 -0.0965728759765625 -0.145721435546875
0.203842163085937 0.200942993164063 -0.127861022949219 -0.1217041015625
0.241546630859375 0.107498168945312 -0.1470947265625 -0.101608276367188
0.230865478515625 0.0934295654296875 -0.138908386230469 -0.0955734252929688
0.264694213867188 0.0907745361328125 -0.12677001953125 -0.0911636352539062
0.23992919921875 0.129470825195313 -0.0894622802734375 -0.126495361328125
0.170059204101563 0.2320556640625 -0.081268310546875 -0.122795104980469
0.092010498046875 0.278961181640625 -0.00497436523437499 -0.110786437988281
-0.107513427734375 0.30517578125 0.07000732421875 -0.0663414001464844
-0.212921142578125 0.305450439453125 0.080780029296875 0.033050537109375
-0.285369873046875 0.241485595703125 0.0708770751953125 0.0593338012695313
-0.224319458007813 0.231948852539063 -0.3167724609375 -0.035491943359375
-0.160476684570313 0.229690551757813 -0.138374328613281 0.013641357421875
-0.0773468017578125 0.242645263671875 -0.0322418212890625 -0.0761566162109375
0.0210113525390625 0.214218139648438 -0.0682830810546875 -0.14642333984375
0.0782470703125 0.16387939453125 -0.126510620117187 -0.142974853515625
0.168472290039063 0.114273071289063 -0.182373046875 -0.130950927734375
0.178192138671875 0.0440216064453125 -0.227218627929688 -0.1053466796875
0.167755126953125 0.037139892578125 -0.220367431640625 -0.094879150390625
0.186187744140625 0.0396728515625 -0.204391479492187 -0.101394653320313
0.163070678710938 0.069976806640625 -0.151260375976563 -0.143508911132813
0.114105224609375 0.143035888671875 -0.107955932617187 -0.133872985839844
0.06658935546875 0.166580200195313 -0.0236587524414063 -0.10791015625
-0.0487060546875 0.202407836914063 0.0435791015625 -0.0316581726074219
-0.117050170898438 0.236892700195313 0.01776123046875 0.0953750610351563
-0.192764282226563 0.217727661132812 -0.0541915893554688 0.114738464355469
-0.094146728515625 0.181915283203125 -0.3963623046875 0.0333251953125001
-0.05731201171875 0.15277099609375 -0.195144653320312 0.067962646484375
0.00101470947265625 0.133247375488281 -0.066314697265625 -0.0346412658691406
0.0417251586914062 0.0937118530273438 -0.10247802734375 -0.1080322265625
0.0609703063964844 0.0606918334960938 -0.145553588867188 -0.115982055664063
0.100776672363281 0.025482177734375 -0.21734619140625 -0.113128662109375
0.0874099731445313 -0.0190963745117188 -0.275222778320313 -0.0843963623046875
0.07891845703125 -0.0251083374023438 -0.267166137695313 -0.0776519775390626
0.0819778442382813 -0.02313232421875 -0.243698120117188 -0.102127075195313
0.0705795288085938 -0.0087432861328125 -0.177261352539063 -0.147720336914062
0.0578842163085938 0.0234375 -0.101676940917969 -0.131309509277344
0.05877685546875 0.0269584655761719 -0.0210952758789062 -0.0924606323242188
0.04345703125 0.0852279663085938 0.0246162414550781 0.0062713623046875
0.0139007568359375 0.154861450195313 -0.0325164794921875 0.1416015625
-0.0631256103515625 0.175445556640625 -0.14654541015625 0.163482666015625
-0.0991973876953125 -0.144317626953125 0.15533447265625 -0.225067138671875
-0.190399169921875 -0.052001953125 0.0571746826171875 -0.173171997070312
-0.1776123046875 0.060516357421875 -0.0327548980712891 -0.0343170166015625
-0.0980072021484375 0.125129699707031 -0.00732421875 0.0733566284179688
-0.0259017944335937 0.134941101074219 0.043731689453125 0.12774658203125
0.0350494384765625 0.118453979492188 0.165786743164062 0.1439208984375
0.0647506713867188 0.0925369262695313 0.264999389648438 0.0900726318359375
0.0395278930664063 0.0836944580078125 0.267349243164063 0.0457000732421875
0.0302505493164062 0.0780792236328125 0.267471313476563 0.0478515625
0.00710296630859375 0.0647926330566406 0.2366943359375 0.07659912109375
-0.0159149169921875 0.0480537414550781 0.169281005859375 0.0544586181640625
-0.0305519104003906 0.0368385314941406 0.128662109375 0.0349502563476562
-0.0531845092773438 -0.0100288391113281 0.143707275390625 -0.0128936767578125
-0.0621986389160156 -0.0592155456542969 0.23553466796875 -0.10400390625
-0.0118942260742187 -0.0967254638671875 0.480133056640625 -0.03875732421875
-0.232070922851563 -0.0647735595703125 0.141845703125 -0.244491577148438
-0.294189453125 0.013397216796875 0.0667572021484375 -0.185256958007813
-0.275558471679687 0.14794921875 -0.0224609375 -0.07537841796875
-0.141860961914062 0.239089965820313 -0.0180416107177734 0.018798828125
-0.0201568603515625 0.242706298828125 0.00477600097656251 0.0810012817382813
0.10711669921875 0.208023071289063 0.119216918945313 0.110862731933594
0.16180419921875 0.144927978515625 0.218338012695312 0.06011962890625
0.13409423828125 0.129180908203125 0.227615356445312 0.00740051269531251
0.140884399414063 0.120773315429688 0.23492431640625 0.00672912597656251
0.104202270507812 0.121177673339844 0.2186279296875 0.0230712890625
0.053253173828125 0.144012451171875 0.149749755859375 0.00434875488281251
0.00862121582031252 0.15277099609375 0.127738952636719 -0.015380859375
-0.0994110107421875 0.119407653808594 0.159393310546875 -0.0634918212890625
-0.158599853515625 0.0714111328125 0.252899169921875 -0.137466430664063
-0.140380859375 0.00194549560546878 0.480255126953125 -0.081817626953125
-0.331817626953125 0.0213623046875001 0.082916259765625 -0.2489013671875
-0.3624267578125 0.07843017578125 0.050201416015625 -0.180770874023438
-0.33782958984375 0.21795654296875 -0.00986480712890627 -0.108146667480469
-0.17010498046875 0.32183837890625 -0.0208740234375 -0.0438919067382812
-0.018585205078125 0.317291259765625 -0.0277938842773438 0.0150871276855469
0.1600341796875 0.270217895507813 0.0586166381835938 0.0536880493164063
0.233016967773438 0.177352905273438 0.140357971191406 0.016754150390625
0.209579467773438 0.1536865234375 0.154312133789063 -0.0303955078125
0.23541259765625 0.142105102539063 0.166336059570313 -0.030242919921875
0.197174072265625 0.157470703125 0.165298461914063 -0.0294342041015625
0.127471923828125 0.223678588867188 0.104072570800781 -0.0431900024414062
0.05523681640625 0.256744384765625 0.108512878417969 -0.0612869262695312
-0.129684448242187 0.242431640625 0.155807495117188 -0.100601196289062
-0.230545043945313 0.197189331054687 0.242218017578125 -0.141372680664063
-0.246444702148438 0.101409912109375 0.42913818359375 -0.0906982421875
-0.3817138671875 0.11181640625 -0.00772094726562501 -0.2315673828125
-0.37896728515625 0.151763916015625 0.01446533203125 -0.159286499023438
-0.337677001953125 0.277191162109375 -0.000999450683593782 -0.127349853515625
-0.157562255859375 0.36553955078125 -0.0204620361328125 -0.103462219238281
-0.00122070312500003 0.34765625 -0.054931640625 -0.0562019348144531
0.194793701171875 0.29071044921875 -0.00675678253173827 -0.016204833984375
0.271041870117188 0.181320190429687 0.0429916381835938 -0.033203125
0.254180908203125 0.155349731445313 0.0568733215332031 -0.0641098022460937
0.294158935546875 0.143218994140625 0.0705795288085938 -0.0600051879882812
0.261367797851563 0.171127319335938 0.0829238891601563 -0.0758132934570313
0.1846923828125 0.27154541015625 0.0375442504882813 -0.0836944580078125
0.09521484375 0.32525634765625 0.0710830688476563 -0.0961151123046875
-0.14105224609375 0.330780029296875 0.13397216796875 -0.1160888671875
-0.26715087890625 0.29193115234375 0.203765869140625 -0.110549926757812
-0.310943603515625 0.183349609375 0.333099365234375 -0.067108154296875
-0.376007080078125 0.189697265625 -0.11865234375 -0.189956665039063
-0.339141845703125 0.21893310546875 -0.0355758666992188 -0.117195129394531
-0.27490234375 0.313079833984375 -0.00129699707031253 -0.1298828125
-0.102508544921875 0.361907958984375 -0.0274658203125 -0.147903442382812
0.030487060546875 0.323760986328125 -0.0814132690429688 -0.116592407226563
0.2103271484375 0.262283325195313 -0.0753707885742187 -0.0810546875
0.27252197265625 0.154647827148438 -0.06195068359375 -0.0773391723632813
0.2606201171875 0.133316040039062 -0.0507125854492188 -0.0880279541015625
0.302703857421875 0.12408447265625 -0.0381240844726562 -0.0811996459960937
0.275146484375 0.159561157226563 -0.014862060546875 -0.1099853515625
0.200454711914063 0.273239135742188 -0.0356597900390625 -0.111381530761719
0.10968017578125 0.3331298828125 0.025665283203125 -0.116493225097656
-0.1324462890625 0.35418701171875 0.10137939453125 -0.108024597167969
-0.2596435546875 0.329681396484375 0.145034790039062 -0.0506439208984375
-0.324249267578125 0.2310791015625 0.205596923828125 -0.016876220703125
-0.3157958984375 0.2374267578125 -0.232635498046875 -0.12451171875
-0.25482177734375 0.25323486328125 -0.092376708984375 -0.0612716674804688
-0.17059326171875 0.3037109375 -0.0170974731445312 -0.115966796875
-0.028533935546875 0.30389404296875 -0.0504608154296875 -0.165084838867187
0.0649261474609375 0.25286865234375 -0.109619140625 -0.14678955078125
0.202072143554687 0.192947387695312 -0.137741088867187 -0.122901916503906
0.23834228515625 0.102157592773438 -0.15899658203125 -0.104415893554687
0.22698974609375 0.0897064208984375 -0.152053833007813 -0.100265502929687
0.261001586914063 0.0866851806640625 -0.13946533203125 -0.0961151123046875
0.234329223632813 0.1229248046875 -0.102874755859375 -0.134101867675781
0.17041015625 0.225433349609375 -0.0922470092773438 -0.129203796386719
0.0943756103515625 0.272171020507813 -0.0118560791015625 -0.122268676757812
-0.1014404296875 0.3028564453125 0.0680313110351563 -0.0801467895507812
-0.20361328125 0.30499267578125 0.0786361694335937 0.0208969116210938
-0.27886962890625 0.241470336914063 0.0678558349609375 0.0434989929199219
-0.210662841796875 0.241470336914063 -0.3359375 -0.045623779296875
-0.148101806640625 0.233474731445312 -0.152297973632813 0.000228881835937495
-0.0632476806640625 0.239547729492188 -0.0461578369140625 -0.0849990844726563
0.02996826171875 0.204513549804687 -0.0833892822265625 -0.148452758789063
0.079254150390625 0.153594970703125 -0.134963989257813 -0.141815185546875
0.164520263671875 0.1025390625 -0.188156127929688 -0.131271362304688
0.1700439453125 0.036041259765625 -0.235427856445313 -0.106842041015625
0.159378051757813 0.031005859375 -0.230224609375 -0.0979156494140625
0.17681884765625 0.0340423583984375 -0.21435546875 -0.104690551757812
0.152847290039063 0.0621337890625 -0.16363525390625 -0.1490478515625
0.110076904296875 0.132232666015625 -0.117408752441406 -0.138229370117188
0.0677337646484375 0.1549072265625 -0.0287704467773438 -0.116966247558594
-0.0391082763671875 0.195022583007813 0.0422706604003906 -0.0434913635253906
-0.102188110351563 0.23394775390625 0.0170822143554687 0.085113525390625
-0.181106567382813 0.220504760742188 -0.0566329956054688 0.10284423828125
-0.077789306640625 0.194183349609375 -0.411865234375 0.029052734375
-0.04205322265625 0.160125732421875 -0.207260131835938 0.0585174560546875
0.0191421508789063 0.132698059082031 -0.0804519653320313 -0.0395965576171875
0.0534744262695313 0.0847091674804688 -0.114738464355469 -0.10614013671875
0.0655899047851563 0.0496101379394531 -0.150650024414063 -0.111648559570312
0.09710693359375 0.0110626220703125 -0.219085693359375 -0.111846923828125
0.0759048461914063 -0.0304412841796875 -0.280441284179688 -0.0857086181640625
0.0677642822265625 -0.0333671569824219 -0.273483276367188 -0.079620361328125
0.0686492919921875 -0.0300750732421875 -0.251266479492188 -0.104736328125
0.0572738647460938 -0.0169448852539063 -0.184188842773438 -0.151779174804687
0.0504531860351563 0.0107154846191406 -0.106620788574219 -0.135414123535156
0.0562362670898438 0.0106964111328125 -0.0243301391601563 -0.0997848510742187
0.054962158203125 0.0719223022460938 0.0264492034912109 -0.0027008056640625
0.033966064453125 0.14825439453125 -0.0304107666015625 0.134078979492188
-0.0456695556640625 0.179855346679687 -0.145416259765625 0.15496826171875
-0.127243041992188 -0.148056030273437 0.151229858398438 -0.220855712890625
-0.210220336914063 -0.0332183837890625 0.0545501708984375 -0.167556762695313
-0.185394287109375 0.0848388671875 -0.0358009338378906 -0.0300445556640625
-0.090728759765625 0.148117065429688 -0.00597381591796876 0.08001708984375
-0.00981140136718749 0.14984130859375 0.0444869995117188 0.134780883789063
0.0569305419921875 0.123420715332031 0.173599243164063 0.148910522460938
0.08544921875 0.0925674438476563 0.274139404296875 0.0895843505859375
0.05548095703125 0.0878219604492187 0.27325439453125 0.043731689453125
0.046478271484375 0.0846328735351563 0.272735595703125 0.0459136962890625
0.0162506103515625 0.0752944946289063 0.240432739257813 0.070526123046875
-0.0155601501464844 0.0633201599121094 0.171234130859375 0.0460357666015625
-0.03961181640625 0.0487823486328125 0.136955261230469 0.026611328125
-0.0726089477539063 -0.009002685546875 0.157318115234375 -0.018157958984375
-0.0856552124023438 -0.06329345703125 0.251296997070313 -0.107635498046875
-0.0321273803710937 -0.110488891601563 0.50390625 -0.0501708984375
-0.26019287109375 -0.0666961669921875 0.129730224609375 -0.2432861328125
-0.316009521484375 0.031646728515625 0.0579071044921875 -0.182052612304687
-0.286102294921875 0.17315673828125 -0.0299072265625 -0.0733108520507812
-0.13470458984375 0.264572143554688 -0.0245704650878906 0.023336410522461
-0.00514221191406249 0.259841918945313 -0.00118255615234375 0.088714599609375
0.130950927734375 0.213531494140625 0.119697570800781 0.118705749511719
0.184112548828125 0.145111083984375 0.220626831054688 0.061431884765625
0.152023315429687 0.132965087890625 0.22705078125 0.00511169433593751
0.159759521484375 0.12677001953125 0.234161376953125 0.00282287597656251
0.115142822265625 0.13043212890625 0.215087890625 0.0137786865234375
0.0560150146484375 0.158355712890625 0.146347045898438 -0.00645446777343749
0.00236511230468751 0.163375854492188 0.131675720214844 -0.0284576416015625
-0.117042541503906 0.122978210449219 0.168899536132813 -0.07659912109375
-0.179580688476563 0.0700225830078125 0.264617919921875 -0.148208618164063
-0.16094970703125 -0.00843811035156254 0.49737548828125 -0.100341796875
-0.355865478515625 0.0206298828124999 0.0623931884765625 -0.250381469726563
-0.384063720703125 0.0936279296875 0.0378570556640625 -0.18035888671875
-0.34979248046875 0.2406005859375 -0.02142333984375 -0.110404968261719
-0.166656494140625 0.3460693359375 -0.0335502624511719 -0.04150390625
-0.00610351562499999 0.33514404296875 -0.040679931640625 0.0217018127441407
0.180984497070313 0.27593994140625 0.0525131225585938 0.061676025390625
0.253372192382813 0.177932739257813 0.135643005371094 0.0184326171875
0.225479125976563 0.157012939453125 0.14703369140625 -0.03350830078125
0.253311157226563 0.14581298828125 0.159622192382813 -0.0356597900390625
0.20819091796875 0.163543701171875 0.156829833984375 -0.040191650390625
0.135101318359375 0.235000610351563 0.0953445434570313 -0.0549697875976562
0.05517578125 0.267593383789063 0.106704711914063 -0.0774917602539063
-0.142776489257812 0.250473022460938 0.1595458984375 -0.119171142578125
-0.247039794921875 0.202545166015625 0.248611450195313 -0.157379150390625
-0.26507568359375 0.0954132080078125 0.43798828125 -0.1141357421875
-0.397430419921875 0.112396240234375 -0.0355377197265625 -0.236541748046875
-0.3941650390625 0.161865234375 -0.00378417968750002 -0.161453247070313
-0.348876953125 0.29302978515625 -0.016876220703125 -0.13232421875
-0.155914306640625 0.38427734375 -0.039031982421875 -0.103729248046875
0.00573730468749999 0.362884521484375 -0.072174072265625 -0.0524063110351562
0.209716796875 0.294891357421875 -0.0186405181884765 -0.00983810424804686
0.28680419921875 0.181854248046875 0.0323066711425781 -0.031219482421875
0.266372680664063 0.156845092773438 0.0439071655273438 -0.06732177734375
0.3089599609375 0.1436767578125 0.0581779479980469 -0.0648460388183594
0.271224975585938 0.172760009765625 0.0677108764648438 -0.0857925415039062
0.194610595703125 0.279251098632813 0.023651123046875 -0.0932998657226562
0.099945068359375 0.333770751953125 0.0628585815429688 -0.113029479980469
-0.14764404296875 0.341461181640625 0.132064819335938 -0.137680053710937
-0.276580810546875 0.30059814453125 0.2047119140625 -0.127975463867187
-0.325714111328125 0.1832275390625 0.33526611328125 -0.090118408203125
-0.381744384765625 0.193145751953125 -0.149917602539063 -0.196945190429688
-0.346038818359375 0.22515869140625 -0.0567550659179688 -0.123908996582031
-0.2789306640625 0.320526123046875 -0.0196533203125 -0.138145446777344
-0.10137939453125 0.370941162109375 -0.0491943359375 -0.150741577148437
0.033477783203125 0.33172607421875 -0.0998458862304687 -0.115310668945312
0.2183837890625 0.263763427734375 -0.089141845703125 -0.0781631469726563
0.281280517578125 0.1536865234375 -0.0769882202148437 -0.0764923095703125
0.266586303710938 0.132965087890625 -0.0673446655273437 -0.0908203125
0.312957763671875 0.121551513671875 -0.053802490234375 -0.0843582153320312
0.281143188476563 0.157760620117188 -0.0337142944335937 -0.11767578125
0.209930419921875 0.275726318359375 -0.05322265625 -0.118576049804688
0.117218017578125 0.336883544921875 0.0140533447265625 -0.131813049316406
-0.13165283203125 0.36322021484375 0.09576416015625 -0.127853393554687
-0.260589599609375 0.33880615234375 0.142410278320312 -0.0661163330078125
-0.331329345703125 0.23565673828125 0.202102661132812 -0.038055419921875
-0.310516357421875 0.244720458984375 -0.265640258789063 -0.130203247070313
-0.249923706054688 0.258453369140625 -0.115005493164063 -0.0705795288085937
-0.1640625 0.3048095703125 -0.0366897583007813 -0.124931335449219
-0.024078369140625 0.3031005859375 -0.072174072265625 -0.168106079101562
0.065765380859375 0.251663208007813 -0.126205444335938 -0.14593505859375
0.20330810546875 0.18804931640625 -0.152191162109375 -0.12188720703125
0.238494873046875 0.0991668701171875 -0.17620849609375 -0.104873657226563
0.227203369140625 0.0872344970703125 -0.170013427734375 -0.101776123046875
0.263320922851563 0.083709716796875 -0.157730102539063 -0.0975494384765625
0.233383178710938 0.119720458984375 -0.123779296875 -0.139900207519531
0.173858642578125 0.222442626953125 -0.110305786132813 -0.133979797363281
0.0996551513671875 0.26953125 -0.0251388549804687 -0.133865356445312
-0.09564208984375 0.30462646484375 0.0614089965820312 -0.0964126586914062
-0.196563720703125 0.310577392578125 0.0752334594726562 0.00877380371093752
-0.277435302734375 0.247573852539063 0.0607032775878906 0.0271339416503906
-0.195693969726562 0.250625610351563 -0.36602783203125 -0.048309326171875
-0.13482666015625 0.237869262695313 -0.17388916015625 -0.00732421875000002
-0.04852294921875 0.23663330078125 -0.0659408569335938 -0.0908279418945312
0.038330078125 0.196304321289063 -0.104019165039062 -0.148391723632813
0.08087158203125 0.1456298828125 -0.147705078125 -0.13946533203125
0.161239624023438 0.0921630859375 -0.200103759765625 -0.130767822265625
0.162994384765625 0.02972412109375 -0.251815795898438 -0.106918334960937
0.15216064453125 0.02685546875 -0.248336791992187 -0.0974273681640625
0.170623779296875 0.0304107666015625 -0.23248291015625 -0.105850219726563
0.144744873046875 0.0584259033203125 -0.181747436523438 -0.15313720703125
0.106063842773437 0.124649047851562 -0.132186889648437 -0.141876220703125
0.067230224609375 0.145401000976563 -0.0402984619140625 -0.125862121582031
-0.0322113037109375 0.186798095703125 0.0377235412597656 -0.056121826171875
-0.0878448486328125 0.230545043945313 0.0137557983398437 0.0772171020507813
-0.169235229492187 0.225143432617188 -0.0634307861328125 0.092376708984375
-0.055908203125 0.205490112304688 -0.4376220703125 0.0328979492187499
-0.024505615234375 0.166152954101563 -0.226409912109375 0.0558319091796875
0.0378494262695313 0.129150390625 -0.0988845825195313 -0.0402450561523437
0.063690185546875 0.07293701171875 -0.131126403808594 -0.100006103515625
0.0677604675292969 0.0364837646484375 -0.156982421875 -0.1055908203125
0.0895538330078125 -0.00246429443359375 -0.22662353515625 -0.110687255859375
0.0619125366210938 -0.0377578735351563 -0.292999267578125 -0.084320068359375
0.0540237426757813 -0.0382728576660156 -0.286895751953125 -0.0771789550781251
0.0535545349121094 -0.0333328247070313 -0.265838623046875 -0.105941772460937
0.0425491333007813 -0.0213050842285156 -0.198257446289063 -0.154220581054687
0.0388031005859375 -0.0003204345703125 -0.11578369140625 -0.140007019042969
0.0496025085449219 -0.00463485717773438 -0.0314712524414063 -0.108123779296875
0.0648651123046875 0.0550155639648437 0.0257625579833984 -0.0129508972167969
0.05352783203125 0.137115478515625 -0.0303802490234375 0.128044128417969
-0.0259857177734375 0.18218994140625 -0.14910888671875 0.149810791015625
-0.158859252929687 -0.140823364257813 0.147811889648438 -0.217926025390625
-0.22393798828125 -0.00526428222656246 0.0526123046875 -0.161712646484375
-0.183395385742187 0.113937377929688 -0.0371818542480469 -0.0235366821289062
-0.0732269287109375 0.169921875 -0.00145721435546875 0.0865936279296875
0.01312255859375 0.159698486328125 0.050689697265625 0.140899658203125
0.0823440551757813 0.120216369628906 0.18572998046875 0.14947509765625
0.107803344726563 0.0841598510742188 0.2861328125 0.084014892578125
0.0738372802734375 0.0852432250976563 0.2813720703125 0.0367431640625
0.0673065185546875 0.0847244262695313 0.27947998046875 0.038726806640625
0.0311508178710938 0.082916259765625 0.243515014648438 0.060546875
-0.0086517333984375 0.0787124633789063 0.171768188476562 0.0341644287109375
-0.0439720153808594 0.0643043518066406 0.14349365234375 0.0142974853515625
-0.0928115844726563 1.13657656053537E-17 0.170059204101563 -0.030029296875
-0.111801147460938 -0.058197021484375 0.265609741210938 -0.119888305664063
-0.0584259033203125 -0.117355346679687 0.524688720703125 -0.075653076171875
-0.290863037109375 -0.056549072265625 0.117263793945312 -0.239349365234375
-0.331634521484375 0.06170654296875 0.0504913330078125 -0.176101684570313
-0.28619384765625 0.207275390625 -0.0376625061035157 -0.0682029724121094
-0.11578369140625 0.290130615234375 -0.0282459259033203 0.0309295654296875
0.019805908203125 0.27215576171875 -0.00439453125000001 0.0984878540039063
0.159591674804687 0.209701538085937 0.125663757324219 0.124794006347656
0.2093505859375 0.135787963867188 0.225540161132813 0.058563232421875
0.173263549804688 0.129104614257813 0.226943969726563 -1.52587890624921E-05
0.183502197265625 0.123703002929688 0.233047485351562 -0.00381469726562499
0.131607055664063 0.135238647460938 0.210906982421875 0.00308227539062501
0.067352294921875 0.171035766601563 0.139434814453125 -0.0184173583984375
0.00276184082031252 0.178237915039063 0.130218505859375 -0.0446243286132812
-0.132644653320312 0.134788513183594 0.173431396484375 -0.095062255859375
-0.200973510742187 0.0797271728515625 0.271514892578125 -0.167495727539063
-0.187210083007813 -0.0101165771484375 0.507568359375 -0.1292724609375
-0.380462646484375 0.0318603515624999 0.039398193359375 -0.245346069335938
-0.399200439453125 0.120086669921875 0.0226593017578125 -0.174835205078125
-0.3543701171875 0.2728271484375 -0.0360031127929688 -0.106803894042969
-0.1502685546875 0.371795654296875 -0.04583740234375 -0.0334663391113281
0.016143798828125 0.35028076171875 -0.0512275695800781 0.0326080322265625
0.208099365234375 0.274078369140625 0.0505905151367188 0.0715255737304688
0.277511596679688 0.1685791015625 0.132797241210938 0.0198135375976563
0.246017456054688 0.152359008789063 0.139686584472656 -0.0367279052734375
0.276687622070313 0.139633178710938 0.151809692382813 -0.0396881103515625
0.225509643554688 0.1641845703125 0.144393920898438 -0.0499114990234375
0.149993896484375 0.243728637695313 0.0825881958007813 -0.0648040771484375
0.0625457763671875 0.279052734375 0.0974655151367188 -0.0944290161132812
-0.150482177734375 0.265609741210938 0.156173706054688 -0.142013549804687
-0.260162353515625 0.216461181640625 0.247940063476562 -0.17962646484375
-0.28643798828125 0.0997009277343751 0.4388427734375 -0.144683837890625
-0.41339111328125 0.12353515625 -0.0658721923828125 -0.23089599609375
-0.40606689453125 0.18145751953125 -0.0244903564453125 -0.157821655273438
-0.35302734375 0.318084716796875 -0.0362014770507813 -0.131240844726562
-0.144683837890625 0.405731201171875 -0.0582504272460938 -0.09747314453125
0.021636962890625 0.3760986328125 -0.0888137817382813 -0.0419845581054687
0.23193359375 0.29351806640625 -0.0276832580566406 0.000850677490234389
0.305908203125 0.174072265625 0.022064208984375 -0.0264606475830078
0.282318115234375 0.151763916015625 0.0297698974609375 -0.0665626525878906
0.32904052734375 0.135528564453125 0.0444679260253906 -0.065673828125
0.285858154296875 0.16937255859375 0.0496139526367188 -0.0911407470703125
0.21173095703125 0.281768798828125 0.00520324707031252 -0.099517822265625
0.11273193359375 0.341400146484375 0.0479202270507813 -0.128334045410156
-0.146240234375 0.357391357421875 0.121841430664062 -0.159622192382812
-0.280792236328125 0.317413330078125 0.198455810546875 -0.14959716796875
-0.339508056640625 0.191986083984375 0.3289794921875 -0.119171142578125
-0.385589599609375 0.2037353515625 -0.186660766601563 -0.190444946289062
-0.3492431640625 0.238525390625 -0.0821304321289063 -0.121894836425781
-0.27899169921875 0.335693359375 -0.0435104370117187 -0.13873291015625
-0.0926513671875 0.382293701171875 -0.0732879638671875 -0.146392822265625
0.04296875 0.339752197265625 -0.119293212890625 -0.106086730957031
0.231063842773438 0.260833740234375 -0.103652954101562 -0.0689010620117187
0.29315185546875 0.147613525390625 -0.092987060546875 -0.0703506469726562
0.276687622070313 0.128219604492188 -0.08599853515625 -0.0873260498046875
0.325469970703125 0.11322021484375 -0.0725326538085937 -0.0813674926757813
0.290618896484375 0.15216064453125 -0.0570144653320312 -0.11895751953125
0.224456787109375 0.27374267578125 -0.0747909545898438 -0.118934631347656
0.129852294921875 0.338409423828125 -0.00561523437499998 -0.142822265625
-0.124542236328125 0.375274658203125 0.0816802978515625 -0.146331787109375
-0.255523681640625 0.353790283203125 0.133956909179687 -0.0822830200195312
-0.336151123046875 0.2462158203125 0.190811157226562 -0.06060791015625
-0.30145263671875 0.254608154296875 -0.30303955078125 -0.1220703125
-0.241897583007813 0.265350341796875 -0.142837524414063 -0.068939208984375
-0.15728759765625 0.307769775390625 -0.0618515014648438 -0.125823974609375
-0.01702880859375 0.30255126953125 -0.097198486328125 -0.16290283203125
0.069244384765625 0.251388549804688 -0.1444091796875 -0.138626098632812
0.20709228515625 0.181777954101563 -0.168182373046875 -0.114364624023438
0.240447998046875 0.094146728515625 -0.195358276367187 -0.09716796875
0.228652954101563 0.0831146240234375 -0.190536499023437 -0.09466552734375
0.266937255859375 0.0774688720703125 -0.178482055664063 -0.091033935546875
0.235244750976562 0.114532470703125 -0.148544311523437 -0.136489868164063
0.180221557617188 0.217941284179688 -0.132118225097656 -0.131195068359375
0.10675048828125 0.265365600585938 -0.0446014404296875 -0.141403198242187
-0.087799072265625 0.307586669921875 0.0476760864257812 -0.11175537109375
-0.18524169921875 0.316192626953125 0.0666275024414062 -0.00217819213867186
-0.271148681640625 0.25628662109375 0.0479888916015625 0.0129127502441406
-0.175155639648437 0.258743286132813 -0.399871826171875 -0.035614013671875
-0.117446899414062 0.2412109375 -0.19970703125 -0.00527954101562497
-0.033477783203125 0.2303466796875 -0.089630126953125 -0.0891494750976562
0.044891357421875 0.185287475585938 -0.12542724609375 -0.140716552734375
0.08087158203125 0.137153625488281 -0.160324096679688 -0.131790161132813
0.1553955078125 0.0820770263671875 -0.21417236328125 -0.12469482421875
0.154876708984375 0.025482177734375 -0.270095825195313 -0.098785400390625
0.144729614257813 0.0243988037109375 -0.267440795898438 -0.0879364013671875
0.163284301757813 0.0274505615234375 -0.253021240234375 -0.0966949462890625
0.137275695800781 0.0560455322265625 -0.204620361328125 -0.14801025390625
0.10211181640625 0.119194030761719 -0.151275634765625 -0.139190673828125
0.0641708374023438 0.137092590332031 -0.0574264526367187 -0.131637573242188
-0.0252532958984375 0.178741455078125 0.0274543762207031 -0.068328857421875
-0.07244873046875 0.225021362304688 0.0081329345703125 0.070068359375
-0.154067993164063 0.227951049804688 -0.0744857788085938 0.0853500366210938
-0.0290985107421875 0.20989990234375 -0.4637451171875 0.050689697265625
-0.00245666503906249 0.166763305664063 -0.247787475585938 0.0636901855468751
0.057464599609375 0.1182861328125 -0.117408752441406 -0.0333786010742187
0.071136474609375 0.0569992065429688 -0.14642333984375 -0.0883026123046875
0.0656700134277344 0.0225486755371094 -0.163894653320313 -0.0966339111328125
0.0779876708984375 -0.01446533203125 -0.236083984375 -0.104217529296875
0.0454444885253906 -0.0407943725585938 -0.307373046875 -0.075439453125
0.038665771484375 -0.0387458801269531 -0.302276611328125 -0.067291259765625
0.0369720458984375 -0.0318794250488281 -0.28436279296875 -0.09735107421875
0.0261116027832031 -0.020660400390625 -0.216018676757813 -0.151168823242188
0.0239639282226563 -0.00718116760253906 -0.129402160644531 -0.139495849609375
0.0368576049804687 -0.0177230834960937 -0.0435791015625 -0.11370849609375
0.06884765625 0.0345191955566406 0.0204639434814453 -0.0234107971191406
0.0716018676757813 0.119522094726563 -0.031768798828125 0.12225341796875
-0.0023345947265625 0.177780151367187 -0.154190063476563 0.14837646484375
-0.185409545898438 -0.12298583984375 0.146408081054688 -0.212814331054688
-0.225311279296875 0.0257720947265625 0.0540618896484375 -0.15496826171875
-0.1707763671875 0.14044189453125 -0.0357131958007813 -0.0175743103027344
-0.0489959716796875 0.183074951171875 0.0057373046875 0.0909957885742188
0.0386810302734375 0.159881591796875 0.0587158203125 0.14422607421875
0.10577392578125 0.106178283691406 0.19775390625 0.145767211914062
0.125175476074219 0.0679931640625 0.29547119140625 0.072601318359375
0.0906143188476563 0.0751953125 0.285614013671875 0.0272216796875
0.086273193359375 0.07623291015625 0.283294677734375 0.029022216796875
0.0479202270507812 0.083282470703125 0.242691040039062 0.0498504638671875
0.00392913818359374 0.089752197265625 0.168197631835938 0.0225372314453125
-0.0424652099609375 0.079986572265625 0.145339965820313 -0.000564575195312495
-0.108261108398438 0.0159072875976562 0.17681884765625 -0.046783447265625
-0.134086608886719 -0.043731689453125 0.2740478515625 -0.136322021484375
-0.0861053466796875 -0.113685607910156 0.534454345703125 -0.1087646484375
-0.31488037109375 -0.03460693359375 0.108078002929687 -0.2298583984375
-0.3338623046875 0.09454345703125 0.04644775390625 -0.16693115234375
-0.274017333984375 0.239059448242188 -0.0432357788085938 -0.0601272583007812
-0.088165283203125 0.3065185546875 -0.0285072326660156 0.0397491455078125
0.0480194091796875 0.27496337890625 -0.00211334228515625 0.108642578125
0.185592651367187 0.194412231445313 0.132820129394531 0.127723693847656
0.229278564453125 0.116912841796875 0.22991943359375 0.05474853515625
0.191619873046875 0.1171875 0.224929809570313 -0.00524902343749999
0.204986572265625 0.111602783203125 0.229934692382813 -0.00956726074218749
0.149551391601563 0.133224487304688 0.202590942382812 -0.00537109374999999
0.0830841064453125 0.178955078125 0.128822326660156 -0.027069091796875
0.008514404296875 0.191482543945313 0.123321533203125 -0.0596237182617187
-0.142837524414063 0.151962280273438 0.170135498046875 -0.11395263671875
-0.2176513671875 0.0980377197265626 0.269775390625 -0.1871337890625
-0.211776733398437 -0.00283813476562504 0.506591796875 -0.16131591796875
-0.400115966796875 0.0520629882812501 0.0221099853515625 -0.2314453125
-0.402587890625 0.15087890625 0.0126190185546875 -0.163742065429688
-0.34521484375 0.30487060546875 -0.0479812622070313 -0.09783935546875
-0.125091552734375 0.390533447265625 -0.0541191101074219 -0.0217514038085937
0.042388916015625 0.3555908203125 -0.0567512512207031 0.0476799011230469
0.232955932617188 0.260528564453125 0.05255126953125 0.0811843872070313
0.2977294921875 0.150634765625 0.13128662109375 0.02276611328125
0.263656616210938 0.139999389648438 0.131156921386719 -0.0364761352539062
0.29681396484375 0.12408447265625 0.143341064453125 -0.0409393310546875
0.241912841796875 0.158035278320312 0.129806518554688 -0.0546112060546875
0.168472290039062 0.245651245117187 0.0666007995605469 -0.0694618225097656
0.073760986328125 0.28741455078125 0.0832290649414063 -0.107490539550781
-0.152862548828125 0.282745361328125 0.143646240234375 -0.161285400390625
-0.267974853515625 0.236099243164063 0.238296508789062 -0.1995849609375
-0.303741455078125 0.111572265625 0.42840576171875 -0.175811767578125
-0.424530029296875 0.1396484375 -0.0916748046875 -0.213134765625
-0.408294677734375 0.20526123046875 -0.0417022705078125 -0.144882202148438
-0.346954345703125 0.3441162109375 -0.0542144775390625 -0.122428894042969
-0.125213623046875 0.421875 -0.073394775390625 -0.0839462280273437
0.04248046875 0.382720947265625 -0.100387573242188 -0.0250701904296875
0.25201416015625 0.282958984375 -0.0321006774902344 0.0144977569580078
0.322540283203125 0.159271240234375 0.0149784088134766 -0.0182533264160156
0.296173095703125 0.141082763671875 0.0168190002441406 -0.0615348815917969
0.345245361328125 0.120086669921875 0.0314979553222656 -0.0612335205078125
0.299072265625 0.159515380859375 0.0296249389648438 -0.09002685546875
0.229782104492187 0.27862548828125 -0.014312744140625 -0.0975112915039062
0.128631591796875 0.34423828125 0.0277786254882812 -0.136131286621094
-0.140106201171875 0.372650146484375 0.103363037109375 -0.176315307617187
-0.2786865234375 0.33563232421875 0.184921264648437 -0.166244506835937
-0.348419189453125 0.205596923828125 0.312164306640625 -0.144287109375
-0.38507080078125 0.214324951171875 -0.217147827148438 -0.169723510742187
-0.3455810546875 0.251617431640625 -0.105415344238281 -0.109390258789062
-0.274078369140625 0.349609375 -0.065521240234375 -0.130630493164063
-0.08026123046875 0.390533447265625 -0.0937576293945313 -0.132614135742187
0.054534912109375 0.34417724609375 -0.134208679199219 -0.0899734497070313
0.2431640625 0.25299072265625 -0.113471984863281 -0.0541458129882812
0.302825927734375 0.136962890625 -0.10546875 -0.0582656860351562
0.2843017578125 0.120391845703125 -0.102104187011719 -0.076751708984375
0.33514404296875 0.10040283203125 -0.0881423950195312 -0.071380615234375
0.29791259765625 0.14263916015625 -0.078460693359375 -0.111106872558594
0.237777709960938 0.26708984375 -0.0947952270507813 -0.111709594726562
0.1435546875 0.336151123046875 -0.02825927734375 -0.14508056640625
-0.11395263671875 0.38360595703125 0.0610809326171875 -0.1583251953125
-0.246307373046875 0.366058349609375 0.119171142578125 -0.0945892333984375
-0.33551025390625 0.257568359375 0.171798706054687 -0.0782318115234375
-0.289276123046875 0.259185791015625 -0.33306884765625 -0.099639892578125
-0.232192993164063 0.268508911132813 -0.167877197265625 -0.0571136474609375
-0.149078369140625 0.30731201171875 -0.0860366821289063 -0.11669921875
-0.010284423828125 0.29998779296875 -0.117965698242187 -0.14813232421875
0.0720062255859375 0.249649047851562 -0.158432006835937 -0.124237060546875
0.2080078125 0.175460815429687 -0.180252075195312 -0.101333618164063
0.2413330078125 0.08770751953125 -0.20989990234375 -0.0825347900390625
0.2288818359375 0.0795440673828125 -0.207443237304687 -0.080657958984375
0.268325805664063 0.0696868896484375 -0.194778442382812 -0.076446533203125
0.23529052734375 0.108306884765625 -0.169692993164063 -0.124313354492187
0.18548583984375 0.210952758789063 -0.151382446289063 -0.119903564453125
0.113494873046875 0.259750366210938 -0.0663070678710938 -0.14019775390625
-0.07843017578125 0.306915283203125 0.0288543701171875 -0.12005615234375
-0.172882080078125 0.318115234375 0.0543708801269531 -0.00888061523437498
-0.262344360351563 0.261489868164062 0.0306301116943359 0.00308990478515627
-0.15399169921875 0.2576904296875 -0.424560546875 -0.0115966796875
-0.101181030273437 0.237747192382812 -0.222915649414063 0.00746154785156256
-0.0223541259765625 0.219070434570312 -0.110710144042969 -0.0779495239257812
0.0473785400390625 0.173538208007813 -0.142669677734375 -0.124343872070313
0.0771560668945313 0.129058837890625 -0.16986083984375 -0.119125366210937
0.146621704101563 0.075286865234375 -0.223724365234375 -0.113555908203125
0.146575927734375 0.024169921875 -0.28448486328125 -0.08355712890625
0.137336730957031 0.0245437622070313 -0.282196044921875 -0.072235107421875
0.156784057617188 0.027587890625 -0.268936157226563 -0.080718994140625
0.129570007324219 0.0560989379882813 -0.223419189453125 -0.134902954101562
0.0962448120117187 0.115303039550781 -0.167678833007813 -0.128616333007813
0.058746337890625 0.130233764648438 -0.0760269165039063 -0.130180358886719
-0.0218963623046875 0.168624877929688 0.01312255859375 -0.0752716064453125
-0.06024169921875 0.214202880859375 0.000663757324218751 0.0657806396484375
-0.138504028320313 0.224899291992188 -0.0869903564453125 0.0825881958007813
-0.00209045410156251 0.20416259765625 -0.481475830078125 0.078033447265625
0.017547607421875 0.158645629882813 -0.26434326171875 0.0793457031250001
0.0709991455078125 0.101089477539062 -0.13232421875 -0.0193557739257813
0.071502685546875 0.0401535034179688 -0.15625 -0.0711212158203125
0.0582160949707031 0.0101776123046875 -0.166168212890625 -0.0852203369140625
0.0622444152832031 -0.0204505920410156 -0.2420654296875 -0.0946502685546875
0.0291938781738281 -0.037353515625 -0.31756591796875 -0.0616455078125
0.0244064331054688 -0.0334396362304688 -0.313201904296875 -0.0526428222656249
0.0226535797119141 -0.0243282318115234 -0.2977294921875 -0.0831298828125
0.0114421844482422 -0.0141868591308594 -0.230819702148438 -0.140625
0.00735235214233398 -0.00693559646606445 -0.14300537109375 -0.1339111328125
0.0204620361328125 -0.0251846313476563 -0.0577163696289063 -0.113937377929687
0.0648384094238281 0.0142440795898438 0.0123119354248047 -0.0315093994140625
0.08148193359375 0.09588623046875 -0.0350494384765625 0.117942810058594
0.0172119140625 0.1650390625 -0.160125732421875 0.147430419921875
-0.202102661132813 -0.100234985351562 0.151840209960937 -0.2066650390625
-0.2164306640625 0.050872802734375 0.0611114501953125 -0.15045166015625
-0.15283203125 0.157485961914062 -0.0326366424560547 -0.012603759765625
-0.0248870849609375 0.18597412109375 0.0134963989257812 0.0921173095703125
0.059356689453125 0.152633666992188 0.0655975341796875 0.145965576171875
0.120101928710938 0.088623046875 0.205413818359375 0.140716552734375
0.134681701660156 0.0487518310546875 0.299896240234375 0.063751220703125
0.100845336914062 0.0627822875976563 0.28668212890625 0.020233154296875
0.0997390747070313 0.0632858276367188 0.283843994140625 0.02239990234375
0.062042236328125 0.0794448852539063 0.23828125 0.043609619140625
0.01739501953125 0.0951919555664063 0.160781860351563 0.0159454345703125
-0.0372085571289063 0.093536376953125 0.141448974609375 -0.01251220703125
-0.116561889648438 0.0337677001953125 0.178787231445313 -0.060272216796875
-0.14849853515625 -0.0250701904296875 0.278564453125 -0.151687622070313
-0.107803344726563 -0.102394104003906 0.535369873046875 -0.132568359375
-0.329193115234375 -0.0122680664062499 0.107513427734375 -0.217864990234375
-0.325592041015625 0.121002197265625 0.04925537109375 -0.15771484375
-0.256500244140625 0.259780883789063 -0.0440254211425781 -0.0520706176757812
-0.062347412109375 0.311676025390625 -0.0253448486328125 0.0467681884765625
0.07073974609375 0.26861572265625 0.00119018554687501 0.117088317871094
0.202102661132813 0.174911499023438 0.139694213867188 0.129615783691406
0.240814208984375 0.0963592529296875 0.232879638671875 0.0524139404296875
0.203033447265625 0.103164672851563 0.222579956054688 -0.00677490234374999
0.218902587890625 0.095947265625 0.226638793945313 -0.0108489990234375
0.163406372070313 0.127029418945313 0.192611694335938 -0.00759887695312499
0.09759521484375 0.1822509765625 0.117042541503906 -0.0307159423828125
0.01568603515625 0.201934814453125 0.113426208496094 -0.06951904296875
-0.1492919921875 0.168746948242188 0.163101196289063 -0.1279296875
-0.227996826171875 0.116378784179687 0.265335083007813 -0.20135498046875
-0.230865478515625 0.00975036621093746 0.4967041015625 -0.184600830078125
-0.410858154296875 0.0714111328124999 0.015228271484375 -0.213470458984375
-0.39739990234375 0.174530029296875 0.010009765625 -0.15045166015625
-0.331207275390625 0.326202392578125 -0.054412841796875 -0.08642578125
-0.100860595703125 0.397796630859375 -0.0565452575683594 -0.00982666015624999
0.063995361328125 0.3529052734375 -0.0572052001953125 0.0617599487304688
0.249526977539062 0.243850708007813 0.056976318359375 0.0896530151367188
0.308929443359375 0.132415771484375 0.131576538085938 0.027069091796875
0.274322509765625 0.127120971679688 0.124595642089844 -0.0325469970703125
0.3092041015625 0.1072998046875 0.136314392089844 -0.0376358032226562
0.253921508789063 0.148391723632813 0.115501403808594 -0.0522994995117187
0.183731079101563 0.244644165039063 0.05145263671875 -0.0675888061523437
0.08306884765625 0.29327392578125 0.06732177734375 -0.112777709960937
-0.15228271484375 0.297149658203125 0.128753662109375 -0.171859741210938
-0.271621704101563 0.253463745117188 0.227249145507812 -0.211715698242187
-0.31842041015625 0.123931884765625 0.411376953125 -0.194732666015625
-0.430908203125 0.15216064453125 -0.104904174804688 -0.18994140625
-0.4041748046875 0.22283935546875 -0.0497207641601563 -0.128974914550781
-0.338897705078125 0.36260986328125 -0.0649795532226563 -0.108787536621094
-0.107330322265625 0.429168701171875 -0.0817718505859375 -0.068756103515625
0.058563232421875 0.383209228515625 -0.104560852050781 -0.00811004638671874
0.264328002929688 0.271255493164063 -0.0319347381591797 0.0273246765136719
0.331146240234375 0.144805908203125 0.0120096206665039 -0.00872516632080077
0.3038330078125 0.1309814453125 0.00816726684570315 -0.0526237487792969
0.354095458984375 0.104522705078125 0.0227127075195313 -0.0532112121582031
0.307403564453125 0.149627685546875 0.0138702392578125 -0.0824050903320312
0.242721557617187 0.271774291992188 -0.0298843383789062 -0.0903472900390625
0.139068603515625 0.343597412109375 0.00949096679687499 -0.136276245117187
-0.1343994140625 0.38262939453125 0.08367919921875 -0.183013916015625
-0.275787353515625 0.34912109375 0.169570922851562 -0.174392700195312
-0.355682373046875 0.2161865234375 0.290863037109375 -0.158355712890625
-0.38446044921875 0.21923828125 -0.234848022460938 -0.144775390625
-0.342529296875 0.25946044921875 -0.118423461914063 -0.09222412109375
-0.27044677734375 0.357513427734375 -0.0806503295898438 -0.116226196289062
-0.070343017578125 0.3936767578125 -0.1048583984375 -0.115585327148437
0.062408447265625 0.345458984375 -0.141510009765625 -0.0735473632812499
0.248825073242187 0.245849609375 -0.11639404296875 -0.0396347045898437
0.307098388671875 0.128692626953125 -0.111091613769531 -0.0445709228515625
0.28814697265625 0.114410400390625 -0.112159729003906 -0.0642166137695313
0.339324951171875 0.0888671875 -0.0977554321289062 -0.058807373046875
0.30072021484375 0.13397216796875 -0.09393310546875 -0.0985107421875
0.246063232421875 0.259963989257813 -0.109764099121094 -0.0999298095703125
0.151580810546875 0.332061767578125 -0.046630859375 -0.140609741210937
-0.10723876953125 0.388214111328125 0.04095458984375 -0.161636352539062
-0.238311767578125 0.371978759765625 0.10394287109375 -0.0990447998046875
-0.334808349609375 0.26373291015625 0.150436401367187 -0.086151123046875
-0.28057861328125 0.257003784179688 -0.35211181640625 -0.0738220214843749
-0.225433349609375 0.266876220703125 -0.184677124023438 -0.0402069091796875
-0.146148681640625 0.304046630859375 -0.102531433105469 -0.102210998535156
-0.00860595703124997 0.29620361328125 -0.130165100097656 -0.130844116210937
0.071075439453125 0.248687744140625 -0.165130615234375 -0.109756469726562
0.205184936523438 0.171478271484375 -0.18499755859375 -0.08758544921875
0.23968505859375 0.085662841796875 -0.217727661132812 -0.067779541015625
0.227813720703125 0.0787200927734375 -0.217666625976562 -0.065765380859375
0.268035888671875 0.065216064453125 -0.204391479492187 -0.06103515625
0.2330322265625 0.10552978515625 -0.183212280273437 -0.108779907226562
0.187271118164063 0.205978393554688 -0.163833618164063 -0.105728149414062
0.114517211914062 0.255020141601563 -0.0831069946289063 -0.133010864257812
-0.07489013671875 0.3040771484375 0.0111083984375 -0.121162414550781
-0.164306640625 0.314605712890625 0.0416259765625 -0.010589599609375
-0.256423950195313 0.259963989257813 0.0118179321289062 0.00109863281250002
-0.137893676757813 0.249191284179688 -0.44036865234375 0.0135192871093749
-0.0901641845703125 0.22821044921875 -0.239089965820312 0.02459716796875
-0.0185089111328125 0.206298828125 -0.125137329101563 -0.0633087158203125
0.04437255859375 0.163192749023438 -0.151199340820313 -0.107315063476563
0.0701751708984375 0.124847412109375 -0.172653198242188 -0.107162475585937
0.136749267578125 0.0743637084960938 -0.22857666015625 -0.102920532226563
0.138824462890625 0.0279998779296875 -0.291900634765625 -0.069488525390625
0.131645202636719 0.029937744140625 -0.289642333984375 -0.057098388671875
0.151473999023437 0.031646728515625 -0.277801513671875 -0.064910888671875
0.123031616210938 0.0601425170898438 -0.23431396484375 -0.119827270507812
0.0900726318359375 0.115608215332031 -0.177719116210938 -0.115798950195312
0.0516510009765625 0.127655029296875 -0.0904541015625 -0.123092651367187
-0.0254058837890625 0.158279418945313 -0.001190185546875 -0.077239990234375
-0.0556640625 0.200759887695312 -0.0091705322265625 0.064422607421875
-0.128448486328125 0.21502685546875 -0.101493835449219 0.0832366943359375
0.017425537109375 0.190353393554688 -0.490142822265625 0.102630615234375
0.030914306640625 0.14605712890625 -0.27593994140625 0.0952301025390625
0.0761795043945312 0.0824203491210938 -0.140869140625 -0.00415039062500001
0.0657501220703125 0.02593994140625 -0.157791137695313 -0.054443359375
0.0480422973632813 0.00281524658203125 -0.163345336914063 -0.0766754150390625
0.0470924377441406 -0.0194091796875 -0.24322509765625 -0.0878143310546875
0.0169334411621094 -0.0282325744628906 -0.321990966796875 -0.05029296875
0.0149879455566406 -0.0235729217529297 -0.317779541015625 -0.03997802734375
0.0133552551269531 -0.0115976333618164 -0.305419921875 -0.069488525390625
0.00101137161254883 -0.00353050231933594 -0.239456176757813 -0.129623413085938
-0.00642061233520508 -0.00109767913818359 -0.1507568359375 -0.126174926757813
0.00441741943359375 -0.0258464813232422 -0.0683059692382813 -0.109642028808594
0.0543403625488281 -0.0020904541015625 0.00250625610351563 -0.0356483459472656
0.08203125 0.0729751586914063 -0.0412826538085937 0.114387512207031
0.02899169921875 0.146926879882813 -0.1671142578125 0.147430419921875
-0.211288452148438 -0.0805816650390625 0.163711547851563 -0.203720092773438
-0.20513916015625 0.0665130615234375 0.0717010498046875 -0.149337768554688
-0.136856079101562 0.167800903320313 -0.0282440185546875 -0.0099201202392578
-0.0067138671875 0.184585571289063 0.0194168090820312 0.092315673828125
0.0738067626953125 0.143295288085937 0.0703277587890625 0.148239135742188
0.127998352050781 0.07037353515625 0.211395263671875 0.137741088867187
0.138412475585938 0.032257080078125 0.30474853515625 0.060302734375
0.107192993164062 0.05145263671875 0.28961181640625 0.01812744140625
0.108299255371094 0.0506362915039063 0.286529541015625 0.02276611328125
0.0728607177734375 0.0732040405273438 0.2349853515625 0.043548583984375
0.0297317504882812 0.09844970703125 0.15435791015625 0.01446533203125
-0.0304489135742187 0.1043701171875 0.138038635253906 -0.020355224609375
-0.121383666992187 0.0507583618164063 0.180145263671875 -0.07147216796875
-0.157608032226562 -0.00727844238281249 0.2840576171875 -0.163787841796875
-0.123817443847656 -0.0901336669921875 0.5377197265625 -0.147216796875
-0.34033203125 0.00598144531250003 0.115768432617187 -0.208160400390625
-0.317474365234375 0.137298583984375 0.057891845703125 -0.152252197265625
-0.241958618164062 0.273223876953125 -0.0424156188964844 -0.045562744140625
-0.042999267578125 0.312286376953125 -0.0214157104492188 0.0519027709960938
0.0858612060546875 0.261734008789063 0.00538635253906251 0.125137329101563
0.211578369140625 0.158401489257813 0.1463623046875 0.132827758789063
0.246734619140625 0.0799102783203125 0.237472534179688 0.0536651611328125
0.211380004882813 0.0926971435546875 0.222335815429688 -0.00392150878906249
0.22882080078125 0.0821380615234375 0.226730346679688 -0.00814819335937499
0.174087524414063 0.121292114257813 0.186325073242188 -0.00474548339843749
0.110336303710938 0.184432983398437 0.107696533203125 -0.0286941528320312
0.0220794677734375 0.21234130859375 0.104393005371094 -0.073516845703125
-0.154006958007812 0.185562133789063 0.157241821289063 -0.136398315429688
-0.236557006835937 0.134078979492188 0.265121459960938 -0.211273193359375
-0.248443603515625 0.0225677490234375 0.49200439453125 -0.198028564453125
-0.42242431640625 0.0860595703125001 0.018585205078125 -0.1983642578125
-0.39306640625 0.1885986328125 0.0149383544921875 -0.140487670898438
-0.32257080078125 0.340606689453125 -0.0557098388671875 -0.076690673828125
-0.084991455078125 0.40179443359375 -0.0558433532714844 -8.0108642578102E-05
0.07684326171875 0.350738525390625 -0.055084228515625 0.0743560791015625
0.25823974609375 0.231124877929688 0.0626144409179688 0.097869873046875
0.315765380859375 0.1187744140625 0.13519287109375 0.0325546264648438
0.282135009765625 0.119354248046875 0.122413635253906 -0.0256271362304687
0.318450927734375 0.09552001953125 0.133880615234375 -0.0315093994140625
0.263015747070312 0.143096923828125 0.107109069824219 -0.0457839965820312
0.195602416992187 0.244522094726562 0.0406074523925781 -0.0625801086425781
0.09033203125 0.30023193359375 0.0547027587890625 -0.11358642578125
-0.154815673828125 0.312744140625 0.117584228515625 -0.177413940429687
-0.27777099609375 0.269027709960938 0.219772338867188 -0.21832275390625
-0.334014892578125 0.134979248046875 0.39959716796875 -0.202850341796875
-0.44085693359375 0.1610107421875 -0.10772705078125 -0.171524047851563
-0.4052734375 0.2335205078125 -0.0504226684570313 -0.115432739257812
-0.338104248046875 0.374481201171875 -0.07073974609375 -0.0969467163085937
-0.097412109375 0.4356689453125 -0.083770751953125 -0.0556640625
0.06689453125 0.386077880859375 -0.105430603027344 0.00617980957031251
0.271469116210938 0.264511108398438 -0.0277671813964844 0.0382575988769531
0.338043212890625 0.136627197265625 0.0126085281372071 0.000133514404296883
0.31121826171875 0.1259765625 0.00340652465820315 -0.0431938171386719
0.36102294921875 0.094818115234375 0.0188980102539063 -0.0443611145019531
0.313232421875 0.1446533203125 0.00455474853515627 -0.0730056762695312
0.252456665039063 0.270126342773438 -0.0405502319335937 -0.0812606811523438
0.145172119140625 0.347320556640625 -0.00477600097656249 -0.132743835449219
-0.134429931640625 0.39434814453125 0.06982421875 -0.184249877929688
-0.277130126953125 0.36138916015625 0.158798217773437 -0.177093505859375
-0.368194580078125 0.223846435546875 0.274978637695313 -0.162307739257813
-0.390655517578125 0.2203369140625 -0.243362426757813 -0.123336791992187
-0.3446044921875 0.2626953125 -0.125137329101563 -0.076507568359375
-0.27349853515625 0.364105224609375 -0.0893325805664063 -0.102577209472656
-0.068267822265625 0.39892578125 -0.110427856445313 -0.100601196289062
0.0655517578125 0.35076904296875 -0.143386840820313 -0.0599517822265625
0.252365112304688 0.244232177734375 -0.115386962890625 -0.0285873413085938
0.3115234375 0.126678466796875 -0.113327026367187 -0.0344467163085937
0.2933349609375 0.11456298828125 -0.117774963378906 -0.0533828735351563
0.344573974609375 0.084197998046875 -0.102005004882812 -0.04766845703125
0.303466796875 0.13214111328125 -0.102584838867187 -0.0862197875976563
0.251434326171875 0.257843017578125 -0.11895751953125 -0.0879135131835938
0.155670166015625 0.33251953125 -0.0600509643554687 -0.133644104003906
-0.106292724609375 0.39398193359375 0.0264739990234375 -0.159942626953125
-0.237457275390625 0.377593994140625 0.0929946899414062 -0.0975875854492187
-0.3426513671875 0.267120361328125 0.132072448730469 -0.0861434936523438
-0.281036376953125 0.251495361328125 -0.363983154296875 -0.052490234375
-0.226669311523438 0.263015747070313 -0.196060180664063 -0.023956298828125
-0.151519775390625 0.302276611328125 -0.112106323242188 -0.08758544921875
-0.01177978515625 0.297119140625 -0.13604736328125 -0.116096496582031
0.06768798828125 0.253509521484375 -0.167556762695312 -0.0987701416015625
0.202590942382813 0.174713134765625 -0.186614990234375 -0.07861328125
0.240631103515625 0.089019775390625 -0.221923828125 -0.0572052001953125
0.229293823242187 0.082550048828125 -0.223251342773437 -0.05438232421875
0.269821166992188 0.0662384033203125 -0.209304809570312 -0.048919677734375
0.232879638671875 0.107131958007813 -0.19097900390625 -0.09588623046875
0.186569213867188 0.20709228515625 -0.171234130859375 -0.093505859375
0.112335205078125 0.255950927734375 -0.0949325561523438 -0.12420654296875
-0.077484130859375 0.30364990234375 -0.00189208984375 -0.118537902832031
-0.16375732421875 0.311737060546875 0.0308971405029297 -0.00739669799804686
-0.259719848632813 0.256927490234375 -0.00551128387451173 0.00420999526977541
-0.132614135742187 0.238250732421875 -0.45318603515625 0.0335998535156249
-0.08734130859375 0.218765258789063 -0.25201416015625 0.0401153564453126
-0.0222015380859375 0.196456909179688 -0.133567810058594 -0.048980712890625
0.0377197265625 0.158920288085938 -0.155227661132813 -0.0934906005859375
0.0620498657226563 0.125579833984375 -0.172744750976562 -0.100006103515625
0.128204345703125 0.0795059204101563 -0.230316162109375 -0.0975341796875
0.135238647460938 0.036163330078125 -0.29681396484375 -0.060882568359375
0.129417419433594 0.0376968383789063 -0.295654296875 -0.0470581054687501
0.1500244140625 0.0392303466796875 -0.28302001953125 -0.05322265625
0.119911193847656 0.0673065185546875 -0.240447998046875 -0.109359741210938
0.0832366943359375 0.120536804199219 -0.183807373046875 -0.106460571289063
0.04351806640625 0.129386901855469 -0.0997848510742187 -0.115913391113281
-0.0326690673828125 0.152435302734375 -0.0123519897460938 -0.0755462646484375
-0.0586395263671875 0.19012451171875 -0.0189094543457031 0.0671768188476563
-0.127670288085938 0.204757690429688 -0.116096496582031 0.086761474609375
0.0280303955078125 0.17608642578125 -0.49951171875 0.1182861328125
0.0374526977539063 0.133995056152344 -0.287109375 0.11004638671875
0.0756607055664063 0.0672378540039063 -0.145797729492188 0.00918579101562501
0.0581092834472656 0.0171165466308594 -0.1578369140625 -0.0426483154296875
0.0374565124511719 0.000293731689453125 -0.159713745117188 -0.0737762451171875
0.0356674194335938 -0.0131988525390625 -0.244293212890625 -0.0857696533203126
0.00951194763183594 -0.0166482925415039 -0.326019287109375 -0.044281005859375
0.00958251953125 -0.0124387741088867 -0.321685791015625 -0.0321044921875
0.00932216644287109 0.00116634368896484 -0.310821533203125 -0.06109619140625
-0.00497055053710937 0.00855875015258789 -0.244232177734375 -0.122940063476563
-0.0169429779052734 0.00731658935546875 -0.155914306640625 -0.1209716796875
-0.0091094970703125 -0.0224437713623047 -0.0762786865234375 -0.106208801269531
0.0425376892089844 -0.0123138427734375 -0.00715637207031249 -0.0367889404296875
0.0762710571289062 0.0556411743164062 -0.0497283935546875 0.114646911621094
0.032470703125 0.130828857421875 -0.1793212890625 0.148544311523438
-0.2200927734375 -0.066009521484375 0.181732177734375 -0.207733154296875
-0.197540283203125 0.077667236328125 0.0854949951171875 -0.154937744140625
-0.125625610351563 0.176498413085938 -0.0245723724365234 -0.00860214233398436
0.00741577148437499 0.183547973632813 0.0250625610351563 0.0937347412109375
0.0852508544921875 0.135963439941406 0.07672119140625 0.15277099609375
0.133949279785156 0.0564498901367188 0.22052001953125 0.14007568359375
0.14178466796875 0.0179290771484375 0.316497802734375 0.059356689453125
0.112709045410156 0.0425338745117187 0.2996826171875 0.019500732421875
0.115219116210938 0.0399093627929688 0.29595947265625 0.023834228515625
0.0815353393554688 0.0680770874023438 0.238021850585938 0.0478515625
0.041229248046875 0.100448608398438 0.151885986328125 0.016632080078125
-0.0236358642578125 0.115165710449219 0.136383056640625 -0.0249710083007812
-0.1251220703125 0.0664596557617187 0.184097290039063 -0.0811767578125
-0.16552734375 0.00991821289062498 0.295440673828125 -0.17706298828125
-0.137184143066406 -0.0784378051757812 0.553070068359375 -0.162017822265625
-0.355194091796875 0.0216979980468749 0.130828857421875 -0.207244873046875
-0.3150634765625 0.15008544921875 0.0704193115234375 -0.153274536132813
-0.235748291015625 0.285919189453125 -0.0400428771972656 -0.041595458984375
-0.030242919921875 0.31536865234375 -0.0177955627441406 0.0566482543945313
0.09747314453125 0.26043701171875 0.00985717773437502 0.134147644042969
0.220138549804688 0.147811889648438 0.155502319335938 0.139617919921875
0.254730224609375 0.0678253173828125 0.247543334960938 0.0567626953125
0.22052001953125 0.0861053466796875 0.229461669921875 -0.000274658203124995
0.239898681640625 0.0723114013671875 0.233657836914063 -0.0042572021484375
0.186294555664062 0.117935180664062 0.186203002929688 0.00186157226562501
0.12310791015625 0.189102172851563 0.102317810058594 -0.0250778198242187
0.028656005859375 0.226303100585938 0.0995254516601563 -0.0763397216796875
-0.160491943359375 0.206100463867188 0.15667724609375 -0.14447021484375
-0.24761962890625 0.154022216796875 0.271469116210938 -0.222518920898438
-0.266937255859375 0.035552978515625 0.4990234375 -0.206787109375
-0.441497802734375 0.0995483398437499 0.027587890625 -0.191146850585937
-0.397796630859375 0.202178955078125 0.0240325927734375 -0.136611938476563
-0.32366943359375 0.358306884765625 -0.055328369140625 -0.0702705383300781
-0.07550048828125 0.410247802734375 -0.0542564392089844 0.00780105590820316
0.086761474609375 0.356414794921875 -0.0531158447265625 0.0866622924804688
0.268783569335938 0.226242065429688 0.070556640625 0.107170104980469
0.326812744140625 0.11090087890625 0.142440795898438 0.038848876953125
0.294403076171875 0.1160888671875 0.125587463378906 -0.0200271606445312
0.3321533203125 0.0875244140625 0.137886047363281 -0.0260086059570312
0.275314331054687 0.141693115234375 0.104507446289063 -0.0381011962890625
0.208755493164063 0.249969482421875 0.033843994140625 -0.0566520690917969
0.0987548828125 0.314117431640625 0.046783447265625 -0.113609313964844
-0.1622314453125 0.333709716796875 0.111434936523438 -0.182754516601562
-0.287841796875 0.290069580078125 0.220489501953125 -0.226287841796875
-0.35528564453125 0.148223876953125 0.401031494140625 -0.208526611328125
-0.4610595703125 0.17041015625 -0.106826782226563 -0.1593017578125
-0.415802001953125 0.2452392578125 -0.0467071533203125 -0.106826782226562
-0.3447265625 0.392578125 -0.0729598999023438 -0.0881881713867187
-0.093536376953125 0.44873046875 -0.0844955444335937 -0.0457992553710937
0.073822021484375 0.3978271484375 -0.105476379394531 0.0186614990234375
0.281951904296875 0.26654052734375 -0.0227088928222656 0.0482864379882813
0.35040283203125 0.134307861328125 0.015986442565918 0.00771713256835938
0.323974609375 0.126983642578125 0.00221633911132814 -0.0358390808105469
0.375335693359375 0.09014892578125 0.01904296875 -0.0368728637695312
0.324859619140625 0.144866943359375 -0.000835418701171856 -0.0641021728515625
0.264541625976563 0.276626586914063 -0.0482635498046875 -0.0733718872070313
0.1533203125 0.359649658203125 -0.014373779296875 -0.130325317382813
-0.14007568359375 0.413360595703125 0.0598297119140625 -0.186904907226562
-0.285736083984375 0.380035400390625 0.15509033203125 -0.180145263671875
-0.388214111328125 0.235626220703125 0.268722534179688 -0.1634521484375
-0.407684326171875 0.224517822265625 -0.2510986328125 -0.108688354492187
-0.35699462890625 0.270111083984375 -0.128936767578125 -0.064666748046875
-0.285736083984375 0.37872314453125 -0.0950546264648438 -0.092254638671875
-0.0703125 0.411834716796875 -0.113075256347656 -0.0901336669921875
0.06744384765625 0.36529541015625 -0.146163940429688 -0.0491943359375
0.259719848632813 0.252212524414063 -0.114654541015625 -0.0203018188476563
0.3233642578125 0.128875732421875 -0.114753723144531 -0.0264892578125
0.3040771484375 0.117950439453125 -0.122390747070312 -0.0453720092773438
0.356414794921875 0.083587646484375 -0.106117248535156 -0.0393218994140625
0.3118896484375 0.13470458984375 -0.109954833984375 -0.07720947265625
0.259185791015625 0.263519287109375 -0.127059936523437 -0.0785751342773437
0.160400390625 0.34326171875 -0.0705795288085937 -0.128143310546875
-0.111541748046875 0.408538818359375 0.0152130126953125 -0.158782958984375
-0.245819091796875 0.390838623046875 0.0862503051757812 -0.0955123901367187
-0.35931396484375 0.274993896484375 0.120964050292969 -0.082763671875
-0.292694091796875 0.250762939453125 -0.37896728515625 -0.035980224609375
-0.236434936523437 0.264236450195313 -0.206573486328125 -0.00924682617187498
-0.16424560546875 0.30950927734375 -0.119491577148438 -0.0761337280273437
-0.01806640625 0.305999755859375 -0.140609741210938 -0.105743408203125
0.0651092529296875 0.266311645507813 -0.17059326171875 -0.0919647216796875
0.206069946289063 0.18438720703125 -0.189437866210938 -0.073760986328125
0.248489379882813 0.0959625244140625 -0.228622436523437 -0.0505523681640625
0.237319946289063 0.0899810791015625 -0.231552124023437 -0.0468902587890625
0.278106689453125 0.0703887939453125 -0.216400146484375 -0.0404815673828125
0.2376708984375 0.113296508789063 -0.199234008789062 -0.08770751953125
0.18914794921875 0.213943481445313 -0.178802490234375 -0.08514404296875
0.111587524414063 0.26470947265625 -0.104629516601562 -0.118339538574219
-0.08502197265625 0.31121826171875 -0.012939453125 -0.115898132324219
-0.172210693359375 0.31689453125 0.0230979919433594 -0.00196456909179686
-0.272262573242188 0.258010864257813 -0.0208396911621094 0.010580062866211
-0.135635375976563 0.232009887695313 -0.471282958984375 0.051116943359375
-0.0920867919921875 0.214828491210938 -0.266677856445313 0.0556793212890625
-0.0309600830078125 0.193832397460938 -0.141586303710938 -0.03741455078125
0.030120849609375 0.160781860351562 -0.158432006835937 -0.0842132568359375
0.0556106567382812 0.133331298828125 -0.17449951171875 -0.097625732421875
0.126495361328125 0.089752197265625 -0.236114501953125 -0.096221923828125
0.137054443359375 0.0464935302734375 -0.30645751953125 -0.056549072265625
0.13226318359375 0.0474929809570313 -0.305511474609375 -0.0405578613281249
0.154708862304688 0.0482635498046875 -0.291961669921875 -0.0466918945312499
0.120689392089844 0.077606201171875 -0.249053955078125 -0.103713989257813
0.0809402465820312 0.129974365234375 -0.190521240234375 -0.100189208984375
0.037200927734375 0.136703491210938 -0.108238220214844 -0.111351013183594
-0.043304443359375 0.152816772460938 -0.0220718383789063 -0.0731964111328125
-0.066802978515625 0.186141967773438 -0.0274429321289063 0.0741348266601563
-0.135391235351563 0.198989868164062 -0.13323974609375 0.0942230224609375
0.033660888671875 0.164993286132812 -0.517425537109375 0.13629150390625
0.040069580078125 0.125091552734375 -0.301513671875 0.125732421875
0.0723342895507813 0.0564956665039063 -0.151748657226563 0.020965576171875
0.050323486328125 0.0123214721679688 -0.15869140625 -0.0341796875
0.0291023254394531 0.0009918212890625 -0.159500122070313 -0.0746002197265625
0.0281963348388672 -0.00561904907226562 -0.250381469726563 -0.0878143310546876
0.00626850128173828 -0.00528144836425781 -0.337188720703125 -0.0419921875000001
0.00775575637817383 -0.00177574157714844 -0.3316650390625 -0.0289611816406249
0.00907993316650391 0.0142688751220703 -0.320648193359375 -0.0564575195312499
-0.00679397583007813 0.0206451416015625 -0.252838134765625 -0.121780395507813
-0.0243320465087891 0.0174751281738281 -0.16229248046875 -0.119155883789063
-0.0202217102050781 -0.0170516967773438 -0.0826950073242187 -0.103988647460938
0.0303688049316406 -0.0190868377685547 -0.0157279968261719 -0.0369453430175781
0.0687065124511719 0.0435218811035156 -0.0596694946289063 0.119552612304687
0.03131103515625 0.118629455566406 -0.1956787109375 0.154312133789063
-0.232208251953125 -0.05010986328125 0.199737548828125 -0.222244262695312
-0.192611694335938 0.089385986328125 0.0975799560546875 -0.168319702148437
-0.114456176757812 0.187774658203125 -0.0208683013916016 -0.00781249999999999
0.021636962890625 0.184494018554688 0.03253173828125 0.0957107543945313
0.0983963012695312 0.130416870117188 0.0867156982421875 0.160049438476563
0.140220642089844 0.041900634765625 0.235610961914062 0.142135620117188
0.144912719726563 0.003753662109375 0.336334228515625 0.055389404296875
0.119316101074219 0.0332412719726563 0.317718505859375 0.0164794921875
0.122406005859375 0.0281982421875 0.314361572265625 0.02239990234375
0.091522216796875 0.062896728515625 0.248382568359375 0.05157470703125
0.0541000366210938 0.102165222167969 0.154037475585938 0.0184173583984375
-0.0147628784179688 0.127403259277344 0.138320922851563 -0.030731201171875
-0.127838134765625 0.0860519409179688 0.191162109375 -0.0954437255859375
-0.173629760742188 0.0287933349609375 0.31011962890625 -0.199676513671875
-0.151229858398438 -0.066802978515625 0.57861328125 -0.18609619140625
-0.374969482421875 0.04248046875 0.146774291992187 -0.215606689453125
-0.317962646484375 0.168121337890625 0.0825042724609375 -0.162979125976563
-0.230743408203125 0.307830810546875 -0.0380401611328125 -0.0389366149902343
-0.015899658203125 0.32470703125 -0.0133781433105469 0.0615158081054688
0.113204956054687 0.26348876953125 0.017364501953125 0.145843505859375
0.233062744140625 0.137557983398438 0.171127319335938 0.145553588867188
0.266738891601563 0.05413818359375 0.265335083007813 0.0562896728515625
0.234832763671875 0.078216552734375 0.2435302734375 7.62939453125048E-05
0.254989624023438 0.0611419677734375 0.248001098632813 -0.003326416015625
0.20166015625 0.114288330078125 0.193405151367187 0.00605773925781251
0.1412353515625 0.194778442382813 0.102073669433594 -0.021484375
0.0408935546875 0.24267578125 0.0966415405273437 -0.08050537109375
-0.164947509765625 0.232955932617187 0.157699584960937 -0.156646728515625
-0.258026123046875 0.181411743164062 0.2803955078125 -0.24371337890625
-0.289031982421875 0.055023193359375 0.516998291015625 -0.227294921875
-0.467803955078125 0.12176513671875 0.0373992919921875 -0.192062377929688
-0.4093017578125 0.2236328125 0.0334320068359375 -0.139656066894531
-0.327301025390625 0.38726806640625 -0.0557708740234375 -0.0653152465820312
-0.0635986328125 0.4288330078125 -0.0522079467773438 0.0153656005859375
0.102569580078125 0.369110107421875 -0.0493698120117187 0.100547790527344
0.286895751953125 0.22332763671875 0.0831756591796875 0.116127014160156
0.34527587890625 0.101409912109375 0.1553955078125 0.0425872802734375
0.31402587890625 0.11114501953125 0.133262634277344 -0.0161972045898437
0.352020263671875 0.077178955078125 0.146316528320313 -0.0227813720703125
0.294677734375 0.139129638671875 0.105903625488281 -0.0323104858398437
0.230010986328125 0.257339477539062 0.0293388366699219 -0.0510787963867187
0.113616943359375 0.33306884765625 0.0396499633789063 -0.115081787109375
-0.164459228515625 0.36578369140625 0.107192993164063 -0.1923828125
-0.298583984375 0.322509765625 0.224319458007812 -0.241744995117187
-0.3802490234375 0.172210693359375 0.408721923828125 -0.223358154296875
-0.488983154296875 0.191558837890625 -0.107711791992188 -0.151824951171875
-0.4320068359375 0.265838623046875 -0.043975830078125 -0.102706909179687
-0.355804443359375 0.425689697265625 -0.076324462890625 -0.0815505981445312
-0.0858154296875 0.47222900390625 -0.0860214233398437 -0.036956787109375
0.08709716796875 0.418304443359375 -0.105903625488281 0.0320816040039063
0.3011474609375 0.270904541015625 -0.0157928466796875 0.0571937561035156
0.371917724609375 0.129791259765625 0.0212173461914063 0.0137519836425781
0.34625244140625 0.1258544921875 0.00202751159667971 -0.0293788909912109
0.397430419921875 0.08209228515625 0.0206718444824219 -0.03179931640625
0.345550537109375 0.144287109375 -0.0040626525878906 -0.0569267272949219
0.286865234375 0.28448486328125 -0.055877685546875 -0.0655784606933593
0.17022705078125 0.378387451171875 -0.0247573852539062 -0.128074645996094
-0.14056396484375 0.44586181640625 0.0512237548828125 -0.191726684570312
-0.294952392578125 0.412322998046875 0.153915405273437 -0.188507080078125
-0.413726806640625 0.261138916015625 0.267959594726562 -0.170547485351562
-0.433502197265625 0.241668701171875 -0.262481689453125 -0.093963623046875
-0.374298095703125 0.28826904296875 -0.134506225585938 -0.0536956787109375
-0.29962158203125 0.408050537109375 -0.101425170898438 -0.0832977294921874
-0.067230224609375 0.436553955078125 -0.118186950683594 -0.0811386108398438
0.076751708984375 0.388336181640625 -0.15093994140625 -0.0388946533203125
0.27783203125 0.261520385742187 -0.114662170410156 -0.0129241943359375
0.3446044921875 0.12908935546875 -0.118705749511719 -0.0191116333007812
0.325531005859375 0.120452880859375 -0.130767822265625 -0.037017822265625
0.37799072265625 0.078887939453125 -0.1104736328125 -0.0313491821289062
0.33087158203125 0.13641357421875 -0.118293762207031 -0.068695068359375
0.278472900390625 0.272674560546875 -0.136337280273437 -0.069580078125
0.173492431640625 0.3594970703125 -0.0818405151367187 -0.123504638671875
-0.112548828125 0.43524169921875 0.0044097900390625 -0.160125732421875
-0.2529296875 0.41754150390625 0.0827560424804687 -0.0958480834960937
-0.38189697265625 0.29608154296875 0.113273620605469 -0.0807876586914063
-0.309326171875 0.260528564453125 -0.399627685546875 -0.014984130859375
-0.24981689453125 0.275833129882813 -0.218978881835938 0.00698852539062503
-0.17645263671875 0.32904052734375 -0.129005432128906 -0.0658645629882813
-0.01910400390625 0.32366943359375 -0.147323608398438 -0.096771240234375
0.0693359375 0.285888671875 -0.177536010742187 -0.0857696533203125
0.218765258789063 0.196426391601563 -0.195602416992188 -0.0690155029296875
0.265792846679688 0.101364135742188 -0.240585327148437 -0.0431365966796875
0.253585815429688 0.095733642578125 -0.24517822265625 -0.03790283203125
0.2958984375 0.071807861328125 -0.226211547851562 -0.0309295654296875
0.251876831054688 0.119003295898437 -0.211349487304687 -0.0795745849609375
0.201416015625 0.225082397460938 -0.189361572265625 -0.0765533447265625
0.118988037109375 0.278656005859375 -0.115943908691406 -0.1131591796875
-0.089569091796875 0.3291015625 -0.023529052734375 -0.113815307617187
-0.179443359375 0.3331298828125 0.0177593231201172 0.00506973266601565
-0.289642333984375 0.27142333984375 -0.0343551635742188 0.020772933959961
-0.141357421875 0.23468017578125 -0.496673583984375 0.0756835937499999
-0.0978240966796875 0.217849731445312 -0.283447265625 0.0766296386718751
-0.03900146484375 0.199905395507813 -0.151107788085938 -0.0246124267578125
0.0261688232421875 0.16839599609375 -0.16485595703125 -0.07537841796875
0.05426025390625 0.14495849609375 -0.1817626953125 -0.095916748046875
0.1312255859375 0.100555419921875 -0.247085571289062 -0.0949859619140625
0.147125244140625 0.054931640625 -0.323638916015625 -0.048858642578125
0.141876220703125 0.0560150146484375 -0.323028564453125 -0.03173828125
0.165206909179688 0.055145263671875 -0.30645751953125 -0.037200927734375
0.128036499023438 0.0872650146484375 -0.263656616210937 -0.097198486328125
0.0843353271484375 0.141937255859375 -0.201248168945313 -0.0946502685546875
0.0347900390625 0.147781372070313 -0.118675231933594 -0.106964111328125
-0.053192138671875 0.159515380859375 -0.0321426391601563 -0.07086181640625
-0.0744476318359375 0.18914794921875 -0.03436279296875 0.0846176147460938
-0.145095825195313 0.201568603515625 -0.150238037109375 0.108718872070313
0.038543701171875 0.158843994140625 -0.54388427734375 0.162841796875
0.0431671142578125 0.12054443359375 -0.31939697265625 0.149993896484375
0.0694923400878906 0.048370361328125 -0.158538818359375 0.034698486328125
0.0444412231445313 0.00933837890625 -0.162445068359375 -0.025543212890625
0.0228137969970703 0.00327110290527344 -0.1636962890625 -0.0764312744140625
0.0242652893066406 0.00314140319824219 -0.26287841796875 -0.0890960693359375
0.00710678100585938 0.00576639175415039 -0.3575439453125 -0.03668212890625
0.00857019424438476 0.0083012580871582 -0.350311279296875 -0.0218811035156249
0.0123462677001953 0.0260772705078125 -0.338897705078125 -0.0493774414062501
-0.0068206787109375 0.0326442718505859 -0.267898559570313 -0.119888305664063
-0.0298519134521484 0.0294075012207031 -0.17205810546875 -0.11822509765625
-0.0301074981689453 -0.0104198455810547 -0.0925521850585938 -0.102828979492188
0.0184898376464844 -0.0234184265136719 -0.0247306823730469 -0.0352096557617188
0.061248779296875 0.034423828125 -0.0682296752929688 0.130706787109375
0.0291900634765625 0.110671997070312 -0.215316772460938 0.169082641601563
-0.2445068359375 -0.0282745361328125 0.213623046875 -0.247833251953125
-0.187393188476563 0.104232788085937 0.1036376953125 -0.189407348632813
-0.10064697265625 0.201553344726562 -0.0181179046630859 -0.00671386718749999
0.0396575927734375 0.1844482421875 0.0416946411132813 0.0964584350585938
0.114097595214844 0.122406005859375 0.102310180664063 0.165176391601563
0.145294189453125 0.0249481201171875 0.25714111328125 0.137725830078125
0.1470947265625 -0.0131988525390625 0.35992431640625 0.040618896484375
0.125473022460938 0.0212173461914063 0.340423583984375 0.003082275390625
0.129119873046875 0.0141983032226563 0.33673095703125 0.011474609375
0.102043151855469 0.0555572509765625 0.26458740234375 0.0489654541015625
0.0694122314453125 0.10211181640625 0.159698486328125 0.017333984375
-0.00160217285156251 0.138809204101563 0.140327453613281 -0.0394744873046875
-0.126625061035156 0.108413696289063 0.196121215820313 -0.11517333984375
-0.177932739257813 0.0526275634765625 0.31903076171875 -0.23431396484375
-0.1658935546875 -0.050384521484375 0.602294921875 -0.228271484375
-0.394683837890625 0.0750732421875 0.158172607421875 -0.233993530273438
-0.31903076171875 0.193878173828125 0.0902862548828125 -0.178802490234375
-0.2196044921875 0.335205078125 -0.037445068359375 -0.0364723205566406
0.00628662109375003 0.33612060546875 -0.00667953491210938 0.0663070678710938
0.135757446289062 0.2657470703125 0.0299072265625 0.157211303710938
0.249588012695312 0.1229248046875 0.192138671875 0.147247314453125
0.279754638671875 0.034942626953125 0.287994384765625 0.048370361328125
0.251922607421875 0.0644989013671875 0.260604858398438 -0.007293701171875
0.271682739257813 0.0422821044921875 0.2657470703125 -0.011260986328125
0.221221923828125 0.10565185546875 0.20416259765625 0.00550842285156251
0.16546630859375 0.196243286132813 0.102409362792969 -0.0200653076171875
0.0615692138671875 0.25970458984375 0.093109130859375 -0.0867691040039062
-0.16021728515625 0.267929077148438 0.15594482421875 -0.174530029296875
-0.261184692382813 0.218185424804688 0.28411865234375 -0.27362060546875
-0.308441162109375 0.0842590332031249 0.533721923828125 -0.266082763671875
-0.493438720703125 0.160430908203125 0.0426177978515625 -0.198318481445313
-0.416839599609375 0.256591796875 0.0391387939453125 -0.147750854492187
-0.320770263671875 0.428436279296875 -0.0579833984375 -0.0601844787597656
-0.04071044921875 0.45098876953125 -0.0498771667480469 0.0232353210449219
0.129638671875 0.381988525390625 -0.0405807495117187 0.115554809570313
0.31195068359375 0.2144775390625 0.100860595703125 0.121749877929688
0.368133544921875 0.0823974609375 0.171524047851563 0.0402679443359375
0.33935546875 0.097808837890625 0.141937255859375 -0.017333984375
0.376800537109375 0.056915283203125 0.15679931640625 -0.025238037109375
0.320404052734375 0.129302978515625 0.110023498535156 -0.0303192138671875
0.261337280273438 0.259658813476563 0.0256118774414063 -0.0458641052246094
0.141326904296875 0.3521728515625 0.031463623046875 -0.117362976074219
-0.1544189453125 0.406707763671875 0.0987701416015625 -0.205108642578125
-0.298736572265625 0.3668212890625 0.223068237304687 -0.265945434570313
-0.402984619140625 0.211181640625 0.416107177734375 -0.250823974609375
-0.5166015625 0.229736328125 -0.11126708984375 -0.144668579101562
-0.445892333984375 0.302459716796875 -0.0432586669921875 -0.101295471191406
-0.35479736328125 0.472686767578125 -0.0820236206054688 -0.0733795166015625
-0.0642089843750001 0.503875732421875 -0.0882644653320313 -0.027191162109375
0.115570068359375 0.4403076171875 -0.104209899902344 0.0478668212890625
0.33074951171875 0.2686767578125 -0.00574874877929685 0.0655097961425781
0.40045166015625 0.113800048828125 0.0280590057373047 0.0178680419921875
0.37445068359375 0.11456298828125 0.00248718261718752 -0.0241622924804687
0.42578125 0.06219482421875 0.0234546661376953 -0.0281047821044922
0.373138427734375 0.1339111328125 -0.00693893432617185 -0.0505447387695313
0.320098876953125 0.286346435546875 -0.0637130737304687 -0.0565452575683593
0.20123291015625 0.395172119140625 -0.0360488891601562 -0.125831604003906
-0.12664794921875 0.486785888671875 0.0391387939453125 -0.198577880859375
-0.2916259765625 0.458465576171875 0.150970458984375 -0.202102661132812
-0.433258056640625 0.302520751953125 0.26800537109375 -0.184585571289062
-0.4560546875 0.274627685546875 -0.276596069335938 -0.0731201171874999
-0.3883056640625 0.3206787109375 -0.140007019042969 -0.0407485961914062
-0.30242919921875 0.45184326171875 -0.110107421875 -0.0720901489257812
-0.05120849609375 0.4676513671875 -0.124282836914062 -0.0698394775390625
0.10162353515625 0.41363525390625 -0.155136108398438 -0.0250701904296875
0.307373046875 0.2650146484375 -0.114021301269531 -0.00453948974609374
0.37274169921875 0.11968994140625 -0.123191833496094 -0.00936126708984375
0.353515625 0.11383056640625 -0.139266967773437 -0.0258026123046875
0.40557861328125 0.06341552734375 -0.115829467773437 -0.0217361450195312
0.3570556640625 0.129058837890625 -0.127265930175781 -0.0586395263671875
0.308502197265625 0.27642822265625 -0.147109985351562 -0.0572509765625
0.20135498046875 0.37481689453125 -0.0954818725585937 -0.117218017578125
-0.10028076171875 0.47064208984375 -0.00759887695312499 -0.160324096679687
-0.249420166015625 0.456939697265625 0.0789718627929687 -0.0985107421875
-0.399505615234375 0.333953857421875 0.105369567871094 -0.0798873901367187
-0.323089599609375 0.283721923828125 -0.4215087890625 0.0173645019531249
-0.259185791015625 0.29876708984375 -0.231201171875 0.0303955078125
-0.18023681640625 0.358917236328125 -0.139442443847656 -0.0514068603515625
-0.00988769531249999 0.3472900390625 -0.156265258789063 -0.0845489501953125
0.085174560546875 0.307281494140625 -0.186798095703125 -0.075775146484375
0.240997314453125 0.203567504882813 -0.205108642578125 -0.0618133544921875
0.289703369140625 0.097625732421875 -0.254608154296875 -0.0292510986328125
0.27679443359375 0.0943756103515625 -0.260833740234375 -0.021240234375
0.318939208984375 0.06402587890625 -0.239212036132812 -0.015899658203125
0.272964477539063 0.118362426757813 -0.22528076171875 -0.0667266845703125
0.223098754882813 0.232772827148438 -0.20208740234375 -0.063385009765625
0.13604736328125 0.292877197265625 -0.130027770996094 -0.104965209960938
-0.08502197265625 0.354827880859375 -0.0351715087890625 -0.110092163085937
-0.17852783203125 0.359222412109375 0.0153417587280273 0.0123167037963867
-0.302703857421875 0.297882080078125 -0.0458259582519531 0.0344009399414063
-0.144195556640625 0.243576049804688 -0.52178955078125 0.116424560546875
-0.100494384765625 0.22802734375 -0.2978515625 0.107452392578125
-0.0426788330078125 0.211532592773438 -0.160629272460938 -0.00839233398437495
0.027557373046875 0.178558349609375 -0.173446655273438 -0.062744140625
0.05963134765625 0.157150268554688 -0.192337036132812 -0.090423583984375
0.141952514648438 0.108428955078125 -0.262603759765625 -0.0890655517578126
0.162200927734375 0.0580596923828125 -0.345123291015625 -0.032440185546875
0.156539916992188 0.0600128173828125 -0.343994140625 -0.013763427734375
0.181304931640625 0.0573883056640625 -0.3253173828125 -0.019775390625
0.141021728515625 0.0933685302734375 -0.282257080078125 -0.08636474609375
0.09423828125 0.154327392578125 -0.215072631835938 -0.0848236083984375
0.0391387939453125 0.160888671875 -0.132347106933594 -0.100151062011719
-0.0583953857421875 0.172103881835938 -0.0424041748046875 -0.0654296875
-0.079071044921875 0.198776245117187 -0.0372314453125 0.0985260009765625
-0.153656005859375 0.212738037109375 -0.164215087890625 0.131423950195313
0.045440673828125 0.153335571289063 -0.56890869140625 0.2083740234375
0.0466995239257813 0.116432189941406 -0.3330078125 0.18548583984375
0.0668869018554688 0.0419502258300781 -0.164932250976563 0.053375244140625
0.0387496948242187 0.00771331787109375 -0.16717529296875 -0.0132598876953125
0.0170841217041016 0.00716018676757812 -0.172409057617188 -0.075103759765625
0.0233802795410156 0.0115280151367188 -0.280975341796875 -0.0841827392578125
0.0104570388793945 0.0159244537353516 -0.380950927734375 -0.0204162597656249
0.0122909545898438 0.0175228118896484 -0.372650146484375 -0.00418090820312498
0.0187950134277344 0.0366744995117188 -0.360809326171875 -0.03289794921875
-0.00254440307617187 0.0447998046875 -0.289093017578125 -0.112274169921875
-0.0312080383300781 0.0430030822753906 -0.186614990234375 -0.113861083984375
-0.0386085510253906 -0.000999450683593754 -0.104415893554688 -0.0997695922851562
0.0055084228515625 -0.0253334045410156 -0.0339813232421875 -0.0312690734863281
0.0535392761230469 0.0269966125488281 -0.0727691650390625 0.146316528320313
0.0277099609375 0.104827880859375 -0.230194091796875 0.195053100585937
-0.252243041992187 0.000122070312500024 0.214279174804687 -0.2789306640625
-0.17724609375 0.12078857421875 0.0999755859375 -0.212554931640625
-0.0797119140625 0.21221923828125 -0.0145931243896484 -0.00654697418212889
0.0599822998046875 0.179840087890625 0.0526809692382813 0.0936050415039063
0.128143310546875 0.1087646484375 0.1207275390625 0.16351318359375
0.146331787109375 0.005035400390625 0.278854370117188 0.124237060546875
0.144256591796875 -0.03167724609375 0.37969970703125 0.01495361328125
0.129020690917969 0.00650787353515625 0.35650634765625 -0.021209716796875
0.131446838378906 -0.00283050537109375 0.35601806640625 -0.0123291015625
0.110816955566406 0.0436248779296875 0.280654907226562 0.03729248046875
0.0855178833007813 0.0959548950195313 0.163894653320313 0.011688232421875
0.0166168212890625 0.146759033203125 0.139244079589844 -0.0508346557617187
-0.116470336914063 0.131309509277344 0.192916870117188 -0.13970947265625
-0.174301147460938 0.0790863037109375 0.314666748046875 -0.27508544921875
-0.176559448242188 -0.0277252197265625 0.61016845703125 -0.28717041015625
-0.403076171875 0.117462158203125 0.159515380859375 -0.255462646484375
-0.31005859375 0.223846435546875 0.0883331298828125 -0.197357177734375
-0.193939208984375 0.364105224609375 -0.036407470703125 -0.0327796936035156
0.035552978515625 0.34136962890625 0.00148391723632812 0.0694198608398438
0.16314697265625 0.2584228515625 0.0478057861328125 0.163726806640625
0.262542724609375 0.0998687744140625 0.214935302734375 0.139678955078125
0.287750244140625 0.007598876953125 0.307098388671875 0.02923583984375
0.265304565429688 0.0416412353515625 0.27410888671875 -0.0239105224609375
0.283233642578125 0.01544189453125 0.280853271484375 -0.0284576416015625
0.238861083984375 0.087860107421875 0.214462280273438 -0.00161743164062499
0.192230224609375 0.188812255859375 0.103103637695313 -0.0208511352539062
0.09075927734375 0.26922607421875 0.0869064331054688 -0.0933456420898437
-0.141265869140625 0.300872802734375 0.146209716796875 -0.194534301757812
-0.250091552734375 0.256637573242188 0.274383544921875 -0.309967041015625
-0.31854248046875 0.1229248046875 0.532440185546875 -0.315338134765625
-0.504974365234375 0.21221923828125 0.0421905517578125 -0.20562744140625
-0.412353515625 0.29803466796875 0.0387725830078125 -0.157608032226562
-0.29559326171875 0.471771240234375 -0.05999755859375 -0.0526924133300781
-0.00537109375000003 0.46795654296875 -0.0445213317871094 0.0313301086425782
0.16607666015625 0.384735107421875 -0.0267105102539062 0.128746032714844
0.336944580078125 0.1927490234375 0.120819091796875 0.120330810546875
0.38580322265625 0.05145263671875 0.186538696289063 0.03057861328125
0.36065673828125 0.071563720703125 0.1500244140625 -0.0233612060546875
0.395477294921875 0.024322509765625 0.165542602539063 -0.034027099609375
0.343994140625 0.106170654296875 0.113922119140625 -0.03155517578125
0.29541015625 0.247894287109375 0.0222129821777344 -0.0411949157714844
0.1790771484375 0.3585205078125 0.02142333984375 -0.117790222167969
-0.12701416015625 0.444610595703125 0.0844268798828125 -0.217742919921875
-0.278045654296875 0.412933349609375 0.2105712890625 -0.292572021484375
-0.41064453125 0.26019287109375 0.409423828125 -0.287139892578125
-0.527099609375 0.2825927734375 -0.115547180175781 -0.13421630859375
-0.444000244140625 0.347686767578125 -0.0439834594726563 -0.0990982055664062
-0.33447265625 0.524200439453125 -0.0868377685546875 -0.06170654296875
-0.0275268554687501 0.52813720703125 -0.0876846313476563 -0.0145645141601562
0.156219482421875 0.4515380859375 -0.0967254638671875 0.0645675659179688
0.363922119140625 0.25177001953125 0.00722503662109378 0.0698509216308594
0.423919677734375 0.08502197265625 0.03570556640625 0.0195693969726563
0.401275634765625 0.089599609375 0.0032157897949219 -0.0188446044921875
0.44866943359375 0.028594970703125 0.0260543823242188 -0.0258922576904297
0.39874267578125 0.109222412109375 -0.00926971435546873 -0.0436859130859375
0.357757568359375 0.2725830078125 -0.069854736328125 -0.0448226928710937
0.241790771484375 0.39813232421875 -0.0486373901367187 -0.120048522949219
-0.0927734375 0.52423095703125 0.023773193359375 -0.202651977539062
-0.266265869140625 0.504180908203125 0.139419555664062 -0.21722412109375
-0.43878173828125 0.35626220703125 0.258316040039063 -0.203033447265625
-0.465301513671875 0.32183837890625 -0.285064697265625 -0.044464111328125
-0.38726806640625 0.362335205078125 -0.143203735351563 -0.024383544921875
-0.28564453125 0.499969482421875 -0.117477416992188 -0.0557708740234374
-0.019195556640625 0.494171142578125 -0.128440856933594 -0.0538711547851562
0.138031005859375 0.42962646484375 -0.156082153320313 -0.00776672363281245
0.339752197265625 0.2545166015625 -0.112030029296875 0.00477600097656252
0.39935302734375 0.095977783203125 -0.124549865722656 0.003387451171875
0.380279541015625 0.092620849609375 -0.145736694335937 -0.00962829589843747
0.427947998046875 0.034637451171875 -0.11920166015625 -0.00856018066406249
0.381744384765625 0.10882568359375 -0.134712219238281 -0.0435714721679688
0.3431396484375 0.265411376953125 -0.155517578125 -0.04022216796875
0.238250732421875 0.377349853515625 -0.108146667480469 -0.105445861816406
-0.0705261230468751 0.503143310546875 -0.0223541259765625 -0.157943725585937
-0.225189208984375 0.495269775390625 0.0730133056640625 -0.101165771484375
-0.400360107421875 0.3792724609375 0.0975570678710937 -0.0800857543945312
-0.325439453125 0.31597900390625 -0.43212890625 0.061431884765625
-0.256256103515625 0.327728271484375 -0.2349853515625 0.0591278076171875
-0.16961669921875 0.39251708984375 -0.147216796875 -0.0311431884765625
0.011077880859375 0.36639404296875 -0.162918090820313 -0.06695556640625
0.111572265625 0.321258544921875 -0.19378662109375 -0.0606536865234375
0.26690673828125 0.198623657226563 -0.212722778320312 -0.0489959716796875
0.312103271484375 0.082305908203125 -0.265457153320313 -0.00729370117187504
0.299285888671875 0.08074951171875 -0.272857666015625 0.00363159179687501
0.33978271484375 0.044281005859375 -0.2484130859375 0.00622558593749996
0.293609619140625 0.106109619140625 -0.237869262695313 -0.0469818115234375
0.249679565429688 0.2293701171875 -0.211700439453125 -0.0438385009765625
0.16180419921875 0.299041748046875 -0.142196655273438 -0.090728759765625
-0.066925048828125 0.379150390625 -0.0469284057617188 -0.103271484375
-0.1632080078125 0.38580322265625 0.0152492523193359 0.0194377899169922
-0.302734375 0.331878662109375 -0.0520515441894531 0.0516700744628907
-0.1409912109375 0.2564697265625 -0.5313720703125 0.17120361328125
-0.09576416015625 0.239471435546875 -0.301116943359375 0.14556884765625
-0.038665771484375 0.224044799804688 -0.166427612304688 0.0142059326171875
0.0351715087890625 0.188064575195313 -0.178970336914063 -0.044586181640625
0.0710906982421875 0.16705322265625 -0.201187133789062 -0.0787353515625
0.1568603515625 0.110031127929687 -0.277481079101563 -0.0744171142578125
0.177703857421875 0.0543670654296875 -0.36151123046875 -0.00482177734374992
0.171646118164062 0.057098388671875 -0.358917236328125 0.01617431640625
0.197891235351563 0.0517730712890625 -0.339599609375 0.00793457031249993
0.156723022460938 0.0927886962890625 -0.298675537109375 -0.064422607421875
0.110092163085938 0.160385131835938 -0.2274169921875 -0.06744384765625
0.0487823486328125 0.170852661132812 -0.144317626953125 -0.086517333984375
-0.057159423828125 0.1864013671875 -0.0520210266113281 -0.0572090148925781
-0.076202392578125 0.21026611328125 -0.0341796875 0.112709045410156
-0.154891967773437 0.2276611328125 -0.168685913085938 0.159805297851563
0.0536041259765625 0.145782470703125 -0.57415771484375 0.26617431640625
0.0517120361328125 0.111274719238281 -0.331756591796875 0.22845458984375
0.0632247924804688 0.0354766845703125 -0.165252685546875 0.0759429931640625
0.0330886840820313 0.00680923461914063 -0.168960571289062 0.00294494628906254
0.0134611129760742 0.0107431411743164 -0.182083129882813 -0.0682525634765625
0.0251750946044922 0.0186519622802734 -0.29791259765625 -0.07000732421875
0.0171756744384766 0.0238513946533203 -0.399505615234375 0.00964355468750009
0.0187778472900391 0.0253047943115234 -0.38946533203125 0.02691650390625
0.0281562805175781 0.0448799133300781 -0.379913330078125 -0.00415039062499992
0.00519561767578124 0.0548629760742187 -0.31060791015625 -0.09332275390625
-0.0278968811035156 0.0563011169433594 -0.20086669921875 -0.102249145507813
-0.0440139770507813 0.0103225708007813 -0.117073059082031 -0.0908737182617188
-0.0081024169921875 -0.0240516662597656 -0.0419883728027344 -0.0240898132324219
0.0452308654785156 0.02117919921875 -0.0694427490234375 0.164260864257813
0.0265579223632813 0.0995635986328125 -0.233932495117188 0.227340698242187
-0.246566772460937 0.0296783447265625 0.202789306640625 -0.303070068359375
-0.16143798828125 0.132415771484375 0.087921142578125 -0.22894287109375
-0.055938720703125 0.21435546875 -0.0109729766845703 -0.00716209411621093
0.0772857666015625 0.167587280273438 0.061126708984375 0.0862503051757813
0.136962890625 0.0909805297851563 0.1357421875 0.154800415039063
0.139694213867188 -0.0140609741210938 0.29083251953125 0.103607177734375
0.134452819824219 -0.047760009765625 0.3858642578125 -0.016326904296875
0.126373291015625 -0.00818634033203125 0.361297607421875 -0.049224853515625
0.127822875976563 -0.0196914672851562 0.361602783203125 -0.040557861328125
0.115036010742187 0.0292282104492188 0.28924560546875 0.0208740234375
0.0973281860351563 0.0846481323242188 0.165145874023438 0.00505065917968751
0.0350189208984375 0.146957397460937 0.133872985839844 -0.0615081787109375
-0.0989532470703125 0.148208618164063 0.180191040039063 -0.160903930664063
-0.160903930664063 0.101760864257812 0.29266357421875 -0.307525634765625
-0.177719116210938 -0.00398254394531253 0.58892822265625 -0.34246826171875
-0.39404296875 0.1607666015625 0.1517333984375 -0.272689819335938
-0.289764404296875 0.2490234375 0.080108642578125 -0.211532592773437
-0.1605224609375 0.379486083984375 -0.0341873168945313 -0.0288658142089843
0.066162109375 0.333404541015625 0.0106849670410156 0.0696907043457031
0.184844970703125 0.241348266601562 0.0658721923828125 0.163055419921875
0.264968872070313 0.0726776123046875 0.230804443359375 0.12310791015625
0.283203125 -0.020477294921875 0.3150634765625 0.004852294921875
0.268447875976563 0.0175018310546875 0.278839111328125 -0.0434112548828125
0.283721923828125 -0.01275634765625 0.285369873046875 -0.0484619140625
0.248077392578125 0.06475830078125 0.218460083007813 -0.011962890625
0.212722778320313 0.171066284179688 0.101318359375 -0.02166748046875
0.118865966796875 0.265731811523437 0.078369140625 -0.0973892211914062
-0.111968994140625 0.322296142578125 0.129730224609375 -0.207901000976562
-0.2242431640625 0.2869873046875 0.2509765625 -0.33740234375
-0.31317138671875 0.16046142578125 0.51092529296875 -0.358551025390625
-0.49383544921875 0.263153076171875 0.0385284423828125 -0.209487915039062
-0.39056396484375 0.33349609375 0.0342864990234375 -0.1644287109375
-0.257659912109375 0.500946044921875 -0.0589752197265625 -0.043914794921875
0.033660888671875 0.466888427734375 -0.0373344421386719 0.0375785827636719
0.199676513671875 0.372222900390625 -0.00924682617187498 0.135330200195313
0.350433349609375 0.1630859375 0.137290954589844 0.110755920410156
0.388153076171875 0.0166015625 0.196014404296875 0.0171966552734375
0.369049072265625 0.040557861328125 0.153457641601563 -0.0307159423828125
0.3978271484375 -0.012298583984375 0.168548583984375 -0.04449462890625
0.354888916015625 0.076171875 0.115104675292969 -0.0342330932617187
0.320556640625 0.22406005859375 0.0192508697509766 -0.0346221923828125
0.21270751953125 0.349517822265625 0.0113677978515625 -0.114646911621094
-0.0875244140625 0.465850830078125 0.0663299560546875 -0.222076416015625
-0.241058349609375 0.44659423828125 0.187469482421875 -0.3106689453125
-0.396942138671875 0.304779052734375 0.38885498046875 -0.3165283203125
-0.51629638671875 0.333160400390625 -0.115165710449219 -0.121467590332031
-0.42388916015625 0.38653564453125 -0.0443344116210938 -0.0943527221679687
-0.29339599609375 0.56005859375 -0.0869827270507813 -0.0473861694335937
0.015625 0.53466796875 -0.0820465087890625 -0.00238800048828121
0.1962890625 0.4451904296875 -0.0844497680664062 0.07769775390625
0.385009765625 0.222930908203125 0.01922607421875 0.0686264038085938
0.433441162109375 0.0477294921875 0.0428047180175782 0.018829345703125
0.413177490234375 0.057281494140625 0.00471782684326174 -0.0139961242675781
0.452789306640625 -0.010406494140625 0.0281467437744141 -0.0241985321044922
0.4100341796875 0.076416015625 -0.00997924804687498 -0.036529541015625
0.3839111328125 0.244903564453125 -0.072418212890625 -0.0316314697265625
0.277862548828125 0.38525390625 -0.0581283569335937 -0.10858154296875
-0.05010986328125 0.54290771484375 0.00663757324218752 -0.199356079101562
-0.223968505859375 0.53387451171875 0.12237548828125 -0.226150512695312
-0.42071533203125 0.402008056640625 0.241683959960937 -0.216476440429687
-0.45184326171875 0.363677978515625 -0.281082153320313 -0.0144500732421874
-0.368804931640625 0.39666748046875 -0.139701843261719 -0.00766754150390623
-0.251312255859375 0.534820556640625 -0.117897033691406 -0.0363922119140625
0.018341064453125 0.50286865234375 -0.125907897949219 -0.0371398925781249
0.176605224609375 0.426788330078125 -0.1502685546875 0.00903320312499999
0.36309814453125 0.230712890625 -0.106597900390625 0.0123367309570313
0.41156005859375 0.063873291015625 -0.12127685546875 0.0152053833007812
0.393951416015625 0.063873291015625 -0.145355224609375 0.0078582763671875
0.436553955078125 -0.000457763671875 -0.118019104003906 0.00502014160156249
0.39385986328125 0.0792236328125 -0.136611938476562 -0.0271377563476563
0.368316650390625 0.241058349609375 -0.15673828125 -0.02044677734375
0.270660400390625 0.365325927734375 -0.115913391113281 -0.089447021484375
-0.031982421875 0.51763916015625 -0.0342559814453125 -0.14959716796875
-0.187225341796875 0.519134521484375 0.065277099609375 -0.102142333984375
-0.3818359375 0.42181396484375 0.0877456665039062 -0.0767898559570312
-0.31329345703125 0.343292236328125 -0.42431640625 0.10565185546875
-0.242462158203125 0.350067138671875 -0.22802734375 0.0866394042968751
-0.147186279296875 0.415985107421875 -0.146926879882813 -0.00849914550781244
0.037261962890625 0.374114990234375 -0.161422729492188 -0.0470733642578125
0.139678955078125 0.32330322265625 -0.193557739257812 -0.0435333251953125
0.286834716796875 0.1834716796875 -0.215011596679688 -0.0348968505859375
0.325286865234375 0.05975341796875 -0.265426635742188 0.016937255859375
0.3134765625 0.06060791015625 -0.273666381835938 0.0309906005859374
0.34930419921875 0.018829345703125 -0.247512817382813 0.029998779296875
0.305908203125 0.08624267578125 -0.241729736328125 -0.0235443115234375
0.27197265625 0.215545654296875 -0.2138671875 -0.0228576660156249
0.1851806640625 0.2933349609375 -0.1480712890625 -0.071929931640625
-0.042236328125 0.39154052734375 -0.0546493530273438 -0.0923538208007812
-0.138092041015625 0.40185546875 0.0173702239990234 0.0259323120117188
-0.289459228515625 0.360076904296875 -0.05255126953125 0.0676345825195313
-0.130935668945312 0.264785766601563 -0.519317626953125 0.223175048828125
-0.086700439453125 0.246841430664063 -0.290008544921875 0.181121826171875
-0.0302276611328125 0.233123779296875 -0.16253662109375 0.0382232666015625
0.0452880859375 0.191696166992187 -0.17645263671875 -0.024810791015625
0.0838470458984375 0.170196533203125 -0.20452880859375 -0.0641326904296875
0.168716430664063 0.104949951171875 -0.283843994140625 -0.05633544921875
0.188934326171875 0.0440216064453125 -0.364837646484375 0.0257873535156249
0.183029174804688 0.0484771728515625 -0.36029052734375 0.0498046875
0.208724975585938 0.0393524169921875 -0.340728759765625 0.038970947265625
0.168624877929688 0.0858001708984375 -0.30548095703125 -0.0386962890624999
0.12591552734375 0.159210205078125 -0.23199462890625 -0.04656982421875
0.060943603515625 0.175521850585938 -0.15106201171875 -0.069671630859375
-0.050262451171875 0.197601318359375 -0.0568504333496094 -0.0461807250976562
-0.0685272216796875 0.217041015625 -0.0257034301757813 0.123100280761719
-0.149139404296875 0.24005126953125 -0.162322998046875 0.184356689453125
0.0579757690429688 0.1341552734375 -0.553802490234375 0.321685791015625
0.0544662475585938 0.103797912597656 -0.31512451171875 0.26629638671875
0.0580825805664063 0.0299644470214844 -0.1561279296875 0.097198486328125
0.0278835296630859 0.00746726989746094 -0.162857055664063 0.0201416015625
0.0112152099609375 0.0152063369750977 -0.185379028320312 -0.0577239990234375
0.0280666351318359 0.0240993499755859 -0.306915283203125 -0.05084228515625
0.0246353149414062 0.0278453826904297 -0.40362548828125 0.042510986328125
0.0260372161865234 0.0297126770019531 -0.391510009765625 0.060638427734375
0.0388412475585938 0.0481834411621094 -0.383575439453125 0.028564453125
0.0146446228027344 0.0604019165039063 -0.32086181640625 -0.069488525390625
-0.0209884643554688 0.0672645568847656 -0.20977783203125 -0.0853271484375
-0.0451393127441406 0.0224037170410156 -0.125106811523438 -0.0771408081054688
-0.0198287963867188 -0.0180034637451172 -0.0460662841796875 -0.0149345397949219
0.0354499816894531 0.0177345275878906 -0.0594482421875 0.177749633789063
0.024261474609375 0.09381103515625 -0.224395751953125 0.256134033203125
-0.234970092773438 0.051177978515625 0.19140625 -0.316314697265625
-0.1466064453125 0.13665771484375 0.0750885009765625 -0.238082885742188
-0.037933349609375 0.209625244140625 -0.00771665573120118 -0.00810813903808593
0.0861663818359375 0.153488159179688 0.0653839111328125 0.0786819458007813
0.138641357421875 0.0748138427734375 0.143798828125 0.144775390625
0.128959655761719 -0.0261001586914062 0.293487548828125 0.086517333984375
0.122200012207031 -0.0575485229492187 0.382232666015625 -0.039093017578125
0.120719909667969 -0.0182113647460938 0.358001708984375 -0.069305419921875
0.120246887207031 -0.0307159423828125 0.359161376953125 -0.060516357421875
0.11346435546875 0.0184783935546875 0.2900390625 0.0087890625
0.102645874023438 0.0731201171875 0.163848876953125 0.001220703125
0.0496826171875 0.142349243164063 0.127395629882813 -0.0671234130859375
-0.082305908203125 0.155746459960938 0.165740966796875 -0.172637939453125
-0.145492553710938 0.115280151367188 0.26910400390625 -0.326507568359375
-0.173553466796875 0.0151214599609375 0.559112548828125 -0.373626708984375
-0.37652587890625 0.19024658203125 0.14434814453125 -0.2823486328125
-0.26812744140625 0.25958251953125 0.071685791015625 -0.219329833984375
-0.131866455078125 0.381988525390625 -0.0303630828857422 -0.0260181427001953
0.0848388671875 0.31866455078125 0.0174369812011719 0.0666313171386719
0.1962890625 0.222610473632813 0.0783538818359375 0.158721923828125
0.25927734375 0.0529632568359375 0.238128662109375 0.108535766601563
0.272048950195313 -0.039459228515625 0.31634521484375 -0.014801025390625
0.264328002929688 -0.001434326171875 0.277236938476563 -0.05670166015625
0.275833129882812 -0.0335235595703125 0.283966064453125 -0.063232421875
0.24737548828125 0.0460662841796875 0.21929931640625 -0.0190582275390625
0.222122192382813 0.153533935546875 0.0999374389648438 -0.0199050903320312
0.13824462890625 0.257949829101563 0.0715866088867188 -0.0971603393554687
-0.086456298828125 0.331024169921875 0.114410400390625 -0.213531494140625
-0.198150634765625 0.301849365234375 0.226318359375 -0.349090576171875
-0.30133056640625 0.18585205078125 0.484466552734375 -0.382965087890625
-0.473724365234375 0.29620361328125 0.038970947265625 -0.210205078125
-0.36688232421875 0.351165771484375 0.0314178466796875 -0.167984008789062
-0.2227783203125 0.511993408203125 -0.0551681518554688 -0.0362701416015625
0.06072998046875 0.45648193359375 -0.0281715393066406 0.040740966796875
0.2200927734375 0.35504150390625 0.00555419921875002 0.136260986328125
0.351104736328125 0.13818359375 0.146682739257813 0.100753784179688
0.379974365234375 -0.008636474609375 0.199859619140625 0.005462646484375
0.36761474609375 0.016845703125 0.15435791015625 -0.035858154296875
0.39068603515625 -0.039276123046875 0.168838500976563 -0.0508575439453125
0.35394287109375 0.05291748046875 0.115058898925781 -0.0340728759765625
0.331939697265625 0.200469970703125 0.0189552307128906 -0.0281524658203125
0.234954833984375 0.335723876953125 0.00514984130859376 -0.108238220214844
-0.055877685546875 0.472259521484375 0.05218505859375 -0.221038818359375
-0.207489013671875 0.45977783203125 0.165802001953125 -0.3167724609375
-0.379241943359375 0.334320068359375 0.365814208984375 -0.32952880859375
-0.496551513671875 0.36712646484375 -0.108314514160156 -0.110870361328125
-0.398895263671875 0.409393310546875 -0.0424270629882813 -0.0905532836914062
-0.258544921875 0.57666015625 -0.0820388793945313 -0.0348739624023437
0.04522705078125 0.528228759765625 -0.0731582641601563 0.00566864013671879
0.223876953125 0.43035888671875 -0.0710906982421875 0.0840377807617188
0.392059326171875 0.19793701171875 0.0275955200195313 0.0653343200683594
0.42938232421875 0.020111083984375 0.0478706359863282 0.016326904296875
0.414276123046875 0.032501220703125 0.00755310058593753 -0.00906944274902344
0.446014404296875 -0.03936767578125 0.0300827026367188 -0.0229835510253906
0.40924072265625 0.05096435546875 -0.0092353820800781 -0.0297183990478516
0.39599609375 0.21929931640625 -0.0709609985351562 -0.0195770263671875
0.3001708984375 0.3677978515625 -0.0617828369140625 -0.097808837890625
-0.017547607421875 0.54498291015625 -0.00372314453125002 -0.19287109375
-0.18695068359375 0.542449951171875 0.1077880859375 -0.226882934570312
-0.397705078125 0.430206298828125 0.225372314453125 -0.219253540039062
-0.43560791015625 0.389739990234375 -0.269210815429688 0.00656127929687505
-0.348846435546875 0.414947509765625 -0.132247924804688 0.004180908203125
-0.22052001953125 0.552154541015625 -0.112403869628906 -0.0200653076171875
0.047088623046875 0.4998779296875 -0.117988586425781 -0.0247573852539062
0.2020263671875 0.417510986328125 -0.14056396484375 0.0194015502929688
0.37347412109375 0.209320068359375 -0.100845336914062 0.015472412109375
0.411834716796875 0.037628173828125 -0.11529541015625 0.0233688354492187
0.39739990234375 0.041412353515625 -0.140365600585938 0.0215835571289063
0.431243896484375 -0.027587890625 -0.112777709960937 0.0146484375
0.393402099609375 0.056243896484375 -0.134834289550781 -0.01446533203125
0.37939453125 0.2183837890625 -0.153045654296875 -0.00524902343750001
0.290771484375 0.349517822265625 -0.116401672363281 -0.0752716064453125
-0.00259399414062495 0.518768310546875 -0.0408477783203125 -0.140098571777344
-0.155426025390625 0.52398681640625 0.0599822998046875 -0.099090576171875
-0.36181640625 0.443603515625 0.0813217163085937 -0.0715484619140625
-0.300567626953125 0.357513427734375 -0.406646728515625 0.13507080078125
-0.2279052734375 0.362335205078125 -0.215744018554688 0.105880737304688
-0.1265869140625 0.4278564453125 -0.140022277832031 0.00977325439453125
0.055908203125 0.374481201171875 -0.153793334960938 -0.0331878662109375
0.158905029296875 0.3182373046875 -0.188201904296875 -0.03125
0.296356201171875 0.1695556640625 -0.2125244140625 -0.0248565673828125
0.328521728515625 0.04052734375 -0.259719848632813 0.03326416015625
0.318450927734375 0.0439453125 -0.266693115234375 0.0509185791015625
0.3492431640625 -0.000762939453125 -0.240371704101562 0.04656982421875
0.3082275390625 0.07012939453125 -0.239059448242188 -0.00601196289062498
0.283416748046875 0.1998291015625 -0.209915161132813 -0.00521850585937503
0.200439453125 0.28424072265625 -0.147476196289063 -0.056884765625
-0.0230712890625 0.39483642578125 -0.0575027465820313 -0.08221435546875
-0.118072509765625 0.40582275390625 0.0195579528808594 0.0301799774169922
-0.2747802734375 0.376739501953125 -0.0498886108398438 0.08001708984375
-0.124176025390625 0.266082763671875 -0.496429443359375 0.256805419921875
-0.079925537109375 0.249160766601562 -0.2724609375 0.203659057617188
-0.0229949951171875 0.237533569335937 -0.15374755859375 0.0556793212890625
0.051666259765625 0.19317626953125 -0.16790771484375 -0.0108489990234375
0.0926666259765625 0.170379638671875 -0.202850341796875 -0.053802490234375
0.175369262695313 0.0997161865234375 -0.284576416015625 -0.042510986328125
0.194137573242187 0.035125732421875 -0.35992431640625 0.0479125976562501
0.189712524414063 0.041229248046875 -0.35296630859375 0.0730895996093749
0.213333129882813 0.0291748046875 -0.333160400390625 0.0609130859375
0.17474365234375 0.07843017578125 -0.303924560546875 -0.0179443359374999
0.136611938476563 0.155181884765625 -0.229507446289063 -0.0295257568359374
0.0699462890625 0.176681518554688 -0.150604248046875 -0.0550994873046875
-0.0445556640625 0.203842163085938 -0.0573997497558594 -0.0366096496582031
-0.0626373291015625 0.219284057617187 -0.0177459716796875 0.129478454589844
-0.14312744140625 0.246627807617188 -0.153366088867188 0.201675415039063
0.0573883056640625 0.123237609863281 -0.5281982421875 0.3538818359375
0.0538864135742188 0.0966873168945312 -0.293304443359375 0.289642333984375
0.0519256591796875 0.02764892578125 -0.144210815429688 0.1109619140625
0.0234565734863281 0.0098114013671875 -0.153961181640625 0.0304718017578125
0.00919342041015625 0.0193748474121094 -0.18511962890625 -0.0508575439453125
0.0312919616699219 0.0282230377197266 -0.308135986328125 -0.036956787109375
0.031646728515625 0.0301799774169922 -0.398834228515625 0.066162109375
0.032958984375 0.0319538116455078 -0.38507080078125 0.0839233398437499
0.0479621887207031 0.049285888671875 -0.377593994140625 0.052215576171875
0.0230064392089844 0.0631637573242188 -0.32196044921875 -0.0484008789062499
-0.0134048461914062 0.073638916015625 -0.210693359375 -0.0716552734375
-0.0439949035644531 0.0321540832519531 -0.127578735351563 -0.0653610229492187
-0.0284595489501953 -0.0100364685058594 -0.0470085144042969 -0.00685501098632813
0.0261745452880859 0.0171871185302734 -0.04974365234375 0.184829711914063
0.0194015502929687 0.0892868041992188 -0.212173461914063 0.273178100585938
-0.223922729492188 0.063934326171875 0.18817138671875 -0.326080322265625
-0.136833190917969 0.136566162109375 0.069000244140625 -0.244552612304688
-0.0270538330078125 0.203338623046875 -0.00503158569335938 -0.0101480484008789
0.08984375 0.142227172851563 0.0669326782226563 0.0736846923828125
0.137870788574219 0.063720703125 0.148513793945313 0.1392822265625
0.119491577148437 -0.03302001953125 0.294342041015625 0.077545166015625
0.111854553222656 -0.0611801147460938 0.38006591796875 -0.052581787109375
0.115936279296875 -0.0241775512695312 0.357025146484375 -0.0811767578125
0.114418029785156 -0.0367202758789062 0.357635498046875 -0.072235107421875
0.111015319824219 0.0115890502929688 0.29278564453125 0.002655029296875
0.105056762695312 0.0656967163085938 0.16363525390625 0.00128173828125
0.058563232421875 0.13873291015625 0.1220703125 -0.0693588256835937
-0.069915771484375 0.159103393554688 0.155471801757813 -0.178970336914063
-0.132583618164063 0.121795654296875 0.2530517578125 -0.33575439453125
-0.168212890625 0.0282135009765625 0.543426513671875 -0.390228271484375
-0.36358642578125 0.207275390625 0.144775390625 -0.28857421875
-0.254409790039063 0.264373779296875 0.0673980712890625 -0.225341796875
-0.114654541015625 0.3807373046875 -0.0266876220703125 -0.024505615234375
0.0941162109375 0.307464599609375 0.0220375061035156 0.0644607543945313
0.201385498046875 0.210464477539063 0.0870513916015625 0.155075073242188
0.251754760742188 0.0408935546875 0.242080688476563 0.0998077392578125
0.261764526367188 -0.0494232177734375 0.316802978515625 -0.025604248046875
0.260650634765625 -0.0120086669921875 0.27764892578125 -0.0645751953125
0.269760131835938 -0.0460052490234375 0.283935546875 -0.070587158203125
0.245498657226563 0.0358428955078125 0.221221923828125 -0.02130126953125
0.227386474609375 0.142166137695313 0.0999298095703125 -0.016754150390625
0.150299072265625 0.252365112304688 0.0676498413085938 -0.096160888671875
-0.0704345703125 0.335906982421875 0.104751586914063 -0.215850830078125
-0.18060302734375 0.30902099609375 0.2105712890625 -0.355560302734375
-0.291717529296875 0.203277587890625 0.467681884765625 -0.392791748046875
-0.46124267578125 0.317657470703125 0.043487548828125 -0.21240234375
-0.35113525390625 0.36083984375 0.0308837890625 -0.1712646484375
-0.200714111328125 0.516632080078125 -0.0497283935546875 -0.0307693481445312
0.075469970703125 0.447113037109375 -0.0211601257324219 0.04150390625
0.231475830078125 0.3438720703125 0.0159835815429688 0.135818481445313
0.34735107421875 0.124053955078125 0.152236938476563 0.094207763671875
0.3719482421875 -0.02362060546875 0.202484130859375 -0.002044677734375
0.3662109375 0.003570556640625 0.15643310546875 -0.0381317138671875
0.38446044921875 -0.0552978515625 0.170623779296875 -0.054046630859375
0.351470947265625 0.03924560546875 0.116996765136719 -0.0321578979492188
0.337677001953125 0.1861572265625 0.0198211669921875 -0.0216426849365234
0.2486572265625 0.327606201171875 0.00313568115234375 -0.103584289550781
-0.036407470703125 0.4761962890625 0.0440826416015625 -0.219436645507812
-0.18780517578125 0.463653564453125 0.154022216796875 -0.31927490234375
-0.3687744140625 0.35406494140625 0.35400390625 -0.33551025390625
-0.486358642578125 0.3880615234375 -0.100624084472656 -0.106346130371094
-0.38629150390625 0.42132568359375 -0.0390167236328125 -0.0890426635742187
-0.23565673828125 0.58746337890625 -0.0754241943359375 -0.0255889892578125
0.0631103515625 0.52349853515625 -0.065521240234375 0.00952148437500002
0.23834228515625 0.422332763671875 -0.0607070922851562 0.0870132446289063
0.393951416015625 0.18341064453125 0.0331611633300781 0.0617599487304688
0.425323486328125 0.003936767578125 0.0515327453613282 0.0141220092773438
0.415008544921875 0.018096923828125 0.0110216140747071 -0.00534725189208984
0.442138671875 -0.056610107421875 0.0330238342285157 -0.0217685699462891
0.406494140625 0.037445068359375 -0.00737953186035153 -0.0244464874267578
0.40240478515625 0.204132080078125 -0.068023681640625 -0.0103607177734375
0.313201904296875 0.35723876953125 -0.0615615844726562 -0.0904006958007812
0.00390625000000006 0.54656982421875 -0.00878906250000001 -0.18817138671875
-0.167022705078125 0.546722412109375 0.099853515625 -0.22613525390625
-0.3856201171875 0.446563720703125 0.216232299804687 -0.218170166015625
-0.42742919921875 0.40740966796875 -0.25836181640625 0.0181427001953125
-0.33935546875 0.427398681640625 -0.125320434570313 0.0113143920898438
-0.202880859375 0.56512451171875 -0.105125427246094 -0.00829315185546869
0.062225341796875 0.4998779296875 -0.109458923339844 -0.018035888671875
0.21771240234375 0.41326904296875 -0.132720947265625 0.0245132446289063
0.378692626953125 0.197357177734375 -0.0974349975585937 0.0168533325195313
0.410247802734375 0.023162841796875 -0.111557006835937 0.0270309448242188
0.400299072265625 0.028717041015625 -0.136100769042969 0.0305328369140625
0.42889404296875 -0.042755126953125 -0.108932495117187 0.0204544067382813
0.39288330078125 0.044219970703125 -0.132179260253906 -0.00553131103515627
0.386016845703125 0.204559326171875 -0.148880004882813 0.00567626953125
0.300384521484375 0.340179443359375 -0.114402770996094 -0.0654296875
0.01385498046875 0.51959228515625 -0.0432662963867187 -0.133262634277344
-0.1378173828125 0.526519775390625 0.0570755004882812 -0.0969467163085937
-0.351043701171875 0.45867919921875 0.077606201171875 -0.0652999877929687
-0.295379638671875 0.367523193359375 -0.39251708984375 0.151580810546875
-0.222564697265625 0.3697509765625 -0.205596923828125 0.117431640625
-0.1151123046875 0.4383544921875 -0.131454467773438 0.0232315063476563
0.067108154296875 0.375335693359375 -0.145462036132813 -0.0250396728515625
0.17059326171875 0.317413330078125 -0.18341064453125 -0.0255889892578124
0.3023681640625 0.16217041015625 -0.211273193359375 -0.0204925537109375
0.32977294921875 0.02911376953125 -0.255996704101563 0.0426177978515624
0.3226318359375 0.035430908203125 -0.261917114257813 0.0642242431640625
0.34979248046875 -0.012176513671875 -0.235366821289062 0.0568084716796875
0.309356689453125 0.06170654296875 -0.236129760742188 0.00509643554687503
0.290130615234375 0.191497802734375 -0.205337524414062 0.00605773925781253
0.208831787109375 0.280258178710938 -0.144195556640625 -0.0465545654296875
-0.012969970703125 0.39788818359375 -0.0569381713867188 -0.0757064819335937
-0.108428955078125 0.40716552734375 0.0220222473144531 0.03387451171875
-0.268035888671875 0.38641357421875 -0.0484848022460938 0.09002685546875
-0.1234130859375 0.267669677734375 -0.48095703125 0.275604248046875
-0.078765869140625 0.250885009765625 -0.26031494140625 0.218154907226562
-0.0204620361328125 0.242904663085938 -0.144210815429688 0.0676116943359375
0.05584716796875 0.195602416992188 -0.160369873046875 -0.0036468505859375
0.0983428955078125 0.172775268554688 -0.200454711914063 -0.048797607421875
0.179672241210938 0.0979156494140625 -0.285736083984375 -0.036376953125
0.1976318359375 0.0299835205078125 -0.355621337890625 0.0614624023437501
0.195602416992188 0.03704833984375 -0.34808349609375 0.08807373046875
0.217788696289062 0.0236358642578125 -0.328033447265625 0.0731201171874999
0.178878784179687 0.074981689453125 -0.301788330078125 -0.00613403320312493
0.143508911132813 0.153076171875 -0.226760864257813 -0.019256591796875
0.07550048828125 0.17816162109375 -0.148391723632812 -0.045440673828125
-0.04254150390625 0.20965576171875 -0.0558662414550781 -0.0303535461425781
-0.061676025390625 0.221221923828125 -0.0122756958007813 0.133781433105469
-0.143478393554687 0.250442504882813 -0.148513793945313 0.213668823242188
0.0537338256835938 0.116416931152344 -0.51141357421875 0.37261962890625
0.0511550903320313 0.0936126708984375 -0.2789306640625 0.303955078125
0.0472869873046875 0.0275650024414062 -0.134101867675781 0.120315551757812
0.0205955505371094 0.0130519866943359 -0.145767211914063 0.03533935546875
0.00834274291992188 0.0237255096435547 -0.185546875 -0.048919677734375
0.0345458984375 0.0319976806640625 -0.310272216796875 -0.0301513671875
0.0369415283203125 0.0309677124023438 -0.39617919921875 0.080047607421875
0.0389976501464844 0.0338134765625 -0.38031005859375 0.0984191894531251
0.0548019409179688 0.0494346618652344 -0.374176025390625 0.06640625
0.0294952392578125 0.0652885437011719 -0.322235107421875 -0.0370178222656251
-0.00673675537109375 0.0782546997070313 -0.21051025390625 -0.0626678466796875
-0.0417098999023438 0.0399131774902344 -0.127197265625 -0.0568466186523437
-0.0341758728027344 -0.00304985046386718 -0.0460891723632813 -0.00114440917968749
0.0183258056640625 0.0190372467041016 -0.043487548828125 0.190017700195313
0.0134048461914063 0.08770751953125 -0.206329345703125 0.285369873046875
-0.218490600585938 0.0731048583984375 0.192169189453125 -0.340576171875
-0.132514953613281 0.137748718261719 0.065460205078125 -0.254928588867188
-0.0216064453125 0.200851440429688 -0.00300979614257813 -0.0119848251342773
0.0921554565429688 0.136672973632813 0.0682296752929688 0.0713043212890625
0.138214111328125 0.0563812255859375 0.154495239257813 0.138153076171875
0.113121032714844 -0.037628173828125 0.3009033203125 0.07464599609375
0.1063232421875 -0.06365966796875 0.3863525390625 -0.062225341796875
0.114036560058594 -0.0278472900390625 0.3642578125 -0.090087890625
0.111030578613281 -0.0422286987304687 0.3668212890625 -0.079925537109375
0.110794067382813 0.0072479248046875 0.30126953125 0.00030517578125
0.107681274414062 0.061859130859375 0.166961669921875 0.00225830078125
0.0666961669921875 0.138702392578125 0.121559143066406 -0.0717849731445312
-0.062530517578125 0.16363525390625 0.150863647460938 -0.18609619140625
-0.125152587890625 0.126945495605469 0.247100830078125 -0.347442626953125
-0.16619873046875 0.038116455078125 0.5435791015625 -0.407806396484375
-0.360015869140625 0.22265625 0.150909423828125 -0.301605224609375
-0.251327514648438 0.270736694335938 0.066131591796875 -0.234207153320312
-0.106414794921875 0.386077880859375 -0.022979736328125 -0.0240287780761718
0.099639892578125 0.30499267578125 0.0257186889648438 0.0630722045898438
0.206954956054688 0.20526123046875 0.0944976806640625 0.155136108398438
0.249664306640625 0.0355072021484375 0.249221801757813 0.0971832275390625
0.258132934570313 -0.055572509765625 0.3236083984375 -0.033721923828125
0.262405395507813 -0.0183868408203125 0.2847900390625 -0.07000732421875
0.269393920898437 -0.054168701171875 0.291900634765625 -0.077850341796875
0.247665405273438 0.030059814453125 0.228424072265625 -0.021392822265625
0.234039306640625 0.137588500976563 0.103034973144531 -0.0131072998046875
0.161376953125 0.25360107421875 0.0671234130859375 -0.096343994140625
-0.060272216796875 0.345245361328125 0.0999298095703125 -0.220916748046875
-0.1712646484375 0.317535400390625 0.204803466796875 -0.365692138671875
-0.29180908203125 0.219970703125 0.468231201171875 -0.405853271484375
-0.460540771484375 0.337188720703125 0.050140380859375 -0.2205810546875
-0.35003662109375 0.37176513671875 0.03271484375 -0.177658081054687
-0.190887451171875 0.529693603515625 -0.0440521240234375 -0.0273323059082031
0.084381103515625 0.449310302734375 -0.0163955688476562 0.0410728454589844
0.241851806640625 0.34210205078125 0.0242538452148438 0.137649536132813
0.3509521484375 0.1177978515625 0.158859252929688 0.0919342041015625
0.37200927734375 -0.031768798828125 0.20819091796875 -0.00714111328125
0.37213134765625 -0.00506591796875 0.16259765625 -0.03851318359375
0.3868408203125 -0.06622314453125 0.176620483398438 -0.057525634765625
0.35565185546875 0.03265380859375 0.122032165527344 -0.0303115844726562
0.34771728515625 0.181396484375 0.0224266052246094 -0.0155715942382812
0.261474609375 0.329681396484375 0.00301361083984376 -0.101959228515625
-0.024200439453125 0.48870849609375 0.0402984619140625 -0.222488403320312
-0.17755126953125 0.47467041015625 0.1492919921875 -0.326507568359375
-0.3680419921875 0.374542236328125 0.352569580078125 -0.3421630859375
-0.48809814453125 0.409515380859375 -0.0936813354492188 -0.107696533203125
-0.385711669921875 0.435943603515625 -0.0355911254882813 -0.0906448364257812
-0.22552490234375 0.60675048828125 -0.0690765380859375 -0.018707275390625
0.0748291015625 0.53045654296875 -0.0593414306640625 0.0112342834472657
0.25238037109375 0.42584228515625 -0.0537261962890625 0.0892562866210938
0.401519775390625 0.1787109375 0.0375900268554688 0.0607528686523438
0.42828369140625 -0.004730224609375 0.0552749633789063 0.0132102966308594
0.423583984375 0.009735107421875 0.0152130126953125 -0.00204372406005859
0.446533203125 -0.068267822265625 0.0366592407226563 -0.0211868286132813
0.41265869140625 0.0306396484375 -0.0049476623535156 -0.0200099945068359
0.412445068359375 0.198272705078125 -0.0657768249511719 -0.00291442871093749
0.32794189453125 0.358978271484375 -0.0609512329101562 -0.0865859985351562
0.0152587890625 0.560089111328125 -0.0122222900390625 -0.188980102539062
-0.158416748046875 0.556365966796875 0.096893310546875 -0.229156494140625
-0.3878173828125 0.470001220703125 0.214920043945312 -0.219345092773437
-0.431884765625 0.4276123046875 -0.2525634765625 0.0248565673828125
-0.3414306640625 0.44317626953125 -0.121726989746094 0.0155410766601563
-0.19403076171875 0.5848388671875 -0.0981903076171875 0.0014114379882813
0.07305908203125 0.510009765625 -0.103759765625 -0.01556396484375
0.23406982421875 0.41986083984375 -0.128471374511719 0.027435302734375
0.388641357421875 0.195068359375 -0.0968856811523437 0.0166091918945313
0.416107177734375 0.014739990234375 -0.111381530761719 0.0307769775390625
0.410797119140625 0.022003173828125 -0.13409423828125 0.0381088256835938
0.435394287109375 -0.052490234375 -0.106910705566406 0.0245819091796875
0.398223876953125 0.03839111328125 -0.131675720214844 0.00145721435546877
0.39727783203125 0.20025634765625 -0.1466064453125 0.014068603515625
0.314300537109375 0.343109130859375 -0.113265991210937 -0.0607833862304687
0.023712158203125 0.53125 -0.0447006225585938 -0.132049560546875
-0.131622314453125 0.536865234375 0.057037353515625 -0.095550537109375
-0.35504150390625 0.478546142578125 0.07708740234375 -0.0596389770507812
-0.301666259765625 0.381439208984375 -0.3895263671875 0.16448974609375
-0.2257080078125 0.382537841796875 -0.201431274414063 0.127578735351563
-0.110626220703125 0.455413818359375 -0.124259948730469 0.0331192016601563
0.075225830078125 0.38458251953125 -0.140556335449219 -0.021270751953125
0.183685302734375 0.324951171875 -0.182998657226563 -0.023101806640625
0.3125 0.161651611328125 -0.214996337890625 -0.019500732421875
0.336151123046875 0.023681640625 -0.258285522460938 0.0493621826171875
0.333160400390625 0.03057861328125 -0.262542724609375 0.0746612548828126
0.35711669921875 -0.019317626953125 -0.235519409179687 0.063568115234375
0.316070556640625 0.05859375 -0.237625122070312 0.0129852294921875
0.300384521484375 0.18994140625 -0.20379638671875 0.014617919921875
0.218414306640625 0.28515625 -0.1431884765625 -0.0412139892578125
-0.00842285156250003 0.409393310546875 -0.0571517944335937 -0.0731430053710937
-0.105926513671875 0.415313720703125 0.0240707397460937 0.0375480651855469
-0.2734375 0.40130615234375 -0.0490036010742188 0.101150512695313
-0.12847900390625 0.272796630859375 -0.479461669921875 0.29296875
-0.081451416015625 0.258148193359375 -0.255844116210938 0.232162475585937
-0.01959228515625 0.252716064453125 -0.13714599609375 0.077301025390625
0.059356689453125 0.2022705078125 -0.155426025390625 -0.000228881835937486
0.10418701171875 0.178802490234375 -0.202774047851563 -0.0479736328124999
0.186935424804688 0.100250244140625 -0.292236328125 -0.033843994140625
0.20428466796875 0.027313232421875 -0.3609619140625 0.0709533691406249
0.203857421875 0.0351715087890625 -0.350738525390625 0.09942626953125
0.225540161132813 0.0212860107421875 -0.330780029296875 0.082305908203125
0.185165405273438 0.0755157470703125 -0.305816650390625 0.00170898437499994
0.151473999023438 0.154922485351563 -0.22686767578125 -0.013031005859375
0.0810089111328125 0.184661865234375 -0.1478271484375 -0.0399627685546875
-0.0431976318359375 0.219268798828125 -0.0555610656738281 -0.0271339416503906
-0.06451416015625 0.226913452148438 -0.00832366943359377 0.139945983886719
-0.14959716796875 0.259384155273438 -0.148406982421875 0.2283935546875
0.049346923828125 0.113731384277344 -0.5101318359375 0.39154052734375
0.0495986938476562 0.0932846069335938 -0.273406982421875 0.319183349609375
0.044464111328125 0.0292625427246094 -0.127212524414063 0.127876281738281
0.0194358825683594 0.0166053771972656 -0.141708374023438 0.0383453369140625
0.0075531005859375 0.0289211273193359 -0.189788818359375 -0.04949951171875
0.0380897521972656 0.0361480712890625 -0.318695068359375 -0.02734375
0.0425338745117188 0.0319366455078125 -0.402099609375 0.0907897949218749
0.0451889038085938 0.0357589721679688 -0.385406494140625 0.109893798828125
0.0622749328613281 0.0514640808105469 -0.379791259765625 0.075714111328125
0.0356674194335937 0.0673370361328125 -0.32757568359375 -0.0303039550781251
-0.00142669677734376 0.0827865600585938 -0.213241577148438 -0.058685302734375
-0.040374755859375 0.0471649169921875 -0.12872314453125 -0.052642822265625
-0.0390167236328125 0.00453567504882812 -0.045989990234375 0.00262451171875
0.0117874145507812 0.0220088958740234 -0.040618896484375 0.197509765625
0.006256103515625 0.0887603759765625 -0.207794189453125 0.301025390625
-0.218307495117188 0.0854034423828125 0.19671630859375 -0.367462158203125
-0.131057739257813 0.143722534179688 0.061126708984375 -0.271240234375
-0.01544189453125 0.20465087890625 -0.0016326904296875 -0.0141611099243164
0.0964279174804688 0.134071350097656 0.0721664428710938 0.0702590942382813
0.141067504882813 0.0498504638671875 0.164901733398438 0.139312744140625
0.109443664550781 -0.0427780151367188 0.31622314453125 0.070556640625
0.1029052734375 -0.0674514770507813 0.4012451171875 -0.07647705078125
0.114875793457031 -0.0328521728515625 0.3785400390625 -0.10540771484375
0.110343933105469 -0.0488433837890625 0.384063720703125 -0.09478759765625
0.113761901855469 0.0028839111328125 0.31787109375 -0.00555419921875
0.113479614257813 0.0586471557617188 0.174636840820313 0.0017852783203125
0.07672119140625 0.14093017578125 0.123069763183594 -0.0777359008789062
-0.0561676025390625 0.171890258789063 0.148147583007812 -0.198623657226562
-0.120033264160156 0.13525390625 0.243743896484375 -0.368927001953125
-0.167831420898438 0.0493927001953125 0.55316162109375 -0.440093994140625
-0.36376953125 0.24627685546875 0.15606689453125 -0.324310302734375
-0.2520751953125 0.28619384765625 0.06463623046875 -0.25048828125
-0.09759521484375 0.40155029296875 -0.0198822021484375 -0.0237483978271484
0.109954833984375 0.31024169921875 0.02978515625 0.0629196166992188
0.218978881835938 0.204193115234375 0.105697631835938 0.158172607421875
0.253372192382813 0.0290679931640625 0.263748168945313 0.09466552734375
0.26123046875 -0.063995361328125 0.338165283203125 -0.045654296875
0.270950317382813 -0.027801513671875 0.29815673828125 -0.08050537109375
0.274871826171875 -0.0668182373046875 0.30682373046875 -0.08892822265625
0.256790161132813 0.0233001708984375 0.241943359375 -0.02484130859375
0.24761962890625 0.135101318359375 0.109657287597656 -0.0110626220703125
0.179168701171875 0.259414672851563 0.0677947998046875 -0.101036071777344
-0.049285888671875 0.362640380859375 0.09552001953125 -0.2325439453125
-0.165740966796875 0.334869384765625 0.20013427734375 -0.38653564453125
-0.295867919921875 0.243743896484375 0.475982666015625 -0.435028076171875
-0.468597412109375 0.370697021484375 0.05572509765625 -0.236083984375
-0.354248046875 0.3955078125 0.032958984375 -0.189239501953125
-0.179718017578125 0.556854248046875 -0.0392341613769531 -0.0243721008300781
0.099456787109375 0.463287353515625 -0.0117073059082031 0.0423507690429688
0.26318359375 0.347991943359375 0.03363037109375 0.14178466796875
0.362548828125 0.11297607421875 0.170059204101563 0.090484619140625
0.381744384765625 -0.04248046875 0.219192504882813 -0.014739990234375
0.386810302734375 -0.01568603515625 0.172332763671875 -0.04376220703125
0.397918701171875 -0.0821533203125 0.186248779296875 -0.0654449462890625
0.369384765625 0.02398681640625 0.130081176757813 -0.03070068359375
0.367401123046875 0.177093505859375 0.0264720916748047 -0.0108165740966797
0.286285400390625 0.3363037109375 0.00241851806640628 -0.104354858398437
-0.00808715820312505 0.51275634765625 0.0344390869140625 -0.231094360351562
-0.169036865234375 0.499359130859375 0.144195556640625 -0.342010498046875
-0.373809814453125 0.40826416015625 0.357330322265625 -0.362518310546875
-0.498260498046875 0.448089599609375 -0.0907516479492188 -0.111930847167969
-0.392333984375 0.466827392578125 -0.0341415405273438 -0.0951309204101562
-0.21337890625 0.64227294921875 -0.0628166198730469 -0.0128097534179687
0.09271240234375 0.549957275390625 -0.055267333984375 0.0125999450683594
0.278411865234375 0.435791015625 -0.0482559204101562 0.0938949584960938
0.420074462890625 0.175445556640625 0.0428886413574219 0.0601425170898438
0.44287109375 -0.01605224609375 0.060302734375 0.0115509033203125
0.443511962890625 -0.003143310546875 0.0200557708740235 0.00075531005859375
0.4613037109375 -0.085906982421875 0.0408248901367188 -0.0229644775390625
0.42816162109375 0.020751953125 -0.00164318084716794 -0.0164003372192383
0.436004638671875 0.1932373046875 -0.0636253356933593 0.00458145141601564
0.353790283203125 0.3668212890625 -0.0625457763671875 -0.0859527587890625
0.033203125 0.58648681640625 -0.01806640625 -0.193832397460937
-0.14837646484375 0.5826416015625 0.0938568115234375 -0.23797607421875
-0.3951416015625 0.509857177734375 0.218063354492187 -0.227996826171875
-0.4423828125 0.461761474609375 -0.2532958984375 0.03302001953125
-0.347625732421875 0.473541259765625 -0.120285034179688 0.02081298828125
-0.1834716796875 0.6214599609375 -0.0916519165039063 0.0102462768554688
0.091522216796875 0.530364990234375 -0.101295471191406 -0.0126953125
0.25946044921875 0.43389892578125 -0.128524780273437 0.0320053100585938
0.410491943359375 0.1932373046875 -0.098785400390625 0.01788330078125
0.4329833984375 0.00408935546875 -0.112846374511719 0.0358734130859375
0.431396484375 0.010284423828125 -0.135063171386719 0.0474014282226563
0.45172119140625 -0.068328857421875 -0.108665466308594 0.0295486450195313
0.414398193359375 0.030517578125 -0.13433837890625 0.00854492187500001
0.420013427734375 0.197357177734375 -0.146774291992188 0.0239715576171875
0.33917236328125 0.35028076171875 -0.115371704101562 -0.057373046875
0.039215087890625 0.559051513671875 -0.0493927001953125 -0.133537292480469
-0.12298583984375 0.561553955078125 0.0568389892578125 -0.0980377197265625
-0.36083984375 0.514892578125 0.0779876708984375 -0.0561599731445312
-0.311798095703125 0.408660888671875 -0.39398193359375 0.18438720703125
-0.229888916015625 0.40728759765625 -0.200286865234375 0.14141845703125
-0.102630615234375 0.483734130859375 -0.1182861328125 0.044097900390625
0.08941650390625 0.40252685546875 -0.139617919921875 -0.0175704956054687
0.203704833984375 0.3372802734375 -0.187850952148437 -0.0198822021484375
0.331329345703125 0.162322998046875 -0.224441528320313 -0.0160980224609375
0.35223388671875 0.01544189453125 -0.266311645507813 0.060821533203125
0.35211181640625 0.02252197265625 -0.268173217773437 0.0887451171875
0.372528076171875 -0.030120849609375 -0.242233276367187 0.0748443603515624
0.330810546875 0.0540771484375 -0.2449951171875 0.02325439453125
0.318939208984375 0.190093994140625 -0.2061767578125 0.0240936279296875
0.2373046875 0.2935791015625 -0.146270751953125 -0.03643798828125
0.00192260742187496 0.432159423828125 -0.0600814819335937 -0.0719985961914062
-0.103240966796875 0.43475341796875 0.0275611877441406 0.0421791076660157
-0.281036376953125 0.431121826171875 -0.0485687255859375 0.115478515625
-0.134918212890625 0.28814697265625 -0.485260009765625 0.32232666015625
-0.08349609375 0.272628784179688 -0.2547607421875 0.253311157226563
-0.0155029296875 0.267715454101563 -0.132011413574219 0.0882110595703125
0.0669403076171875 0.212387084960938 -0.155532836914063 0.00381469726562499
0.116424560546875 0.1888427734375 -0.2113037109375 -0.04583740234375
0.200393676757813 0.10235595703125 -0.306732177734375 -0.0294189453125
0.21600341796875 0.0231475830078125 -0.37408447265625 0.0860290527343751
0.218307495117188 0.0314483642578125 -0.359619140625 0.117645263671875
0.239517211914063 0.0167999267578125 -0.342071533203125 0.0975341796874999
0.196762084960938 0.07501220703125 -0.3175048828125 0.012298583984375
0.164779663085938 0.158493041992188 -0.2322998046875 -0.00532531738281245
0.09112548828125 0.194107055664063 -0.151519775390625 -0.0349273681640625
-0.0411376953125 0.235687255859375 -0.0575370788574219 -0.0245552062988281
-0.0671234130859375 0.240097045898437 -0.00390625 0.149398803710938
-0.156997680664063 0.278167724609375 -0.149734497070312 0.24993896484375
0.0468902587890625 0.114891052246094 -0.516326904296875 0.424041748046875
0.0495452880859375 0.0959014892578125 -0.27099609375 0.34368896484375
0.0433502197265625 0.0310935974121094 -0.122550964355469 0.138740539550781
0.0195159912109375 0.0194549560546875 -0.14105224609375 0.04248046875
0.00850868225097656 0.0343666076660156 -0.200057983398438 -0.048583984375
0.0433616638183594 0.0402412414550781 -0.334930419921875 -0.022247314453125
0.0488777160644531 0.0331382751464844 -0.417327880859375 0.10791015625
0.0527572631835938 0.037384033203125 -0.396759033203125 0.12762451171875
0.0721206665039063 0.0529861450195312 -0.394073486328125 0.0921325683593751
0.0428314208984375 0.0707244873046875 -0.342681884765625 -0.0219726562500001
0.00475311279296876 0.0885696411132813 -0.221237182617187 -0.055084228515625
-0.0385169982910156 0.0550765991210938 -0.133651733398438 -0.0484771728515625
-0.0438575744628906 0.0125503540039063 -0.0471954345703125 0.00607681274414062
0.00617599487304688 0.0262584686279297 -0.036285400390625 0.209991455078125
0.00160980224609375 0.0937271118164062 -0.21160888671875 0.326324462890625
-0.215682983398438 0.102203369140625 0.18988037109375 -0.40380859375
-0.12615966796875 0.154403686523437 0.048187255859375 -0.291717529296875
-0.00408935546875001 0.210800170898437 -0.000617980957031251 -0.0165481567382812
0.105735778808594 0.131317138671875 0.0785598754882813 0.0674591064453125
0.146804809570313 0.0404052734375 0.1812744140625 0.136367797851563
0.105384826660156 -0.0503158569335938 0.335906982421875 0.058349609375
0.0988998413085937 -0.0738677978515625 0.416290283203125 -0.104644775390625
0.115249633789062 -0.0416641235351563 0.39251708984375 -0.133636474609375
0.108383178710938 -0.0586090087890625 0.400726318359375 -0.12396240234375
0.117111206054688 -0.004638671875 0.33740234375 -0.02166748046875
0.12188720703125 0.0534591674804687 0.185134887695313 -0.0031280517578125
0.091278076171875 0.142074584960938 0.123100280761719 -0.087554931640625
-0.045501708984375 0.182540893554688 0.140533447265625 -0.216094970703125
-0.113449096679688 0.147598266601562 0.23138427734375 -0.401611328125
-0.168548583984375 0.065673828125 0.55316162109375 -0.491973876953125
-0.362091064453125 0.281768798828125 0.151763916015625 -0.3564453125
-0.24627685546875 0.311614990234375 0.0545501708984375 -0.27044677734375
-0.076934814453125 0.423431396484375 -0.0164375305175781 -0.0240802764892578
0.130096435546875 0.31591796875 0.0360298156738281 0.062408447265625
0.23931884765625 0.197952270507813 0.122177124023438 0.158889770507813
0.260833740234375 0.01702880859375 0.283172607421875 0.084716796875
0.264633178710937 -0.0795745849609375 0.351898193359375 -0.068603515625
0.280319213867187 -0.04486083984375 0.31146240234375 -0.101959228515625
0.279556274414063 -0.08624267578125 0.320648193359375 -0.11297607421875
0.268447875976563 0.009796142578125 0.2572021484375 -0.036865234375
0.266860961914063 0.125595092773438 0.1170654296875 -0.0127944946289062
0.206298828125 0.261856079101563 0.0658111572265625 -0.108642578125
-0.028167724609375 0.384490966796875 0.0847015380859375 -0.248703002929687
-0.151763916015625 0.3590087890625 0.18597412109375 -0.415435791015625
-0.294219970703125 0.2783203125 0.47283935546875 -0.480926513671875
-0.466705322265625 0.419830322265625 0.0535888671875 -0.25762939453125
-0.34759521484375 0.435333251953125 0.0269927978515625 -0.20452880859375
-0.1529541015625 0.5947265625 -0.0335903167724609 -0.0218563079833984
0.129302978515625 0.476776123046875 -0.00575637817382812 0.0432357788085938
0.295928955078125 0.348236083984375 0.047210693359375 0.145584106445313
0.382049560546875 0.09881591796875 0.185211181640625 0.0842132568359375
0.393341064453125 -0.064056396484375 0.230712890625 -0.0291595458984375
0.4053955078125 -0.03955078125 0.182525634765625 -0.0545501708984375
0.409210205078125 -0.110626220703125 0.195281982421875 -0.0797271728515625
0.386962890625 0.00555419921875 0.139808654785156 -0.0356597900390625
0.394683837890625 0.1634521484375 0.0320568084716797 -0.00784683227539061
0.32318115234375 0.337921142578125 -0.00176239013671873 -0.108100891113281
0.02105712890625 0.54180908203125 0.0211334228515625 -0.242141723632813
-0.148406982421875 0.531005859375 0.129730224609375 -0.364288330078125
-0.369903564453125 0.457611083984375 0.35308837890625 -0.39605712890625
-0.498748779296875 0.5025634765625 -0.0926284790039063 -0.116744995117187
-0.38641357421875 0.5126953125 -0.0370941162109375 -0.100639343261719
-0.18292236328125 0.6893310546875 -0.0549468994140625 -0.0069351196289062
0.12884521484375 0.5712890625 -0.0514373779296875 0.0155563354492188
0.31951904296875 0.441802978515625 -0.0403671264648437 0.100196838378906
0.448211669921875 0.16156005859375 0.0501899719238282 0.0590858459472656
0.460113525390625 -0.041259765625 0.0661392211914063 0.00876998901367187
0.4664306640625 -0.028961181640625 0.0259571075439453 0.00183677673339844
0.477325439453125 -0.11700439453125 0.0441131591796875 -0.0263442993164063
0.448333740234375 -0.00042724609375 0.00108432769775393 -0.0133304595947266
0.468292236328125 0.177459716796875 -0.06103515625 0.0131340026855469
0.3953857421875 0.365631103515625 -0.067535400390625 -0.0845413208007812
0.0684814453125 0.618408203125 -0.030426025390625 -0.199508666992187
-0.1231689453125 0.61834716796875 0.0845184326171875 -0.25152587890625
-0.387451171875 0.56451416015625 0.215255737304687 -0.244903564453125
-0.4439697265625 0.515716552734375 -0.255996704101563 0.0468597412109376
-0.34130859375 0.51947021484375 -0.119476318359375 0.028350830078125
-0.15338134765625 0.6678466796875 -0.0826644897460938 0.0191192626953126
0.127655029296875 0.552764892578125 -0.100028991699219 -0.0080184936523437
0.301483154296875 0.442169189453125 -0.127960205078125 0.0401687622070313
0.4404296875 0.181640625 -0.102142333984375 0.0224838256835938
0.4527587890625 -0.019500732421875 -0.1142578125 0.0447463989257812
0.456573486328125 -0.013946533203125 -0.134346008300781 0.0605850219726563
0.46942138671875 -0.097869873046875 -0.11083984375 0.038970947265625
0.4351806640625 0.010406494140625 -0.13714599609375 0.0200881958007812
0.451446533203125 0.18231201171875 -0.146881103515625 0.03582763671875
0.3775634765625 0.35003662109375 -0.120330810546875 -0.0522003173828125
0.0726318359375 0.58892822265625 -0.0594558715820313 -0.134414672851563
-0.1009521484375 0.59527587890625 0.0548248291015625 -0.101600646972656
-0.35382080078125 0.5699462890625 0.0786285400390625 -0.0554428100585937
-0.308929443359375 0.450958251953125 -0.39599609375 0.216339111328125
-0.2235107421875 0.443084716796875 -0.196624755859375 0.161453247070313
-0.078338623046875 0.52044677734375 -0.109855651855469 0.05609130859375
0.1171875 0.420135498046875 -0.140541076660156 -0.0113372802734374
0.237335205078125 0.3460693359375 -0.194473266601562 -0.0110168457031249
0.358184814453125 0.154632568359375 -0.236785888671875 -0.00628662109374998
0.370574951171875 -0.002288818359375 -0.275299072265625 0.0805206298828125
0.374603271484375 0.00250244140625 -0.271453857421875 0.112060546875
0.391632080078125 -0.052978515625 -0.248855590820312 0.0938720703125
0.350433349609375 0.04071044921875 -0.2535400390625 0.0409698486328125
0.34649658203125 0.181365966796875 -0.20941162109375 0.038482666015625
0.26715087890625 0.29656982421875 -0.151473999023438 -0.02789306640625
0.024322509765625 0.45843505859375 -0.0667228698730469 -0.0693740844726562
-0.0875244140625 0.462432861328125 0.0327072143554687 0.0465049743652344
-0.27447509765625 0.47491455078125 -0.0443878173828125 0.132171630859375
-0.133209228515625 0.311553955078125 -0.486907958984375 0.367156982421875
-0.077178955078125 0.29278564453125 -0.2469482421875 0.2822265625
-0.00207519531250003 0.286376953125 -0.124488830566406 0.102005004882812
0.082061767578125 0.222198486328125 -0.156265258789063 0.0122222900390625
0.134811401367188 0.195938110351563 -0.222900390625 -0.0375366210937499
0.219024658203125 0.099822998046875 -0.325531005859375 -0.015289306640625
0.230087280273437 0.0134124755859375 -0.38702392578125 0.113189697265625
0.235137939453125 0.0216064453125 -0.367523193359375 0.146728515625
0.2568359375 0.00372314453125 -0.352447509765625 0.1240234375
0.2127685546875 0.0697174072265625 -0.331451416015625 0.032623291015625
0.183700561523438 0.158599853515625 -0.239151000976562 0.00860595703125002
0.109085083007813 0.20196533203125 -0.157699584960938 -0.0265045166015625
-0.0322265625 0.256256103515625 -0.06072998046875 -0.0202484130859375
-0.06170654296875 0.25738525390625 0.00572204589843749 0.160430908203125
-0.15521240234375 0.304351806640625 -0.143081665039062 0.279266357421875
0.0479965209960938 0.116691589355469 -0.51434326171875 0.4765625
0.0538177490234375 0.0982894897460938 -0.25994873046875 0.379241943359375
0.0441207885742188 0.0317230224609375 -0.1141357421875 0.152023315429688
0.0209560394287109 0.0214366912841797 -0.140571594238281 0.0509109497070313
0.0118064880371094 0.0402107238769531 -0.21221923828125 -0.041839599609375
0.0513534545898438 0.0436019897460938 -0.355224609375 -0.00643920898437503
0.056365966796875 0.0330924987792969 -0.432647705078125 0.137969970703125
0.061737060546875 0.0362319946289063 -0.407867431640625 0.158905029296875
0.0843124389648438 0.0516815185546875 -0.407928466796875 0.12213134765625
0.0524978637695313 0.0722503662109375 -0.36212158203125 -0.00271606445312503
0.0134201049804688 0.0937728881835938 -0.2327880859375 -0.0459747314453125
-0.0346107482910156 0.0638427734375 -0.14013671875 -0.0416183471679687
-0.0467948913574219 0.0226364135742187 -0.0484580993652344 0.0113182067871094
0.00267601013183594 0.0315322875976563 -0.025054931640625 0.225555419921875
-0.000213623046875003 0.100486755371094 -0.204681396484375 0.3619384765625
-0.207687377929688 0.123947143554687 0.16552734375 -0.440948486328125
-0.116104125976563 0.166213989257812 0.025604248046875 -0.308624267578125
0.01312255859375 0.214797973632812 0.000370025634765627 -0.0187129974365234
0.116920471191406 0.124198913574219 0.0852813720703125 0.0616989135742188
0.150497436523438 0.0266571044921875 0.197845458984375 0.125030517578125
0.0981369018554688 -0.0583724975585938 0.351959228515625 0.03533935546875
0.0919342041015625 -0.0811996459960938 0.422454833984375 -0.1424560546875
0.113319396972656 -0.0525741577148437 0.395233154296875 -0.172454833984375
0.102294921875 -0.069732666015625 0.407318115234375 -0.163909912109375
0.118568420410156 -0.01470947265625 0.352386474609375 -0.0487060546875
0.129188537597656 0.0441818237304688 0.192901611328125 -0.0142364501953125
0.108489990234375 0.137123107910156 0.118843078613281 -0.0996627807617187
-0.0291748046875 0.191207885742188 0.124237060546875 -0.23419189453125
-0.101364135742187 0.159942626953125 0.20452880859375 -0.433074951171875
-0.163925170898438 0.0849761962890625 0.530059814453125 -0.554718017578125
-0.34552001953125 0.323150634765625 0.1319580078125 -0.38873291015625
-0.2286376953125 0.338470458984375 0.034637451171875 -0.2874755859375
-0.043853759765625 0.440582275390625 -0.0133380889892578 -0.0246620178222656
0.15692138671875 0.31292724609375 0.0429649353027344 0.0591201782226563
0.260589599609375 0.182052612304688 0.140274047851563 0.153030395507813
0.264541625976563 -0.0010986328125 0.300811767578125 0.06494140625
0.262298583984375 -0.0999298095703125 0.35980224609375 -0.10040283203125
0.284942626953125 -0.069732666015625 0.315948486328125 -0.132049560546875
0.278060913085938 -0.113189697265625 0.325103759765625 -0.145751953125
0.276962280273438 -0.0113372802734375 0.268157958984375 -0.057373046875
0.28521728515625 0.1080322265625 0.123687744140625 -0.0181655883789062
0.237655639648437 0.253143310546875 0.05841064453125 -0.11627197265625
0.00494384765625002 0.400634765625 0.0641632080078125 -0.26123046875
-0.12567138671875 0.381988525390625 0.15594482421875 -0.4423828125
-0.2789306640625 0.31854248046875 0.449554443359375 -0.53472900390625
-0.44476318359375 0.477081298828125 0.0394287109375 -0.277572631835937
-0.32415771484375 0.47479248046875 0.0124359130859375 -0.217514038085937
-0.10595703125 0.62652587890625 -0.0269050598144531 -0.0205326080322265
0.169464111328125 0.481658935546875 0.000579833984375011 0.0426368713378907
0.334686279296875 0.33294677734375 0.064178466796875 0.144805908203125
0.3978271484375 0.072784423828125 0.199356079101563 0.0704803466796875
0.3975830078125 -0.095458984375 0.237747192382813 -0.0501251220703125
0.415496826171875 -0.07476806640625 0.188232421875 -0.07147216796875
0.410308837890625 -0.148651123046875 0.197616577148438 -0.099853515625
0.39898681640625 -0.023956298828125 0.146804809570313 -0.046234130859375
0.42095947265625 0.1363525390625 0.0373420715332032 -0.00685501098632812
0.3648681640625 0.322479248046875 -0.00942993164062498 -0.109748840332031
0.0682067871093751 0.560699462890625 0.000305175781249978 -0.249237060546875
-0.1090087890625 0.560028076171875 0.103759765625 -0.384185791015625
-0.34344482421875 0.5103759765625 0.333282470703125 -0.4332275390625
-0.47314453125 0.5673828125 -0.0988311767578125 -0.119178771972656
-0.35833740234375 0.561981201171875 -0.0428924560546875 -0.103889465332031
-0.1282958984375 0.72906494140625 -0.045013427734375 -0.00311660766601557
0.178955078125 0.5787353515625 -0.0464248657226562 0.0183906555175782
0.36920166015625 0.43017578125 -0.0284194946289062 0.105613708496094
0.47412109375 0.131866455078125 0.0573387145996094 0.0543785095214844
0.4696044921875 -0.077850341796875 0.0708847045898438 0.0026702880859375
0.482177734375 -0.068511962890625 0.0321407318115235 0.000688552856445308
0.481689453125 -0.161285400390625 0.0455894470214844 -0.0298538208007813
0.462890625 -0.0347900390625 0.00449848175048831 -0.011012077331543
0.498687744140625 0.144805908203125 -0.0560569763183593 0.0214958190917969
0.44073486328125 0.34527587890625 -0.074462890625 -0.0810317993164062
0.12310791015625 0.6370849609375 -0.048828125 -0.199325561523437
-0.0791015625 0.649169921875 0.0665130615234375 -0.263137817382812
-0.35382080078125 0.62408447265625 0.203201293945312 -0.2637939453125
-0.41851806640625 0.57366943359375 -0.253463745117188 0.0656890869140626
-0.31353759765625 0.56842041015625 -0.116645812988281 0.0375137329101563
-0.10113525390625 0.70782470703125 -0.0710830688476562 0.0269470214843751
0.177490234375 0.56201171875 -0.0972747802734375 -0.00183868408203121
0.352294921875 0.4332275390625 -0.1241455078125 0.050933837890625
0.472137451171875 0.1541748046875 -0.103721618652344 0.0292129516601563
0.466400146484375 -0.054412841796875 -0.113090515136719 0.0559768676757813
0.47393798828125 -0.05194091796875 -0.128219604492187 0.0753707885742187
0.477081298828125 -0.14093017578125 -0.110069274902344 0.0509185791015625
0.450408935546875 -0.02166748046875 -0.136817932128906 0.034912109375
0.482269287109375 0.15106201171875 -0.14227294921875 0.051300048828125
0.422332763671875 0.332672119140625 -0.125572204589844 -0.0426101684570312
0.123046875 0.606689453125 -0.0723800659179688 -0.1300048828125
-0.060546875 0.623046875 0.050384521484375 -0.105491638183594
-0.322021484375 0.6258544921875 0.0777053833007812 -0.0552291870117187
-0.288726806640625 0.49676513671875 -0.3846435546875 0.254058837890625
-0.199432373046875 0.480072021484375 -0.18511962890625 0.183090209960938
-0.038330078125 0.54779052734375 -0.097442626953125 0.066741943359375
0.15545654296875 0.426727294921875 -0.139236450195313 -0.0018386840820312
0.278076171875 0.341339111328125 -0.198471069335937 0.00354003906250005
0.38580322265625 0.134429931640625 -0.24615478515625 0.0100860595703125
0.38397216796875 -0.03131103515625 -0.276321411132813 0.106460571289062
0.39178466796875 -0.02716064453125 -0.267120361328125 0.140243530273438
0.40228271484375 -0.08740234375 -0.247909545898438 0.120635986328125
0.3662109375 0.016143798828125 -0.256561279296875 0.0653533935546875
0.372955322265625 0.159271240234375 -0.207305908203125 0.0576629638671875
0.30316162109375 0.286895751953125 -0.155380249023437 -0.0155487060546875
0.062286376953125 0.47772216796875 -0.0743637084960938 -0.0631637573242187
-0.057830810546875 0.48614501953125 0.0394477844238281 0.04913330078125
-0.250701904296875 0.520263671875 -0.0332489013671875 0.148956298828125
-0.119720458984375 0.3363037109375 -0.467315673828125 0.418304443359375
-0.0601806640625 0.311187744140625 -0.227508544921875 0.313262939453125
0.019195556640625 0.299163818359375 -0.111061096191406 0.113800048828125
0.10211181640625 0.225631713867188 -0.154449462890625 0.022918701171875
0.158584594726563 0.19464111328125 -0.23150634765625 -0.022308349609375
0.238616943359375 0.0881805419921875 -0.34014892578125 0.00778198242187496
0.241119384765625 -0.0037841796875 -0.39019775390625 0.15069580078125
0.249359130859375 0.0027923583984375 -0.36431884765625 0.18359375
0.269821166992188 -0.0175323486328125 -0.352691650390625 0.1611328125
0.227691650390625 0.05633544921875 -0.3387451171875 0.0622863769531249
0.204071044921875 0.149551391601563 -0.24267578125 0.02716064453125
0.1319580078125 0.20263671875 -0.161605834960938 -0.0129852294921875
-0.0133056640625 0.2742919921875 -0.0643272399902344 -0.0138511657714844
-0.0479583740234375 0.274093627929687 0.02178955078125 0.1683349609375
-0.141510009765625 0.33203125 -0.124603271484375 0.30877685546875
0.0516128540039062 0.117378234863281 -0.489959716796875 0.534820556640625
0.0600357055664062 0.0975265502929688 -0.233856201171875 0.41424560546875
0.0447998046875 0.0304603576660156 -0.0996856689453125 0.163726806640625
0.0224895477294922 0.0220489501953125 -0.136482238769531 0.0616683959960938
0.0163917541503906 0.0442466735839844 -0.222885131835938 -0.0285186767578125
0.0606231689453125 0.0432815551757813 -0.37078857421875 0.02056884765625
0.064208984375 0.0297508239746094 -0.43682861328125 0.180206298828125
0.0705413818359375 0.0323257446289063 -0.407073974609375 0.199554443359375
0.0970535278320313 0.0458297729492188 -0.411224365234375 0.163238525390625
0.063934326171875 0.0717315673828125 -0.375152587890625 0.027587890625
0.0243606567382813 0.0970535278320312 -0.242324829101562 -0.0299072265625
-0.0279083251953125 0.0723190307617188 -0.145736694335938 -0.0299835205078125
-0.0469818115234375 0.0337486267089844 -0.0491828918457031 0.0175628662109375
0.000595092773437504 0.0365104675292969 -0.00665283203125002 0.238006591796875
0.00160217285156251 0.107421875 -0.18280029296875 0.39813232421875
-0.191543579101562 0.140472412109375 0.129791259765625 -0.4609375
-0.101318359375 0.172760009765625 -0.00125122070312501 -0.31329345703125
0.0316314697265625 0.210662841796875 0.000822067260742189 -0.0207386016845703
0.124588012695313 0.11236572265625 0.0891876220703125 0.0530166625976563
0.148757934570313 0.010986328125 0.207412719726563 0.108139038085938
0.087890625 -0.0642166137695313 0.358001708984375 0.007781982421875
0.0822219848632813 -0.085235595703125 0.41168212890625 -0.180419921875
0.1065673828125 -0.0617141723632813 0.383026123046875 -0.207305908203125
0.0918960571289063 -0.077545166015625 0.394775390625 -0.20294189453125
0.116264343261719 -0.0251541137695313 0.354156494140625 -0.078460693359375
0.132896423339844 0.0320205688476562 0.193603515625 -0.026824951171875
0.12213134765625 0.126235961914063 0.108299255371094 -0.108551025390625
-0.011322021484375 0.192947387695313 0.102203369140625 -0.244003295898438
-0.0851287841796875 0.166534423828125 0.16510009765625 -0.44952392578125
-0.152725219726563 0.10162353515625 0.480712890625 -0.5997314453125
-0.31298828125 0.35382080078125 0.101470947265625 -0.40740966796875
-0.2005615234375 0.35540771484375 0.00991821289062501 -0.29376220703125
-0.00494384765625003 0.442474365234375 -0.00945281982421875 -0.0257587432861328
0.180816650390625 0.297607421875 0.0490646362304688 0.0533218383789063
0.273757934570313 0.157791137695313 0.154434204101563 0.13970947265625
0.2598876953125 -0.020843505859375 0.30792236328125 0.04058837890625
0.251602172851563 -0.118331909179687 0.3536376953125 -0.132965087890625
0.279266357421875 -0.0938720703125 0.30780029296875 -0.16064453125
0.264175415039062 -0.136276245117187 0.315032958984375 -0.176788330078125
0.275009155273438 -0.033843994140625 0.269760131835938 -0.0799560546875
0.29425048828125 0.0833740234375 0.125343322753906 -0.0249099731445312
0.262359619140625 0.233047485351562 0.0482101440429688 -0.120460510253906
0.04083251953125 0.403167724609375 0.0403900146484375 -0.265045166015625
-0.091949462890625 0.39117431640625 0.117645263671875 -0.45379638671875
-0.24871826171875 0.348114013671875 0.4024658203125 -0.571533203125
-0.401214599609375 0.518890380859375 0.019134521484375 -0.28857421875
-0.284271240234375 0.5025634765625 -0.00514221191406251 -0.222869873046875
-0.049560546875 0.63494873046875 -0.0193195343017578 -0.0208187103271484
0.210479736328125 0.465576171875 0.00696563720703127 0.0394172668457031
0.362823486328125 0.30242919921875 0.0792465209960938 0.138053894042969
0.401275634765625 0.04132080078125 0.206741333007813 0.052978515625
0.387542724609375 -0.12554931640625 0.236068725585938 -0.071685791015625
0.410858154296875 -0.110748291015625 0.186920166015625 -0.088775634765625
0.394927978515625 -0.18377685546875 0.19183349609375 -0.117889404296875
0.39697265625 -0.0567626953125 0.148239135742188 -0.057525634765625
0.433258056640625 0.1005859375 0.0412750244140625 -0.00646972656249999
0.395599365234375 0.2926025390625 -0.0178375244140625 -0.108283996582031
0.1187744140625 0.55914306640625 -0.0216827392578125 -0.2452392578125
-0.0621948242187501 0.57037353515625 0.071197509765625 -0.389434814453125
-0.298309326171875 0.549530029296875 0.296356201171875 -0.458038330078125
-0.42340087890625 0.61279296875 -0.104606628417969 -0.116783142089844
-0.3118896484375 0.59405517578125 -0.0500411987304688 -0.103660583496094
-0.0615844726562501 0.74200439453125 -0.0342121124267578 -0.00220680236816402
0.22833251953125 0.5634765625 -0.0402183532714844 0.0190467834472657
0.408538818359375 0.39794921875 -0.01556396484375 0.106369018554688
0.484375 0.094207763671875 0.0622749328613282 0.0479583740234375
0.463958740234375 -0.114776611328125 0.0734024047851563 -0.00447082519531251
0.480712890625 -0.11175537109375 0.03662109375 -0.00203323364257813
0.468170166015625 -0.20367431640625 0.04498291015625 -0.0331611633300781
0.45947265625 -0.07196044921875 0.00813770294189456 -0.00977516174316407
0.510986328125 0.103057861328125 -0.048614501953125 0.0282173156738281
0.47344970703125 0.3089599609375 -0.079345703125 -0.0737457275390625
0.1785888671875 0.6328125 -0.0652923583984375 -0.190414428710938
-0.0267333984375 0.65625 0.045745849609375 -0.264816284179687
-0.3013916015625 0.66363525390625 0.18231201171875 -0.274978637695312
-0.3702392578125 0.61767578125 -0.24322509765625 0.0840606689453125
-0.26751708984375 0.59881591796875 -0.110542297363281 0.0454711914062501
-0.0361328125 0.7205810546875 -0.0572280883789063 0.0297698974609375
0.22552490234375 0.550140380859375 -0.0921478271484375 0.00372314453125002
0.3936767578125 0.404693603515625 -0.116065979003906 0.0600128173828125
0.486907958984375 0.115814208984375 -0.102462768554687 0.0360183715820313
0.463348388671875 -0.09210205078125 -0.106246948242187 0.0659103393554687
0.474365234375 -0.09381103515625 -0.11737060546875 0.0869064331054687
0.46697998046875 -0.182342529296875 -0.102943420410156 0.0625228881835938
0.44989013671875 -0.0570068359375 -0.130775451660156 0.04852294921875
0.494903564453125 0.110107421875 -0.132728576660156 0.0641021728515625
0.45294189453125 0.29718017578125 -0.126533508300781 -0.031097412109375
0.17657470703125 0.6029052734375 -0.0822982788085937 -0.1195068359375
-0.0101928710937501 0.62957763671875 0.043548583984375 -0.105628967285156
-0.2701416015625 0.6632080078125 0.0753631591796875 -0.0541763305664062
-0.25042724609375 0.52764892578125 -0.358917236328125 0.28619384765625
-0.162811279296875 0.50164794921875 -0.165802001953125 0.198806762695313
0.00964355468750003 0.55718994140625 -0.0821914672851563 0.0720977783203125
0.19183349609375 0.41778564453125 -0.134223937988281 0.0070419311523438
0.311737060546875 0.319915771484375 -0.194915771484375 0.018829345703125
0.400634765625 0.102264404296875 -0.2490234375 0.0292205810546875
0.38433837890625 -0.0631103515625 -0.26654052734375 0.131698608398437
0.39447021484375 -0.061614990234375 -0.2513427734375 0.163589477539063
0.39776611328125 -0.1231689453125 -0.235260009765625 0.145126342773438
0.3695068359375 -0.01239013671875 -0.249252319335938 0.0895538330078125
0.3873291015625 0.128509521484375 -0.198867797851562 0.0748443603515626
0.3299560546875 0.262359619140625 -0.153549194335938 -0.00167846679687497
0.103424072265625 0.47930908203125 -0.0787887573242188 -0.05291748046875
-0.0216369628906251 0.494659423828125 0.0465965270996094 0.0490493774414063
-0.2095947265625 0.54864501953125 -0.0180816650390625 0.15960693359375
-0.096649169921875 0.350341796875 -0.4276123046875 0.460052490234375
-0.03790283203125 0.31884765625 -0.197479248046875 0.33355712890625
0.0435791015625 0.30267333984375 -0.0944747924804688 0.120597839355469
0.121795654296875 0.220306396484375 -0.147903442382812 0.033843994140625
0.179229736328125 0.185226440429688 -0.23162841796875 -0.00439453124999996
0.250411987304688 0.0699462890625 -0.343017578125 0.0347595214843749
0.244308471679688 -0.023193359375 -0.3780517578125 0.186126708984375
0.25390625 -0.0187835693359375 -0.34637451171875 0.216583251953125
0.272308349609375 -0.0419769287109375 -0.3370361328125 0.194610595703125
0.235076904296875 0.038970947265625 -0.333740234375 0.093109130859375
0.21868896484375 0.132766723632813 -0.23785400390625 0.046234130859375
0.151321411132813 0.19305419921875 -0.160247802734375 0.00152587890625005
0.01080322265625 0.281463623046875 -0.0648269653320313 -0.00505065917968749
-0.029327392578125 0.281646728515625 0.037994384765625 0.169464111328125
-0.118682861328125 0.35028076171875 -0.096343994140625 0.32647705078125
0.0555419921875 0.114753723144531 -0.44134521484375 0.57818603515625
0.0653228759765625 0.09295654296875 -0.194061279296875 0.435546875
0.04400634765625 0.0288047790527344 -0.0827484130859375 0.169387817382813
0.0234756469726563 0.02203369140625 -0.127838134765625 0.0699996948242188
0.0220870971679688 0.046539306640625 -0.225555419921875 -0.011474609375
0.0684890747070313 0.0393333435058594 -0.374481201171875 0.0498962402343751
0.0699272155761719 0.0247421264648438 -0.423797607421875 0.22027587890625
0.0773239135742188 0.02606201171875 -0.389129638671875 0.235748291015625
0.106277465820313 0.0356826782226563 -0.39599609375 0.201812744140625
0.0731277465820313 0.0664749145507813 -0.374267578125 0.06158447265625
0.034942626953125 0.0955734252929688 -0.243698120117188 -0.0103302001953125
-0.0184326171875 0.0764083862304687 -0.146286010742188 -0.0157928466796875
-0.0431900024414063 0.0438728332519531 -0.0467605590820313 0.0238189697265625
0.000347137451171873 0.0418548583984375 0.0151214599609375 0.241806030273438
0.00505828857421875 0.110847473144531 -0.148223876953125 0.420806884765625
-0.174789428710938 0.148880004882813 0.099090576171875 -0.468109130859375
-0.0881805419921875 0.173507690429688 -0.021453857421875 -0.310028076171875
0.0438690185546875 0.202484130859375 0.00241851806640625 -0.02288818359375
0.126693725585938 0.100372314453125 0.0891571044921875 0.04461669921875
0.141998291015625 -0.0004425048828125 0.209640502929688 0.0933685302734375
0.0774383544921875 -0.0654220581054688 0.35546875 -0.01312255859375
0.0740509033203125 -0.0864334106445313 0.39453125 -0.20501708984375
0.0994720458984375 -0.0670623779296875 0.363555908203125 -0.230804443359375
0.082061767578125 -0.080657958984375 0.375946044921875 -0.2274169921875
0.110931396484375 -0.0326995849609375 0.3480224609375 -0.100494384765625
0.132820129394531 0.0223617553710938 0.191741943359375 -0.0349884033203125
0.13006591796875 0.115234375 0.0987777709960938 -0.112274169921875
0.00209045410156251 0.189712524414063 0.082305908203125 -0.245468139648438
-0.0714569091796875 0.167236328125 0.132354736328125 -0.45184326171875
-0.139488220214844 0.11126708984375 0.4326171875 -0.6201171875
-0.281524658203125 0.36688232421875 0.07440185546875 -0.414398193359375
-0.17486572265625 0.359130859375 -0.00903320312500003 -0.29150390625
0.024566650390625 0.433349609375 -0.00496101379394531 -0.028167724609375
0.194076538085938 0.280197143554688 0.0513801574707031 0.0464744567871094
0.2764892578125 0.135055541992188 0.160552978515625 0.126922607421875
0.249282836914063 -0.0340423583984375 0.307342529296875 0.021240234375
0.237945556640625 -0.128753662109375 0.34002685546875 -0.155120849609375
0.268051147460938 -0.1102294921875 0.29498291015625 -0.179718017578125
0.248809814453125 -0.149948120117188 0.300048828125 -0.196044921875
0.267608642578125 -0.0502471923828125 0.265365600585938 -0.0959625244140625
0.295379638671875 0.063568115234375 0.125953674316406 -0.0287551879882812
0.275054931640625 0.2120361328125 0.0400543212890625 -0.120628356933594
0.0673828125 0.396759033203125 0.0222015380859375 -0.260284423828125
-0.066436767578125 0.39007568359375 0.085968017578125 -0.451934814453125
-0.219940185546875 0.362213134765625 0.36004638671875 -0.5853271484375
-0.35723876953125 0.53765869140625 0.00289916992187499 -0.291839599609375
-0.25067138671875 0.5120849609375 -0.0185394287109375 -0.220855712890625
-0.00543212890625004 0.6273193359375 -0.0119209289550781 -0.0244140625
0.234375 0.444671630859375 0.0112266540527344 0.0354042053222657
0.37548828125 0.2718505859375 0.088226318359375 0.129417419433594
0.393798828125 0.017974853515625 0.207275390625 0.03863525390625
0.37200927734375 -0.14544677734375 0.229415893554688 -0.0879058837890625
0.398834228515625 -0.13543701171875 0.1810302734375 -0.101043701171875
0.3741455078125 -0.205902099609375 0.183151245117188 -0.129364013671875
0.386444091796875 -0.07977294921875 0.14727783203125 -0.065826416015625
0.432220458984375 0.072113037109375 0.0446701049804688 -0.00664901733398437
0.4110107421875 0.262969970703125 -0.0233230590820312 -0.104385375976563
0.155517578125 0.546844482421875 -0.03570556640625 -0.235885620117187
-0.02630615234375 0.56317138671875 0.046844482421875 -0.385101318359375
-0.2564697265625 0.56475830078125 0.263031005859375 -0.4652099609375
-0.375732421875 0.63360595703125 -0.1075439453125 -0.113792419433594
-0.2734375 0.60614013671875 -0.0544662475585938 -0.100471496582031
-0.0106811523437501 0.73480224609375 -0.0237369537353516 -0.00544548034667964
0.25933837890625 0.540069580078125 -0.0350265502929687 0.0179195404052735
0.43133544921875 0.364105224609375 -0.00604248046874998 0.103538513183594
0.48126220703125 0.06280517578125 0.0637588500976563 0.041961669921875
0.4488525390625 -0.1400146484375 0.0734405517578125 -0.0101318359375
0.467803955078125 -0.14227294921875 0.0399894714355469 -0.00571823120117188
0.4449462890625 -0.231292724609375 0.0451812744140625 -0.0352897644042969
0.4481201171875 -0.098663330078125 0.0115346908569336 -0.00887870788574219
0.50994873046875 0.068389892578125 -0.0413055419921875 0.0318870544433594
0.4881591796875 0.272918701171875 -0.0803604125976562 -0.0669326782226562
0.2186279296875 0.61590576171875 -0.07391357421875 -0.178298950195312
0.013427734375 0.64886474609375 0.0304718017578125 -0.26025390625
-0.25469970703125 0.67889404296875 0.163803100585937 -0.276260375976562
-0.3255615234375 0.6356201171875 -0.230316162109375 0.0942230224609375
-0.2301025390625 0.6077880859375 -0.103935241699219 0.0505828857421876
0.01300048828125 0.71197509765625 -0.0446090698242188 0.0276260375976563
0.255584716796875 0.529052734375 -0.0856399536132812 0.0065994262695313
0.416778564453125 0.37335205078125 -0.1068115234375 0.0639266967773438
0.4862060546875 0.083953857421875 -0.100738525390625 0.0402297973632813
0.451629638671875 -0.118682861328125 -0.100059509277344 0.0713043212890625
0.46466064453125 -0.12384033203125 -0.10595703125 0.0928421020507812
0.44659423828125 -0.211181640625 -0.0941619873046875 0.06988525390625
0.439727783203125 -0.082733154296875 -0.12213134765625 0.05731201171875
0.493682861328125 0.0780029296875 -0.121665954589844 0.0716552734375
0.46612548828125 0.26324462890625 -0.123039245605469 -0.0224456787109375
0.21270751953125 0.5888671875 -0.086151123046875 -0.107223510742187
0.0269165039062501 0.62188720703125 0.0390472412109375 -0.10400390625
-0.225341796875 0.67620849609375 0.0739288330078125 -0.0509567260742187
-0.2159423828125 0.538604736328125 -0.331451416015625 0.301544189453125
-0.13311767578125 0.5064697265625 -0.147933959960938 0.205657958984375
0.047515869140625 0.5504150390625 -0.068267822265625 0.0707778930664063
0.216033935546875 0.401580810546875 -0.126266479492187 0.0127792358398438
0.331207275390625 0.297027587890625 -0.187515258789062 0.0287322998046876
0.403717041015625 0.07647705078125 -0.245529174804688 0.043731689453125
0.3763427734375 -0.08441162109375 -0.253692626953125 0.147628784179688
0.3887939453125 -0.08734130859375 -0.233291625976563 0.177032470703125
0.385406494140625 -0.14813232421875 -0.218994140625 0.15985107421875
0.364013671875 -0.033843994140625 -0.236984252929688 0.105178833007812
0.3902587890625 0.102691650390625 -0.18670654296875 0.0854034423828125
0.3424072265625 0.237274169921875 -0.147430419921875 0.00862121582031251
0.133636474609375 0.470855712890625 -0.0782623291015625 -0.0427093505859375
0.00701904296875001 0.4903564453125 0.0518608093261719 0.0475273132324219
-0.17388916015625 0.558685302734375 -0.00413513183593751 0.16534423828125
-0.077301025390625 0.35418701171875 -0.3885498046875 0.477142333984375
-0.021087646484375 0.3184814453125 -0.170562744140625 0.341064453125
0.060791015625 0.298187255859375 -0.08038330078125 0.120758056640625
0.1334228515625 0.211318969726563 -0.139541625976563 0.0393600463867187
0.190994262695313 0.173614501953125 -0.226211547851563 0.00747680664062499
0.254196166992188 0.053985595703125 -0.339080810546875 0.0555419921874999
0.241653442382813 -0.03839111328125 -0.360443115234375 0.208953857421875
0.253219604492188 -0.036041259765625 -0.323944091796875 0.235198974609375
0.268402099609375 -0.0608367919921875 -0.315887451171875 0.214996337890625
0.236907958984375 0.024444580078125 -0.32147216796875 0.1141357421875
0.224929809570313 0.117630004882812 -0.22796630859375 0.0595855712890626
0.163589477539063 0.181747436523438 -0.154205322265625 0.01226806640625
0.0303955078125 0.281524658203125 -0.0622482299804688 0.00240707397460938
-0.01470947265625 0.283050537109375 0.0506744384765625 0.166000366210938
-0.098052978515625 0.358306884765625 -0.070281982421875 0.3338623046875
0.0570831298828125 0.111610412597656 -0.3941650390625 0.59674072265625
0.0671310424804688 0.0881805419921875 -0.161468505859375 0.440643310546875
0.0419349670410156 0.0274772644042969 -0.0690155029296875 0.168304443359375
0.0237388610839844 0.0221729278564453 -0.118431091308594 0.0740737915039062
0.0265235900878906 0.0476417541503906 -0.22174072265625 0.000289916992187484
0.0739288330078125 0.0352554321289063 -0.36968994140625 0.0721435546875
0.073394775390625 0.019500732421875 -0.403656005859375 0.246246337890625
0.0812149047851563 0.0208282470703125 -0.366302490234375 0.257598876953125
0.110809326171875 0.0260238647460938 -0.37371826171875 0.227264404296875
0.0791244506835938 0.0611114501953125 -0.364166259765625 0.0860595703125001
0.0426101684570313 0.0929183959960938 -0.239471435546875 0.00407409667968749
-0.0112686157226563 0.078125 -0.142288208007813 -0.00549316406250001
-0.0381355285644531 0.0506782531738281 -0.0442428588867188 0.0285224914550781
0.000320434570312501 0.045867919921875 0.0316925048828125 0.238357543945312
0.00738525390624999 0.112884521484375 -0.11822509765625 0.42877197265625
-0.162628173828125 0.152725219726563 0.08001708984375 -0.471435546875
-0.079345703125 0.17218017578125 -0.03326416015625 -0.307525634765625
0.0515594482421875 0.1953125 0.00404167175292969 -0.0257415771484375
0.126762390136719 0.093109130859375 0.0877227783203125 0.0393524169921875
0.135467529296875 -0.0080413818359375 0.209381103515625 0.08551025390625
0.0694465637207031 -0.0641555786132813 0.353668212890625 -0.026031494140625
0.0681610107421875 -0.0852813720703125 0.382476806640625 -0.22088623046875
0.093994140625 -0.0698165893554688 0.350494384765625 -0.24395751953125
0.074737548828125 -0.0804977416992187 0.3624267578125 -0.242523193359375
0.106948852539063 -0.0366439819335938 0.343719482421875 -0.11480712890625
0.1319580078125 0.0161056518554688 0.1904296875 -0.0384521484375
0.134483337402344 0.107574462890625 0.0919723510742188 -0.113441467285156
0.0101318359375 0.187393188476563 0.0694580078125 -0.2445068359375
-0.0619659423828125 0.165878295898438 0.11151123046875 -0.44970703125
-0.129013061523438 0.1171875 0.401123046875 -0.62725830078125
-0.25897216796875 0.373321533203125 0.05841064453125 -0.417022705078125
-0.159393310546875 0.36053466796875 -0.020050048828125 -0.2901611328125
0.04217529296875 0.425140380859375 -0.00120735168457031 -0.0328617095947265
0.200714111328125 0.267807006835938 0.0518684387207031 0.0415153503417969
0.27423095703125 0.120681762695313 0.16278076171875 0.119232177734375
0.2406005859375 -0.04046630859375 0.3056640625 0.009490966796875
0.22900390625 -0.133621215820313 0.331146240234375 -0.169677734375
0.260177612304688 -0.120254516601563 0.284698486328125 -0.19171142578125
0.236709594726562 -0.156646728515625 0.28961181640625 -0.2071533203125
0.261138916015625 -0.05999755859375 0.263168334960938 -0.106536865234375
0.294158935546875 0.05096435546875 0.127349853515625 -0.0306472778320312
0.28228759765625 0.197235107421875 0.03466796875 -0.119049072265625
0.084747314453125 0.390533447265625 0.0118560791015625 -0.255340576171875
-0.049285888671875 0.386962890625 0.066497802734375 -0.4473876953125
-0.199432373046875 0.36981201171875 0.33209228515625 -0.58843994140625
-0.329193115234375 0.5458984375 -0.00747680664062502 -0.2930908203125
-0.229034423828125 0.5147705078125 -0.0267333984375 -0.219390869140625
0.0200805664062501 0.61749267578125 -0.00597572326660156 -0.0302658081054687
0.247802734375 0.429290771484375 0.0140743255615235 0.0315055847167969
0.37982177734375 0.252593994140625 0.0929641723632813 0.122817993164063
0.386260986328125 0.00433349609375 0.206741333007813 0.0303497314453125
0.360931396484375 -0.15618896484375 0.22344970703125 -0.097869873046875
0.38958740234375 -0.15185546875 0.17669677734375 -0.108963012695313
0.359405517578125 -0.218017578125 0.178085327148438 -0.13641357421875
0.37811279296875 -0.092559814453125 0.146881103515625 -0.0715789794921875
0.430908203125 0.054351806640625 0.0485267639160157 -0.00606536865234375
0.417877197265625 0.24114990234375 -0.0257034301757812 -0.101821899414062
0.1771240234375 0.538726806640625 -0.0421905517578125 -0.227981567382812
-0.00396728515625001 0.5589599609375 0.031158447265625 -0.379425048828125
-0.2288818359375 0.57305908203125 0.24298095703125 -0.4652099609375
-0.34417724609375 0.64288330078125 -0.107742309570313 -0.112434387207031
-0.2484130859375 0.6103515625 -0.056671142578125 -0.0987014770507812
0.0219116210937501 0.72540283203125 -0.0160179138183594 -0.0115776062011718
0.277801513671875 0.523590087890625 -0.0304946899414062 0.0160770416259766
0.43939208984375 0.340423583984375 0.000694274902343788 0.10089111328125
0.476959228515625 0.04449462890625 0.0632743835449219 0.0388031005859375
0.4381103515625 -0.154876708984375 0.0726852416992188 -0.0143585205078125
0.4591064453125 -0.159454345703125 0.0416336059570313 -0.00826644897460939
0.429443359375 -0.245819091796875 0.0462837219238282 -0.0366249084472656
0.438385009765625 -0.1129150390625 0.014974594116211 -0.00886249542236329
0.5052490234375 0.04864501953125 -0.0346031188964843 0.0345916748046875
0.49432373046875 0.250244140625 -0.07928466796875 -0.062469482421875
0.2432861328125 0.60406494140625 -0.0767059326171875 -0.169052124023437
0.0369873046874999 0.64031982421875 0.02215576171875 -0.255416870117187
-0.22296142578125 0.68829345703125 0.153167724609375 -0.273208618164062
-0.29736328125 0.6427001953125 -0.220596313476563 0.0988769531250001
-0.2056884765625 0.61236572265625 -0.0987701416015625 0.05352783203125
0.04217529296875 0.705322265625 -0.0356369018554687 0.0227508544921875
0.276275634765625 0.51251220703125 -0.079742431640625 0.00645446777343754
0.429046630859375 0.352081298828125 -0.100059509277344 0.0653076171875
0.484405517578125 0.064605712890625 -0.0998611450195312 0.043792724609375
0.4412841796875 -0.134307861328125 -0.0942611694335937 0.074127197265625
0.45733642578125 -0.143463134765625 -0.0976028442382812 0.0947113037109375
0.433258056640625 -0.2271728515625 -0.0867538452148437 0.0733871459960938
0.43133544921875 -0.097198486328125 -0.114784240722656 0.0622406005859375
0.49078369140625 0.058807373046875 -0.112808227539062 0.0755386352539062
0.47137451171875 0.24017333984375 -0.119560241699219 -0.0171585083007813
0.23590087890625 0.5777587890625 -0.0855026245117187 -0.0979843139648437
0.04730224609375 0.61529541015625 0.0371780395507813 -0.10186767578125
-0.1954345703125 0.68389892578125 0.0744094848632812 -0.0471878051757812
-0.19354248046875 0.5450439453125 -0.312591552734375 0.309356689453125
-0.115936279296875 0.508148193359375 -0.136123657226563 0.209320068359375
0.0682373046875 0.54669189453125 -0.0587348937988281 0.0674285888671875
0.230224609375 0.389678955078125 -0.120063781738281 0.0147018432617188
0.342529296875 0.2806396484375 -0.181365966796875 0.0334930419921875
0.4033203125 0.060394287109375 -0.244247436523437 0.0530853271484375
0.3704833984375 -0.097808837890625 -0.243362426757812 0.157470703125
0.38372802734375 -0.103302001953125 -0.2196044921875 0.183914184570313
0.376312255859375 -0.16290283203125 -0.20562744140625 0.167892456054688
0.3597412109375 -0.045379638671875 -0.227890014648437 0.114791870117187
0.38897705078125 0.08758544921875 -0.177230834960938 0.090789794921875
0.348876953125 0.2210693359375 -0.142486572265625 0.01416015625
0.15362548828125 0.464813232421875 -0.0755386352539062 -0.0357208251953125
0.02349853515625 0.485870361328125 0.0562973022460938 0.0462684631347657
-0.15264892578125 0.56512451171875 0.00610351562499999 0.169143676757813
-0.0662841796875 0.355926513671875 -0.3616943359375 0.486083984375
-0.01251220703125 0.318206787109375 -0.152923583984375 0.344024658203125
0.070098876953125 0.295135498046875 -0.0713882446289063 0.118598937988281
0.140213012695313 0.206192016601563 -0.132720947265625 0.0413436889648438
0.19921875 0.166534423828125 -0.221725463867187 0.0138092041015626
0.256454467773437 0.0438995361328125 -0.33685302734375 0.0684814453125
0.239471435546875 -0.046844482421875 -0.346954345703125 0.223480224609375
0.252838134765625 -0.0470733642578125 -0.308074951171875 0.2454833984375
0.265609741210938 -0.0726776123046875 -0.29931640625 0.22650146484375
0.236709594726563 0.016632080078125 -0.31195068359375 0.127288818359375
0.22760009765625 0.108383178710938 -0.22064208984375 0.0660552978515625
0.170166015625 0.173751831054688 -0.14837646484375 0.0180816650390625
0.043304443359375 0.28155517578125 -0.0588951110839844 0.00803756713867189
-0.00567626953125 0.282958984375 0.0585174560546875 0.163101196289063
-0.085296630859375 0.362548828125 -0.0538330078125 0.337615966796875
0.0565948486328125 0.109779357910156 -0.36273193359375 0.60235595703125
0.0671463012695313 0.085174560546875 -0.139739990234375 0.441070556640625
0.0392379760742188 0.0280265808105469 -0.060760498046875 0.16729736328125
0.0235366821289062 0.0224037170410156 -0.11151123046875 0.0750198364257813
0.0310440063476562 0.0488662719726563 -0.218658447265625 0.00642395019531254
0.077850341796875 0.0322189331054688 -0.36572265625 0.08544921875
0.0755462646484375 0.0161666870117188 -0.38848876953125 0.262725830078125
0.0840606689453125 0.0168304443359375 -0.350128173828125 0.26995849609375
0.114181518554688 0.0187149047851563 -0.357269287109375 0.24102783203125
0.0831985473632813 0.0567474365234375 -0.357269287109375 0.10150146484375
0.0474090576171875 0.0903778076171875 -0.236083984375 0.0113067626953125
-0.00530242919921874 0.0785293579101562 -0.138084411621094 0.00119781494140625
-0.0331535339355469 0.0554962158203125 -0.0410041809082031 0.0323295593261719
0.000434875488281254 0.0494766235351563 0.041900634765625 0.235519409179688
0.00812530517578126 0.115119934082031 -0.09783935546875 0.432891845703125
-0.155746459960937 0.155532836914063 0.068328857421875 -0.481964111328125
-0.07470703125 0.173080444335938 -0.042205810546875 -0.3114013671875
0.0577239990234375 0.192123413085938 0.005523681640625 -0.0301914215087891
0.127174377441406 0.0884170532226563 0.0873565673828125 0.0357208251953125
0.131156921386719 -0.0128173828125 0.211715698242188 0.0818939208984375
0.0653953552246094 -0.0632667541503906 0.357452392578125 -0.03521728515625
0.0660171508789063 -0.0849685668945313 0.377838134765625 -0.235626220703125
0.09100341796875 -0.0730667114257813 0.345855712890625 -0.2579345703125
0.0702590942382813 -0.0809402465820313 0.358551025390625 -0.256500244140625
0.104988098144531 -0.040191650390625 0.347503662109375 -0.12750244140625
0.132606506347656 0.0115814208984375 0.194412231445313 -0.0410308837890625
0.139625549316406 0.102256774902344 0.0881423950195313 -0.115821838378906
0.01666259765625 0.18853759765625 0.061004638671875 -0.246475219726562
-0.056488037109375 0.16778564453125 0.09796142578125 -0.453521728515625
-0.122467041015625 0.122207641601562 0.38427734375 -0.6407470703125
-0.24725341796875 0.383087158203125 0.04852294921875 -0.426971435546875
-0.151702880859375 0.365570068359375 -0.027740478515625 -0.29388427734375
0.05438232421875 0.422821044921875 0.00127410888671875 -0.0391921997070312
0.207290649414063 0.262054443359375 0.0528297424316406 0.0382461547851563
0.275726318359375 0.11212158203125 0.167190551757813 0.116226196289063
0.237319946289063 -0.043670654296875 0.309356689453125 0.001708984375
0.226028442382812 -0.138412475585937 0.3280029296875 -0.182373046875
0.258712768554688 -0.129318237304688 0.282867431640625 -0.20257568359375
0.231216430664063 -0.162124633789063 0.2872314453125 -0.219512939453125
0.260711669921875 -0.0665435791015625 0.266128540039063 -0.116043090820313
0.297637939453125 0.04248046875 0.131637573242188 -0.0315704345703125
0.29217529296875 0.190032958984375 0.0320587158203125 -0.120704650878906
0.097686767578125 0.39373779296875 0.00509643554687502 -0.255645751953125
-0.03973388671875 0.3902587890625 0.055145263671875 -0.4510498046875
-0.18804931640625 0.381591796875 0.31744384765625 -0.5985107421875
-0.31292724609375 0.55938720703125 -0.0145263671875 -0.29974365234375
-0.217193603515625 0.5244140625 -0.0319366455078125 -0.222320556640625
0.0411376953125 0.619140625 -0.00140762329101562 -0.0377388000488281
0.2607421875 0.42156982421875 0.0161972045898438 0.0282058715820313
0.386871337890625 0.24078369140625 0.0982666015625 0.120338439941406
0.38568115234375 -0.003143310546875 0.209136962890625 0.0247955322265625
0.359161376953125 -0.164642333984375 0.222457885742188 -0.107757568359375
0.389404296875 -0.166656494140625 0.176666259765625 -0.116729736328125
0.353851318359375 -0.227294921875 0.177841186523438 -0.144088745117188
0.37786865234375 -0.102935791015625 0.150161743164063 -0.076995849609375
0.4344482421875 0.0419921875 0.0539474487304688 -0.00601577758789062
0.42852783203125 0.23114013671875 -0.0274505615234375 -0.102195739746094
0.197723388671875 0.540191650390625 -0.046539306640625 -0.22576904296875
0.010162353515625 0.5621337890625 0.022674560546875 -0.380126953125
-0.2100830078125 0.58856201171875 0.233856201171875 -0.46929931640625
-0.32720947265625 0.6583251953125 -0.1099853515625 -0.114158630371094
-0.23480224609375 0.6236572265625 -0.0582656860351563 -0.0992813110351562
0.04461669921875 0.7303466796875 -0.0105819702148437 -0.0188789367675781
0.29351806640625 0.517913818359375 -0.0271949768066406 0.0128402709960938
0.452239990234375 0.329071044921875 0.00576782226562504 0.100082397460938
0.47930908203125 0.034637451171875 0.0642738342285157 0.0379753112792969
0.437103271484375 -0.166168212890625 0.0732040405273438 -0.018218994140625
0.45965576171875 -0.178741455078125 0.044952392578125 -0.0111274719238281
0.4241943359375 -0.259552001953125 0.0490531921386719 -0.0389785766601563
0.4385986328125 -0.12451171875 0.0185127258300782 -0.00963592529296876
0.509796142578125 0.03436279296875 -0.028839111328125 0.0361328125
0.5062255859375 0.23724365234375 -0.0792999267578125 -0.06146240234375
0.26715087890625 0.60595703125 -0.0771484375 -0.165679931640625
0.0535888671875 0.643798828125 0.0177459716796875 -0.255508422851562
-0.2027587890625 0.705078125 0.1502685546875 -0.274261474609375
-0.28204345703125 0.6580810546875 -0.216766357421875 0.103057861328125
-0.19158935546875 0.62548828125 -0.0961074829101563 0.0565948486328125
0.06524658203125 0.71026611328125 -0.02984619140625 0.016592025756836
0.2921142578125 0.5086669921875 -0.076171875 0.00482177734375003
0.443634033203125 0.34124755859375 -0.095855712890625 0.06610107421875
0.4884033203125 0.053619384765625 -0.100982666015625 0.047943115234375
0.4420166015625 -0.14654541015625 -0.0918807983398437 0.0777435302734375
0.46014404296875 -0.16229248046875 -0.0925979614257812 0.09710693359375
0.43035888671875 -0.24273681640625 -0.0811996459960937 0.0760040283203125
0.4317626953125 -0.1072998046875 -0.110916137695312 0.067108154296875
0.496673583984375 0.0455322265625 -0.10711669921875 0.0780258178710938
0.481170654296875 0.2294921875 -0.118026733398437 -0.0148773193359375
0.25811767578125 0.57861328125 -0.08349609375 -0.0936431884765625
0.0629882812499999 0.61968994140625 0.0378646850585938 -0.102149963378906
-0.17724609375 0.70062255859375 0.0777206420898437 -0.0438995361328125
-0.183868408203125 0.55670166015625 -0.30230712890625 0.318328857421875
-0.10467529296875 0.518707275390625 -0.129287719726562 0.215469360351563
0.0842895507812499 0.550384521484375 -0.05328369140625 0.0639686584472657
0.242218017578125 0.386932373046875 -0.1158447265625 0.0146560668945313
0.35662841796875 0.2742919921875 -0.17926025390625 0.035736083984375
0.40960693359375 0.05133056640625 -0.246795654296875 0.061279296875
0.372802734375 -0.107818603515625 -0.239547729492188 0.166580200195312
0.3880615234375 -0.118865966796875 -0.213333129882812 0.190658569335938
0.374969482421875 -0.1768798828125 -0.1982421875 0.17462158203125
0.362213134765625 -0.054046630859375 -0.223861694335938 0.123809814453125
0.395233154296875 0.0777587890625 -0.172637939453125 0.0945587158203125
0.35748291015625 0.213287353515625 -0.1392822265625 0.0171661376953125
0.1712646484375 0.469146728515625 -0.0725173950195313 -0.031402587890625
0.03460693359375 0.490966796875 0.0604972839355469 0.0464210510253907
-0.138427734375 0.5806884765625 0.01495361328125 0.175323486328125
-0.060546875 0.36334228515625 -0.347442626953125 0.4971923828125
-0.00720214843750002 0.32366943359375 -0.1427001953125 0.3511962890625
0.077972412109375 0.29913330078125 -0.0671310424804688 0.118392944335938
0.14654541015625 0.205535888671875 -0.129669189453125 0.0421905517578125
0.2088623046875 0.163406372070313 -0.221725463867188 0.0172576904296875
0.262466430664063 0.0376434326171875 -0.340728759765625 0.0793762207031249
0.242767333984375 -0.0539703369140625 -0.3414306640625 0.237152099609375
0.257476806640625 -0.0563507080078125 -0.30108642578125 0.256134033203125
0.267745971679688 -0.083740234375 -0.290985107421875 0.236907958984375
0.24102783203125 0.0107421875 -0.308807373046875 0.138885498046875
0.2335205078125 0.103561401367188 -0.218978881835937 0.0713043212890625
0.177032470703125 0.170684814453125 -0.146270751953125 0.02227783203125
0.054046630859375 0.286346435546875 -0.0559844970703125 0.0117225646972657
1.76601480865101E-17 0.288421630859375 0.06640625 0.163787841796875
-0.077911376953125 0.374176025390625 -0.041961669921875 0.34515380859375
0.0553665161132813 0.110832214355469 -0.3460693359375 0.61456298828125
0.0667877197265625 0.0850067138671875 -0.126953125 0.44818115234375
0.0376815795898437 0.0302658081054687 -0.0567169189453125 0.16888427734375
0.0233917236328125 0.0236606597900391 -0.108306884765625 0.0755462646484375
0.0353469848632813 0.050689697265625 -0.220382690429687 0.00881958007812502
0.082244873046875 0.0292892456054687 -0.370269775390625 0.0964660644531251
0.0795364379882813 0.0138778686523438 -0.3824462890625 0.278961181640625
0.0887832641601563 0.0134201049804688 -0.343475341796875 0.282684326171875
0.118843078613281 0.0128707885742188 -0.349395751953125 0.2535400390625
0.0878524780273437 0.0549240112304688 -0.356719970703125 0.114410400390625
0.0529632568359375 0.0902786254882813 -0.236236572265625 0.016754150390625
-0.001556396484375 0.0804519653320313 -0.136665344238281 0.00556945800781253
-0.0298919677734375 0.0599212646484375 -0.0388679504394531 0.0354728698730469
0.000328063964843754 0.0542373657226563 0.050872802734375 0.237518310546875
0.00801086425781251 0.120391845703125 -0.084716796875 0.442413330078125
-0.151412963867187 0.164169311523438 0.0521240234375 -0.504180908203125
-0.0696563720703125 0.178085327148437 -0.05535888671875 -0.322509765625
0.0661773681640625 0.1923828125 0.00507354736328126 -0.0364303588867187
0.132102966308594 0.0847015380859375 0.0886154174804688 0.0324478149414063
0.130157470703125 -0.0179519653320313 0.220245361328125 0.079071044921875
0.06256103515625 -0.0638847351074219 0.36962890625 -0.049346923828125
0.0639495849609375 -0.087738037109375 0.378021240234375 -0.258941650390625
0.0899810791015625 -0.07830810546875 0.344940185546875 -0.280731201171875
0.06793212890625 -0.0842514038085938 0.359283447265625 -0.2799072265625
0.104789733886719 -0.045379638671875 0.3558349609375 -0.14654541015625
0.137016296386719 0.00647735595703125 0.2020263671875 -0.046478271484375
0.148849487304688 0.098297119140625 0.084716796875 -0.121505737304687
0.0247650146484375 0.194168090820312 0.05255126953125 -0.255050659179688
-0.05145263671875 0.172775268554688 0.083709716796875 -0.469757080078125
-0.117790222167969 0.130874633789063 0.37139892578125 -0.6717529296875
-0.237396240234375 0.40185546875 0.0333251953125 -0.44512939453125
-0.142547607421875 0.380615234375 -0.039886474609375 -0.30401611328125
0.07330322265625 0.430511474609375 0.00193023681640626 -0.0469779968261718
0.220062255859375 0.26043701171875 0.0547714233398438 0.0347518920898438
0.283447265625 0.1048583984375 0.17633056640625 0.114181518554687
0.239501953125 -0.048980712890625 0.321380615234375 -0.009124755859375
0.227462768554688 -0.14874267578125 0.32904052734375 -0.202667236328125
0.26123046875 -0.144332885742188 0.2830810546875 -0.22186279296875
0.230377197265625 -0.173492431640625 0.288604736328125 -0.239105224609375
0.264297485351563 -0.0777587890625 0.273056030273438 -0.13189697265625
0.3076171875 0.032806396484375 0.138839721679688 -0.0349197387695313
0.309814453125 0.183563232421875 0.0279922485351563 -0.125617980957031
0.11773681640625 0.40399169921875 -0.00312805175781251 -0.2620849609375
-0.02667236328125 0.402252197265625 0.04052734375 -0.46380615234375
-0.175079345703125 0.40289306640625 0.3043212890625 -0.62530517578125
-0.29931640625 0.58648681640625 -0.025299072265625 -0.31231689453125
-0.204620361328125 0.547393798828125 -0.0408782958984375 -0.229232788085937
0.06610107421875 0.6336669921875 -0.000274658203124997 -0.0469589233398437
0.280853271484375 0.422332763671875 0.018545150756836 0.02459716796875
0.4049072265625 0.2318115234375 0.106712341308594 0.120246887207031
0.393310546875 -0.013519287109375 0.217849731445313 0.018768310546875
0.362701416015625 -0.1806640625 0.223495483398438 -0.120773315429688
0.39447021484375 -0.189361572265625 0.178176879882813 -0.128860473632813
0.354339599609375 -0.246734619140625 0.179718017578125 -0.157150268554688
0.384857177734375 -0.118072509765625 0.155319213867188 -0.0862579345703125
0.449310302734375 0.0277099609375 0.0604629516601563 -0.007293701171875
0.450439453125 0.219818115234375 -0.0313186645507812 -0.104766845703125
0.2269287109375 0.552703857421875 -0.052886962890625 -0.228775024414062
0.029052734375 0.576416015625 0.01104736328125 -0.39056396484375
-0.19158935546875 0.61895751953125 0.22381591796875 -0.48858642578125
-0.313720703125 0.6904296875 -0.115867614746094 -0.116828918457031
-0.220458984375 0.6505126953125 -0.0625457763671875 -0.101394653320312
0.0762939453125 0.74755859375 -0.00797462463378905 -0.0272579193115234
0.32122802734375 0.520233154296875 -0.0247802734375 0.0100040435791016
0.47735595703125 0.31951904296875 0.0123672485351563 0.100494384765625
0.491912841796875 0.021759033203125 0.0679969787597656 0.0376815795898438
0.444671630859375 -0.18597412109375 0.0742645263671875 -0.0221481323242188
0.468902587890625 -0.2047119140625 0.0472869873046875 -0.0150527954101563
0.425537109375 -0.28399658203125 0.0522193908691407 -0.0437583923339844
0.44720458984375 -0.142333984375 0.0220050811767578 -0.0109634399414063
0.52587890625 0.01702880859375 -0.0230789184570312 0.0377693176269531
0.529876708984375 0.224609375 -0.0825576782226562 -0.0621414184570312
0.30133056640625 0.6173095703125 -0.0803985595703125 -0.166030883789062
0.07745361328125 0.66131591796875 0.0118255615234375 -0.261749267578125
-0.1788330078125 0.73968505859375 0.148101806640625 -0.2830810546875
-0.267578125 0.6895751953125 -0.216461181640625 0.111557006835938
-0.17840576171875 0.654052734375 -0.094940185546875 0.0615386962890625
0.09466552734375 0.72967529296875 -0.0262966156005859 0.0107498168945313
0.319366455078125 0.51385498046875 -0.0745162963867188 0.00337982177734378
0.470855712890625 0.33416748046875 -0.0933685302734375 0.0687484741210937
0.506317138671875 0.03936767578125 -0.102989196777344 0.0543975830078125
0.451019287109375 -0.165679931640625 -0.0907135009765625 0.0830612182617188
0.468994140625 -0.1883544921875 -0.0889129638671875 0.102439880371094
0.43402099609375 -0.2667236328125 -0.076934814453125 0.0799789428710937
0.44207763671875 -0.124786376953125 -0.108711242675781 0.073394775390625
0.51165771484375 0.028167724609375 -0.102729797363281 0.0828170776367187
0.5040283203125 0.218048095703125 -0.11968994140625 -0.013214111328125
0.29241943359375 0.58941650390625 -0.0839080810546875 -0.0918197631835937
0.08502197265625 0.63446044921875 0.03863525390625 -0.105293273925781
-0.15472412109375 0.7335205078125 0.0828704833984375 -0.0433883666992187
-0.17205810546875 0.5821533203125 -0.295867919921875 0.336883544921875
-0.0921936035156249 0.541473388671875 -0.122665405273437 0.226821899414063
0.1075439453125 0.56732177734375 -0.0499114990234375 0.0633926391601563
0.263275146484375 0.390411376953125 -0.115180969238281 0.0155105590820313
0.380523681640625 0.2686767578125 -0.181076049804687 0.039886474609375
0.424774169921875 0.038299560546875 -0.254150390625 0.0733489990234374
0.381866455078125 -0.12451171875 -0.238540649414062 0.180923461914062
0.398223876953125 -0.1402587890625 -0.20965576171875 0.20428466796875
0.3802490234375 -0.198638916015625 -0.193634033203125 0.186569213867187
0.372955322265625 -0.0667724609375 -0.22344970703125 0.136520385742187
0.409271240234375 0.0655517578125 -0.17071533203125 0.101409912109375
0.37640380859375 0.206512451171875 -0.140251159667969 0.0206680297851563
0.19671630859375 0.47918701171875 -0.0707855224609375 -0.0278701782226562
0.051605224609375 0.5062255859375 0.0677528381347656 0.0465850830078125
-0.1217041015625 0.60986328125 0.0256805419921875 0.183944702148438
-0.05316162109375 0.378387451171875 -0.337005615234375 0.52239990234375
0.00134277343750001 0.3363037109375 -0.131011962890625 0.368194580078125
0.08953857421875 0.309906005859375 -0.0633010864257813 0.121177673339844
0.157821655273438 0.208114624023438 -0.128456115722656 0.0451812744140625
0.224456787109375 0.160797119140625 -0.226821899414062 0.0218048095703125
0.274017333984375 0.0296783447265625 -0.350677490234375 0.095184326171875
0.250946044921875 -0.0640869140625 -0.340545654296875 0.259368896484375
0.266357421875 -0.070770263671875 -0.29779052734375 0.2750244140625
0.273880004882813 -0.099029541015625 -0.286895751953125 0.2548828125
0.250885009765625 0.0032501220703125 -0.311309814453125 0.156341552734375
0.245223999023438 0.0986785888671875 -0.220489501953125 0.0789794921875
0.189193725585938 0.170120239257812 -0.146224975585938 0.0270843505859375
0.069000244140625 0.296173095703125 -0.0533065795898438 0.0155982971191406
0.00909423828125003 0.30010986328125 0.076568603515625 0.166641235351563
-0.067962646484375 0.39373779296875 -0.026123046875 0.360565185546875
0.0572967529296875 0.114372253417969 -0.33026123046875 0.6431884765625
0.068939208984375 0.0866012573242188 -0.112213134765625 0.467315673828125
0.0374336242675781 0.0340042114257812 -0.0515899658203125 0.175155639648438
0.0243911743164063 0.0253219604492188 -0.10614013671875 0.0786514282226562
0.0409584045410156 0.051300048828125 -0.22711181640625 0.0134124755859375
0.0880279541015625 0.0270462036132813 -0.382171630859375 0.11383056640625
0.0851364135742188 0.0112380981445313 -0.381622314453125 0.304473876953125
0.0945892333984375 0.008880615234375 -0.339996337890625 0.304718017578125
0.124732971191406 0.0055999755859375 -0.34765625 0.274322509765625
0.0948410034179688 0.053314208984375 -0.361907958984375 0.132904052734375
0.0594100952148438 0.0912704467773438 -0.24298095703125 0.023956298828125
0.00277709960937501 0.0838623046875 -0.137420654296875 0.0106735229492188
-0.0263557434082031 0.0657768249511719 -0.0362205505371094 0.0394554138183594
0.001556396484375 0.0596771240234375 0.06280517578125 0.242431640625
0.0107574462890625 0.127914428710938 -0.06878662109375 0.46258544921875
-0.142562866210937 0.176589965820313 0.0218200683593749 -0.528778076171875
-0.0604705810546875 0.185134887695313 -0.07843017578125 -0.3330078125
0.0796966552734375 0.191162109375 0.00263595581054688 -0.0430030822753906
0.139274597167969 0.0781478881835938 0.0907363891601563 0.0269927978515625
0.128387451171875 -0.0255966186523438 0.231964111328125 0.07061767578125
0.0588111877441406 -0.0663948059082031 0.38177490234375 -0.073577880859375
0.05975341796875 -0.0929794311523437 0.373291015625 -0.2923583984375
0.0867233276367188 -0.0863571166992188 0.338165283203125 -0.313568115234375
0.0638885498046875 -0.0884475708007813 0.353057861328125 -0.314117431640625
0.10455322265625 -0.0531005859375 0.361114501953125 -0.1759033203125
0.14166259765625 -0.0027923583984375 0.21026611328125 -0.05780029296875
0.161026000976563 0.0904083251953125 0.0788726806640625 -0.129547119140625
0.0391998291015625 0.19921875 0.0364990234375 -0.264877319335938
-0.04205322265625 0.180038452148438 0.057098388671875 -0.488372802734375
-0.10986328125 0.141998291015625 0.34185791015625 -0.71441650390625
-0.219696044921875 0.428436279296875 0.007720947265625 -0.46649169921875
-0.123992919921875 0.400390625 -0.060638427734375 -0.31427001953125
0.1031494140625 0.436370849609375 -0.000492095947265613 -0.0559043884277343
0.24041748046875 0.252883911132813 0.0569839477539063 0.029632568359375
0.2952880859375 0.089874267578125 0.190399169921875 0.1082763671875
0.241973876953125 -0.0609130859375 0.33392333984375 -0.02899169921875
0.225799560546875 -0.165313720703125 0.326141357421875 -0.230712890625
0.259902954101563 -0.166885375976563 0.27850341796875 -0.248794555664063
0.22674560546875 -0.192184448242188 0.28411865234375 -0.268341064453125
0.267547607421875 -0.095367431640625 0.276931762695313 -0.1563720703125
0.32049560546875 0.0142822265625 0.14691162109375 -0.04351806640625
0.33197021484375 0.169647216796875 0.0205535888671875 -0.131149291992188
0.150390625 0.411895751953125 -0.0177459716796875 -0.269332885742188
-0.00433349609375002 0.416046142578125 0.01397705078125 -0.480560302734375
-0.1519775390625 0.42791748046875 0.27734375 -0.66265869140625
-0.27288818359375 0.62371826171875 -0.043975830078125 -0.325042724609375
-0.17950439453125 0.57830810546875 -0.055999755859375 -0.236770629882812
0.10919189453125 0.646240234375 -0.00159072875976562 -0.0564804077148437
0.313629150390625 0.417266845703125 0.0202922821044922 0.0199069976806641
0.43048095703125 0.213775634765625 0.119346618652344 0.116622924804688
0.404327392578125 -0.03350830078125 0.22808837890625 0.0065155029296875
0.364410400390625 -0.206573486328125 0.221969604492188 -0.139602661132813
0.39630126953125 -0.22235107421875 0.177017211914063 -0.146453857421875
0.35009765625 -0.276947021484375 0.177154541015625 -0.176986694335938
0.389678955078125 -0.144989013671875 0.158004760742188 -0.10076904296875
0.46600341796875 0.001007080078125 0.0670585632324219 -0.0108375549316406
0.481109619140625 0.20074462890625 -0.038818359375 -0.107200622558594
0.2733154296875 0.557952880859375 -0.0646209716796875 -0.233047485351562
0.06280517578125 0.59356689453125 -0.010406494140625 -0.40283203125
-0.1572265625 0.65484619140625 0.204925537109375 -0.515167236328125
-0.28216552734375 0.73492431640625 -0.124755859375 -0.117584228515625
-0.1871337890625 0.6876220703125 -0.0688552856445313 -0.102310180664062
0.12615966796875 0.76837158203125 -0.00819778442382812 -0.0358123779296875
0.361175537109375 0.516265869140625 -0.0231742858886719 0.00628662109375003
0.51300048828125 0.2987060546875 0.0211181640625 0.100517272949219
0.509063720703125 -0.004669189453125 0.0733795166015625 0.035552978515625
0.4486083984375 -0.21746826171875 0.075225830078125 -0.0281219482421875
0.4715576171875 -0.2452392578125 0.0497856140136719 -0.0200881958007813
0.422027587890625 -0.31964111328125 0.0536766052246094 -0.051666259765625
0.45452880859375 -0.172698974609375 0.0253829956054688 -0.0143089294433594
0.54425048828125 -0.0146484375 -0.0169219970703125 0.0390548706054688
0.56195068359375 0.2000732421875 -0.0878219604492187 -0.0610809326171875
0.35430908203125 0.620849609375 -0.088043212890625 -0.166397094726562
0.11663818359375 0.67999267578125 -0.000671386718750014 -0.2703857421875
-0.1373291015625 0.778076171875 0.139801025390625 -0.298126220703125
-0.236328125 0.732421875 -0.213363647460938 0.124725341796875
-0.14642333984375 0.69110107421875 -0.0915069580078125 0.0692672729492188
0.1444091796875 0.7496337890625 -0.0244884490966797 0.00713920593261724
0.359710693359375 0.50958251953125 -0.0735855102539062 0.00339508056640627
0.50921630859375 0.314178466796875 -0.09002685546875 0.073394775390625
0.52459716796875 0.0126953125 -0.103042602539062 0.0633468627929687
0.4586181640625 -0.19696044921875 -0.0884780883789062 0.0916900634765625
0.474151611328125 -0.22808837890625 -0.0833663940429687 0.109931945800781
0.430938720703125 -0.304443359375 -0.0707244873046875 0.0845184326171875
0.450286865234375 -0.153717041015625 -0.105133056640625 0.0823974609375
0.530670166015625 -0.001190185546875 -0.097320556640625 0.089202880859375
0.534759521484375 0.194580078125 -0.122428894042969 -0.00839233398437501
0.342529296875 0.5931396484375 -0.0860443115234375 -0.0900726318359374
0.12359619140625 0.65338134765625 0.0369415283203125 -0.110671997070312
-0.11181640625 0.773681640625 0.0879058837890625 -0.0467529296875
-0.14532470703125 0.61492919921875 -0.281829833984375 0.36322021484375
-0.06512451171875 0.5689697265625 -0.10992431640625 0.242843627929688
0.1455078125 0.58294677734375 -0.0458717346191406 0.0646781921386719
0.29571533203125 0.38916015625 -0.114776611328125 0.0184326171875
0.4122314453125 0.2537841796875 -0.182815551757813 0.0479736328125
0.44384765625 0.01629638671875 -0.259185791015625 0.0925750732421875
0.38970947265625 -0.151275634765625 -0.233840942382812 0.203765869140625
0.404541015625 -0.174102783203125 -0.201019287109375 0.222808837890625
0.38226318359375 -0.231842041015625 -0.184051513671875 0.202682495117187
0.38336181640625 -0.091033935546875 -0.219573974609375 0.155410766601562
0.42718505859375 0.04388427734375 -0.168304443359375 0.112564086914062
0.401214599609375 0.191009521484375 -0.140960693359375 0.0283050537109375
0.237518310546875 0.48516845703125 -0.0691642761230469 -0.0242919921875
0.0809020996093749 0.522186279296875 0.075408935546875 0.043914794921875
-0.08563232421875 0.64251708984375 0.0431365966796875 0.191497802734375
-0.03607177734375 0.3984375 -0.3116455078125 0.559478759765625
0.019317626953125 0.3515625 -0.110260009765625 0.389892578125
0.112091064453125 0.319427490234375 -0.0564041137695312 0.127952575683594
0.175216674804688 0.207962036132813 -0.126655578613281 0.0500717163085938
0.244781494140625 0.152801513671875 -0.232345581054687 0.03155517578125
0.28759765625 0.014984130859375 -0.359283447265625 0.12103271484375
0.258743286132813 -0.08160400390625 -0.334136962890625 0.289703369140625
0.272430419921875 -0.092529296875 -0.287445068359375 0.30120849609375
0.278335571289063 -0.122283935546875 -0.277191162109375 0.278610229492188
0.262100219726563 -0.011199951171875 -0.30975341796875 0.18206787109375
0.260406494140625 0.08770751953125 -0.222137451171875 0.092987060546875
0.20654296875 0.164154052734375 -0.147048950195313 0.0358428955078125
0.0931396484375 0.303802490234375 -0.0493278503417969 0.019622802734375
0.025909423828125 0.31243896484375 0.091888427734375 0.16754150390625
-0.046844482421875 0.415618896484375 -0.00128173828125002 0.377410888671875
0.0619964599609375 0.117042541503906 -0.2982177734375 0.68182373046875
0.0742568969726563 0.0868606567382813 -0.084320068359375 0.490753173828125
0.0393867492675781 0.0371437072753906 -0.042236328125 0.18450927734375
0.0261554718017578 0.0265712738037109 -0.10284423828125 0.0848388671875
0.0484848022460938 0.0510406494140625 -0.23541259765625 0.0242156982421875
0.0954437255859375 0.0219650268554687 -0.391876220703125 0.14276123046875
0.0908050537109375 0.0059661865234375 -0.3721923828125 0.34039306640625
0.100914001464844 0.001220703125 -0.33013916015625 0.336151123046875
0.130447387695313 -0.00567626953125 -0.338531494140625 0.304443359375
0.1041259765625 0.0487289428710938 -0.36480712890625 0.161834716796875
0.0690383911132813 0.0906219482421875 -0.2498779296875 0.0381317138671875
0.00910186767578126 0.0866928100585938 -0.138328552246094 0.0192108154296875
-0.0209808349609375 0.0717926025390625 -0.0321197509765625 0.0435638427734375
0.00476837158203125 0.0653114318847656 0.0813140869140625 0.246963500976562
0.0168075561523438 0.136192321777344 -0.040252685546875 0.48431396484375
-0.128677368164063 0.188507080078125 -0.019775390625 -0.542694091796875
-0.046417236328125 0.18939208984375 -0.1082763671875 -0.33453369140625
0.0954437255859375 0.183425903320313 -0.00252532958984375 -0.0483512878417969
0.144760131835938 0.0670318603515625 0.0911407470703125 0.0200653076171875
0.124504089355469 -0.03515625 0.242294311523438 0.0549774169921875
0.0526046752929688 -0.0688323974609375 0.385406494140625 -0.105987548828125
0.0534744262695313 -0.0983047485351563 0.353057861328125 -0.3282470703125
0.0797958374023438 -0.0949859619140625 0.316131591796875 -0.346893310546875
0.0580291748046875 -0.0930252075195312 0.33258056640625 -0.3511962890625
0.10052490234375 -0.0619430541992188 0.35504150390625 -0.211761474609375
0.143356323242188 -0.0155181884765625 0.21429443359375 -0.0749969482421875
0.1722412109375 0.07720947265625 0.068206787109375 -0.136184692382813
0.0569610595703125 0.199783325195313 0.0137481689453125 -0.270095825195313
-0.027191162109375 0.184860229492188 0.017181396484375 -0.49932861328125
-0.096038818359375 0.152359008789063 0.2879638671875 -0.7501220703125
-0.186737060546875 0.451873779296875 -0.0306396484375 -0.477935791015625
-0.0939636230468749 0.414581298828125 -0.087799072265625 -0.317230224609375
0.1392822265625 0.431365966796875 -0.00623703002929687 -0.0629119873046875
0.261978149414062 0.236083984375 0.0578689575195313 0.0232810974121094
0.303558349609375 0.06793212890625 0.2030029296875 0.095458984375
0.23931884765625 -0.0765380859375 0.340545654296875 -0.05731201171875
0.215927124023438 -0.184066772460938 0.310333251953125 -0.26153564453125
0.250045776367188 -0.191818237304688 0.261611938476563 -0.2769775390625
0.214981079101563 -0.212051391601563 0.266082763671875 -0.299560546875
0.264617919921875 -0.117446899414063 0.27105712890625 -0.1846923828125
0.327056884765625 -0.01123046875 0.151473999023438 -0.0558624267578125
0.352325439453125 0.1441650390625 0.00853729248046877 -0.135032653808594
0.1893310546875 0.407440185546875 -0.03948974609375 -0.271408081054687
0.02825927734375 0.422576904296875 -0.024078369140625 -0.48760986328125
-0.11627197265625 0.448486328125 0.2286376953125 -0.692138671875
-0.22735595703125 0.65716552734375 -0.0715942382812501 -0.330718994140625
-0.1341552734375 0.6004638671875 -0.07562255859375 -0.238296508789062
0.1632080078125 0.6458740234375 -0.00667572021484374 -0.0641365051269531
0.349365234375 0.398040771484375 0.0215816497802735 0.0146064758300781
0.45159912109375 0.181732177734375 0.132308959960938 0.107421875
0.407501220703125 -0.062408447265625 0.2349853515625 -0.0120391845703125
0.355438232421875 -0.2376708984375 0.213165283203125 -0.160308837890625
0.384185791015625 -0.261749267578125 0.167617797851563 -0.165359497070313
0.3333740234375 -0.30889892578125 0.166900634765625 -0.19842529296875
0.385101318359375 -0.177001953125 0.155288696289063 -0.117965698242188
0.473602294921875 -0.035491943359375 0.0731353759765625 -0.0177459716796875
0.506072998046875 0.164459228515625 -0.0486602783203125 -0.107208251953125
0.328369140625 0.546661376953125 -0.0810546875 -0.232620239257812
0.1085205078125 0.59942626953125 -0.04107666015625 -0.407257080078125
-0.10260009765625 0.68145751953125 0.16839599609375 -0.537109375
-0.2265625 0.77032470703125 -0.134735107421875 -0.113395690917969
-0.13653564453125 0.71533203125 -0.0766754150390625 -0.09912109375
0.18963623046875 0.767822265625 -0.0106582641601562 -0.0421180725097656
0.406280517578125 0.495635986328125 -0.0225601196289062 0.00364494323730472
0.545013427734375 0.260986328125 0.0310821533203125 0.0980758666992188
0.516815185546875 -0.041656494140625 0.0790863037109375 0.0301895141601562
0.441375732421875 -0.25494384765625 0.0740280151367188 -0.0343170166015625
0.458251953125 -0.29180908203125 0.0502052307128906 -0.0263404846191406
0.4014892578125 -0.358917236328125 0.0519485473632813 -0.061279296875
0.44873046875 -0.209869384765625 0.0276012420654297 -0.0178623199462891
0.553375244140625 -0.05767822265625 -0.00944519042968746 0.0390167236328125
0.588134765625 0.15740966796875 -0.0949554443359375 -0.0574417114257812
0.416259765625 0.60321044921875 -0.0975494384765625 -0.163833618164062
0.1710205078125 0.68170166015625 -0.0197906494140625 -0.273956298828125
-0.0728149414062501 0.80670166015625 0.1219482421875 -0.312103271484375
-0.18267822265625 0.7666015625 -0.203781127929688 0.140335083007813
-0.0940551757812501 0.71527099609375 -0.0847549438476562 0.0769424438476563
0.21112060546875 0.75213623046875 -0.0228557586669922 0.00367927551269536
0.405029296875 0.488800048828125 -0.0721588134765625 0.00346374511718753
0.543731689453125 0.277099609375 -0.0837936401367187 0.0779571533203125
0.536529541015625 -0.02532958984375 -0.099700927734375 0.0733184814453125
0.45281982421875 -0.23583984375 -0.0810928344726562 0.101341247558594
0.463592529296875 -0.275238037109375 -0.0734176635742187 0.116401672363281
0.4124755859375 -0.344940185546875 -0.0625457763671875 0.0879287719726562
0.447052001953125 -0.19091796875 -0.0968017578125 0.0913772583007812
0.5394287109375 -0.041900634765625 -0.0883636474609375 0.09649658203125
0.55810546875 0.15521240234375 -0.124664306640625 -0.0015106201171875
0.40155029296875 0.5758056640625 -0.0892333984375 -0.0867767333984375
0.17462158203125 0.65447998046875 0.03179931640625 -0.115249633789062
-0.048828125 0.79876708984375 0.09033203125 -0.0529861450195312
-0.10089111328125 0.6417236328125 -0.253753662109375 0.38818359375
-0.02166748046875 0.588134765625 -0.08819580078125 0.255661010742188
0.19781494140625 0.58465576171875 -0.0392990112304687 0.0658760070800782
0.330657958984375 0.37347412109375 -0.112091064453125 0.0226593017578125
0.441497802734375 0.225006103515625 -0.181503295898437 0.05908203125
0.4552001953125 -0.017303466796875 -0.256591796875 0.115936279296875
0.3875732421875 -0.1844482421875 -0.21923828125 0.226455688476562
0.39764404296875 -0.213836669921875 -0.183181762695313 0.241546630859375
0.3692626953125 -0.26861572265625 -0.167617797851563 0.217453002929687
0.384185791015625 -0.1219482421875 -0.207839965820313 0.176071166992187
0.438323974609375 0.010894775390625 -0.159561157226562 0.125152587890625
0.422943115234375 0.162872314453125 -0.140052795410156 0.03759765625
0.284423828125 0.475250244140625 -0.0669288635253906 -0.0212249755859375
0.121734619140625 0.527801513671875 0.083404541015625 0.037750244140625
-0.0328369140625 0.66436767578125 0.0637054443359375 0.1923828125
-0.00729370117187498 0.4124755859375 -0.2685546875 0.58984375
0.045806884765625 0.359344482421875 -0.07666015625 0.404815673828125
0.139801025390625 0.32049560546875 -0.0446395874023437 0.132972717285156
0.193801879882813 0.198959350585938 -0.122245788574219 0.0565109252929688
0.263671875 0.13580322265625 -0.234603881835937 0.0462799072265625
0.29638671875 -0.007476806640625 -0.358306884765625 0.1536865234375
0.259323120117188 -0.1036376953125 -0.31298828125 0.322662353515625
0.2711181640625 -0.1195068359375 -0.2646484375 0.328521728515625
0.272354125976563 -0.150619506835938 -0.255340576171875 0.303619384765625
0.268646240234375 -0.0324554443359375 -0.29693603515625 0.211181640625
0.2725830078125 0.0688323974609375 -0.217926025390625 0.109786987304688
0.223602294921875 0.1510009765625 -0.143997192382812 0.0458984375
0.122039794921875 0.30194091796875 -0.0446701049804688 0.0225296020507813
0.049407958984375 0.318328857421875 0.1094970703125 0.161956787109375
-0.014190673828125 0.43060302734375 0.03302001953125 0.384307861328125
0.069244384765625 0.117317199707031 -0.2479248046875 0.71368408203125
0.0802536010742188 0.0847854614257812 -0.043426513671875 0.50634765625
0.0427780151367188 0.03912353515625 -0.026275634765625 0.19097900390625
0.0284881591796875 0.0270156860351563 -0.0958328247070312 0.0910186767578125
0.0555419921875 0.0484046936035156 -0.24041748046875 0.0390167236328125
0.101066589355469 0.01397705078125 -0.38922119140625 0.17779541015625
0.0955581665039063 -0.00218963623046875 -0.349151611328125 0.37725830078125
0.105079650878906 -0.0087890625 -0.305694580078125 0.367218017578125
0.132972717285156 -0.019561767578125 -0.316162109375 0.335601806640625
0.112220764160156 0.0402069091796875 -0.35595703125 0.19537353515625
0.0783462524414063 0.0864715576171875 -0.2515869140625 0.0573883056640625
0.0182113647460937 0.0881881713867187 -0.136100769042969 0.0296173095703125
-0.013153076171875 0.0763626098632813 -0.0266609191894531 0.0465965270996094
0.0102310180664062 0.0691909790039063 0.1048583984375 0.244354248046875
0.02691650390625 0.141510009765625 -0.000335693359375012 0.49688720703125
-0.1099853515625 0.194015502929688 -0.0645141601562499 -0.53802490234375
-0.0319671630859375 0.18743896484375 -0.135772705078125 -0.323822021484375
0.106552124023438 0.170272827148438 -0.00902557373046874 -0.0507278442382812
0.146163940429688 0.05450439453125 0.0888442993164063 0.0132598876953125
0.116744995117188 -0.0432662963867188 0.246551513671875 0.037567138671875
0.0454139709472656 -0.0692291259765625 0.37646484375 -0.137176513671875
0.0450668334960938 -0.100128173828125 0.3216552734375 -0.353485107421875
0.0703887939453125 -0.099853515625 0.28369140625 -0.36962890625
0.0501632690429688 -0.0951004028320313 0.299530029296875 -0.376617431640625
0.0937957763671875 -0.0686416625976563 0.33612060546875 -0.241455078125
0.140731811523438 -0.0270233154296875 0.211135864257813 -0.0908966064453125
0.176864624023438 0.060516357421875 0.0552215576171875 -0.137924194335938
0.0745849609375 0.192642211914063 -0.00900268554687501 -0.26617431640625
-0.0119781494140625 0.183822631835938 -0.02178955078125 -0.494110107421875
-0.0798187255859375 0.157241821289063 0.22308349609375 -0.76055908203125
-0.14764404296875 0.460205078125 -0.06768798828125 -0.473907470703125
-0.060302734375 0.415130615234375 -0.1134033203125 -0.308074951171875
0.170654296875 0.412384033203125 -0.0133323669433594 -0.0661354064941406
0.274459838867188 0.21160888671875 0.0567550659179688 0.0174560546875
0.302642822265625 0.04461669921875 0.210006713867188 0.0795440673828125
0.230728149414063 -0.0903472900390625 0.335662841796875 -0.0848388671875
0.200820922851563 -0.198043823242188 0.2855224609375 -0.283782958984375
0.23095703125 -0.211166381835938 0.235992431640625 -0.29595947265625
0.196304321289063 -0.2264404296875 0.237701416015625 -0.32073974609375
0.2523193359375 -0.13568115234375 0.256011962890625 -0.207046508789063
0.323394775390625 -0.037353515625 0.150711059570313 -0.0680999755859375
0.361480712890625 0.11395263671875 -0.00304412841796872 -0.133514404296875
0.22381591796875 0.388885498046875 -0.0591888427734375 -0.26580810546875
0.0595703125 0.41668701171875 -0.06036376953125 -0.4801025390625
-0.075958251953125 0.453765869140625 0.1722412109375 -0.6998291015625
-0.17108154296875 0.669189453125 -0.09600830078125 -0.32470703125
-0.0869140625 0.6044921875 -0.093475341796875 -0.231231689453125
0.212158203125 0.62298583984375 -0.0127182006835937 -0.0685615539550781
0.3729248046875 0.36456298828125 0.0207805633544922 0.00935173034667971
0.459014892578125 0.144744873046875 0.140670776367188 0.095367431640625
0.39764404296875 -0.087890625 0.233871459960938 -0.0314483642578125
0.33538818359375 -0.261749267578125 0.1981201171875 -0.17572021484375
0.35821533203125 -0.290985107421875 0.1529541015625 -0.178070068359375
0.30474853515625 -0.33282470703125 0.148422241210938 -0.213592529296875
0.367950439453125 -0.204193115234375 0.1463623046875 -0.132110595703125
0.46807861328125 -0.07275390625 0.0759201049804688 -0.0250625610351563
0.5150146484375 0.121673583984375 -0.0581893920898437 -0.102851867675781
0.372039794921875 0.515533447265625 -0.0958099365234375 -0.22576904296875
0.1522216796875 0.58563232421875 -0.07086181640625 -0.398529052734375
-0.0440063476562501 0.68353271484375 0.126617431640625 -0.543212890625
-0.16497802734375 0.78375244140625 -0.1407470703125 -0.105255126953125
-0.07904052734375 0.7203369140625 -0.0820846557617188 -0.0935134887695312
0.24969482421875 0.74505615234375 -0.01336669921875 -0.0467033386230468
0.436553955078125 0.457427978515625 -0.0222053527832031 4.76837158203375E-05
0.55902099609375 0.215911865234375 0.0391845703125 0.0916671752929688
0.51153564453125 -0.078338623046875 0.0826034545898438 0.0232009887695313
0.419342041015625 -0.2862548828125 0.0717544555664063 -0.0395431518554688
0.429962158203125 -0.327484130859375 0.0479736328125 -0.0321273803710938
0.369049072265625 -0.38946533203125 0.0465049743652344 -0.0693321228027344
0.4293212890625 -0.241607666015625 0.028289794921875 -0.022115707397461
0.54437255859375 -0.09918212890625 -0.00223159790039059 0.0366325378417969
0.59521484375 0.11090087890625 -0.0996780395507812 -0.0514450073242188
0.46319580078125 0.563232421875 -0.105514526367187 -0.157745361328125
0.218017578125 0.66253662109375 -0.037750244140625 -0.270751953125
-0.00299072265624996 0.80548095703125 0.099456787109375 -0.315948486328125
-0.12115478515625 0.77783203125 -0.188995361328125 0.150863647460938
-0.03717041015625 0.7198486328125 -0.0745620727539063 0.0819091796875001
0.26995849609375 0.7286376953125 -0.0205821990966797 0.000295639038085985
0.43682861328125 0.453155517578125 -0.070343017578125 0.00318908691406253
0.5611572265625 0.231109619140625 -0.0772171020507812 0.079803466796875
0.532318115234375 -0.06451416015625 -0.09161376953125 0.0806045532226562
0.434844970703125 -0.269927978515625 -0.0702056884765625 0.107215881347656
0.43695068359375 -0.311767578125 -0.0616378784179687 0.118858337402344
0.3797607421875 -0.377471923828125 -0.0537948608398437 0.0873794555664062
0.42962646484375 -0.222747802734375 -0.0855255126953125 0.0972824096679687
0.531005859375 -0.082855224609375 -0.077392578125 0.0990371704101562
0.5657958984375 0.11041259765625 -0.124519348144531 0.0057373046875
0.446685791015625 0.538238525390625 -0.08990478515625 -0.0822677612304687
0.22039794921875 0.6376953125 0.0257644653320313 -0.117835998535156
0.0186157226562499 0.79644775390625 0.089263916015625 -0.0579223632812499
-0.0511474609374999 0.64874267578125 -0.21832275390625 0.40020751953125
0.0236206054687499 0.5885009765625 -0.063507080078125 0.259429931640625
0.242919921875 0.56671142578125 -0.0313148498535156 0.0647430419921875
0.355682373046875 0.345855712890625 -0.1075439453125 0.02508544921875
0.457763671875 0.18780517578125 -0.176422119140625 0.068572998046875
0.453216552734375 -0.05126953125 -0.246383666992187 0.136322021484375
0.3734130859375 -0.213775634765625 -0.1962890625 0.242080688476563
0.377899169921875 -0.246490478515625 -0.159744262695312 0.250930786132813
0.342987060546875 -0.297760009765625 -0.146835327148437 0.22393798828125
0.3734130859375 -0.1502685546875 -0.188491821289062 0.189834594726563
0.435272216796875 -0.022247314453125 -0.147048950195313 0.133682250976562
0.43194580078125 0.129150390625 -0.135818481445312 0.0450668334960938
0.322845458984375 0.446990966796875 -0.06396484375 -0.0189094543457031
0.158538818359375 0.51470947265625 0.0886383056640625 0.0293426513671875
0.0208740234375 0.664794921875 0.0816802978515625 0.186676025390625
0.02252197265625 0.412628173828125 -0.2191162109375 0.60174560546875
0.072601318359375 0.35565185546875 -0.0401611328125 0.40704345703125
0.165924072265625 0.311004638671875 -0.03155517578125 0.132926940917969
0.207305908203125 0.184371948242188 -0.114601135253906 0.0601882934570313
0.274505615234375 0.113388061523437 -0.231216430664062 0.060760498046875
0.29718017578125 -0.030364990234375 -0.345123291015625 0.18212890625
0.253402709960938 -0.12451171875 -0.280975341796875 0.345703125
0.260726928710937 -0.142379760742187 -0.23272705078125 0.344818115234375
0.25811767578125 -0.172943115234375 -0.22625732421875 0.317840576171875
0.265548706054688 -0.0529022216796875 -0.275299072265625 0.232681274414062
0.276458740234375 0.0469207763671875 -0.206527709960937 0.1234130859375
0.233901977539062 0.133102416992187 -0.137825012207031 0.0543060302734375
0.1480712890625 0.290130615234375 -0.0387382507324219 0.0234870910644531
0.072174072265625 0.31402587890625 0.124053955078125 0.150466918945313
0.021331787109375 0.431243896484375 0.06488037109375 0.378662109375
0.0751113891601563 0.113685607910156 -0.185791015625 0.72210693359375
0.0847015380859375 0.0800399780273438 0.000274658203124963 0.50390625
0.0460357666015625 0.0394630432128906 -0.00885009765625 0.190505981445313
0.0305156707763672 0.0264797210693359 -0.0866928100585938 0.0929794311523437
0.0610733032226563 0.0437545776367188 -0.237533569335938 0.0545654296875
0.103927612304687 0.00502777099609375 -0.375091552734375 0.208892822265625
0.0974502563476563 -0.010986328125 -0.312103271484375 0.4010009765625
0.104934692382813 -0.0181961059570313 -0.27069091796875 0.385986328125
0.129951477050781 -0.0328140258789063 -0.283782958984375 0.355712890625
0.1163330078125 0.0302352905273438 -0.333465576171875 0.22265625
0.08642578125 0.07989501953125 -0.24517822265625 0.076263427734375
0.0264053344726562 0.0867233276367188 -0.130279541015625 0.038360595703125
-0.00449371337890624 0.0774765014648437 -0.0202064514160156 0.0471839904785156
0.0154037475585938 0.070587158203125 0.124832153320313 0.232467651367188
0.036956787109375 0.14178466796875 0.041412353515625 0.493316650390625
-0.095245361328125 0.193893432617187 -0.0953369140625 -0.524505615234375
-0.0213623046875 0.181381225585938 -0.154205322265625 -0.3092041015625
0.111419677734375 0.156997680664063 -0.01434326171875 -0.0513153076171875
0.142913818359375 0.0443115234375 0.0854721069335938 0.00930023193359375
0.108367919921875 -0.0474700927734375 0.245285034179688 0.0244598388671875
0.0392265319824219 -0.0662765502929688 0.363037109375 -0.1572265625
0.0378036499023438 -0.0998077392578125 0.291748046875 -0.363861083984375
0.0627212524414063 -0.101905822753906 0.25244140625 -0.3768310546875
0.0441360473632812 -0.0951156616210937 0.269317626953125 -0.3868408203125
0.0871124267578125 -0.0717697143554688 0.314361572265625 -0.2578125
0.135673522949219 -0.0360641479492187 0.206039428710938 -0.101516723632813
0.175933837890625 0.0467681884765625 0.0460357666015625 -0.1353759765625
0.08465576171875 0.1832275390625 -0.0252532958984375 -0.257537841796875
-0.000442504882812502 0.178604125976563 -0.050445556640625 -0.479248046875
-0.0659637451171875 0.156112670898438 0.17462158203125 -0.75177001953125
-0.114959716796875 0.45855712890625 -0.094085693359375 -0.4617919921875
-0.036407470703125 0.40716552734375 -0.12933349609375 -0.29547119140625
0.189208984375 0.3896484375 -0.0187339782714844 -0.0674324035644531
0.27630615234375 0.190841674804687 0.0546379089355469 0.01287841796875
0.294586181640625 0.026763916015625 0.212066650390625 0.065887451171875
0.219940185546875 -0.09710693359375 0.325164794921875 -0.1036376953125
0.185256958007813 -0.204727172851562 0.26202392578125 -0.294189453125
0.21258544921875 -0.221084594726563 0.2110595703125 -0.30340576171875
0.178619384765625 -0.232452392578125 0.211456298828125 -0.329864501953125
0.23907470703125 -0.1466064453125 0.23822021484375 -0.2197265625
0.314361572265625 -0.05548095703125 0.148101806640625 -0.0768280029296875
0.36041259765625 0.08978271484375 -0.0120697021484375 -0.129005432128906
0.24346923828125 0.365692138671875 -0.07269287109375 -0.256439208984375
0.081512451171875 0.40350341796875 -0.0860900878906251 -0.464385986328125
-0.044708251953125 0.446807861328125 0.12835693359375 -0.6895751953125
-0.1275634765625 0.66387939453125 -0.112762451171875 -0.31390380859375
-0.05059814453125 0.5960693359375 -0.104141235351563 -0.221450805664062
0.24456787109375 0.5936279296875 -0.017669677734375 -0.0706024169921875
0.382049560546875 0.334808349609375 0.0188579559326172 0.00499725341796877
0.45416259765625 0.11566162109375 0.144119262695313 0.084320068359375
0.385406494140625 -0.10516357421875 0.228988647460938 -0.045867919921875
0.3148193359375 -0.274993896484375 0.184127807617188 -0.183364868164063
0.331878662109375 -0.306915283203125 0.138626098632813 -0.184066772460938
0.278839111328125 -0.3426513671875 0.13037109375 -0.220870971679688
0.349365234375 -0.218414306640625 0.137138366699219 -0.139755249023438
0.45355224609375 -0.098846435546875 0.0772933959960938 -0.0317916870117188
0.511444091796875 0.08892822265625 -0.0649642944335937 -0.0975723266601563
0.397491455078125 0.48138427734375 -0.104141235351562 -0.217483520507812
0.18023681640625 0.56494140625 -0.0903015136718749 -0.385711669921875
-0.000427246093750022 0.671142578125 0.094757080078125 -0.534912109375
-0.11285400390625 0.77777099609375 -0.142776489257813 -0.0977935791015624
-0.0357666015625001 0.70928955078125 -0.0837631225585937 -0.0882644653320312
0.29052734375 0.7119140625 -0.0159950256347656 -0.0499534606933593
0.449920654296875 0.42333984375 -0.0229206085205078 -0.00316619873046872
0.55755615234375 0.179229736328125 0.0446548461914063 0.085540771484375
0.496246337890625 -0.102508544921875 0.0833816528320313 0.017333984375
0.39697265625 -0.30517578125 0.0694465637207032 -0.0429458618164063
0.40020751953125 -0.3482666015625 0.0456886291503907 -0.0357208251953125
0.3363037109375 -0.401458740234375 0.0398712158203125 -0.074066162109375
0.406341552734375 -0.259185791015625 0.0288467407226563 -0.0250492095947266
0.526519775390625 -0.128082275390625 0.00320434570312503 0.0327873229980469
0.5885009765625 0.073486328125 -0.102348327636719 -0.0451126098632812
0.49017333984375 0.522552490234375 -0.109573364257812 -0.152267456054687
0.2491455078125 0.63763427734375 -0.049896240234375 -0.2623291015625
0.0447998046874999 0.78759765625 0.082366943359375 -0.312957763671875
-0.07177734375 0.7701416015625 -0.174041748046875 0.15545654296875
0.00592041015625 0.7069091796875 -0.065032958984375 0.0826034545898438
0.30780029296875 0.69921875 -0.0191707611083984 -0.00350952148437495
0.451141357421875 0.420013427734375 -0.0688209533691406 0.0012931823730469
0.56231689453125 0.1920166015625 -0.0712738037109375 0.0795135498046875
0.521209716796875 -0.0919189453125 -0.0848922729492187 0.0843124389648438
0.4139404296875 -0.2911376953125 -0.0598678588867187 0.108489990234375
0.40911865234375 -0.3328857421875 -0.05194091796875 0.11785888671875
0.34808349609375 -0.390655517578125 -0.0480804443359375 0.0840301513671875
0.4083251953125 -0.2410888671875 -0.0753402709960937 0.098297119140625
0.515777587890625 -0.111907958984375 -0.0679244995117187 0.097808837890625
0.557403564453125 0.07525634765625 -0.123184204101562 0.0114059448242187
0.47064208984375 0.497650146484375 -0.0901336669921875 -0.0799636840820313
0.2501220703125 0.613037109375 0.0206756591796875 -0.11798095703125
0.0656127929687501 0.78155517578125 0.0872650146484375 -0.0609817504882812
-0.01318359375 0.64013671875 -0.1884765625 0.399658203125
0.059326171875 0.5771484375 -0.0432891845703125 0.255599975585938
0.27423095703125 0.54296875 -0.0247116088867187 0.0608062744140625
0.36541748046875 0.320159912109375 -0.103401184082031 0.0247955322265625
0.460479736328125 0.1566162109375 -0.170639038085937 0.0738677978515625
0.44439697265625 -0.076080322265625 -0.233535766601562 0.148712158203125
0.357635498046875 -0.23291015625 -0.174209594726562 0.2481689453125
0.355255126953125 -0.26654052734375 -0.1396484375 0.25201416015625
0.31744384765625 -0.312469482421875 -0.130340576171875 0.223342895507813
0.35833740234375 -0.167327880859375 -0.170486450195312 0.19537353515625
0.42584228515625 -0.046051025390625 -0.134719848632813 0.136184692382813
0.429412841796875 0.102203369140625 -0.130790710449219 0.0505142211914062
0.34393310546875 0.41729736328125 -0.0603141784667968 -0.0187759399414062
0.182525634765625 0.496551513671875 0.0903549194335938 0.0217208862304688
0.0610351562499999 0.65069580078125 0.093414306640625 0.177352905273438
0.0447998046875 0.40625 -0.1773681640625 0.5958251953125
0.090972900390625 0.347625732421875 -0.011688232421875 0.3984375
0.182769775390625 0.2987060546875 -0.02130126953125 0.129554748535156
0.21282958984375 0.171157836914063 -0.108283996582031 0.0600814819335938
0.27789306640625 0.0944671630859375 -0.226165771484375 0.069793701171875
0.29241943359375 -0.04742431640625 -0.32843017578125 0.199981689453125
0.244491577148438 -0.138031005859375 -0.2515869140625 0.353668212890625
0.246978759765625 -0.157470703125 -0.20538330078125 0.347747802734375
0.241195678710938 -0.186599731445313 -0.201202392578125 0.320465087890625
0.258041381835938 -0.0668792724609375 -0.252426147460938 0.243194580078125
0.274749755859375 0.030853271484375 -0.194778442382812 0.131332397460938
0.235885620117188 0.118011474609375 -0.131134033203125 0.0589828491210938
0.163482666015625 0.274856567382813 -0.0336513519287109 0.0222721099853516
0.08758544921875 0.306243896484375 0.131675720214844 0.1378173828125
0.046844482421875 0.4239501953125 0.088592529296875 0.365509033203125
0.0781021118164063 0.1097412109375 -0.139404296875 0.7110595703125
0.0865249633789063 0.07513427734375 0.03216552734375 0.490753173828125
0.0492019653320312 0.03948974609375 0.00401306152343749 0.185562133789063
0.0313663482666016 0.0265960693359375 -0.07916259765625 0.0917282104492187
0.0644989013671875 0.0386199951171875 -0.233642578125 0.0642547607421875
0.10400390625 -0.00225067138671875 -0.358245849609375 0.229400634765625
0.0975799560546875 -0.0180435180664063 -0.2783203125 0.41094970703125
0.103004455566406 -0.02532958984375 -0.23919677734375 0.390655517578125
0.125045776367188 -0.041351318359375 -0.2547607421875 0.361846923828125
0.11737060546875 0.0220947265625 -0.311004638671875 0.23699951171875
0.0909576416015625 0.0731964111328125 -0.236099243164063 0.08807373046875
0.032318115234375 0.08380126953125 -0.123733520507812 0.0431900024414063
0.0023040771484375 0.0769195556640625 -0.0153656005859375 0.0453262329101563
0.018951416015625 0.0713424682617188 0.136337280273438 0.21868896484375
0.0441436767578125 0.1407470703125 0.070465087890625 0.479339599609375
-0.0839996337890625 0.191970825195313 -0.114227294921875 -0.51458740234375
-0.015716552734375 0.176559448242188 -0.1651611328125 -0.29840087890625
0.113128662109375 0.148651123046875 -0.0178375244140625 -0.0508842468261719
0.140289306640625 0.0384063720703125 0.0827407836914063 0.0072479248046875
0.101860046386719 -0.0484619140625 0.245590209960938 0.0154876708984375
0.0360908508300781 -0.0635261535644531 0.3544921875 -0.170379638671875
0.032928466796875 -0.0983428955078125 0.272552490234375 -0.369140625
0.05645751953125 -0.103286743164063 0.232025146484375 -0.37957763671875
0.0406265258789062 -0.0950393676757813 0.24676513671875 -0.39105224609375
0.0825424194335938 -0.0732574462890625 0.299530029296875 -0.268524169921875
0.131683349609375 -0.0416717529296875 0.20361328125 -0.109054565429688
0.175277709960938 0.0377349853515625 0.0395965576171875 -0.13262939453125
0.09222412109375 0.176864624023438 -0.0345611572265625 -0.249557495117187
0.00691223144531249 0.173568725585938 -0.067169189453125 -0.467559814453125
-0.05706787109375 0.153732299804687 0.14361572265625 -0.739501953125
-0.0947265625 0.4541015625 -0.11004638671875 -0.4521484375
-0.02032470703125 0.400787353515625 -0.1397705078125 -0.286376953125
0.20001220703125 0.37359619140625 -0.0222129821777344 -0.0682830810546875
0.275527954101563 0.177291870117188 0.0519561767578125 0.01068115234375
0.288055419921875 0.017364501953125 0.213882446289063 0.057281494140625
0.213577270507812 -0.100067138671875 0.319000244140625 -0.116546630859375
0.174667358398438 -0.20794677734375 0.2459716796875 -0.299835205078125
0.199798583984375 -0.226898193359375 0.194854736328125 -0.30712890625
0.167434692382813 -0.235687255859375 0.192901611328125 -0.334381103515625
0.230056762695313 -0.151840209960938 0.227218627929688 -0.228363037109375
0.308441162109375 -0.06768798828125 0.147445678710938 -0.0835723876953125
0.35870361328125 0.0738525390625 -0.0181045532226562 -0.125015258789062
0.256134033203125 0.34991455078125 -0.0803985595703125 -0.249359130859375
0.09490966796875 0.394012451171875 -0.100860595703125 -0.452056884765625
-0.024566650390625 0.44024658203125 0.10333251953125 -0.67974853515625
-0.098388671875 0.6588134765625 -0.122161865234375 -0.30694580078125
-0.0272216796875 0.58636474609375 -0.111160278320312 -0.214569091796875
0.26251220703125 0.57232666015625 -0.0208053588867187 -0.0730667114257812
0.3834228515625 0.314971923828125 0.0171957015991211 0.00214290618896486
0.449493408203125 0.097808837890625 0.147125244140625 0.0770416259765625
0.376617431640625 -0.11358642578125 0.225570678710938 -0.0558319091796875
0.300018310546875 -0.283477783203125 0.174911499023438 -0.187637329101563
0.313751220703125 -0.317169189453125 0.128890991210938 -0.18719482421875
0.260772705078125 -0.348541259765625 0.11676025390625 -0.2242431640625
0.335662841796875 -0.227142333984375 0.131011962890625 -0.14520263671875
0.44329833984375 -0.114776611328125 0.0782623291015625 -0.0368804931640625
0.5078125 0.069549560546875 -0.069366455078125 -0.0923919677734375
0.4117431640625 0.455810546875 -0.109832763671875 -0.212600708007812
0.19708251953125 0.55023193359375 -0.102020263671875 -0.376251220703125
0.02789306640625 0.6580810546875 0.076934814453125 -0.527374267578125
-0.08074951171875 0.77081298828125 -0.143478393554688 -0.093658447265625
-0.00671386718750003 0.70037841796875 -0.0849456787109375 -0.0851593017578125
0.3148193359375 0.6876220703125 -0.0177268981933594 -0.0535469055175781
0.456024169921875 0.399658203125 -0.0240325927734375 -0.00624084472656247
0.5548095703125 0.153961181640625 0.0476531982421875 0.0810089111328125
0.48748779296875 -0.1153564453125 0.083465576171875 0.0127334594726562
0.381500244140625 -0.316192626953125 0.0688056945800782 -0.0448646545410157
0.379150390625 -0.360260009765625 0.0437545776367188 -0.0385322570800782
0.31494140625 -0.4091796875 0.0341567993164063 -0.077423095703125
0.392608642578125 -0.26806640625 0.028961181640625 -0.0281867980957031
0.514373779296875 -0.147125244140625 0.00708198547363285 0.0285835266113281
0.58203125 0.05096435546875 -0.10491943359375 -0.0401611328125
0.504302978515625 0.49285888671875 -0.112274169921875 -0.149978637695312
0.26629638671875 0.6209716796875 -0.0572509765625 -0.257156372070312
0.07623291015625 0.7755126953125 0.072174072265625 -0.30975341796875
-0.04266357421875 0.76531982421875 -0.164291381835938 0.15545654296875
0.033203125 0.6971435546875 -0.059051513671875 0.082061767578125
0.33319091796875 0.67584228515625 -0.0184917449951172 -0.0077419281005859
0.45684814453125 0.39813232421875 -0.0685806274414062 -0.00122070312499996
0.56317138671875 0.16937255859375 -0.0676193237304687 0.079559326171875
0.51171875 -0.1080322265625 -0.0803298950195312 0.0867538452148438
0.398590087890625 -0.30340576171875 -0.0514678955078125 0.108627319335937
0.388275146484375 -0.3463134765625 -0.0456771850585937 0.115730285644531
0.326812744140625 -0.398956298828125 -0.0457611083984375 0.0811920166015625
0.3944091796875 -0.250640869140625 -0.068145751953125 0.0975189208984375
0.505157470703125 -0.1290283203125 -0.0615692138671875 0.0957183837890625
0.5526123046875 0.055419921875 -0.1220703125 0.0154342651367188
0.48577880859375 0.47076416015625 -0.0899734497070312 -0.0796279907226562
0.26629638671875 0.5966796875 0.01788330078125 -0.118667602539062
0.09588623046875 0.76666259765625 0.0862960815429688 -0.0629043579101562
0.0103149414062501 0.63568115234375 -0.168914794921875 0.39678955078125
0.0784912109375 0.567626953125 -0.0300140380859375 0.250778198242188
0.29364013671875 0.525634765625 -0.02093505859375 0.0569000244140625
0.37164306640625 0.304962158203125 -0.101905822753906 0.0234832763671875
0.460968017578125 0.134857177734375 -0.166793823242188 0.076995849609375
0.43853759765625 -0.0906982421875 -0.225112915039062 0.156631469726563
0.34747314453125 -0.245513916015625 -0.158615112304688 0.249649047851562
0.33990478515625 -0.277862548828125 -0.126007080078125 0.250045776367188
0.29901123046875 -0.320892333984375 -0.120361328125 0.221649169921875
0.348358154296875 -0.1766357421875 -0.157638549804688 0.197265625
0.41839599609375 -0.060791015625 -0.127212524414062 0.136383056640625
0.426055908203125 0.08648681640625 -0.127494812011719 0.0530242919921875
0.3565673828125 0.3975830078125 -0.0583763122558594 -0.0210304260253906
0.197235107421875 0.483856201171875 0.0912933349609375 0.0157012939453125
0.0866088867187499 0.64007568359375 0.101089477539063 0.171035766601563
0.0577392578125 0.40289306640625 -0.152099609375 0.58746337890625
0.102691650390625 0.3404541015625 0.00686645507812502 0.39031982421875
0.194244384765625 0.288726806640625 -0.0145187377929687 0.124969482421875
0.216079711914062 0.163681030273438 -0.10540771484375 0.0588760375976563
0.279342651367188 0.0818328857421875 -0.222900390625 0.07513427734375
0.288787841796875 -0.05963134765625 -0.318145751953125 0.211822509765625
0.238754272460938 -0.148544311523438 -0.230255126953125 0.356536865234375
0.238754272460938 -0.165985107421875 -0.18701171875 0.34661865234375
0.229415893554688 -0.193572998046875 -0.186065673828125 0.3194580078125
0.253921508789063 -0.075439453125 -0.236572265625 0.247222900390625
0.27276611328125 0.0200042724609375 -0.186721801757812 0.134521484375
0.237579345703125 0.1082763671875 -0.127037048339844 0.0616378784179688
0.173309326171875 0.263778686523438 -0.0308685302734375 0.0197219848632813
0.0966796875 0.30126953125 0.135597229003906 0.128517150878906
0.062103271484375 0.419281005859375 0.10107421875 0.35626220703125
0.0785064697265625 0.107879638671875 -0.11138916015625 0.70111083984375
0.0875625610351563 0.0721588134765625 0.053009033203125 0.479644775390625
0.0515937805175781 0.0390663146972656 0.0118560791015625 0.180816650390625
0.0322074890136719 0.0268459320068359 -0.0748748779296875 0.0894775390625
0.0665740966796875 0.0355148315429688 -0.23199462890625 0.071136474609375
0.104339599609375 -0.00762176513671875 -0.345916748046875 0.241973876953125
0.0981521606445313 -0.0236282348632813 -0.25738525390625 0.414825439453125
0.101585388183594 -0.0307540893554687 -0.21868896484375 0.390960693359375
0.121330261230469 -0.0470733642578125 -0.234375 0.363250732421875
0.118011474609375 0.0165939331054688 -0.294708251953125 0.24481201171875
0.0939559936523438 0.0692596435546875 -0.230133056640625 0.0949554443359375
0.0361862182617188 0.0822219848632813 -0.119316101074219 0.0462112426757813
0.006683349609375 0.076263427734375 -0.0125198364257813 0.0434684753417969
0.0218124389648437 0.0725326538085938 0.143417358398438 0.208175659179687
0.0487060546875 0.140274047851563 0.086700439453125 0.47027587890625
-0.07666015625 0.19268798828125 -0.13006591796875 -0.5137939453125
-0.01171875 0.1751708984375 -0.17523193359375 -0.294158935546875
0.114883422851563 0.1436767578125 -0.0206756591796875 -0.0512466430664063
0.139083862304688 0.0347213745117188 0.0822601318359375 0.00647735595703125
0.0979766845703125 -0.0491104125976563 0.2496337890625 0.00775146484375
0.0343704223632813 -0.0605506896972656 0.35198974609375 -0.1846923828125
0.0294265747070312 -0.0980453491210938 0.26129150390625 -0.378204345703125
0.05181884765625 -0.105606079101562 0.21923828125 -0.386627197265625
0.0380172729492188 -0.0969314575195313 0.23492431640625 -0.39935302734375
0.0802383422851563 -0.0756759643554688 0.292633056640625 -0.27984619140625
0.130050659179688 -0.0465774536132813 0.204559326171875 -0.1168212890625
0.17724609375 0.031402587890625 0.0358123779296875 -0.132125854492188
0.099029541015625 0.174606323242188 -0.0425262451171875 -0.246063232421875
0.0120086669921875 0.171981811523437 -0.081024169921875 -0.46405029296875
-0.0511016845703125 0.153961181640625 0.1246337890625 -0.7423095703125
-0.0787353515625 0.457061767578125 -0.123321533203125 -0.45184326171875
-0.00897216796875002 0.39990234375 -0.148193359375 -0.282623291015625
0.210723876953125 0.366485595703125 -0.0256118774414062 -0.069915771484375
0.278091430664063 0.170059204101563 0.0508079528808594 0.00867462158203126
0.286865234375 0.010467529296875 0.21942138671875 0.05023193359375
0.212493896484375 -0.101638793945312 0.3184814453125 -0.12884521484375
0.169189453125 -0.213027954101563 0.237701416015625 -0.308441162109375
0.191482543945313 -0.2349853515625 0.184417724609375 -0.31304931640625
0.160720825195313 -0.241348266601563 0.181060791015625 -0.34130859375
0.22686767578125 -0.15753173828125 0.221099853515625 -0.238143920898438
0.30682373046875 -0.078369140625 0.149215698242188 -0.091064453125
0.3624267578125 0.06243896484375 -0.0227737426757812 -0.122871398925781
0.26885986328125 0.3419189453125 -0.0876007080078125 -0.247589111328125
0.1055908203125 0.39178466796875 -0.11309814453125 -0.449188232421875
-0.010284423828125 0.44122314453125 0.0855712890625 -0.6815185546875
-0.0765380859375 0.66265869140625 -0.13128662109375 -0.305419921875
-0.00915527343750004 0.58740234375 -0.117034912109375 -0.212554931640625
0.2816162109375 0.56304931640625 -0.0242156982421875 -0.0766067504882812
0.389892578125 0.30572509765625 0.0147743225097656 -0.0002317428588867
0.451080322265625 0.085479736328125 0.152511596679688 0.07183837890625
0.376739501953125 -0.12164306640625 0.22589111328125 -0.0640411376953125
0.293609619140625 -0.293212890625 0.170669555664063 -0.19427490234375
0.303375244140625 -0.3299560546875 0.121826171875 -0.192001342773438
0.250701904296875 -0.357666015625 0.107269287109375 -0.229339599609375
0.33123779296875 -0.235992431640625 0.127410888671875 -0.152313232421875
0.442138671875 -0.128631591796875 0.0802459716796875 -0.042938232421875
0.51171875 0.054412841796875 -0.0734405517578125 -0.0887680053710938
0.4285888671875 0.44287109375 -0.115737915039062 -0.212005615234375
0.2117919921875 0.547637939453125 -0.111236572265625 -0.37335205078125
0.05010986328125 0.65911865234375 0.0640869140625 -0.527984619140625
-0.05523681640625 0.778076171875 -0.145294189453125 -0.0921020507812499
0.0139160156250001 0.70086669921875 -0.0859756469726563 -0.0838699340820312
0.33929443359375 0.67755126953125 -0.01983642578125 -0.0575523376464843
0.46514892578125 0.39080810546875 -0.0266304016113281 -0.00880622863769529
0.560760498046875 0.139556884765625 0.0515060424804688 0.07855224609375
0.48858642578125 -0.12799072265625 0.0845794677734375 0.00951385498046874
0.374420166015625 -0.330047607421875 0.0698013305664063 -0.0491943359375
0.368133544921875 -0.375701904296875 0.0423507690429688 -0.0409889221191406
0.302215576171875 -0.42047119140625 0.0289230346679688 -0.0804290771484375
0.387054443359375 -0.2779541015625 0.0295772552490235 -0.0317535400390625
0.511993408203125 -0.16265869140625 0.00976371765136722 0.0249099731445312
0.58599853515625 0.03594970703125 -0.108238220214844 -0.0351791381835938
0.521240234375 0.47882080078125 -0.116043090820312 -0.150741577148438
0.28314208984375 0.61614990234375 -0.06341552734375 -0.256851196289062
0.1011962890625 0.7750244140625 0.066131591796875 -0.3106689453125
-0.0183105468749999 0.77008056640625 -0.158340454101563 0.158309936523438
0.0534667968749999 0.6978759765625 -0.0545578002929688 0.0823593139648438
0.357177734375 0.6673583984375 -0.0181217193603515 -0.01171875
0.4677734375 0.389923095703125 -0.0708770751953125 -0.00308990478515624
0.56964111328125 0.15081787109375 -0.065277099609375 0.08001708984375
0.51385498046875 -0.123748779296875 -0.07769775390625 0.0894851684570312
0.3941650390625 -0.319793701171875 -0.0449142456054687 0.108177185058594
0.378692626953125 -0.3623046875 -0.0417098999023437 0.114883422851562
0.31561279296875 -0.4090576171875 -0.0459136962890625 0.0809860229492187
0.390655517578125 -0.260986328125 -0.0639266967773437 0.097503662109375
0.502716064453125 -0.143798828125 -0.0582046508789062 0.0943527221679687
0.555908203125 0.042144775390625 -0.124359130859375 0.0195541381835937
0.50213623046875 0.45703125 -0.0917282104492187 -0.0819931030273437
0.2830810546875 0.59332275390625 0.0157089233398438 -0.12176513671875
0.1202392578125 0.76654052734375 0.0867233276367188 -0.0648269653320312
0.0308227539062499 0.63983154296875 -0.156707763671875 0.398712158203125
0.0963134765625001 0.56884765625 -0.020599365234375 0.250686645507813
0.313568115234375 0.519287109375 -0.0187339782714844 0.053680419921875
0.380584716796875 0.29840087890625 -0.102691650390625 0.0218734741210938
0.468414306640625 0.1214599609375 -0.166778564453125 0.08160400390625
0.440338134765625 -0.104949951171875 -0.222076416015625 0.165863037109375
0.34393310546875 -0.259857177734375 -0.147903442382813 0.253387451171875
0.33184814453125 -0.2918701171875 -0.118270874023438 0.2518310546875
0.288909912109375 -0.330596923828125 -0.115325927734375 0.22344970703125
0.34649658203125 -0.18634033203125 -0.149826049804687 0.200363159179688
0.418792724609375 -0.07373046875 -0.1234130859375 0.1376953125
0.4300537109375 0.076385498046875 -0.127571105957031 0.0572738647460938
0.37060546875 0.385345458984375 -0.0588836669921875 -0.0236358642578125
0.20989990234375 0.483367919921875 0.0927200317382813 0.0105056762695313
0.107421875 0.64166259765625 0.107086181640625 0.168258666992188
0.06903076171875 0.404998779296875 -0.1337890625 0.58990478515625
0.1121826171875 0.340179443359375 0.019744873046875 0.38916015625
0.206451416015625 0.2860107421875 -0.0103683471679687 0.123085021972656
0.221633911132813 0.161239624023438 -0.104316711425781 0.0579376220703125
0.284423828125 0.07305908203125 -0.224899291992188 0.081695556640625
0.2906494140625 -0.069549560546875 -0.313201904296875 0.22479248046875
0.237960815429688 -0.159622192382813 -0.217132568359375 0.362152099609375
0.235870361328125 -0.17608642578125 -0.17633056640625 0.349884033203125
0.22412109375 -0.20196533203125 -0.17706298828125 0.322845458984375
0.254653930664063 -0.0830535888671875 -0.227828979492188 0.253143310546875
0.275802612304688 0.012664794921875 -0.183624267578125 0.138870239257813
0.241546630859375 0.103897094726563 -0.125343322753906 0.0651321411132813
0.18292236328125 0.2589111328125 -0.0301799774169922 0.0167999267578125
0.1060791015625 0.30218505859375 0.140495300292969 0.122169494628906
0.075897216796875 0.420379638671875 0.1112060546875 0.3538818359375
0.079986572265625 0.108612060546875 -0.09112548828125 0.700927734375
0.089324951171875 0.07086181640625 0.0694580078125 0.4765625
0.0545272827148437 0.0395927429199219 0.017669677734375 0.179580688476562
0.0335140228271484 0.0280647277832031 -0.0732803344726563 0.0884857177734375
0.06976318359375 0.0323677062988281 -0.234939575195313 0.0778350830078125
0.105636596679688 -0.013153076171875 -0.3408203125 0.257232666015625
0.099853515625 -0.02911376953125 -0.242462158203125 0.420806884765625
0.103103637695313 -0.0350341796875 -0.206573486328125 0.395751953125
0.120399475097656 -0.0516433715820313 -0.223724365234375 0.3682861328125
0.120704650878906 0.0125198364257812 -0.286712646484375 0.254119873046875
0.0977554321289062 0.0663299560546875 -0.228515625 0.101776123046875
0.0397109985351562 0.082550048828125 -0.117042541503906 0.04888916015625
0.0105133056640625 0.0769882202148438 -0.0109977722167969 0.0415191650390625
0.0243453979492188 0.0754318237304688 0.150131225585938 0.20257568359375
0.0538787841796875 0.14306640625 0.098388671875 0.469696044921875
-0.0677490234375 0.198013305664063 -0.15252685546875 -0.51873779296875
-0.00610351562500001 0.176849365234375 -0.191741943359375 -0.29229736328125
0.120567321777344 0.140121459960938 -0.0241928100585937 -0.0520210266113281
0.140838623046875 0.0303192138671875 0.0835342407226563 0.00403594970703125
0.09515380859375 -0.0513763427734375 0.257644653320313 -0.002655029296875
0.0335807800292969 -0.0592765808105469 0.353057861328125 -0.206939697265625
0.0258560180664063 -0.0988388061523437 0.24847412109375 -0.395111083984375
0.0469512939453125 -0.109703063964844 0.20526123046875 -0.400787353515625
0.0342483520507813 -0.100509643554687 0.220306396484375 -0.415374755859375
0.0783538818359375 -0.0799713134765625 0.286376953125 -0.299560546875
0.130020141601563 -0.0541763305664063 0.206817626953125 -0.129257202148438
0.181503295898437 0.0226898193359375 0.03082275390625 -0.133186340332031
0.108734130859375 0.171981811523438 -0.0524444580078125 -0.245758056640625
0.01824951171875 0.172500610351562 -0.10113525390625 -0.466583251953125
-0.0450439453125 0.157073974609375 0.0997314453125001 -0.7562255859375
-0.05950927734375 0.467987060546875 -0.1434326171875 -0.455322265625
0.00674438476562503 0.405120849609375 -0.162933349609375 -0.281219482421875
0.227752685546875 0.361846923828125 -0.0299606323242187 -0.0724334716796875
0.28662109375 0.163360595703125 0.0506477355957031 0.00661087036132814
0.289520263671875 0.000732421875 0.228179931640625 0.040771484375
0.214141845703125 -0.108383178710937 0.320343017578125 -0.14764404296875
0.163955688476563 -0.222259521484375 0.228240966796875 -0.324981689453125
0.183013916015625 -0.2476806640625 0.173431396484375 -0.325439453125
0.15289306640625 -0.253067016601563 0.167510986328125 -0.355621337890625
0.225509643554688 -0.16876220703125 0.215774536132813 -0.254226684570313
0.30908203125 -0.093414306640625 0.151123046875 -0.10186767578125
0.37237548828125 0.048065185546875 -0.0285568237304687 -0.121559143066406
0.2886962890625 0.336334228515625 -0.098388671875 -0.247756958007812
0.121063232421875 0.39471435546875 -0.13226318359375 -0.45062255859375
0.00845336914062497 0.448638916015625 0.06475830078125 -0.69403076171875
-0.04827880859375 0.6783447265625 -0.144622802734375 -0.307281494140625
0.01519775390625 0.59600830078125 -0.127639770507812 -0.211944580078125
0.309539794921875 0.55853271484375 -0.0284423828125 -0.0803680419921875
0.405242919921875 0.296722412109375 0.0128583908081055 -0.00281524658203123
0.461212158203125 0.0694580078125 0.160415649414063 0.0652313232421875
0.381011962890625 -0.13507080078125 0.2281494140625 -0.076690673828125
0.287445068359375 -0.31097412109375 0.166290283203125 -0.206710815429688
0.292572021484375 -0.349761962890625 0.11541748046875 -0.200225830078125
0.239471435546875 -0.375762939453125 0.096771240234375 -0.23846435546875
0.33001708984375 -0.251495361328125 0.123947143554688 -0.163131713867188
0.444732666015625 -0.150299072265625 0.0825653076171875 -0.0504150390625
0.52496337890625 0.033935546875 -0.0794677734375 -0.0850448608398438
0.455718994140625 0.432403564453125 -0.126220703125 -0.213027954101562
0.236175537109375 0.551177978515625 -0.1275634765625 -0.375579833984375
0.07757568359375 0.66937255859375 0.046783447265625 -0.53778076171875
-0.0230102539062499 0.79437255859375 -0.15032958984375 -0.089508056640625
0.0424194335937501 0.7110595703125 -0.090179443359375 -0.0826339721679687
0.37408447265625 0.67236328125 -0.02337646484375 -0.0620918273925781
0.485992431640625 0.381622314453125 -0.0295181274414062 -0.0109424591064453
0.57598876953125 0.1187744140625 0.0580368041992188 0.0761566162109375
0.49554443359375 -0.147552490234375 0.0874710083007813 0.00549316406249999
0.370391845703125 -0.3536376953125 0.07098388671875 -0.055572509765625
0.35772705078125 -0.40087890625 0.0411643981933594 -0.0446662902832032
0.29052734375 -0.4422607421875 0.023193359375 -0.0840530395507813
0.384613037109375 -0.296356201171875 0.0294075012207031 -0.03643798828125
0.513763427734375 -0.187896728515625 0.0122966766357422 0.0211887359619141
0.59979248046875 0.01446533203125 -0.112495422363281 -0.0298614501953125
0.552825927734375 0.46435546875 -0.124435424804687 -0.15234375
0.3115234375 0.61907958984375 -0.0742034912109375 -0.2607421875
0.13458251953125 0.78582763671875 0.057342529296875 -0.317535400390625
0.0144042968749999 0.7877197265625 -0.153472900390625 0.164474487304688
0.0843505859375001 0.7083740234375 -0.0502243041992187 0.0848007202148438
0.39111328125 0.66387939453125 -0.0195369720458984 -0.0155525207519531
0.490814208984375 0.38165283203125 -0.0741195678710937 -0.00354003906249997
0.5869140625 0.130615234375 -0.0621109008789062 0.0833587646484375
0.52154541015625 -0.14605712890625 -0.0756683349609374 0.09521484375
0.389404296875 -0.3465576171875 -0.0384445190429687 0.108840942382812
0.370391845703125 -0.38739013671875 -0.0375289916992187 0.116714477539062
0.30145263671875 -0.43243408203125 -0.045867919921875 0.0836563110351562
0.38995361328125 -0.27984619140625 -0.0596771240234375 0.0994186401367187
0.505523681640625 -0.16754150390625 -0.0552978515625 0.0951156616210938
0.5689697265625 0.02227783203125 -0.126304626464844 0.0267562866210937
0.530731201171875 0.444305419921875 -0.0973892211914063 -0.0846328735351562
0.310791015625 0.594970703125 0.0115814208984375 -0.126197814941406
0.1556396484375 0.77740478515625 0.0873260498046875 -0.0687637329101562
0.05645751953125 0.65277099609375 -0.14306640625 0.409088134765625
0.121337890625 0.5750732421875 -0.00807189941406251 0.255126953125
0.342376708984375 0.5150146484375 -0.0167732238769531 0.05181884765625
0.399810791015625 0.2918701171875 -0.104965209960937 0.02325439453125
0.483184814453125 0.102508544921875 -0.166839599609375 0.0890960693359375
0.447235107421875 -0.125640869140625 -0.219451904296875 0.180313110351563
0.340728759765625 -0.283966064453125 -0.137222290039063 0.260055541992187
0.326263427734375 -0.31396484375 -0.109756469726562 0.258651733398438
0.28009033203125 -0.34942626953125 -0.110031127929687 0.229888916015625
0.347900390625 -0.203216552734375 -0.143783569335937 0.207565307617188
0.423675537109375 -0.0919189453125 -0.120452880859375 0.142807006835938
0.442291259765625 0.062713623046875 -0.127716064453125 0.064208984375
0.392364501953125 0.377410888671875 -0.0613594055175781 -0.0263099670410156
0.232452392578125 0.487152099609375 0.0952682495117188 0.00403594970703128
0.1363525390625 0.65142822265625 0.116485595703125 0.167221069335938
0.085693359375 0.412322998046875 -0.112548828125 0.6014404296875
0.128173828125 0.342437744140625 0.038421630859375 0.3941650390625
0.22344970703125 0.2838134765625 -0.00495147705078123 0.123489379882813
0.232025146484375 0.158706665039062 -0.10552978515625 0.060211181640625
0.29461669921875 0.06134033203125 -0.227920532226562 0.093048095703125
0.2952880859375 -0.08453369140625 -0.310943603515625 0.245635986328125
0.23736572265625 -0.176620483398438 -0.203216552734375 0.375579833984375
0.233535766601563 -0.191665649414063 -0.16400146484375 0.360931396484375
0.219161987304688 -0.215728759765625 -0.16778564453125 0.33404541015625
0.258285522460938 -0.0943756103515625 -0.219818115234375 0.265121459960938
0.281982421875 0.001373291015625 -0.181671142578125 0.147628784179688
0.251266479492188 0.097930908203125 -0.124755859375 0.0713729858398437
0.197860717773438 0.256072998046875 -0.0306529998779297 0.0149669647216797
0.1199951171875 0.306488037109375 0.147567749023438 0.115997314453125
0.095855712890625 0.428619384765625 0.128570556640625 0.356658935546875
0.0843353271484375 0.110374450683594 -0.0645751953125 0.71173095703125
0.0920944213867188 0.0701065063476563 0.090087890625 0.48138427734375
0.0584259033203125 0.0397529602050781 0.0259552001953125 0.180618286132813
0.0355339050292969 0.0293388366699219 -0.0723114013671875 0.090789794921875
0.073516845703125 0.029296875 -0.239120483398437 0.0897216796875
0.107749938964844 -0.0196762084960937 -0.338043212890625 0.28009033203125
0.102142333984375 -0.0369491577148438 -0.226776123046875 0.436676025390625
0.104934692382813 -0.0416412353515625 -0.192657470703125 0.408294677734375
0.120765686035156 -0.0584030151367188 -0.211761474609375 0.382232666015625
0.125434875488281 0.00673675537109375 -0.280136108398437 0.269363403320313
0.1036376953125 0.0634918212890625 -0.2296142578125 0.113204956054687
0.0450592041015625 0.0834197998046875 -0.115486145019531 0.054107666015625
0.0148849487304688 0.0790786743164063 -0.0100021362304687 0.040435791015625
0.0286865234375 0.0787277221679687 0.160720825195313 0.198043823242188
0.061126708984375 0.14617919921875 0.118499755859375 0.47442626953125
0.220080195230751 0.00180551796691601 0.333683283422202 -0.459370011282623
0.172255004869438 -0.0871583819503476 0.145316845029975 -0.354742661728647
0.0464896762622787 -0.179258579167538 -0.00974030394891018 -0.0411512823325541
-0.0825663149680458 -0.1396986778108 0.0143948931306397 0.110294569816176
-0.131197700181923 -0.0260631502347267 0.161411170493374 0.25237541287093
-0.10369195667802 0.0275939473611633 0.359892271762424 0.225971882630841
-0.115496286867092 0.0547593304169392 0.472071474856489 0.101315113989476
-0.118035449757115 0.0685749013080924 0.494664576968008 0.00449634309667834
-0.129360654260986 0.0555910456757058 0.487926832027816 0.0327860243866177
-0.123882822263978 0.0140915348137821 0.395187604066002 0.109792125467335
-0.140629071181023 -0.050385812703083 0.221574761393597 0.145179635156749
-0.0999885737371941 -0.160271344264095 0.111766880527856 -0.0218061140935072
0.0309705039660213 -0.18083581456513 0.148147974663179 -0.184636755398907
0.120074603202329 -0.0925292374368426 0.338698217523207 -0.341685139178349
0.143887878566949 -0.0094891603886237 0.634787070978283 -0.400674242437467
0.430319642578032 -0.159897624893907 0.249881269883914 -0.436441771641271
0.344073881949625 -0.247872570121237 0.113519086987529 -0.348773964296582
0.16438530821506 -0.401861260761788 -0.0559435101045505 -0.0572202471620701
-0.0709487470181191 -0.361357452707878 -0.0573640989168183 0.103018494625803
-0.237781087120568 -0.209677853469144 0.0913126734814585 0.27893446954049
-0.25496384525779 -0.0837164342481518 0.287188530998071 0.253696290243934
-0.300650069656891 -0.00366005097714337 0.39415707439988 0.138530682215197
-0.306172692171149 0.0573438870842619 0.412735242912664 0.0297912903136142
-0.327280995077707 0.0427841408306219 0.410298479306672 0.0324475131954379
-0.288526545746498 -0.0460474239538012 0.313484787523073 0.0951122452586019
-0.292018518962944 -0.155341256433417 0.152997584586323 0.128352014107707
-0.197125450965004 -0.3409966047728 0.0431212550273273 -0.053192950239282
0.00953798371488215 -0.419110371144897 0.099761283530472 -0.222954187585276
0.226114425062352 -0.306331282816345 0.286022420568868 -0.37963143732724
0.341750567269897 -0.202849869255143 0.558064543698374 -0.419839203976216
0.590107514720093 -0.3017282581219 0.0940162784428245 -0.366190240555686
0.487613746722517 -0.386523754797004 0.0348632652601546 -0.30243037682561
0.275955918230063 -0.588238092377926 -0.101422201040443 -0.0630844661198924
-0.0400921707897044 -0.56137166349881 -0.118003922488808 0.0794395864883647
-0.311622472239177 -0.387826594301043 0.0131653266939185 0.255375350393055
-0.374445887492169 -0.198854643078638 0.173949587436889 0.231350141966496
-0.44426258514119 -0.0712782340270952 0.254861887714057 0.148701634058298
-0.44924809302765 0.0370840663198872 0.26985329342129 0.0517134376529242
-0.476507572239839 0.0360947360822725 0.274074602307959 0.0362435708390357
-0.419938734238327 -0.0794175322326381 0.187066045606538 0.0826184864415254
-0.4238233553381 -0.216715828194056 0.0616567437663282 0.109568888057502
-0.302313639230688 -0.465192417304384 -0.0351566940378812 -0.0634027412617284
-0.0467789790246944 -0.601988611460851 0.0381509192804472 -0.221217414786147
0.273439088720371 -0.490556444503554 0.205618696002799 -0.348014769406796
0.476905355241622 -0.376942709051904 0.423701903559153 -0.360720837140754
0.668685117821677 -0.410836841257865 -0.111093607650953 -0.250983685994159
0.556161552197485 -0.496484714361873 -0.0875691458058583 -0.210759375599372
0.330570974223587 -0.714137502989711 -0.148149310658431 -0.0452349545825912
-0.023056134232179 -0.69246512382 -0.16464974704161 0.0477469771219978
-0.355368167683077 -0.51017516402027 -0.0683229097640894 0.184009158767994
-0.444109624257498 -0.284009614215706 0.0277724345146016 0.16241620187759
-0.523342023165829 -0.129338684935131 0.0713727250561249 0.129708066549193
-0.524825580303576 0.013244471616846 0.0857065905411732 0.0656926246738345
-0.555104497453754 0.0232417483127589 0.0991197923219873 0.0452824595290355
-0.4912071018271 -0.102414038278849 0.0303141956503173 0.0756654037712219
-0.49588605129914 -0.243344479282775 -0.0451769672359424 0.0913069221479753
-0.364666933106176 -0.519376229316683 -0.109565380764147 -0.0545665589952425
-0.0955999752148457 -0.69219081559487 -0.0187021674151636 -0.180435407324664
0.27497300167882 -0.597613400950268 0.124061167949984 -0.245716461126693
0.533813988950898 -0.491062930611677 0.25746411649264 -0.229365441527368
0.639433583753777 -0.465791750341268 -0.330945688264033 -0.100901321035193
0.519940055846506 -0.542972342113097 -0.228186701789965 -0.0802034640086869
0.30975082473048 -0.728574190685378 -0.189828259457416 -0.00945668624297144
-0.0229972505290738 -0.698579566546313 -0.194717835937937 0.0127675886146444
-0.344068985479843 -0.529619106634991 -0.147587680987502 0.0787310678920116
-0.441855479514084 -0.311435034873885 -0.13186128969884 0.0632971202846475
-0.522491418713544 -0.15982155550041 -0.127442398357875 0.089437292772088
-0.521810542303078 -0.0163816500524675 -0.110209591947578 0.0718537017569923
-0.547778955179443 -0.00268646170690266 -0.0870369276545903 0.0548112872819281
-0.477484457555471 -0.127241823954093 -0.130807065550267 0.0658056276203148
-0.471398424943846 -0.255245743844615 -0.150161895003487 0.0631532051750513
-0.337982966086313 -0.503225607860235 -0.165550259001122 -0.0423875022810227
-0.0951905285277999 -0.667622131297976 -0.0555544396925822 -0.120014552281551
0.254719694700384 -0.589274111410639 0.0544230167963581 -0.10113029174985
0.514521775641052 -0.515387044292387 0.0856532247180065 -0.0545214766743709
0.503086674471815 -0.45327241122313 -0.518284735458483 0.0680690816550863
0.381099436225841 -0.502703951160496 -0.348842637678198 0.0701269434001489
0.216281662776568 -0.605426912687978 -0.21220913406763 0.0357668211938399
-0.0298223100324458 -0.559102129855306 -0.199829407189871 -0.0149908972233384
-0.276298017720281 -0.4380591295039 -0.209355566700992 -0.0298144381906811
-0.363654981901082 -0.274158703589067 -0.275233317040793 -0.0364879288022008
-0.43555040929766 -0.16059554088621 -0.308220556539295 0.0402804925147174
-0.436322996072631 -0.0443984083030487 -0.286711229896877 0.0662963182312874
-0.456243399066156 -0.0415401060909603 -0.256176471174828 0.050316602671631
-0.387142758910478 -0.15199565972028 -0.266514035499636 0.0364926955824391
-0.356688823111771 -0.250553770810956 -0.227656100170504 0.0113053079228587
-0.221014391636879 -0.421912498444413 -0.187392432294414 -0.0435890504875619
-0.0388553004908926 -0.534477425027272 -0.0680354603960165 -0.0635134864715827
0.218912534570638 -0.472483039272547 -0.00129135271832703 0.0444032391423231
0.42439623081652 -0.44735185178047 -0.0726357531262339 0.124046898653339
0.289542921366902 -0.365653793903409 -0.635494091731228 0.228976973976515
0.179911618373795 -0.36638234376105 -0.417236988318429 0.216502279240936
0.0956396288358659 -0.37167227952411 -0.206147338273424 0.0846317264758492
-0.0244419851268828 -0.323602798715331 -0.178237527804544 -0.0231592763159688
-0.157745026285445 -0.271730814765787 -0.238135443800528 -0.112865934398336
-0.222980862794336 -0.190506270298024 -0.373707265103797 -0.11242543800358
-0.279517890160868 -0.135133654940534 -0.440118818164119 -0.0044700266998363
-0.285624787454786 -0.0659461956908113 -0.41867266355613 0.050484547911017
-0.30009087191861 -0.0764624815634757 -0.383778467038167 0.0264933095249636
-0.240680106188302 -0.158294875923866 -0.353152516598978 -0.0201248300146545
-0.187111889187581 -0.213139065509387 -0.259398424865358 -0.0661915534115075
-0.0695997031243836 -0.283148054046903 -0.171388924649465 -0.0624170151310749
0.0242967435477912 -0.319852915039512 -0.0615959271194414 -0.0220502784231655
0.149250891143646 -0.285114375470867 -0.049872364479125 0.160287112055886
0.272109007177779 -0.310719495073113 -0.204076298100528 0.270500145084597
0.0405954710497087 -0.210149352426311 -0.662845433197241 0.357696794846605
-0.023704607170556 -0.164394043329898 -0.42299004759133 0.340160951335922
-0.00992113451406105 -0.0896558802435849 -0.169005916555484 0.134640079779371
0.00481796705393442 -0.0625795687584352 -0.131047162964785 -0.0138742730425993
-0.0128620380581566 -0.0878399542096746 -0.23292804974715 -0.158451720991608
-0.04793586343198 -0.0932450061795543 -0.416338996202661 -0.151747094106409
-0.0787258312354286 -0.0955771473841382 -0.505345366428935 -0.0343477418561105
-0.092014519740483 -0.0774985809635527 -0.487136847876363 0.0293534963496829
-0.102143817903185 -0.0894790080721264 -0.451399833524934 -0.0155755340090261
-0.0700803265273646 -0.12317642565489 -0.380319692313845 -0.0921466339972006
-0.0158965653997892 -0.125019596357142 -0.24012999165131 -0.15047191629399
0.0488167279162025 -0.0970068942918937 -0.12226031773212 -0.0831369714218453
0.0420817941973836 -0.0718254482305711 -0.04554987446003 0.00839840172076716
0.0341313554665212 -0.0832498106535327 -0.0931837761912573 0.232238767898929
0.0729876104392653 -0.14532362584093 -0.294575480169445 0.364420784208917
0.217370996854645 -0.0142839129144116 0.303383486450378 -0.484752254159111
0.165762073104751 -0.0978968807876699 0.119596394694576 -0.366703177440044
0.0340850499498387 -0.180209574423454 -0.0118098160539529 -0.0418816499759911
-0.0910226283824304 -0.1328489900748 0.0222248088331673 0.1088971979957
-0.129861502266042 -0.0181264398955476 0.183081651061092 0.240232734703486
-0.101188681939255 0.0323190461281977 0.379482282345129 0.198845038108517
-0.111141650435706 0.0620836599744411 0.480021006218963 0.0653406447123992
-0.110976021458183 0.0780892887113522 0.492099831472492 -0.0318633904740658
-0.124535574243102 0.0664344655598644 0.490844181719001 -0.00414324815916873
-0.12262182830386 0.0232864974092884 0.405776231399645 0.0795612377014773
-0.144694022494918 -0.0391073409936245 0.236245738586578 0.12990662913202
-0.113553895062647 -0.151993249756523 0.108833551613494 -0.0283703122349562
0.0163240008834072 -0.183590586883158 0.134255201814027 -0.19298992955799
0.113813648856359 -0.100313022946673 0.312942704311294 -0.364580776119679
0.142136695085313 -0.0206124308616187 0.606191796332061 -0.443539206309442
0.416469305383927 -0.193287598271981 0.220531779847616 -0.454832790996644
0.326193032926666 -0.270466805613912 0.0879604414877447 -0.357187263613544
0.134652788136569 -0.411688954343307 -0.0578628368893011 -0.056127059700101
-0.0938860193920479 -0.356497869029811 -0.0506154461249953 0.105486707518624
-0.250500787159236 -0.193133440908362 0.114798661253785 0.273346634918249
-0.261319911419333 -0.0688802535933852 0.307717380298619 0.232840929719549
-0.301766173432619 0.017654293743969 0.405492311629948 0.108686171720495
-0.300252905748685 0.0811791206247558 0.413358033519265 -0.00148564942709826
-0.324578773389259 0.0690504692190521 0.412605927727085 0.00143830891070139
-0.292829751686616 -0.0267702333594077 0.322744875796884 0.0708394072777562
-0.303629957184682 -0.133660313060675 0.166272457827705 0.117479888246051
-0.224184403114322 -0.328185451737254 0.036929243663829 -0.0547004036565615
-0.0216175903039338 -0.420928504340666 0.0841168627307647 -0.230883919849261
0.206284142445122 -0.323566989950216 0.258747967165276 -0.399060356311933
0.327630531734145 -0.229756822075936 0.5291853993583 -0.457978188464617
0.568057001644294 -0.34672839652137 0.0700767952414553 -0.373541622260537
0.460858830172009 -0.420220974775733 0.0139687285815067 -0.303932470756477
0.231521507749255 -0.607552810245084 -0.10299988363085 -0.0584002180732659
-0.0763651443869396 -0.560743757506651 -0.112933469501188 0.0848047493783559
-0.339221738235041 -0.36474254665419 0.036143431079836 0.254858575922604
-0.391095034845839 -0.17625618269194 0.192139769371781 0.219188875806536
-0.451766393671584 -0.0386038700911922 0.268586103648851 0.128362772751404
-0.447188376357689 0.0732479114207314 0.272929773920258 0.0302866174588342
-0.475525965815866 0.0735635932365883 0.276167600002143 0.0141866972994003
-0.427012843572833 -0.0517914868025877 0.194426117979507 0.0667601506197148
-0.440008928650244 -0.185042087401387 0.0732820004591267 0.104107524862585
-0.339282063279819 -0.446850311268319 -0.0418042023972557 -0.0594197009855846
-0.0909496339929433 -0.599688863936628 0.0228617682290759 -0.226034097639669
0.241847994513485 -0.513188377022378 0.181068906540099 -0.362092108350479
0.450899675616353 -0.415172082493603 0.399677520649185 -0.388610021322567
0.640086998565092 -0.462069101799422 -0.126510642423627 -0.243493811820909
0.520976058766743 -0.53547588541513 -0.100696655202175 -0.202627772942204
0.277444580373937 -0.737270887368838 -0.14830047249186 -0.0376306252974825
-0.069102534669359 -0.695249094524069 -0.161560133218429 0.0555545665756672
-0.391373953371248 -0.483692235777691 -0.0504340329166216 0.188988684167047
-0.466654025587731 -0.255530732834863 0.0399404300198712 0.161594680120756
-0.538481119205555 -0.0901241963777389 0.084864109435138 0.123302619122498
-0.52454333274084 0.0542302446996182 0.0913390719789846 0.0582366075051328
-0.555148215683267 0.0657310078205441 0.101494815609769 0.0358687060230409
-0.499382394290274 -0.0696541232224006 0.0373009293894739 0.0719294576075414
-0.514649743804493 -0.208742307264274 -0.0361668149440967 0.0931908682939953
-0.405220023920941 -0.496333830341528 -0.115588722626905 -0.0449192970555153
-0.146729137311524 -0.688302655221219 -0.0308951456972851 -0.183027779414771
0.236964601226267 -0.618333562555414 0.106618956550988 -0.255640208132262
0.499977332596376 -0.534412981906655 0.241347615976927 -0.24663807694677
0.608336130291174 -0.515315532155567 -0.335957247054916 -0.0778375153759727
0.481033062211093 -0.579816033505577 -0.23142888393939 -0.0617402571051471
0.256750188837288 -0.753574973376776 -0.187770724681535 0.00125229812317723
-0.0686719735892771 -0.702610827987219 -0.193981506676197 0.0220598099546847
-0.383480861943671 -0.505397588699832 -0.13904552336669 0.0893246403475769
-0.469728066319286 -0.283632806674752 -0.128152932213831 0.0755901687857043
-0.538329247706837 -0.12115256682069 -0.116574994525521 0.0975032350286728
-0.523632403656223 0.0251264228023531 -0.103303879918391 0.0778772595849924
-0.547933050163985 0.0400329825405886 -0.083872688670699 0.0587653027259225
-0.489289847766148 -0.0954937622618994 -0.125729205528692 0.074525188830585
-0.490965655960692 -0.220911127433028 -0.143939930639201 0.0725218859875466
-0.375566986030336 -0.483634092982827 -0.170089130213786 -0.0290954947324581
-0.143821134327064 -0.662536694882589 -0.06305645959643 -0.120912646543817
0.215170851062225 -0.610876063838622 0.047723106853749 -0.106936064152395
0.478359939944716 -0.557009911473019 0.0816788634252396 -0.0589211188362357
0.474325945908962 -0.492903999354987 -0.512171255765544 0.10310522968507
0.345424188420177 -0.528418788040206 -0.340747482173007 0.0975034923902944
0.172874794639052 -0.625772242720943 -0.20743919728708 0.0489371456827255
-0.0672215628701407 -0.564095554180046 -0.201537498648161 -0.00363751363252608
-0.310094085305283 -0.418129437407392 -0.210190173614511 -0.0146662500783403
-0.386937390985674 -0.249777092974288 -0.280073729465294 -0.0145141380952544
-0.452079512910222 -0.126877039549951 -0.300209633534109 0.0619283439311731
-0.442731007907657 -0.00901081929414894 -0.279639905406395 0.0848287257070372
-0.461884682943314 -0.00672372529054944 -0.253430159550635 0.0675362240632466
-0.401660252775401 -0.127191954252948 -0.26373829287904 0.0558986201696145
-0.37564037212637 -0.225121041821204 -0.226668916373484 0.0265316069558055
-0.25269156353282 -0.411326299700806 -0.191500376906511 -0.0287450580683888
-0.0779355048722881 -0.532929948811501 -0.0722288723515544 -0.0629497009928882
0.186388678107301 -0.492074725990676 0.00180623696634277 0.0422563775342733
0.394132389994902 -0.480980202207905 -0.0652330071172189 0.130445554093734
0.26737824065201 -0.389535118797467 -0.61962856317201 0.271989985117847
0.156269475413 -0.379153300873377 -0.399591876868369 0.248069583281158
0.0693587562610747 -0.381186767488416 -0.199254692194654 0.0982011923333171
-0.0460878857594725 -0.326490882509685 -0.180309533996129 -0.0132093838477974
-0.179085274676106 -0.260053565055459 -0.247614698536935 -0.0962922048498848
-0.239693194618439 -0.175841786057902 -0.385321092544125 -0.0834437772595754
-0.29358142071486 -0.112971784401531 -0.436528752402678 0.0281848510208382
-0.294163324700707 -0.0430817607918429 -0.412483305832936 0.0797401446061046
-0.308246505216489 -0.0534288738331247 -0.380976004079545 0.0534695214701116
-0.255261452429119 -0.143723854285202 -0.355775508790641 0.00640240631114525
-0.203725088974672 -0.200787741578563 -0.264977695954177 -0.0485950290057044
-0.0907649221222459 -0.281750174260181 -0.175420980400122 -0.048626240151452
0.0009588219454825 -0.323107194852348 -0.063305503532462 -0.0206763537037478
0.130701630884366 -0.298329424782997 -0.037987391361309 0.161293704337142
0.251374687826629 -0.333092359313178 -0.187182025959808 0.286368718408326
0.0298797738306509 -0.214507191585788 -0.638568681951473 0.401000882724467
-0.0339621602729761 -0.161776286761904 -0.395110591170404 0.370745296930318
-0.015296051847945 -0.0909870366031089 -0.159528085694075 0.145966985289933
0.00088097207348525 -0.0650065368373694 -0.132045407075676 -0.00665652009861643
-0.0201381683087261 -0.0865251399700376 -0.247404757569558 -0.143088783801544
-0.056004770523197 -0.0896660193903193 -0.430844253646234 -0.119980369430909
-0.0892449925269458 -0.0890071982818031 -0.50480414215895 0.00303365295778898
-0.100397197699128 -0.0697080492606047 -0.482485120026974 0.0630100021520815
-0.111290270766809 -0.0819726151510542 -0.452880829747803 0.0168099130375539
-0.0814105191491978 -0.119120882371636 -0.388396956538946 -0.0643368019777117
-0.0260476323203733 -0.12498001566022 -0.252766670382355 -0.133424024733977
0.0411672890644544 -0.103533156769461 -0.127245240707403 -0.0740667991797748
0.0370796841846892 -0.0765005445265989 -0.0457996932701022 0.00936780351075053
0.0292446768117258 -0.0882348694964217 -0.0765690916282987 0.236926309983853
0.0643699633176653 -0.152960967408459 -0.272207538303269 0.386873213703757
0.209258655398833 -0.0277623853427485 0.268296378901012 -0.496870000863786
0.155567223640811 -0.104319618814497 0.092770287097518 -0.367766430847442
0.022541424311477 -0.176685810123508 -0.0132117381117646 -0.041799245634126
-0.09572835817439 -0.123819430951518 0.0286612272427014 0.104736297708495
-0.126492116293049 -0.0103177145126242 0.198837348385514 0.222864504394705
-0.0970544560415672 0.0361883867100881 0.388248690576802 0.167783874981581
-0.104258628748272 0.0683310796469912 0.473553520149558 0.0311072557470783
-0.102164316658872 0.0846851476230061 0.477797608021357 -0.062677411408397
-0.116699128528513 0.0742830543260226 0.480353377851033 -0.0370384287635334
-0.11776172406894 0.0310138243341824 0.405485377016038 0.048809215465028
-0.143654211707193 -0.0274762211711372 0.244578292746592 0.112156255728528
-0.12181331772574 -0.139610810833562 0.103258489312352 -0.0333372229601464
0.0036680100143469 -0.180941393368362 0.119236564104598 -0.196113463846259
0.105032262159635 -0.103953305654124 0.281749602450054 -0.375409728001835
0.136907503465347 -0.029774429936947 0.56677211971034 -0.470931305356121
0.392851706643778 -0.217528751583857 0.188734519940222 -0.460590025313672
0.301322827117436 -0.284072411706828 0.0635056062821963 -0.354905704195937
0.103814698613021 -0.408903039639522 -0.0579611833904762 -0.0536788954844223
-0.112444824562734 -0.343738181281597 -0.0427319615357221 0.10433365562332
-0.255885509458808 -0.174080699836196 0.134215606754019 0.25860206970274
-0.261529932214807 -0.0538730447908206 0.320291293801531 0.206707372203904
-0.295312115520989 0.0372612433186964 0.4042992580199 0.0774317965013819
-0.288424424823603 0.10185759025265 0.402990743349235 -0.0278110330789903
-0.313430428855213 0.0905310064486838 0.404051067519008 -0.0282760337013373
-0.289514664707655 -0.00837231137325541 0.322702246690853 0.0454494837036434
-0.30695054480955 -0.109836194544057 0.175559589322448 0.103591428621935
-0.242523588705589 -0.307066109099125 0.0317531769184826 -0.0546829263402532
-0.0502380478004493 -0.412113035569977 0.0677902160820085 -0.231741208327609
0.183318367961946 -0.330700983575436 0.227554882194465 -0.406005051318158
0.306411177632361 -0.249420138093302 0.490864571675102 -0.480564013682747
0.532754519945751 -0.378366357231248 0.0475872776101428 -0.371383629564586
0.423210315150993 -0.438295545493529 -0.00345973920844092 -0.298002634716362
0.184711149903091 -0.607503484359186 -0.101844132685288 -0.053622751192339
-0.108189478649833 -0.546257188501676 -0.106176525172957 0.086533062665292
-0.35493488900506 -0.335885943572738 0.0563132899795313 0.245921765511552
-0.396841114515633 -0.151407189730571 0.204344087787045 0.202153629271742
-0.446861226608636 -0.00749336869844762 0.273303798953623 0.105159797570691
-0.432542913410325 0.103443923456366 0.268084034584668 0.0113699290568368
-0.460740630233914 0.106061345751982 0.269920168575251 -0.00611923140533068
-0.423588297888174 -0.0254133491717379 0.196290565363353 0.0506033136821745
-0.444155154095029 -0.151899988222372 0.081980982476141 0.0956902890905492
-0.363830373944448 -0.416158619824645 -0.0461019435304594 -0.0530209477457647
-0.130265603299722 -0.583150762372454 0.00782684851266578 -0.224833684588916
0.206133512102564 -0.519800538667148 0.154189261814701 -0.366523268663963
0.414812664161779 -0.43856971575134 0.366478760700021 -0.404706022880927
0.596400238160383 -0.496849194731285 -0.137593097198123 -0.231225591677572
0.475507616126557 -0.554908930813589 -0.10860074357987 -0.190532402789189
0.220990193728752 -0.740537040858458 -0.145345422273873 -0.0300361083818628
-0.108927322496115 -0.679892300571959 -0.15569030080339 0.0601761348661425
-0.416345569735812 -0.448492077418196 -0.0330060502659207 0.187892522442633
-0.478421200648222 -0.224251798511115 0.0505325540033514 0.156953804178992
-0.5355130993459 -0.0515398512800881 0.094164738598463 0.112145596750753
-0.512185308203879 0.0916485652647399 0.0930556645977222 0.0502445650342792
-0.540347650484463 0.105059644652999 0.0999992071056321 0.026603126917111
-0.496656166620242 -0.0387854249329624 0.0415125680559846 0.0666794948484943
-0.518511579284299 -0.171137444765659 -0.0273028799473653 0.0915138298124869
-0.432180484392799 -0.463486508926328 -0.11767425353227 -0.0344344409035964
-0.190020795293103 -0.664751934386891 -0.0423098807790314 -0.180878367457425
0.195526014933231 -0.6252599114749 0.0876520441392057 -0.258979091095156
0.455853003080212 -0.560060003988396 0.220597158871842 -0.255862650243519
0.56351730609496 -0.547161819399892 -0.331357658545913 -0.0555176084625218
0.437521676406857 -0.599098416048248 -0.227563662404654 -0.0446348222705104
0.199456782700392 -0.755771910169545 -0.181618075354025 0.0107153690915946
-0.112915911907918 -0.689907496816579 -0.18987266799054 0.0310804200429021
-0.410373550178655 -0.469377086489427 -0.127393912534333 0.0960517897765722
-0.482380917500495 -0.250661040831672 -0.120942980743074 0.0841750983554003
-0.539595726915966 -0.0806539226676662 -0.103443804788184 0.100151280714964
-0.513078917346626 0.0615982705294289 -0.0954700099793576 0.081482081805579
-0.536752090341878 0.0775982982741902 -0.0799308538727473 0.0614448693326339
-0.489300156242355 -0.064943167547718 -0.118245412915876 0.0806965238587676
-0.496158725071797 -0.185201566611636 -0.13589768879457 0.0785280269532402
-0.402508454382984 -0.452273036669201 -0.169050823955657 -0.0153195920307837
-0.184934600561548 -0.642370042564251 -0.0702485898051987 -0.118062549975927
0.174273293955257 -0.615625849244615 0.0393880116963719 -0.109628908964248
0.433887911093688 -0.581053417276437 0.0755945672579401 -0.0619697663990389
0.435022684046531 -0.517022296339039 -0.494094514681069 0.132718907122741
0.308905576762339 -0.540333572398369 -0.324525620314004 0.117592946668507
0.127280944072786 -0.625053291103204 -0.198494403051739 0.0594104645325086
-0.101517469631093 -0.553648338358947 -0.198734749456935 0.00608746297784799
-0.3320710330497 -0.390325016292783 -0.205964702979062 -0.00131110363411544
-0.399477449696156 -0.222209405542041 -0.276182369791165 0.00707034679341199
-0.455782721067485 -0.0927222906269211 -0.286479613057068 0.0781349733045761
-0.436930476505575 0.0232987237962186 -0.266830825680718 0.100192421885145
-0.453979175977461 0.0262974672857186 -0.244679759306086 0.0815292534224858
-0.406009589172654 -0.100072415183548 -0.255278765919211 0.0719355670264084
-0.383289624679581 -0.197085880114694 -0.220469009478555 0.0389631951332589
-0.276569084735862 -0.388763450615339 -0.189170236610534 -0.0145314236008454
-0.110872684662325 -0.518264113098479 -0.0752267883537611 -0.0606835072980409
0.152710744095342 -0.496217361073443 0.00440683990434661 0.0392256201591137
0.355695582095823 -0.500040589000321 -0.0571305340850191 0.133242024251679
0.240210822938036 -0.402053844781252 -0.588421944859921 0.303460691325326
0.131575448587998 -0.381997186667928 -0.372454333068716 0.26885478381369
0.0430592005453755 -0.380680378265586 -0.188140360011399 0.108001875707604
-0.0658881188168016 -0.321355164057424 -0.178598625586971 -0.00393033869783112
-0.193845455439554 -0.243070424056918 -0.249491863640372 -0.0788276146876139
-0.249230903308404 -0.157213467659785 -0.38386159249961 -0.0533250608615335
-0.298760297417897 -0.0887523054289247 -0.422255366959256 0.0548845948536515
-0.293045026052766 -0.0206891947997662 -0.397755466654793 0.102836866426241
-0.30744772708573 -0.0304327952219268 -0.369926560283464 0.0765258210030534
-0.26328100736383 -0.125444856446841 -0.348177835967249 0.0298714517589779
-0.213386602132159 -0.18411592861376 -0.26389386409136 -0.0307828944910575
-0.108063688545752 -0.273142131143789 -0.173812131092359 -0.0356538678610958
-0.0204561841676972 -0.318645886931613 -0.0644869579480343 -0.0190540327897949
0.110317491102784 -0.30307988675778 -0.0273846295284515 0.158425329131223
0.226328321242345 -0.345867884128505 -0.167525848348929 0.294053082052394
0.0188731572566958 -0.214147154017318 -0.599126541943186 0.432294169189123
-0.0413878255068986 -0.15697303236276 -0.361716527579361 0.389274746682905
-0.0204232603838802 -0.090255374131561 -0.147398756026081 0.152811562491618
-0.00299180569106306 -0.066390943063155 -0.130530773236324 0.000312383307733742
-0.0260602543921774 -0.0825652844394715 -0.254824763938723 -0.124425892882484
-0.061884235297107 -0.0840620949929601 -0.432284351047354 -0.0864907612956255
-0.0954278977309412 -0.0798068255325486 -0.492723286339976 0.0355093189042423
-0.106166879866878 -0.0606018581633164 -0.467208591836334 0.0912961904208449
-0.116977477952598 -0.0717132990440421 -0.442373301550303 0.0451022169614013
-0.0906902394963156 -0.11178274195501 -0.38500602497796 -0.036086426521565
-0.0353850409508244 -0.122015950984583 -0.257398162890389 -0.114513461563487
0.0320258001648536 -0.106298999863711 -0.127527340918712 -0.0633883349741497
0.0305041892502662 -0.078921085070923 -0.0454644927559214 0.0104870455314973
0.0230285765112845 -0.0901479855553296 -0.0601088650893642 0.235573467502567
0.0548250648162015 -0.155854223812901 -0.245073326330006 0.398380753556535
0.17994256486589 -0.104603957695937 0.0742747615900368 -0.543295300618353
0.103534902826527 -0.153924282832544 -0.0392701390849821 -0.360786101787324
-0.0416144242497042 -0.1684619418104 -0.0162037046031848 -0.0322657276983197
-0.130188616490072 -0.0764131004669753 0.0704731560958633 0.0824878897852749
-0.114688413729098 0.0334404542451777 0.26126082656078 0.131276757336796
-0.070856192502458 0.0659345768020414 0.414209161988069 0.0115061133543124
-0.0690787865322217 0.0993321719593446 0.443378086223233 -0.143251966115881
-0.0602496815220209 0.109345170346583 0.40831030072031 -0.225323873079793
-0.0784558780350517 0.107051984241274 0.422781103890668 -0.199742393781534
-0.0974733576109944 0.0663531134309314 0.388875878637158 -0.0950964735698831
-0.139159727542981 0.0257828161738189 0.26606847905161 0.0147190644543621
-0.158873583838301 -0.0843349685402674 0.0863222284489994 -0.0602908887080976
-0.059030993143261 -0.165913281319307 0.0420746591548628 -0.213558637786792
0.0588247134889003 -0.128040559725926 0.132498107385686 -0.435431913042982
0.113516029760207 -0.0688336097362523 0.362236693306384 -0.60683265273009
0.281611889516696 -0.348554218090001 0.0178288669693564 -0.471278586484717
0.171640977737831 -0.373775177479672 -0.0560503306246035 -0.327726581114356
-0.0524233750681532 -0.409361225550606 -0.0489824872870086 -0.0194381825956664
-0.227199696063962 -0.271035270283657 0.0156650790824998 0.108511227637127
-0.289652516848654 -0.0693621059144122 0.223287905847081 0.181722885194123
-0.253067346886242 0.0408000910579523 0.370402029842318 0.0661958105514733
-0.257890434248365 0.13817061616438 0.404891438493596 -0.0791318924885478
-0.222767204156791 0.187377414742517 0.353957710834997 -0.172418276226743
-0.251505296647851 0.189523453103582 0.355938250951188 -0.16697513775829
-0.268700272263848 0.0881507744845291 0.315983337650455 -0.0713873881159439
-0.315436199052625 0.00570857555859941 0.203786366178272 0.0285970635032141
-0.32733524176084 -0.197732117669919 0.0174857037573575 -0.0535216064063542
-0.185067019527639 -0.359225641454814 -0.0180307448254758 -0.225452302966347
0.0542683744243591 -0.363470434065041 0.0685371193355244 -0.444752355705413
0.199471856828596 -0.328583448537767 0.283210627890259 -0.591610636708708
0.354788198122564 -0.550757636688605 -0.0802040615389588 -0.33185516748305
0.22787787933892 -0.558705151625792 -0.0941632567496642 -0.242699759103075
-0.0496229245904532 -0.619998657319763 -0.0789366249224945 0.0031370512357376
-0.299599524976571 -0.456485713358185 -0.037393751210905 0.116613378417961
-0.436589307791897 -0.181892568142091 0.155664177235392 0.194309011348339
-0.410813895733525 -0.00180848169308905 0.26809504315746 0.100094658618163
-0.416813727460318 0.150545038323482 0.299693921090425 -0.00825322117645288
-0.352990729260631 0.239286324989188 0.247309567325663 -0.0941858720342741
-0.380474456630781 0.253863364555043 0.241293587242408 -0.103897938097951
-0.398896673310631 0.118833969840068 0.204450333949831 -0.0258828475034478
-0.455727087350165 0.013281667488903 0.119581019902272 0.0513070554615652
-0.474973090094086 -0.258445467862917 -0.0498313439758206 -0.0253466149771957
-0.314950177643265 -0.490128578192595 -0.0717126306058642 -0.197696460877299
0.0117819184496056 -0.545252215901047 0.0114754499782974 -0.383189639750966
0.237733258126001 -0.541268953707292 0.188355335152413 -0.483382492358731
0.370991101151788 -0.683059222921128 -0.200145244076664 -0.13616648250019
0.23653406635098 -0.687029859280666 -0.15141583863618 -0.10305374152389
-0.0647100910539729 -0.756245232203145 -0.103852918920244 0.0439479234703959
-0.352777457992963 -0.578565437489817 -0.0847641707648005 0.111788068667279
-0.53194737433346 -0.26248471945531 0.0596671811296663 0.169156196038031
-0.513264319452652 -0.0392259049769971 0.115729626126685 0.111228205941259
-0.515382343639544 0.14152655532139 0.143407903553438 0.0605108596914304
-0.428781245336386 0.255407180033873 0.103444753446378 0.000367748852578268
-0.453184219015153 0.280033558883428 0.098492451512416 -0.0173919651680189
-0.471114878302262 0.13200688152762 0.0698650439156477 0.0400757048151086
-0.528006321929441 0.0210319467265162 0.0201204786033909 0.083574727909165
-0.553009985349652 -0.280736552876341 -0.107066377297719 0.0153898843482202
-0.395854272858347 -0.543037051714738 -0.102621129874874 -0.139348257542556
-0.0338610892961248 -0.638771996209418 -0.0155740313742006 -0.262268217182334
0.237374743452394 -0.669011191324112 0.0982702549672284 -0.300455502915069
0.324379456299211 -0.716796555901171 -0.317329806012391 0.0910044719189929
0.184984539220561 -0.711795501962076 -0.207545308653272 0.07046805970608
-0.0909088093271398 -0.763213473250761 -0.12181482675231 0.0937153111552747
-0.359469132400921 -0.586648686981102 -0.125080798483967 0.0959959043030791
-0.537923128990504 -0.284713050082089 -0.0571911170774245 0.118052317288683
-0.527557491833375 -0.0618772227763898 -0.0654404272017397 0.105631916401694
-0.533245891618422 0.116940791710384 -0.0404321963042185 0.12104993232347
-0.442474950222721 0.230751973174048 -0.054958947535203 0.0942211889280329
-0.458435371733347 0.255199429052752 -0.0535192616750843 0.0757104770863764
-0.472522677445284 0.106521751905493 -0.0708680441986532 0.10682426726114
-0.514585496902287 0.000584490985170337 -0.0836443309599171 0.110370447544518
-0.522559844655583 -0.279651590127925 -0.14762448956559 0.0489245019181682
-0.385199140777266 -0.522864471694143 -0.107147511354223 -0.0726364897261844
-0.0498813636643635 -0.62517687373594 -0.0113677892512523 -0.110253018469798
0.212757023538835 -0.683174636165337 0.0267247777788413 -0.0779259215754117
0.217642442397544 -0.64077351916445 -0.400718334648739 0.313393056841042
0.0889096369086524 -0.610328584191306 -0.241402712087721 0.245647395849601
-0.109365130466795 -0.619300743559463 -0.1281515938761 0.138435543396037
-0.301030512242934 -0.467678489649592 -0.14915011191777 0.0751473203481626
-0.439275975761121 -0.238043771741075 -0.167572858754023 0.0576067320744758
-0.445388298312883 -0.0655755875440607 -0.236723924643475 0.0925554010535299
-0.459535121105235 0.0779417225841926 -0.216819956475705 0.167442866401642
-0.387167248713755 0.170467785510309 -0.203703340354897 0.171925768398434
-0.403207310313472 0.180950300041522 -0.195132436251573 0.150657296816832
-0.407838466539468 0.0459474299265349 -0.199914839539456 0.147119119694647
-0.415444117375087 -0.0499219871593704 -0.176116690314665 0.106390190716627
-0.386879490057933 -0.265069848852974 -0.168003033156372 0.0558949009998815
-0.276592356516725 -0.436179660540028 -0.0932369207180262 -0.0217028859532805
-0.0288733078801929 -0.508344904993626 0.00752214001092978 0.0362816883461835
0.16670701708792 -0.583814951528493 -0.0292623867287821 0.141854238870449
0.0796511542836736 -0.460358830440581 -0.430561762822203 0.494497064086103
-0.0164523713763849 -0.398041031431393 -0.237542445306473 0.388589351214675
-0.0983429326314421 -0.364664305318464 -0.115171894142714 0.171442417081386
-0.181317636471749 -0.270954442548547 -0.148292408622974 0.0571845809484937
-0.263778719209752 -0.153672393407384 -0.243285393348529 0.00651782900406464
-0.287132884586378 -0.0583568967787203 -0.361565576948964 0.0805138531672897
-0.313751442324944 0.0260142392978267 -0.354140405621979 0.196534716348606
-0.274048766530375 0.083117892732642 -0.321661696936193 0.223391525846356
-0.290411939354978 0.0790928831352529 -0.310467477507316 0.190900076877502
-0.285342996068486 -0.0234888247367671 -0.300462764941794 0.14272828769653
-0.25729625639801 -0.095584613654899 -0.242044774454279 0.0614735081818868
-0.193795632858955 -0.214940901943489 -0.164283709162329 0.0292104070275496
-0.126440682711902 -0.284128201129946 -0.0694513768274757 0.00827340588828477
-0.00293977028921297 -0.318117319881578 0.0202518482879609 0.154393645883409
0.0974631307460948 -0.399357408684275 -0.0736203139438072 0.323486825606917
-0.0571192851335058 -0.2025126315415 -0.399101324343554 0.602989606477983
-0.0928934127924948 -0.125707310286748 -0.191957352789973 0.48089007688529
-0.0512218047598488 -0.0760763269391851 -0.0781937938951244 0.191274858266263
-0.0285363386021466 -0.0604506584395116 -0.117366475468447 0.0446497116857402
-0.0548817464141003 -0.0662914675811288 -0.273835469451297 -0.0281795901550066
-0.0916276681918356 -0.0554974966357348 -0.422272647209189 0.0730392765198083
-0.12191122663289 -0.038328623733147 -0.430274685121158 0.20809420055577
-0.119585108375554 -0.0159484616101125 -0.388328578734272 0.241605544016512
-0.132109922157822 -0.0236599208309756 -0.38566000991516 0.189173033451502
-0.122095586828456 -0.0687910693304876 -0.35904109750163 0.0966793648253292
-0.075631045178949 -0.0991433311381804 -0.269363318434884 -0.0131414992484421
-0.00859641732819337 -0.109349098516633 -0.13528718037353 -0.0140494982174238
-6.82109632322013E-05 -0.0831675246458546 -0.0408636232565037 0.0254879920907372
-0.00947484928437576 -0.0945761250871138 0.0198265788015406 0.235041293086825
0.000855214679999289 -0.167500830379667 -0.103617322451928 0.441595867183314
0.171300673259132 -0.106620919388411 0.0582735180318733 -0.537883949924981
0.0973699282485871 -0.152879464737862 -0.0501658636709236 -0.35370545417905
-0.0445321929974214 -0.162571636344994 -0.017026879075975 -0.0334165228644595
-0.128901397747076 -0.0711251526243055 0.0717373764790864 0.0771781757818993
-0.111269654814809 0.0343672088457057 0.262670996460194 0.11810322831497
-0.0682572597603313 0.0654961638116641 0.408214136972816 -0.00485717778025024
-0.0641045905643266 0.0995123715515169 0.430194357258916 -0.15604063931633
-0.0538087907986837 0.109144411098553 0.392773515393048 -0.231736298176153
-0.0717944152618845 0.108050495919772 0.407936012973191 -0.211606099133633
-0.0932466918344837 0.0679183847051644 0.379278747735199 -0.109305975731115
-0.134905699135674 0.0303081991978551 0.263994532236056 0.00369251988822921
-0.158472072574868 -0.0764689401613862 0.0825566813951628 -0.0600691226697638
-0.0642057901574965 -0.160877380013626 0.0350507599778039 -0.2095931191899
0.0539691880894747 -0.127364543215357 0.117068137615465 -0.431336265503717
0.107662658167892 -0.0713427110249069 0.339601883937603 -0.607025086518754
0.262845291662226 -0.352491244124207 0.0033552990205193 -0.465633887176898
0.158134150755749 -0.370179879548798 -0.0646502288438135 -0.32046502810159
-0.0632660699454119 -0.397777462149285 -0.0485323275728983 -0.0212640295528084
-0.230107047238274 -0.260538959995848 0.0170542800893621 0.104075025523674
-0.286415061155676 -0.0605350767702777 0.227624335798383 0.16831910446098
-0.250063630883264 0.0461512506792321 0.368264706355357 0.0515285976766882
-0.24952216845915 0.145260994569887 0.393854766458131 -0.0924612204229211
-0.211272910106154 0.192631943164332 0.34161157715323 -0.179540867791031
-0.238963270750228 0.195502656458789 0.34354703050097 -0.177687106160872
-0.263574552947017 0.0943310801947022 0.308123536150408 -0.0834117854798445
-0.309577829398328 0.0166199839688802 0.203822715208678 0.0188682297820465
-0.329532113344633 -0.183302622363674 0.015578148284402 -0.0511339402836658
-0.195137310378042 -0.347679051320319 -0.0248010257964721 -0.221436487384509
0.0430357849942303 -0.360213115567477 0.0530125047580201 -0.438243268397855
0.184138937813672 -0.330274506882709 0.261328258351814 -0.589318451555427
0.32769903038898 -0.553446734098823 -0.087829685455705 -0.324956324643164
0.208131918751111 -0.556466060758803 -0.0983534972005356 -0.235664340355539
-0.0681020657444389 -0.604997331352672 -0.0769721944911858 0.00207048631498648
-0.307927068965638 -0.442073773802012 -0.0358800556314949 0.113376622921773
-0.434075366951508 -0.166290479938386 0.161958231930411 0.181348714167349
-0.408189259992051 0.0108196714029486 0.268597734318923 0.0886256085025229
-0.40547207851596 0.163701450995897 0.29360118724893 -0.020343414977889
-0.337445260310294 0.248500326467174 0.2388771299019 -0.0994532057283619
-0.364214933030029 0.264540837896946 0.232051740608186 -0.110779545458624
-0.39186862021479 0.128402651486269 0.199838990058416 -0.0340767696854059
-0.446992641456593 0.0281559675632041 0.12038419589172 0.0443893394549389
-0.478937106962385 -0.238924305619314 -0.0495357722975453 -0.0212265859520116
-0.327988800790482 -0.47166839812179 -0.0777367644770705 -0.193401033891509
-0.00428472682627904 -0.540755207887197 -0.00156110486817473 -0.37675412486778
0.216078208759056 -0.542930722136654 0.169796942413178 -0.480158297382874
0.339444753168199 -0.685317804763606 -0.198984277909225 -0.128742913232814
0.211539411695001 -0.681680857057105 -0.148675712538397 -0.0970396842025626
-0.089551024591077 -0.737687474584021 -0.0998024130418038 0.0429806591808702
-0.364759565049591 -0.5614269120035 -0.0826985463674467 0.110415784795357
-0.532478082800679 -0.242238738267257 0.0665081891945658 0.160291162383474
-0.509723923744748 -0.0212969270808242 0.118550323219932 0.105396527251972
-0.50338034665247 0.15997032883196 0.142391668313337 0.0515322447428176
-0.413015632221171 0.267565792322717 0.100751239662189 -0.0033214467119005
-0.434790675343262 0.293036287635465 0.0940858185335464 -0.0204438795084414
-0.463151343052783 0.143729688559158 0.0691988150507626 0.0360597504399751
-0.519949017512 0.03788891219327 0.0226438060967062 0.0799080291575625
-0.557074254828816 -0.256514817971774 -0.10373606989767 0.0199157836270114
-0.409073608254711 -0.524731413768005 -0.107433873547568 -0.135595820377063
-0.052402293945493 -0.630212497854479 -0.0244010009148607 -0.257347161589367
0.210820286096883 -0.669361351171069 0.0873585430861604 -0.296832000882899
0.292517945819088 -0.720044723805458 -0.307518093750618 0.0984830541335701
0.161975285388623 -0.707860129525044 -0.199242124414589 0.0754361808739963
-0.114435900711607 -0.746531956292104 -0.116417252497384 0.0935251008720077
-0.372673911162305 -0.570966011495916 -0.122706994313456 0.0969419627149724
-0.537455843165865 -0.26304413983466 -0.0507548744018476 0.11432353439949
-0.525629694615765 -0.0430256649636583 -0.0599970428457666 0.106417368038515
-0.520443619798406 0.135294903298721 -0.0362423805530913 0.115983453446177
-0.426244481372444 0.245353123568334 -0.0514427880542048 0.093024529887568
-0.441297233529914 0.268671332317825 -0.0515243813546919 0.075908921034759
-0.465887863226723 0.120038090788061 -0.0667995643472322 0.10681843709886
-0.50454683044529 0.0160860591609073 -0.0788489257243442 0.109840969609867
-0.524853391634857 -0.258031218522687 -0.142409899515255 0.0535887697284715
-0.397346205649102 -0.505091025435944 -0.110440813944484 -0.0705658387463286
-0.0677490275775868 -0.61627833099863 -0.0159679938666499 -0.108389846331043
0.187213302830386 -0.681492121568625 0.0238662796048055 -0.0754860342727796
0.190373318795901 -0.641390733023826 -0.38239961015272 0.319834533342076
0.0698812264693732 -0.605428647863697 -0.227135059131467 0.248200514393204
-0.128293540043713 -0.606017604969446 -0.121338653576348 0.138823554800576
-0.31120809070592 -0.455624393825408 -0.147354514552918 0.0776022497508592
-0.440390564269659 -0.220642681107109 -0.162249879063034 0.0599220419862246
-0.444259216705475 -0.0486976858771198 -0.229752518497521 0.100411656619505
-0.452520708991793 0.0954845559968685 -0.207215728904707 0.167470977601161
-0.374488918432312 0.183820909852157 -0.195620521806273 0.173686072830123
-0.389819667624176 0.193792023743642 -0.187507635088221 0.153989107379467
-0.404850854506617 0.0586811035791672 -0.191308440011805 0.152070844295691
-0.410872938801908 -0.0356896765724951 -0.169885577366033 0.109741065525299
-0.391746437732649 -0.249610232314149 -0.161887513785582 0.0602193978528352
-0.287162769677779 -0.420786641429056 -0.0950285603765342 -0.0200204397519045
-0.0435942047173378 -0.502096676164944 0.00699930224079458 0.0341279704284431
0.144593450148296 -0.584467166074274 -0.0249816649810631 0.143269292796529
0.0627592996122661 -0.458682251305933 -0.407848361894321 0.497607891151364
-0.025539705851267 -0.393803049382716 -0.218939491323204 0.388490182841602
-0.10939798777801 -0.357070268173808 -0.107816572193721 0.172080772671069
-0.188104883135015 -0.263688318396635 -0.145295895253968 0.0605407027076652
-0.264077485697089 -0.142738128016232 -0.23956469019509 0.0130161121304924
-0.287356298981971 -0.0468543724658144 -0.353553743058669 0.0925461192209317
-0.310108010268937 0.0388444232857793 -0.341400846600228 0.202295073601016
-0.267141702039563 0.0941558586884362 -0.309121603390574 0.227392028271737
-0.28345957823953 0.0896889076367633 -0.298560674421573 0.19703863456633
-0.285291465948991 -0.0131803148662576 -0.290753297338411 0.151042827601097
-0.257421888077218 -0.0861809142012255 -0.23663037775492 0.0689153139486283
-0.199736521634626 -0.206396135607393 -0.158676743379966 0.0332138162646867
-0.135149412618539 -0.276419679993676 -0.0697452710691307 0.00957484515781894
-0.0121330483247942 -0.314854272060925 0.0239531796645099 0.150019267591353
0.0831876820613367 -0.399702111769048 -0.0629986348788324 0.323606601423218
-0.0615728372357615 -0.200414358624337 -0.373217432257595 0.602627692670975
-0.0936925762401139 -0.122273066876003 -0.172476527420968 0.477660605903746
-0.0534331461103151 -0.074344142032984 -0.0705413830387289 0.191292932315982
-0.0307734181285001 -0.0597782747217421 -0.114551706989032 0.0476929685506696
-0.055672125388294 -0.0630330227937669 -0.272110620112117 -0.0186743577744388
-0.0929477886326964 -0.0506044304935757 -0.412752727372327 0.0872485707846424
-0.122784796660975 -0.0310509694362514 -0.416119245067356 0.216126942111033
-0.119239082476881 -0.00950990275439266 -0.374439820803243 0.246553987566526
-0.132602419214631 -0.0167987912106402 -0.372466126837215 0.198352889190849
-0.125282024583738 -0.0623300102685655 -0.349709934726251 0.107638849267564
-0.0789215286405007 -0.0952615939379912 -0.265151544251882 -0.00299122941617086
-0.0142437908207712 -0.108044866123036 -0.131554141347512 -0.0107646836743408
-0.0040517356958064 -0.0830846800031235 -0.0412025560003072 0.0256313787066785
-0.0124640627411016 -0.0944379675503498 0.0263216501148993 0.229629685115237
-0.00338493394823457 -0.1680880124634 -0.0894036335387034 0.442374349563871
0.166311985009529 -0.110332694196001 0.0425491929424088 -0.541266058289738
0.0941751757771891 -0.154292924430641 -0.0612565560082412 -0.352815881566463
-0.047669727462655 -0.159945584953894 -0.0185045460520587 -0.0355998230068769
-0.13024843930389 -0.0678159522201227 0.0730700469915155 0.0734082955141196
-0.110230619720539 0.0360127732794692 0.267633373401637 0.107063924954206
-0.0671854916739777 0.0656331999266616 0.409176764009093 -0.0198945670485796
-0.0608836031246745 0.101255460401283 0.424630101875356 -0.168245872269851
-0.0492597834603433 0.110407341532707 0.385805628150713 -0.242591986510936
-0.0671750429624549 0.110730923744495 0.401193695037787 -0.224942087116918
-0.090868812515432 0.0711409059399843 0.375746335471939 -0.12393245362529
-0.133467045329663 0.0351550632880138 0.26595327426716 -0.00648870579675954
-0.160817859943305 -0.0703549385130003 0.0808233075212804 -0.0616434717604789
-0.070310064316129 -0.158493587869749 0.0295205668569363 -0.210093572017452
0.0505266679313953 -0.128822469480054 0.104983857222996 -0.433251830887672
0.103548083110436 -0.0742770370303946 0.322564601545309 -0.616776316636326
0.249675497253177 -0.360098950294081 -0.00956968660846662 -0.466795565299877
0.148180159139357 -0.37372546247751 -0.0737564897513692 -0.3198927496488
-0.0749323121248121 -0.393212652405883 -0.0485763835215955 -0.023034058153816
-0.237094362650475 -0.254407477648293 0.0180742864284472 0.101580853404027
-0.287373176305161 -0.0539119577963179 0.233891674651054 0.157598874643399
-0.250871619424625 0.0526513643377249 0.371011511237823 0.0385678954984316
-0.245684497034892 0.153520606272881 0.389682715041012 -0.105373082851167
-0.203740754192647 0.20020490827329 0.334863405409164 -0.188057258240914
-0.230931228301485 0.204663298282455 0.335915377338871 -0.187956666094971
-0.26266715424061 0.103511817265577 0.305300644631504 -0.0951356729594771
-0.308841473933854 0.0254628501899811 0.205187251674188 0.00976974919857503
-0.336199750001294 -0.172715878120431 0.0142331674260421 -0.0502970807377155
-0.20795241804822 -0.342739134987858 -0.0320975832247681 -0.220944194096034
0.0324897992666144 -0.363827849476521 0.0400491335247854 -0.439292617780165
0.172228755421587 -0.338486108922556 0.245388373170936 -0.598031990999348
0.307714801201704 -0.565365744915094 -0.0951372854337576 -0.323256217307374
0.193806723466967 -0.56293492954336 -0.104001294152627 -0.233731187814533
-0.0871333801957327 -0.600664592507214 -0.0764870950975097 0.000843224349375579
-0.320160936709298 -0.43553461995451 -0.035978540697807 0.11254001093284
-0.438993868819957 -0.154037526948914 0.168411145856701 0.172799032088436
-0.411396966033821 0.0225642886840177 0.272569417508644 0.0795170239731843
-0.40245964835719 0.177886681397813 0.291203933842723 -0.0313196462720367
-0.328069252152089 0.260326291067718 0.234552243799295 -0.105437570524023
-0.35385032735765 0.277348504320368 0.226267667844228 -0.11821708898614
-0.391860804780926 0.14018102657035 0.197545968090582 -0.0418698931022762
-0.446415116473109 0.0417066969785145 0.122326115964277 0.0381295592461195
-0.48873907085177 -0.225542208892122 -0.0496017507147977 -0.0190473640201737
-0.343891728684574 -0.462997468865427 -0.0853216751314675 -0.19179581876062
-0.0196356370786097 -0.543897227687955 -0.0135531348338665 -0.376231381194445
0.198138345442224 -0.553956752210752 0.156077269400192 -0.484061810386827
0.314852026017919 -0.698354930258021 -0.201265936963579 -0.122962095430747
0.194169450153629 -0.68997775533292 -0.149417477605593 -0.0941281763240227
-0.11225277745543 -0.733648654682007 -0.0977569078404427 0.042511089227848
-0.383134807925233 -0.554784649630815 -0.0827742168375104 0.111926128339922
-0.539058405004037 -0.225804647543651 0.0721029013751245 0.154133215306262
-0.515365819504583 -0.00721191001682758 0.123509887908482 0.101893604537416
-0.501176792964453 0.178828768188405 0.14264845766904 0.0449371482207073
-0.402344658192468 0.283616858786191 0.0995694672383648 -0.0062551589692697
-0.423037058666837 0.309516049431311 0.0917354159885251 -0.0230976155448966
-0.463986593388185 0.158912520160206 0.0699173185010744 0.0329121631832189
-0.518932370050753 0.0520187707523422 0.0246655931001078 0.07750008597232
-0.569395663466926 -0.241818285565174 -0.102555531930304 0.0241132054729389
-0.428217267985965 -0.513105568176653 -0.114021524074754 -0.133928973220751
-0.0712005436983133 -0.632574819643746 -0.0340106593190894 -0.256277544531864
0.191201398236052 -0.680665225378724 0.0793816110733373 -0.299036088968519
0.268955743028714 -0.730128292064518 -0.302528232910971 0.106603694607544
0.142861064488723 -0.714450730079799 -0.194361965025292 0.0804532413219173
-0.137888721804886 -0.743394567562996 -0.112970498353173 0.0945779576020308
-0.390487571585437 -0.563558833566457 -0.122818892958411 0.0997544252192817
-0.547390291322018 -0.248252147653669 -0.0472717602541959 0.112351879424175
-0.53200034160511 -0.02677075383385 -0.0560443520758209 0.109558009029856
-0.519656315975811 0.156570632364058 -0.0336008260252759 0.11463535972806
-0.415810943810021 0.261112094505538 -0.0500026682972184 0.0941336165555085
-0.431976354829752 0.28531238251717 -0.0506006057379175 0.0781364937762774
-0.468675424995964 0.136300027529476 -0.0634496050103119 0.10946644269789
-0.505229716763629 0.031451947620358 -0.0758733516858948 0.111542204862842
-0.537298316033319 -0.243186795384283 -0.14005577265423 0.057999000882356
-0.416338290299539 -0.493778036175323 -0.115060155034253 -0.0686731220351638
-0.085050292359166 -0.618428388113398 -0.0207986377860811 -0.108213783486513
0.163411054411405 -0.694199916299146 0.0219829034000655 -0.0737050909050477
0.169674438961884 -0.651666957383473 -0.372540165354853 0.330279446309947
0.055761310871244 -0.610430015262692 -0.217258102458003 0.25393692761493
-0.148114425462546 -0.603629083466991 -0.116675790070158 0.141768143752481
-0.325898301378131 -0.452161882762506 -0.147099777810101 0.0821807156833953
-0.448031305231893 -0.20716371757322 -0.161099424100127 0.0618712333124995
-0.45030920049329 -0.0336788731172161 -0.226816548963859 0.109123664557107
-0.451707904229072 0.113920062728222 -0.203220936133456 0.171116511325065
-0.368874884646696 0.199662300738557 -0.190902485379445 0.177962308384714
-0.382850058254326 0.208463905467181 -0.183462379253052 0.160543069515674
-0.407186443542139 0.0726706382412969 -0.186444413578798 0.15812423418406
-0.41245422276561 -0.0238551986739065 -0.166725991313986 0.115005682986203
-0.402893772394561 -0.238113622153031 -0.158784072985796 0.0643779051278338
-0.302863473495652 -0.413982116322407 -0.0981969610179699 -0.0187872075806019
-0.0582951639204457 -0.504534970097576 0.00613927213007195 0.0340295093437985
0.125921886756684 -0.595055111434509 -0.0206253110311197 0.146668471616235
0.0481372136775974 -0.464439832097733 -0.392086257871455 0.509240996353637
-0.0354678940982624 -0.394533284189542 -0.205323705524825 0.394088592162195
-0.120972635903856 -0.355731217540495 -0.101480446576873 0.175275380738486
-0.197267043597296 -0.261714287078781 -0.144447929099682 0.0655962107997582
-0.269112328163653 -0.135123563428313 -0.240960056736019 0.0194617703821666
-0.29203329780389 -0.0367967109381517 -0.35107939998969 0.10588288039223
-0.310409918655465 0.0522425744887336 -0.335329396241371 0.209638090277073
-0.264416260025607 0.105379807485602 -0.303592517448629 0.234352715673355
-0.280801873668517 0.101286596691829 -0.292798789968556 0.206394871919216
-0.289683519564694 -0.00254522568818079 -0.285235637719366 0.161056594749775
-0.261151484072172 -0.0791678746297402 -0.234183974277466 0.0761853513994701
-0.209398881607121 -0.201548153446124 -0.156808607028765 0.0371386157743382
-0.145960187676331 -0.27377919569096 -0.0717954088045147 0.0106971878325574
-0.0210654559188565 -0.318133384237158 0.0265212374630667 0.148763277300626
0.0706492784368859 -0.40700866577053 -0.05376975950833 0.328817941154695
-0.0676763736008039 -0.201425732534592 -0.357370860113616 0.613486563686508
-0.0964698408414921 -0.120668610758467 -0.157661782294201 0.482319365498531
-0.0564390273114452 -0.0741518081858199 -0.0634450727004954 0.194416977524299
-0.0330707811695916 -0.0602699680943267 -0.112964137881455 0.0512964098108263
-0.0568742056251844 -0.0613766428948896 -0.27423757073084 -0.010466010721333
-0.0958504716644099 -0.0469754239494772 -0.411735271664257 0.103247754541945
-0.124937640113313 -0.0252064754273713 -0.408807366684538 0.227529282370147
-0.120353761708933 -0.00360107713517188 -0.367336476697755 0.255766149512375
-0.134253784840381 -0.0104874540156936 -0.3661076419918 0.20968894379287
-0.129829413160346 -0.0572715967066309 -0.345708484169482 0.120362863655726
-0.0836883470673665 -0.0930406866872559 -0.265110958755375 0.00591983008815809
-0.0208678166868231 -0.108410942067493 -0.130776851222351 -0.00747875797209328
-0.008342047664569 -0.0841632880814887 -0.0420112361470539 0.0268549039931271
-0.0151528201549228 -0.096176122638455 0.0314736160775274 0.228169043476073
-0.00812671931194099 -0.171491251958641 -0.0769065609991291 0.44999473695675
0.161047830574372 -0.117220120568608 0.0183706028249897 -0.550061560857903
0.088329898795511 -0.158645993192646 -0.0788834914321583 -0.353134324291504
-0.0536451298013952 -0.158535503849956 -0.0210085972126516 -0.0377441221763027
-0.133409864557531 -0.0635383386379079 0.0748562531157369 0.0682741788227814
-0.109786302326146 0.0399824546089387 0.275195541566413 0.0929132571086665
-0.0651033879236633 0.0673534391079877 0.41309387601476 -0.0424165381406893
-0.0554823125506976 0.104528775877391 0.419723704437098 -0.188978904891806
-0.0428760933061319 0.112308801560076 0.37753512434337 -0.259464652858802
-0.061146617310695 0.113991135043522 0.391890029117316 -0.24706993243987
-0.0883491386082054 0.0756505594283973 0.373120198137029 -0.14457164805088
-0.131602874925862 0.0414835053679579 0.269111972571415 -0.0208699116363149
-0.165102898790251 -0.0625236807918503 0.0789349656084749 -0.0638525119135145
-0.0789417115176883 -0.156208780103798 0.0211737614412674 -0.211676121040011
0.0446270049071876 -0.131854105702978 0.0860590750488874 -0.439235007516479
0.0989470872143939 -0.0788681747193174 0.295584690535077 -0.637231833949733
0.232475097825904 -0.374098598423732 -0.0299618596906647 -0.471491021254881
0.133465145996296 -0.382550624414779 -0.0885215267157043 -0.319989412222087
-0.0921066152149853 -0.392060307532182 -0.0509286437000602 -0.0238902242171665
-0.249438146825077 -0.248386568689803 0.0191177714815147 0.0996013172597269
-0.292444554548934 -0.0422984206148079 0.243516733779043 0.145121278130226
-0.254021761629059 0.0636852285091525 0.377110874350919 0.0191755728610399
-0.241272023639305 0.167198373773034 0.387277333102794 -0.124281960846492
-0.194296573719633 0.21104140840087 0.328679550393761 -0.202309268120605
-0.221482958040509 0.21785066821518 0.328573323763215 -0.206296143133111
-0.262604084297521 0.116646877753502 0.302043457064324 -0.112354264264462
-0.309948147269281 0.0400477213485483 0.207586868802561 -0.00150917151291552
-0.348510614909213 -0.158673992060961 0.0117682937866714 -0.0506535258972114
-0.227523744846604 -0.336061472532621 -0.0430715051239751 -0.221032377528799
0.0166887211549851 -0.370152465363384 0.0209631145634419 -0.442755989865309
0.156550082086611 -0.350594134602585 0.221176364239376 -0.614174153747843
0.279092848740995 -0.585140806192508 -0.110045132598542 -0.322270689719537
0.17179637617685 -0.574218138693839 -0.112524662819858 -0.232356726913716
-0.115236463159509 -0.599209428524401 -0.0769508144941322 0.000868106191654441
-0.342440385987129 -0.428221363260402 -0.034827477237485 0.114245126870798
-0.448722437200381 -0.136687191335207 0.177816191947279 0.162943609107283
-0.417316153504474 0.0404924649063194 0.279442006027622 0.0668735872102581
-0.398395336384777 0.201370449638501 0.291442140314165 -0.0456511567304876
-0.316751596647409 0.278641262976851 0.230923977319535 -0.11487854910453
-0.34214682670705 0.297593456959607 0.221175987021321 -0.129521309566037
-0.392469812783354 0.16142490361253 0.19599566465309 -0.052945449160312
-0.448165007048819 0.0617646507544121 0.124686772149583 0.0311721704683797
-0.505270965155469 -0.204443921172734 -0.050917517641526 -0.0162475556172188
-0.372317391460037 -0.451159522088558 -0.0964345729411988 -0.189895398748857
-0.04538020230308 -0.551278622849476 -0.0316632513617255 -0.376782680143365
0.172278941854829 -0.571322291951665 0.136020803825215 -0.495830279819523
0.281520735727086 -0.719359680692886 -0.206842482364432 -0.115520930403695
0.165460785292775 -0.705243543057358 -0.15238279099943 -0.0890060049435609
-0.147267397721324 -0.732930670954305 -0.0961883966070856 0.0447325456077546
-0.410309145041777 -0.545611001427437 -0.0820226431730019 0.115497590370179
-0.554452384073483 -0.204288606925716 0.0794154577459027 0.148085407452419
-0.524979497884334 0.016294374886804 0.130106955034583 0.0976161476993734
-0.496531294334354 0.207980868084826 0.144437872144676 0.0361948506201607
-0.390050071160361 0.30558804796818 0.098866899380489 -0.00964265782549169
-0.410183119390273 0.333909356718767 0.089981470926887 -0.0273876324777408
-0.465795882877462 0.183670346652655 0.071211949534241 0.0296348452728229
-0.520428713275979 0.0756826097491568 0.0281986491549687 0.0755797257457157
-0.588919391372053 -0.216465144744623 -0.101884076805358 0.0286037660758697
-0.460265971104877 -0.496723234738178 -0.123544747962533 -0.131044151710023
-0.0991717432215904 -0.641179449929246 -0.0472861910401355 -0.254803747546252
0.15754260387248 -0.701177254382914 0.0671193119763983 -0.303940042209258
0.233448329573243 -0.751570735104424 -0.299191304332085 0.120023816912175
0.112467082612551 -0.727413595691592 -0.188923080578654 0.0888956160777824
-0.173336848738178 -0.74216235910182 -0.108978677577266 0.098457835019221
-0.420513992425468 -0.555257444600096 -0.122372657401029 0.106050953723834
-0.563354028331084 -0.223607489196952 -0.0427923776433547 0.111989611818477
-0.542304731443846 -0.000995776470537304 -0.0507704425408176 0.114543851740039
-0.518079923921034 0.186277182085827 -0.0299063661024508 0.114574338942653
-0.406955666339007 0.286537764851456 -0.0470396508184153 0.09707668220853
-0.4191551442049 0.310465542290607 -0.0484705423763611 0.0819900468337027
-0.471066956600986 0.161096278801396 -0.0593215253229241 0.114163501936207
-0.507845455511593 0.0536676255423949 -0.0718488248918366 0.114792195520797
-0.557632669927146 -0.219940031824772 -0.137396490486965 0.0644038878206231
-0.445211923878964 -0.479908215307311 -0.122777586911665 -0.0652007958684017
-0.113025670795171 -0.623519019658416 -0.027674114172863 -0.107295259761969
0.130406302139092 -0.712763581591463 0.0191145844847654 -0.0736696217933361
0.138141383774885 -0.666105135959195 -0.359680497933146 0.349054512437487
0.0308212098981015 -0.619408149121827 -0.205362629927326 0.264183830830621
-0.176786176354367 -0.603444581725827 -0.110411072274389 0.146441413817888
-0.351963228012925 -0.445906082135616 -0.146171335515685 0.0899306283848772
-0.460924959128624 -0.188678888822497 -0.160704029455929 0.0682654046726674
-0.4595817912026 -0.012096204035937 -0.223631664703366 0.123116563966091
-0.451091909226744 0.14100769042686 -0.198875980848903 0.179188510732711
-0.361153306871907 0.220657807492574 -0.186072940243356 0.187828203637393
-0.375489821527295 0.23117678590779 -0.177860696335632 0.17133281757083
-0.412320311167686 0.0949305193504341 -0.180367087834125 0.169006700749055
-0.417674669292663 -0.00664360481416304 -0.163664546810203 0.123499599531865
-0.421403827805419 -0.223521614735265 -0.156628051329165 0.0717526656921017
-0.32746015343248 -0.404077166384764 -0.103287468053497 -0.015369780477087
-0.081063606212626 -0.510863205176322 0.00577728229810722 0.0347306200904364
0.0966790574107793 -0.609894593580424 -0.0135033346126373 0.151539433283896
0.0269687454331742 -0.473377346637005 -0.372596310416709 0.529531205906513
-0.0514023122890377 -0.398551032805008 -0.187505756117163 0.404796379140143
-0.139280649334755 -0.35502086997096 -0.0933658690775777 0.181894842486178
-0.211491072950126 -0.258875537205851 -0.143035052076969 0.0729862271213341
-0.278008145241709 -0.124160845820066 -0.243693267308735 0.0308895443956871
-0.2987204710058 -0.0215024884598544 -0.350080897716959 0.126046514929328
-0.311823312281534 0.0708770522179932 -0.329786147896726 0.224423573468889
-0.261753372332529 0.121897869687374 -0.295995820581031 0.248624285634738
-0.278799411723848 0.117957631960585 -0.285385797919534 0.222150426955496
-0.296962167680897 0.0128556403596598 -0.279772431052121 0.176577270914365
-0.26867693854244 -0.0681226698945785 -0.231867795887051 0.0876998484420984
-0.223145745420868 -0.194688283859278 -0.155459319470834 0.0430972884414588
-0.162280000871223 -0.269836644606915 -0.075196744239646 0.013410948508635
-0.0357617176497498 -0.322467295885333 0.0317818481202537 0.148795213317708
0.0508708025871856 -0.419039207627879 -0.0386367654340912 0.337415109263947
-0.0768242066769766 -0.201917889401211 -0.332213417006555 0.632041713083185
-0.101297876338744 -0.118629049742013 -0.135014085910092 0.491805556921672
-0.0604989796267818 -0.0735429670820833 -0.0543684927994597 0.199927333717279
-0.0363159863831024 -0.0607047993581138 -0.110469497299056 0.057521170642652
-0.0594977487826802 -0.0603003492494824 -0.279150882180403 0.0033119746725871
-0.0997431291720067 -0.0416917962446901 -0.411586457249579 0.125087056146258
-0.128144576749857 -0.0168820101115765 -0.402454976343042 0.245753568245704
-0.122671313419151 0.00470558082875746 -0.360186875242729 0.272371324831353
-0.137195974812404 -0.00168157872855582 -0.358473443040482 0.228647217445636
-0.136715928429348 -0.0501423632798958 -0.341367820107021 0.138820979197437
-0.090617027383028 -0.090292275874442 -0.266167323644957 0.0189980418301212
-0.0282929740413267 -0.108959242994931 -0.13090029624766 -0.0030469164382999
-0.0144780768677537 -0.0851458774656026 -0.0437360965954495 0.0296453811065471
-0.0200767112776741 -0.0986550676663988 0.0410908647762808 0.228586079571023
-0.0166371956881666 -0.176380243244241 -0.056834112847614 0.460785979945507
0.152482499007261 -0.124424259653184 -0.0138165947705724 -0.551008563546814
0.0784367672686057 -0.162690310628884 -0.100817452618024 -0.347264910248924
-0.0623560095946214 -0.154646503230124 -0.024467048810189 -0.0379184173489804
-0.136225675270258 -0.0553617394641143 0.0759754479150906 0.0622830758133631
-0.107762503694061 0.0455980301703198 0.280303929568658 0.0734743679994624
-0.0627750549586634 0.0697390261485045 0.410803614150941 -0.0714811043600701
-0.0482995027650958 0.108165836393086 0.407358540274673 -0.214492495586978
-0.035425529600331 0.11398804306456 0.361206111882801 -0.278736576488849
-0.0518049353441023 0.116568272211062 0.374561737762465 -0.271679695763578
-0.0830275139518463 0.0808557112335787 0.362033058668778 -0.169731546716282
-0.128834910518619 0.0497446451723336 0.267769392144348 -0.039212530327896
-0.168050351386067 -0.0512872868977277 0.0742574980675817 -0.0674340817865633
-0.088915566714412 -0.15059523155127 0.00957328330277948 -0.21125357665577
0.0364661628321128 -0.133987890673729 0.0601718901206649 -0.443073869626391
0.0922367196176188 -0.0837348251928341 0.257027221574129 -0.65592970714683
0.205582495762613 -0.387397859942635 -0.056373233937636 -0.468821861468949
0.10965819488067 -0.389712474535198 -0.106456844639745 -0.313868785548444
-0.114576725340567 -0.383514368771152 -0.0534901113232996 -0.0229417394703011
-0.263693992642747 -0.234641458321382 0.0212419490365626 0.0982490328326316
-0.293945833024592 -0.0257196733599654 0.250530054551291 0.126876867615204
-0.251958499620165 0.0778506848231307 0.378546129374702 -0.00620114867948951
-0.230000062539387 0.183548292861588 0.378728860197209 -0.148816412570587
-0.179415016716146 0.222541090025051 0.315571776220284 -0.219205109517986
-0.205074227463927 0.230996448087889 0.312821268475593 -0.226233159380024
-0.2566502901673 0.133476431474372 0.293139377067242 -0.132718183500243
-0.306940714402684 0.0583577834278947 0.207652461638207 -0.0154490315974878
-0.360071493186361 -0.13674351424331 0.00892991214819195 -0.050133778890458
-0.24912019090395 -0.320681191558355 -0.0566684765304398 -0.217548214232031
-0.00631718853014287 -0.372875001730905 -0.0047123084623248 -0.440706980050581
0.131602833971024 -0.361647498183208 0.18089308905124 -0.627613974388619
0.237609306061553 -0.601846788761217 -0.127318457489035 -0.314398626399021
0.13632402129982 -0.58461877198897 -0.125484789066032 -0.225250931056261
-0.149866308409358 -0.587681352664123 -0.0776737270468259 0.0024480457265404
-0.366618015512257 -0.409975362139895 -0.032549414749535 0.116241515713968
-0.456501449390792 -0.110158835687147 0.185779012956729 0.148225493381655
-0.417972583997758 0.0668394438627373 0.285694126039827 0.0486703648897395
-0.385838347288741 0.228152499775133 0.286642439582198 -0.0649356931162588
-0.297197388818536 0.297903424101956 0.222648205251817 -0.126422141858934
-0.319578679606455 0.319292925019405 0.210808782044559 -0.142606081987168
-0.385734732925671 0.187466462315424 0.191141721457185 -0.0653407090921088
-0.443885882570589 0.0876834855175767 0.125834789175805 0.0222573239020748
-0.519982342041395 -0.173161374564108 -0.052263533919813 -0.0126141581798667
-0.401069882171274 -0.427171526236849 -0.109398960229405 -0.183885378063104
-0.0790453737864988 -0.551852025373423 -0.053550499097211 -0.37123355424263
0.131815836464434 -0.584119843699263 0.104871435724884 -0.502548327821027
0.232319445665151 -0.738460187874747 -0.211687848639832 -0.102576013426385
0.124699766146221 -0.715049129593576 -0.155110830368376 -0.0806500089980548
-0.188950342722785 -0.720020949602562 -0.0936888470227806 0.0471665154645048
-0.444461773011683 -0.525485736918901 -0.0790966232991505 0.121457413737218
-0.564138859348711 -0.172667935756669 0.0864279166901827 0.140089138606376
-0.527444161293525 0.0501757022529597 0.137014637784466 0.0898102305300459
-0.483846064978529 0.243406929835064 0.145310767359264 0.0254114938337363
-0.368953433155543 0.330937097803913 0.0971928354254066 -0.0142799958394928
-0.386396213755147 0.360084986809844 0.0860013443875514 -0.0314443251523394
-0.458868675824039 0.214057326172187 0.071350185676456 0.0255357434283514
-0.515701456010917 0.105513785346771 0.0320098395530538 0.0728853802409573
-0.605607299567425 -0.179619469056351 -0.100124313582509 0.0351094353149603
-0.49288620260468 -0.469339309765142 -0.134537134526424 -0.123032515069252
-0.138600634251441 -0.638027299029557 -0.0624091787236165 -0.249548783732143
0.110273588862139 -0.714046895444317 0.0481638182439806 -0.307122779574644
0.183272389580027 -0.767263759035985 -0.289599368634722 0.138842019817003
0.0709344471258087 -0.73492747758758 -0.181726873557301 0.0982872902321048
-0.217850213550495 -0.72982446152399 -0.103114055875349 0.101986239922252
-0.455950448136482 -0.537846807599888 -0.119125646797834 0.114557740298049
-0.576433579290936 -0.191426729856 -0.0378279737250691 0.11238089293139
-0.545679022226254 0.034741717894236 -0.0424440599409957 0.119379931405908
-0.506120974424068 0.223130019838483 -0.0245629074245657 0.113813209356329
-0.386235893374117 0.312070945807474 -0.0431105016936005 0.100270539081073
-0.398205618629214 0.337486059629961 -0.0439622240825697 0.0853722915538228
-0.465010480329199 0.19226447250575 -0.0525849169327566 0.118119744808021
-0.504106355499684 0.0829067035770086 -0.065557003022819 0.118508142299242
-0.573662053758427 -0.188074284542238 -0.133779135691442 0.0720807463136107
-0.478409246950557 -0.450913792993666 -0.130249188806335 -0.0576977182089662
-0.153141205076381 -0.621908377660674 -0.0348547837886988 -0.102468844263943
0.0823958870897522 -0.723243717336675 0.0148088768507558 -0.0729399671880165
0.0947069509995725 -0.676536342180927 -0.337139479994051 0.369471274173977
-0.00494239866568603 -0.623241614928007 -0.187690618663785 0.274792483137791
-0.214481277431732 -0.59242906908915 -0.101073795165968 0.151714229666769
-0.380825644997919 -0.431525797752014 -0.142140013207907 0.099738863613425
-0.474218144683015 -0.16285615041635 -0.15793914773318 0.0774170923104679
-0.46345960485576 0.0193821442289596 -0.214599035460493 0.138942900535769
-0.443575169406171 0.173260191517417 -0.189012940127864 0.189324339927388
-0.345965226597348 0.245485404070533 -0.175866311559049 0.198109515063106
-0.358472440330664 0.256987882081259 -0.167020586428766 0.182266302867645
-0.409927797070518 0.122835079845098 -0.169085767986793 0.181144897826228
-0.418657728640887 0.0174794439554325 -0.155822001225459 0.132587246878759
-0.437823086803977 -0.197214901053819 -0.151890973996646 0.0796513644834765
-0.355152118675391 -0.382486995983923 -0.1072013411989 -0.00884006326268278
-0.113238778747711 -0.507882940878559 0.00672420842122894 0.0357496414511204
0.0537588001501593 -0.620451348628685 -0.00386288099580591 0.155058946684281
-0.00418039921155814 -0.476043150049631 -0.339589022169269 0.549493944946883
-0.0737973755824551 -0.396957142028083 -0.161830498448083 0.413947625999231
-0.160746275262559 -0.347412944781116 -0.0819739589355611 0.186270031721017
-0.229486957581019 -0.250737905205324 -0.137832168710016 0.0821178195693588
-0.285403993150055 -0.10862351335281 -0.243089457206073 0.0457284064290086
-0.301531541017537 -0.000797653238854952 -0.341579449084766 0.15042801866071
-0.307734633009009 0.0937581986288159 -0.317386422002282 0.24383492634701
-0.253127244096702 0.139555340588898 -0.282638828355807 0.264970426009126
-0.269680036669708 0.137868631464519 -0.271171742164589 0.238621487956702
-0.298807462591379 0.0336664483341055 -0.266683897332842 0.195213146030964
-0.273879473383775 -0.0527579015708097 -0.226687031727498 0.101924508212988
-0.238582749607624 -0.181047502199428 -0.152042846137023 0.0510645687520333
-0.181051064627543 -0.258741477280332 -0.0767044577245752 0.0184301635866611
-0.0564985734932478 -0.324203189144135 0.0394421277708527 0.147663860000974
0.0219242781553727 -0.425415408106528 -0.0171188241451158 0.342795671537056
-0.0893680442192663 -0.19908902820374 -0.295146234243144 0.649801597458406
-0.107091903552353 -0.113605941931143 -0.104636856567328 0.498107980191235
-0.0653868309985014 -0.0712351493208778 -0.0411831257355402 0.20320653302802
-0.0411323142433747 -0.0610108741049493 -0.105252749052525 0.0640143213217323
-0.062753348256999 -0.0575428258136903 -0.279252730722924 0.0218180226770251
-0.101897620882774 -0.0338571579950648 -0.4035961028673 0.153215243182199
-0.129812146118304 -0.00687359675693159 -0.388024704675025 0.269326463798618
-0.122229329980753 0.0137009858069535 -0.344845872284492 0.291677710089816
-0.137231709358566 0.00959897541094949 -0.34248843374704 0.249612348211987
-0.141777686471289 -0.0390376580973462 -0.331009844694456 0.160816480113968
-0.0980500865171149 -0.0843090039689967 -0.263834146766309 0.0354101698791085
-0.0373288874773439 -0.107269232446596 -0.130055539740861 0.00372270751057444
-0.0215758059130619 -0.0851582238804535 -0.0441545416074877 0.0328429881857986
-0.0265530008400478 -0.099962125272018 0.054052322370869 0.226017102051487
-0.0287284127141679 -0.178955568555846 -0.0270148733867625 0.466317452222667
0.115758321501787 -0.155391988527165 -0.101067261943987 -0.518485305070398
0.0382070977373199 -0.174722591872079 -0.149335806998025 -0.310191659168091
-0.087884863950464 -0.138129391616859 -0.0224282377088088 -0.0328916701782668
-0.137608133050024 -0.0274426409421748 0.0869440542694455 0.0427345071196621
-0.0888800375809553 0.0602231647819487 0.28151994332605 0.0175721423007791
-0.0423448219640802 0.0689816764882283 0.378699695459673 -0.141085826362187
-0.0236124460990834 0.107619029438751 0.357145299645112 -0.277889446779869
-0.0149109127656042 0.107252453044256 0.30244154562572 -0.322159663608443
-0.0303898270147973 0.114739556088914 0.322124368889797 -0.317297099317805
-0.0692757031680313 0.0873860304435439 0.328779995140051 -0.219120103057475
-0.114962870367435 0.0660818441139796 0.256163261607797 -0.078309433932433
-0.173224391689789 -0.0217907160628188 0.0680642283679168 -0.0726017413299818
-0.113555337422322 -0.129308710721868 -0.016701199706864 -0.201566667416351
0.00966342999779187 -0.130988008696095 -0.00420402947855637 -0.438411988050394
0.0695605569607019 -0.0946256197440396 0.159650073692959 -0.665943734879588
0.115381549047801 -0.416345544694894 -0.118873019115854 -0.423628523466916
0.0270931212572117 -0.397481329893539 -0.138846981970306 -0.273103366431357
-0.17953544667763 -0.347333287450488 -0.0347589710575266 -0.0126592412290969
-0.296216486067881 -0.176492041512321 0.051729649273624 0.0858526344341563
-0.280387112096022 0.0242091933267149 0.265566041525142 0.0667930257169385
-0.222927695599195 0.110647787583798 0.361368276603373 -0.0790316089911028
-0.187363250335434 0.217697040015958 0.345492647744675 -0.216012189443977
-0.135854770925577 0.234551803383735 0.267045239256732 -0.25948954249933
-0.159459205285151 0.253590239323991 0.268242183042987 -0.26521008966989
-0.230504489118719 0.170762348933629 0.269094476469891 -0.174160609700213
-0.286498027745047 0.103853918824256 0.202911896735139 -0.0488287304595663
-0.375382112892896 -0.071341677976268 0.0116269340073883 -0.0460299488699054
-0.295521819396251 -0.267525495746994 -0.0810437502053657 -0.192680203625688
-0.0687786795971796 -0.35720820326145 -0.073502279693443 -0.424803976047657
0.0649834556074645 -0.371542220585301 0.0824553122401717 -0.62680863456133
0.108111501329423 -0.626358426116803 -0.153053786589302 -0.257852763532466
0.0171415959839519 -0.587808282492188 -0.133785152565461 -0.180638359176709
-0.251485345824448 -0.537380675454525 -0.0414987706287208 0.0184927003472945
-0.429675738256526 -0.326184843174434 0.0143884324491369 0.112660239473746
-0.452175494280985 -0.0288388619848456 0.21184257887423 0.0924595337035043
-0.386063854074254 0.130977646384859 0.283771896789926 -0.0160866939460187
-0.332650050903286 0.292506818134245 0.275722560096069 -0.123962315309164
-0.236694912534874 0.327435609165271 0.190840656495735 -0.158485064482066
-0.254781281556995 0.361262724340788 0.18078620728931 -0.169127791781434
-0.347385210296516 0.245786019306412 0.180965484741744 -0.0960743411920704
-0.413351144188015 0.15552927030758 0.130074713825031 -0.00179440129446818
-0.538492723897444 -0.0780376675392173 -0.03804320911107 -0.00187516807182707
-0.459730470691856 -0.345852207875173 -0.126497598252844 -0.148713659613581
-0.167104056480659 -0.520697256807579 -0.115722896949164 -0.346048782403888
0.0330106942811156 -0.590266236229055 0.0205172764814794 -0.492966568896827
0.0769535199614696 -0.752933538650778 -0.193882432640118 -0.0378482705268006
-0.0159316222304123 -0.707866709603631 -0.132146616256116 -0.0357533724027798
-0.314601142986468 -0.658981257077773 -0.0419691009283159 0.0655497226877692
-0.528531046804419 -0.42258802091044 -0.0208666543057668 0.125205533950378
-0.569445543561104 -0.0682950917922529 0.118399364180251 0.0968050968180235
-0.494371103574123 0.136223606477223 0.150549362445753 0.0456980755848453
-0.428558025692797 0.328351416281176 0.157516320289517 -0.0151911262106938
-0.300393840838669 0.373442788693277 0.0866199882136393 -0.033690955812768
-0.31114499364142 0.414963327488738 0.0763181214311688 -0.0448436309551108
-0.411584241377093 0.287745975059792 0.0788557874541526 0.00877336067915828
-0.478683475943652 0.185771819531676 0.0467859380392621 0.0597977784793342
-0.622746608739942 -0.0730377640468009 -0.0769629137206759 0.0509822217552101
-0.554514878512517 -0.37003140858039 -0.140966182369503 -0.0844009640932136
-0.237505851977133 -0.596763021292917 -0.109337183625542 -0.223984578846522
-0.00778119725223588 -0.715370096362589 -0.012646618554188 -0.293373858517304
0.0251023363713992 -0.766963621671326 -0.227617802625836 0.203680080542722
-0.0697068405915147 -0.714875051267008 -0.126637053551314 0.138930789840017
-0.343489174858963 -0.661723236835067 -0.0399415118725223 0.118350324685755
-0.54386077435959 -0.431658575672419 -0.058497101463202 0.124583275905094
-0.586125936959495 -0.0849820095106386 -0.00523015805088938 0.0912454380070952
-0.519328195673025 0.128544285319313 -0.0148935146883989 0.103617750879412
-0.454391982426406 0.31584951425943 0.00902321580607029 0.098395486007781
-0.320222949643403 0.360999427854883 -0.0295938617664584 0.0973310121983046
-0.324861358569871 0.397659243816821 -0.0326679391040785 0.0868434944863209
-0.42058688916285 0.268673428457628 -0.0284639692815845 0.116947222883914
-0.472461032463637 0.16162013184509 -0.0412927435226569 0.118415478103882
-0.593016462594005 -0.0840084030357551 -0.10477178316527 0.0913422849283025
-0.535400904100913 -0.356990983234855 -0.128957317860323 -0.0214491590772748
-0.246520630486311 -0.582035812620787 -0.0627275618647417 -0.0845708864923181
-0.0340632050389454 -0.72100633075061 -0.0137632241878338 -0.0625012095665172
-0.0385893693262742 -0.660366373340589 -0.237753255077765 0.42710079046886
-0.118897170633062 -0.591237468938289 -0.107116357343188 0.304786341798741
-0.314195419893827 -0.531489167584054 -0.0373325028012653 0.163594225608386
-0.454649515657211 -0.344536196361038 -0.0893578316578055 0.114320575003132
-0.486210900628678 -0.0744556676496929 -0.12921374440969 0.0822402484845616
-0.444173656839011 0.101878198623475 -0.177454387339649 0.154821843695275
-0.402541866428829 0.259085341592492 -0.138182541567928 0.200420538676106
-0.292217997729041 0.293024030103358 -0.141907237662035 0.211639145476961
-0.301249600694357 0.314718800402318 -0.137067943052393 0.197888139034774
-0.379117933489034 0.193847855926988 -0.1330325633169 0.195924802048058
-0.400557023892602 0.0860698082042039 -0.12645768804428 0.146326612529556
-0.462272614125296 -0.116204318356421 -0.125105748268605 0.101141332260328
-0.405320310286493 -0.310227820478766 -0.102634389860184 0.0198787081002242
-0.190060560182094 -0.478598692089661 -0.000472832044692212 0.0428705984378646
-0.0416614302049694 -0.61644450854923 0.00143532797176787 0.159315772388745
-0.0936429757532773 -0.447046240824269 -0.21714145582485 0.591421147717426
-0.14012035943772 -0.35994895932957 -0.0686865479979578 0.427743168440507
-0.217979196190323 -0.305009609384743 -0.0267843903993988 0.191159405104402
-0.2737408065347 -0.199073733970953 -0.100454467469109 0.0979220115586589
-0.297555535048208 -0.0544106365334755 -0.221139673618004 0.0736267198363711
-0.294642149591684 0.0574046223782933 -0.298071690549996 0.192408120608956
-0.28667284384379 0.157856190353658 -0.256467265431655 0.278955011309613
-0.220228734804076 0.17997154765997 -0.232545120282799 0.293377117166781
-0.236706248431173 0.187002775530917 -0.228854184480187 0.26808327183542
-0.284379034532077 0.0896177493324531 -0.227601906570223 0.224855344747873
-0.273117161664109 -0.00330261412569356 -0.200266891644044 0.128658381357718
-0.265581469890785 -0.133471422237836 -0.133898920755047 0.0727791486994205
-0.217130458797197 -0.219452400964014 -0.0723006201837769 0.03792211938469
-0.106328669811019 -0.309061212460804 0.0509859976094799 0.14429055120505
-0.042204705419843 -0.421657988000896 0.0183038933969327 0.340455282168195
-0.120448220797795 -0.162370838418489 -0.167468121721809 0.668704186684267
-0.117354660541209 -0.0802768549071713 -0.0121606311208891 0.493247644884799
-0.074664284404889 -0.0547649235310973 0.000328431710885105 0.200033812307719
-0.053920651229053 -0.051486898482472 -0.0853034388643649 0.0775495055235716
-0.0762360870879464 -0.0428505402032475 -0.263961704533977 0.0664751486898063
-0.109194764089817 -0.00681717486393167 -0.358701619331315 0.212028245807834
-0.131303248436543 0.0257328392946079 -0.325960020027149 0.32157741555808
-0.115155104934067 0.040196157551996 -0.287535853216779 0.330015996237309
-0.13086253277078 0.0400636066015283 -0.296237858717426 0.28919375678918
-0.143982975953016 -0.00739712467382752 -0.295920530626997 0.202406809413578
-0.109873651559348 -0.0616465314448894 -0.248258839363611 0.0716316664995304
-0.0568673781740603 -0.0956681527229309 -0.124553781453132 0.0222499665653769
-0.0352769542480181 -0.0782329535928133 -0.0404703038241631 0.0417490547611912
-0.0412677533637401 -0.0976627699311556 0.0807689176623306 0.215362467970014
-0.0519045057611791 -0.173986178077052 0.031420997414186 0.459759934925857
0.103121722608593 -0.152487836005646 -0.119907773369169 -0.495686239990009
0.0297424748016638 -0.168105455573146 -0.156088207756246 -0.291713147734993
-0.0895059900161969 -0.128840548210844 -0.0243722035795076 -0.0314037470913881
-0.132454993469043 -0.0217750548597662 0.0821683566443264 0.0383701219382797
-0.0830662644234109 0.0608496059635649 0.270222950324857 0.00372356687129857
-0.0403682195606195 0.0676436629586052 0.357976007492653 -0.154950590026946
-0.0164105208458087 0.1040806171756 0.331865643195926 -0.283957577995996
-0.00926729949432177 0.102975476686983 0.280593096787485 -0.320272376525977
-0.0242435559208175 0.110518859902321 0.294658859936061 -0.317456763391787
-0.0624092763962449 0.0869780142136493 0.305304925373077 -0.225597539150087
-0.107606970997269 0.068613873482658 0.243647629547261 -0.0876059896697829
-0.166981765093635 -0.0135722790116769 0.0623783222870931 -0.0710041131635233
-0.115665564539605 -0.118641905754587 -0.0219675405784763 -0.193057209050966
0.00423332700474369 -0.125355229916398 -0.0198137311058571 -0.422684968650123
0.0622723732386465 -0.0923699448663553 0.125956009179446 -0.645652632517514
0.0906834330131986 -0.402258898669317 -0.130459787006937 -0.403379465191464
0.00848130728944978 -0.382128185904639 -0.143456992257344 -0.256953207927066
-0.185951916100443 -0.326411609231244 -0.0353353851270609 -0.0120361713314598
-0.29181473450214 -0.159598523407087 0.0499190942519909 0.0823936926783492
-0.268770398270089 0.032880210916322 0.256637940880403 0.0514161849262016
-0.213561570384175 0.116938456679024 0.344632674739706 -0.0937748988800859
-0.169066999959864 0.217916649425281 0.320960700434266 -0.223750898332176
-0.119807274364478 0.23131126320842 0.248490668055089 -0.258739179886754
-0.141749370754366 0.25032576456876 0.245923317758062 -0.26418943384427
-0.215558527315149 0.174981353582151 0.250184724902077 -0.178950863145848
-0.271867687734448 0.111570155695241 0.193596960075595 -0.0561632564935645
-0.365282394768498 -0.0527789676519321 0.00903745545970016 -0.0434182401030198
-0.297203312768504 -0.244438786086985 -0.0855730489348499 -0.181539977381041
-0.0826270619554314 -0.341957866986713 -0.0861437212813482 -0.404589468526851
0.0444179344275027 -0.359387526534 0.052325357174538 -0.605161811052224
0.0719425845364469 -0.603820971582343 -0.15548539691129 -0.242197030693779
-0.00950284657994571 -0.565782145267502 -0.133482365470327 -0.168877858141897
-0.261681900371176 -0.50618257149954 -0.0412008408100101 0.0169594532016434
-0.429764014018592 -0.299336805007059 0.016405153015653 0.110345224326929
-0.437128255013143 -0.0110112497612067 0.205318182489869 0.0790658424220908
-0.369823796518842 0.143378784774101 0.272935121936994 -0.0285352798588541
-0.305396937276013 0.299249815330936 0.258168870454957 -0.132608396998413
-0.212913296712126 0.325742788630026 0.178691247174895 -0.157461895959129
-0.227315120224674 0.357620692220974 0.166043517550049 -0.168892236983004
-0.325224588711615 0.25488138755523 0.169393894331789 -0.099500918388412
-0.393020828197574 0.165731241120174 0.124793630931619 -0.00779105872463217
-0.525112441969358 -0.0518518715363862 -0.0375980323855824 0.000704219604796216
-0.459711440222006 -0.313201190445858 -0.128553671889654 -0.137193653150799
-0.184844202507614 -0.497468164389944 -0.12379102061709 -0.327358759838826
0.00230765545084996 -0.569604893343988 -0.00236046567159379 -0.473032099348727
0.0377783471130193 -0.723849592069559 -0.184944539907942 -0.0284265468864041
-0.04648031417438 -0.683598137535186 -0.126661913997 -0.0293629980910157
-0.3269274911365 -0.620145699361121 -0.0395183562524614 0.0620905376595849
-0.531292655331446 -0.389609586114717 -0.0167001690547453 0.124469510598242
-0.553163777539637 -0.0451695074632517 0.115858977167067 0.0881472791016014
-0.474925220208307 0.154465973832886 0.148568076971559 0.0373411746129567
-0.394920174437815 0.338381267775408 0.147770482391491 -0.0230784873634707
-0.271633521552773 0.371317060393075 0.0827508182528462 -0.0330092271350636
-0.278160393891889 0.411396196364107 0.0701906452470103 -0.0446890630608186
-0.385912254252918 0.29853915292458 0.0756966787865008 0.00595975907587859
-0.45507226372242 0.197242011260502 0.0466434009892476 0.0557407322487523
-0.605753096719549 -0.0414122190764303 -0.0726755418800646 0.0521863040937199
-0.551229031124763 -0.333164170230667 -0.141926089442767 -0.073712102147762
-0.257244302032363 -0.567993979897001 -0.112699063003105 -0.209291174387537
-0.0437268842922479 -0.687031583685168 -0.0244929233985325 -0.280166895603473
-0.0123032990657679 -0.737768342736734 -0.207347116061168 0.205259012847747
-0.0960057357156406 -0.689587099678149 -0.114284601215794 0.138659221631019
-0.356926888380033 -0.624236063461814 -0.0352241565473408 0.114424467371954
-0.548208582817594 -0.398740940388279 -0.052134469104876 0.124873395436257
-0.57145017613393 -0.0600986104174573 -0.00348059418183596 0.0884334119054773
-0.497006255901766 0.147134288843314 -0.00847046058738645 0.101791835150138
-0.420596562394026 0.329784399070251 0.00995393701008858 0.092588999865943
-0.291571859532991 0.362367937882582 -0.0249782965106147 0.0967710327802479
-0.293554888602997 0.395437603146268 -0.0285142616440581 0.0863052922559393
-0.396122149228342 0.280899649851544 -0.022049429700869 0.114891930216498
-0.450955550272357 0.173609632690634 -0.0360258051318855 0.115702341633376
-0.578231977255624 -0.0534950001768193 -0.0985131235652497 0.0918468806011917
-0.532794302804577 -0.319463251564499 -0.127492356741811 -0.0132436539644683
-0.265317851050096 -0.550305728939962 -0.0620059563532283 -0.0772099854954833
-0.0683003581715934 -0.693656004946904 -0.0155331133673201 -0.0578661996168704
-0.0673656858959309 -0.633066474083434 -0.209128759763178 0.419609233605883
-0.138813527724418 -0.568945242917376 -0.089731106200602 0.297434430249664
-0.32338734989112 -0.501444572683584 -0.0300514636020819 0.158074926002157
-0.457584882519174 -0.316660930811068 -0.0813967981964532 0.114781931813201
-0.473491304659289 -0.0527583506014902 -0.122954232016339 0.084730321422803
-0.425630044776569 0.118725073807065 -0.162403366182665 0.1589349420856
-0.374298374681516 0.271353887440125 -0.126986374899241 0.197768352822701
-0.267668015171375 0.29625639838029 -0.128861079980206 0.211019681355632
-0.274281203589274 0.316277180481329 -0.124460141565582 0.196569053407751
-0.357659528706524 0.206914663435071 -0.118834493701711 0.195023912602384
-0.3837679944411 0.0982191427048349 -0.117006130458562 0.146416905892644
-0.453058944464229 -0.0910235725957589 -0.117349555350194 0.101542810225639
-0.404690974652185 -0.280430041308083 -0.100446551418833 0.0258838628178208
-0.205969639758112 -0.456686144539287 0.00174776934872725 0.0430252019399561
-0.0715545891411804 -0.592110723435448 0.00825622335385825 0.155625369790418
-0.111408895219235 -0.427092079702447 -0.184484741622599 0.577062889727596
-0.148999481330398 -0.344831164186081 -0.0479091137683415 0.414131324342197
-0.223393852261348 -0.286771746162671 -0.0174309842290964 0.185033319636893
-0.276633431596388 -0.182478615514731 -0.0917370908562341 0.0981977709888881
-0.291189164113731 -0.041491067392944 -0.211235759645673 0.0815748698845846
-0.282438803309219 0.0689488049699603 -0.277462198039091 0.200454940320219
-0.26741192743936 0.167569801368125 -0.237807200673365 0.278506506750627
-0.203611040475873 0.18416516575188 -0.214156318015755 0.292475939405432
-0.218003234813558 0.191165523844925 -0.208936622190469 0.26698614147054
-0.271123473508266 0.102381314282365 -0.207070800682694 0.226617569524235
-0.264766606408387 0.00753441594935205 -0.187777801377961 0.132101545453211
-0.263733127721327 -0.115618994438981 -0.126476965392128 0.0743637177595262
-0.218810091265837 -0.201605607580246 -0.0707649844894888 0.0418439724872253
-0.117555497162905 -0.295823881083855 0.0546789089794595 0.138003540122445
-0.0623136359816612 -0.406258423742832 0.0320661666227595 0.329988579084734
-0.123119765966823 -0.153179791146617 -0.134654718387988 0.648665660509075
-0.115656566082775 -0.0750458995604932 0.00736127080949619 0.474677880858726
-0.0748167779039715 -0.0516842523916111 0.00867267504460389 0.192847757025438
-0.0568663038989034 -0.0483538235820009 -0.0777167632034839 0.0770020575804522
-0.0762475188476753 -0.0392999952344276 -0.251827938083248 0.0766165766330323
-0.105068592817485 -0.00155357576229945 -0.33437978896648 0.222237515443747
-0.12551101376476 0.0332805934027433 -0.300316790592309 0.323557496241677
-0.109216857492704 0.0452562455320605 -0.265411087749105 0.329629961191493
-0.123116424950151 0.0463310473520249 -0.273334268650088 0.289968437669516
-0.139719500885775 0.00186083955028429 -0.274098461675497 0.20760346995504
-0.110567686585459 -0.0538238513929943 -0.235277148032038 0.0789523019308037
-0.0612469505827191 -0.0882334213166902 -0.118610398934727 0.0252222087198294
-0.0383663256458352 -0.0739532291118943 -0.0389831745782514 0.0442987564305372
-0.0459013106078695 -0.0948625586056131 0.0856844329925244 0.205001574509815
-0.0594930864224824 -0.167733271918453 0.0502972163658955 0.443539756481651
0.0969153435982902 -0.147203627546168 -0.125179320098058 -0.481390201229759
0.0260983043341755 -0.161478877584795 -0.155694259557173 -0.281196999157348
-0.0884642084476808 -0.122799542529746 -0.0250623094459473 -0.0306175606545508
-0.128390495581824 -0.0205449348490527 0.0787466540153696 0.0378233293567371
-0.0791908346023642 0.0594550320321244 0.260698425216941 -0.00244135086711909
-0.0395945614201853 0.0667434575385225 0.342784414325026 -0.159848534410922
-0.0124098995716769 0.0995377057745839 0.314852244975581 -0.281680456601452
-0.00633006690131021 0.0995935708132225 0.269208006713583 -0.313999459472327
-0.0213937984796742 0.106439819095782 0.279614690395818 -0.311616413429657
-0.0583617230453592 0.0848260120408191 0.290274522336783 -0.224705334885941
-0.102544092252736 0.068123203598309 0.23494428491213 -0.0898553291607773
-0.161039085483798 -0.0101975718767001 0.060135347632783 -0.0681063691425319
-0.114809304184137 -0.112007027685114 -0.0231058540145188 -0.187742121565445
0.00250781736541803 -0.120750232141302 -0.0246307895586608 -0.408809935571563
0.0584711576553289 -0.0893932364735027 0.110468723437401 -0.626298187303583
0.077609155246279 -0.388135534076722 -0.132286118888946 -0.389604294859784
0.00201352270316268 -0.369468099691114 -0.142276762245097 -0.247967449882135
-0.185096993811238 -0.312786571108503 -0.0363542611068645 -0.0122184603826506
-0.287369131322154 -0.152645559090265 0.0481706092458464 0.0814631945608655
-0.260967657421063 0.0347356161781558 0.247832972235189 0.0451061954875245
-0.207768068168561 0.118040377758316 0.332099794291863 -0.0989154476703053
-0.15734370092546 0.214668161528352 0.304796543018892 -0.223484047910685
-0.111099761430549 0.226781633723594 0.239772774652966 -0.252632992493482
-0.131347779705074 0.243609426139926 0.232831823631646 -0.258995811693965
-0.2064541073987 0.174684615840501 0.238282997476709 -0.178493108593382
-0.262153327639191 0.112079374210281 0.186477550649881 -0.0585461959925323
-0.355744397086603 -0.0443074333953695 0.00783122973959003 -0.0409047615698257
-0.293598478299164 -0.231460794988962 -0.0849452797506947 -0.175553800877502
-0.0866340058532994 -0.33139670048209 -0.0879421362383591 -0.391080750632959
0.0347866872750314 -0.348253049852796 0.0394740272849723 -0.584105970926221
0.055148119652654 -0.583864523420735 -0.151322477599149 -0.232139356666343
-0.0183880333791313 -0.547394254009681 -0.130690933601503 -0.162896786701471
-0.261881462900001 -0.486687626178342 -0.041251413378746 0.0162914717273973
-0.425210287068873 -0.287346623181325 0.0159361260114194 0.110090911593666
-0.425347563415124 -0.00549344341629668 0.198275860271893 0.0728269142882935
-0.359942084526419 0.14772755426163 0.264960578263386 -0.0332867507048018
-0.287885103848568 0.296823087254452 0.243918284288083 -0.134535965378639
-0.19997688075417 0.320600250321537 0.173341553265162 -0.153221941029465
-0.21211518308371 0.349648657647531 0.156728616703177 -0.164985680138646
-0.311883759631681 0.25527475806084 0.16165316914905 -0.0989296894834535
-0.379831483657098 0.167106026342364 0.120332741318531 -0.010051799783922
-0.511518788778708 -0.0410633620772607 -0.0371520903177922 0.00237766357760639
-0.451911537493586 -0.295013690373258 -0.127425532187625 -0.129909413117721
-0.18936781529927 -0.480753431832976 -0.122788358110423 -0.315529569265012
-0.0107640253626162 -0.551414507136644 -0.011095136260795 -0.457078305092842
0.0197403517242118 -0.699041796886494 -0.175394497231706 -0.0252495822188109
-0.0564834128598394 -0.662060413332232 -0.121033443497248 -0.0275775445880085
-0.326957853633062 -0.597145491445418 -0.0390252918261672 0.0599520748196103
-0.527137916198829 -0.373690808807527 -0.0151298543539176 0.124030813141856
-0.539574628525578 -0.0363018493332097 0.111543588700701 0.0838794095053775
-0.462506460708798 0.159453521548913 0.146352257325476 0.0342176903346202
-0.373749973740264 0.337660685808468 0.138817508233297 -0.0261872047932599
-0.256670293177653 0.367669747103796 0.0818271557637994 -0.030737335891153
-0.261223906255477 0.402214859134655 0.066698750848426 -0.0425244314861431
-0.370658629412886 0.299967179410919 0.0734892476753888 0.00536103351252055
-0.441322186140221 0.198690111100891 0.0454278710871653 0.0534113909042394
-0.591754106015838 -0.0272140011059714 -0.0707100475043916 0.0525015868853306
-0.541881959770047 -0.312905064933389 -0.139869403190292 -0.0670400197680451
-0.262455681102693 -0.550015583248178 -0.11063951752569 -0.200546152594062
-0.0575915049764107 -0.665278336082076 -0.0288819755175783 -0.268720205325797
-0.0275679828849763 -0.712111183562789 -0.193790856047042 0.201659930850695
-0.104381566265556 -0.669856909833508 -0.106965382219196 0.135721307410095
-0.356589069624453 -0.603039777351994 -0.0339759888313533 0.111173557752571
-0.545700319424075 -0.379735883898321 -0.0486413386699735 0.124219137799592
-0.55975088632786 -0.0503174478360228 -0.00334491046984211 0.0868856340686116
-0.482996389281768 0.154229550905841 -0.00406339213001637 0.100144305262595
-0.399652925574129 0.33069403564307 0.00718479032496228 0.0885751143770113
-0.276277720555444 0.358495264938364 -0.0216422108192089 0.0968415830627126
-0.274276217643571 0.388582663394649 -0.0269151403043432 0.0850277070849674
-0.38052214816326 0.283033461632542 -0.0189201759110731 0.112534649731648
-0.436656306843799 0.17509247153687 -0.0332609195484981 0.113051479464861
-0.566124813196526 -0.0405816276856904 -0.0953817828732721 0.0905687866738999
-0.521822378565165 -0.301219666722657 -0.126320041031721 -0.00832309917318617
-0.270516867729162 -0.532652033594208 -0.0601570124157848 -0.0728082444925028
-0.0833623089028311 -0.670822941866048 -0.0162388910306961 -0.053205628126269
-0.0794705269943652 -0.612758944815512 -0.192376200957118 0.409935098992288
-0.14385335193436 -0.552360946543072 -0.0798841053551136 0.289748686834291
-0.323319773325202 -0.48288980758482 -0.0272100776851173 0.153810447421688
-0.456510279646864 -0.301070778316714 -0.0766143479563087 0.11393844004427
-0.465059668457848 -0.0454133450990189 -0.118535444553622 0.0862572064507602
-0.414282559945762 0.124321131314729 -0.152094508082643 0.158960413167358
-0.356038584434795 0.274044642444189 -0.12359231246855 0.194050803011466
-0.254169812013354 0.294176791905216 -0.122153457861208 0.2089632883387
-0.258591990762349 0.311078780391905 -0.117939338960522 0.192822911852814
-0.343931071882295 0.211091971554115 -0.110045334894473 0.192001605309358
-0.374124871894723 0.101669848709806 -0.111395908966205 0.144425653180537
-0.443714299760023 -0.0783247990431964 -0.113528171084036 0.0993788057055257
-0.396500189635388 -0.265312512081954 -0.0995257684959066 0.0301215611505118
-0.211048952948656 -0.439761032461828 0.00359286613145059 0.0423376872995676
-0.0835200278872097 -0.572817245694436 0.0113052347591049 0.153378708203662
-0.11757118303386 -0.412281161830427 -0.167755079461916 0.561082502911178
-0.150780646898237 -0.335904266899787 -0.039181412515701 0.403138497018479
-0.221998012264713 -0.278014185161824 -0.0144770136149014 0.180362645351573
-0.277230699071169 -0.17497419083946 -0.0870073376719706 0.097282008689513
-0.285836993892629 -0.0366706595878591 -0.203728250523085 0.0840185234934705
-0.274435873198256 0.0727415571413337 -0.262913959288018 0.202557885212011
-0.255063254113432 0.171681086746314 -0.227222855362851 0.274633810921766
-0.194560253696073 0.184018006392894 -0.204523509178506 0.288116837949623
-0.205495419814987 0.189144182200761 -0.1991421693399 0.261553494101892
-0.262255726646756 0.108074608457967 -0.195572900720662 0.223160431349097
-0.259471020868319 0.0120919808065876 -0.17994557925813 0.131838704747726
-0.260143731556441 -0.106105763274117 -0.122710183323017 0.0729938911327418
-0.216704030045887 -0.191584195859513 -0.0692464255825215 0.0449496686962802
-0.122061024573755 -0.286614397790492 0.056188933782096 0.134282580345097
-0.0707689355823468 -0.393769014477625 0.0376532700993048 0.321331958292526
-0.122388085499041 -0.148395446830145 -0.120213405957292 0.629861245520006
-0.113404876313933 -0.073551679926631 0.01614658270224 0.460484332545193
-0.0738253005535852 -0.0513963396159258 0.0118739792284084 0.187302698243035
-0.0579148844737291 -0.0462738572986889 -0.0736642945443398 0.0747603715443496
-0.0760344692354277 -0.037703306249991 -0.243207599428725 0.0799876803520713
-0.101696398959512 -0.000177164243868263 -0.319432056548912 0.223429306967393
-0.121194592850566 0.0372364255745537 -0.28619369270315 0.319310964415384
-0.105289860487383 0.0476635578777711 -0.25520234029538 0.323795786787013
-0.117507813651727 0.0486023244973446 -0.260358550312274 0.284033651198997
-0.136072829593127 0.00761505814575058 -0.260363110315885 0.205457398965503
-0.109767908390279 -0.0495093924400249 -0.226332420667521 0.0809803577298334
-0.0627820175063602 -0.0826863682307781 -0.115564853255408 0.0254619704529972
-0.0396067825297945 -0.0713096076372011 -0.0384028761222707 0.0465311946980816
-0.0487923347259092 -0.0927976897218033 0.086946305077156 0.198249081227547
-0.0624657069024005 -0.163346266042168 0.0574165299051371 0.431360377084399
0.0948526442929948 -0.143878314589693 -0.126621732222894 -0.476613164201527
0.0262293523111543 -0.15779198196621 -0.155688098836543 -0.278995193409886
-0.0871542523847626 -0.120995438034527 -0.0262789213488365 -0.0304100021123596
-0.127529797440511 -0.0215536842161377 0.0766165807254038 0.0390256773490509
-0.0789247482284649 0.0576282491472178 0.256507066736772 -0.00416876257259779
-0.0411154851299706 0.0668460412471851 0.337257048098816 -0.162752141309579
-0.0104780784902124 0.0969199166538675 0.308705922933781 -0.28092448475988
-0.00512265661145647 0.0985900078672939 0.269188517850379 -0.311846408994422
-0.0203788037204744 0.104902059880775 0.275719571964719 -0.308810860389182
-0.0573725621095187 0.0838986048850608 0.28512564966052 -0.2249656031611
-0.100301318365419 0.0676067148170005 0.232392955693901 -0.0912670243882446
-0.159488088888378 -0.00958887195964065 0.0606684905445319 -0.0660814543278991
-0.113684597248023 -0.109284933306787 -0.0221713761367292 -0.187052627064916
0.00362746011415661 -0.118846158175935 -0.0252963644027712 -0.406352180074527
0.0572856714788318 -0.0869536152092304 0.107059204469497 -0.620921299014423
0.0737346712086727 -0.381636847950316 -0.13122779793806 -0.386441815561489
0.00058284193999367 -0.364359336188448 -0.141444575883008 -0.245870974789469
-0.183047801120031 -0.308545617212799 -0.0377530935011186 -0.0123433539461895
-0.287199836929517 -0.15222872207491 0.0472256863256523 0.0834092164218827
-0.259288949868159 0.0339874588639062 0.244417465019039 0.0435321139071217
-0.207957834616357 0.120040698620911 0.3279854783237 -0.102032932794504
-0.152768390090816 0.212906727323266 0.297893430874114 -0.222478403292213
-0.108019351615723 0.225724921329864 0.24028995394868 -0.250947131407474
-0.128675597449455 0.241119645529125 0.229636794667292 -0.256124867512025
-0.204234533055243 0.175428032773592 0.233404773365118 -0.177963052801017
-0.259979174788996 0.111952005548384 0.184236156242459 -0.0596909623997096
-0.354904900350637 -0.0412852396422798 0.0080013509706417 -0.039239982766916
-0.292552874949551 -0.22744383306168 -0.0843186760397356 -0.173380786985028
-0.0873871602077701 -0.327619067846567 -0.0869552289258166 -0.38907922782626
0.0314560943600524 -0.344586512919051 0.0372581841813081 -0.577911476612833
0.0498185511872547 -0.573032388388713 -0.146770504243807 -0.230865756660654
-0.0209338101087128 -0.541382517483381 -0.128154422238556 -0.163064298713518
-0.259972864229158 -0.481147547547236 -0.043124290657706 0.0156342952340879
-0.426888817637153 -0.283773770352261 0.0160392156373949 0.112147683554159
-0.424423872911644 -0.00487690793367728 0.195513755015584 0.0722663378821241
-0.359674456406694 0.15021524798748 0.262943259201072 -0.0358868056021217
-0.281075173384657 0.296286200520333 0.236837254873378 -0.134398753438349
-0.19596226334992 0.319793662721938 0.174824798072679 -0.151349820462089
-0.207607214990211 0.34593936138015 0.154069116773257 -0.161695229266243
-0.308868871830437 0.257141180824502 0.159018379435934 -0.0984080077097569
-0.377927075633505 0.166297188616562 0.118473885775654 -0.0104236069318018
-0.510092805322859 -0.0370138779312471 -0.0375731065377059 0.00345566988605512
-0.448822508493117 -0.291173577619322 -0.127577991137899 -0.128233880282334
-0.191811199590988 -0.476829637576406 -0.120726146844332 -0.312624659859789
-0.0150793210755402 -0.545877138171449 -0.0128010788936332 -0.451439119600212
0.0132888962082212 -0.690281490343401 -0.169456214059557 -0.0252066385673399
-0.0588349451941925 -0.655224074985911 -0.117379055206535 -0.0283459957835226
-0.325780374302725 -0.591856832972337 -0.0399317162769156 0.0597556673273488
-0.531209641871229 -0.369464684545059 -0.013661768623085 0.125902098980456
-0.539474347610454 -0.0338507359924764 0.109989987975394 0.0839716583982301
-0.46065642244686 0.164476610216781 0.147095159978441 0.032548277610802
-0.365871717579302 0.338863163929233 0.132457750388532 -0.0266889392819573
-0.251546037596745 0.367260351367363 0.0840518909114173 -0.0293485892282827
-0.254148757022857 0.397983655767901 0.0654755980181419 -0.0403437717958398
-0.367509770616316 0.303525055057703 0.0733700534559232 0.0058952902896219
-0.439387123895932 0.198460194260315 0.0445379106796594 0.0533274761894681
-0.589403730611583 -0.022131742401338 -0.0713451003688452 0.0535892983826585
-0.538425604000961 -0.307867900614199 -0.139868688162101 -0.0648654957579883
-0.263890169229029 -0.545260242825363 -0.108870103121046 -0.198701528931808
-0.0636754616376442 -0.658441067653703 -0.0301675919920685 -0.264277013836055
-0.0340972061531009 -0.701764517564325 -0.186601204013405 0.198866877244153
-0.106227067856874 -0.665241086985911 -0.102678013159234 0.133868539894007
-0.357711864970198 -0.597594116105661 -0.0340393259999847 0.111017700233882
-0.550466159798169 -0.374763820974599 -0.0463708455152485 0.125952199523701
-0.557446588856624 -0.0481730194437632 -0.00439371621339015 0.087482655189657
-0.482106653584923 0.157816234686066 -0.00094350687849744 0.100190038722147
-0.391105464954335 0.332820470480131 0.00286855777335847 0.0879257083975411
-0.271275992779009 0.359591014980152 -0.0193072625774588 0.0980853550727648
-0.26941799819876 0.38530338544409 -0.0268318592894025 0.0863380573366361
-0.37642859312746 0.286275676534928 -0.016723228525414 0.112099037663741
-0.434728975206155 0.17571950528588 -0.0339161039782615 0.11353802910768
-0.562934175412125 -0.0353287869336582 -0.0959658056408089 0.0908400860182043
-0.520768871073932 -0.295767617110358 -0.125405307016781 -0.0049138713890167
-0.27447858135984 -0.527650039893982 -0.058190515047172 -0.0717140933874238
-0.0881526867994378 -0.664237396346186 -0.0161857422613354 -0.0501911955410316
-0.0849620142648338 -0.60399067687877 -0.185347511252925 0.404820482060444
-0.144844300277698 -0.55030787649466 -0.0769148130416529 0.287541834233092
-0.324363223198688 -0.483001822586894 -0.0274658718606693 0.153997950655744
-0.461508427349757 -0.298786903646173 -0.0744968553822328 0.115125513505876
-0.465050229258584 -0.0422218133976207 -0.11752513990245 0.0875351098074469
-0.412509635683926 0.127606306254697 -0.146985643173759 0.159985697519834
-0.348401478240605 0.275509644183104 -0.125535673677505 0.193011797786745
-0.249869038030559 0.295546588867 -0.120342085618513 0.208959685591503
-0.25284432207822 0.309136164675037 -0.117186065688422 0.192471200688276
-0.340760221937481 0.214621535222074 -0.107002740597426 0.190995223954941
-0.372856603106069 0.101968789062124 -0.110875783907006 0.144433715212539
-0.442548132372057 -0.0728223310350348 -0.114186338779428 0.0992681232478297
-0.396726269341067 -0.260368884691272 -0.0991463772378089 0.0335734439942102
-0.21557123935877 -0.437199786504851 0.00496388769759801 0.0430394441843862
-0.0877057597998045 -0.569146324302536 0.0121565789386913 0.153857218628365
-0.11996350835081 -0.40784073974577 -0.160549567462062 0.555700363414205
-0.150843627980866 -0.335480225286816 -0.0365620773782356 0.399761009204568
-0.223857523805837 -0.277960345524464 -0.013421430268576 0.179844083002752
-0.279990061080188 -0.172420860368419 -0.0852054203899544 0.096651377596689
-0.286370650140032 -0.0347634950350444 -0.201854140789687 0.0865478449968237
-0.273042095744337 0.0744814606177046 -0.25667179443681 0.203620730911771
-0.250249290030219 0.17465688629056 -0.226542168954235 0.273247223171152
-0.191683731014022 0.186111425801176 -0.202595745086368 0.288417678064104
-0.202896587685191 0.189363438262858 -0.197630026195584 0.260577204575877
-0.259722943062788 0.111250825942205 -0.19062801214738 0.221868997905716
-0.259160580335305 0.0138855994074728 -0.178495305860511 0.131498988705814
-0.260044637563614 -0.102081788345268 -0.123205023617166 0.0720854531694576
-0.217137482677102 -0.189275807505618 -0.0695812926453634 0.0478889514063869
-0.125496283785439 -0.284645886699583 0.0576673744500172 0.13328924407386
-0.0738793306841866 -0.390983694743859 0.0396787060016943 0.320458068231863
-0.122821533135325 -0.14749851513727 -0.115949434075304 0.623363394339596
-0.11228778097334 -0.0750400179645728 0.0185104173682065 0.455440135553141
-0.075279615216641 -0.0525641886377438 0.0134226599586118 0.185991141131608
-0.059540354498114 -0.045606400076547 -0.0720007178778868 0.0729099273643325
-0.076422770839436 -0.0372221405360842 -0.24098450054301 0.0817487960880309
-0.101213682291804 -7.70225936593226E-05 -0.313536622887393 0.225416660823564
-0.118960229303514 0.0404722787165041 -0.282218638149124 0.317109478915916
-0.104712512128259 0.049055214713342 -0.254574319094802 0.323887975267621
-0.115435649590889 0.0490230044851866 -0.258058049302634 0.283048074460893
-0.134635065397952 0.011152201524225 -0.25548270694486 0.203938766787621
-0.110725738204054 -0.0470610152402529 -0.224337974878472 0.0810855959940213
-0.0639560682429186 -0.0803512420586503 -0.116008287018381 0.0244872302430849
-0.0415617921802664 -0.0712252556239692 -0.0382730151156388 0.0497762123637941
-0.0516540456483418 -0.092536157246092 0.0877375357005746 0.197419893898392
-0.0644934544593297 -0.163440102432253 0.0597351034879616 0.428886903008799
0.0957161364893777 -0.144410765864752 -0.134171180196148 -0.484595881157072
0.0263074415554228 -0.158874175989928 -0.162223810774309 -0.283052532605572
-0.0891562188056251 -0.121651890672654 -0.0277962009951733 -0.0304957763441877
-0.129997518184977 -0.0214890087912021 0.0775205080702664 0.0402764693428766
-0.0803294267524325 0.0584169025673925 0.260528976155118 -0.00807524153648984
-0.042265384690333 0.0699529075975268 0.338636905776102 -0.171609689900044
-0.0094836144134275 0.0969310906589913 0.309261215598659 -0.289187920512715
-0.00284773956540811 0.10008134888307 0.274116914691961 -0.321815291021729
-0.0192528685516309 0.10650929469914 0.278133485678544 -0.316563346168393
-0.0578615381284862 0.0853072842277154 0.285599562260161 -0.232053975889976
-0.100799281468049 0.0692312803027059 0.235442084487842 -0.0960117142364266
-0.162420862125531 -0.00789601320805685 0.0623181512916808 -0.0661600626350938
-0.116756553510983 -0.109410118878227 -0.0234913710691536 -0.191736724851429
0.00318904306160761 -0.120038183840298 -0.0293184126668112 -0.414721557566801
0.0572227673639315 -0.0881743113568363 0.101151732927827 -0.630752176406998
0.0694434447880341 -0.38528998706705 -0.135003955589727 -0.392702926553737
-0.00292118277015261 -0.368048393658056 -0.145736537941147 -0.250858650789826
-0.18818363065265 -0.311954013346054 -0.0399238282763941 -0.0123124384326647
-0.297231903112027 -0.15257295688635 0.0484890182923867 0.0869321720942213
-0.265509716486949 0.0361002902560431 0.247417395956419 0.0414329424726803
-0.212488307988556 0.126704475973503 0.331451225484726 -0.109634121850227
-0.151658851049933 0.217558579958762 0.297113579371711 -0.228941061354977
-0.106227210520824 0.231786152553928 0.24555759925124 -0.258327225268527
-0.128150879848959 0.24667651367996 0.230684631378425 -0.261638140298112
-0.206563440492692 0.181194940926708 0.234908548090781 -0.18308424972495
-0.264236629270465 0.116127997344916 0.186654909014933 -0.0630638128837355
-0.363266073755755 -0.0375521472517557 0.00805651676275748 -0.0383608116343176
-0.300373905318784 -0.228468948907138 -0.0871105968477284 -0.177103600838477
-0.0929617065721346 -0.333165301157678 -0.0915192778811519 -0.395901534832264
0.0272670012302863 -0.350025953887233 0.0308925136546821 -0.586916188635347
0.0421363970007415 -0.579072180640666 -0.148085846787898 -0.235146433980544
-0.0265581683886978 -0.550142515875849 -0.131139965007406 -0.166767261471581
-0.269269550125071 -0.487910750802081 -0.0444572370223836 0.0169814251253176
-0.442257209928172 -0.28571627405931 0.0177280413995014 0.116412943589827
-0.434505919651894 -0.00177453073700771 0.198218200981307 0.0722594261573698
-0.36747865893161 0.160542672852021 0.267999404053798 -0.0401186937412499
-0.279977752579873 0.304426851549367 0.234436633578267 -0.13777743825178
-0.194579178013321 0.330305732627025 0.180729619791732 -0.156053587350206
-0.20760854808256 0.354173435030215 0.155397234086558 -0.16465324370724
-0.312800110086571 0.267574164435507 0.160091710931626 -0.101363370375125
-0.385150266211522 0.17345160288001 0.119867869026788 -0.0113590105166233
-0.523198949232787 -0.03076113619814 -0.0391020112746166 0.00597868474313373
-0.462599204449109 -0.291037255900071 -0.130911915524564 -0.128948088100581
-0.201997221412119 -0.483571064017534 -0.124535583326814 -0.318580350177602
-0.0233670749295738 -0.554972136734106 -0.0179973601552302 -0.455338043184166
0.0026043953163663 -0.696309059724953 -0.167786851660894 -0.0266871966901402
-0.0678576101568528 -0.666081138397813 -0.117620619903717 -0.0299212352756201
-0.338996160514036 -0.602030702719432 -0.0412901233903255 0.0624302497123212
-0.550225630701847 -0.37017116259579 -0.0112639919150928 0.130792183695457
-0.551901527928534 -0.0290001660720554 0.111360982797377 0.0855483659485102
-0.470521363680868 0.176155683984494 0.151892908614895 0.0314287620222256
-0.366040397354669 0.3511279742893 0.129199871829739 -0.0269217969154186
-0.252057523126607 0.379148693338984 0.0887025118650644 -0.0301794420372494
-0.255306224659917 0.407349184150657 0.0665067887829799 -0.0397224145440425
-0.370909253323999 0.315164572322534 0.0746778874614202 0.00552354225398496
-0.447049551520926 0.206487357846558 0.0448175494030074 0.0547880252183727
-0.602333433245263 -0.0149179930997425 -0.0738970205840605 0.0562809527850362
-0.554725835208184 -0.307785809902345 -0.142936206491958 -0.0627272312290542
-0.278439263646154 -0.551672496353634 -0.110603966361562 -0.202249928912725
-0.0736144238810363 -0.669433297625034 -0.0340654157332907 -0.26613612690112
-0.0456269089759049 -0.71011696887483 -0.183073461467928 0.201483927167234
-0.1160641056169 -0.67769193146817 -0.100241051080715 0.135612627764969
-0.372087302051806 -0.608301139181114 -0.0341667583276218 0.114176218046634
-0.571127720096948 -0.378030741046179 -0.0447482839976376 0.130806341318817
-0.572263760161232 -0.0427820507899728 -0.00350476099879616 0.0908819600436748
-0.492810427903987 0.169043078241792 0.00331652471907043 0.103307010087006
-0.389901699596465 0.345532840297437 -0.00123042882567117 0.0911922723983542
-0.269999360357456 0.370784669903729 -0.0159237735505294 0.10082791717894
-0.269493059723607 0.394834293931475 -0.0262425555053937 0.0899937348023909
-0.380044000641825 0.298700018030978 -0.0153485492421146 0.114422695862554
-0.444519336294767 0.182994711353227 -0.0338539063467992 0.117049083022492
-0.576459219256448 -0.0279794404905909 -0.0991312322313666 0.095341976624658
-0.53458862175879 -0.295983644375275 -0.128061960370184 -0.00158283993120803
-0.28751909940989 -0.534911328527941 -0.0578526862541263 -0.0730265273374041
-0.100687657938728 -0.675272832170187 -0.0166400281718789 -0.0482274952598204
-0.0939062626400136 -0.611432288129433 -0.1813870790684 0.410612379817298
-0.1530423559891 -0.561924296432797 -0.0720195793360866 0.292149526113474
-0.33758927832312 -0.490686653216055 -0.0261386118446574 0.15849200540527
-0.478773980847994 -0.299132356768305 -0.0732256937784539 0.118803780333192
-0.475458940069615 -0.0381585432083329 -0.119060381190551 0.0917961956487207
-0.421296094890201 0.137865775717979 -0.144236702671159 0.165740632585611
-0.347842094011269 0.287986463658756 -0.129713008710799 0.199787030500236
-0.249999956416008 0.306309247798682 -0.119038140995186 0.215205293730195
-0.253834836116709 0.317050964591002 -0.117772816679977 0.19825646643604
-0.344320452231415 0.226005684122703 -0.105804779990972 0.19473178911446
-0.38108023746553 0.108684171835559 -0.112020283660321 0.148714852376678
-0.452296975328793 -0.0683986677448984 -0.117271128268176 0.102758767014004
-0.407259597466778 -0.261824721385736 -0.100398396793335 0.0373930175422036
-0.227051053646655 -0.442592137955069 0.00778271378101983 0.0435408557574902
-0.0996328264889703 -0.578323439011622 0.0145749159502076 0.159640913602143
-0.127242770964463 -0.413090397320631 -0.155611276331704 0.563807484388224
-0.157972883331305 -0.343045920442208 -0.0298192713298079 0.407300582607821
-0.233765714920015 -0.284498178346498 -0.0108346244365998 0.184615851036039
-0.291875267904064 -0.172641603466801 -0.0844684978422897 0.0992361915942022
-0.294036375189399 -0.0320308078221795 -0.203826678161545 0.0914819620269431
-0.279140832351344 0.0798574466162041 -0.256818531679494 0.211960651985533
-0.249602610751545 0.183409233968465 -0.230357400790038 0.281930837166717
-0.191946452153149 0.194805979891859 -0.204163757016832 0.297206303977672
-0.203423087445046 0.195263386701189 -0.199207354202012 0.267664183473677
-0.262804092481961 0.119818522226994 -0.190180877830869 0.226986192292529
-0.26605750021796 0.018525000611747 -0.180992262541133 0.136032816540632
-0.266846817007486 -0.0990710780176842 -0.126443617287388 0.0744733673176154
-0.224638795267817 -0.190266772141087 -0.0694173341307033 0.0524602455693885
-0.134181920209412 -0.288075399574921 0.0617693827559305 0.135362266249698
-0.0828992538446786 -0.398521571160949 0.0444898341425821 0.327926556353668
-0.127085621252016 -0.149920463979916 -0.112064255514265 0.632224167539964
-0.115730927294383 -0.0770519574348711 0.0247490249097824 0.464904098709087
-0.0795402687988116 -0.0546289374216806 0.0172068475414041 0.189573634175155
-0.0622743170266169 -0.0453242229528297 -0.0724537328334681 0.0739572933011254
-0.0784937068514958 -0.0370375949332154 -0.243661289645477 0.0868775541081784
-0.103966897674245 0.00100585526770082 -0.314010159253869 0.234949517735023
-0.118944154709806 0.0446222319079508 -0.285207205453597 0.326677599524138
-0.105397532710221 0.0537246209264463 -0.257552790080679 0.332798377755797
-0.116883285820165 0.0527045517748137 -0.26122543113841 0.289902120194006
-0.136643762127393 0.015331775168154 -0.256690238846742 0.210046109081938
-0.114814358026194 -0.0452670383164303 -0.227764704701741 0.0847420892947318
-0.0668642331465869 -0.0795756261198014 -0.118827120849484 0.0255722954720331
-0.0448605755784245 -0.0725622345848599 -0.0382370876883276 0.0538044668089339
-0.0561421780754843 -0.0940618932600195 0.0923451389321725 0.199950989317812
-0.0697421987209853 -0.167249815552417 0.0659063523216638 0.438705575066679
0.0701098605933831 -0.155696040014464 -0.162716454730539 -0.476886756788796
0.0029220442400171 -0.160258764733752 -0.180563998750686 -0.274497724909473
-0.104364480857107 -0.110591046008383 -0.0204140119890024 -0.0348627892591648
-0.13367044209726 -0.00553243580634411 0.0865183188706316 0.0255853486324348
-0.0720417787527058 0.0641337848234831 0.259677080977069 -0.0378366682598731
-0.0355028246950238 0.0701084138239162 0.324494639047637 -0.208694823966428
0.00371665569690349 0.0949886916895284 0.281427895729801 -0.328984695613451
0.00682486806041772 0.0971634644751188 0.249844885462567 -0.356657509017911
-0.00632645437269209 0.109605215850139 0.260560134274561 -0.357044942325706
-0.0485936991164137 0.0960856085491911 0.278239523820189 -0.272105226908122
-0.0936134579564479 0.0835027800258226 0.239616569582612 -0.125810608638877
-0.165996457118315 0.0130515219450088 0.0666301440504755 -0.0780214232905433
-0.127360138952532 -0.0980276130299933 -0.036143841193639 -0.19831692619231
0.000622341723150913 -0.122534371596982 -0.0720040003342741 -0.430172993530845
0.0609448061972225 -0.0944699569883776 0.0527647167624264 -0.662104286405812
0.0144069724189858 -0.390315797954828 -0.137225183597434 -0.386149879731554
-0.051786456546564 -0.366983286568651 -0.147685230830207 -0.244429173744361
-0.229595480482963 -0.290342572062882 -0.0137895586872624 -0.0224145362465059
-0.320497882987166 -0.113858914469494 0.0754573584402319 0.0648689048023108
-0.261621499286973 0.0638614587575938 0.253062981446179 0.00231946053680119
-0.202047902391209 0.147320049632272 0.321797330336891 -0.153539733565549
-0.125324581577486 0.238473791942092 0.275759921233387 -0.279417660883878
-0.0853746545881964 0.241685769280837 0.226190441935159 -0.28967406244597
-0.100495605242425 0.264088823045187 0.217131072695373 -0.294192751305934
-0.189955512960516 0.211535143683514 0.231478000433291 -0.218970356641338
-0.255800720989151 0.148962090604223 0.192463175267193 -0.0893137948818241
-0.374992769725523 0.00631934595876264 0.0173411275325617 -0.04611755411502
-0.32911996944016 -0.201806489524911 -0.0918501141008615 -0.173065800582111
-0.122365550030112 -0.33610842172972 -0.136113736949735 -0.391024606966327
0.00458498368729567 -0.368118425359203 -0.0264240654442449 -0.595530448170096
-0.0366979272489577 -0.578941503776215 -0.12399821100227 -0.226270081158741
-0.0962695388463302 -0.546445007497687 -0.113017234742202 -0.162174503942458
-0.335089038789576 -0.457615016493572 0.000562101945687732 0.002707145778252
-0.487543303351526 -0.226734326360678 0.0619210185701066 0.0877208200181466
-0.437117516944679 0.0469570665347495 0.20815256378364 0.0265885065226482
-0.355469065157334 0.199940839408023 0.263264290073118 -0.0853717463612322
-0.243661524173069 0.346487950182752 0.220488721808204 -0.191020768766739
-0.163735762696645 0.350509491606446 0.16703662635752 -0.178330773433126
-0.167467874728828 0.383773109697136 0.147937173425284 -0.185208649902363
-0.289426758039626 0.312221206500868 0.162160385882674 -0.128720823524291
-0.372480986576904 0.219696120065461 0.12875333754215 -0.0318597986365007
-0.537551280416374 0.0315367773326165 -0.0241466559639015 0.00199778438791044
-0.503977199315012 -0.24938882027218 -0.125397871706746 -0.115886014226932
-0.254610635708405 -0.483955340101687 -0.164239937706222 -0.293942049876657
-0.0704416797256903 -0.580274263403185 -0.0723270074166825 -0.442651804558371
-0.0878472083609472 -0.687930319405219 -0.119534240198249 -0.0162211265368745
-0.150576327037876 -0.659688734193975 -0.0801230092579406 -0.0251904565113385
-0.42137301649859 -0.562447483832137 0.0197498698545131 0.0432389092888958
-0.608663347652939 -0.2974275673703 0.0428811853659773 0.0972243527255492
-0.559503509513553 0.0335921295690828 0.122774959735126 0.0407862552378493
-0.459253946351246 0.229774488702424 0.152250218436703 -0.00700977442956228
-0.325623547052229 0.405868447112755 0.125106643803891 -0.0742655041083114
-0.215936431477873 0.407490515206918 0.0833155347497139 -0.0402074831048367
-0.210018921060586 0.444481150443717 0.0670766769280191 -0.0463024458781498
-0.343001640223514 0.366619539072644 0.08274793880467 -0.0106170688323092
-0.431689732814532 0.259546347036341 0.0562790965762654 0.0435891270013327
-0.617431100112564 0.0567496525117158 -0.0548804220091828 0.0569438674720847
-0.60173363650467 -0.256844642989608 -0.128047548340827 -0.044369821207822
-0.344200470599847 -0.547835171410725 -0.136367378679766 -0.166279618922343
-0.138421703529469 -0.695547710226393 -0.0752701889725624 -0.233385651727794
-0.135149140275177 -0.696689860110364 -0.118039861981534 0.215209857200896
-0.196720534958268 -0.665345882955613 -0.0478132639547122 0.140058295107632
-0.4545609117678 -0.567179384557767 0.0332488761461695 0.093721439892053
-0.632816203892065 -0.302498505420807 0.0104339850254546 0.0981410039076234
-0.583494814638845 0.0263518870491957 0.00632023287175992 0.0547634479925714
-0.482198678256846 0.227346636325644 0.00801689552441498 0.078185602263846
-0.350787587041837 0.406681762656602 0.00484358993902934 0.0578539125659113
-0.235162277880413 0.403791947505699 -0.012678435101197 0.104728634920851
-0.226324882474221 0.431964352218141 -0.0177247735793923 0.0974177673130953
-0.354345270643763 0.350227468056256 -0.00143851983646922 0.112130815360722
-0.433692888010034 0.234674094001093 -0.0211280840702557 0.117457168524445
-0.592815994746347 0.0385194932175941 -0.078726126412966 0.100841195572233
-0.582074054476136 -0.246418327230134 -0.107203690299698 0.0188744481557772
-0.35327852484351 -0.528162265812736 -0.0671894431798747 -0.0356740099163245
-0.169396882872891 -0.701125365829981 -0.039984799689733 -0.00587122075050776
-0.169468795373902 -0.591898774240251 -0.109004936777666 0.42486628678954
-0.217933900363212 -0.543850849281233 -0.0132671085204091 0.295924239942686
-0.406492708901927 -0.452777179632737 0.0347397300962172 0.13942432054547
-0.529004283479986 -0.235775343733286 -0.0286296108127411 0.0938437303529149
-0.488363337488721 0.0185689576734112 -0.110736293755841 0.0737484699158061
-0.41371654978944 0.188856880258272 -0.135912369848557 0.159370520264151
-0.315022826230546 0.343601884338624 -0.114485887945831 0.18486503024308
-0.220805892119899 0.336536693262057 -0.106647129956228 0.232763295585772
-0.218818061649651 0.352522250498783 -0.103881549838827 0.219288225652344
-0.32607200850569 0.270862131294522 -0.0887952668062055 0.206141801877078
-0.376952494741798 0.15125081078119 -0.100215651800464 0.159798733746713
-0.472614557433942 -0.0165055351863766 -0.0998443960882305 0.113893450475279
-0.448749271830655 -0.225695766679858 -0.0802150103479261 0.0579769052968685
-0.284650307907479 -0.4363824354641 0.0121003565081983 0.074893662125221
-0.163236043007535 -0.599609870271258 0.0120081792039624 0.203522264337622
-0.173766182974461 -0.390347453601565 -0.0884076455005135 0.576938463438812
-0.194370345202212 -0.324271210693854 0.0255220563404508 0.409463235216143
-0.274190559066184 -0.257572133973834 0.0328566740909158 0.17181589957629
-0.320930965446265 -0.132800492382523 -0.0573128863679211 0.0869755938718152
-0.303144261852014 0.00488047004496161 -0.198057703342428 0.0925224646128025
-0.275790464664215 0.11758792994748 -0.243578218158325 0.224208302922688
-0.229178218183288 0.225463981190913 -0.207152381042314 0.289113811600029
-0.173570908645459 0.219077016539968 -0.18510959571841 0.324609646299852
-0.183338731366687 0.22276050486512 -0.182339732247044 0.298948161290703
-0.254159079033282 0.152801777673234 -0.175540284060394 0.250041770257459
-0.270429295971868 0.0465672494155178 -0.174166850207805 0.156276239144038
-0.285974039988049 -0.0705295185714027 -0.117660096107217 0.0890566844871085
-0.254025135167426 -0.172196996685748 -0.0548854265278772 0.0701066698971761
-0.173593245923453 -0.285308015303845 0.077062550331705 0.156415322717782
-0.130981840081935 -0.411952377254016 0.0619708917535965 0.365850213389124
-0.138519295536966 -0.129155012826335 -0.0603469932766094 0.642627090619202
-0.117538353614933 -0.0623363216032697 0.0697623614666348 0.465026358120553
-0.0872860462796928 -0.0448876235865501 0.0407632289282251 0.185895540360694
-0.070469168913354 -0.0354878940248196 -0.0622111710999536 0.0758216343570687
-0.0855522054799276 -0.0242893032906183 -0.237492889786572 0.105947184632133
-0.105410962143575 0.0179914519554637 -0.298062979355396 0.262159912601875
-0.114908154817475 0.0666771183554196 -0.257294888160415 0.351906913972892
-0.100612421318679 0.0687182187712162 -0.234650814830399 0.367563680363899
-0.111847784624299 0.0684005912328961 -0.247506327409507 0.328682876660343
-0.137466163279139 0.030355264762113 -0.248391921002907 0.240918952749762
-0.122595037356677 -0.0344165021579447 -0.229285709598653 0.108673826951867
-0.0779668529173268 -0.0740379936016024 -0.120604736695668 0.039100060294296
-0.0574335469069061 -0.0701591944130788 -0.0309388680366686 0.0653754014170475
-0.0742724703882541 -0.0920833317842246 0.117071436776426 0.20892757272183
-0.0966548110042398 -0.170704940035636 0.10074893398945 0.466439788822448
0.0623676315117956 -0.16182391726673 -0.195799634212608 -0.475602724504952
-0.00570031027592457 -0.162119245203285 -0.202830323244629 -0.26665214429152
-0.11220009193236 -0.106310974355053 -0.022177001906355 -0.0335388256630803
-0.137745982347074 0.00318455828232617 0.0898032955259347 0.0216905508437111
-0.0707566854014582 0.0696558452918552 0.259592597212253 -0.0555267760877262
-0.0319820755662436 0.0745963619916435 0.313985598735163 -0.234406692199245
0.00893742666015732 0.0947558971825143 0.265340305982249 -0.350564386326399
0.0138893974752212 0.0973635513170297 0.233973686688833 -0.382000439441149
0.00147587152475099 0.111222341071598 0.242051779341593 -0.380267322332264
-0.0440788457777805 0.100264655599471 0.265018421637438 -0.293520727642941
-0.0899912973726256 0.0907472557045588 0.236560029730873 -0.144254249075056
-0.168604462199513 0.0249310014548784 0.0642820608212426 -0.0835949569122454
-0.134421868021094 -0.0902591020267528 -0.0499142794165783 -0.202122045212811
-0.00555141746273814 -0.12490944536642 -0.102180464388555 -0.433958010829174
0.0564560025227945 -0.0988614754644173 0.00963341580279288 -0.674302697665591
-0.0114700760867925 -0.394962810516428 -0.162139375239432 -0.384780086209217
-0.0749880672278052 -0.36772217843375 -0.16673436788623 -0.240427547410658
-0.252126364400572 -0.281126702122086 -0.01472222236725 -0.0209324316450439
-0.336427089240011 -0.093911151066839 0.0817983392400163 0.0617904616313376
-0.263855892605874 0.0818469908005256 0.256393542834524 -0.0134613494629062
-0.196607773619338 0.166621621902974 0.316217730378808 -0.17827345160977
-0.110642617409862 0.249139493261684 0.260703713103813 -0.297711652970797
-0.0686544329487344 0.250780908648316 0.214001866947809 -0.311167890875148
-0.083744663000843 0.276076135181888 0.202728492435298 -0.313604480924966
-0.180275945338489 0.229330293965232 0.221391771624869 -0.236671085366188
-0.252412779406392 0.167928043816803 0.191207221277133 -0.102765865809681
-0.383316426287277 0.0324366144988697 0.0155389869268069 -0.0470052596162174
-0.348755744725976 -0.182855660793116 -0.10562797106677 -0.172423936862595
-0.146904715201455 -0.335764147333791 -0.165046190811714 -0.389422030429377
-0.0207547980748232 -0.374136652113244 -0.0657454594299108 -0.601365665150057
-0.075843447389009 -0.581951096691051 -0.137100235169055 -0.225837868870596
-0.13258130241942 -0.547616527047159 -0.124829206347805 -0.159501571242094
-0.372267167231213 -0.44432928691188 0.00240349886330974 0.00277895354917761
-0.515050773805723 -0.198175813347926 0.0698441184228104 0.0865533614427992
-0.444048154598073 0.0763584647797848 0.212979647345695 0.0151104286587259
-0.349047592357953 0.231335030826624 0.263480479343892 -0.105187110649546
-0.224077465998243 0.367433378233628 0.209887057687635 -0.20303676294124
-0.1406652256119 0.367627422823212 0.161119948427166 -0.194789037684941
-0.145160318769425 0.402759171085735 0.140331761623563 -0.196968663763491
-0.274320499409514 0.338855224041006 0.156339035883878 -0.14043555900604
-0.367581488789624 0.248314386009396 0.129053672227675 -0.0388682952641703
-0.548888172678507 0.0703655179356976 -0.0245274661690579 0.00551564705849965
-0.530189007714463 -0.220283791215421 -0.135794882776809 -0.11087014693235
-0.290458270175175 -0.475914783582545 -0.18520711199816 -0.291878565255939
-0.110861730861303 -0.586361510840798 -0.102439786871318 -0.443219019710139
-0.135918700213402 -0.689733829009566 -0.119903715927422 -0.0129181518807085
-0.194659257149516 -0.660972074036449 -0.0821324080128967 -0.0243786812044724
-0.4674658082091 -0.546724579289862 0.0249697949525828 0.0435740504677053
-0.64487268902848 -0.261068579701918 0.0515465807808099 0.0966058208360816
-0.571788744385236 0.0713767349859884 0.127668539977706 0.0352073776802702
-0.454017892249976 0.26885713628073 0.157092757289172 -0.0180476569011807
-0.301579234567986 0.43408862867552 0.118905337049638 -0.0770144672384073
-0.188643247477716 0.430570932289762 0.0844709309187586 -0.0483190139119108
-0.182210439516952 0.467099090334463 0.0667400790804166 -0.0506368244606138
-0.324406803067415 0.399059738826172 0.0831327627488536 -0.0150340246905585
-0.427838592086746 0.292604497328473 0.0604934161611438 0.0431771700124395
-0.629121700800772 0.102564424113728 -0.0520891730429431 0.0643101975318164
-0.631223509236224 -0.222670663546544 -0.13367416671508 -0.0371389453168099
-0.387271036516782 -0.534712683902001 -0.148245610452852 -0.162989942039898
-0.188943026105511 -0.700952920370222 -0.0920691729882542 -0.229269062133254
-0.183393447109282 -0.695203530133272 -0.103484230361972 0.220658212961698
-0.244221693774718 -0.666300512558344 -0.0380155941475607 0.141925246574543
-0.505443628574644 -0.549130625020765 0.042392790276946 0.0939999327179127
-0.669776437730939 -0.263621233183732 0.0191601848171107 0.098955484610914
-0.595885744671041 0.0644309954278163 0.011985648920367 0.0573690067404044
-0.477779129288188 0.26873771865329 0.0171782629029652 0.0780822037481741
-0.326877398153563 0.436384355170339 0.00538131154890869 0.0648345956591582
-0.209054700544957 0.427818470100495 -0.00400818210663652 0.105700831519647
-0.200676049849028 0.456937294997845 -0.0106023460324987 0.101500921773042
-0.337185466705175 0.384524856857952 0.00582823226537805 0.114202001819044
-0.427464661600754 0.267288637318714 -0.0141163628434877 0.123214646245095
-0.60352176827848 0.0823928141276185 -0.0745298968280973 0.110328663353142
-0.611673142690741 -0.211827076893731 -0.107487297580627 0.0265802749005192
-0.397134882759015 -0.514518962591326 -0.0699896009095691 -0.0339724617767683
-0.224699871539558 -0.703502904924533 -0.0400374326940209 -0.000440479927639946
-0.210092176838475 -0.587535875659332 -0.0824422518452006 0.434234881567093
-0.259389953396291 -0.542783406858867 0.00789987795650138 0.298508976810188
-0.447735390074979 -0.436842058781803 0.0465039317062494 0.140332856452922
-0.559445916053289 -0.202958412511941 -0.0218008688715902 0.0965786138283715
-0.496966149187127 0.0505598508987526 -0.106908259098884 0.0835390089522784
-0.410143748211566 0.22462907390137 -0.123708495815698 0.170585753845339
-0.294635407965708 0.371637304911388 -0.108009107328704 0.201373498475021
-0.198814621549576 0.359646815508816 -0.0926376968995063 0.243142360792928
-0.199007180367557 0.375213568616232 -0.0903964973789613 0.230977434691797
-0.313227850828481 0.300534002698399 -0.0768108385931776 0.215311678117504
-0.376190329086952 0.17998900046729 -0.0919278550317258 0.171901830605467
-0.483825002765268 0.0165733337400606 -0.0957079533041868 0.124624618977121
-0.472801158372156 -0.199431995302721 -0.076708365206851 0.0657148802873544
-0.320179858826104 -0.425577043789018 0.018713928669157 0.0737399645329968
-0.210044002015875 -0.600775318399192 0.0276203553289742 0.208573161553987
-0.2024334246436 -0.384734395146782 -0.0534631898740795 0.587197736630427
-0.219276096628031 -0.319559296423175 0.0541384140324349 0.412344483136214
-0.30023410456534 -0.244991832075126 0.0469452542045568 0.17321767375154
-0.339958277384323 -0.112341125231901 -0.051135838956265 0.0914918794680387
-0.310357465844393 0.0241755542862981 -0.193632851262928 0.108044748462738
-0.274227629254869 0.140199386259448 -0.229617272472968 0.243704570797253
-0.215443694798572 0.245579246448121 -0.195117817388319 0.311308117147198
-0.159431620171344 0.236107261922847 -0.168030026504213 0.34303221787095
-0.170556285686718 0.240484100007701 -0.166444402948461 0.31743258013957
-0.247672857475267 0.175045990238116 -0.162143384872037 0.265093024690043
-0.27381125849562 0.0660586937755925 -0.167967777944546 0.171930400405863
-0.296991426545983 -0.0507120330395855 -0.11524523333666 0.0991889043807598
-0.271738037323349 -0.157703421088084 -0.0500638918597337 0.0765518134171225
-0.197061104280545 -0.278874445348448 0.0904993918468911 0.152822590425729
-0.164139322115594 -0.412020866024937 0.0886126540395142 0.370302281927271
-0.150403872313064 -0.121820564798622 -0.021329487146837 0.652888656734454
-0.124618340697516 -0.0577812463337455 0.104042018455524 0.467009372172734
-0.0945921863871991 -0.0406447779070061 0.0550456033946434 0.186635083570171
-0.0749259411759013 -0.0312844671866467 -0.0582735599679796 0.0796096949007905
-0.0889254677164491 -0.0204233457932282 -0.233825031050253 0.122849597001274
-0.107556002662554 0.0256456670329153 -0.283725264091646 0.286772195145224
-0.110639275871173 0.0766099287660281 -0.24087074523241 0.376435006163595
-0.0962434217533483 0.0780553154412739 -0.216966625695962 0.391090391295404
-0.108882727459162 0.0787538124207469 -0.229515859082435 0.351169535829673
-0.136741308802056 0.042300462839666 -0.237892006705674 0.260241806790731
-0.12776873444791 -0.024916108297833 -0.227451800216852 0.12624840767499
-0.0852285351033487 -0.0683838434606489 -0.121570356316315 0.0483059050213284
-0.0657610709390785 -0.0668146785549935 -0.0253103341324715 0.0706399118833089
-0.0830415509170905 -0.0884393834757057 0.133962538222518 0.204318413527323
-0.113269971860884 -0.16883108371901 0.134430623930347 0.469318832136748
0.0501805247555218 -0.163386134043777 -0.226127433807519 -0.454155105957519
-0.0161659991705992 -0.158390476546652 -0.220238674194943 -0.247899045575531
-0.117826445606833 -0.0975912572738442 -0.0237239752275399 -0.0315115296177387
-0.136958512846925 0.0137023307834002 0.0905306510310788 0.0161151565682584
-0.0664145394348568 0.0743266904216 0.251307028665114 -0.0725648965642585
-0.0265582663156998 0.07747639399832 0.291773418482406 -0.254322047769892
0.0151763603498435 0.0910784235216783 0.237372848874283 -0.363321372676983
0.0211314135243331 0.0936335136490163 0.206038664482512 -0.395301161711548
0.0092527622655555 0.109070616541355 0.212699629128561 -0.393943025351484
-0.0369629317274404 0.101820571894343 0.24032492093276 -0.308657633316037
-0.0831628655869833 0.0959047121114402 0.224697935073831 -0.160405423756063
-0.164450513640132 0.0369866807699733 0.0583470376713563 -0.0869553674221071
-0.138338323395389 -0.0796844552461553 -0.0653775905561779 -0.198427147432082
-0.0139152991435194 -0.12358208251833 -0.133294010431791 -0.420586733986763
0.0491230702617099 -0.101004671283507 -0.0401294222038458 -0.664435537673461
-0.0394283861248282 -0.385808616037123 -0.185698291594493 -0.370917960247809
-0.0979114038801679 -0.356562859546808 -0.18281936416247 -0.226721292285213
-0.270292586258018 -0.259971841476603 -0.0141225716668896 -0.0196735557882185
-0.341494948857971 -0.0673340898343223 0.0860163980308074 0.056674415818776
-0.257184583348822 0.100592531065301 0.251648571712683 -0.0297700933364468
-0.181854814450795 0.182138685924074 0.299861913301545 -0.200241045565637
-0.091048035124663 0.252974050280347 0.236409268367094 -0.307967658856129
-0.0480904527350665 0.252158541333854 0.191043253301721 -0.32511586711485
-0.0624975476727043 0.278953370274836 0.179055151458222 -0.323798885938384
-0.162050664392782 0.241287263164168 0.201620593171032 -0.249024119210679
-0.239414779642611 0.185257434939977 0.182845078673984 -0.115199451451528
-0.37768892464207 0.0613776387459017 0.0124736835005487 -0.0468149251293946
-0.358345689586766 -0.156808398707104 -0.118225522089601 -0.164110594247482
-0.168810821757158 -0.321389025569981 -0.191714935556238 -0.375293792308228
-0.0479710880382378 -0.36774822524719 -0.107282072091102 -0.585677259954897
-0.116375082431488 -0.564650426250718 -0.149259119508841 -0.215801203479966
-0.167715190062488 -0.530040383208121 -0.135488030996289 -0.151181773277745
-0.400174784117492 -0.413579145500404 0.00405773289719835 0.00262068206895418
-0.526112629117611 -0.156505780202163 0.0766030682651212 0.0817154477367844
-0.436887586623766 0.107257104798842 0.212565120145134 0.00237080104703568
-0.328129659201324 0.258814516117746 0.253790420965909 -0.124696903126683
-0.19327199876014 0.378197093467799 0.19266387682129 -0.209251498604416
-0.109270383667615 0.373924418010928 0.147161921952684 -0.206657761985865
-0.11261250957691 0.408852755085995 0.125428627801822 -0.204259739016199
-0.246581977116366 0.357077678988105 0.144146761079258 -0.14871815986775
-0.349438358652695 0.272433425437484 0.126504052787207 -0.0462855075169141
-0.539228732506657 0.112876574543145 -0.0229464441277517 0.00897507705880325
-0.543092216964936 -0.180975116811708 -0.144363827020185 -0.100889602374155
-0.322423072255995 -0.451288583619899 -0.204063774383961 -0.276895110383527
-0.154352115726105 -0.570385152184468 -0.133249486299079 -0.425685653011449
-0.182621046792773 -0.6677153753353 -0.117452883438003 -0.00929646967165398
-0.238609760981664 -0.637987265040505 -0.0832066540682412 -0.0212269961586466
-0.504086331252718 -0.507451143334745 0.0299565665353301 0.0412046838714436
-0.660126035781057 -0.209286954537521 0.0592837865799533 0.0922579963283626
-0.561707720143436 0.110659955119087 0.130502736590284 0.0284141772157717
-0.429019422429629 0.304031547613632 0.157053571770182 -0.0313730902171377
-0.265029184233229 0.45030595449669 0.112253254702447 -0.0771316429056255
-0.152211439862417 0.438996968988296 0.0820344427457903 -0.0560191491304017
-0.145580059867012 0.477379412245493 0.0641706910963665 -0.0539221560626043
-0.291500544111841 0.420537417605805 0.0813595495048707 -0.0197116353966184
-0.405007571711595 0.321465196859073 0.0641305605196658 0.0406797093229048
-0.615480290270479 0.149658455689302 -0.0465374907283575 0.0694631250507862
-0.64252476733114 -0.17535236940522 -0.136007133185427 -0.0274489071036547
-0.421264503733077 -0.500303436846127 -0.159104282309347 -0.153385645407461
-0.241746050617183 -0.677477108584563 -0.105624575710027 -0.216696239125287
-0.230828686490193 -0.669312946420364 -0.0859347216890046 0.220104226818084
-0.287363625181212 -0.641920826217453 -0.0271051594429713 0.139136425130257
-0.542431959408096 -0.507375994131653 0.051146061536834 0.0902543122003465
-0.688210085225147 -0.208040454623243 0.0281579791745557 0.096578532956619
-0.587836740338671 0.105690402126726 0.0179740569354213 0.0579747379298962
-0.452390827479128 0.305060895474922 0.025766780325078 0.0740087673466286
-0.28950197725516 0.454337610086568 0.0087878082432725 0.0716038940108089
-0.17233448020108 0.438413216772191 0.00466591206282472 0.102738789359793
-0.164548498132411 0.467552055285283 -0.001455936648821 0.101927079817904
-0.30415538064601 0.408563138022777 0.0140153038850251 0.113032788918134
-0.407788766507853 0.297714577458999 -0.00328013791700648 0.125760268109328
-0.592785247559223 0.129222950960017 -0.0650833949025626 0.117439164930148
-0.621598569791931 -0.16373819938257 -0.104238226633564 0.0345151321828046
-0.431132689128215 -0.477714177984304 -0.071215500501475 -0.0310358017602932
-0.277445978028933 -0.676837786063764 -0.0378319321098033 0.00613650614139994
-0.250266670058672 -0.562749942025103 -0.0516032139971823 0.429836268894053
-0.294821773936332 -0.519300920316854 0.029229289590629 0.291643237390239
-0.479032301528125 -0.399189352773936 0.0589773540866697 0.135572706535123
-0.573253129678442 -0.15897062610274 -0.012682974920983 0.0972608150760237
-0.492838832281508 0.0856686182599539 -0.0970959012807948 0.0910540280746266
-0.390447063227737 0.25545911783707 -0.106677004661575 0.175844303449799
-0.261819117275284 0.389668225416862 -0.0933715821723211 0.21305176825996
-0.167156521851232 0.36969026016808 -0.0741279623084226 0.246292881967024
-0.167582846823127 0.38721682336111 -0.0711065613015628 0.235076427664413
-0.287010205072449 0.322613742492659 -0.0607182550672515 0.218500946319635
-0.362382732165091 0.206076979666638 -0.0775851993298793 0.178777822924585
-0.47786651775825 0.0546288762014155 -0.0857961777202933 0.132379473370835
-0.485856895548196 -0.162789126770477 -0.0705632301179042 0.0709376423913308
-0.348221255500589 -0.397039927794822 0.024310117499653 0.0697664832485493
-0.2554046278416 -0.576900759404815 0.0434855181752637 0.206109639639078
-0.227083431475644 -0.363029715370453 -0.0136500828116034 0.579964127914711
-0.240894122268849 -0.303433089477879 0.0836425887059734 0.400944497732355
-0.318416196726095 -0.221358024356594 0.060635543883306 0.167997009607048
-0.347662180903139 -0.0860774317191327 -0.0430969263742803 0.0930824188224368
-0.307331582335509 0.0453740179876935 -0.182151863726118 0.12047261294823
-0.261366447468816 0.160420943175248 -0.206960770869726 0.256156566768317
-0.192876579429798 0.25851240848423 -0.171407136288594 0.325816993754746
-0.137795590846115 0.246444953894119 -0.141423227722491 0.351970830634996
-0.149711278104057 0.252875098984778 -0.140804483272062 0.326199308042069
-0.231009248062129 0.193641317879414 -0.141922118236173 0.272732529520304
-0.268204535392358 0.0870449227311891 -0.153367138602931 0.184501871859423
-0.298116205205147 -0.02708473123795 -0.107162695017385 0.108328239920835
-0.282759568306735 -0.134913795650435 -0.0419063670235599 0.0801104126500478
-0.216550235456519 -0.261075825630297 0.101119385547204 0.142349051449719
-0.19661015931215 -0.395047139057534 0.116300999986678 0.361065396689056
-0.157187940571614 -0.109310121670309 0.0215964671566103 0.644423984093031
-0.128240887758267 -0.0501014968152993 0.134892849170054 0.452295453037296
-0.0983319214237214 -0.0331414313275541 0.0679926268962345 0.180304288371271
-0.0777306352553039 -0.0256973885981027 -0.051729027863653 0.0813990306783823
-0.0904951708908922 -0.0154666685417687 -0.221305270900463 0.13786467467776
-0.105430163287856 0.0335716567267314 -0.257835428809889 0.303868575182831
-0.102128080143648 0.0844889450555616 -0.212428995625551 0.390538385707581
-0.0878837974782508 0.0860926936988188 -0.187147853342327 0.403154468475403
-0.100185640478786 0.0874480461846361 -0.20180001173957 0.364210204994585
-0.13096353264142 0.0539020969451863 -0.216614392606864 0.273737611739365
-0.128917211602055 -0.0134399706966851 -0.215826196901629 0.142991540134132
-0.0895771140927492 -0.0600290613107361 -0.11699565631685 0.0569012507876602
-0.0730119926740725 -0.0603086355643312 -0.0177342970984499 0.0731693453903613
-0.0903735323333973 -0.0813501096518457 0.148374363608302 0.190605078117184
-0.127746008362866 -0.159136748765417 0.168505627648404 0.454590624837024
0.0394419593206286 -0.159919622993011 -0.23990229756901 -0.428619350886166
-0.0218831585602565 -0.151739449447104 -0.225752214151646 -0.227378058889192
-0.119073643520027 -0.0888639889849436 -0.0232480661304344 -0.0298793324947975
-0.131736615090259 0.0210074326451353 0.088743992634245 0.0117039603548494
-0.0617014343154574 0.076363055574023 0.23894734569284 -0.081422624587077
-0.0215256576138933 0.07788801257458 0.26741275996113 -0.261845161106238
0.0185043594545679 0.0868288390658435 0.213682811200638 -0.363818116915119
0.0256173229051981 0.0883221225732734 0.18072557618184 -0.3950332162956
0.0143435717262955 0.104391967021034 0.185212945300211 -0.391118280997256
-0.0312071328642043 0.100358631920205 0.216645697205242 -0.310602059754388
-0.0761840403905742 0.0966936724386938 0.210147949834398 -0.168119838841565
-0.156628485659438 0.045132386679476 0.0527900546491332 -0.0873554478916814
-0.137058024841914 -0.0703166744521187 -0.0751584288943579 -0.189641858539456
-0.0188820632460734 -0.118705870917518 -0.151540256003476 -0.399561295332282
0.0430029347637528 -0.100251933850309 -0.0731051157091436 -0.637677050451007
-0.0578129943511297 -0.367830560179661 -0.197142527696289 -0.351254164422049
-0.111374516397961 -0.338558365577379 -0.189124340903468 -0.209724397617171
-0.275949819071751 -0.236763387256997 -0.0129388363186317 -0.0195861220147257
-0.334855855236285 -0.0454791455141285 0.0875232936484521 0.0515359562712202
-0.245511512256479 0.11103288171646 0.243548746562521 -0.0401749501367998
-0.165859310758309 0.188664774705525 0.279087926271736 -0.210431931974724
-0.0747310145606538 0.248420975534325 0.216122235887223 -0.307563346935182
-0.0315381793329342 0.245190610384064 0.169939829761326 -0.326765924987199
-0.0450477121782695 0.274077879625372 0.157194289939262 -0.322173891052428
-0.144314735406897 0.24320248313392 0.182087896454917 -0.250597410718731
-0.224424989290489 0.192473614229429 0.172205104584941 -0.121332630619883
-0.363495872323176 0.081524931148527 0.0107580625983941 -0.0452507118894047
-0.355542775009108 -0.13322653462483 -0.125063365777094 -0.153705155694456
-0.179778582989786 -0.302608428627541 -0.20566565640089 -0.353551467147574
-0.0665336634368837 -0.35260510295651 -0.13371400000053 -0.55735690357083
-0.141516332946774 -0.535336796929254 -0.153636599501656 -0.20554632951839
-0.189486844324991 -0.503419835693703 -0.139823399642343 -0.141030705194486
-0.411094195066779 -0.376539158600183 0.0068757013587516 0.000402199840756267
-0.52027438108636 -0.120767480214293 0.0802897866562595 0.0754109402550993
-0.420227429381237 0.128245248738657 0.208233900753945 -0.00672875999641233
-0.303213077627476 0.2717860069912 0.24089732824701 -0.136022761664018
-0.165636237494264 0.375429057557629 0.178918591612102 -0.207294879832419
-0.0841214506822086 0.366198784779181 0.133375143221214 -0.209101286943881
-0.0858759140649001 0.402264216749847 0.112298515408704 -0.203712301371595
-0.219739879422585 0.360306692973689 0.132161108626054 -0.15018793907819
-0.326990966768879 0.284087826695757 0.121939636771671 -0.0506659157577644
-0.516532376980585 0.140995618775003 -0.0211453415084222 0.0111574453671324
-0.535832869746311 -0.147647640503772 -0.147518686809353 -0.0903620818353692
-0.336959644898997 -0.419261817370261 -0.212821676584729 -0.258341920780447
-0.182256335990958 -0.54240562514826 -0.149277474998077 -0.402225534865667
-0.210119092210759 -0.630675822279889 -0.112627850082479 -0.00790722892025103
-0.262867164485117 -0.606398645073962 -0.082102348064783 -0.0191089331408302
-0.519547707058684 -0.462648396938416 0.0347280980559828 0.0367264402662893
-0.655326335658343 -0.163785272700415 0.0651105483144239 0.0866334126736409
-0.542562402117607 0.138217466224337 0.131008170572123 0.0224871004066562
-0.39855984226276 0.320921574339258 0.153381641292042 -0.040972797354625
-0.229592429320831 0.448732383455066 0.106665043182625 -0.0738110517245803
-0.122400948730653 0.430949242154238 0.077054277292657 -0.0606072710394921
-0.113742750469141 0.469986765969766 0.0607561079382796 -0.0557002038782756
-0.258816261101371 0.424943368021397 0.078124079199243 -0.0222661777386159
-0.378415629697831 0.335516961513708 0.0671038379927609 0.0380918664879395
-0.58992114883874 0.18025390396311 -0.0404429485481984 0.0721147042334276
-0.633455532632171 -0.134766218520788 -0.134684473492335 -0.0191581295404349
-0.436053677401172 -0.463138863593805 -0.162848081306127 -0.141505744362403
-0.272808370814418 -0.641596832955428 -0.111348091731863 -0.20098101725037
-0.255563994031291 -0.629647948195864 -0.0718710885019619 0.212202693276831
-0.312700810734863 -0.60714774615596 -0.0197403084457568 0.133053093439369
-0.556847370856719 -0.46220059570487 0.0576743903435231 0.083506102865085
-0.680850669822191 -0.162160332777075 0.034187449208914 0.0917022277465225
-0.56879890833206 0.135929758335691 0.0238899201667778 0.0564749808938658
-0.421835890066241 0.323735634455821 0.032874624230401 0.0674235581274403
-0.253355615798179 0.455575835709625 0.0144192674932152 0.0759151637480518
-0.140708556956378 0.432857638777239 0.00981923946000087 0.0978295223819196
-0.131778638859841 0.460586186689438 0.00476548006120258 0.0983294578411518
-0.270801961021765 0.412774169738504 0.0199377939866594 0.109575827523432
-0.382280538453505 0.312826614608406 0.00618922169520386 0.124366396591702
-0.567516190160612 0.158946359966145 -0.0560434384714848 0.119210283379194
-0.611966791018478 -0.125018789437842 -0.0995648359715053 0.0391722330845303
-0.442605663896015 -0.441112645370861 -0.0709105580988327 -0.0282401442294882
-0.308999337341663 -0.640098077770615 -0.0344565252837388 0.0103918664523481
-0.269191496206125 -0.526727171849345 -0.029083455729088 0.413981340756475
-0.313111593367728 -0.490650381142122 0.0429669843973682 0.277539645891784
-0.490172634967852 -0.361335019047975 0.0675697921760964 0.127543861636462
-0.567980823860799 -0.121693713990949 -0.00524913014789245 0.0940380901186653
-0.476148477791721 0.109658218641035 -0.0863335791149484 0.0934457199317341
-0.36456679943989 0.271390879548208 -0.0905832170107366 0.173197086360968
-0.230947048701091 0.390774471212738 -0.0776820499397076 0.217931052616193
-0.139100392430773 0.366616066254257 -0.0596516367570654 0.241112635114918
-0.139134543341683 0.384650848104249 -0.055872361687729 0.231131325446942
-0.25866808991267 0.330890495325783 -0.0465838915039764 0.21536131280385
-0.34317433706615 0.221510279576501 -0.0635217813189319 0.180122450273337
-0.460427707229798 0.0809855871335638 -0.0756295807751923 0.134331847497333
-0.481195857122881 -0.129288648289654 -0.063657919631814 0.0727366114529612
-0.359650608721668 -0.366166200947463 0.027421390721055 0.0639956151607634
-0.282270685823119 -0.54332288029046 0.0556414692439979 0.199185728459892
-0.237091030765054 -0.337007470943632 0.0124377973512045 0.559737200198044
-0.250088257542799 -0.283105457662173 0.101654377025089 0.381322756972531
-0.32421073374441 -0.198030452804597 0.0699415113897581 0.159164686385987
-0.34426670517025 -0.06362123143225 -0.0365486140170273 0.0909935142932412
-0.298903230735083 0.0599791577870794 -0.167938788725369 0.125275569442939
-0.245638251208412 0.171479059792549 -0.184215129583492 0.257475578003852
-0.171343522879253 0.26011763527897 -0.149494184243796 0.32947123889774
-0.117794754685656 0.245831497961473 -0.120609285174538 0.348221993934285
-0.129008919388799 0.253292950306338 -0.119897262302308 0.32254527454803
-0.211411725906449 0.201780914656917 -0.123021782069262 0.272130680978337
-0.256994552990955 0.100671884473872 -0.13723913260181 0.188143326093957
-0.290428920862736 -0.0085558310617564 -0.0980477882058465 0.111935194915428
-0.283353395217086 -0.113577933998883 -0.0348991920846792 0.0799226301071852
-0.224361560470783 -0.240488454365271 0.105780546694228 0.130518068063581
-0.21523482910038 -0.370374743086612 0.132997774937695 0.344404977008781
-0.157067550340062 -0.0965251170042995 0.0505753105729479 0.620250843870441
-0.127803014407767 -0.0435105780594319 0.153771698833322 0.429938915082736
-0.0987821656786636 -0.0266621169325009 0.0768478008621488 0.170732826882673
-0.0775149860724242 -0.020644885617022 -0.0456191736904847 0.0796647041934095
-0.0903001906026847 -0.0117071053476883 -0.206506542766872 0.143551355772778
-0.101354443381204 0.0383631048511012 -0.232085815824788 0.306745587118564
-0.0926549061289283 0.0879154026361636 -0.187416387937257 0.391891886840503
-0.0791171916041752 0.0884515777739213 -0.162041925230289 0.401457712671713
-0.0911604222673802 0.0912055554509456 -0.176644280239368 0.363464509016526
-0.122640748940531 0.061075457580457 -0.195490914207218 0.276667755376272
-0.126429378669091 -0.00462896666585031 -0.201258510297048 0.150880681944281
-0.090632156512112 -0.0515798620151235 -0.110534162778819 0.0621507301161962
-0.0756193473901848 -0.0520546866038301 -0.0111468006562937 0.0724283999239283
-0.0940714581143381 -0.0740368312566655 0.154009957893159 0.175282151461739
-0.135268468270064 -0.146912107453909 0.188606810365817 0.432000624575625
0.0333550495154327 -0.155455789518413 -0.24059230495639 -0.41092604638124
-0.0236655110621631 -0.145619925275045 -0.225197065496432 -0.21385303825208
-0.118508791049633 -0.0828050962791018 -0.0224407949305021 -0.0302008865003903
-0.127740624478913 0.0242977824501498 0.0874090168992416 0.00981487945741631
-0.0579323771177425 0.0769829615983679 0.230573616259967 -0.0846397316495693
-0.0185926485429738 0.0769738294374113 0.250985126231536 -0.261880105775081
0.0194796731946762 0.082998860030362 0.199566729812876 -0.359042280880124
0.0274101578850474 0.0836358824354689 0.166861595476686 -0.390425563849488
0.0170074527327154 0.10077075099424 0.169482337263421 -0.384696586775662
-0.0284644245778248 0.0977434794715269 0.201804309095246 -0.307702551746503
-0.071997025410059 0.0961779974198382 0.19990035435591 -0.170234419927268
-0.151262254714837 0.0488235711738056 0.0500255235620226 -0.0860890663946206
-0.134315056937723 -0.0657053982731094 -0.0801963215261203 -0.182948879710397
-0.0203709813391496 -0.115119886114811 -0.159133250870203 -0.383967020487595
0.0392922875154625 -0.0982165714908085 -0.085187463059095 -0.613229087195598
-0.0664406091800526 -0.352102467112115 -0.197617723120971 -0.338180455048635
-0.115837588667817 -0.324815588135205 -0.188960276238167 -0.199186971681204
-0.275464207026328 -0.221507059159556 -0.011526517751189 -0.0204133589758488
-0.328587875591818 -0.0329031876008555 0.0879978334711014 0.048311117035102
-0.237781423718754 0.116172959405367 0.237582677535035 -0.0435524063469241
-0.155245153741743 0.190461469023717 0.265428878706904 -0.212939986825653
-0.0663412759691244 0.242715026116576 0.205152453029336 -0.302380460020328
-0.0228396603152138 0.23734519476184 0.158066052499621 -0.324009591768385
-0.0349924060220672 0.267411954631938 0.144903421203835 -0.317053519194208
-0.133857959054301 0.241007240489923 0.170731525784031 -0.247845810229226
-0.215199950817703 0.194693346872246 0.16617947003329 -0.123132973762384
-0.351240294719632 0.0903837931847219 0.0103946840543804 -0.0437543314554595
-0.350198134265105 -0.121680668628492 -0.128532304957493 -0.145844219574967
-0.182557348134226 -0.289859463318088 -0.210220359807145 -0.339050629755713
-0.0756531480731826 -0.340405502975428 -0.142269452362385 -0.534501521074511
-0.150768266627911 -0.511648523241674 -0.153082622538462 -0.199434223935825
-0.19577351617054 -0.482845814581576 -0.139949076726521 -0.134103302859297
-0.411470310408444 -0.353441856473063 0.00878514509458266 -0.00210322764879572
-0.510678488260417 -0.100368198136625 0.082062639091984 0.0713211408434288
-0.407928841712418 0.13614052568773 0.205684217658319 -0.0109205704793503
-0.286722547503579 0.276468963739378 0.23136703200396 -0.140902666745785
-0.149788619568998 0.368738872665406 0.172535179137063 -0.202102653603996
-0.0694576906615164 0.356685996430712 0.124399367227719 -0.208735742338657
-0.0704249124119712 0.394098761674187 0.104591759853149 -0.200974020205257
-0.203118470152316 0.358549469822417 0.125005136498671 -0.149337933569821
-0.313228912268583 0.287502039558328 0.120084549908134 -0.0517946298155056
-0.498773296396374 0.152608751196551 -0.0192084929478242 0.0124996379330889
-0.527464606409545 -0.128452884799763 -0.147518073677934 -0.0835433677991946
-0.339746965775166 -0.398233170511264 -0.214457734045153 -0.246847956056272
-0.194853874264149 -0.52023238593892 -0.153029692882665 -0.38182401199406
-0.218930548746098 -0.602866966724509 -0.1093138664004 -0.00859008137441893
-0.27186282161095 -0.582328565342862 -0.0813423006545584 -0.0176312387421989
-0.520455450830604 -0.433665063181698 0.0377783318890969 0.0324262319230746
-0.643617967766137 -0.137148952660799 0.0682206302410111 0.0815259428241002
-0.528018922998371 0.150458977972354 0.132391017075857 0.0187930900372948
-0.376044977452842 0.327164057408795 0.149852475007844 -0.0477730176171331
-0.208943565042198 0.44336454541797 0.106883583687484 -0.0694855157322668
-0.103703332386639 0.422498797720683 0.073250210263022 -0.06245268749269
-0.0934714267982113 0.459281270291652 0.0583514732430729 -0.056023701093345
-0.23884249681029 0.42188680381548 0.075703304659222 -0.0229564292319099
-0.362436822999304 0.338892930819869 0.0695058815810742 0.0360838400232988
-0.568815520939464 0.196260916439103 -0.0363978354132582 0.072126399531694
-0.622058684069785 -0.113289215702437 -0.132249691391542 -0.0147378950755481
-0.4366455947437 -0.437433872358728 -0.162237074288878 -0.134469964816356
-0.287399427769926 -0.613910988691465 -0.111649258392943 -0.18841216489355
-0.261795420022608 -0.599448067266823 -0.0649006201666689 0.203732893728453
-0.319299732492795 -0.583548241292761 -0.0169943034780709 0.12794933185177
-0.558188280368553 -0.433713154797447 0.0619052088418458 0.0777137335161399
-0.670736574592669 -0.136727610579673 0.0383156946647286 0.0875660911098646
-0.554061906440326 0.14591842363389 0.0289882639972703 0.0537959637226395
-0.400042670612859 0.331354876477052 0.0363931657838534 0.060155957273757
-0.231945830388842 0.449975178910492 0.0204589161693397 0.079034053960053
-0.120787966477322 0.4237537762051 0.011563353534131 0.0944754670742836
-0.110754209555035 0.452769037291522 0.00798072620241612 0.0946307460027313
-0.251273880279582 0.410003137439802 0.0231088402088247 0.106785316647792
-0.365359605859905 0.31785620972674 0.0126551728784974 0.121798858822945
-0.548439580486457 0.174034797827918 -0.0501924460627289 0.118605026903418
-0.601597843674911 -0.10311930324924 -0.0962677072236593 0.0417262435268413
-0.443557465809576 -0.415559404260864 -0.0704894763081806 -0.0274529399100325
-0.321626382712041 -0.612143696545276 -0.0315432695876336 0.0135275237635041
-0.27364272893186 -0.502444432439577 -0.0190245913016167 0.400159327591739
-0.318233436794396 -0.470583393885353 0.048111657049123 0.267708404643341
-0.491087476902678 -0.337967894209678 0.072188366056265 0.121080776902066
-0.559581272075743 -0.0994743879225295 -0.000606567363139874 0.089932710672984
-0.465523109551962 0.120597418583478 -0.0780250480327642 0.0919942497407299
-0.34588523624389 0.278017125608967 -0.080614037482582 0.167487355100885
-0.210792095000348 0.385585382637807 -0.0659375464317246 0.219344979571862
-0.122401875889588 0.359810916671201 -0.0531056630861085 0.236425539849867
-0.122001606743096 0.377671074739149 -0.0481593209109492 0.225387402820403
-0.241363710704537 0.330282739942676 -0.0397016968945511 0.210994960234582
-0.330606844362471 0.227955758896678 -0.0531497745497896 0.178340764851177
-0.445232473493732 0.094009211133114 -0.0684067502582495 0.134598010204167
-0.473826460406119 -0.111316690378682 -0.0597817691715816 0.0729869102547323
-0.361847397479862 -0.344284299809422 0.0279021728644398 0.0588670094713496
-0.293881663770107 -0.518372680806809 0.06088119955356 0.193447490968624
-0.236957302961161 -0.319595628101881 0.0248986557606328 0.540949761102527
-0.251619209233662 -0.27146078329561 0.108017459360951 0.366812696899103
-0.323738108836664 -0.183246856899761 0.0746041143452331 0.15201508901504
-0.339775443278248 -0.0508520971834968 -0.0313963442750285 0.0884951151289165
-0.292385887972297 0.0661461864040341 -0.157517825788722 0.124818026689795
-0.233963877182184 0.17617200868558 -0.169689158476988 0.253161685839244
-0.156984275344885 0.258713621102929 -0.13484025884025 0.328507859729182
-0.105307054731474 0.242054805612925 -0.109046197332633 0.343040065220376
-0.116103689804378 0.250533973324212 -0.10803525457165 0.317160345573318
-0.198309891438478 0.203946386447224 -0.111838761168864 0.267711623363161
-0.248796355347581 0.107401670085102 -0.126258789900288 0.188213719362674
-0.282693140417321 0.0023021176868031 -0.0917453662371814 0.112534332112953
-0.280350704233821 -0.100316523846744 -0.0309885705386979 0.0792371855020438
-0.226484122261343 -0.226606341945057 0.106634071392732 0.121363163458137
-0.2238696944502 -0.351221457665461 0.140360706033375 0.330848390467415
-0.15386207506509 -0.0898172340905369 0.0615182044135468 0.602109133595268
-0.126343753592078 -0.0399886122322496 0.16108473941501 0.411766913679537
-0.0983933220888287 -0.0237477019608276 0.0811870582169602 0.163459416678825
-0.0777274364614239 -0.0181082352161957 -0.0423157098864485 0.0777792084767227
-0.0897450674236046 -0.00963503054424772 -0.196841518571164 0.143676479532043
-0.0980115482741677 0.0404915699477917 -0.216150391429078 0.30328870567592
-0.0862039643578548 0.0880371076179111 -0.172158990530824 0.388172328330904
-0.0730832502396581 0.0883745328110483 -0.148200000646186 0.396650103480558
-0.084450514876699 0.0914883814335008 -0.162776160280822 0.358109793832156
-0.115787320070477 0.063740600646097 -0.183033731116168 0.273153134478742
-0.123536661776209 0.000960673263398902 -0.190261363782681 0.153199762426376
-0.0897213978595976 -0.0461911362504134 -0.105901784491918 0.064437509382741
-0.0770510265794391 -0.0461229014769805 -0.00735869888093703 0.0707402692081454
-0.0950915169262881 -0.0683239054219374 0.154538896609624 0.163964468989737
-0.138089657323613 -0.13761302008609 0.195107684473063 0.414159110005552
0.000883369412199592 -0.152035829623072 -0.319061618804157 -0.371170189352128
-0.0531235292922398 -0.129681628268762 -0.264419309209332 -0.174596118116429
-0.128666906951408 -0.0522891696015677 -0.0290390913481641 -0.0389199292535962
-0.113203199663948 0.0499600013860409 0.0835990711264615 -0.0159840017186329
-0.0386340615557266 0.0821454856470242 0.205692597621072 -0.12856190363459
-0.00540959373813303 0.0746602783806315 0.190178356759956 -0.305123144086489
0.0345157044181184 0.0705291968665972 0.123516357893117 -0.38797767392996
0.0404456182408044 0.0720107196378056 0.0870564857762992 -0.416487216345401
0.0358491622608728 0.0889376017204019 0.0908976363158504 -0.417609561795171
-0.00633537121196769 0.0970557429363091 0.135972860565062 -0.352098549362096
-0.0474390714469726 0.102517779394065 0.161067431306883 -0.214896764983253
-0.132607664833713 0.0743484065879279 0.032122505418706 -0.100014089228168
-0.138289610393401 -0.0392791981315314 -0.117324221718918 -0.170388111761625
-0.0400573194510957 -0.113241194037713 -0.240551486970286 -0.340494360086562
0.0210732076865586 -0.112854221824308 -0.206373130433851 -0.583067039780371
-0.127580279141499 -0.31536463122108 -0.255324353429486 -0.321370746355056
-0.176552068909532 -0.280658775965816 -0.221848715422387 -0.176053560701368
-0.305152749432252 -0.149419182958534 -0.0149340602571419 -0.0496386182909805
-0.314431873325318 0.0414657298973186 0.0900012999876341 0.00431271450470356
-0.2021958027379 0.156874900844073 0.210979812460166 -0.098210521362205
-0.111444198417563 0.209683131505179 0.205276983143744 -0.264564430213006
-0.0107170277535067 0.239430822615211 0.126548660262259 -0.335440056975564
0.0213737127134852 0.228155010673719 0.0893606633742726 -0.349855549130227
0.0192394038284836 0.257537359044149 0.0818457844992681 -0.348262373362302
-0.079961517095776 0.256151197020522 0.11712612208751 -0.29039414825801
-0.164603205198774 0.224338874618659 0.137063556956906 -0.162819111181062
-0.315990745861118 0.155213200948538 0.00271620177564543 -0.0544952377223707
-0.354795242743799 -0.0484856831788677 -0.152489451018231 -0.131948717806381
-0.235217934297146 -0.24745441805379 -0.268020321804358 -0.283393298372531
-0.142854337245321 -0.322843568381371 -0.232320566343144 -0.485306389558191
-0.234816953525165 -0.446146592817675 -0.179801031716907 -0.202348281550276
-0.283694843671437 -0.414544674248165 -0.155730646995281 -0.12962415918601
-0.460687590993682 -0.24517320846334 0.0111800117171101 -0.0511199379232478
-0.49964225308349 0.022575844008878 0.0876270108505925 0.011115102821826
-0.359810578928501 0.212469808870789 0.17715490833909 -0.0684866892026434
-0.218524219812872 0.319090192867208 0.17778834214705 -0.191191533736817
-0.0616345964250279 0.377972961199805 0.104197258178196 -0.233753351493805
-0.000555274189639793 0.351098063267237 0.0785472554120545 -0.230262285785772
0.0101176767519219 0.384989566782404 0.065748238772997 -0.227206841507236
-0.123436232975551 0.382881141672797 0.0921215811826385 -0.185581707288461
-0.240660022110301 0.330823865441542 0.106051381567695 -0.0840899555814519
-0.445280529509232 0.245668283004352 -0.0139558741493393 0.00437041331924542
-0.525436335761697 -0.0187978229467221 -0.155809182184971 -0.0727111238319932
-0.410043919559524 -0.319374507766576 -0.242271389944684 -0.191052625474964
-0.297599120453504 -0.471789879488839 -0.200405688541764 -0.328391616619576
-0.315853573869566 -0.517949399691578 -0.0960664320892462 -0.0261916029567358
-0.375184880918544 -0.494103255444569 -0.071202311754208 -0.0310811159025424
-0.58034460922492 -0.297828192515101 0.0470201029455705 -0.0342966473994588
-0.636019879674699 0.014883361435417 0.0741283148336368 0.0132241666890962
-0.47173598320617 0.251931869471145 0.104427201219287 -0.0300852680152348
-0.293207244465507 0.387492920977805 0.110964791259619 -0.0867131184526912
-0.101698982042213 0.462110177478548 0.0585841797636537 -0.0932518865997954
-0.0205094094579725 0.419550312596054 0.056346076927499 -0.0764534402724601
-5.63349052409481E-05 0.453935819396436 0.0493650350693221 -0.0748342488287261
-0.14621584100843 0.452318857447205 0.069429137765712 -0.0506544821662072
-0.278575596105313 0.390384503496912 0.074723022792987 0.0134865818840884
-0.503507414916928 0.299293540456094 -0.0185414202380197 0.0657092466888523
-0.613039350969541 0.0166621511975912 -0.124591119296879 -0.0108383508419267
-0.515227765586858 -0.333895214529715 -0.159345544692596 -0.093086614582063
-0.407358215430943 -0.538446423297353 -0.111604073119024 -0.143161633548664
-0.355732576929901 -0.509893519681867 -0.0101868848971073 0.17778115213029
-0.420814333767362 -0.488021741688476 0.0216425267362962 0.100531900620989
-0.615475898644691 -0.288823871795523 0.0785642093262216 0.00385286552671122
-0.66102466695128 0.0229081135742251 0.0442959068218777 0.0219175397490987
-0.497951339677754 0.254776800263294 0.0076966608814685 0.0238832925131841
-0.315409593248895 0.397313898725976 0.0192117440416916 0.0410921736631722
-0.119877918035652 0.475002186033599 0.00167625879279003 0.0672974737162259
-0.0368144532526761 0.42528982514823 0.0266898884555592 0.0896628921316916
-0.0176474324564935 0.450614240138473 0.0291817452058982 0.0848021880789863
-0.159333223137544 0.443844229415563 0.0440203994081343 0.0897131507728691
-0.286631016033809 0.370780308085881 0.0379091995734514 0.111594540392262
-0.489036412863703 0.275564951975249 -0.021680022076644 0.115528328030717
-0.590508611238011 0.0224812268614394 -0.077168750562896 0.0378111627483563
-0.517422012892722 -0.308255913597839 -0.0437223759812419 -0.00820687029190246
-0.442156191979232 -0.525628892492694 0.00991524676526402 0.0396817155624365
-0.346185839658767 -0.414584769192949 0.0711126359580951 0.371205843210563
-0.396973429574673 -0.382038674327585 0.111187953624313 0.23081414867867
-0.534394909216102 -0.213948396980602 0.0953750506706364 0.0548783151740376
-0.549018385339723 0.0344689955460418 0.00652386905446534 0.0420915568852444
-0.419264076912089 0.213422506697917 -0.0858896161088342 0.0867758454658831
-0.273973081285531 0.336972461121483 -0.0702146654047084 0.171076921392208
-0.112912681094464 0.411055528671314 -0.0528963571794191 0.222126493732425
-0.0488899821484123 0.366437703638032 -0.00727840117838569 0.242705924084976
-0.0418728355037887 0.383197513459464 -0.000570923213959264 0.22769175654237
-0.165952924117139 0.365027731739895 0.00484185515920809 0.208864430586252
-0.27036219550197 0.280152560031567 -0.015047945528703 0.182761088746414
-0.407558216100081 0.179559366856186 -0.0361221810429349 0.137980863584371
-0.47186875688174 -0.00816251634273142 -0.0335526660659082 0.0663161857352652
-0.422428162468973 -0.255393306127413 0.0673149699425327 0.0549739235975018
-0.395845546398395 -0.435812800164221 0.132879279739764 0.195239598494481
-0.280156882684706 -0.251759533100936 0.138070745263219 0.515632394754755
-0.292161427821757 -0.207394081125359 0.184830952847591 0.32731798036328
-0.344066956277876 -0.103949000618559 0.102212057623438 0.104210313091424
-0.333051054105247 0.0306104396072717 -0.0214800269884505 0.0654071594108351
-0.2669424664812 0.127001707243026 -0.148560144470547 0.142359759008013
-0.186477882028053 0.217452136913517 -0.133864321356274 0.276566605543663
-0.0889955130902102 0.280205553475444 -0.0892523400500458 0.342915567514043
-0.0548080303116502 0.251889049121462 -0.0409842223583289 0.358269273237903
-0.0614581142005109 0.262561315687109 -0.0416144776674983 0.332510428773724
-0.150983738821455 0.23633051116878 -0.0548791265020869 0.284213569033883
-0.216481786793223 0.151014741103342 -0.0843665570334254 0.209889939851352
-0.270942724827388 0.0594216914189352 -0.0633539189944952 0.12594782025108
-0.285887517541571 -0.0364593469409895 -0.0056731826274615 0.074371293475984
-0.267642727715517 -0.167417379982328 0.150170086622018 0.0982114165863945
-0.292242439986913 -0.28718343746498 0.230010342006598 0.31014586952925
-0.159891177213276 -0.0534176698135192 0.180955422264485 0.583846124707675
-0.1257061210683 -0.0149094000231487 0.242484458462358 0.373865493421471
-0.0974728163935952 -0.00192922547839414 0.111385121112926 0.138001844947868
-0.0778783185777081 0.00176510398817416 -0.0289595414446862 0.0778019741218727
-0.0888829396272382 0.0126394855028777 -0.170849266718871 0.175496558983279
-0.0830390362490433 0.0616196853836695 -0.15870624995143 0.33739933735918
-0.0598166351772288 0.10482403029598 -0.102394529001857 0.409776088466218
-0.0520056500693097 0.100140129170374 -0.0674903202178219 0.419812396791196
-0.0625224527671789 0.10617933291952 -0.0879212895670584 0.388330628307342
-0.099507274392941 0.0862815559384562 -0.124569840230161 0.309502514080876
-0.118660540025534 0.0264020895984995 -0.154820698341625 0.19180733357814
-0.0961868887943303 -0.0252352599463332 -0.08896879603579 0.0858763126338812
-0.083553844501601 -0.0250717306629442 0.0124840410028364 0.0688880038653653
-0.107893564915964 -0.041958514684926 0.196513715368789 0.126085366552853
-0.165172547767527 -0.0969309105896554 0.29030649860308 0.373543993828018
-0.0034937404617559 -0.151567529688002 -0.331132867767153 -0.371103072925474
-0.0540683506951801 -0.129389801508069 -0.272710311056887 -0.168850973632558
-0.131164421945528 -0.0488385863110441 -0.0303380292850206 -0.0411121319748663
-0.113900542406208 0.0542315872704659 0.0848832088811502 -0.0184098047885514
-0.0365896170487156 0.0854283099539483 0.20644603990139 -0.135538396706571
-0.0022366763824784 0.0768215318266022 0.183950633732282 -0.313942806717172
0.0356814646115215 0.0698197183614067 0.115316758822532 -0.397806612580206
0.0424461913411599 0.0710411086115304 0.07864706072393 -0.427491155093774
0.0389345097120593 0.0888363020964172 0.0819172472040603 -0.4265591462364
-0.00462422663303933 0.0989012026273733 0.127980144062599 -0.35985387128987
-0.0452898492603547 0.105587949629319 0.156825400099495 -0.223399330896332
-0.131245447707153 0.0788902015918575 0.0299198306143367 -0.102871698546716
-0.141304642055697 -0.0373643998962795 -0.12480986536479 -0.168342885904203
-0.0420075834759188 -0.114289958057599 -0.252621006015539 -0.33817736611925
0.0185111089805016 -0.114207188521146 -0.21951734869533 -0.584029473140585
-0.135946229262776 -0.312871490649764 -0.265917022339025 -0.321749859327529
-0.18350733167016 -0.277141087051217 -0.22939162383996 -0.171657079371737
-0.312573188550669 -0.140040657028345 -0.0171165008645041 -0.0533013900401058
-0.316774048390571 0.0523579898149369 0.0922500183970917 0.000606043607794662
-0.201132256276274 0.166549803003301 0.21374934295013 -0.106686312629111
-0.10535643608054 0.217072323719979 0.200128908342275 -0.275285016624567
-0.00469936236210869 0.242713699105868 0.122632057136681 -0.344181774802901
0.0272083471267411 0.229261947930611 0.0828375828400275 -0.359204788358829
0.027945728275526 0.259771870181841 0.0743249774877668 -0.355467672104345
-0.0739672981055485 0.262872576157207 0.111925335313567 -0.297210759022238
-0.161680301880618 0.233505906407506 0.135748362087977 -0.16987490705156
-0.315337205676049 0.167011606400075 0.00159255637124704 -0.0553838577857552
-0.362592917299707 -0.0393099735281298 -0.159886236638231 -0.12843910053006
-0.24487582216092 -0.244844143085944 -0.279813638632702 -0.279117714600714
-0.154726611694437 -0.321867731566923 -0.242929421174302 -0.483773642842791
-0.246469086480687 -0.442172475751079 -0.186499952512959 -0.203508690495865
-0.296409187286493 -0.411223655519205 -0.161776584849717 -0.126951538246242
-0.474239212387979 -0.23202255729357 0.0100062879151649 -0.0564704955007762
-0.507650097461455 0.0385824450879605 0.0905777079349803 0.00711038649240542
-0.359993107569774 0.228085649962762 0.181228327130047 -0.0765757316618411
-0.210442358654344 0.331011822332725 0.174488622197663 -0.201978206440931
-0.0515099197178358 0.383995370350819 0.104086593623471 -0.240405622736403
0.00957294870294007 0.353843669040133 0.0744673334968205 -0.237578807025187
0.0229395328904109 0.389128203642235 0.06198327150008 -0.232607721970287
-0.114126892429368 0.393324438290086 0.0894066489678829 -0.189762953307869
-0.236168296679341 0.346010354214036 0.107336764424866 -0.0892009564311129
-0.443659220945446 0.262950517243374 -0.0134408639788038 0.00437509606043027
-0.535351200866353 -0.00453395679949251 -0.161590399084995 -0.0684760639004955
-0.425612460341441 -0.31323178995385 -0.251917058191831 -0.186932941373478
-0.316903963413668 -0.466429044475159 -0.206878024111334 -0.325407416522333
-0.328195439260349 -0.512550385319445 -0.0978011879407493 -0.0280980212686387
-0.392449462481233 -0.491271804362588 -0.0733914177438593 -0.0302969893279562
-0.597089009489807 -0.282843177951127 0.0475994377559896 -0.0401196266660823
-0.644350383195096 0.0367277135933883 0.0767476244602835 0.00858229115493521
-0.473593667126366 0.272029396451593 0.108218403228877 -0.0370624562714032
-0.284423040526507 0.403688613536155 0.109649424858609 -0.095831089357391
-0.0881570051320169 0.469854397414439 0.0630568571503245 -0.0964553502066634
-0.00989329534849858 0.423519438219678 0.0560167421933258 -0.0795386669185939
0.0162258264928841 0.459629865141187 0.048318973241407 -0.0779907610975019
-0.133961893876657 0.463316264491258 0.0702145002017927 -0.0528796234999499
-0.272716185453514 0.407342229198604 0.0793876957371461 0.0106192813315776
-0.501002280908629 0.319946288092836 -0.0164784069837726 0.0667885591016534
-0.623555764218126 0.0355396599950236 -0.128223884607941 -0.00685175529564302
-0.530096949233577 -0.323181265878594 -0.165562709002797 -0.0911394279621848
-0.432466976135122 -0.531229147409282 -0.113207747968599 -0.140169460106484
-0.367935277886336 -0.506161505335865 -0.0068109795899278 0.177414337824249
-0.440010113771001 -0.481866954510142 0.0246582441824693 0.101073433479803
-0.635623947906048 -0.273858709702701 0.0811330311661799 -0.0023755021811411
-0.671951207751398 0.0461598210062165 0.0468642677394001 0.0184256051968225
-0.500662166054194 0.277309981471616 0.0109081102521035 0.0196411416464578
-0.305844063254127 0.412730897033432 0.0201350233988606 0.0358257678000256
-0.106055660947934 0.482991241692088 0.00947961203628858 0.0690063700258252
-0.0248950613973609 0.429824122346899 0.0299180314815315 0.0911234841560148
-0.00199339913920845 0.455696669569721 0.0317499400575392 0.0852309996401959
-0.148224395717316 0.456686823883292 0.0483385683351407 0.0907495308783649
-0.281720624709094 0.38890787069991 0.044748212667866 0.110775588274355
-0.487085035658513 0.296551892243887 -0.0178050173229925 0.117242236587719
-0.600959908266153 0.0411872598375726 -0.0768109329314386 0.0409539933752744
-0.532902522865585 -0.297562197925744 -0.0464171535656126 -0.0089922862944822
-0.465439871970767 -0.515511348089218 0.014469872099035 0.0412273526647054
-0.357733734472491 -0.412106410574746 0.080324374409247 0.371755340124493
-0.41378138155079 -0.378300696735179 0.118765202487606 0.230931336036619
-0.55074797970818 -0.200031439535602 0.099395872423605 0.0494265963270817
-0.559204097965844 0.054010151218436 0.00855606639955319 0.0401761355283324
-0.424218514012023 0.231143960491329 -0.083246549091268 0.0868831584204286
-0.267446110152204 0.35095055264888 -0.0678547477248349 0.170541137343526
-0.10165723562403 0.418899121128581 -0.0422479761477848 0.227595676221026
-0.0385392769349121 0.370652886590979 -0.000832270531187644 0.248549360346887
-0.0292206510547288 0.387293935063875 0.00522414897778528 0.231560552111289
-0.156533173172198 0.375828773359976 0.0111415355493116 0.21197377361932
-0.266477246928158 0.295350860252743 -0.00746662982957056 0.184703194293049
-0.407883545985814 0.195563110504362 -0.0321557353837188 0.140665749814234
-0.480547652348004 0.00836403202173038 -0.0322724637883646 0.0684236064017147
-0.434144502400876 -0.246730269245797 0.0676742721561028 0.0514283847455177
-0.415513089614585 -0.426566723458459 0.142241703804656 0.195356654282293
-0.286806506518066 -0.249223093991639 0.151079828428941 0.517544823922809
-0.303697896212948 -0.203907698716989 0.19742051970906 0.325892609973387
-0.354731099425396 -0.0945125074454177 0.107496933011735 0.100587360964908
-0.33849086657153 0.0429432289470721 -0.020145820367104 0.0650782630868343
-0.270552775956582 0.138836963543645 -0.147613182227826 0.145915622423641
-0.183000595768317 0.227293665939602 -0.128422103756919 0.279784936541405
-0.081606164387446 0.285283170738142 -0.0779395480185052 0.352376142901755
-0.0476296040270046 0.256016061431807 -0.0318187914066804 0.367179989744778
-0.0529884614565439 0.267301896774183 -0.0341624790596363 0.339165280203471
-0.144709743999629 0.244242205466503 -0.0478595473332806 0.290723205301359
-0.214711492086185 0.161759113454373 -0.0774330395262759 0.214927319516153
-0.27177118341774 0.0699976741220521 -0.0607539925434879 0.129648647807799
-0.292111391909265 -0.0255736775639264 -0.00302611183911103 0.0752261258686777
-0.276392805683592 -0.161022156963873 0.152315382795592 0.0923434690849374
-0.306742790774139 -0.279715373190727 0.242665761798213 0.308742336547113
-0.16151985820319 -0.0518316012270364 0.194790948745106 0.586882318992744
-0.129842633662055 -0.0126426846010267 0.255153148024005 0.36992340370266
-0.10129024712353 0.000770387512557294 0.117725007044038 0.135716394073974
-0.0797249666403964 0.00440439542309479 -0.0279999765677451 0.078741017200044
-0.0924058095729882 0.0154876672524994 -0.170027010575201 0.181551254643276
-0.083572529627818 0.0650391099729505 -0.151463204172891 0.345693071980426
-0.0565754235030282 0.107420509713938 -0.0908824263644617 0.420968203001121
-0.0485887607646791 0.102755410817536 -0.0582827277031047 0.429741086677878
-0.0590074006838526 0.109521129777603 -0.0800940705066834 0.397358894666664
-0.0969646861057306 0.0904250608726148 -0.117895098754848 0.317605605977117
-0.118812753683524 0.0318386073557964 -0.150980918656946 0.198577881604221
-0.0974970941846405 -0.0213067713514673 -0.0877842740677619 0.0901714203441632
-0.0857600020707505 -0.0202699392234479 0.0156074584618121 0.0695105069379468
-0.111543832242968 -0.0382797868135536 0.200810778265638 0.120695117066325
-0.171250367981496 -0.0918757476597761 0.303982878390918 0.37082811480862
-0.0116757248994245 -0.151764258294428 -0.35649283747032 -0.361043985022563
-0.0595569448502876 -0.127789469636386 -0.286230585934349 -0.154992233867434
-0.13405169870224 -0.0406839842553199 -0.0346422350197901 -0.0422890689699123
-0.111933524375184 0.0624117094775811 0.0855008499371933 -0.0243956145700404
-0.0313218627151909 0.0894020134735171 0.203496227826952 -0.150534409121516
0.00293634557056444 0.0789521977148384 0.168575196271082 -0.329216031762743
0.0393700154220717 0.0688363419225616 0.0952124890003707 -0.412806940012137
0.0465721325733899 0.0686650360421292 0.0571958356934972 -0.442586453784675
0.0447647869297632 0.08756033434218 0.0605645421351877 -0.439227294868208
0.000730900529754473 0.10134869300676 0.110431491049056 -0.373144663356728
-0.0401282780346043 0.109993014812352 0.14655074751274 -0.236594747667509
-0.128960405572582 0.0872913912994851 0.0247746671706464 -0.106995958395323
-0.145825955734204 -0.030673564216985 -0.138105164434763 -0.163906810186239
-0.0491938344312403 -0.114661159475862 -0.273595317958409 -0.326494305998995
0.0118522293355479 -0.116673887853247 -0.250867031990744 -0.580063926364342
-0.151983424670079 -0.307407726784916 -0.287047786265863 -0.316444347407572
-0.19795028711744 -0.271130265552075 -0.242690300551633 -0.161707508852801
-0.323969510636697 -0.122158949025216 -0.0214895629904049 -0.0565677885416134
-0.318794462784157 0.0737579907963084 0.0939656546638121 -0.00665270318952677
-0.194907312398004 0.182587102770307 0.213219350426443 -0.123051109034438
-0.0932027220049583 0.227345592388974 0.186219411368582 -0.29244938334005
0.00831553389260131 0.245654362722323 0.108367161026389 -0.359719615984253
0.0405840852096531 0.22996841685138 0.0657341013826809 -0.372140825483291
0.0443358148408821 0.261181284637459 0.0570750504506586 -0.366388405774772
-0.0603837719350873 0.27277546518693 0.0978308682372614 -0.307544300201267
-0.15100616592227 0.248579415481591 0.129593791246281 -0.182170416054931
-0.310237988049687 0.188520948336953 -0.00212755706259644 -0.0575753597852882
-0.372084939590649 -0.0196058049853744 -0.172231945848944 -0.121138384271271
-0.262924072488805 -0.235995490278244 -0.299462246746723 -0.267222023846736
-0.177043484461544 -0.315437754485576 -0.269131624210836 -0.476929959090297
-0.268333130361979 -0.432682994159381 -0.201330468413085 -0.200938959430089
-0.321789906799292 -0.400434085906778 -0.171483181214298 -0.119571793390769
-0.494362169577695 -0.204816681938141 0.00565126679377023 -0.0617276616015865
-0.512390199718926 0.0709788179902051 0.0926017178346762 -0.000564708615562635
-0.354623208292713 0.255970343547959 0.181111554371127 -0.092387781203326
-0.192876955059448 0.34965383617623 0.164441062487578 -0.219244514252006
-0.0313825484455549 0.392718055685994 0.0971392292650201 -0.252427388491657
0.0296075326470641 0.357484236582967 0.0643823393008464 -0.247490340346846
0.0474234180129001 0.392568856692057 0.0509113685205 -0.241044620173053
-0.0922446954326245 0.408702597895956 0.0818095228049267 -0.1977501441164
-0.220311473705718 0.367938210551627 0.106293605725827 -0.0995737814606457
-0.434921337121905 0.294713062540867 -0.0139198662001027 0.00471935358174677
-0.54685930513138 0.027261904070219 -0.169634057704201 -0.0593030244051314
-0.451189303045605 -0.29261328320643 -0.266462830778117 -0.176685196925734
-0.351373225498116 -0.452326193457617 -0.224158208546385 -0.31863390358593
-0.355151219651349 -0.501090984172191 -0.101207522925081 -0.0271197375553579
-0.42356946453215 -0.475464380623597 -0.0763599465868574 -0.0266233304136152
-0.623119130864061 -0.249138177779136 0.0457453099410636 -0.0483154694348065
-0.652239424014616 0.0799931885695684 0.0784938926493349 0.00126083035652948
-0.46810891792174 0.308360679800477 0.109371358389392 -0.0486822921592976
-0.26323349364127 0.427877658838487 0.103460269914393 -0.108663636384451
-0.0636228092243776 0.48275334641123 0.0641370344783602 -0.103099273028237
0.01688579255158 0.429310516694097 0.0532966375925326 -0.084504210666938
0.0435258973435928 0.463043155825922 0.045080052970157 -0.0819852095806689
-0.108495181541708 0.481798767278223 0.0703487971740332 -0.0567389456810249
-0.254780138174162 0.433449107591256 0.0840081454802128 0.00326654282045639
-0.490314938236728 0.355892988932306 -0.0132871697016336 0.0680760879388153
-0.632667619956869 0.0743259453570753 -0.131222475032493 0.00187610848743782
-0.559463357509329 -0.298768982405743 -0.174841780654606 -0.083620500456859
-0.47086703195574 -0.51029829187099 -0.11811058398333 -0.134798427997231
-0.396570132189923 -0.493272228402945 0.00208527206019197 0.177007516721016
-0.473583549423912 -0.46656353430177 0.0309034622913826 0.10058641943925
-0.662043283037195 -0.237862478727309 0.0824067993031855 -0.0113919491492079
-0.681545361944127 0.0893034913940205 0.0492277683923318 0.0137329153400739
-0.497370393067712 0.31514152754875 0.013356060375332 0.0146424412152665
-0.286779254734079 0.439367079574322 0.0204537262193803 0.0300754217053322
-0.0796895732737605 0.496640154448786 0.0193980642650284 0.0686870449177763
-0.00111017322734751 0.43616473582818 0.035893283157654 0.0918644712641564
0.0249812301573105 0.46183665190508 0.0369956827117892 0.0851071984875994
-0.122604394636877 0.473856395056382 0.0557833039019383 0.0901893547898189
-0.26463566364294 0.414105636835968 0.0544720606943178 0.107445602366285
-0.477155075272441 0.330364368416056 -0.012259929493825 0.119829952399361
-0.610760046623821 0.0805519800759812 -0.0764000028213999 0.0469770980746258
-0.559188237711788 -0.270812629576214 -0.0499222174122488 -0.00732180815481919
-0.505042999133079 -0.490203277599162 0.0208847630399243 0.0420319263630694
-0.381618617518354 -0.398393648745078 0.100134306281827 0.370860696643821
-0.443160643291359 -0.362133334058736 0.133729638192092 0.22653769315784
-0.57334315584725 -0.168558995971742 0.104902296504217 0.0413767197161378
-0.566669631873336 0.092119062574531 0.0114949623804371 0.038030889206886
-0.420247097884577 0.26519605834828 -0.0802151011334765 0.0893066279844594
-0.250410278756177 0.37382360543129 -0.0610090764062114 0.172833321907111
-0.0784632771717005 0.430147716287673 -0.0245747931381178 0.234247922558205
-0.0180745818864409 0.377561915646938 0.0134843361410991 0.253679534473756
-0.00548491174400471 0.394658479295638 0.0176904734314539 0.235556062133088
-0.135850083779148 0.391527686141305 0.0238435937820487 0.214991744126576
-0.253552379249921 0.318470505536549 0.00567075273786621 0.185443704064821
-0.402365515071956 0.223723082253361 -0.024934320124384 0.144207318046867
-0.487612703865638 0.038950454670597 -0.0287562407816589 0.071406465276822
-0.457261906822267 -0.224519308501366 0.0695981472908548 0.0471052025789081
-0.44932854458624 -0.404662475155955 0.158034772305123 0.191556525898103
-0.302352742041753 -0.239405480793327 0.178914519532783 0.515659560367166
-0.321851250453503 -0.190772991872417 0.218779935164494 0.319469845870864
-0.369989028592628 -0.074025850636303 0.115906870937617 0.093916812775558
-0.343580124622517 0.0658201304314097 -0.0168826859210226 0.0657509527393176
-0.270692868123453 0.158829744951054 -0.143016753226582 0.154347527508667
-0.172694238573409 0.242667208895294 -0.116346008305319 0.289207208634074
-0.0650566489835642 0.293969318544024 -0.0552949884012483 0.363862537202455
-0.0334787007309096 0.261857949155701 -0.0117946372400029 0.378186671573711
-0.0369733360545556 0.27248768556926 -0.0161815879061095 0.348390610581661
-0.131648374062761 0.25710418183105 -0.0313638080254456 0.297613328241229
-0.208954521557126 0.178821870779057 -0.0644693002753906 0.221214505873199
-0.271481003730199 0.0882779461546447 -0.0541395010691827 0.135172578377494
-0.298477201402632 -0.0060830970555748 0.00238778777901642 0.0764496912648116
-0.290381690156825 -0.146328014001421 0.157617708634177 0.0834529187818708
-0.328423658689276 -0.261911114123653 0.264981944115556 0.301369498324773
-0.165537256139116 -0.0460801120012301 0.227082439056435 0.587440848054054
-0.134619757468202 -0.00681250462228672 0.278334687029097 0.361596351953748
-0.105714319395956 0.0069018731605623 0.128167530093099 0.130502647783874
-0.0822456093239141 0.00976844526191208 -0.0242883337812352 0.0809427049776178
-0.0955327578453096 0.0215663233989383 -0.164642434807233 0.194095924387173
-0.0818868152056609 0.0719989544120611 -0.135143804635028 0.358363541797778
-0.0502529089139313 0.111861110706921 -0.0671786104904946 0.435651327615555
-0.0431470844915832 0.107003185809024 -0.0344456426456791 0.443555910818265
-0.0526238671623763 0.114061682342957 -0.0597414426050236 0.410287586557588
-0.0920610968793602 0.0976719505893059 -0.101545269525178 0.329665511943318
-0.118026418930353 0.0409529539555416 -0.140911271183317 0.210264989825764
-0.0995654882445032 -0.0148556233693174 -0.0837347112547727 0.0967544961081122
-0.088840668745347 -0.012767426112021 0.0210759917679327 0.0693913545268732
-0.116221083545757 -0.0320099489398573 0.207633953868971 0.109744771330859
-0.180654985703034 -0.0821174120011847 0.32969347156122 0.362081260406074
-0.0217305358724493 -0.14676306186964 -0.378418609582374 -0.332017449942907
-0.06437138113558 -0.12200148169295 -0.295135994365893 -0.130683715996936
-0.133027952456779 -0.0296035519528815 -0.0395628062403359 -0.0409174101639479
-0.105022389064856 0.0708521761450997 0.082075213127658 -0.0317790434254533
-0.0234061674713184 0.0915339078009674 0.190531747259725 -0.165923596708048
0.0103850925051269 0.0787462863800236 0.140995750258144 -0.338284310814408
0.0432132688041505 0.0650504685636402 0.0628984962368698 -0.418077653343118
0.0506470209767747 0.0638186739063413 0.0231562516095593 -0.446344037197738
0.0512189862927502 0.0821701007441819 0.0277438600328155 -0.439806903998578
0.00759958061963545 0.100912857622189 0.0820340203597447 -0.376667656996593
-0.0313772906772119 0.11234867585025 0.126722353865897 -0.245966275459968
-0.120220952304616 0.0955949248096025 0.0155092498032813 -0.108116256439081
-0.146697096869215 -0.0203599985372271 -0.151135745332579 -0.150039028607819
-0.0565668314239407 -0.109620627454206 -0.293753938368158 -0.300898230027469
0.00241862710432632 -0.114113553776522 -0.287008236236211 -0.553630191612187
-0.170338170269016 -0.289647115001425 -0.307214725818466 -0.294015535190989
-0.212120385315471 -0.252451823507593 -0.251646298874226 -0.139603679070731
-0.326507255349425 -0.0939025975510226 -0.0283106799454932 -0.0570407814051847
-0.307808618716391 0.0993428617968411 0.091621722894067 -0.0158766732364119
-0.178281773256487 0.197387717120185 0.201986548627461 -0.141247035862115
-0.072942408092089 0.232953106204137 0.16056466749665 -0.305701038346879
0.0263980360171145 0.242458335033282 0.0815733564417162 -0.367208851812899
0.0573417263236371 0.223630951678316 0.0381601656593695 -0.377692699699325
0.0639852738741648 0.25342140965058 0.0294090828451652 -0.368357477166323
-0.0383987994253567 0.276147192385135 0.0746993972421434 -0.31184909949599
-0.130389369381218 0.259506571163624 0.113974030055746 -0.191857957782163
-0.291251949643381 0.211178007650889 -0.00707009215144395 -0.0569757132530766
-0.371378656260062 0.00923957796913485 -0.180739769810162 -0.105195855447438
-0.278454239259315 -0.21242620872273 -0.315580229603583 -0.241279817033009
-0.199644120807027 -0.294097895200534 -0.298197797872282 -0.451063325172582
-0.293979593854243 -0.406146318809517 -0.213540963873418 -0.187651351370035
-0.343704873606237 -0.371474708673723 -0.178025776040105 -0.105510418035885
-0.501765493550385 -0.159699755675762 -0.00112884680292963 -0.0657935026368273
-0.499564512027336 0.113525588737978 0.0907133928985154 -0.0103784318843409
-0.330630820088977 0.283296339487661 0.172543184194406 -0.109190668887761
-0.162074687274839 0.361784639670946 0.142974500185144 -0.232897861240285
-0.000527213400734644 0.390185004736698 0.0798101848152584 -0.260317291076931
0.0555916006034489 0.350087303667883 0.0459973981475157 -0.252549293213816
0.0781635465510912 0.382748262011222 0.0321632986576817 -0.243199121956241
-0.0590966123008445 0.412875898580877 0.0683051509166002 -0.201363878929382
-0.189559913901738 0.384535862207267 0.0991566091772321 -0.109323684495197
-0.405444911463312 0.325953019987323 -0.0148473062871174 0.00543262205049014
-0.539809212875 0.0720348991233601 -0.172862077914123 -0.0440657907585983
-0.46886807220071 -0.255432964944085 -0.277713989579154 -0.154399415509408
-0.383571602249562 -0.413718620791418 -0.240181793677533 -0.297689411151505
-0.384421386305827 -0.469437580242261 -0.102662035796526 -0.0236877647254286
-0.453102196279328 -0.438831259539914 -0.076575487850947 -0.0213867596644723
-0.634439212284255 -0.194492156281637 0.0398132141469144 -0.0552281904710189
-0.637319282012283 0.13315542549869 0.0775537095157284 -0.00776955726734531
-0.441209050821698 0.346146377344708 0.104695875733239 -0.0612348036555892
-0.226382595222191 0.444540850590064 0.0908061517254756 -0.119736382728609
-0.0251703790216688 0.481993927262453 0.0598901901276839 -0.109576992542198
0.0467210413334444 0.422882447442053 0.0482992594063465 -0.0890607906776409
0.0800936742057331 0.452610567795544 0.0387228442790585 -0.0850120620235702
-0.0687664347707042 0.486140996398338 0.0678377950218726 -0.0616476604671689
-0.217713187444422 0.452688137165164 0.0855495963024777 -0.00648227391530678
-0.455570880978429 0.391776205674699 -0.00905355265067681 0.0683302850639444
-0.624086510585806 0.125697488335345 -0.130420355307602 0.012726682225011
-0.577751703431804 -0.250126271149982 -0.179840456581748 -0.0698049127428641
-0.505861201737898 -0.459901998161877 -0.122671082577259 -0.125099148915467
-0.424133988551086 -0.459384752606234 0.0144429862275081 0.170747240165161
-0.503590077374213 -0.424157864505265 0.0396260977955519 0.095700553706079
-0.675571264467556 -0.179222681557431 0.0808999413587544 -0.0215957009997376
-0.666395804066611 0.146846743089022 0.0497352267152821 0.00650018104473319
-0.467971571244996 0.356528129350527 0.0136417926549307 0.00894809803376864
-0.248548244469683 0.458652218589819 0.0188023434331926 0.0237378716415722
-0.0403928809063323 0.496681098553111 0.0289246572547268 0.0644576041863178
0.0325764466055589 0.430687322546869 0.0444653418165831 0.0879981065825054
0.0618955756286538 0.452892641545827 0.0427785343994572 0.0818623963724242
-0.0847239823509554 0.479610370055105 0.0642461953836872 0.0850193878728489
-0.22870972467252 0.433971801988655 0.06447201297519 0.0984582736454626
-0.44435767365421 0.366552608815704 -0.00320552008192572 0.11908130791251
-0.598360273866016 0.130042450829901 -0.0719018435423865 0.0531639603939752
-0.576208458591465 -0.224189601630621 -0.0511500203533733 -0.00383377429765976
-0.536182792763443 -0.437528929816804 0.0273852210603857 0.0394974576483842
-0.403500508499418 -0.369035275821566 0.125351316341542 0.356589224285805
-0.466785493806987 -0.324771146660428 0.150932219755494 0.212266303410325
-0.582921527269496 -0.118622895587949 0.107622051805577 0.0295221928324271
-0.554879900527796 0.138889268779674 0.0146753481370958 0.0347033914712268
-0.398463373873 0.299939299201383 -0.0733060387998914 0.0907304974365501
-0.218203036940738 0.391865576082057 -0.0500137411811476 0.172380804712686
-0.0431616749598726 0.430668415364959 -0.00216396619384771 0.232376250258814
0.0106320331570802 0.373658202942314 0.0350000459784434 0.252328770934627
0.0258751106961367 0.389066073827985 0.0355516789185324 0.233235382012576
-0.102951114255706 0.398872815517914 0.0420169188315573 0.210833124564408
-0.225838409866903 0.337855931066034 0.0223366404551835 0.180921712451294
-0.37879769435788 0.255166585190128 -0.0135719115851927 0.144527749634482
-0.479747505132663 0.0802769247226569 -0.0221984315931409 0.0733946249631145
-0.468868388420665 -0.184094112425709 0.0701902956790625 0.0399522938213731
-0.474905686370152 -0.35798303775635 0.173461563675318 0.177193783873778
-0.314137168036724 -0.216605984580922 0.213764932516629 0.49617738722023
-0.334809955593708 -0.164968360411091 0.240633008711827 0.296863419264721
-0.374729919564782 -0.0424004457706327 0.123053557644284 0.0823254001035122
-0.336231158388488 0.0939999239626093 -0.0109862581396303 0.0649683141929531
-0.257363751975189 0.182781950189068 -0.130569351631405 0.162733130628812
-0.152730382495949 0.254816342282344 -0.0942517102738885 0.293290416446655
-0.041400543212128 0.294680686195776 -0.0236164712193628 0.364408598168363
-0.0130093959432746 0.261159823652093 0.0184332824850703 0.378349862694022
-0.0146890827731108 0.271383330010212 0.0103423452049966 0.347575168371361
-0.108640679735214 0.264861233109255 -0.00747615540763774 0.29729860683268
-0.192116458748637 0.195431502138947 -0.0451724049351658 0.221784031849836
-0.260113175601073 0.110074604487607 -0.043050682168017 0.137371483448374
-0.295192598454077 0.0203425309601787 0.00832909241713172 0.0749395082034085
-0.298982638768756 -0.121248259384482 0.159703569323108 0.0695046411142557
-0.346021192134866 -0.229624053447252 0.285997610452568 0.278681639201054
-0.16606020912325 -0.0357358865278471 0.266114538638776 0.562875356004158
-0.135791082573335 0.00296625558178601 0.30324565515662 0.333797505391998
-0.106988272452867 0.0162939539439479 0.138289096774612 0.117827724306916
-0.0822766274717837 0.0171880281122496 -0.017678998866645 0.0810696334138123
-0.0950048118967261 0.0302462300192021 -0.149179708275526 0.205060876026757
-0.0763942845271024 0.0781755627045943 -0.106844121699357 0.364495431164862
-0.0403948820761757 0.113741322893719 -0.0308067183048933 0.438082961848446
-0.0343663883572481 0.108916052855713 0.000126473702835348 0.445991030641256
-0.0421727056429532 0.116867719964386 -0.0273652442565969 0.412372555779169
-0.0821491786502449 0.10385364497919 -0.075510826462273 0.334485045024766
-0.112626033285956 0.0506192165714531 -0.122843268843986 0.218087994715642
-0.0987423898030058 -0.00567761812478928 -0.0750707313009302 0.1027007130578
-0.0883617767192893 -0.0028915232185058 0.0272795318262742 0.0668748068984992
-0.118134296740507 -0.0214681628600037 0.210941112667552 0.0917272343959056
-0.185562062345335 -0.0658178763586995 0.351889017738763 0.334264064074006
-0.0293484333489264 -0.136218163215331 -0.380827445850354 -0.293447471324231
-0.0656285341013234 -0.112618721519852 -0.288722310156923 -0.103757061177782
-0.12612418697039 -0.0201265408541344 -0.0426409680284595 -0.0374219184162547
-0.0940451925275388 0.074096652772656 0.0751519844522507 -0.0363485486321144
-0.0151911260750993 0.0885734847628841 0.170633688382981 -0.171893256943576
0.0165980808239088 0.0742137923913213 0.111712670600946 -0.332098609173993
0.0445595370442204 0.0598900282398648 0.0316273550222888 -0.40411057723657
0.0518986376198137 0.0572757822581915 -0.00645598603913064 -0.430565000578643
0.0537488238859093 0.0742882511014372 -0.00182656496431615 -0.421857698664807
0.0137873777644641 0.0962267615830029 0.0540310234046635 -0.364370002323276
-0.0221626538186359 0.109416684778974 0.10364532970344 -0.243161811305807
-0.107898440955828 0.0983732609156692 0.00660142552646463 -0.103181612300948
-0.141934536932066 -0.0113643522790862 -0.154658698744593 -0.131955117861359
-0.0601940582085794 -0.10100585439156 -0.296656752034016 -0.266317410581995
-0.00496005481527155 -0.107708851836504 -0.305364289968982 -0.509228498173976
-0.178250663596496 -0.263879954784957 -0.310456580219148 -0.263303373951254
-0.213791051125316 -0.227239532598948 -0.247601545685512 -0.116282751071653
-0.3142294765208 -0.0672165451557579 -0.0328443025387273 -0.0543649712556443
-0.28501569273007 0.115354923200443 0.0849160472205975 -0.0219130588041203
-0.156195349467449 0.201450897895226 0.182929648750318 -0.150602101969404
-0.0526149493873142 0.226721284729091 0.130003646871594 -0.302954032711635
0.0409630839966486 0.22994109724162 0.0545302457967296 -0.357288435173331
0.0677469148139808 0.208919166466426 0.0117973495054472 -0.365730338352665
0.0780067520501767 0.235811357088147 0.00519288775466943 -0.353874371453714
-0.017873329315486 0.2661530209567 0.0524415049369027 -0.301699949442038
-0.106932855593054 0.257328398441173 0.0962721051567819 -0.192206967534411
-0.263440077601346 0.220136476928261 -0.0121697805289439 -0.0533163148439772
-0.353728965959283 0.0334973325509061 -0.179973243827501 -0.0864448814554262
-0.278336434950576 -0.183967800298406 -0.314844178033733 -0.209285717325952
-0.208448370386734 -0.263180128714866 -0.309231620525306 -0.409140351343087
-0.303167759195283 -0.36827312020082 -0.215021321204395 -0.16923632176275
-0.347556849926067 -0.332265204159937 -0.175074172403134 -0.0885879676141424
-0.484375124539226 -0.117869772230379 -0.00784035797459566 -0.0652621113377053
-0.46678470949502 0.141579079939824 0.0850795918712523 -0.017361192781435
-0.296406991184879 0.295430705086814 0.156604601268702 -0.119036103431556
-0.128693648343492 0.35679201146536 0.116996846007121 -0.23347236201066
0.025272143402983 0.371816382424479 0.0609031213034081 -0.256824897495057
0.0744970684817424 0.329225821845194 0.0283301866408992 -0.246895326486817
0.100257774353618 0.356375788767363 0.0155133281430538 -0.234651813109825
-0.028233743596977 0.398905589003694 0.0538187265625219 -0.197005489619121
-0.154074205762735 0.380997960325685 0.0878243641849113 -0.113314527884104
-0.36378552735614 0.337231789201424 -0.0153574737925951 0.00715326624473421
-0.512199262951746 0.106337488540709 -0.168259189064927 -0.0293655840265988
-0.461979993357012 -0.21132298359134 -0.274426069819845 -0.12983357594359
-0.391028147256316 -0.362689415047088 -0.243981657657052 -0.267889611864121
-0.393042309715358 -0.423843598200632 -0.0992556509919185 -0.0206089777161539
-0.456491024798004 -0.387560158458953 -0.0732928326135588 -0.0164839304459959
-0.614759816819451 -0.139729632629618 0.0333034984030868 -0.0588702380733104
-0.595651374511193 0.171591313387505 0.07266637877049 -0.0146324471998741
-0.396714015556029 0.362223677493668 0.0947849688191058 -0.0688277058050917
-0.184245714215136 0.440135113743787 0.074085163009391 -0.122176477966711
0.00751235642524625 0.459922566382869 0.0533939319071622 -0.111934850189774
0.0716332921043166 0.399059977012128 0.0412398946082915 -0.0898190712933038
0.106660610194478 0.421602541540522 0.0313136088674795 -0.083298264487543
-0.0321584936077238 0.468818773052607 0.0628897686300454 -0.0636689392984943
-0.176163303585645 0.447539209411481 0.0818296457026568 -0.0152813417617817
-0.407149627840083 0.404873865953452 -0.00546353411872852 0.0667920992760094
-0.585916932775305 0.16371435531784 -0.123248499798266 0.0218411548440603
-0.565756166771092 -0.19836180093689 -0.175987437002418 -0.055907489296325
-0.509783509365853 -0.396494502744899 -0.120754747254464 -0.112042971857154
-0.430040535052588 -0.411143872953514 0.0235902309399576 0.156923943075436
-0.504397687206454 -0.373059182231941 0.044830766089283 0.0860904687013828
-0.654110595596319 -0.123851171729731 0.0751972976686736 -0.0292142916944367
-0.624662645059421 0.188104825072868 0.0478838010996336 0.00077089958079921
-0.4235823503531 0.37500426507361 0.0127139884065798 0.00431905824581882
-0.205104419493352 0.455874621136159 0.0152228993495946 0.0189244769670096
-0.00561769750975002 0.474824650177065 0.0352848782574315 0.0569793097375977
0.0577405894065171 0.407411021871161 0.0498069100769728 0.0804069207053468
0.0902067380826922 0.423462338599608 0.0465502729025033 0.0758712548762791
-0.0466976433870177 0.463860512628648 0.0691702515852857 0.0763047392607142
-0.188756798983673 0.430649393740653 0.0690649567639739 0.0864756839850171
-0.397208186524059 0.378364622439875 0.00328962164287632 0.114339832086352
-0.560618100103219 0.167243215054942 -0.0643573191426074 0.0556196700051883
-0.562346729608817 -0.173919459545135 -0.0505348831828218 -0.00127985783743461
-0.537591566609924 -0.374126847131803 0.0323836394124859 0.0350561296947845
-0.406774049676743 -0.329827105252585 0.140551665996241 0.327722070905884
-0.464701205165358 -0.279882368273561 0.158179356395818 0.189520109250214
-0.564592493431622 -0.0710946345636763 0.105001144095286 0.0175483583541509
-0.520120354737524 0.172981650145447 0.0172103478122548 0.0296796457103573
-0.360243097330149 0.317929818687979 -0.0651356528429443 0.0888935934468641
-0.182377100817451 0.389602018497755 -0.0398248777849388 0.165780116690516
-0.0124290505237608 0.413090367685542 0.0172016200827607 0.219797758119299
0.0340523137348139 0.35551077001248 0.0509988635991377 0.238912442986519
0.0518580546405495 0.366234857172724 0.0491683938591593 0.220711329569755
-0.0699585980678621 0.387723394773629 0.0557071019754757 0.197934596432384
-0.192946971498165 0.33871426544763 0.0343867467898489 0.16781466325664
-0.342146758008541 0.268678728579785 -0.0045172648998956 0.13927884851369
-0.450439194483287 0.112175104035963 -0.0155932630799193 0.0703182507733961
-0.458552445707092 -0.143083927234015 0.0678081073686759 0.032937205578085
-0.475089335780741 -0.30328823267676 0.178806720681052 0.157695739197748
-0.312093550626652 -0.189962380346129 0.233296277528704 0.456759238404574
-0.330953316087572 -0.136015665156266 0.248601238376777 0.265471837135724
-0.362403872889711 -0.0122176432205523 0.123779854591112 0.0676268706723481
-0.315763521782289 0.115367266137171 -0.00540255112164946 0.0611367365724505
-0.234152669540592 0.19495277663548 -0.114694101645794 0.161998877485337
-0.128656941262945 0.254951633272371 -0.0731087909643673 0.28478050522646
-0.0193178177034812 0.282480221782225 0.00437390806983173 0.348953385512052
0.00438298374716923 0.249471457942796 0.0445483079761294 0.361027224527432
0.00467110018718861 0.258126720962495 0.0330523608015582 0.332522973852552
-0.0850060702358549 0.259579781791226 0.0131005582251479 0.283552544335029
-0.169434058244305 0.200640090500457 -0.0271275510713934 0.212308005641131
-0.239280340317033 0.122990465991339 -0.0323524461799393 0.133510575015519
-0.277717816908181 0.0419782071547573 0.0142431265691161 0.070151186800318
-0.292382293772636 -0.0944690481697874 0.153725530665087 0.0552702929950691
-0.343004368724921 -0.191564037035998 0.291779003832387 0.247196051673392
-0.160889582511915 -0.0263076737782123 0.28638552994852 0.518848397794319
-0.131119482961621 0.0116813877152755 0.309429662603442 0.297232054131338
-0.103437822428908 0.0251116803918337 0.141108523905475 0.102053485384863
-0.0783334026674067 0.0234261400056424 -0.011280680723231 0.0777769077622237
-0.0903556046433877 0.0370334284294756 -0.129959622500657 0.20510313593451
-0.0685464920510819 0.0809573172597732 -0.0789147351221834 0.353642543870793
-0.0301892379093457 0.110540209707332 0.000961390989199588 0.420175623999817
-0.0252012921603828 0.106359494085081 0.0307651626423299 0.428477270639855
-0.0314406268508104 0.113106981670347 0.00148423544896549 0.395810939450841
-0.0701519402695597 0.104274009557718 -0.0502120127922067 0.324099059726082
-0.103330385782574 0.0568772203151252 -0.101134073821791 0.215369362400334
-0.0934262571198737 0.00241850988197331 -0.0640083606189808 0.102468147554938
-0.0834729902150733 0.00589424432530314 0.0320883403735378 0.0612107689347556
-0.114752661827847 -0.011895623767825 0.203961901212772 0.0737082751742556
-0.181446658554375 -0.0485904622541314 0.358715430916782 0.297738389005034
-0.0515927244580456 -0.118555376167914 -0.402470058829768 -0.214411667650465
-0.0758640655350338 -0.0912996252684428 -0.287546220148974 -0.0515470568730167
-0.115599350220439 -0.0027289296766382 -0.0558838943287581 -0.0316072364165346
-0.0731135985847458 0.0781747131444721 0.0550767832103321 -0.0453124420487128
-0.00345129776079804 0.0772700068613034 0.129831822684769 -0.18412071567682
0.022238095380415 0.0648178709841332 0.0531864208074672 -0.326554055071166
0.0452796563954619 0.0486258659547712 -0.0295484992860081 -0.386228773273275
0.0517098462553379 0.0454806575393486 -0.0730479913189282 -0.404577283855677
0.0562902782336413 0.0607363458483742 -0.0710761882969059 -0.399714771966629
0.0243443104520377 0.0856904998214868 -0.0127652138529049 -0.351976375814755
-0.00818427731773338 0.101770366477634 0.0553324941569182 -0.244873975004871
-0.0876503868143269 0.104589603586026 -0.00919649458588125 -0.0988012916662107
-0.133499824308035 0.00477800958076857 -0.168039071027203 -0.0970147936033892
-0.0718432259465241 -0.089038644903755 -0.314097027656514 -0.196319986495159
-0.0229706464279967 -0.104018243228517 -0.352383522898797 -0.426039365352709
-0.201033684129556 -0.21836309426995 -0.33823889027918 -0.206270284647439
-0.225291174233782 -0.17631665449636 -0.256786281009971 -0.0761799096713183
-0.291275560290635 -0.0189259539799419 -0.0623626271205994 -0.055656632985794
-0.238529809690222 0.144877999595889 0.0537752841386782 -0.0384962365568982
-0.115884224352386 0.201165867427861 0.133594730664549 -0.160809002088205
-0.0207357314157674 0.215173101561704 0.0711114360122811 -0.295804125688353
0.0664704937341622 0.204492386592824 -0.0050606453591702 -0.340072889287479
0.0851210444308905 0.18378090370005 -0.0462431948006826 -0.346725031093951
0.101524245478379 0.206270153263826 -0.0560141332546169 -0.339352480535507
0.0190190608446587 0.249461224193127 -0.00604092455841856 -0.295467510129939
-0.0692598983682413 0.249633776561446 0.0571982528141417 -0.198039808950888
-0.215293301468384 0.240245129403119 -0.0171543618770456 -0.052148524632475
-0.322823952672213 0.0733462771117164 -0.186569930802668 -0.0532813159637262
-0.284553672074634 -0.134532498706518 -0.318019630360788 -0.142835327427304
-0.231453113929306 -0.221167733181648 -0.339193419375944 -0.338048325445312
-0.326159316056261 -0.299260756357889 -0.240489130749733 -0.142236172583903
-0.360976838996863 -0.252899760798154 -0.18820433727687 -0.0690719349484444
-0.453787776152877 -0.03976031496424 -0.0502630671376619 -0.0775408270571343
-0.39709291697615 0.197978165373456 0.0417400755010946 -0.0404944201678933
-0.23001634503027 0.308786204630697 0.104085759896765 -0.122307711768223
-0.0733562671892249 0.345477154529551 0.064766244000087 -0.222859252801312
0.0727187631209752 0.33674794008675 0.0134440947805601 -0.240062549552534
0.106840141474834 0.294729839796492 -0.013400238809835 -0.235646900138166
0.138947469482755 0.315368645012021 -0.0288099116644375 -0.228719504845146
0.029415627262314 0.375450660376415 0.00982957638559774 -0.199043720063224
-0.0982761398522615 0.370853311170496 0.06309152602501 -0.124670107935771
-0.29335494454679 0.36500167778131 -0.00917458106172886 0.00163681933333704
-0.458469037831199 0.159143548619212 -0.168454606143357 -0.00350853634945998
-0.45899638800589 -0.130785656040974 -0.265381943501929 -0.0794303988043356
-0.412698633881993 -0.288791497713416 -0.256876947052544 -0.216060616028849
-0.410830022044335 -0.339786168989969 -0.113481534521776 -0.0272664322599324
-0.466882754621604 -0.289814695611199 -0.0852928044096807 -0.022668138770837
-0.574369471738008 -0.0402637824809928 -0.0189968982817015 -0.0827594196600267
-0.511647270660122 0.24593830545485 0.0223869270903202 -0.0401323276066862
-0.31030666269288 0.385973804476646 0.0471429497998548 -0.0618905198766764
-0.112467586762768 0.432835963037489 0.0383478540095769 -0.108855823625621
0.0715170496670655 0.420474996754835 0.0256203399617234 -0.0978874169820791
0.114303021276363 0.36058808238366 0.0225949603117111 -0.0895889203895705
0.15536465739713 0.37453764026807 0.00948105363179981 -0.0894195033964047
0.0353060937199573 0.440950469687714 0.0393441099628444 -0.0759057105087814
-0.110131382299934 0.437192538303402 0.0738881178139112 -0.033535464339168
-0.323599091400894 0.432212818773008 0.00994530175777306 0.0540791313830774
-0.517864293670476 0.22290163678667 -0.1189872430591 0.035342755335116
-0.549955725816341 -0.103666960520587 -0.162686984316687 -0.0293374055384921
-0.525101879404429 -0.303393310674206 -0.119969597471159 -0.090546307684241
-0.439656595086064 -0.325202317050693 0.0283240808826197 0.116536102216157
-0.509050475976611 -0.27000316581936 0.0405346504089399 0.0528973363182758
-0.607899201939138 -0.0201781976972579 0.0229878622282583 -0.0621001341609054
-0.532458817122404 0.264627999382537 -0.000298611357368227 -0.0218893000416345
-0.331700670693516 0.404947591954303 -0.0190947347521671 0.021038028890993
-0.128528572790113 0.449654484269444 0.00428108594503193 0.0343910060249887
0.0631011178523972 0.435417599635663 0.0334015679593519 0.0658569303428596
0.103768907167152 0.370334117249611 0.0568417028252054 0.0698886672298713
0.141333440798171 0.379385199855303 0.0494589644321302 0.0592080534081422
0.0219459719826578 0.438884659089785 0.0689306873899489 0.0532627755875669
-0.12234362540807 0.423191132738668 0.0789030541831209 0.0634216863157135
-0.318982261358884 0.408673010864926 0.0258822358128158 0.0973946337886638
-0.493110197333879 0.225006147155228 -0.0584207835663998 0.0568169646004139
-0.540587841143783 -0.0788048571418188 -0.0387916887889201 -0.00149574234940285
-0.545428632726358 -0.275880662634042 0.0428979044101511 0.0227898340402885
-0.404935252723258 -0.251357622396013 0.165717852840901 0.259227292460414
-0.459372820333828 -0.192734744843724 0.164113564611397 0.134124144780911
-0.519903355427182 0.0150932283680828 0.0642004981073031 -0.0183016553223672
-0.442587803079327 0.238222369281611 -0.017411029684751 0.0129840227301687
-0.281909393927311 0.344410581642172 -0.0733804135350212 0.109625520389589
-0.11353732029529 0.386854790973453 -0.0228302438263746 0.178499472219513
0.0492283999897749 0.379059037976992 0.0416441288653723 0.221215394758422
0.0764383078047858 0.324730357130654 0.083141328533396 0.21872934471996
0.0982629204680017 0.331085676281327 0.0762417574262921 0.196470948629606
-0.00996847711492935 0.371778189166931 0.0782757967096815 0.170218452539727
-0.137138755686492 0.338665048625474 0.0603917042075149 0.145741905456179
-0.281299022875645 0.298607073075567 0.0223746307669214 0.122993767136028
-0.397729712318034 0.159954428709707 -0.00865335502382645 0.0631151736628527
-0.440224808295994 -0.064472523227324 0.0740951542597944 0.0118556877543583
-0.474086781981625 -0.217057727644479 0.194800806746038 0.115266107648497
-0.300328574205687 -0.134767705815781 0.276026489853241 0.371328212698487
-0.316173554027397 -0.0806465415591994 0.264588061897194 0.196157594655844
-0.328382698697128 0.0402085050328197 0.102970712124306 0.0333467921197328
-0.266481292088372 0.154854337102831 -0.0187787945398255 0.0509232574856509
-0.184022911183999 0.217183682798695 -0.0986549398842606 0.18058040978469
-0.0817506432173658 0.256313005769481 -0.0319911846140881 0.289868793577424
0.0254815854794993 0.261215347511462 0.0506767565940064 0.341098593342625
0.0375285693108011 0.231047351134808 0.0961977285343475 0.335015318533143
0.0424037354528372 0.23791982117664 0.0817673845323283 0.305470480990454
-0.0405678711779625 0.254639159663412 0.0551090924885098 0.258985617098585
-0.131801599219724 0.208148339514264 0.010492595945466 0.19937322438754
-0.205328648134672 0.149277064975368 -0.00478556995462319 0.125830384244314
-0.247986977748784 0.0749566758390849 0.0216734691573659 0.0590236464737747
-0.280942435432329 -0.043551028936726 0.154067829515429 0.0208268809543419
-0.337340189253565 -0.130151691968404 0.309722657748204 0.184022241649883
-0.140248549929728 -0.0035272618231468 0.344007431187467 0.428996932050233
-0.112841852259308 0.0254276137529517 0.332042923177692 0.223673816329959
-0.0892762686328065 0.0377949740747191 0.141287712276804 0.070161893975826
-0.0662203438991693 0.0354632117075394 -0.0041318347831156 0.071295499137424
-0.0739725376135668 0.0522452042841641 -0.0953040462888485 0.21538351696834
-0.0482266165417588 0.0862796852422785 -0.0230524083783937 0.348949185650285
-0.00842303929683271 0.105491890486808 0.0603453950844502 0.403625067493468
-0.00686273886213062 0.102721545395333 0.0945539900867731 0.399492148687434
-0.0103768912130941 0.10975403099665 0.0649998895541441 0.373294211207965
-0.0489857709161301 0.108709143870531 0.00555158382616587 0.310526231518894
-0.0873616188860313 0.0675019864810952 -0.0580906478687061 0.216299756869726
-0.0856948574952056 0.0166328075465986 -0.0406452145998548 0.104392334652527
-0.073593823280141 0.0177603600318446 0.0391711191365004 0.0493330822774199
-0.10643739368979 0.00797964194411759 0.199875810392634 0.0325662714070753
-0.169346318739036 -0.0184782775494298 0.376643338636807 0.222951733647677
-0.0462216028590451 -0.111527594814465 -0.37969739901612 -0.212107114485689
-0.0691167613541158 -0.0899420151586424 -0.271658389137948 -0.0507035837459002
-0.108821414334794 -0.00533036708482807 -0.0546574291423771 -0.0302384991539803
-0.070098860523528 0.0734123186682625 0.0522046619668765 -0.0422285074080852
-0.00433375174555065 0.0730435839218043 0.125510827770351 -0.175305954037826
0.0215005036743505 0.0616111273952135 0.0530543963547031 -0.310330229960643
0.042392475673635 0.0475266690943771 -0.0253963562009898 -0.369839838283872
0.0481887909421164 0.0435146724019071 -0.0672832683249375 -0.390098080271357
0.0523271875318846 0.0578397220286198 -0.063251055000368 -0.382807761357728
0.0220899156974443 0.0830005041637456 -0.00736289623534437 -0.335141881854888
-0.00860393932309658 0.0963156720483247 0.0543062110368268 -0.23225823583256
-0.0852308221081835 0.0981084974284248 -0.00797496689209797 -0.0931413099192563
-0.128567127395687 0.00280708841869362 -0.159468702912748 -0.0922348562733647
-0.0654354961141682 -0.0868800612342478 -0.296117662067874 -0.190063749890813
-0.0192351239268213 -0.0991431517193277 -0.327973946736974 -0.411810200511499
-0.187038643388866 -0.208858604603622 -0.319951408078843 -0.204004909494824
-0.210846143215493 -0.172664357633205 -0.241110148729665 -0.0745397809382836
-0.276067466285376 -0.021578245902468 -0.0604778459216445 -0.0539140251327607
-0.22716654789664 0.136246810418888 0.0504607625913173 -0.0364590386885458
-0.112136497810075 0.191695587546636 0.128609470729775 -0.15311166159338
-0.0205335805612319 0.205016441829739 0.0682927996319083 -0.28063994077736
0.0613912626738814 0.195817680593138 -0.00163787168633424 -0.326280303862702
0.0786678667499958 0.176300698910788 -0.0420027857534354 -0.334603801827568
0.0935324483776767 0.196318609319627 -0.0496158689236169 -0.324682309421293
0.0160905496576449 0.239217849390272 -0.00159760114568116 -0.282941606484174
-0.0678049027766678 0.238508972276729 0.0565701970933406 -0.189425133688819
-0.20772304678273 0.226705383800086 -0.0159686692239941 -0.0479184888777386
-0.309304148579138 0.0680748780862756 -0.177709291301766 -0.0516848690649689
-0.267718789066563 -0.131278813285046 -0.301858208059392 -0.139759869232549
-0.215190770510359 -0.211455306593866 -0.315888737925063 -0.326963953003012
-0.305292282288396 -0.287179323840435 -0.228337979404186 -0.142449478633851
-0.339227592024035 -0.247279193916795 -0.177128855539518 -0.0686373377484889
-0.4297222463491 -0.0420054596649662 -0.048888468926183 -0.0755956863441078
-0.378721101639577 0.186751113374415 0.0393083952739897 -0.0392309568559491
-0.22084141715483 0.294271806731516 0.100073175078264 -0.116690178727019
-0.0709966956333379 0.328863071577582 0.0605520697465316 -0.210969762325532
0.0668532240925432 0.321272409412663 0.0157536911300051 -0.231135132417728
0.0980476311738873 0.283187282665999 -0.0103957891708563 -0.228332409557123
0.128314881435289 0.299651491658647 -0.0243807826752014 -0.2189762334409
0.0245195508353649 0.359386649922663 0.0137507226197147 -0.191389404358923
-0.0964752774278577 0.354616815035024 0.0608978781702374 -0.120599971025192
-0.282320370508666 0.345133138005447 -0.00882998373110095 0.00372051099855583
-0.439746949839621 0.150098461653064 -0.160105284127218 -0.00443498230329102
-0.434067760714969 -0.128220470236131 -0.253049304803045 -0.0795180542495222
-0.38455880049787 -0.276580442611167 -0.239299855532376 -0.210733439686489
-0.385363751950845 -0.328423147295894 -0.110290534497602 -0.0320783984535728
-0.441858835227302 -0.284327715709553 -0.0802025516930864 -0.0242909950748616
-0.544193942468959 -0.0423603420486073 -0.0195109243168805 -0.0809815043980723
-0.487193524499847 0.232220897273661 0.0212450843315553 -0.0394599139364055
-0.299031360467771 0.368830951097083 0.0446531726554741 -0.0601254363270813
-0.109195244002005 0.411021875062692 0.0344951602444088 -0.10276681862097
0.0641609007255827 0.39976035440004 0.0268482704911047 -0.0957340718646799
0.10417521699715 0.345551756821546 0.0235065819029051 -0.0877247215565506
0.143567006920161 0.355625490234221 0.0109610404668196 -0.0849467620392293
0.0311628189544528 0.421471295362537 0.0402369546451497 -0.0741301490052318
-0.106904574106508 0.417100715058482 0.0705516626487132 -0.0339507269748333
-0.312395202232432 0.408758776423503 0.00913283788047031 0.0544067927539047
-0.493984094365234 0.211077990699788 -0.113683561332559 0.0327155938319542
-0.521108919866685 -0.103926654834597 -0.156588545889603 -0.0304025153944051
-0.492489910925579 -0.288859532037907 -0.109907650373856 -0.0896085418690149
-0.415642771095768 -0.316360654999642 0.0221493780914866 0.107130632430838
-0.482950462049024 -0.264878552182613 0.0373230992582531 0.0482944128854368
-0.578170012036683 -0.0208570436455172 0.0216719091113817 -0.0623217862067899
-0.509435002468777 0.251701830470026 -0.000258672464152256 -0.0231306225706749
-0.318442630187167 0.388214463064367 -0.0194085748326588 0.0177997304373846
-0.124870414932615 0.430511629374113 0.00102488827737857 0.0328960532784078
0.0555535128503886 0.415001243675335 0.0338433003648522 0.0599032610675935
0.093973137807646 0.355783806536355 0.0548094547139307 0.0656897713996003
0.128768665197045 0.359483143805309 0.0479807599128305 0.0582668876114954
0.0176157974943611 0.419513657028483 0.0667782864550841 0.0499525221630108
-0.118761136377825 0.404395721733595 0.0739409661906074 0.0579881578676899
-0.307001418308852 0.385667406684453 0.0236276993745767 0.0947889739156922
-0.470003578505998 0.212069762969321 -0.0566091274094781 0.0532198640016209
-0.512188708708515 -0.0797453677506159 -0.0388414692395194 -0.00223219089062742
-0.51165862669883 -0.264045205845696 0.0428866622188842 0.021173238005672
-0.383230585842493 -0.246082440973266 0.151048341507289 0.245618645186839
-0.435745290432525 -0.188816028710452 0.153331553309238 0.127293393187959
-0.49551022075173 0.0129631717069449 0.0607096401013781 -0.0195820799893982
-0.423260885961808 0.225751876575534 -0.0166020738148539 0.0100469748669877
-0.271179556045933 0.330929454971023 -0.0724185315701461 0.103154224696441
-0.110761159658877 0.37019025894989 -0.0257893423941014 0.169910203140517
0.0431949322253978 0.360621998677583 0.0400581758455054 0.20896771545504
0.0701010397167279 0.311328399017056 0.079076268044945 0.209157136263538
0.0898468875748928 0.314260927457997 0.0721233755229611 0.189693233867348
-0.0117759069247016 0.354555425081453 0.0739850545858386 0.161857473315686
-0.132220942397312 0.32351941345893 0.0560288110277383 0.13694751984988
-0.269625028906126 0.282142626618327 0.019761718569685 0.118799097341137
-0.377928361683723 0.150161633723844 -0.00939008733111926 0.058987049739227
-0.417631629089358 -0.0642620991594904 0.0682979872119397 0.0117856338707303
-0.446675414099055 -0.208200208138508 0.186113872494923 0.111385438904693
-0.28529137303846 -0.1346697819045 0.256036536668327 0.356081327097492
-0.301719284823442 -0.0809518601118865 0.247403575241747 0.187140969575438
-0.314177175303158 0.0386622281545363 0.0980430492183771 0.0297270211129005
-0.254338827777077 0.148822287868268 -0.0189394873721639 0.0462120390228087
-0.177049378583775 0.208952628552422 -0.0970544510535516 0.170419902083614
-0.0797860551284642 0.245321015361758 -0.0353296244028671 0.276239909519979
0.0220066639816942 0.248267045468035 0.0478709181742057 0.324121193346385
0.0338552315626959 0.221454648650143 0.0912419190320993 0.321329609168196
0.0378217367975047 0.225926305429144 0.0759387207205269 0.293981841221619
-0.0403077277237136 0.242182621086288 0.0507307041230718 0.246943156843557
-0.126397970360299 0.198947232588904 0.00817362881538586 0.187919417391812
-0.195865680307363 0.140196848739525 -0.0062965453948458 0.120121555619672
-0.234977464042574 0.071291358225545 0.0198756017738938 0.0551061088121435
-0.266280793850462 -0.0427773146593794 0.144590587833278 0.0213711244693135
-0.317624378302568 -0.12430118336666 0.295035721811579 0.178770772030366
-0.135426644946522 -0.00742923552074858 0.319679041445283 0.414324462708794
-0.109752377792839 0.023415113705425 0.31254147444095 0.215117548335492
-0.0862814874480149 0.0379026402882799 0.134607393366855 0.0658483324362968
-0.063375996437183 0.0357465522872291 -0.00534440682319661 0.066362950234836
-0.0711494236989706 0.0509579465968399 -0.0938155871150127 0.204157902979796
-0.047029359969632 0.0835389475533035 -0.026346331150248 0.33187349066421
-0.00886046351727966 0.0993387370940856 0.0556626081082159 0.385029354698053
-0.00726045445347084 0.0982209532465746 0.0891726969750548 0.384242142464127
-0.0103639189038062 0.103634785931534 0.0585551725843183 0.358065975817551
-0.0464761411001986 0.102492343849206 0.00287666840696329 0.296499302661085
-0.0829348072222576 0.064546403312259 -0.0575298507550371 0.204560310088409
-0.0809276249013255 0.0157930480058629 -0.039542301674077 0.0988387795228633
-0.0684732645261941 0.0184204217476997 0.0371845558617823 0.0459637695257133
-0.10238855359264 0.00792061620115957 0.189187473058742 0.033223407019181
-0.160964208144323 -0.0177478464567572 0.357574918813906 0.217311012667376
-0.0409010670097898 -0.109375269205317 -0.368202611842345 -0.223082764022412
-0.0638086808301451 -0.0935286148426099 -0.263887337118431 -0.0567546130190538
-0.107253736420691 -0.0101941165864553 -0.0546783578847873 -0.0304798450127338
-0.0714322828951564 0.0699361982642216 0.0520822894986245 -0.0401828136066436
-0.00678309464481353 0.0723225959130415 0.129494406392052 -0.171524454763769
0.0204440089064446 0.0606890888444201 0.0607009356905333 -0.305074149951889
0.0406246685787825 0.0487680025896841 -0.0164187445601031 -0.367806689789758
0.0456016770419295 0.0447082926263452 -0.0580546572557348 -0.391867025310215
0.0493203440409117 0.0584322382606107 -0.0512767649874183 -0.38188655387719
0.0190094127766265 0.0833599273177471 0.00285327708945134 -0.332819554575272
-0.0115561310846239 0.0954368520954993 0.0604704958075577 -0.228026918453834
-0.088298383456068 0.0946001430557227 -0.00465231286740254 -0.0908857529766778
-0.128270169433022 -0.000812749767557743 -0.154839695475616 -0.0946038715865987
-0.060551108338822 -0.0893433492332049 -0.286382023233842 -0.195919190012014
-0.0150242644404699 -0.098835106125963 -0.310709117101272 -0.41722421889898
-0.176690512548022 -0.210784529148543 -0.311248673497174 -0.215301233326633
-0.201892704740877 -0.179016747790136 -0.233381584325955 -0.080371021468492
-0.270808536079104 -0.0297618342950229 -0.0599324558856971 -0.0549818018606344
-0.227842845513661 0.128470370094824 0.0501466382354603 -0.0350429926160384
-0.115972793382449 0.187667954177803 0.131830527637113 -0.149139703281794
-0.0251862056305043 0.201652750642114 0.0743669467552432 -0.274962966771888
0.0549970742638479 0.195142569080656 0.00684806996340859 -0.324996528764556
0.0720936443800213 0.177367352479002 -0.0336205040572072 -0.335931219507516
0.0857912438241679 0.196355434116346 -0.0392628802266468 -0.32387336704544
0.00933066198490196 0.238752834101351 0.00812075150124319 -0.281640801912386
-0.0736253800165299 0.235475730353486 0.0610228418304136 -0.186603569466046
-0.213383436512918 0.218131205608457 -0.0142609428453647 -0.0458587536690543
-0.309459190383911 0.0594651433623813 -0.174552552941524 -0.0546577141722999
-0.259326453275141 -0.138396778599693 -0.295194426267437 -0.147127197255157
-0.204246143358401 -0.214176236312956 -0.299876448832063 -0.333818310171838
-0.291117679032158 -0.292735801617221 -0.224016964975538 -0.152540830628014
-0.326938566823548 -0.256726998443624 -0.171758228370612 -0.0737767258628818
-0.421976957158109 -0.0525926591673885 -0.0483020836483406 -0.0774162263796919
-0.379103047295279 0.175925136816099 0.0396597927387728 -0.038577003769634
-0.2263999548668 0.287682317866723 0.101976198620606 -0.114554723119043
-0.0778436484011125 0.324807285231919 0.0638702153492259 -0.206293070466524
0.0575770247376403 0.319316062335641 0.0227471302367675 -0.230763375797317
0.0882659524547301 0.283587030320126 -0.00432337152915319 -0.229244767727792
0.117183810073504 0.299129027703759 -0.0170437168123309 -0.218377206827978
0.0142623367282634 0.357513506916111 0.020383558132163 -0.19084779391087
-0.103598601660603 0.350668514359741 0.063194806299702 -0.119648086170601
-0.289899243460981 0.332581754910347 -0.00852978986655957 0.0061077660306098
-0.438541003097821 0.138805008095187 -0.158927765258754 -0.00820797446714889
-0.42262436166769 -0.140008122048947 -0.249077488322632 -0.0857892823115184
-0.370583877324283 -0.281928889517383 -0.227275811661465 -0.215948454141427
-0.371390221785256 -0.33637303280701 -0.111348323209913 -0.0391053298323384
-0.426876822634992 -0.295728630429606 -0.0782932032771339 -0.0281359162043016
-0.535495204633551 -0.0560701153854931 -0.0185953914540246 -0.0833946556617717
-0.485521675305459 0.21802135949348 0.0213931863155255 -0.0399662366134877
-0.304916327130512 0.360345814960689 0.0458457373267745 -0.0601354120326696
-0.11820023328931 0.405318178199114 0.0347905705069131 -0.0994241754775158
0.0532067260148186 0.396511722317155 0.0312342129166527 -0.0969311725325364
0.093307468047827 0.346182659042751 0.0260182296994468 -0.0882486890327916
0.129441194161618 0.354916501728585 0.0148977723085551 -0.0836632008328021
0.020240369361923 0.420703571874084 0.0435179321025284 -0.0745779365821931
-0.116977395849613 0.412485321939344 0.0700123094578001 -0.0333958428863402
-0.320282826947979 0.395742124790817 0.00765217537807134 0.0567284538401094
-0.494870597277798 0.196689111647627 -0.114123615406342 0.0291278790334435
-0.510644024959293 -0.118028085920973 -0.155370900963788 -0.0341124684667679
-0.474889318972998 -0.297624013101135 -0.103775896276961 -0.0931637938536683
-0.401911998191422 -0.325132791501335 0.0147771669147973 0.103282067916096
-0.470747641501072 -0.27708876222749 0.03546412225969 0.0472709008406429
-0.569237883725605 -0.0337237781632358 0.0215974888972222 -0.0639869462476769
-0.508824229963704 0.239295002399656 -0.000248305794724565 -0.02531409494385
-0.323625938456687 0.379271087931275 -0.0203376632675919 0.0156810112947858
-0.134430928857283 0.423725153226169 -0.00250831248408738 0.033085198189346
0.044663650043917 0.41078711179782 0.0336186624548721 0.0576679548783937
0.0846946300907305 0.354236036672429 0.0543195394994804 0.0650595097168845
0.115990750332132 0.35761328550126 0.0472869016454824 0.0593454203794831
0.00687695690108935 0.415675892743826 0.0657270180447634 0.0495377820337265
-0.127273232751435 0.399253076290834 0.0708232024125137 0.0571801175429051
-0.313665635728898 0.373572160572549 0.0209094872907904 0.0969816287516731
-0.469849333550641 0.198980949576144 -0.0585080070875984 0.0505046596330974
-0.502887366835179 -0.0930308648990096 -0.0399276121274986 -0.0032211582430083
-0.495185319192156 -0.272812456882771 0.0443396208185672 0.0206895689237098
-0.37259430758884 -0.25643026626291 0.137921983693064 0.24608719393674
-0.428901511632676 -0.201810340156264 0.147006583084036 0.12821509004726
-0.491473563977742 0.00221401815808925 0.0600400347785772 -0.0212468436111821
-0.423289399136938 0.21711890693757 -0.0175374418531602 0.00711247231650115
-0.276066326216592 0.324219157264279 -0.0751418352819816 0.0991021905208438
-0.118866602661717 0.365544898620133 -0.0321024125227689 0.167562650668582
0.0320190874709894 0.357005288577777 0.0368502962693846 0.205825139541427
0.0606430688981141 0.31072991961599 0.075590842188419 0.208933136490659
0.0791799004200067 0.311560513742446 0.0680357180822386 0.191649192213302
-0.0208195802001533 0.350482816497522 0.069438847743129 0.160942853906977
-0.138457629846724 0.318198210769763 0.0508987302404425 0.134995606763355
-0.273855676465462 0.270893694778071 0.015778050609848 0.120043593009712
-0.376717027136723 0.141234349188833 -0.0120037250480413 0.0575515912883167
-0.409310252273741 -0.0736431543573866 0.065035169768913 0.0131596282983393
-0.431120222601783 -0.215714609803287 0.182919973396689 0.1152770552735
-0.280492464401276 -0.143668441426818 0.239917684198245 0.360065330340454
-0.298570776230359 -0.0894592580513603 0.237478938411327 0.191650417612515
-0.312277325403304 0.0327429578283355 0.0955206139673726 0.029247173809224
-0.255085442521582 0.143219508570195 -0.0204768451740934 0.043197200975131
-0.179738659106459 0.204652418092585 -0.101586678847423 0.165381986789449
-0.0849701432482853 0.2428193130577 -0.0439981116627704 0.272348896260668
0.0144987132290823 0.245767749135756 0.0405086863212268 0.320622300684127
0.0279165319722549 0.220511388230747 0.0847399689539154 0.321332337676404
0.0307844668179123 0.223059026871519 0.068160088125594 0.295168340863482
-0.046421273230496 0.238461528243837 0.0429283626812341 0.245481671615349
-0.129024327136676 0.194452539420019 0.00221907634929982 0.184344591334933
-0.197086180958676 0.133072311703916 -0.00951461969553423 0.119703262097827
-0.231814598801013 0.0660942008125453 0.0175015922978099 0.0540614147373664
-0.262330024414715 -0.0480830611308575 0.140383021299541 0.0251607403229344
-0.308766302680615 -0.129584818312646 0.287936358019847 0.185455283234703
-0.13643017938275 -0.0133709878874855 0.300812334904307 0.42083643350172
-0.111072868681179 0.0205099232491974 0.300047749040499 0.221787579974962
-0.0869482896271128 0.0383845990904361 0.131454005712892 0.0664615139262455
-0.0631391919646827 0.0354129007946853 -0.00754387115575326 0.063933078243886
-0.0712980236773082 0.0503501853076787 -0.0995595899267583 0.200769653600073
-0.048935906786433 0.0826822839330068 -0.0360322273283007 0.327433625612211
-0.0117871850297624 0.0973420848923897 0.0454733054337368 0.383119495977846
-0.00877878510917513 0.097176794923253 0.0804504725358432 0.383980381948264
-0.0124397733519314 0.101438267051962 0.049690222151711 0.358148358851877
-0.0483383313893837 0.0996763951412833 -0.00557383947970583 0.293760246719083
-0.0830054642124381 0.0621878069054262 -0.062965350353685 0.200151142043456
-0.078710671720457 0.0134175264899177 -0.0421945076769996 0.0971655370439908
-0.0666239488197539 0.0174788269650154 0.035326492260689 0.0453580201715621
-0.10276974787832 0.00678718630859429 0.184401003557648 0.0384433211322952
-0.15839356802199 -0.0206215455416645 0.348792472912941 0.226117553015988
-0.0374782943275042 -0.112129242609235 -0.375011599748088 -0.239709165787711
-0.0623331451445682 -0.0999812006991763 -0.267252377990747 -0.0633075817474624
-0.110115779967333 -0.0145114246245131 -0.0571867411474003 -0.0317566573816176
-0.0750861043391399 0.0700072344217492 0.0538570866488542 -0.0403661757972319
-0.00843673449356642 0.0743163805030176 0.135820377542123 -0.175819031812641
0.0204855795559913 0.0619813750481919 0.0673306177066437 -0.313237124890133
0.0409075661944566 0.0516086993064388 -0.0116238023198975 -0.380254686441611
0.0457064381356424 0.0470526402902618 -0.0554632882934122 -0.407303568788783
0.0489246113523866 0.0610041278076915 -0.046066183062223 -0.396814040922621
0.0178553290220656 0.0872397906044648 0.010593875353398 -0.342858164004121
-0.0137544196082965 0.0975830117671573 0.0666311906955024 -0.233061364380585
-0.0936355712012169 0.0953246085180267 -0.0024468195539721 -0.0930459365411605
-0.133200898105678 -0.00287518741058197 -0.157658514673326 -0.0982927035311638
-0.0589481893982056 -0.0951249293674549 -0.290108057934157 -0.206650088986104
-0.0126749165868414 -0.102143745959447 -0.309229887638931 -0.438127965916172
-0.175597309332525 -0.219324489543026 -0.316938608086471 -0.232511473958535
-0.202754659678785 -0.19085767859679 -0.23598200911996 -0.0878970282234292
-0.277144444752367 -0.0354919825049971 -0.0624695951931134 -0.058006130067278
-0.236435553446643 0.128357510339301 0.0516524282063006 -0.0352458580603926
-0.122713588656401 0.193103145332928 0.138115817697479 -0.153822831525072
-0.0283762809635503 0.207319262737586 0.0803693368691247 -0.281970017580842
0.0534160422956083 0.202821887806496 0.0135840231086921 -0.336314390765941
0.0706766906141277 0.184408273699159 -0.0305898309048728 -0.349728060633147
0.0837700449958984 0.202979693240328 -0.0341778266435769 -0.33608043742991
0.00566966998520562 0.247333017577347 0.0145443204422529 -0.291584103075929
-0.0791382560173301 0.241162274102929 0.0661802669604159 -0.191116464026791
-0.224091543760796 0.220669606602577 -0.0135717341001553 -0.045139993862766
-0.319771812185939 0.0567827654556471 -0.179332350614053 -0.0591351601477847
-0.26233034523174 -0.149433868349037 -0.30169299245663 -0.156083398690412
-0.20424392652583 -0.224095312626256 -0.30089919557553 -0.351198054607259
-0.29172464674654 -0.306665858004354 -0.23006756874892 -0.165347013657333
-0.331487774137926 -0.272361961677347 -0.1726034888294 -0.0802291854196793
-0.430725755181144 -0.0598320924316104 -0.0499941311238232 -0.0815829677815068
-0.391230561543088 0.175094812126757 0.0405949884303087 -0.0395369631381234
-0.236985080049484 0.29537111132041 0.107175335453942 -0.11842405019521
-0.0844568676299582 0.334065456008851 0.0686334342269041 -0.211167352556563
0.0532606102889636 0.329675611952321 0.0289359415568487 -0.240235513433086
0.0873408530663136 0.295018935600647 -0.00203075113058115 -0.239657678786575
0.113293410949419 0.309509264746553 -0.012568872412848 -0.226404658170247
0.00938757257913328 0.370122040845412 0.0259381387818465 -0.1982704140794
-0.112361679533944 0.359950030442509 0.0668342250435015 -0.12320102215567
-0.30445620219097 0.337569756543029 -0.0084384709197606 0.00904647934683206
-0.452948945132553 0.137500599580042 -0.165092341430414 -0.0105763722473282
-0.431131889800437 -0.153185292831157 -0.255529372945292 -0.0925781840303335
-0.372546219172241 -0.296593793417435 -0.227728670418199 -0.229817679427943
-0.374537644323718 -0.352612505122684 -0.117944489191677 -0.0462026667280969
-0.435294940015681 -0.313430645368372 -0.078324876957237 -0.0316552929856302
-0.547575140806983 -0.0632266947103317 -0.0191295901437453 -0.0883568911412108
-0.502399378112561 0.218451503630611 0.0223765471553677 -0.0419958386046277
-0.318541976881544 0.368890229321634 0.0479700961860793 -0.0630056982637019
-0.12657856990474 0.417526516595421 0.0356178400417441 -0.10134342006673
0.0472349523989557 0.410090069122914 0.0355852011350253 -0.102459277512057
0.0907414981675048 0.359500587689709 0.0289818884768417 -0.0931162679353514
0.125126528274541 0.366220554828241 0.0184222507704841 -0.0861187085186556
0.0131737370233289 0.433798552403908 0.0473509209241253 -0.0779700024453849
-0.125585147877727 0.424623237845905 0.0721828349513707 -0.0352584794759577
-0.338072164577601 0.402255585358977 0.00809096948027344 0.0622380351260468
-0.512230114267455 0.19740530563662 -0.119220761722994 0.0286555071027002
-0.521561549293126 -0.131158221579263 -0.161086553135618 -0.0378663054189703
-0.480212187307039 -0.314074403035895 -0.102648687473606 -0.0989182765848646
-0.406997465370976 -0.342774869988841 0.00859779538466351 0.104185625532823
-0.480810502662455 -0.296693437599232 0.0353881480686938 0.0473119254548056
-0.583280002374246 -0.0421109776158401 0.0219446593036571 -0.0689536034266025
-0.526649744785291 0.238928362898638 -4.29496520689385E-05 -0.0277410548014079
-0.338898693476911 0.387640279687054 -0.0211086004793859 0.0140758375906582
-0.142473521093412 0.436797130744327 -0.00510800289099242 0.0352973159199649
0.0371677928927517 0.423946193385554 0.0368349864370246 0.0567042314152382
0.0816519321705917 0.367974932456278 0.0566941215964942 0.0664485982825169
0.111551488065746 0.369495395437607 0.0500014440709432 0.0626914093704651
-0.000769016018851565 0.430606659515717 0.0681741571200854 0.0498308341885027
-0.137611138954497 0.410318981235166 0.0714010549987482 0.0578111462059777
-0.330972190590917 0.378491889425896 0.0207808600130872 0.103832821807246
-0.484373746435674 0.198915636394172 -0.062766970473716 0.0508026883536621
-0.513155200916384 -0.106282435211443 -0.0437745562729181 -0.00416297286629044
-0.499112012640389 -0.287747221826183 0.0471466008487441 0.0210640925016571
-0.3791968399728 -0.271416821777777 0.133025448911196 0.255499682449325
-0.438202619899307 -0.216980082114285 0.147670551454603 0.133622319816758
-0.504502480895591 -0.00317075454425999 0.061064316088379 -0.0243526480051468
-0.437445304101883 0.217493783177315 -0.0180130203118832 0.00502731591643794
-0.287543908744857 0.331893819033256 -0.0791902061594075 0.0991290240514243
-0.127690466228533 0.376931954997183 -0.038188970909273 0.17264706441102
0.0265975226979992 0.36767873071761 0.0367711320625984 0.209798865332
0.0580100546133497 0.321695755095431 0.0766946124973222 0.215363769190473
0.0740281271068147 0.320617563017937 0.0687738884217639 0.199697200728542
-0.02734366383668 0.361161961239696 0.0693903525218173 0.165526540190991
-0.147207721649786 0.327169837620909 0.0488970090873651 0.137652935217543
-0.287135509210631 0.273885338065035 0.0141099341613833 0.126022452842621
-0.388360173201785 0.141025211108742 -0.0146317764080554 0.0584020642469703
-0.417830278557783 -0.0839420817618296 0.0643570380062837 0.014929323516909
-0.436060701730128 -0.226878835176501 0.187427166619172 0.121704108679516
-0.288387457909169 -0.155434449000603 0.235394285924359 0.374663793050708
-0.308435162878545 -0.0974344896082959 0.238894487700295 0.201047077680953
-0.322343150868792 0.0320692472280197 0.0972669836009923 0.0282929415765023
-0.263832410932542 0.145988607036879 -0.0216517582763106 0.0422470753225749
-0.187255018996456 0.21028493607105 -0.108056854992241 0.168999315675785
-0.0907564948849569 0.250560499901786 -0.0517183142466979 0.280283123799951
0.0094419128640432 0.252512945519615 0.0381461911834452 0.329786389732105
0.0257540253252061 0.227997856305787 0.0845472373082153 0.33279866274445
0.0270516285275706 0.229101804636413 0.0669721927710703 0.306512196276664
-0.0512907989472089 0.245644856713777 0.0402794262122532 0.253311651753584
-0.134978391230124 0.19928028710158 -0.00244996382610486 0.188435356815819
-0.203578780795888 0.13406520827365 -0.0120610063375993 0.124444103302273
-0.237578675691015 0.0656301621287063 0.0159068773402414 0.0550894182869768
-0.267701355269808 -0.0526985690027229 0.141827286846096 0.0279621397777772
-0.313120184094195 -0.137333803569224 0.294732622553688 0.197309613192207
-0.142310014025193 -0.0184657184446998 0.298759748533937 0.442370548751981
-0.116226858772261 0.0196150589704287 0.302276859989135 0.233174045253254
-0.0905731315961383 0.0407106488534694 0.133931000628897 0.0680199878031991
-0.0647644726228511 0.0367435763465277 -0.00912952903764254 0.0646506985099231
-0.0737396278268908 0.0518672088622551 -0.107285888672036 0.205979028310218
-0.051480379345211 0.0858358122430132 -0.0445821782488975 0.33738591119365
-0.0145195820673612 0.0992174362989816 0.0422312523709875 0.395387357165389
-0.0100224827497862 0.0995018234941501 0.0799236738537814 0.398355134729401
-0.0147462118066456 0.103621244510514 0.0466652626422868 0.371737187892138
-0.0508687481687633 0.101736743021219 -0.0109625703124828 0.302810624976452
-0.0852520978942476 0.0631126949825374 -0.0688476767743388 0.204652003290491
-0.0800614486895888 0.0131540748947926 -0.0450324192282953 0.0992298180663399
-0.0670070394726942 0.0182311734721049 0.0351978265933889 0.0469938757747324
-0.106180868014096 0.00757852199869481 0.187412836936622 0.0424432107427128
-0.161843380375063 -0.0232699239684266 0.356366193405547 0.240659764830789
-0.0391747433352825 -0.115958138496667 -0.398085433967135 -0.249183691241337
-0.0669933590122612 -0.106960291756557 -0.278177057910477 -0.0623684988865809
-0.116501142277699 -0.0143791599215587 -0.0609710004395813 -0.0308108986808435
-0.0783713494130503 0.0743771077151008 0.0553944753426558 -0.0426068310456666
-0.00786282031748259 0.0785608162672648 0.139446099135572 -0.190147353314624
0.0233535084352324 0.0642292245502246 0.0650701411899108 -0.331834720486281
0.044924318185169 0.0532619226819044 -0.0210421303830265 -0.400716962459082
0.0486883397683489 0.0486591642754285 -0.0710627385661353 -0.429969365981236
0.052128255181868 0.0636821511976475 -0.0573040891751067 -0.418835781094735
0.0204038967164806 0.0925874692952531 0.00570585318951935 -0.362420934007275
-0.0131629408547474 0.10249389387585 0.0664253083718922 -0.246129837038632
-0.0977431533029755 0.10226399126331 -0.00396572887296061 -0.0958886971536682
-0.141105704993922 -0.00091968381920295 -0.168668526062336 -0.0986782553854121
-0.0635427884706821 -0.101645058195253 -0.307489958640307 -0.210861251299895
-0.0145608699823621 -0.108159207991053 -0.33178327632944 -0.45656023158441
-0.186801133641806 -0.226632914241197 -0.340205827212 -0.242930599036753
-0.21716066266888 -0.199777689798044 -0.247492456894873 -0.0887798218818423
-0.291584208193928 -0.0326859459716745 -0.0678517416365657 -0.0591579205807942
-0.245875980471837 0.139773158619989 0.0526662534709285 -0.0380852254234126
-0.124884596369887 0.207101728061159 0.142305981772112 -0.167332567028064
-0.0245138170733687 0.2189513286439 0.0786460507571982 -0.297987901656231
0.0606761420206688 0.212022505940641 0.00733589809308342 -0.355956622638441
0.0781632168960519 0.194366363868678 -0.0424101190349758 -0.371637777951808
0.0907021117676284 0.211959150628192 -0.0424144954888861 -0.355837139194618
0.0109445743960155 0.262346782896422 0.0107406288354535 -0.309183333512322
-0.0779123582901157 0.256201493683762 0.0663259391132554 -0.203049037495164
-0.233207876644072 0.237406555282553 -0.014219135646358 -0.0447846703184896
-0.336685374845486 0.0677649804166458 -0.190554675511727 -0.0573272920681488
-0.27804229601574 -0.154924639691148 -0.319534911099358 -0.157730299202052
-0.217660499075847 -0.232250403698422 -0.319854382879986 -0.365901980654407
-0.310788049379058 -0.315613405755357 -0.24881260520827 -0.174039566266794
-0.354601841733042 -0.282885880699181 -0.18124313286929 -0.0826380400175905
-0.453275677152402 -0.0547035464271432 -0.0563465147381556 -0.0856394490933919
-0.406617039617493 0.192440966936335 0.0408941179456097 -0.0428626167377716
-0.24194810709104 0.317955091630764 0.110388780022029 -0.129209125909089
-0.0807611990737678 0.353437744632056 0.0672156067878632 -0.22299515592144
0.0622580766839148 0.346127693127922 0.0267023604666905 -0.256385308208904
0.0980554735960386 0.309787421424831 -0.00850009147611155 -0.255838775473565
0.123637190624443 0.323092913798948 -0.0169860404132792 -0.23973675915408
0.0181828864597775 0.391518662456165 0.0241302217850318 -0.211838114029594
-0.11071895304405 0.382676457623032 0.0679113534926482 -0.132576354721498
-0.315839035175771 0.362563077651676 -0.00754199278247287 0.0129737826407764
-0.475871355033912 0.155259957500194 -0.1743698739529 -0.00614759586066101
-0.454975263510932 -0.155830323715621 -0.271821541723673 -0.0912384108433492
-0.394873092046869 -0.30383011182631 -0.24166145256431 -0.238671368308891
-0.398900328824268 -0.365172111979816 -0.129088161720032 -0.0490993138496823
-0.464646289787853 -0.323450515929901 -0.0823007497270206 -0.0336043048308223
-0.574124255608245 -0.0546105916541952 -0.0240001256247832 -0.0945913845631861
-0.521395951264335 0.241057573088841 0.0219968494045179 -0.0459377759540586
-0.323923532253773 0.399386488971502 0.0499703165807562 -0.0696600306170811
-0.122531582702825 0.443584246681933 0.0345090423093943 -0.106665262801769
0.057135097700155 0.430118464780523 0.0373289061033248 -0.112201338257184
0.103098972944638 0.377196898586408 0.0283345325753663 -0.10144124860989
0.138110842435365 0.38337733532219 0.0192732589134374 -0.0917800242005672
0.0235260214355606 0.458895282456651 0.0492046515027133 -0.0855211096439005
-0.122850753324396 0.449878309903255 0.074953145311082 -0.040483669456879
-0.349365148497536 0.431531286495239 0.0113010928097956 0.068545863956343
-0.533138431846731 0.220572238525396 -0.126693720169123 0.0336818547366674
-0.5492806189787 -0.130158453699078 -0.172210861973067 -0.036380425578876
-0.506672494662391 -0.31975376519974 -0.10765922772605 -0.104231791507615
-0.434011331284234 -0.355744173712002 0.00670487899734664 0.108423548732069
-0.512546907275016 -0.304353964303775 0.0381129970638309 0.0475926804220247
-0.612697701472164 -0.0300447393261819 0.0193495957636442 -0.0761187559501476
-0.545128758068788 0.263997093406515 -0.000870836330493541 -0.0315087730862873
-0.347563792024944 0.418992809091453 -0.0217482610190262 0.0134453046177917
-0.139806603878606 0.464360435551859 -0.00587623791491584 0.038242064612951
0.0481557289756013 0.444722375720587 0.0417397873373859 0.0555126884727619
0.0932427261003005 0.387471664724553 0.0620793943640022 0.0663104738439872
0.121491387478584 0.386435387966833 0.056387660052149 0.065244530184612
0.00984056109093842 0.453282277090469 0.0728250042293053 0.0493748335843955
-0.135509288032187 0.435839382313016 0.0753447017853486 0.057751726142496
-0.341036973472504 0.406510655641646 0.0253493084209253 0.112499253692183
-0.504432704441042 0.2204090538048 -0.0665036750003943 0.0559360339139036
-0.539769306131458 -0.101349119676264 -0.0483556758206473 -0.00271120488912811
-0.52826834675803 -0.290298372313379 0.0522473945833702 0.0206656676289315
-0.406242572294821 -0.281488097993263 0.141039807377252 0.266975144411467
-0.469164913389302 -0.2202837150323 0.156549282189448 0.136940232597015
-0.529652581828975 0.011278095759721 0.0621630344812702 -0.0303686589007175
-0.45406979027104 0.242531571286693 -0.0190388605138019 0.00259950324367693
-0.294840143540263 0.359778196219541 -0.0811364428025872 0.105042155755452
-0.12445753268186 0.402361297365829 -0.0380107265781206 0.183799648735237
0.0341422780896133 0.387114656574083 0.0449284947829151 0.217116087603625
0.0682304863340467 0.338203439892358 0.0876276771279654 0.223664132088792
0.0830740655025033 0.336375837757255 0.0794559941074167 0.209575614449408
-0.0212108410643928 0.38161815160042 0.0762616529296976 0.172166937568665
-0.147119029617094 0.34791633579093 0.0528832454385862 0.142376455683565
-0.297729234784267 0.294883965370855 0.0190825682860054 0.135987216352526
-0.402550149920665 0.158253874092832 -0.0158215019725123 0.0624418972717741
-0.440562870273685 -0.0797200685639775 0.065324645437454 0.0145600373764256
-0.460116145502294 -0.228555606449234 0.201864723017482 0.124487141171718
-0.308971077002746 -0.160047322660742 0.252721644730217 0.394307115415322
-0.328646734235601 -0.0968227286424548 0.253167403067716 0.20701195146156
-0.339002610266345 0.0438038984597945 0.101455981451052 0.0246656258068408
-0.273299047567958 0.161994599202577 -0.0227026611977153 0.0418987609811827
-0.191362071030735 0.227749703646719 -0.110589564925047 0.179663373812818
-0.0888623524383032 0.268633516389199 -0.0500761513600922 0.297933134455272
0.0144248123362206 0.266115929588404 0.0488667166777948 0.344423855865971
0.0322688025945064 0.239413865925902 0.0993854284185842 0.348438726487691
0.0320936402864825 0.240168575342319 0.0799308008362196 0.323346002390118
-0.0478561844252526 0.259259795172635 0.0473757182974889 0.26547465573347
-0.136502311116688 0.213632550732553 -0.000155605164157491 0.197600638208892
-0.211915883906055 0.145749691732386 -0.0103226718932359 0.133273078042458
-0.246278166510292 0.0752992479612504 0.0165006676821362 0.0581012032171749
-0.282376867673678 -0.0488092463813638 0.146636068122742 0.0271100828062867
-0.330610826155249 -0.137252865598632 0.315713854807437 0.203170655968758
-0.153910150058832 -0.0177954388638731 0.321919064501501 0.46367575221656
-0.123668846028378 0.0240075900433348 0.320245452830934 0.241034504486454
-0.0939077820013886 0.0475320800217133 0.140988505406876 0.0663266656631954
-0.0662359085036132 0.041835807019444 -0.00904756975086951 0.066531183732243
-0.0763948832017811 0.0568570912249841 -0.108433271942745 0.219877415535736
-0.0518307997074287 0.0929701902018634 -0.0411933869727431 0.357336744391556
-0.0141959083450074 0.104902953490882 0.0540301390615768 0.41485534489553
-0.0076846754729209 0.104845831332447 0.0952961723277467 0.418592005662926
-0.0136970966466631 0.108433515420556 0.0590696040075171 0.391912548893732
-0.0506952194401277 0.107515901952204 -0.00521941269850982 0.320428295621939
-0.0869953264432265 0.0684599416786234 -0.0695872565281254 0.216568403620838
-0.0825904036530018 0.0152755960451187 -0.04557946699131 0.106079342145106
-0.0682444830998054 0.0216755309281043 0.0375735959959422 0.0483937162771206
-0.111523859772811 0.0125363006603362 0.195469247460975 0.0407963290826173
-0.170281873645683 -0.0205436020828221 0.381707781082741 0.249296879698658
-0.0260776712526059 -0.120183326251391 -0.36482437725458 -0.329878907310963
-0.0507369842631044 -0.117663579285694 -0.27530321507711 -0.111920541573995
-0.115330330641235 -0.0365340935336841 -0.0649385804975789 -0.0414875542189753
-0.0911820975233946 0.0602804490567962 0.0566961838981112 -0.0320215114542626
-0.0250536434269087 0.0748055789834108 0.173138870711966 -0.173153893079033
0.0102168756657192 0.0664348323499243 0.119605141540285 -0.333091315686978
0.0368071426818524 0.0602938893266636 0.0406632750620142 -0.42056333446906
0.0378116186864386 0.0576365345546622 -0.00668659371823041 -0.460301631400611
0.0415724156742708 0.0745111195352465 0.00367129616133975 -0.448504228299076
0.00452582509536872 0.0980435653876714 0.0594823300896871 -0.377463316776888
-0.03415442435925 0.102009108068388 0.108173952049515 -0.246443870164099
-0.119503121100704 0.0876388246474783 0.0150406723270292 -0.106207492887987
-0.147979741721152 -0.0323514731986085 -0.155359678835885 -0.126332761632087
-0.0479057298254083 -0.125600709874983 -0.275767521848429 -0.259091877841517
0.00186219628968113 -0.122224999942664 -0.260349281481764 -0.526783858795123
-0.154141955443817 -0.260088243134423 -0.312629137800718 -0.318244107476303
-0.185968041942316 -0.23713056012757 -0.243793893521541 -0.138343850063533
-0.288122880155093 -0.0849669960447767 -0.0790817978750523 -0.0734133675761257
-0.268784058060992 0.0997094996901527 0.0417557847985301 -0.0279797548453454
-0.164828878836631 0.18599553080233 0.16798498365599 -0.140911898386735
-0.0652774104200408 0.21690927895375 0.126352172592798 -0.291802429482027
0.0261291059431425 0.224828254138692 0.0604213882126014 -0.366894756855902
0.0401655363339637 0.21315599412691 0.0130155942422492 -0.394598790611924
0.0541457802835726 0.235223998309165 0.00679836953152242 -0.382047682063292
-0.0352333884192083 0.273637462559996 0.054539771344209 -0.325795656335259
-0.132608633535092 0.249719364552024 0.103209592122188 -0.209161129230958
-0.285131344566998 0.205545144493267 0.0019604692002009 -0.0638834995331994
-0.364357389128275 -1.46928777689653E-06 -0.179753066326012 -0.0866558412053987
-0.260932751111815 -0.220666972366355 -0.288070783925604 -0.203950548832197
-0.188501108145265 -0.29335609759211 -0.257726901971766 -0.421500519375475
-0.260610320825632 -0.375016864187517 -0.235500016366554 -0.236724062980748
-0.30979375288931 -0.344260158635201 -0.181658586403649 -0.124729075311776
-0.446122468502048 -0.133701435421879 -0.0729473050682751 -0.101281770825946
-0.436864118612176 0.127440159898005 0.0186180016049193 -0.0359096051757721
-0.301882014948749 0.279627362797459 0.123189310860942 -0.100060540462427
-0.145963341229018 0.3466442857217 0.100006009735605 -0.211823902176324
0.00555232411153828 0.362140467131392 0.0628506309592937 -0.256833030561079
0.0372987511290765 0.336829793323749 0.0305907126479574 -0.269003416035297
0.067082748812287 0.354423934227245 0.0151400624773083 -0.258106943949064
-0.0504806124292893 0.408408780787179 0.05157807972385 -0.225707282732491
-0.19093192674124 0.374588345908015 0.0948422334410105 -0.140832974493711
-0.393194009700831 0.322574371643411 0.00242534564109527 -0.011108873733386
-0.525583128910573 0.0644051512896372 -0.16745448785946 -0.0337761604684097
-0.443942012326756 -0.253137372134253 -0.244136782203111 -0.127548157831339
-0.361227644050304 -0.40364718402217 -0.192488531290016 -0.267281699714943
-0.339619362425498 -0.439290562878807 -0.138793573449529 -0.0913887616641264
-0.413690521954905 -0.406050221441177 -0.0913711785157345 -0.0607868549879878
-0.569010712474209 -0.155164359139765 -0.046214258537508 -0.107285947821308
-0.560226741728278 0.159633381109468 -0.00905623206789333 -0.042981373307793
-0.398565391795167 0.349909710987199 0.0482725598674675 -0.0428222949211702
-0.204151717557412 0.434316962542072 0.0466566710536009 -0.0939309983086501
-0.0148371926369165 0.446907395664509 0.0490298411576417 -0.102762451633746
0.0300116234841478 0.407278457310656 0.0451014765644812 -0.102709658837239
0.0697930959462507 0.41874570615327 0.0295079241251721 -0.098280940032286
-0.0567043896185375 0.479035636774714 0.0564910182052469 -0.0915792473691932
-0.218107081083126 0.44408966201413 0.088115759596625 -0.0478548695489842
-0.439113611236044 0.388909047161495 0.013471011845813 0.0446018561500036
-0.597396712746454 0.120213839530847 -0.122761866385529 0.0138052248864965
-0.544462567851816 -0.242578929118758 -0.147632694040531 -0.056869049925449
-0.473657778389868 -0.440527617742601 -0.0726142944213574 -0.100047431992297
-0.374090835098574 -0.43691464181754 -0.0289448993395691 0.0924110908361072
-0.465361168793349 -0.395616724558787 0.0170917700377422 0.0432563087964403
-0.611365369022055 -0.138077208390685 -0.00646413677249294 -0.0801743651560699
-0.589174013259539 0.179532330110281 -0.0368891852172069 -0.0315574970197919
-0.422922392492992 0.368414930687077 -0.0393958931309753 0.0334864652708217
-0.223621617048157 0.453848866453439 -0.0184678720698929 0.0506606401149622
-0.0270898555613571 0.461786414548026 0.0270045847544328 0.0730697533288077
0.0202196361164098 0.416100318981609 0.0548012802602457 0.0776426848379396
0.054382284537515 0.418237549530372 0.0446145855969907 0.0719260913117087
-0.0716872452051162 0.471061234668755 0.0611056632974823 0.0528625384479465
-0.228871969572653 0.426646819290169 0.0741673390816115 0.0541715495971652
-0.425789412168106 0.364035736624477 0.0209254200952172 0.0934657468421939
-0.566168408451588 0.126076626089979 -0.0651023840980742 0.0458724339469417
-0.539140111870555 -0.20970873624111 -0.0271093565655558 -0.00387413104693839
-0.500072957578213 -0.412695521840074 0.0715530751420513 0.0573178119899344
-0.355517308382565 -0.358021427952933 0.0826136265292298 0.279832199930281
-0.433203397853553 -0.303352836323022 0.125019201111098 0.157444995271741
-0.534446923742502 -0.08106806742644 0.0348605882126835 -0.0245186678747634
-0.492160206954632 0.171591316882277 -0.0548861861191658 0.00104271854040952
-0.358370470000963 0.317236139268836 -0.113451122382345 0.116587580981557
-0.195874897763056 0.394720496872525 -0.0741985420369147 0.195517411220202
-0.0312977071553502 0.400344295614431 0.00518829371422595 0.242544295188386
0.00462076893642815 0.361957099279603 0.0555551374681131 0.246118322531452
0.0227218547850908 0.359994079189282 0.0468699576334542 0.227566147709604
-0.0897039905951833 0.39212123686712 0.0472384161166056 0.182124854572371
-0.222341567716662 0.33381857204878 0.0376184878423553 0.141241763514602
-0.360921918942576 0.257166584910942 0.00996310841601807 0.123003276257204
-0.447022589644112 0.083094774664518 -0.0168903174084611 0.0607731903108705
-0.438620676467394 -0.165395777929045 0.0809169759254517 0.0303056261429822
-0.439603653546526 -0.333056280790713 0.205766085421198 0.187362274115537
-0.27694371396794 -0.217953993653114 0.178669206742906 0.434178755327763
-0.312261709495424 -0.156280822921452 0.216767195447301 0.249832696443683
-0.347455752026265 -0.0140515479326408 0.0777066909828242 0.0408562577164756
-0.297144659405982 0.121516814351564 -0.0515094663756797 0.0409390375505332
-0.230083034230824 0.20206997447461 -0.150628601334499 0.182550683770437
-0.135397699437568 0.264209530910613 -0.102576595082681 0.309109465395948
-0.0304901412373886 0.275415669938937 -0.00860359846478631 0.373226345053424
-0.0116008252965293 0.253857868595756 0.0487256721031051 0.377580819707127
-0.0117370202512961 0.25215920575033 0.0324026454073264 0.347613761746571
-0.0953141787248838 0.26079108611078 0.00563721557534117 0.2777766748691
-0.18500180534019 0.196530018434107 -0.0260224348048646 0.19595259818757
-0.245190842457292 0.116699951985374 -0.0221732557213316 0.124803511695005
-0.268135827531845 0.0295498216722446 0.0140712215035107 0.0617490086758655
-0.279616744581994 -0.100741938881162 0.15567434542006 0.0535847438794291
-0.319100957627869 -0.208548587073836 0.305465762676997 0.281434204278656
-0.143168556128159 -0.0451759457020134 0.242757238062055 0.526294067432675
-0.124789447003831 0.000121222299966082 0.286351950344226 0.301538409538114
-0.101152842884791 0.032649923602945 0.127141794607192 0.0907242555282125
-0.0697958712510565 0.0328885185557977 -0.0258824429912377 0.0666836078860767
-0.0835672114273777 0.0482755459741148 -0.150513066440066 0.214990160118822
-0.0658166586005363 0.0909609146421241 -0.100744353849445 0.368241516579608
-0.0319122000243393 0.106830485353972 -0.0120073888173081 0.443670518864769
-0.0262850928334646 0.107969040159777 0.0351604848820248 0.451142568856167
-0.0341262992849973 0.108589736813085 0.00213931488439264 0.418340839837109
-0.0710651125602578 0.103717616672187 -0.0554851156088506 0.330640488313561
-0.104468806828526 0.0559000359576518 -0.103419256585591 0.210626733264802
-0.0880491604824889 0.00283472135027294 -0.0597697901043023 0.100490306809196
-0.0729949290140014 0.0108807561624604 0.0332295838800653 0.0550383413370156
-0.115340090879625 -0.00410047436588443 0.195604177465199 0.072867691091739
-0.172661574136348 -0.0533625911253348 0.359437761767079 0.331691369686597
-0.0332187274481235 -0.117309132854037 -0.394180315060045 -0.303917954130663
-0.0596198189960703 -0.116183210694473 -0.28077267846362 -0.0915711663056125
-0.118628509731512 -0.0285160612414082 -0.0682332653555715 -0.0354123530504823
-0.0872759368558593 0.0671543659996975 0.0532190569492449 -0.0358146050792433
-0.0188674897043386 0.0777900330281622 0.156844809232465 -0.190442847189296
0.0164927491584144 0.0641167848528961 0.0908571138100208 -0.344157121478587
0.0426011730557241 0.0564885765356435 0.00449476099471606 -0.42492587163538
0.0431244549229371 0.054968851609026 -0.0492613854105712 -0.46123680892711
0.0477910968043321 0.0720192825105515 -0.0356111964178455 -0.450461333227441
0.0127863255536114 0.0991671559745232 0.0295798142356434 -0.38444889765288
-0.0258778804652558 0.104496007734352 0.0888542056427578 -0.255396804679014
-0.11356484006628 0.0978601320934041 0.00763649351160784 -0.106135973176452
-0.151573316860251 -0.0193640137154943 -0.165863155031517 -0.111481250693988
-0.058486876088563 -0.124317369940469 -0.295411982376689 -0.235341892679944
-0.00800905436271049 -0.122563458439681 -0.301096729220853 -0.507876706858647
-0.172445583781814 -0.245835416844932 -0.340827398963298 -0.296032185797163
-0.204917444509108 -0.223905181083214 -0.251941340627893 -0.121185193454549
-0.293428774563909 -0.0610846080860302 -0.0858355723318522 -0.0663536817487451
-0.259689603838571 0.122250720559676 0.0383896949710042 -0.0307698442629939
-0.147716029311391 0.201243487710307 0.154481251586447 -0.157096332135558
-0.0457007756479359 0.221691410613705 0.10181630599562 -0.303382894209154
0.0446819359401234 0.222992531019753 0.0308559913525392 -0.375159034168784
0.058267056303598 0.209837034478052 -0.0233402690719953 -0.397824905251552
0.0732136906717234 0.230781926261777 -0.0261668866322075 -0.385239993093083
-0.0120790174512981 0.277309470860942 0.0276803121899829 -0.332286253370288
-0.112581934936925 0.26069421714967 0.0867094979529715 -0.218535259849321
-0.268260374471331 0.229814225102031 -0.002184359733813 -0.0618107595068536
-0.364292767259662 0.031469694656137 -0.1885647325056 -0.0705218861210724
-0.279067337314256 -0.203340108387536 -0.305334325267593 -0.17832985982964
-0.210662866615418 -0.277347707570669 -0.28915904835567 -0.401833876221847
-0.289725020899599 -0.35202980816807 -0.258802900189764 -0.22014461465535
-0.337223099484418 -0.319421331122584 -0.189363261649788 -0.112900003208777
-0.454338262383548 -0.0963318029151088 -0.0834493232725629 -0.0960313520988773
-0.425586708118679 0.164242252107851 0.0150713375904759 -0.0383886760358763
-0.27640355679572 0.307984968925723 0.115144856035932 -0.113687814134811
-0.115305215406878 0.358931333837026 0.0822107380511379 -0.22079924008464
0.0357333811055799 0.361515342667676 0.0413516362794635 -0.265809924253018
0.0670377144934973 0.334346898019335 0.00552362071829546 -0.273692413968391
0.0957459460130308 0.349340571544208 -0.00687100663256968 -0.260821012821937
-0.0156587366079684 0.414154137283782 0.0323107546442387 -0.232026980923462
-0.160115093459586 0.391925687897227 0.0835349307547067 -0.15043331330009
-0.368367603300415 0.357207123445361 0.00416639583092413 -0.00813667563965208
-0.520142145390927 0.109036901122953 -0.172321248348513 -0.0179289223520573
-0.464216168033171 -0.220465001572662 -0.254938033790835 -0.105810205145441
-0.391356370863707 -0.371809621221472 -0.211776279679752 -0.252277111242166
-0.373272697900559 -0.411745354069097 -0.15056052455042 -0.0817652774241496
-0.447219559306146 -0.370926075241867 -0.0951028321484606 -0.0554060007357935
-0.578271893290103 -0.106341234815025 -0.057164767780411 -0.105232306318825
-0.542960676617688 0.206538226575616 -0.0132765232099209 -0.044052842535005
-0.365656330805126 0.386628174606585 0.0447192219257643 -0.0505239674002485
-0.165907039743863 0.451506540304889 0.0383898529077201 -0.0977486910985811
0.024150194886618 0.448576385553228 0.0409080408781659 -0.111802342125828
0.0666261585011111 0.405973345617724 0.0349779359166974 -0.108958873743857
0.103941403736261 0.413061917043419 0.0222525583239213 -0.102532531399665
-0.0171915622970657 0.48484273424311 0.0487625044212959 -0.0985566782586763
-0.182197921149412 0.462838609163624 0.0837291962906148 -0.0568003469789537
-0.408866317153901 0.426579258584442 0.0204053743853323 0.0474014689268267
-0.584263026826046 0.172516874915584 -0.12337234973997 0.0256642873682516
-0.562762470359456 -0.199728444338705 -0.153936876934643 -0.0427866655472675
-0.5068609249544 -0.398036961524986 -0.0781433133892132 -0.0948178255262156
-0.409248645117141 -0.405866040394029 -0.0249557497735305 0.0941153360208666
-0.497684987041302 -0.357746954217355 0.0208175063825903 0.0398576295059866
-0.619936593802498 -0.0836084802074371 -0.0162155722302933 -0.0819573446755626
-0.570849575599001 0.229658499230424 -0.0402365080845485 -0.0315334060333959
-0.388071151110907 0.406188755765679 -0.0367173735629519 0.0337117088396563
-0.18275440992174 0.475257483878943 -0.0148210402368649 0.0527935805391689
0.0102529004539028 0.46426449662372 0.0339585909914855 0.0668083258174619
0.0557030685142853 0.414362175269074 0.0603247959083319 0.0705834514154555
0.0874531953526179 0.413432287177996 0.0521273105852593 0.0670260659295356
-0.0314722122190814 0.478667443458251 0.0653438642130616 0.0460297059677022
-0.191719218630998 0.447718868644983 0.0770101277744228 0.0461695313623902
-0.396453127240107 0.401486003918858 0.0315563982807064 0.094979521727517
-0.55370203462755 0.176056416829196 -0.0630900675069042 0.0531513521003671
-0.553629749567809 -0.166189176454539 -0.0305859920945507 -4.35994126771163E-05
-0.529151071762706 -0.370221729966986 0.0783718592771161 0.0511250550557131
-0.385930812090664 -0.329248036603029 0.102814617368794 0.274237564079048
-0.459810185210346 -0.268638436012494 0.137275640452241 0.146426279546844
-0.539480085468661 -0.0340404486901605 0.0297958023891782 -0.0296707817720793
-0.475659020753108 0.215417725814476 -0.0556932326108195 0.00247775141366779
-0.328377370992949 0.350607081822466 -0.103199361058539 0.123197811619227
-0.159985054613106 0.413112923897084 -0.0578943400816467 0.202998641528111
0.00221044002008517 0.405336211139997 0.02669986378719 0.238126440980068
0.0354338474652835 0.361710970959023 0.0774542874704942 0.239254961448041
0.0512033318953182 0.358094799374136 0.0688976599704125 0.223283447437854
-0.0554866826376695 0.400862056280298 0.0621751145938981 0.177020853334581
-0.193881704915096 0.35384891578356 0.0476329252364428 0.137348006451789
-0.339234062513326 0.28815310296844 0.022306512019035 0.125400239621806
-0.437398379133159 0.121869747900011 -0.0131819211790944 0.063271617718452
-0.449329976723027 -0.12939361868282 0.079915073775038 0.0245350208262007
-0.464393623542396 -0.294381259694279 0.223538310157946 0.171130877460389
-0.296734596101397 -0.195075157723369 0.211158096961295 0.421593433254876
-0.327253652186779 -0.130007323714601 0.236290583531122 0.232616942919438
-0.347266647763311 0.0179934140085897 0.0784780820780232 0.0322472524003943
-0.285155945363372 0.148071538125466 -0.0490931346313465 0.0423141285819296
-0.211441142713301 0.223481483109761 -0.135172713854019 0.19434499934779
-0.111077930444322 0.277600786055994 -0.0774417586282859 0.319009096804315
-0.00807127213468651 0.278801707757139 0.0234731596106395 0.371921404202851
0.00970181903706803 0.254734105039935 0.0822040400278201 0.372359314968366
0.008865579304117 0.252773612350176 0.0649044914147828 0.345402625064671
-0.0729423678757983 0.269338709533358 0.028618209555642 0.278317267042185
-0.168074249769284 0.212772425144656 -0.0113655459923877 0.197882069769231
-0.234625558578701 0.137529005896679 -0.0104741706347395 0.128693576643573
-0.262641609571522 0.0531684077112813 0.0182512205767928 0.0608486480251898
-0.286460898319518 -0.0768579632820118 0.15645314961228 0.041321130000115
-0.333974445687477 -0.180343451668672 0.330984101927924 0.257529459472555
-0.150051818181288 -0.0337775584662056 0.286494338279782 0.507073653164815
-0.126030989545312 0.011365130724889 0.30956191231578 0.278765418272061
-0.0972600063857312 0.0439134980531186 0.132100520215029 0.0785111986852036
-0.0656026921258147 0.0395450703281575 -0.0210945951643824 0.0663469445736313
-0.0788439877917221 0.0561097388491285 -0.132249725086967 0.227955155237081
-0.0573284955643438 0.0980402185536605 -0.071521021058634 0.37924334964852
-0.0235540438300623 0.110251254398451 0.0273855562957043 0.444859078741865
-0.0170003465589875 0.109552534536588 0.0749105637976522 0.448258125846452
-0.0251025563033077 0.111020686572943 0.0395829261370374 0.420197368119129
-0.0613398253948317 0.109234436758635 -0.0265219798122367 0.336681398156425
-0.0982516251030258 0.0651110167631482 -0.0871649944304257 0.220338452891987
-0.0866182815042762 0.00997803418512785 -0.0511073582075002 0.106498017497705
-0.0702808919130451 0.0178270163511883 0.0377416769022996 0.0518224434550191
-0.114658635327175 0.00815987309038334 0.198923468862364 0.0569335762164337
-0.17653574816062 -0.0380312980820038 0.389096535905628 0.30203063859476
-0.0363293791047815 -0.111143345679543 -0.401473223318449 -0.271219120733615
-0.0644325211850425 -0.110533995383566 -0.274039519470832 -0.0743383243742587
-0.116534798537873 -0.0215125040472893 -0.0674910859327327 -0.029489996334289
-0.0806721886512119 0.0703969359394252 0.0488604599810164 -0.0372367175682016
-0.0131129787634108 0.0765040320909907 0.137327055626742 -0.193928911675588
0.0199180629113148 0.0594422384656487 0.06491747844256 -0.339487778428598
0.0449673936129626 0.0513360936503435 -0.0230750680279598 -0.412667213753001
0.0452509466405025 0.0500772699457929 -0.0791606591900646 -0.442410615214425
0.0506376699754613 0.0666110423587084 -0.0641116598602888 -0.433471739258213
0.0191105592088524 0.0957743490958912 0.00456987357436065 -0.374289692014947
-0.0191128503288953 0.102178868045863 0.0712410608903869 -0.252358882402078
-0.104354913183579 0.102299713201061 0.0011442984685084 -0.101702683135957
-0.147368442100723 -0.00944685594322972 -0.167528254283821 -0.0951175353856803
-0.0646717967582929 -0.119217712428462 -0.29747148102354 -0.208306776709819
-0.0147767864632904 -0.117524024198135 -0.321349137443179 -0.472514624953151
-0.178415980171427 -0.22676916241258 -0.350842377164926 -0.267344442361968
-0.210603500867648 -0.205067523461941 -0.24821723511921 -0.104764953008871
-0.285747367025621 -0.0407083624741285 -0.0874776421675817 -0.0591143898423928
-0.242683860459752 0.134634534004993 0.0346216696306134 -0.0320684161744075
-0.128580958427704 0.204957451914573 0.137589128098602 -0.163408037220738
-0.0296182371446255 0.216616183369796 0.0776772500597921 -0.300196021956764
0.0575376618303053 0.211468084289093 0.00375874521565198 -0.366657652393588
0.0700439549308755 0.199803038983776 -0.0505245131817779 -0.383397478876812
0.0849923780283256 0.218674995051347 -0.0507261655354869 -0.371539931526308
0.00695319408607737 0.270353795371501 0.00574364341742192 -0.324445788154402
-0.0924877775007165 0.26020953121226 0.0705396965970843 -0.217762659789147
-0.246517201234639 0.240389620915851 -0.00377158103746851 -0.0576411354917739
-0.349217503047558 0.0546552635169192 -0.186989303351946 -0.0538012468664437
-0.281616103382485 -0.181410535185681 -0.303952676819789 -0.152569676235484
-0.219026114824017 -0.254572920462313 -0.303426874255276 -0.370286254909894
-0.297491606688036 -0.32219066141613 -0.26709527835548 -0.198417259550923
-0.344646931286859 -0.288869657599802 -0.188197204768655 -0.100868446712626
-0.441727787807785 -0.063204837386703 -0.0876958668416086 -0.0872583204517777
-0.398152046300083 0.186032263110525 0.0109357307873313 -0.0387153897689089
-0.24443752252799 0.315790898027195 0.101848658390158 -0.119489490135831
-0.0865024155835328 0.353201981890417 0.064252264740614 -0.218619341285675
0.0570509079065309 0.346496673157684 0.0223119299474139 -0.263786812536568
0.086193834300415 0.318602462204551 -0.0141204504148854 -0.265474102372637
0.114144414989872 0.331477667306119 -0.0233181708911845 -0.253300251417879
0.0120190755693762 0.402329325073398 0.0162210622081343 -0.228049877912249
-0.129969658503995 0.389424333630707 0.0706994292376844 -0.15206279974142
-0.334904641423199 0.370157456840333 0.0065385112852295 -0.00518590800162164
-0.492119750120352 0.140215237531652 -0.169389086635504 -0.00433088883348693
-0.461352382272836 -0.187078605746744 -0.252693682147406 -0.0848427407189472
-0.396593499441766 -0.332786747075263 -0.217808101169634 -0.232440805889922
-0.382629289410627 -0.374568259844533 -0.153702526258338 -0.0711284710857409
-0.453291633490954 -0.331805061681077 -0.0946321407976781 -0.0506238181513975
-0.561986352256543 -0.0653614751913736 -0.064228204701144 -0.0983773234626635
-0.50973008027391 0.234048247749857 -0.0166195706228878 -0.0433649270575794
-0.326413691857877 0.398211410721034 0.0387016383816525 -0.0549126605842786
-0.129409085259818 0.446032399846213 0.0297471365166247 -0.0970035359639341
0.0504398054942918 0.432193545345198 0.0319755243144121 -0.114884790762161
0.0900370088850217 0.387577837178636 0.024969564905812 -0.108618539090267
0.12557625177221 0.392919486297471 0.0152302842459423 -0.101880743766049
0.0160507831966582 0.471451162531653 0.0403326807935855 -0.099612706881888
-0.145150515830767 0.459842329922601 0.075342669873833 -0.0622072385620111
-0.368275841622811 0.439873655472428 0.0257914005381253 0.0474078181601395
-0.551525453029795 0.203804010177371 -0.119227036314336 0.0349481199009069
-0.55521135055489 -0.160204636229955 -0.152489110208255 -0.0294026435392542
-0.509351332544331 -0.351246979685291 -0.0793080650038869 -0.0885633525177725
-0.418098496432123 -0.367585410586484 -0.0214059708357001 0.0925391395706233
-0.50279086015058 -0.31420345369499 0.0224559965016714 0.0355543614273025
-0.600501682019633 -0.0392642365996472 -0.0237030965926422 -0.0789454930018803
-0.533354077768666 0.258806168874085 -0.0418886730430347 -0.0304324107748064
-0.345992025444726 0.419327332674307 -0.0340369976202204 0.0308304088087988
-0.144418424705214 0.470873608552639 -0.0111099518253304 0.051745917831285
0.0390257417910625 0.448601588397221 0.036342925434959 0.0580695708442319
0.080774392468091 0.396809351007516 0.061740153418627 0.0625307234661539
0.110066437030532 0.394205621256351 0.0557608701844458 0.0598399454572525
0.0015700312146114 0.465032257689713 0.0652930049889457 0.0394988070127695
-0.156912503944907 0.445023148386978 0.0757727909758168 0.0383337939689285
-0.358528534911828 0.414383968717828 0.0400960423551016 0.0926678307234582
-0.518416032459997 0.204886646458058 -0.0593395742921978 0.0571599630154342
-0.54256354832446 -0.128318885217172 -0.0319835879100337 0.00348115073226631
-0.529925780809931 -0.322049727180806 0.0809986375312884 0.0439923787722057
-0.392744857318966 -0.294485227266517 0.113824250530774 0.258985847440473
-0.462486548647644 -0.229831554886086 0.140726317503525 0.13245000010949
-0.520424336099063 0.0042220035928346 0.0240940766755205 -0.032108377376931
-0.44244450627591 0.238032921343496 -0.0554936502629746 0.00277657534649571
-0.292546594696441 0.361983976134139 -0.092768609012973 0.122781041121546
-0.12678627419408 0.410268883548385 -0.0436798600586763 0.200138980042756
0.0276285520004909 0.391922429120401 0.0406003221807239 0.224621594712683
0.0574085371756466 0.34648030646726 0.0895801179302106 0.2242693709671
0.0716565564618158 0.342574080484146 0.0819346107435949 0.209667045703753
-0.0282635402478718 0.391310570836743 0.070915960068898 0.16751458880602
-0.163775487842671 0.355251827752052 0.0526380211072327 0.128265571079696
-0.309680689605874 0.300842865797591 0.0321358860644966 0.121592724231228
-0.410634950598272 0.144428420377576 -0.0102438289845667 0.0636662401802966
-0.43952595512564 -0.0980025457344343 0.0754644790167412 0.0206011971970027
-0.462896956858559 -0.253314113636983 0.22816413713375 0.151416303171272
-0.300018225523628 -0.169133811113457 0.229589305524261 0.394673769248394
-0.324633749832472 -0.10446112730685 0.24151455124019 0.210508034677167
-0.331746098545444 0.0422346605858152 0.0749927995252746 0.0251334568525502
-0.263255484281582 0.162057001046902 -0.046810990811301 0.0415548496099462
-0.187809314511142 0.230500984497573 -0.118926469554654 0.193906714322917
-0.0880931140989617 0.276897066334201 -0.0554129166226887 0.313936009470289
0.0100911555991057 0.270860526492839 0.0467570879076935 0.355498432628538
0.0256842016618477 0.24455350384789 0.104246409675348 0.352842763558814
0.0238320728334767 0.243893653998787 0.0863615270316514 0.328646412958646
-0.0533162994300472 0.264623632764625 0.0453137907551632 0.26734511697182
-0.147430458705568 0.217059961540348 -0.000605560110087412 0.191573591516424
-0.217288311038824 0.148076828297699 -0.000639555367234992 0.12683890480414
-0.246882659650863 0.0679881567341823 0.0199775549943575 0.0583816071838756
-0.279048882532388 -0.0560763995345605 0.150189348535619 0.0310308060504914
-0.331330820758234 -0.151416095499324 0.337912968934207 0.228572662234174
-0.149308436083483 -0.0222061389543461 0.30831406179734 0.474442674743719
-0.122058748205458 0.020266346600514 0.31569058146977 0.251614688012161
-0.0900345269943172 0.0510104381045455 0.130128750442678 0.0664071226939346
-0.0590130347994745 0.0426391893519031 -0.0174897372213642 0.0636414749336816
-0.0721430356893967 0.0594536815749292 -0.113398550291594 0.228295112555023
-0.04801882695388 0.099372973492617 -0.0454290107594158 0.371195601613583
-0.0157857458413796 0.108659665716383 0.0535519680712909 0.427747934009869
-0.00959446982505545 0.105931105483539 0.1022674691483 0.427295644807679
-0.017458103833777 0.108513171874872 0.0669812791117881 0.402816705122841
-0.0526361236091689 0.109075445737448 -0.00383679521614981 0.328713045392308
-0.089704120498531 0.069344523657985 -0.0714877975248292 0.219484207342552
-0.0815143491000254 0.0150948331683656 -0.0417693015272883 0.106907108167445
-0.0647854166844721 0.0220264465833452 0.0392345109511391 0.0473916117847989
-0.108443713882012 0.0165667787792219 0.191516904235182 0.0429755428686706
-0.172081974940711 -0.0250752461839386 0.396262434040866 0.269875149486619
-0.0353360585363615 -0.106277679268408 -0.395297876823854 -0.252136720543974
-0.064875075536158 -0.106572565747551 -0.264906841911438 -0.0675061299160093
-0.113269263148459 -0.0186880022316516 -0.0653058873254961 -0.0267093628234041
-0.0762232523744917 0.0702494320260814 0.045156781648482 -0.0365769797218253
-0.0101524619172803 0.074321477024716 0.124668400628039 -0.190793390279069
0.020398209705821 0.0553536412731648 0.0518515273192061 -0.328457495223573
0.0451937559361197 0.0479269036162387 -0.0344951837503195 -0.396315320726493
0.0452114007750188 0.0466244188165708 -0.0913997575458005 -0.422693166793898
0.0508608886892521 0.0626444675803509 -0.0749154493624928 -0.415607496911504
0.0215617235850519 0.0926729554661636 -0.00521374463980049 -0.36044257052369
-0.0166326686356691 0.0990154832210963 0.0623883974049246 -0.244989970670774
-0.0978426782756167 0.101634054904015 -0.000917927258605173 -0.0967606885062833
-0.142025573477893 -0.00467915541883499 -0.163340458118124 -0.0844861547766559
-0.0663181500046846 -0.115092794623922 -0.287987467326015 -0.19172971699106
-0.0171446077208643 -0.11273823193636 -0.31913995064595 -0.447148185832158
-0.174845716398982 -0.214050792347173 -0.34824486013535 -0.250142610405482
-0.207077405529352 -0.193348931196424 -0.240194162969978 -0.0975795533797355
-0.27418687820924 -0.0319893752736285 -0.0859845977730793 -0.0535324333538071
-0.228563413914202 0.136341649524321 0.0313562885690571 -0.0315795881645663
-0.116229684961287 0.20188231995237 0.125494317638297 -0.162878931230936
-0.0220932850216169 0.207485915640178 0.064768554066644 -0.291156860405642
0.0612355166168894 0.201293804186522 -0.00794851727974455 -0.355308995020435
0.0736480702350865 0.190144368108771 -0.0617243598940072 -0.367558591987834
0.0878500132793693 0.208042526538954 -0.0599216171710813 -0.357055998554027
0.0150773694298389 0.260580020276906 -0.00425784806524186 -0.314184640129695
-0.0820450120778255 0.2531993434719 0.0618757791090965 -0.21257666208525
-0.231039963389964 0.239541757922645 -0.00391266817224785 -0.0534963181819795
-0.332177127758354 0.0616951321218192 -0.182164199275324 -0.0440623065507003
-0.276724590013612 -0.16968937985928 -0.293992781045626 -0.137189623607751
-0.215655237255767 -0.237664762264244 -0.299326263286632 -0.349903501751803
-0.293171338806796 -0.30229574068523 -0.265292980705522 -0.184923489763733
-0.338306147854275 -0.27034448099264 -0.183057786554683 -0.0952056750992862
-0.422132546709752 -0.0496650905833999 -0.0881229635425015 -0.0815068725336785
-0.37448953509906 0.189544037397914 0.00849560685673361 -0.0377991222108624
-0.222457098182684 0.311585864925516 0.092980207602432 -0.120255691793214
-0.0723634884702385 0.341012307254855 0.0544538601686289 -0.212198839853271
0.0646061514809227 0.331447157968098 0.0124059958588592 -0.257675765550562
0.092047214227483 0.303745108378855 -0.0232883160305492 -0.255581547245463
0.118460368859497 0.315843689501608 -0.0305369617674764 -0.244658079625602
0.0240456394271386 0.388269596228193 0.00869434955461269 -0.22091966923801
-0.114223168674438 0.379245930876708 0.0631055111211698 -0.14971927570192
-0.312022273154684 0.366917662617351 0.00860731726243245 -0.00330439601205324
-0.4670876665385 0.1492399140122 -0.163583642692369 0.00254285799459338
-0.44806911495315 -0.17035996949532 -0.245209751140155 -0.0727929918645945
-0.38883563907129 -0.309196385105048 -0.213423731835484 -0.218113898045243
-0.376823911940456 -0.350178360596261 -0.152602645985377 -0.0640117136112763
-0.443497499340091 -0.308454079933841 -0.0924924881397088 -0.0489566439292367
-0.537149179012638 -0.046333705009993 -0.066172542536177 -0.0927153057087471
-0.480119088055851 0.238955007493209 -0.0186906837032551 -0.0429384216588058
-0.299021474007649 0.393133879212973 0.0346249450192996 -0.0572146440087047
-0.109882890287657 0.432835207543008 0.0251360351421158 -0.0947743080382097
0.0614474372583089 0.412806899279113 0.0259389629191984 -0.115100163423124
0.0983310813077273 0.369884994224618 0.0188602266691478 -0.106249390004898
0.130906649970086 0.372813564453239 0.0113696535514849 -0.0997028944617201
0.0282750141233102 0.453384425930536 0.0354450342841398 -0.0976587477286237
-0.12511332711128 0.446873297652513 0.0690492787534013 -0.0636608669176985
-0.342696001926046 0.435790269045958 0.0298186908725325 0.0465788484772703
-0.521124165190586 0.211660744786353 -0.115169721184957 0.0393498980486022
-0.536470597395046 -0.143196574986835 -0.148096842521268 -0.0216603658055599
-0.494589050649426 -0.324807676140301 -0.0763571618619786 -0.0831447693938435
-0.411028138772704 -0.340624255773224 -0.0206932050426592 0.0894957318872224
-0.491204426783379 -0.288335730470841 0.0216751397135651 0.0314572479160458
-0.5744482932445 -0.0212203710980386 -0.0266843139918227 -0.0757754451756807
-0.501744694997373 0.265118143921971 -0.0434872747584671 -0.0306134013378208
-0.316418929066267 0.412906853457705 -0.033171435250389 0.0271793017520412
-0.123422176195561 0.457199920949385 -0.0105857554311501 0.0498708626134428
0.0504620808666892 0.430664042224548 0.0353596837589498 0.0508579116352827
0.0885298086747124 0.378445497907845 0.0600694363927817 0.057361791503901
0.116503663801483 0.376483209401856 0.0554890380809363 0.0544303244041498
0.0150623492688762 0.448888193548114 0.06275036994231 0.0355174552249067
-0.137975411599509 0.433888024571554 0.0716966646096638 0.0341609041325761
-0.331951285147527 0.409523543887567 0.044160008498697 0.0895854864111466
-0.490344084388028 0.211428028995111 -0.0567815020923425 0.0589081275285598
-0.523869747086659 -0.11106275892003 -0.0324636232542015 0.00676568079603691
-0.513385608690904 -0.292499084149757 0.0816230718951007 0.0394069115013428
-0.386377585054953 -0.272259352291695 0.11448770199427 0.246312778437957
-0.449925878080164 -0.208367700124999 0.138307108076442 0.122327231314775
-0.497285416699116 0.0202541135835231 0.019887161812793 -0.0319658920994777
-0.416123221509287 0.241344385689659 -0.0552137287830927 0.00180120372899909
-0.269251537893578 0.356756837624333 -0.0866463398065608 0.11705918920965
-0.107159316583701 0.398601503889661 -0.0368479416197338 0.193210510397513
0.037695702707743 0.37683125703381 0.0444488691348581 0.211699845692177
0.065098460261006 0.331135135557083 0.0922364263319953 0.211587043607721
0.0781761758440494 0.327458627908204 0.0852705798709756 0.197997718760787
-0.0154666061080758 0.377168913704024 0.0723551169989371 0.15909385114999
-0.147597015382949 0.347042955753511 0.0524341270924292 0.121881605522191
-0.288649901039571 0.29890762098882 0.0371061131668463 0.11763547578021
-0.386896591043937 0.150581994435492 -0.00966483952831402 0.0630211785568542
-0.423287001015024 -0.0839997438367823 0.0703206284621969 0.0197503405369957
-0.446513695115976 -0.229301698769874 0.226350717941668 0.139345458009023
-0.294309303647129 -0.15449152206904 0.231704656368209 0.374348667999511
-0.315782115431714 -0.090561153266876 0.23737777317647 0.195957780117618
-0.315338376065551 0.0523417806841409 0.0702430959303666 0.0215278074758171
-0.246506228544774 0.162957906374062 -0.0456364571872577 0.0387474131453296
-0.172518655767865 0.227579746235478 -0.109813491522924 0.188138746411153
-0.0747800138695536 0.269668104353308 -0.0446016116990667 0.303540159075408
0.0168472813159769 0.261501059887797 0.0548736266694475 0.338870369602944
0.0311070485553581 0.234561481630202 0.110369492180987 0.334429556100427
0.0298075692731033 0.233859123991486 0.0931697721887999 0.313040167433192
-0.0436833974522582 0.256417096312406 0.0514148050750971 0.256735212920893
-0.134719253693363 0.213255221048493 0.00322892592340959 0.184554339339822
-0.203638673767735 0.148085633329208 0.00497062821304319 0.122980347940897
-0.232410796586962 0.0723129581793194 0.0193022391273733 0.0558010500322392
-0.267637002321451 -0.0465244740319734 0.142080569330892 0.0273169829710668
-0.319676485856026 -0.135924897496634 0.332877345619481 0.21051566919032
-0.146012544509929 -0.0163870679400376 0.309144377809081 0.44765694442703
-0.117340510371469 0.0238592594711437 0.309563140616487 0.234531353349901
-0.0828056144575448 0.0537676789447004 0.124763610653257 0.0595989954593709
-0.0538515711405934 0.042425029131382 -0.0164343705745334 0.0596749908039046
-0.0675594938459484 0.0597444082665688 -0.102870396905083 0.221429449575001
-0.0417264066338574 0.0980950219351883 -0.032962432003961 0.359327034425338
-0.0118893592771811 0.106151328181521 0.0640761542858991 0.409446896608902
-0.00649717278037915 0.102088810405893 0.111448586026876 0.407683023125458
-0.013942408301559 0.104825644897933 0.0781440399441991 0.385172043648073
-0.047112142373841 0.106072026208507 0.00576014768514885 0.317507241285913
-0.0830556617267954 0.0696651665829059 -0.0638272192701943 0.214221406664006
-0.0764307293443017 0.0161421611976878 -0.036271438909711 0.104898718398252
-0.0599979089927805 0.0233907747389649 0.0384984631422152 0.0439518963066835
-0.10236098086269 0.0200554968963733 0.182243692712523 0.0374487278515616
-0.165717337270081 -0.0185809605917512 0.392590313040831 0.248544631952362
-0.0329661592723505 -0.105115485751653 -0.392431137315059 -0.248375605424396
-0.0640030983718132 -0.10619514964259 -0.260264671152392 -0.0679998312586654
-0.111743195010345 -0.0190167068517339 -0.0635830118074313 -0.0253254608854257
-0.0751108101195283 0.0696940138879677 0.0441989109818175 -0.0357084705527904
-0.00926844542511191 0.0733538517403003 0.119567757063065 -0.188490550931117
0.0195833205665136 0.0535139180067055 0.0471549428713317 -0.324028764218043
0.0446985168846223 0.0455493886184184 -0.0378511815678932 -0.39063311315107
0.0453941728139741 0.0455857330305845 -0.093995433772104 -0.414908955372101
0.0509647836785228 0.061418450622057 -0.0779076377010878 -0.409143830796476
0.0222099460992335 0.0917876580783228 -0.00681349860867228 -0.355997282969787
-0.016693731069647 0.0971381375546454 0.0606108186367439 -0.241420534661146
-0.096515635941567 0.101114541744709 -0.000842598343128653 -0.094289058543693
-0.13907649073293 -0.0041766579129621 -0.161143282023546 -0.0801529100395296
-0.0662303586607007 -0.114755601525829 -0.281070646620793 -0.187305067631366
-0.0167303584349378 -0.11026895792736 -0.314331547391134 -0.44032592424225
-0.170056280136017 -0.210762348768671 -0.34489399343933 -0.244885209447127
-0.203987299895864 -0.190456709766937 -0.236955109268251 -0.0973653514368288
-0.268439522287857 -0.0306720464633958 -0.0849991778850041 -0.052300477872736
-0.223057069269586 0.134745407509269 0.0299366307673227 -0.0310620933743955
-0.111575481550532 0.199200911295262 0.120085725119153 -0.161981827968891
-0.020078433405187 0.203090564661099 0.0607869496266699 -0.286923950479795
0.0621796625424133 0.196879558532493 -0.0121977304446791 -0.351217992973422
0.0740140574059824 0.186197300194125 -0.0660019648524643 -0.36091408518166
0.0874768478412836 0.204598506086426 -0.0629372934405272 -0.351568302284135
0.0172748227241691 0.257454330996451 -0.0061415237429128 -0.309523692287764
-0.0793765478965799 0.25011708092085 0.0587056583351375 -0.210239349444367
-0.22686611109889 0.238522172850337 -0.00180639552503199 -0.0511164654949863
-0.324620293199559 0.0626992598650609 -0.180196956283795 -0.0401208177150559
-0.273953288043506 -0.168219474531614 -0.287444782556718 -0.132518296520839
-0.210776949784582 -0.232173056631479 -0.294663533830831 -0.344111994015109
-0.285877012418336 -0.296540429226497 -0.264413322955152 -0.180612238034275
-0.331517211051468 -0.265341304078805 -0.18070728059274 -0.095253375048897
-0.411905856100717 -0.0452514581027569 -0.0875896045878818 -0.0795247843946524
-0.364914382017793 0.188116710339606 0.00629564268651255 -0.0379358202270164
-0.214618173701589 0.307883541508344 0.0884691437928874 -0.121727670977533
-0.0680423124429675 0.334890400238304 0.0510200560539327 -0.209370377777369
0.0654107741262549 0.324915429420088 0.00820226654942322 -0.256470027368014
0.0933656074370032 0.297839495125257 -0.0264797891318831 -0.251253151240138
0.118811663933812 0.309676972547159 -0.0333318361721147 -0.241680042435755
0.0268776311865311 0.382187245319575 0.00651742914001028 -0.217857128470695
-0.109031307496249 0.373705799331497 0.0588890372693953 -0.148879931803454
-0.304715538784912 0.363790117517197 0.0112386694698775 -0.00175799375037571
-0.454252340896155 0.148814558268244 -0.162632760301417 0.00666120969355644
-0.440918460126665 -0.168752180025885 -0.240649530277061 -0.0693492310858596
-0.380358488020267 -0.300797528564298 -0.209864302729059 -0.215662433647305
-0.369674210675918 -0.343044782526267 -0.152572210961009 -0.0633071301873171
-0.436103703630187 -0.301042457058747 -0.0912403203659074 -0.0502809298183486
-0.523276000605337 -0.0422941242323748 -0.067005857342365 -0.0911370766014523
-0.466645548418733 0.236666541909923 -0.0202819903388585 -0.0429793648095911
-0.287580044119257 0.387605943208206 0.0313379111174862 -0.0601383991755541
-0.104042353404161 0.425690435433164 0.0226761791129999 -0.0938464279354743
0.061899752267733 0.405440428974914 0.0224454632060745 -0.117084775797732
0.0982148905641355 0.362653793244886 0.01648930880294 -0.105376857643835
0.131216099263011 0.366327011937991 0.00990484622177862 -0.0995756243855225
0.0322994536172602 0.446924584585094 0.0335799457438489 -0.096986994227084
-0.120206171908557 0.440405415542317 0.0650854696035412 -0.0636293929639056
-0.334839738059459 0.431919998761676 0.0332915875547408 0.0474137720181104
-0.508395465746071 0.209098986489521 -0.114951871113547 0.0423747498836657
-0.528878436952562 -0.140765723130824 -0.146158064884154 -0.0185539290107682
-0.483257501171322 -0.313816875439097 -0.0730464484916757 -0.0828749238503871
-0.405372165632438 -0.333245259560055 -0.0221795848738653 0.0873880744913571
-0.482429036781406 -0.282370714112922 0.0208948521119405 0.0286621674955539
-0.561356625396698 -0.0144521155762307 -0.0281802151523706 -0.0748672617378732
-0.489181065246929 0.261332491948607 -0.0447359002800145 -0.0316331212715747
-0.305868409344181 0.408506950527074 -0.0342688899037308 0.0235566813441578
-0.11569072612074 0.449523615535509 -0.0113195876673508 0.0483389753012596
0.0522639850072996 0.423326692309942 0.0332408171723147 0.0461003177253048
0.0889687653049785 0.371187369036797 0.0583355816590034 0.054943241030895
0.116795064974482 0.369221824067033 0.054695883483347 0.0521898823350179
0.0181043050431783 0.442020984699747 0.0617564828557246 0.0346997479092141
-0.131304343643694 0.428280123332425 0.0679038043511708 0.0322801421225588
-0.32319886854448 0.407739712584438 0.0476930727729937 0.0887230636694743
-0.477642446292682 0.208985412963342 -0.0576910997742905 0.060437526938762
-0.514758044802381 -0.109150198864158 -0.0332227112145773 0.00936807203732023
-0.502668550943798 -0.284607972723365 0.0826788127589227 0.0377433098416622
-0.380879759574574 -0.265221537705785 0.112286512943114 0.241123248385726
-0.442603802353116 -0.201282535584285 0.136178318075201 0.118014553574232
-0.484590896370236 0.0242600512130614 0.0171281971623021 -0.0319822499574918
-0.403084075981564 0.240171836051759 -0.0566908407464238 -0.000360458075642874
-0.258801114582404 0.352119920590939 -0.0864692406712164 0.112978680023855
-0.100882714203315 0.393042456360769 -0.0366118843486349 0.190439845674648
0.03867510094776 0.371009502270258 0.0436739033476741 0.205248704473394
0.0654287971315969 0.325052870390246 0.0917069162238209 0.206896047290317
0.0781894646060734 0.322104707217476 0.0865246005723797 0.193229395254304
-0.0122670921345155 0.372619805216332 0.0722108297089845 0.156554263407926
-0.141880412909394 0.342284721555628 0.0500621677308346 0.119579036373295
-0.281870795641743 0.297469829242132 0.040305418078615 0.116517938668179
-0.376446157194418 0.149013476543258 -0.0111409599452648 0.0635492442426831
-0.414706969676873 -0.0826242740682116 0.0668843713867359 0.0213227295079333
-0.436646596897707 -0.222623759533511 0.225540074891635 0.135165191742393
-0.291205699490631 -0.149682401794481 0.228196757898673 0.367346838326513
-0.311542530511051 -0.0874160051395695 0.23402766759924 0.191482776173956
-0.307489077537308 0.0555069907250194 0.0671146361972943 0.0205496696528769
-0.23857101449507 0.161564659301347 -0.0468820801845779 0.0362417488082919
-0.166710581846098 0.224894826444531 -0.107874555719571 0.183508553010351
-0.0698251229431716 0.265776420225999 -0.0424486527992107 0.298205522347331
0.0182272292353332 0.257897527004974 0.0555217103777803 0.331469253717432
0.0316974953001055 0.230078460823375 0.110398124605112 0.327790431206677
0.0301098511593529 0.230325369285747 0.0945760563528664 0.30623889896528
-0.0409973324619629 0.253259903042222 0.0527897441098811 0.253168767656968
-0.129569464063761 0.211596857983186 0.00300386464438415 0.182382096801992
-0.198098751613158 0.148071273606195 0.00780262773851105 0.121814247651292
-0.226255340327391 0.0720550979800027 0.0178890952967636 0.0555922365500456
-0.261621898379196 -0.0446281790575045 0.136772117947664 0.0278145828099119
-0.312951485313773 -0.131486142779292 0.331059525160632 0.205587032652331
-0.145518010801813 -0.0144246407191583 0.30603410741409 0.439889700860556
-0.115501647580446 0.0250416302397098 0.30527136210103 0.229271270876707
-0.0790974681774751 0.0550834388706142 0.120726168090592 0.0576428756580081
-0.0510555204328958 0.0414465757019025 -0.0171792086260879 0.0568463897774151
-0.0652910953978194 0.0591267932147208 -0.10018049923637 0.217946505083541
-0.0391405540970141 0.0971555807192311 -0.030367392342975 0.353843929288629
-0.010937782179661 0.105298808958119 0.0656892705426663 0.402546352459105
-0.00674422602103683 0.100314662237941 0.113880943884928 0.398929377522093
-0.0132421006608144 0.102663538315392 0.0806277078847267 0.377717275254906
-0.0449209868984165 0.104859158138462 0.0093568519390877 0.313249290114124
-0.0798419438746899 0.0686089001137764 -0.0613243400803242 0.212260881471365
-0.0739573510657765 0.016329593746704 -0.0332597920196356 0.103388719105602
-0.057179455410564 0.0242246100684102 0.0375617149382921 0.0426436565276624
-0.0993578690649953 0.0211188322982996 0.176460548627855 0.0370909486076056
-0.162793123697613 -0.0174621931005589 0.388327525811753 0.243079925110001
-0.0697111734752497 -0.07684381508297 -0.474100421896864 -0.061709816885473
-0.0985206459065687 -0.0686262977166004 -0.272193649912438 0.0509405975544217
-0.110550032770216 0.0277039419519038 -0.0712939179119404 0.0085942194534309
-0.0390568021118781 0.0936191367526051 0.0245482821222867 -0.0461858666553103
0.0193832534154009 0.0715430598219597 0.0250205060408012 -0.222772004323901
0.037119006200632 0.0416879503038499 -0.100037801317793 -0.3135992067888
0.0593628431188958 0.0213028250298153 -0.207661696303704 -0.340062492352579
0.0613325930963846 0.0261768283113363 -0.272639470663699 -0.334535017456295
0.073683118954468 0.0342407681540546 -0.255051782015488 -0.337189471967107
0.0599103245898531 0.0745323306907847 -0.167562002847134 -0.319285680410434
0.0251479006084744 0.0978436218450614 -0.0540769248283794 -0.24649335087717
-0.0449359918885128 0.133697323466572 -0.0507533792571427 -0.0876030742696436
-0.133209700192917 0.0539038615810329 -0.179956073455754 -0.00616395262556355
-0.115766347378526 -0.0810544635978631 -0.328401917566073 -0.0558655116816431
-0.0694079678988324 -0.0983696523837473 -0.470137883912866 -0.271153166916717
-0.237593959867055 -0.119111220567213 -0.435720270141061 -0.0766365323385662
-0.259632858118518 -0.0873559262469717 -0.267339631873952 0.0161989668984209
-0.255981219507308 0.0817379130109761 -0.105261442274943 0.00149560263197564
-0.14314487470795 0.212278581947575 0.0104966431418526 -0.028299186884734
-0.0198498903746257 0.226802975714392 0.0406073997895699 -0.193751299014141
0.0649417988106248 0.195014900681818 -0.0694338490936952 -0.283549231361234
0.138365276463682 0.152042993845855 -0.163469026136403 -0.311641211007797
0.146964734112522 0.145827011810924 -0.222679658926111 -0.297656498766965
0.168300279607417 0.150796197269533 -0.218722543096844 -0.289315886166332
0.126389190456513 0.230613242401626 -0.149665300217678 -0.274567220805236
0.0328620862500646 0.268084040047989 -0.0506595330063706 -0.218576357325501
-0.102808819664673 0.316397862434318 -0.0457467906926958 -0.0510919460675811
-0.277434795265085 0.195798706065094 -0.184498865240602 0.0330092814439071
-0.331513847012391 -0.0401807069158207 -0.309561933792484 -0.0127646911213054
-0.307326424818045 -0.122994670726556 -0.401537071615718 -0.200728787286034
-0.378880118010664 -0.153599333703209 -0.339180284346294 -0.0504929322559122
-0.405873417981776 -0.103853382537756 -0.217396250781332 -0.00307934971713036
-0.391756850184346 0.127498691707867 -0.122870312840058 -0.0155078046517799
-0.248495084238734 0.31834033427448 -0.0172149797111702 -0.0176149208454304
-0.0662783991659402 0.368030782011773 0.0320064634718329 -0.137953743818056
0.0780053017610558 0.335022233779638 -0.0417401744610362 -0.206042395788942
0.196998337635957 0.267175053085412 -0.101335458332469 -0.229973694908162
0.211014638896474 0.241294748465358 -0.139242532298075 -0.213384085570591
0.241777245511517 0.235574768506174 -0.142761947649711 -0.20121357716736
0.190619679288509 0.342120652058884 -0.0996746494392732 -0.194846059865567
0.0583421871761479 0.397685899929818 -0.0300948362673632 -0.162696898059617
-0.118379884681293 0.465069210436476 -0.0215929366582505 -0.0127703350495201
-0.362185377419883 0.331907544236135 -0.153588539707372 0.0633500142357436
-0.485627493372241 0.0339480046945532 -0.239432779904303 0.0172445309308488
-0.494216407368445 -0.108047297827602 -0.260586180346656 -0.13021586927683
-0.474076523729353 -0.164724360638289 -0.189570728936665 0.0127106554932016
-0.516438085039867 -0.0953775331819325 -0.117830008535294 0.00194218698427375
-0.490768677800248 0.174505520392922 -0.110778028137092 -0.029555671710768
-0.318031065651204 0.404287053228438 -0.0465152205921984 -0.00542226779006563
-0.0980381325338831 0.47039781051283 0.00863929887349387 -0.0527987253226279
0.0850323814430251 0.433055750916961 -0.0151075388414556 -0.0857579509622378
0.227063538590459 0.342113391779989 -0.0248239820388097 -0.106020630583345
0.242631755740148 0.299213413256394 -0.0340132070558995 -0.0994941046293785
0.277391200184514 0.284047829455334 -0.0411149755858145 -0.090976966075713
0.222267149371361 0.400600410124101 -0.0223649104473725 -0.0948609104408278
0.0771827618004128 0.46553568120842 0.00945710462209543 -0.087515613871896
-0.114412925255619 0.541386424042376 0.0144948568397112 0.0221229107145282
-0.383923728581316 0.411654466669938 -0.0978125484874583 0.0730791711523488
-0.552615561115666 0.0976770478339164 -0.134669014113809 0.0196103220713487
-0.59528784131714 -0.0721121805418988 -0.0771594390899427 -0.0700993323671656
-0.502644429329092 -0.144597542281297 -0.0054351834743504 0.0970475563113264
-0.55256803974486 -0.0599319019706323 0.0201260693431403 0.0265476771643719
-0.514559959137643 0.214526369592993 -0.0685870854171042 -0.029550519768742
-0.32627516364129 0.434720723430463 -0.0641246068651516 0.017310865054385
-0.104011508743614 0.496039218333142 -0.0134285280979527 0.0527705700178252
0.0872627128679014 0.459984575601545 0.0174662651521375 0.0592261877496402
0.227033603195816 0.363185614316932 0.0568543525175583 0.0394719663577489
0.237551561791224 0.311093928690892 0.0752525234486058 0.0277591297557227
0.263692887117811 0.293832725715474 0.067940757067557 0.0266916220053409
0.208405886572017 0.401864225651148 0.0618961600560437 0.0114393695301846
0.0623926208636212 0.457721333025246 0.0542412635860322 -0.00182096673088982
-0.115501811441518 0.514346165725411 0.0477568076033552 0.0530475477315005
-0.355195027441609 0.399703361561369 -0.0378780795343567 0.0658271689133559
-0.52536186521725 0.122010795768397 -0.0220261158547227 -0.00145933496268953
-0.597575388339141 -0.0356748164566862 0.116157243566604 -0.0275209735811113
-0.45440169382565 -0.0951443346038181 0.186266066836206 0.181574184869157
-0.484938957542898 -0.00606288904360425 0.167339238178666 0.058031064693998
-0.42878623175453 0.2201623201745 -0.00579554844674232 -0.0133319399039092
-0.259399618754749 0.381045299761401 -0.059831346849616 0.0471386019569264
-0.0837812781135453 0.425997715167387 -0.0219759354990434 0.155479041107505
0.0775923028581796 0.401161052909403 0.0565298083539626 0.198371908907368
0.192522757058139 0.322524169459907 0.136545471090705 0.178328348821437
0.196160432227389 0.276769141387625 0.173720532993558 0.150318114058264
0.208198627578911 0.265200654585543 0.161003692603321 0.140110049146683
0.150173122789067 0.350690676529012 0.127340366138047 0.115935749839749
0.0165479429134253 0.382749487256925 0.0803336783065809 0.0846663737405753
-0.12480415846478 0.394938315876074 0.0609789317016628 0.0799973419165037
-0.285667783099087 0.300597299633546 0.00829338823898781 0.0508361186696841
-0.418549553396943 0.104269957947054 0.0726656047621852 -0.0275710840264373
-0.508443279489526 -0.00580196332283684 0.284918612992288 0.00402618364713624
-0.325843811436002 -0.0272380968493057 0.352687220049171 0.246958841464883
-0.31906444475262 0.0431728558241743 0.293871707413967 0.0796213773576877
-0.254857321844542 0.175695814422294 0.0662516976542797 0.00497930633274598
-0.143731169331207 0.242447768730087 -0.0315563602603776 0.0669631709589778
-0.0532041703262562 0.27209829587002 -0.0128988946369673 0.223855656743433
0.0538697844391657 0.270793464513405 0.0981101478986349 0.296950045174862
0.126786215271463 0.228702899226608 0.201517235544847 0.286199621582557
0.12487243697098 0.201090814130549 0.247111591094123 0.250282147924098
0.124652395539439 0.201084369906133 0.221260036658067 0.237869052277373
0.0721159240870169 0.252364399801278 0.155287536610518 0.210492808063898
-0.0282514062137706 0.253987958368179 0.072151479554463 0.161646051163233
-0.114185485063043 0.222373785966635 0.045885634747263 0.0988145344149369
-0.177819381194325 0.164329837218023 0.034619162194214 0.0349975949206456
-0.258572584990335 0.0726367664386663 0.136990708416591 -0.0432052013074387
-0.349604060783278 0.0227779873691009 0.405930085615479 0.0296536881449975
-0.138050255380256 0.0375965966408415 0.463903455951894 0.278418155377998
-0.0965247248659312 0.0647102580129296 0.379400692352592 0.0788791090051957
-0.0475325224941106 0.0811571021665259 0.13493137284454 0.00507126081690139
-0.026571404074374 0.0568924184971411 0.00696837554780493 0.0620393481868548
-0.030988854416834 0.0793742577913836 0.00539155880570201 0.245563284599805
0.00965220245753231 0.103727096187366 0.130332371358106 0.337367692331871
0.035489267029575 0.101928741661905 0.239810895917037 0.342352602921302
0.0353861728543813 0.0952195032438773 0.281987917124119 0.312838382810258
0.0309147697580573 0.102499464123191 0.242419328198204 0.30782345471802
0.00393021172802644 0.117073101358836 0.146837083964407 0.281142855175194
-0.0430480659876057 0.099052359304321 0.0346994072233124 0.218055928611486
-0.0595361026150152 0.0481477530869129 0.0130942414503811 0.103646772898667
-0.0416311199800682 0.0481316218021696 0.0501435791412317 0.0198604476449618
-0.0792522276124031 0.0646030071819935 0.173962993408916 -0.0440986695908618
-0.156911152378126 0.0617287962867363 0.465788022789161 0.0464671017554645
-0.0729248317417634 -0.0781584075261687 -0.491112411359342 -0.0473071566663437
-0.103939630587274 -0.0688038196443769 -0.278741710327862 0.0596849297302344
-0.114368044844059 0.0318193477191454 -0.0726543778094431 0.0101436613255083
-0.03761051011916 0.0973521324174469 0.0237318904067351 -0.0480081955064895
0.0235196190206743 0.0731039386602054 0.0162389952305097 -0.228989220086885
0.0393104708231054 0.0416166204902582 -0.115678926986406 -0.318896776229392
0.0609529296155881 0.019368709350616 -0.22674043750748 -0.342396281324474
0.0644131292505861 0.0238484462186702 -0.292419863387011 -0.333131455838752
0.0773033753239384 0.0322118083212832 -0.275441393296762 -0.336925569231793
0.0649793654092711 0.0749550345605992 -0.183145679312883 -0.322821168613531
0.0288638144764454 0.100735798807821 -0.0640158373461392 -0.252310269244838
-0.0417420331503391 0.139864761621113 -0.0541040751303382 -0.0868436425394374
-0.134949792277167 0.0585963157782552 -0.182842484868959 0.00206183168091002
-0.123144625126798 -0.0796341578462866 -0.337121632644317 -0.0483132761502857
-0.073521284521421 -0.0989252790261768 -0.491121606990946 -0.263835659842261
-0.246251302881183 -0.115268154354115 -0.452966340492632 -0.0634347391007159
-0.269008162596535 -0.0827607646600461 -0.275527435490553 0.0242696235091574
-0.259286510714527 0.0910708664102133 -0.107682032501095 0.00404412188678827
-0.139089902570374 0.221516794121552 0.00884661917186879 -0.0286067083551987
-0.010851001746332 0.23331278617349 0.0311929377718759 -0.200753006722054
0.0734559778092438 0.198132905480055 -0.0832860230838609 -0.288446177487217
0.147564891796845 0.151437167424082 -0.182534189172806 -0.314832047934722
0.156492962732726 0.144032261044974 -0.240488228668987 -0.296213935764691
0.178367915476449 0.148444069549059 -0.236459588591017 -0.289130498259054
0.140043764149278 0.231959293457704 -0.163779449798589 -0.27734614202338
0.0427573216817459 0.274915411460315 -0.0605122395839537 -0.222974896106705
-0.0935733932754474 0.329501986215717 -0.0463937698744179 -0.0498517702445348
-0.277664337563994 0.209563543040306 -0.187091046653717 0.0431182533563469
-0.343727024231713 -0.0307159861012144 -0.316234200273171 -0.00392381503092286
-0.316339170791966 -0.115904570477784 -0.419151133102176 -0.196488846869243
-0.392209996035434 -0.144162123450802 -0.352216884526502 -0.040566173722634
-0.419130280070569 -0.0940033894412044 -0.224991464765715 0.0021843824162838
-0.394083030195756 0.142195516442491 -0.126740441860301 -0.012890392175948
-0.240965351646758 0.332172568864648 -0.0198889207291564 -0.0169097370617677
-0.0525661272470056 0.378312292702988 0.023724581102595 -0.144017461645463
0.0926016694831542 0.341486891086987 -0.0522037234635548 -0.209114560864508
0.211299324341464 0.268399444882382 -0.116188662593773 -0.232943521249244
0.224881228270182 0.240872201210175 -0.150935784419452 -0.213831986872918
0.256582583485724 0.232989292365299 -0.155347878699184 -0.20111382742291
0.208764945557355 0.345160991357899 -0.110136093805591 -0.197089751459931
0.0744874198233195 0.407345435712786 -0.0377946578752877 -0.165448561783285
-0.103063772099505 0.483513152919303 -0.0202138185445394 -0.0127843733276571
-0.358833772076141 0.350497751180204 -0.15427764602571 0.0746916080359684
-0.499308796545569 0.050320979906074 -0.244323997887968 0.0262615517814361
-0.507970219037338 -0.0954504479958643 -0.272289791214346 -0.125275124344549
-0.490691650352835 -0.152580193459713 -0.197113905155974 0.0191674926909427
-0.532052865238622 -0.0819090755574833 -0.123189580013256 0.00386415835516309
-0.494667116922847 0.194484818043487 -0.115643593415803 -0.027561196613407
-0.310228404566193 0.422711300049066 -0.0503074416843275 -0.00395832968616254
-0.0814076273156542 0.483921752222783 0.00258545056063531 -0.0563282537093959
0.104946380247478 0.441059551032717 -0.020848111008202 -0.0870887481268405
0.245851741169479 0.345256912159461 -0.034426381195109 -0.108891314839924
0.26018180836504 0.298559342681667 -0.0394246213605173 -0.100514923989231
0.294223392629001 0.281156855365257 -0.0463818309808528 -0.091516522431825
0.245352302506038 0.403790394848651 -0.0267796664629694 -0.0978095758493596
0.0960022872668431 0.476365652299794 0.00485351187941838 -0.0891753888683466
-0.0970191724599151 0.561764768505022 0.0191599097785617 0.0210565771434363
-0.377983452753535 0.43338645565798 -0.0971609414615988 0.0833520057569245
-0.564619831738994 0.117646077601902 -0.137254141333472 0.0256693509841671
-0.609724495938689 -0.0554898312635498 -0.0803223416891746 -0.0723579049433474
-0.520604279348307 -0.131354427299509 -0.00523762277305074 0.0989871743099137
-0.568368215587073 -0.0440954563407274 0.0195274873428834 0.0246242047978458
-0.516288305339325 0.236124174222659 -0.07258646037012 -0.0288872884828033
-0.31757319856245 0.455123410882009 -0.0679736903377621 0.0195204851594954
-0.0872195273817099 0.5114367878214 -0.0163748805859166 0.0526259883359061
0.106897428344388 0.46860418499277 0.0174735783768574 0.0606061061912269
0.246204912597462 0.366720980436407 0.0558122979185071 0.0371898850183492
0.254793254496746 0.312034967296938 0.0777479235163488 0.025372313744322
0.280131066768137 0.290914483136773 0.0702246350943391 0.0250139277386814
0.229869544886262 0.405673213118821 0.0640233549172009 0.00869337399206799
0.0796397922044548 0.469319036334936 0.0542216453822712 -0.00237460152431038
-0.098129408540994 0.532838347616297 0.0542338123643513 0.050893670106806
-0.349165688985139 0.419067756062648 -0.0362354490412212 0.0729385420128531
-0.535215145088491 0.141589568260637 -0.0228959919566997 0.00102704796534776
-0.609139136952383 -0.016391433389994 0.120042333899211 -0.0356685412363089
-0.469667458559719 -0.0802075364932582 0.19499461206271 0.179154349689709
-0.497328814944883 0.0093195356915549 0.171747170466039 0.0526644356933772
-0.428372105189731 0.24053012045802 -0.00773034770594085 -0.0135521169814136
-0.250854886465201 0.398671615377246 -0.0625727964466352 0.0496757924945747
-0.0692979314248294 0.437587122855733 -0.0205418571660749 0.158494652987262
0.0953943776956718 0.407926321200285 0.0633409846143648 0.202437582396624
0.210521651846824 0.325332894872116 0.143365082450762 0.17813758542958
0.211309364252804 0.278478382421424 0.183313147917513 0.147383819076981
0.22255826949483 0.26444015988674 0.169674624314361 0.137500509048131
0.168129117636081 0.355885100291954 0.135247315393529 0.113733881460711
0.0323156805771024 0.391920345809667 0.0837089239844867 0.0859415739927089
-0.112750219917318 0.410886936969497 0.0683031423145365 0.0776622342766334
-0.281099446154058 0.316197230476444 0.00975286396229584 0.0550337033295343
-0.425548817188724 0.12010298325539 0.0726629093807513 -0.0281279677593945
-0.517629500276507 0.0104869756948119 0.294399268717916 -0.00847804738069884
-0.33557075285245 -0.0149618096263857 0.368773741153881 0.240320986375501
-0.326249333375147 0.0560758756871811 0.30318238511518 0.0709820170542808
-0.251687021837752 0.189404187742474 0.0670616141996627 0.00402289027854356
-0.137558221134003 0.253008165405224 -0.0326074029188437 0.0693221618918907
-0.044438797133962 0.280289270611414 -0.00766775378857271 0.229352980496292
0.0657654925294596 0.275600696312345 0.109615645859717 0.301864434589096
0.139368266178218 0.231008895682319 0.214930976495447 0.285229849432373
0.135495402684935 0.204078003602977 0.262093677950143 0.247590618331903
0.134989468746112 0.201897595272372 0.235594495977356 0.234683410070128
0.0848942294017386 0.25693711648829 0.167434512488725 0.209421223495197
-0.0189753204202842 0.261717598886113 0.0789539413958141 0.165068947848745
-0.108172357978227 0.232213016926565 0.0520597667691508 0.0975953638997072
-0.174866309039142 0.174101045301832 0.0363229484219734 0.0364199160413037
-0.262532709275266 0.083177208026658 0.138035041438283 -0.0457782403838005
-0.35635723494603 0.0356430799689335 0.419017696464011 0.0137313132796946
-0.141087759067887 0.0449794952657194 0.484743471765464 0.268836154171931
-0.0970682047040468 0.0713802893703944 0.39202501263834 0.0673021349682673
-0.0434637887886144 0.0848661399789436 0.13743740311572 0.00161463167750087
-0.0243288862490695 0.0585625881444807 0.00710660683794075 0.0625492321194512
-0.0290206259567075 0.0828603466946767 0.0136973441563185 0.251671855939029
0.0149472054465511 0.105241790521855 0.14568937140279 0.343443217383657
0.0408186919713348 0.10362517651317 0.258225773068117 0.343158746990995
0.0393057790960615 0.0980521193355922 0.301167038139145 0.309115462769802
0.0343239370099962 0.104566087284222 0.260826867131112 0.305994303999282
0.00920531644269456 0.120135831872349 0.162109347185109 0.282926797967149
-0.0395342646095166 0.102411872186684 0.044857931790116 0.22369489569542
-0.0583179020451043 0.0508602097884911 0.0177032254747963 0.103785687928619
-0.0389240162211173 0.0512826579374076 0.0513645734388228 0.0184931736622978
-0.0779386716017794 0.0690420222395951 0.176089414093676 -0.0481821515461648
-0.158780582406006 0.0696426146368964 0.481635474428997 0.030449673148007
-0.0774349145927102 -0.0754181396469819 -0.503228907137202 -0.016606326317912
-0.110059132212611 -0.0650925056805597 -0.279770416901827 0.0772042169064793
-0.115375426089362 0.0400363421068206 -0.0730057162172748 0.0138382085766613
-0.0326069614184025 0.101287203283992 0.0201137835660695 -0.0493647490737982
0.0291690831412475 0.0722544669113513 -0.00106898636001927 -0.232586160203745
0.0419842869784049 0.0404940833436709 -0.138723676833491 -0.315440316188809
0.0623979535950589 0.0153416748685657 -0.254127067163595 -0.332092163259149
0.0669349092082672 0.0191718106733763 -0.319060204338737 -0.317038415111835
0.0808500429624541 0.027478413982149 -0.301867122436827 -0.322713933134107
0.0714923063639804 0.0718318308942689 -0.206815755634533 -0.316081407852888
0.0349138188740345 0.101701052934106 -0.0795375797498085 -0.252324822224798
-0.0335993336390553 0.144993574877338 -0.0586271901021967 -0.0830104693782142
-0.133511201065443 0.0664181667077409 -0.182747853853162 0.0148883670483869
-0.130451936023301 -0.0734507454148586 -0.342595722735639 -0.0316215565646521
-0.0786531269299279 -0.0955685720552586 -0.513662526055771 -0.237565227168375
-0.255290678745105 -0.102055387482157 -0.465507432175344 -0.0357808137541258
-0.277283846058876 -0.0695366377418683 -0.278811179014733 0.0402143284507281
-0.25632505399179 0.108683201301526 -0.109151035695806 0.00948230635301903
-0.126406714299358 0.232937986897152 0.00649703380266611 -0.0289264909370014
0.00621434998350843 0.235389672224724 0.0154675840732625 -0.205149384327876
0.0869155120965543 0.196420623011594 -0.104635511926259 -0.286372379434951
0.158134595622003 0.143901111866474 -0.208801703976194 -0.306507073074662
0.168054977426184 0.135502924782201 -0.263807343372705 -0.283851417855158
0.190565894749655 0.138684124817233 -0.258722011414786 -0.276640727111514
0.158486550701995 0.226502517465367 -0.183945307828213 -0.271660934493523
0.0611695827069226 0.276794889205734 -0.0760101542408363 -0.221439835335798
-0.0736236772277725 0.341666057998463 -0.0475270731740706 -0.0471747231496196
-0.268882298941057 0.22713058666273 -0.184309326567193 0.0587271209394147
-0.350447380986107 -0.0109182138718926 -0.319298654366022 0.0132945379552983
-0.324600261662264 -0.0981385136635117 -0.435101134568851 -0.173977246572029
-0.404625529261748 -0.122597038014056 -0.362878024615455 -0.0185759858187233
-0.429712881412119 -0.0712889200007407 -0.229667270475251 0.015072266473404
-0.388699718423569 0.166197851110205 -0.13004546290299 -0.00645269893358458
-0.222375382174532 0.349087813657103 -0.0226943845690589 -0.0153219697571774
-0.0276225739790122 0.384144934016299 0.0105525773305303 -0.147332676070926
0.115892363941894 0.339656407966042 -0.0683341604312054 -0.207938419995017
0.23088084802452 0.258138297186193 -0.137430959303894 -0.228923254332248
0.244761051842816 0.229308724133982 -0.167288263582526 -0.206115214988372
0.274341581044318 0.219205924836242 -0.171061620995985 -0.193084184570596
0.236058167474244 0.336697339219123 -0.124605518142156 -0.19358192878856
0.102029723827867 0.408205785000103 -0.0504622342156373 -0.164060836510748
-0.0733609181639738 0.497822439491595 -0.0176431394930822 -0.0120887382102136
-0.34220751279547 0.375885901629003 -0.149344248627151 0.0894296410338075
-0.505900387152419 0.0791338046779074 -0.24506071259491 0.0409862137738933
-0.51603862778748 -0.0654365606098759 -0.282340004579261 -0.113623376458117
-0.504859207432658 -0.123775579218651 -0.201934528723478 0.0312649311020136
-0.542288241163648 -0.0515075143471521 -0.12631581684215 0.0101042844730874
-0.483080695318693 0.226948275100556 -0.119206228928513 -0.0222663557731075
-0.286427562698798 0.443961451251849 -0.0531337052052918 -0.000704934077946342
-0.0497002354657647 0.493771117677776 -0.00595247379373474 -0.0581030774366044
0.135012251820851 0.439416075023973 -0.0288763943747277 -0.0855847644528874
0.272359151140873 0.335235991673729 -0.0459813744343336 -0.108410986821995
0.283361233286944 0.28649438628308 -0.0470500476699735 -0.0992210597776574
0.314426068226693 0.266449203104937 -0.053527386831513 -0.0892739158924746
0.276665208491188 0.393281860955349 -0.0343034202381742 -0.0980667128178354
0.128208553998575 0.476366371364519 -0.00213484827303482 -0.0889174289847689
-0.0604000814660182 0.576431963997507 0.0239157866295476 0.0181468160299838
-0.355570684491706 0.459654016623597 -0.0909674873444195 0.0953589807335998
-0.566844714080178 0.152881789606453 -0.136836549796368 0.0360385037273162
-0.61506805530448 -0.0189491251112574 -0.0854453380396061 -0.0718363739453275
-0.533693225150934 -0.0995974774800221 -0.00296271959055706 0.0999761023700585
-0.577432735866331 -0.0105364103245256 0.0187541580744441 0.0223299628686877
-0.503567671494135 0.270520739384312 -0.0761552661534817 -0.0257432158256108
-0.29149627413531 0.479025206483264 -0.070466153728398 0.0239469988042427
-0.053909970145071 0.522244040883955 -0.0182406392526995 0.0530429303369904
0.139266439668535 0.467410316479245 0.0192290470181713 0.0616595202078478
0.274656418965956 0.35523021690229 0.0544192044860361 0.0344439581778563
0.278104937579457 0.300678444875534 0.0800468355865594 0.020683825769046
0.301128520056707 0.276006551613739 0.0717713771563945 0.0205103903059273
0.261530504736471 0.396579758834774 0.0646296875464054 0.00356429841352685
0.111342602477486 0.470194366548495 0.0532121159366173 -0.00373029726277915
-0.064917984667686 0.54740944391968 0.0607872925648486 0.045834724552849
-0.326778371735034 0.443744227061152 -0.030819098061124 0.0809068290339507
-0.534000886157399 0.173495809082912 -0.0240575036824462 0.00525879450156736
-0.612841980460602 0.0200683814502436 0.119450002394071 -0.0475035402366578
-0.479064533656886 -0.0508035786002809 0.204885383287322 0.167874639086152
-0.502761031119488 0.0396465833425392 0.175200942741953 0.0414711816169109
-0.414977188356407 0.268371481844637 -0.00942082303780319 -0.0139524772878971
-0.227241609564992 0.416465481361355 -0.0628178023396417 0.0540941403520163
-0.0412785591103629 0.447206237611609 -0.0145776223887582 0.160233474715428
0.12366129881649 0.407204506100102 0.0747337592311925 0.20210456403038
0.235549826812552 0.316536100968443 0.153709401361003 0.17137718357868
0.231955960711414 0.270773020676486 0.194819935989238 0.137321435064567
0.241408967120532 0.254135910021393 0.18053160365024 0.127135473723667
0.195282494190228 0.349318798261896 0.143858664927218 0.105885166467251
0.0586163138472805 0.394454735301695 0.0897386251983886 0.0837511037615086
-0.0863243249726789 0.423149487554906 0.0761465429476754 0.0719637264132865
-0.264076378597498 0.335982112558479 0.0141481472341186 0.0586633488243749
-0.423336405544026 0.145849764672865 0.0705611886385307 -0.0298439519631785
-0.518369995424704 0.0421617531462771 0.298487946757387 -0.0307171822785436
-0.340438564034885 0.00810791239039524 0.384471347917788 0.219033697064859
-0.327211674944794 0.0773141696366891 0.309180513788695 0.0523857913221656
-0.239478280644285 0.206339678931305 0.0675285736598697 -0.000454234610595075
-0.121667164244285 0.263470585420884 -0.0312503722089773 0.0719386275338456
-0.0267796880301422 0.287347061365266 0.00474259702010154 0.232080571665171
0.0848531329666312 0.274392774881809 0.129594332406513 0.300288011300727
0.156902811493006 0.224957894434644 0.234657750164667 0.275896654012844
0.149953669803459 0.199730299399565 0.280934973305588 0.232093780678353
0.148202501793972 0.196813036405186 0.254330716204044 0.221173851038932
0.103142668388192 0.254901049407536 0.184777138418219 0.200702085709454
-0.00127107656404761 0.265075684068725 0.0916229317113889 0.163946489637699
-0.0927521541170844 0.241851346378669 0.0604216254371343 0.0934011826947661
-0.164338318146576 0.186257917430998 0.0387070008653859 0.0365394757734702
-0.259359134214346 0.0996970448553483 0.135249665991222 -0.0517757430019609
-0.355827030109129 0.0586203696755649 0.427162826888857 -0.0153013524864973
-0.140163714522524 0.0567033306038363 0.504397593449336 0.240880900130343
-0.0939887686582843 0.0795666468614723 0.4000896766702 0.0437340588555709
-0.0362798526575862 0.0880820718294799 0.138612251778985 -0.00625787572978479
-0.0203169714879477 0.0599293009189854 0.00881808954285988 0.0620459682556322
-0.0248266768286735 0.0865013671276774 0.0292423244944945 0.253301896138119
0.0223606367438543 0.105630079161808 0.169374004655362 0.339088389438688
0.0492829576280358 0.102564681014108 0.283723325646838 0.329755678474498
0.0459209715887661 0.0985580841462749 0.324768167392167 0.2925372220023
0.0413116060376797 0.103990175423529 0.285269440172576 0.290317929883836
0.0175438794818405 0.120777605509307 0.184010826518719 0.274990353597064
-0.0327615664976922 0.105455521685146 0.0618168475820355 0.225105223666874
-0.054616099177326 0.0538146497501371 0.0252155979492618 0.102148517427512
-0.0339963024538939 0.0550115739974091 0.052325369081722 0.0153196328855714
-0.0734299761016937 0.0748411895698797 0.174399357928536 -0.0563607545778762
-0.156230380851741 0.0812985503785873 0.491110577246824 -0.00267118183678107
-0.0800080291617541 -0.0703168050625847 -0.496105533226337 0.0184861389866311
-0.113180387644759 -0.0584030733637427 -0.270365657831724 0.0934284792449376
-0.111629721103871 0.0473952516981184 -0.0715354203654027 0.0167463852429658
-0.0251685515109953 0.102236547259187 0.0161115495509202 -0.0493026549036086
0.0345650060473909 0.068183759995826 -0.019220806998914 -0.226717409482895
0.0436235850301148 0.0369715533497594 -0.159286510629754 -0.299699392333133
0.0615288522622083 0.0107686260103423 -0.27384058537252 -0.308413818735397
0.0669760103284741 0.0131497641673332 -0.33523747822226 -0.288669568348122
0.0822057842705728 0.0207601360573873 -0.317843267736987 -0.295358598047066
0.0756918807600613 0.0654689542155713 -0.224536659662778 -0.296659744064292
0.0410136358185453 0.098614463346548 -0.0949981522365883 -0.243232621931799
-0.0227573526945119 0.145339803523655 -0.0610290955021503 -0.0762819553315684
-0.128072034159256 0.0728635021915018 -0.176059079930602 0.0285794769932594
-0.134211528879881 -0.0636383938857919 -0.336580097961901 -0.0109042752569408
-0.0819567149920073 -0.0889811060084817 -0.51988911884101 -0.200108880797299
-0.255632771845966 -0.0833644889064656 -0.460987651959772 -0.00286924191805779
-0.276742750384129 -0.0518834359264754 -0.272245695609508 0.0566158402814591
-0.242828224334166 0.122885409940133 -0.107165971074668 0.0147006714604447
-0.108454870481482 0.236761337053214 0.0031135952296854 -0.028616694260588
0.0232467979169204 0.229808837532547 -0.00247217615138596 -0.200289107601019
0.0987679557611061 0.187555291444696 -0.1241928196764 -0.27315127311248
0.164923811632176 0.130160970188639 -0.22948057564277 -0.286423937657779
0.174686972885409 0.121279721554332 -0.278735840840906 -0.259648630294175
0.197270987037299 0.122736754553369 -0.273059190940709 -0.25291006714032
0.172756180610591 0.212162125475794 -0.199756339627003 -0.254743855076825
0.0788703974958961 0.268695809804749 -0.0900926478368171 -0.212497895546371
-0.0481244599444378 0.34146942309561 -0.0473108942482938 -0.0428537630446414
-0.249609932649762 0.238973501471248 -0.17411413808202 0.0733869249221881
-0.346755499340135 0.0117892567747959 -0.311694731935313 0.0326043653417241
-0.322313749984971 -0.0760286790043376 -0.439189990697215 -0.143036587050653
-0.403151501694324 -0.0924524824041624 -0.360157046807837 0.00698753122115719
-0.424686810282325 -0.0436367792529354 -0.2263849450907 0.0282222906518483
-0.366354491694591 0.187991290451741 -0.128547754268556 0.000760686023963445
-0.194990517804508 0.356621516160839 -0.0245237983967692 -0.0129395889390863
0.000762785907812818 0.37758529334671 -0.00448681915203059 -0.144296011403849
0.137462025468251 0.326408389504652 -0.083575989798017 -0.19830609419797
0.244624468137417 0.237459890455338 -0.154407168684518 -0.213846204669164
0.256113072287053 0.208838746579269 -0.17922255121307 -0.190484150028619
0.28348728541772 0.196133870492273 -0.180755616314084 -0.17678175542352
0.257860713344867 0.313427949393336 -0.136300013386918 -0.182444597602647
0.128290367609271 0.395384613486918 -0.0614263237434567 -0.157112274442115
-0.0366913827473631 0.494626728634861 -0.0152436068201734 -0.0121239907416568
-0.310803466471451 0.388749934763718 -0.136655610529434 0.101450026881623
-0.492334622939585 0.110847127731006 -0.237733810726904 0.0570825774359041
-0.505503899291654 -0.0311368871969739 -0.283886000959209 -0.0955865183194785
-0.501273200733995 -0.0866680046347205 -0.199205335868098 0.0450394907673915
-0.535320912416684 -0.015665184150459 -0.125336587856815 0.0168824485518015
-0.455508431692702 0.252983996569436 -0.11982333059657 -0.0158767620609849
-0.249652969072311 0.453190524031229 -0.0544737701819697 0.00313157445336437
-0.0135765472615663 0.485654966129133 -0.0147829453539797 -0.0564904020441027
0.162667116705759 0.422009516134155 -0.0363458376763224 -0.0807339197584853
0.291187030431251 0.309425285330011 -0.0568606927314177 -0.101679733929725
0.298932199673919 0.263578741111166 -0.0531630512192427 -0.0944333514736501
0.325885767071034 0.238794004937678 -0.0582792759365777 -0.0833762033618949
0.299803150291296 0.365914262523703 -0.0411362515760405 -0.0950486007925638
0.158585501275099 0.459387980187418 -0.00868668675065832 -0.0855605369414338
-0.0187175671090761 0.570580124922208 0.0270205922329961 0.0136524354821533
-0.320086978974726 0.47374251316006 -0.0789819043145688 0.103930052629427
-0.546771599087555 0.184103111899122 -0.132173833257781 0.0453754950407273
-0.600258070229361 0.0198997882296832 -0.0886457258315116 -0.0679584171316911
-0.528214986517327 -0.0598979786623642 -8.0717012054285E-05 0.0987734230877089
-0.566525013451508 0.0271021052655546 0.0176303656531513 0.0200643773079239
-0.471205646075874 0.295305306179744 -0.0775987899666435 -0.0220363197756039
-0.253253162415169 0.485807342825285 -0.0699095986611349 0.0277662295468646
-0.0182014029341012 0.513359470872883 -0.019110814977845 0.0525365671752812
0.169190780731408 0.449233593049907 0.0214615272823283 0.0613519525699012
0.294356515028326 0.330262282063621 0.0525434169548136 0.031151648349411
0.294475055284709 0.277851559192491 0.0792391870082887 0.0138696511562667
0.314321988019008 0.251465966820547 0.0719161512798925 0.0151090740205215
0.285244390982894 0.36947084423594 0.0629187203222362 -0.00165776247323067
0.143190484248158 0.453996129597188 0.0517759054754724 -0.00503843640213186
-0.0242263304096469 0.541225171461482 0.0647082901741138 0.0382022521894181
-0.291402477288703 0.45628167669924 -0.0213493186540401 0.0856183785838363
-0.513608452950775 0.204433792030215 -0.0226900968593431 0.00912272284092238
-0.595585753442775 0.0594563670936707 0.11423837714555 -0.058104190068912
-0.471542305750237 -0.0154652854872398 0.207902494621006 0.15119446561652
-0.491926343846381 0.0732135973663514 0.172525050900303 0.0282579946564048
-0.385274352619679 0.289742359583058 -0.0109244295798565 -0.0141712868212303
-0.194952131765733 0.421844916168425 -0.0605337424740386 0.056609157356984
-0.00899372070078293 0.440783675758359 -0.00699619122977033 0.15759041453253
0.150738332409723 0.390815777039273 0.0867164780704784 0.194989026408319
0.254307902398349 0.294058347628332 0.160103439494221 0.158334725909307
0.247435138989346 0.25149317031123 0.20062655029584 0.119725865947469
0.252577552883148 0.233638606296389 0.185598752328415 0.112357490084793
0.217294279416662 0.328733320894952 0.148297235851816 0.0933791069332707
0.0850452057698142 0.384512300938836 0.0943900184313518 0.0775018773715553
-0.0532951489112326 0.421777561595238 0.0807901672611688 0.0626457472886166
-0.234868981127929 0.346735100470838 0.0192067664213183 0.059697230134251
-0.406014833027725 0.1699527742165 0.0671652425196207 -0.0305613173243783
-0.502062445671338 0.0756179347456596 0.291006845748774 -0.0541421408775371
-0.332627080005408 0.0327700339851878 0.3884329790876 0.189229395668886
-0.31656356597023 0.0992841650175331 0.304921005304525 0.0305099465511871
-0.218392414400504 0.217510418417431 0.065993929729149 -0.00502674995798488
-0.10092279863205 0.264766365789556 -0.0281523456274365 0.0720983346775659
-0.00631326965749813 0.283290061807834 0.0184002684085693 0.225674291551178
0.102919292282889 0.264125136963031 0.14801048339178 0.287787953372841
0.170790342443111 0.210610596585136 0.247881812848729 0.255295718640843
0.162277065999627 0.188188219799228 0.292008103224245 0.20725414480619
0.15798267565508 0.183221939302536 0.265072779377825 0.198321178245488
0.120141836903502 0.242067882922928 0.195612359185441 0.183601315225392
0.0177874102577828 0.260387490127339 0.102006158970029 0.156113549462075
-0.0727419049597007 0.243184136077122 0.0660194981790394 0.0850788696879248
-0.147033216336583 0.193317069138014 0.0407593868285973 0.0352940211337081
-0.247362974881457 0.113956680637683 0.129051505293194 -0.0560223533077607
-0.342972303291038 0.0824769508643287 0.417986784410905 -0.0485002542571518
-0.133321885078475 0.066882059120591 0.50873517611389 0.201347978402296
-0.0865787263390366 0.0862042799535064 0.394380057037448 0.0166239250947311
-0.0274811592202374 0.0881214976083946 0.135919369861747 -0.0152284953629775
-0.0149100114584242 0.0586678785337062 0.0107363257803179 0.0599517937331312
-0.018536899253052 0.0876269817557827 0.0450643112875154 0.244846077892746
0.0291495286310283 0.101795272187189 0.190050639109591 0.3223731510092
0.0562298965063745 0.0975995821537395 0.301146369601699 0.304532653756002
0.0528436617213185 0.0953342657117311 0.33933933498028 0.263558663908142
0.0466406921245 0.100341394079601 0.300612798146611 0.263597772134368
0.0258597972456768 0.116781758024474 0.201232545298365 0.255877705549918
-0.0239705290357585 0.104236544767715 0.0775000954704164 0.216818265523122
-0.0494424462590296 0.0555991378330613 0.0318120351991974 0.0964233947941788
-0.027168308988619 0.0565501339133367 0.0517674333105836 0.0118043532994927
-0.0663820630898252 0.0786735103491993 0.167333039525995 -0.0638419286549559
-0.14748507190099 0.0917132376487093 0.482772160783159 -0.0386696389312733
-0.0794235074370008 -0.0644312531732082 -0.475316238779859 0.0413241390541482
-0.112443847829476 -0.0527665878630465 -0.25572366901209 0.101280111757725
-0.105687533265603 0.0513489317553433 -0.0693081447624565 0.0180061924717903
-0.0199464990117389 0.10028871154292 0.0128638145511046 -0.0467642661310937
0.0372439639466736 0.0627646449925596 -0.0315907678887601 -0.214294766549825
0.0439662523338822 0.03370172548803 -0.169642645181639 -0.279187486799855
0.0587320561572913 0.00714401492126026 -0.280445276714279 -0.282158597800229
0.0644742546489135 0.00804403212200186 -0.335693382988643 -0.25970155983099
0.0802742568513435 0.0149701662582415 -0.319367062405663 -0.267213749711212
0.0769143462143849 0.059302287494375 -0.228707812139331 -0.275163032484627
0.0442153102644955 0.0933797621379356 -0.102228064059178 -0.230146974415743
-0.0153434999352345 0.141701135900983 -0.0596638784233117 -0.0697035384787306
-0.120678811976979 0.0749656042637434 -0.1647065226591 0.0360652769195592
-0.131890072295274 -0.0552866051497228 -0.323227139926565 0.0021907702297575
-0.0812807619980741 -0.0829190150959845 -0.50733634876545 -0.167578601049138
-0.247509232886443 -0.0686295229714979 -0.443755329574289 0.0210036151563248
-0.267476900443904 -0.0393117515883645 -0.259690086572995 0.0662398496910912
-0.226054393059614 0.128844632248874 -0.103648637459625 0.0177309329430074
-0.0934483769297518 0.231502237222257 0.00155715675237823 -0.0261836312114914
0.0345952503932843 0.217674108108754 -0.015033130393468 -0.190594602132729
0.104380521513478 0.175207190652485 -0.134289676234389 -0.25474281071418
0.164331002840269 0.117577609672235 -0.236704917506024 -0.262460854557623
0.173567131609754 0.107315093561155 -0.280390115566763 -0.234918346213161
0.194417462525797 0.107456393408141 -0.273766102855025 -0.228574418273059
0.177462809402228 0.194228202753442 -0.204386979766477 -0.235925451035598
0.0895270970971691 0.255319070407499 -0.0965678994915226 -0.199927396056999
-0.0288844223385937 0.330472652862729 -0.0445527760959843 -0.0394841411917527
-0.229683215393112 0.239088466655758 -0.160188595498112 0.0800532801221749
-0.332835102138316 0.0260179233410495 -0.297881670103455 0.0442066208280356
-0.309493190967589 -0.059859765532698 -0.428434650377974 -0.119003215416353
-0.387674058103693 -0.0696999946737261 -0.347262991296579 0.0244124746084263
-0.410138351712322 -0.0264387912590944 -0.217307207850369 0.0363338126427631
-0.339636489060368 0.194869085073838 -0.125046885200064 0.00419719900929497
-0.170006832411917 0.349251022192877 -0.0255643126764656 -0.0106953154472382
0.0192765754761903 0.359572236139249 -0.014908369126159 -0.137385128932241
0.14870882036601 0.307004822117648 -0.0913816778906472 -0.184428013428752
0.246196986498469 0.216087873738695 -0.160862948670571 -0.195930628289132
0.256549032390582 0.18825504425657 -0.18135751461825 -0.174281418904386
0.2804610177822 0.174116840891067 -0.181827321765945 -0.159737471688016
0.263086806138803 0.288062801751537 -0.140301460418774 -0.169317343455453
0.14177099234285 0.374116830505163 -0.0669465552397156 -0.146596210783175
-0.00978270120291968 0.47732637127563 -0.0127617747660232 -0.0124698629537688
-0.281976549333989 0.3865468132514 -0.122239573804491 0.106180513867163
-0.467529742500206 0.126542663738981 -0.224982859855906 0.0646883118934262
-0.482097918896835 -0.0101674496757287 -0.278330387498625 -0.0810132273658636
-0.482714024144016 -0.0597378446028353 -0.192198077636691 0.0532444856644351
-0.513481903432319 0.00585078832559474 -0.121128059798847 0.0206919191784304
-0.420727461541748 0.260857745181501 -0.116873717347729 -0.012187697665006
-0.218296264369344 0.443466796947203 -0.0539900834999438 0.00508709873140372
0.00989533402494932 0.464427437196575 -0.0218559042117761 -0.0530768583704585
0.178038327812908 0.397654626470877 -0.0396542701963074 -0.0732428402361885
0.295281293704027 0.282005356758067 -0.0625616739655036 -0.0927967723854059
0.299716632139633 0.238298326192479 -0.0562703070862328 -0.0887214106407434
0.321817675282973 0.214112667568579 -0.0595697162746318 -0.0770487882364495
0.307662424917435 0.336598806657826 -0.0449590763682904 -0.0900766485422007
0.175261970949862 0.434170709779364 -0.0127712319190949 -0.0799612645385286
0.0113680170168375 0.549805806545092 0.0290405270205181 0.00876587312374636
-0.285341554593312 0.466986349282345 -0.0671508656470791 0.106101167530828
-0.516214561465286 0.200031493918009 -0.124682154523904 0.0510025811902079
-0.569119046132259 0.0438764967818085 -0.0890538467345207 -0.0649673132584025
-0.506459136323983 -0.0321174574259427 0.000201012304578426 0.0952383430927604
-0.542301285933088 0.0493638969329337 0.0158454470157822 0.0177059727488049
-0.435157512218233 0.303122298317854 -0.0767376136903425 -0.0197063633283122
-0.219971503513307 0.476110655772508 -0.0686788918162485 0.029309349508688
0.00849023247018758 0.492662286456675 -0.0203113315791948 0.0513857530978367
0.184588995552067 0.423470551930575 0.0228243719835582 0.0597426437889564
0.299677787594268 0.302084585891011 0.0497188749372449 0.0299817012323571
0.297516238121446 0.254386116026667 0.0761883730010639 0.00837829799259421
0.312469079235656 0.226403314708 0.0700444241676175 0.0111287854706148
0.292205676338963 0.341630979733297 0.0597980000041724 -0.00540488847324667
0.158549572533496 0.430741980832622 0.0501702591826419 -0.00596144070884124
0.00393411787077696 0.521712333543838 0.0655828808111965 0.030099619314091
-0.257365047791328 0.449721813727064 -0.0131507796967801 0.086114196180607
-0.481072749750952 0.218086232973796 -0.0217025790966852 0.0120965701381841
-0.563715693708981 0.0810282109495475 0.105824672292669 -0.0641330701064217
-0.449569994899637 0.00895776570097842 0.201292851235129 0.136488702740234
-0.467706989349554 0.0927074283987923 0.164913170043216 0.0189935798402167
-0.352747641286371 0.293304231725883 -0.0121686838515484 -0.0142740954512056
-0.165855513263138 0.413301447438285 -0.0585521666516678 0.0568135938925279
0.012381353250893 0.423645689750308 -0.0031508374895608 0.150344039667159
0.164163008825628 0.367709540231927 0.0925466629135104 0.184520230062472
0.25934196935163 0.270026777499351 0.159297987859915 0.145843480323428
0.250542692618956 0.231566403809735 0.197088037664956 0.103459486979345
0.252239295136328 0.213461271878161 0.183990599238289 0.0983075596424981
0.224959328941808 0.304650954938438 0.146631664911395 0.0811211405200836
0.100632389663025 0.364403904705173 0.0945500819024328 0.0711762623615748
-0.0287548629405365 0.40717102046524 0.0808784980962244 0.0532458713146429
-0.208192669689653 0.342004261680357 0.0238701945380864 0.059092800560315
-0.381356194123209 0.180100923882257 0.063136662747413 -0.0288454378370265
-0.473927797982302 0.0936694108781728 0.275680461961136 -0.0687238311491818
-0.3159503018138 0.048887325415217 0.375229970811089 0.164536298542387
-0.298442221981703 0.110666362231852 0.292311494068302 0.0150452118603128
-0.196207818646821 0.217118322311988 0.0622784434630724 -0.00921596891434654
-0.0841822309115652 0.257239385357793 -0.0265279350000425 0.0700169288977386
0.00709255115218498 0.272961406395844 0.0253102444945477 0.215015420854667
0.11232301649415 0.248309033274387 0.156328611015426 0.270011940323518
0.175231834155467 0.19353726177861 0.249822558933821 0.234013048681128
0.165930785463944 0.174140573517204 0.289624637286677 0.183353768070593
0.15943625701707 0.169860856882302 0.263840482867314 0.176374908082469
0.127230186573783 0.226064465760347 0.195703601626246 0.165893485078464
0.0300555679881859 0.247849090967775 0.106533956467783 0.145041721564558
-0.0562909697020489 0.235637629865741 0.0673259695582621 0.0766016444106152
-0.129515649001258 0.191278140727779 0.0413446216096635 0.0336705144209457
-0.231691726676442 0.120385603968997 0.121426521017825 -0.0567125758616515
-0.322484311231443 0.0942647509571265 0.398484031667622 -0.0684499912070987
-0.124275483939337 0.0722280493303531 0.492559356179942 0.17014046738969
-0.0788636260397878 0.0887852377988964 0.377350456087944 -0.00226747051861212
-0.0211584737223425 0.0847784468993569 0.129569094814295 -0.0213165048754202
-0.0114297643848259 0.0557985704026242 0.0102220965266253 0.0556916647895311
-0.0135397209412159 0.0857476265085855 0.0534003080276382 0.232106137353264
0.0330533718189688 0.0963603834688536 0.198056396172858 0.300931244210183
0.0593676583650033 0.0904583393226246 0.305061675689377 0.278382469838592
0.0561617291348196 0.0902163715098769 0.337285465591759 0.234740559817196
0.0488980310665782 0.0953244092263857 0.300028459502177 0.237184718269115
0.030070786620631 0.110480133529342 0.205634397735914 0.234817404242224
-0.0179651891261789 0.100761738138313 0.0868790649561571 0.204144499440292
-0.043227913156846 0.0552072496812674 0.0349142851538727 0.0891074152836957
-0.0206196873572103 0.0552186516916438 0.0494810175768322 0.00979849941760284
-0.0592012193861194 0.0785839457420309 0.158219120497444 -0.0664819993086862
-0.13633867979173 0.0962271820023931 0.461641057649404 -0.0617484133592985
-0.0700656077407433 -0.0639526448732195 -0.462653464764106 0.0248948353175732
-0.104192220079015 -0.0574858592134083 -0.250269925423647 0.0910594855441009
-0.105474856527786 0.0459876092641575 -0.0653193874856226 0.0178309973038161
-0.023497721727225 0.0959265238300747 0.0164738783944697 -0.0400487345821972
0.0310859556967949 0.0627635646330005 -0.0231572600565032 -0.202094381783454
0.0395889546289036 0.0358180042067381 -0.154287769094188 -0.268437242691312
0.0534964761624606 0.006709462814583 -0.262800768266698 -0.276704711053235
0.0617946724315687 0.0087301180267248 -0.317618262678352 -0.253164213435
0.0754231003871128 0.0133363953466238 -0.302068947386402 -0.260937100635155
0.0724820539765514 0.058395548223688 -0.215434913838704 -0.266210769156201
0.0401918573135961 0.092720127503843 -0.0949593327613434 -0.220176320706507
-0.0194341591567238 0.134997771128192 -0.0573501979357244 -0.0630805875927171
-0.123285554553381 0.06840577122366 -0.159227875407977 0.0272868319985464
-0.131159639809057 -0.0586545932763687 -0.307203383872422 -0.0161311545671582
-0.0812074162344138 -0.0804207223659857 -0.472256943635477 -0.18568637710828
-0.232691278753807 -0.0764464775367573 -0.433382193796105 0.0112840471640416
-0.254674112454665 -0.051835871517852 -0.251948161433491 0.0604999930648495
-0.223556697058099 0.113073556197085 -0.0952434115419784 0.0207492470503431
-0.0978333108044394 0.216478187625499 0.00659172310053858 -0.0150827714016946
0.0223449026113262 0.209671519879453 -0.00356774272428403 -0.175160786224147
0.0932557085837652 0.17387433118229 -0.116110262251498 -0.24378138671474
0.151939640119789 0.117283861514286 -0.218243502231158 -0.255781652966852
0.165808027467785 0.110505954071751 -0.263551310352742 -0.227757178564999
0.184223913387818 0.106715509184315 -0.259268288247975 -0.220790541258368
0.168335043834721 0.191821269059561 -0.194171649369658 -0.224783238126303
0.0804360276948934 0.2521706636003 -0.09477100064317 -0.186131225121917
-0.0363706278566151 0.316528362560728 -0.0496897223746382 -0.0286762735384568
-0.233536409575987 0.22529641493755 -0.162196093139691 0.0698960353850346
-0.327621943110168 0.015886630250699 -0.287603712881017 0.0203751719966633
-0.299109301811587 -0.0620866958517272 -0.400697215308773 -0.142842611662572
-0.369578921861043 -0.0857607628601652 -0.343670645525198 0.0247944265309696
-0.391003756756814 -0.0455466072680303 -0.20971403558557 0.0378509290360566
-0.335765424032247 0.170923912746142 -0.112994465928086 0.0114413216504303
-0.175822302944286 0.324869255633409 -0.0184682366091466 0.0041285647864345
0.00213477694456525 0.344473069421155 1.49355603922451E-05 -0.120775582443885
0.131981188102918 0.30078485377943 -0.0730112588276908 -0.174329595604737
0.228202666297304 0.215952887510219 -0.144389062548776 -0.189475917506791
0.243997279063966 0.194197600097695 -0.168501282210815 -0.168292800790565
0.266264949769995 0.175674995824666 -0.172494885513856 -0.152713840609061
0.25114534350469 0.285702568987605 -0.134995351671921 -0.158543142988518
0.12911998209644 0.370048532822345 -0.0701845605985331 -0.13144639186798
-0.0209704878849591 0.458035088798452 -0.0240688240918442 0.00249657888521808
-0.287329061569642 0.366140859798705 -0.131642811075721 0.0979810055264606
-0.458542955005773 0.108449364005771 -0.223020178229967 0.0411537942308131
-0.462719895919537 -0.016260482227956 -0.263224656453275 -0.105882441778859
-0.460958262297362 -0.0813517148583856 -0.198142827253578 0.0620653248591638
-0.494835365150021 -0.0192691082370558 -0.116339905153792 0.0298467143848504
-0.417080762454296 0.229912459395397 -0.102799035494996 -9.27112558393795E-05
-0.224931772474675 0.41096193335673 -0.0449560133560282 0.0222018720640891
-0.00996174434827769 0.44308974667237 -0.00493403071393371 -0.0385799326841183
0.157639179659702 0.388476028236092 -0.0243984123848487 -0.0675757930785832
0.273993564397088 0.282439701034016 -0.0490533940478243 -0.0883410582599613
0.28503813859461 0.245243272287816 -0.0498449080010518 -0.083930629786418
0.305444780283461 0.216417636469027 -0.0566861914930128 -0.0702812409465567
0.293612318845813 0.333113158862266 -0.0449611385165416 -0.0791691450817742
0.160430819226237 0.429606153103526 -0.0214224130890637 -0.064587440595917
-0.000454461954843811 0.526383869791249 0.0129676526219498 0.0268513019404397
-0.292588780773525 0.443581586146411 -0.0807237732764889 0.101391356472288
-0.507993842695318 0.179503268661444 -0.127582636238453 0.0321580116491259
-0.547297128616075 0.0335227230961139 -0.0867411202319689 -0.083414237510923
-0.487476796411777 -0.0596077794342083 -0.0148953856554231 0.111947872257113
-0.524454284330868 0.0193317567078976 0.0169747129572663 0.0325700393662657
-0.432414489752305 0.268878989660279 -0.0623694475940417 -0.00483448701411576
-0.227220053919734 0.442307018334558 -0.0594186734471911 0.0451524793437004
-0.0127060470203567 0.468963213891947 -0.00584051275862999 0.0605490756481284
0.165027425070784 0.413423530528307 0.0324571339856579 0.0603149285105707
0.277531737045542 0.303186891051911 0.056609069418811 0.0313424220392218
0.282889713484816 0.262319860842262 0.0757829205266396 0.0111264135990165
0.296257573231702 0.230138768183359 0.0659717314401158 0.0162807908185496
0.279447811481987 0.338853498276976 0.0539806669965748 0.00355694646094398
0.144875555319469 0.425033485510251 0.0365428627170222 0.00738067631331476
-0.00590939405499339 0.499330775005295 0.0469054415311537 0.0470288169927524
-0.263051977938967 0.426520479875653 -0.0289370968196317 0.0843976441637195
-0.472719047843121 0.196448378040286 -0.0282136291944442 0.00101471115417127
-0.540261128935783 0.0678772610423845 0.0969589419640384 -0.0738807492064356
-0.436192378019606 -0.0179612082315402 0.178886072030418 0.157739897483354
-0.456561747863175 0.0648032948301173 0.161194201264968 0.0371113033531319
-0.353812805739676 0.265064320935015 -0.00117392833155484 -0.000687916665892806
-0.1726235259319 0.38387966221804 -0.0517855329183736 0.0681558581190652
-0.00448388729429061 0.403831094323591 0.005516103922775 0.152878863717596
0.146604818986269 0.358481972286064 0.0945096751924357 0.180206154042476
0.241989844883714 0.271265852139028 0.158555702609386 0.145405667399569
0.238148537255363 0.23804207807216 0.189019280677706 0.103694603022698
0.240811921667332 0.216472150489173 0.173993598983599 0.100524730403584
0.214275283663921 0.300928493607921 0.136556284557803 0.0868282842450668
0.0904237152546201 0.35915137596142 0.0800976835275728 0.0791977104688631
-0.0342634007951829 0.388825946001523 0.0622951767787122 0.064828026862969
-0.209345469477431 0.323075229367312 0.00985570389557817 0.0600452318302344
-0.371300602288367 0.163702463367311 0.0551589164677166 -0.0322414022383805
-0.452368729462771 0.0815297586966368 0.258520110156365 -0.0678129479100257
-0.309796095215277 0.0278176495161184 0.34952711487412 0.185621729766946
-0.295647422899619 0.0905934057383335 0.282842581627172 0.0331764093454974
-0.199240004963933 0.198239869010735 0.0673115653356223 0.00132404294726033
-0.0889001027977431 0.239772201645072 -0.0246061748457291 0.0749141786012858
-0.00195277369249492 0.259642644518221 0.0263927597159876 0.210771932438541
0.10135768545362 0.240901272764481 0.149249329000618 0.261502058746273
0.164756136311699 0.194796815742789 0.241157603834301 0.231029042557944
0.157876690731238 0.178636553393015 0.274801915020703 0.180672054555256
0.152400474694604 0.172395308336819 0.249423542953159 0.175406865126764
0.121711780950956 0.223074707548255 0.183908424676339 0.165428011344055
0.0249954518994275 0.243291171314642 0.0928507227998861 0.145497708905072
-0.0570265813934591 0.22416487191665 0.0529303772302431 0.0798275840057018
-0.127534873642688 0.180215510185273 0.0315452900911964 0.0355173689089748
-0.224302848547552 0.109264835301871 0.114051866132262 -0.0523584402052166
-0.305825030687139 0.0844723046567529 0.377119458901489 -0.0579800491283734
-0.12596261459363 0.0592068658928409 0.463341645484324 0.190206726950188
-0.0822831184230549 0.080344652718283 0.364022541454785 0.0129815355357789
-0.0237477237499251 0.0790534991356949 0.126842598793908 -0.0140097725279958
-0.0121290362728834 0.0507914108679679 0.00694084802562048 0.0554663831030671
-0.0142083255814903 0.0802184503373918 0.0456045042680348 0.22401430217396
0.0303507536839362 0.0919117783053211 0.183309063443089 0.291222916504394
0.0574043278972156 0.0918936241576471 0.289450670266384 0.273531835975798
0.0532918113032695 0.0924929698385981 0.319420840794033 0.230642263496889
0.0482368536228145 0.097491956632445 0.2841521328565 0.232209771745
0.0289889212932148 0.10896359337376 0.193398937025329 0.228618934996522
-0.0188986709452787 0.0978419666565166 0.0771826111907264 0.197120268746173
-0.0407783915154024 0.051193339928877 0.0270879155368197 0.0851769143976599
-0.017992306807326 0.0525543611226652 0.0444965884911196 0.0121743294863007
-0.0559333687263034 0.0744226848695971 0.151304503162381 -0.0564249936719026
-0.127580503268554 0.0893565234753064 0.438128748033882 -0.0441729265230025
-0.0674932266660577 -0.0644831420655891 -0.454469670399619 0.0245883250613373
-0.104314927383357 -0.0580911426985123 -0.246674965966361 0.0891114792881294
-0.103730440637035 0.0455655030413509 -0.066090571108766 0.0165121568067446
-0.0234396632517888 0.0954087714259102 0.0163120340673418 -0.0387288137115276
0.0308246415471542 0.0609089621141246 -0.023595647191437 -0.196260963712123
0.0385860519905031 0.0351341444442151 -0.153785755531623 -0.262005547589994
0.0516093875583247 0.006683085630831 -0.261348909569224 -0.270308563292369
0.0599483065954249 0.00773492945214143 -0.311717081179835 -0.24776170521334
0.0739400765446055 0.0119555465373268 -0.295940342081259 -0.256315139713114
0.0718646825435305 0.0567717536463503 -0.211968196614673 -0.262760434142868
0.0399358646195209 0.091934817152545 -0.0922676598060841 -0.216761199497104
-0.019692864698639 0.133834707946556 -0.0541088601452013 -0.0623396506198578
-0.123471420579024 0.0671708943823917 -0.154094594092936 0.0262485796539362
-0.129648979699237 -0.0590495847281571 -0.301482065632969 -0.0189206965816986
-0.0784757929315941 -0.0809141402127613 -0.462656703427356 -0.184110300354466
-0.226043513850837 -0.0760134861612362 -0.426144016262013 0.0115505893135389
-0.250985259676562 -0.0536595558611912 -0.248234700009338 0.0587541972053705
-0.218438929415058 0.110178026458068 -0.095609153219648 0.018634507524267
-0.0969962102058089 0.213145207373024 0.00584231407847637 -0.0142340577762237
0.0220999613523296 0.204798831432563 -0.00482779884450967 -0.169417455009737
0.092390230067201 0.170761328252751 -0.115798243133843 -0.237867079253979
0.149321409762033 0.115082285912942 -0.217302553239588 -0.249268224636526
0.162915296370652 0.108010265497776 -0.259722051383105 -0.224090639154244
0.18014120282806 0.104590659264064 -0.254182108165891 -0.217094440897094
0.166471845469153 0.188114041198806 -0.191173285977476 -0.222221650869296
0.0797889554942945 0.248520013680026 -0.0927896831965089 -0.182695230133149
-0.0348052628866871 0.311881797867971 -0.0463874616323804 -0.0294957242629263
-0.231427620545934 0.2205641686865 -0.155562603086132 0.0694103262407207
-0.322696260045431 0.0128046145174508 -0.282526572258085 0.0185419049925521
-0.29121213240586 -0.0644446083478895 -0.392839086663436 -0.142428113672935
-0.357578154798291 -0.085207623336203 -0.338424512435509 0.0242339560244287
-0.385123517543168 -0.0479537879058475 -0.207210547487862 0.035477131048506
-0.327240164055232 0.164200585171951 -0.113573327185441 0.00918483849259569
-0.172591783612047 0.318247055093048 -0.0199763652924456 0.00457825283572961
0.00182006222972016 0.336336531823792 -0.00341660928872454 -0.116889944366718
0.130733686179015 0.295664532982426 -0.0732242791369546 -0.170796004096704
0.224695880573814 0.212245983148617 -0.143834536445519 -0.183920709406725
0.240581046647754 0.19073925528997 -0.166947338962862 -0.165710458240251
0.260904641030503 0.17270050797728 -0.168931875063871 -0.150071117334309
0.248190109409363 0.279879975040258 -0.133235899658698 -0.156364708988913
0.1273164656296 0.364607205011029 -0.0683755770592775 -0.128606033385876
-0.0190741074256061 0.449728606496471 -0.0219935280046164 5.37159028623777E-05
-0.284471362586066 0.358292144218102 -0.125308260105145 0.0974510837308821
-0.452395070445201 0.104966540574064 -0.218212723374982 0.0391844860748987
-0.451567175127453 -0.0203067788101543 -0.258706158845464 -0.106002629745856
-0.447840933537263 -0.0811237877928648 -0.197385400288116 0.0619129146492504
-0.48476977156191 -0.0235641110666378 -0.116287010069104 0.0270175243893886
-0.407791615404862 0.220584128614576 -0.104150216940367 -0.00275666116498525
-0.222960271396374 0.401873672732265 -0.0466823258712759 0.021951792938173
-0.00952162688078043 0.431616002170651 -0.00908267822940478 -0.0380220119343069
0.155100459567051 0.383184994850021 -0.0249203225038716 -0.0655840044009214
0.269059237517294 0.278529752774098 -0.0491656772083432 -0.0844131685929103
0.281551131353825 0.241902521376217 -0.0498449720378373 -0.0832923015193764
0.299328561832422 0.214902305047449 -0.0557068669434672 -0.069700038717791
0.289254703248133 0.327979956660311 -0.0450277960814473 -0.0790574541848083
0.157528929566047 0.423743819391734 -0.0202487273315599 -0.0628241635651842
0.000538800166992791 0.517378700430481 0.0141535720472663 0.0237609676822265
-0.288843792539709 0.433798378724112 -0.0751207857704958 0.101163283006552
-0.499960126795187 0.173203979174801 -0.125348044161801 0.0323512433048268
-0.53295144741151 0.0287474126476319 -0.0856762889717263 -0.0849662896475527
-0.473442237984717 -0.0582759833850196 -0.0185650299217346 0.111481294211405
-0.515392877900516 0.0162208507417624 0.0149200018768346 0.0302123074544159
-0.422561411597025 0.259806648445088 -0.0644520222143064 -0.00813520988089841
-0.224520356723971 0.431558067125471 -0.0616274122430322 0.0447122134339032
-0.0130015438955378 0.460609444503846 -0.0103026707264814 0.0588824638788793
0.163872514071723 0.405353308801974 0.0314501994293172 0.0593447239609763
0.273709330426125 0.297653637263623 0.0552389712967829 0.0326067550023485
0.278671820554515 0.257741312977109 0.0731190057068338 0.00946161131825611
0.289808688583465 0.228719965005248 0.0649241201505557 0.0151835084932024
0.275463700001553 0.332768741539959 0.0521486870885472 0.0026982450059511
0.142395933981941 0.417908781519187 0.0367997690699693 0.00802592505743778
-0.00388240875703819 0.490071896346659 0.0466442554153335 0.0429389202945885
-0.257623938936185 0.417751058315723 -0.0242227477313854 0.0849298510307694
-0.465681734714614 0.190690963484426 -0.0266663096359673 0.00317323098743158
-0.52604324557593 0.0622981303758778 0.0944516743460064 -0.0751519392837282
-0.424896708155544 -0.0176002374253066 0.170507595189787 0.157323787781239
-0.448390891275131 0.0612972604388015 0.155603778175864 0.0360597829576276
-0.34328662306251 0.256711140993336 -0.00367079223050407 -0.00313261716485779
-0.170932328709331 0.373725927310825 -0.0539541280606732 0.067308309124037
-0.00493473929759405 0.395729742126476 0.00115852837377862 0.148819662902089
0.146170076231145 0.351973622611382 0.0926810885425255 0.17692732773476
0.238789124817978 0.266489048008141 0.156392553712764 0.143735681728981
0.236304130591849 0.234815476062385 0.184957947881579 0.10045739788589
0.235129256754693 0.214879425072902 0.170711988159812 0.0982831225873532
0.211385632401112 0.295506285211303 0.133662555337778 0.084720746905519
0.0884755577073684 0.353870985862523 0.0795605287001789 0.0783531735755674
-0.0322022424493861 0.380786518868193 0.0616792448910154 0.0614381965794482
-0.205542289332769 0.315632688296643 0.0123828820054236 0.0609533311314941
-0.367452718936607 0.157817241436549 0.0552197177737274 -0.0284036615891545
-0.442383319711114 0.0776668902674911 0.253611305949821 -0.0685746861715982
-0.301348697309904 0.0272456189692936 0.337699118015473 0.18569433754073
-0.289083109677295 0.0890385506250483 0.276201623837997 0.0330056911728003
-0.193905026440049 0.193167359179291 0.0644802857699948 0.000115919979346437
-0.0876698565530982 0.233749721912992 -0.0270298155554076 0.0738526072178623
-0.00165085071843023 0.25547304667205 0.0221948653635958 0.205932286640497
0.100563278720704 0.236304951035292 0.1471730320025 0.256206464956019
0.162752791418525 0.191364014701726 0.238187006386958 0.227082054395943
0.156637364765782 0.176882877375455 0.269921602418688 0.176710558273709
0.149540920678853 0.171474679743752 0.244762533086213 0.171239833741163
0.11981690742078 0.21905922543987 0.180576047806535 0.161589490896229
0.0244648700406847 0.23914389581196 0.0923813779044953 0.143354658164049
-0.0546440689947952 0.218245807173328 0.0514767623324476 0.0771744673497012
-0.123273665469292 0.175892999090835 0.0321593711091713 0.0362256568675997
-0.220073628791163 0.10662702954477 0.11281975461203 -0.0484375316111656
-0.297831911975337 0.0826277107213868 0.36979360032041 -0.0596267744425628
-0.122537582107729 0.0595435335556133 0.450880969905481 0.188859528045285
-0.0793479699134684 0.0803450559186546 0.355891646498961 0.0138353571230632
-0.0222616794104435 0.0771940799862406 0.123794129722272 -0.014376521310631
-0.0117332331431684 0.04859403582506 0.00414657193830128 0.0540322997863889
-0.0132776428464615 0.0793547645916064 0.0424310716913507 0.218378691692388
0.0304119721566181 0.090292586409897 0.180426141089871 0.285949021456972
0.056781264522544 0.0898856039381652 0.286021698697051 0.267505787574702
0.0537793913743425 0.0917388003544027 0.313677503096041 0.224288972661374
0.0472165149742642 0.097643430941071 0.279117082592408 0.225752997348327
0.0280250045062019 0.106869369039345 0.190867560428421 0.224398304821459
-0.018392318285196 0.0952085141709642 0.0772816906441107 0.192445721553431
-0.0392806218713591 0.04859288971007 0.0258894938267311 0.0831246678173618
-0.0146820144032557 0.0505516003870836 0.0437561294074561 0.0125966752065599
-0.0545288453577479 0.0736978088267396 0.14896968077507 -0.0526111252114328
-0.124178010377261 0.088809729579958 0.430112851338776 -0.0452194497980065
-0.0672375790538708 -0.0661258242581919 -0.456293833509094 0.0243402413890028
-0.107061073533732 -0.0608171846436401 -0.248975037815158 0.0887547043233536
-0.105258323825008 0.0468601583304633 -0.0681036819170513 0.0162364721368264
-0.023826801766171 0.0979182267669503 0.016546862491584 -0.0388883982066358
0.0313506441012517 0.0614648544793215 -0.0250095940039539 -0.194651209917662
0.0388692274188038 0.0359014543529269 -0.15690373433652 -0.262081908141206
0.0518318674921308 0.00691424062015403 -0.266564228397245 -0.270882816984535
0.0592945606005079 0.00696488966113693 -0.315242353793218 -0.248326787172332
0.0738535151452438 0.0106938356439197 -0.298775158977341 -0.258502521571091
0.0737722588852153 0.0566355272235188 -0.214511289152585 -0.265802803070838
0.0406193213214021 0.093836325160447 -0.092443802665798 -0.219242939519465
-0.0197501949825284 0.136687440832682 -0.0519447424558804 -0.0631291288272412
-0.126200110038079 0.0674318691410649 -0.152028787121222 0.0266944162477018
-0.131724080148623 -0.0608629116017556 -0.304172694172538 -0.0212540206006376
-0.0786270857857062 -0.0833580553416797 -0.466123080922782 -0.186691453166896
-0.224564318111596 -0.0785033845588093 -0.430143436892867 0.0120136155586967
-0.254576197779916 -0.0572964359842985 -0.251850284858314 0.058653034568711
-0.219160761575227 0.109797166430184 -0.0989113908767858 0.0175852618473543
-0.0971180105534762 0.21574360865507 0.00542792692988919 -0.013091765573845
0.0223037962566464 0.205796474528068 -0.0066385839452412 -0.169015480362493
0.0942640732365653 0.172410797360612 -0.118534296544847 -0.238156684537141
0.150782228109389 0.115957116661928 -0.220885299401111 -0.24923081909334
0.164109711010052 0.108892526466728 -0.263047126716079 -0.224820997133431
0.181281711497903 0.104806801476403 -0.256866678711714 -0.218789647321251
0.170191130311887 0.189104266407036 -0.193648918534611 -0.225138295525592
0.0802916073195302 0.252006435057124 -0.0926194622348954 -0.185125940902282
-0.0347922628593002 0.316062681269502 -0.0449256378489091 -0.0312635721703775
-0.235596412018524 0.222865634222785 -0.153459037796461 0.0705826711634401
-0.326822749107417 0.011642718949939 -0.285151595103586 0.017235520415556
-0.292207010117066 -0.0677083779059055 -0.397572497056199 -0.145652243972027
-0.357190473521741 -0.086975332709434 -0.342580451977936 0.0252934019116196
-0.388649699059471 -0.051729911257113 -0.210964669142515 0.0338970388457357
-0.327989759050018 0.164085414987489 -0.117523407001188 0.00638362769580524
-0.173758492893303 0.320503591837644 -0.0212627983515694 0.00556928320263526
0.00237267072985235 0.338214406545943 -0.00597412993664657 -0.116391966253965
0.133323047095837 0.298245891106338 -0.0750776286416601 -0.170807404249957
0.227791171523637 0.214223604594225 -0.145918803690453 -0.183069431441643
0.243660855673965 0.19233265698415 -0.169609322667346 -0.166874771364375
0.261885889359184 0.175054621126975 -0.169945155772385 -0.151566708403116
0.251118278636993 0.281592039654852 -0.135427657933763 -0.158769188411083
0.129249704358883 0.369304665728317 -0.068134616245819 -0.129376730054576
-0.0180782346290095 0.454479672284673 -0.0202497780319458 -0.00200549779820393
-0.287903704646583 0.360682810605422 -0.121915401135171 0.0994542435485128
-0.459057249294424 0.103987050575627 -0.21972007550152 0.0400566921088361
-0.452919358560195 -0.0245370104076939 -0.261029418088394 -0.109271063497991
-0.4462947504706 -0.0826472049707908 -0.201011462518533 0.063041388575441
-0.488706583477167 -0.0266106851252182 -0.119295182983806 0.0256561536960575
-0.406979478901794 0.218240001848399 -0.109202065252536 -0.00545572828244437
-0.224529974783911 0.404736311991038 -0.0494964498485838 0.0233288419217078
-0.0106291306983641 0.436506932673896 -0.0134379333279789 -0.0373592084108898
0.15919313280659 0.385225877692131 -0.0257326756290842 -0.0655107594205057
0.27284265670588 0.280555838529373 -0.0500605087172225 -0.0833979201043176
0.285544695337371 0.244831359169569 -0.0524266376480943 -0.0850002742223793
0.300568480033922 0.217758656444946 -0.0557058218074859 -0.070828272446369
0.292837469396016 0.330482124519228 -0.0460632348917622 -0.0803046014369343
0.158889997304644 0.429044305351186 -0.0193435114020122 -0.0628510531800693
0.00205112333354708 0.522306993178076 0.0149067010310467 0.0209637864816465
-0.29213691979278 0.437149312605088 -0.0705675956920319 0.103354320479569
-0.506152897015195 0.172544231869339 -0.125227087722892 0.0340878317852162
-0.533767819094543 0.0239013597345684 -0.0872501037978325 -0.0874106136143215
-0.473018910486366 -0.0597115571145717 -0.0217325707140093 0.113861784378861
-0.519413231507956 0.0149026798108435 0.0121242747619199 0.0296699140640919
-0.422956908134258 0.258900314018066 -0.0687654336900007 -0.0103791671636877
-0.227640871737322 0.434823628402652 -0.0648939678388332 0.045528955422347
-0.0136163687262204 0.463914753745224 -0.0152213071888305 0.0591447197436675
0.166362579801141 0.408514867964153 0.0317716616489698 0.0599186767209866
0.278998658782784 0.300215421777005 0.0564041424154699 0.034228726402066
0.283912020766995 0.261416246841555 0.0720948098377782 0.00833576919534776
0.291970535579946 0.232447355588899 0.0656069439177215 0.014425705413039
0.279112778109724 0.335019599815627 0.05224282098114 0.00231699606668589
0.144389481219328 0.423458517985559 0.0384255576628185 0.00796464192811441
-0.00110728678287512 0.494696437662909 0.0471297097087337 0.0409423221575764
-0.261088944439016 0.419949833302636 -0.0198822016009354 0.086864593144228
-0.47130326919786 0.19035058810306 -0.0259812231506024 0.00552790871474017
-0.526271443825048 0.0592613432442137 0.0940755696976327 -0.0781237473971765
-0.424263215879076 -0.0178357682734415 0.168011293354288 0.161232674746853
-0.452389132088431 0.0609656133591933 0.154852549501138 0.0358484692027994
-0.344364008089558 0.255771553137596 -0.00719470774608394 -0.00469528287469398
-0.172489567363034 0.376883668726226 -0.057650372565021 0.0685862912980736
-0.00497089026461046 0.39981570579366 -0.00377201674202503 0.149452886929357
0.148935904358163 0.3548851778628 0.0930841839014214 0.177826668313366
0.242557845150915 0.267220429423593 0.158890283127232 0.144825688054067
0.24095148994993 0.237890159792467 0.185366461776404 0.0998311445576297
0.237784303711464 0.219212169757574 0.172080765697914 0.0976135584773061
0.214314753719634 0.298238307937045 0.134712506030907 0.0843558503255504
0.0898882271832792 0.357382164050068 0.0817104619777862 0.0785328554081455
-0.0299278424058915 0.382683590329223 0.0618469476974144 0.0594954892138739
-0.206138156959553 0.317065800854167 0.0161789315987933 0.0628496466913125
-0.369932525550583 0.157868913572069 0.0568605544275437 -0.0257784869779587
-0.441752472979463 0.0754715937858698 0.255213576555593 -0.0725104410239673
-0.300649994382151 0.0281234873192995 0.336218003243602 0.188741750706122
-0.291465866275944 0.0909166678315535 0.277057997885646 0.033498621512645
-0.193086692875157 0.193102669579957 0.0623062473944193 -0.000803644070040074
-0.0880003055235233 0.234635537891493 -0.0300366486435798 0.0752145961202301
-0.00120345310372102 0.257464825416522 0.018458551857699 0.206760260850164
0.103323345037916 0.238019946907085 0.147995190427886 0.257882277438247
0.165746382609888 0.192469654492216 0.242152531702934 0.228119563329506
0.160509354082983 0.178788842354058 0.270640400280976 0.175923038403924
0.151089407539838 0.174668187724661 0.247249136786778 0.171313164948676
0.121203335604324 0.220853722018831 0.183816716297531 0.162015931314091
0.0253794200291795 0.241301045870684 0.0947150931649711 0.14427960446251
-0.0532701191854426 0.218651243268167 0.0515543773714096 0.0761653022248981
-0.122140010361065 0.175409221103199 0.0339914643173089 0.0381524426786499
-0.222309673973145 0.107692150565702 0.114585870813082 -0.0461350148957898
-0.298384638914743 0.0827478442427872 0.37268913694308 -0.0630428527728138
-0.122851550077863 0.0608772319160364 0.450393741305769 0.19213146487367
-0.0789037650505904 0.0822999181871556 0.357542897287825 0.0140810670656784
-0.0212468277577593 0.0776081907672502 0.123825221230822 -0.0151014443014807
-0.0120572536131077 0.0472314727755124 0.000977391338720215 0.0550791803235625
-0.0129432172878201 0.0804864124403849 0.0397802622629703 0.219256220923101
0.0313506300022732 0.0908970844633264 0.182733665906814 0.287154403520635
0.0576155946676649 0.0902379002577491 0.289549603352363 0.268972036497617
0.0558679449373255 0.0931415420796113 0.315594550715815 0.225085568626969
0.0487336045848513 0.100034404434233 0.281966242679464 0.226416390534467
0.0284420979374458 0.108173971964326 0.194347237306524 0.223615608456061
-0.018844902159985 0.0950568374124849 0.0799331693347075 0.193885814715738
-0.0388652389945864 0.0468827250867273 0.0256159109373895 0.0827163673251673
-0.012030396523714 0.0495762333458308 0.0437831578684755 0.0136473101223579
-0.0540146047104711 0.0748894631587461 0.151207782362509 -0.0509083240888849
-0.123509557318109 0.0912395823571377 0.433848800249156 -0.0505287874175166
-0.0697548316678717 -0.0680326501760578 -0.466776430111804 0.0334086244724522
-0.113347161470278 -0.0617203076201061 -0.254104351254595 0.0959858913325031
-0.107146029198037 0.0505802983137829 -0.0706331774857327 0.0173153937232405
-0.021877259980497 0.102601223499559 0.0160856044272525 -0.0396934277782436
0.0329604253424545 0.0620774640302416 -0.0301206144122851 -0.196986471609962
0.0407827502675749 0.0361637711503024 -0.168154998189935 -0.262136792334404
0.0527136024573752 0.00623235286227188 -0.281721126780138 -0.268212560743904
0.0600105780137552 0.00521906152536544 -0.328563119060039 -0.247966535088476
0.0753251312899241 0.00795218315736515 -0.311393997461486 -0.258394968538828
0.0780515678969145 0.0561860504204366 -0.225499081215761 -0.269566965087954
0.043891087856275 0.0963826949095945 -0.0985775559476509 -0.224425896303084
-0.0166697420810051 0.141919723321409 -0.0520065194535646 -0.0637415745617947
-0.130457681767865 0.0724495613408773 -0.152480592153246 0.0300273371721771
-0.137598688918457 -0.0613099451518569 -0.313002496157986 -0.0176683745899768
-0.0813565249663153 -0.0863726656473807 -0.482750525970724 -0.181595253466513
-0.229348063035265 -0.0767270994019894 -0.439476735523628 0.0215971711775478
-0.263517731645379 -0.0553136490496468 -0.257558921996261 0.0635356924310845
-0.220910161884278 0.115399112976015 -0.103426595591983 0.0186986487015959
-0.0950048809656289 0.224673829378391 0.00486265320891311 -0.012799297856619
0.0271628291741461 0.210577299869316 -0.0122422015324938 -0.171123331434293
0.101409741459788 0.175132319067387 -0.128278372650171 -0.239511542903398
0.157125334519507 0.116055828383012 -0.234210849185331 -0.247204731028835
0.170308761649607 0.107587005548955 -0.274932608160668 -0.223404305491154
0.187152636514524 0.103322437913539 -0.267864411606088 -0.218978088066277
0.179610968107393 0.189822411131672 -0.204735777167881 -0.227966698164731
0.0882989282246372 0.258439158051478 -0.0984673207277218 -0.188643993402644
-0.0274839519110329 0.325784733571775 -0.0448599973164421 -0.0326255222882606
-0.238411916790417 0.233030735520724 -0.152077321625591 0.0753586089982316
-0.336896801624989 0.0167158933145474 -0.291439698655984 0.0221909082643937
-0.299662108906228 -0.0666071263682747 -0.410780287494231 -0.141748714975033
-0.364183325686941 -0.0846881647070701 -0.35161859663507 0.0338885865404939
-0.400551185211251 -0.0470843129451869 -0.216819840670031 0.0379519490384501
-0.330534647181197 0.170724848467278 -0.12438458118158 0.00755381522917446
-0.171018389092009 0.332486854951978 -0.0229182107180951 0.00727030403263746
0.00909618179623844 0.347681337584854 -0.0112388144394545 -0.117534321930736
0.144809702031828 0.303006754660409 -0.0823664694464671 -0.172761029145317
0.239035152618843 0.21434427700291 -0.154557406035085 -0.182451811011965
0.255192296097877 0.191792070232918 -0.178460697492404 -0.167806951496566
0.271061298933199 0.173984489970064 -0.177029101069817 -0.152180292422141
0.264988392172132 0.282143267402652 -0.143203558377414 -0.160842033494919
0.140535989697488 0.377605109863696 -0.0713155779749215 -0.132002956615597
-0.00706886526525296 0.467473008505792 -0.0197724897809373 -0.00415538628476471
-0.290566951185759 0.376700455914621 -0.117650658391403 0.104619090915338
-0.469255653630143 0.112934630823129 -0.224224002755258 0.0460650382420164
-0.462681297829508 -0.0192070589981237 -0.270433526642637 -0.107638397359945
-0.452978538225354 -0.0779532461644175 -0.206674947734388 0.0703163564755656
-0.502847631684044 -0.0197048867084618 -0.12406375692646 0.0277928918729281
-0.410871900511966 0.228707607979824 -0.116748598114486 -0.00502224411764895
-0.222747375220698 0.419177742921174 -0.0522402880025453 0.0258953258322325
-0.00125578867596054 0.446780713478661 -0.018749721567466 -0.0366412947724297
0.173043844729976 0.391678526528381 -0.0292975356620083 -0.0660837575367759
0.286711390411434 0.281006493412559 -0.0526357256902045 -0.0829632809306601
0.300581837254898 0.245419388650367 -0.0566798087847881 -0.0864984906395877
0.312995812586717 0.218500689907911 -0.0583717816691776 -0.0717417932118588
0.309601164417638 0.331013771816283 -0.0503467162496232 -0.0821711000653114
0.17209030627247 0.439491715810724 -0.0203267087667055 -0.0644004550666695
0.0164767589215071 0.535175697258309 0.015540830482831 0.0184367169356195
-0.290575486430422 0.453850572500961 -0.0656731470142412 0.107634079152401
-0.517181394081777 0.185441634438105 -0.127146907338412 0.0386687343431891
-0.543642679121882 0.0306371682325095 -0.0923498390510152 -0.0901989364541732
-0.48033957043861 -0.0536720391955324 -0.0235479916730921 0.119406194068393
-0.53324130143054 0.0242960073786511 0.0106576052146073 0.0292087018089258
-0.425139634826309 0.269642278428541 -0.0752001771343934 -0.0100051665976716
-0.224323037303347 0.449749185915004 -0.0679824489789221 0.0495291447999673
-0.00380651551272792 0.476300529221019 -0.0195598155825337 0.0615419740356123
0.180321781904593 0.414225736441953 0.0321002701459854 0.0612226161738639
0.293240498306856 0.300522705425076 0.0594745161059107 0.0338768729061717
0.298909167070031 0.261775041021568 0.0722486299626428 0.00635120043738509
0.303497516083593 0.233907689438678 0.0679763418031615 0.013462473763768
0.294540390485366 0.336910458122012 0.0528154367082919 0.000466310675583004
0.1571930752718 0.434070126390772 0.0407540021837363 0.00742922194562497
0.0112897727937158 0.506596715900965 0.0491383790959668 0.0383727222931196
-0.25779662829704 0.43514665221711 -0.0141528519496224 0.090229202329023
-0.48143581116275 0.202805030188422 -0.0249904170507562 0.0088183705029829
-0.534291650152929 0.0669408631444451 0.0936839226120293 -0.0844198355821772
-0.431535015412023 -0.0105253358610801 0.171378276117706 0.16460154957874
-0.46378278283049 0.0703378010938917 0.156629558209695 0.0336520836632012
-0.346464737635867 0.265947272135596 -0.0110032737642106 -0.0054584645186112
-0.169073281662423 0.388695598354363 -0.0599504072036315 0.072359438439055
0.00368338497483058 0.410121193083189 -0.00604381196963712 0.15419307921914
0.161785354889583 0.360701192202262 0.0982665929957568 0.179722184241864
0.256084885663081 0.268365790764008 0.167745747316208 0.144933526978922
0.254244195866756 0.239150855890193 0.18991647331986 0.0974364640669137
0.248587473496377 0.222345765599398 0.179016755128891 0.0963407173514353
0.226240076083472 0.30080241845131 0.139670474348608 0.083200712056819
0.100023224553644 0.366101072143085 0.0864099677702714 0.0791042078534018
-0.0215745403540081 0.391644240977145 0.0636836438076019 0.0581219558374604
-0.203360005855587 0.327406394876744 0.0210877865930475 0.0652758384380524
-0.376984876283466 0.168565895516457 0.059457115363537 -0.0248639837145432
-0.448773830468433 0.0849381899619 0.258767974002196 -0.0823319209820353
-0.305388859291239 0.0350545908027823 0.343975508653803 0.191572645481178
-0.295790530084663 0.0990505494303152 0.282602413332195 0.0292358761182812
-0.192380193195734 0.200843350097844 0.0618982951288808 -0.00244926353948323
-0.085946869524966 0.24058646368238 -0.0319312305493571 0.0785024098792233
0.00459817989659882 0.264999820709055 0.0190023051194712 0.211346037959403
0.112317649376471 0.241623160405023 0.156129182520271 0.260345153462433
0.174904392468938 0.193275527853281 0.254419184400557 0.227125420496072
0.170837527422068 0.18025275939252 0.280601420164884 0.173395177916659
0.159608481822341 0.178148830544352 0.257261099592276 0.169550408972026
0.12913369455396 0.223658097345556 0.192052585639722 0.160717886177931
0.0316903199268601 0.247386823714288 0.101578697478388 0.145531883217965
-0.0485386753134336 0.223027990105862 0.0533585554661841 0.0758118660538697
-0.119705823821329 0.180620726426104 0.0375144718833551 0.0397062626212387
-0.225060300594467 0.114847324627055 0.118165006678219 -0.0471306524559249
-0.301655622367635 0.0901966840801436 0.37961389511582 -0.0755651212494392
-0.123679385614558 0.0662375364354778 0.461009287860745 0.191269559020474
-0.0775932539006224 0.0870641134595901 0.365370698422536 0.00762233559770615
-0.0186117121531464 0.0794164490420954 0.125464024500457 -0.0182336085191221
-0.0117967106220253 0.0467816800674216 -9.1591419829745E-05 0.0570435184818175
-0.0115812615144348 0.0832809241237729 0.0423718243796157 0.22416626070505
0.0349802555925805 0.0917841760305497 0.192422794094286 0.290469638116101
0.0619475877965403 0.0907950666119666 0.304829193054639 0.267723503356083
0.0609610903319159 0.0948286600372757 0.327995083160658 0.222246245747661
0.0527947111603516 0.102834018799531 0.293615586711246 0.225556173187072
0.0309534155363142 0.110101834489939 0.206036034388745 0.224089464248826
-0.0170971826500559 0.097201630515806 0.0873871977057122 0.195579805480766
-0.0388960314447033 0.0463702793503915 0.0274902025217122 0.0835699979826726
-0.00863762868241503 0.0492518304955822 0.0455628419171643 0.0143801614679743
-0.0530717348888507 0.0790176861922802 0.155031077085872 -0.0527976110580803
-0.123050340960282 0.0966828411343111 0.443363968284252 -0.0633641899723931
-0.0741816777458199 -0.0679830741753822 -0.47364274967544 0.0568732557453571
-0.122455112532947 -0.0581393019734606 -0.254282187155753 0.110553392842299
-0.107465131375327 0.0576442558364889 -0.0731840812744986 0.0200608901119414
-0.0164295856596299 0.10855630177262 0.0143500360888189 -0.0410458908725383
0.0369050953665653 0.0617663559088515 -0.0405182952586622 -0.196916232871717
0.0434889107537482 0.0358478666816238 -0.185041885029035 -0.256303104139473
0.0535311362194515 0.00426320341967701 -0.302389847811273 -0.255953240287708
0.0603067546839602 0.00202843921314122 -0.348129351615098 -0.234672849441881
0.0761360617303991 0.00288909220214435 -0.330884221908912 -0.248723469024933
0.0831589010356504 0.0530664127263264 -0.245105025949238 -0.265249664920357
0.0501285982686274 0.097517927590994 -0.111405924540155 -0.225664609949535
-0.00946198139035247 0.147358281337229 -0.0534608754638306 -0.063414606110219
-0.1317060393375 0.0813080031638666 -0.151099412410011 0.037032556035894
-0.144560558902747 -0.0568636684318725 -0.321488389222087 -0.00440546442649987
-0.087703298229912 -0.0859801021348638 -0.499407831300969 -0.161585199613355
-0.235408051388926 -0.069820585388126 -0.447988436447511 0.0432072054033346
-0.274537794251918 -0.044634224209222 -0.260762119644664 0.0774686620904006
-0.219455127842656 0.127440591525037 -0.107865684767272 0.0232849972966485
-0.0849477797614252 0.235949485939883 0.00368712394414554 -0.0130630963720367
0.0381873890507995 0.214201209133837 -0.0221890060005865 -0.171330604408825
0.11322077083976 0.174343881169444 -0.143836063672246 -0.235272722847184
0.167223901656667 0.110971492909681 -0.25183872236287 -0.237322109264751
0.179065064212823 0.101147996534741 -0.293002995808726 -0.213850127102193
0.195296402766998 0.095974128577751 -0.28398926612652 -0.209718486067478
0.193804034635607 0.183558992094616 -0.221498659772647 -0.223260748448369
0.103452875328934 0.261669834104339 -0.109045642646547 -0.189154057017649
-0.00998016010189106 0.335026578873571 -0.0462010692022101 -0.0322848303488937
-0.234260961900556 0.251288505966507 -0.146706963180472 0.084011834585933
-0.3458554931856 0.0324860896365963 -0.296958601987535 0.0355720073386351
-0.308248369040097 -0.0559835669462011 -0.425136344518506 -0.124810517396823
-0.371697558095944 -0.0706188957613489 -0.357483203219932 0.0525112338336389
-0.413044414685421 -0.0304382257531563 -0.221726164430686 0.0484416745209901
-0.326908028664448 0.187389744320697 -0.13042471246608 0.0134407023690487
-0.158470651187286 0.348733232122863 -0.0239885721064121 0.00947073704343485
0.0267411801373447 0.35416173783933 -0.0201136481999123 -0.117146807098193
0.164668939478517 0.30218681106216 -0.09391994075442 -0.170021326028078
0.255487348921634 0.206371965682597 -0.167123020101965 -0.176623877584288
0.271069644665227 0.182402028048947 -0.192814393253044 -0.161485083636551
0.285401883354045 0.165344151738179 -0.188301835974655 -0.146687460088142
0.285992922293524 0.274232190552945 -0.155948020604044 -0.157775615117177
0.163425285965181 0.381694360733227 -0.0790602543921449 -0.13226546978386
0.0174250751684984 0.478302390585673 -0.019749736987911 -0.00535895509566219
-0.278657205653913 0.398876989097226 -0.109941298213489 0.112451601193297
-0.475795890598779 0.137933497152508 -0.226321220875526 0.0573984362902241
-0.473165581529806 -0.00169322150571308 -0.280415148083328 -0.0978440193576774
-0.461904528701704 -0.0600709005652653 -0.208944775963799 0.0841093570990028
-0.51525040739194 0.00194053341238781 -0.127814694249963 0.0338072599796755
-0.405794914194688 0.248002730753275 -0.12347828651932 0.000591026783790558
-0.206507201525349 0.438285585247698 -0.0535105093248984 0.0303522730673777
0.0202832482030655 0.456930887615797 -0.0253722256458051 -0.0346777140673094
0.19761436010184 0.390134896699513 -0.0352764184984675 -0.0645985280658527
0.30840280136896 0.272185261634108 -0.0581225821746603 -0.0809222246817287
0.320926050169736 0.234116606935425 -0.0639146610495251 -0.0853309387556037
0.329568743005396 0.209375842217704 -0.0624245110783729 -0.07053598680895
0.331728608441694 0.322995597773777 -0.0562541475955496 -0.0819833227979658
0.197659359459611 0.442210132853427 -0.0224971840360256 -0.0657546537096918
0.0444422982379439 0.545167157468059 0.0171190665482076 0.0160008184125909
-0.274195402149517 0.477653975317321 -0.0560489570486745 0.11271644274417
-0.522159559760598 0.212822459586197 -0.126377987689174 0.0472604830282205
-0.553048247702898 0.0545917980290379 -0.0993276660045508 -0.0892601884591284
-0.487606275994189 -0.0332324971932152 -0.0205496451376715 0.125987476436061
-0.543685163754655 0.0477403245329632 0.00955122021931428 0.0295017650020715
-0.418246439313193 0.291469198630002 -0.0814980623124132 -0.00668758636497533
-0.205943703454351 0.468444485413793 -0.0688324793111998 0.0549213160299818
0.0191053976282314 0.486624607161623 -0.0227148914166147 0.0652669310753596
0.207408903799238 0.414090171554492 0.0336720654032831 0.0619710035125073
0.315082307186353 0.290966577194543 0.0631356102097234 0.0314592596614427
0.320671666221428 0.252185031054451 0.0719705171449901 0.00237192872394398
0.321631432925407 0.225840274999997 0.0706151032986281 0.0100389329151477
0.318080424961284 0.328716543377839 0.0537740222803124 -0.00255248563091864
0.183821873843836 0.436619467564614 0.0428528877405395 0.00524668182317741
0.0374676024666314 0.515576282970288 0.0507867597383625 0.035015725132861
-0.243527603618178 0.455699344011756 -0.0052825275873961 0.0927556714471638
-0.483832135410645 0.228764471428235 -0.0233385589474509 0.0127641344081973
-0.542297570347977 0.0911960537782153 0.0906997790294078 -0.0930405724614211
-0.436609093106584 0.00917892136270207 0.180030373648727 0.163498920241242
-0.468638542106455 0.0946546033465121 0.159472378111693 0.0275879746233221
-0.337331863561686 0.284689675350703 -0.0147744714838494 -0.00412759120785823
-0.154673131890374 0.404115111054118 -0.0600301479885353 0.0780893222357958
0.0238551154301612 0.420672643215136 -0.00421010369294983 0.158556112027962
0.185022608805466 0.358214378302472 0.107304162022424 0.179373910193925
0.276057406530362 0.260839279352455 0.179310542174409 0.137963398927874
0.274375558571908 0.231151417742018 0.196943578737088 0.0891674201392949
0.265935548130741 0.21606297646723 0.187831729091473 0.0889867142553831
0.24733345755633 0.29559326558821 0.147402839087027 0.0769745862200997
0.121963401979622 0.370288219793374 0.093615380503784 0.0758764895828027
-0.000902977276491401 0.39870092676371 0.0668015928847035 0.055173306790335
-0.190813192084039 0.342745218905361 0.0284948299862176 0.0664416507134763
-0.377038331904898 0.190420040872466 0.0613481604089143 -0.0257746307898588
-0.450437163227942 0.106540792449172 0.2584900006375 -0.100106056632344
-0.306817144860624 0.0502859564451031 0.357265349354128 0.18200837749299
-0.296107247613857 0.115615163186135 0.287455574996627 0.0164287279934009
-0.183466259687268 0.212515010928669 0.0606085737176794 -0.00459459218017836
-0.0762148277973356 0.248245920577833 -0.0310535989190532 0.0830173795066522
0.0177937659934041 0.270475309482601 0.0246077619817542 0.215905867308536
0.127857993349205 0.239657628082414 0.171332092503298 0.258286627093092
0.18985214551456 0.187445782945121 0.271931727253478 0.217212515864466
0.185396265693034 0.1753042585292 0.29330585412137 0.162088909852763
0.173411094841984 0.175623695088153 0.2715933131894 0.15977271640214
0.143748313143452 0.222130792535207 0.204971930542106 0.153383338079769
0.0449102944087925 0.250783986114107 0.112087271759095 0.142595144848058
-0.0385652210114931 0.227833409385486 0.0581036838507039 0.073593062366511
-0.111172335582168 0.187708669491138 0.0422124670379661 0.0398313723457494
-0.223573836780074 0.128032845134695 0.119834478446132 -0.0511529401230924
-0.300227386840587 0.1063678315309 0.381436513166971 -0.0998921438578083
-0.121507416155508 0.0747669069241108 0.475632736026552 0.177341188301818
-0.0722218702481977 0.0932735020490147 0.371760334939454 -0.00826066369512183
-0.0132438998169836 0.0815427835418002 0.126277328926945 -0.0235761218047238
-0.0106601127488061 0.0463987243410552 0.000611021261035263 0.0595806241129464
-0.00731900649873683 0.0855327063629475 0.050850661664929 0.228020172377568
0.0405690386714366 0.091028280298136 0.21078115766812 0.286985291867467
0.0684488808658411 0.0886872994096785 0.32382917992705 0.256364559597039
0.0686808181891802 0.0937643376542406 0.345025346820749 0.209365468748244
0.0609047174605975 0.103817812476971 0.310960535135379 0.213852447508674
0.0374888879777492 0.111189730812884 0.222634499614718 0.21707450209179
-0.0128481331183217 0.0989607292403113 0.10059721346673 0.194766720503864
-0.0379737927946542 0.0465941769870636 0.0321266046770424 0.0837812033785394
-0.0039598182279726 0.0487166834691887 0.0469320519835624 0.0129350747149561
-0.0487447134588755 0.0837429410965302 0.156913471426196 -0.0599701516298579
-0.119052930492711 0.104882213185985 0.447599136827345 -0.0904221618475536
-0.0320064657465235 -0.0912527866469315 -0.456346591180703 -0.15523618249024
-0.0843310789869725 -0.106721145335373 -0.275913426609208 -0.00767500548213578
-0.122975823647887 0.00632316698711019 -0.0722441301710428 -0.013396837827798
-0.0614529518125775 0.0928964974044166 0.032769676877808 -0.0297890197932929
0.00343172404915509 0.0743640122114502 0.0516280216299777 -0.195277276842441
0.0216219641031636 0.0534912927338021 -0.0539108036724752 -0.310480118144518
0.0427661361659013 0.0255057107629658 -0.160836023287124 -0.358702123431975
0.0512368662754455 0.027576196132711 -0.211386574630313 -0.355377226470919
0.0633646316265709 0.0346181422485682 -0.192261895924845 -0.361953749970807
0.0511627570425687 0.0819634044984539 -0.107333120491958 -0.339684622701423
0.0023030585875912 0.110069751386229 -0.00367590754448288 -0.247900908031824
-0.0726431329018727 0.128272354647203 -0.0208244069026104 -0.0774164782113381
-0.158194241273907 0.0151288629824522 -0.15295292116587 -0.0354709383465176
-0.111230054242219 -0.115707892261628 -0.286248560212531 -0.154212102886778
-0.0432159423069173 -0.115693302747712 -0.369612205269652 -0.37827248739638
-0.175749650217139 -0.163357437174534 -0.428212312947134 -0.151323134167115
-0.227109245243485 -0.160524230098545 -0.263990863927289 -0.0388133854198094
-0.252982183202789 0.0192925703980216 -0.101168034870778 -0.0241836849945
-0.176232786463048 0.175916472951785 0.0147929600413498 -0.00714087176715998
-0.0600562733155898 0.210540314129524 0.0629172703137429 -0.162483821733357
0.0264517936383375 0.207230243743227 -0.0230519066702161 -0.276728267958935
0.102055576349797 0.170683245653555 -0.122369646503191 -0.322012778638575
0.117915981394719 0.170518232959307 -0.169794233015899 -0.313761134402147
0.132176175992231 0.169579653508871 -0.165146542822343 -0.306732708864142
0.0971400495248741 0.246837484849524 -0.1057919318623 -0.29061659097524
-0.0183039733341213 0.283532974941362 -0.0211966393218401 -0.211079056146502
-0.152057709041384 0.295455307559292 -0.0323780290525592 -0.0427122342287371
-0.324326350200482 0.123344929733684 -0.173164850239757 0.00774672545453335
-0.330545575071184 -0.122148290374602 -0.282190462859891 -0.111709124201026
-0.252312057419875 -0.185207773344502 -0.318344383379693 -0.314098803289615
-0.295719061465029 -0.224625271037931 -0.351606610847462 -0.0992323540737516
-0.358865754260229 -0.207812991162953 -0.213662554227458 -0.0464715285304405
-0.375164246590369 0.0247083106209128 -0.115231536545012 -0.0407580852705462
-0.28937682791412 0.244252018374471 -0.0173212583678896 0.0042782570731483
-0.13146928180285 0.330241390219974 0.0467079310256876 -0.112121507457351
0.0183685336473908 0.344570321620042 -0.00363679317985829 -0.198310509327135
0.141423167494025 0.296382459886703 -0.0705175115474628 -0.231565101775781
0.166814606792629 0.285628318417739 -0.101165732939969 -0.225130303224946
0.183964024481124 0.270963875404661 -0.106925748918854 -0.209176155090801
0.143574935310418 0.367499961104616 -0.0757293697030822 -0.202343886975895
-0.015056306619997 0.417921453343353 -0.0212951151687199 -0.143384569640769
-0.188065152241067 0.436325561782091 -0.0241061828715843 -0.00382210952710773
-0.428267059763705 0.236453435034816 -0.156656829345342 0.0502627772198116
-0.493775665243724 -0.0829973472763949 -0.22888787093776 -0.0623418500035956
-0.422367012964814 -0.206338559022526 -0.201130495234822 -0.226784468148555
-0.384052704031976 -0.257206909001738 -0.230840284221565 -0.0025229482858953
-0.466384473327194 -0.223432237392238 -0.119553129798361 -0.0170877821920695
-0.473703438210903 0.0443587121566779 -0.100438911483509 -0.0484269649356991
-0.37126268426693 0.303270055949733 -0.0510354432604923 0.011234852503806
-0.183063908414335 0.419380847622283 0.0103089113431474 -0.0395895694100197
0.0109347965148836 0.437852924315265 0.00465095166862907 -0.0798128556589372
0.162430498242444 0.378036532250433 -0.0122926499277477 -0.0997287677074185
0.19097067389587 0.355799365091122 -0.019210160357845 -0.103669294307504
0.206846934558426 0.330849585023326 -0.0266539969594412 -0.087872735700485
0.16634579372287 0.431018832233932 -0.0202056531653976 -0.091931052113011
-0.00798125474917434 0.489373559810153 -0.000670413589754362 -0.0585629396284261
-0.191342604903483 0.505850584188385 -0.0020996055484946 0.0333827548737308
-0.459117009441332 0.307824173421373 -0.109497280416131 0.0758400376910271
-0.565130882819388 -0.0351681994154822 -0.134187758308317 -0.0272267537914318
-0.516530561461175 -0.190199977809585 -0.0415014823726539 -0.136049402623974
-0.420542661229699 -0.245554899627464 -0.0787157526961177 0.120647237958697
-0.513682731530583 -0.194735399163164 0.00807499871182035 0.0384575636436612
-0.503997432478746 0.0781844340644283 -0.05805752589444 -0.0360002590963212
-0.383926270766259 0.328026278252577 -0.074866832929173 0.0273979387796658
-0.194534297358066 0.446358056371553 -0.0305996108863649 0.05178484684744
0.0111650834083849 0.462257272230649 0.0111616837650065 0.0637982152964784
0.162483722570171 0.400197690799827 0.0472438000573837 0.0525372450079613
0.185394787775565 0.37107646692835 0.0653244875667731 0.032626131954721
0.194360283245923 0.34224702893819 0.0581328484968649 0.0406490018732243
0.151339663309162 0.430449055594167 0.0449120147830882 0.0252929443889366
-0.0184428720831581 0.477250160774953 0.0274305943052725 0.0334696744032342
-0.182852940859834 0.475636739237616 0.019713018878236 0.0635560647896859
-0.418710721500513 0.301294946833188 -0.0547875029133164 0.0823718749538014
-0.535012096748014 -0.00354900557276279 -0.0261327257657876 -0.00987014213304291
-0.52333456986807 -0.152514530121919 0.129650531569481 -0.051200489507582
-0.394224080903682 -0.187936291147416 0.0873871799902439 0.241568248489582
-0.467986564946534 -0.119733767956403 0.143883112256789 0.0996182358335399
-0.427170564974298 0.108650423673342 -0.000187299446735357 -0.00690598196638404
-0.309319221977692 0.293993731360494 -0.0783906266905148 0.0505867024946463
-0.160432454300657 0.386267001037178 -0.0574207949960975 0.142352529758634
0.0149835629023198 0.40239067895091 0.0246515757632418 0.201887427493574
0.141267552902283 0.354561555958033 0.104208025006442 0.198357868968388
0.151985694256267 0.331928500114665 0.139642068473603 0.161987847775396
0.149274137540974 0.309586703513185 0.130148121017503 0.16014796317483
0.101580597682854 0.370947281928809 0.0956695399084641 0.134945220816067
-0.0446734507886831 0.39064487306721 0.0436629423966846 0.116271195387119
-0.167614605649719 0.354010492892092 0.0270036485985325 0.0863434353204057
-0.321198594744451 0.223706611163606 -0.0104804727626356 0.0730040140678566
-0.420542831517999 0.00697953248259274 0.0679955330108169 -0.00341180972900669
-0.447640764121842 -0.0996806152724818 0.281841641762419 0.0221297488481287
-0.299482075960221 -0.0937927332054665 0.24025473600781 0.334710851728032
-0.321364559902529 -0.0264127449333143 0.260702509228828 0.143115508462686
-0.25766881482081 0.109538530063267 0.0643222722574237 0.0236764429192292
-0.173507551912687 0.186555596432684 -0.0586598853768237 0.0648414116443611
-0.0993093001166303 0.249275615433492 -0.0631095005069308 0.205957663470879
0.0147433807750546 0.269525050734805 0.0447012282608513 0.302825436062379
0.0950581544829758 0.251803834468227 0.152080637694347 0.310487089570797
0.0956772482131582 0.242559229428658 0.194338417863878 0.267876838300823
0.0844343776018474 0.233206161671748 0.175471121336394 0.257588230846902
0.0395916576226163 0.261101091577177 0.116789104666608 0.225570639294463
-0.0643170771307669 0.247661371781157 0.0352455121594233 0.180142449378332
-0.129500688075458 0.184741909214264 0.0134253351875449 0.0948882680057729
-0.179806499200809 0.119195870087143 0.0165496344822838 0.0552952327898929
-0.254087884935669 0.0184947976975839 0.131687830170589 0.00413974222139443
-0.313418925392884 -0.0340201372529601 0.390635883942442 0.0811045678493425
-0.143871948658741 0.00889051360179676 0.352438513029514 0.376912623049875
-0.108473866385676 0.0510939502068821 0.342490733376772 0.154191625459966
-0.0463908932690267 0.0669172062328406 0.124579228325182 0.0333273547491333
-0.0294666031858904 0.0336118868988152 -0.0261334661269792 0.0547075508853948
-0.040885117140418 0.0712564183703978 -0.0523447621902807 0.227856606295427
0.000411173786142311 0.0976976299418858 0.0643609807838499 0.349071313122681
0.02797541492861 0.110814398921604 0.179703461482025 0.368138430888836
0.0244858694350123 0.116001441002067 0.219166789744509 0.331738013646234
0.0148752544755003 0.120225188304109 0.188146781471699 0.321314886028297
-0.0106968727215073 0.116553984578895 0.107570452286717 0.286705636966741
-0.0519331124504384 0.0841126474195099 0.00598259741037384 0.21801093253968
-0.0526453089483722 0.0242532315672107 -0.00968973877008859 0.0883399911515067
-0.0208027695514048 0.0410561788212928 0.0349827099034166 0.0349691892833552
-0.0762302032578043 0.0549737379167877 0.168618937846783 0.016802001770327
-0.150261690709276 0.0439619837213447 0.442924254198982 0.121709239360436
-0.0361707208786175 -0.0887580021349554 -0.452699059238008 -0.127073453198526
-0.0914988776724221 -0.101203010004306 -0.269758306381801 0.00637198428135123
-0.12091283891187 0.0131837909912636 -0.0729238015327896 -0.0109754852817183
-0.0537486154894693 0.0965478785579704 0.0299359657467875 -0.0308338533792331
0.00839500845238443 0.0726471225032311 0.0400296155981009 -0.191342428432858
0.0246242599189749 0.0514706378947477 -0.0711079974641374 -0.298170890286707
0.0433116316156862 0.0230492973612088 -0.177982602130758 -0.33819762912254
0.0504131480699896 0.0237014406150359 -0.225804869387093 -0.334657413924404
0.0625369276760558 0.0292203453240791 -0.206592717188054 -0.342589934746828
0.05501250965533 0.0769400329233645 -0.123584300763132 -0.326763679235887
0.00862251305523708 0.109366266093649 -0.0167155381480231 -0.244047336781206
-0.0637786244649053 0.130615612767772 -0.0223301095756346 -0.0739197512100326
-0.15632790176553 0.0237531337332116 -0.147269053714415 -0.0268258386906682
-0.115901149679298 -0.109000462546066 -0.288086227496143 -0.135891074316584
-0.0482199153010146 -0.112644602809034 -0.378845169535292 -0.348527281972591
-0.177327278020196 -0.151006631329057 -0.425445064976071 -0.125489373574722
-0.233035359009075 -0.145951541893784 -0.260141494465279 -0.0241086254485361
-0.244798823900611 0.0309731023181589 -0.102695105861438 -0.0197937987673216
-0.16064077444764 0.183082363202193 0.0134305242411464 -0.00683065669895997
-0.0467346600557197 0.209165072591067 0.0516803348387101 -0.160870942799005
0.0379585174716022 0.201382708213051 -0.0390814442695309 -0.267090260436175
0.10864336846837 0.160938552475639 -0.136745799146434 -0.304976265600815
0.124388414782487 0.159183838608912 -0.183290147374076 -0.296851560587455
0.136861938535361 0.157750766960369 -0.177274750477141 -0.290074364820208
0.109565362144665 0.234604615656673 -0.120371684330067 -0.278625673226234
-0.0018548005685138 0.279490096127912 -0.0316614929648415 -0.205502998460878
-0.131745068405873 0.297705720498208 -0.032254893298996 -0.0398584977081759
-0.312880403347368 0.138130849781949 -0.164551418917279 0.0168066882557476
-0.330988143644377 -0.103686404131911 -0.281732919888491 -0.0935564232078279
-0.255613481369982 -0.169569265198823 -0.324466531146332 -0.290620059936938
-0.297138961716508 -0.204298818986014 -0.347881868768161 -0.0772925132040059
-0.361582230462459 -0.186158045967651 -0.21152729807447 -0.0342451546493577
-0.362673336453072 0.0409941039515089 -0.117719710080097 -0.0350252861417276
-0.267609720317375 0.254912155325393 -0.0180187805273519 0.00575721554186209
-0.110040453116455 0.329891286924544 0.0366919855709966 -0.110965511958817
0.0383748087997013 0.334905805177169 -0.0164776676145579 -0.191408859844718
0.155366153533678 0.28089988103079 -0.0817074513588046 -0.22015885394098
0.178558340152285 0.269197583465926 -0.111668303964572 -0.213586354981253
0.194112931161375 0.255012816675046 -0.114151575537208 -0.198715639858947
0.160830923989262 0.350141939449422 -0.0862228825631713 -0.194753475936136
0.00914149886476865 0.411831236844453 -0.027877773898373 -0.139924236056767
-0.157299641920259 0.434289892050235 -0.0224634129075507 -0.00278740937584719
-0.407205974392628 0.254241121622146 -0.1446867249225 0.0577187269855636
-0.489127949120028 -0.0575199370134021 -0.225637303811569 -0.0477053671090315
-0.421008981717069 -0.182168939561498 -0.206890228212692 -0.212447741219131
-0.382443027865267 -0.232175789039754 -0.226811188943798 0.0115220206952023
-0.467948513075461 -0.195736597183827 -0.118804244615424 -0.0109508900977162
-0.456707068886741 0.0637315021808014 -0.103900446783792 -0.0427697834864249
-0.345611724341684 0.31501660405398 -0.0505747803431456 0.0147176739915595
-0.155091005108261 0.419563675272179 0.00336186314411131 -0.0381892898517737
0.0358670718150337 0.427345895126065 -0.00194716014779188 -0.0760616996769187
0.179934261872172 0.358415634541287 -0.0175908688832301 -0.0963620178156916
0.205105738392933 0.336740782976783 -0.0249267315812314 -0.100620277175299
0.220087152403301 0.313252032752638 -0.0287470700243086 -0.0847291683092573
0.186095765257345 0.411084795613904 -0.0252249438579532 -0.0894542060372634
0.0193871379332829 0.481488631182847 -0.00335616673183847 -0.0576210864478556
-0.157401782833813 0.502252045456518 0.000393687670485543 0.0321333471880049
-0.433439196511097 0.324873810055284 -0.0979575616676207 0.0807084110563942
-0.556104413961399 -0.00661773827433188 -0.131646423782769 -0.0171898532014068
-0.512963155689241 -0.164337671739841 -0.0477787645931566 -0.132190251702392
-0.417633922034837 -0.220525218379519 -0.0723887453832902 0.12389441215195
-0.511941841237448 -0.164828226388742 0.00784561708858329 0.0375936719333107
-0.485526258559109 0.0983545737878717 -0.0614927609017925 -0.0331835269946808
-0.358803785879052 0.34100247420747 -0.0732907898042994 0.0310940796913308
-0.16626935163771 0.44573894431576 -0.0325478480480052 0.0528782580288166
0.0371088973191742 0.450415982147046 0.0124738157058853 0.0633424046654169
0.182336383032796 0.380102111937534 0.0489134534715566 0.0482389000724743
0.203500562540132 0.35261526487414 0.0636704399703668 0.0272990779545963
0.208467076658995 0.325417648702529 0.0604008904243419 0.035754411177725
0.17170643381298 0.413412548690535 0.0447278666738772 0.0214990417169412
0.00891052374279278 0.470115792338505 0.0298483256597188 0.0303730096695323
-0.15080872721162 0.474197030464597 0.0230025152826351 0.0610776461476209
-0.392689479979151 0.317685342519384 -0.0440198177462641 0.0834529985876522
-0.52331301615754 0.0231208319362821 -0.0242205533120411 -0.00559060067125057
-0.515194044040597 -0.124214866253725 0.123343729799207 -0.0591399021206688
-0.389193948485179 -0.162367984227201 0.0947653858429692 0.234585826379816
-0.462768765608774 -0.0944243080861626 0.143667383281934 0.0906330685457034
-0.408841592088583 0.125211859551346 -0.00226583183257449 -0.00672799474475068
-0.287304920593334 0.301349920091369 -0.0761376425689411 0.0537096561406051
-0.135353336834763 0.386245903121409 -0.0545554676378784 0.143150135852475
0.037344516965903 0.391289482123284 0.0328388489754786 0.197714897065803
0.157530903976084 0.337576042800267 0.112686220105797 0.18721099086204
0.168725072380618 0.315531335597734 0.143427285233057 0.150634794580858
0.16370240873477 0.296418524684106 0.137016345980645 0.148530891432259
0.120128368023107 0.357414448423288 0.101080295626336 0.125520907218208
-0.0218941831642401 0.384818423954206 0.050296587097721 0.110642759894807
-0.144041091232006 0.354093597027584 0.0309711467243236 0.0818604977998588
-0.30033713615667 0.234005361846712 -0.00257503906925023 0.0732460916190193
-0.409570579201379 0.0282157899711974 0.0669095198812249 -0.00383252758220941
-0.438200539163495 -0.0735759137909728 0.275484411969633 0.0034132096399605
-0.293075877188841 -0.0760871492390123 0.247845776581552 0.317252631790443
-0.313136247440687 -0.00879561975051547 0.260901367878572 0.126969633596052
-0.242448022888931 0.119548827317359 0.0626072315153387 0.0199960803108232
-0.160001205896441 0.190124174986285 -0.0559026184881753 0.0664598990957189
-0.0836350480609883 0.249276041966459 -0.055805117166345 0.205144659988504
0.030146494029332 0.261353457061998 0.0589649467698669 0.294845888809276
0.10682971519269 0.238973733918554 0.164978236138244 0.293321332889485
0.108967881198701 0.231196659927675 0.202443226063855 0.250503603592326
0.0966453275393999 0.224547479972409 0.185780657755739 0.240621408100287
0.0526841604584252 0.253420785552124 0.127762963587316 0.212683679834093
-0.0479002539027412 0.245086383256349 0.0455077492780257 0.173781211592191
-0.115229341969245 0.185556522209848 0.0185353621881672 0.0918140325680799
-0.166847748753296 0.123837464862164 0.0211504269318836 0.0549375315210947
-0.246135655329077 0.0314321585310513 0.129897727660205 -0.000397463100764415
-0.304066621893108 -0.0162161892442626 0.384136415290471 0.054133194214617
-0.138495320138734 0.0175687648820025 0.360112136889979 0.35141573747342
-0.101191374381928 0.0557486617746404 0.341031603655372 0.133325876910898
-0.038997126887684 0.0670736084036232 0.123422138297172 0.0261172240151639
-0.0281468757513035 0.032843671283874 -0.0249893711274088 0.0550856285155625
-0.0360802015266563 0.0718013132856612 -0.0426286520377144 0.226297607200487
0.00568712414719585 0.0942921065285987 0.0806943161625375 0.337900981289045
0.0332469367813234 0.105867897182913 0.196567060164274 0.348140666430473
0.0322146669195423 0.112129233360008 0.229759202644533 0.311252616407858
0.0222954027990661 0.117550566051102 0.201491783723356 0.302229856764683
-0.0041718874886188 0.114689656835036 0.122803930556067 0.272550496437128
-0.0463478970383861 0.0838750645039011 0.0198546429715519 0.212567431799455
-0.0496890935149206 0.0237506901959917 -0.00422269129031325 0.0866110842118509
-0.0155589525979287 0.0394546094901972 0.035852868449776 0.0336942356176469
-0.069640996789885 0.0586391981091994 0.165744439639228 0.00946704280533668
-0.141579760463437 0.0516850098919526 0.437927931310194 0.090622395182733
-0.0382073428518379 -0.0857448407850531 -0.442418580064648 -0.10727934543497
-0.0952342425378908 -0.0954536586103387 -0.260830455390728 0.0156051714997245
-0.117783237260877 0.0179320767956362 -0.0728668728134333 -0.00938860004036552
-0.0470190246445657 0.0976355991802676 0.0268792088917423 -0.0300962067126191
0.0113003858194174 0.0704173445280469 0.0316575872690613 -0.185509010650608
0.0263629315895601 0.0498390326990111 -0.080501297843571 -0.284169440349085
0.0424000989523834 0.0209166461475152 -0.185246960972514 -0.318552207894293
0.0484172825529322 0.0206316024837067 -0.230025084362448 -0.31468570948669
0.0600075727637682 0.0249406826095639 -0.211524570319737 -0.325324356351701
0.0565914713268389 0.0719492186893452 -0.133090630698188 -0.313474420703233
0.0126447582183259 0.10672780611783 -0.0243220093175073 -0.237335489086379
-0.0567063207404846 0.130728545361772 -0.021909676875633 -0.0711262195967693
-0.152797430272717 0.0298187518336817 -0.140491441996757 -0.0219163402352535
-0.118086928620818 -0.103440304510226 -0.283914297784016 -0.121877296595088
-0.0510839446509833 -0.109207638553197 -0.376470040526883 -0.323976949719696
-0.174687370553689 -0.141932237833965 -0.415872915001317 -0.105727406395864
-0.232990109576582 -0.134461296078283 -0.25335769104856 -0.0150261216550863
-0.236074297046369 0.0374110195124707 -0.103003523619781 -0.0167343891732506
-0.147898255052255 0.184178426722418 0.0114014823307475 -0.00624373155472492
-0.0369589203017141 0.204907487240955 0.0428528140154613 -0.156448659043945
0.0456925261210598 0.193623395651586 -0.0489552809909061 -0.25445373670126
0.111600685967534 0.15167563283246 -0.144303937476231 -0.288500532081611
0.126089898344415 0.149228397220302 -0.187473017150924 -0.280068277499934
0.137017419852564 0.147369640716148 -0.181454226605742 -0.275895129776579
0.115009006190324 0.223071941290069 -0.127329401192584 -0.266424444819175
0.00915898645737084 0.273267109248292 -0.0380034764772008 -0.199345647487499
-0.116012998803185 0.293913286641623 -0.0304078924988848 -0.0377832520889618
-0.29966556757237 0.145814163623044 -0.154268700938854 0.0216995266302668
-0.32704462806925 -0.0904656516916999 -0.275764105334574 -0.0813498845724989
-0.253015360367267 -0.157851462438269 -0.323027675708783 -0.270419864857219
-0.289760468770274 -0.189882030268879 -0.340581810263909 -0.061829892155007
-0.358339510245342 -0.170405685412226 -0.207606441208944 -0.0262099130745597
-0.349687805813184 0.0490450201785846 -0.11854353294012 -0.0312656025933388
-0.249188935546722 0.256210963910245 -0.0186351923157431 0.00696940420969048
-0.0938354430993016 0.325078640061704 0.0281319231413526 -0.107427094639782
0.0501596918779464 0.322384902826367 -0.0244004299718722 -0.182520670911916
0.160952357201867 0.265171423086479 -0.0871611536375792 -0.209288962788834
0.184251873852755 0.253869182197004 -0.116322614457134 -0.202637811314869
0.196639961468631 0.240629703580888 -0.116398984248463 -0.189539885688236
0.168811131077907 0.332960805743397 -0.0919577144488127 -0.185862245936102
0.0247727314320966 0.400712543332234 -0.0320431867319887 -0.135680216561972
-0.136762211135442 0.426957775645946 -0.0204286818431396 -0.00210743541538536
-0.386707886929128 0.261318192499748 -0.13379772160357 0.0606423424408422
-0.478184977611599 -0.041211200407456 -0.220195050206338 -0.0365736216702022
-0.413293778265258 -0.16585117725037 -0.206353067432957 -0.2006002998644
-0.372469373159497 -0.213753120344417 -0.22047970512528 0.0205552389721249
-0.461667349247704 -0.175789162080855 -0.11755518990996 -0.00656350378765461
-0.439099833296187 0.0733038895356189 -0.105026779842073 -0.0391835402787464
-0.322878665025728 0.317378002767248 -0.0500997841226929 0.017253627464998
-0.134487892843085 0.413177962037002 -0.00306182375313534 -0.0358433210207834
0.0520839038412984 0.410854147576161 -0.00606779757516584 -0.0711121530383274
0.188302465150195 0.339497882797916 -0.0204822070799418 -0.0922875302174853
0.213622557661958 0.318677667039205 -0.0289351726005256 -0.0960566615049923
0.224809631279677 0.296645020528467 -0.0297614686391939 -0.0818930149066672
0.196258316748081 0.39179188437162 -0.0288305755904421 -0.086081131066855
0.0381228691606982 0.469082135724357 -0.0054561082468655 -0.0563654237369802
-0.134112975426709 0.493778726593522 0.00224393750833349 0.0303490691281059
-0.410510074585994 0.32933205777236 -0.0868887359737697 0.0816194250649955
-0.540664430309554 0.0109761662624636 -0.127434191550062 -0.0100119262652871
-0.500668856556362 -0.143712721670294 -0.0506563751198349 -0.128858601403221
-0.406498048492273 -0.200939157440752 -0.0684122828329841 0.125124729664298
-0.501490312778402 -0.143778123362962 0.00750293548877402 0.0367068451007336
-0.465645278463338 0.107203172400918 -0.0632586319933078 -0.0307299043202981
-0.333332170727863 0.341219921818647 -0.0719959096682451 0.0333419120743658
-0.145628477727826 0.439772250738956 -0.0352502631281464 0.0539576176187321
0.0535830852510579 0.433225651569452 0.0125102388228124 0.0633831998997564
0.190422250251549 0.359249859047778 0.0496236317779564 0.0453547471438853
0.211654068414826 0.333591706656505 0.0609768205517694 0.0242494830776256
0.215084923156426 0.309098785719638 0.0615005884142204 0.031878080167383
0.181750024029525 0.394654440849015 0.0435604898822184 0.0192336496234889
0.0278126481310596 0.458262353092767 0.0300675079557134 0.0281144830496733
-0.129955817185873 0.464202056633278 0.025306705728016 0.0579015124751845
-0.371565838180853 0.319909826474009 -0.0347252830084971 0.0831146241608706
-0.509845189760043 0.0386818573393343 -0.022245702263328 -0.00166569190129486
-0.501756273764407 -0.105606076727362 0.1165542644722 -0.0641859395419776
-0.377892172669607 -0.14624897677017 0.0973947912699947 0.226822924976078
-0.450142833369562 -0.0771371803807521 0.141264648188752 0.0842439227392458
-0.391102492115947 0.131988143272884 -0.00415905280051527 -0.00704217250057704
-0.267837379198482 0.300697858472631 -0.0738175500897317 0.0549653546588533
-0.116334916847807 0.38064160772082 -0.0533918727375935 0.141885969770197
0.0504538566133825 0.375623554561526 0.0377165666195249 0.192574382012531
0.165500759163835 0.319710496773488 0.11693399116628 0.176471433626324
0.177151637843894 0.299107438084648 0.142449002267728 0.140572937651501
0.171107060931418 0.28237746409498 0.139228690139332 0.13866831460318
0.12910119495969 0.342291242466456 0.102670340367419 0.117762899812382
-0.00462930322920926 0.375049264337875 0.053235981396265 0.105577932035855
-0.126020991380403 0.345731774776391 0.0328837923305341 0.0778738745331362
-0.281790623228511 0.23582802655584 0.00368431201226553 0.0722500528545015
-0.397612427034361 0.0405976641694004 0.0669355573432875 -0.00320816236142905
-0.424872926196067 -0.0574137108379506 0.265183544107896 -0.00941599850160859
-0.283109984390491 -0.0635035025231211 0.248648229845608 0.299935735861031
-0.302696280752185 0.00134072951464425 0.255947784058883 0.115400044131233
-0.228419729883968 0.121485265348407 0.0605800155874036 0.0170547749982597
-0.148591604648665 0.18850719875164 -0.0537849332779897 0.0668240223221766
-0.0712861679272462 0.24468614255782 -0.0513713455127815 0.202575535463564
0.0386907866207172 0.250503506610527 0.0669810884297155 0.285515122917516
0.113036576050948 0.226374266499791 0.170819218154446 0.27660054398447
0.116428626237706 0.219856966166858 0.203246804846026 0.235226642391696
0.104250547438565 0.215410140343249 0.189843413903078 0.226195737139905
0.0602273300868083 0.243497791074755 0.132147244595023 0.200536527443084
-0.0363652604646531 0.238945402019864 0.0516151102265035 0.167123243818077
-0.104385970029409 0.181283155132412 0.0210838272698262 0.0877106311927125
-0.155155428288339 0.124195731728986 0.0241945721123037 0.0541920140138728
-0.23604770537736 0.038948945535646 0.126789021942949 -0.00284516485262743
-0.292060912146763 -0.00558024127744365 0.371345811204646 0.0358259065812967
-0.131520928856947 0.0225726660578614 0.357431313410025 0.330862541383615
-0.094179189076723 0.0570115017574327 0.334039513225423 0.117987405686733
-0.0326841375062797 0.0651075129476251 0.120255453356867 0.0213340214178901
-0.0272147350163858 0.0311918036692832 -0.0239984814886808 0.0542558392852456
-0.032386829203196 0.070572229998055 -0.0366521007511202 0.221921664526112
0.00862637889586515 0.090201891709808 0.0899338519482247 0.326351731259819
0.0363624252517312 0.100701696182744 0.203110702907932 0.329626675229115
0.0366897402266009 0.107809288769388 0.232313589351471 0.293957121554353
0.0277800064801638 0.113868502098822 0.206662941004375 0.284976691887014
5.3024160502263E-05 0.111347005303641 0.130051059763638 0.257795445557528
-0.0418324910420414 0.0813286593422156 0.028898796922051 0.20426496029532
-0.0480394352968029 0.0222261140242975 -0.000925035032469797 0.0834077477761669
-0.0105788968488216 0.0364358535216535 0.0361474855614464 0.0329027000946175
-0.063624900671093 0.0600523708843852 0.161866484131514 0.00501481504785724
-0.133370926453408 0.0552187788505826 0.423252475599045 0.0696920631418502
-0.0390001015985414 -0.0841765727912583 -0.432723195944985 -0.094262416969499
-0.0981258110702809 -0.0899837587719644 -0.254224993275056 0.0203700792544832
-0.115444471054637 0.0214079924644145 -0.0739981300607476 -0.00871364623066776
-0.041747204791212 0.0978243344175971 0.0250754805182791 -0.0289980159245254
0.013492034542026 0.0690549418541866 0.0262329575395727 -0.180602009597765
0.0276399364176196 0.0488225568504204 -0.0862071227802644 -0.273537289978924
0.0415999021607838 0.0196578873208587 -0.188213956588002 -0.304329320441652
0.0468002263698 0.0188204607613709 -0.230307148689191 -0.301287028694144
0.0572606874972557 0.0223671372534443 -0.213642002808777 -0.313388597562419
0.0576114344223987 0.0686865660012422 -0.138400355629556 -0.303513425770904
0.0156179698892441 0.105725785447431 -0.0285136678221042 -0.232914554985067
-0.0519259887308437 0.130342165625827 -0.0208037969763227 -0.0690151338450381
-0.150437770567407 0.0332347172802377 -0.134365865588664 -0.0189387371699839
-0.119337225124818 -0.0995319940536371 -0.279279081143966 -0.112798100228873
-0.0534799764442204 -0.106643024991811 -0.372148712601962 -0.30841251480763
-0.171378764691505 -0.136653746040171 -0.407463396406398 -0.0933722895934725
-0.232196281730554 -0.126597655361468 -0.248052568967366 -0.00950174155540809
-0.22976855037118 0.0406936978445733 -0.103540964193855 -0.015032125762496
-0.137791481409632 0.18376538999514 0.00996885056889108 -0.00519305681619549
-0.029617040691631 0.201509436555588 0.0362777724096043 -0.152404049995412
0.0502731727267603 0.187883430563466 -0.0545537080059691 -0.246015760505245
0.112075766872101 0.1447428680235 -0.147508689923601 -0.276078665297103
0.126377866834434 0.142222296957421 -0.188235788910685 -0.268670817141659
0.136250343984188 0.14088199214692 -0.181759940845405 -0.265851439782507
0.118035261220118 0.214621842100092 -0.132633070982645 -0.257538224517129
0.0171563498818976 0.268544508925927 -0.0416038049468404 -0.194841614301207
-0.105987277476847 0.291024395671785 -0.0287821512572849 -0.0361271304494597
-0.29156005802792 0.149897396855806 -0.146850841618894 0.0231471958431982
-0.323329440726542 -0.0836404056647357 -0.270905319634735 -0.0723803389494998
-0.250196313799735 -0.150958034270026 -0.319560353209008 -0.259502407172499
-0.282998432005459 -0.182052225410859 -0.333877755837108 -0.0522712611054421
-0.355166120695868 -0.160173442956959 -0.204375038208642 -0.0213376670965908
-0.33878798241975 0.0518124628198557 -0.119322409572164 -0.029136895996499
-0.235862306834267 0.255793678466748 -0.0193029763178124 0.00855142224844663
-0.083064349729927 0.319674854027927 0.0223185700440182 -0.103974737876702
0.0584209394600044 0.312934644544822 -0.029252835669858 -0.175050022950444
0.163461705796754 0.253489152879972 -0.089955733102513 -0.201209807241638
0.185558275844709 0.243012992930384 -0.118468151449195 -0.194734958015331
0.196848575900662 0.231092460790224 -0.11692104555186 -0.183336648583791
0.17327780263288 0.320410568564655 -0.0955772801429531 -0.179891462127974
0.0353451606199954 0.392604961809789 -0.0342559035460095 -0.132362519194469
-0.122232357349459 0.421411158514375 -0.0186623602153974 -0.00207242850438908
-0.373907804383906 0.263923506985799 -0.124493246161994 0.0608796382226143
-0.469967524368623 -0.0322644270427778 -0.214245664160243 -0.0292929886762329
-0.406482310349794 -0.156131087657999 -0.205715533683995 -0.193122626978723
-0.362857862767234 -0.204592893413709 -0.21606994828277 0.0264734556735752
-0.455036066638308 -0.163826871570474 -0.116747713749997 -0.0032677911528216
-0.42583947265876 0.0768323479165046 -0.106152690299853 -0.0370129314863052
-0.307688538859568 0.315157909015593 -0.0499344123695972 0.0187307769844377
-0.120993569160174 0.407501632791575 -0.00826213351780818 -0.0331105028844354
0.0608666943788694 0.39885912256277 -0.00901891879929534 -0.0664935817662434
0.191837955358438 0.325666378401953 -0.0212920865288225 -0.0889006039885142
0.216765700612662 0.303589570418695 -0.0315604214840683 -0.0927859162063233
0.225971365143403 0.284787624688633 -0.0294554506735657 -0.0805070680218393
0.200222941081674 0.378447271800047 -0.0313317256723605 -0.0833610538915071
0.0484759886602479 0.458749712229291 -0.00595374580917621 -0.0549794805026932
-0.11896920529379 0.484530528007372 0.00369275891253431 0.0294237033867416
-0.394053919745376 0.331754707167622 -0.0783063749728676 0.0802885032724881
-0.531042179452591 0.0193096492091641 -0.122591897648471 -0.0039897342676071
-0.490309163334732 -0.131911060099771 -0.0527661279261559 -0.127330316208767
-0.3970104267108 -0.190343903931755 -0.0660366645088067 0.126410378962257
-0.493386955908017 -0.132193047948704 0.00636340313217713 0.0366068739474146
-0.449852301617801 0.110294403374915 -0.0649247746613915 -0.0297650970870318
-0.31911615306452 0.339999673122475 -0.0711273465208677 0.0348679672105847
-0.131376934254623 0.433596360747029 -0.03909591126828 0.0556531492325351
0.062924076726513 0.421009548462071 0.012795650019762 0.064306999539261
0.194519394326413 0.345333890707287 0.0500580560035029 0.0430469865802435
0.214492321818297 0.319141550961701 0.0584357261220086 0.0231960667188605
0.217651931646931 0.297923975346365 0.0619867746410698 0.0283500142485545
0.186387087364669 0.380647126140338 0.0423308682277927 0.0176892918208772
0.039203539884613 0.447974585804947 0.0302482514408542 0.0266175254308385
-0.115047311933357 0.455636510691264 0.0260163223273953 0.0557281858066477
-0.355315147202377 0.321293491181349 -0.0279247924310396 0.0817080908781164
-0.499315604032625 0.0472087855225948 -0.0199042933989445 0.00188249201167867
-0.488940901756278 -0.0942417556004408 0.110756386407083 -0.067507344817361
-0.368577956841674 -0.135786572426851 0.0971799667058088 0.222568838415602
-0.442562725978429 -0.0668931568436048 0.138516748169228 0.0801915913311233
-0.377405070183215 0.132349391803802 -0.00603290240433783 -0.00757824747368205
-0.25522553575182 0.299176444984298 -0.0727395438237133 0.0557269458606067
-0.105609474011915 0.375089830883721 -0.0545242043126186 0.141942065927101
0.0595687472461273 0.364531769557206 0.0404195839146356 0.189463319574569
0.169110450210353 0.306816004107127 0.118321684077263 0.169201190496508
0.181187648263434 0.286653435181232 0.140386050608688 0.135194930663754
0.175811020607702 0.272803443277589 0.140430872779906 0.130802735064121
0.134557789198756 0.331576969302006 0.103193694959232 0.112140618719588
0.0053757249149631 0.367201030450122 0.0553551607647085 0.101696670526248
-0.114684575891201 0.338996988466883 0.0342187390677464 0.0752662368941171
-0.270066281597083 0.235585104839089 0.00857640765050795 0.0710501331372708
-0.387261603253493 0.0465270690983499 0.0662873679902509 -0.00186065056544889
-0.412177768701225 -0.0494237574764225 0.255244181240405 -0.0174234670201449
-0.275152771071702 -0.0564635630193547 0.245450731807874 0.29169103612336
-0.294688902013026 0.00654857150494601 0.25165872087572 0.107862773560391
-0.218332216605784 0.120578791704914 0.0583172782338387 0.0147959647418146
-0.141508241312536 0.18577527576682 -0.0531053038555747 0.0665801752974821
-0.06375024034103 0.240901492173088 -0.0501215207977202 0.20076555431948
0.0434495320451451 0.242581178982178 0.0708003929038652 0.279022643924301
0.115328908102878 0.217165326815218 0.173369896061011 0.265341190404383
0.119834999697089 0.210598051281289 0.20156018713973 0.226046476359308
0.108316624094425 0.208341922003681 0.190469258079739 0.215204019722019
0.0646656389897035 0.23684794960083 0.134429942997938 0.190796886687366
-0.0296245719872348 0.233509781637783 0.0554836717946148 0.160886935832588
-0.0981054623284777 0.176656604768842 0.0226345395480262 0.0851724315606709
-0.146554271448976 0.122269898247711 0.0266851942168287 0.0541979519623382
-0.228349237786544 0.0422739004022853 0.124264275687939 -0.00355762612352775
-0.281894851817057 -0.000405139826227842 0.360247591852968 0.0238232715698744
-0.126493950491846 0.025779908557884 0.353609035649466 0.319267511782125
-0.0891067706418191 0.0562499218110938 0.32805603440629 0.109035430992935
-0.0288265898144678 0.0619626719124914 0.117387742886039 0.0179942504963504
-0.0268170682577308 0.0293133750999757 -0.0243610401906832 0.0534413478549228
-0.0302870663670794 0.0692425035378745 -0.0339280385674274 0.218941141681052
0.0103041150657927 0.0866626441523009 0.0948303425173663 0.316706587442918
0.0376618921181009 0.0969070147119915 0.205076451918642 0.316920958892853
0.0396017247681206 0.103688194406256 0.231423017948511 0.28215127775459
0.0316290185719913 0.110601025638333 0.207742780678964 0.27220103081643
0.00268557253119543 0.109248826780812 0.13441255496261 0.246916879975798
-0.0395153510317569 0.0790309834667764 0.0349730983536444 0.198017917445135
-0.0466050327367952 0.0200257754023573 0.00117448415774829 0.0813103512314087
-0.00759949912678546 0.0333677578188597 0.0366607303430828 0.0331401531632191
-0.0587886682153542 0.0599496967097531 0.15801136221926 0.00244759065862038
-0.126900458425347 0.0569831474512239 0.41290090768195 0.0555502448244583
-0.0396654097294132 -0.0825380775789805 -0.428533816491007 -0.0863000393140727
-0.101106603984924 -0.086051437196318 -0.250450439938972 0.0245867929468766
-0.113757359045348 0.0254185253706171 -0.0758483484142993 -0.00745416536567112
-0.0368507755835108 0.0983294627673661 0.0227233334995322 -0.027758201808004
0.0158091885148457 0.0680924031479428 0.0215577596340159 -0.178253669951532
0.0292412401502555 0.0480343309295098 -0.0917472094320529 -0.266035829737385
0.0414503887364434 0.0184846866867987 -0.19241032780461 -0.293146048208752
0.045802006127028 0.0174730808342088 -0.231548782362591 -0.293090860702025
0.0554347286916898 0.0211886973571612 -0.216310900438435 -0.305405584895483
0.0588945784826361 0.0653162999721686 -0.143926655861331 -0.296494312075597
0.019247387790255 0.105403960453781 -0.0327378314241588 -0.230427359488926
-0.0483243744787325 0.131209592333308 -0.0195247853169503 -0.0682315561765537
-0.149778614838733 0.0376505110273902 -0.130408351609729 -0.017985304364644
-0.122223733550514 -0.09738162871565 -0.276726926160866 -0.105229703224591
-0.0560901700893243 -0.104489938268427 -0.369009703123506 -0.297780286176278
-0.16915298806049 -0.13361053636335 -0.404117335200235 -0.0832956671945728
-0.232881622549465 -0.1204764488158 -0.24548166077615 -0.00465261954463684
-0.225456144405058 0.0433472343629961 -0.105864125878304 -0.0134301252052208
-0.130136734125346 0.184286879159543 0.00918216666576671 -0.00395395076825254
-0.0234212872519411 0.199359061737601 0.0303405307219441 -0.149503695630915
0.0548381139297436 0.184513238181618 -0.0595317327386047 -0.238771970406812
0.113998363893732 0.138894343531624 -0.151324348005983 -0.267252287312041
0.127181879811991 0.137167025058769 -0.191006588985857 -0.261607498533382
0.136475433501248 0.136069978811397 -0.184832958925317 -0.259710302026656
0.12150409357714 0.208673991400652 -0.137502272487317 -0.251395511001887
0.0233716036225886 0.265976856536606 -0.0446385293057113 -0.192478762349615
-0.0976195140982689 0.290349442439901 -0.027463432551771 -0.0353919317936936
-0.285128577533688 0.154164853847386 -0.141743122547865 0.0240523416473267
-0.323818967438605 -0.0773408658012727 -0.267561410089138 -0.0649338792687351
-0.249646424826403 -0.145028935968469 -0.317976058202529 -0.250932140160628
-0.278076486319505 -0.178166666565265 -0.330965102157348 -0.0434330604898764
-0.354918457821385 -0.150926163124259 -0.203254003378863 -0.0164653479374159
-0.333259121362455 0.0543500981665252 -0.122420164157163 -0.0269011036883256
-0.22603726200651 0.256058042895093 -0.0203222985150343 0.0101007864851713
-0.0740625797625364 0.316927116112155 0.01611841920108 -0.100731405360172
0.0656150068379931 0.306448306684359 -0.0334352202563595 -0.169248374432948
0.16652667732276 0.244975519540631 -0.0926244739677817 -0.195490562000386
0.189715182134501 0.234576282000076 -0.120759907158362 -0.189765364431536
0.198813864445887 0.224182804065843 -0.118343771210253 -0.180119305954316
0.177782776016211 0.313771596997186 -0.0988590452191691 -0.175017323446978
0.0445766607498038 0.388798603395885 -0.0368848741506728 -0.130336083964548
-0.111923485714455 0.417683386583321 -0.0173855234832471 -0.00128142170940403
-0.365221091481629 0.266878279928831 -0.118265410183519 0.0612792379270811
-0.467031964225265 -0.0249401533865672 -0.210754009814801 -0.0233904652577859
-0.402806310707075 -0.148399627633455 -0.206540364554084 -0.188689664728226
-0.358233073926007 -0.198828084242522 -0.213396525067843 0.0326794597663256
-0.452234550308578 -0.156077456097552 -0.116132560498542 -0.000260173050672596
-0.418617650706396 0.0795011888392499 -0.108939057862243 -0.0352351971809067
-0.295629939274732 0.316148302957276 -0.0510434361436216 0.0204810096782968
-0.110291907575764 0.403783534904154 -0.013782917733239 -0.0298620740377073
0.0695377572504874 0.391101309439184 -0.011081050454992 -0.0627061049464701
0.195570718488248 0.316877857775923 -0.0227907549563432 -0.087263129963065
0.222176266514568 0.295155258535947 -0.0341091536551266 -0.0901521820823372
0.229605935067006 0.276221142616776 -0.0304415213149593 -0.0806320979689267
0.206267462922811 0.368898199360891 -0.034010042220733 -0.0812137640009641
0.0586864283730195 0.453403553265078 -0.00723567250407284 -0.0546547979497452
-0.106848776662857 0.480189395344941 0.00499150390925529 0.0287489876297211
-0.38299966284863 0.335415651283719 -0.0715661925674826 0.0800577158879743
-0.52584370537677 0.0262372585353739 -0.11885295350629 0.000432674138311296
-0.484458799813666 -0.124383029311089 -0.0559304858317944 -0.126737184003556
-0.389956793634115 -0.182888986246126 -0.0642671723629215 0.128629623450163
-0.489912404252884 -0.122632154067687 0.00548240543928288 0.0367567057531719
-0.441645400625311 0.111521504876259 -0.0676665724889703 -0.029161490795487
-0.307591109611917 0.340359716916193 -0.0716906662258724 0.0361356131536612
-0.119271049867437 0.430416821895411 -0.0426041939754562 0.0588458744627907
0.0698044189408523 0.412750530115973 0.0131555308666059 0.0659935091282012
0.198076533367369 0.33595560272597 0.050984276676762 0.0407976279213618
0.220816244561961 0.310097687915464 0.0564565363510795 0.0223251845231071
0.222622239898371 0.29034730008736 0.0624659283665395 0.0250431827883164
0.193892903948721 0.370864485238568 0.0411754753280876 0.0169106175817005
0.04882864269471 0.443212405704591 0.0309730346854308 0.0257324834355574
-0.105127121795872 0.450339779640462 0.0276576696513282 0.0546731334930027
-0.344755645722711 0.322261982543027 -0.021960753323895 0.0811530311268751
-0.49302429171709 0.0553304356121533 -0.0179732308915711 0.00499203153014148
-0.481103403672412 -0.0858541815362809 0.105724473386627 -0.0708677970743845
-0.362244670880348 -0.130293126136297 0.0975732725042029 0.221621929781789
-0.437905208955 -0.0593783790796525 0.136961406859388 0.0775603900175343
-0.367956999282332 0.134410797451284 -0.0086654176062293 -0.00825532665137422
-0.245182479390027 0.298415796327893 -0.0728496884148469 0.0569172832728776
-0.0947365428323319 0.371059341720843 -0.0562537128882214 0.144455393402478
0.0656912635212873 0.35719228212469 0.0434097850125479 0.187860859130946
0.173129917574915 0.297054608816657 0.120383592366632 0.163065438841802
0.186901262395909 0.278113170223136 0.139071802442747 0.13203974964373
0.180032837383264 0.265117195685841 0.141250973435229 0.124718192386749
0.140446121050678 0.324818425141256 0.104607764462431 0.107620729379125
0.0144868180267194 0.36269709623068 0.0575972308581201 0.0989970160386982
-0.106371477743999 0.334836418205899 0.0348072508495667 0.0742165444421823
-0.259844087111643 0.236035047954039 0.0127644930684631 0.0707748502100066
-0.381826730819486 0.0526065906422525 0.066791044682656 -0.000575250265787305
-0.402591125497011 -0.042865634132205 0.24865104239002 -0.024940610395441
-0.268630599355044 -0.052116992162293 0.245257171604081 0.287395685177268
-0.290378673708882 0.0113549031268533 0.249179003074832 0.102168313722619
-0.211815276402391 0.119693669788881 0.0566300319327102 0.0129056634938935
-0.136115938834976 0.184443812219518 -0.0525669795859128 0.067468768583708
-0.0578791680248632 0.23795982183605 -0.0493584979722611 0.201623513583084
0.0474622028975349 0.237023793234167 0.0756782289694077 0.274677058692979
0.118149890816694 0.210324212973678 0.177118981462615 0.257613346524599
0.124138325392097 0.204705072670726 0.201101119620854 0.21983785283279
0.113291235881253 0.202740063642637 0.192738658909635 0.207463692641217
0.0698715341085687 0.233448759091024 0.136809137323938 0.184350073467978
-0.0236837337398324 0.230174550248832 0.0593144090450849 0.156968619224129
-0.0942445963421537 0.174404435484179 0.0238892560805849 0.0834825928305621
-0.140464542157511 0.121717133335611 0.0292506378431342 0.0540925114537099
-0.223736319503641 0.0463894373184438 0.123349545805413 -0.00478283648256744
-0.27467260316714 0.00433830999634508 0.351597791015789 0.0142544244723676
-0.122609850602461 0.0281278859718158 0.350913482130149 0.310854304713475
-0.086109199833469 0.0567013009369322 0.325479278596547 0.102005651748571
-0.0255593147528593 0.0594615772882027 0.115753652808419 0.0154976277249319
-0.0272848914198921 0.0282357255460354 -0.0250029248097505 0.0538291150445353
-0.0288531601316649 0.0686807760339851 -0.0324693105865656 0.219041323170188
0.0111149703557392 0.0847402106735048 0.099883079611458 0.311390719290754
0.0391519948071966 0.0939937189860165 0.208975618852993 0.306922192583939
0.0424289416909206 0.101193194626563 0.233007578618037 0.274828880682633
0.0356066925705011 0.108117607114441 0.20976723781907 0.262882532275318
0.00500678690855254 0.10845200227319 0.138824855654941 0.238302774130609
-0.0381578298381295 0.0775650859619196 0.0407015317645315 0.193437873253159
-0.047069262854803 0.0181073910915994 0.00265170860508483 0.0794364510916246
-0.00470496284082304 0.030601725076216 0.0376882234888272 0.0338662643208232
-0.0549758776856141 0.0600042990320053 0.156228146820842 0.000667049332848729
-0.12180839690718 0.0582853930417564 0.404005581712314 0.0448859680565956
-0.0166838651031019 -0.0911878716684706 -0.401750028811635 -0.161844299444581
-0.0803068910192927 -0.101812126153697 -0.244285673946991 -0.0236960871911713
-0.113066063493442 0.00444525055351076 -0.0746175441607281 -0.0255655325936135
-0.0502758557148742 0.0877925289770627 0.0242936848069967 -0.0226592378969902
0.00483204874207481 0.071193320836416 0.0514619336358247 -0.169163246818212
0.0211068530861688 0.0542444211443341 -0.0407088820011915 -0.274401374523837
0.0349433951115818 0.0268538434626523 -0.131310759766867 -0.323562363534709
0.0409260485858863 0.0264377747041526 -0.165419552987915 -0.329064532014864
0.0486033035113836 0.0323439260931528 -0.150107755161539 -0.338322641266441
0.043521983118903 0.0745424609140507 -0.080069771814043 -0.3131081272761
-0.0020209659605703 0.107326870205097 0.0131814392989831 -0.226755657471713
-0.0730876055641049 0.116569041223963 -0.0037569980846967 -0.0662706025804001
-0.156979118326387 0.00513205955231095 -0.126872604780173 -0.0431135920591611
-0.10209465147785 -0.119303912244614 -0.252436361745278 -0.161867264488989
-0.0329829962012826 -0.113405201371699 -0.303295602444312 -0.377863482667207
-0.129327485232911 -0.164115797248416 -0.379237329228568 -0.15629172713339
-0.199838960905303 -0.158410735266979 -0.232974842011499 -0.0555900495242443
-0.221970650650739 -0.000741643246380145 -0.103321324557427 -0.0413882884974343
-0.153408437370454 0.151106016796738 0.00372788978436009 -0.00354195949553945
-0.0576737788319384 0.188132508173654 0.0549197181468811 -0.141718264803411
0.0197533296715402 0.18869177800212 -0.0183424537569658 -0.244082488564157
0.0833690009581898 0.155792308658874 -0.0970489588147975 -0.288827795830869
0.0978429154375157 0.159431784261426 -0.132892143266383 -0.289847315891786
0.103427275214699 0.159266054383367 -0.128116826211459 -0.287629104790812
0.0764149397506447 0.224237005461866 -0.0834608876027188 -0.264704682722733
-0.0299802726691033 0.263041366421223 -0.00542174682089874 -0.186525587228076
-0.153390724356994 0.257230009330737 -0.0198789541961784 -0.0303421628904386
-0.313781311281418 0.0885579957663116 -0.149778995950121 -4.94560245316523E-05
-0.301567628827672 -0.14220795929435 -0.252856722965789 -0.121533265945812
-0.211725209787045 -0.19381507904982 -0.264411816110355 -0.320571425195493
-0.224353129312757 -0.227556479592619 -0.31710445097936 -0.105060668385581
-0.309452874462615 -0.208772571617375 -0.18772115674361 -0.0641418757290367
-0.326501881196449 -0.0110388893707091 -0.115710737209644 -0.0602836351865028
-0.256936853903288 0.198610640830747 -0.0283877324652787 0.00242174009027499
-0.127168044230963 0.290704138485401 0.031297226810224 -0.0983564735592617
0.0063513621990509 0.307359375972714 -0.00787409072419384 -0.172640298293559
0.114446720217295 0.266324046468445 -0.0535773367825855 -0.206804478377058
0.140669930659636 0.265874417293258 -0.0792325310558931 -0.207535787385375
0.146288668322731 0.256852563858781 -0.0802651774435748 -0.196998355675509
0.110017815887075 0.336709732720551 -0.0616341446665627 -0.181794614977083
-0.0352942505898134 0.386579264503222 -0.00916126352937088 -0.1210519790598
-0.193897412843554 0.374746986190323 -0.0169032191166936 0.00846939808419267
-0.4156420958048 0.182495529472336 -0.135661324223407 0.0453634497776929
-0.450410597402991 -0.121599243426836 -0.207499601454444 -0.0696747036875237
-0.358473961309274 -0.228738318211109 -0.168440708818853 -0.234434675010213
-0.296282288771116 -0.262443797348673 -0.218573432655176 -0.00975084590283392
-0.403314123245418 -0.230064749959356 -0.105206090173587 -0.0364349873504636
-0.412668371570471 -0.00394924778932761 -0.102864311696404 -0.0691298666309621
-0.334210825377706 0.241997392706654 -0.0613135201347491 0.00523455731741253
-0.179561306510908 0.365287457796515 -0.0105251609308921 -0.0365677776929002
-0.00664957186053782 0.389051765582196 -0.00812767927946038 -0.0653241811166854
0.129454905972961 0.339346875694346 -0.00733062102668868 -0.0869485991829483
0.160796319763028 0.331410227416295 -0.015710563066094 -0.0939610701847993
0.165797266692128 0.313580918946323 -0.0147010002014406 -0.0827945331122442
0.127755245304931 0.395745638563427 -0.0169131667401197 -0.0776793704959484
-0.0347753272572529 0.451356921150103 0.00544049199358949 -0.038904717124327
-0.202482969686632 0.434917663543279 -0.00140989379177667 0.0443905855210359
-0.447208066589642 0.243277373004207 -0.0941787342129883 0.0750208487338844
-0.519225404186518 -0.0830494903884541 -0.122886013497118 -0.0274848847597395
-0.440773572870255 -0.223021152927967 -0.0319514421197659 -0.140435346751113
-0.331887948767421 -0.253290122169928 -0.0915379883594155 0.112545802896573
-0.445152717056266 -0.206640828157502 0.00608434098623754 0.0210857229747437
-0.440902479777214 0.0220602594349724 -0.0638798240499008 -0.0562093365968482
-0.350540678005959 0.261434059430502 -0.0848812672145191 0.0162626008609803
-0.193122512423669 0.386292781748056 -0.05556456399849 0.0440801032075202
-0.00990405056344762 0.408054075571392 -0.00888705817316445 0.0643987631178125
0.130252966941956 0.358456917596459 0.0398593001785451 0.0525831574068233
0.157607112555395 0.344443776170322 0.0485588267420568 0.033096267864971
0.156207434200626 0.325814262075075 0.0540726878407813 0.0373933400973347
0.113995633342536 0.39551099156435 0.0366012676972438 0.0315950380134441
-0.0403348862424483 0.440070999117576 0.0260263009213319 0.0456791075420657
-0.193064946888912 0.405852060007152 0.0142422140727627 0.0731426124609448
-0.403664153405094 0.23894566560396 -0.0437894645564078 0.0856338673551697
-0.490125746386685 -0.0490713338411437 -0.0233805646881231 -0.00289329612217138
-0.445776060235632 -0.18538024562814 0.116730915966938 -0.049495177740798
-0.319211351551012 -0.195421756390895 0.0487299864203831 0.23296453740813
-0.407959441640503 -0.134335437439572 0.123599297939539 0.0849949903036838
-0.374343981858179 0.0573372398014749 -0.0110144162910846 -0.0228885682469819
-0.28472315384152 0.232081662402897 -0.0890714065205041 0.0369499010918221
-0.159583069572024 0.333397083103507 -0.0843045200998851 0.126180542686636
-0.00487008350359882 0.353561922027301 -0.00175703576611292 0.189624109566299
0.112966545275127 0.316548378283069 0.0833661041660392 0.185731572542647
0.130803372457079 0.306643216426011 0.106827621302886 0.155175160912501
0.121781253365917 0.291216638339447 0.110420940005701 0.149283925582396
0.0732136947273454 0.339602432751468 0.0782915011667794 0.129845635253887
-0.0575650380405395 0.351979700874523 0.0366535296948435 0.11869265842253
-0.170319713388662 0.295338952035445 0.0174467440955447 0.0897733653320642
-0.302132393239108 0.171283584652811 -0.00571284124525506 0.0804263708145966
-0.380614157624284 -0.0286598564216167 0.06241637166431 0.00971403182576208
-0.380564133836162 -0.127644047462464 0.249786435104287 0.0273861183891525
-0.248698869667619 -0.101917122374294 0.180345888499457 0.326420917367401
-0.282319193736315 -0.0390097047506986 0.225113111825234 0.134266101393279
-0.223277679719601 0.0734280613214141 0.048225751244064 0.0151774450483446
-0.162131973299738 0.145880765082944 -0.0692583647690404 0.0529149893797244
-0.100605544239972 0.213198250150369 -0.0883632780955681 0.185086267172209
-0.000635020774946261 0.233176207018165 0.0158538963498575 0.281391960898226
0.0767551685719814 0.222423263406583 0.120950972454652 0.288117511625972
0.0831575027432971 0.222698250506626 0.149675878216183 0.252753340473602
0.0691374741034862 0.217668328854141 0.144602095196373 0.238574755777179
0.0225820932746763 0.238077383895179 0.0953384223202162 0.207194680224473
-0.0688996674749704 0.216898624667141 0.0274253516605134 0.170799082725409
-0.125358391988146 0.143576832214987 0.0039421595445142 0.0918543171323183
-0.160587689773439 0.0854280228818239 0.0162412454723065 0.0643553425883902
-0.224181432003831 -0.00289450656820078 0.119941105829209 0.0193732696733547
-0.264933493597776 -0.053757272970965 0.343145598147545 0.0877440903640442
-0.126703357446981 0.00492067041681398 0.27990176793109 0.369588189919283
-0.0952322585224693 0.0411184905211448 0.29614852374787 0.154724583373509
-0.0351091436069276 0.0509377841770553 0.107085684887887 0.0348751069301552
-0.0322933197086328 0.0196808553478539 -0.0363350749546213 0.0467514519770128
-0.0421748198297952 0.0570061258574561 -0.0733579242161558 0.206929084979029
-0.00703582598595936 0.080097298148829 0.0364588142916639 0.322546285168935
0.0218385411111359 0.0960709360175413 0.14254926754686 0.342553056986389
0.0232137322244926 0.105712287830368 0.169397710344106 0.311940627136949
0.0131514866493273 0.110739404085004 0.150754656804788 0.295421580413641
-0.0149418134141472 0.104779210510373 0.0863002258998003 0.255735986035335
-0.0529634955452125 0.0657182580507849 0.00243887114173191 0.195943399923658
-0.0493534657505285 0.00521919573293654 -0.014577070220556 0.078530990855171
-0.00771570558471267 0.0261824040019515 0.0311993576772496 0.0437776119375711
-0.0624766864771922 0.0464189147206804 0.153308704287036 0.0324611141163615
-0.128643597963363 0.0303685684556605 0.391231677960038 0.130378351620257
-0.0184035583383505 -0.0901740098473491 -0.396443130496511 -0.149403750010905
-0.0828256410750466 -0.0973164655307953 -0.241045049620078 -0.0183164531797917
-0.110335877689116 0.0085781284004402 -0.0774219846368539 -0.0239321215807963
-0.0451839304979826 0.0887294138029317 0.0220629739798706 -0.0211796464926309
0.00816379412613223 0.0697571259832761 0.045923019278308 -0.165995680779348
0.0235283610410484 0.0532687223384517 -0.0476929449261091 -0.26715025539366
0.034944203029573 0.0258238919342903 -0.137233072619045 -0.313005797202373
0.0394815473332593 0.0248945380489359 -0.168914366129751 -0.31998128178397
0.0475339897294887 0.0302823786015836 -0.155068933039407 -0.329168997281996
0.0446037079752216 0.071510175084103 -0.0866564833683387 -0.305290745983685
0.00163816993271751 0.10629033632553 0.00782575044392241 -0.224513083751871
-0.0681875965144289 0.118001906961549 -0.00351203667800456 -0.0650810320439908
-0.155267425268428 0.0100514406296478 -0.124011909355892 -0.0408815101645038
-0.104799663909371 -0.115817501517468 -0.250801632791069 -0.153942665501941
-0.0352189897457768 -0.109757729127171 -0.30336030892403 -0.364676788521294
-0.127812740000092 -0.160314008712946 -0.374081279269929 -0.143762404780504
-0.201268053051034 -0.152013474773771 -0.230133925921716 -0.0485329646769259
-0.217453249191107 0.00460344096413961 -0.106514572268685 -0.0388289495070205
-0.145016560943648 0.151887608265327 0.00243448066813042 -0.00124102646663813
-0.0503503982123243 0.185870702917709 0.0476994254888574 -0.138634332567455
0.0250300647755428 0.185000911166425 -0.0245835150693902 -0.236649990073187
0.0854634433569813 0.150672849498408 -0.101551653086772 -0.279617757134546
0.0996667169708998 0.153669347949149 -0.136836460007919 -0.282374766905326
0.104757588871136 0.154225654605906 -0.132446908204582 -0.2808046682491
0.0798897844562263 0.217465790529124 -0.089100990679751 -0.258411184658572
-0.0215939700171465 0.260252583813435 -0.01027677133098 -0.183331200403962
-0.143476753146887 0.257169104840346 -0.0182269660037971 -0.0297705412906777
-0.307412212182306 0.0948437356542291 -0.144399341364725 0.00243141804296718
-0.301711152881683 -0.134587404784268 -0.249851197932983 -0.113443494660043
-0.210972200534086 -0.186117599558017 -0.266105575006329 -0.311369895864622
-0.221936442194936 -0.221259681927587 -0.313084785512803 -0.0945638019634446
-0.30943653604107 -0.19870454296438 -0.186393350340898 -0.0582885855186989
-0.319519159461862 -0.0059852736936661 -0.120361614139169 -0.0580013437661825
-0.245880229143695 0.200408220986939 -0.0292010818896759 0.00512654353054749
-0.116664441468532 0.287418476850652 0.0248427408836976 -0.0947874926328642
0.0144955112584143 0.301824492950899 -0.012788519197879 -0.16709263844786
0.118331198759244 0.257901112072513 -0.0573866134670198 -0.201845945343938
0.145086772441923 0.257674741171165 -0.0833963973745126 -0.202100029703568
0.149455374103821 0.249155952700561 -0.0835500517423734 -0.193306059115235
0.11618827181768 0.326071999701534 -0.0661326502777475 -0.176250428285429
-0.0242122361554523 0.382003511159745 -0.0118441407177097 -0.119283863732641
-0.181131992160406 0.373818506796839 -0.0152978217921679 0.00870088082754837
-0.404798981690818 0.189371824535177 -0.129077626476494 0.0470344000229649
-0.448102813920192 -0.111608546818783 -0.20364146386496 -0.062686692189774
-0.354288807764376 -0.217796418186792 -0.170470015042988 -0.228433085470495
-0.292463912068891 -0.25477660735991 -0.214830485977589 -0.00193848371679428
-0.401943592511115 -0.218290632322925 -0.105542272917504 -0.032143258920749
-0.404265238619832 0.000932475778643331 -0.106642239122454 -0.0673471508985728
-0.321593115474902 0.243826478928475 -0.0623441197777732 0.00783283515084129
-0.167148338888799 0.362915157384398 -0.0160388032224802 -0.0317827552191843
0.00401213823838461 0.381717254313525 -0.0103713685603555 -0.0616101580213705
0.135431644887627 0.329420007040629 -0.00880934506322734 -0.0856818745484098
0.166263993484241 0.320937378055508 -0.0183114834764086 -0.0909829718385852
0.170377119449476 0.304653189696968 -0.0167271124878209 -0.0828940613658537
0.134150081291844 0.385264649965401 -0.0197571037120984 -0.0747161429210796
-0.0200884945382522 0.447452032467554 0.00393531208587684 -0.0390014862597085
-0.188090552917402 0.431538275894142 0.00066671320795202 0.0441857545732086
-0.433626979587507 0.248676706556398 -0.0872324584565199 0.0755726518518001
-0.514160977571508 -0.0712244749967952 -0.119464250786043 -0.0224542593232535
-0.435544795247242 -0.211412705648905 -0.0363187042820598 -0.138390868196112
-0.326869687994944 -0.24492638196108 -0.088668498785077 0.115796173959358
-0.444029450709469 -0.1941519935683 0.00537279065058927 0.0214953797229335
-0.432483079250666 0.0277829457163217 -0.0682541672141485 -0.055981332051147
-0.337948687974351 0.262802501946128 -0.0852619803097195 0.0190088133940963
-0.179944725260701 0.384178137421488 -0.0590018809137388 0.0484784067342682
-0.00186321150589587 0.400595181489807 -0.00823057091909317 0.0657704802194143
0.135481861714734 0.348654233681711 0.03981970575144 0.0491870444463488
0.163775945670201 0.333996288097645 0.0479463115341386 0.0329196838955588
0.161972510887135 0.317766481163314 0.0536225317656341 0.0341800852197938
0.122094064107149 0.385169776409497 0.0355118468224151 0.0310850816608735
-0.0280639134709361 0.434450897932057 0.0272135186865776 0.0440527849287333
-0.179906596448486 0.403182069284105 0.0168166462417437 0.0712749208166557
-0.391007441431393 0.243186545364786 -0.0383433787608323 0.0853159208209447
-0.484324861892651 -0.0406164416880836 -0.0211860292417471 0.000679769379358591
-0.439073988813476 -0.174429228219455 0.110864439510663 -0.0534458073479119
-0.312374389340558 -0.187653967335704 0.0507629863726089 0.232142582842607
-0.404421108982577 -0.123288311088498 0.122288193432531 0.0819652291053517
-0.365923438798784 0.0603989239928926 -0.0150370245897456 -0.0237695231183843
-0.274156680603982 0.232528799657151 -0.0891306740333584 0.0383411500022181
-0.150338730723394 0.331381487506124 -0.085647506632648 0.129344359945251
0.00299227849329885 0.346621738201745 0.00207737646109538 0.187979531890616
0.117786110195607 0.306938634907725 0.0862918186698457 0.178654294302633
0.136943761547435 0.296359244130592 0.107626646879489 0.151446107224417
0.127256987097836 0.283759903871464 0.112416847018952 0.143136696079995
0.0810093339048224 0.33182214573088 0.0797161943584122 0.125538946242234
-0.0473361443284661 0.347953277460731 0.0398112257528194 0.115562283728458
-0.160502919455103 0.291804972595428 0.0194518660947702 0.0881210998204224
-0.290731340221258 0.173446885243484 -0.000596950877739252 0.0803651977974777
-0.374047206389749 -0.0216253889916675 0.0624711573237298 0.010750207990783
-0.373227605091767 -0.117704991742995 0.24234133271641 0.0196712853845284
-0.242849034713359 -0.0947929952118263 0.182431458712734 0.319255313048384
-0.277753884792883 -0.0331973251989666 0.223168045233861 0.12806488549192
-0.217036262688103 0.0742611841638457 0.0453673737677583 0.0126720121940275
-0.156337929241361 0.145332174994053 -0.0694012847795592 0.0532169044852901
-0.0944727280684595 0.211356873091787 -0.0867674565627177 0.186308836720639
0.00410499177192865 0.228460226687523 0.0212631297332565 0.27753505262917
0.0800008790031936 0.215136869932569 0.124865725438196 0.277591459464137
0.0888584200601885 0.215860900290439 0.151908161509696 0.246815916651822
0.0746801882981082 0.212302317317524 0.147181408071113 0.229902810024328
0.0285499881726693 0.233014539130849 0.0986190160188236 0.200195974287944
-0.0622174974345305 0.214202689907921 0.0321907339277865 0.166204808225383
-0.120626190853703 0.142160240936078 0.00604481686380285 0.089738474812667
-0.15315842595139 0.0851895648711091 0.0196048541612819 0.0643355843805813
-0.219089320138957 0.00101864776090077 0.11864213506843 0.0184370553013194
-0.258435255897007 -0.0485825458968855 0.336268312980265 0.0771618623807527
-0.122123858491434 0.00810446956350817 0.279653517053339 0.360096010844524
-0.0924638211721771 0.0420457400919974 0.292669745927091 0.145130344914402
-0.0320698193022094 0.0489726033667963 0.104994213659142 0.0311591780171356
-0.0325117067305655 0.0187106993132415 -0.0368886665868366 0.0468189318251815
-0.0405871355248336 0.0571180683784933 -0.0703880191525126 0.206735728803261
-0.00584113086278502 0.0783577020045881 0.0425186368611459 0.31683817730512
0.0236795047272382 0.0934558261628637 0.147601054456547 0.331527996330795
0.0263444586414122 0.102900682790185 0.173239755083845 0.304042029500659
0.0170995407943103 0.108015219189149 0.155007356319917 0.285086125956124
-0.011811585238658 0.103529681045901 0.091313892591259 0.247122767239381
-0.0513263353372385 0.0652146790935179 0.00868207761304528 0.191353296384
-0.0496770626121928 0.00458254264333339 -0.0120706041007655 0.0770757264184618
-0.00502683110335586 0.0235806291075949 0.0332347089730481 0.0439129284656548
-0.0590114631295625 0.046095953661713 0.151101956322782 0.030059016371671
-0.12450281374423 0.0317689622480359 0.38365084727722 0.117026770276268
-0.0195127079598786 -0.0893306844028746 -0.390059735775708 -0.142506080351997
-0.0842400214362637 -0.0943593869192777 -0.235836863719287 -0.0140896518983367
-0.107093389795664 0.0113618022606238 -0.0794770458731298 -0.0219991038008303
-0.0405257563320058 0.0887169828194406 0.0205696898523228 -0.018774448796388
0.0102522159032055 0.0683126342096423 0.0409740727648384 -0.162677660799308
0.0256600900084847 0.0520632923832812 -0.0510977025461574 -0.259636588982165
0.0349072698595605 0.025148127802516 -0.138736054967936 -0.303039229977935
0.0376034837389295 0.0238481089969664 -0.170515663468745 -0.313503925149331
0.046227041252734 0.0293974432470056 -0.156263253701014 -0.323657377220096
0.0447085402121067 0.0690881886281651 -0.0892720464518482 -0.298599011965271
0.00415902714319002 0.105999433602428 0.00484431335521691 -0.221433836169906
-0.0638041271526685 0.118187774778382 -0.00227083299426572 -0.0646023889811704
-0.153874582215222 0.0132397905528853 -0.120416818714602 -0.0406589638303955
-0.105525445721797 -0.113531589241095 -0.24655848963605 -0.14919513558301
-0.0356885941021017 -0.106533403686491 -0.300419956272983 -0.35762196963029
-0.126220889895357 -0.158243452037754 -0.369379273717539 -0.136210274621946
-0.201078127583196 -0.146781631670602 -0.226472559942969 -0.0449690887855775
-0.212171266153045 0.0061668981313533 -0.109003004553364 -0.0367260137730567
-0.13825076923851 0.15121253109467 0.00118362437461108 0.000778922589510853
-0.0457205871138059 0.182252335574445 0.0428474530867928 -0.133698965895939
0.0292155897654548 0.181346069596559 -0.0282219128021607 -0.229460611010852
0.0859861064795898 0.146606154689112 -0.104620703975987 -0.272597403949351
0.0997945286847608 0.149234491293376 -0.138716944701709 -0.276556263296071
0.103808831915091 0.150178504727941 -0.133775716785619 -0.275327915968926
0.0812576347435679 0.21168567509874 -0.0911691082137382 -0.251820886643359
-0.0169343139668532 0.257233540162466 -0.0119795518532756 -0.180997402084953
-0.136454615214854 0.25474946146707 -0.0167244658764671 -0.0289525332949248
-0.301644810234755 0.0979430962677359 -0.139496649967061 0.00319352405100901
-0.300633028782742 -0.129749595609061 -0.245605470593327 -0.107965460368165
-0.207292995321864 -0.179880227278938 -0.26442045944022 -0.30549387671164
-0.217107245706357 -0.2180617215263 -0.307490005545068 -0.0881109286094784
-0.309327758572449 -0.193048574207558 -0.184056428671527 -0.0542530304266418
-0.312549666288753 -0.00355771614877306 -0.122952779438872 -0.0563166110746179
-0.237345256687623 0.199314055005414 -0.0303480565018812 0.00783813899163328
-0.109638407344811 0.282906519119056 0.0197134447681144 -0.0894209145797369
0.0189814310297847 0.2956453729937 -0.0151595642186565 -0.160705926885765
0.119729458116783 0.251591629131239 -0.0592997391267618 -0.196719867521756
0.146022066721588 0.250413551886234 -0.0846592291579074 -0.197575968942658
0.149443761528873 0.243421752968264 -0.0846523781823566 -0.189867251398259
0.118420940493256 0.318591762664222 -0.0681214228283803 -0.171432596000019
-0.016857563258727 0.378467817019097 -0.0132130551030028 -0.117685990706259
-0.1709615501131 0.369434621711703 -0.0131569938179028 0.0090949634354175
-0.395557143448102 0.190863671566402 -0.124146801759172 0.0470149397718803
-0.443680268635348 -0.105001065366511 -0.199396990801928 -0.0584753541508972
-0.348037915340239 -0.210764256046296 -0.171155469624606 -0.224339210557191
-0.285578548952242 -0.250483460750813 -0.210852086388557 0.00315450030455475
-0.399048760791392 -0.211939044167246 -0.103977375057041 -0.0292185328459557
-0.396207706701456 0.00318390290947605 -0.110795288391769 -0.065681000096802
-0.312173068873598 0.241664671442153 -0.0627237230204883 0.0106907769701736
-0.158389019713358 0.357637334363259 -0.0204310890979662 -0.0269149023646754
0.00869765762555515 0.375014820567478 -0.0115103101620228 -0.057299339474171
0.136036590049984 0.320959485519255 -0.010238597170637 -0.0850949629682857
0.168822570330746 0.311952706785353 -0.0199074954380523 -0.0891417987016366
0.171212861018695 0.297253360540426 -0.0180047645745142 -0.0827463145630888
0.137018077627572 0.376625022447078 -0.0216855750574116 -0.072282443087759
-0.0121780609697788 0.440342181156905 0.00346777367826863 -0.0388776963272598
-0.179055690445407 0.426768868151869 0.0023997201605316 0.0430548764232626
-0.423270043941174 0.249196977545993 -0.0815204646460499 0.0746967839562356
-0.507166782270345 -0.0678191542308796 -0.116233701308348 -0.0187792086558919
-0.426921960083916 -0.203433014393289 -0.0396458387310651 -0.137566723367452
-0.319409810698781 -0.239344922041697 -0.0864525512494493 0.118451730241346
-0.439544934331871 -0.186156216836915 0.00500046028304376 0.0219430229189818
-0.422133450211425 0.0283233570667087 -0.0727666344257952 -0.0556179011457614
-0.328292501321661 0.260226706950903 -0.0860301279322142 0.0213699652203518
-0.171980924449655 0.379146345385652 -0.0621821647253138 0.0528734725661931
0.00391591759769186 0.392546474221409 -0.00785801439562463 0.067514057713664
0.136425216027228 0.338934905458021 0.03980848421283 0.0457247391515965
0.167379082710418 0.324711986460784 0.0467924200276308 0.0330080332997701
0.163827995394727 0.308017063155524 0.0525143197007091 0.0317624766386739
0.124939551167167 0.37752204696282 0.0345706175525734 0.0303465080186517
-0.0192939142109357 0.427792488520467 0.0276327453711012 0.0421915776777271
-0.170008045095145 0.397119134710768 0.0178343461010226 0.0701638569110134
-0.380082723546956 0.241766705090394 -0.0330675840222034 0.0840431183585211
-0.477843061934825 -0.0351862928407019 -0.019445193519804 0.0037269112267517
-0.430835112358547 -0.168333279274372 0.105408673839086 -0.0548038085156817
-0.303696612858985 -0.182594940627207 0.0512321094287871 0.231315215476636
-0.400207467980731 -0.11700691661043 0.120546933203057 0.0804702624344119
-0.358547105478526 0.0619489625635765 -0.0190900694738729 -0.0243317070641717
-0.267479599521224 0.230520613763387 -0.0894891248952196 0.0399139934178597
-0.143222671290689 0.328175036345023 -0.0865096941096234 0.132359508280467
0.00603247124021133 0.339451440492054 0.00381663562497672 0.186994994740322
0.118339633397516 0.298837153395468 0.0868786928053884 0.171587702346348
0.139065720012787 0.288897219999481 0.106884920402682 0.148971744439559
0.129452461963219 0.276512898987208 0.111097892822715 0.137905398198455
0.0846258608310912 0.325116175731685 0.0796821142482291 0.122035975302524
-0.0411109696518981 0.343073570429675 0.041460179316269 0.112435872024301
-0.154273948694455 0.287698038112191 0.0208022155484884 0.0864163099027743
-0.282107556551517 0.172492530459059 0.00305589008068418 0.0790828445048248
-0.369130263530725 -0.0172916076518204 0.0622485963888244 0.0127880903185559
-0.363950057616724 -0.113698226836368 0.234648510205781 0.0152708980542733
-0.236057965684925 -0.0914961753173915 0.180397272434217 0.315892704902595
-0.27403241393092 -0.0293367305430619 0.219929844969389 0.123651597963212
-0.211339939751794 0.0728987965118504 0.0419452957974242 0.0106998882452019
-0.152628808237668 0.142956760566116 -0.0697055750452963 0.0535555837392953
-0.090695759200527 0.209520884125377 -0.0865077669267638 0.187425396517149
0.00563943152602875 0.224711009354165 0.0240918422641303 0.272692298953948
0.0805193444761155 0.209814690498299 0.126223870138111 0.268701091599704
0.0905699789383199 0.210109664135706 0.151435403912737 0.242086429083813
0.0768423918022152 0.206596322552347 0.146674170994381 0.223216498639534
0.0320722042150263 0.228517452343721 0.0995610465262342 0.194378646571135
-0.0585036692395529 0.210378989155963 0.0345292327968288 0.161865000148174
-0.117466658589803 0.139153295652941 0.00751919334955778 0.0880761480667305
-0.147449231787203 0.083133885503452 0.0223487042679208 0.0640282029856988
-0.214274202683371 0.00320074836084602 0.117045656734154 0.0195378125951645
-0.252026143782159 -0.0455791143180179 0.327606435966357 0.0696425580264926
-0.118002810642659 0.00981902552963921 0.275810111698003 0.353888123927472
-0.0901945120245785 0.0424581128196365 0.288904706966355 0.139783605228724
-0.0303261342085034 0.0468664496718453 0.102552636852873 0.0284638164211246
-0.0336878040160599 0.0178440957653973 -0.0380207558606969 0.0458073232822637
-0.0403288400863142 0.0570591094527041 -0.068890997825594 0.205617502851421
-0.00634760813862353 0.0771182451005919 0.0451437678953441 0.311144732783064
0.0240875716758864 0.0908208784807052 0.149055149343472 0.321902309417878
0.0284946396808349 0.10056461040143 0.172930747759073 0.297575028342041
0.0197003967266745 0.105474972099061 0.155637805086902 0.277933710923627
-0.00909155544363486 0.101780751781377 0.0935585263726869 0.239566603525491
-0.0507473130952254 0.0639383308459272 0.0127905077649234 0.186142111647214
-0.0501799257175893 0.0031959503740277 -0.0109883565399946 0.07510970652342
-0.0025755413589041 0.0201002019967312 0.0346462106496939 0.0438986683591466
-0.0552599205848704 0.045617109141772 0.148063324797961 0.0293610371519817
-0.12130600591078 0.03251437588752 0.375375668503496 0.109384580793287
-0.0194852005175131 -0.0896822496488188 -0.384041655826926 -0.14095094599265
-0.0849629025462017 -0.092724961427646 -0.233380602855258 -0.0137049163646077
-0.105157332533384 0.0118387668049119 -0.0816262644606068 -0.0207695579149309
-0.0375008546110722 0.088315670653113 0.0198745423262337 -0.0163953000763148
0.0120346601964255 0.0672314846967435 0.0390101849885828 -0.159555153342368
0.0274659370571191 0.0512740401627644 -0.0530372351484334 -0.254683794672841
0.0352907797666816 0.0252179748270224 -0.139329553698012 -0.297976202224577
0.0368227240128621 0.0239693928710155 -0.169630883395057 -0.311571557037894
0.0453895329787018 0.0292201308892174 -0.156018663110781 -0.321746773922478
0.0447155488183052 0.0674216115742452 -0.0899471897228616 -0.295323604334577
0.00604310457203314 0.10569081375538 0.00372070634947073 -0.221089533227869
-0.0613414752410503 0.118516046952895 -0.000695640648809929 -0.0645024211291968
-0.153561028501988 0.0152256529534633 -0.11831126992607 -0.0412377532383071
-0.107243480060388 -0.112707582901599 -0.243220951814915 -0.149013163808813
-0.0339113569528387 -0.105102437646097 -0.296459661388837 -0.353813604984288
-0.123073988549449 -0.159053600932421 -0.362479968461102 -0.134749737310102
-0.200447586732937 -0.145023644595564 -0.22422076753846 -0.0437686268892925
-0.20880375989797 0.00619994054096918 -0.112080365136498 -0.035118731586909
-0.134489363278953 0.150028173243566 0.000813382216255116 0.00340874786174404
-0.0426415171928191 0.180236581568948 0.0404271080164008 -0.130308654711855
0.0306279340413329 0.178812661427004 -0.0298458654453154 -0.225209464833435
0.0855908454889975 0.144777271045616 -0.104377603908713 -0.26896276198233
0.0988483900945286 0.147717675706918 -0.138164314783439 -0.274779434277693
0.102782428270271 0.14857077437114 -0.133932175657011 -0.274406758820337
0.0810932476141021 0.209120648252192 -0.0915611226391248 -0.248201260288321
-0.014336909971176 0.257212334874127 -0.0123447907318187 -0.180922227089929
-0.132672283782278 0.253606441247868 -0.0146132009382528 -0.0286422312242021
-0.29930480741856 0.0982196615504319 -0.1365227496444 0.00191224283829467
-0.299801435384089 -0.128899557931035 -0.242548654780433 -0.107725427702524
-0.203267935080776 -0.178416190107384 -0.261180309718677 -0.302704397962759
-0.211880795406671 -0.219144749821413 -0.303359210643219 -0.0853024259810235
-0.307469373623492 -0.19086381077415 -0.181812567746611 -0.0520068049804491
-0.30920879295485 -0.0057674952639796 -0.127338735242189 -0.0552519337665775
-0.233654255558449 0.197209284909746 -0.0306922299749733 0.0111833589497652
-0.10663419632967 0.280574211017604 0.0173670929350793 -0.0850997154271982
0.0209680688664362 0.292725918241854 -0.0164952301682409 -0.156853396689426
0.118548628752436 0.248611314132516 -0.059987140942811 -0.195213946299633
0.145598256224126 0.247898538833713 -0.0848440014992143 -0.19579274489616
0.148072585737623 0.240900555823415 -0.0850181688091319 -0.190023057032028
0.11725911024701 0.31573418033293 -0.0685935742338411 -0.168839867057942
-0.0131061124039923 0.376615039199362 -0.0136303665783547 -0.117385477115088
-0.167803825856156 0.367266258628099 -0.0109287889314628 0.00875235398726377
-0.39272284336007 0.189352052412885 -0.119730227551128 0.0453832785761505
-0.443257201176563 -0.105928596046878 -0.196501711668939 -0.0561031841708314
-0.34249102666377 -0.210064739076084 -0.170755099123614 -0.223606776827826
-0.278817929214617 -0.251523471142807 -0.208059223139338 0.00566107758782431
-0.396120307763691 -0.209916055524526 -0.103067328172956 -0.0279366720509892
-0.391404378024384 0.00103185431006465 -0.115330739339512 -0.0650556543484039
-0.309565187334181 0.2387987150113 -0.0628789193755164 0.0132200619205195
-0.155866307953305 0.355093474071531 -0.0230036703163008 -0.0217930739658921
0.0097573243087635 0.37202818465701 -0.011816748778991 -0.0538016351325435
0.135555744879794 0.317570694231221 -0.0108133456422545 -0.0853886635574463
0.168608827856672 0.307660035740515 -0.0203516978996875 -0.0878239912861376
0.170111964147687 0.29474307954752 -0.0184686750334465 -0.0832570169753158
0.135590061559101 0.373813316259364 -0.0223329123507984 -0.0707750322207704
-0.00986789655717924 0.438207908332667 0.00346561050332747 -0.0394137779131821
-0.174796719972151 0.422421169654226 0.00352990219802959 0.0426647951795304
-0.418889656052156 0.247718069952369 -0.0779678240701484 0.0734720166694141
-0.505170513775214 -0.0663476555274228 -0.113258149522993 -0.0162062463690246
-0.419525901515312 -0.203725242427305 -0.0410688272177342 -0.137712350478072
-0.311676743012891 -0.240818797653073 -0.0852408939614849 0.120533776537411
-0.436742958181571 -0.18424218122983 0.00491945851784397 0.0236244118143829
-0.419204254320965 0.0247255993186078 -0.0773722660247919 -0.0548533286514884
-0.325029807814294 0.256114428309207 -0.0866957047037932 0.0232886132346803
-0.169323265477246 0.377267897519571 -0.0645479540116118 0.0578948544253658
0.00415254739290286 0.388838716304587 -0.00771208059194548 0.0699213893298518
0.13521616871043 0.335227650048728 0.0391630064945304 0.042952182840284
0.166728368311851 0.31957710981746 0.0465280083332389 0.0334451305149084
0.163929186490511 0.306081934061882 0.051403474010044 0.0303320859953012
0.125619299721189 0.374716093248606 0.0342259199579288 0.0310674009169304
-0.0171648795953275 0.425399765601514 0.0278447946639602 0.0408244315937294
-0.167734166975282 0.393436458703333 0.0187523235101864 0.0693139399128756
-0.376858652466646 0.240624337392143 -0.0292767783730664 0.0829679098165404
-0.475293961427044 -0.0364047369256505 -0.0176339709427461 0.00580467815262452
-0.422383404117941 -0.1675139967851 0.101937180269905 -0.0558638704846422
-0.296846535924439 -0.18431776087288 0.0503676554542541 0.233432835276567
-0.397316442955084 -0.115418994354571 0.119483358309117 0.081371033042368
-0.354108334004008 0.0576069719308678 -0.0232833573956094 -0.0242190079380875
-0.265654117667316 0.226929803905082 -0.0903378370040984 0.040723714117628
-0.141728219227329 0.32650430338614 -0.0887902347014629 0.136110925747786
0.00562500080252611 0.338322847782575 0.00395848840014494 0.1874026035595
0.117168552201786 0.295529394406301 0.0854388840838847 0.167159013906715
0.139368610593893 0.285115898152421 0.106069801934451 0.148695872554013
0.129454181792626 0.274371975018929 0.110125213800955 0.135622395326545
0.0853221937611549 0.32297788279215 0.0793763342967542 0.121567162482453
-0.0381710606758594 0.340504396735266 0.0422121510493741 0.110355092250244
-0.151797078672407 0.283862537898608 0.020813801507772 0.0855462110348915
-0.277767409136246 0.169086604159753 0.00634472636699058 0.0782424601219856
-0.366325787476082 -0.0190800602024172 0.0630708556671875 0.015425415815179
-0.357194744465385 -0.113764476982977 0.229762755271196 0.0131047041623782
-0.230756415078382 -0.0920507147189212 0.176827943858316 0.317040942580346
-0.271818071577237 -0.0283243386817065 0.217457537141905 0.123755954126623
-0.208718670115674 0.0702845485373479 0.0385315783822755 0.00991040737576643
-0.152356471656199 0.141044284402012 -0.0711684706113769 0.0532741164025102
-0.0900864490020476 0.208237503249665 -0.0877871740346006 0.189272058647261
0.00458412680143071 0.222826957457989 0.024517385199739 0.272324584178177
0.0792887585207654 0.206968146197921 0.124569449561979 0.263762722852008
0.0910129628378931 0.206992151237534 0.151173387800625 0.240513911708566
0.0781292243376926 0.204262026192775 0.145361058980547 0.220208670719322
0.0333688021286099 0.227041826930588 0.0996713454291592 0.191539321350301
-0.0567928445098022 0.208916498008946 0.0360138822592781 0.158665364750812
-0.117175443148868 0.137103515467761 0.00832205929106254 0.0865677221224123
-0.143547401743759 0.0796540733970154 0.0245353663364732 0.0640945835294076
-0.211300498875831 0.00213804656339932 0.116581175643097 0.0217566406400213
-0.247510796089147 -0.0459435923525094 0.320612825956465 0.0678372661570607
-0.114895251776717 0.00991416424905753 0.271164870845623 0.356495106674142
-0.08898157809214 0.0423903717603274 0.285100408083591 0.138912595287039
-0.0296476015539412 0.0452937805398981 0.0996954733436381 0.0274476736925751
-0.0346910524766858 0.0172371990682378 -0.0401949325467324 0.045795552076025
-0.0406643775966576 0.0571369432489936 -0.0702677936752476 0.20620247287609
-0.00712806114044184 0.0764409815253369 0.0455833988835075 0.309386556475595
0.0237769386460828 0.0895746315244767 0.147417826069236 0.317480005252405
0.029100102531082 0.0986615311159389 0.172500474919752 0.296716714437512
0.021002442514342 0.104167466901417 0.154178266532762 0.274123804293285
-0.00787679433980117 0.101322629204455 0.0940262661477858 0.235210984118704
-0.051156690811144 0.0631664263629975 0.0150248083676221 0.182270300699801
-0.0513407230003074 0.0019145184236183 -0.0100765392016 0.0737341327601253
-0.000274400132244658 0.0167827532924059 0.0359067967613093 0.0447707717575027
-0.052720853940926 0.0443779728363906 0.146899709292968 0.0314638839208459
-0.119762695858179 0.0320706191880532 0.368232529087987 0.105895531277387
-0.0199443783023586 -0.0912358762792781 -0.38558221678265 -0.142731766745031
-0.087047271074119 -0.0930008804843408 -0.234867737903657 -0.0142423150547035
-0.105180753655078 0.0129703222521892 -0.0849130325279747 -0.0199707272980425
-0.0352326780335152 0.0889928222081851 0.0209580747394751 -0.0143369400584107
0.013623397097688 0.0665956293824678 0.038241950478022 -0.159580136561722
0.029692198206295 0.0510694214520489 -0.053905901537238 -0.254708329111915
0.0361920456248224 0.0252295023876534 -0.140545735082525 -0.298170822928141
0.0363359352502442 0.0244667736368765 -0.172620776609012 -0.31584267456056
0.0446733378309043 0.0296817199349963 -0.158424160854136 -0.326604730835977
0.0448896492863839 0.0676455304973601 -0.0915976389397045 -0.298568777937921
0.00814578131194937 0.10839912124891 0.00353357441621909 -0.223457340030573
-0.0604072633041007 0.120566787745744 0.0011356791363685 -0.065001341599131
-0.156024838215439 0.0169084209644239 -0.117275382720015 -0.0424063878790147
-0.110415048816819 -0.11405644801593 -0.245136669291324 -0.151966741390821
-0.03260812541065 -0.106353840548326 -0.298814581963854 -0.358311963460116
-0.123132589125502 -0.163338207503021 -0.364343259114057 -0.135258169882028
-0.203423965628101 -0.145951797348758 -0.225706332347191 -0.0437681018331935
-0.210401648840118 0.00464142389222896 -0.117261656983466 -0.0344709125378754
-0.133322895972123 0.150875575195602 0.00184090228511329 0.00614734634710935
-0.0419082613329341 0.181796860885799 0.039011131103762 -0.128582331219853
0.0333136427537612 0.180437942315188 -0.0309592567182015 -0.224762730425977
0.087192762647594 0.145661161518636 -0.106052497085996 -0.269959538651142
0.0996331615729041 0.149309913073426 -0.140310719021589 -0.278571657478729
0.103204193531589 0.14985517056938 -0.13629048342549 -0.278820549967901
0.082005033357947 0.211002789914563 -0.0936606254317306 -0.250097368479305
-0.0118504095204333 0.260358534934584 -0.013490562054945 -0.18346424631786
-0.131708406616325 0.257121763735729 -0.0130162295399215 -0.0289018021291859
-0.303172109945015 0.100829842061548 -0.135936260288471 0.000900529168050069
-0.30536159020234 -0.131143791615429 -0.244500406676398 -0.109240367154246
-0.202360777435722 -0.180629179768868 -0.264603457749764 -0.305955498258787
-0.211208784492539 -0.225105679964332 -0.303398233226045 -0.0855536179945514
-0.311263673075847 -0.194109310934144 -0.182627226951413 -0.0523218021222052
-0.311926886841401 -0.00843234780216632 -0.132936456257718 -0.0545233577241015
-0.234251367427108 0.198136789395468 -0.030824122661893 0.0135648321195597
-0.106499556391305 0.283467105816993 0.0153427537800109 -0.082132972528198
0.02249872809107 0.295677586676344 -0.0170130319684385 -0.155599579047719
0.119817891806689 0.250410372892094 -0.0609186430291173 -0.197331931137924
0.147160845421614 0.249684859310156 -0.0855512194483718 -0.19845403019919
0.149396236682261 0.243911933306117 -0.0867285357859034 -0.193625683097089
0.11848801634285 0.31894372048794 -0.069899769489251 -0.169290910423006
-0.0111272101079443 0.38214729906817 -0.0138847819922194 -0.120129202263535
-0.167444775237211 0.371104989546893 -0.00967432241625109 0.00901839734348531
-0.397112118400341 0.192304019249078 -0.118396115445966 0.0448030950224956
-0.450983081260989 -0.108398265620582 -0.196501659680935 -0.0568006124791306
-0.342553405793777 -0.214000929562751 -0.174037738061351 -0.227515948988303
-0.278435879253768 -0.258777873413907 -0.20847498503039 0.0073660079265879
-0.401770094697321 -0.211869022459754 -0.102529216546656 -0.027132757662643
-0.396900545238426 -0.00393052435686872 -0.122045853319645 -0.0644577407638564
-0.311631044330538 0.23879309258823 -0.0642006646557123 0.01598843755945
-0.157031514626866 0.358379384280306 -0.0258540616921345 -0.0178904190988894
0.0118757799101314 0.375540619285838 -0.0120141138970523 -0.0514116097410572
0.136553396201354 0.320181065103288 -0.0113213809591228 -0.0878004859900515
0.171548483568189 0.310142292476384 -0.0204779822959448 -0.0885629067061996
0.172215712727803 0.298834261717909 -0.020022926065366 -0.0849459685883428
0.138283556411522 0.378648285933721 -0.0222548940861304 -0.0705038868770419
-0.00765061591532324 0.444977300761562 0.00338623274660138 -0.0406688214734799
-0.174278423041143 0.426709715591429 0.00531116244913569 0.0428195187615467
-0.423584531631027 0.249975897123924 -0.0756169236815817 0.0730123483589136
-0.513819300190747 -0.0695953687439308 -0.112690811190725 -0.0144252269347476
-0.420403562728961 -0.207656458781665 -0.0431848352923501 -0.140472885427361
-0.310983640465023 -0.247881116753659 -0.0851001885581126 0.124792511790821
-0.443081546497574 -0.188414471442965 0.00628037931324542 0.0250950601652467
-0.423308876545835 0.0225976349807698 -0.083169370110905 -0.0548492081227994
-0.329612070198136 0.257433239537111 -0.0889262485687915 0.0247936587336447
-0.171254963171646 0.38051600094285 -0.0680488914036472 0.0625150027172448
0.00389201916821805 0.395639187975558 -0.00750979439000024 0.0732977987836506
0.135927786047107 0.337856555850062 0.0383059139860008 0.041339961133736
0.168441874571874 0.322890847513785 0.0470047101632653 0.0345594203562771
0.165383892789156 0.308506303335092 0.0509234738287777 0.0295458083531261
0.127455124936457 0.379884445355171 0.0342654778238561 0.031888397694501
-0.0148046595561005 0.430415114487742 0.0282822131457391 0.0402141052669969
-0.169852431717554 0.398344485646794 0.0202070892246214 0.0694662625094828
-0.379332085379743 0.241184557394917 -0.0265280946868753 0.0829792007656737
-0.483098495314925 -0.0389879927169241 -0.0154277305742901 0.00866915301208459
-0.423393684208845 -0.171640603197946 0.100436694522212 -0.0573292959529825
-0.296537526779744 -0.190481203022553 0.0507042008055961 0.239683343484455
-0.401303692123378 -0.117911371026031 0.121569683654196 0.0829066193567944
-0.357275711018914 0.0559297444755537 -0.0279105007588847 -0.0248223904898515
-0.268792659361808 0.227398938240023 -0.093203245666726 0.0426133642021721
-0.142565628807343 0.329395685367622 -0.0920493067559679 0.141813142387437
0.00522911472478124 0.342544825207338 0.00431492087060882 0.191605434388987
0.117671917458163 0.297675662099601 0.0849851285967649 0.166372525911021
0.142011403898682 0.286603891823969 0.107526980097464 0.15127719248496
0.132223523202242 0.276483964320177 0.110593981801112 0.1364730701755
0.0874287514517186 0.326206805189647 0.0805635121980885 0.122712693894519
-0.0373059971910711 0.344723811016054 0.0430107224130783 0.110021301855455
-0.153359196361586 0.286541061105635 0.0221925256066297 0.0851794645105314
-0.27960664555965 0.169293442377704 0.00907741457630499 0.0791210458030712
-0.370049942564168 -0.0204992939101556 0.0655341027620082 0.0188633281318004
-0.357983954523606 -0.116765042436452 0.228593467924541 0.0119970025709946
-0.228903122471582 -0.0955328136098677 0.17809100320155 0.32544426676098
-0.273774145368934 -0.0283017481367928 0.220147033596618 0.125614466860903
-0.209530092921009 0.0692498586667108 0.0357142733798031 0.0099597130386194
-0.155393601487664 0.141397302270431 -0.0745789392614007 0.0543598025432054
-0.0909509654730376 0.211583522168746 -0.091528489225942 0.194973187384081
0.00440037343886139 0.226360531562472 0.0245633080236542 0.276521654745297
0.079024984955504 0.20947083257449 0.124316146572161 0.264403127240691
0.0929369426693279 0.208366625577195 0.152059434822358 0.244096465937293
0.0796418702616397 0.206720418720533 0.14675990487786 0.222248296342396
0.0347520262327096 0.229302656046752 0.100479178333791 0.192115011592685
-0.0570276316010728 0.211230847914267 0.0377015211277563 0.158146207529627
-0.11901409922088 0.137357795430046 0.00900657737321592 0.0870538500105539
-0.143757650408974 0.0777215102925876 0.0272626094430907 0.0653235359413165
-0.213218773310433 0.00166253122931665 0.119083594853602 0.0244916827859711
-0.248121244022252 -0.0469325829180566 0.321330528593018 0.0668530257153526
-0.113528328105278 0.00885560028408151 0.271904991791199 0.363757111150817
-0.0891600004365473 0.0429377027139618 0.287469150606095 0.140559599580871
-0.029064467943104 0.0447514945136886 0.0991286834889653 0.0272952262365386
-0.0365279224185763 0.0171769170957533 -0.0432791112779458 0.0464971432459111
-0.0411294600976692 0.0587016900143086 -0.0733717048172723 0.210515361592097
-0.00844102032243172 0.078294782205374 0.0462511505316271 0.313484603014595
0.0232780549094146 0.090458270143978 0.148193884524712 0.319084177103214
0.029886322577508 0.09949387693076 0.174003156692435 0.301377187471557
0.0220967669878013 0.104810024511721 0.155452170871112 0.276473987649678
-0.00699213782781199 0.102254446720359 0.0955639332632437 0.235648569869763
-0.0526651113332725 0.063530520662471 0.016427649926166 0.182201046716096
-0.0535677411327563 0.00124533462390021 -0.0101179397445587 0.0732923089568567
0.000926288243282259 0.014094161507259 0.0380275063946463 0.0461183088234613
-0.0525428833007576 0.0447288850916466 0.149835342204687 0.0339698587024371
-0.12060084828604 0.0332343787301683 0.369394942678764 0.104083916345616
-0.072760442243667 -0.0639006809118382 -0.405138971137563 0.124201322318782
-0.125056528415986 -0.0214214696189767 -0.203183748583154 0.133647314468667
-0.0783568484881855 0.0725598430704473 -0.0846240970098751 0.0423809376373284
0.0249582072252574 0.0904874268230316 0.0127941511241207 -0.0204929798807444
0.0502445044850798 0.0451247840115365 -0.065296094285511 -0.150016011376774
0.0550273452517534 0.0227470181158714 -0.199778950940258 -0.168615057143785
0.0439173406261958 -0.000654890106696129 -0.30105709008268 -0.154763802011776
0.0438974867399346 -0.00212226633703939 -0.337613506624113 -0.149269874869863
0.0518598509716364 -0.00416891946436876 -0.335509614794544 -0.165021300634316
0.0779945310259814 0.0270387764932782 -0.261751761739622 -0.188275280159546
0.0759516453562149 0.0820318964394245 -0.137145289792017 -0.184851326115407
0.0262577505852626 0.138406234116855 -0.0382660143727621 -0.0568061714254145
-0.123135305025868 0.118531921009139 -0.120671068080481 0.0372651017210189
-0.171319403617586 -0.0216303330307517 -0.295088191700253 0.0308837499261834
-0.100782105319813 -0.0731706398159335 -0.472798449376833 -0.101104550022733
-0.199531794162221 -0.0664385965169113 -0.387150751254909 0.124510633935328
-0.24987916845782 0.00262360845743146 -0.218508872124556 0.105652604264002
-0.169679366495423 0.127188912611292 -0.122540826711118 0.0544642885078814
-0.0184172440933512 0.196428761638113 0.00971423316024655 0.0144570552541688
0.0739239740869289 0.170423666061168 -0.0436858869281135 -0.12260364227894
0.135894111519363 0.125141494641863 -0.160336841583442 -0.156084537866502
0.157614098338954 0.0650883523886874 -0.254414866481167 -0.153059339140111
0.173395170548683 0.0594745868600603 -0.287469779753472 -0.139372320616532
0.17694871512601 0.0594407028156643 -0.289419087043831 -0.140731174919499
0.199204965423056 0.121887612103053 -0.234427503866408 -0.146871785722177
0.156197793257256 0.22218731083964 -0.123676912555172 -0.142614481061994
0.0512983179460886 0.296709997000681 -0.0262355131381174 -0.0198027492003628
-0.193005356666887 0.284569021643263 -0.105709264909811 0.0816501620363803
-0.34558758833771 0.0910175663684824 -0.26653939526934 0.0597748061630011
-0.291629075710814 -0.0258770327307381 -0.405193523565004 -0.0870594922667671
-0.307906323779718 -0.0697887402183125 -0.309648346118985 0.135813112470042
-0.36434040605441 0.026758273850251 -0.193894924476587 0.0750460322074685
-0.260879186807052 0.175747912202019 -0.151760613460019 0.0522038236906504
-0.0728621228087285 0.293187610848929 -0.0127318425657788 0.0453472582191599
0.0822051972204584 0.292034876013563 -0.0322791598634476 -0.0675525775478614
0.197729026915567 0.224778279757731 -0.104664214831135 -0.105586041165768
0.247556682133096 0.129170034288822 -0.170576537193464 -0.12223417881662
0.275306806471134 0.111711889832362 -0.194765518753156 -0.108121726557293
0.274214775113673 0.107584275450771 -0.196258294634144 -0.10174938206953
0.29800595589732 0.187777040400843 -0.164638916640651 -0.0950289321051773
0.234360168449889 0.321977320503448 -0.0838507260465079 -0.0921995467937753
0.092404280070366 0.414766408323868 0.000274601917848223 0.00704344259749174
-0.212600241613289 0.422781967757991 -0.0630913041573252 0.105139236968391
-0.451975085848603 0.203237519989529 -0.193522135130914 0.0676923513372025
-0.428966484095249 0.0366697377078556 -0.275312424098412 -0.0841694029731089
-0.382418678375034 -0.0603846172260711 -0.17627578917221 0.157048496254781
-0.446744868135925 0.0630401804142472 -0.115896665052901 0.0481237310529038
-0.327337164103078 0.228480916476525 -0.151351810532136 0.0406568324980863
-0.11213929171707 0.370957554386637 -0.0398132577562013 0.07305517963312
0.0855840943765371 0.382954345220116 -0.0252703862839322 0.0130475166616804
0.237149691007113 0.297719095936709 -0.0352740592326982 -0.0221462595488014
0.303640436603351 0.174640746976224 -0.0608374502239687 -0.0634496601124217
0.332739817261067 0.147260761152419 -0.0731808341838467 -0.0596814616473846
0.329079683027643 0.138386746744172 -0.0747635545685062 -0.0554531244222563
0.35261061416672 0.223207673230924 -0.0639987672780219 -0.0433436430700785
0.279404923176334 0.373776280460914 -0.0201294530619883 -0.0402832780682453
0.121487777326184 0.466269826611935 0.0337573219441521 0.0246323844243661
-0.197884976148496 0.489012591935475 -0.00936235080009877 0.099401526174922
-0.479028360805911 0.277091649883209 -0.0980369814922399 0.0448805802148432
-0.488282371089399 0.0930899046807159 -0.109843129930233 -0.100361494974312
-0.401199916239777 -0.0329639137305941 -0.0019334918900223 0.178845048242992
-0.465322152609539 0.105741161895233 0.00401595288724137 0.0243367589444139
-0.335069844249212 0.264720747857045 -0.113717470103636 0.0270130040844441
-0.117402101056439 0.397750885037551 -0.0548472785359419 0.0975423267381257
0.0886586499683609 0.409668983744184 -0.00956306982328104 0.105032218828368
0.243508631587773 0.317685182989091 0.0459959265974557 0.0761890493542493
0.314434149074332 0.189582233351843 0.0614180430369398 0.0116715074788138
0.339698937033672 0.158065385454236 0.0586722565309907 -0.00120681608238832
0.331405077085123 0.15143199587652 0.0558826253733658 -0.00612001947513741
0.345702470220938 0.230754983380918 0.0464756787656869 0.00441382842843278
0.264786258100412 0.365975504769188 0.0511341284940355 0.00994840439865178
0.10822397945825 0.436743317212613 0.0619623883357408 0.0383681332735475
-0.165997321190197 0.450008666092417 0.0361544719906361 0.0779865688193655
-0.429647325696069 0.28041126553486 -0.00421027612031922 0.0030717850987482
-0.464868763570161 0.12821605806658 0.0598011092961258 -0.125947413966805
-0.354884658195192 0.00749735012661247 0.183298837815522 0.187152022299884
-0.390570501866948 0.137264545753414 0.136400671101159 0.000633212036321462
-0.26039780626937 0.253790403147694 -0.0462312708626439 0.0161991249529617
-0.0854144275169788 0.338453497256068 -0.0476871422672909 0.111241452809017
0.0812442293898579 0.351851249889179 0.0189444497122984 0.182458788738634
0.212848682110267 0.274737786039184 0.128796457457059 0.163186581410474
0.275264821775031 0.168374587931393 0.177537209049527 0.084050342854908
0.294676330936715 0.145628938143263 0.180811733770392 0.0561003303730024
0.284230175116288 0.145201668939091 0.171554233730112 0.042662695162464
0.280414515952053 0.213080918976515 0.140847860549836 0.0493198018424022
0.190222979691451 0.309647505601904 0.10652014991326 0.0575321620878574
0.0503610696012499 0.334883029563074 0.0738200420692416 0.0514463915094952
-0.126871172625441 0.32265021370016 0.0625610255748688 0.0531273469756828
-0.321457617185564 0.221564723075589 0.0675742118148168 -0.038246431958347
-0.372649451210999 0.132268359988046 0.205782958930457 -0.14965218214616
-0.242633114377727 0.0487575615919628 0.343730423315839 0.172855405628275
-0.2355500868598 0.134245957638572 0.247745328069789 -0.0262218770096936
-0.130120788291335 0.177880715203412 0.0311215181772824 -0.000793850973899522
-0.043630382909459 0.20347803059161 -0.026453732522339 0.103369867048912
0.0529766685038284 0.225582404738426 0.0500424928271194 0.221395519817235
0.140889955226126 0.181275314610426 0.195570261664988 0.215684514970597
0.191345373738923 0.119865079545598 0.269339388875984 0.139106386412629
0.206573348914992 0.112278940951307 0.27519298330929 0.104094959514053
0.197563216816353 0.119242282176319 0.255901876827748 0.0886831723104822
0.17609314451021 0.165821183352006 0.200930369325325 0.0929859904871217
0.0881064050650588 0.212285862766966 0.131472175170374 0.10097301385929
-0.0141614940737161 0.189229972441857 0.0632601311799917 0.0630762996153398
-0.0717269859792337 0.156565689617706 0.0673313927081583 0.0328734337531511
-0.175195282602503 0.137076897383203 0.114779260104549 -0.0632557800457449
-0.232559107008889 0.121436533932972 0.311677120018416 -0.161955879765102
-0.0856399640229663 0.0716635278028837 0.449049736158558 0.137104513912154
-0.0445844664197017 0.0845347257674174 0.317851582348468 -0.0603887848170241
0.00386759070605107 0.0516062604262958 0.0977226534748818 -0.0342512934224423
-0.0201910499073658 0.0358744877173034 -0.00827884931035157 0.0691586846698356
0.00261718064940157 0.0724817278136623 0.0715835873172568 0.220130752651617
0.0414598191516334 0.0688675825895679 0.232704982509179 0.227693240757017
0.0741696560517456 0.0575424362625377 0.322199860538666 0.168475747228006
0.087840366406628 0.0620682424759653 0.328922230706259 0.136562686279493
0.0871888970504994 0.0720700672442384 0.298475640952302 0.127421716282179
0.0604478696491793 0.0880859492499151 0.223366196178246 0.131023921922174
-0.00272284863203576 0.0878147548943134 0.127380564110116 0.133950314830714
-0.0456654558711243 0.0351897127102141 0.0388427355219528 0.0652926508085942
0.00988806398830723 0.00823915087003969 0.0622960547613501 0.0124647776848301
-0.0124859605672828 0.0684197693061756 0.143652867360129 -0.070469583945464
-0.0737111224031249 0.107732243005507 0.370324579030611 -0.158979416024075
-0.0786982061769795 -0.062812674106982 -0.412166700430525 0.141899582413389
-0.130878721213325 -0.0150696665407909 -0.204390314338418 0.14629520214404
-0.0777678136636521 0.0783936041746226 -0.0866331350079437 0.048947630400396
0.0305375346229386 0.0903511908005426 0.013897471251186 -0.0211202680628
0.0535650031049453 0.0428045066121074 -0.0724360554056157 -0.150514421127997
0.0579301000237454 0.0191996773480267 -0.210926939320716 -0.163038213888161
0.0450036052704623 -0.00315329594467374 -0.315419828339565 -0.14483575290731
0.0450413940279721 -0.00341355421508961 -0.355514961151288 -0.140183579891753
0.0526693963194024 -0.00521166883036587 -0.354287496269033 -0.157274711867579
0.0814163353171407 0.0247035657382987 -0.277807489970141 -0.182774433344538
0.0834484843535319 0.0809758493556179 -0.149109961753747 -0.185251375792046
0.0337851143986747 0.14058068462094 -0.0402054595044653 -0.0586629631349929
-0.120751611946937 0.129238738617741 -0.123224308114528 0.0407080411044938
-0.179245635605639 -0.0136284292886292 -0.303763803337142 0.0429068268365786
-0.105845254293873 -0.0732675006614722 -0.491144093793765 -0.0860134015050128
-0.209601089603917 -0.0631235469410027 -0.391899194146807 0.141501873572978
-0.258475530109887 0.0147957180890607 -0.21976355164562 0.117510395134588
-0.171059559627216 0.137239279288732 -0.126349922151016 0.0643578950547623
-0.0100421617083146 0.201676707792662 0.0131220824106204 0.0143170695506523
0.0835308450196877 0.171189773526524 -0.0482801097753418 -0.121446418736684
0.146134705268691 0.12165040227271 -0.169686036474012 -0.152034291983985
0.164727265100448 0.0599523140771374 -0.267525560168014 -0.146851887044513
0.181110448503366 0.05422285023227 -0.303633528694506 -0.13217637803274
0.183762788488584 0.054844553243461 -0.305905441774492 -0.132665838870206
0.210355433053612 0.11734847168632 -0.2472826116621 -0.141352173742614
0.172695846356122 0.220945971787977 -0.134295962059594 -0.142576628057448
0.066282301176237 0.302519850266136 -0.0261558228055637 -0.0210094615922401
-0.187547070741787 0.302165629901151 -0.105566697293484 0.0865256586570127
-0.354984814264721 0.109737934348987 -0.271487050324225 0.0714437744908636
-0.301028847550938 -0.0193762029345906 -0.421358136660382 -0.071417851486991
-0.322543816393274 -0.0641765785490866 -0.311233719889966 0.150669744790602
-0.374968200603225 0.0421550956061285 -0.195421985381815 0.0837782134924901
-0.264319619785754 0.189316999328789 -0.157260268318061 0.0643762114295395
-0.0633681880794878 0.304078610922495 -0.00947041212609077 0.047824089753944
0.0971194416392352 0.296254139592887 -0.0347411359665453 -0.0645873235733392
0.214335396955528 0.222547894766264 -0.109955185186359 -0.102910842471127
0.260469891400416 0.122640531873122 -0.181890823915323 -0.118545909254142
0.288493291532239 0.103567554300844 -0.204974337230448 -0.10409158923338
0.286764546602575 0.100172975582572 -0.208139455326711 -0.0964648935120181
0.316209269185979 0.181550846524344 -0.172928852686583 -0.0906817934471801
0.257293707869294 0.321917218623962 -0.0911596982097161 -0.0921126240355876
0.113364338412068 0.422336637576846 0.00196365383328082 0.0064462102835962
-0.203468504229255 0.445195849614408 -0.0594151220366576 0.107840220611134
-0.459059559955458 0.231919242919009 -0.194684612633001 0.0770769956788283
-0.439897226678659 0.0517999587873378 -0.288821743912782 -0.074291262338183
-0.398806656719255 -0.0537919824244951 -0.172248908015329 0.168036463578312
-0.460478401163068 0.0828213599298292 -0.116224186243566 0.0522158087314043
-0.330891776166454 0.245328866422337 -0.15717698880196 0.052626548077482
-0.100732311327031 0.387423656521211 -0.0363757343449405 0.0773875772158645
0.106145732788584 0.391921985268653 -0.0236954289747781 0.0182611060860707
0.258058975318393 0.297904878759706 -0.034560370692356 -0.0201166633906215
0.31987295350959 0.167947592584082 -0.0676843602461485 -0.0632304988916649
0.34912279011745 0.136870913267166 -0.077686435243905 -0.058977955425826
0.344488586953497 0.129192131132404 -0.0801672898185518 -0.054105378677938
0.374381166186312 0.215991667553684 -0.066367497463581 -0.0419987074100428
0.305836746683143 0.37137706027494 -0.0232993453803969 -0.0410580756316559
0.14406553819513 0.475402971963067 0.0363423465068563 0.0235287586125487
-0.184320798038296 0.512112607500269 -0.00413870276699852 0.100096223860154
-0.484869687764392 0.307050239638992 -0.0962600858273267 0.0495683559025191
-0.497636116231224 0.11052032365871 -0.119665553878297 -0.0970246154868023
-0.417112334901831 -0.0247972319905204 0.00868244574660415 0.184160203233881
-0.476967903209524 0.12719440012674 0.00657350308050573 0.0231398458530972
-0.33675980213697 0.283941900391019 -0.119616733428797 0.0373393374715518
-0.105888575707362 0.41334073579162 -0.0510546225011384 0.10361428746139
0.109246932336787 0.418773730677855 -0.00384970965075598 0.113445155310688
0.266611935206208 0.317945839369395 0.0530519407714822 0.0787623824516573
0.330996865037575 0.18294634839517 0.0607389788546113 0.00846940821857107
0.356119394219444 0.148691224866754 0.0605262251700837 -0.00408236377724859
0.348249386908891 0.142330689310698 0.056295528372921 -0.00859175397501845
0.366721937309415 0.225259481956245 0.0492199590614497 0.00238717104697578
0.290006742495554 0.36689552393886 0.0518843173620762 0.00803034347691277
0.129065120599492 0.445312599831516 0.0660000098331063 0.0358306485215238
-0.154048020158225 0.470231442638019 0.043161356003641 0.0755299020607509
-0.434276806370532 0.309116397319452 -0.000284188931058068 0.00169420926064412
-0.471938159974032 0.145728772523653 0.0535987399562811 -0.130440707981016
-0.367081781433315 0.0154230670827441 0.199250668220889 0.185881083357059
-0.397189586489391 0.156874347591209 0.141401742243406 -0.0070600294682169
-0.259449814703325 0.268367755480366 -0.0497284006281011 0.0218681299995989
-0.0758088777641165 0.352052795411528 -0.0449728932429379 0.118735595543933
0.0991144889903043 0.359417312815659 0.0279023878951856 0.192034439887586
0.231601039053834 0.275964689991008 0.141073329192606 0.164326983248623
0.291520433520518 0.163104903684033 0.182645305920302 0.0789174446065539
0.310130488143712 0.137828936382597 0.189405767882156 0.0504587192639518
0.299598520469076 0.137913648747871 0.178198100296672 0.036874425956715
0.299175527383613 0.207286320693304 0.147169393084375 0.0441017699565347
0.210518600002464 0.310455237520047 0.11157852542234 0.0538207291019868
0.0650880896338956 0.342767623315924 0.0780984292486575 0.0494845745436724
-0.119464636997567 0.336140258216622 0.0688073421856564 0.0496622372389864
-0.324348476996812 0.242324756466893 0.0725747749465733 -0.042741585038242
-0.376550306277579 0.148192227413534 0.202546204101815 -0.161022028229184
-0.249691453519407 0.0559267986056372 0.364064007570971 0.166483782894266
-0.237170596595729 0.14807638034353 0.254519543079178 -0.038286990120207
-0.12757610330782 0.18506089694951 0.0304477565911036 0.000976271764973419
-0.038092567103718 0.211828774979403 -0.0229799765433837 0.109457579993462
0.0646089583702584 0.23104376790187 0.0616518052608429 0.230814544518738
0.154438799442911 0.183015321996462 0.211064009528735 0.215635381923397
0.202359947604361 0.116413803481617 0.28047169450844 0.132689699204645
0.217746746406633 0.106543920319587 0.289110981923588 0.0968460383242146
0.20910713672867 0.11417319616607 0.267232977596578 0.0811983983541163
0.189482241567313 0.16242722490267 0.210769493011799 0.0864043852687794
0.0997632091342917 0.215127913823883 0.138691311515357 0.0967632470582801
-0.00797871649425355 0.195302217117641 0.06736596535367 0.0614025598729732
-0.0696877014506956 0.160948676292085 0.073768447483385 0.0291867656254009
-0.175806348162031 0.148194974929046 0.119327749547039 -0.0697757655576745
-0.23385712382094 0.133253772043049 0.310776362987662 -0.178357051259623
-0.0848267638074598 0.075437218307013 0.469927794826936 0.126668417878504
-0.0413594573283695 0.0884761388914062 0.324867492616686 -0.0756190939052937
0.00572103920062414 0.0509659017751997 0.0982527953513709 -0.0377800631278048
-0.0200861015694482 0.0383388770555084 -0.0067695806677288 0.0739010833254782
0.0064541423597885 0.0756575330226393 0.0833458841634422 0.226652575116995
0.0458604186438867 0.0707417809078182 0.250231111232012 0.226990182941353
0.0793498381618699 0.0565725711146629 0.337566546174286 0.160601733407084
0.0932642298052007 0.0604149892689798 0.345870205987933 0.128562894046003
0.0927136735545497 0.0693652384725343 0.312402486291044 0.118949395567977
0.0672306931055914 0.0871590643963204 0.234880434402993 0.124113675732232
-7.49745137709026E-05 0.0916929227323662 0.136393735096111 0.130181862428268
-0.0475429031077668 0.0390791083375315 0.041672803390989 0.0642747957275234
0.00813184286058258 0.00482397905912129 0.0677206653634287 0.00929807950418988
-0.0100342382715563 0.0697635468117602 0.147794965834895 -0.0791692938935972
-0.0702084312633958 0.114237720323925 0.369763122463892 -0.177362843533361
-0.0836804614441323 -0.0586194568827704 -0.406409788625394 0.166640078888984
-0.133709270832592 -0.00563408267955608 -0.196062245879771 0.160841801436609
-0.0739114719631419 0.0842555013865219 -0.0853387910033106 0.0573271744383583
0.0370706764952909 0.087936635493411 0.0142778272820522 -0.0223800911788628
0.0566487144944327 0.0385870283053991 -0.0822195996187906 -0.146487721769776
0.0593002151654176 0.0132988648006054 -0.22115022144028 -0.150343768429468
0.044658429923687 -0.00691419894154745 -0.325993989715209 -0.125471380078702
0.0446189503390598 -0.00577139352690869 -0.369370755565385 -0.119860296878524
0.0517412896576096 -0.00760090014182899 -0.369534451414538 -0.136452459268964
0.0835884588393685 0.0195869219703477 -0.292508886402009 -0.167944192839937
0.0906067330383977 0.0743503190360245 -0.163427809808833 -0.178636307530822
0.0451403392989907 0.138951868824 -0.0427206953156853 -0.0588832411789243
-0.113230109946858 0.139394028584886 -0.123018995548375 0.047401701478019
-0.183219912147191 -0.000446353581100834 -0.304361811840617 0.0622761276777869
-0.112300513930791 -0.0701970926030408 -0.500492691594472 -0.0576103209197599
-0.217693170922493 -0.0532412450356061 -0.386094369978246 0.165301530221755
-0.261020224987594 0.0328042278944994 -0.21382028937422 0.131721819041159
-0.165025889881685 0.149138590433924 -0.124538206299034 0.0765594175521593
0.00295617199825062 0.202599531013611 0.0154847413716568 0.0134510831161944
0.0955835111550948 0.166587876462302 -0.0551907603735291 -0.118473343586203
0.15640038858805 0.111502203324182 -0.178575097125937 -0.141419098630851
0.169766136955714 0.0501165710569183 -0.279612611156268 -0.129018359859951
0.186033389392371 0.0433737274451908 -0.316655956341814 -0.115418572735417
0.188347502938687 0.0449401715905212 -0.318638684738626 -0.115236857738622
0.22066224478894 0.105365984092422 -0.258282260354457 -0.12752493274422
0.189903612883003 0.211447060048271 -0.145289754470478 -0.136516661593518
0.0870330537375387 0.300423866370454 -0.0259207279519969 -0.0214096116867658
-0.17044249805722 0.318354163748378 -0.100924391839026 0.0915255480304823
-0.354269643729351 0.13562567170104 -0.268896704468032 0.089331786716886
-0.304681465156531 -0.00444732229834991 -0.430255238847475 -0.0460661061337501
-0.332515019332967 -0.0486704850847457 -0.303378348210257 0.169374948417157
-0.377545698657368 0.0678419270326715 -0.191457096393057 0.0950888644232475
-0.257919999292424 0.207160823054366 -0.156498051161247 0.0793046681967018
-0.0451098847846201 0.309599362426968 -0.00444039424387746 0.0488853331178283
0.118243283878472 0.292547306194566 -0.037279324636336 -0.0609787269356766
0.23212659900098 0.209746023574328 -0.115069280249115 -0.0959501237056245
0.270106545937241 0.107988985634805 -0.192694305561978 -0.1078806418313
0.298058273866251 0.0864421013623975 -0.215033713056502 -0.093269498857369
0.295487031878251 0.08446832428369 -0.218049711184103 -0.0846365577062601
0.331669546670933 0.163727363874604 -0.179513058177625 -0.0810491789081856
0.28200498315724 0.308227136695809 -0.0990719844865551 -0.0881418235701226
0.140838354122323 0.420606149245036 0.00400997102270787 0.00403883423971055
-0.178063896383199 0.463531371024617 -0.0524641452160814 0.110089082190852
-0.454065747196291 0.265945551353904 -0.189573487878962 0.0888189344354832
-0.441213692599236 0.0728006936108377 -0.297452425569345 -0.0566822453987889
-0.410022921291908 -0.034270291258383 -0.161135527620685 0.178793553804725
-0.461539545968698 0.113650633493192 -0.113204752740524 0.0575580057981392
-0.323238565297612 0.266026694949204 -0.158121425058597 0.068423492590157
-0.0790556909514496 0.397375925614712 -0.030023539236581 0.080593044185475
0.133122837595573 0.388706919656184 -0.0209338525947147 0.0239485279321044
0.281397444696416 0.283226651604901 -0.0331776072235025 -0.0165742001459887
0.333338534592762 0.150264008253381 -0.0750345671860845 -0.0591492511658473
0.361617775896114 0.116481192944548 -0.0828202753613144 -0.0552027142052816
0.355753850263112 0.110253072348808 -0.0851865080280493 -0.0496961310045021
0.394247852719793 0.19524468040283 -0.0689913675480684 -0.0380132249751056
0.33515356882768 0.356788452837162 -0.0273356643255908 -0.0403875682386201
0.175821038279215 0.4711322338821 0.0393365601869252 0.0202678503794768
-0.154706936597008 0.528155336643233 0.00340831080734642 0.0982366798167929
-0.47308332696833 0.344700049676804 -0.0901923585059756 0.054907451188431
-0.496910141959096 0.136545482367639 -0.129418001951028 -0.0887316554903514
-0.42755074597726 -0.00497514084521629 0.0231876039795581 0.184338278737736
-0.475800290169741 0.159200657543196 0.00836720506403424 0.0197714481299312
-0.325952018174594 0.305816287419991 -0.12004259337158 0.0498768158259897
-0.0828799376897015 0.425466011136538 -0.044047004001176 0.108194738056173
0.138461810376064 0.417919820223153 0.00514256839842231 0.119278396256528
0.291928053318633 0.304851730878806 0.061903194322409 0.0770895905242515
0.346291302825789 0.165533927922497 0.0579258807967703 0.00590317217029533
0.370081180548159 0.128418533366526 0.0613608624423346 -0.00854340476893403
0.360457921030302 0.122421210769857 0.0559391328514725 -0.0123009589178979
0.387813640778036 0.203015233536397 0.0508504918101922 -0.00121801382905898
0.318002049937872 0.350874799364536 0.0517801196863853 0.00407963458986348
0.159279157114478 0.442774423360891 0.069460632012553 0.0313781785263303
-0.126380067141279 0.484411188753087 0.0498004344486776 0.0703090154187518
-0.421520258750044 0.341200926758417 0.00415405800884516 0.000841472212322947
-0.468932805347741 0.171010618887196 0.0434434519656085 -0.13252462943744
-0.372157843755389 0.0339396699557077 0.217510921782866 0.17592660364644
-0.393373635107281 0.184169041452948 0.142256261950062 -0.0179447241318562
-0.248021824604652 0.284307858539232 -0.0505237549848665 0.0297653401654919
-0.0567920918416787 0.361279967264627 -0.0368650772790035 0.123356364390616
0.12403330336303 0.358670523250446 0.0424621425180069 0.197616982636347
0.254479536742639 0.264624355960496 0.155380643766935 0.158492360700305
0.304410001601549 0.148126138056288 0.1862995429654 0.070122846983607
0.322759089076837 0.120627102024931 0.194797838114767 0.0393151029943335
0.310898533915702 0.120226745109246 0.182465685994716 0.0259489523308896
0.316731473081203 0.189356639732699 0.152394450766453 0.0345964161499114
0.233731322906557 0.300792925624169 0.114403741055468 0.0472442134641709
0.0867225189252486 0.341983726749278 0.082194453818893 0.044413565441182
-0.101457557686738 0.345226089392943 0.0759033016174456 0.043090481153255
-0.314388074910467 0.266505406326243 0.0746640168565985 -0.0495030326558925
-0.368790215913988 0.169068568404828 0.190830634932076 -0.172197948812154
-0.250432351683042 0.0687428244165479 0.382145901344854 0.146232853285939
-0.231296687187854 0.164908052422802 0.253251752342954 -0.0571744138844054
-0.119391432481609 0.192609711671462 0.0303429403482665 0.00238975344538793
-0.0263353311494301 0.216594384190918 -0.0160347807487915 0.113131945171577
0.0812731380651399 0.22998453833011 0.0781010890324316 0.233953502224588
0.169203389085927 0.176756961661736 0.228935158466128 0.205670609937594
0.212423446250486 0.105714157831731 0.289310971556593 0.11808363337052
0.227541027484713 0.0945823133679652 0.299001054231227 0.0804944576792152
0.218188151590074 0.101941745726128 0.275018700775444 0.0650939916636743
0.202383649578338 0.151264326574142 0.217763298000086 0.072522720659242
0.115012049472563 0.211532651443569 0.144941012352383 0.0880712295135038
0.00234746152722904 0.198191745581279 0.0715561086816253 0.0571017245617651
-0.0613153036540984 0.164147428843977 0.079499526943523 0.0231332165542267
-0.168710166967084 0.160540122699028 0.119027088248489 -0.0795661517712272
-0.225844785098243 0.146517316979802 0.298003112519759 -0.196400174878355
-0.0813507497897317 0.0796939174880647 0.486344668020211 0.101695421712349
-0.0363093368726519 0.0918910303983419 0.321614134620938 -0.0976798235380491
0.00887250751980729 0.0484806113759497 0.0968679107091808 -0.0425084838598506
-0.0187327604596205 0.0407880708787235 -0.00235751611269023 0.0775244611771481
0.0118354821205978 0.0767608764444412 0.100046142558874 0.227720345773984
0.0519101028639276 0.0699613430530012 0.267463914922308 0.214931691822494
0.0842499985849919 0.0534199758535784 0.349579108856349 0.142846246507916
0.0986428004092524 0.054985138663154 0.359524444448418 0.109510062226162
0.0988519544492585 0.0635803515699841 0.32344157836122 0.100282470968239
0.0727810131794722 0.0834543884674727 0.244056898208782 0.108604753493123
0.00556428192156946 0.0938857561655826 0.145091000668138 0.120536622751085
-0.0478605553532715 0.0432325162534672 0.0455036515146767 0.0618961861949681
0.00649889613728016 0.00159930157052918 0.0721121866916687 0.00347627807311477
-0.00526450994261183 0.0696232682272774 0.145667463580521 -0.0898956170656833
-0.0619590783619225 0.11934185985169 0.359024019343834 -0.200060683535577
-0.0866993052669213 -0.052023956134956 -0.389084090640782 0.187061822314306
-0.131775657722381 0.00429304108708677 -0.180999055483396 0.170510107677517
-0.0672064993584863 0.0879168481202737 -0.0811939189983325 0.0648663105292341
0.0429646469769657 0.0830480436686689 0.0137115829901446 -0.0231325726380832
0.0574857608699176 0.0332667234197799 -0.0894588455064193 -0.137259969601527
0.058526380679009 0.00755360208262877 -0.225287864331135 -0.13350014268582
0.0423899072226718 -0.00997060592648131 -0.326963071144418 -0.101487095179087
0.0428077558458761 -0.00801888311665457 -0.371968769328109 -0.0946874579909522
0.0497261053619893 -0.0101267235288224 -0.373518751422329 -0.110795581942099
0.0833219845685833 0.0142590069309456 -0.299016058243051 -0.146872512429017
0.0949363407395888 0.0656497682910126 -0.17232830596376 -0.166155692651141
0.0544734624137065 0.132914189966829 -0.0441700566173683 -0.057366070066635
-0.102428997199978 0.146357616347767 -0.119239289469821 0.0524090328511061
-0.181604492347835 0.0125683129094379 -0.295854585957376 0.0809321306813
-0.115562136332987 -0.063544308818444 -0.494637991756554 -0.0266708841597094
-0.219979458222237 -0.0400321433255601 -0.368540947196034 0.186230388456346
-0.255594565390736 0.050455064773676 -0.200289777500271 0.141905902839028
-0.155135699346605 0.15690648183161 -0.119401921932036 0.0867367277488996
0.0160288088834434 0.197684237785472 0.0177942775236937 0.0114434859616422
0.105006151020166 0.156961864128935 -0.0606804050630694 -0.112072618078315
0.160513420519872 0.0982340452124583 -0.182560656276026 -0.12715930076915
0.168995405342733 0.0381899025473932 -0.283066291717438 -0.109108887005056
0.18537569663803 0.0312380777598322 -0.319498041884286 -0.0951942181430542
0.186905267240875 0.0336042370977669 -0.321701965869554 -0.093865019824422
0.223819083967314 0.0897886120260251 -0.261840823473873 -0.10894949238067
0.201236188583602 0.195332441951464 -0.152537759320751 -0.125899645232443
0.105059011373571 0.289261424669495 -0.0250863330257709 -0.0214180081586033
-0.147607277265641 0.325296660582751 -0.0941696568192753 0.0938523763112988
-0.341465238504732 0.157911547870356 -0.258243848126422 0.103868343473475
-0.301493231979521 0.00996930235966497 -0.424941646173989 -0.0187740706992707
-0.333638335674568 -0.0298068148200904 -0.286046306462958 0.182636067191456
-0.368402075920085 0.0930885478825627 -0.181872174936349 0.103173743150166
-0.243517505794221 0.219361718123484 -0.150118232529264 0.0927958324264145
-0.0253469217278159 0.30670760952576 0.00018581960251327 0.0470180103233529
0.135155390461223 0.279347042081941 -0.0389520465473563 -0.054930389311095
0.24267949897159 0.190983661285773 -0.116497545884049 -0.0868283550544921
0.27179073905131 0.0893010859882059 -0.197731637219893 -0.0924643732099348
0.298591936686143 0.0663824724581319 -0.219049262666017 -0.0791882090500464
0.295451799999277 0.0666406778364978 -0.220085029846281 -0.0696833285016305
0.337743241279389 0.140446598224818 -0.181009404985143 -0.068991891640028
0.298549817946184 0.285797402780718 -0.104427707828072 -0.0810676924957789
0.165859613552803 0.403249547234131 0.00567545793013404 0.001461813725925
-0.14640442974448 0.468490749892555 -0.0440000241204969 0.108989154652018
-0.431007935231514 0.291988284849171 -0.178614202111608 0.0987342983845838
-0.43265829554966 0.0941723953879341 -0.296975285720044 -0.03596538597955
-0.409796712125769 -0.0111804848725412 -0.144932082766433 0.18316853855856
-0.448997936132098 0.143063847357025 -0.108134799265718 0.0614617549500482
-0.304849478532116 0.281353365456896 -0.152512584877458 0.0825973370362862
-0.0540663710776374 0.394432378095829 -0.0230102421205621 0.0802875933452087
0.155811852328928 0.373653112439383 -0.0168731806506876 0.0280290790331724
0.297098173915946 0.260061172302331 -0.0306383248436644 -0.0141760710125996
0.337685610227516 0.128532046905449 -0.0797032942715066 -0.0513826911989245
0.363877758520187 0.0931324613640111 -0.0860646642669432 -0.0505844571991345
0.356824549962574 0.086891713070922 -0.0875182084742284 -0.0435329179753283
0.401481847917472 0.167617872343 -0.0692005643100773 -0.0344030256368417
0.353639306750479 0.328842315151989 -0.0309520035429335 -0.037958618453686
0.20322520923317 0.453155585588002 0.0414076869686134 0.0155159388904086
-0.121205189157237 0.530318431610335 0.0113662234656884 0.0929781501334688
-0.446502256763189 0.371788859995204 -0.0818325365587976 0.0575730864746281
-0.482449021434107 0.161756305786491 -0.133397766730574 -0.0777135216470519
-0.425739912843351 0.0178181373847764 0.036248577950306 0.177962787987722
-0.459089439762094 0.187301480362957 0.00865168427389263 0.0161432433910549
-0.306904276820471 0.319707540575116 -0.116029036586311 0.0621865580868183
-0.0551576323204117 0.422979022502687 -0.035667903302179 0.108644053083221
0.163440452681759 0.402724253437846 0.0151541434837224 0.120698863621612
0.308808697215185 0.281216725004087 0.06873567617974 0.0720743239061654
0.351978546587383 0.143000416912608 0.0548481896432874 0.00448207539216693
0.371436238400707 0.102345986697787 0.0595629257721702 -0.0126036905229729
0.361836159809904 0.0989396230736699 0.0548263226178905 -0.0162248566405725
0.395225860072382 0.176234107837244 0.0505124166462044 -0.00508990938554726
0.337325149782652 0.325977526785843 0.0498116014898657 0.00128693663596339
0.182808566960169 0.424725969433068 0.0711662916678917 0.0250972688817739
-0.0946993903786759 0.485232986791119 0.055728333233568 0.0621209829351503
-0.396732686271894 0.365739567683969 0.00836335656328939 -0.00221658615526877
-0.450707676064088 0.192241594421359 0.0326939531931985 -0.129976019367231
-0.36884343834849 0.0539824241225325 0.226925321553964 0.158433800586864
-0.376281215738658 0.206592004784945 0.137374572759838 -0.028512779045883
-0.230388649398943 0.293808334619845 -0.048181541811329 0.0376772986055584
-0.0341248980134151 0.358404259385032 -0.0278602649858629 0.123675687618699
0.14643503060059 0.345836066416925 0.0565103986891416 0.195652280136387
0.26854636899494 0.245547238896636 0.166048051949455 0.146856384405762
0.309527223711091 0.128259712867256 0.1848724492468 0.0587676895694918
0.325128251875043 0.0975378742293452 0.194946979615568 0.0265289685935653
0.314223855378041 0.0995337183414061 0.181346943138695 0.0133143227018016
0.325250232118539 0.16490537061043 0.152154836562723 0.0231289592774177
0.250293921280203 0.280846326867047 0.114409595833881 0.0387273035826956
0.105735012924333 0.330762107883848 0.0838194391434367 0.0376771815394645
-0.0793380450093434 0.344054880235045 0.0801213648533594 0.0338247607689593
-0.293184886166317 0.283619400668248 0.0738798887825539 -0.0557846324665453
-0.351642091485226 0.184456095717848 0.174433478456814 -0.177720542406745
-0.243488938705868 0.0803873974971037 0.387362793081371 0.120983843303765
-0.216306379798597 0.176287037254592 0.243946253101483 -0.0725192612640119
-0.107735101149386 0.194820918237703 0.0299918062524044 0.00383647149805722
-0.0136188664916698 0.214812611015213 -0.00840241731556408 0.113618239025408
0.0953963512376003 0.222097014048702 0.0942400392483911 0.228497811108827
0.179512855463394 0.164031751050068 0.240515584309014 0.189138595252873
0.217144700381408 0.0928330860609312 0.289920350995912 0.100468593066519
0.230641919841152 0.0789721902190684 0.300930524627997 0.0608780551628397
0.221566511715808 0.0863924482318391 0.275059674347584 0.0467172601776379
0.209845718606822 0.135037499900358 0.218470546490807 0.0563976744354395
0.127199962865034 0.201146396920866 0.147305497695506 0.0765030145709777
0.0135124508452236 0.196222744077245 0.0740667264173036 0.0515193568960765
-0.053013620866933 0.163804341475142 0.0823397012943688 0.014016901830319
-0.156135299244361 0.168335650131335 0.114267598686048 -0.0872671980689142
-0.211079645892104 0.155506599902939 0.277163775597112 -0.20710422925388
-0.0748016282228902 0.0820394648367298 0.487779551574375 0.0717268437911417
-0.0293133605463915 0.0919695594271024 0.308350943470639 -0.114631045888126
0.0102522116344577 0.0456084989969644 0.0927822915246058 -0.0464597321980152
-0.0166491414145334 0.0412524412534345 0.0026900419647522 0.0782987373143388
0.0174985468685845 0.0753162814185567 0.114650686153266 0.22139227799342
0.0567772176012336 0.0666335099505882 0.278850846021668 0.196588861150622
0.0869781825546349 0.0483042677609579 0.352034336195348 0.119713788005484
0.101285496782665 0.0476892349432575 0.361425848991752 0.0859398846749145
0.101419947122389 0.0556198956524377 0.324040024220354 0.0787314049700999
0.0769432165675945 0.0767275207467912 0.244882544145549 0.0902966410528432
0.011417113020538 0.0928441609783014 0.148550975211633 0.107997035546206
-0.0459624659448358 0.046848967907368 0.0478456165809868 0.0576663056652426
0.00408365378536074 -0.000953407860735344 0.074048848498082 -0.00370743984798692
-0.00088565477181912 0.0683877438280965 0.139324616624886 -0.0994498429695434
-0.0513153482358766 0.12100736807511 0.335777270795967 -0.216017265913592
-0.086939119485952 -0.0460723309717919 -0.366370417713422 0.195800927620535
-0.127089391231295 0.0116300285989373 -0.165418612814144 0.171331068776449
-0.0615301661975103 0.0886676247378267 -0.0754287878664314 0.0690263335393819
0.0459533566481593 0.0769887727489145 0.0133030189033259 -0.0226836212948051
0.0567508104718531 0.0290100801552774 -0.0915362118736055 -0.128024112083796
0.0554466406342687 0.00327547002080754 -0.222429988231453 -0.118160304785273
0.0393476412597227 -0.0116435140980217 -0.318154608721378 -0.0835358509397034
0.0404541164162328 -0.00876632855447999 -0.365223474720973 -0.0758289264102629
0.0468320054961287 -0.0106763266432531 -0.367184838429757 -0.0900920459946293
0.0808779518694962 0.00962588217844476 -0.296798738515008 -0.129439892411349
0.0949545209718293 0.0582117063226771 -0.174624739424531 -0.153907322855708
0.0596423457647796 0.124873854083746 -0.043870569293942 -0.0557037630309925
-0.0914742134602177 0.147612297040613 -0.114009458711134 0.0545447942152773
-0.175472000610314 0.0216584019433764 -0.280837600517447 0.0909854029251114
-0.115936346680918 -0.0587053970382258 -0.476382948104065 -0.00650842963402448
-0.21589035613295 -0.0296378091524553 -0.346178239028339 0.192068035059446
-0.245096232591244 0.0617159856121952 -0.186325022944551 0.144211202449874
-0.144274245400034 0.159011719184622 -0.110979649992398 0.0933417665823008
0.024928002407905 0.189658247110947 0.0188968708707171 0.00922660075528083
0.108570108558585 0.146438954104013 -0.0625788888693831 -0.103929873914889
0.15899856193338 0.085783077424181 -0.180545917813392 -0.115114311987289
0.16422990074909 0.0296688916710802 -0.277746431071397 -0.0909616531036192
0.180342381867407 0.0230092308702753 -0.315076080212033 -0.0777977919918108
0.181918247589445 0.0265461151889552 -0.316286319958529 -0.0757313561842001
0.220403607001752 0.0773170521190903 -0.258122481418404 -0.0947197688486854
0.204100204739576 0.178599296597484 -0.154255740913076 -0.114951230542579
0.114474850260998 0.273749004068057 -0.0229763806461442 -0.0224961685221846
-0.128392294323154 0.322040109049547 -0.0866360965856661 0.0930463338595856
-0.324701099462334 0.169557141470731 -0.242743202939577 0.111622338586195
-0.293100064320727 0.0192284299292398 -0.409515004478323 -0.000242002753175172
-0.32715999162829 -0.0156666752927991 -0.267217681694154 0.186454719851353
-0.35339344625335 0.107565766689202 -0.170250498820915 0.105416644051289
-0.228494720938389 0.222326687689619 -0.141130136539022 0.101548835390357
-0.0115369553791043 0.296461259999767 0.00327117882181401 0.0449906684459209
0.143480984185656 0.264310369948647 -0.0378315190484211 -0.0492223158065845
0.244063800364545 0.17185105345414 -0.113558964419139 -0.078654767383226
0.266429786840175 0.0756124921544211 -0.195512542155573 -0.0789319039529701
0.290982855997605 0.0517195913119799 -0.216765104846388 -0.0677967504313079
0.288116282409092 0.0532040395944997 -0.216718472805701 -0.0578416871853235
0.333718806563526 0.120262699885883 -0.177566910298674 -0.0592796169804122
0.30383948884325 0.26092098809694 -0.105627061462194 -0.0733744415860531
0.178134636257987 0.38160487306676 0.00762101234245022 -0.000825098489215148
-0.121861787744507 0.461110867271595 -0.0375430585248303 0.103702453665712
-0.406420475192698 0.304834055502919 -0.164932807814901 0.101742470800988
-0.41411277474564 0.105563062996056 -0.287510809958655 -0.0214979866760115
-0.400884240227017 0.00532438673343034 -0.131481179355257 0.180961146693342
-0.427846652881083 0.158827707255431 -0.102371372886119 0.0608071613282923
-0.286955430193069 0.285199865573312 -0.143272379569374 0.0920348077288932
-0.0366202437711089 0.384145341134219 -0.0181646271284312 0.0775936396786117
0.168365449976491 0.353682940449437 -0.0129313219960802 0.0306882151009588
0.300895399539242 0.23647232133826 -0.0268983316573269 -0.0125284079868135
0.332334123729121 0.110542269229992 -0.0805924017157055 -0.043908095195262
0.356559386060292 0.0728492552973366 -0.0867807315350539 -0.0456530646449656
0.34941106873054 0.0705196463090192 -0.0866726921453194 -0.0392094773945401
0.396811966184193 0.144808372574177 -0.0675590757500672 -0.0310467076402465
0.358422509649339 0.303390807783023 -0.0322603339297129 -0.0345233840527473
0.216502433545904 0.427889707803259 0.0420424911601026 0.0115041980434388
-0.0944752597552423 0.519886287163239 0.0159786473819685 0.0852371075997852
-0.417432145569298 0.382731243481925 -0.0732905647266603 0.0561322006114804
-0.459302383843617 0.170984027642452 -0.13260013202247 -0.066968259549515
-0.414650799381379 0.0340553399425208 0.0451133212406062 0.168011336250577
-0.43620363924567 0.202769692728668 0.00836709651342228 0.0133818977155243
-0.286998855529534 0.321074120483956 -0.108959602613899 0.0710549952031975
-0.0371292198829736 0.412561142755908 -0.0293131886157041 0.105937035702826
0.176378324393501 0.382903283753035 0.0228237579604092 0.119722921552013
0.313892819182083 0.257923165788143 0.0731552697908813 0.066485595394107
0.347606349296547 0.124031405820543 0.0517927915222606 0.0043181923842774
0.364944168667951 0.0824053466282497 0.0564143079973001 -0.0154238974833505
0.354577629118239 0.0812533115600188 0.0523784782010463 -0.0184999210746179
0.391799341851387 0.151115399099443 0.0497339060239779 -0.00842149284243207
0.344149702748101 0.298964890891299 0.0477886912886225 -0.00121483762180205
0.195085423009733 0.403140506547804 0.0715091446753199 0.0201302023057402
-0.072016399514423 0.473828519283021 0.0581756486586631 0.052914211923515
-0.368256523162306 0.373937029864486 0.0113444484640426 -0.00525246743141758
-0.428732843192904 0.200101731171607 0.0249812440418048 -0.124042404065832
-0.357396285784557 0.0659118258234936 0.227686347858563 0.141729654336171
-0.35509395419371 0.218292042280266 0.129858598251157 -0.0348383357762891
-0.214131548796749 0.292776428286919 -0.0438084239870624 0.0427154212937844
-0.0198549225988682 0.34806536354194 -0.021812003531075 0.120948132949531
0.157515930983696 0.328458487560401 0.066308809787315 0.190303713482365
0.273479210528502 0.225746541772115 0.169760112981586 0.134455975039579
0.306727270880193 0.111874143382938 0.180111154360437 0.0519522829419457
0.319746759004519 0.0806828640746166 0.190723249009988 0.0171487586526275
0.308507494148596 0.0832341423561292 0.176459131589376 0.00498783232264072
0.322827084789206 0.145272356952625 0.148441209689005 0.0140629661413423
0.256042155893426 0.261068683987779 0.111792454485219 0.0322770898507718
0.115877613406927 0.316285238798983 0.0834174007504376 0.0318859006897558
-0.0633964565992874 0.335964665420036 0.0805445971486063 0.0243754567922766
-0.271854393105012 0.288743879708924 0.072180930984363 -0.0598467039471507
-0.331928336658397 0.190209935198083 0.158916324667623 -0.175493176810695
-0.233885683514548 0.0870676827365545 0.381229201683587 0.100130314578358
-0.200392186263438 0.180363317596239 0.230246394961243 -0.0807740413132083
-0.0980693843075457 0.190768306753061 0.0300090627122844 0.00527651030870154
-0.00534898379482803 0.208519357731745 -0.00352531465342483 0.110534987700003
0.102996449031644 0.210589802887182 0.104050325788329 0.220150754980367
0.182695728368545 0.150619626664605 0.243791301000968 0.172412709356409
0.214628770751933 0.0811076643593251 0.283761906817676 0.0862976778732755
0.227200768704612 0.0658053730158993 0.294931902077412 0.0461083913793793
0.218398105076007 0.0736563856706599 0.267579776656657 0.0332608598540709
0.208944407719001 0.120158195415735 0.212744090463661 0.0436779393093198
0.132804512537373 0.18940125887553 0.143914215154615 0.0667499557084219
0.020393732511679 0.189458526657207 0.0732125799960493 0.0463151626632378
-0.045963421741602 0.159525958325019 0.0824118143956765 0.00616138548983966
-0.143284369124592 0.169802995064643 0.108271164707036 -0.0916428998581041
-0.195870277506348 0.156844851667539 0.256763559825921 -0.208334818120533
-0.0691126230901344 0.0816463499772561 0.475631531558422 0.0495523427927918
-0.0231118345912598 0.0902962082077551 0.290403098580725 -0.12283459896707
0.0104012764072909 0.0417695153573262 0.0878703480612594 -0.0478464514970147
-0.0152665378785893 0.0412119973462737 0.00591082600505038 0.076600361428575
0.0211236933261822 0.0722327700645328 0.122962267968318 0.211310411403571
0.0597280259152765 0.0621931187870266 0.279695276650062 0.178108668971773
0.0868079820928149 0.0432580994341342 0.345471397570171 0.101659921296704
0.100515130971054 0.0412564360927144 0.355683037347942 0.0678433402883264
0.100772893839035 0.0485273342767029 0.317287132815605 0.0612577590097286
0.0781280672425301 0.0702962780308196 0.239189932926674 0.0758008058348877
0.0154475749406088 0.090157478934633 0.146570337511518 0.096233330192636
-0.0437252304142515 0.0489581736981434 0.0478186441337699 0.0533132868795924
0.0014493790255855 -0.0028677222890644 0.073017701525645 -0.00979880063552073
0.00255210564196696 0.0654430678240167 0.129989744447986 -0.103111581022909
-0.0421655777916408 0.118737193144642 0.311478862362582 -0.219604946666607
-0.0589044018404407 -0.0792598039585138 -0.407152965739427 0.0370209290718568
-0.116650549803883 -0.0424112574606374 -0.214089739423369 0.0932668788328295
-0.0913114510173371 0.0540914248418021 -0.0914842358379601 0.0383259761072405
0.00910317917350301 0.084904536434429 0.0272038268206437 -0.0162466000544246
0.0377285107187853 0.0493964509709488 -0.0280473496169547 -0.150918344699604
0.0471604990923288 0.0236975103935753 -0.146589614855535 -0.193721269159379
0.0383934174524269 0.00448615544022673 -0.247974765654318 -0.20031498596153
0.0382807110772239 0.00861362378341875 -0.295041016869769 -0.212005812030273
0.0425178282199908 0.0111800391211322 -0.290395028736512 -0.223786378749943
0.0662983822148 0.0408767174461795 -0.212068910786733 -0.231670457634691
0.0603501963353887 0.0876363980539467 -0.0914759264841292 -0.204391244216766
0.0060227669303876 0.13296895406526 -0.0155379615814154 -0.0666024995625801
-0.137840824922645 0.103565241630643 -0.126010630534665 0.00143501044257298
-0.168753415791814 -0.0387316712093652 -0.287163469387704 -0.0346383830482653
-0.0918871627173608 -0.0952362981214826 -0.416080467128451 -0.201468620089686
-0.183787154295415 -0.122936805157003 -0.38226345756055 0.0544049400341977
-0.240206977202003 -0.0480334746705781 -0.220170734259762 0.0666411575663838
-0.194923665477186 0.0816462029268048 -0.129057059702033 0.0529672841982562
-0.0569576844434708 0.173595881377593 0.0254442643319996 0.0181466431826689
0.0350897327417501 0.172897287040785 -0.0047564817425866 -0.117937654345266
0.105181017462233 0.137717026395776 -0.105097694632761 -0.175116052421368
0.130716859385979 0.090898872574828 -0.206886404555605 -0.192238333698527
0.150588137882119 0.0915265406736657 -0.249351941721292 -0.194330575533329
0.149108277913892 0.0969851183369323 -0.250874631972383 -0.189217068083094
0.164937034834013 0.153730288284074 -0.191813119381227 -0.18333724179584
0.113895833062938 0.236863060658909 -0.0894332540613854 -0.160752307579667
-0.00193091967857104 0.287387579141334 -0.0121078588977171 -0.0271748987779919
-0.235605622066022 0.249080356924962 -0.119350269683473 0.0456964431383794
-0.355038891302816 0.0411018137825592 -0.268152440456516 -0.00625902176965328
-0.279480292244748 -0.0885515473766779 -0.35998102833597 -0.178672093461412
-0.291438816121146 -0.16020497243065 -0.305152089596566 0.0920998788519131
-0.35376879466456 -0.0551464509842327 -0.18919108059789 0.0439851149049127
-0.296154286051476 0.102933332648934 -0.155706571203406 0.0546672763132605
-0.133690218394334 0.251614553949021 0.0029261621256155 0.0473329986133463
0.0174420727621619 0.29009565155658 0.00187992712851062 -0.0597457461973898
0.145076229827369 0.247474378223053 -0.0553027702967377 -0.117454483887449
0.202645062469101 0.17228281026128 -0.137904522357646 -0.148158379259779
0.238486701091404 0.161041299451443 -0.166839924140847 -0.147023826008332
0.234810849495024 0.161765427901488 -0.169303168420557 -0.132830128979339
0.250181382284163 0.234498464902968 -0.133730218077263 -0.117862278085148
0.173197523403073 0.34865926622805 -0.0628985796972761 -0.10347853807653
0.0140317819425202 0.406572629503332 0.00477901374184566 0.0058614515652157
-0.280503127236966 0.37721926738027 -0.0827615581585404 0.075800641629722
-0.475673647984972 0.131216058010798 -0.202334144052639 0.0115122230344133
-0.419023975465739 -0.0560906233918546 -0.244553064808452 -0.153240937012908
-0.366450679496625 -0.175871402155684 -0.178380382091963 0.149770090884893
-0.441487319221524 -0.0408477909816424 -0.109373199259028 0.0355685750100973
-0.374516200353307 0.133870513146489 -0.150491493335266 0.0502168684083123
-0.19259522610985 0.318040496936111 -0.0249191073973766 0.0716538134250107
0.00205965684410926 0.379643418125679 -0.00232578646502411 0.0223013089882093
0.169792527131988 0.327354459898393 -0.000823949803065403 -0.0247584274580103
0.246202469783069 0.230431187548842 -0.0490757572102458 -0.0711152739867015
0.288559791478612 0.205811217083352 -0.0599301983660246 -0.0761571816476281
0.28270602990296 0.200535256386139 -0.0620282697827987 -0.063419301448993
0.298982038870671 0.277928681815505 -0.0472347339847519 -0.048546112879199
0.208350753392572 0.405708759499967 -0.0142344894507186 -0.0399468226473468
0.0305809984348989 0.46440525145912 0.030294059371631 0.0318447969792778
-0.277271435232692 0.441028008037738 -0.0286615130823864 0.0807156563883201
-0.514117191355392 0.195893314717729 -0.106022388484006 0.00597870707720639
-0.481276532316258 -0.0136096998595665 -0.0918627660693995 -0.135591570251874
-0.39202490813076 -0.156019085089011 -0.0130039554670827 0.210591428758163
-0.466845974995016 -0.00579920216098352 0.00989205810002563 0.0379806264757111
-0.38974804728183 0.163620341918854 -0.107541959698223 0.0447714642940648
-0.205475863350755 0.341966285530506 -0.0448216855205196 0.0934480298050354
-0.00252369135772128 0.406548866235305 -0.00457717957881947 0.115546354130094
0.172498366906392 0.351542044388371 0.057322106434793 0.0847645156538374
0.254603057485753 0.247753859461587 0.0493482701712378 0.0244689481424764
0.293180315181798 0.218031963410006 0.0555133528707569 0.0073419353488616
0.285236530496453 0.211126440230182 0.0531674904224383 0.00979764602380191
0.29229578153518 0.281949931762228 0.0481923639151127 0.0182264334983475
0.195424315948538 0.396813388775067 0.0430661305903376 0.0224458938371748
0.0220283328228085 0.433594190477451 0.0521977543219406 0.0515272375958746
-0.239931272826932 0.403072923342915 0.0231086364449194 0.0688028641977865
-0.46437388967795 0.204826729155165 -0.0063430342008506 -0.0149138513992167
-0.459837413243359 0.0239004424505459 0.0682309286801973 -0.121814408347237
-0.351762952468816 -0.100812850989172 0.161942557529861 0.253918962041439
-0.402057756053092 0.040264122411403 0.137955143895026 0.0405004299065199
-0.313458016721492 0.168286975474883 -0.0396119483710154 0.0407473076735032
-0.164855171174238 0.293271451715483 -0.0483194257932031 0.107342443376967
0.00192138657628881 0.349931151319469 0.00286228835859642 0.195683566405418
0.15022569413326 0.3061926854935 0.113173277260621 0.185064694301477
0.224148301975951 0.221340763495164 0.143636506336282 0.118849614458158
0.25414683585221 0.197865523937633 0.161524886476918 0.0892856700296643
0.243606627205968 0.193677541137908 0.153115675439075 0.0787180691548002
0.23460997890977 0.248769294312409 0.126233869503568 0.0761687208896824
0.133472674589656 0.328367165180579 0.0851803244074216 0.0753921793159319
-0.0172025002250402 0.325723228666983 0.0583627043890058 0.0657778987319595
-0.182011996143889 0.280752259844636 0.0568864283252898 0.0514905967777074
-0.347148408614394 0.160661460830798 0.0730006824447107 -0.0366952701037975
-0.366903377612151 0.0480657468426156 0.20652834780961 -0.109035824360201
-0.249930559261911 -0.026711696140095 0.314160620696127 0.266645684844533
-0.250935507738673 0.0725131161858329 0.243283516541563 0.032615210867748
-0.167412515081653 0.125981250560329 0.0365321961699278 0.0272537535639445
-0.0930666218454938 0.178001159513464 -0.0353913269169213 0.102664582111828
0.00311160388249118 0.22438287781412 0.0169308469538556 0.238738230256981
0.100010880801658 0.204890826101298 0.157436057193346 0.249573892866925
0.15600350774112 0.15763092531546 0.220626007985003 0.191132382318127
0.177734321135603 0.147816496998576 0.243430297489193 0.156765886242257
0.168146207028581 0.148786410276423 0.223567203031394 0.137703801954842
0.142519612494926 0.183333700153154 0.170783932707267 0.125299112114238
0.0493530811399689 0.218270927224828 0.0994523578059671 0.116606643979577
-0.0544408339086426 0.177064273133315 0.0437957273032124 0.0715717791878337
-0.101270840102301 0.125625339524034 0.0694716293097484 0.0345973096960875
-0.188371752652392 0.098955501268687 0.123335291622899 -0.0460625442176987
-0.228589983943368 0.0663850100159269 0.304088512218516 -0.0929241999660843
-0.0981911986013002 0.0421692097106266 0.414010381085519 0.243656532809499
-0.0580242740711551 0.068299368532899 0.310246788217742 0.0097556545260968
-0.00842658080415074 0.0389633405078448 0.100470234372661 -0.00668306977964271
-0.0320553010345147 0.0294288775732159 -0.0238031676215514 0.0739009852032526
-0.0111463060002224 0.0698812736037863 0.0292508754561894 0.239417556220819
0.0265602572160298 0.0787433497631292 0.180464406404299 0.270743247274511
0.0593864413532103 0.0733021135467962 0.267525239102918 0.230434511072106
0.0751056514405401 0.0763004110465761 0.289457874508273 0.200611876892507
0.0728785311365065 0.0802151801710286 0.255659425822003 0.181198451331347
0.0443401367268652 0.0896978892934358 0.18099824092817 0.162087107308093
-0.0188519011190553 0.0864445987405629 0.0893816923171504 0.141707273603535
-0.0583451764778277 0.0278883998353531 0.0194148272688341 0.0650652713102657
0.00101345110722284 -0.00460606794699496 0.0710327783154232 0.0171175557543765
-0.0201836132345864 0.0567051883147074 0.153001211328493 -0.0421319335684104
-0.0741228702334757 0.0881017572889356 0.356261177139811 -0.0728275416083508
-0.0600163471435536 -0.0774404112649496 -0.398788339112751 0.0402786575541584
-0.116443265456803 -0.0377624162145604 -0.207002462387007 0.0942611888345846
-0.0896692552105922 0.0560546875407755 -0.0901389087430347 0.0428489918186605
0.0113089569468688 0.0828575504452922 0.0275500324129968 -0.0154718329838267
0.03832452236974 0.0473229797787708 -0.0298612937978968 -0.146724689643105
0.0464666902668068 0.021515007248904 -0.147366798258792 -0.187126571028812
0.0372473216636507 0.00338415778198527 -0.246596034544403 -0.192957222176688
0.0369957736022447 0.00906839323606258 -0.296009983018369 -0.204640686121077
0.0411959970093584 0.0116222253192517 -0.29086878522308 -0.21577789506929
0.0655797112068238 0.0391446091169443 -0.213656618992615 -0.224869103471075
0.0622192196922866 0.084822286624592 -0.0942882204424959 -0.200941060494827
0.00967516886082882 0.130120585643277 -0.0144505599787161 -0.0681141937736067
-0.133526568396462 0.106176161640008 -0.12385489260958 0.00253107048178786
-0.168369224543143 -0.0346711106165603 -0.281949777626174 -0.0286363149050418
-0.094184618229372 -0.0937670753520066 -0.411882437142762 -0.193953884966511
-0.185102180516369 -0.118609197899617 -0.373178409796761 0.0577377147329246
-0.23850612603843 -0.0412986009057825 -0.213580789969532 0.0675441972492854
-0.19239554823371 0.0853022746472266 -0.126551979982147 0.0585830413699233
-0.0524154374104406 0.171292774254853 0.0263782369589638 0.0173421230104721
0.0386566723188364 0.169581805361935 -0.00596194779226314 -0.11417149145594
0.106319136243563 0.132660990311005 -0.105347750651273 -0.169482490475649
0.130406585714885 0.0878641589374354 -0.207315265761356 -0.184743022056658
0.150157551945828 0.0885491637987978 -0.251992200416628 -0.188224929360923
0.148280576802107 0.0949792700317358 -0.252002997368549 -0.182318268762424
0.165704293864232 0.149274674943796 -0.192003495067723 -0.177714574240947
0.118164289058491 0.232036163505442 -0.0914182508719911 -0.157864935133181
0.00335002926779631 0.282625758307069 -0.0100279696546758 -0.0291006088248322
-0.228666199420218 0.251419842879922 -0.116881148769789 0.0454425970796597
-0.350933642366602 0.0476554933875744 -0.261859402135726 -0.00292850870807061
-0.278705495258831 -0.0868006857314503 -0.355883529812531 -0.17078648763506
-0.292242295163038 -0.154589840323228 -0.29735597059349 0.0935429135361172
-0.35002931450882 -0.0455164499802405 -0.184903996833777 0.0441871817811336
-0.293852458267748 0.106798813212407 -0.152547027618832 0.0613990983634194
-0.128038240507804 0.250490521674758 0.00482177963359844 0.0463433971490618
0.0237354945236299 0.28606739024091 0.00291578681782776 -0.0556810965823606
0.148912835238537 0.240487660295702 -0.054822378124614 -0.11479064595966
0.203473528079429 0.167062826446489 -0.138682221375115 -0.141841194590023
0.238348548759195 0.155698211536687 -0.169033467849356 -0.143081390155136
0.234249414003162 0.158332388686943 -0.170887152425929 -0.12886500901178
0.251557924236411 0.227623778285027 -0.133908298247801 -0.114999715015899
0.178457597277569 0.341582960313799 -0.0647848654773112 -0.100989427685965
0.0202188202642461 0.402730999940499 0.00762380285740676 0.00315826815451823
-0.271302173991369 0.378575765379901 -0.0783054855555172 0.072759211092772
-0.469462282409598 0.140316522816538 -0.195445455236556 0.0133679804584616
-0.415720102527644 -0.0527493941487018 -0.243231230435995 -0.147515709660344
-0.367236095974682 -0.167812310342762 -0.170763464291861 0.14753624384239
-0.437531619155654 -0.0297071257673859 -0.106507044412884 0.0348517353675732
-0.371922805213543 0.138670471546 -0.146624945251391 0.0572651127780153
-0.185668664714011 0.316495732562014 -0.0231921047763793 0.0707735062177884
0.0106062220104901 0.375538531811875 0.000481959740620465 0.0256911685359764
0.174574726831911 0.320230424138189 0.00151296129961259 -0.0245498221258632
0.248207562346693 0.224423528115857 -0.0502015767336613 -0.0677033854529034
0.28806730947839 0.199290623326855 -0.0611601397887897 -0.0749570001381716
0.282741681010075 0.195188603394527 -0.0625247099542349 -0.0625216950106922
0.300820799485246 0.270599456582167 -0.046470170880655 -0.0475702939395953
0.216319334573244 0.398587765588671 -0.0152676395541937 -0.0388976522981216
0.0380047953571582 0.457747544731877 0.0320985107498056 0.0289843249027934
-0.266753147734395 0.43996056523131 -0.0242570330190595 0.0762326589343812
-0.504845286677813 0.205753508049889 -0.100109022529092 0.00554964378730584
-0.476704648664982 -0.0109531974554371 -0.093101347458708 -0.131088549726437
-0.39190733801349 -0.14822324472764 -0.00734181867723117 0.206041060643207
-0.460680499709637 0.00188668513457372 0.00954749857036903 0.035561170218201
-0.386371504986839 0.16787947816805 -0.104635802193197 0.0509110502188546
-0.200327277400147 0.340215526255233 -0.0432876964643655 0.092210097050698
0.00556499907935144 0.402216130858004 -0.000159490408584713 0.11852794625019
0.178372358551619 0.344957863539253 0.0609586263147179 0.0831755749292989
0.257353049242774 0.242432388257821 0.0480493433004391 0.0256517246774595
0.293640980550916 0.210724176079991 0.0542276292112597 0.00587197307876034
0.285867655727725 0.205736396025121 0.0522390410861454 0.00736162575671556
0.294952800145864 0.273009645230469 0.0485748517222621 0.0155109817685409
0.203991521944963 0.387781200954341 0.0421525326378828 0.0215069204789566
0.0271696290988823 0.429001680490555 0.0541560227639641 0.0481702071184694
-0.231020871569109 0.403621918098124 0.0261514208889387 0.0628883606767683
-0.455309164447332 0.212412592973463 -0.00270344335485797 -0.0176643352657829
-0.453796405460708 0.0252795813695616 0.0651345326045525 -0.118816302842179
-0.351932598324904 -0.0948989875982897 0.165211929766602 0.247546632134711
-0.394127783979149 0.0475840241026963 0.135380123844466 0.0368900890429621
-0.309875658537226 0.169917656505546 -0.0373442427322575 0.044591118661678
-0.159396024988235 0.292231770771986 -0.0464523440162507 0.106083784731982
0.00972759752108091 0.346122229247173 0.00779573365617322 0.196566771167701
0.155811698507924 0.300721425707715 0.117442569644905 0.180390601333676
0.226024457248181 0.215958369979574 0.142806389608152 0.117176915690821
0.255403340563215 0.191300235293538 0.160997669184914 0.085946855557929
0.2439843239121 0.188894179811654 0.153093728272724 0.0739814243671604
0.236348717679947 0.241249986789795 0.126235662794084 0.0713481642750044
0.139493705856979 0.322906717206966 0.0845648189464064 0.0729383621900994
-0.0119165712824833 0.322835831169161 0.059058444196618 0.0625246363702088
-0.17555243688672 0.279983239519211 0.059700118750061 0.0448743647616144
-0.339487749684134 0.166559317156112 0.0739593838781918 -0.0397426939478156
-0.358730219181789 0.0481269195301036 0.199872057020516 -0.107840955491903
-0.248004481209224 -0.0238266419048319 0.31448583106529 0.25896640541715
-0.245492092737531 0.0757683174294552 0.239058563598489 0.0288010100195171
-0.165786863276423 0.12565794233558 0.0372664640354049 0.0285519190130577
-0.0912456765644274 0.177655328671412 -0.034967092029532 0.1016152466551
0.00783487724154877 0.222167612278388 0.0227356973573371 0.238178851304602
0.104233432769933 0.201704633823719 0.162411058718172 0.243456574341281
0.157925006341489 0.153858913495305 0.220640535511285 0.187330666213402
0.179374337979271 0.142581068061548 0.244493317167397 0.151665044154612
0.169007092948266 0.144609145852751 0.22264521810425 0.1313879418086
0.144457865222077 0.178476033846442 0.170529448282285 0.119100245185509
0.0541929839375198 0.214932699326529 0.0995029207522513 0.112931170238804
-0.05218908469446 0.176935721985039 0.0444179366769179 0.0695716289317113
-0.099190489394513 0.124140340417013 0.0718337797166191 0.0290907330524309
-0.183297214241101 0.101399799785259 0.122328254608071 -0.049124711172897
-0.222515135940119 0.0662426786537878 0.295493815236825 -0.0925538035890678
-0.0955977867849305 0.0426594647846955 0.41234652046023 0.234961012076108
-0.0547777493091074 0.067900104164771 0.303238828275085 0.00617932797792029
-0.00865088734842463 0.0370198037430363 0.0990696589991095 -0.00750157428506736
-0.0323756536557874 0.0300075521912605 -0.0235579400962728 0.0741976030244009
-0.00923213400065708 0.06986342068822 0.0346171879766572 0.237777800739959
0.0285269355043593 0.0778969938233774 0.185633859299299 0.26452152529359
0.0610685105441562 0.0725771550598979 0.267460352335852 0.224116610544651
0.0761522835314972 0.0736245023234098 0.291406791374795 0.193604400846481
0.07398979988515 0.0777552981247421 0.255440251162724 0.174120609005037
0.0455591327484989 0.0871172339940899 0.180692663315655 0.155698484381228
-0.0167672389769162 0.0862232017784348 0.0891071643259754 0.13683911684554
-0.0579482319312511 0.0301374633424591 0.019240792196845 0.0638964400851597
-0.000735957973964072 -0.00662885151095425 0.0721496429768468 0.0125464951592125
-0.0178942798684245 0.0560292018308868 0.149785894153336 -0.0457522776486826
-0.0690839963907291 0.0870575891387598 0.346316890715999 -0.0751730458381942
-0.0622859014114514 -0.0754074230499577 -0.393611369839128 0.0487434308191991
-0.117495205931198 -0.0321473907537716 -0.201376438439907 0.0979424807505262
-0.0876456545414906 0.0601487686189925 -0.0884977750330272 0.0485946227285423
0.0145689115358751 0.0812101116152355 0.0280677239915476 -0.016044653401442
0.0401513658518165 0.0459264976033688 -0.033393075961984 -0.144177154464119
0.0460431760203231 0.0193375481427108 -0.151588018878617 -0.180962503395291
0.0361594039166542 0.00225896222392699 -0.250091518724751 -0.185291900538182
0.0367839465095686 0.00922332316555862 -0.302365851551244 -0.196195776749012
0.0406724026932171 0.0118664921102143 -0.297827211692148 -0.207360639079393
0.0660867216071858 0.0372166130863143 -0.220054736180345 -0.219014590027514
0.065160950540643 0.0819661309060526 -0.099866416980395 -0.198924042436789
0.0138571966903326 0.128553719330576 -0.0149908581883369 -0.0707078675465398
-0.129884468408469 0.110869231641219 -0.123995435789699 0.00498140973177606
-0.170309929123691 -0.0287562428045245 -0.279795529199565 -0.0212965688733861
-0.0983728322227277 -0.0926475238430217 -0.415651072590421 -0.184861254905064
-0.18952201643594 -0.114212265983614 -0.368870915175172 0.0644888911198935
-0.23928347651402 -0.0326375579935783 -0.210532222834324 0.0707677614789823
-0.190558751172839 0.0918582673130658 -0.124355776023618 0.06631979035553
-0.0469989594651278 0.171755778045263 0.0277175684862019 0.0163508184255512
0.0444267279896861 0.168015108342933 -0.00716243129449095 -0.111687107173899
0.109792212036275 0.12827361442438 -0.108422081806715 -0.164913699088401
0.131838682642845 0.084545170730966 -0.210952709605311 -0.177299662997522
0.152062483325077 0.0856974443221084 -0.258143305555257 -0.181697013061316
0.150453477084296 0.0931278187224553 -0.25765025616722 -0.17575503379452
0.169175868585687 0.1454324603989 -0.19688928450441 -0.173244601982249
0.125780717214876 0.227128631858032 -0.0961708380355684 -0.155304640789851
0.0111154895370698 0.28220622535509 -0.00927916086689964 -0.0317450365242832
-0.221442060787108 0.258287671007739 -0.115093832812831 0.0464145295276831
-0.350250271722353 0.0593169909155531 -0.258591608186826 0.00343377656736281
-0.282438338976143 -0.0820487764710429 -0.359990724515852 -0.16244763698423
-0.297826647291408 -0.147112254345595 -0.29182379592327 0.0981290648861746
-0.350585755603325 -0.0336351283063372 -0.18201090724338 0.046814337342777
-0.29283892772765 0.116576229275419 -0.149948198370897 0.0701363043283556
-0.120647839486404 0.253158455263062 0.00633733623987534 0.0461000482264501
0.0335194779742393 0.284859811752092 0.0030062155393566 -0.0529656126021539
0.156610806650543 0.234609057188188 -0.0555729253987858 -0.112176375528395
0.207467516197741 0.162304118579367 -0.142403803166268 -0.13655167554823
0.243299733996987 0.149490227121101 -0.174653756327889 -0.139001134893391
0.238743613717152 0.15484693267311 -0.175340309794416 -0.124256418037327
0.257940552543874 0.221562832848015 -0.136342925998323 -0.111931026472303
0.190435629964505 0.335789257573467 -0.0680478350008693 -0.0986429156268353
0.0312905249971475 0.401847051695361 0.00964376224077575 0.00021901494558757
-0.259709335320867 0.386372493520684 -0.0754836329177976 0.0712072501736069
-0.465750817126506 0.155978780670034 -0.191733815698275 0.016155320576459
-0.418412065518889 -0.0470367937989474 -0.24604749866902 -0.140460412115244
-0.374711957871877 -0.159150562840137 -0.164366817509011 0.149268810265053
-0.435521645202766 -0.0170558147895153 -0.105347820556564 0.0353264890784341
-0.371141286857499 0.15006046045757 -0.143536291238633 0.065295826679508
-0.177735779941281 0.321476442237558 -0.0216495045993397 0.070343540531407
0.0224046674621223 0.374625045101308 0.00418602320357192 0.0293840283288962
0.185432355756738 0.312889589270622 0.00357610494866538 -0.0244827590678764
0.255345365899989 0.218613851183998 -0.0521391095308683 -0.0645927544272722
0.294155410974988 0.191954016679353 -0.0649353604231928 -0.0736876438355805
0.288585742670159 0.189726342055764 -0.0652190154012473 -0.0617727124831172
0.308401032070652 0.262199073338264 -0.0469504163531401 -0.0477029919284065
0.229191964681793 0.390697556803181 -0.0173325965736385 -0.0377179280872219
0.0499700177003276 0.457935493045097 0.0347559213814246 0.0257509627479623
-0.253935327220857 0.447606613181753 -0.0209368360868044 0.0722380281589916
-0.498850927325661 0.222512889413453 -0.0975782588163164 0.00569357847734611
-0.477729187067885 -0.00391469122719034 -0.0954504110336437 -0.126608624443467
-0.397102158317897 -0.138362653286401 -0.000385233559410534 0.203857320823207
-0.459355516861671 0.0167182072034768 0.0104181730405574 0.0336232267767404
-0.385431723449643 0.178296063145434 -0.101652617270621 0.0580376899845577
-0.192149385707057 0.346113600706296 -0.0413249656528057 0.0921155268489601
0.0189453352504316 0.403222121444368 0.00626640988741184 0.122151309668837
0.188866710115754 0.337822965511502 0.0661494217882444 0.0803829777910391
0.265190569431597 0.23589257565295 0.0485534568922282 0.0261530455582024
0.301121992045943 0.203947285544328 0.0538283729415547 0.00416003223506088
0.292098832563821 0.199894151522205 0.0524369983015729 0.00466783779806278
0.304262980641298 0.264987301732626 0.0493025978059605 0.0128200002972414
0.216784099335793 0.381566341117509 0.0421467897915328 0.0205690400250128
0.0401287216094049 0.428681685945889 0.0562628753055812 0.0453587782168383
-0.220427696194165 0.408336853334083 0.0296080418496998 0.0572433347081173
-0.447799137334595 0.226836853427357 -0.000649439702790424 -0.0200340147861562
-0.452358972726594 0.0324992327646326 0.0611776407622948 -0.118180183099007
-0.355540896869777 -0.0867784824091486 0.172285770539801 0.242579879303455
-0.392271587896166 0.0592307191810936 0.135777860053693 0.0327292286585527
-0.307304148332781 0.178258368494878 -0.0344320522668545 0.0482208783611658
-0.15262692092474 0.297806807011961 -0.0444469202649721 0.106823119261505
0.02021979500951 0.34655596966548 0.0167163100200245 0.199938999234954
0.165566391502312 0.296127125518018 0.125599395840642 0.17657805419855
0.233649048337165 0.211040277800221 0.145621762600827 0.115010048359529
0.261851088895241 0.184337876994122 0.163800283055365 0.0813288432053569
0.250317051116532 0.1828105210699 0.15434558881481 0.068391897904962
0.244441440514165 0.234007249124467 0.128213415079285 0.0660263163528838
0.15069628013562 0.318292388710267 0.0861953684527535 0.0713094166621579
-0.00334069997860164 0.324825293854523 0.0614349942568981 0.0595028544983281
-0.168673577952217 0.283687164903965 0.062694467364129 0.0383159476443825
-0.332992524379983 0.176420083772147 0.0741089570898867 -0.0438361223992838
-0.356143484903839 0.053998542156817 0.195199033832092 -0.109106087584301
-0.248381919412611 -0.016937294964713 0.321963138854813 0.250666395336539
-0.241667271595486 0.0827838125537475 0.237830429806504 0.0231405528903677
-0.163884412023334 0.129260225397058 0.0388768251434675 0.0290302527395728
-0.0877257397434297 0.180472146581312 -0.0334462069964035 0.101909214685479
0.0141369119500483 0.222160462797489 0.0317706059404043 0.239888179969744
0.111016259578237 0.199073524205882 0.17102796357812 0.238649493727107
0.163308865302093 0.150715953639429 0.225078438444077 0.183126411835968
0.183850198863487 0.13734297762532 0.249413808189235 0.144808444372869
0.173246269008102 0.139763506346612 0.226647348914327 0.124081764819724
0.149895369008175 0.17251330343053 0.172575788973184 0.112310154215375
0.0606890289689873 0.213522252951018 0.102119266021519 0.109407707655339
-0.0474209245161497 0.179437508748013 0.0470985418210041 0.0669745845578718
-0.0967554073502179 0.125326871739423 0.0742139245662522 0.0222650356928667
-0.179194086554008 0.106704092938167 0.120630030216498 -0.0537538927639948
-0.217890846759013 0.0691743790746043 0.290339467383433 -0.0966190537273776
-0.0937824438223721 0.0453016560285415 0.419614654570499 0.226772756659493
-0.0517090905257884 0.068880746091171 0.300661433690252 -0.000370897163936778
-0.0088971239367821 0.035410941340482 0.0988094674423483 -0.00951103778168964
-0.0322354326346728 0.0316357403295938 -0.0223567422406818 0.0750509056243482
-0.00681100135017445 0.0701430333653407 0.0418754510185636 0.238615684130511
0.0322247931746919 0.0770804998243995 0.19427191851055 0.259261448255415
0.0639516403834615 0.0708197331344948 0.273674252911057 0.218597266714707
0.0785632982589323 0.0706443917103221 0.298613934502281 0.185507996282612
0.0762554026311797 0.074660462652947 0.260523622714842 0.166111417734435
0.0483785540116602 0.0852249082773583 0.184146523774626 0.148485040455093
-0.0146695683141027 0.0877500366704868 0.0924911247977414 0.132691483531292
-0.0586348535091935 0.0329129607276857 0.0206012144572209 0.0631950750052902
-0.00234024554587992 -0.00816177429805131 0.0737358857661845 0.00670839159872318
-0.0149918077498652 0.0555530091951823 0.147420363505182 -0.0500589830465477
-0.0644384680943939 0.0876163415119993 0.340803252765838 -0.0800478955554302
-0.0656758155215831 -0.071941709266342 -0.385728828947128 0.0624194324451186
-0.11760506964062 -0.0248976333165821 -0.193284523836867 0.103420120866183
-0.0835710981245707 0.0652990604235835 -0.0842599261236345 0.0550128047584259
0.0193334656336134 0.0779531282235875 0.0283077149047606 -0.016793186019409
0.0420379299783681 0.043227653762404 -0.0387968807888262 -0.139400995837668
0.0455633385546945 0.0155789371379065 -0.156792557843644 -0.170081802377832
0.0343878719901875 0.000630402638202406 -0.25414018313217 -0.171528142234914
0.0371133824870164 0.0086151643038907 -0.309878800303372 -0.180123640062748
0.0408148265352317 0.0115434021936089 -0.305938354226802 -0.190758692471793
0.0667299100713988 0.0343955442327389 -0.228375167424341 -0.206750911989522
0.0687578777311076 0.0769913764902917 -0.109158838085613 -0.193723865372295
0.0199930953365053 0.125047231569418 -0.0167239089314221 -0.0720243276790565
-0.122377537233472 0.117318617780686 -0.123056864735405 0.010293285733455
-0.169992045921066 -0.0196968761457688 -0.274788681014988 -0.00889847665686191
-0.102857223036555 -0.0877201854969836 -0.416489308959185 -0.16471395092328
-0.193362154910589 -0.104134345688128 -0.359052524656741 0.0765495702383014
-0.237232495910314 -0.0189747667581231 -0.203437585273767 0.0772787893916589
-0.184465446818156 0.102128397416242 -0.117822218536354 0.0747098922347633
-0.037710442975471 0.170629719397577 0.0290553679344812 0.0150445088631478
0.0529002299266729 0.163174073842154 -0.0106430813691472 -0.108280830606543
0.114552635659193 0.119935620965501 -0.113261653254859 -0.156752136258665
0.134335594313111 0.077802532615792 -0.216046181806125 -0.164911444826242
0.154764933531864 0.0784863940021262 -0.266037486340499 -0.167815964285384
0.153341897072875 0.0871045256167767 -0.264512491277845 -0.161559728912803
0.174362970755813 0.136111223216495 -0.202209853240802 -0.162626866197849
0.137000966598778 0.218470704610001 -0.102821522354943 -0.149097984561625
0.024147746252866 0.277710591959713 -0.00909669474898067 -0.033894085428685
-0.207099221238974 0.2676873249816 -0.111390425792713 0.0494830868488313
-0.344688757688194 0.0761929641106583 -0.252359642226835 0.0142926677606094
-0.285632672515199 -0.070805903860103 -0.362408305277547 -0.144631285765066
-0.303555562456116 -0.132122240534345 -0.282463826165289 0.105874695358869
-0.34857337486913 -0.0144240346328938 -0.177424285995685 0.0516239695960776
-0.285409628895473 0.131621274204698 -0.14312214818765 0.0800804313753216
-0.107582750782843 0.255621527746025 0.0083259694818253 0.0446461334067495
0.0483316933182404 0.27961836957269 0.00320659156688249 -0.0499286285976419
0.16701820819623 0.223502802125937 -0.0576439275096887 -0.107866332573706
0.213976806733247 0.152076319984955 -0.146814266675535 -0.127388336238431
0.248043658452039 0.137300159247213 -0.180977926333609 -0.129211997467286
0.243934330257151 0.144077779272957 -0.180547021390351 -0.115662059618325
0.267109052208768 0.208063869588156 -0.139974596035126 -0.105556352829234
0.206838355497344 0.322998172735862 -0.0725399947196186 -0.0945101407562302
0.0511155507308298 0.39603708287088 0.0107230131409647 -0.00296481558152118
-0.23896591918659 0.396560851426426 -0.0703232556550898 0.07121481837178
-0.454293869064866 0.177638810122184 -0.18529190441968 0.0222000226650637
-0.418060014912365 -0.0295636075702711 -0.248441887002915 -0.128737095241271
-0.3788802562575 -0.140930791866484 -0.154293877301494 0.15100058510541
-0.431097410727587 0.00547544289858482 -0.102189393200263 0.0364980593620867
-0.36267899484073 0.167482656080331 -0.137325744443365 0.0751173756356731
-0.16223025258332 0.327659489472998 -0.0178035691381588 0.0700622829298326
0.041579121682557 0.369770622166631 0.00862561098315012 0.0314419104080959
0.199482017108862 0.30032998286143 0.0055814939834364 -0.0251957187521362
0.264325319636359 0.205309769945646 -0.0542907846904661 -0.0602934876571277
0.301031489293101 0.176649827161939 -0.0687577009845371 -0.0699682833117907
0.296361494158916 0.177226511427045 -0.068122999082302 -0.0588267946175227
0.319817374666902 0.247094863489287 -0.0487571703106001 -0.0468881518108729
0.247395252218345 0.377527229359953 -0.0188012492662956 -0.0360421392167458
0.0700311626249259 0.451958212850784 0.0373733022283162 0.0204947565672377
-0.231785878291633 0.455800847930902 -0.01698224239342 0.0679512582949777
-0.483669926546183 0.24438903715645 -0.0927975369001815 0.00671550828562965
-0.474124264351854 0.0150724988739993 -0.100369602137177 -0.120691821797598
-0.401455922581915 -0.119599149580308 0.00976454919721028 0.198464431953439
-0.452793373117725 0.0391515983100176 0.0118980804885358 0.0306931462113579
-0.375275018100099 0.195894238853407 -0.0955676565657376 0.0647397227522719
-0.174551219595975 0.353347814180435 -0.037740054958645 0.093198027435011
0.0380420718449571 0.39789009656401 0.0156842289162996 0.12373153939287
0.206711092547014 0.325253807005046 0.0724780009203323 0.0758918961611268
0.275853586984302 0.222782774447528 0.0491093955383307 0.0248309806714319
0.30822229343691 0.187996141847833 0.0529644693997898 0.00166026412112189
0.299719623105899 0.186259252959322 0.05117784060474 0.00116706549701217
0.314510965743779 0.247927790766991 0.0494579857056608 0.00858936142664563
0.235099601649478 0.36779850476679 0.0422764736043661 0.019168913901205
0.0585801990235962 0.424200246396458 0.0592092692442219 0.0394586147188909
-0.199157467385035 0.415622965153133 0.0323292592620035 0.0500631110999928
-0.431843529975002 0.246793121412196 0.000807876360525818 -0.023011616333029
-0.448134744217309 0.047650871744757 0.0556124826402783 -0.11684552346277
-0.357263153063763 -0.0703316733590798 0.182475272120064 0.230960223597514
-0.383843144716837 0.0751677875609251 0.134763503706764 0.0259784131383627
-0.299531854785519 0.190488758417482 -0.0304150469054797 0.0521270871332688
-0.140132753353701 0.30170922746016 -0.0409966763381524 0.107989325857438
0.0370151714823399 0.342387155233272 0.0289181313714757 0.200111769162886
0.179684850827238 0.284058938602698 0.134853602058126 0.167367830311461
0.242676321288508 0.19906022316615 0.149839713433639 0.109099586313792
0.268068807862994 0.169787325796592 0.166293168424184 0.0728734860819878
0.257636531715482 0.169976704780653 0.155638488331878 0.0595960328390251
0.253762725549645 0.219715194410368 0.129168129307473 0.058028792564522
0.166097204632596 0.308069571942375 0.0882746959022352 0.0663424002198041
0.0115395994502547 0.322755402867561 0.0647850261161878 0.0548695988972605
-0.153991186547531 0.288003511315602 0.0636280628897547 0.0295563863469439
-0.31969884292839 0.190287663735644 0.0724169285888197 -0.0495486817251104
-0.350187654541142 0.065007711379228 0.187654840253159 -0.113848939354514
-0.246609098077189 -0.00656725010661019 0.330923798647098 0.234410769435276
-0.233931807446903 0.0925133193892181 0.235509247046909 0.0138482548693628
-0.157878981648684 0.134138654042469 0.0409360666975438 0.0288932879627957
-0.0795886693159184 0.183974718181975 -0.0301262198950226 0.102890091590393
0.0253729178356332 0.219708312764627 0.0452541138804713 0.238190811538484
0.120771039302907 0.190765349391771 0.182289965473262 0.227346359088173
0.170463867587076 0.142143322544902 0.232101263032854 0.17295404208625
0.188962051844482 0.12715450248108 0.255317245049324 0.132013761032607
0.178844301299245 0.130862282681994 0.229462571928463 0.112005794695669
0.156892642454325 0.162968585564031 0.174936707922974 0.101767954205587
0.0717608209159259 0.208849427445526 0.105471031817848 0.10313765434636
-0.0384415511183485 0.181130561674875 0.0493669924545821 0.0632911032589714
-0.0910455174909116 0.127705773492415 0.0744837426438367 0.0138473694960688
-0.170302531597178 0.112760709399405 0.11697950634824 -0.0606102998419902
-0.211606652451755 0.0753812749897692 0.281170676485471 -0.104744996996974
-0.089658041608402 0.0490817768523097 0.425297897909638 0.207556046631106
-0.0470871725942507 0.0693297450218824 0.296638405771736 -0.0104015163053848
-0.00800857372861714 0.0344061960792622 0.0971934902221823 -0.0134221634060753
-0.0311667457819947 0.0335232264752796 -0.0203041548969858 0.0764719990663612
-0.00397622140603471 0.0696920994279616 0.0544901115666367 0.236189544902353
0.0363889184759867 0.0749418367732177 0.205351808451611 0.246660657774657
0.0679524736399021 0.067369471120357 0.281864826099769 0.204408422001266
0.0818721477386449 0.0654046145084046 0.305949459574597 0.170156674924452
0.0795369007949163 0.0696173744453088 0.265682880343256 0.152210811968879
0.0514391882352651 0.0814712675523168 0.186646772190744 0.136142035130569
-0.0102595029555228 0.088138224023031 0.0966646972263213 0.126323315155801
-0.0568743771765622 0.0370708524706075 0.0227264352226345 0.0612943988219413
-0.00505223904287245 -0.00874856905921959 0.0738843889381756 -0.000794354171284703
-0.0114542834393964 0.0545455718038334 0.142813051497523 -0.0571208789881511
-0.0580057787222421 0.0877038812922059 0.330600347979001 -0.0903824688204393
-0.0673027512642443 -0.0659142278148705 -0.367716587115701 0.073983395647671
-0.113885049164986 -0.0166748262550299 -0.180718578966976 0.106007220298842
-0.0765068515962238 0.0682293822971989 -0.0778866810478801 0.0589643386549805
0.0226707619560372 0.0732893419688165 0.0276625986667375 -0.0180355187965956
0.0426387360634884 0.0384162489486231 -0.0430228967589752 -0.131426116834528
0.0435642883489928 0.0121388737868518 -0.157025365629349 -0.155798585115258
0.0322341847383862 -0.000700750047919623 -0.252383767454328 -0.153367380419288
0.0361286355438412 0.00756831822368469 -0.307459442934692 -0.159132954864838
0.0397217244677693 0.0107901392334033 -0.303776198738003 -0.16912146814368
0.0656807949222382 0.0304394170976201 -0.229930895965785 -0.189379345017136
0.0703678044322991 0.0700278404673786 -0.114481700717783 -0.182670880249168
0.0259409451048953 0.118448745486404 -0.0189177712072453 -0.0708557094559264
-0.111809296915397 0.119369200937511 -0.117978984541297 0.01487339084577
-0.165560354909531 -0.00953409156007966 -0.263255798023827 0.0029715472220163
-0.104592001185971 -0.080154944729606 -0.40766367771858 -0.143579655042786
-0.192182185499875 -0.0922526634575669 -0.342374910240167 0.0854982150727567
-0.228433445934777 -0.00584893754228122 -0.191878478594692 0.0808895887150109
-0.171652532963443 0.108976654193955 -0.108766898305573 0.0803000353881362
-0.027916817453367 0.165905914852645 0.0294369074911689 0.0125006000751292
0.0602566455209389 0.15359728677911 -0.0139399992261632 -0.102751592063706
0.116491215892309 0.109492159891153 -0.114388525033638 -0.145467363280191
0.132541770276403 0.0688424190768417 -0.215256780683224 -0.148641010771586
0.153480464886443 0.0692348323321872 -0.265960451669684 -0.149346793338591
0.15297931410258 0.0793130750355859 -0.2636696347587 -0.143731335610024
0.175174538377404 0.123914758388348 -0.203000518565038 -0.147847458391508
0.142883039450776 0.203128290949908 -0.107142115179853 -0.139610841034473
0.0362537973190933 0.2657319231656 -0.00919557774902657 -0.0351938160275093
-0.186246091099536 0.267275525075463 -0.105229555608224 0.0508001557087797
-0.329164038447288 0.0899271704763027 -0.23992305929697 0.0222957237053554
-0.280288038730521 -0.0574852580530954 -0.353781923681403 -0.126260723873577
-0.298920860981112 -0.114493235529034 -0.266116463130677 0.110098805498504
-0.335084176910082 0.00234041847090317 -0.168608481527109 0.0549412363602984
-0.268421154918317 0.142515616519066 -0.132209345360483 0.0866596559620572
-0.091709799396807 0.251591557898729 0.0104970822211239 0.0423525095639046
0.0610835137345465 0.266104085128518 0.00349522902010332 -0.0469045227678083
0.172036081559154 0.205705223656515 -0.0584502118111644 -0.101990300749855
0.213493663006329 0.137204621433028 -0.147274295395853 -0.115891954635084
0.246647355636957 0.121986011840186 -0.182485521652371 -0.116468531676562
0.24383460332343 0.129977645555632 -0.18039581730853 -0.103322118765553
0.267485510689002 0.18820243822796 -0.139820723133864 -0.0962713905901469
0.215371975592749 0.301385787511654 -0.0749980437160988 -0.0874978957951545
0.0663195355692521 0.380300932056636 0.0111462234651358 -0.00622053562820701
-0.213463653227008 0.393189656323574 -0.0648706815733999 0.0684128242185985
-0.429156765745994 0.192793630817484 -0.175666509977656 0.0265550123097148
-0.407234330775222 -0.0135651455206132 -0.243632653888938 -0.113362026195303
-0.373267507224661 -0.119049277645179 -0.141175927524742 0.147946411023449
-0.414745778554686 0.0257239473777731 -0.0974015702326008 0.037204980316287
-0.341806322269305 0.179364845159888 -0.127060540865378 0.0813947088297847
-0.141007920532322 0.324755723974392 -0.0148384221179242 0.0682843527452291
0.0583744084183641 0.353600379461446 0.0135028936811944 0.0315099496493175
0.208515795237139 0.278355014262997 0.00633631747163878 -0.0259196385952614
0.265296145255071 0.186434819034293 -0.0549052932728841 -0.0549388855202605
0.300532076709504 0.157514339834412 -0.0710511757640247 -0.0644102242620292
0.296278815495674 0.159582163600721 -0.0702259335845939 -0.0544913036330229
0.320906916749386 0.222479878679382 -0.0492169101088874 -0.0438359198684854
0.259837777185093 0.350929431506832 -0.0205755833940597 -0.0331233898652786
0.0895906131279833 0.4320704088656 0.0372800721525138 0.0156622850166405
-0.201566679420743 0.451479923826531 -0.0131613076926739 0.0621625359277278
-0.45429054707705 0.25845504619802 -0.0873627383679022 0.00789793270825212
-0.458272121351818 0.0308808541447901 -0.100855044243966 -0.111015058924898
-0.392660416184644 -0.0991141759697279 0.0188689393248049 0.187440191802857
-0.433392859746496 0.0578332031664769 0.0124440643791616 0.0269752318208266
-0.353634745688503 0.208457180680008 -0.0869865419787153 0.0696712521109251
-0.154163262955874 0.349603470426211 -0.0330682714249796 0.0914955015232636
0.0566393634641081 0.382427048780824 0.0244056541110015 0.11970860152071
0.214725797276769 0.302461553265313 0.0755664713681325 0.0681410704048953
0.277394744685305 0.202286901867145 0.0488907647366465 0.0227275802409618
0.30742409011652 0.167070715755182 0.0500753301976231 -0.000497147770274037
0.299904358427031 0.167671774017535 0.0482027117382339 -0.00191638017215725
0.316586218825129 0.22465548153171 0.0475827643077186 0.00432302804233754
0.24644813440071 0.344694742028926 0.0418876878335167 0.0171626877218543
0.0772655828890907 0.407688709855667 0.0594470822802361 0.0335028005627308
-0.172042482978697 0.408728809378906 0.0330184686910503 0.0418168231105981
-0.405266199355587 0.258792667170133 0.00104804423198629 -0.0259046892874581
-0.429581768877911 0.0609337220378154 0.0482231115892603 -0.113534716277329
-0.34618549612623 -0.0520194449680146 0.187084243894011 0.212114310466824
-0.365115103031922 0.0895564077603186 0.130759531365914 0.0182661371068962
-0.280876066868878 0.198628240884034 -0.0247648908988196 0.0530914569599639
-0.12235113741871 0.299290258146708 -0.0364904174265513 0.1061193082802
0.0519639682323903 0.328194418336328 0.0408067222141627 0.193186624493415
0.187606969244501 0.264720302199435 0.139909338875393 0.153758797768207
0.245702334980562 0.18123078951313 0.149328676009629 0.09996609239645
0.267411803537234 0.151873260410264 0.163279487176061 0.0630017341129058
0.258414628856054 0.15288950681565 0.152113837331743 0.0498791454777224
0.256087883217127 0.198774509677987 0.126617791388835 0.0484779073199254
0.176613807096145 0.288673794193605 0.0882693082256675 0.059789372437962
0.0270031879400218 0.311346521194121 0.0659110135408188 0.0484414771171141
-0.135565416698219 0.283946725075725 0.0627369438249004 0.0207839758337828
-0.299127281663383 0.198396267494506 0.0686441893834294 -0.0536173901602966
-0.334516136592103 0.0736784564368786 0.176019522962282 -0.115327351774462
-0.237271741328227 0.00361918673805984 0.329501549607244 0.212357416561269
-0.21961875733152 0.098128197915401 0.227332690936069 0.00314421383032396
-0.147234936368983 0.136489195889007 0.0420505318702214 0.026638528749923
-0.0694145381526208 0.181384202634687 -0.0257997886979018 0.101766547240668
0.0349131644837591 0.210710409627949 0.0573764556443325 0.229505396575217
0.125913608748937 0.177744835453644 0.187168088711824 0.209264736872239
0.172905828521476 0.129385741810665 0.231847249689281 0.157453300838823
0.189133009633306 0.113935499608829 0.252424551641968 0.116030746490433
0.179256614137049 0.117640916825132 0.226221911880555 0.0974177485262877
0.159310910817458 0.148933248664916 0.171638205670799 0.0888111046270946
0.0797011748995446 0.198194071669418 0.105913492524282 0.0944598596932973
-0.028576858869767 0.177534510003755 0.050679598996498 0.0585755475840916
-0.0827162624489877 0.126132587728169 0.0726418341788825 0.00569562518621499
-0.158446581662885 0.115899831149961 0.110155133457046 -0.0644171930906303
-0.199817224403724 0.0778982763568749 0.265385812372758 -0.10946429538502
-0.0830722227772707 0.0506570553871728 0.420174460263142 0.182701611146977
-0.0406478518912332 0.0684896417206292 0.284318742554124 -0.0211274723775013
-0.00771474428924237 0.032601993027755 0.0930731146910403 -0.0167316529635294
-0.0294116455993885 0.0349023908460371 -0.0172278255644761 0.0758937728761952
-3.02447338906661E-05 0.0682345484853262 0.0654336262145081 0.226443965822235
0.0388270816311556 0.0706867114713502 0.210565941254196 0.228304047404742
0.0701198625028301 0.0620957707384341 0.281882329869104 0.18500726538814
0.0823744713788864 0.0592388144426869 0.30459258400177 0.150293793639922
0.0796394377243913 0.0625799500181715 0.262892989852416 0.134657043564475
0.0529615784016389 0.0752823724254769 0.184344244645678 0.1229831965504
-0.00563890938103053 0.0863363116796367 0.0983789534745817 0.115730396128211
-0.0535931890683251 0.0396237361355601 0.0244392289141486 0.0576900463995939
-0.00642084912699373 -0.00959974285014899 0.0710114790529936 -0.00744019379462332
-0.00770975457812873 0.0518070650770548 0.133816634979361 -0.0604977005676854
-0.0497700550951113 0.0852865734763476 0.311989013286946 -0.098585729450189
-0.075825849596814 -0.0535122270654598 -0.331902737303363 0.112126568696481
-0.109227363528367 -0.00189575246898275 -0.153968892270639 0.118716375672914
-0.0628547046229933 0.0739738804109977 -0.0607423524208811 0.0638930647872299
0.0283048325407997 0.0649985714961795 0.0251604636938641 -0.0235581630790716
0.0446146961498617 0.0302482716241955 -0.0563393153202045 -0.119853600487872
0.0406511814549343 0.00693538085345804 -0.164604793817048 -0.130538038236858
0.0275390582051764 -0.00318607507731727 -0.256388221522692 -0.119721619531641
0.035072981391693 0.00397987486171012 -0.307800088368096 -0.113509531808652
0.03885840952545 0.00810149721850464 -0.305178897263715 -0.125041667294974
0.0653154741036298 0.0227239399050573 -0.23636873130204 -0.151359709417487
0.0740188485284446 0.0579844253294273 -0.125893754910085 -0.161781678347362
0.0359925971633983 0.106804261923648 -0.0223328115799065 -0.067023500224957
-0.0877279987733522 0.126273845204519 -0.109126991982031 0.0322381042980308
-0.152192783457763 0.013525269212179 -0.250725030930441 0.0354979657424106
-0.109347761283043 -0.0563941043217546 -0.404253270197957 -0.0953275608724532
-0.199333816654386 -0.0630840212411044 -0.294806866727088 0.11880611110537
-0.21521752966857 0.0199351576799524 -0.163948411481794 0.0949251300927647
-0.148300755916717 0.123710903565506 -0.0832524401851635 0.0864770960508677
-0.00935327354389502 0.156900547110692 0.0333629690662815 0.00301930750107468
0.0731847828096238 0.135677556716053 -0.0230108059730904 -0.100641294735664
0.119125727279858 0.0893610503832052 -0.12220244830667 -0.130887672776409
0.128800932652882 0.0513164734774045 -0.218885384705645 -0.121936603717668
0.151726912149614 0.0487557176906846 -0.266667123477293 -0.108938348708117
0.153679300466608 0.0595988673126805 -0.261372118673962 -0.107304122007975
0.177037249737621 0.0970953484213051 -0.202866971790155 -0.117188402102066
0.157730391167043 0.173425690528381 -0.110209944060317 -0.122833470176728
0.0620052005351562 0.242558641226872 -0.00543495089839928 -0.0325060230431781
-0.139090720255311 0.272717995814373 -0.0905572643300637 0.0685922976369199
-0.290878961449778 0.123031883501551 -0.231330627611577 0.0584300433250244
-0.267400142080805 -0.0155659583445747 -0.35704925682403 -0.0825474301471828
-0.305417290931637 -0.0715737121079501 -0.211867906134082 0.134583948464995
-0.313846051280896 0.0383165106644133 -0.142010006498405 0.0675455672838334
-0.236028120252987 0.16550078073028 -0.099674888303921 0.0944849378101591
-0.0608919728796469 0.244762416833202 0.023123121964345 0.0318113761412041
0.0861007231963195 0.241471457041275 0.00312290391273315 -0.0547349558129789
0.182546314486429 0.173668751463139 -0.0626612187081362 -0.100432260175354
0.213057757153996 0.106202279020197 -0.147659823512952 -0.0992715458324164
0.245327084994443 0.0868424255980922 -0.183613904450266 -0.0879626783083008
0.245561365861577 0.0961008984533864 -0.17735719830866 -0.0788098381365193
0.270826589268017 0.146082908247896 -0.13500551242583 -0.0764675965180487
0.236452600080342 0.256780196137345 -0.0715666746082551 -0.0777698511137993
0.103007232368429 0.345374914409291 0.0202685647889044 -0.00689197046775339
-0.147258226940339 0.392435709411571 -0.0484235831781259 0.0827448181405124
-0.371755103908425 0.226802836221879 -0.172407499069027 0.0615444151512256
-0.37917854931514 0.0364686367256209 -0.255185096123376 -0.0820330634241903
-0.376204653941769 -0.0672054539236248 -0.0832926224401386 0.156547745727907
-0.386974547674427 0.0665718038011245 -0.0751492481786029 0.0422107982745114
-0.301436127117812 0.209101345154461 -0.0915648081885991 0.0877334920219696
-0.100779159552375 0.316780883542922 0.00502797609046617 0.0583276139889925
0.0938464303489976 0.325228971288418 0.0252717350872703 0.015045803047586
0.224688662007257 0.237817846512558 0.00812118102838319 -0.0391583701706806
0.267520868018391 0.147436193746021 -0.0514681617483519 -0.0529036361368227
0.299677675532357 0.114785149756804 -0.0737254572474407 -0.0518736341675485
0.297857564684539 0.11765131824697 -0.0676297619656664 -0.0450857770641564
0.324312630328661 0.170135025220288 -0.0428532130464192 -0.0379264981607865
0.284021678619417 0.297413749356177 -0.0123608121724687 -0.0332937506569002
0.130410499921881 0.391253899389867 0.0496512483232811 0.0118719791431165
-0.130697180631532 0.443548749190324 0.00133061680054003 0.0718326953557041
-0.387765610947975 0.288644451983067 -0.0913668419225468 0.0357815424989017
-0.420895050296401 0.0812321535750103 -0.121448306297769 -0.0936869379351726
-0.391332052056753 -0.0468738920215018 0.0731465836081335 0.173791727132064
-0.400523331459042 0.0986799177355462 0.0277538006320574 0.0198478314038227
-0.310595395431056 0.236174252021067 -0.0552559755073157 0.0700441720708127
-0.110725084398794 0.343920383988348 -0.00865380412224923 0.0824945783139048
0.0930035149574 0.352792929264244 0.0474670986801146 0.0963536857973012
0.234283621684328 0.259734242994229 0.0845607946839732 0.040868580722694
0.281550736307873 0.160697711823514 0.057473707047487 0.00991006774965434
0.307798413888017 0.123307143749275 0.0481570809620917 -0.00630389989281999
0.302428658999096 0.123859702611746 0.0499138571722787 -0.00856846523703331
0.318400770036169 0.172662208583029 0.0539826702258403 -0.00395324985738181
0.270863570577779 0.292179790931812 0.051702127080101 0.00783218079132858
0.116762253368524 0.369847730397831 0.0720537249574419 0.0270001436689969
-0.110408514225465 0.401658762696323 0.0418718899918436 0.0448463624725282
-0.341855762462183 0.282040474909415 -0.0108221861944557 -0.00633037775489193
-0.390504148576463 0.10410266586497 0.020374294165899 -0.111306402680289
-0.341177851508613 -0.00831611503343939 0.230454753556459 0.17710477788249
-0.332867607875394 0.119471945339212 0.136761500397275 -0.0023426761900977
-0.243590906182032 0.218502465810176 -0.001298564857781 0.0471216572571191
-0.0859282487162926 0.292844063438162 -0.0120013981063254 0.0985998551195395
0.0826038234796926 0.302908811478222 0.0705260339519289 0.165255259010815
0.204872513233135 0.228927847283386 0.154575980129854 0.117048433299844
0.250647582655369 0.143797101271651 0.162472818675821 0.0734201533370012
0.269497510106049 0.112832158315567 0.162815349894652 0.0408548239305494
0.260687420586993 0.113378785860179 0.153192652782802 0.02883600213599
0.259748802205938 0.154982592611425 0.131402672807682 0.0286696349960809
0.198723354194102 0.247223730795116 0.0984162090559293 0.0444996564195457
0.0585158396595497 0.286086919758402 0.0757606310933258 0.0408821919751109
-0.091740940128097 0.279247746707256 0.065038953911147 0.0179979801243126
-0.252858178283822 0.213323817613528 0.0516559623727667 -0.0446024488786471
-0.300451966029152 0.103607362090881 0.144430848722095 -0.124861562752308
-0.226005961186501 0.0319760193139899 0.355663002057989 0.160061052325444
-0.19513559907191 0.113122281155283 0.221960654948945 -0.0258350183090157
-0.125065089376799 0.144141299929084 0.0514601116945547 0.0160873121859781
-0.0488019322797269 0.17762316884243 -0.00653163881786754 0.09627802624241
0.0540220707622853 0.194702192755777 0.087924049602054 0.201905066844407
0.138236738629888 0.15333332296173 0.204194214537371 0.169360466847848
0.176574567327332 0.102660386769598 0.245869412504326 0.121214534495335
0.191064921788575 0.0857943570808832 0.252028071038164 0.079413130477909
0.182365172231726 0.0889044567540154 0.22683652267936 0.0661435065296641
0.163942520243237 0.118924852599817 0.175620243254955 0.0622664876705158
0.097114820391563 0.174360221554867 0.115562517269483 0.0760238120096005
-0.00700827500534393 0.168063016147104 0.0588838201238406 0.0521206110805296
-0.0628393635362953 0.126117874889469 0.068948701330739 -0.00196297101165355
-0.133025310533362 0.121044889685457 0.0918641707137059 -0.0654998438277578
-0.174840821851799 0.0897101851907919 0.233219383820581 -0.12849884760577
-0.0701533179415303 0.0575173144976888 0.424337305539445 0.121914531523427
-0.029651728993174 0.0664270079656019 0.267238799174533 -0.053146177611587
-0.00504332647484488 0.0305680326535278 0.0867990614831368 -0.0271911361815591
-0.0247988329579745 0.0355586640075709 -0.00534821009278414 0.0745826562835012
0.00633377475648471 0.0650232231320952 0.0924174003359165 0.204199762991218
0.0453569084408649 0.0622283836798681 0.226173041677423 0.189904091274947
0.0744977367455877 0.0503746597003537 0.294130700346182 0.144881671295709
0.0840662940965607 0.0455862490226153 0.304401264466384 0.105060502659952
0.0811955082299689 0.0480421765151521 0.263656228661749 0.0984394359576472
0.0567060583363658 0.0617838217055969 0.187724427820014 0.0932418710616404
0.0049141445124075 0.080259273003349 0.106272804916517 0.0984569747668242
-0.0450738630383289 0.042851495601868 0.0295875297455522 0.0533717195514614
-0.00951099824219964 -0.00915899447451521 0.0646574495336682 -0.0182545820467902
-0.00229287985240755 0.0453508934387578 0.11906057649276 -0.0701277732209049
-0.0353124200716399 0.0781568584998551 0.282750692560699 -0.121324756431407
-0.0719777089083632 -0.05170336719456 -0.317371218825713 0.0967744391221503
-0.103092435876728 -0.00260956161686142 -0.14860057799042 0.108646727130544
-0.059339087734764 0.0696840295475903 -0.0576866475039207 0.0614938381569209
0.0266154488798973 0.0613090592560602 0.0244721157821793 -0.0219497869973914
0.0420139721117031 0.0284504232254834 -0.051331571660012 -0.113470531342139
0.0382727557920175 0.0066224472409555 -0.152990116838542 -0.125650125532129
0.025547485932195 -0.0016828543595818 -0.241625246519273 -0.118322842748641
0.0337834020395445 0.00465755332347001 -0.293182973532265 -0.112797921794965
0.0372736572725906 0.00947774768437768 -0.287875996559698 -0.124420340183333
0.0616658183133446 0.0229599109997115 -0.22324070667754 -0.147753894761596
0.0703130699717752 0.0545012016605519 -0.119133557371454 -0.155718354408333
0.0325237511806715 0.101066478352112 -0.0203662874871544 -0.0662836160163082
-0.083980573267233 0.119302238547065 -0.104290620376161 0.0285293756338305
-0.144593273543231 0.0119155296658305 -0.236969172398642 0.0280692185193507
-0.104010328652772 -0.0552105722131672 -0.382508702777545 -0.0999491809747554
-0.18966578289907 -0.0627734536877203 -0.283590602002664 0.104723847551843
-0.203580571079951 0.0164415423274843 -0.158412554262147 0.0857143214048312
-0.140633469575282 0.116030057679489 -0.0789783946709368 0.0828042636786913
-0.0104326817034777 0.14843757551048 0.0322611366994083 0.00308216834926269
0.0679749877936877 0.129142256938182 -0.0192878566365483 -0.0952899514393535
0.11195688897979 0.0856215309733901 -0.112514776396733 -0.126432578348664
0.121373392567008 0.0513432038021233 -0.206240816523681 -0.118618431782484
0.144579431602711 0.0489573130024129 -0.25357423451699 -0.107162081515103
0.146248233704162 0.0603424653421193 -0.248241634164368 -0.105214820795053
0.167659310393794 0.0955079045055558 -0.192112725929985 -0.115334728407035
0.14814836159152 0.166106830103713 -0.104017150867072 -0.117769515276993
0.0554189071187907 0.230834470734224 -0.00492333529795243 -0.0338406308417814
-0.135189432069231 0.257805373335548 -0.0873611609232623 0.0619665843999071
-0.278982888074655 0.113573057861222 -0.219760202909752 0.0494927586326679
-0.256484331106573 -0.0203953662740133 -0.335913026081519 -0.0865827387458099
-0.290087331563704 -0.0725844590217228 -0.204649588973463 0.120641355602107
-0.29707522205164 0.0330082206094902 -0.138162539453725 0.0592066730967633
-0.224994999936343 0.15493721643741 -0.0942200965995243 0.0898207915678911
-0.0607824893856425 0.230963297908101 0.0209167612657541 0.0304323594022948
0.079505980267314 0.230190711217598 0.00569470358882867 -0.0514807367143774
0.171573926616303 0.166163441947836 -0.0568218646557516 -0.0974526032865639
0.202146228479556 0.103739350589616 -0.139422175478525 -0.0965588646108839
0.233676638295844 0.0868806383982956 -0.175733949558819 -0.0852674817948543
0.234434616636704 0.0967036644790251 -0.169565603868051 -0.077259738774773
0.256581665562375 0.14333367301046 -0.127952490511545 -0.0757697525615896
0.223802504274176 0.245397666574961 -0.0677799753387244 -0.0743328599297884
0.0932151189805689 0.329903375217305 0.0193833283083341 -0.00913595998513486
-0.145784766592879 0.37191436302724 -0.0480840614071237 0.0756371824273857
-0.357423586297852 0.212021432652171 -0.163696691234471 0.0526881825448397
-0.362258335370833 0.026639110140814 -0.241662870320165 -0.0835053888065186
-0.357316136511184 -0.0711232524578706 -0.083931839297282 0.14345403621885
-0.3677786457735 0.0582299677265599 -0.073697448548797 0.036308791254632
-0.288630223686289 0.196161023098118 -0.0863051047036835 0.0840889625749027
-0.0998952559956231 0.300415608407056 0.00311924853869782 0.0561446178199487
0.0854050323654745 0.309636790703293 0.0260761466970725 0.0149917555464438
0.210965312994144 0.227798999817096 0.00939119198116956 -0.039208664889778
0.254721439914058 0.143964533097374 -0.0483700278387738 -0.0502043967299058
0.285289702554964 0.113413102646687 -0.0704843025911203 -0.0493324786092756
0.284307967597325 0.117269029612691 -0.0643167991716612 -0.0434409087404865
0.30635741312749 0.167380469478574 -0.0408190461252277 -0.0379286300256274
0.269123677959919 0.285519496902821 -0.0117589642493291 -0.0304685680378928
0.120056211112589 0.376532786169809 0.0466632149710973 0.00970802777824025
-0.13034247395146 0.420977166690768 -0.00152111708505507 0.0645587296065133
-0.372385011619012 0.270194684945074 -0.0876052583203674 0.0291084472829885
-0.40351464881823 0.0669771110030816 -0.113893883192754 -0.0906596116761285
-0.372206705989405 -0.0507326709901677 0.0657276019037604 0.164723419428276
-0.381202203699651 0.0867252811350609 0.0247067675341481 0.0163200887896877
-0.298420097118015 0.22032189123956 -0.0511138631336693 0.0674754775039608
-0.111296009859433 0.325815687721348 -0.0109518467928142 0.0792446962169718
0.0847674546635565 0.335807635099942 0.0468579260325867 0.0926493241504778
0.220468399929524 0.24949312079082 0.0807584240520584 0.0381013565970053
0.267539264867169 0.156935256501932 0.0542549154368279 0.0110830005869809
0.292942799818642 0.121926421577036 0.0457748630009613 -0.00380668213874516
0.288323404134172 0.122843142237401 0.0466582955230812 -0.00713760853454057
0.301947432730836 0.167816013584478 0.0502132408401394 -0.00388381954506218
0.256428956790439 0.280691844421488 0.0491975038628241 0.00907710735674177
0.107169073099014 0.353122128955878 0.0673755407851934 0.0248647317434639
-0.110171038927013 0.380229584707983 0.0369370481949663 0.0395769638975588
-0.329734136132981 0.262899061994108 -0.0100741050935259 -0.00874920323711144
-0.375010310749827 0.0898117964089638 0.0213797851479005 -0.104124666275935
-0.323239600766151 -0.0144486766366092 0.215439861049304 0.1713120668581
-0.317373237089204 0.108898192456329 0.128987492415963 -0.00153635394457424
-0.236297051098478 0.203240661671707 5.28489812616836E-05 0.0456842365811767
-0.0864690364413268 0.278464952408526 -0.0146099625105672 0.0947571371408355
0.0752643447660496 0.288633255421772 0.0668744251346509 0.158748154603581
0.192366783482714 0.218245993552197 0.146031860130762 0.111907447315186
0.238091969835738 0.139960429036803 0.153461435718463 0.0725757751535516
0.256474772510647 0.111356978899037 0.154850819894404 0.0417846040066876
0.248122488735427 0.112239924270944 0.145009477706201 0.0306568387299306
0.24584175845197 0.149634831057947 0.123556035286472 0.0285848903338548
0.187203899157436 0.237575050558591 0.0932434786343993 0.0437971291042757
0.0532090192574265 0.273393105340605 0.071590620006584 0.0391157598435783
-0.0920471411635539 0.264238981172985 0.0591480000670403 0.0145829982217752
-0.24342173451399 0.197990417164937 0.0493319265828911 -0.0435416504210693
-0.288325605990825 0.0897483443364017 0.139211337325605 -0.114082737137847
-0.214470138734005 0.0254388848840405 0.335984452746085 0.157599005256342
-0.185884359621998 0.103174177834002 0.210647364472406 -0.020809612261066
-0.122424019295419 0.134764100353333 0.0501176201591905 0.0167599625184037
-0.0500262786643166 0.168465120910009 -0.00915107108992996 0.0924687495634304
0.0494430565871926 0.186336842397904 0.0824702225265913 0.193853610407055
0.129465745201958 0.147689359149921 0.192199036626965 0.162621297140985
0.168651861251502 0.0998571584482426 0.233029446380429 0.119417088224729
0.181374020872628 0.0839827449762509 0.240166362325129 0.0804056310654862
0.172376909322658 0.086349725093209 0.215486562449906 0.0665821342076234
0.153774132187709 0.11449902072814 0.164735369109526 0.0622686807962585
0.0912044760410275 0.166669870850974 0.10853745381681 0.0738447051450095
-0.008018389335188 0.159942532915949 0.055293594374002 0.0500620628390323
-0.0623508371785179 0.118091642053576 0.0636519464768478 -0.00388393361286517
-0.127725890225012 0.111629443286028 0.0880137570886754 -0.0609447582503443
-0.168133392659521 0.0791589786199112 0.224323639359583 -0.115116170004944
-0.0665596541003792 0.0524986456360199 0.403437297197788 0.125019999092183
-0.0283385747678014 0.0612619273999653 0.255259232010579 -0.0446090080783717
-0.00610026291417573 0.0289623962803425 0.0835053098537376 -0.0243305503600441
-0.0247838684403913 0.0345581973823944 -0.00693451515179872 0.072114888040137
0.00571886969982838 0.0620518181991378 0.0867351060096283 0.195747151064936
0.0426855636607325 0.0594851657350495 0.213047366147618 0.183879480157259
0.0708346498766544 0.0486066472185368 0.279130984056347 0.143019549157454
0.0795773832434086 0.044625668078759 0.289297929046751 0.104605848472886
0.0764529164167623 0.0466037964078776 0.250604144493461 0.0970868579808754
0.0522284411724209 0.059240045198361 0.175625744392007 0.0913084817652277
0.00394396157327053 0.0772754638177117 0.0991511854622077 0.0944805378902411
-0.0434518669600866 0.0412819978092551 0.0271714326289315 0.0510514186229927
-0.0104797629142584 -0.00950106103882031 0.0603546044122655 -0.0192921316176471
-0.00257477397072463 0.0418775855275599 0.113580934402517 -0.0641701806445016
-0.034466354917693 0.0719003709692527 0.270748936315971 -0.107183998848874
-0.0693750920532777 -0.0530380091155162 -0.316334620318448 0.0793428209388232
-0.100452774956674 -0.00557237567870942 -0.150982273689121 0.0984455606985514
-0.0596785831090298 0.0665207407970243 -0.0578814808433605 0.0592359031961848
0.0238756889558494 0.0604625998891534 0.0260833660885952 -0.0208777587369656
0.0395392426606609 0.0282743912200024 -0.0454978976879427 -0.111964544177172
0.0363288436231451 0.0076051016176451 -0.143673192035413 -0.129686454251432
0.024980993993725 0.000223447344445862 -0.231910163865729 -0.125778197702478
0.0333674153165465 0.00605620570308431 -0.284001563203483 -0.121454255250233
0.0370302119513894 0.0123239492504135 -0.278410971767325 -0.132873679532177
0.0595147175260914 0.0255498245101155 -0.213451537225112 -0.154548375075361
0.0666334091442346 0.0551452169392214 -0.111336834414506 -0.157644460360307
0.0276453023237199 0.0995468615130732 -0.0182842155138091 -0.0679201579054497
-0.0863821241738617 0.114347020433104 -0.103243387934315 0.023382839349702
-0.142546132060776 0.00667545104086416 -0.232192440410449 0.0148695891964135
-0.100593610224003 -0.0581973572337183 -0.370951579416883 -0.116660953148547
-0.184399515687983 -0.0689826283586483 -0.283330994986069 0.0871370016704865
-0.199250903864786 0.00932240432646237 -0.159232970482318 0.075221301285865
-0.141016433116599 0.108707403959544 -0.0791746780029886 0.0789472658659015
-0.0153823755415008 0.143951134921579 0.0313298357315562 0.00440766219596504
0.0624282882672271 0.127932949117116 -0.0141579548939916 -0.0928473332024425
0.106318033831035 0.0870683160516896 -0.104722321692491 -0.128736573905819
0.118060791816126 0.0550786790827484 -0.197515406660339 -0.123619572469642
0.141276262237549 0.0537491453349508 -0.246163431626139 -0.113815432404248
0.142939708910388 0.065829331911892 -0.240575931651714 -0.113030861010626
0.161686505283905 0.100488290940172 -0.184364772922229 -0.120779141923741
0.140046998757823 0.167464615012503 -0.0975911247849554 -0.119035634272409
0.0461769517248015 0.228142704331829 -0.00392347123712487 -0.0357307966977225
-0.141405769581757 0.247715978902657 -0.0885954632261321 0.0556772676067507
-0.278199463017598 0.100866640394169 -0.216054519983736 0.036684265101788
-0.252041493725897 -0.0321312395240959 -0.326881716973409 -0.100153866228058
-0.282484517533148 -0.0831193235347758 -0.207637389541049 0.106149754073833
-0.290910424787292 0.0212163116195344 -0.13941199031943 0.0500325064145802
-0.22496662370111 0.143418126891781 -0.0941916496227335 0.0860949795783286
-0.0673962895787019 0.223954538230064 0.0188690018343438 0.0312287799402441
0.0704444038556793 0.226786058646396 0.00901526443978075 -0.0497106954909498
0.162131168776547 0.167802351650008 -0.0515471039297873 -0.0991472501029015
0.195097410675677 0.110178597369786 -0.133245226051958 -0.0992004439952573
0.227301452841359 0.0939529370642959 -0.170154875216647 -0.0896507464207903
0.228607339667765 0.104890654413909 -0.164691217461647 -0.0817426737106972
0.247208298139729 0.15148322232273 -0.123682624258688 -0.0797880175508728
0.212537643214639 0.248359122326955 -0.064122029213185 -0.0741457921079443
0.0796690376994767 0.327169816542868 0.0191794054361564 -0.0106253001579362
-0.156256219075239 0.359099834183901 -0.0517115280896359 0.069729190162047
-0.35891510709989 0.193393062179079 -0.162235209156598 0.0412531849248729
-0.359434526021656 0.00922039454467213 -0.233519925723227 -0.0923865837257972
-0.349005739701181 -0.0828204175315236 -0.0899871287933531 0.134441357423403
-0.361645756863643 0.042013719238937 -0.0759699935771343 0.0296546297657266
-0.290308884885856 0.180526232772376 -0.0860389253603627 0.0801861097823648
-0.109886360597148 0.291996955807101 9.51064587819408E-05 0.0555056069300479
0.0727623258444072 0.305128518624885 0.0270508490071564 0.0157713920811148
0.198880898568991 0.23002928135096 0.0111812563998239 -0.0396593590916681
0.245813205467244 0.150055349448473 -0.0463384815984124 -0.0502695766262494
0.277478339349144 0.12249355956143 -0.0680020478523753 -0.0497707972520311
0.277011109029895 0.126157152196072 -0.0628815136479785 -0.0444094650463781
0.296575884601652 0.176159846286202 -0.0393239933388207 -0.0394755940786824
0.255542282374717 0.290163394136068 -0.0102314172827409 -0.0290344749735246
0.105512865743981 0.37277412081365 0.0449301528110792 0.00909265646335041
-0.144156264635294 0.407149634774352 -0.00621908093795004 0.0607752248110298
-0.37668045214631 0.250767695070522 -0.0862026607264164 0.0224520368812337
-0.401118791025709 0.048154710412251 -0.108188540938122 -0.094206413904856
-0.36414248651728 -0.0657431931764829 0.0559109683761454 0.162063173092236
-0.377178575937997 0.0691363828435036 0.0216690102911148 0.0146495433401511
-0.301725195982378 0.203814599439906 -0.0515129896545946 0.0650631793154681
-0.121144082688372 0.31551425331873 -0.0148673929900607 0.0777839847213952
0.0719310402928871 0.332360987153928 0.044747821262405 0.09255732927543
0.207240996305388 0.251420040281303 0.0781517940157401 0.0388324200372404
0.259134743665607 0.16362317211963 0.052597216473423 0.0136944441256465
0.285211352469921 0.130889797260038 0.0453661644657316 -0.00129065716490421
0.280534708538677 0.131736292422471 0.0454627797299606 -0.00408879648227878
0.291493040775614 0.175721652589978 0.0490016932756425 -0.0025022181306986
0.243099074928037 0.282809004361107 0.047613711805988 0.0118342753023672
0.0930922731749101 0.350773130676168 0.0648340592999902 0.0251558544971511
-0.12318732832468 0.368605919229218 0.0324808527798731 0.036950661186177
-0.334733319954577 0.245087706923926 -0.0100376394389873 -0.0116472238197391
-0.373872871025042 0.0692816735672988 0.0258683343395957 -0.10094409738227
-0.316867286755515 -0.0284322284212103 0.203650029730517 0.176364148429934
-0.315296404805742 0.0918882346790721 0.125347877595433 0.00188682633113379
-0.239222924105233 0.189660207187961 -0.000516865021851839 0.0449344107564051
-0.0965698751736323 0.26990866237515 -0.019554776242379 0.0936010129599354
0.0645057520316537 0.286834129902907 0.0621848012084695 0.158161530184535
0.18107140737909 0.221375058311 0.139376819237039 0.114797917104257
0.230049278037797 0.145660312538498 0.14786451956235 0.0783077667572842
0.249503545450751 0.118488549305436 0.151718717140696 0.0475873100870145
0.241088202630864 0.119751247164564 0.141077106487747 0.0364359014699302
0.235503214036274 0.156542495312528 0.118916923203157 0.0328613889530373
0.176535634196126 0.239302281174353 0.0894731137405915 0.0472195501449974
0.0431345714271977 0.26966307532786 0.0681280223018139 0.0397493879221689
-0.101111094313813 0.254634030739171 0.0550190605060371 0.0134267472142987
-0.246480997861702 0.184426862217996 0.0501160305121817 -0.0419091884589337
-0.288339923180284 0.073311027637806 0.141863691636747 -0.104497802123055
-0.211469800256018 0.0147932592670751 0.323995422408318 0.168674998846178
-0.186024639078457 0.092010799009453 0.207124958816173 -0.0126053855020096
-0.125442206962578 0.126657675434104 0.0495593962927513 0.0185438411972662
-0.0563521082212446 0.164237401225362 -0.0139958046009561 0.0922660965380343
0.0415319497540934 0.184614453613694 0.0757704817203842 0.192887283644494
0.122369502552261 0.149204100534216 0.183122083397266 0.167398424106059
0.162721159163364 0.103908062701399 0.224473232763114 0.126763377706126
0.176422938809171 0.0890522679527632 0.234237775612671 0.0880854388988795
0.16645933388484 0.091327075112237 0.209080143991565 0.0749955391172383
0.146288020423104 0.117881596292315 0.158182349999647 0.066788632711396
0.0840997606768467 0.166925668005566 0.10312369202821 0.076202525987954
-0.0138802716468314 0.15707033570389 0.0524885112399122 0.050318141914853
-0.0671516060539649 0.112441990268106 0.0605169705410308 -0.00425611225956593
-0.130320816474608 0.10338449443265 0.0887244778037529 -0.0566093731557254
-0.168399407054335 0.0682304694378752 0.225361288582863 -0.100872721286894
-0.0661505424659101 0.0476977297137941 0.392436631782094 0.141322281946316
-0.0295010417400948 0.0574064793293652 0.252539782283232 -0.0322483771914977
-0.00795396408987623 0.0274577534172755 0.0833205463404386 -0.0198819435169108
-0.0263631716509124 0.0334518329831694 -0.0103618825319599 0.0722973513360139
0.00361283040303426 0.0610625059435971 0.0789912695077744 0.195278488414709
0.0397794498238929 0.0601312678963677 0.202804252635626 0.189361469828777
0.0682618719270686 0.0498285749006995 0.26846231831625 0.151907032843449
0.0771855372919475 0.0461902554036669 0.281675932824242 0.113864786509897
0.0730260007958829 0.0484910802195498 0.242828060968418 0.106278059861921
0.0482733199008134 0.0603188835402281 0.168127175306772 0.0966649103034548
0.00176534235402475 0.0767229322987796 0.0920272601817128 0.0951012720298239
-0.0436307702014933 0.0396848217130924 0.024916078685267 0.0504004415328153
-0.011437962108086 -0.0103473139466495 0.058552132134908 -0.0188089672309988
-0.00444210073558593 0.0397769770914026 0.113390224167746 -0.0569908592120784
-0.0356945358213395 0.0666256252198762 0.269843648130523 -0.0908337094832727
-0.0691163801820605 -0.0563348915211533 -0.327756864700175 0.0648833232438183
-0.101691110871883 -0.008156503001276 -0.157714616117814 0.0931925315687459
-0.0620660552730836 0.06590162476997 -0.0605759608564485 0.0591642439882755
0.0225380644931326 0.0614438298342289 0.0278224039617518 -0.0204121753943552
0.0393854079816568 0.0307858423374648 -0.0408625319120027 -0.114805660405623
0.0365794783087731 0.00865281379165765 -0.140345581843892 -0.138085903918601
0.0251048228633063 0.00152864087778946 -0.231764750762852 -0.138014504692832
0.0341533456695725 0.00839829994867405 -0.28631190643541 -0.135053215869634
0.0378672016069378 0.0147415182798742 -0.280733723670452 -0.147373728954245
0.0609103550893651 0.0285209787189864 -0.212720954943173 -0.166673563320112
0.0659383419811997 0.05799735704463 -0.108029495135326 -0.165118269905321
0.0245529306137988 0.101901224548308 -0.0160270203315435 -0.0719675460898733
-0.0914477106449986 0.113880137926377 -0.106172159755393 0.0191864724930923
-0.145867049578668 0.0023225815028183 -0.236490684888185 0.00413185383472117
-0.102016361516715 -0.0638789766253156 -0.374072810503501 -0.134880169405728
-0.185984839414196 -0.0775317924854775 -0.295041911179233 0.0740368501998428
-0.202631000695333 0.00261203559120131 -0.167537900574213 0.0685508860896051
-0.145764657065383 0.105680580897329 -0.0822802922172775 0.079295665061262
-0.0202109177579945 0.1456231458933 0.031895637011216 0.00579382681673264
0.0590461308545615 0.131369684463355 -0.00988364747494723 -0.0942803483748668
0.104887678379103 0.0912981382542121 -0.101319966171053 -0.136379888391581
0.119265581070423 0.0612597967870656 -0.197336446333023 -0.134268499347315
0.142637959023965 0.0603346611418892 -0.248200684616258 -0.125577302402814
0.145289152571934 0.0740777771195579 -0.242901405829096 -0.124847439729823
0.162566161629115 0.109662572870955 -0.184702391255485 -0.13093833134519
0.137213029001993 0.174431759662636 -0.0958183092198463 -0.124735589941724
0.037892058988964 0.234467790890988 -0.0029428653856628 -0.0391813213980872
-0.154618130790388 0.247570896142224 -0.0936909928661008 0.0520152501783757
-0.288651989189547 0.0930082118841259 -0.221210985200063 0.0261127097870046
-0.258416262384651 -0.0437467681922049 -0.330373271523185 -0.11894143954011
-0.28577314104363 -0.0958656570411979 -0.21846383786924 0.0971112172636653
-0.296978251182291 0.0101404503382052 -0.146253133101713 0.0429353144144799
-0.23326889879542 0.138097749219145 -0.0983343539029821 0.0856918166618919
-0.0767506020658659 0.225477552987708 0.0176528260234068 0.0327124046066672
0.0638232758626378 0.233494219790166 0.012624091542922 -0.0491228372709911
0.15907916083472 0.176342640377345 -0.0485621788394682 -0.104086114814456
0.197112988515912 0.119685208501642 -0.133124264952143 -0.105567164843959
0.230463263834288 0.105190390834656 -0.171401389198486 -0.0972436215935638
0.231031088372456 0.117350624792754 -0.166044839011391 -0.0901926434324883
0.248536698563153 0.164425577958231 -0.124054975442529 -0.0869844664282452
0.20867893931763 0.259991214500402 -0.0625735160833976 -0.0771407961125469
0.069678821480965 0.337130396254059 0.0194643358123162 -0.0123401572691432
-0.174396868258904 0.360734564442854 -0.0568127573682258 0.0667764632804615
-0.375775786646052 0.184023686595324 -0.166997818769497 0.0329437869406581
-0.369896229439413 -0.00788767237463496 -0.236285959273647 -0.105571380473234
-0.354035932121321 -0.0991383170758859 -0.0994672833855435 0.131193116029636
-0.369696445611983 0.029078288743693 -0.0810829047476487 0.0249249717028466
-0.301747804350497 0.173182727902458 -0.0897027505481242 0.0795157618802024
-0.121994514456955 0.29366511676318 -0.00327470359405561 0.0573378791809671
0.0640697571208699 0.313563914319856 0.0289472949212302 0.0179676002077013
0.195326767612574 0.241096518077671 0.0131501626943106 -0.0417685967222869
0.246786985468465 0.162544803192833 -0.0471663508459233 -0.0522387029753949
0.281275508605934 0.134918643830917 -0.0680326625559628 -0.0522331253303896
0.2809232589652 0.14102001959858 -0.0636500899519607 -0.0473304526113699
0.298327862139527 0.191585734669446 -0.0396336354291621 -0.0421209411766291
0.25282763391271 0.303776667230869 -0.00901659876068568 -0.0283537697744665
0.0936243548533104 0.384780195458762 0.0450844818328945 0.00862274510130699
-0.162654504410946 0.410248142654327 -0.0108659455346564 0.0589640025439782
-0.395470597852834 0.242038568621565 -0.0894708987144099 0.0162204273919843
-0.414061733222388 0.0302915950768412 -0.107737032520667 -0.100779778211583
-0.369477063977355 -0.0830432323011715 0.048429133610876 0.16593855848761
-0.386384434956681 0.0548822707623031 0.0187568879919632 0.0137929255929637
-0.315907933288583 0.196131463349686 -0.0531909170297193 0.0648742952425083
-0.136334933141864 0.318726354375873 -0.019732307583199 0.0807409461419237
0.0619007360071927 0.342338960190626 0.0436374891383787 0.0966125544892137
0.203814046616944 0.264095254019555 0.0786530970088268 0.0417111039985119
0.260043371001707 0.17687170842988 0.0524945834127706 0.0177195228364982
0.28877381736976 0.143735472001557 0.0467825205466947 0.0015154381683892
0.284149268395652 0.145930293648385 0.046378825024902 -0.00112105125598815
0.293181893306189 0.191149720568722 0.0497404315875989 -0.00094104164673634
0.240851211971492 0.298070794375556 0.0492519715065199 0.0147886696553034
0.0830281220632864 0.361919876995232 0.065137815059893 0.0267209564012127
-0.139240821103314 0.371645897893505 0.0289265214289025 0.0367022084797971
-0.35248477150055 0.237812762485795 -0.0100784657927964 -0.0145771271628689
-0.386163524173469 0.0521221476733994 0.0297302113363374 -0.100376203679172
-0.322592363078531 -0.0427874700580929 0.200630424442033 0.188112867073913
-0.324959372595634 0.0799430063919049 0.125624598587215 0.00565966733272686
-0.252300631375739 0.183746482734926 -0.00123911389125262 0.0464268652724226
-0.109692455428723 0.273015884280118 -0.0248596780231664 0.0967322179566063
0.0546349222195688 0.294942656254285 0.0594350395341025 0.164123589111053
0.17760646963924 0.232401030278601 0.138871248852321 0.121295595385786
0.231521564495399 0.156796352225822 0.148332381211436 0.0870145948327626
0.252410011845982 0.130787570293934 0.154304795506689 0.055279171465513
0.243228181992577 0.131455726571731 0.143512968545798 0.043778999715578
0.236234878912172 0.168649360974502 0.119444286105114 0.0377358752028008
0.173520494681519 0.249954404637607 0.0900495923280333 0.0525065590086595
0.035575163024007 0.277089986275399 0.0681826062862024 0.0419468017034629
-0.113705818097178 0.25499028728195 0.0532448706216782 0.0128356466732911
-0.259246185789621 0.178191809204739 0.0524275375487347 -0.0424520869006816
-0.29856027665036 0.060196811637272 0.149500619439725 -0.0992020687544167
-0.21608812199405 0.00481094550406399 0.324495389618935 0.187029037879107
-0.193159156661757 0.0842825230829876 0.210511168653876 -0.0047214823838072
-0.13377073484519 0.123627021911283 0.0504579731571621 0.0204600246935215
-0.0643574074715797 0.165920686939715 -0.0192818598225178 0.0959766787535218
0.0359664260946408 0.189846505373258 0.0713144554982252 0.200278139596648
0.119713070393428 0.157220535597649 0.181727479895686 0.177606191151306
0.163199687369623 0.111745007589709 0.225601208486466 0.13976843310591
0.178341439584526 0.0969434494529807 0.237282361507409 0.0989845431365678
0.167993786535061 0.100220824753545 0.211427237453275 0.0857246703151474
0.144693431945542 0.125821929718249 0.157909603518103 0.0743639945825282
0.0807242665299597 0.173234408127384 0.102247025815282 0.0820629729708155
-0.019380128250011 0.159524586717389 0.051282717670486 0.052625847831557
-0.0741047961230555 0.11107015111518 0.059964162735627 -0.00470478022020234
-0.137264599209107 0.0992440270876248 0.0925594729478343 -0.0545799775575735
-0.175241660018655 0.059745644219212 0.234478816399259 -0.0909990569551065
-0.0684594511960518 0.0444215377158524 0.395700574152376 0.162252068881942
-0.031992019672845 0.0562800385241747 0.259225120553802 -0.0217741192642668
-0.00980528862661048 0.0275351493297944 0.0861879109972201 -0.0175038670106426
-0.0288453558171996 0.0337330768161389 -0.0145135900396167 0.0750142063684343
0.00191573132289646 0.0622728058229337 0.0736396056674146 0.202657419558098
0.0387728137946425 0.0631315997327591 0.20119646073297 0.201819478714484
0.068843457439891 0.0531188244492057 0.270109440536691 0.166421751250314
0.0779548824237861 0.0495274717780349 0.285293226570738 0.127270692960564
0.0728554643503148 0.0515317110074863 0.244942288046796 0.118987002917299
0.0460335811771806 0.0632592063373735 0.166264173086536 0.105450151925092
-0.000382973216232165 0.0791285345826556 0.0893485193270179 0.100781185731114
-0.0464719645409728 0.0393192853884258 0.0230758501521446 0.0527197410200441
-0.0129362166062895 -0.0111804594685942 0.0586567701033413 -0.0193951613555739
-0.00635071668382461 0.0387674221948999 0.118091409526027 -0.0533632286506268
-0.0389011158122656 0.0650978162499519 0.279564179450942 -0.0781963362656993
-0.072803526492175 -0.0591775095003993 -0.348745066314877 0.0606054068360724
-0.106306647384512 -0.00815833651300664 -0.167856330888017 0.0951543559865119
-0.0647778729184251 0.0693597516366267 -0.0633004035933364 0.0633005164192014
0.0238933067437868 0.0641648077544877 0.030115862433657 -0.0217589936161457
0.0408476816099298 0.0326509403466245 -0.0413477074083519 -0.120481420783277
0.0373800739134011 0.00888646066305051 -0.146383078412133 -0.147837643709708
0.0264583249896558 0.00270056780171467 -0.243537036896027 -0.148744795216064
0.0365412660040369 0.00916526571029451 -0.304172731048058 -0.145155089687596
0.0411476102818364 0.0178577621780336 -0.296911408717878 -0.158614512768743
0.0653384612572528 0.0314884007590177 -0.224208288192533 -0.179290260421632
0.0688639324829697 0.0609176676040406 -0.113080599679602 -0.175962187303376
0.0244876913613741 0.107305462486262 -0.0167856530410072 -0.0787000351458106
-0.097089093404854 0.119236717791819 -0.112204956210375 0.0182430943451435
-0.154769521987976 0.00225894285579742 -0.248877161082396 -0.00181529015335404
-0.107953864867374 -0.0686748172804658 -0.393368301486441 -0.15051953725844
-0.195745520673242 -0.082771446721246 -0.315248481049067 0.0709177306600904
-0.21293322589396 0.000981763259365224 -0.178953217521938 0.0683864310715387
-0.153387179974798 0.10982193410264 -0.0870350599351183 0.084025765082819
-0.0215618481571943 0.152645995589975 0.0331933386288128 0.00651005299676312
0.0614018424849484 0.13905126094213 -0.00810757931446069 -0.098460508395267
0.109769635574056 0.0969837960536914 -0.105182988965525 -0.146057222679626
0.126138905589648 0.0663955850763357 -0.207333248753662 -0.143738319587428
0.151583937804737 0.0653687439795494 -0.26274126864523 -0.134933550873804
0.15444356175909 0.0814327592415788 -0.257056685002293 -0.134867150581272
0.1722949517558 0.118665335289564 -0.194358932020066 -0.140763748278404
0.143393894518186 0.18493059912092 -0.100391650207168 -0.132501940663652
0.0380356676275446 0.247155229180144 -0.00332013221007005 -0.0440230282413592
-0.165222098875888 0.259628560255752 -0.101058018647266 0.0524565905309327
-0.306821976013607 0.0953056944479699 -0.23383398540603 0.0213109388186491
-0.274479383256375 -0.0509831145005024 -0.348692482558732 -0.131831231486191
-0.301746981145703 -0.105115405443235 -0.235474072487674 0.09649159954066
-0.311869127661912 0.00748885883347638 -0.157535860146833 0.0413048431528003
-0.246679863257974 0.143193764322642 -0.103394427498076 0.0913069466618396
-0.0824446852253851 0.236765743494639 0.0180657178570354 0.0350377058815277
0.0669578280356196 0.246013142811253 0.015225432471071 -0.0510632304323821
0.167048503891046 0.186293989806576 -0.0503799093387772 -0.111656017396638
0.208253343095817 0.128672302020053 -0.140627043199843 -0.112597171173743
0.244294762412735 0.113514926727063 -0.181074896451681 -0.10364292036608
0.246301967620926 0.127397577578796 -0.175950706588569 -0.0966325647438875
0.26381774649861 0.17724623754907 -0.131231289834196 -0.0937415747077843
0.219359657983242 0.277019729080151 -0.0650655321647447 -0.0808410222696824
0.071197968277955 0.35608318128693 0.0201241291328154 -0.0152684831232158
-0.188481373050078 0.378348513544391 -0.062836044670953 0.0680140468029529
-0.399972350483408 0.191984282707574 -0.177200068285194 0.0300049313684786
-0.393534289835768 -0.0152081190633536 -0.249618613634468 -0.115920306330419
-0.373604250753337 -0.110592074637441 -0.109837535875018 0.135502386468394
-0.389541646596107 0.0256055268175691 -0.0893614788889468 0.0228295505413969
-0.319440100890146 0.178980190994482 -0.0940537790765933 0.083775002714693
-0.13148367642743 0.30916820697349 -0.00425058456895326 0.0615712040406118
0.0659224195160368 0.33155441045317 0.03178619641159 0.0192330950669152
0.20522061163225 0.255190019908557 0.0146896487320616 -0.0450229348783467
0.262019318000635 0.173884718178068 -0.0494622157721234 -0.054648678693337
0.298337337313645 0.145317921920187 -0.0718086363658984 -0.0553510679635259
0.298572623182353 0.152585303097315 -0.0680015579873416 -0.0499617680195666
0.315982605241151 0.205707197075476 -0.0425041634045454 -0.0450562006875465
0.265444132428849 0.321641129137265 -0.00857850288633761 -0.0291897787636172
0.0959277705472395 0.407766130127654 0.0467086166018648 0.00771452545154923
-0.176870926483323 0.431305871998321 -0.0146148415822885 0.0597290615657712
-0.421358472777604 0.251485324560283 -0.0955851637353477 0.0134247652563522
-0.440646483730755 0.0227758667461736 -0.113900098943544 -0.10778376804577
-0.390716256830147 -0.0927301284588257 0.0475099570254584 0.174990402479199
-0.408539416796034 0.0525863590159442 0.0165203652417796 0.0122273246961606
-0.336301879251237 0.202737000494804 -0.0557828231034456 0.0686381691068201
-0.14738826781118 0.336570926629652 -0.0227113101123871 0.086363626823633
0.062443307249087 0.361447437379917 0.0474172668837963 0.102801174974162
0.213042080783491 0.279734952160624 0.0836882255779022 0.0428402448859176
0.276057833403813 0.188865911394799 0.0551683711094575 0.0204159799688493
0.306258436322208 0.154215761395506 0.0496015489104196 0.00295236508872979
0.302287477655153 0.157335981064135 0.0489376676707465 -0.000538567696262771
0.310278747372516 0.204365194328486 0.0511515711155477 -0.000907058440337414
0.253791052814146 0.31515259179858 0.052765497968274 0.0177180150398323
0.0853443385936584 0.382067945171695 0.0675774719291077 0.0268703332800274
-0.151302921396162 0.390308353940929 0.0276088753902357 0.0355896086399092
-0.375188066953489 0.246916470277377 -0.0109277127650045 -0.0184808840150554
-0.411607026471201 0.0482131431509992 0.0321625022249892 -0.104913997757312
-0.341055797542229 -0.051325040576234 0.208694809530494 0.201889014009517
-0.344168903427414 0.0792603541218427 0.130168408095367 0.00576666487834145
-0.269373400165941 0.189853869439728 -0.000149819213637654 0.0484862774376392
-0.120067598574002 0.288575565389552 -0.028525414268404 0.104423230062739
0.0556209712695188 0.31208023546251 0.062835447681944 0.174420106484167
0.186498200437261 0.247125940253366 0.146409073330342 0.128787146758573
0.244672843816972 0.168204739250266 0.156715107107334 0.0947023200022169
0.267147344611878 0.140308804966015 0.163365409333876 0.0607509234773795
0.25796767946852 0.140749829143507 0.151513500585437 0.0484054966955246
0.248878958193064 0.180498154857223 0.125099646084008 0.0410224071941427
0.18335817564611 0.265006142595605 0.095437580836169 0.0566447701744139
0.0347850947644825 0.292529127333818 0.0706561282278303 0.0438504055172968
-0.12329394766072 0.267275898770625 0.0526400984133455 0.0112245649541711
-0.27747441352003 0.185403180376312 0.0552731141915537 -0.0456638227408347
-0.318657072440241 0.0570458964563508 0.159422482816004 -0.101355258912387
-0.228610821448748 0.000767757222756082 0.341572293216448 0.203217888082372
-0.204816627902854 0.084932412810322 0.220222060361857 -0.00292763464219326
-0.143615909031998 0.127811917464337 0.0535574639683155 0.0219443253226421
-0.0710659038480376 0.175409415391245 -0.0226169803634503 0.103093543689707
0.0358811899039991 0.201253786892994 0.0744264418813689 0.212880818935641
0.125632501047352 0.167339028609356 0.191242610779899 0.189344093560158
0.172786369328203 0.119483530485369 0.238459748153205 0.151034535412241
0.188935523368998 0.104347162761089 0.252132494232459 0.107580018904329
0.177567076884753 0.107419602502112 0.224294579677911 0.09356425160594
0.151871903909997 0.134549185278023 0.165601831178318 0.0806678179206836
0.0853092099417444 0.184227026044958 0.10736252944098 0.0875013889837853
-0.0221217211353333 0.168024078019427 0.0528665752948068 0.0556166901779879
-0.0810245833493587 0.115270298714765 0.0609125610327909 -0.00654640428918754
-0.146796208680717 0.102902699349683 0.0981875162723036 -0.0573914964609226
-0.186216597753462 0.0578326186931374 0.249345993227405 -0.0904624951701621
-0.07185649974383 0.0443165602447442 0.419839882327764 0.177312755758226
-0.034079003018084 0.057092976619087 0.273684791892017 -0.0190640941514109
-0.0108664127678052 0.0273914413827373 0.0908355874925649 -0.0170672581821829
-0.0314368329834941 0.0362112703318626 -0.016651139372055 0.081019034303522
0.00129648191817535 0.0654227054026726 0.0767009695546523 0.215226643418573
0.0410993923257496 0.0675869437779361 0.211730725091681 0.21583217896817
0.0730932803393803 0.0563398385717836 0.285875791319861 0.179420571372808
0.0826111997568214 0.0529491179383854 0.302434153655627 0.13770406392359
0.0762994112684484 0.0548003728973877 0.259394780270847 0.128432959509611
0.0473205709032577 0.0676800759408624 0.174032730419468 0.113385686423621
-0.000446974699629561 0.0840712753677113 0.0925499176074419 0.106650275510022
-0.0493993032688642 0.0413523715242885 0.0232545925938051 0.0550825785004775
-0.0150511757427409 -0.0125071214665439 0.0607156705178607 -0.0218761677283588
-0.0074215949550865 0.039938776367357 0.125495646013516 -0.0544426179212789
-0.0414582646331412 0.065929467918194 0.297502721154681 -0.0760425131374801
-0.0868615162162774 -0.0532794084416187 -0.355462583131645 0.119754401233037
-0.11311627879318 0.00607357123031317 -0.158913983225999 0.124865590953841
-0.0561506937299109 0.0822446980545571 -0.0537834970635358 0.0736044060414554
0.0348169875170642 0.0637436367926962 0.0265016629941524 -0.0316021264249872
0.0497244775071163 0.02764753847032 -0.0652895681047645 -0.119828228774543
0.0411563729957506 0.0039202877117238 -0.180026952703348 -0.133331857026014
0.0291550687569686 -0.00111123688746164 -0.287295184446885 -0.117827190861437
0.0418398052356225 0.00297741123895493 -0.343145997156128 -0.105132801429961
0.0483604993792846 0.0104904679135599 -0.341513891574126 -0.121727123677988
0.0757195222227198 0.0211708252886825 -0.264848417396651 -0.155456580486508
0.083125844070801 0.0512035312997254 -0.147684792446789 -0.171146206109646
0.0410025224480047 0.109153347567005 -0.0305095897394629 -0.0850334173616319
-0.0807374676262841 0.139798613927136 -0.113725446935224 0.0365735855969617
-0.158308222108407 0.0262489520010688 -0.262066036557931 0.0376445504819923
-0.122216017395124 -0.0522020579400789 -0.442972311087151 -0.104483743771729
-0.223988066003157 -0.0583686536771416 -0.308686844472315 0.118644105715585
-0.224594129245211 0.0306530561986873 -0.171619673525361 0.0950070055068947
-0.143908813798821 0.137990802602955 -0.0711134510924009 0.0947351999751512
-0.00175639355092069 0.162811627296971 0.0366681546296875 -0.00657414476044936
0.0859853933228324 0.136066242495037 -0.0284097712381401 -0.107978740196557
0.130905086550818 0.0853293416397366 -0.140364396034858 -0.141660779549204
0.143503850727742 0.0518678073958395 -0.249436961931257 -0.121312137523021
0.171993893465424 0.0448260879292693 -0.30024576479767 -0.100232094291357
0.177775303126114 0.0599531832883142 -0.294459217611543 -0.103136452120485
0.200517996090849 0.0963867577565357 -0.227787082054159 -0.120734443587316
0.180095184181238 0.169098678862001 -0.127440085349623 -0.128691776747255
0.0747858994799877 0.253322494413247 -0.00991382510344997 -0.0527991296011152
-0.129856328278938 0.296359672516373 -0.0940487537039766 0.0700938771305991
-0.303384084449094 0.146110174530405 -0.240155000691966 0.0631067275700265
-0.293186497594657 -0.0103716735602442 -0.392439652346593 -0.0901866770632208
-0.341968729292668 -0.0624309791988859 -0.210949456503233 0.127734819704525
-0.3296905615682 0.0517515041659287 -0.150947703015778 0.0602878339176073
-0.237991138438583 0.186680060356624 -0.0833602972623302 0.0993710597041116
-0.0536463424801636 0.260429464387179 0.0278527837485605 0.0222086852117209
0.106227910874384 0.247788396634783 0.00431681144260647 -0.0681767916702954
0.204523375367641 0.170255407020052 -0.0805575615132725 -0.119171701667831
0.239604471231416 0.105335755541909 -0.173712233281015 -0.101736046712623
0.276996202480709 0.0817352664467998 -0.209624587061789 -0.0790732060699703
0.281301643536906 0.0941144863813328 -0.203510904178691 -0.0754902694787786
0.30583609053357 0.144258837340003 -0.152536740303947 -0.0813735672778225
0.273211635141285 0.252555120994331 -0.0822936178258854 -0.0808411774427483
0.124684057189357 0.362071612038771 0.0198484165241707 -0.0284082082784173
-0.135732179517382 0.424706064573568 -0.0495720044805297 0.0791333854356633
-0.386623351176205 0.258935286357382 -0.177653481019478 0.0648363673121578
-0.412168378430552 0.0441204565014508 -0.284861546134401 -0.0860223542139491
-0.421072147841132 -0.0571242618312131 -0.0657343824685611 0.14484289269073
-0.409593142864588 0.0817328311939744 -0.0801302620893685 0.0270093835724673
-0.311083880004854 0.236868617450549 -0.0722332092126936 0.0864037452817404
-0.0961040964605827 0.344099952954491 0.0112309961527576 0.0508433912395286
0.117077044978583 0.33736757315764 0.0333345435244789 -0.00134647944708903
0.254998521068064 0.237842640034633 -0.00383276341330265 -0.0624794391713312
0.303474616902677 0.145224173409854 -0.0671030517499548 -0.0568194259825853
0.338478888430217 0.10686603732247 -0.0869776536522696 -0.0458791514149033
0.340001106152276 0.112404015071466 -0.0805030178685704 -0.0432734250916939
0.364185365593642 0.166266905331551 -0.0511134084651681 -0.0448623755871612
0.329610806553117 0.292358322486758 -0.0147689033666304 -0.0353676614125533
0.158271344734519 0.410370851645187 0.0523542357424831 -0.00861376794011524
-0.114857009127698 0.478009551605969 -0.000518756260909789 0.0614466088259024
-0.401533956694939 0.32599638265856 -0.0925820085747562 0.0356013895856098
-0.458022848583272 0.0893511438996346 -0.139820465076875 -0.0960009414516884
-0.43697281549934 -0.0335024691967866 0.109610987787259 0.159199952160248
-0.427973602412922 0.114710460409697 0.0307652000092633 -0.00285727493897111
-0.326383458752684 0.264419257045831 -0.0342390175996277 0.0607795484954257
-0.109487650588076 0.374920037697175 -0.00333774778693029 0.0791459322012574
0.116872911701073 0.369596210880333 0.0635958306580225 0.0827528511672991
0.266496157037675 0.262991144356628 0.083476968476251 0.0188482123378558
0.318968621904528 0.159328853232149 0.058275771503672 0.00475581683935697
0.348143919599192 0.115839514431694 0.0506763538395719 -0.00403662724955599
0.343749036194102 0.116360206602215 0.0514427933899289 -0.0085880154725432
0.357043619948638 0.166942989351093 0.0547781502857823 -0.0122035545127504
0.314941376865907 0.287904369077653 0.0577106933656174 0.00527566293010042
0.144590777457989 0.386629226052994 0.0776950736850479 0.00957994331587435
-0.0963580905861455 0.429233430993207 0.0392541310147083 0.0302641158754336
-0.354092456614465 0.315227659461078 -0.00898320359725018 -0.0115306349327948
-0.423554057113833 0.111144869895061 0.0166214291157842 -0.114501145856226
-0.378696788523208 0.00356726087381899 0.28160487130031 0.16091665379734
-0.355810071604581 0.132654635140532 0.148200275113072 -0.0269306934900966
-0.258665271926654 0.240319550402271 0.0170937948125839 0.0333704249390721
-0.0877951921544605 0.321141560145439 -0.00685419246153551 0.102171809949401
0.100256882762943 0.319699236523627 0.0928295750754591 0.157329088185266
0.233203170996066 0.232532958339601 0.16571228400234 0.101511604129293
0.283426073687745 0.142289195754408 0.181252608449723 0.0676396072854594
0.304362094192731 0.106738564768767 0.180418195742069 0.0379489984622482
0.293554383866805 0.108186620593803 0.169289795201905 0.0267970356864613
0.287826533067789 0.150931847063452 0.13963769591223 0.0208609557063331
0.232902555958378 0.246948545135771 0.109403245874454 0.0411115012989514
0.0786570601416242 0.300141636268827 0.0832708188156747 0.0296387494438479
-0.0864528998363836 0.297069584747222 0.0601396674770921 0.00128266034251444
-0.261279237209999 0.234301105171146 0.0551626555331222 -0.0526480613394532
-0.324254524056293 0.104556080347064 0.152932015049266 -0.128177931207543
-0.249046407299918 0.0398763113031856 0.413979540803843 0.145940706482246
-0.207735194305268 0.119908869843956 0.238166261577666 -0.0467412312075937
-0.135118762985304 0.155805458180733 0.064691977090677 0.00341280104774986
-0.0522030548745768 0.195158697065549 -0.00269522515520851 0.105416535920036
0.0633545805060084 0.205860533490455 0.112898083400918 0.20147374086714
0.1564215344758 0.15746889450466 0.226623061864259 0.161296975842477
0.200174847822807 0.101261570231712 0.280648228613293 0.116120589825625
0.214132297596228 0.0822276037637836 0.28197847198752 0.0738128144790133
0.202474764193176 0.085505388970563 0.253748787684861 0.0634573572359524
0.177717694757204 0.118811087226589 0.187934572640325 0.0578818698088336
0.11730318415265 0.178393335922226 0.126361379660606 0.0733665091063622
0.00107553294668499 0.178268947981802 0.0663045979694126 0.0478534701554046
-0.0667160300967959 0.132842078400717 0.0623174415689721 -0.0186139112396481
-0.138433212794584 0.128208924316616 0.0967394484977041 -0.0726547572111359
-0.18735468408856 0.0863647611437652 0.251570200892774 -0.129531070303742
-0.0735075416782912 0.0604712810089122 0.482537074064253 0.112662529141177
-0.0298623218917459 0.06648759774376 0.287414226937395 -0.0663756760605358
-0.00903498759203423 0.0309230150679271 0.0932659008787808 -0.0348250386904625
-0.0294422169780776 0.0428654341524408 -0.00192307880744268 0.088510018829594
0.00729780180680282 0.0693551651274238 0.117974130793376 0.21137809728433
0.0519694777887635 0.0649551647580727 0.258602284990052 0.190680405162499
0.0849496734886478 0.048863601174543 0.338056160415187 0.140298494033831
0.0938133834961127 0.0441778711645611 0.339899676101595 0.0975191204331739
0.087633351645965 0.0471161701294828 0.297168569831827 0.0948699521537204
0.0579934410033072 0.0651463882111225 0.200957414064042 0.0922589818208022
0.0120458189991007 0.0884759785645093 0.114354310233921 0.0973999077243053
-0.0458607719403911 0.0508776835056298 0.0340128433205739 0.0545501418533447
-0.0190235403272183 -0.011060695316966 0.0577278570339707 -0.0343151973080388
-0.00324810959688434 0.0421360480925087 0.124596582814618 -0.0762459179089108
-0.0343797316808232 0.0719859315405502 0.306407449728645 -0.120714528611981
-0.0938448115250353 -0.0462980851097862 -0.358844610756957 0.149815713462151
-0.113996220883024 0.016538590162862 -0.153945257656509 0.138073123042294
-0.048939826438634 0.0880413194293348 -0.0472321063103351 0.0805832886393052
0.0407669394397853 0.0613170786870724 0.0244158531231431 -0.0350379955660046
0.0535504460853412 0.0237234440896435 -0.0755725158472206 -0.116233374996527
0.0416030956567765 0.000590393989050313 -0.195937220268771 -0.121496480843388
0.0296980035543859 -0.00333291330077217 -0.305220552698779 -0.0966826349215384
0.0437493235132738 -0.000263127751129253 -0.362712350268842 -0.0787480363883225
0.0520861689357018 0.00763304968454948 -0.362584880083672 -0.0964373207326621
0.0801693545305963 0.0146066823457377 -0.285813660407371 -0.136720416607624
0.0888488011460686 0.0440836780582689 -0.16671878756544 -0.162750778084261
0.0510983491536747 0.108007384728638 -0.0393525981815822 -0.0864762450027831
-0.0698446492060307 0.150694321458128 -0.113372257214093 0.0462723340538617
-0.159456945931337 0.0415278689175268 -0.264893040061896 0.0577334419290845
-0.130545178533709 -0.0427056433997303 -0.464461907266585 -0.0736600859586098
-0.234299212554171 -0.0400221515980468 -0.311214064529199 0.144435308939235
-0.226253926602929 0.0508854322012596 -0.169936231759875 0.109363243647535
-0.134717075058492 0.15225027331648 -0.0626027636557413 0.103500545014044
0.0125301269379697 0.165639347322195 0.0371285781333943 -0.00983990447564265
0.100511448465788 0.13150275520531 -0.0369058343951217 -0.107976441150788
0.140673615227612 0.0760828752815199 -0.15590619072754 -0.134143990725005
0.151799358227297 0.0404057792483643 -0.266415246686107 -0.102822937834618
0.181372501273576 0.0313231711789424 -0.31684401390732 -0.0759983069334829
0.190267764921061 0.0466931851685254 -0.313183936048277 -0.0802732566284069
0.215623465084096 0.0812853003688491 -0.244597181666605 -0.105176200612322
0.19910564818452 0.156676512673097 -0.141958255828673 -0.121028726428661
0.0982515359073653 0.253113362307723 -0.0158335581790007 -0.0550783789251482
-0.107588083726754 0.315310154980257 -0.0916888008402219 0.0786135636198418
-0.298458339644032 0.176499011397317 -0.242482757783209 0.0810922376064031
-0.304008003299191 0.0131954533519031 -0.412184315992799 -0.0613900707429792
-0.355698864505618 -0.0346427159870054 -0.210235155032178 0.146652191892846
-0.332448868930469 0.0803037994492491 -0.153133985431609 0.0728910584964914
-0.227058675248409 0.210356159441202 -0.0748647910173714 0.109701606564147
-0.0323117344357557 0.270705620299333 0.0302733642136846 0.0207411828750727
0.130898673996032 0.243600833524211 0.000172405723133995 -0.0701419548011117
0.224043249351466 0.155738383096066 -0.0930757551502238 -0.116231873458527
0.255418743272085 0.0863671412789969 -0.187130943179395 -0.0879367423962314
0.292698148295803 0.0592315934311012 -0.222986231441989 -0.0629332096060977
0.299385562934025 0.0719668990020146 -0.217144416462064 -0.0590719702670596
0.328051104632023 0.121111080041065 -0.164659652821463 -0.0710244390596367
0.30320035446888 0.233908906978821 -0.0906890982632487 -0.075585890152028
0.159282485623409 0.361336899401353 0.016127403299178 -0.0326150589781353
-0.103081977498498 0.446201184324895 -0.0471313926461686 0.0842743172567187
-0.375226290324166 0.301459511586268 -0.178759337978325 0.0782043278708232
-0.421893690462558 0.078965765325038 -0.30199480693893 -0.065240253585694
-0.438037114340714 -0.0212210473748162 -0.0585392937917992 0.152291495821349
-0.413099826699317 0.117882832809628 -0.084156416102159 0.0330486596304666
-0.298101306093458 0.26709488684322 -0.0649482079322847 0.0950024990748214
-0.06877979231485 0.360447269384268 0.0157297827269685 0.0521306182703578
0.149983504204766 0.33567902483799 0.0362535482287892 -0.00441208989415072
0.282430214956094 0.220210730462849 -0.00936141367824486 -0.0649730291735669
0.324903475888518 0.121763293342062 -0.0735315737919248 -0.0506581473974631
0.358739481377352 0.0807636028566924 -0.0933666307933946 -0.039107957198719
0.361484809943264 0.0856785019110088 -0.0873895370811975 -0.0363799464435692
0.390856740704314 0.138806497482939 -0.0575815130700372 -0.0423185530915764
0.364329216779814 0.27001865736263 -0.0162049376783722 -0.03409894041634
0.199198465450528 0.408659613110048 0.0515153999981645 -0.0146767887545898
-0.0777959769610316 0.499788496657712 0.00106167731586152 0.0617991073259066
-0.383819179516923 0.368733374604782 -0.0945466428797369 0.0415793938971101
-0.465613653841492 0.12934259036472 -0.152915502733948 -0.0862996818266614
-0.453183293822037 0.0021043528255558 0.123808959435395 0.153887268926603
-0.429193130467389 0.151420477978054 0.0262333582244731 -0.00595288769180335
-0.312587177486709 0.297646092162047 -0.028673021347001 0.0653314539974331
-0.0810309478743166 0.394785385095007 0.00334159581223364 0.0828616645770102
0.151964971303551 0.368521968915409 0.0741294289163461 0.0782597561519318
0.297957899867407 0.244050836991452 0.0867938170349568 0.0105865856893724
0.342781928362865 0.13458927029428 0.0608379462857528 0.00138096452658647
0.369776511083286 0.0882678857428289 0.0524014160081347 -0.00804950190606193
0.365309483261325 0.0896767396570598 0.0523646391125608 -0.0133100005390568
0.382647224329224 0.139064375070481 0.0541700001693982 -0.0180154954953114
0.350253519070024 0.266401813969348 0.0616962861808585 0.000274336385493757
0.18143979874098 0.38361372282346 0.0792115471840495 0.00243221821871631
-0.0628639667314777 0.449077254412854 0.0381764913918506 0.0266610813422722
-0.335115555308608 0.353319975574073 -0.0124103761656123 -0.0134361681191972
-0.4281145893891 0.147013150063061 0.00681419279183775 -0.11649682895506
-0.389237610968417 0.0335061162454563 0.30161477865852 0.142537432811056
-0.353992311684434 0.164171081601881 0.145640473347854 -0.0398294946721037
-0.246362856446124 0.267106286073784 0.0207382457511391 0.0330194024148487
-0.0632624305318506 0.337344545739424 0.00167587949598547 0.106855494489998
0.13103690677403 0.319699134915845 0.109908703767389 0.153223973791915
0.260418041110165 0.217804489748885 0.179115525098634 0.0879038253879724
0.304217831068568 0.120485353510858 0.193593483976138 0.0544976627235855
0.323295107850193 0.0833297599873435 0.189962404642717 0.0237570979640278
0.312868929097788 0.0853372705636481 0.176886298214124 0.0125861239227908
0.309343593369275 0.129861810952006 0.143461585582273 0.0088692195450515
0.261628334338576 0.230758802631343 0.116795123177741 0.0327999319511945
0.106548358540192 0.300357031942571 0.0874499688223656 0.0228694855682588
-0.0645514167285464 0.311251982583313 0.0569296811099898 -0.00554097160749662
-0.247078390404657 0.263570103762125 0.0496886266438432 -0.0599347684888189
-0.327184851347324 0.131962935325136 0.147288883576446 -0.141662061224435
-0.25262324218696 0.0591674114890506 0.438362846883429 0.115543543007014
-0.203397562716651 0.137940315661979 0.238731214492446 -0.0662533538393384
-0.126319063262374 0.170255362299223 0.0665156621137448 -0.00155584877982574
-0.0378526717295068 0.205379753542881 0.00638421133215401 0.110514160812324
0.0826295280338555 0.206683730695617 0.13383076006551 0.196574032844817
0.175114810737652 0.147955092413679 0.2476732438653 0.14623671758644
0.21514567780888 0.0856671398505516 0.299825308548369 0.095519740267645
0.228309157043191 0.064785843247281 0.297409609432247 0.0513332078413288
0.216379952384276 0.0695591333379458 0.267070934749358 0.0428676641913453
0.19329363895428 0.106126420923183 0.196934155102825 0.0433649881167625
0.137472132658305 0.17196707151225 0.135864952605687 0.0640606222494836
0.015946764195169 0.183031937750229 0.0716176274319684 0.0428849063140399
-0.0591010787023962 0.140702258798547 0.059007375673511 -0.0256129408694494
-0.131019404270053 0.14337411892636 0.0922431901892877 -0.0821438888878625
-0.186193243688492 0.101462843506654 0.248099195209246 -0.151479639505388
-0.0709362122714521 0.0662338486837047 0.507412595017455 0.077413476135653
-0.025536880225862 0.0687899831908341 0.28922801969285 -0.090370676980545
-0.00785759109968019 0.0321616968129008 0.0924197296543319 -0.0433256761825516
-0.026757629370076 0.0474770115147265 0.00598621004429207 0.0930633001618893
0.0131903290717813 0.0705424597266325 0.139340779272297 0.206577357981688
0.0604149332051188 0.0620737732222394 0.283364067562514 0.173571934628981
0.0921208034155297 0.0416214062876185 0.361220541529869 0.114915934736317
0.100744442020946 0.0365962690102721 0.359492964523223 0.0696717901490376
0.0939739254805701 0.0410143469908105 0.314705808442222 0.0716704047641255
0.0648348538056538 0.0630286328030556 0.213358404916563 0.0790787514557265
0.0215473319567666 0.0895672600437313 0.124453474519891 0.0906745127979291
-0.0425956152276486 0.0571448355525807 0.0390871918800565 0.0534654348687841
-0.0216448098728788 -0.00968749284307341 0.0536138973997346 -0.0409081127856355
-0.000212611727712035 0.0422905109516493 0.121156443113978 -0.088002237042204
-0.0298741956548352 0.0747836380768852 0.306080431457341 -0.145851248231247
-0.0943355200457827 -0.0361919863152954 -0.342360939948639 0.171734087988534
-0.10842383035548 0.0254766723721245 -0.141218905799935 0.143781728621805
-0.0402473031369381 0.0890524712224967 -0.0380591299589625 0.082679825595919
0.0444718752013443 0.055082120945601 0.0208846934483097 -0.0364492520347889
0.0544844083136701 0.0182814496824834 -0.08123064983142 -0.106501953316263
0.0402128117252766 -0.00228916973922261 -0.200642754423627 -0.103523907302931
0.0282628538400218 -0.00493717263080217 -0.306316888503788 -0.0710965108800642
0.0430976762840657 -0.00341474530099242 -0.360925181071279 -0.0477846572743561
0.0532677540224574 0.00328757529318107 -0.362338675075574 -0.0641157223302598
0.0800896787751863 0.0075632107171207 -0.289540517329524 -0.110628131030617
0.0891045986264536 0.0351665660319984 -0.176362925369964 -0.145691929753926
0.0580303043364451 0.10025804983571 -0.0464851139969636 -0.0826705926308055
-0.0555250602935087 0.151613776543132 -0.107437506505743 0.053113228616759
-0.151010568012876 0.0533654766446817 -0.253878815172762 0.0734645403001345
-0.131351472625539 -0.0309996453924772 -0.461155005579648 -0.038006034144297
-0.2315727266465 -0.018535126394066 -0.296414038672408 0.163259830136136
-0.214629162204161 0.0676482660426077 -0.160685865093782 0.117605476599392
-0.117914566843459 0.157453620503967 -0.0506580995883398 0.105881194935154
0.0255576741344844 0.158411642941848 0.0347010281673062 -0.0124115676110109
0.108969529595983 0.118524947095921 -0.0424029445316237 -0.102110590180295
0.142140914577839 0.0622119364359592 -0.162901229612011 -0.118963161061805
0.15069940315593 0.0275798921300925 -0.268165590917287 -0.0784692628105964
0.180424803353837 0.0159473678205742 -0.317321433147136 -0.0483664670113995
0.191179186069023 0.030420409360081 -0.313048894036838 -0.0525505727685923
0.217989408242529 0.061588552095945 -0.247015913177175 -0.0840904001696156
0.20605063458537 0.13585095983963 -0.147106166234665 -0.106773532601436
0.114715637301697 0.237694270443966 -0.0212495209470058 -0.0546455435068372
-0.0793734531909336 0.315163994918741 -0.0843748667903834 0.0824853565886931
-0.276110041125319 0.196111149698922 -0.23010607416151 0.0948987058518308
-0.297528948408465 0.0354237720021472 -0.40840758720512 -0.0286405169586167
-0.349272719973575 -0.0045722343116507 -0.198024276086532 0.157822762705674
-0.316125254170304 0.104683237716582 -0.148056707352432 0.0813012411677331
-0.204004359545303 0.220819286606482 -0.0624467846661731 0.112719454366187
-0.00937553990587821 0.264722809884186 0.0309994693376201 0.0179263379395566
0.148048817905952 0.225672199186225 -0.00378662348121923 -0.0688515346078123
0.230566167498985 0.132840142785198 -0.0998324247090944 -0.106835761766302
0.256327865500026 0.0633833581662437 -0.189084778309043 -0.0696182694451837
0.292019796319008 0.0335972808126158 -0.223274728654906 -0.0432565221717598
0.301047083940568 0.0454440367227153 -0.217370385824372 -0.0397844610755856
0.331790862661089 0.0911903761505969 -0.16733283880897 -0.0571191010770155
0.31410539384516 0.202104719693311 -0.0929932588793085 -0.0666507198381964
0.182980367826402 0.337839862448668 0.0118777514698697 -0.0349199132510741
-0.0642930083104125 0.44255665355313 -0.0423917669506838 0.0847316404736401
-0.338819561496761 0.323950958635098 -0.169792349922325 0.0870533507811862
-0.408455906186384 0.108294819494576 -0.301409932463599 -0.0394417589999773
-0.427746241973218 0.0147945827324915 -0.0486133111076947 0.151959946461859
-0.391796274513003 0.146594416054326 -0.0848085190244249 0.0377544754525772
-0.270163047070632 0.281517204212889 -0.0539481313565449 0.0969025765085887
-0.0383629267938468 0.356303623548856 0.01899333039836 0.0496877071436403
0.174146267345268 0.314405415322948 0.0366263239203984 -0.0081046838145151
0.292672670257805 0.190210982167971 -0.0144508457409075 -0.0637967942227485
0.326697710892935 0.0911983269707435 -0.074224298423743 -0.0426699388072772
0.357979337507062 0.0484157844282327 -0.0940762935694145 -0.0302089166840048
0.363278820377111 0.0534643389957119 -0.0884331322809878 -0.0285433150154317
0.39466067328497 0.102914932479027 -0.0602329147277077 -0.0374606980195423
0.377972301924853 0.232796694005932 -0.0164285824286482 -0.0327576404150165
0.226299488315506 0.381560212220507 0.0471829014659835 -0.0201832341223677
-0.0380306106181272 0.491166308483326 0.00208707463582382 0.0595265941163922
-0.343085920844161 0.39068518699282 -0.0914049330153854 0.0455025768019552
-0.446709742459281 0.160051258694367 -0.156949300972288 -0.0707025177320561
-0.441207727106196 0.0375651606744668 0.130058313690151 0.139342917146043
-0.406137950682768 0.180516093295976 0.0204348795559562 -0.00764606532103456
-0.281668047525242 0.312635114729882 -0.0219767328458939 0.06569754759193
-0.0469349413287786 0.390205865336207 0.0095648903788283 0.0812214392441218
0.179288086123263 0.34640214246776 0.0795291301769264 0.0689321385341641
0.311067192445064 0.213140303051346 0.0854231755078294 0.00205994597714197
0.346262240792134 0.101005966644675 0.0608393558099693 -0.00317213198109082
0.369285427937774 0.0549238374637572 0.0511820698625573 -0.0118039585185921
0.365144475727636 0.0568486242670016 0.050523995009785 -0.0168030437687722
0.386270477141319 0.104599649897899 0.0505185835118252 -0.0224015890737451
0.364310920040326 0.228376064668438 0.0618074310625559 -0.0049307132042623
0.208972011405608 0.357725843087422 0.0758305869777996 -0.00511109531339144
-0.0258825719866245 0.441696890504668 0.0350375180115172 0.0222455697277789
-0.297816776253097 0.370463870144209 -0.0161473329688998 -0.0133777365708144
-0.408764365122621 0.174433801189195 -0.00283810251051936 -0.112539306330387
-0.37724200314012 0.06144534575525 0.304779933435689 0.115063404584472
-0.333452330343036 0.185593659649868 0.13495875007161 -0.0487827108087927
-0.22070121879708 0.277749894533614 0.0234707743134885 0.0301670600996243
-0.0359657063686164 0.334997718095262 0.00981214002489203 0.105094949145612
0.153895100167294 0.301352070897231 0.120456584081389 0.1393404848023
0.271988644572059 0.18981376740337 0.181819194072596 0.0706750531022128
0.307435359026168 0.091092445156708 0.194118683239664 0.0381017364511739
0.322738949528048 0.0535240174234968 0.188365116103614 0.00719764604627527
0.31246981945843 0.0570094550240724 0.174238191070332 -0.00230272997389467
0.314044914379521 0.100891966332592 0.139976124537547 -0.00276393815328367
0.275689106732686 0.202228435345156 0.117765710052902 0.0224022995246102
0.12821545202415 0.283373060521147 0.0861906522072472 0.0145414079596926
-0.0390876175864171 0.308061651868883 0.0508283933371474 -0.00950739139492722
-0.219802577605452 0.274762670787249 0.0414216789497212 -0.0619741697421444
-0.310810305412192 0.152218699642418 0.132559351867304 -0.147482445498245
-0.242189122374203 0.0755936021696695 0.437298499688429 0.0787092537177729
-0.187837691140286 0.148342422820478 0.225971449418821 -0.080816552642912
-0.111387683525051 0.174709853006038 0.0652958891658404 -0.00722084021689423
-0.0211093187946693 0.204203042031833 0.0152869221810266 0.10827427126546
0.097096791889058 0.195813610720376 0.146469460185268 0.180361043654812
0.18337359647843 0.129483274619481 0.254156338769137 0.121453670138435
0.217627573999359 0.0653068640648024 0.301957834982707 0.068569151293799
0.228880768149257 0.0430136185721693 0.296155371207445 0.0258527371477824
0.217192405878184 0.0502797731432577 0.265076905763015 0.0190949468506526
0.197260743882108 0.0880975059624789 0.194058698846234 0.027582831543041
0.149145590632056 0.154775815554206 0.138417436763821 0.0513171989712148
0.0303735345428759 0.177788139952308 0.0724905683627468 0.0359010622760206
-0.0478314882584719 0.141555255007259 0.0513436490972363 -0.0300852360548938
-0.116389067579983 0.149360353808265 0.0819864405245168 -0.0872692742460148
-0.174879917417962 0.111362013133774 0.232481619085204 -0.16426647101316
-0.0639668457080597 0.0680411042545766 0.501922329264117 0.0360143680459291
-0.0204621885678409 0.0673676595463649 0.275572922709297 -0.10730656496024
-0.00627134518026718 0.030859723024614 0.0865958080221928 -0.0483364934015543
-0.0225162604873086 0.0490310070823871 0.0133187282160923 0.0917479119724298
0.018673164270123 0.0679988090082741 0.15246925173627 0.190065200928846
0.0643533865578059 0.0549484668980866 0.29118560151711 0.146324544241351
0.0942113661097871 0.0325808999200416 0.363748412749269 0.0820493219035752
0.101524068738119 0.0264578298403328 0.358738406740628 0.0385630612833908
0.0942757809440803 0.0321881123779907 0.313726473502275 0.0434289590457993
0.0683510055454076 0.0566119987137447 0.213459178170718 0.0601794556789942
0.0293073764052203 0.0853578653831309 0.127988327026358 0.077838556445041
-0.0366708149036765 0.0593885498985894 0.0413631783410688 0.0487852664852099
-0.0242892073333006 -0.00785177529425719 0.0457826663282671 -0.0442351083868777
0.00239807365017627 0.0409196356914933 0.11089082584196 -0.0941886234486682
-0.0232901823845102 0.0728385175725379 0.289846548201579 -0.162796871447831
-0.0909320639256407 -0.0288132308759131 -0.321764576933567 0.175247161423665
-0.100142242238 0.0292199005203668 -0.130960729631292 0.140386776863412
-0.0340521569582331 0.0861044834799791 -0.0315474608444588 0.0797688373643864
0.0445072968556644 0.0494080063046003 0.0186495263719357 -0.0352047008141834
0.0526231152324823 0.0144684037467645 -0.080112672628799 -0.0970528181715741
0.0369383323510086 -0.00286266790626513 -0.195097330847211 -0.09004857477436
0.0263316564327244 -0.00542439933121569 -0.294768426467843 -0.0544954538474636
0.0418158508074433 -0.0050677090114215 -0.346565795033905 -0.0295400499356917
0.0525540456040648 0.000902168589130769 -0.348184140194287 -0.045699894892028
0.0773949409531525 0.00316645864983445 -0.28029278949186 -0.0944611603324092
0.0849432804322876 0.0294278163030968 -0.173852077963659 -0.131785159871856
0.0583510001372345 0.0924249223867876 -0.0485996314775979 -0.0780632805116442
-0.045081210092542 0.14615604350364 -0.0998071566066985 0.0542474307867555
-0.140500023271258 0.0562561936452118 -0.238551073786836 0.076485086112549
-0.126096380948313 -0.0241069746367407 -0.44208308107157 -0.0208617166800309
-0.219181989649205 -0.00783657985447699 -0.279337630421721 0.165119059545533
-0.19949812068819 0.0728135375397384 -0.15116720911268 0.115947802093723
-0.104714615361965 0.153438036256106 -0.0423330026506822 0.102038131485245
0.0302784641452526 0.148067552886277 0.0325501071734553 -0.0134550317508952
0.108986196048662 0.106711854501422 -0.0428051083832875 -0.0944552421152406
0.137120878635324 0.0526429285540691 -0.159603622729123 -0.106562876066814
0.144681799568129 0.0199993188193885 -0.258226003174065 -0.063846826462043
0.172889922727685 0.0070709366042496 -0.304388664402844 -0.0324575409659691
0.185633228885644 0.0199849180456622 -0.300902019349679 -0.0359612822125434
0.211521620058961 0.048451306500364 -0.239518846240839 -0.0701882676853196
0.20058135891099 0.120194793178834 -0.143675198797373 -0.0959147169728256
0.118149161555711 0.220744002932317 -0.0235725055026556 -0.0525567997999773
-0.0626128394835941 0.302622853338408 -0.0786337158989528 0.0810629677570087
-0.253174849059432 0.197155916570247 -0.216935761503848 0.0963726573567422
-0.28253306973567 0.0452975697864295 -0.392160398405228 -0.0126723737617395
-0.33127042735522 0.010828643850568 -0.185587200175287 0.156923682571579
-0.293745205273995 0.111810289761657 -0.141204958881074 0.0818516943600051
-0.183419887646578 0.216078150837564 -0.0533513362823361 0.108454045148971
0.00173603833740036 0.25037919495066 0.0295533589978987 0.0158442405743345
0.150711002262602 0.206338440492746 -0.00448095763946651 -0.0653432524696686
0.223818685561661 0.115622446851175 -0.0998224514740609 -0.098256941193851
0.246106776858053 0.0488857105446881 -0.182108936187276 -0.0588335879868226
0.27974432066463 0.0195267198624775 -0.214649953878041 -0.0309605073086802
0.290019527646906 0.0300050386290232 -0.208720458652702 -0.0283195655794409
0.320692525112707 0.072128411608654 -0.162442701536017 -0.0483349910932491
0.306898931927486 0.178120552806312 -0.0893753776385807 -0.060025750073392
0.187485187489827 0.313019349216243 0.00767820227444049 -0.0355009836566673
-0.0432018570773097 0.42301236867437 -0.0396945161915628 0.0814168093450638
-0.309638820271264 0.320989570950061 -0.159851307812891 0.0878247040163329
-0.387660117474356 0.11802085442957 -0.290293437362823 -0.0245202693900367
-0.405069017438983 0.0312661751450718 -0.0432354779242906 0.145803134415689
-0.364664577913726 0.154848498237274 -0.0833457545578787 0.0400815725990601
-0.245472332612121 0.276551139486473 -0.0462831353684576 0.0937226298176882
-0.0220138900559703 0.339304962853679 0.0195409405767988 0.0465565865926281
0.179825214129582 0.289176622447049 0.0356790009657383 -0.00990332224987174
0.285129593975566 0.166930921956971 -0.017254367897506 -0.0614845574235879
0.314740168977181 0.071443146137649 -0.0718047506861721 -0.037520966591572
0.344500247577252 0.02903963585848 -0.0907782545182661 -0.0244270007174814
0.34848581796798 0.0343574217311844 -0.085643819111469 -0.0222568683249233
0.380629873953789 0.0792552177224277 -0.0602549896287195 -0.0336792533966959
0.370259686938585 0.204027392069472 -0.0154886075076273 -0.0316490317048855
0.230752103770545 0.350878531615471 0.0422171611976859 -0.0222243932508946
-0.015766811224854 0.46837185590958 0.000771225582061796 0.0564731824932141
-0.308449769107709 0.384266493245053 -0.0880205378497147 0.0457377248119733
-0.421381478103857 0.169024059786769 -0.153386124940225 -0.0592023572650972
-0.416965257927028 0.0524134567061598 0.126642573804712 0.126901737713414
-0.378912136503308 0.186013828192915 0.0144218300599667 -0.00695784827067038
-0.255819992142833 0.307014177114936 -0.0173674277843234 0.0623857311200097
-0.0283959824618036 0.37302759133887 0.0117721116079727 0.0770474931747357
0.184773567671859 0.321392924416802 0.0791841605148021 0.061894776494798
0.303634768693844 0.187770273940848 0.0809256287845683 -0.0036394435816247
0.333651686032307 0.0806902889624602 0.0590289874427621 -0.00535890231745683
0.354528488164247 0.0348599436007414 0.0490029091934115 -0.0136019107076308
0.352125498073784 0.0381421783665006 0.0473929230433622 -0.0186702367716891
0.37319215554956 0.0815317052338891 0.0457019641373105 -0.0240705284055739
0.357755051741712 0.198564529079748 0.0601449988776925 -0.0087167097207964
0.211856637849403 0.331241159213031 0.0710425254595764 -0.00882189170833402
-0.00744252289845903 0.419616882392514 0.0299407108051842 0.0197579736819782
-0.265362821751315 0.364129173492264 -0.0186827228154675 -0.0126519184029745
-0.384084442992498 0.180969274815157 -0.00725351235498398 -0.104746012298875
-0.355274461974935 0.0721095112102087 0.293073706688302 0.097865767116285
-0.310589689478564 0.187852220370799 0.123511227770709 -0.0492525629420442
-0.200131849264087 0.271294223998185 0.024293156694709 0.027542826531427
-0.0211764777692207 0.320119761692255 0.0134443181538696 0.100303456958856
0.159410278143063 0.279690445468861 0.120288002424032 0.126614376919223
0.266996643012321 0.167664441014068 0.175744646921597 0.0575609734608243
0.296846952920092 0.0723961840081526 0.187248045313805 0.0273225090240282
0.310651811763768 0.0355723205961422 0.180532883583321 -0.000790028685927583
0.3007019736694 0.0401687311609198 0.165859653145151 -0.0103930482519431
0.303768920016042 0.0814635365997371 0.131318842561876 -0.00846419031114017
0.270811295371081 0.177844637471212 0.113988572818432 0.0144188478995633
0.133228189902471 0.264067763888759 0.0819508096973613 0.00970589197084665
-0.0259470018782359 0.292959940817087 0.0436467443195598 -0.0109345762943472
-0.196492923358038 0.270103972760647 0.034896778849162 -0.0603937842176749
-0.291584925233389 0.154838685582598 0.121464719447163 -0.143582567374495
-0.227514321502645 0.0803402507124113 0.419373945999284 0.0577661583024489
-0.174169495183083 0.146501661073571 0.210583384738072 -0.0836043307175029
-0.100417026265599 0.168549436598525 0.061584395164031 -0.00893841107160171
-0.0127940054800448 0.195554841572349 0.0185471029311073 0.104323187762069
0.101066487734413 0.182240838550519 0.14661251092142 0.164511417936861
0.180399225040309 0.114016440156275 0.24705466488622 0.103288581308118
0.210469599491525 0.0521512216973526 0.29165149126997 0.0516925671671166
0.220005555154995 0.0307598047747253 0.283985178040785 0.0111473472628989
0.208665516510379 0.0387221465230568 0.253605971226859 0.0062371098120741
0.192031126421988 0.0757465384656304 0.184592323680689 0.0180474325586891
0.149458341584799 0.139366125029605 0.133832473465015 0.0422595684824293
0.036611801276479 0.167343395235032 0.0699956451140513 0.0304636060841876
-0.0412907731286473 0.136178430601745 0.0437895981244494 -0.0300822545055676
-0.104240037599625 0.145728682552849 0.0728590056280628 -0.084441212418511
-0.163398379381014 0.110264170526181 0.216521788849611 -0.163038803419023
-0.058678309623412 0.0651928889136263 0.481416790790655 0.013639115271863
-0.0182047588048938 0.0633430724179521 0.258265339013687 -0.110272558811586
-0.00545193825510309 0.0288580550220795 0.0800102419008221 -0.0485581198871935
-0.0196212356755787 0.0482879866858609 0.0163573594310796 0.0881024271934804
0.0203157660414245 0.0639961221114872 0.15241525755981 0.174541121123406
0.0642671694740464 0.0491364363593682 0.284347652238743 0.125479030590284
0.091206566660205 0.0259398367150931 0.35073017215371 0.0623743707235915
0.097723547054769 0.0199798907273919 0.344550320392965 0.0213690327196287
0.0905977460667981 0.0268840875555145 0.301354064960778 0.0271312076931965
0.067325719809239 0.0519966681126707 0.20514277729173 0.049458389348836
0.0322371099078624 0.0791422976798416 0.12368008051513 0.0685083972123785
-0.0313395655593572 0.0584664703513944 0.0410939686123032 0.044847222869117
-0.0247074049631641 -0.00618503857735581 0.0389215308358868 -0.0441821582330917
0.0034520175057778 0.0379134356514024 0.101975837220983 -0.0928272199494424
-0.0204959981500229 0.0681854718322611 0.271987797302105 -0.164382377770557
-0.0864394101475702 -0.0264681309254553 -0.313799987791 0.167835537333141
-0.0950591638455251 0.0290177654481168 -0.128592333286943 0.134302652924622
-0.0318755964998962 0.0828269991507151 -0.0286628720574071 0.0755860958992917
0.0422137008177688 0.0467752971082439 0.0180105782699526 -0.0340332251276277
0.0514508738300566 0.012981381229243 -0.0751783441308426 -0.0931456526650355
0.0356005230834195 -0.00237052060250236 -0.188033221288654 -0.0857429901762539
0.0255595081954367 -0.0039794143657159 -0.285542628043817 -0.0516103752379203
0.0403224216702299 -0.00470764292205168 -0.336304733243646 -0.0272172809820229
0.0516143952891723 0.000500258528581869 -0.33639135704486 -0.0426037098377537
0.0741196059818175 0.00222501280440338 -0.271507229342304 -0.0911260512137485
0.0806460496108235 0.0282341379072016 -0.167966681747954 -0.126187060043819
0.0558322677927975 0.0886183076050958 -0.0478911785203355 -0.0760804090713965
-0.0427355837485992 0.140341737907908 -0.0962397658140201 0.0514917562108209
-0.134806540759239 0.054860410535298 -0.230532171223366 0.0700519528697039
-0.122704038001512 -0.0223900136192122 -0.427408497572737 -0.0194288320536134
-0.209744453004934 -0.00569326277161449 -0.272511925112978 0.158680687239502
-0.189905159952387 0.0703274657222635 -0.149438614916286 0.1114822538295
-0.0998675720047341 0.146859735906265 -0.0395368466862828 0.0973063539017404
0.029488926317161 0.141675234086166 0.0317666350576099 -0.012711896703689
0.105605852375397 0.1009048067642 -0.0401779680242949 -0.0910051317659204
0.132042676457538 0.0505958125363023 -0.154712034919013 -0.102266516289519
0.13932984336234 0.0190312572286338 -0.249734556083738 -0.0597024422156989
0.167764056682676 0.00597991883806133 -0.29505624267434 -0.0302946134688174
0.180414958918939 0.0184996448663338 -0.291055663544267 -0.0334027303285914
0.204895456683729 0.0463130852922109 -0.232534773842949 -0.0679861449680658
0.193245885065513 0.115442372088376 -0.138485285132137 -0.0923703384757482
0.112313946540573 0.212567216498705 -0.0249745623424026 -0.0520136281588763
-0.0595865961612749 0.290234358573547 -0.0776242195235731 0.0777729328759339
-0.243039090859862 0.190261368746721 -0.210597238570709 0.0903232451194244
-0.274884337183125 0.043906987193971 -0.380792686251294 -0.0112522509465759
-0.317419508371787 0.0111493877474745 -0.182305695503793 0.150206337390867
-0.281915316180119 0.107202874227061 -0.14068902049104 0.0792567532161579
-0.176164997581493 0.206860440465172 -0.0500667072072744 0.104149827772092
0.00262841139511955 0.239898632681701 0.028733767419766 0.0155891981414026
0.146153097402704 0.196575161268317 -0.00326933896936269 -0.0633925413464419
0.216068203276585 0.109999762935958 -0.0974365812238953 -0.0951340173590526
0.237576265535405 0.0455766043520106 -0.176046577180186 -0.0554484128330709
0.27110633143691 0.0161101438167891 -0.208042123214151 -0.0289287401200747
0.281516841100043 0.0276919655436559 -0.202764344516012 -0.0259366322179323
0.310982995318626 0.0679428150840874 -0.158108092489393 -0.046426562642504
0.295897549272098 0.170075713259161 -0.0851783662490312 -0.059291839129253
0.180115020556723 0.30127966376889 0.00589200651776973 -0.0348574055337285
-0.0418196149556614 0.406414520935504 -0.0407201853675185 0.078142315271116
-0.295469359741979 0.309612330296017 -0.157112744168671 0.0829138985242797
-0.375839660067759 0.113061744606777 -0.281850296272134 -0.0221577148664432
-0.388785625778396 0.0310742703755908 -0.0450763606453333 0.140457225695366
-0.351309439854765 0.148840360936815 -0.0849029010581515 0.0399980474671926
-0.236416724463967 0.2651729896473 -0.0433252428297347 0.0896525297090222
-0.0201508412340046 0.32619310384687 0.0178696119577414 0.0455142873253432
0.174151710174038 0.27608312758575 0.0350348133969459 -0.0110847306602275
0.275069700918328 0.157827700852366 -0.0173172256873697 -0.0607147689139256
0.304138266706047 0.0671540985989832 -0.0690935291055421 -0.0357562093064995
0.333408586798509 0.0261628048128138 -0.0879091966527104 -0.0229507503540548
0.33820585719334 0.031364255120531 -0.0831123839634792 -0.0214492513725542
0.369172257126517 0.074754160958358 -0.0600558633319502 -0.0330859679390459
0.358197843361956 0.191978676270178 -0.0137555389951111 -0.0316803255828114
0.223682768042241 0.337501193856772 0.0393246723422824 -0.0222458532432136
-0.0140839469333308 0.450398754506216 -0.00282441426300128 0.0544049479981566
-0.29739718414922 0.370736010750935 -0.0875112581539626 0.0434462134453913
-0.40864873320262 0.161739617939911 -0.14894265685496 -0.0544819611759381
-0.400170004194266 0.0509227089754699 0.120132110034546 0.122267770328521
-0.363802033185366 0.178701193173249 0.0102913727595424 -0.0046450398232547
-0.247695267075759 0.294314386236746 -0.0158741131667174 0.0598427462041212
-0.0273625707510285 0.36011900783566 0.0107190581722474 0.0754953684523039
0.180455641259739 0.307450830627608 0.0766502041445975 0.0578625205189822
0.293205465326155 0.178193810538525 0.077147332420093 -0.00582682386742488
0.321947643586966 0.0751167660350425 0.0573976045627804 -0.00617426602381186
0.343509378029055 0.0311042826682493 0.0478877200098142 -0.0137905109632444
0.34035487022585 0.0344734370102371 0.0454137087009627 -0.0180443396641023
0.36161297611721 0.0760740405111751 0.0420295088478592 -0.023407538515907
0.344471479437673 0.188264708154096 0.0594853290276257 -0.0104040972816143
0.205128050830748 0.318120554733106 0.0668930419910668 -0.0099231398181025
-0.00842127135073534 0.403639946978605 0.0247807535021646 0.0198181606691379
-0.256050812003358 0.350658383609123 -0.020344411057232 -0.0118588999580693
-0.373695411215644 0.17277653370439 -0.00749546279312901 -0.0978790722583053
-0.342226852852247 0.0696323564911763 0.281705941774395 0.0932046325751591
-0.29898565324281 0.180779910275021 0.11636281329586 -0.0457666416549652
-0.193292590115358 0.259993996646388 0.023880493926665 0.0263984865023648
-0.0202275646808769 0.309921132541384 0.0120974967915615 0.097760639403285
0.154647713044484 0.2687225155078 0.116096374982047 0.121026134990057
0.256993627577995 0.158661459386913 0.169672528284622 0.0525141967488658
0.286154253818909 0.067292944670818 0.182111550470383 0.0244253760232783
0.300095882263158 0.0322199761505954 0.175994967831915 -0.00214070005647019
0.291383879358047 0.0375240411620438 0.16043607083947 -0.0107111601791285
0.294363891747706 0.0767986603536196 0.12517720812728 -0.008862901252003
0.262480729404689 0.168195231171119 0.110562842070657 0.0121145541631214
0.129544582678178 0.253146008167025 0.0774679870664032 0.00804848895838276
-0.0259282301434902 0.281509616486884 0.038579036615464 -0.00953017960612467
-0.188828257430746 0.258986296886178 0.0316151234354933 -0.0572497123090632
-0.283746216832643 0.147779559688294 0.117495132126516 -0.135509075855612
-0.219255021834629 0.0755852605084662 0.404956747288168 0.0546861027992519
-0.169113134039532 0.140175955070676 0.201530708652419 -0.0782263416660072
-0.098370691953855 0.161300010637197 0.0597469692569154 -0.00770540909181175
-0.0124842115575667 0.19036133310176 0.0181610692023342 0.101810323534396
0.0976998720753703 0.175167448760964 0.141553969472874 0.158301357018313
0.174116486239265 0.108192542942847 0.238417035372056 0.0967895694078992
0.203535195244429 0.0479666593893502 0.282672988865195 0.0476742572069212
0.212835289473255 0.0276951703404694 0.276384661728064 0.00879194163584411
0.201641255987003 0.036365766028681 0.245447690914386 0.00444349309369469
0.185983758135388 0.0718641294538023 0.176789598805196 0.0172556779499335
0.145124225290888 0.131339549498572 0.128896962123097 0.0390307556858914
0.035804284236879 0.161514064390569 0.0664162376328912 0.0283095338265785
-0.041024885544781 0.130606508723055 0.0388830888816209 -0.0284793255538361
-0.100319462344415 0.139110865356623 0.0692888840425492 -0.0808611376310013
-0.159087004327009 0.104626525910294 0.210255374817094 -0.155354327068974
-0.0568732809644012 0.0605669199541573 0.465295488692636 0.0134734712367531
-0.018871132343717 0.0594094973473398 0.250743136702364 -0.105281284016005
-0.00693502145925479 0.0267892828198248 0.0775467359801865 -0.0455215875226116
-0.0188905873807425 0.0476062392458618 0.0160297224997128 0.0862095674044935
0.0196707426719573 0.0618531859869914 0.146805003679206 0.167882244399199
0.0617778932763287 0.0455887726012002 0.275093334375854 0.118792971842556
0.088204120306416 0.0240087368186719 0.340099938744622 0.057731884519359
0.0939869062148267 0.0184052934376715 0.334808203030493 0.0176258620054221
0.0878052791973987 0.0257509320408872 0.291184075611055 0.0240049951084201
0.0656588997007707 0.0500547147920877 0.197200745812997 0.047690166623703
0.0323916225881033 0.0750360761141732 0.118863100862421 0.0652401982484862
-0.0297717302023148 0.0570665169140665 0.0397287383178717 0.0423606902390551
-0.0255132682073255 -0.00525776636606951 0.0351665861098564 -0.0421380389390604
0.00265596558946378 0.0359602427264303 0.0978365472952506 -0.0875669589794063
-0.0207004236995865 0.0637822321544364 0.264264806368856 -0.157375550693277
-0.0790838791749811 -0.0374325203659748 -0.332171409289188 0.118180869206329
-0.095695689169826 0.0139021987525713 -0.14832122475977 0.110008274334725
-0.043001665562174 0.0757817056846685 -0.0419310355701454 0.0670645555302482
0.0333197361824151 0.0517281919315285 0.0196504921262312 -0.0314352777696085
0.0479258307312044 0.0194591602411212 -0.0615906087728371 -0.100766175056615
0.0358552560174456 0.00514675954951503 -0.175471727679868 -0.109711596989197
0.024778477655635 0.00200298849319911 -0.277042222785354 -0.0883241833973728
0.039154696891454 0.00243031995174261 -0.32765840992974 -0.078121083501509
0.0486217160835869 0.0107037062746873 -0.326926046976755 -0.0937055683109297
0.0698853018099224 0.0144865758071388 -0.253813439217376 -0.134160234357634
0.0703219193253581 0.0411794134330416 -0.146108709729842 -0.153458636237928
0.0379154285557514 0.0958903609650257 -0.0366165831672763 -0.0863649782285183
-0.0622483788578095 0.131681883264114 -0.100488793335562 0.0342239300906451
-0.139278547511845 0.0349566169262459 -0.236272644512831 0.031997647649635
-0.117991529639565 -0.0357204232322046 -0.42372544881702 -0.091771176440212
-0.203099629228646 -0.0332548301956683 -0.286540194068842 0.105899193760538
-0.19415078140474 0.0399318343224646 -0.165556766431191 0.0794868580235624
-0.118873356676046 0.127574453042355 -0.0558444914431633 0.0803777809516495
0.00613277310973158 0.140944336831781 0.0281825196954971 -0.0131176225203203
0.0860234385468407 0.113190575195796 -0.0308132235627406 -0.0971617576577272
0.120918591615751 0.0703956313588578 -0.144540373823949 -0.120933663585757
0.133951932364756 0.0419903967130063 -0.242723288298008 -0.0934663918318659
0.163047025606734 0.0326015750488022 -0.286060554108631 -0.0737205868678898
0.171299253258297 0.0481222917619876 -0.283953694096363 -0.0795368058968911
0.190787803853433 0.0767659255904271 -0.218109545588966 -0.107712681653077
0.166052381536912 0.142367329637925 -0.120417623575903 -0.118160273543127
0.0733039917237699 0.226112071151551 -0.0167444940256868 -0.0608956072181157
-0.103012832634365 0.274812708709931 -0.0848731425434686 0.0626971071905775
-0.26624428913577 0.14875708675457 -0.216111554368128 0.0574829118030782
-0.278999046719901 0.00256418839742917 -0.376134177116971 -0.0735667176844644
-0.311325408981773 -0.0318214648409443 -0.192656845788016 0.102875296393848
-0.289291599798831 0.0620411074522105 -0.151664592397212 0.0450532122383593
-0.202501667188371 0.175026415970286 -0.0672100127816484 0.0792633208626051
-0.0367142031448809 0.23282121030307 0.0198969358347876 0.00934325828482762
0.109650968835043 0.211951322385492 -0.00248722885362364 -0.069054353469544
0.193404984571271 0.14003624887337 -0.0943189625312937 -0.106207825560054
0.227042088739331 0.0828757322609646 -0.172019518343858 -0.080160741868349
0.264112843707844 0.0587008002376036 -0.199696712834091 -0.059116173522255
0.26936615541495 0.0716477040353332 -0.196013463644134 -0.0587881475850529
0.292604924158078 0.113231364088171 -0.148768999541798 -0.0773263728047307
0.25894619643503 0.210383859591568 -0.0725174716885711 -0.0788551841954989
0.124635116354962 0.323950526131438 0.0102550624422499 -0.0410412325480603
-0.103368884702136 0.389906060866835 -0.0479132575474073 0.0685359623531189
-0.337954847978416 0.254335155024248 -0.158428022004887 0.0595503165112551
-0.390904728985249 0.0519584193107184 -0.274943667736643 -0.0656604041660726
-0.385377393986771 -0.0221272710952949 -0.0532320748855316 0.105557581321723
-0.364451804696665 0.0920958113211331 -0.08979831678153 0.00987952720680147
-0.27145496859116 0.222464554559101 -0.0594988871706719 0.0613115791630455
-0.0724282920880441 0.313371733553247 0.0049494569979329 0.0331993024400552
0.123297904880146 0.29454026719593 0.02501852112862 -0.0159572602478661
0.243882379016336 0.195277758686026 -0.0240856277536661 -0.0614842235285278
0.289336341289071 0.113152540003661 -0.0699065015691247 -0.0478095067524605
0.324035208082073 0.0768883840385843 -0.0818217397129858 -0.0351961748722212
0.324627094676002 0.0832808395324955 -0.0785025391019802 -0.0362501824345602
0.348224801384096 0.128747960068101 -0.0542177928061255 -0.049239837678875
0.316068195289386 0.241540772714737 -0.00550523398643158 -0.042090406778376
0.160880578351818 0.36586204665219 0.04081160696785 -0.0242532236981841
-0.0848640678945181 0.436738060036614 -0.00684197382057656 0.0508571385830614
-0.348540585058553 0.31346761649155 -0.0823169498883008 0.0322433204037239
-0.431365447092125 0.0917216709309252 -0.135328854003207 -0.0740916807220917
-0.399931186539281 -0.00435232718331302 0.113070818033198 0.108396750393984
-0.383811162943725 0.119478209736617 0.010608333660895 -0.0220068955824535
-0.288227552552273 0.24934917558814 -0.0294699474947688 0.0336402969151954
-0.0859560747336988 0.346444563108641 -0.00686078173054472 0.0603875106530972
0.123635872709383 0.326865685520277 0.0551390556728974 0.0562372151870058
0.258857005914192 0.21615164911319 0.0604536272151549 0.00561613855200795
0.307009317795726 0.123765971775522 0.0511013875422426 -0.00229709376932509
0.333825556070673 0.0829336000713261 0.0507462368212167 -0.00521516187363412
0.327540145908801 0.0858704656363442 0.0488460029105549 -0.0136882010205435
0.341931920645747 0.127922772802887 0.0451273572859927 -0.0239353980973215
0.305817576872473 0.233873879095979 0.0630561990544702 -0.00946736272699066
0.148475747750397 0.342760825287249 0.0673490840929687 -0.00584859668562625
-0.070992994899226 0.390961875977341 0.0248325089669071 0.0213761917796089
-0.305571586114091 0.299341735837184 -0.00887589004142284 -0.0117117970351761
-0.39805418144756 0.10611027199743 0.0146499543534131 -0.094215956791239
-0.345466182123218 0.020482341499956 0.273817950393682 0.104518339623478
-0.3217303111067 0.130325437214588 0.120977220392803 -0.0448074103183598
-0.230921893899519 0.223961317667861 0.0143637908532206 0.00984499379726723
-0.070252832065837 0.298329992762192 -0.00804192901190028 0.0847359231566871
0.104709843853946 0.286178453427503 0.0862250257139332 0.125029571323605
0.226238042694138 0.192210121797079 0.145407534262289 0.0759553813399664
0.273786444100912 0.110625393884468 0.172054135834653 0.0444096286656091
0.292669159104029 0.0764513854303558 0.175673830036101 0.0248687087560004
0.279788303030432 0.0804189985281068 0.161912359782801 0.0113178913174169
0.275517306323576 0.118264196374648 0.12475909683741 0.00550829757740227
0.22932432721507 0.200413969584073 0.109315142630938 0.0223982260899147
0.0851747951133417 0.266870729661329 0.0751588844874187 0.0155223388353801
-0.0695609634804267 0.268687557774814 0.0406373398210614 -0.00393121845878563
-0.225429730671123 0.22041522248038 0.0474539788332602 -0.0483407552317168
-0.305337984485623 0.0942026615866058 0.145071868544059 -0.112504972206566
-0.227528696241492 0.0431575464636778 0.39748775751681 0.0909655298030141
-0.188715635101876 0.110413687485772 0.211204458834174 -0.0592130620707377
-0.122993971526179 0.141326281187848 0.0564490310586776 -0.0101318013719183
-0.0431936775661411 0.183659520224774 0.000132744920378317 0.0949225555953106
0.0649114771817539 0.187350595154168 0.109362963027149 0.169376288196716
0.152507194508121 0.129932575877245 0.212750596618803 0.128902831300925
0.194818550507295 0.0775407856919794 0.270069835363065 0.0813288520673725
0.20752981721534 0.0591103993623879 0.272562870937576 0.0505542590199449
0.192639390058524 0.0651077894094471 0.243570123627964 0.0398227992411876
0.171176992132264 0.0975671699290081 0.172368041016784 0.0415044532861722
0.121655836467161 0.148094693643422 0.121900273932158 0.054304971147215
0.00963088947560909 0.162159962696703 0.0619323389293515 0.0362519644113799
-0.0614065002584613 0.119820920941964 0.0426771689903417 -0.0214204254757147
-0.121015214595409 0.117308969291425 0.0847015876796225 -0.0661599099904474
-0.175589649314378 0.0704522934571869 0.24060203412661 -0.117674456042491
-0.0666465844634562 0.0506900270758546 0.459826509435216 0.0683365451085572
-0.0293393975193082 0.0553317271785004 0.263775704767322 -0.0699586095239608
-0.0126954132554677 0.0241899883496629 0.0826663575904556 -0.0352439958729725
-0.0264166541408153 0.043916419431747 0.00413477022370298 0.0860163251129641
0.00822822593371153 0.0646350465489126 0.119212632980228 0.182970626809154
0.0525795489970345 0.0520068873167662 0.252121737309256 0.155243579798575
0.084751392692558 0.0348904337694699 0.328803795849646 0.0992695858302249
0.0916343847620462 0.0317484633805344 0.328610041485042 0.0683150857780807
0.0839698008723394 0.0365482743213865 0.28597154168629 0.0670754078672325
0.0577429147501842 0.0586010188054732 0.187524228355376 0.0769610512845618
0.021721197315315 0.0762753537302512 0.107232366999983 0.0810812851560494
-0.0372223677020567 0.0509117827352297 0.0330663416769399 0.0477314608876663
-0.0259324688866901 -0.00974877240559691 0.039008524341077 -0.0352626565433856
-0.00426296611703916 0.0328242668728209 0.111530384725752 -0.0695692912057066
-0.0320870333294487 0.05278705447943 0.29378652343887 -0.111532849506084
-0.0797648169352704 -0.0370419207818138 -0.342734514599077 0.122336227515604
-0.0956458069623844 0.0141893072841414 -0.154519380898023 0.113033573270186
-0.0421795302157726 0.0777873962797591 -0.0420059869082283 0.0682840895495399
0.0339112781118211 0.0514238497557108 0.0207692332095619 -0.0324598993514362
0.0494708057364196 0.0186642178875062 -0.0614848468297223 -0.102153402247855
0.0371442349600921 0.0059756317930704 -0.179098631548942 -0.109812202195034
0.0255562682212576 0.00291248870153713 -0.284871310435922 -0.0881816296154757
0.0403820929702215 0.00276627595782252 -0.338359095325811 -0.0779308627036899
0.0507346036364558 0.0104727993109771 -0.336881443406623 -0.094770159408565
0.0715266603121746 0.014360895332959 -0.261347083250606 -0.136661762808212
0.0716516002950835 0.0418958007874277 -0.149939051813273 -0.156300367778127
0.0383283577926756 0.0980779560701579 -0.0382141774778562 -0.0889002700883198
-0.0628280961957719 0.134117141546724 -0.103001359429201 0.0346489597137482
-0.141807458217837 0.0361011953990219 -0.242069029913622 0.0306227921575444
-0.122198112699416 -0.0360036943699857 -0.436805138242575 -0.0929002709603306
-0.206250433693546 -0.0330965608616099 -0.296576743961309 0.109471731004723
-0.196998839828292 0.0408706133426127 -0.172217668989738 0.0827541965770369
-0.119468492181408 0.129992177320062 -0.0562170594024607 0.0815379442072589
0.00634472885404194 0.143095585725751 0.0287125741003276 -0.012844881619909
0.0888603031892816 0.112937333220872 -0.0304385787038099 -0.0982652060182021
0.123837809100865 0.0709696125810462 -0.148733319577078 -0.122321170789371
0.137087786452766 0.0425946587959705 -0.249046986126485 -0.0929615845076313
0.167923733208032 0.0320511587595426 -0.295527626216768 -0.0738436034322541
0.177090161769705 0.0481574882057913 -0.291756247348053 -0.0793268580345224
0.196781468005982 0.0767049657694346 -0.225805702325754 -0.110226924110224
0.16981730691295 0.144794574439132 -0.123050478646163 -0.120918404453857
0.0754750468550111 0.231305186653603 -0.0194991091887699 -0.063447883438024
-0.104661141706859 0.281289782790172 -0.0886957567386473 0.0646197418122545
-0.272745078027296 0.151859367744122 -0.222451366670768 0.0568972732659284
-0.288541308065803 0.00320046212985101 -0.387544517541287 -0.072518732234468
-0.31630670953324 -0.0315662046537855 -0.200926892338327 0.105956903353739
-0.29440814669846 0.0639422808375262 -0.1587564328521 0.0477686743957309
-0.206379600739285 0.17748463829204 -0.0679593918734729 0.0808288216635645
-0.0366753117683079 0.237219050826361 0.0200346014262324 0.010203670314064
0.113347509798753 0.21392840681024 -0.00183808751700414 -0.0708891271250936
0.197748385247128 0.141372561881909 -0.0971858597900707 -0.108075792768811
0.232413245216343 0.0830987965267687 -0.176583134819858 -0.0802655276849747
0.272036230981265 0.057953455592431 -0.206295007865577 -0.0589628453437206
0.27799512541003 0.0715156389079097 -0.202790617480111 -0.0579882693203882
0.301638887592739 0.113933001600506 -0.154341040355629 -0.0781754882940003
0.266204910249348 0.214030828107358 -0.0738684889680712 -0.0824500686994322
0.128475137762367 0.330520943421951 0.00874538143449443 -0.0429990009399048
-0.105780242520779 0.398722419183624 -0.0517374689436755 0.07097036424299
-0.344536693687299 0.261404049312672 -0.164475198248109 0.0601445551674022
-0.402746260077289 0.0541017537830838 -0.282620712806313 -0.0630239645976299
-0.391173181335132 -0.0226273616431745 -0.0577377035851994 0.108447864654329
-0.372036111554326 0.0943851976210593 -0.0959448471635419 0.0125206122669308
-0.27707178493633 0.227781479451059 -0.0598436809147292 0.0620157189295367
-0.0721261820247639 0.320726352633148 0.00410970567490337 0.035053558537463
0.127674095818195 0.299015490821846 0.0263203813839534 -0.0158098880162035
0.249204983974837 0.196713850571253 -0.0265003023755426 -0.0635102496228889
0.297061882081505 0.113514232733718 -0.0716219653453532 -0.0477600354617484
0.334350285566566 0.0755612283075342 -0.0842829996984606 -0.0357692935295127
0.335169524734381 0.0829804308115822 -0.081019554815776 -0.036236653829849
0.359759984122063 0.128653134934082 -0.0576834219881031 -0.0501880498421473
0.32579766521484 0.243992537758255 -0.00546712668587598 -0.0453806861587795
0.167115087382135 0.372514203635757 0.0405040402430686 -0.0258393462408027
-0.0860757587833386 0.446746504306115 -0.0108534259425747 0.0534910795603943
-0.355900284350057 0.321328233872568 -0.0862353656675865 0.0336749672396976
-0.44502836394324 0.0949391663955103 -0.138182532401494 -0.0724757721963005
-0.407566502679514 -0.00458186660573958 0.113212147859415 0.109915291902753
-0.391506869586083 0.12108677348146 0.00708749647319042 -0.0195409592050313
-0.296261549277488 0.254822406139852 -0.0290205948820592 0.0340467540409043
-0.0860649896146877 0.354744854293934 -0.00772943479478484 0.0626955667954033
0.127907126241345 0.333068431964845 0.0563161085998888 0.0576845487605159
0.263776553229171 0.21917933248798 0.0602010236609151 0.00440371634005216
0.315050325166204 0.124054667060449 0.0524282232850289 -0.00271270115079867
0.34374839855256 0.0813032503222956 0.0521530243451116 -0.00636219459248185
0.337069704977548 0.0858347070661314 0.0500131561277157 -0.0139939931380889
0.352482441824983 0.127315530332179 0.0442368876277504 -0.0239403681853919
0.315478041071203 0.23441386470384 0.0645745499498599 -0.0124907099783394
0.153656654453285 0.350339792768017 0.0668990828651361 -0.00712765624920698
-0.072720362914143 0.39910622073855 0.0214509675452206 0.0234439371295639
-0.312941868582342 0.306499382474325 -0.0106292845249812 -0.0102941181919928
-0.410865222292786 0.109829610377644 0.0157170274105067 -0.0933137470328421
-0.35336959781947 0.0202942520670128 0.279453883989184 0.106090809842261
-0.328829281718294 0.132707276030867 0.121809534136363 -0.0437825081937146
-0.238320071295732 0.227970378549308 0.015606740361039 0.00963178546841302
-0.0712546802967332 0.306983733096316 -0.0082118410606972 0.0884554442609622
0.108790935726413 0.292140752978921 0.0879991006569382 0.128237573130397
0.231027812938618 0.19453541675217 0.147702069573571 0.0753730412505659
0.281325039711977 0.110160542861656 0.176363238827326 0.0437342301540253
0.300720869895979 0.0759999435480965 0.181158035740534 0.0228951754423954
0.288293995392215 0.0804371246674862 0.165614888485418 0.00986132697929698
0.284723780549982 0.118003804257994 0.126569883391901 0.00571699334768376
0.236342351801835 0.201357119061058 0.111648213427241 0.0202907966275664
0.0883899424500301 0.273312032429033 0.0763982476284912 0.0145809151853414
-0.0716483557467546 0.27464938179821 0.038041077365127 -0.00228030173312871
-0.230325766914311 0.225391628590975 0.0469996503949403 -0.0473939389634284
-0.314159636443267 0.0966827518983882 0.150486579903114 -0.112054968874412
-0.232796225433629 0.0426056796718891 0.40713643408537 0.0912479716299872
-0.19445625137119 0.111973799512811 0.215621389873264 -0.0592568862222975
-0.128631507338849 0.144502058553237 0.0585566298446148 -0.0110816359979823
-0.0437820686743922 0.189281397510884 1.83096472270238E-05 0.0991335136762319
0.0671013979534801 0.191763819441244 0.112047859496531 0.173388048432051
0.155914159929319 0.13112105448586 0.217201188117575 0.129411377038587
0.200471327121561 0.0771306707670572 0.276973405449585 0.079849565356677
0.212576733949218 0.0585120416449452 0.281664855583907 0.0484834061384195
0.199067807357906 0.065281687384782 0.250295199266 0.0381833485735748
0.177588959088522 0.097896205951921 0.176034773286594 0.042015930633452
0.125485546687201 0.148767489236776 0.125241063285869 0.0540723405007731
0.0115377126606119 0.166279829941066 0.0624092292315787 0.0363666854146672
-0.0641373284482609 0.122544554674899 0.0399656732482348 -0.0205100813145984
-0.123781148163349 0.119388763810029 0.0865636472361146 -0.0658118368774014
-0.181268021326886 0.0715502775023003 0.2482860269454 -0.119209929623491
-0.0693787893177541 0.0498949984405186 0.471254887109845 0.0689282722232971
-0.0318785789518872 0.0554633200363842 0.271567883021177 -0.0717527008543796
-0.0148057645918628 0.024544937338327 0.0852668699007991 -0.0360190685033169
-0.0262352597799558 0.0462722989334784 0.0043458153048092 0.0892932041200659
0.00807832087278475 0.0669378424181728 0.122244373043078 0.188251025304001
0.0534044729503648 0.0520712159247323 0.258452997196637 0.156750699591077
0.0871195016219881 0.0344192165827274 0.336782129108184 0.0973877510419379
0.0933227083575982 0.0309925275622862 0.339074243945615 0.0668470015124174
0.086370355454798 0.0372210109759434 0.294087110100625 0.0661182875377011
0.0601427061003013 0.0600062603541938 0.191870258439038 0.0782632862171921
0.0227202848889733 0.0774545292012771 0.109188952030022 0.0823754439302801
-0.0369447598330962 0.0528661730300053 0.0336785931118686 0.048638547623815
-0.0282492619408852 -0.00937166924719987 0.0373580589228178 -0.0362106414215565
-0.00487423669548765 0.0328365822313193 0.114365806117629 -0.0704590794653038
-0.0338613933376642 0.0523463495000318 0.302909998046375 -0.114586336181707
-0.0817983693581928 -0.0347314446114173 -0.350685436901627 0.139747114748031
-0.096156647801192 0.0180874204645278 -0.157551134447627 0.122957749068181
-0.0386516511766882 0.0811703838076665 -0.0401069452073432 0.0723235866683056
0.0367498271148845 0.0505398677966891 0.0203696136352925 -0.033436971085065
0.0512750152026411 0.0157949691620588 -0.0651441220065418 -0.101871858967736
0.0380597322081815 0.00475822248795589 -0.187279094438376 -0.104121427018499
0.0260673853678087 0.00243361106853931 -0.296529326755334 -0.0778683116645172
0.0423276005423517 0.000736969684423123 -0.353726872824689 -0.0637942670095969
0.0537344253333129 0.00751384721256685 -0.351510023472835 -0.0822824385542647
0.07450528456472 0.0107640195637677 -0.275567582780239 -0.130403543483893
0.0744805438333812 0.0403101609106949 -0.160951466099858 -0.155482740875217
0.0430581147708221 0.0992033472579937 -0.0445566918626614 -0.0912411091650982
-0.0592157790033694 0.13947810903939 -0.104591383830671 0.039440105310825
-0.144069549404739 0.0419843358126556 -0.248759624947268 0.0379635537956386
-0.127181152067848 -0.0312658779977265 -0.454610451884473 -0.0776461160138659
-0.211824352877732 -0.0266052942322133 -0.304249451425952 0.125356018721888
-0.197967641076768 0.0488484052811029 -0.177239431198024 0.0933754222729966
-0.116945270708214 0.137074316967542 -0.053791366263518 0.0863913185619416
0.0125763460540249 0.145631110957816 0.0295225401108368 -0.0136513780522721
0.0957553977648466 0.110506473168016 -0.0333570418572629 -0.0996936582478827
0.130087870741803 0.0672854772552466 -0.157235826028184 -0.118311714385132
0.142512933103676 0.0382208152485567 -0.260237571664053 -0.0845062701948126
0.174742008281089 0.0253663247366557 -0.308698706518496 -0.0624816331614774
0.186150550274904 0.0412070663705462 -0.304958389110108 -0.0682367394727713
0.206170413024763 0.0695771000875817 -0.238280625260313 -0.104191749010355
0.180608277568615 0.141913473412245 -0.131336284270979 -0.120489287202027
0.085713073624334 0.23465532617029 -0.0231595616733564 -0.0650428803524806
-0.097849647458285 0.291910492645397 -0.0894631191628247 0.0708590869120725
-0.274450086929138 0.166075632978515 -0.227137813742643 0.0648372789145771
-0.297402021643454 0.0158186212988195 -0.403543833329345 -0.0567365179953027
-0.323835171087014 -0.0212592310100885 -0.206002922530533 0.117299947227799
-0.298302012278785 0.0756131689277386 -0.164873161367983 0.0579892906880765
-0.204157702379488 0.189075859751197 -0.0658328959960855 0.0854666263181324
-0.027759426859343 0.243581019983515 0.0212350970199197 0.0111096871100442
0.124470483941207 0.213170716015441 -0.00309137194682696 -0.0719602352990174
0.20831906137686 0.135399628280001 -0.104823537367644 -0.106485781363903
0.242259635326189 0.0752880986817361 -0.184487214507038 -0.0735710084540958
0.282907736039041 0.0469936746156648 -0.216268737977337 -0.0518203387183246
0.290900670273201 0.0611191681196608 -0.211170794835887 -0.0501507932813324
0.316447421518952 0.102805885066037 -0.164709753148896 -0.0743010142962416
0.28276021676343 0.208523032129266 -0.0792094586181762 -0.0835054743839828
0.144437094386422 0.335218232570052 0.00588891276382712 -0.0452291176999454
-0.0941682872149481 0.413321959342845 -0.0527590709685081 0.0769481924755238
-0.344773808115836 0.280724855952572 -0.16788262781853 0.0683529034933704
-0.415290911405387 0.0726126701481775 -0.292412838247955 -0.0509142365089894
-0.401091418883972 -0.00875695639821322 -0.057928532898819 0.113320239697964
-0.37776907733455 0.109973756720247 -0.101583035114645 0.0198707285105349
-0.276003845561827 0.243258414110847 -0.0582912226820909 0.0653938273404359
-0.0616464333034552 0.331614421084963 0.00578918274056662 0.0371716313142101
0.142910855394069 0.299163755889833 0.0267912994838006 -0.0166624203632711
0.262662551918431 0.190301471247301 -0.0306066018927933 -0.064148061831315
0.309466669569756 0.103318712548124 -0.0758691678853822 -0.0451368476856125
0.346997389628484 0.0625846108008922 -0.0892782576772477 -0.0332657144044602
0.349574988883791 0.0707520919068565 -0.0853311427688075 -0.0330921376436647
0.376753148892106 0.113989471736837 -0.0639437581644923 -0.0483387791716954
0.344101514253666 0.23483421407016 -0.00723191247458257 -0.0488201891780306
0.18584889549087 0.377527660099296 0.0392176019638625 -0.0289260865515197
-0.0724441830553265 0.461608968411694 -0.0119069834227422 0.0574009619688384
-0.353445459396732 0.343092482310163 -0.0885674768335935 0.0389800285598273
-0.456413608882123 0.116359174586855 -0.143902803474886 -0.0646754521467636
-0.417561804840532 0.00785218141223298 0.117714235347338 0.10859662478578
-0.396694187574932 0.139034151747628 0.00398693770816076 -0.0181906509190663
-0.296329368400204 0.272405315397318 -0.0273744809547006 0.0348599553369262
-0.073719636858257 0.36837104602952 -0.00541675480962097 0.0668259923348801
0.146136223547952 0.33620180583243 0.0609509210688053 0.0581597517516092
0.279205434923657 0.213090928890814 0.0609628394121769 0.00104456264581087
0.329129978835214 0.112648085185005 0.0534137858193732 -0.00446737926000334
0.356715251916278 0.0685818959388552 0.0537485724237665 -0.0105465253899075
0.352147551646654 0.0728203268072229 0.0507193766072905 -0.016844178767803
0.368864047017322 0.113112460506669 0.0421542184395637 -0.025702082337323
0.333633318594959 0.225060071583959 0.0654771388605441 -0.018271004662062
0.172782060468601 0.352396474283916 0.0674666442408543 -0.0108929856873574
-0.0596928778559605 0.411817133836399 0.019431897521299 0.0260976727743857
-0.308523669232271 0.326737481169766 -0.0126213335834121 -0.0081529176815776
-0.421551837243587 0.129116709425146 0.0145830106073272 -0.0921953264731224
-0.361845435233841 0.0320418678918456 0.290298197049236 0.0978077309252629
-0.333906790647789 0.148895934344125 0.122501515804831 -0.0477261360035131
-0.239574744639291 0.243289727584504 0.0166606707882971 0.0080437111573687
-0.0601855379307999 0.319299037444379 -0.00466821906554878 0.0927429298779257
0.124210618823957 0.295854388783466 0.0962148960171287 0.129615207533338
0.243727061343841 0.189610175542375 0.152623054346241 0.0705455815825152
0.293014688626455 0.10043909373008 0.182737934828652 0.0374496007634173
0.313046405989933 0.064196363880598 0.18778530608351 0.0140076090324291
0.301483367636854 0.0704360614308213 0.171915438498089 0.00288316439806793
0.299261749721414 0.107582904381773 0.128965258421213 0.00136543998595197
0.251218457840896 0.195127168839828 0.115489489024009 0.0139115474994665
0.102978077603384 0.276386815838781 0.0779533441783508 0.0115771334006138
-0.0649727253336746 0.285661646369655 0.0350496871251262 -0.00143671924588829
-0.227705953022 0.23956916009701 0.0461028556867865 -0.0484642721212301
-0.321806833163083 0.111137793806091 0.152591741688046 -0.118792032710866
-0.238054916149402 0.0507396214981652 0.422373033926642 0.0775003141708183
-0.197001594551105 0.122195668166533 0.219735353526856 -0.0682459023412183
-0.13009003494263 0.153062256135332 0.0604721479488622 -0.0145942882729858
-0.0371425998265481 0.197324993076276 0.00396468514448619 0.103555395435492
0.0771610885737704 0.194888652979918 0.12171002405598 0.175137133211716
0.164219586629131 0.128435991956912 0.226507780684464 0.122311623749204
0.208649916078331 0.0698232616732344 0.288277348234858 0.0695110148495955
0.221283122678877 0.0503797214351766 0.292748522611887 0.0355417000026385
0.208293203329444 0.0587425392986494 0.2601912173829 0.0273498147100252
0.187379123964136 0.0921137496666148 0.182075533415643 0.0363049583056561
0.135105702197514 0.145995390227433 0.129416433491888 0.0486446105833894
0.0189205979495891 0.170170984355502 0.0650571510330531 0.033696846692008
-0.0632748879675484 0.129066030755636 0.0374791542792797 -0.0212635424701348
-0.122637910086296 0.126813370361079 0.086193116385259 -0.0685399579680857
-0.185520206623743 0.0797835286468349 0.253230497397185 -0.130779720073377
-0.0704411420182389 0.0528416864261027 0.488433420817562 0.0497748955757012
-0.0320848450116203 0.058617092060665 0.277615963678305 -0.0847465184495603
-0.0166986223680836 0.0253656050241862 0.0866866976911205 -0.0402918545956025
-0.0246863243614331 0.04944626382269 0.00861184433207074 0.0930354721859068
0.0114939001927328 0.0690973305085799 0.132727070850223 0.189908060319939
0.0560903103297351 0.05082922192954 0.27070784038229 0.148526357967035
0.0911160432923385 0.0306974761787051 0.35067404934525 0.0853535392264806
0.0977061234128652 0.0275347641416053 0.353290188902372 0.0521372795127515
0.0900978206007177 0.0347400046554789 0.306251556903945 0.0534125068243944
0.0648262133373218 0.0589062866271662 0.200723338216877 0.0731411470360958
0.0270809146994543 0.0777082418735216 0.11401404808707 0.0794892304067054
-0.0354691134724893 0.0559624264268937 0.0358610297310419 0.0475197739263695
-0.0306407719245055 -0.00738974430816952 0.0348053780115848 -0.037681105733572
-0.00433781214231784 0.033966126462216 0.115095991588688 -0.0746970004024477
-0.0336055923739287 0.0533721937263746 0.309265269022728 -0.130317787740994
-0.0823902644573219 -0.0296230097115522 -0.344417405271033 0.162643199502244
-0.0924107457931338 0.0232592703255331 -0.152030298822227 0.134894941177642
-0.0319980577785041 0.0824160467195322 -0.0345940569728895 0.0755008816965327
0.0392176204008864 0.047305222206627 0.0188022637127336 -0.0345796284776902
0.0520183407116348 0.0108603639708819 -0.0692525153927518 -0.0982061025629392
0.0396863763399718 0.00194416211287328 -0.191542203305348 -0.090521138560104
0.0264584074621125 0.00149055614354681 -0.300287963553511 -0.0572219725211892
0.0420870630006028 -0.001652001811657 -0.359159865736895 -0.0406969261363773
0.0547706011768654 0.00364625328712835 -0.357659042598902 -0.0584825931163668
0.0747614341035229 0.00537198795326997 -0.284854367324769 -0.112304297906967
0.0762967132178233 0.0358119702819699 -0.170965533139288 -0.144812976563461
0.04850975144708 0.0960947385285964 -0.0508032675718769 -0.0886298813389523
-0.0499838881878857 0.141409208354596 -0.101739507168544 0.0455037589327714
-0.141108014407219 0.0506559358834935 -0.247297865971965 0.0494857182471846
-0.129488892212249 -0.0225721337999351 -0.45924226215518 -0.0484851375245161
-0.210791094429178 -0.0135489075937941 -0.298749687852488 0.145254397217908
-0.192893570608323 0.0598726907318859 -0.173287361075875 0.107228250177737
-0.107190511982091 0.142619086713757 -0.0478229332343726 0.0897960319940403
0.0210083460662867 0.143154473135051 0.0293097145774987 -0.0148622537741709
0.102078078481674 0.10174644075462 -0.0372185584797033 -0.0976429543600665
0.133925539451989 0.0579656421903848 -0.163431848860792 -0.106781196034705
0.14480612004829 0.0295020477304492 -0.264364566949168 -0.065429245013259
0.176534259107749 0.0139538836566567 -0.314303133502679 -0.0419648129767675
0.189353733611736 0.028625989393358 -0.310057700301404 -0.0472191287288759
0.210392173002708 0.0546462138599482 -0.24647190250265 -0.087852552824279
0.189321155361504 0.130105291379322 -0.139443108747233 -0.113900122389934
0.0995433771543054 0.228466456623925 -0.0285734101154371 -0.0639588743241129
-0.0796919365298117 0.296283828727846 -0.0859612698209051 0.0773175318535152
-0.263967899933553 0.181348546775075 -0.224871015816259 0.0783963209854669
-0.298019564980219 0.035421447294711 -0.406129084217323 -0.0289013193543072
-0.323466967693779 -0.0019777164773141 -0.200761525566103 0.131346992999889
-0.290581813629273 0.0932047720813803 -0.163997961317279 0.070637494526958
-0.192513942617035 0.199502996207773 -0.0596410070014412 0.0888693835419462
-0.011996623837688 0.243554942201547 0.0225350240680522 0.0101628829819629
0.137658073261039 0.201619080362616 -0.00582713248943305 -0.0712033523322876
0.215610088541636 0.120622089754482 -0.111612531445818 -0.0985592827162281
0.246080467972863 0.0595652529332102 -0.188440883472858 -0.0602188016664573
0.286015355541486 0.0276585963997514 -0.220896558202089 -0.0365316241221538
0.295838349647852 0.0415812135095276 -0.21514286686062 -0.035902197246344
0.32230376311055 0.0795012610310412 -0.171256900172876 -0.062218490465342
0.295398247009092 0.18902006599531 -0.084889123928869 -0.0801138504777577
0.164937706418861 0.325010623326867 0.00153896893780537 -0.0466830461139254
-0.0695390266289086 0.417185042542217 -0.0496604140878267 0.0824222805759728
-0.327670484021878 0.300876754603879 -0.163619105267084 0.0789875960571422
-0.41141036949614 0.0997117051894308 -0.293674749921882 -0.0281399654370953
-0.399012149770525 0.013098096816071 -0.0541645699300465 0.118092244386373
-0.367935633688077 0.130622681498867 -0.102830342568973 0.0294895968435602
-0.262013837400142 0.258198732651969 -0.0531870344813514 0.0676626154791311
-0.0398845287282003 0.333796576280653 0.00837689328007543 0.0373239830099299
0.161759412009477 0.287561935947906 0.0273987134442099 -0.0177773079992603
0.273251825908846 0.171926993838486 -0.035112634865169 -0.0617119813605002
0.315194332967833 0.0821544377292385 -0.0785148214255874 -0.0387513127749937
0.351300574726676 0.0378996821127418 -0.092345249713975 -0.0274472110603039
0.355282065430307 0.046741801567218 -0.0874634125349512 -0.0273705509614408
0.384259589743847 0.0866157663352854 -0.0686678895532871 -0.0428564479450023
0.359441696914589 0.211185768460807 -0.0107826349592927 -0.0507009503421497
0.208852253865877 0.363054452958458 0.0363835876611788 -0.0316000577448123
-0.0458704706665703 0.465149424020978 -0.0101190945195871 0.0617893180611195
-0.332102042775217 0.364195626467646 -0.0865913096262975 0.0456368686636999
-0.451469642553711 0.146241739564442 -0.144148564716522 -0.0518295955675206
-0.415785175942364 0.0319292045421691 0.121749483337905 0.101755634139289
-0.387863270614147 0.162442457704683 0.00136404805231912 -0.0150242258571372
-0.280504264122466 0.289370449530135 -0.024550171526589 0.0352862005394266
-0.0497156345338894 0.371809764033086 -0.001030293247248 0.0681784357588449
0.166389385283859 0.325797840321032 0.0662255304572049 0.0548409140314763
0.289449899594632 0.193957518214846 0.059353910583041 -0.00310038159106537
0.33460998896299 0.0898842970552822 0.0532912775762409 -0.0072151046662895
0.361362284703289 0.0430938451626912 0.0521257844925002 -0.0140559529695396
0.35759301862331 0.048948700904618 0.04989394073362 -0.0205836816113543
0.376281795498868 0.0862139256928707 0.0388707832014596 -0.0272484025904197
0.347117647607658 0.200817574269288 0.0636681316467359 -0.0250774421919539
0.194426698683714 0.339918803126495 0.0653357899784778 -0.0154491917138004
-0.035872470730145 0.415433447821399 0.0190606549041368 0.028859832470641
-0.288150497636802 0.343903864616871 -0.0132169943027501 -0.00541345815109419
-0.414052889121183 0.156219204189543 0.0124294365346623 -0.0902532521078256
-0.359809837080597 0.0519885265369403 0.293221020086362 0.0795459600226214
-0.325785811479421 0.167349819748946 0.118140127979035 -0.0532729833101992
-0.227164708867451 0.257866215373557 0.0181385501294069 0.00549296128143955
-0.0398744721551002 0.322435048006554 0.00113997006527575 0.0950343307062159
0.141999369242254 0.287768785877094 0.104594577464959 0.124837548534443
0.253633731862744 0.173531310471688 0.155306230007015 0.0596428214341707
0.298875959741368 0.0798760197716128 0.18414540114378 0.025467889656804
0.316667811531289 0.0428271948988137 0.188644640914718 0.000284906919667313
0.306700953768909 0.0493201411279063 0.171101243830953 -0.00946854691035348
0.30505245482507 0.0849916241170146 0.127382015489725 -0.00603669035942917
0.263811363791582 0.176146299453082 0.114426983464679 0.00414262971538681
0.120625985099022 0.268828599986926 0.0771589704800666 0.00566640620970313
-0.0486207333097731 0.289416226924857 0.0323784526537845 -0.000253592647921213
-0.212450262403977 0.252190646792965 0.0435170936529366 -0.0489191506353558
-0.316145374529442 0.130488359428706 0.148799557386861 -0.126023747508612
-0.235811130683731 0.0632055799753383 0.425173300083795 0.0499069829394601
-0.19052035331944 0.133317339545275 0.215000920762546 -0.0808228618426275
-0.123183538057473 0.161097482093767 0.0605621308164816 -0.0192475254546953
-0.0241308325771544 0.19999897374629 0.0110066786354051 0.104147844635091
0.0890094656377313 0.190131020859286 0.133452034812929 0.168552415085536
0.17075812404875 0.118051799271212 0.231713521949442 0.107584313908113
0.212974660971806 0.0546207630348412 0.290813393127496 0.0497741545532853
0.224793140649391 0.0344125870448822 0.295696506222491 0.015306460964255
0.212571831512131 0.0447814696117584 0.262210022514339 0.00888034140647886
0.193290594965872 0.0785356742892969 0.183774213845502 0.0253198945153542
0.144354891220607 0.135208052476027 0.130677872936661 0.0393030380305271
0.0307089841790664 0.168557038558417 0.0658117091475651 0.0295274439046402
-0.0562663034931715 0.134296214238679 0.0333810673904019 -0.021044183639104
-0.114734894708688 0.133779719892914 0.0828126692442177 -0.0716538022911177
-0.181231302166892 0.0901383789650757 0.247445884119055 -0.146373439415051
-0.0685377472427261 0.055683342632478 0.490730045864966 0.0193227671483008
-0.0299453873660894 0.0604972028903231 0.272962629285929 -0.102213471353402
-0.0172767252520879 0.0271001731179928 0.0843682992008314 -0.0460502385541646
-0.0211367228241056 0.0510601325688033 0.0147016876044623 0.0943916358345465
0.0162942041669591 0.0691336392368099 0.144922623672919 0.182419083105295
0.0582669686689694 0.047243030844591 0.278818347442004 0.131039535880318
0.0923664122784396 0.0231187937964503 0.35581032227452 0.0612869944578966
0.0993605701717615 0.0207300657847847 0.358314889711917 0.0257842496323428
0.0925358531549808 0.0286731736548272 0.309973369473425 0.0315857211959768
0.0690551858203582 0.0544052811227575 0.205931011385632 0.0598138272847685
0.0314300015788114 0.0751964238488476 0.11818599277051 0.0719804671421067
-0.0313131644724858 0.0580840476662625 0.0382758491884511 0.0450521103010585
-0.0323906157798279 -0.00412947124471945 0.0298223428909771 -0.0391781981416163
-0.00285786192217049 0.0336236258574396 0.112236459018168 -0.0803937334413902
-0.0309214214690627 0.0540199748893467 0.303263611923767 -0.150242470635883
-0.0794167715889389 -0.0241947026823304 -0.323870709344448 0.175614126439448
-0.0865112344226031 0.0256566339022922 -0.140223578019008 0.139313973688408
-0.0249968108848098 0.0794809970973423 -0.0290162975177234 0.0747211618229806
0.0397358243482747 0.0426525468841938 0.017098312170155 -0.0348717441334186
0.0499181345381684 0.00638214483219733 -0.0698588557204427 -0.0910772312094916
0.0384736510199386 -0.000284530839368912 -0.186882872384378 -0.0761787109216323
0.0258825851629205 0.00134755446975814 -0.291878055659609 -0.0373406178997363
0.0405845221087432 -0.00423623725792228 -0.349608292577647 -0.0179155821266496
0.0531647385504373 -0.000780942952265056 -0.347105872200097 -0.0350019548828336
0.071805111203778 0.000734529254642935 -0.281192250461196 -0.0925020237981418
0.0755402748569068 0.0305499407595767 -0.171971736719273 -0.130461481591125
0.0511642581476896 0.0895891488862366 -0.0544370996303097 -0.0830865116199368
-0.0407578984208343 0.137560698593989 -0.0954550070891966 0.04861918392737
-0.133366890070145 0.0546361316762671 -0.236730921804647 0.0581948231368456
-0.125721164320917 -0.0141453377263891 -0.445010419086132 -0.0202903588735852
-0.20268794966739 -0.0034454850439664 -0.281527374231194 0.156868753477302
-0.180249518269628 0.0659094151319895 -0.162620102029887 0.114241292514157
-0.0949146882946909 0.140877504739517 -0.0406798254180136 0.0887680405136389
0.0274302935724248 0.134997211939118 0.027456749694155 -0.0156138902570194
0.102199740613759 0.0909631384046717 -0.039263998498602 -0.0919983104820837
0.131658234938458 0.0474055294248559 -0.161085024302355 -0.0930003334894903
0.140587296362982 0.0213002566290818 -0.257257853450412 -0.0481126644908967
0.170697314261693 0.00362844951092184 -0.3068387953531 -0.0202161368835205
0.185128682961784 0.016168312730623 -0.300609838066974 -0.0271141689953645
0.205006196864748 0.0400148043909297 -0.243179286702548 -0.0703861127977264
0.188218094787917 0.11504116297397 -0.140267848581149 -0.102878432354363
0.106912475950264 0.214788391383445 -0.03209906682647 -0.0608049387946305
-0.0627467980014014 0.287947237760725 -0.0788791472851092 0.0801962458551712
-0.245531585716355 0.187923857062326 -0.212188807278299 0.0847370650481258
-0.285277324176821 0.0505823528550335 -0.390102939889442 -0.00486643780022917
-0.310149943537061 0.0121752340640172 -0.188668521657102 0.13824173959926
-0.272972760310018 0.102957988517041 -0.154582896312565 0.0795684337002756
-0.174909735964465 0.200126085285583 -0.0516633022853952 0.0875555407941463
0.00104871116872662 0.232906037127532 0.0227326071623095 0.00913574888796492
0.14122653471077 0.184376967236377 -0.00772584662744713 -0.0684225433448702
0.212430696555465 0.103762225584225 -0.111737329277553 -0.0878366088128258
0.239365564986733 0.0439914280241934 -0.183163293159104 -0.0467089239537769
0.276524644636672 0.0102854767990825 -0.216091052089304 -0.0218881122266666
0.287937835152602 0.023209564654089 -0.208268321087848 -0.0212419062302035
0.314287907223274 0.0568407729941727 -0.169584927636241 -0.0491931901916071
0.294140009124489 0.164560482139347 -0.0868735290650233 -0.0739686075789357
0.175201260526176 0.30317002331802 -0.00227205103410198 -0.0448940238737119
-0.0479602855976484 0.404948301921905 -0.0441476671899155 0.08409592355939
-0.301267399333562 0.304512613481113 -0.153724092362633 0.0845216328151633
-0.39128079963214 0.118053979956512 -0.281135273417984 -0.00959319735440391
-0.382470259406263 0.0309281935081702 -0.0482779866965851 0.118224167903293
-0.345957680584052 0.143933791107845 -0.0990351915632708 0.0367143505168294
-0.238951986651976 0.260626658999958 -0.047630641996173 0.0663807596088099
-0.0211704358908669 0.321598966690628 0.0107733172532358 0.0366643661064394
0.169374434448225 0.266500042349515 0.0270276028876182 -0.0184686431368959
0.270049635930896 0.150610561737887 -0.0380567782254187 -0.0568250289205601
0.30656629693365 0.0615714377948829 -0.0766032476832801 -0.0319609630049024
0.340223642194388 0.0162580896187391 -0.0911295317569729 -0.0205636305309701
0.34579997962728 0.0249170383903976 -0.0852908377971811 -0.0204917357744399
0.373843192834845 0.0601033910525958 -0.0700162502345791 -0.0358505078261695
0.356697399737878 0.181427438124119 -0.0146254245821999 -0.0499923872907777
0.220793845534926 0.337130840125702 0.0312342930097839 -0.032228811084374
-0.0216301450876491 0.449502854839815 -0.00703685320252663 0.0634640435667412
-0.301301937795009 0.367151628772941 -0.0794178035048471 0.0493065117775568
-0.426678382607032 0.164891406244292 -0.137631977265618 -0.0395280930110387
-0.398437586346668 0.0483683997367966 0.120220259951462 0.0929056679133445
-0.363665200587742 0.175325735586864 -0.00102365426837093 -0.0119164643686392
-0.256539302389159 0.292199276078129 -0.0214217052625153 0.0330802835450837
-0.0290468618665681 0.358744134234056 0.00267198891611291 0.0664376904019642
0.175938924771245 0.303116878272462 0.0675384243552024 0.0504649559569877
0.286430850782347 0.170652737335753 0.0551290370752784 -0.00599796639790399
0.325865591305067 0.0676358704645683 0.0507000195256275 -0.00933508958467618
0.349549123990566 0.0204184034361203 0.0489716391988419 -0.0170464492170253
0.347863632417748 0.026723311409094 0.0470410815938982 -0.022815415050197
0.36563884016123 0.059238243640438 0.0350375328411536 -0.0267203524795881
0.344954269042002 0.172499685983023 0.0577319624287581 -0.0292258321322973
0.20493216881367 0.31509628123798 0.0604572222788712 -0.0182338581863231
-0.0147917046696972 0.403353585547001 0.0190231220320087 0.0307179188454218
-0.258628925842751 0.345904494991602 -0.0114457585618923 -0.00286539366372939
-0.391218989990554 0.171476314724549 0.0119162916959366 -0.0859786981109041
-0.343401757161073 0.06623916561634 0.28394003424397 0.0623251226636799
-0.304907132437214 0.177470147379229 0.110221392466922 -0.0554016429975934
-0.207776994516961 0.2596946558095 0.0174848386908904 0.00315261893244499
-0.0213776846005352 0.311329495799715 0.00644380528555746 0.0921312780354505
0.152391706943719 0.268478778328189 0.10814217183389 0.115711311756279
0.251622486169075 0.154107147558885 0.150717590231552 0.0492218583298894
0.290482050068102 0.059055904654252 0.178229029655018 0.0140704248652519
0.307055527215559 0.0228463978344005 0.181396339003553 -0.0119786339167372
0.298384671696614 0.0301359731035235 0.164851978780418 -0.019367622626997
0.297599566887015 0.0628460280323428 0.121432837787001 -0.0113441915649487
0.261748080691235 0.152388458232247 0.108399111786881 -0.00392949287742838
0.130864166058289 0.250294081932701 0.0732485269970657 0.0016807492529658
-0.0329817451761607 0.281701198773273 0.0302690012437248 0.0016828370759514
-0.19140729952457 0.253463501354615 0.0409204373750039 -0.0472602028747599
-0.298391228585333 0.141506355641665 0.139625052714432 -0.128315608293044
-0.22418815227532 0.0711890470495386 0.409781060620978 0.0260628230396463
-0.177267980313744 0.13867524124561 0.202582387176197 -0.0886233353106113
-0.112296380191414 0.162082995944349 0.0565884430853865 -0.0230465901048904
-0.0127080179194132 0.193131529210016 0.0166738386591747 0.100885191571973
0.096905361976726 0.178418225631728 0.137002267032656 0.156253843116942
0.169255803919029 0.105478383632037 0.227269653886604 0.0906486485042562
0.206519980203175 0.0403636999167828 0.281914990816065 0.0315418840102859
0.218303887512747 0.0203956690931437 0.285777035633479 -0.00434604603927163
0.207457867326892 0.0308366464091111 0.252704584305663 -0.00742870008466038
0.189394953162859 0.0637036916843744 0.177539881283154 0.0148866603565975
0.145778431752875 0.120933913641109 0.125656134329898 0.0293395366395816
0.038879111636328 0.160176971054845 0.0643222997596516 0.0251670567426475
-0.0481776611601487 0.13267005555373 0.0294878971954474 -0.0195424681042431
-0.104037718631649 0.134421813827113 0.0781815343653997 -0.0719287231787886
-0.170382277015767 0.0952591096425942 0.233345578510314 -0.153800433164237
-0.0641669648277069 0.0563222979753809 0.472300968462058 -0.00762012014550145
-0.0265401232281313 0.0603438729303447 0.256828288722813 -0.112763433064186
-0.0169656586795545 0.0279951254499376 0.079374266121195 -0.0489461107285211
-0.0167883633312163 0.0502711236283469 0.0199778289449963 0.0911309943385824
0.0201234073226304 0.0660591253266151 0.149436918457659 0.169270913185217
0.0580676522179864 0.0438939981928964 0.273203099680931 0.110224464662876
0.0892409603521057 0.0161735145607525 0.344223548243221 0.0384114637104504
0.0967827801258581 0.0145416336449726 0.346427362986407 0.00272473133006153
0.0906968539039106 0.0226807924888347 0.299372799998284 0.0117669153718459
0.0691896960965206 0.0487028985496663 0.200462054901036 0.0460594728405373
0.0348510005658396 0.0694411749195609 0.115932845955456 0.0616721450878094
-0.025821444467003 0.0575235284649951 0.0385617261259328 0.0407840840467255
-0.0314641502630192 -0.000706612647711076 0.025232440146922 -0.0376496078322558
-0.00138481951734514 0.0322087968899645 0.105080343487555 -0.0824505035678886
-0.0282323679902632 0.0519961991351486 0.284834994070831 -0.161163590123677
-0.0685326996914608 -0.0322258741203123 -0.320148265728825 0.123709342849364
-0.0819219040058807 0.0111428494069553 -0.150329150020834 0.114163885023195
-0.0326249392116227 0.0686847116550213 -0.0393828987023709 0.0673948311030206
0.0306761333238094 0.0451944506911179 0.0181138915036196 -0.0284006044417511
0.0446571911795778 0.0124187019934722 -0.0535232255595894 -0.0906556289025749
0.0378357110741174 0.00341155172140145 -0.163276381900305 -0.0889101002426818
0.0252189784426312 0.00628855178016118 -0.268830196714372 -0.065853462867932
0.0387800991573814 0.0015207055563086 -0.328401050393924 -0.0551887006084435
0.0515432659482506 0.00723452597921704 -0.327569234987001 -0.0737010957602164
0.0685759624355057 0.0101313626428101 -0.258088284050421 -0.120528744125581
0.0672470768778353 0.0398694479310377 -0.150880907711338 -0.146951469033107
0.0370665683831222 0.0928664805531591 -0.0446603431465487 -0.088797901700299
-0.0527491773953025 0.125096047147633 -0.0942678713840097 0.0302968418145154
-0.131021752647454 0.0373537665345516 -0.228558576281039 0.0234843319082818
-0.115652586054166 -0.0253179587232773 -0.423594849627102 -0.0743582742496571
-0.183850071532522 -0.0285685010939095 -0.283443043105769 0.103503219919344
-0.172979945759338 0.0356168582833682 -0.172976344388723 0.0851607218147778
-0.10549359374351 0.115538860854369 -0.0563223787528067 0.0755532253519192
0.00588811413882073 0.127702044786234 0.0224000465921408 -0.0109733223552234
0.0804716415124722 0.0980397541943654 -0.0289641369890361 -0.0878903391511156
0.117194521074557 0.0609925915711961 -0.139593658265042 -0.0981234002507843
0.130183086671503 0.0378954287841558 -0.236240602001879 -0.0705588860256928
0.161247521890377 0.0241353934447161 -0.286788969822076 -0.0541536971121909
0.174107157476068 0.0384871667249449 -0.285504610603323 -0.0622205199276161
0.188937484387268 0.0635062159938607 -0.22820867368138 -0.0980746091387778
0.164224096807135 0.133224865344309 -0.127195827489804 -0.121794360287482
0.0747339070820054 0.218890811562789 -0.0280701472844345 -0.0684055505848374
-0.090944698586846 0.265989463677695 -0.0801514585135258 0.0584725516801173
-0.253559785335028 0.149287749977492 -0.203786460145005 0.0470246885801367
-0.276684219344724 0.0181827259163346 -0.366928151996981 -0.0561644628219643
-0.285244162445793 -0.0271908717065995 -0.199857420084345 0.0896867561849498
-0.262539983677402 0.056516220711667 -0.165712687733614 0.0514209725732048
-0.187014206365773 0.160051696166249 -0.071389820301799 0.0700222161391346
-0.0326441687029788 0.214254727089921 0.0113364348750326 0.0105141012454334
0.10341043164479 0.191038357201975 -0.00759130894025783 -0.0623066816981735
0.183581707009925 0.12307024307772 -0.0960364614998809 -0.0843680573935827
0.220176718085451 0.0706628724499762 -0.16903551953171 -0.0613538392980779
0.261416155414694 0.0428332334058652 -0.200359121784068 -0.0461927825261512
0.271265575196909 0.0576194814392187 -0.199379212045671 -0.0471007025547767
0.289456110338498 0.0918434650829716 -0.163382610702212 -0.0714917551200737
0.257890397209913 0.192474438988188 -0.0827673081435523 -0.0918704764823041
0.128363928753861 0.310815775735963 -0.00380616679710162 -0.0521762635235195
-0.0909271193449789 0.378811501291929 -0.0469769944404427 0.0648174522985969
-0.320172356918887 0.255773622502987 -0.144032586343976 0.0481624352984048
-0.387529426109542 0.0709897789613532 -0.25617529852974 -0.0520304647360933
-0.354240613522489 -0.0198399280732132 -0.0712293570993964 0.0820001315853812
-0.334771517856634 0.0854683923142008 -0.113030378800187 0.0156088338691133
-0.256645476666449 0.206959312154793 -0.0690173317972831 0.0478472591006017
-0.0657868317372299 0.293091471282675 -0.00715559601651417 0.0326053539855026
0.117495061218041 0.271840116479375 0.0149333067741341 -0.0126278156269802
0.230440278760868 0.174767155936056 -0.033045991711606 -0.0454498667689613
0.280725378800304 0.0943926565195098 -0.0717496652946451 -0.0365445062473794
0.321250911443926 0.0553228203195361 -0.0827436321440224 -0.0318833491809391
0.325200012263542 0.0659089437788998 -0.0827057495957359 -0.0333267686179468
0.344356113444593 0.09986996734798 -0.0719867696117923 -0.0477213316729058
0.31509271987773 0.214710807614729 -0.0194807336649068 -0.0617396154370251
0.167417376827702 0.347299760347261 0.0257015936883623 -0.0368039090351183
-0.0713731785044593 0.424007458791237 -0.00978733139009064 0.0485057426409742
-0.326540811241457 0.313223245587702 -0.0694302086543429 0.0214960074636849
-0.427493178614113 0.111305009777589 -0.112430750575338 -0.0683617717933245
-0.37172948019305 -0.00462504718090849 0.085746910002443 0.0759016492675005
-0.356761623277513 0.111656909250329 -0.0183172073837033 -0.0189643890707451
-0.276406067103355 0.234581876522178 -0.0445271389873456 0.0193507903214569
-0.0776160411521031 0.327209551961726 -0.0187931075399703 0.0593396754694332
0.119109491117024 0.307396902474692 0.0431356508362349 0.0552693241927036
0.241242709154959 0.196646582880415 0.0466662685188951 0.0128450075714819
0.297722612749537 0.102124868433682 0.0446772115968805 -0.00187560217688179
0.330662715265949 0.0607902381265811 0.0493335842611115 -0.0128862506434037
0.326870603216557 0.0674345527369451 0.0432238568827749 -0.0206247902909345
0.336299359021297 0.0987392197997165 0.0265991266273482 -0.0268926521884435
0.303611881290761 0.202982281150501 0.0468075874017321 -0.0325112314808285
0.155663541185115 0.324047279331895 0.0528916746130165 -0.0191925514869439
-0.0604203671706423 0.37984540130393 0.0188909606205701 0.0221065661849768
-0.286129891248056 0.298199595040669 0.000735615168072006 -0.0194653222835002
-0.393933117138882 0.120290079356119 0.0352466842060469 -0.095735442514089
-0.324129540817275 0.0174530831846914 0.241435845940938 0.0677910072184507
-0.301223534551927 0.122266753437028 0.0921022811336478 -0.0465480209829151
-0.227510124424284 0.212488622194379 -0.00223962426603629 -0.0028350659812779
-0.0655022834686184 0.285322665441154 -0.0166103198766017 0.0841686990041462
0.101086530297618 0.273334755892887 0.0751349404921804 0.120503565132188
0.211090974724899 0.176845042122109 0.128934809702183 0.0730047390903136
0.265812563303541 0.089783930445644 0.161047142532001 0.0333909363887034
0.290457890285279 0.0571915612816395 0.173701474029514 0.00659635232292698
0.278904358303141 0.0639290980930729 0.155957341621822 -0.00397287783754246
0.271262387516491 0.0938310487874563 0.109053064845828 -0.00210445298617822
0.227429593584382 0.174408924175585 0.0945877109822199 -0.000780654218856046
0.0930123089403498 0.252845319845357 0.0646671402730512 0.00322730409641273
-0.0642507668129013 0.264430799227361 0.0320215204100979 -0.00041503159917027
-0.211414754528938 0.217506325844908 0.0534976035354959 -0.0509975041803312
-0.303279772869683 0.102091021907214 0.161174910504335 -0.120046630248293
-0.215988201745565 0.036876583576565 0.364502846467237 0.0564467434215442
-0.181591743588745 0.103970309529073 0.186672889449888 -0.0638050251610278
-0.127453066932956 0.135311798566855 0.0440213614776404 -0.0189145393644223
-0.0402262466310296 0.176801501354677 -0.00387074876265149 0.0941890880355129
0.0630778186609062 0.180885514948699 0.101788421095031 0.161273182655594
0.140923230188449 0.12084576005573 0.197068448669502 0.11674726582738
0.188622725154792 0.0602508265931048 0.257918311944881 0.0605257529402868
0.205953959240162 0.0441745934348615 0.270941572794137 0.0253986193272122
0.192413092911663 0.053284588106785 0.237927727884432 0.0179185048826921
0.169534017020285 0.0813753611111364 0.162265086436177 0.0302930673660577
0.121688786957859 0.129872894602162 0.11116466074728 0.0357955025267632
0.0176254921294506 0.155596960294463 0.0560169644075811 0.0266323528711631
-0.0615268405501114 0.121544269321522 0.0321039246506684 -0.01704056548728
-0.115171946747695 0.115062160877859 0.088778953388358 -0.0648153028280377
-0.176901018468987 0.0709050719663898 0.249660020272793 -0.129283522132662
-0.0665504043393389 0.0432315162170819 0.431603430217731 0.0395253023818292
-0.0328357390735154 0.0527140803607273 0.248152405995261 -0.0780429328877895
-0.020609462680349 0.0250363462856801 0.0767721750815426 -0.037358145518961
-0.0230020415823258 0.0441423225140084 0.00674086469271939 0.0856957362168363
0.00886759847095105 0.0654913512305993 0.116089485613463 0.173044361454895
0.0453716589970822 0.049186409720935 0.23965397977466 0.134537732773457
0.0805476576696107 0.0235558123974794 0.316192610472801 0.072610405358986
0.0904912530252452 0.0242067155533856 0.327470600244065 0.0398667093559598
0.0828721426211357 0.0313169740488097 0.282811759967009 0.042770277715872
0.0586816930399123 0.0529724037939417 0.183547427904728 0.064019895699259
0.023558434448354 0.0688948061395002 0.101259332486013 0.0695834636286369
-0.0313288721303438 0.0507767594746964 0.0321532594350791 0.0412856919177223
-0.030712205736518 -0.00285530898195255 0.0278363995874522 -0.0316792364044889
-0.00642079474563037 0.0302969818449069 0.111720399674623 -0.067712954536033
-0.0361420173870411 0.0450275713183933 0.295407300055447 -0.126457468917762
-0.0649592440747298 -0.0323877495271715 -0.312981714945597 0.11296455179236
-0.078509897831701 0.00830822191883042 -0.147164796330361 0.108552038490732
-0.032162279983493 0.0638766581771104 -0.0384226018524185 0.0650411456985779
0.0284826921242639 0.0435573566423554 0.0182789735347079 -0.0278773729094348
0.0422682642739273 0.0120809284387302 -0.0487986583603702 -0.08944591962568
0.0365618439168937 0.00360398457940286 -0.154242295666919 -0.088788607955556
0.0247633421673077 0.0076648545832307 -0.258565641029903 -0.0673158064756888
0.0380118909087236 0.00243275204093726 -0.31802053822908 -0.0565996320321179
0.0498599209607908 0.00708156528214772 -0.315326988268095 -0.0760423947036579
0.0658275887598653 0.0108878136522656 -0.24788535223635 -0.121037214208989
0.0644071652699234 0.0401483477045068 -0.143024784123618 -0.145608005892667
0.033491705777591 0.0903928599428468 -0.041698982844384 -0.0872426492054517
-0.0541288733244409 0.118842019580871 -0.0912749671192094 0.026496836008653
-0.128200163473507 0.0335817942541987 -0.222470375403823 0.0146960512410432
-0.110932737496393 -0.0259781079372302 -0.407691913422492 -0.0783084125213086
-0.176781381482982 -0.0320807521931652 -0.277561954544275 0.0953840009916011
-0.166396359197911 0.0295609751627727 -0.169166341686902 0.0811310940184317
-0.103729163583539 0.107585943050628 -0.0557637911137317 0.0714019095665414
0.00295782454123683 0.122203226754253 0.0220029248218705 -0.0105026485967427
0.0750840775653045 0.0956060086218867 -0.0254523729855978 -0.0861688932234328
0.111819802720938 0.0604825492920993 -0.131545370618915 -0.0967187004473197
0.126059511265985 0.0398180272801728 -0.226437922742247 -0.0723452927175289
0.156315529346418 0.0264439341895612 -0.278342094477414 -0.056053235942963
0.16828262871754 0.0397636523612343 -0.274594663983037 -0.0647199270045529
0.181361623994528 0.0644875855471033 -0.219408832433042 -0.0975701318724896
0.155873153775646 0.132200089695352 -0.121297668437904 -0.120688505354026
0.0665244890399734 0.212784743440088 -0.0264849716220788 -0.0669584186095621
-0.0957502813590704 0.254877500492099 -0.0781189934264028 0.0558297174431253
-0.249227228672195 0.139609335497104 -0.19843228583394 0.0380398590210655
-0.267830876283635 0.0124380715300315 -0.351821754177018 -0.0608875961173441
-0.274604121190588 -0.0329547207316884 -0.195886209746299 0.0831887687002545
-0.253060581998379 0.0489086120545689 -0.162484097286437 0.0487427103071332
-0.184516311598468 0.148979472912562 -0.0703498634188522 0.0650300321814578
-0.0360469476191273 0.204901269942734 0.0104631863860147 0.0100916589474493
0.0954978707060579 0.185442211446908 -0.00458794978706207 -0.0609848922768043
0.174752601927236 0.122554859369236 -0.090902384727595 -0.0832204332995172
0.212001393802896 0.0730781159500419 -0.161956869736208 -0.0614823043405686
0.252714990153165 0.0461425442291167 -0.194567606730971 -0.0463039796041167
0.26243105104352 0.0599134971309266 -0.192041028492447 -0.0479995484915152
0.278203850484747 0.0930408701432315 -0.157537684129362 -0.070032676439797
0.245637027539326 0.190580650964082 -0.079863118558004 -0.0912792638576238
0.11675572919352 0.302978773032687 -0.00313530071994862 -0.0506969102573183
-0.0974728219267532 0.365525833258143 -0.0458252424525655 0.0631971604982363
-0.316563867332395 0.240223133423223 -0.139872126134759 0.0420677974111829
-0.376263808970505 0.0610888109207055 -0.243840844396688 -0.0548814179211051
-0.342771789219218 -0.0274272078207445 -0.0718051960247029 0.0780269969812768
-0.323795431021667 0.0733349759293094 -0.111124041903434 0.0147870026166284
-0.251979698617962 0.194780370358242 -0.0684427642278775 0.043144152815042
-0.0701003660506628 0.280232229453865 -0.00686224603662402 0.0315966046195607
0.107662941213374 0.264237702019172 0.0169963940375747 -0.0118097062811546
0.218447986487399 0.173622408598768 -0.0313718591752098 -0.0444747738343819
0.269556161058211 0.0968626987439973 -0.0680969959556299 -0.0362095804114013
0.310795903404438 0.0595387448145045 -0.0806298629778287 -0.0310058350009771
0.314760314452146 0.0689617914257845 -0.0793653783432306 -0.0331571307723961
0.330776611293923 0.101431718813475 -0.069338620114129 -0.0452551025529533
0.300009072021016 0.211726680890192 -0.0198853394625864 -0.06083687694895
0.154458568538633 0.339249151108542 0.0248494004065076 -0.0352877314712849
-0.079831930506788 0.409886247284089 -0.00928079444584644 0.0491123634611424
-0.324566321799809 0.297504817109509 -0.0661447560440568 0.0184824848670805
-0.415280874824484 0.0985026515801883 -0.103428430501268 -0.0681231431700918
-0.359632186666934 -0.0145660524623678 0.0797077438328748 0.0759512978600664
-0.346788150241755 0.0997609500524629 -0.0188063596281213 -0.0173486539995155
-0.27500203939152 0.221912997505997 -0.0443980064024636 0.0163986889242565
-0.0818850220937523 0.31382182042191 -0.0195418123108467 0.0572403481943753
0.108545728195136 0.298699559387902 0.0424988544049716 0.0546493690693231
0.229238171734048 0.195207355286084 0.0434370114026801 0.0137080591338967
0.285318027409344 0.104242644858966 0.0431059588346654 -0.000406163406020823
0.319427507429375 0.0631519161215497 0.0478092195011447 -0.0119970738347995
0.315823218673183 0.0706021790215617 0.0425036524220747 -0.019802655120474
0.322375948162926 0.0993186022066502 0.025704100364833 -0.0234381038959683
0.289185417412522 0.199979001285362 0.043702341587453 -0.0317632777539052
0.143281212913942 0.314788166598769 0.0507606484237007 -0.0178403424863743
-0.0661955937357956 0.367369098790706 0.0181255865489632 0.0249015281941931
-0.283525737735558 0.282596788427496 0.00314936405085257 -0.0185643803038356
-0.384013492764774 0.108187793782126 0.0402209121949424 -0.0915419719983477
-0.314268903447187 0.00831700112564991 0.231066042369419 0.0707306414087865
-0.294585964036243 0.110668182250033 0.0885026668019338 -0.0410723615951384
-0.226691244444042 0.200577993752068 -0.00316612814490611 -0.00454156131826241
-0.0692456028543385 0.273939885332601 -0.0172201189208744 0.0816224456502565
0.0930352819082147 0.265856793491061 0.0716597828845992 0.118683173526935
0.200059226695584 0.176354373366147 0.121563222574035 0.07333741281164
0.254114791878738 0.0912930302881738 0.154783836603823 0.0353783669236206
0.280175767168847 0.0601353178562194 0.167303513009534 0.00836295665638196
0.26941085087696 0.0662266579496778 0.150639747355054 -0.0024386264665972
0.259279464317573 0.0937979517516251 0.105088580007978 0.00164091841013882
0.215939205104886 0.170855901208081 0.0888367676466115 0.000972363623206619
0.0851095696157147 0.245105196306695 0.0618601470908153 0.00453992567609224
-0.0678019841456739 0.254593502860273 0.0307365695219474 0.0027363930283289
-0.208830271288327 0.205716946999166 0.0551093956607795 -0.0480640676650593
-0.295711166306741 0.091764396932287 0.161863961978086 -0.112765654463498
-0.210308641451242 0.0293006813682619 0.350071219367522 0.0622388491156878
-0.177779611339599 0.0961000369719259 0.180732818985241 -0.0569178579550139
-0.128027544053854 0.128998882639344 0.0421635307554169 -0.0182254859246926
-0.0426980163600584 0.169889072277976 -0.00484542254350752 0.0919542923071204
0.0579925042995412 0.177081108515142 0.0961485519681076 0.158949115640969
0.133330946027123 0.121360560477777 0.186806337967867 0.11694681787191
0.180050779495683 0.0615916209137703 0.24703210396618 0.0628496401787081
0.198852784421808 0.0462700122111445 0.261881724123748 0.0275654421903784
0.185295811892635 0.0548861181486594 0.230375922561845 0.0201627258355402
0.162046274495581 0.0813110639680158 0.15577665931319 0.0334384930654307
0.114857271001944 0.12622684250736 0.10461743164207 0.0364890256872611
0.0138532925703513 0.149800859604131 0.0535929005297472 0.0264408221334862
-0.0623508843071229 0.117545346738488 0.0311432761531839 -0.0128733668697597
-0.113339417001529 0.108552978829192 0.0892212725699764 -0.0604642460026685
-0.173657908684645 0.0639970707368094 0.246068750143304 -0.121297727626969
-0.0660291210626675 0.0397627557704121 0.414246581455543 0.0475481831295451
-0.0332348091339035 0.0504788506882368 0.240739359202779 -0.0700939124802056
-0.0214275298540065 0.0245062206687812 0.0747479478250053 -0.0351673924853652
-0.0233323459970712 0.0423747063262772 0.00530595146838165 0.0846064935167814
0.00803650113337819 0.0633117450041853 0.109811254976608 0.170936761802371
0.0426028230028228 0.0494136705299868 0.227597727149282 0.135004803831297
0.0766973269386914 0.024021948151341 0.303703285647949 0.0750505665634621
0.0873646021411064 0.0248921594688445 0.316358133479809 0.0414179594779794
0.0801335799088163 0.0319761186424501 0.272773220418466 0.0444870625416637
0.0553560855249445 0.0528709173105118 0.17620027847591 0.0649678158075958
0.021466561749359 0.0663767413266058 0.0952519749696957 0.0694828807298153
-0.0308118445750723 0.0477997403934728 0.0295799738997837 0.0407916008122013
-0.0298939126614648 -0.00222906262609408 0.0264931650035618 -0.0290556598358051
-0.00744889124878823 0.0287075097041427 0.111125077697398 -0.0628567844395496
-0.0373767324662272 0.0418836417274649 0.289148979681905 -0.117224753173986
-0.0632486622496073 -0.034285322895711 -0.319293260860553 0.103973079359286
-0.0782597411932016 0.00479815752037049 -0.151485863349103 0.105740721288351
-0.0335901815437681 0.0624426298717781 -0.040243748487076 0.0641735453055815
0.0269893706777547 0.0440829940844051 0.0194725620326453 -0.028281843379418
0.0414330658186008 0.013035626673999 -0.04522036076665 -0.0921436066325303
0.0366674223684848 0.0041023580176384 -0.149778865782409 -0.094106272176726
0.025622476843575 0.00928802065609613 -0.256526114655604 -0.0748171538107262
0.0386517762645495 0.00367822956525084 -0.319835286291214 -0.0646012210605968
0.0494623355133273 0.00787083739911389 -0.31506860330199 -0.0853259463669867
0.0657810425805568 0.0123584106691468 -0.246270135081081 -0.128947566198408
0.0633068604127674 0.0424626497908834 -0.138907244518638 -0.151077156097363
0.0300613553384125 0.0927433262451469 -0.0399253374973189 -0.0900789090609974
-0.0591955158352601 0.116926874901981 -0.0923131129056061 0.0228340411061606
-0.130243834748303 0.0291084251629966 -0.225329054896279 0.00476392245351835
-0.110406552410519 -0.0289160192132898 -0.404732182956121 -0.092482436677317
-0.175387866809375 -0.0385541171371383 -0.282843095774516 0.0871074063313164
-0.167441392506938 0.0227736838807191 -0.173553656888701 0.0772788025300496
-0.107758124623882 0.103580918276683 -0.0575789094233741 0.0696067402169695
-0.00151281272883187 0.122005055432599 0.022729876357667 -0.0106401026277618
0.0713999063038563 0.0975749202350145 -0.0215875150514198 -0.0878004906592745
0.109842085149237 0.0635401171623642 -0.127751828095624 -0.100833201682345
0.125690847172797 0.0448598048087355 -0.224802338258027 -0.0779247667793164
0.156914708584743 0.0315396280325602 -0.279151862369221 -0.061593258280006
0.16834651935237 0.0452697483229663 -0.274860482040515 -0.0720801802052005
0.180756404173424 0.069565644849437 -0.21805697111186 -0.10456504155359
0.152250888628486 0.136758069126725 -0.118966711734964 -0.12546143366251
0.0592008430153018 0.216396056221606 -0.0249371792602205 -0.0693606680269633
-0.10569137073318 0.253396707025865 -0.0794804081995505 0.0536122214569723
-0.256095771622753 0.13221552092956 -0.201526398726319 0.029647847964808
-0.269731740843977 0.0043291418764063 -0.34913632378603 -0.0713690246579625
-0.273565847234813 -0.0432300869807527 -0.201346489603661 0.0781864095494657
-0.255079054860209 0.0382783122740622 -0.166009705354695 0.0452771510215823
-0.189808035733427 0.143256705782844 -0.0733735350368591 0.0623821043446818
-0.0429727462870879 0.202936197306461 0.0106358264273487 0.00984099673259305
0.0891652284830487 0.188448971882932 -0.000833168681644479 -0.0618370193628341
0.170553939115616 0.127952544335475 -0.0882249343174877 -0.0861932536380635
0.210546652587781 0.0807397477949386 -0.160245601256398 -0.0656523915165825
0.253100280151833 0.0544294169315908 -0.195322449753131 -0.0507967747697378
0.262585664700773 0.0679312187922502 -0.191429791043934 -0.0542159478599194
0.275972338772544 0.10011990063997 -0.156465759376571 -0.0732690197257248
0.240860458034895 0.197682868051253 -0.0788386039163681 -0.0945818076626955
0.106763668393779 0.307927008914795 -0.00211384567184299 -0.0517713046556583
-0.110970317071913 0.363298297390881 -0.0470004136160347 0.0634142135535955
-0.326336937656963 0.232494040299101 -0.141899363519634 0.0344841319296681
-0.379715103077379 0.0489314602130626 -0.240644172029647 -0.0631360033326717
-0.341630004797624 -0.0409443016363424 -0.076227589528469 0.0767157234284473
-0.326510920353098 0.0611716737744917 -0.112933282624647 0.0133934517585171
-0.261452394523871 0.186688348012339 -0.071187462357696 0.0397294769380522
-0.079432109187766 0.278266414511267 -0.00789926055647729 0.0315657259836335
0.09935740093748 0.268004301278474 0.0186548877440061 -0.0117044641928704
0.213379199962108 0.180886432219174 -0.030440707294335 -0.0445349896750431
0.268342360861517 0.106575750537071 -0.0670834881284192 -0.0376751266301326
0.311181655208346 0.0685019970283188 -0.0808299191992057 -0.0326999914419554
0.31514872125485 0.078318437739294 -0.078560147612558 -0.0362723687897133
0.328513922942518 0.111201762133892 -0.0680914014925538 -0.0455732619360913
0.295088338183999 0.219447721038398 -0.0198674234471695 -0.061982758223586
0.142586527365279 0.345309230673125 0.0251393897429856 -0.0354584665797242
-0.0937607520976887 0.411129663961519 -0.00981871996193948 0.0506258210771211
-0.335769998573899 0.288908109619576 -0.065876089117244 0.0142102378918842
-0.420465708904008 0.0863763039201568 -0.0984869375401827 -0.0715510820609885
-0.359772273648263 -0.026888033375504 0.0760171872428799 0.0788194650777145
-0.351103864714962 0.0860817001518778 -0.0201310952690789 -0.0159022379342205
-0.284261021818931 0.214214333094316 -0.0462679360531632 0.0125482560947034
-0.093318338086581 0.312274398553365 -0.0212251794485006 0.0573477214337061
0.0993224538555704 0.303011881993622 0.0425414570881564 0.0559883979187129
0.223640402848319 0.204240025034365 0.0427646486871866 0.0156379706116432
0.28353375502546 0.113481003502005 0.0435219549884131 0.00111492525648579
0.320220786056168 0.0733930729458544 0.0472083205052303 -0.010786160608435
0.316523211668684 0.0794451193598879 0.0428343507776522 -0.0187057251199835
0.319435937681597 0.108617312315486 0.0264230296363017 -0.0209183586918392
0.284557193999022 0.206829117631426 0.0427101125641482 -0.0304030089498307
0.133690129963866 0.320806521418694 0.0511988847667776 -0.0163979007654215
-0.079087356563724 0.367920595072334 0.0188333108542281 0.0274467686986012
-0.293797699394384 0.275340270115998 0.00531115110797515 -0.0195781012850733
-0.389600863181796 0.0964015984534841 0.0471670672354982 -0.0913222619335048
-0.316057439166109 -0.00461527394848357 0.227509505831784 0.079680350160215
-0.29930482985926 0.0998685570377413 0.08855915380111 -0.0375840002113236
-0.236613217515669 0.194585093495311 -0.00472703266637574 -0.00615802041216641
-0.0790888818124278 0.272405802552262 -0.0200119581720124 0.082186792357031
0.0845501594582312 0.270071229146299 0.0698862185939599 0.121698620554521
0.195676593815496 0.184160327980177 0.118378338200379 0.0783541517517055
0.252137737448544 0.0997895393311909 0.15392134960123 0.0401339227277802
0.280852780022126 0.06787601519482 0.167425366190262 0.0119721569526897
0.270063310129089 0.0739305014225213 0.151488362120765 0.00136474381847337
0.257091546753534 0.101253400100577 0.105302358424322 0.0061240841936224
0.211484700489296 0.175347665925148 0.0874042148698059 0.00368740732717428
0.0777467411622519 0.246865224744491 0.0612437400015705 0.0064211567108637
-0.0765240425817359 0.254642610758135 0.0318692306220574 0.00643886441086922
-0.216312775815878 0.19971364452079 0.0586150852737508 -0.0466877112992773
-0.300518467643235 0.0812268421768088 0.168222053305792 -0.109676671271702
-0.212689726964063 0.0210515636272702 0.348595402792252 0.074396582586009
-0.182488432424946 0.0897115054927829 0.182128683973535 -0.0513376119642897
-0.134996077255628 0.126209407348945 0.0416178997166705 -0.0179315742135881
-0.0490496356393282 0.169343588558403 -0.00767304887187685 0.0935119803812974
0.0528603690321304 0.179285932571058 0.0928891140582089 0.163536549868393
0.130459631337083 0.127178693061095 0.181635398572062 0.123921652536616
0.178585708875408 0.0672783894041592 0.245078652166992 0.0703823967641875
0.198639684810946 0.0520714304718532 0.262066835381494 0.0331223452907538
0.186343973857142 0.0602450421218955 0.231351410878845 0.0259363071700463
0.159100822301573 0.0861041400447674 0.156106687811512 0.0388181242314559
0.110826682873035 0.128452661285665 0.102283195663304 0.0399634204454005
0.00975883628925166 0.149520166245582 0.0522174715507737 0.0281818216995113
-0.0664092442806102 0.116466141719038 0.0314731505001519 -0.0105894915751692
-0.117827030729245 0.105012904705689 0.093618428776545 -0.0584369958143929
-0.177209415830459 0.0570392988924055 0.252197611417437 -0.115064601763075
-0.06910761167435 0.0364768007869613 0.414911153863948 0.0611820308138578
-0.0353790556182499 0.0499288917967983 0.243405858572482 -0.0622701856096051
-0.0234572515017987 0.0247465797845999 0.0757449892738548 -0.0329166364747618
-0.0246035066299614 0.0416443117990553 0.00372075075922938 0.0863332102705975
0.00655170767961561 0.0637372647770742 0.105535443105424 0.176640982341724
0.0417012764889838 0.0515899374913982 0.223355710652886 0.142916273690312
0.0750371675055337 0.025934129493201 0.302026251094939 0.0838910303168751
0.0873276676183885 0.0271411494311617 0.31626284058731 0.0483114882312205
0.0801048982837707 0.0343281553354313 0.272975096513543 0.0512301314904258
0.0540477372045671 0.0549416192067697 0.174337720473196 0.0704446354812472
0.0196173288334736 0.066612750102093 0.0924565557825973 0.0726567153956203
-0.0322098120487558 0.047137642324175 0.0279560982557132 0.0414555132443855
-0.0297684504562759 -0.00203646924378221 0.0269313049221886 -0.0271443823008508
-0.00868001033484638 0.0285163478337718 0.115179690551776 -0.0595450235199732
-0.0404002650496736 0.0395241326672534 0.294849458523004 -0.10974042786184
