TRXV5
3
4
4
9
string Extension=J
integer IsArchMeasurement=1
integer IsSpherical=1
string Generator=SPM
string GeneratorVersion=1.3.1 Dev
double ArchRadius=0.449999988079071
integer FrequencyAxisIndex=0
integer AzimuthAxisIndex=1
integer ElevationAxisIndex=2
Frequency
5 136 690000000 960000000 LIN
Azimuth
7 8 0 2.74889357189107 LIN
Elevation
7 15 -2.74889357189107 2.74889357189107 LIN
Polar H Real Part
13
Polar H Imaginary Part
14
Polar V Real Part
13
Polar V Imaginary Part
14
Polar H Magnitude (dB)
12 0xC0000002 0 1
Polar H Phase
7 0xC0000003 0 1
Polar V Magnitude (dB)
12 0xC0000002 2 3
Polar V Phase
7 0xC0000003 2 3
0.0162982940673828 -0.00048065185546875 -0.180328369140625 -0.102996826171875
-0.00987434387207031 -0.0173721313476563 -0.0663108825683594 -0.0400428771972656
-0.02276611328125 0.00358390808105468 0.0556144714355469 -0.0334014892578125
-0.00750064849853516 0.0173234939575195 0.101058959960938 -0.106498718261719
0.00610733032226563 0.00995349884033203 0.0760955810546875 -0.158050537109375
0.00422215461730957 0.00237417221069336 0.0100860595703125 -0.198745727539063
-0.00481128692626953 -0.0123558044433594 -0.0567169189453125 -0.18414306640625
-0.00722217559814453 -0.0103292465209961 -0.08599853515625 -0.129173278808594
-0.007354736328125 -0.00964641571044922 -0.0871734619140625 -0.0811614990234375
0.000455856323242187 -0.00994300842285156 -0.0801849365234375 -0.04876708984375
0.00313282012939453 -0.00247025489807129 -0.0916748046875 -0.00569915771484376
-0.0123891830444336 0.00889682769775391 -0.0941619873046875 0.0187301635742187
-0.0282630920410156 -0.00933456420898438 -0.127166748046875 0.034942626953125
-0.010009765625 -0.0311927795410156 -0.181732177734375 0.068756103515625
0.00122833251953125 -0.0198574066162109 -0.19219970703125 0.078460693359375
0.10137939453125 0.0171966552734375 -0.1519775390625 -0.104415893554688
0.0755767822265625 -0.0087738037109375 -0.0367622375488281 -0.0399703979492188
0.0493278503417969 -0.00697708129882812 0.0690956115722656 -0.0384941101074219
0.0523452758789063 -0.0120697021484375 0.110824584960937 -0.109230041503906
0.0448341369628906 -0.0332183837890625 0.0818634033203125 -0.15533447265625
0.0170783996582031 -0.0599861145019531 0.0129547119140625 -0.196365356445313
-0.015594482421875 -0.0718002319335938 -0.051116943359375 -0.1707763671875
-0.0181961059570313 -0.0651206970214844 -0.0811843872070312 -0.111007690429688
-0.0226249694824219 -0.069427490234375 -0.08428955078125 -0.0610885620117188
-0.00537872314453125 -0.0749664306640625 -0.0804901123046875 -0.0344085693359375
0.0188064575195313 -0.0613517761230469 -0.0904006958007813 0.00667572021484374
0.0232391357421875 -0.0448112487792969 -0.0902023315429688 0.0242996215820312
0.0291595458984375 -0.039154052734375 -0.12054443359375 0.0423507690429687
0.0600318908691406 -0.0436935424804688 -0.160629272460938 0.0740203857421875
0.0798797607421875 -0.0246658325195313 -0.1666259765625 0.0829010009765625
0.172271728515625 0.0328826904296875 -0.0983123779296875 -0.0987014770507813
0.153060913085938 0.0017242431640625 0.0102519989013672 -0.0325260162353516
0.118759155273437 -0.0162277221679688 0.0892791748046875 -0.0381240844726563
0.10986328125 -0.0424041748046875 0.119758605957031 -0.104103088378906
0.07977294921875 -0.0747299194335938 0.0826873779296875 -0.142181396484375
0.027313232421875 -0.115638732910156 0.013336181640625 -0.175506591796875
-0.0241622924804687 -0.12060546875 -0.04095458984375 -0.136917114257813
-0.0268707275390625 -0.109367370605469 -0.0644149780273438 -0.075927734375
-0.03692626953125 -0.117942810058594 -0.0654067993164062 -0.0280685424804688
-0.0161972045898437 -0.127754211425781 -0.0706787109375 -0.00540924072265626
0.0256881713867187 -0.112327575683594 -0.08184814453125 0.0299530029296875
0.0485916137695313 -0.09478759765625 -0.084381103515625 0.0352859497070312
0.0787429809570313 -0.0708084106445313 -0.113212585449219 0.0447235107421875
0.121925354003906 -0.0560073852539063 -0.126899719238281 0.0660476684570313
0.146377563476563 -0.026519775390625 -0.117851257324219 0.0825653076171875
0.215179443359375 0.0417327880859375 -0.0267257690429687 -0.0885086059570312
0.209060668945312 0.0079498291015625 0.066986083984375 -0.0229263305664063
0.17144775390625 -0.02978515625 0.109756469726563 -0.0351715087890625
0.14971923828125 -0.072479248046875 0.122726440429688 -0.0902328491210938
0.100685119628906 -0.109840393066406 0.079010009765625 -0.115577697753906
0.0295257568359375 -0.155548095703125 0.0153884887695312 -0.136520385742188
-0.0318603515625 -0.150131225585938 -0.0224609375 -0.0876846313476563
-0.0324249267578125 -0.135826110839844 -0.0370254516601563 -0.02911376953125
-0.0447845458984375 -0.148651123046875 -0.0372200012207031 0.0138397216796875
-0.021331787109375 -0.161163330078125 -0.051727294921875 0.0315437316894531
0.03167724609375 -0.146499633789063 -0.0671539306640625 0.0569801330566406
0.067779541015625 -0.130813598632813 -0.0770797729492188 0.0484695434570313
0.119186401367188 -0.0927734375 -0.102668762207031 0.041839599609375
0.1689453125 -0.0605316162109375 -0.082977294921875 0.0496139526367187
0.192245483398438 -0.020965576171875 -0.0517196655273438 0.0805892944335937
0.2236328125 0.0425262451171875 0.0491943359375 -0.0821304321289063
0.230239868164063 0.00726318359375 0.122817993164063 -0.0217437744140625
0.1915283203125 -0.0418701171875 0.124549865722656 -0.0345458984375
0.161270141601562 -0.0926361083984375 0.119117736816406 -0.070770263671875
0.100669860839844 -0.12982177734375 0.0728988647460938 -0.0802001953125
0.0218658447265625 -0.171234130859375 0.0196685791015625 -0.0862350463867188
-0.03765869140625 -0.155914306640625 0.000322341918945311 -0.0310344696044922
-0.03399658203125 -0.14105224609375 -0.0052642822265625 0.0217723846435547
-0.0454559326171875 -0.157302856445313 -0.00606918334960937 0.0605583190917969
-0.019775390625 -0.171905517578125 -0.0299911499023438 0.073577880859375
0.0402374267578125 -0.158004760742188 -0.0517120361328125 0.0862808227539062
0.084381103515625 -0.1446533203125 -0.0678138732910156 0.0601692199707031
0.1463623046875 -0.093963623046875 -0.0868453979492188 0.03497314453125
0.19476318359375 -0.04730224609375 -0.0331802368164062 0.0298900604248047
0.208572387695312 -0.0041351318359375 0.0219879150390625 0.0808944702148438
0.19580078125 0.0381927490234375 0.115592956542969 -0.080474853515625
0.213577270507813 0.0052490234375 0.165252685546875 -0.02862548828125
0.177734375 -0.04638671875 0.129142761230469 -0.0365371704101563
0.143753051757813 -0.0957794189453125 0.110397338867188 -0.0486526489257813
0.082244873046875 -0.126556396484375 0.0679779052734375 -0.0428428649902344
0.00761413574218751 -0.159164428710938 0.0294475555419922 -0.0328598022460938
-0.0390090942382813 -0.136985778808594 0.0273761749267578 0.0239124298095703
-0.0311813354492188 -0.123550415039062 0.0271148681640625 0.0703506469726562
-0.0384521484375 -0.141677856445313 0.0215301513671875 0.105171203613281
-0.00997924804687499 -0.15643310546875 -0.014190673828125 0.116165161132813
0.0499114990234375 -0.144577026367188 -0.04290771484375 0.114044189453125
0.095428466796875 -0.1302490234375 -0.0619583129882812 0.0712661743164062
0.155197143554688 -0.0717315673828125 -0.068359375 0.0286483764648437
0.192535400390625 -0.02008056640625 0.0191326141357422 0.0183982849121094
0.192031860351563 0.01849365234375 0.0940628051757813 0.0894775390625
0.137908935546875 0.0301055908203125 0.163650512695313 -0.08636474609375
0.165664672851563 0.0045318603515625 0.188812255859375 -0.0430145263671875
0.134841918945313 -0.0413818359375 0.12469482421875 -0.0419540405273438
0.10418701171875 -0.0802078247070312 0.0992050170898438 -0.0298233032226563
0.052032470703125 -0.101043701171875 0.0668182373046875 -0.011474609375
-0.0080413818359375 -0.119773864746094 0.0434188842773437 0.0117607116699219
-0.0340194702148437 -0.0951919555664063 0.0545272827148438 0.0662155151367188
-0.0250320434570313 -0.0868911743164063 0.0555648803710938 0.107818603515625
-0.0277175903320313 -0.105903625488281 0.0408935546875 0.143814086914063
-0.00226593017578125 -0.118476867675781 -0.00761413574218752 0.153366088867188
0.0504684448242187 -0.109687805175781 -0.0433883666992188 0.136833190917969
0.0903778076171875 -0.0965042114257813 -0.0616683959960937 0.082427978515625
0.138069152832031 -0.038543701171875 -0.0514106750488281 0.0301322937011719
0.158950805664063 0.0080718994140625 0.0621109008789063 0.0211448669433594
0.145217895507812 0.0373992919921875 0.15234375 0.106231689453125
0.0598907470703125 0.0252609252929688 0.187057495117187 -0.0948333740234375
0.0959091186523437 0.0102386474609375 0.191421508789063 -0.060089111328125
0.0766830444335937 -0.0243988037109375 0.114936828613281 -0.0469818115234375
0.053192138671875 -0.0482101440429688 0.0901947021484375 -0.0170974731445313
0.0198440551757812 -0.0573272705078125 0.0689888000488281 0.00766372680664062
-0.0166893005371094 -0.0606803894042969 0.0591964721679688 0.0395317077636719
-0.0212478637695313 -0.0393753051757812 0.0763931274414062 0.0901641845703125
-0.0152015686035156 -0.0356369018554688 0.0751190185546875 0.129104614257813
-0.0173721313476562 -0.0516700744628906 0.049072265625 0.169036865234375
-0.0019378662109375 -0.063873291015625 -0.0118865966796875 0.17938232421875
0.0337181091308594 -0.0624885559082031 -0.0517578125 0.151840209960937
0.0629615783691406 -0.0545730590820312 -0.06719970703125 0.0934371948242188
0.0937728881835938 -0.00958251953125 -0.0425872802734375 0.0371284484863281
0.0979537963867188 0.0256500244140625 0.0856857299804688 0.0354461669921875
0.0739212036132813 0.0443496704101563 0.18438720703125 0.126571655273438
0.0192584991455078 -0.00123786926269531 -0.194931030273438 -0.0874481201171875
-0.0102806091308594 -0.0174522399902344 -0.0705642700195313 -0.0328750610351562
-0.022216796875 0.00531196594238282 0.054840087890625 -0.0407333374023437
-0.00527000427246094 0.0176429748535156 0.09429931640625 -0.121673583984375
0.00757980346679688 0.00837850570678711 0.0625457763671875 -0.172653198242188
0.00511264801025391 -0.000176906585693359 -0.0112762451171875 -0.206771850585937
-0.00605201721191406 -0.0145807266235352 -0.080810546875 -0.182083129882813
-0.00750160217285156 -0.0114307403564453 -0.104743957519531 -0.121124267578125
-0.00728416442871094 -0.0102291107177734 -0.101295471191406 -0.0722885131835937
0.00100421905517578 -0.0120964050292969 -0.0900726318359375 -0.0413970947265625
0.00412750244140625 -0.00312304496765137 -0.0966644287109375 0.00387573242187501
-0.0107059478759766 0.0108680725097656 -0.0968246459960938 0.02838134765625
-0.029815673828125 -0.00536918640136718 -0.129402160644531 0.0470733642578125
-0.013916015625 -0.0298557281494141 -0.181838989257813 0.09039306640625
-0.000461578369140627 -0.0189609527587891 -0.191513061523438 0.105194091796875
0.109405517578125 0.00693511962890625 -0.164596557617188 -0.09130859375
0.0782089233398438 -0.0182647705078125 -0.0403060913085937 -0.03564453125
0.0508880615234375 -0.0126991271972656 0.0697288513183594 -0.0460968017578125
0.05352783203125 -0.0196456909179688 0.104255676269531 -0.125480651855469
0.0420646667480469 -0.0405464172363281 0.069122314453125 -0.1697998046875
0.0102806091308594 -0.0646820068359375 -0.00833129882812498 -0.202880859375
-0.0242996215820312 -0.0734176635742188 -0.0734100341796875 -0.168212890625
-0.0253486633300781 -0.0658607482910156 -0.0969161987304687 -0.102081298828125
-0.03118896484375 -0.0696830749511719 -0.0952301025390625 -0.0511474609375
-0.0136184692382812 -0.0772323608398438 -0.0903854370117188 -0.025848388671875
0.0139312744140625 -0.0656471252441406 -0.0951004028320313 0.01788330078125
0.0202865600585937 -0.0481109619140625 -0.0927963256835938 0.0345535278320312
0.0258636474609375 -0.0418357849121094 -0.122314453125 0.0550460815429688
0.056671142578125 -0.050933837890625 -0.159194946289063 0.0951690673828125
0.0803680419921875 -0.0331573486328125 -0.164703369140625 0.107666015625
0.184158325195313 0.0146484375 -0.108734130859375 -0.0904312133789062
0.159423828125 -0.0163726806640625 0.0100173950195313 -0.0324363708496094
0.122276306152344 -0.0308914184570312 0.0909805297851563 -0.0468215942382813
0.108238220214844 -0.0578536987304688 0.114814758300781 -0.119926452636719
0.072845458984375 -0.0871658325195313 0.0711822509765625 -0.155685424804688
0.0137481689453125 -0.122077941894531 -0.00546264648437501 -0.181503295898438
-0.0393905639648438 -0.121200561523438 -0.0573959350585937 -0.134910583496094
-0.0408935546875 -0.110275268554688 -0.0751495361328125 -0.0672683715820313
-0.05181884765625 -0.117790222167969 -0.07208251953125 -0.0186996459960937
-0.0312271118164062 -0.129920959472656 -0.0774688720703125 0.003753662109375
0.0147705078125 -0.119705200195313 -0.0841445922851563 0.04132080078125
0.0399398803710938 -0.1033935546875 -0.0864944458007813 0.0456161499023437
0.072998046875 -0.0799713134765625 -0.11431884765625 0.0578460693359375
0.119346618652344 -0.0703048706054688 -0.125381469726563 0.0832138061523438
0.149154663085938 -0.04327392578125 -0.114501953125 0.102279663085938
0.22894287109375 0.0189056396484375 -0.0338668823242187 -0.088043212890625
0.216552734375 -0.0160369873046875 0.0700035095214844 -0.0290679931640625
0.173812866210938 -0.0495452880859375 0.112899780273438 -0.04443359375
0.146377563476562 -0.0924530029296875 0.119895935058594 -0.104286193847656
0.0901641845703125 -0.125282287597656 0.0703353881835938 -0.12713623046875
0.011383056640625 -0.162246704101563 0.000518798828125006 -0.140914916992188
-0.05059814453125 -0.150115966796875 -0.0330429077148438 -0.0859375
-0.0494918823242187 -0.136322021484375 -0.041778564453125 -0.0227851867675781
-0.064117431640625 -0.1474609375 -0.0381584167480469 0.0217323303222656
-0.0415191650390625 -0.163665771484375 -0.0533332824707031 0.0406990051269531
0.0161590576171875 -0.155487060546875 -0.0657234191894531 0.0684432983398437
0.055206298828125 -0.143539428710938 -0.0767822265625 0.058868408203125
0.112350463867188 -0.107643127441406 -0.103317260742188 0.0552825927734375
0.167526245117188 -0.08026123046875 -0.08251953125 0.0618362426757813
0.196426391601562 -0.043914794921875 -0.0466766357421875 0.0930709838867188
0.236648559570313 0.0176849365234375 0.0450439453125 -0.0891342163085938
0.237899780273438 -0.0194244384765625 0.127227783203125 -0.03228759765625
0.193023681640625 -0.0639495849609375 0.128303527832031 -0.0450439453125
0.156265258789062 -0.114517211914062 0.119522094726563 -0.083740234375
0.0883026123046875 -0.14544677734375 0.0679550170898438 -0.0893707275390625
0.00122070312500001 -0.176971435546875 0.0106048583984375 -0.0889434814453125
-0.0569305419921875 -0.154434204101563 -0.00222396850585938 -0.0307102203369141
-0.0518341064453125 -0.140266418457031 -0.00271034240722657 0.0251045227050781
-0.0664825439453125 -0.155166625976563 0.000110626220703128 0.0655975341796875
-0.0414886474609375 -0.173583984375 -0.0257110595703125 0.0817337036132812
0.022796630859375 -0.168609619140625 -0.0464935302734375 0.0969924926757812
0.070098876953125 -0.159820556640625 -0.0662612915039063 0.07073974609375
0.139808654785156 -0.112548828125 -0.0878677368164062 0.0475234985351563
0.195693969726562 -0.0702362060546875 -0.0326805114746094 0.0357818603515625
0.21563720703125 -0.0290985107421875 0.0296249389648438 0.085418701171875
0.206375122070313 0.0154266357421875 0.113410949707031 -0.0955047607421875
0.220108032226563 -0.0194854736328125 0.1697998046875 -0.0447235107421875
0.177703857421875 -0.0670623779296875 0.133262634277344 -0.0476913452148438
0.137458801269531 -0.115814208984375 0.112388610839844 -0.060089111328125
0.069671630859375 -0.140106201171875 0.0673828125 -0.0506057739257813
-0.01202392578125 -0.161666870117188 0.0263900756835938 -0.0353851318359375
-0.0565185546875 -0.13330078125 0.0317325592041016 0.0216102600097656
-0.0469284057617187 -0.122398376464844 0.0364723205566406 0.0702133178710938
-0.05731201171875 -0.140151977539063 0.0339126586914062 0.108406066894531
-0.03021240234375 -0.15850830078125 -0.00339508056640626 0.123619079589844
0.0336761474609375 -0.155014038085938 -0.0344085693359375 0.124244689941406
0.082000732421875 -0.146377563476563 -0.0587844848632812 0.08135986328125
0.150955200195312 -0.0909423828125 -0.0684814453125 0.0392799377441406
0.1956787109375 -0.042572021484375 0.0196609497070313 0.0173892974853516
0.2012939453125 -0.004180908203125 0.104095458984375 0.0854415893554687
0.145599365234375 0.014068603515625 0.162109375 -0.1072998046875
0.170608520507813 -0.015106201171875 0.19317626953125 -0.0631103515625
0.134956359863281 -0.0576019287109375 0.128395080566406 -0.0523757934570313
0.0981826782226563 -0.0947189331054688 0.103042602539063 -0.03924560546875
0.0407485961914062 -0.110595703125 0.0690269470214844 -0.0176315307617188
-0.023468017578125 -0.119209289550781 0.0474205017089844 0.00837707519531249
-0.047119140625 -0.0915603637695313 0.0654449462890625 0.0615234375
-0.0357818603515625 -0.0841445922851563 0.0711593627929688 0.104316711425781
-0.0424880981445313 -0.103050231933594 0.058563232421875 0.144851684570313
-0.017791748046875 -0.119903564453125 0.0070648193359375 0.160415649414063
0.037750244140625 -0.118972778320312 -0.0317535400390625 0.147750854492188
0.0803985595703125 -0.110870361328125 -0.0560455322265625 0.0930328369140625
0.136505126953125 -0.0554580688476563 -0.0512008666992187 0.0380516052246094
0.164199829101563 -0.009002685546875 0.06396484375 0.0144577026367187
0.153961181640625 0.0200653076171875 0.165817260742187 0.0960540771484375
0.0637359619140625 0.0174942016601563 0.184799194335938 -0.119125366210938
0.0995559692382813 -0.0015716552734375 0.193130493164063 -0.08135986328125
0.0766067504882813 -0.0338287353515625 0.116905212402344 -0.0572738647460938
0.0488204956054687 -0.0559577941894531 0.0945358276367188 -0.0249557495117188
0.0121994018554688 -0.060516357421875 0.0735549926757813 0.0013427734375
-0.0254096984863281 -0.0580215454101563 0.0666656494140625 0.034637451171875
-0.0267868041992188 -0.0357589721679687 0.0898666381835938 0.0828018188476563
-0.0200786590576172 -0.0329475402832031 0.0929031372070313 0.123252868652344
-0.0244255065917969 -0.0486946105957031 0.0696258544921875 0.168365478515625
-0.0108985900878906 -0.0640144348144531 0.00686645507812499 0.187286376953125
0.0265426635742188 -0.0681877136230469 -0.038299560546875 0.164031982421875
0.057647705078125 -0.0634841918945313 -0.0606002807617187 0.105079650878906
0.0947189331054688 -0.020233154296875 -0.0412826538085937 0.0433883666992188
0.102546691894531 0.0146865844726563 0.0902328491210938 0.025726318359375
0.081146240234375 0.0358810424804688 0.201995849609375 0.112533569335938
0.0213794708251953 -0.00281143188476562 -0.199737548828125 -0.0690155029296875
-0.0107030868530273 -0.0165672302246094 -0.0722198486328125 -0.024169921875
-0.0203151702880859 0.00709533691406251 0.052581787109375 -0.0464324951171875
-0.00226211547851562 0.0177478790283203 0.0824050903320313 -0.131385803222656
0.00889396667480469 0.00637245178222656 0.0457611083984375 -0.179702758789063
0.0052490234375 -0.00274133682250977 -0.032073974609375 -0.205551147460938
-0.00726222991943359 -0.0162496566772461 -0.100265502929688 -0.171615600585938
-0.00835800170898438 -0.012420654296875 -0.117385864257813 -0.106361389160156
-0.007568359375 -0.0108680725097656 -0.109573364257813 -0.060028076171875
0.000946998596191405 -0.0136899948120117 -0.0971450805664063 -0.0317535400390625
0.00562238693237305 -0.00415897369384766 -0.0981063842773438 0.0141830444335938
-0.00768375396728515 0.0128507614135742 -0.0963592529296875 0.03759765625
-0.0289783477783203 -0.000570297241210931 -0.127098083496094 0.0570602416992188
-0.0169601440429688 -0.0272045135498047 -0.173812866210938 0.108078002929688
-0.00212955474853515 -0.0168647766113281 -0.181961059570312 0.127960205078125
0.111915588378906 -0.00452423095703125 -0.170455932617188 -0.0755615234375
0.0771942138671875 -0.0271453857421875 -0.0410957336425781 -0.0302238464355469
0.0504531860351563 -0.0184745788574219 0.0673828125 -0.0523872375488281
0.0516700744628906 -0.0264167785644531 0.0929031372070313 -0.135345458984375
0.0377006530761719 -0.0461997985839844 0.0521697998046875 -0.177230834960937
0.00266265869140625 -0.0663948059082031 -0.0289306640625 -0.201126098632812
-0.0322647094726563 -0.0715560913085938 -0.0907745361328125 -0.158096313476563
-0.0318183898925781 -0.0642051696777344 -0.107498168945313 -0.0877609252929687
-0.0382499694824219 -0.0672035217285156 -0.101226806640625 -0.03839111328125
-0.0210952758789062 -0.0765304565429688 -0.0955352783203125 -0.0147857666015625
0.00791931152343749 -0.0676651000976563 -0.0955810546875 0.0284042358398438
0.0163192749023438 -0.0496292114257813 -0.09185791015625 0.0433807373046875
0.0220565795898438 -0.0425682067871094 -0.118499755859375 0.0661087036132813
0.0509796142578125 -0.0553321838378906 -0.150146484375 0.111526489257812
0.0775909423828125 -0.0400619506835938 -0.15447998046875 0.128158569335937
0.187576293945313 -0.0050048828125 -0.113334655761719 -0.079986572265625
0.157699584960938 -0.034027099609375 0.00966072082519532 -0.0311069488525391
0.119155883789063 -0.0433273315429687 0.0899734497070313 -0.0540237426757813
0.102279663085937 -0.0708084106445312 0.105239868164062 -0.130210876464844
0.0628585815429688 -0.0952987670898438 0.0564727783203125 -0.162322998046875
-1.52587890624937E-05 -0.122764587402344 -0.023712158203125 -0.178421020507813
-0.0525436401367187 -0.116127014160156 -0.0715484619140625 -0.126022338867188
-0.0521469116210937 -0.106025695800781 -0.0816421508789063 -0.0550689697265625
-0.064697265625 -0.111900329589844 -0.0747528076171875 -0.00774383544921877
-0.0449676513671875 -0.126754760742188 -0.0794677734375 0.0139236450195313
0.00290679931640625 -0.120948791503906 -0.082672119140625 0.051483154296875
0.029541015625 -0.107261657714844 -0.084320068359375 0.0550308227539062
0.0661163330078125 -0.0855255126953125 -0.110038757324219 0.0695877075195312
0.111770629882813 -0.08062744140625 -0.117652893066406 0.0969390869140625
0.145065307617188 -0.0582427978515625 -0.105300903320312 0.1182861328125
0.231903076171875 -0.0064697265625 -0.0385360717773437 -0.085205078125
0.213485717773438 -0.04010009765625 0.0705108642578125 -0.0332794189453125
0.16815185546875 -0.06689453125 0.112907409667969 -0.0532455444335938
0.136093139648438 -0.109413146972656 0.113044738769531 -0.115547180175781
0.0761642456054688 -0.134483337402344 0.0591278076171875 -0.133354187011719
-0.00653076171874998 -0.161407470703125 -0.0134353637695312 -0.13812255859375
-0.06610107421875 -0.142471313476562 -0.0414352416992187 -0.079986572265625
-0.0643692016601562 -0.130386352539063 -0.0431861877441406 -0.0147972106933594
-0.0807876586914063 -0.1392822265625 -0.0364646911621094 0.0288200378417969
-0.0598907470703125 -0.158111572265625 -0.0521736145019531 0.048614501953125
-0.000808715820312499 -0.157730102539063 -0.0620269775390625 0.0773544311523437
0.0397796630859375 -0.149368286132813 -0.0740203857421875 0.0671920776367188
0.100532531738281 -0.117156982421875 -0.0991134643554687 0.0665512084960938
0.158767700195313 -0.09661865234375 -0.0768966674804687 0.0716476440429688
0.192245483398438 -0.064697265625 -0.0379257202148437 0.102439880371094
0.238632202148438 -0.008636474609375 0.0395660400390625 -0.0936431884765625
0.233551025390625 -0.045196533203125 0.126914978027344 -0.04254150390625
0.18603515625 -0.082794189453125 0.128273010253906 -0.0543670654296875
0.143768310546875 -0.131591796875 0.114189147949219 -0.0936050415039063
0.071502685546875 -0.153900146484375 0.0608139038085938 -0.095123291015625
-0.0179595947265625 -0.173904418945313 0.002349853515625 -0.087554931640625
-0.0731353759765625 -0.14495849609375 -0.00467109680175782 -0.028717041015625
-0.0672073364257813 -0.133453369140625 0.00116348266601562 0.0279178619384766
-0.0840911865234375 -0.145462036132813 0.00684356689453124 0.0679550170898438
-0.0616607666015625 -0.166915893554687 -0.019561767578125 0.0865859985351563
0.00395202636718751 -0.170272827148438 -0.0396804809570313 0.104087829589844
0.0511322021484375 -0.167465209960938 -0.0616607666015625 0.0784378051757812
0.127937316894531 -0.125511169433594 -0.0838241577148438 0.0582656860351562
0.187789916992188 -0.090545654296875 -0.0303421020507812 0.0404548645019531
0.2122802734375 -0.0522003173828125 0.0369186401367188 0.086822509765625
0.207077026367188 -0.0074310302734375 0.10711669921875 -0.107254028320312
0.216156005859375 -0.0442657470703125 0.16876220703125 -0.05950927734375
0.170242309570313 -0.0843048095703125 0.132553100585938 -0.0569076538085938
0.124702453613281 -0.130073547363281 0.110336303710938 -0.069488525390625
0.0540313720703125 -0.146408081054687 0.0641288757324219 -0.0555458068847656
-0.0297088623046875 -0.1566162109375 0.0238800048828125 -0.0360031127929688
-0.0697402954101563 -0.123504638671875 0.0347328186035156 0.0187339782714844
-0.0604400634765625 -0.114791870117187 0.0447578430175781 0.0673561096191406
-0.0728302001953125 -0.130996704101562 0.0458755493164062 0.106590270996094
-0.04876708984375 -0.15264892578125 0.00623321533203126 0.125320434570313
0.0157470703125 -0.158218383789063 -0.0238113403320313 0.130035400390625
0.0650634765625 -0.155746459960938 -0.0524444580078125 0.0881576538085937
0.139945983886719 -0.10675048828125 -0.0654067993164063 0.0480995178222656
0.190933227539063 -0.063018798828125 0.0197467803955078 0.0172634124755859
0.200469970703125 -0.0267791748046875 0.110702514648438 0.07928466796875
0.146102905273438 -0.003692626953125 0.15350341796875 -0.125076293945313
0.16693115234375 -0.0343017578125 0.18890380859375 -0.0809173583984375
0.128097534179688 -0.070556640625 0.126480102539062 -0.061981201171875
0.0872039794921875 -0.105964660644531 0.102577209472656 -0.0475616455078125
0.02838134765625 -0.113555908203125 0.0695533752441406 -0.0239906311035156
-0.0369796752929688 -0.113227844238281 0.0487442016601563 0.00486373901367187
-0.0565719604492188 -0.0825424194335937 0.07208251953125 0.0538864135742187
-0.0449676513671875 -0.07806396484375 0.082275390625 0.0965194702148438
-0.0536880493164063 -0.0955123901367187 0.0740737915039063 0.138442993164063
-0.0324478149414063 -0.115890502929687 0.022613525390625 0.1610107421875
0.023529052734375 -0.122451782226563 -0.0187530517578125 0.15240478515625
0.067108154296875 -0.119094848632813 -0.0479736328125 0.099212646484375
0.129653930664063 -0.06903076171875 -0.0479011535644531 0.0442352294921875
0.162841796875 -0.0269927978515625 0.0634078979492188 0.0086212158203125
0.155838012695313 0.0023345947265625 0.172882080078125 0.0820770263671875
0.0653533935546875 0.00868988037109375 0.174697875976563 -0.139923095703125
0.0980148315429687 -0.0133895874023437 0.187088012695313 -0.0995635986328125
0.0726165771484375 -0.0416717529296875 0.114547729492188 -0.06640625
0.04205322265625 -0.0620498657226563 0.0957794189453125 -0.03302001953125
0.00439453125 -0.0615348815917969 0.0760574340820313 -0.0050201416015625
-0.0322532653808594 -0.0517501831054688 0.0716323852539063 0.028167724609375
-0.0299320220947266 -0.0300655364990234 0.0998153686523437 0.071136474609375
-0.0226974487304688 -0.0281810760498047 0.106437683105469 0.111274719238281
-0.0302276611328125 -0.0431365966796875 0.0877838134765625 0.159774780273438
-0.0192108154296875 -0.0599517822265625 0.025299072265625 0.186721801757812
0.0174179077148437 -0.0709991455078125 -0.0226898193359375 0.1688232421875
0.0493316650390625 -0.0696296691894531 -0.050872802734375 0.11151123046875
0.09136962890625 -0.0298385620117188 -0.03851318359375 0.0475044250488281
0.103622436523438 0.00360870361328125 0.0901336669921875 0.0161056518554688
0.0840225219726563 0.0253829956054688 0.210739135742188 0.09454345703125
0.0227527618408203 -0.00356864929199219 -0.198822021484375 -0.05511474609375
-0.0116329193115234 -0.0159616470336914 -0.0703964233398438 -0.0178604125976562
-0.0185070037841797 0.00829124450683594 0.0496940612792969 -0.0490837097167969
0.000335693359375 0.0163278579711914 0.0726318359375 -0.1353759765625
0.00908946990966797 0.00407505035400391 0.0319061279296875 -0.180877685546875
0.00480747222900391 -0.00430440902709961 -0.046600341796875 -0.199905395507813
-0.00903797149658203 -0.0175695419311523 -0.111312866210938 -0.1588134765625
-0.00874519348144531 -0.0139780044555664 -0.123123168945313 -0.0932846069335937
-0.00730514526367188 -0.0125484466552734 -0.113922119140625 -0.047943115234375
0.000930786132812499 -0.0153532028198242 -0.100799560546875 -0.0231552124023438
0.00644302368164063 -0.00582361221313477 -0.0978775024414063 0.0220718383789062
-0.004486083984375 0.0135746002197266 -0.0943222045898438 0.0430374145507812
-0.0275344848632813 0.00251579284667969 -0.123992919921875 0.0629043579101562
-0.0194473266601562 -0.0243473052978516 -0.16436767578125 0.119110107421875
-0.00237846374511719 -0.0144319534301758 -0.170074462890625 0.142852783203125
0.111549377441406 -0.0127792358398438 -0.169296264648438 -0.0631561279296875
0.0742950439453125 -0.0336532592773438 -0.03961181640625 -0.0250015258789062
0.0493812561035156 -0.022613525390625 0.0658493041992188 -0.0554161071777344
0.0495948791503906 -0.031585693359375 0.0832672119140625 -0.139839172363281
0.033447265625 -0.0495185852050781 0.0391082763671875 -0.178009033203125
-0.00223541259765625 -0.0659942626953125 -0.0430908203125 -0.195083618164063
-0.0377197265625 -0.0693016052246094 -0.101043701171875 -0.146026611328125
-0.0364303588867188 -0.0624732971191406 -0.111381530761719 -0.07440185546875
-0.0428276062011719 -0.064849853515625 -0.103706359863281 -0.0268173217773438
-0.025970458984375 -0.0748977661132813 -0.0982666015625 -0.00570678710937502
0.00368881225585938 -0.068084716796875 -0.0941238403320313 0.0365524291992187
0.0141143798828125 -0.0495033264160156 -0.0897750854492188 0.0490570068359375
0.0198326110839844 -0.041412353515625 -0.114517211914063 0.0725326538085938
0.0462188720703125 -0.0565109252929688 -0.140640258789062 0.121139526367187
0.0740890502929688 -0.043975830078125 -0.143112182617188 0.141464233398438
0.184677124023437 -0.0195465087890625 -0.113487243652344 -0.07110595703125
0.152755737304688 -0.046539306640625 0.0106716156005859 -0.0292453765869141
0.11456298828125 -0.0518951416015625 0.08892822265625 -0.0584869384765625
0.0955886840820313 -0.0786666870117188 0.0965194702148438 -0.135223388671875
0.054168701171875 -0.0991592407226563 0.044647216796875 -0.163375854492188
-0.00940704345703124 -0.120277404785156 -0.0360107421875 -0.172149658203125
-0.060791015625 -0.110176086425781 -0.0790481567382812 -0.116233825683594
-0.0594024658203125 -0.100700378417969 -0.0827407836914063 -0.0444488525390625
-0.072662353515625 -0.104995727539063 -0.0744476318359375 0.0015869140625
-0.054107666015625 -0.121147155761719 -0.0805740356445313 0.022857666015625
-0.00638580322265625 -0.119712829589844 -0.0801773071289063 0.0590744018554687
0.0218353271484375 -0.107391357421875 -0.0817718505859375 0.0607376098632813
0.0592041015625 -0.08673095703125 -0.105117797851563 0.0769729614257812
0.103919982910156 -0.0869979858398437 -0.109451293945313 0.105766296386719
0.138473510742188 -0.067626953125 -0.0954666137695312 0.128814697265625
0.228286743164063 -0.0248565673828125 -0.0396194458007813 -0.08172607421875
0.207199096679688 -0.0564422607421875 0.0704498291015625 -0.0351104736328125
0.16143798828125 -0.0780029296875 0.111404418945313 -0.0579757690429688
0.125579833984375 -0.118919372558594 0.1060791015625 -0.120460510253906
0.063201904296875 -0.138404846191406 0.04974365234375 -0.134864807128906
-0.0187225341796875 -0.1568603515625 -0.0225372314453125 -0.132888793945313
-0.0759658813476562 -0.133895874023438 -0.0454864501953125 -0.0735015869140625
-0.0731735229492187 -0.121986389160156 -0.0416412353515625 -0.00806427001953125
-0.0906295776367188 -0.130088806152344 -0.0335693359375 0.0342597961425781
-0.071990966796875 -0.15032958984375 -0.050384521484375 0.055419921875
-0.0133514404296875 -0.155349731445313 -0.057891845703125 0.083526611328125
0.0275115966796875 -0.1497802734375 -0.07080078125 0.072998046875
0.0908279418945313 -0.120849609375 -0.0935211181640625 0.0747528076171875
0.149337768554688 -0.106124877929688 -0.0715789794921875 0.0782546997070313
0.184036254882813 -0.0780792236328125 -0.0304031372070312 0.108711242675781
0.233718872070313 -0.0279541015625 0.0354995727539063 -0.0957794189453125
0.225067138671875 -0.0636749267578125 0.125389099121094 -0.0483474731445313
0.1773681640625 -0.0944671630859375 0.127128601074219 -0.0595626831054688
0.130508422851562 -0.141586303710938 0.110092163085938 -0.099151611328125
0.0577392578125 -0.157150268554688 0.0544662475585938 -0.0972061157226563
-0.031768798828125 -0.167282104492188 -0.00356292724609376 -0.0838623046875
-0.0823593139648437 -0.134536743164063 -0.00548171997070313 -0.0265331268310547
-0.0765533447265625 -0.124526977539063 0.00509452819824218 0.0299472808837891
-0.0948257446289063 -0.134803771972656 0.0122451782226562 0.0692825317382812
-0.0748443603515625 -0.157958984375 -0.0155258178710938 0.0905990600585938
-0.0103607177734375 -0.168304443359375 -0.0334854125976562 0.108139038085938
0.036376953125 -0.16864013671875 -0.0570907592773437 0.0831298828125
0.1158447265625 -0.132041931152344 -0.0792312622070312 0.06573486328125
0.177993774414063 -0.102615356445313 -0.027984619140625 0.0444908142089844
0.204269409179688 -0.068939208984375 0.0417633056640625 0.0878219604492188
0.202590942382813 -0.0258636474609375 0.100181579589844 -0.114326477050781
0.207290649414063 -0.06036376953125 0.164657592773438 -0.068878173828125
0.16070556640625 -0.09515380859375 0.131011962890625 -0.0630950927734375
0.111892700195313 -0.138404846191406 0.108360290527344 -0.074676513671875
0.04095458984375 -0.147354125976563 0.0612335205078125 -0.058319091796875
-0.0416412353515625 -0.148956298828125 0.02215576171875 -0.0353164672851563
-0.0777587890625 -0.113853454589844 0.03692626953125 0.0162849426269531
-0.0679473876953125 -0.10626220703125 0.051025390625 0.0636062622070313
-0.0831451416015625 -0.11993408203125 0.0531997680664062 0.10247802734375
-0.0625457763671875 -0.143844604492188 0.0147933959960937 0.126045227050781
0.00141906738281249 -0.156829833984375 -0.0155410766601562 0.132148742675781
0.05023193359375 -0.1585693359375 -0.046966552734375 0.0923233032226562
0.129867553710938 -0.113975524902344 -0.0614814758300781 0.0540847778320313
0.183364868164062 -0.0769500732421875 0.0185985565185547 0.016998291015625
0.194656372070313 -0.043609619140625 0.113746643066406 0.0741043090820313
0.142532348632813 -0.01629638671875 0.144424438476563 -0.1357421875
0.160491943359375 -0.047210693359375 0.18255615234375 -0.0931396484375
0.121192932128906 -0.0785446166992188 0.12384033203125 -0.0676651000976562
0.0769577026367188 -0.111366271972656 0.102210998535156 -0.052764892578125
0.0179061889648437 -0.113265991210937 0.0694084167480469 -0.0275382995605469
-0.0452957153320313 -0.104866027832031 0.0497932434082031 0.00262832641601562
-0.0607528686523437 -0.0739364624023437 0.07623291015625 0.04705810546875
-0.0501861572265625 -0.0708236694335937 0.0892333984375 0.0879974365234375
-0.0609664916992188 -0.0859756469726563 0.0840606689453125 0.130805969238281
-0.0419464111328125 -0.108406066894531 0.0331878662109375 0.158798217773437
0.0118942260742187 -0.121162414550781 -0.0085601806640625 0.1536865234375
0.0545196533203125 -0.122917175292969 -0.0418014526367188 0.10284423828125
0.121543884277344 -0.0768508911132813 -0.0450248718261719 0.0481033325195313
0.157867431640625 -0.04010009765625 0.0609588623046875 0.00463485717773437
0.152847290039063 -0.01202392578125 0.174835205078125 0.072052001953125
0.0637931823730469 0.00204849243164063 0.163345336914063 -0.152297973632812
0.0944366455078125 -0.0224838256835938 0.179122924804688 -0.111648559570313
0.0682754516601563 -0.0475921630859375 0.110923767089844 -0.071380615234375
0.0356674194335938 -0.0651168823242188 0.0961761474609375 -0.0373382568359375
-0.00114822387695313 -0.0605316162109375 0.0771484375 -0.00992584228515625
-0.0364913940429688 -0.0457916259765625 0.0746078491210938 0.0224838256835937
-0.0305995941162109 -0.0245304107666016 0.104728698730469 0.060455322265625
-0.0235061645507812 -0.02435302734375 0.113677978515625 0.0995941162109375
-0.0324554443359375 -0.0373916625976562 0.098724365234375 0.149673461914063
-0.0246047973632813 -0.0557861328125 0.038909912109375 0.182373046875
0.01055908203125 -0.0701103210449219 -0.011199951171875 0.169723510742188
0.0416336059570312 -0.0724334716796875 -0.043243408203125 0.114479064941406
0.0866546630859375 -0.0356597900390625 -0.035125732421875 0.0502510070800781
0.101219177246094 -0.0052490234375 0.0869522094726563 0.0091552734375
0.08349609375 0.0166473388671875 0.211929321289063 0.080322265625
0.0239124298095703 -0.00380134582519531 -0.197509765625 -0.0474395751953125
-0.0108404159545898 -0.0158586502075195 -0.0692634582519531 -0.013458251953125
-0.0167961120605469 0.00827980041503906 0.0496063232421875 -0.0509033203125
0.00236797332763672 0.0150489807128906 0.0669631958007813 -0.138771057128906
0.0094919204711914 0.00263118743896484 0.02398681640625 -0.18182373046875
0.00480079650878906 -0.00598049163818359 -0.056060791015625 -0.197128295898438
-0.0111961364746094 -0.0197544097900391 -0.118087768554687 -0.1510009765625
-0.00914573669433594 -0.0165205001831055 -0.125907897949219 -0.0834426879882812
-0.00718975067138672 -0.0147552490234375 -0.116676330566406 -0.0400466918945312
0.00074291229248047 -0.0173482894897461 -0.104881286621094 -0.0170822143554687
0.00700569152832031 -0.00714349746704102 -0.09832763671875 0.0258865356445312
-0.0018167495727539 0.0143795013427734 -0.0946426391601562 0.0461807250976563
-0.0262432098388672 0.00539016723632813 -0.124374389648438 0.0663604736328125
-0.0207386016845703 -0.0219783782958984 -0.16009521484375 0.125732421875
-0.00166702270507812 -0.0116024017333984 -0.163497924804688 0.153793334960938
0.111618041992188 -0.017913818359375 -0.16845703125 -0.0573883056640625
0.0730361938476563 -0.037261962890625 -0.0374832153320312 -0.0215301513671875
0.0488929748535156 -0.0247955322265625 0.0658187866210937 -0.0574607849121094
0.0481758117675781 -0.035430908203125 0.07843017578125 -0.142898559570313
0.0305213928222656 -0.0518074035644531 0.0313568115234375 -0.179061889648438
-0.00596237182617188 -0.0660285949707031 -0.0519866943359375 -0.191375732421875
-0.0418777465820312 -0.0684623718261719 -0.10638427734375 -0.138099670410156
-0.0399703979492188 -0.0621490478515625 -0.112556457519531 -0.0655288696289063
-0.045318603515625 -0.0636711120605469 -0.105361938476562 -0.0187225341796875
-0.029449462890625 -0.0745925903320313 -0.10101318359375 0.00164031982421873
0.00133132934570313 -0.0689773559570313 -0.095123291015625 0.0422744750976562
0.0137290954589844 -0.0499038696289063 -0.0905075073242187 0.05291748046875
0.0192337036132813 -0.0403289794921875 -0.1131591796875 0.0764312744140625
0.0437049865722656 -0.0570602416992188 -0.135307312011719 0.128623962402344
0.0727920532226563 -0.0450820922851563 -0.136459350585937 0.152359008789063
0.184524536132813 -0.0294036865234375 -0.112861633300781 -0.0673980712890625
0.15008544921875 -0.0543365478515625 0.0136260986328125 -0.0278034210205078
0.112945556640625 -0.0574722290039063 0.08984375 -0.0601425170898438
0.0909576416015625 -0.0849990844726563 0.0926513671875 -0.138984680175781
0.0486907958984375 -0.102188110351563 0.0385284423828125 -0.163833618164063
-0.0153427124023437 -0.119270324707031 -0.043609619140625 -0.168411254882813
-0.0667266845703125 -0.106895446777344 -0.0826873779296875 -0.109375
-0.0651397705078125 -0.0976486206054687 -0.0825119018554688 -0.0368881225585938
-0.0781326293945313 -0.101325988769531 -0.0736923217773438 0.00866699218750001
-0.0597000122070312 -0.118949890136719 -0.0815582275390625 0.0305023193359375
-0.0108184814453125 -0.120216369628906 -0.0798873901367187 0.0649261474609375
0.0179214477539063 -0.108062744140625 -0.08251953125 0.0654449462890625
0.0560226440429688 -0.0871353149414063 -0.102516174316406 0.081512451171875
0.100311279296875 -0.0903549194335938 -0.104789733886719 0.112319946289063
0.134910583496094 -0.0726547241210938 -0.089019775390625 0.137397766113281
0.226898193359375 -0.037506103515625 -0.0398101806640625 -0.08056640625
0.202972412109375 -0.0670928955078125 0.0720138549804688 -0.0363311767578125
0.158462524414062 -0.0854644775390625 0.113525390625 -0.061004638671875
0.118309020996094 -0.1259765625 0.104362487792969 -0.124183654785156
0.055877685546875 -0.141769409179688 0.04559326171875 -0.135154724121094
-0.0268707275390625 -0.1539306640625 -0.027618408203125 -0.128952026367188
-0.0818939208984375 -0.128585815429687 -0.047271728515625 -0.0690994262695313
-0.0797348022460937 -0.118392944335938 -0.0396347045898438 -0.00328826904296875
-0.0970535278320313 -0.123329162597656 -0.0312995910644531 0.0395240783691406
-0.07928466796875 -0.14495849609375 -0.0499153137207031 0.0617561340332031
-0.021575927734375 -0.154449462890625 -0.05657958984375 0.08935546875
0.0199432373046875 -0.150680541992188 -0.0699691772460937 0.0774383544921875
0.085601806640625 -0.123733520507812 -0.091094970703125 0.0799102783203125
0.143966674804688 -0.112686157226563 -0.0675811767578125 0.083770751953125
0.180007934570313 -0.0865631103515625 -0.0255584716796875 0.11541748046875
0.2315673828125 -0.041015625 0.0349960327148438 -0.09857177734375
0.219940185546875 -0.07464599609375 0.1263427734375 -0.0526351928710938
0.1724853515625 -0.101791381835938 0.129684448242188 -0.0620803833007813
0.122573852539063 -0.147476196289063 0.109970092773438 -0.1024169921875
0.0494384765625 -0.15887451171875 0.0529251098632812 -0.09735107421875
-0.0395355224609375 -0.162918090820312 -0.00589752197265625 -0.0806732177734375
-0.0880813598632813 -0.128288269042969 -0.00529670715332032 -0.0249710083007813
-0.0824356079101562 -0.119232177734375 0.00834465026855468 0.0313930511474609
-0.101516723632813 -0.127235412597656 0.0162010192871094 0.0701370239257812
-0.0836181640625 -0.151947021484375 -0.0127487182617188 0.095306396484375
-0.0203399658203125 -0.167190551757813 -0.0306243896484375 0.113067626953125
0.027191162109375 -0.169479370117188 -0.056365966796875 0.0873565673828125
0.109275817871094 -0.136054992675781 -0.0764923095703125 0.070220947265625
0.172698974609375 -0.111083984375 -0.0267562866210937 0.0478439331054688
0.19989013671875 -0.0789337158203125 0.0452041625976563 0.0907363891601563
0.200103759765625 -0.037109375 0.0979385375976563 -0.12030029296875
0.201828002929688 -0.071624755859375 0.164291381835938 -0.0748748779296875
0.156143188476563 -0.101181030273438 0.132415771484375 -0.06610107421875
0.103836059570313 -0.143463134765625 0.109207153320312 -0.07763671875
0.032379150390625 -0.148330688476563 0.0615806579589844 -0.0594406127929688
-0.0492095947265625 -0.144393920898438 0.0217323303222656 -0.0335140228271484
-0.0811691284179688 -0.106430053710937 0.0390357971191406 0.0145950317382812
-0.0729522705078125 -0.100944519042969 0.0555305480957031 0.0619468688964844
-0.0889205932617188 -0.112564086914063 0.0584030151367188 0.10052490234375
-0.0704193115234375 -0.137809753417969 0.0198974609375 0.1282958984375
-0.008087158203125 -0.156295776367188 -0.0115585327148437 0.135353088378906
0.04022216796875 -0.16070556640625 -0.0453262329101562 0.0963363647460937
0.123519897460938 -0.119270324707031 -0.0588531494140625 0.058258056640625
0.179046630859375 -0.086639404296875 0.0191364288330078 0.0181446075439453
0.190170288085938 -0.05499267578125 0.116561889648438 0.0740432739257813
0.140357971191406 -0.0251846313476562 0.13934326171875 -0.1431884765625
0.155670166015625 -0.0563201904296875 0.18011474609375 -0.09979248046875
0.117210388183594 -0.0837478637695313 0.125267028808594 -0.070831298828125
0.0702362060546875 -0.115074157714844 0.104377746582031 -0.0568161010742188
0.0107421875 -0.112815856933594 0.07098388671875 -0.0302658081054688
-0.05096435546875 -0.100074768066406 0.0525894165039063 0.00111389160156249
-0.0627212524414062 -0.0680580139160156 0.0792160034179688 0.0416259765625
-0.0528526306152344 -0.065887451171875 0.094512939453125 0.0828781127929688
-0.0642852783203125 -0.0792617797851563 0.0901336669921875 0.125816345214844
-0.0489654541015625 -0.102828979492187 0.040191650390625 0.15887451171875
0.00365447998046875 -0.120506286621094 -0.00115966796874999 0.156112670898438
0.0467987060546875 -0.125434875488281 -0.0382766723632813 0.10565185546875
0.116737365722656 -0.0822372436523438 -0.0428009033203125 0.0508460998535156
0.1551513671875 -0.0489959716796875 0.0594825744628906 0.00270843505859375
0.14990234375 -0.0218048095703125 0.176498413085938 0.06829833984375
0.0627403259277344 -0.0031890869140625 0.157272338867188 -0.161865234375
0.091827392578125 -0.02850341796875 0.175857543945313 -0.119155883789063
0.0654563903808594 -0.0511054992675781 0.111137390136719 -0.074066162109375
0.0310783386230469 -0.0666313171386719 0.098541259765625 -0.0416793823242188
-0.00600433349609375 -0.05914306640625 0.0797119140625 -0.0139694213867188
-0.039154052734375 -0.040496826171875 0.07763671875 0.0194549560546875
-0.03021240234375 -0.0205459594726562 0.107673645019531 0.0528182983398438
-0.0234394073486328 -0.0208683013916016 0.117904663085937 0.0909347534179687
-0.0334873199462891 -0.0319938659667969 0.105438232421875 0.142578125
-0.0272064208984375 -0.0508384704589844 0.046539306640625 0.179946899414063
0.00535964965820313 -0.0696563720703125 -0.00321960449218748 0.17108154296875
0.0360870361328125 -0.0734786987304688 -0.0388870239257812 0.117424011230469
0.0838088989257813 -0.0389480590820313 -0.034271240234375 0.0518264770507812
0.0998764038085938 -0.0111160278320313 0.0848922729492188 0.00482940673828125
0.0826797485351563 0.009765625 0.212646484375 0.0736083984375
0.0255260467529297 -0.0034027099609375 -0.201934814453125 -0.044219970703125
-0.0111541748046875 -0.015376091003418 -0.0678138732910156 -0.0104904174804688
-0.0157299041748047 0.00904464721679687 0.0511665344238281 -0.0537185668945313
0.00415706634521484 0.0131311416625977 0.064422607421875 -0.145736694335938
0.00966739654541016 0.0011749267578125 0.0177001953125 -0.187515258789063
0.00469207763671875 -0.00897121429443359 -0.06573486328125 -0.200027465820313
-0.0137672424316406 -0.0221672058105469 -0.127197265625 -0.148605346679687
-0.0107517242431641 -0.0191421508789062 -0.131370544433594 -0.0776138305664063
-0.00824928283691406 -0.0175485610961914 -0.123176574707031 -0.0324783325195313
0.000776290893554688 -0.0201797485351563 -0.111488342285156 -0.010772705078125
0.00904178619384766 -0.00877666473388672 -0.102569580078125 0.0318145751953125
0.00175952911376953 0.0144720077514648 -0.0987091064453125 0.050750732421875
-0.0257110595703125 0.00785064697265625 -0.128700256347656 0.071746826171875
-0.0224609375 -0.0191936492919922 -0.160263061523437 0.135848999023438
-0.00050067901611328 -0.00937175750732422 -0.161148071289063 0.167617797851563
0.114913940429687 -0.021728515625 -0.172088623046875 -0.0543365478515625
0.0737533569335938 -0.042236328125 -0.0352058410644531 -0.0194549560546875
0.0502128601074219 -0.0281524658203125 0.0684089660644531 -0.0612297058105469
0.0477638244628906 -0.0402641296386719 0.0764007568359375 -0.150405883789063
0.0288352966308594 -0.0554122924804688 0.0262451171875 -0.184494018554687
-0.00793838500976562 -0.0687141418457031 -0.0606842041015625 -0.193145751953125
-0.0463409423828125 -0.0697746276855469 -0.113540649414062 -0.135505676269531
-0.0444297790527344 -0.0644493103027344 -0.115943908691406 -0.0589981079101563
-0.0491676330566406 -0.0654296875 -0.108757019042969 -0.0108413696289062
-0.0330047607421875 -0.076416015625 -0.106407165527344 0.00953674316406249
-0.000579833984375008 -0.0722885131835937 -0.0982437133789063 0.0491104125976563
0.0135879516601563 -0.0512542724609375 -0.0940933227539063 0.0580291748046875
0.0196151733398438 -0.0402870178222656 -0.11627197265625 0.0825729370117188
0.0422210693359375 -0.0586585998535156 -0.134223937988281 0.138381958007812
0.0735931396484375 -0.0470733642578125 -0.133132934570312 0.165313720703125
0.188125610351563 -0.0375823974609375 -0.1141357421875 -0.0669708251953125
0.151123046875 -0.0628204345703125 0.0176258087158203 -0.0279388427734375
0.113662719726562 -0.06353759765625 0.09375 -0.062896728515625
0.0893325805664063 -0.0922470092773438 0.0936431884765625 -0.145095825195313
0.044921875 -0.108230590820313 0.0341644287109375 -0.16876220703125
-0.0213851928710937 -0.120903015136719 -0.0510101318359375 -0.1683349609375
-0.0720596313476562 -0.10723876953125 -0.0878524780273438 -0.106109619140625
-0.07171630859375 -0.098876953125 -0.0832748413085938 -0.031280517578125
-0.0844802856445313 -0.101516723632813 -0.0756149291992188 0.0159988403320312
-0.0674057006835938 -0.119232177734375 -0.0849761962890625 0.0390396118164063
-0.0167388916015625 -0.123497009277344 -0.0822906494140625 0.0736312866210937
0.0148544311523437 -0.111709594726562 -0.0852508544921875 0.071136474609375
0.055084228515625 -0.0901412963867188 -0.104362487792969 0.0881423950195312
0.098602294921875 -0.0958099365234375 -0.103012084960937 0.121070861816406
0.136398315429688 -0.0792312622070313 -0.0851287841796875 0.150741577148438
0.230026245117187 -0.0484161376953125 -0.0407562255859375 -0.083465576171875
0.20489501953125 -0.078033447265625 0.0771102905273438 -0.0383377075195313
0.1591796875 -0.0930328369140625 0.119438171386719 -0.0646209716796875
0.115066528320312 -0.135826110839844 0.106239318847656 -0.131179809570313
0.0504608154296875 -0.147323608398437 0.0427169799804688 -0.138778686523438
-0.0339508056640625 -0.1552734375 -0.0323562622070312 -0.128410339355469
-0.0888214111328125 -0.127532958984375 -0.0495262145996094 -0.0667381286621094
-0.0870437622070313 -0.116943359375 -0.0389289855957031 0.001129150390625
-0.10528564453125 -0.1212158203125 -0.0300636291503906 0.0447120666503906
-0.0887908935546875 -0.144393920898438 -0.0501632690429688 0.0702056884765625
-0.0288238525390625 -0.157272338867188 -0.0571746826171875 0.0973129272460938
0.01336669921875 -0.155197143554688 -0.0718841552734375 0.084320068359375
0.0836105346679688 -0.128898620605469 -0.0919265747070313 0.0865097045898437
0.143325805664063 -0.121917724609375 -0.066925048828125 0.0908126831054687
0.181228637695313 -0.09613037109375 -0.0208892822265625 0.12542724609375
0.234710693359375 -0.053375244140625 0.03436279296875 -0.104721069335938
0.220809936523438 -0.0870819091796875 0.131675720214844 -0.0564041137695313
0.172958374023438 -0.110519409179688 0.135902404785156 -0.0664138793945313
0.118087768554687 -0.156814575195313 0.113540649414063 -0.109092712402344
0.041900634765625 -0.164443969726563 0.0531768798828125 -0.100784301757813
-0.0480194091796875 -0.163360595703125 -0.00720977783203124 -0.0799789428710938
-0.0948562622070312 -0.126174926757813 -0.00447845458984375 -0.0239715576171875
-0.089935302734375 -0.117393493652344 0.0126094818115234 0.0331306457519531
-0.110595703125 -0.123733520507812 0.0199661254882813 0.0744476318359375
-0.0936279296875 -0.149917602539063 -0.0103073120117188 0.102890014648438
-0.029937744140625 -0.170913696289063 -0.0283126831054688 0.120597839355469
0.0194244384765625 -0.175811767578125 -0.0571365356445313 0.0948715209960937
0.106964111328125 -0.143173217773438 -0.0765151977539063 0.0769271850585937
0.172317504882813 -0.123031616210938 -0.0254554748535156 0.0528411865234375
0.200698852539063 -0.091156005859375 0.0503997802734375 0.09759521484375
0.201553344726563 -0.0478057861328125 0.0979080200195313 -0.12847900390625
0.201324462890625 -0.0826568603515625 0.169158935546875 -0.0811309814453125
0.15679931640625 -0.109115600585938 0.139030456542969 -0.0700607299804688
0.0989532470703125 -0.151214599609375 0.113868713378906 -0.08319091796875
0.026336669921875 -0.152633666992188 0.0637931823730469 -0.06219482421875
-0.0569305419921875 -0.1419677734375 0.0232200622558594 -0.0335960388183594
-0.0865936279296875 -0.103096008300781 0.0420036315917969 0.0139808654785156
-0.0788192749023437 -0.09820556640625 0.0622177124023438 0.0609626770019531
-0.0958328247070313 -0.107986450195313 0.0646591186523438 0.101829528808594
-0.0791702270507813 -0.1351318359375 0.0238723754882812 0.134086608886719
-0.0179290771484375 -0.15850830078125 -0.00688171386718749 0.142242431640625
0.0319366455078125 -0.165725708007813 -0.0448226928710937 0.102752685546875
0.121757507324219 -0.127693176269531 -0.0592155456542969 0.0629844665527344
0.17901611328125 -0.0986480712890625 0.0194244384765625 0.0197467803955078
0.191696166992188 -0.066375732421875 0.121444702148438 0.0764617919921875
0.140068054199219 -0.0330657958984375 0.139236450195313 -0.155044555664063
0.154830932617188 -0.0663299560546875 0.182662963867187 -0.108352661132812
0.1168212890625 -0.0904464721679688 0.130416870117188 -0.074798583984375
0.065887451171875 -0.121055603027344 0.109169006347656 -0.0616302490234375
0.00473022460937501 -0.115028381347656 0.074462890625 -0.0322952270507813
-0.0568389892578125 -0.096923828125 0.0556182861328125 0.000785827636718744
-0.0657005310058594 -0.0645866394042969 0.0840682983398438 0.0386428833007812
-0.0567092895507812 -0.0624465942382813 0.100746154785156 0.0792312622070313
-0.0689239501953125 -0.0752639770507813 0.0979461669921875 0.125350952148438
-0.055084228515625 -0.0995330810546875 0.04718017578125 0.162750244140625
-0.00344085693359374 -0.122634887695313 0.00378417968749999 0.162368774414063
0.0403213500976563 -0.129570007324219 -0.0368804931640625 0.111976623535156
0.115524291992188 -0.0889053344726563 -0.04296875 0.0554275512695312
0.1551513671875 -0.0596160888671875 0.0592613220214844 0.001739501953125
0.15118408203125 -0.030853271484375 0.182754516601563 0.0668182373046875
0.0623741149902344 -0.00756454467773438 0.155685424804688 -0.175140380859375
0.0912399291992187 -0.0347137451171875 0.17645263671875 -0.129592895507813
0.0647544860839844 -0.0554161071777344 0.11505126953125 -0.0784530639648438
0.0279693603515625 -0.0708847045898438 0.104423522949219 -0.0454940795898438
-0.0111083984375 -0.0595245361328125 0.084686279296875 -0.0170669555664063
-0.0424728393554688 -0.03668212890625 0.0831222534179688 0.0157852172851562
-0.0313625335693359 -0.0163993835449219 0.113533020019531 0.04705810546875
-0.0244007110595703 -0.0179882049560547 0.124893188476562 0.085540771484375
-0.0344200134277344 -0.0282402038574219 0.113906860351563 0.13958740234375
-0.0311088562011719 -0.0478401184082031 0.05487060546875 0.183425903320313
0.000297546386718744 -0.0702400207519531 0.00245666503906248 0.176971435546875
0.0322036743164063 -0.0766067504882813 -0.0371246337890625 0.122337341308594
0.0838470458984375 -0.04345703125 -0.0347175598144531 0.0554695129394531
0.09979248046875 -0.0175857543945312 0.0837249755859375 0.00160980224609375
0.0832595825195313 0.00405120849609375 0.219650268554688 0.0700531005859375
0.0296993255615234 -0.00244903564453125 -0.212554931640625 -0.03887939453125
-0.0113410949707031 -0.014927864074707 -0.0689926147460938 -0.00665664672851563
-0.014988899230957 0.00982475280761719 0.0533180236816406 -0.0590934753417969
0.00553703308105469 0.0117168426513672 0.061065673828125 -0.155990600585938
0.0112600326538086 -0.00145530700683594 0.008209228515625 -0.198944091796875
0.00450611114501953 -0.0120420455932617 -0.081146240234375 -0.205841064453125
-0.0172290802001953 -0.0253314971923828 -0.140762329101563 -0.147415161132813
-0.0137538909912109 -0.0234317779541016 -0.140670776367188 -0.0706329345703125
-0.00934982299804688 -0.0214939117431641 -0.131248474121094 -0.0225906372070312
3.81469726562486E-05 -0.0233783721923828 -0.120491027832031 -0.00199890136718752
0.00996112823486328 -0.0112905502319336 -0.108917236328125 0.0408172607421875
0.00522327423095703 0.0150632858276367 -0.104873657226562 0.058807373046875
-0.0247974395751953 0.0115509033203125 -0.135360717773437 0.0811233520507813
-0.0244598388671875 -0.0159358978271484 -0.160736083984375 0.15216064453125
0.000875473022460937 -0.00670576095581055 -0.158203125 0.189315795898438
0.1207275390625 -0.02880859375 -0.180221557617188 -0.049346923828125
0.0757064819335938 -0.0490646362304687 -0.0344200134277344 -0.0174846649169922
0.0526199340820313 -0.033233642578125 0.0722732543945313 -0.0665206909179688
0.0479354858398438 -0.0465545654296875 0.07440185546875 -0.161483764648438
0.026947021484375 -0.0613136291503906 0.017578125 -0.194305419921875
-0.0131759643554688 -0.0727157592773438 -0.0749664306640625 -0.1966552734375
-0.0540084838867188 -0.0720062255859375 -0.125389099121094 -0.132415771484375
-0.0516777038574219 -0.0673904418945313 -0.122566223144531 -0.0517349243164063
-0.0563087463378906 -0.0680732727050781 -0.114585876464844 -0.000480651855468744
-0.0391616821289062 -0.0802078247070313 -0.113182067871094 0.0208969116210938
-0.00383758544921875 -0.0768661499023438 -0.102989196777344 0.0602493286132812
0.0137367248535156 -0.0551948547363281 -0.0994110107421875 0.0677337646484375
0.0201225280761719 -0.0409355163574219 -0.120460510253906 0.0931015014648437
0.0411376953125 -0.0606613159179688 -0.132522583007813 0.153823852539063
0.0757369995117188 -0.050994873046875 -0.128585815429688 0.187301635742187
0.195816040039062 -0.0500335693359375 -0.120491027832031 -0.0657272338867187
0.154312133789063 -0.0762481689453125 0.0208377838134766 -0.0284652709960938
0.116706848144531 -0.0737228393554687 0.100326538085938 -0.071075439453125
0.0872879028320313 -0.10406494140625 0.0925140380859375 -0.157699584960938
0.0399398803710937 -0.117561340332031 0.028106689453125 -0.1778564453125
-0.0301666259765625 -0.125839233398438 -0.0618133544921875 -0.1705322265625
-0.0829620361328125 -0.108039855957031 -0.096405029296875 -0.103561401367188
-0.08245849609375 -0.100387573242187 -0.0858230590820312 -0.02471923828125
-0.0952606201171875 -0.101371765136719 -0.0763931274414062 0.0258865356445312
-0.0775070190429688 -0.121002197265625 -0.0886383056640625 0.0519866943359375
-0.0245590209960937 -0.128974914550781 -0.0841598510742188 0.0852508544921875
0.0101394653320312 -0.118194580078125 -0.0894012451171875 0.08172607421875
0.0538787841796875 -0.0954971313476562 -0.106269836425781 0.10003662109375
0.09765625 -0.104560852050781 -0.100677490234375 0.134956359863281
0.138160705566406 -0.0895614624023438 -0.078765869140625 0.168365478515625
0.237335205078125 -0.0654449462890625 -0.0438766479492187 -0.0866165161132812
0.207839965820313 -0.0959930419921875 0.0830307006835938 -0.0435409545898438
0.162216186523438 -0.10748291015625 0.12689208984375 -0.0729827880859375
0.112396240234375 -0.149581909179688 0.108261108398438 -0.1427001953125
0.042633056640625 -0.157852172851563 0.0398712158203125 -0.14691162109375
-0.0446624755859375 -0.160369873046875 -0.0394744873046875 -0.128974914550781
-0.100395202636719 -0.128005981445312 -0.0540580749511719 -0.0646171569824219
-0.0993576049804688 -0.118011474609375 -0.0365257263183594 0.00561523437499999
-0.118736267089844 -0.120109558105469 -0.0279655456542969 0.052459716796875
-0.103225708007812 -0.14483642578125 -0.0495834350585938 0.083770751953125
-0.0414276123046875 -0.163604736328125 -0.05560302734375 0.109939575195313
0.00476074218750001 -0.163742065429688 -0.0741424560546875 0.0954971313476562
0.0810470581054688 -0.138999938964844 -0.0924835205078125 0.0982666015625
0.141830444335938 -0.135177612304688 -0.0635223388671875 0.101898193359375
0.182708740234375 -0.112060546875 -0.01275634765625 0.139633178710937
0.240280151367188 -0.070953369140625 0.0328140258789063 -0.112548828125
0.223739624023438 -0.106124877929688 0.139793395996094 -0.06591796875
0.175872802734375 -0.1260986328125 0.144622802734375 -0.0756988525390625
0.113265991210938 -0.172409057617188 0.118179321289063 -0.120468139648438
0.032867431640625 -0.175384521484375 0.0530853271484375 -0.107681274414063
-0.0596466064453125 -0.166519165039062 -0.00981140136718751 -0.079498291015625
-0.106002807617188 -0.125205993652344 -0.00465393066406251 -0.0231513977050781
-0.101547241210938 -0.115745544433594 0.0179710388183594 0.0354461669921875
-0.122787475585938 -0.120193481445312 0.0261077880859375 0.07989501953125
-0.108978271484375 -0.148635864257813 -0.00510406494140627 0.113426208496094
-0.04364013671875 -0.17596435546875 -0.0239639282226562 0.132659912109375
0.00749206542968751 -0.184982299804688 -0.057098388671875 0.105735778808594
0.10357666015625 -0.156005859375 -0.0762405395507812 0.0872726440429688
0.171783447265625 -0.141082763671875 -0.0235214233398437 0.0592231750488281
0.20318603515625 -0.108245849609375 0.0596923828125 0.1058349609375
0.205535888671875 -0.0646209716796875 0.0960540771484375 -0.142898559570313
0.202987670898437 -0.100570678710937 0.174484252929687 -0.093780517578125
0.157745361328125 -0.1229248046875 0.146759033203125 -0.0793609619140625
0.09344482421875 -0.16510009765625 0.11944580078125 -0.0936203002929688
0.015960693359375 -0.160659790039063 0.0667076110839844 -0.067962646484375
-0.0679779052734375 -0.143051147460938 0.0256423950195312 -0.034271240234375
-0.0961761474609375 -0.101547241210938 0.0470809936523437 0.0123634338378906
-0.0880661010742188 -0.0956192016601563 0.0692520141601563 0.0598297119140625
-0.106109619140625 -0.103904724121094 0.0745697021484375 0.1046142578125
-0.0928115844726563 -0.133285522460937 0.03289794921875 0.14288330078125
-0.0311431884765625 -0.163864135742188 -0.000106811523437488 0.153549194335938
0.0215301513671875 -0.1746826171875 -0.0437088012695313 0.113235473632812
0.119415283203125 -0.1409912109375 -0.0592727661132812 0.0715408325195313
0.179840087890625 -0.11688232421875 0.0203914642333984 0.0211524963378906
0.19512939453125 -0.0821685791015625 0.133087158203125 0.0790557861328125
0.142379760742187 -0.04595947265625 0.137619018554688 -0.172561645507813
0.154464721679688 -0.0802154541015625 0.188003540039063 -0.12335205078125
0.11688232421875 -0.100906372070313 0.136375427246094 -0.083587646484375
0.0597305297851563 -0.131278991699219 0.1162109375 -0.0710067749023438
-0.00450897216796874 -0.119667053222656 0.080291748046875 -0.0386734008789063
-0.0657730102539063 -0.0943832397460938 0.0618972778320312 -0.00226974487304688
-0.0712509155273438 -0.0605850219726563 0.0915145874023438 0.03436279296875
-0.0617561340332031 -0.0605049133300781 0.11083984375 0.0753173828125
-0.0757598876953125 -0.0705947875976562 0.109016418457031 0.125572204589844
-0.0655670166015625 -0.0973968505859375 0.0587005615234375 0.17022705078125
-0.0145645141601563 -0.126937866210938 0.012664794921875 0.172164916992188
0.0314483642578125 -0.137435913085938 -0.034088134765625 0.122100830078125
0.11480712890625 -0.100990295410156 -0.0429801940917969 0.0614089965820312
0.157821655273438 -0.0743408203125 0.0604057312011719 -0.000320434570312505
0.153762817382812 -0.0443267822265625 0.195480346679688 0.0643157958984375
0.0626716613769531 -0.0133399963378906 0.152847290039063 -0.196136474609375
0.09100341796875 -0.0439071655273438 0.179214477539063 -0.145294189453125
0.0643043518066406 -0.0628013610839844 0.12078857421875 -0.0866165161132813
0.0228500366210937 -0.0759124755859375 0.11151123046875 -0.0540390014648438
-0.0173988342285156 -0.0617561340332031 0.091888427734375 -0.0237503051757813
-0.04736328125 -0.0321578979492188 0.0908432006835938 0.0109939575195312
-0.0326519012451172 -0.012786865234375 0.122833251953125 0.0395584106445313
-0.0251064300537109 -0.0152797698974609 0.135124206542969 0.0797271728515625
-0.03607177734375 -0.0234832763671875 0.125823974609375 0.139297485351563
-0.0360832214355469 -0.0440483093261719 0.06817626953125 0.189498901367188
-0.00653839111328125 -0.0710372924804688 0.0127105712890625 0.18670654296875
0.0266342163085937 -0.0812759399414063 -0.0332717895507813 0.131889343261719
0.0837783813476563 -0.0513534545898438 -0.0349693298339844 0.0600433349609375
0.101295471191406 -0.0269012451171875 0.0849609375 -0.00283050537109375
0.083770751953125 -0.0034027099609375 0.233016967773438 0.0643768310546875
0.0343265533447266 -0.00234031677246094 -0.224288940429687 -0.0233306884765625
-0.0111513137817383 -0.014409065246582 -0.0692977905273438 -0.00062179565429689
-0.0130014419555664 0.011286735534668 0.0545120239257813 -0.0669441223144531
0.00765609741210938 0.0101776123046875 0.05084228515625 -0.170455932617188
0.0120067596435547 -0.00559711456298828 -0.0096893310546875 -0.2095947265625
0.00220012664794922 -0.0163745880126953 -0.10418701171875 -0.20745849609375
-0.0229511260986328 -0.0280570983886719 -0.161285400390625 -0.13916015625
-0.0194244384765625 -0.0270404815673828 -0.151840209960938 -0.05828857421875
-0.0128002166748047 -0.0257434844970703 -0.138389587402344 -0.00669860839843751
-0.000789642333984378 -0.0278778076171875 -0.129631042480469 0.0141220092773438
0.0110797882080078 -0.0152130126953125 -0.11468505859375 0.0554046630859375
0.0104951858520508 0.0137233734130859 -0.108940124511719 0.0718231201171875
-0.02313232421875 0.0171890258789063 -0.138130187988281 0.0971527099609375
-0.0270767211914063 -0.0110530853271484 -0.155746459960938 0.174407958984375
0.00316858291625977 -0.00384283065795898 -0.147293090820312 0.217376708984375
0.126350402832031 -0.0398025512695313 -0.191757202148438 -0.0375823974609375
0.0752487182617188 -0.0596923828125 -0.0327663421630859 -0.014434814453125
0.0533370971679688 -0.0402030944824219 0.074737548828125 -0.07611083984375
0.0456047058105469 -0.0556755065917969 0.065399169921875 -0.177459716796875
0.0209884643554688 -0.0683364868164063 0.00146484374999998 -0.205413818359375
-0.0221633911132813 -0.0785903930664063 -0.0965576171875 -0.197845458984375
-0.06573486328125 -0.072998046875 -0.143463134765625 -0.1248779296875
-0.0630378723144531 -0.0672988891601563 -0.129981994628906 -0.0399322509765625
-0.0658149719238281 -0.0692634582519531 -0.119026184082031 0.0147933959960938
-0.04901123046875 -0.0822219848632812 -0.118484497070313 0.03887939453125
-0.0105743408203125 -0.081939697265625 -0.105941772460938 0.0767059326171875
0.0125808715820313 -0.0598907470703125 -0.102157592773437 0.0822067260742188
0.0199432373046875 -0.0430679321289063 -0.121505737304687 0.109176635742188
0.0372810363769531 -0.0652351379394531 -0.125228881835938 0.17559814453125
0.0756378173828125 -0.0582122802734375 -0.114608764648438 0.21343994140625
0.201034545898438 -0.0694732666015625 -0.129280090332031 -0.0596084594726563
0.1541748046875 -0.0955047607421875 0.0250015258789063 -0.0315723419189453
0.1171875 -0.0883560180664063 0.104560852050781 -0.0830841064453125
0.0813980102539063 -0.117485046386719 0.08697509765625 -0.174774169921875
0.0292434692382813 -0.127861022949219 0.01470947265625 -0.189010620117188
-0.043212890625 -0.130699157714844 -0.0786895751953125 -0.1700439453125
-0.0987319946289062 -0.10662841796875 -0.108619689941406 -0.0965347290039063
-0.0977325439453125 -0.0984573364257812 -0.0882797241210938 -0.0157470703125
-0.109596252441406 -0.0990142822265625 -0.077056884765625 0.0393447875976563
-0.0927352905273438 -0.119636535644531 -0.0887680053710938 0.06890869140625
-0.0380325317382813 -0.135406494140625 -0.0832061767578125 0.102607727050781
0.00106811523437499 -0.124931335449219 -0.0901641845703125 0.0981903076171875
0.0499114990234375 -0.104202270507813 -0.105003356933594 0.115425109863281
0.0932693481445313 -0.116714477539063 -0.0919036865234375 0.153411865234375
0.137321472167969 -0.105857849121094 -0.0639801025390625 0.190994262695313
0.242660522460938 -0.09002685546875 -0.0512619018554687 -0.0898361206054687
0.207443237304688 -0.1212158203125 0.0886611938476563 -0.0516204833984375
0.160919189453125 -0.128158569335938 0.133506774902344 -0.0872344970703125
0.1016845703125 -0.168319702148438 0.1055908203125 -0.161041259765625
0.0274505615234375 -0.171234130859375 0.032440185546875 -0.15753173828125
-0.062744140625 -0.162811279296875 -0.0505905151367188 -0.128181457519531
-0.117462158203125 -0.124870300292969 -0.0592460632324219 -0.0594062805175781
-0.116737365722656 -0.1129150390625 -0.0344352722167969 0.0106258392333984
-0.136421203613281 -0.113197326660156 -0.0214271545410156 0.0622673034667969
-0.121734619140625 -0.140419006347656 -0.0440444946289063 0.0986328125
-0.05938720703125 -0.167724609375 -0.04913330078125 0.126655578613281
-0.0099029541015625 -0.1727294921875 -0.0720596313476563 0.111503601074219
0.07330322265625 -0.152603149414063 -0.0890045166015625 0.114013671875
0.135650634765625 -0.154632568359375 -0.0566253662109375 0.117050170898437
0.179916381835938 -0.133575439453125 0.0018310546875 0.154434204101563
0.24383544921875 -0.0981292724609375 0.0262069702148438 -0.123054504394531
0.221832275390625 -0.134765625 0.14434814453125 -0.08148193359375
0.173858642578125 -0.147842407226563 0.151763916015625 -0.0908203125
0.101760864257813 -0.191375732421875 0.118087768554688 -0.137619018554688
0.0167236328125 -0.186279296875 0.050201416015625 -0.117134094238281
-0.0792999267578125 -0.165756225585938 -0.0133438110351563 -0.079681396484375
-0.122695922851563 -0.120018005371094 -0.00401496887207032 -0.0225067138671875
-0.118171691894531 -0.110641479492188 0.0245819091796875 0.035736083984375
-0.140335083007812 -0.111465454101563 0.0353775024414063 0.0841598510742188
-0.128692626953125 -0.142822265625 0.00604248046874998 0.126091003417969
-0.065216064453125 -0.179550170898437 -0.0130615234375 0.14697265625
-0.0113983154296875 -0.193984985351563 -0.0523529052734375 0.121009826660156
0.0946807861328125 -0.173355102539063 -0.0728530883789063 0.0994873046875
0.164932250976563 -0.165283203125 -0.0177230834960937 0.0669517517089844
0.200729370117188 -0.133834838867188 0.0753860473632813 0.112022399902344
0.206298828125 -0.0873565673828125 0.0886077880859375 -0.16046142578125
0.19952392578125 -0.126480102539063 0.179702758789063 -0.1138916015625
0.154098510742188 -0.14501953125 0.153884887695313 -0.0948944091796875
0.080322265625 -0.183212280273438 0.122451782226563 -0.110420227050781
-0.000305175781250004 -0.168533325195313 0.0684890747070313 -0.077972412109375
-0.0850830078125 -0.141387939453125 0.0272865295410156 -0.0368385314941406
-0.109703063964844 -0.0952682495117187 0.0524368286132812 0.00892639160156249
-0.101295471191406 -0.0889739990234375 0.0802154541015625 0.05712890625
-0.120399475097656 -0.0951614379882812 0.0891342163085937 0.105308532714844
-0.111228942871094 -0.125595092773438 0.0488128662109375 0.151351928710938
-0.0508270263671875 -0.165069580078125 0.0140838623046875 0.16680908203125
0.00305175781250001 -0.184844970703125 -0.0364303588867188 0.126335144042969
0.109832763671875 -0.159317016601563 -0.0556793212890625 0.0818099975585937
0.174041748046875 -0.142166137695313 0.0235538482666016 0.0229473114013672
0.193939208984375 -0.1072998046875 0.149078369140625 0.0751800537109375
0.1422119140625 -0.062774658203125 0.128067016601563 -0.195938110351563
0.150405883789063 -0.101165771484375 0.187957763671875 -0.145965576171875
0.112045288085938 -0.117088317871094 0.141845703125 -0.099395751953125
0.0485382080078125 -0.1434326171875 0.121391296386719 -0.0848770141601563
-0.0181884765625 -0.124656677246094 0.086639404296875 -0.048797607421875
-0.0775070190429688 -0.0888900756835937 0.0683021545410156 -0.00730514526367188
-0.0800399780273437 -0.0545578002929688 0.100837707519531 0.0251998901367187
-0.0690422058105469 -0.054443359375 0.123634338378906 0.0679855346679688
-0.0833816528320313 -0.0617523193359375 0.125556945800781 0.122749328613281
-0.0786514282226563 -0.0893325805664063 0.0781097412109375 0.175308227539063
-0.0301284790039062 -0.128921508789063 0.02886962890625 0.183380126953125
0.0158843994140625 -0.146194458007813 -0.0263748168945313 0.133644104003906
0.10943603515625 -0.117263793945313 -0.0405960083007813 0.070343017578125
0.154647827148437 -0.0946807861328125 0.0612564086914063 -0.00445938110351563
0.153091430664063 -0.063629150390625 0.21209716796875 0.0548248291015625
0.0611419677734375 -0.0215225219726563 0.140731811523438 -0.2222900390625
0.0876083374023438 -0.0576095581054688 0.175872802734375 -0.168426513671875
0.0601043701171875 -0.0732879638671875 0.122604370117187 -0.100151062011719
0.0150527954101562 -0.0832061767578125 0.117225646972656 -0.0682754516601563
-0.0275115966796875 -0.0611152648925781 0.0985565185546875 -0.03582763671875
-0.0534286499023437 -0.0244712829589844 0.099700927734375 0.0010223388671875
-0.0334224700927734 -0.00736618041992187 0.131889343261719 0.027191162109375
-0.0263309478759766 -0.0108737945556641 0.148086547851562 0.068084716796875
-0.0384635925292969 -0.0177192687988281 0.143478393554688 0.134674072265625
-0.0413131713867188 -0.0375251770019531 0.08837890625 0.193496704101563
-0.0157623291015625 -0.0703659057617187 0.029510498046875 0.196853637695313
0.0167694091796875 -0.0859146118164062 -0.0243682861328125 0.1441650390625
0.0811538696289063 -0.0623855590820313 -0.0339851379394531 0.0671958923339844
0.0992584228515625 -0.0391006469726563 0.08636474609375 -0.009307861328125
0.0842437744140625 -0.0137786865234375 0.250518798828125 0.05023193359375
0.0407867431640625 -0.00693130493164063 -0.231063842773438 -0.00192260742187505
-0.00808238983154297 -0.0132341384887695 -0.0655250549316406 0.00817871093750001
-0.00923633575439453 0.0108604431152344 0.0522537231445312 -0.076080322265625
0.00806331634521484 0.00832271575927734 0.0338592529296875 -0.18096923828125
0.013514518737793 -0.00917720794677734 -0.035552978515625 -0.2135009765625
-0.000835418701171876 -0.0212459564208984 -0.1317138671875 -0.199462890625
-0.03021240234375 -0.0286521911621094 -0.181488037109375 -0.121017456054687
-0.0272674560546875 -0.0288066864013672 -0.158737182617188 -0.03900146484375
-0.0198631286621094 -0.0292949676513672 -0.141525268554688 0.01593017578125
-0.00390625 -0.0323333740234375 -0.132911682128906 0.0350799560546875
0.0115184783935547 -0.0206470489501953 -0.114036560058594 0.0724639892578125
0.0150470733642578 0.0128116607666016 -0.107444763183594 0.087127685546875
-0.0184783935546875 0.0233592987060547 -0.135688781738281 0.114227294921875
-0.0259857177734375 -0.00245475769042968 -0.138442993164063 0.196304321289063
0.0068964958190918 0.000988006591796875 -0.119766235351563 0.243759155273438
0.128219604492187 -0.0554580688476562 -0.19781494140625 -0.0193328857421875
0.0711212158203125 -0.07049560546875 -0.0307407379150391 -0.0105533599853516
0.052001953125 -0.0503807067871094 0.0699691772460938 -0.0897979736328125
0.0397415161132813 -0.0649299621582031 0.048583984375 -0.189483642578125
0.012908935546875 -0.0758285522460938 -0.0214080810546875 -0.2122802734375
-0.0322113037109375 -0.0802154541015625 -0.120086669921875 -0.187896728515625
-0.07733154296875 -0.06866455078125 -0.158584594726562 -0.108383178710938
-0.0771484375 -0.064056396484375 -0.134025573730469 -0.023193359375
-0.078338623046875 -0.0654449462890625 -0.11712646484375 0.0345687866210938
-0.057708740234375 -0.0812149047851563 -0.116050720214844 0.060516357421875
-0.0185623168945313 -0.0860824584960938 -0.101310729980469 0.0960540771484375
0.00848770141601562 -0.0641517639160156 -0.0984115600585938 0.0981903076171875
0.0178451538085938 -0.0434494018554688 -0.114830017089844 0.126060485839844
0.0330314636230469 -0.0683097839355469 -0.106063842773438 0.194992065429688
0.0723190307617188 -0.0662002563476563 -0.0860748291015625 0.23748779296875
0.200439453125 -0.09527587890625 -0.136871337890625 -0.048736572265625
0.1461181640625 -0.115829467773438 0.0290184020996094 -0.0370140075683594
0.110038757324219 -0.105377197265625 0.103080749511719 -0.097930908203125
0.06787109375 -0.131599426269531 0.0719146728515625 -0.191650390625
0.0148086547851562 -0.134170532226563 -0.00471496582031248 -0.194580078125
-0.05975341796875 -0.129470825195312 -0.0997314453125 -0.161346435546875
-0.114936828613281 -0.0988388061523437 -0.120597839355469 -0.0821456909179688
-0.114723205566406 -0.0886917114257813 -0.0877151489257813 -0.00497436523437501
-0.125656127929688 -0.0873184204101563 -0.0700721740722656 0.0553207397460937
-0.109077453613281 -0.110099792480469 -0.0826950073242187 0.089385986328125
-0.0572509765625 -0.133003234863281 -0.0731048583984375 0.123214721679687
-0.0117568969726562 -0.128944396972656 -0.084808349609375 0.1153564453125
0.0411834716796875 -0.111076354980469 -0.0953826904296875 0.1324462890625
0.0814361572265625 -0.127227783203125 -0.0746002197265625 0.170623779296875
0.127655029296875 -0.122566223144531 -0.0382080078125 0.20721435546875
0.23480224609375 -0.121124267578125 -0.0605316162109375 -0.0868911743164063
0.19500732421875 -0.149078369140625 0.091033935546875 -0.0616607666015625
0.148681640625 -0.152206420898438 0.13287353515625 -0.104896545410156
0.0818634033203125 -0.185501098632813 0.092529296875 -0.177093505859375
0.00540161132812498 -0.17724609375 0.0179443359375 -0.163253784179688
-0.086181640625 -0.159286499023437 -0.060394287109375 -0.122459411621094
-0.137924194335938 -0.112258911132813 -0.0625076293945313 -0.0504188537597656
-0.134849548339844 -0.10107421875 -0.0286312103271484 0.0165977478027344
-0.152420043945313 -0.098480224609375 -0.0120315551757813 0.072235107421875
-0.143447875976563 -0.123550415039062 -0.0302047729492188 0.112892150878906
-0.0811004638671875 -0.162109375 -0.0348663330078125 0.142929077148438
-0.031036376953125 -0.173538208007813 -0.0621414184570313 0.128410339355469
0.0582427978515625 -0.163772583007812 -0.0780563354492188 0.129951477050781
0.117218017578125 -0.173187255859375 -0.0430526733398437 0.127571105957031
0.167678833007813 -0.158233642578125 0.0264434814453125 0.163330078125
0.235244750976563 -0.12786865234375 0.0144424438476563 -0.130226135253906
0.204788208007813 -0.163711547851563 0.144775390625 -0.0975341796875
0.157928466796875 -0.17236328125 0.152145385742188 -0.111221313476563
0.07855224609375 -0.20782470703125 0.109298706054688 -0.155227661132813
-0.0064544677734375 -0.193893432617188 0.0426177978515625 -0.12664794921875
-0.10040283203125 -0.157577514648438 -0.0181808471679688 -0.07647705078125
-0.138778686523437 -0.105247497558594 -0.00194931030273438 -0.0199222564697266
-0.134193420410156 -0.0965347290039062 0.0337696075439453 0.0342216491699219
-0.15386962890625 -0.0943450927734375 0.0489959716796875 0.0860977172851563
-0.148590087890625 -0.123214721679688 0.0227584838867187 0.133010864257813
-0.090850830078125 -0.173095703125 0.00596618652343751 0.1588134765625
-0.0359954833984375 -0.194381713867187 -0.039886474609375 0.133918762207031
0.07421875 -0.189208984375 -0.0611114501953125 0.113304138183594
0.14434814453125 -0.187393188476563 -0.00945281982421874 0.0738601684570313
0.18548583984375 -0.16009521484375 0.0961074829101563 0.111953735351562
0.197601318359375 -0.116714477539063 0.0719451904296875 -0.176284790039062
0.182464599609375 -0.15240478515625 0.172042846679688 -0.135208129882812
0.138214111328125 -0.165481567382813 0.153594970703125 -0.114044189453125
0.0589141845703125 -0.195053100585938 0.116966247558594 -0.127685546875
-0.022613525390625 -0.170013427734375 0.0655288696289062 -0.089080810546875
-0.102684020996094 -0.128303527832031 0.0285224914550781 -0.040191650390625
-0.122589111328125 -0.0815658569335938 0.0581321716308594 0.00075912475585937
-0.113914489746094 -0.0768051147460937 0.0898818969726562 0.0479583740234375
-0.132827758789063 -0.0790786743164063 0.103858947753906 0.101890563964844
-0.127998352050781 -0.1092529296875 0.0682373046875 0.1533203125
-0.0765838623046875 -0.158370971679688 0.0364990234375 0.17181396484375
-0.0227813720703125 -0.186721801757813 -0.0230560302734375 0.138092041015625
0.090911865234375 -0.177215576171875 -0.0478286743164062 0.0929183959960937
0.15753173828125 -0.168350219726563 0.0256710052490235 0.0229740142822266
0.180511474609375 -0.135299682617188 0.1649169921875 0.0663909912109375
0.131233215332031 -0.083038330078125 0.103652954101562 -0.21771240234375
0.135818481445313 -0.121002197265625 0.179107666015625 -0.17034912109375
0.100494384765625 -0.136245727539063 0.136268615722656 -0.116607666015625
0.0286407470703125 -0.150253295898438 0.117050170898438 -0.102325439453125
-0.037445068359375 -0.12152099609375 0.0854721069335938 -0.061187744140625
-0.0897140502929687 -0.0765457153320313 0.0752487182617188 -0.017333984375
-0.0866622924804688 -0.0421600341796875 0.103645324707031 0.0118179321289062
-0.0743942260742188 -0.0462646484375 0.134536743164063 0.0537567138671875
-0.0914382934570313 -0.04742431640625 0.144180297851563 0.111831665039063
-0.0913162231445312 -0.0761489868164063 0.100326538085938 0.172760009765625
-0.0489730834960937 -0.1243896484375 0.0504150390625 0.1866455078125
-0.00524902343749999 -0.150146484375 -0.0128173828125 0.14508056640625
0.0956268310546875 -0.132766723632813 -0.0366897583007813 0.078948974609375
0.14141845703125 -0.11798095703125 0.06134033203125 -0.00851440429687501
0.142196655273438 -0.08563232421875 0.221939086914062 0.0344696044921875
0.0574951171875 -0.0313339233398438 0.113250732421875 -0.247451782226563
0.0765228271484375 -0.071502685546875 0.160614013671875 -0.192657470703125
0.0508804321289063 -0.084075927734375 0.120285034179687 -0.115982055664062
0.000137329101562491 -0.08648681640625 0.118034362792969 -0.08673095703125
-0.0370826721191406 -0.0549125671386719 0.0986404418945313 -0.0514602661132813
-0.0570793151855469 -0.0140419006347656 0.104804992675781 -0.0136566162109375
-0.0356521606445313 0.000511169433593756 0.137794494628906 0.007293701171875
-0.0255241394042969 -0.00768852233886719 0.156692504882813 0.048797607421875
-0.0383186340332031 -0.00827407836914062 0.161285400390625 0.117706298828125
-0.0448036193847656 -0.0291824340820312 0.112808227539062 0.188064575195313
-0.0259323120117188 -0.0676307678222656 0.0550537109375 0.200714111328125
0.006622314453125 -0.087310791015625 -0.00752258300781251 0.152023315429688
0.0735702514648438 -0.0714340209960938 -0.029693603515625 0.074920654296875
0.0925140380859375 -0.0528945922851563 0.0839767456054688 -0.0197906494140625
0.0801620483398438 -0.0278396606445312 0.261749267578125 0.0267333984375
0.0450973510742188 -0.009033203125 -0.226272583007812 0.021148681640625
-0.00779342651367188 -0.0134029388427734 -0.060211181640625 0.0139579772949219
-0.00535202026367187 0.0106019973754883 0.0452117919921875 -0.0847320556640625
0.0105009078979492 0.00297069549560547 0.013397216796875 -0.183685302734375
0.00921821594238281 -0.0138092041015625 -0.0595245361328125 -0.206512451171875
-0.00632286071777344 -0.0245914459228516 -0.153305053710938 -0.180160522460937
-0.0381584167480469 -0.0265769958496094 -0.190231323242187 -0.0969085693359375
-0.0337162017822266 -0.0283546447753906 -0.158828735351563 -0.0191650390625
-0.0262928009033203 -0.0320529937744141 -0.134521484375 0.0345306396484375
-0.00928497314453125 -0.0370254516601563 -0.126579284667969 0.055389404296875
0.0101852416992187 -0.0244808197021484 -0.105888366699219 0.0897598266601563
0.0203094482421875 0.00594329833984375 -0.0996017456054687 0.101570129394531
-0.0115680694580078 0.0249366760253906 -0.125274658203125 0.131271362304688
-0.0229454040527344 0.00281143188476563 -0.114425659179688 0.20806884765625
0.0119123458862305 9.5367431640625E-06 -0.085662841796875 0.255142211914063
0.124786376953125 -0.0681686401367188 -0.19476318359375 -0.0003814697265625
0.0633926391601563 -0.0784530639648438 -0.025726318359375 -0.0102577209472656
0.0472984313964844 -0.0557289123535156 0.0656280517578125 -0.0980911254882813
0.0306892395019531 -0.0699958801269531 0.0283966064453125 -0.194122314453125
0.00220489501953125 -0.0782852172851562 -0.0448760986328125 -0.204376220703125
-0.0438079833984375 -0.077301025390625 -0.138214111328125 -0.169052124023437
-0.088287353515625 -0.0600204467773438 -0.165557861328125 -0.08648681640625
-0.0862655639648438 -0.0557479858398437 -0.1298828125 -0.00595855712890626
-0.087493896484375 -0.0582809448242187 -0.107070922851563 0.05322265625
-0.0684738159179688 -0.0757369995117188 -0.107109069824219 0.0790481567382813
-0.0273895263671875 -0.0842742919921875 -0.0899429321289063 0.111686706542969
0.00435638427734374 -0.065887451171875 -0.0890426635742188 0.114089965820313
0.0178871154785156 -0.0430221557617187 -0.101127624511719 0.140167236328125
0.0265579223632813 -0.0653572082519531 -0.081329345703125 0.20416259765625
0.0679473876953125 -0.0702857971191406 -0.0526885986328125 0.246170043945313
0.187362670898438 -0.116058349609375 -0.136909484863281 -0.0348968505859375
0.130157470703125 -0.132568359375 0.029266357421875 -0.0387954711914063
0.0979461669921875 -0.119606018066406 0.0980758666992188 -0.110984802246094
0.0495223999023438 -0.139175415039063 0.0522308349609375 -0.196075439453125
-0.00471496582031249 -0.136131286621094 -0.02398681640625 -0.191696166992188
-0.0761566162109375 -0.12152099609375 -0.110260009765625 -0.145660400390625
-0.126869201660156 -0.083526611328125 -0.121772766113281 -0.0665359497070312
-0.125541687011719 -0.07513427734375 -0.08251953125 0.00893402099609375
-0.134651184082031 -0.0730743408203125 -0.0590095520019531 0.0678901672363281
-0.121932983398438 -0.0980758666992188 -0.0669784545898438 0.102714538574219
-0.069305419921875 -0.126182556152344 -0.058624267578125 0.135231018066406
-0.0249710083007812 -0.1263427734375 -0.070770263671875 0.128730773925781
0.0311660766601563 -0.112144470214844 -0.080230712890625 0.142578125
0.06671142578125 -0.131317138671875 -0.05126953125 0.176544189453125
0.113510131835937 -0.131355285644531 -0.00550842285156249 0.215408325195312
0.218917846679687 -0.144546508789062 -0.0654296875 -0.0805816650390625
0.1707763671875 -0.169754028320313 0.0898513793945313 -0.0735244750976563
0.130844116210938 -0.166961669921875 0.128623962402344 -0.119361877441406
0.0572357177734375 -0.192779541015625 0.0778961181640625 -0.186935424804688
-0.0150299072265625 -0.175704956054688 0.00303649902343751 -0.164199829101563
-0.100921630859375 -0.144790649414063 -0.069061279296875 -0.110595703125
-0.14813232421875 -0.09375 -0.0648689270019532 -0.0425071716308594
-0.14556884765625 -0.082275390625 -0.0218734741210938 0.022064208984375
-0.161483764648438 -0.07781982421875 0.00138092041015624 0.077392578125
-0.154449462890625 -0.106430053710938 -0.0146713256835938 0.121170043945313
-0.0996551513671875 -0.149978637695313 -0.0171661376953125 0.151657104492188
-0.0502471923828125 -0.16815185546875 -0.0477752685546875 0.138923645019531
0.0393524169921875 -0.166275024414063 -0.0633010864257812 0.137603759765625
0.09466552734375 -0.18194580078125 -0.0233917236328125 0.132408142089844
0.1455078125 -0.171798706054687 0.0520172119140625 0.165267944335938
0.213485717773438 -0.154434204101563 0.00146484375000001 -0.132247924804688
0.17901611328125 -0.18438720703125 0.135963439941406 -0.113609313964844
0.136444091796875 -0.189407348632813 0.145950317382813 -0.127700805664063
0.0496978759765625 -0.212783813476563 0.0966339111328125 -0.16754150390625
-0.032012939453125 -0.186279296875 0.0314712524414063 -0.129318237304688
-0.117416381835938 -0.141952514648438 -0.0201034545898438 -0.0730667114257813
-0.148468017578125 -0.086456298828125 -0.000671386718750009 -0.0193424224853516
-0.142364501953125 -0.0765838623046875 0.040985107421875 0.0321273803710937
-0.162490844726563 -0.071990966796875 0.0631866455078125 0.083892822265625
-0.16070556640625 -0.101669311523437 0.0419769287109375 0.134391784667969
-0.110183715820312 -0.156021118164062 0.02392578125 0.161148071289063
-0.0593719482421875 -0.186859130859375 -0.0243377685546875 0.142822265625
0.05072021484375 -0.192855834960938 -0.0493927001953125 0.1212158203125
0.118453979492188 -0.20159912109375 0.00177001953125001 0.0761871337890625
0.161636352539063 -0.178634643554688 0.112808227539063 0.105262756347656
0.1763916015625 -0.137619018554688 0.051788330078125 -0.182876586914063
0.156936645507812 -0.1707763671875 0.15948486328125 -0.15289306640625
0.117706298828125 -0.179885864257813 0.14678955078125 -0.129898071289063
0.032470703125 -0.197845458984375 0.106689453125 -0.142105102539063
-0.045440673828125 -0.1630859375 0.0594711303710937 -0.097015380859375
-0.115158081054688 -0.109718322753906 0.0308303833007812 -0.0425834655761719
-0.12786865234375 -0.0620880126953125 0.05950927734375 -0.00428009033203125
-0.118637084960938 -0.0585250854492187 0.09637451171875 0.0366973876953125
-0.136360168457031 -0.0576171875 0.117965698242187 0.0895233154296875
-0.136497497558594 -0.0870819091796875 0.0890655517578125 0.146484375
-0.093231201171875 -0.1439208984375 0.0556488037109375 0.17071533203125
-0.046173095703125 -0.178665161132812 -0.0061492919921875 0.144287109375
0.06787109375 -0.182937622070313 -0.0366134643554687 0.098907470703125
0.129714965820312 -0.182052612304687 0.0308589935302734 0.0222034454345703
0.157272338867188 -0.151382446289063 0.174087524414063 0.052337646484375
0.116615295410156 -0.0984725952148437 0.07818603515625 -0.227127075195313
0.113922119140625 -0.134506225585938 0.158615112304688 -0.185302734375
0.080718994140625 -0.144744873046875 0.131217956542969 -0.129783630371094
0.00761413574218749 -0.15234375 0.110679626464844 -0.11669921875
-0.0534133911132813 -0.111480712890625 0.0812225341796875 -0.07330322265625
-0.0959701538085938 -0.0577011108398438 0.074066162109375 -0.0284500122070313
-0.0865325927734375 -0.027801513671875 0.107917785644531 -0.00215911865234375
-0.0775070190429688 -0.0315093994140625 0.136917114257813 0.0354461669921875
-0.0910491943359375 -0.0329513549804687 0.155563354492188 0.0963897705078125
-0.0960617065429688 -0.0589523315429687 0.1207275390625 0.161361694335938
-0.0643539428710938 -0.11053466796875 0.074432373046875 0.181777954101563
-0.023834228515625 -0.141525268554688 0.00579833984374999 0.146148681640625
0.0743865966796875 -0.141525268554688 -0.0260391235351562 0.0824737548828125
0.118629455566406 -0.132164001464844 0.0594673156738281 -0.0144691467285156
0.125724792480469 -0.101577758789063 0.22747802734375 0.0143280029296875
0.0480804443359375 -0.0406608581542969 0.0804290771484375 -0.257522583007813
0.0620651245117188 -0.0800018310546875 0.136306762695313 -0.206558227539063
0.0361099243164063 -0.0893096923828125 0.110237121582031 -0.127853393554688
-0.0134735107421875 -0.0833663940429688 0.110504150390625 -0.099273681640625
-0.0471115112304688 -0.0464019775390625 0.0963592529296875 -0.065460205078125
-0.0556144714355469 0.000469207763671875 0.104461669921875 -0.0299758911132813
-0.0298995971679688 0.00771713256835938 0.134498596191406 -0.0118331909179688
-0.0235137939453125 0.00122833251953125 0.157852172851563 0.0290069580078125
-0.0340328216552734 -0.00103378295898438 0.172561645507812 0.0997161865234375
-0.045257568359375 -0.0166282653808594 0.132949829101563 0.173263549804688
-0.0337448120117188 -0.0569953918457031 0.077606201171875 0.192138671875
-0.00778961181640625 -0.0842437744140625 0.008514404296875 0.153289794921875
0.05914306640625 -0.0791854858398438 -0.02288818359375 0.0786056518554688
0.0778961181640625 -0.063262939453125 0.0769882202148438 -0.0258941650390625
0.0687522888183594 -0.0363044738769531 0.260345458984375 -0.000595092773437502
0.0500259399414062 -0.0124740600585937 -0.216262817382813 0.035797119140625
-0.00441169738769531 -0.0135822296142578 -0.0522422790527344 0.0154953002929688
-0.00102043151855469 0.00783634185791016 0.0400466918945312 -0.0888595581054688
0.0114240646362305 -0.00192070007324219 -0.00231933593749999 -0.18096923828125
0.00539779663085938 -0.0173358917236328 -0.076171875 -0.19488525390625
-0.0121555328369141 -0.0281257629394531 -0.163619995117188 -0.159744262695313
-0.0438308715820313 -0.0245170593261719 -0.190170288085938 -0.07562255859375
-0.040283203125 -0.0257759094238281 -0.151412963867188 -0.00358581542968748
-0.0318450927734375 -0.0334453582763672 -0.123573303222656 0.0484237670898438
-0.014801025390625 -0.0399742126464844 -0.116134643554688 0.0688629150390625
0.00841331481933594 -0.0290431976318359 -0.095672607421875 0.100845336914062
0.0234451293945313 7.62939453125E-06 -0.090484619140625 0.1099853515625
-0.0036163330078125 0.0268344879150391 -0.113517761230469 0.139381408691406
-0.0172996520996094 0.00872611999511719 -0.0934295654296875 0.209747314453125
0.0169830322265625 0.00103378295898438 -0.0561676025390625 0.255294799804688
0.119705200195312 -0.0762863159179688 -0.185226440429688 0.0126190185546875
0.0569839477539063 -0.0829238891601563 -0.0194892883300781 -0.0102596282958984
0.0424461364746094 -0.0611801147460938 0.0603713989257812 -0.103652954101563
0.022796630859375 -0.0732803344726563 0.012664794921875 -0.19256591796875
-0.00687408447265626 -0.077972412109375 -0.0597381591796875 -0.193710327148438
-0.0529556274414063 -0.0741348266601563 -0.144729614257813 -0.149826049804688
-0.09503173828125 -0.0504837036132813 -0.163543701171875 -0.067535400390625
-0.0919876098632813 -0.0475921630859375 -0.121315002441406 0.00711059570312501
-0.0933456420898438 -0.0517578125 -0.092742919921875 0.0649566650390625
-0.0747528076171875 -0.0712509155273438 -0.093353271484375 0.0919876098632813
-0.0328521728515625 -0.0822982788085937 -0.0769119262695313 0.12225341796875
0.000774383544921882 -0.0676002502441406 -0.0782623291015625 0.1220703125
0.0182380676269531 -0.0417976379394531 -0.0879669189453125 0.146041870117187
0.0240440368652344 -0.0617332458496094 -0.05908203125 0.2032470703125
0.063446044921875 -0.0709915161132813 -0.0222015380859375 0.24505615234375
0.1729736328125 -0.129180908203125 -0.132026672363281 -0.0258026123046875
0.112457275390625 -0.140548706054688 0.0323524475097656 -0.0431556701660156
0.0855560302734375 -0.126235961914063 0.0915985107421875 -0.118698120117188
0.0342559814453125 -0.14141845703125 0.0380096435546875 -0.196807861328125
-0.0188751220703125 -0.13214111328125 -0.0367279052734375 -0.18267822265625
-0.0867767333984375 -0.111366271972656 -0.113426208496094 -0.1295166015625
-0.132705688476563 -0.0697708129882812 -0.118553161621094 -0.0525894165039063
-0.130355834960938 -0.0607833862304687 -0.0725860595703125 0.0164794921875
-0.139434814453125 -0.0607452392578125 -0.0441818237304688 0.0741958618164063
-0.126823425292969 -0.0855331420898438 -0.0515899658203125 0.112899780273438
-0.07708740234375 -0.117218017578125 -0.0426025390625 0.141799926757813
-0.033447265625 -0.121177673339844 -0.0578536987304688 0.1357421875
0.0247268676757812 -0.109504699707031 -0.0665283203125 0.147903442382813
0.0541305541992188 -0.129623413085938 -0.0317535400390625 0.175430297851562
0.0998611450195313 -0.134071350097656 0.02142333984375 0.211212158203125
0.198379516601563 -0.160369873046875 -0.0674972534179687 -0.0748138427734375
0.147415161132813 -0.178466796875 0.0865554809570313 -0.080841064453125
0.1123046875 -0.174911499023438 0.121810913085938 -0.130386352539063
0.03741455078125 -0.190765380859375 0.0638580322265625 -0.190414428710938
-0.033721923828125 -0.167831420898438 -0.00738525390625 -0.1595458984375
-0.111854553222656 -0.130470275878906 -0.0696563720703125 -0.100334167480469
-0.151962280273438 -0.0762939453125 -0.0601272583007813 -0.0349082946777344
-0.148330688476563 -0.06494140625 -0.0144824981689453 0.0231246948242187
-0.163314819335938 -0.0608367919921875 0.0144424438476562 0.0787124633789063
-0.157882690429688 -0.08782958984375 0.00150299072265623 0.125579833984375
-0.109642028808594 -0.135475158691406 -0.000335693359375022 0.154571533203125
-0.0638427734375 -0.157211303710938 -0.0332794189453125 0.144515991210938
0.02606201171875 -0.162155151367188 -0.0492095947265625 0.141403198242188
0.0756072998046875 -0.18212890625 -0.00727844238281249 0.131011962890625
0.124618530273438 -0.175888061523438 0.0725250244140625 0.158111572265625
0.190261840820312 -0.16741943359375 -0.007720947265625 -0.129013061523438
0.151031494140625 -0.19140625 0.128181457519531 -0.1224365234375
0.114608764648438 -0.195510864257813 0.138763427734375 -0.137405395507813
0.0279083251953125 -0.209030151367187 0.0849456787109375 -0.17303466796875
-0.0487823486328125 -0.174789428710938 0.0240402221679688 -0.129730224609375
-0.123985290527344 -0.123382568359375 -0.0186500549316406 -0.0695228576660156
-0.150100708007813 -0.0680694580078125 0.00276756286621093 -0.0195198059082031
-0.14373779296875 -0.058502197265625 0.0466041564941406 0.0267982482910156
-0.160659790039062 -0.052978515625 0.0744094848632812 0.0789871215820313
-0.16168212890625 -0.08074951171875 0.0568313598632812 0.132240295410156
-0.120109558105469 -0.138298034667969 0.0410919189453125 0.159622192382813
-0.0760345458984375 -0.173416137695312 -0.00959777832031251 0.146270751953125
0.03192138671875 -0.188934326171875 -0.036285400390625 0.124252319335938
0.093292236328125 -0.202713012695313 0.0120086669921875 0.0744476318359375
0.137130737304688 -0.184585571289062 0.12579345703125 0.097503662109375
0.153823852539063 -0.148269653320313 0.0350189208984375 -0.181076049804687
0.129669189453125 -0.176666259765625 0.14569091796875 -0.161285400390625
0.096832275390625 -0.183822631835937 0.138877868652344 -0.139518737792969
0.0113067626953125 -0.192047119140625 0.097381591796875 -0.14862060546875
-0.0593719482421875 -0.1497802734375 0.0532913208007813 -0.10107421875
-0.118560791015625 -0.09124755859375 0.0324974060058594 -0.0457878112792969
-0.125823974609375 -0.0454330444335938 0.0607566833496094 -0.0106620788574219
-0.11669921875 -0.04302978515625 0.0991134643554687 0.0263595581054687
-0.13189697265625 -0.0402297973632813 0.125732421875 0.079498291015625
-0.135940551757813 -0.0671310424804688 0.102699279785156 0.138870239257813
-0.10345458984375 -0.12548828125 0.072296142578125 0.164627075195313
-0.0628204345703125 -0.164993286132812 0.00761413574218751 0.144882202148437
0.0467071533203125 -0.1807861328125 -0.0268173217773438 0.101661682128906
0.103713989257813 -0.185653686523438 0.0337657928466797 0.0212860107421875
0.132888793945313 -0.159561157226563 0.179046630859375 0.0404205322265625
0.099609375 -0.106010437011719 0.0540008544921875 -0.226104736328125
0.0913848876953125 -0.139366149902344 0.139205932617188 -0.192031860351563
0.0618743896484375 -0.147201538085938 0.122894287109375 -0.138023376464844
-0.00885009765625 -0.14434814453125 0.102546691894531 -0.125762939453125
-0.0629119873046875 -0.0993728637695313 0.0757522583007813 -0.0812149047851563
-0.0936431884765625 -0.0420150756835938 0.0747528076171875 -0.0365524291992188
-0.0824432373046875 -0.0152587890625 0.104278564453125 -0.0132980346679688
-0.0734710693359375 -0.0197677612304688 0.135986328125 0.0220565795898438
-0.0845794677734375 -0.0201644897460937 0.161041259765625 0.08111572265625
-0.0930938720703125 -0.04241943359375 0.133392333984375 0.147842407226562
-0.0717010498046875 -0.0939483642578125 0.089874267578125 0.172576904296875
-0.0380401611328125 -0.131332397460937 0.0180816650390625 0.144287109375
0.055450439453125 -0.140716552734375 -0.0189590454101562 0.0857315063476562
0.0960235595703125 -0.136199951171875 0.0556869506835938 -0.0158805847167969
0.106452941894531 -0.108139038085938 0.22467041015625 -0.000488281250000007
0.0371894836425781 -0.0452346801757813 0.051116943359375 -0.254638671875
0.0471038818359375 -0.0817413330078125 0.115432739257812 -0.209991455078125
0.0237579345703125 -0.090423583984375 0.101631164550781 -0.133918762207031
-0.0242462158203125 -0.0775680541992188 0.103317260742187 -0.109916687011719
-0.052337646484375 -0.0353431701660156 0.0893325805664063 -0.0769119262695313
-0.0496597290039063 0.0118789672851563 0.0996475219726563 -0.0435714721679688
-0.0238323211669922 0.0146026611328125 0.126815795898438 -0.026031494140625
-0.0183601379394531 0.00564002990722656 0.15234375 0.0130615234375
-0.0267791748046875 0.00529098510742188 0.174774169921875 0.082855224609375
-0.0409088134765625 -0.00696563720703124 0.143478393554688 0.157318115234375
-0.0382499694824219 -0.0463447570800781 0.09149169921875 0.181228637695313
-0.0170059204101562 -0.0765304565429688 0.021759033203125 0.150497436523438
0.0466461181640625 -0.078948974609375 -0.0178070068359375 0.0810165405273438
0.0629501342773438 -0.0664558410644531 0.0697174072265625 -0.0290794372558594
0.0562667846679688 -0.0407867431640625 0.253189086914063 -0.0182037353515625
0.0548973083496094 -0.0161323547363281 -0.208084106445313 0.0425567626953125
-0.00142669677734375 -0.0156440734863281 -0.0457229614257813 0.0138473510742188
0.00231528282165527 0.00390386581420898 0.0362930297851563 -0.0926589965820312
0.0112314224243164 -0.00640487670898438 -0.0120391845703125 -0.178634643554688
0.00273895263671875 -0.0209121704101563 -0.08538818359375 -0.184600830078125
-0.0190773010253906 -0.0299777984619141 -0.167861938476563 -0.143844604492188
-0.0498695373535156 -0.0226936340332031 -0.18743896484375 -0.061187744140625
-0.0467529296875 -0.0244674682617188 -0.143829345703125 0.00651550292968752
-0.0397377014160156 -0.0344886779785156 -0.112663269042969 0.0575790405273438
-0.0197830200195313 -0.0432243347167969 -0.106788635253906 0.07952880859375
0.00705337524414062 -0.0338401794433594 -0.086395263671875 0.109245300292969
0.0262374877929688 -0.00586700439453125 -0.08404541015625 0.116409301757812
0.00451469421386719 0.0262317657470703 -0.106292724609375 0.144866943359375
-0.00930976867675781 0.0125188827514648 -0.079376220703125 0.2083740234375
0.0232353210449219 0.0018463134765625 -0.0337066650390625 0.250106811523438
0.116874694824219 -0.082733154296875 -0.177001953125 0.01849365234375
0.0527191162109375 -0.086273193359375 -0.0140552520751953 -0.0129508972167969
0.039947509765625 -0.0662765502929688 0.057464599609375 -0.109413146972656
0.017333984375 -0.0760345458984375 0.00323486328125 -0.190628051757813
-0.0140151977539063 -0.0777206420898438 -0.067657470703125 -0.185165405273438
-0.0598983764648437 -0.0710372924804688 -0.1463623046875 -0.135894775390625
-0.10009765625 -0.0437698364257812 -0.15789794921875 -0.0543365478515625
-0.0968475341796875 -0.0407485961914063 -0.111778259277344 0.0151214599609375
-0.0990524291992187 -0.0473098754882812 -0.079986572265625 0.0718460083007813
-0.079132080078125 -0.0687179565429687 -0.0817718505859375 0.101119995117188
-0.0358352661132813 -0.0822219848632813 -0.0653305053710938 0.130126953125
0.00034713745117187 -0.0689849853515625 -0.069427490234375 0.127616882324219
0.0212287902832031 -0.041259765625 -0.0791778564453125 0.149276733398438
0.0252189636230469 -0.0579643249511719 -0.0437774658203125 0.199798583984375
0.0627861022949219 -0.0699577331542969 0.000915527343750014 0.239883422851563
0.16400146484375 -0.136001586914063 -0.1259765625 -0.020751953125
0.10064697265625 -0.14373779296875 0.0355186462402344 -0.0478782653808594
0.0759506225585938 -0.131370544433594 0.088592529296875 -0.125839233398437
0.0235595703125 -0.140548706054688 0.029144287109375 -0.197372436523438
-0.0284194946289062 -0.127548217773438 -0.0431976318359375 -0.1759033203125
-0.0940628051757812 -0.103317260742188 -0.112510681152344 -0.118354797363281
-0.136299133300781 -0.0592041015625 -0.112129211425781 -0.04364013671875
-0.133094787597656 -0.04986572265625 -0.0635108947753906 0.0208930969238281
-0.1416015625 -0.0514678955078125 -0.0304183959960938 0.0780487060546875
-0.129035949707031 -0.0774154663085938 -0.0369186401367188 0.118804931640625
-0.0816116333007812 -0.111587524414063 -0.02886962890625 0.147674560546875
-0.0379867553710938 -0.118576049804688 -0.0475006103515625 0.141067504882813
0.0219879150390625 -0.106414794921875 -0.0558624267578125 0.14984130859375
0.0485687255859375 -0.126052856445313 -0.0170440673828125 0.17193603515625
0.0920181274414062 -0.133262634277344 0.0426788330078125 0.206207275390625
0.182403564453125 -0.167404174804688 -0.0663986206054687 -0.0713043212890625
0.13006591796875 -0.181243896484375 0.0866317749023438 -0.0870895385742188
0.0985260009765625 -0.178436279296875 0.119331359863281 -0.138076782226563
0.02252197265625 -0.187179565429687 0.0561065673828125 -0.193023681640625
-0.04443359375 -0.159332275390625 -0.0116729736328125 -0.156402587890625
-0.117019653320313 -0.118644714355469 -0.06622314453125 -0.093963623046875
-0.151702880859375 -0.0630645751953125 -0.0538787841796875 -0.0308303833007813
-0.148544311523438 -0.052459716796875 -0.00595283508300782 0.0233917236328125
-0.161865234375 -0.0483551025390625 0.0279083251953125 0.0786056518554688
-0.157760620117187 -0.074798583984375 0.01605224609375 0.12860107421875
-0.115036010742187 -0.124397277832031 0.013519287109375 0.157257080078125
-0.0708465576171875 -0.149261474609375 -0.0217437744140625 0.1488037109375
0.017913818359375 -0.157943725585938 -0.039520263671875 0.143478393554688
0.063262939453125 -0.177932739257813 0.00518035888671875 0.128158569335938
0.110061645507813 -0.175018310546875 0.08953857421875 0.152633666992188
0.171661376953125 -0.173370361328125 -0.0125732421875 -0.125946044921875
0.130966186523438 -0.19183349609375 0.124092102050781 -0.1285400390625
0.0991363525390625 -0.196929931640625 0.135711669921875 -0.146102905273438
0.0131988525390625 -0.203353881835937 0.0783233642578125 -0.177291870117188
-0.05908203125 -0.163421630859375 0.0206222534179687 -0.129920959472656
-0.125770568847656 -0.10986328125 -0.0144805908203125 -0.0683021545410156
-0.146957397460938 -0.05401611328125 0.00700759887695312 -0.0198745727539063
-0.141250610351563 -0.0453643798828125 0.0516891479492188 0.0230216979980469
-0.156784057617188 -0.0395660400390625 0.085357666015625 0.07464599609375
-0.159225463867188 -0.0651092529296875 0.0700149536132812 0.13067626953125
-0.124496459960938 -0.123191833496094 0.05511474609375 0.15924072265625
-0.0845794677734375 -0.1610107421875 0.0017242431640625 0.148696899414063
0.0197601318359375 -0.18365478515625 -0.0262680053710938 0.12640380859375
0.0757293701171875 -0.199920654296875 0.0203933715820313 0.0726852416992187
0.119308471679687 -0.18511962890625 0.136932373046875 0.090728759765625
0.135635375976562 -0.1519775390625 0.02490234375 -0.176925659179688
0.109512329101563 -0.175857543945313 0.138381958007813 -0.164764404296875
0.0810546875 -0.18365478515625 0.135330200195313 -0.14788818359375
-0.00279235839843749 -0.184188842773438 0.0918121337890625 -0.154998779296875
-0.067718505859375 -0.13702392578125 0.0497055053710937 -0.104354858398438
-0.116806030273437 -0.077545166015625 0.0347137451171875 -0.0494613647460938
-0.120201110839844 -0.032958984375 0.0620040893554687 -0.0156898498535156
-0.113006591796875 -0.0312118530273438 0.101112365722656 0.019012451171875
-0.126670837402344 -0.0281219482421875 0.133384704589844 0.071533203125
-0.133026123046875 -0.0518951416015625 0.112968444824219 0.133056640625
-0.10711669921875 -0.110321044921875 0.0848388671875 0.16094970703125
-0.0723876953125 -0.151901245117188 0.01873779296875 0.1448974609375
0.03173828125 -0.175796508789063 -0.01898193359375 0.103530883789062
0.08465576171875 -0.183914184570313 0.0368804931640625 0.0204620361328125
0.11468505859375 -0.161346435546875 0.183273315429688 0.0330657958984375
0.083648681640625 -0.109237670898438 0.03839111328125 -0.220840454101563
0.073577880859375 -0.137130737304688 0.128768920898438 -0.193634033203125
0.0486297607421875 -0.14593505859375 0.11907958984375 -0.145050048828125
-0.0206756591796875 -0.136039733886719 0.0975189208984375 -0.132560729980469
-0.067718505859375 -0.0859756469726563 0.0717086791992188 -0.0882186889648438
-0.0884857177734375 -0.0301971435546875 0.074127197265625 -0.0448760986328125
-0.0747756958007812 -0.00569915771484374 0.101272583007813 -0.0216217041015625
-0.0669097900390625 -0.0109329223632813 0.134063720703125 0.012115478515625
-0.0771636962890625 -0.0115509033203125 0.165512084960938 0.070526123046875
-0.0875473022460938 -0.0299072265625 0.141693115234375 0.138198852539063
-0.0746307373046875 -0.0810165405273438 0.100341796875 0.16522216796875
-0.046478271484375 -0.119796752929688 0.02838134765625 0.14349365234375
0.0416717529296875 -0.13714599609375 -0.0128555297851562 0.0870819091796875
0.0789031982421875 -0.135040283203125 0.054412841796875 -0.0169601440429688
0.0899505615234375 -0.109786987304687 0.223495483398438 -0.00964355468750001
0.0266838073730469 -0.046783447265625 0.031036376953125 -0.248886108398438
0.0340576171875 -0.0810699462890625 0.101577758789062 -0.20892333984375
0.0139389038085937 -0.0891799926757813 0.0975189208984375 -0.139289855957031
-0.03228759765625 -0.0702133178710938 0.0980682373046875 -0.117637634277344
-0.0546875 -0.0242385864257812 0.0837860107421875 -0.0849151611328125
-0.0423011779785156 0.0202407836914062 0.0956039428710938 -0.0540542602539063
-0.0156230926513672 0.0197124481201172 0.118911743164063 -0.0357208251953125
-0.011805534362793 0.00993919372558594 0.146194458007813 0.0030364990234375
-0.0185356140136719 0.00995445251464844 0.176040649414062 0.0703887939453125
-0.0345802307128906 0.0006256103515625 0.14990234375 0.146759033203125
-0.0386314392089844 -0.0364761352539062 0.100936889648437 0.17303466796875
-0.0221977233886719 -0.0681991577148438 0.03033447265625 0.14727783203125
0.036956787109375 -0.0767898559570313 -0.0131912231445313 0.0829238891601563
0.0503501892089844 -0.0659751892089844 0.0644607543945313 -0.0291023254394531
0.0450592041015625 -0.0423812866210938 0.247116088867188 -0.0284271240234375
0.0619773864746094 -0.0212059020996094 -0.204513549804688 0.047027587890625
0.00264549255371094 -0.0201835632324219 -0.0411911010742188 0.0106048583984375
0.00439190864562988 -0.00212287902832031 0.0341567993164062 -0.0982513427734375
0.0101041793823242 -0.0127468109130859 -0.0207977294921875 -0.1795654296875
-0.0018310546875 -0.0249538421630859 -0.0932769775390625 -0.179000854492187
-0.0266456604003906 -0.0320358276367188 -0.172409057617188 -0.1329345703125
-0.0576438903808594 -0.0203056335449219 -0.186004638671875 -0.050628662109375
-0.0544586181640625 -0.0220832824707031 -0.138595581054688 0.0141677856445312
-0.0492668151855469 -0.0350990295410156 -0.103225708007812 0.0641021728515625
-0.0269088745117187 -0.0473747253417969 -0.0990829467773437 0.0893020629882813
0.00562286376953125 -0.0402145385742188 -0.0798110961914063 0.119056701660156
0.0284271240234375 -0.0125789642333984 -0.0798721313476563 0.124748229980469
0.0124263763427734 0.0250778198242188 -0.101211547851562 0.152297973632813
-0.000310897827148436 0.0151615142822266 -0.0699005126953125 0.209243774414063
0.0313472747802734 0.00172805786132813 -0.0156707763671875 0.24822998046875
0.117668151855469 -0.089385986328125 -0.172348022460938 0.02252197265625
0.049957275390625 -0.0907974243164063 -0.00915908813476562 -0.0177974700927734
0.03680419921875 -0.0727996826171875 0.0559234619140625 -0.117103576660156
0.0117874145507812 -0.0803146362304688 -0.0035400390625 -0.192886352539063
-0.02105712890625 -0.078765869140625 -0.073577880859375 -0.180007934570313
-0.0688018798828125 -0.069061279296875 -0.14776611328125 -0.127471923828125
-0.107131958007813 -0.0380401611328125 -0.15423583984375 -0.046142578125
-0.103424072265625 -0.0353164672851563 -0.104728698730469 0.020294189453125
-0.107040405273437 -0.044158935546875 -0.0672225952148437 0.0767974853515625
-0.0853500366210938 -0.06817626953125 -0.0695953369140625 0.109977722167969
-0.0396728515625 -0.0847244262695313 -0.0550079345703125 0.138641357421875
-0.000595092773437498 -0.0738601684570313 -0.0631179809570313 0.13616943359375
0.0262985229492188 -0.0423088073730469 -0.07275390625 0.155960083007813
0.0299415588378906 -0.0564956665039062 -0.032257080078125 0.199249267578125
0.0653762817382812 -0.0700035095214844 0.0205841064453125 0.236892700195313
0.157516479492188 -0.143630981445313 -0.123214721679688 -0.0190887451171875
0.09283447265625 -0.14837646484375 0.0389328002929688 -0.0542716979980469
0.0691070556640625 -0.137916564941406 0.0885238647460938 -0.135482788085938
0.0146484375 -0.142913818359375 0.0228424072265625 -0.201080322265625
-0.0378875732421875 -0.125434875488281 -0.0467987060546875 -0.17413330078125
-0.101837158203125 -0.0979156494140625 -0.110687255859375 -0.112968444824219
-0.14080810546875 -0.050323486328125 -0.106498718261719 -0.0386886596679687
-0.136833190917969 -0.0420074462890625 -0.0545806884765625 0.0234947204589844
-0.146286010742188 -0.044036865234375 -0.0161361694335938 0.0804443359375
-0.134002685546875 -0.07196044921875 -0.0230941772460937 0.125831604003906
-0.08587646484375 -0.109817504882813 -0.015777587890625 0.155181884765625
-0.0413284301757813 -0.118423461914063 -0.038238525390625 0.148773193359375
0.0225906372070312 -0.106521606445312 -0.0480499267578125 0.1556396484375
0.047210693359375 -0.124549865722656 -0.00465393066406248 0.170806884765625
0.0886917114257813 -0.133445739746094 0.0632781982421875 0.2021484375
0.17218017578125 -0.173934936523438 -0.0649871826171875 -0.0705490112304688
0.117462158203125 -0.184326171875 0.0895538330078125 -0.0949020385742188
0.088714599609375 -0.183990478515625 0.119415283203125 -0.150146484375
0.011505126953125 -0.186843872070312 0.0512542724609375 -0.198867797851563
-0.0532684326171875 -0.154312133789063 -0.01434326171875 -0.156692504882813
-0.122146606445313 -0.111160278320313 -0.0627517700195313 -0.0920562744140625
-0.154678344726563 -0.05352783203125 -0.0481147766113281 -0.0294609069824219
-0.150039672851563 -0.0420684814453125 0.00261306762695311 0.0227069854736328
-0.162704467773438 -0.038665771484375 0.0419845581054688 0.0781097412109375
-0.159835815429688 -0.0654296875 0.0315093994140625 0.132118225097656
-0.118675231933594 -0.117240905761719 0.028533935546875 0.161956787109375
-0.07623291015625 -0.144821166992188 -0.0106201171875 0.154891967773438
0.012603759765625 -0.156906127929688 -0.02996826171875 0.148330688476562
0.055633544921875 -0.177154541015625 0.0153427124023438 0.125961303710937
0.101776123046875 -0.175537109375 0.10760498046875 0.148605346679688
0.1578369140625 -0.178054809570313 -0.01409912109375 -0.125808715820312
0.11676025390625 -0.193557739257812 0.124443054199219 -0.135894775390625
0.08734130859375 -0.200180053710937 0.1368408203125 -0.157608032226563
0.00167846679687499 -0.199844360351563 0.0746002197265625 -0.184524536132813
-0.067626953125 -0.155685424804687 0.019073486328125 -0.133689880371094
-0.127357482910156 -0.099822998046875 -0.0106582641601563 -0.0703659057617188
-0.14556884765625 -0.04364013671875 0.0121212005615234 -0.0228099822998047
-0.139228820800781 -0.0353469848632813 0.0584487915039062 0.019012451171875
-0.15411376953125 -0.029693603515625 0.0984268188476562 0.0705795288085938
-0.15753173828125 -0.053314208984375 0.0847015380859375 0.13092041015625
-0.128273010253906 -0.112953186035156 0.0693206787109375 0.16070556640625
-0.0919036865234375 -0.152542114257813 0.0139312744140625 0.153335571289063
0.0106201171875 -0.181411743164063 -0.0183944702148437 0.130142211914063
0.062896728515625 -0.198776245117187 0.0281982421875 0.0718231201171875
0.106964111328125 -0.185775756835938 0.151107788085938 0.08544921875
0.121078491210937 -0.155471801757812 0.0180206298828125 -0.1763916015625
0.0949554443359375 -0.1749267578125 0.13580322265625 -0.171188354492188
0.06866455078125 -0.185089111328125 0.135147094726563 -0.158432006835938
-0.0131378173828125 -0.178024291992188 0.088958740234375 -0.1627197265625
-0.0732498168945313 -0.126747131347656 0.0486984252929687 -0.110687255859375
-0.114463806152344 -0.0669097900390625 0.0373153686523438 -0.0555953979492188
-0.115310668945312 -0.0235824584960938 0.0644149780273437 -0.02099609375
-0.108551025390625 -0.0225906372070312 0.105262756347656 0.0134048461914062
-0.120285034179688 -0.0199813842773437 0.143783569335938 0.064788818359375
-0.128341674804687 -0.0399017333984375 0.126548767089844 0.130073547363281
-0.109970092773438 -0.0977859497070312 0.0980682373046875 0.1597900390625
-0.0801544189453125 -0.141647338867188 0.0294952392578125 0.148330688476563
0.020263671875 -0.172378540039063 -0.0118255615234375 0.107559204101562
0.0690460205078125 -0.182861328125 0.0412063598632813 0.0191917419433594
0.101226806640625 -0.162353515625 0.193740844726563 0.0269927978515625
0.0698776245117188 -0.110870361328125 0.027496337890625 -0.21826171875
0.0598373413085938 -0.135818481445313 0.123199462890625 -0.197418212890625
0.0375213623046875 -0.145645141601563 0.118972778320313 -0.153060913085938
-0.0302963256835938 -0.12841796875 0.0952301025390625 -0.141845703125
-0.0713119506835938 -0.075347900390625 0.070159912109375 -0.095794677734375
-0.0825653076171875 -0.0204925537109375 0.0741424560546875 -0.052947998046875
-0.0664329528808594 0.00109100341796875 0.100250244140625 -0.0292816162109375
-0.0601921081542969 -0.00490188598632813 0.135383605957031 0.0048370361328125
-0.0688400268554688 -0.00484085083007813 0.172348022460937 0.0616607666015625
-0.0807723999023438 -0.0204391479492187 0.151992797851563 0.132766723632812
-0.0747833251953125 -0.0693130493164063 0.112899780273438 0.162582397460937
-0.0538253784179688 -0.110305786132813 0.038330078125 0.14483642578125
0.0310211181640625 -0.133552551269531 -0.00804138183593751 0.0911941528320312
0.0641860961914062 -0.134040832519531 0.0546913146972656 -0.0173606872558594
0.0777130126953125 -0.111465454101563 0.228042602539062 -0.0164794921875
0.0164833068847656 -0.0473709106445313 0.0164794921875 -0.245040893554688
0.022216796875 -0.0795059204101562 0.09368896484375 -0.2099609375
0.00384521484375 -0.0882186889648438 0.0953369140625 -0.145919799804687
-0.0393714904785156 -0.0624237060546875 0.09490966796875 -0.127220153808594
-0.0552101135253906 -0.012939453125 0.0792236328125 -0.09429931640625
-0.0334358215332031 0.0274639129638672 0.09130859375 -0.0640029907226563
-0.00550270080566406 0.0233898162841797 0.113471984863281 -0.0436325073242187
-0.00427818298339844 0.0128746032714844 0.1434326171875 -0.0043792724609375
-0.00910663604736328 0.0126371383666992 0.180068969726562 0.061065673828125
-0.0267524719238281 0.00699996948242187 0.158645629882813 0.139999389648438
-0.0361404418945312 -0.0268898010253906 0.111587524414063 0.168685913085938
-0.0260696411132813 -0.05999755859375 0.038787841796875 0.14862060546875
0.02923583984375 -0.0735549926757812 -0.0101318359375 0.0869903564453125
0.0393447875976563 -0.0635986328125 0.0616912841796875 -0.0287361145019531
0.0351333618164063 -0.0426445007324219 0.24755859375 -0.0354156494140625
0.07049560546875 -0.0289535522460938 -0.204788208007813 0.0543365478515625
0.00509452819824219 -0.0260124206542969 -0.0386085510253906 0.0071563720703125
0.0058908462524414 -0.00925636291503906 0.0292587280273438 -0.108383178710938
0.00743484497070313 -0.0197582244873047 -0.032196044921875 -0.183364868164063
-0.00725746154785156 -0.0295467376708984 -0.104736328125 -0.174957275390625
-0.0370254516601562 -0.0323905944824219 -0.180450439453125 -0.122177124023438
-0.0672607421875 -0.0158271789550781 -0.188018798828125 -0.0390472412109375
-0.0638351440429688 -0.0187530517578125 -0.134002685546875 0.0226669311523437
-0.061248779296875 -0.0335922241210937 -0.09417724609375 0.0726318359375
-0.0370559692382813 -0.0522193908691406 -0.0895843505859375 0.101966857910156
0.00119400024414063 -0.0485649108886719 -0.0699615478515625 0.130882263183594
0.0298976898193359 -0.0224742889404297 -0.0739898681640625 0.136619567871094
0.0233650207519531 0.0217647552490234 -0.095794677734375 0.163467407226563
0.0106496810913086 0.0149135589599609 -0.059356689453125 0.214019775390625
0.0415077209472656 -0.0001983642578125 0.004241943359375 0.24749755859375
0.12017822265625 -0.0995254516601563 -0.1715087890625 0.02734375
0.0469818115234375 -0.098419189453125 -0.00589942932128906 -0.0246086120605469
0.0331573486328125 -0.0815277099609375 0.0522689819335938 -0.129432678222656
0.00437164306640625 -0.086181640625 -0.013946533203125 -0.198028564453125
-0.0302658081054687 -0.0806808471679688 -0.0828094482421875 -0.179000854492188
-0.0798797607421875 -0.0661849975585937 -0.151992797851563 -0.119873046875
-0.116241455078125 -0.0302276611328125 -0.1531982421875 -0.0380401611328125
-0.112007141113281 -0.0276718139648438 -0.09722900390625 0.0255661010742188
-0.117767333984375 -0.03857421875 -0.0539703369140625 0.0821914672851563
-0.0956573486328125 -0.0672683715820312 -0.0554428100585938 0.120780944824219
-0.0463790893554688 -0.0892868041992188 -0.041168212890625 0.150146484375
-0.00255584716796875 -0.0806732177734375 -0.053863525390625 0.147903442382813
0.0325393676757813 -0.0464668273925781 -0.0649261474609375 0.16571044921875
0.0361671447753906 -0.0573806762695313 -0.0188446044921875 0.201187133789062
0.0701751708984375 -0.0735092163085938 0.0438079833984375 0.234725952148438
0.153854370117188 -0.15484619140625 -0.121681213378906 -0.01678466796875
0.0845489501953125 -0.156494140625 0.0428810119628906 -0.0648880004882813
0.0604095458984375 -0.146865844726563 0.0860595703125 -0.15130615234375
0.0032196044921875 -0.147109985351563 0.0142364501953125 -0.20965576171875
-0.0486984252929688 -0.124549865722656 -0.0537872314453125 -0.174972534179688
-0.112861633300781 -0.092681884765625 -0.111091613769531 -0.109573364257813
-0.14801025390625 -0.039764404296875 -0.102409362792969 -0.0350341796875
-0.143646240234375 -0.0312652587890625 -0.0454750061035156 0.0251502990722656
-0.154769897460938 -0.03564453125 -0.000717163085937502 0.0822906494140625
-0.141586303710938 -0.0661468505859375 -0.00524902343750001 0.133308410644531
-0.0936355590820313 -0.108779907226563 0.0015411376953125 0.164260864257813
-0.0470504760742187 -0.121383666992188 -0.0251922607421875 0.159622192382813
0.0228652954101563 -0.110252380371094 -0.0378875732421875 0.164535522460938
0.0462799072265625 -0.126052856445313 0.00944519042968752 0.171234130859375
0.0865631103515625 -0.136985778808594 0.0871734619140625 0.198150634765625
0.162979125976563 -0.184585571289063 -0.0654067993164062 -0.0711669921875
0.105804443359375 -0.191207885742188 0.0921249389648438 -0.108345031738281
0.076904296875 -0.192092895507813 0.118377685546875 -0.167770385742188
-0.00218200683593751 -0.18853759765625 0.04412841796875 -0.20965576171875
-0.0650177001953125 -0.150299072265625 -0.018463134765625 -0.161422729492188
-0.130905151367188 -0.102424621582031 -0.0609359741210938 -0.093017578125
-0.158493041992188 -0.042205810546875 -0.0427398681640625 -0.0303421020507813
-0.152786254882813 -0.0311431884765625 0.0120410919189453 0.0206985473632812
-0.167251586914062 -0.0284881591796875 0.0589065551757812 0.0751266479492188
-0.163558959960937 -0.055572509765625 0.05133056640625 0.135391235351563
-0.126182556152344 -0.111045837402344 0.048828125 0.167770385742188
-0.0849151611328125 -0.141387939453125 0.00433349609375 0.163909912109375
0.00720214843750001 -0.15826416015625 -0.018524169921875 0.155410766601563
0.0476226806640625 -0.178619384765625 0.0284881591796875 0.12548828125
0.094268798828125 -0.179519653320313 0.1304931640625 0.142318725585938
0.145233154296875 -0.18646240234375 -0.0175247192382812 -0.127418518066406
0.102127075195313 -0.197479248046875 0.125656127929688 -0.149642944335938
0.07440185546875 -0.206771850585938 0.13555908203125 -0.17596435546875
-0.0124359130859375 -0.198226928710938 0.069580078125 -0.197616577148438
-0.0770111083984375 -0.148239135742188 0.016265869140625 -0.140625
-0.131759643554688 -0.090545654296875 -0.00831604003906251 -0.0759735107421875
-0.145431518554687 -0.03271484375 0.0166893005371094 -0.0276222229003906
-0.139091491699219 -0.0251007080078125 0.0672149658203125 0.0134849548339844
-0.153976440429688 -0.0192413330078125 0.114608764648437 0.0637664794921875
-0.158187866210938 -0.04144287109375 0.104644775390625 0.130393981933594
-0.133735656738281 -0.102058410644531 0.08966064453125 0.162841796875
-0.101303100585937 -0.144729614257813 0.029815673828125 0.160064697265625
-0.000183105468749995 -0.180313110351563 -0.006591796875 0.136123657226563
0.0498046875 -0.19970703125 0.0379791259765625 0.0700607299804688
0.0943450927734375 -0.189834594726563 0.169998168945313 0.07855224609375
0.106918334960938 -0.159927368164063 0.011260986328125 -0.177932739257813
0.0799560546875 -0.176498413085938 0.134689331054688 -0.182952880859375
0.055389404296875 -0.188629150390625 0.134231567382813 -0.175201416015625
-0.0254058837890625 -0.173675537109375 0.0856170654296875 -0.175933837890625
-0.0802230834960937 -0.116470336914063 0.0461196899414063 -0.119857788085938
-0.113258361816406 -0.0576400756835937 0.0391120910644531 -0.0643424987792969
-0.110572814941406 -0.0156402587890625 0.0672645568847656 -0.02880859375
-0.103866577148438 -0.0139999389648438 0.1116943359375 0.00490570068359375
-0.115577697753906 -0.011138916015625 0.157440185546875 0.054351806640625
-0.124687194824219 -0.0287246704101562 0.144821166992188 0.126068115234375
-0.113304138183594 -0.0862503051757813 0.117218017578125 0.158859252929688
-0.0890350341796875 -0.132057189941406 0.0445556640625 0.152603149414063
0.00775146484374999 -0.170486450195313 -0.00220489501953125 0.113021850585938
0.053497314453125 -0.183425903320313 0.0464744567871094 0.0179977416992187
0.086090087890625 -0.16534423828125 0.207748413085938 0.017120361328125
0.0564193725585937 -0.111312866210938 0.01629638671875 -0.219009399414062
0.0454788208007813 -0.135185241699219 0.11865234375 -0.206161499023437
0.02398681640625 -0.147171020507813 0.117111206054688 -0.167266845703125
-0.0399551391601563 -0.12127685546875 0.0919036865234375 -0.154266357421875
-0.0736083984375 -0.06353759765625 0.0662994384765625 -0.106437683105469
-0.0759429931640625 -0.011688232421875 0.0726547241210938 -0.0645980834960938
-0.0570144653320312 0.006500244140625 0.0992660522460938 -0.0378646850585938
-0.0530357360839844 0.000225067138671877 0.138526916503906 -0.00457000732421875
-0.0609359741210938 0.000350952148437506 0.183334350585938 0.0491943359375
-0.074249267578125 -0.0110092163085938 0.167953491210937 0.12652587890625
-0.074981689453125 -0.057769775390625 0.130157470703125 0.159439086914063
-0.059600830078125 -0.100440979003906 0.0519256591796875 0.148162841796875
0.0197601318359375 -0.130790710449219 -3.05175781250083E-05 0.0964584350585937
0.0494155883789063 -0.132942199707031 0.0555953979492188 -0.0185585021972656
0.0624313354492188 -0.112762451171875 0.237442016601562 -0.0273284912109375
0.00520706176757813 -0.0460281372070313 1.52587890624758E-05 -0.243759155273437
0.00959014892578124 -0.0775299072265625 0.0861358642578125 -0.216400146484375
-0.00878906250000001 -0.0867233276367188 0.0923919677734375 -0.158050537109375
-0.0466957092285156 -0.0534629821777344 0.091705322265625 -0.140556335449219
-0.0538139343261719 -0.00098037719726562 0.0735397338867187 -0.10565185546875
-0.0232295989990234 0.0338954925537109 0.0858230590820313 -0.076324462890625
0.00581741333007812 0.0250034332275391 0.107994079589844 -0.052490234375
0.00584316253662109 0.0143089294433594 0.142578125 -0.013824462890625
0.00174522399902344 0.0136804580688477 0.186798095703125 0.0494537353515625
-0.0162897109985352 0.0122880935668945 0.172210693359375 0.13311767578125
-0.0331001281738281 -0.0179328918457031 0.126541137695313 0.165740966796875
-0.0289649963378906 -0.051177978515625 0.050994873046875 0.15081787109375
0.0218238830566406 -0.070220947265625 -0.00435638427734375 0.0927581787109375
0.028106689453125 -0.0593719482421875 0.0595359802246094 -0.0288429260253906
0.0237655639648437 -0.0409355163574219 0.251953125 -0.0469818115234375
0.0780868530273437 -0.0416717529296875 -0.203643798828125 0.0665435791015625
0.00702285766601563 -0.0342807769775391 -0.0374526977539063 0.002838134765625
0.00540542602539062 -0.0176219940185547 0.019744873046875 -0.118637084960938
0.00218009948730469 -0.0271625518798828 -0.04949951171875 -0.185134887695313
-0.01593017578125 -0.0328330993652344 -0.119918823242187 -0.167709350585938
-0.0495986938476563 -0.029998779296875 -0.189834594726562 -0.107620239257812
-0.0778732299804688 -0.00703430175781248 -0.189254760742187 -0.0235137939453125
-0.0740814208984375 -0.0102920532226563 -0.127655029296875 0.0326461791992188
-0.0760726928710938 -0.0274581909179687 -0.0817184448242188 0.081085205078125
-0.0508804321289063 -0.0523185729980469 -0.0751190185546875 0.114738464355469
-0.00669479370117187 -0.0575103759765625 -0.0545501708984375 0.14349365234375
0.0290069580078125 -0.0338802337646484 -0.062164306640625 0.149673461914063
0.0346870422363281 0.0140171051025391 -0.0847015380859375 0.177474975585938
0.0235404968261719 0.0113430023193359 -0.0444183349609375 0.219131469726563
0.0526847839355469 -0.0060882568359375 0.0301513671875 0.243988037109375
0.119453430175781 -0.114669799804688 -0.168991088867188 0.035491943359375
0.04071044921875 -0.107940673828125 -0.00480079650878906 -0.0332164764404297
0.0254287719726563 -0.0912094116210938 0.043212890625 -0.143096923828125
-0.0068817138671875 -0.0912399291992188 -0.0304107666015625 -0.203155517578125
-0.0426712036132813 -0.0801162719726563 -0.0959625244140625 -0.174850463867188
-0.093658447265625 -0.0591812133789063 -0.158065795898438 -0.1094970703125
-0.125755310058594 -0.016876220703125 -0.151092529296875 -0.027923583984375
-0.121322631835938 -0.0153884887695312 -0.0879135131835938 0.0315170288085938
-0.130241394042969 -0.0270156860351563 -0.0371856689453125 0.0852203369140625
-0.108863830566406 -0.0624923706054688 -0.035858154296875 0.130355834960938
-0.056549072265625 -0.0935821533203125 -0.020843505859375 0.161026000976563
-0.0087738037109375 -0.0883941650390625 -0.0381011962890625 0.160354614257813
0.0378074645996094 -0.0540313720703125 -0.050384521484375 0.176406860351563
0.0422439575195313 -0.0623703002929687 -0.0015106201171875 0.202102661132812
0.0743637084960938 -0.0794906616210938 0.0721282958984375 0.22760009765625
0.146102905273438 -0.169876098632813 -0.120780944824219 -0.0135421752929687
0.07196044921875 -0.165618896484375 0.0426712036132813 -0.0784378051757813
0.0465240478515625 -0.156982421875 0.0770111083984375 -0.169601440429688
-0.012176513671875 -0.149871826171875 -0.0014495849609375 -0.218276977539063
-0.0630264282226563 -0.120864868164063 -0.064910888671875 -0.175277709960938
-0.125328063964844 -0.0818328857421875 -0.114112854003906 -0.105079650878906
-0.1551513671875 -0.02459716796875 -0.0990524291992188 -0.0310745239257812
-0.149444580078125 -0.0175933837890625 -0.0347213745117188 0.0247001647949219
-0.163681030273437 -0.0211944580078125 0.018829345703125 0.0793304443359375
-0.15142822265625 -0.0558319091796875 0.01922607421875 0.137107849121094
-0.105003356933594 -0.105392456054688 0.0263519287109375 0.17010498046875
-0.0559463500976563 -0.121971130371094 -0.00601196289062499 0.168701171875
0.0210418701171875 -0.115325927734375 -0.021636962890625 0.172653198242187
0.0435638427734375 -0.129837036132813 0.02716064453125 0.1688232421875
0.0830535888671875 -0.143447875976563 0.115631103515625 0.187332153320313
0.149505615234375 -0.197265625 -0.06658935546875 -0.0716781616210938
0.088623046875 -0.1983642578125 0.0900650024414063 -0.125701904296875
0.0582733154296875 -0.201278686523438 0.108718872070313 -0.189773559570312
-0.01971435546875 -0.188735961914062 0.0305328369140625 -0.222747802734375
-0.079315185546875 -0.142974853515625 -0.027435302734375 -0.16595458984375
-0.140083312988281 -0.0908660888671875 -0.0614242553710938 -0.0951004028320313
-0.161605834960938 -0.0272064208984375 -0.0384979248046875 -0.0328712463378906
-0.155502319335938 -0.01629638671875 0.0223121643066406 0.0145187377929687
-0.170700073242188 -0.01348876953125 0.0785980224609375 0.06597900390625
-0.168655395507813 -0.041168212890625 0.077178955078125 0.1331787109375
-0.135215759277344 -0.101593017578125 0.0751190185546875 0.168441772460938
-0.0955886840820312 -0.135848999023438 0.0261077880859375 0.170547485351563
-0.001434326171875 -0.159317016601562 -0.000656127929687498 0.161148071289062
0.0371551513671875 -0.180938720703125 0.0442047119140625 0.121070861816406
0.0828857421875 -0.184890747070312 0.157119750976563 0.12811279296875
0.128448486328125 -0.195114135742188 -0.0226516723632813 -0.130386352539062
0.08319091796875 -0.201400756835938 0.121444702148438 -0.16815185546875
0.0550537109375 -0.212875366210938 0.12762451171875 -0.198867797851562
-0.0286407470703125 -0.194808959960937 0.05804443359375 -0.212966918945313
-0.08819580078125 -0.137557983398437 0.00843811035156251 -0.148635864257813
-0.136215209960937 -0.0781707763671875 -0.0080413818359375 -0.0825653076171875
-0.143936157226563 -0.020416259765625 0.0204925537109375 -0.034576416015625
-0.136680603027344 -0.0116348266601563 0.07696533203125 0.00290679931640625
-0.151336669921875 -0.00614929199218747 0.1319580078125 0.0489501953125
-0.157119750976563 -0.02685546875 0.130088806152344 0.122032165527344
-0.139755249023438 -0.0885009765625 0.116622924804687 0.1590576171875
-0.112449645996094 -0.133613586425781 0.052459716796875 0.163253784179687
-0.013885498046875 -0.177932739257813 0.0100250244140625 0.14068603515625
0.03302001953125 -0.199752807617187 0.0498161315917969 0.0658035278320312
0.077880859375 -0.19342041015625 0.191848754882813 0.062042236328125
0.0886383056640625 -0.16363525390625 0.00148010253906251 -0.1807861328125
0.060760498046875 -0.175994873046875 0.127471923828125 -0.200546264648438
0.0365142822265625 -0.191452026367188 0.126419067382813 -0.196212768554687
-0.0395965576171875 -0.166946411132813 0.0758056640625 -0.1923828125
-0.0867767333984375 -0.104110717773438 0.0393600463867188 -0.130790710449219
-0.111526489257813 -0.0465164184570313 0.037506103515625 -0.0750961303710938
-0.103858947753906 -0.00653839111328126 0.0684852600097656 -0.0393753051757813
-0.0969696044921875 -0.00510406494140625 0.118423461914063 -0.008087158203125
-0.109024047851563 -0.00208282470703126 0.172210693359375 0.0365447998046875
-0.119071960449219 -0.0161285400390625 0.167877197265625 0.114715576171875
-0.115081787109375 -0.0710983276367188 0.142333984375 0.151657104492188
-0.0982513427734375 -0.118095397949219 0.06585693359375 0.153228759765625
-0.00706481933593751 -0.165756225585938 0.0123672485351562 0.117050170898437
0.03436279296875 -0.181503295898438 0.0535507202148438 0.0137863159179687
0.067138671875 -0.167495727539063 0.22259521484375 -0.00018310546875001
0.0399551391601562 -0.110984802246094 0.000564575195312521 -0.218887329101563
0.0281448364257813 -0.131660461425781 0.108673095703125 -0.21978759765625
0.0064239501953125 -0.14385986328125 0.109481811523438 -0.184600830078125
-0.0497283935546875 -0.110725402832031 0.083282470703125 -0.17083740234375
-0.074432373046875 -0.0491180419921875 0.0581436157226563 -0.118980407714844
-0.0673942565917969 -0.00336456298828126 0.0675735473632813 -0.0771636962890625
-0.0457038879394531 0.00970840454101564 0.0966720581054688 -0.0497512817382813
-0.0431060791015625 0.00403976440429688 0.141082763671875 -0.01873779296875
-0.0506515502929687 0.00365447998046874 0.193771362304688 0.030517578125
-0.0637969970703125 -0.00341033935546874 0.18829345703125 0.113662719726563
-0.0727081298828125 -0.0452041625976562 0.152145385742188 0.150421142578125
-0.0657196044921875 -0.0866317749023438 0.0712127685546875 0.148391723632813
0.00668334960937499 -0.125335693359375 0.0114059448242188 0.100418090820312
0.0319671630859375 -0.129150390625 0.0568351745605469 -0.021240234375
0.045867919921875 -0.111137390136719 0.24639892578125 -0.0463104248046875
-0.00665664672851562 -0.0414924621582031 -0.0207977294921875 -0.24053955078125
-0.00470733642578125 -0.0722274780273438 0.072662353515625 -0.224258422851563
-0.0230941772460938 -0.080230712890625 0.08477783203125 -0.171707153320313
-0.0523872375488281 -0.04046630859375 0.08221435546875 -0.155899047851563
-0.048583984375 0.0128822326660156 0.0632400512695312 -0.118606567382813
-0.00945281982421875 0.038726806640625 0.0757293701171875 -0.088958740234375
0.0198822021484375 0.0229167938232422 0.100204467773438 -0.0623855590820313
0.0173931121826172 0.0124082565307617 0.140457153320313 -0.02587890625
0.0141258239746094 0.0110006332397461 0.19390869140625 0.0324554443359375
-0.00384807586669922 0.0145931243896484 0.1890869140625 0.119552612304688
-0.0266704559326172 -0.00827026367187501 0.146484375 0.157073974609375
-0.0302467346191406 -0.0410346984863281 0.0682525634765625 0.150924682617188
0.0140495300292969 -0.0640754699707031 0.00543212890625001 0.0984649658203125
0.0175323486328125 -0.0528602600097656 0.0577392578125 -0.0295181274414063
0.010986328125 -0.036102294921875 0.2554931640625 -0.064727783203125
0.0819168090820313 -0.0580673217773438 -0.197280883789063 0.079345703125
0.00448226928710938 -0.04315185546875 -0.0379104614257813 -0.00157928466796875
0.000883102416992185 -0.0266323089599609 0.004608154296875 -0.124343872070313
-0.00676536560058594 -0.0331878662109375 -0.0692596435546875 -0.17938232421875
-0.0267887115478516 -0.0332546234130859 -0.133804321289063 -0.153472900390625
-0.0621452331542969 -0.0222015380859375 -0.194854736328125 -0.0873260498046875
-0.0854721069335938 0.00707244873046876 -0.185470581054688 -0.00592041015625002
-0.0822906494140625 0.00273132324218751 -0.117576599121094 0.0417938232421875
-0.0888824462890625 -0.0157546997070313 -0.0651321411132812 0.0855255126953125
-0.0660057067871094 -0.0479812622070313 -0.053863525390625 0.122703552246094
-0.019287109375 -0.0631217956542969 -0.0329437255859375 0.151031494140625
0.0232009887695313 -0.0461540222167969 -0.044647216796875 0.158645629882813
0.0437698364257813 0.00162506103515625 -0.0662841796875 0.187088012695312
0.0357513427734375 0.00234222412109375 -0.0248870849609375 0.218719482421875
0.0628128051757813 -0.0162162780761719 0.055999755859375 0.230087280273438
0.113044738769531 -0.130935668945313 -0.1627197265625 0.0438385009765625
0.0301971435546875 -0.116355895996094 -0.00674438476562499 -0.0420455932617188
0.0129318237304688 -0.0985641479492188 0.0265655517578125 -0.153610229492188
-0.0212249755859375 -0.0926513671875 -0.0507659912109375 -0.200973510742188
-0.056304931640625 -0.074859619140625 -0.109237670898437 -0.164703369140625
-0.105926513671875 -0.0461196899414063 -0.161102294921875 -0.0958404541015625
-0.131240844726563 0.00103759765624997 -0.146392822265625 -0.0172576904296875
-0.126251220703125 0.00160980224609377 -0.0755691528320313 0.0334930419921875
-0.1392822265625 -0.010345458984375 -0.0184783935546875 0.0824356079101563
-0.121658325195313 -0.051788330078125 -0.0108871459960938 0.131629943847656
-0.070281982421875 -0.0923919677734375 0.00512695312499998 0.163040161132813
-0.0177230834960938 -0.095245361328125 -0.0155029296875 0.166061401367188
0.0403327941894531 -0.0647125244140625 -0.0303955078125 0.18182373046875
0.0467529296875 -0.0695037841796875 0.0179290771484375 0.1959228515625
0.0765457153320313 -0.08807373046875 0.0996856689453125 0.20843505859375
0.131423950195313 -0.1834716796875 -0.116905212402344 -0.00990295410156251
0.0542755126953125 -0.17156982421875 0.0369033813476563 -0.0927505493164063
0.0272064208984375 -0.162261962890625 0.058990478515625 -0.1842041015625
-0.0305633544921875 -0.147232055664063 -0.021881103515625 -0.220962524414062
-0.0777969360351562 -0.110328674316406 -0.077484130859375 -0.170501708984375
-0.135215759277344 -0.0656814575195313 -0.116630554199219 -0.0985488891601563
-0.157028198242188 -0.00534057617187497 -0.0941162109375 -0.0272216796875
-0.1507568359375 0.00148010253906247 -0.023336410522461 0.0202140808105469
-0.166778564453125 -0.00181579589843751 0.0380897521972656 0.0684318542480469
-0.158340454101563 -0.0406646728515625 0.0457382202148437 0.131233215332031
-0.115608215332031 -0.0980224609375 0.0552978515625 0.166412353515625
-0.0659561157226563 -0.119842529296875 0.01953125 0.170303344726563
0.0168533325195312 -0.120086669921875 -0.000305175781250002 0.174591064453125
0.0394134521484375 -0.133865356445313 0.0463409423828125 0.158554077148438
0.075897216796875 -0.148178100585937 0.142105102539063 0.164703369140625
0.129379272460938 -0.205902099609375 -0.067352294921875 -0.0712814331054688
0.06689453125 -0.200393676757813 0.081146240234375 -0.143417358398438
0.0369110107421875 -0.202957153320313 0.0902252197265625 -0.208221435546875
-0.03875732421875 -0.182266235351563 0.010223388671875 -0.229339599609375
-0.0915145874023438 -0.128814697265625 -0.039703369140625 -0.166854858398438
-0.146835327148438 -0.073516845703125 -0.064208984375 -0.0957412719726563
-0.1595458984375 -0.00938415527343747 -0.03497314453125 -0.0363311767578125
-0.15264892578125 0.000503540039062492 0.0318088531494141 0.00420761108398438
-0.168853759765625 0.00421142578125002 0.0954513549804688 0.0478973388671875
-0.168380737304687 -0.024566650390625 0.103416442871094 0.12042236328125
-0.141571044921875 -0.0880279541015625 0.1036376953125 0.158248901367188
-0.105445861816406 -0.125717163085938 0.0527191162109375 0.16693115234375
-0.011962890625 -0.1572265625 0.0215606689453125 0.159927368164063
0.0241546630859375 -0.179122924804688 0.0605926513671875 0.110511779785156
0.0678863525390625 -0.185501098632813 0.178619384765625 0.102706909179687
0.10577392578125 -0.197540283203125 -0.0289764404296875 -0.130287170410156
0.0611724853515625 -0.19842529296875 0.109024047851563 -0.186538696289062
0.03228759765625 -0.210479736328125 0.109222412109375 -0.218292236328125
-0.045989990234375 -0.184677124023438 0.0395355224609375 -0.223175048828125
-0.0961151123046875 -0.121986389160156 -0.00218200683593749 -0.154037475585938
-0.136978149414063 -0.0630722045898438 -0.0114059448242188 -0.0896148681640625
-0.137771606445313 -0.00725555419921878 0.0220413208007812 -0.0430526733398438
-0.129745483398438 0.00115966796875 0.082366943359375 -0.0121307373046875
-0.144515991210938 0.00758361816406253 0.145233154296875 0.026947021484375
-0.150314331054688 -0.0111846923828125 0.153945922851563 0.103683471679688
-0.140823364257813 -0.0714111328125 0.142669677734375 0.143508911132812
-0.119583129882812 -0.116783142089844 0.0779876708984375 0.1563720703125
-0.0273895263671875 -0.169754028320313 0.0305709838867187 0.1390380859375
0.01416015625 -0.193344116210938 0.0606040954589844 0.0564041137695312
0.0582122802734375 -0.1907958984375 0.20770263671875 0.0359344482421875
0.0673065185546875 -0.161346435546875 -0.0103759765625 -0.179031372070312
0.039794921875 -0.168716430664063 0.112411499023437 -0.215164184570313
0.0152740478515625 -0.184524536132813 0.1094970703125 -0.21441650390625
-0.051788330078125 -0.15301513671875 0.058837890625 -0.205078125
-0.0878753662109375 -0.087615966796875 0.0276107788085938 -0.138763427734375
-0.105712890625 -0.0349578857421875 0.0316238403320312 -0.0851593017578125
-0.0933990478515625 8.39233398437549E-05 0.0662803649902344 -0.0512046813964844
-0.08721923828125 0.00183868408203127 0.119926452636719 -0.025421142578125
-0.0985031127929688 0.0056610107421875 0.180755615234375 0.011566162109375
-0.108322143554688 -0.00463104248046873 0.18798828125 0.092498779296875
-0.111663818359375 -0.0548095703125 0.165618896484375 0.132659912109375
-0.102218627929688 -0.099822998046875 0.088958740234375 0.145263671875
-0.021942138671875 -0.155059814453125 0.0296173095703125 0.115554809570312
0.013580322265625 -0.172286987304688 0.058258056640625 0.00721740722656249
0.045867919921875 -0.161636352539063 0.230377197265625 -0.0251617431640625
0.0224456787109375 -0.104476928710938 -0.015533447265625 -0.21337890625
0.0100936889648438 -0.121223449707031 0.0919342041015625 -0.229034423828125
-0.0109481811523438 -0.134071350097656 0.0933837890625 -0.200042724609375
-0.056365966796875 -0.0949020385742188 0.0674591064453125 -0.183456420898438
-0.0692672729492188 -0.0338172912597656 0.0446319580078125 -0.12896728515625
-0.0550460815429688 0.00275421142578126 0.0568771362304688 -0.0880889892578125
-0.0330886840820313 0.00927925109863282 0.0900421142578125 -0.0606842041015625
-0.0309906005859375 0.00378227233886718 0.1385498046875 -0.0349655151367187
-0.0383567810058594 0.00331115722656249 0.197677612304688 0.005340576171875
-0.0506591796875 0.00174713134765626 0.204803466796875 0.0899200439453125
-0.0652694702148437 -0.0322265625 0.172683715820313 0.130950927734375
-0.0664253234863281 -0.070220947265625 0.0914535522460938 0.138839721679688
-0.00560760498046874 -0.11456298828125 0.0251617431640625 0.100227355957031
0.015380859375 -0.1182861328125 0.0573310852050781 -0.025115966796875
0.0273666381835938 -0.102737426757813 0.246917724609375 -0.070159912109375
-0.0182209014892578 -0.0321903228759766 -0.0419158935546875 -0.228424072265625
-0.0189361572265625 -0.0607185363769531 0.0543670654296875 -0.226974487304688
-0.0369377136230469 -0.0672340393066406 0.0698394775390625 -0.182754516601562
-0.0537033081054688 -0.0238189697265625 0.065704345703125 -0.16925048828125
-0.0379600524902344 0.0260124206542969 0.046478271484375 -0.128257751464844
0.00632095336914063 0.039215087890625 0.0598220825195313 -0.098541259765625
0.0334434509277344 0.0150146484375 0.087890625 -0.0701904296875
0.0289154052734375 0.00581169128417969 0.134117126464844 -0.03875732421875
0.0267829895019531 0.00344276428222656 0.194381713867188 0.0106964111328125
0.0103626251220703 0.0123586654663086 0.20196533203125 0.0980072021484375
-0.0160207748413086 -0.000765800476074219 0.16436767578125 0.138778686523438
-0.0275917053222656 -0.0289306640625 0.086151123046875 0.142608642578125
0.00732803344726562 -0.0544052124023438 0.0179519653320313 0.100486755371094
0.00702285766601563 -0.0420112609863281 0.0556411743164063 -0.0295562744140625
-0.000755310058593748 -0.0260295867919922 0.251190185546875 -0.0862884521484375
0.0807342529296875 -0.075164794921875 -0.1859130859375 0.087005615234375
0.000869750976562498 -0.0517120361328125 -0.0395622253417969 -0.00583267211914063
-0.00543403625488281 -0.0337448120117188 -0.01025390625 -0.124259948730469
-0.0182838439941406 -0.0360794067382813 -0.084808349609375 -0.167160034179688
-0.0374107360839844 -0.0298690795898438 -0.140518188476562 -0.134742736816406
-0.0721435546875 -0.0105133056640625 -0.190765380859375 -0.0675811767578125
-0.0880126953125 0.0225143432617188 -0.174957275390625 0.00805664062500003
-0.0852737426757812 0.0173492431640625 -0.104248046875 0.0457382202148437
-0.0968399047851563 0.000938415527343766 -0.0482559204101562 0.0824737548828125
-0.0792388916015625 -0.0387420654296875 -0.0323944091796875 0.121238708496094
-0.0330238342285156 -0.0640373229980469 -0.011077880859375 0.149398803710938
0.0134544372558594 -0.0560798645019531 -0.024993896484375 0.15997314453125
0.0476226806640625 -0.0139541625976563 -0.0477142333984375 0.188583374023438
0.0449104309082031 -0.0108718872070312 -0.00906372070312498 0.21063232421875
0.0699577331542969 -0.0294952392578125 0.0725250244140625 0.20733642578125
0.103134155273437 -0.142623901367187 -0.153106689453125 0.04705810546875
0.0179977416992188 -0.11993408203125 -0.0126304626464844 -0.0495529174804688
-0.000587463378906243 -0.100868225097656 0.00939941406250001 -0.155914306640625
-0.0350418090820313 -0.089874267578125 -0.067230224609375 -0.191482543945313
-0.0667762756347656 -0.0655136108398437 -0.116683959960937 -0.15093994140625
-0.113006591796875 -0.0294876098632813 -0.158233642578125 -0.0830535888671875
-0.129776000976563 0.0190505981445313 -0.1365966796875 -0.010040283203125
-0.124885559082031 0.018280029296875 -0.0640411376953125 0.0309906005859375
-0.142303466796875 0.00886535644531251 -0.00173950195312501 0.0719833374023437
-0.129486083984375 -0.0386199951171875 0.0123825073242187 0.1234130859375
-0.0823974609375 -0.0876541137695313 0.029510498046875 0.156097412109375
-0.0277786254882812 -0.0985565185546875 0.00579833984374999 0.162673950195313
0.039794921875 -0.075469970703125 -0.0112762451171875 0.179428100585938
0.0492172241210938 -0.0782928466796875 0.0329132080078125 0.1827392578125
0.0769500732421875 -0.0955734252929687 0.117034912109375 0.180557250976563
0.114181518554688 -0.189682006835938 -0.111129760742187 -0.00875854492187499
0.036834716796875 -0.170806884765625 0.0269012451171875 -0.103935241699219
0.00895690917968751 -0.16009521484375 0.0380706787109375 -0.190689086914063
-0.0459442138671875 -0.138641357421875 -0.0397796630859375 -0.215347290039062
-0.0863723754882812 -0.09649658203125 -0.0858001708984375 -0.161605834960938
-0.138572692871094 -0.047515869140625 -0.115966796875 -0.0924072265625
-0.152511596679688 0.0125579833984375 -0.0874099731445313 -0.02642822265625
-0.145187377929688 0.0175323486328125 -0.0142126083374024 0.0116138458251953
-0.164520263671875 0.01611328125 0.0522804260253906 0.0517234802246094
-0.158615112304688 -0.0256805419921875 0.0691604614257813 0.11602783203125
-0.122604370117188 -0.0873031616210937 0.0800018310546875 0.151718139648438
-0.0740737915039063 -0.115394592285156 0.042694091796875 0.162277221679688
0.0123672485351563 -0.123291015625 0.0200042724609375 0.167724609375
0.035980224609375 -0.135086059570313 0.059356689453125 0.143585205078125
0.06982421875 -0.14892578125 0.157745361328125 0.134140014648437
0.108535766601563 -0.204727172851563 -0.0668563842773438 -0.0712661743164063
0.0474090576171875 -0.193603515625 0.067718505859375 -0.155441284179687
0.015960693359375 -0.195968627929688 0.067413330078125 -0.216690063476562
-0.0524444580078125 -0.168655395507813 -0.00878906249999999 -0.227767944335937
-0.0971527099609375 -0.112640380859375 -0.0499420166015625 -0.162994384765625
-0.146392822265625 -0.0559539794921875 -0.0655441284179688 -0.0951995849609375
-0.151626586914063 0.005401611328125 -0.0317192077636719 -0.0400581359863281
-0.143234252929688 0.014373779296875 0.0370101928710938 -0.00946426391601562
-0.160430908203125 0.0192108154296875 0.104591369628906 0.0260238647460938
-0.162124633789063 -0.0100860595703125 0.123970031738281 0.0986404418945313
-0.142059326171875 -0.074127197265625 0.126426696777344 0.1385498046875
-0.109146118164063 -0.113151550292969 0.0761871337890625 0.154251098632813
-0.0189361572265625 -0.150985717773438 0.040985107421875 0.151641845703125
0.0140838623046875 -0.171798706054687 0.0711746215820313 0.0955276489257812
0.055816650390625 -0.179489135742188 0.189804077148438 0.0732421875
0.0848541259765625 -0.191146850585938 -0.0329513549804687 -0.128288269042969
0.042083740234375 -0.186660766601563 0.0921478271484375 -0.197357177734375
0.0126190185546875 -0.1988525390625 0.0862884521484375 -0.227767944335938
-0.0561981201171875 -0.168655395507812 0.0189056396484375 -0.225601196289063
-0.0967254638671875 -0.105339050292969 -0.014068603515625 -0.155014038085938
-0.131599426269531 -0.04852294921875 -0.0161972045898438 -0.0940628051757813
-0.127120971679688 0.00183868408203122 0.0209999084472656 -0.0515899658203125
-0.118438720703125 0.00902557373046875 0.08221435546875 -0.0277328491210937
-0.132743835449219 0.0169830322265625 0.148910522460938 0.0011444091796875
-0.139114379882813 0.000335693359374984 0.169219970703125 0.077667236328125
-0.13458251953125 -0.05596923828125 0.161758422851563 0.119125366210938
-0.118820190429687 -0.0997085571289063 0.0989227294921875 0.141143798828125
-0.0361328125 -0.1566162109375 0.0486602783203125 0.129554748535156
1.52587890624856E-05 -0.17987060546875 0.068328857421875 0.0438194274902344
0.042205810546875 -0.1795654296875 0.212554931640625 0.00836181640624999
0.048583984375 -0.149703979492188 -0.0186309814453125 -0.173095703125
0.023529052734375 -0.153457641601563 0.09521484375 -0.22247314453125
-4.57763671874882E-05 -0.169479370117188 0.0885162353515625 -0.222946166992188
-0.0570907592773437 -0.135787963867188 0.0401611328125 -0.20977783203125
-0.0833282470703125 -0.0730056762695312 0.0145416259765625 -0.141983032226563
-0.0954360961914063 -0.0269088745117187 0.0228424072265625 -0.092193603515625
-0.081268310546875 0.00191497802734375 0.0609169006347656 -0.0606689453125
-0.0750961303710938 0.00421142578124999 0.115158081054688 -0.0414352416992188
-0.0855484008789063 0.00738525390625002 0.179214477539063 -0.01373291015625
-0.0943450927734375 0.00133514404296876 0.1978759765625 0.064239501953125
-0.101539611816406 -0.0408477783203125 0.180267333984375 0.107574462890625
-0.0987548828125 -0.0811996459960938 0.106986999511719 0.128852844238281
-0.030548095703125 -0.13848876953125 0.0447998046875 0.107589721679687
-0.000579833984375011 -0.15521240234375 0.0615997314453125 -0.00087738037109376
0.0289306640625 -0.147323608398437 0.229537963867188 -0.0498809814453125
0.00786590576171876 -0.0908355712890625 -0.0276947021484375 -0.200119018554688
-0.00312042236328125 -0.103538513183594 0.0746612548828125 -0.23004150390625
-0.0228958129882813 -0.116058349609375 0.07586669921875 -0.20654296875
-0.0564422607421875 -0.0781936645507813 0.0490264892578125 -0.189453125
-0.058349609375 -0.0215263366699219 0.0290908813476563 -0.132652282714844
-0.0416946411132813 0.00475692749023437 0.0445480346679688 -0.0941543579101562
-0.0210628509521484 0.00302505493164063 0.0800018310546875 -0.06768798828125
-0.0199756622314453 -0.00113487243652343 0.129722595214844 -0.0493011474609375
-0.0263309478759766 -0.0016632080078125 0.191497802734375 -0.01788330078125
-0.0363121032714844 0.00113296508789062 0.210418701171875 0.0632171630859375
-0.0528717041015625 -0.0229148864746094 0.182968139648438 0.106613159179688
-0.0608367919921875 -0.0546112060546875 0.106437683105469 0.123405456542969
-0.0128021240234375 -0.098388671875 0.0383529663085938 0.0946884155273438
0.0029296875 -0.1005859375 0.0566596984863281 -0.0277595520019531
0.0133285522460937 -0.0879669189453125 0.239486694335938 -0.090240478515625
-0.0275516510009766 -0.0195140838623047 -0.054840087890625 -0.209197998046875
-0.0281143188476562 -0.0443458557128906 0.0384979248046875 -0.222259521484375
-0.0438079833984375 -0.0491256713867188 0.0543365478515625 -0.186538696289063
-0.0482025146484375 -0.00882720947265625 0.046844482421875 -0.17437744140625
-0.0231781005859375 0.0333232879638672 0.0283126831054687 -0.130470275878906
0.0216789245605469 0.0337162017822266 0.0425033569335937 -0.100303649902344
0.0432968139648438 0.00251007080078125 0.07470703125 -0.0726318359375
0.0379638671875 -0.00498580932617188 0.123359680175781 -0.0483551025390625
0.0357551574707031 -0.00817489624023438 0.186279296875 -0.0084686279296875
0.0233840942382813 0.00479888916015625 0.205123901367188 0.0738067626953125
-0.00254178047180176 0.0022282600402832 0.173904418945313 0.116165161132812
-0.0193805694580078 -0.0188083648681641 0.099517822265625 0.128585815429688
0.0050048828125 -0.0423469543457031 0.02978515625 0.097869873046875
0.00129127502441406 -0.0265026092529297 0.0531768798828125 -0.0279121398925781
-0.00850772857666016 -0.0116052627563477 0.23944091796875 -0.1024169921875
0.0765762329101563 -0.0897750854492188 -0.17669677734375 0.08782958984375
-0.0055999755859375 -0.0599517822265625 -0.0436363220214844 -0.00980377197265625
-0.0142097473144531 -0.0395355224609375 -0.0215377807617187 -0.120315551757813
-0.0293426513671875 -0.0367202758789063 -0.092132568359375 -0.153640747070313
-0.0473060607910156 -0.0240211486816406 -0.139236450195312 -0.120437622070313
-0.078399658203125 0.00262451171874999 -0.18231201171875 -0.055694580078125
-0.0886611938476563 0.0365142822265625 -0.162841796875 0.0145721435546875
-0.085601806640625 0.0303421020507812 -0.0934829711914063 0.0433197021484375
-0.100563049316406 0.0169525146484375 -0.0363311767578125 0.07464599609375
-0.0892257690429688 -0.02752685546875 -0.016021728515625 0.113571166992187
-0.04608154296875 -0.06329345703125 0.00572204589843749 0.142196655273438
0.00235748291015625 -0.0630760192871094 -0.01055908203125 0.155258178710938
0.0470466613769531 -0.03009033203125 -0.0344696044921875 0.184646606445313
0.0496444702148438 -0.0255508422851563 -0.00173950195312501 0.200027465820313
0.0741348266601562 -0.0429840087890625 0.0770721435546875 0.18560791015625
0.0944976806640625 -0.150146484375 -0.14544677734375 0.0435791015625
0.00890350341796875 -0.121513366699219 -0.0192031860351563 -0.0562095642089844
-0.012115478515625 -0.100654602050781 -0.00492858886718749 -0.15380859375
-0.0460891723632812 -0.08465576171875 -0.0764923095703125 -0.180496215820313
-0.0736541748046875 -0.0554275512695313 -0.117225646972656 -0.1396484375
-0.115692138671875 -0.0146331787109375 -0.151748657226563 -0.075164794921875
-0.126083374023438 0.0336532592773437 -0.126731872558594 -0.00853729248046876
-0.121292114257812 0.0316238403320313 -0.055206298828125 0.0237236022949219
-0.140670776367188 0.0244598388671875 0.00841903686523437 0.0580902099609375
-0.134529113769531 -0.0261917114257813 0.0294570922851563 0.109756469726562
-0.0916976928710938 -0.0824737548828125 0.047332763671875 0.142669677734375
-0.0369873046875 -0.100120544433594 0.021392822265625 0.1541748046875
0.0387802124023438 -0.0855636596679687 0.00175476074218751 0.172286987304688
0.0510177612304687 -0.0876007080078125 0.0388641357421875 0.16864013671875
0.0784454345703125 -0.102394104003906 0.121505737304687 0.154754638671875
0.102340698242188 -0.189834594726562 -0.10595703125 -0.0137786865234375
0.024932861328125 -0.16522216796875 0.0170516967773437 -0.110862731933594
-0.00364685058593751 -0.154205322265625 0.0220794677734375 -0.190414428710938
-0.0549468994140625 -0.128303527832031 -0.0509033203125 -0.207794189453125
-0.0905914306640625 -0.0839309692382813 -0.0886688232421875 -0.154678344726563
-0.137809753417969 -0.032684326171875 -0.112068176269531 -0.0896987915039063
-0.145217895507813 0.02398681640625 -0.080963134765625 -0.0300445556640625
-0.137718200683594 0.0284805297851563 -0.00908279418945313 0.000145912170410158
-0.157623291015625 0.029052734375 0.0582046508789062 0.0323448181152344
-0.15753173828125 -0.01416015625 0.0834884643554687 0.0962905883789063
-0.125892639160156 -0.0801467895507813 0.0963211059570312 0.133598327636719
-0.07916259765625 -0.111991882324219 0.0582275390625 0.149810791015625
0.0109024047851563 -0.126441955566406 0.0330657958984375 0.157958984375
0.0350112915039062 -0.136138916015625 0.0648040771484375 0.127433776855469
0.0676116943359375 -0.147842407226563 0.161666870117188 0.106735229492187
0.0955657958984375 -0.198440551757813 -0.065032958984375 -0.0743942260742188
0.035919189453125 -0.182998657226563 0.0538482666015625 -0.162811279296875
0.00360107421874999 -0.185089111328125 0.04998779296875 -0.21783447265625
-0.05926513671875 -0.1558837890625 -0.021392822265625 -0.223770141601563
-0.096710205078125 -0.0993881225585938 -0.0549468994140625 -0.159515380859375
-0.140716552734375 -0.0435638427734375 -0.0652236938476563 -0.0975799560546875
-0.142608642578125 0.01348876953125 -0.030059814453125 -0.047821044921875
-0.133110046386719 0.0215606689453125 0.0381622314453125 -0.0226974487304688
-0.150863647460938 0.0270843505859375 0.10650634765625 0.004913330078125
-0.154159545898438 -0.00213623046875003 0.134834289550781 0.075042724609375
-0.138282775878906 -0.0648345947265625 0.139839172363281 0.115715026855469
-0.107612609863281 -0.104843139648438 0.0906448364257813 0.138633728027344
-0.0200653076171875 -0.146209716796875 0.0539474487304688 0.139183044433594
0.0111541748046875 -0.164566040039063 0.0754318237304688 0.0802230834960937
0.050811767578125 -0.17071533203125 0.191650390625 0.0459442138671875
0.0724945068359375 -0.17816162109375 -0.0338134765625 -0.128433227539063
0.0322418212890625 -0.170211791992188 0.0787506103515625 -0.202896118164063
0.0036773681640625 -0.184036254882812 0.06903076171875 -0.230972290039063
-0.0582733154296875 -0.153839111328125 0.00549316406249999 -0.224395751953125
-0.0919876098632813 -0.0934600830078125 -0.02191162109375 -0.1536865234375
-0.122917175292969 -0.0400848388671875 -0.0199966430664063 -0.0984344482421875
-0.116233825683594 0.00426483154296873 0.018341064453125 -0.0599212646484375
-0.107078552246094 0.011199951171875 0.0788497924804688 -0.041961669921875
-0.121284484863281 0.019012451171875 0.145767211914063 -0.0200653076171875
-0.126792907714844 0.00343322753906249 0.175552368164063 0.052490234375
-0.124519348144531 -0.0472488403320312 0.170501708984375 0.0951385498046875
-0.112190246582031 -0.0875167846679688 0.111114501953125 0.123153686523438
-0.03692626953125 -0.144134521484375 0.0599899291992187 0.117279052734375
-0.004547119140625 -0.1650390625 0.070953369140625 0.0320587158203125
0.0344696044921875 -0.164794921875 0.211715698242188 -0.0147705078125
0.037811279296875 -0.133476257324219 -0.0203704833984375 -0.1676025390625
0.0165328979492187 -0.134918212890625 0.082977294921875 -0.223419189453125
-0.00659179687499999 -0.151809692382813 0.0731964111328125 -0.22576904296875
-0.0545883178710937 -0.121559143066406 0.0261688232421875 -0.210159301757812
-0.0733413696289062 -0.063629150390625 0.00439453125000001 -0.142501831054688
-0.0838851928710937 -0.0241470336914063 0.0153961181640625 -0.0961685180664063
-0.0710296630859375 -0.00211334228515625 0.0548782348632812 -0.0668373107910156
-0.0646743774414063 0.000419616699218755 0.108123779296875 -0.0541229248046875
-0.0740585327148438 0.00396728515625001 0.171371459960938 -0.0336151123046875
-0.0799789428710938 0.000602722167968761 0.19952392578125 0.0395965576171875
-0.0879974365234375 -0.034423828125 0.18487548828125 0.083831787109375
-0.0888519287109375 -0.068572998046875 0.11676025390625 0.111618041992188
-0.0309219360351563 -0.122230529785156 0.0550765991210937 0.0972976684570313
-0.00634765624999998 -0.1357421875 0.0628623962402344 -0.00733184814453126
0.021270751953125 -0.129180908203125 0.224533081054688 -0.0678558349609375
-0.000320434570312493 -0.073638916015625 -0.0298004150390625 -0.188873291015625
-0.00787353515625 -0.0839462280273438 0.0645751953125 -0.226806640625
-0.0258102416992187 -0.0972900390625 0.0619354248046875 -0.207443237304688
-0.0501480102539063 -0.0642929077148438 0.0348052978515625 -0.19085693359375
-0.0445289611816406 -0.0154533386230469 0.01715087890625 -0.131965637207031
-0.0288333892822266 0.000837326049804691 0.0330352783203125 -0.0951690673828125
-0.0123615264892578 -0.00634002685546875 0.0714035034179688 -0.0708236694335938
-0.0113630294799805 -0.00958061218261719 0.119056701660156 -0.057403564453125
-0.0167379379272461 -0.0110483169555664 0.181686401367187 -0.033966064453125
-0.0234146118164063 -0.00524139404296875 0.20819091796875 0.040496826171875
-0.0383529663085938 -0.0197563171386719 0.185150146484375 0.0839996337890625
-0.0494270324707031 -0.0438003540039062 0.114097595214844 0.107749938964844
-0.0116119384765625 -0.0822982788085938 0.0471267700195312 0.08740234375
-0.000946044921875005 -0.0809783935546875 0.0572967529296875 -0.0294914245605469
0.00644302368164062 -0.0694694519042969 0.231109619140625 -0.101806640625
-0.0322437286376953 -0.00513458251953125 -0.0577850341796875 -0.19085693359375
-0.0311126708984375 -0.0266971588134766 0.030426025390625 -0.213546752929688
-0.0442543029785156 -0.0304603576660156 0.042938232421875 -0.186065673828125
-0.0391654968261719 0.00359725952148438 0.0326385498046875 -0.174728393554688
-0.00811386108398438 0.0359115600585937 0.0132598876953125 -0.127029418945313
0.0342655181884766 0.0247898101806641 0.0288467407226562 -0.0970611572265625
0.0492324829101562 -0.0111656188964844 0.0637092590332031 -0.0700721740722656
0.0432357788085938 -0.0177268981933594 0.11187744140625 -0.050994873046875
0.0420150756835938 -0.0215339660644531 0.17498779296875 -0.020233154296875
0.0332145690917969 -0.00557136535644531 0.201309204101563 0.0540771484375
0.0112800598144531 0.000956535339355469 0.173873901367188 0.0965118408203125
-0.00809478759765625 -0.0121316909790039 0.105628967285156 0.11578369140625
0.00698471069335938 -0.0297298431396484 0.0378799438476562 0.0932388305664063
0.000641822814941406 -0.00983715057373047 0.0534133911132813 -0.0258064270019531
-0.0118093490600586 0.0044097900390625 0.228530883789063 -0.10858154296875
0.0729217529296875 -0.104835510253906 -0.174652099609375 0.083831787109375
-0.0123558044433594 -0.0684738159179688 -0.049835205078125 -0.0134124755859375
-0.0239715576171875 -0.0449104309082031 -0.0295867919921875 -0.117042541503906
-0.0409927368164062 -0.0355491638183594 -0.0960540771484375 -0.14483642578125
-0.0557975769042969 -0.0176544189453125 -0.137535095214844 -0.11199951171875
-0.0837554931640625 0.015838623046875 -0.175704956054688 -0.050018310546875
-0.0880126953125 0.0501937866210937 -0.154403686523438 0.0154266357421875
-0.085601806640625 0.04290771484375 -0.086578369140625 0.0383224487304688
-0.103164672851563 0.0318374633789063 -0.0295524597167969 0.0653572082519531
-0.0979537963867188 -0.0166473388671875 -0.00448608398437501 0.104660034179688
-0.0590476989746094 -0.06072998046875 0.0182571411132813 0.13433837890625
-0.009552001953125 -0.0686454772949219 -0.000320434570312486 0.151519775390625
0.0444602966308594 -0.0450553894042969 -0.026611328125 0.182342529296875
0.0523452758789063 -0.0417747497558594 -0.000198364257812476 0.19403076171875
0.07818603515625 -0.0577011108398438 0.075836181640625 0.170181274414062
0.089019775390625 -0.158660888671875 -0.143814086914063 0.0371246337890625
0.000366210937500001 -0.124725341796875 -0.02642822265625 -0.0625381469726563
-0.0224380493164062 -0.101470947265625 -0.0146484375 -0.152679443359375
-0.0558319091796875 -0.0803146362304687 -0.0817718505859375 -0.174118041992188
-0.0795135498046875 -0.0466766357421875 -0.116241455078125 -0.134475708007813
-0.117485046386719 -0.000778198242187526 -0.146499633789063 -0.0736846923828125
-0.122543334960937 0.04559326171875 -0.120941162109375 -0.0118484497070312
-0.118118286132813 0.0420074462890625 -0.0502700805664063 0.0141143798828125
-0.139724731445313 0.03790283203125 0.0130348205566406 0.0433807373046875
-0.1392822265625 -0.01544189453125 0.0404281616210937 0.09552001953125
-0.101181030273437 -0.07904052734375 0.0604019165039062 0.129806518554688
-0.0454864501953125 -0.103515625 0.03240966796875 0.146682739257813
0.0368576049804688 -0.0976638793945312 0.011016845703125 0.16656494140625
0.0535812377929687 -0.0994033813476563 0.0406951904296875 0.158248901367188
0.081634521484375 -0.111579895019531 0.120628356933594 0.134902954101563
0.0963134765625 -0.1905517578125 -0.104804992675781 -0.0218734741210938
0.01824951171875 -0.16229248046875 0.00841522216796876 -0.119163513183594
-0.012176513671875 -0.149169921875 0.0110015869140625 -0.191207885742188
-0.0622177124023438 -0.121246337890625 -0.0582122802734375 -0.20416259765625
-0.0923385620117187 -0.0749130249023437 -0.0896759033203125 -0.152679443359375
-0.136207580566406 -0.0208587646484375 -0.109519958496094 -0.0928726196289062
-0.139144897460938 0.0331039428710938 -0.07781982421875 -0.0372848510742188
-0.132637023925781 0.03570556640625 -0.00766277313232423 -0.0121355056762695
-0.153793334960938 0.0379791259765625 0.0608100891113281 0.0149116516113281
-0.157119750976563 -0.0067901611328125 0.0925064086914062 0.0782089233398438
-0.129608154296875 -0.0754241943359375 0.10748291015625 0.116767883300781
-0.0830001831054687 -0.112075805664063 0.0692062377929688 0.137870788574219
0.01007080078125 -0.132316589355469 0.0418701171875 0.149017333984375
0.037017822265625 -0.140777587890625 0.066558837890625 0.115127563476563
0.0710601806640625 -0.149566650390625 0.161148071289063 0.0846405029296875
0.090423583984375 -0.191986083984375 -0.064239501953125 -0.0814590454101563
0.031341552734375 -0.173858642578125 0.0446624755859375 -0.170791625976563
-0.00225830078124999 -0.176956176757812 0.038055419921875 -0.220352172851563
-0.0616607666015625 -0.146759033203125 -0.029571533203125 -0.22308349609375
-0.0941543579101563 -0.0916213989257813 -0.0584564208984375 -0.159912109375
-0.136856079101562 -0.03582763671875 -0.0666961669921875 -0.102912902832031
-0.134956359863281 0.0170669555664062 -0.0293807983398438 -0.0565872192382812
-0.125740051269531 0.023406982421875 0.0366973876953125 -0.0367202758789063
-0.144683837890625 0.0304718017578125 0.10516357421875 -0.0149688720703125
-0.149429321289062 0.00164794921874997 0.140731811523438 0.0534820556640625
-0.135360717773438 -0.0614166259765625 0.14862060546875 0.0959930419921875
-0.106307983398438 -0.101890563964844 0.100181579589844 0.123664855957031
-0.018890380859375 -0.145034790039063 0.0627212524414062 0.128318786621094
0.0132293701171875 -0.161087036132813 0.0767974853515625 0.0672683715820312
0.052764892578125 -0.165084838867188 0.191177368164063 0.02471923828125
0.0682525634765625 -0.165847778320313 -0.0325164794921875 -0.132965087890625
0.030548095703125 -0.156967163085938 0.0699615478515625 -0.208892822265625
0.00119018554687499 -0.172332763671875 0.057159423828125 -0.2332763671875
-0.0559234619140625 -0.144973754882813 -0.00292968749999998 -0.225982666015625
-0.0842666625976562 -0.0874099731445313 -0.0270233154296875 -0.155471801757813
-0.115394592285156 -0.0381317138671875 -0.0239486694335938 -0.104263305664062
-0.108978271484375 0.0023651123046875 0.0158462524414062 -0.0686416625976563
-0.0993728637695313 0.00889587402343748 0.074615478515625 -0.0547637939453125
-0.113418579101562 0.016632080078125 0.141311645507813 -0.038909912109375
-0.118362426757813 0.00230407714843751 0.178009033203125 0.030029296875
-0.116477966308594 -0.0461044311523438 0.175994873046875 0.074676513671875
-0.105010986328125 -0.0827484130859375 0.11907958984375 0.107795715332031
-0.033660888671875 -0.136383056640625 0.0682449340820313 0.106361389160156
-0.00292968749999999 -0.154251098632813 0.0732269287109375 0.0215072631835937
0.0352020263671875 -0.151947021484375 0.211288452148438 -0.0337677001953125
0.0348129272460937 -0.11749267578125 -0.0184173583984375 -0.16693115234375
0.0167083740234375 -0.118255615234375 0.0769195556640625 -0.227203369140625
-0.00527954101562501 -0.137580871582031 0.0635223388671875 -0.228134155273438
-0.047637939453125 -0.1116943359375 0.016387939453125 -0.212448120117188
-0.0622215270996094 -0.0597991943359375 -0.00279235839843752 -0.143661499023438
-0.0742721557617188 -0.0272598266601563 0.00946044921875 -0.100456237792969
-0.0637969970703125 -0.00927352905273436 0.0499496459960938 -0.0733489990234375
-0.0569114685058594 -0.00704956054687501 0.101119995117187 -0.063232421875
-0.0671463012695313 -0.00345993041992188 0.164031982421875 -0.0493316650390625
-0.0700187683105469 -0.00543594360351563 0.198959350585937 0.0195465087890625
-0.07562255859375 -0.0345840454101563 0.18743896484375 0.064208984375
-0.0773544311523438 -0.0624465942382813 0.123558044433594 0.097137451171875
-0.0261383056640625 -0.109687805175781 0.0626449584960938 0.0879364013671875
-0.00483703613281251 -0.119636535644531 0.0646400451660156 -0.01434326171875
0.0207672119140625 -0.11260986328125 0.223464965820312 -0.0821533203125
-0.00202178955078125 -0.0567054748535156 -0.0260772705078125 -0.1822509765625
-0.00621795654296875 -0.0666542053222656 0.060455322265625 -0.225936889648438
-0.0218276977539063 -0.0808029174804688 0.0550079345703125 -0.210708618164063
-0.0400772094726562 -0.0548973083496094 0.025543212890625 -0.193359375
-0.0311336517333984 -0.0145721435546875 0.00786590576171876 -0.131126403808594
-0.0178794860839844 -0.00638771057128906 0.02484130859375 -0.0960311889648438
-0.00693130493164062 -0.017852783203125 0.0646591186523438 -0.0734100341796875
-0.00570487976074219 -0.0214786529541016 0.111976623535156 -0.0626907348632812
-0.0107250213623047 -0.0229358673095703 0.173019409179688 -0.045074462890625
-0.013066291809082 -0.0153331756591797 0.204681396484375 0.022918701171875
-0.0244636535644531 -0.0226612091064453 0.18487548828125 0.0667724609375
-0.0363578796386719 -0.0391349792480469 0.118484497070312 0.0954437255859375
-0.00571823120117188 -0.0691299438476563 0.0538101196289063 0.0808181762695313
0.00154876708984375 -0.0633888244628906 0.0596466064453125 -0.0322074890136719
0.00682830810546875 -0.05145263671875 0.228866577148438 -0.110458374023438
-0.0340900421142578 0.0103054046630859 -0.0532989501953125 -0.178482055664063
-0.0302219390869141 -0.00997734069824219 0.0295562744140625 -0.208969116210938
-0.0394744873046875 -0.0139274597167969 0.0366058349609375 -0.187469482421875
-0.0274028778076172 0.0132198333740234 0.0215606689453125 -0.1756591796875
0.00644683837890625 0.0356101989746094 0.00301361083984376 -0.123764038085938
0.0445785522460938 0.0144233703613281 0.0184707641601563 -0.0924224853515625
0.05291748046875 -0.0251045227050781 0.0574150085449219 -0.0665245056152344
0.04705810546875 -0.0310478210449219 0.104507446289063 -0.0514450073242188
0.045440673828125 -0.0362586975097656 0.16680908203125 -0.0263519287109375
0.0411872863769531 -0.0177879333496094 0.197158813476563 0.04034423828125
0.0245399475097656 -0.00452041625976563 0.1719970703125 0.08209228515625
0.00427436828613281 -0.00902843475341797 0.109077453613281 0.105415344238281
0.0139503479003906 -0.0182113647460938 0.0439605712890625 0.0894851684570313
0.00541305541992188 0.0061497688293457 0.0562705993652344 -0.0233650207519531
-0.010711669921875 0.0204696655273438 0.22412109375 -0.112030029296875
0.068572998046875 -0.122947692871094 -0.179000854492187 0.0828857421875
-0.0222930908203125 -0.0777053833007813 -0.0580863952636719 -0.0169525146484375
-0.035736083984375 -0.0493583679199219 -0.0382919311523438 -0.115776062011719
-0.0552177429199219 -0.03338623046875 -0.101539611816406 -0.139991760253906
-0.0659446716308594 -0.00856018066406251 -0.137519836425781 -0.108001708984375
-0.0882797241210938 0.0319061279296875 -0.17340087890625 -0.0478668212890625
-0.0872268676757813 0.0658416748046875 -0.150131225585937 0.01531982421875
-0.0849685668945313 0.0569076538085938 -0.0848236083984375 0.0335693359375
-0.105270385742188 0.0491867065429687 -0.0261268615722656 0.0570602416992188
-0.107078552246094 -0.00312042236328126 0.00411987304687499 0.0963363647460938
-0.0739517211914062 -0.0566864013671875 0.0285873413085937 0.1285400390625
-0.0232772827148437 -0.074310302734375 0.00794982910156251 0.150375366210937
0.0389404296875 -0.0618209838867188 -0.0214385986328125 0.184280395507813
0.0527153015136719 -0.0602188110351563 -0.000411987304687482 0.193740844726563
0.08148193359375 -0.0769500732421875 0.0728759765625 0.161087036132812
0.08587646484375 -0.171554565429688 -0.148529052734375 0.029998779296875
-0.007720947265625 -0.130691528320313 -0.036376953125 -0.0693550109863281
-0.0336685180664063 -0.102813720703125 -0.0240325927734375 -0.154205322265625
-0.0671539306640625 -0.07562255859375 -0.0876312255859375 -0.172714233398438
-0.0861434936523438 -0.0382843017578125 -0.117301940917969 -0.134124755859375
-0.120216369628906 0.0133819580078125 -0.146560668945313 -0.0770263671875
-0.120109558105469 0.0587310791015625 -0.119110107421875 -0.0176925659179687
-0.116989135742187 0.0534820556640625 -0.0500221252441406 0.00394058227539063
-0.140853881835938 0.0521392822265625 0.0146503448486328 0.0294532775878906
-0.146774291992187 -0.0048065185546875 0.0484542846679687 0.0824127197265625
-0.113395690917969 -0.07562255859375 0.0708694458007813 0.118812561035156
-0.0576019287109375 -0.1080322265625 0.041717529296875 0.14080810546875
0.0330276489257813 -0.112747192382813 0.017974853515625 0.164398193359375
0.0553741455078125 -0.115028381347656 0.040802001953125 0.153900146484375
0.0862808227539062 -0.126083374023437 0.119232177734375 0.119705200195312
0.094635009765625 -0.196701049804688 -0.109230041503906 -0.0320816040039063
0.0117950439453125 -0.1636962890625 -0.00269317626953126 -0.129302978515625
-0.0205841064453125 -0.148880004882813 0.000350952148437501 -0.194473266601562
-0.069976806640625 -0.116134643554688 -0.0655975341796875 -0.206207275390625
-0.095977783203125 -0.0677719116210938 -0.093658447265625 -0.155654907226562
-0.137092590332031 -0.00942993164062501 -0.112411499023438 -0.0992584228515625
-0.136871337890625 0.0420074462890625 -0.078887939453125 -0.0462570190429687
-0.130714416503906 0.0425949096679687 -0.00943183898925782 -0.0250949859619141
-0.153106689453125 0.0470428466796875 0.0597496032714844 -0.00304412841796875
-0.161224365234375 0.000930786132812479 0.0996246337890625 0.0596466064453125
-0.136940002441406 -0.0733413696289063 0.118309020996094 0.100486755371094
-0.0901107788085937 -0.115127563476563 0.0802078247070312 0.127975463867188
0.0089874267578125 -0.142349243164063 0.0506591796875 0.1431884765625
0.0393218994140625 -0.151718139648438 0.0670928955078125 0.1065673828125
0.0762481689453125 -0.156829833984375 0.160888671875 0.0659027099609375
0.0905914306640625 -0.191299438476563 -0.0674362182617188 -0.0931015014648438
0.0296173095703125 -0.17041015625 0.03485107421875 -0.181533813476563
-0.0052490234375 -0.172897338867188 0.027435302734375 -0.2271728515625
-0.0644073486328125 -0.142822265625 -0.037750244140625 -0.22857666015625
-0.0935745239257813 -0.0870819091796875 -0.063232421875 -0.165008544921875
-0.134727478027344 -0.03082275390625 -0.070587158203125 -0.111228942871094
-0.132789611816406 0.0195693969726562 -0.0324897766113281 -0.0679283142089844
-0.123291015625 0.025177001953125 0.0330467224121094 -0.0513114929199219
-0.142547607421875 0.034149169921875 0.102378845214844 -0.0342636108398437
-0.14892578125 0.00404357910156248 0.146133422851563 0.0325775146484375
-0.13677978515625 -0.060546875 0.157089233398437 0.0774688720703125
-0.10699462890625 -0.103355407714844 0.110000610351563 0.110572814941406
-0.0173492431640625 -0.149444580078125 0.0711517333984375 0.119773864746094
0.016357421875 -0.163589477539063 0.0783157348632813 0.0564193725585938
0.057861328125 -0.16534423828125 0.19287109375 0.00444030761718749
0.0702972412109375 -0.158981323242188 -0.033233642578125 -0.143280029296875
0.033111572265625 -0.14947509765625 0.0628204345703125 -0.219650268554688
0.00305175781249999 -0.165802001953125 0.04864501953125 -0.241485595703125
-0.053192138671875 -0.1419677734375 -0.0121002197265625 -0.23272705078125
-0.0789566040039063 -0.0865325927734375 -0.0332794189453125 -0.161819458007812
-0.1114501953125 -0.039306640625 -0.0297393798828125 -0.112937927246094
-0.106613159179688 -0.00148773193359377 0.0113677978515625 -0.0800247192382812
-0.0964736938476562 0.00439453125 0.0694770812988281 -0.0682334899902344
-0.110816955566406 0.0131378173828125 0.136711120605469 -0.057403564453125
-0.114707946777344 -0.00110626220703123 0.180038452148437 0.008056640625
-0.111869812011719 -0.0479583740234375 0.1822509765625 0.0552825927734375
-0.099700927734375 -0.0833282470703125 0.127655029296875 0.092926025390625
-0.028167724609375 -0.135147094726562 0.076629638671875 0.0970840454101562
0.00122070312499999 -0.147994995117188 0.0752182006835937 0.0105438232421875
0.0401458740234375 -0.14593505859375 0.213958740234375 -0.0529327392578125
0.0374984741210938 -0.105094909667969 -0.0157470703125 -0.173828125
0.02227783203125 -0.106651306152344 0.0723114013671875 -0.237060546875
0.000953674316406242 -0.128021240234375 0.056915283203125 -0.237060546875
-0.0396957397460937 -0.108062744140625 0.00823974609374999 -0.219894409179687
-0.0529708862304687 -0.0613212585449219 -0.0101318359375 -0.148147583007813
-0.0675621032714844 -0.033172607421875 0.00255584716796875 -0.10626220703125
-0.0613136291503906 -0.0183792114257813 0.0452651977539062 -0.082061767578125
-0.054443359375 -0.0171470642089844 0.0956573486328125 -0.07366943359375
-0.06329345703125 -0.0135688781738281 0.158737182617188 -0.064849853515625
-0.0637397766113281 -0.0139312744140625 0.19903564453125 -0.000335693359375001
-0.0659294128417969 -0.0389556884765625 0.190292358398437 0.0461273193359375
-0.0669898986816406 -0.0618515014648437 0.130287170410156 0.0832901000976563
-0.0181884765625 -0.103836059570313 0.0698623657226563 0.0798416137695313
0.000839233398437511 -0.10784912109375 0.0675735473632813 -0.023223876953125
0.025146484375 -0.100044250488281 0.22674560546875 -0.097930908203125
-0.000888824462890624 -0.0405654907226562 -0.021270751953125 -0.18463134765625
-0.00169754028320313 -0.0517120361328125 0.0597686767578125 -0.232406616210938
-0.0140762329101562 -0.0677833557128906 0.0489501953125 -0.2174072265625
-0.0278472900390625 -0.0494766235351563 0.0163116455078125 -0.199874877929687
-0.0187091827392578 -0.0182456970214844 0.000198364257812486 -0.132965087890625
-0.00831890106201172 -0.0167760848999023 0.0174942016601563 -0.0980148315429688
-0.00453376770019531 -0.0321369171142578 0.0605926513671875 -0.0761566162109375
-0.00274085998535156 -0.03424072265625 0.107002258300781 -0.0687026977539062
-0.00819778442382813 -0.0375251770019531 0.167388916015625 -0.056121826171875
-0.00666046142578125 -0.0278053283691406 0.204132080078125 0.007049560546875
-0.012420654296875 -0.0298843383789063 0.186721801757813 0.0515899658203125
-0.0228271484375 -0.0388755798339844 0.123924255371094 0.0843353271484375
0.00449371337890625 -0.060516357421875 0.0607681274414063 0.0748291015625
0.00901412963867187 -0.0482559204101563 0.0639419555664063 -0.0367088317871094
0.0106773376464844 -0.0354499816894531 0.232131958007813 -0.121841430664063
-0.0341434478759766 0.0266437530517578 -0.0471343994140625 -0.173797607421875
-0.0261631011962891 0.00623703002929688 0.030670166015625 -0.210723876953125
-0.0311737060546875 0.00173377990722656 0.030731201171875 -0.192825317382813
-0.0142307281494141 0.0193748474121094 0.0122528076171875 -0.179107666015625
0.0216560363769531 0.0317268371582031 -0.00572967529296876 -0.121475219726563
0.055267333984375 0.00244140625 0.0113296508789062 -0.0886154174804688
0.0544776916503906 -0.0408973693847656 0.0539970397949219 -0.064117431640625
0.0484695434570312 -0.0468406677246094 0.101448059082031 -0.0509872436523438
0.0467987060546875 -0.0539779663085938 0.162551879882813 -0.0312652587890625
0.0473251342773438 -0.0334510803222656 0.195343017578125 0.0295562744140625
0.0368690490722656 -0.0141181945800781 0.17266845703125 0.071563720703125
0.0183296203613281 -0.00989723205566406 0.113304138183594 0.0986099243164063
0.0244903564453125 -0.00891876220703125 0.051727294921875 0.08782958984375
0.0135517120361328 0.0224704742431641 0.0615234375 -0.0234565734863281
-0.00683975219726562 0.0374908447265625 0.228927612304687 -0.117080688476562
0.0585174560546875 -0.145111083984375 -0.188507080078125 0.0871429443359375
-0.0371246337890625 -0.0879592895507812 -0.0688400268554687 -0.0159683227539063
-0.0528564453125 -0.052093505859375 -0.0490570068359375 -0.114990234375
-0.0708465576171875 -0.0257797241210938 -0.109764099121094 -0.134414672851563
-0.075897216796875 0.00299835205078126 -0.142684936523438 -0.104385375976562
-0.0912017822265625 0.05206298828125 -0.176361083984375 -0.043853759765625
-0.083099365234375 0.0849075317382813 -0.150711059570313 0.0166015625
-0.082672119140625 0.0735702514648438 -0.0857925415039063 0.0300674438476562
-0.104698181152344 0.0710525512695313 -0.0251502990722656 0.0489387512207031
-0.116081237792969 0.014923095703125 0.0115509033203125 0.0892791748046875
-0.0908584594726563 -0.0483551025390625 0.0399856567382812 0.121131896972656
-0.0406951904296875 -0.0769424438476562 0.0185394287109375 0.14996337890625
0.02850341796875 -0.0794754028320313 -0.0117645263671875 0.190216064453125
0.0475387573242187 -0.0822906494140625 0.00314331054687501 0.197906494140625
0.0812301635742187 -0.09967041015625 0.072662353515625 0.156295776367188
0.07720947265625 -0.190582275390625 -0.15948486328125 0.0270233154296875
-0.0210189819335937 -0.13818359375 -0.0497360229492188 -0.074371337890625
-0.0480804443359375 -0.103874206542969 -0.0373382568359375 -0.15667724609375
-0.0813827514648438 -0.068634033203125 -0.0982208251953125 -0.172348022460937
-0.0945892333984375 -0.0275650024414063 -0.124946594238281 -0.135269165039062
-0.121955871582031 0.0312423706054687 -0.152481079101562 -0.078155517578125
-0.116859436035156 0.0749359130859375 -0.122772216796875 -0.0222702026367187
-0.114891052246094 0.0684890747070313 -0.0541954040527344 -0.00513076782226563
-0.140396118164063 0.0704727172851563 0.0128469467163086 0.014714241027832
-0.154739379882812 0.012176513671875 0.0553359985351563 0.0671157836914063
-0.129440307617188 -0.0685882568359375 0.0826339721679687 0.105148315429687
-0.07470703125 -0.112434387207031 0.0539779663085937 0.134841918945313
0.0229949951171875 -0.130592346191406 0.027801513671875 0.16326904296875
0.0514678955078125 -0.136306762695313 0.0434722900390625 0.150970458984375
0.0884857177734375 -0.146881103515625 0.119705200195313 0.106452941894531
0.0897216796875 -0.21075439453125 -0.120018005371094 -0.0418624877929688
0.0030517578125 -0.168746948242188 -0.0175323486328125 -0.139442443847656
-0.03204345703125 -0.148971557617187 -0.0142974853515625 -0.202621459960937
-0.0809097290039063 -0.111221313476562 -0.078521728515625 -0.210693359375
-0.101905822753906 -0.0596084594726563 -0.102676391601562 -0.16015625
-0.1385498046875 0.0033721923828125 -0.120903015136719 -0.10528564453125
-0.135002136230469 0.0535507202148438 -0.0855712890625 -0.0554428100585938
-0.128990173339844 0.0523452758789063 -0.0164680480957031 -0.0385704040527344
-0.153030395507812 0.0598907470703125 0.0562019348144531 -0.0220794677734375
-0.167648315429688 0.013092041015625 0.104888916015625 0.0390243530273438
-0.150054931640625 -0.0690460205078125 0.128341674804687 0.0820159912109375
-0.103111267089844 -0.118980407714844 0.0904006958007813 0.11663818359375
0.0017547607421875 -0.157501220703125 0.060638427734375 0.13665771484375
0.0380401611328125 -0.167465209960938 0.0701370239257812 0.0976943969726562
0.0797271728515625 -0.172592163085938 0.161880493164062 0.0457305908203125
0.090789794921875 -0.197402954101562 -0.0767440795898438 -0.106704711914063
0.0263519287109375 -0.172393798828125 0.0202484130859375 -0.197097778320313
-0.0108489990234375 -0.17340087890625 0.0127105712890625 -0.237060546875
-0.070281982421875 -0.140464782714844 -0.0519866943359375 -0.235702514648437
-0.0964279174804688 -0.0841217041015625 -0.073699951171875 -0.172821044921875
-0.135566711425781 -0.0234375 -0.0805511474609375 -0.120803833007813
-0.132072448730469 0.0249786376953125 -0.0404510498046875 -0.08050537109375
-0.123176574707031 0.0289840698242187 0.0253334045410156 -0.0665359497070313
-0.142593383789063 0.038970947265625 0.097503662109375 -0.0560379028320313
-0.152816772460938 0.00939941406250001 0.149322509765625 0.0078887939453125
-0.1435546875 -0.0597381591796875 0.16558837890625 0.055145263671875
-0.113739013671875 -0.105880737304688 0.120353698730469 0.0954666137695313
-0.0203094482421875 -0.158859252929687 0.0812530517578125 0.10919189453125
0.016143798828125 -0.172225952148437 0.0803298950195313 0.043914794921875
0.0625152587890625 -0.173171997070313 0.194717407226563 -0.0200958251953125
0.0733642578125 -0.157363891601563 -0.03955078125 -0.158126831054688
0.03643798828125 -0.147430419921875 0.0507659912109375 -0.237472534179688
0.00422668457031251 -0.163864135742188 0.0348663330078125 -0.254241943359375
-0.05230712890625 -0.141860961914063 -0.0268096923828125 -0.243118286132813
-0.0776748657226562 -0.0875625610351563 -0.04437255859375 -0.16925048828125
-0.110862731933594 -0.0393753051757812 -0.0407867431640625 -0.122886657714844
-0.107292175292969 -0.00447082519531249 0.00396728515624999 -0.091522216796875
-0.0966415405273438 0.00101470947265624 0.0614547729492187 -0.0833511352539062
-0.112014770507813 0.0104904174804687 0.129913330078125 -0.0791244506835938
-0.114051818847656 -0.00359344482421874 0.181503295898438 -0.0167083740234375
-0.111831665039063 -0.050628662109375 0.18798828125 0.031982421875
-0.0982894897460938 -0.0854034423828125 0.1363525390625 0.0762252807617188
-0.026031494140625 -0.137351989746094 0.085693359375 0.0844497680664062
0.0053863525390625 -0.14923095703125 0.07720947265625 -0.00273132324218751
0.046417236328125 -0.1446533203125 0.216827392578125 -0.079376220703125
0.04296875 -0.095550537109375 -0.018646240234375 -0.187393188476563
0.0295486450195313 -0.0992279052734375 0.0639801025390625 -0.253646850585938
0.00733184814453125 -0.123558044433594 0.0445556640625 -0.251205444335938
-0.03302001953125 -0.108840942382812 -0.00637817382812501 -0.230545043945313
-0.0459480285644531 -0.0664939880371094 -0.0215301513671875 -0.154281616210938
-0.0652084350585938 -0.0415496826171875 -0.00714874267578125 -0.114013671875
-0.0631179809570313 -0.0286521911621094 0.0381546020507812 -0.0916824340820313
-0.0556144714355469 -0.0271835327148438 0.0885696411132812 -0.0873947143554688
-0.065155029296875 -0.0235939025878906 0.152877807617188 -0.0828857421875
-0.0616264343261719 -0.0239486694335937 0.198883056640625 -0.0241546630859375
-0.0604743957519531 -0.0461654663085938 0.194366455078125 0.0250396728515625
-0.0587196350097656 -0.0641326904296875 0.137413024902344 0.0683822631835938
-0.0108184814453125 -0.100967407226563 0.0780258178710938 0.0691604614257813
0.00903320312499999 -0.100112915039063 0.0707550048828125 -0.0354537963867188
0.0323333740234375 -0.0908050537109375 0.231246948242188 -0.122329711914063
0.00527381896972656 -0.0258712768554688 -0.0205078125 -0.19268798828125
0.0074615478515625 -0.0388870239257813 0.0558013916015625 -0.246292114257813
-0.00316619873046875 -0.0586433410644531 0.0396728515625 -0.231689453125
-0.01593017578125 -0.048858642578125 0.00259399414062499 -0.209136962890625
-0.00669479370117188 -0.0239791870117187 -0.011383056640625 -0.135772705078125
-0.0033721923828125 -0.0301361083984375 0.00904083251953126 -0.10064697265625
-0.00662994384765625 -0.0476646423339844 0.0561141967773438 -0.0819091796875
-0.00514602661132812 -0.0507621765136719 0.102073669433594 -0.0759811401367188
-0.0107650756835937 -0.0550308227539063 0.163299560546875 -0.069732666015625
-0.004241943359375 -0.0431365966796875 0.203277587890625 -0.0126800537109375
-0.00304794311523437 -0.0411109924316406 0.18878173828125 0.0343170166015625
-0.0102729797363281 -0.043060302734375 0.130867004394531 0.0719833374023437
0.0166473388671875 -0.0543098449707031 0.0691757202148438 0.0673141479492188
0.0204315185546875 -0.0351524353027344 0.0676612854003906 -0.0456123352050781
0.0193843841552734 -0.0207405090332031 0.238174438476563 -0.141983032226563
-0.0292587280273437 0.04681396484375 -0.0438385009765625 -0.175643920898438
-0.0183029174804688 0.0227851867675781 0.02947998046875 -0.22027587890625
-0.0185298919677734 0.0157585144042969 0.0218658447265625 -0.202743530273438
0.00268936157226563 0.0235767364501953 -0.00195312500000001 -0.185455322265625
0.0360565185546875 0.0247573852539063 -0.0167007446289062 -0.120323181152344
0.0630683898925781 -0.0157279968261719 0.00459289550781251 -0.0846633911132813
0.0532569885253906 -0.0603370666503906 0.0518989562988281 -0.0628890991210938
0.046478271484375 -0.0649185180664063 0.0992507934570313 -0.0537948608398438
0.043365478515625 -0.0747528076171875 0.160751342773438 -0.0391387939453125
0.0504264831542969 -0.0537261962890625 0.196014404296875 0.0156402587890625
0.0479278564453125 -0.028289794921875 0.17584228515625 0.0595855712890625
0.0336952209472656 -0.0160026550292969 0.122879028320313 0.0896530151367188
0.0393295288085938 -0.0023193359375 0.0613632202148437 0.0844497680664063
0.0283126831054688 0.0363883972167969 0.06884765625 -0.0267372131347656
0.0026397705078125 0.0553016662597656 0.23504638671875 -0.130828857421875
0.0391082763671875 -0.167999267578125 -0.197357177734375 0.099365234375
-0.0585708618164062 -0.0930633544921875 -0.0820999145507813 -0.0109176635742188
-0.0725479125976562 -0.0488204956054688 -0.0624237060546875 -0.109901428222656
-0.0861053466796875 -0.0121383666992187 -0.1207275390625 -0.126289367675781
-0.0823440551757813 0.0210418701171875 -0.148880004882812 -0.097198486328125
-0.0859451293945313 0.0761871337890625 -0.180389404296875 -0.0352935791015625
-0.0716552734375 0.105575561523438 -0.151824951171875 0.0214385986328125
-0.0746078491210938 0.0940017700195313 -0.0879745483398437 0.0291748046875
-0.0974960327148438 0.09515380859375 -0.0259666442871094 0.042022705078125
-0.1195068359375 0.0397415161132813 0.0186080932617187 0.0793685913085938
-0.107696533203125 -0.0330734252929688 0.0523757934570313 0.110328674316406
-0.0627822875976563 -0.0747451782226563 0.0322723388671875 0.147003173828125
0.009796142578125 -0.0956649780273438 0.00369262695312501 0.194427490234375
0.03387451171875 -0.105667114257813 0.0117645263671875 0.203018188476563
0.072021484375 -0.126419067382813 0.0739898681640625 0.1512451171875
0.0609283447265625 -0.21160888671875 -0.172927856445313 0.030487060546875
-0.0408477783203125 -0.142669677734375 -0.0685272216796875 -0.0764694213867188
-0.067413330078125 -0.100395202636719 -0.0542449951171875 -0.1566162109375
-0.0965499877929687 -0.0563583374023438 -0.11419677734375 -0.168014526367188
-0.100898742675781 -0.0107345581054688 -0.136703491210937 -0.132720947265625
-0.11834716796875 0.0538330078125 -0.161727905273438 -0.07574462890625
-0.107856750488281 0.0943984985351563 -0.129470825195313 -0.0237884521484375
-0.108184814453125 0.0864028930664062 -0.0621185302734375 -0.011932373046875
-0.134010314941406 0.0934677124023437 0.00731754302978515 0.0016160011291504
-0.158660888671875 0.035003662109375 0.059234619140625 0.0498390197753906
-0.146499633789063 -0.054412841796875 0.0928192138671875 0.0871658325195313
-0.0963592529296875 -0.110710144042969 0.065826416015625 0.124610900878906
0.00546264648437501 -0.147994995117188 0.0416412353515625 0.16070556640625
0.038665771484375 -0.159149169921875 0.04962158203125 0.147628784179688
0.081268310546875 -0.173370361328125 0.118507385253906 0.0912551879882812
0.0784912109375 -0.22772216796875 -0.137260437011719 -0.04705810546875
-0.0117340087890625 -0.173477172851563 -0.0402069091796875 -0.147659301757813
-0.0467529296875 -0.146530151367188 -0.034759521484375 -0.20660400390625
-0.0929946899414063 -0.102104187011719 -0.097747802734375 -0.211685180664063
-0.1068115234375 -0.0481338500976562 -0.118453979492188 -0.161865234375
-0.136528015136719 0.0207977294921875 -0.134803771972656 -0.107681274414063
-0.128616333007812 0.0684051513671875 -0.096954345703125 -0.0621261596679687
-0.12457275390625 0.0668716430664063 -0.0279541015625 -0.0509910583496094
-0.1497802734375 0.0775909423828125 0.0456695556640625 -0.0422286987304687
-0.17120361328125 0.0306549072265625 0.104988098144531 0.0147476196289063
-0.163970947265625 -0.0575103759765625 0.135383605957031 0.0577011108398438
-0.120933532714844 -0.117111206054688 0.101776123046875 0.0998077392578125
-0.013397216796875 -0.17218017578125 0.0732574462890625 0.126182556152344
0.0278472900390625 -0.185775756835938 0.07244873046875 0.0873565673828125
0.0759124755859375 -0.1934814453125 0.159332275390625 0.0215301513671875
0.0854034423828125 -0.208740234375 -0.0939254760742187 -0.1185302734375
0.019287109375 -0.175827026367187 -0.00372314453124999 -0.210678100585938
-0.0205841064453125 -0.172821044921875 -0.00982666015625001 -0.24658203125
-0.078887939453125 -0.136466979980469 -0.07598876953125 -0.241683959960938
-0.100227355957031 -0.0784759521484375 -0.09161376953125 -0.176498413085938
-0.136199951171875 -0.0144195556640625 -0.0975341796875 -0.126220703125
-0.130744934082031 0.032623291015625 -0.05462646484375 -0.0900115966796875
-0.121849060058594 0.0356674194335938 0.0105819702148437 -0.0815811157226563
-0.142425537109375 0.0488128662109375 0.08416748046875 -0.0789718627929688
-0.15521240234375 0.018829345703125 0.14630126953125 -0.021270751953125
-0.15252685546875 -0.05322265625 0.168899536132812 0.026336669921875
-0.124519348144531 -0.105621337890625 0.129119873046875 0.073699951171875
-0.0298309326171875 -0.168914794921875 0.0915145874023438 0.0941009521484375
0.0115203857421875 -0.183502197265625 0.0801467895507813 0.0283355712890625
0.062530517578125 -0.185699462890625 0.190673828125 -0.0514068603515625
0.0760345458984375 -0.159652709960938 -0.0552215576171875 -0.173873901367188
0.03765869140625 -0.147674560546875 0.0279388427734375 -0.255050659179688
0.00358581542968752 -0.165603637695313 0.0119781494140625 -0.2681884765625
-0.055877685546875 -0.142532348632813 -0.0499420166015625 -0.251922607421875
-0.0784988403320313 -0.0890426635742188 -0.0624847412109375 -0.174560546875
-0.113121032714844 -0.0388870239257813 -0.0569610595703125 -0.129402160644531
-0.110214233398438 -0.00439453124999998 -0.01092529296875 -0.103515625
-0.100227355957031 -0.000381469726562513 0.04718017578125 -0.0989532470703125
-0.114768981933594 0.0109100341796875 0.115768432617187 -0.102592468261719
-0.116790771484375 -0.00334930419921873 0.175140380859375 -0.047210693359375
-0.114723205566406 -0.0517807006835938 0.188156127929688 0.002716064453125
-0.101028442382813 -0.0879135131835937 0.1424560546875 0.0536651611328125
-0.0273284912109375 -0.142501831054688 0.0935745239257813 0.0678787231445313
0.00708007812499999 -0.152267456054688 0.07550048828125 -0.0195236206054688
0.0503387451171875 -0.147705078125 0.213302612304688 -0.113006591796875
0.0508270263671875 -0.09002685546875 -0.0292205810546875 -0.2032470703125
0.0371856689453125 -0.0947723388671875 0.046478271484375 -0.272872924804687
0.0149765014648437 -0.122734069824219 0.0244140625 -0.2655029296875
-0.0292205810546875 -0.113037109375 -0.0287628173828125 -0.239471435546875
-0.0426788330078125 -0.0733795166015625 -0.037994384765625 -0.158599853515625
-0.0663795471191406 -0.0501251220703125 -0.02166748046875 -0.119033813476563
-0.0692253112792969 -0.0370101928710938 0.026519775390625 -0.101806640625
-0.0614738464355469 -0.0363502502441406 0.0764923095703125 -0.100807189941406
-0.0718612670898438 -0.0331802368164062 0.139686584472656 -0.10516357421875
-0.0645523071289063 -0.0337638854980469 0.192367553710938 -0.0522003173828125
-0.0585098266601563 -0.05560302734375 0.193435668945313 -0.001983642578125
-0.0536727905273438 -0.0708847045898438 0.14276123046875 0.0467681884765625
-0.00285339355468751 -0.102157592773438 0.0863876342773438 0.0534286499023437
0.0183181762695312 -0.0963973999023437 0.0695686340332031 -0.0504150390625
0.0418624877929688 -0.0855255126953125 0.228363037109375 -0.15576171875
0.0157604217529297 -0.0114603042602539 -0.026336669921875 -0.205078125
0.0197372436523438 -0.0286006927490234 0.0434112548828125 -0.264358520507813
0.0100860595703125 -0.0534324645996094 0.021453857421875 -0.24456787109375
-0.00418090820312501 -0.0525932312011719 -0.01812744140625 -0.216293334960938
0.00213623046875 -0.0352821350097656 -0.0258026123046875 -0.136604309082031
-0.0028533935546875 -0.0469436645507813 -0.00173950195312501 -0.101264953613281
-0.0140419006347656 -0.0633354187011719 0.0484085083007812 -0.0881881713867188
-0.0136604309082031 -0.0665817260742188 0.0939865112304688 -0.086822509765625
-0.020751953125 -0.0714874267578125 0.153976440429688 -0.0865631103515625
-0.00849914550781251 -0.0614967346191406 0.197296142578125 -0.03631591796875
0.00260543823242188 -0.0566978454589844 0.18817138671875 0.0125579833984375
0.00140380859374999 -0.052459716796875 0.13714599609375 0.0538177490234375
0.030853271484375 -0.0539131164550781 0.0788650512695313 0.0548171997070313
0.036651611328125 -0.0270233154296875 0.069305419921875 -0.0573959350585938
0.0332736968994141 -0.00761985778808594 0.236968994140625 -0.171310424804688
-0.017852783203125 0.0660820007324219 -0.0452423095703125 -0.18035888671875
-0.00502777099609375 0.03875732421875 0.0206756591796875 -0.23272705078125
-0.000146865844726563 0.0258102416992188 0.00605773925781249 -0.212432861328125
0.0208168029785156 0.0210285186767578 -0.021453857421875 -0.189132690429688
0.0505256652832031 0.0130386352539063 -0.0304794311523437 -0.116287231445313
0.0667343139648438 -0.0370025634765625 -0.00311279296875 -0.0801544189453125
0.0452117919921875 -0.0813140869140625 0.0491600036621094 -0.0629158020019531
0.0373687744140625 -0.0862579345703125 0.0965194702148437 -0.05816650390625
0.033203125 -0.0962982177734375 0.157211303710938 -0.0505218505859375
0.0452194213867188 -0.0754165649414063 0.193084716796875 -0.0019073486328125
0.0549507141113281 -0.0478057861328125 0.177215576171875 0.0432281494140625
0.0472412109375 -0.0281486511230469 0.129539489746094 0.07708740234375
0.0580673217773438 -0.00173187255859375 0.07305908203125 0.0763702392578125
0.0494728088378906 0.0468902587890625 0.0754241943359375 -0.034759521484375
0.0190505981445313 0.0723037719726563 0.237823486328125 -0.152542114257813
0.0090484619140625 -0.184799194335937 -0.200424194335938 0.116790771484375
-0.0828781127929688 -0.0904998779296875 -0.0935134887695312 7.62939453124934E-05
-0.0914764404296875 -0.0368576049804688 -0.0746994018554688 -0.0999526977539063
-0.0967941284179688 0.00866699218750002 -0.12982177734375 -0.112258911132813
-0.0819778442382812 0.0431900024414063 -0.154525756835938 -0.0848236083984375
-0.071685791015625 0.0999603271484375 -0.1802978515625 -0.0241241455078125
-0.0517349243164063 0.123748779296875 -0.15032958984375 0.02752685546875
-0.0578765869140625 0.110679626464844 -0.0898666381835937 0.02978515625
-0.0798416137695313 0.117439270019531 -0.0285224914550781 0.0360603332519531
-0.113304138183594 0.0655288696289063 0.0229530334472656 0.0674095153808594
-0.118698120117188 -0.0105514526367188 0.0602798461914062 0.0952835083007813
-0.0840301513671875 -0.063385009765625 0.0447235107421875 0.139381408691406
-0.0156936645507813 -0.104507446289063 0.0215606689453125 0.192764282226563
0.01104736328125 -0.12359619140625 0.0248260498046875 0.20404052734375
0.052154541015625 -0.15191650390625 0.075469970703125 0.145263671875
0.034332275390625 -0.226654052734375 -0.185867309570312 0.0385589599609375
-0.0637130737304687 -0.139213562011719 -0.0877304077148437 -0.0696563720703125
-0.0854949951171875 -0.0900192260742187 -0.0718536376953125 -0.150115966796875
-0.107635498046875 -0.0369491577148438 -0.127456665039063 -0.157501220703125
-0.101318359375 0.00884246826171875 -0.146957397460937 -0.123672485351563
-0.105842590332031 0.0761260986328125 -0.169998168945313 -0.0676727294921875
-0.0902862548828125 0.111213684082031 -0.136100769042969 -0.02197265625
-0.093536376953125 0.103515625 -0.0712966918945313 -0.0149917602539063
-0.118461608886719 0.114753723144531 -0.00359535217285157 -0.00940704345703124
-0.153717041015625 0.0608673095703125 0.0575981140136719 0.0305023193359375
-0.159561157226562 -0.0325469970703125 0.0961837768554687 0.06475830078125
-0.11871337890625 -0.099884033203125 0.0753936767578125 0.109443664550781
-0.0211029052734375 -0.158523559570313 0.055267333984375 0.151138305664063
0.015625 -0.177658081054688 0.0552825927734375 0.14111328125
0.0628204345703125 -0.197219848632813 0.113510131835938 0.0750885009765625
0.0595703125 -0.240386962890625 -0.156814575195313 -0.0445404052734375
-0.02960205078125 -0.172042846679688 -0.0668182373046875 -0.14703369140625
-0.0638351440429688 -0.137435913085937 -0.059814453125 -0.203369140625
-0.103355407714844 -0.0872802734375 -0.118789672851562 -0.205368041992188
-0.109207153320313 -0.0314788818359375 -0.135238647460938 -0.156036376953125
-0.128349304199219 0.038055419921875 -0.149978637695313 -0.10321044921875
-0.116645812988281 0.0822219848632813 -0.111671447753906 -0.0639495849609375
-0.11492919921875 0.07855224609375 -0.0438728332519531 -0.0581893920898438
-0.139305114746094 0.095489501953125 0.0284156799316406 -0.0576629638671875
-0.167404174804688 0.051849365234375 0.0968170166015625 -0.0109329223632812
-0.174789428710938 -0.038818359375 0.133544921875 0.030303955078125
-0.139083862304687 -0.1085205078125 0.106208801269531 0.0791397094726563
-0.034820556640625 -0.181564331054688 0.0830612182617188 0.110298156738281
0.00912475585937502 -0.201416015625 0.07232666015625 0.0745697021484375
0.062896728515625 -0.213333129882812 0.1480712890625 -0.00404357910156251
0.0751495361328125 -0.217361450195313 -0.117218017578125 -0.122932434082031
0.00907897949218751 -0.176849365234375 -0.034698486328125 -0.216552734375
-0.0307769775390625 -0.169265747070312 -0.0378875732421875 -0.247665405273437
-0.08843994140625 -0.128852844238281 -0.101303100585937 -0.238662719726563
-0.103050231933594 -0.069732666015625 -0.111892700195312 -0.172637939453125
-0.133316040039063 -0.00295257568359377 -0.115188598632813 -0.124595642089844
-0.126289367675781 0.0411453247070312 -0.0725250244140625 -0.0945663452148437
-0.118614196777344 0.0437469482421875 -0.00907135009765626 -0.0904312133789062
-0.138969421386719 0.0601272583007812 0.0611343383789062 -0.0961151123046875
-0.154541015625 0.0319976806640625 0.132240295410156 -0.049468994140625
-0.159393310546875 -0.04229736328125 0.162277221679688 -0.0048675537109375
-0.136253356933594 -0.100425720214844 0.128776550292969 0.0490341186523437
-0.043060302734375 -0.173233032226563 0.0957565307617188 0.0729217529296875
-0.000366210937500008 -0.193832397460938 0.075164794921875 0.0116119384765625
0.0565948486328125 -0.19769287109375 0.175552368164062 -0.0819854736328125
0.0750579833984375 -0.16314697265625 -0.0774078369140625 -0.1827392578125
0.0361785888671875 -0.148941040039063 -0.00357055664062499 -0.2655029296875
-0.000152587890624991 -0.166900634765625 -0.0168914794921875 -0.273605346679688
-0.0603790283203125 -0.14190673828125 -0.0785675048828125 -0.250686645507813
-0.081573486328125 -0.0887527465820312 -0.08294677734375 -0.172409057617187
-0.115188598632813 -0.0366363525390625 -0.0762786865234375 -0.130073547363281
-0.113235473632813 -0.000717163085937506 -0.030303955078125 -0.10931396484375
-0.103248596191406 0.000457763671875 0.0268402099609375 -0.110282897949219
-0.1173095703125 0.0124130249023437 0.0916748046875 -0.121017456054688
-0.118804931640625 -0.00075531005859374 0.157867431640625 -0.0769195556640625
-0.119209289550781 -0.0510025024414063 0.177963256835937 -0.027801513671875
-0.104774475097656 -0.08758544921875 0.139434814453125 0.027130126953125
-0.0309295654296875 -0.146148681640625 0.0964202880859375 0.0465621948242187
0.0062713623046875 -0.155426025390625 0.0672950744628906 -0.0370140075683594
0.05303955078125 -0.152923583984375 0.195999145507813 -0.146652221679687
0.0596694946289063 -0.0868988037109375 -0.0490875244140625 -0.214599609375
0.0464019775390625 -0.0937881469726563 0.018798828125 -0.285919189453125
0.0206985473632813 -0.124710083007812 -0.00376892089843747 -0.27239990234375
-0.0276565551757812 -0.119041442871094 -0.0569915771484375 -0.240615844726563
-0.0430526733398438 -0.0814590454101562 -0.056884765625 -0.15643310546875
-0.0717086791992187 -0.0573043823242188 -0.0374374389648437 -0.119712829589844
-0.079193115234375 -0.0430374145507812 0.00935363769531249 -0.108558654785156
-0.0712356567382813 -0.042022705078125 0.0591506958007813 -0.110313415527344
-0.0827407836914063 -0.0396804809570313 0.118881225585938 -0.122261047363281
-0.0716781616210938 -0.0415802001953125 0.173934936523438 -0.0789337158203125
-0.0598869323730469 -0.0645751953125 0.182327270507812 -0.029510498046875
-0.0517578125 -0.0784683227539062 0.140106201171875 0.0220794677734375
0.0037841796875 -0.10614013671875 0.0891571044921875 0.0343780517578125
0.0278244018554688 -0.096160888671875 0.0622978210449219 -0.067657470703125
0.0523452758789063 -0.0828399658203125 0.211578369140625 -0.189804077148438
0.0323085784912109 -0.00243759155273438 -0.0373687744140625 -0.213409423828125
0.0358390808105469 -0.0229682922363281 0.022247314453125 -0.277191162109375
0.0247344970703125 -0.053375244140625 -0.00212097167968751 -0.250595092773438
0.00702667236328126 -0.0615119934082031 -0.04400634765625 -0.216156005859375
0.00670242309570312 -0.0492286682128906 -0.0419540405273438 -0.132362365722656
-0.00771331787109375 -0.0641365051269531 -0.0126571655273437 -0.0997695922851563
-0.0283584594726563 -0.0770339965820313 0.0365142822265625 -0.0925216674804688
-0.0279693603515625 -0.0802993774414063 0.0800704956054688 -0.0949783325195313
-0.0370407104492187 -0.0860366821289063 0.137992858886719 -0.101638793945313
-0.0187149047851563 -0.0766448974609375 0.182510375976563 -0.05914306640625
0.00107574462890626 -0.0734100341796875 0.178375244140625 -0.00981140136718751
0.00756454467773437 -0.0662498474121094 0.13702392578125 0.0325241088867187
0.0447921752929687 -0.0583076477050781 0.0833511352539062 0.0382919311523437
0.0569534301757812 -0.02471923828125 0.0661544799804688 -0.0723724365234375
0.0508041381835937 -0.00128555297851562 0.223968505859375 -0.201766967773438
0.00250244140625001 0.0831451416015625 -0.0501708984375 -0.1837158203125
0.0148811340332031 0.0497550964355469 0.00543212890625001 -0.240509033203125
0.0218334197998047 0.029449462890625 -0.015838623046875 -0.216110229492188
0.0387306213378906 0.0120391845703125 -0.0430145263671875 -0.1846923828125
0.0609359741210938 -0.00537490844726563 -0.0418167114257812 -0.106895446777344
0.0613632202148438 -0.0607643127441406 -0.00843048095703124 -0.0729904174804688
0.029266357421875 -0.0991897583007812 0.0468368530273438 -0.0629615783691406
0.0199737548828125 -0.103057861328125 0.0910186767578125 -0.0625762939453125
0.0132598876953125 -0.115234375 0.147918701171875 -0.0612335205078125
0.031463623046875 -0.0963973999023438 0.183029174804687 -0.0193939208984375
0.0538482666015625 -0.0714187622070312 0.173553466796875 0.0249481201171875
0.0562667846679687 -0.0459785461425781 0.133781433105469 0.0588455200195313
0.0762557983398438 -0.0080718994140625 0.0823822021484375 0.0626983642578125
0.075775146484375 0.0482635498046875 0.0779342651367188 -0.045806884765625
0.0422439575195313 0.0831069946289063 0.230133056640625 -0.178268432617188
-0.0220184326171875 -0.191207885742188 -0.201263427734375 0.130783081054688
-0.105308532714844 -0.07952880859375 -0.101852416992188 0.0142059326171875
-0.105155944824219 -0.0199508666992187 -0.0823516845703125 -0.0863723754882813
-0.100914001464844 0.0311508178710938 -0.131172180175781 -0.0974044799804687
-0.0740432739257813 0.0632781982421875 -0.155242919921875 -0.0732879638671875
-0.0508270263671875 0.115455627441406 -0.176620483398438 -0.012969970703125
-0.0274658203125 0.131355285644531 -0.145233154296875 0.0323333740234375
-0.0370254516601563 0.123252868652344 -0.0908584594726563 0.030029296875
-0.0566177368164062 0.132217407226563 -0.0335578918457031 0.0306129455566406
-0.0987014770507812 0.0858535766601562 0.0227699279785156 0.0542678833007813
-0.119979858398438 0.0145416259765625 0.0622787475585937 0.0784988403320313
-0.10040283203125 -0.0468597412109375 0.0554351806640625 0.127716064453125
-0.0417404174804688 -0.10565185546875 0.0368804931640625 0.1842041015625
-0.0172882080078125 -0.1336669921875 0.0345916748046875 0.20159912109375
0.024749755859375 -0.167678833007813 0.0748519897460937 0.138359069824219
0.00527954101562499 -0.232666015625 -0.19561767578125 0.0518646240234374
-0.0847549438476562 -0.129249572753906 -0.104225158691406 -0.0582351684570313
-0.0994186401367187 -0.0734100341796875 -0.0857696533203125 -0.135612487792969
-0.108001708984375 -0.01519775390625 -0.138504028320313 -0.1436767578125
-0.09393310546875 0.028533935546875 -0.153564453125 -0.112472534179688
-0.0870742797851562 0.0913009643554688 -0.17291259765625 -0.0580596923828125
-0.0675048828125 0.121429443359375 -0.144012451171875 -0.01776123046875
-0.0759506225585937 0.114837646484375 -0.0824661254882813 -0.0153121948242188
-0.097686767578125 0.130622863769531 -0.0180110931396484 -0.0170860290527344
-0.1402587890625 0.0811843872070313 0.0466575622558594 0.0146827697753906
-0.162979125976563 -0.00787353515625002 0.090850830078125 0.0425949096679688
-0.1346435546875 -0.0832138061523437 0.0774688720703125 0.0916366577148438
-0.0459747314453125 -0.158126831054688 0.0655059814453125 0.137054443359375
-0.0100860595703125 -0.18603515625 0.05902099609375 0.131950378417969
0.0391998291015625 -0.212814331054688 0.102806091308594 0.0614013671875
0.0373382568359375 -0.247116088867188 -0.175369262695313 -0.0386810302734375
-0.0441741943359375 -0.165328979492188 -0.0912322998046875 -0.137741088867188
-0.07562255859375 -0.126564025878906 -0.079681396484375 -0.193008422851563
-0.108207702636719 -0.0680007934570313 -0.1341552734375 -0.190216064453125
-0.103042602539063 -0.01715087890625 -0.149444580078125 -0.14508056640625
-0.113761901855469 0.05303955078125 -0.160873413085938 -0.0940399169921875
-0.101959228515625 0.0911102294921875 -0.124374389648438 -0.0612869262695312
-0.102317810058594 0.0897293090820313 -0.0598068237304688 -0.0582275390625
-0.123184204101563 0.1058349609375 0.00628280639648436 -0.0649604797363281
-0.15826416015625 0.068206787109375 0.0792236328125 -0.02838134765625
-0.17852783203125 -0.018829345703125 0.121528625488281 0.005615234375
-0.152511596679688 -0.09490966796875 0.101570129394531 0.0586090087890625
-0.05584716796875 -0.181137084960937 0.0845947265625 0.0931930541992187
-0.0125274658203125 -0.209228515625 0.0664863586425781 0.0629806518554687
0.0446319580078125 -0.22613525390625 0.129745483398438 -0.0221633911132813
0.064727783203125 -0.223159790039063 -0.142959594726562 -0.12060546875
-0.00257873535156251 -0.172698974609375 -0.063629150390625 -0.211715698242188
-0.0401611328125 -0.1619873046875 -0.0624542236328125 -0.236465454101563
-0.0936355590820312 -0.116531372070313 -0.122146606445312 -0.2266845703125
-0.103324890136719 -0.0603713989257812 -0.127532958984375 -0.164031982421875
-0.127822875976563 0.00594329833984378 -0.133529663085938 -0.118209838867187
-0.11932373046875 0.0477218627929687 -0.0930709838867188 -0.0942916870117188
-0.113327026367187 0.0503387451171875 -0.0293121337890625 -0.092437744140625
-0.130645751953125 0.0673751831054688 0.0345306396484375 -0.105728149414063
-0.14971923828125 0.0411376953125 0.109329223632812 -0.0715179443359375
-0.161956787109375 -0.0316314697265625 0.145172119140625 -0.03106689453125
-0.146377563476563 -0.090179443359375 0.119956970214844 0.025115966796875
-0.058013916015625 -0.175033569335938 0.0936813354492188 0.0524063110351562
-0.013946533203125 -0.19866943359375 0.0648765563964844 -0.00207138061523439
0.04644775390625 -0.207382202148438 0.15106201171875 -0.105667114257813
0.074737548828125 -0.167129516601563 -0.102523803710937 -0.184768676757813
0.0354766845703125 -0.147216796875 -0.0351409912109375 -0.262893676757812
-0.00224304199218749 -0.165176391601563 -0.044891357421875 -0.26617431640625
-0.0649871826171875 -0.139930725097656 -0.103485107421875 -0.240310668945312
-0.0845565795898438 -0.0880966186523438 -0.100967407226563 -0.163589477539063
-0.115646362304687 -0.0347137451171875 -0.0939178466796875 -0.124069213867188
-0.115104675292969 -0.00125885009765627 -0.050506591796875 -0.107635498046875
-0.10614013671875 0.00225067138671875 0.00585937499999999 -0.111236572265625
-0.120391845703125 0.0174560546875 0.06524658203125 -0.130989074707031
-0.1214599609375 0.00155639648437502 0.129074096679688 -0.0965042114257812
-0.12322998046875 -0.048797607421875 0.155349731445313 -0.0513916015625
-0.110794067382813 -0.0878067016601563 0.128700256347656 0.00420379638671875
-0.0349578857421875 -0.148208618164063 0.0909042358398438 0.0247650146484375
0.0052947998046875 -0.157699584960938 0.0546226501464844 -0.0520591735839844
0.052886962890625 -0.157196044921875 0.168060302734375 -0.170455932617188
0.069305419921875 -0.0867919921875 -0.0698699951171875 -0.218185424804688
0.0554428100585937 -0.096343994140625 -0.012420654296875 -0.28692626953125
0.0251541137695313 -0.1275634765625 -0.03314208984375 -0.26873779296875
-0.027069091796875 -0.124343872070313 -0.07977294921875 -0.230270385742188
-0.0452346801757812 -0.0888671875 -0.071685791015625 -0.14617919921875
-0.0795669555664063 -0.0628585815429688 -0.051971435546875 -0.11279296875
-0.0896530151367188 -0.0462493896484375 -0.00624084472656252 -0.108566284179688
-0.08251953125 -0.0458450317382813 0.0410003662109375 -0.11328125
-0.0940933227539063 -0.04010009765625 0.0928497314453125 -0.132095336914063
-0.081939697265625 -0.0460586547851563 0.147964477539063 -0.095794677734375
-0.0655593872070312 -0.073699951171875 0.161483764648438 -0.05181884765625
-0.0528564453125 -0.0876846313476563 0.128952026367188 -0.000434875488281255
0.0100555419921875 -0.109718322753906 0.0837936401367188 0.0145797729492187
0.0379486083984375 -0.0996780395507812 0.0489425659179688 -0.078948974609375
0.063690185546875 -0.083984375 0.18487548828125 -0.214691162109375
0.0483055114746094 0.00286102294921875 -0.0561981201171875 -0.219284057617187
0.052520751953125 -0.0205192565917969 -0.00115966796874998 -0.277664184570313
0.0403404235839844 -0.0600090026855469 -0.0276641845703125 -0.248916625976562
0.011016845703125 -0.0740280151367187 -0.0645294189453125 -0.205902099609375
0.00288772583007813 -0.0629920959472656 -0.0524444580078125 -0.120132446289063
-0.0192108154296875 -0.0771636962890625 -0.0219650268554688 -0.091949462890625
-0.0466842651367188 -0.0825729370117187 0.0270004272460938 -0.092987060546875
-0.0458602905273438 -0.0864944458007813 0.0674514770507813 -0.0977706909179688
-0.05682373046875 -0.0920867919921875 0.117561340332031 -0.108283996582031
-0.035369873046875 -0.0891189575195313 0.162567138671875 -0.0731048583984375
-0.00496673583984375 -0.0894927978515625 0.1611328125 -0.0275421142578125
0.00959014892578125 -0.0815200805664063 0.12744140625 0.0142364501953125
0.0580978393554687 -0.0690574645996094 0.0808944702148438 0.0224685668945313
0.0734710693359375 -0.03082275390625 0.0577926635742188 -0.085357666015625
0.0703506469726563 0.002593994140625 0.202377319335938 -0.22296142578125
0.0266265869140625 0.0907440185546875 -0.0575103759765625 -0.18609619140625
0.0370368957519531 0.0527076721191406 -0.00927734374999999 -0.242813110351563
0.0441665649414063 0.0245361328125 -0.0338287353515625 -0.212020874023438
0.05133056640625 -0.00467681884765625 -0.0614471435546875 -0.172821044921875
0.0640029907226562 -0.0263557434082031 -0.0495758056640625 -0.0921173095703125
0.0500030517578125 -0.08148193359375 -0.01043701171875 -0.06488037109375
0.00792694091796876 -0.112030029296875 0.043914794921875 -0.0605201721191406
-0.00228118896484375 -0.112861633300781 0.0853424072265625 -0.06463623046875
-0.0137863159179688 -0.125274658203125 0.137451171875 -0.0678558349609375
0.0110931396484375 -0.110237121582031 0.16839599609375 -0.031341552734375
0.0467529296875 -0.08990478515625 0.161331176757813 0.011444091796875
0.0569114685058594 -0.067230224609375 0.128250122070313 0.0418243408203125
0.0909271240234375 -0.022674560546875 0.0871963500976563 0.0485458374023438
0.0982589721679688 0.0417861938476563 0.0782470703125 -0.0576248168945312
0.0672073364257813 0.0853347778320313 0.216049194335938 -0.197601318359375
-0.0516815185546875 -0.187881469726563 -0.197540283203125 0.145095825195312
-0.122261047363281 -0.0647964477539063 -0.10321044921875 0.02783203125
-0.114112854003906 -0.000427246093749975 -0.0831527709960938 -0.0738983154296875
-0.0971832275390625 0.0533599853515625 -0.128837585449219 -0.0855560302734375
-0.0632858276367188 0.0779876708984375 -0.150070190429688 -0.065948486328125
-0.0276641845703125 0.123977661132812 -0.170150756835938 -0.00788879394531251
-0.00501251220703125 0.134735107421875 -0.143218994140625 0.0334014892578125
-0.0159072875976563 0.124862670898438 -0.092742919921875 0.03118896484375
-0.0324554443359375 0.137947082519531 -0.0402183532714844 0.0298271179199219
-0.0815658569335938 0.102371215820312 0.016845703125 0.0454826354980469
-0.116714477539063 0.03594970703125 0.0584030151367188 0.0653114318847656
-0.108169555664063 -0.0260162353515625 0.0575027465820312 0.116912841796875
-0.0636215209960937 -0.0978775024414063 0.046234130859375 0.174560546875
-0.0428085327148438 -0.133682250976563 0.0414886474609375 0.196853637695313
-0.001739501953125 -0.175735473632813 0.071044921875 0.136154174804688
-0.0201873779296875 -0.23223876953125 -0.203475952148438 0.0634918212890624
-0.100883483886719 -0.115699768066406 -0.115486145019531 -0.0432052612304688
-0.106201171875 -0.0548248291015625 -0.0931777954101563 -0.123970031738281
-0.108207702636719 0.00498199462890623 -0.141265869140625 -0.131301879882812
-0.0829010009765625 0.0423202514648438 -0.156036376953125 -0.104156494140625
-0.0662918090820313 0.101112365722656 -0.175735473632813 -0.0507049560546875
-0.0483627319335938 0.123458862304688 -0.14862060546875 -0.0149078369140625
-0.057220458984375 0.117561340332031 -0.0914077758789063 -0.014007568359375
-0.0770492553710938 0.137367248535156 -0.0321197509765625 -0.0179405212402344
-0.125175476074219 0.0959701538085937 0.0360946655273437 0.00390625000000001
-0.159515380859375 0.0126800537109375 0.0803680419921875 0.0277786254882812
-0.144546508789063 -0.064605712890625 0.0737686157226562 0.078948974609375
-0.0699615478515625 -0.15374755859375 0.0661697387695312 0.123512268066406
-0.0376739501953125 -0.18927001953125 0.0556106567382812 0.125579833984375
0.0147857666015625 -0.222335815429688 0.0884552001953125 0.0543060302734375
0.0169677734375 -0.24652099609375 -0.192352294921875 -0.02740478515625
-0.0588836669921875 -0.153671264648438 -0.109687805175781 -0.123222351074219
-0.0808639526367188 -0.110954284667969 -0.0909271240234375 -0.178878784179688
-0.106315612792969 -0.0535964965820312 -0.145111083984375 -0.178131103515625
-0.0967941284179688 -0.00683593750000001 -0.154296875 -0.134872436523437
-0.0979461669921875 0.0606002807617187 -0.170135498046875 -0.08624267578125
-0.0864410400390625 0.0935745239257813 -0.137237548828125 -0.0562591552734375
-0.0892715454101563 0.0929183959960938 -0.0749664306640625 -0.0554122924804687
-0.108612060546875 0.114532470703125 -0.0137252807617188 -0.067596435546875
-0.145706176757813 0.0805511474609375 0.0599403381347656 -0.04144287109375
-0.176406860351563 -0.00260925292968753 0.103462219238281 -0.0103912353515625
-0.16143798828125 -0.079681396484375 0.091949462890625 0.0429840087890625
-0.07611083984375 -0.177841186523438 0.08056640625 0.0759429931640625
-0.03253173828125 -0.211639404296875 0.0572052001953125 0.052642822265625
0.0277252197265625 -0.235504150390625 0.108573913574219 -0.0335922241210938
0.0529022216796875 -0.224838256835938 -0.164321899414063 -0.1143798828125
-0.00765991210937499 -0.169174194335938 -0.0886077880859375 -0.198211669921875
-0.0431365966796875 -0.155868530273438 -0.08087158203125 -0.227203369140625
-0.0944900512695313 -0.109115600585938 -0.137588500976563 -0.213516235351562
-0.0987548828125 -0.0542373657226562 -0.139999389648438 -0.1527099609375
-0.119529724121094 0.0122604370117187 -0.1439208984375 -0.109909057617188
-0.113128662109375 0.0508651733398437 -0.107933044433594 -0.0870132446289063
-0.107063293457031 0.0530853271484375 -0.048614501953125 -0.088043212890625
-0.125152587890625 0.0733261108398437 0.0114059448242187 -0.108078002929687
-0.143524169921875 0.048919677734375 0.0836944580078125 -0.0801239013671875
-0.164093017578125 -0.0213165283203125 0.121269226074219 -0.0450057983398438
-0.150390625 -0.0839080810546875 0.1044921875 0.010040283203125
-0.068817138671875 -0.173507690429688 0.0837478637695313 0.0356063842773437
-0.0239715576171875 -0.201126098632813 0.049407958984375 -0.0117340087890625
0.0383453369140625 -0.214752197265625 0.124801635742188 -0.118255615234375
0.0753936767578125 -0.170211791992188 -0.127578735351563 -0.182571411132812
0.037567138671875 -0.149337768554687 -0.06256103515625 -0.25640869140625
-0.001617431640625 -0.165908813476563 -0.0634918212890625 -0.257247924804688
-0.0668182373046875 -0.139961242675781 -0.12005615234375 -0.228607177734375
-0.0840835571289063 -0.0873565673828125 -0.1136474609375 -0.153244018554688
-0.11639404296875 -0.0327911376953125 -0.106391906738281 -0.11566162109375
-0.118438720703125 0.00148010253906252 -0.06689453125 -0.104263305664063
-0.110038757324219 0.00372314453125 -0.01495361328125 -0.108558654785156
-0.123336791992187 0.0183486938476563 0.0386276245117188 -0.131523132324219
-0.12298583984375 0.00409698486328127 0.103317260742187 -0.103805541992188
-0.126884460449219 -0.047576904296875 0.132614135742188 -0.0640487670898438
-0.113067626953125 -0.08843994140625 0.108802795410156 -0.010955810546875
-0.037322998046875 -0.152252197265625 0.0776748657226563 0.00896453857421874
0.00289916992187498 -0.163177490234375 0.0375747680664062 -0.0612106323242188
0.05596923828125 -0.16326904296875 0.139556884765625 -0.186553955078125
0.0816192626953125 -0.0897674560546875 -0.091888427734375 -0.22015380859375
0.0646133422851562 -0.099334716796875 -0.034820556640625 -0.2845458984375
0.0331573486328125 -0.136314392089844 -0.0507354736328125 -0.262313842773438
-0.0279312133789063 -0.133056640625 -0.0982666015625 -0.2208251953125
-0.047821044921875 -0.0950927734375 -0.0828475952148438 -0.137611389160156
-0.0868301391601562 -0.0665359497070313 -0.064849853515625 -0.107765197753906
-0.101051330566406 -0.0462722778320312 -0.0217666625976563 -0.106071472167969
-0.0935592651367187 -0.0455856323242188 0.0224380493164062 -0.111183166503906
-0.107002258300781 -0.0420379638671875 0.0700149536132812 -0.1312255859375
-0.0900344848632812 -0.0490875244140625 0.122634887695313 -0.10284423828125
-0.0731277465820312 -0.0801925659179688 0.13916015625 -0.0605087280273438
-0.0547256469726563 -0.09564208984375 0.110809326171875 -0.0140380859375
0.0139923095703125 -0.119956970214844 0.0716629028320312 -0.000854492187500007
0.0470199584960938 -0.105575561523438 0.0357131958007813 -0.090423583984375
0.0753021240234375 -0.0890655517578125 0.15863037109375 -0.229629516601563
0.0703048706054688 0.00243377685546875 -0.068756103515625 -0.223495483398437
0.0685386657714844 -0.0273704528808594 -0.0216064453125 -0.280136108398438
0.05328369140625 -0.0686988830566406 -0.04608154296875 -0.243026733398438
0.0172653198242187 -0.087493896484375 -0.0804290771484375 -0.194976806640625
0.0030364990234375 -0.076995849609375 -0.0594940185546875 -0.11126708984375
-0.0338211059570313 -0.0873947143554688 -0.0286102294921875 -0.086822509765625
-0.0631561279296875 -0.0869522094726563 0.0173873901367188 -0.0907135009765625
-0.0654144287109375 -0.0877532958984375 0.0553054809570312 -0.0956878662109375
-0.0771026611328125 -0.0938796997070313 0.099761962890625 -0.109504699707031
-0.0518722534179687 -0.094329833984375 0.13848876953125 -0.0778045654296875
-0.0163345336914063 -0.102920532226563 0.143646240234375 -0.03631591796875
0.00696563720703125 -0.0975494384765625 0.113922119140625 0.000137329101562494
0.0667037963867188 -0.0819778442382813 0.072723388671875 0.0074005126953125
0.0918121337890625 -0.0396194458007813 0.0486907958984375 -0.0936126708984375
0.0907516479492188 -0.00302886962890625 0.180313110351563 -0.239974975585938
0.05035400390625 0.093231201171875 -0.061126708984375 -0.188079833984375
0.0587882995605469 0.0506858825683594 -0.022613525390625 -0.244735717773438
0.0622444152832031 0.0151519775390625 -0.04833984375 -0.20550537109375
0.0599594116210938 -0.0219383239746094 -0.07025146484375 -0.159164428710938
0.0597114562988281 -0.0438232421875 -0.0513534545898437 -0.0809249877929688
0.0326385498046875 -0.0955352783203125 -0.0110740661621094 -0.0583381652832031
-0.0135269165039062 -0.118316650390625 0.0422439575195313 -0.0610923767089844
-0.0239791870117188 -0.117233276367188 0.0797958374023438 -0.0647659301757813
-0.0365371704101563 -0.128662109375 0.126449584960938 -0.0698394775390625
-0.00942993164062501 -0.118934631347656 0.152938842773438 -0.035797119140625
0.0319137573242187 -0.108283996582031 0.149826049804688 0.00271606445312499
0.0544662475585938 -0.0855178833007813 0.121025085449219 0.0295028686523437
0.104652404785156 -0.0379257202148438 0.0823745727539063 0.033721923828125
0.120353698730469 0.0300521850585938 0.074462890625 -0.0685653686523437
0.0924148559570313 0.0820541381835938 0.204330444335938 -0.2120361328125
-0.0784454345703125 -0.183258056640625 -0.199569702148437 0.160003662109375
-0.137443542480469 -0.0479965209960937 -0.104515075683594 0.0421676635742188
-0.120025634765625 0.0189361572265625 -0.0825271606445313 -0.0642013549804687
-0.0900421142578125 0.0729827880859375 -0.125831604003906 -0.0780258178710938
-0.0496444702148438 0.0916824340820313 -0.148300170898438 -0.062103271484375
-0.00454711914062501 0.129501342773438 -0.16790771484375 -0.00576782226562503
0.0166473388671875 0.133499145507813 -0.145111083984375 0.034210205078125
0.00345611572265626 0.126213073730469 -0.0967330932617187 0.0329818725585938
-0.010467529296875 0.14202880859375 -0.0472946166992187 0.030242919921875
-0.0631332397460937 0.112701416015625 0.00993728637695312 0.0386848449707031
-0.111000061035156 0.0553131103515625 0.0515556335449219 0.0560874938964844
-0.113777160644531 -0.0065460205078125 0.0572433471679688 0.1097412109375
-0.0834274291992187 -0.0886917114257813 0.0513153076171875 0.167343139648437
-0.068817138671875 -0.130905151367188 0.04571533203125 0.197189331054688
-0.028564453125 -0.180206298828125 0.0675430297851563 0.137054443359375
-0.0435638427734375 -0.229705810546875 -0.21466064453125 0.077972412109375
-0.113296508789062 -0.101387023925781 -0.124542236328125 -0.0278778076171875
-0.111282348632813 -0.037506103515625 -0.0977401733398437 -0.113609313964844
-0.102561950683594 0.02349853515625 -0.143325805664063 -0.122634887695313
-0.0713043212890625 0.053192138671875 -0.159332275390625 -0.0989532470703125
-0.0456390380859375 0.104843139648438 -0.179397583007812 -0.0475616455078125
-0.0302581787109375 0.123115539550781 -0.156051635742188 -0.011627197265625
-0.0406951904296875 0.119606018066406 -0.101142883300781 -0.0102005004882812
-0.0583648681640625 0.140853881835937 -0.0453567504882813 -0.0170326232910156
-0.109954833984375 0.106758117675781 0.0227565765380859 -0.00285339355468749
-0.155899047851563 0.031097412109375 0.0674057006835937 0.0192184448242188
-0.151657104492188 -0.047210693359375 0.0670700073242187 0.0710678100585938
-0.0889129638671875 -0.146759033203125 0.06494140625 0.11431884765625
-0.0613555908203125 -0.1890869140625 0.0521163940429687 0.124122619628906
-0.00820922851562502 -0.229995727539063 0.0771560668945312 0.053802490234375
0.000747680664062477 -0.247940063476562 -0.211959838867188 -0.0141448974609375
-0.06732177734375 -0.1455078125 -0.125701904296875 -0.108436584472656
-0.0842056274414063 -0.100700378417969 -0.101333618164062 -0.169403076171875
-0.104499816894531 -0.04046630859375 -0.153610229492188 -0.16925048828125
-0.0883102416992187 0.00195312499999998 -0.162353515625 -0.12811279296875
-0.0850830078125 0.0638580322265625 -0.177658081054687 -0.0804595947265625
-0.0747222900390625 0.093780517578125 -0.150314331054688 -0.0512542724609375
-0.0785369873046875 0.0948867797851562 -0.0906753540039062 -0.0506820678710938
-0.0967254638671875 0.118339538574219 -0.0328140258789063 -0.0648536682128906
-0.135208129882813 0.0892791748046875 0.0412635803222656 -0.0461273193359375
-0.175399780273437 0.0110626220703125 0.0858383178710938 -0.0197525024414063
-0.16973876953125 -0.067291259765625 0.0800399780273438 0.033447265625
-0.09222412109375 -0.174468994140625 0.072265625 0.0647048950195312
-0.051483154296875 -0.214462280273437 0.0475234985351563 0.0486488342285156
0.0108184814453125 -0.245101928710938 0.0890731811523438 -0.0381088256835938
0.046173095703125 -0.229873657226563 -0.187179565429688 -0.104736328125
-0.011627197265625 -0.166641235351563 -0.109176635742187 -0.185989379882813
-0.0444488525390625 -0.15289306640625 -0.0940704345703125 -0.218109130859375
-0.095001220703125 -0.103675842285156 -0.150375366210938 -0.205154418945313
-0.0966720581054688 -0.0500717163085938 -0.149337768554687 -0.145584106445313
-0.113349914550781 0.0146408081054687 -0.156890869140625 -0.102645874023438
-0.109115600585937 0.051727294921875 -0.124252319335938 -0.0811386108398438
-0.104644775390625 0.054840087890625 -0.066192626953125 -0.0834503173828125
-0.12066650390625 0.0769500732421875 -0.0117950439453125 -0.104316711425781
-0.140045166015625 0.055267333984375 0.0607452392578125 -0.084503173828125
-0.166015625 -0.013885498046875 0.100631713867187 -0.0524215698242188
-0.158584594726562 -0.07781982421875 0.0881805419921875 0.00153350830078125
-0.0795440673828125 -0.175033569335938 0.071563720703125 0.024169921875
-0.03509521484375 -0.206436157226563 0.0353775024414063 -0.0179824829101563
0.031951904296875 -0.225387573242188 0.100189208984375 -0.1259765625
0.0790557861328125 -0.17742919921875 -0.151763916015625 -0.17755126953125
0.0394134521484375 -0.154403686523438 -0.0836334228515625 -0.24774169921875
-0.000656127929687498 -0.172164916992188 -0.0813140869140625 -0.249969482421875
-0.0699920654296875 -0.14276123046875 -0.135498046875 -0.219314575195313
-0.0872879028320313 -0.0895309448242188 -0.122772216796875 -0.1448974609375
-0.11962890625 -0.0318679809570312 -0.118690490722656 -0.108749389648438
-0.123283386230469 0.00345611572265625 -0.0829696655273438 -0.09832763671875
-0.114822387695313 0.00624847412109373 -0.0317611694335938 -0.103164672851562
-0.129302978515625 0.0221481323242188 0.0166854858398438 -0.126998901367188
-0.12799072265625 0.00594329833984376 0.0799713134765625 -0.106147766113281
-0.133003234863281 -0.047943115234375 0.110031127929687 -0.0700607299804688
-0.119926452636719 -0.0906219482421875 0.0922622680664062 -0.0187149047851563
-0.0417327880859375 -0.158660888671875 0.0636558532714844 -0.00171661376953126
0.00231933593750001 -0.171234130859375 0.0213356018066406 -0.0683937072753906
0.0592041015625 -0.172882080078125 0.114700317382813 -0.197357177734375
0.0932388305664063 -0.0978240966796875 -0.113433837890625 -0.22052001953125
0.07366943359375 -0.106765747070313 -0.057098388671875 -0.282623291015625
0.0385284423828125 -0.147262573242188 -0.067718505859375 -0.25701904296875
-0.0314483642578125 -0.143447875976563 -0.112152099609375 -0.211456298828125
-0.0549392700195313 -0.103858947753906 -0.0908203125 -0.129524230957031
-0.0973587036132813 -0.0701446533203125 -0.0730743408203125 -0.10205078125
-0.113510131835938 -0.0449371337890625 -0.0339584350585938 -0.1011962890625
-0.106849670410156 -0.0440750122070312 0.00793457031249998 -0.106224060058594
-0.120643615722656 -0.0385055541992187 0.0508193969726562 -0.127960205078125
-0.102195739746094 -0.0502395629882812 0.100662231445313 -0.102813720703125
-0.0836944580078125 -0.0870742797851563 0.119430541992188 -0.0640792846679688
-0.0607452392578125 -0.106002807617188 0.09368896484375 -0.0209732055664063
0.016632080078125 -0.131866455078125 0.0579605102539063 -0.0112266540527344
0.0549545288085938 -0.116752624511719 0.0210418701171875 -0.0977630615234375
0.0877151489257813 -0.0977325439453125 0.1353759765625 -0.241592407226563
0.0901412963867188 -0.00333404541015625 -0.0840301513671875 -0.226806640625
0.0851058959960938 -0.0355987548828125 -0.039764404296875 -0.281890869140625
0.0639801025390625 -0.0841217041015625 -0.0600738525390625 -0.238510131835937
0.0153121948242188 -0.104690551757813 -0.09185791015625 -0.185562133789063
-0.00483703613281251 -0.0912094116210938 -0.0642852783203125 -0.102836608886719
-0.0498886108398437 -0.0948562622070312 -0.0332489013671875 -0.081695556640625
-0.08221435546875 -0.0879974365234375 0.010711669921875 -0.0882110595703125
-0.08209228515625 -0.0870132446289063 0.0459671020507812 -0.0937423706054688
-0.09710693359375 -0.0916900634765625 0.0869522094726563 -0.107109069824219
-0.0694046020507813 -0.0974578857421875 0.121658325195313 -0.0767135620117188
-0.030364990234375 -0.11529541015625 0.128379821777344 -0.0387191772460938
-4.57763671875052E-05 -0.113861083984375 0.10003662109375 -0.00657653808593751
0.0740127563476563 -0.098297119140625 0.0630149841308594 -0.00255584716796876
0.106781005859375 -0.0530624389648438 0.0378875732421875 -0.102157592773437
0.109603881835938 -0.0116119384765625 0.163711547851563 -0.251708984375
0.0748748779296875 0.089630126953125 -0.0682525634765625 -0.194015502929688
0.079315185546875 0.0444412231445313 -0.0341339111328125 -0.247833251953125
0.0783920288085938 0.00066375732421875 -0.0597686767578125 -0.20147705078125
0.0638847351074219 -0.041595458984375 -0.0787811279296875 -0.1490478515625
0.0545234680175781 -0.0609054565429688 -0.0500259399414063 -0.0722427368164063
0.0135345458984375 -0.106956481933594 -0.0080413818359375 -0.0539932250976563
-0.035919189453125 -0.1199951171875 0.0421905517578125 -0.0602569580078125
-0.0459442138671875 -0.116783142089844 0.0759963989257812 -0.0648040771484375
-0.059600830078125 -0.128005981445313 0.121124267578125 -0.0695419311523438
-0.0312118530273438 -0.123275756835937 0.143142700195313 -0.034759521484375
0.0162200927734375 -0.122543334960938 0.140235900878906 0.000701904296874993
0.04791259765625 -0.105140686035156 0.111953735351563 0.0209808349609375
0.113204956054688 -0.05657958984375 0.0782318115234375 0.0236892700195312
0.13916015625 0.0148239135742188 0.0703964233398438 -0.0790176391601562
0.115333557128906 0.0752792358398438 0.194427490234375 -0.225601196289063
-0.106475830078125 -0.17626953125 -0.2008056640625 0.1807861328125
-0.1514892578125 -0.0281524658203125 -0.104759216308594 0.0585556030273437
-0.124031066894531 0.0410308837890625 -0.082000732421875 -0.0577011108398438
-0.0804672241210937 0.0938262939453125 -0.124862670898438 -0.0730819702148438
-0.0337295532226563 0.103179931640625 -0.149703979492188 -0.060211181640625
0.0194854736328125 0.130912780761719 -0.169601440429688 -0.0033416748046875
0.0388031005859375 0.130027770996094 -0.150558471679687 0.0376739501953125
0.0236740112304687 0.125869750976563 -0.102760314941406 0.0362472534179688
0.0134735107421875 0.142547607421875 -0.0551033020019531 0.0332450866699219
-0.0446014404296875 0.121551513671875 0.00284576416015625 0.0358161926269531
-0.101356506347656 0.0744781494140625 0.0453948974609375 0.0515365600585938
-0.116355895996094 0.0134735107421875 0.0583267211914062 0.105384826660156
-0.103462219238281 -0.0752410888671875 0.0568389892578125 0.164093017578125
-0.0951004028320312 -0.124114990234375 0.0529632568359375 0.201156616210938
-0.0568084716796875 -0.182342529296875 0.068115234375 0.142318725585938
-0.0673370361328125 -0.227142333984375 -0.227371215820312 0.0989990234375
-0.126113891601563 -0.086151123046875 -0.132492065429688 -0.0106277465820313
-0.114151000976562 -0.020751953125 -0.103118896484375 -0.105911254882813
-0.0941314697265625 0.040283203125 -0.14959716796875 -0.116683959960937
-0.0585250854492188 0.0627861022949219 -0.165802001953125 -0.094268798828125
-0.0258865356445312 0.106109619140625 -0.187530517578125 -0.0424957275390625
-0.0127334594726562 0.121597290039062 -0.16790771484375 -0.00546264648437502
-0.0240402221679688 0.1207275390625 -0.112983703613281 -0.00445556640625001
-0.0399932861328125 0.1439208984375 -0.0602760314941406 -0.0121498107910156
-0.094879150390625 0.116714477539062 0.00865697860717773 -0.00524711608886718
-0.1512451171875 0.0493927001953125 0.0550346374511719 0.0138168334960938
-0.158859252929688 -0.02886962890625 0.0621070861816406 0.0661506652832031
-0.110008239746094 -0.138771057128906 0.0635223388671875 0.10797119140625
-0.0872802734375 -0.18701171875 0.050384521484375 0.125816345214844
-0.0339813232421875 -0.237167358398438 0.0674896240234375 0.0562171936035156
-0.01708984375 -0.252059936523438 -0.232315063476563 0.00440979003906252
-0.0771408081054687 -0.138130187988281 -0.141433715820313 -0.092193603515625
-0.087646484375 -0.0913543701171875 -0.112197875976563 -0.16156005859375
-0.101509094238281 -0.0292892456054687 -0.164627075195313 -0.161697387695312
-0.0809707641601563 0.00802612304687498 -0.172821044921875 -0.122024536132812
-0.0718994140625 0.0663223266601562 -0.190353393554688 -0.073760986328125
-0.064849853515625 0.0943069458007813 -0.166610717773438 -0.0433197021484375
-0.069000244140625 0.0972213745117188 -0.106460571289063 -0.0433807373046875
-0.0851593017578125 0.123435974121094 -0.0517807006835938 -0.0594749450683594
-0.126930236816406 0.0989913940429687 0.0228843688964844 -0.0480003356933594
-0.17498779296875 0.025909423828125 0.0688552856445312 -0.0245933532714844
-0.178787231445313 -0.0537567138671875 0.0689201354980468 0.0283241271972656
-0.110946655273438 -0.171173095703125 0.0646820068359375 0.0572967529296875
-0.0739288330078125 -0.216384887695313 0.0375518798828125 0.0481605529785156
-0.008575439453125 -0.25677490234375 0.0714340209960938 -0.0391845703125
0.0378875732421875 -0.23919677734375 -0.21392822265625 -0.0903778076171875
-0.01544189453125 -0.168350219726563 -0.129653930664063 -0.173309326171875
-0.0482330322265625 -0.1534423828125 -0.108261108398438 -0.212417602539062
-0.0975265502929688 -0.0994338989257812 -0.1661376953125 -0.196075439453125
-0.0954666137695313 -0.0489425659179687 -0.161575317382813 -0.1383056640625
-0.1097412109375 0.0167694091796875 -0.170989990234375 -0.093994140625
-0.107521057128906 0.05487060546875 -0.141998291015625 -0.0721893310546875
-0.103569030761719 0.0585174560546875 -0.0829086303710938 -0.0750732421875
-0.118698120117188 0.0833740234375 -0.0327529907226563 -0.0979461669921875
-0.139137268066406 0.0625457763671875 0.0397491455078125 -0.0841522216796875
-0.170867919921875 -0.0047760009765625 0.08056640625 -0.0555191040039063
-0.16912841796875 -0.0708465576171875 0.0731124877929687 -0.00281524658203125
-0.093536376953125 -0.177444458007813 0.0584678649902344 0.017181396484375
-0.0492706298828125 -0.213180541992188 0.01934814453125 -0.0201873779296875
0.0211334228515625 -0.23895263671875 0.0763168334960938 -0.131301879882813
0.0800933837890625 -0.190338134765625 -0.180023193359375 -0.169418334960937
0.04107666015625 -0.163345336914063 -0.107635498046875 -0.24066162109375
-0.00230407714843751 -0.182388305664063 -0.0984954833984375 -0.245773315429687
-0.077545166015625 -0.147293090820313 -0.152496337890625 -0.211578369140625
-0.093231201171875 -0.092742919921875 -0.134933471679687 -0.138580322265625
-0.125946044921875 -0.03076171875 -0.133277893066406 -0.101493835449219
-0.131095886230469 0.00723266601562501 -0.0999069213867188 -0.090179443359375
-0.122299194335937 0.0104141235351562 -0.048004150390625 -0.095245361328125
-0.13653564453125 0.0286407470703125 -0.00332641601562501 -0.12115478515625
-0.135025024414063 0.010650634765625 0.058197021484375 -0.104202270507813
-0.14337158203125 -0.0458526611328125 0.090789794921875 -0.071319580078125
-0.130973815917969 -0.0924911499023437 0.0744552612304687 -0.0219039916992188
-0.04937744140625 -0.167251586914063 0.0486602783203125 -0.00859832763671876
-0.00205993652343748 -0.18280029296875 0.00387573242187501 -0.0724411010742188
0.0598602294921875 -0.188385009765625 0.0891265869140625 -0.207504272460938
0.105079650878906 -0.111373901367188 -0.139297485351563 -0.219497680664063
0.0821762084960938 -0.121627807617188 -0.0812835693359375 -0.280914306640625
0.04107666015625 -0.1649169921875 -0.0868072509765625 -0.254241943359375
-0.03955078125 -0.156295776367188 -0.12811279296875 -0.203826904296875
-0.0647506713867188 -0.113037109375 -0.100135803222656 -0.123123168945313
-0.112281799316406 -0.0711441040039063 -0.0837554931640625 -0.096038818359375
-0.129692077636719 -0.0412521362304688 -0.0467453002929688 -0.0959930419921875
-0.121871948242188 -0.0395965576171875 -0.0042572021484375 -0.10162353515625
-0.137130737304688 -0.0330276489257813 0.034576416015625 -0.124015808105469
-0.116874694824219 -0.0478363037109375 0.0818099975585937 -0.100395202636719
-0.0984115600585938 -0.0921859741210938 0.102142333984375 -0.0641555786132813
-0.0728302001953125 -0.116920471191406 0.0777053833007813 -0.024078369140625
0.0149993896484375 -0.14788818359375 0.0443763732910156 -0.0176887512207031
0.0618057250976562 -0.133110046386719 0.00349426269531251 -0.104705810546875
0.099609375 -0.113273620605469 0.111679077148437 -0.255401611328125
0.109474182128906 -0.0156478881835938 -0.104660034179687 -0.230255126953125
0.100334167480469 -0.050018310546875 -0.060272216796875 -0.286346435546875
0.0718612670898438 -0.103874206542969 -0.0783233642578125 -0.237197875976563
0.00894927978515624 -0.123023986816406 -0.104843139648437 -0.178115844726563
-0.016265869140625 -0.104263305664062 -0.0687179565429688 -0.0970993041992188
-0.0694580078125 -0.0992355346679687 -0.0374603271484375 -0.0789566040039062
-0.104286193847656 -0.0849685668945313 0.00445556640625 -0.0873870849609375
-0.103294372558594 -0.0837860107421875 0.0390548706054687 -0.0912857055664062
-0.119407653808594 -0.0864944458007813 0.076568603515625 -0.105392456054687
-0.089263916015625 -0.09698486328125 0.109359741210938 -0.0743331909179688
-0.0494384765625 -0.125480651855469 0.116294860839844 -0.0382003784179688
-0.0124893188476562 -0.130348205566406 0.0863113403320313 -0.0104217529296875
0.0777130126953125 -0.119178771972656 0.0522537231445313 -0.0100936889648438
0.120460510253906 -0.0723876953125 0.0250015258789063 -0.112190246582031
0.129119873046875 -0.026397705078125 0.14544677734375 -0.269729614257813
0.0996856689453125 0.0817947387695312 -0.080047607421875 -0.201904296875
0.0998611450195312 0.0333709716796875 -0.048736572265625 -0.25433349609375
0.09222412109375 -0.0178909301757813 -0.0725555419921875 -0.199203491210938
0.0622787475585938 -0.0616302490234375 -0.0857696533203125 -0.141464233398438
0.0448150634765625 -0.076751708984375 -0.0483474731445313 -0.06640625
-0.00811004638671874 -0.114860534667969 -0.00511550903320312 -0.0517616271972656
-0.0597076416015625 -0.11932373046875 0.0431251525878906 -0.0625534057617188
-0.067901611328125 -0.113922119140625 0.0755157470703125 -0.0657806396484375
-0.0861663818359375 -0.123756408691406 0.117507934570312 -0.0707855224609375
-0.0548019409179688 -0.124580383300781 0.137031555175781 -0.0333251953125
-0.00354766845703124 -0.134864807128906 0.133567810058594 -0.000160217285156258
0.0349655151367188 -0.124076843261719 0.103424072265625 0.0164031982421875
0.118911743164063 -0.0795669555664063 0.0725555419921875 0.0153045654296875
0.156524658203125 -0.005340576171875 0.0646286010742188 -0.0915069580078125
0.139595031738281 0.0637283325195313 0.186004638671875 -0.244827270507812
-0.13726806640625 -0.162704467773437 -0.197723388671875 0.210250854492188
-0.162399291992188 -0.00117492675781251 -0.100051879882813 0.0773468017578125
-0.122276306152344 0.0662307739257812 -0.0827178955078125 -0.0509872436523437
-0.0642929077148438 0.113945007324219 -0.127357482910156 -0.0684967041015625
-0.0135421752929688 0.111541748046875 -0.155685424804688 -0.0555572509765625
0.0450286865234375 0.126678466796875 -0.173385620117188 0.00192260742187498
0.0617904663085938 0.122474670410156 -0.156646728515625 0.04571533203125
0.0456695556640625 0.120094299316406 -0.109344482421875 0.0442886352539063
0.0384368896484375 0.139503479003906 -0.0615692138671875 0.0406570434570313
-0.022796630859375 0.127532958984375 -0.00428390502929687 0.0348663330078125
-0.0864944458007812 0.0927352905273438 0.0399818420410156 0.048614501953125
-0.115180969238281 0.035980224609375 0.0614700317382813 0.101478576660156
-0.121864318847656 -0.0568161010742188 0.06561279296875 0.1595458984375
-0.123146057128906 -0.110435485839844 0.0657806396484375 0.20550537109375
-0.090484619140625 -0.178878784179687 0.0750274658203125 0.1490478515625
-0.095794677734375 -0.221923828125 -0.235198974609375 0.13055419921875
-0.137748718261719 -0.0667343139648438 -0.138191223144531 0.0107040405273437
-0.114906311035156 -0.00128173828125 -0.110481262207031 -0.0966415405273437
-0.0826187133789062 0.057281494140625 -0.158309936523438 -0.108200073242188
-0.0420455932617187 0.0696487426757813 -0.176910400390625 -0.0869903564453125
-0.00524902343749999 0.104118347167969 -0.197769165039062 -0.03302001953125
0.00518035888671876 0.117233276367188 -0.180831909179688 0.0072174072265625
-0.00673675537109374 0.118873596191406 -0.125038146972656 0.00679016113281252
-0.0191192626953125 0.145065307617187 -0.0739364624023438 -0.00228881835937498
-0.07757568359375 0.125778198242187 -0.00495529174804688 -0.00412702560424804
-0.142547607421875 0.0686187744140625 0.0429763793945312 0.0125541687011719
-0.163909912109375 -0.00724792480468751 0.0579948425292969 0.0632858276367188
-0.131805419921875 -0.125984191894531 0.0635986328125 0.103240966796875
-0.1170654296875 -0.179489135742188 0.0529861450195312 0.128837585449219
-0.0666046142578125 -0.241073608398438 0.0623283386230469 0.0607643127441406
-0.0401153564453125 -0.25506591796875 -0.2513427734375 0.03460693359375
-0.088287353515625 -0.127693176269531 -0.155609130859375 -0.0702972412109375
-0.0921707153320313 -0.0823211669921875 -0.125900268554688 -0.15191650390625
-0.0969085693359375 -0.0173110961914062 -0.180282592773438 -0.150588989257812
-0.0722579956054688 0.01336669921875 -0.187637329101563 -0.11248779296875
-0.0598678588867187 0.0665512084960938 -0.205307006835937 -0.0608978271484375
-0.0544967651367188 0.0951156616210938 -0.18316650390625 -0.0271453857421875
-0.0587234497070313 0.0998153686523438 -0.121955871582031 -0.0294723510742187
-0.071807861328125 0.129074096679688 -0.0706329345703125 -0.04833984375
-0.116798400878906 0.10992431640625 0.00453567504882812 -0.0451240539550781
-0.173446655273438 0.044097900390625 0.0526199340820312 -0.0243797302246094
-0.187774658203125 -0.035552978515625 0.0583534240722656 0.0268325805664062
-0.1334228515625 -0.163803100585938 0.0572929382324219 0.0517997741699219
-0.10205078125 -0.215682983398438 0.0294761657714844 0.0504570007324219
-0.036468505859375 -0.267623901367187 0.0545997619628906 -0.0380821228027344
0.02191162109375 -0.251556396484375 -0.2410888671875 -0.0659637451171875
-0.0252838134765625 -0.170730590820313 -0.152633666992188 -0.155410766601562
-0.055328369140625 -0.155349731445313 -0.127685546875 -0.203582763671875
-0.1026611328125 -0.0946731567382813 -0.185897827148438 -0.184539794921875
-0.0966796875 -0.0463638305664062 -0.178619384765625 -0.127838134765625
-0.107559204101563 0.0196685791015625 -0.188461303710938 -0.080810546875
-0.10723876953125 0.0601043701171875 -0.160675048828125 -0.0566253662109375
-0.101982116699219 0.0643463134765625 -0.100181579589844 -0.0623626708984375
-0.115135192871094 0.0924606323242187 -0.0540008544921875 -0.0878982543945312
-0.137466430664063 0.0732650756835937 0.0182266235351562 -0.0800857543945313
-0.1767578125 0.00900268554687503 0.0618743896484375 -0.055511474609375
-0.181793212890625 -0.0595703125 0.0585823059082031 -0.00361251831054688
-0.112930297851563 -0.17718505859375 0.0452728271484375 0.0125923156738281
-0.0701141357421875 -0.218841552734375 0.00320625305175781 -0.0192966461181641
0.00283813476562502 -0.255599975585938 0.0508346557617187 -0.135139465332031
0.0761260986328125 -0.209274291992188 -0.212371826171875 -0.15301513671875
0.03692626953125 -0.17657470703125 -0.135650634765625 -0.22882080078125
-0.010711669921875 -0.196334838867187 -0.12176513671875 -0.239303588867188
-0.08990478515625 -0.151214599609375 -0.174392700195313 -0.200469970703125
-0.102790832519531 -0.0945510864257813 -0.150314331054688 -0.128646850585938
-0.134208679199219 -0.0262451171875 -0.149581909179688 -0.0895843505859375
-0.139991760253906 0.0165786743164062 -0.117164611816406 -0.0776748657226562
-0.129875183105469 0.0193023681640625 -0.0638656616210938 -0.0845489501953125
-0.143798828125 0.04034423828125 -0.0241622924804688 -0.112655639648438
-0.142547607421875 0.02044677734375 0.0381393432617187 -0.0998001098632813
-0.156219482421875 -0.0387115478515625 0.072052001953125 -0.0702133178710938
-0.14678955078125 -0.0899658203125 0.0586585998535156 -0.0214996337890625
-0.063568115234375 -0.17730712890625 0.0317878723144531 -0.0119819641113281
-0.0133819580078125 -0.19671630859375 -0.017486572265625 -0.0730667114257813
0.0527191162109375 -0.208450317382813 0.05950927734375 -0.215667724609375
0.112167358398438 -0.132980346679688 -0.172622680664062 -0.211334228515625
0.085601806640625 -0.140670776367188 -0.11102294921875 -0.277023315429688
0.035125732421875 -0.18695068359375 -0.1112060546875 -0.249557495117188
-0.0560760498046875 -0.168136596679688 -0.14862060546875 -0.1937255859375
-0.0806503295898438 -0.118759155273438 -0.111618041992188 -0.114906311035156
-0.129768371582031 -0.0669021606445312 -0.0963363647460938 -0.0874710083007813
-0.147323608398438 -0.0303802490234375 -0.0608673095703125 -0.0887680053710938
-0.138015747070313 -0.029296875 -0.017242431640625 -0.0947647094726563
-0.154403686523438 -0.0190887451171875 0.017730712890625 -0.118972778320312
-0.133979797363281 -0.0400772094726562 0.0654067993164062 -0.0961837768554688
-0.118827819824219 -0.0916519165039063 0.086761474609375 -0.0631637573242188
-0.091552734375 -0.123527526855469 0.0624427795410156 -0.023468017578125
0.0068359375 -0.16705322265625 0.0281009674072266 -0.0212020874023438
0.0595550537109375 -0.154876708984375 -0.01739501953125 -0.108711242675781
0.104965209960937 -0.1361083984375 0.0816650390625 -0.269927978515625
0.127342224121094 -0.035675048828125 -0.132080078125 -0.231185913085938
0.11181640625 -0.0717239379882813 -0.0880126953125 -0.288726806640625
0.0724639892578125 -0.129661560058594 -0.099853515625 -0.2330322265625
-0.00488281249999999 -0.140495300292969 -0.120101928710938 -0.168548583984375
-0.0327301025390625 -0.115325927734375 -0.073211669921875 -0.0909423828125
-0.092681884765625 -0.098297119140625 -0.0433883666992187 -0.0755767822265625
-0.127662658691406 -0.0753555297851563 -0.00417327880859376 -0.0853424072265625
-0.12548828125 -0.0729446411132813 0.0313262939453125 -0.0893402099609375
-0.143875122070313 -0.0732879638671875 0.0671005249023438 -0.105026245117187
-0.113059997558594 -0.0909881591796875 0.0984573364257813 -0.071533203125
-0.0739593505859375 -0.1317138671875 0.106613159179688 -0.0374984741210938
-0.0332183837890625 -0.144485473632813 0.0746002197265625 -0.0112686157226563
0.0735626220703125 -0.144622802734375 0.0399665832519531 -0.0156021118164063
0.128555297851563 -0.0997390747070312 0.00730133056640626 -0.120994567871094
0.146102905273438 -0.0492706298828125 0.120361328125 -0.2904052734375
0.124710083007813 0.066864013671875 -0.0987701416015625 -0.206832885742188
0.119316101074219 0.015472412109375 -0.07110595703125 -0.260269165039063
0.100906372070313 -0.0421905517578125 -0.09051513671875 -0.195266723632813
0.0539321899414063 -0.0837249755859375 -0.0951004028320313 -0.133026123046875
0.0307235717773437 -0.0919647216796875 -0.0470657348632813 -0.0610427856445313
-0.0329208374023438 -0.118446350097656 -0.0045318603515625 -0.0529708862304688
-0.0857772827148438 -0.112869262695313 0.0426521301269531 -0.0670356750488281
-0.0927505493164063 -0.105422973632812 0.0745620727539063 -0.0689926147460938
-0.113845825195313 -0.112693786621094 0.113960266113281 -0.0743942260742187
-0.080718994140625 -0.1199951171875 0.134063720703125 -0.0335311889648438
-0.0300140380859375 -0.144287109375 0.130378723144531 -0.00167083740234376
0.0152740478515625 -0.141769409179688 0.0960235595703125 0.013397216796875
0.1190185546875 -0.107391357421875 0.0665550231933594 0.00787353515624999
0.1705322265625 -0.0340576171875 0.0538406372070313 -0.1046142578125
0.164505004882813 0.0430450439453125 0.170761108398437 -0.269638061523438
-0.165771484375 -0.138153076171875 -0.179916381835937 0.2420654296875
-0.164306640625 0.0306854248046875 -0.0884780883789063 0.0963973999023438
-0.111351013183594 0.0925369262695312 -0.0826339721679688 -0.0423583984375
-0.0392684936523437 0.128669738769531 -0.129051208496094 -0.0602798461914063
0.0110015869140625 0.113571166992187 -0.161056518554688 -0.0465240478515625
0.0706863403320313 0.113319396972656 -0.176589965820313 0.0125885009765625
0.0833053588867187 0.105484008789062 -0.159164428710938 0.0598297119140625
0.0669708251953125 0.107177734375 -0.111968994140625 0.0562591552734375
0.0645751953125 0.1263427734375 -0.0648994445800781 0.0503959655761719
0.00247955322265624 0.12603759765625 -0.0105667114257812 0.037139892578125
-0.0652618408203125 0.107276916503906 0.0356254577636719 0.0469398498535156
-0.106559753417969 0.0590133666992187 0.065582275390625 0.0956039428710938
-0.135002136230469 -0.031036376953125 0.076080322265625 0.153228759765625
-0.14776611328125 -0.0855560302734375 0.0844879150390625 0.204025268554687
-0.124404907226563 -0.163284301757813 0.0875244140625 0.151092529296875
-0.127151489257813 -0.205963134765625 -0.230316162109375 0.170013427734375
-0.144439697265625 -0.0412750244140625 -0.136817932128906 0.0363540649414063
-0.109596252441406 0.01959228515625 -0.117515563964844 -0.0839996337890625
-0.0646514892578125 0.0705108642578125 -0.167282104492187 -0.094085693359375
-0.0236740112304688 0.071868896484375 -0.187103271484375 -0.072723388671875
0.0153656005859375 0.0954437255859375 -0.2054443359375 -0.0165252685546875
0.023162841796875 0.107421875 -0.189010620117188 0.0275421142578125
0.0116195678710937 0.111442565917969 -0.132827758789063 0.0242080688476563
0.00455474853515626 0.139556884765625 -0.0836944580078125 0.0132369995117188
-0.0557861328125 0.130859375 -0.0173349380493164 0.00171375274658204
-0.127647399902344 0.08770751953125 0.0329780578613281 0.0131511688232422
-0.161773681640625 0.0179901123046875 0.0552711486816406 0.0605545043945313
-0.152069091796875 -0.10321044921875 0.0641555786132812 0.0968475341796875
-0.147079467773438 -0.160171508789062 0.0590591430664062 0.130035400390625
-0.104965209960938 -0.2333984375 0.0597915649414062 0.0657539367675781
-0.068878173828125 -0.251190185546875 -0.258880615234375 0.076080322265625
-0.098724365234375 -0.113418579101563 -0.165115356445313 -0.04217529296875
-0.0945053100585938 -0.069183349609375 -0.139694213867188 -0.136116027832031
-0.0898818969726563 -0.00630950927734377 -0.195556640625 -0.1318359375
-0.0624122619628906 0.0164527893066406 -0.20147705078125 -0.09442138671875
-0.04656982421875 0.0638046264648437 -0.217132568359375 -0.0392913818359375
-0.042816162109375 0.0940628051757813 -0.195892333984375 -0.00279235839843745
-0.0458984375 0.099945068359375 -0.133514404296875 -0.00999450683593748
-0.0556564331054688 0.13177490234375 -0.0852890014648438 -0.03021240234375
-0.100982666015625 0.118637084960938 -0.0127754211425781 -0.0367965698242187
-0.165008544921875 0.0642547607421875 0.0376091003417969 -0.0217018127441406
-0.192001342773438 -0.0113983154296875 0.0499496459960937 0.0270156860351563
-0.155990600585937 -0.147323608398438 0.0482368469238281 0.0480880737304688
-0.131973266601563 -0.204254150390625 0.0233306884765625 0.0545463562011719
-0.0721893310546875 -0.269012451171875 0.0385818481445312 -0.0329475402832031
-0.00157165527343752 -0.259857177734375 -0.260894775390625 -0.0265960693359375
-0.0384674072265625 -0.169204711914063 -0.172012329101563 -0.127700805664063
-0.0670928955078125 -0.1544189453125 -0.148590087890625 -0.186752319335938
-0.107818603515625 -0.087127685546875 -0.205810546875 -0.163360595703125
-0.0983734130859375 -0.0421218872070312 -0.194229125976562 -0.108963012695312
-0.104560852050781 0.0241241455078125 -0.20220947265625 -0.058258056640625
-0.103424072265625 0.0675506591796875 -0.175018310546875 -0.032196044921875
-0.0974960327148438 0.0721664428710937 -0.113166809082031 -0.0423507690429688
-0.107284545898438 0.102569580078125 -0.072113037109375 -0.0693359375
-0.130867004394531 0.0863418579101563 -0.00149536132812502 -0.0708236694335938
-0.17730712890625 0.027313232421875 0.0442237854003906 -0.0501670837402344
-0.19171142578125 -0.0406341552734375 0.045867919921875 -0.000633239746093752
-0.135040283203125 -0.169647216796875 0.0303516387939453 0.0116367340087891
-0.09710693359375 -0.217071533203125 -0.0130691528320313 -0.0129070281982422
-0.0260772705078125 -0.266204833984375 0.0235824584960938 -0.131362915039063
0.0612945556640625 -0.228195190429688 -0.24090576171875 -0.120559692382813
0.0244140625 -0.188812255859375 -0.163223266601562 -0.207000732421875
-0.0276031494140625 -0.206146240234375 -0.1473388671875 -0.22265625
-0.107086181640625 -0.148941040039062 -0.196517944335938 -0.178634643554687
-0.115127563476563 -0.0908050537109375 -0.165878295898438 -0.111160278320312
-0.14202880859375 -0.0166168212890625 -0.163131713867188 -0.0696258544921875
-0.145797729492188 0.031494140625 -0.13165283203125 -0.0572433471679687
-0.134376525878906 0.03350830078125 -0.0771636962890625 -0.0684967041015625
-0.145782470703125 0.057830810546875 -0.0431442260742188 -0.0977096557617188
-0.14593505859375 0.03521728515625 0.0183792114257812 -0.0905380249023438
-0.167495727539063 -0.02447509765625 0.0541038513183594 -0.0644035339355469
-0.1636962890625 -0.07879638671875 0.0431938171386719 -0.0166244506835938
-0.083953857421875 -0.17987060546875 0.0149707794189453 -0.0103006362915039
-0.03314208984375 -0.206344604492188 -0.0401496887207031 -0.0667610168457031
0.03472900390625 -0.228073120117187 0.0229339599609375 -0.215774536132813
0.108856201171875 -0.158584594726563 -0.20465087890625 -0.189315795898437
0.0789031982421875 -0.163375854492188 -0.144973754882813 -0.261154174804687
0.01824951171875 -0.20697021484375 -0.13848876953125 -0.23541259765625
-0.078582763671875 -0.172576904296875 -0.169204711914062 -0.174774169921875
-0.0999908447265625 -0.118988037109375 -0.122573852539062 -0.101890563964844
-0.146926879882813 -0.0550537109375 -0.107833862304688 -0.0742034912109375
-0.162277221679688 -0.010955810546875 -0.07366943359375 -0.07501220703125
-0.150619506835938 -0.0106353759765625 -0.0282440185546875 -0.0842208862304688
-0.1666259765625 0.00189208984375002 0.00160217285156249 -0.109321594238281
-0.147918701171875 -0.0244140625 0.0496749877929687 -0.088592529296875
-0.139236450195313 -0.0828399658203125 0.0721511840820312 -0.0587234497070313
-0.114677429199219 -0.122154235839844 0.0477676391601563 -0.0187606811523438
-0.0113067626953125 -0.182266235351562 0.0111179351806641 -0.0199108123779297
0.0483856201171875 -0.176788330078125 -0.042724609375 -0.104743957519531
0.0999298095703125 -0.162826538085938 0.0428009033203125 -0.277191162109375
0.136573791503906 -0.0629501342773438 -0.164657592773438 -0.218490600585938
0.11419677734375 -0.0986862182617188 -0.122329711914062 -0.280014038085938
0.06219482421875 -0.156005859375 -0.125686645507812 -0.220001220703125
-0.0275115966796875 -0.152984619140625 -0.13555908203125 -0.152450561523437
-0.0552215576171875 -0.120445251464844 -0.0785293579101563 -0.081756591796875
-0.116477966308594 -0.0872726440429688 -0.0500564575195313 -0.0687942504882813
-0.148956298828125 -0.055328369140625 -0.013092041015625 -0.081390380859375
-0.144485473632813 -0.0531463623046875 0.0235443115234375 -0.0860671997070313
-0.164596557617188 -0.0500946044921875 0.0550079345703125 -0.102149963378906
-0.135162353515625 -0.0751953125 0.0888442993164062 -0.0682220458984375
-0.101783752441406 -0.126693725585937 0.097015380859375 -0.0365829467773438
-0.060577392578125 -0.150634765625 0.0631752014160156 -0.00921630859375001
0.0590972900390625 -0.169281005859375 0.0260772705078125 -0.0166664123535156
0.124908447265625 -0.131111145019531 -0.01593017578125 -0.123710632324219
0.15380859375 -0.079833984375 0.083709716796875 -0.30487060546875
0.146133422851563 0.041229248046875 -0.124465942382813 -0.203323364257813
0.132064819335938 -0.0117340087890625 -0.0997467041015625 -0.257125854492188
0.101051330566406 -0.0709075927734375 -0.10980224609375 -0.18402099609375
0.0378341674804687 -0.102706909179688 -0.104095458984375 -0.120506286621094
0.010833740234375 -0.102714538574219 -0.046600341796875 -0.0562744140625
-0.06011962890625 -0.113059997558594 -0.00451278686523437 -0.0535659790039063
-0.111381530761719 -0.095977783203125 0.039398193359375 -0.0720901489257813
-0.115547180175781 -0.0875930786132812 0.0720367431640625 -0.0737457275390625
-0.138328552246094 -0.0900344848632813 0.108955383300781 -0.080657958984375
-0.106605529785156 -0.105003356933594 0.131675720214844 -0.0358123779296875
-0.0608673095703125 -0.142578125 0.127510070800781 -0.00411987304687501
-0.0133056640625 -0.152587890625 0.0897903442382813 0.0111923217773437
0.106101989746094 -0.137123107910156 0.0584526062011719 0.00119781494140624
0.174591064453125 -0.0698699951171875 0.0362777709960938 -0.116165161132813
0.182052612304688 0.0121002197265625 0.1412353515625 -0.293426513671875
-0.184112548828125 -0.103530883789063 -0.1484375 0.265823364257812
-0.153244018554688 0.0616912841796875 -0.068634033203125 0.1097412109375
-0.090789794921875 0.112777709960938 -0.0801162719726563 -0.0340652465820312
-0.010498046875 0.132614135742188 -0.12762451171875 -0.0506134033203125
0.0343170166015625 0.105606079101563 -0.16180419921875 -0.0339813232421875
0.0891265869140625 0.0915679931640625 -0.174636840820313 0.0245361328125
0.0976715087890625 0.0820541381835938 -0.154953002929688 0.074127197265625
0.0822067260742188 0.0865859985351563 -0.109527587890625 0.0685882568359375
0.083587646484375 0.104835510253906 -0.0633277893066406 0.0617446899414063
0.0255508422851562 0.116432189941406 -0.0143966674804688 0.0411796569824219
-0.0395660400390625 0.112220764160156 0.0319709777832031 0.0460472106933594
-0.0890655517578125 0.0770111083984375 0.0680389404296875 0.08721923828125
-0.137596130371094 -0.00213623046875 0.0839996337890625 0.141448974609375
-0.160430908203125 -0.053466796875 0.102157592773437 0.194351196289063
-0.151031494140625 -0.135726928710938 0.0999908447265625 0.145599365234375
-0.151107788085938 -0.179397583007812 -0.209075927734375 0.204025268554687
-0.1407470703125 -0.014129638671875 -0.125274658203125 0.0599288940429687
-0.0970306396484375 0.0375747680664062 -0.119148254394531 -0.0684127807617187
-0.0430908203125 0.0767059326171875 -0.170242309570313 -0.0769195556640625
-0.00534439086914063 0.0668411254882813 -0.190444946289063 -0.0538787841796875
0.0313339233398437 0.0797348022460938 -0.206512451171875 0.00335693359374999
0.036956787109375 0.092254638671875 -0.187347412109375 0.0505218505859375
0.02630615234375 0.098480224609375 -0.13299560546875 0.0438766479492187
0.0244674682617188 0.12554931640625 -0.0857391357421875 0.0306396484375
-0.033538818359375 0.127685546875 -0.0256080627441406 0.0111904144287109
-0.10589599609375 0.0998153686523437 0.0245895385742187 0.0171623229980469
-0.150497436523437 0.041259765625 0.0516471862792969 0.0581283569335938
-0.161941528320313 -0.0750885009765625 0.0624160766601562 0.0903549194335938
-0.167938232421875 -0.130645751953125 0.065338134765625 0.127510070800781
-0.137847900390625 -0.211990356445313 0.0600547790527344 0.0686836242675781
-0.0958404541015625 -0.23529052734375 -0.249282836914063 0.11785888671875
-0.1041259765625 -0.0951309204101563 -0.162429809570313 -0.0123748779296875
-0.0934600830078125 -0.0563125610351562 -0.147918701171875 -0.115234375
-0.078643798828125 0.0024261474609375 -0.202987670898438 -0.10797119140625
-0.0523834228515625 0.0162200927734375 -0.207305908203125 -0.0706939697265625
-0.0352935791015625 0.05712890625 -0.220062255859375 -0.0139312744140625
-0.0319290161132812 0.0892105102539063 -0.197189331054688 0.02587890625
-0.0337371826171875 0.0954208374023438 -0.135757446289062 0.0134201049804687
-0.0381317138671875 0.128410339355469 -0.0926513671875 -0.00798797607421874
-0.0823593139648438 0.122779846191406 -0.0252056121826172 -0.0236549377441406
-0.149765014648438 0.0807342529296875 0.0250797271728516 -0.0143184661865234
-0.186843872070313 0.01336669921875 0.0417060852050781 0.0295906066894531
-0.171005249023437 -0.122711181640625 0.0391845703125 0.0473594665527344
-0.156570434570312 -0.181106567382813 0.019195556640625 0.0589218139648437
-0.106658935546875 -0.255340576171875 0.0254077911376953 -0.0241680145263672
-0.028106689453125 -0.258056640625 -0.263992309570313 0.0175018310546875
-0.0512237548828125 -0.162796020507813 -0.180328369140625 -0.094757080078125
-0.0787506103515625 -0.147415161132813 -0.161880493164063 -0.161941528320312
-0.110786437988281 -0.0766830444335937 -0.216903686523438 -0.13458251953125
-0.0972900390625 -0.0378875732421875 -0.201934814453125 -0.0832977294921875
-0.0998382568359375 0.027679443359375 -0.207122802734375 -0.0304718017578125
-0.096405029296875 0.0739212036132812 -0.178756713867188 -0.00297546386718746
-0.089111328125 0.077667236328125 -0.117782592773437 -0.019622802734375
-0.0954437255859375 0.11029052734375 -0.0824127197265625 -0.0465164184570312
-0.118919372558594 0.0964736938476562 -0.015960693359375 -0.0557937622070313
-0.170791625976563 0.046173095703125 0.0296974182128906 -0.039947509765625
-0.194137573242188 -0.0178375244140625 0.0346393585205078 0.00639724731445312
-0.153213500976563 -0.1524658203125 0.0167922973632812 0.0157804489135742
-0.122024536132813 -0.2039794921875 -0.0263195037841797 -0.00171279907226564
-0.05780029296875 -0.263153076171875 -0.00177764892578125 -0.118751525878906
0.0389251708984375 -0.240310668945313 -0.255035400390625 -0.07867431640625
0.00700378417968748 -0.194656372070313 -0.181838989257812 -0.173538208007813
-0.0494842529296875 -0.208206176757813 -0.166046142578125 -0.196868896484375
-0.121650695800781 -0.139122009277344 -0.20855712890625 -0.149276733398437
-0.123947143554687 -0.081939697265625 -0.173233032226563 -0.088043212890625
-0.144943237304688 -0.00346374511718752 -0.169052124023437 -0.0455474853515625
-0.144775390625 0.04833984375 -0.137474060058594 -0.0320968627929687
-0.132438659667969 0.04815673828125 -0.083160400390625 -0.0488128662109375
-0.141098022460938 0.0752410888671875 -0.0551834106445313 -0.0767822265625
-0.143524169921875 0.051300048828125 0.00370025634765624 -0.0752639770507813
-0.171218872070313 -0.0052947998046875 0.0401687622070312 -0.0541305541992188
-0.17413330078125 -0.0611419677734375 0.0315265655517578 -0.00781059265136719
-0.105178833007812 -0.174575805664063 -0.000228166580200202 -0.00313210487365724
-0.0562286376953125 -0.206817626953125 -0.0592041015625 -0.0521736145019531
0.00976562499999998 -0.23773193359375 -0.0117645263671875 -0.203353881835938
0.094940185546875 -0.181884765625 -0.227447509765625 -0.154815673828125
0.0627593994140625 -0.180755615234375 -0.171066284179688 -0.232589721679688
-0.00648498535156248 -0.218505859375 -0.159530639648437 -0.210403442382813
-0.10205078125 -0.16748046875 -0.181564331054687 -0.147384643554688
-0.117431640625 -0.110000610351563 -0.128677368164063 -0.0835952758789062
-0.157852172851563 -0.03631591796875 -0.113319396972656 -0.05670166015625
-0.166854858398437 0.0128326416015625 -0.0808792114257813 -0.0579833984375
-0.154983520507813 0.0105743408203125 -0.035552978515625 -0.0705642700195313
-0.169143676757813 0.027496337890625 -0.0111160278320313 -0.0940170288085938
-0.15423583984375 -0.003753662109375 0.037322998046875 -0.0771560668945313
-0.155136108398438 -0.06494140625 0.0597953796386719 -0.0504188537597656
-0.134498596191406 -0.110328674316406 0.0366935729980469 -0.0105438232421875
-0.0343780517578125 -0.188995361328125 -0.00386619567871094 -0.0132665634155274
0.02813720703125 -0.19219970703125 -0.0658187866210938 -0.0923233032226563
0.083953857421875 -0.18414306640625 0.00228881835937499 -0.268280029296875
0.134140014648437 -0.0924453735351562 -0.189315795898438 -0.193191528320312
0.105224609375 -0.124099731445312 -0.152679443359375 -0.257247924804688
0.0417938232421875 -0.1763916015625 -0.145156860351562 -0.197158813476563
-0.053253173828125 -0.154983520507812 -0.145187377929688 -0.1302490234375
-0.0771942138671875 -0.1160888671875 -0.0815353393554688 -0.0704879760742188
-0.134757995605469 -0.0682907104492187 -0.05438232421875 -0.0601387023925781
-0.161209106445312 -0.0283660888671875 -0.0202407836914063 -0.0742568969726563
-0.154541015625 -0.0273895263671875 0.0171127319335937 -0.081298828125
-0.17425537109375 -0.0199432373046875 0.0439529418945312 -0.0963973999023438
-0.14862060546875 -0.051727294921875 0.0806884765625 -0.0629653930664063
-0.126029968261719 -0.111007690429688 0.0884552001953125 -0.0332183837890625
-0.087310791015625 -0.144500732421875 0.0537872314453125 -0.00389480590820313
0.034942626953125 -0.186203002929687 0.0130710601806641 -0.0134315490722656
0.109100341796875 -0.158676147460938 -0.0392990112304687 -0.116218566894531
0.147979736328125 -0.110748291015625 0.04132080078125 -0.304534912109375
0.15582275390625 0.0101165771484375 -0.146148681640625 -0.188400268554688
0.13299560546875 -0.0408096313476562 -0.126190185546875 -0.242431640625
0.0893707275390625 -0.0973739624023438 -0.124755859375 -0.165420532226563
0.0158157348632813 -0.113616943359375 -0.108169555664062 -0.10430908203125
-0.0116958618164063 -0.10516357421875 -0.0443611145019531 -0.0510292053222656
-0.0826644897460938 -0.0975418090820313 -0.00576019287109375 -0.0537910461425781
-0.128875732421875 -0.0701751708984375 0.0337066650390625 -0.0748519897460938
-0.130477905273438 -0.0625152587890625 0.0670623779296875 -0.0777435302734375
-0.153488159179687 -0.0599365234375 0.100624084472656 -0.0849990844726563
-0.124954223632812 -0.0816497802734375 0.127639770507813 -0.0386505126953125
-0.088409423828125 -0.128890991210938 0.122489929199219 -0.00803375244140626
-0.0432281494140625 -0.149932861328125 0.0826263427734375 0.00998687744140624
0.0835113525390625 -0.1600341796875 0.0486297607421875 -0.00202178955078126
0.1639404296875 -0.104736328125 0.0143814086914063 -0.119941711425781
0.186187744140625 -0.0231170654296875 0.1031494140625 -0.305267333984375
-0.188995361328125 -0.069305419921875 -0.1156005859375 0.274246215820313
-0.134048461914063 0.0842742919921875 -0.0487594604492188 0.114028930664063
-0.0675201416015625 0.123115539550781 -0.0744705200195313 -0.0280227661132812
0.0142059326171875 0.126510620117187 -0.123687744140625 -0.0441818237304687
0.050445556640625 0.0917129516601563 -0.1585693359375 -0.0236663818359375
0.0971450805664063 0.0678863525390625 -0.168563842773438 0.0330963134765625
0.102035522460938 0.0586090087890625 -0.146621704101563 0.08453369140625
0.0878219604492187 0.06536865234375 -0.103118896484375 0.0780487060546875
0.092987060546875 0.0802536010742188 -0.0581169128417969 0.069000244140625
0.0413970947265625 0.099945068359375 -0.0166854858398438 0.0452728271484375
-0.017242431640625 0.107353210449219 0.0286865234375 0.0457916259765625
-0.06903076171875 0.0862197875976562 0.0662765502929688 0.0802536010742188
-0.129318237304688 0.022796630859375 0.0861434936523437 0.128898620605469
-0.160537719726563 -0.021881103515625 0.11328125 0.180145263671875
-0.163925170898438 -0.104690551757812 0.10784912109375 0.136383056640625
-0.161880493164063 -0.1490478515625 -0.179519653320313 0.225357055664063
-0.128517150878906 0.00646209716796873 -0.10797119140625 0.07537841796875
-0.0805587768554688 0.0487594604492187 -0.115692138671875 -0.0541000366210937
-0.0224227905273438 0.074249267578125 -0.165878295898438 -0.061248779296875
0.0080413818359375 0.0568428039550781 -0.187286376953125 -0.0376739501953125
0.0397567749023438 0.0617599487304687 -0.200576782226563 0.01922607421875
0.0430068969726563 0.0751800537109375 -0.179061889648438 0.068939208984375
0.03411865234375 0.0826416015625 -0.126396179199219 0.0596694946289062
0.036041259765625 0.107917785644531 -0.0821151733398437 0.0460433959960938
-0.0161361694335938 0.117652893066406 -0.0297832489013672 0.0211315155029297
-0.0840225219726562 0.102157592773438 0.0184974670410156 0.0228424072265625
-0.133720397949219 0.0564117431640625 0.0475845336914062 0.0574455261230469
-0.161376953125 -0.0483856201171875 0.0582809448242187 0.08551025390625
-0.175506591796875 -0.0994873046875 0.0693130493164062 0.123306274414063
-0.157424926757812 -0.182601928710938 0.060150146484375 0.0702743530273437
-0.113494873046875 -0.213088989257813 -0.227996826171875 0.149551391601562
-0.101570129394531 -0.0774765014648438 -0.151275634765625 0.0128173828125
-0.0878067016601563 -0.0448989868164063 -0.147018432617187 -0.095123291015625
-0.0663108825683594 0.00560760498046875 -0.200180053710938 -0.08514404296875
-0.0440711975097656 0.0125083923339844 -0.20379638671875 -0.048919677734375
-0.0281982421875 0.0482406616210938 -0.213958740234375 0.00723266601562503
-0.0238037109375 0.081146240234375 -0.188400268554688 0.0487518310546875
-0.0253677368164062 0.0876388549804688 -0.130722045898438 0.03253173828125
-0.0248641967773438 0.119903564453125 -0.0913772583007813 0.0118408203125
-0.0659637451171875 0.119308471679687 -0.0309410095214844 -0.00896644592285155
-0.131095886230469 0.088348388671875 0.0175952911376953 -0.00401496887207031
-0.174606323242188 0.032196044921875 0.0355033874511719 0.0339431762695313
-0.1756591796875 -0.0975494384765625 0.0312271118164062 0.049468994140625
-0.170074462890625 -0.154159545898438 0.0166893005371094 0.0647926330566406
-0.130661010742187 -0.232711791992188 0.0164899826049805 -0.0130138397216797
-0.0500946044921875 -0.24761962890625 -0.251480102539063 0.05560302734375
-0.058837890625 -0.152542114257813 -0.17669677734375 -0.064544677734375
-0.0850982666015625 -0.137619018554688 -0.1656494140625 -0.136764526367187
-0.108642578125 -0.067169189453125 -0.215988159179687 -0.10748291015625
-0.0953826904296875 -0.0336990356445313 -0.198944091796875 -0.0602569580078125
-0.0947265625 0.0294113159179687 -0.202804565429688 -0.00703430175781249
-0.0884857177734375 0.077117919921875 -0.172012329101563 0.021484375
-0.0814285278320313 0.07989501953125 -0.115104675292969 0.000976562499999993
-0.0823974609375 0.111946105957031 -0.0835723876953125 -0.0238418579101562
-0.105674743652344 0.100303649902344 -0.0228080749511719 -0.0382957458496094
-0.158676147460937 0.05877685546875 0.0213050842285156 -0.0274505615234375
-0.188186645507812 0.000366210937500015 0.0278301239013672 0.0151748657226563
-0.162139892578125 -0.132980346679688 0.00601768493652343 0.0236492156982422
-0.138168334960937 -0.185043334960938 -0.03387451171875 0.0119266510009766
-0.08203125 -0.250076293945313 -0.0187530517578125 -0.100578308105469
0.0166015625 -0.242034912109375 -0.252777099609375 -0.039276123046875
-0.0082244873046875 -0.193222045898438 -0.187576293945312 -0.14068603515625
-0.066497802734375 -0.20245361328125 -0.172714233398437 -0.169143676757813
-0.130561828613281 -0.125694274902344 -0.209808349609375 -0.12060546875
-0.129264831542969 -0.072601318359375 -0.171478271484375 -0.0673370361328125
-0.143264770507813 0.00810241699218751 -0.165847778320313 -0.0234527587890625
-0.138252258300781 0.0618820190429688 -0.133987426757813 -0.00995635986328125
-0.126152038574219 0.0596923828125 -0.0820770263671875 -0.030670166015625
-0.130172729492187 0.0872116088867188 -0.0587348937988281 -0.0560302734375
-0.135612487792969 0.0629730224609375 -0.00319290161132813 -0.058197021484375
-0.168014526367188 0.0109100341796875 0.031585693359375 -0.0406990051269531
-0.177230834960938 -0.0430755615234375 0.0245609283447266 0.0035858154296875
-0.119537353515625 -0.163406372070313 -0.0115699768066406 0.00777816772460936
-0.0749969482421875 -0.1998291015625 -0.0705795288085938 -0.033966064453125
-0.013397216796875 -0.236541748046875 -0.035919189453125 -0.181320190429688
0.0765228271484375 -0.195510864257813 -0.234786987304687 -0.117691040039063
0.0446319580078125 -0.189300537109375 -0.18438720703125 -0.20025634765625
-0.0303802490234375 -0.219802856445313 -0.1680908203125 -0.1826171875
-0.119369506835937 -0.155685424804688 -0.182647705078125 -0.12176513671875
-0.129554748535156 -0.0980987548828125 -0.127212524414063 -0.067291259765625
-0.160690307617188 -0.018035888671875 -0.112716674804688 -0.0398941040039062
-0.163818359375 0.034149169921875 -0.0806655883789063 -0.04144287109375
-0.151275634765625 0.029693603515625 -0.0373344421386719 -0.0575332641601563
-0.16265869140625 0.04925537109375 -0.0165023803710938 -0.0782241821289063
-0.152420043945313 0.01495361328125 0.0307579040527344 -0.0640525817871094
-0.16143798828125 -0.0455322265625 0.0528945922851562 -0.0393943786621094
-0.147079467773438 -0.0937957763671875 0.0303592681884766 0.000326156616210932
-0.05499267578125 -0.186813354492188 -0.0144357681274414 -0.0017833709716797
0.0072479248046875 -0.198394775390625 -0.0802001953125 -0.07366943359375
0.0643768310546875 -0.197006225585937 -0.0287322998046875 -0.248214721679688
0.123046875 -0.116127014160156 -0.20208740234375 -0.163467407226562
0.0901947021484375 -0.141525268554688 -0.169662475585937 -0.228927612304688
0.018218994140625 -0.186126708984375 -0.153060913085938 -0.172561645507813
-0.0745849609375 -0.14862060546875 -0.14520263671875 -0.109237670898438
-0.0935134887695313 -0.105308532714844 -0.0793685913085938 -0.0605010986328125
-0.143417358398438 -0.047027587890625 -0.0551795959472656 -0.0512924194335937
-0.16143798828125 -0.00202941894531251 -0.0238914489746094 -0.0660514831542969
-0.154251098632813 -0.00350952148437501 0.0132064819335937 -0.0746078491210938
-0.172454833984375 0.00747680664062499 0.0368576049804687 -0.087615966796875
-0.151809692382813 -0.02789306640625 0.0753631591796875 -0.0558090209960937
-0.139907836914063 -0.0903396606445313 0.082672119140625 -0.0266265869140625
-0.107322692871094 -0.130439758300781 0.0474586486816406 0.00380325317382812
0.010406494140625 -0.192825317382813 0.00281667709350586 -0.00654172897338868
0.086761474609375 -0.1763916015625 -0.0569381713867188 -0.10333251953125
0.133537292480469 -0.134910583496094 0.00753784179687502 -0.290374755859375
0.153778076171875 -0.020111083984375 -0.158981323242187 -0.1688232421875
0.124382019042969 -0.0662002563476563 -0.1439208984375 -0.221527099609375
0.0707550048828125 -0.115333557128906 -0.130081176757812 -0.145111083984375
-0.00624847412109375 -0.115287780761719 -0.105567932128906 -0.0908203125
-0.0308074951171875 -0.100502014160156 -0.040985107421875 -0.0477867126464844
-0.0965118408203125 -0.0784835815429688 -0.00732803344726564 -0.053375244140625
-0.134620666503906 -0.0439910888671875 0.0277328491210937 -0.07568359375
-0.133430480957031 -0.037567138671875 0.0616531372070313 -0.0797042846679688
-0.155364990234375 -0.0308074951171875 0.0931549072265625 -0.0850372314453125
-0.131988525390625 -0.0564956665039062 0.123252868652344 -0.0395736694335938
-0.106254577636719 -0.109039306640625 0.117424011230469 -0.00910186767578126
-0.0668182373046875 -0.13848876953125 0.0765914916992188 0.011932373046875
0.0576629638671875 -0.171218872070313 0.0391807556152344 -0.00213623046875001
0.143646240234375 -0.129425048828125 -0.00428771972656248 -0.115646362304688
0.178253173828125 -0.0547943115234375 0.06787109375 -0.301025390625
-0.184616088867187 -0.041351318359375 -0.0882568359375 0.274078369140625
-0.113761901855469 0.095855712890625 -0.0321807861328125 0.112838745117188
-0.0463104248046875 0.127067565917969 -0.0689620971679688 -0.0247611999511719
0.0321578979492187 0.11602783203125 -0.119308471679688 -0.0404434204101562
0.0602188110351563 0.077850341796875 -0.1539306640625 -0.01751708984375
0.098236083984375 0.0468368530273438 -0.162673950195312 0.0379791259765625
0.100044250488281 0.039215087890625 -0.138908386230469 0.0897140502929688
0.0870361328125 0.0480804443359375 -0.0965347290039062 0.0839004516601563
0.0937347412109375 0.0588150024414063 -0.0527725219726563 0.0739593505859375
0.0495452880859375 0.0833740234375 -0.0176239013671875 0.0495758056640625
-0.0012359619140625 0.0982284545898438 0.0249595642089844 0.0477828979492188
-0.0517196655273438 0.0887832641601563 0.0627288818359375 0.0758209228515625
-0.118362426757812 0.0402297973632812 0.083709716796875 0.1197509765625
-0.153579711914063 0.00180053710937497 0.117767333984375 0.167388916015625
-0.167434692382812 -0.07806396484375 0.111015319824219 0.128166198730469
-0.163681030273438 -0.123580932617187 -0.153045654296875 0.235824584960938
-0.113510131835937 0.0196533203125 -0.091094970703125 0.0836029052734375
-0.06500244140625 0.0539588928222656 -0.109107971191406 -0.0457992553710938
-0.00754928588867187 0.0676956176757812 -0.159896850585937 -0.05157470703125
0.0161323547363281 0.0459747314453125 -0.1806640625 -0.026397705078125
0.0414695739746094 0.0458793640136719 -0.192825317382813 0.02978515625
0.043670654296875 0.0605888366699219 -0.169342041015625 0.08062744140625
0.0360298156738281 0.0687026977539063 -0.118743896484375 0.0699081420898437
0.0402984619140625 0.0916671752929688 -0.0762710571289063 0.0568466186523437
-0.00526428222656249 0.105926513671875 -0.0304679870605469 0.0303173065185547
-0.0675735473632813 0.0985870361328125 0.0154476165771484 0.0287380218505859
-0.117683410644531 0.0642318725585937 0.0441551208496094 0.0584831237792969
-0.155014038085938 -0.02777099609375 0.0532913208007812 0.0838165283203125
-0.17364501953125 -0.0743865966796875 0.0705184936523437 0.119514465332031
-0.1663818359375 -0.156265258789063 0.0607070922851562 0.072052001953125
-0.121932983398438 -0.193878173828125 -0.20379638671875 0.168807983398437
-0.0948867797851563 -0.0664825439453125 -0.136680603027344 0.0290908813476562
-0.0803909301757813 -0.0384292602539062 -0.142044067382813 -0.0798492431640625
-0.0564498901367188 0.00475692749023436 -0.193405151367187 -0.0694427490234375
-0.0390396118164062 0.00674819946289062 -0.196365356445313 -0.0348358154296875
-0.0252532958984375 0.0390548706054687 -0.205230712890625 0.0218048095703125
-0.0202865600585938 0.0737686157226563 -0.177581787109375 0.0645599365234375
-0.0212173461914063 0.0797271728515625 -0.12213134765625 0.0463027954101562
-0.0178985595703125 0.109580993652344 -0.0854873657226563 0.02734375
-0.0537338256835937 0.112655639648438 -0.0323390960693359 0.0035991668701172
-0.116310119628906 0.0905990600585938 0.0141220092773437 0.00600814819335938
-0.161087036132812 0.0427703857421875 0.0320549011230469 0.0401420593261719
-0.173614501953125 -0.078948974609375 0.0237770080566406 0.0541305541992187
-0.173324584960938 -0.1314697265625 0.0151214599609375 0.07061767578125
-0.143341064453125 -0.21051025390625 0.0125827789306641 -0.00244140625000001
-0.0632476806640625 -0.235397338867188 -0.233978271484375 0.0817718505859374
-0.06195068359375 -0.143447875976562 -0.166854858398438 -0.0409393310546875
-0.0871810913085938 -0.129508972167969 -0.162429809570312 -0.118179321289063
-0.105644226074219 -0.061553955078125 -0.20916748046875 -0.0877227783203125
-0.0938491821289062 -0.031951904296875 -0.191757202148438 -0.0446319580078125
-0.0908660888671875 0.028717041015625 -0.193283081054688 0.00918579101562503
-0.0821685791015625 0.0775527954101562 -0.1614990234375 0.0391387939453125
-0.075775146484375 0.079498291015625 -0.107513427734375 0.015533447265625
-0.0735855102539063 0.110641479492187 -0.0784072875976563 -0.0066070556640625
-0.0948867797851563 0.100326538085937 -0.0242576599121094 -0.0232048034667969
-0.147384643554688 0.065032958984375 0.018310546875 -0.0151176452636719
-0.179519653320313 0.013153076171875 0.0239276885986328 0.0248966217041016
-0.165969848632813 -0.117263793945312 -0.00111007690429689 0.0335025787353516
-0.146392822265625 -0.167556762695313 -0.0372657775878906 0.0248298645019531
-0.098358154296875 -0.235504150390625 -0.0276870727539063 -0.082977294921875
-0.000793457031249987 -0.239395141601563 -0.242385864257813 -0.00903320312499996
-0.0189971923828125 -0.18975830078125 -0.183074951171875 -0.11346435546875
-0.0789947509765625 -0.195465087890625 -0.170486450195313 -0.148269653320313
-0.135223388671875 -0.115982055664062 -0.204025268554688 -0.100677490234375
-0.131866455078125 -0.0649871826171875 -0.164764404296875 -0.0522308349609375
-0.1397705078125 0.0156478881835937 -0.158523559570313 -0.00761413574218748
-0.129936218261719 0.0701980590820312 -0.125724792480469 0.00634002685546873
-0.119369506835938 0.0665740966796875 -0.0764007568359375 -0.0176620483398438
-0.120834350585938 0.0940093994140625 -0.0556373596191406 -0.0385894775390625
-0.126625061035156 0.0703048706054688 -0.00442886352539063 -0.0431900024414062
-0.162399291992188 0.02227783203125 0.0291328430175781 -0.027740478515625
-0.176025390625 -0.0294647216796875 0.0220279693603516 0.0147972106933594
-0.128707885742187 -0.152862548828125 -0.0180454254150391 0.0201492309570312
-0.0880279541015625 -0.190933227539063 -0.0759811401367188 -0.0164871215820313
-0.02978515625 -0.23236083984375 -0.0503387451171875 -0.160736083984375
0.059234619140625 -0.202774047851563 -0.231231689453125 -0.0881805419921875
0.02886962890625 -0.192886352539063 -0.18658447265625 -0.172698974609375
-0.048736572265625 -0.217544555664063 -0.167892456054687 -0.160293579101562
-0.12994384765625 -0.142471313476562 -0.1776123046875 -0.102569580078125
-0.136360168457031 -0.087005615234375 -0.122467041015625 -0.0559234619140625
-0.159576416015625 -0.00344848632812499 -0.107444763183594 -0.02752685546875
-0.156295776367188 0.0500946044921875 -0.0770263671875 -0.0284881591796875
-0.14495849609375 0.0428924560546875 -0.0347137451171875 -0.0472755432128906
-0.15399169921875 0.0635528564453125 -0.0157432556152344 -0.0639495849609375
-0.146865844726563 0.0286865234375 0.0300979614257812 -0.0517921447753906
-0.161849975585938 -0.0293731689453125 0.0502128601074219 -0.0286788940429688
-0.153289794921875 -0.0794219970703125 0.0274658203125 0.0106620788574219
-0.0706329345703125 -0.18255615234375 -0.0209312438964844 0.00923728942871093
-0.01007080078125 -0.198867797851563 -0.0882186889648438 -0.0553359985351563
0.04742431640625 -0.20318603515625 -0.0469512939453125 -0.226486206054688
0.109016418457031 -0.1324462890625 -0.204452514648438 -0.137969970703125
0.0742950439453125 -0.152725219726563 -0.17681884765625 -0.204345703125
-0.0026702880859375 -0.189743041992188 -0.153518676757813 -0.152236938476563
-0.0904617309570313 -0.139579772949219 -0.140190124511719 -0.0948562622070313
-0.104499816894531 -0.0946121215820312 -0.075347900390625 -0.0537109375
-0.145553588867188 -0.029022216796875 -0.0538978576660156 -0.0444831848144531
-0.156021118164062 0.0185546875 -0.0237655639648438 -0.0582160949707031
-0.14923095703125 0.0138092041015625 0.012298583984375 -0.0692672729492188
-0.164627075195313 0.02801513671875 0.0348663330078125 -0.07916259765625
-0.149566650390625 -0.00941467285156253 0.073638916015625 -0.0491790771484375
-0.145858764648438 -0.0711517333984375 0.08013916015625 -0.0201950073242188
-0.119598388671875 -0.115959167480469 0.0441970825195312 0.0112457275390625
-0.0105743408203125 -0.193023681640625 -0.00399661064147949 0.00119757652282714
0.06591796875 -0.186004638671875 -0.0678253173828125 -0.088958740234375
0.117706298828125 -0.149795532226563 -0.0153045654296875 -0.273162841796875
0.144805908203125 -0.042510986328125 -0.163772583007813 -0.151565551757812
0.112617492675781 -0.084228515625 -0.151153564453125 -0.202896118164062
0.0516357421875 -0.126167297363281 -0.129127502441406 -0.129562377929688
-0.02386474609375 -0.111610412597656 -0.100334167480469 -0.0815277099609375
-0.044708251953125 -0.0926513671875 -0.0368804931640625 -0.0472259521484375
-0.103111267089844 -0.0598526000976563 -0.00798416137695314 -0.053558349609375
-0.132850646972656 -0.0219192504882813 0.0239410400390625 -0.0753402709960938
-0.130622863769531 -0.0177536010742187 0.0574417114257812 -0.0799713134765625
-0.149856567382813 -0.00747680664062501 0.0880355834960937 -0.083526611328125
-0.131973266601563 -0.03594970703125 0.120864868164063 -0.0380935668945313
-0.116065979003906 -0.0893173217773437 0.113876342773437 -0.00717163085937501
-0.0824203491210937 -0.12457275390625 0.07244873046875 0.01544189453125
0.035614013671875 -0.174896240234375 0.0319309234619141 -8.39233398437607E-05
0.122665405273438 -0.14495849609375 -0.0182723999023438 -0.108062744140625
0.16607666015625 -0.0767822265625 0.0426025390625 -0.29156494140625
-0.17840576171875 -0.019744873046875 -0.0683135986328125 0.274078369140625
-0.0967559814453125 0.103324890136719 -0.0193252563476563 0.110755920410156
-0.02923583984375 0.127967834472656 -0.0651741027832031 -0.0241432189941406
0.045013427734375 0.105987548828125 -0.116897583007813 -0.0392074584960937
0.0661048889160156 0.0653038024902344 -0.15130615234375 -0.014312744140625
0.0966339111328125 0.0311660766601563 -0.160400390625 0.0402069091796875
0.0960693359375 0.0245285034179687 -0.1348876953125 0.094207763671875
0.0847625732421875 0.0346298217773438 -0.0926055908203125 0.0884323120117188
0.0916213989257813 0.0433807373046875 -0.0489730834960938 0.0783538818359375
0.053619384765625 0.0703125 -0.0181312561035156 0.0540237426757813
0.00964355468749999 0.0891876220703125 0.023193359375 0.0505180358886719
-0.0377273559570313 0.0889663696289063 0.0604324340820312 0.0753860473632813
-0.106086730957031 0.0530624389648438 0.0820541381835938 0.116050720214844
-0.145156860351563 0.0199432373046875 0.120773315429687 0.160202026367188
-0.16815185546875 -0.056976318359375 0.113601684570312 0.123817443847656
-0.163314819335938 -0.104324340820312 -0.132339477539062 0.243316650390625
-0.100631713867188 0.0276260375976563 -0.0772552490234375 0.0885467529296875
-0.0511817932128906 0.0557212829589844 -0.104896545410156 -0.0402069091796875
0.00366592407226562 0.0602912902832031 -0.15631103515625 -0.045867919921875
0.0205001831054688 0.0362319946289063 -0.176483154296875 -0.0196380615234375
0.0408706665039063 0.0331153869628906 -0.188217163085938 0.0366668701171875
0.0427131652832031 0.0493736267089844 -0.162124633789062 0.089813232421875
0.0355300903320313 0.0585098266601562 -0.112892150878906 0.0786209106445313
0.0410079956054687 0.079010009765625 -0.070831298828125 0.0652542114257812
0.000411987304687496 0.095855712890625 -0.0300140380859375 0.0383644104003906
-0.0561981201171875 0.0942916870117188 0.0143280029296875 0.0352668762207031
-0.10528564453125 0.068328857421875 0.042083740234375 0.0624427795410156
-0.147994995117188 -0.014404296875 0.0495223999023438 0.0860519409179688
-0.171066284179688 -0.055419921875 0.0720062255859375 0.120330810546875
-0.171646118164063 -0.136474609375 0.061309814453125 0.0753173828125
-0.125808715820313 -0.178726196289063 -0.184890747070313 0.184219360351562
-0.0886611938476563 -0.0594329833984375 -0.124000549316406 0.0405807495117187
-0.0735626220703125 -0.0342941284179688 -0.137496948242188 -0.0712738037109375
-0.0491371154785156 0.00214004516601563 -0.188629150390625 -0.05950927734375
-0.0364303588867188 0.00136947631835937 -0.1904296875 -0.02557373046875
-0.0250263214111328 0.0317630767822266 -0.19879150390625 0.0321044921875
-0.0190811157226563 0.0681991577148438 -0.168853759765625 0.0759735107421875
-0.0203323364257813 0.0744094848632813 -0.115455627441406 0.0569229125976562
-0.0146408081054687 0.10247802734375 -0.0792160034179687 0.0383529663085938
-0.0469741821289062 0.107337951660156 -0.0309848785400391 0.0145282745361328
-0.106033325195312 0.0897216796875 0.0136175155639648 0.0149126052856445
-0.1514892578125 0.0491485595703125 0.031005859375 0.0478019714355469
-0.170989990234375 -0.0650482177734375 0.0194320678710937 0.0609893798828125
-0.17498779296875 -0.113998413085938 0.0154495239257812 0.0775833129882812
-0.151657104492188 -0.195053100585937 0.0107316970825195 0.00715160369873045
-0.0733795166015625 -0.22613525390625 -0.217941284179688 0.102020263671875
-0.0625534057617188 -0.137779235839844 -0.156875610351562 -0.0252838134765625
-0.0892333984375 -0.12579345703125 -0.157974243164063 -0.105743408203125
-0.102386474609375 -0.05908203125 -0.203781127929688 -0.0754547119140625
-0.0936813354492188 -0.0325164794921875 -0.186492919921875 -0.0344696044921875
-0.0899429321289063 0.0281295776367188 -0.186187744140625 0.0215911865234375
-0.078582763671875 0.0780868530273437 -0.152542114257813 0.051544189453125
-0.0731048583984375 0.07867431640625 -0.100830078125 0.026031494140625
-0.0682907104492188 0.109107971191406 -0.0728836059570313 0.00596618652343751
-0.0884628295898437 0.0998992919921875 -0.0217075347900391 -0.0111484527587891
-0.139846801757813 0.0686416625976562 0.0187797546386719 -0.00450897216796875
-0.173736572265625 0.022064208984375 0.0240612030029297 0.0342121124267578
-0.168060302734375 -0.10699462890625 -0.00508117675781251 0.0443267822265625
-0.151687622070313 -0.155670166015625 -0.0385093688964844 0.0378036499023437
-0.108612060546875 -0.225555419921875 -0.0327301025390625 -0.068206787109375
-0.0139312744140625 -0.2381591796875 -0.231552124023438 0.01336669921875
-0.0266265869140625 -0.188095092773438 -0.177459716796875 -0.0943145751953125
-0.0882415771484375 -0.191497802734375 -0.16754150390625 -0.133438110351563
-0.137870788574219 -0.10784912109375 -0.198516845703125 -0.0870819091796875
-0.135299682617187 -0.0598983764648438 -0.160186767578125 -0.0426483154296875
-0.138671875 0.0221176147460938 -0.152450561523438 0.00360107421875003
-0.124740600585937 0.077484130859375 -0.117897033691406 0.0181045532226563
-0.115303039550781 0.07171630859375 -0.0711135864257813 -0.00826263427734374
-0.113975524902344 0.0998001098632813 -0.0503044128417969 -0.0269546508789062
-0.121871948242187 0.0749664306640625 -0.00169754028320313 -0.0318412780761719
-0.15863037109375 0.0304412841796875 0.0306377410888672 -0.0178031921386719
-0.174835205078125 -0.0194244384765625 0.0228710174560547 0.0251750946044922
-0.136138916015625 -0.145980834960938 -0.0219173431396484 0.0320053100585937
-0.098358154296875 -0.185348510742188 -0.0783004760742188 -0.000648498535156253
-0.04205322265625 -0.229690551757812 -0.0583343505859375 -0.143173217773438
0.045745849609375 -0.20916748046875 -0.226303100585938 -0.066070556640625
0.017181396484375 -0.19610595703125 -0.185791015625 -0.152618408203125
-0.06396484375 -0.215988159179688 -0.165267944335938 -0.145751953125
-0.139114379882813 -0.134132385253906 -0.172622680664063 -0.0906982421875
-0.142623901367187 -0.078582763671875 -0.118156433105469 -0.0491409301757813
-0.158096313476563 0.00794982910156253 -0.103416442871094 -0.0190505981445313
-0.149826049804688 0.0625152587890625 -0.0721359252929688 -0.0196151733398437
-0.140357971191406 0.0539627075195312 -0.0315971374511719 -0.0405120849609375
-0.14556884765625 0.0752105712890625 -0.0122261047363281 -0.0545730590820312
-0.142425537109375 0.03912353515625 0.0323753356933594 -0.0426139831542969
-0.162353515625 -0.0174713134765625 0.0519599914550781 -0.0205154418945312
-0.15826416015625 -0.067718505859375 0.0287570953369141 0.0202541351318359
-0.0838165283203125 -0.179763793945312 -0.024383544921875 0.0208358764648437
-0.024810791015625 -0.199920654296875 -0.0927276611328125 -0.0403900146484375
0.033843994140625 -0.20904541015625 -0.058685302734375 -0.210037231445313
0.0970001220703125 -0.145172119140625 -0.204055786132813 -0.119857788085938
0.0611419677734375 -0.161544799804688 -0.1800537109375 -0.186904907226562
-0.0201263427734375 -0.192581176757813 -0.151657104492188 -0.139190673828125
-0.102447509765625 -0.131706237792969 -0.135581970214844 -0.0851364135742188
-0.113815307617188 -0.085357666015625 -0.0724563598632813 -0.0515975952148438
-0.14599609375 -0.0142059326171875 -0.0516319274902344 -0.040374755859375
-0.151046752929688 0.034210205078125 -0.023468017578125 -0.0539436340332031
-0.144424438476563 0.02764892578125 0.0131568908691406 -0.0670356750488281
-0.157196044921875 0.0435943603515625 0.0357131958007812 -0.0736541748046875
-0.146484375 0.0047607421875 0.0764083862304687 -0.0433197021484375
-0.149490356445313 -0.05633544921875 0.0813522338867187 -0.0145034790039063
-0.128059387207031 -0.104034423828125 0.0452156066894531 0.0189208984375
-0.028167724609375 -0.193405151367187 -0.00821113586425781 0.0103120803833008
0.0484161376953125 -0.1922607421875 -0.0751724243164063 -0.0764923095703125
0.1044921875 -0.162689208984375 -0.0296630859375 -0.25958251953125
0.135711669921875 -0.059783935546875 -0.166900634765625 -0.139419555664062
0.101425170898437 -0.0973892211914062 -0.156661987304687 -0.189910888671875
0.0357742309570313 -0.133338928222656 -0.126976013183594 -0.11993408203125
-0.03765869140625 -0.1075439453125 -0.096038818359375 -0.0770111083984375
-0.055633544921875 -0.0853347778320313 -0.034210205078125 -0.0487823486328125
-0.106132507324219 -0.0446548461914063 -0.0083770751953125 -0.0535469055175781
-0.129714965820313 -0.00481414794921872 0.021759033203125 -0.0755233764648438
-0.126960754394531 -0.00260162353515624 0.0554428100585937 -0.0815048217773438
-0.14410400390625 0.00965881347656247 0.0867080688476562 -0.0826568603515625
-0.129470825195313 -0.0192184448242188 0.121360778808594 -0.0380477905273438
-0.12164306640625 -0.0732345581054688 0.113868713378906 -0.00543975830078126
-0.093414306640625 -0.11260986328125 0.0717239379882813 0.0198211669921875
0.0164794921875 -0.176361083984375 0.0263900756835938 0.00414276123046874
0.104385375976563 -0.156173706054688 -0.0291366577148437 -0.1004638671875
0.154449462890625 -0.0941162109375 0.025360107421875 -0.2847900390625
-0.174072265625 -0.000854492187499972 -0.0487060546875 0.277481079101563
-0.0815353393554688 0.110000610351563 -0.00753784179687501 0.109329223632813
-0.0123748779296875 0.128715515136719 -0.0634307861328125 -0.0246543884277344
0.0574188232421875 0.0966949462890625 -0.117713928222656 -0.0378952026367188
0.0715560913085937 0.0543365478515625 -0.1517333984375 -0.01019287109375
0.0949783325195313 0.0172805786132813 -0.160858154296875 0.044952392578125
0.0925827026367187 0.0114517211914062 -0.131752014160156 0.101547241210938
0.0826263427734375 0.0230026245117188 -0.0887451171875 0.095428466796875
0.0888595581054688 0.0296554565429688 -0.0448150634765625 0.08355712890625
0.0562820434570313 0.0591049194335938 -0.0170059204101562 0.0589332580566406
0.0178909301757812 0.0818710327148438 0.0239791870117187 0.054290771484375
-0.025604248046875 0.0880889892578125 0.060455322265625 0.0763702392578125
-0.0958023071289062 0.0642318725585938 0.0823516845703125 0.115127563476563
-0.137397766113281 0.0362091064453125 0.126480102539063 0.155624389648438
-0.168655395507813 -0.037078857421875 0.11810302734375 0.121009826660156
-0.163421630859375 -0.0886383056640625 -0.112579345703125 0.253570556640625
-0.0902862548828125 0.0334091186523438 -0.0651702880859375 0.0930404663085938
-0.03997802734375 0.0566291809082031 -0.102485656738281 -0.0363998413085938
0.0128555297851562 0.0528678894042969 -0.155853271484375 -0.0404205322265625
0.0233669281005859 0.0269794464111328 -0.175888061523438 -0.013214111328125
0.0390777587890625 0.0227241516113281 -0.187515258789063 0.044921875
0.0410957336425781 0.0406990051269531 -0.156997680664062 0.100265502929688
0.0346794128417969 0.0511474609375 -0.107612609863281 0.088165283203125
0.0406875610351562 0.069610595703125 -0.0650787353515625 0.0737533569335938
0.00505065917968749 0.0882110595703125 -0.0285301208496094 0.0467338562011719
-0.048248291015625 0.0914459228515625 0.0157546997070312 0.0420074462890625
-0.0951995849609375 0.071746826171875 0.042877197265625 0.06695556640625
-0.143280029296875 -0.00187683105468751 0.049163818359375 0.09014892578125
-0.168914794921875 -0.0383148193359375 0.07659912109375 0.122184753417969
-0.177658081054688 -0.118850708007813 0.063995361328125 0.0786666870117187
-0.132339477539063 -0.167129516601562 -0.166763305664063 0.199676513671875
-0.0844650268554687 -0.0547256469726563 -0.112724304199219 0.0499191284179688
-0.0690956115722656 -0.0332298278808594 -0.135147094726563 -0.0634689331054688
-0.043609619140625 -0.000888824462890627 -0.18701171875 -0.0512542724609375
-0.0362434387207031 -0.00432968139648438 -0.189697265625 -0.0168304443359375
-0.0261669158935547 0.0262603759765625 -0.1951904296875 0.043060302734375
-0.0189895629882813 0.0647659301757813 -0.161331176757813 0.08892822265625
-0.019561767578125 0.0717620849609375 -0.109382629394531 0.0667495727539063
-0.0123138427734375 0.0987319946289063 -0.0725784301757813 0.048919677734375
-0.0421524047851563 0.104354858398438 -0.0279731750488281 0.0244998931884766
-0.098785400390625 0.0910797119140625 0.0156879425048828 0.0226974487304688
-0.144760131835938 0.056396484375 0.0322761535644531 0.0551338195800781
-0.17169189453125 -0.053802490234375 0.0183029174804687 0.07037353515625
-0.177871704101563 -0.0994110107421875 0.0177154541015625 0.0860061645507813
-0.1619873046875 -0.181228637695313 0.0108442306518555 0.0161733627319336
-0.083648681640625 -0.221878051757813 -0.203933715820313 0.121353149414063
-0.0660552978515625 -0.135978698730469 -0.149200439453125 -0.0112457275390625
-0.0929183959960938 -0.123397827148438 -0.156631469726563 -0.0960540771484375
-0.102737426757813 -0.0568161010742188 -0.202392578125 -0.0645751953125
-0.0968780517578125 -0.0326385498046875 -0.184173583984375 -0.0247650146484375
-0.0905075073242188 0.029205322265625 -0.18206787109375 0.033477783203125
-0.07586669921875 0.0807113647460937 -0.145233154296875 0.063446044921875
-0.071075439453125 0.0814666748046875 -0.0948562622070313 0.03582763671875
-0.0640869140625 0.111709594726562 -0.0665245056152344 0.0165176391601562
-0.0834808349609375 0.101959228515625 -0.0184612274169922 -0.00169563293457031
-0.135406494140625 0.0736007690429687 0.0217075347900391 0.00347137451171875
-0.170822143554688 0.0305328369140625 0.0266571044921875 0.0435943603515625
-0.173721313476563 -0.0970458984375 -0.00638961791992189 0.0562629699707031
-0.159820556640625 -0.144866943359375 -0.0375328063964844 0.0503959655761719
-0.121429443359375 -0.2188720703125 -0.0358543395996094 -0.0560989379882813
-0.02801513671875 -0.23944091796875 -0.222610473632812 0.0340728759765625
-0.0360107421875 -0.189346313476563 -0.173980712890625 -0.078216552734375
-0.1009521484375 -0.189620971679687 -0.16778564453125 -0.122695922851562
-0.143692016601563 -0.102066040039062 -0.19659423828125 -0.0759735107421875
-0.140556335449219 -0.0548553466796875 -0.158355712890625 -0.0341644287109375
-0.138038635253906 0.029449462890625 -0.148025512695312 0.014862060546875
-0.120697021484375 0.0858688354492188 -0.111778259277344 0.0285873413085938
-0.11260986328125 0.0791854858398437 -0.0662879943847656 -0.000602722167968758
-0.108078002929687 0.106765747070313 -0.0447959899902344 -0.0171470642089844
-0.116943359375 0.081756591796875 0.00244331359863281 -0.0237979888916016
-0.15728759765625 0.03948974609375 0.0348701477050781 -0.0100669860839844
-0.17718505859375 -0.00901794433593749 0.0262851715087891 0.0346736907958984
-0.147171020507813 -0.139724731445313 -0.0225067138671875 0.0451316833496094
-0.110549926757813 -0.180084228515625 -0.0801010131835938 0.0142288208007812
-0.0565643310546875 -0.230682373046875 -0.06597900390625 -0.129722595214844
0.0311431884765625 -0.216812133789063 -0.223129272460938 -0.0464935302734375
0.00381469726562502 -0.201324462890625 -0.186981201171875 -0.1353759765625
-0.0818023681640625 -0.215744018554687 -0.166061401367188 -0.134902954101563
-0.149490356445313 -0.125289916992188 -0.171066284179688 -0.0810089111328125
-0.15142822265625 -0.06988525390625 -0.117431640625 -0.0441818237304688
-0.158584594726563 0.0201568603515625 -0.100753784179688 -0.011016845703125
-0.144882202148437 0.0758056640625 -0.0683670043945313 -0.0124588012695313
-0.136581420898438 0.0651397705078125 -0.0287818908691406 -0.0365982055664062
-0.139907836914062 0.0864181518554688 -0.00835800170898439 -0.0479278564453125
-0.139381408691406 0.0500564575195312 0.0372200012207031 -0.0366020202636719
-0.164581298828125 -0.00521850585937503 0.0564193725585937 -0.0142402648925781
-0.164276123046875 -0.0568084716796875 0.0326423645019531 0.0288982391357422
-0.098876953125 -0.177337646484375 -0.0254535675048828 0.0325870513916015
-0.04095458984375 -0.201797485351563 -0.0971298217773438 -0.025543212890625
0.01934814453125 -0.216659545898438 -0.07000732421875 -0.19757080078125
0.084228515625 -0.15765380859375 -0.205764770507813 -0.103836059570312
0.047454833984375 -0.171539306640625 -0.185302734375 -0.172149658203125
-0.039031982421875 -0.19537353515625 -0.152328491210938 -0.129684448242187
-0.115806579589844 -0.124053955078125 -0.133445739746094 -0.0791473388671875
-0.123908996582031 -0.0764923095703125 -0.0723495483398438 -0.0500946044921875
-0.14703369140625 0.000289916992187519 -0.0511283874511719 -0.0369033813476562
-0.145965576171875 0.0500030517578125 -0.0218276977539063 -0.0511245727539063
-0.141403198242188 0.0420379638671875 0.0130653381347656 -0.066314697265625
-0.151275634765625 0.0586395263671875 0.0378494262695313 -0.0716018676757813
-0.144027709960938 0.0184783935546875 0.0802841186523437 -0.0413589477539063
-0.153579711914063 -0.0421905517578125 0.0854110717773437 -0.0113906860351563
-0.138320922851563 -0.09185791015625 0.0486564636230469 0.0253067016601562
-0.046600341796875 -0.194137573242188 -0.0102806091308594 0.0191974639892578
0.0301971435546875 -0.199981689453125 -0.082061767578125 -0.0644989013671875
0.0910186767578125 -0.176513671875 -0.0443572998046875 -0.2513427734375
0.127418518066406 -0.0764694213867188 -0.171966552734375 -0.1282958984375
0.089385986328125 -0.110557556152344 -0.1649169921875 -0.179519653320313
0.019378662109375 -0.14019775390625 -0.127059936523438 -0.112876892089844
-0.0514907836914063 -0.103225708007813 -0.0946884155273438 -0.074981689453125
-0.065704345703125 -0.0786590576171875 -0.0337677001953125 -0.0517234802246094
-0.109130859375 -0.0309371948242188 -0.00988388061523439 -0.0547943115234375
-0.126152038574219 0.011138916015625 0.0189666748046875 -0.0772552490234375
-0.123809814453125 0.0116806030273438 0.0532608032226562 -0.0851287841796875
-0.138290405273438 0.0254287719726563 0.0866851806640625 -0.0852737426757813
-0.12750244140625 -0.00452423095703125 0.1256103515625 -0.0398178100585938
-0.126724243164062 -0.0587692260742187 0.116859436035156 -0.00498199462890625
-0.103721618652344 -0.101158142089844 0.0733413696289063 0.0228042602539062
-0.00193786621093751 -0.178619384765625 0.0228023529052734 0.0085773468017578
0.086761474609375 -0.16748046875 -0.0384750366210938 -0.0949325561523438
0.143936157226563 -0.1114501953125 0.00827026367187499 -0.283355712890625
-0.167999267578125 0.0189971923828125 -0.0238800048828125 0.280929565429688
-0.0656280517578125 0.115638732910156 0.00527954101562499 0.107093811035156
0.00631713867187499 0.127342224121094 -0.0634040832519531 -0.0228195190429687
0.0691070556640625 0.0851821899414063 -0.121444702148438 -0.0345077514648438
0.0764541625976563 0.0423126220703125 -0.153610229492188 -0.00320434570312501
0.0915603637695313 0.0032806396484375 -0.161773681640625 0.053802490234375
0.0880050659179688 -0.00141143798828125 -0.126861572265625 0.11224365234375
0.0796890258789063 0.0121917724609375 -0.0826416015625 0.104446411132813
0.0854949951171875 0.017059326171875 -0.0386886596679687 0.0894546508789063
0.058685302734375 0.0475959777832031 -0.0145797729492188 0.0649375915527344
0.0258102416992188 0.074493408203125 0.0261955261230469 0.057373046875
-0.0128097534179688 0.0872955322265625 0.0638580322265625 0.0768966674804688
-0.0826950073242188 0.0753555297851563 0.0868453979492187 0.113471984863281
-0.127479553222656 0.0533599853515625 0.136184692382813 0.149093627929688
-0.168411254882813 -0.015411376953125 0.125885009765625 0.116386413574219
-0.165206909179688 -0.0707244873046875 -0.08795166015625 0.265106201171875
-0.0800247192382813 0.0394058227539062 -0.0504913330078125 0.0976715087890625
-0.0278587341308594 0.0571136474609375 -0.1016845703125 -0.0307235717773437
0.0209388732910156 0.044830322265625 -0.157501220703125 -0.0324554443359375
0.0251045227050781 0.0183219909667969 -0.176223754882813 -0.003326416015625
0.0362281799316406 0.012969970703125 -0.185150146484375 0.0571136474609375
0.0391502380371094 0.0325889587402344 -0.149505615234375 0.113784790039063
0.0338134765625 0.0443916320800781 -0.100303649902344 0.0990753173828125
0.0407600402832031 0.0614471435546875 -0.0575332641601562 0.0829086303710938
0.00938415527343751 0.0813446044921875 -0.0240936279296875 0.0543022155761719
-0.03961181640625 0.0887908935546875 0.018798828125 0.0468788146972656
-0.0854339599609375 0.0760879516601562 0.0469894409179687 0.0713577270507813
-0.137397766113281 0.0115890502929687 0.0521774291992187 0.0948638916015625
-0.165618896484375 -0.019927978515625 0.0849609375 0.122695922851563
-0.184555053710938 -0.0986480712890625 0.069915771484375 0.0812454223632813
-0.140869140625 -0.154541015625 -0.144515991210938 0.217315673828125
-0.0819015502929687 -0.0498733520507813 -0.100868225097656 0.0606460571289063
-0.0658073425292969 -0.03131103515625 -0.134979248046875 -0.05499267578125
-0.0402450561523437 -0.00416564941406249 -0.18780517578125 -0.03948974609375
-0.0372428894042969 -0.00754547119140625 -0.188751220703125 -0.00468444824218746
-0.0282649993896484 0.0226116180419922 -0.191543579101563 0.0571746826171875
-0.0176162719726562 0.0628395080566406 -0.152175903320313 0.102706909179687
-0.0183677673339844 0.0702743530273438 -0.102134704589844 0.07830810546875
-0.00892639160156249 0.096343994140625 -0.0652427673339844 0.0593833923339844
-0.0362472534179688 0.103309631347656 -0.0235576629638672 0.0327320098876953
-0.0916900634765625 0.0944747924804687 0.0204544067382812 0.0292415618896484
-0.137672424316406 0.064849853515625 0.0377044677734375 0.0612030029296875
-0.17279052734375 -0.039794921875 0.0211868286132812 0.07940673828125
-0.181884765625 -0.08209228515625 0.0240478515625 0.09326171875
-0.175399780273437 -0.165512084960938 0.0125312805175781 0.0241889953613281
-0.0982666015625 -0.215499877929688 -0.186843872070313 0.1424560546875
-0.07183837890625 -0.133262634277344 -0.140792846679688 0.00340270996093748
-0.100265502929688 -0.119209289550781 -0.158782958984375 -0.0856170654296875
-0.105087280273438 -0.0539703369140625 -0.203018188476563 -0.0510406494140625
-0.100807189941406 -0.030029296875 -0.1839599609375 -0.0122222900390625
-0.0913162231445313 0.0330276489257812 -0.176910400390625 0.0474853515625
-0.0715560913085938 0.085235595703125 -0.135482788085938 0.0770645141601562
-0.0677947998046875 0.0860977172851562 -0.0883712768554688 0.0455398559570313
-0.0582809448242188 0.115028381347656 -0.0597991943359375 0.0266036987304688
-0.0772933959960937 0.105873107910156 -0.0137596130371094 0.00651264190673829
-0.129920959472656 0.0822372436523438 0.0267410278320312 0.00955390930175782
-0.167938232421875 0.0425567626953125 0.0326957702636719 0.0506134033203125
-0.181350708007813 -0.0846710205078125 -0.00320053100585939 0.0681228637695313
-0.169891357421875 -0.131179809570313 -0.0330581665039063 0.0637397766113281
-0.138961791992187 -0.2095947265625 -0.0392990112304688 -0.043365478515625
-0.0459747314453125 -0.240386962890625 -0.21185302734375 0.0574951171874999
-0.0494842529296875 -0.189987182617188 -0.171035766601563 -0.060546875
-0.1160888671875 -0.184707641601563 -0.169967651367188 -0.11090087890625
-0.15155029296875 -0.0932464599609375 -0.197052001953125 -0.062164306640625
-0.1478271484375 -0.0462493896484375 -0.15826416015625 -0.0233917236328125
-0.137733459472656 0.0395889282226563 -0.143081665039063 0.0272216796875
-0.113784790039063 0.0962142944335937 -0.104248046875 0.0391311645507812
-0.107887268066406 0.0893707275390625 -0.0617866516113281 0.00648117065429687
-0.100593566894531 0.11663818359375 -0.0396919250488281 -0.00920486450195311
-0.111640930175781 0.0906524658203125 0.00774097442626952 -0.0173759460449219
-0.155349731445313 0.0514373779296875 0.0400199890136719 -0.00496292114257812
-0.178146362304687 0.00485229492187497 0.0323944091796875 0.0417404174804687
-0.16107177734375 -0.130477905273438 -0.0198249816894531 0.0583419799804687
-0.12640380859375 -0.172683715820312 -0.0783309936523438 0.030609130859375
-0.076324462890625 -0.2296142578125 -0.0748214721679687 -0.115676879882813
0.011474609375 -0.223724365234375 -0.21966552734375 -0.0240020751953125
-0.01385498046875 -0.206039428710937 -0.190216064453125 -0.11798095703125
-0.102890014648438 -0.212417602539063 -0.170074462890625 -0.122711181640625
-0.161911010742188 -0.113113403320313 -0.172225952148438 -0.0699005126953125
-0.16107177734375 -0.0580291748046875 -0.118080139160156 -0.0365066528320313
-0.157196044921875 0.0352935791015625 -0.0975799560546875 -0.00231933593749998
-0.136642456054688 0.09063720703125 -0.0636329650878907 -0.00586318969726562
-0.131439208984375 0.079193115234375 -0.0267868041992188 -0.0330524444580078
-0.131172180175781 0.100738525390625 -0.00539779663085938 -0.0437812805175781
-0.13427734375 0.0627517700195313 0.0421791076660156 -0.0344505310058594
-0.165252685546875 0.00961303710937498 0.0621414184570312 -0.0120773315429688
-0.170989990234375 -0.0423583984375 0.0388526916503906 0.0357208251953125
-0.117782592773438 -0.171371459960938 -0.0233078002929688 0.0449943542480469
-0.0610809326171875 -0.200912475585938 -0.0988998413085938 -0.00851440429687502
-0.000366210937500002 -0.224014282226563 -0.08404541015625 -0.185012817382813
0.0675811767578125 -0.171035766601563 -0.209304809570312 -0.0848846435546875
0.029144287109375 -0.1800537109375 -0.192855834960937 -0.155075073242188
-0.0617523193359375 -0.195281982421875 -0.155517578125 -0.119140625
-0.130043029785156 -0.112373352050781 -0.135246276855469 -0.0717697143554688
-0.134681701660156 -0.0635452270507813 -0.0736923217773438 -0.048065185546875
-0.14630126953125 0.0174713134765625 -0.0507583618164063 -0.0327072143554688
-0.138351440429688 0.06671142578125 -0.022247314453125 -0.0488853454589844
-0.135154724121094 0.0576400756835938 0.0123443603515625 -0.0676040649414063
-0.142181396484375 0.074554443359375 0.038818359375 -0.0718612670898437
-0.140335083007813 0.0333328247070312 0.0845489501953125 -0.04345703125
-0.157485961914063 -0.02569580078125 0.0912246704101562 -0.0115966796875
-0.147811889648438 -0.077178955078125 0.0535507202148437 0.0290718078613281
-0.0681304931640625 -0.191375732421875 -0.0106010437011719 0.0283565521240234
0.007781982421875 -0.205795288085937 -0.0890045166015625 -0.05084228515625
0.0725860595703125 -0.190582275390625 -0.0634918212890625 -0.243179321289063
0.1163330078125 -0.09259033203125 -0.178848266601563 -0.115066528320312
0.0749588012695313 -0.123291015625 -0.176025390625 -0.165603637695312
-0.000488281249999993 -0.144149780273438 -0.129379272460938 -0.10516357421875
-0.0650482177734375 -0.0958633422851563 -0.09619140625 -0.0723190307617188
-0.0763778686523437 -0.0693511962890625 -0.0361671447753906 -0.0533866882324219
-0.110420227050781 -0.0148849487304687 -0.0122108459472656 -0.0561561584472656
-0.120697021484375 0.0279083251953125 0.0149307250976562 -0.080108642578125
-0.119087219238281 0.026824951171875 0.0495758056640625 -0.0905532836914063
-0.130928039550781 0.042083740234375 0.08489990234375 -0.0905532836914063
-0.123641967773438 0.0108413696289063 0.128250122070313 -0.0461578369140625
-0.130599975585938 -0.0422592163085938 0.12127685546875 -0.0086822509765625
-0.114845275878906 -0.0869674682617187 0.0770721435546875 0.0236892700195312
-0.02374267578125 -0.178436279296875 0.0207138061523438 0.0127334594726562
0.0654754638671875 -0.1776123046875 -0.0489959716796875 -0.0869598388671875
0.129646301269531 -0.129127502441406 -0.0146484375 -0.28125
-0.15692138671875 0.041107177734375 0.00642395019531247 0.27789306640625
-0.0466156005859375 0.118690490722656 0.0190048217773437 0.101425170898438
0.0257034301757813 0.120582580566406 -0.0629043579101563 -0.0193405151367187
0.0785675048828125 0.0703964233398438 -0.123275756835937 -0.0270538330078125
0.0780715942382812 0.0281753540039062 -0.1529541015625 0.00715637207031248
0.084991455078125 -0.010833740234375 -0.158843994140625 0.066131591796875
0.0806350708007813 -0.0133209228515625 -0.116798400878906 0.123870849609375
0.074493408203125 0.00115203857421875 -0.0720901489257813 0.112960815429688
0.07928466796875 0.00494384765625 -0.0298004150390625 0.0937042236328125
0.0588150024414063 0.0358352661132812 -0.00894546508789062 0.0693702697753906
0.0336341857910156 0.0645332336425781 0.0306167602539063 0.0584869384765625
9.91821289062503E-05 0.0829391479492188 0.0691757202148438 0.0748519897460938
-0.0671844482421875 0.08282470703125 0.0936279296875 0.108482360839844
-0.11212158203125 0.0688629150390625 0.145828247070313 0.136947631835938
-0.162948608398438 0.00787353515624999 0.134017944335938 0.106491088867188
-0.163101196289062 -0.050048828125 -0.0548858642578125 0.27069091796875
-0.0684585571289063 0.0441360473632812 -0.0345687866210938 0.0993118286132812
-0.0152778625488281 0.0538978576660156 -0.0999755859375 -0.0234909057617188
0.0273685455322266 0.0350971221923828 -0.156646728515625 -0.0200042724609375
0.0249748229980469 0.00930404663085938 -0.173583984375 0.010284423828125
0.0311050415039062 0.003997802734375 -0.178817749023438 0.071929931640625
0.0362205505371094 0.0246162414550781 -0.135787963867187 0.127517700195313
0.0319557189941406 0.0378837585449219 -0.088226318359375 0.109382629394531
0.0403404235839844 0.0537109375 -0.0465240478515625 0.090118408203125
0.013214111328125 0.0742950439453125 -0.0177001953125 0.0610198974609375
-0.0303192138671875 0.0861663818359375 0.0247230529785156 0.0498390197753906
-0.0731353759765625 0.0796966552734375 0.053497314453125 0.0721282958984375
-0.128776550292969 0.0255813598632812 0.0590744018554688 0.0958099365234375
-0.158309936523438 -0.000244140625000024 0.095458984375 0.118278503417969
-0.18731689453125 -0.07427978515625 0.0771255493164062 0.0796432495117188
-0.148971557617188 -0.137176513671875 -0.114242553710938 0.230361938476562
-0.0797348022460938 -0.0434722900390625 -0.0853729248046875 0.0689544677734375
-0.0632095336914063 -0.0284347534179688 -0.134140014648438 -0.0435791015625
-0.0381202697753906 -0.00614929199218749 -0.185775756835937 -0.023956298828125
-0.0394935607910156 -0.00930023193359375 -0.184555053710938 0.010498046875
-0.0302562713623047 0.0211296081542969 -0.182815551757813 0.0736846923828125
-0.0152091979980469 0.0608329772949219 -0.137847900390625 0.117317199707031
-0.0155220031738281 0.0695533752441406 -0.09033203125 0.089141845703125
-0.00373840332031249 0.0940933227539063 -0.0549964904785156 0.0679397583007813
-0.0285186767578125 0.100936889648438 -0.0169792175292969 0.040313720703125
-0.0818405151367187 0.097686767578125 0.0263004302978516 0.0328159332275391
-0.127052307128906 0.0746994018554687 0.0449600219726562 0.0644416809082031
-0.17120361328125 -0.022186279296875 0.028167724609375 0.08624267578125
-0.182830810546875 -0.061431884765625 0.0341339111328125 0.0975875854492188
-0.18670654296875 -0.143569946289063 0.0157966613769531 0.0306282043457031
-0.115615844726563 -0.203048706054688 -0.161636352539063 0.162490844726563
-0.079925537109375 -0.127296447753906 -0.128242492675781 0.0180435180664062
-0.107940673828125 -0.111137390136719 -0.15875244140625 -0.07098388671875
-0.107414245605469 -0.0471649169921875 -0.201080322265625 -0.033203125
-0.104995727539063 -0.0234909057617187 -0.179473876953125 0.0038299560546875
-0.0893783569335937 0.0385894775390625 -0.166793823242187 0.0634307861328125
-0.0640640258789062 0.090484619140625 -0.122428894042969 0.0899505615234375
-0.0614471435546875 0.091094970703125 -0.0789718627929688 0.0549087524414063
-0.0480880737304688 0.118240356445312 -0.0506591796875 0.0352249145507813
-0.067626953125 0.109596252441406 -0.00755691528320313 0.0127964019775391
-0.121055603027344 0.0907974243164063 0.0326900482177734 0.0130691528320313
-0.160659790039063 0.0565948486328125 0.0412826538085937 0.0545845031738281
-0.18621826171875 -0.066741943359375 0.00440216064453123 0.07855224609375
-0.1783447265625 -0.112030029296875 -0.0243911743164063 0.0748977661132813
-0.156341552734375 -0.192886352539063 -0.0404434204101563 -0.0303306579589844
-0.0679473876953125 -0.23455810546875 -0.194046020507813 0.0805664062499999
-0.065643310546875 -0.185150146484375 -0.165191650390625 -0.04119873046875
-0.132919311523437 -0.1737060546875 -0.172134399414062 -0.0944366455078125
-0.15869140625 -0.078704833984375 -0.19622802734375 -0.0446929931640625
-0.152923583984375 -0.032562255859375 -0.15576171875 -0.00970458984374998
-0.132926940917969 0.0518417358398437 -0.134132385253906 0.0411453247070312
-0.101974487304687 0.106575012207031 -0.0935211181640625 0.0497970581054688
-0.0983047485351563 0.0995712280273437 -0.0556259155273438 0.0135116577148438
-0.08807373046875 0.125312805175781 -0.0337238311767578 -0.0030689239501953
-0.101005554199219 0.0997467041015625 0.0124197006225586 -0.013859748840332
-0.148529052734375 0.065521240234375 0.0455055236816406 -0.00351333618164062
-0.17596435546875 0.0213623046875 0.041046142578125 0.0457305908203125
-0.173019409179688 -0.113998413085937 -0.0119590759277344 0.0699348449707031
-0.142013549804688 -0.158645629882813 -0.0718765258789063 0.046722412109375
-0.0982208251953125 -0.221511840820313 -0.0821685791015625 -0.0983963012695313
-0.0125579833984375 -0.225631713867188 -0.21075439453125 0.000640869140624948
-0.0351104736328125 -0.205093383789062 -0.190216064453125 -0.0954437255859375
-0.126113891601562 -0.200653076171875 -0.17242431640625 -0.106292724609375
-0.1719970703125 -0.095367431640625 -0.172134399414063 -0.0546875
-0.167037963867188 -0.0397796630859375 -0.117446899414063 -0.026336669921875
-0.151458740234375 0.052276611328125 -0.0922393798828125 0.00745391845703125
-0.123214721679687 0.105033874511719 -0.0583419799804688 0.00105667114257813
-0.120399475097656 0.0923995971679688 -0.0251560211181641 -0.0297641754150391
-0.1170654296875 0.114021301269531 -0.00287246704101564 -0.0402717590332031
-0.125244140625 0.0756378173828125 0.0456352233886719 -0.0349464416503906
-0.162765502929688 0.02734375 0.0673065185546875 -0.0130043029785156
-0.173828125 -0.0235137939453125 0.0468559265136719 0.0380897521972656
-0.137344360351563 -0.157928466796875 -0.0177001953125 0.0561637878417969
-0.082977294921875 -0.193679809570313 -0.0968017578125 0.00948333740234376
-0.0255279541015625 -0.224212646484375 -0.0984649658203125 -0.166946411132813
0.045654296875 -0.179931640625 -0.2073974609375 -0.0613250732421875
0.00723266601562498 -0.184066772460938 -0.198974609375 -0.1318359375
-0.0868988037109375 -0.186935424804688 -0.158767700195313 -0.104965209960938
-0.142715454101563 -0.0949554443359375 -0.136184692382812 -0.0620880126953125
-0.142196655273437 -0.046234130859375 -0.075286865234375 -0.0429458618164063
-0.140899658203125 0.0353851318359375 -0.05010986328125 -0.0279541015625
-0.125022888183594 0.0836257934570313 -0.0226516723632813 -0.0462188720703125
-0.124534606933594 0.0729141235351563 0.00855255126953124 -0.0677261352539062
-0.128715515136719 0.090606689453125 0.0371932983398437 -0.0736770629882813
-0.130661010742188 0.0490875244140625 0.08697509765625 -0.0483551025390625
-0.156845092773438 -0.0057373046875 0.0950469970703125 -0.015899658203125
-0.154342651367187 -0.0583648681640625 0.059967041015625 0.0302658081054687
-0.09136962890625 -0.18109130859375 -0.00715255737304688 0.0368881225585937
-0.017974853515625 -0.2047119140625 -0.0921554565429688 -0.0348129272460938
0.0482635498046875 -0.19903564453125 -0.0853424072265625 -0.228134155273437
0.100250244140625 -0.107917785644531 -0.182815551757813 -0.0967864990234375
0.0560836791992187 -0.132026672363281 -0.18548583984375 -0.145797729492188
-0.022125244140625 -0.142074584960938 -0.132621765136719 -0.09478759765625
-0.0779266357421875 -0.0836944580078125 -0.0992889404296875 -0.0668411254882813
-0.0852508544921875 -0.0560531616210937 -0.0408744812011719 -0.0534439086914063
-0.107582092285156 0.001373291015625 -0.0161705017089844 -0.0557098388671875
-0.109870910644531 0.0443496704101563 0.00879669189453124 -0.0815048217773438
-0.110000610351563 0.0424575805664062 0.0420684814453125 -0.0947799682617188
-0.11871337890625 0.0578155517578125 0.0791244506835937 -0.09710693359375
-0.116188049316406 0.0263748168945312 0.128089904785156 -0.056793212890625
-0.130790710449219 -0.0234146118164062 0.123886108398437 -0.016021728515625
-0.121757507324219 -0.0690078735351562 0.0807342529296875 0.0220794677734375
-0.047393798828125 -0.171615600585938 0.0203323364257812 0.0167217254638672
0.039794921875 -0.18182373046875 -0.058563232421875 -0.0756149291992188
0.108444213867187 -0.144638061523438 -0.0419921875 -0.272262573242188
-0.13885498046875 0.0578765869140625 0.035247802734375 0.262954711914063
-0.0278396606445313 0.115440368652344 0.030242919921875 0.0915985107421875
0.0406875610351562 0.107627868652344 -0.0609855651855469 -0.0151023864746094
0.083038330078125 0.0534896850585938 -0.120651245117188 -0.0174942016601562
0.0758132934570313 0.0144424438476563 -0.147216796875 0.018035888671875
0.0737075805664062 -0.0213088989257813 -0.149612426757813 0.076690673828125
0.0697708129882813 -0.0224685668945313 -0.1016845703125 0.129974365234375
0.0662155151367188 -0.00763320922851563 -0.058685302734375 0.115989685058594
0.0702781677246094 -0.00496292114257813 -0.0193939208984375 0.0941238403320313
0.0552520751953125 0.0244674682617188 -0.00225830078125 0.0707168579101563
0.0372543334960938 0.052581787109375 0.0341720581054688 0.0571670532226562
0.0105514526367187 0.074737548828125 0.0729751586914063 0.0691604614257813
-0.0489120483398437 0.084564208984375 0.0980606079101562 0.0990753173828125
-0.0934677124023438 0.0776138305664062 0.1505126953125 0.119415283203125
-0.149276733398438 0.028717041015625 0.137184143066406 0.0931854248046875
-0.1539306640625 -0.0292205810546875 -0.021942138671875 0.263259887695313
-0.0555534362792969 0.0457382202148438 -0.0185165405273438 0.09564208984375
-0.00495529174804688 0.0474777221679688 -0.0954971313476563 -0.015472412109375
0.0306148529052734 0.0241279602050781 -0.150421142578125 -0.00755310058593749
0.0221271514892578 0.00102043151855469 -0.164764404296875 0.022796630859375
0.0243911743164062 -0.00282096862792969 -0.16595458984375 0.084197998046875
0.0316982269287109 0.0181503295898438 -0.117462158203125 0.135231018066406
0.0299053192138672 0.0317478179931641 -0.0725021362304688 0.114631652832031
0.0382461547851563 0.0456047058105469 -0.033935546875 0.0924758911132813
0.0162162780761719 0.0664596557617188 -0.0095367431640625 0.0642662048339844
-0.0218658447265625 0.080108642578125 0.0295600891113281 0.0499305725097656
-0.0603179931640625 0.0791854858398438 0.0597724914550781 0.0692558288574219
-0.114852905273438 0.0360641479492188 0.0659332275390625 0.092987060546875
-0.144439697265625 0.0159912109375 0.102706909179687 0.109153747558594
-0.181610107421875 -0.04876708984375 0.0823516845703125 0.0740890502929688
-0.150924682617188 -0.11541748046875 -0.079193115234375 0.231353759765625
-0.0754776000976562 -0.0371475219726563 -0.0671768188476563 0.072479248046875
-0.0595626831054688 -0.0260047912597656 -0.128746032714844 -0.0312728881835937
-0.0359268188476563 -0.00872039794921874 -0.177230834960938 -0.00782775878906248
-0.0414199829101563 -0.00984573364257812 -0.17388916015625 0.02496337890625
-0.0321674346923828 0.0198040008544922 -0.167083740234375 0.0863189697265625
-0.0127029418945312 0.0580596923828125 -0.117156982421875 0.125831604003906
-0.011962890625 0.0668373107910156 -0.074859619140625 0.0950393676757813
0.001251220703125 0.08929443359375 -0.0422439575195313 0.0721588134765625
-0.0209274291992188 0.0963516235351562 -0.00885391235351562 0.0438690185546875
-0.0698471069335937 0.0975570678710938 0.0316867828369141 0.0327835083007813
-0.113616943359375 0.0801925659179687 0.0522537231445312 0.0635337829589844
-0.162246704101563 -0.00546264648437502 0.036651611328125 0.0884017944335938
-0.174911499023438 -0.039825439453125 0.043731689453125 0.0967178344726563
-0.1885986328125 -0.117080688476562 0.0210685729980469 0.0349330902099609
-0.12677001953125 -0.183151245117187 -0.130279541015625 0.172286987304688
-0.0847091674804688 -0.116676330566406 -0.111930847167969 0.0286941528320312
-0.111656188964844 -0.0994644165039063 -0.15399169921875 -0.0553741455078125
-0.106681823730469 -0.038482666015625 -0.191680908203125 -0.0150604248046875
-0.104537963867188 -0.01544189453125 -0.169326782226563 0.017822265625
-0.0853195190429688 0.04315185546875 -0.150985717773438 0.07562255859375
-0.0549392700195312 0.0910873413085938 -0.104042053222656 0.098297119140625
-0.0525588989257813 0.0928268432617188 -0.0662002563476563 0.0606842041015625
-0.03692626953125 0.117691040039062 -0.0400619506835937 0.0400352478027344
-0.0559539794921875 0.109153747558594 -0.000822067260742191 0.0161762237548828
-0.107818603515625 0.0968246459960938 0.0374984741210937 0.0128746032714844
-0.148300170898438 0.0674896240234375 0.0486717224121094 0.054534912109375
-0.182891845703125 -0.04638671875 0.0145645141601562 0.0838546752929688
-0.178421020507812 -0.0899505615234375 -0.0129241943359375 0.0816421508789062
-0.166580200195312 -0.169204711914063 -0.0381202697753906 -0.0178108215332031
-0.0878753662109375 -0.219635009765625 -0.168655395507813 0.097076416015625
-0.079620361328125 -0.173019409179688 -0.152023315429688 -0.023345947265625
-0.144424438476563 -0.155120849609375 -0.168609619140625 -0.0767974853515625
-0.159011840820313 -0.062042236328125 -0.188339233398437 -0.0265350341796875
-0.15179443359375 -0.01690673828125 -0.146865844726563 0.00358581542968748
-0.123245239257812 0.06134033203125 -0.1207275390625 0.05120849609375
-0.0867767333984375 0.111373901367187 -0.080047607421875 0.05596923828125
-0.0845947265625 0.104621887207031 -0.0479545593261719 0.0180473327636719
-0.0719451904296875 0.128303527832031 -0.0265960693359375 0.00162506103515626
-0.0874176025390625 0.103660583496094 0.0175151824951172 -0.0121650695800781
-0.13629150390625 0.0764617919921875 0.0494155883789063 -0.0048675537109375
-0.166458129882813 0.037445068359375 0.0491142272949219 0.0452003479003906
-0.177413940429688 -0.0919647216796875 -0.00153350830078127 0.0769500732421875
-0.150665283203125 -0.137924194335938 -0.0604019165039063 0.0594863891601563
-0.116378784179687 -0.203338623046875 -0.0843353271484375 -0.0787200927734375
-0.035919189453125 -0.217010498046875 -0.1920166015625 0.0221710205078125
-0.0546112060546875 -0.194625854492188 -0.1824951171875 -0.0719146728515626
-0.14337158203125 -0.180282592773438 -0.16998291015625 -0.0880126953125
-0.17437744140625 -0.07403564453125 -0.16644287109375 -0.0388031005859375
-0.165817260742188 -0.0208892822265625 -0.112457275390625 -0.01580810546875
-0.138229370117188 0.0656280517578125 -0.0833740234375 0.015777587890625
-0.104583740234375 0.112937927246094 -0.05133056640625 0.00592803955078126
-0.104728698730469 0.101791381835938 -0.02349853515625 -0.026458740234375
-0.0986709594726563 0.120872497558594 -0.000831604003906254 -0.038055419921875
-0.111129760742188 0.0843887329101563 0.0473670959472656 -0.0359458923339844
-0.152313232421875 0.0433197021484375 0.0697593688964844 -0.0163116455078125
-0.168655395507813 -0.00431823730468752 0.0534324645996094 0.0370216369628906
-0.149200439453125 -0.136993408203125 -0.00853347778320314 0.0634384155273437
-0.100723266601563 -0.176345825195313 -0.0883102416992188 0.0249099731445312
-0.0487060546875 -0.21441650390625 -0.1070556640625 -0.144073486328125
0.021820068359375 -0.17913818359375 -0.197036743164063 -0.0382080078125
-0.01446533203125 -0.178253173828125 -0.196029663085938 -0.106155395507813
-0.106536865234375 -0.169692993164063 -0.157424926757813 -0.088348388671875
-0.146621704101562 -0.074066162109375 -0.133369445800781 -0.048919677734375
-0.142486572265625 -0.02655029296875 -0.0750656127929688 -0.0359954833984375
-0.128555297851563 0.0502471923828125 -0.0467643737792969 -0.0232276916503906
-0.105865478515625 0.0939559936523438 -0.0228729248046875 -0.0430526733398438
-0.10845947265625 0.0839767456054688 0.00466156005859374 -0.0665168762207031
-0.109413146972656 0.0999984741210938 0.0335845947265625 -0.073974609375
-0.117164611816406 0.06097412109375 0.0851058959960937 -0.0540542602539062
-0.148483276367187 0.0127716064453125 0.0951309204101563 -0.0220413208007813
-0.15289306640625 -0.037353515625 0.0645561218261719 0.0280799865722656
-0.109466552734375 -0.162307739257813 -0.00193786621093751 0.0426788330078125
-0.0419769287109375 -0.192672729492188 -0.0892562866210938 -0.0182571411132813
0.0215911865234375 -0.198043823242187 -0.100509643554688 -0.204925537109375
0.0791091918945313 -0.115585327148438 -0.179214477539063 -0.0754241943359375
0.034820556640625 -0.133552551269531 -0.187652587890625 -0.122238159179688
-0.0416336059570313 -0.132171630859375 -0.131973266601563 -0.0819168090820312
-0.0853271484375 -0.067962646484375 -0.0994110107421875 -0.0589218139648438
-0.0882797241210938 -0.0401992797851562 -0.0437698364257813 -0.0499038696289062
-0.0990676879882813 0.0164260864257813 -0.018890380859375 -0.0534782409667969
-0.0951385498046875 0.0559616088867188 0.001495361328125 -0.0795364379882813
-0.0963058471679687 0.053466796875 0.032623291015625 -0.0961151123046875
-0.101402282714844 0.0683364868164062 0.0705642700195313 -0.100631713867188
-0.103012084960938 0.038238525390625 0.122688293457031 -0.0657272338867187
-0.124794006347656 -0.00526428222656251 0.121345520019531 -0.0244293212890625
-0.122520446777344 -0.0498199462890625 0.0828399658203125 0.018035888671875
-0.0668487548828125 -0.155654907226563 0.0211143493652344 0.0199108123779297
0.0142669677734375 -0.176376342773438 -0.0638236999511719 -0.0614471435546875
0.0832977294921875 -0.151016235351563 -0.06585693359375 -0.253280639648438
-0.118873596191406 0.066162109375 0.05322265625 0.241683959960938
-0.013916015625 0.106758117675781 0.0361251831054688 0.0801544189453125
0.0491714477539063 0.092620849609375 -0.0574951171875 -0.0129585266113281
0.0811386108398438 0.0387649536132813 -0.11529541015625 -0.0112686157226563
0.0693435668945313 0.00487518310546875 -0.138984680175781 0.0234527587890625
0.0624771118164063 -0.0267715454101563 -0.1395263671875 0.081451416015625
0.058380126953125 -0.027008056640625 -0.087860107421875 0.129669189453125
0.057830810546875 -0.0124855041503906 -0.0474319458007813 0.114387512207031
0.0601387023925781 -0.00975418090820313 -0.011810302734375 0.0908432006835938
0.0490684509277344 0.01654052734375 0.00246810913085938 0.0698356628417969
0.0368385314941406 0.0429649353027344 0.03668212890625 0.0552482604980469
0.01708984375 0.0655632019042969 0.0732650756835937 0.0640029907226562
-0.0343170166015625 0.0806961059570313 0.0975189208984375 0.0899734497070313
-0.0755691528320312 0.0786361694335938 0.14794921875 0.10479736328125
-0.131980895996094 0.0408554077148438 0.133766174316406 0.081298828125
-0.139892578125 -0.0157394409179687 0.00158691406250001 0.24688720703125
-0.0443954467773438 0.0434112548828125 -0.00644683837890625 0.0881729125976563
0.001800537109375 0.0391006469726563 -0.0884552001953125 -0.0107421875
0.0303001403808594 0.0148277282714844 -0.14105224609375 -0.000228881835937526
0.017578125 -0.00394439697265625 -0.153579711914063 0.0293731689453125
0.0173797607421875 -0.00565242767333984 -0.151763916015625 0.08953857421875
0.0257663726806641 0.0139255523681641 -0.100296020507813 0.135223388671875
0.0257053375244141 0.0279293060302734 -0.0591354370117187 0.113632202148437
0.0339508056640625 0.040435791015625 -0.0237960815429687 0.0904693603515625
0.0153579711914062 0.0582466125488281 -0.00300216674804688 0.0640296936035156
-0.0163497924804687 0.072784423828125 0.0332183837890625 0.0485610961914063
-0.0495986938476562 0.0746688842773438 0.0623970031738281 0.06494140625
-0.101043701171875 0.0395355224609375 0.068939208984375 0.0880584716796875
-0.128692626953125 0.0244216918945312 0.104408264160156 0.0993881225585938
-0.168411254882813 -0.029998779296875 0.0830078125 0.0685272216796875
-0.14471435546875 -0.0973358154296875 -0.0521240234375 0.222091674804688
-0.0695648193359375 -0.0328369140625 -0.052001953125 0.0705032348632813
-0.055694580078125 -0.0259780883789063 -0.119636535644531 -0.0233001708984375
-0.0341682434082031 -0.0113239288330078 -0.16473388671875 0.00192260742187502
-0.0422935485839844 -0.0099639892578125 -0.160781860351563 0.032012939453125
-0.0335903167724609 0.0184764862060547 -0.149765014648438 0.09161376953125
-0.011962890625 0.0540428161621094 -0.100013732910156 0.125770568847656
-0.0103492736816406 0.0638389587402344 -0.0619125366210938 0.0944137573242187
0.00401306152343749 0.0835189819335938 -0.0312347412109375 0.0722198486328125
-0.016204833984375 0.0898208618164063 -0.00188827514648437 0.0443077087402344
-0.0604324340820313 0.0931549072265625 0.0352668762207031 0.0317497253417969
-0.100013732910156 0.080657958984375 0.0568199157714844 0.0606803894042969
-0.150070190429688 0.00465393066406252 0.0430984497070312 0.0866775512695313
-0.162582397460938 -0.0259246826171875 0.0505447387695312 0.093017578125
-0.181884765625 -0.0957794189453125 0.0241127014160156 0.0369186401367187
-0.1292724609375 -0.163787841796875 -0.102081298828125 0.169921875
-0.0851669311523438 -0.106040954589844 -0.0951385498046875 0.0331497192382812
-0.111114501953125 -0.0895309448242188 -0.144088745117188 -0.0443115234375
-0.102203369140625 -0.0332489013671875 -0.177658081054688 -0.00378417968749998
-0.102058410644531 -0.00945281982421875 -0.155563354492188 0.025909423828125
-0.0803985595703125 0.0448532104492188 -0.133987426757813 0.0799560546875
-0.04693603515625 0.087799072265625 -0.0874176025390625 0.0980224609375
-0.0456695556640625 0.09100341796875 -0.0550155639648437 0.06146240234375
-0.0289154052734375 0.113143920898437 -0.0308570861816406 0.0410346984863281
-0.04742431640625 0.104591369628906 0.00496482849121093 0.0171279907226563
-0.0954055786132813 0.096588134765625 0.0407295227050781 0.0118370056152344
-0.134300231933594 0.0718612670898438 0.0540390014648438 0.0523338317871094
-0.173965454101563 -0.032196044921875 0.0234298706054687 0.0845947265625
-0.170455932617187 -0.0723876953125 -0.00251770019531252 0.0830307006835938
-0.166351318359375 -0.147003173828125 -0.0339851379394531 -0.00790977478027344
-0.09765625 -0.200912475585938 -0.142532348632813 0.102615356445312
-0.0852508544921875 -0.159469604492188 -0.135459899902344 -0.0122833251953125
-0.147186279296875 -0.137542724609375 -0.160400390625 -0.0633087158203125
-0.153472900390625 -0.0486602783203125 -0.175125122070313 -0.014007568359375
-0.1453857421875 -0.00617980957031251 -0.135322570800781 0.0112380981445312
-0.112655639648438 0.0657272338867188 -0.106155395507813 0.055206298828125
-0.073455810546875 0.109832763671875 -0.0669059753417969 0.0571670532226563
-0.073211669921875 0.104690551757812 -0.0409317016601563 0.0198554992675781
-0.058685302734375 0.125556945800781 -0.0194816589355469 0.00356292724609376
-0.075531005859375 0.102188110351563 0.0208072662353516 -0.0117893218994141
-0.123222351074219 0.0807647705078125 0.0511398315429687 -0.00641632080078124
-0.15380859375 0.0461883544921875 0.0540122985839844 0.0437240600585938
-0.1741943359375 -0.0746917724609375 0.0084686279296875 0.0790786743164063
-0.1505126953125 -0.119155883789062 -0.0484886169433594 0.06573486328125
-0.12408447265625 -0.1837158203125 -0.0801925659179688 -0.0619964599609375
-0.05126953125 -0.203155517578125 -0.170333862304687 0.0334930419921875
-0.06640625 -0.1805419921875 -0.167724609375 -0.05572509765625
-0.150466918945313 -0.159317016601563 -0.16192626953125 -0.07391357421875
-0.169342041015625 -0.056365966796875 -0.155105590820313 -0.0269927978515625
-0.158370971679688 -0.005828857421875 -0.104499816894531 -0.00942993164062502
-0.124771118164063 0.0717391967773438 -0.07366943359375 0.0190658569335938
-0.0879745483398437 0.113166809082031 -0.0437965393066406 0.00783157348632813
-0.0900115966796875 0.10357666015625 -0.0205211639404297 -0.02398681640625
-0.0816421508789063 0.120452880859375 0.00143051147460937 -0.0358810424804687
-0.0967636108398438 0.0864791870117188 0.0477027893066406 -0.0377883911132812
-0.138893127441406 0.052032470703125 0.0692291259765625 -0.0187911987304687
-0.158340454101563 0.00868225097656247 0.0578842163085937 0.0350990295410156
-0.151962280273438 -0.11767578125 0.000297546386718736 0.0663070678710937
-0.1085205078125 -0.158462524414063 -0.0777587890625 0.0352859497070312
-0.063385009765625 -0.199325561523438 -0.106414794921875 -0.122314453125
0.00427246093749999 -0.172088623046875 -0.179916381835938 -0.0235748291015625
-0.0301055908203125 -0.166824340820313 -0.184478759765625 -0.0860137939453125
-0.115676879882813 -0.150741577148438 -0.149917602539063 -0.075408935546875
-0.143844604492188 -0.0561981201171875 -0.126327514648438 -0.0397109985351562
-0.135818481445313 -0.01190185546875 -0.0710678100585938 -0.0299072265625
-0.114151000976563 0.0583267211914062 -0.0430145263671875 -0.0195732116699219
-0.0882797241210938 0.09625244140625 -0.0216484069824219 -0.0400390625
-0.093170166015625 0.0876083374023438 0.0021514892578125 -0.0641212463378906
-0.091278076171875 0.101600646972656 0.030731201171875 -0.0723648071289062
-0.102592468261719 0.0650787353515625 0.0816726684570313 -0.05718994140625
-0.136238098144531 0.0240097045898438 0.0927276611328125 -0.0261993408203125
-0.144943237304688 -0.0224609375 0.0672645568847656 0.0251731872558594
-0.116790771484375 -0.1422119140625 0.00366210937499999 0.0457382202148437
-0.0557708740234375 -0.17626953125 -0.0830230712890625 -0.00560760498046875
0.002410888671875 -0.188308715820313 -0.106765747070313 -0.181137084960938
0.0608291625976563 -0.115257263183594 -0.168701171875 -0.0598602294921875
0.0183486938476562 -0.127906799316406 -0.179397583007813 -0.101608276367188
-0.0533981323242188 -0.119125366210938 -0.12646484375 -0.071441650390625
-0.0863265991210938 -0.0543289184570312 -0.09619140625 -0.051971435546875
-0.086029052734375 -0.0274505615234375 -0.0444717407226563 -0.0464973449707031
-0.0882415771484375 0.0249710083007813 -0.0208930969238281 -0.0497665405273438
-0.0794143676757813 0.0604629516601563 -0.00276184082031251 -0.076263427734375
-0.0818634033203125 0.058074951171875 0.0254592895507812 -0.0932388305664063
-0.0853118896484375 0.0721511840820313 0.0621719360351563 -0.0999755859375
-0.0893478393554688 0.0439682006835938 0.114776611328125 -0.0705108642578125
-0.114311218261719 0.006866455078125 0.116470336914062 -0.0297393798828125
-0.117164611816406 -0.0344085693359375 0.0817642211914062 0.0143051147460937
-0.0768508911132812 -0.1378173828125 0.0217704772949219 0.0224380493164062
-0.0037994384765625 -0.164382934570313 -0.0635337829589844 -0.0486106872558594
0.0619964599609375 -0.148406982421875 -0.07916259765625 -0.22906494140625
-0.102615356445313 0.0677719116210937 0.0614013671875 0.222946166992188
-0.00525665283203125 0.0982894897460938 0.0384902954101563 0.07061767578125
0.0523834228515625 0.0804367065429687 -0.0538291931152344 -0.0122451782226563
0.0766830444335938 0.0279541015625 -0.110206604003906 -0.00894165039062499
0.0627555847167969 -0.0013580322265625 -0.131668090820313 0.0248184204101562
0.052703857421875 -0.0286026000976563 -0.130928039550781 0.0821533203125
0.0485267639160156 -0.0275421142578125 -0.0782623291015625 0.126777648925781
0.0498008728027344 -0.01434326171875 -0.0399856567382813 0.110969543457031
0.0517082214355469 -0.0110397338867188 -0.00756835937500001 0.0876312255859375
0.0423126220703125 0.0121650695800781 0.00548553466796875 0.0688247680664062
0.0340843200683594 0.0352935791015625 0.0367889404296875 0.0537223815917969
0.0198097229003906 0.0570335388183594 0.0717926025390625 0.0600051879882813
-0.0252838134765625 0.0749435424804688 0.094268798828125 0.08349609375
-0.06231689453125 0.0755462646484375 0.141769409179688 0.0948028564453125
-0.117057800292969 0.0467300415039063 0.12786865234375 0.074432373046875
-0.126731872558594 -0.00861358642578125 0.0157318115234375 0.229766845703125
-0.0360527038574219 0.0393257141113281 0.000762939453124998 0.079742431640625
0.00518226623535156 0.0316925048828125 -0.0820770263671875 -0.00877380371093751
0.0279693603515625 0.00701141357421875 -0.132606506347656 0.00269317626953124
0.0134143829345703 -0.00800037384033203 -0.144210815429688 0.0309600830078125
0.0106678009033203 -0.00709724426269531 -0.140609741210938 0.0897216796875
0.0200004577636719 0.0115776062011719 -0.0886383056640625 0.131378173828125
0.0216560363769531 0.0247421264648438 -0.0496292114257812 0.110153198242188
0.02996826171875 0.0371742248535156 -0.0173721313476562 0.0876083374023437
0.0127639770507813 0.0527534484863281 0.00143051147460938 0.0630874633789063
-0.0145301818847656 0.0659408569335938 0.0350494384765625 0.0471343994140625
-0.0433273315429687 0.0692863464355469 0.0631179809570313 0.0623321533203125
-0.0898513793945313 0.0396270751953125 0.0696792602539063 0.0841522216796875
-0.1151123046875 0.0272369384765625 0.103469848632812 0.0922775268554688
-0.154647827148438 -0.01995849609375 0.081939697265625 0.0659255981445313
-0.13543701171875 -0.0856399536132813 -0.03399658203125 0.209609985351563
-0.0632553100585938 -0.0313987731933594 -0.0405540466308594 0.0653228759765625
-0.0516281127929687 -0.0262718200683594 -0.110908508300781 -0.0194473266601563
-0.0333786010742188 -0.013885498046875 -0.153701782226562 0.00598144531249997
-0.0429191589355469 -0.0105323791503906 -0.149856567382813 0.03411865234375
-0.0350418090820313 0.0183982849121094 -0.137336730957031 0.0911712646484375
-0.0125160217285156 0.0511589050292969 -0.0873031616210938 0.122047424316406
-0.0105667114257813 0.060821533203125 -0.051971435546875 0.0922622680664063
0.00396728515625 0.0788803100585938 -0.0238418579101562 0.0701522827148438
-0.0147171020507812 0.0836334228515625 0.00308990478515625 0.0437393188476563
-0.0543670654296875 0.0876541137695313 0.0370216369628906 0.0311813354492188
-0.09075927734375 0.0774307250976563 0.0590400695800781 0.05841064453125
-0.138526916503906 0.00905609130859376 0.0472335815429687 0.084991455078125
-0.14959716796875 -0.018829345703125 0.0539474487304688 0.0890884399414063
-0.171340942382813 -0.08154296875 0.0265617370605469 0.0386962890625
-0.125823974609375 -0.149398803710938 -0.0819244384765626 0.162353515625
-0.0818405151367188 -0.099273681640625 -0.0816116333007812 0.0323944091796875
-0.107872009277344 -0.0830307006835938 -0.134628295898438 -0.0385894775390625
-0.0981521606445313 -0.0303421020507812 -0.165084838867188 0.000900268554687518
-0.0989227294921875 -0.00662994384765625 -0.144134521484375 0.02783203125
-0.0761184692382813 0.0448379516601563 -0.121383666992188 0.07958984375
-0.0424346923828125 0.0839691162109375 -0.0754623413085938 0.095062255859375
-0.04119873046875 0.08758544921875 -0.0471878051757813 0.0597267150878906
-0.0244903564453125 0.10772705078125 -0.0238418579101563 0.040130615234375
-0.0424652099609375 0.0985641479492188 0.0091257095336914 0.0168066024780274
-0.0875167846679688 0.09332275390625 0.0423049926757812 0.0109748840332031
-0.123779296875 0.0713577270507812 0.0575942993164062 0.0504531860351563
-0.164627075195313 -0.0242462158203125 0.0292739868164062 0.0840301513671875
-0.16046142578125 -0.0618438720703125 0.00477600097656249 0.0827713012695312
-0.1611328125 -0.132064819335938 -0.0284633636474609 -0.000856399536132824
-0.0999908447265625 -0.1865234375 -0.121688842773438 0.100738525390625
-0.0862884521484375 -0.148193359375 -0.120742797851563 -0.00870513916015623
-0.145660400390625 -0.1251220703125 -0.149490356445313 -0.0553741455078125
-0.146377563476563 -0.0410919189453125 -0.16217041015625 -0.0086822509765625
-0.139083862304687 -0.000137329101562528 -0.125450134277344 0.0143280029296875
-0.104194641113281 0.0659027099609375 -0.0948638916015625 0.0545501708984375
-0.064605712890625 0.105857849121094 -0.0573577880859375 0.0546493530273438
-0.0650405883789063 0.102012634277344 -0.0350360870361328 0.0192070007324219
-0.049896240234375 0.120429992675781 -0.0145044326782227 0.00375080108642579
-0.0677871704101563 0.0984268188476563 0.0236282348632812 -0.0119094848632812
-0.112831115722656 0.0809326171875 0.0521697998046875 -0.00713729858398437
-0.14324951171875 0.0491790771484375 0.0578231811523437 0.0418357849121094
-0.167465209960938 -0.06365966796875 0.0155410766601562 0.0795745849609375
-0.146011352539063 -0.106201171875 -0.0386848449707031 0.0683212280273438
-0.124374389648438 -0.168716430664063 -0.0744171142578125 -0.0508651733398438
-0.0585784912109375 -0.190032958984375 -0.151290893554688 0.037139892578125
-0.071044921875 -0.168212890625 -0.152496337890625 -0.047271728515625
-0.150405883789063 -0.143814086914063 -0.152053833007813 -0.065948486328125
-0.161376953125 -0.045501708984375 -0.144439697265625 -0.0216522216796875
-0.150100708007813 0.00234985351562497 -0.0976104736328125 -0.00606536865234377
-0.112960815429688 0.07281494140625 -0.0652122497558594 0.0186347961425781
-0.0754776000976563 0.109321594238281 -0.0378189086914063 0.00752258300781251
-0.07940673828125 0.101219177246094 -0.0182132720947266 -0.0231208801269531
-0.0703353881835938 0.116668701171875 0.00392913818359374 -0.0343685150146484
-0.0865631103515625 0.0844879150390625 0.0481147766113281 -0.0378952026367188
-0.127716064453125 0.0552139282226562 0.0691375732421875 -0.019775390625
-0.148513793945312 0.0151824951171875 0.0606231689453125 0.0336761474609375
-0.149154663085938 -0.103561401367188 0.00754165649414061 0.0673713684082031
-0.109588623046875 -0.143997192382812 -0.0673751831054688 0.0408287048339844
-0.07012939453125 -0.186599731445313 -0.101669311523438 -0.106552124023438
-0.00727844238281251 -0.163314819335937 -0.163955688476563 -0.0171966552734375
-0.037994384765625 -0.156341552734375 -0.170547485351563 -0.0746612548828125
-0.119010925292969 -0.135505676269531 -0.141036987304687 -0.0677642822265625
-0.137840270996094 -0.0445709228515625 -0.118598937988281 -0.034820556640625
-0.128715515136719 -0.00192260742187499 -0.0675201416015625 -0.0275306701660156
-0.102195739746094 0.060699462890625 -0.0390129089355469 -0.0181999206542969
-0.0754318237304687 0.0940322875976563 -0.0199546813964844 -0.0387191772460937
-0.0809707641601562 0.08673095703125 0.00123214721679687 -0.062042236328125
-0.0788421630859375 0.0990447998046875 0.0293655395507812 -0.0701484680175781
-0.0911636352539062 0.0647048950195313 0.0786590576171875 -0.0578155517578125
-0.125076293945313 0.0296249389648437 0.0904617309570312 -0.028106689453125
-0.13702392578125 -0.0130081176757813 0.0679168701171875 0.0238189697265625
-0.117408752441406 -0.127464294433594 0.00878906249999999 0.0478897094726563
-0.0626220703125 -0.16259765625 -0.07562255859375 0.00253295898437499
-0.008941650390625 -0.178298950195313 -0.104537963867188 -0.162734985351562
0.047576904296875 -0.112174987792969 -0.157150268554688 -0.052520751953125
0.00746917724609374 -0.120597839355469 -0.1693115234375 -0.08966064453125
-0.0594558715820313 -0.107666015625 -0.119438171386719 -0.06622314453125
-0.0836944580078125 -0.0434494018554688 -0.09228515625 -0.0477371215820312
-0.0817031860351563 -0.018310546875 -0.0430870056152344 -0.043914794921875
-0.0781173706054688 0.0287628173828125 -0.0203704833984375 -0.0476264953613281
-0.0671577453613281 0.0601119995117188 -0.00445556640625001 -0.0736007690429688
-0.0707168579101563 0.0587615966796875 0.0202865600585937 -0.0899276733398438
-0.072540283203125 0.0707931518554688 0.0567169189453125 -0.0977096557617187
-0.0781173706054688 0.0448684692382812 0.108848571777344 -0.0716476440429688
-0.104217529296875 0.0134048461914063 0.1119384765625 -0.031982421875
-0.10992431640625 -0.0248031616210938 0.0805587768554688 0.013336181640625
-0.08026123046875 -0.123481750488281 0.0226764678955078 0.0246257781982422
-0.0142669677734375 -0.152175903320313 -0.0608673095703125 -0.0388755798339844
0.047821044921875 -0.142059326171875 -0.0823516845703125 -0.209335327148437
-0.0911865234375 0.0678482055664063 0.0655059814453125 0.209930419921875
-0.000205993652343759 0.0916290283203125 0.0392417907714844 0.0635986328125
0.0533981323242187 0.071502685546875 -0.0513687133789063 -0.0128326416015625
0.0731124877929688 0.02044677734375 -0.107124328613281 -0.00800323486328126
0.058013916015625 -0.0053253173828125 -0.128341674804688 0.0248260498046875
0.0455474853515625 -0.0286674499511719 -0.127067565917969 0.082305908203125
0.0415420532226563 -0.0272750854492187 -0.073516845703125 0.124130249023438
0.0443115234375 -0.0145530700683594 -0.0357131958007813 0.108604431152344
0.0455589294433594 -0.0110435485839844 -0.0052642822265625 0.0857009887695313
0.0371856689453125 0.00978851318359375 0.0071868896484375 0.0684394836425781
0.0312786102294922 0.0303401947021484 0.0381507873535156 0.0538063049316406
0.0204010009765625 0.0508956909179688 0.0707015991210938 0.05841064453125
-0.0189018249511719 0.06976318359375 0.0911102294921875 0.0808181762695313
-0.05426025390625 0.071929931640625 0.137046813964844 0.09063720703125
-0.106109619140625 0.04888916015625 0.123443603515625 0.0725479125976563
-0.116981506347656 -0.00553894042968752 0.0232391357421875 0.218124389648438
-0.0309257507324219 0.0353660583496094 0.00517272949218751 0.0732955932617188
0.00671768188476562 0.0253829956054688 -0.0771713256835938 -0.00901031494140626
0.0260009765625 0.00139808654785156 -0.126678466796875 0.00320434570312497
0.0103273391723633 -0.010676383972168 -0.138664245605469 0.030517578125
0.00600051879882812 -0.00726175308227539 -0.134994506835937 0.089385986328125
0.0149164199829102 0.0106868743896484 -0.0815887451171875 0.128746032714844
0.0177898406982422 0.0237846374511719 -0.04400634765625 0.107460021972656
0.0261497497558594 0.0353279113769531 -0.01324462890625 0.0857925415039063
0.00951385498046874 0.049560546875 0.004486083984375 0.0632400512695313
-0.0143280029296875 0.0611648559570313 0.0366897583007813 0.0472488403320313
-0.0397529602050781 0.0644645690917969 0.0642890930175781 0.0615386962890625
-0.083251953125 0.037628173828125 0.0695724487304688 0.0828628540039063
-0.105316162109375 0.0265350341796875 0.102218627929688 0.0901107788085938
-0.144607543945313 -0.0149383544921875 0.081207275390625 0.06573486328125
-0.128250122070313 -0.08026123046875 -0.0232696533203125 0.199737548828125
-0.0585746765136719 -0.0317115783691406 -0.0327415466308594 0.0604515075683594
-0.0498580932617188 -0.028533935546875 -0.1051025390625 -0.019256591796875
-0.0331344604492188 -0.0169124603271484 -0.14617919921875 0.00650024414062498
-0.0447654724121094 -0.0110740661621094 -0.143096923828125 0.0333099365234375
-0.0371017456054688 0.0179786682128906 -0.130050659179687 0.0896072387695313
-0.0144882202148437 0.0489311218261719 -0.0796051025390625 0.118270874023438
-0.0114212036132812 0.0589332580566406 -0.0461196899414063 0.0900497436523438
0.00298309326171875 0.0762252807617187 -0.0193061828613281 0.0686302185058594
-0.0157623291015625 0.079803466796875 0.00608444213867187 0.0437355041503906
-0.052215576171875 0.0839080810546875 0.0389366149902344 0.0311126708984375
-0.0860137939453125 0.0738906860351562 0.0614547729492188 0.0575103759765625
-0.131454467773438 0.00906372070312498 0.0498580932617188 0.0844345092773438
-0.140975952148438 -0.0160369873046875 0.056365966796875 0.0884017944335938
-0.163360595703125 -0.0748291015625 0.0292739868164062 0.0413436889648438
-0.122711181640625 -0.142196655273437 -0.068206787109375 0.155654907226563
-0.0789566040039062 -0.0962142944335938 -0.0718994140625 0.0297164916992188
-0.105491638183594 -0.08062744140625 -0.127685546875 -0.0365829467773438
-0.0955276489257813 -0.0309066772460937 -0.156326293945312 0.0027008056640625
-0.0977401733398438 -0.00529479980468749 -0.137168884277344 0.0279312133789063
-0.074798583984375 0.0440902709960937 -0.113540649414063 0.0771484375
-0.0407485961914063 0.080902099609375 -0.0682601928710938 0.0909805297851563
-0.0392379760742188 0.0855255126953125 -0.0417823791503906 0.0581741333007812
-0.0223007202148437 0.104217529296875 -0.0183448791503906 0.039459228515625
-0.0408554077148438 0.0950775146484375 0.0128202438354492 0.0165252685546875
-0.0831832885742188 0.090118408203125 0.0445709228515625 0.0111160278320313
-0.118492126464844 0.0703582763671875 0.060638427734375 0.0501747131347656
-0.15838623046875 -0.02099609375 0.0341873168945313 0.0839614868164063
-0.153488159179688 -0.057708740234375 0.01043701171875 0.0830459594726563
-0.15582275390625 -0.124053955078125 -0.024007797241211 0.00399780273437499
-0.0999298095703125 -0.177902221679688 -0.107765197753906 0.097564697265625
-0.085693359375 -0.143096923828125 -0.109474182128906 -0.00823211669921876
-0.14361572265625 -0.118331909179687 -0.142562866210938 -0.052886962890625
-0.141372680664063 -0.0375518798828125 -0.154052734375 -0.00677490234374998
-0.13507080078125 0.00305938720703123 -0.118515014648438 0.0142059326171875
-0.0990982055664063 0.0653228759765625 -0.0875625610351562 0.0526275634765625
-0.0596694946289062 0.102279663085938 -0.0513725280761719 0.0524406433105469
-0.0605316162109375 0.0998992919921875 -0.0314865112304688 0.0187129974365234
-0.0449142456054688 0.116775512695313 -0.0102558135986328 0.00367355346679688
-0.063934326171875 0.0952072143554688 0.0263881683349609 -0.0121021270751953
-0.107276916503906 0.0794448852539063 0.0537681579589844 -0.0071258544921875
-0.137168884277344 0.0495986938476562 0.0607223510742187 0.0415382385253906
-0.1627197265625 -0.0577545166015625 0.0213394165039062 0.080078125
-0.141586303710937 -0.100051879882813 -0.031646728515625 0.0697784423828125
-0.12335205078125 -0.161117553710938 -0.0684471130371094 -0.0434150695800781
-0.062225341796875 -0.182891845703125 -0.137596130371094 0.0360488891601562
-0.0730438232421875 -0.161270141601562 -0.141159057617188 -0.044189453125
-0.150039672851562 -0.13427734375 -0.1455078125 -0.063079833984375
-0.156356811523437 -0.039337158203125 -0.137474060058594 -0.0190887451171875
-0.144821166992188 0.00720214843750001 -0.0918960571289063 -0.00565338134765626
-0.106040954589844 0.0726547241210937 -0.0594558715820313 0.0179405212402344
-0.0683822631835938 0.10614013671875 -0.0339775085449219 0.00583076477050782
-0.0731277465820313 0.0998077392578125 -0.0163688659667969 -0.0227336883544922
-0.0635986328125 0.113533020019531 0.00628280639648437 -0.0344772338867187
-0.0809707641601563 0.0820999145507813 0.0491981506347656 -0.038360595703125
-0.120864868164063 0.0559616088867188 0.0696258544921875 -0.0206222534179687
-0.142318725585938 0.01837158203125 0.0634956359863281 0.0329627990722656
-0.147384643554687 -0.0956878662109375 0.0128974914550781 0.0680885314941406
-0.109024047851563 -0.136077880859375 -0.0600090026855469 0.043792724609375
-0.073211669921875 -0.178085327148437 -0.0960540771484375 -0.0971145629882813
-0.0142974853515625 -0.157806396484375 -0.15252685546875 -0.0158843994140625
-0.0426025390625 -0.150100708007812 -0.159942626953125 -0.070281982421875
-0.12115478515625 -0.125480651855469 -0.13507080078125 -0.0648193359375
-0.133811950683594 -0.0372772216796875 -0.113090515136719 -0.0327301025390625
-0.123237609863281 0.00298309326171876 -0.064208984375 -0.0273361206054688
-0.0947952270507813 0.0608901977539063 -0.0352821350097656 -0.0184326171875
-0.0669174194335938 0.0915298461914063 -0.018524169921875 -0.0383720397949219
-0.0731887817382813 0.0848312377929687 0.00075149536132812 -0.0604019165039062
-0.070770263671875 0.0967788696289062 0.0299034118652344 -0.0697784423828125
-0.0840377807617188 0.0634613037109375 0.0779342651367188 -0.0589218139648437
-0.117790222167969 0.0320205688476563 0.0900650024414062 -0.02862548828125
-0.130386352539063 -0.00799560546874998 0.0698013305664062 0.0234565734863281
-0.1173095703125 -0.117317199707031 0.0126800537109375 0.0490760803222656
-0.0656585693359375 -0.15325927734375 -0.0694694519042969 0.00719451904296876
-0.0158233642578125 -0.17108154296875 -0.10150146484375 -0.150680541992187
0.0389022827148438 -0.108840942382813 -0.147933959960938 -0.0502777099609375
0.000801086425781238 -0.115509033203125 -0.16070556640625 -0.084442138671875
-0.0631179809570313 -0.099761962890625 -0.114707946777344 -0.0640106201171875
-0.0811767578125 -0.0367889404296875 -0.089141845703125 -0.0469436645507812
-0.0782089233398437 -0.0126190185546875 -0.0428657531738281 -0.0432281494140625
-0.0713348388671875 0.030303955078125 -0.0191497802734375 -0.0468597412109375
-0.0585670471191406 0.0588493347167969 -0.00505828857421875 -0.07135009765625
-0.0626029968261719 0.0580062866210937 0.0179901123046875 -0.08770751953125
-0.0644607543945313 0.0687713623046875 0.0543975830078125 -0.096160888671875
-0.071136474609375 0.044281005859375 0.105636596679688 -0.0726242065429688
-0.0966339111328125 0.0167999267578125 0.108894348144531 -0.0326690673828125
-0.103950500488281 -0.019134521484375 0.0802078247070312 0.0131683349609375
-0.0813674926757813 -0.113578796386719 0.0241661071777344 0.0268592834472656
-0.020294189453125 -0.143173217773438 -0.0579948425292969 -0.0322532653808594
0.0382919311523438 -0.137176513671875 -0.08245849609375 -0.19647216796875
-0.0825576782226562 0.0685043334960938 0.07037353515625 0.203048706054687
0.0045013427734375 0.0872421264648438 0.0411529541015625 0.0583610534667969
0.0547904968261719 0.0642585754394531 -0.0499458312988281 -0.0135955810546875
0.0707626342773438 0.0142059326171875 -0.107017517089844 -0.00727844238281249
0.0547103881835937 -0.00887680053710938 -0.128128051757813 0.0266265869140625
0.0403671264648437 -0.0285415649414062 -0.125473022460938 0.0841064453125
0.0362472534179688 -0.0263214111328125 -0.069305419921875 0.125129699707031
0.0404548645019531 -0.0151405334472656 -0.0316162109375 0.108726501464844
0.0420036315917969 -0.0112724304199219 -0.00262451171874999 0.0860671997070313
0.0337467193603516 0.00876235961914063 0.00922393798828125 0.0698661804199219
0.0292949676513672 0.0272674560546875 0.0397529602050781 0.0543251037597656
0.0209999084472656 0.0464553833007813 0.0714263916015625 0.0581436157226563
-0.0142745971679688 0.0661964416503906 0.0907669067382813 0.0802383422851563
-0.0475921630859375 0.0699501037597656 0.136177062988281 0.0884628295898438
-0.0984344482421875 0.0515213012695313 0.122940063476562 0.0722579956054687
-0.110237121582031 -0.00346374511718749 0.03106689453125 0.211517333984375
-0.0266227722167969 0.0317668914794922 0.00912094116210937 0.0680732727050781
0.00776100158691406 0.0201148986816406 -0.07550048828125 -0.00920867919921874
0.0231590270996094 -0.00324440002441406 -0.124519348144531 0.00428009033203123
0.00673866271972656 -0.0126276016235352 -0.137031555175781 0.0320663452148437
0.00154399871826172 -0.00714445114135742 -0.131370544433594 0.0905685424804688
0.0111675262451172 0.0111761093139648 -0.0769119262695313 0.128623962402344
0.0153408050537109 0.0229721069335938 -0.0395431518554688 0.10748291015625
0.0238456726074219 0.0348987579345703 -0.00940704345703125 0.0860977172851563
0.00741958618164063 0.0482368469238281 0.00725555419921875 0.0636024475097656
-0.0152702331542969 0.0588798522949219 0.0390892028808594 0.0475921630859375
-0.0379753112792969 0.06182861328125 0.0665092468261719 0.0609321594238281
-0.0785598754882813 0.0365371704101562 0.0710830688476563 0.082763671875
-0.0993194580078125 0.0268020629882813 0.103477478027344 0.08843994140625
-0.138633728027344 -0.0109024047851563 0.0828323364257813 0.0671539306640625
-0.125213623046875 -0.0770721435546875 -0.0123443603515625 0.194320678710938
-0.0559768676757813 -0.0332069396972656 -0.0272407531738281 0.0564765930175781
-0.0495643615722656 -0.0309944152832031 -0.102127075195313 -0.01898193359375
-0.0345077514648438 -0.0202388763427734 -0.142318725585938 0.00767517089843748
-0.0468711853027344 -0.0117950439453125 -0.139923095703125 0.0343551635742187
-0.0391769409179688 0.0177803039550781 -0.125602722167969 0.0904159545898438
-0.0159759521484375 0.0487022399902344 -0.073760986328125 0.11767578125
-0.0122795104980469 0.0590095520019531 -0.0418853759765625 0.089385986328125
0.00331115722656249 0.0755996704101562 -0.0147819519042969 0.0687599182128906
-0.0161666870117187 0.0785980224609375 0.00941085815429688 0.0437583923339844
-0.051177978515625 0.0822830200195312 0.0421600341796875 0.0310897827148438
-0.0831451416015625 0.07330322265625 0.0648956298828125 0.0576858520507813
-0.127761840820313 0.010711669921875 0.0535812377929687 0.0851669311523438
-0.136695861816406 -0.0144882202148437 0.0596237182617187 0.0882720947265625
-0.159698486328125 -0.070281982421875 0.0322113037109375 0.0437583923339844
-0.121780395507813 -0.13787841796875 -0.0573883056640625 0.152999877929688
-0.0777740478515625 -0.09619140625 -0.0648651123046875 0.0274429321289062
-0.106605529785156 -0.079803466796875 -0.124748229980469 -0.0355072021484375
-0.0957260131835937 -0.0307769775390625 -0.152374267578125 0.00387573242187497
-0.09893798828125 -0.00431823730468752 -0.133316040039063 0.0291519165039063
-0.074981689453125 0.0446853637695312 -0.108261108398438 0.0775527954101563
-0.0404891967773438 0.08056640625 -0.0632781982421875 0.0900955200195313
-0.0381088256835938 0.0856781005859375 -0.0383110046386719 0.0574760437011719
-0.0201263427734375 0.1033935546875 -0.0146408081054688 0.0396728515625
-0.0400314331054687 0.0943069458007813 0.0150747299194336 0.0167465209960938
-0.0811996459960938 0.0895614624023438 0.0471115112304687 0.01116943359375
-0.115219116210938 0.0707855224609375 0.0647468566894531 0.0500679016113281
-0.156265258789063 -0.0185394287109375 0.039337158203125 0.0849609375
-0.151275634765625 -0.0544891357421875 0.0154876708984375 0.0840225219726562
-0.155593872070313 -0.119491577148437 -0.0203342437744141 0.00833129882812499
-0.102615356445313 -0.173568725585938 -0.0976181030273438 0.0952987670898437
-0.0871734619140625 -0.140914916992188 -0.102210998535156 -0.00866699218749999
-0.145645141601563 -0.114517211914062 -0.1397705078125 -0.0511474609375
-0.140594482421875 -0.034759521484375 -0.149063110351563 -0.00511169433593753
-0.134376525878906 0.00627899169921874 -0.114875793457031 0.0150680541992187
-0.0973663330078125 0.0666122436523438 -0.0828857421875 0.0518875122070313
-0.0571060180664063 0.101570129394531 -0.0476112365722656 0.0507049560546875
-0.0578155517578125 0.100273132324219 -0.0288734436035156 0.0184268951416016
-0.0422134399414062 0.116539001464844 -0.00719404220581055 0.0031270980834961
-0.0614166259765625 0.094696044921875 0.0289058685302734 -0.0128326416015625
-0.104080200195313 0.08087158203125 0.0559196472167969 -0.00817489624023437
-0.133880615234375 0.051849365234375 0.0655136108398437 0.04119873046875
-0.162353515625 -0.053619384765625 0.0272216796875 0.0805130004882813
-0.141616821289062 -0.0962677001953125 -0.0254898071289063 0.0722732543945313
-0.125701904296875 -0.1563720703125 -0.0652313232421875 -0.0378875732421875
-0.0676727294921875 -0.179122924804687 -0.128173828125 0.03570556640625
-0.07666015625 -0.158203125 -0.134437561035156 -0.0428695678710937
-0.153167724609375 -0.128067016601563 -0.143234252929687 -0.0600433349609375
-0.154449462890625 -0.035308837890625 -0.133354187011719 -0.0180206298828125
-0.143096923828125 0.011688232421875 -0.089874267578125 -0.00493621826171875
-0.101646423339844 0.07354736328125 -0.0560111999511719 0.0169830322265625
-0.0629653930664063 0.105201721191406 -0.0313549041748047 0.00493621826171876
-0.0680999755859375 0.10003662109375 -0.0150279998779297 -0.0233306884765625
-0.0588760375976562 0.112815856933594 0.00887680053710937 -0.0349521636962891
-0.0771331787109375 0.0819244384765625 0.0509567260742187 -0.0400619506835937
-0.116737365722656 0.0586013793945313 0.0714111328125 -0.0218582153320312
-0.139350891113281 0.0220718383789062 0.06732177734375 0.0326004028320313
-0.148452758789062 -0.0900421142578125 0.01800537109375 0.0698165893554688
-0.111671447753906 -0.131088256835937 -0.0549278259277344 0.0473861694335938
-0.077850341796875 -0.174835205078125 -0.0942306518554688 -0.0902633666992188
-0.020843505859375 -0.155609130859375 -0.145187377929688 -0.015289306640625
-0.048004150390625 -0.146453857421875 -0.154266357421875 -0.067413330078125
-0.125106811523438 -0.1180419921875 -0.13330078125 -0.0634307861328125
-0.132492065429688 -0.031890869140625 -0.110496520996094 -0.031524658203125
-0.120918273925781 0.00868225097656249 -0.0631904602050781 -0.0265083312988281
-0.0897903442382813 0.0625534057617188 -0.0328960418701172 -0.0195045471191406
-0.0604476928710937 0.0905838012695313 -0.0174407958984375 -0.0389556884765625
-0.0676040649414063 0.0856781005859375 -0.000564575195312504 -0.0604667663574219
-0.0649337768554688 0.0960159301757813 0.0299606323242187 -0.0701332092285156
-0.079742431640625 0.0638198852539062 0.0783615112304688 -0.0608139038085937
-0.112869262695313 0.0353164672851562 0.0904769897460938 -0.0299530029296875
-0.127861022949219 -0.00370025634765624 0.0728225708007812 0.0226593017578125
-0.119247436523438 -0.111083984375 0.0171279907226563 0.05096435546875
-0.0695648193359375 -0.148040771484375 -0.0657882690429688 0.011383056640625
-0.02239990234375 -0.168655395507812 -0.101211547851562 -0.1431884765625
0.0318145751953125 -0.108863830566406 -0.143753051757813 -0.0496826171875
-0.00559234619140626 -0.113288879394531 -0.156784057617188 -0.081390380859375
-0.0679702758789062 -0.0937347412109375 -0.113685607910156 -0.063140869140625
-0.080047607421875 -0.0313873291015625 -0.0881881713867188 -0.0459671020507812
-0.0761642456054688 -0.00804138183593749 -0.0432014465332031 -0.0431938171386719
-0.0663719177246094 0.0326766967773438 -0.0188560485839844 -0.0470657348632813
-0.0523452758789062 0.058563232421875 -0.00610351562500001 -0.072479248046875
-0.0573348999023437 0.0580291748046875 0.0153732299804687 -0.0880126953125
-0.0582008361816406 0.0683059692382813 0.0528182983398438 -0.0976104736328125
-0.0660171508789063 0.0442543029785156 0.104888916015625 -0.075439453125
-0.091522216796875 0.0200881958007812 0.109405517578125 -0.0344696044921875
-0.100433349609375 -0.0145416259765625 0.0824661254882813 0.0128555297851562
-0.0839614868164063 -0.106781005859375 0.0266246795654297 0.0285873413085937
-0.025970458984375 -0.138496398925781 -0.0563011169433594 -0.0272445678710938
0.0312652587890625 -0.135528564453125 -0.0846099853515625 -0.189300537109375
-0.074066162109375 0.0709152221679688 0.079010009765625 0.195266723632813
0.0103302001953125 0.0830841064453125 0.0426712036132813 0.0533065795898438
0.0574264526367187 0.0576095581054687 -0.0498886108398438 -0.0134429931640625
0.0685234069824219 0.0078887939453125 -0.107864379882813 -0.00382232666015625
0.0510215759277344 -0.0129280090332031 -0.127525329589844 0.0311279296875
0.0354194641113281 -0.0292701721191406 -0.122398376464844 0.0899658203125
0.0314807891845703 -0.0263538360595703 -0.0637664794921875 0.127960205078125
0.0368843078613281 -0.0157508850097656 -0.0255813598632812 0.110122680664063
0.0387763977050781 -0.0119476318359375 0.001556396484375 0.0869827270507813
0.0310325622558594 0.00779914855957031 0.0132369995117188 0.070770263671875
0.0279560089111328 0.0237140655517578 0.0431480407714844 0.0538291931152344
0.0227737426757813 0.0425491333007813 0.0743331909179688 0.0568084716796875
-0.00951766967773438 0.06402587890625 0.092254638671875 0.0784912109375
-0.0410232543945313 0.0694046020507813 0.138397216796875 0.0838394165039063
-0.0905075073242188 0.0554656982421875 0.124420166015625 0.0703887939453125
-0.105384826660156 0.000389099121093769 0.0425872802734375 0.205841064453125
-0.0227260589599609 0.0292797088623047 0.0132637023925781 0.0637969970703125
0.00851726531982422 0.0154790878295898 -0.0745849609375 -0.00834655761718751
0.0212726593017578 -0.0084228515625 -0.1236572265625 0.00767517089843747
0.00312614440917969 -0.0149059295654297 -0.135322570800781 0.0360946655273438
-0.00221157073974609 -0.00641250610351563 -0.127799987792969 0.0958099365234375
0.0082244873046875 0.0116500854492188 -0.0699081420898438 0.13116455078125
0.0136356353759766 0.0231857299804687 -0.033203125 0.108596801757812
0.0230827331542969 0.0344791412353516 -0.0042572021484375 0.0871429443359375
0.00687408447265625 0.0478324890136719 0.0117340087890625 0.0648994445800781
-0.0146331787109375 0.0573234558105469 0.0430908203125 0.0469512939453125
-0.0355453491210938 0.0607948303222656 0.0703964233398438 0.0596542358398438
-0.0752105712890625 0.0372848510742188 0.0748748779296875 0.0815887451171875
-0.0948028564453125 0.0288619995117187 0.107521057128906 0.0860595703125
-0.134979248046875 -0.005279541015625 0.0865478515625 0.0664825439453125
-0.1239013671875 -0.0721588134765625 -0.000305175781250023 0.1904296875
-0.0546379089355469 -0.0343589782714844 -0.021392822265625 0.0541000366210938
-0.0507850646972656 -0.0322914123535156 -0.1007080078125 -0.0159988403320312
-0.0372161865234375 -0.02154541015625 -0.139480590820313 0.0116500854492187
-0.0500640869140625 -0.0109214782714844 -0.137672424316406 0.038421630859375
-0.0415496826171875 0.0197525024414063 -0.12042236328125 0.094207763671875
-0.0167732238769531 0.0502052307128906 -0.0667648315429688 0.119338989257813
-0.0115623474121094 0.0599021911621094 -0.036102294921875 0.090545654296875
0.00463104248046875 0.0755691528320313 -0.00914764404296875 0.0697669982910156
-0.0146026611328125 0.078857421875 0.0133171081542969 0.0444602966308594
-0.049224853515625 0.0825653076171875 0.0455780029296875 0.0299568176269531
-0.0801849365234375 0.0746917724609375 0.0703964233398438 0.0562667846679688
-0.126144409179688 0.0143203735351563 0.05938720703125 0.0844497680664063
-0.133819580078125 -0.01068115234375 0.0659027099609375 0.0874862670898437
-0.159698486328125 -0.06365966796875 0.0365257263183594 0.0456733703613281
-0.125877380371094 -0.132942199707031 -0.04510498046875 0.150619506835938
-0.0804672241210937 -0.0949478149414063 -0.0584220886230469 0.0266799926757812
-0.109764099121094 -0.0773086547851563 -0.124427795410156 -0.0312423706054687
-0.0970993041992187 -0.0291824340820313 -0.149063110351563 0.00816345214843752
-0.100677490234375 -0.000625610351562487 -0.130210876464844 0.0326385498046875
-0.0744094848632813 0.0478973388671875 -0.102714538574219 0.08026123046875
-0.0381851196289063 0.08233642578125 -0.0570526123046875 0.0913238525390625
-0.0357437133789063 0.0880813598632813 -0.0338134765625 0.0588302612304688
-0.0162277221679687 0.104118347167969 -0.0102653503417969 0.0400161743164063
-0.0371322631835937 0.0953216552734375 0.0189437866210937 0.0162277221679688
-0.0778961181640625 0.0919342041015625 0.0497856140136719 0.00984954833984375
-0.111732482910156 0.074920654296875 0.07049560546875 0.048004150390625
-0.156097412109375 -0.0129852294921875 0.046234130859375 0.0850448608398438
-0.15106201171875 -0.04986572265625 0.0226364135742187 0.0849151611328125
-0.159072875976562 -0.113265991210938 -0.0162639617919922 0.0122194290161133
-0.110458374023437 -0.1690673828125 -0.0865020751953125 0.0954742431640625
-0.0927658081054688 -0.138275146484375 -0.0967941284179687 -0.00722503662109376
-0.151504516601562 -0.107589721679688 -0.139572143554687 -0.045562744140625
-0.141693115234375 -0.0299072265625 -0.1466064453125 -0.000610351562499972
-0.134544372558594 0.0127182006835938 -0.112815856933594 0.0183944702148438
-0.0944595336914063 0.0701065063476563 -0.0778274536132813 0.05316162109375
-0.0524673461914063 0.102943420410156 -0.0436592102050781 0.0506248474121094
-0.053314208984375 0.102622985839844 -0.0260753631591797 0.0189170837402344
-0.0361099243164063 0.117538452148438 -0.00442028045654297 0.0023021697998047
-0.0579147338867188 0.0965118408203125 0.0307579040527344 -0.0147895812988281
-0.100471496582031 0.08447265625 0.058135986328125 -0.0103492736816406
-0.131881713867188 0.05767822265625 0.0711212158203125 0.0388336181640625
-0.164779663085938 -0.0470428466796875 0.0346298217773437 0.0808944702148438
-0.144485473632812 -0.0905914306640625 -0.0183029174804688 0.074554443359375
-0.132537841796875 -0.15118408203125 -0.062896728515625 -0.0318031311035156
-0.0767364501953125 -0.175323486328125 -0.120201110839844 0.0369415283203125
-0.0849456787109375 -0.154876708984375 -0.130294799804688 -0.0399703979492187
-0.159622192382812 -0.118988037109375 -0.143218994140625 -0.0550384521484375
-0.155075073242188 -0.0272216796875 -0.13140869140625 -0.013580322265625
-0.14166259765625 0.019927978515625 -0.0886611938476563 -0.00299072265625001
-0.0977096557617188 0.0776290893554687 -0.0521774291992188 0.0170440673828125
-0.057159423828125 0.106231689453125 -0.0291328430175781 0.00407600402832032
-0.0625534057617187 0.1025390625 -0.0159091949462891 -0.0231647491455078
-0.052032470703125 0.11529541015625 0.00943374633789063 -0.0366783142089844
-0.0734786987304688 0.08392333984375 0.0521163940429687 -0.0433235168457031
-0.112777709960938 0.063018798828125 0.0734405517578125 -0.0247268676757813
-0.137870788574219 0.028472900390625 0.0726394653320312 0.030120849609375
-0.152420043945313 -0.0827789306640625 0.025482177734375 0.0699119567871094
-0.117202758789062 -0.125595092773438 -0.0488700866699219 0.0512199401855469
-0.0867919921875 -0.171661376953125 -0.0949249267578125 -0.0832138061523438
-0.0313720703125 -0.153579711914063 -0.140960693359375 -0.0127410888671875
-0.0564422607421875 -0.143142700195313 -0.151809692382813 -0.063262939453125
-0.131820678710938 -0.109649658203125 -0.134292602539063 -0.0591964721679687
-0.131935119628906 -0.02386474609375 -0.109840393066406 -0.0282745361328125
-0.118751525878906 0.0162277221679688 -0.0637130737304688 -0.0253105163574219
-0.0848617553710937 0.0654983520507813 -0.0323371887207031 -0.0201416015625
-0.053924560546875 0.0903472900390625 -0.0180778503417969 -0.0395011901855469
-0.0614013671875 0.0877838134765625 -0.00243759155273437 -0.0606117248535156
-0.057891845703125 0.097198486328125 0.0287399291992187 -0.0729217529296875
-0.0752182006835937 0.06573486328125 0.07708740234375 -0.0659255981445313
-0.108917236328125 0.0403823852539063 0.0918045043945313 -0.0338287353515625
-0.126052856445312 0.00311279296875 0.0774154663085937 0.02105712890625
-0.12432861328125 -0.103759765625 0.0224838256835937 0.0514945983886719
-0.0775299072265625 -0.143035888671875 -0.0621833801269531 0.0165939331054687
-0.0326995849609375 -0.16619873046875 -0.10504150390625 -0.136146545410156
0.0233001708984375 -0.109428405761719 -0.142181396484375 -0.0470123291015625
-0.0133285522460938 -0.110595703125 -0.155960083007813 -0.0766143798828125
-0.0732803344726563 -0.0867462158203125 -0.115089416503906 -0.0604629516601562
-0.0803756713867188 -0.0246810913085938 -0.0895919799804688 -0.0433502197265625
-0.074615478515625 -0.0020294189453125 -0.0454750061035156 -0.0424575805664062
-0.0620498657226563 0.0351905822753906 -0.0201454162597656 -0.0478515625
-0.0454788208007812 0.0583381652832031 -0.00917816162109376 -0.07269287109375
-0.051300048828125 0.059173583984375 0.0111160278320312 -0.0885391235351563
-0.0517005920410156 0.0692710876464844 0.0489120483398438 -0.101173400878906
-0.0611572265625 0.045806884765625 0.102828979492188 -0.08038330078125
-0.0866851806640625 0.0245819091796875 0.109786987304688 -0.038360595703125
-0.0992202758789063 -0.00804138183593751 0.0850372314453125 0.010284423828125
-0.088409423828125 -0.09991455078125 0.0296783447265625 0.0294437408447266
-0.033233642578125 -0.133880615234375 -0.0558090209960938 -0.0223731994628906
0.0219573974609375 -0.135566711425781 -0.0921783447265625 -0.182052612304688
-0.0640945434570313 0.0731048583984375 0.0899200439453125 0.184356689453125
0.0164871215820312 0.0776290893554688 0.04473876953125 0.0469627380371094
0.0596809387207031 0.0493812561035156 -0.04962158203125 -0.01214599609375
0.065155029296875 0.000518798828125 -0.106529235839844 0.00162506103515623
0.0464973449707031 -0.0170021057128906 -0.124740600585938 0.0378875732421875
0.0299396514892578 -0.0300750732421875 -0.116600036621094 0.0967941284179687
0.0264511108398438 -0.025848388671875 -0.0544891357421875 0.130241394042969
0.0329799652099609 -0.0167980194091797 -0.01788330078125 0.110145568847656
0.0354766845703125 -0.0131187438964844 0.0077056884765625 0.0873489379882813
0.0284996032714844 0.00642013549804688 0.0182342529296875 0.070892333984375
0.0262374877929688 0.0205764770507812 0.0465164184570312 0.0515174865722656
0.0241737365722656 0.0378036499023438 0.0769119262695313 0.0528182983398437
-0.00358963012695313 0.060791015625 0.0952911376953125 0.0741729736328125
-0.0336837768554687 0.0685577392578125 0.1405029296875 0.0765762329101563
-0.0815277099609375 0.0597152709960937 0.127304077148438 0.0648651123046875
-0.0998764038085938 0.0052337646484375 0.0558013916015625 0.196502685546875
-0.0189628601074219 0.0267467498779297 0.0178489685058594 0.0587730407714844
0.00884246826171875 0.0106630325317383 -0.0728225708007813 -0.00592041015624999
0.0175838470458984 -0.0124855041503906 -0.120941162109375 0.0130996704101562
-0.00107288360595703 -0.0157356262207031 -0.131721496582031 0.0425186157226563
-0.00579214096069336 -0.00553464889526367 -0.120269775390625 0.10186767578125
0.00572681427001953 0.0129165649414063 -0.060211181640625 0.13299560546875
0.0123481750488281 0.0231418609619141 -0.0243148803710937 0.109085083007813
0.0230293273925781 0.0334758758544922 0.0032196044921875 0.0868682861328125
0.00754547119140625 0.0468521118164063 0.0170402526855469 0.0643653869628906
-0.0130577087402344 0.0562248229980469 0.047027587890625 0.0446624755859375
-0.0317420959472656 0.0596084594726563 0.07501220703125 0.0557403564453125
-0.0703964233398438 0.0385284423828125 0.079559326171875 0.07855224609375
-0.0890960693359375 0.0313568115234375 0.1121826171875 0.0795059204101562
-0.129447937011719 0.00220489501953122 0.0911178588867187 0.0629119873046875
-0.1234130859375 -0.0647354125976563 0.014923095703125 0.183441162109375
-0.0546875 -0.0335617065429688 -0.0153732299804688 0.0501785278320313
-0.0521926879882812 -0.0323982238769531 -0.0993881225585937 -0.01165771484375
-0.0396308898925781 -0.022125244140625 -0.135528564453125 0.0175704956054687
-0.0531272888183594 -0.00867843627929687 -0.132949829101563 0.0449905395507812
-0.0424880981445313 0.0230827331542969 -0.112205505371094 0.0990753173828125
-0.01593017578125 0.0511245727539062 -0.05755615234375 0.120582580566406
-0.00971221923828124 0.0611114501953125 -0.0283279418945313 0.091278076171875
0.00798797607421875 0.0750808715820313 -0.0023651123046875 0.0695877075195313
-0.011993408203125 0.078521728515625 0.0181236267089844 0.0439720153808594
-0.0454864501953125 0.0831756591796875 0.0487861633300781 0.0276374816894531
-0.0750885009765625 0.0771408081054688 0.0756607055664063 0.0514450073242188
-0.122833251953125 0.0193405151367188 0.0654754638671875 0.081756591796875
-0.130867004394531 -0.00490570068359375 0.0727615356445312 0.0836410522460938
-0.15911865234375 -0.0535888671875 0.0416030883789062 0.0454788208007813
-0.130500793457031 -0.123611450195313 -0.030181884765625 0.147171020507813
-0.0840911865234375 -0.091339111328125 -0.0521736145019531 0.025726318359375
-0.113861083984375 -0.070831298828125 -0.1229248046875 -0.0245895385742188
-0.0986404418945312 -0.0246963500976563 -0.144515991210938 0.01531982421875
-0.100730895996094 0.00574493408203127 -0.125511169433594 0.03826904296875
-0.0729217529296875 0.0518112182617188 -0.095062255859375 0.0833282470703125
-0.0341415405273438 0.0835113525390625 -0.0492935180664062 0.0916671752929688
-0.0307693481445312 0.0895538330078125 -0.0280303955078125 0.059295654296875
-0.0104827880859375 0.104644775390625 -0.00482940673828125 0.0394744873046875
-0.0324478149414063 0.0960845947265625 0.0218696594238281 0.0143585205078125
-0.0723342895507813 0.09503173828125 0.0521125793457031 0.00674057006835938
-0.1063232421875 0.0794830322265625 0.0760040283203125 0.0436859130859375
-0.154891967773438 -0.00425720214843749 0.0537109375 0.0821456909179688
-0.15093994140625 -0.0416107177734375 0.03045654296875 0.0837631225585938
-0.163314819335938 -0.102706909179687 -0.0119991302490234 0.0154972076416016
-0.118728637695313 -0.160018920898438 -0.0737457275390625 0.0951080322265625
-0.0998077392578125 -0.132148742675781 -0.0906982421875 -0.005859375
-0.1566162109375 -0.096923828125 -0.138526916503906 -0.0375137329101563
-0.141754150390625 -0.021575927734375 -0.142532348632813 0.00602722167968749
-0.132499694824219 0.0215988159179687 -0.108718872070313 0.0230865478515625
-0.0893402099609375 0.0747451782226562 -0.0716400146484375 0.054840087890625
-0.0458145141601563 0.104141235351563 -0.0375289916992188 0.0508460998535156
-0.046630859375 0.105064392089844 -0.0235004425048828 0.019744873046875
-0.0283279418945313 0.117973327636719 -0.00140345096588135 0.00171077251434327
-0.0523147583007812 0.097930908203125 0.0317153930664063 -0.0174484252929687
-0.0937652587890625 0.0888290405273438 0.0596084594726562 -0.01373291015625
-0.126213073730469 0.0650482177734375 0.0759506225585937 0.0344619750976563
-0.165481567382812 -0.03692626953125 0.042388916015625 0.0786666870117187
-0.147415161132813 -0.0815582275390625 -0.0103759765625 0.07611083984375
-0.1402587890625 -0.141357421875 -0.0604171752929688 -0.024993896484375
-0.0885467529296875 -0.168060302734375 -0.111244201660156 0.0401153564453125
-0.09393310546875 -0.147552490234375 -0.125648498535156 -0.0349960327148438
-0.16595458984375 -0.10577392578125 -0.142471313476563 -0.046356201171875
-0.153900146484375 -0.0174560546875 -0.128280639648438 -0.00704193115234376
-0.137771606445313 0.0292282104492187 -0.0864181518554688 0.00079345703125002
-0.0906982421875 0.081817626953125 -0.0484237670898438 0.0176162719726563
-0.048797607421875 0.106781005859375 -0.0269813537597656 0.00444221496582032
-0.0543746948242188 0.104621887207031 -0.0155220031738281 -0.0223731994628906
-0.042724609375 0.115280151367188 0.00888824462890625 -0.0382652282714844
-0.0670318603515625 0.0862045288085938 0.0499801635742188 -0.0472030639648437
-0.106193542480469 0.0691680908203125 0.0730133056640625 -0.0291366577148437
-0.133102416992188 0.03717041015625 0.0769271850585937 0.0254974365234375
-0.155715942382813 -0.0717620849609375 0.0322685241699219 0.0681953430175781
-0.123069763183594 -0.116615295410156 -0.0414161682128906 0.0548896789550781
-0.09765625 -0.16357421875 -0.095184326171875 -0.0738372802734375
-0.0430145263671875 -0.148590087890625 -0.135421752929688 -0.00718688964843751
-0.0666656494140625 -0.136665344238281 -0.149429321289063 -0.05645751953125
-0.137382507324219 -0.09674072265625 -0.134391784667969 -0.0502243041992188
-0.130485534667969 -0.0138702392578125 -0.108535766601563 -0.0226287841796875
-0.114616394042969 0.0251998901367188 -0.0636215209960938 -0.0220870971679687
-0.0775909423828125 0.0695343017578125 -0.0313453674316406 -0.019927978515625
-0.0458602905273438 0.0908660888671875 -0.0188217163085938 -0.0395126342773437
-0.0535049438476563 0.0889434814453125 -0.0059814453125 -0.0596771240234375
-0.0486297607421875 0.0988006591796875 0.024688720703125 -0.0750503540039063
-0.0688018798828125 0.0677223205566406 0.0737762451171875 -0.0706329345703125
-0.102561950683594 0.0460586547851562 0.0907516479492188 -0.0392837524414063
-0.122467041015625 0.01202392578125 0.0806655883789062 0.0161895751953125
-0.12933349609375 -0.0926589965820313 0.0279426574707031 0.05078125
-0.0860366821289062 -0.134071350097656 -0.0576972961425781 0.0217971801757812
-0.0446624755859375 -0.16107177734375 -0.109375 -0.124740600585938
0.0131759643554687 -0.10748291015625 -0.140838623046875 -0.040771484375
-0.0223007202148437 -0.106651306152344 -0.155792236328125 -0.0674285888671875
-0.079193115234375 -0.0775833129882813 -0.116653442382813 -0.0537185668945313
-0.0789947509765625 -0.0174026489257812 -0.09039306640625 -0.0387954711914062
-0.0714797973632813 0.00453186035156251 -0.0472145080566406 -0.0401992797851563
-0.0565414428710938 0.038421630859375 -0.0222282409667969 -0.047698974609375
-0.0387153625488281 0.0585250854492188 -0.0139389038085938 -0.07196044921875
-0.0442276000976563 0.0603218078613281 0.00511932373046874 -0.0878677368164063
-0.0445365905761719 0.0700454711914062 0.0428543090820313 -0.103378295898438
-0.0553016662597656 0.04730224609375 0.0977325439453125 -0.0869979858398438
-0.08050537109375 0.0294113159179688 0.107795715332031 -0.044219970703125
-0.09564208984375 -0.00034332275390625 0.0868988037109375 0.0063323974609375
-0.093719482421875 -0.0898284912109375 0.0332431793212891 0.0291900634765625
-0.0424652099609375 -0.126899719238281 -0.0544700622558594 -0.0159492492675781
0.0107803344726562 -0.133346557617188 -0.100234985351562 -0.170761108398438
-0.0527877807617188 0.0723419189453125 0.0971527099609375 0.16876220703125
0.0215301513671875 0.070343017578125 0.0447044372558594 0.0401077270507813
0.0591964721679687 0.0400352478027344 -0.0479469299316406 -0.0106887817382812
0.05987548828125 -0.00513458251953125 -0.10235595703125 0.00665283203125
0.0405540466308594 -0.0200614929199219 -0.11822509765625 0.0431671142578125
0.0241432189941406 -0.0288105010986328 -0.107025146484375 0.100616455078125
0.0213813781738281 -0.0238113403320313 -0.0441131591796875 0.128150939941406
0.0289421081542969 -0.0167922973632813 -0.00940704345703126 0.106735229492188
0.0312099456787109 -0.0135078430175781 0.0143356323242188 0.0845718383789063
0.0259304046630859 0.00537681579589844 0.0230598449707031 0.06787109375
0.0240612030029297 0.0178146362304688 0.0491256713867187 0.0475616455078125
0.0245876312255859 0.0326900482177734 0.0774459838867188 0.0474090576171875
0.0010223388671875 0.0554428100585938 0.0950164794921875 0.0676040649414062
-0.0261726379394531 0.0648841857910156 0.13897705078125 0.0665359497070313
-0.070831298828125 0.061248779296875 0.126182556152344 0.0573577880859375
-0.0916213989257813 0.00940704345703124 0.06689453125 0.18133544921875
-0.0157718658447266 0.0233631134033203 0.0210189819335937 0.0521278381347656
0.00799894332885742 0.00623798370361328 -0.0696525573730469 -0.00300216674804688
0.0132226943969727 -0.0156183242797852 -0.114051818847656 0.01824951171875
-0.00458621978759765 -0.0153656005859375 -0.123817443847656 0.0475540161132813
-0.00845909118652344 -0.00320816040039062 -0.109458923339844 0.104866027832031
0.00422382354736328 0.0136795043945313 -0.048828125 0.131080627441406
0.0116119384765625 0.0229530334472656 -0.0159683227539062 0.105438232421875
0.0227394104003906 0.0317058563232422 0.0100173950195312 0.0833740234375
0.0080718994140625 0.0450019836425781 0.0222702026367188 0.06146240234375
-0.0108985900878906 0.0544395446777344 0.0491447448730469 0.04052734375
-0.0274314880371094 0.0574569702148438 0.0766830444335938 0.0502243041992188
-0.0643692016601563 0.0387611389160156 0.0817947387695313 0.0726470947265625
-0.0817108154296875 0.0330352783203125 0.113494873046875 0.071136474609375
-0.121109008789063 0.00916290283203126 0.0927352905273438 0.0578994750976563
-0.119461059570313 -0.0558853149414063 0.0284271240234375 0.170989990234375
-0.0533905029296875 -0.032440185546875 -0.00968551635742188 0.045867919921875
-0.0535430908203125 -0.0303192138671875 -0.0949325561523438 -0.00662994384765624
-0.0418281555175781 -0.0209846496582031 -0.127143859863281 0.02337646484375
-0.053680419921875 -0.00544738769531251 -0.124252319335938 0.0492019653320312
-0.0418510437011719 0.0257034301757813 -0.101142883300781 0.100898742675781
-0.0143241882324219 0.0517730712890625 -0.04693603515625 0.118560791015625
-0.00732040405273438 0.0600738525390625 -0.02008056640625 0.0887527465820313
0.0109786987304687 0.072052001953125 0.004241943359375 0.0669174194335937
-0.00820159912109376 0.0763015747070312 0.0219345092773437 0.0411796569824219
-0.0401077270507813 0.0825729370117188 0.0504798889160156 0.0237693786621094
-0.0678482055664062 0.0772247314453125 0.078125 0.0457229614257813
-0.116348266601563 0.0243301391601562 0.0696487426757812 0.0760498046875
-0.124313354492188 0.000938415527343773 0.0769271850585938 0.0772705078125
-0.153656005859375 -0.0431365966796875 0.0450820922851563 0.0434417724609375
-0.131492614746094 -0.111244201660156 -0.0156707763671875 0.137725830078125
-0.0851974487304688 -0.0851516723632813 -0.0456199645996094 0.0242691040039062
-0.113594055175781 -0.0621795654296875 -0.117454528808594 -0.0176544189453125
-0.0974349975585938 -0.0199432373046875 -0.135887145996094 0.0212173461914062
-0.0977935791015625 0.01129150390625 -0.117118835449219 0.0422134399414063
-0.068084716796875 0.05474853515625 -0.0847625732421875 0.0835952758789063
-0.0291061401367187 0.0829925537109375 -0.0402603149414062 0.0897598266601563
-0.0253143310546875 0.0892105102539063 -0.0219192504882813 0.0584449768066406
-0.00367736816406251 0.101089477539063 9.15527343749981E-05 0.0371513366699219
-0.0269012451171875 0.0943450927734375 0.024078369140625 0.0122547149658203
-0.0648193359375 0.095062255859375 0.0521430969238281 0.00272369384765626
-0.0971832275390625 0.08251953125 0.078338623046875 0.0373306274414063
-0.14923095703125 0.00404357910156247 0.0591049194335937 0.0767288208007813
-0.146682739257813 -0.03240966796875 0.0371627807617187 0.0797042846679687
-0.162429809570312 -0.089324951171875 -0.00743865966796876 0.0179042816162109
-0.123870849609375 -0.146499633789063 -0.0606002807617188 0.0909347534179687
-0.103950500488281 -0.12213134765625 -0.0836639404296875 -0.00431060791015625
-0.156448364257813 -0.083282470703125 -0.133125305175781 -0.0283279418945313
-0.137641906738281 -0.0133438110351563 -0.13397216796875 0.0127410888671875
-0.126167297363281 0.0295562744140625 -0.101783752441406 0.0269927978515625
-0.082122802734375 0.0772552490234375 -0.0639305114746094 0.0546455383300781
-0.03778076171875 0.1021728515625 -0.0317192077636719 0.0496139526367188
-0.0378189086914063 0.10406494140625 -0.0202980041503906 0.0198554992675781
-0.0187759399414063 0.114944458007813 0.000344872474670409 0.000685811042785651
-0.0450668334960937 0.097076416015625 0.031097412109375 -0.0196037292480469
-0.0847244262695313 0.0907211303710938 0.058380126953125 -0.0174598693847656
-0.116989135742188 0.069671630859375 0.0786285400390625 0.028228759765625
-0.161941528320312 -0.0252685546875 0.048065185546875 0.0736160278320312
-0.146331787109375 -0.0697021484375 -0.00174713134765627 0.0744781494140625
-0.143753051757813 -0.128463745117188 -0.0564308166503906 -0.0180778503417969
-0.09649658203125 -0.15533447265625 -0.099578857421875 0.0410308837890625
-0.0998764038085938 -0.13604736328125 -0.119117736816406 -0.0298309326171875
-0.166183471679688 -0.0890045166015625 -0.137458801269531 -0.0367050170898438
-0.1474609375 -0.00701904296875001 -0.121589660644531 -0.00104522705078127
-0.129280090332031 0.037261962890625 -0.0816268920898438 0.00479125976562499
-0.081756591796875 0.0837631225585938 -0.0439300537109375 0.0173492431640625
-0.0397872924804687 0.104446411132813 -0.0243930816650391 0.00448989868164063
-0.0455551147460938 0.103950500488281 -0.0148849487304688 -0.0205745697021484
-0.0330047607421875 0.112983703613281 0.007659912109375 -0.0384635925292969
-0.058837890625 0.0863800048828125 0.0469284057617188 -0.0492630004882812
-0.0971450805664063 0.0720977783203125 0.0707931518554688 -0.0330886840820312
-0.124595642089844 0.0440826416015625 0.0787124633789062 0.0201492309570313
-0.154876708984375 -0.058807373046875 0.0375022888183594 0.0640144348144531
-0.125564575195313 -0.103858947753906 -0.0335044860839844 0.0562362670898437
-0.10546875 -0.150482177734375 -0.0929946899414062 -0.0631027221679688
-0.0527496337890625 -0.13861083984375 -0.126411437988281 -0.00302886962890625
-0.0739059448242188 -0.126007080078125 -0.143280029296875 -0.0483856201171875
-0.138435363769531 -0.0818099975585937 -0.130050659179688 -0.0411758422851563
-0.124221801757813 -0.00394439697265625 -0.104629516601563 -0.0166397094726563
-0.106796264648438 0.0320587158203125 -0.0611305236816406 -0.0189590454101562
-0.068695068359375 0.0709915161132813 -0.0300674438476563 -0.0196266174316406
-0.0371475219726563 0.0890350341796875 -0.0199775695800781 -0.0375480651855469
-0.0444564819335938 0.088134765625 -0.00875473022460938 -0.0571403503417969
-0.039031982421875 0.0960769653320313 0.01947021484375 -0.0745468139648438
-0.0613441467285156 0.0684661865234375 0.0679550170898438 -0.0744476318359375
-0.0933837890625 0.0499191284179688 0.0869064331054688 -0.0436477661132813
-0.114631652832031 0.01947021484375 0.080810546875 0.0110931396484375
-0.130126953125 -0.0793914794921875 0.031951904296875 0.0476837158203125
-0.0912857055664062 -0.12200927734375 -0.0514488220214844 0.0260276794433594
-0.054901123046875 -0.151702880859375 -0.110176086425781 -0.11065673828125
0.00267791748046874 -0.102264404296875 -0.134979248046875 -0.0341110229492188
-0.0297164916992188 -0.0991058349609375 -0.150894165039063 -0.058013916015625
-0.0806121826171875 -0.0662460327148438 -0.114059448242187 -0.0455322265625
-0.0755081176757813 -0.00989532470703123 -0.0887832641601562 -0.0330352783203125
-0.0662803649902344 0.00976562500000001 -0.0469970703125 -0.0367317199707031
-0.0499000549316406 0.0397796630859375 -0.0227165222167969 -0.0460929870605469
-0.0319938659667969 0.0565452575683594 -0.0174179077148438 -0.0690879821777344
-0.0367774963378906 0.0590858459472656 -0.000663757324218757 -0.0842056274414063
-0.0355720520019531 0.0684318542480469 0.0345916748046875 -0.102699279785156
-0.0484619140625 0.0471763610839844 0.0891036987304688 -0.090606689453125
-0.0732345581054687 0.0326766967773438 0.102424621582031 -0.0487060546875
-0.0895233154296875 0.00633239746093749 0.0853195190429688 0.001190185546875
-0.09515380859375 -0.07818603515625 0.0353202819824219 0.027099609375
-0.0499496459960938 -0.116546630859375 -0.0510940551757813 -0.009613037109375
-0.000534057617187495 -0.127128601074219 -0.10546875 -0.154464721679687
-0.0435943603515625 0.0683975219726563 0.097503662109375 0.153335571289062
0.0228652954101563 0.0627326965332031 0.0425491333007813 0.0351638793945313
0.0557899475097656 0.0329437255859375 -0.0457038879394531 -0.00992965698242188
0.0537567138671875 -0.00854110717773438 -0.0968780517578125 0.00862884521484376
0.0352020263671875 -0.0204086303710938 -0.111007690429688 0.0440597534179687
0.0197467803955078 -0.0265541076660156 -0.0983352661132813 0.0993270874023437
0.0186805725097656 -0.0209598541259766 -0.0363311767578125 0.12353515625
0.0255584716796875 -0.0160655975341797 -0.00477600097656249 0.100944519042969
0.0275096893310547 -0.0125141143798828 0.017425537109375 0.0796661376953125
0.0231704711914063 0.00509071350097656 0.0246467590332031 0.065155029296875
0.0214996337890625 0.0157699584960938 0.048828125 0.0438575744628906
0.0229358673095703 0.0283527374267578 0.0752716064453125 0.0430984497070313
0.00357437133789063 0.0499153137207031 0.0926589965820313 0.0631027221679688
-0.0215530395507813 0.059906005859375 0.133285522460938 0.0593948364257813
-0.0616989135742188 0.0594673156738281 0.122001647949219 0.0524215698242188
-0.0827484130859375 0.0107955932617187 0.0710296630859375 0.165863037109375
-0.0134429931640625 0.0189094543457031 0.0217208862304687 0.0463371276855469
0.00602245330810547 0.00281095504760742 -0.0652008056640625 -0.00177383422851563
0.00945472717285156 -0.0174684524536133 -0.107086181640625 0.0196533203125
-0.00753116607666016 -0.0146141052246094 -0.115547180175781 0.048004150390625
-0.0101871490478516 -0.00132369995117188 -0.0997848510742188 0.102691650390625
0.00301456451416016 0.0148859024047852 -0.0407257080078125 0.125373840332031
0.0102024078369141 0.0226459503173828 -0.00989532470703125 0.1002197265625
0.0213565826416016 0.0302181243896484 0.0142974853515625 0.0780181884765625
0.007843017578125 0.0432853698730469 0.0242233276367188 0.05828857421875
-0.0105361938476563 0.0513763427734375 0.049163818359375 0.0372123718261719
-0.0251350402832031 0.0539169311523437 0.0760955810546875 0.045562744140625
-0.0593338012695312 0.036865234375 0.0805816650390625 0.0678482055664063
-0.074859619140625 0.0312271118164062 0.11083984375 0.0644302368164062
-0.112052917480469 0.0121078491210938 0.09124755859375 0.0535125732421875
-0.112785339355469 -0.0494842529296875 0.0354766845703125 0.156082153320313
-0.0510215759277344 -0.0318222045898438 -0.00617218017578126 0.0403022766113281
-0.0523109436035156 -0.0292320251464844 -0.08892822265625 -0.00433349609375
-0.0420379638671875 -0.0203132629394531 -0.119552612304688 0.0245895385742188
-0.0529098510742188 -0.00309371948242188 -0.115814208984375 0.0487213134765625
-0.0401992797851563 0.0268478393554688 -0.0916824340820313 0.0981979370117188
-0.012359619140625 0.0506057739257812 -0.0386734008789062 0.112892150878906
-0.00567245483398437 0.0587806701660156 -0.0139389038085938 0.0836944580078125
0.0125083923339844 0.0687751770019531 0.00873947143554687 0.0622596740722656
-0.00669097900390626 0.0732345581054688 0.0242347717285156 0.0389823913574219
-0.0364532470703125 0.0792922973632813 0.050018310546875 0.0211181640625
-0.0616683959960937 0.0745010375976563 0.077484130859375 0.0409164428710938
-0.109291076660156 0.0258331298828125 0.0701370239257813 0.0713043212890625
-0.116310119628906 0.00337982177734373 0.077606201171875 0.07098388671875
-0.145721435546875 -0.035980224609375 0.04681396484375 0.0417709350585938
-0.126686096191406 -0.101539611816406 -0.007232666015625 0.126701354980469
-0.0836334228515625 -0.0800552368164063 -0.0398139953613281 0.0206985473632812
-0.111061096191406 -0.0561904907226563 -0.10986328125 -0.0130538940429688
-0.0944595336914062 -0.0169754028320313 -0.126327514648438 0.0228195190429687
-0.0933914184570313 0.0145416259765625 -0.108474731445313 0.04217529296875
-0.0634498596191406 0.0544090270996094 -0.0763626098632813 0.0803680419921875
-0.0252304077148437 0.0802841186523438 -0.0334701538085938 0.085113525390625
-0.0207061767578125 0.0861053466796875 -0.01708984375 0.0549850463867188
-0.000526428222656255 0.0957489013671875 0.00329017639160156 0.0342731475830078
-0.023468017578125 0.0903701782226563 0.0242080688476563 0.0107498168945313
-0.0586929321289063 0.0925827026367188 0.0512847900390625 0.000614166259765631
-0.0893707275390625 0.0808944702148437 0.0786056518554688 0.03265380859375
-0.141983032226562 0.00854492187500003 0.0604934692382813 0.0719528198242188
-0.139274597167969 -0.0266036987304687 0.0407485961914063 0.0749053955078125
-0.156036376953125 -0.079559326171875 -0.00336074829101563 0.0187454223632812
-0.122428894042969 -0.133552551269531 -0.0504379272460937 0.083526611328125
-0.102409362792969 -0.113059997558594 -0.0765304565429687 -0.004638671875
-0.151992797851563 -0.0728607177734375 -0.12457275390625 -0.0230178833007812
-0.130973815917969 -0.00839996337890627 -0.125 0.0146331787109375
-0.118911743164063 0.0326309204101563 -0.09423828125 0.0275955200195313
-0.0753402709960938 0.0759048461914062 -0.0571556091308594 0.0512580871582031
-0.0323486328125 0.0980758666992187 -0.0267677307128906 0.0463752746582031
-0.0326004028320312 0.100898742675781 -0.0168247222900391 0.0189857482910156
-0.0135650634765625 0.109695434570312 0.00188469886779785 -0.000675082206726068
-0.0395660400390625 0.0933761596679687 0.0300807952880859 -0.0205135345458984
-0.0771942138671875 0.0890960693359375 0.0562477111816406 -0.0186882019042969
-0.107856750488281 0.0700836181640625 0.0775985717773437 0.0234451293945313
-0.154739379882813 -0.018280029296875 0.049896240234375 0.0684585571289063
-0.140914916992188 -0.0612945556640625 0.00370025634765625 0.0709457397460938
-0.14166259765625 -0.1160888671875 -0.0513496398925781 -0.013092041015625
-0.097869873046875 -0.142074584960938 -0.0898284912109375 0.0371856689453125
-0.100349426269531 -0.125236511230469 -0.110641479492188 -0.0278091430664063
-0.16033935546875 -0.07666015625 -0.128654479980469 -0.0304336547851563
-0.139297485351562 -0.000648498535156272 -0.113655090332031 0.001739501953125
-0.120513916015625 0.0408859252929688 -0.075775146484375 0.00589752197265625
-0.073760986328125 0.08184814453125 -0.0402183532714844 0.0153694152832031
-0.0337905883789062 0.0995635986328125 -0.0219306945800781 0.00291442871093751
-0.0384445190429688 0.100151062011719 -0.0140476226806641 -0.0191631317138672
-0.026458740234375 0.107429504394531 0.006439208984375 -0.0379753112792969
-0.052978515625 0.0833358764648438 0.0433769226074219 -0.0497512817382812
-0.0888137817382813 0.0709686279296875 0.0675849914550781 -0.034881591796875
-0.115348815917969 0.046234130859375 0.077972412109375 0.0155105590820313
-0.148406982421875 -0.0489044189453125 0.0396575927734375 0.0598945617675781
-0.122749328613281 -0.0932083129882813 -0.0269241333007813 0.0547752380371094
-0.106636047363281 -0.138626098632813 -0.0874557495117188 -0.0539321899414063
-0.0569992065429687 -0.12750244140625 -0.1170654296875 -0.00243377685546874
-0.0755767822265625 -0.115379333496094 -0.135047912597656 -0.0433273315429688
-0.133888244628906 -0.0699615478515625 -0.122505187988281 -0.0348129272460938
-0.116218566894531 0.00157165527343751 -0.0981903076171875 -0.013885498046875
-0.0983047485351562 0.0355377197265625 -0.0583381652832031 -0.0167045593261719
-0.0618019104003906 0.0692825317382813 -0.0289478302001953 -0.0198020935058594
-0.0312728881835937 0.0839462280273437 -0.0198554992675781 -0.0369300842285156
-0.0375823974609375 0.0845718383789062 -0.00943756103515626 -0.0537071228027344
-0.031829833984375 0.0911483764648438 0.0164031982421875 -0.0720138549804687
-0.0548896789550781 0.0656890869140625 0.0625686645507813 -0.0734710693359375
-0.0851898193359375 0.0497283935546875 0.0825424194335938 -0.0443649291992188
-0.10675048828125 0.022552490234375 0.0785064697265625 0.00760650634765625
-0.125717163085938 -0.0684814453125 0.0335845947265625 0.0447502136230469
-0.0909881591796875 -0.110694885253906 -0.0450553894042969 0.0275230407714844
-0.0591506958007813 -0.140403747558594 -0.106201171875 -0.0984878540039063
-0.00333404541015624 -0.0951919555664063 -0.127670288085938 -0.0312728881835938
-0.0330123901367188 -0.0903701782226563 -0.142807006835938 -0.051788330078125
-0.0786209106445313 -0.05615234375 -0.108207702636719 -0.0404281616210938
-0.0694847106933594 -0.00517272949218749 -0.084625244140625 -0.0289306640625
-0.0607872009277344 0.0126113891601563 -0.0460624694824219 -0.0338630676269531
-0.044158935546875 0.0388298034667969 -0.0234375 -0.0446968078613281
-0.026702880859375 0.0532341003417969 -0.0191841125488281 -0.0649147033691406
-0.0308113098144531 0.0563545227050781 -0.00373840332031251 -0.0794448852539063
-0.0293960571289063 0.0645866394042969 0.0283050537109375 -0.0986480712890625
-0.04278564453125 0.04522705078125 0.0815811157226563 -0.0900726318359375
-0.0658073425292969 0.032928466796875 0.0970077514648438 -0.0497360229492188
-0.0817642211914063 0.00955200195312499 0.0830764770507813 -0.0013427734375
-0.0921783447265625 -0.0679779052734375 0.0352897644042969 0.025909423828125
-0.051666259765625 -0.106040954589844 -0.047119140625 -0.00546646118164063
-0.00722503662109375 -0.118293762207031 -0.103782653808594 -0.139617919921875
-0.0376968383789062 0.0635261535644531 0.09344482421875 0.143447875976563
0.0222549438476563 0.05706787109375 0.0401725769042969 0.0316543579101563
0.0521621704101563 0.0281791687011719 -0.0438308715820313 -0.010711669921875
0.0487174987792969 -0.0104103088378906 -0.0916976928710938 0.00833892822265626
0.0311622619628906 -0.0198822021484375 -0.10595703125 0.0423507690429687
0.0166454315185547 -0.0236129760742187 -0.0930862426757813 0.0965118408203125
0.0163078308105469 -0.0186328887939453 -0.0329360961914063 0.118476867675781
0.0230808258056641 -0.0142688751220703 -0.00251007080078124 0.09649658203125
0.0251579284667969 -0.0111846923828125 0.0186920166015625 0.0755462646484375
0.0210418701171875 0.00576972961425781 0.0250740051269531 0.0625495910644531
0.0191001892089844 0.0148200988769531 0.0472221374511719 0.0418243408203125
0.0207901000976563 0.0251750946044922 0.0732650756835938 0.041656494140625
0.00428771972656249 0.0454673767089844 0.0890579223632813 0.0609054565429688
-0.0188217163085937 0.0553970336914063 0.127777099609375 0.0563201904296875
-0.0553741455078125 0.0562744140625 0.116943359375 0.0510635375976562
-0.0757369995117187 0.00941467285156249 0.069610595703125 0.154083251953125
-0.0123329162597656 0.0156431198120117 0.0211067199707031 0.0417671203613281
0.00429677963256836 -0.000200748443603516 -0.0616798400878906 -0.00238800048828126
0.006378173828125 -0.0178661346435547 -0.101707458496094 0.0183868408203125
-0.00963401794433593 -0.0135993957519531 -0.110084533691406 0.0452041625976562
-0.0116252899169922 0.000452995300292969 -0.094482421875 0.0983123779296875
0.00191974639892578 0.0162858963012695 -0.0363235473632813 0.119682312011719
0.00910758972167969 0.0230369567871094 -0.007293701171875 0.0951080322265625
0.0195484161376953 0.0290546417236328 0.0158233642578125 0.0739822387695313
0.00640106201171875 0.0419540405273438 0.0246391296386719 0.0562553405761719
-0.0111923217773438 0.0494117736816406 0.0479393005371094 0.0353622436523437
-0.0240058898925781 0.0505256652832031 0.0740280151367188 0.043487548828125
-0.0558738708496094 0.03375244140625 0.0789871215820313 0.0655899047851563
-0.0701217651367188 0.0287208557128906 0.106941223144531 0.0614166259765625
-0.104423522949219 0.0112457275390625 0.0890884399414063 0.0521011352539063
-0.10565185546875 -0.0478897094726563 0.0372161865234375 0.144866943359375
-0.048431396484375 -0.0323829650878906 -0.00489425659179688 0.0357475280761719
-0.0517539978027344 -0.0293197631835938 -0.083343505859375 -0.004058837890625
-0.0426788330078125 -0.0204429626464844 -0.112136840820313 0.0226287841796875
-0.0524673461914063 -0.00211334228515625 -0.109527587890625 0.0460968017578125
-0.0394325256347656 0.0266609191894531 -0.08624267578125 0.09271240234375
-0.012359619140625 0.0497474670410156 -0.0341644287109375 0.107109069824219
-0.00572586059570312 0.0575447082519531 -0.0115814208984375 0.0794525146484375
0.0120697021484375 0.0657119750976563 0.01025390625 0.058837890625
-0.00675582885742188 0.0702362060546875 0.0244789123535156 0.0365638732910156
-0.0349197387695312 0.0760574340820313 0.0492706298828125 0.0194740295410156
-0.0587692260742188 0.0709228515625 0.0763015747070313 0.0385208129882813
-0.104133605957031 0.0241165161132812 0.0691795349121094 0.0685806274414063
-0.110221862792969 0.00244140625000002 0.0762557983398438 0.0676727294921875
-0.138114929199219 -0.0339584350585938 0.0469970703125 0.0410232543945313
-0.120246887207031 -0.0960693359375 -0.00305175781250001 0.115928649902344
-0.0804214477539062 -0.077606201171875 -0.0361557006835938 0.016937255859375
-0.106819152832031 -0.0535049438476563 -0.102882385253906 -0.0120391845703125
-0.09161376953125 -0.0162200927734375 -0.119583129882812 0.0216293334960938
-0.090423583984375 0.0153350830078125 -0.102973937988281 0.0397109985351563
-0.0612144470214844 0.0536155700683594 -0.0715789794921875 0.0756607055664063
-0.024078369140625 0.0775070190429688 -0.02972412109375 0.07958984375
-0.0194244384765625 0.0832366943359375 -0.0145225524902344 0.0518684387207031
0.000328063964843746 0.0918045043945313 0.00479888916015625 0.0323276519775391
-0.0218429565429688 0.086517333984375 0.0244007110595703 0.00990104675292969
-0.0559539794921875 0.0888442993164062 0.0504417419433594 0.000289916992187505
-0.0844268798828125 0.0777816772460938 0.0770721435546875 0.0298233032226563
-0.135757446289063 0.00886535644531253 0.0601806640625 0.0688552856445313
-0.1329345703125 -0.0253753662109375 0.0412445068359375 0.0710525512695313
-0.149505615234375 -0.0746917724609375 -0.000761032104492198 0.0196781158447266
-0.117408752441406 -0.125923156738281 -0.0441970825195313 0.0756378173828125
-0.0996856689453125 -0.1082763671875 -0.0709609985351563 -0.00704956054687501
-0.146011352539063 -0.0674285888671875 -0.116706848144531 -0.021148681640625
-0.125328063964844 -0.00720977783203122 -0.117279052734375 0.0137252807617188
-0.113243103027344 0.0331497192382812 -0.089599609375 0.0253448486328125
-0.0711669921875 0.0730209350585938 -0.0534172058105469 0.0467681884765625
-0.0298004150390625 0.0940093994140625 -0.0240516662597656 0.042449951171875
-0.0294723510742187 0.0971450805664063 -0.0145072937011719 0.0176372528076172
-0.0112762451171875 0.104423522949219 0.00285506248474121 -0.0012211799621582
-0.03759765625 0.0894927978515625 0.0294609069824219 -0.0210208892822266
-0.0730667114257813 0.0851821899414063 0.0553970336914062 -0.0189781188964844
-0.102073669433594 0.0675430297851562 0.0764923095703125 0.021484375
-0.1485595703125 -0.0158538818359375 0.050628662109375 0.0654106140136719
-0.134979248046875 -0.0577392578125 0.00710678100585937 0.0682373046875
-0.136482238769531 -0.109573364257812 -0.0463066101074219 -0.0109825134277344
-0.0955123901367188 -0.134040832519531 -0.0826416015625 0.0322952270507813
-0.0975875854492187 -0.118988037109375 -0.103378295898438 -0.028411865234375
-0.15386962890625 -0.070648193359375 -0.121040344238281 -0.0277175903320313
-0.132041931152344 0.000984191894531268 -0.106788635253906 0.00123596191406249
-0.114120483398438 0.041290283203125 -0.072296142578125 0.00492858886718749
-0.0692367553710938 0.0784378051757812 -0.0371284484863281 0.0125389099121094
-0.0310745239257812 0.0941696166992188 -0.0202274322509766 0.00159645080566407
-0.034881591796875 0.0959930419921875 -0.0128288269042969 -0.0184230804443359
-0.023193359375 0.101860046386719 0.00671005249023438 -0.0366897583007812
-0.0498046875 0.07952880859375 0.0420417785644531 -0.0492019653320312
-0.0836639404296875 0.0684738159179688 0.0652542114257813 -0.0341072082519531
-0.109130859375 0.0454483032226563 0.0763015747070313 0.01397705078125
-0.142776489257813 -0.04443359375 0.0401649475097656 0.0575599670410156
-0.118316650390625 -0.0877609252929687 -0.0225639343261719 0.0537796020507812
-0.104377746582031 -0.130485534667969 -0.0818099975585938 -0.0494842529296875
-0.0574951171875 -0.119728088378906 -0.110061645507813 -0.00525665283203125
-0.074554443359375 -0.108596801757813 -0.126823425292969 -0.0426254272460938
-0.128372192382813 -0.0627975463867187 -0.114707946777344 -0.033233642578125
-0.109695434570313 0.00324249267578123 -0.0927810668945312 -0.0132369995117188
-0.0922622680664062 0.0350875854492188 -0.0555839538574219 -0.01629638671875
-0.056732177734375 0.0662651062011719 -0.0271015167236328 -0.0211315155029297
-0.0278244018554687 0.0792465209960938 -0.019317626953125 -0.0362930297851562
-0.0339202880859375 0.0809173583984375 -0.00934982299804687 -0.0510978698730469
-0.0283966064453125 0.0862960815429687 0.0153694152832031 -0.069061279296875
-0.0515708923339844 0.0622291564941406 0.0592041015625 -0.0722427368164063
-0.07977294921875 0.04779052734375 0.0791091918945313 -0.0440902709960938
-0.099090576171875 0.0228652954101562 0.077301025390625 0.00650787353515625
-0.121109008789062 -0.062835693359375 0.0336990356445312 0.0433387756347656
-0.088470458984375 -0.103462219238281 -0.0407066345214844 0.0275917053222656
-0.0598068237304688 -0.132095336914062 -0.0997543334960938 -0.090972900390625
-0.00629425048828125 -0.088623046875 -0.121429443359375 -0.031219482421875
-0.0340652465820313 -0.08428955078125 -0.135574340820313 -0.0501785278320313
-0.0756683349609375 -0.0508193969726562 -0.102378845214844 -0.0384979248046875
-0.0648574829101563 -0.00338745117187501 -0.0805282592773438 -0.028228759765625
-0.0567550659179687 0.0135765075683594 -0.0442886352539063 -0.0324363708496094
-0.0406417846679687 0.0373573303222656 -0.0223541259765625 -0.0441017150878906
-0.0237388610839844 0.0496940612792969 -0.0190773010253906 -0.0628471374511719
-0.0277862548828125 0.0535621643066406 -0.00428009033203124 -0.0755538940429688
-0.0260467529296875 0.0603446960449219 0.0264968872070313 -0.0945587158203125
-0.0394058227539063 0.0421409606933594 0.0770111083984375 -0.0872421264648438
-0.0602607727050781 0.0307693481445313 0.0931549072265625 -0.0483627319335938
-0.0758819580078125 0.0103073120117188 0.0803375244140625 -0.00203704833984375
-0.0875167846679688 -0.0613479614257812 0.0345268249511719 0.0252914428710937
-0.0513229370117188 -0.097900390625 -0.0434494018554688 -0.00321578979492187
-0.0101547241210938 -0.11138916015625 -0.0987548828125 -0.1302490234375
-0.0340232849121094 0.0595779418945313 0.09088134765625 0.138381958007813
0.0217781066894531 0.0537948608398438 0.0385360717773438 0.0307273864746094
0.0490188598632813 0.025726318359375 -0.0429801940917969 -0.0125083923339844
0.0446128845214844 -0.0112762451171875 -0.0900497436523437 0.00634002685546876
0.028350830078125 -0.0189971923828125 -0.104644775390625 0.0394210815429688
0.0149898529052734 -0.0211067199707031 -0.0916290283203125 0.0943679809570313
0.0156669616699219 -0.0160751342773438 -0.03192138671875 0.115272521972656
0.0216083526611328 -0.0124797821044922 -0.0025787353515625 0.0938568115234375
0.0236129760742187 -0.00966262817382813 0.0186538696289062 0.074493408203125
0.0189590454101562 0.00624656677246094 0.0251541137695312 0.0626945495605469
0.0168285369873047 0.0147285461425781 0.0463066101074219 0.0417098999023438
0.0189743041992188 0.0237331390380859 0.0716400146484375 0.0417098999023438
0.00388717651367187 0.0421714782714844 0.0869369506835937 0.0619735717773437
-0.0181541442871094 0.0516471862792969 0.123893737792969 0.05712890625
-0.0523338317871094 0.0536270141601563 0.114372253417969 0.0530853271484375
-0.0715255737304688 0.00635528564453123 0.0677490234375 0.14849853515625
-0.0120553970336914 0.0125541687011719 0.0208015441894531 0.0393295288085938
0.00239706039428711 -0.00223708152770996 -0.0595550537109375 -0.00424194335937501
0.00380516052246094 -0.0187129974365234 -0.098846435546875 0.01580810546875
-0.0117168426513672 -0.0132846832275391 -0.108558654785156 0.0423431396484375
-0.0125398635864258 0.0015716552734375 -0.0927658081054688 0.0952911376953125
0.00119876861572266 0.0170116424560547 -0.0350875854492187 0.116058349609375
0.00857734680175781 0.023590087890625 -0.0069122314453125 0.0927352905273438
0.0184421539306641 0.0296783447265625 0.0164260864257813 0.072418212890625
0.00521469116210938 0.0416412353515625 0.0254745483398437 0.055572509765625
-0.012420654296875 0.0484504699707031 0.0479583740234375 0.0349082946777344
-0.0246925354003906 0.0480194091796875 0.0732574462890625 0.0432586669921875
-0.0557708740234375 0.0314178466796875 0.0777664184570313 0.0660476684570313
-0.0684089660644531 0.0258064270019531 0.104446411132813 0.0611724853515625
-0.0999679565429688 0.00975799560546875 0.0877609252929688 0.0533447265625
-0.100700378417969 -0.04766845703125 0.0369033813476563 0.137992858886719
-0.0474586486816406 -0.0340805053710938 -0.0040435791015625 0.0327625274658203
-0.0514717102050781 -0.0304031372070313 -0.0800857543945312 -0.00599670410156251
-0.0436820983886719 -0.0215072631835938 -0.109024047851563 0.0202560424804688
-0.0529060363769531 -0.00214004516601562 -0.107513427734375 0.0422286987304688
-0.0402488708496094 0.0270919799804688 -0.08489990234375 0.0889129638671875
-0.0129165649414062 0.0501632690429688 -0.0329666137695313 0.103073120117188
-0.00592803955078125 0.0574913024902344 -0.0103225708007813 0.0770263671875
0.0106697082519531 0.0647659301757813 0.01123046875 0.0567398071289063
-0.007965087890625 0.0691337585449219 0.0255317687988281 0.0362815856933594
-0.0355453491210937 0.0744171142578125 0.0489082336425781 0.0193519592285156
-0.0585289001464844 0.0679359436035156 0.0760726928710938 0.0379562377929688
-0.102920532226563 0.0221176147460938 0.0684928894042969 0.0683631896972656
-0.1075439453125 0.000434875488281262 0.075439453125 0.066986083984375
-0.133506774902344 -0.0343170166015625 0.0479393005371094 0.0416603088378906
-0.11541748046875 -0.0948028564453125 -0.00115203857421877 0.10906982421875
-0.0786056518554688 -0.0782394409179688 -0.0339069366455078 0.0137920379638672
-0.105361938476563 -0.0537643432617187 -0.09869384765625 -0.013427734375
-0.090789794921875 -0.0174789428710938 -0.115203857421875 0.0188446044921875
-0.0896987915039063 0.0148544311523437 -0.101066589355469 0.03692626953125
-0.0609970092773438 0.0521926879882813 -0.06988525390625 0.07171630859375
-0.02410888671875 0.0760650634765625 -0.0286102294921875 0.0769424438476563
-0.01934814453125 0.082427978515625 -0.0131912231445313 0.0500755310058594
0.000183105468749993 0.09014892578125 0.00555038452148438 0.0306930541992188
-0.0224227905273438 0.0849761962890625 0.0252361297607422 0.00910186767578125
-0.0555648803710937 0.0865249633789063 0.0503959655761719 -0.000160217285156245
-0.0830841064453125 0.0746994018554688 0.0772628784179687 0.0300369262695313
-0.13421630859375 0.00779724121093752 0.0601730346679687 0.0689277648925781
-0.129608154296875 -0.0266571044921875 0.042724609375 0.0701560974121094
-0.145858764648438 -0.073699951171875 0.00120925903320312 0.0205173492431641
-0.114036560058594 -0.123565673828125 -0.0416755676269531 0.0690078735351562
-0.0971832275390625 -0.10687255859375 -0.0678024291992188 -0.0100555419921875
-0.143051147460938 -0.0662689208984375 -0.111579895019531 -0.022613525390625
-0.123123168945313 -0.00824737548828124 -0.113136291503906 0.01129150390625
-0.110954284667969 0.0322341918945312 -0.0875625610351562 0.0227737426757812
-0.070098876953125 0.0711593627929687 -0.0524368286132812 0.0432090759277344
-0.0303421020507813 0.0915756225585938 -0.0225181579589844 0.03997802734375
-0.0284576416015625 0.0959930419921875 -0.0134048461914063 0.0170173645019531
-0.0111465454101563 0.1016845703125 0.00357675552368164 -0.00189065933227538
-0.0373458862304687 0.087310791015625 0.0300960540771484 -0.0208721160888672
-0.0721435546875 0.0831756591796875 0.055145263671875 -0.0186882019042969
-0.0999755859375 0.0656814575195312 0.0768890380859375 0.0213165283203125
-0.1463623046875 -0.01544189453125 0.0506248474121094 0.0654449462890625
-0.131690979003906 -0.0575790405273437 0.00854492187499999 0.0669822692871094
-0.133583068847656 -0.107391357421875 -0.0428848266601563 -0.00917053222656252
-0.0929336547851563 -0.130180358886719 -0.0782012939453125 0.027191162109375
-0.0961990356445313 -0.1163330078125 -0.0991668701171875 -0.0311660766601563
-0.149871826171875 -0.0687408447265625 -0.115333557128906 -0.0283050537109375
-0.128639221191406 0.000198364257812494 -0.103019714355469 -0.000373840332031232
-0.110954284667969 0.0405349731445312 -0.06988525390625 0.00306320190429688
-0.0673141479492188 0.076629638671875 -0.0366058349609375 0.00950622558593751
-0.03009033203125 0.091552734375 -0.0192508697509766 -0.000337600708007803
-0.0335540771484375 0.09442138671875 -0.0119800567626953 -0.0186195373535156
-0.02239990234375 0.0991134643554688 0.0070953369140625 -0.0365638732910156
-0.04876708984375 0.0770950317382812 0.0414619445800781 -0.0484237670898437
-0.081939697265625 0.0665817260742188 0.0650787353515625 -0.0335311889648437
-0.105972290039063 0.0436248779296875 0.0769119262695313 0.0137100219726563
-0.140098571777344 -0.04266357421875 0.0402793884277344 0.0569000244140625
-0.115036010742188 -0.085357666015625 -0.0200614929199219 0.0523757934570312
-0.102432250976563 -0.127685546875 -0.0772628784179687 -0.0470352172851563
-0.055999755859375 -0.115272521972656 -0.106109619140625 -0.00895690917968749
-0.0735015869140625 -0.105461120605469 -0.122352600097656 -0.0454025268554688
-0.124961853027344 -0.0601806640625 -0.109977722167969 -0.0339813232421875
-0.105659484863281 0.00291442871093749 -0.0898513793945313 -0.0147323608398438
-0.0892715454101563 0.034912109375 -0.0532035827636719 -0.017547607421875
-0.0552406311035156 0.0640220642089844 -0.0257759094238281 -0.0227413177490234
-0.0270004272460938 0.076019287109375 -0.0187454223632812 -0.0364913940429687
-0.0320053100585937 0.0786666870117188 -0.00847244262695312 -0.0501213073730469
-0.0270462036132812 0.0838088989257813 0.0149917602539062 -0.0679550170898438
-0.0501251220703125 0.0600776672363281 0.0584945678710938 -0.0711288452148438
-0.0772018432617188 0.0455169677734375 0.0790863037109375 -0.043060302734375
-0.096343994140625 0.021697998046875 0.0772933959960938 0.00717926025390625
-0.117462158203125 -0.05987548828125 0.0340461730957031 0.0431900024414063
-0.0860519409179688 -0.100143432617188 -0.0376129150390625 0.0277442932128906
-0.0591583251953125 -0.128555297851563 -0.0955352783203125 -0.0874862670898438
-0.00711822509765624 -0.0840377807617188 -0.117362976074219 -0.0341339111328125
-0.0342941284179687 -0.0805892944335938 -0.130821228027344 -0.0518264770507813
-0.0728302001953125 -0.0480728149414062 -0.09857177734375 -0.0395889282226563
-0.0617904663085938 -0.00305175781249999 -0.0782699584960938 -0.0289077758789063
-0.0543403625488281 0.0139312744140625 -0.043365478515625 -0.0328102111816406
-0.0386962890625 0.0358772277832031 -0.0218620300292969 -0.0446853637695313
-0.0223007202148437 0.0472145080566406 -0.0192489624023437 -0.0625381469726563
-0.0263595581054688 0.0514640808105469 -0.0037841796875 -0.07330322265625
-0.0244216918945312 0.0574722290039062 0.025390625 -0.0921630859375
-0.0380439758300781 0.0397758483886719 0.0755996704101563 -0.0862197875976563
-0.0580253601074219 0.0289382934570313 0.09210205078125 -0.0470123291015625
-0.07220458984375 0.0100250244140625 0.0795135498046875 -0.000869750976562499
-0.0848388671875 -0.0579757690429688 0.0348701477050781 0.0261173248291016
-0.050140380859375 -0.0940933227539063 -0.0406265258789063 -0.00221633911132813
-0.0112686157226562 -0.107170104980469 -0.0945358276367188 -0.125289916992187
-0.0320625305175781 0.0575790405273438 0.090545654296875 0.1365966796875
0.0215110778808594 0.0517539978027344 0.038421630859375 0.0300369262695313
0.0475616455078125 0.0245285034179688 -0.0432052612304688 -0.0138092041015625
0.0418586730957031 -0.012054443359375 -0.0906753540039063 0.00502014160156248
0.0265026092529297 -0.0186271667480469 -0.106101989746094 0.0391769409179687
0.0143947601318359 -0.0195198059082031 -0.0922470092773437 0.0951080322265625
0.0152902603149414 -0.0148687362670898 -0.0311508178710937 0.115608215332031
0.0203914642333984 -0.0122528076171875 -0.00185394287109375 0.0943679809570312
0.0225696563720703 -0.00890350341796875 0.0197830200195312 0.0749053955078125
0.018218994140625 0.00719261169433594 0.0260696411132813 0.0634536743164063
0.0154933929443359 0.0150613784790039 0.0471267700195313 0.0424308776855469
0.0173587799072266 0.0225734710693359 0.0726318359375 0.0422821044921875
0.003692626953125 0.0403976440429688 0.0878067016601563 0.0634231567382813
-0.0176734924316406 0.0500755310058594 0.12420654296875 0.0580215454101562
-0.0493812561035156 0.0531158447265625 0.11590576171875 0.0548629760742188
-0.0697097778320313 0.00485992431640625 0.0689849853515625 0.145370483398437
-0.0123195648193359 0.0104579925537109 0.021087646484375 0.0382957458496094
0.000716924667358399 -0.00351357460021973 -0.0596084594726563 -0.00573730468749999
0.000858306884765627 -0.0198440551757813 -0.0990447998046875 0.0146942138671875
-0.0133323669433594 -0.0129880905151367 -0.110122680664063 0.0411529541015625
-0.0140724182128906 0.00324153900146484 -0.0928268432617188 0.09515380859375
0.0008392333984375 0.0179901123046875 -0.0339431762695313 0.115890502929688
0.0079498291015625 0.024810791015625 -0.00539398193359374 0.091949462890625
0.0173015594482422 0.0306072235107422 0.01800537109375 0.0724639892578125
0.00395965576171875 0.0421180725097656 0.0267410278320312 0.0563583374023437
-0.0136260986328125 0.0488395690917969 0.0482597351074219 0.0358161926269531
-0.0261688232421875 0.0472297668457031 0.0747833251953125 0.0432815551757813
-0.0558128356933594 0.0298500061035156 0.0791168212890625 0.0673370361328125
-0.0681343078613281 0.0241584777832031 0.105949401855469 0.0609970092773437
-0.0983047485351563 0.00883483886718749 0.0895843505859375 0.0545730590820313
-0.098876953125 -0.0497512817382812 0.038970947265625 0.135086059570313
-0.0478553771972656 -0.0367927551269531 -0.00277900695800782 0.0310916900634766
-0.0532684326171875 -0.0313949584960938 -0.0792083740234375 -0.00697326660156249
-0.0457954406738281 -0.0225334167480469 -0.10870361328125 0.0189208984375
-0.0551986694335938 -0.00168228149414063 -0.108467102050781 0.0417633056640625
-0.0412979125976563 0.0280990600585937 -0.0848770141601563 0.0883636474609375
-0.0137901306152344 0.0508537292480469 -0.0315628051757813 0.102500915527344
-0.00573730468750001 0.0586967468261719 -0.0091705322265625 0.0764923095703125
0.0106201171875 0.0656967163085938 0.0123176574707031 0.0565147399902344
-0.0088043212890625 0.0702476501464844 0.0265426635742188 0.0367164611816406
-0.0365753173828125 0.07513427734375 0.0501594543457031 0.0198326110839844
-0.0593948364257813 0.0678215026855469 0.0780868530273438 0.0380401611328125
-0.103965759277344 0.0213470458984375 0.0706253051757813 0.07012939453125
-0.107391357421875 -0.000709533691406232 0.0771942138671875 0.0672683715820313
-0.133369445800781 -0.0345535278320312 0.050018310546875 0.0432777404785156
-0.114982604980469 -0.096221923828125 0.00111389160156249 0.105522155761719
-0.0797042846679688 -0.0801010131835937 -0.0326004028320313 0.0111103057861328
-0.107040405273438 -0.0543441772460937 -0.0966339111328125 -0.0145721435546875
-0.0922927856445313 -0.017547607421875 -0.11444091796875 0.0172882080078125
-0.0907058715820313 0.0150146484375 -0.1016845703125 0.0353317260742187
-0.0621604919433594 0.0531082153320313 -0.0702972412109375 0.070556640625
-0.0240402221679688 0.0772857666015625 -0.0273971557617188 0.0752334594726563
-0.0185623168945313 0.0840606689453125 -0.0112800598144531 0.0499076843261719
0.000251770019531246 0.0906295776367188 0.00733375549316406 0.0300979614257813
-0.0235671997070312 0.0862197875976563 0.0265350341796875 0.00911712646484376
-0.0558242797851563 0.0877151489257813 0.0517387390136719 -0.000114440917968745
-0.0836257934570313 0.0745391845703125 0.0793533325195313 0.029541015625
-0.135246276855469 0.00826263427734378 0.0620689392089844 0.07000732421875
-0.130119323730469 -0.0276107788085937 0.0446548461914062 0.0704803466796875
-0.146865844726563 -0.074127197265625 0.00362014770507812 0.0215625762939453
-0.114303588867188 -0.124465942382813 -0.0395851135253906 0.0657997131347656
-0.0993194580078125 -0.108078002929688 -0.0661659240722656 -0.0127143859863281
-0.1444091796875 -0.066131591796875 -0.109024047851563 -0.0233993530273438
-0.123397827148437 -0.00830841064453123 -0.112586975097656 0.0106201171875
-0.111808776855469 0.03289794921875 -0.0870819091796875 0.0216217041015625
-0.0710830688476562 0.072021484375 -0.0522804260253906 0.0418434143066406
-0.0298233032226563 0.0919647216796875 -0.0218620300292969 0.0380668640136719
-0.0278472900390625 0.0968475341796875 -0.0123157501220703 0.0165872573852539
-0.0104141235351562 0.102165222167969 0.00486421585083008 -0.00233840942382812
-0.0383224487304688 0.0878143310546875 0.0303745269775391 -0.021636962890625
-0.0722503662109375 0.0838851928710938 0.0563850402832031 -0.0189437866210937
-0.100028991699219 0.0659103393554687 0.0797653198242188 0.02081298828125
-0.147918701171875 -0.0144805908203125 0.0526771545410156 0.0666351318359375
-0.132308959960937 -0.05755615234375 0.0105857849121094 0.0674209594726563
-0.135032653808594 -0.107139587402344 -0.0412483215332031 -0.00773620605468751
-0.0944290161132813 -0.129631042480469 -0.0772933959960938 0.0232391357421875
-0.0976791381835937 -0.116737365722656 -0.0982666015625 -0.0336837768554688
-0.151840209960938 -0.06689453125 -0.113380432128906 -0.0303726196289062
-0.128677368164062 0.000511169433593726 -0.102386474609375 -0.00139617919921876
-0.111175537109375 0.0412826538085938 -0.0700645446777344 0.00168228149414063
-0.0676345825195313 0.0767974853515625 -0.0365486145019531 0.00722503662109376
-0.0301284790039063 0.0918960571289063 -0.0188484191894531 -0.00208663940429687
-0.0321426391601563 0.09490966796875 -0.0115909576416016 -0.0193195343017578
-0.0216445922851562 0.0987930297851563 0.00734329223632813 -0.0366020202636719
-0.0490264892578125 0.07763671875 0.0417251586914063 -0.0497283935546875
-0.08209228515625 0.0666046142578125 0.0663261413574219 -0.0342941284179687
-0.105743408203125 0.043731689453125 0.0785598754882813 0.013519287109375
-0.1409912109375 -0.0413055419921875 0.04193115234375 0.0580978393554688
-0.11627197265625 -0.0850906372070313 -0.0182266235351563 0.0532608032226562
-0.1048583984375 -0.126792907714844 -0.0758438110351563 -0.04547119140625
-0.0574722290039062 -0.114067077636719 -0.105461120605469 -0.0121612548828125
-0.0750350952148438 -0.104331970214844 -0.121429443359375 -0.0472488403320313
-0.125167846679688 -0.0575180053710938 -0.108757019042969 -0.0347900390625
-0.104972839355469 0.00398254394531248 -0.08905029296875 -0.01568603515625
-0.08831787109375 0.0361251831054687 -0.0535049438476563 -0.0184097290039063
-0.0544090270996094 0.0643386840820313 -0.026947021484375 -0.0244197845458984
-0.0261001586914063 0.075286865234375 -0.0189208984375 -0.0379486083984375
-0.0313568115234375 0.0787353515625 -0.00821304321289063 -0.0499458312988281
-0.0262603759765625 0.0831451416015625 0.0153312683105469 -0.0684280395507813
-0.0502395629882813 0.0594367980957031 0.0582504272460938 -0.0724029541015625
-0.0768661499023438 0.0453720092773437 0.0798492431640625 -0.0437469482421875
-0.0950927734375 0.0217361450195312 0.079559326171875 0.006439208984375
-0.117973327636719 -0.0582962036132812 0.0357170104980469 0.0441322326660156
-0.087127685546875 -0.0993728637695313 -0.0362358093261719 0.0287742614746094
-0.0619354248046875 -0.127113342285156 -0.09423828125 -0.08563232421875
-0.00829315185546876 -0.082733154296875 -0.117324829101562 -0.037261962890625
-0.0350189208984375 -0.0789947509765625 -0.130836486816406 -0.0539169311523437
-0.0734024047851562 -0.0456314086914063 -0.0981292724609375 -0.0407638549804688
-0.0610771179199219 -0.00209045410156251 -0.0786819458007813 -0.029510498046875
-0.0530662536621094 0.0150184631347656 -0.0434684753417969 -0.0331459045410156
-0.0379791259765625 0.0355949401855469 -0.0224227905273438 -0.0467567443847656
-0.0218620300292969 0.0457916259765625 -0.0198173522949219 -0.0630455017089844
-0.0249671936035156 0.051300048828125 -0.003936767578125 -0.0734176635742188
-0.0230751037597656 0.0570945739746094 0.0253448486328125 -0.0922393798828125
-0.0382118225097656 0.0390434265136719 0.0749893188476563 -0.0868072509765625
-0.0566368103027344 0.0284843444824219 0.0934219360351563 -0.0476150512695313
-0.070709228515625 0.00985717773437499 0.08123779296875 -0.000709533691406249
-0.0840988159179688 -0.0562667846679687 0.0359077453613281 0.0270462036132812
-0.0508956909179688 -0.0921554565429688 -0.0394859313964844 -0.000598907470703127
-0.0129623413085937 -0.106239318847656 -0.093780517578125 -0.123397827148437
-0.0280494689941406 0.0566444396972656 0.0951385498046875 0.134048461914063
0.0230331420898438 0.0500106811523438 0.0394210815429688 0.0276260375976563
0.0468940734863281 0.0218963623046875 -0.0444908142089844 -0.0141716003417969
0.0396842956542969 -0.0139541625976563 -0.0920257568359375 0.00637054443359373
0.0242938995361328 -0.0189666748046875 -0.107719421386719 0.0417633056640625
0.0131969451904297 -0.0190162658691406 -0.0911407470703125 0.0985946655273437
0.0147104263305664 -0.014277458190918 -0.0283889770507813 0.117195129394531
0.0198287963867187 -0.0122776031494141 0.00173187255859375 0.0950698852539063
0.0219707489013672 -0.00897216796875 0.0226593017578125 0.0753555297851563
0.0178585052490234 0.00787162780761719 0.0292549133300781 0.0648117065429688
0.0148086547851563 0.0150899887084961 0.0491600036621094 0.042724609375
0.0168704986572266 0.0214023590087891 0.07525634765625 0.0410919189453125
0.00419235229492188 0.0389328002929688 0.090423583984375 0.0629425048828125
-0.0163497924804688 0.04974365234375 0.127639770507812 0.0565109252929687
-0.0466995239257813 0.0537223815917969 0.119255065917969 0.0546798706054688
-0.0686874389648438 0.0036163330078125 0.07415771484375 0.142776489257813
-0.012394905090332 0.00804996490478516 0.0228424072265625 0.0360946655273438
-0.00120115280151367 -0.00532245635986328 -0.0600929260253906 -0.00574493408203124
-0.00272560119628906 -0.02081298828125 -0.0997695922851563 0.0156707763671875
-0.0159578323364258 -0.0119953155517578 -0.110877990722656 0.043701171875
-0.0148897171020508 0.00461769104003907 -0.0920639038085938 0.0988311767578125
0.000431060791015624 0.0198307037353516 -0.0306930541992188 0.117301940917969
0.00792312622070313 0.0256385803222656 -0.0020294189453125 0.0925979614257813
0.0180454254150391 0.0315303802490234 0.0217361450195312 0.0725631713867187
0.0043792724609375 0.0438041687011719 0.0298309326171875 0.0572700500488281
-0.0133628845214844 0.050384521484375 0.0505485534667969 0.0353546142578125
-0.0262451171875 0.0480613708496094 0.0782241821289063 0.0422744750976563
-0.0563507080078125 0.0303726196289063 0.0825729370117188 0.0672836303710938
-0.06781005859375 0.0248184204101562 0.109230041503906 0.0601806640625
-0.0975341796875 0.0109939575195313 0.0937881469726563 0.0546646118164062
-0.0997161865234375 -0.0499267578125 0.0439453125 0.132003784179688
-0.0504074096679687 -0.0381698608398438 -0.00160026550292969 0.0292282104492188
-0.0566596984863281 -0.0318565368652344 -0.07916259765625 -0.00701141357421875
-0.04901123046875 -0.0226249694824219 -0.10943603515625 0.0203781127929688
-0.057281494140625 0.000526428222656248 -0.109649658203125 0.0438003540039062
-0.0420684814453125 0.0306434631347656 -0.0841598510742188 0.0910873413085937
-0.0127449035644531 0.0524024963378906 -0.028900146484375 0.103080749511719
-0.004547119140625 0.0607147216796875 -0.00562286376953124 0.0770339965820313
0.0123481750488281 0.0671768188476563 0.0154914855957031 0.0566635131835938
-0.00799560546874999 0.0716476440429688 0.0288009643554687 0.0367546081542969
-0.0358657836914062 0.0776748657226562 0.0517807006835938 0.01885986328125
-0.0591201782226563 0.0694732666015625 0.08160400390625 0.0364608764648438
-0.1058349609375 0.0242233276367188 0.0748443603515625 0.069793701171875
-0.108711242675781 0.000495910644531256 0.0809783935546875 0.06658935546875
-0.134506225585937 -0.032257080078125 0.0532035827636719 0.0436592102050781
-0.117942810058594 -0.0957794189453125 0.00518035888671874 0.102851867675781
-0.083740234375 -0.08074951171875 -0.0315380096435547 0.00956726074218749
-0.111297607421875 -0.0525436401367188 -0.096649169921875 -0.0139923095703125
-0.0952224731445313 -0.016326904296875 -0.114265441894531 0.0191497802734375
-0.0925140380859375 0.018280029296875 -0.1021728515625 0.0375442504882812
-0.0623550415039063 0.0558013916015625 -0.0694427490234375 0.0721435546875
-0.0225296020507812 0.0787734985351563 -0.0243682861328125 0.0749282836914063
-0.0160675048828125 0.0863723754882813 -0.00934982299804687 0.0501365661621094
0.0032196044921875 0.0923843383789063 0.00930213928222657 0.0298099517822266
-0.0218658447265625 0.0880050659179688 0.0279541015625 0.00837326049804688
-0.055084228515625 0.0902938842773438 0.0531234741210938 -0.00105667114257812
-0.0832290649414062 0.0777740478515625 0.0833511352539063 0.0272674560546875
-0.137413024902344 0.0121002197265625 0.0667037963867187 0.0703125
-0.132476806640625 -0.0255355834960938 0.0487213134765625 0.0704116821289063
-0.150787353515625 -0.071929931640625 0.0062274932861328 0.0235252380371094
-0.118576049804688 -0.123291015625 -0.0369491577148438 0.0630531311035156
-0.104255676269531 -0.107810974121094 -0.0661468505859375 -0.0139884948730469
-0.148834228515625 -0.0634002685546875 -0.109123229980469 -0.0223388671875
-0.125785827636719 -0.00574493408203123 -0.111869812011719 0.0119705200195313
-0.112777709960938 0.0368423461914062 -0.0876541137695313 0.023223876953125
-0.070709228515625 0.074737548828125 -0.0520515441894531 0.0417747497558594
-0.0280380249023438 0.0938339233398438 -0.0212020874023438 0.0374336242675781
-0.024658203125 0.0993118286132813 -0.011082649230957 0.0162296295166016
-0.0077362060546875 0.10394287109375 0.00569486618041992 -0.00274467468261718
-0.0368499755859375 0.0902023315429688 0.0308704376220703 -0.0228385925292969
-0.0711441040039063 0.087371826171875 0.0574073791503906 -0.0211067199707031
-0.0997467041015625 0.0693283081054688 0.0829849243164063 0.0181961059570313
-0.151397705078125 -0.0106658935546875 0.0568161010742187 0.0667610168457031
-0.136009216308594 -0.055450439453125 0.0144271850585937 0.0679893493652344
-0.140762329101562 -0.104721069335938 -0.0398063659667969 -0.00569534301757812
-0.0995330810546875 -0.128700256347656 -0.0762939453125 0.0217056274414062
-0.103363037109375 -0.11505126953125 -0.0991134643554688 -0.0342178344726562
-0.155654907226563 -0.063018798828125 -0.11358642578125 -0.0292434692382813
-0.130142211914063 0.00379943847656248 -0.102340698242188 -0.000434875488281237
-0.110710144042969 0.0452957153320312 -0.0707168579101563 0.00273895263671875
-0.0664520263671875 0.0796432495117188 -0.0371360778808594 0.00693511962890625
-0.0276641845703125 0.0929336547851562 -0.0197467803955078 -0.00260925292968749
-0.029022216796875 0.0965118408203125 -0.0109519958496094 -0.0193710327148437
-0.0179214477539063 0.100273132324219 0.00731277465820313 -0.0376319885253906
-0.0482711791992188 0.0794219970703125 0.0409317016601563 -0.0521659851074219
-0.0810928344726563 0.06927490234375 0.0676383972167969 -0.036865234375
-0.105552673339844 0.0468292236328125 0.0823287963867188 0.0110931396484375
-0.144638061523437 -0.0369873046875 0.0460395812988281 0.0588150024414063
-0.120346069335938 -0.0823516845703125 -0.0155754089355469 0.0544242858886719
-0.1109619140625 -0.124351501464844 -0.0764694213867188 -0.0422439575195312
-0.0621795654296875 -0.113517761230469 -0.106109619140625 -0.0135040283203125
-0.080352783203125 -0.103012084960938 -0.123336791992188 -0.0467987060546875
-0.128684997558594 -0.0538177490234375 -0.109107971191406 -0.03436279296875
-0.105201721191406 0.00710296630859375 -0.0899200439453125 -0.0141372680664062
-0.0876846313476563 0.0392837524414062 -0.0549240112304688 -0.0178794860839844
-0.0529861450195312 0.0664443969726563 -0.0280570983886719 -0.0257453918457031
-0.0240859985351563 0.076141357421875 -0.0205268859863281 -0.0392570495605469
-0.0282363891601563 0.080169677734375 -0.00939178466796875 -0.0507240295410156
-0.0236358642578125 0.0839309692382813 0.0138206481933594 -0.0696372985839844
-0.0494232177734375 0.0614585876464844 0.056671142578125 -0.0756759643554688
-0.0764846801757813 0.047698974609375 0.0809402465820313 -0.0471038818359375
-0.0953216552734375 0.0239410400390625 0.0823135375976563 0.00458526611328125
-0.120864868164062 -0.0542449951171875 0.0386848449707031 0.0451507568359375
-0.0911102294921875 -0.0966415405273437 -0.0342464447021484 0.0308361053466797
-0.0673370361328125 -0.125602722167969 -0.0961227416992187 -0.0822525024414063
-0.0118179321289062 -0.08245849609375 -0.120071411132813 -0.0375442504882812
-0.0392990112304688 -0.0776443481445313 -0.132911682128906 -0.0526962280273438
-0.0751953125 -0.04248046875 -0.0993804931640625 -0.0401153564453125
-0.0603523254394531 -5.34057617187542E-05 -0.0799102783203125 -0.0287017822265625
-0.0524406433105469 0.0165328979492187 -0.04522705078125 -0.0329055786132813
-0.0358772277832031 0.0372848510742188 -0.0249557495117188 -0.0482177734375
-0.020050048828125 0.0454788208007813 -0.0227088928222656 -0.0638580322265625
-0.0224647521972656 0.0511207580566406 -0.0061187744140625 -0.0736007690429688
-0.0214881896972656 0.0567665100097656 0.0229721069335938 -0.093719482421875
-0.0369300842285156 0.0396766662597656 0.0735626220703125 -0.0904617309570313
-0.0561752319335938 0.0293350219726562 0.0941619873046875 -0.0508880615234375
-0.0695686340332031 0.0114822387695313 0.0836257934570312 -0.00214385986328125
-0.0862197875976562 -0.0527801513671875 0.0378494262695312 0.0278434753417969
-0.0541915893554688 -0.0900421142578125 -0.038909912109375 0.00154876708984374
-0.0174407958984375 -0.104896545410156 -0.097564697265625 -0.119903564453125
-0.0241470336914062 0.0550308227539062 0.101333618164063 0.128120422363281
0.02490234375 0.0472450256347656 0.0408859252929688 0.0249214172363281
0.0467948913574219 0.0190010070800781 -0.04541015625 -0.0132865905761719
0.0361137390136719 -0.0154953002929688 -0.092132568359375 0.00926208496093751
0.0222759246826172 -0.0200366973876953 -0.107254028320312 0.0467681884765625
0.0126075744628906 -0.0178375244140625 -0.0874176025390625 0.103988647460938
0.0136909484863281 -0.0140752792358398 -0.0220718383789062 0.118324279785156
0.0185203552246094 -0.0123519897460938 0.00665283203125 0.094329833984375
0.0206108093261719 -0.00928306579589844 0.0273056030273438 0.0742340087890625
0.0170993804931641 0.0074777603149414 0.0335655212402344 0.0646743774414063
0.0145378112792969 0.0150442123413086 0.0515480041503906 0.0412330627441406
0.016387939453125 0.0200519561767578 0.0774688720703125 0.0381622314453125
0.00528717041015625 0.0366706848144531 0.09423828125 0.0599212646484375
-0.0140342712402344 0.0487747192382813 0.12994384765625 0.0516281127929687
-0.0417633056640625 0.0545158386230469 0.122901916503906 0.0509490966796875
-0.0668563842773438 0.00422286987304686 0.081390380859375 0.136116027832031
-0.0125560760498047 0.0070648193359375 0.0245018005371094 0.0334720611572266
-0.00325345993041992 -0.00616931915283203 -0.06005859375 -0.0044097900390625
-0.00579071044921875 -0.0206089019775391 -0.099334716796875 0.018646240234375
-0.0183525085449219 -0.0104656219482422 -0.110321044921875 0.048126220703125
-0.0151262283325195 0.00686931610107422 -0.087738037109375 0.103225708007812
0.0011749267578125 0.0207805633544922 -0.0243682861328125 0.11810302734375
0.00907135009765625 0.0263271331787109 0.0032196044921875 0.0923233032226563
0.0191173553466797 0.0314750671386719 0.026153564453125 0.0710601806640625
0.00605392456054687 0.0440559387207031 0.0339317321777344 0.0563087463378906
-0.0119895935058594 0.0515174865722656 0.0527305603027344 0.0335884094238281
-0.025390625 0.0489158630371094 0.0814666748046875 0.0385971069335938
-0.0562019348144531 0.0321197509765625 0.087310791015625 0.0651397705078125
-0.0669288635253906 0.0259628295898437 0.113090515136719 0.0555496215820313
-0.0958023071289063 0.014495849609375 0.0981292724609375 0.0514907836914063
-0.101036071777344 -0.0482940673828125 0.0505828857421875 0.126419067382813
-0.0521659851074219 -0.037872314453125 0.000446319580078122 0.0267467498779297
-0.0597114562988281 -0.0299720764160156 -0.0781173706054688 -0.00437927246093751
-0.0525703430175781 -0.0206794738769531 -0.107826232910156 0.0235671997070313
-0.0587348937988281 0.00382232666015625 -0.108505249023438 0.04815673828125
-0.0417366027832031 0.0336494445800781 -0.0800628662109375 0.094329833984375
-0.010986328125 0.0543975830078125 -0.023345947265625 0.103347778320312
-0.00147628784179687 0.0618972778320313 -0.00115203857421876 0.0764617919921875
0.0150527954101562 0.0670700073242188 0.0193023681640625 0.055389404296875
-0.00505828857421875 0.0729827880859375 0.0319404602050781 0.0352439880371094
-0.0328369140625 0.0799484252929688 0.0536575317382813 0.017181396484375
-0.056549072265625 0.0723953247070313 0.0849685668945313 0.0323333740234375
-0.105621337890625 0.0291748046875 0.0797195434570313 0.0679244995117188
-0.109199523925781 0.00380706787109373 0.0854568481445313 0.0627899169921875
-0.136032104492188 -0.026702880859375 0.0577316284179688 0.0423736572265625
-0.122039794921875 -0.0920028686523438 0.0112380981445312 0.0987625122070312
-0.0879287719726562 -0.0784072875976563 -0.0304851531982422 0.00848197937011719
-0.114845275878906 -0.0482330322265625 -0.095916748046875 -0.0111007690429687
-0.0972213745117188 -0.0121994018554687 -0.113433837890625 0.0226669311523437
-0.09271240234375 0.0237579345703125 -0.10101318359375 0.0410919189453125
-0.0605697631835938 0.0599517822265625 -0.066192626953125 0.0738296508789063
-0.0202789306640625 0.0810012817382813 -0.0206298828125 0.0749130249023437
-0.0114669799804687 0.0883026123046875 -0.00589370727539063 0.0497512817382813
0.00809478759765624 0.0926971435546875 0.0121707916259766 0.0290203094482422
-0.0184707641601563 0.0894775390625 0.02972412109375 0.00682258605957032
-0.0514068603515625 0.0942764282226562 0.0544319152832031 -0.00357437133789062
-0.0805206298828125 0.082122802734375 0.0863571166992188 0.0226364135742188
-0.138420104980469 0.0189056396484375 0.0718917846679687 0.06781005859375
-0.133934020996094 -0.0205001831054688 0.0532722473144531 0.0683517456054687
-0.154388427734375 -0.0644683837890625 0.00956153869628905 0.0241279602050781
-0.125175476074219 -0.118904113769531 -0.032562255859375 0.0612564086914063
-0.110549926757813 -0.1038818359375 -0.0655746459960938 -0.0134620666503906
-0.152267456054688 -0.05572509765625 -0.108543395996094 -0.0190200805664063
-0.126785278320313 9.15527343750122E-05 -0.109909057617188 0.0160064697265625
-0.111488342285156 0.0429534912109375 -0.0871353149414063 0.0265731811523437
-0.0673294067382812 0.0787277221679688 -0.0502815246582031 0.0430755615234375
-0.0241165161132812 0.095458984375 -0.0190620422363281 0.0373725891113281
-0.0188064575195312 0.100700378417969 -0.00971889495849609 0.015925407409668
-0.002227783203125 0.104568481445313 0.00680828094482422 -0.00321865081787109
-0.0330886840820312 0.0923614501953125 0.0305843353271484 -0.0247554779052734
-0.0676422119140625 0.0909271240234375 0.0577468872070312 -0.0241241455078125
-0.0970001220703125 0.0743026733398438 0.0858840942382812 0.0134429931640625
-0.152114868164063 -0.00178527832031249 0.0621185302734375 0.0647239685058594
-0.139533996582031 -0.0495758056640625 0.0193557739257812 0.0673027038574219
-0.146881103515625 -0.09771728515625 -0.0383186340332031 -0.00267410278320313
-0.106033325195313 -0.124542236328125 -0.0741806030273438 0.021514892578125
-0.109970092773438 -0.109596252441406 -0.100173950195313 -0.0318222045898438
-0.158981323242188 -0.0543365478515625 -0.113197326660156 -0.0257492065429687
-0.129425048828125 0.00992584228515627 -0.101463317871094 0.00339508056640623
-0.108634948730469 0.05126953125 -0.0700263977050781 0.00549697875976562
-0.0628280639648437 0.0826873779296875 -0.0373115539550781 0.00688934326171875
-0.0236053466796875 0.0943679809570313 -0.019622802734375 -0.00349235534667968
-0.0237350463867187 0.0985260009765625 -0.0114231109619141 -0.0190639495849609
-0.012664794921875 0.101181030273437 0.00659561157226563 -0.0383262634277344
-0.044769287109375 0.0820159912109375 0.0389785766601563 -0.0543632507324219
-0.07763671875 0.0732192993164063 0.0667037963867188 -0.0406684875488281
-0.103187561035156 0.0515289306640625 0.0847015380859375 0.006195068359375
-0.146652221679688 -0.02972412109375 0.0505523681640625 0.0575370788574219
-0.124641418457031 -0.0770263671875 -0.0111312866210938 0.055633544921875
-0.117507934570313 -0.118881225585937 -0.07623291015625 -0.0376434326171875
-0.0680618286132812 -0.109886169433594 -0.106498718261719 -0.0116653442382812
-0.086456298828125 -0.0980911254882812 -0.125152587890625 -0.0434951782226563
-0.131393432617188 -0.0457687377929687 -0.110023498535156 -0.03106689453125
-0.104568481445313 0.0118484497070312 -0.089935302734375 -0.0111312866210937
-0.085357666015625 0.0441436767578125 -0.0552597045898438 -0.0163650512695313
-0.0496864318847656 0.0689811706542969 -0.0298480987548828 -0.0262546539306641
-0.02099609375 0.0763397216796875 -0.0230026245117187 -0.0391006469726562
-0.0233230590820313 0.0806350708007813 -0.0115776062011719 -0.0502548217773437
-0.0180740356445313 0.0843734741210938 0.0110855102539062 -0.0704879760742188
-0.0467185974121094 0.0633277893066406 0.0530319213867188 -0.07891845703125
-0.0741653442382813 0.0507278442382812 0.0801544189453125 -0.05108642578125
-0.093109130859375 0.0281295776367188 0.084197998046875 0.000640869140625002
-0.123016357421875 -0.047454833984375 0.042388916015625 0.0439720153808594
-0.0957183837890625 -0.0913467407226563 -0.0312366485595703 0.0331993103027344
-0.0741653442382813 -0.12115478515625 -0.0983123779296875 -0.0761260986328125
-0.0160369873046875 -0.0803604125976563 -0.121818542480469 -0.035125732421875
-0.0432815551757812 -0.0739822387695313 -0.135597229003906 -0.0482559204101563
-0.076812744140625 -0.0375518798828125 -0.1011962890625 -0.0378952026367187
-0.0592231750488281 0.00253677368164064 -0.081298828125 -0.025787353515625
-0.0505752563476563 0.0198822021484375 -0.0463333129882813 -0.0316658020019531
-0.0338020324707031 0.0385932922363281 -0.0275535583496094 -0.0481491088867188
-0.0178260803222656 0.0455131530761719 -0.0263557434082031 -0.0634689331054688
-0.0199394226074219 0.0514411926269531 -0.00959777832031251 -0.0732040405273438
-0.0176849365234375 0.0567588806152344 0.01849365234375 -0.0947799682617187
-0.0347480773925781 0.0406074523925781 0.0689468383789063 -0.0942306518554688
-0.053985595703125 0.0311813354492187 0.0928955078125 -0.05523681640625
-0.0686187744140625 0.0141143798828125 0.0853652954101563 -0.00571441650390625
-0.0873794555664063 -0.0474624633789063 0.0402297973632812 0.0273361206054687
-0.0583648681640625 -0.0857772827148438 -0.0376205444335938 0.00517654418945312
-0.0235443115234375 -0.102264404296875 -0.101852416992188 -0.113304138183594
-0.0198593139648437 0.0528221130371094 0.10498046875 0.117652893066406
0.0264549255371094 0.0431556701660156 0.0413475036621094 0.021453857421875
0.0453414916992188 0.0151329040527344 -0.0458564758300781 -0.0121612548828125
0.0323276519775391 -0.0162868499755859 -0.09100341796875 0.0118408203125
0.0195064544677734 -0.0196971893310547 -0.103889465332031 0.050567626953125
0.0113487243652344 -0.0173377990722656 -0.0810699462890625 0.106369018554687
0.0128087997436523 -0.0132074356079102 -0.0153884887695313 0.116714477539063
0.017003059387207 -0.0124244689941406 0.012054443359375 0.0918960571289062
0.0193710327148438 -0.00930023193359375 0.0310592651367187 0.0713119506835938
0.0166997909545898 0.00747776031494141 0.0369529724121094 0.0623817443847656
0.0141515731811523 0.0145187377929688 0.0530319213867188 0.0382270812988281
0.0162220001220703 0.0185890197753906 0.078094482421875 0.0340499877929688
0.006378173828125 0.0342216491699219 0.0954818725585937 0.05535888671875
-0.0115280151367188 0.0469970703125 0.12957763671875 0.0448379516601563
-0.0365943908691406 0.0539779663085938 0.123626708984375 0.045562744140625
-0.0642738342285156 0.00484085083007813 0.0858001708984375 0.126914978027344
-0.0124378204345703 0.00501823425292969 0.0259056091308594 0.0298957824707031
-0.00436878204345703 -0.0066061019897461 -0.0585975646972656 -0.00238037109375
-0.00869560241699219 -0.0197792053222656 -0.0964279174804688 0.021636962890625
-0.0195674896240234 -0.00891876220703125 -0.106834411621094 0.0517044067382813
-0.0153274536132813 0.00855064392089844 -0.0819549560546875 0.10565185546875
0.00211715698242187 0.0218276977539063 -0.0176162719726563 0.115592956542969
0.00946807861328125 0.0263042449951172 0.00864410400390626 0.0890960693359375
0.0196170806884766 0.0304775238037109 0.0301246643066406 0.0677604675292969
0.00732040405273438 0.0440406799316406 0.0373420715332031 0.0541152954101562
-0.0101318359375 0.0514373779296875 0.0544891357421875 0.0307044982910156
-0.0228614807128906 0.0491409301757813 0.0824661254882812 0.0337982177734375
-0.0541763305664063 0.0337028503417969 0.089324951171875 0.0602188110351563
-0.0641860961914063 0.0278396606445312 0.113632202148438 0.049285888671875
-0.0921707153320313 0.0172576904296875 0.0994949340820313 0.0467376708984375
-0.100830078125 -0.0441665649414063 0.0558853149414062 0.117927551269531
-0.0536766052246094 -0.0363883972167969 0.00225830078125 0.0239124298095703
-0.0610694885253906 -0.0273056030273438 -0.0761871337890625 -0.00236511230468749
-0.0542488098144531 -0.0174179077148437 -0.103744506835938 0.0264129638671875
-0.0587425231933594 0.00684356689453124 -0.104286193847656 0.051513671875
-0.0400581359863281 0.0361671447753906 -0.0745468139648437 0.095947265625
-0.0082855224609375 0.0549278259277344 -0.01763916015625 0.100822448730469
0.00149154663085938 0.0614395141601562 0.00372314453125 0.0738067626953125
0.0179557800292969 0.0657157897949219 0.0235824584960937 0.0522575378417969
-0.00187683105468749 0.0727691650390625 0.0344829559326172 0.033294677734375
-0.0288162231445312 0.0806655883789062 0.0545997619628906 0.0140647888183594
-0.0526580810546875 0.0734329223632812 0.086334228515625 0.027252197265625
-0.102569580078125 0.0334396362304688 0.0830078125 0.0636367797851563
-0.106941223144531 0.00763702392578127 0.08782958984375 0.0577316284179688
-0.134132385253906 -0.0201797485351562 0.0600090026855469 0.0397872924804688
-0.123908996582031 -0.0858306884765625 0.0162887573242187 0.092498779296875
-0.0911102294921875 -0.0734405517578125 -0.0283031463623047 0.00689315795898437
-0.115676879882812 -0.0417709350585937 -0.09259033203125 -0.00784301757812499
-0.0972213745117188 -0.0076904296875 -0.108497619628906 0.0256118774414062
-0.0910720825195313 0.0281600952148437 -0.0963668823242188 0.0440750122070313
-0.0577278137207031 0.0623245239257813 -0.0615234375 0.074615478515625
-0.0161209106445312 0.0812225341796875 -0.0166168212890625 0.0724945068359375
-0.00617218017578125 0.08740234375 -0.00239944458007813 0.0477409362792969
0.0125045776367187 0.0906753540039063 0.0150470733642578 0.0273761749267578
-0.0138626098632813 0.08935546875 0.0299472808837891 0.00532913208007813
-0.0463790893554688 0.0950393676757812 0.054443359375 -0.00664520263671874
-0.0754623413085938 0.0843353271484375 0.087677001953125 0.0176467895507813
-0.135208129882813 0.0253067016601562 0.0756454467773437 0.064178466796875
-0.132888793945313 -0.0145263671875 0.0574188232421875 0.0643348693847656
-0.154342651367188 -0.0560760498046875 0.012481689453125 0.0242042541503906
-0.128440856933594 -0.111015319824219 -0.028717041015625 0.0570220947265625
-0.1146240234375 -0.0965652465820313 -0.0641365051269531 -0.0128326416015625
-0.152877807617188 -0.0469207763671875 -0.105377197265625 -0.0153274536132813
-0.124717712402344 0.0059814453125 -0.106346130371094 0.0189437866210938
-0.107498168945313 0.0477294921875 -0.0836639404296875 0.0291595458984375
-0.0635986328125 0.0809478759765625 -0.0478515625 0.0434951782226563
-0.019012451171875 0.0954055786132813 -0.0175018310546875 0.0352592468261719
-0.0128860473632813 0.10009765625 -0.00768184661865234 0.014735221862793
0.00364685058593751 0.102119445800781 0.00774669647216797 -0.00403833389282226
-0.0283279418945313 0.0926589965820312 0.0292682647705078 -0.0258769989013672
-0.0618362426757812 0.0924835205078125 0.0567359924316406 -0.0266876220703125
-0.0915908813476563 0.0769195556640625 0.0870285034179688 0.00883483886718751
-0.150115966796875 0.00633239746093751 0.0660438537597656 0.0612945556640625
-0.1392822265625 -0.0424728393554687 0.0239524841308594 0.0651473999023438
-0.148895263671875 -0.0879058837890625 -0.0356254577636719 0.000423431396484377
-0.110687255859375 -0.116851806640625 -0.0719528198242188 0.0205307006835937
-0.114364624023438 -0.101661682128906 -0.0984725952148438 -0.0295486450195313
-0.15875244140625 -0.0439910888671875 -0.110679626464844 -0.0215835571289063
-0.126045227050781 0.0158843994140625 -0.0980148315429688 0.00647735595703125
-0.103363037109375 0.0559616088867187 -0.0680274963378906 0.00725936889648439
-0.0577239990234375 0.08447265625 -0.03668212890625 0.00674057006835939
-0.019012451171875 0.0934219360351563 -0.0201950073242188 -0.00335311889648437
-0.0174102783203125 0.0975341796875 -0.0113086700439453 -0.0191879272460937
-0.0069732666015625 0.09906005859375 0.0052490234375 -0.0383682250976562
-0.0402450561523437 0.0823287963867188 0.0352745056152344 -0.0558395385742188
-0.073211669921875 0.0755157470703125 0.0646553039550781 -0.0434303283691406
-0.0983428955078125 0.0551376342773438 0.085205078125 0.00223541259765625
-0.145233154296875 -0.019744873046875 0.0545425415039063 0.0545310974121094
-0.1260986328125 -0.0692672729492188 -0.00661849975585939 0.0558624267578125
-0.122146606445312 -0.109481811523438 -0.0741958618164063 -0.03179931640625
-0.0734710693359375 -0.103836059570313 -0.105155944824219 -0.00934600830078125
-0.0901260375976562 -0.0905075073242188 -0.124336242675781 -0.03857421875
-0.130615234375 -0.0367279052734375 -0.107803344726563 -0.0272445678710938
-0.100776672363281 0.016632080078125 -0.0878067016601563 -0.00795745849609375
-0.080596923828125 0.0474395751953125 -0.0552291870117188 -0.0135917663574219
-0.0447616577148438 0.0696372985839844 -0.0309333801269531 -0.0254001617431641
-0.0163955688476563 0.07574462890625 -0.0250205993652344 -0.0374298095703125
-0.0181503295898438 0.0799713134765625 -0.0132865905761719 -0.0488052368164062
-0.0137557983398437 0.0825119018554688 0.00775146484375001 -0.0692062377929688
-0.0428886413574219 0.0637092590332031 0.0477523803710937 -0.0797271728515625
-0.0698394775390625 0.0528526306152344 0.077117919921875 -0.05401611328125
-0.0894699096679688 0.0315093994140625 0.0840301513671875 -0.00423431396484375
-0.1220703125 -0.0393218994140625 0.0447502136230469 0.042144775390625
-0.0981521606445313 -0.084259033203125 -0.0279273986816406 0.0342350006103516
-0.0792236328125 -0.113372802734375 -0.0983352661132812 -0.0684814453125
-0.0203933715820313 -0.076812744140625 -0.121597290039063 -0.0305404663085938
-0.0465507507324219 -0.0692176818847656 -0.1351318359375 -0.0421295166015625
-0.0770339965820313 -0.03131103515625 -0.100326538085938 -0.0331039428710938
-0.0571479797363281 0.00532913208007812 -0.0806808471679688 -0.022186279296875
-0.0478553771972656 0.0218009948730469 -0.0470314025878906 -0.0290069580078125
-0.0303840637207031 0.03900146484375 -0.0299148559570313 -0.0468788146972656
-0.0153961181640625 0.044342041015625 -0.0297203063964844 -0.0609664916992188
-0.01605224609375 0.0504226684570313 -0.0129623413085938 -0.0707321166992187
-0.0142440795898437 0.05511474609375 0.0137252807617188 -0.0932388305664062
-0.0320625305175781 0.0405731201171875 0.0626602172851563 -0.0955886840820313
-0.0512504577636719 0.0322418212890625 0.0900726318359375 -0.0591583251953125
-0.0651206970214844 0.0166473388671875 0.08428955078125 -0.0100326538085937
-0.0869979858398437 -0.0403823852539063 0.0416030883789062 0.025787353515625
-0.060943603515625 -0.07916259765625 -0.03515625 0.00710296630859374
-0.0291061401367187 -0.0974044799804688 -0.103462219238281 -0.104423522949219
-0.0166053771972656 0.0492210388183594 0.104263305664063 0.108863830566406
0.0267486572265625 0.0395317077636719 0.0407485961914063 0.0185699462890625
0.0435066223144531 0.0126724243164063 -0.0451698303222656 -0.0112113952636719
0.0289516448974609 -0.0161552429199219 -0.0883407592773438 0.0135498046875
0.0172214508056641 -0.0189743041992188 -0.100357055664063 0.0521621704101562
0.0107612609863281 -0.0156946182250977 -0.075775146484375 0.106147766113281
0.0118484497070312 -0.0125322341918945 -0.0105972290039062 0.113021850585937
0.0156850814819336 -0.0116729736328125 0.0148086547851562 0.0879974365234375
0.0181522369384766 -0.00818061828613281 0.0327224731445313 0.0678443908691406
0.0162057876586914 0.00755882263183594 0.0388412475585937 0.0598869323730469
0.0138359069824219 0.0140209197998047 0.0533447265625 0.0359725952148438
0.0150527954101563 0.0175275802612305 0.0767288208007813 0.0308990478515625
0.00628280639648437 0.0321044921875 0.0943984985351563 0.05133056640625
-0.00966262817382812 0.0448532104492188 0.126899719238281 0.03997802734375
-0.0323982238769531 0.0516357421875 0.121917724609375 0.0413436889648438
-0.0613441467285156 0.00426864624023438 0.0863113403320312 0.117454528808594
-0.0127058029174805 0.00416660308837891 0.0260162353515625 0.0266056060791016
-0.00571250915527344 -0.00721979141235352 -0.0569915771484375 -0.00242996215820313
-0.0109748840332031 -0.0189552307128906 -0.0930557250976563 0.0223541259765625
-0.0203285217285156 -0.0074920654296875 -0.102401733398438 0.0527877807617187
-0.0146751403808594 0.00988578796386719 -0.0760955810546875 0.10455322265625
0.00242996215820312 0.0218677520751953 -0.0135421752929688 0.111412048339844
0.0100383758544922 0.0259437561035156 0.0118179321289063 0.0848541259765625
0.0197734832763672 0.03021240234375 0.0318450927734375 0.0643806457519531
0.008056640625 0.0429840087890625 0.038970947265625 0.0509872436523438
-0.00846481323242188 0.0510101318359375 0.0543708801269531 0.0283775329589844
-0.0220794677734375 0.0480308532714844 0.081573486328125 0.0300979614257813
-0.0521430969238281 0.0339431762695312 0.08978271484375 0.05615234375
-0.061737060546875 0.0273323059082031 0.112373352050781 0.0449295043945313
-0.08734130859375 0.0187606811523438 0.0988998413085938 0.0432891845703125
-0.09967041015625 -0.0415573120117188 0.0576248168945312 0.108901977539063
-0.0543136596679688 -0.0354156494140625 0.00328063964843749 0.0210723876953125
-0.061279296875 -0.0250129699707031 -0.073394775390625 -0.00169372558593751
-0.0549850463867188 -0.015411376953125 -0.0993728637695313 0.02764892578125
-0.0574150085449219 0.00938034057617188 -0.100357055664063 0.0520095825195313
-0.0383758544921875 0.0374298095703125 -0.0689010620117188 0.0948944091796875
-0.00652694702148438 0.0546684265136719 -0.0133819580078125 0.0963973999023438
0.00378036499023438 0.059783935546875 0.00625610351562501 0.0703277587890625
0.0197677612304688 0.0637283325195313 0.0255584716796875 0.0492095947265625
2.28881835937529E-05 0.071258544921875 0.0354728698730469 0.0311126708984375
-0.0260086059570312 0.0799484252929688 0.0544586181640625 0.0121192932128906
-0.0496673583984375 0.0730667114257813 0.0856170654296875 0.022918701171875
-0.0988616943359375 0.035614013671875 0.0846099853515625 0.059814453125
-0.103172302246094 0.00993347167968752 0.0878753662109375 0.0533447265625
-0.129859924316406 -0.0160675048828125 0.060882568359375 0.0373001098632812
-0.123641967773438 -0.0811233520507813 0.018829345703125 0.0852890014648438
-0.0915374755859375 -0.0690841674804688 -0.0268630981445313 0.00587654113769531
-0.114349365234375 -0.036956787109375 -0.089263916015625 -0.00640869140625
-0.09503173828125 -0.00445556640624999 -0.103515625 0.0265274047851562
-0.0874557495117188 0.0309295654296875 -0.0923309326171875 0.0449905395507812
-0.0546684265136719 0.0629768371582031 -0.0574417114257813 0.0737533569335937
-0.013092041015625 0.0800552368164063 -0.0141868591308594 0.0695877075195312
-0.00287628173828125 0.0852584838867187 -0.000137329101562504 0.0451431274414063
0.0152130126953125 0.088043212890625 0.0164546966552734 0.0247421264648438
-0.0111770629882813 0.0879745483398438 0.0299968719482422 0.00435829162597657
-0.0419235229492188 0.0938949584960938 0.0534706115722656 -0.00782775878906249
-0.0709457397460938 0.0837631225585937 0.0865936279296875 0.0138473510742188
-0.130081176757813 0.02984619140625 0.077606201171875 0.0603561401367187
-0.1292724609375 -0.010528564453125 0.0589103698730469 0.0604515075683594
-0.151351928710938 -0.048858642578125 0.0140800476074219 0.02435302734375
-0.128433227539063 -0.104080200195312 -0.0252037048339844 0.0522537231445313
-0.114608764648437 -0.089996337890625 -0.0621261596679688 -0.0126533508300781
-0.150146484375 -0.03936767578125 -0.101638793945313 -0.0133132934570312
-0.121223449707031 0.0100173950195313 -0.10107421875 0.0198822021484375
-0.102531433105469 0.0505142211914063 -0.080078125 0.02978515625
-0.0590438842773438 0.080841064453125 -0.0453987121582031 0.0423011779785156
-0.0156784057617188 0.09375 -0.0158596038818359 0.0337257385253906
-0.00933837890625001 0.0974044799804688 -0.00591754913330078 0.0137414932250977
0.00736236572265625 0.0986404418945313 0.00870656967163086 -0.00546550750732421
-0.0245208740234375 0.0913162231445312 0.0281238555908203 -0.0260543823242187
-0.0573272705078125 0.0921783447265625 0.0550994873046875 -0.0278053283691406
-0.0865631103515625 0.0776138305664063 0.0857467651367188 0.00417327880859375
-0.145431518554688 0.0117950439453125 0.0674591064453125 0.0579719543457031
-0.136856079101563 -0.0368804931640625 0.0263290405273438 0.06256103515625
-0.147171020507813 -0.080169677734375 -0.0323772430419922 0.00266838073730468
-0.111946105957031 -0.109565734863281 -0.0682868957519531 0.0189399719238281
-0.114822387695313 -0.0941085815429687 -0.0958328247070313 -0.0265960693359375
-0.155120849609375 -0.036529541015625 -0.106796264648438 -0.0186004638671875
-0.121391296386719 0.0189437866210937 -0.093505859375 0.00779724121093748
-0.09820556640625 0.0582656860351562 -0.0655555725097656 0.00889587402343752
-0.05322265625 0.0835418701171875 -0.0357398986816406 0.006683349609375
-0.0151214599609375 0.0914306640625 -0.0203056335449219 -0.00415229797363281
-0.0129013061523438 0.0946044921875 -0.0108680725097656 -0.018585205078125
-0.00308990478515624 0.0959243774414062 0.004364013671875 -0.0381546020507812
-0.0369873046875 0.0812835693359375 0.032623291015625 -0.0557823181152344
-0.0683822631835937 0.0757369995117188 0.0626144409179688 -0.0446395874023437
-0.09344482421875 0.0565948486328125 0.0839767456054688 -0.00179290771484375
-0.141326904296875 -0.014068603515625 0.0559043884277344 0.0517082214355469
-0.124427795410156 -0.0629119873046875 -0.00332260131835938 0.0541877746582031
-0.121688842773438 -0.1016845703125 -0.0709915161132813 -0.027374267578125
-0.075531005859375 -0.09722900390625 -0.101913452148437 -0.00859832763671876
-0.0907821655273438 -0.0834503173828125 -0.120590209960938 -0.0353317260742187
-0.127479553222656 -0.0299911499023438 -0.104209899902344 -0.0243072509765625
-0.0962295532226563 0.0195236206054688 -0.0842971801757813 -0.00589752197265624
-0.075958251953125 0.049346923828125 -0.05328369140625 -0.0124588012695312
-0.04095458984375 0.0686988830566406 -0.0316123962402344 -0.0250148773193359
-0.0137100219726563 0.0735397338867188 -0.0264244079589844 -0.03668212890625
-0.0141677856445313 0.0777435302734375 -0.0136070251464844 -0.0471725463867187
-0.00961303710937501 0.0795516967773438 0.00584793090820312 -0.0673904418945313
-0.0401496887207031 0.0627365112304687 0.043853759765625 -0.0788803100585938
-0.0658454895019531 0.0527572631835938 0.074066162109375 -0.055084228515625
-0.0852508544921875 0.0325546264648437 0.08258056640625 -0.00736236572265625
-0.118766784667969 -0.0326995849609375 0.0462226867675781 0.0401268005371094
-0.09722900390625 -0.0769500732421875 -0.0242786407470703 0.0348358154296875
-0.0812835693359375 -0.106544494628906 -0.0954360961914063 -0.0616989135742188
-0.0228042602539063 -0.0733413696289063 -0.119438171386719 -0.0283432006835938
-0.0477561950683594 -0.0639190673828125 -0.13165283203125 -0.0377044677734375
-0.0744781494140625 -0.0257797241210938 -0.0979080200195313 -0.0297698974609375
-0.0543670654296875 0.00718307495117187 -0.0782623291015625 -0.0199813842773438
-0.0444717407226563 0.023162841796875 -0.0462760925292969 -0.0272865295410156
-0.0277824401855469 0.0382194519042969 -0.0315017700195313 -0.0454292297363281
-0.0134353637695313 0.0426521301269531 -0.0322608947753906 -0.0585556030273437
-0.0134239196777344 0.0485267639160156 -0.0144386291503906 -0.0676116943359375
-0.0115470886230469 0.0526542663574219 0.0101394653320312 -0.0902786254882813
-0.0300254821777344 0.0401458740234375 0.0571670532226562 -0.0943374633789063
-0.0480804443359375 0.0319786071777344 0.0860977172851562 -0.0604324340820313
-0.0616302490234375 0.0168685913085938 0.0830307006835938 -0.0122451782226562
-0.0843353271484375 -0.0355911254882813 0.0421257019042969 0.0247764587402344
-0.0612106323242187 -0.0735244750976563 -0.0323867797851563 0.00965118408203124
-0.0310821533203125 -0.091522216796875 -0.101486206054688 -0.0962905883789063
-0.014892578125 0.0455780029296875 0.102523803710938 0.103034973144531
0.0261955261230469 0.0363426208496094 0.039886474609375 0.0162582397460938
0.0415115356445313 0.0112266540527344 -0.0443916320800781 -0.011566162109375
0.0266685485839844 -0.0155315399169922 -0.0865249633789063 0.0130844116210938
0.0159263610839844 -0.0182476043701172 -0.098541259765625 0.0522003173828125
0.00984668731689453 -0.0150442123413086 -0.0727920532226562 0.105476379394531
0.0117521286010742 -0.0115890502929687 -0.009063720703125 0.109596252441406
0.0150079727172852 -0.0109491348266602 0.0160140991210938 0.0844039916992188
0.0176048278808594 -0.00755691528320312 0.0331878662109375 0.0656890869140625
0.0157203674316406 0.00812435150146484 0.0401725769042969 0.0583381652832031
0.0135250091552734 0.014225959777832 0.0530319213867188 0.0348014831542969
0.0137653350830078 0.0168209075927734 0.0754013061523437 0.0298309326171875
0.0057373046875 0.0303459167480469 0.092742919921875 0.0497512817382813
-0.00918197631835937 0.0427742004394531 0.124496459960937 0.0382156372070312
-0.0294876098632812 0.0494651794433594 0.120513916015625 0.040283203125
-0.0596160888671875 0.00281524658203124 0.0858688354492187 0.110824584960937
-0.012761116027832 0.00220489501953125 0.0257625579833984 0.0241756439208984
-0.00704240798950195 -0.0074310302734375 -0.0557479858398438 -0.00242996215820312
-0.0127277374267578 -0.0170745849609375 -0.09112548828125 0.0216598510742188
-0.0208301544189453 -0.00594520568847657 -0.100715637207031 0.0528717041015625
-0.0144977569580078 0.0109739303588867 -0.0729446411132813 0.103775024414062
0.00259017944335938 0.0222053527832031 -0.0112762451171875 0.107933044433594
0.0103874206542969 0.0260505676269531 0.0131454467773438 0.0817642211914063
0.0202121734619141 0.0296382904052734 0.032928466796875 0.0618820190429688
0.008148193359375 0.0425376892089844 0.0401191711425781 0.0495185852050781
-0.00762557983398438 0.0504684448242188 0.0544967651367188 0.0273590087890625
-0.0216636657714844 0.0472030639648437 0.0807723999023438 0.0282516479492188
-0.0513076782226563 0.0331268310546875 0.0895767211914063 0.0540847778320313
-0.0596694946289063 0.0264892578125 0.110496520996094 0.0421905517578125
-0.0840377807617188 0.0177764892578125 0.0984344482421875 0.0423736572265625
-0.0970535278320313 -0.0408859252929688 0.0574417114257812 0.102409362792969
-0.0536537170410156 -0.0349540710449219 0.00361442565917968 0.0186443328857422
-0.0613288879394531 -0.02398681640625 -0.0713348388671875 -0.00193023681640626
-0.0547447204589844 -0.0138587951660156 -0.0969161987304688 0.0267181396484375
-0.0570144653320313 0.0106468200683594 -0.0977401733398438 0.0517578125
-0.0374526977539062 0.0379257202148438 -0.0659332275390625 0.093505859375
-0.00567245483398438 0.0544929504394531 -0.0116653442382812 0.0933837890625
0.00499725341796875 0.0593070983886719 0.00811004638671875 0.066986083984375
0.0207481384277344 0.0628547668457031 0.0264549255371094 0.0468330383300781
0.000694274902343754 0.0702857971191406 0.0361213684082031 0.0299224853515625
-0.0238189697265625 0.0790863037109375 0.0539093017578125 0.0115509033203125
-0.0480270385742188 0.0717926025390625 0.0847015380859375 0.020965576171875
-0.09674072265625 0.03631591796875 0.0846481323242188 0.057769775390625
-0.101325988769531 0.01007080078125 0.0873336791992188 0.0510177612304688
-0.125892639160156 -0.0148391723632812 0.0612373352050781 0.03680419921875
-0.122276306152344 -0.0781326293945313 0.0191421508789063 0.0789871215820313
-0.091522216796875 -0.0672149658203125 -0.0254726409912109 0.00367546081542969
-0.113265991210937 -0.0344161987304688 -0.0863876342773438 -0.00670623779296874
-0.0942611694335938 -0.00335693359374999 -0.100135803222656 0.0258865356445312
-0.0859375 0.0319976806640625 -0.0904159545898437 0.0441513061523438
-0.0520591735839844 0.0635452270507813 -0.0552825927734375 0.0718917846679687
-0.011871337890625 0.0794677734375 -0.012786865234375 0.0668296813964844
-0.001312255859375 0.0837554931640625 0.00107192993164062 0.0429458618164063
0.017059326171875 0.0858154296875 0.0174465179443359 0.023193359375
-0.0100555419921875 0.0862274169921875 0.0305461883544922 0.00371360778808594
-0.0396194458007813 0.0934371948242188 0.0534439086914063 -0.00884246826171874
-0.0685958862304687 0.0826492309570313 0.0862350463867188 0.0110549926757813
-0.127197265625 0.0311813354492188 0.0787429809570312 0.05792236328125
-0.127326965332031 -0.00925445556640628 0.0593376159667969 0.0581512451171875
-0.1475830078125 -0.0462188720703125 0.0160369873046875 0.0238037109375
-0.127548217773438 -0.100288391113281 -0.0241203308105469 0.0480194091796875
-0.114463806152344 -0.0863189697265625 -0.0598258972167969 -0.0136985778808594
-0.147689819335938 -0.0358428955078125 -0.0978851318359375 -0.0130691528320313
-0.118408203125 0.0103683471679687 -0.0976104736328125 0.0192642211914063
-0.09967041015625 0.0512313842773437 -0.0777206420898437 0.028961181640625
-0.0565719604492187 0.0809173583984375 -0.0435600280761719 0.0409889221191406
-0.0142364501953125 0.0923614501953125 -0.0152645111083984 0.0323333740234375
-0.006378173828125 0.0955810546875 -0.00552845001220703 0.0123939514160156
0.0088958740234375 0.0961227416992188 0.00957012176513672 -0.00618648529052734
-0.0230484008789063 0.0895767211914062 0.0275306701660156 -0.0257091522216797
-0.0551376342773438 0.0917129516601563 0.0543441772460938 -0.0282554626464844
-0.0839462280273438 0.0765228271484375 0.0854644775390625 0.0019378662109375
-0.141098022460937 0.0140228271484375 0.0687484741210937 0.0561027526855469
-0.134483337402344 -0.0345382690429688 0.0280418395996094 0.0604400634765625
-0.145095825195313 -0.075836181640625 -0.0299568176269531 0.00390052795410156
-0.111892700195313 -0.105018615722656 -0.0667266845703125 0.0155792236328125
-0.114341735839844 -0.0893936157226563 -0.0929031372070313 -0.0268707275390625
-0.151824951171875 -0.0319976806640625 -0.102920532226563 -0.0188217163085937
-0.117668151855469 0.020172119140625 -0.0901412963867188 0.00752258300781249
-0.0945510864257813 0.0589141845703125 -0.0634078979492188 0.00813674926757814
-0.0507125854492188 0.0823135375976563 -0.0352630615234375 0.00589370727539062
-0.0137939453125 0.0895538330078125 -0.02001953125 -0.00410842895507812
-0.010589599609375 0.0924072265625 -0.0105609893798828 -0.019073486328125
-0.00128173828125 0.0932540893554688 0.00500869750976563 -0.0375251770019531
-0.0352630615234375 0.08026123046875 0.0316619873046875 -0.0546836853027344
-0.0658111572265625 0.074981689453125 0.0612907409667969 -0.0448150634765625
-0.0909271240234375 0.0559463500976563 0.083404541015625 -0.00395965576171875
-0.137779235839844 -0.01055908203125 0.057281494140625 0.0499496459960938
-0.123252868652344 -0.0595016479492188 -0.00073242187500001 0.0527877807617187
-0.120773315429688 -0.0967636108398438 -0.0676116943359375 -0.0247116088867188
-0.07562255859375 -0.09295654296875 -0.0996856689453125 -0.0103912353515625
-0.089996337890625 -0.0790557861328125 -0.117805480957031 -0.034027099609375
-0.123725891113281 -0.0260086059570313 -0.101676940917969 -0.023712158203125
-0.0928878784179688 0.0200119018554688 -0.08135986328125 -0.00598907470703124
-0.0723342895507813 0.0496597290039063 -0.05194091796875 -0.0125350952148437
-0.0385704040527344 0.0675086975097656 -0.0312824249267578 -0.0256767272949219
-0.0120697021484375 0.0723342895507813 -0.0267257690429687 -0.0353813171386719
-0.0120468139648438 0.074981689453125 -0.0137138366699219 -0.0462417602539062
-0.00800323486328125 0.0769195556640625 0.00505065917968749 -0.0663414001464844
-0.038177490234375 0.06182861328125 0.0414886474609375 -0.077423095703125
-0.0634269714355469 0.0525627136230469 0.0717620849609375 -0.0555191040039063
-0.0827484130859375 0.0324478149414063 0.0823287963867187 -0.00882720947265625
-0.116111755371094 -0.0295944213867187 0.0470123291015625 0.0389022827148438
-0.09613037109375 -0.0728607177734375 -0.0215721130371094 0.0346965789794922
-0.0809249877929688 -0.101615905761719 -0.0918121337890625 -0.058258056640625
-0.0245132446289063 -0.0697364807128906 -0.11724853515625 -0.0278549194335938
-0.0474510192871094 -0.059539794921875 -0.128952026367187 -0.0362319946289063
-0.0723495483398438 -0.02301025390625 -0.0952987670898438 -0.0297317504882812
-0.0518150329589844 0.00766372680664063 -0.076202392578125 -0.01885986328125
-0.0417823791503906 0.0235023498535156 -0.0449638366699219 -0.0270004272460937
-0.0255050659179687 0.0375442504882813 -0.031951904296875 -0.0451698303222656
-0.0129585266113281 0.0418472290039062 -0.0325851440429688 -0.0565147399902344
-0.0113143920898438 0.0467300415039063 -0.0148811340332031 -0.0656318664550781
-0.00962066650390625 0.0505256652832031 0.00923919677734374 -0.0879058837890625
-0.0293197631835938 0.0389404296875 0.0543975830078125 -0.0925216674804688
-0.0462455749511719 0.0313491821289063 0.084014892578125 -0.0609207153320313
-0.0595130920410156 0.0161209106445312 0.081939697265625 -0.0135345458984375
-0.0815277099609375 -0.0329666137695313 0.04248046875 0.0244407653808594
-0.0601234436035156 -0.0690765380859375 -0.0301971435546875 0.0106639862060547
-0.0322647094726562 -0.0874786376953125 -0.09832763671875 -0.0908355712890625
-0.0148239135742188 0.0437088012695313 0.102241516113281 0.100318908691406
0.0257167816162109 0.0345687866210938 0.0396270751953125 0.0154838562011719
0.0401420593261719 0.0102195739746094 -0.044708251953125 -0.0120353698730469
0.0248889923095703 -0.0144557952880859 -0.0870819091796875 0.0133438110351562
0.0149383544921875 -0.0177078247070313 -0.098602294921875 0.0534210205078125
0.00963497161865235 -0.0145816802978516 -0.0714492797851563 0.106285095214844
0.0110311508178711 -0.0109586715698242 -0.00762939453125001 0.108352661132813
0.0145158767700195 -0.01031494140625 0.016510009765625 0.0829010009765625
0.017115592956543 -0.00686454772949219 0.0341148376464844 0.0651092529296875
0.0157442092895508 0.00873470306396485 0.0413131713867188 0.0582847595214844
0.0131196975708008 0.0145940780639648 0.0537452697753906 0.0348396301269531
0.0125789642333984 0.016845703125 0.07513427734375 0.0296554565429687
0.00474739074707031 0.0292320251464844 0.092987060546875 0.0493850708007813
-0.00866317749023437 0.0416297912597656 0.123489379882813 0.0374832153320313
-0.0276985168457031 0.0475425720214844 0.120674133300781 0.0406646728515625
-0.0591506958007813 0.00162887573242187 0.0852432250976563 0.107002258300781
-0.0135822296142578 0.00104618072509765 0.0257949829101563 0.0224704742431641
-0.00851631164550781 -0.00771474838256836 -0.0552978515625 -0.00313186645507813
-0.0142307281494141 -0.016484260559082 -0.0908203125 0.0211715698242188
-0.0219993591308594 -0.00490760803222657 -0.100540161132812 0.0535430908203125
-0.0146446228027344 0.0117483139038086 -0.0716323852539063 0.10418701171875
0.00307273864746094 0.0228214263916016 -0.0099334716796875 0.106727600097656
0.0107688903808594 0.0264911651611328 0.01409912109375 0.0798187255859375
0.0203971862792969 0.0302524566650391 0.0342483520507813 0.0606002807617187
0.00856399536132813 0.0430450439453125 0.0414695739746094 0.0491676330566406
-0.00723648071289062 0.0507583618164063 0.05523681640625 0.026824951171875
-0.0223579406738281 0.047393798828125 0.080780029296875 0.0275802612304688
-0.0514259338378906 0.0331382751464844 0.090057373046875 0.0538864135742187
-0.0595932006835938 0.0256919860839844 0.110580444335938 0.0413742065429688
-0.0824661254882813 0.0169296264648437 0.0989913940429688 0.0421676635742188
-0.0974655151367187 -0.0418167114257813 0.0576400756835937 0.0984039306640625
-0.0546531677246094 -0.0354118347167969 0.00426959991455078 0.0162572860717773
-0.0629196166992188 -0.0238189697265625 -0.0702705383300781 -0.0023345947265625
-0.0563201904296875 -0.0132064819335938 -0.0961151123046875 0.0258560180664063
-0.0577659606933594 0.0116348266601563 -0.0975799560546875 0.0520248413085938
-0.0371208190917969 0.0390205383300781 -0.06494140625 0.0928726196289062
-0.0050506591796875 0.0550613403320312 -0.0110549926757812 0.0920486450195313
0.00580596923828125 0.0595703125 0.00882720947265625 0.06488037109375
0.0212860107421875 0.0630683898925781 0.0274925231933594 0.0451583862304688
0.00119781494140626 0.0703887939453125 0.037567138671875 0.029449462890625
-0.0233688354492188 0.0790863037109375 0.0555610656738281 0.0109901428222656
-0.0478439331054688 0.072235107421875 0.0855331420898438 0.0199356079101563
-0.0961990356445313 0.0369186401367188 0.0862045288085938 0.057159423828125
-0.10101318359375 0.010009765625 0.0880126953125 0.0496063232421875
-0.124931335449219 -0.0147628784179688 0.061767578125 0.0368270874023438
-0.122489929199219 -0.0776519775390625 0.01910400390625 0.0757598876953125
-0.091949462890625 -0.06646728515625 -0.0245399475097656 0.00177192687988281
-0.113372802734375 -0.03289794921875 -0.0850372314453125 -0.007354736328125
-0.0948867797851563 -0.00272369384765626 -0.0985031127929687 0.02508544921875
-0.0854339599609375 0.033203125 -0.08990478515625 0.0439682006835938
-0.0522651672363281 0.0642738342285156 -0.0544357299804688 0.071014404296875
-0.0111160278320313 0.0800628662109375 -0.0122604370117188 0.0656661987304688
0.000305175781249998 0.0833740234375 0.00218963623046875 0.0412406921386719
0.0176010131835938 0.0853347778320313 0.0187225341796875 0.0214176177978516
-0.00959014892578124 0.08648681640625 0.0313186645507813 0.00297546386718751
-0.0384597778320313 0.0938949584960938 0.0542945861816406 -0.00905227661132812
-0.0680160522460938 0.0830917358398437 0.0870437622070313 0.00917053222656251
-0.126556396484375 0.0327529907226563 0.0801925659179687 0.0572052001953125
-0.126602172851563 -0.00827026367187502 0.0609169006347656 0.0569381713867188
-0.146926879882813 -0.0451202392578125 0.0173053741455078 0.0245037078857422
-0.128959655761719 -0.09832763671875 -0.0241241455078125 0.0443763732910156
-0.115280151367187 -0.0844268798828125 -0.0593070983886719 -0.0151443481445313
-0.147262573242188 -0.0332794189453125 -0.0962982177734375 -0.0140304565429688
-0.118194580078125 0.0108489990234375 -0.096282958984375 0.0182876586914062
-0.0989837646484375 0.0523681640625 -0.0771560668945313 0.0287399291992188
-0.0559921264648438 0.0814132690429688 -0.0430564880371094 0.0398368835449219
-0.0128326416015625 0.09295654296875 -0.0155982971191406 0.0316390991210938
-0.00501251220703124 0.0952682495117188 -0.00442600250244141 0.0110769271850586
0.0102462768554687 0.0953369140625 0.0100183486938477 -0.00720691680908202
-0.0222854614257813 0.0897140502929687 0.0279006958007813 -0.0262012481689453
-0.0535507202148437 0.0917434692382813 0.0551033020019531 -0.0292167663574219
-0.083221435546875 0.07684326171875 0.0861053466796875 0.000625610351562505
-0.14068603515625 0.0159454345703125 0.0709075927734375 0.0555419921875
-0.134605407714844 -0.033660888671875 0.0295677185058594 0.0598945617675781
-0.1446533203125 -0.074066162109375 -0.0278530120849609 0.00487327575683593
-0.11285400390625 -0.102943420410156 -0.0663871765136719 0.0134658813476563
-0.115165710449219 -0.0870285034179688 -0.0917816162109375 -0.027984619140625
-0.150970458984375 -0.0294189453125 -0.101394653320313 -0.0198287963867188
-0.116943359375 0.0207977294921875 -0.0888748168945313 0.00669097900390623
-0.092926025390625 0.0597915649414062 -0.0630569458007813 0.00802612304687502
-0.049560546875 0.0826187133789063 -0.0352783203125 0.00470352172851564
-0.01251220703125 0.0897903442382813 -0.0203056335449219 -0.00440025329589843
-0.00897216796875 0.0918502807617188 -0.0101089477539063 -0.0191097259521484
-4.57763671875043E-05 0.0918426513671875 0.00526046752929688 -0.0382194519042969
-0.034423828125 0.0802154541015625 0.0316009521484375 -0.0543556213378906
-0.0648727416992188 0.075592041015625 0.0614547729492187 -0.0458641052246094
-0.0899276733398438 0.0559539794921875 0.083770751953125 -0.00586700439453125
-0.136917114257813 -0.00910186767578125 0.0591049194335937 0.049774169921875
-0.122734069824219 -0.0578079223632812 0.00114440917968749 0.0529670715332031
-0.121009826660156 -0.0945205688476563 -0.0659141540527344 -0.023223876953125
-0.0769577026367187 -0.090728759765625 -0.100059509277344 -0.0117416381835938
-0.0908432006835938 -0.075775146484375 -0.116813659667969 -0.0346603393554688
-0.122772216796875 -0.0231781005859375 -0.100082397460938 -0.0244979858398437
-0.0917892456054687 0.0207595825195312 -0.0807342529296875 -0.00691986083984376
-0.0701560974121094 0.0501976013183594 -0.0510711669921875 -0.0128173828125
-0.0368614196777344 0.0675392150878906 -0.0319118499755859 -0.0261936187744141
-0.0115509033203125 0.0718994140625 -0.02801513671875 -0.0352363586425781
-0.0111618041992187 0.0743560791015625 -0.0132675170898438 -0.0461349487304688
-0.0070953369140625 0.075897216796875 0.00487518310546875 -0.0663032531738281
-0.0380134582519531 0.0622215270996094 0.0413360595703125 -0.07708740234375
-0.062744140625 0.0526885986328125 0.072540283203125 -0.0568389892578125
-0.0815887451171875 0.032135009765625 0.0827178955078125 -0.0100860595703125
-0.114990234375 -0.0275115966796875 0.0488357543945312 0.0393562316894531
-0.0960540771484375 -0.0714263916015625 -0.0195846557617188 0.03564453125
-0.0813369750976562 -0.0994186401367188 -0.0898971557617188 -0.056243896484375
-0.0256004333496094 -0.068145751953125 -0.116981506347656 -0.028533935546875
-0.048065185546875 -0.0572357177734375 -0.127792358398438 -0.03607177734375
-0.0707015991210938 -0.0209579467773437 -0.0948562622070313 -0.0296478271484375
-0.0507888793945313 0.00786972045898436 -0.0756607055664063 -0.0190963745117188
-0.0405464172363281 0.024017333984375 -0.0451927185058594 -0.0276260375976563
-0.0240707397460938 0.0376853942871094 -0.0328941345214844 -0.0454940795898437
-0.0118980407714844 0.0412826538085938 -0.0337562561035156 -0.0557327270507813
-0.0110206604003906 0.0456809997558594 -0.0147514343261719 -0.0655097961425781
-0.009368896484375 0.0494422912597656 0.00894165039062501 -0.0872116088867188
-0.0287742614746094 0.0384254455566406 0.053131103515625 -0.0922698974609375
-0.0452919006347656 0.030853271484375 0.0842132568359375 -0.061676025390625
-0.0586509704589844 0.01605224609375 0.0823974609375 -0.0140380859375
-0.08026123046875 -0.0305862426757813 0.0437774658203125 0.025146484375
-0.0596923828125 -0.0673561096191406 -0.0283603668212891 0.0115146636962891
-0.0329132080078125 -0.0856170654296875 -0.097076416015625 -0.0886077880859375
-0.0137786865234375 0.0426406860351562 0.104095458984375 0.0973968505859375
0.0259361267089844 0.0331325531005859 0.0403671264648437 0.0134963989257813
0.0395469665527344 0.00853729248046875 -0.0463790893554687 -0.0120773315429688
0.0234394073486328 -0.0144138336181641 -0.0882568359375 0.0145950317382812
0.0135421752929688 -0.0174951553344727 -0.0996322631835938 0.0565719604492188
0.00911998748779297 -0.0138988494873047 -0.0696640014648437 0.109977722167969
0.0110559463500977 -0.0103864669799805 -0.00567626953125 0.109405517578125
0.0146389007568359 -0.00990200042724609 0.018402099609375 0.0825729370117188
0.0170087814331055 -0.00653839111328125 0.0364799499511719 0.0649375915527344
0.0163154602050781 0.00899505615234375 0.0443382263183594 0.0579643249511719
0.013300895690918 0.0149803161621094 0.0552253723144531 0.0344696044921875
0.0117378234863281 0.0168571472167969 0.0769805908203125 0.0291290283203125
0.00496292114257813 0.0290107727050781 0.0953292846679688 0.0490036010742188
-0.00772476196289063 0.0408515930175781 0.125091552734375 0.035614013671875
-0.026519775390625 0.04718017578125 0.122901916503906 0.0404815673828125
-0.0604324340820313 0.00108718872070312 0.087646484375 0.104583740234375
-0.0142965316772461 0.000175476074218751 0.0264492034912109 0.0202579498291016
-0.0102195739746094 -0.00833606719970703 -0.0562400817871094 -0.00254440307617189
-0.0158014297485352 -0.0154104232788086 -0.0914764404296875 0.0220947265625
-0.0230808258056641 -0.00419998168945312 -0.101318359375 0.0561981201171875
-0.0150976181030273 0.0129575729370117 -0.0703506469726563 0.106796264648438
0.00386810302734375 0.0240383148193359 -0.00780487060546876 0.107208251953125
0.0113334655761719 0.0271568298339844 0.015869140625 0.0792770385742188
0.0214939117431641 0.0305671691894531 0.0360069274902344 0.0596923828125
0.00924301147460937 0.0440483093261719 0.0440483093261719 0.0488319396972656
-0.00632476806640625 0.0519905090332031 0.0569725036621094 0.0261497497558594
-0.0225830078125 0.0482101440429688 0.0828628540039063 0.0259780883789063
-0.0513916015625 0.0342369079589844 0.0932769775390625 0.05322265625
-0.0598869323730469 0.0262870788574219 0.112457275390625 0.0398483276367188
-0.08233642578125 0.0176620483398437 0.101280212402344 0.0421218872070313
-0.0994796752929687 -0.0414047241210938 0.0592269897460937 0.095306396484375
-0.0569229125976563 -0.0353851318359375 0.00472640991210937 0.0147228240966797
-0.064666748046875 -0.0226402282714844 -0.0706253051757812 -0.0023040771484375
-0.0582504272460938 -0.0122604370117187 -0.0959320068359375 0.026824951171875
-0.0587654113769531 0.0139999389648437 -0.0986099243164062 0.0544357299804688
-0.036773681640625 0.0410308837890625 -0.0636749267578125 0.095184326171875
-0.00382995605468749 0.0565338134765625 -0.00898742675781251 0.0928878784179687
0.00711822509765625 0.0605049133300781 0.0103797912597656 0.0640335083007813
0.0236244201660156 0.0629310607910156 0.0294342041015625 0.0442924499511719
0.00272369384765625 0.07177734375 0.0393409729003906 0.0288925170898438
-0.0216751098632813 0.0813522338867187 0.0570297241210937 0.00952529907226563
-0.0481796264648437 0.074310302734375 0.0875091552734375 0.017608642578125
-0.0967254638671875 0.0394515991210938 0.08941650390625 0.0562896728515625
-0.102119445800781 0.0112457275390625 0.0902633666992188 0.0484542846679688
-0.126266479492188 -0.0127105712890625 0.0648269653320312 0.036773681640625
-0.126022338867188 -0.07611083984375 0.0207138061523437 0.0728225708007813
-0.0948028564453125 -0.0656585693359375 -0.0249423980712891 -3.24249267578175E-05
-0.116355895996094 -0.030059814453125 -0.0848236083984375 -0.00693511962890625
-0.0971908569335938 -0.00116729736328124 -0.0986480712890625 0.0258255004882813
-0.0863037109375 0.0361557006835938 -0.0901336669921875 0.0463333129882813
-0.051849365234375 0.0666236877441406 -0.053955078125 0.0718460083007813
-0.00889587402343749 0.0819015502929688 -0.0110130310058594 0.0660324096679688
0.00225830078125 0.0849456787109375 0.00294113159179687 0.0397796630859375
0.0198516845703125 0.085662841796875 0.0200843811035156 0.0202922821044922
-0.00811767578125 0.0879898071289063 0.0329036712646484 0.00256919860839844
-0.0369186401367187 0.0960769653320313 0.0555267333984375 -0.0110244750976562
-0.0680694580078125 0.0855255126953125 0.0887451171875 0.00670623779296875
-0.127197265625 0.0362548828125 0.0841522216796875 0.0566253662109375
-0.12908935546875 -0.00660705566406249 0.0633163452148437 0.0557823181152344
-0.149444580078125 -0.0434112548828125 0.0194282531738281 0.0252571105957031
-0.133476257324219 -0.0968246459960938 -0.0235443115234375 0.0425033569335937
-0.118476867675781 -0.0822830200195313 -0.0596656799316406 -0.016143798828125
-0.14935302734375 -0.0297698974609375 -0.09637451171875 -0.014068603515625
-0.119644165039063 0.0137939453125 -0.095916748046875 0.0186080932617187
-0.098724365234375 0.0562820434570312 -0.0774612426757813 0.0298843383789063
-0.054595947265625 0.0836105346679688 -0.0431785583496094 0.0398406982421875
-0.0107498168945313 0.0944976806640625 -0.0150985717773438 0.0313167572021484
-0.00218963623046874 0.0963134765625 -0.00422477722167969 0.0102415084838867
0.0127487182617188 0.0969085693359375 0.0105047225952148 -0.00867843627929687
-0.020904541015625 0.0917205810546875 0.0284023284912109 -0.0272235870361328
-0.052001953125 0.094573974609375 0.0560302734375 -0.0312843322753906
-0.0830764770507812 0.079498291015625 0.0871963500976563 -0.00231170654296875
-0.141815185546875 0.0198822021484375 0.074493408203125 0.0541000366210937
-0.137107849121094 -0.0309295654296875 0.0326957702636719 0.05950927734375
-0.148223876953125 -0.072021484375 -0.0267982482910156 0.00623512268066406
-0.117507934570313 -0.100669860839844 -0.0673751831054688 0.0121574401855469
-0.118301391601563 -0.084625244140625 -0.0928955078125 -0.0283584594726563
-0.152069091796875 -0.0252227783203125 -0.102462768554688 -0.0194549560546875
-0.117774963378906 0.023040771484375 -0.0885848999023438 0.00690460205078126
-0.0914993286132813 0.0625228881835937 -0.0637092590332031 0.00816726684570313
-0.0482864379882813 0.0853805541992188 -0.0361480712890625 0.00439071655273438
-0.0101089477539062 0.0916595458984375 -0.0217781066894531 -0.00462913513183594
-0.0062408447265625 0.0926666259765625 -0.0103225708007813 -0.0203075408935547
0.00242614746093751 0.0925521850585938 0.00523757934570312 -0.0393943786621094
-0.0338287353515625 0.0824661254882813 0.0312728881835938 -0.0557708740234375
-0.0636215209960938 0.0782470703125 0.0620765686035156 -0.048431396484375
-0.0904617309570313 0.0584640502929687 0.0856094360351563 -0.0086212158203125
-0.138008117675781 -0.00518035888671872 0.0623054504394531 0.0494003295898438
-0.125465393066406 -0.0556182861328125 0.00363159179687499 0.0530014038085938
-0.124908447265625 -0.0925827026367188 -0.0655860900878906 -0.0211410522460938
-0.0802536010742187 -0.0891494750976563 -0.10137939453125 -0.0122604370117187
-0.0929107666015625 -0.0730743408203125 -0.118453979492188 -0.0342025756835937
-0.123443603515625 -0.0194091796875 -0.100875854492188 -0.024322509765625
-0.0921249389648438 0.0225143432617187 -0.0807723999023438 -0.00651550292968749
-0.0690383911132812 0.0525016784667969 -0.051849365234375 -0.0132255554199219
-0.0355148315429688 0.0688362121582031 -0.0338821411132813 -0.0268630981445312
-0.00978851318359375 0.0727767944335938 -0.0293731689453125 -0.035186767578125
-0.0090179443359375 0.0746536254882813 -0.0147323608398438 -0.0466194152832031
-0.00527191162109375 0.075836181640625 0.00432968139648437 -0.0669898986816406
-0.0374908447265625 0.0632438659667969 0.039947509765625 -0.0789031982421875
-0.0623550415039062 0.0547866821289063 0.0720138549804688 -0.0599517822265625
-0.0818557739257813 0.0337905883789062 0.0844802856445313 -0.0128707885742187
-0.115737915039063 -0.0248565673828125 0.0512542724609375 0.0393905639648438
-0.0982818603515625 -0.068939208984375 -0.0171890258789063 0.0359039306640625
-0.0846633911132813 -0.0976715087890625 -0.0903854370117188 -0.053985595703125
-0.0277061462402344 -0.0668449401855469 -0.118949890136719 -0.028564453125
-0.0489387512207031 -0.0553398132324219 -0.130180358886719 -0.0356826782226563
-0.0710067749023438 -0.0184173583984375 -0.0961837768554688 -0.0297088623046875
-0.050323486328125 0.0085296630859375 -0.07659912109375 -0.0187911987304687
-0.0394973754882813 0.025115966796875 -0.0462493896484375 -0.0275421142578125
-0.0229682922363281 0.0377616882324219 -0.0353851318359375 -0.0466690063476562
-0.0111770629882813 0.0419769287109375 -0.0360641479492187 -0.0558395385742188
-0.00959396362304688 0.04541015625 -0.015655517578125 -0.0652580261230469
-0.00838088989257813 0.0493049621582031 0.00690460205078125 -0.0880661010742187
-0.0286865234375 0.0394096374511719 0.0515823364257813 -0.0940933227539063
-0.0455474853515625 0.0315208435058594 0.0835342407226562 -0.0647506713867188
-0.0580863952636719 0.0160636901855469 0.0835418701171875 -0.0159912109375
-0.0802688598632813 -0.0291824340820313 0.0458908081054687 0.0253791809082031
-0.0614509582519531 -0.065582275390625 -0.0268630981445313 0.0126113891601562
-0.0351028442382812 -0.0845947265625 -0.0982894897460938 -0.086273193359375
0.0271118779057768 -0.0193431471195354 -0.0273414087745951 0.136958576845275
0.00542488504705076 -0.0405141222561498 0.000265584841139458 0.0434335794238236
-0.0110571735959687 -0.036662640480808 -0.0189562983578929 -0.0429248418444528
-0.0200536214165808 -0.0122500613894074 -0.0568837182114999 -0.0656704788013779
-0.0126628243472209 -0.00422121257975161 -0.106840581868843 -0.057284898554375
-0.00724010895928447 -0.00874548080416767 -0.128679634567793 -0.010137567275079
-0.0147189368331415 -0.0111141883895452 -0.104882427608664 0.0355119879321187
-0.0175799573523224 -0.00975139552996472 -0.0695513115374334 0.0584687161073417
-0.0164317692600562 -0.0164503152471963 -0.045978031418902 0.0635773507797376
-0.00638431951849576 -0.0215327228580397 -0.0307264497006823 0.0663615744514569
0.000374915657782466 -0.0219153427531213 -0.00764618607991599 0.0676603693237135
0.00358662944032149 -0.0219844178803991 0.00771055252214919 0.0849141134272305
0.0106203300254161 -0.0282177237588855 0.0097549136950273 0.10400585241978
0.0282791307164153 -0.0198354901333232 0.029836587360253 0.121094541071463
0.0417611964171134 -0.00369963564750318 0.043923222653434 0.113989239657523
0.0200528468400775 0.0387023439697589 -0.0331289894704965 0.124085026348515
0.00612568610301243 0.011893069349272 -0.00221308447979909 0.0319515220391563
0.00527917701640476 0.0131537157313417 -0.0233173554430601 -0.0564204271832297
0.00663684932888394 0.0224158780853473 -0.0591651108906862 -0.0742765828850073
0.0250889440089763 0.0130679937788549 -0.108089499439216 -0.0654140274845981
0.0290863299009752 -0.00668824446555733 -0.128022928823532 -0.0174416157361019
0.020257865318195 -0.0230733700118306 -0.106565786783233 0.0271581622032124
0.0108209168733604 -0.0313299900637815 -0.0708664862484185 0.0517594871340726
0.0129637305669829 -0.0414370514700733 -0.0441848257360507 0.0579086310905893
0.0253053477438069 -0.0381805172576692 -0.0254240818745679 0.0571432481327285
0.0405908873725114 -0.0324427837563169 -0.00012171165299547 0.0602873861540555
0.0515847677508295 -0.0116317903681037 0.0149456554727197 0.0809408985181417
0.055031016791935 0.00481877369468561 0.00938952668923478 0.10057685754632
0.0486104210849957 0.0276200489748731 0.0265144694162809 0.11109202641838
0.047633024072483 0.0536940614370708 0.0360456563475275 0.10174131988786
0.011142348108751 0.0935303806892885 -0.0320031196514858 0.0928365505549455
0.00639246400462015 0.0694521419061834 0.00378141229688715 0.00620794458768569
0.0268865448044896 0.0666476992700734 -0.0216596892586775 -0.0798099110299604
0.0396618414653858 0.0558877661265179 -0.0607539403399314 -0.0877655910525099
0.0635420243637677 0.0258636686608939 -0.106117317233583 -0.0694968364328653
0.0630431579221875 -0.00667123525211538 -0.116893395815094 -0.0225136085828111
0.0531431263800149 -0.0327301451469482 -0.095044844775019 0.0159174125415444
0.0376294084315136 -0.0486539740647354 -0.0614400375721646 0.038107379939356
0.0394787095753489 -0.0602188923110224 -0.0348594132886048 0.042880471433204
0.0520925994655113 -0.0499031840168958 -0.0116186004364329 0.0402833974366102
0.071774774510752 -0.0406745922076656 0.0135662016580815 0.0471710156376545
0.088693338410616 -0.00574880346695629 0.0261766563363709 0.0752778771421999
0.0907362411274266 0.0302075757136738 0.00767248283220185 0.0961216312925184
0.0640948390382807 0.0674297456680899 0.0136764132694959 0.0962083647569535
0.0479572226040313 0.102331323365157 0.022763046192233 0.0736970793674957
0.00203595965946222 0.134401726352368 -0.0278351483767392 0.0472117489012456
0.0100077130293058 0.119405832215796 0.0126910625086334 -0.0305428965935195
0.0521519928765423 0.113011399629599 -0.0170308038708696 -0.107149442262305
0.0769411080304011 0.0810660225010093 -0.0590547102911845 -0.101524789839039
0.098744279600404 0.0303917222557819 -0.0958950611446165 -0.0722512859563552
0.0907617779653467 -0.00978215685582937 -0.0945352161115561 -0.0281854056854366
0.0785254824588534 -0.0397276460134841 -0.0725289279058438 0.000573170767170515
0.0590010291726752 -0.0594724469697649 -0.0437450959413415 0.018104726397396
0.0609280448149475 -0.0692988151410805 -0.0187285648597842 0.0211155311264563
0.0727482364187435 -0.0503428267257197 0.00726812073607094 0.0185773946156196
0.0929759457391123 -0.0386093163650871 0.0323023626266926 0.0329181304468899
0.110496225663754 0.0045955046408457 0.0385401360504283 0.0672637564048431
0.110972211964275 0.0530286929128749 0.00759530537059533 0.0900653715745833
0.0681330150966614 0.0975398413464868 -0.00260182331244679 0.0776633011372813
0.0390998039959096 0.135524671304319 0.00800359834234855 0.0358119184437641
-0.00513617368393983 0.153774821382678 -0.023521676855863 -0.00710874504205258
0.0156453192661881 0.149254235029251 0.0164616066646739 -0.072775551425278
0.0737906491573094 0.139976223236065 -0.013475062845736 -0.128553517672703
0.104710557931922 0.09097365499873 -0.0519904716509771 -0.110566281929023
0.120244309450975 0.0259557830654557 -0.0764256037455731 -0.0716981764297747
0.103889388436646 -0.0148328550831972 -0.0629652671649031 -0.0350831830339165
0.0904909018769973 -0.0431854083506606 -0.0427038738809032 -0.016909665445681
0.0704850802519716 -0.0611782131059762 -0.0195596039945604 -0.00402195918891841
0.0736802887069787 -0.0663640319230428 0.00450384688284304 -0.001128749829404
0.0849503922872118 -0.0410433942711936 0.0315133822144246 -0.000853403867593372
0.101970342693594 -0.0250210674815431 0.053510043939206 0.0218595940393255
0.114733368157235 0.0223625701164122 0.0489688235921094 0.0603720845290348
0.111079141585953 0.0744312873228463 0.00613936619041497 0.0806219458110198
0.0565739824786154 0.118080824275073 -0.0189103478833313 0.0555502175515038
0.0195200806786937 0.149036891285911 -0.00512346161256052 -0.0077767893914763
-0.0105391190220802 0.144985240019433 -0.0238825226050093 -0.0585992504456785
0.0176781978049333 0.150341885100276 0.0109105093942087 -0.10972850428522
0.0798777447851675 0.139904222355575 -0.012507960985028 -0.138157050384597
0.110360927624982 0.0831296365907978 -0.040540930490254 -0.110132874610183
0.119038421644834 0.0182233181063432 -0.0500035277338846 -0.0705477647615909
0.0991379814413091 -0.0171565632048636 -0.0288685971637234 -0.0445610898585215
0.0876023960970116 -0.0396678878471322 -0.0109998863823243 -0.0349989070801328
0.071632467685075 -0.0535824285565123 0.00753660157907235 -0.0245537088246369
0.0762456145278881 -0.0532659293165212 0.0313783070338369 -0.0195070296524597
0.0860623031727064 -0.0231067851842045 0.0586854808986069 -0.0121482506222277
0.0972077102424379 -0.00448331273841126 0.0750009208750945 0.0194781046855268
0.100628614652718 0.0421637818899536 0.0565377349954237 0.0575762121338684
0.0922392707277539 0.0903409286775087 0.00483146047646335 0.0699761940527832
0.0328281533012601 0.123498890192861 -0.0278389128716468 0.0304937989974865
-0.00583318580338917 0.14191055697844 -0.00946141827070628 -0.0516450167538001
-0.015873968885417 0.111630556624093 -0.0271268482568209 -0.0977888696018592
0.0133392412422104 0.122097808842045 -0.00149781574935116 -0.133601290233888
0.0669441567694807 0.112175067771319 -0.0123938450910325 -0.134142875379289
0.0906979874456128 0.0623191279299276 -0.0272975332003186 -0.103347024117206
0.0935505262232836 0.0114833041463853 -0.0226440000892944 -0.0677178029580877
0.077574049119494 -0.0131966425234965 0.00151944040058378 -0.0530736134736379
0.0710999187358437 -0.0281956798028855 0.0163225410520992 -0.0508748224275142
0.0607375699100752 -0.0383323894128997 0.0321908686609369 -0.0402892883477482
0.066013067234111 -0.0348522338995343 0.058831135660305 -0.0312216362579629
0.0730349459144496 -0.00688206055471368 0.0842837549389835 -0.0139472339078285
0.0781402305522886 0.0112626937994008 0.0931225649899246 0.0261738787809656
0.0743308135208715 0.0506632295970171 0.0609026473268984 0.058151546648589
0.0636365518193552 0.0900417541783743 0.0070912967206136 0.0585834347090053
0.00823393555117405 0.11190128481405 -0.0262940868799466 0.00657557008783531
-0.0276307286413741 0.115206667609278 -0.00326636117047814 -0.0894497871600114
-0.0238656718052673 0.0588109501221563 -0.0313686280151382 -0.117272111228691
0.00067216488034883 0.0743124292136019 -0.0153122920741176 -0.140150711615322
0.0365109626751032 0.0684941442703768 -0.0114321970846633 -0.120547621316765
0.0493803590869367 0.0374664923812783 -0.0167410458660389 -0.0928316947199332
0.0515004542577028 0.012092560590462 -0.00268519542134538 -0.0651864540509681
0.0460457395876382 -0.00133010861247302 0.0219822211016666 -0.0592173053508096
0.0448271855771412 -0.00929081207878559 0.0365464836571582 -0.0604166622451905
0.0403605755875088 -0.0174652546687918 0.0517972720290475 -0.0491635386109882
0.0444193246213731 -0.0151054151406254 0.0819007562696562 -0.0351617240160405
0.0476301805858189 0.0030080944362825 0.104212781858249 -0.00763661725692608
0.0492140812541701 0.0141493036427457 0.103582613691601 0.0383682954840018
0.0445636699641117 0.0409491564338038 0.0624262078754215 0.0613732489735275
0.0347780639339703 0.0702429673205768 0.0122955400160329 0.0490862425004214
-0.0109879033655733 0.0823197725381905 -0.0148019985162323 -0.0120885476098846
-0.0412843254330809 0.0718607032523189 0.0114575441613312 -0.115438443208416
0.0252692828762208 -0.0196112363556265 -0.0190528105866138 0.135922374808757
0.00291427393447232 -0.0391577149220859 0.00384770733199422 0.0421327012738245
-0.0123816153781133 -0.0347280448896331 -0.0213751326311921 -0.042285982125935
-0.0194762251840685 -0.0106608446928191 -0.0594862782763458 -0.0637972177849851
-0.0114944848966363 -0.00295322033759756 -0.109762410501972 -0.0511564564805626
-0.00711850085801891 -0.00829178463430934 -0.128360803501967 -0.00249143181175207
-0.0145482778404314 -0.0103675281006877 -0.101577554519298 0.0403918616969997
-0.0175807374374815 -0.00889216557461963 -0.0658855459444919 0.0609669824983953
-0.0164960095769932 -0.0153405594284212 -0.0422425242828509 0.065963984093627
-0.00741844346983258 -0.0215410848725985 -0.0268230051596972 0.0684131245337988
-0.000874197822492494 -0.0216475620906977 -0.00408948310290066 0.0680891868730668
0.00319783835215514 -0.0217711856115982 0.0125296410770298 0.0842181728607674
0.00944214960021125 -0.0279915092581215 0.0148484335754402 0.102772810527886
0.0262966228034492 -0.0201980077624855 0.0348402186103437 0.118522308426077
0.0396905080354549 -0.00540044426700009 0.0491027927460093 0.112368250155722
0.0217016429127605 0.0383870649643157 -0.0248372192877515 0.122972695064534
0.00635923397752988 0.0135343660386165 0.000845188108099889 0.0308707276504618
0.00674855443353501 0.0142838867785984 -0.0248719790752852 -0.0555642927577802
0.00956413987294415 0.0226088053321496 -0.0624497690112849 -0.0716845706963716
0.02671409982412 0.011620420631661 -0.11182061167306 -0.0593960786211212
0.0291581103413968 -0.0089428178172906 -0.128468170973275 -0.0103534207790232
0.0195158961943945 -0.0244741241341265 -0.103770468887613 0.0322259089361303
0.00948532337891848 -0.0316487251539324 -0.0660952507553676 0.0547049695804736
0.0107421738466888 -0.0420596127094926 -0.0400486577136528 0.0602204367189777
0.023598850598346 -0.0396580224874599 -0.0212053012276732 0.0592032451155479
0.0386085399954355 -0.0349260539600353 0.00320041346493841 0.0602693102302462
0.0514728430284879 -0.0145244704016563 0.0193216687869766 0.0799979304454611
0.0548584142808935 0.00203314748969276 0.0145199637380426 0.100195890402087
0.0490233445140164 0.0259651034311285 0.031900640549282 0.10927505523353
0.0494457166122105 0.0512358849687928 0.0408453637794086 0.100584843318806
0.0158154863417516 0.0932940452710312 -0.0252128139059376 0.0922538755449164
0.0100470408145566 0.0698706367717148 0.00564007629784884 0.00507207366221227
0.0310924959702928 0.0654973373825342 -0.0244412463460827 -0.0785501578072136
0.0439628012528667 0.0544609423471747 -0.0638300441331724 -0.0850340462082148
0.0659078089365866 0.0219517524582659 -0.109726137922975 -0.0639183785305804
0.0642833169761199 -0.0103887445880825 -0.11717680227607 -0.0160031978314926
0.0518355521896296 -0.0358996482537019 -0.0930840349766703 0.0207363604068236
0.0350202577794762 -0.050806216300505 -0.05790692075894 0.0404897661386852
0.0358541013097561 -0.0625116483735756 -0.0308514135076998 0.0441291922969905
0.0496658822295918 -0.0524368844422046 -0.00892800011096937 0.0414418708335624
0.0691396725840385 -0.0447762987768295 0.0166796335246987 0.0469843312976271
0.0889803386506193 -0.00986255502387169 0.0312278046803776 0.0727352611146684
0.0922507697803104 0.0255266120754658 0.013795862054387 0.0955810112977576
0.0671223864856261 0.0650388162595446 0.0185763704828727 0.0946752009306989
0.0526107554634238 0.0997032679346231 0.0269796311076456 0.0740500992125493
0.009805239775301 0.134238174032574 -0.023020838424223 0.0455731963630503
0.0162482602512459 0.1186424406623 0.0124945613505296 -0.0318475206481449
0.0589179559665408 0.109756200297239 -0.0214526233595988 -0.105610977720323
0.0816003816926818 0.0775603906793808 -0.0623526566546227 -0.0980921972959677
0.100413037501228 0.0242180702497685 -0.0993390493711625 -0.0667993950230476
0.0902498372269883 -0.0148524214459677 -0.0948828113867977 -0.0229003441379548
0.0760342158330756 -0.0448416865149617 -0.0711611570313583 0.00458221646227459
0.0552914210200465 -0.0628765837085172 -0.0406775764494672 0.0197239185900997
0.0565846325894965 -0.0723765978602682 -0.0158132723742172 0.0220602491995604
0.0703978596949549 -0.0543927277423889 0.00903608237260283 0.0185639996740477
0.090147432893738 -0.0441176992482146 0.0350811571971775 0.0316505008661724
0.11084372600789 -0.00154119344768704 0.0427688429177411 0.0644605502446614
0.11356936617845 0.0464681212779993 0.0136051485598072 0.0897994398948594
0.0732835861992356 0.0948016800900158 0.0021230569953611 0.0777433060353198
0.0459373773328198 0.132673939200891 0.0101700047744179 0.0367094716865702
0.00483084747690174 0.15404569120815 -0.0220263337025679 -0.00836922629331814
0.0240434707113943 0.147633837894571 0.013985968201731 -0.0738435284749225
0.0813840020586042 0.13483684555346 -0.0183258448672074 -0.12721161214476
0.109397374791174 0.0853053833840105 -0.0558995225547712 -0.107670522198705
0.121167996166199 0.0185754765270518 -0.079577099197039 -0.0673665362630716
0.10297094932322 -0.0207698461049062 -0.0641485342743389 -0.032295364387763
0.0878715346500045 -0.0486676921443449 -0.043126503914725 -0.0146622183442054
0.0666458765736188 -0.0655205676975789 -0.0188759255609093 -0.00305506721803253
0.0687809482713549 -0.0706854136172421 0.00544157710087194 -0.00152317812641097
0.0827596999985571 -0.0458245800304276 0.0318670511801735 -0.00241639889164691
0.0998958528892041 -0.030945295416322 0.0554480997336525 0.0189865656510003
0.116061111664608 0.0159519586383702 0.0528150288828154 0.0575124250112347
0.114535278355313 0.0675224688720784 0.0117934834898054 0.0810451402713337
0.0628481683859755 0.114777084711126 -0.015013158977837 0.0567439901023782
0.0275541500247794 0.147449020565004 -0.00497828887745693 -0.00562873191862659
-0.00142954920859708 0.145104127505943 -0.0252579885588308 -0.0592424849957066
0.0270122660557127 0.148126005357859 0.00614748376856326 -0.111317264610204
0.0872412613369894 0.133271656868181 -0.0176187595609505 -0.136229913006108
0.114700260230097 0.0770611674797996 -0.0444948890778315 -0.107680794081422
0.118786784007935 0.0109572122244432 -0.0524896932423056 -0.0671824476697226
0.0976073665984157 -0.0225958344163538 -0.0304387114384329 -0.0432600618447097
0.085110299273398 -0.0450197989356025 -0.0131573662492267 -0.0342024131645682
0.0671614260604336 -0.0573654491359401 0.00692840460440097 -0.025037479746245
0.0725159506085682 -0.0573261777952512 0.0311590883495981 -0.0212093506088162
0.0849677582215959 -0.0277785511554815 0.058212331450736 -0.0151021476699372
0.0965776649732895 -0.0100948226634212 0.0770245690158555 0.0156235006545093
0.10310451590911 0.0369788693878196 0.0601660735448949 0.0539701386372838
0.0965064178657449 0.0843438364400694 0.0100089325755134 0.0704657524633526
0.0401147762048249 0.121456502834762 -0.0252626625785683 0.032753191046096
0.00291157082524581 0.141913571286354 -0.0116383017339672 -0.0490646250147838
-0.00823706234440511 0.112123566891918 -0.0309222692652517 -0.0978035335041349
0.0208370180664657 0.120034118204475 -0.00793216599512605 -0.134169810534231
0.0729603502050853 0.106268831697538 -0.0180517962218087 -0.132593190973942
0.0929052163599786 0.0571122787758329 -0.0314532592010141 -0.101062537860081
0.0924575714202861 0.00610967685650726 -0.0252832987556503 -0.0661480905153574
0.0759744565353144 -0.0174092783986177 -0.000516969207957411 -0.0542516097856532
0.0689094122442403 -0.0328176941923976 0.0133029113024486 -0.0512753629424419
0.0574623299957005 -0.0417635626573261 0.030337820913581 -0.0419429881635089
0.0630776919396709 -0.0383469600303608 0.056943041035446 -0.0342268417605123
0.0728149920884118 -0.0107770020540674 0.0839773783578804 -0.0185614538812008
0.0785772133584954 0.00713451546054928 0.0948725571610126 0.0202345211531795
0.0767953094147536 0.0468601108982671 0.0646506363215252 0.0544826990941701
0.0670015801952182 0.0849320279554002 0.0106211335661111 0.0588995482782252
0.013732503987906 0.110722989278373 -0.0244348383866862 0.00896701938558804
-0.0208742982218949 0.11588263735707 -0.00771248043187456 -0.0868789979002058
-0.0193149861693447 0.0595254658297237 -0.0362489825470397 -0.116419048420555
0.00532019841504408 0.0727795679434098 -0.0219264310176615 -0.139117123266365
0.0400782750884522 0.064850017373536 -0.0169573159725627 -0.119830303116548
0.0498502554532033 0.0343554835673872 -0.0207175224149718 -0.0912694792272878
0.0508267857231924 0.00850035756133249 -0.00489733787807352 -0.0648565370451096
0.0449290442639757 -0.00372565771839625 0.0183705295325421 -0.0610208397765168
0.0435271551513573 -0.0112190403459226 0.0326122531126396 -0.0619938034100108
0.0385644028377746 -0.0194821756291643 0.0488440797161785 -0.0517376416785957
0.0425064203993496 -0.017399668354668 0.078971009843738 -0.0388529443182455
0.0478316244360208 0.000922884941539243 0.102928572922179 -0.0135004277561925
0.0493038377474643 0.011971673766118 0.106112370106682 0.0326044567417382
0.0465555243401579 0.0394412628597082 0.0658828980887093 0.0578111720522171
0.0377466662445582 0.0671066692867106 0.0156042319571609 0.0497450194789826
-0.00573420687796515 0.0817639977044694 -0.015030299071461 -0.00973934045150295
-0.0360720792539985 0.0735570644272049 0.00490197124207503 -0.113649325335921
0.023062490717634 -0.019661113830828 -0.0115470977013134 0.130978313867566
0.00160347001252095 -0.0361859426845191 0.00717422515621957 0.0396595204504386
-0.012948393784741 -0.0319117867161874 -0.0217715355493568 -0.0412501068703659
-0.0180301374199162 -0.00959327611622848 -0.0607913844245766 -0.0598369433482437
-0.00942958317808529 -0.00249260050159456 -0.109705015320379 -0.0443335219947167
-0.00693867726076429 -0.00807655197166925 -0.125061157694133 0.00430348373515536
-0.0149214559551953 -0.00994579725370844 -0.0970105498857774 0.0440185551661621
-0.0171033622039903 -0.00770234509929048 -0.0602040469865808 0.061227084162843
-0.0168707096673209 -0.0145716729624256 -0.0374952998298648 0.0665635806566083
-0.00814152976111632 -0.0206410902651061 -0.0220313009509694 0.0683870239391074
-0.00115103450143341 -0.0211325838468884 -0.000911167062630415 0.0666296773173878
0.00310410670812826 -0.0207974213106275 0.0159891451457775 0.0815858994335605
0.00849364590596947 -0.0271337632116337 0.0186733236749442 0.0998354420771169
0.0242218677687511 -0.0201734971613056 0.0390351479868365 0.113659406167695
0.0375519025994362 -0.00674367706065375 0.0524927054094275 0.108072603540855
0.0227037428364317 0.0373483772064685 -0.0175502273535728 0.118503063815448
0.00665873374633297 0.0143779662660833 0.00405225582627907 0.0284265060955113
0.00830863508485691 0.0141979211683653 -0.0265942316675289 -0.0537415529821566
0.0119299951141092 0.0222158634396329 -0.0631414144662966 -0.0681695428783091
0.0279934691495111 0.00971530234429108 -0.11193121097304 -0.0525907330813224
0.0288719831556914 -0.0106515753871001 -0.125210738113638 -0.00321077665586936
0.0183400339402062 -0.0253332608734722 -0.0987661279476655 0.0362557420101548
0.00768265176168159 -0.0312977012300893 -0.0612558160764468 0.0557036009741092
0.00813695236295815 -0.0416540982649767 -0.0352670399703667 0.0605914304720196
0.021156712680327 -0.0404706978114527 -0.0172000835781031 0.0590698484501651
0.0361542131049405 -0.0360054488396126 0.00582768121389338 0.058671182429033
0.0501578521848769 -0.0161102514166548 0.0230832337936197 0.0772544386983278
0.0539406831041653 -0.000182717582921663 0.0194415969866624 0.0971847342504419
0.0488919760931448 0.0237986453140719 0.0358543548277907 0.104491665547142
0.0495928802546068 0.0482743790907668 0.0447007592704306 0.097521813217822
0.0199869227947623 0.0908139937017917 -0.0190231820899249 0.0878011614680455
0.0130511841291246 0.0683613234549033 0.00719193632426037 0.00365455078229437
0.0338952331222228 0.0627629278880273 -0.0262990362637337 -0.0761585657863848
0.0466460412672711 0.0517737924745777 -0.0648567527869747 -0.0805793723207353
0.0663394766741094 0.0184711737245601 -0.108911015924855 -0.0564134055497973
0.0620511568759006 -0.0135609907681794 -0.114075369939033 -0.0101403704072024
0.0489805740422348 -0.0382910594062773 -0.0886297103742757 0.0242712298539918
0.031379900902985 -0.0514880920709859 -0.0534578626593658 0.0410409925962529
0.0315085594861022 -0.0630514305085904 -0.0270847607070125 0.0441926504590757
0.0457610740679934 -0.0539429649520503 -0.00583695287810231 0.0409168883431782
0.0648285885198751 -0.0469689363911241 0.0193503134938833 0.0452670126845464
0.0868174736417342 -0.0139099705113514 0.0339284962428334 0.0696511367514853
0.0910734185301805 0.0203461936595995 0.0190238592344338 0.0931347466549542
0.068324410430687 0.0604932422160039 0.0229491733246126 0.0918022568849501
0.0553736310187091 0.0946855159696784 0.0298443607392747 0.0719043839026467
0.0163147165643213 0.130600322605008 -0.0192772009700695 0.0429551865757086
0.0218720068233524 0.11517253364711 0.0120740352039423 -0.0329233821748573
0.0627819825731076 0.103897761814529 -0.0240696381856599 -0.1021138879374
0.0843100575534808 0.0727002150881356 -0.0634689702925891 -0.0938311825585077
0.0998150624540218 0.0185243572753996 -0.0994308630190811 -0.0599369491596888
0.0880449744537757 -0.0192285503437816 -0.092826299641638 -0.0186236448993877
0.0719175002478373 -0.0479026955382424 -0.0684547084585216 0.00742337753875524
0.0500478934795995 -0.0637520583738543 -0.0379226482142416 0.0203840125186175
0.0507494974122309 -0.0736130224379313 -0.0135505877572164 0.0216758588328586
0.0658459687000624 -0.0564754397547048 0.010449717823962 0.018167541297801
0.0850414755483538 -0.0475880551597368 0.0363499625223616 0.0291268566186498
0.108887677627093 -0.00607537364199363 0.0453294313874711 0.0602994407975756
0.112576104791869 0.0399532635636369 0.0186609193313014 0.0871717360037597
0.0756174238464918 0.0894327592066792 0.00619332356688202 0.0756321238454463
0.0510867426875488 0.127460843755687 0.0118513790951936 0.0368217199926914
0.0131047750136145 0.149500570838993 -0.0204359428653358 -0.00923854928945823
0.0304632770719107 0.142481540168578 0.0115479568116917 -0.0736639366721187
0.085862496548266 0.126332116438479 -0.0224603701110938 -0.122926919192619
0.111570418706571 0.0785172305824357 -0.0577237311002533 -0.102508081060423
0.11862058857867 0.0117944876910214 -0.0799172440486508 -0.0615049047373905
0.0995308814776355 -0.0256456369203487 -0.0636591424108686 -0.0289483550017705
0.0826437095607528 -0.0521862278340751 -0.041997351517774 -0.0120104531167403
0.0607654590467938 -0.0670090573379032 -0.0173713987172528 -0.00297713355854993
0.0630492981577606 -0.0724807539516784 0.00594731750716708 -0.0025450671867482
0.0788076627595608 -0.0489740558288995 0.0312327301991234 -0.00358601657960558
0.0952182930392844 -0.035413060725597 0.0557922522878111 0.0155160934878088
0.114505918841265 0.00995864208619872 0.0547526297527005 0.0529663506082303
0.114991776137496 0.0601048696255172 0.0165944214231112 0.0793136875818205
0.0668677621833447 0.109057182610675 -0.0106494531190519 0.0564910266590426
0.0340543193981315 0.142255312181884 -0.00418251863221621 -0.00389397830303076
0.00699907900196754 0.142020420215115 -0.0255760118616373 -0.0585422414866336
0.0335127845926892 0.141972751555886 0.00225892240392249 -0.108555838576638
0.0912806818624074 0.124399683198184 -0.0224562551616071 -0.132122110774808
0.115204256666501 0.0702914507415518 -0.0459433945537456 -0.103060429615802
0.11551572873893 0.00452089147921828 -0.0537356259271921 -0.0633706824888038
0.0939459783853023 -0.0268229016741298 -0.0313210566905912 -0.0413221533205706
0.0796922741748986 -0.048451628798892 -0.0138666616926861 -0.0328099143233941
0.061825247033621 -0.0595937495565171 0.00590764711374793 -0.0251753456509647
0.0668518630635572 -0.0594103719196183 0.0300326246939293 -0.0223615248086701
0.0814588824018238 -0.0317811769707812 0.0562976530740637 -0.0178680404972988
0.0926258693605449 -0.0149677999891133 0.0762454372324007 0.0108772934350011
0.102514690907326 0.0310388963930148 0.0616303616908806 0.0490959399042803
0.0977568494307589 0.0769822579072432 0.014139804420499 0.0689870663653986
0.0448710395657435 0.115808316562718 -0.0219735591090003 0.0331445221959715
0.0100252847282412 0.138282576730648 -0.0125320981818687 -0.0457735290011958
-0.00158980273279819 0.109064035522422 -0.0332644899558294 -0.0952561236529974
0.0263711501880135 0.114781561435842 -0.0124788708844744 -0.130246798398992
0.0759190164645141 0.0982845608416608 -0.0227239821764246 -0.128156260437179
0.0927271509926124 0.0513276767697664 -0.0337338179055746 -0.0970026076182108
0.0898699138479053 0.00091946852628084 -0.0275177630184336 -0.0634736949413485
0.0731022907395325 -0.0207378811251579 -0.00358541138989087 -0.0536676026292125
0.0648945797229446 -0.035553168167783 0.0106592025764488 -0.0508823232504928
0.0532196176291387 -0.0433466820230935 0.0278596972533009 -0.0421261673494677
0.0587839718921044 -0.0398370117458395 0.0546261647596566 -0.0358666971077634
0.0704144718954363 -0.0141558768577769 0.0803954446231695 -0.0222220810015175
0.0763645381118169 0.00318905527175059 0.0942101422332137 0.0154768330734435
0.0773599966678372 0.042224681665339 0.065623099307654 0.049733085827854
0.0690853018322575 0.0789042412578829 0.0142802412795595 0.0580439309167706
0.0194958517873279 0.105806216909757 -0.0229230935053758 0.0104085391904504
-0.0137589332822246 0.11350983130796 -0.0113824882343654 -0.0829064683442047
-0.0142760951432834 0.058961534605076 -0.0399944952875389 -0.112805532139281
0.00921965202808698 0.0697974423601863 -0.0272207814329308 -0.134628496023269
0.0415533976551326 0.0592870875016709 -0.021432057818032 -0.115965383396548
0.0502331877613612 0.0309468569007632 -0.0234997754257719 -0.0885619686462717
0.0491377825484246 0.00564494722361453 -0.00794243950562343 -0.0637211449210371
0.0426172156258236 -0.00557176742752112 0.0150931203444626 -0.0612387865729829
0.0415515458148103 -0.0135430896045254 0.0283605579848657 -0.0620667116194183
0.0362782358839676 -0.0202964909015901 0.0447002496544541 -0.0523656904566588
0.0399190820266195 -0.0182843233771602 0.0752333051454166 -0.0411790959972912
0.0463819634116833 -0.00139084693151553 0.0999084010951606 -0.0178764187447412
0.0484470855946923 0.00939218034064162 0.104925998245275 0.0258339560619611
0.0468191991067558 0.0365626369874695 0.0673321968131707 0.0532340710980911
0.0390359609931203 0.0629107355342933 0.0179142783227833 0.0487009216084671
-0.00195161135824814 0.0786716439759956 -0.0147775415874168 -0.00785027355307787
-0.0309159839051545 0.0728464841638495 -0.000367453078398415 -0.110088319865769
0.0155024270300677 -0.024582146502772 0.0321341794242016 0.1230405758121
-0.0105492101635847 -0.0325322961358185 0.0208757014591926 0.0333591511822785
-0.02230085332057 -0.023941030339521 -0.0314465526720649 -0.0321375086115014
-0.0190754386110957 -0.00295756546130741 -0.0750081756380862 -0.0371672198219151
-0.00954268211098482 -3.30802966579339E-05 -0.114450838492204 -0.00630933447496125
-0.0103173273031846 -0.00545002610380184 -0.111404636719034 0.0451326719424415
-0.0168813656424163 -0.00414036733685256 -0.072828273434628 0.0715156982873472
-0.0172719813083867 -0.00125147869040143 -0.0343530171509679 0.0745039854497519
-0.0199796433625506 -0.00758076005210319 -0.0117342417393552 0.0721013470593388
-0.0139846201576426 -0.0165055147519142 0.00229744882854472 0.070033341350957
-0.00743728913092601 -0.0196123737329058 0.0206588892017316 0.0610917081647345
-0.00291394661838801 -0.020083315103989 0.0401757266922618 0.0697013618651103
-8.71747575649697E-05 -0.0264918480527067 0.0479250867916799 0.085870903812211
0.0149652045937808 -0.0259363697587133 0.0691783401813718 0.0918354010890714
0.031067983189521 -0.0172922138806423 0.0788164790868706 0.0829858580207598
0.0351799921290574 0.0284001351212917 0.0202809100770903 0.1115767801679
0.0118173999536651 0.0124612610270624 0.0125264960795104 0.0233243991664039
0.0125516952312017 0.0107230886571608 -0.0414575950280074 -0.0417103749385073
0.0194990593235646 0.015471639340038 -0.0814815596960456 -0.0436494799795736
0.0283443659454244 -0.00126512760967656 -0.119931526232376 -0.0115782111605348
0.0217386683832156 -0.0193867860545826 -0.114690923617186 0.0388307922402879
0.00787438654285115 -0.0291675896175105 -0.0775379654249872 0.0660705223484347
-0.00313647119968909 -0.0306855257359524 -0.0359661652282353 0.0698863974378951
-0.0061551932744569 -0.0403247621617533 -0.0112315747807885 0.0664641032268928
0.00648398701981236 -0.0432361542176196 0.00395726397420174 0.0601288933868724
0.0210511331448418 -0.0441890407912185 0.0241585541873453 0.0530067339871507
0.0411563459268487 -0.0309947870489866 0.044097263351053 0.0631317153286426
0.049247863548103 -0.0171601172777566 0.0477839187709993 0.0821400881614717
0.052140927729773 0.00593941885381941 0.0647777852438449 0.0833009002685201
0.0594625382319023 0.0296802894117678 0.0700032188933504 0.0741461263851703
0.0504669067930334 0.0791904805205194 0.00763172387981213 0.0825701633956521
0.0362121274632702 0.059817333874226 0.00562079697476349 -0.0023126742323107
0.0524536435689324 0.0456626379719583 -0.0515977373719552 -0.0611688510778806
0.0610630375037185 0.0305059350322812 -0.088220369199057 -0.0528874087309002
0.0652232775476187 -0.00601263697338506 -0.119683299479978 -0.014821646671099
0.0508548597732339 -0.0336321299391952 -0.10729807406996 0.0300944508010056
0.0315956876033309 -0.0515439995834381 -0.0729045056389192 0.0523997294415645
0.0116076229758161 -0.0554253912955297 -0.0336085688348713 0.0546829098337877
0.00743258532346869 -0.0672199209617172 -0.00920062970097214 0.0490579389649842
0.0248487395132207 -0.0638459826500844 0.00807765900842625 0.0407333405655905
0.0438631716906133 -0.0634285799358831 0.0319411389396687 0.0363263565268123
0.0747569613076667 -0.0408669098414995 0.0510104464597606 0.053377408570572
0.0892541378417872 -0.0105457052877293 0.04611308541802 0.0780357785102307
0.0823341797318351 0.0335471996775185 0.0495023901006706 0.0751264709559512
0.0799771889970517 0.0706456332070564 0.0505355057389379 0.0548734996163707
0.0614130585388891 0.117039093861276 -0.00764868314658862 0.0401034612226408
0.0603662476394234 0.0981544339172982 -0.00380005286936044 -0.0378906320585726
0.0923444477171632 0.073376128696753 -0.0597712059012599 -0.0852259654446234
0.101985292022958 0.0358805202967028 -0.092607566754429 -0.0636416469289214
0.0957691027483863 -0.0167190784649781 -0.111899942458376 -0.0198834512627125
0.0726501341153993 -0.0462439556579699 -0.090539289695298 0.0162270896371353
0.0496379053150636 -0.0685504477679632 -0.0609693144740523 0.0311977473661424
0.024031454694348 -0.0729661079896365 -0.0267218185558124 0.0311574165156825
0.0214680244646751 -0.0826908931850069 -0.00347421204686932 0.0246022524939324
0.0421630242420413 -0.0733195548081381 0.0153638845384039 0.0146463343795391
0.0619530600473189 -0.0705218974808191 0.0415716021678503 0.0167096297156342
0.0974577453734743 -0.0411242377843889 0.057976257675908 0.041330546270335
0.114901615264884 0.000528849154254462 0.0435965588442417 0.0723417487403258
0.0984224510913144 0.0565738427529882 0.030434785494264 0.0651373992805926
0.0861735523990836 0.101867656962879 0.0246355787735437 0.0272229129782738
0.0639771197974525 0.135101827396325 -0.0260295257558665 -0.00774434325724234
0.0776436345672367 0.120172035666021 -0.0190795060076375 -0.0751231974704874
0.121030305020843 0.0851790094441298 -0.0666731839778406 -0.104020402357327
0.128548683099428 0.0316072600285574 -0.0905095426429217 -0.0726518784496432
0.110670005028818 -0.0286845403174372 -0.0942759685101338 -0.0264889884725062
0.0810181777759852 -0.0558758987835715 -0.0673727463829089 -0.00234988058865757
0.0586509825185419 -0.0762596552961188 -0.043474542830827 0.00523430204729358
0.0328375931521214 -0.0790340099832234 -0.0152520251399532 0.00365552213276937
0.0328576732680867 -0.0851605709823271 0.00618370931564007 -0.00325039350815933
0.0561929757094656 -0.0702018207974286 0.0272190930593365 -0.0112966342532843
0.0751041626902494 -0.0625029207143891 0.0548409790362384 -0.00233912969206064
0.107704204836019 -0.0275932065752182 0.064708874508564 0.030670354401913
0.123350311679202 0.0181100608875772 0.039645490171059 0.0648803585158149
0.0969548119653057 0.0778077159385048 0.00925442886174634 0.0527644205617869
0.0757312267497761 0.120923075728797 -0.00126596982381761 -0.00485282264003921
0.0561511465097262 0.128960545196156 -0.0464300021460979 -0.0507100926747138
0.0795150129208513 0.118079458042139 -0.038874178671534 -0.104092688617491
0.124243620977744 0.0806786048374692 -0.0698727588487092 -0.111978219300051
0.127824044074737 0.0225954269052903 -0.0801265751864847 -0.0761361868816225
0.105127796166955 -0.0338204576313474 -0.0705909864939294 -0.0367183054733508
0.0753758947663404 -0.05511913461004 -0.0421382570610204 -0.0246675753083989
0.0575254593266972 -0.0715274144939887 -0.0250100954909949 -0.0233871321771222
0.0364314837413907 -0.0724186035235743 -0.00184358034133268 -0.0234243788488031
0.0404173183690453 -0.0747695949569781 0.0212955748768268 -0.0288660457610922
0.0639974580804971 -0.0552206104723986 0.0450409867149958 -0.0324733189363214
0.0788776637447637 -0.0424286148176081 0.0709757269554229 -0.0133797383017743
0.103553356266957 -0.00406097260001074 0.070043092464018 0.0253069735897812
0.112870902495188 0.0381935953263967 0.0347000320825661 0.0563100342708986
0.0784963944869705 0.09084548154966 -0.00768542973589054 0.0353853155253575
0.0525048855359423 0.124196420407571 -0.020739005773947 -0.0396357034198271
0.0368985572163012 0.101324684448367 -0.0637595684155521 -0.0813416537657374
0.0631190071686662 0.0954529990527575 -0.05835519487656 -0.118115309240375
0.101125191086098 0.0624390561494189 -0.067695731342567 -0.10816280235468
0.101088236401961 0.013616397303509 -0.0655043393982074 -0.0750793124444446
0.0802559699534287 -0.02874242047633 -0.045903654862952 -0.0463104928426762
0.0585328844129708 -0.0426164936037964 -0.0208375360633738 -0.0458876098593325
0.0474436511025681 -0.0544180083735148 -0.00901055289440832 -0.047912397419494
0.033870800500734 -0.0548503332225364 0.0120330614618106 -0.0461920584595983
0.0401747075701384 -0.0544186649283733 0.0383862860479359 -0.0491047046195906
0.0593447548992079 -0.0352619996222782 0.065323665755002 -0.044468969339811
0.0695883062593853 -0.0210917385656654 0.0885583609333315 -0.0156079028651054
0.0843921206099458 0.0143071464959876 0.073778498640953 0.0244281076489475
0.0872026880265781 0.0492764682359039 0.0318292994923887 0.0468758057767384
0.0522466867058698 0.0894044155157033 -0.015767563665183 0.0155308320810982
0.0230611455175972 0.108695815645525 -0.030945138936867 -0.072434309528851
0.00665352801233039 0.0586551327806861 -0.0740269423959541 -0.0945074902432188
0.0309936034575779 0.0591745615790703 -0.070614846042174 -0.116955334377022
0.0566829473221638 0.0390618087470479 -0.0600642937764315 -0.0992128700209857
0.055563611690313 0.0108442882291783 -0.0515048230669143 -0.0726141197275459
0.0454409142311712 -0.0114941451983465 -0.0278906145930444 -0.0545685101632015
0.0365221092270574 -0.0189735329233671 -0.00717951212663355 -0.060454142910276
0.0335119025653987 -0.0260827925158777 0.00339363590576845 -0.0646606080175613
0.0258341424722074 -0.0294416659804767 0.0234733394467748 -0.0609703808690339
0.0301285919053089 -0.0287682222488794 0.0553384331723429 -0.0605105071467689
0.0416770725886918 -0.0164570036918578 0.0839313963859548 -0.0465897509311709
0.0467534895391062 -0.00625861117316234 0.102013328124791 -0.0101269997588788
0.0542519338770857 0.0180374776543689 0.0764560808346646 0.0272751608673601
0.0545381403781709 0.0435673172222154 0.0322337240384755 0.0375403158265635
0.023821328754631 0.0714564958477881 -0.0141669845293214 -0.00256996846270733
-0.00507486394539429 0.0764351681264807 -0.0297906632635674 -0.0985006041971655
0.01394908781376 -0.0229258661242313 0.0325062881081984 0.117609479912575
-0.0100779481927606 -0.0304727096438311 0.0216194983066531 0.0311179842148504
-0.0210086132833552 -0.0225685049490463 -0.0307098355860917 -0.0314373400591099
-0.0173760960801391 -0.00246929779579039 -0.0736976850539146 -0.0358589948901225
-0.00841743803577388 -0.000598686636433305 -0.111504714240838 -0.00395480716437878
-0.00974706340503062 -0.00575892356382595 -0.107753228923643 0.0459716717624113
-0.0167693368283403 -0.00411475158953354 -0.0701167489092888 0.0704478611132845
-0.0167113363205365 -0.00103382503108396 -0.0328201038588259 0.0726909965341659
-0.0190085821390671 -0.00707028231567202 -0.0100374720612152 0.0702408068575845
-0.0136023692755344 -0.0160874891411723 0.00386366563184037 0.0683798206314576
-0.00720850022195815 -0.0188238903457561 0.0206449929998587 0.0595520408623765
-0.00266263074050867 -0.0198578469407122 0.0397250666301475 0.0675995973802962
-0.000421341573856651 -0.0255940800277169 0.0478016355105744 0.0835774164269835
0.0148647574453203 -0.0244989656754649 0.0679123991325001 0.0888588054601833
0.0294689379341655 -0.0165564007562491 0.0778850619548053 0.0814142040893397
0.0344528256509283 0.0284077019464058 0.0209691723178287 0.106217160589029
0.0123252038712273 0.0134729486232924 0.0133295165644049 0.0208113446373768
0.0134137891057666 0.0109397350909142 -0.0407352338811179 -0.0413004754334319
0.0194817753051432 0.0144135493912484 -0.0796015881438826 -0.041734037733255
0.0284422123508655 -0.00209920867084807 -0.116318196031538 -0.00944678447136304
0.0211626791527518 -0.0192879218564313 -0.110406559276159 0.0395549708866759
0.00767416239608033 -0.0289904733267202 -0.0742576939113963 0.0650935670868395
-0.00322101109062642 -0.0298237453005647 -0.0343788376392523 0.0673374585694881
-0.00662915443292862 -0.039443715735828 -0.00936135829922521 0.0642847240613803
0.00630846577908859 -0.0429980684245211 0.00579558458496488 0.058720378040061
0.0201366184408861 -0.0434785948677923 0.0249243420758174 0.0514154101212393
0.0404225554912644 -0.0309911610952398 0.043817188973532 0.0610346448736087
0.0479911257887603 -0.0170210872364491 0.0481722381914254 0.079888063497103
0.0511586145145123 0.0064382303036771 0.0640500473242324 0.0806479523291917
0.0575114706087896 0.0285488186067279 0.0691057793010981 0.0731122136281742
0.0509021032222377 0.0768495804654753 0.00884538205082816 0.0779496216609557
0.0367863861538224 0.0589631736842051 0.00625674950686869 -0.00403669193183655
0.0519381577215317 0.044251403622776 -0.0497398495652641 -0.0602004244455685
0.0612593749892527 0.0288463777350061 -0.0856924759733028 -0.0517660101459993
0.0647774206991518 -0.00747887334729544 -0.11638866668271 -0.0131093761842251
0.0497363980114659 -0.0334743014094675 -0.103467114159239 0.0303140411898439
0.0300041559715801 -0.0513941629195981 -0.0697202733036195 0.0517364963796088
0.0102857130381722 -0.0547083141038198 -0.0317680492304082 0.0524866685259003
0.00604605779695164 -0.0651466234261448 -0.00761062853552768 0.0472935887828618
0.0239817602584725 -0.0628219372076637 0.00952031470756671 0.0391311129099625
0.0410907065779027 -0.0623711586551602 0.032218901309401 0.035873126577828
0.0726713904147644 -0.0411841854208786 0.0508852753410121 0.0513662530820069
0.0870982761146616 -0.0107081329829665 0.0467343734544891 0.0759190907736801
0.0806264834919675 0.0324699188810181 0.049512826349246 0.0721774785354682
0.0784591553911538 0.0684011972020734 0.0505520492576004 0.0535969972304636
0.062698190150248 0.113285144899861 -0.00680928016754021 0.0366108430480217
0.0605425562053753 0.0966385153827397 -0.00275123238277566 -0.0382117586730111
0.0912432166177455 0.0695645726894214 -0.0583678868362073 -0.082825101918642
0.100735333241627 0.0340542096608533 -0.0898277868373787 -0.0624559276171825
0.092596635268808 -0.0182445183247283 -0.108559390199616 -0.0173343650406921
0.0707750119264167 -0.0469023252369206 -0.0877439045732106 0.0164902557678796
0.0470842138783821 -0.0678403708700594 -0.0576067819504799 0.0309938787903204
0.022068051743399 -0.0714670035563882 -0.025185937729819 0.0300065850941579
0.0190766910890286 -0.0808058183901947 -0.00252192646500903 0.0229648750016786
0.0402331168825502 -0.0720109692809097 0.0162658079107335 0.0143582602139239
0.0590123296543676 -0.0694880648646568 0.0418559884956251 0.0159294398338788
0.0948321876051016 -0.0414990272252388 0.0576544318718557 0.0388824652752598
0.112163261067109 -0.00133753848801266 0.0446343829074353 0.0695312201393698
0.0966289064273211 0.0544307237614136 0.0308980425198674 0.0634072838618762
0.0858758202118538 0.0987196861051745 0.0256058376282494 0.0271809531121761
0.0653507154806428 0.130162478260449 -0.0254618479455025 -0.0096726901505619
0.0772141401526382 0.116245717274434 -0.0179963208013498 -0.0741167607788764
0.118639670507039 0.0808338001086554 -0.0652902333927893 -0.101179883335682
0.126265956669666 0.0290896445216042 -0.0877842749090849 -0.0710067963952375
0.107062050762071 -0.0297708384062209 -0.0916315207258495 -0.0244258089863928
0.0785120476131553 -0.0557015307614794 -0.0655501831368403 -0.00238536856546361
0.0554220734346558 -0.0754071319578386 -0.0410640272932603 0.00474272049460514
0.030297766788924 -0.0773236128750971 -0.0142884771327539 0.00293582811705789
0.0299136485430748 -0.0832459866552683 0.00695564237044333 -0.00384497933392445
0.0537273657829527 -0.0697787171545745 0.026924766003381 -0.0115462259486963
0.0714839326966105 -0.0620411523690205 0.0541382396034011 -0.00293355166369423
0.104898965873708 -0.0283192167270728 0.0636240006234007 0.0292224423058268
0.120257185995761 0.0155584429312249 0.040804923686783 0.0626443467813461
0.0954334781796329 0.0746033331710561 0.0100746039627502 0.0511136079176311
0.0762348915736136 0.117187253304758 -0.000155147961720217 -0.00356957640555745
0.0577662269472713 0.124098156169999 -0.0454929707166878 -0.0512488214637144
0.0794570166341277 0.113684347437571 -0.0383479618689893 -0.101482686414344
0.12151246816361 0.0763153344752474 -0.0678637318581851 -0.10874390964998
0.125386859630963 0.0204170322373747 -0.0778871215485798 -0.0747670523356419
0.101260749569177 -0.0346469895800821 -0.0678152324669481 -0.0344619020037991
0.0728270402644852 -0.0550345479527915 -0.0412337691738625 -0.0243095655101468
0.0544623021481274 -0.0706926299210855 -0.0239665034918353 -0.0223505439220182
0.0336198133744923 -0.0710178915986363 -0.00139666428284298 -0.0237242463438914
0.0376352142951555 -0.0729042285604408 0.0207559907219842 -0.029098418071075
0.0617694551961991 -0.0556454383280771 0.0432551497885787 -0.0321707789120304
0.0761558873167596 -0.0431016061560425 0.0696621580681736 -0.014357476335743
0.101221902324981 -0.00578252303328695 0.0690662978886636 0.0237586201661657
0.109830856545153 0.0355525002867471 0.0360639274504854 0.0543517823353363
0.0779400224741873 0.087285140258398 -0.00572914567412899 0.034759876352407
0.0533337051642696 0.119942842304396 -0.019817647934758 -0.0372186978831545
0.0378955756959771 0.0971839029706004 -0.06290822328394 -0.0803930165681609
0.062956458601159 0.0912379032485508 -0.0572953574768866 -0.115468634154868
0.0987690818776478 0.0583554510706051 -0.0665160096765337 -0.105545511766506
0.0983211944802265 0.0119555288206405 -0.063776825967303 -0.0736904101961823
0.0768571702242924 -0.0292231694861844 -0.0445180124947462 -0.0452079746651659
0.0563068210151862 -0.0424623706918215 -0.021061691399897 -0.0451011046643134
0.0453261435087499 -0.0539970551406625 -0.00871299030861796 -0.0468854341035879
0.0313880529106725 -0.0539864603619131 0.0114084571916687 -0.0457244249218416
0.0375201325791334 -0.0535570333689567 0.0372895380699457 -0.0486701075069914
0.0578139672825751 -0.0357976165298796 0.0630862438574284 -0.043923024731799
0.0671552630085778 -0.0217686420787265 0.0861034909035097 -0.0170176318585668
0.0825832327154351 0.0129769606935857 0.0731464627414373 0.0226532281123204
0.0850868052014947 0.0463150470368952 0.0323128878777438 0.0453669625129463
0.0517127227306978 0.0864481221038452 -0.0131751506206951 0.0153646814635002
0.024960204724103 0.105153003404144 -0.0302325611850114 -0.0696442566267109
0.00874510010379308 0.0563735649918906 -0.0729381647055417 -0.0926971240422746
0.0310506919599817 0.056276887204479 -0.0702138519764719 -0.113754378091658
0.0548447900958337 0.0363653826516702 -0.0595101577458479 -0.096436057456891
0.0535997902370634 0.00889068310153445 -0.0505764080308744 -0.0706616889846458
0.0431905372344215 -0.0115734835870223 -0.0273164790791809 -0.0529267934007011
0.0347236658165531 -0.0186084141214849 -0.00772740162493176 -0.0593548341251636
0.0319783363998214 -0.0259491707969256 0.00194850273268254 -0.062821796037043
0.0238288432991466 -0.0290108512570177 0.0229974739214302 -0.0595189116252092
0.0281169193197133 -0.0280514937822913 0.0532259465113737 -0.0599394567330088
0.0403068563174966 -0.0165173100521256 0.0807558988238385 -0.0466860008482088
0.0450216687312296 -0.00645150499350558 0.0998602661480216 -0.0113455696358428
0.053359612342259 0.0176639584028558 0.0753174790832988 0.0260907860381282
0.052411599245883 0.0419646472562757 0.032187237807218 0.0368926731087131
0.0238056210089437 0.0687773653209032 -0.0129754431852026 -0.00196629898918253
-0.003290036400705 0.0740440758645334 -0.0297557795405511 -0.0946383419577494
0.013072933116656 -0.022416203310056 0.0331067613868984 0.114716257897622
-0.00968733762402408 -0.0288520519100394 0.0216231793260254 0.0289275523569818
-0.0206551322772143 -0.0214650837301216 -0.0305917582446446 -0.0314459262737173
-0.0163842324147696 -0.00269277434940088 -0.0735924473369349 -0.035645044793658
-0.00778175999880325 -0.001375403516734 -0.110870308974496 -0.00304009658275395
-0.00978113589492711 -0.00565798074564385 -0.105905541179131 0.04652739461962
-0.0164135738448653 -0.00380224976450268 -0.0683671482648855 0.069831171148569
-0.0166162234835206 -0.00106516556825226 -0.0321519015263032 0.0718639146774728
-0.0189057403936616 -0.00746840183949425 -0.00867751858172819 0.0704464032573926
-0.0138865715754878 -0.0161822935908424 0.00495220253704702 0.068140225771191
-0.0076039785476493 -0.0189247893522274 0.0217195931737114 0.0596714425261803
-0.0023583004785491 -0.0197702254715801 0.0405853635877902 0.0660599244428766
-0.000526449857846714 -0.0248006383657438 0.0482869164543043 0.0826223802830514
0.0148578305539705 -0.0240843884989511 0.0672718170273739 0.087527220417296
0.028367196698606 -0.0167569494813571 0.0781430476220066 0.0815366246514915
0.034386785639215 0.0280667164185173 0.0215394938268546 0.103592878700689
0.0127682851143056 0.0144658625741323 0.013422422832582 0.0192026683931705
0.0140528714816406 0.0112322539707592 -0.0397428311105487 -0.0411405962998717
0.0215119407372199 0.01461395191161 -0.0788200664722977 -0.0419229176518795
0.029625757923524 -0.00309603826829705 -0.115561340138206 -0.00888823897720312
0.0210026673152442 -0.0202648541012526 -0.109144086967028 0.0401588842155932
0.00653194430637421 -0.0291540359866221 -0.072487578269705 0.0645922241462608
-0.00360576292088937 -0.02972022519427 -0.0335628499909698 0.0665650138348524
-0.00710153414431133 -0.0384574291876849 -0.00762922024480248 0.0635335205351748
0.0054328917075803 -0.042375525644406 0.00726064442705745 0.058269060908484
0.0194964103355977 -0.0437730725156953 0.0255087073564698 0.050976303689371
0.0401597214266675 -0.0311093333584343 0.04471398287228 0.0602874325452164
0.0474635910319809 -0.0171055315465623 0.0491553166248109 0.0789631411237492
0.0512239312242824 0.00681959616143168 0.0633538834358519 0.0792955342725489
0.0573313181040565 0.0279778512662714 0.0700065623776623 0.0728962793873276
0.0513246439806897 0.0756628002635646 0.00942821229389836 0.0755032781089796
0.0369740893799649 0.0591517716033474 0.00631555392857016 -0.00506152362200827
0.0527767473973596 0.04346317911765 -0.0488479951814826 -0.0599288384022593
0.0622102919322498 0.0274850773817533 -0.0845428619031691 -0.0515133727716098
0.0640303961858003 -0.00865034325988184 -0.114600285685543 -0.0114294781150645
0.0495318278570602 -0.0345513833905354 -0.102203150712494 0.0307433835952627
0.0292157063418382 -0.0519170675247768 -0.0677309555843545 0.0516315738626633
0.00937202533330471 -0.0546506957060423 -0.0312747727112586 0.0515438716485395
0.00525174882252706 -0.0645726225744619 -0.00606858441603818 0.0460548688075077
0.0231162451560678 -0.0632717129608677 0.010678189239607 0.0391303151789444
0.0400948835698262 -0.0626446667371143 0.0332181938462526 0.0347408983319373
0.0719750272818785 -0.0419551786656763 0.0514814047229767 0.0499256269003143
0.0864100744706116 -0.0121253295894019 0.0481562541638335 0.075000668230348
0.0806382759068971 0.0318064313719478 0.0498329017353331 0.0716080810290013
0.0784484810190741 0.0673079291843115 0.0514576100490953 0.0539123435268784
0.0632629738024945 0.111647890611537 -0.00603311243524797 0.0341890193319043
0.061232032871093 0.0961498488737044 -0.00281642839742649 -0.0388385000068227
0.0914767245155381 0.0685547101770788 -0.0573392723312676 -0.0829652625421988
0.100764076530057 0.0328026854453057 -0.0882146270436806 -0.0625916075205227
0.0929519772068026 -0.019173663037017 -0.106862506512987 -0.0164794542005968
0.069464053951195 -0.0478692625361072 -0.086335494880227 0.0165609553059422
0.0460769774433102 -0.0681755864149513 -0.0566915510253482 0.0306718926890594
0.0203824263794511 -0.0708682168944452 -0.0242680592092375 0.028938898119028
0.0174162595707906 -0.0798696050900533 -0.00124840802693732 0.0226527044758096
0.0392826818267118 -0.072717592201587 0.0172775688123865 0.0138333788483855
0.0573010817613271 -0.0695322036903969 0.0420183395556499 0.0147712249206369
0.0939518941518561 -0.042650803115272 0.0580010408295266 0.0381897491159368
0.111366145280788 -0.00268672870795491 0.0463329715435617 0.0689506356896728
0.0970210668458603 0.0540034592707227 0.0318912221238045 0.0623293017776671
0.0864859013078087 0.0972165194247171 0.0263328676223568 0.0273422612731561
0.0670192091926069 0.128056516721847 -0.0249137999660189 -0.0113886957963219
0.0783289625125639 0.11514437242029 -0.0179970722448483 -0.0749304765784071
0.117731156806311 0.0786941708932801 -0.0643845473256311 -0.0997872554427103
0.125635522513683 0.0279854633574666 -0.0863095173730686 -0.0711048747097315
0.105749302890536 -0.0309882558570448 -0.0898050479231307 -0.0234649821755823
0.0773394475113847 -0.0569724071567014 -0.064488266055173 -0.00255686077736326
0.0532461968896867 -0.0759291382603251 -0.0397544402439206 0.00498130208050171
0.0283414363287481 -0.0767070433571253 -0.0139493708893754 0.00256848647501149
0.0281526425992977 -0.0822658953441932 0.00751859247683272 -0.00469900474830301
0.0527054195138766 -0.0704612987600102 0.0271740794020369 -0.0119357356866009
0.0700663141794433 -0.0625000182708012 0.0540100530696057 -0.0036660851794133
0.10426544680829 -0.029244804338654 0.0643143796297537 0.0278023206648586
0.119220267005166 0.0136586672396791 0.0429112327799657 0.0616560964110208
0.0956112751487049 0.0733251516060523 0.0115522410709594 0.05060048564887
0.0771979607113462 0.115318783658836 0.000715205785422992 -0.00233992572823013
0.0591450816394125 0.12180918523039 -0.0451178329486304 -0.0520472434045247
0.0800854077643895 0.111514426320155 -0.0386707396431976 -0.101598822207476
0.120709480146173 0.0737395454421943 -0.0674726044255498 -0.107764729079601
0.124811031988252 0.019132068430838 -0.0766462163708919 -0.0747818769343154
0.099578887672171 -0.0352765863702242 -0.0665279638804067 -0.0340385473707031
0.0708597529900503 -0.0559166707179518 -0.0413931785652916 -0.0246390876487019
0.0519467297844022 -0.0713570685503034 -0.023778737106546 -0.0223214549642812
0.032094283541291 -0.0709509840700112 -0.00150452176776498 -0.0237225087905948
0.036470989089464 -0.0725740337566585 0.0205884354767842 -0.0295273397392941
0.0609089928325458 -0.0560097882938998 0.0433582521790319 -0.032858016238103
0.0748047243611481 -0.0430078151606567 0.0694267498673219 -0.0154690188472327
0.100910303973661 -0.00681337498660641 0.0692924953016321 0.0226305491933282
0.109402857792318 0.0335075079663726 0.0371878005157179 0.0537815311481473
0.0783342769192143 0.0856809554696437 -0.00480477740431595 0.0345880035458483
0.055040416816008 0.118454081602331 -0.0194522549057721 -0.0363912899590855
0.0403390882935486 0.0958116059327488 -0.0630522336177589 -0.0809847847657726
0.0626378079680688 0.0888331163909174 -0.0579668452274101 -0.114643145743804
0.0970658613509729 0.0565481649416115 -0.0658969876807098 -0.104023725009275
0.0974122453743475 0.0109671872321441 -0.0635388406642876 -0.0738498120546817
0.0752112707954184 -0.0291609888609734 -0.0439031009324308 -0.0442727908870336
0.0550588522890761 -0.0425529609728917 -0.0213311553628987 -0.0447927272609651
0.0434187018234251 -0.0535623212544173 -0.00895759327062192 -0.0460307746992388
0.0297524421197948 -0.0538520848232735 0.0113697602274126 -0.0450153465458699
0.036242936424415 -0.0528976708667882 0.0368399220216412 -0.0485297812949329
0.0565446689949984 -0.0365301426622124 0.061922853959359 -0.0446090522481024
0.0663462863962111 -0.0217819134103553 0.0848308091923132 -0.0176717270430963
0.0813967652230691 0.011952310684272 0.0732199493660905 0.0223847727405076
0.0842254034718898 0.0448800123374216 0.0335948140258786 0.0449924085639854
0.051786153604769 0.0847086910552572 -0.0125965989021714 0.015665774437543
0.0269111854753106 0.103806091075131 -0.0299640070813431 -0.068060224163678
0.00958829192918391 0.0552306859521124 -0.0728749033968467 -0.0928473455109281
0.0312759815413238 0.0549166304418667 -0.0706219145486381 -0.112976208685248
0.0537865601365844 0.0346114644701367 -0.0590527138322371 -0.0953462506261218
0.0525684256489424 0.00875716488164255 -0.0505123680205982 -0.0703031810485719
0.0419689350323365 -0.0113323981254096 -0.0277592951274552 -0.0524156877122283
0.0338841855787024 -0.018640880665229 -0.00872224500728131 -0.0594923710007327
0.0308004661445494 -0.0260407394340414 0.00107732168208945 -0.0620093780204156
0.0230444227295095 -0.0283767896370234 0.0220781955112079 -0.0596771283253158
0.0276155941063173 -0.0273699142647497 0.0525404114463816 -0.0598578928527379
0.0397735265684626 -0.0168538209876024 0.0800461099870405 -0.0472550803119921
0.0450431856916629 -0.00681470309044004 0.0984067589437661 -0.0127127856369
0.0526644647409166 0.0168658821262237 0.0758052522530194 0.0252076823694325
0.0518911505011822 0.0407455866521508 0.0338984575557389 0.0367753709694559
0.0240073793375612 0.0669698378539636 -0.0122492265391566 -0.00128752824292498
-0.00196812433834194 0.0724404028038891 -0.0298752205566925 -0.0927628901087457
0.0122304064849724 -0.0217662753133468 0.035560921415684 0.112381342489885
-0.00932105863428676 -0.0276414698006748 0.0226545419368961 0.0266924720356534
-0.0201083085021549 -0.0197949460789319 -0.0306564228913601 -0.0318738893678092
-0.0154878443516351 -0.00288435918190156 -0.074418488707253 -0.0346519574547316
-0.00738038736204816 -0.00194188060885156 -0.110907730745889 -0.000305126577851771
-0.00969140745743602 -0.00600687955365482 -0.105413281135486 0.0498756640841488
-0.0165130486074351 -0.00369884975701759 -0.0669018557829788 0.0717408912310309
-0.016037977336783 -0.000475225722359199 -0.0302575779416545 0.0721771584034718
-0.0189602401435334 -0.0068171359514212 -0.00595641648201264 0.0708239794185033
-0.0143014224343198 -0.0157309263465961 0.00761548249473205 0.0683453960230508
-0.00776889690257156 -0.0192489780399502 0.0228012829792417 0.0595049762001734
-0.00280384458156081 -0.02055718590762 0.0422166928603562 0.0658139062085342
-0.000492290176202156 -0.0242529387142643 0.0504563918403215 0.0816430911390004
0.0146535219308754 -0.0236038830536437 0.0691108052942146 0.0862630633759441
0.0272292743720375 -0.0167998224680364 0.0809863087845715 0.0813472093028005
0.034745351047205 0.0279214816319868 0.0240499089380907 0.10108689477953
0.0143450261255311 0.0151395567036175 0.014262436572587 0.0173246120012203
0.0152491000289921 0.011474319484687 -0.0404759041620312 -0.0410921017225002
0.0223134699368401 0.0135727047420106 -0.0793818672240414 -0.0408945555436902
0.0296754072141421 -0.00489113889857224 -0.115249422313236 -0.00528790009800812
0.0208813520989505 -0.021654722595446 -0.107831373925491 0.0430134035325331
0.00602448568774776 -0.0299272682227489 -0.0706990348432309 0.0658696190909237
-0.00407561832365076 -0.0294199154934068 -0.0324665841618826 0.0664823364756358
-0.0083102850546452 -0.0387474603821796 -0.00531346881626397 0.0633350947024738
0.00441191670944623 -0.0428147845139282 0.00943469682575802 0.0582230261946432
0.0181127026035932 -0.0441515530614637 0.0271437251659557 0.0507619918088725
0.0399040471034022 -0.0328347200122845 0.0466849966695449 0.0590451030307831
0.0471790944243794 -0.0178567914559718 0.0516072893064391 0.0778690386454071
0.0517429856418235 0.00587099163962645 0.0654693356909647 0.0776687135081195
0.0576893748352149 0.027018305635948 0.0726894709700214 0.0725404272837501
0.0534894470996292 0.0749477064224737 0.0108019546189693 0.0723537112808901
0.039600316158127 0.058662417349463 0.0063688867091108 -0.00668890521428282
0.0539531044553869 0.0426813303285395 -0.0491731386887818 -0.0602165379389407
0.0638520758222456 0.0267192415656887 -0.0849663191633181 -0.0513251617387988
0.064782531679454 -0.0109464869612672 -0.114685040358686 -0.00959370210416959
0.0488419501840852 -0.0365421842013349 -0.101409919615633 0.0330331025021095
0.02718934649571 -0.0529219314752381 -0.0659801722596412 0.0522371885606799
0.00750653785020553 -0.0543045056105904 -0.0298553566363529 0.0509552020924658
0.00274282624899057 -0.0643476163891406 -0.00409657506764145 0.0461004133868031
0.0211154556890521 -0.0645875378580326 0.0123562586037507 0.0388739415209427
0.0383588473143651 -0.0635321236991704 0.0347008903160443 0.0340072514246981
0.0715181661369538 -0.0439998808285892 0.053233052812093 0.0479943245304911
0.0859807037495437 -0.0138350949205936 0.0509783051070219 0.0735932497733008
0.0822662226571161 0.0306252113713268 0.0518938185298937 0.0699940039688639
0.0806118631599395 0.0655712565242014 0.0539066382889091 0.0534845349674989
0.0664257999614868 0.109709707949926 -0.00570356495953235 0.032068828704925
0.063855547020751 0.0949576364687004 -0.00360215410828773 -0.040231316289152
0.0930528809562209 0.0664884985243206 -0.0579069244420207 -0.082171755631605
0.102910518069328 0.030759681853808 -0.0887628426338879 -0.0621106992251105
0.0926265268075978 -0.0221508707036239 -0.106347894350064 -0.0140696056723917
0.0682030673035876 -0.0504080701851962 -0.0856462258680498 0.0183100530825274
0.0433292504479856 -0.0704882820711499 -0.0553994632650358 0.031275968704098
0.0182915934942864 -0.0715990495566493 -0.0235595427531534 0.0284724738167664
0.0146169820907003 -0.0799864636370815 5.27547346410246E-05 0.0218354942597035
0.0371645290182205 -0.0749080790879937 0.0178910851670783 0.0132111946710491
0.0553037357176355 -0.0708256843091691 0.0434935807583132 0.0137962732001884
0.0937084549834673 -0.0450947074852171 0.0597569075143444 0.0367668391338677
0.111315998035165 -0.00594673011669955 0.0491922283739796 0.0670286941896318
0.0991382050171127 0.0517490038747506 0.0335517837120981 0.0610656023427484
0.0894477372818764 0.0950269447274171 0.0279885809081491 0.0282314170539385
0.0708036277711082 0.125679858321024 -0.0250287461729889 -0.0130120520868142
0.0811194052803803 0.113487807104116 -0.0193304580747384 -0.0752151645916593
0.119144543627586 0.0761876164450022 -0.0650465307033378 -0.0992957904920432
0.126640328504046 0.0253253912343854 -0.0863586296624851 -0.0702886374406204
0.104757759459246 -0.0336246620370927 -0.0895598117044981 -0.0220075480785409
0.0752710645176288 -0.0587823257603602 -0.0642044492263241 -0.00140409392618921
0.0506758258283201 -0.0780896540851504 -0.0395871028209749 0.00527907068775337
0.0259830832295641 -0.0770716659907452 -0.0137279942802026 0.0015710875609695
0.025320092015736 -0.0830995167771533 0.00784760602028634 -0.00516274461392943
0.051147636651423 -0.072096562994503 0.0273986095704017 -0.0128375851476208
0.067839558092816 -0.063732611133257 0.0543874660019898 -0.00536645347078156
0.104298595452185 -0.0320678360147173 0.0656126989037659 0.0260020312556955
0.119719248245281 0.0103713087864162 0.0450980320062179 0.0605755905012868
0.0982509629847315 0.071241397610491 0.0138449793926091 0.0496445515110284
0.0810942118749083 0.113096604186621 0.00132044554633348 -0.00218140305982062
0.0630779539465868 0.119187313259028 -0.0464998331392515 -0.0528864580031781
0.0821026491820206 0.109687937067802 -0.0399551685189107 -0.101333254004185
0.121358872637886 0.070683593342293 -0.0687110881869451 -0.106555506411118
0.124892841323888 0.0167611044150326 -0.0773649628828562 -0.0736603129013045
0.0980296704561855 -0.0377595747790437 -0.0661481994665004 -0.033113910672132
0.0698646282042078 -0.0574353588443739 -0.0418903775640476 -0.0246723450876509
0.0493161791460964 -0.0732420505517555 -0.0239875026436144 -0.0225005648249505
0.0291490520507563 -0.0705427963351434 -0.0013878164400301 -0.0244206412462415
0.0333187416411454 -0.0724629072384521 0.0204850214125798 -0.0303190906889639
0.0595072747279542 -0.0579195911766301 0.0427034564186988 -0.0339498066086359
0.0736804373624354 -0.0449559590635656 0.0694417990928225 -0.0172294958157083
0.101515411400136 -0.00989060369641014 0.070227596178345 0.0207188528919781
0.109739081906368 0.0302645709076617 0.0403422753717637 0.0526351756859987
0.0808159600045426 0.0834241439432281 -0.00279481730507787 0.0341844892159552
0.0594537146195847 0.116616865873299 -0.019644890066861 -0.0349380524766627
0.0435910762365544 0.0933604262361574 -0.0647701914944014 -0.0816293101027552
0.0651327807446593 0.0869147254981996 -0.0603177220219287 -0.114029896503328
0.097992235366072 0.0534711437772446 -0.0674465985353848 -0.103161286342968
0.0970681451812044 0.00915827003166257 -0.0639670979581728 -0.0728872356089722
0.0737023666530006 -0.0308708982991459 -0.0439631436502536 -0.0445025623156182
0.0533401134827886 -0.0438907811135355 -0.0226336026467302 -0.0456470116496842
0.0413016315000969 -0.0553285761230734 -0.0100837394734427 -0.0458742753285412
0.0280364580716054 -0.0538723971467557 0.0101915061366964 -0.046198732901561
0.0340260713845298 -0.0533890220060523 0.0361412016364065 -0.0500328404306816
0.0560419118361147 -0.038021216481754 0.0612828458203798 -0.0463060898720379
0.0655132346509948 -0.0237524128162495 0.0849408157258129 -0.0203878803008303
0.082627011134622 0.0099223195164657 0.0745183712941078 0.0204883049243652
0.0851425323704345 0.0427719365414817 0.0363861071136238 0.0441859987080872
0.0536502598392007 0.0828672772077026 -0.0114932261316204 0.015873655358792
0.0303058805506214 0.102771971993559 -0.0311628137520619 -0.0662731793682444
0.0116228198424448 0.0538484459039966 -0.0756459267115331 -0.0924419483462048
0.0322821200992321 0.0531369094938055 -0.0734007725251673 -0.111765054022552
0.0535314644084357 0.0327079737698278 -0.0604551419995607 -0.093830842146304
0.0521286929191449 0.00832187033927955 -0.0515356946211723 -0.0705016517018479
0.040772186603038 -0.0124213318976743 -0.0284609617467313 -0.0532069516031234
0.0330736081239014 -0.0197391651659207 -0.0103761081648148 -0.059545095008399
0.0298548357467751 -0.0267376336555351 0.000450415642625816 -0.0618265282216083
0.0221306109172365 -0.0288504105814323 0.0209927490144051 -0.0593390852666334
0.0262335025792507 -0.0278565423754155 0.0514711634164298 -0.0611734035395108
0.0396963170008147 -0.0179390619073032 0.0789397701412385 -0.0491934068359667
0.0444517444903227 -0.00755508321491513 0.0982223935483829 -0.0150604197644083
0.0531079241261212 0.0156371784048353 0.0769645055153646 0.0243933054861985
0.0518899389655128 0.0394241379006733 0.0359561981109025 0.0361911402934581
0.0252268070765916 0.065480608599841 -0.0118071064030415 -0.000660332743700128
0.000522226565537454 0.0722780021230848 -0.0312985501371038 -0.0914665921473961
0.0115321396853023 -0.0214783247102571 0.0390927225982416 0.108763334396515
-0.00939524327015009 -0.0257534295091019 0.0233003390002177 0.0246095744983875
-0.0196012670420223 -0.0189109089077494 -0.0316324338411688 -0.0313787020021975
-0.015117116843408 -0.00341339989544299 -0.0749200607004961 -0.031830440103538
-0.00640440513224834 -0.00266756469156836 -0.110199334913323 0.00463110068631524
-0.010107289093984 -0.00587765797116051 -0.101754537488585 0.0540416367668599
-0.0166329292996056 -0.00289670158271015 -0.0640826002741533 0.0736252240962482
-0.0156654940182103 -0.000284172397061178 -0.0285065327351206 0.0724299296500773
-0.0190364595221772 -0.00620419847131781 -0.00256237553406288 0.0697849364489595
-0.0148583056433798 -0.0146696323134772 0.0109781887764257 0.0680783408434332
-0.008679051827952 -0.018804069593177 0.0250869631005934 0.0583262937682172
-0.00245949132102249 -0.0201885960456333 0.0444539207093261 0.0634806157950319
-0.00114061791783133 -0.0241037885124215 0.0525226097114721 0.0791351750057242
0.0137474581844043 -0.0242410240658364 0.0711535707468548 0.0837746972612408
0.0254101370933494 -0.0175514072878728 0.084184615506563 0.0786771328837081
0.0355043807821054 0.0267919200854685 0.0277173168425734 0.0976725915360194
0.0158634601085278 0.015016355840227 0.0148275059857294 0.0155684863661618
0.016450166086936 0.0110786009094137 -0.0408568342760507 -0.0399653733884583
0.0237508387828429 0.0124417516238173 -0.0795664453658376 -0.0387732581018445
0.0298384975281058 -0.00710416979889407 -0.114438105831188 -0.000946532906127224
0.0199679109683512 -0.0227862255183297 -0.105163200077419 0.0469151956731579
0.0048319883254895 -0.0301982992049183 -0.0677085231523598 0.067862550975825
-0.00536931347018181 -0.0297667082905628 -0.0303504292886236 0.0669753504815005
-0.00980678250434208 -0.0384562210736533 -0.00224202009546442 0.0623390990466924
0.00283287214697731 -0.0433012428504767 0.0123673336707492 0.0570330756347759
0.0159364761608984 -0.0451322011093457 0.0291997254590944 0.0496646301369176
0.0383819526600678 -0.0348321839040796 0.0486728568725752 0.0561955331170785
0.0464778230489027 -0.019645522831443 0.0545229771372177 0.075458846267765
0.0521513508571991 0.00422189607672306 0.0672905668210086 0.0753973256636848
0.058227258492659 0.0246048714974264 0.0758725994474125 0.0700809176002915
0.0566905398497732 0.0721882817220051 0.0133979898216479 0.0699910401322229
0.0420721845798877 0.0579225969091637 0.0069570863624242 -0.00823330964111412
0.0556222468460548 0.0406427520861279 -0.0502503751314535 -0.058259861618866
0.0656669664875474 0.0239937683589613 -0.0856008519483004 -0.0493185822358477
0.0640069023654691 -0.0139992732575168 -0.113818472263775 -0.00447442609169315
0.0472252957134778 -0.0391432786802568 -0.0988483611241193 0.0366378921305062
0.0248528976768745 -0.0539668836672058 -0.063118624980886 0.0541041802003495
0.00528815402461021 -0.054231008815679 -0.0279003282565463 0.0509538630878449
-0.000368574075973941 -0.0638546311714738 -0.00205203705908993 0.0454577843814346
0.0185318635065861 -0.0652914385036851 0.014931102406466 0.0376069326017837
0.0357408054438975 -0.064506252273039 0.0360122568039841 0.0323326742455755
0.0695514154204891 -0.0475173471225881 0.0548628063669106 0.0460078910586966
0.0849943675278122 -0.0172496875314015 0.0542168130372543 0.0703390339983843
0.0835429182016622 0.0273723040358861 0.0544199666847734 0.0675540916012738
0.0821937654743864 0.0618382586073666 0.056478296902475 0.052410586897287
0.0709222690301922 0.106349754306556 -0.00446212117189135 0.0305390154864313
0.0674095751523645 0.0920935786131272 -0.00425451435425876 -0.0409300297424955
0.0951416107803537 0.062868000831145 -0.0590655246453455 -0.0801178237283866
0.10430164377662 0.0266660347098536 -0.0896422072284851 -0.0600249943617079
0.0911376992424039 -0.0261695019686397 -0.104738494097315 -0.0105908445898213
0.0659979004608713 -0.0528798345484123 -0.0843560266962773 0.0210239234764647
0.0398640092215221 -0.0718548929572907 -0.053085100895274 0.0325892570524443
0.014674893110348 -0.0711326828514097 -0.0227580619731916 0.0282414819243679
0.0109049632508723 -0.0796297446667203 0.00118890652049919 0.0210574833815581
0.0338485497848312 -0.0763349447613157 0.0191067109091514 0.0120595956214478
0.0518650634990939 -0.0725521384780228 0.0438383517153062 0.0116619147338111
0.0909434464359945 -0.0492699913473896 0.0615381932979902 0.0338654115022745
0.109824911034981 -0.0102859531117708 0.0529984984518777 0.0647756372315311
0.101001619851743 0.0478129021667941 0.0361263275475568 0.0593256942865568
0.0929523084208269 0.0900495338762589 0.0300760125296791 0.0275977659202813
0.0765948403278059 0.121093253046025 -0.0258008682222293 -0.0138690787277223
0.0848731538560748 0.108973280937172 -0.0213941514946801 -0.0743382127899756
0.121306022037282 0.0703223442532392 -0.0673069179547189 -0.0969828270213297
0.127519653852887 0.0206370908920898 -0.0879889952835899 -0.0678879247461818
0.102456306376855 -0.037732456555626 -0.0878364117832056 -0.0188964696395478
0.0725571053963598 -0.0623096703829691 -0.0639444793275422 0.000163689239186356
0.0467775657136918 -0.0794197199506209 -0.0383015167379683 0.00641164018910139
0.0222510074824977 -0.0773248310858714 -0.0134785180939596 0.00107794685411515
0.0209707390508182 -0.082677772609087 0.00767267323629278 -0.00593843688975049
0.0477698650890249 -0.0742494821647671 0.0269202476499318 -0.0140611955047481
0.0652137250326209 -0.0663757550877391 0.0542594625128788 -0.00798012856914609
0.102580865632366 -0.0374213389850431 0.0665391142121467 0.0231209649563073
0.11861993940582 0.005554644867771 0.0488787499091064 0.0576926918125998
0.101042291639891 0.0668282042509088 0.0154654928014177 0.0484019252247314
0.0857821555905229 0.108623795465374 0.00230962078162573 -0.000900752766869373
0.0682385668163452 0.115299679133116 -0.048390388675135 -0.0527314399967847
0.0859137235593014 0.105096209400483 -0.0431581669708917 -0.09966499558659
0.122744291336235 0.0647835944159489 -0.0710422205003269 -0.103752450690498
0.124866826166949 0.012290464163793 -0.0785084192244212 -0.0716283037724633
0.0949687177767046 -0.0411237811294648 -0.0663442181391999 -0.0307597578248163
0.0663835293539353 -0.0599768610351017 -0.0422101456613569 -0.0236283454862165
0.0453950808288379 -0.0747777074152595 -0.0234433657450047 -0.0208524216618688
0.0261690509908157 -0.0713110295664412 -0.00240669390101282 -0.0249608906020165
0.0297479957035164 -0.0731066456731788 0.0196523423840714 -0.0313566230101718
0.0565537187748725 -0.0610523444228863 0.0410580366421522 -0.0356770874910578
0.0710035639452292 -0.0479274807366986 0.0679159284035853 -0.0203931539470241
0.100973360207806 -0.0139961460137564 0.071612934712009 0.0177917682132108
0.110046034418272 0.0256710398503828 0.0428581186549759 0.0507068939319311
0.0836890530568496 0.0801913684222193 -0.000986481589505287 0.0336055804861604
0.0639289146724679 0.113021893337723 -0.0200780783415603 -0.0331658414990691
0.0475787415159336 0.0897033450399648 -0.0676989746723421 -0.07963750044802
0.0679414781367066 0.0833085994870092 -0.0636689802425257 -0.110941040997299
0.0985899183013247 0.049584596754512 -0.0699573171549914 -0.100431729654598
0.0968137573720488 0.00604958303871157 -0.0657367905859783 -0.0712554213886871
0.0718921296944655 -0.0332051841019685 -0.0447866870194397 -0.0431180142779062
0.0513432416184247 -0.0454916464169298 -0.0242954426542607 -0.0452527601414465
0.0381729014260814 -0.0565147487314609 -0.0107365679760633 -0.0457223484242024
0.0246933748408713 -0.0544226908109107 0.00897334699713642 -0.0462466437389869
0.0310378710951796 -0.0541436470179609 0.0341136577499557 -0.0511504962773802
0.0545789241144461 -0.0408710490706128 0.0589636351190576 -0.0487927861402359
0.0647434039764021 -0.0257924689707042 0.0839471314127507 -0.0239417232383807
0.0829957847129461 0.00611558698767576 0.0748687358726314 0.0175728428350084
0.0850219006777374 0.0385591100699732 0.0388276751300431 0.042524946810841
0.0567764455802145 0.0796303725123135 -0.0102459264715769 0.0162264594552266
0.0346921385065633 0.100103017844969 -0.0325021948161369 -0.06404696437742
0.0141346166044537 0.0517545729752027 -0.0789331483564055 -0.0903294793066394
0.0338966995074977 0.0510428204956222 -0.0770345594052815 -0.107759298459905
0.0535044878312487 0.0303448794702406 -0.063269614199429 -0.0915650220651078
0.0518192429726612 0.00639589140381985 -0.0535203599793026 -0.0686518910886613
0.0395240961237755 -0.0139659806977173 -0.0295711908734526 -0.0520694442340134
0.0313602734199089 -0.0198097109174685 -0.0125706449538974 -0.0597671913814359
0.0280774986721282 -0.027636397267524 -0.00164704235734191 -0.0612811917363824
0.0203891818172905 -0.0289639935494825 0.018526461101516 -0.0596945521862844
0.0245813266012911 -0.0282994322021224 0.0488626342266338 -0.0627136595085868
0.0381364954821516 -0.019755919589698 0.0760623271591877 -0.0516066918439127
0.0432121268616329 -0.00924122003165443 0.0969267813354668 -0.0184866751602377
0.0536174800739313 0.0135972129240588 0.0775160534202748 0.0214440433160571
0.0525408953461942 0.0368290794099149 0.0374508836763583 0.0350378679135689
0.0272050394537508 0.0636554945493094 -0.0107253443704477 -9.30952395378957E-05
0.00359069533550922 0.0709833006345951 -0.0343947305073686 -0.0884000659701284
0.00941306358131749 -0.0205548632267303 0.0521101740213571 0.0983439087653119
-0.0111387052293697 -0.0230688216307412 0.0263352000003974 0.0191595259662651
-0.0216004010336785 -0.0147610087494378 -0.0334248376634453 -0.0269769878179344
-0.0155085239169112 -0.00135022630219131 -0.0762367044178295 -0.0214268268681269
-0.00905571871562787 -0.0017099019164934 -0.10490027360932 0.0195172210838991
-0.0112975450658159 -0.0016738695680161 -0.0885121014362371 0.065818341204128
-0.0168829671427785 0.00134531029473916 -0.0500062787877425 0.0796213680136642
-0.0142552801243132 0.00201035414415411 -0.0179675989785825 0.0729720028796678
-0.0181104040009097 -0.00267954145142106 0.00591542991372212 0.0675573863274726
-0.0162731700168311 -0.0130264611499767 0.0192677598556547 0.0651152906046241
-0.0104446546056321 -0.0174057566551017 0.031826104184488 0.0542088479561073
-0.00500927476443811 -0.0204355316879717 0.0499466222549528 0.0570782544104867
-0.00345090047696614 -0.0241454857982822 0.0600616222048693 0.0716647630831129
0.0104123019283103 -0.0260759806517573 0.0777937368823274 0.0735927448512619
0.0222015988563912 -0.020643364240171 0.0890505336930713 0.0673899363392736
0.0404997334548843 0.0217919774698339 0.0372853405885245 0.0885612109432972
0.0189600109885088 0.0126144431900644 0.0155553820405261 0.0120031569576699
0.0173642805267681 0.00807072713322 -0.0454444947701156 -0.0329862049217402
0.0241946817731235 0.00723586899000252 -0.0835274455178164 -0.0266427191053707
0.0254947541967675 -0.0110170896078297 -0.110769145312736 0.0163680468196565
0.0142035558972453 -0.0226499120597889 -0.0927702162014034 0.0606772861514277
-0.000579417073217783 -0.0288380217611351 -0.0550148551399903 0.0757484595111649
-0.00829124879153722 -0.0268287364040696 -0.0200353075650591 0.0674800137744132
-0.0142821517138015 -0.0350913283496872 0.00605949567846755 0.0602249882512011
-0.00334345546290451 -0.0429725451801232 0.0190861341686188 0.05481055126219
0.0092968729669511 -0.046013972223032 0.0347005964133604 0.0452352635877335
0.033014609233985 -0.0411554736742089 0.0531618173409062 0.0502576330469893
0.0432851518240361 -0.02619768408182 0.0602034592063336 0.0667616832436902
0.0511659834814188 -0.00463618068906555 0.0735610762170311 0.0646477699976103
0.059791389046038 0.0161265126102175 0.0812808137830811 0.0585337198204178
0.0672199287289127 0.0611959687342321 0.0175464351548494 0.0637827679114633
0.05067307125392 0.0484544499655332 0.00167478420356377 -0.00892048422155555
0.0596487558873078 0.0297271326331891 -0.0592619878179767 -0.0478962635400217
0.0660871231537741 0.0118666751174154 -0.0925138789050213 -0.0342886282518624
0.0570566598572259 -0.0227700156494352 -0.109886831419834 0.0137343508482748
0.0381382157649595 -0.0421376687100766 -0.0878352314179199 0.0505797221113547
0.0145379471433568 -0.0561340289611543 -0.0535328189947099 0.0629663228543347
-0.0015111867263779 -0.0519806441269526 -0.0196354920743904 0.0523917230180948
-0.00896270763066554 -0.0614792330296475 0.00441289937504821 0.0432723409985205
0.0087999964476438 -0.0669587409807343 0.019291411102028 0.0355943941734961
0.0250494630808798 -0.0675026515741001 0.0392988016466698 0.028011186019111
0.061636776149296 -0.0581388946350988 0.0574157795430378 0.0395807216278793
0.0809025510261185 -0.0295952480730046 0.0587417715371425 0.0616403211910416
0.0850749597767147 0.0145944129710427 0.0601614639710049 0.0572420465653495
0.0882464855060582 0.0487098234622115 0.0612061974384677 0.0419574612009609
0.0863066834923397 0.0901027758089189 -0.0064638716340421 0.0280561874987157
0.0794340446963719 0.076705061008374 -0.0147120103444819 -0.0383190473434694
0.100174738584364 0.0447310775450777 -0.0725675734922988 -0.0662260788321066
0.103872367426027 0.00784108612498646 -0.0986040170753041 -0.042277639906107
0.0808946335667501 -0.0377233435559938 -0.101984963242464 0.00853942737439449
0.0543884125632308 -0.0591289468672682 -0.0764734683693042 0.0338489878853181
0.0265059419100354 -0.0757776235927503 -0.046221530508056 0.0413401764479156
0.00514382922394657 -0.0693357792459768 -0.0172817574568502 0.0299092079572335
-0.000815466405471976 -0.0778643827054495 0.00461657212559355 0.0194476494439428
0.0220237682276103 -0.079804957340093 0.0199895618781192 0.010625102813441
0.0391700100040485 -0.0772897730711352 0.0441360955874503 0.00756197022525391
0.081971575339648 -0.0629765441637945 0.0615079860511509 0.0267091092019464
0.10563343474502 -0.0267724587522517 0.0565903339659921 0.055716009147544
0.104721163156129 0.0314306899666025 0.0424562066966867 0.0502762335973003
0.10285054681411 0.0755642279287526 0.0337644920632025 0.0202375310604761
0.0930412447534913 0.103204505886004 -0.033452827339643 -0.0110064212499651
0.0979429775771853 0.0891917602012447 -0.0374125603765663 -0.0678072518184863
0.125799036048858 0.0480519242718172 -0.0832074060178688 -0.0801588628434439
0.124733798544777 -0.00167783402366782 -0.0981075751430932 -0.0494901047876819
0.0905794324069708 -0.0505230033309393 -0.0863224462806675 -0.00191869293745271
0.0590453591461822 -0.0689435542104909 -0.05970839227426 0.0109916281477475
0.0316026737121859 -0.0846323061243376 -0.0367045796794942 0.0145238938472706
0.0109314554033064 -0.0761490364876418 -0.0115091589424359 0.00285313292724645
0.00767227257410294 -0.0835371437354404 0.00736074249306838 -0.00746669354522971
0.0347690226969479 -0.0805851401474691 0.0243324679940542 -0.0152261582494151
0.0524221201379974 -0.0736153415927797 0.0514689503944471 -0.0128634574807229
0.0948701720173438 -0.0530234239309444 0.0651514340182944 0.0162071916565249
0.115942725030225 -0.0128569371694127 0.051689605211591 0.0488109181545359
0.10755998862173 0.0498634753743968 0.022110020814923 0.041978147284118
0.0977431165276854 0.0942444793781611 0.00455966922948494 -0.00448677258813051
0.0837716535004811 0.0978269701619896 -0.0600833326731346 -0.0450393390734719
0.0971247257925275 0.0846396719286548 -0.0616493927665147 -0.0883784555735144
0.126049935204169 0.0423066018642237 -0.087989071117183 -0.0858921367856497
0.12060927581516 -0.00939638352237727 -0.089851574086594 -0.0536500727099998
0.0834954544643055 -0.0529588496394294 -0.0665902533203579 -0.017096168503683
0.0533684217580445 -0.0664770091818034 -0.0425580840684159 -0.0146730139420738
0.0308375861947356 -0.0799822968151815 -0.0260889142945462 -0.0142591297254832
0.0145637205205487 -0.0709125910163774 -0.00430434658204504 -0.0233989519924369
0.0169403731523607 -0.0756288941341836 0.016093204032726 -0.0325979646007265
0.0450877075465801 -0.0684971888269659 0.0348316330958549 -0.0381262058156243
0.0614454639983265 -0.0563809746094929 0.0632105572629377 -0.0265078319300929
0.0958244157425336 -0.0300578045411315 0.0694718454383405 0.0102751709027904
0.109717512789941 0.00868105445997578 0.0460054757120499 0.0416194291860197
0.0919134051701864 0.0647503063394743 0.00438271680565966 0.0302012563664983
0.0770983892138123 0.101060985327616 -0.0198087533063806 -0.032224386437297
0.058029266211269 0.0768026352335456 -0.0806381934228423 -0.0678443615857381
0.0756424749356612 0.0668205767063425 -0.0816474441671601 -0.0961019804038779
0.0996512804775059 0.0309296425457326 -0.0848639864729511 -0.0829514913156663
0.0930128886408059 -0.0108899385889685 -0.0767616869542306 -0.0556922362162432
0.061836689919089 -0.0424297511812744 -0.0478432417723079 -0.0328382404756752
0.0406065854515514 -0.0507648820888373 -0.028866977376441 -0.0384701480361151
0.0271479619516468 -0.0617556915044615 -0.0176613277826416 -0.039732141389067
0.0162090031129917 -0.0551303952236378 0.00338790176838584 -0.0452848881498346
0.0216649246843473 -0.0571934907957669 0.0277048190090848 -0.0537356936521097
0.045446940042093 -0.0487206168245688 0.0508005026018865 -0.0524765102660448
0.0577904049717225 -0.0347887370132898 0.0778449327599706 -0.0314296256710538
0.0819186072924834 -0.00800492521728328 0.0730926864098115 0.00854418421252579
0.0874284828149255 0.0250791662294101 0.0414475010459837 0.0343471546308069
0.0657558591528726 0.0689222711681481 -0.00616885771291481 0.0147858941636323
0.0465861561921077 0.0929401312761364 -0.0355554991570095 -0.0596368396834081
0.0198437405860302 0.0458306443883611 -0.090509240124854 -0.0768006671503464
0.0375739346129401 0.0414434169069812 -0.0918957764986855 -0.0925875683837161
0.0538689365412842 0.0203570652566248 -0.0759355662026375 -0.077157950274169
0.0491793823725598 -0.00275510563172029 -0.0631941476848696 -0.0564733759623902
0.0342724782054422 -0.0193282177996755 -0.0354207249171608 -0.044527451816565
0.0256161021665161 -0.0246083428805939 -0.0207054503989948 -0.0548017181355149
0.021730115711045 -0.0322114222992225 -0.0111324553226651 -0.0572800096401471
0.0150461921688681 -0.0308277340695713 0.0107266638946429 -0.0595021116431223
0.0191389537886099 -0.0322002515888719 0.0398979343432954 -0.0661333264824226
0.0338057234307963 -0.0258758949473554 0.0671725521693811 -0.0586299931853121
0.0400642764888339 -0.0157868378179284 0.0910875882403222 -0.0288109830138617
0.0541111044990325 0.00396651945785947 0.0768796713148374 0.0118928966438467
0.0549934977689805 0.0278989188384657 0.0398375670973736 0.0283588006371138
0.0344126034663717 0.0570199685868936 -0.0088251280671974 0.000347993804525623
0.012423581742088 0.0683677632517385 -0.0408348479257695 -0.0818796160048496
0.00834414956922215 -0.0191878943667653 0.0514632543137912 0.0923263164589264
-0.0107423253511404 -0.0216988764050141 0.0258420561051049 0.0180353654881936
-0.0200077350148812 -0.0140989808026617 -0.0325187176128829 -0.0259971175526227
-0.0146301615150332 -0.00165369627269927 -0.074118064196121 -0.020234700802957
-0.00869720191057888 -0.00190172459554598 -0.101158384860215 0.0205254962270439
-0.0107586360950426 -0.00209037932965255 -0.0826812433916511 0.0650853475104497
-0.0153901606319799 0.00108125330967659 -0.0468777578006961 0.0776101904118043
-0.0132167969450548 0.00212863908694989 -0.0166420750267322 0.0704786034467428
-0.0170771126163663 -0.00249922164290894 0.00747182739434268 0.0645312664526964
-0.0157364170424869 -0.0118086450036591 0.0205258363597011 0.0621735641803224
-0.010756591129539 -0.0168342768883905 0.031225109571205 0.0519898155957691
-0.00454863470687681 -0.0199682317681903 0.0484542719020874 0.053328304804291
-0.00299081496217143 -0.0230075056433626 0.0588236300091582 0.068109709671468
0.00967977225263523 -0.0253607202766943 0.0755941393299469 0.0695413402721241
0.0201302557516876 -0.0197845936879279 0.0879470101710051 0.0637967822207042
0.0395873939595981 0.020275399547139 0.0369532204878509 0.0832795440115267
0.0193872166248282 0.0117692334371422 0.0144803008247758 0.0110225299936242
0.0177489548219461 0.00740583809778985 -0.0442537069263115 -0.0319430140310569
0.0241194522426546 0.00599757765226814 -0.080909984164892 -0.0250155321342995
0.0243143668060164 -0.0118259173527723 -0.105412133070171 0.0172671931702481
0.0139174190974588 -0.0223988190848801 -0.0875783687905795 0.0598513605140361
-0.001316755675765 -0.0277197231604507 -0.050975191215035 0.0737516663690504
-0.00832755578304458 -0.0260415305567466 -0.0183416832898837 0.0653279473983925
-0.0145015526621938 -0.0334738255669025 0.00667410311273216 0.0572094874348544
-0.00453010891340501 -0.0415574344194137 0.0199603690256308 0.0522295038107309
0.00800527903773158 -0.0442348776064781 0.0342544237104602 0.0426265286680181
0.030895151083926 -0.0405821954746569 0.0513674338673874 0.046881792894701
0.0415034167587174 -0.0266981249445136 0.058969869703069 0.0628656012139185
0.0496732230285903 -0.0052141084866011 0.0720398625806191 0.0607976186920301
0.0576807330203298 0.0141289694083919 0.0798265745024234 0.0548041448378203
0.0660528017417621 0.0569334900746896 0.0172950130622442 0.0595190579622786
0.0504905019457506 0.0455990079884956 0.0017943750069723 -0.00903342467297078
0.0584455580325133 0.0278991630045835 -0.0567979704984151 -0.0454860996205404
0.0645795836326455 0.00878416162389847 -0.0892764464682521 -0.0331494118770123
0.0548254800749343 -0.023618245289064 -0.104155881693575 0.0144249173321792
0.0360137634745116 -0.0424507371495901 -0.083379876092855 0.0502950835671746
0.0126725528100548 -0.0542782418827734 -0.0493349294249152 0.0611063089265589
-0.00266052624245107 -0.0500912612143994 -0.0188364935209496 0.0505031305791224
-0.0103884860678459 -0.058826294050356 0.00488855102197899 0.0410116451094548
0.00666472174731855 -0.0645661082351095 0.0193715829176271 0.0339412333155304
0.0225116744120962 -0.0653536584713331 0.0380986302798473 0.0261434529980798
0.0578451323781948 -0.0576665970303806 0.0557022307664112 0.0369123196283801
0.0766859275858927 -0.0303782163505125 0.0582225232393345 0.0581230616705485
0.0823562150403436 0.0117143980451193 0.0590426479584914 0.0540723417496107
0.0858734432648044 0.0452086562211937 0.0606011932042861 0.0395109720620858
0.0845234096148969 0.0839369495499769 -0.00645910187118978 0.0259806665633981
0.0784495478913196 0.0722354192103206 -0.0148457149922441 -0.0371045527535449
0.0970766205387919 0.041097923394565 -0.0699228829725584 -0.0634924641208607
0.101324081391266 0.00526972987879535 -0.0960918558645902 -0.0404725019231226
0.0780678112539351 -0.0379102354123666 -0.0973756745806841 0.00839056256221746
0.0509699432200643 -0.0583326109827011 -0.072399396541496 0.0337638572712661
0.0230861544193044 -0.0734259344044205 -0.0434160742100181 0.0403786758949301
0.00325804171687375 -0.0665220485969775 -0.0164852798953712 0.0282924693101635
-0.00342938056890202 -0.0746621186424572 0.00457624612652647 0.0180795936034542
0.0190309298238084 -0.0777434909016821 0.0192982827169209 0.00963664645321093
0.0364554072390028 -0.075231567775184 0.0424996936210362 0.00614964940707706
0.0773892594628075 -0.0626032134446027 0.0602045081134866 0.0242455708567844
0.100520550843885 -0.0280662304158192 0.0557464018949273 0.0515004090939203
0.101595424320315 0.0278247303895213 0.0414558400851263 0.047661439838431
0.100363134897123 0.0695162116179977 0.0337253797981951 0.0191004666231382
0.0917370603336002 0.0958741760788969 -0.0333267914478857 -0.0114283076136768
0.0968224785164115 0.0838153229768693 -0.0367608317421566 -0.0649639233434081
0.121569131371234 0.0435495323094995 -0.0804711894790415 -0.0762672646563923
0.12123642001694 -0.00403613668203126 -0.0956180619792316 -0.0472380488480645
0.0862383566875351 -0.0501035408369331 -0.0827074570190266 -0.00154761817326614
0.0555149113421794 -0.0678814527568374 -0.0574014682234107 0.0116383546181188
0.0279545484696661 -0.0826743122731394 -0.0341841988973368 0.0140401794616067
0.0085274313367725 -0.0731197908724633 -0.0117758232669442 0.00213882840407264
0.00565340094388089 -0.0792486697471495 0.00727463863177312 -0.00731351906009291
0.0313357392086543 -0.0787244351938796 0.0232885636887362 -0.0154955648805939
0.0493734981407474 -0.0716870074360594 0.0495796776464019 -0.0133953534819549
0.0899228434758148 -0.0537578897355718 0.0632776767676549 0.0141645720221582
0.110519657626462 -0.0149469237053378 0.0512229833455054 0.0450188457772542
0.104439519702862 0.0455607158906041 0.0221315685124296 0.0398364054992491
0.0961254591706932 0.0874288719953388 0.00491961964110169 -0.00391517621570042
0.082570065174601 0.0910751910248486 -0.0592239310994858 -0.0437263139610755
0.095733069202103 0.0796207265860863 -0.0603630377368071 -0.0840567098858386
0.121475406728045 0.0380399633563115 -0.0848028399075944 -0.0812948145526901
0.116405968342164 -0.0114007148901144 -0.0873542313826596 -0.0511710343591394
0.0789477715800278 -0.0525559040517349 -0.0636849237413042 -0.0161242424589012
0.0500663067421133 -0.0651619361101232 -0.0419794831575965 -0.013953182928326
0.0275266427589107 -0.0774681200995239 -0.0249009434726454 -0.0137201612253275
0.0127509008290732 -0.0680773258935795 -0.00511305897449476 -0.0231118122539098
0.0146772131218353 -0.0719761474216664 0.0142829783636085 -0.0319533737947917
0.0416876364170672 -0.0677153402091183 0.0328302611335404 -0.037537673432332
0.0580741956788267 -0.0554320018782653 0.0602650472379377 -0.0271638837098084
0.0912238540734526 -0.0320658632824927 0.0674108493389851 0.00769187885916038
0.104759905040333 0.00594734664523361 0.0454252627024397 0.0387024583871207
0.090010692461113 0.0600633871980732 0.00495864891674976 0.0289964231666624
0.0764495372325248 0.0943366659843572 -0.0193047531557234 -0.0301607372192741
0.0580757681782791 0.0714127593588441 -0.0795760724779057 -0.0651504675217895
0.0741752281640483 0.0618838990583709 -0.0802127312104836 -0.0909762374287259
0.09539767296921 0.0279646904245724 -0.0820036301969768 -0.0787983857800917
0.0892904789515674 -0.012302106537471 -0.074931585745397 -0.0531992690677283
0.057944452091182 -0.0416519453510089 -0.0464610784871728 -0.0313942123932563
0.0380434396766894 -0.0496222432670219 -0.029311038829363 -0.0370711174909164
0.0237699940151498 -0.0595499427837432 -0.0170254610226879 -0.0377501839517577
0.0146440394532306 -0.0531149521108696 0.00212577012375259 -0.0443049577504925
0.0191899297611277 -0.0550523390918313 0.0252373269319872 -0.05190531962656
0.0421878308316375 -0.0485462966223984 0.0470294064454228 -0.0519457114959749
0.0550232224151484 -0.0344315468944755 0.0737155012218847 -0.0324799990945422
0.0782719769004815 -0.00971332350114883 0.0708951552547835 0.00727822483140904
0.0843206751270718 0.0218968956851622 0.0410837846009076 0.0320760985710787
0.0641590039376564 0.064451574280844 -0.00510110741589398 0.0145037619656454
0.0466291184852167 0.0864598354197125 -0.0346397765497242 -0.055635728554195
0.0202133297523665 0.0426221533845413 -0.0888342722532128 -0.0727946586392718
0.0367742367465102 0.0390764253118876 -0.0901870711615504 -0.0869066863037479
0.0518310393092193 0.0184934199307336 -0.074198716976336 -0.073039977438194
0.0478338795641025 -0.00354907279008191 -0.0614792467677548 -0.0535887136452897
0.0321929902081348 -0.0187244121208187 -0.0347724758846974 -0.0429888575227825
0.0240887970331009 -0.0237192080670235 -0.0214716859201862 -0.0524808742665981
0.0198472309649684 -0.0312177387047511 -0.0115389552035036 -0.0547511755050952
0.0138962853042305 -0.0298897843202564 0.00938797009319803 -0.0575051590171386
0.017186673123151 -0.0306955211968287 0.0367981630492772 -0.064247160747652
0.0311542752842086 -0.025675524363676 0.0630816261478085 -0.0573608279667513
0.0385133651717278 -0.0158389844597771 0.0870626061115775 -0.029956879795494
0.05183519885713 0.00206467749362636 0.0740074596772802 0.0102643674689405
0.0529426580656589 0.0256161766519817 0.0396365394384007 0.0265162801359413
0.0343933535398975 0.0535208974644042 -0.00830930740848706 0.000577412190740201
0.0138057511657293 0.0642174783345721 -0.0406091222690239 -0.0770654491901648
0.00796707252608365 -0.0179268780436854 0.0496600981533043 0.088871702933976
-0.00947447047192907 -0.0210645885176388 0.0245780390922402 0.0166452200308683
-0.0182379949010834 -0.0138270754379943 -0.0322557000719829 -0.0260774865870612
-0.0142849684768778 -0.00143758477349885 -0.0724438832924959 -0.0206359040069263
-0.00808341619472999 -0.00255118095866421 -0.0979533917797185 0.0192343000583976
-0.0103804948569122 -0.00243661649992159 -0.0797501938577673 0.0628962037262832
-0.0151478765513368 0.0012564378636495 -0.0454016196230085 0.0745409455374056
-0.0125729958284196 0.0011808220346464 -0.0169293454290825 0.068605929441892
-0.0160181276410843 -0.00261077753340862 0.00668471617420048 0.0623020665736873
-0.0152083811534564 -0.0116636319817691 0.0196390685668684 0.0606739311512431
-0.0101107615771009 -0.0162309865087198 0.0298808848256819 0.0502339733800266
-0.00463541449568655 -0.0194178685819009 0.0465379955668172 0.0522629643656168
-0.00229449013651202 -0.0222306024113539 0.0560859598767031 0.0664846197380361
0.00950265879554603 -0.0238263178549165 0.0724057353464247 0.068155311782815
0.019250979481422 -0.0187366898068847 0.0850521244377044 0.0627901571357901
0.0381491607776433 0.0196411977971346 0.0344626492352621 0.0798247405470201
0.0195360225856411 0.0115529310716426 0.0141453370123248 0.0100846147736334
0.0181350674834229 0.00709840918075277 -0.0427391774015058 -0.0321710705523297
0.0246596249397092 0.00518936660624309 -0.0796554577045528 -0.0259590510206812
0.0239060036513958 -0.0124318546875086 -0.102598474292035 0.0161503814916307
0.0137762896131877 -0.0224909185029421 -0.0842962825289874 0.0575914808922457
-0.00118314745602914 -0.026970465692897 -0.0491365717138101 0.0705467476312379
-0.00794357078909925 -0.0256600847308546 -0.0192472082004571 0.0633392562124152
-0.0134282003472696 -0.0325762416870905 0.00620782633881434 0.0551028598521846
-0.00387014182216544 -0.0401865731394419 0.0196777916036393 0.0503791519657936
0.00798941307747388 -0.0425167842669608 0.0324656915212334 0.0418886428421837
0.0302195502677905 -0.0389266168994399 0.0495916523135492 0.0455611021758986
0.0408253209585369 -0.025412210508191 0.0570979606023734 0.0617691018525397
0.0481942675794631 -0.00484994424143693 0.0689607794999243 0.0598914448955904
0.0550954634982478 0.0145483361861615 0.0779295711278581 0.0540652832321804
0.0640261821926716 0.0547563841123885 0.0155523848211201 0.0569617683791945
0.0490857247287642 0.0447952595037607 0.00151297728364718 -0.00938577898385464
0.0572865873543036 0.0278577332662468 -0.0547082513309555 -0.0461141269290471
0.0638120599174943 0.00856518899510222 -0.0872780115555832 -0.03377070267929
0.0533947802811785 -0.0234673918643751 -0.101527941744188 0.0126903180083459
0.0354419789852811 -0.0414728152597161 -0.0808884866652849 0.0474444891015095
0.0120913108630522 -0.0523522009541702 -0.0476460160539142 0.0586996057428975
-0.00217753142557844 -0.0490187674788582 -0.0193092729708159 0.0483094743353276
-0.0101731984110262 -0.0565862773806334 0.0045049547964174 0.039038092205989
0.00635692687237494 -0.0628565599844306 0.0191583486937835 0.0326757753053221
0.0218959365101686 -0.0631605359945304 0.0369588584068573 0.0251871459520735
0.0559657097295376 -0.0558301230818135 0.054161212488936 0.0355318976177576
0.0747674833348294 -0.0293318681560337 0.0563020585155061 0.0561144496653231
0.079956070965104 0.011617385847564 0.0565930569102768 0.0530392211186535
0.0828063003348119 0.0440298429541863 0.0593373220695154 0.0387535646609731
0.0818080390463914 0.0807358862850428 -0.00714414672416906 0.0240332571094435
0.0762088778386517 0.0700771073271798 -0.0141288432975047 -0.0366881158918919
0.0939932395918187 0.0404066468666941 -0.0668932711448373 -0.0626456785074957
0.0991494762699228 0.00454212917271676 -0.0930728960921253 -0.0418528349252685
0.0754547249036762 -0.037293618446845 -0.0939140004487256 0.00693004935445246
0.0496272024170084 -0.0574347108922167 -0.0705990663578314 0.0318515462867185
0.0218943170744523 -0.0707909605799296 -0.0413939987608503 0.0380323433143805
0.00377388402013673 -0.0647607634461926 -0.0173229116949796 0.0269167039254109
-0.00322540052786878 -0.0723005870971537 0.00393184951571936 0.016897793850571
0.0176848328503729 -0.0755715000294987 0.0192510621778414 0.0094723536106071
0.0353867989079682 -0.0727856745133748 0.0414415593694901 0.005929430467569
0.0748932015491927 -0.0615471112559394 0.0580719410946406 0.0233673454260848
0.097711461906622 -0.0269306798774692 0.0545191528713949 0.0495891391774138
0.099043113698176 0.0274443650787137 0.039919867434683 0.0465527306181313
0.0968622491917865 0.067577626531402 0.0332634302132589 0.0190314662310697
0.0883407250253164 0.0921275227295048 -0.0332897065363248 -0.0120394420017755
0.0933950648423221 0.0816717991695475 -0.0349322477569295 -0.0628603267752221
0.117822766614765 0.0431320218346595 -0.0767011145458011 -0.0749353810988868
0.118740855898619 -0.00438524942306542 -0.0928183145135418 -0.047148032009077
0.0838401656608541 -0.0489299903166888 -0.0797615717384659 -0.00339509516107576
0.0540807025203126 -0.0660384370383828 -0.0557710681759311 0.0102107903806219
0.025963467384812 -0.0790671870621907 -0.032123439774805 0.012806202213472
0.00843542528653823 -0.0709210235617393 -0.0120888915706698 0.00178844363711744
0.00541310781308068 -0.0764218724326552 0.00663010026207854 -0.00777922219107069
0.0301279180696971 -0.0766676288714137 0.0221877105165873 -0.0151073156489076
0.0482304245104715 -0.0690392438159626 0.0476087389282585 -0.0131278233301171
0.0872905672050956 -0.0521600547003873 0.0615899305420173 0.0131582873984043
0.107059821332316 -0.0141540028775571 0.049619686437006 0.0436467351394377
0.101267889880616 0.044194537122732 0.0209154713525864 0.0388887203608315
0.0929533967557327 0.0839911592785531 0.00564259548246912 -0.00362579559973434
0.0795771971808293 0.086852645604895 -0.0583581550137772 -0.0434637433326816
0.0922742150128353 0.0766764476957724 -0.0581858348447794 -0.0820218034891689
0.117669679437817 0.0378812062529251 -0.0809118190624319 -0.0805292453315221
0.114439796338171 -0.0107511631915176 -0.0846507075021372 -0.0513271425121118
0.0769695730921282 -0.0503867003971552 -0.0611829695150233 -0.0173455564346214
0.0489266976668419 -0.0629998698412162 -0.0408743231918141 -0.0144123601776258
0.0259228290336772 -0.0746833220402293 -0.0234291614963143 -0.0137594766589737
0.0123446160639304 -0.0659449090236689 -0.00550283412224011 -0.022850683971231
0.0139734024446519 -0.0692237372679387 0.0144723702862265 -0.0311824451792113
0.0401475363047858 -0.0656628193602114 0.0319650124760615 -0.0360994399319616
0.0564016387237151 -0.0535793943238944 0.0583146365270337 -0.0262069753187856
0.0890252003340106 -0.0315731864304758 0.0652191481063605 0.00746497928686534
0.101459908546102 0.00557994151058099 0.0440494816404384 0.0367771380171923
0.0871088270206516 0.0580090073232561 0.00474586378751695 0.0280223772738238
0.0738348698655274 0.0907633388961241 -0.0175776980198288 -0.0288775290568217
0.0557850462387404 0.0681868758889994 -0.0777987307355629 -0.063797609222939
0.0716266047739642 0.0601084809357006 -0.0767657436670459 -0.088872461552862
0.0921123561232599 0.0280213572517234 -0.0788374947945865 -0.077711674505782
0.0870424567244344 -0.0115235732250344 -0.0721906469192073 -0.0529346761701729
0.0565678067544695 -0.0396916416892149 -0.0444724536727723 -0.0318075394092114
0.037075330094031 -0.0471498583384983 -0.0284243796066687 -0.0368091285995136
0.0227909432253362 -0.0576105959586277 -0.015904909641948 -0.0371007319726298
0.0138325476044376 -0.0516514180665734 0.00242520575831226 -0.0431625622790224
0.0185810822898589 -0.0526949463126089 0.0245354664030662 -0.0500634182144279
0.0411025190417001 -0.0471872485314372 0.0457893824339093 -0.0498783079345199
0.0536052432200679 -0.0331577007280105 0.0719558807125418 -0.0315246434242231
0.0764367670880568 -0.00949182294250218 0.069501465416328 0.00655830924339377
0.0808180473647229 0.0212385310588096 0.0397050038369708 0.0309855284297234
0.0618225487766363 0.0622624320320312 -0.00543853797015902 0.0139183125960044
0.0450130121274096 0.0829211923010422 -0.0335318186251199 -0.0535987981513589
0.0196080340253064 0.039904209176358 -0.0866984938625983 -0.0714180583422635
0.0351745518489185 0.0372928622223574 -0.0866120309515337 -0.0849255279798952
0.0493807641438763 0.0187378448442162 -0.0707949148842967 -0.0719202605133099
0.0462071064346797 -0.00301321150113351 -0.0598707369067309 -0.0527745630773432
0.0313993472007183 -0.018077701632229 -0.0338501064257176 -0.042694942292683
0.0233978952757061 -0.0221173734894944 -0.0215787812651235 -0.0515677622170707
0.0188636071621723 -0.0299635946024474 -0.0110022414985275 -0.0530378488460071
0.0134713179454329 -0.0284384294514629 0.00964688344500626 -0.0563033581749791
0.0162312014494609 -0.0291697099324516 0.0362978952914889 -0.0620955160655992
0.0299901797183336 -0.0250958104225509 0.0608853318948904 -0.0543870713953438
0.0373934995922798 -0.015377883361587 0.0840729905451546 -0.0285389318547103
0.0502380403939236 0.00254207513230669 0.0726543891044851 0.0103815791431317
0.05069474492213 0.0251489217847278 0.0382473143843463 0.0253030596732757
0.032244138634642 0.0508292271475389 -0.00787125558594209 0.000847085697857732
0.0130737880557624 0.0615835960100878 -0.038788267234534 -0.0742335431279631
0.00769754994638364 -0.0169213122210173 0.0470366793927227 0.0878233621839639
-0.00837488994776906 -0.0210544171768105 0.0234618393805148 0.0168621712445087
-0.0170290058702123 -0.014206479777478 -0.0320076121416225 -0.0270507785376195
-0.0130395921469335 -0.00265642043583085 -0.0724624293465318 -0.0220087164909784
-0.00851914183352667 -0.00348452674520212 -0.097349459700482 0.0178250809381664
-0.00979638080243621 -0.00346029111630936 -0.0797586797962753 0.0609713962520096
-0.0147045825948858 0.000858584548548569 -0.0458020543806114 0.0732758447429291
-0.0125210501861731 0.000784551109992674 -0.0179626842191818 0.0682962451971888
-0.0158569132807673 -0.00294509731003596 0.00585756325062977 0.0612195800646595
-0.0145454105343544 -0.0116400793715515 0.01907326624779 0.060135907417432
-0.0100026371744723 -0.0165036267093939 0.0290074259052148 0.050643797232619
-0.00385774155842857 -0.0198840820732507 0.0446883123244274 0.0525654443606436
-0.00133529959067979 -0.0223326656753463 0.054379989322153 0.0676398132952813
0.00990078023313896 -0.0234533386640093 0.0704717870049332 0.0692710869331154
0.0187280143210675 -0.0170940108347797 0.0834542424415594 0.0644300527431652
0.0376952686567924 0.0204369118197929 0.0322022995576596 0.0787664985656429
0.0195398703298126 0.0116531116109544 0.0134930053617993 0.00975226409620274
0.0187596666780531 0.00741936384541503 -0.0415571936932142 -0.0333926791425078
0.0251231073335905 0.0048912784792079 -0.0794213703077767 -0.0283545731831498
0.0239837279734042 -0.0123540747625028 -0.101566336820901 0.0136284006465988
0.014086009745493 -0.0225901974039879 -0.084510274808214 0.0552005514379927
-0.000506382281122722 -0.0267654930843418 -0.0494927938047608 0.068785202500593
-0.00772731710104395 -0.025655509904281 -0.0204780541747553 0.062686063416911
-0.0127838378166309 -0.0323713242155273 0.00536980443369578 0.0546633667844354
-0.00357548377501498 -0.0400003308522141 0.0190534744882066 0.0502273325595651
0.00894274585034731 -0.0423695581804314 0.0320016969901814 0.0416492242744472
0.0308193526821383 -0.0389607339464718 0.0481916402751684 0.0458185795130424
0.0411447645273977 -0.0248356536567685 0.0549530471679428 0.0620377870323012
0.0480944918442219 -0.00367413944832066 0.0670771177749328 0.060915863079716
0.0540658892159991 0.0156372596934976 0.0762741635289497 0.055292456767483
0.0622057538710157 0.0553694737342345 0.0137377414237301 0.0558516928232663
0.0483102160388223 0.0451729925125621 0.00186282752276388 -0.00969186833703188
0.0572317849503649 0.0283246595174505 -0.0533374500645531 -0.0478222315301048
0.0645520000909505 0.0087658216765438 -0.0868879994844598 -0.0356887954050755
0.0538858594319124 -0.0231570932592839 -0.100871603055589 0.0102972574251553
0.0358265029149992 -0.0416170667948134 -0.0806584035228515 0.0456853396451792
0.01222034541231 -0.0517057538347599 -0.0475917219018085 0.0562520066628684
-0.00147736818131765 -0.0490635669694778 -0.0203185297291541 0.0474933526704428
-0.00870359904453516 -0.0562591388446975 0.00375893509655362 0.037980717511404
0.00656353204003569 -0.062397473615276 0.0187899778284974 0.0327615181547312
0.0229136274861644 -0.0626427228088757 0.0363352634349749 0.0253180692827136
0.0568112412421415 -0.0549179230657205 0.052824751438941 0.035467540237972
0.0748897098253332 -0.0278872152173646 0.0548833247211125 0.0566575618880867
0.0789298062657885 0.0127065889029551 0.0550367540947143 0.0538933202182788
0.0812252623577488 0.0446786992404355 0.0580563450423085 0.039889250355824
0.0796876649303292 0.0806081290102606 -0.00878625710640626 0.0228904717878109
0.0750677395485724 0.0707668963044613 -0.0133424602532023 -0.036540291878462
0.0936277754348654 0.0417891914759033 -0.0650058685565869 -0.064718346832175
0.0999436624233958 0.00596703529597498 -0.0923832386024344 -0.0438720394033352
0.0761012365722492 -0.0362349245751062 -0.0931496964228551 0.0043970648767185
0.0503564030503368 -0.0565286921019038 -0.0704816804440882 0.0297863943601
0.0222485215109571 -0.0697873827903385 -0.040332395098911 0.0358629339237021
0.00432145327600397 -0.0646258227368676 -0.018213033421845 0.0262374778898705
-0.00187577556064425 -0.0705403461027301 0.0034255358030218 0.0162483056109404
0.018946275574066 -0.0754674065228891 0.019106695970174 0.00968609816091811
0.0366950687337482 -0.0713874265176213 0.0410066891559194 0.00602761997180611
0.0757948308076571 -0.060347609462721 0.0572771608361983 0.0238301035807756
0.0972995995310655 -0.0251725418977651 0.0530109575817875 0.0501722075041816
0.0976268657771896 0.0282372237475898 0.0388858746122798 0.0467235946076124
0.0948849389801342 0.0682895786997768 0.0329639124535428 0.0199270178560512
0.0857934407860849 0.0919311809086436 -0.033151479559133 -0.0130269487105892
0.0918512358940768 0.0819665317107405 -0.0334933794012621 -0.0637219795061772
0.116432476524726 0.0444700330878767 -0.0746488551970277 -0.0773581688024666
0.118855764368367 -0.00271109633603018 -0.091635339195311 -0.0496078600715432
0.0842682126026092 -0.047426039774208 -0.0784895006546132 -0.0055044384127532
0.0547582725064021 -0.0651230360893711 -0.0559151876151687 0.00868672408343525
0.0264510841195315 -0.0781946583355436 -0.0312610871346223 0.0109881250887242
0.00953184313227539 -0.0703885919587233 -0.0126827792969149 0.00113473854294204
0.00661654101687595 -0.0750070425603325 0.00693275294505015 -0.00791683074772373
0.0306208313177502 -0.0761621577010145 0.0223418177396905 -0.01450695747196
0.0489189627008606 -0.0673975943881399 0.0477056102124798 -0.0129451779690548
0.087492575297665 -0.0513425462428112 0.0607974259858842 0.0136415478783108
0.1065427087734 -0.0123256301449488 0.0484355518799615 0.0433457354714285
0.0995961383562168 0.0449836783969658 0.0200175193866537 0.0388648981442803
0.0908855144734843 0.084724888176929 0.00595601770680054 -0.00313059698711113
0.0775187143905231 0.0861410919703468 -0.0576709162963891 -0.0443504224704756
0.0906315671080644 0.0774960496389686 -0.0557761607873917 -0.0824669448020816
0.116095274902794 0.0394322215454601 -0.078665321788714 -0.0823309418909686
0.113742960831505 -0.00936351276482024 -0.0830790252380744 -0.0532997330813956
0.0770304496025776 -0.0490016390350929 -0.061035647614084 -0.0191290507691369
0.049518281361549 -0.0620538227196134 -0.0405965006898048 -0.0156180931890552
0.025844466946969 -0.073281505026146 -0.0220953265390612 -0.0153937646203304
0.0133028021669138 -0.0654605890550521 -0.00553150582481134 -0.0229585489635107
0.015130140662094 -0.0677456672719041 0.0147822057594833 -0.0314086749885923
0.0399248252602323 -0.0646877794179599 0.0320885218117203 -0.0349076409615621
0.0568760341132571 -0.052389141727468 0.0585428655712961 -0.0252127042140864
0.0883211000197986 -0.0297002249790532 0.0652385956080083 0.00823882932723621
0.100503173601258 0.00704488903597474 0.0432540567371076 0.037115463651178
0.0853312626560965 0.0582617834801644 0.00379349276757225 0.0279540897586201
0.0720022979502721 0.0900692451410497 -0.0170574124939132 -0.0284867586082217
0.0542171993749553 0.067361902564122 -0.0763320248998362 -0.064878811862742
0.0695740179383684 0.0601023106146011 -0.074825599319234 -0.089317195789524
0.0905851806167226 0.0290177340278713 -0.0766157399691112 -0.0790534484602162
0.0864835181704522 -0.0101432133158246 -0.0707524985337497 -0.05417554074578
0.0568814280265134 -0.0381641054323362 -0.043986291656877 -0.0331012746514204
0.0373438228693233 -0.0466742731185003 -0.0284594333733737 -0.0373970331255751
0.0228110721955152 -0.0560715267921292 -0.0146601884710088 -0.0377620679743589
0.0148130168969472 -0.0504943729601719 0.0029658244201697 -0.0436747195702252
0.0193127376116795 -0.0508842800741126 0.0256533628958948 -0.050199216422077
0.0406978285143955 -0.046279514731585 0.0461209004228713 -0.0481436054290827
0.0535023890574262 -0.0320348321205118 0.0719690748529827 -0.030480481766789
0.0759164107475763 -0.00840359369372246 0.0689028338381794 0.0079984929342357
0.0793860774596723 0.0228140763940306 0.0395589744395551 0.0304841121185522
0.0600577635704905 0.0618558113034854 -0.0055083300057773 0.0140176134142285
0.0437858304505097 0.0820420965833762 -0.0316016720464795 -0.0531146933327804
0.0187819984401062 0.039546878326401 -0.0851735118793726 -0.0726616254760838
0.0334752135087133 0.0368583680448248 -0.0844975980028467 -0.0855306233655947
0.0486056918557484 0.0189924740469021 -0.0691943904427499 -0.0731887007760953
0.0458348744525763 -0.00247704245733065 -0.0589937046799904 -0.0535320572093626
0.03102871597203 -0.017103415747877 -0.0331196872787678 -0.0433583578957289
0.0237867810397386 -0.0215150316854519 -0.0212755169484453 -0.0517572783762519
0.0190090456049508 -0.029273306945391 -0.00971234733644795 -0.0527274832827062
0.0135410768830014 -0.0280415701599353 0.00991142498451799 -0.0559591125539891
0.0172115253065146 -0.0279682649355294 0.0371293903165663 -0.0609336557293679
0.0301781828502767 -0.024969345278482 0.0608022694601149 -0.0528955762751641
0.0371788663676586 -0.0144525701101949 0.0840433160858975 -0.0270748426485205
0.0500587266415532 0.00295801162292861 0.0720118779232038 0.0114800205322981
0.049503454799696 0.0253523826686645 0.0375597928414719 0.0257037739200845
0.0307751391786183 0.0507122583999021 -0.00785861845247738 0.00061010893836301
0.0124204678797541 0.060275283713551 -0.0365362939656939 -0.0736705042343094
0.00802837706656395 -0.0159527055727107 0.0468762419949035 0.0886620861503537
-0.00786246486838003 -0.0214088251123335 0.0243114670182606 0.0167921401702782
-0.0161156686360912 -0.015008423151574 -0.0327055574205811 -0.0287107674664478
-0.013131311839641 -0.0034276440153296 -0.0746885481963908 -0.0235142640408739
-0.0083810307627281 -0.00438044811535824 -0.0995936872652264 0.0171712180452902
-0.0100879968762368 -0.00406797542428806 -0.0812866455785074 0.0616177518482447
-0.0143329077674579 0.000953206108498296 -0.0476066884737711 0.0741646928097854
-0.0127593447840837 0.000446028212648211 -0.0193806548788666 0.0698445843585615
-0.0160625515799943 -0.00349667734361039 0.00511010758086635 0.0627461243680114
-0.0149344866632269 -0.0120147337892389 0.0194151571277533 0.0615351712519403
-0.00994981569888895 -0.0167697699114878 0.0292538870754274 0.0521428723298192
-0.0034007814899839 -0.020934080432108 0.0446414997978535 0.0547246082971334
-0.000749520332838713 -0.0227907869554509 0.0543747766197593 0.0699251075278765
0.0101097721636104 -0.0229735888152353 0.0706991965354466 0.071996869105137
0.0192795382168423 -0.0163491675503293 0.0845720314744784 0.0670603593793456
0.0376758262160527 0.0218508681965326 0.0317975001321191 0.0792067889908452
0.0204134653943346 0.0125414591098732 0.0142064844362474 0.00981721647570768
0.0199508302330704 0.00735304501580956 -0.0423546005081865 -0.0353897110725799
0.0264171124552466 0.00420267239926106 -0.0811287066724625 -0.0300583755692816
0.0247918691901445 -0.0130576078552004 -0.104056257147212 0.0126754712023062
0.0143742591525631 -0.0241031334553366 -0.0862919787969325 0.0552644060184563
-0.000114780310867325 -0.0275141233528226 -0.0510146734880577 0.0688846515479412
-0.00758494818604235 -0.026730527182999 -0.0220226838149672 0.0637515236694207
-0.0128244767227839 -0.0330047848092808 0.00456614043609978 0.0550740222491844
-0.00282708811003701 -0.0412944378670511 0.019137315129832 0.0515711703861106
0.00915464082585316 -0.0425549124416859 0.0321553737021563 0.0425208812103327
0.0321170318377807 -0.0395652072304944 0.0481022480584241 0.0471172785633693
0.0421922110512623 -0.0250227322510443 0.0558735018271521 0.0646078169243181
0.0491223233142857 -0.00289125559542974 0.0677294301842208 0.0630025326221977
0.0547631428703831 0.016694390104376 0.0777939456196475 0.05711400413114
0.0632277226354549 0.0570695504708177 0.0130636594837208 0.0554232753855355
0.0496482574743529 0.0464315261790571 0.00260119025452162 -0.0105237099273789
0.0590454216826293 0.0292983633196758 -0.0538395316758374 -0.0504267654695968
0.0669723312678414 0.0085352867300472 -0.0887577751663315 -0.0379871192005939
0.0556922234115098 -0.0238701800088464 -0.102909140800263 0.00881625247645414
0.0366211783784228 -0.0429482899397418 -0.0824717182957754 0.0451535254452711
0.012940464894841 -0.0525421074645752 -0.0486914289886061 0.0556466325986575
-0.00163824536260147 -0.0499328836032013 -0.0220413348870435 0.0486979894585448
-0.00795560335927083 -0.0574469903696617 0.00297335962873299 0.0386174853480113
0.00738272088327112 -0.0641178227008028 0.019153072379778 0.0331389809884368
0.0241147003039086 -0.063120383043896 0.0368463416462668 0.02598453309634
0.0583012726705871 -0.0558429338566831 0.0534953416819556 0.036709851821062
0.0765469948226792 -0.0278270520984167 0.055691564781861 0.0583048377540742
0.0808509524707918 0.0137302271260253 0.0560039471769845 0.0556668327380581
0.0820004304945055 0.0469503018082003 0.059593169048982 0.0414420676614731
0.0801391677450126 0.0821515662961875 -0.00931250949858476 0.0223777784661019
0.0759290951925956 0.0727143594182301 -0.0126788872142688 -0.037903462286665
0.0956012580008375 0.0436125238899424 -0.0652119527212245 -0.0681643396992859
0.102838489718873 0.00574290616481132 -0.0945885989256863 -0.0465056849310932
0.0784366355192683 -0.0373462658571459 -0.09528763897419 0.00258864835760067
0.051833089759936 -0.0581368875067063 -0.0722048319079719 0.0291907690399199
0.0230086686420567 -0.0708358825808663 -0.0412566977581523 0.0350971018660259
0.00499006769402804 -0.0658296771348915 -0.0189349645702143 0.0264441573294331
-0.00141960784147903 -0.0720972644938224 0.00321186592309688 0.0161584470308698
0.0191631130175308 -0.0769393076861679 0.0193650884235287 0.010107840641164
0.0377986613060889 -0.0722574524251192 0.0418853811399959 0.00612944743883617
0.077643458048988 -0.0609787901434314 0.0585376108195838 0.0246386936957825
0.0996449555974778 -0.0247215697043023 0.0535123640156214 0.0519038403958122
0.0992391767347117 0.0296520208089728 0.0392240930603673 0.0487362684316796
0.0957947336797879 0.0702607512599064 0.0337317940604674 0.0206579958300722
0.0864073351759641 0.0928866190537927 -0.0345738028341368 -0.0142449517894715
0.0929876628052753 0.0841732815471641 -0.0333491510605581 -0.0657769802140837
0.118398591684184 0.0475033333642911 -0.0742464693474504 -0.081249307599185
0.12200292349171 -0.00261505050841928 -0.0932891951050949 -0.0527642025731703
0.0869917788428227 -0.0481979877370477 -0.0802671428066531 -0.00730974662690443
0.056413278278701 -0.0664029314518773 -0.0572608648529632 0.00758367599672248
0.0270159414023128 -0.0790270252742142 -0.0315811801394243 0.00963931954627092
0.00946600014501642 -0.0718727727286096 -0.0136790775319039 0.000923360200803615
0.00758883481434759 -0.0759951011613123 0.00689681076394007 -0.00859474863182443
0.0315735128807425 -0.0775023823521209 0.0229706786374083 -0.0147174022313243
0.0506740854103213 -0.0688207335609587 0.0487293502967517 -0.0130681407987543
0.0895768791728155 -0.0518367833170237 0.062590463502154 0.013971131575164
0.108770635001698 -0.0118627011864143 0.0487037099302678 0.044890891281417
0.101209557032465 0.0460054232136274 0.0201106063140609 0.0404860083189749
0.0921221176032048 0.0864410485102266 0.00701698055831735 -0.00297627726563196
0.0778344057168536 0.0880772102317855 -0.0584174878396682 -0.0465213845879207
0.0915670055631455 0.0790892203141443 -0.0563267959063208 -0.0844709715809941
0.118138147376988 0.0416767426772846 -0.0785721636507 -0.0858745711710079
0.117084362466028 -0.00941293090059398 -0.0851760097807023 -0.0558501917764901
0.0790202652774662 -0.0490605693053014 -0.062111686034595 -0.0211266394032941
0.0515838131709326 -0.0629404407390229 -0.0419150152251732 -0.0168058378388585
0.0265608060284284 -0.0739157698897828 -0.0217487333681935 -0.0171403617826189
0.0132788550248263 -0.0665454130310406 -0.00590925016308554 -0.0240400404479326
0.0159932019363407 -0.0687544401755771 0.0149129694737312 -0.0321561538407136
0.0406959628650037 -0.066660624071141 0.0328152280211239 -0.0348719583846057
0.0586355063260553 -0.0529880777824449 0.0599794422421623 -0.0259216456161199
0.0907136249801606 -0.029968062903338 0.0665381322438632 0.00863676005619823
0.102179394005132 0.00847772924338331 0.0436695776172114 0.0378207812102973
0.0863840825707784 0.0600035185288676 0.0036612964796661 0.0286502014102261
0.0724701889006994 0.0919080203974583 -0.0163918926400235 -0.0287495995545043
0.054912754249925 0.0681049300239273 -0.0780532449705556 -0.0675240232123282
0.0706223572423602 0.0611052537163368 -0.0753032555077461 -0.0921951977750254
0.0923299773082927 0.0306658110510499 -0.0770996885431623 -0.0824165502080497
0.0886913779588182 -0.00992924606371165 -0.0723893642057047 -0.0560567982599917
0.0582638712360532 -0.0385284016169064 -0.0450299305885079 -0.0352391151115076
0.0392215852837098 -0.0469469233069268 -0.0293107599651078 -0.0390569447463983
0.0231136532663971 -0.0565511677199987 -0.0142924243163665 -0.0397510271545851
0.0149234023630638 -0.0514015581283306 0.00274684770326601 -0.0443307533700662
0.0198781502180452 -0.0515098896005399 0.0265937634997158 -0.05109903497255
0.0414123750040941 -0.047168389699886 0.0469276417270602 -0.0486599020747039
0.0549094922421993 -0.0319141033160013 0.073510440330541 -0.0302248617265973
0.077110772431333 -0.00829402967720685 0.0706968009010095 0.0083922692403619
0.0807612051663649 0.0236986434812098 0.0398135698401811 0.0318120932075469
0.060703041899648 0.0629162092600215 -0.00578720568804693 0.0142175202398651
0.0440632398286717 0.0838642738978776 -0.031277134195114 -0.0539060775091936
0.0188858060996909 0.0399832566653616 -0.0861059643993652 -0.075671799642818
0.0334892597820084 0.0378162988669152 -0.0848965270691444 -0.0876014586045441
0.0492008826453635 0.0199651098329853 -0.0693341512934747 -0.0756265879978436
0.0470564706348754 -0.00230769013464986 -0.0598931310783994 -0.0553641021484583
0.0318076055116253 -0.016666353646014 -0.0333420395893634 -0.0454208492075267
0.0244594389969505 -0.0213936100798028 -0.0213631546578723 -0.0534020619812212
0.0191045737983283 -0.0292684569451298 -0.0089919773862938 -0.0543262363883215
0.0140748520394785 -0.0285698761607035 0.0110005693690896 -0.0572389658891069
0.0176436869754171 -0.028391361645059 0.0385424368284983 -0.0620143556707041
0.0304514015173405 -0.0249769819259387 0.0627178168177427 -0.0524139453038016
0.0379887474718393 -0.0144018674700418 0.0860132241658658 -0.0264633068522157
0.0509038209706856 0.00352694886482957 0.073757698666588 0.0122003243922177
0.0499361393866197 0.0267550625769399 0.0383049814123337 0.0263915947942538
0.0302142380220632 0.0516335809549219 -0.00835296599229835 0.00108939779097011
0.012400850206774 0.0610426624945413 -0.036749953113053 -0.0743816265425195
0.00831468733174457 -0.0161831399740551 0.0534569068855314 0.0882862465230782
-0.0093833707777889 -0.0203529420348311 0.0275059479493145 0.0149805868518709
-0.0183984413637492 -0.0134819332990229 -0.0344141522000164 -0.0288105115116007
-0.0142993151102771 -0.00200977149711229 -0.077939080443491 -0.0202971458981643
-0.00966549863079733 -0.00272970808994525 -0.101076625056774 0.0243514129605791
-0.0103539514675735 -0.00142452159011699 -0.0780529502963219 0.0671596678083883
-0.0143132917967873 0.00357932070579753 -0.0423626935178395 0.0787072091570045
-0.0124081366780759 0.00171646803696576 -0.0148585718401796 0.0733380976202025
-0.0167839167863775 -0.00220225866175173 0.0096850292209523 0.0654467439195425
-0.0165912689501107 -0.0110239476736435 0.025566789558159 0.063429510841517
-0.0121989411180265 -0.0159578736225422 0.0345409456158294 0.0531970280096492
-0.00637275373956503 -0.020569239545899 0.0508983111176594 0.0548746033476844
-0.00396930942875532 -0.0228043560215252 0.0629971329853033 0.0714780617181601
0.00711743367446911 -0.02354923050797 0.0785711078069052 0.071807840184876
0.0174398984633166 -0.0171985713174711 0.0912110955262609 0.0659178201677852
0.0417636905719628 0.0180325082167547 0.0339743724340394 0.0817965478653535
0.0226208390534815 0.0107108778873991 0.0147734920480296 0.00932880389922949
0.0208349348556379 0.00511596392477263 -0.0469334393147426 -0.0325868448563152
0.0266648592697359 0.00114670434129946 -0.0871123088097576 -0.023756069900754
0.0226139727897967 -0.0150731080282943 -0.10571320916419 0.0219885567184384
0.0125212774125848 -0.0249968743901112 -0.082905460272248 0.0630365367376466
-0.00349775932192494 -0.0269649292142598 -0.0452591196588711 0.0751010065079164
-0.00899791188889757 -0.0263809422445834 -0.0176854427360779 0.0672985656912322
-0.0161106621367942 -0.0327588832926728 0.00887930871847533 0.0572251877460269
-0.00774367746017963 -0.0420643374141053 0.0251105841497015 0.0536148565739715
0.00464482387639224 -0.0439019714001229 0.0372297916181075 0.043875988514934
0.0275796220910975 -0.0437634750695554 0.0539872464039436 0.0484166787028877
0.0397664327337387 -0.0288834704914733 0.0621344988958513 0.0657586846733576
0.0492692070397266 -0.00580587402761091 0.073422439821292 0.0608310959642477
0.0577478588828311 0.0152222191038871 0.0825459759476647 0.0532304106883371
0.0701881700184305 0.0505340493181463 0.0111724383377961 0.0599838755383486
0.0551949727646323 0.0423775079324542 -0.00101624764954596 -0.00897469955400913
0.0629890016449942 0.0232491194938855 -0.061565818582212 -0.0446848927986942
0.0681836192567831 0.000600814985736988 -0.09634211190308 -0.0289905473579738
0.0523471982481444 -0.0287001625371799 -0.103483559803547 0.0199201090306248
0.0338236466593942 -0.0459585089360149 -0.0790277784994089 0.0529638440754662
0.00731073209942829 -0.0546557056025908 -0.0427827196670632 0.0628912239463338
-0.00492173245753354 -0.0505196006758283 -0.018914583606234 0.0513070294921354
-0.0138121872351407 -0.057438899727959 0.00608954571564566 0.0397159143436521
0.000924557000250153 -0.0664534272127898 0.0231646893140084 0.0348204405709863
0.0183829724848052 -0.0663532151272511 0.0413303917182164 0.0259938577266926
0.0529575160861099 -0.0631185514944014 0.0582195197072619 0.0378833920716252
0.0748851377172447 -0.0349310872132754 0.0600236595960905 0.0598317850090384
0.084548010124331 0.00913753822126507 0.0593488428313923 0.0517987263257523
0.0894482384619245 0.0446678854452347 0.062533971977781 0.0348712584561773
0.0896058286794135 0.0742367124710814 -0.0156013907242132 0.028231276314093
0.0838820956367719 0.0656838948896863 -0.0191424413760781 -0.0344675013072546
0.10054855056419 0.0342284994970526 -0.0763363570923104 -0.0583272912421648
0.103653991654864 -0.0065403628736655 -0.102873315304292 -0.0338072504336906
0.0746561348364639 -0.0441251006854242 -0.0952840422451759 0.0132044160884222
0.0475179678672488 -0.0631287699527398 -0.0692956432047759 0.0368984673216495
0.0153123903136148 -0.0747683368629265 -0.0365326202846892 0.041750425863123
-0.000336483879541452 -0.0666865939663753 -0.0166604156678001 0.0287429433795516
-0.0082956994473135 -0.0735951085059853 0.00466560876305772 0.0164478454818688
0.011548895425567 -0.0806153777851363 0.0218750459030002 0.0105664491440896
0.0318084603838792 -0.0768114719691869 0.045174720775795 0.00478251545899068
0.0725732923772056 -0.0705967089392373 0.0618235409161361 0.0249701821491525
0.0993534909346839 -0.0341071252522545 0.0562719963636363 0.0526891933942505
0.105530179302252 0.0232729291765324 0.0404367047535832 0.0441449551945393
0.105581846915966 0.0676151558997697 0.0355731610342117 0.0128834282803349
0.0966592115294288 0.0836126964267875 -0.0441852942735284 -0.00791498179892721
0.101296397802916 0.0754073066541828 -0.0433087174626522 -0.0601572731003447
0.12433442607972 0.0348025505397976 -0.0866292634764302 -0.0689751237936268
0.122338889690847 -0.0169150098210424 -0.101792424649345 -0.0383103539792948
0.0822015085845854 -0.0564821045962403 -0.079857341439688 0.00302675815348654
0.0513513906074757 -0.0722203023555069 -0.0552207391511086 0.0140027262118582
0.018272002788162 -0.083233052296402 -0.0283507730718718 0.0161153312152397
0.00379979847883099 -0.0731615364403877 -0.013180690902325 0.00159872841380394
-5.94654970481775E-05 -0.0777358879050193 0.00653591552664864 -0.00970850918444306
0.0242827116378596 -0.0821888330713709 0.0240115014049982 -0.0153921066390483
0.0450249372086379 -0.0741996244257043 0.0506105221494581 -0.0152735523650059
0.0860758846993507 -0.0615311943297865 0.0651268885328641 0.0136073563028625
0.109859446995257 -0.0215155929163257 0.0503816559872154 0.0450927755435402
0.108797424135184 0.0396296948686028 0.020088755166014 0.035793974878143
0.103344174133932 0.0851106729547927 0.00563856033193469 -0.0113722692928768
0.0867590925324119 0.0795653282749695 -0.0697664934751528 -0.0404634944227968
0.0984978612962 0.0704572455352622 -0.0675531090064274 -0.0784275762564257
0.122931861531516 0.0295081566251094 -0.0913889137481744 -0.0732821787055667
0.116015562038576 -0.0237301045217163 -0.0929739780901398 -0.0424386754767104
0.0747574630025472 -0.0569100586971309 -0.061861916083323 -0.0129523253329069
0.0465208617561457 -0.0685462598957384 -0.0414474793702529 -0.0117154779518036
0.0182449064362441 -0.0781252739480223 -0.0204582533549576 -0.0117578846053972
0.0082539221733878 -0.0683931878336559 -0.00696652000612612 -0.024632725379958
0.0094103320682589 -0.0709925002671803 0.0138894469724911 -0.0353214722169147
0.0346451156653488 -0.0714848530491176 0.0324540881524 -0.0373107693820886
0.0545366637220461 -0.0581711768855671 0.0614982261663011 -0.0304254323128642
0.0897068861522483 -0.0392352412915553 0.0686625366035838 0.0064403307175545
0.105036074276957 -0.000244991884457054 0.0440436010280028 0.0371023932194475
0.0946201238377734 0.0549901585206626 0.00343845009388421 0.0240441376310621
0.0841396952169427 0.0913429472410026 -0.0190126189899848 -0.0363704086515441
0.0610273584371561 0.0629534647188035 -0.088761444347811 -0.0618625758247392
0.0750772646390315 0.0552790168064257 -0.0859719399259547 -0.0856798594045548
0.0960562842364054 0.0211222644797155 -0.0877548079919789 -0.072336021102878
0.0876424737143787 -0.0201795699891806 -0.0784988501869582 -0.0455403042796257
0.0538935430101849 -0.0444804356202477 -0.0460937107412114 -0.0299975154474775
0.0354130415041994 -0.0513571924923668 -0.0310541584144442 -0.0360007962854518
0.0166393477115153 -0.0603514879836987 -0.0153728939507087 -0.0362457264803138
0.0105176940280061 -0.0532287982112881 0.000165808926983578 -0.0464554091776359
0.01531406016167 -0.0540532174831713 0.0241572788356203 -0.0558050579800054
0.0375344714227126 -0.0519013284807275 0.0468455531330278 -0.0525917290708935
0.0531774620351538 -0.0366135191833769 0.0746855434957862 -0.0363039208446562
0.0780088045507548 -0.0154305132961029 0.0732679849857207 0.00456822433672545
0.0845969592522883 0.0178758424403193 0.0399533861559624 0.029707601885389
0.0679445128984241 0.060371590308701 -0.00601006450664464 0.0103839600447495
0.0535151285876623 0.0844100070989618 -0.0346092526616144 -0.0606740643176484
0.0217310610869483 0.0378204976476674 -0.0956092082489697 -0.0722138748219559
0.0357470499681733 0.0351298723997259 -0.0950311076311085 -0.0832739062580566
0.0503553303105573 0.0156383757733455 -0.0781480419717954 -0.068722077221463
0.045888629105442 -0.00750626270149552 -0.0656011128844715 -0.0488280218196774
0.0287120028804057 -0.0201039845402354 -0.0368816295363559 -0.0419971675779329
0.0227966258188853 -0.0239974205734296 -0.0258021831427683 -0.0527046190943671
0.0155594582117993 -0.0323724327291563 -0.0123393227530908 -0.0531553081166919
0.0121776340143053 -0.0303213525503145 0.00722197272621271 -0.060229325430627
0.0152404753383731 -0.0302988449377388 0.0354095767056416 -0.0683806338925091
0.0285558065829406 -0.027836634542411 0.0622176360566679 -0.0586343700479286
0.0368693068870651 -0.0166169359621187 0.0893361178390547 -0.0336053338571745
0.0517180972089425 -0.000848056370485115 0.0775095649467583 0.00825717899006275
0.0528651085674685 0.023404025155023 0.0396048273765483 0.0248808303970792
0.0353109170272662 0.0509378143156813 -0.00892675381565159 -0.00136268847417241
0.0185637788224338 0.0627421846441507 -0.0408385525184968 -0.0792701715556034
0.00797005303172971 -0.01638147578842 0.0580674731997192 0.0864353402191092
-0.00979847841082181 -0.0198683719718689 0.0288666592332377 0.01275097869286
-0.0193890790874987 -0.0129022477530839 -0.0368077664456415 -0.0278286802646966
-0.0143832169754315 -0.00200531730674808 -0.0808870929540343 -0.0170899645861078
-0.0105020831795486 -0.00294556141884297 -0.101914748431131 0.0292349690990259
-0.0109013740943071 -0.00123978947431817 -0.0765341115105857 0.072310903968924
-0.014329136102397 0.00374237991583376 -0.0398490710917419 0.0820877899151447
-0.0124236747383219 0.00181803944197337 -0.011457616619679 0.0759848980770088
-0.016743810725211 -0.00207579614361299 0.0133660703785977 0.0664156790446824
-0.0175392718667038 -0.0103575570179834 0.0299148961240273 0.0634916190153061
-0.0131675610088541 -0.0154680139687966 0.0376868759771787 0.053253561641607
-0.00770526737233305 -0.0213651943927597 0.054645727350684 0.054400587996861
-0.0051458333087234 -0.0231851396582397 0.0682816971529512 0.0701819299497017
0.00601151913789966 -0.0237302103162926 0.0838876487253543 0.0701366593150509
0.0170074846680799 -0.0176019599141763 0.0967830463105897 0.0640025220389294
0.0437935489211326 0.0169508917677421 0.0379832715298964 0.0810398726124232
0.0242388828281308 0.0104185270434052 0.0158359161877113 0.0082119497439171
0.0226032831170627 0.00418211471411181 -0.0503758052463024 -0.0319343198191319
0.0276426564860985 -0.00137752603333173 -0.0899967032486697 -0.0204337307915218
0.0224627966460125 -0.0171516620378316 -0.106400908317381 0.0267082881876679
0.0114942699047647 -0.0264415155209311 -0.0812506159292084 0.0673898847841503
-0.0045020031629857 -0.0277117727767372 -0.0429748480321187 0.0784099845903301
-0.010679297124363 -0.0266465421928006 -0.0147440893360054 0.0701244003869485
-0.0183889386822474 -0.0328365581189157 0.0118244703337698 0.0583179379093694
-0.00991603797371231 -0.0423476058477583 0.0284320443664189 0.0534775073842454
0.00305055315239182 -0.0447873064704062 0.0402195509961185 0.04292435588358
0.0261552869907705 -0.0467306754979396 0.0569221384518755 0.0469355045473965
0.039383563080589 -0.0313789116453262 0.067473623731883 0.0641469614727601
0.0504249767747874 -0.0080353434622934 0.0776953832304959 0.0590923606002524
0.0598565304980163 0.0134200145502315 0.0877537437345186 0.0507666766735589
0.0736440557727601 0.0482849452198744 0.0136858072111417 0.0602419673622354
0.0584850204234757 0.0406845129011345 -0.00024818486975159 -0.00970361624986678
0.066208223815123 0.0210742182676841 -0.0652182361579619 -0.0433248281039417
0.070450074120489 -0.0039784466859364 -0.100701183941052 -0.0251859182928598
0.0522794964960939 -0.032420717516233 -0.10514679210686 0.0243502891968611
0.0316440165483402 -0.0496132404741086 -0.0788702084680916 0.0577693454761592
0.00454961563189254 -0.056284004776858 -0.0412632771576771 0.0654804200346115
-0.00795192914435654 -0.0510008859932262 -0.0167457585544088 0.0534676898627008
-0.0172304120526477 -0.0578584429906124 0.00749956141732511 0.040692172302331
-0.00238034547791162 -0.0678166100083809 0.0260461626955164 0.0337726690959216
0.0156894817370412 -0.0683345712025217 0.0432143182531144 0.0246102071524991
0.0513036577746036 -0.067902785831227 0.0610554561820094 0.0361278566416145
0.0754046164785643 -0.0395166126159743 0.0646423989751762 0.0580110321267626
0.0868528373963953 0.0051616259534943 0.063102164482333 0.0506256449075386
0.0936509800326583 0.041568480563848 0.0661718450388701 0.0330471316590751
0.0946875341234752 0.070895001144004 -0.0145475039246716 0.0287829310762454
0.0888916266225207 0.063594615265929 -0.0207406642493688 -0.0348827813467061
0.105762905684339 0.0300268084467158 -0.0803573963890098 -0.0575844257321123
0.106768788328878 -0.0127592478487529 -0.106741111296893 -0.0303412422019356
0.0740816297071023 -0.0492113901813868 -0.0966587490072903 0.0172543563002155
0.0453063092813141 -0.0678174186099876 -0.0694110638164097 0.0409395697887448
0.0115989801043471 -0.0766287466674443 -0.0354129680375819 0.0431771496448447
-0.00458778618873444 -0.0684007999516439 -0.0164525808079826 0.0302502347095083
-0.0123371205724337 -0.0744863959748879 0.00524419752016514 0.0161068480260738
0.007322480917495 -0.0830356672017586 0.023767323591698 0.00936356940468564
0.0289432019890669 -0.0802438230020638 0.046016706077022 0.00269639401660468
0.0707656481238483 -0.0758410211992293 0.0648841372965295 0.0222442036071853
0.0996873365458355 -0.0400303591120572 0.0606551009412162 0.0514785666876373
0.109305527570837 0.0181783727892367 0.0439784298515615 0.0430800667206485
0.111933300682575 0.0639628315547801 0.0369944922686845 0.0116047814808159
0.102251331355211 0.0808937271136608 -0.0449697287995949 -0.00692032587125889
0.107405791994662 0.0721292400784243 -0.0458744154584077 -0.0600101567569243
0.13035668738631 0.02959752098469 -0.0923364529879967 -0.0675338436210644
0.124740181596411 -0.0247784784162129 -0.106178665268742 -0.0349054819595823
0.0815970381389686 -0.0616829017382664 -0.0816149014273605 0.00570953484200036
0.0487889001910916 -0.0768354024799704 -0.0561471420509494 0.016754883148889
0.0142997212365772 -0.0849559492906043 -0.0279760298560944 0.015684559920764
-6.85989248238796E-05 -0.0747515698298141 -0.0139473443637102 0.00214594889558622
-0.00391846638357949 -0.0797083400865706 0.00568820222860335 -0.0107570329985769
0.0197913770980486 -0.0852663059588695 0.0244369235530564 -0.0171895412401538
0.0429417296019659 -0.0777753209453794 0.0509344484390375 -0.0189718219792858
0.0848650018668432 -0.0677461269124893 0.0675039783462732 0.0105302517693212
0.111411482445967 -0.027505898803765 0.0542703765621214 0.043874762387249
0.113209873061758 0.0356525523995671 0.0227119299269 0.0357216885911712
0.109972791328153 0.0812627544116622 0.00551472935050069 -0.0115739622302721
0.0918868560428636 0.0762919077038823 -0.0733570909308603 -0.0382968401098778
0.10415403293687 0.0676058524653117 -0.0719605851953842 -0.0772521261385019
0.127835323244962 0.0236734300629941 -0.0963817925734347 -0.0718373131815644
0.117848736896822 -0.0302042272588085 -0.0965699018999314 -0.0389167093343567
0.0731797775234834 -0.0614921702870565 -0.0638834350178294 -0.0114729758655756
0.0440287138448417 -0.072602453128329 -0.0433284906130676 -0.0108880942913583
0.0145473369045313 -0.0798622832577825 -0.0221006331281186 -0.0135915046652329
0.00386689669516835 -0.070110802861712 -0.00898161569722453 -0.0251093030811043
0.00600193867265 -0.0733360542133158 0.0107756252352411 -0.0367540040170342
0.0315173490610829 -0.0750351324318939 0.0316701684199836 -0.039765488238843
0.0535070263243983 -0.0624313200801517 0.0609826150197554 -0.0342194064781581
0.089769561151307 -0.0450732716674613 0.0710160676464011 0.003290864880225
0.107546674450445 -0.00503305544159587 0.0469153073635386 0.0361862392759196
0.0993445269871159 0.0516148562771475 0.00472269247105283 0.0248097827827104
0.0906266042528566 0.089030447755505 -0.0206062047132654 -0.0362564307492262
0.0644088206518496 0.0604953763021255 -0.0933794067773714 -0.0603255228608162
0.0789452001777472 0.0530564311539372 -0.0909792587845444 -0.0837799876395966
0.0990656355159277 0.0167838235213518 -0.0928938331983161 -0.0701507401039476
0.0886704171689965 -0.0251435109874724 -0.082532586318958 -0.0434291558354711
0.0530042785277762 -0.0469528431452054 -0.0487382202665537 -0.0289611979892128
0.0331350198992556 -0.0543585867738481 -0.0341599152859193 -0.0355232128801837
0.0137373581613009 -0.0617196217762347 -0.0174367622168311 -0.0376634040355331
0.00782601084682885 -0.0543645605625466 -0.00237043063464044 -0.0479397138655232
0.0131184423776147 -0.0558433978464769 0.0214255697554418 -0.0588733898863393
0.0352994275885017 -0.0544850942641609 0.0453436755590039 -0.0561718732198484
0.0530636088688513 -0.0399147253341336 0.0751787396370061 -0.0413178032415817
0.0787711274265746 -0.0199181224794669 0.0751191369349314 0.00164828325753576
0.086664985698202 0.0141766552799383 0.0426256600661258 0.0290616514765759
0.0716798330630458 0.058097475166267 -0.00586659589063419 0.0115161531312971
0.0592191230521404 0.0832679450125609 -0.0383533515736214 -0.0601791563633989
0.0241789889608004 0.0373742790517241 -0.101075650278708 -0.0700263879071416
0.0378739585326053 0.0336850352682004 -0.10053423704995 -0.0801587352388939
0.0520840178713925 0.0136460543876794 -0.0834266093474208 -0.0674475987197557
0.0467267102344122 -0.00972028646948307 -0.069739454197589 -0.0472791866318646
0.0287399710739846 -0.0207445760231635 -0.0399862019714695 -0.0426316456873065
0.0221621942818733 -0.0253107859161131 -0.0289964249353839 -0.0525094298953959
0.0133603983310276 -0.0333984247096887 -0.0148906573948912 -0.0543169552563421
0.00987955665368103 -0.0309022587847925 0.00449370746519703 -0.0621333463745571
0.0143047486902789 -0.0319084437226841 0.0334395541299115 -0.0721683283812345
0.0273222418462397 -0.0295401956244417 0.0614882056551339 -0.0629638698810363
0.0374968725606878 -0.0187394054117172 0.0889549990118843 -0.0386651661618026
0.0527214106700741 -0.00335583070832036 0.0798111684834162 0.00498354495044816
0.0549449410081741 0.0213379112374509 0.0418284231139397 0.0234543432031974
0.0379284882891318 0.0502983043966519 -0.00901556520013138 -0.000560486285683504
0.0223151172614859 0.0623872940766616 -0.0454435971430255 -0.0783012939721671
0.00716537624691431 -0.0154597140666566 0.0614917431550601 0.0815340872633407
-0.0103306719213942 -0.0194236066620332 0.0293901622599667 0.0100390021128085
-0.0189617577817791 -0.0122379381942122 -0.0391589793707782 -0.0264522250762547
-0.0145360289179793 -0.00210903652855597 -0.081985441921156 -0.0127943720247064
-0.0112768770785912 -0.00275818734367874 -0.0994526036115269 0.034559514215846
-0.0110921526079266 -0.00090359678548666 -0.0716335646962003 0.0756669046926174
-0.0133702160757846 0.0049939141189858 -0.0346985256715559 0.0836043737251558
-0.012409242310658 0.00261853941906056 -0.00701381175768382 0.0765187000360203
-0.0169058593891202 -0.000950779795238088 0.0175414689735392 0.065157163591441
-0.0181243076049392 -0.0085581426457913 0.0339145711959257 0.0611895393314808
-0.0141172040946595 -0.0146498958373535 0.0403291829838234 0.0510782004612962
-0.008784167241166 -0.0214277782036171 0.0571362679047238 0.0514433590920701
-0.00630376956001309 -0.0227283252939973 0.0725607977893236 0.0660381397581674
0.00535603571111277 -0.0230949402303152 0.0870171675949156 0.0649611448742239
0.0153632210119686 -0.0184349350353119 0.100026455501072 0.0587331220158991
0.0441798038144173 0.0146902323641227 0.0415505458160872 0.0773258890025845
0.0252516870738275 0.00909728937439602 0.0159672763460533 0.00617675537628236
0.0234449320091218 0.0029284208955828 -0.0523321330016216 -0.0293394367649137
0.0275943691263544 -0.00372867870108004 -0.0914316472611879 -0.015448942627668
0.0207634777551793 -0.018925823817153 -0.104582340205718 0.0320405249585957
0.00923406146342108 -0.0274284260091289 -0.0769473979555145 0.0714776809365753
-0.00595489588868858 -0.0270669296774422 -0.0386170208103355 0.0792348864357068
-0.012679078451133 -0.0253731391742856 -0.0107507661721783 0.0709342460437096
-0.0203230836298197 -0.0314014186468989 0.0147720114456274 0.0570786200763778
-0.0121265162791074 -0.0411530600675259 0.0316718926710653 0.0505472500849813
0.000295997043413058 -0.0450661156761508 0.042354277538543 0.0403507573959275
0.0230920880797308 -0.0484479357120918 0.0594757918572413 0.044242805558992
0.0374651438993949 -0.033422621321888 0.0714554381890758 0.060259168192334
0.0498999951161933 -0.0101057487365296 0.0809604507514448 0.0541784215491532
0.0601115230939205 0.0102637044582441 0.0907880879214013 0.0460647120352238
0.0758920201685709 0.0438746321439471 0.016286998099557 0.0582287800466341
0.0608773251532166 0.0374720760261666 -0.00073436423519124 -0.0104408334989504
0.0676651903640341 0.0165702474303248 -0.0677027446909178 -0.040186562368706
0.0703225840280762 -0.0090472642115482 -0.101347567934025 -0.0204186675050389
0.050560393678733 -0.0365578647082078 -0.103445263305274 0.0294234511091087
0.0281674551286284 -0.0518517603167512 -0.0750015376050437 0.0609798928950954
0.00146177647090121 -0.0557545347504526 -0.0377033660003498 0.0657062958563004
-0.0114057726952698 -0.0506159058924424 -0.0133969258254456 0.0548426812972307
-0.0209838819781508 -0.0568705639099362 0.00972640274404595 0.0394543791667201
-0.00690593809935504 -0.0671296109041369 0.0280813462444843 0.0313322368546727
0.0117706864514825 -0.0687389311933653 0.044593476159137 0.0221452448294396
0.0463255370149224 -0.0706234057423397 0.0630421277414842 0.0321247590970505
0.0728314430020116 -0.0437604715152613 0.0682693272492863 0.0538932827069414
0.0870643095941785 0.000690931294124605 0.0655589907557476 0.0470918075355707
0.09523118145084 0.0359842856619509 0.0681721283235853 0.0291819601887823
0.0978616115859589 0.0650730875686174 -0.0136210403048517 0.0289171643306104
0.0921110837814529 0.0584814675863923 -0.0219763495168885 -0.0339969620164723
0.108051328560617 0.0233230601365317 -0.0838477140298928 -0.0530404664700794
0.105931445806918 -0.0204464628088265 -0.10859577271038 -0.0241007188746568
0.071131918973078 -0.0537033588660453 -0.0955828484847663 0.0220443381891674
0.0403431169754337 -0.07052398240913 -0.0668668876540533 0.043691317926051
0.00745779841251653 -0.0760110714814169 -0.0335712712945288 0.0428313546124635
-0.00863803569838008 -0.0671647953877614 -0.0147022418569766 0.031282637814891
-0.0164112908111329 -0.0731015654491743 0.00571488738761101 0.0159684033152534
0.0023847533788662 -0.0829273974474461 0.0242033105265027 0.00749956156994336
0.0244860358586722 -0.0813928582443768 0.0454805552007967 -0.000211092106002519
0.0658145600208636 -0.0801463678913276 0.0652989091513736 0.0183100103244344
0.0970285210941784 -0.0456237090061641 0.0639854466459194 0.0471909883083955
0.109664793526802 0.0125523602073192 0.0464676973521609 0.0406857954352458
0.114924799931471 0.0575348194788531 0.0373854809428876 0.00969560646254159
0.104878867522253 0.0738242640617528 -0.0451634794290312 -0.00492699203676931
0.110909562547969 0.0661872508008964 -0.0483061321448369 -0.0575740284968989
0.131511776386872 0.0220771765894485 -0.0949354512916511 -0.0631998225458937
0.122696528598669 -0.0325160716311876 -0.10733587279138 -0.0289627043313193
0.0777491774580279 -0.0659592613760508 -0.0816815875783602 0.00927108466995918
0.0438000255942712 -0.079960188383149 -0.0549001799953213 0.0195907330157854
0.0092445613027093 -0.0852475737678765 -0.0277052205651128 0.0150799067628873
-0.00503185948081317 -0.0739756684597313 -0.0134193809114413 0.00332169899261113
-0.00907401397417045 -0.0789800403052095 0.00490872932065348 -0.0109915655679254
0.0145730384242431 -0.0858771256870053 0.0236352379696783 -0.0185051693817289
0.0385604022775251 -0.0804300660536531 0.0493394337103482 -0.0217685110589884
0.0800498561517308 -0.0726880861333877 0.0677525580730575 0.00558553597929746
0.109439119356568 -0.0337338150831872 0.056595457144048 0.0396812981689897
0.114858850153149 0.0287121160634927 0.0246080670509642 0.0347133260912166
0.114383483253945 0.0742050018829503 0.00536855968229112 -0.0113953324090686
0.0950730985467412 0.0700852593057116 -0.0752343811881746 -0.034539805493644
0.106827851134485 0.061049078736012 -0.0749108899210267 -0.0727540310351281
0.1288527392303 0.0160101781811618 -0.100140560580129 -0.0671940485184537
0.115824695607675 -0.036823750814104 -0.0980718786912204 -0.0340348353507618
0.0695062986770775 -0.0651204386918711 -0.0645155871026361 -0.00787046347848246
0.0391642751419355 -0.0749269893302353 -0.0442361533969229 -0.00823023223850804
0.00925998223147906 -0.0797482013027516 -0.0230345401892123 -0.0136815388567605
-0.000548339047211882 -0.0688624046388855 -0.0102617692276864 -0.0244625325993641
0.00124881635809479 -0.0728225263733399 0.00909153043464951 -0.0377661058324551
0.0264491657876188 -0.0763623420111247 0.029704810891776 -0.0418675071223099
0.0498420401229625 -0.0654260410553544 0.058277583534688 -0.0380194348527543
0.0858834857955228 -0.0511386469712886 0.0707587570793339 -0.000872802818273914
0.106452927542072 -0.0115895540645202 0.0495866927912278 0.0328496812392037
0.100985855965292 0.0454629922470761 0.00660583668373736 0.0253173424101672
0.0956249062951104 0.0824599266036462 -0.0221569166808298 -0.0347503934709364
0.0672391862019528 0.0554750372438596 -0.0955389258524626 -0.0545599228804728
0.0815067549926538 0.047882995994359 -0.0948154063437527 -0.0782019999519311
0.0994395328303562 0.0115655419137127 -0.096273791979307 -0.0658844512897009
0.0872171300102006 -0.0306878352317362 -0.0844657487245401 -0.0386851257487051
0.0501191221537255 -0.0498478069521029 -0.0503275585143892 -0.0263596614464764
0.0295226199144285 -0.0555926817842718 -0.0362987443101024 -0.0334513896084049
0.00969748293035411 -0.0610857647626172 -0.0197474318605662 -0.0382540982939772
0.00440169712810712 -0.0539632547653179 -0.00478874187844693 -0.0479704277453838
0.00945571292641822 -0.0565120891740925 0.0180372122015784 -0.0601290484832167
0.0314505422023149 -0.0563542886223214 0.0421142216108502 -0.0582299845694536
0.0502917752403395 -0.0425890554211195 0.0721219267878828 -0.0451778037224133
0.0768029263132983 -0.0248550506822731 0.0751122495199382 -0.00273064044259051
0.0869540216893779 0.00890166404076207 0.0443338015947911 0.0266777633717541
0.0745945405984913 0.0539364644341975 -0.00528549564694989 0.0125361432513621
0.0642211105313292 0.0785939339973887 -0.0410473276798631 -0.0565813539950316
0.0257260866306635 0.0352959511471953 -0.103951972789701 -0.0645289701414602
0.0391069048612236 0.0318873184676292 -0.103629253546509 -0.0738127783268997
0.0528397723271335 0.0106886092593226 -0.0868504241756975 -0.0629085922140772
0.0458788626953716 -0.0124947328471866 -0.071715735278416 -0.0424487284642765
0.0274389894701528 -0.0220281362750788 -0.042434434735989 -0.0403156584883634
0.020302195057109 -0.0263244695078413 -0.0323493335795466 -0.050619514491375
0.0116409123528853 -0.033139705145888 -0.0175098066292652 -0.0541208536783405
0.0076962225768715 -0.0311272171154937 0.000756371620389482 -0.0621605984591204
0.0124644645831948 -0.0320125419541495 0.028915990852488 -0.0733003834073786
0.0255194341758819 -0.0306631289907897 0.0574206542220565 -0.0664116233877084
0.036118062993778 -0.020236642705948 0.0864177143620457 -0.0438647660535246
0.0520557135117875 -0.00672527697038354 0.0801115034083288 0.000111871599715972
0.0555723453847276 0.0184730216964668 0.0430623502103098 0.0210380576813888
0.0402333729989118 0.0474777280638533 -0.0089979602869989 0.000651812288143189
0.0259914661913029 0.0597902498854351 -0.0489009950481548 -0.0746823814518443
0.00729850508073633 -0.0144609228657282 0.0617151561114217 0.0763683130570167
-0.0100557158590943 -0.0180816088777365 0.0284603358525582 0.00720510567651489
-0.0188772850096532 -0.0113114815343396 -0.0395887087081759 -0.0238814434831575
-0.0143370128995631 -0.00185234279725156 -0.0805904242471468 -0.00869514510105721
-0.0113832568194454 -0.00293642927478245 -0.0952711700033037 0.0378755181132324
-0.0113405609567158 -0.0010887869487092 -0.0666704941811556 0.076247242978495
-0.01206485061162 0.00458031853639942 -0.0309333017567851 0.082946660176638
-0.0118820727039061 0.00289658105159368 -0.00361788171301938 0.0751433078806995
-0.0161791515152359 1.06100005920491E-05 0.0191704689882296 0.0629791542799039
-0.0177919311342026 -0.00762254164346237 0.0351646464212582 0.0580761356995036
-0.0147152860104993 -0.0138584794752903 0.0413747958645779 0.0488915090340866
-0.00980418162335383 -0.0206120494337235 0.0575147875024667 0.0484987073562396
-0.00698256234653243 -0.0217418728309581 0.0730329470799186 0.0611119173855185
0.00483380239219976 -0.0224904476860157 0.087104720836754 0.0598033848248752
0.0140934727953752 -0.0170903039627758 0.099795721531482 0.0533456489082523
0.0440800196174717 0.0127726473667285 0.0420963543552843 0.0728331738681147
0.0259602918193798 0.00793310676308789 0.0162748193758808 0.00424618936000717
0.0234102718089795 0.0010371232346759 -0.0524445472493973 -0.0267601172255395
0.0267905085416355 -0.00555044491160626 -0.0898741557961071 -0.011437546328751
0.0194891412233907 -0.0200446568877532 -0.100369306084911 0.0352302464000452
0.00770442250814174 -0.0277887183256488 -0.0723158390052982 0.0723295883689129
-0.00624577505820395 -0.026386863113508 -0.0353084113041787 0.0780829088230613
-0.0132273962835076 -0.0242630077764569 -0.00789471966266293 0.0695543669673364
-0.0212427562805111 -0.0298791075098965 0.0164258663135281 0.054238085060716
-0.0134095824350834 -0.0397336702572928 0.0331341491450512 0.0477738098091842
-0.00135304568436716 -0.0438015815746645 0.0427679057274815 0.0382799475722373
0.0198106016831141 -0.0482097546659928 0.0593303529869666 0.0408529460771365
0.035309585793295 -0.0338994674740442 0.0719943414363189 0.0548112287952422
0.0487267019336983 -0.0117620452853946 0.0807023922094869 0.0500515538010806
0.0585249499187164 0.00822304614409191 0.0901282019585988 0.0414342516604437
0.0751966361362623 0.0396222046025704 0.0172022621415167 0.0552820365756249
0.0608942571505461 0.0346364176655403 -0.000478876271000667 -0.0111371151825878
0.0672344194390076 0.0125536610066892 -0.06785880321825 -0.036671820527899
0.0680138206908634 -0.012591615818508 -0.100089044713735 -0.0155446280255815
0.0476161185012893 -0.0379696474275815 -0.0994656046720011 0.0318194660951121
0.0248243596754379 -0.0520614315433282 -0.0702442713600389 0.0620395901805848
-0.000652148885097494 -0.0539661891622886 -0.0348886291794437 0.064654336303478
-0.0134668414868266 -0.0482566155275971 -0.0106734612643087 0.0542832500861367
-0.0221628017594693 -0.0541862751966418 0.0109827202337399 0.0380023226895987
-0.00952626465087096 -0.0654249229286186 0.0287970112469263 0.0293919439670451
0.00894244201093643 -0.0677453149262506 0.0432879083463437 0.0197973083638253
0.042449160527378 -0.0709702082441706 0.0620393418914083 0.0287116564250018
0.0693089699646002 -0.0452830433975672 0.0691474908420808 0.0494285403471294
0.0848928201453462 -0.00295542416654382 0.0661661250555042 0.0433238787652488
0.0943390760665758 0.0313521280816338 0.067720906374723 0.0257514304766654
0.096988257201442 0.0591491020716039 -0.0123344607533389 0.0279751326571892
0.0925580777850114 0.0536133113101649 -0.0215949689467542 -0.0334860602205589
0.10671390128063 0.0177211670211299 -0.0840038505458752 -0.0490540546812016
0.10207176452789 -0.0247539395369617 -0.106420331077777 -0.0195978131825254
0.0671780689576899 -0.0554174967719165 -0.0929744788458707 0.0246124988087776
0.0359682658968961 -0.0707518360825425 -0.063390901782031 0.0450599698588158
0.00416395200839669 -0.0739641246510965 -0.0321821498876875 0.0417187077523636
-0.0114368754663938 -0.0644125452770396 -0.0134570102593658 0.0308482740162398
-0.0198379764799261 -0.0702008588212872 0.00616376799110588 0.0150248161411096
-0.0015627252340915 -0.0808999184129997 0.024177783575088 0.00596760605813442
0.0206121021063379 -0.0803426137017417 0.0439724098974061 -0.002204257776003
0.0603266627118424 -0.0810968764150706 0.0644929481088449 0.0153600088672304
0.0927130721364214 -0.0484524202637327 0.0640578660516535 0.0423981541011119
0.10738362566598 0.00754852606908898 0.0470310320529301 0.0381191868576401
0.114240112559846 0.0510020193463928 0.0371068854918125 0.00787058247210548
0.104588016800862 0.0673515605211757 -0.0439740678504504 -0.00298797849405003
0.110574151965038 0.0599320328037124 -0.0478320739573202 -0.0546907966733284
0.129293841837027 0.0153775857824452 -0.0958282320798504 -0.0582310975627555
0.118398466124495 -0.0375369551914893 -0.10564584763306 -0.0247134452984075
0.0735275085154168 -0.0679432403993262 -0.0792407107702164 0.0119025525951026
0.038433161974037 -0.079862827547481 -0.0528604453350972 0.0213795305613789
0.00542853541677117 -0.0827197709131012 -0.0273546281748186 0.014330823676117
-0.00814465154517581 -0.0711994777497164 -0.013331805152511 0.00364240080746279
-0.0124064536532047 -0.0759980144392377 0.00428369622053143 -0.0107789822195582
0.00954417529737842 -0.0842148452180483 0.0224692493661857 -0.0191096655487581
0.0345091130907465 -0.0796433789034628 0.0464330135625815 -0.0233603416835062
0.0751779318212889 -0.0751346975567123 0.0658709965199805 0.0028879951716621
0.105220797580511 -0.0378584729628945 0.0572099745561104 0.0363496650372705
0.112626070102505 0.0236038586852886 0.025793700650161 0.0334924123212452
0.11420572840828 0.0666625486013931 0.00504141459085821 -0.0108434964169395
0.0948028118718869 0.0640036112939449 -0.0739409729234518 -0.0313641275351451
0.10679730261643 0.0552398471887759 -0.0749339209984962 -0.0683180549349866
0.12645700976009 0.0104342539194844 -0.100368069128967 -0.0622465077736816
0.111437570673489 -0.0414938812784374 -0.0968892119349228 -0.0295439155873184
0.0656176791035893 -0.0662242691254789 -0.0638151278038029 -0.00610954676493065
0.034466384231481 -0.075117554301077 -0.0435316604720168 -0.00630555376671043
0.00570378850383093 -0.0768892072781241 -0.0235861566483736 -0.0139853961306513
-0.00327882400297567 -0.0665356196719738 -0.0105280982585403 -0.0233345503729779
-0.00205311693532986 -0.0705714175091912 0.0074518011588162 -0.0369916046887053
0.0222410929195557 -0.0751990120830351 0.0272469239334343 -0.0424436921341744
0.0465890585245247 -0.0655135260461646 0.054939120692537 -0.039663537782749
0.0814992998095934 -0.0530982163604197 0.0685464857471962 -0.00422737048393491
0.103054954801143 -0.0159367677785871 0.0494797060698218 0.0301081072851668
0.100528643096585 0.0406062935570225 0.00729586934635132 0.0243332355918499
0.0968196553911272 0.0756359689751669 -0.0227761274231553 -0.0318631747825946
0.0668243398937456 0.0506175593355694 -0.0955515651687513 -0.0504358289102481
0.0808695092566896 0.0429532214051005 -0.0943017823909457 -0.0720861230031549
0.0973870646055224 0.00684087764488702 -0.0965000404860821 -0.0606296678910934
0.0828766187840649 -0.03313789504611 -0.0835425081982605 -0.0338346718472029
0.0464984930709068 -0.0497503402753728 -0.0500838226480475 -0.0241613439005152
0.0265277147626787 -0.0560452418840875 -0.0369500096039077 -0.0313964926415935
0.00690116533615908 -0.0591398037781726 -0.0213672740318318 -0.0378077288339764
0.00119971046745621 -0.0522515081303801 -0.00678090566103058 -0.046597626487539
0.00653249636219546 -0.0551104983501475 0.0148782141189725 -0.0590489303623683
0.0279777251808882 -0.0561067793261183 0.0391600898161514 -0.0587661189363807
0.0473305783186414 -0.0443765464379404 0.0680821467148734 -0.0475994445693601
0.0732999184333275 -0.02780248934339 0.0732772276735357 -0.0062337568891595
0.0848852753987052 0.00499493004569406 0.0442762244179111 0.0238914527357662
0.0738717154140181 0.0495698440257339 -0.00454836059088419 0.0128672206189802
0.0656743294047738 0.0725507413323894 -0.0418298241768902 -0.0528487260286372
0.0264851908890481 0.032510557627227 -0.103409857378111 -0.0591916972887441
0.039183575077124 0.0292549255069782 -0.102889553915704 -0.0677253193911166
0.0513007201254461 0.00801870882529323 -0.0871339272551986 -0.0582301794679699
0.0442326450769008 -0.0138419146472496 -0.071235783779698 -0.0380797846912522
0.0258812941792851 -0.0213216929293152 -0.0426946758484721 -0.0379788476645674
0.0185849713615105 -0.0264731868817607 -0.0341062722851946 -0.0481026835170364
0.00947120394693708 -0.0317605651636138 -0.0191186749497055 -0.053028812897429
0.00592456115145076 -0.0301875259490864 -0.0012244681017307 -0.0611708656969537
0.0101966988597623 -0.0312641288327257 0.0248998349347655 -0.0728766971186721
0.0222389025096063 -0.030369764616174 0.0542916033841726 -0.0669874815090296
0.034319253577394 -0.0217106559116602 0.0822920305261794 -0.0459980082235223
0.0501786774278608 -0.00899420304260628 0.0779283763070943 -0.00269329477144223
0.0544940448839587 0.0154804520348597 0.0426131073159989 0.0189763097473526
0.0405686443276626 0.0452096097753853 -0.00832714783785212 0.0015616010842326
0.0279389401069999 0.0562880082063307 -0.0503657706578884 -0.069336726399878
0.0073500809855535 -0.0145910637794044 0.060028966934353 0.0735195003492585
-0.0094464714908448 -0.0176291859654163 0.0274321927974393 0.00633183345241164
-0.017988908600531 -0.0110785228515401 -0.0387385768980968 -0.0228312022351046
-0.0143756356641792 -0.00199563515234508 -0.079033614649794 -0.00732083837284007
-0.0116931045110618 -0.002759260728967 -0.0923897216936076 0.0375171962172522
-0.0112164886861475 -0.000987145374188835 -0.0635485124258548 0.074386726047509
-0.0115773456643907 0.00423138504482978 -0.028412611317161 0.08134837824086
-0.0113753677739019 0.00287282005788524 -0.002571464154075 0.0738084031055419
-0.0162394445121762 -7.53970215729366E-05 0.0203369428989699 0.06103123945171
-0.0174564231570069 -0.00759775317143063 0.0355189414838824 0.0561032131702721
-0.0142289953218403 -0.0134537571438007 0.0415244952579661 0.0476451252591354
-0.00986487457387806 -0.0201133414670879 0.0569648658551603 0.0467054321982713
-0.00675186728355969 -0.0207011312126541 0.0725535091981917 0.058566658720147
0.00488179667589452 -0.0218603654036326 0.0852441937756949 0.057228912254442
0.0129639124072146 -0.0164222388211524 0.0984022639147166 0.0509508600273346
0.0432459388062291 0.0122514199718499 0.0420015748856052 0.0697428267704159
0.025748307856941 0.00742392920542504 0.0157140619291711 0.00296666470919722
0.0233380349879645 -9.86123667508208E-05 -0.0511690767525098 -0.0249580365708205
0.0260125006955011 -0.00686933957589593 -0.0882983550216425 -0.0099938352547029
0.0183653769660362 -0.0206948036572556 -0.0976326325858841 0.0349608353345711
0.00641778395308197 -0.0273176554214222 -0.0695932645942876 0.0711458845985668
-0.00655364259147093 -0.0257461184201846 -0.0335751191330704 0.0769904473739448
-0.013235682041141 -0.0236583312844755 -0.00645310520086011 0.0682150259701283
-0.020922008607768 -0.0284129218925539 0.0170262800503473 0.0530109043328023
-0.0139923200014808 -0.0387987554308913 0.0333755088073354 0.0462014780417546
-0.00217651903583022 -0.042785744563202 0.0424975148871312 0.0370481506599821
0.0180237903571915 -0.0478508006843889 0.0590448334956977 0.0390235266961566
0.0342695516097662 -0.0335897333532921 0.0716824674170431 0.05173505737282
0.047820601528435 -0.0118727618217246 0.0792710560878363 0.0471728188380422
0.0572594715970041 0.00761927489172405 0.0885137410508772 0.0391483655320302
0.0738369953178561 0.0372043315175216 0.01720596267014 0.0534231009191782
0.0611105017147744 0.0329912462758323 -0.000296826385312127 -0.011569498490094
0.0667766437001587 0.011205538071558 -0.0673632396243831 -0.0350653845792199
0.0660832326485295 -0.0145014552985871 -0.097956507106424 -0.0137248536013884
0.0457895617721446 -0.0386033504966825 -0.0973075987717723 0.0319843207363043
0.0225026495403491 -0.0516589311357429 -0.0680934417132389 0.0618316232286412
-0.00159474781117795 -0.0529718570432833 -0.0341969326639564 0.0627579990866686
-0.0135502241812056 -0.0466694154748426 -0.0100093676913769 0.0533710922647809
-0.0233310126693623 -0.0517951024258087 0.0111120684479704 0.0371368404240051
-0.0109188880868681 -0.0634094544970975 0.0285603321670758 0.0278558068786291
0.00751962534053836 -0.0667355161352459 0.0424741190649787 0.0185201350690518
0.0393904064328023 -0.0708947986731184 0.0616539896388341 0.0275779600951728
0.0668657011588387 -0.0453928058200522 0.0684046445230248 0.0465307369987552
0.0830751922393707 -0.00405376813663292 0.0653955807207281 0.0413682204121081
0.0924213059987287 0.0289445339523029 0.0666851326991889 0.0244329001124334
0.0948760027127114 0.0557708681632446 -0.0119061751196795 0.0270943449190688
0.0916585882976419 0.0507476353802617 -0.0216644602781165 -0.0328203043300223
0.104610774266616 0.014962046578194 -0.0821383884051549 -0.0466463035466241
0.098996219166049 -0.0267000650376401 -0.104487900429727 -0.0179913230075489
0.0647723903612971 -0.0562886599962626 -0.0903834906834142 0.0247069426546999
0.0332723817263159 -0.0701797478708497 -0.0612567169496219 0.0450211125611948
0.00259250308801191 -0.0724518771044413 -0.0315116784752552 0.0401712351491435
-0.0123345402579109 -0.0623465214880282 -0.012010048852656 0.0305317469649541
-0.0209532857053997 -0.0677045312245213 0.00623073627295287 0.0155046008409745
-0.00344595794629113 -0.0786934257610525 0.0235883961900508 0.00503384131914787
0.0188364987683636 -0.0795373192397828 0.042330870525588 -0.00238173700473893
0.0571923262608787 -0.0811637695092929 0.0630618781196876 0.01437211882208
0.0899053908256281 -0.0490644381421978 0.0634855894457324 0.0400777103770581
0.104872589499865 0.00563879078656607 0.0465144330133434 0.0368205791226278
0.112276101922341 0.0474368951323169 0.0369042084521441 0.00790679684796524
0.102598396019967 0.0633671193244979 -0.0431495495280157 -0.00327460839171714
0.109245895186453 0.0567561626599852 -0.0471320505355917 -0.0534807014173849
0.126915587491436 0.0124377129066438 -0.0941794430301104 -0.0554160644439969
0.115296231354698 -0.0397392528862216 -0.10354491798104 -0.0225205834568569
0.0707101163691297 -0.0678706055664737 -0.0779398100391388 0.0120923839175285
0.0357464951467349 -0.0789446490533001 -0.0517053980752527 0.0216135101525813
0.00379681611464343 -0.0804626579205873 -0.0277223421313544 0.0129771786001816
-0.00922852163227682 -0.0686654442261235 -0.012593769002904 0.00406842462014943
-0.013880434429548 -0.0736468989737513 0.0041083834047669 -0.010727828701161
0.00768922427450569 -0.0828216213288545 0.021599948193052 -0.0191968547080367
0.0327535236170236 -0.0789321943172149 0.0446244499774754 -0.0236342818211551
0.0708725248708218 -0.0749250783960525 0.0642291010810911 0.0023264853234796
0.101829924261525 -0.0387812148523375 0.0567071798361182 0.0338273334753607
0.11016517367272 0.0207652925382779 0.0258704386894033 0.0319256977558115
0.112677364135152 0.0623623362568457 0.00525209578578051 -0.010031234950373
0.0927582332897524 0.0601355667596642 -0.0724823467506304 -0.0300561628728822
0.105110742942848 0.0522386781783272 -0.0727467520450256 -0.0663755231789423
0.123664957311099 0.00740895465965026 -0.0990296930492269 -0.0586879890061498
0.107854284485761 -0.0431378995089271 -0.0948129169876676 -0.0272484671332984
0.0631167267795804 -0.0661879633097847 -0.0624601863836415 -0.00513249856894058
0.0321252853094288 -0.074011830014281 -0.0429220641226127 -0.00542919544985994
0.00440775856300321 -0.0750544566280125 -0.0246079172188184 -0.01469975573158
-0.00505409632657724 -0.0641999000124781 -0.0106915760293254 -0.0226812440477711
-0.00364398894116483 -0.0687179984903264 0.00648448191880165 -0.0360953487499383
0.0194292590020825 -0.0738652331642427 0.026324446317524 -0.0420648756755962
0.0443255274354054 -0.0656560513757096 0.0522518632331741 -0.0395976532533686
0.078202956947781 -0.0540517872275554 0.067107950204627 -0.00507577893482987
0.100439932395177 -0.0177677077848421 0.0491091525471076 0.0285890851212086
0.0986732677919184 0.0376490895079284 0.00752371222550224 0.0244183528006929
0.0955537453139857 0.0708929161799485 -0.0218211941198184 -0.0303122735458321
0.0655779761320211 0.0476558987484276 -0.0939135958599432 -0.0485185790249499
0.07946027177404 0.040755955468687 -0.0928979520912293 -0.0695052738938752
0.0951444241602929 0.00509776208251354 -0.0949241327820666 -0.0580181322219322
0.0802402446902485 -0.0341002237276643 -0.081470467885052 -0.0319594848320881
0.0458494908978265 -0.0492448195545783 -0.0497882495444491 -0.0230985833637721
0.0246891478345016 -0.0546713682457768 -0.0369510388293889 -0.0295730300482397
0.00528780479959164 -0.0574313621557899 -0.0216906273595906 -0.0381397316098294
0.000269637085820387 -0.0504234543668085 -0.0068390117225644 -0.0451449764512467
0.0049856889459359 -0.0533866937327016 0.0138294667130807 -0.0576577317351886
0.0255918752561104 -0.0545432466353943 0.0376859813881106 -0.058360852359682
0.045312275675667 -0.0440726939876647 0.065181566022521 -0.0474631599817697
0.0707025704286118 -0.0287091872265051 0.0713532582752512 -0.00685400399236313
0.0829881896369818 0.00386212802894698 0.0439325303524243 0.0228475704769567
0.0727537793543861 0.0470426298208849 -0.0040196536711734 0.0134225347194306
0.0649201729787061 0.0692171310717912 -0.0407504402998629 -0.0499661140787671
0.0260627573139788 0.0307228623611593 -0.101621314600916 -0.0570153459426293
0.0382002427982704 0.0282643630069512 -0.100929065780807 -0.0650169152983958
0.0502448948633091 0.00740327772389892 -0.0854670053247869 -0.056023718309757
0.0426909052541959 -0.014226648414762 -0.0691604025043704 -0.0363710336333025
0.0254069583806663 -0.0211911929285528 -0.0419968858017702 -0.0363708434787329
0.0179717288047674 -0.0259865633990285 -0.0340281601304239 -0.0463000380091316
0.00905717408127158 -0.0307926299700958 -0.0203026653304127 -0.0524963206266304
0.00525791990927073 -0.028786077048507 -0.00210187964663569 -0.0594086139203367
0.00947689786564206 -0.0302149827335181 0.0229855649519495 -0.0713448939590992
0.0212589266680285 -0.0300600966587632 0.0527920989218325 -0.0658253004666575
0.0333330738181525 -0.0214786442930568 0.0793863425418805 -0.0466356623402153
0.0480415156570767 -0.00980619135087073 0.0759006792859115 -0.00406396059017362
0.0532636969247197 0.0142378632018281 0.0420506644652988 0.0180417449314858
0.0394520424334564 0.043222497090449 -0.007951512490478 0.00258185660282027
0.028016934398959 0.054042084604392 -0.0490844093948536 -0.0661502998158256
0.00516006739510968 -0.0148130278573026 0.0759733268810991 0.0618516995131056
-0.0116981969225221 -0.0155398721321282 0.0289120113495685 0.000386430941395892
-0.0195996778403221 -0.00773338019706999 -0.0431284312812611 -0.0167156730787733
-0.0149872891549809 0.00143144613929102 -0.0807099172949773 0.00656300571936102
-0.0122790475617072 0.000854221940405596 -0.0854239953329829 0.0547435055133179
-0.0100547920866122 0.0017037249920026 -0.0494800595860701 0.0846737616703934
-0.00975435249819201 0.00698942119549888 -0.0140410614295446 0.0844242744809779
-0.010170231519481 0.0048759394391706 0.012115305484038 0.0733999449072904
-0.015129221058027 0.00308279777285494 0.0319850410682244 0.0570820744894354
-0.0177023455704607 -0.00371144852867561 0.0472703333835569 0.0487312390376372
-0.0155189746322785 -0.00925150416877768 0.0519942016606936 0.0390725748268972
-0.0139231176931565 -0.0159829738945511 0.0672745732722419 0.0352601117710982
-0.00995547981791386 -0.0173474226529155 0.0857488158069896 0.0433693754968417
0.000293087402237179 -0.0200473448498781 0.0978097359859136 0.0405379028030802
0.0110548349470187 -0.0162053353751048 0.108364695536647 0.0333741925197679
0.0430925750032166 0.00337009600695487 0.0570155633903923 0.0649398929821429
0.0264420794465849 0.00173416695974824 0.0166317121681044 0.000811910693092246
0.0217936074413973 -0.00557460798375579 -0.0548308350497939 -0.0133529663921079
0.0217421090841603 -0.011958960503281 -0.0883539956207722 0.00847960871102201
0.0126477136525912 -0.0221025045126051 -0.0889133690369581 0.0540962616056392
0.00129305520425776 -0.0267043387464712 -0.05405555157234 0.0824536960313709
-0.0114524888444963 -0.0228058475243955 -0.017352032585776 0.0805080998177027
-0.0164093121206633 -0.0200667577694459 0.00705063247815046 0.0687914862968847
-0.0250590834017561 -0.0229493953422479 0.0274292589213074 0.0502501112926421
-0.0204521105012238 -0.0341571268752626 0.0435268089438386 0.0396917446653784
-0.00903095814773655 -0.0397647764712591 0.0507111176559564 0.0285716417011128
0.00819415664363375 -0.0474926876425647 0.0679713011448991 0.0277740625738799
0.0265995171015986 -0.0370431091620499 0.08360771914377 0.0392420985918975
0.044588359958015 -0.0194816696642224 0.0878169197589442 0.0329340743900489
0.0582039641676792 -0.00232254406405826 0.0933637589257689 0.0242538218158051
0.0758963037477994 0.0215069193867714 0.0287763472350343 0.0556383213582743
0.0643957963927834 0.0187006876575887 -0.00224818899511269 -0.00882446023397207
0.0648374047400133 -0.00404260632464674 -0.070585330166454 -0.0169483186288966
0.058182488223724 -0.0274764709707234 -0.0970846450166422 0.00913239179030764
0.0354635325825393 -0.0445026111264414 -0.0868093461270077 0.0515303987768391
0.0120316727540907 -0.0529185039861444 -0.0526223666189524 0.0730410671546556
-0.0118358589448607 -0.049596740131442 -0.0189034996889792 0.0666202050063251
-0.0214173491357391 -0.0420345855826243 0.000958153136729751 0.0543931882492292
-0.0318638226874289 -0.0451862856776493 0.018675351080295 0.0360966556213483
-0.0219544064895891 -0.0587074421843393 0.0357558167521499 0.0229378260780473
-0.00443526797867752 -0.0642224896634767 0.0474993167448516 0.0109685617196176
0.0241740899511162 -0.0737257197349111 0.0689044673950587 0.0160053376622936
0.0554363725982933 -0.0547858114446493 0.0794472072936218 0.0354575675191726
0.0801798030745393 -0.0194846905027176 0.0699956110367208 0.0306042276601123
0.0969128815181498 0.0109473725216207 0.0664433349550688 0.0133497493228905
0.0985935645391929 0.0354641055607183 -0.00526186487130756 0.0362905318042505
0.096984274420189 0.0302691738693475 -0.0269746827842853 -0.0253758822063717
0.101579961883934 -0.00718502725312036 -0.087052827494776 -0.0233620588221509
0.0866015480503338 -0.0467037145317455 -0.102141978562745 0.00824011059483616
0.0501582049219405 -0.0657162136140191 -0.0797364690650585 0.042825673437413
0.0182740140081093 -0.0730401287206269 -0.0480026556057288 0.0549526772661335
-0.0126981189734184 -0.0685447463703698 -0.0191252243672732 0.0437663880702495
-0.0228155081758318 -0.0573561243157076 -0.0055378337846869 0.0323303747379973
-0.0324732368141597 -0.0606239983913726 0.0097051914823225 0.0151674293616622
-0.0177070896792276 -0.0749872996308158 0.0263312566711734 0.00159574511621674
0.0041466375552201 -0.0791819068154199 0.0431979655481389 -0.0101807169047676
0.0392504771742698 -0.0871524257601568 0.0671488417726951 0.00305455536661012
0.0766899125513324 -0.0622673413095055 0.0732437199408202 0.0313389682478131
0.103091154676089 -0.0146720415005197 0.0500001843738104 0.0301562510283876
0.119707586106052 0.0243173183210421 0.0315655558002064 0.0017514959852031
0.106908697163062 0.0408224272273837 -0.0430148401766627 0.0121701460464119
0.114566719300463 0.0326888749501576 -0.0566620276237223 -0.0391926758156138
0.121738096177206 -0.0141566110952906 -0.0994684788784748 -0.0280562376183801
0.0988746281974524 -0.06084995123153 -0.1008258231599 0.00425302226706929
0.0540580472260727 -0.0778226060917542 -0.0682675876291315 0.0277286158031885
0.0195322633336901 -0.0821197235697336 -0.0428562877173684 0.0297331365258992
-0.0134667354460534 -0.0764716001513222 -0.0202006756276267 0.016426699539695
-0.0212675055471694 -0.063963639508674 -0.0110832660739741 0.00583226379784361
-0.0266335634277161 -0.067775965484421 0.00207772736673428 -0.0101323125998455
-0.00839477428156893 -0.080726888213101 0.0192723092213025 -0.0222627958639693
0.0171041725223258 -0.0810099319928687 0.0406142198564265 -0.0317215694701748
0.054006328103088 -0.0841990750721597 0.0663010777959257 -0.00869190516572504
0.0899623196746477 -0.0554070691715218 0.0643694498030628 0.0272437183725848
0.111321302761798 -0.00150982629514464 0.0277227009636532 0.029565459967021
0.122658389846981 0.0381385566644148 -0.003943276913235 -0.0103177968475043
0.0968481977528228 0.0396225777039458 -0.0779552098651806 -0.010068331536461
0.109243587117242 0.0298754512280934 -0.0850631418367752 -0.0476436462068431
0.117309464559804 -0.0177070445769517 -0.104119214356981 -0.0313029638047267
0.0913890304711257 -0.0629330949270819 -0.0930730878163499 -0.00296864590623923
0.0474171457417575 -0.0750269353254268 -0.0576396854246188 0.00656840874598999
0.0167136413165783 -0.0767074052053325 -0.0390439240819431 0.00136962919864672
-0.0116824140239058 -0.071694994545993 -0.0219973381445343 -0.0116090633726674
-0.0156738664081745 -0.0603679860233145 -0.0143197849513177 -0.0209012318020643
-0.0161345126395268 -0.0648097626984844 -0.000286269239677749 -0.0360981971999145
0.0054929915124157 -0.0748784590708222 0.0189948484734148 -0.0456411532762789
0.0305207412854886 -0.0707027396392442 0.0443843294695298 -0.0488359508898719
0.0648707826239957 -0.0654938205561834 0.0666089724132836 -0.0169881872637777
0.0922327215769625 -0.0349042384380817 0.0546550000765899 0.0228503641392453
0.102674143682543 0.0169588910455617 0.00794293841166065 0.024788466082908
0.106921714237204 0.049680637821096 -0.0344063048664391 -0.0262979041215274
0.0697853873557565 0.0326491713456989 -0.103662252746623 -0.0269427806016523
0.0831145073606101 0.023927844642154 -0.105402263160119 -0.0485216231914002
0.089985113219396 -0.014311167639911 -0.101081481307754 -0.0332475881875844
0.0679210654202752 -0.0486942275241719 -0.0817116441265185 -0.0119425956161908
0.0336169526342151 -0.0554889508947863 -0.0491596997164804 -0.0136794610729721
0.0127588810442685 -0.0569970292791763 -0.0390041468570687 -0.0238682875127238
-0.00656973289112157 -0.055142928145271 -0.025015821923718 -0.0349070482879304
-0.00867777003807009 -0.0479880545846687 -0.0152733998105433 -0.0433392329708476
-0.00508995527141221 -0.0523246016246739 0.00192464649795869 -0.0588031657547024
0.0146003067554153 -0.0577489455174958 0.0265641454983771 -0.0649028785442251
0.0364360067207009 -0.0501755246274583 0.0554781083388239 -0.0595331947431509
0.0624863562529358 -0.0408408607123317 0.0699474109898676 -0.019869250661324
0.0790554725779209 -0.01142364847479 0.0480105475626202 0.0172974105057921
0.0794961451358578 0.0309891566505881 -0.00527190487567373 0.0153637929518055
0.0767081245757837 0.0527333271218761 -0.0553616088339501 -0.0431198887417287
0.0289420992421177 0.0237352089059414 -0.114299593662289 -0.0357788367525616
0.0414767175194759 0.0199350861512898 -0.114144327152037 -0.043437392214606
0.0481929692129095 -0.0025531415391567 -0.0936437046830102 -0.0361900823004841
0.0364637160654575 -0.0216612947858157 -0.0730711271226605 -0.0206316416876272
0.01922617782255 -0.0246965842137654 -0.0462728230210821 -0.0279139221215919
0.0118136594158572 -0.0277019578137657 -0.0407572897147106 -0.0396053411110199
0.00130976164374263 -0.0305607866701503 -0.0274809025345129 -0.0486216967553177
-0.000239386723127676 -0.0282665729324915 -0.0131916428928902 -0.0583212686076997
0.0033494679007467 -0.0310700963127391 0.0089255468873464 -0.075046213569609
0.014860695648048 -0.03278593811168 0.0396273256250807 -0.0760573760249049
0.0288839128068833 -0.0267112824199416 0.070000577744195 -0.0622434842657322
0.0446051722129061 -0.0175981333397072 0.0756276932260561 -0.0181684499642807
0.0528009517151268 0.00419443679084624 0.0447627182232197 0.0118366453486236
0.0462412677348564 0.0336521032004383 -0.00996629180172064 0.00456532896247534
0.0376761050160442 0.0450323795923094 -0.0644303886189588 -0.0579115691309197
0.00566492073396009 -0.0148432209206091 0.0773032983797734 0.0617472934470373
-0.0119163394687573 -0.0155666992683789 0.029283536665788 -0.000980914157896598
-0.0199556678540739 -0.00825372541903316 -0.0439844500323401 -0.0156982115282068
-0.0159902714350023 0.00115068925581541 -0.0813220555941828 0.00821768828740827
-0.013051239688615 0.00112180236348669 -0.0857338318967531 0.0562188864757075
-0.0107158036527439 0.00177330584658301 -0.0489735851028375 0.0861753784159288
-0.0095719388321153 0.00669957495838663 -0.0125103450969523 0.0862796330925357
-0.00997942900157404 0.00477202758303697 0.0134876697730944 0.0748764719343351
-0.0151936638029046 0.00316237315367671 0.0333786819601659 0.0581583773489469
-0.0183804654335483 -0.00345985827023884 0.0490536724732904 0.049012535653269
-0.0158308166838216 -0.00917655552404405 0.0536444420454695 0.0394929554327758
-0.0147062348888189 -0.0158351936919436 0.068890188407837 0.0349160806614377
-0.0101494092747175 -0.017515365448612 0.087470280549552 0.0425918083272102
0.000884818463342943 -0.0205653830515382 0.0993465005125428 0.0397969319824958
0.0113066056700225 -0.0163515368524116 0.110329382918238 0.0327429535983817
0.04425223251477 0.00271496957327663 0.0581218991181268 0.0651830141977451
0.0271771301867185 0.000671007113270226 0.0167813723206088 9.97509333601707E-05
0.0221099447130781 -0.00656517148063737 -0.0553426961236268 -0.0124480078736605
0.0215414490100782 -0.0134262489772843 -0.0891502561837172 0.0100667922362912
0.0118762334925401 -0.0227842100927466 -0.0892510475231686 0.0558876677833884
-0.000102412414005867 -0.0274998417964779 -0.0531911123289963 0.0844676695437207
-0.0116550862446697 -0.0231577248084811 -0.0168720255203249 0.0822003306708949
-0.0170780256254744 -0.0202295448471359 0.00863162510859995 0.0702693297555648
-0.0257828628242476 -0.0223187924672949 0.0286661314353911 0.0510307340649601
-0.0214722774290235 -0.0344649633816986 0.0449928735026058 0.0394758796623815
-0.0100462861544885 -0.040434506086012 0.0521818138754632 0.0285323599265381
0.00721462263258261 -0.0488094699612929 0.0698981330535758 0.0273304283331876
0.0265602153576655 -0.0383096308244678 0.0851260677283602 0.0379125009832887
0.0454499056392457 -0.0208815488636484 0.0892212768316042 0.0322571715120682
0.0597507293355343 -0.00360543935951029 0.0949414458027676 0.0229698972156947
0.0770917824143712 0.0206699580981184 0.0295892008585146 0.0555634641561507
0.0661493997590673 0.0177475154131242 -0.00214917395169192 -0.00954784009814624
0.065431436502889 -0.00576607325371154 -0.0719294360506316 -0.0159923063563161
0.0586057720339856 -0.0295530323759496 -0.0981753336387948 0.0106984426327413
0.0347979822612371 -0.0468791591392161 -0.0875528909050856 0.0535726271740498
0.0107086054991586 -0.0543359518852621 -0.0521613568805779 0.0747094835234002
-0.0129585508453342 -0.0501099995390871 -0.0191781887817828 0.0682528870848598
-0.0219860514270717 -0.042365151905973 0.00164910275349151 0.05502075330874
-0.0333285485371504 -0.0452176076525813 0.0201517883118237 0.0365641362305457
-0.0233967939334681 -0.0591807917361417 0.0368909727761827 0.0225687834661359
-0.00512741846436716 -0.0652063298286811 0.0485055047045505 0.0108191168112288
0.0222225131714478 -0.075346614353834 0.0705077544597802 0.0154976012389426
0.055655869416974 -0.0567258316901459 0.0814097679873351 0.0339711560137191
0.0817566387255103 -0.0211631449433598 0.0722795348122933 0.0299294270367491
0.0987683954153352 0.0090193476045083 0.0674738703513873 0.0130110590203449
0.0998535340869404 0.034265080385387 -0.00504239479483896 0.0365649750546428
0.0989218833610679 0.0290323291964293 -0.027543202526472 -0.0253456241544054
0.103223586728912 -0.0101787829600019 -0.088092143519647 -0.0220856091165882
0.0862591441839364 -0.0491545208758631 -0.10305424305117 0.00950991910730497
0.0497516593525489 -0.0678918787288791 -0.0802912806187631 0.0449174249349278
0.0169457740038723 -0.0747241577184742 -0.0475964687725154 0.0566565803226233
-0.0138641073689898 -0.0692947243403712 -0.020146334494021 0.0449502272403892
-0.0237291846637688 -0.0573424280038039 -0.00488554965796528 0.0330267042824917
-0.0340636101631821 -0.0605753225936551 0.0100984685595973 0.0148040612105547
-0.0197083318906811 -0.0755772005168411 0.0267933205807822 0.000791393683586616
0.00308147071260192 -0.0802772968882888 0.042897781748908 -0.0106396516861573
0.0375684148006842 -0.0891509917788622 0.068839032790605 0.00238208981291606
0.0769724534462762 -0.0647960923542704 0.0749439615230268 0.0300484190184902
0.104835344097989 -0.0167437706273903 0.0513156986228116 0.0298827479017505
0.122063041843812 0.0213687914578112 0.0323363248517701 0.00196180746350477
0.108451594072314 0.039748974491909 -0.0437423723285405 0.0128988519142052
0.117022333159719 0.0311564611209091 -0.0582322467662603 -0.0395384180558642
0.122839632054101 -0.0175315694564371 -0.100684260810512 -0.0269603410642295
0.0991008164299269 -0.0644001948729844 -0.102161822648827 0.00581845510491662
0.0531949823781155 -0.080786178301154 -0.0692835611045494 0.0285387710609799
0.0173074276105415 -0.0841681338266406 -0.0423495913709366 0.031182816081956
-0.0144772615628865 -0.0768538832827036 -0.021478555097315 0.0167603549391937
-0.0221756483133541 -0.063877243641112 -0.0111179866078174 0.00625674703174794
-0.0283732307023559 -0.0676291481447379 0.00211452410494507 -0.0101292190411397
-0.00985346346304271 -0.0811816559839241 0.019059400580104 -0.0231699678287473
0.0154572539325342 -0.0830064974649064 0.0403383167638384 -0.0321225307970119
0.0529033535649668 -0.0870193900700128 0.0669973329933393 -0.00996028811536956
0.0900561473172481 -0.0579467834221552 0.0658651426223483 0.0261936427390983
0.113013933264747 -0.00351546363130721 0.028773514940795 0.0297463670493082
0.124926511393436 0.0358119425328589 -0.00373375466071754 -0.0101834722068021
0.0979438100047626 0.038068397237702 -0.0797081510039017 -0.00952721859776834
0.111719110796125 0.0274391361014965 -0.0870978605057887 -0.0472156552072224
0.118732671918778 -0.0209392005982846 -0.10615884722065 -0.029851178103127
0.0917798441701124 -0.0656019786794313 -0.0934088123379084 -0.00185368421810251
0.0463531243483599 -0.0777567195169468 -0.0577619763505439 0.00748800819177029
0.015139441146167 -0.0777393795432005 -0.0398329143858207 0.00219784110654804
-0.0129969380353052 -0.0717431516353352 -0.0239928223189099 -0.0118760085162602
-0.0172727287664921 -0.0604745032577906 -0.0152721299661239 -0.0211731103657287
-0.0177983963948881 -0.0646083785099323 -0.000986590125742412 -0.0366889835495306
0.00328143728660044 -0.0755353612813787 0.0189477420284047 -0.0467141543057067
0.0297977691014962 -0.0726457746944275 0.0443791367891867 -0.0495095165958536
0.0639020457511697 -0.068299642685546 0.0676296934534944 -0.0179514791922288
0.0925685885976858 -0.0376549764698543 0.0562683355392725 0.022269739093188
0.104390442463558 0.0153416309942603 0.00911240297275336 0.0252668689460774
0.109359387738433 0.0473456786709275 -0.0351177733174197 -0.0257001597185068
0.0703447031131385 0.0319684433680504 -0.105793606953484 -0.0260327346655222
0.0844147862529628 0.022791288990796 -0.107808475179757 -0.0471966845026948
0.0905612719584936 -0.0165536945960673 -0.102758811916753 -0.0316412457882862
0.0680115185938086 -0.0509143451747678 -0.0828103256826374 -0.0112636165271032
0.0329653099265606 -0.0575578441949835 -0.0500252984781778 -0.0134631839065652
0.0118819450112527 -0.0582441945688086 -0.0402637034175674 -0.0232340751763486
-0.00748646691831767 -0.0553200170199468 -0.0271147215177736 -0.0351226363858204
-0.00960209576017438 -0.0479874844479653 -0.0162585529464937 -0.0444077559920205
-0.00606571815563598 -0.0523339995023066 0.00171770924289288 -0.0599779039454038
0.0136573003880724 -0.0587284450982913 0.0260726390877845 -0.0660637068205264
0.0358494139566434 -0.0520158862335533 0.0553236879252458 -0.0612192468783024
0.0625415462910793 -0.0421112583980242 0.0712555322028732 -0.0212119238489717
0.0799465392726258 -0.0133861720203925 0.0487719602371773 0.0165190510751407
0.0806380126019956 0.0299894499045882 -0.00466933479193451 0.0162368423880679
0.0784152100298973 0.0513448426300505 -0.0558939708809329 -0.0425155774257589
0.0294779219628697 0.0227975064973739 -0.116805287993884 -0.0349241206317984
0.0424951006605651 0.0193538083842242 -0.115706742970365 -0.0424314740037024
0.0486574320404753 -0.00361574565278001 -0.0956084422774029 -0.0344173562547287
0.0370046950897536 -0.0222164811747646 -0.073994673102001 -0.020179580487075
0.0200212592496483 -0.0252526471036077 -0.0474093959709087 -0.027808130077043
0.0115031377982751 -0.0283994248512342 -0.0422434075493992 -0.0395246919980713
0.00136749063071754 -0.0314420924457626 -0.0292555496386234 -0.0494704000213204
-0.000777926492877685 -0.0284889509823369 -0.0142532269932387 -0.0597129119309924
0.00277991464288931 -0.0310451856368463 0.00787089173502094 -0.0763730746758748
0.0142608436296516 -0.0337936047890351 0.0386368467288073 -0.0776067497685325
0.0285867447232178 -0.027994124684405 0.0701516569730372 -0.0642717824947349
0.044503991620745 -0.0183377241751836 0.0767699542940202 -0.0205603857497697
0.0537783972916241 0.00318439037982572 0.0455422185352919 0.0116495719695068
0.0474024382767382 0.0331208146225398 -0.00938483310457728 0.00554017550148752
0.0382488123813078 0.0443807862885477 -0.0654910054146307 -0.0568449122221968
0.00512418985845877 -0.0155169265657263 0.0807273890234316 0.0590790140445855
-0.0127826444798286 -0.0158858754052252 0.0295638290529738 -0.00288843069489224
-0.0208833232177202 -0.00811000002154438 -0.0449323595352347 -0.0139042192419134
-0.0157537680643355 0.00197757236268897 -0.0822342610429598 0.0118504173381509
-0.013470720863331 0.00203125446177563 -0.0842491852793402 0.0612355528796254
-0.0112852058965223 0.00212010978002869 -0.0459714397733277 0.0899057947873585
-0.00913887432632743 0.00641121834412526 -0.00858768645958338 0.0881771155658469
-0.00997141849764703 0.00468767899883444 0.0178796782122487 0.0759308522901884
-0.0152175758746908 0.00383035368762855 0.037058694481701 0.0575709954679548
-0.0184358929938027 -0.00299380908936739 0.052442656488207 0.0472528071488334
-0.0167014381121212 -0.00832626949881662 0.0565413543550919 0.0374261198627511
-0.0155845902132421 -0.0155528108816133 0.071780014543633 0.0321376370683459
-0.0107872461917146 -0.0172872133703357 0.0903529463093633 0.0391257754917003
0.000519094802501025 -0.0205583093673649 0.10207855955688 0.0362163110880952
0.0106588944818237 -0.0169905019465815 0.113772097881217 0.0287014249034663
0.0444626579859356 0.000586401052146232 0.0611197715375832 0.0636261007743381
0.0279042074945115 -0.000598692450807439 0.0170971798422074 -0.00112486444743643
0.0218538575002506 -0.00853748661984224 -0.0565094419756632 -0.00956750187515426
0.0207462975220175 -0.0143885339764793 -0.0901223300023391 0.0140662698985931
0.0108063903786821 -0.0238297383701161 -0.0887931414660689 0.0611185037873619
-0.001455223079649 -0.028038281027134 -0.0504542588238704 0.088177203810741
-0.0130385238360512 -0.023467452521577 -0.0132186634783372 0.0847663893552933
-0.0183673273593961 -0.0198435894581349 0.0121464246940008 0.0710551734969616
-0.0275872973772039 -0.0218744065366177 0.0315410211674177 0.050940425069682
-0.0236173238972847 -0.0341202337438011 0.0470548836351513 0.0379537838401888
-0.0119591812389731 -0.040654483976106 0.0548361647852408 0.0270958490467386
0.00475346724886028 -0.0494742347089308 0.0723599728936473 0.0246455711520777
0.0257772863397406 -0.0405759980452953 0.0880087304979635 0.0343394426259234
0.0454729449128183 -0.0231921474118198 0.0922116413961388 0.0286715037480376
0.0606282965640592 -0.0061754938899799 0.0979710981913011 0.0199309654253197
0.0785335098510687 0.017533996378543 0.032486232798579 0.0550457403226764
0.0679014242140835 0.0149649187404413 -0.00303134364825926 -0.0101628262870035
0.0660331488305548 -0.0100319413457927 -0.0730745408683684 -0.0126581748996934
0.0571197780059086 -0.0336624538084649 -0.0991302792942621 0.0154311106972241
0.0329719301387193 -0.049788389625559 -0.0867402034108108 0.0583265625124707
0.00784541595218857 -0.0557902379099104 -0.0493873794465772 0.0785714180770178
-0.0155056467665038 -0.050833180078856 -0.0167941284840175 0.0704837864999849
-0.0240651134329676 -0.0419388670526146 0.00484788536878805 0.056356808388142
-0.0358632540817644 -0.043480634960049 0.0222324563695806 0.0364302339327954
-0.0272984038068411 -0.0589800656402081 0.0383147582148171 0.0208023569465399
-0.00884902379890667 -0.0665531740002948 0.050095580256145 0.00940468008928879
0.0192978680977576 -0.0772005771841398 0.072837770820115 0.01234212637063
0.0538946624239091 -0.0609314637416641 0.0844078137839527 0.0308809813894838
0.0823609312436651 -0.0255185323118352 0.0745464620967865 0.0272084863821082
0.100988613501545 0.00423439517907739 0.0693766809375493 0.0108334647021086
0.102583498498218 0.0303794091523639 -0.00387684194119791 0.0368568886440984
0.101906377202217 0.0244990043653481 -0.0291277032300363 -0.0252566232056229
0.10411286337886 -0.0162685333175799 -0.0899923443461778 -0.0178443116523014
0.0856719127567555 -0.0549744911574987 -0.103961338983355 0.0140404756416252
0.047294456319845 -0.0724296246371151 -0.079564915576742 0.0493365346191714
0.0128238506026016 -0.0771710153160008 -0.0458822097143257 0.0597557405650949
-0.0175473724639326 -0.0698932879395766 -0.0191784263181643 0.0468920161999238
-0.0266583513031227 -0.0568693296135975 -0.0034366830608191 0.0337594837421223
-0.0373773880047289 -0.0595403027895198 0.0109126995392771 0.0150903421481616
-0.0241073223101928 -0.075667386097752 0.0270550314602895 -0.000156914657462835
-0.00136238528791195 -0.0822347628651743 0.043583869065251 -0.0121723975642904
0.0335179786377949 -0.0924623614223296 0.0706368056395069 -0.00118961442298483
0.0750184822068548 -0.0705214603543015 0.0775248181460949 0.0267785642486997
0.106138391413812 -0.0223201309298988 0.0537713661584983 0.0280403076760855
0.124818247176797 0.015517421952783 0.0330460537443926 0.00073396606446603
0.111044285413946 0.0356787649423595 -0.0442107030726734 0.0148278514964296
0.120450053285691 0.0257458855609377 -0.0608361595197739 -0.038162373017346
0.123781501668127 -0.0244165628748999 -0.102661282938617 -0.0226940528244811
0.0975795321392861 -0.0714024572341083 -0.103171432953632 0.010249836094209
0.0504464904510474 -0.0854931823379403 -0.0691045069569079 0.0327267755555761
0.0136953714775008 -0.085867019153748 -0.0413958163627381 0.0331985240157804
-0.0188845559901535 -0.077530972327073 -0.0224770946195908 0.0181787983855675
-0.0255706483748838 -0.0633587141767798 -0.0112406204586017 0.00614540610257407
-0.0323959447510127 -0.0666044620757857 0.0021621272984566 -0.0106024881710427
-0.014492103599831 -0.0819494790548637 0.0181535250917453 -0.024420783904836
0.0115570582521375 -0.0854216437271638 0.0396372883353553 -0.0343411286607813
0.0487390765716991 -0.0907446243934561 0.0682679461951732 -0.0135589685415171
0.0889813521982472 -0.0639260945083602 0.0685708416142024 0.0232846311203151
0.114822082956105 -0.00940966538422175 0.0311786758604742 0.0295072897964968
0.128952638413985 0.0290554096531846 -0.00395343692332023 -0.00986377706937106
0.101051410441788 0.0347704978878309 -0.081719069369302 -0.0064844319177807
0.114808279435791 0.0229945225139981 -0.0907633672142965 -0.0442150615852254
0.119591089036144 -0.0273505215087238 -0.108276599582741 -0.0252853986509009
0.090203592903333 -0.0717723647872694 -0.095351470587205 0.00179540681891735
0.044154090068565 -0.0816009244984336 -0.0583085146435833 0.0105183142887973
0.0109674583973435 -0.0799999688631892 -0.0401215994158989 0.00358135337177375
-0.0163986345295247 -0.0723911978655514 -0.0265653905623985 -0.0110347950512161
-0.0198608386719687 -0.0606907208199531 -0.0163890760856678 -0.0214216752195617
-0.0210303340866134 -0.064488738804808 -0.0026727676117217 -0.0373489245995916
-0.000336626249045101 -0.0766370058559565 0.0166706877070262 -0.0485174661613666
0.0266379881169898 -0.0759259802526916 0.0423530698058311 -0.052125666203967
0.0615033319974632 -0.0725829307584352 0.0682049415490233 -0.0212981216514798
0.092263104875427 -0.042959036537167 0.0582340585247245 0.0198991839430107
0.106980642815176 0.0107645072130159 0.0110760152385063 0.0255239661374006
0.113339195288138 0.0418386114301246 -0.0361769529959769 -0.0241229548528336
0.0729951268696483 0.0289427844526552 -0.108987883702204 -0.0222804398369376
0.0872205174751745 0.0184918878555855 -0.111159979189325 -0.0433775214937047
0.0913216509043219 -0.0212288007457112 -0.105586246942524 -0.0272991440299873
0.0670763938125862 -0.0551793223967352 -0.0842905437867141 -0.00772929261328033
0.0313457992615571 -0.059988273037697 -0.0512761611644241 -0.0112471787286566
0.00902210067823462 -0.0594131899174572 -0.0415395754802435 -0.0219168297931519
-0.0105431030803621 -0.056049052746962 -0.0302634367085545 -0.0346138379836105
-0.0119154577191497 -0.0477390268404851 -0.0187933967367212 -0.0441607087244081
-0.00914163432249069 -0.0525906167224772 -0.0014506557624281 -0.0612028836256537
0.0107049729703428 -0.0602449828443641 0.0232105347644682 -0.0683383886293791
0.0336708421767448 -0.0549111977855203 0.0530707424185618 -0.0641971167902492
0.0606829345682132 -0.04568591762766 0.0718857905132534 -0.0246093753748938
0.0806793241607199 -0.0178897107581319 0.0502346054643471 0.0148635261742787
0.0836554550500353 0.0267440641489564 -0.00325498657362948 0.0169175566490381
0.0815819972630174 0.0474585720724357 -0.0580175023819359 -0.0403303062197468
0.0306816347130212 0.0217568506085076 -0.120550429636978 -0.0311334984612236
0.0436753473540317 0.0176642221333329 -0.119633117275128 -0.0379808704099559
0.0497978642809317 -0.00621424883209621 -0.0982471571522372 -0.03087982538074
0.0365186461335618 -0.0249400005785983 -0.0753892039413063 -0.0172886406729624
0.0191682726722493 -0.0265434338015519 -0.0490903628420785 -0.0267312215640424
0.0105704662616952 -0.0294993923889198 -0.0449946404157086 -0.0385195225245286
0.000185718203273691 -0.0312127978590152 -0.0334627008987513 -0.049497871630375
-0.00216715255524741 -0.0282473983379114 -0.0177973774728269 -0.0606045662024474
0.00122138822441212 -0.0318990403541264 0.00409896456682963 -0.078104881283625
0.0130947679707903 -0.0341644758454093 0.0358478641380776 -0.0809675586516036
0.0274831203498726 -0.0294380237465591 0.0676877706447007 -0.068277059220867
0.0442371890696902 -0.0206667861934794 0.0771719801706463 -0.023644072703954
0.054431364160654 0.00092285747766881 0.0470879738380032 0.00966165140693304
0.0494163965057948 0.0315469834843071 -0.00873198242051478 0.00637713409926666
0.0410060133797664 0.0424250243805083 -0.0686852320919473 -0.0550371405243878
0.00452292391075308 -0.0159695306804007 0.0828579070426663 0.0530618817717213
-0.0133345495979521 -0.0148748519587578 0.0289585841812041 -0.00466860968597102
-0.0214371697115129 -0.00655606025504381 -0.0442568167033263 -0.0107479022822397
-0.0159097676776103 0.00251863585050911 -0.0801318540568778 0.0169640052233001
-0.0136688304930413 0.00272249525041704 -0.0794587445068968 0.0662145126417978
-0.0113324692734872 0.00278680154353851 -0.0398765308891546 0.0915377574290309
-0.00889028651048093 0.00676735988181532 -0.00225258821404975 0.0880894976866524
-0.00966994050730668 0.0055101342518554 0.0228473932029914 0.0738675303959314
-0.0147759888841337 0.0049211723957304 0.0404520309051883 0.0548763115317768
-0.0182170593555751 -0.00151358593950188 0.05510248749307 0.0434387830994953
-0.0171617300700841 -0.00719853072189496 0.0588458544095922 0.0340037694669016
-0.0169040393134718 -0.0140764381975063 0.0730898437777893 0.0272268906771672
-0.0115449335696842 -0.016233060021219 0.0914437556446553 0.0328873966020599
-0.000836554343828271 -0.0209221238039722 0.103230609718191 0.0293878067256405
0.00987739699363672 -0.0169545916248954 0.11470162049292 0.0219785676948695
0.0441576877281302 -0.00210168169319431 0.064079989742655 0.0591710193955918
0.0275974333432982 -0.00290051690745787 0.0166487898929901 -0.00286076518668894
0.0206026023787592 -0.0104529889505954 -0.0558233695670458 -0.00632490556116973
0.019197274996358 -0.0161351849061155 -0.0881533459090015 0.0195028392419329
0.00885089184828078 -0.0245475452565391 -0.0833811668189101 0.0662012015069469
-0.00407950813652499 -0.0278082426740903 -0.0438994203644067 0.0903861739126623
-0.0147355590497807 -0.0230600603331455 -0.00768004146778078 0.0848359229747565
-0.0191005608816221 -0.0188253228961049 0.0171331365348974 0.0698761134218553
-0.0285003722840965 -0.0195779753107268 0.0350476662388285 0.0484624441286471
-0.025646536168953 -0.031880136874793 0.0495025319337528 0.0347786601843437
-0.0146694555125505 -0.0393517039862831 0.0558803839178238 0.023606240148292
0.00107278838363412 -0.0490211883254311 0.07370032012138 0.0194714467595881
0.0229986825444 -0.0417228105285975 0.0891315974022398 0.0279031556307341
0.0436684973010667 -0.0264535595747625 0.0924256269588477 0.021950599998666
0.0595491689724741 -0.0102403685427643 0.0982472816434316 0.0138642696241756
0.0786262438703445 0.0125475937418062 0.0349533697895748 0.0525493863229153
0.0684333615939988 0.0100410578747875 -0.00394918672032197 -0.0107827304343908
0.0644275702984089 -0.0149666021872385 -0.0716011716554062 -0.0075734008631975
0.0534997992905954 -0.0380504760765194 -0.0965712734053238 0.0210950152843378
0.0286903462451618 -0.0517382002618124 -0.0816420942259166 0.0636355859283954
0.00309254509946303 -0.0559993494958334 -0.0433834318841649 0.0804538519668391
-0.01892774938356 -0.0495950364458637 -0.0124564494678956 0.0710645670058277
-0.0263409118100036 -0.0397278725870991 0.00876689958662454 0.0553921128467485
-0.038101262789797 -0.0405470613960187 0.0245614394708389 0.035117012620669
-0.0304945424062121 -0.0563017778041828 0.0391510590326869 0.0185951766458887
-0.0136403287622738 -0.0653813674599675 0.0502028472033593 0.00628162256970627
0.0133927824342547 -0.0774959783338796 0.0730014405241999 0.00727446097255245
0.0495233598985801 -0.0639163746089192 0.0848081462821149 0.0246747606014464
0.079604381942252 -0.0309195383335277 0.0757163781618859 0.0216544753365526
0.0997399308730466 -0.00343093400756195 0.0695412575159693 0.00671034076596166
0.10248464272175 0.0237264272988331 -0.00201392974153877 0.0369850158082608
0.102782637996887 0.0173168075343583 -0.0304268373570363 -0.0234512882349555
0.101513969707277 -0.0236832954147623 -0.0892335818933679 -0.0123964566564011
0.0803120999282145 -0.0607707874060506 -0.102002425246213 0.0208300289372058
0.0417363216251884 -0.0754518591487861 -0.0754900606529175 0.0540816370226687
0.00706526699903126 -0.077211017749137 -0.0409543612520334 0.0618283488759193
-0.0223241916249691 -0.0682009971775563 -0.0168687256237773 0.0483385811567342
-0.0295931779967728 -0.0548504972226721 -0.00160973878942853 0.0335218770227967
-0.0410934120027876 -0.0555780302043834 0.01189652540781 0.0139551950002107
-0.0296259569014599 -0.0732479119202718 0.0263049584588594 -0.0017628916980732
-0.00706287713575318 -0.0815041834309007 0.04252102485312 -0.0141834964040815
0.0262462476241519 -0.0936337853819618 0.0704253118610503 -0.00636389664974868
0.0693316766053399 -0.0755218288027926 0.0781584737152805 0.0214178391104605
0.103137926125277 -0.0299803622395529 0.0556416383331474 0.0246042140447083
0.124079898121949 0.00614872140658714 0.0335170726723758 -0.000435462967266455
0.112174349395952 0.0283121689533353 -0.0434547909236953 0.0173732532940327
0.120294697179651 0.0171045563416961 -0.0622391781226568 -0.0341068883955364
0.120519714184548 -0.0334900919301884 -0.102240279481748 -0.0160078255207321
0.0913262482413642 -0.0776445830901533 -0.101106283383298 0.0158663139754636
0.0437395011972728 -0.0887836935460221 -0.0658438585385342 0.036525635100928
0.00654653277984463 -0.0862282867709526 -0.0385142889244252 0.0352072835232898
-0.0235487994223017 -0.0757664173274448 -0.0221684679248315 0.0196674364465695
-0.0292567275768692 -0.060968001128885 -0.0106587884654516 0.00709277033509909
-0.036514217218769 -0.0632551829289348 0.00133776317945354 -0.0102272835044683
-0.0203954911388831 -0.0803113064094822 0.0162500860107017 -0.0253838396899887
0.00547728777262125 -0.0860375159083649 0.0364098690568345 -0.0351814177627695
0.0415003062300372 -0.093220970234599 0.0668253668436528 -0.0182222933546962
0.0835252324238584 -0.0696208502045252 0.0689039949715006 0.0185990666828492
0.112904474140478 -0.01738275326583 0.0331570180620637 0.0272577548579967
0.128840261080645 0.019471816422369 -0.00435353455556966 -0.00918883776667782
0.101694966886084 0.0279119370115264 -0.0815668206326433 -0.0015149218338309
0.115038198758653 0.0148363987444252 -0.0918805706115559 -0.0376744865255146
0.115869924349108 -0.0362966881774972 -0.107700865779762 -0.0180945582946616
0.0841020920857455 -0.0777830211274649 -0.0933647081325556 0.00769177731730769
0.0379211702268418 -0.0844658422071679 -0.0573093941797868 0.0137183077193359
0.00553276833614781 -0.0801619267340368 -0.0392795505060083 0.00576623442658223
-0.0209518854413266 -0.0703708198994935 -0.0280660842281576 -0.0088099141377711
-0.0235482097077994 -0.0582811044133679 -0.0180076199362922 -0.0197081593715941
-0.0249065298700524 -0.0620168685876573 -0.00471589081631797 -0.0366467773753163
-0.00612805684082293 -0.0756405434314643 0.0131788882773473 -0.0489381697113835
0.0204877433440686 -0.0772256073771303 0.0381086601363095 -0.0538087850501714
0.0553545008933377 -0.0755681419989643 0.0667096628623301 -0.0258624877635724
0.0883997045132206 -0.0492519212873562 0.05861863572362 0.0154734025842737
0.106064908953703 0.00319106866702017 0.012870531470457 0.0246953237472783
0.114167561952229 0.0325595899654997 -0.036666125213242 -0.021568797924112
0.0731154634598641 0.0236897401282502 -0.108895679094376 -0.0151431633567141
0.0871573755994267 0.0123819435180392 -0.112494499514115 -0.0358954048092811
0.0890608430058333 -0.0275452194147439 -0.105395836790537 -0.0201934914967774
0.0621231017134944 -0.0592911238333985 -0.0838128331361133 -0.00231789227581377
0.0271362865310539 -0.0621285349870532 -0.0516551463905646 -0.00853462340912908
0.00504802239887345 -0.0595410911750696 -0.0426554365064801 -0.0192355931010018
-0.0137186022933509 -0.0540904621913832 -0.0338696842830192 -0.0321449636850746
-0.0147303452045199 -0.0463754239977977 -0.0225000418952586 -0.0432195692895789
-0.012235042191611 -0.0510135964135372 -0.0056630873295964 -0.0605284626034213
0.00640428796328237 -0.059773042855369 0.0182467616475723 -0.0692159592634663
0.0293283646308956 -0.0569267403792564 0.0481087946711195 -0.0666763410081095
0.0565932335295198 -0.049628701960965 0.0691110061958088 -0.0292038098244902
0.0783396436494186 -0.0228556559101485 0.0510199018350747 0.0114859850028349
0.0838597449629763 0.0203135040606012 -0.00115910382100897 0.0171616669129484
0.0836939533405328 0.0402917294054568 -0.0603142583685436 -0.0357307940048392
0.0315529146215404 0.0196374240185988 -0.12147973217296 -0.0236770415806548
0.0445296875713278 0.013580805314181 -0.119905855235113 -0.0294836222588309
0.0483700947242269 -0.00992130178252789 -0.0989466960083305 -0.0236267157461016
0.034988728645126 -0.0269915717075229 -0.0756237263018317 -0.0126188539774123
0.0177532416873861 -0.0276485518057553 -0.0506487526460547 -0.0235756847598745
0.00856785442870963 -0.0298137041926304 -0.0473053257510073 -0.0350783908731699
-0.00282430206861578 -0.030819078091542 -0.0369197380073848 -0.0470215659400838
-0.00370972387888542 -0.0275474456214632 -0.0221850042337628 -0.0596373158864089
-0.000794160834538337 -0.0310141031092489 -0.000690459275162529 -0.0777566306534293
0.0108590209569573 -0.0347113421904294 0.0297750251163193 -0.0823479718298301
0.0251843803082138 -0.0311581561804398 0.0619364683995807 -0.0716969643934896
0.0417650860001687 -0.0232819299760579 0.0749234961117119 -0.0286348854505681
0.0538229421699816 -0.0028547802426297 0.047081600192753 0.00711767387451617
0.050601108897386 0.0280633581459487 -0.0070889293916132 0.00707440420486236
0.0433747839078304 0.0382569342639367 -0.0709161204059153 -0.0493402068233679
0.00326554104471043 -0.0156889422436862 0.0811817743024394 0.0462065708036017
-0.0135345928762554 -0.0139945681705805 0.0271871717646375 -0.00689096544502179
-0.0210286153900088 -0.00535268125664826 -0.0423193079937811 -0.00857494365804384
-0.015361840998755 0.00353665024505113 -0.0747898384717465 0.0200893296995608
-0.012979998276762 0.00379986241179693 -0.0724918896361057 0.0667127902057649
-0.0108848711462951 0.00330951260926263 -0.0330893427907189 0.0892625007370831
-0.00779926767989528 0.00621670829435895 0.0028620081472125 0.0836510794210265
-0.00876414528119379 0.00500131886040484 0.0264102052993584 0.069756505570686
-0.0133275126918594 0.00553673286943638 0.0418938880139697 0.0503122066013096
-0.0172046592222096 -0.000422252090472817 0.0547763911163982 0.0381322556360453
-0.0166523642114916 -0.0058780555659817 0.0581839188041741 0.0290207265151443
-0.0168529799032618 -0.0122943984967463 0.0707043274054379 0.0217903720459148
-0.0115314335465045 -0.0147412035874644 0.0888909192935705 0.0258833212036567
-0.00154426718217262 -0.0199376963645987 0.0990828316424451 0.0228638514649656
0.00849337659886724 -0.016073097332612 0.110414730015783 0.0147812826343001
0.041829546593431 -0.00445709094493568 0.0637633787417518 0.0526543005608595
0.0263965690892297 -0.00381828800562747 0.0155020243495627 -0.00402190882721913
0.018852731898935 -0.0114385410668976 -0.0529129657789599 -0.00318570724954241
0.0170058354805964 -0.016824961035422 -0.082491382865071 0.0230378967682573
0.00662690668624783 -0.0242490494734901 -0.0760170672266118 0.06774128177487
-0.00544111384813159 -0.0261047885831764 -0.0364173182345062 0.0880255783137976
-0.0154430855701622 -0.0214678964479216 -0.00264110754979625 0.0808167818315706
-0.0189402060934094 -0.0170357711003803 0.0205239192242027 0.0659770276248418
-0.0277651889887362 -0.0169314767657338 0.0362038967906938 0.0443909563795516
-0.0262951799275401 -0.029169273122949 0.0487680341004447 0.0302178783394484
-0.0162279756543878 -0.0368982781166536 0.0551227562580648 0.0195686640377321
-0.00197910983355934 -0.0462110754442059 0.0709280242335737 0.0140652059030867
0.0192943562353864 -0.0410980882602958 0.0859995344583547 0.0213590103463701
0.0404747497430425 -0.0278804693458976 0.0891614973621715 0.0164707214004563
0.0556357038263972 -0.0131329624082132 0.0942524963016339 0.00820194233579141
0.0754388232262938 0.00813040088357721 0.0355334997029735 0.048058232000354
0.0657526913218588 0.00576721528602947 -0.00374096639498392 -0.00990648246906355
0.059698873437552 -0.0185377483631013 -0.0682573255785334 -0.00419972135547258
0.0484994465743247 -0.0400565087146145 -0.0906628368933797 0.0248946513326688
0.0240089374172593 -0.0511809577714518 -0.0745611127865902 0.064853612060156
-0.000668031255208653 -0.0535181158879235 -0.0365592838325978 0.078806815597829
-0.0210920254705219 -0.0459622882477413 -0.00809690342758914 0.068678555707196
-0.0273437358820218 -0.0366215681137006 0.0115448576232219 0.0526986562616733
-0.0379966275226873 -0.0357175415166644 0.0253930124714864 0.0317182316562258
-0.0326480033108463 -0.0522268747636927 0.0379358418950191 0.0158285536801834
-0.0164497602129566 -0.0617982423695764 0.0484887017634354 0.00365861203228925
0.00841361949135932 -0.0743576930039744 0.0698701914880593 0.0026558783400231
0.0438309544406397 -0.0641300709398219 0.0819826899777036 0.0186080723833871
0.0740011427844788 -0.0343485206098632 0.0730553348588679 0.0173991004851015
0.094162006896998 -0.00867115030631992 0.0667678469375461 0.00301102632877119
0.0989683588655526 0.0171941942852958 -0.00043063618953871 0.0354676505440893
0.0983944295524499 0.0110536778383471 -0.0305145552363481 -0.0207850181583248
0.0942839188780498 -0.028891696299888 -0.0851237354048848 -0.00723529083886796
0.0725786291889628 -0.0630416037783217 -0.0957693386248848 0.0249586043416115
0.0347375988238275 -0.074829831738088 -0.068989596601989 0.0551607835130164
0.00182799901085103 -0.0742529387879866 -0.0354307615214888 0.0606018228620878
-0.0253900751561234 -0.0634066358935382 -0.0140132331695958 0.0469540950359794
-0.0314005334835574 -0.0502755581322459 0.000480522858634618 0.0321802284688748
-0.0419410959255818 -0.0497837782687378 0.0127370477055615 0.0128951590969144
-0.0325223547341932 -0.0676369450987325 0.0249521398235501 -0.0030498666484614
-0.0114705679818541 -0.0776817836472251 0.0399188418629198 -0.0150759420870348
0.0194492429549545 -0.0904126048824678 0.0668784002692792 -0.010168566436364
0.0617352551382037 -0.0758727627278646 0.075420732767704 0.0159110414674469
0.0963830986351932 -0.0341182641016057 0.0541114748114494 0.0205395193216919
0.118111207003735 -0.00225397685493351 0.031753091612113 -0.00188653955827628
0.107649083701748 0.0209714003463981 -0.0400505240791379 0.0188758835678391
0.115236722166113 0.00965386816805794 -0.0604838985992079 -0.0289139535805884
0.112387394316812 -0.039244958330712 -0.0970879979908827 -0.0095272148520712
0.081883194400204 -0.0798025065996861 -0.0950501107747285 0.0205494587575268
0.0358248376949598 -0.0878389155851758 -0.0607101544125296 0.0385004520846104
0.000977254088609318 -0.0828197439989991 -0.0345012565670825 0.0352716569882501
-0.0264197902246713 -0.0708537979592475 -0.0207057165413452 0.0202251016857535
-0.030642999732408 -0.056527938955256 -0.0101314002855932 0.00742274674787749
-0.0378629644190746 -0.0576233385261729 0.000747321690873663 -0.0103963098386329
-0.024202088161974 -0.074796796688196 0.0136200003999844 -0.0247270054690337
0.000174923386421147 -0.0827269898122351 0.0331565437851363 -0.0348936054933156
0.0341311121034523 -0.0907347546450397 0.0626618457581297 -0.021217828848341
0.0753536057107388 -0.0713921945605577 0.0663955173151815 0.0139867002547731
0.105582398788604 -0.0233873890560308 0.0335252249161343 0.024500949436364
0.12283505368583 0.0100457729146747 -0.00398130738319055 -0.00806247476842869
0.0981860101817007 0.0211622050812804 -0.0775577715418593 0.00333736084055995
0.110241263419202 0.00755130259326493 -0.0891291950053377 -0.0315297407210073
0.107721257838526 -0.0411937856589838 -0.1026929859787 -0.0117873914062644
0.0754481459388192 -0.0793953505281245 -0.0881139416526552 0.0123485082884239
0.0311531815553988 -0.0828574183374428 -0.0536931053044661 0.0154335852121158
0.000216178748189602 -0.0768865173126052 -0.0371016049792208 0.00732922510491
-0.0237721476328447 -0.065466664301571 -0.0286443176677167 -0.00672815577559921
-0.0252810946658399 -0.0539024862373119 -0.0192520075880191 -0.0181179629369339
-0.0273079941249087 -0.0567517162886287 -0.00667792388113772 -0.0352403472953937
-0.0101318547112043 -0.0713189676626698 0.00913549120578652 -0.0471633438567379
0.0147971010645831 -0.0749782504020722 0.0334868864001057 -0.0527020838897484
0.04759184429344 -0.075163345789177 0.0617961255962443 -0.0283905552458783
0.0806743316298141 -0.0523269628165521 0.056883076504552 0.0120971672821363
0.100664159316585 -0.00310984839732173 0.0144524346071112 0.0233505015018678
0.1098553593963 0.0231399701642573 -0.0362328086913637 -0.0180704961066884
0.0709455098060219 0.0187171145182161 -0.10539887323106 -0.0091013514020427
0.0832243328760586 0.00705265809681457 -0.108191450915357 -0.027713640207206
0.0827731019995356 -0.0317605228467977 -0.100962866544438 -0.013815274009377
0.0556971258652114 -0.0605655304783827 -0.0791934441232437 0.00170000356563309
0.0223711708367873 -0.060664625344451 -0.0494358851239735 -0.00581928974990047
0.00151944553481444 -0.0571607269909334 -0.0413901112362936 -0.0165575223899195
-0.0161618974787933 -0.0506902268372727 -0.0351438429065699 -0.0287937689156401
-0.0160791700681152 -0.042800922759491 -0.0242079268994892 -0.040341911498979
-0.0142235447295189 -0.0469924438864875 -0.00862366628621282 -0.0578310822535636
0.00265441508051133 -0.0570952608119952 0.0135028173970928 -0.0670595879171249
0.0247033986279653 -0.0561121630731758 0.0418648336188678 -0.0657656341681988
0.0508041634666275 -0.0499541478162505 0.0648901144259643 -0.0323073998951282
0.072668377898454 -0.0265427679374331 0.0489291441914201 0.00799816464365765
0.0805715682997532 0.0149056569361745 0.000763544436958738 0.0163169870932379
0.081281193394936 0.0327017995622742 -0.0590960318777922 -0.0305802512797143
0.0309491196815165 0.0165748916358358 -0.117287176081755 -0.0162472755909403
0.0431957520105651 0.0107361180558369 -0.114794799878989 -0.0212792498843751
0.045494887499594 -0.0122847941938031 -0.0944384469625579 -0.0172087096068583
0.0316859085894681 -0.0283620833608026 -0.0722248621769555 -0.00797778355587832
0.0159580424427563 -0.0278764593521242 -0.0495616421423016 -0.020616298812681
0.00638482211931458 -0.0290783256464695 -0.0471210936104891 -0.0309759732728434
-0.00370487711516732 -0.0288793016789222 -0.0391506366884784 -0.0426986337013255
-0.00495361509086731 -0.0259354970900306 -0.0251375856505342 -0.0557075495379451
-0.00238859804512174 -0.0289795571782581 -0.00542079756513272 -0.0738616514972544
0.00812108423782452 -0.0334906916409642 0.023948204919646 -0.0799158258684172
0.0223909231249825 -0.030941476541194 0.0552424031026809 -0.0710111469484203
0.0379455517725551 -0.0243152724049163 0.0697821042519161 -0.0314306298959811
0.0507158853492881 -0.00569852236597241 0.0452415227184151 0.00421267140445142
0.0495031102247935 0.0242141670958532 -0.00595931489532762 0.00697900827961421
0.0431189961107187 0.033194222823769 -0.0699431638327298 -0.0431858216435918
0.00334274638401657 -0.0155127215434801 0.0818889431799149 0.0289947760243426
-0.0138272563312342 -0.0112006215662089 0.0237256137831009 -0.0113079642940492
-0.0201707626604323 -0.00125482628080826 -0.0412441413480991 -0.00292133459359594
-0.0137113778764958 0.0066713832814739 -0.0682968381908451 0.0290200326095287
-0.0101621471744838 0.00677674232283386 -0.0588660396188722 0.0735563504388212
-0.00848968759738161 0.00472021009561078 -0.0185610148098719 0.0885586345941253
-0.005739310431828 0.00620392799141217 0.013835526710991 0.07915109062369
-0.00683911598530563 0.00545536374520792 0.0349729313701815 0.0614014145504616
-0.0114180365652815 0.00600349894386973 0.0475243636167113 0.041078486421621
-0.0155013966620074 0.00139508882123639 0.0575287273338558 0.0271397977428494
-0.0147422299705209 -0.00385443527481105 0.0588961036188084 0.0180652754539601
-0.0156318058811078 -0.00821715763930569 0.0693563028835774 0.00952921428260167
-0.0109692178570769 -0.0120033169451396 0.0863602959704016 0.0104782591987096
-0.00273402421395738 -0.0177656320429723 0.0949084208561997 0.00645157939421985
0.00745099876395483 -0.0159961873682515 0.104503176792802 -0.000141215806147832
0.039144245359389 -0.008780952874425 0.0686489579043814 0.038217915874704
0.0237708591412923 -0.00704135859567296 0.0149858393236462 -0.00677261006652234
0.0147283289612016 -0.0117676286573461 -0.0478000779070775 0.00355450249146694
0.0122912695297869 -0.0160998151893659 -0.0723465623345487 0.0326599476622311
0.00349164712760675 -0.020886980943352 -0.0600007099921669 0.0731879519170638
-0.00790919944758212 -0.0230200354014661 -0.0221791593243605 0.0866183426539767
-0.0160469114005915 -0.0175356384231535 0.00843424266475232 0.0760729492221111
-0.0190267180745924 -0.0139549991425392 0.0289205339444843 0.058983816176816
-0.0272138128166823 -0.0126404061826759 0.041495443661093 0.0366522604591538
-0.0278390873812447 -0.0239608782165703 0.0513693142093298 0.0210698786771392
-0.0182898339597369 -0.0327367973421328 0.054396454432777 0.00993181115799218
-0.00638429864354366 -0.0423613499070721 0.0680048200429818 0.00304575658008789
0.0140796932325227 -0.0395964453276312 0.0841477756757828 0.00631710103374831
0.0346416806050129 -0.0302199479978422 0.0846487948967538 0.00290679585694767
0.05153509678879 -0.0188631606317651 0.0884850431672159 -0.00400173589074139
0.0708822707776906 -0.00107471455298635 0.0441576948196075 0.0393851698974492
0.060153525694732 -0.00307529444495535 -0.0026819189993458 -0.00887199197929576
0.050865606509717 -0.0232547681207119 -0.0593755030243339 0.00574599702943424
0.0378670689410027 -0.0407213449008178 -0.0765141530585497 0.0358315331092727
0.0160265378147973 -0.0480807745649393 -0.0578414812568878 0.0687112873614558
-0.00676494186957698 -0.0485842691038205 -0.023201982247204 0.076488308381863
-0.0249023922018644 -0.0393858026392826 0.0020725821883753 0.0637194196657678
-0.0289315970251464 -0.0309118622872777 0.018367552560692 0.0471680312794084
-0.0397503703799243 -0.0284788908005166 0.0302494552987441 0.0260421168001176
-0.0369171931915572 -0.0442966419145326 0.0394921223529523 0.00879346663970493
-0.0215673208444763 -0.0556438334922913 0.0466289800450927 -0.0036095720444048
-0.000826511945019838 -0.0697639819463108 0.0657268985450245 -0.00720532969797693
0.0335113539120902 -0.0633939628011434 0.079988561470386 0.0044539726946627
0.0645237483630349 -0.0406898480184594 0.0704151725126408 0.00659586426324102
0.0871089054198211 -0.0195022389261502 0.0625877569843825 -0.00466602065390657
0.0925585020545272 0.00547495639562559 0.00994452388784081 0.0342296738057198
0.0904060403115529 -0.0020402586103014 -0.0274031989292826 -0.0139687398150053
0.0807719445184627 -0.0372414157569623 -0.0722840464055518 0.00560317240820052
0.0559108161783265 -0.0652478894123757 -0.0794467468779869 0.0357266870901445
0.0220869343340907 -0.0715362359280532 -0.0532707766537488 0.0576254330366378
-0.00703927380163402 -0.068398867574196 -0.0240817450233865 0.0585926436462825
-0.0308722929305502 -0.0552190877445528 -0.00682367102168819 0.043488403565224
-0.0344705667386774 -0.0431874827223715 0.00538196406802106 0.0297743398305962
-0.0447547099584342 -0.0409242294788103 0.0152772318819309 0.0101450150839958
-0.0383732196620039 -0.0592521244458255 0.0248504890395921 -0.00661747601929675
-0.0187537428820972 -0.0710247872048345 0.0353531911919607 -0.0199640698273401
0.00746904761687977 -0.0864047476491529 0.060479538317909 -0.0178995165541872
0.0483437307312912 -0.0765140453205987 0.0742932440482109 0.00317690559464218
0.0844043386158429 -0.0441722154305402 0.0527483066946142 0.0130908222227169
0.109044670866047 -0.0163152741495268 0.029408799318579 -0.00486652383648704
0.100578188783865 0.00836227223272612 -0.0291138527054399 0.025267079637155
0.105576621000841 -0.0052070636082591 -0.0563612147273976 -0.0166149355942854
0.0952646489423416 -0.0485760074695154 -0.083371629759834 0.00476871722847571
0.0618501310113067 -0.0817500269567785 -0.0775892774015744 0.0313507522027721
0.0215373529786572 -0.0836053643651525 -0.0480842163677628 0.0389028975656048
-0.00915930359453446 -0.0760961787384 -0.0272481551478691 0.0341255641291007
-0.0332182118210829 -0.0609458683953089 -0.0170612217501233 0.0192922975156026
-0.034854378137945 -0.0487370744789529 -0.00874303403633239 0.00759179125755092
-0.0422996378865234 -0.0483195692930536 0.000332189563723033 -0.00941811521231964
-0.0320389529312215 -0.066353762683879 0.0109577092626102 -0.0251468473608571
-0.00916465655373738 -0.0767558202721772 0.0263954291039542 -0.0369282537036106
0.0210403475944251 -0.0887526844745075 0.0549424366518741 -0.0278903948513943
0.0610545807598319 -0.0739805408781974 0.0656328134440524 0.00290750983779658
0.0947348216456234 -0.0344711736915695 0.0340110362266456 0.0189331698608315
0.114522965610293 -0.00530576243968063 -0.00477347107122982 -0.00519657691736774
0.090906818188688 0.00945696579248178 -0.0666193089338981 0.0165797693099249
0.0996273270515498 -0.00647447441194399 -0.0829013935943657 -0.0143251471598808
0.0908930011786397 -0.0497663829599933 -0.0883989927063248 0.0032888556343345
0.0560016755732348 -0.0806544799595458 -0.0728771856601129 0.0221040373402052
0.0175887168603888 -0.0787463195350782 -0.0449776529093858 0.0174270291048888
-0.0088949730603293 -0.070945987557509 -0.0336701302089064 0.00867703384434197
-0.0302147212419504 -0.0565723651833613 -0.0280617607080361 -0.00539643630317717
-0.0290679794398616 -0.0470048324699475 -0.020626921332318 -0.0148531180821259
-0.0325149241076135 -0.0491823957576575 -0.0106463994878814 -0.0315914715178502
-0.0183409621959444 -0.0650900983445846 0.00331322263001727 -0.0457121822906593
0.00569350320760618 -0.0712543358642968 0.0237854473717871 -0.0533385320507544
0.0353893980354038 -0.0760248180785636 0.0527866708989155 -0.0346050399527012
0.0680310554109082 -0.0565191496203019 0.0562898106782524 0.00325217150383358
0.0920596913889697 -0.0160587369663348 0.0159402198541385 0.020679630072053
0.103549814161422 0.0081894880673251 -0.0359204769105362 -0.010323118288703
0.0649492578811988 0.0100233397054975 -0.0951153961482493 0.00977715196657725
0.0752071459999422 -0.00293957167141932 -0.101445159928438 -0.00786354735480533
0.0694744357500514 -0.0379785948759267 -0.0893626367312102 0.00104991180978509
0.041310108090886 -0.061363106689132 -0.0683601564699036 0.0112507507447202
0.0122701070713781 -0.0583580097587357 -0.0449198929625085 -0.00275825170801427
-0.00612454196585781 -0.0525052908356651 -0.0418887721644127 -0.0121752537103227
-0.0213806718233125 -0.0437171781776411 -0.0375941162092744 -0.0247867329154948
-0.0197790766187059 -0.037831875491431 -0.0284029370109776 -0.0346695842757383
-0.0194338358957459 -0.0417156542659426 -0.0162374025807536 -0.0521597924722159
-0.00520941897479517 -0.0533485813632491 0.00349894452217374 -0.0645830652961921
0.016506927442269 -0.054995619557872 0.0290148625806775 -0.0670017861472965
0.0413961136139172 -0.0530223882548759 0.054406987924569 -0.0380395112181894
0.0638113520374903 -0.03243707142547 0.0481906161196015 0.00115870205693118
0.0762885854653045 0.00373964711039645 0.00243835996875881 0.0162999887035678
0.0779772904039103 0.020135454057959 -0.0583632617840107 -0.0191356972645326
0.0283100035515026 0.0129717138713141 -0.109836690943202 0.00349067121446167
0.0394790423956633 0.00584040784388775 -0.108427709707194 -0.00151467128963756
0.0386289113145476 -0.0157364993992843 -0.0869680452370953 -0.00193063632492509
0.0244241676462259 -0.0288289054601336 -0.0658409819732085 0.00214139302825503
0.0101099960138226 -0.0266947184927823 -0.0485298778133854 -0.0131790599080256
0.00190589717696915 -0.0270825842410439 -0.0486093965709336 -0.0240650143778217
-0.00725889852182503 -0.0251571146592595 -0.0430938246018515 -0.0365756640999635
-0.00769049381848684 -0.0232415670142227 -0.0317155641620581 -0.0490325522262143
-0.00598881717476328 -0.0266846042972601 -0.0155455103448752 -0.0686402726692604
0.00314181459447674 -0.0318985705073167 0.0106992989872214 -0.0781975058638417
0.0171630683833926 -0.0318252046177561 0.040296462342915 -0.0745145112005445
0.0335927723407349 -0.0275865170536179 0.0595453799595284 -0.0391436723407139
0.0457361286962324 -0.0104545615160298 0.0435499467686494 -0.00228333344774011
0.0482026343626351 0.016280259957505 -0.00487304120310827 0.00829588848096774
0.0426202621031852 0.0251726045166504 -0.0703330339888491 -0.0298755363515571
0.00307007228292408 -0.0147610132074981 0.077150841170601 0.0296010477944112
-0.0128188915027691 -0.0111871383490246 0.0227814224736286 -0.0106526094744382
-0.0192536994430443 -0.0016882846723928 -0.0391518312280703 -0.00432155914788491
-0.0135368441887398 0.00623444586904431 -0.0651840209673058 0.0255827979489229
-0.00972672773190319 0.00633114954583161 -0.0575846266919599 0.0684271626904538
-0.00832713885757819 0.00484742744562863 -0.0199816624486654 0.0837815728850935
-0.00595060989646994 0.00536200839598925 0.011772733692059 0.0756603931753733
-0.00667213277150386 0.00469861029577787 0.0326633357085613 0.0596286040576843
-0.011018600903905 0.00499619905805527 0.0446374055691074 0.0401721886948325
-0.0144929002350904 0.000978833030287577 0.054421305251831 0.0269696739616003
-0.0143315213784752 -0.00378255868878912 0.0562960101214362 0.0185589860132201
-0.0145728315389865 -0.00875289733033992 0.0647357894614503 0.0107289247531756
-0.00997718855751554 -0.0122374468636075 0.0810342123962462 0.0115740820590134
-0.00159598362762518 -0.0163569182857768 0.0899036747022437 0.00822082541114886
0.00771931575249557 -0.0148901727455544 0.0993995134202897 0.00281390758878016
0.0374396283688093 -0.00777857527264531 0.0638688258938001 0.0384803324172219
0.0226970484834202 -0.00646194633005012 0.0140041156165441 -0.0064594090613911
0.0141414493907209 -0.0111262265858407 -0.0448999923134753 0.0016701508093572
0.0115350793092819 -0.0150309143312169 -0.0691521086901029 0.0290192269912325
0.00382573382629978 -0.0200835667228719 -0.0589165878642639 0.068173230080091
-0.00724528486006574 -0.0218212237025249 -0.0233131382984547 0.0813127444832763
-0.0155224316366632 -0.0176407032774842 0.00673421134178919 0.0725934906310824
-0.0179248555376168 -0.0140083388878812 0.0265787159601119 0.0569232079586387
-0.0257112992480776 -0.0129296744190917 0.0391395674581756 0.036248628989791
-0.0259700942486569 -0.0234169801298394 0.0483980639791415 0.0212131924094909
-0.017359224224534 -0.0311970522647702 0.052117145641457 0.0110663954321276
-0.00502877706420515 -0.0403680396233683 0.0643636566776179 0.00450953357075145
0.0143990674146374 -0.0379802244711327 0.0794470777955907 0.00788852106019932
0.0334926096027197 -0.0279878141676752 0.0807094819483589 0.00499548617504043
0.0491610810199618 -0.0165499813447784 0.0848393975298864 -0.00126865285715047
0.0671514753184278 0.000890155397428761 0.0409608116613026 0.0387484227435251
0.0583009659253673 -0.00160658637997271 -0.00221014745834947 -0.00892970484163677
0.0483881663813454 -0.0213291862234221 -0.0558407598849308 0.00331090651490865
0.0361980497212049 -0.0384520772722666 -0.0738693406359536 0.031632259548105
0.015747400109382 -0.0456672574145555 -0.0565430656426227 0.063715760330271
-0.00569850997663177 -0.046699392516799 -0.0233724957401883 0.0717623644333409
-0.0232766806983027 -0.0384386881663841 0.000710707754128542 0.0610917756922604
-0.026949248560545 -0.0306666191457757 0.0170106786482724 0.0458673080289851
-0.0367427688063191 -0.0281391341226465 0.0278099608705671 0.0253101388120987
-0.034046746552692 -0.0429467030132182 0.0379294802730498 0.00914436449832674
-0.0195457735245575 -0.0530758907998995 0.044407690448088 -0.00213927695070592
0.000712160054843857 -0.0659023355787123 0.0619954254748222 -0.00592148091144713
0.033032286375266 -0.0600171438113445 0.0757224703291514 0.00602785665125282
0.0621523213273706 -0.0376598573500668 0.0666648926980732 0.00761175882991596
0.082785249714047 -0.0165746864080967 0.0598036038488841 -0.00282751631661916
0.0876639466877321 0.00721395538146107 0.00880689911177547 0.0329559726469113
0.0861594308248829 -0.000221338414341421 -0.026054885515218 -0.0142973106354508
0.0770683732847121 -0.0338004422235889 -0.0682931026110254 0.00271438786870988
0.0536294941340587 -0.0612685542076332 -0.0757982014369493 0.0317039543784152
0.0220909364184063 -0.0677258332044352 -0.0518235006405806 0.0529567713657723
-0.00590923976649475 -0.0650061244622028 -0.0245971981136296 0.054483378742579
-0.0286435930498355 -0.0528729861864474 -0.00766523429760374 0.0413288693831977
-0.0319548654819866 -0.0421796334019931 0.00453551574890923 0.0289790228902087
-0.0411989726541206 -0.0394492616699959 0.014367066001603 0.0100100526617258
-0.0356893094938315 -0.0567689124275096 0.0240773252360327 -0.00573300464932457
-0.017157941582242 -0.0678295642385213 0.0346611278543865 -0.0178526003317698
0.00876722914227491 -0.0816770163910582 0.0572935699211662 -0.0161563061647443
0.0471912417291953 -0.0722700767110852 0.0703774232694359 0.00470725069946329
0.0814455168970961 -0.0398875792409329 0.0504090539561585 0.0131261685277506
0.103031488591452 -0.0135047973243618 0.0282705055005393 -0.00326734936711382
0.0951475429548406 0.010243191414463 -0.0276949805025999 0.0233058540373457
0.100546490209569 -0.0023851327704047 -0.05264385085806 -0.0176936730078657
0.0910285814000136 -0.0445119815834492 -0.0780171266517166 0.00166511994810872
0.0597667355424884 -0.0767257732468216 -0.0743804879985237 0.0275190594150873
0.0217112511611692 -0.0793678477592111 -0.0467875223228226 0.0361518060654375
-0.00748627624948835 -0.0728475269074675 -0.0268650922303557 0.0311643869990293
-0.0306725603345727 -0.0585111494709692 -0.0173922102758024 0.0184525114515417
-0.0318955070628853 -0.0470910358970224 -0.00850061785647754 0.00758938551659996
-0.0386180364855278 -0.0463842872345817 0.00040255191417274 -0.00904283538595931
-0.0288253582161247 -0.0638112261231281 0.0108314959574005 -0.0231074327080516
-0.0072128397587557 -0.0732484873723631 0.0261315361951321 -0.0343364355419738
0.0215473569055782 -0.0840618667194125 0.0529176071233473 -0.0248046640382632
0.0590918508751635 -0.0692272275234577 0.0621550409979942 0.00482699346831766
0.0903723055802009 -0.0306260221655917 0.0329121311117102 0.0188919310154948
0.107607851550349 -0.00334844493677752 -0.00460133887762534 -0.00481249463114209
0.0857117222758207 0.0107826218977321 -0.0631450218896852 0.0140582267079718
0.0949225240469025 -0.00395452031210829 -0.0775949304040647 -0.0155961675585851
0.0867081076771477 -0.0457441268418276 -0.0838628126276879 0.00142874953325436
0.0547415812697717 -0.0757706729844962 -0.0697884300737263 0.0187799350380709
0.0180507903290607 -0.0748867709479232 -0.0431549688165354 0.0154766327014194
-0.00776267062159064 -0.0674667287748428 -0.0325003669339504 0.00671030611325163
-0.0275499792069877 -0.0538865712687778 -0.027374431458762 -0.00527555901003053
-0.0268748538099311 -0.0454588736548183 -0.0198255767932231 -0.0142889191166955
-0.0292628670444581 -0.0469812032690159 -0.00994355920983413 -0.0303330340969651
-0.0164049622679705 -0.062270001229628 0.00397185549532341 -0.0427755782834967
0.00635355564551252 -0.0677874561654635 0.0240151630877557 -0.049800636235982
0.035151550372228 -0.0713562196880966 0.051214995505756 -0.0317071675231461
0.0653212981818958 -0.0528676467220765 0.0534304269861686 0.00445699744467475
0.0879130471494682 -0.0127585662973038 0.0153022680073071 0.019747460219324
0.0973588361616473 0.0100777331619084 -0.0340446959628338 -0.0103306684145692
0.0617155921222938 0.0109052607862698 -0.0908401678868504 0.00660515420453695
0.0714860877889955 -0.00138081426238214 -0.095329813818606 -0.0106111333312149
0.0664136745694754 -0.0348666209355387 -0.0843647063804967 -0.000962478726755053
0.04032867601488 -0.0579051556838337 -0.0643491728974556 0.00906523731063116
0.0125959796846837 -0.0551948265796775 -0.0433641278557977 -0.00392188829465102
-0.00469182161795458 -0.0504623034913052 -0.0397604201561486 -0.0133727440134372
-0.0195635007044299 -0.0415445047305421 -0.0359423557722961 -0.0240512803215867
-0.0177381243262491 -0.0363868534134474 -0.0274643107888187 -0.0339430451663434
-0.0170101477756654 -0.0399191573378274 -0.0147496195232418 -0.050371184435464
-0.0039946129716083 -0.0506312846018814 0.00487358845131817 -0.060908522300509
0.0166319430262931 -0.0521376806193962 0.029228150738865 -0.0628918122092224
0.0403916983427237 -0.0494900423724406 0.0526217730819948 -0.0353278225191171
0.0608464501922613 -0.0294530216183138 0.045671102304685 0.00248081253623568
0.0717345427987248 0.00550717638909023 0.00227580906311313 0.015510760223116
0.0726698366723489 0.0207406541205558 -0.0550346018065693 -0.0191672502503564
0.026406504060227 0.0131608865888746 -0.104219289221691 0.000705160711044554
0.0372330083078551 0.00633252539100574 -0.102182631675538 -0.00445292162505021
0.0366977843141183 -0.0143098474452678 -0.0821155126977838 -0.00459020186477974
0.0236577722797484 -0.0274509753756056 -0.0620023846607547 0.000167754827889175
0.0104465376463422 -0.0254734988107315 -0.0458342133746774 -0.0143311820240402
0.00242696702404739 -0.0261111747919655 -0.0461930277122041 -0.0240603064253837
-0.00604244920239648 -0.0242128240568045 -0.0413965302992134 -0.0361802253979667
-0.00644505654502747 -0.0216641022153178 -0.0298949906666391 -0.0473524338161356
-0.00497906203779006 -0.025256984029164 -0.0138916375355692 -0.0656828697401325
0.00360058234371115 -0.0300402701084983 0.0121171299377482 -0.0745827315912936
0.0170595121355964 -0.0300257133169631 0.039928481361442 -0.0698281734610284
0.032397082574107 -0.0254227621583334 0.0569788552321331 -0.0354695258221827
0.0430517148043595 -0.00937848740124439 0.0419230979336973 -0.000598126832883647
0.045499831036191 0.0161510881685626 -0.00424250992378326 0.00744917796352153
0.0392408494581907 0.0243013258891699 -0.065901475966771 -0.0292980154434907
0.00384804165301329 -0.0146789125150394 0.0743376497190878 0.0321946062435054
-0.0119859301686327 -0.011711663059878 0.0226872430290952 -0.0100135332562078
-0.0188944919828899 -0.00216126125570658 -0.0380859043727858 -0.00694621555998556
-0.013254523491905 0.00579355832378464 -0.0655646829412253 0.0220168888457409
-0.0100203836915369 0.00614881934055833 -0.0599316160105583 0.0650986787245654
-0.00893624615564241 0.00444326640422952 -0.0231936738954729 0.0814281227644538
-0.00642021680702545 0.00491745704307898 0.00878253528603574 0.0746203683325656
-0.00690133710802543 0.00439750202249131 0.0299268196047697 0.0601886182466169
-0.0107985694423329 0.00422760174141541 0.0429384435054972 0.0420064719701021
-0.0146004877219448 -8.83004869552968E-05 0.0529713926855072 0.0295439605918111
-0.0140330687654366 -0.00377992531455701 0.0543575095995465 0.02078239481933
-0.0138126403346903 -0.00887047289621833 0.0632465752829198 0.0136165934534858
-0.00924127778801612 -0.0125753008997886 0.0798445780066152 0.0148174215444532
-0.00128959816942044 -0.0164425690594179 0.0880479281462856 0.0122557592568453
0.00849992766908604 -0.0138579592286405 0.0986583066507044 0.00776111776672643
0.0369803341305962 -0.00617545999219343 0.0619003752152155 0.0408520374082593
0.0229475735995904 -0.00578235635660402 0.0139265289720782 -0.00585495097061976
0.0139861953319988 -0.0103276669215495 -0.0437378055214031 -0.00120405059829544
0.0118382366690159 -0.0145451377159358 -0.0688875965075019 0.0252219630973796
0.00435058605359076 -0.0199523253368514 -0.0614219972036543 0.0646776215850089
-0.00650088115102841 -0.0218559195577049 -0.0260394404731595 0.0789983275388333
-0.0150568459466369 -0.0181492239104207 0.00411279050877576 0.0718561676842166
-0.0174155559825897 -0.0151350252158975 0.0245640743527729 0.0574781510013158
-0.024553170421062 -0.0139386913454048 0.0372667078980295 0.0372501580264693
-0.0243464382995914 -0.0240037712080487 0.0472593358820462 0.0230296870603717
-0.0159442962645886 -0.0316015399018794 0.0511601913535121 0.0132206735463419
-0.00354526511965929 -0.0401672931210979 0.062504505383108 0.0073474439905293
0.0156687473804044 -0.0369723920174694 0.078026058485485 0.0113101519527108
0.03406937024801 -0.0259848283939046 0.0794184677523535 0.00869386085723341
0.0490361861123797 -0.0140107350141242 0.0839286431322237 0.0025379663644692
0.0660600263928569 0.00354142292134394 0.0392442307720837 0.0403371271313755
0.0573130701559856 0.000899270157107746 -0.00142032106516447 -0.00919557523422236
0.0486777321891891 -0.0195124369707571 -0.0543920396984316 0.000195941193401531
0.0365252437804471 -0.0366855424389866 -0.0736155008241275 0.0276994155469592
0.0169558161911849 -0.044885754308867 -0.0585519612146083 0.0602333091963252
-0.00431315623904537 -0.0460738827562308 -0.0270685474077346 0.0694767289571632
-0.0212638919799084 -0.0385516359517317 -0.00233505569000062 0.0603653930397584
-0.0254531903936357 -0.0316594421674855 0.014815118328984 0.0457525799261917
-0.0348330606307401 -0.0293028005262365 0.0270932355527996 0.0267171590525891
-0.0316739371213943 -0.043777044242446 0.0370198595860711 0.0112744789533229
-0.0176749349747229 -0.0531547828037635 0.0445428871266331 0.000167396813474131
0.00337702577478317 -0.0653542957767083 0.0608674374263294 -0.00310868850572827
0.0349210447345871 -0.0583041666375367 0.0743483771873141 0.00922739217566298
0.0624152335086311 -0.0345181098323337 0.0653203123747106 0.010869528173799
0.0817387725119693 -0.0125434882619219 0.0596215438668795 3.83742266615159E-05
0.0864349557969513 0.0109692345945864 0.00788652498383106 0.0328260597174792
0.0854088820466996 0.00330060769608839 -0.0240358986770501 -0.0157339377574175
0.0767056854316369 -0.0307785356830039 -0.0664785428745078 -0.000908183901679537
0.0551604706365839 -0.0585312050923688 -0.0760675510000446 0.0275141622512359
0.0238811473012798 -0.0666947143962599 -0.0538338078739498 0.0501037668449677
-0.00347396954354176 -0.0645083096235702 -0.0269402960717496 0.0520010060179444
-0.0261354788497739 -0.0534094280744723 -0.0095075378077284 0.0410514254170347
-0.0296083567862334 -0.0431064374675902 0.00318627593789109 0.0285701200953283
-0.0388615667989095 -0.0408519928936554 0.0138801918392922 0.0103398025546881
-0.0331649652172578 -0.0570920519978387 0.0238860546703088 -0.00413715676097907
-0.014254943514746 -0.0675592837694886 0.0356583840001624 -0.0157223779202258
0.0121248423865078 -0.079577898869523 0.0570108909002123 -0.0140906020955257
0.0494623898093823 -0.0698828011299125 0.0692705871641306 0.0076571097071103
0.0809795505060346 -0.0357780397177093 0.0498849688846863 0.0150357189434807
0.101317077127397 -0.008890722300667 0.0284735532570876 -0.00153732174043922
0.093514691703619 0.0140175710239688 -0.0280012770143237 0.0214607839171578
0.0992714548923801 0.00154807890949665 -0.0502529133202626 -0.020141541624451
0.0910551650819389 -0.0404413436907476 -0.0766891386719154 -0.00244389345618369
0.0615795346419153 -0.073546576264774 -0.074181834112047 0.0235215325687969
0.024384198914472 -0.0775924780331846 -0.0476678553819086 0.0329619539968432
-0.00502397417432311 -0.0720938960399146 -0.0281871971265397 0.0289262574167677
-0.0279604106510057 -0.0589453248319637 -0.0180360417491203 0.017703715631585
-0.0292295518285279 -0.0479620198417335 -0.00900479693834974 0.00713264000946514
-0.0357601063168643 -0.0474182555672188 0.00080237562351086 -0.00877912617378511
-0.0260947059459435 -0.0639053020892811 0.0121479630430402 -0.0224007716275181
-0.00506772767044071 -0.0725275540067252 0.0276119844012894 -0.0324752063403605
0.0244177421316522 -0.0820165278208201 0.0527870900182036 -0.0231173948762382
0.060937307912281 -0.0663517758124518 0.0618008021842462 0.00699416284940368
0.0900171754341681 -0.0264765340167181 0.0317276604943547 0.0196512970387054
0.105731415566933 0.00142654570157001 -0.00339093043709805 -0.00477052388113534
0.084291343039717 0.0141667335042183 -0.0625203606030997 0.0105407107675946
0.0938656865919383 0.000659255029716973 -0.0749397556889214 -0.0194499420371762
0.0867860744035664 -0.0418062686988776 -0.0815235527695437 -0.00345717164149522
0.0558752395129039 -0.0730289228250982 -0.0693993219667129 0.0151604476212993
0.0200995873894946 -0.0737537056619649 -0.0433983792243784 0.0122329254748192
-0.00555018500125803 -0.0670566693525036 -0.0327907781427925 0.00485148343884676
-0.0248207710571155 -0.0541184435948769 -0.0275162777799323 -0.00566326562117498
-0.0242848623854986 -0.0459697081983387 -0.0193416637815289 -0.0147975236402915
-0.0267052513110286 -0.0471788478950851 -0.00864200379265918 -0.0303174341274756
-0.013665238368876 -0.0618465227661701 0.00625272189117502 -0.0419716668802536
0.00857477689290626 -0.0670887730413728 0.026011629739776 -0.0477318125876928
0.0379155579838581 -0.068767421181284 0.0512606328850397 -0.0295807163980216
0.0665368589878896 -0.049728359234819 0.0529039657362526 0.00671307850412901
0.0869536834841356 -0.00879840128423857 0.0149507562407783 0.0202850706072095
0.0943526159853275 0.0135396012432096 -0.0324210816511681 -0.011123900137602
0.0604380772283807 0.0137829648801164 -0.0894476304694704 0.00199364701360752
0.0703195661111029 0.00145061322658776 -0.0925424957789881 -0.0148930515790275
0.0663671097953262 -0.032017791332857 -0.0821718867145035 -0.00506209930040271
0.0418966244977818 -0.0559154492059569 -0.0638578997978286 0.00548915834356804
0.014871316941874 -0.0544120843836285 -0.0425297681293722 -0.00574019168268987
-0.00295636513510773 -0.0500468063539917 -0.0390444005587838 -0.014956467021814
-0.017587125976312 -0.0420088423801016 -0.0355737307796856 -0.0253622316893612
-0.0159543411463556 -0.0365494462589495 -0.0261334430675696 -0.0345679385280954
-0.0152173249338537 -0.0399409961717823 -0.0125518556717429 -0.0500432175736026
-0.00158867919542732 -0.0499116345818464 0.00750351151328651 -0.0598339242866762
0.01848679680787 -0.0509364270102663 0.0316683231379869 -0.0602370957994917
0.0420463702070527 -0.0471730108601633 0.0531668224725192 -0.0328236176237007
0.0604761657796237 -0.0266535919958347 0.0454209765062682 0.00441218547139821
0.0706297518942821 0.00839778601971686 0.00179015102013315 0.0151425629327929
0.0700847742607703 0.0229124410562378 -0.0531553001116751 -0.0212628142865738
0.025226357706979 0.0136407011628116 -0.103050147826891 -0.00468322860467843
0.0363125074118782 0.00780490812183334 -0.0989907960953151 -0.00904423293967883
0.0365044934441299 -0.0125517227322585 -0.0807341756818179 -0.00805426021444589
0.0243281888668216 -0.0266152134145206 -0.0611119252029232 -0.00281936861815551
0.0111478994965246 -0.024963163638723 -0.0447236782519367 -0.0168426677509622
0.00321387667870769 -0.0254551976600963 -0.0447695083487791 -0.0259538802354925
-0.00535099239599152 -0.0236572582494711 -0.039839671825382 -0.0369921669576433
-0.0053495803480839 -0.0216926738975581 -0.0282186400589212 -0.047977936163634
-0.00386102509090721 -0.0247734136705793 -0.0114661049196138 -0.0652614417594063
0.0050853673684359 -0.0294262105748623 0.0147663541371102 -0.0730801205659635
0.017478139676013 -0.0288780023040136 0.0423565053172218 -0.067025365757917
0.032991355049818 -0.0231860039376067 0.0583274924228002 -0.0328983163415551
0.0429492202894994 -0.00696127133706066 0.0414340085943762 0.00149877021823999
0.0441883661821126 0.018185376257864 -0.00390998083939519 0.00746712682147483
0.0371179991976133 0.0249891194335486 -0.0636924469156787 -0.0317199005684825
0.00398792172033866 -0.0152069179230899 0.0750064808110496 0.0360095044221688
-0.0118883135722204 -0.0124559329387339 0.0234710171798066 -0.0103872879008715
-0.0192992019281833 -0.00309295813897811 -0.0387344308746923 -0.00919437714476842
-0.014039863495122 0.00554764406489206 -0.0679190362574571 0.019780369553512
-0.0102554871234662 0.00587340383005323 -0.0638618976005528 0.0653606745831551
-0.00919444105447629 0.00442298768214195 -0.0270319880398364 0.0830708937447237
-0.00714141695460219 0.00461218369816144 0.00693324393610324 0.0766763701268242
-0.00774619022954899 0.00412985704915977 0.0296935909227696 0.0631375538300808
-0.0116377621145597 0.00385550309714568 0.0432360898992014 0.0450478901496908
-0.014906098663456 -0.00045723696849945 0.054132114597484 0.0318048935240186
-0.0139688178488979 -0.00467492023686458 0.055708562329728 0.0231384561460784
-0.0140571404877332 -0.00975664957458834 0.0639607211008659 0.0168555215911644
-0.00921411746153881 -0.0133045502318285 0.0811019646198052 0.0179192757200545
-0.000521359891456622 -0.0166571672206786 0.0900404315327936 0.0156618829011012
0.00970308580919386 -0.0136225785916645 0.100985052656056 0.0113651899168238
0.0378483156120791 -0.0048874422010318 0.0622316114092961 0.0441194288665009
0.0239251382012668 -0.00502160143434951 0.0143156892187799 -0.00616442775696836
0.0145697495545531 -0.0106818670864726 -0.044919237354057 -0.00355391410873296
0.0120693590976248 -0.0147823212454903 -0.0718642979680407 0.023374931921452
0.00485498949386094 -0.0205866940584007 -0.0651315019371596 0.0645976242145329
-0.00649609995825361 -0.0227122717556924 -0.0301698358601482 0.0804417226331436
-0.0148816556372495 -0.0193372227342851 0.00178264607326028 0.0740867791612687
-0.0175286073044105 -0.0158626301922439 0.0239991630000407 0.0600225003737936
-0.0250626802582625 -0.0153592455582195 0.0377696604428766 0.0396408373897522
-0.0246254822910778 -0.0260564097126081 0.0480507669876759 0.0257088716997233
-0.0149289552536685 -0.0333103994578496 0.0522437738838126 0.0156673081896564
-0.00206002656751103 -0.0408905053018384 0.063912319077515 0.00966048027626582
0.0170536992301431 -0.038069328751794 0.0794515749203067 0.0145145976897251
0.0359887785541225 -0.025391638459243 0.0812257758302579 0.0111177672561347
0.0507327730940385 -0.0126665729664215 0.086750864894504 0.00645826390654403
0.0673924061872071 0.00552499005570545 0.0393352472756687 0.0426142972829266
0.0594637826340732 0.00248403671967574 -0.00163058915739611 -0.0102197637060019
0.0500646086788686 -0.0182525165900311 -0.0552304129146186 -0.00294639346690717
0.0383202009326582 -0.0366638084443348 -0.0768290191990338 0.0258357059321885
0.0182072312726747 -0.0460032895770019 -0.0625176850559786 0.0603518035064472
-0.00345305705879729 -0.0475766220562939 -0.0301682442239629 0.0699986973972502
-0.0211072793506588 -0.0405859794591981 -0.00409782584896363 0.0622014135297666
-0.025493342445479 -0.0337973905500771 0.0144111032038998 0.0482687236175417
-0.0345230114958095 -0.0316612834956345 0.0268121547572693 0.0286364809687938
-0.0315351114335376 -0.0461941730027929 0.0383449535104601 0.0129424960904535
-0.0164820905246941 -0.0556344738195929 0.0460388350391743 0.00176900349684378
0.00586866484758668 -0.067010838979582 0.0622965990316348 -0.00122766216948516
0.0373357830621214 -0.0591570214912615 0.0760233386013674 0.0119295641386331
0.0647193250684127 -0.0325077247857834 0.0674605701859347 0.0127476171972153
0.0843046826723845 -0.0105565264501793 0.0614191631201904 0.00280945126894356
0.0882299452031336 0.0138953043947266 0.00763281040515718 0.0333481489699804
0.0879705894591506 0.00575478432052387 -0.0238612083067706 -0.0175872068149068
0.0792171346562475 -0.0291304278962784 -0.0677918230898586 -0.00417438228838291
0.0578315647924619 -0.0586993417869452 -0.0788423443380518 0.0250510473605979
0.0259221633402097 -0.0682528099412999 -0.0576734716798612 0.0493589163955801
-0.0023556568493074 -0.0664911794457255 -0.0297120997955264 0.0518564111276745
-0.025384394593397 -0.0555743147981451 -0.011487926107235 0.0422268438419032
-0.029278331276555 -0.0454384583284669 0.00240336005671755 0.0298683720601454
-0.0380472662512074 -0.0434772502851966 0.0138784087519785 0.0118582952503046
-0.0321777204147471 -0.0605680230489055 0.0249434466054979 -0.00345726646240404
-0.0127081327320045 -0.0700047719213606 0.0375209563460914 -0.0150009175581818
0.0153520305915387 -0.0817489886139988 0.0588328416191914 -0.0127577528340528
0.0524245882436884 -0.0701572127196131 0.0711403481717457 0.00966641321470846
0.0847453914012994 -0.0337883830650469 0.0511800138163648 0.0166869895725122
0.10422358349349 -0.00523974465537422 0.0299287175788661 -0.000664790839619645
0.0950105891917392 0.017137825934459 -0.0290382209328655 0.0206886239393918
0.102070262733142 0.00472009302401681 -0.0502671735461283 -0.0228452991552692
0.0941263990936888 -0.0391805850097002 -0.0774770104737539 -0.00589526832946017
0.0652431424919088 -0.0741776596787624 -0.0768753272250081 0.0211075537111444
0.0265317378602749 -0.0798850988095242 -0.0506335730410142 0.0318484349698644
-0.0032318576616541 -0.0745212754654605 -0.0305567216008233 0.0287130622558915
-0.026507127671471 -0.0613196503331821 -0.0200821442878304 0.0180716378308753
-0.0287021520355929 -0.0502643104107941 -0.00943116808502389 0.00754924157482842
-0.0351573181730431 -0.0496367361140479 0.000951869396975965 -0.00926869216409134
-0.0250242663210694 -0.066614701146551 0.0136028057704025 -0.0228001086123005
-0.00323967116977956 -0.0748012933953496 0.0300590679001982 -0.0317151514991705
0.0283251838122549 -0.08338046769386 0.0544395415028881 -0.0223888059099402
0.0639957036396584 -0.0665753262000728 0.0631470233123208 0.00915718300833308
0.0936600755226605 -0.023868799969746 0.0324795799155926 0.0212489850645676
0.107875843523 0.00457024194226381 -0.00298201865880754 -0.00430812673556482
0.0859153733793954 0.0174426340726202 -0.0646282082704655 0.00828575794042827
0.0965883517710797 0.00307320580419958 -0.0755250628469726 -0.0231430138455312
0.0902005515155421 -0.0405942278958987 -0.0831461583009245 -0.00695138706324062
0.0597981547804156 -0.073796722991928 -0.0716270868110499 0.012814608978955
0.0222766464222493 -0.0755623788192544 -0.0458377572745994 0.0113755229993485
-0.00378070199110316 -0.0690399400749695 -0.0343239144557034 0.0034070003888761
-0.0240771995430212 -0.0563450352441132 -0.0287974115142113 -0.00643177436635847
-0.0236514178669771 -0.0479330201398189 -0.0198667795919411 -0.015353003950885
-0.0259436309007696 -0.0492125971189625 -0.00783234604780291 -0.0314444854166575
-0.0122512328114341 -0.0636987437314281 0.0076292831896267 -0.0423956721420907
0.0110019539779966 -0.0685509218554622 0.0291279261449343 -0.0477237507465055
0.0409629627213103 -0.0699610956834242 0.0536243872367354 -0.0290877799397168
0.0693062433929437 -0.0492413963748213 0.0544710046928153 0.00897014690936702
0.0894386441371154 -0.00647041883369538 0.0151137887206531 0.0213207748717764
0.0960704789280578 0.0172056178473754 -0.0324883253446776 -0.0124085653018846
0.0611140054504104 0.0155355307863778 -0.0916795897960083 -0.00208016976767235
0.0723171509645336 0.00387730302729009 -0.0933623763835451 -0.0194943252388135
0.0689634934217511 -0.0306780690574603 -0.0835806222512282 -0.00840427133298851
0.0445379493227482 -0.0566237856593265 -0.0656862421623529 0.00332930309451713
0.0165428652826541 -0.0557888035049999 -0.0439061194174869 -0.00817738695897519
-0.00177538084402296 -0.0515166958096468 -0.0404855773288205 -0.0168525422457836
-0.0160236636510112 -0.043348496940292 -0.0367823290649773 -0.0269247172654951
-0.0154599210295916 -0.037692928182818 -0.0266990047489206 -0.0358352561201803
-0.0142452518336943 -0.041497278198895 -0.0113900509724776 -0.05208131009983
-0.000449595879676228 -0.0514272575080133 0.0101634451113899 -0.061351725498551
0.0198022046297063 -0.0520923995745339 0.0347665793439832 -0.0604765365811144
0.0449067764680855 -0.0471172907367282 0.0558227671496053 -0.0323185566719081
0.0628286358413222 -0.0255221338399453 0.0472549756771642 0.00642128215594691
0.0722831848653331 0.010264641823453 0.00210389352383286 0.015982462654745
0.0706531150103294 0.0252977724475539 -0.0537777993053074 -0.0236580595075861
0.0258092609578578 0.0148444498412606 -0.105834449689075 -0.00915046419025682
0.036605824371024 0.00871228857387556 -0.100581604035042 -0.0135308684070937
0.0376512732667057 -0.0122891547627245 -0.0815294196393411 -0.0111567673768826
0.025219458801912 -0.0267332357348527 -0.0621918938586417 -0.005301331894959
0.0122058382341472 -0.0258669090548052 -0.0455806176338164 -0.0196813034506389
0.00426710474237357 -0.0263186363679587 -0.0459120078701587 -0.0285921031416337
-0.00424713065263936 -0.0245990027047857 -0.0403577617689249 -0.0387945529739042
-0.00498093298243136 -0.0222474775738357 -0.0283167170162234 -0.050160471043111
-0.00297710783358842 -0.0252007443612454 -0.00917921285466389 -0.0676015786373083
0.00592110817388057 -0.0300122491436713 0.0179786100736112 -0.0747116506691184
0.0190428667106145 -0.0289984627607491 0.0462376748207672 -0.0669041594867807
0.0342322121965823 -0.0232266585162612 0.0612247421187264 -0.0317628156493937
0.0437236367616046 -0.00602366254099225 0.0430773574843264 0.00308456027158333
0.0446430608002599 0.0200267110530262 -0.00383478783776793 0.0073976409737593
0.0368863685471855 0.0263197660770614 -0.0640637291101294 -0.0346597251972366
0.00367867200967725 -0.0155902744445417 0.0787855402615466 0.037904967641247
-0.0124835770056351 -0.0131402152816258 0.0238288270440276 -0.0114465667797203
-0.0203033388837334 -0.00306298172605549 -0.0404626726557801 -0.0105548054046296
-0.0148047787381051 0.00538315425122301 -0.071767538885888 0.0205960707317595
-0.0108384419336562 0.00578997515119549 -0.0670076253038971 0.0692745341229203
-0.0099420843281632 0.00447005146371827 -0.0285226949494093 0.0874643647119245
-0.0079793531632813 0.00450208847506147 0.00769714276007645 0.081091240382215
-0.00802124946091199 0.00352287025832886 0.0326155548615862 0.066480301121812
-0.0120776707036115 0.00344807794639598 0.0467827883388692 0.0477581314171051
-0.0158106444767382 -0.000867617836995477 0.0574526793204353 0.0336125027939374
-0.0146339425462283 -0.0048417385267806 0.0584121233780636 0.0244730240707515
-0.0149094288228563 -0.00990004295658752 0.0671773614123692 0.0181979670287481
-0.00957223984651581 -0.0143653994858424 0.0848185240939632 0.0183256717844752
6.2113098346985E-05 -0.0173877503359555 0.0940510717404791 0.016639044079151
0.00991524688166854 -0.0142988536074164 0.107208210961697 0.0122548696902342
0.0391159830998547 -0.00511222084463558 0.0660884229228092 0.0463314141721125
0.0257243836390905 -0.00550842897325329 0.0148098856310756 -0.00710237752183679
0.0150769438506045 -0.0111296908690957 -0.0471446157565829 -0.00467153469810098
0.0123972982126635 -0.0162189680729215 -0.0757133037877944 0.0240151180324707
0.00469082135032262 -0.0221532566684306 -0.0687973177524914 0.0681315539772961
-0.00701309323396706 -0.02345209226558 -0.0315635255998513 0.0848916916243113
-0.0162567993443387 -0.0203733941362753 0.00199066223323783 0.0781360241902362
-0.0186125288279493 -0.0173271044674301 0.0265051101381613 0.0635187140185417
-0.026209050516211 -0.0164145911789283 0.0405893099475678 0.0424494256952146
-0.0261268834525468 -0.0271630824589216 0.0515892866810494 0.0272831642217374
-0.0160250765706685 -0.0346083274945028 0.0551457401767479 0.0166725265240518
-0.00247050337436259 -0.0430834773001602 0.0666090330374468 0.0104600943390688
0.0179953661612748 -0.0402858205748836 0.0831818726021069 0.0145124516248937
0.0379536495624613 -0.0263932153971934 0.0852750165235227 0.0115005735643816
0.0537550334500345 -0.013348326825856 0.0916834930420625 0.00712186129342526
0.0706939103796238 0.00564141983047792 0.0420478504734945 0.0446563085128202
0.0624660824871447 0.00261277119126849 -0.00164769880505447 -0.0106515272491452
0.0523929714761769 -0.0199092132042513 -0.0580712621723338 -0.00368775972305442
0.0394494368552928 -0.0393688027639297 -0.0805864366456009 0.0265110962304471
0.0182527690926408 -0.0492092104118282 -0.0667067717391022 0.0636310836716655
-0.00391146727652281 -0.0497757646969242 -0.0318173882813227 0.0732418436803216
-0.0228897577039919 -0.0428235991879385 -0.00439929424805773 0.0657781547773399
-0.0272330805783959 -0.0357548267952291 0.015542676042081 0.0510085807870272
-0.0366248770750943 -0.0329892101590325 0.0294692347455764 0.0302630051789751
-0.0338147182636881 -0.0487801165086035 0.040858351702583 0.0139979415612524
-0.0177348233667702 -0.0583928896573029 0.0491684120171374 0.00273757622893928
0.00627267300010904 -0.0706539092017317 0.0647540687620912 -0.00147326242700398
0.038575571483957 -0.0632925461310218 0.0799743741590108 0.012112889473163
0.0689911741342867 -0.0347155952837816 0.0713192091572426 0.012393686427847
0.0888240592892069 -0.0114891657832844 0.065022698873061 0.00292218809438056
0.0928376425123296 0.0143260099981195 0.0084408574279256 0.0351368232306702
0.0929468684090358 0.00603698079533527 -0.0248067614701381 -0.0188778874280731
0.0826147893583172 -0.0316124139079641 -0.0705178887218891 -0.00491215437299034
0.0596977879781073 -0.0625899031864301 -0.0823924309988365 0.0262003968994371
0.0265272428335383 -0.0726613566560745 -0.0602330911135431 0.0523909805779927
-0.00329165850801554 -0.069761743251405 -0.031616536688953 0.0550129940413291
-0.0274629466339242 -0.0582695887040888 -0.0120360935758826 0.0450275214034505
-0.0311669221742249 -0.048153436012477 0.00282673258555448 0.0319721398443854
-0.0402270609610034 -0.0458805871534392 0.0149378055597901 0.0124531147137441
-0.034363515131553 -0.0630947759728155 0.0272425596807857 -0.00316053730387072
-0.0142965048156043 -0.0737321675147484 0.0397922056887805 -0.0152288754366854
0.015426169948724 -0.0866245002515262 0.0610026546790822 -0.0132125453395574
0.0543100058660891 -0.0745533316056141 0.0750949288815868 0.0100506563360776
0.0889444972695505 -0.0357227943513755 0.0539062339881996 0.017233364592234
0.109227867966698 -0.0062806526592568 0.0315881554182512 -0.00010398373032498
0.0998098204763513 0.0177258471862667 -0.0299302942596531 0.0208618072403532
0.1078053618964 0.00440430318698675 -0.052260399408477 -0.0247027490154645
0.0983905056297592 -0.041583453724676 -0.0811609534722835 -0.0068138790284471
0.0673255955880763 -0.0787165747837847 -0.0807582974506396 0.0219557664014849
0.0268558709681947 -0.084739007118896 -0.0534391792682754 0.0337238444602843
-0.00455105611728357 -0.0782618878070343 -0.0324324581359155 0.029733766058451
-0.0282786925406583 -0.0647763868531356 -0.0214108126768507 0.0194666436246147
-0.0308155590606828 -0.0528243364234914 -0.0101923848388184 0.00889055427633137
-0.0365473344886229 -0.0523449722934168 0.00146200929157972 -0.00949489017310575
-0.0270919119109759 -0.0700449440643872 0.0148559580225497 -0.0233239364766925
-0.00391379914512832 -0.0788781472706108 0.0322339988797713 -0.0329087993182422
0.0289246425285239 -0.0879733793551749 0.0573373826141866 -0.0236434432268518
0.0665930290840472 -0.0708979902808031 0.0672302686713574 0.00936360422078891
0.0976636358729627 -0.0252692256430641 0.0348050942126828 0.0218837203018158
0.112805553949337 0.00423795770676658 -0.00298298377438118 -0.00426228545561425
0.0909023171041225 0.0175546789831027 -0.0679446179500876 0.00778154080282142
0.101930137276088 0.00286232201725192 -0.0789366909663905 -0.0253715976838792
0.0940769501954536 -0.0430293695559686 -0.0863977332463865 -0.00790891154819872
0.0616470913642472 -0.0785619682281029 -0.074949915344032 0.0136674730607838
0.0225883614122713 -0.0802478772640101 -0.0486327056844881 0.01168672277125
-0.00492754152489888 -0.0729425001384685 -0.0367585658947069 0.00326881047615978
-0.0250588328422795 -0.0598938901988057 -0.0310170714002193 -0.00586001697528003
-0.0255488814255193 -0.0503407953425278 -0.0213624295150766 -0.0156429720292677
-0.0270154484049592 -0.051692125150188 -0.00862156412734806 -0.0329802024892621
-0.0138084878662132 -0.0671602366568719 0.00888052767357439 -0.0448947354098786
0.010489363367109 -0.0724366126427458 0.0307991658288967 -0.0496870793605298
0.0427009088868773 -0.0738088359635729 0.0563171868533755 -0.030862445919419
0.0721572360430192 -0.0521524454572151 0.0582978917795255 0.00933134904257414
0.0938342813745365 -0.00671119383306077 0.0162937210643487 0.0220312565680666
0.100250001478531 0.0172003939057169 -0.0337324522761783 -0.0127545695199845
0.0650434873570648 0.0159928256912328 -0.0972072264103603 -0.00280917276898936
0.0759870515509212 0.00383211480896112 -0.0979178423887661 -0.0209520722960472
0.0717599841102917 -0.0331924537190285 -0.0874778780283667 -0.00910424923701048
0.0458722092863172 -0.0601691620678251 -0.0687556638548715 0.00327931564865925
0.0165125570248872 -0.05961646329588 -0.0464374441966455 -0.00881385288645675
-0.00253683287350976 -0.0544426470773072 -0.0427860347971704 -0.01804825846945
-0.01686055366384 -0.045785695275602 -0.0393658790355752 -0.026853259513703
-0.0161344676873355 -0.0396601631131475 -0.0285265577386714 -0.0372466729775588
-0.0149659051642761 -0.0432863542599246 -0.012510986790739 -0.0544111883544227
-0.000822694050666933 -0.0537428115077803 0.0107953298161877 -0.0647084987491664
0.0205668725689502 -0.0549672276742527 0.0367322196237904 -0.0631443577390637
0.04662615147389 -0.0497487887377346 0.0589331675589937 -0.0341390894145388
0.0657030714934844 -0.0274176236581984 0.0496480853690805 0.00676742111171457
0.075906119499483 0.0114721176290624 0.00318401549924563 0.016602130347531
0.0739811878201388 0.0260566486762688 -0.0562129152544687 -0.0243064753812256
0.0271461420704696 0.0151847592301207 -0.112239743742276 -0.0105122583259493
0.0387922954461184 0.00862081766132756 -0.105261168010594 -0.0142731774304148
0.0394339875977164 -0.0132448320354842 -0.0856677740000336 -0.0122702613918662
0.0261440479104166 -0.0285013328587749 -0.065217373427784 -0.00553048258975883
0.0125545888299571 -0.02759347196018 -0.048646639001931 -0.0213459421675697
0.00434796414142545 -0.027664881914284 -0.0484374318822798 -0.0302455397016374
-0.00484850908497136 -0.0259420563407276 -0.0441763422564746 -0.0404099510613034
-0.00551845383979617 -0.023015521347259 -0.0307953196399758 -0.0525538455929951
-0.00311887730302285 -0.0263069177664211 -0.010564433961644 -0.0711679381350674
0.00644235726657969 -0.0315101709540447 0.0184424279232561 -0.0786894765649444
0.0193386983199617 -0.030790645406056 0.0483485052847722 -0.0701838792682183
0.0357085122247108 -0.0247852665183751 0.0643552988382073 -0.0333776977630669
0.045771886170476 -0.0063008656459829 0.0454330953724947 0.00354483096234557
0.0470134878468695 0.0205674986323739 -0.00362552294628969 0.00783333528325409
0.0383612551056047 0.0272401217478987 -0.0671088108439873 -0.0359212672657016
0.00848188746931756 -0.0158667794220032 0.0736748852733569 0.0525609030540971
-0.0099544963737527 -0.0158435137090577 0.0260537173420441 -0.00814383795841519
-0.020532569379151 -0.00674667006641499 -0.0412631376777022 -0.0189203867115251
-0.0158788765159957 0.00431435057177115 -0.0789238307264474 0.0078541474089763
-0.0112192280984478 0.00534034620605245 -0.082188485732301 0.0608410880104155
-0.010251095369183 0.00398845805762839 -0.0453767183794146 0.0863375030040257
-0.00940936615727809 0.00313545936569345 -0.00642369849614392 0.0851185144091671
-0.00870094544119215 0.00188666684320373 0.0228738984692407 0.074984135361476
-0.0131393914405585 0.000839164080055727 0.0416000364090745 0.0574283657981759
-0.0155797424497751 -0.00398058557435845 0.0543199481565749 0.0442035701947744
-0.0131590375629731 -0.00768125040828782 0.0563828518910578 0.0357696206801339
-0.0123486766166392 -0.0126334208534142 0.0666901950742454 0.03110245552117
-0.00604306097552246 -0.0164273517295116 0.0838722454403591 0.0338251119008198
0.00504135572345284 -0.0167970947143076 0.0927936665215872 0.0347907638916104
0.0152936289375395 -0.013014468231729 0.107293270391566 0.0346069640150989
0.0421285265125938 0.00240349889478672 0.0603854058874164 0.0591723209594816
0.0268713681370792 -0.00144330281608397 0.0170034356517872 -0.00516537614729621
0.0172046041745235 -0.00822744058431568 -0.0462505713529692 -0.0145692304806969
0.0152981626990732 -0.0122274038379523 -0.0821130508710963 0.0100757858931974
0.00948899400483711 -0.0197153763403067 -0.0833036285658581 0.0581906220553606
-0.0025277492305396 -0.0246697064647038 -0.0478935890013947 0.0819219931318536
-0.0132112748002218 -0.0233657633429044 -0.0113693753846053 0.080872654392011
-0.0151704061258872 -0.0215799341078455 0.0166243102217533 0.0705253915967076
-0.023819550566618 -0.0222302628574645 0.0367030604390206 0.051524865611011
-0.0212497369144448 -0.0337893575263866 0.049641108644471 0.0369568164979639
-0.00846025336068014 -0.0391310490943887 0.0551290380655068 0.0283420049287383
0.00693476128151453 -0.0443284736356021 0.0673925405441365 0.0252951560696049
0.0276314265058885 -0.0370885803082846 0.0823436438136221 0.0297439785648313
0.0460673165571565 -0.0188914592059653 0.0826593143910875 0.0279915294975757
0.0607821716113041 -0.00271925409242021 0.0907625104592237 0.0251761983368647
0.0715903162339687 0.0202209388951783 0.0379036137004737 0.0537298003068631
0.0624015573839018 0.0136794314529804 0.001865077906899 -0.011702126195291
0.0556310297138601 -0.00960505123021239 -0.0558147253701526 -0.0161035758818897
0.0460192279652813 -0.0307119017892835 -0.0847861747060518 0.0108569260929497
0.0281862352609661 -0.045211414454863 -0.0786908285386069 0.0514765066967757
0.00528170358246243 -0.0511341900564951 -0.0460382282693317 0.0697792743181428
-0.0154868821826434 -0.047755705792147 -0.0154942641054262 0.0663212300947578
-0.0199979709209994 -0.0421726558699296 0.00832181003655185 0.0561707161086955
-0.0312603636420739 -0.0412585834221099 0.0270014423538309 0.0368842018794432
-0.0253806789097211 -0.0568267022235354 0.0417812746080597 0.0215617224154393
-0.00497187703756574 -0.0641923592613856 0.0504511767739452 0.0130809360456847
0.020766944539916 -0.0714842683626711 0.0679302657639407 0.014097642316259
0.0536625087181609 -0.0561443106436407 0.0793802029819365 0.0273998221892086
0.0794027883454222 -0.0210824617037647 0.0663732707141409 0.0269480792699107
0.0967875282911097 0.00681912156563375 0.0624912092018644 0.015311527103021
0.0909574698402973 0.033121992341078 0.00615415019932067 0.0377760295412623
0.0918741479522926 0.0234896002918977 -0.0186316983218927 -0.0237155590843877
0.0882380102986758 -0.0150825517330785 -0.0654401125137976 -0.0203953144872826
0.0703749726951331 -0.0512512677232762 -0.0849055962129222 0.00969661110983971
0.0403791579682658 -0.0671020166856986 -0.0706347974837431 0.0394975968194563
0.00981724553711938 -0.0710943749986182 -0.0420212728268649 0.0494857801751598
-0.0169168902256298 -0.0645644401465518 -0.020350177601366 0.0430134718961734
-0.0214686498840602 -0.0555350342348968 -0.00267775654601274 0.0337246833768559
-0.032136312862901 -0.0550133281102992 0.0148438737909705 0.0165981828754104
-0.0230242904725357 -0.0724245254666038 0.0307906416701812 0.00237018434928005
0.00164919781954653 -0.0795349521473735 0.044416060051442 -0.00573932679945227
0.0332770128927722 -0.0868804968031377 0.0657031329861495 0.00237863063041852
0.072878028119715 -0.0649479360607474 0.0741530856240285 0.0248956089852833
0.099923328482887 -0.0178078940065862 0.0483447196982839 0.028278981693844
0.117193870065088 0.0162107456624674 0.0275906111601381 0.0044163869048629
0.0969222461497825 0.0387162722239716 -0.0298694382129932 0.0168439724577988
0.106990909629228 0.0247938665310345 -0.0458859026820259 -0.034838517613987
0.105451157853827 -0.0223759847556707 -0.0754416605972619 -0.0237764536742411
0.0807130273700159 -0.0659336014444175 -0.0809480063724344 0.00481691727132812
0.0426945318463926 -0.0797120781796904 -0.0607280259328224 0.0207412126346779
0.00962107518483598 -0.0810324092012231 -0.0390196141148622 0.0228247755412683
-0.0169911047277144 -0.0710459366275353 -0.0254478309162308 0.0147406673060244
-0.0200015809029286 -0.0613781938200396 -0.0121639473995275 0.00747345629670941
-0.0271324119486192 -0.061267000891623 0.00412692630780685 -0.00846214984893166
-0.0142257729372075 -0.0778673887970219 0.0213379190421014 -0.0210370277922657
0.0133353084061103 -0.0832422848449729 0.0388875734985081 -0.0258480353861465
0.0474812919876942 -0.0858723886120771 0.0620825630789856 -0.00881100231695102
0.0839764958328284 -0.0586321382403378 0.065180287261234 0.0227503448682122
0.106612095840741 -0.00529717260673726 0.0277389451176403 0.0292489010367298
0.118599815098355 0.0282915836158302 -0.00758673572150839 -0.00808607643371491
0.0868009638875728 0.0369069710926982 -0.0669220698108171 -0.00362044477985378
0.100940026619237 0.0226772490101648 -0.0728085272581051 -0.0407575817383747
0.101780069283021 -0.0247526611395357 -0.0810060765516976 -0.0259380483317769
0.0745899529489739 -0.0669380590258815 -0.0740977897881083 -0.00319442816653882
0.0375797317147802 -0.0763950892477623 -0.0522590190143916 -0.00133142589729156
0.00787613006873168 -0.0751379807403792 -0.0386195651655057 -0.00515631772187059
-0.0146764332956502 -0.0656827228060358 -0.0311678228422626 -0.0133145510441023
-0.0155599936526072 -0.0570737407591254 -0.0191844189973241 -0.019566623629776
-0.0174029831552444 -0.0586234708885373 -0.00255271219975228 -0.0344375232600003
-0.00076013112806129 -0.0721534183008391 0.0178565344249208 -0.0438035869171571
0.0269645017525508 -0.073250518349117 0.0398101502189199 -0.0434203601396953
0.0586510611228608 -0.0690257440645773 0.0616829407299457 -0.0164578467782969
0.0858043922881884 -0.0376316735919063 0.0565849927285425 0.0199183688684402
0.0982229226436656 0.0128805469476031 0.00904478761588732 0.0253138266736325
0.101820260934917 0.0389982155148056 -0.0367899618881185 -0.0228022132140507
0.060912909166155 0.0303576074934869 -0.0956900729286014 -0.0200573791906423
0.0750306782152353 0.0188346026206071 -0.0936058699794333 -0.0389881815808331
0.077306932667752 -0.0189973325737407 -0.0828280940416928 -0.0274165218510407
0.0556506997452893 -0.0511235608202162 -0.0670073804694429 -0.011809256750593
0.0267498217366821 -0.0567476597822293 -0.0469225660085552 -0.0209321796856826
0.00674793823390562 -0.0558442288451258 -0.0415011619188754 -0.0281731519795962
-0.00939052384485038 -0.0498170306488768 -0.0360544233291484 -0.0361267995068741
-0.0084730527904009 -0.0443809060278213 -0.0234100474588929 -0.0429635406210944
-0.00601083005620588 -0.0470869538149969 -0.00340706178818227 -0.0583386998470754
0.0099316728480404 -0.0560047107310093 0.0225069615488122 -0.0639537216875091
0.0332409375956572 -0.0528767048316707 0.0479551240430437 -0.0567546214833126
0.0586697102539654 -0.0430299622262606 0.0647291770144449 -0.021121312063877
0.0737138258987801 -0.0134089967798578 0.0489403039882053 0.0152646204498176
0.0756508996481223 0.0270846453009314 -0.00291806639501732 0.0170972311211758
0.0719572016686044 0.0429854083522967 -0.0561842628787471 -0.0381597835941556
0.0226881566736161 0.021988266309904 -0.111283914208979 -0.0309653785422981
0.0362429321490661 0.0173484598736218 -0.103657578016212 -0.0341385413703917
0.0409225440148892 -0.00510452317046373 -0.0823618765194737 -0.0280025077617506
0.0300974695154901 -0.0234582484132555 -0.0639714618368911 -0.0191353511673871
0.0168505466093946 -0.0251423858207127 -0.0464257905091596 -0.0318225697058531
0.00812102207018008 -0.0276558953658128 -0.0456347484418596 -0.0403333668890642
1.97884155347958E-05 -0.0274877683673539 -0.038923703154858 -0.0501607490965297
-0.000545095973585875 -0.024774664190202 -0.0231415308263985 -0.0589382949455208
0.00140709143432094 -0.0272088331938031 0.00146643512327974 -0.0751812151037788
0.0125138002570117 -0.0313707875616905 0.0329808129095844 -0.0776868896612673
0.0271376093298224 -0.0283163099057 0.0610931570924287 -0.0628919055874035
0.0427972946030264 -0.0188688947711115 0.0703066130968375 -0.0207859103359376
0.0484704172456104 0.00436977354985801 0.0456668978362088 0.0111969926827384
0.0443899233111086 0.0308477256149386 -0.00668328321322123 0.00640486005010261
0.0334459514390465 0.0358613151708061 -0.0634607690557113 -0.0518635554499916
0.00672876689421957 -0.0161520429983248 0.0775945125741975 0.0474434578371474
-0.0110420053182784 -0.0153835794129981 0.0250198305155088 -0.0100434925420026
-0.0207485588018884 -0.00500609731836802 -0.0430170209609185 -0.0164699911580946
-0.0156705723833985 0.00530065045213526 -0.0789822897750284 0.0126712507047741
-0.0108897687319588 0.00599560326242523 -0.0777411437504971 0.0671873305254136
-0.0101708118663849 0.00456176235066406 -0.0397257006063989 0.0901929059215288
-0.00953939364174438 0.00328711810093131 0.000176975211017932 0.0859475284528856
-0.00904352732642614 0.00198719359980449 0.0284899827023445 0.0737860893653787
-0.0135599829321097 0.00135362418962994 0.0466724494337092 0.0551273192677948
-0.0155672641466562 -0.00330374371678633 0.0578117637332126 0.0410328694763137
-0.0133719605920063 -0.00691009048182975 0.059090230111143 0.0322791622565859
-0.0137157083512689 -0.0117491811875667 0.069055671157099 0.0277250155365021
-0.00776944866434423 -0.0160323756454813 0.0860686809137082 0.0287513731365068
0.0043364922265214 -0.0172427161080512 0.0940274117335286 0.0287804316777256
0.0147567676851388 -0.014240233589139 0.110515180184381 0.0285435165496374
0.0419192281971651 -0.000299651517750635 0.0646043758216424 0.0554643072423305
0.0266470831274262 -0.00263137382582466 0.0161954059012102 -0.00672501411035763
0.0164560876907528 -0.00928612333613465 -0.0478530166185279 -0.0120805008854409
0.013979021196002 -0.0136136673732089 -0.0813307277993192 0.0148461685443258
0.0080303166404617 -0.0211492604932464 -0.0795285165647649 0.0637898867291586
-0.00387478187879572 -0.0242345273928149 -0.0427446221616869 0.0857854044633259
-0.0152714811086637 -0.02284929447399 -0.00602746600054089 0.0824486382794641
-0.0171229126285998 -0.021578805928736 0.022856285246435 0.0698808224531715
-0.0253632120273174 -0.0210270259903133 0.041233716466513 0.0494041590683131
-0.0236783942442943 -0.0322647669215682 0.0530254340184259 0.0339383290225673
-0.0107529531322091 -0.0391763243913536 0.0572976544654476 0.0253667556165963
0.00386598853258878 -0.0456285669810766 0.0692913101849548 0.020868412173735
0.0248550534280541 -0.0394512581339268 0.0839637178018753 0.0245501144497111
0.0452516665874564 -0.0221599579165328 0.0842425369740482 0.0224729897255328
0.0608295732858009 -0.0071083603095904 0.0930349552147721 0.0193595910974534
0.0723350461394751 0.0156709448247263 0.0418757227804798 0.0507368940046556
0.0642559364368026 0.00921535866869019 0.00123854262286228 -0.0124286105659829
0.0544883883793616 -0.0139028033876362 -0.0562012101243627 -0.0132305897262303
0.0431338605672441 -0.0343751436234812 -0.0843534299772653 0.0160953922509398
0.0242777110347848 -0.0476747162345958 -0.0760608600151065 0.0577565500800192
0.0014308511566828 -0.0518465140503908 -0.0418379617668325 0.0731394487738441
-0.0195542442411034 -0.0469133039233764 -0.0113943491891904 0.0680619996386652
-0.0232406908475667 -0.0414249606049239 0.0124887882846384 0.0558622220574704
-0.0340125162517609 -0.0396326748878213 0.0302487573627929 0.0353268826157266
-0.0295350140690795 -0.0556601950447691 0.0438296273760329 0.0193877617196902
-0.00957646278467492 -0.064454262296403 0.0523836339799489 0.0104522492089285
0.0153016841272198 -0.0733767263769438 0.0687297084724843 0.0104099798894944
0.0499339514333717 -0.0604179923415174 0.0810759909129561 0.0220729520306051
0.0789114468632933 -0.0263206256274284 0.0680343550465557 0.022362396317983
0.0973975983180598 1.69059816571403E-05 0.0642439614584757 0.0110140434483676
0.0932353850184567 0.0272064151074916 0.00945431437168178 0.0369476078268939
0.094035861299567 0.0166100091617302 -0.0204995722239639 -0.0233553597389074
0.0873686129923816 -0.0219416463076471 -0.0670442939840193 -0.0168894239792545
0.0667707600839519 -0.0560998689813257 -0.0841744995241489 0.0148463687353877
0.0350244713416116 -0.0706735859630168 -0.0689169582709487 0.0448447883512387
0.00467845782340234 -0.0723506278892611 -0.0395530790165309 0.0521033463641299
-0.0217985461599375 -0.0636871914354633 -0.0175089324864568 0.0450288509637982
-0.0260284092126605 -0.0550320004577719 0.000588044441661801 0.034211952148094
-0.0357569231659444 -0.0531330084139205 0.0166525151607305 0.0154640946344055
-0.0281871753873761 -0.070886235727487 0.0316140500727561 0.000212097190241991
-0.00398084794030123 -0.0803695372833426 0.0444511958319427 -0.00805551546235502
0.0275182850061067 -0.089713269333717 0.0655980338893096 -0.00168941279133008
0.0677330254150982 -0.0699436764207088 0.0762727150551994 0.0192943157325034
0.0993306287170018 -0.0245445898273432 0.0499624071092967 0.0247658025483764
0.117889975934803 0.00810102304815293 0.0282194581389151 0.00277848003675961
0.0999347079637956 0.0318991024268236 -0.0291155292596329 0.0178221692568113
0.109207959583613 0.0174285389347979 -0.0483173162518319 -0.03245686769695
0.103985936677727 -0.0306328042518195 -0.0763862315883708 -0.0203256872877378
0.075768877797941 -0.0716657352230126 -0.08036578681463 0.00952254469004303
0.0367598621419361 -0.0836126429383471 -0.0597737813644506 0.0250180738058099
0.00341821704078189 -0.0815585389375564 -0.0386044684498086 0.0254039928240988
-0.0222447467244166 -0.0702818311188457 -0.0250027667342595 0.0171840608306144
-0.0246680599836059 -0.0600625450779696 -0.0112136645904628 0.00880022552148189
-0.0315254738126218 -0.0594422325031161 0.00413267944467097 -0.00866374771715149
-0.0199422957293868 -0.0772106503372691 0.0204957562054052 -0.0220869691709207
0.00738517380454474 -0.0844083683414502 0.0379222800831792 -0.0278075296091103
0.0416792414576788 -0.0898692968179947 0.0619390141567099 -0.0130732628631527
0.0796594219039199 -0.0643609621265451 0.0675362316925689 0.0177186413110332
0.107160807745776 -0.0126024716007521 0.029852090011497 0.0268747868364228
0.12004822093962 0.0196826142389288 -0.00820334130648777 -0.00683870919154584
0.0897062186222653 0.0309822201265 -0.0670318791199692 7.12540430196867E-05
0.10317641996902 0.015341462327175 -0.0750151530823193 -0.0356998207478418
0.0997593641962638 -0.0320695203713902 -0.0822512556965741 -0.0216863732125373
0.0697767936847591 -0.0723796340390248 -0.0739865206801169 0.00126132631567581
0.0317125299448453 -0.0795471041092945 -0.0523453973029568 0.00228121412098626
0.0022584121208918 -0.0759027938637066 -0.0402709339155039 -0.00268418720943536
-0.0196776206603366 -0.0646451167815252 -0.0323731257812451 -0.0105699459996707
-0.0192880066826358 -0.0562229022404012 -0.0210317210039661 -0.0178266538209347
-0.021764142039851 -0.0579334903710434 -0.00469714840683327 -0.0345170840072838
-0.00611264205862521 -0.0723441720628367 0.0152999489369906 -0.045620806756149
0.021781369090615 -0.0757727187370526 0.0372416920607311 -0.045821603307978
0.0539162094870993 -0.0734754675787781 0.0606674065463307 -0.0209441187801908
0.0829800976991834 -0.0437714826471626 0.0581661507631496 0.0161901898044599
0.0995377759885798 0.00645134779086181 0.0111895216715924 0.024165618726924
0.104312535590806 0.0311649897163961 -0.0385352755709631 -0.0197723595448236
0.0632193169966826 0.0255627517548048 -0.0979504318450197 -0.0143848696689109
0.0764962098684392 0.013247717803426 -0.0965873181681799 -0.0340819694640424
0.0758492967215545 -0.0243502199789822 -0.0842795760097979 -0.0224950140432623
0.0518957762140061 -0.0560978868923901 -0.0678138114744647 -0.00738832525918042
0.0230293441353044 -0.058747815898926 -0.0484210650196715 -0.0176499061043158
0.00253706453177467 -0.0566628921247821 -0.0444098634491687 -0.0254003702218892
-0.0126252727661168 -0.0496771804956883 -0.0395446429336937 -0.0332262904507757
-0.011626135991532 -0.0437994001103999 -0.0268083217396673 -0.040867876276521
-0.0100805163389907 -0.0468822903004115 -0.00767664721519749 -0.0580995882927751
0.00580827775408078 -0.0570946582190563 0.0182477446969776 -0.0658709816766148
0.0296777061501698 -0.0559760538127827 0.0450883311332684 -0.0597108846758855
0.0552109362591692 -0.0478111814915662 0.0635308599323741 -0.0251036969438374
0.072462400654271 -0.0181801460410035 0.0502804090173973 0.0123783898397901
0.077784275218494 0.0223135363877785 -0.00137401509672066 0.016544146618864
0.0741159889851911 0.0370503171768514 -0.0593308230829391 -0.0341626178654328
0.0240326451181037 0.0200762568763452 -0.114551102436391 -0.0242968415305402
0.037511698813218 0.0148745645995122 -0.10609835427556 -0.0278607429364044
0.0406513764383273 -0.00810563201438675 -0.0843937111905508 -0.0231748722277575
0.0282440073862651 -0.0256634892513882 -0.0649774647161241 -0.0153263900879779
0.0151673266729326 -0.026496056553708 -0.0496314403449516 -0.0294862747994527
0.00623925826189457 -0.0281143058309358 -0.0491322233014581 -0.0378811900741716
-0.00199698315791304 -0.0275099724333546 -0.0428503763080747 -0.0473726118352278
-0.00232052034712043 -0.0247240892445431 -0.0277870185120119 -0.0574813592821898
-0.000296518911197814 -0.0277795408809945 -0.00418275609798968 -0.0755910885426838
0.0106003194790894 -0.0318946344689146 0.027618899393755 -0.080763270725262
0.0251809845089773 -0.030768953177508 0.0571958567419358 -0.0670408661145566
0.0412889389747632 -0.0212632445523729 0.0694300899678421 -0.0259830934523495
0.0484793347967405 0.00104913897934669 0.0462842642683803 0.00832973921187516
0.0462243650684503 0.0276648140111452 -0.00577377327193554 0.00722185701986078
0.0357893665193858 0.0327947822339408 -0.0672235837272887 -0.0473776466619263
0.00533014570171275 -0.0152726345937783 0.0775042956974691 0.0424328558619091
-0.0111130176577685 -0.0143300257327201 0.0232859839187829 -0.0110762605201779
-0.0198146026853546 -0.00396909396326089 -0.0428280036220449 -0.0145584639022405
-0.0149933170411933 0.00634209712610748 -0.0762684292246381 0.0158285766865767
-0.0101999942782649 0.00630043287434203 -0.0722661384046945 0.0688590019085517
-0.00928288472176235 0.00496531228548963 -0.034324071513124 0.0892386453155261
-0.00891547139654916 0.00377950288182084 0.00409182206914809 0.0834946022378851
-0.00876118619283416 0.00178715020103134 0.0323421225151832 0.0697601789877372
-0.0133732962830804 0.00170596672688064 0.0487925599628481 0.051327534816942
-0.0152967964886557 -0.00251959228540951 0.0585378242850995 0.0369009121878797
-0.0130399963492562 -0.00630510963867445 0.0586043303241463 0.0293340435152041
-0.0137122264374892 -0.0107227840931924 0.0678477886174839 0.0237818294622926
-0.00795469638847646 -0.0153504107563308 0.083777760836332 0.0232163404331117
0.00358313387476784 -0.0171261580405654 0.091666515155785 0.0237958991501081
0.0133425705426622 -0.0141730043526852 0.108612050257222 0.0226826483904515
0.040467308542843 -0.0022838479088546 0.0655845814195679 0.0502336293863798
0.0259713723246939 -0.00430990369076433 0.0157503194944932 -0.00748234866137803
0.0157787129258692 -0.0100667738366675 -0.0470759291042008 -0.0105601003020755
0.0125117799268989 -0.0141724768896313 -0.0780986740422503 0.0178373075519954
0.00641588196512279 -0.0208765146153954 -0.0737847671731443 0.0662524207950043
-0.00505894252470092 -0.0234402951384494 -0.0371008690212907 0.0853703290853637
-0.0159379302714923 -0.0218614113273729 -0.00184907178098883 0.079847265745639
-0.0177812809110606 -0.0200156444433213 0.0258373483783158 0.0661447722405243
-0.0255842023576629 -0.019344489477399 0.0429978123248407 0.045895109299106
-0.0244548769908956 -0.0305141507119536 0.0535183440569789 0.030322814201783
-0.0124497167217814 -0.0370334943138735 0.0569319105257843 0.0217793398073132
0.00141598926611561 -0.0441221719952548 0.0681628669329771 0.0173665196374498
0.0216660148623126 -0.0398173662049789 0.0824966502839957 0.0198918374383264
0.0433936572700555 -0.0235938660287462 0.082014610657539 0.0175872404440857
0.0580751289516831 -0.00947262030565992 0.0914557491657687 0.0148656367336574
0.0705504856501659 0.0117678712526778 0.0431768473765329 0.0465116293447887
0.0625128276721639 0.00584944426074736 0.000612103265976055 -0.0121181854191318
0.0524353448217308 -0.016317841740302 -0.0556462308623171 -0.0109430391694054
0.0399771911378651 -0.0354954700441802 -0.0807958714182532 0.0189855345016052
0.0212542924917831 -0.0475869343420062 -0.0705372306536062 0.0598321714794986
-0.00163603264041893 -0.0498612661636557 -0.0372193319974664 0.0733684538011132
-0.0213213023317213 -0.0444066575167082 -0.00766781775279568 0.0671391530671283
-0.024694147542472 -0.038928837592116 0.0153680464035972 0.053306096299899
-0.0349869636555703 -0.0370164517090686 0.0320750125735945 0.0329117574482232
-0.0314652570185837 -0.052406092347602 0.0438543885671842 0.016717989129228
-0.0122115228573334 -0.0621131024388809 0.0514977085302949 0.00780534846833237
0.0113920963361561 -0.071854584737445 0.0667281171564792 0.00695802022198034
0.0447448145180751 -0.0608418329639972 0.0794731116207544 0.0171757193099416
0.0748735197567727 -0.0287878965178189 0.0673301642506594 0.0177488037872228
0.0939802945565295 -0.00440720777200209 0.0630191638571008 0.0082423595415423
0.0920224078123722 0.0218412771500856 0.0113446339644849 0.0346855291783468
0.0918533060883216 0.0114191460004039 -0.020709570778679 -0.0222614839333981
0.0831055997835836 -0.0251072028981869 -0.0658475913239398 -0.0138772248719669
0.0606290078317661 -0.0576935301992177 -0.0806813817813771 0.0176321234768334
0.0301469213393393 -0.0703672347758028 -0.0641504749034666 0.0466799922079191
-5.29633797623974E-05 -0.0700855921873538 -0.0362244291173108 0.0523046771733451
-0.0240562392062248 -0.060515421763222 -0.0149086596621147 0.0451555547291353
-0.0278007943205376 -0.0513981214870663 0.00262502858923558 0.0332448725930663
-0.0374100893214225 -0.049796276083985 0.017851490898666 0.0142095451287509
-0.0311463922614033 -0.0678294628418443 0.0310810497610804 -0.00119971127847584
-0.00789968744961784 -0.0779264969435362 0.0434627012131381 -0.00917914433060203
0.022285063964827 -0.0888620374536657 0.0630681740821611 -0.00472075993592253
0.0614413505938581 -0.0716908246175385 0.0747219272571216 0.0149764137988384
0.0955142047039078 -0.0286394220569605 0.0494366505835881 0.0216709134647847
0.113879757689861 0.00224074720363443 0.027734960509107 0.00166677129661334
0.098621427570818 0.0265193053774315 -0.0269903842536914 0.0182296388924012
0.106243070219089 0.0115899965803451 -0.0473881559159118 -0.0300975019808097
0.0990330961745925 -0.0346566983288981 -0.0747343738832126 -0.0170052605002859
0.0690609684599114 -0.0741114427325553 -0.0774530522088795 0.0124288290835916
0.0300506846158887 -0.0829518634902837 -0.0569832062901938 0.0272126557348992
-0.000903856871235209 -0.0790709790766605 -0.0364988267240818 0.0264879302532973
-0.0250200628199579 -0.0666895589435437 -0.0230503360664765 0.0188106832229297
-0.0269449792210078 -0.0570266316312293 -0.0102698617260221 0.00899804600609853
-0.033078287046145 -0.0558639733909702 0.00369626667620415 -0.008552110430196
-0.023270775622836 -0.0739042820817141 0.0186276491768606 -0.022884582699389
0.00297901099141811 -0.0823606683655853 0.0364722616682556 -0.0285752610211099
0.0350996546753827 -0.0894723006009435 0.0596279491908911 -0.0150096577345577
0.0735673996468603 -0.0659691349386629 0.0667248380030547 0.0137395266441591
0.103184825667937 -0.0169738498105416 0.0300629668835194 0.0245779917021569
0.116325531037976 0.0128678303848568 -0.00807421172172493 -0.00571673502866932
0.088559478801813 0.0254786367158961 -0.0653836350374258 0.00255114332713777
0.100179454476741 0.00924271906089903 -0.074407019028458 -0.0324956395725198
0.0948423098320395 -0.0361629151737797 -0.0800047742617232 -0.0181638394809674
0.0629825455468837 -0.0734625544056632 -0.0707660762804338 0.0042775220304121
0.0256115215720452 -0.0788265797440111 -0.0507678116738488 0.00478194433365157
-0.00195899488365229 -0.0741676701310675 -0.0395714870426639 -0.000628610693592786
-0.0218481119454951 -0.0617189326234726 -0.032384476647183 -0.00796601104275801
-0.0215777529435708 -0.0532108321705012 -0.0208514725577793 -0.0160808498210934
-0.0237770514805955 -0.0550526216418804 -0.00623893851455895 -0.0331874559618309
-0.00933994514619195 -0.0697813895516746 0.0125878577617291 -0.0449127762112802
0.0170369425054216 -0.0750149276174755 0.034749116220777 -0.0455390580118419
0.0485583499710913 -0.074230822494017 0.0576972705201573 -0.022541330806772
0.0774667485521891 -0.0463135622319379 0.0568261576331755 0.0121566261212562
0.0968029079649838 0.00139342835934765 0.0121458300251753 0.0230959481300914
0.101902134636057 0.0245637440803705 -0.0385335634335694 -0.0172296491201025
0.0624411474220379 0.0220009981216291 -0.0957150161850296 -0.00976220966838332
0.0740616303483387 0.00944175807014013 -0.0941655523680796 -0.0290574673647278
0.0716941312364864 -0.0278901108255828 -0.082283450852338 -0.0183464624676511
0.0460791650373513 -0.0568536716733291 -0.0652149287780438 -0.0051767063026912
0.0188765776156326 -0.0582918674422197 -0.048185835671747 -0.014979732932745
-0.000656223460451787 -0.0549407804561946 -0.0450658446730726 -0.0221752507558368
-0.0148633866812165 -0.0472181885142137 -0.0404029221025686 -0.03028241063805
-0.0133752222644165 -0.0415254025014085 -0.0283667964307299 -0.0381085409071541
-0.0120421660251571 -0.0449196155463452 -0.0101311895980277 -0.0562219760766286
0.00315760130752434 -0.0550088048335218 0.014453645433964 -0.0650411299824875
0.0253768297308516 -0.0558022413370319 0.0409013863726641 -0.0595465876484519
0.0508470193098722 -0.0487898050421635 0.0604317282826133 -0.0274337175793231
0.0688208159168869 -0.0209613241388468 0.0495994182415401 0.00948836020191222
0.0766987482724286 0.0174159791811895 -0.000275771695403103 0.0159862634748057
0.0727560044275627 0.0316688339760515 -0.0589927808371035 -0.0299968791857095
0.0247100344634625 0.0180826242082764 -0.112929751446112 -0.0187031449183644
0.0366905687069596 0.0122584723708121 -0.103444789921059 -0.0231401512168931
0.0386780281497643 -0.0101440939970494 -0.0819791855081846 -0.0191887199061906
0.0255578463497192 -0.0264315073795838 -0.063673111512105 -0.0121313968884913
0.0132764866842526 -0.0265681365571437 -0.0499032175047396 -0.0264695855610278
0.00426336360504436 -0.0282995828669124 -0.0505413236082468 -0.0346728849636328
-0.00321019540609301 -0.0264192034244587 -0.0452151362356033 -0.0435297976406341
-0.00331024912874818 -0.0234521840899637 -0.0304211505168761 -0.0537760416857194
-0.00145849584377754 -0.0268917473838605 -0.00805623823515769 -0.0727614482048282
0.00900152021167686 -0.0313160124735351 0.0226065566959792 -0.0800555927935618
0.0227714306312753 -0.030792032181625 0.0525172087007502 -0.0676739915088622
0.0384055358931476 -0.0231964564194104 0.066611410923363 -0.0279722562895521
0.0465096584126492 -0.00108617145788796 0.0462048506639681 0.00580669303795989
0.045822463149522 0.0242378839086811 -0.00486491186480161 0.0069821913579215
0.035626747167768 0.029684949949071 -0.0676179299271572 -0.04254366749574
0.00507030066792202 -0.0147597357584651 0.0752557723140733 0.0402348053688829
-0.0104345083455233 -0.0140306658458801 0.0219977919362098 -0.0110885221636301
-0.0192398461422588 -0.00338453372349026 -0.0418629474384614 -0.0140714570517643
-0.0141799829223092 0.00608487112022008 -0.0735138652149958 0.0150005253370083
-0.00957338594160404 0.00611050392408938 -0.0682653040080719 0.0672360134072027
-0.00858735446886459 0.00510990502938666 -0.0317119944183974 0.0875583354750708
-0.00890629889649257 0.0038119003003268 0.00512491136802455 0.0802566208885298
-0.00843481474157368 0.00174721336600041 0.0326457028856562 0.0662587523147201
-0.0126845177664558 0.00205134937888253 0.048536737616857 0.0482979300245128
-0.0145237100144367 -0.00212073584630756 0.0570744380336415 0.0350112177256229
-0.0128482842233492 -0.00570547908391845 0.0571913247463397 0.027607938267666
-0.0133361764650636 -0.0100371230462268 0.0654834008787717 0.0226686507113461
-0.00805488838857837 -0.0147985783617023 0.0804418653730225 0.021680007717512
0.00397265385939157 -0.0169449694180308 0.0881724799688022 0.022471043973295
0.0128029659914922 -0.0136606301059244 0.105589914149855 0.0213829377826546
0.0388045201946143 -0.00193092155572271 0.0640475306776004 0.0472401064354314
0.0256472754842674 -0.00447355829597895 0.0150120327413801 -0.00699567654539588
0.0151362557513319 -0.00998901536168564 -0.0457540399168402 -0.00981557273586202
0.0115809335549946 -0.0133242994485995 -0.0755641036306696 0.0177027789680436
0.00517839506333307 -0.0202573318039885 -0.0697514149442013 0.0647784399440255
-0.00559977999484672 -0.0227121203622985 -0.034899437876863 0.083017058956531
-0.0157979637977377 -0.0206606293342112 -0.000395227322872588 0.0774728716759827
-0.0175522868090627 -0.0192716659524679 0.0266528560785249 0.062919348855663
-0.0253130582674597 -0.018771231268882 0.0433263420999104 0.0433790214702464
-0.0243638821563285 -0.0292241454484952 0.0527384150604106 0.0289647906749251
-0.012246890473018 -0.0357281332017703 0.0555895307373722 0.0206895368949368
0.0007619006772771 -0.0425511460004513 0.0656611007351868 0.0162193392014065
0.0203479765168352 -0.0386574603456283 0.0787997542031547 0.0172701187187651
0.0417984728689605 -0.0232996558073054 0.0785311938765421 0.0162779580512059
0.055704068744396 -0.00996620399384936 0.0889249012528672 0.0137629148255964
0.0687032673657395 0.0114314040700908 0.0426543137968038 0.0439222937254532
0.0606951957717512 0.00458255840955871 0.000210451970124315 -0.0121577017443626
0.0496341783380074 -0.0169020058597476 -0.0535902263689863 -0.0109637829444131
0.0378305217225706 -0.0348524153519297 -0.0776681534545224 0.0186195807500355
0.0191449642714546 -0.0460983095111838 -0.0673597316913879 0.0592025901830954
-0.0019449162092961 -0.0484974053660528 -0.0348473539548252 0.0711212140733177
-0.0214912898075398 -0.0425521912469525 -0.00600865595379823 0.0648962426907584
-0.0247275670970638 -0.037765780644375 0.016289830999262 0.050800434767822
-0.0340938620799963 -0.0354528833514672 0.0317471705823671 0.0307730984512259
-0.0308686903817514 -0.0503354138976543 0.0429004645596379 0.0151427443997626
-0.0127292892083554 -0.0596287524568615 0.0508220961404632 0.00709676280571612
0.00992010292685746 -0.069738030291332 0.0641877975397364 0.0062417747426243
0.0415995950431583 -0.0592718254394825 0.0766869438633468 0.0151568840124649
0.0723109389333119 -0.0287933575471001 0.0640644569817193 0.0159645780092445
0.0895783120533724 -0.00535740529118272 0.0610252992170181 0.00764640562653179
0.0888242527060146 0.0202807885674621 0.0115133266245605 0.0327158399392513
0.0889849767582353 0.00943096035226162 -0.0202298265399394 -0.0215559630196252
0.079128386913055 -0.0258836185931879 -0.0635255761282391 -0.0141318403181043
0.0573915955810265 -0.0567891043384487 -0.0774446830969054 0.017202937176845
0.0266274347541329 -0.0681784416233957 -0.0616365552581025 0.046131745429142
-0.00100427032613736 -0.0676112617347569 -0.0342289642780232 0.0513461599164797
-0.0246096541419898 -0.0582082264770823 -0.0134937200871939 0.043779243118027
-0.0280531786964914 -0.0499201146078408 0.00343357173981787 0.0315782408290838
-0.036813185698627 -0.0473823555877829 0.0179421422825861 0.0134545902621919
-0.0310823181067546 -0.064853474425368 0.0304301359714071 -0.0020112263224958
-0.00883200316172274 -0.0750172024201009 0.0427035480819704 -0.0100046396480736
0.0196756462001486 -0.0856304398267942 0.060958898350416 -0.00512049594696642
0.058209650435804 -0.0694834208859934 0.0716587515706895 0.0128669985571158
0.0915577928349227 -0.0285411349400887 0.0478415916554032 0.0196488445892597
0.108951708656235 0.000186280946292509 0.0269807361981004 0.00146924914330054
0.0953324939590471 0.0240135350954073 -0.0257867216489049 0.0173908023900697
0.102904231535989 0.00931493391615727 -0.0462250976895535 -0.0287383166120576
0.093985285318099 -0.0349116211767027 -0.0717209047521904 -0.0164701826620992
0.0646019634725785 -0.0716928150512864 -0.0739724043259111 0.0121869493605325
0.0278142298722534 -0.0803308328002627 -0.0545007828376627 0.0277217895877344
-0.00258107987630432 -0.0761941127992198 -0.03520419718125 0.0261641579764464
-0.0256716846853972 -0.0641108654975324 -0.02240054148113 0.0186136304407282
-0.0269780686416597 -0.0544605022908364 -0.00914813117469698 0.00919761845019355
-0.0332436111962427 -0.053387644181281 0.00407898518038681 -0.00862713985966087
-0.0238147631711778 -0.0710526583555063 0.0182154340012075 -0.0224795238121574
0.00126924416846719 -0.0798608997546665 0.0354312140293105 -0.0280812702594343
0.0328237851842263 -0.0874527581444607 0.0565694343020626 -0.0152634690335363
0.0693631624537946 -0.0646722499790607 0.0644244143591046 0.0119827295814611
0.0995997051929702 -0.0180890388153517 0.0290775185009433 0.0226950322998274
0.11147632157472 0.0107048682009354 -0.00765508242203677 -0.00517196196916196
0.0858289993508431 0.0235906493467903 -0.0629969715131721 0.00289132174440058
0.0967413380031513 0.00772497507471163 -0.0719701698749944 -0.0310270631781809
0.0900427021190069 -0.0367794534024 -0.0774754006448165 -0.0175643752416477
0.0591292119499203 -0.0722343685459148 -0.0679227032951333 0.00461193209074043
0.0229573914132507 -0.0762457283420833 -0.0494684677510876 0.00574939133941665
-0.00324772734047908 -0.0711607687508031 -0.038440791056699 1.89807891259797E-06
-0.0225169844276368 -0.0591726541785023 -0.0316352880975403 -0.00685426687384988
-0.0217691535357027 -0.0507551892838249 -0.0204473892976937 -0.0145232354272405
-0.0236054778372983 -0.0524727322132952 -0.00622327169293664 -0.0318332005838821
-0.0101717385175503 -0.0674886212159586 0.0115813630145963 -0.0438277842284574
0.0150682585571391 -0.0723279922288011 0.0331891706115912 -0.0442985818890209
0.0450606858182093 -0.0731458915304276 0.055065008193308 -0.0223547765897186
0.0737256880444401 -0.0455361917472622 0.0555777713006737 0.0113110895918753
0.0932913786803373 -7.14713486825657E-05 0.0121731357193294 0.0214615017742562
0.0977633543845038 0.0221859124602547 -0.0370598197948182 -0.0154102522723636
0.0604155744438887 0.0200650369802091 -0.0930570461852337 -0.00956180648370976
0.0720887389335786 0.00803166166114949 -0.0917261784803438 -0.0276375607821586
0.0687076888418384 -0.0278342402189646 -0.0789638879769011 -0.0174277445521447
0.0432381988704042 -0.0550220989030765 -0.0630988135849392 -0.00400481742390502
0.0172313773964777 -0.0566785932215305 -0.0467637354801297 -0.0138600202251433
-0.00161799345404176 -0.0531094828756482 -0.0444760702968936 -0.0211450948166338
-0.0152467314100565 -0.0457665605176923 -0.0399893450840671 -0.0277964050220286
-0.0136542000830665 -0.0401716068590922 -0.0278232723528668 -0.0365013427194313
-0.0123608230043192 -0.0426540338355716 -0.0103983474348639 -0.0535645329503534
0.00216562371603141 -0.0535584495986625 0.0129260941308122 -0.0629921279285964
0.0233402798268963 -0.0542722669597308 0.0395198935990457 -0.0581386439985649
0.0480659937470729 -0.0484683040977722 0.0576803962303991 -0.0271042951947274
0.0653833728771448 -0.0212778983458011 0.0482382152373148 0.00852472266415765
0.074174990156386 0.0157323209533582 6.12046316002407E-05 0.0152546871406855
0.0698091298128471 0.0293609087118538 -0.05723743973601 -0.0278117444574049
0.0237999110955294 0.0165826101411733 -0.109856102314685 -0.0166420374678884
0.0353787782867912 0.0111665077859473 -0.0997923760713136 -0.0218935953496115
0.0365896731275556 -0.0107072501982255 -0.0790807462312359 -0.0178252866511524
0.0239430044372947 -0.0261303997070927 -0.0609716400925813 -0.0112521686217374
0.0120968666391842 -0.0259614787888651 -0.0488363521205378 -0.0249793212833942
0.00368516415471459 -0.0271285879001815 -0.0496022091080784 -0.0323619332501607
-0.0034875654835167 -0.0252405370233155 -0.0449837953993791 -0.0412921315868278
-0.00358507611753418 -0.022646804214605 -0.0300763636983757 -0.0510437385104106
-0.00171933479399795 -0.025444394005428 -0.00866968391627751 -0.069750765928151
0.00819098452121525 -0.0305493895893104 0.0200420113319138 -0.0776238166153936
0.021375512638379 -0.0298381410700435 0.0502689349480768 -0.0658219378954145
0.0362304947665195 -0.0221813009421155 0.0637609586899014 -0.0279854310663677
0.0451151564234767 -0.00159504686476416 0.0443508972708381 0.00527135915800592
0.0440890153212886 0.0228539778259566 -0.00450502831540782 0.00681080491865685
0.0335436431163274 0.0278388066995736 -0.0654993822352107 -0.0396577557179608
0.00529297028884904 -0.0140343669301932 0.0738126616257689 0.0395062188213049
-0.00984491907881354 -0.0141569046172147 0.0217592619914782 -0.0107826343502222
-0.0187069244912383 -0.00378889005868376 -0.0415348601918232 -0.0149410800755239
-0.0139370596491138 0.00563111215720534 -0.0730065913335375 0.0135342840722542
-0.00911818956774229 0.00596303130923563 -0.0678529065618087 0.0661001637410218
-0.0084722372498571 0.00452431390196612 -0.0313414187787641 0.085624099031747
-0.00885105617171125 0.00376840117633054 0.00483396203824922 0.078993225285635
-0.00848619514360185 0.00147168294660418 0.0322766557684302 0.0658229246335512
-0.0123684497406761 0.0016409501444855 0.0479158507340484 0.0477513945373513
-0.0148475807378546 -0.00281775435004827 0.0564882430562901 0.0350792239218732
-0.0121910601737007 -0.00591905189411325 0.056031197671396 0.0277589080654513
-0.0128853130007333 -0.0100718309883818 0.0645669806225938 0.0232573571282604
-0.00743471588999054 -0.0147383159102762 0.0782699450320584 0.0218963715338855
0.00437116801804538 -0.0167389112123813 0.0853543493253629 0.0233159059072217
0.0132268195072014 -0.0134584927200449 0.104571911155878 0.022110908442176
0.038650438553059 -0.00147830584212359 0.0633701671739214 0.0466783940467309
0.0256083504099519 -0.00484290259899628 0.0149860986037268 -0.00698149297662509
0.0147436374382068 -0.00977909764389177 -0.045164008380618 -0.0109115770769479
0.0114865496981596 -0.0131315255518752 -0.0750242913553412 0.0158339649980065
0.00534588721640665 -0.0202345412629691 -0.0693230494030366 0.0637535751995505
-0.00523589268809087 -0.0223065541914995 -0.0342945625085056 0.0818251029583891
-0.0161022984615662 -0.0208876047345711 -0.000208410566346643 0.0761447924256494
-0.0175724311754176 -0.0198366913451202 0.0258722901734635 0.0620367145520352
-0.0248309586315096 -0.0182595287522668 0.0432144354655515 0.0419722648860826
-0.0234673591456778 -0.0292505747244493 0.0518666403803749 0.0287303833675327
-0.0114969743613938 -0.0355285004262879 0.0551143868591159 0.021303154423341
0.00138359642699022 -0.0420456409445531 0.0642861721382546 0.0167812892379773
0.0207200670633714 -0.0376510330450555 0.0771425181403577 0.0176821237793254
0.041787000258942 -0.0224130089050765 0.076821530714575 0.0170761066634287
0.0549603385930101 -0.00868636610428448 0.0881267702023462 0.0148429640432228
0.0674472827341106 0.0119315089518326 0.0413925064283348 0.043345372590546
0.0601107284323296 0.00463924734355335 0.000796146136643244 -0.012710004642668
0.0485707136826485 -0.0160507217757929 -0.0530797170028297 -0.0122015861824154
0.0365770555507039 -0.033933167252665 -0.0766306799620353 0.0170119263989431
0.0188546507772483 -0.0453959770108104 -0.0666317574436292 0.0573447445104961
-0.0022567624203181 -0.0478989285025399 -0.0346401109142611 0.0702192315239922
-0.0208930456289867 -0.0420443191312171 -0.00644070305171963 0.0639680352430019
-0.0243451473999188 -0.0373772138215837 0.0162094571724863 0.0499477553187644
-0.0333084741758489 -0.035030972776309 0.0319369346168062 0.0303367357497218
-0.0300409001564608 -0.0504663997523249 0.0427905780681056 0.0154694758095238
-0.0119979875775729 -0.0588847896709872 0.0506780521108802 0.00706566685397871
0.0108037133604282 -0.0688179338856375 0.0623889667824826 0.00660110798145265
0.0418998710495727 -0.0577935632888891 0.075006708984578 0.0155231067441553
0.0721589654987153 -0.0278618484712532 0.062401943006702 0.0165704644437416
0.0882499309982755 -0.00450904127591846 0.0605814776419253 0.00791250110847525
0.0874005788132938 0.0211714762518964 0.0109754877933067 0.0318579608754962
0.0875641307394657 0.0101228930615627 -0.0190631135510088 -0.0218699796851016
0.0778411170506541 -0.0252892989200517 -0.0620737034965462 -0.0146218862093047
0.0565158512610591 -0.0551939008481833 -0.0763810807197278 0.0153356274487304
0.026178745367294 -0.0670489969461388 -0.0608952994196699 0.0450578000048201
-0.000927368457244418 -0.0667078920293756 -0.0345020958124025 0.0506281818588878
-0.0242471556592118 -0.0574790464045391 -0.0138304836106473 0.0435672197935137
-0.0273952385913582 -0.0495687611058927 0.00356544775650425 0.031293937238549
-0.0358808470691903 -0.047032664099409 0.0181985958831342 0.0123855675909983
-0.030878426879994 -0.0647433871941759 0.030190584930725 -0.00196514178635433
-0.00839174251007949 -0.0746428614752876 0.0428744328868281 -0.00965340916901879
0.0202503553737561 -0.084596715642406 0.059596948634 -0.00448574732066469
0.0569968611364242 -0.0678362076691628 0.0705065831188272 0.0134280374031867
0.0909192331116449 -0.0272349972245545 0.0464256755799245 0.0197322455789399
0.106647774809903 0.00175773303599084 0.0267637578245732 0.0020748239154052
0.09392566551657 0.024363191415323 -0.0254709337471326 0.016355581772697
0.101691052064203 0.0100126620558219 -0.0448156854607433 -0.0300660789622624
0.0922511541243827 -0.0337326334042178 -0.070486693646735 -0.017968690302746
0.0635360103185937 -0.0705305284794448 -0.0728598675679821 0.0106884893614827
0.0269061843420432 -0.0789428147270072 -0.0537848314285176 0.0266881149148237
-0.00245158300687025 -0.0749997927460568 -0.0347080738964339 0.0255723684924585
-0.0249875786551258 -0.0633762875818769 -0.0220324553117106 0.0181649017926813
-0.0262664512507506 -0.0543779644811481 -0.00926649646910365 0.0084571679500282
-0.0318973379095346 -0.0530819923373778 0.00439776685781519 -0.0084896734169678
-0.0230281282034542 -0.0702186993188047 0.018327029180688 -0.0225092586239126
0.00118971632394231 -0.0786485758625567 0.0360527042058546 -0.0274221112841109
0.0327949572196335 -0.0860043867570837 0.0555646458375653 -0.0139831944702686
0.068773323420709 -0.0631544940934684 0.0631760339071185 0.0120335647267917
0.0984468535275661 -0.016807859045028 0.0284453676129911 0.0223619867333835
0.109550722481378 0.0115187819651449 -0.00724323200073258 -0.00491639127811931
0.0843496132115432 0.0237149579434287 -0.0624811500076326 0.00159662214310689
0.0951226830366815 0.00861311345932368 -0.0706885926378868 -0.0321588083888694
0.088213875785325 -0.0354103326597352 -0.0756280597777259 -0.0188893934679279
0.0585675865331702 -0.0703610603005582 -0.0667783889799665 0.00334937927688845
0.0230311865735178 -0.0749437322652324 -0.0479208593783415 0.00482740642676291
-0.00329601288118244 -0.0703463750241167 -0.0386181161106872 -0.000447233835547906
-0.0220930125342592 -0.0587039834348882 -0.0317268095134717 -0.00682059823914342
-0.0207069520014936 -0.0506646494765745 -0.0199175270840814 -0.0149517072386551
-0.0228941304012439 -0.0515979892408122 -0.00561705943593957 -0.0317377606670477
-0.009731338424141 -0.0668680635996733 0.0120187554099535 -0.0430969120850306
0.0146323397372412 -0.0714752922893109 0.0342107077192905 -0.0441514283513924
0.0447896894529559 -0.0715522901941739 0.0543133030739586 -0.0215231033392895
0.0729051037808498 -0.04399397482641 0.0550337132092765 0.0110126133692993
0.092598244040135 0.000935189198182437 0.0117685156492663 0.0211610387059098
0.0947766464785287 0.0229338611546408 -0.036561541398601 -0.0153110886301044
0.0597607505858698 0.019890249170974 -0.092127368883585 -0.0101805399526815
0.0711015006944769 0.00838586704667724 -0.089581634691818 -0.0291862676297224
0.0673798409918241 -0.0271257915535067 -0.0775647995862627 -0.0188397811813642
0.0426697187952932 -0.0542272135293123 -0.0617170174522294 -0.00544975368072826
0.0165781898912832 -0.0559511528414037 -0.0463969982870806 -0.0137564493834294
-0.00176520068608746 -0.052522409503847 -0.0435286432678414 -0.021225021835814
-0.0147719927472517 -0.045196341413683 -0.0396158363166905 -0.027513543617757
-0.0126247124930083 -0.0392022312702492 -0.0273926560701274 -0.0358201201617608
-0.0117280026237446 -0.0418632421754273 -0.0101541440894614 -0.0530279089620338
0.00270915055685082 -0.0527826856296663 0.0128274729230874 -0.0625711364107246
0.0232655639532338 -0.0531541198213326 0.0398799226682527 -0.0569897104275834
0.0473940437648814 -0.0473531365154978 0.0571716400204356 -0.0265588109765412
0.0646493883092195 -0.0202006996241573 0.0477341914238394 0.00876792524088988
0.072578277440637 0.0159256772183064 9.91546154451704E-05 0.0151926960983196
0.0675367389698518 0.0292336977511235 -0.056034217424667 -0.0273168962526979
0.0237618230796947 0.01611705672461 -0.108914958747317 -0.017726729947704
0.034857475058023 0.0113075703318493 -0.0989869449401189 -0.0229744425439213
0.0360695219261626 -0.0100093441352118 -0.0771641250633831 -0.019421329425148
0.0232115926798901 -0.0256344010170772 -0.0599263779340324 -0.0120413267344158
0.0118450751769344 -0.0253771210464344 -0.048138744102369 -0.0253094794147292
0.00336351801336972 -0.026600793820472 -0.0489895544273683 -0.0321527492855163
-0.00352887638079909 -0.0248365290190224 -0.0444788247445389 -0.0405028481925467
-0.00286358040937333 -0.0220479154561314 -0.030125644662117 -0.0504670383535492
-0.00140037905029692 -0.0246842400118134 -0.00889225551806066 -0.0694605907496461
0.00851053482009237 -0.0301816645031574 0.020258476876079 -0.0765438153239113
0.0210080152186209 -0.029400384552022 0.0505714200129245 -0.0644777266250818
0.035719504537486 -0.0221271441736011 0.0632629087782405 -0.0266126840617405
0.0440735876967921 -0.000693346872357349 0.0440061473327578 0.00616886433314705
0.0428509197945245 0.0226789493810725 -0.00414007605161926 0.00673588431553284
0.0322407862014102 0.0272385018398504 -0.0645246160475451 -0.0393897160728132
-0.000864348889720905 -0.0164994736265791 0.0849299688241159 0.00550656802312855
-0.0153048828485649 -0.00926342659643958 0.0152158539091564 -0.018977220507505
-0.0183105185646155 0.0043208894576191 -0.045185553416299 0.00405038201719976
-0.00943220758194767 0.0115128233994809 -0.0626506349692677 0.0444751906882552
-0.00493253272581409 0.00902897070516098 -0.0334194500819784 0.0901735232762817
-0.00486611947559781 0.00721546587302781 0.0079955687779834 0.0928003110387863
-0.00641991489133577 0.00755898830189436 0.0382421762998881 0.0714993376148777
-0.00770545585743453 0.00458893043492297 0.0582692275627062 0.0453918548606188
-0.010833976020191 0.00653847435594032 0.065419075058785 0.0222553868995533
-0.0149351838633463 0.00360532769003768 0.0673489225101517 0.00743759628602868
-0.0140057712765672 -0.000658959851396954 0.063588042611279 0.0016472613294666
-0.0148343230902373 -0.00332149535334355 0.0694288101480557 -0.00691735999702258
-0.0125074250063597 -0.00984254722778196 0.0806616664024966 -0.0133681688887547
-0.00205217365307078 -0.0172640591322098 0.0889790426836324 -0.0131973670394554
0.0071052101828717 -0.0185372782187118 0.108036741500559 -0.0215420042180357
0.0354180924545742 -0.0171039591413997 0.0787247821981787 0.0150489651919483
0.0212739038938818 -0.0151368534371572 0.0103164649889072 -0.0141356468155425
0.00965518830651759 -0.0140660107344772 -0.047052540285055 0.00783481006004683
0.00593008738810161 -0.0159581425737634 -0.0624035865412877 0.0455833721602118
-0.00228810763453497 -0.0204892636939966 -0.0364432272764513 0.087573846844487
-0.0134677425255539 -0.0185737652482057 0.0027621299766492 0.0898716621484303
-0.0227342959277859 -0.0117653842679467 0.0315966515210278 0.0702708176361435
-0.0251435761025171 -0.0122575303394741 0.0514718297940055 0.0450784658292375
-0.0304356990180646 -0.00664597233617703 0.0583318759050139 0.0189443626805651
-0.0342776657743738 -0.0178439475132493 0.0612038275166309 0.00254770362413219
-0.0256436860298465 -0.0293715218874924 0.0614919206346747 -0.00489004615635666
-0.0156152964789303 -0.0389841189743214 0.0691601621703584 -0.0127941593392234
0.00419368506836742 -0.0432173421500178 0.0793283806698588 -0.0157190971321766
0.0311569098075088 -0.0386860266544899 0.0785558279959164 -0.0135192408951129
0.0487487029687318 -0.0331593099792796 0.0882514873642663 -0.0193587045457603
0.0670345792241638 -0.0164267328965678 0.0582670988238674 0.0200530203571215
0.0569262891661966 -0.0193201645400238 -0.00403968372882181 -0.0138102404384516
0.0388097263760616 -0.033802442628078 -0.0539328142661715 0.00853422160061319
0.0203898320363042 -0.0447801018795173 -0.0641132882659686 0.0457788481514686
-0.000579485037348145 -0.0485929679844441 -0.0374948483558348 0.0801265937037014
-0.020931826040003 -0.0432273014434633 -0.00299801418515228 0.078598982382354
-0.0367154029910355 -0.0298382919532212 0.020235081774724 0.0608391509922869
-0.0385951204028657 -0.0259622715417625 0.0362738490531365 0.0376952189216205
-0.0459548766629111 -0.0188369795930905 0.0432760852928703 0.0127021895216834
-0.0494593949480524 -0.034456372500795 0.0469794106407116 -0.00633266536619274
-0.0358941667591771 -0.0510417713516016 0.0527213642196461 -0.0160098694341861
-0.0186327831721849 -0.0677477705847517 0.0653892448167851 -0.0212785017198918
0.0158177713017578 -0.0712131657819946 0.0773529767626647 -0.0167528851944775
0.056769579522424 -0.0560023592783958 0.0661551152763986 -0.00680487151508014
0.0816303828214041 -0.0439568547009008 0.0589423986010617 -0.0122530435878311
0.0894908967063432 -0.0154584584055071 0.0258312998452065 0.0216647357957851
0.0848183148022855 -0.0251536327933365 -0.0267285623026479 -0.0145487950002305
0.0617482251031168 -0.0530370134743552 -0.0641339145776716 0.00769815658117672
0.0296888890071976 -0.0717819349705541 -0.0642360722067246 0.0429735680785319
-0.0025133460636167 -0.071651005711936 -0.0377109210322248 0.0656694172888494
-0.0280778995541296 -0.0607590434417586 -0.0114223917703324 0.0599031278031197
-0.0460397709146208 -0.0425230970934137 0.00442898319359566 0.0445459751353455
-0.045947155762081 -0.0357388511975916 0.0168747981017369 0.0258556713655153
-0.0531166279850255 -0.0286856838724256 0.0231496640552956 0.00236216598406827
-0.0558647390633166 -0.0478736364563582 0.0278440205855098 -0.0168271735914269
-0.0392740187294483 -0.0672037485240073 0.0393476326386203 -0.0278308576167667
-0.0169830873323973 -0.0869569604821415 0.0591050203948179 -0.0300568059108231
0.0262705991317473 -0.0870820204486089 0.0730177956432748 -0.0168331449446225
0.0742884173336834 -0.0638685661664187 0.0520511253856358 0.00371949623143295
0.101901343408448 -0.0465380099895485 0.0247702667638075 -0.00271894813600279
0.0972168893855287 -0.0139958584722608 -0.0143617024650157 0.0225133346619281
0.096941610341502 -0.0301121171031445 -0.0528214239977494 -0.0115709147228565
0.0715926182105093 -0.0666953009331674 -0.0726014181626588 0.00749893101761398
0.0299006754213654 -0.088269956824098 -0.063206131848199 0.0361324224289934
-0.00647908283322944 -0.0828596400858079 -0.0398397187171572 0.0452297479560482
-0.0334226544968818 -0.0679650950524579 -0.0232597205242066 0.0374343931395597
-0.0493576185375855 -0.0478855104494152 -0.0146805853729651 0.0249130826222434
-0.0465256981091678 -0.0404657219496022 -0.0045736233123006 0.0109598065676592
-0.0517917690506469 -0.0362083795147262 0.00109259311280107 -0.0114018197172461
-0.0511663180763717 -0.0564056925343181 0.00851814284931738 -0.0304864675369156
-0.0316340202601997 -0.0755851428321513 0.025280671574626 -0.041474886762127
-0.00607658240188015 -0.0937083181427285 0.0518007374222632 -0.0373981908809822
0.0390385264485732 -0.087290541021921 0.0656271334967893 -0.0140145953151599
0.0855457154639845 -0.0572118070183172 0.0366053332400188 0.0137952911796901
0.108082694915505 -0.0379490124486409 -0.0106450787683468 0.00505871867425681
0.0881744521338253 -0.0104928714331647 -0.0550726349548202 0.0237294131390991
0.0912458143858149 -0.0291511803743144 -0.0778586897191867 -0.00262319221007634
0.0673494887972187 -0.0664235145973005 -0.0781232177087191 0.00929529055174439
0.0247056495525647 -0.0861384662747949 -0.0612649938349441 0.0266087420652367
-0.00921786761810868 -0.0774603495138272 -0.044308661101082 0.0233535543658338
-0.0323516095547693 -0.0629388816371008 -0.0374456826089523 0.0152179519052474
-0.0446426579528146 -0.0445506729390927 -0.034254973046411 0.00578259850086693
-0.0401733497061001 -0.0393769933047384 -0.0249486635872314 -0.0055103502985764
-0.0426600831859489 -0.0388890422814068 -0.0179751540323192 -0.0278014043733665
-0.037760568752033 -0.0582579234664611 -0.00652317722616409 -0.0468135289770686
-0.0163676161034798 -0.0737082512721999 0.0166047438575419 -0.0554807753207142
0.0109877729943015 -0.08523058373267 0.0470100380471171 -0.0424499813681074
0.050689703308274 -0.071336337759472 0.0569639677065966 -0.0108717380080645
0.0866099962725635 -0.0383964217544597 0.019805395960688 0.0194314866086399
0.0993771700364185 -0.021394034134934 -0.0430134268880949 0.00647047455215669
0.0638662748353823 -0.0035858844702392 -0.0883525137216276 0.0266466476293845
0.068685032726119 -0.0194889076637371 -0.0947946065217011 0.00918615367719448
0.0511661624528522 -0.0503434383674717 -0.0794773796536762 0.0112557682491064
0.017210619503068 -0.06515240177877 -0.0594557396535512 0.0174172474759414
-0.0072717751923886 -0.0568356523629263 -0.0504236947777949 0.00586418687712139
-0.0235248602208667 -0.0475411447027902 -0.0507295256598457 -0.00114981684382565
-0.0320234163494639 -0.0349898757696802 -0.0501373119101266 -0.00954339499108439
-0.0276859819820301 -0.0318604738068071 -0.0405468645115388 -0.0210336618365941
-0.0281211715257833 -0.0340018752650963 -0.0321510946885243 -0.0450508999598797
-0.0202489742377384 -0.0505885124969645 -0.0142934100403861 -0.063808575716462
-0.00121628875770022 -0.0604640353011622 0.0148359205625898 -0.0695292861023615
0.0240436931176795 -0.0641988701953 0.0463514771107646 -0.0463478002782249
0.0528715994961118 -0.0456692122669296 0.049079364640248 -0.0100180174010821
0.0746104767636291 -0.0155399742426302 0.00544646195822228 0.017496093576642
0.0762739599093838 -0.00278598338802365 -0.0663416890032299 0.00162887242732052
0.0287459427162205 0.00708982797522864 -0.108077019362532 0.0276089869709211
0.0374664384935384 -0.00219740896921552 -0.100523078941019 0.0194444065351719
0.029065138961504 -0.0225095340274308 -0.0784355136826066 0.0126704284947402
0.0112637523371059 -0.0309979596560347 -0.0600959196101097 0.0121030837014528
0.000400833171766578 -0.0272981082989331 -0.056319543999027 -0.0031894013426474
-0.00798812753887299 -0.0252733324147932 -0.06018221435076 -0.00872747528406323
-0.0134516973567861 -0.0213824414830001 -0.0591508631751384 -0.0187694925468383
-0.0115345578996424 -0.0194873042085118 -0.0496094809363504 -0.0333127113058948
-0.0113832148267455 -0.0231572905783482 -0.0383421709552707 -0.0605811961234123
-0.00506570139402176 -0.0318807195112434 -0.0139867995398271 -0.0793096285180309
0.00698262057934252 -0.0366528181014872 0.0209063334585777 -0.0805004382389857
0.0243809680384393 -0.0359683481448073 0.0497415899144209 -0.0498596497259983
0.0417451091514904 -0.0191118514764398 0.0430339081112126 -0.0111789120725724
0.0495797955379019 0.00323912026835999 -0.00219398551703738 0.00986889834705009
0.0418539170980805 0.0113244146190715 -0.0781555662682677 -0.00762209404930842
-0.000941039295096539 -0.0164943343782245 0.0875797962942507 0.00323966843687788
-0.0155103780605518 -0.00966987923710062 0.015538576443879 -0.0201202808945432
-0.0184960046541254 0.0049564333893125 -0.0468218151682258 0.00571517515097328
-0.00934636830257613 0.0123909175764318 -0.0643555700593004 0.0474441581741742
-0.00508304277858333 0.00945816276137606 -0.0324574911754547 0.0939936811244073
-0.00491050004866966 0.00756958508829592 0.0106560905992108 0.0960190488758478
-0.00671112957480668 0.00796455350080767 0.0411588237086211 0.0725289829918254
-0.0082780975403868 0.00481814524796722 0.0613887932522573 0.0452987541134806
-0.0111215016731544 0.00723201694280719 0.0682657340346795 0.0204224091266382
-0.0152154963456758 0.00343253082104778 0.0699886500967113 0.00651784492241047
-0.0139742055439129 -0.000339448494272827 0.0662687773915694 0.000218839959389642
-0.0147674705756233 -0.00323977335881438 0.0711835113367837 -0.00818791498014169
-0.0128577203414899 -0.00987291801051685 0.0820255515149456 -0.0147971790715007
-0.00218703508469928 -0.0180506300410068 0.0914631668556941 -0.0142491973308122
0.00731403497064956 -0.0185541962647108 0.111115061400464 -0.0241186923187079
0.0364046492430799 -0.0188384027200616 0.0819298095581301 0.013844411926902
0.0217240356636723 -0.0158658011494426 0.0107321193787591 -0.0151166494666208
0.00933559022484984 -0.0153124663521613 -0.0485250577090536 0.00838957372240252
0.00583451188498014 -0.0164356983008059 -0.0641901227515672 0.0484945129816176
-0.00302616283448128 -0.0211297618578163 -0.0352890799765036 0.091336605529297
-0.014255060548354 -0.0191281220829763 0.00537555836641739 0.0925647891622931
-0.0238247512531124 -0.0119052043018018 0.0339879515648376 0.0718212405142726
-0.0264009622374281 -0.0115672136087583 0.0542813399115232 0.044689548905871
-0.0320709348453405 -0.00644209055540723 0.0609298772461765 0.0178973697894794
-0.035976915605469 -0.0173354625246271 0.063147186054691 0.00128611637169593
-0.0265702752829103 -0.0296246021813562 0.0639222195677499 -0.00651547015411156
-0.0165990995776584 -0.0402827974640102 0.0707400139510827 -0.0143371864339597
0.00377545032090396 -0.0445118226877504 0.0808347998279974 -0.0177559399828897
0.0311930195863541 -0.0406880863054271 0.0808156546310458 -0.0148467961149457
0.0496531044846678 -0.0344269224881324 0.09114772654611 -0.0217321296614355
0.0695934527631323 -0.0183211750773676 0.0605130951574279 0.0185600139447971
0.0582461074366104 -0.0213837181738638 -0.00437641122376808 -0.0146602592449326
0.0389901398336713 -0.0356139525759364 -0.0558818051262772 0.00947242214829172
0.0204043396533799 -0.0465834899129622 -0.0655089638302239 0.0473967951331775
-0.00193038092446141 -0.0501180445838288 -0.0363014724838847 0.0830761255605984
-0.0228813404883344 -0.0439959785889647 -0.00118855348037534 0.0811315037357267
-0.0386570088216206 -0.0300812065467953 0.0228083497663933 0.0624383394179677
-0.0408611152513848 -0.0257916275166319 0.0386034813560396 0.0376963944095091
-0.0476425403886622 -0.0182551348029663 0.0452449467033117 0.0110313437412845
-0.0524781263552963 -0.0341426442104391 0.0483382570219492 -0.00742949945853874
-0.0382049983816102 -0.0522582266111792 0.0545835555723865 -0.0178523624920374
-0.0210568101655261 -0.0697179090483736 0.0670583078517847 -0.0233584678057872
0.0148810909616265 -0.073423482178245 0.0786507908619161 -0.0190459375965257
0.0577371503480312 -0.059371857810305 0.0680206744847049 -0.00774048093491546
0.0829009091091056 -0.0464604402262283 0.0614494068103804 -0.0135360241607955
0.0921528030285385 -0.0172901536967427 0.0270105559048158 0.0209860124897257
0.0862990775499114 -0.0279070187063955 -0.0276750808453034 -0.0152327540793729
0.0620635264806167 -0.0557074741474477 -0.0659674483318894 0.00851971861281052
0.0285006216136538 -0.0743200703459573 -0.0656252265137849 0.0448772917478322
-0.00427616498873283 -0.0739376597246758 -0.0370036243399753 0.0681811109369422
-0.0306433710821618 -0.0618635602362695 -0.010466911344051 0.0622291382954411
-0.0485960885646163 -0.0425569637499551 0.0058542965693107 0.0460539465457738
-0.0488064603978569 -0.0366633436394818 0.0179585081694868 0.0261273113096419
-0.055369578543195 -0.0286856341475539 0.0238131511936668 0.000890805123841133
-0.0591080446012163 -0.0475860968765617 0.0291473374553983 -0.0184533498788177
-0.0417878003396788 -0.0683869013219307 0.0404639782383917 -0.0308379725231425
-0.0197646759730944 -0.0895663686041686 0.0602694567462634 -0.0323537166958932
0.0253832863140662 -0.0904279152260842 0.0742815696296973 -0.0187332586965837
0.0760813905742102 -0.0678787819669686 0.0536372966541856 0.00273058079116859
0.103718988899457 -0.0497457163433036 0.0256877219969299 -0.00328887272655865
0.100212814206061 -0.0167355220958223 -0.0143977524522062 0.0224842488608518
0.0997427985396933 -0.0332911352026988 -0.0549881070260213 -0.0114489019686627
0.0718389780249562 -0.0704394182932256 -0.0751712363205274 0.00882764928862672
0.0284471349587162 -0.0912967217549272 -0.0642226442915406 0.0372841848229856
-0.00934752891354385 -0.0853431298431154 -0.039818220242857 0.0476549758789621
-0.0363733645721852 -0.0692504292470108 -0.0230576430181838 0.0390026079602118
-0.0524705687228765 -0.0478161647632171 -0.0142971097384516 0.0263342480312061
-0.0495327383174788 -0.0407492694249484 -0.00438381749129952 0.0112028620382652
-0.0541310350210073 -0.0360944340915718 0.000762084098725765 -0.0119108434060814
-0.0545830483800792 -0.0571993492467944 0.00852390663799737 -0.0317460519425465
-0.0349512221378254 -0.0772885226151128 0.0257681404422731 -0.0437053000976599
-0.00930557591102806 -0.0967417454314564 0.0526137755101294 -0.0391702715290798
0.0382355003175453 -0.0904124645431614 0.0680298543371187 -0.0164324942544538
0.0872533448558145 -0.0608337429700669 0.0374371038313103 0.0135434427981071
0.110536563695432 -0.0409554361856487 -0.0106520723218793 0.00558841271820687
0.0907169919509885 -0.0132565706503394 -0.0567224401447691 0.0259234128885554
0.0934717230752508 -0.0320496767856321 -0.080265345970366 -0.0014853783017977
0.0673328972138994 -0.069949293194129 -0.0803542257373728 0.0101853511473995
0.0229409796414123 -0.0892619669852639 -0.0627606959778878 0.0273498679069361
-0.0116194781617165 -0.079260944542913 -0.0452744670534413 0.0245389012845334
-0.034708171521158 -0.0641794675927138 -0.0387293358325183 0.0162578147130823
-0.0474702541680923 -0.0452055994137975 -0.0349094976216697 0.00684209952687009
-0.0425447116332589 -0.0398924102137405 -0.025685389197721 -0.00565706924339261
-0.0449832232905973 -0.0386863160641824 -0.0196813888264982 -0.028818275926538
-0.0404454962838403 -0.0591989541763325 -0.00749764222584864 -0.0481639773594545
-0.0190250231583479 -0.0758971272093128 0.0161158939339195 -0.0582248202716881
0.00875813086495311 -0.0880258101263233 0.0471004630245663 -0.0445116010145272
0.0503593618549921 -0.0746394476642751 0.0584328932070446 -0.0129405109524355
0.0893091184749962 -0.04137958732318 0.0206675016422262 0.0194434960241558
0.101497073000274 -0.0233711537620715 -0.0437849478144004 0.00804357290568092
0.0655941329350462 -0.00569927142655307 -0.0911450648525584 0.0295220219796644
0.0709632292964624 -0.0215655157683642 -0.0973817619786377 0.0106588464449435
0.0509027792787354 -0.0529229236883553 -0.081627661414575 0.0121517171124321
0.0154602898898342 -0.0671505351610135 -0.0614664919264407 0.0183952506833473
-0.00898346605298032 -0.0584744071426431 -0.0522845625495205 0.00635089726845368
-0.0259080827012234 -0.0476418858777266 -0.0531900975755069 -0.000473875703321481
-0.0345143526351313 -0.0352972112219185 -0.0520608334781796 -0.00825340048006723
-0.029145124645126 -0.0327245276750286 -0.0424253108120667 -0.0207512083303602
-0.0297425352488879 -0.0347690889467348 -0.0345133093493121 -0.0463272968610038
-0.0225189164931783 -0.0518970617208328 -0.0161531633656794 -0.0660616852943356
-0.00263713379320497 -0.0619048093507338 0.0146322936261749 -0.0725771077943118
0.0228020422267361 -0.0666904276963374 0.046808452363056 -0.0490428223178524
0.0532413374519517 -0.0478142019902954 0.0504157652209689 -0.0115598704148322
0.0768630009081784 -0.0173328639983997 0.00605843772152562 0.0176062094041724
0.0782427544022556 -0.00429835039418269 -0.0682772100821866 0.0039288839176248
0.0296584925466738 0.00621186312264603 -0.111734089258616 0.0307861852548533
0.0381628053664766 -0.00317011535179926 -0.104182730171 0.0216920947848787
0.0294101591514313 -0.0233504263682457 -0.0809364586517213 0.0137039010160206
0.00992463306027268 -0.0321292137139452 -0.0621574150478143 0.0131057986861729
-0.000616548298086997 -0.0282767639720448 -0.0581249241524864 -0.00224910599769753
-0.00899528576663206 -0.025662860548114 -0.0624372284345397 -0.0081572972943679
-0.0146561412918526 -0.0215649219457395 -0.0626631391524203 -0.0176587919779033
-0.0117074162345201 -0.0199139601763889 -0.0522485427991839 -0.0330669742488917
-0.0122108618185526 -0.0229824655610613 -0.0410770206149252 -0.0614305669517862
-0.00615798340805808 -0.0326829793173741 -0.0156752565621583 -0.0817277430947933
0.00609409813951457 -0.0375711490174468 0.0195475056685932 -0.0837212406372911
0.0241278163955703 -0.0377299053490886 0.0501382424147545 -0.0524815189914155
0.0430078995534671 -0.0204449463226875 0.0445589925866267 -0.0125582560925058
0.0509022406939415 0.00221476355185357 -0.00188350570401836 0.0102160289296337
0.042662429281592 0.0107608413508976 -0.0809798108785239 -0.0056548552255912
-0.00161250978626089 -0.01666949400042 0.0895689268049599 -0.00147805495339216
-0.0165731633672422 -0.00882381677855306 0.0148136328020714 -0.0217510407488875
-0.0185820959759919 0.00548862288362525 -0.047745449933355 0.00801389655841878
-0.00866529655815046 0.0128194088926087 -0.0634904614634883 0.0509509147146633
-0.00480688099842413 0.0102735319486177 -0.028092935245761 0.0972431270610789
-0.00470823411297456 0.00786965535911366 0.0158807781219823 0.0968540830304967
-0.00626828742341992 0.00845494232868475 0.0454864579475701 0.0718611145886794
-0.00824021721994081 0.00527901570684007 0.0653482249146687 0.0423908651935934
-0.0111949131113681 0.00801398615861217 0.071021594454695 0.0168569900110547
-0.0157764781345599 0.00478755820952162 0.072147367211054 0.00303028263460043
-0.013699334844797 -0.000636096968057839 0.0677879679778924 -0.00242485570299872
-0.0152823154344558 -0.00220739028856569 0.0720992614839436 -0.0120993460552674
-0.0134741532720526 -0.00930468801539752 0.0827289893963327 -0.0188785022931184
-0.00296137628615935 -0.0185405715526876 0.0919405776185426 -0.0183201521306387
0.00673932482177848 -0.0191153760589378 0.112711021051331 -0.0307123162319355
0.0360851779541087 -0.0208009469448915 0.0839618563305166 0.00881309621408036
0.0211274843344028 -0.01742104168298 0.00957029176736012 -0.0159963384434599
0.00874269870970016 -0.0158156178109967 -0.0497117782292037 0.0108810951146422
0.00497369395798562 -0.0168295274034725 -0.0640709306624966 0.0520803629947959
-0.00471909077949364 -0.0211567985610705 -0.0312433671613366 0.0939685055342605
-0.0158765544879062 -0.0186276021430641 0.0105669820589199 0.0943211180451173
-0.0253660828156419 -0.0106044834723453 0.0388279125679116 0.0709110812638312
-0.0280021266951773 -0.0104509609783936 0.0579214221998338 0.0421403966073012
-0.0333366585453436 -0.0048986058434413 0.0633778156287364 0.013818633374936
-0.0386577560013022 -0.015812628188541 0.0651985851753568 -0.00233516406168911
-0.028619421005492 -0.0292163841648331 0.0649029715574051 -0.0097254492411797
-0.0186453630427779 -0.0404025196462563 0.0712941880222253 -0.0180143225271074
0.00155036435241572 -0.0450879552660939 0.0806654969628825 -0.022238565809948
0.0298737841672442 -0.0432229845415008 0.0812464893373782 -0.0183042239480216
0.0487309359725997 -0.0370278558328667 0.0928449553775199 -0.0268670831338065
0.0701521233188204 -0.0222999123289117 0.0628594624432284 0.0150057616950938
0.0581734233486413 -0.0247860041809597 -0.00531459287836494 -0.015359514323774
0.0371051755699716 -0.0381630277947137 -0.0566953060347535 0.011476856131376
0.0180737119681857 -0.0480445510068867 -0.0648728638063874 0.051847482539469
-0.00535685763627846 -0.0504995987792131 -0.0322743459715352 0.0864913989814158
-0.0258376455163825 -0.0435988228781726 0.00320510770231797 0.0823562334461566
-0.041073626933337 -0.0283226256487306 0.0268272674808157 0.0616863964130688
-0.0433793436468128 -0.0243819210359302 0.0415006951157666 0.0361787051968666
-0.0495216453197054 -0.0162312427164075 0.0468693090150741 0.00779189298944857
-0.055440155685293 -0.0322693248773321 0.0497683196850508 -0.0102215202684764
-0.0423066980229604 -0.0508918367456325 0.0550725811932032 -0.0213235296619172
-0.0254285419370712 -0.0700987807472377 0.0673441295234601 -0.0269345320487317
0.011597477516485 -0.0750768845355638 0.0783412387645793 -0.0233400031040029
0.0560248002355353 -0.0634770948929201 0.0683910390452483 -0.0107609035007688
0.0821357052018219 -0.0510614266525459 0.0625883689659343 -0.0168505758408257
0.0927873768967902 -0.022983592900799 0.0283328093956546 0.0192038297582067
0.0865231086035761 -0.032688069412116 -0.0288349683151761 -0.0146926080377463
0.0593480838374948 -0.059934332837896 -0.0668630378383996 0.0109267080823361
0.0250709289913309 -0.0767179648523695 -0.064939211302814 0.0481068377966133
-0.00920630526854003 -0.0743668677567326 -0.0337732798666927 0.0710722587239971
-0.0350754054097089 -0.0616429124487789 -0.00731061302363644 0.0634096268293169
-0.0518715872995893 -0.0406597688695341 0.00832010228516589 0.045888599049162
-0.0520138455111443 -0.0342789381568893 0.0199934743856682 0.0254660504344247
-0.0576973654103584 -0.0260945901520406 0.0241536411270989 -0.00107089379024205
-0.063307839010183 -0.0455862600454414 0.028802108528107 -0.0207390672197426
-0.0459961565796451 -0.0678026683295297 0.0397363653738376 -0.0340899729063661
-0.0251330686666101 -0.0902985328246582 0.0600602728034286 -0.035628786766238
0.0207666865169044 -0.0931297284025373 0.0742948223811345 -0.0230582644287897
0.0741755544614527 -0.0727325097940046 0.0548515205509572 0.000522361997923254
0.102492630893029 -0.0555947093828349 0.0264690285333444 -0.00425109154640722
0.100494805002197 -0.0224597661807704 -0.0139927801403705 0.0233337648538353
0.10005036849438 -0.0390580633911266 -0.0562695835068829 -0.00992760899393629
0.068767881740054 -0.0745240372986504 -0.0764213666344633 0.0117204622316854
0.0237303144216219 -0.0939940592044042 -0.0643590012049337 0.040181345106035
-0.0142072983616276 -0.0857514175745597 -0.0376858573549406 0.0501348879099365
-0.0406980333363923 -0.0683689862721598 -0.021608320061418 0.0407497157785984
-0.0559231856196197 -0.0457972976522144 -0.0131134130305901 0.0269668769809272
-0.0531995371385511 -0.0391108639129864 -0.00405728502163192 0.011557170239176
-0.0572812617556162 -0.0335606943645885 0.000209723022539119 -0.0131331017387143
-0.0590256796773029 -0.0547583999342464 0.00732649102524433 -0.0330333285917159
-0.0398313271532607 -0.0766096686547884 0.0246996076312424 -0.0469087723314728
-0.014750195055831 -0.0978416663611754 0.0514230959866378 -0.0422292580077061
0.0339569199283473 -0.094118124201164 0.0675666939194223 -0.0204882967561099
0.0863180440198201 -0.0664139154899861 0.0392410600260569 0.0117177091360983
0.10953201359988 -0.0466813004753226 -0.0100023125935674 0.00675156143026454
0.0911049359169616 -0.0186898893127089 -0.0568550613395033 0.0285321912043622
0.0934651841693407 -0.0374015186033659 -0.0821699695461654 0.00201368703094079
0.064177196623798 -0.074319417465247 -0.0817810456821192 0.0135536988361719
0.0186903525648327 -0.0910850292970177 -0.0626450031941211 0.0306092148346718
-0.0163299108653863 -0.0803396321189512 -0.0446198003120141 0.0270622378943135
-0.0392149603705517 -0.0632732841886768 -0.0387245084176625 0.0182579897195453
-0.0505050784723092 -0.0432518815169504 -0.0351682783364577 0.00917803521693618
-0.0455968424044502 -0.0386046737767124 -0.0264738350812136 -0.00420612876370691
-0.0474857935714345 -0.0369322716717344 -0.0216261723070942 -0.0285560800160122
-0.0445348257131034 -0.0586188905856009 -0.010052355562866 -0.0485805835603239
-0.0236423112643055 -0.076118562845316 0.014021250205348 -0.0609940728219113
0.00422370291732306 -0.0907192073757966 0.0460716494793532 -0.0475951664707766
0.0475835463499057 -0.078381177729251 0.0592205592841243 -0.0168446262463297
0.0885122650356797 -0.0462781617675391 0.0222204585824064 0.0185367501673703
0.101933561757452 -0.0284801741294488 -0.0431230371577647 0.0108720755569372
0.0660461464691969 -0.00941034578906992 -0.0917815572166617 0.0340896814122569
0.0709437668985573 -0.0255762248065456 -0.0985799977743651 0.0152619583275874
0.0486208332101295 -0.0567473751691567 -0.0831346900423003 0.0155748621529932
0.0122625984352089 -0.0690529214656669 -0.0610068661964049 0.0212357143463471
-0.0128417043971298 -0.0591820526994534 -0.0529400121213398 0.00867835527481583
-0.0295107558841356 -0.04695429777892 -0.0545766962977382 0.00162986780126095
-0.0370799783438697 -0.0341054539424915 -0.0534882941601938 -0.00520760550156359
-0.0313984070039905 -0.0318305979700122 -0.0447701496890259 -0.018779332030484
-0.031967223556958 -0.0335287939301404 -0.0369598060268433 -0.0454160353610205
-0.0258967525422802 -0.0516526293957002 -0.0200570129087235 -0.0661941723802735
-0.00621888303814096 -0.0624048618835995 0.0112530827386658 -0.0750643790721555
0.0188358672589627 -0.0690295160950969 0.0454295023391837 -0.0523087821948372
0.0519408984289304 -0.0515386594799131 0.0508541637090787 -0.0147995732684566
0.0771795854093532 -0.0213823430043708 0.00752175126822112 0.017206320819652
0.0786528210696285 -0.00810082569492178 -0.0693166084762533 0.0078312293755756
0.0300709149152094 0.00481041538460841 -0.113298814957994 0.0371578306622462
0.0384372969787593 -0.00515010124371993 -0.104686475815381 0.0269411528730401
0.0279198937111713 -0.0251052159312726 -0.0817840405926458 0.017082889203872
0.00806613711952074 -0.0331828746190492 -0.0622547050899901 0.0159197855304576
-0.00213107266911352 -0.0286190373473252 -0.0599787571784073 0.000109177636226288
-0.0108679601768911 -0.0257177415320889 -0.0649983860041145 -0.00506643309688109
-0.0155136059243109 -0.0206260615733823 -0.0650800073207277 -0.0141139814883108
-0.0127463444434675 -0.0198193443400078 -0.0549548513912398 -0.0307638443327975
-0.0131453813529232 -0.0227940281432586 -0.0447081337389958 -0.0602048764740668
-0.00817370663429277 -0.0331283150695012 -0.0207410755830799 -0.0820113182004524
0.00431095190412286 -0.0382988978749619 0.0159892823133723 -0.0872000981015184
0.0224903300023708 -0.0394015879452253 0.0484256556497169 -0.0559501867381287
0.042643135112727 -0.0231114431171593 0.0456167662230646 -0.0151134560582172
0.0513144365502586 6.18767345038578E-05 -0.00146133565066457 0.0105149056759854
0.0438111669529666 0.00917832444489095 -0.0830115284314876 -0.00103115926706403
-0.00253313588681265 -0.0157865443217418 0.0879691237818991 -0.00732989470622593
-0.0169555704045732 -0.00766565158121653 0.0127768305712953 -0.0222509144515099
-0.0180698443438662 0.00649500647516725 -0.0473210818669326 0.0102608234222222
-0.00735443972123689 0.0131271477416445 -0.0604321025822424 0.0545322007867393
-0.00423995607667969 0.010235026227181 -0.022090779016213 0.0967005770761036
-0.00440049527976006 0.00813137453727915 0.0220960278275654 0.0947523929820507
-0.00518865484082186 0.00897864375709102 0.0494797608637486 0.0679313316767779
-0.00807167559923469 0.00581559084563568 0.0669874318246422 0.0376958679691548
-0.0109034632901081 0.00871626464026288 0.0710603548503463 0.0116308930976533
-0.0154637846819176 0.00510274589578152 0.0715800712710341 -0.00133389286335658
-0.0133745089772321 0.000289580597983959 0.0670668233765433 -0.00592904862760785
-0.0148064210354326 -0.00143200093626401 0.0707310240585177 -0.015586939830414
-0.0134835492396828 -0.00787293031128701 0.0796400487089495 -0.0223844870291244
-0.00366338943171647 -0.0185629359410554 0.089748029540066 -0.0219828118331074
0.00560346340981545 -0.0185392616883004 0.110584688876626 -0.0369460283717584
0.034286084158351 -0.022611453838358 0.0831324133411909 0.00312332525567891
0.0197968700313446 -0.0183997670034257 0.00849190540038805 -0.0167484249721696
0.00715577087573956 -0.0166399414130321 -0.0485558370340971 0.0135513325129255
0.00399409578357905 -0.0167159457876842 -0.0604135233753211 0.0546500691893007
-0.00602400980035776 -0.0202134455403303 -0.0249358706704193 0.0944610391161384
-0.0169265443594576 -0.0174600417749606 0.0157505637264958 0.0922406493642006
-0.025300359048241 -0.0088679401154345 0.042855869525194 0.0680485380083119
-0.0285446476860994 -0.00864280859580878 0.0595149646716923 0.0374540239561634
-0.0332677253604983 -0.00267551874296596 0.0632774650557785 0.00966235673227326
-0.0392155657791909 -0.0134085390461446 0.0645698697547457 -0.00604469371960689
-0.0303212638502474 -0.0270990668478433 0.0641651994257114 -0.0132331803846982
-0.0215205551788309 -0.0385694215882668 0.0695707515680822 -0.0214718069173844
-0.000690248308206693 -0.044641984339428 0.0776767703797968 -0.0258466080498345
0.0272259967261381 -0.0446821763671178 0.0791156028546291 -0.0221744015268891
0.0459559506310251 -0.0394116488185143 0.0904923691913573 -0.0319606176408056
0.0673471391244631 -0.0261902174313226 0.0624433457062607 0.0106196749518464
0.0562013777412349 -0.0279876069043585 -0.00616554732186829 -0.0154294265307057
0.0339114378308065 -0.0397311147485365 -0.0558721098506502 0.0144473272837884
0.0148299387872342 -0.0481197673210283 -0.0618780472486616 0.0544432224613155
-0.00845213046750098 -0.0494020838391216 -0.0265568532602511 0.0867382381176208
-0.0284604461818633 -0.0411177120951394 0.00789510501513155 0.0810893608920941
-0.0422445113342834 -0.024866392535449 0.0302905300322124 0.0592026533098002
-0.0448719690266924 -0.0212662921181213 0.0433279260105424 0.0331258462259528
-0.0500885673290975 -0.0130908072180848 0.0462761274061325 0.00468632957438176
-0.0574788432523773 -0.0281254307261387 0.0490551192329898 -0.0138922672621684
-0.0449788644177082 -0.0484988612406747 0.0536662534331979 -0.0249358373424048
-0.0293493810953634 -0.0682266555798335 0.0649773981178445 -0.0300715199434238
0.00708512293481175 -0.0748763208957844 0.0752160453597967 -0.0273739142601529
0.0516412587366643 -0.0660180301065529 0.067087245365749 -0.014546478870633
0.0779496073542203 -0.054684395905395 0.0614642963090562 -0.0198014740582019
0.0902052189183311 -0.0281054441841638 0.0287589324611754 0.0167424108402601
0.083314516151819 -0.0375243911560425 -0.029380617711847 -0.0133082096304933
0.0540771016801896 -0.062468564077297 -0.0659578270759336 0.0144572746010153
0.0202497306713051 -0.0768913630952689 -0.0621933381191317 0.0504211906302185
-0.0137030909531109 -0.072538205714084 -0.0290257054420055 0.0718261375976591
-0.0387063777363777 -0.0581700635510855 -0.00368631020007848 0.0627265195671431
-0.0538017250199532 -0.0365231366041445 0.0114886628254485 0.0451827367082884
-0.0540230516046267 -0.0305784338658168 0.0208947135506305 0.0237551572624737
-0.0588609042765907 -0.022315188906749 0.0233535545707366 -0.00297745562935456
-0.0657300969959789 -0.0410074637177466 0.0278209764617014 -0.022761982054259
-0.0503326008887985 -0.0641228358966182 0.0380060849578682 -0.0364612051047087
-0.0302930546808096 -0.0878897594882215 0.0572437666172209 -0.0382168610793342
0.0156051227835033 -0.0928561427990768 0.0712284055055517 -0.0276619203934643
0.0692661874071894 -0.0762894455980423 0.0540519530122703 -0.00276201034357236
0.0974996856440048 -0.0596329840940964 0.0266332094798238 -0.00566803568023961
0.0978770192412625 -0.0279476236442635 -0.0121539061927027 0.023383172286152
0.0962012023640953 -0.0442017607996469 -0.0562940478590248 -0.00649479250901706
0.0626040880620533 -0.0772614708057562 -0.0748150438923243 0.0152976288207804
0.0179930857432459 -0.0938501139100533 -0.061822759289014 0.0431930405388491
-0.0195140201103556 -0.0831707919739363 -0.0342799980762304 0.0513401905368673
-0.044932682565917 -0.0652759381748917 -0.0189921064080574 0.041004022249704
-0.0581875793810425 -0.0415030521181129 -0.0112586752762904 0.0278321083689308
-0.0552888732509176 -0.0356811789396056 -0.00352145366731861 0.0114846982071528
-0.0583365211930776 -0.0296697245331473 -0.000824737474488432 -0.013858459841462
-0.0620740623540764 -0.0500529420310745 0.00542669841945671 -0.0336611404496259
-0.0440233709333574 -0.0735719454260891 0.0214925907582232 -0.0481601534415535
-0.0208508483112028 -0.0957225314685566 0.0491321569728051 -0.0441838325510841
0.0284946092886748 -0.0948564903370967 0.0645639609864947 -0.0244245994030654
0.0815759801144948 -0.0708766809867006 0.0394549633461766 0.00926812716550555
0.104930028066215 -0.0519707599896323 -0.00865291573813975 0.00773769595204435
0.0887451920276492 -0.0237829593853126 -0.0544158642081367 0.0314848674337316
0.0901655553297448 -0.0424986963274045 -0.0808719368332261 0.00539371096884192
0.0581716642987218 -0.0761485596616839 -0.0801821975576719 0.0173808037690941
0.0127582650386704 -0.0908554090787909 -0.0602777983855021 0.0327977038880416
-0.0212892170923689 -0.0779851542154056 -0.0422729430932529 0.0291647516648005
-0.0429990335144822 -0.0597328565261145 -0.0375053702851314 0.0203103334521412
-0.0531332887213728 -0.0389846222438587 -0.0342935165169291 0.011472116290102
-0.0473653430337902 -0.0356994801484245 -0.0266280887352051 -0.00216699909161556
-0.0489210354815651 -0.0338450159156946 -0.0226242093115819 -0.0272674839077897
-0.0484076162782344 -0.0542832724121918 -0.0125896018273099 -0.0479416201035736
-0.028212606739007 -0.0734684747006487 0.0105686409812652 -0.0609746857314549
-0.00191872304805501 -0.0895193316404518 0.0430861042547133 -0.0492192953518378
0.0422394913233098 -0.0800582021651772 0.0566735156291236 -0.0200859464376154
0.0846697269650979 -0.0510628081158833 0.0232611618391818 0.0168586888028189
0.0984689855018043 -0.03362416165093 -0.0418605199425675 0.0136410994085668
0.0639129132159932 -0.0138937513993629 -0.0889888556106187 0.0386026526757535
0.0687121740532208 -0.0296597618707669 -0.0968846825983747 0.0207672065710712
0.0441660431280918 -0.0582363142442398 -0.0812307018236439 0.0200103536567695
0.00749169650147533 -0.0682360743428026 -0.0596105090917883 0.0236749390648339
-0.0169526447300465 -0.0573476782061174 -0.051919741925229 0.0112117354833961
-0.0320318826454157 -0.0444084849053302 -0.0542093077227274 0.00522715715931444
-0.0386428049239191 -0.0311963193647523 -0.0535116635344664 -0.00185215349927067
-0.0334427854037679 -0.0298912320467396 -0.0451459407309709 -0.0153004585092121
-0.03302749508457 -0.0311262156236198 -0.0400552560337064 -0.0428265011458974
-0.0289690129339405 -0.0488323300633661 -0.0235937691092804 -0.0642369967955775
-0.0102776377008019 -0.0614303252577834 0.00694032791372323 -0.0754543598681105
0.0145543779061356 -0.0688625855488392 0.0421049769032046 -0.0534526236947703
0.048473376480997 -0.0535107946270037 0.048883463971954 -0.0177353500753992
0.0748738182737045 -0.0257418421676913 0.0085292432911049 0.0162356373947041
0.0768708273526589 -0.0119405619565919 -0.0671102334475628 0.0125219056338099
0.029697746845884 0.00232859620877225 -0.109611462292843 0.0431572515356103
0.0377380966597953 -0.00765457654185474 -0.101671802217732 0.0323539706499317
0.0256937121046521 -0.0262211057996454 -0.0799496115653987 0.0214222352290552
0.00604240892672135 -0.0328464976037683 -0.0604066108523158 0.0191135057787108
-0.00420089374558913 -0.0281048504485823 -0.0594295420057135 0.00364565141657917
-0.0123850808868614 -0.0245127700099335 -0.0648360837311998 -0.00114113899624786
-0.0168409759741972 -0.0195260352079977 -0.0650331947656936 -0.00944293818876536
-0.014026009696182 -0.0190329675915087 -0.0561016048493794 -0.0265567972560636
-0.0138247529663106 -0.0216977287622138 -0.0484892891162667 -0.0568087318131195
-0.0101879403063992 -0.0318437035861119 -0.0258651471141277 -0.0797457343727481
0.00177903583468028 -0.0378514373635422 0.0103174741683801 -0.0872487248037483
0.019674307506521 -0.0399428640734631 0.0447994068705439 -0.0571562647632344
0.0404755273230417 -0.0252418197978156 0.043991428597303 -0.0172484226719263
0.0509657891020061 -0.00273068165641755 -0.000681283221375638 0.010114041650784
0.0434038415824624 0.00663459166671283 -0.081191183536319 0.00418895391108467
-0.00273443824956284 -0.015334751568568 0.0840331981634796 -0.0109422307590247
-0.0166743686935757 -0.00669900883973752 0.0111710086119549 -0.0220057360437507
-0.0175925717085325 0.00651376443812826 -0.0449719270565365 0.011298524830645
-0.00657845359011762 0.0132067764153649 -0.0567061421636541 0.0542549990173547
-0.00363309156252104 0.00992687503277896 -0.0174360901973291 0.093722051604146
-0.00390750864387672 0.00808244374755271 0.0250284154354574 0.0905924375357749
-0.00507151036413558 0.00887077742173654 0.0507527331315507 0.0644672054152341
-0.00788539043274426 0.00633454375732136 0.0663710160100111 0.0335643700136572
-0.0102735954233169 0.00905655642796388 0.0690456963090906 0.00792578565687683
-0.014691325533182 0.00609329919762053 0.0697076986343789 -0.00461091299088401
-0.0130248527428465 0.000506104551766402 0.0652672568706337 -0.00840397942639992
-0.0136990699109814 -0.000609037892928431 0.0673994542485052 -0.0173468189392946
-0.0132776001657681 -0.00720298017247367 0.0754537079937595 -0.0239611059848599
-0.00452256600082658 -0.0178394650615764 0.0861723764345764 -0.0240526183675934
0.00484002711618123 -0.0177883209006836 0.106054556874734 -0.0401005930775658
0.0325605643395561 -0.0228975248767944 0.0797639554608563 -0.000608564467942976
0.0183949835213774 -0.0187336519466453 0.00772273809324233 -0.0168306007918098
0.00600055864428279 -0.0159993586586175 -0.0465029435058421 0.0141545384763548
0.00353004668512812 -0.0162038444143219 -0.0570006994882119 0.05465934256893
-0.00676552236225531 -0.0188326913070761 -0.0202538373827214 0.0913387650258428
-0.0175487643057348 -0.0163195303222648 0.0190095318685881 0.088245753867114
-0.0246805710832502 -0.00771231692377644 0.0441884345605124 0.0635119991013552
-0.0281803907734567 -0.00668971250006098 0.0591275607168739 0.0331830012728847
-0.0320869497405155 -0.00114829312251629 0.0613860115014652 0.00607829132300093
-0.0384546082678791 -0.0107011400921288 0.0623920237295667 -0.00881153229958885
-0.0298761318006135 -0.0256642966223069 0.0620113326872694 -0.0154705633480548
-0.0219766558841748 -0.0365316808238928 0.0659073400994778 -0.022683109372431
-0.00209073259132131 -0.0428428709238852 0.0731416161963865 -0.0277195324705745
0.0250351190190139 -0.0443412688643667 0.075159419373899 -0.02373779481857
0.042992946804179 -0.0390684544877548 0.0870043137347909 -0.034735393374382
0.063788642277846 -0.0278950766372889 0.0602542693132684 0.00729308870039015
0.0528453862933908 -0.0286831204539768 -0.00623148898595074 -0.0148408341393304
0.0304573268167729 -0.039262229654516 -0.0533248385937801 0.0151739136701364
0.0126989301007124 -0.0467013015817942 -0.0580982596786898 0.0538558674453265
-0.0104864495221275 -0.0465897350502566 -0.022057373801848 0.0840050246580837
-0.029778172986473 -0.0384128800946382 0.0106863716325122 0.0775973291305437
-0.0418572804346844 -0.0224374835685776 0.0316761443550489 0.0555937604072925
-0.0444500477450344 -0.0186455210543807 0.0431425676804414 0.0297071366275777
-0.0487246447508086 -0.0105622031759545 0.0449003750827483 0.00173598086981261
-0.0570536015598446 -0.0245760663031916 0.0470286701636334 -0.0159117264819194
-0.0449906287224613 -0.0452906959722598 0.0509576270872182 -0.0262625486940571
-0.0307053145803788 -0.0646585680706161 0.0615712930207941 -0.0307722660096381
0.00422155017928468 -0.0725388673252337 0.0707529229807198 -0.0291013319594184
0.0478585654427361 -0.0659001978105078 0.064116433623819 -0.0160540303655684
0.0734282941315139 -0.0552285788692395 0.0588324966334933 -0.0221603305302741
0.0854945444870586 -0.0309657035138291 0.0279789478531968 0.0141940172215862
0.0793891221945358 -0.0390043009376483 -0.028296790861994 -0.0123484725684968
0.0495607302418052 -0.0616053298657455 -0.0632290690593111 0.0158512508935349
0.0164787482115021 -0.0747829116596359 -0.058640193500606 0.0500635524625026
-0.0160072591483178 -0.0689641540949222 -0.0252523193565992 0.0694721422521429
-0.0404146155535042 -0.0546610282964347 -0.00105105881479399 0.0603622996647125
-0.0540313778146296 -0.0329414115905589 0.0128264851626808 0.042582864756146
-0.0538426160024788 -0.0274989233253458 0.0211369161827558 0.0220980205401866
-0.0580116419880847 -0.0194800504362275 0.0226372896997465 -0.00430604681972685
-0.0652481474601364 -0.0362303040293376 0.0263757585678467 -0.02357817061101
-0.0509804928887175 -0.0601495821964443 0.0353685720521094 -0.0369204992560382
-0.0330919974438373 -0.0835837849511571 0.0540100221847056 -0.0379440785167244
0.0115256386226104 -0.090273323463315 0.0667259210530728 -0.0289915228735652
0.0641816927198038 -0.0762705431785172 0.051782737537459 -0.00467156036201797
0.0917019111277531 -0.0610622007287481 0.0265554514889355 -0.00646189525563329
0.0923235248718884 -0.031187173074146 -0.0117596183261477 0.022498602551372
0.0908991518208684 -0.0463074964159699 -0.0542645757155166 -0.0051617902057753
0.0570298932247263 -0.0765010289579436 -0.0718543968200877 0.0169208564811668
0.013798351213781 -0.0905234440446452 -0.0583676514953984 0.0432917301530718
-0.0221400113024238 -0.0795008258114133 -0.0309974820758141 0.0501521616905067
-0.046319345813518 -0.0602473567698795 -0.0171833595756127 0.0399533721967834
-0.0577533436825375 -0.0373824970936836 -0.00969668715046965 0.0270199440691139
-0.055039996634404 -0.0327137661211082 -0.00270640610924244 0.0113862018527417
-0.0570841133533994 -0.0260533457064109 -0.00123740414946515 -0.0136775311841755
-0.0624875264623178 -0.0456583315817338 0.00397414299233927 -0.0328579453743193
-0.045710982099923 -0.0691219988773373 0.0196470867028859 -0.0479728193191618
-0.0247176853134945 -0.0913479893833779 0.045823447398716 -0.0441218912162658
0.0234507571086641 -0.0925456563574494 0.0609815075036393 -0.0266272578731861
0.0757124251473017 -0.0713419132240017 0.0384631281029275 0.00759148413771719
0.0988527964248042 -0.0533949095516757 -0.00790208051697421 0.00775266108475657
0.083892037562885 -0.0266743828296604 -0.051621034739673 0.0316664920498114
0.0851643113926816 -0.0442036503795527 -0.0778392383236746 0.00816275898115883
0.0528561600859464 -0.0753455323540711 -0.0763159492937747 0.0195092105497782
0.0089913522272485 -0.0877576340955028 -0.0571643684654179 0.0335934425415596
-0.0239874870759234 -0.074166974840896 -0.039880991718403 0.0291911837032791
-0.0442418363107076 -0.0555821289686605 -0.0357761653286235 0.0209726375321021
-0.0530678912581179 -0.0353131074504036 -0.0331635852734756 0.012250633507491
-0.0478238339718444 -0.0323835569887047 -0.0255903755750996 -0.000768379455582372
-0.0483656098549502 -0.0305185005990096 -0.0237733883543097 -0.0258502456892996
-0.0491900853461292 -0.0497282918707665 -0.013654573817616 -0.0453341612288947
-0.030215210030687 -0.0697688139493343 0.00819860512641947 -0.0602327843014406
-0.00584052008176954 -0.0859769549817585 0.0404219696362184 -0.048365337574255
0.037683290397974 -0.0786848623046879 0.0536257985283204 -0.0218926921520072
0.0799817310327989 -0.0526979118758269 0.0230665270758769 0.0148689048843907
0.0929934205545471 -0.0357790085205904 -0.0391346005576117 0.0153557597736404
0.0609287695913178 -0.0159643785375526 -0.0844819103461244 0.0411553565049132
0.0647132447880936 -0.0312120019441385 -0.0923158030880447 0.0231709021563975
0.0396072232291073 -0.0568933991764235 -0.077588458166679 0.0213901882392943
0.0045558915563097 -0.0657726513506116 -0.0561672494008206 0.0244410554944801
-0.0189223407370151 -0.0545732457849663 -0.0494909686432741 0.0129646844997302
-0.0329818725802167 -0.0414395466800552 -0.0529780918611327 0.00703482357940792
-0.0382046003901752 -0.0281511500925088 -0.0520205584499211 0.000649846589969498
-0.0332635092073303 -0.0275149387885161 -0.0445651567266284 -0.0132370574401399
-0.0326248845031151 -0.029018056810457 -0.0403431291774711 -0.039628317751534
-0.0301596068394843 -0.0454528569262374 -0.0250517618251236 -0.0609727535760063
-0.0123274064860924 -0.0587072050240693 0.00392572022785992 -0.0734485636066896
0.0107612674975271 -0.0668593982582062 0.0387651540753925 -0.0530320388779277
0.0440410404012006 -0.0539205508314095 0.0463156239839259 -0.0191029999064418
0.0714943538135077 -0.0273900242454121 0.00868262292649449 0.0154475984843969
0.0733681295949859 -0.0142455859182864 -0.0639145962963359 0.0154105851493145
0.028279602961143 0.0011183352346735 -0.104270660182775 0.0463410302447368
0.035760064744029 -0.00897813209164121 -0.0970299810390239 0.0350749339270305
0.023584298606674 -0.0260652411382105 -0.0764813055711818 0.023249146006343
0.00423156264789285 -0.0316225027515743 -0.0579446265383318 0.0198679889128861
-0.0053444758409588 -0.0268295311193416 -0.0575568075968386 0.00547898714730363
-0.0130443374245484 -0.0229779996336447 -0.0633164022289936 0.00160743164347637
-0.0168070634727726 -0.0180264830085767 -0.0635666730910293 -0.006429303784432
-0.0142084563653222 -0.0179916804859016 -0.0551774980316211 -0.0228776866751657
-0.0139823707399806 -0.0201597174179219 -0.0494311453945269 -0.0527287931924104
-0.0109966524178845 -0.0300679427775517 -0.027526326993613 -0.0752141611712873
4.93872037230507E-05 -0.0363400907188377 0.00668663518780587 -0.0848403466337364
0.0171915237485468 -0.0389513694388731 0.0418301941189237 -0.0565268410579885
0.0380210062712521 -0.0254269451446086 0.0414904474977198 -0.0185701593381715
0.049222484911532 -0.00468596201376942 -0.000324597702481746 0.00970724576518522
0.0418673934030487 0.00457911097137066 -0.0778440774559881 0.00802248882389369
-0.00225960819427393 -0.0154190662463789 0.0805697151681334 -0.00680902808509866
-0.0160671978524483 -0.00721584734355925 0.0120198748588006 -0.0205990563127639
-0.0172334787743341 0.00594528178747622 -0.0439770397143847 0.00918790952626524
-0.00615378726931425 0.0124987531053448 -0.0567593090410622 0.0502568222220934
-0.00290489214176004 0.00925554877152193 -0.0196532674508149 0.0888535047037946
-0.0037029777472673 0.00768172856550571 0.0213392010535702 0.0872052723924175
-0.0047649903065088 0.0088605912393051 0.0475291653830053 0.0630117106236193
-0.00784472056839544 0.00598048130046984 0.0629238065836078 0.0330338256175914
-0.00997988724841823 0.00840273766322554 0.066552417017082 0.00917338512885166
-0.0143584006358867 0.0054575959426336 0.0676734828941817 -0.00299603368672428
-0.0125418961146673 -0.000373873966132849 0.0628172187540275 -0.00648608259348951
-0.0123992866051181 -0.00178223616392766 0.0646051702229449 -0.0140765790148174
-0.0110520585303849 -0.00807510459361887 0.0725935401927514 -0.019513710869813
-0.00221311687286202 -0.0175782637253386 0.0840143265883528 -0.0184415660046688
0.00620601469137185 -0.0180488466292916 0.104202404260482 -0.0330289194093614
0.0326769458575103 -0.0209887456051024 0.0763324468461256 0.00145553942920952
0.019049114972499 -0.0166438242035859 0.00770630563064608 -0.0168061908243846
0.00699168295749994 -0.0144635175969715 -0.0461621754222413 0.0108091535193848
0.00488950079596112 -0.0152932623071624 -0.0572868763444177 0.049227559845394
-0.00464467767895327 -0.0187319488135615 -0.0235782768176168 0.085696497336757
-0.0157809565350661 -0.0161194136056991 0.0144017674546126 0.0846553567688568
-0.0238241812093671 -0.0078146615009133 0.0405184333200479 0.0621296498546675
-0.0274288353139417 -0.00784364451766665 0.0558632668567022 0.0329197324817138
-0.0306482494437296 -0.0024514096398707 0.0592168368980901 0.00645887719666029
-0.0373793598061492 -0.0120459487080269 0.06109137227992 -0.00784585403267533
-0.0284179841118337 -0.0265300700596125 0.0603068426955686 -0.0145725614219474
-0.0184722761126119 -0.0366603962092332 0.0646327243633064 -0.0208366190308777
0.000835053449976317 -0.0419783449422041 0.0711924963892173 -0.0236978883974416
0.0269732661963823 -0.0425328737247738 0.0745714723118991 -0.0185964948949413
0.0430779787747578 -0.0377928875102538 0.0865900316770016 -0.0274006439445489
0.0640195298235644 -0.0238929383006819 0.0574157733203824 0.00655937702255299
0.0529187254443887 -0.0245222297207878 -0.0062859735290031 -0.0163055289887247
0.0315942043108721 -0.0353899337249108 -0.0535068274522458 0.0101830614515916
0.0147968154242453 -0.0437318992754756 -0.0592324038931722 0.0473902768748636
-0.00637246624257438 -0.0452084406974153 -0.0265605939868934 0.0777532030386056
-0.0269952302205253 -0.0384598975560756 0.00641930405454172 0.0742169997955709
-0.0397836834159455 -0.0231785898025796 0.0275447252634751 0.0549747504236638
-0.0432343623936449 -0.0203927052305458 0.0402442244982255 0.0288504560732373
-0.0468990059630301 -0.0119026600743242 0.0429320717136216 0.0016311379249402
-0.0554810265952799 -0.0257661389217793 0.0460431646777043 -0.0151310661083184
-0.0426679308929345 -0.0468736922195333 0.0507065366698231 -0.025786691393908
-0.0271523387734429 -0.064247314848483 0.0612250583795946 -0.0305333385970477
0.00841198802745144 -0.0707231235992195 0.0697139772065164 -0.025734601508657
0.0496833319003227 -0.0625172972049543 0.064137394394532 -0.010932398153806
0.072386627474794 -0.0521261067086802 0.0599411930365896 -0.0162124460815453
0.0847505862448422 -0.0253941108182612 0.0261766076421129 0.0109236874099347
0.0791453646860568 -0.0331061818049379 -0.0280425921438345 -0.01616185747038
0.0515409839661072 -0.0557669299950372 -0.0636235619944888 0.00896877857696377
0.0199662984019159 -0.0700068133818927 -0.0602654419917182 0.0426887476228413
-0.0113744916521345 -0.0668695657416555 -0.0292323192278143 0.0640355477135891
-0.0363450194398365 -0.0542166077035225 -0.00554011984912954 0.0577843206685853
-0.0505750460754726 -0.0341031966438203 0.00918760756600429 0.0414507257968376
-0.0523965460949745 -0.0297080150464367 0.0192827048565582 0.0211193952555015
-0.0552877531811943 -0.0204722460507253 0.0212518654141049 -0.005056532352156
-0.0633939647339511 -0.0372443482804689 0.0260938890567209 -0.0237174594699427
-0.0484208900663606 -0.0611510834941126 0.036811050253931 -0.0373272385350522
-0.0290461748774694 -0.0821899833234169 0.054668379239277 -0.0384352176054597
0.0159177496689336 -0.0873932293591714 0.066977985024325 -0.0258127670557686
0.0652734364093265 -0.0720502162157723 0.0522861394705106 -0.00050203609891308
0.0899929080600828 -0.057552011575655 0.0283947328011878 -0.00242889538730967
0.0924548445496949 -0.0249863272712053 -0.01225479128905 0.0165033305966055
0.0908533122569309 -0.0388471726381708 -0.0533805239392216 -0.0104807336891534
0.0599693009694709 -0.0694044012872957 -0.0721420530617379 0.00935132949633067
0.0181986036115061 -0.0852903674820713 -0.0599750498998811 0.0354729090883796
-0.0170530786248738 -0.0765274929374048 -0.0346037210705732 0.0446276904908312
-0.0422801715851386 -0.059963869327898 -0.0202768162862856 0.0374210076632272
-0.0546674398142575 -0.0386333203948409 -0.0124857282042867 0.0261933191247883
-0.0530590286379608 -0.0342930930865628 -0.00349931886021058 0.0103186771032924
-0.0549867373373156 -0.0277085183204649 -0.00131403896210981 -0.0142424576056949
-0.060574458281286 -0.0464079138797087 0.00520473391490748 -0.0334821672288378
-0.0430362312593755 -0.0697517879014009 0.0211369412253965 -0.0485600391115279
-0.0206879077048849 -0.0895512161987331 0.0483351630575394 -0.0445172184692471
0.0272513382431987 -0.0890866447263418 0.0613981690880195 -0.0232032531661019
0.0767240979312604 -0.0667478298558788 0.0382523598069346 0.0108202706247966
0.0967021644091277 -0.0497679198273638 -0.0050523522479579 0.00961874695907741
0.084022664812408 -0.0206991753891891 -0.0508590626628067 0.0242214490441205
0.0860201609738503 -0.0372919798896113 -0.0757101495188313 0.00178209359973041
0.0557489344086096 -0.0685804455768541 -0.0766920806124387 0.0119213519566396
0.0128682009553645 -0.0827454256153381 -0.0585392785244537 0.0262858597786302
-0.018610691184635 -0.0715587156697035 -0.0417769302943838 0.025441242068049
-0.0403504191974431 -0.0547110727201451 -0.0372058243516963 0.0190827476125924
-0.0500955123962747 -0.0362182261017433 -0.0339199333221051 0.0112266283178504
-0.0460620974080542 -0.0341029310616123 -0.0251216138434305 -0.0011745049432353
-0.046146469713014 -0.031818675987808 -0.0222154001657288 -0.0261887009777811
-0.0472461510723139 -0.0502281818248483 -0.0116960522991352 -0.0460445566565753
-0.0279569415244127 -0.0698141076350429 0.0111284318670257 -0.0596610095177663
-0.0032931291190593 -0.0834489618816883 0.0432354591474723 -0.048045965208231
0.0399078843182017 -0.0747009121861423 0.0551434418629522 -0.0188909488554343
0.0792339867279847 -0.0483972964864912 0.0229316439247732 0.0177501664737587
0.0900371211299872 -0.0323649958450125 -0.0361789025112089 0.0154398404140645
0.0606539780919355 -0.0115812322661378 -0.08384352192958 0.0322601862308392
0.0649907843604208 -0.0256203492829271 -0.090966190782951 0.0160796753364617
0.0427491060899203 -0.0518284383136375 -0.0768746082488656 0.0144573075056876
0.00789475408546191 -0.0618039485639863 -0.0572859673889102 0.0186510706264136
-0.0148247627791537 -0.0523822750858854 -0.0504034030369021 0.0094685492561124
-0.0300108652176293 -0.0409164050401909 -0.0528657062645878 0.0052528726637323
-0.0365202429940525 -0.0289699716800554 -0.0519321645475941 -0.000115763467944382
-0.0324086314478255 -0.0290485114154226 -0.0424775029445892 -0.01355078459725
-0.0315072597124291 -0.0301086832539747 -0.0376697943320835 -0.0392041886268235
-0.0287776205202337 -0.0457043115972417 -0.0219903391679865 -0.0603346677946566
-0.0110165514082913 -0.0583746836405707 0.00760366665040559 -0.0714298324880955
0.0129073167155515 -0.0650522185835581 0.0421559201148927 -0.0511870198984444
0.0450614797550428 -0.0509312148212782 0.0471063838651099 -0.0159118255600078
0.0703522891272135 -0.0241820999993684 0.00861668177449618 0.0169803508824598
0.0702417092242691 -0.012126517883563 -0.0604661932320582 0.0137751708952208
0.0279946355798013 0.00302015256682753 -0.103169396625045 0.0388445943156984
0.035851419388343 -0.00570828445719957 -0.0947011320427581 0.0277965048113717
0.0247856789950625 -0.0229076617922089 -0.0749657000790991 0.0167258487729573
0.00602426761879181 -0.0293725546193446 -0.0570961079317271 0.0155652401933444
-0.00361550229617842 -0.0256885669672235 -0.0563514212040237 0.00323811567011629
-0.0118077387409092 -0.0216276154367649 -0.061828188908721 -0.000536297252375883
-0.0160364140695787 -0.0181021453660694 -0.0622754779109423 -0.00742240981928657
-0.0134076339092297 -0.018468674847753 -0.0526643580910339 -0.022924692190933
-0.0135344617696407 -0.0209796059194794 -0.0458692589134209 -0.0518965543251212
-0.0102395233716188 -0.0302290947586748 -0.0246537165647622 -0.0740340294302093
0.000753572471210056 -0.0358127423428836 0.0101379155928511 -0.0811935344648541
0.0180570866836159 -0.0381146095354281 0.0442086832379221 -0.0534524638627666
0.0383700670853514 -0.0238866027121499 0.0420715639580437 -0.015363806634372
0.0474934285454709 -0.00266399673741833 -0.000242546190208703 0.0104944439289135
0.0390399040691873 0.00593419519386059 -0.0738906133120503 0.00542791106298982
-0.00192569799423994 -0.0153475270844637 0.079005487616195 -0.00645261919698024
-0.0155380184032365 -0.00725386646645815 0.0125207648618289 -0.0203865456510015
-0.0167010550283921 0.00596552649327822 -0.0432680794916426 0.00828141769063839
-0.00605365729168594 0.0116717321852415 -0.0571731004196722 0.0491823278462352
-0.0026398518612859 0.00939790676260437 -0.0199772718009987 0.0864950581416531
-0.00335788952697216 0.00689354662168265 0.0206201617479224 0.0860096658055151
-0.0045225059275791 0.0086014301193721 0.0466947732499438 0.0624401430822882
-0.00798413594111622 0.00594108094640412 0.0614936065246782 0.0326615034930772
-0.00970685589937599 0.00857688852449825 0.0654797630356097 0.00907294571823662
-0.0141304853080919 0.00528660139102735 0.0667667123386909 -0.00230519827095105
-0.012346513151628 -0.00100536846383241 0.0624884259325401 -0.00556425060088441
-0.0119011647366175 -0.00273333705467861 0.0636993619533858 -0.0132101595506172
-0.0105858002229108 -0.00795986955092517 0.0709834029055833 -0.0175762989233465
-0.00203083948918266 -0.0173858593821843 0.0832748341791464 -0.0168309034094791
0.0065309913724048 -0.0177263394359457 0.103120774268942 -0.0314780439200067
0.0323057351440533 -0.0200488748293998 0.0750250370874627 0.00144962551699675
0.0187486456069284 -0.016511693112531 0.00801932159912865 -0.0164712024458488
0.00612134650526369 -0.0137768675544822 -0.0457181155995634 0.0100247294637166
0.00489945047270398 -0.0151879588394075 -0.0581309001430485 0.0477341309928622
-0.00439106427994133 -0.0182334916936865 -0.0240617406280785 0.0836439256153878
-0.0155282058538762 -0.0156670174199293 0.013859868995031 0.0831994659656598
-0.0236237011509076 -0.00812842666424325 0.0397726238922207 0.0616823337595479
-0.026983790276968 -0.00791095708783789 0.0547044176605125 0.0323597450938444
-0.0307842796612034 -0.0025498063048513 0.0578848108397221 0.00627311463058877
-0.0368146762657912 -0.011779485477903 0.0606402302292871 -0.0074060926584013
-0.0281221684163488 -0.0269864849323886 0.0601786452649027 -0.0136824940777334
-0.0180721824574506 -0.0365772771679228 0.0637956906045792 -0.0195485296013803
0.00126707747029081 -0.0411054060861651 0.0699721869949567 -0.0219404442927376
0.0273881072546107 -0.0415492351462717 0.0736159519846732 -0.0167841544406551
0.043166398466693 -0.0360453520805449 0.086243295179936 -0.0264448698165645
0.0628356564142337 -0.0228955360409983 0.0560418264150414 0.0064665276553044
0.0526534513225658 -0.0239174090149812 -0.00562945060482897 -0.0170677113944086
0.0310232729365413 -0.0341197298716496 -0.0533172344973444 0.00932899651013947
0.0151196984371014 -0.0430011057199853 -0.0593746670781746 0.0456552911183461
-0.00608932402099964 -0.0444480306017128 -0.0264470473525361 0.0760257134139607
-0.0261898757935942 -0.0375876327815796 0.00529752430961021 0.0729957601509429
-0.0390606628026519 -0.0226806863495497 0.0269599754909463 0.053506108302455
-0.0425923188354916 -0.0202334979176095 0.0389769444042533 0.0281590044844403
-0.0460990548949507 -0.0122903627751686 0.0420660101053698 0.0014831673633431
-0.0544249306775214 -0.0255751895059967 0.0461973752206843 -0.0150832340025989
-0.0420987451926617 -0.0467589544286971 0.0508295306610893 -0.0251753726197603
-0.0259355399380465 -0.0636733175744395 0.0607535685819146 -0.0282677889935748
0.00863788770077895 -0.069184866885167 0.0682936204971392 -0.0241861257540068
0.0497182649304994 -0.0614528654621277 0.0632103371170577 -0.00979704651118044
0.0716919807618657 -0.0505533868522002 0.0596015740674751 -0.0152600541604418
0.0835210502710843 -0.023835108734172 0.0257812304812989 0.0103615892884359
0.0787899579152295 -0.0319082870800542 -0.0269811649415158 -0.0167071239086793
0.0504703729360981 -0.0539787595667955 -0.0630893518539894 0.00834371046455736
0.0201222480436108 -0.0689556254732226 -0.0604392604272794 0.0409427047410354
-0.0108650899528771 -0.0658193301537752 -0.0295842301377273 0.0621671550581266
-0.0356869677982411 -0.0532407918458248 -0.00611886476575066 0.056461226958211
-0.0498301985259261 -0.03385266533995 0.00885852967461296 0.040899360135842
-0.0513874565959203 -0.0291886007776249 0.0188390812529331 0.0206175547907772
-0.0545224663562792 -0.0212915485121234 0.0213103086808438 -0.00522156410464356
-0.0626024300958377 -0.0370060719143474 0.0262463899365472 -0.0235767719887006
-0.0474893791647792 -0.0613542549116751 0.0366784675002441 -0.0369419420237372
-0.02828521938302 -0.0813736524672281 0.0549060010938403 -0.03669731052728
0.0165076743395386 -0.0864430857121697 0.0651981171623698 -0.0245581935968903
0.0654935482672878 -0.0709705814341627 0.0513881460109726 -0.000356593121618776
0.0893507594410641 -0.0549031240665793 0.0286573382417006 -0.00208223132757964
0.0899714911486498 -0.0236532609986658 -0.0126166860071141 0.0150755386122464
0.0904382664242597 -0.0375608090509363 -0.0519378392344647 -0.010814011973096
0.0589160847942658 -0.0672702211757975 -0.0713384395733955 0.00876233395751142
0.0183722563224405 -0.0835753734087654 -0.0595991577206878 0.0335104985449926
-0.0164025489855319 -0.0757300843867058 -0.0344004265151808 0.0435502998384058
-0.0412294124620476 -0.058846225932538 -0.0206059716410353 0.0366918244368758
-0.0541463372089864 -0.037911665858616 -0.0124609644736804 0.025458252991207
-0.0526128491095798 -0.034019401994464 -0.00278242726479507 0.0100765523951754
-0.0539312646488112 -0.0279897047792676 -0.00122712780421876 -0.0139315661960953
-0.0592980585654523 -0.0457625965240671 0.00555859711956182 -0.0331461350425266
-0.0419126370900021 -0.0692068865025624 0.021808685703919 -0.0478972207812232
-0.0198032905365702 -0.0886512271209049 0.0483486876105605 -0.0430055462531301
0.0276551850496068 -0.0879291881848635 0.0598175206149409 -0.0220791557923812
0.0764700720478176 -0.0649814337226629 0.0376685943299259 0.0107898098066169
0.0954391844518462 -0.0471484024238919 -0.004495439942441 0.00982501351291254
0.0818546231844762 -0.0197054933916662 -0.0509050866363953 0.0227344894178597
0.0848677048779349 -0.0359035372251021 -0.0746917595147612 0.000614278914445196
0.0550325718353257 -0.0670455578162102 -0.075776800564742 0.0106256088068587
0.0133515506870933 -0.08138099851833 -0.0577958481130127 0.0244157363698971
-0.0181336640682577 -0.0704271404068329 -0.0415332704161186 0.0238126388919652
-0.0398572160971567 -0.054379196235742 -0.0375142338730752 0.0182908872254919
-0.0488132955006814 -0.0359269322720274 -0.0342505183523065 0.011290615152699
-0.0453322602355057 -0.0334745763782594 -0.0247214581975981 -0.0020956005695841
-0.0449481363291081 -0.0321317947822995 -0.0217219730175443 -0.0262252840580923
-0.046470238733811 -0.0494379741133587 -0.0108355268491037 -0.0453041334074009
-0.027449077168943 -0.0690010967783653 0.0119679292540915 -0.0593779309589296
-0.00297367177315512 -0.082275327750158 0.043672735387375 -0.0464425485207133
0.0397457912790743 -0.0732866819287664 0.0532526065642271 -0.0181608898727195
0.0791187203525 -0.0470182997258332 0.0221590159749128 0.0172100639104175
0.0884756765352256 -0.030368088432665 -0.0349544499859301 0.0149474736259782
0.0593312093476189 -0.0107530259699545 -0.0825474207265285 0.0309025045499803
0.0643174523174747 -0.0254271272594837 -0.0894675472463383 0.0145387752462353
0.0420343048200558 -0.0507375581593067 -0.076165568795274 0.0132688708776116
0.0080477206140887 -0.0607297266612027 -0.0563284996349088 0.0174024260942238
-0.0148320071401089 -0.0520162375444811 -0.0496159936423246 0.00885946623261184
-0.0297091386130956 -0.0400117801650048 -0.0528362543401616 0.00508191713272337
-0.0355268979165126 -0.0285442285457706 -0.0515306020240463 -0.000177131617785143
-0.0315586672585077 -0.0289038605263973 -0.0418855442374642 -0.0135018274012855
-0.0307746722726119 -0.0298846504871855 -0.0374682556708026 -0.0391304514126675
-0.0283190670806755 -0.0448765956104549 -0.0210429212287626 -0.0594108634299501
-0.0105416105910877 -0.057105535483057 0.00793458586747438 -0.0710836090909335
0.0127214038406221 -0.0636228368227415 0.0423966356716519 -0.0499487719862533
0.0446507314515003 -0.0497379040279008 0.0465787787105486 -0.0155414640549501
0.0696154469482345 -0.0229196553984119 0.00879493949731297 0.0164523847391715
0.0685879999755018 -0.0109261532990957 -0.0589775867272252 0.0136858336063257
0.0271648303271844 0.00339733698692721 -0.101526238076043 0.0369318198659617
0.0349006466027559 -0.0056475025848239 -0.0935343838434745 0.026851989778968
0.0246390618778249 -0.0219545437864416 -0.0736008449758044 0.0154333050021016
0.00613628651973784 -0.0283309107078184 -0.0565310872433686 0.0139487977217083
-0.00351011393654143 -0.0255171454955689 -0.0554991037246121 0.00198513553308766
-0.0112304857947103 -0.0213814374480602 -0.0617094147818314 -0.000689837567416998
-0.0158235788987845 -0.0179364077134761 -0.0617448109666348 -0.00678893811769232
-0.0128768337698048 -0.0187374398943514 -0.0520770780875502 -0.0227664252590831
-0.0128496635147757 -0.0212565168578455 -0.0451676566126093 -0.051212246440747
-0.0103304887055823 -0.0296240349583625 -0.023510910852558 -0.0733250533665568
0.00137366503209407 -0.0355575735710328 0.0104665880366107 -0.0804399618537198
0.017449374144928 -0.0366586139665123 0.0445576254232047 -0.0524872339894137
0.0374599034438753 -0.0230345933149139 0.0415174531144961 -0.0145503854904399
0.0469076934426214 -0.00198154059352947 -0.00103907421557203 0.0107761680128316
0.0381216273366616 0.00597798220107186 -0.0730418546258747 0.00550535081900439
-0.00189960509649574 -0.0148500569489802 0.0795386298588854 -0.00615785843184556
-0.0151249621618703 -0.00733610863613028 0.0126051710571068 -0.0207600256556134
-0.0172375873032255 0.00601672107980472 -0.0443096675861151 0.00792620686404902
-0.00607265954026872 0.0118609110991464 -0.0589342849561115 0.0487800190491348
-0.00213360595108839 0.00877953777926516 -0.0218980464189946 0.08744057085344
-0.00336622022404808 0.00729111594953332 0.0202528709320962 0.0865222251232956
-0.00472551228999992 0.00845387917834583 0.0470204031042939 0.0630953081560771
-0.00802257716761191 0.00614683540189267 0.0622469938793039 0.0327752025262645
-0.00991216155922754 0.00862031186729792 0.0661683553256047 0.00894864937607893
-0.0144017824777843 0.00511427156342672 0.0681842042841144 -0.00187702513520362
-0.0124855834143713 -0.0014451956737763 0.0631414259230096 -0.00474861259452942
-0.0115653039892514 -0.00254624056014862 0.0646837018067638 -0.0118600632668222
-0.0101158484923162 -0.00804290682903249 0.0713713506520338 -0.0164893425186643
-0.00205114579431767 -0.0178220014282136 0.0843896912791339 -0.0149250242575562
0.00742903298418186 -0.0178603663404347 0.104858624840647 -0.0313356356990387
0.0329754816481791 -0.0199666927948445 0.074797036376148 0.00152132583011799
0.0193530408200524 -0.0165172012955159 0.00859969831981569 -0.0173952901413707
0.00637689915419878 -0.0138698695841125 -0.0459656255366237 0.00915463367380072
0.00489525940936783 -0.0155294316098135 -0.0594449944322563 0.0474511112394176
-0.00399997331188625 -0.0184622350066411 -0.0251710441752384 0.0840374616826946
-0.0156398679301494 -0.0164035046377297 0.0133829130569435 0.0841927159937263
-0.0238333987197559 -0.00830359759817661 0.0398279459240891 0.0621665644512784
-0.0278541020459615 -0.00806254995954337 0.0551053922360696 0.0328183061048322
-0.0309839595749702 -0.00286940004547301 0.058713758913175 0.00615410322025252
-0.0371917211000297 -0.0123125701208815 0.0618298163740376 -0.0077092911707399
-0.0282686212090358 -0.0279015435945663 0.0610820810793577 -0.0134318536362659
-0.0179455182230966 -0.0372165926807925 0.0648173293453446 -0.0185597842273132
0.00231044004239511 -0.0416902257458502 0.0698637587521806 -0.0205788694995963
0.0277890880517543 -0.0421676949444491 0.0749017403879956 -0.0155969626057938
0.0444870700426084 -0.0357918493725126 0.0873358672769161 -0.0264903267918138
0.0633903331760716 -0.0223030907865586 0.0565073296954431 0.0064467690650772
0.0535676241385868 -0.0237416620244777 -0.00489587156854911 -0.0176449077777177
0.0312184146543204 -0.033677930847736 -0.0535132525113028 0.00872918273305298
0.0152283538732191 -0.0431444094964621 -0.0608070415190264 0.0449986580099388
-0.00592064966608458 -0.0449007127631708 -0.0275445479199839 0.0756386527951031
-0.0263735060538189 -0.0381081173879907 0.00486190802995707 0.0738008820378698
-0.0395953578280793 -0.0234785659387882 0.0266275958274944 0.0543102483634574
-0.0433512319237818 -0.0205484571774183 0.0399452809070114 0.0288796846678102
-0.0468983827294513 -0.0128966194312245 0.0425989270453111 0.00172690218842793
-0.0548929475430885 -0.0256582841279265 0.0468119831470066 -0.015421946463107
-0.0420218843734578 -0.0478187483961674 0.0515461790571503 -0.0252338013612302
-0.0259468257758093 -0.0644862842478355 0.0620495174768322 -0.0279523523353463
0.00989978252762557 -0.0700530045045787 0.0686671812393274 -0.0230554149402319
0.0512447201887972 -0.0620302127609552 0.0635464955534248 -0.00926621688428056
0.0733821919549516 -0.0498931468380155 0.0610568196535757 -0.0153504081660273
0.0840149679360134 -0.0234121302431899 0.0256153005952219 0.0104470622802712
0.0798226837142587 -0.0314479747586524 -0.0266836943800728 -0.0174726435747686
0.0511721243449945 -0.0532873275587668 -0.0631036624204563 0.00726837827934846
0.0203699084563312 -0.0693178050541257 -0.0614129783618973 0.0403371942749163
-0.0102494583364403 -0.0665876371876462 -0.0304653655028757 0.0617162233776145
-0.0360227590382272 -0.053708063530876 -0.00638508235904613 0.0574043201400677
-0.0507131196490458 -0.0338404569983033 0.00839433981905541 0.0412756820084028
-0.052221814669494 -0.0300495459767831 0.0193812376372798 0.0210996390548383
-0.0548279385587203 -0.0216603521781821 0.0213652411818618 -0.00548332364188001
-0.0630993876231296 -0.0375522723180885 0.0267830592596319 -0.0241507139181564
-0.0480106418620216 -0.0626699589563556 0.037081036948775 -0.0367229952210579
-0.0284196058071238 -0.0827079856899501 0.0562282739374418 -0.0364787852389272
0.0171794036573602 -0.0869239914689591 0.0655166346770292 -0.023577791319996
0.0673996267167419 -0.0714083868532413 0.0515267825551134 0.000559062397383791
0.0907836987172939 -0.0544730984416255 0.0291864410201964 -0.00197532585879553
0.0908739615145113 -0.0228737157065515 -0.0126044463569612 0.0152083546843417
0.0918359842722813 -0.0376361945531664 -0.0522233066212677 -0.0117725170991074
0.0596637003604393 -0.0671333819629571 -0.072175726894309 0.0079176665538287
0.019216639866261 -0.0845662272542013 -0.0610532146107746 0.0326969341904184
-0.0163155781071696 -0.0763917841385725 -0.0348173820850513 0.0428724318811218
-0.0417124185586073 -0.0597582148255004 -0.0214634603986185 0.0370984562888003
-0.0547614125134644 -0.0381466101878818 -0.0135073611405393 0.0257117943325866
-0.0532804678197012 -0.0344859670585618 -0.00317518387789095 0.0102442246878263
-0.0542020626816178 -0.0289927910680598 -0.00119226561269032 -0.0144827981113035
-0.0595958727315854 -0.0463125613048101 0.00590256986531978 -0.0337594699983714
-0.0424839263620265 -0.0705683628745911 0.0228298035581424 -0.0486667398165313
-0.0201143292616778 -0.0891708917805675 0.049522601762437 -0.0425403589701646
0.0286816463539822 -0.0886950817470809 0.0601748992752539 -0.0213897306196579
0.0777624499432123 -0.0656536753931695 0.038071005082286 0.0113951242383371
0.0966429007600325 -0.046834547563608 -0.0040726936533153 0.00961225760850935
0.0821560584721289 -0.019221703605758 -0.0516011638972415 0.0220599475290628
0.0860907426077922 -0.0357225324472285 -0.0751578392687565 -7.27333388574046E-05
0.0559134774194389 -0.0670371139625375 -0.0768313360852316 0.0103717631607324
0.0142181338293968 -0.0822167682885943 -0.059012050216967 0.0237730844628442
-0.0179088643762944 -0.0720697168555375 -0.0418291625759545 0.0235889058332371
-0.0402943400306139 -0.0548829871881468 -0.0383962735568611 0.0185218532327101
-0.0499649222371455 -0.0365143192695938 -0.0346747046647295 0.0110298083913831
-0.0463949049717753 -0.0347127691200771 -0.024951089375521 -0.00207005539094206
-0.0457101655720929 -0.0329224894915418 -0.0224185063282356 -0.0263083275295001
-0.0463416188838967 -0.0503425073900641 -0.0113977947337737 -0.0464906167834491
-0.0273698277862343 -0.0698514953537205 0.0123990739699084 -0.0603513976192906
-0.00319287398983831 -0.0831787819217722 0.0452732781603815 -0.046770872118696
0.0405785740465315 -0.0743800588958936 0.0532838143473296 -0.0179532759860103
0.0804185801598113 -0.0469527570363255 0.0219443432944387 0.017629216268841
0.0896526135819058 -0.0302954360118221 -0.0353120465004775 0.0153736528250115
0.0596998465920634 -0.0107486660456778 -0.0836401717238622 0.0306057292694816
0.0653080236385287 -0.0244191801795803 -0.0899156894059512 0.0140246720281684
0.0425016183103703 -0.0506227324680173 -0.0765635392953482 0.0124823242790157
0.00823909878957065 -0.0611113524014109 -0.0573052894104969 0.0159137263551672
-0.014439551934406 -0.0526165075265607 -0.0495938886405723 0.00822682690297108
-0.029985781419516 -0.0401601389548564 -0.0535194993000051 0.00512852582468855
-0.036653853308479 -0.029291883179908 -0.052669333968968 0.000346127573874714
-0.0322750587395741 -0.029082357852113 -0.0420304755335908 -0.0136934029331223
-0.0307677620749611 -0.030432995067156 -0.037433717803049 -0.0398857854177105
-0.0287514568909307 -0.0451891315022928 -0.0212407934153672 -0.0600027174371558
-0.010111030183228 -0.0582343364453376 0.00821463210715437 -0.0719376769431776
0.0124447593484744 -0.0642288087695192 0.0436092640088162 -0.0494765235513067
0.0455332341784486 -0.0493620228360434 0.0466862143295723 -0.0147248689556219
0.0705431688261659 -0.0226367003444493 0.00764230203888022 0.0170871787372832
0.0695730718176295 -0.0106465534202005 -0.059748884368186 0.0136853159355796
0.0267412334269294 0.00347356361403152 -0.103278496906474 0.036567896899361
0.0352624076132011 -0.00559947468856046 -0.0941785029103403 0.0258256041246408
0.024918712186723 -0.0221054935866138 -0.0745739063908139 0.0146963833737033
0.00598814157055956 -0.0282795753703973 -0.056531097596258 0.0129882945709172
-0.00403517801547297 -0.025359696903146 -0.0560282475974351 0.00126951076796578
-0.0118808671966161 -0.021593046865017 -0.0628032311336809 -0.000742082133530404
-0.0157034450923697 -0.0180602754982743 -0.0629828620330659 -0.00686075847650266
-0.0135180550384599 -0.0189957804833946 -0.0524062351115131 -0.0226836889138386
-0.0127402578155423 -0.0214285969217767 -0.0453619977982007 -0.0517672251937227
-0.00985607560303313 -0.0293931973819655 -0.0239070828880574 -0.0739056168193086
0.00144062528194057 -0.0356233914360579 0.0116008513893812 -0.0813110045351942
0.0179972680638125 -0.0369048505863567 0.0465066115129277 -0.0527557351232692
0.0375991518190216 -0.0228847471245944 0.0426246081872766 -0.0142262915507369
0.0473507559322494 -0.00228632567705839 -0.00115543636506658 0.0110078415591675
0.0377748530577974 0.00594249040848097 -0.0734666009665387 0.00583806169750315
-0.00138298049806788 -0.0151005285561867 0.0811019512181679 -0.00750900922533669
-0.0155292555042126 -0.00757153880352774 0.0128265506571975 -0.0216121698728929
-0.0175472684118478 0.00634094406310093 -0.0455351299646923 0.00833013150233732
-0.00590885778945015 0.0118473660757246 -0.0604500046437709 0.051167692500992
-0.00242205206778544 0.00920517340713417 -0.0214848094213178 0.0892379288127677
-0.00356887709159034 0.0073477706613492 0.0223088421252428 0.0884661223179359
-0.00476545747836414 0.00845272954142802 0.0500586821615824 0.0635735017327225
-0.00800146855842632 0.00612084723803135 0.0644270098716587 0.0319295389056319
-0.00981751341872983 0.00879811946920138 0.0681485639889852 0.0078863339038088
-0.0147703588281158 0.0053575107969493 0.0704961997757891 -0.0031671790224805
-0.0127823452128005 -0.00120637082260096 0.0657546370299109 -0.0049931085740476
-0.0121826292835106 -0.00233884755573748 0.0661493258794402 -0.0125105080943169
-0.010498474311631 -0.00829075804064889 0.0723605692858832 -0.0166129645629029
-0.00205445385819217 -0.0185113593791574 0.086265269667956 -0.0155851882733383
0.00774909576223215 -0.018289358445075 0.107889679136488 -0.0337791591256396
0.0336822256975084 -0.0207179426876298 0.0771573468521006 0.000473509075469417
0.0197913439475965 -0.0173961731147589 0.00874965381836504 -0.0183827026838147
0.00634026102279609 -0.013810797285678 -0.0475756936588694 0.00957407735714457
0.00490610557149948 -0.0161904720505272 -0.0613725732591794 0.0497461406124768
-0.00430174377237896 -0.0187640095422206 -0.0256376204207501 0.0859891098226018
-0.0163612143028549 -0.0165021308088444 0.0152061668391714 0.0858553773260632
-0.0247595177891091 -0.00817704682074188 0.0423293131351254 0.0629572316230575
-0.0289392289453481 -0.00790680150333095 0.0567983875953108 0.0323018500817553
-0.0320130476721486 -0.0021764044925033 0.0604818623411555 0.00477825923898329
-0.0384525021419426 -0.0117447772292177 0.0638344525984186 -0.00924178773106955
-0.029343942815903 -0.0285382810562176 0.0634192190145657 -0.0140817046232455
-0.0190004117529908 -0.038069876643253 0.0666087640252048 -0.0196212412208791
0.00227400520640466 -0.043118370491169 0.0708722695812083 -0.0210701051896976
0.0282666897309428 -0.0439366714781614 0.0762554390746034 -0.0162451489550042
0.0458855988720442 -0.0374459965468441 0.0899822468701642 -0.0284074349343063
0.0645817478908784 -0.0232005111793865 0.0572746050159949 0.00515063007118567
0.0552304967635955 -0.0254325187535422 -0.00507435057817426 -0.0181353162147797
0.0315944860781001 -0.0346078072826681 -0.0551286230677809 0.00939328632016332
0.0150693917874883 -0.0449220240834665 -0.0628525681395233 0.0465490159790699
-0.00652917642450221 -0.0463062798223932 -0.0273844691857015 0.0777075599884029
-0.0279463823338683 -0.0385390398958775 0.00568117437483263 0.0756446397800339
-0.0412556534067738 -0.0231940442350983 0.0281157534821209 0.0553066997101139
-0.0458297878704867 -0.0202866145297413 0.0415656631629618 0.0284426302716024
-0.0481761142228617 -0.0127850094638576 0.043592997608978 0.000487856728708149
-0.0573262436442801 -0.0256817504232825 0.0479201951507879 -0.0168743256039427
-0.0445208322065998 -0.0487390766933531 0.0533907907524858 -0.027015408398695
-0.0278650419326244 -0.066158295130486 0.0639132682921114 -0.0289048554673719
0.0090806395820353 -0.072371650046621 0.069644948636855 -0.023839023263696
0.052624967642903 -0.0646109640816647 0.0649829855711024 -0.00992624437360024
0.0750218222196991 -0.051847165927983 0.062763236856416 -0.0168523242819231
0.0853525106504293 -0.0246410620982131 0.0260496865188113 0.00964528245977202
0.0825948008638839 -0.0334002231030289 -0.0270110931846815 -0.0181062135905551
0.0516108186939423 -0.05478095771539 -0.0650266997729846 0.00809594797072542
0.0202782211712719 -0.0718134579795947 -0.063677504131986 0.0417429471799654
-0.0117008245389338 -0.0681946310493631 -0.0304369492963025 0.0635637585587212
-0.0378309974756349 -0.0546617797030406 -0.00621567278727725 0.0588424828240276
-0.0527694391847166 -0.0341913730951646 0.00883289092888821 0.0421324008770143
-0.0546464988365411 -0.0298184546918313 0.0199377289824402 0.0210845678543021
-0.0567122162579757 -0.0222690695455821 0.0214454262796077 -0.00621852499565767
-0.065526228098748 -0.0371727048921355 0.0278676928048356 -0.025247685556771
-0.0503421336436342 -0.0637036449536014 0.0380970315132588 -0.0388473072697913
-0.0304242006482821 -0.0845092738668868 0.0578856987721566 -0.0378163847128439
0.0168304144797615 -0.0896937899958628 0.0664269997317108 -0.0248397500205488
0.0683343744291295 -0.0742224854063276 0.0530784058529904 0.000356186181278517
0.0927006452456636 -0.0565518035923819 0.0301923867947968 -0.00214031876681952
0.092423179393478 -0.0241983959989183 -0.0131763048147675 0.0150718707959412
0.0945766131281908 -0.0397464697534218 -0.053528608412098 -0.0126275439401956
0.0603128077558417 -0.06878288610608 -0.0738356468320645 0.00777780465571109
0.0183014625201863 -0.0872511986423424 -0.0627425350553687 0.0342221295889376
-0.017837974711959 -0.0787390021889667 -0.0351041550654741 0.0437529650916533
-0.0439763881811166 -0.0603434075219765 -0.0217689229809226 0.038782672600349
-0.0568151557961611 -0.0383843631831785 -0.0135502784433854 0.0268098839464385
-0.0560901318262667 -0.0344546117278626 -0.00291815083686348 0.0103982700382694
-0.056284708292631 -0.0294178581576958 -0.00214227483935269 -0.0155935934498119
-0.0623260550194662 -0.046824978787944 0.00576030705839141 -0.0351771134981213
-0.0451578479030377 -0.0722190106079073 0.0226791158162575 -0.0509900390340279
-0.0223320326095186 -0.0911803043471557 0.0514472337853756 -0.04470454308689
0.0280970737628779 -0.0914639868128648 0.060839830970798 -0.0220939769400304
0.080056364397188 -0.0686351347577969 0.0384202699457472 0.0110064275094765
0.0984021288183998 -0.0487499511467187 -0.00369924280422904 0.0104341705798313
0.0835813772895303 -0.0203698422034631 -0.0527537059223394 0.0226285785138669
0.0884021602513818 -0.0380544109689714 -0.0766045609179383 -0.000429627324270232
0.0564745860087175 -0.0686987007579749 -0.0781234983395463 0.0107208872078947
0.0131142804108531 -0.0845013468423491 -0.0607530605988394 0.0243202854567698
-0.0200958413272821 -0.0733171756393966 -0.0421548458576249 0.0239042709862561
-0.042485823083036 -0.0553043077223584 -0.0393619413973169 0.0200910390245632
-0.0521317520338858 -0.0363926787607401 -0.0358260020754283 0.0130019378929046
-0.0485164870703184 -0.0347754693340827 -0.0257238347851057 -0.00110505320102155
-0.0474927947165848 -0.0334946303058261 -0.0233575514485789 -0.0273836574727552
-0.0493067997865517 -0.0507003171015959 -0.0113369369664797 -0.0478734160789025
-0.0297238051440853 -0.0716551713250063 0.0118499862809348 -0.0624763765044218
-0.00461307035763133 -0.0849254538770336 0.0471717776683703 -0.0486854002535778
0.0407223056787222 -0.0767255160999464 0.0541479934961764 -0.0186255147766848
0.0827312959008706 -0.0495188236306298 0.0228051452527772 0.0178332816479437
0.0912333086639397 -0.0317258341884247 -0.0354717179312173 0.0169039526267092
0.0606075965392427 -0.0117215608350614 -0.0856683305792026 0.0316240297695319
0.067099357271399 -0.0266082131687757 -0.0914365238235591 0.0148705700117337
0.0427648138543289 -0.0516278876897517 -0.0785597655050725 0.0132032300728319
0.00769886170494573 -0.0629792448107146 -0.058151228426364 0.0166784532356889
-0.015984240919039 -0.0535853846047376 -0.0505454118647297 0.00859706299002971
-0.0315078168080968 -0.0405629957854813 -0.0552566096424096 0.00657179128063874
-0.0381069756699967 -0.0286265330116773 -0.0546063254595508 0.0023128445833902
-0.0340117874874759 -0.0295745366045013 -0.0433790209107419 -0.0130288071503592
-0.0325297806012147 -0.0312861098276955 -0.0391245550888115 -0.0404771893657575
-0.0301549913646142 -0.0459325774617364 -0.0227181595135689 -0.0619039797329526
-0.0113179640685235 -0.0597428352302552 0.00782280656531617 -0.0741821321985458
0.0119531737902458 -0.0653703841841531 0.0453310206633128 -0.0522001771937525
0.0460807946310405 -0.051506869123956 0.0477502693008816 -0.0157439105216294
0.0722154586803187 -0.0248767972165853 0.00836041570272191 0.0175054761657427
0.0706566393481938 -0.0114638491037555 -0.060944093279092 0.0155498848552886
0.027286304798327 0.00347653042192455 -0.105286194524687 0.0385823729142136
0.0362934252983892 -0.00636272704920806 -0.0963013796370057 0.0269904892308236
0.0248980602392389 -0.0224543693757225 -0.0761989321656322 0.0152874629161363
0.00596153424555883 -0.028755623526026 -0.0579266018999148 0.013593000381815
-0.00467676713879539 -0.0257639052636857 -0.0576427441220607 0.00220071217579293
-0.0120001797237216 -0.0215317796069306 -0.0652340701047312 0.000745081116895806
-0.0161673220088144 -0.0178776349728056 -0.0649022052501787 -0.00496253192981725
-0.0142524124343427 -0.0198028216491222 -0.0538946477846623 -0.0223109874142981
-0.0133672529130978 -0.0218481084535789 -0.0476205141264074 -0.0523090018938815
-0.0110018390861317 -0.0305278091269186 -0.0252621616349607 -0.0758255911338599
0.0010221068415809 -0.0362462546299701 0.0105450760696749 -0.0838896702963681
0.0181953478598537 -0.0379599794252327 0.0470854390175212 -0.0543244422247851
0.0388114577657389 -0.0237661681813484 0.0435621045997369 -0.0151122837021158
0.0487102544330787 -0.00242653110281594 -0.000923339710097411 0.0109768817191795
0.0382144200166674 0.0060141878127513 -0.0746441002546376 0.00750071729173746
-0.00185618975050205 -0.0149228076502536 0.0826122486365165 -0.0109138672349324
-0.0159086782274361 -0.00744914065559461 0.0121973947171076 -0.0235342827086742
-0.0175415019781893 0.00724377738086564 -0.046940737481943 0.0100856385290056
-0.00553590882641859 0.0117079018772811 -0.0600641605973811 0.0544965500658638
-0.0020843633884843 0.00965586073939697 -0.0192895712268072 0.0918772398244251
-0.00304997419652746 0.00776147913768294 0.0265270944356299 0.0890355558656407
-0.00467133290992371 0.00876348205891255 0.0539984667487525 0.0627563616439026
-0.00799738707363589 0.00656909227867192 0.0670471883040631 0.0299218495222065
-0.00983848857903343 0.00925991855953274 0.070489836821198 0.0048386848150887
-0.0148417542604913 0.00668461127172709 0.0724991026480642 -0.00622489686739268
-0.0129804530950273 -0.000978407440663762 0.0674311957887204 -0.00767689596480846
-0.0116074041411183 -0.002596500307569 0.0670920594419961 -0.0152097787151227
-0.0109501272629309 -0.00835088707800232 0.0735563025472664 -0.0187908675800367
-0.00280233336837381 -0.0191539443004226 0.0880481938900124 -0.0188622617124964
0.00777055123806263 -0.0190674351102453 0.109368377505384 -0.0396571543270266
0.0338273879205292 -0.0221965618026003 0.0783194876867049 -0.00268929046152799
0.0204650188108752 -0.0187415413077179 0.00884028988493424 -0.0195579928279081
0.00568944914052771 -0.0140711570006176 -0.0486430600363084 0.0121665226065327
0.00414336955353458 -0.0170964292200347 -0.0611667778648919 0.0533552407990283
-0.00537337274656903 -0.0194533481874211 -0.0225772029200656 0.0883913151957929
-0.0173032213094956 -0.0162327673793733 0.0188834300779887 0.086678217659008
-0.0255552236445406 -0.0073955978099718 0.0458660709252865 0.0622469817346238
-0.0304990040762721 -0.00662565444059775 0.0595742468158417 0.0304493803605819
-0.0325350404625239 -0.0014098732975942 0.0616314405320751 0.00220160949676902
-0.0400524783686922 -0.0103566608170374 0.0654026616892169 -0.0124392417776011
-0.0320865542349613 -0.028321110079001 0.0641940393740179 -0.0172437987749169
-0.0209831487026179 -0.0385642849283408 0.0676993686955002 -0.0222571768492653
0.000690272266814526 -0.0446170670549481 0.0714784020631042 -0.0232273571138265
0.0273182590414915 -0.0463380804021837 0.0777238083350772 -0.0190661181543842
0.0454587310959801 -0.040105235448809 0.0909883247635387 -0.0333077790262377
0.0649915618180661 -0.0259389724370485 0.0587269217525299 0.00259674276577086
0.0555716263584478 -0.028262628170781 -0.00577974076022494 -0.019302964441543
0.0308623759179531 -0.0358488947263522 -0.0560803991852578 0.0115309143986717
0.013461071226137 -0.046595540423522 -0.0627440571980443 0.0503018467069482
-0.00895193171038277 -0.0471074969309918 -0.0252299379046671 0.0798318919658994
-0.0301918595640548 -0.0383018064958319 0.00948558603592077 0.0767523990254909
-0.0431529746528346 -0.0217327089354245 0.031328741181064 0.054949851203555
-0.0480893473188043 -0.0187069496781394 0.0435347391265989 0.0270164944307354
-0.0498965162666442 -0.0108253546551442 0.0442873134200808 -0.00171523853753239
-0.0599059511949514 -0.0235379417919335 0.0490530230925529 -0.0199374795493704
-0.0479890817906264 -0.048790607251447 0.0535928613611566 -0.0297001477007675
-0.0314883158587383 -0.0661934975818644 0.0649074166845832 -0.0321279779721627
0.00664657340521287 -0.0747994565098809 0.0693524153912426 -0.0260955753827491
0.0513706330525422 -0.068577296176782 0.0662489170648068 -0.0116437753911168
0.0747869888469395 -0.0558929357829422 0.0639170959795267 -0.0196835328866537
0.0860261767341787 -0.0282237940551384 0.0266494922180637 0.0084408467472529
0.083582978886899 -0.0377312463930973 -0.0285058774194593 -0.0181776772958894
0.0503005559420364 -0.0573660404691755 -0.066515306844382 0.0101015716323316
0.0172590790928609 -0.0740301172554858 -0.0634945517542199 0.0447895919614032
-0.0151917561511838 -0.0695245263593813 -0.028124911173994 0.0654291124146067
-0.0413895719432416 -0.0537426005468026 -0.00373104651442695 0.0606367433074393
-0.0553922197209881 -0.0323534959764245 0.0105095531418787 0.0429461535800053
-0.0579650112856264 -0.0277815215855048 0.0219028660114814 0.0201595704539761
-0.0590299888556724 -0.0202774396192266 0.020984200405464 -0.00768405108021644
-0.0689810992607522 -0.0353412993097922 0.0274780770112988 -0.0271372124028643
-0.0550607507901351 -0.0637515798916951 0.0378229641962553 -0.0418130481377973
-0.0354040613854995 -0.0850861363371239 0.0586861178053474 -0.0412232167779073
0.0137664954118413 -0.0927778181917972 0.0658919098457484 -0.026962847833588
0.0679188285088962 -0.0789682937740968 0.0537009843343202 -0.00133098481025601
0.0928432810916422 -0.0617579677912867 0.0313894717770724 -0.0035043242414426
0.0931400860737995 -0.0278719989132285 -0.0131985849364376 0.0149718727519894
0.0951992099224019 -0.044707756874743 -0.0541589863909963 -0.0111329895767758
0.0589145939626044 -0.0723270705226488 -0.0748828475222069 0.010697546487654
0.0148843127203544 -0.0903757927136307 -0.0632262956339847 0.0366823864018266
-0.0215616194599534 -0.0797099405659492 -0.0339187490816412 0.0454574614399056
-0.0476406169300487 -0.0595852371535091 -0.0208481944164561 0.0405457577779828
-0.059950595279616 -0.0366241632911342 -0.0129373210574924 0.0289309414358549
-0.0590411251533084 -0.0326940276436168 -0.00276296502291173 0.0105826669285156
-0.0594924803675245 -0.0277270127775356 -0.00331453846571569 -0.0158241021657079
-0.065823819246741 -0.0445036175162587 0.00479395539712883 -0.0372280618476211
-0.0500309230754557 -0.072739767567469 0.0213470083296733 -0.0530107522643902
-0.027222081427327 -0.0920803026114065 0.0514844057599164 -0.0481321301564196
0.0253805467066349 -0.0945637592298121 0.0608822169563464 -0.0245160126947804
0.0793432951460719 -0.073769119983302 0.0398150902130357 0.0104164491598026
0.0989043939120325 -0.0539886725020129 -0.00264920173408585 0.0113633632673867
0.0842065763957103 -0.0234776440092203 -0.0536081449406478 0.0245621808100303
0.0889482055374403 -0.0426179989230033 -0.0775695638270516 0.00234652143983665
0.0549748982160833 -0.0719747691419554 -0.0791883951475275 0.012950695603986
0.00973977538148052 -0.0867367918228942 -0.0611495583703202 0.0267319201856889
-0.0243221224876889 -0.0745140561281172 -0.0427248652019242 0.0252508055532799
-0.0459538903751218 -0.0538342431512412 -0.039847292511442 0.0222304126118273
-0.0549562636219904 -0.0345628537525577 -0.0365954790467214 0.0155608352940471
-0.0518523374358895 -0.0334461255471784 -0.0259483488999476 -0.000487887659724337
-0.0499574029703578 -0.0323184411923985 -0.0258109244661673 -0.0268523508279376
-0.0525529804359398 -0.0496743157594432 -0.0144141206160879 -0.0487324582497548
-0.0339823165071123 -0.0724079538309306 0.00942964261583471 -0.0648403884021546
-0.00833785424774039 -0.0864785223890583 0.0462836150431404 -0.0517541171760035
0.0389365244111318 -0.080166951203206 0.0539646213583282 -0.0206456537565373
0.0824563174799651 -0.0543832594958282 0.0238525311404904 0.0173468263375483
0.0919387173978195 -0.0362215681748583 -0.0346906852416841 0.0192741038486723
0.0606751688656341 -0.0141559110265403 -0.0869829175082009 0.0354034211568946
0.0669999677862535 -0.029596532143361 -0.0928044715403642 0.0181448219663935
0.0412134825340215 -0.0543827731075823 -0.0795175633253894 0.0156456238363819
0.00482786136761179 -0.0643290931645029 -0.0596182867888196 0.0185708218002095
-0.0186648836587236 -0.0543840237953361 -0.0517073480238882 0.00963401837762692
-0.0343892097724734 -0.0397720712936941 -0.0567036187472221 0.00909267368988891
-0.0402034341071866 -0.0276695973949741 -0.0556651934525648 0.00479433985930225
-0.0360906461417866 -0.0284313485528842 -0.0448351583634806 -0.011290362773493
-0.0344667686204546 -0.0308366462182956 -0.0426045228141597 -0.0393707575439305
-0.0329820723426023 -0.0453889553915379 -0.0255019327131746 -0.0627617316527332
-0.015066045231662 -0.0606770082907724 0.00503935043459381 -0.0763070185944731
0.00902630764982143 -0.0672056808539651 0.0450375833456676 -0.0555222585843514
0.0449336287456639 -0.0545767784972704 0.047996097573038 -0.0175654217106213
0.0730394075364123 -0.0281571566737141 0.00899231047374867 0.0175262674432303
0.0713330211716788 -0.0142330390842112 -0.0606119757530302 0.019295017315927
0.0272070072347874 0.00220463238748206 -0.106624911310002 0.0436254541220697
0.0366089797415437 -0.00795107426753421 -0.0961834212170476 0.0311471030442774
0.0241524242232028 -0.0239546813034095 -0.0773128399172611 0.0175513326678024
0.00459297522317525 -0.0293969362249381 -0.0590715657967912 0.0147660259727726
-0.00620145685645166 -0.0258003109457014 -0.0588098416166186 0.00363549480814256
-0.0135928515913044 -0.0212973298405982 -0.0668726312931569 0.00371854372906677
-0.0177482568988772 -0.0176996226033622 -0.0668174171796721 -0.0010281352739178
-0.0155834084904963 -0.0193610593154751 -0.0560614894150306 -0.0206910727724973
-0.0145431713178994 -0.0225751303621941 -0.0512842889439402 -0.0511385945120605
-0.012193576176186 -0.0306344385354025 -0.0290431691523331 -0.0763662517774372
-0.000662185743352851 -0.037211031482491 0.00746651022308901 -0.0863887118995227
0.0166007779110825 -0.0393544695871613 0.0470212744992423 -0.0581557493451854
0.0380112434158566 -0.0257324596740517 0.0436578221321964 -0.0171845912930249
0.0497431060153537 -0.004348467164088 -0.000903285650253129 0.0117766778826694
0.0387114002964967 0.00462268539516233 -0.0758296898516301 0.0116511320671546
0.0047010626951985 -0.015040755321884 0.0793446079885242 0.0270392655568868
-0.0106702695744542 -0.0136324864089986 0.02235288969126 -0.0155604601507592
-0.0181127242372632 -0.00087858563023167 -0.0453659984692739 -0.011209966534919
-0.00949521408093342 0.00754222813191347 -0.0790357723585819 0.0231403222552027
-0.00451223369279679 0.00700061882584968 -0.0584092531632516 0.0738293266260685
-0.00553458762367365 0.00529265039353095 -0.0151031276323702 0.0914618382569948
-0.00706460482315962 0.00619700539029189 0.0209562347084388 0.0802672170480062
-0.00982615330981226 0.00212287719960132 0.0471157206774248 0.0554275222145705
-0.0127235482037404 0.00371120060715188 0.0603213640819925 0.0339035685958116
-0.01628207023708 -0.00126517498173229 0.0681534414791633 0.0251979623986506
-0.0107709917874988 -0.00713172923473583 0.0639569155979139 0.0228869203243235
-0.00856190458148361 -0.00833661036642594 0.0665798660118036 0.017075948098039
-0.00482647179849984 -0.0122095340054371 0.0737905660244463 0.0167955543918695
0.00693839758925345 -0.0189436440955294 0.0885746997026664 0.0249021780593586
0.0156025747666728 -0.013879149862548 0.11701214102626 0.0167949827994447
0.0395513843266643 -0.0054513243508772 0.0712838613216399 0.0313229312831504
0.0269594558042607 -0.00816919298370293 0.0158348404489653 -0.0137593019233912
0.0122684760464084 -0.0092311766926282 -0.0494656559545544 -0.0103875702342885
0.0120346736780168 -0.0135516237301329 -0.0794034676243776 0.0207153353304765
0.0052238789883283 -0.0204950311905157 -0.0613927641904625 0.0686996556036053
-0.00783591441396568 -0.0225133483713659 -0.0218055455556369 0.0865303098712666
-0.0197435025960958 -0.017119000901538 0.0136816314596656 0.0763236381993823
-0.0246142102701491 -0.0198550052070908 0.0399463730817659 0.0527431408867233
-0.0282956426313839 -0.0153825299060686 0.0541880275220669 0.02794274365967
-0.0313756389069402 -0.0268249765577548 0.0641902020672352 0.0165884179073967
-0.0160505998442183 -0.0405127464768233 0.065940937065147 0.0119972291135491
-0.00106485137651487 -0.0441585033705425 0.0705699946445371 0.00978873563523276
0.0216928444567595 -0.0401094912153854 0.0744822782764092 0.011953714013858
0.0465349675301881 -0.0299476771214375 0.0794170582916417 0.0204830745214871
0.0587990298799644 -0.0163362676828717 0.0975287869304349 0.0149591886404734
0.0698196358916995 0.00469851056941606 0.0508495980156521 0.0270019027467322
0.0632306777437204 -0.00133699420305725 0.00253548023822688 -0.0209717678526563
0.0449095281281615 -0.0176896983765781 -0.0566982706604805 -0.0154632673100811
0.0332828344305323 -0.0361851733828881 -0.0803694969892117 0.0163522688983084
0.013970558053761 -0.0467548900660129 -0.0601466202567491 0.0605110263736682
-0.0102549770917971 -0.047841180843676 -0.0270160065404532 0.0737526911359719
-0.0290901131076726 -0.0378949355593427 0.00315026250526114 0.0635704669537065
-0.0355853825159806 -0.0380130249373327 0.0268138220252743 0.0426860845167535
-0.0398780784667574 -0.0322696645377326 0.0401975064295969 0.0170569808527397
-0.0435673683758033 -0.0469186600166664 0.0527635796020195 0.00222347870216883
-0.0220706358440268 -0.0658483451808451 0.0618922357437633 -0.0052707585217153
0.00177977374334201 -0.0737202381837181 0.0731279036275655 -0.0013648227821259
0.0405911633495162 -0.0638898379023781 0.0750607762198569 0.0081363992650848
0.0769848529377315 -0.0391809445473529 0.0654198482948822 0.0222824959785352
0.0916210990193812 -0.0172122180315164 0.0671504055894517 0.0142471481396262
0.0895023166916117 0.0138991140447119 0.0198671805931942 0.0162549249384387
0.0925638080595402 0.00326289061110948 -0.0193080273548517 -0.0298524003281173
0.0720190441808722 -0.0277535977720231 -0.0656286954606993 -0.021280624262954
0.0489400988751843 -0.058079642492131 -0.0797847674930116 0.0113967191163793
0.0189483665353996 -0.0691123034957026 -0.0574072603779546 0.0454626170071989
-0.0135779171752783 -0.0662899689946559 -0.0314355522375789 0.0534812586128093
-0.0355194588948773 -0.0533193490714505 -0.0101011155380325 0.044026842612315
-0.0412758884303635 -0.0510997874516799 0.00953402979036601 0.0270493291392262
-0.0444933131397007 -0.0445681974343633 0.0222532686499223 0.00187642282810307
-0.0473498695316377 -0.0611560100023755 0.0366763328771371 -0.0144559743774466
-0.0225063116255175 -0.0820650566046034 0.0529968081689394 -0.0227516896313606
0.00628329321651843 -0.0917124574383439 0.0722708056832606 -0.0133456697971926
0.0552263506971528 -0.0773208686199309 0.0726812038125989 0.00623817244462669
0.0964982710665232 -0.0412244564569184 0.0505202981756435 0.0260683671945795
0.110266119947126 -0.0147364931846137 0.03021897387485 0.0134600206985879
0.0958790716063718 0.0164473233154761 -0.0196996055761273 0.00423160671694792
0.106260736316626 0.00217681005242533 -0.0459935398516694 -0.0355009760960686
0.0863068926895774 -0.0377281665414778 -0.0742299331599101 -0.0251234234965133
0.0530689169296461 -0.0734790597316008 -0.075856087743271 0.0037790444160435
0.0171133170469075 -0.0814799417622027 -0.054318564699587 0.0258713733132387
-0.0170571195082151 -0.0740624757816944 -0.0382628970022653 0.0281758687493474
-0.0383653719963868 -0.0587438947056555 -0.0256912574479724 0.020719367356772
-0.0395292353401242 -0.0564047609415961 -0.00774872451795676 0.00857231207521163
-0.0415984677133123 -0.0513831729149046 0.0041884319515112 -0.0160374350152367
-0.0410533770489589 -0.068425143808475 0.0207024620231555 -0.0317816136145083
-0.0146425433162031 -0.0883391962388451 0.0439160654781248 -0.0402802696188778
0.016449026739369 -0.0949199326525834 0.0695673216830416 -0.0218667241678037
0.066062050263441 -0.0738998832466458 0.0670229492286234 0.00534966185820141
0.105064220585225 -0.0312863160715861 0.0312432592708187 0.0298700882237765
0.111917746060918 -0.00488893616432334 -0.00821551908280015 0.0108919392223569
0.0866463599834399 0.0167064301682665 -0.0602914764068198 -0.0047504962358076
0.100259380774662 0.000995199053705105 -0.0734321541375696 -0.03406799975055
0.0828164353594942 -0.0392535811748262 -0.0792581316440113 -0.024765670225952
0.0469522574513912 -0.072290532031942 -0.0694726143037469 -0.00453069132890225
0.0118054374481373 -0.0767965617979089 -0.0525851120413349 0.00357354851135897
-0.0179845034966575 -0.0680553707506464 -0.0469061428429683 0.00307771774843355
-0.034794931112805 -0.0547422813317351 -0.0400582640753728 -0.000937988299784109
-0.0327517384863839 -0.0535481130345884 -0.023404894401784 -0.0109886675389074
-0.0317426588862851 -0.051129981797971 -0.010913444211278 -0.0353851428046891
-0.0269879365482016 -0.0670300453159549 0.00914242919013451 -0.0501800508431954
0.000304770675010541 -0.081352700920246 0.0385990800550797 -0.0560410729070597
0.0297154656726916 -0.0810276992908566 0.0670176847479842 -0.0278044842543848
0.0711112254252293 -0.0553097085601451 0.0598188955832335 0.00607705248645023
0.098788244346457 -0.0131975846275656 0.0135634969183729 0.0293639736928548
0.0977732582828659 0.00807273941256059 -0.0406278841958914 0.00292059860058154
0.0612568468598999 0.0153648789912351 -0.0950184512158121 -0.00845954016706965
0.0753416343710695 0.00235243889990477 -0.093748301611662 -0.0255012415245298
0.0625868720509441 -0.0294663292025477 -0.0799482245529057 -0.0217169379015658
0.0333193871463855 -0.0549946149198097 -0.063702780182746 -0.010367929386872
0.00686883890511782 -0.056400202974782 -0.0529823154556849 -0.0143479082724489
-0.0135248099454466 -0.0499029979828083 -0.0562251675861278 -0.0166139696738836
-0.024742034277162 -0.0414890463755463 -0.0528116339354107 -0.0188824142725708
-0.0206563689397996 -0.0419794659059223 -0.0349375378712994 -0.0289988394671014
-0.0181752541762131 -0.0428370558292272 -0.0209895699302381 -0.053612743813177
-0.0110440411752069 -0.0552927318785597 0.00392064455204486 -0.0671097893462838
0.0118716988479352 -0.0614239775275937 0.0399168938349458 -0.0676199693429495
0.0371147662848597 -0.0573138693894588 0.0674284125606123 -0.0302844385565559
0.0655990992384806 -0.0287466642583864 0.0522405230019422 0.00579455239776446
0.0784247444676533 0.00677968909861126 -0.000528050057679274 0.0226545155366563
0.06988065633647 0.018486822683275 -0.0641419879563208 -0.00940585131258222
0.0249152563998196 0.0145251103103719 -0.115697280644183 -0.00917746123240281
0.0377708883331559 0.00934746733281772 -0.101194471158204 -0.0156407943921609
0.0339666512380952 -0.0103774218968544 -0.0773651305379487 -0.0194462970553713
0.0178435683658976 -0.0238546119696846 -0.060198115096527 -0.0133562189053349
0.00571819476829275 -0.0247395444082165 -0.05564652886751 -0.0233207278602506
-0.00275913261931866 -0.023740426622858 -0.0620764739413583 -0.026600680175396
-0.00909790086977866 -0.0229542887323536 -0.0598076366427414 -0.0301796709031212
-0.00618208133615538 -0.0245094232071314 -0.0414276899688366 -0.0427207092828658
-0.0044324091289442 -0.0264586812347043 -0.0234389807925041 -0.0676705831561989
0.00108964812826931 -0.032909551602511 0.00678696786324984 -0.0802637125506012
0.0149199111825612 -0.0341750485396311 0.0453062387305964 -0.074151515298539
0.0319039289975097 -0.0291020358331258 0.0695569382781454 -0.0315435709030397
0.0462418692187473 -0.00539720682834057 0.0483438811392315 0.00542385995448216
0.0462787182853876 0.0179846174907958 -0.00723163546963206 0.0118669266567051
0.0320314023450248 0.0208765061540338 -0.0734423000835973 -0.0243912307811831
0.0048197091980705 -0.0145522558684237 0.0786358889835296 0.0227286616873554
-0.0113428177482456 -0.0132780732861683 0.0214913102034799 -0.0167271367915443
-0.0177825177662629 6.59655164694632E-05 -0.0452289823551677 -0.00902829642718956
-0.00865313829614062 0.00832085377773987 -0.0759570633550627 0.0264580241437302
-0.00405613926203655 0.00701513601894196 -0.0537586403951414 0.0749568169460519
-0.00477039444381145 0.00482812650039232 -0.0110143816766816 0.0900399646327781
-0.00649707572979381 0.00599224205859018 0.0244059406391724 0.077085834688692
-0.00953977082387008 0.00272274925015256 0.0483874890709459 0.0516835727259948
-0.0119690262387513 0.00413514291167231 0.0615460574476626 0.0303389164642215
-0.0155333715199933 -0.000411729832714893 0.068338421756575 0.0216144486551208
-0.0109831350235134 -0.00712374096694185 0.063570342396563 0.0198322407720554
-0.00847268621070023 -0.00750989432858164 0.0652958595386823 0.0140868018223879
-0.00466221145194884 -0.0122979940937843 0.0720106334122188 0.0143572900131991
0.00626715853279111 -0.0189078210938777 0.0876562895521434 0.0208194152394612
0.0151643955918128 -0.0145760220424608 0.115795253555327 0.0110128566073928
0.0392284108116375 -0.0066281383364366 0.0710026338287423 0.0270552589924063
0.0258113454042846 -0.00962622072752775 0.0156182160064204 -0.0152040134886755
0.0116310946744494 -0.00956975622237673 -0.04837740520893 -0.00875087053662653
0.010670574105047 -0.0135856770027556 -0.0772643279617938 0.0235860346322289
0.00423209831106562 -0.0201321881424951 -0.0566555237150702 0.0699049733480275
-0.00858791218379015 -0.0215863359452379 -0.017308579498627 0.0855509359987309
-0.0198979056274174 -0.0157026000352877 0.0165646556526335 0.0730666729263924
-0.0253149909531476 -0.0178792177761081 0.0416170902194736 0.0495486327827216
-0.0286559541443529 -0.0138026872875436 0.0547425797402582 0.0242323023046444
-0.0325471932525466 -0.0249034681829986 0.0643008482330851 0.0127406527942189
-0.017925060560683 -0.0391105692913756 0.0654506106765165 0.00871085345739871
-0.00266445318982368 -0.0436913344992365 0.0696329983533036 0.00662559339905232
0.0196467147611853 -0.0405811424243735 0.0728150675789913 0.00951981680325568
0.0442944348501278 -0.0315188781990315 0.0787290236889752 0.016914986010312
0.0569159793447028 -0.0184139174670474 0.096480367442838 0.00977672818599581
0.0680748656019843 0.00229329021395393 0.0510530951394414 0.0231220055230247
0.0622976773568882 -0.00415113187372424 0.00186323699255724 -0.0213727164079575
0.0429362426207907 -0.0187904662936839 -0.0557166617856008 -0.012990014266064
0.0304756589475568 -0.0365496889539013 -0.0780910522304864 0.0196469025250978
0.0115471159145473 -0.0463452840728469 -0.0564757995489024 0.0614589987123571
-0.0123375816831338 -0.0464871922026814 -0.0224160908755216 0.0734064798341007
-0.0303652244243717 -0.0360629876988714 0.00578884550938618 0.0615392174273145
-0.036929829878894 -0.0358619687327681 0.0279266461093473 0.0399361088333577
-0.0411123400989126 -0.0299687002337818 0.0397680127559144 0.0140336508894731
-0.0453711630162551 -0.0438154908838879 0.0524319272808186 -0.00075461300046252
-0.0254725905337727 -0.0644568654443322 0.0613809482087554 -0.00740065467062283
-0.00171125618697957 -0.0726765487494159 0.0716020284124016 -0.00462621978334017
0.0370187648294733 -0.0651231997821261 0.0731433542200225 0.00566717127972271
0.0742870531159408 -0.0422378664170778 0.0654055927107116 0.0190770216775079
0.0892676376000743 -0.0210095168264799 0.0666491497366712 0.0110921509915192
0.0879310680705653 0.00930450414493129 0.0196525799176993 0.0142222637322495
0.0910228781683744 -0.00128242675947434 -0.0192321303875288 -0.0293319480706077
0.0692171773134823 -0.0303011819492019 -0.0649801504618894 -0.0181397462971389
0.0448510210548306 -0.0591752380008477 -0.0777754513370722 0.0138985563303622
0.0144539848024263 -0.0688268720509484 -0.0545558908036285 0.0469990105825815
-0.0161810159867678 -0.064082414926975 -0.02841676632891 0.0533273728221215
-0.0378775226732248 -0.0497051926965724 -0.00810764652082425 0.0433016612125482
-0.0425649765037507 -0.0478173693695139 0.0105462194241727 0.0259744696108624
-0.0459568785743777 -0.0417304113164468 0.0213584122593622 0.000170267776378368
-0.0493378248138233 -0.0576647660060053 0.0359127535653167 -0.0163671791055012
-0.0266734652896346 -0.0803356192444429 0.0519220260874974 -0.0255747902375229
0.00121003625188106 -0.0905232703983282 0.0706114280631492 -0.0158778385309173
0.0505404102112439 -0.0786294937725709 0.0704010708222482 0.00314328445254047
0.0934895047668367 -0.0451446653921656 0.0497511751489271 0.0237147441098497
0.107543497300466 -0.0189311156881714 0.0301740443728481 0.0120810435386235
0.0944006276309238 0.0127702843823996 -0.0191714539883258 0.00438441007466896
0.104738036767472 -0.00246709854187282 -0.0456741921779613 -0.033437216927157
0.082763436323561 -0.0401405874172543 -0.0732052286234137 -0.0213173144186029
0.0488771475395843 -0.0744213311695472 -0.0744688190063351 0.00641512570750663
0.0125486057818003 -0.080778932368639 -0.0517742290798061 0.026876931722446
-0.0203133417714464 -0.0715084714934305 -0.0359515414986191 0.0290612630002776
-0.0405653231766456 -0.0552513201423344 -0.0239232287890976 0.0221438229675727
-0.0424703480322026 -0.0530932537370347 -0.00686385796789653 0.0082581486692554
-0.0433458280493335 -0.0480576602219891 0.0025764265675825 -0.0163583507042819
-0.0435408795497727 -0.0650587560770254 0.0192164957441661 -0.0332303125593953
-0.0186362796613897 -0.0858603802624906 0.0413688982628968 -0.0421530286698101
0.010836081212246 -0.0935918971940152 0.0674083862091506 -0.0249378482489091
0.0610086540962316 -0.0757583990301795 0.0650251153974477 0.00291049119008212
0.101250681545479 -0.0357092435953492 0.031980773937692 0.0284058943346034
0.10935140619902 -0.00946322457875379 -0.00685290256673544 0.0117312812134455
0.0848723365144056 0.0129859985294175 -0.0593642698565922 -0.00290249022761163
0.0983964054972198 -0.00375886509273883 -0.0726778530114226 -0.030687084217715
0.0789119401883603 -0.0417329511303152 -0.0783908271800864 -0.021101374090618
0.0426672312079237 -0.0734386138060739 -0.0683509515811959 -0.00156309505685541
0.00768904188352341 -0.0759076210335747 -0.0512140118665609 0.00549197087735713
-0.0209161659977441 -0.0656875451203161 -0.0458723031019754 0.0046290293657435
-0.0370685008079851 -0.0515240260214989 -0.0394609194959678 0.000896013808584707
-0.0348115395247733 -0.0504667571768447 -0.0231177449353613 -0.01035260252074
-0.0338042565718723 -0.0490089806350717 -0.0130173935255648 -0.0343983502117558
-0.0296669866278606 -0.0641584143825567 0.00674787125329063 -0.0498375109263334
-0.00421628139035537 -0.0796399946183838 0.0355051928742459 -0.0564512352226011
0.0248391838190282 -0.0812774753031358 0.0650644821810561 -0.0302329236966336
0.0670660003308308 -0.0568207408197489 0.0583442351852674 0.00394896760492572
0.0962944002725777 -0.0167813371789352 0.013982993061842 0.0281564292016174
0.0958059243971219 0.0036190972768919 -0.0393987545882614 0.00499545516373253
0.0601772685724342 0.0124643963048532 -0.093293616768011 -0.00493295238869408
0.0736116402689783 -0.000971032561844781 -0.091423322267933 -0.0216236451129629
0.0596776036986362 -0.0316567208177045 -0.0787238074252891 -0.0183267005438665
0.0298728218494377 -0.0546296986515918 -0.0624161799060559 -0.00816900311384139
0.00396013182843589 -0.0554903362019979 -0.0524574062865955 -0.01256971366618
-0.0156693048847911 -0.0477672958981427 -0.055963494811039 -0.0137178397271902
-0.0262843161136526 -0.0391929125713163 -0.0524923023943676 -0.0155088816232408
-0.0227697726916406 -0.0399740206142641 -0.0357079707546461 -0.0266262143970879
-0.0204652553270651 -0.0409295143434041 -0.0231151923779249 -0.0515916746888462
-0.0132297957166535 -0.0534687949528162 0.00141191722413967 -0.066370939909311
0.00832799998765079 -0.060797112454461 0.0359137373159746 -0.0678730766006608
0.0332790526844933 -0.0570882261457459 0.0644754962512287 -0.0331404588822851
0.0622058219713517 -0.0310768191577758 0.0514524124412695 0.00355562967241968
0.0771370407141723 0.00251634371579552 9.27676846779186E-05 0.0219905324580098
0.068686062209736 0.0145690254410608 -0.0623387887151791 -0.00594265563759491
0.0239140506427347 0.0137621194115327 -0.114058066339606 -0.00412048857269163
0.0368146759220713 0.00756681125037803 -0.0985674912199807 -0.0108719094921942
0.0320785037015189 -0.011313453601835 -0.076811248651992 -0.0159320849796191
0.0162098769106255 -0.0234094682325626 -0.0592506945916549 -0.0114046395129385
0.00484256270522807 -0.0243624149419714 -0.0554850697173215 -0.0209835016500215
-0.0037668124456158 -0.0227011815803804 -0.062701917133679 -0.022871280017068
-0.00969427032481061 -0.0217390027999503 -0.0598766501203663 -0.0258505118516268
-0.00726779934600658 -0.0237863740261263 -0.041806640179391 -0.0389908264360763
-0.00556009219876522 -0.0259671126385109 -0.0261346513265401 -0.0645275825579944
-0.000373443171849392 -0.0324731171579962 0.00341175827192322 -0.0792134372097511
0.0127366632599652 -0.0338981159088417 0.0406464241360255 -0.0753188766960699
0.0295136468516027 -0.0294278946696468 0.0667572087133458 -0.033578492169107
0.0446033357014683 -0.00773012878137964 0.0472092377067929 0.00278254785524161
0.0461350120740756 0.0154717715403157 -0.00651541158524206 0.012293800582969
0.0323341099101313 0.0194051526401048 -0.0728768699312928 -0.0191608896685369
0.00460910220397306 -0.0142165433635918 0.076829229605977 0.0195509659536287
-0.0111199223251036 -0.0128434503930584 0.0213006504329057 -0.0173997629129237
-0.0166312444324434 0.000417006760610627 -0.0438656150937645 -0.0076516269281363
-0.00846981033181519 0.0079914807273538 -0.0735753219134569 0.0275846499687127
-0.00366029242343308 0.00643762269445496 -0.0511387886067102 0.0736849920041264
-0.00433135543669234 0.00442903307486804 -0.00773209780647527 0.0872969563898819
-0.00614359803744839 0.00581164294952203 0.0266073934399203 0.0736944418479959
-0.00938608889769056 0.00260968504146067 0.0487803038172312 0.048398374631149
-0.0109557924982383 0.00426860630210631 0.0610755579707924 0.027245729685714
-0.0152967536703014 0.000124422564025561 0.067520049478935 0.0188054595698202
-0.0108629669545666 -0.00708765241590189 0.0631602942540699 0.018271616465593
-0.00777458314515389 -0.00767886126243464 0.0630711575929022 0.012726325114737
-0.00496994573065677 -0.0118067068694819 0.0697391352193689 0.0132367465840736
0.0056638989664665 -0.0188874763874419 0.0855812849210273 0.0185670751295036
0.0146524814982752 -0.0144941506882708 0.112577028239753 0.0073662403362429
0.037727146946322 -0.00763257261895312 0.069574625606583 0.0241575095163411
0.0250139874145836 -0.0104174685574385 0.0154022993591358 -0.0163306333599838
0.0113290392103583 -0.00938987369476262 -0.0464352369013505 -0.00748013006108571
0.00979861233197885 -0.0138842721176988 -0.0747889540239307 0.0247977969563697
0.00335088791263464 -0.0200607518081226 -0.0538010570329346 0.0693555498131241
-0.00921522455592757 -0.021258504674725 -0.0145526229771374 0.0832951832140019
-0.0198212492628147 -0.0152181116232383 0.0187103011010667 0.0703791599557996
-0.0248613455910303 -0.0171432247274922 0.0415885604297254 0.0462100335082516
-0.0281288160530697 -0.0130185640075699 0.0533979021017069 0.0220310690956374
-0.0322830539179623 -0.0231298128274194 0.0630077857217908 0.0105599359670645
-0.0188256466734938 -0.0381520563023892 0.0646004767205118 0.00712410202472237
-0.00386966820945647 -0.0423078952965922 0.0676652455349769 0.00490476336290455
0.0183738763202381 -0.0398346301062718 0.0702553846436736 0.00827954982083112
0.0429154456854672 -0.0321313218991544 0.0763885279908125 0.0142286693256127
0.0549771367256673 -0.0197627216228528 0.0939094026615635 0.00693698846914546
0.0660879381414326 0.00102379096821059 0.0496692264673721 0.0202790709372011
0.0605224198778455 -0.00602772759629141 0.001980987245662 -0.0212593155491864
0.0410344521076208 -0.0189849921965366 -0.0538052532459875 -0.0115302792884936
0.0285215177370786 -0.0364568863937583 -0.0759237546748776 0.0207072199299423
0.00991214747560511 -0.0457744948007338 -0.052937726874732 0.0606001840323354
-0.0134612015024738 -0.0446446118695237 -0.0198419856340622 0.0708418387181207
-0.0305732963901201 -0.0338666908673621 0.00748927829439017 0.0594239907193539
-0.037428856263678 -0.0336979531389988 0.0284892819607468 0.0377564705328641
-0.0406866980319606 -0.0278437570324064 0.0393448323922229 0.0120538764877938
-0.0455196828981839 -0.0413821449806295 0.0514841023930768 -0.00266912344004274
-0.0270445250033399 -0.0621430284029008 0.0593269819131114 -0.0093626181850218
-0.00358151206041841 -0.0705506241882359 0.0702414774055921 -0.00606094754938706
0.0346862171640881 -0.0643553485393471 0.070289294665472 0.00443746940683163
0.0718877429880621 -0.0431646506661838 0.0638472150928465 0.01715466489853
0.0866262103588029 -0.0230162600789032 0.0651488168841706 0.00902842430159991
0.0852289147525334 0.0072987970755775 0.0191265925550655 0.0129747603643461
0.0885962810853224 -0.00423342937477462 -0.0186052891731956 -0.0287686363892816
0.0669312279099933 -0.0304338377483135 -0.0630169804782112 -0.0162781451182384
0.0417261143590255 -0.0587915946659718 -0.0758155992436272 0.0146710699366617
0.0120989881987597 -0.0672506503084014 -0.0514544839560114 0.0458870057729288
-0.0181847613557447 -0.0619425181203364 -0.0265499905501414 0.0521211438037488
-0.0380038791647117 -0.0472436501280462 -0.00673731480962843 0.0424236566602649
-0.043464242476388 -0.0451719707933158 0.0116211122889421 0.0247121421300929
-0.0458894807318212 -0.0395373232889979 0.0206975181146046 -0.000397180363429402
-0.0499638448995613 -0.054381740436795 0.0348237826352969 -0.0173056910397539
-0.0283944215413946 -0.0777805786402733 0.0501341793593844 -0.0264971973753692
-0.00160739966548772 -0.0879251291416696 0.0686157165055681 -0.016908382562204
0.0466468824289614 -0.0779058761073686 0.068429048869126 0.00184002661054319
0.0902612949850684 -0.046756074949708 0.048776263915082 0.0221591206023555
0.103934808331919 -0.0213188092773564 0.0298084278413276 0.0112258272204664
0.0915065412311787 0.0102411868755459 -0.0189346809129132 0.0045005419811425
0.102141990010883 -0.00532755654356549 -0.0445400069903754 -0.0323139288949927
0.0798651226211695 -0.0403473189454974 -0.0715127432411232 -0.0194064970017214
0.0453547004302713 -0.0734426008941456 -0.0721802050204291 0.00769805390884884
0.00928347514112501 -0.0788099159440152 -0.0497424844918361 0.0260698776306125
-0.0220115131806665 -0.0688712005214638 -0.0340779708204305 0.0286360990045439
-0.0407829516669948 -0.0523549900050713 -0.0225424841410363 0.022422085065345
-0.0431648287140268 -0.050186952093775 -0.006362657840857 0.00801115670665534
-0.0436901339818798 -0.0455873917395786 0.00199592878956274 -0.0166151848367427
-0.0445465181936913 -0.061574694391668 0.0175785512844246 -0.0329714177796164
-0.0217704652779883 -0.0831228810630416 0.0395301306758946 -0.0426584403228954
0.00780013621968311 -0.0912474020475585 0.065424798499462 -0.0262135125174659
0.0572596855993559 -0.07543207895995 0.0631281139583991 0.00191378474843902
0.0981406135538452 -0.0374784168198048 0.0315368527668874 0.0267818925710586
0.10603043635904 -0.0121860987388861 -0.00597957144011278 0.0117400073700326
0.0825282154077857 0.0108165157961738 -0.0574117827422069 -0.0016046057236639
0.0956686687089209 -0.0061687560347144 -0.0702945920422668 -0.0285754928199985
0.0757213997056462 -0.0423295872405235 -0.0766396553066312 -0.0189048014657146
0.0393050400752553 -0.0722543780283695 -0.0662996386266358 -0.00050441104947081
0.00531643822969584 -0.0742073038787223 -0.0489808165096014 0.00521751061284972
-0.0219030293670544 -0.0626576873215609 -0.044856673028712 0.00557803794470282
-0.037320424131264 -0.048469391268713 -0.0384751775968377 0.0025461005033845
-0.0361063374671124 -0.0474367189134258 -0.0224143262925402 -0.00941909446082296
-0.0346287299713409 -0.0463720550093135 -0.0137268125108445 -0.033057831238177
-0.0311347527911037 -0.0614807376132498 0.0051343657644801 -0.0495521749617918
-0.00723465990316215 -0.076874347385871 0.0328332936676015 -0.056565969891938
0.0214147526338883 -0.0790392064410621 0.0629829455198255 -0.0313728916566201
0.0632879289638481 -0.0574115782551091 0.0559798381155273 0.00229387022050508
0.0934030614795818 -0.0193423208634123 0.0138901319014745 0.0276372828802781
0.0925542323038134 0.00112003019444478 -0.0370505446001341 0.00674015012393571
0.0581160731002311 0.0104569553314801 -0.090973569208563 -0.00305455973670002
0.0714990164861269 -0.00254114492232366 -0.0884005609328406 -0.0195104082798328
0.0571276141430663 -0.0320637438171286 -0.0770873848932737 -0.0164025753207416
0.0276413918232709 -0.0542021241091225 -0.060696270423282 -0.00646271047777674
0.00201069340958536 -0.0538766633564435 -0.0512406618662931 -0.0113730142624625
-0.0162094125892174 -0.0457152228184699 -0.0556539870951202 -0.011907789328518
-0.0268000384958965 -0.0368539021665859 -0.0516225607765021 -0.0133728963663347
-0.0238749900085922 -0.0378043568855939 -0.035260895685106 -0.0250276500993775
-0.0213775753960368 -0.0389261163423585 -0.0238722858447293 -0.0490087573375194
-0.015087459220515 -0.0514253294811044 -0.000899980822871766 -0.0647460719917789
0.00583606160575917 -0.0590141481364791 0.0329288715733274 -0.0676640815108521
0.0305358972781883 -0.0564243118268584 0.0628717236035395 -0.0345850375452348
0.0588478538116402 -0.0317389516911958 0.0495498446719147 0.00272375287858677
0.0749599651491063 0.000333357825814332 0.000419299442750962 0.0221477483604329
0.0662345551648754 0.0120316899671622 -0.0599300887886328 -0.00324516769550253
0.0235071821468664 0.0126458693203585 -0.110796415664846 -0.00130026355128523
0.0357176754593457 0.00620700846724294 -0.0955314050310123 -0.00883890510730105
0.0305105660587185 -0.0115989407880868 -0.0748212980986675 -0.0142661529700675
0.0147701567091418 -0.0231555960363828 -0.057625591905856 -0.0100243035673825
0.00351141265153668 -0.0237789697203057 -0.0547927415551092 -0.020033568212144
-0.00445514968162374 -0.0219019719379099 -0.0618956367455973 -0.0203176710665024
-0.0102112364809117 -0.0207183613459545 -0.059063804726971 -0.0229868940587775
-0.00792215249394203 -0.0226487006182864 -0.041553351670839 -0.0366920647620319
-0.00660601916003419 -0.0246491003605644 -0.0273367897098252 -0.0618145549175767
-0.00108646010728618 -0.0313924343920288 0.000873058015842541 -0.0767124395150256
0.0112627156014489 -0.0332031963721695 0.0376800474766857 -0.0740662112682298
0.0271932984969647 -0.0295012925291757 0.0647722185238358 -0.0347765876622618
0.042743127646341 -0.00889994157841823 0.0459261074968798 0.00128860418127418
0.0449734186148594 0.0135050831224633 -0.0062216623610747 0.0127669583832688
0.0312087344610472 0.017892386461436 -0.0705427660083657 -0.0159728742502987
0.00467206398506542 -0.0143065097464678 0.0753577109431201 0.0179171010294569
-0.0110059897452164 -0.0133122615681342 0.0209405956576734 -0.0175401809423088
-0.016349844903026 0.000714815556044572 -0.0423126297139444 -0.00709345905137927
-0.00798263708865913 0.00783630240526252 -0.0717800464694035 0.0280953662961147
-0.00391233068653016 0.00582679687343628 -0.0497078535553631 0.0729437554658463
-0.00395235404415004 0.00411797797946033 -0.00625032041159462 0.0852185591549694
-0.00587515225234106 0.00539357518525813 0.0272562420243285 0.0709416335817304
-0.00906139075710211 0.00235961041492615 0.0484146658073677 0.0464897357678419
-0.0106694645678924 0.0039614853991632 0.0601317107740402 0.0256667614503739
-0.0150166879354546 0.000301473961525091 0.0671721680857255 0.0172881700381505
-0.0107418399983691 -0.00712578862002887 0.062572272717268 0.0171320726634908
-0.00755755154476196 -0.00768461592669804 0.0623467408792209 0.012068616597318
-0.00464295889917337 -0.011443964208773 0.0678844269881879 0.0134262507696313
0.00525206827429519 -0.0185779683811453 0.0834343579824966 0.0175872370717532
0.0142215787186094 -0.0147782328740974 0.110266514524176 0.0056077425421731
0.0368542067049625 -0.0078145428313005 0.0679971601978536 0.0222620485449843
0.0247488381887898 -0.011012640393842 0.0153247177755476 -0.0164635055721796
0.0108189112790954 -0.00960359494024121 -0.0453193778363871 -0.0071305054515562
0.00947937654428519 -0.0138703254428325 -0.0728124437408925 0.0251954534249989
0.00259738689616918 -0.0197787264113819 -0.052197543200752 0.0682382521004135
-0.009457536304592 -0.0205516776504705 -0.0130135429762653 0.0810845254102295
-0.0201000379070772 -0.0146496319394886 0.0193686983377785 0.0685011521335971
-0.0250885524124129 -0.0163329709698702 0.0415191381474105 0.0445564399223222
-0.0277219302287885 -0.0127226655075962 0.0529838821474225 0.020573149906514
-0.0319932684088048 -0.0219094742186243 0.0627078638315061 0.00915264003922819
-0.0199686982878721 -0.0372124297821941 0.0639072167194163 0.00641727638905279
-0.00406986705697838 -0.0419571622578861 0.0659582209294033 0.00457331190823924
0.017527881611774 -0.0396658430563613 0.0682029815735695 0.00858098272751382
0.0415539688442635 -0.0326003254731495 0.0747236460169902 0.0141103826113448
0.0539881230512164 -0.0197214726389457 0.092461991714979 0.0053420512109452
0.0644991505372882 0.000299363372896226 0.0488292843622557 0.0192720289794313
0.0590347621571348 -0.00689772688905555 0.00247679099449714 -0.02160046252578
0.0401141434691837 -0.0189494724024324 -0.0525895474303775 -0.010601519697608
0.0267107261349038 -0.0361130494205369 -0.0746022929625946 0.0211756926777709
0.00852963505977151 -0.0449587835422889 -0.0515137713825194 0.0594645696650544
-0.0140741744373212 -0.0434507328209176 -0.0187411119293112 0.0693503540874989
-0.030462249017469 -0.0326777382835867 0.00850591515890269 0.0581155810904769
-0.0376196752413192 -0.0322460959275543 0.0285890664415843 0.0364909238678179
-0.0404724595211089 -0.0269710340752398 0.0385860928240392 0.0116362251667935
-0.0454015777992907 -0.0399566061974873 0.0508929466867448 -0.00396974273574845
-0.0279824884618184 -0.0612478698420762 0.0590643395749881 -0.00988328226599688
-0.00487915021319856 -0.0696253567300418 0.0683054929213543 -0.00690154309512647
0.0329804272473101 -0.0637376910160658 0.0682362329856058 0.00461721568360022
0.069894525591163 -0.0436776785539963 0.0621239185758997 0.0164604551918084
0.0846688187863943 -0.0233307065232973 0.0644593939446639 0.00811330888851288
0.083501255436395 0.00675158581127325 0.0190492387167755 0.0119817694298891
0.0866560057053229 -0.00539250259842555 -0.0180130465400031 -0.0287261594173649
0.0648934226884445 -0.0304084065542813 -0.0612355080744725 -0.01566427251606
0.0397193943342193 -0.0580900130727415 -0.0739492339945249 0.0155326278061289
0.0102909265071544 -0.0663622109731012 -0.0496927929496839 0.0449738444128921
-0.0184403306247317 -0.0601861790388223 -0.0252690526063716 0.0507763509500083
-0.0381883372697121 -0.0449527669346849 -0.00574394872369687 0.04190595030234
-0.0436606786450054 -0.0435417357202224 0.0117500493437401 0.023729755441748
-0.0458599607012514 -0.0382673552825414 0.020026135646975 -0.00101719171753949
-0.049790436884959 -0.0525713031978333 0.0343443790433135 -0.0181504345285873
-0.0298004192779388 -0.0761971639411096 0.0486394822388593 -0.027067170403854
-0.0032404358272261 -0.086569369872917 0.0669942352675303 -0.0180189853235632
0.0450319197740142 -0.0774005461952052 0.0658547749564472 0.00204975874497733
0.0881324290976664 -0.0470894467343818 0.0478596345432962 0.0213484511889916
0.101533378457045 -0.0217643903579707 0.0296878529510927 0.0111781517154647
0.0893126598455487 0.00985622152041683 -0.0186177309750741 0.00376207405695312
0.0996173797326202 -0.00671279596088265 -0.0434702290535695 -0.0320619357301129
0.0774851207827026 -0.0401952270123433 -0.0696428329384944 -0.0185700029621688
0.0431165417817997 -0.0726163676748645 -0.070593586345136 0.00780978840613779
0.00776871401806679 -0.077363521822325 -0.0475881505875795 0.0256964987733671
-0.0228009886271694 -0.0664953858846929 -0.033374977881351 0.028148645865641
-0.0408931361848179 -0.0503725728925473 -0.0222066745929353 0.0227498359506403
-0.0432595467600678 -0.0480581167482232 -0.00568385681189542 0.00777228237688238
-0.0440276865366447 -0.044040768033867 0.00136505924996086 -0.0155401724318516
-0.0451288566411919 -0.0594261827591716 0.016777729313505 -0.0334227120411678
-0.0232134034865879 -0.0817490993153525 0.0381412622810767 -0.0426491831020571
0.00573785077642156 -0.089733960676169 0.064092227487556 -0.0268474767062774
0.0550836232992078 -0.0751949913375699 0.0613049536796091 0.00171367206323163
0.0960581772144744 -0.0387916490555886 0.0306583764682894 0.0263517066416149
0.103328537947335 -0.0132520175523571 -0.00473806538446585 0.0121806115918148
0.0802509566945255 0.00971351627952944 -0.0570587733024214 -0.00127129138829809
0.0938027679227076 -0.00732222542120112 -0.0680002720147793 -0.0279839383390747
0.0734743521892694 -0.0421256309499519 -0.0746524179317253 -0.0182779836349414
0.0372092426112594 -0.0716875114907733 -0.0650800583125312 -0.000138565762517966
0.00310881249269961 -0.0726969120108608 -0.0477068059331641 0.0047124835790317
-0.022454574367005 -0.0608523049979559 -0.044008923082072 0.00545453276079108
-0.0373421062047369 -0.0464980972293225 -0.0379264615289768 0.00335839651777697
-0.0362785790146968 -0.0461442346806125 -0.0221201223036664 -0.00912735670643982
-0.0352066741669881 -0.0444008851352202 -0.0142365966785628 -0.0322934816260664
-0.0317094757830601 -0.0599556735385201 0.00420693269088167 -0.0487688210032542
-0.00912402238688044 -0.0758269905320228 0.0318135989841875 -0.056089366567151
0.0193588148384526 -0.0776478467113332 0.0616727315393967 -0.0321462862481216
0.0611835573195827 -0.057563070716467 0.0539860599204594 0.00250716226089985
0.0911824478572172 -0.0206186464194359 0.0141858568686352 0.0271598309108974
0.0901417027983581 -5.45479464085334E-05 -0.0359824629982562 0.00764622098861355
0.0566042608919806 0.00993071209105605 -0.0889452833275754 -0.00176721534323609
0.0696973199597825 -0.00382050584862524 -0.0862921333990151 -0.0182178518069517
0.0552472239530083 -0.0317769838193475 -0.0751384061630653 -0.0159426691391717
0.0259327783047549 -0.0533020821815333 -0.0591793499483803 -0.00633578233344497
0.000655691650178442 -0.053009776301093 -0.0501130552249653 -0.0116616730623463
-0.0168672899128619 -0.0440637455903581 -0.0547619695270248 -0.0114372096791577
-0.0267835738367348 -0.035391644847158 -0.0511429236953722 -0.0116509729694958
-0.0241163758245743 -0.0369590330388105 -0.034207768712203 -0.0240758304856582
-0.0215226069601619 -0.0375386800075221 -0.0247198007854133 -0.0479472270157134
-0.0157148520157196 -0.0494496936647046 -0.00138502427932864 -0.0637324774075374
0.00444584157572305 -0.0579006028515164 0.031476085030305 -0.0667973969645113
0.0286098705462267 -0.0554523136393522 0.061535828214739 -0.0345532468025232
0.0576111106983237 -0.0322834324383544 0.0482946545817861 0.00237882300067821
0.0732791627722615 -0.00089377285312411 0.00045039360200613 0.0217322633047637
0.0644514894308948 0.0112143982871322 -0.0579464706057709 -0.00185701455819571
0.0225845712995888 0.0121126637106873 -0.108566751889763 -0.000319697006626438
0.034787143441672 0.00575937715190344 -0.092951603610817 -0.00798286781165965
0.0296892954495935 -0.0115106339993888 -0.0729225685517037 -0.0135946353591386
0.0144048880255191 -0.0228266691737872 -0.0563337339403124 -0.00947037982901403
0.00256214074801198 -0.0228011724173525 -0.053663977694623 -0.0194139292339902
-0.00434958102317755 -0.0209804875371277 -0.0619323896599035 -0.0192683772810346
-0.0100062853464103 -0.0196952093361074 -0.0581596928869629 -0.0205702048065155
-0.00839996615467074 -0.0218536533928128 -0.040819933466946 -0.0353890610209434
-0.0068732793677056 -0.0241480596326001 -0.0275836627050451 -0.0601766794954206
-0.00217670769604746 -0.0303542445138599 -0.0007654854274182 -0.0753144272255242
0.0101254676954872 -0.0320197052247002 0.0354393180318938 -0.0730137371084727
0.0264071178969263 -0.0287392076142372 0.0628619670258881 -0.0353508326901308
0.0415186408312509 -0.00896019734848576 0.0449523129774697 0.00118292003598659
0.0436618405813284 0.0125297205951773 -0.00557952777417597 0.0133694614752083
0.0297064004424256 0.0173431106225127 -0.0682666590717627 -0.0138153231187314
0.00463513448602997 -0.0145139712721458 0.0744374003340417 0.0168228520436681
-0.0113346269172875 -0.0134555289359954 0.0209136823576545 -0.0190174230040125
-0.0161933263940871 0.000325986580400155 -0.0416720339760645 -0.0070620868035739
-0.0076402477486134 0.00758091220362888 -0.0707525245800466 0.0283258542158722
-0.00381358679069825 0.00596974219960082 -0.0486631275289935 0.0728029849586525
-0.0038741871206412 0.00386141778923691 -0.00494677476639542 0.0844598877293009
-0.00619756153670905 0.00517389627539713 0.0283045461973978 0.069809261485894
-0.00909727002299533 0.00271976747405391 0.048745848822039 0.0456034225151726
-0.010488907686936 0.00402204559855579 0.0597656962184758 0.0243011183724105
-0.014756233270692 0.000874181994838808 0.0673538853779323 0.0160713459387777
-0.0111371862547318 -0.00686753259059394 0.0627910856100096 0.016610271615285
-0.0074035516338766 -0.00758825853073173 0.0615287987918034 0.012123489409347
-0.0045831270230112 -0.0119895567557227 0.0670845659960041 0.0132870896110036
0.00493322068446614 -0.0189079756933908 0.0826379555991599 0.0170129645802829
0.0138589352123795 -0.014733572599103 0.108844337862494 0.00440966754939915
0.0364474477264283 -0.00811086820709218 0.0676533431857374 0.0207318178863117
0.0241764002629445 -0.0115506392827078 0.0155634236574715 -0.0176519567453212
0.0106815324721091 -0.00913925800471493 -0.0444236554146609 -0.00730230052538256
0.0089214456472131 -0.0138057343240021 -0.0714230518341147 0.0255466772859283
0.00232564916525334 -0.0200300957028945 -0.0509225636616569 0.0679961094338107
-0.00962539367815786 -0.0204074446020779 -0.0114033346714387 0.0801353342659343
-0.0196868612511268 -0.013917994542832 0.0202771443218535 0.0672517651868903
-0.0253056917568986 -0.0160371310421454 0.0414850366264791 0.0437096057003048
-0.0276222833149132 -0.012173774614125 0.0524827399034518 0.0198272191285888
-0.0320926653926324 -0.0215070538219015 0.06274454711485 0.0076051634681193
-0.0199231450303139 -0.0372191506516733 0.0634330507871853 0.00542828877178736
-0.00509026857195376 -0.0417402898716754 0.0656449962742124 0.00420991679605424
0.0171529233098019 -0.0395274530121839 0.067208885419498 0.00913812763970592
0.0412002955559728 -0.032711766865978 0.073964137170477 0.0136514439525381
0.0535116868321186 -0.0207919655355157 0.0912841226985894 0.00451917218898742
0.0635993563134081 -0.000295594819582517 0.0482494856090015 0.0183806863284764
0.0584322800289787 -0.00808254937700966 0.0029230569296801 -0.022699747342549
0.0392373756574248 -0.0188975875886597 -0.0512795592820017 -0.0107341087699798
0.0263232322692311 -0.0361703120775138 -0.073505968636185 0.0214180786139823
0.00715696894594764 -0.0453199271547289 -0.0504630773812779 0.0588973620823644
-0.0144303029044771 -0.042479830695934 -0.0177657921348077 0.0685194558401113
-0.0309680330683039 -0.0320073903549017 0.00897638479080234 0.0573795571950211
-0.0383496054543314 -0.031152913609389 0.0287968019741304 0.0356594430110412
-0.0403801321029332 -0.0260627667519848 0.0381665574915569 0.0106790497827364
-0.0458600671278632 -0.0381738515244576 0.0503491129607276 -0.00517598377451705
-0.0288502369821617 -0.0602340507393099 0.0583511047614198 -0.0106396510908557
-0.00618575208338393 -0.0693065823017316 0.0676086450394454 -0.00728961866649269
0.0324726814030934 -0.0638978265303972 0.0671047660883486 0.00503523256714759
0.0693520462031994 -0.0443137279805944 0.0617564393791687 0.0160123282522648
0.0834236388537685 -0.0240430600919864 0.0634538706616929 0.00709384614430197
0.0825576638035692 0.00613456818265242 0.0184643497242303 0.0117539598150086
0.0859394377593335 -0.00677313594892499 -0.0172508959380787 -0.0292966429042995
0.0640058169377668 -0.0300155412936922 -0.0600705769123279 -0.0151189226437071
0.0382828612475927 -0.0578242387225978 -0.0731576140416651 0.0156433461891871
0.0094690854280847 -0.0660869658433646 -0.0484808563245941 0.0440432138310227
-0.0197036737008381 -0.0590931170341568 -0.0244798398171238 0.0502843982636691
-0.0382531758794317 -0.0438910390111625 -0.00572256249076545 0.0413312594624199
-0.0444733165347546 -0.0423462189853893 0.0118460204003622 0.0234155064378031
-0.0460472927453584 -0.0372613148722498 0.0197103430322775 -0.00187121759621782
-0.0500663895877514 -0.0514255024097194 0.0338035055246434 -0.0192556080174373
-0.0312843729892332 -0.0748008179578268 0.0484913531274984 -0.0277086986440985
-0.00414978473399087 -0.0858375901890864 0.0663479572855993 -0.0188264939645568
0.0438902249578606 -0.0776734975544112 0.0647686535845282 0.00230153629255809
0.0870834096052734 -0.0482386181447522 0.0470319695530797 0.0209667085024379
0.0994197628138686 -0.0231727224114115 0.0302294601917641 0.0107674808539624
0.0878677051799473 0.00899440560773457 -0.0182228117252074 0.00361839902606721
0.0992711234344789 -0.00820355415627073 -0.0423659331573612 -0.032224561829726
0.0767576973611464 -0.0405402674718572 -0.0684180478470227 -0.0185063652131573
0.0415377377049307 -0.0723274269057025 -0.0697369842817803 0.00818752928394636
0.00589843899728788 -0.0770219604704127 -0.0468629734751335 0.0249999513769267
-0.0232725406618098 -0.0655826536689312 -0.0331170195391561 0.0281714612011139
-0.0413068047203846 -0.0484775481109077 -0.0213310481204461 0.0226733293353471
-0.0436876048620611 -0.0467746963735777 -0.00559448931045782 0.00741816765600655
-0.044390169724727 -0.0428281662414904 0.000558558711988798 -0.0158489394379933
-0.0457755386651397 -0.0582665873729016 0.0164117356923438 -0.0337926734160754
-0.0243417748960364 -0.080133428464936 0.0374999090060262 -0.0432278094863162
0.00419475607801967 -0.0884480698036808 0.0633919574577024 -0.0274523215569695
0.0532691870605846 -0.0756151391661696 0.059626918978152 0.0018936122994936
0.094718896276274 -0.0397003476005388 0.0306536431865499 0.0260320465195329
0.102200005070153 -0.0140212567670357 -0.00437816983430007 0.0118172866266194
0.0788472025212032 0.00913871934011663 -0.0564568950122451 -0.000871445760031632
0.0929061572543383 -0.00823087359614299 -0.0675379313692122 -0.0280903034154201
0.0723584839066095 -0.0418983994808511 -0.073303369596498 -0.0178639273429104
0.0356838916100096 -0.0710973060126618 -0.064235547251972 0.000289670178690994
0.00174779703565182 -0.0722361796553845 -0.0472674405154145 0.00401578130525473
-0.0233716196351125 -0.0599578516494371 -0.0437002618715733 0.00540494470323834
-0.0374835597147886 -0.045238109556235 -0.0370782430044366 0.00457992511835464
-0.0369733494905734 -0.0447039591360308 -0.0215748355894259 -0.00931668186140346
-0.0352557388607734 -0.0432344858201238 -0.0142713884434753 -0.0317842942319156
-0.0321722161882677 -0.0584301710174171 0.00346910168135806 -0.0490623673247466
-0.0110286368272692 -0.0742871699678089 0.030999210178933 -0.0562976117256856
0.0180234644770656 -0.0771236474212978 0.0608965194915239 -0.0326538638658795
0.0593010843417323 -0.0576135308511375 0.0532928423173976 0.00241812823616048
0.0903835463520664 -0.021605331682117 0.0141514959112432 0.0267218362346437
0.0887180599111627 -0.000754715541427222 -0.0346435694126361 0.00763946032058145
0.0557954108154852 0.00934358401509231 -0.0882349583033436 -0.00150513011393591
0.0690427753060054 -0.00478275985382727 -0.0851082360898496 -0.0180673929425144
0.054425002400561 -0.0321071820970023 -0.0740316638869137 -0.0153895636556744
0.0250955954057112 -0.0531685301460629 -0.058353555458871 -0.00641229128192218
-0.000285748726083749 -0.0523991293685358 -0.0496316257959336 -0.0117183530988326
-0.0172003728692088 -0.0432325349281481 -0.0546864176601451 -0.0108943383035103
-0.0271355659383322 -0.0342724897406403 -0.0501471530052007 -0.0102608069373187
-0.0244620705259495 -0.0357921069845906 -0.0340001641738014 -0.0238846595658353
-0.0220493410568041 -0.0366526280597137 -0.0243241009702022 -0.0472364258722105
-0.0163530069616853 -0.0487757683515546 -0.0018497182699427 -0.0633022399774636
0.00315532754404303 -0.0573872946425337 0.029964401272454 -0.0666847680625407
0.0270294358183823 -0.0543869832032177 0.0606728437261123 -0.0356062610401209
0.0561431488522249 -0.0328310690881021 0.0472907868332632 0.00176076131779236
0.0723715264760875 -0.00174522912520878 0.000907616338273674 0.0218273127199014
0.0633417249036209 0.0110092218647459 -0.0563052890177281 -0.00026949548062571
0.0220571105271202 0.0120755879369123 -0.107496287603717 0.000402276752543308
0.0342632285800031 0.00578963185751154 -0.0911199648737693 -0.00780777668359974
0.029495629745426 -0.0114198533623651 -0.0716670165434556 -0.0126273719863549
0.013987193420758 -0.0227619995522761 -0.0558289641932002 -0.00954989122727474
0.00230452367990532 -0.0221706807115759 -0.0538217591441685 -0.0193339575731964
-0.00511640778168924 -0.0202297841220332 -0.0621840416883619 -0.0180859257832354
-0.00977303063236443 -0.018989377256116 -0.0576767884840906 -0.0192169657115574
-0.00880389018939135 -0.0215343887120769 -0.0409187945033023 -0.0344990730994981
-0.00708999622944467 -0.0233898095665939 -0.0284353591861016 -0.0590239328782753
-0.00200398059140651 -0.0300228480982907 -0.00163630502922807 -0.0741826016622244
0.0099962107211154 -0.0317816900867762 0.0344682598747183 -0.0733109186610268
0.0257888463683493 -0.0277065073996075 0.0627879815024345 -0.035800646402565
0.0410554035598301 -0.00921197529912684 0.0437985921826222 0.000695424179432975
0.0434762632934444 0.0124166928744008 -0.0053457896782877 0.013195319596492
0.029041012977209 0.0177490411163935 -0.0663650839084829 -0.0125544140333148
0.00650470756146619 -0.0122427801669449 0.0701689948014101 0.0304865586628205
-0.00816341124944685 -0.0149144537667452 0.0251030877672403 -0.0157204872413977
-0.0151790779675331 -0.00316115833948403 -0.0382735320689587 -0.0162556204378854
-0.00843569417571324 0.00476804049788713 -0.0741926275799701 0.0134138696261168
-0.004451074517262 0.00372682612772262 -0.0612001429775847 0.0617733949964173
-0.00464555959508961 0.0017052124348292 -0.0219668985225485 0.0807396692071348
-0.00636850603733507 0.00366164246941224 0.0138457266072063 0.0736823186902739
-0.00971668551685924 4.37907957467393E-05 0.0379925129359617 0.0537637804445221
-0.0112119703329287 0.00135054929636591 0.0540025364318397 0.0352124702570011
-0.0135930070072871 -0.00284958442352393 0.0617457670446229 0.0287881531744687
-0.00933369577532256 -0.00939912348709145 0.057203957090182 0.029024934176735
-0.00509072219787289 -0.00988814496053127 0.0566509974368328 0.02487811554045
-0.0010538772202933 -0.0125572830136216 0.0622752995108799 0.0280552488493226
0.00919380750122815 -0.0176530355343344 0.0787546878251641 0.0349840899986932
0.0168463002776869 -0.0117653973554044 0.107527900076117 0.0286253035925845
0.0356196780719209 0.00035372943987489 0.0626665276699482 0.0332535230877344
0.0249265287556134 -0.00657186437739272 0.0190075896571364 -0.0139362468892256
0.0124092342078703 -0.00755393470358138 -0.0408138959924946 -0.0158664517185688
0.0111757954190492 -0.012584788085875 -0.0741061421915525 0.0108769082108186
0.00604941669475104 -0.0200330643011182 -0.0625755932929782 0.0562867204481849
-0.005410623721945 -0.0226786461035141 -0.0268076116932598 0.0756697615577646
-0.0164835821661537 -0.0179379496086711 0.00627777104817366 0.0697057250565271
-0.0224743429628569 -0.0207978099192287 0.0313842696290908 0.0508657555456192
-0.0243582340094341 -0.0183390696628928 0.0477114353113522 0.0294325942718694
-0.0269256154680635 -0.0276479474706952 0.0592443319978308 0.0191774455190005
-0.0120455571833604 -0.0405422035438848 0.0605349372868538 0.0173941951101249
0.00444060338544978 -0.0417631462930722 0.0627000870516047 0.0172058336190952
0.0263635868447957 -0.0349967540587849 0.0643975522073835 0.0220802402682467
0.0477109981919172 -0.0236562404104871 0.070660756652613 0.0296564646854487
0.0557264848107532 -0.00878882911180754 0.0910994086023063 0.024632870161033
0.0601513108694991 0.0136856653083653 0.0445198159399461 0.0267612683264153
0.0573172878310693 0.00338192544499946 0.00726040942562031 -0.0202585456576283
0.0419475827712709 -0.0111194144038556 -0.0464149622364894 -0.0195038952016439
0.0315237711683887 -0.0295605827504696 -0.0742311475321154 0.00655468893024515
0.0161292988802397 -0.0425757323060732 -0.0601337245440401 0.0475800937101302
-0.00561636041173558 -0.0443213148202823 -0.0293581532284522 0.0630308393839038
-0.023500047097946 -0.0367725489467631 -0.00260723367348956 0.0576345553147825
-0.031005671188408 -0.0384102356969277 0.0204939866622899 0.0399536173797232
-0.0336956962937414 -0.0349152813838682 0.0351888539450342 0.0172055536993675
-0.0362571235720131 -0.0466048343049529 0.0499017150414809 0.00390582059465482
-0.0157583766453169 -0.0646773670360802 0.0587290949098115 -0.000553977540446621
0.00942583398569251 -0.068210892792981 0.066860643390267 0.00531086161289996
0.0467156974607611 -0.0553839894775197 0.0653748464774423 0.0178665569328639
0.0777028976492021 -0.0286487498232223 0.0586651998152809 0.0297506480076706
0.0860557696773765 -0.00545665099171608 0.0628591922251034 0.0214475476416925
0.0768099490999828 0.0229291406417016 0.0167001670293761 0.0146266783100793
0.0838685494481246 0.00971647007364163 -0.011277893584331 -0.0301816422293
0.0682752590246101 -0.0172527646058282 -0.0536214057540172 -0.0254566465126995
0.0475851357070401 -0.0481179579076952 -0.0722197048917757 0.00153143694765024
0.021507120581377 -0.0621913743705356 -0.0554146127172639 0.0340665152313421
-0.00668226263249756 -0.0613174693877882 -0.0328149546020984 0.0442201146220194
-0.0281934193851254 -0.0500030665880529 -0.0134208458378424 0.0386896919321004
-0.0353358733302772 -0.0501841993127797 0.0065852886183111 0.0246934451970805
-0.0366528797917913 -0.0455123383949435 0.0196731396509347 0.00204441009172451
-0.0384715709833826 -0.0597069371014207 0.0358982951915594 -0.0128936620561539
-0.0151676335491537 -0.0793464551534411 0.051634857909366 -0.0198782047011749
0.0147462050517605 -0.0836137831694118 0.0686973906441936 -0.00737363780217509
0.0609411532620923 -0.0663343352331235 0.0634536485041568 0.0140144123504278
0.0960843372601217 -0.0286491510212274 0.0431953627537717 0.0308576727462537
0.101871675686858 -0.000898674939116851 0.0285513295470782 0.0174021098513865
0.0820814163881639 0.0265719078325306 -0.0176334766280013 -0.000193481249880399
0.0969064296620764 0.0099849390509357 -0.0348379414748827 -0.0367700197169472
0.0820976667569377 -0.024256837744267 -0.0605033294703601 -0.0290025280891679
0.053522003751083 -0.061147865837835 -0.0675206500794539 -0.00487692915418204
0.0212022303577971 -0.0731637907938059 -0.0505045366827957 0.0156938144081286
-0.00933066805868576 -0.0679716033720401 -0.0365563820281554 0.0203737909991111
-0.0304257570722607 -0.0546037322671143 -0.02534276056022 0.0175067018948749
-0.03399098809749 -0.0548632592835462 -0.00668868400040013 0.00584991483665126
-0.034009161119933 -0.0508777595145284 0.00417836253438526 -0.0155896318796885
-0.0325020105468223 -0.0653327580664683 0.0225759390265707 -0.0308935271554322
-0.00715371786041598 -0.0834688907709223 0.0445911209354092 -0.0374018188705761
0.0234295598934514 -0.0843056174866968 0.0677598444341505 -0.0163658400143254
0.0692899959850947 -0.0618633243310827 0.0596775668600684 0.0126553784317332
0.101091585491294 -0.0189397480430428 0.0260570359786374 0.0331230959177189
0.101743815429465 0.0085043449062893 -0.00616492095242674 0.0109824343745198
0.0733898560154927 0.024657369128943 -0.0536348164209296 -0.0114240438542186
0.0910774233914334 0.00840729427316865 -0.0602128625673361 -0.0379923811755774
0.0782952642572502 -0.0263942743796977 -0.0661039902663795 -0.030254388288304
0.0479236333512957 -0.0613323071536533 -0.0600265950681602 -0.0120244190114268
0.0163056660025243 -0.069224988897047 -0.046480453403568 -0.00516721528121446
-0.0102132910830624 -0.0621108092643992 -0.0434978439591827 -0.00324387618295766
-0.0274367826688341 -0.0506283425274481 -0.037256036623197 -0.00408671461423469
-0.0274132098252865 -0.0509267387495659 -0.019472463684117 -0.0133884864667893
-0.0249519871462153 -0.0489019100109441 -0.00777517191680879 -0.0342557616990724
-0.0195728049935745 -0.0625027440031165 0.0134424881828343 -0.0478681378826503
0.00481614655003372 -0.0744459641981406 0.0412743288766734 -0.0511212771631501
0.0332151491947011 -0.0697805523177387 0.0671248462364885 -0.0218004914892867
0.0711083393600298 -0.0429957492581129 0.0531802962257124 0.0119614193791262
0.092540819970713 -0.0016617617305084 0.00966242672666274 0.0304973149120163
0.0859122575743229 0.0182781032216537 -0.03536875177432 0.000567260793173492
0.0513596870359537 0.0193958663238707 -0.0848519151156761 -0.0183042466379092
0.0676077021463234 0.00753276880372658 -0.0787119419695771 -0.0321670701179432
0.0586213040314913 -0.0203938308807665 -0.0673191290724345 -0.0283987896558914
0.0339582248965307 -0.0454959100262874 -0.0536854019691664 -0.0173237301388766
0.0102897346066372 -0.050235114200698 -0.0463282642432253 -0.0210394197938124
-0.00752638083697544 -0.0445682175769494 -0.0510816793333008 -0.0213134548873574
-0.0193985545518625 -0.0378691047545838 -0.0472085569040173 -0.0211572469495265
-0.0177130599133789 -0.0399078408511926 -0.0279471958971844 -0.0299880170206439
-0.0137729774296758 -0.0398577535955141 -0.0138137389738091 -0.0507516098210742
-0.00599481965120883 -0.0501948998413026 0.0108070344548546 -0.0621933963532903
0.0141948757461363 -0.0543586186474925 0.0427042312731746 -0.0607789008236355
0.0374498528187446 -0.0467498412189844 0.0671767290464662 -0.0237570119364109
0.0616718752046771 -0.0191389843924644 0.0472241089080232 0.0111585225629733
0.0709273569562941 0.0138574259664271 -0.00303706708170215 0.0232602273163411
0.0587279364166082 0.0241692514559251 -0.0552613953276118 -0.0130297337785789
0.0198582043923308 0.0147730031582685 -0.10430093315526 -0.0201164240961317
0.0320354185746578 0.0104797632649205 -0.0873225943612639 -0.0244650320577945
0.0307553256716484 -0.00591591454390453 -0.0666669929694131 -0.0269340565792026
0.0180430221371674 -0.0191477873494686 -0.0514177085029559 -0.0206990613613431
0.00740652034426805 -0.0211486448400926 -0.0490061117847593 -0.0290481553569297
0.000410125032534611 -0.0199542276142098 -0.0569942308885743 -0.0300587514445771
-0.00610177514194302 -0.0196932783342907 -0.0526359380100691 -0.031260918181971
-0.00436811577120045 -0.0227632499164544 -0.0322837755869957 -0.0420539035665266
-0.00241483293164475 -0.0237901469706946 -0.0150736963553741 -0.0627621754044796
0.00323570952500368 -0.0289634796534911 0.0140744279816622 -0.071997770109566
0.0160747462571351 -0.0279971172388319 0.0480258497592361 -0.0649406751452579
0.0301307746883906 -0.0212853153993211 0.0695260168691703 -0.0224661938659109
0.0420393188108102 -0.000262393013189083 0.0442653575707523 0.0092058123315085
0.0396651329412083 0.0211048439212844 -0.00829314063362995 0.0130595251171565
0.0238279430734744 0.0232049239341382 -0.0634254369687152 -0.0266155259417022
0.00649095643638421 -0.0121779271309294 0.0690135737713724 0.0291793970640184
-0.00878799217805128 -0.0148999062236484 0.0244821880929066 -0.0170986660993389
-0.015118069496441 -0.00317537313795552 -0.037664472077257 -0.0162190194461619
-0.00841048634153228 0.00455340604413268 -0.07305944337343 0.0143245758499236
-0.00438804795074941 0.00315412273597597 -0.0598695310858221 0.0615492617687394
-0.00523524952341002 0.00135525920644 -0.0204152214101904 0.0799854315090921
-0.00608583695861201 0.00310404615584771 0.0148772712737477 0.0716606149970884
-0.0097958292824466 -0.000144871817367667 0.0380551823678624 0.0528891866822431
-0.0108400135169738 0.00121954757943191 0.0533901971682318 0.0338756931822786
-0.0138214300744404 -0.00251767228825819 0.0614260626772143 0.0271479157297345
-0.00980607352567997 -0.00937825008257854 0.0575808579943675 0.0285332030538956
-0.00508393082538899 -0.0099005149908669 0.0559385189585927 0.0244503868314311
-0.00135966122508031 -0.012989972659167 0.0614634730252194 0.0277254801434973
0.00873740292031524 -0.0180988047708786 0.0772583493085174 0.0337243787496623
0.0159130327554371 -0.0116896489734244 0.106657581308132 0.0266367543460219
0.0351144799561092 0.000276545720521739 0.0619353198448935 0.0317124557620968
0.0246059008489713 -0.00704124407624489 0.0189673439091427 -0.0153359404689797
0.0117947233726846 -0.00745512755494123 -0.0394470078449279 -0.0158835967131365
0.0106442002642063 -0.0121140666630248 -0.0728033916642758 0.0111121149826155
0.00575739687361026 -0.0200484453005148 -0.0612486805438881 0.056188804223812
-0.00636450647839558 -0.0223274896172242 -0.0256150749356385 0.0744551408933997
-0.0162043756800681 -0.0177329627070291 0.00780987121502889 0.0681392196020263
-0.0222731047807669 -0.0201299145257137 0.0321931878871638 0.0490048149490688
-0.0244631182847198 -0.0178920206160528 0.0472221501273854 0.0275545304903369
-0.0270893929099782 -0.0269849306885755 0.0587611393242773 0.0175902183574897
-0.0127504447284715 -0.0401744658624867 0.0606199153171785 0.0157670729748685
0.0042675044172347 -0.0417404295362934 0.0619036210667462 0.0163526383790261
0.0259673788613547 -0.0353478345904441 0.0631626849502481 0.0222768243295155
0.0466410736813845 -0.0242007146770861 0.0695891740091706 0.0289243084063559
0.055172898577349 -0.00946388465173277 0.0899299943442549 0.0233581110598549
0.0593933541441979 0.0124088920684894 0.0440700791638902 0.0258510711586939
0.056678434670485 0.00185039409975359 0.00715148565440012 -0.0211512495900216
0.0411799102921854 -0.011248547864368 -0.0455759558920444 -0.0193525149790098
0.0306002077959002 -0.0300189247127076 -0.0730683067597505 0.00749011020860408
0.0148869978905183 -0.0426796375090683 -0.0587146408832192 0.0475834572507594
-0.00642106813379894 -0.0439347547679183 -0.0287264374056805 0.062351379356116
-0.0238736405788609 -0.0356065601208536 -0.00169204620488738 0.0565302395897884
-0.0317254750834101 -0.0368537227765728 0.0207637800145741 0.038716960092913
-0.0339694667448737 -0.0331733485190975 0.0350536744941379 0.0160748594228269
-0.0364465738385235 -0.045516807607371 0.0496812053425693 0.00258109852669132
-0.0171172946892401 -0.0640296672956181 0.0581174789946931 -0.0011469249004018
0.00834880518069018 -0.0675388127644479 0.0667304914337366 0.00464090903473435
0.0453380978266577 -0.0559850075322223 0.0643180425361453 0.0177029548560492
0.0767697276883872 -0.0296259330054839 0.0578650980856217 0.0283313924278343
0.0846890930727237 -0.00700043370177657 0.0622738796947474 0.0204146242664962
0.0760434070994475 0.0224354326153922 0.0168647301846108 0.0140483410342941
0.0835545855669834 0.00773188624053401 -0.0106774716219374 -0.0302018833491299
0.0669753839456769 -0.0173634802817605 -0.0528351143743432 -0.0250408858935749
0.0460403456476424 -0.048160119794028 -0.0715527805464985 0.00151407688998227
0.0203041425445338 -0.0620968755421112 -0.0546465067278233 0.0331954896811537
-0.00803343105501228 -0.060449785172225 -0.031761859827856 0.043248865685842
-0.0283017625681971 -0.0482427485128203 -0.0128634541108032 0.0388103879736729
-0.0355957071473178 -0.048961118692389 0.00756137901629902 0.0238874263723455
-0.0375058534080125 -0.0447074754143464 0.0194612904515101 0.00101481479329326
-0.0387976239856908 -0.0581074074463848 0.0358180373962706 -0.0143715148981004
-0.0167975300349231 -0.079020064816446 0.0510248579703348 -0.0202340023889167
0.0128552477940209 -0.0826852613996842 0.0679772537956988 -0.00828470736195695
0.059203183383982 -0.066753383301162 0.0624119193029843 0.0140626604808022
0.0949742866115787 -0.0299937660790529 0.0429266874942976 0.0304300474940055
0.0992827327010271 -0.00206092719052386 0.0289686879553635 0.0170296957921905
0.0810759466537684 0.0256560801066695 -0.0176797904891409 -0.000243149932080729
0.0957039364642253 0.00824261180033108 -0.0351216519064927 -0.037283918842639
0.0808011300600271 -0.0242578398737831 -0.0589475025776927 -0.0290837590222077
0.0518220122460811 -0.0608161267155172 -0.0665380234705063 -0.00488155813815626
0.019435254269028 -0.0722015262331633 -0.0494473277746632 0.0150561124673738
-0.00996715247902863 -0.0668410678060506 -0.0361055599882524 0.020031434712715
-0.0305406130936043 -0.0535409728222363 -0.0248977063227262 0.0177541722743467
-0.0348726886412606 -0.0530688052541364 -0.00677246396370552 0.00531867611386481
-0.0343209907689274 -0.0493336381356614 0.00404172290712162 -0.016089956568312
-0.0331661031387335 -0.0637727086590048 0.0218000726671569 -0.031730514618022
-0.00939177158414039 -0.0815478897258038 0.0439876153451079 -0.0378999124360278
0.0214168363170611 -0.0835509876731528 0.0667997493725951 -0.017269753596664
0.0675285672229792 -0.0622568602610368 0.0584386448193975 0.0123052902001398
0.0999035853826843 -0.020323550324316 0.0256073090241339 0.0322259164670397
0.0998332792089302 0.00683207903425418 -0.00538667931231422 0.0111592898835133
0.0721328560681107 0.0237208459393018 -0.0530471316374447 -0.0109849417535841
0.0898252290431647 0.00697325204887878 -0.0589756182232933 -0.0378853400915912
0.0773090722392749 -0.0267591083837794 -0.0643547306918921 -0.0288229969298366
0.0463470743605005 -0.0609885969519359 -0.0593283115197008 -0.0113525161924156
0.0142824517078148 -0.0683345486386683 -0.0461382962005152 -0.00529381070355997
-0.0110949670603683 -0.0609790517149045 -0.0435845064606203 -0.00293253615701105
-0.0276058094115691 -0.0485212406600776 -0.0368505635416213 -0.00255502566246865
-0.0287230892134356 -0.049814317600021 -0.0188996385436783 -0.0132094269281005
-0.0256796782336022 -0.0475374384798704 -0.00795033590912142 -0.0341471939802254
-0.0206222261269732 -0.0611547883294561 0.012653596630065 -0.047698377970933
0.0033742036686282 -0.0734097068202245 0.0393803237560317 -0.0510121107691442
0.0312743813482086 -0.0695692281377629 0.0660525342906492 -0.0225036163972265
0.0693509055200918 -0.0438341815756733 0.0522885381238825 0.0119211946360414
0.0913389449159526 -0.00329633884009491 0.00979390900648193 0.03028222387284
0.0843156853201913 0.0173482352824528 -0.0340836411950227 0.0013406826250912
0.0507860566339607 0.0188357882678332 -0.0836974099303948 -0.0171776138458642
0.0665675313500337 0.00657551659394048 -0.0776491073695481 -0.0317253496315208
0.0574017388477796 -0.0208492517552045 -0.0657938644993934 -0.0274919552863264
0.0325373548406443 -0.0453263906959173 -0.0527195207852163 -0.0170566831193171
0.00922554510684567 -0.0495307316822802 -0.0459061668378868 -0.0214114345204759
-0.00824056264962367 -0.0437980193417937 -0.0515441905644762 -0.0206108512739978
-0.0193851861372099 -0.0367060605090581 -0.047126021406197 -0.0191455866753776
-0.0180267374394746 -0.0385742761535343 -0.0283754403578118 -0.0295064573605507
-0.0143269486869807 -0.0387809475504773 -0.0148771797777695 -0.0503327941048691
-0.00715208836582233 -0.0484476482464892 0.00985683304932568 -0.0619486180070427
0.0134164204967289 -0.0535447051435118 0.040972655869249 -0.0604023544951642
0.0358023870210218 -0.0458307562059893 0.0666496338105134 -0.0246503264629772
0.0601802666667498 -0.0195582464805833 0.0463472927221472 0.010497219541839
0.0699357129833003 0.0122114403317785 -0.00267245074289015 0.0227494141776375
0.058156577187976 0.0236883882230821 -0.0547902032940617 -0.011795215271933
0.0187449328241013 0.0141512034377493 -0.103428894756966 -0.018602122483889
0.0321562886859624 0.00909041142743826 -0.0860605703971155 -0.0239870393397852
0.0309056873581318 -0.0059279650066929 -0.0655355344654882 -0.0264719150020842
0.0173190073436136 -0.018836377015743 -0.0502521496989851 -0.0201236391974521
0.00703415589653398 -0.0207503460170466 -0.0486310875225114 -0.0290969317458822
0.000294808708869656 -0.0200833251380412 -0.0577029757850637 -0.0288822034293032
-0.00595180647665263 -0.0193087822797001 -0.0530932424777392 -0.0292706332400044
-0.0050414997737976 -0.022342195759027 -0.0326053056610985 -0.0406895696003966
-0.0025112629603798 -0.0234077794184259 -0.0163442612858215 -0.0619043380450793
0.0025773599803845 -0.0282691248343389 0.0121368088124661 -0.0708566924844805
0.0149030094748416 -0.027987301242874 0.0469978252993546 -0.0642906150153418
0.0297293213879532 -0.0216551068851605 0.068012134171881 -0.0237764327741449
0.0409660397359622 -0.000602027979503877 0.0434853532012812 0.00903650270814906
0.0391488885608016 0.0205806467401431 -0.00761295401699287 0.0132488145939781
0.0234266221643509 0.0227910850433625 -0.0620858129118135 -0.0244053143674968
0.0063299011439776 -0.0119098535457197 0.0684986877048856 0.0284887894520206
-0.00901918808436426 -0.0141584702661462 0.0237196393484926 -0.0174102092625851
-0.0151069068590209 -0.0030364936354591 -0.0369063989352925 -0.0169023986566006
-0.00803957129186909 0.00458979671212884 -0.0721064413117979 0.0133409609241
-0.00449447663925029 0.00324067430736529 -0.0589433745992941 0.0612400310383023
-0.00492132917102917 0.00132031240236276 -0.0200323398133264 0.0785709875978683
-0.00590486816549822 0.00259667235185226 0.0149889326948115 0.0702502007121084
-0.00994034592878987 4.67421931032099E-05 0.0386082841688414 0.0514006576610768
-0.0108868753892799 0.000741570074750831 0.0533203180387881 0.0326705800860729
-0.0131742677648007 -0.0024442355265602 0.0610494608428165 0.0265727872937783
-0.00966632539191884 -0.00940434726366081 0.0573181967774373 0.0283679069710543
-0.00487510599693831 -0.00945831685428956 0.0550523679084251 0.0245281252705935
-0.000634427032680048 -0.0127558172757067 0.060069316038449 0.0279141467969761
0.00907230159046888 -0.0178263677398131 0.0761213857119053 0.0342848704266729
0.0157747164202087 -0.0115571443419656 0.105255553925407 0.0257204945977114
0.0342008533557001 0.000143719590621622 0.061784586327155 0.0309440766723023
0.0240174908578115 -0.00729892057611709 0.0188926673613988 -0.0160461014851251
0.0112472125552873 -0.00710539169668257 -0.0391400487116613 -0.0162213802826577
0.0103771674240729 -0.0116667688975142 -0.0719411867962213 0.0104498034557473
0.0047572674918528 -0.0197670694147036 -0.0599621958098904 0.0556497855311709
-0.00646619758093487 -0.0222824552650596 -0.0249372588021231 0.073030428342115
-0.0158673330118301 -0.0174945510866 0.00767415315927076 0.0662281975773477
-0.0223794207433685 -0.0199568396032548 0.0325300003684243 0.0482718257553649
-0.0245828315999209 -0.0178339393144217 0.0472429781206853 0.0266569391663681
-0.0263533053734458 -0.0263488077181418 0.0584405332730445 0.0163660833500116
-0.0131690326452492 -0.0396161307144078 0.0599165140812405 0.0160856451424766
0.00371091050734911 -0.0410610858929437 0.0613042153770982 0.0167398348948553
0.0256448086145119 -0.0356753343059195 0.0620951431334994 0.0229159226670483
0.046352110011256 -0.0242494949142045 0.0685701090931716 0.0293872131412639
0.053628941100331 -0.00944590447151651 0.0886164182566024 0.0224249181685346
0.0584345604903726 0.0124937079187414 0.0433511665672903 0.0244591944830543
0.0561814971115911 0.00132827715322755 0.00774803875697254 -0.0218914449191647
0.0408558616088927 -0.0107858524918205 -0.0441210109689316 -0.019845448806699
0.0299918035963897 -0.0293568063095864 -0.0720184029856805 0.00627188056580652
0.0141601832778212 -0.0423594394440847 -0.0580064654412153 0.0466553539461341
-0.00699071579864405 -0.0439642330831429 -0.0282059312761327 0.0609126527951285
-0.0234707379823296 -0.0354901123655008 -0.000697961502765652 0.0552243017416645
-0.0322229693857229 -0.0367855018754924 0.0207074044483366 0.0379726554292522
-0.0341896739879065 -0.032691780833909 0.0344564575632437 0.0159560903693523
-0.0367071979407559 -0.0444005520527923 0.0489002313896215 0.0017278593619809
-0.017767004358101 -0.06304341760272 0.0575107362996843 -0.00151115321225636
0.00719955757550764 -0.0670084091057372 0.0656891347123032 0.00424522981273515
0.0447134990980415 -0.0554652867390736 0.0633280566542232 0.0181870483571371
0.0761094534696045 -0.0302402097169217 0.0567228271047385 0.0290283038705773
0.083119837118507 -0.00716879269589925 0.061987031148002 0.0197299314495704
0.0746447758883326 0.0221227914159892 0.0163506161297376 0.0133234239892856
0.0819949766828406 0.00722506178657501 -0.0102829770592138 -0.0312513391984172
0.066309108387785 -0.017231405609005 -0.0512048779916374 -0.0252089742743367
0.0451808211904563 -0.0473514976319563 -0.0700502959843003 0.000810268182665559
0.0192087086663569 -0.0614145021947067 -0.0538224815753532 0.0322723493351617
-0.00827793193556274 -0.0598258192850571 -0.0314137681360288 0.0420705332550097
-0.0285644686124391 -0.0475528398409369 -0.0129365634242645 0.0378690121631622
-0.0363669536575201 -0.0478937737532815 0.0072639748797376 0.0232230763540397
-0.0371914550627549 -0.0437102910307741 0.0184558861130499 0.0010905268416005
-0.0388602850781114 -0.05706882173414 0.0350509422698369 -0.0150072893870767
-0.0173903371224425 -0.0781183630523148 0.0502561288677165 -0.0208151474615157
0.0120601725738913 -0.0820524710204398 0.0671221114690631 -0.00770842562510411
0.057924182506721 -0.066427308168369 0.0616259407891585 0.0142147527075353
0.0938811699893532 -0.029921248768931 0.0415396692115929 0.0302763769522266
0.0985537279761338 -0.00192000485148376 0.029023008751342 0.0159968331484318
0.0794826216197346 0.025471087694521 -0.0174782362452914 -0.000439177224375131
0.0949741915292062 0.00780313360162734 -0.0338372072418787 -0.037548587522662
0.0801245220181286 -0.0244213533704201 -0.0584811721498984 -0.0292377420034424
0.0505331483717386 -0.0600948698706698 -0.0646981977602673 -0.00562321178613267
0.018369903251107 -0.0718545283761154 -0.0488270245631673 0.0138771053823917
-0.0107135804192987 -0.0662348213747751 -0.0359895016972902 0.0198523766740645
-0.0307059706251976 -0.0523364275303622 -0.0243326986949614 0.0177908852155413
-0.0354405645912037 -0.0519094762495512 -0.00663545939585783 0.00532793616813665
-0.0342299619721949 -0.0488371944493195 0.00349855558521967 -0.0157043024053279
-0.0332662170628186 -0.0623662251782442 0.0212712014120578 -0.0321400100120864
-0.0102102421569594 -0.080997068820667 0.0430802527008209 -0.037619343323959
0.0198656726799247 -0.0819094198800538 0.0657110921566522 -0.017654450255403
0.0667504555864261 -0.0620272703641959 0.056692968612097 0.012544172370284
0.0991096019859989 -0.0207119115738423 0.025217444619112 0.0324614063586415
0.0979287606002983 0.00707522453824701 -0.00469268729469766 0.0111055114015612
0.0712415970831877 0.0237981832860509 -0.052236549407326 -0.0118594716705235
0.0890619473220658 0.00606411034359532 -0.0572613859795567 -0.0381868833217757
0.0762646833394551 -0.0264483256995314 -0.0630944249865011 -0.0289355098194047
0.044765404933804 -0.0601481398683264 -0.057841782842959 -0.0122222352806197
0.0136518520022995 -0.0676099530869355 -0.0450626365427603 -0.00651256916056964
-0.0113958137919915 -0.0601769110601029 -0.0434378843847303 -0.0030734180140314
-0.027392607764532 -0.0476493084769792 -0.0365601156893564 -0.00213777065362413
-0.0294653328643174 -0.0486373741947637 -0.0190643496972623 -0.013369980926937
-0.0255573713454592 -0.0465457149802372 -0.0079847617876378 -0.0338825229534447
-0.0208163468537508 -0.0603881469715864 0.0120225816244192 -0.0476540577291229
0.00205642850891811 -0.0720256364048349 0.0388578302039037 -0.0510127471885004
0.0305537673930813 -0.0682826672560458 0.0649477295392536 -0.0234579943281117
0.0685171571632179 -0.0433609761135253 0.0507316635211741 0.0118933035741376
0.0905173059671513 -0.00378216365443502 0.00837775397459836 0.0301137549987834
0.0831694741181238 0.0170267225924564 -0.0333391470905904 0.00177191304393474
0.0495420924221511 0.0184635299508064 -0.0825053735433099 -0.0177145259198545
0.065977768792238 0.00606632788463732 -0.0760925560442631 -0.0321990547959624
0.0570119611668656 -0.0201860388360529 -0.0644433648782336 -0.0273007588922681
0.0319171236684872 -0.0448643226906994 -0.051550413933951 -0.0176325692985879
0.0087078195988682 -0.0486718071272107 -0.0458405481127314 -0.0224523660918895
-0.00831334059844822 -0.0434371927826996 -0.0514123645802839 -0.0196743863840437
-0.0194748011609272 -0.0355112083298816 -0.0467370481933135 -0.0182874541468729
-0.0181392426911911 -0.037449094436059 -0.0281947253556679 -0.0296942474952894
-0.0141424180590259 -0.0381510991899686 -0.0149969180014815 -0.0494002266964785
-0.00753879928853278 -0.0476265800969227 0.00896904727002488 -0.0611018338639335
0.0120867265550951 -0.0524827037540812 0.0403471898170509 -0.0603328120576083
0.0346534085101415 -0.0452723796141954 0.0655640879376124 -0.0249633429883542
0.0595759055469038 -0.0195027600648271 0.0449151381991403 0.0105285684008359
0.0684814186052038 0.0119241480637125 -0.00293634724182726 0.0227317113591477
0.0565270839498589 0.0230002116307837 -0.0532608730412463 -0.0101796538735707
0.0180902234597877 0.0143430827100148 -0.101478529265271 -0.0185205273185109
0.0318389084808566 0.00960163856820887 -0.0841475066897373 -0.023863897066262
0.0298759348050072 -0.00594721315909848 -0.0642769616850332 -0.0259952564822359
0.0168249814569917 -0.0186951562249683 -0.0489147502531351 -0.020470917449334
0.00681840994263824 -0.0206330535538227 -0.0484330086888175 -0.0295261648551085
0.000146829922805425 -0.0196469489999832 -0.0573759128139912 -0.0276990502512996
-0.00577758032860454 -0.0189335255359001 -0.052057372475739 -0.027492280246398
-0.00551554055482492 -0.0215693666493625 -0.0324866929497052 -0.0408866741646842
-0.00277324353961184 -0.0227561282897791 -0.0165092767076863 -0.0611888161670053
0.00249380540723849 -0.0273535504804417 0.0117030289913099 -0.0704887035855638
0.0148088007645481 -0.0272035643439084 0.0452855830815355 -0.0639964404275267
0.0284703736529849 -0.0207811886583244 0.066842462262445 -0.0235061991779131
0.0404609784863004 -0.000533075113341424 0.0422675506423043 0.00898994787026658
0.0381702293972351 0.0202078426779565 -0.00740025845404993 0.0136819487221993
0.0233889725252359 0.0228602351235127 -0.0612024020320496 -0.0240829436671738
0.00652262159306707 -0.0120161641804724 0.0679608665334907 0.0285114784700948
-0.00923528923129614 -0.0144096216663751 0.024263412409087 -0.0180967219017611
-0.014854115362477 -0.00325801377230055 -0.0368477254615887 -0.0180367501739566
-0.00860989143648337 0.00434547204765615 -0.0712206661618445 0.0125662885677863
-0.00454773319297979 0.00326827136253428 -0.0588655510542261 0.0609574176696588
-0.00547547516629109 0.0010439417923165 -0.0198762417497184 0.0780424434175646
-0.00600003636932465 0.00217067983877672 0.0150111039848067 0.0689517569480609
-0.0099621665472736 3.14804997757021E-05 0.0380858782478439 0.0512566960356682
-0.0108273360862102 0.000548043656176251 0.0534624226356752 0.0326257458261582
-0.0137252414390201 -0.00221049563132391 0.0617707460580759 0.0264002603098665
-0.00957456985046846 -0.00911895222081668 0.0576434791942651 0.0289975338977286
-0.00505512039477227 -0.0102296429240946 0.0543130571623793 0.025247115041347
-0.000293660662501221 -0.012406935729683 0.0595237957358172 0.0294440601124749
0.00879039632221234 -0.0178943467524872 0.0754120467262142 0.0355291930817098
0.0155098969007452 -0.0114923741774097 0.104619321083912 0.0269273034144159
0.0345181419799769 0.000544966939738612 0.0604138281967088 0.0309044909797621
0.0237880151381308 -0.00707648827152645 0.0188451246038861 -0.0168525193557457
0.0111467334063201 -0.00679832159304977 -0.0382879012792995 -0.0175322017785876
0.00978571119138051 -0.011909883022873 -0.0716692854808394 0.009465911030163
0.00467344139654262 -0.0196633879089017 -0.0602641514867674 0.0544137557268854
-0.00653745801473862 -0.0226415949454935 -0.0254798850028797 0.0727206063316857
-0.0159852790089422 -0.017992513117714 0.00771860342990543 0.065817927092693
-0.0230182096815462 -0.0202088840676655 0.0315046630940092 0.0482347365061915
-0.024417850605427 -0.0181685059745763 0.0471060657430467 0.0265555829356831
-0.026491053728722 -0.026016820582512 0.0585762968739137 0.016139652205605
-0.0127881593196813 -0.0402586689779502 0.0604528874309507 0.0171393637147493
0.00426969589397614 -0.0413962276399821 0.0602093085103536 0.0168766607524964
0.0257768447486018 -0.0350607929801247 0.0607695275267928 0.0241489360923008
0.046511383450247 -0.0246870237928712 0.0675422311136513 0.0305021797686151
0.0533992816606799 -0.00884379901941398 0.0884956126168421 0.0228122926096087
0.0578910207880838 0.0135463526420921 0.0429245174505281 0.0248783890053935
0.0556770719807904 0.00168317363829479 0.0079037477310947 -0.0230258392043224
0.0403189767139221 -0.0102486559718665 -0.0431564379647352 -0.0210660249594855
0.0295678208426463 -0.0296250321452093 -0.0723464081631436 0.00500580303751133
0.0140632850884674 -0.0423852678640737 -0.0578570643838215 0.0448865474590092
-0.00716027107199671 -0.0438899347644641 -0.0282318510244235 0.0604517887512555
-0.0236847926238963 -0.0353642549675065 -0.00115685349249674 0.0547125675407832
-0.0322545912371996 -0.036290317381052 0.0210987929186433 0.0380587070351861
-0.0344920704381114 -0.0335235054610986 0.0346555680907472 0.0159595396176736
-0.0359730043641753 -0.0444783317355636 0.048775059547068 0.00113118758876864
-0.0179174492239823 -0.0634997226557724 0.0582982780118924 -0.00174749164825531
0.00774197895176004 -0.0668555221458985 0.0653485950545767 0.0048198486467045
0.0454690719579008 -0.0558614518544944 0.0624762543176123 0.019578278647941
0.0762353964850628 -0.0299201608226323 0.0554752647762975 0.0296330170199202
0.082216728970761 -0.00634991418848994 0.0620198436648154 0.0200622391140497
0.0740315221760684 0.0234616045489472 0.0160048169388203 0.012840348076872
0.0818435865852331 0.00734383097330712 -0.0091968747737099 -0.0326339147764394
0.0662381973908825 -0.0162433637606971 -0.0497661763118992 -0.0260899967098761
0.0457916315957246 -0.0468687596188883 -0.0697088289143686 -0.000532331839479546
0.0193487600338936 -0.0609484807391969 -0.0541208148814172 0.0312264453787053
-0.00859401191858695 -0.0602716406058813 -0.0325938082901368 0.0416753907811355
-0.02817292206371 -0.048111254898246 -0.0126156552397343 0.0378852491804696
-0.0358784705163037 -0.047584023639714 0.00693193531408889 0.0226162012837372
-0.0371412073608485 -0.0436941600186308 0.0186969959644544 0.000916622902778288
-0.038644910607067 -0.0567872687292363 0.0349825137385244 -0.015640087997138
-0.0180579298595449 -0.0778188498952494 0.0510987299495125 -0.0202796918271633
0.012325204481442 -0.0821510454427287 0.0667357091702921 -0.00805879047912194
0.0583907768634564 -0.0660040573806366 0.0609677238678796 0.0150749571592682
0.0943787775533625 -0.0300757282964914 0.0410291072909247 0.0308158854637616
0.0974696318182453 -0.00148518490966983 0.02918619566411 0.0167465738877999
0.0790967869893477 0.0266161839395111 -0.0174310453864382 -0.00138514443365636
0.0949868470883796 0.00824922689427108 -0.0327545785061144 -0.0392428212129772
0.0803552747233975 -0.0234711140025934 -0.0564302970163877 -0.0301187374952203
0.0506708028670611 -0.0599073154361247 -0.0648498093794417 -0.00721464706675277
0.0184790724503983 -0.0713036198493271 -0.0490183213546804 0.0123108828302836
-0.0106584920976695 -0.0660767834625553 -0.0367642230649766 0.019102385796851
-0.030192988097489 -0.0521058406430511 -0.0241446285544817 0.0178983713366317
-0.0351182212353052 -0.0515393119959752 -0.00733188874361507 0.00437300645297307
-0.0337596641606742 -0.0483371634047511 0.00353238959898966 -0.0160638469842045
-0.0328555344758682 -0.0621167026611069 0.0210974642110015 -0.0318233127050373
-0.0104486874824825 -0.0804806264831236 0.0432214472374929 -0.0375925656666296
0.0198160667853046 -0.0818821362496088 0.0653370394734724 -0.017339568982303
0.066726187946581 -0.0616232164377374 0.0562310408341245 0.013463847865323
0.0990211713148151 -0.0204795933370096 0.024150508118385 0.0325952122856769
0.0967880031761192 0.00797870524939708 -0.00419970401487918 0.0111520173426786
0.0703228166913424 0.0245051619624214 -0.0524155660488653 -0.0123734048720606
0.0890159958969179 0.00672412334400233 -0.0570902484062004 -0.0396529762706242
0.0766165027564947 -0.0259495043322425 -0.0615024375324413 -0.0304022352140641
0.0452268815072935 -0.0595391233506696 -0.0576076276850194 -0.0141820490480855
0.0135463403124754 -0.0672436874120722 -0.045358902445314 -0.00763762009657283
-0.0111068063442735 -0.0601002082519181 -0.0436141103377721 -0.00325502837192251
-0.026862381735463 -0.0476210156063729 -0.036334830296026 -0.00184475179060574
-0.0288748030022318 -0.0478085418554638 -0.0191043086073883 -0.0136743642893597
-0.0253905476876552 -0.0467736151765885 -0.00831271956448758 -0.0336325779309217
-0.0208211995305718 -0.0589750666348955 0.0120056131861958 -0.0480434513443394
0.0021086224211361 -0.071859087063258 0.0392812746031933 -0.0503313073378066
0.0301883366865835 -0.0674288707051069 0.0645596645504974 -0.0228225050770072
0.0682918158851134 -0.0428888269213013 0.0503422232423885 0.0129965151598421
0.0902013549065028 -0.00383129239840297 0.00827684276590017 0.0301159353873122
0.0817951836867224 0.0179458262693007 -0.0328385193013116 0.00163508749826892
0.0489520531302552 0.0194682621205982 -0.082765138616047 -0.0188807128949194
0.065791646254323 0.00654365953092862 -0.0749750538820971 -0.033917722224854
0.057130467082365 -0.0197644391594543 -0.0634796748725663 -0.0284644888278246
0.0323351951367211 -0.0447138180225974 -0.0509612318293044 -0.0187882924469424
0.00876195972083528 -0.0487176289940411 -0.0456845582464655 -0.0232269508839041
-0.00808384334604683 -0.0432143058709505 -0.0519445191826598 -0.0200526109999883
-0.0186159250701823 -0.0357204370948399 -0.0462655209931664 -0.0180489298959536
-0.0187687270555369 -0.0369817730626575 -0.0282497139888233 -0.0302982870576938
-0.0147445656811115 -0.0377057333160215 -0.0149162985028261 -0.0496178898046973
-0.00736895072707193 -0.0473996377728323 0.00967580600964219 -0.0610168964647928
0.0122517518245207 -0.0520008652287648 0.0403288285977884 -0.059400822201283
0.0344215247386294 -0.04464405480876 0.0657583859312771 -0.0247671710420415
0.0590059694479699 -0.0190243800715289 0.0449161499629124 0.0113978270118683
0.0680528739093417 0.012423747347895 -0.00270222370996431 0.0229981463793226
0.0556930690592808 0.0241476497605261 -0.052727574961419 -0.0105062852790277
0.0178018385365001 0.014844172304794 -0.100661656919156 -0.0204139724131794
0.0310554823178179 0.00996571146286331 -0.0836280714363853 -0.0256353503626873
0.0298963161584516 -0.0060969674099716 -0.0635971307336298 -0.0268362426172166
0.0169206964139932 -0.0190307871769288 -0.0474422973202827 -0.0215627105653322
0.00671697840962996 -0.0198619217579556 -0.0483085851408038 -0.0304654796914048
0.000673401871865402 -0.0191667176163884 -0.0579891024605293 -0.0277066589651369
-0.00553070075319081 -0.01852577232415 -0.0524891051539087 -0.0281037576493632
-0.00531339936429716 -0.0212754511850058 -0.0325634975462624 -0.0413208753456751
-0.00279383959543055 -0.0221086075318679 -0.0161286351074219 -0.0612864995398809
0.00246401902862704 -0.027349314653499 0.0119484290284007 -0.0696391869492624
0.0149879890177554 -0.0267210541467319 0.0454478490216854 -0.0623443360555527
0.0283855653432938 -0.0198717892578616 0.0667884689593129 -0.0238489928932371
0.0402734634958648 -0.000396225377763117 0.0414414104606251 0.00986045333730391
0.0376904036783206 0.0200476700954799 -0.0081574943684252 0.0135684777175415
0.0224125265085503 0.023145635355707 -0.0602145798436241 -0.0237729570193453
0.00658293503822476 -0.0117701333250926 0.0687782919638092 0.0296844385540344
-0.0096530382521973 -0.0146758769747293 0.0247385388510259 -0.0193018556960424
-0.0155101614030437 -0.00315520865118881 -0.0375147383582639 -0.0190153402971249
-0.00879158424003693 0.0039630154802358 -0.0729831541914753 0.0118140155119333
-0.00487006484919546 0.00297978603837655 -0.0608329962414932 0.060933145865481
-0.00599345755754085 0.00068326640978264 -0.0206419614053856 0.0789153343316869
-0.00698823941101263 0.00230546614223951 0.0151216117326965 0.0699633527401518
-0.0102756747568733 -0.000806398791925603 0.0388498072864205 0.0523947028064849
-0.0113313336568824 -8.82716682292152E-05 0.0539161987945727 0.0333781231269855
-0.0132702175715137 -0.00237221055064188 0.0625180453732938 0.026888280487299
-0.00917150317709655 -0.00986754801356927 0.0594406608915229 0.0299225241423948
-0.00496311863615146 -0.0101975844064283 0.0547633354866115 0.0273160178223546
-0.000235147342500981 -0.0134311614990296 0.0592482928310696 0.0314794156640337
0.00864453873314292 -0.018283127244227 0.0763646936896093 0.0377314120868874
0.0153634480437368 -0.0112513002840008 0.106453438548768 0.0281146771767808
0.0348527691643506 0.00116917695261904 0.0613332282920914 0.0316938707561769
0.0238164601681862 -0.00739179060314048 0.0194937464263231 -0.0180285941219285
0.0117860379213049 -0.00616084527945625 -0.0383917319782675 -0.0189237120091354
0.0101900316560659 -0.0118866914621274 -0.0733685179231591 0.00825781058724458
0.00459202041691545 -0.02027096174112 -0.0622434555365142 0.0548866800139768
-0.0070169639226937 -0.0231066965938904 -0.0264445787018066 0.0736002940065514
-0.0164919403412722 -0.0184319814618646 0.00756534788704006 0.0659792972294265
-0.023402031496466 -0.0202298524627818 0.0320318909335871 0.0486604659762682
-0.0248342729767852 -0.0185862274419747 0.0475629096817647 0.0271376816857765
-0.0266233564622294 -0.0269517216463055 0.0597177069509689 0.0163388378487838
-0.0133985543837617 -0.0410967635812629 0.061887746057353 0.0173921084615601
0.00417894445911221 -0.0420305009626669 0.0612836033211907 0.0179352169641194
0.0268889056030288 -0.0359200350113625 0.0615815911220044 0.0259482777878583
0.0477304221908257 -0.0246473340749609 0.0685810797142583 0.0321241485944978
0.053863612232025 -0.00786139323211388 0.0902962636027243 0.0237014058498199
0.0591123821773487 0.0146647175048519 0.0433648461232844 0.0251732990683782
0.0569257889742973 0.00215993466183783 0.00837318636708733 -0.0244321230700249
0.0414536671193011 -0.00959384129971372 -0.042990704777414 -0.0222959717529671
0.030412664038649 -0.0291992373393979 -0.0735546513538912 0.0037083053390623
0.0141119925219797 -0.0425223569203269 -0.0597787281095783 0.0448798820462182
-0.00746847549276167 -0.045003068837025 -0.0294373659870026 0.0611615400334837
-0.0235565539028572 -0.0361396327122887 -0.00149031980250752 0.0551944416915489
-0.0330924166506275 -0.0368601325456949 0.0212885782188456 0.0382241937195857
-0.0348335474529586 -0.0340854551209978 0.0349976418422453 0.0164616329077018
-0.0365081949482215 -0.0455168079971382 0.0497637853757865 0.00126151716163365
-0.0181260713352349 -0.0647396514904259 0.0591173819685581 -0.00112010779336664
0.00773437279004365 -0.0682914433507698 0.0658314927222033 0.00541810406570329
0.0462102728482099 -0.0564365159119734 0.0629305901528759 0.0214543254433539
0.0781580611674075 -0.0305413984359716 0.056201485226082 0.0309493791896846
0.0830890528410825 -0.00512147327467336 0.0624954290232662 0.0208717596393344
0.0752889621062858 0.0249883514960263 0.0163050536512494 0.0123452971735417
0.0835605981094187 0.00767978917447194 -0.010212729961675 -0.0342600176216745
0.0677346854814341 -0.0158200764265102 -0.050065008046402 -0.0279620961491889
0.0461653574007531 -0.04760657947478 -0.0710582605524286 -0.00177600435149664
0.0194744393716652 -0.0620569641523179 -0.0551788203740957 0.0304711346050931
-0.0085939764091818 -0.0608406077420422 -0.0330144459230522 0.0421242407605814
-0.0287279286720922 -0.0487794041221773 -0.0129074041136512 0.0383246397139041
-0.036891371821314 -0.0482047735740451 0.00637172683471352 0.0229376945179239
-0.0380408945819801 -0.0444164604016144 0.0189632203339806 0.000766789657857028
-0.0393410017107453 -0.0581316479010187 0.0352409736766195 -0.015739008106352
-0.0184849333417038 -0.079063845914437 0.0518995997053525 -0.0204041923463726
0.0123232033737417 -0.0828915745297791 0.0674882847150681 -0.00765854435407331
0.0595146871530663 -0.0675474121417953 0.0608762222365297 0.017148508882674
0.0961242710938794 -0.0306829818843694 0.0409244695065208 0.0324292499545152
0.0983775599818074 -0.000100530515674 0.0299535691013493 0.0168919687572183
0.079759156038224 0.0283810580161232 -0.0177782888596926 -0.00257759229088249
0.0966867759420033 0.00842463178101131 -0.0332795672038064 -0.0410993239471225
0.081686413478544 -0.0231116257407503 -0.0562837868627823 -0.0321051227606908
0.0517384266846499 -0.0601353302398722 -0.0656429938949429 -0.00806867859278454
0.0182822591135557 -0.0726839805307756 -0.04978286078131 0.0113648632054481
-0.0110116248424504 -0.0676769471349592 -0.0382146295350051 0.0188624006570675
-0.0303036584577909 -0.0531037346969856 -0.0248392508133665 0.0180965731087728
-0.0360581770667872 -0.0521277507268982 -0.00794029752556104 0.00436772830586163
-0.0349444888447629 -0.0489922648497292 0.00381979091006339 -0.0170064781581461
-0.0340317079922067 -0.0637185083355819 0.0216966602255935 -0.0331414683132299
-0.0110162410655283 -0.0821033976606272 0.0441828775653146 -0.0380552839868638
0.019983179174886 -0.0831334379237858 0.0671665448812354 -0.0172413170854044
0.0677270001725609 -0.062521254843376 0.056575986044 0.0153310473670681
0.101297137552451 -0.0202955884025474 0.0238353955254471 0.03360057237529
0.0979126470585967 0.00929065481418745 -0.00369196212426198 0.0111383135456148
0.0705862172353787 0.0261589260233285 -0.0532360068300764 -0.0138566398498289
0.0906387734312441 0.00717918545237086 -0.0575388346705576 -0.0416156719498249
0.0780151777830647 -0.0255822999747093 -0.0614907542376196 -0.0321763170190959
0.046317893628007 -0.060331781375304 -0.0577169656335982 -0.0152717868443066
0.0140638078369745 -0.0684024951688851 -0.04702341556364 -0.00893112947519
-0.0114243767068768 -0.0614199686215965 -0.0451470430932552 -0.00392791102569677
-0.0270519719354374 -0.0486262689525606 -0.0366152136595364 -0.00194665110559215
-0.0289170048852271 -0.0483999447154649 -0.019577868309283 -0.0148376538080884
-0.0257457148286606 -0.0473269278573601 -0.00859532308881779 -0.0347641437150941
-0.0208904463528403 -0.0606215354025224 0.012474705780964 -0.0494422076057199
0.00190478184292179 -0.0722405599862163 0.0399037810421886 -0.0513131743037218
0.030628178093749 -0.0683000971840756 0.0659946093759965 -0.0232441946300922
0.0690108815191709 -0.0427459091235841 0.0509194354562321 0.0141221003137666
0.0917056013387161 -0.00320004902866707 0.00816854474935086 0.0307689613460648
0.0824770991647528 0.0192594479778049 -0.0331447063661371 0.00173288147689079
0.0492129620436154 0.0208023562615787 -0.0833471912776342 -0.0213082691701819
0.0671014766549209 0.00691918439740838 -0.0759097612725572 -0.0360876964572184
0.0584095073448243 -0.0197540092650367 -0.0632588489278435 -0.0302761981933057
0.0325749946998047 -0.0452219034748065 -0.0509785667149671 -0.020381615317028
0.00842264549841223 -0.0493760830799048 -0.0462159731725513 -0.0252171572744171
-0.00805960672586462 -0.0442375665858185 -0.0533166373651732 -0.0202670643815403
-0.0192936311311709 -0.0360932029897236 -0.0471580095544268 -0.0177974063860961
-0.0189414219677246 -0.0373808265273196 -0.0289592685027452 -0.0305104631551506
-0.0144024423130544 -0.0386060802351761 -0.0149936333372031 -0.050789790937176
-0.0077443727780144 -0.0483841043243567 0.0101477467781147 -0.0622781400724053
0.0123322320897209 -0.0523996657673998 0.0418088161270727 -0.0605853502251291
0.0349680216529985 -0.044855749569658 0.066631000935814 -0.0255047467923168
0.059876806254469 -0.0192546480898566 0.0450660361203251 0.0124819439857122
0.0697284072371791 0.0132944714072004 -0.00307857639897935 0.0235108545705377
0.0558042141165766 0.0249057525513618 -0.0519679528651718 -0.0110435066332357
0.0172728837971087 0.0157882117416377 -0.101893581743505 -0.0216771171245336
0.0321632109933467 0.0103985608537158 -0.0843035685940519 -0.0269834976867044
0.0309527612152671 -0.00583303086627916 -0.0638077481570115 -0.0278435734038423
0.0172172978072967 -0.0186064267891339 -0.04829996413631 -0.0236452240851519
0.00668965508399166 -0.0204194770194473 -0.0491420360360975 -0.0326060963857227
0.000465034178269821 -0.0201635570497271 -0.0593048156286069 -0.0281469870420525
-0.00536876671411787 -0.0188136705557786 -0.0531120245154614 -0.0277649017490365
-0.00587049520435528 -0.0211994981798326 -0.0330764502588182 -0.0423597204293367
-0.00237303507429471 -0.0220633964599037 -0.0161437134510986 -0.0620674889097293
0.00212557251091123 -0.0272253970544005 0.0127434560317007 -0.0708266483762663
0.0154717566574711 -0.0266033913164392 0.0468332200396519 -0.0634703383117223
0.0285833411456938 -0.0201174582236727 0.0684468374986251 -0.0241525919041436
0.0407710906122185 0.000498794896632315 0.0425835324862609 0.0105743826978471
0.0380822252701308 0.0210251133021523 -0.00791203487328944 0.0144671384309101
0.0229829210033541 0.0244347660097813 -0.0607427840658444 -0.0238578638409274
-0.000504265024427558 -0.0144793994383769 0.0737227097590575 -0.0193801130681034
-0.016323205750316 -0.00643237539824054 0.0073946843592106 -0.0316666546765917
-0.0144528585535716 0.00688259086079304 -0.0434274717681354 0.00658335222580105
-0.00433452860527205 0.00909789623546461 -0.05368589056155 0.0556085980801971
-0.00182058735068244 0.0055944505530976 -0.0119481297187428 0.0873451884011546
-0.00460877485257645 0.00432372302319033 0.0317790148267061 0.0772115867831333
-0.00476254639469106 0.00550166262712569 0.0558855915265908 0.0478978628268483
-0.00930701321199347 0.00642729887320741 0.0644958764616066 0.0184597361266409
-0.00887348058973387 0.00729656326844943 0.0651853081590694 -0.00704281302616467
-0.0127799469991343 0.00586049402223576 0.0689943047953329 -0.0176446940358634
-0.013490979436421 -0.00276244393997717 0.0677127444117228 -0.012477667307207
-0.0102897878390937 -0.00621140441173035 0.062317168763542 -0.0113988369686973
-0.00764758762843228 -0.0124250621230394 0.0695961078065263 -0.0109812528340605
-0.00354792683183577 -0.0214665394334963 0.0886770458851393 -0.0175176443483329
0.00743134554317451 -0.0189046048757186 0.106349195473797 -0.0450961392244883
0.0310227865781768 -0.0197022129371861 0.0693625429385999 -0.0147343971139096
0.014861472965194 -0.0203113357960727 0.0044211580471526 -0.0282545971078899
0.00537546748097406 -0.0122523255038406 -0.0432082627620678 0.00672791354475214
0.0012808326861023 -0.0148412927529966 -0.0561485627549178 0.0519528353057783
-0.00779079542826169 -0.0190130892812622 -0.0174029659044539 0.0822678218562529
-0.0195494876188479 -0.0142525373424005 0.0236147901119712 0.0751049524960196
-0.0242411150979086 -0.00498615316015624 0.0473050355292905 0.0498061080034495
-0.0323419844817849 -0.00180857073762623 0.0567649119016087 0.0195737249222412
-0.0328602114758017 0.000219376289896309 0.0560981373293165 -0.00873970030914919
-0.0392558738913794 -0.00564008074525157 0.0596503626057867 -0.0242087097177861
-0.0374121705061858 -0.0261674883003503 0.0615286040608346 -0.0241207891475042
-0.0227932964054314 -0.0388269684766656 0.06229970073137 -0.0225148595287159
0.000357723489283835 -0.0492255384296829 0.0674033848675378 -0.0160485621695369
0.0244819446327328 -0.0522961345384168 0.0788710001883346 -0.0157786083491625
0.041531768032543 -0.0418667202782743 0.089773455579513 -0.0364980135355949
0.0588785423271261 -0.0216744476779101 0.0509288283229305 -0.0102879203999225
0.0470597927403822 -0.0312305742967481 -0.00721042965879847 -0.0276507020467259
0.0281524982240314 -0.0324380200579139 -0.0491265718046378 0.00465156510098266
0.00753540418191028 -0.0405655169783248 -0.0596474431133446 0.0465650188857829
-0.014236338860433 -0.0428882137249307 -0.0221265680330638 0.0725966606104062
-0.0329532335522192 -0.031964683580138 0.0121933919318802 0.0675525423764426
-0.0413178909522474 -0.0151388905804313 0.0329842546766578 0.0469973739889058
-0.0503570412431541 -0.00932434987551184 0.0409934437687646 0.0181664058342142
-0.0501784283348453 -0.00639702917202197 0.0387074922412298 -0.0100329105903027
-0.0591466017955641 -0.0148344919607054 0.0421128449096378 -0.0306431958032598
-0.0568196195914246 -0.0429471860597732 0.0476708963929008 -0.0377651687846983
-0.0358461669736647 -0.0629414880185632 0.0581110375538858 -0.0361709944660148
0.00394057711924094 -0.079926128263379 0.0654634359045948 -0.0205885303718674
0.0464787814273119 -0.0766913642420336 0.0681416754740295 -0.00743963104808568
0.067910569916152 -0.0578239545585798 0.0643985581074224 -0.0199413881745189
0.0780737398225228 -0.0208282221521044 0.021988832956022 -0.00530558950780358
0.0723419586302149 -0.0424315143137525 -0.0270226444263556 -0.026000798052309
0.046173442666065 -0.0526067800112069 -0.0572824792396174 0.00290805965903923
0.0097839362525239 -0.0644290523910917 -0.0610742506407986 0.0390981301076833
-0.0214798280616278 -0.0619841471674643 -0.0282225973411471 0.0576816335803329
-0.0436598417856257 -0.0441457534299652 -0.00240062372874327 0.0535985857470245
-0.0525960226784574 -0.0220745057546523 0.0125165271654183 0.0396953709221567
-0.0605930521833307 -0.0162468934157882 0.0198738139513507 0.0141854747025958
-0.0599349636280155 -0.0135826435320524 0.0168119904629824 -0.0122157140532122
-0.0698140285636122 -0.0235967478361611 0.0194101475314979 -0.0357776445842625
-0.066388338298506 -0.0548835291644136 0.029049097226906 -0.0488372662957404
-0.0415803742850855 -0.0781944215535606 0.0507275832374116 -0.047834602720038
0.00789136249281588 -0.0969922299571059 0.0615096359316622 -0.0229993039547621
0.0620290799246929 -0.0884369490474671 0.056019286884491 0.00315421614874689
0.0838627732557561 -0.0638464540115763 0.0336888934472003 -0.00111623275048745
0.0839595550390097 -0.0209779128308988 -0.0151544702031773 0.0032538247950329
0.0832322251774544 -0.0486021729946691 -0.0505789813014954 -0.0167238142308405
0.053213287082477 -0.0672982895820727 -0.0650641498307354 0.00287287432809802
0.00682717182047375 -0.078467587938478 -0.0612404786105498 0.0297607493568637
-0.0281975066238372 -0.0700599043746104 -0.0363424028849359 0.0387190662052946
-0.0494932901916457 -0.0483012686161147 -0.0210836162745064 0.0371469575853888
-0.0568757460346636 -0.0247168111725485 -0.00983673040679562 0.0310244675602873
-0.0621786760058795 -0.0204253235211716 -0.00325378552676821 0.00780142589337845
-0.060262986346186 -0.0193837171177317 -0.00749563931695225 -0.0168934681874534
-0.0684712599835928 -0.031495407453109 -0.003155957154694 -0.0412215641342268
-0.0620641844889464 -0.061952565828827 0.0116214389083126 -0.0582250117330923
-0.0350580047078406 -0.083207558385247 0.0439851123920683 -0.0559460846404064
0.0183850351138363 -0.0983296923658598 0.0563649713610472 -0.0216550118895871
0.0725266795745276 -0.0827542833066659 0.042590002838345 0.0153103429170442
0.0892006253065173 -0.0548343630525213 0.00186219423911312 0.0153746413077623
0.0749945067037236 -0.0175270192891127 -0.0518290962947763 0.015809762978165
0.0772863765765995 -0.0465827054670772 -0.0710075462319838 -0.00193681899618279
0.0485695328495693 -0.0674459294625623 -0.069508670922169 0.00600282642402397
0.00266716561704502 -0.0755240486765672 -0.0588498066843499 0.0184732467030845
-0.0298122276703553 -0.0639502055815384 -0.0459527226723791 0.0196311264063575
-0.0467621910367717 -0.043188178688782 -0.0408763115025455 0.0234585660779928
-0.0515667771583858 -0.0227120857464191 -0.032443181172467 0.0217687460993227
-0.0543581575673705 -0.0212226008098656 -0.0251438916037951 0.00024228071631334
-0.0519913442988052 -0.0233245580966049 -0.0279396029236673 -0.0235931643594072
-0.0560337716503937 -0.0369716903598654 -0.0204620317292526 -0.0484601340725125
-0.0442883444946355 -0.0624860138647755 -0.000245680185428457 -0.0668007734033862
-0.0163994331058273 -0.0773606971838955 0.0392152661828048 -0.059883052703521
0.0314843172364445 -0.0818541643534626 0.0499631679983383 -0.0191951072352699
0.0755968871591438 -0.0621248861059279 0.0272696048968661 0.0234924901406231
0.0819496501625343 -0.0364124091928383 -0.0286698438669054 0.0253302653627229
0.0530421764230432 -0.00983348211278175 -0.0808998286513428 0.0305453170809635
0.057815830526497 -0.0329162666721821 -0.0830586938477443 0.0149904837050534
0.0359044429719786 -0.0505958276403147 -0.0701870476229842 0.00966035236248596
-5.53796798078837E-05 -0.0551788718165111 -0.0560517859235113 0.0112580736377657
-0.0223949476226923 -0.0449539644172875 -0.0551696270265722 0.00686014489526896
-0.0333230686394606 -0.0310048845919561 -0.0574857685306179 0.0154762829613112
-0.0373150165237216 -0.0172560190911634 -0.0504656977460822 0.0150234951274453
-0.0387638409257327 -0.0185539970132685 -0.0430691548692995 -0.00762622770877717
-0.0363995950216042 -0.02270439297896 -0.0441716810982486 -0.0320088878892367
-0.0373512814809402 -0.0349531460012775 -0.0305756927861654 -0.0574722634520666
-0.0227802987492065 -0.0523463795417219 -0.00440128562828937 -0.0750415864758844
0.00223717135661904 -0.0598977783051803 0.0386452265118305 -0.0620101364538799
0.039658046149947 -0.0547311601010671 0.0442474490788901 -0.0169187493137351
0.0667092942442189 -0.0334391778461452 0.0125001783628248 0.0242160376642945
0.063235788597582 -0.0146046511299884 -0.0523221188908458 0.0265341472599662
0.0226617793702015 0.00370704499538576 -0.0962317535771273 0.0434140155737858
0.0314121623936357 -0.00948433116043432 -0.0849710728845449 0.0282789602026616
0.0211225479244391 -0.0227842361848037 -0.0692950946286654 0.0128613431262579
0.00251334544918829 -0.025195274350236 -0.0551591474686256 0.00808424323401516
-0.00675232552575424 -0.0201457074193354 -0.0615789448810977 0.00308343202542389
-0.0117331075775903 -0.0163570059751839 -0.0662400685815646 0.0136174504607672
-0.0156794813792439 -0.0118533263425813 -0.0614908372105888 0.0103281229295168
-0.0179341177729313 -0.0141470900922336 -0.0538340321507015 -0.0136059166595395
-0.016562071434746 -0.0169185335075032 -0.0525181519393549 -0.0407756922595977
-0.0150835493762986 -0.0243054392793418 -0.0335201959093174 -0.0661200128513724
-0.00433734591491211 -0.0320887195472019 -0.00201463548443104 -0.0809800796943674
0.0120551848609617 -0.0356828636476545 0.0410584865646806 -0.0622948187609984
0.0355078321953421 -0.0263580987839981 0.0404130419427855 -0.0173887743783886
0.0451908908828408 -0.00613096585506339 0.00281350329171946 0.0184445020277678
0.0343431421099573 0.00586670722422616 -0.0665474413412893 0.0198912952178738
-0.000729037492679195 -0.0150648930388193 0.0759038315321682 -0.0229460697744069
-0.0169951511268632 -0.00600184570307869 0.00600111709385762 -0.0340282799076301
-0.0144526456101511 0.00731128422543743 -0.0450306286816068 0.00870836052553712
-0.00455601984279302 0.00961301334428447 -0.0545662087288736 0.0598358523856012
-0.00201483402380223 0.00571287483053236 -0.00940002930469402 0.0913335395949846
-0.0044534777324724 0.00484476055310815 0.0356108281032557 0.0790165191346501
-0.00501816682955712 0.00532951900459447 0.0590652275534385 0.0466253211144033
-0.00955789248766029 0.00670004647057389 0.0677987434073163 0.0166982583416719
-0.0100057221065463 0.0070553872162351 0.0673485103780733 -0.0108467205069669
-0.0130226640406993 0.00578605924535485 0.0713275716148865 -0.0208301220550089
-0.0145764197671176 -0.00209705448513384 0.0704553054324535 -0.0151526585428757
-0.0112302479336038 -0.00624794058426376 0.0644331114193451 -0.0135470005153676
-0.0090261877701106 -0.0124461696212275 0.0723236369214615 -0.0123854585609998
-0.00521435159682362 -0.0223807635951997 0.0920952031105775 -0.0203887557473548
0.00755973069977114 -0.0196852690435048 0.107665516855214 -0.0505897291513852
0.031536024070943 -0.0210032965066782 0.0714324480238441 -0.0185082550728393
0.0148499580844077 -0.0213575813077842 0.00309421949361151 -0.0307132831567316
0.00581965445305598 -0.012554516930937 -0.0451394219793672 0.00786085964696752
0.00108641845355352 -0.0151905104640172 -0.056509079978353 0.0559274031642456
-0.00923232438303486 -0.0193878542604323 -0.0155083116255145 0.0862849505485445
-0.0211636284436388 -0.0135143750066479 0.0271339094405427 0.0770818245157518
-0.0264289722452038 -0.00415159007961776 0.0501597329275846 0.0498103416742746
-0.0336489610353911 -0.000478761157427261 0.0600581298381073 0.0180144128234235
-0.0336338718234223 0.00115004162542197 0.0579270280086563 -0.011206264538037
-0.0408727983376687 -0.00475030700261151 0.0610716245658142 -0.0276509444588747
-0.0401722078273625 -0.0258469622217478 0.063628218582718 -0.0279143053828794
-0.0252752343186954 -0.039454201824213 0.0638959477777779 -0.0252641824223139
-0.00147014731124986 -0.0515219678038051 0.0699954026795228 -0.0180734292834983
0.0235427948714531 -0.0552789644706846 0.0817022150865519 -0.0191065064391077
0.0417860623923544 -0.0443644460063677 0.0912438639624813 -0.0412632214929329
0.0610195026254426 -0.0236990410182348 0.0528476333513868 -0.0130592485750169
0.0473813354594765 -0.0346829631702201 -0.00914033041623372 -0.0294315751684945
0.0281993775689647 -0.034330341102226 -0.0507587104157819 0.00517117411231684
0.00622816828562083 -0.0420932857396819 -0.0600067592971224 0.0506438431939685
-0.0164094493669057 -0.0436321384016373 -0.0203625416446902 0.0759913900145606
-0.0361908895865031 -0.0314266182741736 0.0150740838535122 0.0688096318775538
-0.0435761668419505 -0.0142684418010225 0.0360327933933453 0.0466224156207219
-0.05300442636461 -0.00775406902268127 0.0433840879330698 0.0172572262664588
-0.0528468980797741 -0.00446927512687147 0.0397924950032427 -0.0121708184734753
-0.0624391136713235 -0.0128016038075166 0.0417179852058814 -0.0337234393789605
-0.0610695063028052 -0.0422128949386145 0.0489443814240191 -0.0414143907768745
-0.0402633445605631 -0.0641055931041211 0.059032146777552 -0.0386521691804791
0.000904023036267077 -0.0828758832341139 0.0682550369231724 -0.0223957443164481
0.0454754125163058 -0.0821685004624335 0.0705598154057846 -0.00967021921112031
0.0690795283369376 -0.0618978700496696 0.0656268748660162 -0.0236856105313339
0.0810276630606974 -0.0240999244492513 0.0216866211927629 -0.00619131583612562
0.0730792692309964 -0.0468110048585477 -0.0297492690832427 -0.026268174159191
0.0465465832819401 -0.0566389907720663 -0.0597800263829466 0.00324407225881586
0.00762209555281718 -0.0671855811048953 -0.0628275902062106 0.042348257742373
-0.0250837210096514 -0.0630085702243987 -0.0273190509720281 0.0604902277718867
-0.0484081991737557 -0.0437251349489354 -0.00081206809440673 0.0557673843933921
-0.0564032424842741 -0.0209505962456233 0.015250696859953 0.0409861959393228
-0.0638878635286998 -0.0138455235824456 0.0210409029063369 0.0141624227390634
-0.063153133809315 -0.0113351539134508 0.0161204833029212 -0.0135084877368903
-0.0737746906844305 -0.0215765412530519 0.0182745324114765 -0.03820912724253
-0.0716126711518973 -0.0539749423531482 0.02863427090579 -0.0523026737678555
-0.0469732908154145 -0.0798063618402998 0.0511420644163544 -0.0515249383076046
0.00385232720676518 -0.101609185498896 0.0633126931283896 -0.0246817189564252
0.0610084893877377 -0.0947887720259862 0.0584051988865959 0.0020664289560299
0.0847573246777763 -0.0679216949507092 0.0355673992275019 -0.00214785770418207
0.08684920008771 -0.0237541333561895 -0.0164413564455132 0.00375158945424492
0.0841362099437334 -0.0543154101976371 -0.0537851536276274 -0.0160188137600172
0.0528524643549298 -0.0718986176734624 -0.0672823707261502 0.00382002099158139
0.00350751621077031 -0.0815468673950341 -0.0632549138970746 0.0321054739879031
-0.0327717108252018 -0.0714201684452887 -0.0371538060256603 0.0412021455086199
-0.0542348956167271 -0.0477022897996784 -0.0210431624848224 0.0392881825842999
-0.0597933388164118 -0.0235078426785649 -0.00859570960381762 0.032142252315781
-0.0652949628116869 -0.0180802001131241 -0.00371097643708278 0.00824364039843509
-0.0630340343032999 -0.0174131491437027 -0.00846283464520729 -0.0171691160591653
-0.0723486892377612 -0.0302060174800027 -0.00541884542020511 -0.0426681127907457
-0.0667803392806233 -0.0616786099110297 0.00999305118476991 -0.0618559239227347
-0.039705433850179 -0.0847840755970419 0.0432872338975795 -0.0597520107891623
0.0150651086553403 -0.10225161240332 0.0581586544630108 -0.0235371648236551
0.0718821336038411 -0.0893477664162451 0.0441840310107671 0.0151529211542462
0.0906643090301222 -0.0593537498475553 0.00294564784573058 0.016140573816212
0.0773029322622474 -0.0199564496021217 -0.0535580598735691 0.0181286005621226
0.0785442109831807 -0.0512135721289604 -0.0746798234373407 6.04254306993738E-06
0.0480439600562617 -0.0715641928975611 -0.0717808454734104 0.00690074240028619
-0.000764354066706508 -0.0780455048049058 -0.0610291586771434 0.0208499270356251
-0.0333390830246224 -0.0646863076384693 -0.0475480797253776 0.0216677398780741
-0.0504302583688175 -0.0425238575286022 -0.0420095483017677 0.0261342818129284
-0.0541167752600284 -0.0218299762105268 -0.0320253670779529 0.0237740896340843
-0.0571952323706082 -0.0195409883847759 -0.0268300615914661 0.00128248109796729
-0.0544497494663707 -0.0219232227374295 -0.0311422303677325 -0.0233068914202221
-0.059849385584844 -0.0357555007435819 -0.0236611714288579 -0.0490138231927116
-0.0491166978930463 -0.0624920899361163 -0.0027976449847105 -0.0697307163223095
-0.0204584100328115 -0.0791523322058668 0.0382541787676351 -0.0645288029460809
0.0294362393375579 -0.0862042688160451 0.0515232985256869 -0.02096318185108
0.0760059013041843 -0.0675344974486214 0.0287169546052543 0.0240851869022317
0.084008916700564 -0.0401416545410389 -0.0281425163301757 0.0270990933330193
0.0548872147220004 -0.0113040756374182 -0.0827961670525433 0.0342464400685627
0.0585725776111722 -0.0363726872799424 -0.086015060217389 0.0180869554042649
0.0357383492687477 -0.0538079112675184 -0.0729805776917294 0.011279599359018
-0.00229254768473993 -0.0569220977323623 -0.0582547736853791 0.0126418962645153
-0.0253595387231174 -0.0456689095328886 -0.0581752486397349 0.00878554360164711
-0.0360991845658982 -0.0308752340700999 -0.058849501763046 0.0184056148907726
-0.0394180720610983 -0.0168397181112276 -0.0513936263228773 0.0173656892817027
-0.0408290783863782 -0.0174343967317269 -0.045560427553255 -0.0058075860478206
-0.0383875000491449 -0.0220105424337649 -0.0475270858578923 -0.0317086544357455
-0.0397174094475754 -0.0345661590804038 -0.0342660549691151 -0.0580643330912357
-0.0255912651759157 -0.0531033428416046 -0.00711416885377903 -0.0775406340731826
-0.000509437994794009 -0.0617410081149307 0.0378375443624286 -0.0663002655432448
0.0388696446149652 -0.0587203435892268 0.0455833801770025 -0.0189123512015691
0.067807167961991 -0.0371086934992307 0.0136423224117506 0.0251383318234674
0.0650522536003354 -0.0166900810925916 -0.0526152552484571 0.0293058698206409
0.0237161391722218 0.00335724479430033 -0.0986180803912744 0.0480760023219594
0.0321390451878787 -0.0108931328623935 -0.0877614040124487 0.0325111202006406
0.0208623946090577 -0.0247590440837778 -0.0719085590764958 0.0153324971108919
0.00160265302239343 -0.0260438676066965 -0.0564880302744122 0.00982189178432331
-0.00804626529522052 -0.0204280187085303 -0.0645152516704983 0.00503709940317933
-0.0128032458870657 -0.0165832681974844 -0.0681694179133591 0.0166361730223888
-0.016557363408989 -0.0112964162196553 -0.0624428385831391 0.0137667984745279
-0.0188737075384909 -0.013514602994282 -0.0561315064825125 -0.0123725330668269
-0.0177199941542188 -0.0169754344212731 -0.0563501688231125 -0.0403987627625909
-0.0171117508319643 -0.0243403331109206 -0.0369733885086179 -0.0671623392376154
-0.00507080908312329 -0.0338682758188976 -0.00490638851225092 -0.0839205322356447
0.0111313918395697 -0.037495988056484 0.0404744419451167 -0.0660499763445248
0.0355514809147797 -0.0284589001304247 0.041807055210532 -0.018982733040211
0.0466333256323763 -0.00803820019440122 0.00334999919735651 0.0193975397699824
0.0357522726094903 0.00499073385595608 -0.0684327951588254 0.0230069750020759
-0.0015775644454373 -0.015604580287965 0.0755243314614224 -0.0286792704105658
-0.0177967564617061 -0.00489257047067213 0.003121003755308 -0.0354846015355927
-0.0141299419343365 0.00799798223778081 -0.0458116893659905 0.0109031213934625
-0.00409126732359413 0.00992592423585099 -0.0516677862214796 0.0637594695015986
-0.00178693879097116 0.00596340113614546 -0.00418762914853641 0.0935272369690317
-0.00426233929921902 0.00556456031392594 0.0411308358024878 0.0779914968384916
-0.0045737302945027 0.00601521875192839 0.0621390413211251 0.0440165837972012
-0.009580539553522 0.0075366395097168 0.0697538475184813 0.0118831551209694
-0.00948233792554786 0.00781458953598773 0.0676853389596962 -0.0152064751247063
-0.0126745890191137 0.00679257623139529 0.0714608901131813 -0.0263001128782439
-0.0148904014474314 -0.00187646726202741 0.0711530126004634 -0.0198496832862889
-0.0115978370703308 -0.00595734037767355 0.0653587611658483 -0.0165279395917696
-0.0100347287268503 -0.0123813530003366 0.0739907595428489 -0.0156800802961778
-0.00678566934653581 -0.0221233172330517 0.092671721025763 -0.0263108562777932
0.00617610819158759 -0.0204937883616416 0.106528689124491 -0.0573236970724269
0.0309946699157025 -0.0233864296540352 0.0710406283019118 -0.0226907893091319
0.0133162584925683 -0.0226094455374451 0.00046438951049119 -0.0316521851282903
0.005531424306213 -0.0129958598475014 -0.0458437101877382 0.00963687863768611
-6.07395348556854E-06 -0.0157523612800572 -0.0547908239135803 0.060032109947017
-0.0105449228480852 -0.018903539747953 -0.0104883407434709 0.0891960270963172
-0.0226005910192463 -0.0123712544181855 0.0318561939502504 0.0769460945648227
-0.0270323546198256 -0.0028201554811634 0.0540954827166991 0.0467486796766868
-0.0347515880190091 0.00157208842767247 0.0613701301476657 0.0144946680027342
-0.0342190053031948 0.00348677835128852 0.0575843635319191 -0.0149794291918491
-0.0417799647419 -0.00233371085513511 0.0599931122196721 -0.0319381983195574
-0.0423598174092971 -0.0234883639606991 0.0633681956303669 -0.0324270637862576
-0.0281283591428821 -0.03876361344004 0.0638415552020482 -0.0285639855153889
-0.00481744248997607 -0.0521884480354169 0.071244920429133 -0.0213531932238068
0.0203706326254282 -0.0579304287490967 0.0819411199723547 -0.0235709577216516
0.0399724777648749 -0.0471306396755641 0.0899976196805791 -0.0473846514980706
0.060678671554423 -0.0276051476686548 0.0526446364360992 -0.0166259887075766
0.0457773233357657 -0.0382197057191173 -0.0124694756241577 -0.0298116524041747
0.0270701100887685 -0.0367716089757868 -0.0514872693573658 0.0072749226241937
0.00387815446171558 -0.0432112121295372 -0.0591694299774147 0.0545771218502971
-0.0198386004408359 -0.0434283052893455 -0.0165912368298578 0.0786249099797267
-0.0393095285490646 -0.0293366684267558 0.0193076807443115 0.0693378878494902
-0.0455620511250007 -0.011491294474381 0.0396542342355366 0.0455765439196869
-0.0544918004718103 -0.00451390898890654 0.0447185859130761 0.0150283563911099
-0.0538962505885113 -0.00185916733242456 0.0390827939935514 -0.0143801563509808
-0.0648003565032923 -0.00948138595837014 0.0398008829070143 -0.036846117509271
-0.0656099768753847 -0.0392094365894312 0.0470940619046527 -0.0455711034118879
-0.0444273281005829 -0.0627066242423937 0.0574256490335005 -0.0429370662894484
-0.00449827603417557 -0.0850298962622096 0.0685785358163872 -0.0255577535790533
0.0408596512777234 -0.0863041161587159 0.0713215179127178 -0.014291874259934
0.0665548760148677 -0.0660286653671925 0.065855858266942 -0.0277281976239135
0.0815765516578477 -0.029504129579328 0.0213378900171925 -0.00824011576879309
0.0713440758049827 -0.0524743277401577 -0.0324987858398253 -0.0247539072834303
0.0443087567328085 -0.0604382533026993 -0.0609222291942883 0.00540159983818227
0.00349734747036521 -0.0686504891702556 -0.0616060750807457 0.0469533679466605
-0.0297435354872449 -0.0623872932431316 -0.0250971756728 0.0628426881403059
-0.0524142009894612 -0.04101807144757 0.0015842264880011 0.0571326082806077
-0.0584929187862144 -0.0179393709238074 0.0179979736630759 0.040229084634149
-0.0662520376444336 -0.0102800198517686 0.02197621289493 0.0129454551557835
-0.0651188440643869 -0.00771733186465296 0.0150436987025955 -0.0145764931609115
-0.0763614346265698 -0.0171453288684539 0.015536073707293 -0.0400279526888777
-0.07663422452488 -0.0508944717415081 0.0258576733983946 -0.055064238541134
-0.0529226705994443 -0.0778854182167215 0.048444557802219 -0.0550719609272417
-0.00227292051439499 -0.103687203877529 0.0642460962674102 -0.0282324053174468
0.0553714276675911 -0.100922434163266 0.0596015738991479 -0.000408948174922048
0.0822989917243349 -0.0736810888977393 0.0358729775006233 -0.00499495886081811
0.088196115429579 -0.0294774273968939 -0.0173144307742867 0.00490022877991059
0.0823525593709058 -0.061006959552961 -0.0564707245224357 -0.013518461979602
0.0502149718930425 -0.0763172873019082 -0.0689577323501898 0.00623683287697662
-0.00100550165519163 -0.083227193858074 -0.0625302789084049 0.0357911690296119
-0.038093179567617 -0.0703617641453768 -0.0357030235459205 0.0437021860594275
-0.0585373676865015 -0.0453730496927626 -0.0192380421388224 0.0421166718033308
-0.0628298108165898 -0.0200856658912187 -0.00633252617045181 0.033265292033901
-0.067583443256081 -0.0141769434683564 -0.00361721687086695 0.00874816538804655
-0.065507441074207 -0.0140128130741195 -0.0104780294443546 -0.0168354998518353
-0.0763324828450148 -0.0255012695823467 -0.00849900545395329 -0.0431083689727803
-0.0723547013189554 -0.0581680784957387 0.0065063593547942 -0.063149614919194
-0.0455861824358743 -0.0836708621024631 0.0407326992635106 -0.0632947063685586
0.00871696701385785 -0.105418722303957 0.0581260311710672 -0.026568377817341
0.0677058147603217 -0.0963047272368198 0.0464325507981726 0.013731109058773
0.0889124773576488 -0.0650987802262454 0.00430438478988039 0.0159138288185995
0.0786444002181521 -0.0249169597705877 -0.0544538757007217 0.0216678693635868
0.0764597842053796 -0.0576288210658533 -0.0762408739098756 0.00413674873606276
0.0444479843231072 -0.0755020332516388 -0.0730119476018942 0.010081941506956
-0.00576275298760777 -0.0794497589881045 -0.0611189119872003 0.0242678604582843
-0.0388037762132011 -0.0635179729951284 -0.0481894151756405 0.0245938935635867
-0.0550029497617916 -0.0400241979900741 -0.0413022102456837 0.029670536307627
-0.056605958977232 -0.0186911883309435 -0.0305230884208031 0.0259271647762851
-0.059273279547114 -0.0164024373566788 -0.0276782986616542 0.00300717568112628
-0.0561409102073749 -0.0190817383278559 -0.0333009711511753 -0.0219446298635394
-0.0631052019782606 -0.0324721070934669 -0.0275516797236851 -0.0487181944880674
-0.0542380167817015 -0.0600554686884753 -0.00713264877999769 -0.0712225458834623
-0.0259761826913746 -0.0788593416775869 0.035247702861174 -0.0675398000728697
0.0246094792768073 -0.0898105816492513 0.0519952953511216 -0.0228964014339956
0.0728529732343426 -0.0735117536568714 0.0311262643906798 0.023447501681443
0.0827835062200666 -0.0453798985075076 -0.0262746952343563 0.028817227451236
0.0557314652075082 -0.0144161152464874 -0.0833430545655842 0.0395699024746306
0.0571996130072593 -0.0408804813565369 -0.0869907168347973 0.0237658527941572
0.0323417887397786 -0.056842963935865 -0.0725677020591293 0.0146163599949393
-0.00623452141765623 -0.0579143211125926 -0.0589355910833071 0.015232463456998
-0.0288768372802941 -0.0441363074192697 -0.0594344056757721 0.0119956176634862
-0.0389395144454525 -0.0289328351395133 -0.0593304818298865 0.0228982567673347
-0.0409868402308951 -0.0145501610041551 -0.0513141891311934 0.0212717628296395
-0.0427455646868484 -0.0154779769182041 -0.0467117929530938 -0.00312877779594178
-0.040226558279277 -0.0199667890675603 -0.0508228262270675 -0.0296073475069741
-0.0425593431121841 -0.032571859862637 -0.038353268024609 -0.056980019420707
-0.0292834031803164 -0.0523994723278981 -0.0120841834674704 -0.0791535625810391
-0.00351212480605751 -0.0627125352899114 0.0338316769834306 -0.0697253956267142
0.0357406219667262 -0.0614971849896509 0.04552701157185 -0.0214816654416014
0.0666066824887851 -0.042004137838375 0.015179015937565 0.0250648227931783
0.0650686949836427 -0.0206529992370547 -0.0513205724706125 0.0326413942650637
0.0257898183281127 0.00279701152004231 -0.098562770541938 0.0540935554600573
0.0321265413172763 -0.0131557943887525 -0.0874567416149984 0.0373542380906225
0.019869645776052 -0.0262130097972366 -0.0722202923167404 0.0190450870564598
-0.000359303698816903 -0.0261122450275353 -0.0577329754608662 0.0119265692115459
-0.00962996037353 -0.0198201730472008 -0.0663123618371848 0.00896555197354042
-0.014176792369885 -0.0159287423214177 -0.067859525845047 0.0218954557919449
-0.0176898439691264 -0.0107796731150736 -0.062754632022938 0.0176850096486726
-0.0197710439889107 -0.0124654589143201 -0.0586336160062359 -0.00917649738913428
-0.0186214635869726 -0.0158435501551126 -0.0598023035934707 -0.0377000907358207
-0.0188191841556624 -0.0236049953348659 -0.0414490843861105 -0.066463543439961
-0.00744480489556828 -0.0335390369818367 -0.00973849208314619 -0.0849724299815691
0.00956904421594227 -0.0379021862051406 0.0365558790702612 -0.0693410727871975
0.034493884833226 -0.0308716325334874 0.040950154952442 -0.0209606604243815
0.0473116413788868 -0.0111850257257653 0.00509705365778098 0.01999409102763
0.0364488660510303 0.00307759265108757 -0.0669778256646851 0.0277295330863394
-0.00288451201486603 -0.0150566368344801 0.0726387731137668 -0.0334515718212007
-0.018086722809646 -0.00329471212166631 -0.000332022353946906 -0.0358133805552139
-0.0135277308154403 0.00892153718914696 -0.0452932502094603 0.013184888511317
-0.00315722479070541 0.0101068703199752 -0.0473559401255029 0.0662999369048849
-0.00104877784392962 0.00589144933948676 0.0017817208747312 0.0929763758195284
-0.00396013242281949 0.00588782576908868 0.045268600161933 0.0746115821049593
-0.0047856305469713 0.00662320532862515 0.0637167780162768 0.0394677884791224
-0.00933562089577998 0.00806127737985993 0.069968676099158 0.00723983749758752
-0.0091592279121732 0.00847712500564481 0.0661048585090242 -0.0186229669518029
-0.0124589647098901 0.00745902463241681 0.0686086966707848 -0.0308377272632408
-0.015288868570502 -0.00114673903540662 0.0695101141078794 -0.0243235917990709
-0.0117781563611536 -0.00489189729242405 0.0641839759107865 -0.0194286248635324
-0.0107195328561889 -0.0118117991553748 0.0734937189701361 -0.0196229817513376
-0.00805698314161733 -0.0210590523470167 0.0907416767443787 -0.0313761091474456
0.00580978097852801 -0.0202975350528776 0.101081946939942 -0.0631168798083325
0.0297030507803694 -0.0249428932275979 0.0686429962968187 -0.0273807109906075
0.0119260217547828 -0.0231892719961317 -0.00233203666328455 -0.0323140885189023
0.00463384221631938 -0.0137343590327318 -0.0448939261988351 0.0115667946473831
-0.000883041041440492 -0.0154296157535526 -0.0509308913975759 0.062729567270382
-0.0119822830812892 -0.0177360303079585 -0.00532478294380426 0.0883990961669211
-0.0230890076911085 -0.0107224705587045 0.035920295254997 0.0742332980364979
-0.0272222688611286 -0.000637464068252498 0.0564294965397309 0.0432738323250043
-0.0346906980671421 0.00427967558455578 0.06209834970117 0.010119151407983
-0.0337486663318986 0.00554043496259257 0.0552348679836598 -0.0185064068835073
-0.0419298861899912 0.000159325352697791 0.0570487134749941 -0.0359920499590611
-0.0441419922946443 -0.0208065293540935 0.0610382551889441 -0.0368572025730054
-0.0303852552468701 -0.0365980306806577 0.0614734449049822 -0.0313246587791944
-0.00845725559031154 -0.0519170475412467 0.0701991014802102 -0.0247151443279522
0.016254563574346 -0.0588056006600098 0.0802775408867705 -0.0281284620997574
0.0374280988412835 -0.0485958125144977 0.0856060763818918 -0.052597262349188
0.0592282619526195 -0.0310242576861833 0.0501911671628904 -0.0200308424253357
0.0428719775977426 -0.0409809273152883 -0.0150641293959231 -0.0287260764448271
0.0251856330738109 -0.038237400274428 -0.0511623108931204 0.00902067808426906
0.00112291879669597 -0.0425863485129026 -0.0554364242379862 0.0577889317336453
-0.022765729619129 -0.04121430239691 -0.0121467251634607 0.0789869877085269
-0.0408874008531032 -0.0259093800199327 0.0227114945086354 0.0680140413742693
-0.0463182746843027 -0.00830878768105116 0.0414674867702703 0.0417954164473851
-0.0545756509698471 -0.000237978999442652 0.044984971995825 0.0120084704621062
-0.0537353435885036 0.00247683980952427 0.0375196914643038 -0.0169577052135022
-0.0647854909019538 -0.00494148140397745 0.0369386649710809 -0.0390977547730421
-0.0678665715060917 -0.0342842114472956 0.0433361665823392 -0.0481962135229938
-0.0482498062631656 -0.0593215707604842 0.0542654368522848 -0.0450386807250312
-0.0100419675848921 -0.084087599581233 0.066941879520128 -0.0285573746557001
0.0347367478707274 -0.0887326900861949 0.0699739907248885 -0.0174564325698247
0.0616893370255026 -0.0694493440668567 0.0631741356314239 -0.0316956059406878
0.0798285917674063 -0.033796812831813 0.0206560567952479 -0.00915117949873735
0.0671798773198045 -0.0566923724081501 -0.0344811346395976 -0.0229864953169574
0.0402146085637515 -0.0628901435654053 -0.0602645393547301 0.00768057212574351
-0.000773011254527016 -0.0687298279933439 -0.0587352461611108 0.0500301465379559
-0.0339904363001251 -0.059622239345807 -0.02162180750842 0.0640776331076627
-0.0548921146810807 -0.037664564319352 0.00464082153013498 0.0564188112625655
-0.059185706320871 -0.0137827501876565 0.0207126131850688 0.0387975316156264
-0.0661455306333718 -0.00533685800541685 0.0221028268962542 0.0119872181614449
-0.0647874885812897 -0.00364250885533146 0.0134060140797747 -0.015476011163305
-0.0772274430784263 -0.0122802188295102 0.0127111603657045 -0.0407262738953562
-0.0799114716881937 -0.04481098162811 0.0223509437680185 -0.056836266853116
-0.0572267502107482 -0.0733384287348163 0.0447391369791954 -0.0576700659129086
-0.00910608832621293 -0.102991781974498 0.0626860165492772 -0.0305936213613706
0.0480501652877286 -0.104122285256256 0.0590797801855397 -0.0035665287519541
0.0773975454220457 -0.0775057789140142 0.0347320119770345 -0.00765646273753837
0.0867080946917176 -0.0341383284962713 -0.016558283942946 0.00567247875487436
0.0778250577987004 -0.0659963746093345 -0.0570416751822208 -0.0101042620738448
0.0450345359813957 -0.079070317726744 -0.0681429156910584 0.00868737010681419
-0.00642141775539524 -0.0824599619762278 -0.0599284238029626 0.0391865298331022
-0.0427442457633497 -0.0665868325772503 -0.0336545798205791 0.0447960771538323
-0.0612760939644508 -0.0404422902811866 -0.0170302330447589 0.0431384654459194
-0.0634771105268934 -0.0165333929408383 -0.00369948324079223 0.0331161579980243
-0.068168579641462 -0.00947373698073693 -0.00291338140701689 0.00952928541049024
-0.0658912954315536 -0.00981887057064547 -0.0122330121730995 -0.0158385914409118
-0.0769631878909994 -0.0197000835391942 -0.0117136510303494 -0.0419784622563309
-0.07625514742713 -0.0524072781852718 0.00246634957151362 -0.063765832473978
-0.0506920501432952 -0.0799313385721699 0.0357487819091562 -0.0646865488708138
0.00156645036830058 -0.104711414575624 0.0568027643127094 -0.028907012774092
0.0605753653365155 -0.0994454635466308 0.0468658671034034 0.0113648868847935
0.0841201530537725 -0.0691923198699787 0.0053075733681001 0.015477001059282
0.0772409686874297 -0.0290943725566015 -0.0527831214468151 0.0244825799896333
0.0719663705682461 -0.0625120992429783 -0.0757063515362179 0.00898770468259111
0.0398163521872664 -0.0779921129191824 -0.0724665836154142 0.0125631000116879
-0.0108013413777518 -0.0783461402070123 -0.0594215907865338 0.0270768574846142
-0.0426375420765105 -0.0599851729744524 -0.0471211418160095 0.0269948073056097
-0.0570553971876632 -0.0360228805448375 -0.0396925301415816 0.0323916926109768
-0.0573396733899875 -0.0149277527178558 -0.0280608433557524 0.0275049802471848
-0.0602386726235885 -0.0121328760586533 -0.0278392906454757 0.0046478264006857
-0.0570389381797578 -0.0153757785380041 -0.0354006469974046 -0.0197428108998834
-0.0645831835347387 -0.0273582159906583 -0.0307328205891417 -0.046243663114314
-0.057648609158225 -0.055674374420124 -0.0115543712289961 -0.0703589935907229
-0.0301131567954532 -0.0763403383864811 0.0301246143607042 -0.0687765944227195
0.0184430309295565 -0.0901540848169882 0.0502059802425287 -0.0251204923644412
0.0670000304219686 -0.0776779395322511 0.0319355073133441 0.0218754009270898
0.0792589705735212 -0.0495660215712847 -0.024555501398638 0.029990655807831
0.0551206023301746 -0.0171703448246593 -0.0807338501907213 0.0439071655154167
0.0538749217076787 -0.0441978254179548 -0.083969555070438 0.0282137200482387
0.0287626137884513 -0.0589332437373694 -0.0719845080634233 0.0173601896946392
-0.00993396176028868 -0.0569698203564659 -0.057922557912722 0.017923421617871
-0.0316592911344135 -0.0416895263053075 -0.0588996117102494 0.0152600479579341
-0.0407475378486698 -0.0258301374576849 -0.0576337178697666 0.0267885499179362
-0.0415540926182634 -0.0120594642479894 -0.0487557560037316 0.0231952651830553
-0.0431144340382028 -0.0121291725155521 -0.0474446206008188 -2.17625924365479E-05
-0.0409922000179705 -0.0172362877798957 -0.0526192011874544 -0.0253057134121487
-0.044092095160039 -0.0290894990351388 -0.0415367794266211 -0.0539468905794014
-0.0325007532212687 -0.0496320741801338 -0.0162346946780355 -0.0778306155163735
-0.00780744247145138 -0.0612409337657601 0.0291486272860712 -0.0711989932057832
0.0313287477988925 -0.0626628845591636 0.0435984048791664 -0.0233656201363585
0.0630169406159238 -0.04601379841925 0.0171141536693097 0.0245293596122285
0.0631322586226341 -0.0240450495013401 -0.047866517914149 0.035113595986626
0.02535323937484 0.00126960433772126 -0.0944077382899978 0.0594290516556129
0.0303604749883172 -0.0148660691285025 -0.0838984124980162 0.0416531403757705
0.0176022798736348 -0.0270130609098854 -0.0704495378721552 0.0220999274203152
-0.00188391598583681 -0.0260091991373669 -0.0570859860627494 0.0139894519074434
-0.010909434495388 -0.0189698627428588 -0.066025472976816 0.0125486811965097
-0.0151911375162758 -0.0150890765904367 -0.0667795809809478 0.0265318910039208
-0.0180094252479887 -0.00984552452341012 -0.0598389698185377 0.0211857459617094
-0.0203284323034175 -0.0107549777804936 -0.0589914195294539 -0.00492802807109493
-0.0200387870363956 -0.0147637705233371 -0.0622417535611096 -0.0334914730077124
-0.0194583666194098 -0.0214649553638436 -0.0455752368455959 -0.0624797413193904
-0.00960225701246861 -0.0328948533513667 -0.0148077885759086 -0.0833954385594328
0.00705399060935566 -0.037704973883176 0.0323087227474055 -0.0711690069707358
0.0324767999475289 -0.0324494296017792 0.0400883685825939 -0.0225963527630519
0.0462266190548076 -0.0134123700387983 0.00594662832652896 0.0202156341561488
0.0362635638196584 0.00123723898532351 -0.0631118352233721 0.031189641794571
-0.00340609791525256 -0.0145262860688486 0.0690081040289472 -0.0362097013336149
-0.0175317751472257 -0.00262761169761688 -0.00320280197642882 -0.0348950885774717
-0.012326598175196 0.00899495817329353 -0.0439098517201666 0.0142554206107291
-0.00240536755400558 0.00975627190736167 -0.0434608584413972 0.0658402252269306
-0.000672224422609483 0.00583299177080433 0.00603340772071378 0.0903412305971635
-0.00314692158004907 0.00590914135943686 0.0475566879168359 0.0701217369479317
-0.00470015880768779 0.00690062325565171 0.0628812564296093 0.0352115091291466
-0.00852885971476703 0.00860292519850205 0.0686936760004792 0.00412788689464508
-0.0085838765181095 0.00877536995165998 0.0631952755649918 -0.0215287850753836
-0.0117282644243958 0.00751943446181502 0.0653982884203654 -0.0334228144016554
-0.0153711939493517 -0.000587920241643825 0.0671098736072023 -0.0273901346216523
-0.0113701319783999 -0.00478218232899181 0.0619739911792853 -0.0205682013718696
-0.011028477324911 -0.0112238566327641 0.0717245215921308 -0.0212691234703675
-0.00891615332442704 -0.0199281024409101 0.0864820861097389 -0.0341392105819905
0.00479172714346872 -0.0200951091090021 0.0952456319234195 -0.0651909702783197
0.0282132828591375 -0.0257752714947088 0.0655815851071007 -0.0297835581527913
0.0102178258461477 -0.0230345893255258 -0.00484301725390233 -0.0308575165477743
0.00416957094552216 -0.0135168229011629 -0.0438608525231079 0.0122433531664114
-0.00131556887213566 -0.0147401646958224 -0.0465272707446753 0.0627817141457041
-0.0123386688092794 -0.0166826583213089 -0.0012625302391772 0.0858827471749886
-0.0232703401366417 -0.00890054267826399 0.038307299058637 0.0703507508527269
-0.0267997095189402 0.000383872590478692 0.0562141190119652 0.0385399636826381
-0.0333140909734607 0.00644532252809359 0.0610322439248783 0.00680676186953965
-0.0331327638641987 0.00756228108653146 0.0531064550886392 -0.020736277833714
-0.040385750256498 0.00192285795376024 0.0535562229371989 -0.037754782133918
-0.0443735734427473 -0.017788886144563 0.0578824004781746 -0.0389662295857794
-0.0310140194915958 -0.0341951556400865 0.0580832541486921 -0.0325733120672138
-0.0106076985708475 -0.0495685065546536 0.0685380413689819 -0.0261607471523183
0.0126987744577834 -0.0575020070616575 0.0765862930720739 -0.0307672815340524
0.0349991908948214 -0.0482627880536083 0.0799798617360711 -0.0537931283419616
0.0569615971507455 -0.0328821329167332 0.0480952752532219 -0.0218178419728945
0.0393219778288517 -0.0419349499297511 -0.0162340881470446 -0.0271694880373531
0.0228268663369182 -0.0390222182966225 -0.0501563712434166 0.00990472497760098
-0.00059051206183958 -0.0419148505605089 -0.0514663706489795 0.0582779901932157
-0.0241062693383571 -0.0390917712748136 -0.00850881682652558 0.0766548656886097
-0.0408345777726496 -0.0230488477601005 0.0249166354058842 0.0649278046308032
-0.0458519711390877 -0.00590209814558223 0.041199129686782 0.0388472959218571
-0.0527948370031627 0.00216254228254056 0.0446563978553706 0.00952890753810872
-0.0526212742547206 0.0043594760705047 0.0349515712709048 -0.0172876451586674
-0.0628539160920633 -0.002175396636313 0.0340062233124152 -0.0398257021640777
-0.0681390737744356 -0.0298457360511506 0.0398148124374936 -0.0489080100107037
-0.0501919460542242 -0.0553937285296001 0.0504999548917194 -0.0455748601208836
-0.0143284508181543 -0.0811191482117794 0.0644013089582028 -0.0301948331614116
0.0294375995697442 -0.0881930517436624 0.0667604964030507 -0.0194631412060994
0.0578070082719407 -0.069267414996297 0.0590730581760292 -0.0332362065301002
0.0769039107375389 -0.0368666747147499 0.0191622055477762 -0.0094428028355143
0.0623009246700123 -0.058195023735123 -0.0347753660614858 -0.0212325907352746
0.0364346438422075 -0.0632914787018049 -0.0591984174007695 0.00851327434616572
-0.00381010536699892 -0.0663057919854995 -0.0550964376374901 0.0508332657421578
-0.0359327426879133 -0.0562908180198116 -0.0186555285826691 0.0627094116507488
-0.0552454502434732 -0.0333343399149715 0.00671186472077701 0.0549515554484634
-0.0587050405159718 -0.0109501207446928 0.0214417314252506 0.036487670333805
-0.0644952404814334 -0.0016048841026445 0.0218373202216843 0.0104649091848257
-0.0631861187857716 -0.000650862553046452 0.0115934870793708 -0.0153670991273053
-0.0748810051727634 -0.00759377115781775 0.010535453502524 -0.0398188204142344
-0.079976137157484 -0.0396999535228056 0.0190884516659095 -0.0570568677603755
-0.0594287031044844 -0.0687899519109345 0.0409156944618537 -0.0570744030371425
-0.0137187003728891 -0.0999018786908658 0.060175752482436 -0.0316474646814588
0.0417817364859976 -0.103518175079297 0.0575058001768902 -0.00512266319552208
0.0725283066714463 -0.0777448708081139 0.0336319734790374 -0.00882832347310465
0.0835023348766307 -0.0370185901242577 -0.0163634403548248 0.00637782427750742
0.0720889238719487 -0.0675918870991494 -0.0560170488455242 -0.00761801213128653
0.0407134794655671 -0.0792160788777334 -0.0664329694078493 0.00973099605135034
-0.00979247839466476 -0.0793849375814415 -0.0572332654516302 0.0401970055497106
-0.0447764931707558 -0.0628188747368097 -0.0308743247190906 0.0445850143820808
-0.0619879027359336 -0.0360423715644023 -0.0150068729136137 0.0432175968857021
-0.062668072113283 -0.0128434022262517 -0.00227988921375149 0.0313885468668528
-0.0662514159971135 -0.00583754299431522 -0.003082381983466 0.0092946550138425
-0.0643519398977105 -0.00676941351195363 -0.0130780084611547 -0.0142250409439149
-0.0758205784752524 -0.0158683511815633 -0.013439401757133 -0.0403630443951555
-0.0765844994487486 -0.0471986771001769 -0.0010953000234431 -0.0622534226879778
-0.0527596373933476 -0.0751442867500236 0.0316342032073816 -0.0642197331917366
-0.003336323918168 -0.101738610114568 0.0544598529578287 -0.0297019688853115
0.0539351913503258 -0.0999004190565827 0.0461289846843481 0.00991929792476912
0.0791024981089104 -0.070240635104212 0.00577843962238515 0.0141573623829636
0.0749761636175311 -0.0318381168716102 -0.0505584848308549 0.026288804033754
0.0664531402190201 -0.0637993850354806 -0.0728420247188124 0.0117268455391926
0.0353077292380654 -0.0778826864894701 -0.0704712975380802 0.0143806712513007
-0.0143052886816019 -0.0752531527603435 -0.0570994907060056 0.0280092950604868
-0.0444324435806786 -0.0558810530746224 -0.0452588936626479 0.0276418632268784
-0.0571199514402475 -0.0316464319010682 -0.0370976028937462 0.0334946726433991
-0.0566703815133341 -0.0119268567369764 -0.0260460771285735 0.0272411718159867
-0.0586050528062172 -0.0083979609387458 -0.026380993120344 0.00640071157525496
-0.0559854778254274 -0.0127383907628366 -0.0357564155558284 -0.0167874113082253
-0.0639506514294952 -0.023725271977305 -0.0316058919351403 -0.043073445001654
-0.0587826986461394 -0.0514241491526004 -0.0143636092615681 -0.0683986660624169
-0.0324467726814311 -0.0725477265562088 0.026397400113416 -0.0680034039450984
0.0139038011719756 -0.0881788065361298 0.0483991877095345 -0.0258852572635992
0.0619184390551475 -0.0781647808004502 0.0318688581249284 0.0209795838953736
0.0753089410822703 -0.0503957960047992 -0.0216669958442972 0.0297217526432227
0.0534488274061536 -0.0189094434436755 -0.0764890992078947 0.0467807638201279
0.0495023635195866 -0.0450541653567575 -0.0808999557564323 0.031019238426145
0.0252716659631861 -0.0586578688810607 -0.0702260485481709 0.0189629071521612
-0.0124139189724095 -0.0544441890513213 -0.0560644913145374 0.0189398987745024
-0.0327197315328668 -0.0382266722062517 -0.0575002672422502 0.0171743265360356
-0.0409330152389953 -0.0228394416836683 -0.0549068810207955 0.0289299020894216
-0.0412157312370673 -0.0102653256424078 -0.0457665042107676 0.0245180924994787
-0.0424580959798049 -0.00967143358947123 -0.0464724174596958 0.0027112758952583
-0.0398708867739742 -0.0148070000175462 -0.0528883973877282 -0.0225299626472302
-0.0439860577368273 -0.0256416659339738 -0.0430419940269366 -0.0503006510913622
-0.0340931794276735 -0.0460762932686082 -0.0195904716470385 -0.0748266200308449
-0.00932018594343761 -0.0588539738098578 0.0252027256647983 -0.0699564026505484
0.0276046088086126 -0.0622055882581689 0.0423431673519903 -0.0232929044594027
0.0596070307323025 -0.0470444023779871 0.0177379907627492 0.0238207861105645
0.0601788540508477 -0.0253462501815009 -0.0444372492988809 0.0357944697826012
0.0253839157084209 0.000430910075470331 -0.0900807684760824 0.061697822215301
0.0285172571360291 -0.0160656678895223 -0.0796877125740523 0.0438783360713444
0.0158288491082483 -0.0272626444305627 -0.0678329265041282 0.0233910730045806
-0.00319233407437308 -0.0246915443798356 -0.0558160811450856 0.0150875698294587
-0.0114290329925869 -0.0172792336756562 -0.0644791151562262 0.0147691666047047
-0.0157043797957381 -0.0140044691668938 -0.0633572935542325 0.0287404482750482
-0.0179162186867924 -0.00926233767462179 -0.0575316040393543 0.0232232607320143
-0.0199464345591496 -0.00940887384677537 -0.057931560943118 -0.00163906252347261
-0.0192232557403133 -0.013093844282309 -0.062256700573378 -0.0290513504221168
-0.0201747965671452 -0.0201175588658332 -0.0463774131961366 -0.0586667779714051
-0.0104499321107698 -0.0313623394988382 -0.0180040921506104 -0.0811062866033519
0.00533147216589517 -0.0369575427278906 0.027974650392423 -0.0696124373157558
0.0300640628495094 -0.0326306595833697 0.0383659770774087 -0.0227059617640049
0.0442829473607169 -0.0151029332210147 0.00692099978521852 0.019933472234409
0.0350085041568239 -0.000650397890530163 -0.060011864872761 0.0329124620045438
0.00348888715001977 -0.0150881221922177 0.0738702060982549 -0.00439085975751761
-0.0145136957085632 -0.00932993520118961 0.010297209870642 -0.0317584558281534
-0.0148778251971038 0.00222719620971808 -0.0443499300451264 -0.00464331941530782
-0.0057325126815229 0.00750404657240083 -0.0652035422436204 0.0421749272932859
-0.00304986997802481 0.00391299636221854 -0.0307128371242637 0.0825398318745745
-0.0058125553057843 0.00356393609408224 0.0139359797465434 0.0815135138945888
-0.00712384690840844 0.00388450326039806 0.0417828581889779 0.0568050942861463
-0.0113946781278513 0.00449176145824459 0.0593597821987428 0.0299101794571091
-0.0109095253017774 0.00371762168636041 0.0639349601935249 0.00553397890516775
-0.0139038069549572 0.00122884808495254 0.0714569306007805 -0.0043498873320703
-0.0133244066413972 -0.00684817911906711 0.0701413600370982 0.00236140959028843
-0.00808372648949139 -0.009364036078576 0.063884432842299 0.0071508605673693
-0.00567067138579453 -0.0157694386686975 0.0718670833639559 0.00979689404516033
0.000106584445554023 -0.0220027562830186 0.09177913815968 0.00280446592062097
0.0133037704007671 -0.0172191745700948 0.110684681729548 -0.0189777852891653
0.0371722959145166 -0.0108688908940223 0.0661675000955926 -0.00289948837613946
0.0185889974460022 -0.0156874733740025 0.00650875897234402 -0.0301875180481595
0.0095571248361289 -0.0107502995883471 -0.0456314986128945 -0.00801451027489473
0.00551606482956343 -0.0134143155387094 -0.0683103272951824 0.0374249675044287
-0.00379336868755793 -0.0205351035419493 -0.0365743440057721 0.0761508841034577
-0.0167649754567048 -0.0171610571251055 0.00459001523165765 0.0775815688670762
-0.0244632111877195 -0.0100474269941545 0.0339018542575594 0.057022584051899
-0.0319727771000016 -0.0072940191571461 0.0515160709084425 0.0305256838274256
-0.03203171803099 -0.00706541022835135 0.0549241472904228 0.0024471214061898
-0.0374027008757863 -0.0139706407178099 0.0623503872260942 -0.0131708136017953
-0.0329059525056445 -0.0334870168107527 0.0666434046223324 -0.0114129281422428
-0.0151720857141716 -0.0437171454171588 0.0655418117585336 -0.00494554230813665
0.00876940490331705 -0.051247085515824 0.0723740228106234 0.00436744291639751
0.0327916401944109 -0.0482299531436928 0.0827724211497214 0.00290413407665422
0.0501289670429173 -0.0324779803918791 0.0939064201106921 -0.0136870537803595
0.0664160759768006 -0.00456322950625374 0.0462692216364551 -0.00571419010164822
0.0521818361882995 -0.0199566738559153 -0.0066786239799574 -0.033608438357933
0.0362437194005123 -0.0254266024519454 -0.0517961862351286 -0.0143457495581023
0.0171955851515545 -0.0366022470407987 -0.0719000628326011 0.0313396881122801
-0.00486677527304412 -0.044703874934122 -0.0407682931452227 0.0653952830180606
-0.0271473237588536 -0.0369063066534939 -0.00618601450922436 0.0679431754065121
-0.038036420345766 -0.0236127468635955 0.020915756776204 0.0518509352971295
-0.0482730848026062 -0.0180306889461571 0.0357161725660552 0.0259677099829328
-0.0479740874177256 -0.0167019831251355 0.0377550140951972 -0.0029805337834229
-0.0556926140767844 -0.0256893816740221 0.0459169733285615 -0.0237672912337056
-0.0507847779059602 -0.0532457786909527 0.0542236337335269 -0.0282868712201237
-0.023753642199227 -0.0692642213475395 0.0640436310390765 -0.0207410791090375
0.0171797948918098 -0.0807438167492233 0.0716605173696035 -0.000886555765626105
0.0587398368089914 -0.0695836184551304 0.071217303575689 0.00965573236700789
0.0782007328596155 -0.0435173615781489 0.0679892233949407 -0.00236511422837954
0.0863597363648101 0.000492377709777672 0.0153783468714251 -0.00847932914481934
0.0790476128262765 -0.0255227828338646 -0.0259694325501658 -0.0368303734424548
0.0584973395879265 -0.0412983429476228 -0.0605881752734099 -0.0206308440222767
0.0244204809868677 -0.0591191652352155 -0.0746437444003083 0.022571425535804
-0.00830541884262812 -0.0645255086147614 -0.0456904249215197 0.0484017954894405
-0.0350860321462698 -0.0511458116975977 -0.0190836258154194 0.0523775528166953
-0.0474858042997561 -0.0326020575421001 0.0038273649447892 0.0411785934625157
-0.0570383260917209 -0.0270760803783758 0.0160188936494796 0.018663685300507
-0.0563102064855524 -0.0254523858751536 0.0158719172301888 -0.0092999996743266
-0.064500787191042 -0.0355546236591012 0.0244035252966283 -0.0327316539622722
-0.0576514803898246 -0.0655065690812823 0.0391438315052417 -0.0432686168516771
-0.0271295230803437 -0.0846583893619125 0.0589882757478358 -0.0351900389907442
0.0240143028887294 -0.0974160367171295 0.0685524014099155 -0.00397808398885211
0.0753656139753586 -0.0794802104595951 0.0587864400237692 0.0190245007837282
0.0947685847999882 -0.0447781462473241 0.0353864708346657 0.0105715946298482
0.0926527959348574 0.00296054215741814 -0.0234274140169488 -0.00906119654474016
0.0913372131256872 -0.029165749608143 -0.0507991196597591 -0.033289057745545
0.0687908530020137 -0.053426616600201 -0.0689835192737057 -0.0231335734262138
0.0244543066603234 -0.073386168581474 -0.0722525951238788 0.0119347164094962
-0.0132324363311596 -0.0734204042909521 -0.0499193725148802 0.0281022347650836
-0.0399971709176912 -0.0563659825761234 -0.0341163952952729 0.0335463740434482
-0.0504124569760957 -0.0365464723412542 -0.0155692468796745 0.0270977834478795
-0.0575661283792944 -0.0309103636190482 -0.0060319763993556 0.00762631353645027
-0.0555605212216851 -0.0308968099495555 -0.00643201510393228 -0.018756640471868
-0.0621280623541603 -0.0421210013197914 0.00354878175830146 -0.0421463936965374
-0.0518300644048769 -0.0718194823690451 0.0231437380400436 -0.0561770861768804
-0.0190085503536716 -0.0877233032269293 0.0536307205762414 -0.0455876742016064
0.0340585183209542 -0.0956031216247572 0.0620487774384038 -0.00466689550594221
0.084588480509991 -0.0712081254857634 0.0424418646244023 0.0288711083991648
0.0976266380506722 -0.0347975992857028 0.00141970430772045 0.0198094657709139
0.0821822228535609 0.00474154166901099 -0.0606400149137781 -0.00464512402328611
0.0849218398012266 -0.0275238451047902 -0.0731323556470291 -0.0226042983466915
0.0632493420399392 -0.0540903194470985 -0.0740169596691392 -0.0203827740466904
0.0190402772244101 -0.0712896827795781 -0.0673633137289208 0.00131312265198472
-0.0157760297505049 -0.0670193731707735 -0.0557284070023966 0.0069016050497441
-0.0381246477265665 -0.0508123793639075 -0.0495742809414002 0.0162150396088188
-0.045275434056902 -0.0333482186001772 -0.0349956518676157 0.013889550301656
-0.0491966743202236 -0.030786198830082 -0.0262928030245828 -0.00444253844876009
-0.0457595953099639 -0.03263336810056 -0.0254873766260148 -0.029055356197962
-0.0490238461078754 -0.0445534844821292 -0.0111136277901451 -0.0524021015994529
-0.0346781703439255 -0.0680615177220529 0.0142230152879748 -0.0662617004703137
-0.00188211144706906 -0.0778070801051653 0.0514664300212559 -0.0503711177913866
0.0448076781202056 -0.0759043548903612 0.0548555563148305 -0.0030474340436928
0.083685427963781 -0.048924125059645 0.0247061912572959 0.0341690342280982
0.0862627420668024 -0.0181862069099208 -0.02976181752415 0.0220811676511658
0.0574700396123216 0.00632696615549514 -0.0904854775873321 0.00575108026031313
0.062762498631378 -0.0184094063895827 -0.0862310242408194 -0.0078717838760148
0.0461202693880943 -0.04108643905319 -0.0744399000915318 -0.0146642189781214
0.0115927288615077 -0.0519340777257875 -0.0613286130122523 -0.00654963424333083
-0.012569215687907 -0.04676532656786 -0.0611528957876893 -0.00760216652324211
-0.0266611366104798 -0.036429855036527 -0.0621233520822746 0.00434631681161522
-0.0321569278063519 -0.025638444750372 -0.0514116589167941 0.00357590040597354
-0.0339954171935679 -0.0246203811722138 -0.0419239412225185 -0.0158313490147244
-0.0301832537182858 -0.0291662756876224 -0.038570255635599 -0.0408757401019591
-0.0299386110797923 -0.0389367674922236 -0.0182870294472527 -0.0626985779921771
-0.0143294759332362 -0.0545595754225385 0.0123361104719237 -0.0743215199799083
0.013109667517309 -0.0570767807447524 0.0512780414270336 -0.0529175553166924
0.0479586558216519 -0.0472292426847667 0.0481851597814668 -0.00258314203813899
0.0702578142213752 -0.0207907068655419 0.00998447935464386 0.0313169389484545
0.0637802518312003 -0.000309513807295932 -0.0532229110197236 0.017490310792092
0.0230246093488854 0.0116257766110482 -0.10540617515301 0.0157617578999011
0.0318375965029178 -0.00199753934747093 -0.089229633267602 0.00508005144894536
0.0247035353684199 -0.0173292055825692 -0.0724641355957713 -0.0088546154217075
0.00756678085207147 -0.0224832423359609 -0.0582725945994154 -0.00997853945734098
-0.00221498396043254 -0.0191131229115981 -0.0654234889133997 -0.0128935929820672
-0.00846519445207268 -0.0185248492532133 -0.0686631734549928 0.000246748841686269
-0.0123941588220038 -0.0152113333419048 -0.0605560932960506 -0.00271086590467548
-0.0143914703167095 -0.0153293325121209 -0.0511173734549845 -0.0244060624250077
-0.0123492079256532 -0.0191639772836206 -0.0442675650820912 -0.0496615502937327
-0.0109729394425335 -0.0250183779468941 -0.0184852881656192 -0.0713982164714195
0.00150147360441233 -0.0323042870410605 0.0164100816885303 -0.0779561578638229
0.0182810833806106 -0.031677286552916 0.0534632278798571 -0.0507238464477939
0.0395358744748377 -0.0192605477957635 0.0438891398174996 -0.00386782403286664
0.0456052742465814 0.0029190317662666 2.03057663481223E-05 0.0228464484650057
0.0311159910821069 0.0133821138053326 -0.065862725759553 0.0070129576964503
0.00310268944846882 -0.0149490657447643 0.0726382985846108 -0.005524232088754
-0.0142394266568665 -0.00915306053231171 0.00880673516665767 -0.0311763656885878
-0.0144544680492694 0.00251753970826152 -0.0442621690595916 -0.00463185839262814
-0.0057258469492842 0.007409398216619 -0.0639389898912851 0.0419402674515974
-0.00272942324622179 0.00391295033189084 -0.0289527112010561 0.0816681717707326
-0.00527786384598152 0.00350017220837259 0.0154557211858365 0.0798379119318531
-0.00744307801816511 0.00441673315431479 0.0414259816531286 0.0554383125293986
-0.0111764240454626 0.00465298566264873 0.0588222854550956 0.0284271784586129
-0.0105211167766408 0.00404746485443634 0.0633498672233477 0.00387448912693062
-0.0132617741063033 0.00124416478410399 0.070805516885216 -0.00563782298734362
-0.0135723286622718 -0.00687959994677725 0.0697264881729773 0.00103237195272548
-0.00801982031371515 -0.00982161916749163 0.0629834337356223 0.00726139127907809
-0.00573895957035182 -0.0153500970916612 0.0718520132198201 0.00923421261291713
-0.000299774066224162 -0.0214054000200965 0.0899770803932844 0.00155873733022229
0.0130983150987301 -0.0166848106384751 0.108724551779066 -0.0205369441218169
0.0368343518051827 -0.0117946962979222 0.0650577814008852 -0.00460411184054906
0.0181659858138134 -0.0158154529703765 0.00457919391165758 -0.0299649889849983
0.00937881943846247 -0.0108122925766612 -0.0455212172683251 -0.00806945365288706
0.00491127403624549 -0.0132810554653593 -0.0671406683395102 0.0374160905289955
-0.00448405122382181 -0.0201879343052806 -0.0352720563499436 0.0752385207312379
-0.0173023934872216 -0.0161903316719546 0.00587214837742589 0.0769071847836688
-0.0242397015549451 -0.00950083417703771 0.0333420715047597 0.0555060514331862
-0.0321759636980999 -0.00664757982210706 0.0515208639288111 0.0286309627424102
-0.0321371858612951 -0.0065144901304195 0.0541925723202646 0.00111881514139747
-0.0370134281672906 -0.0134809065062816 0.0617137960733129 -0.0141217818438826
-0.0342962947922005 -0.03222312243191 0.0653025125226824 -0.0126183960530741
-0.0154438092340074 -0.0426774077111249 0.0642910592942324 -0.00485319263178125
0.00795595574093162 -0.0509225489605982 0.0720182478230223 0.00398794547820395
0.0311775809391786 -0.0482653076339243 0.0822913875414775 0.00226991668430879
0.0494857123915452 -0.0320522581536112 0.0927874884117342 -0.0147345734236031
0.0657392885730817 -0.00573538389582534 0.0448615299435636 -0.00607649736116507
0.0506488770185706 -0.0210488553480299 -0.00715057612666827 -0.0326684023391991
0.0357222417976672 -0.0258896323296402 -0.0518289139362337 -0.0142190961466976
0.0161237738464003 -0.0363572359634251 -0.0712737598629466 0.030993088043096
-0.00604333272205948 -0.0442762421629761 -0.0397456595540322 0.0650056223550876
-0.0274402797622184 -0.0357356107871359 -0.00523190367152566 0.0675757888049993
-0.0385585843752898 -0.022419029615623 0.0209639091171704 0.0507283748889788
-0.0483804715718945 -0.0172589361538636 0.0356066923054645 0.024785158067188
-0.0484781234915577 -0.016026705558879 0.0366914962480978 -0.00336236729453589
-0.0556397466338952 -0.0245577961123252 0.0443352125237283 -0.0240929437468683
-0.0515294027232517 -0.0510830614253633 0.0534580955912764 -0.0291719111555661
-0.0244995246831441 -0.0683725511383318 0.062643127663984 -0.0202660072694324
0.0151548528140969 -0.0800982640019672 0.0711797223173893 -0.00108671077621202
0.0561314927380244 -0.0701374454523204 0.0706661941220646 0.00916573374841727
0.0773556763764368 -0.0423942232694509 0.0666565751734543 -0.00278494522267643
0.0862780553141712 -0.000735964955703378 0.0138902246378364 -0.00877164101947327
0.0769601329480332 -0.0264850686458792 -0.0271311740343693 -0.0356076862442337
0.0575642982555017 -0.0425950246859347 -0.0606782039397806 -0.0206148591866634
0.0234020677461471 -0.0586345133072458 -0.0731867271041785 0.0224707697245158
-0.00983518608650212 -0.0630004184997184 -0.0444901020374593 0.0482092910704559
-0.0361328217880182 -0.0500235645087138 -0.0181292714180947 0.0522372678972214
-0.0479748962976418 -0.0318236996762276 0.00428943262641492 0.0401543982211286
-0.0570617536394456 -0.0251686321190575 0.0158985399675766 0.0178834809103604
-0.0562883161047662 -0.0243457740910196 0.014816980590619 -0.00931264336175367
-0.0648637810443476 -0.0344238198628873 0.0231381763584715 -0.0325611984271457
-0.059197437554034 -0.0641770860746199 0.0373014583347747 -0.0437740426988567
-0.0283074393779952 -0.0834084318438041 0.0582051102932771 -0.0348692276125309
0.0216562179058953 -0.0968521830644852 0.0678216798741195 -0.00401304374386919
0.0727973407940215 -0.0799775780604383 0.0581591073949247 0.0189184744688279
0.0933215277427963 -0.0451341631196571 0.035203974664165 0.0100981856937338
0.0924666778733471 0.00148083117286571 -0.0239190322291353 -0.00842077938046165
0.0891131297183731 -0.0305019388724556 -0.0504923098098367 -0.0326621060543658
0.0673302539958056 -0.0546585215854675 -0.0692141911970349 -0.0226330058550348
0.0232996229874435 -0.0727177255895296 -0.071598629018272 0.012465686467855
-0.0150942246004797 -0.0718644073748146 -0.0495483492542927 0.0273900725288247
-0.0416390061394322 -0.0544436649996215 -0.0331856988476146 0.0341699277406042
-0.0511006984191213 -0.0350857366944125 -0.015086241563143 0.0274716969389858
-0.0574560654438971 -0.0289314636302175 -0.00629249680449902 0.00791451800190343
-0.0553959088147005 -0.030276025526517 -0.00762494839698516 -0.0178358454889864
-0.0620140886483593 -0.040811740258011 0.00206452882227806 -0.0418132464273693
-0.0529596490697893 -0.0693584464603879 0.0220999168468689 -0.056297395897169
-0.0206714365032789 -0.0862534727208191 0.0527470314299568 -0.0455017657273241
0.0317310831083462 -0.0948849349519924 0.0621755117786802 -0.00448346634871947
0.0819351598210906 -0.0722319244082631 0.0428780730811718 0.0291548861035257
0.0962334297940012 -0.0353098558516605 0.00167004832118384 0.0194932901178571
0.0821156462886223 0.00247671522977128 -0.0610355642074221 -0.00364033161793086
0.0833525769571128 -0.0292613054338933 -0.0721058446262746 -0.0213346815316986
0.0619307483131348 -0.0549192381280184 -0.0741577896511964 -0.0200289942897662
0.0177646149956647 -0.0704783614893833 -0.0669338838300517 0.00131528888276411
-0.0169418503505094 -0.0655258924581788 -0.0552853757373827 0.0071018668085902
-0.0389188071586473 -0.0491123061669846 -0.0493053866728755 0.0168539347511902
-0.0458203446703619 -0.0322806108222221 -0.0343812944751165 0.013827565791588
-0.0491753028383772 -0.0288168065389105 -0.0263764432671902 -0.00382818049016298
-0.0458915596360458 -0.0318901999297034 -0.0264596044947228 -0.0279598171937673
-0.0492442865144216 -0.0432478934056348 -0.0125031619203583 -0.0511333785702496
-0.0356569023323788 -0.0661577109129427 0.0130478893778215 -0.0663827113826821
-0.00337200235997197 -0.0767149319304432 0.0497008963212182 -0.0507150192210917
0.0423226882502407 -0.0763261289051893 0.0548008126495482 -0.00268634082729304
0.0814645047231831 -0.0498749592281269 0.0252112852363796 0.0340750483311379
0.0855250732420193 -0.0182498945556827 -0.0290945770537937 0.0218220446609883
0.0574883834481129 0.0056990657115701 -0.0893645922937718 0.00605479420187416
0.0611905782267393 -0.0197579041350954 -0.0850038612547311 -0.00705525557377728
0.0450085844313283 -0.041607064340459 -0.073995138205122 -0.0143600905320645
0.0106558523916501 -0.0512941479002623 -0.06119993490449 -0.00681480897243101
-0.0130377066889148 -0.0459224341082679 -0.0618590834055536 -0.00723931907633921
-0.0269898477481497 -0.0352963117093382 -0.0624695289706736 0.00613367250269542
-0.0326463441165392 -0.0243241838667359 -0.050571019625587 0.00419498563134303
-0.0336773768381267 -0.0237149177126711 -0.0428742332746165 -0.0147459496678373
-0.0306427130634203 -0.0278582044324199 -0.0392083021593668 -0.0389630378647952
-0.0303155140691805 -0.0375590231867336 -0.019344977296031 -0.0612598280979677
-0.0150729792717484 -0.0533188470051009 0.0110514364932105 -0.0739418932488768
0.0125099291951389 -0.0561286003894377 0.0494929555002965 -0.0524769249138797
0.0464511504770528 -0.047156201495225 0.0478148021421415 -0.00228196322929268
0.0688255933578726 -0.0218974553395082 0.0105972658301447 0.0317132178032135
0.0627213197985234 -0.000477302082104553 -0.0522003860897631 0.017542753412636
0.0231026994901538 0.0113149759536106 -0.104078433502201 0.0171330711821863
0.0312546100241905 -0.00263779559561434 -0.087567024253286 0.00581359370445458
0.0235929373881295 -0.0176607006204833 -0.0717981613722798 -0.00790029281264089
0.00700945146323674 -0.0218631816428899 -0.0580240883429506 -0.00964702818114547
-0.00280782238791129 -0.018641907739408 -0.0655002505107026 -0.0118907685859383
-0.00874923837527405 -0.0180167782332347 -0.0684324049029442 0.00156482224002591
-0.0123703293318707 -0.0147181209037929 -0.0602198405918207 -0.00123501194649229
-0.0140175631184358 -0.0152617140724523 -0.0517403648368742 -0.0232545235691895
-0.0125289596867573 -0.0186803250534012 -0.0448164351473196 -0.0481019063456198
-0.011494782088273 -0.0244529616677246 -0.0189777794237256 -0.0696904764552025
0.000607516194650474 -0.0318444972491308 0.0151386515930118 -0.0774701095341535
0.0178305407204332 -0.0319296959773046 0.0519083141927755 -0.0506237073934075
0.0386000616160208 -0.0195553623443624 0.0432985531006715 -0.003804525055955
0.0451425397626552 0.00197918019684516 0.000487495813536747 0.0232174709666409
0.03124667072818 0.0132637724922358 -0.0647174240391998 0.00752639069779806
0.00324101919667666 -0.0148479925408337 0.0713998909106667 -0.00773127311872439
-0.0146281664560483 -0.00863957879522085 0.00715922465568077 -0.0313346857363638
-0.0142173036724464 0.002415039949193 -0.0451043990780633 -0.00428479674697448
-0.00554166824493043 0.00724604451656565 -0.0633909574758888 0.0427849490726208
-0.00265628437978329 0.00369423293351247 -0.0267234641947534 0.0821398405814767
-0.00520044952014032 0.00403210648039253 0.0173904589388971 0.0789299104295667
-0.00689024687389764 0.00523256768285269 0.042933964214858 0.0534425351215181
-0.0111744088358879 0.00504978891015947 0.0597536968081376 0.0269218529342309
-0.010825137456878 0.00439650573263277 0.0632060641706477 0.00175161908575138
-0.0130797999209036 0.00142309678533075 0.0700084305515326 -0.0081475226981711
-0.0143340407532682 -0.0060988993742399 0.0701483795135622 -0.000864086348140461
-0.00792177257162221 -0.00904874392171427 0.0636971099638392 0.00678146991253663
-0.00634514949785419 -0.0150971630290429 0.0727788327974402 0.00778877517967529
-0.000348866447985177 -0.0209964259682141 0.0893332060955951 -9.27118000348921E-05
0.0135652428030093 -0.017484580130383 0.107358596296251 -0.0219847432291377
0.0366036570682963 -0.0123801584503737 0.0644538112720174 -0.00615316672410127
0.0173285394623468 -0.0170449240485293 0.00392264850333756 -0.030027388456837
0.00889814950235832 -0.0114194205707813 -0.0461883735619449 -0.00824404221678392
0.00475519830442272 -0.0134880329912109 -0.066680121229043 0.0385918060514208
-0.00479210401323455 -0.0197546986478785 -0.0335807108793047 0.0756606611974029
-0.0176125577564532 -0.0155746815583138 0.00805571670559035 0.0763429540939791
-0.0250180933710643 -0.00864080505757202 0.0347948962845691 0.0545901906818687
-0.032302605418882 -0.00557748822321664 0.0524712020326757 0.0268732388371551
-0.0326746196643549 -0.00590909717280372 0.0540264995640115 -0.000485790669982886
-0.0376440194285102 -0.0122988295692324 0.0605675912936285 -0.0166428597986908
-0.0352622406075148 -0.0315945707824891 0.0651833131599184 -0.014814842103526
-0.0167954646593672 -0.0426780370421212 0.0646538731312729 -0.00610602321389618
0.0062610682507711 -0.0513448208991038 0.0725999337130628 0.00269097280740858
0.0298297490871236 -0.0487834068546108 0.0810220886992807 0.000510811800234511
0.0494606520656482 -0.0332993893850948 0.0915739738004315 -0.0163459898869679
0.0659961024447093 -0.00800625061053144 0.0442204070369528 -0.00727557430124344
0.0496436624333178 -0.0225030428805564 -0.00843102322657321 -0.0326876790937574
0.0346825406919455 -0.0270637950988568 -0.0528786257117383 -0.0140769186531168
0.0155466081860003 -0.0368945123346847 -0.0704957521503107 0.032189901019641
-0.0074428895675179 -0.0436066406995882 -0.038495640019081 0.0653065131326944
-0.0291749051683845 -0.0343741956609904 -0.00321644272829336 0.0672506350400354
-0.0397389229421833 -0.0215586573111199 0.0219337402741405 0.0496883996290242
-0.0490362809999109 -0.0149382903958719 0.0365603738049471 0.0242117427771724
-0.0487671577801246 -0.0150255509742848 0.0364814536243108 -0.00401021400947717
-0.056713696281998 -0.0230877022662395 0.0432274257085208 -0.0249181800498126
-0.0532333101502744 -0.049555858896541 0.0527988771474989 -0.0310154026561369
-0.0271792994787024 -0.0677948690531157 0.0617985602839105 -0.0212813925029362
0.0125921846430412 -0.0811347742752965 0.0718207018767671 -0.00160486846739372
0.0539930928166593 -0.0717895675600809 0.0704348476400723 0.0079690156506271
0.0767707477492788 -0.0443369262097542 0.0664101044000328 -0.00420587617667945
0.0868156090355373 -0.00375799315930664 0.0138101465867271 -0.00884551185637017
0.0760923677053293 -0.0288174932434197 -0.0278653501136984 -0.0349952950820437
0.0563418312847395 -0.0441992736309899 -0.0619703544666616 -0.0200715082579898
0.0218417218236087 -0.0592095038659232 -0.0723644341413415 0.0238029878824499
-0.0119047815013243 -0.0627330452563065 -0.0439353655586964 0.0486522482897705
-0.038137676020457 -0.0479507078926618 -0.0164887139603686 0.0528332023388088
-0.0491113885413186 -0.030047898085184 0.0049292195882132 0.0396317893765373
-0.0578021981722102 -0.0230094442559226 0.0165212546541045 0.0177958545505115
-0.0575099630144634 -0.0231461474921666 0.0145559435102576 -0.00931344691928134
-0.0661059420856169 -0.0318660263095904 0.0215318606345758 -0.0335004400638572
-0.0615025721582082 -0.0621790740998624 0.0361498629143704 -0.0451190813108815
-0.0306371616629416 -0.0827165319930203 0.0567122897493716 -0.0358639458518988
0.0183587053975455 -0.0975434531836951 0.0684641371274138 -0.00509271495304979
0.0703917527964273 -0.0818528433648684 0.0580032792061113 0.0183025733608969
0.092416942486763 -0.046707554926922 0.0354198385327137 0.00860327661237594
0.0927094114111449 -0.000904863612198642 -0.0238523544955189 -0.00827204148099923
0.0885080489094718 -0.0335725184241151 -0.0521208991807421 -0.0308335809156571
0.0660293486804042 -0.0570413046787743 -0.0706383330779346 -0.0220765210619086
0.0212924074419294 -0.0731389818003517 -0.0708543662747941 0.0131359750316137
-0.0173667141357215 -0.0710033617070375 -0.0493262824724632 0.0279617465585873
-0.0436023011479342 -0.0527562193742904 -0.032512023209207 0.0351749518159371
-0.0523003366545537 -0.033493589096903 -0.0144401064465472 0.0273942703628045
-0.0582921987523378 -0.0269917558131828 -0.00611115964829038 0.00827378992173735
-0.0564459031437934 -0.0285157000852343 -0.00812497672996153 -0.0171060633371042
-0.0635232579050471 -0.0389949238504034 0.00110102303760081 -0.0415118303232586
-0.0557959913101103 -0.0673883488555042 0.0198643505112467 -0.0567637783265735
-0.0234000685534588 -0.086063439176505 0.0515198118772311 -0.046126564608899
0.0280143694512241 -0.0956457112234948 0.0628446508885648 -0.00495955315662442
0.0800940169206394 -0.0747818456936861 0.0432613218265745 0.029192009733834
0.0952969356982689 -0.0368134530812979 0.00200100490467988 0.0193345888178281
0.0823403080450009 0.000632793708382087 -0.0613836871825511 -0.00221538864780112
0.08175109025087 -0.0315695818118366 -0.0724913577246119 -0.0196077938432217
0.0600755290478332 -0.0571614908832471 -0.0751347625442991 -0.0191472649381332
0.0155633722153956 -0.0707771402595279 -0.0668463869112295 0.00210201526752899
-0.0193774209765337 -0.0647680851635371 -0.0561485491893209 0.00788382043642306
-0.0403305052299322 -0.0477399668078364 -0.0492305451070777 0.0188283177481501
-0.0466467551418574 -0.0303956344011261 -0.0341806722252373 0.0148135186991955
-0.0502313564869545 -0.0271574304895847 -0.0266727044659417 -0.00309095273546096
-0.0468998789179118 -0.0308559153092288 -0.0277085681222267 -0.0265080653876929
-0.0501839267192447 -0.041332014905366 -0.0135075163787066 -0.0508511337563922
-0.038343596915454 -0.0651249432985745 0.010571913454326 -0.066429597996113
-0.00582061921356359 -0.0765255028760955 0.0471590224134197 -0.0515772213241416
0.040000896205128 -0.0768626661176897 0.0556314586946653 -0.00300143263600521
0.08034048466723 -0.0520707597192951 0.0268011238921246 0.0339879113259184
0.0857597325480366 -0.0200418432669793 -0.0283160493247539 0.0224977496402469
0.0575410987504465 0.0040084387461444 -0.0893170832243677 0.0086188821186083
0.0603802964144827 -0.0215746246501356 -0.0852415857235108 -0.00571341458680835
0.0434946128902042 -0.0429982514519939 -0.074746305727055 -0.013118639810818
0.00915914790414703 -0.0514530483542057 -0.0614422342293276 -0.00628627912640124
-0.0148069925336387 -0.0448976887341959 -0.0628013325708655 -0.00617022441929638
-0.0288685774318674 -0.0340089006020302 -0.0618999473272156 0.0078787509106636
-0.0334088234452943 -0.0235143358929571 -0.0507509243822615 0.00527907192854037
-0.0346919099014012 -0.0222293515505025 -0.0430355343399757 -0.0135188546221271
-0.0314604435739728 -0.0271643627490029 -0.0407323367314575 -0.0372593083361585
-0.0314549243500972 -0.0360857916987014 -0.0211928659115518 -0.0609121897095433
-0.0166797034651448 -0.0525252520653288 0.00877293663426484 -0.0744249135594123
0.010813453028957 -0.0564816905245907 0.0479184640445009 -0.0533258762608347
0.0448851080281139 -0.0482840284664272 0.0482470237686891 -0.00258509199435938
0.0679826470656004 -0.0237031310545963 0.0116981153654586 0.0316627241791619
0.0628470610961839 -0.00193266191939353 -0.0512174093438031 0.0185808373512878
0.0237640814329421 0.0106341259076074 -0.103907821167987 0.018941230034737
0.0308541389049166 -0.00313790858921996 -0.0864561686829192 0.00762463131768346
0.023071122086579 -0.0180678130078526 -0.0722253675531766 -0.00701451918315925
0.00595434091140654 -0.0216578525851886 -0.0581327834859956 -0.00921506512825581
-0.00363057654134956 -0.0183315801650965 -0.0665495259210588 -0.009594624463438
-0.00932749086615287 -0.0176898894552218 -0.0680830859982134 0.0037723333475796
-0.0129176808218537 -0.0145150407436649 -0.0597072449584315 0.000477585231784429
-0.0141370866592682 -0.0141588118230684 -0.052439161863609 -0.0211112259123711
-0.0128945957148437 -0.0181406168713242 -0.0461664931514637 -0.0469914392985613
-0.011738938069647 -0.0236126318530915 -0.0207910855635446 -0.0694241455884704
0.00030982188216396 -0.0317224785766267 0.0126475043748293 -0.0773059119600484
0.0167978721705438 -0.0319291699162715 0.0503161782934514 -0.0520772982954232
0.0372984772053622 -0.0204145336754791 0.0436441849600582 -0.00379599802801978
0.0448942000376929 0.000791429168955951 0.00207627453054987 0.0236919889483663
0.0316758066501575 0.0125703219438335 -0.0637777022047264 0.00916799003770018
0.00254120972366016 -0.0147236206176214 0.0702121343730827 -0.0107330651664884
-0.0146239457735137 -0.00765583117875966 0.00579736240135055 -0.0307759478994575
-0.0142118123879276 0.00299649502926529 -0.0451018152124514 -0.00277933308898339
-0.00488668178129333 0.00782974059732297 -0.0607564245999495 0.044644875292004
-0.00267416434977622 0.00371936911494984 -0.0226379858042632 0.082220810995284
-0.00507386218629293 0.00397228664798442 0.0205214291699548 0.0764663889375809
-0.00650114580022454 0.00506497834499574 0.0447736630734596 0.0514650681259532
-0.0105583323039507 0.00588753845622493 0.0604635565052498 0.0236900838170568
-0.010895940224453 0.00443960964951938 0.0626824409484578 -0.000923297254752075
-0.0131401970545047 0.00199997476987629 0.0692152955993526 -0.0113457373237376
-0.0142037853527036 -0.00598229816384248 0.0692813073377506 -0.00389957287386343
-0.00890703475958548 -0.00864966172978592 0.0640769491097998 0.00470762672411953
-0.00724293498269357 -0.0146036305682292 0.0727110429637105 0.00513949142145926
-0.00140031310279011 -0.0202281048343671 0.0883602304869275 -0.0033346947580773
0.0126803724504513 -0.0175174743020585 0.104704132634154 -0.0260874748051961
0.0355605057913716 -0.0141449095277515 0.063134043870327 -0.00819419355270851
0.0160048900809646 -0.0171875407772911 0.00169989383634441 -0.0295632508180342
0.00823752047703549 -0.012343655672036 -0.0464764184511605 -0.00656933109758881
0.00401629768243777 -0.0132781045056564 -0.0644558238977145 0.0406974962735735
-0.0057777368255727 -0.0191956454910718 -0.0295338083130952 0.0759832863303673
-0.0184774129034459 -0.0149562776386542 0.0113768266633112 0.0746872352646173
-0.0249400699423906 -0.00693132809905587 0.0368822392682211 0.0529932113705374
-0.0319302436305427 -0.00356370571043942 0.0528656716014403 0.0241026282287033
-0.0329956891241028 -0.00445228661732521 0.0532294492964529 -0.00262398721906899
-0.0380573177641437 -0.0106048879252546 0.0587354711569466 -0.0194371529222985
-0.036640689053635 -0.0295117931758249 0.0640029949475553 -0.0176429403303839
-0.0184893127684058 -0.041389518749774 0.0640666997963468 -0.00797317488694814
0.00380893114399942 -0.0508862881046575 0.0727932571098193 -0.000214459679477719
0.0271361098689373 -0.0497542812741964 0.0796086082861403 -0.00180481879153246
0.04773072249431 -0.0348738544931134 0.0894971569980777 -0.0196932913368773
0.0657678356187685 -0.011170065975956 0.0433418416862051 -0.00888790332249426
0.047651086655998 -0.0243911488501808 -0.00963404913307088 -0.0317450961043177
0.0331999376033351 -0.0290946365612385 -0.0536768782201307 -0.0129785768302074
0.0137708673031654 -0.0368586544253352 -0.0685691167873521 0.0346208952858883
-0.009562616469917 -0.0421973589870405 -0.0353319773333988 0.0648232245331745
-0.0307974391718946 -0.032746381624191 4.13446120462538E-05 0.0668277844855798
-0.0404540327051174 -0.0192998220963208 0.0238819701543515 0.0478395938778774
-0.049586981135849 -0.0124676502459586 0.0373057947500667 0.0223601273182463
-0.0497666439437141 -0.0122902588456165 0.0357624444918741 -0.00531735741006031
-0.0575073465604675 -0.0198316803458594 0.0411911022930369 -0.0272137020474108
-0.0556191938922641 -0.0463676537988416 0.0513955236997376 -0.033155306368995
-0.0296710035120618 -0.0659768906654619 0.0607110919153769 -0.0234615953185442
0.00834395636040215 -0.0799263814105702 0.0712992352621864 -0.00468284396319235
0.05034203202667 -0.0732791175656357 0.0701578466374155 0.00592356245676904
0.0744930286826939 -0.0466493319166338 0.0653299196326871 -0.00665557876129658
0.0857865163011672 -0.00770002343710769 0.0127981416712233 -0.00918723383222436
0.0734416090730281 -0.0319689873071546 -0.0291977160018594 -0.0336546598681757
0.0535599656597483 -0.0466384384288438 -0.0628252691677901 -0.0184165820538357
0.0188202498994748 -0.0598850171941488 -0.0710573782809674 0.026118858812395
-0.0151818928702453 -0.0610180821496765 -0.0415314318685535 0.0495289889105509
-0.0399777361725291 -0.045116928082653 -0.0141994954245535 0.0532606349654794
-0.0505850810236212 -0.0274431412367065 0.00610923918325234 0.0387756727767803
-0.0581911254462536 -0.0199950877569243 0.0172855967498588 0.0169371523479601
-0.0583476411929109 -0.0201714277596336 0.0139592055262727 -0.00960449419219799
-0.0670763651232174 -0.028068274695357 0.0193665093758959 -0.0340667157426796
-0.0642591343808228 -0.0578275226797847 0.0334158994530012 -0.0463262229188679
-0.0344591352236718 -0.0801892686921577 0.0547509099011589 -0.0372995406822609
0.0134973353025147 -0.0975061199770073 0.0680503371323746 -0.00728893804962673
0.065681894700182 -0.0842916043023432 0.0580357089631781 0.0160538746580726
0.089871422773804 -0.0496462190889463 0.0353082008773332 0.00745713779929721
0.0920064842033605 -0.00567292748758357 -0.0242646011411329 -0.00614292845332531
0.0848945476396088 -0.0366864243875431 -0.0521361047826078 -0.028177966043062
0.0622274030167547 -0.059656231175359 -0.0709856106987334 -0.0199245084319772
0.0172765052331514 -0.0737626659896584 -0.0700588551950387 0.015335085196819
-0.0207455005258378 -0.0689143812311234 -0.048826879867365 0.029233774262309
-0.0460156832186585 -0.0498824970673993 -0.0312345231840637 0.0365903116419079
-0.0542921673604201 -0.0302856216338588 -0.0137054818422284 0.0273343398960939
-0.058770379735869 -0.023576244699417 -0.00571376532992612 0.00820487220787418
-0.0577869660753127 -0.0254715160493202 -0.0087506741995194 -0.0160013504483459
-0.0650019948342076 -0.035012526217155 -0.00152945194248731 -0.0414017642345412
-0.0589910668046513 -0.0633491919594881 0.017090365812799 -0.0576860331241831
-0.0269823519762581 -0.0837816827689515 0.0480575029880787 -0.0471219734547393
0.0229480058257531 -0.0961809917077168 0.0624767333258003 -0.00640776116774087
0.0752970078676094 -0.0776215816865149 0.0440338598656114 0.0275262827954607
0.0937152449282945 -0.040855700144929 0.00280916327946846 0.0193651688810012
0.0820143180498595 -0.00343082238883869 -0.0602635918788292 0.000603405817889892
0.0790028375960138 -0.03468495100066 -0.0716196393724225 -0.0165929404974161
0.056636814869166 -0.0596218662021696 -0.0750548029018885 -0.0164461323702424
0.0118377426150785 -0.0706044516080806 -0.0658011811205309 0.00358487344578554
-0.0225971035292775 -0.0624881154407827 -0.0568512843888482 0.0100298841814826
-0.0427050208745177 -0.0446607156866864 -0.0481171265785762 0.0209544709751353
-0.0490587290591813 -0.0277837259152664 -0.0336847332938616 0.0158276835481551
-0.050884560934806 -0.0243348528039105 -0.026777415346818 -0.00135801371887941
-0.0481282644010496 -0.0278373272612702 -0.028729956890435 -0.0248003123653077
-0.0519439486362744 -0.0378879558098849 -0.0163885030168664 -0.0496843894245694
-0.0408346488245508 -0.06186145353157 0.00720086887803651 -0.0671553349923056
-0.00912592463031259 -0.0756786356881995 0.0447719800821573 -0.0524991086488239
0.0355565880048762 -0.0778110881746309 0.0549927408039949 -0.00467118982965735
0.0764048881859177 -0.0552282279635511 0.0277787800649939 0.0330341529386668
0.0837916267544945 -0.0230110432799505 -0.026857963562891 0.023230199891749
0.0573563709932741 0.00123733565664569 -0.0886095879874471 0.0118689719765742
0.0582477949903877 -0.0234756692053019 -0.0842452901545588 -0.00162581788931666
0.040915168889342 -0.0442925778023115 -0.0748121175957043 -0.0105791697497154
0.00661094036261562 -0.0510085108345808 -0.0619839711711585 -0.0042377165339493
-0.0167347589055633 -0.0435388833361758 -0.0630315093374632 -0.00370957175194802
-0.0301385674086401 -0.0322425289471241 -0.0611682975992978 0.0111792412885876
-0.0343735474503944 -0.0214282069697784 -0.0503023462568635 0.0076121888856119
-0.0351622763229814 -0.0200578584030838 -0.0437517050481834 -0.0108903643485873
-0.0324469957843757 -0.0254409216992938 -0.0419001792598732 -0.0346355879081235
-0.0323204716066872 -0.0342179967916282 -0.0239361967149458 -0.0592302144038721
-0.0189538069139606 -0.0507812916821465 0.00535524523342712 -0.073959224473588
0.00775034980307981 -0.0566277184519932 0.0449824231190257 -0.054473134069645
0.0416092575105741 -0.0494693528629691 0.0484812101243226 -0.00395528576775868
0.0664469444896757 -0.0260907182075688 0.0133944710300072 0.030810609356931
0.0624380397375166 -0.00408086144346577 -0.0495640530945853 0.0204936688307168
0.024006307029689 0.00956260271085328 -0.101700871494833 0.0232451145093417
0.0303153720629046 -0.00424436773368559 -0.0851269928515946 0.0101425624057883
0.0218220927678971 -0.018782429087725 -0.0717708438922155 -0.00446941458835871
0.00521567310732442 -0.0218472375259619 -0.0587277093628121 -0.00780240670414121
-0.00412124784930464 -0.0175525439506739 -0.0670669894986875 -0.00711265264585202
-0.0099648952123295 -0.0172151796005149 -0.0673707265479385 0.00738978164469248
-0.0136781444116516 -0.0134518958590342 -0.0597164965863005 0.00299725636798795
-0.0145228825976476 -0.0133804929653464 -0.0534701191665351 -0.0182628573608323
-0.0139657555801764 -0.0175127550273465 -0.0480183917357171 -0.0434370034401341
-0.0122032018984587 -0.022476694054664 -0.0238179110413918 -0.0673250079810233
-0.00134698655504233 -0.0314719191972585 0.00950841333008268 -0.0777620109692837
0.0155436848444271 -0.0315331604527949 0.0472772565307619 -0.0531238040905217
0.0357632881296226 -0.0216420987906999 0.0431402717213506 -0.00508840804765761
0.0448922118370662 -0.000986517006891987 0.00321340761404648 0.0240323405286771
0.0321533595997265 0.0111511734734708 -0.0621852582588324 0.0110470164813081
0.00201531113082376 -0.0142611337504209 0.066729211070315 -0.0132683752859958
-0.0139682112612698 -0.00670305954139069 0.0042740697330365 -0.0296768296716689
-0.0136035946478633 0.00345893922057053 -0.0438320209383628 -0.00135347990893026
-0.00444607797040577 0.00741540628204429 -0.0572371950622417 0.045698507288667
-0.00261218545051724 0.00339417567208482 -0.0184571536121672 0.0799330835039089
-0.00485418618175913 0.00425962585669939 0.0230243522311018 0.0723274397009985
-0.00636243594452567 0.00590199359223161 0.0446818734343851 0.0477711059808719
-0.010030474437009 0.00585019891437185 0.0593013043348455 0.0196376254821837
-0.0102499106172634 0.00451151237160651 0.0599231783805547 -0.00375696275901238
-0.0129810734228035 0.00210183517183265 0.0654409164709917 -0.0145966457195048
-0.014101201574054 -0.00497240568190141 0.067617911215015 -0.00730274101847573
-0.00866110592795703 -0.00830488787573235 0.0626287312867407 0.00274369853592146
-0.00763483091859654 -0.0138896147502124 0.0710477658193218 0.00174258450821745
-0.00201927540660533 -0.0195170703697295 0.0844847262432371 -0.00710554416532155
0.0121789505440877 -0.0173595545353249 0.0999461408287538 -0.0292101247885541
0.0339169845341356 -0.0154402043795987 0.0597781587002848 -0.0108437383521461
0.0146197593675997 -0.0171862896831471 0.000815457916034449 -0.0282580159731365
0.00711840004066247 -0.0125741220302782 -0.0457149399378864 -0.00515485352357393
0.00340146236404046 -0.0132974449807831 -0.0602878172092834 0.0414603312446023
-0.006799806423703 -0.0178369126918618 -0.0255111057948406 0.0744385258059282
-0.0183721568534563 -0.0131327075658708 0.0140852298178886 0.0710472913114373
-0.0244873983382066 -0.00573424228210495 0.0371427680408872 0.0485725335972305
-0.0314894874939848 -0.00224986026114825 0.0517866709093314 0.0203610572025176
-0.0321812711352582 -0.00296305700090283 0.0510913792685802 -0.00476852945626033
-0.0375346714858481 -0.00860134947668249 0.0559663790704476 -0.0212101139140043
-0.0370250032772219 -0.0266445532583588 0.0612904869470987 -0.0192866333830289
-0.0194186350851428 -0.0388508120907532 0.0619691135107391 -0.00930057542746456
0.00104884911493013 -0.0489173924896468 0.0705724708388095 -0.00286087488683297
0.0244270371492135 -0.0487744017882185 0.0770372424376405 -0.00449914771161233
0.0448997251314029 -0.0355751561290054 0.0848190706537739 -0.0217639144223362
0.0625743853565081 -0.0136713923173286 0.0412139157193687 -0.00969416172657879
0.0443517618255824 -0.0253414888890788 -0.0104761272227573 -0.0299135514027371
0.0300467788622326 -0.0294058324767418 -0.0521498892379384 -0.010688270496052
0.0115663088838047 -0.0363033333517874 -0.0646900818707349 0.0350257177037867
-0.0114664738173983 -0.039854986265042 -0.0317392148452663 0.0645040154018529
-0.0311422310036151 -0.0290750550859348 0.00254173798858465 0.0637454710765089
-0.0399782905265163 -0.0156712181661371 0.025303785235721 0.045385870390801
-0.0480806558584982 -0.00942926093893378 0.0370139763580172 0.0193085247669902
-0.0491232475995779 -0.00976257315866536 0.033806876838958 -0.00670791934340408
-0.0565889919715063 -0.0167702702989816 0.0381845080037794 -0.0278655338672286
-0.0562357989788463 -0.0417852861396374 0.0475729894275702 -0.0344451030837349
-0.0321251467346459 -0.0620647133351422 0.057883830326867 -0.0241371413982117
0.00426871501042048 -0.0781259534949254 0.0693197341895477 -0.00727066184711455
0.044939990811025 -0.072911341196782 0.0678161871589457 0.00342997831684789
0.0704264820529365 -0.0481157794712101 0.0624503742770194 -0.00881638108838111
0.0824854093648212 -0.0118215766037252 0.0122378734594614 -0.00860071972739821
0.0684527944192064 -0.033732751108917 -0.0291302498920992 -0.0305287184445066
0.0491601291625332 -0.0477210991043539 -0.0619182014157355 -0.0154342288874116
0.0154872340518453 -0.0586034874598797 -0.0671601387286587 0.0271164695965255
-0.0178015060610897 -0.0572349468463953 -0.0389937194032261 0.0494314191215713
-0.0411625423160608 -0.0412784075524367 -0.0120283507924286 0.0519088189814712
-0.0505467248626618 -0.0234542888897413 0.00785620370834806 0.0372827447315284
-0.05750013109775 -0.0162159070174399 0.0170513776316904 0.0154552425412022
-0.0576333056564325 -0.016555734270941 0.0124309915186232 -0.00973567339132637
-0.0659112580457949 -0.0243944181098902 0.017388436790736 -0.0334024081402187
-0.0649948673120831 -0.0527018583871211 0.030262772618657 -0.0461428254727832
-0.0370482422373948 -0.0758505936472647 0.0511512072351786 -0.0377479101845918
0.00787137038364583 -0.0944984444599519 0.0663587529826872 -0.00944221705691758
0.058714899862192 -0.084346919691913 0.0570177491944752 0.0139536949962666
0.0853683635562777 -0.0513618368730212 0.0337970454258565 0.00639427037277497
0.0884996671153369 -0.00948175812912454 -0.0231668167892195 -0.00493272327979011
0.0796054845912325 -0.0393171309465631 -0.0514550692697922 -0.0248638812668142
0.0570206318991057 -0.0607237207282851 -0.0698338311322734 -0.0168560863476055
0.0134167424097169 -0.0718388731662502 -0.0667889530960609 0.0168088417503183
-0.023699517326201 -0.0655725862859234 -0.0468102492823342 0.0305019786823314
-0.0464753490843618 -0.0451517380627046 -0.0283682074387806 0.036528526361039
-0.0533478064198195 -0.026321729383453 -0.0117557325039479 0.0268866646819123
-0.0585601351672978 -0.0201735115236261 -0.00466131668513375 0.00821397228144914
-0.0571141514534936 -0.0215928461146897 -0.00955127684484702 -0.0145036819544277
-0.064569734938983 -0.0303345012056971 -0.00358047796560435 -0.0394445107747536
-0.0601476985532807 -0.0579724002664522 0.0140336060832333 -0.0560107554632634
-0.0303414003207106 -0.0792489197753341 0.0450081574395894 -0.0470199838176524
0.0174887837425317 -0.0932590980357789 0.0608484402324908 -0.00847594123385002
0.0690330666000135 -0.0776862243760051 0.0443554989187531 0.0252313969804671
0.0893535062229126 -0.0423824505904497 0.00350072787672091 0.018431176953863
0.0791167167039439 -0.00695454784264207 -0.0581064857532496 0.00332298617236212
0.0743935894912235 -0.0368153233331446 -0.0701022809949799 -0.0128973578989255
0.0516724180290168 -0.060016346851282 -0.0737573316800729 -0.0134333218491028
0.00832231992343131 -0.0687961482162692 -0.0635367081804229 0.00585514149121888
-0.0247513391831033 -0.0590869322072728 -0.0551701574250469 0.0116037501640396
-0.0434723393000356 -0.0406831866815832 -0.0455528162844436 0.0227325939063714
-0.0482907962927412 -0.0248709315643799 -0.0318795346806401 0.0171130339178886
-0.0501854560102272 -0.0204511697895614 -0.0257596079900874 -0.000561571042800226
-0.0481869324808843 -0.0249605764324123 -0.0289316868908607 -0.0216549257255399
-0.0515718776779333 -0.0339465993990351 -0.017861112411314 -0.0463796842231286
-0.0425057861201823 -0.0577900819614652 0.00413968834746078 -0.0647710777503983
-0.0122582578121085 -0.0721264131248622 0.0411114173266755 -0.052272223958007
0.0304194099011898 -0.075752463462205 0.053596091049408 -0.00582048507689978
0.0713634375002726 -0.0562519925486827 0.0285948243686445 0.0312095948897673
0.0804738315646115 -0.0254444832401074 -0.0248798298130169 0.0236860992247193
0.0554275052255796 -0.00173635388449528 -0.0845176749797759 0.0151199438559895
0.0547017770067124 -0.0251477869352773 -0.0807994541613151 0.00143466616726351
0.0372406708736515 -0.0444519148002976 -0.0727763088325814 -0.00759705720304964
0.00425202186649729 -0.0495268226918014 -0.059454532619391 -0.00275907058045791
-0.0182466722217014 -0.0407756536185264 -0.0621897279984714 -0.00111316692932227
-0.03081513187114 -0.0292591996431416 -0.0587853131954897 0.0133264690570222
-0.0346726296087393 -0.0184811340534604 -0.0480305362810316 0.0095335463182968
-0.0344630856327429 -0.0176775094361211 -0.0425224628223213 -0.00806811224976111
-0.032887882159069 -0.0231384077624084 -0.0421178281162686 -0.0310301183473016
-0.0326964737865329 -0.0311288831007097 -0.0249957230464709 -0.0557473601840209
-0.0204602684901821 -0.0477860646465138 0.00172696489467044 -0.0713219254516198
0.00502801400898238 -0.0546522485650346 0.0411351628952108 -0.05361304326394
0.0374636340150671 -0.0494908611144505 0.0464648849713432 -0.00475883679224676
0.0625921209310145 -0.0283448258425293 0.0147563862513586 0.0297199338284104
0.0603529571128433 -0.00676329183330203 -0.0468887893506023 0.0216942202180175
0.0238307596543589 0.00784749281987967 -0.0980879016189329 0.025293081540668
0.0286063055493297 -0.00485331827087746 -0.0817173870651608 0.0122734846745202
0.0202235094369908 -0.0190059287960512 -0.0700124654338314 -0.00207382349693803
0.00390584127891634 -0.0209462472299264 -0.0574382923024412 -0.00636822264352045
-0.00445651972235223 -0.0163424476260414 -0.0659613275178095 -0.00422120660414721
-0.00999010179121135 -0.01546525861114 -0.0649469746615534 0.0101027859199373
-0.0143965869214602 -0.0121990582856539 -0.0575785712914247 0.00505147904188434
-0.0143566344967833 -0.0119749553888781 -0.052494954722202 -0.0146354776710279
-0.0138571475663118 -0.0157809696250988 -0.048546841116215 -0.0390375426756593
-0.0124633437130361 -0.0208608922768087 -0.0256378107041936 -0.0635759691344929
-0.00287998854888829 -0.0302436760363263 0.00570575451606051 -0.0753029047511941
0.0133706643966967 -0.0318011866207908 0.0441383601914966 -0.0525657032184251
0.033749987438172 -0.0225337138455432 0.0423304489056779 -0.00577935281315391
0.0428657151272738 -0.00309566463044807 0.00464274646359772 0.0234966289963632
0.0310627586657362 0.00956437093903333 -0.0592249739145067 0.0132437116518891
0.000597233766958174 -0.0141147238673056 0.0618172426942784 -0.018939739625191
-0.0140786030454803 -0.00505458303164862 0.00111706208507885 -0.0286904337664522
-0.0128382128408743 0.00458315115916472 -0.0408415360341816 0.00294663795243165
-0.00360938098338767 0.00722029196106365 -0.0482355990967841 0.0496089398283365
-0.002504453921009 0.003562720225449 -0.00777114917982726 0.077267333316784
-0.00420853767086998 0.00434675804092226 0.0299663675867133 0.0657631259448097
-0.00488246028940016 0.006068320491617 0.0477978286950289 0.0409952990760786
-0.00879554288958598 0.00697461799476736 0.0576254133610345 0.0118897393503775
-0.00979280640198161 0.00586152629986724 0.055539661635738 -0.00966665205718432
-0.0123316701187549 0.00308629781584591 0.0595812840375655 -0.0209501419906598
-0.0141581844578951 -0.00312129601928275 0.0629505624795718 -0.0131968907703656
-0.0091299748725686 -0.00730183868668089 0.0593755718677093 -0.00326319080348238
-0.00908180043192591 -0.0124476286656795 0.0668198119410811 -0.00554509939993913
-0.00466583667551553 -0.0185049145093252 0.0779180665851709 -0.0159039645455819
0.00865070159787599 -0.018795698846471 0.0913835802320523 -0.0382378371366583
0.0314454575198681 -0.0191867211455482 0.0529918692109535 -0.0148692524586149
0.011795807005399 -0.0172498669798575 -0.00237850946859099 -0.0259772572908032
0.0047100243046881 -0.0120896314991148 -0.0441742760257385 1.86057603011963E-05
0.00188574669458234 -0.0124784148227793 -0.0523639686717616 0.046292282355792
-0.00873549694238022 -0.0160828263495031 -0.015455818112384 0.0737182214393665
-0.0185867654570655 -0.0100736047160568 0.0204243915203855 0.0665514256094039
-0.0231461906879835 -0.00220143004486488 0.040418370277854 0.0433477532640549
-0.0297708128456239 0.00156330036688826 0.0506166367832162 0.0136924546184401
-0.0306401601991044 0.00125646118547919 0.0462933537340915 -0.00945672852538166
-0.0360427067295521 -0.00402232531423045 0.048661475380063 -0.02595678825747
-0.0376943160998256 -0.0201042499121098 0.0547068549829255 -0.0243425176389339
-0.0234289998282294 -0.0349339544436416 0.0567307482857332 -0.015141999961668
-0.00544572371960882 -0.045815454922074 0.0651723717318826 -0.0108303433951314
0.0172245803717455 -0.0485167238079745 0.07131870504283 -0.0148049087209487
0.037024838932564 -0.0387967374201636 0.0794747566264612 -0.0305844865732055
0.0591591118789793 -0.0212950268854603 0.0333398523688859 -0.0119200611952087
0.0385890061292087 -0.0284247973267041 -0.0144155974279592 -0.0258025176930735
0.0245278950465147 -0.0307320610101092 -0.0528235563794871 -0.00364033595099256
0.00736168278417373 -0.0347307341575192 -0.0581527023037573 0.041595195047651
-0.0153459595234734 -0.0360502217361457 -0.0228186130673923 0.0659367055856037
-0.0316412491699944 -0.0238233883696727 0.00904659561365859 0.0617799058586205
-0.038006926251897 -0.0101506311274934 0.0279390800281345 0.0411060355420412
-0.0461188090772688 -0.00342073239692959 0.036690777401818 0.0140083140405072
-0.0475147405084933 -0.00404896374941284 0.0304670592922121 -0.00919951607176632
-0.0547931457579832 -0.00916799376279458 0.0310653077649182 -0.0300841534191029
-0.0576503215986052 -0.0322712454542601 0.0400274271218238 -0.036239216241837
-0.0375503402451258 -0.0545764993973746 0.0510543857643103 -0.0284026558847178
-0.00626297380576098 -0.0728950107265375 0.0633645049678416 -0.0154959093647083
0.03308727230346 -0.072150470824591 0.0640130711453385 -0.00779274188375047
0.0589522005627569 -0.0523780011931849 0.059926197911326 -0.0161556808834649
0.0778630884370254 -0.0209625799379318 0.00396340652735804 -0.0071368421726908
0.0606905543344637 -0.0385340652668446 -0.0326096562847689 -0.0244663311896247
0.0403039014600092 -0.0500089498568808 -0.0632227666883642 -0.00653685521599219
0.00845975596560509 -0.0561853249937226 -0.0620427822820718 0.0346141573571829
-0.0228057412176779 -0.0517761620324281 -0.0321892973262519 0.0533656233801292
-0.0428551237487047 -0.0337123487770304 -0.00610255707263432 0.052738725143929
-0.0491924396901422 -0.0164393375545803 0.0104500940255987 0.0366371954761711
-0.0555755223243312 -0.00846790471141568 0.0177138651552563 0.0117950268682897
-0.056391914915135 -0.00894130759112648 0.00997324695897902 -0.00881241934455623
-0.0646427757000302 -0.0149446003430246 0.0103962970030593 -0.0323798331826766
-0.0674218394639846 -0.0409610311302336 0.0216718685437474 -0.045406327696105
-0.043843852976332 -0.0667016012792402 0.0428332365401935 -0.0406009143996878
-0.0048259924576783 -0.0886056281097502 0.0598290040228983 -0.0179339299362657
0.0449735376611698 -0.0840106467176241 0.0557127340788521 0.00251605836351412
0.0722702749408271 -0.0573016573589503 0.0355319413193755 0.00143141227206503
0.0843198874815021 -0.020201433900297 -0.0297802072319179 0.000741178745266093
0.0704488084072723 -0.0442563513107484 -0.0525465699836766 -0.0162011983772228
0.0461891538097595 -0.0624333799087098 -0.071429135925297 -0.00626916059826241
0.00563860540665845 -0.0684647387722962 -0.063146902448132 0.0253132274036994
-0.0290484523840326 -0.0585146770771116 -0.0417104185367492 0.0372482981114038
-0.0488228664696019 -0.0372052021697893 -0.023542324364319 0.0412503983865622
-0.0530778114256557 -0.0185518972832398 -0.00984458553742822 0.0288561097850419
-0.0564917383199584 -0.011805703032939 -0.00374573487538784 0.00861050437031741
-0.0565803714633961 -0.0142003371160096 -0.0118151010818189 -0.0116542392066751
-0.0634124553929124 -0.0209784101152023 -0.00956450837971237 -0.0355718034674892
-0.063299281480064 -0.046454594431991 0.00558018769827876 -0.0529743910277276
-0.0374270928891027 -0.0703446142624546 0.0351433477744944 -0.0490263008728949
0.00473088360260069 -0.0892167927186067 0.0546992710355358 -0.0162504796065854
0.0542356077638911 -0.0796973184568864 0.0455099084441729 0.0144627423970877
0.0772329955276975 -0.0494730806823027 0.00822621296846001 0.0162439863384071
0.075336735265593 -0.0160830323907567 -0.0611787093945707 0.0118239501413074
0.0654414486889834 -0.0417554290466468 -0.0692398084019014 -0.0033051030337713
0.041740222043909 -0.0612838049379213 -0.0743965745927971 -0.00272237221621538
0.00120423854361453 -0.0649579305102468 -0.0613326410705899 0.0145622321535808
-0.0291718818639114 -0.052951241860871 -0.0522042920709308 0.0201908453082804
-0.044982099997613 -0.033274922025703 -0.0404970597802356 0.0292747397299318
-0.047494673812058 -0.0171849176033002 -0.0292739615702272 0.021419449128051
-0.0490835649818529 -0.014163902857416 -0.0245547514970714 0.00276516380155689
-0.0483881719937148 -0.0180285633499028 -0.0306613740147288 -0.0165515206662401
-0.0517610829597797 -0.0255462552151588 -0.0242180573045591 -0.0414442098660501
-0.0463614713720147 -0.047781993785673 -0.00509686188284882 -0.0602496044581229
-0.0198474070151506 -0.0654940281378158 0.0316093554637032 -0.0543181101527251
0.0182296898211344 -0.0743292799810512 0.0491943652449274 -0.0130417566225767
0.0587042497719253 -0.0599830122591784 0.0325534227820565 0.0227248999873524
0.0717874753742188 -0.0321773291717711 -0.0187984613346453 0.0246145569931408
0.052930760393248 -0.00791842030313579 -0.0827925812952962 0.0246140842734557
0.0486487576726734 -0.0283257859825768 -0.0772769243489244 0.0110027620852942
0.0297975082417529 -0.0455556629727061 -0.0717533736031861 0.00229629302032155
-0.001035876520818 -0.0465579563477294 -0.0583050775683995 0.00547559101779656
-0.021360324580959 -0.0359703610546449 -0.0594916698119943 0.00843773378238001
-0.032004251641839 -0.0237975897360929 -0.0544201912451951 0.0208019298167287
-0.0340582200316075 -0.0134160440613342 -0.0463321601184516 0.0154841646937117
-0.0343362788330553 -0.0127063151220565 -0.0417471828250241 -0.00293967937544303
-0.0331984295877917 -0.0169579082257488 -0.0441980793141755 -0.0239784918764178
-0.0336121284166197 -0.0246463373653886 -0.0314755495111925 -0.0498851994914746
-0.0247456737876894 -0.0414628182793344 -0.00766553262387015 -0.0670279943974147
-0.00178229954272228 -0.051165077669748 0.0317537527417411 -0.0561761512846383
0.0283600148019881 -0.0500554580945344 0.0437412039554495 -0.0112557663856348
0.0542293671442017 -0.0330971268738227 0.0193045660132059 0.0238566241318159
0.0549489170062164 -0.011364515444178 -0.040487675594839 0.0250587728628213
0.0232839371871388 0.00458643674231206 -0.0914074410920033 0.0343687620851111
0.0259119388777537 -0.00655870711389638 -0.0759216089746213 0.0201422478750156
0.0162049959479643 -0.0195587420082576 -0.0671575903678977 0.00625052618611629
0.00181610643533858 -0.0194083762441804 -0.0557095879509593 0.00117479175725238
-0.00576737084610734 -0.0150464471166231 -0.0639668052275446 0.00437152265246565
-0.0116206097599681 -0.0132119060749676 -0.0602997418651751 0.0172314963399014
-0.0146948939996338 -0.00942150912476672 -0.0548652699341782 0.0121289448027477
-0.0146355406288279 -0.0100390197260465 -0.0509112681625064 -0.00779074239122398
-0.0147378208149318 -0.0130142373659376 -0.0499586950509909 -0.0308193562298932
-0.0137462505975766 -0.0173034038510369 -0.0320558020638645 -0.0568108256023469
-0.00599369553386014 -0.026786684296608 -0.0032191416066858 -0.0708585789702617
0.00863393624869745 -0.0304467661166535 0.0357217869394912 -0.0552062470642306
0.0278135310895527 -0.0247446412045504 0.0395928502108855 -0.0106451312175349
0.0388074846977472 -0.00780131016300918 0.00965508101675052 0.0204887356970766
0.0299329153902881 0.00598155182479455 -0.052839390321534 0.0191015135502206
0.000968341100677342 -0.0137127645029184 0.0590770744311327 -0.0163725612991298
-0.0131163831213433 -0.00464187401203831 0.00181489732432339 -0.0270743102922737
-0.0123045356441412 0.00427332161679906 -0.0390319344183064 0.00160100569571045
-0.00332975613514694 0.0066552397055762 -0.0472360912179942 0.0455377920964992
-0.00246295727797847 0.00333740500681938 -0.00924643472309176 0.07262983799536
-0.00386069784711848 0.0040378770477419 0.0271382878382325 0.0625760602204695
-0.00530531621016006 0.00577887639147135 0.0451789147365682 0.0394638165388745
-0.00879832600186648 0.00650183758109873 0.0549286250431203 0.0114147654001237
-0.00988476945052295 0.00495949765511661 0.0527609780451732 -0.00777198474035211
-0.011962360073186 0.00293103622034626 0.0567686477593029 -0.0189940936033683
-0.0139016343352856 -0.0032256724125465 0.0599297240810167 -0.0114068178061105
-0.00897511532349667 -0.00735052030156095 0.0573947073038864 -0.00190331069691169
-0.00808602222798723 -0.0122023882286058 0.063841419037268 -0.00362681728124179
-0.00347879721902286 -0.01770486068596 0.0743747712054978 -0.0125780810380781
0.00909200358878636 -0.0175988478074373 0.0877123749877103 -0.0336520181025155
0.029848637835467 -0.0177340024653747 0.0508806143114492 -0.0126362268900394
0.0114200487056477 -0.0159582867403162 -0.00141665288218692 -0.0249098365339125
0.00427869650747844 -0.0111003377515237 -0.0424742150573385 -0.00111783826386717
0.00191637494821274 -0.0120458301716809 -0.0515754023151897 0.0424893673631071
-0.00824110371709905 -0.0152015828756522 -0.0164062250007597 0.0690540352501142
-0.0174985816441943 -0.00929438038937668 0.018198599262541 0.0636422010379472
-0.0218671738130843 -0.00249844080260002 0.0383366972181964 0.0418804594497235
-0.0283511114654347 0.00112974786418663 0.0480340202603678 0.0133225190797115
-0.0296419223045156 0.00045976847881222 0.0444500643789931 -0.00842955149655901
-0.034470292760036 -0.00433794467726253 0.0465333842985363 -0.0236872863769246
-0.035917223913714 -0.0196711353552797 0.0528994000974541 -0.0225250898009629
-0.0215765981015138 -0.0338991997177508 0.0546611384837866 -0.0125010330693256
-0.00477516858258907 -0.0437336726971159 0.0629485826861463 -0.00907132392719255
0.0166234107735256 -0.0452199046736056 0.0682752717352961 -0.0119764361440624
0.0365446740394639 -0.0361180653092958 0.0759057649615033 -0.0267686145498193
0.0562350600764769 -0.019263088452831 0.0321413629485234 -0.00995897848777798
0.0370123238084814 -0.0258580952284052 -0.0127607519536348 -0.0246887877738358
0.0233853234183672 -0.0288717459071504 -0.0505269064209074 -0.00500138460480323
0.00700057030120491 -0.0329780942955445 -0.0559867721820136 0.0383028946216976
-0.0140012717291242 -0.0339842852893412 -0.0234003104453985 0.061891106129562
-0.0300591253596911 -0.0226094371405645 0.00729416899286391 0.059068658686471
-0.0367736440734242 -0.0101707121096145 0.0260805758237192 0.0397260108181175
-0.043699726100572 -0.00350959979662006 0.0347903309415027 0.0137498653616192
-0.0454673266883012 -0.00405434762374922 0.0292257490120564 -0.00771551212582713
-0.0522662249690228 -0.00968006944308737 0.0300510305270154 -0.0273817665820851
-0.0549126871226519 -0.0309976378662194 0.0388502420238726 -0.0339440376893524
-0.0345904606749636 -0.0529572803962409 0.0493717608453698 -0.0257170431545215
-0.00499045808992223 -0.0694623241543374 0.0612329137792996 -0.013005905822338
0.0328442146242729 -0.0679496909469833 0.0616377085755254 -0.00574126270349882
0.0578998147182205 -0.0487253064763375 0.0574472203988209 -0.0131607378832739
0.074510589763325 -0.0186545336331819 0.00472439736703299 -0.00681604304204262
0.0578596380797962 -0.0349511758483913 -0.0298966470368053 -0.0237551184544145
0.0385607271646113 -0.0469477147985821 -0.0604280326228005 -0.00790874169346941
0.00851638762474186 -0.053152054918767 -0.0601058807513383 0.031507266119283
-0.0213221192980472 -0.0489943521683689 -0.031996464266046 0.0500978922038942
-0.0401989207296941 -0.0324528200436562 -0.00668482370080001 0.0501057149944327
-0.0467154419382895 -0.0159001735607131 0.0097347946437964 0.0346928703810884
-0.052695208164865 -0.00866936747093638 0.0166064543352009 0.0120129296484945
-0.0540064833752942 -0.00961329351227346 0.0100132503413366 -0.0082700582268277
-0.0610506177998616 -0.0152498075820541 0.00994518900003926 -0.0304672833754285
-0.0633658845153315 -0.0392533145729643 0.0214821953356372 -0.0430249467205481
-0.040396459990843 -0.0639697771244878 0.041585908629378 -0.0371436616581151
-0.00335733573407728 -0.0840689266534121 0.0580326944768875 -0.0157346378670777
0.0433323668930965 -0.0793127800788028 0.053683196027369 0.00472234509156376
0.0705328906137812 -0.0529673263652144 0.0341505391751562 0.00204865804395322
0.0805673008361051 -0.0179951683865463 -0.0279186656673183 -0.000152176713658143
0.0676351185341403 -0.04085949872729 -0.0496902643789375 -0.0163360785460077
0.0442911525496289 -0.0587307341433204 -0.0685724020181389 -0.00804140763730234
0.00591847867844022 -0.0650511347655537 -0.0608459635411086 0.021936768049547
-0.0268498355028027 -0.0554273068419408 -0.0410945805018719 0.0340624427164506
-0.0455979134196099 -0.0356333996275478 -0.0228413424848432 0.0388571543947652
-0.0501614165069175 -0.0178017942914649 -0.01017839189361 0.0269171920149187
-0.0534614452051633 -0.0122445892033712 -0.00392242211938331 0.00768740123502269
-0.0535655774671388 -0.0138393119335706 -0.0105517627976234 -0.0111219655638982
-0.0600044867952869 -0.0207437645963517 -0.00874207216255561 -0.0338229802110522
-0.0596978145822039 -0.0445926048224395 0.00553106785217319 -0.0507879197818081
-0.0345704791992211 -0.0673779848969129 0.0342201756822535 -0.0459592832384523
0.00509911540373435 -0.0843221224306657 0.0533750038881132 -0.0139069936107647
0.0524751378459516 -0.0745570874879294 0.0433347895008031 0.0151839743178143
0.0753277915348909 -0.0450965185622932 0.00744032592311536 0.0155290432998046
0.0716897581167898 -0.0138454140207321 -0.0576028818729429 0.0100811068268404
0.0626376085798669 -0.0381044634776874 -0.0648228560210497 -0.00448499744194971
0.0400593024203935 -0.0576377013884022 -0.0711791824201272 -0.00397823840962275
0.00174979716009624 -0.0617980905597808 -0.0591574187410553 0.0115025114362721
-0.0269678302035827 -0.0500063194979064 -0.05068007219522 0.0180208849835539
-0.0422833402575022 -0.0319533229896592 -0.0392054141844983 0.0275852540873516
-0.0452380649846265 -0.0168156597254479 -0.0287014850159188 0.0197978796018705
-0.0463213861950239 -0.0138647392579 -0.0241501026592217 0.00215084827849715
-0.0459410040402953 -0.0175384369109024 -0.0284192311564157 -0.0160882409245355
-0.0485639512872947 -0.0251600423736732 -0.022408903679224 -0.0393544686687211
-0.0438897488310613 -0.0457116001337599 -0.00384780558302473 -0.0573622442432543
-0.0180401071562797 -0.062336143069456 0.0311931609682758 -0.0503167936673895
0.0191882817823802 -0.0698390860477156 0.0478624647351444 -0.0110995741805652
0.0571344122368259 -0.055868952619841 0.0310004633432339 0.0225056504558333
0.0687701572643775 -0.0294186837989899 -0.0179623862375544 0.0228269624132333
0.0508020837848254 -0.00672204189446656 -0.0792578201272568 0.02081713108684
0.0462808986569774 -0.0260678772085363 -0.0732012969969995 0.00867381786484937
0.0284634044444334 -0.0422552849040015 -0.0683600519636274 0.000123881626299427
-0.000489142729628061 -0.0437590300280925 -0.0565112293395424 0.00267928179950969
-0.019659202790111 -0.0344430221829844 -0.0582456969066925 0.00738789945410593
-0.0302075676144461 -0.0226887638764174 -0.0517978411603459 0.0196305075677825
-0.0326659458219114 -0.0130549688512448 -0.0440229887252243 0.013593121807225
-0.0323356817459346 -0.0124041837358196 -0.0394922106724784 -0.00298669959705252
-0.0317924205364965 -0.0169047539302239 -0.0416403732647785 -0.0231144231148744
-0.0314736790476009 -0.0239110742990212 -0.0292417336888555 -0.0470710702139843
-0.0232356155705297 -0.0391128934159685 -0.00563574658572476 -0.0636739181486472
-0.000696196517498342 -0.0482533334739085 0.0316064555135592 -0.0527385240859283
0.0276412319490467 -0.0465478959715532 0.0425656103056601 -0.00915106734424522
0.0519976245033353 -0.030292467248904 0.0183611426354077 0.0233955687629544
0.0527945816581761 -0.0106462021206968 -0.0384220465481822 0.0232869300180331
0.0217613347752318 0.00496477065493838 -0.0881173211989805 0.0303209226474917
0.0249101505046792 -0.0062818175004933 -0.0728067970776873 0.0169283592667858
0.015297715241981 -0.0180902891598217 -0.0641029360580557 0.00461635977450046
0.00157351527302827 -0.0184785667946721 -0.0541638595564628 -0.00106832464084761
-0.00520974607765249 -0.014244310096968 -0.0614882575949132 0.00362272610499448
-0.0106994087516819 -0.0124875828532902 -0.0575391735660579 0.0158254645786302
-0.014272945069575 -0.00898038774004033 -0.0526383284385747 0.0103499015157856
-0.0133388589296535 -0.00988137197565046 -0.0484222828549941 -0.00813613249429294
-0.0135422570673612 -0.0127479982395678 -0.0472394456699112 -0.029923343345919
-0.0127627936217906 -0.0168631839504324 -0.0294924939612645 -0.0547119226213751
-0.00520204236790012 -0.0257454251660679 -0.00174778872865189 -0.0672916580375251
0.00819645493056094 -0.0288045010814947 0.0348225933440008 -0.0516684335096712
0.0268739440128437 -0.0224823262841111 0.0380930762060574 -0.00857253666334015
0.0370957784694943 -0.00616410698814222 0.00881399902703694 0.01933516073141
0.0282513227711364 0.0060214661179011 -0.0507828450238043 0.01704650907225
0.00205129115310819 -0.0134087163198739 0.058641379170237 -0.0132012042733554
-0.0126171981208118 -0.00538595643665964 0.00364163094770789 -0.0270047978718953
-0.0126796150569379 0.00398568667732953 -0.0387737191142745 -0.000673611349241748
-0.00331831768294717 0.00622758934925161 -0.0491910690783747 0.0419254351504008
-0.00226512294342947 0.00316617751610737 -0.0123507726836798 0.0705923731938802
-0.00394609500996691 0.0037330521325846 0.0237020783040208 0.0626140867855025
-0.00503670409395328 0.00514987915802906 0.0422962741329978 0.0404541936709112
-0.00854154863495712 0.00586850808311438 0.0530050316615809 0.0139096927770277
-0.00984275668464427 0.00424397795257933 0.0523191819865844 -0.00550226195791673
-0.0120585757198375 0.00240158715935215 0.0562256009242581 -0.0161211833842783
-0.0135758795162486 -0.00364055816697879 0.0596063260423229 -0.00904510395799371
-0.00821046330594544 -0.00814290207084371 0.0567542192733182 0.00129219743527329
-0.0078500889137304 -0.0126642159693778 0.0629204720122575 -0.000169309952100944
-0.00265430036496807 -0.0174755021356513 0.0729477795438086 -0.00834038469832381
0.0100960913427 -0.0170716872611348 0.0869208294549115 -0.0281156503875753
0.0301474705141537 -0.0157416722068155 0.0502972920449423 -0.0101191294630968
0.0118395602326645 -0.0154011388242032 -0.000397734207719896 -0.0246424206514968
0.00455196246848399 -0.0103683944764994 -0.0423163845461381 -0.00363031248430912
0.00222334616297296 -0.0116103990354463 -0.0528778660007133 0.038679538541306
-0.00747515236786947 -0.0151411223259347 -0.0190655819109311 0.0671304332945875
-0.0167225629641116 -0.00988917318814413 0.0151544133115457 0.0627311415544624
-0.021358564956574 -0.0030149660880575 0.0350747058776579 0.0423674525455173
-0.0280879270499251 0.000552968989091303 0.046385458178665 0.0151800476957864
-0.0297762424653362 -0.000776366806460685 0.0437928049634024 -0.00571748278880241
-0.0341563361771001 -0.00564701197128641 0.0468939740538928 -0.0208480779281698
-0.0348709638455525 -0.0206707918078307 0.0521027527490448 -0.0198312191241052
-0.0197082055705023 -0.033849478445004 0.0552406767200649 -0.00937066003070989
-0.00310933160574066 -0.0429920208553785 0.0624655287561657 -0.00519017564658995
0.0185483264380993 -0.0434424066064006 0.0671004650481756 -0.00796530276008237
0.0376117820002299 -0.0336404039783788 0.0756930892408035 -0.0220481163662879
0.0560622787197335 -0.016300777216597 0.0324200536452556 -0.00855843630262848
0.0371702429103087 -0.0235592297326223 -0.0110673742467057 -0.0248042878629718
0.0231694796870399 -0.0269892566235296 -0.0495386738566173 -0.00770303694911263
0.00806816744329038 -0.0318373746101929 -0.0574611506524812 0.0341130226046199
-0.0127011313164952 -0.0337036059031565 -0.0262497811638413 0.0592815384671961
-0.0282338266797927 -0.0229684768416337 0.00437433849329124 0.0581709131628027
-0.035512759500267 -0.0112168899451819 0.0238087664539103 0.0398456460117486
-0.0428341729399805 -0.00477688931387958 0.0334528633472755 0.0147783195796231
-0.0448772103651302 -0.0057799559751093 0.0292936399977313 -0.00622686483523969
-0.0511770273149481 -0.0115858079810575 0.0299685353548501 -0.0254661513976684
-0.0527199148890066 -0.0326899957259141 0.0391531835301555 -0.0320844901761668
-0.0317679628738302 -0.0529289764111325 0.0501355027208818 -0.0225687325591516
-0.00212695646707443 -0.0683767509720252 0.0610044891291704 -0.00965244153745163
0.0346686065163094 -0.065890120054677 0.0604735719770202 -0.00122824733384888
0.0592145921415472 -0.0452857418671363 0.0573947227901313 -0.00993139624843492
0.0739985044913904 -0.0155313152107622 0.00517855388748862 -0.00622151314591188
0.0579764408894429 -0.0315280828655703 -0.027356592895478 -0.0241166487864135
0.0393049643015103 -0.0439046895573806 -0.0592079080756507 -0.0115079708539226
0.0106364676268312 -0.0515427178488746 -0.061025105470777 0.0271598518841534
-0.0188138937800921 -0.0486366238066935 -0.0335212257734426 0.0474179296958037
-0.0382941457085389 -0.0330725634718926 -0.00880671388876948 0.0493224374948193
-0.0451121149233126 -0.0170330834141337 0.00819494217856699 0.0345516377028377
-0.0511219059276961 -0.0105107794585498 0.0153725713185147 0.0118865361443445
-0.0530976252372942 -0.0112279706585978 0.00997115611337673 -0.0072945479009425
-0.0599830663064486 -0.0173530092670874 0.0116204239241253 -0.0290369975373942
-0.0612347284906747 -0.040261362744333 0.0230153664001325 -0.0414129808464003
-0.0373846651617036 -0.0641305555619408 0.0428217208747747 -0.0343125042560057
1.99624684529358E-05 -0.0820515613875763 0.0582153251776536 -0.0119830299136388
0.0461939531400808 -0.0757317656776338 0.0522822326835549 0.00739738036548847
0.0719662497254741 -0.0484558700320863 0.0336157174409885 0.00393922195482552
0.0798461676370996 -0.0136870887557 -0.0264968719312435 -0.00102692830348556
0.0674677648613307 -0.0367873924134875 -0.046846210243279 -0.0182435984498151
0.0456243913251358 -0.0556860502848773 -0.0665326762704973 -0.0116781426182807
0.00835152060979343 -0.063108609256646 -0.0607981442433701 0.0178427453470935
-0.0243963139675878 -0.0554304051136035 -0.0424174485060269 0.0316562392905075
-0.0436102891266756 -0.0362284290186851 -0.0234115170251908 0.0372231399325285
-0.0485056152287685 -0.0194214659848146 -0.010692731800024 0.0261927186617532
-0.0526721372209486 -0.0140806919250179 -0.00489051101456536 0.00700894222035622
-0.052742500453528 -0.0158040132363892 -0.00980299898676603 -0.0106468628857919
-0.058178910404978 -0.0227286253726914 -0.00705813219265216 -0.0329704706891026
-0.0571639830270214 -0.0458294173216192 0.00757953312136133 -0.0494846613706977
-0.0310486100154818 -0.0670151084659633 0.0364531822645651 -0.043082254348562
0.00853670592411045 -0.0818989838191342 0.0539121941972447 -0.0111273569687
0.0544383341220459 -0.0707431365685201 0.0422612496888072 0.0178240722321301
0.0760950470882379 -0.0405693028555944 0.00716313393201897 0.0157531472529852
0.070855834281644 -0.0108288678940356 -0.0567163960934877 0.00675928681953129
0.062651588835288 -0.0343882262214974 -0.0631456010601136 -0.00760328648033168
0.0411341799777112 -0.0546601195099136 -0.0695341253742911 -0.0080313875083586
0.00442487920372567 -0.0598174222769807 -0.0589368196888471 0.00787216489473283
-0.0247562133219374 -0.0500713006370685 -0.0507570844360502 0.0155442033373704
-0.040256165796325 -0.0322638410381824 -0.0395302236572894 0.0252922164566083
-0.043619696144292 -0.0180413650185811 -0.029107273647486 0.0179742767348771
-0.0449102554720805 -0.0154138291439195 -0.0238906635369125 0.00106139701756786
-0.0446652930136391 -0.0187181139854144 -0.0270955098129339 -0.0164445522587623
-0.0467376753142297 -0.026291335612715 -0.0203020334348203 -0.0393787675351606
-0.0415930084255566 -0.0459873526657449 -0.00174023890611237 -0.0568808144231629
-0.0157253267191973 -0.0614038495813447 0.0329937886471603 -0.0479182916036483
0.0211131662343718 -0.0671716352284037 0.0484573919858931 -0.00823896939335582
0.0581085604670342 -0.0522589073821231 0.0295499392414116 0.0236575311137804
0.0694169725892642 -0.0252464021135114 -0.0186939842362553 0.0217350659249544
0.0494133997412226 -0.00412036166783156 -0.0784622869388489 0.0168482702442529
0.0466755057911719 -0.0232327636714819 -0.0714356535500458 0.00414508793579575
0.0295629443094048 -0.0402558350148332 -0.0675052746038654 -0.00328717301122223
0.00158393683144813 -0.04263256804524 -0.0552211061406472 -0.000531749935308778
-0.0180713710880561 -0.0343772271869816 -0.0584347732328664 0.00437089686930408
-0.0282708546949093 -0.0234454922368686 -0.0513724002227449 0.0171998157116894
-0.0309616964278043 -0.0136978622887965 -0.0441624753068969 0.0118673559891504
-0.0312178475596708 -0.0139523394978093 -0.0385049518432156 -0.0043807235731693
-0.030657653582156 -0.0175803913482675 -0.0391537533911855 -0.023866914405471
-0.0297102214845398 -0.023968951829734 -0.0265684696642434 -0.0469392878134965
-0.0213856243677521 -0.0392668376599872 -0.00354573388586192 -0.0628218100549383
0.000721924148072086 -0.0471809094524779 0.0337063204398257 -0.0499087729793121
0.0293501549957603 -0.0440890984044473 0.0430761016147213 -0.00630383616371806
0.0523402399522389 -0.0269736330420898 0.017419697282502 0.0243853302250251
0.052669969020954 -0.00779438172002742 -0.0387604092239274 0.020656956019688
0.020836948045879 0.00599328497042147 -0.0879603020666351 0.0257106542881101
0.0245671617294968 -0.00437780236170441 -0.0714672562924563 0.0131512885674804
0.0158724616698657 -0.0174695477546349 -0.0628075635561254 0.000409405202549207
0.00217916491901982 -0.0177474952757874 -0.0534139388888431 -0.0040473735510114
-0.00467687430216824 -0.0140529257998846 -0.0608875092735852 0.00123850419521146
-0.0101702279872206 -0.0128784450376972 -0.0570326638563123 0.013004654803469
-0.0134284319809559 -0.00913108909751816 -0.0523591529944363 0.00808976316269736
-0.0127977514172695 -0.00986662118374947 -0.0471007253280574 -0.00912504172966467
-0.0127922128425187 -0.0126978972780138 -0.044636556787278 -0.0310701745566688
-0.011239117148536 -0.01687845756027 -0.0261504839866091 -0.0546303823766248
-0.00439021351705226 -0.025172896144866 0.00135285732745628 -0.0657745883677231
0.00952149584731417 -0.0277368664606979 0.0366215636607032 -0.0486643576321493
0.0268380033530456 -0.0204200363056417 0.0386594569674877 -0.00660516684330456
0.036908763428393 -0.00468464559065065 0.00773660777409051 0.0201504356958353
0.0276469184640094 0.00669656843180575 -0.0506099907498086 0.0144731825200877
0.00230023566637948 -0.0135613517008129 0.0603544014586339 -0.0103624438155589
-0.0124893659775799 -0.00593222526511002 0.00489996303596487 -0.0277936387607152
-0.0132143046209054 0.0033146612563543 -0.0400263152929172 -0.00244526428162004
-0.00425029774200989 0.00618481766967391 -0.0528851340659933 0.0408471003334961
-0.00281381767778735 0.00289385664932739 -0.0158499838137177 0.0710023024432614
-0.00421162921313691 0.00363585929667534 0.0210722217356985 0.064771093592971
-0.00554775649488029 0.00504532730092375 0.0408601010243292 0.0437909007240975
-0.00885981762347642 0.00562016998062253 0.0535597046308499 0.0164147717155409
-0.0108280177044958 0.00438048634432217 0.0542698061731109 -0.00336459130939518
-0.0128969056047144 0.0013636045661343 0.0581254056493271 -0.0139045030425848
-0.0132950734416824 -0.00437529398736703 0.0617163225334249 -0.00663373848801655
-0.00808819798194832 -0.00874587292240096 0.0586173208267229 0.00518102312389547
-0.00735184107092465 -0.012908157793316 0.0650188172467023 0.00319378027130305
-0.00248923282168658 -0.0178959362178871 0.0750384831014278 -0.00447963811469166
0.011388408128571 -0.0173153542022994 0.0903427435461013 -0.0237443647267438
0.0314762032458669 -0.0149165309617762 0.0526408466324542 -0.00743391878002695
0.0126145509185291 -0.0146022601112254 0.0014648795048965 -0.0259965206483915
0.00501798540592348 -0.010672898900859 -0.0430047553431908 -0.0059997031945604
0.00295352401285874 -0.0119368408953903 -0.0562942591806016 0.036737688849775
-0.0069211610785149 -0.0156634327983271 -0.0225959642140808 0.0668617695772759
-0.0164953426371979 -0.0109697267901847 0.012124652263536 0.0643567745258467
-0.021992309710079 -0.00408010858862672 0.034015981146307 0.0450658713986062
-0.0286452256508087 -0.000111360593715408 0.0474371249180607 0.01711750896059
-0.0309487053412313 -0.00132683275226883 0.0451949174799033 -0.00357959472888975
-0.0349749359422329 -0.00745469773120284 0.0480918803311192 -0.0190682154659425
-0.034340301572443 -0.0221024938615422 0.0544164027056441 -0.0179791303476727
-0.0186025125499774 -0.0350980822621863 0.057098917107108 -0.0065846787982469
-0.00102681329181708 -0.0436782739053637 0.0645121697768044 -0.00267615853825736
0.0212613910658209 -0.0436981963365774 0.0691254803202407 -0.00405613948159948
0.0402036084953689 -0.0329699040995905 0.0787347507286248 -0.0179275318029439
0.058032289892318 -0.0142394213481274 0.0340887590327217 -0.00721566315047829
0.0388201139960213 -0.0220778738671075 -0.00938450358785597 -0.0267829742787778
0.0244434411548741 -0.026123468351374 -0.0508452162778428 -0.0105621525645093
0.00979191286325248 -0.0321989137457317 -0.0610972100577636 0.0322660421863967
-0.0114429406640763 -0.0346671641321402 -0.0288956681476629 0.0591949326719949
-0.0280487146687173 -0.0245515268734007 0.00205944751417381 0.0596467576979282
-0.0357522213534128 -0.0125878089541942 0.0226958227297864 0.0414863100167258
-0.043556148447501 -0.00698221761994543 0.0335913030722431 0.0161497884782518
-0.0461983154771461 -0.00767799004708769 0.0303186757914749 -0.0049755486224602
-0.0518760199950688 -0.0139060075702099 0.0319983067411342 -0.024553709263246
-0.0528800337170885 -0.034926084071668 0.0410318129276758 -0.0307529645702913
-0.0308250280955683 -0.0552649578360719 0.0527536824954674 -0.0203387972799618
0.000650248368394926 -0.0692917628199703 0.0630623157421136 -0.00653067857034592
0.0381507627326079 -0.0651396128573291 0.0621478616123715 0.00247724664803733
0.0627202106119116 -0.043363366607982 0.0593327109428877 -0.00751835612628412
0.0765643404326562 -0.0126568834996251 0.00615188867386009 -0.00645893886924546
0.0606059940380905 -0.029228917182832 -0.0257125914509898 -0.0265119730339146
0.0413153019439132 -0.0429162688977609 -0.0602774196673571 -0.0148342125439606
0.0127206801345044 -0.0520910231640202 -0.0640914933155709 0.0245553360080714
-0.0171311469646195 -0.0506151349321871 -0.0366623897073364 0.0462230158496743
-0.0377696141038907 -0.034361688652592 -0.0106850755065345 0.0498115691516698
-0.0452434700162504 -0.0187199659854661 0.00659875724784839 0.0351305826851985
-0.0521300178821043 -0.0124168955569704 0.0151310450828145 0.0130389599596393
-0.0543465391057806 -0.0132508028638847 0.0108330726829491 -0.0073908219205177
-0.0601305684629513 -0.0201955078602866 0.0126869909347783 -0.0287575537427771
-0.0611792071544568 -0.043351619811386 0.0244708848759948 -0.0416015081238525
-0.0359294199376882 -0.0665857194416083 0.0453642515968649 -0.0328024595897459
0.00346505546157954 -0.0835988456812184 0.060895628658959 -0.00909207639683945
0.0502908059977475 -0.0754526888733839 0.0536404862813367 0.0107369750610373
0.0752340286600787 -0.0458777085819591 0.0350554542333781 0.00541355969259952
0.0822952232805696 -0.0108074257512772 -0.0263007962411837 -0.00274660666840224
0.0701608000928181 -0.0342221347524565 -0.0457852944709199 -0.0209686422931169
0.0484373063271887 -0.0545352545277796 -0.0684876493797852 -0.0151067053022936
0.0109545496935491 -0.0640068541314959 -0.0638034872467557 0.0146726418234169
-0.0225446087568538 -0.0571475841003385 -0.0453340415127081 0.0303868795206525
-0.0430336693845085 -0.0384363337264751 -0.0258346501751131 0.0374234692942176
-0.0486605615840063 -0.021043645205408 -0.0114940086426156 0.0264813178118596
-0.0530731627746219 -0.0164334787354966 -0.0052817726818254 0.00755362408536726
-0.0537460587117696 -0.0181252191597379 -0.00959316074426217 -0.0115119427880923
-0.0588145851227407 -0.0251011540946506 -0.00555779262834382 -0.0336859488641902
-0.0567756678833586 -0.0481169954570125 0.00967412223502372 -0.0505287490743076
-0.0297435334241074 -0.0697071745072041 0.0392552926669273 -0.0410850456344018
0.0122967011649105 -0.0826901173497566 0.0565966984186059 -0.00857806887808836
0.0586522131037935 -0.070022167941512 0.0429896683474761 0.0202014226668428
0.0797944539309003 -0.0381844710228802 0.00691348590517724 0.0167793793851665
0.0731075508783678 -0.00804582280437306 -0.057975888481635 0.00422888548585105
0.0655815648351332 -0.0318746796148937 -0.0627053735638952 -0.0108694374183952
0.044057125276481 -0.0535054568367589 -0.0713677207177769 -0.0114992853438068
0.00677189609943012 -0.0609044679064788 -0.0611786462451165 0.00447336106120939
-0.0230419981738835 -0.0516265951402773 -0.0536883466468795 0.0132958360517568
-0.0398262045357631 -0.0339572864849907 -0.0413546237192275 0.0246570705767057
-0.0439015984690635 -0.0196592085228803 -0.0301151694960645 0.0172069098990178
-0.0456408624387319 -0.017159322745321 -0.0244171885906748 0.000450521861635667
-0.0451431679465781 -0.0207798165661167 -0.02729551362827 -0.017675024562954
-0.0474182324403597 -0.0288975517932537 -0.019132880873562 -0.0411012684760429
-0.0405759617094373 -0.0488644957766088 0.000628723430761446 -0.0581929727610676
-0.0133222006689404 -0.0633778418208975 0.0359184379378059 -0.047044994899184
0.0248071746731885 -0.0671031993277325 0.0507033062193774 -0.00614948537513228
0.0614253265826835 -0.050906075860041 0.0299326509459625 0.0264732489854474
0.0724242799631554 -0.0226111707427688 -0.0196989845479818 0.0213020812500796
0.0509567203783403 -0.00239658889812135 -0.0805277967355252 0.0133400405987648
0.0486959468744926 -0.021432292599975 -0.072392164696691 0.000836395461889539
0.0315319630188783 -0.0394768377446189 -0.0688697283490821 -0.00686116038750925
0.00308034113104022 -0.0437406225899904 -0.0568142394998283 -0.00356546801998029
-0.0167113500818609 -0.0354809109050886 -0.060098797602026 0.00237106179115729
-0.0283422917048994 -0.0250011014392082 -0.0532091287183278 0.0151035165539079
-0.0314735993272185 -0.0149179312522097 -0.0449728813805633 0.0103718197894963
-0.0310555163148412 -0.0152521039107295 -0.0396862531437657 -0.00576170657362525
-0.0304230584579224 -0.0196684183694986 -0.0391850608706044 -0.0257707463692502
-0.0292491625336269 -0.0260620022247202 -0.0248502103357861 -0.0493742576157259
-0.0204763103771191 -0.0409850254292559 -0.000622107312704727 -0.0639420050771635
0.00270738508095588 -0.0476216342586875 0.0363530368799711 -0.0496836241188886
0.0315176635351888 -0.0435119579341986 0.0442234918923049 -0.00437737370760039
0.0542691375832342 -0.0260512613056763 0.01704402511016 0.0255311374294738
0.0536414349924675 -0.00535868015583018 -0.0400774121541757 0.0194370878368087
0.0216323679684448 0.00675536750392765 -0.090922425330716 0.0215489093425283
0.0254586601017678 -0.0038431653015472 -0.073510613087193 0.00993789256338474
0.0167382099831814 -0.016399445607933 -0.064800424958806 -0.00251650662864196
0.00278865672239273 -0.0178352922059239 -0.0545517686207259 -0.00704080018805367
-0.00358566681587718 -0.0146769966465946 -0.062584543840177 -0.00125600989376807
-0.0102206968140709 -0.0134903691138031 -0.058958221242678 0.0116136380383918
-0.0128366564894594 -0.00986295634475946 -0.0536846855045699 0.00639727332003708
-0.0126382614737197 -0.0106781709708154 -0.048154783714513 -0.0113825755294231
-0.0122045678264795 -0.0131427739347521 -0.0444461373872471 -0.0336336677789662
-0.0104092663518256 -0.0176832640513061 -0.0246553075755889 -0.0566433726182843
-0.00339298248995892 -0.0255332624760054 0.00414327401227992 -0.0675000584961195
0.0109193293576707 -0.0280535333941813 0.0399397556657212 -0.0477822890294776
0.0287546177780775 -0.0196605235771546 0.0405204873990055 -0.00393026570723578
0.0369246899194477 -0.00330943613678609 0.00734521393970585 0.0205145929581247
0.027519473938246 0.00835168515782935 -0.0519321074857177 0.0123887972411316
0.00285934742331826 -0.0146954243079254 0.0643151209174093 -0.00986932093980204
-0.0123638251393215 -0.00642311835776773 0.0053709646824392 -0.0299044544482281
-0.0139596636768465 0.00323643769608377 -0.0424521047558362 -0.00455236938166494
-0.00457784663921237 0.00611480264813362 -0.0574298912405588 0.0419317093357619
-0.00299854488968719 0.00227245080763007 -0.0175905115263342 0.0745476907149727
-0.00510803271878682 0.00354643852589522 0.0211449065122861 0.0687418520575403
-0.00599379245363126 0.0051969183883636 0.0429256949889672 0.0470821968515574
-0.0099223100197408 0.00592697384556552 0.0564604903116099 0.0181146288880595
-0.0114924980112024 0.00416382500325531 0.057399727142805 -0.0025960560717109
-0.0140160018714943 0.00128251589749522 0.0620435647465281 -0.0133217822698984
-0.0139167527201562 -0.00461670761234042 0.065286427325019 -0.00613835777302662
-0.00866984677519513 -0.00930444221611365 0.0622647976643648 0.00666405312509531
-0.00796722410140628 -0.0139320457611973 0.0687607601707126 0.00469176443036107
-0.00149641938460507 -0.0185237969108068 0.0796777227697014 -0.0023881200309126
0.0124303022903642 -0.0183554171075931 0.0960826974303583 -0.0227974422968207
0.0340009435443711 -0.0155809212351919 0.0560544899229992 -0.00733113241429491
0.0134124685073285 -0.0153824580243885 0.00219193513405612 -0.0274654569084148
0.00509064853100206 -0.0110025424229481 -0.0457332925921701 -0.00760968765706063
0.00295467081732769 -0.0125627792988216 -0.0607692483748367 0.0379972621259409
-0.00713775694569283 -0.0165532247784718 -0.0252587884728486 0.0702446964975209
-0.0177482124419524 -0.0114771761509264 0.0120519718406287 0.0685704258592861
-0.0227116685564199 -0.00453867943025243 0.0356541273902303 0.048178826163866
-0.0304191412537889 -0.000961897644418174 0.0496032611879377 0.0186514821974546
-0.0326262561414895 -0.00279200610046214 0.0485702772269922 -0.00296441573882859
-0.0373638997784226 -0.0089334436825723 0.0514945151859334 -0.0193813372871591
-0.0361438682039104 -0.0239658529257778 0.0576287562652955 -0.018132817148567
-0.0191097944910573 -0.0377000103628971 0.0612043070310233 -0.00536127342068676
-0.000388005098137489 -0.0466514216972175 0.0689112990438113 -0.00096664176694756
0.0231805088467508 -0.0456697974872545 0.0739000309132692 -0.00158885454513835
0.0437068259542517 -0.0336578156557159 0.0838718026051193 -0.0168226865931245
0.0618317417415346 -0.014476767952114 0.0358250312024659 -0.00720053186417435
0.0413084928939424 -0.0223143196747742 -0.00859959339175938 -0.0285362477406417
0.0263884396320792 -0.0266855111605105 -0.0539502732496746 -0.012949890188401
0.0105202270614463 -0.0340267794447635 -0.0655210952227375 0.0323656548288693
-0.0115517754698014 -0.036863545909691 -0.0328457412880384 0.0620607506677944
-0.0291632547772108 -0.0260705317584751 0.00184698305325355 0.0630988655022355
-0.0376894139458599 -0.0138362047646594 0.0234523776616254 0.0439898284963713
-0.046553050637209 -0.00782473250779757 0.0357061143485363 0.0176269591440051
-0.0489061366768821 -0.00831258200595809 0.0322620534454364 -0.00440496396832819
-0.0553120849935563 -0.0152810959837429 0.0341807776588234 -0.0251010316817458
-0.0551944526154477 -0.0368489226686971 0.0437500296846203 -0.0321885929281575
-0.0310466958614446 -0.0587465809055097 0.0564996997849784 -0.0197797465548367
0.00210434220050822 -0.073245012473987 0.0680831408279478 -0.00536835093769359
0.0415451588144308 -0.0684703770609842 0.0664857473328403 0.00408831613704222
0.0677269988616142 -0.0451744347582916 0.0633009036662962 -0.00618125654738194
0.0810197006380609 -0.0118983306235063 0.00738793350453547 -0.00662209440278675
0.0642183884679517 -0.029811141139569 -0.0259386295132759 -0.0288733755010863
0.0438795590700289 -0.0439750089028343 -0.0640230046472452 -0.0173987651933414
0.0144734439719 -0.0547002032595864 -0.0682530305303474 0.0235742264811845
-0.0175073488184353 -0.0532996032629524 -0.0408229338307635 0.0485043000922313
-0.0395932820897205 -0.0369615168247057 -0.0125002344391127 0.0525738818818788
-0.0483416205761437 -0.0196873533706204 0.00658924815089427 0.0372464674875963
-0.0553344117563898 -0.0137161999452914 0.0159456136976579 0.0135403352381251
-0.0575010776191996 -0.0147634194117217 0.0119966036369623 -0.00738032299430776
-0.064170189625997 -0.0217464100226123 0.013984786886139 -0.0298215017127608
-0.0642868490070797 -0.0466426365697687 0.0261674888154142 -0.0440186358929321
-0.0366764850440545 -0.0710614533063351 0.0494678870444867 -0.0333006693045722
0.00466519947954834 -0.0881667882277885 0.0654075581173284 -0.008223670759618
0.053869291528051 -0.0789806287622023 0.0577317672461011 0.0126788032589774
0.0817383935845447 -0.0470775785259256 0.0369454935339934 0.00657249726181343
0.0873077458389566 -0.00996101643294182 -0.0278880815032435 -0.00391551799751379
0.0746178758138243 -0.034600135516184 -0.0466588225063143 -0.0233239074061489
0.0517068547953196 -0.0562076583690491 -0.0718690611689615 -0.0178101557695036
0.0123453131385961 -0.0671787995462805 -0.0687688843358657 0.0137304712680057
-0.0232718883495923 -0.0602249919689034 -0.0489314482244958 0.0310406004407234
-0.0444493592759152 -0.0405928367528604 -0.0280059232091078 0.0390086287759328
-0.0515851374323276 -0.0228341202842176 -0.0127731065029952 0.0273227895186048
-0.0559574623186333 -0.0174306915465605 -0.00542064668703141 0.00789196356297496
-0.0572855390105145 -0.020005426916548 -0.00961800274169497 -0.011949145895099
-0.0623575648937846 -0.0273616550319593 -0.00569337497009014 -0.0360136521873251
-0.0599932701873232 -0.051230563746316 0.0105348467570176 -0.0532654756850105
-0.0301678476568592 -0.0740507851998223 0.0421121342593008 -0.0428024163489983
0.0140325144741694 -0.0872345317752384 0.0609779570929552 -0.00719959941792326
0.0632721126886836 -0.0732353082599731 0.0456773055376613 0.0229438595084455
0.0856042431301781 -0.0393330132725187 0.00733400695049948 0.0177761286201926
0.0775424028252912 -0.00688646376348625 -0.0609544657085127 0.00326026180559343
0.0697995231421695 -0.0324413083962031 -0.0654293111913851 -0.0129195384990565
0.047329974641914 -0.0554323603037908 -0.0750356791373711 -0.0141317138563845
0.00732202725588034 -0.0638852028517741 -0.065201047741858 0.00307948797794192
-0.0238311413282954 -0.0549015750481506 -0.0574798715774365 0.0132921459351372
-0.0419508175523464 -0.0369802939141559 -0.0439915121151508 0.0251203548968522
-0.046023471579662 -0.020824799148482 -0.0326757139157344 0.0178907573674614
-0.0476998387516433 -0.0187210040205452 -0.0262742714182221 0.000394965770043809
-0.0475213771441104 -0.0221817357123305 -0.0286916353678855 -0.0186838622653984
-0.0493405162038421 -0.0303803069966499 -0.0195479983451892 -0.0431347310559847
-0.0424287281730807 -0.0513738980506528 0.00146020183419314 -0.0611076502634403
-0.0133589132384625 -0.066901190705206 0.0390390352743901 -0.0489698071461462
0.0272699265795794 -0.0703283051901065 0.0549306360617498 -0.00503065385250635
0.0654172238397862 -0.0524226028847342 0.0314822867951658 0.0286892035991819
0.0771073274485261 -0.0228238351752484 -0.0208318558240791 0.0225119403895746
0.0537372664670687 -0.00124771607435683 -0.0858243412601489 0.0128739933610148
0.0510770126711176 -0.021404688369369 -0.0757571159533428 -0.000740419062460594
0.0339026579983965 -0.0411604970419111 -0.0727308193061948 -0.00924792321442778
0.00412077823496013 -0.0457368012331323 -0.061275565452267 -0.00549801505245453
-0.017178832313825 -0.0380311708762592 -0.0640208846906938 0.00201954111795933
-0.0299209533421446 -0.0263463838433379 -0.0562426664406413 0.0151929477189836
-0.0326436677175939 -0.0157245843406584 -0.0485607143719316 0.0103041864128104
-0.032894958620574 -0.0166287523183065 -0.0421683592213897 -0.00648533162345363
-0.031867757706417 -0.0208011665558648 -0.040887003603776 -0.0271790869700875
-0.0306238015585834 -0.0277491210446579 -0.0261655850499284 -0.0520170686134434
-0.0209096712013042 -0.0431155104549887 0.000265442786786895 -0.0677156339124197
0.00381575040646357 -0.0502846348190858 0.0392852184574119 -0.0507539114761011
0.0341667548280518 -0.0448586931950961 0.0480784328980098 -0.00297965688100154
0.0574353187958628 -0.0263286191401594 0.0180911534490611 0.0279375923121161
0.0574146195397826 -0.00468753695820792 -0.0430501854661123 0.0202019698664843
0.0225628778599959 0.0075515552296329 -0.0964580169448018 0.0204920277686569
0.026216701661412 -0.00360505991353774 -0.0775882031265555 0.0081084641640884
0.0176609470979957 -0.0167121689042721 -0.068541763590633 -0.00437673662343504
0.00340342278673604 -0.0183710613722893 -0.0589139481025043 -0.00946538350403731
-0.00390211641461758 -0.0151020363113768 -0.0663585000979979 -0.00256202616566687
-0.0108560725721997 -0.0140635877328671 -0.0628249425984074 0.0105987032541055
-0.013516063119388 -0.0102000854169115 -0.0575087087989639 0.00605348826469923
-0.0128153770714389 -0.0116531691999643 -0.0509509919072496 -0.0119355287056715
-0.0132600481708858 -0.0143752062224989 -0.0469268235991057 -0.0347679201950716
-0.0107634069594067 -0.0188502934432046 -0.0251719498708226 -0.0596859033125128
-0.0032126754575148 -0.0274895052811824 0.00521985319056101 -0.0708752822691315
0.0113895972112987 -0.0294044491792639 0.0428358481891295 -0.0492664684349555
0.0304945871886124 -0.0201009268756006 0.0430799184721896 -0.00273939540193334
0.0395024609255046 -0.00294165109857277 0.00811547571011555 0.0221111342545171
0.0292504886866343 0.0093853640433974 -0.0552889390091896 0.0117163497412409
0.000883625064602615 -0.0160243743321125 0.0677724000899113 -0.0203228656608313
-0.0141852972100363 -0.00483133051644319 0.00190891210671551 -0.0329946269458921
-0.01405480597329 0.00558112940205748 -0.04619256860405 0.000781194790765522
-0.0039981412050169 0.00611605830324542 -0.0535623067249282 0.0541584438413989
-0.00383545719142749 0.00258262088478258 -0.00700465078334818 0.0814364657983987
-0.00513763888579085 0.00431767978386926 0.033426237567182 0.0690422954583491
-0.00537866014889495 0.00619252728170503 0.0540720691183088 0.0431013580164245
-0.00945968303565341 0.00854865747148403 0.0624579228530304 0.0100395050966245
-0.0116737308780124 0.0073954452829442 0.0611490277686066 -0.010919882428001
-0.0147203405464019 0.00384761900351481 0.0630562789763487 -0.02339238683617
-0.0158193578532919 -0.00219215493284202 0.069132804494425 -0.0152758574261504
-0.0108384404555541 -0.00905144072179668 0.0684022723933017 -0.00137870533264959
-0.0105769622664463 -0.0128473876283654 0.0735901724194027 -0.00435609892050728
-0.00468712897260206 -0.0196704055504417 0.0834399405431217 -0.013074887435214
0.0100287933032681 -0.0217056170831511 0.0994421141949587 -0.0371472136514217
0.0341074635776706 -0.0224220456200333 0.0574467049894723 -0.0137945417050429
0.0126072458371864 -0.0178161054281761 -0.00258331155408749 -0.0287989701267926
0.0039988354288895 -0.0120204620893513 -0.0506085203748284 -0.000658090367348532
0.00149700117111096 -0.0147485676479484 -0.0581881103998071 0.0504189464268575
-0.0109269584206791 -0.017525885690213 -0.0152868734001439 0.0781368901867609
-0.0208220378239833 -0.00950140066883806 0.0250042958142067 0.0710781699745454
-0.025225279460966 -0.001323686509357 0.0472160965686155 0.0459956586856204
-0.0318345967531304 0.00379234050502259 0.0553899093956426 0.0124602959686876
-0.0348415929295851 0.00249551572363599 0.0512944942238327 -0.0103751278245228
-0.0404962463212797 -0.00315561278691651 0.0514580206582593 -0.0277526873178529
-0.0417687288041694 -0.0184767823815561 0.0591558705298367 -0.027400755048329
-0.0260193235916488 -0.0372690093382162 0.0648432289140898 -0.0138246699421435
-0.00806402340706053 -0.0481905585835714 0.0722568901933068 -0.0101849935919683
0.0167582356457447 -0.0510930999191928 0.0765854631883125 -0.0124047399996875
0.040844718100789 -0.0422656773119252 0.0874751339702464 -0.0290497280616651
0.0640840600458207 -0.0257014265329125 0.0352981144336421 -0.00903228082498555
0.0411246466772508 -0.0293166437549574 -0.0139459801937077 -0.0273399163715693
0.0242255131369966 -0.0318192644429247 -0.0606113800079098 -0.00340403812813461
0.00679582732344707 -0.0378146448862194 -0.064038602676984 0.0460117283581431
-0.0183433592300578 -0.0372337689621919 -0.0238575659437928 0.0718428351740299
-0.0353871364498467 -0.022941756190133 0.0132905612105411 0.067485515793078
-0.0415978124019906 -0.00879275153787034 0.0331663457341214 0.0445349753016851
-0.0497923203792131 -0.00143753861108922 0.0402453376065857 0.0131542257300151
-0.0532219891725751 -0.00118132699204627 0.0340894361515684 -0.00958869093730323
-0.0604909106458544 -0.00745376576670444 0.0320024041022862 -0.0305852745462965
-0.0628969862696002 -0.0298468928086793 0.0420862039005617 -0.0398070334811775
-0.041348454418693 -0.0568879755322063 0.0578719432196701 -0.027465523809722
-0.00917274312954072 -0.0761230040419732 0.0710292700127557 -0.0148424397526115
0.0331154416656683 -0.0772217091177088 0.0697125202580096 -0.00566258250844924
0.06344160391567 -0.0565261528002621 0.0669959656505297 -0.015279256205179
0.0854401772262442 -0.0261723788322016 0.00307066684272317 -0.00280791825368079
0.0646277587986234 -0.0405740267905037 -0.0336115844484866 -0.0245155420396101
0.0410406049532144 -0.0528337014898011 -0.0724821888493519 -0.00506258545190765
0.00751029075496584 -0.0602501812897669 -0.0689480680296746 0.0400808155239744
-0.0264781198917691 -0.0537656331480949 -0.0339872731531992 0.0601131627730695
-0.0473241372080928 -0.0328957602868705 -0.00201644578377373 0.0590353070039401
-0.053494482406926 -0.014467872385688 0.0145048404481253 0.0393101819134013
-0.0605265152975438 -0.00624289434416265 0.0192669308506444 0.0120357256470589
-0.0628205335831378 -0.00606613899023664 0.0114942154713931 -0.00864991420969328
-0.0706030505240814 -0.0132763592460279 0.0100544321864355 -0.0328917651583933
-0.0735561249472218 -0.03763360348821 0.0219738068254001 -0.049352392093968
-0.0487387498441575 -0.0686471370218523 0.0477721609802355 -0.0404762995487632
-0.00878202541885999 -0.0919832738875972 0.0677628604610273 -0.0172229898135797
0.0445931342473084 -0.0900147580919648 0.0612329129590169 0.0047591283005256
0.0780653289320168 -0.0614119126811115 0.0408995136728711 0.00239711981932822
0.0924117669144702 -0.0260278796358076 -0.0348642544238168 0.00644849413853409
0.075613679999241 -0.0476660512241184 -0.0548425025360537 -0.0155360458035536
0.047489557988041 -0.0670849042355711 -0.080943042883933 -0.00321862467028819
0.00421179322505549 -0.0734386106584507 -0.0710032415927987 0.0293004252276813
-0.0333538399291649 -0.0606798815545391 -0.0454367284745925 0.0441849572989001
-0.0535447022376668 -0.0362571644933089 -0.0210511260812703 0.0469909659483896
-0.0571921335544351 -0.0163975214916995 -0.00802585926630361 0.0327786431673856
-0.0616389248847378 -0.0102528990059862 -0.00474910165211149 0.00919372492664638
-0.0630352517808768 -0.0115926593628356 -0.0120227858786701 -0.010521778882736
-0.0688982959254566 -0.018958768393539 -0.0115820527716624 -0.0357788170987598
-0.0696066484688076 -0.0434958738583215 0.00382651717547899 -0.0564997971941275
-0.0421274215969865 -0.0726704078425083 0.038803882971924 -0.0498863591391541
0.00070642978874315 -0.0919668816901346 0.0627905828893828 -0.0159673539782384
0.0549505681287852 -0.0858219669618926 0.0504477425084909 0.0162448423419546
0.0837023880473085 -0.0527325282096036 0.010924095680117 0.0172974220833675
0.0827144205479694 -0.0210838173975237 -0.0692799153388268 0.0185069457773149
0.0704269021817041 -0.0444776870195553 -0.0723541670883278 -0.00163355147114656
0.0425853502366184 -0.0656889918581449 -0.0832722439428074 0.000898148110714948
-4.53731270326098E-05 -0.0694151385501692 -0.069672707428089 0.0169445255600467
-0.0325007398218197 -0.0546060509721349 -0.0579707317053307 0.0271656084097838
-0.0496206400240354 -0.0319803733838562 -0.0404723489568527 0.0353012266803401
-0.0518733618868403 -0.0155163458157216 -0.0308727091242068 0.0258746079122575
-0.0531755638653986 -0.012550690707059 -0.0270818513390997 0.00483584135419909
-0.0534432142997389 -0.0164386491172388 -0.0331524444898844 -0.0153459958661636
-0.0555563523087874 -0.0245751025913474 -0.0272709128873103 -0.0422036178083067
-0.0515861638333161 -0.0463816922742091 -0.00722340148243824 -0.0638106507090841
-0.0232849011547449 -0.0675261993263849 0.0342867444801979 -0.0559404966164083
0.0169192284363533 -0.0767346923334351 0.0566812859974232 -0.0127668838744338
0.0602348556537907 -0.0648349685292305 0.036671425423788 0.0245426964476649
0.0771462354742816 -0.0345477443464965 -0.0183529338328485 0.0268013287825015
0.0586184317979593 -0.0116021791586067 -0.0927864443414855 0.0300581971314148
0.0529065235834821 -0.030695865922718 -0.0818899099298495 0.0118316877024725
0.0302779078718836 -0.048172961699938 -0.0798668123449916 0.00476902325445706
-0.00131932281572024 -0.0494595301738367 -0.0668228507041989 0.00608536066398971
-0.0228177268652391 -0.0378707902024906 -0.0669717860139649 0.0143813511807929
-0.0353794108733116 -0.0236020714385851 -0.0555317170237482 0.0260723901285725
-0.0370818262846579 -0.0125937833310903 -0.0493057797132337 0.0201597482615036
-0.0369195295285634 -0.0128151934015975 -0.0453685217431809 -0.000329290870021593
-0.0363383571729946 -0.017280950472702 -0.0481038825251525 -0.0215300604506532
-0.0349036969506384 -0.0244030876037402 -0.0353429006655768 -0.0500422682872116
-0.027721626057172 -0.0408572195173514 -0.0102287487130342 -0.071356960257587
-0.00307696738612319 -0.0527141227956296 0.0343870689410658 -0.0588173852385647
0.028683221173686 -0.0515313159037731 0.0503916107321517 -0.010337475472001
0.0561127602624357 -0.0359560264610042 0.0228561088252873 0.0256823267563748
0.058976915461711 -0.0134995609634596 -0.0422597858835755 0.0274250294247516
0.0262531699735588 0.00328593034504152 -0.102353948839005 0.0389961210609882
0.0284815754049584 -0.00832554925935325 -0.081571613852539 0.0203952930427048
0.0163566245907535 -0.0202877560578794 -0.0744079488637138 0.00676941147083631
0.0025520398306048 -0.0206196378685365 -0.0645243190985907 0.000418355464999552
-0.00592951260757626 -0.0166718414185487 -0.0711790260420018 0.00922487613275293
-0.0130554072358749 -0.0131887810045318 -0.0649884887449561 0.021842936801649
-0.0156451981363699 -0.00917631441520466 -0.0602679535200574 0.0165089165394007
-0.0147115798206174 -0.0107789542211908 -0.0561036451964652 -0.00477984388479039
-0.0145975880472411 -0.0137128910540951 -0.0544503305790916 -0.0301164807902893
-0.0132319762230591 -0.0176913235470972 -0.0357262514998528 -0.058933916237414
-0.00663059898310313 -0.027176207302109 -0.00497453116949135 -0.0754276402904978
0.00819452044343108 -0.0318247583445756 0.0386121002759512 -0.0578674821490983
0.0286296234765602 -0.0253893050114476 0.0457315037894192 -0.00937059031211765
0.0404432596708166 -0.00858297303597806 0.0122795047381653 0.0214249462712254
0.0318104441449288 0.00583546389055294 -0.0567907869485889 0.0204767506834278
-0.000610436177255712 -0.0174369942801403 0.0686984938017293 -0.025597719733507
-0.0142936845259677 -0.00444662582154444 -0.00126396923198725 -0.0346063979879605
-0.0133674389786102 0.00665187733193245 -0.0476145017070754 0.00425557413516599
-0.00363071159583512 0.00656026107233842 -0.0515505213271443 0.0598262041132726
-0.00423684719815209 0.00263610904129109 -0.00143296770963413 0.0836831362227663
-0.00505134449825552 0.00498671981789795 0.0397185405072065 0.0680962757861526
-0.00518758909769387 0.00702880408376246 0.0596412085463843 0.0401676261470044
-0.00940331504093986 0.00963175903751803 0.0654566486991501 0.0056188563191108
-0.011655594420637 0.00820008297491644 0.0625123825271145 -0.0163761609155483
-0.0149926484463672 0.00532435102335416 0.0630924702502421 -0.0287365146900246
-0.0166839766338492 -0.000624098419503647 0.0690566589707265 -0.0212977254598661
-0.0118859302732381 -0.00868321926113548 0.0710083579525286 -0.00634795610132882
-0.0113290268103546 -0.0127348749446983 0.0754794770647326 -0.0101799245350739
-0.00644069612495405 -0.01954194185431 0.0852067288835471 -0.0188159064727177
0.00859969691673915 -0.0234008900876766 0.100074196397587 -0.0450879466850634
0.0332295980082343 -0.0258149670942059 0.0591437751987278 -0.01860506081446
0.0118983302526259 -0.0191763227140785 -0.00439684598227372 -0.030304058426963
0.00338805633824857 -0.0121087436661048 -0.0523556120082393 0.00282196454884671
0.000625952907973017 -0.0151456365709407 -0.0564319134676456 0.0569176826968866
-0.0126922638917908 -0.0165626239396081 -0.010401064487086 0.0818195108551355
-0.0217651024275196 -0.0075618494302394 0.0307960715552269 0.0710176623075187
-0.0260529562385521 0.000384968926622761 0.0522286512702487 0.0436476106282648
-0.0328194280883992 0.00670552302092651 0.0577394621203707 0.00819156199212679
-0.0356166202662498 0.00639785782450197 0.052110534640475 -0.0151261977504542
-0.0419380056880352 0.000618721370934681 0.0506528900357606 -0.0323610439501332
-0.044340063938504 -0.015733052229712 0.058628517901286 -0.0327609056158668
-0.0296044778199545 -0.0362370939243443 0.0663657348288215 -0.0183612398067517
-0.011252521605506 -0.0484212740705083 0.0746504095571466 -0.0156642692279937
0.0131008761305276 -0.0540467044804079 0.0784975459823369 -0.0175012961498734
0.0386785699442975 -0.0458870948235754 0.0884674200068802 -0.0365165094238345
0.0637260728704274 -0.0312182269124171 0.0363209409914711 -0.0118809589255268
0.0396271641016333 -0.0329320407019568 -0.016075663370301 -0.0279166599763542
0.0228859486836294 -0.0340538009860178 -0.0633881353454524 0.000704589289947588
0.00389951615551041 -0.039284263443201 -0.0633272787746074 0.0523873381691156
-0.0219580508573516 -0.0365756340722918 -0.0195062232662435 0.0755855341589716
-0.0376695726087214 -0.0206278569981563 0.018611262687947 0.0683790530365695
-0.0436297106538189 -0.00573497187032904 0.0376925789961989 0.0426482153444416
-0.0515818314368354 0.00295080291605087 0.0421485659320338 0.0104309337936726
-0.0553013161039817 0.00349189299746651 0.0347133393182295 -0.0124727975782188
-0.06326713178319 -0.00214976986986024 0.0311620677337025 -0.0343617120295788
-0.0672228165553373 -0.0248392610292813 0.0398146912616518 -0.0437993077543874
-0.0473053211743692 -0.0554372538676713 0.0580106652130397 -0.0331217572730833
-0.0156185651439446 -0.0773654928789942 0.0724853585048647 -0.020986987531562
0.0276704628488569 -0.0816987520894794 0.0715852401721575 -0.010563530156069
0.0622036883603536 -0.0631018696774516 0.068548733983131 -0.0204698765173949
0.0858961983441322 -0.0341703030582746 0.00310358651421953 -0.00352534028396408
0.0631635938778859 -0.0467233445741898 -0.0350360822147573 -0.0237044973973405
0.0381630721060533 -0.0568440933946243 -0.0752497760627165 -0.000629686004873682
0.00331867667740341 -0.0622248760838372 -0.0685736265498285 0.0458365685767567
-0.0315132684526181 -0.0526163524733683 -0.0312349511358828 0.0648011206269444
-0.051173349186796 -0.029556921411842 0.00227396766681797 0.060885778255128
-0.056179113317521 -0.0102277438545725 0.0181746186944211 0.0393264314721717
-0.0628136583847428 -0.0010420621244974 0.0209210291653889 0.0109036602364054
-0.0657161857610832 -0.000436295832396848 0.0113009734949114 -0.0100854650791905
-0.0740755052498708 -0.00678187826886233 0.00778037646410534 -0.034924617339841
-0.0785500597324743 -0.0323328581183157 0.0181109795373261 -0.0521691831782944
-0.0560889180517389 -0.0665811672504054 0.0471087965447879 -0.0457642366184031
-0.0159893046817678 -0.0935832285958555 0.0690142088449405 -0.0229783045936212
0.038216633928161 -0.0965011653582104 0.0639267150986528 0.000416537901643556
0.0763293822314043 -0.0693153129227278 0.0426729724929657 -0.00137382596461206
0.0932585848252797 -0.03384262426552 -0.0346674591177037 0.00861264254426889
0.0738618494406194 -0.0545130944501487 -0.0569446820379625 -0.0125046570705132
0.0437963772576298 -0.0718591101569765 -0.0838026887281182 0.00215410114870197
-0.00143739628306495 -0.0758520253127055 -0.0712287898250952 0.034927290061941
-0.0389992390298447 -0.0592064849745044 -0.044067621018309 0.0492655764811533
-0.0578843210025611 -0.0323798552328087 -0.0177317651515804 0.0500440124674907
-0.0605906875875231 -0.0117894551934295 -0.00568725113774354 0.0342762836567834
-0.0641278790394025 -0.0049119225689257 -0.0038816845432464 0.0100593869909576
-0.0658231352717937 -0.00609568793868047 -0.013217245490451 -0.00971007334778174
-0.0725047669740652 -0.0134129775123589 -0.01466764769861 -0.0357057908460974
-0.0752311508651721 -0.0387702058664103 -0.00118534192001506 -0.0574893928377097
-0.0489930642618159 -0.0711506224631665 0.0367629857402591 -0.0540045724839034
-0.00593575383813603 -0.0946653243093036 0.0645214976604578 -0.020964875403508
0.0491869954079094 -0.092037859399362 0.0541268390152756 0.0128592004241118
0.0822463162205361 -0.0609136442596399 0.0128539090637577 0.0176652434850317
0.0836728368099064 -0.0288588837433632 -0.0696083961673499 0.0238717515778257
0.0690847191945242 -0.0512545142607315 -0.0743050967625033 0.0027431101945178
0.0387789614024531 -0.070562178013946 -0.0858189469648812 0.00651709965068518
-0.00548297029786702 -0.0709744851587611 -0.071530869713388 0.0223739972130206
-0.0377218409500299 -0.0535463974477614 -0.0575379014763075 0.0326721821969458
-0.0537854976454835 -0.0285868559500522 -0.0390274865219015 0.0392486626801096
-0.0537846365930115 -0.0112967334879206 -0.0299381000534097 0.0290631393489225
-0.0555359615447687 -0.00903841314005786 -0.0281521621244443 0.00763316547173955
-0.056268207768407 -0.0117192085134379 -0.0352443499798662 -0.0118620409360264
-0.0592358025337638 -0.0204101663608716 -0.0314033062747549 -0.0401568932834688
-0.0565059610961099 -0.0427224829837652 -0.0132624297842868 -0.0645184206007598
-0.0292285422996984 -0.0673504796115975 0.0311719389130565 -0.0596723153508661
0.0118607959722631 -0.0799744540146591 0.0587157092722449 -0.0176791486189392
0.0563873992956035 -0.0713013260173435 0.0405711361866233 0.0222909473019055
0.0772508578491944 -0.0423246482891393 -0.016724612705782 0.0285352837422598
0.0591772544008328 -0.0164951601619001 -0.0934445907097528 0.0379976726995507
0.0520351806771504 -0.0357017855462774 -0.0827775923022487 0.0176820849463582
0.0279355906732668 -0.0513276295249689 -0.0816975346710846 0.0105134906694555
-0.0050078230377791 -0.0502882853418154 -0.0692890426356271 0.0112573159252646
-0.0263920986620894 -0.037176402570499 -0.0678279984083603 0.020237054437735
-0.0378661663953377 -0.0208375268144873 -0.0561388595100858 0.0315568463823836
-0.0389207657102208 -0.00959165947265086 -0.04931800170516 0.0255496157460054
-0.0388617878834451 -0.0104958791634976 -0.0464909665510193 0.00444540769735239
-0.0387834853842005 -0.0144845843202535 -0.0509337842619789 -0.0176057013942603
-0.0382030100556139 -0.0223060180012602 -0.0403609445376261 -0.0485057850100403
-0.031799002769018 -0.0394464101998189 -0.0165292915410121 -0.0715557405710804
-0.00721922183247137 -0.0535338233744311 0.0307767261068774 -0.0631100890735134
0.025762651050163 -0.0547885293254626 0.0518645596111112 -0.0142871399890289
0.0545408014641384 -0.0413099543770605 0.0258004238268307 0.0246112055860047
0.0598062081487999 -0.0186896537130195 -0.0412634245631797 0.0310308291389137
0.0268181205543554 0.00165825409031178 -0.103105140470381 0.0475624561494878
0.0288193926946535 -0.010761112390408 -0.0827596981022121 0.0266919414691149
0.0156562991936165 -0.0216459921258591 -0.0757538084768681 0.0127967228733278
0.000373394791753899 -0.0213075527288295 -0.0671881726252663 0.00547292957511996
-0.00718250159174042 -0.0164000387220729 -0.0725164675410069 0.0158765185195603
-0.0147014992079846 -0.0124580270511399 -0.0649120598507976 0.027614497766869
-0.0169514484279684 -0.00805395003656984 -0.0612924371753336 0.0226786143242683
-0.0161833550857248 -0.0106582408631756 -0.05802689384765 0.000299073635749349
-0.016635585415208 -0.0126082735720698 -0.0592246579738667 -0.0256937368860463
-0.0145515884696886 -0.0173595858621293 -0.0412868565873979 -0.0576557853859286
-0.00920770657796537 -0.0271231460282278 -0.0109767006505349 -0.0769256712895545
0.00608935186529449 -0.0327827787320177 0.0353244040569772 -0.0622704499796106
0.027278903616768 -0.0276748692015143 0.0470722106869316 -0.012995058782117
0.0409643008681493 -0.0119034798508769 0.0145428905267308 0.0217211876586629
0.0331139458096203 0.00364059713879796 -0.0567110174176896 0.0253861202275324
-0.00187876377240201 -0.0170351055194275 0.0654948989931297 -0.0303503679409413
-0.0147335472473833 -0.00334020254224116 -0.0037848732087313 -0.0340345535630524
-0.0124779654484174 0.00762297809890096 -0.0472323699396609 0.00726168160057739
-0.00315285135303528 0.00612837678546053 -0.047009028029313 0.0628657837539878
-0.00410205146937261 0.00325427668488121 0.00412889551075746 0.081710319020135
-0.00408215008956021 0.00532995077491973 0.0432512701114083 0.0638098934363449
-0.00419745379087717 0.00718023551300319 0.0612509779157482 0.0346266563027093
-0.00826241297289482 0.00969854163824947 0.0643937734296047 0.000110929418886986
-0.0109401731717434 0.00921318362003888 0.0602602229680655 -0.0204095020654435
-0.0146579979405481 0.00666573803978462 0.0597767679554161 -0.0327502659422838
-0.016168374028219 -0.000194709581932494 0.0666259212641006 -0.024876580612438
-0.0119981174439794 -0.00775727310378366 0.0698204607264133 -0.0114197485432502
-0.0118684144656601 -0.011735019952529 0.0734410253663919 -0.0147735884194048
-0.00770894171075788 -0.0189435234503209 0.0824414704424749 -0.0236199190341422
0.00674569209457156 -0.0236495258757141 0.0948478684735809 -0.0504955925198134
0.0302364964625964 -0.0275783037165303 0.0569560489800695 -0.0233014091055299
0.0101481666330832 -0.0198071902548075 -0.00625447218828182 -0.0296684858685219
0.00291769092099194 -0.0121678164984349 -0.0518181280852244 0.00604106252356633
-0.000804484566111922 -0.0145728730835253 -0.0516339283650639 0.0594728551528108
-0.0139961684604525 -0.0156301008486109 -0.00421049516848726 0.0804466919216769
-0.0216513087946873 -0.00600291646629248 0.035175000345414 0.0669179413706331
-0.0251246414467368 0.00270625318035861 0.0542079750810537 0.0387118689857275
-0.0314516031219412 0.00875004732399883 0.0581591652632149 0.00333644342714768
-0.0347131013764733 0.00938775979944313 0.0504948378753839 -0.0184949162995876
-0.0415410640314967 0.00370308580938523 0.0472521213261348 -0.0351318903704702
-0.0444703607087925 -0.0121372618819182 0.0551392322250381 -0.0362645691947779
-0.0317168250561245 -0.033359994736549 0.0642828762923185 -0.0225998268383113
-0.0147096090535464 -0.0469367333470582 0.0717565678918873 -0.0209092076453557
0.00888234328263647 -0.0533689723224849 0.0758141325012786 -0.0226353289320856
0.0345306206636048 -0.0478520726320231 0.0838218146536786 -0.0413163856079628
0.0598374694583789 -0.0358159875822841 0.0351607737711845 -0.0151811041744516
0.0365973853647063 -0.0357106263252212 -0.0178172779952719 -0.0268474039738035
0.0197099889087116 -0.0346738294693415 -0.0622677443015241 0.00446738357977283
0.000730176927902159 -0.0384150127820959 -0.0588144614507487 0.055987137726523
-0.0240686958424908 -0.0340346110532536 -0.013847324363161 0.0750500292919492
-0.0387526921419839 -0.0170232278190186 0.023523872413221 0.0651514592756805
-0.0431760016245185 -0.00249721270069215 0.040859139570229 0.0392730194702288
-0.0497362151107554 0.00749323170465824 0.042507259880223 0.00695011402766875
-0.0537234798573029 0.00836423845809694 0.0333083853460113 -0.015031991857933
-0.0624341144814713 0.00288445408625982 0.0279897103716204 -0.0356402151084439
-0.0680251297135402 -0.0188834339548971 0.0355963064876394 -0.0453884790908632
-0.0503314234102882 -0.0507121121896719 0.055081593952182 -0.0357023070344056
-0.0208807409740536 -0.0740616890788139 0.0698809988746 -0.0255961466285745
0.0207828835210438 -0.0815620570455136 0.0703872805625287 -0.0153208280796654
0.0563109835321521 -0.0662594580446178 0.0658255609816797 -0.0252915242199771
0.0810894989256934 -0.0396426137383934 0.00324316456968093 -0.00406514434327257
0.0583795931603726 -0.0497229730308636 -0.0356314068464616 -0.0216018047730009
0.0330918390825537 -0.0579542022480543 -0.0739988927596375 0.00436360798189055
-0.00140005077098071 -0.0610595187161005 -0.0644721934176259 0.0493472954706679
-0.0346939773371542 -0.0488347421130058 -0.0258628521956533 0.0652277263837086
-0.0523636996501454 -0.0244584908889864 0.0070068746282917 0.0590102360927046
-0.0554718570915993 -0.0052034066300841 0.0206350847148788 0.0376700574701428
-0.0612213853761163 0.00408202968371746 0.0207387835922029 0.00915492254879806
-0.0640746805798502 0.00510472528668421 0.0114009668741262 -0.0104085684666402
-0.0733294817429119 -0.000878678917212216 0.00537960126798438 -0.0337636375398189
-0.0796275166502572 -0.024857685596409 0.0138799050972886 -0.0514881914475235
-0.0595031442099124 -0.0603091733227442 0.0433375861001929 -0.0474603697714919
-0.0223960554870722 -0.090199967040282 0.0663400098887644 -0.0275030202911718
0.0301314294846734 -0.096574946339168 0.0635307446096222 -0.00355928153788617
0.0701927494388357 -0.0733884017152337 0.0417775211391832 -0.00444853890316298
0.0880118237432016 -0.0403784991974709 -0.033005923956576 0.0104866726861016
0.0684325610409244 -0.0588692271142285 -0.0558152349331066 -0.00955549164825706
0.0372634548714388 -0.0736275145974713 -0.082215384948804 0.00777299967262873
-0.00685807654575349 -0.0734515089484652 -0.0683317296992739 0.0395172087128976
-0.0423994320836621 -0.0549668594632918 -0.0399991543318923 0.0515050260599171
-0.0586260893765483 -0.0265223804302348 -0.0134388257684831 0.0503140131844056
-0.0600438028184474 -0.00615235163804776 -0.00283623438826025 0.0342875907074116
-0.0630845843912489 0.000120996014620631 -0.00313564689135543 0.010033312413922
-0.065457654984934 -0.000547548909104242 -0.0129995415164728 -0.0078634779109519
-0.0725949052918107 -0.00684330293853909 -0.0166026361719134 -0.0334082567314142
-0.076152838848832 -0.0313618328289112 -0.00602636803819524 -0.0557765725646501
-0.0537705054610178 -0.0654146366875221 0.0328330529179989 -0.0558115732528825
-0.0128444613557557 -0.0915862796647033 0.0625362124116382 -0.025531252770201
0.0407237323690719 -0.0937131302521314 0.0547920198104107 0.00914779345541974
0.0762869842816474 -0.0656876364878186 0.0146259790361598 0.0157947732571266
0.0793606131132863 -0.0345515780495189 -0.0661327458778368 0.0275407063543733
0.0632745683322275 -0.0555683199816355 -0.0716211544713137 0.00730599132966352
0.0328783063749821 -0.0712684757853034 -0.0829050826116481 0.0118068676431451
-0.0104845285934433 -0.0687580672279283 -0.0686509650442454 0.0270323595718051
-0.0412349959981202 -0.049322004605302 -0.0544639711237958 0.036488189694976
-0.0544293346112949 -0.0236128225528616 -0.035189300073052 0.0415074149780762
-0.0538930932337028 -0.00663161028514339 -0.027625060193064 0.0313101320837948
-0.0549018100979741 -0.00381872408737676 -0.0270423589041814 0.0100802390545815
-0.0559306326308943 -0.00667559469901004 -0.0352459516564894 -0.00856372397719633
-0.059347024208627 -0.0151267933631082 -0.0334707716461003 -0.0367709914743973
-0.0585265756976723 -0.0369538605405918 -0.0179493819012036 -0.0616304400630639
-0.0334850343384387 -0.063068010580533 0.0266597853126312 -0.0601502839474673
0.00538884775058129 -0.0786038900568536 0.0570399053486296 -0.0211038377574694
0.0491939460787365 -0.0733097618092275 0.0420388959617839 0.0192821830780697
0.0724278143012449 -0.0468245221886755 -0.0141960074625499 0.0289366213397577
0.0568779180852676 -0.0204457748496519 -0.0888982083365036 0.0432309577051981
0.0477550636952598 -0.0382770356090063 -0.0795777354218791 0.0226207067783336
0.0236154370556143 -0.0518650566338885 -0.0791501680249656 0.0155957171106776
-0.00856223202551213 -0.0486641552214873 -0.0675360189767143 0.0160560621035681
-0.0285514056752299 -0.034187608722958 -0.0649533094324771 0.0251105076615966
-0.0386271583180531 -0.0170153157306477 -0.0526231890340359 0.0349760299747341
-0.0390040399227206 -0.00621429609320786 -0.0470090292259827 0.02854769746691
-0.038758708315733 -0.00687028778752833 -0.0458306503737924 0.00769719840728258
-0.0386567227065096 -0.0108156379519962 -0.0509938310420864 -0.0135163218035929
-0.0391213847634333 -0.0186060785168079 -0.0428143975788034 -0.0440645041269801
-0.0341702432493239 -0.0355449164732821 -0.0216882390768941 -0.0684042612868354
-0.0114420653676209 -0.0512509996299145 0.0262653381030359 -0.0630670764678928
0.0213653333442564 -0.0548872136154767 0.050540273930151 -0.0179267479381965
0.0503333372457133 -0.0439672356416734 0.0279344759286038 0.0221605022802274
0.0569362708266119 -0.0220567926731871 -0.0376921798088349 0.033604328531177
0.026497345987085 -0.000507690057755762 -0.0973847754652623 0.0535961768521806
0.027616546704654 -0.0124747337389777 -0.0793047028566342 0.030514969447167
0.013496687742359 -0.0215751810294418 -0.0727706986932959 0.0172612973690201
-0.00101250422724753 -0.0203691418556773 -0.0663577031305836 0.009864947009888
-0.00806088636025573 -0.0155100204334682 -0.0701771402690079 0.02164896463712
-0.0156968273214117 -0.0102378607923941 -0.061811002675495 0.0318374831753928
-0.0168026947829108 -0.00636991848258442 -0.0576128250336894 0.0266962604446791
-0.0165556192865633 -0.00870394822692274 -0.0573054096195307 0.00488098373767913
-0.0169196380516532 -0.0109137836481495 -0.0597165301119823 -0.0202589929863112
-0.015204310914534 -0.0163377479332853 -0.0447251378444677 -0.0527961189523664
-0.0110257874262639 -0.02564475867889 -0.0166545307586433 -0.0742916002627027
0.00366232979569614 -0.0327181972160853 0.030426470408815 -0.0634312050043902
0.0249918831153574 -0.028497243965278 0.0459083091775937 -0.0156850725161585
0.0387483417385813 -0.0148838562192411 0.0159507168041194 0.0195164282121747
0.032620314870829 0.000695123749155732 -0.0532338295148892 0.0285411684421255
-0.00239530212222914 -0.0163494793228329 0.0618970453745317 -0.032305065818857
-0.0136430225488646 -0.0027985522948925 -0.0047603097082213 -0.0331102993330306
-0.0113358475433907 0.0076579728397915 -0.044857248113052 0.0080898354447147
-0.00306575232442798 0.00639180889284165 -0.0425555709192442 0.06126271513512
-0.00395930237122586 0.00305211214335956 0.00660851216638038 0.077576409245584
-0.00400325373716051 0.00514765084334328 0.0442193856811124 0.05872215331711
-0.0044708877879672 0.00714258674763059 0.0600165517723997 0.0305857071611376
-0.00777692007856559 0.00938132649910949 0.0619741249237807 -0.00246397259330304
-0.0101079272041687 0.00957233474945823 0.0568888975535455 -0.0219726913260242
-0.0135075735678306 0.00728544532096202 0.0558227119013749 -0.0328077643891611
-0.0156593791903588 0.000372661768540545 0.0626255638535873 -0.0267077370527048
-0.0122392236108302 -0.0071949364863994 0.06682739679014 -0.0131552527915129
-0.0118558832156077 -0.0107944184378284 0.0693039317693432 -0.0163561493612519
-0.00767758487602108 -0.0174621536614427 0.0776879218852425 -0.0244656814509186
0.00585196478005769 -0.0229733274479283 0.0894647294462576 -0.0505287649069537
0.0281016252250108 -0.0278298563622588 0.0537048848070762 -0.0250387985404406
0.0090812091943909 -0.0189530002368623 -0.00664965971667761 -0.0285177667331557
0.00221275246425881 -0.0113695821623631 -0.0499198071095405 0.00713688709285129
-0.0012975393395138 -0.013973949259979 -0.0474710494601827 0.0585684333809633
-0.0140538223095326 -0.0135995755642759 -0.00213687562116033 0.0763892671507522
-0.0209928387244673 -0.00483653282767461 0.0358671908138194 0.0622816986502753
-0.0239379058884241 0.0029276077475121 0.0528530963161095 0.0346450871585921
-0.0296646694424623 0.00958371756081956 0.055528046745358 0.00107778687201127
-0.0326855209951234 0.0105607448196934 0.0478138876695841 -0.019426654059403
-0.0395380417145935 0.00584830464074495 0.0440774921680522 -0.0345321137996563
-0.0429640197483877 -0.00983467588333129 0.0510209037815584 -0.0363309686298122
-0.031075680425748 -0.0309105860153546 0.0612522920895447 -0.0238420509418061
-0.0153989403528874 -0.0442058413785422 0.068193685697282 -0.0216327471889454
0.00685437130983728 -0.0512562288834474 0.072197470908334 -0.023736119378467
0.0317803719600473 -0.0473847760853729 0.0791930506908474 -0.0421585559103054
0.0553793563548429 -0.0363785345980759 0.0336492775168149 -0.016366843134796
0.0337197884514577 -0.0347603522794629 -0.0173557611943501 -0.0259489233635842
0.0181403675353132 -0.03353136706647 -0.0598435547871412 0.00595169046956221
-0.000495020208118473 -0.0365186478047714 -0.0539811835690505 0.0551877261115577
-0.0241923824871402 -0.0310928404616103 -0.0111390122653651 0.0716519460962732
-0.037332288929007 -0.0141453550329268 0.0244711321206379 0.0614202204617249
-0.0410703965469283 -0.000340023231966112 0.0401337067430798 0.0352916079582445
-0.0472608138915286 0.00873137770630789 0.041267234959638 0.00482733728682563
-0.0509837867009668 0.0102442740516301 0.0313114709617475 -0.0151993956633079
-0.0594342756522599 0.00520313369358836 0.0256518234436789 -0.0345309785179389
-0.0649641126367269 -0.0153966570054385 0.0321204159988927 -0.0440275432734611
-0.0500843119546145 -0.046308159683873 0.0519630994209085 -0.0362914904477449
-0.0223700183138737 -0.0701199994285125 0.0662411041990679 -0.0264901536838126
0.0172578922003037 -0.0780987413033723 0.0670385054863749 -0.016161180321045
0.051737913820027 -0.0650332942849318 0.0623687332877396 -0.0259930963903273
0.075207758036752 -0.0408713356106931 0.00411476165730975 -0.00469116092728278
0.0538745776130644 -0.0492590016476464 -0.0337141483950976 -0.020888200457993
0.0298806544810961 -0.0559395412234018 -0.0708753154064833 0.00611661563452204
-0.00385987331874728 -0.0579089393271067 -0.0604813470434719 0.0492687847868792
-0.035580407661497 -0.0450575235618857 -0.0228128461578985 0.0630936678346185
-0.0503017735935424 -0.0208864756757582 0.00877045916073504 0.0559725780235499
-0.05316906225385 -0.00291413267340296 0.0208566947949768 0.0342485061530516
-0.0581833323881623 0.00657524892733304 0.0208616954366777 0.0076204016645818
-0.0615102945931961 0.00739598006429455 0.0102613985691914 -0.0100950525533283
-0.0700127856770771 0.00241247162355896 0.0043613923786708 -0.0319652694036346
-0.0769146648579934 -0.0199520100000435 0.011044973570283 -0.0490106514664674
-0.059266892717396 -0.0554576011829905 0.0406566235343617 -0.0467311469621704
-0.0247016987786224 -0.0846559044252849 0.0635490872694808 -0.0289209452946442
0.0254573969692823 -0.0926508734694142 0.0617468309047852 -0.00558529541869797
0.0647645417172099 -0.0723167801838873 0.0401332299730691 -0.00631496287177612
0.0825156752618928 -0.0418840701423662 -0.0305726342433388 0.0103197850904002
0.0622080727771775 -0.0580523166955806 -0.0526243065272749 -0.00873736467099482
0.0332252986887294 -0.0706201084539771 -0.0787494076724262 0.00961256555987204
-0.00952449783406364 -0.069547830586687 -0.0638460965326647 0.0400232560274863
-0.0430359717154793 -0.0505611771602406 -0.0364639730839437 0.0502420265146213
-0.0570869735868111 -0.0224719128460999 -0.0112009667459898 0.0480326769619634
-0.0572417150278587 -0.00393247171292719 -0.00167577446059686 0.0327632281166167
-0.0603805035435252 0.00324809379445777 -0.00260478663021623 0.00981481515736347
-0.0621428520040671 0.00217142358355103 -0.0122728453673539 -0.00703514272025923
-0.0693956090933108 -0.00361379054745983 -0.0163669495054541 -0.0310560508296837
-0.0738040376840646 -0.0262739696216774 -0.00786110347044459 -0.0528129153322473
-0.05337708446904 -0.0599404131607707 0.029704376228549 -0.0536775852127313
-0.0151771743115783 -0.086376267306977 0.05963105847437 -0.0270159078619579
0.0353143782015149 -0.0904605075153681 0.0529172141691332 0.00693859886787374
0.0706551999977681 -0.0656206846870974 0.0144436566178443 0.0146312527377055
0.0741619325838358 -0.0351219776558757 -0.0619621649218 0.0283127782962942
0.0587282933807719 -0.0544429736702009 -0.0672233941622643 0.0075702414777669
0.0290751874348325 -0.0686235149077751 -0.0797918174793008 0.0142100551382164
-0.0122549635406497 -0.0650786502404079 -0.0652391782072443 0.0276883896937736
-0.0411584959680829 -0.0451723383869804 -0.0505759445577451 0.0364776934491417
-0.0529661898484136 -0.0197428156478805 -0.0320426385952781 0.0411572958886652
-0.05147522402841 -0.00416417783056873 -0.0248292662745379 0.0305715398165843
-0.0532472275008367 -0.00127703132388708 -0.0255506480458961 0.0106754104635592
-0.0536571129611488 -0.00410181457016182 -0.0332602401900328 -0.00675743043791046
-0.0572754089981396 -0.0115677433908403 -0.0333223634409234 -0.03338971538148
-0.0577243310700369 -0.0323140109783339 -0.0196176641495478 -0.0573373332996298
-0.0343110123862855 -0.058715474212104 0.0237615846381803 -0.0582466328466873
0.00280528696119937 -0.0754801003787811 0.0548934360000957 -0.0223129613528719
0.0443128889289118 -0.0713653599181522 0.0415126837547429 0.0165944898568246
0.06727508570728 -0.0468466051952926 -0.0120347909761958 0.0284867603978196
0.0533374180244379 -0.0218891981107701 -0.0830738407548885 0.0439259509559987
0.0444810940557766 -0.0381747549044903 -0.0755269706615999 0.0227712880426837
0.0207231566314284 -0.0496990806365871 -0.0758527612300077 0.0172914343272002
-0.00980202227109625 -0.0458053143680796 -0.0643763726389867 0.0173503646404011
-0.0289181426630168 -0.0316816189670918 -0.0615034551818003 0.0268185744731376
-0.0372806866477719 -0.0139559827655853 -0.0488057852599246 0.0354675718302554
-0.0371259814516811 -0.00407710714370054 -0.043844346789884 0.0294243003152955
-0.0377261588726293 -0.00510242002826364 -0.0430295101860478 0.00977105290000835
-0.0372398357499686 -0.00851005746065405 -0.049066347521063 -0.0103246311210857
-0.0378602121446723 -0.0165479004726954 -0.0424267009615745 -0.0403425544029026
-0.0334612997721257 -0.0323122665484744 -0.0228903925296521 -0.0641081002364493
-0.0127600634034765 -0.0484855444955401 0.0231715866675372 -0.0609954142505124
0.0185160915028673 -0.0524353184589404 0.0489387441760182 -0.0186099148332887
0.0455761469520525 -0.0436062320502407 0.0280647212200129 0.0200475779556448
0.0541522917400798 -0.0231694449210307 -0.034562468237043 0.0328515384753487
0.0247612367852068 -0.00138355966468161 -0.0911919175873909 0.0543417737699172
0.0258350567293459 -0.0129180812998623 -0.0749638640491477 0.0309259210602877
0.0123730092205514 -0.0213217960897656 -0.0697592533488807 0.0186993769050644
-0.00123135248269424 -0.0195524828013842 -0.0633245848401865 0.0115472543929995
-0.00824220710241212 -0.0142489535788188 -0.0661011402676741 0.0226137500020191
-0.0147502896724287 -0.00886644606150969 -0.0578004989157397 0.0325114263944428
-0.0163327565803682 -0.00559545191933874 -0.0543754469130836 0.0278824192018677
-0.0159860258431723 -0.00796422104839967 -0.0548241542140157 0.00733047095739488
-0.0166253969975837 -0.00927692664231358 -0.0572739223564165 -0.0163910141668066
-0.0146700481582906 -0.0148488283147639 -0.044550021451772 -0.0484296020605698
-0.0118828273485432 -0.0240358457941906 -0.0184226170078639 -0.06943815013442
0.00206378826585257 -0.0313044066913215 0.0269275935586213 -0.0609021314602018
0.0231338759431027 -0.0279731257936951 0.0437920303382631 -0.0168162073460007
0.0363899830087747 -0.0150102529149363 0.0159075384451931 0.0180560578321597
0.0308471338282054 0.000798177498533564 -0.0493780439637391 0.0295923585338888
-0.0022227836326628 -0.0163082175231054 0.060544047152379 -0.0315813661267651
-0.0134409421220132 -0.00286927222982227 -0.00493499504673544 -0.0320970169743929
-0.0109986943934787 0.00699388153097468 -0.0439939514454115 0.00769911872393661
-0.00285798369197485 0.00587069220902861 -0.0417410953207402 0.0590107635200229
-0.00386134404128715 0.00317639329282692 0.00579163925995146 0.0747183200290651
-0.00375583487240949 0.00452010016364145 0.0422877235543471 0.0562971827626225
-0.00395616591686133 0.00647142428962909 0.05809543229414 0.0293875610213877
-0.00734476667627968 0.00931965700921057 0.0603293305634729 -0.00233793777494276
-0.00981965816403045 0.00931210109189557 0.0550921958396135 -0.0213987841894879
-0.0133490493329664 0.0071008141240539 0.0543633554432395 -0.0317365373727728
-0.0150222250911161 0.000234580892033111 0.0608403997950011 -0.0252788675234864
-0.0110890330001048 -0.00715007476486212 0.0650345717446266 -0.0125313661714937
-0.0111146274333181 -0.0106595868297002 0.0672526446916064 -0.0149717108928708
-0.00691039870148824 -0.0168534562258174 0.075250003481567 -0.0233685296956021
0.00581734086442893 -0.0217472397654399 0.086778636457999 -0.0481308551390989
0.0264942586929263 -0.0267155709273605 0.0523412514105155 -0.0242830824174647
0.00873002221475904 -0.0185536811212927 -0.00654210630860975 -0.0285350567625804
0.0025618090275225 -0.0111021975213443 -0.0484973498885595 0.00625359648744202
-0.00122908843543315 -0.0132878278663315 -0.0465766130075391 0.0563972973608628
-0.0136265452893225 -0.0132730169418347 -0.00262459915238321 0.0740910042234392
-0.0203861311814215 -0.00423558130390774 0.0347758939054535 0.0596591976219357
-0.0231736126690025 0.00327900720379359 0.0512401912209481 0.0329480352566233
-0.028669830319638 0.0095029288494379 0.0534877951623922 0.000600043048209687
-0.0320612497025306 0.010428367454795 0.0466106240207327 -0.0191751376520437
-0.0384955759303921 0.00581418818810046 0.0430126212666231 -0.0334141232658587
-0.0412713856467784 -0.0093503535086006 0.0494961694323175 -0.0343140167113001
-0.0306233946387191 -0.0296277255983141 0.0604135061929986 -0.0222719662798517
-0.0151728447858868 -0.0421772063645533 0.0665168262791206 -0.0209878224153431
0.00666777004404386 -0.0493497477981646 0.0707181248559957 -0.0220051969917486
0.0309930059034502 -0.0457231240699601 0.0770841424919766 -0.040325044028723
0.0536238258325129 -0.0352585306374987 0.0320366969209055 -0.0166392057886167
0.032478967909948 -0.0333093406154315 -0.016643437903589 -0.0259330530859604
0.017862485784679 -0.0318950483983641 -0.057970596084068 0.00562667618691416
-0.000615036551160555 -0.0353899726952112 -0.0529958045261138 0.0530540213577723
-0.0235903885908283 -0.0300245803050029 -0.0114639172879874 0.069174246296251
-0.0355543725390474 -0.013095967586955 0.0237686945644179 0.0586793363446964
-0.0391143182104292 0.00040754350787954 0.0385652474297332 0.0339392106239165
-0.0457871786972741 0.00938447071282669 0.0396494409488439 0.00417314091726558
-0.049471639520017 0.0102743383578369 0.0313779473539827 -0.0146641048724728
-0.0575170057656385 0.00552149833495687 0.0252822009388575 -0.032873651851578
-0.0630409847389644 -0.0146719331329918 0.031215494586004 -0.0422520618873713
-0.048296682925282 -0.0441796311067024 0.0509717336804679 -0.0346235994728593
-0.0217302521929678 -0.0676583929919567 0.0646062928682945 -0.0257255882733863
0.017093154522271 -0.0755485486061652 0.0658500977053977 -0.0151725374988534
0.0509974186837009 -0.0629350376141705 0.061006153057334 -0.0250334411020351
0.072818683708723 -0.0392367674416844 0.00344790604632585 -0.00587221540805456
0.0516840113466227 -0.0476214936488747 -0.0321739817322953 -0.0211697044045387
0.0291559074451328 -0.0535552370732557 -0.0687557944121631 0.00557896389878318
-0.00376467942250748 -0.0558441597769334 -0.0589148976228076 0.0477248619639915
-0.0338067794134861 -0.0430552238631499 -0.0225626572211273 0.0604968186849061
-0.0484762344025376 -0.0195822394702851 0.00869664908779604 0.0540120358970999
-0.0512568331326517 -0.0024848511410202 0.0205016020928345 0.0333362032194485
-0.056517905624812 0.00639769003409695 0.0197056950501778 0.00751179004208864
-0.0591482366497576 0.00807746938311554 0.0104793929826657 -0.0101077201771503
-0.0672028852469713 0.00281997483617688 0.00445554052112531 -0.0309538346025869
-0.0742610896644587 -0.018893737233754 0.0110050370735311 -0.0473149486415784
-0.0567314563438752 -0.0533523627894368 0.039275161361398 -0.0444290098396987
-0.0233202122616329 -0.0812069464535954 0.0620448917192423 -0.0277245958285858
0.0242801410767771 -0.0894080938671215 0.0602522746212407 -0.00579468450709488
0.0632477320843629 -0.0698440028613548 0.0392951590399431 -0.00587469447285948
0.0792820978356953 -0.0403559435339719 -0.0293432037057883 0.00928326041608514
0.0609053539213601 -0.0557594740501173 -0.0510384656791462 -0.00990058561089882
0.0326179109235347 -0.0676674333497356 -0.076455083963649 0.00869108428667389
-0.00922227635370037 -0.0668057992012124 -0.0623812085474163 0.0382766298856116
-0.0414045403271375 -0.0485568348619494 -0.0352300206901355 0.0490154713882091
-0.0544187587095228 -0.0207757858233244 -0.0104978162961567 0.0465736032450965
-0.0550760628558595 -0.00343172671222883 -0.00205838735267554 0.0313717362368583
-0.0579446703956504 0.0032862416305983 -0.00262059325841701 0.0101171214215972
-0.0601110653106669 0.00275982533608954 -0.0113732590779982 -0.00640918769112311
-0.0672471526253739 -0.00262766447036979 -0.0154231071988266 -0.0293999546403072
-0.0714535518562288 -0.0247954113510039 -0.0081683284100913 -0.0502431944674833
-0.0517807075548387 -0.0577485846805229 0.0296160954733406 -0.0520238825223823
-0.0140891493898512 -0.0831801929527345 0.058167977940673 -0.0257060859537555
0.0340561282153047 -0.0869151113794548 0.0517061711643115 0.00640463176840938
0.0689728990651502 -0.0627907655825332 0.0140361519252332 0.0132877669112115
0.071422287790663 -0.0344246033140176 -0.0597032896807595 0.0266227438633521
0.0566558937798758 -0.0525603718402952 -0.0651887992524773 0.00531091085845786
0.0286557541962932 -0.0659810415434181 -0.0773062955954729 0.012799075274964
-0.0115024088261487 -0.0628907233745424 -0.0634488862711632 0.0262839423385601
-0.0395730152063776 -0.0434051581132001 -0.0489510186405125 0.0353704116967701
-0.0502644791004384 -0.018381237963377 -0.0311739149587872 0.0391850180560737
-0.0499360723687 -0.00297031105753479 -0.0239514737966243 0.0298093563989537
-0.0510394112203553 -0.00124106303500521 -0.0243307601629829 0.0104662796244775
-0.0519104167507323 -0.00394128576675946 -0.0321781113443893 -0.00616492712473908
-0.0555900036672203 -0.0105427552890963 -0.0320052121053165 -0.0321601392528673
-0.0550703402648949 -0.0306209884948109 -0.0192114709520281 -0.0549649639759757
-0.0328338054320978 -0.0562023663344986 0.0235796037121106 -0.0563089321814617
0.00311244288240819 -0.0717062396505836 0.0538717457231698 -0.0218986032301758
0.0429185176741491 -0.0685292618025912 0.0403453916922781 0.0157423906110661
0.0652559193284512 -0.0451882687572372 -0.0121305985391065 0.0269574085060734
0.0516123558072362 -0.0213136247581209 -0.0805228610024387 0.041884166948846
0.0429032275965858 -0.0362865683977992 -0.0727371020685368 0.0206245948300396
0.0202681377171568 -0.0478278575699655 -0.0733150322370034 0.0159277019088831
-0.00936910026617637 -0.0441739013281016 -0.0628846008084992 0.0163700859830695
-0.027601182881297 -0.0304094252888793 -0.0593387540128685 0.0257069839781121
-0.0360741159471642 -0.0129283892475016 -0.0467326421150456 0.034351217559397
-0.0354953587596624 -0.00346026225597791 -0.0421351046546604 0.0288693679432465
-0.0358118511787834 -0.00486535238869744 -0.0422033307478331 0.00990396222633022
-0.0358210410307364 -0.00824762426758856 -0.046737819139404 -0.00913337734145246
-0.0364968874297328 -0.0153530696993343 -0.0407789671072438 -0.0385155862976964
-0.0323524786187043 -0.0304895412712584 -0.021822656052333 -0.0607855863172931
-0.012168060523205 -0.0465492596755989 0.0231601377508912 -0.0590609473427101
0.0180917153719436 -0.0505153714186356 0.0480607031450409 -0.0181171526490802
0.0441698278656055 -0.0415494386914504 0.0273020980912751 0.0196821740340257
0.052195881354378 -0.0215482559428703 -0.0336302065391984 0.0318133439100682
0.0241076063362351 -0.0018651645900744 -0.0892382861563711 0.0516590098970053
0.0248619346836279 -0.0126356755735283 -0.0734400335613644 0.0294422553259157
0.0124967592281617 -0.0197025260844764 -0.0670563278906995 0.0166933925061615
-0.00135001919042314 -0.0189254493518981 -0.0614736113833396 0.0110452444853083
-0.00768897004731639 -0.0136971980140405 -0.0637074620963185 0.0221821089307785
-0.0137904177855562 -0.00816688133419933 -0.0561073089693337 0.0317589519679933
-0.0159764325164174 -0.00490034781186392 -0.0527685570170348 0.0272728964649032
-0.0157764301938149 -0.00786782766161222 -0.0525203503145997 0.00748378745361108
-0.0156547956334402 -0.00955872783200549 -0.0548965987480497 -0.0151954002899739
-0.0145182982806153 -0.01426548577684 -0.0426557811894985 -0.0469184489266535
-0.0111389598241341 -0.0225589558299946 -0.0172414423848981 -0.0673203224586792
0.00221163271982274 -0.0298513980313018 0.0258468380468848 -0.0595702888723103
0.0223614165528594 -0.026831791549313 0.0430922166383464 -0.015979461296892
0.0350242220107876 -0.0141555203572235 0.0158954136608432 0.0172480613915704
0.0297115868076208 0.000529231439724368 -0.0482906175025427 0.0286273068681105
-0.00019850569004848 -0.0163139112706597 0.0655101172925157 -0.0231711858540626
-0.0125576384896498 -0.00514415107247798 0.000330246490199008 -0.0338623503199754
-0.0117782431961094 0.00448555027322282 -0.0447256186513202 0.00018979490245392
-0.00382591073501384 0.00488276846422076 -0.0493770728790146 0.0518188120250101
-0.00526204529489631 0.00229877614351925 -0.00496659714597808 0.0738579489835281
-0.00422251622479445 0.0035327885644009 0.0335161628799148 0.0614078609197801
-0.00482897557449007 0.00530446505616216 0.0541870329082556 0.0362025283540627
-0.00844224328103289 0.00757220154302772 0.0601842475682317 0.00712025643427152
-0.0111651153251474 0.00708867822198299 0.058480304135591 -0.0122557272859527
-0.0141542035186237 0.0042529824389657 0.0591950338467909 -0.0222275409917553
-0.0142114749591137 -0.00309378992007282 0.0650797537009129 -0.0148423567065624
-0.0104282428002997 -0.0104127054637311 0.0671320807919537 -0.000455595282547512
-0.00916639985175783 -0.0137079995829293 0.0691294544275839 -0.00261494618487345
-0.00403624387393474 -0.0187894685856527 0.0789496288683218 -0.00915611939210586
0.00885221518289791 -0.0223775006330582 0.0961606473913276 -0.0327111623716459
0.0294641029253598 -0.0230497103473688 0.0563276786754304 -0.0154985400675909
0.0115708485492866 -0.0170493381735821 -0.00216402335603682 -0.0288211512130378
0.0043244641017922 -0.0107224688504784 -0.0488176647358205 6.1670630076741E-05
0.000947927988513534 -0.0137341019096734 -0.0529750207033939 0.049918720600891
-0.0113404898652212 -0.0150215729021388 -0.0130829184770962 0.0725759384536176
-0.0189890092343759 -0.00765756777214199 0.0265258540330644 0.0634914655578274
-0.0232511615059283 -0.000372487035480487 0.0472417776948239 0.0397680793391524
-0.0300861873823555 0.00469484179068825 0.0531783007750972 0.00874798809890624
-0.0327248749929438 0.00485587231336663 0.0493026204789922 -0.0113569976057886
-0.0387021992392931 -0.000282952622269623 0.0482092104722096 -0.0247857110986925
-0.0388185587310026 -0.0169543703644891 0.0552759878342068 -0.0250985291256726
-0.0246960679221966 -0.0355029111710511 0.0639672590941194 -0.0122368454331818
-0.00735351358178382 -0.045166104391744 0.0687594437857506 -0.00854786164912654
0.0155436967014943 -0.0479970330505822 0.0720691821625064 -0.00916218054346367
0.0380303417966633 -0.0411408301236149 0.0845567662678474 -0.027415239231146
0.0566893083886282 -0.0273631750937963 0.0352416165539981 -0.0077750211510362
0.0368575375136551 -0.027508275917845 -0.0116048503994396 -0.0271449027552966
0.0226346308270859 -0.0289259294346114 -0.0578003695881152 -0.00149648969759952
0.00529623466945996 -0.0350128878873536 -0.0587782342594761 0.0464008503415523
-0.018185918138037 -0.0327036558737865 -0.0199699098226701 0.0676979464537836
-0.0325278738388116 -0.018898587364695 0.0165333688482663 0.0608940347228398
-0.0389328456051477 -0.00665123609475928 0.0348206060794688 0.0387061454122877
-0.0463552215966361 0.00115646777698783 0.0384849771071501 0.0101098074515278
-0.0499698824806541 0.00216292717767183 0.0331691612714959 -0.00975591200141287
-0.0572211772334885 -0.00337405617531967 0.0303187362257335 -0.0271979447900169
-0.0592782464690447 -0.0248303002497268 0.0382288903840823 -0.0349885471001192
-0.0404260033731958 -0.0527464584094345 0.0574495178418543 -0.0247940904996919
-0.0101348503819603 -0.0703932630760304 0.0681717793385337 -0.0133605474684313
0.0286700238360886 -0.0714997561588173 0.0662528507953699 -0.00354127373842342
0.061006850634705 -0.0542845986442919 0.0646827707777677 -0.0148110083567342
0.0762824300194419 -0.0291835835037128 0.00483095838138442 0.000465667171980164
0.0582491082302441 -0.0387728146083684 -0.0282637014409456 -0.0228887962028022
0.0369506474051551 -0.0482148962895637 -0.0674895098025448 -0.00153660070208704
0.00591496357299111 -0.0553906823485933 -0.0628252242157308 0.040279119515838
-0.0263465796920337 -0.0473194511187992 -0.0294767823109973 0.0580226715013265
-0.0439973875885475 -0.026382490019785 0.00326980772720437 0.053869261232899
-0.0503259332266488 -0.0101221288524069 0.0165534535084353 0.0361956886530359
-0.0572629843174877 -0.00276323816825429 0.0188003419244641 0.0109127931785365
-0.0592637216518083 -0.00180044356144744 0.0121891769182443 -0.00750078425790071
-0.0671664221744122 -0.00732204903782906 0.00994592191100675 -0.0286862197509401
-0.0694481953378982 -0.0304109792026199 0.0178946423541311 -0.0427608862620566
-0.0475043430327084 -0.0620983239050013 0.0475620408950113 -0.0369018948561485
-0.00945491255316464 -0.0848056557290392 0.0654559587807344 -0.0162263763512963
0.0388324519725336 -0.0838376959681563 0.0581130171686415 0.00500965580479846
0.0748848280642441 -0.0587645147415171 0.0392312499179757 0.000866411494218296
0.0832376909489224 -0.0293797351113445 -0.0307931319088902 0.0115085156353981
0.068074053510493 -0.0452958794534154 -0.047876138298839 -0.0142074600776518
0.0425902391241462 -0.0613083493703188 -0.0745239159663195 0.00138392271118153
0.00230296135990919 -0.0673282694371301 -0.0647424724267605 0.0312079483394708
-0.03212095597651 -0.0540815781494123 -0.039436474755131 0.0446052258227547
-0.0494503559826136 -0.0285127751707338 -0.0149060243016242 0.0437835695105448
-0.0537771972960935 -0.0117686070994943 -0.00437190854934674 0.0315919822049335
-0.0583773723398286 -0.00610031497909272 -0.0045930404421024 0.00895696858280743
-0.0591184627294131 -0.00660390468671162 -0.0102653293739492 -0.00763689478519894
-0.0656092953733091 -0.0127471408311659 -0.0102522869779292 -0.03034463496003
-0.0660171475857049 -0.0349852556458418 0.000677982062323187 -0.0492932036051731
-0.0419599474030321 -0.0656112573911917 0.0385890052021029 -0.045252983199113
-0.000832464195335224 -0.0842167330524222 0.0616465235651968 -0.0157822621164283
0.0475336790267892 -0.0796305812616454 0.0481918191608874 0.0146985596988171
0.0795780525668294 -0.0499450856926582 0.0108915781355137 0.0152334475217597
0.0752173425629257 -0.0242854828429881 -0.0631007206885072 0.0237525351817085
0.0637992878025716 -0.0433373980276186 -0.06512648145411 -0.000738047822869023
0.0384341392538403 -0.0604029900897784 -0.0766933678373066 0.00507195534161352
-0.00157870754380775 -0.0639482344541055 -0.0639174356368968 0.0194464511826964
-0.0315770374772322 -0.0490178653516886 -0.0510517445395476 0.0289322064270972
-0.0461280471221766 -0.0253659013209003 -0.0340734468386035 0.0334435920213129
-0.0485040690778624 -0.0107289729895592 -0.0271410306314453 0.0270409819202504
-0.0507914360381602 -0.00904613039770325 -0.0259498796344717 0.00717849497780691
-0.0504244507731237 -0.0116252327272309 -0.0301770926807209 -0.0105645786098719
-0.0531465593759943 -0.0188365908621192 -0.0260237058594423 -0.0352711955667163
-0.0490967883961961 -0.0382968412785663 -0.0102441388035196 -0.0560689137882715
-0.0244009610590601 -0.0613671418131801 0.0332052616328431 -0.0507371666996783
0.0148668994280921 -0.0699827249567278 0.0562831962430449 -0.0130709186859116
0.0531800704057921 -0.0603654500719618 0.0354685607451946 0.0221416090590673
0.0724021571096438 -0.0323592087376505 -0.0174044482792574 0.024735424314594
0.0531596449980135 -0.0141067476858476 -0.0866895471307686 0.0344543655944291
0.0477201484252283 -0.029537098482019 -0.0751229080547797 0.0118441705458783
0.0276071435946862 -0.0435305171976897 -0.0736527129434903 0.00740098911282201
-0.00206898296079668 -0.0453065073674343 -0.0626145418257797 0.00888152137101423
-0.0221480621199423 -0.0344942783489745 -0.060722964579599 0.0178380460559147
-0.0326513796508807 -0.0174355199345647 -0.0504722429571341 0.0266099888007064
-0.0348673837295313 -0.00848043348328591 -0.0455500803482605 0.0236060992678891
-0.0349417866178887 -0.0104150502165086 -0.0435506640254899 0.00360223351200681
-0.0339993000556798 -0.0135818877103705 -0.0448460531110378 -0.0161311408144264
-0.0331798045506784 -0.0207102714847827 -0.0345288468145843 -0.0435528903659553
-0.0271513373540035 -0.0345131603861497 -0.0120456147711124 -0.0631049044132194
-0.00457425239307543 -0.0478468906183586 0.0327006903501291 -0.0534198927198051
0.0261257704355165 -0.0473271719999584 0.0501318053415427 -0.00937699921847581
0.0501014203891005 -0.0330548335984263 0.0222771048521651 0.0226042296406857
0.0550654528522808 -0.0120467074810251 -0.0396151020298259 0.0264064909301172
0.0239786552183642 0.00174192933892409 -0.0967522042032132 0.0401950715923332
0.0262852318623563 -0.00830403542299596 -0.0777122094814169 0.0202469861863963
0.015346615322598 -0.0177596620304511 -0.0686551589890493 0.00808613438629337
0.00181256465493605 -0.0185420280425461 -0.0626485651582307 0.00306955291650184
-0.00570159836877701 -0.0154585169087629 -0.0657953923193992 0.0130842677150286
-0.0120900098366175 -0.00969304748337242 -0.0599357869191588 0.0231551674371046
-0.0150060752603478 -0.00656305462216167 -0.0559810802527162 0.0210337787216555
-0.0145625934523038 -0.0105771187245623 -0.0532784127438216 -0.00012990565477422
-0.0140633674760526 -0.0117021678562062 -0.0518746068076062 -0.0231475743876333
-0.0124957217529853 -0.0161307678447879 -0.0347850369803971 -0.0521609366111064
-0.0074548592181102 -0.0241319851320971 -0.00663963737791744 -0.0679621036696281
0.00593909990987683 -0.0292441561195786 0.0358467044529157 -0.054094143215695
0.0267079689692062 -0.0228935778731886 0.045273678850044 -0.008119463631154
0.0366408011857589 -0.00795730218388631 0.0120876501876134 0.0193051764574157
0.0287428108946595 0.00635248852841093 -0.0533706167166089 0.0199217687157735
-0.000571536031274098 -0.0165365687176606 0.0670164479201641 -0.0246687438859524
-0.0127236173570052 -0.00536354517858262 -6.4627833785145E-05 -0.0349282318399109
-0.0120407341251427 0.00466648207366421 -0.0466879922574039 -7.74099592081464E-05
-0.004184548005526 0.00532028193052211 -0.0505555911686177 0.0532019463840882
-0.00543314527146003 0.00280119134649776 -0.00626802774172286 0.0753348098399663
-0.00464008710450953 0.00353563614383871 0.0343433178751287 0.0615299404117744
-0.00491785567326385 0.00573366395982267 0.0555059424581408 0.0368454844489962
-0.00827876647476292 0.00772351060608859 0.0620572781655288 0.00611289987524926
-0.0109689864584694 0.00738867421654791 0.0601634563240718 -0.012953864012357
-0.0145767244672624 0.00489806226802976 0.0612446473468554 -0.0226938235741619
-0.0152049150384979 -0.00329756332466276 0.0672991428772221 -0.0155153563101275
-0.0103924862497313 -0.0106206047813137 0.0693426286916126 -0.000107001732107336
-0.00964854788707263 -0.0136236408018105 0.0707349570728031 -0.00243545237442988
-0.00381164484605534 -0.018959446385348 0.0809418682484022 -0.008712658938124
0.00942638156187361 -0.0232584003844388 0.0987301806112624 -0.0331812765729811
0.0298029525839827 -0.023378247890862 0.0576786941388409 -0.0162343042724865
0.0115219960024749 -0.0169116295669408 -0.00147453969351881 -0.030682834371028
0.00437194439299725 -0.0106480932937315 -0.0503970879566695 -0.000939981746484073
0.00116920099415908 -0.0142669095737262 -0.0549215932521036 0.0505005416636601
-0.0121862186105456 -0.015255106144108 -0.0131512487497424 0.0740616835672839
-0.0196482223223038 -0.0077883794920763 0.0271252649752308 0.064464846458205
-0.023816711956577 -0.000683803124993769 0.0487517495803039 0.0400933851096834
-0.030748297444341 0.00492319909564974 0.0552445995268372 0.00839924980955955
-0.033809757973766 0.00538494341729723 0.0517525505637195 -0.0121267547872284
-0.0394095884377056 0.000175917914391811 0.0500006979951405 -0.0254212986884221
-0.0401408277151224 -0.0171239911287432 0.0565815513072707 -0.0254881221464262
-0.0258013863769663 -0.0358239173039131 0.0659313184502787 -0.0115918298793122
-0.00741021127597536 -0.0465480129825961 0.0707477518543842 -0.00900338869068896
0.0156629262425891 -0.0495270373936789 0.0754649802410615 -0.00936211054803663
0.0397163279272575 -0.0422448789371255 0.0866340477681201 -0.0277108130008962
0.0582510725843474 -0.0279349101771379 0.0365443782031719 -0.00907292219960516
0.0380545106716182 -0.0284845693337902 -0.0115076677951744 -0.0293143349884757
0.0237303220035836 -0.0291504142807854 -0.0593082500978781 -0.00242030016474212
0.00534716184154248 -0.0356650921132143 -0.0606048124787495 0.0466193182591882
-0.0190505753831007 -0.0330237221927946 -0.0209681716120433 0.0686703429446983
-0.0336244962524377 -0.0189213159220717 0.016926385369065 0.0614033826905981
-0.04014776710252 -0.00614027528541438 0.0354326447074897 0.039500190244816
-0.0480387266835122 0.00187992820441996 0.0399699837115687 0.0106311066207869
-0.0513806244469619 0.00278610516855756 0.0347530022364892 -0.0103481354395283
-0.0589260715701749 -0.002963686039699 0.0315199413337223 -0.0283687088571356
-0.0609482017571813 -0.0247708490881682 0.0390468638424749 -0.0352356982507768
-0.0414777251896849 -0.0540421192564925 0.0590913898714258 -0.0251940562679132
-0.00943279138198753 -0.0725500252557383 0.0701932358326866 -0.0140551922357983
0.029520220198992 -0.0734543193433993 0.0678217437041335 -0.00423757827486142
0.0631773100452269 -0.0561944407800663 0.0659612278965545 -0.015651305443152
0.0780590782278897 -0.0298544972804241 0.00498563175370971 -0.000619948518609415
0.0594125643260482 -0.0396459729893828 -0.0283177251721576 -0.0255918597716184
0.0381228755946036 -0.0495243405031918 -0.0696994210605235 -0.00160477065215815
0.00518394927644254 -0.0564860947459607 -0.0647113078801965 0.0409710911462815
-0.0274651743737882 -0.0481790523457186 -0.0298283117649155 0.05960306356559
-0.0447515325890594 -0.026056541342184 0.003440635313606 0.0543885686002793
-0.0512926624868758 -0.010121929355471 0.0170708396966499 0.0358419181508408
-0.0585688182454694 -0.00199062751174764 0.0194602321516662 0.0109516877484659
-0.0610237963178061 -0.00124801328208714 0.0129409613112635 -0.00801483862095052
-0.0689788537095549 -0.00638476579802173 0.0106653821664608 -0.0284998091754618
-0.0716967206427276 -0.0304871447288256 0.0190535035052367 -0.0430054600874415
-0.0491351133233647 -0.0633572650754753 0.0493806868397807 -0.036963553208171
-0.0100900249052834 -0.0866571163574095 0.0679913656298612 -0.0169529218098585
0.0395609756393874 -0.0861018302039981 0.0599573098471858 0.0051651939317937
0.0767979659347293 -0.0604020012310794 0.0409290622848822 0.000223455787200868
0.0850889729752962 -0.0298573912035725 -0.030887001450478 0.0111492891726474
0.0697382195093475 -0.0465609081591739 -0.0484960493021132 -0.0152137021998168
0.0440165472178516 -0.0625934051237931 -0.0770772478424433 0.00101356796680266
0.00188013382711593 -0.0684606780063842 -0.0663470302740187 0.0313707918163732
-0.0338562200809478 -0.0546104600478926 -0.0404546358652838 0.0453998126010314
-0.050965929138645 -0.0287910867054025 -0.0148486458922686 0.0441777676698064
-0.0548073083469936 -0.0116237688867333 -0.00487439795691278 0.0321866560473
-0.0600077284275406 -0.00556204929810537 -0.0040122157167837 0.00996526000888843
-0.0606596350164577 -0.00616034542973287 -0.0103030304201622 -0.00772828551587006
-0.0671439941591236 -0.012369014184205 -0.0104061900800548 -0.0307753311087013
-0.0676353476498941 -0.034984659337664 0.000460540662868862 -0.0495822487983567
-0.0429051089266934 -0.0667711546027082 0.0398978535588209 -0.0460793471629182
-0.00046982203413377 -0.0864603205295649 0.0641549658678801 -0.016098304052524
0.0489373883698771 -0.0816761581782173 0.0496149194836429 0.0154719908920952
0.08181390884681 -0.051811850412258 0.0109790982890615 0.0155228812352535
0.0769365620567648 -0.0246974071068953 -0.065243067238217 0.0238196903715956
0.0653395849749706 -0.0443582066690886 -0.0661843638936967 -0.00142872166438553
0.0397983409665855 -0.0618277382605485 -0.0784514799589289 0.00477905154413409
-0.0017219460787465 -0.0646164111614657 -0.0657521319777221 0.0192467482135399
-0.0325937015919106 -0.0499857480844364 -0.0523895134416153 0.0292788281170146
-0.0464804783088009 -0.0250134316637015 -0.0349330752773422 0.0343811409959532
-0.0501469729516667 -0.0109017814288132 -0.0273549411034982 0.028065579108997
-0.0522705283303288 -0.00856495332754175 -0.02647616224499 0.00742724804191572
-0.0513623684383513 -0.011109451522167 -0.0311862155815615 -0.0103252082155406
-0.0544665220030405 -0.0186173445184798 -0.0262182430506447 -0.0364012746421036
-0.050648416882273 -0.0384887080700529 -0.0105061706487352 -0.0566030153457103
-0.0250535255685306 -0.0625871956265663 0.0339394260051458 -0.0517143857194459
0.0152328233538608 -0.0721440939597178 0.0591647662631339 -0.013444792841879
0.0546363973097201 -0.0612622789351272 0.0368972089330789 0.0223343223118771
0.0744436983902835 -0.0334395104342344 -0.0178895437335548 0.0252589146729109
0.0550426722348847 -0.0141378403363518 -0.089331798322819 0.0347230299596678
0.0489578380338092 -0.0307667339368434 -0.0768997703582191 0.0120281796212417
0.0282595091957211 -0.0441127278084721 -0.0749331221730159 0.00721292030303763
-0.00247534398459147 -0.0462955566492218 -0.064819606971182 0.00847818156482252
-0.0234810150767085 -0.0352650321289667 -0.0621367748118073 0.0176361557147926
-0.0332682372751461 -0.0178862958461007 -0.0515583804938189 0.0272813492891489
-0.0353987127202034 -0.00824108943786513 -0.0465981479298226 0.0246744500041483
-0.0362997432348853 -0.0100511863087137 -0.0444749997444967 0.00371089839417526
-0.0353655023135987 -0.0136222857452926 -0.0459940717310775 -0.0157552313963449
-0.0343458786264079 -0.0207450702036925 -0.0348678313727023 -0.044832369631206
-0.0285843107464709 -0.0349838608708233 -0.0121268846056781 -0.0638528491972058
-0.00523608551423662 -0.0490147437780288 0.0340200010967208 -0.0544680325715368
0.026988853257034 -0.0482716286083215 0.052749528093843 -0.010408745949994
0.0515079252765673 -0.033824347391776 0.02319943425304 0.0230974992432178
0.057015909540062 -0.0121961157033647 -0.0409417648274227 0.0269032345387092
0.0249878962860681 0.00112540411040153 -0.0999219662186854 0.0416086350097157
0.0270823867984791 -0.00901969527865633 -0.0800169054841787 0.0196927330246579
0.0160017948980797 -0.017978192714149 -0.0707016635622054 0.00746905643670286
0.00195305915754611 -0.0187302354575726 -0.0640490654083945 0.0028016869660729
-0.00600847926246532 -0.0160078587705194 -0.0672320468450663 0.0137269981037169
-0.0119512250945004 -0.00929520971607121 -0.0615658563700883 0.0241376561923995
-0.0151186076114777 -0.00595265016719049 -0.057325297595043 0.0217663052111289
-0.0148331542483678 -0.0104901604764303 -0.0546969562031308 0.000296116063400429
-0.0142311551331229 -0.0119981585908783 -0.0532575058539873 -0.0234582026941636
-0.0126586781795728 -0.0169241493832149 -0.0359088294466832 -0.0534098918946306
-0.00820368164963816 -0.0242806232673149 -0.0069791591289856 -0.0695781771247811
0.00634768326663807 -0.030457981016064 0.0374015951553529 -0.0544541302885925
0.0283375369652969 -0.0233289195128126 0.0479426558154358 -0.00882050227079879
0.0368446343550609 -0.00800470020851291 0.013269535000562 0.0198121070323012
0.0302644264496702 0.00683522271719288 -0.054618985210923 0.0209395276934867
-0.00161897537867735 -0.0168409335251434 0.0680281724451337 -0.0292561474502614
-0.0135703701319922 -0.00537488962960404 -0.000977309589722686 -0.0366013743837488
-0.0127133859241897 0.00524992234179375 -0.0483209781100242 0.00129492106862294
-0.00406160881168562 0.00567943176248966 -0.0504604910982229 0.0566539298912824
-0.00552453337535983 0.00294907715641058 -0.00341720248197976 0.0780099260901423
-0.00473869457666623 0.00393597866044133 0.036736545442667 0.0618423246522977
-0.0046907360132779 0.00623786708520821 0.0589912164195263 0.0347611493286247
-0.00897211590425119 0.00785340163872703 0.0650063552276139 0.00299282260334712
-0.0111512884980476 0.00819853699181488 0.0618168986844835 -0.01680882779806
-0.0144918527134518 0.00565536093161625 0.0624785193823809 -0.026041493987785
-0.0158145880261113 -0.00254495451523277 0.0680414436891503 -0.0183334627402417
-0.0116154736268151 -0.0103553722697301 0.0723233401503432 -0.00313091117140544
-0.0101499590529393 -0.0139869373656135 0.0731162264553001 -0.0051960155581499
-0.00445735357181806 -0.0199078457765101 0.0832491746049646 -0.0113811483379984
0.00875721316342121 -0.0246031493229827 0.100833423679404 -0.0379571707038552
0.0294467676136939 -0.0253026555188138 0.0589520520289485 -0.0195116431966564
0.0111186118886399 -0.0178680434445854 -0.00231153757551467 -0.0317473445416341
0.00423544407942196 -0.0114198864748838 -0.0529143384800535 0.000811056509489162
0.000127888011508913 -0.014131721387413 -0.0553594330236475 0.0533984736504087
-0.0131369280328647 -0.01420784236926 -0.0117015020287931 0.0761208570940827
-0.020371162660415 -0.00721783816642194 0.029689744515915 0.0647200027703846
-0.0250427652938959 7.15999263794383E-05 0.0513670930809969 0.0381043743203179
-0.0313285723861641 0.00677561382241501 0.0568415828851807 0.00605536599647075
-0.0345220990611269 0.00717272283026936 0.0529149157127573 -0.0146505553942008
-0.0409823105139575 0.00186071470343621 0.0514034322457623 -0.0286014838656594
-0.0421311562213331 -0.0155533510228287 0.0578604412650652 -0.0274355383716748
-0.0283369746978984 -0.0359723219169845 0.0681206064573231 -0.0145325060432176
-0.00921053437174706 -0.0476143235614441 0.0727683409731641 -0.0122681980159567
0.0144594948803865 -0.0510731954347931 0.0773264783014201 -0.011965504653868
0.0395941956631308 -0.0455113397425178 0.0884056490348239 -0.0318849047433221
0.0583417134812191 -0.0302835839178607 0.0375544484794553 -0.011563736567037
0.0375805400675685 -0.0305884272869831 -0.0126786075424728 -0.030074206132187
0.0231798919903643 -0.0307184500787057 -0.0618651874634827 -0.000393801369272706
0.00377339762764365 -0.0369168290978853 -0.0608609636021657 0.0507388739949904
-0.0207543922536733 -0.032583654768104 -0.0200613552455294 0.0713038286854197
-0.0350276591523949 -0.0179774906370701 0.0197815972264949 0.0621396085408626
-0.0412042570003743 -0.00461958637429681 0.0383672197189471 0.0389675152293738
-0.0502876825345167 0.00453632483068012 0.0416182846763252 0.00854173907174033
-0.0529427708653156 0.0052052620890716 0.0354535918135907 -0.0117512127009137
-0.0610069543930186 -0.000113793732256354 0.0323367643084185 -0.0299661765618537
-0.0641162815883667 -0.0228469743796572 0.0389988601053026 -0.0374662560295112
-0.0448409471986976 -0.0534740912839209 0.0604450357925403 -0.0284378377488262
-0.0128542853813325 -0.0741324612583542 0.0721878832619141 -0.0175075592894009
0.0278029704199591 -0.0767391249768294 0.0704673666721024 -0.00605141051905036
0.0631648052398667 -0.0611259892342473 0.0684232251261308 -0.018926982598645
0.0787273282070915 -0.033196337511425 0.00541941370096251 -0.00109344440350211
0.0597971629554577 -0.0426175229076808 -0.0302824831409209 -0.0259363722157183
0.0377235589256199 -0.0526039831929308 -0.0730216138865298 0.000178924379589362
0.00311019820050431 -0.0579394755272384 -0.0656577927406793 0.0445031097625102
-0.0300445171768994 -0.048193196357516 -0.0293933684874573 0.0619268681920742
-0.0467245160736581 -0.0249337169342702 0.00508746818811359 0.0554879055982627
-0.052782236059788 -0.00802989082780253 0.0189192492617912 0.0364727047342967
-0.0602577065562997 0.000173717690486061 0.0202290606652834 0.00991622740358219
-0.0629188591909671 0.00176282256335205 0.0135034618706694 -0.00892597346165503
-0.0712667984755702 -0.00307097466919853 0.0104478339802293 -0.0300247438159997
-0.0752739334067457 -0.0279121776470568 0.0184246420399364 -0.0446167739001757
-0.0534646423853091 -0.0631304433167986 0.0501325164103477 -0.0401013110570319
-0.0129795115993338 -0.0887838131229069 0.0701169220492657 -0.0203156130219186
0.0370873638249205 -0.089738727285166 0.0624163880113261 0.00248943309486699
0.077380687954946 -0.0657931520712769 0.041285806278574 -0.00185713506675904
0.086253776679396 -0.0339549077045238 -0.0314541897539361 0.0115974639905115
0.0698294471339755 -0.0510557284771966 -0.0505209287068952 -0.0158622028961943
0.0431671262813583 -0.0660157979499552 -0.0795918961414651 0.00322358150337151
-0.00130567732049609 -0.0705000209414223 -0.0680836378181261 0.0345383231693013
-0.0371158386969556 -0.0544145289513574 -0.0405141831023976 0.0477151230079155
-0.0527136268970217 -0.026942535336036 -0.013722631277517 0.0457780158703195
-0.0569173410066889 -0.00896039211319991 -0.00359839756617195 0.0331041722733199
-0.0615460897013182 -0.0027622088788459 -0.00345382994236977 0.00975987304336232
-0.0628514704627987 -0.00332887123265443 -0.0109003819593589 -0.00768081529992135
-0.0697266359435737 -0.00895661248758335 -0.0111252839686338 -0.0308864852256176
-0.0708531707239576 -0.033242994332871 -0.00118748249779418 -0.0507045729157037
-0.0475961480857549 -0.0666290318673354 0.0399104763896443 -0.0487567425954376
-0.00346165786228532 -0.0890939105355448 0.0658916716428015 -0.0198593902105952
0.04740190582894 -0.0858921154181074 0.0520896579576376 0.0136840115383855
0.0819456309331505 -0.0569352430250916 0.0115946444526815 0.0148703098275575
0.0779277513822114 -0.0282454128092782 -0.0661886995581489 0.02596796699106
0.0656079458190589 -0.0477197196484589 -0.0680633801446731 -0.00100214877719407
0.0388382309589122 -0.0649989833229271 -0.0808174360316502 0.00720444842681923
-0.00460049543754679 -0.0666451676092636 -0.0679155879300626 0.0219638158718751
-0.0364035032897977 -0.0496697695350812 -0.0530137128939352 0.0322532639010019
-0.048426796265325 -0.0237933738383753 -0.0345503189430665 0.0368497756280702
-0.0514528125202746 -0.00854406370722272 -0.0270689760736379 0.0300307831609434
-0.0541515129318704 -0.00658650929321899 -0.0269573843909884 0.00928097693810848
-0.0538312807673643 -0.00931089924254494 -0.0321562461816673 -0.00918655964174231
-0.0566773933945268 -0.015976505309857 -0.0279589658548098 -0.0361016193078159
-0.0534906259570074 -0.0367403126620955 -0.0126226043941175 -0.0570188102599886
-0.0282116860068656 -0.0632471949679265 0.034607842984508 -0.0539479983895855
0.0132007344279732 -0.0743826821464106 0.060626448507088 -0.0162694863369765
0.0537950716572664 -0.0649563735538758 0.0389245831098237 0.0212758842614785
0.0758052696868878 -0.037381027338158 -0.017641718237427 0.0260554120187642
0.0559289341800916 -0.0169584819049896 -0.0906349220016542 0.0389218515149386
0.0493339259597021 -0.0338979935117383 -0.0788049560922828 0.014058322033414
0.0277476854090094 -0.0470428768055477 -0.0778208585049633 0.00962097735129803
-0.00452245509918863 -0.0474776590959848 -0.0662913308096639 0.0106746779693935
-0.02545848291026 -0.0347616439073579 -0.06310410165678 0.0208405563242686
-0.0343258775641355 -0.0165761495316912 -0.0517322966445456 0.0300801223796873
-0.0370435853400542 -0.0067255779033384 -0.0459503586519828 0.0273590879904894
-0.0378399467872813 -0.00891872502302153 -0.0454088960818596 0.00711996952963702
-0.0364060211981035 -0.0124197972814833 -0.0475765061765991 -0.0138125764238574
-0.0359001239735391 -0.0196206447475358 -0.0372516974840654 -0.0438832156074526
-0.02973746076419 -0.0343939773581739 -0.0151068575966625 -0.0648235412402982
-0.007649721645344 -0.0499403768626879 0.0327276116209842 -0.0576905214890253
0.0268647658232218 -0.0506648921574375 0.0543533282250208 -0.0127210659785729
0.0514724050123788 -0.036634211337337 0.0246005371917334 0.0229356538113518
0.0580427568069076 -0.014825103867845 -0.0412685065506133 0.0292488573382504
0.0254992301253502 0.00132218155690095 -0.101289565222146 0.0464499328097147
0.0272173085152005 -0.0102695512369387 -0.0811941796396007 0.0223379007337968
0.0158969772920254 -0.0188886026978015 -0.0731903918257594 0.0105184852305193
0.000865824967854577 -0.0197329862903726 -0.0663812355851823 0.00509626178809255
-0.00688396616019134 -0.015921351214706 -0.0691740191135566 0.0159815835111534
-0.0121088365446438 -0.00885166907505344 -0.0619748430344357 0.0271985509285202
-0.0156163299781531 -0.00560257924417221 -0.0582722006704208 0.0255303960904536
-0.0163481392239293 -0.0103809580876976 -0.056709619648202 0.00369988807820189
-0.0152868873787822 -0.0118066790046087 -0.0555190495477293 -0.021094531787487
-0.0138931034115918 -0.0167018282591802 -0.0383710216713527 -0.0531916366699585
-0.00881896336210444 -0.0240747166943526 -0.00943744563834318 -0.0709918056181478
0.00493333112867945 -0.0307691840618745 0.0368628238655711 -0.0575714125626935
0.0272982800531903 -0.0251857386975291 0.0494178165262282 -0.0104898462492365
0.0379119828235751 -0.00959379364344514 0.0142868322070459 0.0194972779426351
0.0312605587479678 0.00640101976775305 -0.0556301509792182 0.0237407946736122
-0.00289461449713086 -0.0173500201109581 0.0659680451188377 -0.0334040938321808
-0.014153513200064 -0.00450929601728716 -0.0031833955928193 -0.0373264347730011
-0.0121149472044555 0.0058840251676896 -0.0482891550378632 0.00356524242605378
-0.00365219892608516 0.00561411543534894 -0.0477422291199512 0.0597381249255721
-0.00553183171065925 0.00350549269283664 0.00082582618123965 0.0781937804399788
-0.00508209800734126 0.0041899232558168 0.0403047672932544 0.0586848351634058
-0.00450974419478014 0.00595857099164316 0.0608038236397747 0.0303932573644774
-0.00842332900710587 0.00894593892297922 0.065190796830862 -0.00173566456604382
-0.0105951797311377 0.00889697018871195 0.0614799081320894 -0.0207765116147192
-0.0144597789638256 0.00686669178383768 0.0607025413799144 -0.0299487242629262
-0.016058107350904 -0.00162556490721858 0.0677694274199047 -0.0221890253489878
-0.0123322505515123 -0.00958799189734013 0.0725209968259545 -0.00790811615594311
-0.0104676765569312 -0.0132294464474691 0.0726904603931307 -0.00912711820703696
-0.00547647832755513 -0.0193768525031924 0.0826911115463961 -0.0153709990961837
0.00774727764698245 -0.0253870871757963 0.098653973730613 -0.0441701576294379
0.0277806383413531 -0.0267592211329408 0.0573851606123645 -0.0244978508541453
0.0100457398538637 -0.0187049126293417 -0.00461580541403676 -0.033256976257859
0.0033235204002564 -0.0115715494886525 -0.0526494377467898 0.00336202165504715
-0.000550188131721972 -0.014082352400585 -0.0520277245995753 0.0572825579879018
-0.013927371736792 -0.0135290051391801 -0.0078182415790235 0.0765271551385065
-0.0210211891420988 -0.00587824070743642 0.0332040272253104 0.0620651106906888
-0.0243727981760604 0.00192787531826645 0.0538838273803685 0.0345333047111459
-0.0314592519200102 0.00884699248502562 0.0578197878675707 0.00174591393569899
-0.0341076957010081 0.00926630023550829 0.0520936244220222 -0.018445938607453
-0.0405548955169449 0.00507824454614708 0.0494242552499743 -0.031951343108061
-0.0430617713471185 -0.0131595113662144 0.0560109065723688 -0.031175072628274
-0.0304552477790901 -0.034209441845581 0.0677768818862205 -0.0182663084287155
-0.0119760915461821 -0.0469820134811213 0.0724818065710643 -0.0160722515717808
0.0115330473438824 -0.0516686813742157 0.0769631020720632 -0.0156025671273762
0.0372779182351471 -0.0481122429935857 0.0868887850282047 -0.0374904709855447
0.0559281009010778 -0.0343456989101512 0.0364278996400781 -0.014768252231774
0.0358547090852502 -0.0323632411471679 -0.0144593497920654 -0.0310732237106075
0.0212373262711716 -0.0323070976907815 -0.0622567637701297 0.00310248889907924
0.0017161637345882 -0.0364568082125193 -0.0586166374773297 0.0539161613601344
-0.0227207061862828 -0.0312734866136453 -0.0155290848592737 0.0727557047713979
-0.0357536525118449 -0.0151138594343357 0.022820255151481 0.0601127451613589
-0.0417442018370003 -0.00164089862973423 0.0409750792043123 0.0352571784239808
-0.0496367932146731 0.00766823592573475 0.0427767876675221 0.00546825430782441
-0.0526865378192134 0.00883003509168017 0.0350148298878478 -0.014536143198843
-0.0609960360478584 0.00421364142269866 0.0308997619856565 -0.0326724631614392
-0.0655828991678387 -0.0186256080715738 0.0366969109535736 -0.0395284838128745
-0.0484425776175198 -0.0506232089187594 0.0592863946828088 -0.0312133957236214
-0.0168439277189353 -0.0731873723465023 0.0713438744889485 -0.0220572967686377
0.0231866943691584 -0.078520049571824 0.0698752042507862 -0.0103665224235177
0.059660500655241 -0.0657704812614687 0.0659870428628624 -0.0232264568536988
0.0763143398299782 -0.038102588907268 0.00474876370763716 -0.00238676809427439
0.0566978381269223 -0.0463331629224984 -0.0313842543421714 -0.026288238757969
0.0345898421192679 -0.054729499978049 -0.0726853528696714 0.00403497983491024
-0.000341664585862522 -0.0581093826728546 -0.062971386300757 0.0475295238397615
-0.0331181759591546 -0.0454695715543442 -0.0256340456907302 0.0635052132771154
-0.0481465604022144 -0.0218089757551365 0.00820289388848557 0.0546140445716649
-0.0531782716328325 -0.00448375125709544 0.0217464360918192 0.0344045426607628
-0.0600716100876543 0.00526000774469083 0.0213272643116082 0.00881878785937863
-0.062218711481166 0.0060028738462498 0.012797473007548 -0.0105395076480344
-0.0709794586866975 0.00195854499273989 0.00843775500877837 -0.0309629856525315
-0.0770779702356167 -0.0221306717530512 0.0162877827373197 -0.044654934059255
-0.0573526725728514 -0.059576965725741 0.0481975089372508 -0.0430697509485686
-0.0182788980518002 -0.0882156038213004 0.0692943639944389 -0.0256084395426155
0.0325572662189901 -0.0918553426899451 0.0628698307205062 -0.0010308109004614
0.0733303485692733 -0.0711951482952155 0.0407108078103502 -0.00452243253230808
0.0839112529659176 -0.0382888149219799 -0.0308132417210837 0.0125157300296522
0.0661878551315229 -0.0553120240341324 -0.0512996760011724 -0.0135982292166276
0.0395012461978201 -0.06908388792811 -0.079328424698851 0.00737054048865923
-0.00560666147733003 -0.0701639045085422 -0.0657166897394306 0.0381413638592679
-0.0404512924869949 -0.0515160723204826 -0.037381404051256 0.0495655526725678
-0.0539646090633786 -0.023248381178045 -0.0107577829996288 0.0462711071131885
-0.0572775210429242 -0.00523027078519989 -0.0013925624689742 0.0331399540739933
-0.0624689943876881 0.00144681131247552 -0.00287725333288699 0.0108402865920359
-0.0634148222939407 0.00072166236163213 -0.0109518349413477 -0.00679814895247778
-0.0698388412694107 -0.00369748365844078 -0.0131017655835091 -0.0306161981472023
-0.0732950669203217 -0.0275792829481029 -0.00344680074945648 -0.0492612136996553
-0.0517743068164052 -0.0632279851241676 0.0376031582830024 -0.0512221820021997
-0.00859620198213641 -0.0883024570478577 0.0649652979122217 -0.0247792841077156
0.0418548677705066 -0.0883151732463083 0.0525176637831049 0.010284449710642
0.0784997852764078 -0.0624646762214999 0.012314047884686 0.0144133926891899
0.0754312253485833 -0.0327830376777555 -0.0644953682525752 0.0297163742772818
0.0623097412895821 -0.0515061349880624 -0.0676108124094466 0.00210808105038231
0.035292939447639 -0.0671428265050723 -0.0805322284913239 0.0115047763082942
-0.00900873964451333 -0.0659500996656282 -0.0667230583568559 0.0255463484823661
-0.039409818822791 -0.0465166013760345 -0.0509853657634751 0.0353843766849685
-0.049526854970115 -0.0206303337614754 -0.0322951185208622 0.0385647153076002
-0.0514282211830708 -0.00475570245849162 -0.0243811308995751 0.0313564571399271
-0.0548148690927577 -0.00252567685987549 -0.0260898136126263 0.0110282355282767
-0.0538170019823359 -0.00534361443418407 -0.0321476324426617 -0.0065793140213172
-0.0576276165342063 -0.0115231490858308 -0.0298933402063812 -0.0338722429523034
-0.0553286341127095 -0.0327664086554687 -0.0154127952571163 -0.0556868522711656
-0.0323189957706143 -0.0607413834005538 0.0310461844330435 -0.0565308401964668
0.00912363212120148 -0.0753347710382052 0.0598606233911714 -0.020350188612791
0.0495790584281372 -0.0681456126803763 0.0396039666158577 0.0183475862213163
0.0735261772131786 -0.0426140331629655 -0.0161006651111523 0.0275849224202919
0.0545970456625487 -0.0200938025306562 -0.0889080254339694 0.0439231856222173
0.0468267342074435 -0.0363412814107552 -0.0775515881719323 0.0178844293756259
0.0251409484248876 -0.0485295083701325 -0.0770642679427431 0.013826402708675
-0.00728774177233772 -0.0467213445106491 -0.0663422138433184 0.0143161531024355
-0.0275922145180939 -0.0329248454956305 -0.0620357368019527 0.0237325854951492
-0.0350837626472497 -0.0147155028730136 -0.0500097268359553 0.033595216780126
-0.0371232356502881 -0.00376997815261335 -0.0443537499693199 0.0307715725226568
-0.0391256142853575 -0.00681011881048636 -0.0450079093423227 0.0102745420538899
-0.0370057563541569 -0.00977810133361236 -0.0482743958453917 -0.010068080117739
-0.0380058976239841 -0.0164783190503094 -0.0396458027819098 -0.0415098556465852
-0.0319186952492388 -0.0322723448547319 -0.0188978554785283 -0.0632896912991538
-0.0106688035342886 -0.0487118742265746 0.0300746362442475 -0.0593255878869345
0.0239383139749489 -0.0525792884184899 0.0541634744203967 -0.0169420315667606
0.0490450422282321 -0.0391463054883782 0.0258738793428692 0.0208698200713403
0.0574292079565053 -0.0185187412055907 -0.0387472629986282 0.0316239448719384
0.025244547338972 -0.00127777188643379 -0.098860933957897 0.0528339974574922
0.0263843396171626 -0.0116714634112766 -0.0794388447666205 0.0267168609335639
0.0152175356026393 -0.0195735167546502 -0.0721253967723878 0.0142169504643189
-0.000440799817580767 -0.0194888373911496 -0.0660740202815651 0.00821808199058855
-0.00828585021221136 -0.0152596502064552 -0.0677674521142506 0.0203134238503803
-0.012242926680066 -0.00833064274604118 -0.0608355162934164 0.0317451777396383
-0.0158845020791204 -0.00487593600720036 -0.05617554482626 0.0294680155109088
-0.0169014450070246 -0.00882359686409918 -0.0563163770259827 0.00786893218766211
-0.0158193383432305 -0.0113002794306501 -0.0557763928809916 -0.0172476176032357
-0.0145468386118606 -0.0151932862451678 -0.0420112214625031 -0.0502279443914999
-0.0108321305268547 -0.0232028009436746 -0.0135983935215099 -0.069104623487356
0.00307821554067177 -0.030614846801923 0.0330196505746386 -0.0597083868396794
0.0268590238381923 -0.0270965057448797 0.0495867903817962 -0.0133547487009785
0.0373716388488201 -0.0120897540490814 0.0149852713282047 0.0186828104930768
0.031732843778432 0.00432953698405489 -0.0531904715288131 0.0276245249763097
-0.00391277520618645 -0.0160344216224291 0.0608907866116555 -0.0361698996126947
-0.0136591659522927 -0.00314174397554933 -0.00557793312482749 -0.035982702172826
-0.0117872884059012 0.00639605002700921 -0.0470993182284723 0.00559798750595232
-0.00299941984781951 0.00540773831913666 -0.0430936268359511 0.0593745190644611
-0.00510817792808132 0.00368142811672926 0.00390271816135898 0.0747057993297072
-0.00486262421300647 0.00446407612087646 0.0409552570816466 0.0538527191703218
-0.00461253420065742 0.00579508426068925 0.0590902956343791 0.0253613999943357
-0.00738370343252566 0.00873828454541063 0.0624506787684156 -0.00556096847392684
-0.00931248892330662 0.00932052886236107 0.0582852620060881 -0.0242683760088346
-0.0132355048337985 0.00689277902597724 0.0573868539083585 -0.0321424727157173
-0.0158153753780091 -0.00076822663927714 0.0645241720704251 -0.0249905282364858
-0.012193941569586 -0.00892327737082358 0.0694233868999643 -0.0104213642269417
-0.0106904750590749 -0.0122700269015053 0.069433808396502 -0.0117307189860535
-0.00553761445134197 -0.0182074694225538 0.0794769587468485 -0.0190680270724213
0.00583723622692423 -0.0250864831278609 0.093178361221162 -0.0467927078540512
0.0251023281515289 -0.0271567452156861 0.0536812697761005 -0.0269383532375259
0.00833824399388471 -0.0182292260521928 -0.0065651173670605 -0.0325394733356183
0.00286509360466108 -0.0109306707961172 -0.0512537102725391 0.00568954792965885
-0.000976753039737502 -0.0135596866746569 -0.0479036303592286 0.0574031662458366
-0.0142038801544906 -0.0119517655852428 -0.00372507746505795 0.0742294714905786
-0.0203468404373293 -0.00432856819945438 0.0341149075628206 0.0574991239808921
-0.0228111520604704 0.00318422597374183 0.053062607899025 0.0300060981651367
-0.0291973700066131 0.0102091394601615 0.0557309318972052 -0.00202018246385205
-0.0323174925596443 0.0116864846243116 0.0493832282895783 -0.0212976436685887
-0.0387323750967124 0.00682847246345575 0.0463437629944706 -0.033248510396487
-0.0424135258695324 -0.00988447465420413 0.0524567287807468 -0.0322023685084376
-0.0310164459160249 -0.031164840954522 0.0650469685180685 -0.021535457100851
-0.0136977863682436 -0.0443702282400149 0.0688720984076335 -0.0191877621192978
0.00888548761538021 -0.0506102931968665 0.0729907409937168 -0.018614908437773
0.0334527901527769 -0.0486961578325991 0.0821014469683271 -0.0404094857408177
0.0517868945590715 -0.0354316484582055 0.0337842661323371 -0.0166288334634689
0.032736495821805 -0.0331459629973005 -0.0157867372058645 -0.0304214912459223
0.0189330509245324 -0.0321150876596884 -0.0601012722173526 0.00538763922465548
-0.000358430113004838 -0.0351472773095098 -0.0531082929022454 0.0543995923032752
-0.0235450518131156 -0.0282142648638851 -0.0117756896992409 0.0705044994243325
-0.0349370007015908 -0.0126107976351073 0.0244332084781897 0.056084118145908
-0.0395351250764847 0.000402998794960214 0.0404701603253973 0.0314865514124975
-0.0471061451672834 0.0103705548161619 0.0414516316729406 0.00220289443680638
-0.0496072189011222 0.0117380443883201 0.0332710089614388 -0.0166520085174861
-0.0577129474872119 0.00790720774415015 0.0283184342675682 -0.0334890144555024
-0.0638131435617828 -0.0136666059502387 0.0346494662983799 -0.0389730157555518
-0.049159731806672 -0.0457712301018854 0.0557261881375149 -0.0335300145890419
-0.0199170651403594 -0.0697248093892113 0.0674763385190748 -0.0249575370638841
0.0189289912334454 -0.0764949165157272 0.0667077970815493 -0.0131559288804151
0.054165183855175 -0.0662346219263073 0.0622565709833523 -0.025944273455596
0.0712503719521784 -0.040169082406991 0.00420435894500803 -0.00392334768184021
0.0515239359683363 -0.0467408632094424 -0.0314317348083691 -0.0246987805623299
0.0310998259962889 -0.0537177540152423 -0.0699791284668974 0.00735509017647599
-0.00353131531546428 -0.0556871637637578 -0.0588707939103167 0.0487572006829171
-0.0339335639350595 -0.0417060106541741 -0.0217325723259298 0.0616476934082144
-0.0467875868626116 -0.01859668959266 0.0105421114190122 0.0510046288855166
-0.0509495571574977 -0.0014363131148908 0.0224855125590098 0.0319962542535447
-0.0582267099483185 0.00867518700449879 0.0212611808693638 0.00654944980958998
-0.0599798262041936 0.00995019044439378 0.0119302948603422 -0.0105653761399382
-0.0681580590129651 0.0066891864092977 0.00719608485630601 -0.0308806912454825
-0.0750546757574684 -0.0164251159245672 0.0138999981248534 -0.043564301807769
-0.0582497955399751 -0.0539268577257633 0.0441515460408344 -0.0440667615957174
-0.0221624771487448 -0.0838297971857855 0.0648340888329641 -0.0282390344072095
0.0262981121960261 -0.0900163204730729 0.0594152434320517 -0.00407030899755351
0.0664559009768849 -0.0725543653869009 0.0383621496373189 -0.00639630679631198
0.0781589823777786 -0.0406096467705677 -0.0288803488687042 0.0132397876371079
0.0607312707506195 -0.0559025980371831 -0.0498128616628611 -0.011860694258495
0.0346133573163067 -0.0678764023983729 -0.0761342294022649 0.0110979111267262
-0.00896835412577415 -0.066904985793277 -0.0618292907144273 0.039686062402706
-0.0412954111103123 -0.0468165998792186 -0.0339900753007696 0.0491869091021423
-0.0523125538545281 -0.0191574309300228 -0.00867139373389885 0.0447135962673005
-0.0546557396272289 -0.00166466969963456 0.000220793564455082 0.0314231555182443
-0.0595756060762715 0.00517271235685327 -0.00180586036753229 0.0102240455702904
-0.0605708198612837 0.00460967716801438 -0.0106073223419214 -0.00594069484928677
-0.0667409490191367 0.000972096855780475 -0.0136682263378884 -0.0290847424503191
-0.071413185826861 -0.0219803564311274 -0.0055715068761636 -0.0466691233691695
-0.0528011503280732 -0.0576299736367662 0.0340864132376349 -0.0508573349805684
-0.0124157661687676 -0.0845340058518498 0.0610021728108577 -0.027398173910288
0.0356039332849954 -0.086309923928089 0.0507018450835679 0.00711305373083675
0.0723129772432026 -0.0643313572764522 0.0117574861703285 0.0130059658624614
0.0709280357080581 -0.0346388545752536 -0.059894904737954 0.0306904248270813
0.0566728962592091 -0.0529827103275053 -0.0651055326563212 0.00462808484008219
0.0308671893763949 -0.0658622226131619 -0.0770195251790825 0.0146948724756352
-0.0116792523430434 -0.0623354458481245 -0.0633722428103951 0.0267815303137661
-0.0402215168929898 -0.0426758011722919 -0.0476257278476504 0.0357050301135056
-0.048094804289749 -0.0165692971188571 -0.028978053027354 0.0385158272334095
-0.0490002324745428 -0.00143595913721613 -0.0222570215333096 0.0314481693750393
-0.052436586746761 0.000724076560044055 -0.0243104551054586 0.012025350828934
-0.0525593199856658 -0.00164097523033876 -0.0311446537957478 -0.00456074435348341
-0.0555770382556234 -0.0075979096260305 -0.0302176747270854 -0.0310221582780584
-0.0550708941241057 -0.0280233449386869 -0.0167442193399832 -0.0513584844568899
-0.0345393943446286 -0.0566317189981239 0.0270829787733771 -0.0558479398517089
0.0047390778264918 -0.0732003562806808 0.0570222302165108 -0.0236132117038283
0.0443980218509934 -0.0676955028502003 0.0383297336755601 0.0157375330226727
0.0680900170143185 -0.0445759640927185 -0.0139620163649784 0.0272906811700273
0.0512816192649632 -0.0216533613718489 -0.0821723123846744 0.0468350491650181
0.0432204681621796 -0.0373267838444047 -0.074367912576367 0.0204903803073041
0.0219954870198749 -0.0478989747716717 -0.0737343780658075 0.0175122405338637
-0.00950564357195378 -0.0444140990142748 -0.0636169508251273 0.0163801110728654
-0.0285087840615516 -0.0298510880041512 -0.0588610668953662 0.0254892254277264
-0.0338779793507031 -0.0118795727591027 -0.046632213651931 0.0348344733347655
-0.0352196562133043 -0.00199182308184483 -0.0409355896391785 0.0317094677171613
-0.0376778580639468 -0.00383028681398325 -0.0424334867510567 0.012843574632181
-0.0363433706737618 -0.00783949188549409 -0.0464412057834877 -0.00682767707256679
-0.036314917469913 -0.0137795258099986 -0.0402117625163141 -0.0377962786065572
-0.0327302427518998 -0.0285819944585305 -0.0202701843986534 -0.0585301102708768
-0.0128904162271305 -0.046482670275321 0.0256844780827582 -0.0581923279148444
0.0211560202757567 -0.0515275013458162 0.0517730106507706 -0.01915053867726
0.045449549201321 -0.0405946795675257 0.025645649789983 0.0187565031981287
0.0545929640940305 -0.0206047505401059 -0.0352138866098543 0.0324730563685707
0.0237425061155564 -0.00247121589924384 -0.092460853650196 0.0557125613843866
0.0243741340180623 -0.0127736522441591 -0.0755555671583657 0.0302517295968551
0.0136857128410268 -0.0196856323926344 -0.0684519081655783 0.0172751191572479
-0.00142137171597257 -0.0187586143038711 -0.0639572804054096 0.010639934081021
-0.00850191221375729 -0.0139495854385704 -0.0646370286729238 0.0222258463229247
-0.011985380839785 -0.0068470679229621 -0.0562878253181003 0.0336768654968058
-0.0153436778569473 -0.00317649860811485 -0.0526772313221752 0.0319817430480904
-0.017181021091504 -0.00789844294438143 -0.0540838281385178 0.0112728165347229
-0.015341332612094 -0.0103700781931129 -0.0547309040306392 -0.0120574105950082
-0.0149297208896094 -0.013725843953857 -0.0424293715677803 -0.0454742195694826
-0.0114084476363197 -0.0215901735465017 -0.0161893535011343 -0.0648865156406372
0.00106877652849469 -0.0291183288761844 0.0289103455099449 -0.0590736395466194
0.0237811417247089 -0.0272857228299702 0.0475071926065253 -0.0162023842922478
0.0355207497326648 -0.0128737311736962 0.0150513348825654 0.0176144968649149
0.0308884773795307 0.00225331737535425 -0.0496160556851478 0.0297337310314781
-0.00201196304121734 -0.0149130992859762 0.0606951505336261 -0.0279895037183952
-0.0122872162414867 -0.00458748913791585 -0.00194992609819737 -0.0358570235169383
-0.0115935272564856 0.0043030537794866 -0.0448966819732835 -0.00123475024072428
-0.00371215813862498 0.00428997804092843 -0.0466003190420086 0.0489997172443733
-0.00524746772913809 0.00324768934815075 -0.00524586738107591 0.0689614996388502
-0.00560450786169502 0.00359040833049465 0.0307078053043426 0.0540541468211065
-0.00518779258012786 0.00428129662343332 0.0523346874851917 0.0294509768370376
-0.00820909056376415 0.00737556536553919 0.059598466790071 0.00115259705860982
-0.01031297134251 0.00798782479548439 0.0587643844453964 -0.0161348313097362
-0.0130804127230522 0.00468002270168225 0.0586250527323704 -0.0235871568280856
-0.0152832129356059 -0.00302514031670783 0.0650617026140961 -0.0149152126059086
-0.0112474173072794 -0.0102496547667517 0.0689004628018762 -0.00154247038203068
-0.00936799602645996 -0.0136290454688547 0.0677594480056188 -0.00164247317357405
-0.00319269284126496 -0.0179678519848412 0.0786788213053782 -0.00701881457210961
0.00791537039316666 -0.0235023515337568 0.0962073043237529 -0.0337044498693709
0.0261497440953599 -0.0217630803376546 0.0542071191439578 -0.0191962675786308
0.0103042805323065 -0.0153500986443357 -0.00190991378751254 -0.0319977676516261
0.004283807547269 -0.0096183712120761 -0.0478251554476429 -0.00124513096752645
0.000362247935657209 -0.0128022359288487 -0.049646047701114 0.0463759089233464
-0.0110097114495732 -0.0129583003870905 -0.011119185352528 0.0670732693882504
-0.0188138816815332 -0.0068706341646669 0.0253438943539462 0.0556931701028411
-0.022205090580167 -0.000428760612209963 0.0462425309131771 0.03268889527843
-0.0292977224675459 0.00615111744373385 0.0528344026799935 0.00381933540128494
-0.0319656674926994 0.00691812644597794 0.0502389125654354 -0.0145848409653435
-0.0370858717343989 0.00188302220871672 0.04881622720312 -0.0261098347344952
-0.03906481190331 -0.0144928827646585 0.0555257362685971 -0.023476838621007
-0.0260856995076512 -0.0336728939894475 0.065564350913153 -0.0114131837401615
-0.00872793879501253 -0.0444242238172973 0.0677859513822263 -0.00811277071053273
0.0140035258080223 -0.0473407859596986 0.0719400005708808 -0.00653848137429956
0.036498170072115 -0.0429406522484201 0.083671864233669 -0.0274609578362024
0.0519657301467184 -0.0256407508499334 0.0360354779480234 -0.0103069965565665
0.033933856270994 -0.0254020734007649 -0.00908961776625581 -0.0307919116570814
0.0222453458244643 -0.0265735560581701 -0.0547481568319788 -0.00192642224900611
0.00448678909436271 -0.0323639701069452 -0.0540472826293049 0.0435676712261355
-0.0177224237038236 -0.0293409889415738 -0.0179819382559294 0.0628841352123297
-0.0309070712724654 -0.0164851559928558 0.0164269430130348 0.0531098034901585
-0.0374972252838997 -0.00446656178313899 0.0349778491567727 0.0330803600363642
-0.0456482778715548 0.00450833587189268 0.0385779106836815 0.00675002274008734
-0.0485129032786884 0.00544814295598179 0.0345175835589448 -0.0116484262636276
-0.0554419819995258 0.000676457357840879 0.032159744318309 -0.0276800765152398
-0.0592484570174247 -0.0204014170668828 0.0399609888336074 -0.0315119041928357
-0.0419100487243906 -0.0491453298269465 0.0592608991247357 -0.023951059013103
-0.0119609361923607 -0.0687800116558645 0.0669400251262836 -0.0133203564314458
0.026382048217128 -0.0708551730593538 0.0648783367320969 -0.00129497190247563
0.0584376454548256 -0.0572528068422553 0.0622792934277524 -0.0149070065899879
0.0702683349317808 -0.0279466297740321 0.00900396909635297 0.00030915436377229
0.0529931203946662 -0.0355970506166794 -0.0234750494156121 -0.0266132405981635
0.0361209097743331 -0.0454038378763762 -0.0625458889332205 -0.00105487238170961
0.00452088463331791 -0.0516588312548979 -0.0572881232960449 0.0379235552670825
-0.025633018485802 -0.0433473683130736 -0.0250375821142737 0.0536340589779476
-0.0408733092497239 -0.0230222519021453 0.00366381030959495 0.046551203372226
-0.0473097271710003 -0.0072571603143928 0.0176957058681062 0.0314016903004956
-0.0558345169453194 0.00116995254772318 0.0187590506688282 0.00882856589305633
-0.057726730314378 0.00206508901983688 0.0139847477387565 -0.00837268456911347
-0.0645067106650919 -0.00200262143960772 0.0124289298144322 -0.0277210979602348
-0.068679436464491 -0.0244608715422214 0.0213119342859364 -0.0376111975714412
-0.0492327995224966 -0.057485016967485 0.0493344071422651 -0.0356585957686301
-0.0119734938931633 -0.0824485770268902 0.0651555379793082 -0.0162757423786011
0.0351671996672297 -0.0821774328283822 0.0566086546716475 0.0068834831490535
0.0719961058114615 -0.0618308092557115 0.0365946288096045 0.00208057297219772
0.0768048713512233 -0.027757137515619 -0.0237096900891791 0.0119324691332519
0.062873979451469 -0.0432558389741394 -0.0411508965699552 -0.0167302728257976
0.0412450415456621 -0.0580765211130805 -0.0674577127958129 0.00141246495876663
0.00130953487598444 -0.0628795818120197 -0.0586200629692853 0.0289221512336717
-0.0321123057859336 -0.0492506629603399 -0.0348104445191624 0.040461679554813
-0.0456359894699236 -0.0250974367413627 -0.0129207901048193 0.0379553523291578
-0.0508704911552518 -0.00812587281643838 -0.00238527919432007 0.0285119444581553
-0.0570749847259234 -0.00176736587663365 -0.00345025955482129 0.00945875360924415
-0.0576021800023469 -0.00257690846130891 -0.00854422171734449 -0.00559724694970041
-0.0626407770669281 -0.00682040258511107 -0.00742293688451587 -0.02804792884069
-0.0647792213353845 -0.0289241739723732 0.00391681243134691 -0.0426917920936623
-0.0433877891723559 -0.0603576835918893 0.0399541656780362 -0.0432109519600511
-0.00313337739959089 -0.0820240001166243 0.0612873646838498 -0.0159852295747551
0.0435660195700103 -0.0784871479482773 0.0463659156644488 0.0163216303555619
0.0763961094032611 -0.0534049072969023 0.00828876588710147 0.0176540242298745
0.0691467190499516 -0.0233175199571377 -0.0547595283841284 0.0253794896079104
0.0587742252882893 -0.0408089602858051 -0.0570012073199614 -0.00273732732915072
0.037101295834086 -0.0572574218287925 -0.068722971449291 0.0052332018664708
-0.00236185792308305 -0.0595300365094284 -0.058647203251117 0.0165270031791512
-0.0312023194749262 -0.0448958174950136 -0.04596194462024 0.0259155143202968
-0.0421303963166033 -0.0221864153866572 -0.0312688694532416 0.030445197823917
-0.0456302004231887 -0.00718353155232769 -0.0234009655459969 0.0265066508468941
-0.0501828741547722 -0.00523461944547871 -0.0246023452368088 0.00947802581018417
-0.0484470768849246 -0.00796405900844948 -0.027857522568134 -0.00690898824491226
-0.0506000425819242 -0.0134188655104321 -0.0232758283014398 -0.0317287543859801
-0.0484373057151389 -0.0317147384191218 -0.00778584123189723 -0.0491796276573406
-0.0265771538776645 -0.0563328115912585 0.0344033995383902 -0.0480799424753159
0.012762873313952 -0.0691232020824741 0.0570760574759351 -0.0137545277550736
0.0497805258803154 -0.0593617390774213 0.0337995981626283 0.0229799905468981
0.0707300952466922 -0.0349313934207796 -0.0190474733443952 0.0282505155778079
0.0493985581804958 -0.0135066905757667 -0.0784246987112809 0.0363423644424061
0.0441438366599503 -0.0284292400115125 -0.0680415519912389 0.0109493167552621
0.0270152790702304 -0.0413170482286124 -0.0669252671791031 0.00733115582553738
-0.00287083895845317 -0.0422860013446543 -0.0582405968540093 0.00695909864088802
-0.0222110640469306 -0.0315910407660365 -0.0559163410283027 0.0162899997312716
-0.0290975557277389 -0.0158931095352283 -0.047383712256927 0.0255859251755137
-0.0324776666990097 -0.00539313805866482 -0.0413299431284186 0.0251170138984376
-0.0354260335776244 -0.00737137725727268 -0.0420139044811815 0.00825096930378001
-0.0333970517950112 -0.0111395966359259 -0.0419459684881226 -0.0109120654504451
-0.0319426942214879 -0.0163506439383318 -0.0323625542315195 -0.0389458653964782
-0.0263785653405572 -0.0302856311196809 -0.0112489412658322 -0.0562063250915499
-0.00704222596701126 -0.0441153011007941 0.0327257413154046 -0.0510801888410237
0.0244451973531832 -0.0471977575672234 0.0506295261150043 -0.0109386977271557
0.0469488388320131 -0.0331197116348632 0.0201979344561603 0.0231732941833714
0.0543470147193463 -0.0134155048244179 -0.0401481716479337 0.0293374940012505
0.0220238383915936 0.000778915490881347 -0.0899415560104046 0.0425034142687008
0.0235559108375512 -0.00861486171665835 -0.0720565330275658 0.0202554256684556
0.0155036406204649 -0.0165769992843036 -0.0642366221000851 0.00796038893465528
0.00155538528608786 -0.0174000743702133 -0.0588920640663983 0.00213685464070346
-0.00609378539811146 -0.0144465998123467 -0.0613997379738977 0.0127032395947818
-0.0094589064493977 -0.00864802962360951 -0.0557246042713527 0.0245300172698736
-0.0132782534064909 -0.00453173110471562 -0.0514907631953322 0.0240366523972236
-0.0152624630853834 -0.00890455250876109 -0.0519188748145503 0.00460346902820631
-0.0137351208759911 -0.0113546460079276 -0.0493926783765128 -0.017586710317421
-0.0120272273032377 -0.0144022739836384 -0.0342090930984966 -0.0468358762676649
-0.00820357725500412 -0.0211029733430668 -0.00724805624361077 -0.062389334093216
0.00434219754943413 -0.0271450902621596 0.0352938654020021 -0.0518459681060943
0.025222045014757 -0.0238087568713994 0.0463881813029676 -0.00883030873585645
0.0346676127751447 -0.00784658919412744 0.0115010745965944 0.019094641188577
0.0289546079441703 0.00568829398372991 -0.0519726251297424 0.0235964111444621
-0.00143144488277167 -0.0141991083804133 0.0587370230909219 -0.0261727301656886
-0.0114549287083671 -0.0044869460948189 -0.00161185594823428 -0.035607726844744
-0.0108529207826754 0.00383801725607932 -0.0441988040148158 -0.00298889919560905
-0.00388217745310107 0.00419492269814617 -0.0467737766854968 0.0463733833598638
-0.00544543016122146 0.00247648286652867 -0.00722403169178616 0.0664234661076885
-0.00558121904696228 0.00356619724272122 0.0276856504596571 0.0528205070280625
-0.0049893500712776 0.00412785739962566 0.0496488473924377 0.0294337855348215
-0.00870144580855344 0.00691392809794884 0.0574604203340935 0.00166816460998101
-0.00961380318662139 0.00709125006388177 0.0563345172752107 -0.0150688433179086
-0.0126749690223246 0.00461277189590812 0.0573308499793904 -0.0221831418135975
-0.0147943701415094 -0.00289954386062388 0.063532366743186 -0.0134613789789915
-0.010318838705007 -0.0101536297185538 0.0661914600057634 0.000418486590137787
-0.00884477649491483 -0.0127661315935315 0.065621363900699 0.000336881578506092
-0.00285008878844075 -0.0180931259187485 0.0760850597144063 -0.00438616471201302
0.00824206694444563 -0.0222585161097895 0.09345358795548 -0.0299952503265868
0.0257785816551058 -0.0198592770283856 0.0522764175988871 -0.0180068374025369
0.0105044564930464 -0.0142694108458025 -0.00156778806571831 -0.0319067784098846
0.0048123175483373 -0.00918949176958652 -0.0461526654242323 -0.00301163075705643
0.00104322368553592 -0.0122422339873842 -0.0498841096585734 0.0436257310941428
-0.0102799980156847 -0.0125497134803835 -0.0139232317758782 0.0639936464759133
-0.017629234787861 -0.00679509954394539 0.0220347204380266 0.0543057008107218
-0.0220756550260849 -0.000631796899512751 0.0434828982753568 0.0318356819477345
-0.0283633503089411 0.00521714066582355 0.0506483343679641 0.00346101992189565
-0.0306990313440461 0.00603136039811949 0.0484618758538381 -0.0136671273851154
-0.0356238404560738 0.00145953046453177 0.0474799136533291 -0.0247334447897205
-0.0375129789153905 -0.0148664118075766 0.0545192542096448 -0.0209458349072999
-0.0251993596254441 -0.0329800784930237 0.0639571335977013 -0.00905745126952393
-0.00727045873450395 -0.0434405927609256 0.0655032591041438 -0.00625607975325952
0.01502744723419 -0.0454316672879423 0.0695740954617563 -0.00342578894287883
0.0362751704905878 -0.0410156714631044 0.0809582695298936 -0.0240542706553418
0.0502496474176183 -0.0232751106330789 0.0344270831852643 -0.00978793418755662
0.0332758450371304 -0.0236381400752467 -0.00839658364426048 -0.0308734971454176
0.0221747289694766 -0.0248601108889853 -0.0527099610084337 -0.00335797859529141
0.00543000736515613 -0.0310359273685386 -0.0535414391114758 0.0401361489259383
-0.016003847036508 -0.0285865693154059 -0.0193455512426988 0.0594769722778356
-0.0291557275796977 -0.0163518954533329 0.0139578572721214 0.0512180198527711
-0.036483192085861 -0.00539320992239889 0.0323312016398457 0.0320794532374504
-0.0443954037011712 0.00373722247378103 0.0368653202152451 0.00675447590825353
-0.0470867997728517 0.00419958595807488 0.0337011087530714 -0.0112259631043115
-0.0532624498607209 -0.000106884841282435 0.0319613438530201 -0.0265841935827318
-0.0565049089099559 -0.0203597635237476 0.0394649306564205 -0.0292842062726947
-0.039181559690947 -0.0483325440573404 0.0582841594086666 -0.0212108762081704
-0.00945809712247233 -0.0671135648166309 0.0647209968250815 -0.0108148453907696
0.0272964739904099 -0.0679022058936097 0.0624512283201196 0.00125323767285535
0.0580566970752978 -0.0540333591671535 0.0601938492857756 -0.0121461523322079
0.0678498166206382 -0.0248365247944176 0.00845816252638402 -0.000636492918177491
0.0524472239660862 -0.0331985294058525 -0.0219767051513973 -0.027814825288486
0.0357778218987065 -0.0428622295047203 -0.0603426403873103 -0.00336983606679894
0.00541383893391649 -0.0494800388570788 -0.0570862630568375 0.0342291906701481
-0.0234942016826081 -0.0419335320327555 -0.0262957135284425 0.050120344699762
-0.0385218742554831 -0.0228743997436052 0.00233160786349705 0.0445916289506544
-0.0459139692437299 -0.00827320042330056 0.016040108984966 0.0298539947052704
-0.0543073503500417 0.00106376409052536 0.0183632513752073 0.00874977821120415
-0.0556864378838868 0.00141004028807451 0.0140371597583802 -0.00779440378237169
-0.061344389264686 -0.00260118290068659 0.0125329974648413 -0.0268112608069245
-0.0657200185284076 -0.0242235640007551 0.0220746872740684 -0.0357272114204944
-0.0461086378874846 -0.0565430849414807 0.0492906126081457 -0.0327381226986205
-0.0100980235054932 -0.0796122085142322 0.0629222991002542 -0.014368940651543
0.0357152527478196 -0.0791708471850537 0.0538015815453252 0.00874974051283967
0.0701630872550652 -0.0578543340552236 0.0345351934391307 0.00216568564276505
0.0744076660336213 -0.0244407670157063 -0.0232603913890121 0.0100895167824763
0.0613708510634837 -0.0398383965906478 -0.0390797660461604 -0.018180371137466
0.0415749758651173 -0.0550602733335286 -0.0651816811287471 -0.00036118160900598
0.00287797640272103 -0.0600192643476736 -0.0582725312254149 0.0253741630171551
-0.0292351201759563 -0.0479645894169277 -0.035389332712006 0.0377548890108605
-0.0432746980900075 -0.0253345628513126 -0.0133887049667629 0.0365239609913889
-0.0486133607209783 -0.00871068442199672 -0.00351590388067758 0.027636648577163
-0.0554402020350663 -0.00218716784008788 -0.00332609724309295 0.0092290359790679
-0.0557270089295829 -0.00323277289609403 -0.00774010830171054 -0.00633994142149565
-0.0600851050918289 -0.00719885898749171 -0.00629954909557537 -0.0274914403781314
-0.0613482723713069 -0.0279370881293935 0.00554818309064045 -0.0407731861744614
-0.0404795188648965 -0.0584638512013343 0.0399994631854602 -0.0407645429626949
-0.000952877495425976 -0.0795966694693467 0.0596865106419343 -0.0142108987152867
0.0438126698145557 -0.074496468423311 0.0444162770101153 0.0178402697738725
0.0742662711599377 -0.0496246342230461 0.00748698093673989 0.017938742661628
0.0671230025281891 -0.0205736505441919 -0.0537863017258164 0.0219949085216711
0.0572398894263585 -0.0374128957698754 -0.0550355717971043 -0.00502177928276004
0.0375225971867738 -0.053992044045109 -0.0660848616655741 0.00275564465416845
-0.000564276851844772 -0.0569572790540724 -0.0571461352325131 0.0140915817647503
-0.0291624117803007 -0.043689196352561 -0.0457081307581751 0.0236709299838199
-0.0396325160929623 -0.0219813044318335 -0.0308231996775944 0.0281434071114764
-0.0434470389181507 -0.00787978807057942 -0.0231015729827104 0.0250858629000577
-0.0484803284572528 -0.00577880501596724 -0.0236593421003585 0.00929286252803463
-0.0469738181254057 -0.0082610611095612 -0.0268144539512831 -0.00722120014054219
-0.0481116126760145 -0.0135828730697926 -0.0215312159276885 -0.0313313825922548
-0.0457285928708362 -0.0312728680803602 -0.00590215893748627 -0.0473803828665807
-0.023610318047314 -0.0545352633437102 0.034599323558712 -0.0455253392041606
0.0135195697339609 -0.066490491168568 0.0549140101145916 -0.0119439692265327
0.0488392783354741 -0.0557648627314827 0.031260684417993 0.0234897474849418
0.0684814012299602 -0.0322032737948256 -0.0189408433659823 0.0271020684486619
0.0481299947675326 -0.0116711879272696 -0.07682405184072 0.0325623128619847
0.0430625078778326 -0.0266064399818329 -0.0655227946572471 0.00884791214708396
0.0274719196312745 -0.0391324574885282 -0.0643810148943795 0.00529322189145388
-0.00139386579286004 -0.0402950631800535 -0.0566355199500138 0.00472307421752393
-0.0213332541757398 -0.0308656699704683 -0.0548102339015695 0.0140968269222363
-0.0278096040172039 -0.0158881197625181 -0.0459676295570015 0.0239803152582279
-0.0310707532078687 -0.00558394715343029 -0.0401377761182131 0.0235628169028613
-0.0345049008884009 -0.00798405768455188 -0.0403055737385999 0.0073386390557801
-0.0321570127020236 -0.0117390842385562 -0.0402007690463212 -0.0107753064017561
-0.0303999880024566 -0.0161146339371379 -0.0302183898347174 -0.0383047005771403
-0.0252067416067743 -0.0290133438103778 -0.00834121417256963 -0.0539875697784636
-0.00564634193591777 -0.0428911264988692 0.0331357584923477 -0.0485103626842231
0.0246194584203 -0.0451246018609681 0.0494996325311066 -0.00964399201037478
0.0465669046965127 -0.030751009668085 0.0186224972415034 0.0232693034801166
0.0523802817306511 -0.0116661001834986 -0.0387617434151555 0.0275834980422278
0.0209512193921846 0.00144235294905157 -0.0880200463103378 0.0389192401679393
0.0233524291007848 -0.00737893491433126 -0.0700451031998778 0.0168655454529595
0.0151369689074189 -0.0154888841720629 -0.0621476385119264 0.00556420669463625
0.00176425984672044 -0.0160590989442445 -0.0574369018597201 -0.000870505255971213
-0.00520930544483925 -0.0136468772754293 -0.0605068988447744 0.0106374023199743
-0.00867484363058207 -0.00859195033917164 -0.0547204189690439 0.0227820968073127
-0.0122722956961104 -0.00443054905790671 -0.050257743110033 0.0230050148952677
-0.0150390686230412 -0.00858769162176173 -0.0497861403487073 0.00490824692379238
-0.0125612117592706 -0.010841008900942 -0.0471963595867904 -0.0174811219035415
-0.0112474173866978 -0.0138809595888926 -0.0321721494371673 -0.0460848354103995
-0.00707036036584665 -0.0204137513289803 -0.00498802442138258 -0.060590870428982
0.00489967848533994 -0.0254761515864906 0.0353821018825218 -0.0485591747368165
0.0253919588846773 -0.0221463183495142 0.0450978922740171 -0.0075931539960444
0.0331824399883595 -0.00685414563970518 0.0102784806312571 0.0188662683048914
0.0288886255458878 0.00640785458374604 -0.0511182497151069 0.0213391688031633
-0.00105646930321408 -0.0141441094418361 0.0594536144270191 -0.0240296253334908
-0.0110109645394233 -0.00480001087748378 -0.000591252713263572 -0.0357480017075785
-0.0112054945070954 0.00393768756357104 -0.0438686610414188 -0.0052736466686608
-0.00388849782699726 0.00400991414627501 -0.0481308424579452 0.0443934093887967
-0.00546587146374178 0.00272778472918849 -0.00980283343906072 0.0665576633953758
-0.00518234578774212 0.00326316781830625 0.0248297677455588 0.0532203916450653
-0.0055545025953204 0.00383256128171184 0.0485675852645207 0.0303110328488482
-0.00883463031562333 0.00638560010734019 0.0569201220192237 0.00256435057558025
-0.0098579338784975 0.00650197039890456 0.0571193075429085 -0.0134548461710253
-0.0133573301903257 0.00444713577880174 0.0580474100756228 -0.0198283456066315
-0.0147814717934499 -0.0032742939103776 0.0640935393665094 -0.010908025125232
-0.0101406722491376 -0.0106811731457579 0.0667578395083498 0.00348159369078149
-0.00798175643496169 -0.0139631397259017 0.06544802506734 0.00342926688343417
-0.00156317757734352 -0.0181430772847145 0.0771456164538094 -0.00042792583934107
0.00907335166321937 -0.0222110312396906 0.09466047165243 -0.0262704338647689
0.0263784851443898 -0.0187421428145342 0.0524203371375459 -0.0164637933018397
0.0111169315876748 -0.0136336085201651 -0.000380867008777541 -0.0331472566795553
0.00526149776453313 -0.00856916351968641 -0.0468203328416799 -0.00533982429610404
0.00155166615701956 -0.0118895594509762 -0.0515729835039622 0.0413845196460929
-0.00992856307981417 -0.0128817568734726 -0.0162304665849587 0.0639581749136236
-0.0173330208343838 -0.00707689513300883 0.0192796095285414 0.054484618560224
-0.02244736457695 -0.00178778702778525 0.0421532896756835 0.033510678491556
-0.0291269249655055 0.00477698476957132 0.0505009849406913 0.0049449409670705
-0.0310937933358569 0.00500654109445817 0.0494824231399303 -0.0123345932743049
-0.0357997822487853 6.94122476830648E-05 0.0491998534895866 -0.0232547618056155
-0.0372510786854683 -0.0154355292931535 0.0557494882166144 -0.0195032077184516
-0.0233481535943877 -0.0340192247589063 0.0647233972914973 -0.00644303954376646
-0.00574266228451963 -0.0437370005254379 0.0656287859387536 -0.00319409042562784
0.0168359925590372 -0.0449647622439596 0.0703222365277673 -0.000462870909480964
0.0377896234473866 -0.0396031112556499 0.0819454289945475 -0.0212007169059475
0.0512633494989376 -0.0207944549218817 0.0348763246411475 -0.00904928575003052
0.0340998234014952 -0.0219161363111606 -0.0072488279481669 -0.0324536605375497
0.022963996093755 -0.0247523536460097 -0.052614178780121 -0.00561823986345037
0.00672484772551617 -0.030662749617285 -0.0554194444997439 0.0376675562627791
-0.0156368383229168 -0.0291677594270866 -0.0220539868160744 0.0585700665325985
-0.0284297199927376 -0.0168626775409847 0.0118128701910735 0.050852202888575
-0.0361984767409415 -0.00582817793654293 0.0313048212452387 0.0330195183383855
-0.0445076605411642 0.00242636126057412 0.0365560536098355 0.00730108099291467
-0.0471819614025682 0.00281430880422936 0.0341004068797331 -0.00972983378465668
-0.053034984715514 -0.00152262981024321 0.0325678566920815 -0.0255969060495022
-0.0560699736853452 -0.0220809288349133 0.0413599050593886 -0.0284196781254513
-0.0373885869575262 -0.0496561811597032 0.0590311268392049 -0.0188880854236312
-0.00707816411149906 -0.067236260648534 0.0650556252692463 -0.00849293241331999
0.0299808415494116 -0.0668704762747087 0.0622052066885854 0.00376250576378097
0.0596692731675124 -0.0524316170843745 0.0602131011323574 -0.0101362258452238
0.0688782842394179 -0.0220212205079226 0.00754676089402307 -0.00115190099241987
0.0533131422438467 -0.030722495689669 -0.0214896805738559 -0.0293112488404788
0.0376084279866343 -0.0419385461842238 -0.0601708688300551 -0.00631803944768851
0.00786181645688023 -0.0491509187875325 -0.0585835260101551 0.031977072179764
-0.0221868253413856 -0.0425706635986155 -0.0288272043934748 0.0493926881171884
-0.0375760575912247 -0.0242037277934834 3.50450709256251E-05 0.0440471217206903
-0.0455339822830143 -0.00926575923309933 0.0151195234511466 0.0308372302270946
-0.0544945282576669 -0.000684896948343383 0.0181873650367679 0.00884690791853433
-0.055882469346444 -0.000293037152574797 0.0138982180576293 -0.00771896554765792
-0.0614753810208608 -0.00383622626536992 0.0137438608228793 -0.0271974732395347
-0.0650238563957128 -0.0256840866569882 0.0242754444634055 -0.0351214753018581
-0.0441992263868564 -0.0578750855956024 0.050845505364712 -0.0304999169059313
-0.00715704694779668 -0.0800484220438496 0.0635418178351029 -0.0121784572903875
0.0383875450841179 -0.0777260197087327 0.0542635004734964 0.011761381469582
0.0725333514107773 -0.0557627659133142 0.0339027235643141 0.0044449659341791
0.0752335502619761 -0.0218773008317713 -0.0236308240812929 0.00880138820829504
0.0626214170751604 -0.0369534842280556 -0.0385075117460265 -0.0206899414505392
0.043857919125409 -0.0538848148780134 -0.06500416670087 -0.00373096880298729
0.00487275098676043 -0.0598617847932379 -0.0592526098971181 0.0225303757944333
-0.0283403355997441 -0.0485002284238204 -0.0374696086388087 0.0358837818765679
-0.04250053234134 -0.0263365937692404 -0.0150874330930087 0.0352296972586496
-0.0485890357289322 -0.00991557996483828 -0.00378564452766092 0.0268117900924657
-0.0552492771435999 -0.00371345655545248 -0.00357649133206849 0.00885674636823513
-0.0553103004832583 -0.00495817819594193 -0.00698550268453509 -0.00620012834434796
-0.0595758990890128 -0.00842256575782179 -0.0054245017245444 -0.0282481751183722
-0.0600758762850864 -0.0295199297847387 0.00711358787331559 -0.0407223253656583
-0.0385347594414943 -0.0597112373895067 0.04220566806707 -0.0390325108114722
0.00136495410182229 -0.0800291575357991 0.059764153708992 -0.0121499768389876
0.0463827103958563 -0.0732447657637288 0.0431985729738492 0.0200542197894678
0.0761698421145278 -0.0471754022084079 0.00568899488771523 0.0180645970017541
0.0680238234271699 -0.0177897622620104 -0.0543750171493675 0.0200043494091814
0.0585674025979238 -0.0348751444070744 -0.0549190864357971 -0.00791075011427015
0.0397468820833765 -0.0531097742829908 -0.0659595075491464 -0.000127932198332708
0.00161718092990148 -0.0569315510036643 -0.0582519176356223 0.0114378914970126
-0.0275408573254712 -0.0443772940590871 -0.0475616438708952 0.0218465211641255
-0.0386771548859079 -0.0235238916827319 -0.0326148785215588 0.0268843823494943
-0.0432541425275767 -0.00912147656643468 -0.0240017839543874 0.023978476037083
-0.0485728424964316 -0.00696736855482019 -0.0238569083665112 0.00871356939184919
-0.0465934298725442 -0.0097410192048443 -0.0257516855532467 -0.00736051672437642
-0.0472232238849455 -0.0145837985631782 -0.0201868443335897 -0.0326288692478589
-0.0438086450376281 -0.03225351385386 -0.00307116687762345 -0.0471610475954932
-0.0215423814145652 -0.0547638113345756 0.036182626335244 -0.0440371855519142
0.0161209428177579 -0.0661694248248023 0.0548790266441044 -0.0103690836242855
0.0511386348382934 -0.0542257706515781 0.0300799113271715 0.0246647464061238
0.0691442604951968 -0.0298045715290062 -0.0196923691870351 0.0260637075042361
0.0483196896121268 -0.00949200768312346 -0.0778305164634889 0.0297189829878356
0.0438624029364812 -0.0245387920465143 -0.0656957111666667 0.00517749106418142
0.0288038286018951 -0.0383481629783235 -0.0637742788647016 0.00214548186348168
0.000352058382089801 -0.0402766972994285 -0.0579475574708758 0.00145700399100321
-0.0197142471234333 -0.0311528313868951 -0.0559259407455594 0.0113657645322744
-0.026622591119897 -0.0169260404695368 -0.0466934397923943 0.0219279740762274
-0.0304766059720918 -0.00677637268851986 -0.0406468931816387 0.0226672264276951
-0.0344203997220922 -0.0083540348778608 -0.0401721282616429 0.00678282284861634
-0.0316757049622002 -0.0120947949836146 -0.0394071184217701 -0.0124510613772916
-0.0292207359606236 -0.0175376818375641 -0.0286195279085066 -0.0390735839623921
-0.0238229716395054 -0.0292945458969573 -0.00591169647719199 -0.0543207773397717
-0.00408476833853394 -0.0427056007783712 0.0355832394975145 -0.0469043393685842
0.0262578468548282 -0.0443758805950537 0.0500093580244366 -0.00809652762491024
0.0477735052547332 -0.0286847681019154 0.0175583108097356 0.0240086905728025
0.0534293892603383 -0.00950077999738419 -0.039794467775118 0.026685932641303
0.0209343546217178 0.00264919849727267 -0.0891638085577939 0.0348431138621085
0.0234801109163397 -0.00656598483840582 -0.0701065827286988 0.0137540692281077
0.0162501082464041 -0.0146218276559043 -0.0620548781195388 0.00230955810320672
0.00234952218397216 -0.0162106966217486 -0.0580229556295982 -0.00294838068372608
-0.00527382565617796 -0.0134021288054558 -0.0615385445733621 0.00752082417959137
-0.00820056968850688 -0.00878546436220898 -0.0560515910708614 0.0204958880073761
-0.0116211444286397 -0.00536397081494364 -0.0507112859024071 0.0209766491381955
-0.0150203534816357 -0.00857694209898092 -0.0497064621867413 0.00373875322177451
-0.0124700782092507 -0.0111638705105095 -0.046398565395418 -0.0185067103191852
-0.0103394280773892 -0.0146222654769531 -0.0297831688002088 -0.0466554637438956
-0.00661433509051611 -0.0203214098102153 -0.00154560636607046 -0.0600137820584156
0.00537768905000722 -0.0248313832933537 0.037818368596941 -0.0469801884180494
0.0256433719632107 -0.0214094745193657 0.0458327483290687 -0.00620325743564581
0.0345081826342089 -0.0054140337861106 0.00871464606872622 0.0195699765413683
0.0278254348024891 0.00742703057794908 -0.0510787733683677 0.0203199939377782
