TRXV5
3
4
4
9
string Extension=J
integer IsArchMeasurement=1
integer IsSpherical=1
string Generator=SPM
string GeneratorVersion=1.3.1 Dev
double ArchRadius=0.449999988079071
integer FrequencyAxisIndex=0
integer AzimuthAxisIndex=1
integer ElevationAxisIndex=2
Frequency
5 136 690000000 960000000 LIN
Azimuth
7 8 0 2.74889357189107 LIN
Elevation
7 15 -2.74889357189107 2.74889357189107 LIN
Polar H Real Part
13
Polar H Imaginary Part
14
Polar V Real Part
13
Polar V Imaginary Part
14
Polar H Magnitude (dB)
12 0xC0000002 0 1
Polar H Phase
7 0xC0000003 0 1
Polar V Magnitude (dB)
12 0xC0000002 2 3
Polar V Phase
7 0xC0000003 2 3
-0.00157546997070312 0.00278162956237793 -0.0263824462890625 -0.0613822937011719
-0.003570556640625 -0.0039982795715332 -0.00903701782226563 -0.0262260437011719
-0.00857973098754883 0.00152444839477539 0.0152587890625 0.00110626220703125
-0.0032353401184082 0.00738000869750976 0.0399131774902344 -0.00521087646484375
0.0025172233581543 0.00451087951660156 0.044403076171875 -0.0216407775878906
0.00337839126586914 0.000875711441040039 0.0383491516113281 -0.0410957336425781
0.00329709053039551 -0.00365710258483887 0.0233154296875 -0.049835205078125
0.0015568733215332 -0.00289654731750488 0.00924301147460938 -0.0436248779296875
0.00172090530395508 -0.00332927703857422 0.00190353393554688 -0.0323085784912109
0.005279541015625 -0.00191593170166016 -0.00302886962890625 -0.0225105285644531
0.00492525100708008 0.0023040771484375 -0.0162429809570313 -0.0153789520263672
-0.00143861770629883 0.00537967681884766 -0.0214920043945313 -0.0119705200195312
-0.00727987289428711 -0.00188541412353516 -0.0290908813476563 -0.0152568817138672
-0.000664234161376953 -0.00626564025878906 -0.0432586669921875 -0.0176658630371094
-0.000751495361328125 -0.00287079811096191 -0.0408935546875 -0.0166587829589844
0.0113983154296875 0.0229396820068359 -0.0205459594726563 -0.0568351745605469
0.0106019973754883 0.0142679214477539 -0.00249290466308594 -0.0216140747070313
0.00655174255371094 0.0132322311401367 0.019927978515625 0.000984191894531251
0.0132637023925781 0.0139036178588867 0.0423316955566406 -0.00586318969726563
0.0182666778564453 0.00514602661132813 0.0443077087402344 -0.0200653076171875
0.0180492401123047 -0.00786209106445313 0.0376167297363281 -0.0399284362792969
0.0135383605957031 -0.0171175003051758 0.0214462280273438 -0.0458564758300781
0.0108871459960937 -0.0161304473876953 0.00599288940429687 -0.0377273559570313
0.0110664367675781 -0.0186500549316406 -0.00220870971679687 -0.0269317626953125
0.0172271728515625 -0.0164632797241211 -0.00733566284179688 -0.0190753936767578
0.0198650360107422 -0.00728225708007813 -0.0195083618164062 -0.0124931335449219
0.0171718597412109 0.000222206115722656 -0.0228443145751953 -0.0108108520507812
0.0114917755126953 0.00397682189941406 -0.0292491912841797 -0.0143947601318359
0.0164394378662109 0.00593280792236328 -0.039306640625 -0.0141143798828125
0.015716552734375 0.0121221542358398 -0.0363540649414062 -0.0113716125488281
0.0216331481933594 0.0401725769042969 -0.0116729736328125 -0.0462875366210938
0.0242080688476562 0.0311927795410156 0.00610446929931641 -0.0114831924438477
0.0217704772949219 0.0238571166992188 0.0245952606201172 0.00379562377929688
0.0295009613037109 0.0184059143066406 0.044281005859375 -0.00497055053710937
0.0327072143554688 0.0036773681640625 0.0423240661621094 -0.0191650390625
0.0309658050537109 -0.0163631439208984 0.0332870483398437 -0.0366744995117187
0.0217075347900391 -0.0288333892822266 0.0161972045898437 -0.0368995666503906
0.0181770324707031 -0.0263271331787109 0.00150299072265625 -0.0270233154296875
0.0179347991943359 -0.0311260223388672 -0.0062408447265625 -0.0158424377441406
0.0255126953125 -0.0291690826416016 -0.0117855072021484 -0.0107336044311523
0.0310096740722656 -0.0166721343994141 -0.02362060546875 -0.00583839416503906
0.0320510864257812 -0.00536537170410156 -0.0248966217041016 -0.00868034362792969
0.0285491943359375 0.00712966918945313 -0.0281028747558594 -0.0133838653564453
0.0318279266357422 0.0159111022949219 -0.0305137634277344 -0.00897407531738281
0.0291500091552734 0.0254840850830078 -0.0268573760986328 -0.00154304504394531
0.02984619140625 0.0515098571777344 -0.000114440917968748 -0.0306835174560547
0.0364303588867188 0.0439643859863281 0.0162744522094727 0.00146961212158203
0.0361480712890625 0.0307197570800781 0.0285758972167969 0.007781982421875
0.0440597534179688 0.0191612243652344 0.0429496765136719 -0.00313186645507812
0.0436439514160156 -0.0002899169921875 0.0363883972167969 -0.0162620544433594
0.0382652282714844 -0.0241165161132813 0.0250110626220703 -0.02923583984375
0.025421142578125 -0.0357818603515625 0.00872993469238282 -0.0231342315673828
0.0220470428466797 -0.0331459045410156 -0.00316429138183594 -0.0118618011474609
0.0218086242675781 -0.0382957458496094 -0.00922393798828125 -0.000905036926269533
0.0299644470214844 -0.0366477966308594 -0.0160980224609375 0.00152969360351562
0.0382843017578125 -0.0224189758300781 -0.0268135070800781 0.00334930419921875
0.0418281555175781 -0.009063720703125 -0.0259666442871094 -0.00454902648925781
0.0411758422851563 0.00928878784179688 -0.0252704620361328 -0.0120410919189453
0.0434837341308594 0.0240821838378906 -0.0187397003173828 -0.00367927551269531
0.0372123718261719 0.0356941223144531 -0.0137720108032227 0.0102167129516602
0.0332679748535156 0.0544662475585937 0.0129976272583008 -0.0142583847045898
0.044708251953125 0.0484237670898438 0.0261135101318359 0.0129737854003906
0.0456962585449219 0.0304145812988281 0.0321903228759766 0.0108242034912109
0.0509109497070313 0.0146675109863281 0.0381813049316406 -0.000236511230468749
0.0466461181640625 -0.00568389892578125 0.0280857086181641 -0.0110702514648438
0.0386734008789063 -0.0296859741210938 0.0148544311523438 -0.0187702178955078
0.024749755859375 -0.038543701171875 0.00124883651733399 -0.00704193115234375
0.0221691131591797 -0.0343456268310547 -0.00730037689208984 0.00521278381347656
0.0227203369140625 -0.0395050048828125 -0.0128793716430664 0.0147523880004883
0.0305404663085938 -0.0377159118652344 -0.0204448699951172 0.0143375396728516
0.040557861328125 -0.0223617553710938 -0.0300064086914063 0.0119380950927734
0.0462493896484375 -0.0092010498046875 -0.0266323089599609 -0.000171661376953121
0.046539306640625 0.0126762390136719 -0.0211086273193359 -0.0104026794433594
0.0471992492675781 0.029815673828125 -0.00511741638183593 0.00314235687255859
0.0389556884765625 0.0424041748046875 1.14440917968793E-05 0.0256328582763672
0.0315017700195312 0.04901123046875 0.0266323089599609 -8.0108642578122E-05
0.0453224182128906 0.0440940856933594 0.03643798828125 0.0207786560058594
0.0468177795410156 0.024749755859375 0.032867431640625 0.0118465423583984
0.0489425659179688 0.00752639770507813 0.0310859680175781 0.00321578979492188
0.0422744750976563 -0.0112800598144531 0.0189933776855469 -0.0030670166015625
0.0322628021240234 -0.0308933258056641 0.00609064102172852 -0.00562524795532227
0.0192718505859375 -0.0346527099609375 -0.00418949127197266 0.00963211059570312
0.0184421539306641 -0.0300178527832031 -0.0101737976074219 0.0213832855224609
0.0202922821044922 -0.0345382690429688 -0.0164508819580078 0.0287437438964844
0.0277385711669922 -0.0319156646728516 -0.0256214141845703 0.0255069732666016
0.0376091003417969 -0.0182991027832031 -0.0329189300537109 0.019012451171875
0.0439491271972656 -0.00611495971679688 -0.0274944305419922 0.00335311889648437
0.0440788269042969 0.015869140625 -0.0163068771362305 -0.0074920654296875
0.0428924560546875 0.033599853515625 0.00749015808105469 0.010955810546875
0.0328636169433594 0.0438613891601563 0.0125579833984375 0.0410003662109375
0.0234909057617188 0.0358772277832031 0.0367507934570313 0.00962448120117188
0.0380897521972656 0.0330467224121094 0.0434150695800781 0.0227813720703125
0.0382957458496094 0.0151596069335937 0.0319957733154297 0.0115528106689453
0.0376472473144531 0.0004730224609375 0.0244846343994141 0.00583839416503906
0.0297908782958984 -0.0134468078613281 0.0124359130859375 0.00361537933349609
0.0196037292480469 -0.0262680053710938 4.10079956054694E-05 0.00746583938598633
0.0109786987304687 -0.0245399475097656 -0.00696372985839844 0.0243473052978516
0.0115966796875 -0.0209693908691406 -0.0122585296630859 0.0344829559326172
0.0138149261474609 -0.0247821807861328 -0.0195693969726562 0.0399703979492188
0.0204658508300781 -0.0231647491455078 -0.0313777923583984 0.0334796905517578
0.0293693542480469 -0.0119152069091797 -0.0360641479492188 0.0232391357421875
0.0348224639892578 -0.00267601013183594 -0.0286064147949219 0.00623703002929687
0.0340538024902344 0.0169277191162109 -0.0140247344970703 -0.00355720520019531
0.0317287445068359 0.0313129425048828 0.0152359008789063 0.0197124481201172
0.0210800170898437 0.0378532409667969 0.0198135375976563 0.055633544921875
0.00994300842285156 0.0189933776855469 0.0430488586425781 0.0131645202636719
0.0246410369873047 0.0184211730957031 0.0459632873535156 0.0210952758789063
0.0228633880615234 0.00480270385742188 0.0299758911132813 0.00971794128417969
0.0199089050292969 -0.00395011901855469 0.0197181701660156 0.00931167602539063
0.0127468109130859 -0.0112543106079102 0.00918102264404297 0.00988197326660156
0.00497817993164062 -0.0153694152832031 -0.00178813934326172 0.0169000625610352
0.00197124481201172 -0.010655403137207 -0.00661468505859375 0.0331077575683594
0.00296354293823242 -0.00868558883666992 -0.0123291015625 0.0421409606933594
0.00456142425537109 -0.0126008987426758 -0.0228843688964844 0.045928955078125
0.00836086273193359 -0.0125465393066406 -0.0363845825195313 0.0375404357910156
0.0160322189331055 -0.00714492797851563 -0.0398368835449219 0.0244407653808594
0.0207653045654297 -0.00128555297851562 -0.0315914154052734 0.00810623168945312
0.0212497711181641 0.0121650695800781 -0.0135269165039062 0.000969886779785159
0.0188827514648438 0.0217075347900391 0.0165271759033203 0.0280189514160156
0.007843017578125 0.0255756378173828 0.0219459533691406 0.0669898986816406
-0.000505924224853515 0.00330471992492676 -0.0303230285644531 -0.0603294372558594
-0.00350642204284668 -0.00342774391174316 -0.0114593505859375 -0.0255889892578125
-0.00789451599121094 0.00203418731689453 0.015625 -8.29696655273436E-05
-0.00181722640991211 0.0077371597290039 0.0399017333984375 -0.00838088989257813
0.00309419631958008 0.00453329086303711 0.0439910888671875 -0.0245704650878906
0.00414085388183594 0.000384092330932617 0.0363349914550781 -0.0442085266113281
0.00351238250732422 -0.00457096099853516 0.0201148986816406 -0.0523910522460937
0.00198888778686523 -0.00354766845703125 0.00587081909179687 -0.0447463989257813
0.00252652168273926 -0.00405550003051758 -0.00107002258300781 -0.0332698822021484
0.00574970245361328 -0.00223827362060547 -0.0052032470703125 -0.0227622985839844
0.00567340850830078 0.00171947479248047 -0.0173635482788086 -0.01416015625
-0.000688076019287109 0.00521421432495117 -0.0227489471435547 -0.0109443664550781
-0.00696849822998047 -0.000861167907714844 -0.0305614471435547 -0.0148410797119141
-0.00144290924072266 -0.00594043731689453 -0.0453948974609375 -0.0158271789550781
-0.00101757049560547 -0.00270795822143555 -0.0429954528808594 -0.0142784118652344
0.0135574340820313 0.0224761962890625 -0.0236892700195312 -0.0559349060058594
0.0123319625854492 0.0136308670043945 -0.00356674194335937 -0.0208282470703125
0.00790023803710938 0.0132465362548828 0.0204067230224609 -0.000297546386718749
0.0147342681884766 0.0125513076782227 0.0426673889160156 -0.00875473022460938
0.0190486907958984 0.00356292724609375 0.0441703796386719 -0.0235710144042969
0.0182380676269531 -0.00943374633789063 0.0359153747558594 -0.0435943603515625
0.0125007629394531 -0.0190258026123047 0.0178489685058594 -0.0476493835449219
0.0102386474609375 -0.0171785354614258 0.003021240234375 -0.0391006469726563
0.0103206634521484 -0.0199069976806641 -0.00455856323242188 -0.0271778106689453
0.0165157318115234 -0.0184898376464844 -0.00894355773925781 -0.0190715789794922
0.0202121734619141 -0.0089263916015625 -0.0210628509521484 -0.0113449096679688
0.0176658630371094 -0.000682830810546875 -0.0238895416259766 -0.0102710723876953
0.0120420455932617 0.00334739685058594 -0.0305442810058594 -0.0137710571289063
0.0169849395751953 0.00500679016113281 -0.041168212890625 -0.0120582580566406
0.0166692733764648 0.0119943618774414 -0.0387725830078125 -0.00919723510742188
0.0258026123046875 0.0395240783691406 -0.0138816833496094 -0.0451431274414063
0.0274448394775391 0.0305519104003906 0.0057668685913086 -0.0108280181884766
0.0240345001220703 0.0231494903564453 0.0256061553955078 0.0029754638671875
0.0315876007080078 0.0168075561523438 0.0448074340820313 -0.0076141357421875
0.0333805084228516 0.00108909606933594 0.0416526794433594 -0.0221824645996094
0.0300807952880859 -0.0193996429443359 0.0308799743652344 -0.0388221740722656
0.0199604034423828 -0.0309104919433594 0.0128631591796875 -0.0380783081054688
0.0168495178222656 -0.0286960601806641 -0.000970840454101562 -0.0273113250732422
0.0163135528564453 -0.0328121185302734 -0.00796699523925781 -0.0156040191650391
0.0241298675537109 -0.0316238403320313 -0.0135126113891602 -0.0104055404663086
0.0313148498535156 -0.0192604064941406 -0.0249099731445312 -0.00441169738769532
0.0322513580322266 -0.00721931457519531 -0.0259189605712891 -0.00697708129882813
0.0300712585449219 0.00560951232910156 -0.0302886962890625 -0.0122528076171875
0.0333271026611328 0.0140113830566406 -0.0324172973632813 -0.00725936889648438
0.0311355590820313 0.0240325927734375 -0.0284290313720703 9.72747802734384E-05
0.0340194702148438 0.0500221252441406 -0.000707626342773433 -0.0307445526123047
0.0395088195800781 0.0417289733886719 0.0166540145874023 0.000685691833496096
0.0391960144042969 0.0288619995117188 0.0304679870605469 0.00670051574707031
0.0458335876464844 0.0161323547363281 0.0428543090820313 -0.00490188598632813
0.0437774658203125 -0.00311660766601562 0.0358314514160156 -0.0184974670410156
0.0372505187988281 -0.0272941589355469 0.0232524871826172 -0.0314865112304688
0.0226516723632813 -0.0383796691894531 0.00723075866699219 -0.0244026184082031
0.0200824737548828 -0.0349464416503906 -0.00431728363037109 -0.0116109848022461
0.0188865661621094 -0.0404434204101563 -0.0100164413452148 0.00020313262939453
0.0276679992675781 -0.03961181640625 -0.0169343948364258 0.00249671936035156
0.0381088256835938 -0.0252227783203125 -0.0277500152587891 0.00512504577636719
0.0420494079589844 -0.0124893188476563 -0.0270347595214844 -0.00322151184082031
0.04180908203125 0.0065460205078125 -0.0272178649902344 -0.0112323760986328
0.0452537536621094 0.0211868286132813 -0.0196762084960937 -0.00270271301269531
0.041015625 0.0334701538085938 -0.0141029357910156 0.0116119384765625
0.0386428833007813 0.0526809692382813 0.0129518508911133 -0.0147905349731445
0.048614501953125 0.0452499389648437 0.0275058746337891 0.0123138427734375
0.0481910705566406 0.0284423828125 0.033294677734375 0.0102176666259766
0.0529251098632813 0.0115852355957031 0.0390205383300781 -0.00152969360351562
0.0470848083496094 -0.00974655151367188 0.0276756286621094 -0.0119247436523438
0.0367393493652344 -0.0324134826660156 0.0132350921630859 -0.0198249816894531
0.0214653015136719 -0.040252685546875 0.000692367553710939 -0.00685262680053711
0.0199241638183594 -0.0365982055664063 -0.00759601593017578 0.00680780410766601
0.019256591796875 -0.0418014526367188 -0.0121574401855469 0.0168180465698242
0.0286674499511719 -0.0403366088867188 -0.0201625823974609 0.0157012939453125
0.03985595703125 -0.0260086059570312 -0.0305805206298828 0.0138740539550781
0.0464286804199219 -0.0134124755859375 -0.0273075103759766 0.00129318237304688
0.0476875305175781 0.00959014892578125 -0.023040771484375 -0.00867652893066406
0.04986572265625 0.0272064208984375 -0.00521039962768554 0.0026240348815918
0.0425529479980469 0.03985595703125 0.000997543334960942 0.0256309509277344
0.0360527038574219 0.0474052429199219 0.0279960632324219 -0.000663757324218747
0.0492515563964844 0.0410079956054688 0.0389404296875 0.0190467834472656
0.0487327575683594 0.022003173828125 0.0344200134277344 0.0104961395263672
0.0507965087890625 0.00401687622070313 0.0318870544433594 0.00190353393554688
0.0418586730957031 -0.0138778686523438 0.0188388824462891 -0.00368309020996094
0.0297718048095703 -0.0334644317626953 0.00615358352661133 -0.00589799880981445
0.0166130065917969 -0.0363197326660156 -0.00337791442871094 0.00996589660644531
0.0160427093505859 -0.0311870574951172 -0.00958442687988281 0.0225982666015625
0.0173568725585938 -0.0364227294921875 -0.0147895812988281 0.0309429168701172
0.0255985260009766 -0.0346031188964844 -0.0249099731445313 0.0277328491210937
0.0369644165039063 -0.0211944580078125 -0.0325584411621094 0.0214214324951172
0.0438919067382813 -0.00998687744140625 -0.0273780822753906 0.00510025024414063
0.0451812744140625 0.0129203796386719 -0.0184154510498047 -0.00647544860839843
0.0450325012207031 0.0310859680175781 0.00759696960449219 0.0102443695068359
0.0364418029785156 0.0416336059570313 0.0139617919921875 0.0409355163574219
0.0266075134277344 0.0343151092529297 0.0388908386230469 0.00792694091796875
0.0407752990722656 0.0299072265625 0.0458412170410156 0.0214881896972656
0.03973388671875 0.0126533508300781 0.0329570770263672 0.0100784301757813
0.0380706787109375 -0.00225067138671875 0.0254192352294922 0.0054168701171875
0.0286445617675781 -0.0155048370361328 0.0122795104980469 0.00415897369384766
0.0173854827880859 -0.0277156829833984 0.000621795654296877 0.00823354721069336
0.00866317749023438 -0.0260219573974609 -0.00470352172851562 0.0251483917236328
0.0100727081298828 -0.0220603942871094 -0.00999069213867188 0.0358390808105469
0.0118751525878906 -0.0264167785644531 -0.0172500610351563 0.0422935485839844
0.0188045501708984 -0.0241584777832031 -0.02978515625 0.0362205505371094
0.0282363891601563 -0.0142383575439453 -0.0357856750488281 0.0261459350585938
0.0348415374755859 -0.00509071350097656 -0.0297908782958984 0.00794601440429687
0.0352592468261719 0.0145301818847656 -0.0146474838256836 -0.00279903411865234
0.0344142913818359 0.0294113159179688 0.015716552734375 0.0186061859130859
0.0245704650878906 0.0368843078613281 0.0232467651367188 0.0554161071777344
0.0123405456542969 0.0185890197753906 0.0447807312011719 0.011199951171875
0.0255107879638672 0.0164070129394531 0.0484962463378906 0.0188636779785156
0.0236568450927734 0.0031890869140625 0.0314388275146484 0.00922584533691406
0.0194892883300781 -0.00579643249511719 0.0206203460693359 0.0089111328125
0.0120010375976563 -0.0120925903320313 0.0106124877929688 0.00980472564697265
0.00349617004394531 -0.0159273147583008 1.52587890625018E-05 0.0175333023071289
0.000645637512207031 -0.0106172561645508 -0.00372886657714844 0.0342292785644531
0.00210046768188476 -0.0087432861328125 -0.00922012329101562 0.0437431335449219
0.00341892242431641 -0.0121555328369141 -0.019775390625 0.0482902526855469
0.00695705413818359 -0.0126628875732422 -0.0347824096679687 0.0404014587402344
0.0155067443847656 -0.00827407836914063 -0.0396766662597656 0.0276756286621094
0.0210819244384766 -0.00277900695800781 -0.0319690704345703 0.0103702545166016
0.0219306945800781 0.0109882354736328 -0.0140800476074219 0.00177097320556641
0.0192184448242188 0.0204849243164063 0.0177402496337891 0.0263538360595703
0.00977706909179688 0.0247840881347656 0.0263710021972656 0.066436767578125
-7.62939453125004E-05 0.0036928653717041 -0.0321197509765625 -0.0571136474609375
-0.00294876098632813 -0.00281548500061035 -0.0118045806884766 -0.0241813659667969
-0.00711631774902344 0.00252151489257812 0.0159530639648438 -0.000751495361328125
-0.00151491165161133 0.00762748718261719 0.0390777587890625 -0.0108222961425781
0.00342011451721191 0.00350379943847656 0.0421257019042969 -0.0267906188964844
0.00409674644470215 -0.000139951705932617 0.0332565307617188 -0.0455780029296875
0.00307369232177734 -0.0058903694152832 0.01629638671875 -0.0521659851074219
0.00253796577453613 -0.00376749038696289 0.00249099731445313 -0.0437812805175781
0.00197696685791016 -0.00453329086303711 -0.00369071960449219 -0.0324821472167969
0.00615978240966797 -0.00281190872192383 -0.00638198852539062 -0.0225563049316406
0.00613164901733398 0.00151586532592773 -0.0183944702148438 -0.0129566192626953
-4.76837158203131E-05 0.00541019439697266 -0.0232334136962891 -0.010498046875
-0.00711393356323242 0.000137805938720702 -0.0310497283935547 -0.01397705078125
-0.00223445892333984 -0.00575828552246094 -0.0462417602539063 -0.0137062072753906
-0.00144624710083008 -0.00219047069549561 -0.0440673828125 -0.0117378234863281
0.0152912139892578 0.0218009948730469 -0.0254936218261719 -0.052825927734375
0.0132055282592773 0.0126867294311523 -0.00423812866210937 -0.0195960998535156
0.00886917114257812 0.0122222900390625 0.0202713012695313 -0.000709533691406249
0.0153541564941406 0.01153564453125 0.0414619445800781 -0.0106353759765625
0.0188503265380859 0.00177383422851563 0.0421104431152344 -0.0257530212402344
0.0170202255249023 -0.0110864639282227 0.0322799682617188 -0.0441856384277344
0.0108890533447266 -0.0200061798095703 0.0146331787109375 -0.0477867126464844
0.00945854187011719 -0.0177059173583984 8.01086425781276E-05 -0.0380172729492188
0.00930595397949219 -0.0208034515380859 -0.00665855407714844 -0.0265235900878906
0.0152168273925781 -0.0187320709228516 -0.0102615356445313 -0.0190410614013672
0.0196552276611328 -0.0100421905517578 -0.0217266082763672 -0.010162353515625
0.0176753997802734 -0.00134849548339844 -0.0243186950683594 -0.00848960876464844
0.0121841430664063 0.00357913970947266 -0.0310859680175781 -0.0120296478271484
0.0163507461547852 0.00432872772216797 -0.041595458984375 -0.009613037109375
0.0171318054199219 0.0110549926757813 -0.0391387939453125 -0.00694274902343749
0.0281639099121094 0.0374031066894531 -0.0152854919433594 -0.0433845520019531
0.0285911560058594 0.0278854370117188 0.00513076782226563 -0.0104446411132813
0.0252704620361328 0.021636962890625 0.0256996154785156 0.00191497802734375
0.0320987701416016 0.014312744140625 0.0430679321289063 -0.00897979736328125
0.032958984375 -0.000795364379882813 0.0396003723144531 -0.0237045288085938
0.0285053253173828 -0.0203933715820312 0.0282173156738281 -0.0402412414550781
0.0173625946044922 -0.0314922332763672 0.0104141235351563 -0.0378952026367187
0.0142269134521484 -0.0295505523681641 -0.00261116027832031 -0.0260105133056641
0.0140857696533203 -0.0339508056640625 -0.00911617279052734 -0.0146093368530273
0.0218429565429688 -0.0328464508056641 -0.0144443511962891 -0.009521484375
0.0298748016357422 -0.0201015472412109 -0.02520751953125 -0.00307846069335937
0.0318851470947266 -0.00914192199707031 -0.0258464813232422 -0.00601005554199218
0.0289516448974609 0.0038604736328125 -0.0304641723632813 -0.0101833343505859
0.0336494445800781 0.0122222900390625 -0.0330333709716797 -0.00505638122558594
0.0322856903076172 0.0218143463134766 -0.0287227630615234 0.00116920471191407
0.0368728637695313 0.0473823547363281 -0.00202178955078125 -0.0295238494873047
0.041900634765625 0.0384407043457031 0.0164041519165039 0.00119781494140625
0.0397605895996094 0.0258064270019531 0.0297508239746094 0.00583267211914063
0.047149658203125 0.0131416320800781 0.0422401428222656 -0.00688934326171875
0.042633056640625 -0.00617218017578125 0.0338058471679688 -0.0195598602294922
0.0345191955566406 -0.0284748077392578 0.0202541351318359 -0.0318889617919922
0.0202217102050781 -0.0388336181640625 0.00539779663085938 -0.0232791900634766
0.0174942016601563 -0.0355567932128906 -0.00572395324707031 -0.00987052917480469
0.0165061950683594 -0.0413398742675781 -0.0100879669189453 0.001068115234375
0.0246238708496094 -0.0410919189453125 -0.0167932510375977 0.00334930419921875
0.0354804992675781 -0.0275535583496094 -0.0273189544677734 0.00630569458007812
0.0412025451660156 -0.0150337219238281 -0.0272235870361328 -0.00196647644042968
0.04180908203125 0.00423049926757813 -0.0280647277832031 -0.00925254821777343
0.0454788208007813 0.0188980102539063 -0.0202598571777344 -0.00168609619140625
0.0418968200683594 0.0311622619628906 -0.0138998031616211 0.0120363235473633
0.0410804748535156 0.0497398376464844 0.0128536224365234 -0.0144767761230469
0.0497894287109375 0.0421943664550781 0.0286712646484375 0.0115718841552734
0.0493659973144531 0.0254745483398438 0.0334720611572266 0.00925636291503906
0.0530014038085937 0.00754165649414062 0.0378913879394531 -0.00328445434570312
0.0458908081054688 -0.0123023986816406 0.0259952545166016 -0.013427734375
0.0336341857910156 -0.0341091156005859 0.0119991302490234 -0.0198135375976563
0.0188560485839844 -0.0403366088867187 0.000401496887207033 -0.00661420822143555
0.0170516967773438 -0.0365791320800781 -0.00675821304321289 0.00710821151733398
0.0163307189941406 -0.0418968200683594 -0.0109186172485352 0.0172214508056641
0.02508544921875 -0.0414085388183594 -0.0200881958007813 0.0165653228759766
0.0376434326171875 -0.0281028747558594 -0.0285549163818359 0.0157127380371094
0.0447731018066406 -0.0161094665527344 -0.0274200439453125 0.00317001342773438
0.0474090576171875 0.0064544677734375 -0.0239086151123047 -0.00760841369628907
0.0500717163085938 0.0237693786621094 -0.00557136535644531 0.00357294082641602
0.044281005859375 0.0369491577148438 0.00153732299804688 0.0252151489257813
0.0385704040527344 0.0436515808105469 0.0275726318359375 -0.00191497802734375
0.0503692626953125 0.037078857421875 0.0385971069335938 0.0175628662109375
0.049346923828125 0.0188674926757813 0.0341758728027344 0.00957679748535156
0.049957275390625 0.00099945068359375 0.0316696166992188 0.00156784057617188
0.0399360656738281 -0.0165290832519531 0.0179080963134766 -0.00512123107910156
0.0266647338867188 -0.0340957641601563 0.00519609451293945 -0.00506258010864258
0.0139274597167969 -0.0355491638183594 -0.00272178649902344 0.0109567642211914
0.0143203735351563 -0.0320682525634766 -0.00794219970703125 0.0236968994140625
0.0145263671875 -0.0369911193847656 -0.0123805999755859 0.0314445495605469
0.0224227905273438 -0.0350475311279297 -0.0233860015869141 0.0283432006835937
0.0349254608154297 -0.0232563018798828 -0.0312862396240234 0.0228404998779297
0.0423469543457031 -0.0125274658203125 -0.0277061462402344 0.00690650939941406
0.0449066162109375 0.0105171203613281 -0.0191593170166016 -0.00509834289550781
0.0458564758300781 0.0279884338378906 0.00699710845947266 0.00951766967773438
0.0390396118164063 0.0380630493164063 0.0150718688964844 0.0398139953613281
0.0286388397216797 0.0315761566162109 0.0392341613769531 0.005615234375
0.04205322265625 0.0269279479980469 0.0467453002929688 0.0178604125976563
0.0392532348632813 0.00957107543945313 0.0330982208251953 0.00939750671386719
0.0374526977539063 -0.00490951538085938 0.0251388549804688 0.00506210327148438
0.0265159606933594 -0.0166511535644531 0.0126590728759766 0.00377368927001953
0.0151176452636719 -0.0274772644042969 0.00126075744628906 0.00811958312988281
0.006866455078125 -0.0253467559814453 -0.0034637451171875 0.0254077911376953
0.00842857360839844 -0.0219917297363281 -0.00679779052734375 0.0364646911621094
0.00970649719238281 -0.0259532928466797 -0.0143470764160156 0.043212890625
0.016326904296875 -0.0250606536865234 -0.0276603698730469 0.0374526977539063
0.0268211364746094 -0.0155887603759766 -0.0339374542236328 0.0276069641113281
0.0336189270019531 -0.00772857666015625 -0.0286941528320312 0.00968551635742188
0.0355796813964844 0.0122795104980469 -0.0146751403808594 -0.00101947784423828
0.0356216430664063 0.0265693664550781 0.0162935256958008 0.0173683166503906
0.0266399383544922 0.0345172882080078 0.0248336791992188 0.0524101257324219
0.0135030746459961 0.0167007446289063 0.0460853576660156 0.00885772705078125
0.0257148742675781 0.013763427734375 0.0492820739746094 0.0165214538574219
0.0233726501464844 0.00146293640136719 0.0313034057617188 0.00742149353027344
0.0181331634521484 -0.00709152221679688 0.0210800170898438 0.00875473022460938
0.0105314254760742 -0.0128173828125 0.0105104446411133 0.00967025756835938
0.00209426879882812 -0.0152854919433594 0.000925064086914061 0.0176181793212891
-0.000278472900390625 -0.0102577209472656 -0.00142288208007812 0.0337963104248047
0.00182056427001953 -0.00815629959106445 -0.005950927734375 0.0432319641113281
0.00265789031982422 -0.0112724304199219 -0.0160636901855469 0.0486984252929688
0.00611591339111328 -0.0131330490112305 -0.0317268371582031 0.0419845581054688
0.014430046081543 -0.00920677185058594 -0.03741455078125 0.0292816162109375
0.0199546813964844 -0.00362205505371094 -0.0308418273925781 0.0116195678710938
0.022125244140625 0.00941658020019531 -0.0141763687133789 0.00213336944580078
0.0201988220214844 0.0188827514648438 0.0188236236572266 0.0249710083007813
0.0113983154296875 0.0233078002929688 0.0285415649414063 0.0630874633789063
0.000677347183227539 0.00366115570068359 -0.0311927795410156 -0.053985595703125
-0.00294137001037598 -0.00246596336364746 -0.0118522644042969 -0.0229110717773438
-0.00632190704345703 0.00255584716796875 0.0155162811279297 -0.00159835815429687
-0.000743865966796875 0.00711727142333984 0.0375823974609375 -0.0112190246582031
0.00407266616821289 0.0035240650177002 0.0402641296386719 -0.0267829895019531
0.00421261787414551 -0.000978231430053711 0.0315399169921875 -0.0453948974609375
0.00332355499267578 -0.00589418411254883 0.0142440795898438 -0.0511054992675781
0.00252056121826172 -0.00430774688720703 0.000717163085937503 -0.0423011779785156
0.00296735763549805 -0.00398063659667969 -0.0049285888671875 -0.0314178466796875
0.00608730316162109 -0.00311708450317383 -0.00733566284179688 -0.0222148895263672
0.00612592697143555 0.00119543075561523 -0.0184497833251953 -0.0124855041503906
0.000326156616210937 0.00574302673339844 -0.0226402282714844 -0.00942039489746094
-0.00667142868041992 0.000866889953613281 -0.0305843353271484 -0.0132083892822266
-0.0022883415222168 -0.00523614883422852 -0.0448951721191406 -0.0125465393066406
-0.00140464305877686 -0.00150573253631592 -0.0436744689941406 -0.0105247497558594
0.0161991119384766 0.0209980010986328 -0.0247535705566406 -0.049957275390625
0.0131063461303711 0.0118980407714844 -0.00473213195800781 -0.0185394287109375
0.00920009613037109 0.0117282867431641 0.0200099945068359 -0.000627517700195312
0.0156793594360352 0.0104293823242188 0.0404891967773438 -0.011474609375
0.0185661315917969 0.000690460205078125 0.0398063659667969 -0.0259971618652344
0.0162696838378906 -0.0114459991455078 0.0303764343261719 -0.0436630249023438
0.0103359222412109 -0.0201587677001953 0.0124015808105469 -0.0461196899414062
0.00918197631835937 -0.0180282592773438 -0.00133514404296875 -0.0359344482421875
0.00873374938964844 -0.0202999114990234 -0.00756263732910156 -0.0255222320556641
0.0145511627197266 -0.0192852020263672 -0.0112171173095703 -0.0183067321777344
0.0195388793945313 -0.00991058349609375 -0.0215911865234375 -0.00921249389648437
0.0172328948974609 -0.00140857696533203 -0.0237312316894531 -0.00837516784667969
0.0119161605834961 0.00347614288330078 -0.0308799743652344 -0.0112247467041016
0.016026496887207 0.00453090667724609 -0.0406455993652344 -0.00832366943359375
0.0171947479248047 0.0102109909057617 -0.0383186340332031 -0.00535583496093749
0.0286216735839844 0.0352401733398438 -0.0146636962890625 -0.0409164428710938
0.028411865234375 0.0261745452880859 0.00495338439941407 -0.0101318359375
0.0249767303466797 0.0203189849853516 0.0250072479248047 0.00210952758789063
0.0319576263427734 0.0125484466552734 0.041656494140625 -0.00931930541992188
0.0321979522705078 -0.001953125 0.0377388000488281 -0.0242385864257813
0.0266990661621094 -0.0208168029785156 0.0255393981933594 -0.0394706726074219
0.0159034729003906 -0.0309944152832031 0.0093536376953125 -0.0363502502441406
0.0133571624755859 -0.0290145874023438 -0.00392723083496094 -0.0242042541503906
0.0124549865722656 -0.0331344604492188 -0.00933170318603515 -0.0129966735839844
0.0201492309570312 -0.0328388214111328 -0.0150957107543945 -0.00887870788574219
0.0288066864013672 -0.0209884643554688 -0.0250587463378906 -0.00219154357910156
0.0308303833007813 -0.0100536346435547 -0.0256252288818359 -0.00481033325195313
0.0281429290771484 0.0035400390625 -0.0302295684814453 -0.00915908813476563
0.0324306488037109 0.0116901397705078 -0.0323429107666016 -0.00429916381835937
0.0321788787841797 0.0204296112060547 -0.0282344818115234 0.00251007080078125
0.0378074645996094 0.0449104309082031 -0.0016632080078125 -0.0278396606445313
0.0410804748535156 0.0355911254882813 0.0165891647338867 0.00186824798583985
0.0396080017089844 0.0244560241699219 0.0295524597167969 0.00588226318359375
0.045562744140625 0.0109176635742188 0.0411300659179688 -0.00651931762695313
0.0412826538085937 -0.00716400146484375 0.0328025817871094 -0.0197696685791016
0.0322723388671875 -0.0292644500732422 0.0191440582275391 -0.0308151245117188
0.0178375244140625 -0.0382804870605469 0.00458335876464844 -0.0223197937011719
0.0159416198730469 -0.0353126525878906 -0.00545310974121094 -0.00854969024658203
0.0144424438476563 -0.0403251647949219 -0.0101327896118164 0.00148677825927734
0.0224380493164063 -0.0402488708496094 -0.0171928405761719 0.00321865081787109
0.0335502624511719 -0.0276222229003906 -0.0265026092529297 0.00698089599609374
0.0390968322753906 -0.01544189453125 -0.0264701843261719 -0.00107765197753907
0.0404891967773438 0.0037078857421875 -0.0275745391845703 -0.00747871398925782
0.0446815490722656 0.01739501953125 -0.0200729370117187 -0.000888824462890621
0.041961669921875 0.0287704467773437 -0.0142021179199219 0.0123634338378906
0.0418014526367188 0.0467796325683594 0.0133676528930664 -0.0136194229125977
0.0493011474609375 0.038787841796875 0.0280971527099609 0.0114040374755859
0.04852294921875 0.0231361389160156 0.0322170257568359 0.00891685485839844
0.051483154296875 0.00625991821289063 0.0371475219726563 -0.00257110595703125
0.0439224243164062 -0.0130195617675781 0.0253448486328125 -0.0129795074462891
0.0317020416259766 -0.0337390899658203 0.0105800628662109 -0.0189628601074219
0.016998291015625 -0.0392303466796875 -5.34057617187487E-05 -0.00586128234863281
0.0160484313964844 -0.0358238220214844 -0.00668191909790039 0.00809526443481445
0.015045166015625 -0.0411911010742188 -0.0104465484619141 0.0173196792602539
0.0225181579589844 -0.040679931640625 -0.0197505950927734 0.0170650482177734
0.0361099243164062 -0.0283775329589844 -0.0279159545898437 0.0161361694335937
0.042877197265625 -0.0174560546875 -0.0262851715087891 0.00355339050292969
0.0458793640136719 0.00580978393554688 -0.0232696533203125 -0.00587844848632813
0.0491294860839844 0.0223960876464844 -0.00625038146972656 0.00341367721557617
0.0441474914550781 0.0341987609863281 0.00141525268554688 0.0242862701416016
0.0383720397949219 0.0408134460449219 0.0278339385986328 -0.00189018249511718
0.0489768981933594 0.0337867736816406 0.0388145446777344 0.01702880859375
0.0477218627929688 0.0171661376953125 0.0342235565185547 0.00963783264160157
0.0483932495117187 -0.0007171630859375 0.0305995941162109 0.00135231018066406
0.0383453369140625 -0.0166282653808594 0.0174570083618164 -0.00402164459228516
0.0243721008300781 -0.0333576202392578 0.00409173965454102 -0.00443744659423828
0.0121021270751953 -0.0344600677490234 -0.0024871826171875 0.0107173919677734
0.0125331878662109 -0.0308361053466797 -0.00622367858886719 0.0233974456787109
0.0130844116210938 -0.0358390808105469 -0.0109405517578125 0.0312099456787109
0.0201091766357422 -0.0350818634033203 -0.022430419921875 0.028350830078125
0.0331039428710937 -0.0239295959472656 -0.029815673828125 0.0232486724853516
0.0409164428710937 -0.0131683349609375 -0.0268001556396484 0.00723457336425781
0.0435981750488281 0.00865936279296875 -0.0184993743896484 -0.00423049926757812
0.0455780029296875 0.0260086059570313 0.00655174255371094 0.00912189483642578
0.0391349792480469 0.0358734130859375 0.0154609680175781 0.0375289916992188
0.0288162231445313 0.0296859741210938 0.0387496948242188 0.0054473876953125
0.0413665771484375 0.0238571166992188 0.0457687377929687 0.0181121826171875
0.0387344360351563 0.00865936279296875 0.0329189300537109 0.00858116149902344
0.035858154296875 -0.0055084228515625 0.0245609283447266 0.00539588928222656
0.0254173278808594 -0.0171318054199219 0.0120048522949219 0.00348758697509766
0.0133953094482422 -0.0265712738037109 0.000772953033447266 0.00835371017456055
0.00576972961425781 -0.0237655639648437 -0.00161361694335937 0.0244941711425781
0.00750160217285156 -0.0210418701171875 -0.00492095947265625 0.0351715087890625
0.00834465026855469 -0.0247440338134766 -0.0123558044433594 0.0415725708007812
0.0152111053466797 -0.0243911743164063 -0.0260467529296875 0.03692626953125
0.0258274078369141 -0.0161666870117188 -0.0329856872558594 0.0278759002685547
0.0324058532714844 -0.00875663757324219 -0.0273780822753906 0.0104484558105469
0.0339775085449219 0.0104503631591797 -0.0151290893554687 -0.000569343566894528
0.0345706939697266 0.0246505737304688 0.0155162811279297 0.0155696868896484
0.0271129608154297 0.0320491790771484 0.0244979858398437 0.0503349304199219
0.0131044387817383 0.0148410797119141 0.0449943542480469 0.00780487060546875
0.0260066986083984 0.0125846862792969 0.0484046936035156 0.0151138305664062
0.0227375030517578 0.000890731811523437 0.0307292938232422 0.00760841369628906
0.0180320739746094 -0.00774955749511719 0.0207920074462891 0.00883865356445312
0.00957584381103516 -0.0123386383056641 0.0111246109008789 0.00982093811035156
0.0013275146484375 -0.0145912170410156 0.0018463134765625 0.0175857543945313
-0.00025463104248047 -0.00928974151611328 -6.86645507812527E-05 0.0326595306396484
0.00137996673583984 -0.00746297836303711 -0.00402069091796875 0.0421981811523438
0.00176143646240234 -0.0107421875 -0.01422119140625 0.0477676391601563
0.00528621673583984 -0.0121898651123047 -0.0296707153320312 0.0412216186523438
0.0133152008056641 -0.00904369354248047 -0.0353507995605469 0.0296211242675781
0.0190410614013672 -0.00499916076660156 -0.0293769836425781 0.0124988555908203
0.0207424163818359 0.00828170776367187 -0.0140161514282227 0.00303173065185547
0.0204219818115234 0.0175762176513672 0.018402099609375 0.0230121612548828
0.0121288299560547 0.0214328765869141 0.0288047790527344 0.05999755859375
0.000433683395385742 0.0036466121673584 -0.0298194885253906 -0.0529060363769531
-0.00315761566162109 -0.0028691291809082 -0.0109329223632813 -0.0220432281494141
-0.00603771209716797 0.00297784805297852 0.0152473449707031 -0.000927925109863281
0.000213623046875 0.00668478012084961 0.0373191833496094 -0.0106010437011719
0.00406765937805176 0.00349140167236328 0.039581298828125 -0.0262260437011719
0.00397205352783203 -0.000920295715332031 0.0312576293945313 -0.0443801879882813
0.00377273559570312 -0.00605201721191406 0.0136871337890625 -0.0494041442871094
0.00355195999145508 -0.004608154296875 0.000854492187499998 -0.0411148071289063
0.00297737121582031 -0.00423336029052734 -0.00475502014160156 -0.0306663513183594
0.00604820251464844 -0.0039668083190918 -0.00736045837402344 -0.0222969055175781
0.00652360916137695 0.000936031341552734 -0.0175418853759766 -0.0124216079711914
0.000816345214843749 0.00570058822631836 -0.0219707489013672 -0.00967025756835937
-0.00613498687744141 0.00127267837524414 -0.0306568145751953 -0.0142536163330078
-0.00237417221069336 -0.00491476058959961 -0.0442581176757813 -0.0131950378417969
-0.00158727169036865 -0.00128042697906494 -0.0431365966796875 -0.0105209350585938
0.0158309936523438 0.0205459594726563 -0.0225181579589844 -0.0491447448730469
0.0133295059204102 0.012089729309082 -0.00381088256835937 -0.0180320739746094
0.00908470153808594 0.0119695663452148 0.0195484161376953 -0.000135421752929687
0.0157012939453125 0.0101938247680664 0.0394248962402344 -0.010101318359375
0.0179405212402344 0.00102424621582031 0.0400428771972656 -0.0249824523925781
0.0160980224609375 -0.0113048553466797 0.0300064086914063 -0.0421791076660156
0.0103797912597656 -0.0198154449462891 0.012451171875 -0.0449676513671875
0.00914192199707031 -0.01824951171875 -0.00152778625488281 -0.0345020294189453
0.00869560241699219 -0.0202999114990234 -0.00777435302734375 -0.02447509765625
0.0140609741210938 -0.0188961029052734 -0.0115814208984375 -0.0182075500488281
0.0194377899169922 -0.0105018615722656 -0.0211524963378906 -0.00972938537597656
0.0172319412231445 -0.00127029418945313 -0.0240859985351562 -0.00824928283691406
0.0115928649902344 0.00384616851806641 -0.0309486389160156 -0.0116291046142578
0.0152521133422852 0.00496387481689453 -0.04058837890625 -0.00850296020507813
0.0167617797851562 0.0109176635742187 -0.0383491516113281 -0.00528335571289062
0.0286483764648438 0.0352783203125 -0.0130615234375 -0.03948974609375
0.0278244018554688 0.0258216857910156 0.00559234619140625 -0.00850772857666015
0.024383544921875 0.0205440521240234 0.0244026184082031 0.0030670166015625
0.0321750640869141 0.0123882293701172 0.0412788391113281 -0.00830459594726563
0.0316352844238281 -0.00152397155761719 0.0371971130371094 -0.02252197265625
0.0262870788574219 -0.01995849609375 0.0257186889648438 -0.0379638671875
0.0160751342773437 -0.0302085876464844 0.00823211669921876 -0.0357208251953125
0.0136909484863281 -0.0289630889892578 -0.00341606140136718 -0.0229930877685547
0.0124130249023437 -0.0325431823730469 -0.00980854034423828 -0.0131301879882813
0.0193157196044922 -0.0318279266357422 -0.0156955718994141 -0.00923347473144531
0.0287284851074219 -0.0207595825195313 -0.0240764617919922 -0.0023193359375
0.0308856964111328 -0.00937080383300781 -0.0254764556884766 -0.00563812255859376
0.0276107788085938 0.00419425964355469 -0.0299358367919922 -0.00979042053222656
0.0314445495605469 0.0120506286621094 -0.0321121215820313 -0.00469589233398437
0.0311660766601563 0.020416259765625 -0.0283412933349609 0.00163841247558594
0.0373306274414063 0.0433464050292969 -0.000513076782226557 -0.0266323089599609
0.0408134460449219 0.0356674194335938 0.0165176391601563 0.0021810531616211
0.0387649536132813 0.0245895385742188 0.0298061370849609 0.00707435607910157
0.0446052551269531 0.0107002258300781 0.040802001953125 -0.00519180297851563
0.0407791137695313 -0.00734329223632813 0.0324287414550781 -0.0186996459960938
0.0312900543212891 -0.0278968811035156 0.0184516906738281 -0.0293922424316406
0.0178718566894531 -0.0370750427246094 0.00431251525878906 -0.0214405059814453
0.015838623046875 -0.0352058410644531 -0.00483942031860351 -0.00721931457519531
0.0144119262695313 -0.040008544921875 -0.00936126708984375 0.00201797485351562
0.0220909118652344 -0.0395851135253906 -0.0178680419921875 0.00344467163085937
0.0339431762695312 -0.027618408203125 -0.0270442962646484 0.00661659240722656
0.0390205383300781 -0.0156707763671875 -0.0263576507568359 -0.00118446350097656
0.0399322509765625 0.00480270385742188 -0.0280513763427734 -0.00758743286132813
0.0436553955078125 0.0180511474609375 -0.0211257934570312 -0.000606536865234372
0.0412788391113281 0.02825927734375 -0.0144472122192383 0.0122365951538086
0.0406990051269531 0.045562744140625 0.0140018463134766 -0.0131511688232422
0.0480880737304688 0.0384750366210938 0.0276527404785156 0.0116348266601563
0.0468101501464844 0.0239906311035156 0.0321063995361328 0.0100440979003906
0.0507431030273438 0.00606536865234375 0.0364303588867188 -0.00115966796875
0.04327392578125 -0.0127983093261719 0.02490234375 -0.0120887756347656
0.0316810607910156 -0.0324249267578125 0.0112819671630859 -0.0182838439941406
0.0170822143554688 -0.0381278991699219 0.00105667114257813 -0.00492906570434571
0.0156097412109375 -0.0351715087890625 -0.00585412979125976 0.00787353515625
0.0141868591308594 -0.0401153564453125 -0.0105609893798828 0.0175743103027344
0.0217399597167969 -0.0397300720214844 -0.0200614929199219 0.0169200897216797
0.0349388122558594 -0.0279331207275391 -0.0278530120849609 0.0162410736083984
0.0429878234863281 -0.0174407958984375 -0.0261573791503906 0.00364112854003906
0.0445938110351563 0.005889892578125 -0.0235786437988281 -0.00559616088867187
0.0480155944824219 0.0227432250976563 -0.0065011978149414 0.00383090972900391
0.0429153442382813 0.0339202880859375 -0.000213623046874999 0.0242290496826172
0.0381698608398438 0.0394821166992188 0.0281105041503906 -0.000722885131835935
0.0477485656738281 0.0336341857910156 0.0378952026367188 0.0171585083007813
0.0464820861816406 0.0174751281738281 0.0333347320556641 0.0110092163085938
0.0475807189941406 -0.00042724609375 0.0307235717773438 0.00284004211425781
0.0369377136230469 -0.0155906677246094 0.0172710418701172 -0.00334262847900391
0.0244598388671875 -0.0323886871337891 0.00417327880859375 -0.00391650199890137
0.0118083953857422 -0.0334320068359375 -0.0023508071899414 0.010746955871582
0.0120658874511719 -0.0308876037597656 -0.00596237182617188 0.0238170623779297
0.0126800537109375 -0.0352439880371094 -0.0108489990234375 0.0309562683105469
0.0197353363037109 -0.0342788696289063 -0.0227756500244141 0.0283088684082031
0.0330390930175781 -0.0235481262207031 -0.0293769836425781 0.0233726501464844
0.0399551391601563 -0.0135040283203125 -0.0272006988525391 0.00713348388671875
0.0425376892089844 0.0092315673828125 -0.0181999206542969 -0.00340652465820313
0.0443916320800781 0.0258865356445313 0.00628280639648438 0.00908756256103516
0.0378837585449219 0.034881591796875 0.0133819580078125 0.0378875732421875
0.0285987854003906 0.0276870727539063 0.0391273498535156 0.0059661865234375
0.0400505065917969 0.0233879089355469 0.0450592041015625 0.0179176330566406
0.0374374389648438 0.00861740112304688 0.0324001312255859 0.0101680755615234
0.0350914001464844 -0.00539016723632813 0.02459716796875 0.00678825378417969
0.0250492095947266 -0.0168972015380859 0.0123367309570313 0.00567722320556641
0.0136013031005859 -0.0258312225341797 0.0010986328125 0.00844526290893555
0.00634384155273438 -0.0226364135742187 -0.00123977661132813 0.0244598388671875
0.00789642333984375 -0.0204086303710938 -0.00499534606933593 0.0345993041992188
0.00836181640625 -0.0234642028808594 -0.0121803283691406 0.0411453247070313
0.0135955810546875 -0.0233669281005859 -0.0254096984863281 0.0367164611816406
0.0244178771972656 -0.0159034729003906 -0.0328578948974609 0.0268077850341797
0.0309791564941406 -0.00793075561523438 -0.0281562805175781 0.0100975036621094
0.0331592559814453 0.0115451812744141 -0.0146369934082031 -4.19616699218728E-05
0.0340633392333984 0.0241756439208984 0.0138387680053711 0.0162429809570313
0.0275402069091797 0.0309696197509766 0.0231590270996094 0.0492286682128906
0.013214111328125 0.0141191482543945 0.0446395874023438 0.00776290893554688
0.0254898071289063 0.0120849609375 0.0479240417480469 0.015655517578125
0.0220928192138672 0.00118827819824219 0.0298976898193359 0.007843017578125
0.0172433853149414 -0.00800609588623047 0.0211582183837891 0.00995826721191406
0.00889110565185547 -0.0122470855712891 0.0104045867919922 0.0107288360595703
0.000517845153808594 -0.0137548446655273 0.00163459777832031 0.0180187225341797
0.000442028045654298 -0.00831508636474609 0.000522613525390626 0.0317306518554688
0.00178384780883789 -0.00725555419921875 -0.00351715087890625 0.0408439636230469
0.00221347808837891 -0.00960254669189453 -0.0135040283203125 0.0461921691894531
0.00487327575683594 -0.0112495422363281 -0.0296478271484375 0.0406341552734375
0.0129146575927734 -0.00902843475341797 -0.0356674194335938 0.0294876098632813
0.0186595916748047 -0.00482559204101563 -0.0297641754150391 0.0117034912109375
0.0208969116210938 0.00749969482421875 -0.0142602920532227 0.00313282012939453
0.0195159912109375 0.0170040130615234 0.0176124572753906 0.0223464965820313
0.0117912292480469 0.0207080841064453 0.0269775390625 0.0593643188476562
0.00122785568237305 0.00458335876464844 -0.0281600952148437 -0.05426025390625
-0.0031123161315918 -0.00219535827636719 -0.0112953186035156 -0.0217685699462891
-0.00565099716186523 0.0029897689819336 0.0151996612548828 -0.00030517578125
0.000375747680664062 0.00609207153320312 0.0374526977539063 -0.00992965698242188
0.0042107105255127 0.00365519523620605 0.0407447814941406 -0.0259857177734375
0.0046687126159668 -0.000849246978759766 0.0321693420410156 -0.0446929931640625
0.00389575958251953 -0.00726032257080078 0.0147132873535156 -0.0499038696289063
0.00418949127197266 -0.00508546829223633 0.00105667114257812 -0.0407447814941406
0.00343704223632812 -0.00458574295043945 -0.00539016723632813 -0.0315113067626953
0.00724363327026367 -0.00336456298828125 -0.00815773010253906 -0.0230560302734375
0.00716829299926758 0.000937461853027344 -0.0178394317626953 -0.0139236450195312
0.00122642517089844 0.00624704360961914 -0.0226039886474609 -0.0105991363525391
-0.00632715225219727 0.00187301635742187 -0.0305042266845703 -0.0153083801269531
-0.00239753723144531 -0.00502300262451172 -0.0453376770019531 -0.0137443542480469
-0.00148117542266846 -0.00082707405090332 -0.0440711975097656 -0.0116462707519531
0.0157718658447266 0.0214748382568359 -0.0220718383789063 -0.0499305725097656
0.0130128860473633 0.0127096176147461 -0.00327968597412109 -0.0171527862548828
0.00919437408447266 0.0122165679931641 0.0202064514160156 0.000631332397460938
0.0164957046508789 0.0101222991943359 0.0403976440429688 -0.00947189331054688
0.0180435180664063 0.00138092041015625 0.0404129028320313 -0.0244216918945313
0.0164422988891602 -0.0112152099609375 0.0307693481445312 -0.0425071716308594
0.0107154846191406 -0.0207805633544922 0.0126953125 -0.0450973510742188
0.00996780395507813 -0.0185661315917969 -0.000667572021484377 -0.0343399047851562
0.00939750671386719 -0.0207710266113281 -0.00830078125 -0.0245304107666016
0.0146846771240234 -0.0192832946777344 -0.0123081207275391 -0.0189647674560547
0.0198841094970703 -0.0100307464599609 -0.0217208862304688 -0.0103015899658203
0.0186080932617187 -0.000459671020507812 -0.0236225128173828 -0.00991249084472656
0.0116395950317383 0.00449371337890625 -0.0310001373291016 -0.0130271911621094
0.0147562026977539 0.00582408905029297 -0.0414581298828125 -0.00947570800781249
0.0164384841918945 0.0112228393554688 -0.0392189025878906 -0.00629425048828125
0.02838134765625 0.0356521606445313 -0.0119247436523437 -0.0401458740234375
0.0276165008544922 0.0269565582275391 0.00638389587402344 -0.0075693130493164
0.0249805450439453 0.0207767486572266 0.0248355865478516 0.00366783142089844
0.0316200256347656 0.0127658843994141 0.0419845581054688 -0.006805419921875
0.0321273803710938 -0.00193977355957031 0.0380210876464844 -0.0217933654785156
0.0271568298339844 -0.0196247100830078 0.0261344909667969 -0.0379791259765625
0.0163440704345703 -0.0308761596679688 0.009735107421875 -0.0350723266601563
0.0145950317382813 -0.0296669006347656 -0.00311279296875 -0.0218467712402344
0.0133094787597656 -0.0335636138916016 -0.009857177734375 -0.0129051208496094
0.0205726623535156 -0.0322170257568359 -0.0158672332763672 -0.00873756408691406
0.029510498046875 -0.0204372406005859 -0.0253887176513672 -0.00276565551757812
0.0312175750732422 -0.00901603698730469 -0.0256576538085938 -0.00596809387207032
0.0288810729980469 0.005645751953125 -0.0308837890625 -0.0103130340576172
0.0318546295166016 0.0132274627685547 -0.0335159301757813 -0.00552368164062501
0.0315437316894531 0.0215129852294922 -0.0298671722412109 0.00223159790039062
0.0376205444335938 0.0446815490722656 0.000572204589843752 -0.0266036987304687
0.0407829284667969 0.0366096496582031 0.0172090530395508 0.00371456146240235
0.0385818481445313 0.0259552001953125 0.0295639038085938 0.00860404968261719
0.0455551147460937 0.0112380981445312 0.0416259765625 -0.003204345703125
0.042083740234375 -0.0062103271484375 0.0326347351074219 -0.0175609588623047
0.0319995880126953 -0.0277061462402344 0.0185413360595703 -0.0293235778808594
0.0193557739257813 -0.0372314453125 0.00514030456542969 -0.0206279754638672
0.0165157318115234 -0.0350189208984375 -0.00516510009765625 -0.00741910934448242
0.0154342651367187 -0.0400047302246094 -0.00984477996826172 0.00201034545898437
0.0231361389160156 -0.0394439697265625 -0.0188236236572266 0.00373649597167968
0.0348472595214844 -0.0281219482421875 -0.0276527404785156 0.00663566589355468
0.0403633117675781 -0.0153465270996094 -0.0273780822753906 -0.00165748596191407
0.0403518676757812 0.0057525634765625 -0.0282402038574219 -0.0074920654296875
0.0438613891601562 0.0192451477050781 -0.0218009948730469 -0.00147819519042969
0.0412025451660156 0.0294532775878906 -0.0160589218139648 0.0129413604736328
0.0413780212402344 0.0462112426757813 0.0154094696044922 -0.0124368667602539
0.0478401184082031 0.0390129089355469 0.0288448333740234 0.0124797821044922
0.0471954345703125 0.0248451232910156 0.0332870483398438 0.0125408172607422
0.0509757995605469 0.00689697265625 0.0374641418457031 6.10351562500004E-05
0.0439300537109375 -0.0117950439453125 0.0254592895507813 -0.010467529296875
0.0320472717285156 -0.0317955017089844 0.0111579895019531 -0.0165653228759766
0.0176467895507813 -0.03857421875 0.000303745269775392 -0.00415945053100586
0.0162086486816406 -0.0355911254882813 -0.00614547729492188 0.00874233245849609
0.0153999328613281 -0.0409164428710937 -0.010833740234375 0.0181407928466797
0.0228805541992188 -0.0400848388671875 -0.0206012725830078 0.0170249938964844
0.0356636047363281 -0.0278358459472656 -0.0292758941650391 0.0153293609619141
0.043212890625 -0.0170440673828125 -0.0273628234863281 0.00278282165527344
0.0460052490234375 0.00752639770507813 -0.0240592956542969 -0.00557899475097656
0.0488166809082031 0.0242195129394531 -0.00757360458374023 0.00333070755004883
0.0437965393066406 0.0346908569335938 -0.00148200988769531 0.0242023468017578
0.0369453430175781 0.0402030944824219 0.0288200378417969 -0.000717163085937498
0.047576904296875 0.0338668823242188 0.0382537841796875 0.0189323425292969
0.0469779968261719 0.0186805725097656 0.0342655181884766 0.0124397277832031
0.0481681823730469 0.000514984130859375 0.0314235687255859 0.00369644165039063
0.038055419921875 -0.0156059265136719 0.0176200866699219 -0.00184440612792969
0.0251865386962891 -0.0315608978271484 0.00411057472229004 -0.00291228294372559
0.0123977661132813 -0.0330448150634766 -0.00128078460693359 0.0110330581665039
0.0134162902832031 -0.0305576324462891 -0.0056915283203125 0.0242462158203125
0.0128440856933594 -0.03485107421875 -0.0116062164306641 0.0316314697265625
0.0207481384277344 -0.0345191955566406 -0.0235519409179688 0.0292472839355469
0.0329093933105469 -0.0239048004150391 -0.0311641693115234 0.0229892730712891
0.0405197143554688 -0.0134544372558594 -0.027740478515625 0.00627517700195313
0.0425262451171875 0.0107612609863281 -0.018707275390625 -0.0034637451171875
0.0446395874023438 0.0266036987304688 0.00551605224609375 0.00944042205810547
0.0383148193359375 0.0356636047363281 0.0121002197265625 0.0389785766601562
0.0274715423583984 0.0289897918701172 0.0404281616210938 0.00725173950195313
0.0406036376953125 0.024261474609375 0.0462722778320313 0.0196075439453125
0.0380744934082031 0.0099639892578125 0.0326004028320313 0.0114307403564453
0.0355720520019531 -0.0051727294921875 0.0255985260009766 0.00707626342773438
0.0248889923095703 -0.0163135528564453 0.0124807357788086 0.00588893890380859
0.0135574340820313 -0.0249538421630859 0.000626564025878906 0.0100488662719727
0.00635337829589844 -0.0228042602539063 -0.00149917602539062 0.0244064331054688
0.00777435302734375 -0.0207386016845703 -0.00508880615234375 0.0352897644042969
0.00888633728027344 -0.0234031677246094 -0.0131187438964844 0.0416069030761719
0.0140743255615234 -0.0230712890625 -0.0274810791015625 0.0366020202636719
0.0253372192382813 -0.0158920288085938 -0.0333366394042969 0.0273342132568359
0.031768798828125 -0.0084228515625 -0.0288276672363281 0.0102748870849609
0.0336494445800781 0.0111942291259766 -0.0152711868286133 -0.000186920166015623
0.0343246459960938 0.0248966217041016 0.0143594741821289 0.0163135528564453
0.0267772674560547 0.032012939453125 0.0214080810546875 0.0506744384765625
0.0130414962768555 0.0141706466674805 0.0465354919433594 0.00881576538085938
0.0250892639160156 0.0110759735107422 0.0481338500976563 0.0169830322265625
0.0225296020507813 0.00139617919921875 0.03021240234375 0.00921249389648437
0.0174980163574219 -0.00767421722412109 0.0210514068603516 0.0115146636962891
0.00924777984619141 -0.0118408203125 0.0107946395874023 0.0114307403564453
0.000264167785644532 -0.0128087997436523 0.00140762329101563 0.0183658599853516
-0.000597953796386718 -0.00869417190551758 0.000673294067382811 0.0325794219970703
0.00152778625488281 -0.00722789764404297 -0.0038604736328125 0.0405235290527344
0.00230026245117187 -0.00937080383300781 -0.0139999389648438 0.0470962524414063
0.00413799285888672 -0.011357307434082 -0.0308685302734375 0.04095458984375
0.0133342742919922 -0.00899791717529297 -0.0368499755859375 0.0287628173828125
0.0189895629882813 -0.004180908203125 -0.0305805206298828 0.0122127532958984
0.0208511352539063 0.00912857055664063 -0.0145139694213867 0.00354766845703125
0.0191707611083984 0.0171089172363281 0.0165805816650391 0.0229301452636719
0.0111579895019531 0.0202560424804688 0.0247917175292969 0.0597877502441406
0.000721931457519531 0.00482606887817383 -0.0283088684082031 -0.0566062927246094
-0.00248360633850098 -0.00195717811584473 -0.0107860565185547 -0.0222015380859375
-0.00551748275756836 0.00262928009033203 0.016789436340332 -0.000184059143066406
0.000319957733154297 0.00701427459716797 0.0395469665527344 -0.00980758666992188
0.00491952896118164 0.00303268432617187 0.0424461364746094 -0.0265007019042969
0.00493097305297852 -0.00193643569946289 0.0335121154785156 -0.0469017028808594
0.00392055511474609 -0.00784158706665039 0.0154495239257813 -0.0517158508300781
0.00436258316040039 -0.00592613220214844 0.0012054443359375 -0.0420570373535156
0.00471019744873047 -0.00511360168457031 -0.005645751953125 -0.0324974060058594
0.00744152069091797 -0.00442075729370117 -0.00866317749023438 -0.0242080688476562
0.00721216201782227 0.00147819519042969 -0.0187110900878906 -0.0146427154541016
0.0014796257019043 0.00720787048339844 -0.0237445831298828 -0.0121784210205078
-0.00623416900634766 0.00201082229614258 -0.0319633483886719 -0.0168018341064453
-0.00332331657409668 -0.00422525405883789 -0.0475997924804687 -0.0151214599609375
-0.00155997276306152 7.98702239990235E-05 -0.0466537475585938 -0.0123100280761719
0.0166778564453125 0.0226821899414063 -0.0212783813476562 -0.0520210266113281
0.0139989852905273 0.0134181976318359 -0.00320720672607422 -0.0173635482788086
0.0101356506347656 0.0129680633544922 0.0212116241455078 0.00168991088867188
0.0171928405761719 0.0101766586303711 0.042205810546875 -0.008880615234375
0.0199775695800781 0.000982284545898438 0.042205810546875 -0.0247383117675781
0.0169153213500977 -0.0117216110229492 0.0321693420410156 -0.0441436767578125
0.0113945007324219 -0.0213279724121094 0.0138359069824219 -0.04644775390625
0.0104579925537109 -0.0201683044433594 -0.00105094909667969 -0.0344734191894531
0.0103549957275391 -0.0222511291503906 -0.00883674621582031 -0.0252532958984375
0.0164299011230469 -0.0200977325439453 -0.0134925842285156 -0.0194034576416016
0.0211124420166016 -0.0106163024902344 -0.0228061676025391 -0.0109272003173828
0.0193462371826172 -0.000589370727539063 -0.0251502990722656 -0.0103511810302734
0.0122222900390625 0.00577735900878906 -0.0328884124755859 -0.0136890411376953
0.0156478881835938 0.00645732879638672 -0.0434188842773438 -0.0106010437011719
0.0171022415161133 0.0124931335449219 -0.0416679382324219 -0.00661468505859374
0.0290184020996094 0.0380058288574219 -0.0111312866210938 -0.0414543151855469
0.0288829803466797 0.0279636383056641 0.00658178329467774 -0.00747013092041015
0.0258293151855469 0.0224132537841797 0.0265369415283203 0.00529670715332031
0.0337810516357422 0.0130844116210938 0.0439987182617188 -0.00654983520507812
0.0338058471679688 -0.00162887573242188 0.03997802734375 -0.0219955444335938
0.0283298492431641 -0.0207290649414062 0.026947021484375 -0.0386276245117188
0.0174694061279297 -0.0321311950683594 0.0102157592773438 -0.0360603332519531
0.0159664154052734 -0.0313358306884766 -0.00329017639160156 -0.0226116180419922
0.0142154693603516 -0.0350265502929688 -0.0104990005493164 -0.0124835968017578
0.0216922760009766 -0.0336170196533203 -0.0180797576904297 -0.00926780700683594
0.0308914184570312 -0.0213127136230469 -0.0270805358886719 -0.00313186645507813
0.033111572265625 -0.00896072387695312 -0.0274829864501953 -0.00687026977539062
0.0295276641845703 0.00681686401367187 -0.0325336456298828 -0.0106067657470703
0.0327968597412109 0.0142879486083984 -0.0351791381835938 -0.00543594360351562
0.0324039459228516 0.0232791900634766 -0.0316562652587891 0.00241851806640626
0.0389823913574219 0.0470237731933594 0.00197792053222656 -0.0275096893310547
0.0417747497558594 0.0382003784179688 0.0182533264160156 0.00446128845214844
0.0407295227050781 0.0277481079101563 0.0315456390380859 0.00974655151367188
0.0475921630859375 0.0117950439453125 0.04339599609375 -0.00299072265625
0.0434608459472656 -0.00632858276367188 0.03369140625 -0.0165996551513672
0.0343303680419922 -0.0287017822265625 0.0189113616943359 -0.0294628143310547
0.0195083618164063 -0.0390777587890625 0.00549697875976563 -0.0212974548339844
0.0179862976074219 -0.0372428894042969 -0.00442409515380859 -0.00673151016235352
0.0161857604980469 -0.0419921875 -0.0111198425292969 0.00289249420166015
0.0235366821289063 -0.0415840148925781 -0.0207462310791016 0.00341987609863281
0.0364723205566406 -0.0287094116210937 -0.0302333831787109 0.00663566589355469
0.0419464111328125 -0.0154533386230469 -0.0291767120361328 -0.00152969360351562
0.042266845703125 0.00659561157226563 -0.0302219390869141 -0.00769424438476562
0.0451240539550781 0.0210838317871094 -0.0226993560791016 -0.000862121582031251
0.0427970886230469 0.0307655334472656 -0.0168800354003906 0.0133390426635742
0.0418624877929688 0.0481300354003906 0.0163507461547852 -0.0128240585327148
0.0496788024902344 0.0405921936035156 0.0301151275634766 0.0149002075195313
0.0490226745605469 0.0268516540527344 0.033966064453125 0.0133647918701172
0.0539283752441406 0.00759506225585938 0.0397224426269531 0.00163650512695313
0.0457687377929688 -0.0121536254882813 0.0269832611083984 -0.00967216491699219
0.0334701538085938 -0.0333938598632813 0.0106468200683594 -0.0165262222290039
0.0182418823242188 -0.0395240783691406 0.000644207000732422 -0.00445604324340821
0.0175437927246094 -0.0372085571289063 -0.00590038299560547 0.0102195739746094
0.0155258178710937 -0.0420188903808594 -0.01123046875 0.0186004638671875
0.023406982421875 -0.0420074462890625 -0.0231227874755859 0.0187911987304687
0.0374374389648438 -0.0295753479003906 -0.0312957763671875 0.0162563323974609
0.0459556579589844 -0.0173263549804688 -0.0301094055175781 0.00295639038085937
0.0476303100585937 0.00850677490234375 -0.0253963470458984 -0.00538253784179687
0.0507240295410156 0.0252876281738281 -0.00801229476928711 0.00374984741210938
0.0453681945800781 0.0357818603515625 -0.00198554992675781 0.0262508392333984
0.0389671325683594 0.0419883728027344 0.0311393737792969 0.000123977661132815
0.0490150451660156 0.035614013671875 0.0403633117675781 0.0213127136230469
0.0487022399902344 0.0203895568847656 0.0352859497070312 0.0140838623046875
0.0498619079589844 0.000125885009765625 0.0332221984863281 0.00567245483398438
0.039886474609375 -0.0164604187011719 0.0180931091308594 -0.00123405456542969
0.0254859924316406 -0.0326976776123047 0.00418591499328613 -0.00204277038574219
0.0134639739990234 -0.0345611572265625 -0.00205135345458984 0.0124740600585937
0.0141048431396484 -0.0323257446289063 -0.00564384460449219 0.025726318359375
0.013092041015625 -0.0354423522949219 -0.0119514465332031 0.0334968566894531
0.0207080841064453 -0.0347824096679688 -0.0254058837890625 0.0299491882324219
0.0342941284179688 -0.0244541168212891 -0.0330657958984375 0.0248928070068359
0.0423049926757812 -0.014251708984375 -0.0293083190917969 0.00715255737304687
0.0449867248535156 0.0107650756835938 -0.0203914642333984 -0.00325202941894531
0.0468063354492188 0.0277862548828125 0.00476646423339844 0.00925159454345703
0.0405235290527344 0.0371780395507813 0.0120010375976563 0.0407180786132813
0.0291347503662109 0.0293731689453125 0.0422134399414063 0.00733184814453125
0.0420951843261719 0.0242691040039063 0.0475959777832031 0.0215339660644531
0.0393714904785156 0.010467529296875 0.0338954925537109 0.0136203765869141
0.0367431640625 -0.00541305541992188 0.0266380310058594 0.00875282287597656
0.0256748199462891 -0.0167827606201172 0.0133800506591797 0.00739955902099609
0.0137195587158203 -0.0255470275878906 0.000324249267578126 0.0113992691040039
0.00666427612304687 -0.0227565765380859 -0.00153541564941406 0.0260391235351563
0.00869369506835937 -0.0209178924560547 -0.00458526611328125 0.0364761352539063
0.00887680053710938 -0.0243358612060547 -0.0133857727050781 0.0429420471191406
0.0142307281494141 -0.0239906311035156 -0.0283927917480469 0.0385017395019531
0.0254669189453125 -0.0163497924804688 -0.0347633361816406 0.029296875
0.0332870483398437 -0.00822067260742188 -0.0301589965820313 0.0103302001953125
0.0346832275390625 0.0124740600585938 -0.0167398452758789 -0.00018215179443359
0.0359916687011719 0.02593994140625 0.0136213302612305 0.0169763565063477
0.0278587341308594 0.0320014953613281 0.0215682983398438 0.0537681579589844
0.0129318237304688 0.0139999389648438 0.048675537109375 0.0102310180664063
0.0259056091308594 0.0118808746337891 0.0506744384765625 0.0180778503417969
0.023468017578125 0.00185012817382813 0.0326633453369141 0.0110702514648438
0.0181674957275391 -0.00784683227539063 0.0230464935302734 0.0120048522949219
0.00956630706787109 -0.0127525329589844 0.0120563507080078 0.0124197006225586
0.000414848327636718 -0.013153076171875 0.00162887573242188 0.0200443267822266
-0.000503540039062501 -0.00758790969848633 0.000873565673828128 0.0335273742675781
0.00195503234863281 -0.00667095184326172 -0.00353622436523438 0.0426521301269531
0.00210857391357422 -0.00891685485839844 -0.0149154663085938 0.0481796264648438
0.00474357604980469 -0.0109081268310547 -0.032257080078125 0.0423660278320313
0.0127286911010742 -0.00911426544189453 -0.0383491516113281 0.0299415588378906
0.0187034606933594 -0.00521087646484375 -0.0313758850097656 0.0120792388916016
0.0206813812255859 0.00909042358398437 -0.0154018402099609 0.00276851654052734
0.0202407836914063 0.0177860260009766 0.0162944793701172 0.0230979919433594
0.0123920440673828 0.0208206176757813 0.0253143310546875 0.06329345703125
0.000964164733886719 0.00632572174072266 -0.0307960510253906 -0.0596694946289063
-0.00321030616760254 -0.00198435783386231 -0.0120773315429687 -0.0224933624267578
-0.00552463531494141 0.00397491455078125 0.0180416107177734 -0.000621795654296875
0.000956058502197265 0.00619649887084961 0.0414619445800781 -0.0108299255371094
0.00508880615234375 0.00314474105834961 0.0443954467773438 -0.0290679931640625
0.00537443161010742 -0.00177621841430664 0.0343589782714844 -0.049957275390625
0.00401687622070313 -0.00909519195556641 0.014923095703125 -0.0546913146972656
0.00536632537841797 -0.00861263275146484 -0.000350952148437501 -0.0438308715820313
0.00512123107910156 -0.00606107711791992 -0.00682640075683594 -0.0337734222412109
0.00795078277587891 -0.00502920150756836 -0.0106353759765625 -0.0247306823730469
0.00920963287353515 0.00115013122558594 -0.0212650299072266 -0.0150012969970703
0.00307655334472656 0.00791645050048828 -0.0254116058349609 -0.0129814147949219
-0.00702524185180664 0.00206851959228516 -0.0340423583984375 -0.017669677734375
-0.00373268127441406 -0.00382542610168457 -0.0513229370117187 -0.0157585144042969
-0.00105190277099609 0.00101763010025024 -0.0502967834472656 -0.0115737915039062
0.0176525115966797 0.0238819122314453 -0.0232582092285156 -0.0541954040527344
0.0147037506103516 0.0145940780639648 -0.00341606140136719 -0.0181293487548828
0.0109939575195312 0.0135669708251953 0.0226974487304688 0.00127410888671875
0.0192394256591797 0.0102958679199219 0.0447158813476562 -0.00945281982421875
0.0213832855224609 0.000528335571289063 0.0432014465332031 -0.02691650390625
0.0189609527587891 -0.0135383605957031 0.0324249267578125 -0.0469398498535156
0.01141357421875 -0.0232563018798828 0.0129890441894531 -0.0483665466308594
0.0103111267089844 -0.0231113433837891 -0.00252151489257812 -0.0359878540039062
0.0100479125976562 -0.0248661041259766 -0.0110816955566406 -0.0255336761474609
0.01666259765625 -0.0221748352050781 -0.0156192779541016 -0.0199680328369141
0.0225906372070313 -0.0128059387207031 -0.0245838165283203 -0.0110034942626953
0.0213680267333984 -0.000875473022460938 -0.0272674560546875 -0.0106067657470703
0.0131645202636719 0.00597572326660156 -0.0344314575195313 -0.0135917663574219
0.0159835815429688 0.00690746307373047 -0.0461540222167969 -0.00997161865234374
0.0183143615722656 0.0134239196777344 -0.0444755554199219 -0.00505447387695312
0.0319099426269531 0.0390777587890625 -0.0122299194335938 -0.0434303283691406
0.0316047668457031 0.0285320281982422 0.00756025314331055 -0.00612306594848633
0.0281162261962891 0.0237331390380859 0.0283203125 0.00599861145019531
0.0368003845214844 0.0124702453613281 0.0461006164550781 -0.00696945190429688
0.0356483459472656 -0.0030670166015625 0.0410690307617188 -0.0227890014648438
0.0292949676513672 -0.0226383209228516 0.0269546508789063 -0.0403861999511719
0.0176334381103516 -0.035064697265625 0.0105781555175781 -0.0380477905273438
0.0148830413818359 -0.0335617065429688 -0.00427055358886719 -0.0225906372070313
0.0143661499023438 -0.0381431579589844 -0.012049674987793 -0.0118827819824219
0.0207481384277344 -0.0366363525390625 -0.0195541381835938 -0.0085601806640625
0.0325813293457031 -0.0245418548583984 -0.0293827056884766 -0.00290298461914063
0.0356369018554688 -0.00986099243164063 -0.0302352905273438 -0.00727081298828125
0.0314788818359375 0.00694465637207031 -0.0351753234863281 -0.0102348327636719
0.0354461669921875 0.0151748657226562 -0.0376701354980469 -0.00407791137695313
0.0355033874511719 0.0244407653808594 -0.0347690582275391 0.00354576110839844
0.0419273376464844 0.049072265625 0.00173377990722657 -0.0282573699951172
0.0455589294433594 0.0386810302734375 0.0189037322998047 0.00543594360351563
0.0434417724609375 0.0284042358398438 0.0335979461669922 0.00993537902832031
0.0510902404785156 0.01141357421875 0.0459060668945313 -0.00274658203125
0.0459785461425781 -0.00780487060546875 0.0354766845703125 -0.0167961120605469
0.0358123779296875 -0.0306472778320313 0.0207042694091797 -0.0303668975830078
0.0202255249023437 -0.0414199829101563 0.00516891479492188 -0.0220928192138672
0.0168800354003906 -0.0405502319335938 -0.00460052490234375 -0.0064082145690918
0.0153961181640625 -0.0460472106933594 -0.0126752853393555 0.00474643707275391
0.0236549377441406 -0.044342041015625 -0.0232410430908203 0.00559425354003906
0.0369224548339844 -0.0319061279296875 -0.0303840637207031 0.00822830200195312
0.0438461303710937 -0.0170631408691406 -0.0315818786621094 -0.00233078002929688
0.0448074340820312 0.00704193115234375 -0.0321979522705078 -0.00704193115234375
0.0486946105957031 0.0215225219726563 -0.0260772705078125 0.00026893615722656
0.0458259582519531 0.0317039489746094 -0.0189838409423828 0.0151042938232422
0.0453987121582031 0.0504341125488281 0.0183753967285156 -0.0128269195556641
0.0537452697753906 0.0416793823242188 0.0329380035400391 0.0166721343994141
0.0524177551269531 0.0279426574707031 0.0359764099121094 0.0138740539550781
0.0573539733886719 0.005340576171875 0.0421600341796875 0.00197219848632813
0.0479660034179688 -0.0134696960449219 0.0287895202636719 -0.0100269317626953
0.0344200134277344 -0.0360603332519531 0.0101308822631836 -0.0159368515014648
0.0181427001953125 -0.0418968200683594 0.000838756561279298 -0.00371193885803223
0.0164718627929688 -0.0390396118164062 -0.00529575347900391 0.0109739303588867
0.01580810546875 -0.0444107055664063 -0.0113887786865234 0.0206394195556641
0.0224952697753906 -0.0442924499511719 -0.0245647430419922 0.0192623138427734
0.0386276245117188 -0.0317573547363281 -0.0333538055419922 0.0190773010253906
0.0471076965332031 -0.0186691284179688 -0.0321235656738281 0.00473976135253906
0.0501251220703125 0.00707626342773438 -0.0277767181396484 -0.00452232360839844
0.0539321899414062 0.0253562927246094 -0.00931644439697265 0.00511264801025391
0.0500602722167969 0.036163330078125 -0.00171089172363281 0.0287361145019531
0.0425186157226562 0.0423507690429688 0.0340824127197266 -0.00123405456542968
0.0511207580566406 0.0351676940917969 0.0430946350097656 0.0218887329101563
0.0521774291992187 0.0197105407714844 0.0378189086914063 0.0159072875976563
0.052001953125 -0.00075531005859375 0.0351161956787109 0.00445938110351563
0.0410041809082031 -0.0191154479980469 0.0188999176025391 -0.00183296203613281
0.0261344909667969 -0.0360374450683594 0.00432872772216797 -0.000943660736083987
0.0127754211425781 -0.0369911193847656 -0.000136375427246094 0.0137825012207031
0.0139560699462891 -0.03399658203125 -0.00439262390136719 0.0261211395263672
0.01416015625 -0.0372772216796875 -0.0126914978027344 0.0348548889160156
0.0212936401367187 -0.0361557006835938 -0.0263290405273437 0.0322170257568359
0.0339794158935547 -0.0276546478271484 -0.0348129272460938 0.0274620056152344
0.0435295104980469 -0.0155487060546875 -0.0315780639648438 0.00931549072265625
0.0475196838378906 0.010528564453125 -0.0225639343261719 -0.00167465209960938
0.0498619079589844 0.0274429321289063 0.00542831420898438 0.0106229782104492
0.0427284240722656 0.0380973815917969 0.0135650634765625 0.0428504943847656
0.0327739715576172 0.0291309356689453 0.0448036193847656 0.00756072998046875
0.0440673828125 0.0254631042480469 0.0520057678222656 0.0223312377929688
0.0411529541015625 0.00994873046875 0.0363540649414063 0.012969970703125
0.0374679565429688 -0.00588607788085938 0.0291423797607422 0.00972175598144531
0.0265674591064453 -0.0187225341796875 0.0144262313842773 0.00790023803710937
0.0117931365966797 -0.0274696350097656 0.00182437896728516 0.0132808685302734
0.0068206787109375 -0.0235500335693359 0.000648498535156248 0.0280399322509766
0.00837326049804687 -0.0221881866455078 -0.00352096557617188 0.0388565063476563
0.00773239135742187 -0.0255279541015625 -0.0128097534179687 0.0459632873535156
0.0147342681884766 -0.0252590179443359 -0.0286712646484375 0.0419731140136719
0.0266189575195313 -0.0181007385253906 -0.0355911254882813 0.0314521789550781
0.0355186462402344 -0.0102653503417969 -0.0325393676757813 0.0109119415283203
0.0369644165039063 0.0121040344238281 -0.0178565979003906 0.00105857849121093
0.0382041931152344 0.0264625549316406 0.0139036178588867 0.0164852142333984
0.0302391052246094 0.0311660766601563 0.0229606628417969 0.0563774108886719
0.0141305923461914 0.0136003494262695 0.0517196655273438 0.00915908813476563
0.0280494689941406 0.0121059417724609 0.0531768798828125 0.0186691284179688
0.0241680145263672 0.0002593994140625 0.0341320037841797 0.0110969543457031
0.0189018249511719 -0.00924873352050781 0.0246849060058594 0.0127677917480469
0.00939369201660156 -0.0139474868774414 0.0135030746459961 0.0139036178588867
-0.000644683837890624 -0.0135679244995117 0.00361442565917969 0.0216712951660156
-0.00109386444091797 -0.00716018676757813 0.00264358520507813 0.0355377197265625
0.00136661529541016 -0.00681924819946289 -0.002227783203125 0.0447578430175781
0.00194358825683594 -0.00990867614746094 -0.0154838562011719 0.0503311157226563
0.00382328033447266 -0.0111885070800781 -0.0340309143066406 0.0455131530761719
0.0122079849243164 -0.00912284851074219 -0.0395622253417969 0.0326919555664062
0.0187530517578125 -0.00593948364257813 -0.0329627990722656 0.0130939483642578
0.0215263366699219 0.0090484619140625 -0.0161914825439453 0.00343036651611329
0.0220680236816406 0.0171928405761719 0.0180778503417969 0.0240306854248047
0.01385498046875 0.0213508605957031 0.0290565490722656 0.0653724670410156
0.00100851058959961 0.00824499130249024 -0.033447265625 -0.0606117248535156
-0.00246620178222656 -0.00147509574890137 -0.0131950378417969 -0.0216255187988281
-0.0057225227355957 0.00546121597290039 0.0179252624511719 -0.00192832946777344
0.00259685516357422 0.00493907928466797 0.042633056640625 -0.0126991271972656
0.00570058822631836 0.0012359619140625 0.0444107055664063 -0.032501220703125
0.00556182861328125 -0.00387668609619141 0.0333366394042969 -0.0550460815429688
0.002838134765625 -0.00989532470703125 0.0116996765136719 -0.0566368103027344
0.00298976898193359 -0.00844097137451172 -0.00429534912109375 -0.0457077026367188
0.0053868293762207 -0.00766372680664063 -0.0115642547607422 -0.0332069396972656
0.00960350036621094 -0.00740337371826172 -0.0125160217285156 -0.0269298553466797
0.008880615234375 -0.000240325927734375 -0.0208854675292969 -0.015045166015625
0.00258302688598633 0.00704383850097656 -0.0265846252441406 -0.0112667083740234
-0.00581645965576172 0.00264406204223633 -0.0371894836425781 -0.0179061889648437
-0.00388503074645996 -0.0019538402557373 -0.0534095764160156 -0.0121078491210937
-0.000661134719848633 0.00290131568908691 -0.0527687072753906 -0.00873565673828125
0.0181732177734375 0.0242519378662109 -0.025238037109375 -0.0546150207519531
0.0159673690795898 0.0138463973999023 -0.00363922119140625 -0.0177745819091797
0.0112171173095703 0.0128602981567383 0.0245552062988281 0.000329971313476563
0.0203590393066406 0.00921821594238281 0.0450668334960938 -0.0122871398925781
0.0225582122802734 -0.00304603576660156 0.0433158874511719 -0.0294570922851563
0.0186119079589844 -0.0160980224609375 0.0308456420898438 -0.0502204895019531
0.0097198486328125 -0.0256748199462891 0.0106925964355469 -0.0500831604003906
0.0101127624511719 -0.0252742767333984 -0.00363922119140625 -0.0360488891601563
0.011077880859375 -0.0273799896240234 -0.0133285522460937 -0.0250110626220703
0.0168247222900391 -0.0249176025390625 -0.0191669464111328 -0.0203838348388672
0.0234603881835938 -0.0145587921142578 -0.0270404815673828 -0.0102176666259766
0.0220966339111328 -0.00211906433105469 -0.0306053161621094 -0.00997352600097657
0.0132436752319336 0.00646877288818359 -0.0371742248535156 -0.0129356384277344
0.0168037414550781 0.00659561157226563 -0.0492515563964844 -0.00706481933593749
0.0187225341796875 0.0143051147460938 -0.0467147827148438 -0.00402450561523436
0.0392265319824219 0.0412063598632813 -0.0122642517089844 -0.0431632995605469
0.0343570709228516 0.026947021484375 0.00858211517333985 -0.00640392303466797
0.0310993194580078 0.0236778259277344 0.0301303863525391 0.00663375854492188
0.0380439758300781 0.0120697021484375 0.0489768981933594 -0.00956344604492188
0.0378074645996094 -0.00602340698242188 0.0411796569824219 -0.0252532958984375
0.0269222259521484 -0.026336669921875 0.0267105102539062 -0.0409088134765625
0.0151443481445312 -0.0379638671875 0.0088043212890625 -0.038330078125
0.0118865966796875 -0.0368499755859375 -0.00399208068847656 -0.0226516723632813
0.0124702453613281 -0.0397682189941406 -0.0146398544311523 -0.0111293792724609
0.0211639404296875 -0.0398216247558594 -0.0219192504882813 -0.00631904602050781
0.0326614379882813 -0.0261287689208984 -0.0306301116943359 -0.000970840454101563
0.0353355407714844 -0.0130500793457031 -0.0310897827148437 -0.00552368164062501
0.0333404541015625 0.006927490234375 -0.03558349609375 -0.00778961181640626
0.0356864929199219 0.0129737854003906 -0.0410423278808594 -0.00227737426757812
0.036102294921875 0.0238265991210937 -0.0346965789794922 0.00492858886718751
0.0447425842285156 0.0495872497558594 0.00201034545898438 -0.0284023284912109
0.0492820739746094 0.0362586975097656 0.0198154449462891 0.00435066223144532
0.0465927124023438 0.0279922485351563 0.0337886810302734 0.0122661590576172
0.052154541015625 0.00856399536132813 0.0466842651367187 -0.00529098510742187
0.0464706420898438 -0.0125656127929688 0.0344600677490234 -0.0210609436035156
0.0347862243652344 -0.0349617004394531 0.0172576904296875 -0.0321750640869141
0.01727294921875 -0.0443038940429687 0.00341415405273438 -0.0231361389160156
0.0155601501464844 -0.0430374145507813 -0.00400495529174805 -0.0057973861694336
0.0127754211425781 -0.0480575561523438 -0.0104894638061523 0.00585079193115234
0.0207290649414063 -0.0474624633789063 -0.0223350524902344 0.00797080993652343
0.0360984802246094 -0.0353012084960938 -0.0323772430419922 0.00941085815429687
0.0447120666503906 -0.0201568603515625 -0.0336513519287109 -2.09808349609355E-05
0.0457077026367188 0.0052642822265625 -0.0344314575195313 -0.0034046173095703
0.0527877807617187 0.0173988342285156 -0.0253486633300781 0.00164985656738281
0.04827880859375 0.0286674499511719 -0.0191555023193359 0.0170478820800781
0.0494308471679688 0.047210693359375 0.0177574157714844 -0.0145225524902344
0.0581321716308594 0.0388298034667969 0.0369338989257813 0.0145111083984375
0.056610107421875 0.0254745483398438 0.0381584167480469 0.0136604309082031
0.0582771301269531 0.00344085693359375 0.0412445068359375 -0.0005950927734375
0.0482025146484375 -0.0189704895019531 0.0280990600585938 -0.0090179443359375
0.0323448181152344 -0.0382347106933594 0.0124092102050781 -0.0150699615478516
0.0167007446289062 -0.0433998107910156 0.00135540962219238 -0.00309205055236817
0.01409912109375 -0.0383682250976562 -0.00379276275634766 0.0128021240234375
0.0127754211425781 -0.0486183166503906 -0.0111656188964844 0.0235481262207031
0.0192108154296875 -0.0482406616210937 -0.0239219665527344 0.0232448577880859
0.0381355285644531 -0.0358695983886719 -0.0323314666748047 0.0202083587646484
0.0499382019042969 -0.0232124328613281 -0.0331935882568359 0.00662994384765625
0.0527267456054687 0.00593185424804687 -0.0293388366699219 -0.00416946411132812
0.056854248046875 0.0231094360351563 -0.00849485397338867 0.00621366500854493
0.0539054870605469 0.0340843200683594 -0.00117301940917968 0.0316562652587891
0.0430946350097656 0.0429878234863281 0.034515380859375 -0.0037078857421875
0.0556182861328125 0.0329933166503906 0.0475883483886719 0.0177459716796875
0.0574836730957031 0.0198440551757813 0.0406379699707031 0.0155029296875
0.0548324584960938 -0.00250625610351563 0.0366973876953125 0.00559234619140625
0.0431365966796875 -0.0233993530273438 0.0208339691162109 0.00112724304199219
0.0230331420898438 -0.0370063781738281 0.00313782691955566 -0.000400543212890627
0.01141357421875 -0.0384483337402344 0.000731468200683594 0.0156679153442383
0.0127220153808594 -0.0348396301269531 -0.001922607421875 0.0271701812744141
0.0117683410644531 -0.0412788391113281 -0.00959014892578125 0.0383148193359375
0.0155029296875 -0.0380744934082031 -0.0245075225830078 0.0347099304199219
0.0312671661376953 -0.0303554534912109 -0.0357704162597656 0.0306205749511719
0.0446586608886719 -0.0195579528808594 -0.0325279235839844 0.0112342834472656
0.0505447387695313 0.00907516479492188 -0.0236129760742187 -0.00033950805664062
0.0555686950683594 0.0263099670410156 0.00532341003417969 0.0106706619262695
0.0466995239257813 0.03314208984375 0.0152931213378906 0.0424270629882813
0.0357246398925781 0.0300521850585938 0.0456428527832031 0.00467681884765625
0.0442047119140625 0.0234375 0.0522880554199219 0.0206108093261719
0.0414657592773438 0.0095367431640625 0.0363388061523438 0.0117721557617188
0.0409889221191406 -0.00899505615234375 0.0306110382080078 0.00997543334960938
0.0272445678710937 -0.0189037322998047 0.0170116424560547 0.00675678253173828
0.0120925903320313 -0.0292186737060547 0.00128269195556641 0.0137529373168945
0.00499725341796875 -0.0244483947753906 0.00158882141113282 0.0296230316162109
0.00621223449707031 -0.0228462219238281 -0.00198745727539062 0.0425910949707031
0.00765037536621094 -0.0253810882568359 -0.00777816772460938 0.0479621887207031
0.0138416290283203 -0.0257053375244141 -0.0296669006347656 0.0453071594238281
0.0257511138916016 -0.0178050994873047 -0.0354804992675781 0.0337028503417969
0.0332622528076172 -0.0136642456054687 -0.0337638854980469 0.0140800476074219
0.038116455078125 0.011627197265625 -0.0186061859130859 0.0015106201171875
0.0397872924804688 0.0252494812011719 0.0161371231079102 0.0152435302734375
0.0331840515136719 0.0300445556640625 0.0276222229003906 0.0563926696777344
0.0173511505126953 0.0118274688720703 0.0548133850097656 0.00504302978515625
0.0279960632324219 0.00787162780761719 0.0562973022460938 0.0156745910644531
0.0260391235351563 -0.000871658325195312 0.0360183715820313 0.0129623413085938
0.0173482894897461 -0.0125999450683594 0.0264816284179687 0.0122032165527344
0.00823593139648438 -0.0147895812988281 0.015843391418457 0.0114955902099609
-0.00171566009521484 -0.0137529373168945 0.00430107116699219 0.0216827392578125
-0.00189924240112305 -0.00601387023925781 0.00298309326171875 0.0377845764160156
0.000578880310058593 -0.00621271133422852 0.00065994262695313 0.0465660095214844
0.00165557861328125 -0.00897407531738281 -0.0140609741210937 0.0545997619628906
0.00263881683349609 -0.00948905944824219 -0.0328140258789062 0.0499038696289063
0.0111017227172852 -0.011439323425293 -0.0373268127441406 0.0360565185546875
0.0217552185058594 -0.00626754760742187 -0.0339984893798828 0.0163059234619141
0.0247802734375 0.00730133056640625 -0.0179500579833984 0.00643157958984375
0.0224819183349609 0.0161590576171875 0.0181484222412109 0.0210037231445313
0.0145626068115234 0.018524169921875 0.0298919677734375 0.0668296813964844
0.00226020812988281 0.00814628601074219 -0.0349884033203125 -0.0579833984375
-0.00272369384765625 -0.00056910514831543 -0.0136985778808594 -0.0210361480712891
-0.00414562225341797 0.00489902496337891 0.0191764831542969 -0.00180244445800781
0.00236129760742188 0.00571298599243164 0.0412483215332031 -0.0157661437988281
0.00675630569458008 0.00197410583496094 0.0427169799804688 -0.0342483520507813
0.00591850280761719 -0.00328254699707031 0.0289268493652344 -0.0548515319824219
0.00328445434570312 -0.0113630294799805 0.008056640625 -0.0575790405273438
0.00364303588867188 -0.00971889495849609 -0.00502395629882812 -0.0444297790527344
0.00548267364501953 -0.00954246520996094 -0.0123271942138672 -0.0321731567382813
0.00870084762573242 -0.00648260116577149 -0.0152168273925781 -0.0252132415771484
0.0101747512817383 -0.000642776489257813 -0.0241718292236328 -0.0138072967529297
0.00418949127197266 0.0067753791809082 -0.0288906097412109 -0.0118389129638672
-0.00630426406860351 0.00470829010009766 -0.0386924743652344 -0.0159950256347656
-0.00491666793823242 -0.00195550918579102 -0.0545463562011719 -0.00976943969726562
-0.0015871524810791 0.00255203247070312 -0.0541496276855469 -0.0068511962890625
0.0215206146240234 0.0253105163574219 -0.0272941589355469 -0.0526771545410156
0.0170488357543945 0.0138912200927734 -0.00456619262695313 -0.0157384872436523
0.0146141052246094 0.0136241912841797 0.0238666534423828 0.000907897949218751
0.0209121704101562 0.00758552551269531 0.0459442138671875 -0.0140190124511719
0.0221633911132813 -0.0030975341796875 0.0424079895019531 -0.0317344665527344
0.0178489685058594 -0.0172271728515625 0.0279769897460938 -0.0514564514160156
0.00929450988769531 -0.0274505615234375 0.00749588012695312 -0.0507926940917969
0.00849151611328125 -0.0266189575195313 -0.004913330078125 -0.0356216430664063
0.00821113586425781 -0.0279579162597656 -0.01507568359375 -0.0242061614990234
0.0147552490234375 -0.0250625610351563 -0.0204372406005859 -0.0191936492919922
0.0227870941162109 -0.015228271484375 -0.0285854339599609 -0.00884819030761718
0.0231113433837891 -0.00292205810546875 -0.0312328338623047 -0.00898170471191407
0.0142822265625 0.00689506530761719 -0.0388603210449219 -0.01116943359375
0.0173921585083008 0.00724124908447266 -0.0500602722167969 -0.00490951538085938
0.0201301574707031 0.0133686065673828 -0.0482139587402344 -0.000778198242187495
0.0377311706542969 0.0385208129882813 -0.0152053833007812 -0.0435409545898438
0.0354843139648438 0.0265159606933594 0.006866455078125 -0.00693798065185547
0.0324153900146484 0.0215682983398437 0.0317955017089844 0.00503349304199219
0.03948974609375 0.00926589965820313 0.0485877990722656 -0.0101661682128906
0.0373306274414063 -0.0088348388671875 0.0402069091796875 -0.0276985168457031
0.0282840728759766 -0.0274162292480469 0.0227813720703125 -0.0429420471191406
0.0137481689453125 -0.0393524169921875 0.00510025024414063 -0.0377311706542969
0.0115203857421875 -0.0377998352050781 -0.00501823425292969 -0.0219516754150391
0.0104560852050781 -0.0417327880859375 -0.0150289535522461 -0.00986099243164063
0.0186347961425781 -0.0401687622070313 -0.0235595703125 -0.00584983825683594
0.0307426452636719 -0.028411865234375 -0.0319442749023438 0.00071525573730469
0.0357208251953125 -0.0144691467285156 -0.0325412750244141 -0.00402069091796876
0.0331535339355469 0.00469970703125 -0.0373725891113281 -0.00645065307617188
0.0365180969238281 0.0128250122070312 -0.0399589538574219 0.00050735473632813
0.0384101867675781 0.0221939086914063 -0.0360984802246094 0.00803756713867187
0.0485916137695313 0.0464019775390625 9.72747802734421E-05 -0.0280189514160156
0.0509147644042969 0.0354156494140625 0.0217132568359375 0.00565147399902344
0.0497245788574219 0.0250816345214844 0.0357017517089844 0.00981521606445313
0.0540657043457031 0.00442886352539063 0.0478057861328125 -0.00620269775390625
0.0462417602539063 -0.014404296875 0.0353202819824219 -0.0203056335449219
0.0333976745605469 -0.0360374450683594 0.016082763671875 -0.0308322906494141
0.0162086486816406 -0.04583740234375 0.00269317626953125 -0.0212516784667969
0.0125160217285156 -0.0446510314941406 -0.00582313537597656 -0.00519227981567383
0.0105934143066406 -0.0484771728515625 -0.0126800537109375 0.00733184814453124
0.0201377868652344 -0.0485687255859375 -0.02447509765625 0.00900459289550781
0.0350418090820313 -0.0377159118652344 -0.033355712890625 0.0132026672363281
0.043670654296875 -0.023681640625 -0.0340766906738281 0.00202751159667968
0.0464935302734375 0.0021514892578125 -0.0345878601074219 -0.00315284729003907
0.0511245727539063 0.0164070129394531 -0.0260639190673828 0.00444793701171876
0.0492210388183594 0.0278053283691406 -0.019989013671875 0.0199089050292969
0.0516777038574219 0.0444068908691406 0.0187149047851563 -0.0150089263916016
0.0583038330078125 0.0355300903320313 0.0353469848632813 0.0145378112792969
0.0570335388183594 0.0234107971191406 0.0393905639648438 0.0129890441894531
0.059661865234375 -0.000820159912109375 0.0442008972167969 -0.00114822387695313
0.0479736328125 -0.0197868347167969 0.0277061462402344 -0.0116939544677734
0.0310401916503906 -0.0404701232910156 0.00940513610839844 -0.0159482955932617
0.0137405395507813 -0.0457420349121094 0.000703811645507814 -0.00239062309265137
0.0128707885742188 -0.0426712036132813 -0.00406265258789062 0.012603759765625
0.0110511779785156 -0.0477981567382812 -0.0103206634521484 0.0242424011230469
0.0180511474609375 -0.0482864379882813 -0.0232048034667969 0.0250167846679687
0.0351486206054688 -0.0378837585449219 -0.0335636138916016 0.0242843627929687
0.0463790893554688 -0.0262184143066406 -0.0323638916015625 0.00818443298339844
0.0521087646484375 0.00283050537109375 -0.0299034118652344 -0.00075149536132813
0.0580291748046875 0.0191383361816406 -0.0111761093139648 0.00654983520507813
0.0545310974121094 0.0317497253417969 -0.00104522705078125 0.0319976806640625
0.0484809875488281 0.0387649536132813 0.0343132019042969 -0.00366783142089843
0.0566940307617188 0.0297431945800781 0.0470619201660156 0.0194015502929688
0.0561447143554688 0.0165557861328125 0.0403480529785156 0.0142173767089844
0.0541648864746094 -0.00664138793945313 0.0381050109863281 0.00400161743164063
0.038818359375 -0.0240859985351563 0.0202121734619141 -0.000650405883789064
0.0232276916503906 -0.0387039184570313 0.00424790382385254 0.000249862670898435
0.00909042358398438 -0.0389442443847656 0.00098991394042969 0.0152959823608398
0.0104942321777344 -0.0369644165039063 -0.00210380554199218 0.0286903381347656
0.00858306884765625 -0.0395050048828125 -0.00942611694335938 0.0391693115234375
0.0159683227539062 -0.0403060913085938 -0.0239028930664063 0.0382041931152344
0.0307159423828125 -0.0319538116455078 -0.0333461761474609 0.0324554443359375
0.0427284240722656 -0.0218772888183594 -0.0324497222900391 0.0130577087402344
0.0506057739257813 0.00509262084960938 -0.0232219696044922 0.000789642333984378
0.0546112060546875 0.022308349609375 0.00472259521484375 0.0116128921508789
0.0490646362304688 0.03192138671875 0.0152931213378906 0.0441131591796875
0.035675048828125 0.0250892639160156 0.04766845703125 0.00235748291015625
0.0453224182128906 0.017974853515625 0.0548667907714844 0.0178604125976563
0.0442733764648438 0.00634384155273438 0.0394744873046875 0.0125885009765625
0.0384063720703125 -0.0121917724609375 0.03265380859375 0.00912666320800781
0.0240879058837891 -0.0215339660644531 0.0174903869628906 0.00845146179199219
0.0091552734375 -0.0287971496582031 0.00399971008300781 0.0151100158691406
0.00446319580078125 -0.0245113372802734 0.00305366516113282 0.0282211303710938
0.00490570068359375 -0.0234851837158203 0.00176239013671875 0.0394477844238281
0.005279541015625 -0.0248374938964844 -0.0083160400390625 0.0482940673828125
0.0106258392333984 -0.0251750946044922 -0.02587890625 0.0478782653808594
0.0232906341552734 -0.0212478637695313 -0.0355110168457031 0.0379409790039063
0.0328826904296875 -0.0143318176269531 -0.0333824157714844 0.0156421661376953
0.0384712219238281 0.00675582885742187 -0.0185050964355469 0.00234413146972656
0.0405158996582031 0.0212440490722656 0.0164175033569336 0.0165185928344727
0.0342063903808594 0.0279731750488281 0.027374267578125 0.0548133850097656
0.0155858993530273 0.0115852355957031 0.0537528991699219 0.00304031372070313
0.0286903381347656 0.00771522521972656 0.0569267272949219 0.013763427734375
0.0250415802001953 -0.00285911560058594 0.0369186401367188 0.0105018615722656
0.0172891616821289 -0.0123996734619141 0.0276775360107422 0.0118560791015625
0.00674533843994141 -0.0150079727172852 0.0166053771972656 0.0135698318481445
-0.00459671020507813 -0.0113697052001953 0.00660324096679687 0.0238609313964844
-0.00241851806640625 -0.00734472274780273 0.00755691528320312 0.037017822265625
0.00185775756835937 -0.00660085678100586 0.00313568115234375 0.0447654724121094
0.000514984130859374 -0.00921058654785156 -0.00962066650390626 0.054107666015625
0.00290679931640625 -0.0102291107177734 -0.0304603576660156 0.0499382019042969
0.00975513458251953 -0.0109415054321289 -0.0376319885253906 0.0379219055175781
0.0179634094238281 -0.00771903991699219 -0.0338058471679688 0.0180702209472656
0.0221481323242188 0.0061187744140625 -0.0173110961914063 0.00468254089355469
0.0229892730712891 0.0124473571777344 0.0201034545898438 0.0217952728271484
0.0162267684936523 0.0170192718505859 0.033843994140625 0.06463623046875
0.00304794311523437 0.00885200500488281 -0.036529541015625 -0.056243896484375
-0.00200247764587402 0.000737428665161133 -0.0131549835205078 -0.0196781158447266
-0.00350522994995117 0.00451135635375977 0.0197238922119141 -0.00171470642089844
0.00359010696411133 0.00577211380004883 0.0407829284667969 -0.0166702270507813
0.0067439079284668 0.000436782836914062 0.0405921936035156 -0.0362663269042969
0.00620317459106445 -0.00531721115112305 0.0270805358886719 -0.0552444458007812
0.00239086151123047 -0.0126094818115234 0.00704193115234375 -0.0571327209472656
0.00292873382568359 -0.0114030838012695 -0.00592041015625 -0.0429840087890625
0.00493335723876953 -0.0109157562255859 -0.01409912109375 -0.0311336517333984
0.00918960571289063 -0.00798511505126953 -0.0169048309326172 -0.0242462158203125
0.0106801986694336 -0.000979423522949219 -0.0255851745605469 -0.0133323669433594
0.00562381744384766 0.00719213485717774 -0.029510498046875 -0.0113410949707031
-0.00572538375854492 0.0053858757019043 -0.0391883850097656 -0.0153236389160156
-0.00530290603637695 -0.000660896301269531 -0.0544242858886719 -0.00905990600585937
-0.00113463401794434 0.0033729076385498 -0.0529747009277344 -0.00478363037109375
0.0228710174560547 0.0247669219970703 -0.0282630920410156 -0.0512504577636719
0.0177059173583984 0.0134105682373047 -0.00411605834960937 -0.0147781372070313
0.0151329040527344 0.0133934020996094 0.0245628356933594 0.000314712524414063
0.0216503143310547 0.00649642944335938 0.0441513061523437 -0.0155906677246094
0.0224876403808594 -0.00435256958007813 0.0407905578613281 -0.0320816040039063
0.0175094604492188 -0.0180416107177734 0.0257492065429688 -0.0505599975585938
0.00810813903808594 -0.0282745361328125 0.0063629150390625 -0.0497894287109375
0.00726318359375 -0.0270748138427734 -0.0062255859375 -0.0341739654541016
0.00786399841308594 -0.0286350250244141 -0.0152740478515625 -0.0226497650146484
0.0150070190429687 -0.0267581939697266 -0.0211296081542969 -0.0170059204101562
0.0230503082275391 -0.0160427093505859 -0.0294418334960938 -0.00816154479980468
0.0230674743652344 -0.00391197204589844 -0.0316066741943359 -0.00835609436035156
0.0151758193969727 0.00701141357421875 -0.0392341613769531 -0.0100784301757812
0.0162744522094727 0.00796985626220703 -0.0497283935546875 -0.00334930419921875
0.0202827453613281 0.0133705139160156 -0.0478096008300781 0.00162124633789062
0.0390167236328125 0.0376319885253906 -0.0152015686035156 -0.0415496826171875
0.0359077453613281 0.0254135131835938 0.00839281082153321 -0.00586891174316406
0.0337905883789063 0.0212039947509766 0.0311908721923828 0.00485992431640625
0.0397605895996094 0.00677108764648438 0.0471916198730469 -0.0115394592285156
0.036346435546875 -0.00983810424804688 0.0392417907714844 -0.0273361206054688
0.0268478393554688 -0.0289154052734375 0.0218315124511719 -0.0423164367675781
0.0124549865722656 -0.0398712158203125 0.00438690185546875 -0.0372886657714844
0.0103645324707031 -0.039093017578125 -0.00646209716796875 -0.0206470489501953
0.00933074951171875 -0.042388916015625 -0.0150671005249023 -0.00787830352783203
0.017608642578125 -0.0410003662109375 -0.0239391326904297 -0.00385475158691406
0.0304450988769531 -0.0296249389648438 -0.0320968627929688 0.00234603881835938
0.0356826782226562 -0.0153694152832031 -0.033935546875 -0.00237846374511719
0.0337562561035156 0.00461196899414063 -0.0378303527832031 -0.00563812255859374
0.0368537902832031 0.0126838684082031 -0.0400619506835938 0.00220489501953124
0.0385284423828125 0.0208015441894531 -0.0359611511230469 0.0102996826171875
0.0493583679199219 0.0444755554199219 0.00070953369140625 -0.0278034210205078
0.0504989624023438 0.031829833984375 0.0226860046386719 0.00577735900878906
0.0496978759765625 0.0248603820800781 0.0359573364257813 0.00948715209960938
0.053497314453125 0.00301361083984375 0.0475196838378906 -0.00690460205078125
0.0457839965820313 -0.0159416198730469 0.0343971252441406 -0.0200462341308594
0.0310554504394531 -0.0369987487792969 0.0154857635498047 -0.0301837921142578
0.0142173767089844 -0.0458450317382813 0.00237846374511719 -0.0206336975097656
0.0111236572265625 -0.0448455810546875 -0.00502300262451172 -0.00373554229736328
0.00902938842773438 -0.0484962463378906 -0.012822151184082 0.00850772857666016
0.0170249938964844 -0.0487556457519531 -0.0241603851318359 0.0113353729248047
0.0340347290039063 -0.0386428833007813 -0.0332393646240234 0.0142612457275391
0.0423469543457031 -0.0246429443359375 -0.0338687896728516 0.00386047363281249
0.0462379455566406 0.0020904541015625 -0.0345802307128906 -0.00144386291503906
0.0515365600585938 0.0156173706054687 -0.0260906219482422 0.00544929504394532
0.0504570007324219 0.0259933471679687 -0.0190467834472656 0.0203628540039063
0.0526809692382813 0.0434799194335938 0.0182037353515625 -0.0147705078125
0.0577888488769531 0.0333099365234375 0.0358314514160156 0.0142631530761719
0.0584068298339844 0.0219917297363281 0.0398139953613281 0.0142707824707031
0.0585212707519531 -0.00220870971679688 0.0436668395996094 -0.000957489013671875
0.0466079711914063 -0.0219306945800781 0.0279426574707031 -0.0108280181884766
0.0288047790527344 -0.0403594970703125 0.00931072235107422 -0.0145626068115234
0.0126953125 -0.0452690124511719 0.00139355659484863 -0.00159144401550293
0.0103683471679688 -0.0435905456542969 -0.00275325775146484 0.0142593383789062
0.00841140747070313 -0.047760009765625 -0.00979995727539062 0.0251502990722656
0.0156059265136719 -0.0480422973632813 -0.0232963562011719 0.0265579223632813
0.033294677734375 -0.0389976501464844 -0.03216552734375 0.0257072448730469
0.0447425842285156 -0.0276031494140625 -0.0333576202392578 0.00970077514648438
0.0525283813476563 0.00110244750976563 -0.0289726257324219 0.000305175781249996
0.0582466125488281 0.0182380676269531 -0.00993537902832031 0.00804901123046875
0.0541038513183594 0.0293922424316406 -0.000843048095703121 0.0314884185791016
0.0483932495117188 0.0357742309570313 0.0344371795654297 -0.00457763671875
0.0568771362304688 0.0266456604003906 0.0468826293945313 0.0184669494628906
0.0560035705566406 0.01416015625 0.040985107421875 0.0143547058105469
0.0528182983398438 -0.00859832763671875 0.0379867553710938 0.0042724609375
0.0375900268554687 -0.0248031616210938 0.021026611328125 0.000242233276367186
0.0205078125 -0.0377044677734375 0.00576353073120117 0.00222492218017578
0.0075225830078125 -0.03802490234375 0.001739501953125 0.0157546997070312
0.00802230834960938 -0.0357437133789063 -0.00127792358398437 0.0282840728759766
0.00687408447265625 -0.0390357971191406 -0.00759506225585938 0.0394020080566406
0.0131149291992188 -0.0390281677246094 -0.0230827331542969 0.0390892028808594
0.0294437408447266 -0.0325508117675781 -0.0324535369873047 0.0331821441650391
0.0410728454589844 -0.0236015319824219 -0.0320682525634766 0.0140247344970703
0.0498046875 0.00325775146484375 -0.0228214263916016 0.00230598449707031
0.0534515380859375 0.0201988220214844 0.00494003295898438 0.0112142562866211
0.0483474731445313 0.0300064086914063 0.0160331726074219 0.0437088012695313
0.0351181030273438 0.0230808258056641 0.0465507507324219 0.00104522705078125
0.045379638671875 0.0160598754882813 0.0541000366210937 0.0170669555664062
0.0443878173828125 0.00412750244140625 0.0394287109375 0.0128974914550781
0.0375938415527344 -0.0133132934570312 0.0326614379882813 0.009185791015625
0.0228023529052734 -0.0229949951171875 0.0174188613891602 0.00831890106201172
0.00874137878417969 -0.0273265838623047 0.00497055053710938 0.015681266784668
0.00215339660644531 -0.0246372222900391 0.00460433959960938 0.0274906158447266
0.00401496887207031 -0.0224437713623047 0.00197601318359375 0.0392227172851563
0.00457000732421875 -0.024627685546875 -0.00713348388671875 0.0494117736816406
0.00934600830078125 -0.0258102416992188 -0.0247535705566406 0.0478706359863281
0.0212898254394531 -0.0212631225585938 -0.0340194702148438 0.0385246276855469
0.0316238403320313 -0.0156269073486328 -0.0320930480957031 0.0166568756103516
0.0383682250976563 0.0063323974609375 -0.0185985565185547 0.00320625305175781
0.0405426025390625 0.0186424255371094 0.0155801773071289 0.0155696868896484
0.0345115661621094 0.0256843566894531 0.0284500122070313 0.0550880432128906
0.0162630081176758 0.0089569091796875 0.05450439453125 0.00151443481445313
0.0275306701660156 0.00503349304199219 0.0574760437011719 0.0128135681152344
0.0247726440429688 -0.00399589538574219 0.0373268127441406 0.00977706909179688
0.0162172317504883 -0.0132865905761719 0.0285453796386719 0.0124893188476563
0.00522041320800781 -0.0150442123413086 0.0177440643310547 0.0136852264404297
-0.00417423248291016 -0.0107631683349609 0.00844383239746094 0.0236091613769531
-0.00240850448608399 -0.00697803497314453 0.00897407531738282 0.0346794128417969
0.000213623046875 -0.00580501556396484 0.00423812866210938 0.0432891845703125
-0.000223159790039062 -0.00739336013793945 -0.00836944580078124 0.0538139343261719
0.00117015838623047 -0.00992298126220703 -0.0277366638183594 0.0511245727539063
0.00898647308349609 -0.0104236602783203 -0.0364608764648438 0.0394401550292969
0.0165014266967773 -0.0085916519165039 -0.0331859588623047 0.0179309844970703
0.0222244262695313 0.00433921813964844 -0.0174980163574219 0.0055389404296875
0.0218372344970703 0.0118274688720703 0.0188426971435547 0.020782470703125
0.0158262252807617 0.015233039855957 0.0336723327636719 0.0630683898925781
0.00367450714111328 0.0103721618652344 -0.0352859497070313 -0.0561180114746094
-0.00116419792175293 0.0015794038772583 -0.0124282836914063 -0.0194225311279297
-0.0022120475769043 0.00512123107910156 0.0204010009765625 -0.00140380859375
0.00405359268188477 0.00503253936767578 0.0410385131835938 -0.0166702270507813
0.0070500373840332 -0.000301837921142578 0.0403366088867188 -0.0356636047363281
0.00646162033081055 -0.00676774978637695 0.0261383056640625 -0.055328369140625
0.00255680084228516 -0.0131015777587891 0.00665664672851563 -0.0570030212402344
0.0028228759765625 -0.0125532150268555 -0.00632095336914063 -0.0426483154296875
0.00531291961669922 -0.0118818283081055 -0.0144309997558594 -0.0307407379150391
0.00958347320556641 -0.00910568237304688 -0.0179290771484375 -0.0240554809570313
0.0114984512329102 -0.00132942199707031 -0.025909423828125 -0.0137805938720703
0.00687026977539063 0.00772476196289063 -0.0297088623046875 -0.0117397308349609
-0.00489664077758789 0.00634670257568359 -0.039886474609375 -0.0162429809570313
-0.00557327270507813 0.00138473510742188 -0.0540580749511719 -0.00957107543945313
-0.000816106796264649 0.00436687469482422 -0.0531387329101563 -0.00470352172851563
0.0232295989990234 0.0258712768554687 -0.0269126892089844 -0.0508270263671875
0.0187473297119141 0.0135326385498047 -0.00291061401367187 -0.0140924453735352
0.016845703125 0.0137929916381836 0.0254306793212891 0.000864028930664063
0.0226249694824219 0.00595283508300781 0.0443077087402344 -0.0147056579589844
0.0223636627197266 -0.00484466552734375 0.0408782958984375 -0.0315170288085938
0.0175323486328125 -0.0190620422363281 0.0251998901367187 -0.0499458312988281
0.00722122192382813 -0.0286846160888672 0.00605392456054687 -0.0493011474609375
0.00662422180175781 -0.0280094146728516 -0.00657081604003906 -0.0336151123046875
0.00779342651367188 -0.0300807952880859 -0.0153293609619141 -0.0210723876953125
0.0152244567871094 -0.0273571014404297 -0.0217494964599609 -0.0161304473876953
0.02325439453125 -0.0163860321044922 -0.0299797058105469 -0.00781250000000001
0.0237178802490234 -0.00384521484375 -0.0318679809570313 -0.008148193359375
0.0157976150512695 0.00777626037597656 -0.0394325256347656 -0.0099945068359375
0.0164995193481445 0.00910186767578125 -0.0494499206542969 -0.00298309326171875
0.0198974609375 0.0143280029296875 -0.0477180480957031 0.00193405151367187
0.039154052734375 0.0375938415527344 -0.0144271850585937 -0.041473388671875
0.0368881225585938 0.0252723693847656 0.00906085968017578 -0.00477409362792969
0.0347061157226563 0.0211315155029297 0.0316085815429688 0.00624275207519531
0.0402984619140625 0.00619888305664062 0.0474739074707031 -0.0110740661621094
0.0370330810546875 -0.0101737976074219 0.0391044616699219 -0.0262107849121094
0.0267391204833984 -0.0296230316162109 0.02203369140625 -0.0409011840820313
0.0119094848632813 -0.0406150817871094 0.00495529174804688 -0.0360565185546875
0.00928497314453126 -0.0397682189941406 -0.00618362426757812 -0.0194778442382813
0.00888824462890625 -0.0429534912109375 -0.0148506164550781 -0.00635051727294922
0.0173683166503906 -0.0419502258300781 -0.0243759155273438 -0.00267028808593751
0.0308628082275391 -0.0297164916992188 -0.0335597991943359 0.00317955017089844
0.03643798828125 -0.0158958435058594 -0.0343742370605469 -0.002044677734375
0.0340824127197266 0.00491714477539063 -0.0379905700683594 -0.00510406494140625
0.0364990234375 0.0133819580078125 -0.0395622253417969 0.00284194946289063
0.0382804870605469 0.0212135314941406 -0.0358810424804688 0.011566162109375
0.0490608215332031 0.0444107055664063 0.00122261047363281 -0.0268917083740234
0.0504684448242187 0.0322380065917969 0.0223751068115234 0.00663566589355469
0.0508308410644531 0.0245628356933594 0.0374374389648438 0.0113334655761719
0.0540771484375 0.00321578979492187 0.0478630065917969 -0.00606918334960938
0.0457038879394531 -0.0167427062988281 0.0347175598144531 -0.0192108154296875
0.0311508178710938 -0.03765869140625 0.0159511566162109 -0.0283679962158203
0.01361083984375 -0.0464286804199219 0.00278854370117187 -0.0198917388916016
0.0102081298828125 -0.0445976257324219 -0.00459957122802734 -0.00288486480712891
0.00863265991210938 -0.0490150451660156 -0.0124473571777344 0.00989532470703125
0.01629638671875 -0.0488510131835938 -0.0243854522705078 0.0121574401855469
0.0333213806152344 -0.0383262634277344 -0.0340194702148438 0.0154399871826172
0.0429458618164062 -0.0251350402832031 -0.0344486236572266 0.00436782836914062
0.0470123291015625 0.002044677734375 -0.0347690582275391 -0.00115013122558594
0.0513229370117187 0.015472412109375 -0.0260143280029297 0.00572013854980469
0.0500946044921875 0.0263938903808594 -0.0194549560546875 0.02130126953125
0.0531272888183594 0.0427932739257813 0.0180435180664063 -0.0144100189208984
0.057220458984375 0.0326042175292969 0.0359916687011719 0.0153465270996094
0.0583724975585938 0.0217399597167969 0.0404205322265625 0.0154151916503906
0.058563232421875 -0.002838134765625 0.0443916320800781 -0.00028228759765625
0.046722412109375 -0.0222625732421875 0.0281772613525391 -0.00981330871582031
0.0282821655273438 -0.0407791137695313 0.010004997253418 -0.0129728317260742
0.0119209289550781 -0.0452919006347656 0.00207829475402832 -0.000766277313232425
0.00996780395507813 -0.0431098937988281 -0.002166748046875 0.0142250061035156
0.00828933715820313 -0.0473785400390625 -0.00961112976074219 0.0269889831542969
0.0150833129882813 -0.0483894348144531 -0.0234832763671875 0.0282611846923828
0.0327377319335938 -0.0385513305664063 -0.0330753326416016 0.0267524719238281
0.0444221496582031 -0.0281028747558594 -0.033843994140625 0.0104045867919922
0.0527076721191406 0.000659942626953125 -0.0293464660644531 0.00148391723632813
0.0577774047851563 0.0173683166503906 -0.0101251602172852 0.00900650024414063
0.0536079406738281 0.0289421081542969 -0.00137710571289062 0.0326118469238281
0.0482521057128906 0.0354766845703125 0.0345993041992188 -0.0037841796875
0.0552864074707031 0.0255165100097656 0.0471115112304688 0.0190048217773438
0.0564308166503906 0.0140914916992188 0.0411949157714844 0.0161514282226563
0.0527381896972656 -0.00904083251953125 0.0391578674316406 0.00531387329101562
0.0372238159179688 -0.02490234375 0.0217514038085938 -0.000177383422851564
0.0203208923339844 -0.0367507934570313 0.00678205490112305 0.00357675552368164
0.00735855102539063 -0.0374412536621094 0.00271701812744141 0.0160045623779297
0.00725936889648438 -0.0354080200195313 0.000185012817382813 0.0284156799316406
0.006561279296875 -0.0385322570800781 -0.00772857666015625 0.0404129028320313
0.0129623413085938 -0.0384750366210938 -0.0232086181640625 0.0399551391601563
0.0286273956298828 -0.0321807861328125 -0.0328502655029297 0.0347156524658203
0.0400848388671875 -0.0236320495605469 -0.0324592590332031 0.0148963928222656
0.0488662719726562 0.0034942626953125 -0.0231971740722656 0.00312995910644531
0.0534172058105469 0.0193710327148438 0.00530433654785157 0.0114679336547852
0.0475692749023437 0.0288238525390625 0.0153274536132812 0.0446853637695313
0.0352745056152344 0.0223426818847656 0.0466270446777344 0.0010528564453125
0.0439605712890625 0.0149574279785156 0.0548095703125 0.0175399780273438
0.0439224243164063 0.00341033935546875 0.0407905578613281 0.0138282775878906
0.036224365234375 -0.0134735107421875 0.0328178405761719 0.0103473663330078
0.0219268798828125 -0.0224494934082031 0.0182209014892578 0.00896453857421875
0.0070953369140625 -0.0260162353515625 0.00686740875244141 0.0162458419799805
0.0012054443359375 -0.0229701995849609 0.00550079345703125 0.0285263061523438
0.00384330749511719 -0.0224018096923828 0.00277328491210937 0.0389823913574219
0.00470924377441407 -0.0238704681396484 -0.00664901733398437 0.04974365234375
0.0081634521484375 -0.0248489379882813 -0.0248680114746094 0.0478706359863281
0.0205955505371094 -0.0220966339111328 -0.0337257385253906 0.0385971069335938
0.0309829711914062 -0.0158233642578125 -0.0318737030029297 0.0175457000732422
0.0377845764160156 0.0051116943359375 -0.0190696716308594 0.00433731079101562
0.0398178100585938 0.017974853515625 0.015406608581543 0.0162343978881836
0.0339813232421875 0.0244503021240234 0.0270843505859375 0.0555152893066406
0.0162630081176758 0.00811862945556641 0.0535469055175781 0.001190185546875
0.0266323089599609 0.00368499755859375 0.056671142578125 0.0134811401367187
0.0243015289306641 -0.00530624389648438 0.0378189086914063 0.0107154846191406
0.0153675079345703 -0.013432502746582 0.0296745300292969 0.0128726959228516
0.00271987915039063 -0.015009880065918 0.0179214477539062 0.0140399932861328
-0.00530052185058594 -0.00977134704589844 0.0101070404052734 0.0230998992919922
-0.00288534164428711 -0.00524616241455078 0.00891494750976563 0.0340900421142578
-0.000476837158203125 -0.00475168228149414 0.00444793701171875 0.0430221557617188
0.000491619110107422 -0.00608968734741211 -0.0078887939453125 0.0538558959960938
0.000515937805175782 -0.00887298583984375 -0.0273246765136719 0.051116943359375
0.00844764709472656 -0.0105886459350586 -0.0356636047363281 0.0395851135253906
0.0152797698974609 -0.00808429718017578 -0.0328636169433594 0.0187873840332031
0.0217304229736328 0.00387954711914063 -0.0178279876708984 0.00512123107910156
0.0214328765869141 0.0108566284179688 0.0177631378173828 0.0203800201416016
0.0152206420898437 0.0147619247436523 0.0329017639160156 0.0635910034179688
0.0045013427734375 0.0123386383056641 -0.0341606140136719 -0.0572357177734375
0.000277280807495117 0.00248169898986816 -0.0111255645751953 -0.0192050933837891
-0.00141000747680664 0.00552272796630859 0.0216445922851563 -0.00135612487792969
0.00541257858276367 0.00481128692626953 0.0424385070800781 -0.0161705017089844
0.00809001922607422 -0.000593662261962891 0.0415420532226563 -0.0360488891601563
0.00673532485961914 -0.00782442092895508 0.0270652770996094 -0.0563430786132812
0.00259685516357422 -0.0147237777709961 0.006134033203125 -0.0576210021972656
0.00302314758300781 -0.0140886306762695 -0.00621414184570313 -0.0431365966796875
0.00558090209960938 -0.0138654708862305 -0.0145473480224609 -0.0304355621337891
0.0104141235351563 -0.0103216171264648 -0.0184326171875 -0.0245876312255859
0.0126962661743164 -0.00162696838378906 -0.0270271301269531 -0.0143451690673828
0.00792026519775391 0.0075535774230957 -0.0311775207519531 -0.0127067565917969
-0.00497531890869141 0.0079813003540039 -0.0411796569824219 -0.0170097351074219
-0.00527191162109375 0.0028223991394043 -0.0557365417480469 -0.00974655151367187
-0.000984191894531249 0.00603914260864258 -0.0540733337402344 -0.00464248657226563
0.0244598388671875 0.0272331237792969 -0.0258026123046875 -0.0521049499511719
0.0198345184326172 0.0145912170410156 -0.00216197967529297 -0.0138006210327148
0.0179481506347656 0.0138874053955078 0.0271720886230469 0.00172615051269531
0.0237045288085938 0.0056610107421875 0.0459709167480469 -0.0142745971679688
0.0236740112304688 -0.00591087341308594 0.0420379638671875 -0.0318069458007813
0.0189018249511719 -0.0206642150878906 0.0256004333496094 -0.0504570007324219
0.00720596313476562 -0.0307674407958984 0.00606536865234376 -0.048919677734375
0.00670051574707031 -0.0297031402587891 -0.00633621215820313 -0.0334186553955078
0.0081634521484375 -0.0316944122314453 -0.0164031982421875 -0.0204887390136719
0.0161876678466797 -0.0295143127441406 -0.0231246948242188 -0.0158729553222656
0.0250949859619141 -0.0168094635009766 -0.0313625335693359 -0.00749969482421875
0.0253143310546875 -0.00325775146484375 -0.0332260131835937 -0.00863265991210938
0.0168209075927734 0.00939559936523437 -0.0406684875488281 -0.0109481811523437
0.0172042846679688 0.0106868743896484 -0.0509071350097656 -0.00276565551757812
0.0207080841064453 0.0163993835449219 -0.0489349365234375 0.00260162353515625
0.0398941040039063 0.0399589538574219 -0.0135116577148437 -0.0412521362304687
0.0372962951660156 0.0263328552246094 0.0102262496948242 -0.00419807434082031
0.0368194580078125 0.0218696594238281 0.0331516265869141 0.00745582580566406
0.0420761108398438 0.0057525634765625 0.04913330078125 -0.0103912353515625
0.0378837585449219 -0.0109443664550781 0.0403099060058594 -0.0264167785644531
0.0277976989746094 -0.0311412811279297 0.0227584838867187 -0.0406532287597656
0.0119857788085937 -0.0423393249511719 0.0054168701171875 -0.0357780456542969
0.0092010498046875 -0.0411453247070313 -0.00561904907226562 -0.0195751190185547
0.00893020629882812 -0.0446395874023438 -0.0153036117553711 -0.00575160980224609
0.0181427001953125 -0.043487548828125 -0.0252418518066406 -0.00180435180664063
0.0322246551513672 -0.0308399200439453 -0.0346393585205078 0.00398635864257812
0.0377616882324219 -0.0161514282226563 -0.0358467102050781 -0.00214004516601563
0.0351715087890625 0.0064544677734375 -0.0396194458007813 -0.00479125976562499
0.0376663208007813 0.0149803161621094 -0.0408515930175781 0.00299835205078125
0.0382881164550781 0.0230178833007812 -0.0368423461914063 0.0126457214355469
0.0506782531738281 0.04559326171875 0.00238418579101563 -0.0269985198974609
0.0513458251953125 0.0329437255859375 0.0244636535644531 0.00778388977050781
0.052764892578125 0.0252914428710938 0.0396270751953125 0.0132942199707031
0.0553016662597656 0.00302505493164063 0.0502662658691406 -0.0048828125
0.0463523864746094 -0.0169219970703125 0.0358161926269531 -0.0182876586914062
0.0318870544433594 -0.0387382507324219 0.0169219970703125 -0.0273933410644531
0.0130386352539063 -0.0482368469238281 0.00394439697265625 -0.0183296203613281
0.00994873046875 -0.0460777282714844 -0.00435376167297363 -0.00191593170166016
0.00857925415039062 -0.0504226684570313 -0.012812614440918 0.0115499496459961
0.0172958374023437 -0.0505294799804687 -0.0255088806152344 0.0146408081054687
0.0346794128417969 -0.0392379760742188 -0.0352592468261719 0.0168647766113281
0.0447578430175781 -0.0256271362304688 -0.0363922119140625 0.00540924072265624
0.0484580993652344 0.00242233276367188 -0.0354728698730469 -0.000774383544921879
0.0524444580078125 0.0166893005371094 -0.0266380310058594 0.00656700134277343
0.0506324768066406 0.0273513793945312 -0.0206146240234375 0.0234088897705078
0.0538101196289063 0.044189453125 0.0188217163085938 -0.0131549835205078
0.0575027465820312 0.0334243774414062 0.0371818542480469 0.0171165466308594
0.06011962890625 0.0222702026367188 0.0426521301269531 0.0178375244140625
0.0602989196777344 -0.00251007080078125 0.0466156005859375 0.00168609619140625
0.0465812683105469 -0.0232963562011719 0.0304145812988281 -0.00933647155761719
0.0291786193847656 -0.0414199829101562 0.0116615295410156 -0.0113372802734375
0.0118217468261719 -0.0456657409667969 0.00254487991333008 1.85966491699191E-05
0.00955581665039063 -0.0436248779296875 -0.00236892700195312 0.0156679153442383
0.00822067260742188 -0.0478897094726563 -0.00934219360351563 0.0286540985107422
0.0156517028808594 -0.0483207702636719 -0.0245761871337891 0.0297927856445313
0.0334129333496094 -0.0396537780761719 -0.0340747833251953 0.0279636383056641
0.0453872680664063 -0.0285415649414063 -0.035736083984375 0.01123046875
0.0536689758300781 0.0014190673828125 -0.0297622680664062 0.00152969360351562
0.0588035583496094 0.0179634094238281 -0.0101184844970703 0.00926876068115235
0.0540275573730469 0.0294723510742188 -0.00165557861328124 0.0348625183105469
0.0485877990722656 0.036041259765625 0.0354118347167969 -0.00292205810546875
0.0557518005371094 0.0256500244140625 0.0479812622070313 0.0213432312011719
0.057769775390625 0.014373779296875 0.0434951782226563 0.0180587768554688
0.0532455444335937 -0.009918212890625 0.0402030944824219 0.00684356689453125
0.0376548767089844 -0.025238037109375 0.0238132476806641 0.00193023681640625
0.0201225280761719 -0.0366592407226563 0.00824928283691406 0.00486230850219726
0.00743865966796875 -0.0376205444335937 0.00315952301025391 0.0170955657958984
0.00720596313476563 -0.0356521606445313 0.000219345092773441 0.0303020477294922
0.00612258911132813 -0.038482666015625 -0.00801849365234375 0.0429267883300781
0.0129966735839844 -0.0389785766601563 -0.0240058898925781 0.0425148010253906
0.0285205841064453 -0.0319671630859375 -0.0336532592773438 0.03631591796875
0.0403709411621094 -0.0248374938964844 -0.03326416015625 0.0158061981201172
0.0499534606933594 0.00293350219726563 -0.0237293243408203 0.00314712524414063
0.0538177490234375 0.0192909240722656 0.004486083984375 0.01287841796875
0.0481338500976563 0.0283050537109375 0.0149993896484375 0.0467033386230469
0.0348911285400391 0.0213756561279297 0.0471420288085938 0.0022735595703125
0.0443649291992188 0.0147590637207031 0.0557022094726563 0.0196571350097656
0.0443229675292969 0.00383758544921875 0.0413284301757812 0.0159378051757813
0.0364303588867188 -0.0151519775390625 0.0345382690429688 0.0107059478759766
0.0203018188476563 -0.0232124328613281 0.0203075408935547 0.0102062225341797
0.00781822204589844 -0.0251846313476562 0.00797080993652344 0.0173254013061523
0.00181388854980469 -0.022216796875 0.00611114501953125 0.0288505554199219
0.00425529479980469 -0.0212669372558594 0.00269699096679688 0.0405616760253906
0.00379753112792968 -0.0236434936523438 -0.00660324096679687 0.0520896911621094
0.00806617736816406 -0.0239696502685547 -0.0252113342285156 0.050537109375
0.0202922821044922 -0.0211105346679687 -0.0337257385253906 0.0405616760253906
0.0303630828857422 -0.0158748626708984 -0.0330677032470703 0.0182914733886719
0.0384178161621094 0.00534820556640625 -0.0196304321289062 0.0044097900390625
0.0399398803710938 0.0176963806152344 0.0155181884765625 0.0166807174682617
0.0342426300048828 0.0230388641357422 0.0266304016113281 0.0574150085449219
0.0166778564453125 0.00702476501464844 0.0543708801269531 0.00148773193359375
0.0264205932617187 0.00290298461914062 0.0579566955566406 0.0139007568359375
0.0247611999511719 -0.00581550598144531 0.0395584106445313 0.0119895935058594
0.0141925811767578 -0.0144481658935547 0.0312633514404297 0.0141067504882812
0.00229263305664062 -0.0150794982910156 0.0199337005615234 0.0142879486083984
-0.00538921356201172 -0.00841712951660156 0.0115432739257813 0.0237979888916016
-0.00271010398864746 -0.00319075584411621 0.0101852416992187 0.0341949462890625
-0.000200748443603515 -0.00446605682373047 0.00469970703125 0.0435447692871094
0.000585556030273438 -0.00518035888671875 -0.00801467895507813 0.0555000305175781
0.000410079956054687 -0.00675868988037109 -0.0287055969238281 0.0525741577148438
0.00789260864257813 -0.009521484375 -0.0372657775878906 0.0407371520996094
0.0153398513793945 -0.00842380523681641 -0.0344696044921875 0.0185508728027344
0.0210895538330078 0.00380706787109375 -0.019012451171875 0.00568199157714843
0.0209331512451172 0.01055908203125 0.0177745819091797 0.0207614898681641
0.0150146484375 0.0131683349609375 0.0326423645019531 0.0651168823242188
0.00612354278564453 0.0139675140380859 -0.0348854064941406 -0.0596427917480469
0.0011138916015625 0.00306367874145508 -0.0105972290039062 -0.0194263458251953
0.000751018524169921 0.00537347793579102 0.0239601135253906 -0.00166511535644531
0.00635099411010742 0.004364013671875 0.0443382263183594 -0.017730712890625
0.00900745391845703 -0.00151538848876953 0.0428581237792969 -0.0373992919921875
0.00735664367675781 -0.00973224639892578 0.026947021484375 -0.0585289001464844
0.001495361328125 -0.0176620483398438 0.00563812255859376 -0.0597686767578125
0.00234699249267578 -0.0160627365112305 -0.00679016113281249 -0.0439796447753906
0.0056304931640625 -0.0166015625 -0.0158405303955078 -0.0308113098144531
0.0119810104370117 -0.0125589370727539 -0.0209236145019531 -0.0246067047119141
0.0141067504882813 -0.00222301483154297 -0.0293960571289062 -0.0140495300292969
0.0103139877319336 0.00806903839111328 -0.0326099395751953 -0.0130023956298828
-0.00345420837402344 0.00964832305908203 -0.043548583984375 -0.0171241760253906
-0.00499248504638672 0.00498533248901367 -0.0584754943847656 -0.0103721618652344
-0.000483036041259765 0.00820159912109375 -0.0559883117675781 -0.00440597534179687
0.0269107818603516 0.0294952392578125 -0.0260276794433594 -0.0537567138671875
0.021759033203125 0.0156459808349609 -0.000586509704589843 -0.0136337280273438
0.0204372406005859 0.0141544342041016 0.0296669006347656 0.00202369689941406
0.0256538391113281 0.00479316711425781 0.0486679077148438 -0.0152702331542969
0.0250282287597656 -0.0072174072265625 0.0435333251953125 -0.0329475402832031
0.0188426971435547 -0.0232963562011719 0.0264968872070312 -0.0515518188476563
0.00687408447265625 -0.0333538055419922 0.00625991821289062 -0.0509414672851563
0.00598907470703125 -0.0320205688476563 -0.00687789916992187 -0.0339679718017578
0.00774002075195313 -0.0349864959716797 -0.0171070098876953 -0.0197486877441406
0.0170803070068359 -0.0316848754882813 -0.0249710083007813 -0.0151844024658203
0.0267505645751953 -0.0188579559326172 -0.0337238311767578 -0.00634193420410156
0.0278511047363281 -0.00461387634277344 -0.0356025695800781 -0.00833511352539063
0.0185661315917969 0.0106334686279297 -0.0431594848632813 -0.0108375549316406
0.0186233520507812 0.0131969451904297 -0.0525093078613281 -0.00204849243164062
0.0216884613037109 0.0183334350585938 -0.05059814453125 0.00419998168945312
0.0430755615234375 0.0416259765625 -0.0131683349609375 -0.0416908264160156
0.0394554138183594 0.0275039672851563 0.0122594833374023 -0.0028076171875
0.039642333984375 0.0224189758300781 0.036590576171875 0.008026123046875
0.0440177917480469 0.00518417358398438 0.0523109436035156 -0.0103416442871094
0.0393829345703125 -0.0127983093261719 0.0428314208984375 -0.0264854431152344
0.0282917022705078 -0.0336685180664063 0.0234336853027344 -0.0406646728515625
0.011260986328125 -0.0448417663574219 0.00570297241210937 -0.0361480712890625
0.00852584838867188 -0.0434455871582031 -0.00584793090820313 -0.0187969207763672
0.00857925415039063 -0.0479316711425781 -0.0155868530273438 -0.00377368927001954
0.01849365234375 -0.0459671020507812 -0.0274238586425781 -5.34057617187472E-05
0.0340824127197266 -0.0329227447509766 -0.0372886657714844 0.00615692138671875
0.0399436950683594 -0.0170211791992188 -0.0382881164550781 -0.000679016113281248
0.0379295349121094 0.00740814208984375 -0.041229248046875 -0.00419235229492188
0.0399055480957031 0.0166015625 -0.0417518615722656 0.00494384765625001
0.0407028198242188 0.0245780944824219 -0.0383796691894531 0.014923095703125
0.0538063049316406 0.0470619201660156 0.00349235534667969 -0.0274600982666016
0.0535202026367187 0.0340766906738281 0.0263252258300781 0.00878715515136719
0.0559196472167969 0.0256118774414063 0.043243408203125 0.0147476196289063
0.05804443359375 0.00167083740234375 0.0521278381347656 -0.00434494018554688
0.0482330322265625 -0.0191268920898438 0.0383491516113281 -0.0186729431152344
0.0326385498046875 -0.0409736633300781 0.0185546875 -0.0270767211914063
0.0136337280273438 -0.0504684448242188 0.00496482849121094 -0.0181770324707031
0.009613037109375 -0.0485191345214844 -0.00361251831054687 -0.000475168228149416
0.00775527954101562 -0.0531578063964844 -0.0122556686401367 0.0141019821166992
0.0168914794921875 -0.0528602600097656 -0.0268001556396484 0.0170326232910156
0.0355796813964844 -0.0418357849121094 -0.0370712280273438 0.0192718505859375
0.0464439392089844 -0.0277862548828125 -0.038360595703125 0.00712966918945313
0.0513763427734375 0.00263595581054687 -0.0380058288574219 0.000209808349609372
0.0548782348632813 0.0179405212402344 -0.0272865295410156 0.00876617431640625
0.0528564453125 0.0290412902832031 -0.0209579467773438 0.0263710021972656
0.055328369140625 0.0450630187988281 0.0199527740478516 -0.0133285522460937
0.0598411560058594 0.0333938598632813 0.0398902893066406 0.0186500549316406
0.0632667541503906 0.0226402282714844 0.0462989807128906 0.0191650390625
0.0621871948242188 -0.003509521484375 0.0493125915527344 0.0018310546875
0.0482292175292969 -0.0247993469238281 0.0319728851318359 -0.00828170776367188
0.0295562744140625 -0.0426597595214844 0.0126981735229492 -0.0106096267700195
0.0111122131347656 -0.0477638244628906 0.00362300872802734 0.00107598304748535
0.00889205932617187 -0.0457687377929688 -0.00129413604736328 0.0173244476318359
0.0073394775390625 -0.0504531860351563 -0.00879478454589844 0.0317478179931641
0.0146484375 -0.0505218505859375 -0.0250701904296875 0.0328311920166016
0.0334739685058594 -0.0416450500488281 -0.0358734130859375 0.0316085815429687
0.0465583801269531 -0.0306167602539063 -0.0367584228515625 0.013580322265625
0.056060791015625 0.0010528564453125 -0.0315570831298828 0.00294876098632812
0.0614814758300781 0.01837158203125 -0.0106105804443359 0.0114679336547852
0.0563774108886719 0.0305252075195313 -0.00173568725585937 0.0386238098144531
0.0499839782714844 0.0356178283691406 0.03656005859375 -0.002899169921875
0.0570602416992188 0.0258064270019531 0.0509757995605469 0.0228118896484375
0.0602951049804688 0.0137138366699219 0.0466766357421875 0.0196571350097656
0.0546188354492188 -0.0108146667480469 0.0435905456542969 0.007476806640625
0.0376510620117188 -0.0268363952636719 0.0256557464599609 0.0021514892578125
0.0208206176757813 -0.0378379821777344 0.00958061218261719 0.00595664978027344
0.00661087036132812 -0.0382957458496094 0.004547119140625 0.0182285308837891
0.006561279296875 -0.0358390808105469 0.00149345397949219 0.0320262908935547
0.00638580322265625 -0.0393753051757812 -0.00652694702148438 0.0456161499023438
0.0124702453613281 -0.0394630432128906 -0.0245132446289063 0.0459747314453125
0.0289802551269531 -0.0338363647460938 -0.0344505310058594 0.0393562316894531
0.0410499572753906 -0.0259780883789063 -0.0351524353027344 0.0178375244140625
0.0512275695800781 0.0027618408203125 -0.0250759124755859 0.00461006164550782
0.0550041198730469 0.0190658569335938 0.00484466552734375 0.0140666961669922
0.0496406555175781 0.0286521911621094 0.0154800415039063 0.0501976013183594
0.0363578796386719 0.020843505859375 0.0491905212402344 0.002410888671875
0.0450973510742188 0.0132827758789063 0.0580482482910156 0.0210952758789063
0.04583740234375 0.0022735595703125 0.044891357421875 0.0169029235839844
0.0366592407226562 -0.01544189453125 0.0372123718261719 0.0119476318359375
0.0201816558837891 -0.0237331390380859 0.0222930908203125 0.0109806060791016
0.00720787048339844 -0.0252304077148438 0.00988388061523438 0.0182514190673828
0.00133705139160156 -0.0220909118652344 0.00743293762207031 0.0305881500244141
0.00373649597167969 -0.0207653045654297 0.00376129150390625 0.0421524047851563
0.00422859191894531 -0.0228385925292969 -0.00592041015625 0.0550613403320313
0.00776863098144531 -0.0228042602539063 -0.0258750915527344 0.053497314453125
0.0199871063232422 -0.0211734771728516 -0.0356979370117187 0.0436668395996094
0.0302238464355469 -0.0167579650878906 -0.0344219207763672 0.0204429626464844
0.03863525390625 0.00460433959960938 -0.0204830169677734 0.0057373046875
0.0410194396972656 0.016448974609375 0.0150928497314453 0.0182209014892578
0.0350017547607422 0.0223751068115234 0.0276298522949219 0.0609321594238281
0.0164041519165039 0.00517654418945313 0.0558013916015625 0.00156021118164063
0.0265674591064453 0.00124359130859375 0.0603790283203125 0.0146102905273438
0.0246334075927734 -0.00789070129394531 0.0421905517578125 0.0130691528320313
0.0136442184448242 -0.0154037475585938 0.0336284637451172 0.0147781372070312
0.000565528869628906 -0.0152244567871094 0.0226249694824219 0.0148639678955078
-0.00628995895385742 -0.00728702545166016 0.0136966705322266 0.0243186950683594
-0.00272607803344727 -0.00168609619140625 0.0115585327148438 0.0352630615234375
-0.000438213348388672 -0.00281262397766113 0.00566482543945312 0.0455589294433594
0.000917196273803711 -0.0032351016998291 -0.00695037841796874 0.0584373474121094
0.000883102416992187 -0.00543069839477539 -0.0288925170898438 0.0559501647949219
0.00675344467163086 -0.00871038436889648 -0.0383338928222656 0.0436897277832031
0.0141973495483398 -0.00832939147949219 -0.0355682373046875 0.0211029052734375
0.0206985473632813 0.00368499755859375 -0.0206108093261719 0.00658798217773438
0.0206680297851563 0.00950241088867188 0.0180721282958984 0.0218620300292969
0.0149221420288086 0.0116119384765625 0.0334587097167969 0.0680274963378906
0.00850677490234375 0.0162410736083984 -0.0375137329101563 -0.0608406066894531
0.00347137451171875 0.00362324714660645 -0.0100498199462891 -0.0201473236083984
0.00222921371459961 0.00558805465698242 0.0254573822021484 -0.00247573852539062
0.00811004638671875 0.00368881225585938 0.0455360412597656 -0.0201835632324219
0.00999641418457031 -0.00326156616210938 0.0431365966796875 -0.0403556823730469
0.00699520111083984 -0.0120687484741211 0.0252265930175781 -0.0613212585449219
0.000659942626953125 -0.0195083618164062 0.00372314453125 -0.0614547729492188
0.00159454345703125 -0.0186100006103516 -0.00922012329101562 -0.0445632934570313
0.00490760803222656 -0.0192222595214844 -0.0174770355224609 -0.0301589965820313
0.0122394561767578 -0.0153322219848633 -0.0234584808349609 -0.0237140655517578
0.0159912109375 -0.00423622131347656 -0.0316371917724609 -0.0128383636474609
0.0128211975097656 0.00771617889404297 -0.0360374450683594 -0.0120048522949219
-0.00243091583251953 0.0112161636352539 -0.0469589233398438 -0.0167732238769531
-0.00407028198242188 0.00786399841308594 -0.0603713989257812 -0.00869750976562501
0.000727653503417968 0.0104217529296875 -0.0580825805664063 -0.00150680541992189
0.0303230285644531 0.03131103515625 -0.0276451110839844 -0.0541915893554688
0.0251579284667969 0.0153274536132813 0.000413894653320314 -0.0134706497192383
0.023406982421875 0.0135765075683594 0.0325546264648437 0.00124549865722656
0.0279216766357422 0.00325393676757812 0.0503273010253906 -0.0172080993652344
0.025970458984375 -0.00976181030273438 0.0443572998046875 -0.0345420837402344
0.0183200836181641 -0.0265979766845703 0.0260429382324219 -0.0533561706542969
0.00460052490234375 -0.0363006591796875 0.005126953125 -0.051910400390625
0.00395965576171875 -0.0351238250732422 -0.00804901123046875 -0.0339107513427734
0.00625991821289062 -0.0381546020507813 -0.0177459716796875 -0.0180072784423828
0.0165252685546875 -0.0351295471191406 -0.0268821716308594 -0.0132865905761719
0.0282115936279297 -0.0212173461914063 -0.0361595153808594 -0.00412750244140626
0.0303306579589844 -0.00518608093261719 -0.0378799438476563 -0.00677108764648437
0.0208873748779297 0.0119132995605469 -0.045654296875 -0.00906753540039062
0.0202655792236328 0.0149517059326172 -0.0542831420898437 4.19616699218871E-05
0.0236091613769531 0.0200634002685547 -0.0519828796386719 0.00743103027343751
0.0469131469726563 0.0424995422363281 -0.0137977600097656 -0.0425033569335938
0.0429458618164063 0.0266036987304688 0.0141849517822266 -0.00249290466308594
0.0435409545898438 0.0208168029785156 0.0406646728515625 0.0075531005859375
0.0469207763671875 0.00319290161132812 0.0548362731933594 -0.0120658874511719
0.0401649475097656 -0.0158500671386719 0.0437049865722656 -0.027862548828125
0.0277786254882813 -0.0374221801757813 0.0237693786621094 -0.0417442321777344
0.00889968872070312 -0.0478363037109375 0.0054779052734375 -0.0366058349609375
0.00630950927734375 -0.0465087890625 -0.00588226318359375 -0.0176734924316406
0.00624847412109375 -0.050994873046875 -0.0153636932373047 -0.00135898590087891
0.0169601440429687 -0.0498466491699219 -0.0284442901611328 0.00299453735351562
0.034637451171875 -0.0360527038574219 -0.0385665893554687 0.00940322875976562
0.0419502258300781 -0.0198440551757812 -0.0402069091796875 0.00145721435546875
0.0408897399902344 0.00760650634765625 -0.0433807373046875 -0.00201034545898438
0.0423469543457031 0.0176467895507813 -0.0428276062011719 0.00738143920898437
0.0430679321289063 0.02581787109375 -0.0386810302734375 0.0185775756835937
0.0573921203613281 0.0471878051757812 0.00357627868652344 -0.027008056640625
0.0568962097167969 0.0333023071289063 0.0296840667724609 0.0097198486328125
0.060089111328125 0.0244636535644531 0.0472488403320313 0.0150871276855469
0.0608253479003906 -0.000926971435546875 0.05584716796875 -0.00596237182617187
0.04852294921875 -0.0222282409667969 0.0400123596191406 -0.0190048217773438
0.0316123962402344 -0.0438613891601563 0.0192890167236328 -0.0270099639892578
0.0108566284179687 -0.0527992248535156 0.00525856018066406 -0.0176639556884766
0.00724029541015625 -0.0507392883300781 -0.00221729278564453 0.00115132331848144
0.00604629516601563 -0.0557098388671875 -0.0115203857421875 0.0180282592773438
0.0147972106933594 -0.055999755859375 -0.0272064208984375 0.0215396881103516
0.03509521484375 -0.0446052551269531 -0.0381546020507813 0.0240249633789063
0.0470962524414063 -0.0303764343261719 -0.0393028259277344 0.0102767944335937
0.0536041259765625 0.00185012817382813 -0.0393142700195313 0.00314712524414062
0.0580940246582031 0.0173072814941406 -0.0275764465332031 0.0112667083740234
0.055999755859375 0.0286407470703125 -0.0200099945068359 0.0299835205078125
0.0595970153808594 0.0438003540039063 0.0218677520751953 -0.0133323669433594
0.0623092651367187 0.0326614379882813 0.0437049865722656 0.0192947387695313
0.0671272277832031 0.0208206176757813 0.0505599975585938 0.0193405151367188
0.0643081665039062 -0.00669097900390625 0.0530357360839844 0.00139617919921875
0.0483665466308594 -0.027435302734375 0.0343379974365234 -0.00818824768066406
0.0288772583007813 -0.045379638671875 0.0150661468505859 -0.00987052917480469
0.00948333740234375 -0.0492019653320313 0.00508213043212891 0.0023350715637207
0.00743865966796875 -0.0468635559082031 0.000457763671875002 0.0190715789794922
0.00541305541992188 -0.0515060424804688 -0.00649642944335937 0.0360450744628906
0.0128631591796875 -0.0520973205566406 -0.0248680114746094 0.03802490234375
0.032928466796875 -0.0441246032714844 -0.0358810424804688 0.036376953125
0.0465812683105469 -0.0332679748535156 -0.0383033752441406 0.0172767639160156
0.0579605102539063 -0.00118255615234375 -0.0323905944824219 0.00541877746582031
0.0632743835449219 0.0164642333984375 -0.00972366333007812 0.0132379531860352
0.0590705871582031 0.0290107727050781 -0.000114440917968747 0.0417556762695313
0.0532417297363281 0.0339279174804688 0.0382270812988281 -0.00252914428710937
0.0588150024414063 0.0239410400390625 0.0549240112304688 0.0232734680175781
0.0628585815429688 0.0115585327148437 0.0513038635253906 0.0200653076171875
0.0556144714355469 -0.01287841796875 0.0467643737792969 0.00748443603515625
0.0368576049804688 -0.0285072326660156 0.0280857086181641 0.00246810913085937
0.0194778442382813 -0.0393257141113281 0.0119285583496094 0.00715065002441406
0.00585174560546875 -0.0387001037597656 0.00671577453613281 0.0194778442382813
0.00557708740234375 -0.03607177734375 0.00383567810058594 0.0340194702148438
0.00486373901367187 -0.0396385192871094 -0.00354766845703125 0.0494003295898437
0.0108489990234375 -0.0401077270507813 -0.0230674743652344 0.0511474609375
0.0277900695800781 -0.0350894927978516 -0.0343170166015625 0.0447502136230469
0.0406723022460938 -0.0279731750488281 -0.0360488891601563 0.0218849182128906
0.0526771545410156 0.00096893310546875 -0.0261573791503906 0.00673484802246094
0.0572433471679687 0.0169639587402344 0.00585651397705078 0.0151691436767578
0.0517845153808594 0.0270500183105469 0.0180587768554688 0.0535697937011719
0.0375633239746094 0.0190582275390625 0.0512504577636719 0.00203323364257813
0.045928955078125 0.0115852355957031 0.0617027282714844 0.0210418701171875
0.0468978881835938 -0.000598907470703125 0.0483169555664063 0.0171470642089844
0.035858154296875 -0.0172576904296875 0.0409393310546875 0.0122795104980469
0.0187759399414063 -0.0245132446289063 0.0246982574462891 0.0104351043701172
0.00614738464355469 -0.025054931640625 0.0124607086181641 0.0187492370605469
0.00109291076660156 -0.0211429595947266 0.009857177734375 0.0314502716064453
0.00247573852539062 -0.0200672149658203 0.006011962890625 0.0441932678222656
0.00365829467773437 -0.0221118927001953 -0.00275039672851563 0.0588264465332031
0.00704574584960938 -0.0230884552001953 -0.0237045288085938 0.0584526062011719
0.0189247131347656 -0.0214385986328125 -0.0353469848632813 0.0482368469238281
0.0290069580078125 -0.0178146362304687 -0.0352554321289063 0.0240859985351563
0.038665771484375 0.00364303588867188 -0.0218238830566406 0.00775527954101563
0.0419540405273438 0.0149612426757812 0.0165653228759766 0.0183353424072266
0.0358085632324219 0.020660400390625 0.031463623046875 0.0640068054199219
0.0165071487426758 0.00360679626464844 0.0573539733886719 0.000400543212890625
0.0259208679199219 -0.0009002685546875 0.0634346008300781 0.0138206481933594
0.0244255065917969 -0.0101222991943359 0.0448875427246094 0.0130348205566406
0.0114860534667969 -0.01654052734375 0.0369300842285156 0.0147361755371094
-0.00123214721679688 -0.0147018432617188 0.0250644683837891 0.0147438049316406
-0.00705528259277344 -0.0054478645324707 0.0165252685546875 0.0237941741943359
-0.00274562835693359 -0.000134706497192383 0.0133609771728516 0.0349597930908203
-3.27229499816895E-05 -0.000929415225982666 0.00825119018554688 0.0468521118164063
0.000968694686889648 -0.00140190124511719 -0.0045166015625 0.061279296875
0.000308036804199219 -0.00405526161193848 -0.0276145935058594 0.0604057312011719
0.00620174407958984 -0.00755977630615234 -0.0380096435546875 0.0476455688476562
0.0131769180297852 -0.00892066955566406 -0.0364837646484375 0.0237579345703125
0.0202369689941406 0.00263786315917969 -0.0211944580078125 0.00810432434082032
0.0203781127929688 0.00765037536621094 0.0195121765136719 0.0215950012207031
0.015110969543457 0.00981903076171875 0.03668212890625 0.070770263671875
0.0116748809814453 0.0178394317626953 -0.0400047302246094 -0.060455322265625
0.00577449798583984 0.00412464141845703 -0.0100631713867187 -0.0196666717529297
0.00460720062255859 0.00468349456787109 0.0267200469970703 -0.00472640991210938
0.00947380065917969 0.00154781341552734 0.0455245971679688 -0.0233573913574219
0.0102224349975586 -0.00532436370849609 0.0415191650390625 -0.0432586669921875
0.00652790069580078 -0.0151472091674805 0.0221977233886719 -0.0630836486816406
-0.00212287902832031 -0.0213375091552734 -8.77380371093721E-05 -0.0617523193359375
-0.000789642333984374 -0.0204372406005859 -0.0115394592285156 -0.0441360473632813
0.00281906127929688 -0.022216796875 -0.0198154449462891 -0.0288200378417969
0.0121307373046875 -0.0183925628662109 -0.0256004333496094 -0.0210380554199219
0.0174169540405273 -0.00680160522460938 -0.0339221954345703 -0.0102710723876953
0.0150976181030273 0.0065155029296875 -0.0377845764160156 -0.0101280212402344
0.000394821166992187 0.0136299133300781 -0.0491447448730469 -0.0143775939941406
-0.002410888671875 0.0105228424072266 -0.0617752075195313 -0.005462646484375
0.00238227844238281 0.0133962631225586 -0.0582313537597656 0.00136184692382813
0.0343208312988281 0.0313129425048828 -0.0294036865234375 -0.0535316467285156
0.0271892547607422 0.0149250030517578 0.00148391723632813 -0.0134696960449219
0.0263538360595703 0.0116767883300781 0.0348300933837891 -0.000537872314453124
0.0292549133300781 7.05718994140625E-05 0.0510673522949219 -0.0200157165527344
0.0258464813232422 -0.0130710601806641 0.0434074401855469 -0.0367698669433594
0.0166568756103516 -0.0297527313232422 0.0242118835449219 -0.0544700622558594
0.00177383422851563 -0.0381851196289063 0.00281524658203125 -0.0508499145507813
0.000644683837890628 -0.0366592407226563 -0.00900840759277344 -0.0322971343994141
0.002960205078125 -0.0414199829101563 -0.0184726715087891 -0.0155200958251953
0.0149650573730469 -0.0381736755371094 -0.0285587310791016 -0.00980567932128906
0.0289535522460937 -0.0245361328125 -0.0376625061035156 -0.000419616699218754
0.0321331024169922 -0.00753974914550781 -0.0401115417480469 -0.00353622436523438
0.0236148834228516 0.0124111175537109 -0.0474014282226563 -0.0057373046875
0.0230293273925781 0.0162162780761719 -0.0546913146972656 0.00368499755859375
0.0258369445800781 0.0214271545410156 -0.0510597229003906 0.0117263793945313
0.0512847900390625 0.0415153503417969 -0.0143280029296875 -0.0414161682128906
0.0458183288574219 0.0252342224121094 0.0163030624389649 -0.00318241119384765
0.0461654663085938 0.0186729431152344 0.0432472229003906 0.00579071044921875
0.0478363037109375 -0.000797271728515625 0.0564117431640625 -0.0150222778320313
0.0395088195800781 -0.0193328857421875 0.0438919067382813 -0.0300483703613281
0.0257415771484375 -0.040313720703125 0.0232391357421875 -0.04254150390625
0.00622177124023437 -0.0498390197753906 0.00484466552734375 -0.0362396240234375
0.00273513793945313 -0.0476760864257813 -0.00545120239257813 -0.016352653503418
0.00279998779296875 -0.0536766052246094 -0.0148849487304688 0.00185966491699219
0.0141639709472656 -0.0519790649414063 -0.0281352996826172 0.00747489929199218
0.0337371826171875 -0.0394401550292969 -0.0387344360351563 0.0141220092773438
0.0428504943847656 -0.0227851867675781 -0.0411796569824219 0.00533294677734375
0.0430450439453125 0.00630950927734375 -0.0445175170898437 0.0017242431640625
0.0451011657714844 0.0169296264648437 -0.0428619384765625 0.010772705078125
0.0457572937011719 0.0253372192382813 -0.0368537902832031 0.0230712890625
0.0608787536621094 0.0450477600097656 0.00378227233886719 -0.0268230438232422
0.05889892578125 0.0307159423828125 0.0323257446289063 0.00949668884277344
0.0628280639648438 0.0209465026855469 0.0502510070800781 0.0126419067382813
0.0611076354980469 -0.00493621826171875 0.0577011108398438 -0.008148193359375
0.0475273132324219 -0.0257606506347656 0.0410804748535156 -0.0209388732910156
0.0296897888183594 -0.046875 0.0200176239013672 -0.027069091796875
0.00741577148437501 -0.0537033081054688 0.00596904754638672 -0.0166120529174805
0.00400924682617188 -0.0513191223144531 -0.00125694274902344 0.00248670578002929
0.00190353393554687 -0.0570297241210937 -0.00820541381835937 0.0207691192626953
0.0118141174316406 -0.0576629638671875 -0.0258979797363281 0.0257911682128906
0.0335693359375 -0.0475006103515625 -0.0368270874023437 0.0288848876953125
0.0463600158691406 -0.0339279174804688 -0.04046630859375 0.0143394470214844
0.0553550720214844 -0.000614166259765625 -0.0392684936523437 0.00652694702148438
0.0598793029785156 0.0148124694824219 -0.0265007019042969 0.013824462890625
0.0581817626953125 0.0266036987304688 -0.0177497863769531 0.0336227416992188
0.0619087219238281 0.0419197082519531 0.0225296020507813 -0.0126552581787109
0.0641136169433594 0.0295906066894531 0.0468673706054688 0.0188026428222656
0.0690422058105469 0.0171890258789063 0.0541343688964844 0.0177192687988281
0.0648880004882813 -0.0101966857910156 0.0548515319824219 -0.000415802001953126
0.0465850830078125 -0.0295486450195313 0.0356903076171875 -0.0096435546875
0.0269813537597656 -0.0467987060546875 0.0166454315185547 -0.00992012023925782
0.007171630859375 -0.0494842529296875 0.00729703903198242 0.0027627944946289
0.00446319580078125 -0.047027587890625 0.00296592712402344 0.0206966400146484
0.00304031372070312 -0.0520782470703125 -0.00302886962890625 0.0384483337402344
0.00998306274414062 -0.0529823303222656 -0.021728515625 0.0424118041992187
0.0301933288574219 -0.0459823608398438 -0.0340423583984375 0.0408744812011719
0.0448722839355469 -0.0364418029785156 -0.0382843017578125 0.0216712951660156
0.0587654113769531 -0.00374603271484375 -0.0323009490966797 0.00911712646484376
0.0646286010742188 0.0137939453125 -0.00834465026855469 0.0150442123413086
0.0605697631835938 0.0269050598144531 0.00268936157226563 0.0451087951660156
0.0543136596679688 0.030548095703125 0.0393218994140625 -0.00264739990234375
0.0591812133789063 0.0206832885742188 0.0579872131347656 0.021881103515625
0.0639114379882813 0.00754928588867188 0.0547142028808594 0.018951416015625
0.0544929504394531 -0.0160675048828125 0.0491561889648438 0.00606918334960937
0.0348892211914063 -0.0298404693603516 0.0300712585449219 0.00161933898925781
0.0174446105957031 -0.0395317077636719 0.0138158798217773 0.00673961639404297
0.00393295288085937 -0.0383224487304688 0.00911140441894531 0.0197620391845703
0.00368499755859375 -0.0347080230712891 0.0068817138671875 0.0354461669921875
0.00334548950195313 -0.0392341613769531 0.00130844116210937 0.0517654418945312
0.00796890258789062 -0.0396842956542969 -0.0196113586425781 0.0546035766601563
0.0255012512207031 -0.0358657836914063 -0.0319175720214844 0.0489425659179687
0.0379295349121094 -0.0297050476074219 -0.0356788635253906 0.0258369445800781
0.0522613525390625 -0.00152587890625 -0.0259265899658203 0.00934600830078125
0.0572853088378906 0.0134124755859375 0.0070037841796875 0.0160093307495117
0.0523567199707031 0.0236396789550781 0.0218353271484375 0.0559883117675781
0.0382232666015625 0.01580810546875 0.0518074035644531 0.000671386718750001
0.0448074340820313 0.00801467895507813 0.0639495849609375 0.0187835693359375
0.0461921691894531 -0.00376129150390625 0.0515060424804688 0.016357421875
0.0344009399414063 -0.0192241668701172 0.04339599609375 0.0111656188964844
0.0159454345703125 -0.0241718292236328 0.0267581939697266 0.00961685180664063
0.00500106811523437 -0.0231456756591797 0.0152530670166016 0.0187168121337891
0.000740051269531249 -0.0195713043212891 0.0122394561767578 0.0309391021728516
0.00232505798339844 -0.0182285308837891 0.0096588134765625 0.0449256896972656
0.00343894958496094 -0.0205631256103516 0.00214385986328125 0.0601234436035156
0.00603103637695313 -0.0211219787597656 -0.020782470703125 0.0622329711914063
0.0171775817871094 -0.0208034515380859 -0.0320358276367187 0.0525474548339844
0.0272483825683594 -0.0184268951416016 -0.0343608856201172 0.0278301239013672
0.0383834838867187 0.00136184692382812 -0.0215797424316406 0.0101776123046875
0.0404815673828125 0.0118293762207031 0.0182323455810547 0.0187301635742188
0.0354080200195313 0.0175971984863281 0.0345306396484375 0.0654678344726562
0.0156688690185547 0.00116729736328125 0.0584716796875 -0.00203704833984375
0.0237350463867188 -0.00298690795898438 0.0648422241210938 0.0119400024414063
0.0220432281494141 -0.0128383636474609 0.047271728515625 0.0117988586425781
0.00926971435546875 -0.0166645050048828 0.0397872924804688 0.0131912231445312
-0.00394058227539062 -0.0125541687011719 0.0272636413574219 0.0127162933349609
-0.00705957412719727 -0.00252962112426758 0.0188274383544922 0.0223102569580078
-0.00102066993713379 0.00251507759094238 0.0153827667236328 0.0341358184814453
0.000655651092529297 0.00131523609161377 0.0107650756835938 0.0467147827148438
0.00219297409057617 0.00050663948059082 3.93991601953156E-18 0.0621528625488281
0.000880718231201172 -0.00129473209381104 -0.0236778259277344 0.0631980895996094
0.00457382202148438 -0.00590181350708008 -0.0354537963867187 0.0514602661132813
0.0112247467041016 -0.00846385955810547 -0.0357780456542969 0.0273475646972656
0.0187721252441406 0.00207138061523438 -0.0212287902832031 0.00955581665039062
0.0183010101318359 0.00600433349609375 0.0193920135498047 0.0211830139160156
0.0128068923950195 0.00726890563964844 0.0401992797851563 0.0710983276367188
0.0150508880615234 0.0182456970214844 -0.0406455993652344 -0.0581092834472656
0.00810670852661133 0.00422048568725586 -0.00928306579589844 -0.0192222595214844
0.00647783279418945 0.0035395622253418 0.0272331237792969 -0.00624656677246094
0.0105381011962891 -0.00040435791015625 0.0444297790527344 -0.0252189636230469
0.010157585144043 -0.00777053833007813 0.0385971069335938 -0.0435752868652344
0.00436115264892578 -0.0173406600952148 0.0192108154296875 -0.061920166015625
-0.00476455688476563 -0.022491455078125 -0.00265884399414063 -0.0600013732910156
-0.00352287292480469 -0.0208644866943359 -0.0127792358398438 -0.0413475036621094
-0.000114440917968752 -0.0243129730224609 -0.0198478698730469 -0.0256881713867188
0.01025390625 -0.0210075378417969 -0.0261631011962891 -0.0182666778564453
0.0187835693359375 -0.0096282958984375 -0.0342769622802734 -0.00724792480468751
0.0170488357543945 0.00490665435791016 -0.038421630859375 -0.00775527954101562
0.00395107269287109 0.0145530700683594 -0.04937744140625 -0.0121383666992188
0.000457763671875001 0.0124969482421875 -0.0607528686523438 -0.00374603271484375
0.00499248504638672 0.015533447265625 -0.05615234375 0.00363540649414062
0.0365219116210938 0.0308609008789062 -0.0294418334960937 -0.0511665344238281
0.0288543701171875 0.013275146484375 0.00289249420166016 -0.013728141784668
0.0274486541748047 0.00950050354003906 0.0350475311279297 -0.00232124328613281
0.0298328399658203 -0.00235557556152344 0.0499992370605469 -0.0222930908203125
0.0250205993652344 -0.0151958465576172 0.0418624877929688 -0.0373954772949219
0.0140914916992188 -0.0313186645507813 0.0221977233886719 -0.0535888671875
-0.00174713134765625 -0.0384368896484375 0.00142669677734375 -0.0499076843261719
-0.002044677734375 -0.0370330810546875 -0.00891494750976563 -0.0302448272705078
3.81469726562268E-06 -0.0421905517578125 -0.0175342559814453 -0.0129213333129883
0.0122909545898437 -0.0401840209960938 -0.0282554626464844 -0.00573158264160157
0.0282554626464844 -0.0268058776855469 -0.0370101928710938 0.00334548950195313
0.0331211090087891 -0.00986671447753906 -0.0399169921875 -0.000717163085937492
0.0261440277099609 0.0126953125 -0.0475196838378906 -0.003387451171875
0.0248641967773438 0.0175151824951172 -0.0534286499023438 0.005462646484375
0.0276889801025391 0.0228443145751953 -0.0486221313476563 0.0137557983398437
0.0531158447265625 0.0396080017089844 -0.013885498046875 -0.0398101806640625
0.0463066101074219 0.0232582092285156 0.0181140899658203 -0.00347900390625
0.0476417541503906 0.0158462524414062 0.0445899963378906 0.00381088256835938
0.0471420288085938 -0.00386428833007813 0.0554428100585937 -0.0165519714355469
0.0379600524902344 -0.021270751953125 0.0427665710449219 -0.0307273864746094
0.0224151611328125 -0.0418205261230469 0.0225944519042969 -0.0415000915527344
0.00232696533203125 -0.049957275390625 0.00486946105957031 -0.0342559814453125
-0.000411987304687495 -0.0476036071777344 -0.00407123565673828 -0.0141830444335938
-0.000968933105468751 -0.0537109375 -0.0121212005615234 0.0041513442993164
0.0113868713378906 -0.0530853271484375 -0.0267543792724609 0.0107002258300781
0.0319786071777344 -0.041107177734375 -0.0374107360839844 0.0176277160644531
0.0424652099609375 -0.024322509765625 -0.0402488708496094 0.00918197631835937
0.043975830078125 0.00606536865234375 -0.0438117980957031 0.00416946411132813
0.0458450317382813 0.0166778564453125 -0.0406417846679688 0.0129585266113281
0.0461349487304688 0.0249557495117188 -0.0338230133056641 0.0253715515136719
0.0622024536132813 0.0429878234863281 0.00457191467285157 -0.0254402160644531
0.0591316223144531 0.0283966064453125 0.0339431762695313 0.0079498291015625
0.0629806518554688 0.0180854797363281 0.0523529052734375 0.0106773376464844
0.0596809387207031 -0.00768661499023438 0.0579147338867188 -0.0105972290039063
0.044525146484375 -0.0271759033203125 0.0414619445800781 -0.0216140747070313
0.0270538330078125 -0.0476722717285156 0.0205821990966797 -0.0260848999023438
0.00457382202148437 -0.0529823303222656 0.00668048858642578 -0.0157527923583984
0.00121688842773437 -0.0503730773925781 0.00114202499389648 0.00374293327331543
-0.00106048583984375 -0.0564308166503906 -0.00481796264648438 0.0228862762451172
0.00844192504882813 -0.056793212890625 -0.0230522155761719 0.0293025970458984
0.0312423706054688 -0.0482406616210938 -0.0344657897949219 0.0319061279296875
0.0446662902832031 -0.0350303649902344 -0.0390968322753906 0.01837158203125
0.0546455383300781 -0.00194931030273437 -0.0383567810058594 0.00974655151367188
0.05963134765625 0.0141716003417969 -0.0246677398681641 0.0160064697265625
0.0575294494628906 0.0254898071289062 -0.0145378112792969 0.036285400390625
0.0614852905273438 0.0383186340332031 0.0233955383300781 -0.0121192932128906
0.0629692077636719 0.0262031555175781 0.0484352111816406 0.0171775817871094
0.0687332153320312 0.013427734375 0.0562095642089844 0.0158424377441406
0.061614990234375 -0.0126152038574219 0.055877685546875 -0.00181198120117188
0.0437240600585937 -0.0309104919433594 0.03656005859375 -0.00992965698242188
0.0246124267578125 -0.0466804504394531 0.0180644989013672 -0.00935173034667969
0.00514602661132813 -0.0483245849609375 0.00850200653076172 0.00309944152832031
0.00236129760742187 -0.0454330444335938 0.00573348999023438 0.0212306976318359
0.000194549560546878 -0.0506706237792969 0.000911712646484373 0.0392990112304688
0.00745773315429687 -0.0510597229003906 -0.0174636840820312 0.0455703735351563
0.0280532836914063 -0.0454254150390625 -0.0301551818847656 0.0444412231445313
0.0421981811523438 -0.0368995666503906 -0.0359268188476562 0.0252494812011719
0.0568618774414063 -0.00475692749023438 -0.0313606262207031 0.0116100311279297
0.0631179809570313 0.0117530822753906 -0.00702857971191406 0.016352653503418
0.0590934753417969 0.0240669250488281 0.00592422485351563 0.0465850830078125
0.0528640747070313 0.0276679992675781 0.0395164489746094 -0.00242996215820312
0.0570945739746094 0.0178680419921875 0.0589332580566406 0.0207176208496094
0.0616302490234375 0.00476837158203125 0.0562286376953125 0.0165252685546875
0.0517044067382813 -0.0172843933105469 0.0506706237792969 0.00429534912109375
0.0325145721435547 -0.0294551849365234 0.0317115783691406 0.000993728637695311
0.0158424377441406 -0.0380134582519531 0.0163631439208984 0.00647544860839844
0.00363922119140625 -0.0358047485351563 0.0108318328857422 0.0202350616455078
0.0027313232421875 -0.0338993072509766 0.00976943969726563 0.035400390625
0.00229263305664063 -0.0367393493652344 0.00511932373046875 0.0527610778808594
0.00727081298828125 -0.0376396179199219 -0.0151939392089844 0.056884765625
0.0231781005859375 -0.0350341796875 -0.0280342102050781 0.0515060424804688
0.0351448059082031 -0.0297813415527344 -0.0331554412841797 0.0287513732910156
0.0504837036132813 -0.0034027099609375 -0.0248355865478516 0.0116348266601563
0.0557670593261719 0.0108299255371094 0.00769233703613282 0.0170364379882812
0.0505523681640625 0.02099609375 0.0244102478027344 0.0562019348144531
0.0361175537109375 0.0135002136230469 0.051025390625 0.000827789306640626
0.0420570373535156 0.00559616088867188 0.0642890930175781 0.0174179077148438
0.0436668395996094 -0.0055694580078125 0.0528755187988281 0.0143585205078125
0.0310420989990234 -0.0191898345947266 0.0447769165039063 0.00965118408203125
0.0140228271484375 -0.0223941802978516 0.0281772613525391 0.00832557678222656
0.00437736511230469 -0.0212993621826172 0.0171966552734375 0.0171909332275391
0.00152587890625 -0.0170764923095703 0.0132293701171875 0.0304813385009766
0.00303459167480469 -0.0163059234619141 0.0126953125 0.0431594848632813
0.00353050231933594 -0.0183792114257813 0.00613784790039063 0.0597000122070313
0.00594139099121094 -0.0190067291259766 -0.0160636901855469 0.0631370544433594
0.0151519775390625 -0.0191097259521484 -0.0283775329589844 0.0542564392089844
0.024261474609375 -0.0179195404052734 -0.0317974090576172 0.0298786163330078
0.0356292724609375 0.000934600830078125 -0.0209197998046875 0.0116691589355469
0.0379409790039063 0.00992965698242187 0.0177688598632813 0.0180950164794922
0.0332050323486328 0.0145835876464844 0.0372047424316406 0.0646820068359375
0.0136899948120117 -0.00128841400146484 0.0560760498046875 -0.00330734252929688
0.0210800170898437 -0.00581550598144531 0.0643577575683594 0.0103492736816406
0.018463134765625 -0.0136432647705078 0.0481643676757813 0.0101203918457031
0.00631809234619141 -0.0162849426269531 0.0411300659179688 0.0117225646972656
-0.0056610107421875 -0.010066032409668 0.0280513763427734 0.0108261108398438
-0.00647974014282227 -0.000302791595458984 0.0201587677001953 0.0200119018554688
0.000561714172363282 0.00462579727172852 0.0166721343994141 0.0321636199951172
0.00291681289672852 0.00355696678161621 0.01275634765625 0.0449066162109375
0.00396823883056641 0.00230312347412109 0.00319671630859375 0.0610122680664063
0.00168097019195557 0.00117897987365723 -0.0203933715820313 0.0644645690917969
0.00395298004150391 -0.0035254955291748 -0.031768798828125 0.0526847839355469
0.00934123992919922 -0.00668621063232422 -0.0336380004882813 0.0291690826416016
0.0159263610839844 0.00120639801025391 -0.0210552215576172 0.0113296508789063
0.0155353546142578 0.00534915924072266 0.0188121795654297 0.0203781127929688
0.0110225677490234 0.00546455383300781 0.0421524047851563 0.0703048706054688
0.0180740356445313 0.0193309783935547 -0.0386428833007812 -0.0572738647460937
0.0102577209472656 0.00332260131835938 -0.00775337219238281 -0.0197391510009766
0.00826311111450195 0.00183200836181641 0.0273342132568359 -0.00704002380371094
0.0112485885620117 -0.00285148620605469 0.0426216125488281 -0.0255546569824219
0.00930881500244141 -0.00977230072021484 0.03729248046875 -0.0426445007324219
0.00229644775390625 -0.0191783905029297 0.0183143615722656 -0.0597763061523438
-0.00691795349121094 -0.0232315063476563 -0.002655029296875 -0.057769775390625
-0.00567626953125 -0.0219326019287109 -0.0117454528808594 -0.0392646789550781
-0.00272369384765625 -0.0260524749755859 -0.0186176300048828 -0.0237998962402344
0.00878334045410156 -0.0230598449707031 -0.0258331298828125 -0.0154323577880859
0.0185832977294922 -0.0115814208984375 -0.0340347290039063 -0.00501251220703125
0.0188751220703125 0.00294113159179688 -0.0382499694824219 -0.00663375854492187
0.00638580322265625 0.0148258209228516 -0.0492439270019531 -0.0115089416503906
0.00357151031494141 0.0145578384399414 -0.0596923828125 -0.00380706787109374
0.00689792633056641 0.017552375793457 -0.0538101196289063 0.0035400390625
0.0385856628417969 0.0308036804199219 -0.026824951171875 -0.0504188537597656
0.0300617218017578 0.0127029418945313 0.00511455535888672 -0.0141429901123047
0.0284671783447266 0.00805091857910156 0.0357933044433594 -0.00333404541015625
0.0291557312011719 -0.00402259826660156 0.0494308471679688 -0.0223770141601563
0.0233058929443359 -0.016571044921875 0.0414466857910156 -0.0368270874023438
0.0117607116699219 -0.0329666137695313 0.0222129821777344 -0.050994873046875
-0.00424957275390625 -0.0385093688964844 0.00224685668945312 -0.0472412109375
-0.0038604736328125 -0.0371322631835938 -0.007415771484375 -0.0280838012695313
-0.002593994140625 -0.0425186157226563 -0.0153636932373047 -0.0109500885009766
0.010955810546875 -0.0410881042480469 -0.0267410278320313 -0.00347328186035156
0.0280647277832031 -0.0282859802246094 -0.035736083984375 0.00589370727539062
0.0343284606933594 -0.0109138488769531 -0.0387496948242188 0.000873565673828131
0.0281429290771484 0.0132389068603516 -0.0461387634277344 -0.00218582153320312
0.0269851684570313 0.0186882019042969 -0.0509071350097656 0.00595092773437499
0.0288543701171875 0.0239849090576172 -0.0455322265625 0.0141487121582031
0.0532608032226562 0.0394859313964844 -0.011322021484375 -0.0380287170410156
0.0466575622558594 0.0216217041015625 0.0201702117919922 -0.00327301025390625
0.0474395751953125 0.0144844055175781 0.0450019836425781 0.00307083129882813
0.0461502075195313 -0.00526046752929688 0.0554046630859375 -0.0168380737304688
0.0360679626464844 -0.0221138000488281 0.0431327819824219 -0.0294456481933594
0.0204696655273438 -0.0416717529296875 0.0235519409179688 -0.0396804809570312
0.000553131103515621 -0.0484619140625 0.00618362426757813 -0.0328006744384766
-0.00234603881835937 -0.0463752746582031 -0.00186634063720703 -0.0125713348388672
-0.00296783447265625 -0.0528373718261719 -0.00887203216552734 0.00602912902832031
0.0101699829101563 -0.0526542663574219 -0.0242843627929688 0.0134792327880859
0.0318450927734375 -0.0418663024902344 -0.0351600646972656 0.0203895568847656
0.04229736328125 -0.0246963500976562 -0.0390281677246094 0.0111465454101563
0.0446548461914062 0.00651168823242187 -0.0423126220703125 0.00587081909179687
0.0465774536132813 0.0179519653320313 -0.0383529663085938 0.0134353637695312
0.0464401245117188 0.0263175964355469 -0.0305919647216797 0.0263252258300781
0.0606765747070313 0.0415229797363281 0.00627708435058594 -0.0240993499755859
0.0569839477539063 0.0271720886230469 0.0361824035644531 0.00797271728515625
0.0619964599609375 0.0163345336914062 0.0527877807617188 0.00971221923828125
0.0581512451171875 -0.00769805908203125 0.0584373474121094 -0.0104751586914063
0.0433349609375 -0.0269317626953125 0.041290283203125 -0.0205574035644531
0.0251693725585937 -0.0472602844238281 0.0220317840576172 -0.0251884460449219
0.00389862060546875 -0.0513153076171875 0.00839519500732422 -0.014826774597168
0.000488281249999999 -0.0483245849609375 0.0035247802734375 0.00475549697875976
-0.00202560424804688 -0.0550956726074219 -0.00147056579589844 0.0237884521484375
0.00811767578124999 -0.055877685546875 -0.0193691253662109 0.0316314697265625
0.0303878784179688 -0.0476226806640625 -0.0319347381591797 0.0346565246582031
0.0437545776367188 -0.0340652465820313 -0.0369338989257812 0.01995849609375
0.0543403625488281 -0.000492095947265625 -0.0372238159179688 0.0111541748046875
0.0585479736328125 0.0145339965820313 -0.0220928192138672 0.0166130065917969
0.0559272766113281 0.0258445739746094 -0.0119361877441406 0.0369834899902344
0.0591621398925781 0.0370254516601563 0.0246601104736328 -0.0104656219482422
0.0596389770507812 0.0254020690917969 0.0494766235351563 0.0172576904296875
0.0661544799804688 0.0130844116210938 0.0570220947265625 0.0150260925292969
0.0601387023925781 -0.0122261047363281 0.0569686889648438 -0.00243377685546875
0.0416908264160156 -0.0292510986328125 0.0374565124511719 -0.0102806091308594
0.0236549377441406 -0.0451240539550781 0.0199184417724609 -0.00860786437988282
0.0047760009765625 -0.0463638305664063 0.0104913711547852 0.00431251525878906
0.00217056274414063 -0.0434226989746094 0.00823020935058594 0.0214633941650391
0.000270843505859372 -0.0485115051269531 0.00477218627929687 0.0394554138183594
0.0075225830078125 -0.0493659973144531 -0.0146255493164063 0.047149658203125
0.0266227722167969 -0.0442314147949219 -0.0276107788085938 0.0464897155761719
0.0403938293457031 -0.0351409912109375 -0.0334186553955078 0.026947021484375
0.0553779602050781 -0.00450515747070313 -0.0299224853515625 0.0136966705322266
0.0605697631835938 0.0115852355957031 -0.00569820404052734 0.0173349380493164
0.056732177734375 0.024169921875 0.00788497924804687 0.04766845703125
0.0497474670410156 0.02593994140625 0.0392265319824219 -0.00103759765625
0.052978515625 0.0176353454589844 0.0588645935058594 0.021209716796875
0.058135986328125 0.00408935546875 0.0565032958984375 0.0167732238769531
0.0493011474609375 -0.0158615112304688 0.0513153076171875 0.0045928955078125
0.0306835174560547 -0.0268268585205078 0.0324134826660156 0.000589370727539061
0.015777587890625 -0.0353965759277344 0.0176773071289063 0.00585556030273437
0.00481986999511719 -0.0337581634521484 0.0128364562988281 0.0196056365966797
0.00408935546875 -0.0309848785400391 0.0116977691650391 0.0344829559326172
0.0031585693359375 -0.0348739624023438 0.00835037231445312 0.0513839721679688
0.00724983215332032 -0.034759521484375 -0.0125274658203125 0.057159423828125
0.0220165252685547 -0.0320568084716797 -0.0251655578613281 0.0531005859375
0.0331325531005859 -0.0279617309570313 -0.0311145782470703 0.0302505493164063
0.0477676391601563 -0.00251388549804688 -0.0237827301025391 0.013458251953125
0.0520591735839844 0.0106964111328125 0.00890541076660157 0.016963005065918
0.0473403930664063 0.0196456909179688 0.0250511169433594 0.0567703247070312
0.0331096649169922 0.0116138458251953 0.0500106811523438 0.00215530395507813
0.0377922058105469 0.00501251220703125 0.0632514953613281 0.018341064453125
0.0402107238769531 -0.00565338134765625 0.0531005859375 0.0146331787109375
0.0282726287841797 -0.0170783996582031 0.0456199645996094 0.00929641723632812
0.0132045745849609 -0.0190677642822266 0.0289211273193359 0.00745773315429687
0.00529098510742188 -0.0185356140136719 0.0176715850830078 0.0157070159912109
0.00367259979248047 -0.0146951675415039 0.0141849517822266 0.0292835235595703
0.00471687316894531 -0.0136804580688477 0.0133056640625 0.0423316955566406
0.00548362731933594 -0.015925407409668 0.00822067260742187 0.0583686828613281
0.00702476501464844 -0.0160989761352539 -0.0130348205566406 0.0633049011230469
0.014643669128418 -0.0161848068237305 -0.0255279541015625 0.0544967651367188
0.0222110748291016 -0.015228271484375 -0.0305194854736328 0.0305690765380859
0.0319995880126953 0.00120735168457031 -0.020263671875 0.0129814147949219
0.0343742370605469 0.00940895080566406 0.0178966522216797 0.0186996459960938
0.0292263031005859 0.0132770538330078 0.0372390747070312 0.0647315979003906
0.0108728408813477 -0.00276851654052734 0.0533866882324219 -0.00162887573242188
0.0176181793212891 -0.00589752197265625 0.0626602172851563 0.01055908203125
0.0153446197509766 -0.0137405395507813 0.0481796264648438 0.0101318359375
0.00377655029296875 -0.0143728256225586 0.0413322448730469 0.0107269287109375
-0.00619983673095703 -0.00719261169433594 0.0284862518310547 0.00906181335449219
-0.00503015518188477 0.00269269943237305 0.0199565887451172 0.0181655883789063
0.00318574905395508 0.00618505477905273 0.0161933898925781 0.0309734344482422
0.00451469421386719 0.00528287887573242 0.0128517150878906 0.0433883666992187
0.00634765625 0.00441741943359375 0.00457382202148437 0.0595054626464844
0.00368118286132812 0.00385928153991699 -0.0175704956054688 0.0634803771972656
0.00458049774169922 -4.52995300292969E-05 -0.0295448303222656 0.0526123046875
0.00751543045043945 -0.0043187141418457 -0.0324287414550781 0.0297641754150391
0.013575553894043 0.00265598297119141 -0.0213909149169922 0.0116767883300781
0.0118980407714844 0.00433349609375 0.0178165435791016 0.0204830169677734
0.00718259811401367 0.00404214859008789 0.041168212890625 0.0688667297363281
0.0209827423095703 0.0206623077392578 -0.0353507995605469 -0.0595359802246094
0.0131540298461914 0.00321197509765625 -0.00613212585449218 -0.0208854675292969
0.00980663299560547 0.000205039978027344 0.0278148651123047 -0.00765037536621094
0.0113630294799805 -0.00533294677734375 0.0429458618164063 -0.0247650146484375
0.00884723663330078 -0.0117502212524414 0.0379066467285156 -0.0413246154785156
-9.34600830078143E-05 -0.021026611328125 0.0196495056152344 -0.0582542419433594
-0.00950050354003907 -0.0244369506835938 -0.00107574462890625 -0.0565719604492188
-0.00771713256835938 -0.0233173370361328 -0.00934982299804688 -0.0384674072265625
-0.00480842590332031 -0.0274715423583984 -0.0162105560302734 -0.0233974456787109
0.00792694091796875 -0.0255012512207031 -0.0242328643798828 -0.0144443511962891
0.0190448760986328 -0.0140571594238281 -0.0333232879638672 -0.00400543212890626
0.0208740234375 0.00107383728027344 -0.0381507873535156 -0.00654602050781249
0.00948524475097656 0.0150146484375 -0.0496597290039063 -0.0121574401855469
0.00674247741699219 0.0164604187011719 -0.0590400695800781 -0.00618362426757812
0.0101222991943359 0.019866943359375 -0.0519447326660156 0.00134658813476563
0.0402793884277344 0.0325813293457031 -0.0232086181640625 -0.0511932373046875
0.0317840576171875 0.0126571655273438 0.00726604461669922 -0.0144224166870117
0.0294952392578125 0.00670623779296875 0.0365447998046875 -0.00355148315429687
0.0296649932861328 -0.0060577392578125 0.049957275390625 -0.0212669372558594
0.0228633880615234 -0.0179500579833984 0.0419120788574219 -0.0349311828613281
0.00984764099121094 -0.0341033935546875 0.0242500305175781 -0.0497665405273438
-0.00539779663085938 -0.0387344360351563 0.00499725341796875 -0.0466804504394531
-0.00537490844726563 -0.037353515625 -0.00473594665527344 -0.0274162292480469
-0.00444793701171875 -0.043914794921875 -0.0122900009155273 -0.0101909637451172
0.0102386474609375 -0.0429840087890625 -0.0243473052978516 -0.00152206420898438
0.0288734436035156 -0.0303020477294922 -0.0347919464111328 0.007537841796875
0.0359420776367188 -0.0119743347167969 -0.0387306213378906 0.00164794921875
0.0310001373291016 0.0142936706542969 -0.0462265014648437 -0.00256729125976562
0.0297374725341797 0.0213584899902344 -0.0503044128417969 0.00439071655273438
0.0301399230957031 0.0270557403564453 -0.0431976318359375 0.0129661560058594
0.0535354614257813 0.0413436889648438 -0.00751876831054688 -0.0383758544921875
0.0461273193359375 0.02264404296875 0.0223102569580078 -0.00377082824707031
0.0477333068847656 0.0138587951660156 0.0460624694824219 0.00296401977539063
0.0461235046386719 -0.00578689575195312 0.0567817687988281 -0.0159454345703125
0.0358810424804688 -0.0221138000488281 0.0441551208496094 -0.02740478515625
0.0197410583496094 -0.042510986328125 0.026397705078125 -0.0381813049316406
-4.57763671874981E-05 -0.0484886169433594 0.0090179443359375 -0.0315608978271484
-0.00227737426757813 -0.0465202331542969 0.00133705139160156 -0.0117893218994141
-0.00334548950195312 -0.0537338256835938 -0.00597763061523437 0.00697135925292968
0.0102767944335938 -0.0542335510253906 -0.0218124389648437 0.0159111022949219
0.0324363708496094 -0.0424613952636719 -0.0341587066650391 0.0223445892333984
0.044036865234375 -0.0247306823730469 -0.0380516052246094 0.0117416381835937
0.0464363098144531 0.00851058959960938 -0.0417213439941406 0.00605010986328126
0.0481376647949219 0.0206642150878906 -0.0367774963378906 0.0126495361328125
0.046112060546875 0.0294685363769531 -0.0280342102050781 0.0258827209472656
0.0594329833984375 0.0429611206054688 0.0096282958984375 -0.0226821899414062
0.0551376342773438 0.0286827087402344 0.0381317138671875 0.00830459594726563
0.0606765747070313 0.0172386169433594 0.0542831420898438 0.0102157592773438
0.0577926635742188 -0.00737380981445313 0.0593338012695313 -0.008697509765625
0.043212890625 -0.0259780883789063 0.043243408203125 -0.0192337036132813
0.0252609252929687 -0.0468635559082031 0.0250301361083984 -0.0240573883056641
0.00421524047851562 -0.0510177612304687 0.0112876892089844 -0.0139493942260742
0.00139999389648438 -0.0478591918945312 0.00622177124023438 0.00507307052612304
-0.0013580322265625 -0.0547752380371094 0.00142860412597656 0.0245895385742187
0.00857925415039063 -0.05523681640625 -0.0171737670898437 0.0332603454589844
0.0318260192871094 -0.0468254089355469 -0.0296821594238281 0.036834716796875
0.0448875427246094 -0.0329170227050781 -0.0357170104980469 0.0209312438964844
0.0553245544433594 0.00117111206054688 -0.0359153747558594 0.0113334655761719
0.0584831237792969 0.0171127319335938 -0.0206871032714844 0.0166873931884766
0.0549049377441406 0.0287399291992188 -0.00981521606445312 0.0380363464355469
0.0566177368164063 0.0387496948242188 0.0268020629882813 -0.00845718383789062
0.0571098327636719 0.0270957946777344 0.050994873046875 0.0190658569335937
0.0645027160644531 0.0142745971679688 0.0585708618164063 0.016510009765625
0.0597000122070313 -0.00995254516601563 0.0579490661621094 -0.00136947631835938
0.0416069030761719 -0.0269050598144531 0.0391731262207031 -0.00851821899414063
0.0244216918945312 -0.0435066223144531 0.0223598480224609 -0.00824356079101563
0.00661468505859375 -0.0450401306152344 0.0124282836914063 0.004669189453125
0.004425048828125 -0.0419197082519531 0.0100784301757813 0.0219764709472656
0.00188446044921875 -0.0474128723144531 0.00725555419921875 0.0399093627929688
0.00863647460937499 -0.0479736328125 -0.0125350952148438 0.0479087829589844
0.0278701782226563 -0.0425224304199219 -0.025848388671875 0.0474433898925781
0.0410003662109375 -0.03302001953125 -0.0324783325195313 0.0281543731689453
0.0545310974121094 -0.00173187255859375 -0.028961181640625 0.0140304565429688
0.0589065551757813 0.0140571594238281 -0.00444602966308594 0.0177555084228516
0.0543212890625 0.0257530212402344 0.00938796997070313 0.0493545532226562
0.0465774536132812 0.0268402099609375 0.0401763916015625 0.00142288208007813
0.0495185852050781 0.018798828125 0.0597000122070312 0.0234298706054687
0.0556297302246094 0.00659942626953125 0.0576171875 0.0179519653320313
0.0484085083007812 -0.0136642456054687 0.0528831481933594 0.00542449951171875
0.0308780670166016 -0.0236682891845703 0.0337429046630859 0.00106620788574219
0.0170822143554687 -0.033447265625 0.0197563171386719 0.00595283508300781
0.00700569152832031 -0.0320930480957031 0.0137367248535156 0.0195560455322266
0.00603866577148437 -0.0291976928710938 0.0130062103271484 0.0345268249511719
0.00526618957519531 -0.0335807800292969 0.00959014892578125 0.0515899658203125
0.00953483581542969 -0.0327720642089844 -0.0102996826171875 0.0588111877441406
0.0231494903564453 -0.0291976928710938 -0.0235176086425781 0.0532875061035156
0.0328235626220703 -0.0244235992431641 -0.0299320220947266 0.0311946868896484
0.0454635620117188 -4.9591064453125E-05 -0.0225620269775391 0.0141677856445313
0.0491180419921875 0.0128135681152344 0.009521484375 0.0180320739746094
0.0433311462402344 0.0212478637695312 0.02587890625 0.0590896606445313
0.0290374755859375 0.0113811492919922 0.0494232177734375 0.00539779663085938
0.0342426300048828 0.00640678405761719 0.0637969970703125 0.0211105346679687
0.03692626953125 -0.00452041625976563 0.0540542602539063 0.0160102844238281
0.0270004272460938 -0.0148677825927734 0.046630859375 0.00986099243164063
0.0125894546508789 -0.0168476104736328 0.0296058654785156 0.00705337524414063
0.00685310363769531 -0.0159444808959961 0.0183849334716797 0.0155010223388672
0.00595951080322266 -0.0135116577148438 0.0145301818847656 0.0294151306152344
0.00763320922851563 -0.0120983123779297 0.0131912231445313 0.0417594909667969
0.00864028930664063 -0.01434326171875 0.00877761840820313 0.0577278137207031
0.00934410095214844 -0.0134468078613281 -0.0123825073242188 0.0632705688476563
0.0156841278076172 -0.0123434066772461 -0.0249824523925781 0.0544357299804688
0.0217838287353516 -0.0124759674072266 -0.0302200317382812 0.0312957763671875
0.0296516418457031 0.0036468505859375 -0.0198783874511719 0.0136280059814453
0.0305614471435547 0.0105934143066406 0.0174427032470703 0.0199508666992188
0.0255928039550781 0.0138988494873047 0.036712646484375 0.067138671875
0.00752496719360351 -0.00373125076293945 0.0528755187988281 0.00096893310546875
0.0140228271484375 -0.00574684143066406 0.062591552734375 0.0139503479003906
0.0118284225463867 -0.0130987167358398 0.0484504699707031 0.0114402770996094
0.00168514251708984 -0.0119714736938477 0.0424270629882813 0.0108375549316406
-0.00663328170776367 -0.00413608551025391 0.0286235809326172 0.00819015502929688
-0.00366067886352539 0.0051727294921875 0.0193061828613281 0.0172939300537109
0.0050201416015625 0.00809907913208008 0.0146503448486328 0.0308380126953125
0.00666379928588867 0.00653409957885742 0.0112075805664062 0.042327880859375
0.0094146728515625 0.00587940216064453 0.00358200073242187 0.0584335327148438
0.00612163543701172 0.00594663619995117 -0.0171928405761719 0.0626716613769531
0.00498723983764649 0.00281286239624023 -0.0286636352539063 0.0517387390136719
0.00686502456665039 -0.00111579895019531 -0.0323677062988281 0.0297431945800781
0.0103874206542969 0.00459861755371094 -0.0215549468994141 0.0127277374267578
0.0079498291015625 0.00528430938720703 0.0161628723144531 0.0221157073974609
0.00328683853149414 0.00343179702758789 0.038665771484375 0.0712051391601563
0.0251903533935547 0.0218162536621094 -0.0334663391113281 -0.0635604858398438
0.016362190246582 0.00180244445800781 -0.00465202331542969 -0.0235500335693359
0.0120162963867187 -0.00237941741943359 0.0291385650634766 -0.0084686279296875
0.0117921829223633 -0.00859451293945313 0.0446052551269531 -0.0245857238769531
0.00819206237792969 -0.0146999359130859 0.0402412414550781 -0.0407829284667969
-0.00223541259765625 -0.0237712860107422 0.0214729309082031 -0.0592193603515625
-0.0120353698730469 -0.0260086059570312 0.00136566162109374 -0.0583000183105469
-0.0100555419921875 -0.0246829986572266 -0.00719451904296875 -0.0399551391601563
-0.00750923156738282 -0.0303363800048828 -0.0146923065185547 -0.023406982421875
0.00645828247070313 -0.0291595458984375 -0.0230522155761719 -0.013336181640625
0.0201358795166016 -0.0173168182373047 -0.0337028503417969 -0.00377655029296875
0.0235157012939453 -0.00135612487792969 -0.0396804809570312 -0.00685882568359375
0.0132017135620117 0.0153379440307617 -0.0510101318359375 -0.0139350891113281
0.0102748870849609 0.0177459716796875 -0.0606842041015625 -0.00912094116210937
0.0130577087402344 0.0228195190429688 -0.051910400390625 -0.00181961059570313
0.0435829162597656 0.0347213745117188 -0.02001953125 -0.0544090270996094
0.0340404510498047 0.0132713317871094 0.0101079940795898 -0.0164022445678711
0.0311241149902344 0.00596427917480469 0.0386085510253906 -0.00415420532226563
0.0300350189208984 -0.00766944885253906 0.0522651672363281 -0.0207138061523438
0.0228824615478516 -0.0196800231933594 0.0452995300292969 -0.0340538024902344
0.00922775268554688 -0.0358848571777344 0.0284156799316406 -0.0494422912597656
-0.00684356689453125 -0.0405654907226563 0.00803375244140625 -0.0468635559082031
-0.00667190551757813 -0.0388641357421875 -0.00109672546386719 -0.0281581878662109
-0.00571060180664062 -0.046173095703125 -0.00955390930175781 -0.0097503662109375
0.0105667114257813 -0.0466156005859375 -0.02276611328125 -0.000648498535156257
0.0308818817138672 -0.0328273773193359 -0.0340080261230469 0.00852394104003906
0.0396232604980469 -0.0132255554199219 -0.0391693115234375 0.00164413452148438
0.035064697265625 0.0159797668457031 -0.0472183227539063 -0.00322723388671875
0.0330715179443359 0.024322509765625 -0.0502815246582031 0.00162124633789062
0.0331268310546875 0.0309829711914062 -0.0426139831542969 0.0111236572265625
0.0546684265136719 0.0441703796386719 -0.0036773681640625 -0.0403594970703125
0.0473060607910156 0.0248069763183594 0.0261211395263672 -0.00458145141601562
0.048919677734375 0.0143661499023438 0.0486793518066406 0.00355911254882813
0.0472221374511719 -0.00589752197265625 0.0598831176757812 -0.0149650573730469
0.0365982055664063 -0.0226287841796875 0.0477142333984375 -0.0266151428222656
0.0199775695800781 -0.0445976257324219 0.03021240234375 -0.0381660461425781
0.000125885009765622 -0.0500297546386719 0.0127677917480469 -0.0316238403320313
-0.00226974487304687 -0.0484428405761719 0.00415706634521484 -0.0119209289550781
-0.00291442871093751 -0.0560302734375 -0.00208044052124023 0.00712728500366211
0.0111312866210938 -0.0566596984863281 -0.0197963714599609 0.0173110961914062
0.0355873107910156 -0.0446624755859375 -0.0326194763183594 0.0241909027099609
0.0470619201660156 -0.0260200500488281 -0.0381011962890625 0.0128211975097656
0.0513992309570312 0.0109291076660156 -0.0421218872070313 0.006134033203125
0.0507316589355469 0.0251579284667969 -0.0368576049804687 0.0115928649902344
0.0487251281738281 0.0343208312988281 -0.0272254943847656 0.0260162353515625
0.0590400695800781 0.0482330322265625 0.0130939483642578 -0.0226898193359375
0.0552558898925781 0.0316047668457031 0.0413322448730469 0.00946426391601563
0.0612144470214844 0.0191574096679688 0.0571365356445313 0.0120201110839844
0.0593833923339844 -0.0058441162109375 0.0637474060058594 -0.00703048706054688
0.0450096130371094 -0.0249137878417969 0.0473785400390625 -0.0182723999023438
0.0265579223632813 -0.0463829040527344 0.0292091369628906 -0.02362060546875
0.00600814819335938 -0.0526580810546875 0.0155963897705078 -0.0136451721191406
0.0029296875 -0.049285888671875 0.00962924957275391 0.00535774230957031
-0.000118255615234369 -0.0571250915527344 0.00499534606933594 0.0256671905517578
0.0107994079589844 -0.05682373046875 -0.0150356292724609 0.03497314453125
0.0344696044921875 -0.0479621887207031 -0.0284423828125 0.0385017395019531
0.0482368469238281 -0.0322723388671875 -0.03582763671875 0.0231742858886719
0.0587234497070313 0.004486083984375 -0.0353775024414062 0.0121231079101562
0.0606880187988281 0.0212326049804687 -0.0196857452392578 0.0164279937744141
0.0555343627929688 0.0347213745117188 -0.00754928588867187 0.0395431518554688
0.0554122924804688 0.0430450439453125 0.0303859710693359 -0.00635528564453125
0.05523681640625 0.0311813354492188 0.0546073913574219 0.0212745666503906
0.0652313232421875 0.0177345275878906 0.0607833862304688 0.0183563232421875
0.060943603515625 -0.00738906860351563 0.0625190734863281 0.000263214111328125
0.0439453125 -0.0248260498046875 0.0421638488769531 -0.00803375244140625
0.027099609375 -0.0433120727539063 0.0252056121826172 -0.00736236572265625
0.00961685180664062 -0.0457572937011719 0.0151462554931641 0.00472545623779297
0.00675201416015625 -0.0424041748046875 0.0133247375488281 0.0219154357910156
0.00513076782226563 -0.0488777160644531 0.00989151000976562 0.0410842895507813
0.0114021301269531 -0.0472793579101563 -0.0100669860839844 0.0504493713378906
0.0310630798339844 -0.0412826538085938 -0.0245857238769531 0.0498619079589844
0.0438423156738281 -0.0308074951171875 -0.0321006774902344 0.0298957824707031
0.05633544921875 0.00147628784179688 -0.0286636352539062 0.0148448944091797
0.0599136352539063 0.0178413391113281 -0.0026092529296875 0.0180168151855469
0.0529251098632813 0.0298004150390625 0.0113601684570313 0.0522651672363281
0.0433578491210938 0.0302085876464844 0.0429115295410156 0.00493621826171875
0.0474853515625 0.0227241516113281 0.0632209777832031 0.0273323059082031
0.0543365478515625 0.0100555419921875 0.0605545043945313 0.0208015441894531
0.0486907958984375 -0.0102882385253906 0.0561408996582031 0.00698089599609375
0.0324020385742188 -0.0209465026855469 0.0354423522949219 0.00136947631835937
0.0209732055664063 -0.0319442749023438 0.0217723846435547 0.00673484802246094
0.0105552673339844 -0.0321464538574219 0.0156078338623047 0.0208091735839844
0.00917243957519531 -0.0293827056884766 0.0145797729492188 0.0353355407714844
0.00839996337890625 -0.0327720642089844 0.0121917724609375 0.0525741577148438
0.0123748779296875 -0.0315608978271484 -0.00912857055664063 0.0602607727050781
0.0250301361083984 -0.0271186828613281 -0.0226097106933594 0.0551109313964844
0.0347671508789063 -0.0215530395507813 -0.0294284820556641 0.03253173828125
0.0453033447265625 0.00358200073242188 -0.0228080749511719 0.0152244567871094
0.0471687316894531 0.0162887573242187 0.0109901428222656 0.0201950073242188
0.0405006408691406 0.0244674682617187 0.02667236328125 0.0633811950683594
0.0263423919677734 0.0125961303710937 0.0516357421875 0.0100288391113281
0.0305080413818359 0.00884819030761719 0.0660667419433594 0.0262603759765625
0.0348625183105469 -0.00240516662597656 0.056427001953125 0.018646240234375
0.026885986328125 -0.011474609375 0.0495643615722656 0.0109481811523438
0.0143642425537109 -0.0128850936889648 0.0308685302734375 0.00681686401367188
0.0100059509277344 -0.0138168334960938 0.0191249847412109 0.0154495239257813
0.00946712493896485 -0.0128812789916992 0.0153255462646484 0.0311679840087891
0.0109729766845703 -0.0113372802734375 0.012847900390625 0.0434646606445313
0.0129222869873047 -0.013514518737793 0.00873184204101562 0.0586395263671875
0.012547492980957 -0.0115556716918945 -0.01190185546875 0.0654754638671875
0.0177249908447266 -0.00953292846679688 -0.024444580078125 0.0557975769042969
0.0221691131591797 -0.00866508483886719 -0.0303230285644531 0.0330638885498047
0.0279426574707031 0.0066375732421875 -0.0197200775146484 0.0145816802978516
0.0270328521728516 0.0133647918701172 0.0181865692138672 0.0228233337402344
0.0217781066894531 0.0153923034667969 0.03631591796875 0.0717926025390625
0.004669189453125 -0.00422239303588867 0.052978515625 0.0066680908203125
0.0105352401733398 -0.00470447540283203 0.0634346008300781 0.0180931091308594
0.0086202621459961 -0.011993408203125 0.051055908203125 0.014129638671875
-0.000226020812988282 -0.00922107696533203 0.0446929931640625 0.0110855102539063
-0.0069117546081543 -0.000802040100097656 0.0292530059814453 0.00750160217285156
-0.00151634216308594 0.00826358795166016 0.0185070037841797 0.0171356201171875
0.00820541381835937 0.00944137573242188 0.0136756896972656 0.031494140625
0.00982761383056641 0.00819206237792969 0.009521484375 0.0438919067382813
0.0129604339599609 0.00719642639160156 0.00232696533203126 0.0597686767578125
0.00882148742675781 0.00765228271484375 -0.0182914733886719 0.0638046264648438
0.00641250610351563 0.00686120986938477 -0.0298881530761719 0.0521621704101562
0.00657463073730469 0.00283145904541016 -0.0327205657958984 0.0305385589599609
0.00770902633666992 0.00720977783203125 -0.0221347808837891 0.0131893157958984
0.00388765335083008 0.00746393203735352 0.0155906677246094 0.0242424011230469
-0.00143146514892578 0.00350451469421387 0.038055419921875 0.0765380859375
0.0311355590820313 0.0224800109863281 -0.032867431640625 -0.0705795288085938
0.0199699401855469 4.00543212890625E-05 -0.00348281860351562 -0.0273036956787109
0.0145425796508789 -0.00500679016113281 0.0304203033447266 -0.0101375579833984
0.0122089385986328 -0.0125541687011719 0.0466957092285156 -0.0258293151855469
0.00700187683105469 -0.017822265625 0.043212890625 -0.0413551330566406
-0.00604057312011719 -0.0271530151367188 0.0248985290527344 -0.0606155395507812
-0.0162601470947266 -0.0279788970947266 0.00362396240234375 -0.060760498046875
-0.0136699676513672 -0.0264682769775391 -0.00523757934570312 -0.0424461364746094
-0.0117340087890625 -0.0331649780273438 -0.0126094818115234 -0.0253238677978516
0.00409889221191407 -0.0328102111816406 -0.0227909088134766 -0.0139198303222656
0.0204582214355469 -0.0219211578369141 -0.0337486267089844 -0.00273704528808595
0.0259075164794922 -0.00478172302246094 -0.0415496826171875 -0.00745010375976562
0.0179786682128906 0.015228271484375 -0.0548744201660156 -0.0152511596679688
0.0161991119384766 0.0194911956787109 -0.0643234252929688 -0.0123786926269531
0.0181522369384766 0.0251121520996094 -0.0530052185058594 -0.00532531738281251
0.048736572265625 0.0382156372070313 -0.0171966552734375 -0.0605735778808594
0.0378761291503906 0.0130691528320313 0.0121402740478516 -0.0198211669921875
0.0345687866210938 0.0039520263671875 0.0413627624511719 -0.0048980712890625
0.0316791534423828 -0.0104713439941406 0.0556068420410156 -0.021820068359375
0.0229568481445313 -0.0219745635986328 0.0490798950195313 -0.0351028442382813
0.00675582885742187 -0.0383720397949219 0.0322074890136719 -0.0520057678222656
-0.00957107543945313 -0.043243408203125 0.0118522644042969 -0.0493354797363281
-0.00882720947265625 -0.0416603088378906 0.00205230712890625 -0.0301914215087891
-0.00919342041015626 -0.0497016906738281 -0.00582504272460937 -0.0110006332397461
0.0089111328125 -0.0508193969726563 -0.0206661224365234 0.000291824340820307
0.0329666137695313 -0.037750244140625 -0.0340480804443359 0.0108203887939453
0.0432586669921875 -0.0158805847167969 -0.0403213500976563 0.00294113159179687
0.0411911010742188 0.01654052734375 -0.0489578247070313 -0.0036773681640625
0.0393028259277344 0.027618408203125 -0.0527458190917969 3.81469726563233E-06
0.0388679504394531 0.0354728698730469 -0.0424118041992188 0.00942611694335938
0.0585517883300781 0.0483589172363281 0.000762939453125 -0.0437583923339844
0.0507965087890625 0.0259475708007812 0.0303077697753906 -0.00606155395507812
0.0513343811035156 0.0156059265136719 0.0528793334960938 0.00305938720703125
0.0494194030761719 -0.00730514526367188 0.0644302368164063 -0.0155982971191406
0.0376739501953125 -0.0241546630859375 0.0531501770019531 -0.0276145935058594
0.0199432373046875 -0.0465736389160156 0.0353012084960938 -0.0398597717285156
-0.00105667114257812 -0.0524559020996094 0.0170879364013672 -0.0342540740966797
-0.00309371948242188 -0.0501060485839844 0.00858497619628906 -0.0137271881103516
-0.00477981567382813 -0.0597610473632813 0.00182533264160156 0.00655031204223632
0.0111236572265625 -0.0610008239746094 -0.0163440704345703 0.0196151733398438
0.0384292602539063 -0.0483894348144531 -0.0317020416259766 0.0269279479980469
0.0527191162109375 -0.02801513671875 -0.0384635925292969 0.0143623352050781
0.0573539733886719 0.0119857788085938 -0.0437889099121094 0.00686264038085938
0.0571517944335938 0.0279197692871094 -0.0368843078613281 0.0101661682128906
0.0531005859375 0.0391426086425781 -0.0251483917236328 0.02587890625
0.0614356994628906 0.0529937744140625 0.0195293426513672 -0.0245513916015625
0.0578689575195313 0.0357513427734375 0.0466804504394531 0.00893783569335938
0.0641746520996094 0.0212821960449219 0.0618019104003906 0.0121383666992188
0.0626907348632813 -0.0057373046875 0.0689201354980469 -0.00763702392578125
0.0474891662597656 -0.0249748229980469 0.0520858764648437 -0.0188522338867187
0.0281410217285156 -0.048919677734375 0.0341243743896484 -0.0246047973632813
0.00689697265625 -0.0550537109375 0.0199794769287109 -0.0146713256835938
0.00386428833007812 -0.0516242980957031 0.0143527984619141 0.00535774230957031
0.00048828125 -0.0595664978027344 0.0102958679199219 0.0257968902587891
0.0121192932128906 -0.0604324340820313 -0.0107841491699219 0.0379867553710937
0.0381889343261719 -0.0506324768066406 -0.0267715454101562 0.0413970947265625
0.053619384765625 -0.0341567993164063 -0.0344772338867188 0.0259971618652344
0.0639114379882813 0.00658798217773438 -0.0366668701171875 0.0137405395507812
0.0657463073730469 0.0254554748535156 -0.0186595916748047 0.01617431640625
0.0585174560546875 0.0397529602050781 -0.00509262084960938 0.0419502258300781
0.0556907653808594 0.0472450256347656 0.0359992980957031 -0.00556564331054687
0.0570220947265625 0.0365486145019531 0.060272216796875 0.0235099792480469
0.0673675537109375 0.0212364196777344 0.0659446716308594 0.0201950073242188
0.0647087097167969 -0.00542449951171875 0.0673828125 0.000743865966796875
0.04736328125 -0.0231704711914063 0.0464401245117188 -0.00878524780273438
0.0304450988769531 -0.044647216796875 0.0291404724121094 -0.00866127014160157
0.0120010375976563 -0.0482215881347656 0.0197792053222656 0.00498008728027343
0.00887298583984375 -0.0444908142089844 0.0168666839599609 0.0227394104003906
0.00684356689453125 -0.0509185791015625 0.0147438049316406 0.0419845581054687
0.014190673828125 -0.0503311157226563 -0.0066680908203125 0.0536346435546875
0.0349922180175781 -0.0422630310058594 -0.022613525390625 0.0527915954589844
0.0474014282226562 -0.0308761596679688 -0.0315876007080078 0.0320892333984375
0.0602989196777344 0.00467681884765625 -0.0279769897460937 0.0168190002441406
0.0620918273925781 0.0226707458496094 -0.000463485717773434 0.019195556640625
0.0545082092285156 0.0357017517089844 0.0149497985839844 0.056121826171875
0.0425338745117187 0.0348968505859375 0.0484275817871094 0.00785446166992188
0.0464401245117188 0.027557373046875 0.06866455078125 0.0299224853515625
0.0562324523925781 0.0133247375488281 0.0658111572265625 0.0225982666015625
0.052093505859375 -0.00665664672851562 0.0614585876464844 0.00695419311523438
0.0360374450683594 -0.0193023681640625 0.0394325256347656 0.00122451782226562
0.02459716796875 -0.0320301055908203 0.0238800048828125 0.00592231750488281
0.0142383575439453 -0.0335845947265625 0.0178279876708984 0.02191162109375
0.0140876770019531 -0.03057861328125 0.0169792175292969 0.0369606018066406
0.0134620666503906 -0.0349464416503906 0.0150985717773438 0.054718017578125
0.0165882110595703 -0.0317344665527344 -0.00608062744140625 0.0628089904785156
0.0296554565429688 -0.0254039764404297 -0.02093505859375 0.0587577819824219
0.0376777648925781 -0.0193595886230469 -0.0288925170898438 0.0361289978027344
0.047454833984375 0.00795745849609375 -0.0216884613037109 0.0171985626220703
0.0474319458007813 0.0208168029785156 0.0131778717041016 0.0215835571289063
0.0397415161132813 0.0288467407226563 0.030853271484375 0.0695419311523438
0.023651123046875 0.0148506164550781 0.0557708740234375 0.0144309997558594
0.0283756256103516 0.0118865966796875 0.071807861328125 0.0299835205078125
0.0337066650390625 0.00133514404296875 0.0619697570800781 0.0208663940429688
0.0271549224853516 -0.00794029235839844 0.0533294677734375 0.0110282897949219
0.0155553817749023 -0.0105037689208984 0.0329113006591797 0.0070953369140625
0.0131063461303711 -0.0127229690551758 0.0207462310791016 0.0153713226318359
0.0138359069824219 -0.0127801895141602 0.0150966644287109 0.0311775207519531
0.0152730941772461 -0.0112037658691406 0.0144805908203125 0.0446319580078125
0.0179862976074219 -0.0134773254394531 0.01043701171875 0.0606117248535156
0.0173501968383789 -0.0107536315917969 -0.0102386474609375 0.0677375793457031
0.0213489532470703 -0.0068511962890625 -0.0244140625 0.0584869384765625
0.0239410400390625 -0.00439643859863281 -0.0300712585449219 0.0352325439453125
0.0275249481201172 0.0111827850341797 -0.0200977325439453 0.0169944763183594
0.0247554779052734 0.0176429748535156 0.0188236236572266 0.0249080657958984
0.0185089111328125 0.0185699462890625 0.0394668579101563 0.0783233642578125
0.000131845474243164 -0.00412273406982422 0.0568504333496094 0.0102119445800781
0.00709724426269531 -0.00462055206298828 0.0677261352539063 0.0222015380859375
0.00613975524902344 -0.00982475280761719 0.0550498962402344 0.0147438049316406
-0.00169038772583008 -0.00611782073974609 0.0482444763183594 0.011260986328125
-0.00570583343505859 0.00279712677001953 0.0299911499023438 0.00728607177734375
0.00206851959228516 0.011012077331543 0.0183696746826172 0.0173244476318359
0.0134763717651367 0.0113611221313477 0.0135917663574219 0.0333385467529297
0.0150966644287109 0.00951766967773438 0.00962448120117188 0.0470962524414063
0.01824951171875 0.00887107849121094 0.00210952758789062 0.0620346069335938
0.0134296417236328 0.00971889495849609 -0.0186691284179688 0.0665550231933594
0.00969219207763672 0.0100269317626953 -0.0309906005859375 0.0549125671386719
0.00774765014648438 0.00670862197875977 -0.0340480804443359 0.0323085784912109
0.00570297241210938 0.0110616683959961 -0.0241146087646484 0.0148677825927734
-0.000305175781250001 0.0106840133666992 0.0159549713134766 0.0271949768066406
-0.00552940368652344 0.00538921356201172 0.0391082763671875 0.0831375122070312
0.0386962890625 0.0216789245605469 -0.0350570678710937 -0.0772552490234375
0.0246143341064453 -0.00358200073242188 -0.00436210632324219 -0.0315666198730469
0.0161800384521484 -0.00966739654541016 0.0322093963623047 -0.0123062133789062
0.0111799240112305 -0.0172863006591797 0.048828125 -0.0288581848144531
0.00401878356933594 -0.0215930938720703 0.0455970764160156 -0.0443000793457031
-0.0118465423583984 -0.0289039611816406 0.0267753601074219 -0.064910888671875
-0.0218772888183594 -0.0283374786376953 0.00414276123046875 -0.0645828247070313
-0.0190200805664063 -0.0275611877441406 -0.0043182373046875 -0.0454521179199219
-0.0182380676269531 -0.0334701538085938 -0.0106906890869141 -0.0272865295410156
-0.000110626220703126 -0.0369682312011719 -0.0217533111572266 -0.0139923095703125
0.020233154296875 -0.0276222229003906 -0.0339679718017578 -0.00125312805175782
0.0281715393066406 -0.00951766967773438 -0.04351806640625 -0.00634384155273437
0.0238189697265625 0.0125541687011719 -0.0587730407714844 -0.01483154296875
0.0233345031738281 0.0196514129638672 -0.069671630859375 -0.0137710571289063
0.0263328552246094 0.0268440246582031 -0.0560073852539062 -0.008636474609375
0.0564155578613281 0.0389671325683594 -0.0163955688476562 -0.0668296813964844
0.0427780151367188 0.0104866027832031 0.0146598815917969 -0.0244331359863281
0.037109375 0.0010833740234375 0.0446281433105469 -0.0077056884765625
0.0317955017089844 -0.0144882202148438 0.0591278076171875 -0.0241241455078125
0.0213756561279297 -0.0254268646240234 0.0530319213867187 -0.0379562377929688
0.00287628173828125 -0.042083740234375 0.035369873046875 -0.0555152893066406
-0.0139617919921875 -0.0446395874023438 0.0148277282714844 -0.0532646179199219
-0.0129013061523438 -0.0438385009765625 0.00502204895019531 -0.0335407257080078
-0.0139350891113281 -0.0533027648925781 -0.00304222106933594 -0.0133848190307617
0.00546264648437499 -0.0560417175292969 -0.0184001922607422 0.000663757324218749
0.0335884094238281 -0.0443038940429688 -0.0322151184082031 0.0126228332519531
0.0473213195800781 -0.0217819213867188 -0.0414047241210938 0.00457000732421875
0.0484275817871094 0.0149917602539063 -0.052398681640625 -0.00246429443359374
0.0475692749023438 0.0284957885742188 -0.0559921264648438 -0.000633239746093737
0.0462150573730469 0.0388755798339844 -0.0423316955566406 0.00735092163085938
0.0659675598144531 0.0520248413085938 0.00384521484375001 -0.0499000549316406
0.0556983947753906 0.02716064453125 0.0345554351806641 -0.0103473663330078
0.0559806823730469 0.0138282775878906 0.0573196411132813 0.000453948974609376
0.0522575378417969 -0.0097808837890625 0.0690460205078125 -0.0182418823242188
0.0386695861816406 -0.0267906188964844 0.0574188232421875 -0.0308723449707031
0.0179595947265625 -0.0504417419433594 0.0402641296386719 -0.0438766479492188
-0.00308990478515625 -0.0561332702636719 0.0214500427246094 -0.0378189086914063
-0.00495529174804688 -0.0539169311523438 0.0124053955078125 -0.0162439346313477
-0.00735473632812501 -0.0637016296386719 0.00643301010131836 0.00505399703979492
0.00905227661132813 -0.0668869018554688 -0.0128097534179688 0.0203838348388672
0.0396995544433594 -0.0551910400390625 -0.0278549194335938 0.0297203063964844
0.0578269958496094 -0.0335540771484375 -0.0376625061035156 0.0175666809082031
0.0655174255371094 0.0113868713378906 -0.0444374084472656 0.00900650024414063
0.0658836364746094 0.0302848815917969 -0.0375289916992188 0.0100975036621094
0.0602645874023438 0.0440711975097656 -0.0226516723632812 0.0253047943115234
0.067169189453125 0.0579605102539063 0.0242633819580078 -0.0276584625244141
0.0623283386230469 0.0384750366210938 0.0528106689453125 0.0068206787109375
0.0699806213378906 0.0231246948242188 0.0673065185546875 0.0102729797363281
0.0666046142578125 -0.00648880004882813 0.0739288330078125 -0.010284423828125
0.0500869750976562 -0.0267906188964844 0.0569267272949219 -0.0215110778808594
0.0291976928710938 -0.0526618957519531 0.0386428833007812 -0.028472900390625
0.00685501098632813 -0.0587043762207031 0.0250949859619141 -0.0182037353515625
0.00364303588867187 -0.0551185607910156 0.0184116363525391 0.002410888671875
-0.000236511230468754 -0.0641517639160156 0.0151004791259766 0.0243396759033203
0.0121688842773438 -0.0658035278320313 -0.00602340698242187 0.0397186279296875
0.041168212890625 -0.0562019348144531 -0.0228080749511719 0.045135498046875
0.058013916015625 -0.0383262634277344 -0.0337390899658203 0.0280513763427734
0.0709686279296875 0.00659942626953125 -0.0358314514160156 0.0154571533203125
0.0724716186523438 0.02789306640625 -0.0176544189453125 0.0167007446289062
0.0650253295898438 0.0443687438964844 -0.000480651855468748 0.0428924560546875
0.0591773986816406 0.0527915954589844 0.0418586730957031 -0.00600433349609375
0.0603675842285156 0.0407333374023438 0.0670394897460938 0.0225639343261719
0.07208251953125 0.0243148803710938 0.072845458984375 0.0187835693359375
0.0699729919433594 -0.0053253173828125 0.0733795166015625 -0.00182342529296875
0.0519676208496094 -0.0246391296386719 0.0508575439453125 -0.0106620788574219
0.0333938598632813 -0.048736572265625 0.0345993041992188 -0.0112533569335938
0.0143585205078125 -0.0518150329589844 0.0240612030029297 0.00366783142089843
0.0117263793945312 -0.0479087829589844 0.0212554931640625 0.0221614837646484
0.00867080688476563 -0.0555076599121094 0.0201988220214844 0.042510986328125
0.0163650512695312 -0.0541763305664062 -0.000789642333984379 0.056182861328125
0.0389175415039063 -0.0453948974609375 -0.0185050964355469 0.0571365356445313
0.05242919921875 -0.0326042175292969 -0.0289993286132812 0.035430908203125
0.0659027099609375 0.006072998046875 -0.0265312194824219 0.0187816619873047
0.066741943359375 0.0259437561035156 0.00265693664550781 0.0207939147949219
0.05755615234375 0.0411262512207031 0.02203369140625 0.0594863891601563
0.0430488586425781 0.0380134582519531 0.0555229187011719 0.0100288391113281
0.0480728149414062 0.0318450927734375 0.0768203735351563 0.031768798828125
0.0591926574707031 0.018035888671875 0.0727920532226563 0.0223922729492188
0.0565032958984375 -0.0053863525390625 0.067138671875 0.005615234375
0.0403518676757813 -0.0180091857910156 0.04290771484375 -0.000522613525390626
0.0290374755859375 -0.0337104797363281 0.0278396606445313 0.00445556640625
0.0184783935546875 -0.0358657836914063 0.0215702056884766 0.0215473175048828
0.0176906585693359 -0.0326023101806641 0.0209503173828125 0.037445068359375
0.0174789428710938 -0.0379447937011719 0.0202980041503906 0.0557746887207031
0.0208740234375 -0.0337562561035156 -0.00132369995117188 0.0665397644042969
0.0346431732177734 -0.0261898040771484 -0.0175971984863281 0.0617218017578125
0.0418014526367188 -0.0185585021972656 -0.0266036987304687 0.0387344360351563
0.0496902465820313 0.0114555358886719 -0.0204181671142578 0.0195522308349609
0.048736572265625 0.0253257751464844 0.0168514251708984 0.0229969024658203
0.0400733947753906 0.0339851379394531 0.038055419921875 0.0745468139648438
0.0208816528320313 0.0170173645019531 0.0624275207519531 0.0176315307617187
0.02764892578125 0.0157051086425781 0.0788421630859375 0.0321731567382813
0.0336799621582031 0.00549125671386719 0.0681228637695313 0.020843505859375
0.0300407409667969 -0.0050048828125 0.0588340759277344 0.0099334716796875
0.0195808410644531 -0.00768852233886719 0.0353469848632813 0.00577545166015625
0.0186958312988281 -0.0124492645263672 0.0220737457275391 0.0154609680175781
0.0190620422363281 -0.01458740234375 0.0179309844970703 0.0333690643310547
0.020721435546875 -0.0133113861083984 0.0168952941894531 0.0471229553222656
0.0235633850097656 -0.0160541534423828 0.0136146545410156 0.0639839172363281
0.0228805541992188 -0.0110301971435547 -0.00704956054687499 0.0704498291015625
0.0268783569335938 -0.00420379638671875 -0.0218963623046875 0.0621261596679688
0.0276966094970703 -0.00123786926269531 -0.0291976928710937 0.0380668640136719
0.0277500152587891 0.0165290832519531 -0.0195083618164063 0.0190505981445313
0.0230808258056641 0.0226593017578125 0.0220432281494141 0.0269260406494141
0.0149765014648438 0.0232601165771484 0.0454177856445313 0.084991455078125
-0.0047907829284668 -0.00448274612426758 0.0621414184570313 0.014739990234375
0.00282931327819824 -0.00166153907775879 0.0742034912109375 0.025421142578125
0.00272083282470703 -0.00682687759399414 0.0610160827636719 0.015289306640625
-0.00239634513854981 -0.00216364860534668 0.0517692565917969 0.00957870483398438
-0.00423383712768555 0.00660085678100586 0.0307846069335938 0.00555419921875
0.006683349609375 0.0132780075073242 0.0185565948486328 0.0172500610351562
0.0184593200683594 0.0109958648681641 0.01287841796875 0.0359153747558594
0.0202178955078125 0.0089111328125 0.0102043151855469 0.0488510131835938
0.0245437622070313 0.00745391845703125 0.003326416015625 0.0658760070800781
0.0194854736328125 0.0112667083740234 -0.0173072814941406 0.070098876953125
0.0143213272094727 0.0138540267944336 -0.0304450988769531 0.0576934814453125
0.00958919525146484 0.0113706588745117 -0.0345535278320313 0.0353775024414063
0.00431156158447266 0.0166263580322266 -0.02410888671875 0.0176811218261719
-0.00487422943115234 0.0153942108154297 0.0177593231201172 0.0303955078125
-0.0110187530517578 0.00814914703369141 0.0435943603515625 0.0899810791015625
0.0468482971191406 0.0182380676269531 -0.0394973754882812 -0.0838623046875
0.0272693634033203 -0.00979232788085938 -0.00555801391601563 -0.036529541015625
0.016758918762207 -0.0164651870727539 0.0321254730224609 -0.0153732299804688
0.00751876831054688 -0.0226211547851563 0.0491294860839844 -0.0317497253417969
0.000423431396484374 -0.0246925354003906 0.0466499328613281 -0.0482864379882813
-0.0188179016113281 -0.0293102264404297 0.0264816284179687 -0.0689544677734375
-0.0285511016845703 -0.0273685455322266 0.00432586669921875 -0.0683937072753906
-0.0233478546142578 -0.0274410247802734 -0.00370025634765625 -0.0493240356445313
-0.0249214172363281 -0.0331363677978516 -0.0111827850341797 -0.0303115844726563
-0.00702667236328125 -0.0406723022460938 -0.0207386016845703 -0.0146160125732422
0.016845703125 -0.0335922241210938 -0.0333576202392578 0.000490188598632818
0.0291347503662109 -0.0163402557373047 -0.0443840026855469 -0.00376129150390625
0.0296421051025391 0.0086669921875 -0.0620918273925781 -0.0137977600097656
0.0305843353271484 0.0173416137695312 -0.0739288330078125 -0.0137100219726563
0.0338687896728516 0.0263042449951172 -0.05902099609375 -0.0119209289550781
0.0651359558105469 0.0374794006347656 -0.018402099609375 -0.073822021484375
0.0467491149902344 0.00706100463867188 0.0155467987060547 -0.0297183990478516
0.0383110046386719 -0.00363922119140625 0.0461845397949219 -0.0110664367675781
0.0314617156982422 -0.0190925598144531 0.0610160827636719 -0.0281562805175781
0.0191287994384766 -0.0287914276123047 0.0546150207519531 -0.0412673950195313
-0.00294876098632813 -0.0435371398925781 0.0380592346191406 -0.0601043701171875
-0.0193367004394531 -0.0456390380859375 0.0165786743164063 -0.0581893920898438
-0.0173072814941406 -0.0453147888183594 0.00716400146484375 -0.0378990173339844
-0.0195999145507812 -0.0539627075195313 0.0003814697265625 -0.0163850784301758
-0.0002288818359375 -0.0601425170898438 -0.0147724151611328 0.000496864318847651
0.0314750671386719 -0.0515022277832031 -0.0291938781738281 0.0144023895263672
0.0495033264160156 -0.0294876098632812 -0.0399589538574219 0.00763320922851563
0.0560531616210938 0.0110244750976563 -0.0542793273925781 -0.000205993652343738
0.0575103759765625 0.0273208618164063 -0.0583992004394531 -0.00061416625976563
0.0562324523925781 0.03924560546875 -0.0418281555175781 0.00427627563476564
0.0747909545898438 0.0542526245117188 0.00604629516601563 -0.057342529296875
0.0599250793457031 0.0250511169433594 0.0366973876953125 -0.015960693359375
0.0584373474121094 0.0103225708007813 0.0608253479003906 -0.00308990478515625
0.0536422729492188 -0.0138092041015625 0.0729598999023438 -0.0231399536132813
0.0375595092773438 -0.0291709899902344 0.0611572265625 -0.0340728759765625
0.0158958435058594 -0.0531272888183594 0.0425910949707031 -0.0497627258300781
-0.00659942626953124 -0.0581436157226563 0.02557373046875 -0.0425682067871094
-0.00908279418945313 -0.0558052062988281 0.0166091918945313 -0.0216426849365234
-0.0125465393066406 -0.0667953491210938 0.0114479064941406 0.00242424011230468
0.004913330078125 -0.07159423828125 -0.0078277587890625 0.0205783843994141
0.0390739440917969 -0.0628395080566406 -0.0244178771972656 0.0318069458007812
0.0605278015136719 -0.0405158996582031 -0.0347042083740234 0.0204486846923828
0.0731735229492187 0.0079193115234375 -0.0449562072753906 0.0116195678710938
0.0757675170898437 0.0285720825195312 -0.0378761291503906 0.0101890563964844
0.0702018737792969 0.0459060668945313 -0.0196762084960937 0.023284912109375
0.074371337890625 0.0602340698242187 0.0293159484863281 -0.0318603515625
0.0672798156738281 0.0404014587402344 0.0572509765625 0.00272369384765625
0.0741195678710938 0.0226898193359375 0.07281494140625 0.00592803955078125
0.0709457397460938 -0.00875091552734375 0.0791091918945313 -0.0156478881835938
0.0527076721191406 -0.0305633544921875 0.0606842041015625 -0.0254020690917969
0.0290184020996094 -0.055877685546875 0.0437431335449219 -0.0332221984863281
0.00524139404296875 -0.0627479553222656 0.0287265777587891 -0.0223617553710938
0.00252151489257812 -0.0595664978027344 0.0224037170410156 -0.0014190673828125
-0.00259017944335937 -0.0689010620117188 0.0222415924072266 0.0219707489013672
0.0102081298828125 -0.0709686279296875 0.000354766845703122 0.0379676818847656
0.0421524047851563 -0.0615653991699219 -0.0178489685058594 0.0475196838378906
0.0617942810058594 -0.0433120727539063 -0.0303897857666016 0.0312423706054687
0.0789794921875 0.005096435546875 -0.0333328247070312 0.0181388854980469
0.0812454223632813 0.0282516479492188 -0.0151090621948242 0.0169601440429687
0.0726318359375 0.04803466796875 0.0059661865234375 0.0421371459960938
0.0652503967285156 0.057525634765625 0.0495567321777344 -0.00941848754882812
0.0652084350585938 0.0435905456542969 0.0758743286132812 0.0194168090820313
0.0767288208007813 0.0266952514648438 0.0790252685546875 0.015625
0.074127197265625 -0.00650787353515625 0.0783462524414063 -0.006591796875
0.0561332702636719 -0.0259437561035156 0.0535507202148438 -0.0140762329101563
0.0353546142578125 -0.0514450073242187 0.0369949340820313 -0.0143966674804688
0.0155029296875 -0.0560073852539063 0.0286102294921875 -2.09808349609409E-05
0.0131607055664063 -0.0528068542480469 0.0258502960205078 0.0196208953857422
0.00966262817382813 -0.0604743957519531 0.0266876220703125 0.040557861328125
0.0172119140625 -0.0582199096679687 0.00689315795898438 0.055999755859375
0.0412483215332031 -0.0496788024902344 -0.0115127563476563 0.0588340759277344
0.0569114685058594 -0.0363998413085938 -0.0246009826660156 0.0376319885253906
0.0701828002929688 0.00687026977539063 -0.0240039825439453 0.0204715728759766
0.073089599609375 0.0283966064453125 0.00745010375976563 0.02008056640625
0.0629158020019531 0.0456886291503906 0.0290794372558594 0.060394287109375
0.0453262329101563 0.0439300537109375 0.0634803771972656 0.00954437255859376
0.0490531921386719 0.0353126525878906 0.0853118896484375 0.0298995971679688
0.0631065368652344 0.0200576782226563 0.0796127319335938 0.020294189453125
0.0605201721191406 -0.00476455688476563 0.0715560913085938 0.0019683837890625
0.0447921752929687 -0.0199699401855469 0.0460777282714844 -0.00293350219726563
0.031707763671875 -0.0357284545898438 0.0302963256835938 0.00284004211425781
0.0223846435546875 -0.0412330627441406 0.0248279571533203 0.0206241607666016
0.0208549499511719 -0.03680419921875 0.0242233276367187 0.0370750427246094
0.02020263671875 -0.0426101684570313 0.0255279541015625 0.0548248291015625
0.0246810913085938 -0.0380325317382813 0.00542068481445312 0.0677604675292969
0.0393524169921875 -0.0281715393066406 -0.0111427307128906 0.0643348693847656
0.0470809936523438 -0.0185356140136719 -0.0224456787109375 0.0410881042480469
0.0553169250488281 0.0139350891113281 -0.0187969207763672 0.0223751068115234
0.0517120361328125 0.0292472839355469 0.0212020874023438 0.0227813720703125
0.0407066345214844 0.0395469665527344 0.0474624633789063 0.0760574340820313
0.0178585052490234 0.0219879150390625 0.0710601806640625 0.0189666748046875
0.0273914337158203 0.0199527740478516 0.0876617431640625 0.03216552734375
0.0353622436523438 0.0103225708007812 0.0751495361328125 0.0187530517578125
0.0335731506347656 -0.00232505798339844 0.0630683898925781 0.0066070556640625
0.024627685546875 -0.00561332702636719 0.0363540649414063 0.0032958984375
0.0247325897216797 -0.0131607055664062 0.0229396820068359 0.0149822235107422
0.0252742767333984 -0.0172595977783203 0.0203495025634766 0.0333900451660156
0.0253181457519531 -0.0171699523925781 0.0193634033203125 0.0478744506835938
0.0290889739990234 -0.0197391510009766 0.0183181762695313 0.065216064453125
0.0284442901611328 -0.0147972106933594 -0.00262451171875 0.0726547241210938
0.0332355499267578 -0.00345611572265625 -0.0186958312988281 0.0633659362792969
0.0321102142333984 0.002349853515625 -0.0259056091308594 0.0394210815429688
0.0307178497314453 0.0218086242675781 -0.0178241729736328 0.0217761993408203
0.0234699249267578 0.0293045043945313 0.0257110595703125 0.0288181304931641
0.0130252838134766 0.0291767120361328 0.0536346435546875 0.08843994140625
-0.0102834701538086 -0.00148391723632812 0.0681800842285156 0.017486572265625
-0.00020146369934082 0.00251245498657227 0.0825042724609375 0.0254058837890625
-0.000745177268981933 -0.00118923187255859 0.0657386779785156 0.0132827758789062
-0.00130152702331543 0.0032494068145752 0.0549964904785156 0.00757217407226563
-0.00149059295654297 0.0109577178955078 0.0301246643066406 0.00488662719726563
0.0119380950927734 0.0133132934570313 0.0171575546264648 0.0173873901367187
0.0246677398681641 0.00802230834960938 0.0146560668945313 0.0380477905273437
0.0282382965087891 0.00629234313964844 0.0109481811523438 0.0511550903320313
0.0309848785400391 0.00453567504882812 0.00601959228515625 0.0679512023925781
0.0261116027832031 0.0105190277099609 -0.0161056518554688 0.0726318359375
0.0204200744628906 0.0158538818359375 -0.0284881591796875 0.0598831176757813
0.0143098831176758 0.0161447525024414 -0.0336151123046875 0.0389060974121094
0.00571632385253906 0.0218963623046875 -0.0233955383300781 0.0211963653564453
-0.00754165649414063 0.0207862854003906 0.0210380554199219 0.0329666137695313
-0.01495361328125 0.0114688873291016 0.0502548217773437 0.0950088500976563
0.0518989562988281 0.0124282836914063 -0.044677734375 -0.0897293090820313
0.0286579132080078 -0.0152359008789063 -0.00975036621093749 -0.04205322265625
0.0157508850097656 -0.0207004547119141 0.0321311950683594 -0.0184383392333984
0.00298309326171875 -0.0269908905029297 0.0484886169433594 -0.0359611511230469
-0.00445938110351563 -0.0264034271240234 0.0471382141113281 -0.0509567260742188
-0.0239925384521484 -0.0270538330078125 0.0255813598632813 -0.0717697143554688
-0.0333766937255859 -0.0240383148193359 0.00131988525390625 -0.0730361938476563
-0.031005859375 -0.0236454010009766 -0.00546264648437501 -0.052703857421875
-0.0323333740234375 -0.0313243865966797 -0.0103492736816406 -0.0336475372314453
-0.0132598876953125 -0.0396270751953125 -0.0182228088378906 -0.0149784088134766
0.0110664367675781 -0.0378875732421875 -0.030517578125 -0.000106811523437498
0.0267105102539063 -0.0215511322021484 -0.0461997985839844 -0.00367736816406251
0.0348033905029297 0.00281143188476563 -0.0651168823242188 -0.0109024047851563
0.0366706848144531 0.0122795104980469 -0.0785903930664063 -0.0135726928710938
0.0425300598144531 0.0218505859375 -0.064697265625 -0.0138511657714844
0.071533203125 0.0340728759765625 -0.0193252563476563 -0.078582763671875
0.0487060546875 0.00211334228515625 0.0144844055175781 -0.0361747741699219
0.0391731262207031 -0.0088958740234375 0.0463027954101563 -0.0163612365722656
0.0301456451416016 -0.0231361389160156 0.0617256164550781 -0.0317420959472656
0.0167865753173828 -0.0300483703613281 0.0556564331054688 -0.0464248657226563
-0.00791549682617188 -0.0421104431152344 0.03717041015625 -0.0658760070800781
-0.0245933532714844 -0.0435409545898437 0.0181922912597656 -0.063446044921875
-0.0209388732910156 -0.0427474975585938 0.0075225830078125 -0.0433502197265625
-0.0242080688476563 -0.05462646484375 0.00165176391601563 -0.0227375030517578
-0.00495529174804688 -0.0618972778320313 -0.0115156173706055 -0.00154876708984376
0.0278549194335937 -0.0572662353515625 -0.0257129669189453 0.0132846832275391
0.0496253967285156 -0.0363960266113281 -0.0392570495605469 0.007965087890625
0.0618095397949219 0.00615310668945313 -0.0551948547363281 0.00214385986328124
0.0671424865722656 0.0234947204589844 -0.0617294311523438 -0.00123214721679688
0.065216064453125 0.0372200012207031 -0.0427665710449219 0.00119018554687501
0.081817626953125 0.0516510009765625 0.0074462890625 -0.0644607543945312
0.0636863708496094 0.0247459411621094 0.039642333984375 -0.0235061645507813
0.06097412109375 0.00765228271484375 0.0614280700683594 -0.00723648071289063
0.0534858703613281 -0.0177421569824219 0.0751113891601562 -0.0270538330078125
0.0366630554199219 -0.0308837890625 0.0625762939453125 -0.0391769409179688
0.0113258361816406 -0.0549850463867187 0.0450096130371094 -0.0553016662597656
-0.0113868713378906 -0.0584182739257813 0.0278663635253906 -0.0487327575683594
-0.0105247497558594 -0.0572738647460938 0.0170135498046875 -0.0258979797363281
-0.016571044921875 -0.0684890747070313 0.0156373977661133 -0.00178813934326172
-0.000747680664062508 -0.0741195678710938 -0.00296306610107422 0.0175561904907227
0.0365333557128906 -0.0675468444824219 -0.0177421569824219 0.0304126739501953
0.0626029968261719 -0.0465850830078125 -0.0317134857177734 0.0211219787597656
0.0801620483398437 0.00183868408203125 -0.0427780151367187 0.0114707946777344
0.0840682983398438 0.0278472900390625 -0.036712646484375 0.0104827880859375
0.0790786743164063 0.0467910766601562 -0.0166606903076172 0.0195236206054688
0.0811004638671875 0.0621185302734375 0.0324745178222656 -0.0389404296875
0.0746688842773438 0.04150390625 0.0611495971679688 -0.00381088256835937
0.0796737670898438 0.0209579467773437 0.0739059448242188 0.00384521484375
0.0745391845703125 -0.0114593505859375 0.081268310546875 -0.0198516845703125
0.0536956787109375 -0.0341072082519531 0.0623893737792969 -0.0313796997070313
0.0285453796386719 -0.0584564208984375 0.0446510314941406 -0.0373344421386719
0.00363159179687499 -0.0664787292480469 0.0315933227539063 -0.0267086029052734
0.000469207763671879 -0.06097412109375 0.0254993438720703 -0.005889892578125
-0.00676727294921875 -0.0722808837890625 0.0254726409912109 0.0166702270507812
0.00704193115234375 -0.0742263793945313 0.00722122192382812 0.0354576110839844
0.0402565002441406 -0.0673141479492187 -0.0108757019042969 0.0459403991699219
0.0630035400390625 -0.0521202087402344 -0.0250511169433594 0.0302696228027344
0.0855560302734375 0.0003509521484375 -0.0318660736083984 0.0192584991455078
0.0888519287109375 0.0285568237304688 -0.0123119354248047 0.0157461166381836
0.0830307006835938 0.0485382080078125 0.0113182067871094 0.0401039123535156
0.06817626953125 0.062469482421875 0.0549850463867188 -0.012664794921875
0.0700645446777344 0.045623779296875 0.0828704833984375 0.0137405395507813
0.0829696655273438 0.0268630981445313 0.0827865600585938 0.00959014892578125
0.0791168212890625 -0.0105972290039063 0.0785446166992188 -0.00698089599609375
0.0587425231933594 -0.027801513671875 0.0544166564941406 -0.0181045532226563
0.0347557067871094 -0.0543479919433594 0.0408592224121094 -0.0201492309570313
0.0141716003417969 -0.0610084533691406 0.0319042205810547 -0.00145912170410157
0.0133857727050781 -0.0556411743164063 0.0314674377441406 0.0132923126220703
0.00994110107421875 -0.0642433166503906 0.0321464538574219 0.0355796813964844
0.016510009765625 -0.0617256164550781 0.0119171142578125 0.0520553588867188
0.0440788269042969 -0.05560302734375 -0.00645828247070312 0.0576820373535156
0.0603904724121094 -0.0415802001953125 -0.0197296142578125 0.0366668701171875
0.077911376953125 0.00513458251953125 -0.0209846496582031 0.0217571258544922
0.0804672241210938 0.0301361083984375 0.0101909637451172 0.0176639556884766
0.0694084167480469 0.0489349365234375 0.0379753112792969 0.0579681396484375
0.0442848205566406 0.0486221313476563 0.0716552734375 0.009307861328125
0.0518531799316406 0.040863037109375 0.0944366455078125 0.0259780883789063
0.0683135986328125 0.0227890014648438 0.0855560302734375 0.012847900390625
0.0644950866699219 -0.00334548950195313 0.074127197265625 -0.00383758544921875
0.048309326171875 -0.0210609436035156 0.0483207702636719 -0.0069122314453125
0.0370254516601563 -0.0397796630859375 0.0316410064697266 0.000862121582031248
0.0238571166992188 -0.0461540222167969 0.0282859802246094 0.01806640625
0.0236549377441406 -0.0425949096679687 0.0275230407714844 0.0344448089599609
0.0225791931152344 -0.0476493835449219 0.0304031372070312 0.0508308410644531
0.0287971496582031 -0.0422401428222656 0.0123825073242187 0.0655555725097656
0.0440559387207031 -0.03131103515625 -0.00774002075195313 0.0637893676757813
0.0531578063964844 -0.0204505920410156 -0.0192642211914063 0.0420989990234375
0.0606117248535156 0.0166969299316406 -0.013092041015625 0.0219287872314453
0.057098388671875 0.033935546875 0.0244674682617188 0.0230026245117188
0.0438461303710937 0.0454559326171875 0.056732177734375 0.0757522583007813
0.0184288024902344 0.0254268646240234 0.0767364501953125 0.017669677734375
0.0285816192626953 0.0271244049072266 0.0951156616210938 0.0311279296875
0.0357398986816406 0.0138092041015625 0.0791168212890625 0.0147552490234375
0.0371589660644531 -0.000377655029296875 0.0663528442382813 0.00517654418945313
0.0299911499023438 -0.00741386413574219 0.0370140075683594 0.00119781494140625
0.0306472778320313 -0.0166339874267578 0.0254936218261719 0.0122337341308594
0.0280208587646484 -0.0232620239257813 0.0236339569091797 0.0348644256591797
0.0281410217285156 -0.021209716796875 0.0230369567871094 0.0484657287597656
0.0335865020751953 -0.0262165069580078 0.021942138671875 0.0651702880859375
0.0340709686279297 -0.0176906585693359 0.00136566162109375 0.0729904174804688
0.0373344421386719 -0.00591659545898437 -0.0137596130371094 0.0630683898925781
0.0371170043945313 0.003662109375 -0.0221099853515625 0.0417213439941406
0.0335197448730469 0.024566650390625 -0.0139255523681641 0.0204830169677734
0.0253715515136719 0.0361900329589844 0.0297298431396484 0.0289058685302734
0.014892578125 0.0349216461181641 0.0640106201171875 0.0881805419921875
-0.0116748809814453 0.00479602813720703 0.075164794921875 0.0193710327148438
-0.00200605392456055 0.00574827194213867 0.0919570922851562 0.0251998901367187
-0.000147104263305664 0.00242972373962402 0.0697860717773438 0.0114021301269531
0.00139427185058594 0.00691986083984375 0.056427001953125 0.00426101684570312
0.00230789184570313 0.0141420364379883 0.0319538116455078 0.00203323364257813
0.0174369812011719 0.0108919143676758 0.0196018218994141 0.0191764831542969
0.0292549133300781 0.00304222106933594 0.014739990234375 0.0383682250976562
0.0317592620849609 -0.0006866455078125 0.0143241882324219 0.0530204772949219
0.0381660461425781 -0.00242233276367188 0.0072479248046875 0.0704116821289063
0.0318870544433594 0.006439208984375 -0.0107574462890625 0.0708465576171875
0.0269680023193359 0.0151233673095703 -0.02471923828125 0.0607337951660156
0.0178050994873047 0.0190315246582031 -0.0287590026855469 0.0410079956054687
0.00642585754394532 0.0298805236816406 -0.0201377868652344 0.0237178802490234
-0.00679779052734375 0.0290431976318359 0.0233573913574219 0.0355262756347656
-0.0190296173095703 0.0187473297119141 0.0574722290039062 0.09722900390625
0.0578994750976563 0.00666427612304687 -0.0487899780273438 -0.0933837890625
0.0293712615966797 -0.0213489532470703 -0.0125045776367188 -0.0448951721191406
0.0126628875732422 -0.0261116027832031 0.0301761627197266 -0.0193538665771484
-0.000806808471679687 -0.0289287567138672 0.0492630004882813 -0.0355911254882813
-0.0101432800292969 -0.0264720916748047 0.0470733642578125 -0.0532417297363281
-0.0303611755371094 -0.0239524841308594 0.0270233154296875 -0.0753250122070312
-0.0380058288574219 -0.0196533203125 0.0027618408203125 -0.0761871337890625
-0.0331897735595703 -0.0210380554199219 -0.00470352172851563 -0.0570831298828125
-0.0362548828125 -0.0268630981445312 -0.00946807861328125 -0.0378456115722656
-0.0187187194824219 -0.0383720397949219 -0.0174827575683594 -0.0179729461669922
0.0067901611328125 -0.0405158996582031 -0.0289535522460938 0.000656127929687493
0.0248680114746094 -0.0286846160888672 -0.0465507507324219 -0.0023345947265625
0.0358619689941406 -0.004058837890625 -0.0665855407714844 -0.00949478149414061
0.0424156188964844 0.00684356689453125 -0.0843124389648438 -0.0131912231445312
0.0486526489257812 0.0182838439941406 -0.0684127807617187 -0.0184516906738281
0.0780258178710938 0.0302810668945313 -0.0230636596679687 -0.0876846313476563
0.0518150329589844 -0.0013580322265625 0.0117568969726563 -0.0413932800292969
0.0393333435058594 -0.0119094848632812 0.0464439392089844 -0.0173301696777344
0.0254573822021484 -0.0261459350585938 0.0631141662597656 -0.0348434448242187
0.0125389099121094 -0.0314559936523438 0.0598297119140625 -0.0488548278808594
-0.0109939575195313 -0.0405845642089844 0.0394783020019531 -0.0693702697753906
-0.0277137756347656 -0.0420570373535156 0.017333984375 -0.0687789916992188
-0.0264854431152344 -0.0424232482910156 0.00746536254882812 -0.0474929809570313
-0.0313453674316406 -0.0522499084472656 0.00382232666015625 -0.0268020629882813
-0.0121994018554688 -0.0629310607910156 -0.00870704650878906 -0.00459623336791992
0.0233421325683594 -0.0624580383300781 -0.0225696563720703 0.0130462646484375
0.0489006042480469 -0.04351806640625 -0.037933349609375 0.00774765014648438
0.0663719177246094 -0.000507354736328125 -0.0542106628417969 0.00370788574218749
0.0725326538085938 0.0178604125976563 -0.0637054443359375 -0.00146865844726564
0.0730438232421875 0.0356292724609375 -0.0460205078125 -0.00255966186523437
0.0890960693359375 0.0508804321289063 0.00603485107421875 -0.0701026916503906
0.0687484741210938 0.0220375061035156 0.0389213562011719 -0.0282745361328125
0.0648193359375 0.00601959228515625 0.0636024475097656 -0.0108642578125
0.0550003051757813 -0.019927978515625 0.0771636962890625 -0.0311965942382813
0.0371170043945313 -0.0331916809082031 0.065521240234375 -0.0430412292480469
0.00882339477539063 -0.0551185607910156 0.0470619201660156 -0.0584259033203125
-0.011871337890625 -0.0598907470703125 0.0279426574707031 -0.0547904968261719
-0.0141792297363281 -0.0578727722167969 0.0188159942626953 -0.0317630767822266
-0.021087646484375 -0.0704574584960938 0.0164031982421875 -0.00921154022216797
-0.003936767578125 -0.0771942138671875 0.00115871429443359 0.0141019821166992
0.0345840454101563 -0.0744094848632813 -0.0136699676513672 0.0297069549560547
0.0621414184570313 -0.0553092956542969 -0.0294284820556641 0.0193386077880859
0.085784912109375 -0.00252532958984375 -0.0415802001953125 0.0140190124511719
0.0921554565429688 0.02325439453125 -0.03741455078125 0.00775146484375001
0.0881118774414063 0.0454559326171875 -0.0173616409301758 0.0151348114013672
0.0888442993164063 0.063629150390625 0.0350608825683594 -0.0452346801757813
0.0773544311523438 0.0405731201171875 0.06402587890625 -0.0111541748046875
0.083465576171875 0.0214920043945313 0.0766372680664063 -0.00112152099609375
0.0779953002929688 -0.0142059326171875 0.0840377807617188 -0.0242080688476562
0.0562057495117188 -0.0346336364746094 0.0658531188964844 -0.0338706970214844
0.0276756286621094 -0.0616950988769531 0.0465621948242187 -0.0433311462402344
0.00250244140625001 -0.0678062438964844 0.0339546203613281 -0.0330142974853516
-0.000514984130859373 -0.0643386840820313 0.0274868011474609 -0.0120258331298828
-0.007904052734375 -0.0756454467773437 0.0289745330810547 0.0110530853271484
0.004547119140625 -0.07867431640625 0.0109291076660156 0.03326416015625
0.041046142578125 -0.0737075805664063 -0.00620651245117187 0.0453109741210937
0.0672187805175781 -0.056976318359375 -0.0216732025146484 0.0296573638916016
0.090545654296875 -0.00252532958984375 -0.0275859832763672 0.0187950134277344
0.0977859497070313 0.0261001586914063 -0.0112342834472656 0.0123777389526367
0.0882034301757812 0.0511550903320312 0.0132236480712891 0.0345726013183594
0.0753173828125 0.0657196044921875 0.0607070922851563 -0.0184249877929687
0.0743408203125 0.0496749877929688 0.0848388671875 0.00854492187500001
0.0881805419921875 0.0282974243164063 0.086181640625 0.00734710693359375
0.0844879150390625 -0.00905609130859375 0.0834503173828125 -0.015289306640625
0.063690185546875 -0.0321769714355469 0.0583229064941406 -0.0215721130371094
0.0386848449707031 -0.0605735778808594 0.0414352416992188 -0.0234336853027344
0.0155677795410156 -0.0665855407714844 0.0340290069580078 -0.00799751281738282
0.0135002136230469 -0.061676025390625 0.0306644439697266 0.01123046875
0.00787353515625 -0.0699234008789063 0.034759521484375 0.0322036743164062
0.0177764892578125 -0.0676918029785156 0.0168609619140625 0.0494155883789062
0.0466537475585938 -0.0596961975097656 -0.000392913818359377 0.0561332702636719
0.0656547546386719 -0.0442390441894531 -0.0158882141113281 0.0363731384277344
0.0838775634765625 0.0046539306640625 -0.0175132751464844 0.0216617584228516
0.0863037109375 0.03045654296875 0.0143013000488281 0.0159473419189453
0.0748214721679688 0.0531005859375 0.0428276062011719 0.0555763244628906
0.0507354736328125 0.0531959533691406 0.0796279907226563 0.00530242919921875
0.0563011169433594 0.0450248718261719 0.0994796752929688 0.0231704711914063
0.0735092163085938 0.0266265869140625 0.0877532958984375 0.01226806640625
0.073089599609375 -0.00597381591796875 0.0758895874023437 -0.00574493408203125
0.0539398193359375 -0.0222320556640625 0.0473289489746094 -0.0084075927734375
0.0393104553222656 -0.0461997985839844 0.0337181091308594 -0.00171279907226563
0.0264625549316406 -0.052215576171875 0.0313892364501953 0.0160694122314453
0.0260086059570313 -0.0479927062988281 0.0299434661865234 0.0323028564453125
0.0243034362792969 -0.0555191040039063 0.0334968566894531 0.0498123168945313
0.0297470092773437 -0.0478897094726563 0.0151939392089844 0.0628776550292969
0.0495147705078125 -0.0359153747558594 -0.00218963623046874 0.0616340637207031
0.0588798522949219 -0.0205497741699219 -0.01434326171875 0.0403213500976563
0.064239501953125 0.0195350646972656 -0.0102405548095703 0.020904541015625
0.0609893798828125 0.0387840270996094 0.0303268432617188 0.0207691192626953
0.0471878051757813 0.0503692626953125 0.0618362426757813 0.073516845703125
0.0192832946777344 0.0327835083007813 0.0866928100585938 0.0189437866210938
0.0277767181396484 0.0305500030517578 0.102958679199219 0.0285110473632813
0.040283203125 0.0178756713867188 0.08251953125 0.0125045776367188
0.0427398681640625 0.00208663940429688 0.0667037963867188 -0.00145721435546875
0.0332317352294922 -0.00546073913574219 0.0373573303222656 -0.000469207763671875
0.0337657928466797 -0.0214672088623047 0.0245742797851563 0.0129203796386719
0.0320644378662109 -0.0284881591796875 0.0247211456298828 0.0347976684570312
0.032135009765625 -0.0284996032714844 0.0244369506835938 0.0482177734375
0.0368728637695313 -0.0325050354003906 0.02459716796875 0.0633773803710938
0.0390586853027344 -0.0225677490234375 0.00473785400390625 0.0703048706054688
0.0464019775390625 -0.00940704345703125 -0.0110130310058594 0.0635490417480469
0.0452117919921875 0.003387451171875 -0.0190391540527344 0.0414581298828125
0.0382308959960938 0.0310592651367188 -0.0109100341796875 0.0242938995361328
0.0280914306640625 0.0422515869140625 0.0348701477050781 0.0277976989746094
0.0144462585449219 0.0408363342285156 0.069915771484375 0.0901336669921875
-0.0165920257568359 0.00894260406494141 0.0832748413085938 0.020721435546875
-0.00435161590576172 0.0123090744018555 0.0967025756835938 0.0245513916015625
0.000488281250000001 0.00988006591796875 0.0738143920898438 0.007781982421875
0.00512504577636719 0.0124826431274414 0.0565643310546875 0.001312255859375
0.00945186614990234 0.0151309967041016 0.028717041015625 0.0029144287109375
0.0251255035400391 0.00929832458496094 0.0175704956054688 0.0202541351318359
0.0345497131347656 0.000682830810546875 0.0169868469238281 0.04217529296875
0.0358352661132812 -0.00333786010742187 0.0165786743164063 0.0560874938964844
0.04229736328125 -0.00572967529296875 0.0100173950195312 0.0714950561523438
0.0379714965820313 0.0021820068359375 -0.01123046875 0.0725326538085938
0.0350055694580078 0.0140914916992188 -0.0248832702636719 0.0619430541992188
0.0269012451171875 0.0213203430175781 -0.0273590087890625 0.0410423278808594
0.0103244781494141 0.0341243743896484 -0.0197639465332031 0.0254001617431641
-0.006195068359375 0.0371360778808594 0.0273208618164063 0.0366020202636719
-0.0218219757080078 0.0245342254638672 0.0649795532226563 0.101325988769531
0.0611038208007813 0.000965118408203125 -0.05535888671875 -0.100738525390625
0.0285873413085938 -0.0276393890380859 -0.0168380737304687 -0.0478439331054688
0.00967788696289063 -0.0311813354492187 0.0296669006347656 -0.0210723876953125
-0.00635337829589844 -0.0310440063476563 0.0499343872070313 -0.0372581481933594
-0.0153427124023438 -0.0253200531005859 0.0498733520507813 -0.0556678771972656
-0.0349292755126953 -0.0196933746337891 0.0280685424804687 -0.0789871215820313
-0.0414314270019531 -0.0154151916503906 0.00254058837890624 -0.0811004638671875
-0.037445068359375 -0.0170097351074219 -0.00613784790039062 -0.0621299743652344
-0.0413398742675781 -0.0241737365722656 -0.0105705261230469 -0.0427627563476563
-0.0239219665527344 -0.0372085571289063 -0.0167865753173828 -0.0209026336669922
0.000820159912109378 -0.0430030822753906 -0.0282115936279297 -0.00211524963378907
0.0210208892822266 -0.03265380859375 -0.0462150573730469 -0.00238800048828126
0.0376510620117188 -0.0099639892578125 -0.0698585510253906 -0.00726318359375001
0.0468063354492188 0.000194549560546875 -0.0903472900390625 -0.0128097534179688
0.0555648803710938 0.013092041015625 -0.0757522583007813 -0.0214767456054688
0.084686279296875 0.0276641845703125 -0.0259017944335938 -0.0954666137695312
0.0536346435546875 -0.00567626953125 0.00898361206054688 -0.0454978942871094
0.0391654968261719 -0.0149421691894531 0.0467262268066406 -0.0196990966796875
0.0233211517333984 -0.0280208587646484 0.0652656555175781 -0.0369377136230469
0.00952529907226563 -0.0319442749023438 0.0617141723632813 -0.0517005920410156
-0.0154800415039063 -0.0394973754882813 0.0414047241210937 -0.0747146606445313
-0.0310478210449219 -0.0407295227050781 0.0181884765625 -0.0758209228515625
-0.0295600891113281 -0.041595458984375 0.00739669799804687 -0.0544967651367187
-0.0356597900390625 -0.0511741638183594 0.00354385375976562 -0.0329856872558594
-0.0163421630859375 -0.063262939453125 -0.0081329345703125 -0.00852632522583008
0.0193824768066406 -0.0657196044921875 -0.0207023620605469 0.0108013153076172
0.0471725463867188 -0.0495834350585938 -0.0371208190917969 0.0069732666015625
0.0705337524414063 -0.0072479248046875 -0.0552864074707031 0.0036468505859375
0.0803451538085938 0.0122299194335938 -0.0674476623535156 -0.00260925292968751
0.0827255249023437 0.032745361328125 -0.0512237548828125 -0.00793075561523436
0.0966567993164063 0.0516357421875 0.005584716796875 -0.0788726806640625
0.07244873046875 0.0209884643554687 0.0380935668945313 -0.0338516235351563
0.0678558349609375 0.00518417358398438 0.0647010803222656 -0.013641357421875
0.0551071166992188 -0.0223846435546875 0.0791549682617187 -0.0341644287109375
0.0366020202636719 -0.0356407165527344 0.0681533813476563 -0.0470771789550781
0.00721359252929688 -0.05596923828125 0.0492172241210938 -0.065460205078125
-0.0153923034667969 -0.061553955078125 0.0289154052734375 -0.0621910095214844
-0.0176315307617188 -0.0601005554199219 0.0189018249511719 -0.0389366149902344
-0.0252609252929687 -0.071075439453125 0.0179214477539063 -0.0156764984130859
-0.00836944580078125 -0.0800552368164063 0.0029144287109375 0.00916290283203124
0.0318756103515625 -0.0801239013671875 -0.0111923217773437 0.0263996124267578
0.0625038146972656 -0.0620689392089844 -0.0278167724609375 0.0176219940185547
0.0915985107421875 -0.0085296630859375 -0.0403289794921875 0.01361083984375
0.101554870605469 0.0187301635742188 -0.0395050048828125 0.00566482543945312
0.0978469848632813 0.04559326171875 -0.0194873809814453 0.0110359191894531
0.0958251953125 0.0671920776367188 0.0378379821777344 -0.0529556274414062
0.0836715698242188 0.042236328125 0.0651473999023437 -0.0160560607910156
0.089569091796875 0.0213546752929688 0.0798873901367187 -0.00438690185546875
0.0816726684570313 -0.0173568725585938 0.0864715576171875 -0.0285797119140625
0.0587234497070312 -0.0372734069824219 0.0676956176757813 -0.0377120971679688
0.0269088745117188 -0.0657615661621094 0.0496902465820313 -0.0486907958984375
0.000823974609375001 -0.0734710693359375 0.0345954895019531 -0.0397872924804688
-0.00223159790039063 -0.0691375732421875 0.0277214050292969 -0.0168437957763672
-0.0110015869140625 -0.080841064453125 0.0305099487304688 0.00445175170898437
0.00243377685546874 -0.0833282470703125 0.0142383575439453 0.0283756256103516
0.0411148071289063 -0.0802993774414062 -0.00205230712890625 0.0417327880859375
0.068695068359375 -0.0639724731445313 -0.0193576812744141 0.0273571014404297
0.09844970703125 -0.00605010986328125 -0.0267047882080078 0.0179729461669922
0.106452941894531 0.0238723754882813 -0.0104293823242187 0.00969791412353516
0.0978164672851563 0.0535125732421875 0.0149612426757813 0.0299034118652344
0.0818328857421875 0.0704803466796875 0.0662498474121094 -0.0238761901855469
0.080657958984375 0.0524673461914063 0.0901260375976563 0.00434112548828125
0.0962448120117187 0.0307388305664062 0.0902252197265625 0.0045013427734375
0.0920639038085937 -0.01226806640625 0.087066650390625 -0.0187911987304688
0.0677642822265625 -0.034912109375 0.0605735778808594 -0.0240516662597656
0.0399093627929688 -0.0654144287109375 0.0439796447753906 -0.0269279479980469
0.0155715942382812 -0.0721359252929688 0.0350856781005859 -0.0133018493652344
0.0132637023925781 -0.06719970703125 0.0323925018310547 0.00707054138183593
0.00746917724609375 -0.0770492553710938 0.0378189086914062 0.0266075134277344
0.0168228149414063 -0.0736465454101563 0.0194320678710937 0.0461883544921875
0.0492935180664063 -0.0664329528808594 0.0027313232421875 0.0535316467285156
0.0699729919433594 -0.0498161315917969 -0.0126190185546875 0.0342216491699219
0.0920486450195313 0.0043792724609375 -0.0142154693603516 0.0197181701660156
0.09478759765625 0.0322723388671875 0.015986442565918 0.0126714706420898
0.0820846557617188 0.0578460693359375 0.0464591979980469 0.0512733459472656
0.0557594299316406 0.0602340698242188 0.0874862670898438 0.00164031982421875
0.0617790222167969 0.0498695373535156 0.105621337890625 0.0193862915039063
0.0803375244140625 0.0299072265625 0.0935440063476563 0.0102615356445313
0.080352783203125 -0.0064544677734375 0.0803298950195313 -0.0091705322265625
0.0602645874023437 -0.0247116088867187 0.0493545532226563 -0.0101280212402344
0.0430946350097656 -0.0526466369628906 0.0360450744628906 -0.00341033935546875
0.0274124145507812 -0.0591812133789063 0.0329170227050781 0.0144081115722656
0.0264091491699219 -0.05572509765625 0.0317668914794922 0.0306167602539062
0.0253868103027344 -0.0629920959472656 0.0360069274902344 0.0474319458007813
0.0321617126464844 -0.0538139343261719 0.0169906616210938 0.0600814819335938
0.054473876953125 -0.0410003662109375 0.000106811523437508 0.0603065490722656
0.0656280517578125 -0.0248527526855469 -0.0113677978515625 0.0383567810058594
0.0733718872070313 0.020599365234375 -0.00788116455078124 0.0209293365478516
0.0674285888671875 0.0428695678710937 0.0338306427001953 0.0177459716796875
0.0532989501953125 0.0572662353515625 0.0691604614257813 0.0725936889648438
0.0205802917480469 0.0397720336914063 0.0966644287109375 0.0181045532226563
0.0315513610839844 0.0358734130859375 0.110824584960938 0.0266036987304688
0.0453071594238281 0.02362060546875 0.0876998901367188 0.0098876953125
0.0505218505859375 0.0033416748046875 0.0695533752441406 -0.00283050537109375
0.0400962829589844 -0.00756072998046875 0.0378189086914063 0.000396728515625
0.0380897521972656 -0.026580810546875 0.0267753601074219 0.0142993927001953
0.0346908569335938 -0.0357170104980469 0.027313232421875 0.0355339050292969
0.0356521606445313 -0.0346870422363281 0.0263252258300781 0.04913330078125
0.0393562316894531 -0.0408744812011719 0.0263214111328125 0.0640983581542969
0.0427589416503906 -0.0284271240234375 0.00601196289062501 0.069366455078125
0.0531005859375 -0.011627197265625 -0.0096893310546875 0.0632514953613281
0.0536231994628906 0.002227783203125 -0.0168037414550781 0.0408134460449219
0.0454673767089844 0.0364608764648438 -0.00853157043457031 0.0227470397949219
0.032196044921875 0.048919677734375 0.0395545959472656 0.0271415710449219
0.0164718627929687 0.049652099609375 0.0778961181640625 0.09173583984375
-0.0191707611083984 0.0148983001708984 0.0926666259765625 0.0229034423828125
-0.00582695007324219 0.0188694000244141 0.103790283203125 0.0247421264648437
0.00301837921142578 0.0155420303344727 0.0776443481445313 0.006866455078125
0.0112638473510742 0.0143594741821289 0.0586318969726562 -0.000148773193359374
0.0147304534912109 0.0146732330322266 0.0285968780517578 0.00317955017089844
0.0303897857666016 0.00672721862792969 0.01776123046875 0.0231742858886719
0.0388374328613281 -0.0052947998046875 0.0188484191894531 0.0469284057617188
0.0396347045898438 -0.00920486450195313 0.0168800354003906 0.0597496032714844
0.0450248718261719 -0.0132331848144531 0.0111923217773438 0.0745086669921875
0.0433311462402344 -0.00371170043945313 -0.0107421875 0.074554443359375
0.0413360595703125 0.0120658874511719 -0.0248451232910156 0.0622634887695313
0.0340747833251953 0.0217132568359375 -0.0273323059082031 0.0419235229492188
0.0158615112304688 0.0413932800292969 -0.0170021057128906 0.0259304046630859
-0.00487518310546875 0.0446434020996094 0.032012939453125 0.0383224487304688
-0.0217781066894531 0.0334205627441406 0.0719146728515625 0.105606079101563
0.0654449462890625 -0.00598907470703125 -0.0647506713867188 -0.107826232910156
0.0276470184326172 -0.0344772338867188 -0.0226211547851563 -0.0509490966796875
0.00630950927734375 -0.0359153747558594 0.0289402008056641 -0.0226554870605469
-0.0125923156738281 -0.0322780609130859 0.0511398315429688 -0.0397529602050781
-0.0204143524169922 -0.0242557525634766 0.0522804260253906 -0.0598335266113281
-0.0395622253417969 -0.0142974853515625 0.0280685424804687 -0.0854644775390625
-0.0447654724121094 -0.0100479125976563 0.000946044921874993 -0.088653564453125
-0.0413360595703125 -0.012786865234375 -0.00857925415039063 -0.06829833984375
-0.0455207824707031 -0.0190238952636719 -0.0127983093261719 -0.0479660034179688
-0.0296859741210938 -0.0348548889160156 -0.0173397064208984 -0.0249309539794922
-0.00514602661132812 -0.0450172424316406 -0.0290336608886719 -0.00355148315429688
0.0172157287597656 -0.0376815795898438 -0.04864501953125 -0.00204467773437499
0.0388412475585938 -0.0174789428710938 -0.0739974975585937 -0.00606536865234377
0.0508499145507813 -0.0074005126953125 -0.09930419921875 -0.0117568969726563
0.0618934631347656 0.00710296630859375 -0.08673095703125 -0.0246353149414062
0.092620849609375 0.0237808227539063 -0.033172607421875 -0.105087280273437
0.0560493469238281 -0.0105476379394531 0.00498199462890625 -0.0509910583496094
0.0389060974121094 -0.0181922912597656 0.0477218627929688 -0.0223503112792969
0.0204963684082031 -0.03076171875 0.0677108764648438 -0.0411643981933594
0.00730133056640625 -0.0320796966552734 0.0647163391113281 -0.0572242736816406
-0.0191841125488281 -0.0379562377929688 0.0433807373046875 -0.08209228515625
-0.0341796875 -0.0394248962402344 0.0168991088867187 -0.0847625732421875
-0.0336265563964844 -0.0402107238769531 0.00495147705078125 -0.0617294311523438
-0.040863037109375 -0.0504837036132812 0.00184249877929687 -0.0399017333984375
-0.0223655700683594 -0.0643272399902344 -0.00806045532226563 -0.0133037567138672
0.0142822265625 -0.0708084106445312 -0.0195426940917969 0.00783729553222656
0.0450515747070312 -0.0574226379394531 -0.0383529663085938 0.00656127929687499
0.074798583984375 -0.01446533203125 -0.05718994140625 0.00480270385742187
0.0881805419921875 0.0054779052734375 -0.0735092163085938 -0.00271606445312501
0.0929107666015625 0.0285110473632813 -0.0592041015625 -0.0109519958496094
0.106864929199219 0.0508956909179688 0.00218200683593751 -0.0890731811523438
0.0785369873046875 0.0190277099609375 0.0358810424804688 -0.0405311584472656
0.0718841552734375 0.00286865234375 0.0669937133789063 -0.0166091918945313
0.0565109252929687 -0.0255126953125 0.0823974609375 -0.039031982421875
0.0369224548339844 -0.0380859375 0.0713424682617188 -0.0526504516601562
0.00540924072265625 -0.0581283569335938 0.0515518188476562 -0.072967529296875
-0.0184440612792969 -0.0639305114746094 0.02899169921875 -0.0708389282226563
-0.0211715698242187 -0.0622062683105469 0.017608642578125 -0.0455436706542969
-0.0310440063476563 -0.0737686157226562 0.0178413391113281 -0.0229263305664063
-0.0136795043945313 -0.08343505859375 0.00391721725463867 0.00442743301391601
0.02874755859375 -0.0875930786132812 -0.00969696044921875 0.0233840942382812
0.0623397827148437 -0.0712738037109375 -0.0277233123779297 0.0162563323974609
0.0986328125 -0.0157852172851562 -0.0410957336425781 0.0131759643554688
0.111480712890625 0.012603759765625 -0.0427322387695312 0.00414276123046875
0.110023498535156 0.0439682006835938 -0.0227069854736328 0.00670051574707032
0.107627868652344 0.0702133178710938 0.038604736328125 -0.0628623962402344
0.0923995971679688 0.0433425903320312 0.0666351318359375 -0.022796630859375
0.0987548828125 0.0210037231445313 0.0836410522460938 -0.0083770751953125
0.0868072509765625 -0.0214996337890625 0.0908660888671875 -0.0334243774414062
0.0621452331542969 -0.0420494079589844 0.0711441040039063 -0.043365478515625
0.0262222290039063 -0.0710525512695313 0.0516433715820312 -0.0561408996582031
-0.001617431640625 -0.0784835815429688 0.0351181030273438 -0.0472526550292969
-0.00547027587890624 -0.0745086669921875 0.027496337890625 -0.0228614807128906
-0.0153656005859375 -0.0861740112304688 0.031494140625 -0.00152778625488282
-0.00122833251953124 -0.08941650390625 0.015594482421875 0.024200439453125
0.0399932861328125 -0.089935302734375 0.000526428222656255 0.03887939453125
0.0713729858398438 -0.0726776123046875 -0.0186386108398437 0.0252094268798828
0.108039855957031 -0.0123519897460938 -0.0254535675048828 0.0172157287597656
0.118110656738281 0.0205764770507813 -0.0109214782714844 0.00677490234375
0.110603332519531 0.0546798706054688 0.0155220031738281 0.0262641906738281
0.0928115844726562 0.0758056640625 0.07232666015625 -0.0321578979492187
0.0902328491210938 0.0561599731445313 0.094757080078125 -0.00201416015625
0.106452941894531 0.0313796997070313 0.0953292846679688 0.000732421875000002
0.100555419921875 -0.0170211791992188 0.09124755859375 -0.0238113403320313
0.073333740234375 -0.039947509765625 0.0631332397460938 -0.0278701782226563
0.04083251953125 -0.0728836059570313 0.0466690063476563 -0.0323753356933594
0.0145492553710937 -0.0803298950195312 0.036895751953125 -0.0180130004882813
0.0110855102539062 -0.075439453125 0.0332374572753906 0.00337600708007812
0.00435638427734374 -0.0851364135742188 0.0394554138183594 0.0225906372070312
0.0155181884765625 -0.0812835693359375 0.021697998046875 0.0429420471191406
0.051300048828125 -0.0752716064453125 0.00544738769531251 0.05157470703125
0.0754547119140625 -0.057952880859375 -0.0115852355957031 0.0324211120605469
0.10247802734375 0.00087738037109375 -0.0128879547119141 0.0180130004882813
0.105796813964844 0.0322952270507813 0.0177745819091797 0.00923728942871094
0.0940780639648437 0.0620956420898438 0.05120849609375 0.0485763549804688
0.0640678405761719 0.0672531127929688 0.0968246459960938 -0.00357818603515625
0.07037353515625 0.0550460815429688 0.113746643066406 0.014739990234375
0.0894241333007813 0.0320892333984375 0.0991363525390625 0.00608062744140625
0.0895462036132813 -0.00936126708984375 0.0837860107421875 -0.0131607055664063
0.0671043395996094 -0.0296669006347656 0.0519905090332031 -0.0117416381835938
0.0457992553710938 -0.0604705810546875 0.0373725891113281 -0.00584793090820313
0.0268211364746094 -0.0684165954589844 0.0349464416503906 0.0122165679931641
0.0264739990234375 -0.0636215209960938 0.0341644287109375 0.0294685363769531
0.0246200561523438 -0.0728225708007813 0.0392112731933594 0.045562744140625
0.033294677734375 -0.0629806518554688 0.0189552307128906 0.0590248107910156
0.0596427917480469 -0.0492286682128906 0.00231552124023438 0.0598106384277344
0.0725173950195313 -0.0308303833007813 -0.0100555419921875 0.036651611328125
0.0836715698242188 0.0219802856445313 -0.00589752197265624 0.0192890167236328
0.0779190063476563 0.04669189453125 0.0382347106933594 0.0147705078125
0.0611648559570312 0.0641365051269531 0.0766677856445313 0.0715408325195313
0.0239372253417969 0.0461692810058594 0.108146667480469 0.0159072875976563
0.0366287231445312 0.0424156188964844 0.121238708496094 0.0231857299804688
0.0535850524902344 0.0272254943847656 0.0942535400390625 0.00716400146484375
0.0585289001464844 0.00113677978515625 0.0728912353515625 -0.00484466552734375
0.0470123291015625 -0.010406494140625 0.0390167236328125 0.000297546386718749
0.04205322265625 -0.0335693359375 0.0283374786376953 0.0155429840087891
0.0364761352539063 -0.0446395874023438 0.0307197570800781 0.0366630554199219
0.0371208190917969 -0.0434684753417969 0.0299034118652344 0.0503425598144531
0.0404243469238281 -0.0504531860351563 0.0300064086914063 0.0651512145996094
0.0457229614257813 -0.0375633239746094 0.00678253173828125 0.0712356567382813
0.0601539611816406 -0.0185585021972656 -0.00867080688476562 0.0639228820800781
0.0622482299804688 -0.000415802001953125 -0.0154190063476562 0.0402603149414063
0.0547981262207031 0.0404167175292969 -0.00592422485351562 0.0220851898193359
0.0393486022949219 0.055572509765625 0.0451278686523438 0.0265083312988281
0.0205650329589844 0.0585250854492188 0.0879669189453125 0.093475341796875
-0.019805908203125 0.0211467742919922 0.105522155761719 0.0220489501953125
-0.00494766235351563 0.0255756378173828 0.114936828613281 0.0219650268554688
0.0064544677734375 0.0215854644775391 0.0824661254882813 0.0035858154296875
0.0169477462768555 0.0170421600341797 0.0610733032226563 -0.00167083740234375
0.0200729370117187 0.0146827697753906 0.0295467376708984 0.00439262390136719
0.0351219177246094 0.000886917114257813 0.0197391510009766 0.0263462066650391
0.0418930053710938 -0.01214599609375 0.0216522216796875 0.0516395568847656
0.042083740234375 -0.01611328125 0.0199775695800781 0.063629150390625
0.0482139587402344 -0.0218391418457031 0.013916015625 0.0790481567382812
0.0475845336914063 -0.010498046875 -0.0110855102539062 0.0785293579101563
0.0496444702148438 0.00838851928710938 -0.0247306823730469 0.0646629333496094
0.042510986328125 0.020843505859375 -0.0266685485839844 0.0424079895019531
0.0222282409667969 0.0466232299804687 -0.0154819488525391 0.0268936157226563
-0.00118255615234375 0.0528221130371094 0.0378303527832031 0.0400009155273438
-0.0213470458984375 0.0421714782714844 0.0819931030273438 0.111083984375
0.0692176818847656 -0.01519775390625 -0.0788040161132813 -0.114082336425781
0.0246925354003906 -0.0423126220703125 -0.0306587219238281 -0.0536460876464844
0.000232696533203126 -0.0404205322265625 0.0283660888671875 -0.0242099761962891
-0.0199451446533203 -0.0323963165283203 0.05267333984375 -0.0449562072753906
-0.0258808135986328 -0.0221614837646484 0.0528717041015625 -0.0669326782226563
-0.0433311462402344 -0.00831985473632812 0.026336669921875 -0.093231201171875
-0.0482635498046875 -0.00408172607421875 -0.00428771972656251 -0.0973739624023438
-0.0439872741699219 -0.00711059570312501 -0.0142288208007813 -0.0750503540039063
-0.0504837036132813 -0.01251220703125 -0.0186004638671875 -0.0545196533203125
-0.0358009338378906 -0.0311737060546875 -0.0198936462402344 -0.0287723541259766
-0.0120506286621094 -0.0455284118652344 -0.0304107666015625 -0.00580978393554688
0.0115394592285156 -0.0422172546386719 -0.0516319274902344 -0.000698089599609376
0.0387382507324219 -0.0257530212402344 -0.07891845703125 -0.00209808349609377
0.0541915893554688 -0.017120361328125 -0.109230041503906 -0.00704193115234375
0.067535400390625 -0.00166702270507813 -0.100166320800781 -0.0228729248046875
0.101028442382813 0.01611328125 -0.0442962646484375 -0.114021301269531
0.0576515197753906 -0.0168228149414063 -0.00135040283203125 -0.0565719604492187
0.03857421875 -0.0238800048828125 0.0478401184082031 -0.0256462097167969
0.0170021057128906 -0.0333690643310547 0.0696487426757813 -0.0472831726074219
0.00436019897460938 -0.0330753326416016 0.0667076110839844 -0.0651969909667969
-0.0234832763671875 -0.035675048828125 0.0421066284179688 -0.0920867919921875
-0.0392494201660156 -0.0370597839355469 0.0122299194335937 -0.0958175659179687
-0.0384368896484375 -0.0384330749511719 0.000213623046874991 -0.06951904296875
-0.0479736328125 -0.0478172302246094 -0.00234603881835937 -0.0473556518554688
-0.02996826171875 -0.064483642578125 -0.00932693481445313 -0.0186767578125
0.00711822509765625 -0.0758895874023438 -0.0202617645263672 0.00536727905273437
0.040863037109375 -0.0656242370605469 -0.0399627685546875 0.00635147094726562
0.0784683227539063 -0.0250778198242188 -0.0605201721191406 0.00705337524414062
0.0955429077148437 -0.00508880615234375 -0.08099365234375 -0.000389099121093758
0.104194641113281 0.0214920043945313 -0.0694084167480469 -0.0116195678710937
0.118965148925781 0.047576904296875 -0.00421905517578125 -0.100715637207031
0.085418701171875 0.0145950317382813 0.0325660705566406 -0.0481033325195313
0.0771560668945313 -0.0014801025390625 0.06890869140625 -0.0216331481933594
0.0576972961425781 -0.0307998657226562 0.0857467651367188 -0.0467910766601563
0.0371284484863281 -0.0419387817382813 0.07373046875 -0.06060791015625
0.00178909301757812 -0.0604324340820312 0.0504989624023438 -0.0838851928710938
-0.0244064331054687 -0.0657806396484375 0.0254287719726562 -0.0811538696289063
-0.0267181396484375 -0.0645027160644531 0.0144081115722656 -0.0533638000488281
-0.03875732421875 -0.07647705078125 0.0152015686035156 -0.0309314727783203
-0.0213470458984375 -0.0872955322265625 0.00412893295288086 -0.000738859176635748
0.022186279296875 -0.0960006713867188 -0.008392333984375 0.020782470703125
0.0601043701171875 -0.0825042724609375 -0.0287399291992187 0.0151710510253906
0.105575561523438 -0.0272064208984375 -0.0414924621582031 0.0137557983398438
0.122688293457031 0.00267791748046875 -0.0474166870117187 0.00443649291992187
0.125045776367188 0.0381622314453125 -0.0287055969238281 0.0039501190185547
0.122200012207031 0.0694961547851563 0.0376358032226563 -0.0752716064453125
0.103065490722656 0.0416107177734375 0.0673599243164063 -0.0302963256835938
0.108970642089844 0.01702880859375 0.0873794555664063 -0.0132064819335937
0.0926437377929688 -0.0293045043945313 0.0941543579101562 -0.0404052734375
0.0647201538085938 -0.048553466796875 0.0738143920898438 -0.050506591796875
0.02410888671875 -0.0781021118164063 0.0523757934570313 -0.0654640197753906
-0.00728607177734375 -0.08514404296875 0.0331382751464844 -0.0575828552246094
-0.010894775390625 -0.0803298950195313 0.0258808135986328 -0.0291595458984375
-0.0234909057617188 -0.0923309326171875 0.0318260192871094 -0.00900840759277344
-0.00852203369140624 -0.0959091186523438 0.0171108245849609 0.0192813873291016
0.0358352661132813 -0.100242614746094 0.00255584716796875 0.0361213684082031
0.071258544921875 -0.0854263305664063 -0.0182437896728516 0.0238819122314453
0.116806030273438 -0.0226287841796875 -0.0253505706787109 0.0165004730224609
0.130912780761719 0.0125503540039063 -0.0121231079101562 0.00479030609130859
0.126640319824219 0.05322265625 0.0150623321533203 0.0230083465576172
0.107307434082031 0.07794189453125 0.075469970703125 -0.0436477661132812
0.102943420410156 0.0569534301757813 0.0996322631835938 -0.010040283203125
0.120086669921875 0.0280227661132813 0.101181030273438 -0.0048980712890625
0.108779907226563 -0.0257415771484375 0.09539794921875 -0.0307846069335938
0.0777969360351563 -0.0490036010742188 0.0661430358886719 -0.0331382751464844
0.0392532348632813 -0.082916259765625 0.0478401184082031 -0.03851318359375
0.00952911376953124 -0.0895767211914063 0.0375442504882813 -0.0245742797851563
0.00616455078125 -0.0837326049804688 0.0340385437011719 -0.000604629516601568
-0.00283813476562501 -0.0953445434570313 0.0415496826171875 0.0176773071289062
0.0107040405273437 -0.090179443359375 0.0242996215820313 0.0393638610839844
0.0496826171875 -0.0876693725585938 0.00797653198242188 0.04931640625
0.0782623291015625 -0.0706863403320313 -0.0104846954345703 0.0305805206298828
0.114044189453125 -0.00635528564453125 -0.0112533569335937 0.0168056488037109
0.120086669921875 0.0285797119140625 0.0193977355957031 0.0049896240234375
0.108985900878906 0.0631790161132813 0.0558433532714844 0.044647216796875
0.0755767822265625 0.0717391967773438 0.105987548828125 -0.0139312744140625
0.0819931030273438 0.0584259033203125 0.123306274414063 0.00701141357421875
0.103141784667969 0.0311279296875 0.104995727539063 7.62939453125019E-05
0.0991592407226563 -0.0175094604492188 0.0884475708007812 -0.0182952880859375
0.0731964111328125 -0.0382766723632813 0.0544166564941406 -0.0146598815917969
0.0456695556640625 -0.0708694458007813 0.0402641296386719 -0.00956344604492188
0.0240020751953125 -0.0800857543945313 0.0381813049316406 0.0092620849609375
0.0228958129882812 -0.0739593505859375 0.0364952087402344 0.0278892517089844
0.0199661254882812 -0.0842132568359375 0.042510986328125 0.0434341430664063
0.031036376953125 -0.0734100341796875 0.0214347839355469 0.05780029296875
0.0626068115234375 -0.0602951049804687 0.00555801391601563 0.0590782165527344
0.0800094604492188 -0.0407333374023438 -0.00858688354492187 0.0352859497070313
0.09588623046875 0.0182266235351563 -0.00370788574218749 0.0176448822021484
0.0909271240234375 0.0476531982421875 0.0423240661621094 0.0102615356445313
0.074432373046875 0.06964111328125 0.0863189697265625 0.0691604614257813
0.0307693481445313 0.0533370971679687 0.121994018554687 0.00823211669921875
0.0439605712890625 0.0476455688476562 0.132728576660156 0.0161666870117188
0.0627937316894531 0.0299453735351563 0.100532531738281 0.0013580322265625
0.0663986206054688 -0.00235366821289063 0.076202392578125 -0.00955963134765625
0.0531234741210938 -0.0166244506835938 0.0416259765625 -0.000492095947265626
0.0441474914550781 -0.0432472229003906 0.031585693359375 0.0152969360351562
0.0355110168457031 -0.0549507141113281 0.0353965759277344 0.0376548767089844
0.0361862182617188 -0.0539932250976563 0.0342369079589844 0.051910400390625
0.0386886596679688 -0.062164306640625 0.0343475341796875 0.0667915344238281
0.0463790893554687 -0.0473747253417969 0.00882720947265625 0.072845458984375
0.0658988952636719 -0.0281143188476563 -0.00665664672851562 0.0655632019042969
0.0714340209960938 -0.00753021240234375 -0.0138206481933594 0.0397224426269531
0.0661811828613281 0.0413436889648438 -0.00353240966796875 0.0212306976318359
0.0501213073730469 0.0611419677734375 0.051971435546875 0.0231361389160156
0.028900146484375 0.0663795471191406 0.100570678710938 0.0933990478515625
-0.0189228057861328 0.0291919708251953 0.120262145996094 0.0171737670898438
-0.00193595886230469 0.0318622589111328 0.127174377441406 0.0165023803710938
0.0117549896240234 0.0275726318359375 0.088409423828125 -0.001953125
0.0242824554443359 0.0173854827880859 0.0633163452148438 -0.00452423095703125
0.0266628265380859 0.0127449035644531 0.0306739807128906 0.00532341003417969
0.0394287109375 -0.004852294921875 0.0227642059326172 0.0290012359619141
0.0438079833984375 -0.0208473205566406 0.02752685546875 0.0553245544433594
0.0430641174316406 -0.0245323181152344 0.025299072265625 0.0679740905761719
0.0499839782714844 -0.0321426391601563 0.0185089111328125 0.083587646484375
0.0503463745117188 -0.019317626953125 -0.00942230224609375 0.0832138061523438
0.0566596984863281 0.0005950927734375 -0.0241432189941406 0.0687484741210937
0.0517807006835938 0.0175209045410156 -0.0259628295898438 0.0434989929199219
0.0316734313964844 0.0512046813964844 -0.0136547088623047 0.0275516510009766
0.00547790527343749 0.0612945556640625 0.045135498046875 0.0401573181152344
-0.0181121826171875 0.0513648986816406 0.0963668823242188 0.113662719726563
0.0701637268066406 -0.0263252258300781 -0.0956344604492187 -0.114295959472656
0.0182075500488281 -0.0488929748535156 -0.0401649475097656 -0.0527114868164063
-0.00702667236328125 -0.0435714721679688 0.0273609161376953 -0.0265026092529297
-0.0274925231933594 -0.029876708984375 0.0515785217285156 -0.0490684509277344
-0.0309085845947266 -0.0177726745605469 0.0512161254882813 -0.0743026733398438
-0.0451507568359375 -0.000820159912109384 0.0210113525390625 -0.100822448730469
-0.049407958984375 0.00386047363281251 -0.0139007568359375 -0.103744506835938
-0.04595947265625 -0.000102996826171882 -0.0233535766601563 -0.0801849365234375
-0.0528373718261719 -0.00395584106445313 -0.0261993408203125 -0.0587692260742188
-0.0409431457519531 -0.0258140563964844 -0.0242900848388672 -0.0321846008300781
-0.0201835632324219 -0.043914794921875 -0.0327301025390625 -0.00620269775390625
0.00417327880859375 -0.0454597473144531 -0.0537872314453125 0.00231170654296875
0.0352287292480469 -0.0344886779785156 -0.08233642578125 0.00389099121093749
0.0540504455566406 -0.0279464721679688 -0.118331909179688 0.00221252441406247
0.0716934204101563 -0.0131912231445313 -0.11492919921875 -0.0163726806640625
0.108146667480469 0.00571441650390625 -0.0601882934570312 -0.119667053222656
0.0573616027832031 -0.02447509765625 -0.0106620788574219 -0.0601005554199219
0.0365257263183594 -0.0290031433105469 0.0470390319824219 -0.0301589965820313
0.0118331909179688 -0.0351600646972656 0.0689888000488281 -0.0545806884765625
0.000185012817382814 -0.0325546264648438 0.0656356811523438 -0.074615478515625
-0.0272750854492188 -0.0322265625 0.0371551513671875 -0.102134704589844
-0.0439262390136719 -0.0330085754394531 0.00300598144531249 -0.104751586914063
-0.0435256958007812 -0.0350914001464844 -0.00763702392578125 -0.075775146484375
-0.0544204711914063 -0.04302978515625 -0.00946044921875 -0.0530281066894531
-0.0380592346191406 -0.0621566772460937 -0.0124340057373047 -0.0227813720703125
-0.002532958984375 -0.0787277221679688 -0.0212516784667969 0.00305938720703124
0.0333175659179687 -0.0734710693359375 -0.0414352416992188 0.00735855102539061
0.0791168212890625 -0.0378799438476563 -0.0616035461425781 0.0108985900878906
0.100357055664063 -0.019378662109375 -0.0877227783203125 0.00563812255859375
0.11334228515625 0.0086212158203125 -0.080810546875 -0.00845336914062498
0.132011413574219 0.0373992919921875 -0.0170364379882812 -0.109046936035156
0.0912933349609375 0.0067596435546875 0.0257186889648438 -0.0546836853027344
0.081787109375 -0.00897979736328125 0.0691490173339844 -0.0281715393066406
0.0566291809082031 -0.0372276306152344 0.0852737426757813 -0.0559539794921875
0.0354042053222656 -0.0460433959960938 0.072906494140625 -0.0705947875976563
-0.00360488891601562 -0.06195068359375 0.046356201171875 -0.094390869140625
-0.0317764282226563 -0.0665664672851562 0.0175704956054687 -0.0914459228515625
-0.0340499877929687 -0.0642585754394531 0.00782012939453125 -0.0601615905761719
-0.0484695434570312 -0.0745086669921875 0.009979248046875 -0.0380439758300781
-0.031524658203125 -0.0884933471679687 0.00240612030029297 -0.00579643249511719
0.0117111206054687 -0.102928161621094 -0.00805282592773438 0.0174465179443359
0.0525741577148438 -0.094146728515625 -0.0293292999267578 0.0149326324462891
0.108604431152344 -0.0421142578125 -0.0415191650390625 0.0156135559082031
0.1309814453125 -0.0130615234375 -0.0516090393066406 0.00625991821289062
0.138702392578125 0.0261993408203125 -0.0355491638183594 0.00367736816406251
0.13836669921875 0.0622711181640625 0.0309524536132813 -0.0861740112304688
0.113739013671875 0.0344924926757813 0.0650749206542969 -0.0397682189941406
0.11865234375 0.00728607177734375 0.088836669921875 -0.0210418701171875
0.0948867797851563 -0.0397872924804688 0.094635009765625 -0.0510101318359375
0.0639915466308594 -0.0574722290039063 0.0731582641601563 -0.0594253540039063
0.01824951171875 -0.0846328735351563 0.0488204956054688 -0.0756912231445313
-0.0163497924804688 -0.08929443359375 0.0278396606445312 -0.0661163330078125
-0.0194473266601562 -0.0841598510742187 0.0217857360839844 -0.0357437133789063
-0.0343704223632813 -0.0955581665039062 0.0287132263183594 -0.015625
-0.01904296875 -0.100242614746094 0.0171852111816406 0.0137796401977539
0.0261611938476563 -0.110076904296875 0.00433540344238282 0.0323162078857422
0.0658493041992188 -0.0992050170898438 -0.0175247192382812 0.0225696563720703
0.122825622558594 -0.037017822265625 -0.0242881774902344 0.0155143737792969
0.141799926757812 -0.001495361328125 -0.0145797729492187 0.00248432159423828
0.142471313476563 0.042755126953125 0.0133247375488281 0.0190505981445313
0.123390197753906 0.0740966796875 0.0767440795898438 -0.056060791015625
0.11663818359375 0.0517044067382813 0.101760864257813 -0.0218353271484375
0.132980346679688 0.018798828125 0.1038818359375 -0.0139923095703125
0.113410949707031 -0.0388946533203125 0.0964889526367188 -0.0405426025390625
0.0793838500976563 -0.0602035522460938 0.0667228698730469 -0.0402984619140625
0.03350830078125 -0.0927810668945313 0.0462913513183594 -0.0464820861816406
8.39233398437465E-05 -0.098236083984375 0.0355262756347656 -0.0315628051757813
-0.00234222412109376 -0.0909881591796875 0.0334262847900391 -0.00506210327148438
-0.013275146484375 -0.102348327636719 0.0417900085449219 0.0108070373535156
0.00133514404296876 -0.09832763671875 0.0262489318847656 0.0355262756347656
0.0437240600585938 -0.0995941162109375 0.0114097595214844 0.0457077026367188
0.0763778686523437 -0.0850372314453125 -0.00944709777832031 0.0280742645263672
0.122398376464844 -0.0188140869140625 -0.00955867767333984 0.0145807266235352
0.132514953613281 0.0180892944335937 0.0198040008544922 -0.000391006469726561
0.125778198242188 0.0576324462890625 0.0601234436035156 0.0377731323242188
0.0891036987304688 0.0716781616210938 0.112586975097656 -0.0277557373046875
0.094970703125 0.0562210083007812 0.130081176757813 -0.00545501708984375
0.116348266601563 0.024993896484375 0.109268188476563 -0.00922393798828125
0.105720520019531 -0.029083251953125 0.0898513793945313 -0.0270767211914063
0.07574462890625 -0.04949951171875 0.05535888671875 -0.019683837890625
0.0411300659179688 -0.08184814453125 0.0413360595703125 -0.0143508911132813
0.0159530639648437 -0.0900344848632812 0.0399703979492188 0.00541687011718749
0.015167236328125 -0.0838699340820313 0.0399055480957031 0.0252037048339844
0.0106277465820312 -0.094268798828125 0.0459442138671875 0.0393142700195312
0.0251693725585938 -0.0831222534179688 0.0251350402832031 0.0559463500976563
0.0607070922851562 -0.0740737915039063 0.00897216796875 0.0573043823242187
0.0821685791015625 -0.0539321899414062 -0.00717544555664062 0.0333766937255859
0.107109069824219 0.0107269287109375 -0.0013895034790039 0.0149650573730469
0.104835510253906 0.0431060791015625 0.04559326171875 0.00378036499023438
0.0894393920898437 0.0695724487304687 0.095947265625 0.0616455078125
0.0403480529785156 0.0573501586914062 0.133186340332031 -0.00537109375
0.0542678833007813 0.0496025085449219 0.142532348632813 0.0035400390625
0.0738525390625 0.0276412963867187 0.105415344238281 -0.008087158203125
0.0742263793945313 -0.0107574462890625 0.0787582397460938 -0.0160675048828125
0.0571556091308594 -0.0245895385742188 0.0430831909179688 -0.00228118896484375
0.0425910949707031 -0.0536384582519531 0.0350551605224609 0.0141258239746094
0.0305099487304688 -0.0659637451171875 0.0406646728515625 0.0369377136230469
0.03076171875 -0.0638923645019531 0.0400009155273438 0.0519790649414063
0.0323333740234375 -0.0741729736328125 0.0404434204101563 0.0660133361816406
0.0431060791015625 -0.0589561462402344 0.0135726928710938 0.0738906860351563
0.0688552856445313 -0.0409393310546875 -0.00298309326171875 0.0663528442382813
0.0780487060546875 -0.0185317993164063 -0.0121040344238281 0.0395240783691406
0.0791778564453125 0.0385589599609375 -0.00134658813476562 0.0199909210205078
0.0633430480957031 0.0633049011230469 0.0578498840332031 0.0174522399902344
0.0405960083007813 0.0716400146484375 0.115165710449219 0.08697509765625
-0.0152206420898437 0.03680419921875 0.133682250976562 0.00600433349609375
0.00368118286132813 0.0393295288085938 0.138031005859375 0.00542449951171875
0.0189323425292969 0.0303440093994141 0.0927047729492188 -0.0105438232421875
0.0319042205810547 0.0150814056396484 0.0646476745605469 -0.00925827026367188
0.0318527221679688 0.00855445861816406 0.0313796997070313 0.00567817687988281
0.0414962768554688 -0.013275146484375 0.0274314880371094 0.0305824279785156
0.0426406860351563 -0.0308303833007813 0.0361862182617187 0.0567092895507813
0.0413169860839844 -0.0343742370605469 0.033355712890625 0.070465087890625
0.0470314025878906 -0.0434837341308594 0.027252197265625 0.0868988037109375
0.05072021484375 -0.0296134948730469 -0.00493621826171874 0.0871658325195313
0.061920166015625 -0.00909805297851563 -0.0213623046875 0.0724105834960938
0.0598335266113281 0.010284423828125 -0.02374267578125 0.04559326171875
0.042816162109375 0.0525932312011719 -0.0107421875 0.0288639068603516
0.0154800415039063 0.0679473876953125 0.0535354614257813 0.0365982055664063
-0.0119895935058594 0.0602073669433594 0.113998413085938 0.110816955566406
0.0671463012695313 -0.03680419921875 -0.111862182617187 -0.10797119140625
0.0103874206542969 -0.0532760620117187 -0.0495719909667969 -0.0489273071289063
-0.0151748657226562 -0.0438613891601563 0.0251674652099609 -0.0282230377197266
-0.0340442657470703 -0.0250358581542969 0.0485000610351563 -0.0536880493164063
-0.0342044830322266 -0.0118217468261719 0.0465621948242188 -0.0805511474609375
-0.0451164245605469 0.00742340087890626 0.0127105712890625 -0.105705261230469
-0.0485420227050781 0.0113677978515625 -0.024566650390625 -0.106132507324219
-0.0450286865234375 0.00692367553710938 -0.033172607421875 -0.0809783935546875
-0.0521621704101563 0.00448226928710938 -0.0354080200195313 -0.0592689514160156
-0.0440254211425781 -0.0188789367675781 -0.0290470123291016 -0.0335006713867188
-0.0272941589355469 -0.0391502380371094 -0.0344371795654297 -0.00597953796386719
-0.00420761108398437 -0.04595947265625 -0.0544509887695312 0.00542449951171874
0.0292587280273438 -0.0417518615722656 -0.0831069946289063 0.0103759765625
0.0502586364746094 -0.0388908386230469 -0.1224365234375 0.0141525268554688
0.0710601806640625 -0.0243301391601562 -0.124588012695312 -0.00474548339843747
0.111335754394531 -0.00745391845703125 -0.076995849609375 -0.118301391601563
0.0541877746582031 -0.0320777893066406 -0.020751953125 -0.0596847534179688
0.0330371856689453 -0.0333633422851562 0.0445480346679688 -0.0339889526367188
0.00699424743652344 -0.0350303649902344 0.0655441284179688 -0.0610542297363281
-0.00316047668457031 -0.0311813354492188 0.0600967407226562 -0.0824737548828125
-0.0292892456054688 -0.0277462005615234 0.0282516479492187 -0.108909606933594
-0.0468673706054688 -0.0276565551757813 -0.0090179443359375 -0.109153747558594
-0.0467453002929688 -0.02935791015625 -0.01788330078125 -0.0785980224609375
-0.0589218139648438 -0.0360450744628906 -0.0186882019042969 -0.0563583374023437
-0.0451240539550781 -0.0567054748535156 -0.0168972015380859 -0.0256996154785156
-0.01263427734375 -0.0777587890625 -0.0224227905273437 0.00153350830078124
0.0231552124023437 -0.0786514282226563 -0.0418510437011719 0.00897598266601563
0.0743331909179688 -0.0495071411132812 -0.0612525939941406 0.0148162841796875
0.0991363525390625 -0.0343246459960938 -0.0914993286132813 0.013641357421875
0.1180419921875 -0.00652313232421875 -0.089508056640625 -0.0010223388671875
0.140510559082031 0.024444580078125 -0.031341552734375 -0.112869262695313
0.093231201171875 -0.002838134765625 0.016998291015625 -0.058197021484375
0.082977294921875 -0.0173873901367188 0.0665550231933594 -0.0336990356445313
0.0531501770019531 -0.0428695678710938 0.0808181762695313 -0.0642623901367188
0.0320854187011719 -0.0494003295898438 0.068206787109375 -0.0789260864257813
-0.00884246826171875 -0.0616455078125 0.037841796875 -0.102806091308594
-0.0387115478515625 -0.0641136169433594 0.00643920898437501 -0.09759521484375
-0.0408554077148437 -0.0612335205078125 -0.000568389892578122 -0.0637283325195313
-0.0576400756835937 -0.0705184936523438 0.00223541259765625 -0.0429039001464844
-0.04168701171875 -0.085052490234375 -0.000929832458496096 -0.0100927352905273
-0.00106048583984374 -0.105293273925781 -0.00857830047607422 0.0141439437866211
0.0413131713867188 -0.102134704589844 -0.0288333892822266 0.0146331787109375
0.105583190917969 -0.0559539794921875 -0.0406303405761719 0.0166511535644531
0.132911682128906 -0.0295867919921875 -0.0547523498535156 0.00966262817382811
0.146392822265625 0.0099639892578125 -0.0417213439941406 0.005615234375
0.15008544921875 0.0500030517578125 0.02032470703125 -0.09429931640625
0.121185302734375 0.02386474609375 0.0588493347167969 -0.0473594665527344
0.123970031738281 -0.00397491455078125 0.087799072265625 -0.0291366577148438
0.0930023193359375 -0.050994873046875 0.0911483764648438 -0.0605087280273437
0.0611686706542969 -0.0649948120117188 0.0692138671875 -0.0678367614746094
0.0103073120117188 -0.0882720947265625 0.0418243408203125 -0.082733154296875
-0.0261688232421875 -0.0907516479492188 0.019287109375 -0.0720672607421875
-0.0287551879882813 -0.0843963623046875 0.0165367126464844 -0.0399589538574219
-0.0469741821289063 -0.0941390991210937 0.0234260559082031 -0.0217361450195313
-0.0300369262695313 -0.10052490234375 0.0153465270996094 0.0090646743774414
0.013824462890625 -0.115928649902344 0.00459671020507813 0.0279388427734375
0.0556793212890625 -0.109970092773438 -0.0175399780273437 0.0205478668212891
0.122459411621094 -0.0528488159179688 -0.0226917266845703 0.0149078369140625
0.146942138671875 -0.01861572265625 -0.0163631439208984 0.00132179260253906
0.153976440429688 0.0278167724609375 0.0110673904418945 0.0161333084106445
0.13739013671875 0.064727783203125 0.0716094970703125 -0.0687484741210937
0.126823425292969 0.04180908203125 0.09954833984375 -0.03277587890625
0.141616821289063 0.005859375 0.103172302246094 -0.0229568481445312
0.113357543945313 -0.052093505859375 0.0931243896484375 -0.04913330078125
0.0763015747070313 -0.07037353515625 0.0645332336425781 -0.0475120544433594
0.0250396728515625 -0.0994949340820313 0.0417823791503906 -0.0530433654785156
-0.011932373046875 -0.10211181640625 0.0310249328613281 -0.0370407104492188
-0.0127487182617187 -0.0947799682617188 0.0310573577880859 -0.00974082946777344
-0.0266036987304687 -0.104446411132813 0.0397758483886719 0.00452804565429687
-0.00977325439453125 -0.101806640625 0.0262393951416016 0.0304679870605469
0.0336074829101562 -0.108879089355469 0.0127830505371094 0.0413589477539062
0.0689239501953125 -0.097137451171875 -0.00871086120605468 0.0258598327636719
0.125846862792969 -0.0336074829101563 -0.00857448577880859 0.011805534362793
0.141159057617188 0.00335693359375 0.0190677642822266 -0.00561904907226562
0.138740539550781 0.0470046997070313 0.0614967346191406 0.0302276611328125
0.103370666503906 0.0661849975585937 0.113777160644531 -0.04217529296875
0.106056213378906 0.0490493774414063 0.130912780761719 -0.0195693969726562
0.125984191894531 0.0138397216796875 0.109840393066406 -0.0188217163085937
0.106407165527344 -0.0426712036132812 0.0887298583984375 -0.03521728515625
0.07427978515625 -0.0597305297851563 0.05535888671875 -0.0236129760742188
0.033050537109375 -0.09130859375 0.0408935546875 -0.0187416076660156
0.00469970703125001 -0.0965576171875 0.040313720703125 0.000293731689453119
0.0050811767578125 -0.089508056640625 0.0423126220703125 0.0217018127441406
-0.00225067138671874 -0.100425720214844 0.0481071472167969 0.0341148376464844
0.0154876708984375 -0.090423583984375 0.0272979736328125 0.0525016784667969
0.0538558959960937 -0.085296630859375 0.0120086669921875 0.0542259216308594
0.0793304443359375 -0.0669021606445313 -0.00609970092773437 0.0310878753662109
0.115043640136719 -0.000732421875 -0.000223159790039055 0.0120439529418945
0.115875244140625 0.0332260131835938 0.0464859008789063 -0.0037994384765625
0.103439331054688 0.063751220703125 0.102668762207031 0.0506515502929688
0.0500373840332031 0.05743408203125 0.138092041015625 -0.0219192504882812
0.0639419555664063 0.0475387573242188 0.147079467773438 -0.0117950439453125
0.0834503173828125 0.0222625732421875 0.106178283691406 -0.01812744140625
0.07733154296875 -0.02020263671875 0.077728271484375 -0.0229110717773438
0.0582962036132813 -0.0333671569824219 0.0440711975097656 -0.00500106811523438
0.0371932983398438 -0.0620193481445312 0.0373344421386719 0.0118942260742187
0.02166748046875 -0.0737533569335938 0.0454597473144531 0.0335044860839844
0.0226211547851562 -0.07122802734375 0.0456657409667969 0.0498390197753906
0.0218734741210938 -0.08251953125 0.0458984375 0.0624198913574219
0.0366935729980469 -0.0678253173828125 0.0181198120117188 0.0729217529296875
0.0655746459960938 -0.0529632568359375 0.000537872314453125 0.0656166076660156
0.0796051025390625 -0.0302810668945313 -0.0104217529296875 0.0383071899414063
0.0895233154296875 0.0314102172851563 0.00103187561035157 0.0182380676269531
0.0758132934570313 0.059173583984375 0.0611457824707031 0.00890731811523438
0.0531158447265625 0.071807861328125 0.125190734863281 0.0753173828125
-0.00987243652343749 0.0423011779785156 0.141525268554687 -0.0090789794921875
0.0103569030761719 0.043060302734375 0.144134521484375 -0.0098876953125
0.0271892547607422 0.0312156677246094 0.0922698974609375 -0.019439697265625
0.0371360778808594 0.0102729797363281 0.0644683837890625 -0.0141067504882812
0.035980224609375 0.00283050537109375 0.0333728790283203 0.00559806823730469
0.0405387878417969 -0.0217628479003906 0.0321807861328125 0.0301246643066406
0.0377388000488281 -0.0396995544433594 0.0438156127929687 0.0557365417480469
0.0365447998046875 -0.0420684814453125 0.0414772033691406 0.0698585510253906
0.0402603149414063 -0.0530357360839844 0.0352020263671875 0.08642578125
0.0464134216308594 -0.0392837524414062 0.00120544433593751 0.0896148681640625
0.062286376953125 -0.0204963684082031 -0.016571044921875 0.0746536254882812
0.0648384094238281 0.000885009765625 -0.0212326049804687 0.0460624694824219
0.0542449951171875 0.0491905212402344 -0.00728034973144531 0.0283679962158203
0.0270652770996094 0.0699005126953125 0.059783935546875 0.0299911499023438
-0.00302886962890625 0.0658721923828125 0.127639770507813 0.101287841796875
0.0629005432128906 -0.0454292297363281 -0.122390747070313 -0.0986175537109375
0.00235748291015625 -0.0546188354492188 -0.0555877685546875 -0.0426292419433594
-0.0224533081054688 -0.0427894592285156 0.0226306915283203 -0.0282154083251953
-0.0381126403808594 -0.0195274353027344 0.0450325012207031 -0.056060791015625
-0.0356216430664063 -0.0065460205078125 0.0413284301757812 -0.0833587646484375
-0.0419731140136719 0.0136947631835937 0.00572204589843749 -0.106719970703125
-0.0444984436035156 0.0174598693847656 -0.0343475341796875 -0.1051025390625
-0.0416145324707031 0.0120201110839844 -0.04144287109375 -0.0791015625
-0.0484275817871094 0.0115318298339844 -0.0429039001464844 -0.0576591491699219
-0.0441741943359375 -0.0115737915039062 -0.0334739685058594 -0.0335578918457031
-0.0318355560302734 -0.0335578918457031 -0.035919189453125 -0.0058746337890625
-0.0108833312988281 -0.0433006286621094 -0.0533790588378906 0.00756454467773437
0.0218734741210937 -0.0461044311523438 -0.081207275390625 0.0154266357421875
0.0438728332519531 -0.0460662841796875 -0.122901916503906 0.0244293212890625
0.06719970703125 -0.0341033935546875 -0.129508972167969 0.00673675537109373
0.109786987304687 -0.0185623168945313 -0.0893402099609375 -0.1121826171875
0.0495681762695313 -0.0364570617675781 -0.0288429260253906 -0.0562362670898438
0.0277824401855469 -0.0362586975097656 0.0412330627441406 -0.0357666015625
0.00236320495605468 -0.0333194732666016 0.0610504150390625 -0.0644264221191406
-0.00601959228515625 -0.0286350250244141 0.0542068481445313 -0.0869140625
-0.0297222137451172 -0.0233249664306641 0.0197906494140625 -0.111991882324219
-0.0478286743164063 -0.0219535827636719 -0.019500732421875 -0.109672546386719
-0.0473098754882813 -0.0244903564453125 -0.0266876220703125 -0.07830810546875
-0.0599594116210937 -0.0289115905761719 -0.0268135070800781 -0.0559349060058594
-0.0489387512207031 -0.050048828125 -0.0213985443115234 -0.0272617340087891
-0.0205764770507812 -0.0735855102539062 -0.0239048004150391 0.000326156616210931
0.0134429931640625 -0.0791778564453125 -0.0417251586914063 0.00960540771484375
0.0680007934570313 -0.0582351684570313 -0.0592536926269531 0.016845703125
0.0947113037109375 -0.0469741821289063 -0.0926589965820313 0.0203857421875
0.117424011230469 -0.019866943359375 -0.0949325561523437 0.00673675537109375
0.143096923828125 0.0115203857421875 -0.0435714721679687 -0.111488342285156
0.09246826171875 -0.010833740234375 0.00839996337890625 -0.0584640502929688
0.0814285278320313 -0.0251235961914063 0.0630607604980469 -0.036895751953125
0.0484237670898438 -0.0464286804199219 0.0760345458984375 -0.0689544677734375
0.0282363891601563 -0.0510215759277344 0.0627059936523438 -0.0847930908203125
-0.0127983093261719 -0.0598258972167969 0.028778076171875 -0.107154846191406
-0.0440292358398437 -0.0600204467773438 -0.00435638427734376 -0.0993118286132813
-0.0447883605957031 -0.057373046875 -0.00866317749023438 -0.0650787353515625
-0.0635299682617187 -0.064239501953125 -0.00531387329101563 -0.0449371337890625
-0.0487289428710937 -0.0796737670898438 -0.00511932373046875 -0.0129680633544922
-0.0116424560546875 -0.103218078613281 -0.0100498199462891 0.0110969543457031
0.0304794311523437 -0.105354309082031 -0.0293502807617187 0.0136165618896484
0.0993499755859375 -0.0672454833984375 -0.0389480590820312 0.016876220703125
0.12957763671875 -0.0448455810546875 -0.0560646057128906 0.0125465393066406
0.14935302734375 -0.0049285888671875 -0.0473175048828125 0.00934600830078126
0.156784057617188 0.0373382568359375 0.0102462768554688 -0.0977325439453125
0.123825073242188 0.013397216796875 0.0513763427734375 -0.0521469116210938
0.125213623046875 -0.0159072875976563 0.0837249755859375 -0.0340042114257813
0.0880203247070313 -0.058990478515625 0.085693359375 -0.065704345703125
0.0565299987792969 -0.0702590942382813 0.0647506713867188 -0.0727767944335938
0.00342559814453125 -0.0886459350585938 0.0343475341796875 -0.087860107421875
-0.0351333618164063 -0.088653564453125 0.0109634399414062 -0.0751266479492188
-0.0362396240234375 -0.0822525024414063 0.0103530883789063 -0.0415077209472656
-0.0559768676757813 -0.0896530151367188 0.0171737670898437 -0.0258083343505859
-0.0396804809570313 -0.0971298217773438 0.0122585296630859 0.00469303131103515
0.00270843505859376 -0.116783142089844 0.00382423400878906 0.0239391326904297
0.04437255859375 -0.1153564453125 -0.0175991058349609 0.0182361602783203
0.11834716796875 -0.0654144287109375 -0.0216045379638672 0.0130672454833984
0.145965576171875 -0.0334930419921875 -0.0191688537597656 0.000221252441406246
0.15899658203125 0.01373291015625 0.00710201263427735 0.0144271850585938
0.146575927734375 0.053680419921875 0.0647430419921875 -0.077117919921875
0.131965637207031 0.0316009521484375 0.0939102172851563 -0.0409927368164063
0.144546508789063 -0.006317138671875 0.0996627807617188 -0.0299224853515625
0.109039306640625 -0.0626068115234375 0.089202880859375 -0.0549774169921875
0.0716018676757813 -0.0782318115234375 0.061004638671875 -0.0511131286621094
0.0163192749023438 -0.10223388671875 0.0372047424316406 -0.0577049255371094
-0.0220184326171875 -0.102165222167969 0.0260810852050781 -0.0406455993652344
-0.0213470458984375 -0.0941238403320313 0.0282802581787109 -0.0124893188476563
-0.037811279296875 -0.102493286132813 0.0363807678222656 -0.000148773193359381
-0.0195388793945313 -0.101234436035156 0.0247974395751953 0.0258922576904297
0.0226974487304688 -0.112922668457031 0.0128440856933594 0.0366744995117187
0.0600051879882812 -0.104591369628906 -0.00869369506835937 0.0230236053466797
0.124580383300781 -0.0458908081054688 -0.00792789459228515 0.00898456573486328
0.143402099609375 -0.0095672607421875 0.0163307189941406 -0.00966167449951172
0.146392822265625 0.03497314453125 0.06048583984375 0.0241737365722656
0.111579895019531 0.0588912963867188 0.110298156738281 -0.0544815063476563
0.112739562988281 0.0410842895507813 0.127952575683594 -0.0313949584960938
0.130569458007813 0.0034942626953125 0.107231140136719 -0.0264205932617188
0.104873657226563 -0.0526504516601563 0.084625244140625 -0.040374755859375
0.070281982421875 -0.0685997009277344 0.0536766052246094 -0.0269279479980469
0.02471923828125 -0.09478759765625 0.0388069152832031 -0.0218429565429688
-0.00608062744140625 -0.0981597900390625 0.0395545959472656 -0.00304031372070313
-0.004150390625 -0.09124755859375 0.0418586730957031 0.0182380676269531
-0.013763427734375 -0.101600646972656 0.0477676391601563 0.0288581848144531
0.00572967529296876 -0.0931549072265625 0.0281600952148437 0.0491905212402344
0.0449066162109375 -0.0922470092773438 0.0130729675292969 0.0503463745117188
0.0739059448242187 -0.076904296875 -0.00529098510742187 0.0281486511230469
0.118148803710938 -0.0120773315429688 0.000422477722167977 0.00871038436889648
0.12200927734375 0.0232925415039063 0.0445709228515625 -0.0105476379394531
0.112205505371094 0.05523681640625 0.103904724121094 0.0406112670898438
0.0587730407714844 0.0548362731933594 0.138961791992188 -0.0359573364257813
0.0708389282226563 0.0434646606445312 0.14593505859375 -0.0252838134765625
0.0891265869140625 0.0156707763671875 0.103233337402344 -0.0261306762695313
0.0780029296875 -0.0286712646484375 0.0746994018554688 -0.027008056640625
0.0567436218261719 -0.0407638549804688 0.0440101623535156 -0.00653839111328125
0.0310440063476562 -0.0681381225585938 0.0387077331542969 0.00872039794921875
0.0122604370117188 -0.0782012939453125 0.0482292175292969 0.0290641784667969
0.0140380859375 -0.0752792358398437 0.0491981506347656 0.04595947265625
0.0110092163085938 -0.0865936279296875 0.0493659973144531 0.0581169128417969
0.0284500122070312 -0.0737228393554687 0.0209121704101563 0.0708770751953125
0.0608634948730469 -0.0622825622558594 0.00274276733398438 0.0632705688476563
0.0779037475585938 -0.040435791015625 -0.00886154174804687 0.0359382629394531
0.0957870483398438 0.0232162475585938 0.00204849243164063 0.014678955078125
0.0845108032226563 0.0533218383789063 0.06182861328125 0.00131988525390625
0.0627326965332031 0.06866455078125 0.130195617675781 0.063751220703125
-0.003692626953125 0.0458869934082031 0.144454956054688 -0.0231170654296875
0.0173721313476563 0.0437774658203125 0.144134521484375 -0.02239990234375
0.0343036651611328 0.0299148559570313 0.09027099609375 -0.0259170532226562
0.0412063598632813 0.00534820556640625 0.0632667541503906 -0.0174179077148438
0.0376319885253906 -0.00245285034179688 0.0343112945556641 0.00497817993164062
0.0375099182128906 -0.0284233093261719 0.0355644226074219 0.0289154052734375
0.0318794250488281 -0.0454826354980469 0.050048828125 0.0522537231445313
0.0304145812988281 -0.0473480224609375 0.0479469299316406 0.066375732421875
0.0320625305175781 -0.0589866638183594 0.0417327880859375 0.0830612182617188
0.0410881042480469 -0.0466423034667969 0.006317138671875 0.0892410278320313
0.0598831176757812 -0.0295028686523437 -0.0133438110351562 0.0741119384765625
0.0659065246582031 -0.0080718994140625 -0.0189247131347656 0.0454673767089844
0.0618171691894531 0.0450325012207031 -0.00446319580078125 0.0260181427001953
0.0368156433105469 0.0684394836425781 0.0629959106445313 0.0228843688964844
0.00585556030273437 0.0681953430175781 0.135452270507812 0.0896148681640625
0.0573196411132813 -0.050079345703125 -0.129524230957031 -0.0905532836914063
-0.00326919555664062 -0.0545120239257813 -0.0599136352539062 -0.0370941162109375
-0.0278701782226563 -0.0401649475097656 0.0208625793457031 -0.0279026031494141
-0.0406455993652344 -0.0146408081054688 0.0426826477050781 -0.0563392639160156
-0.0352935791015625 -0.00192642211914062 0.037506103515625 -0.0851058959960938
-0.0383567810058594 0.0183906555175781 0.000526428222656239 -0.106765747070313
-0.0409431457519531 0.0215797424316406 -0.0413284301757813 -0.103103637695313
-0.0387306213378906 0.0157127380371094 -0.0472259521484375 -0.0771713256835937
-0.0447998046875 0.0159378051757812 -0.0481147766113281 -0.0555419921875
-0.0427093505859375 -0.00629043579101562 -0.0367279052734375 -0.0333137512207031
-0.0333690643310547 -0.0282115936279297 -0.0370101928710938 -0.00670623779296876
-0.0157928466796875 -0.0410232543945313 -0.0530853271484375 0.0088958740234375
0.0157241821289063 -0.0486793518066406 -0.0794677734375 0.0181503295898438
0.037841796875 -0.0515289306640625 -0.1220703125 0.0316085815429687
0.0637321472167969 -0.0411109924316406 -0.132835388183594 0.0165328979492188
0.107841491699219 -0.0263900756835938 -0.0981369018554688 -0.1063232421875
0.0451507568359375 -0.0395469665527344 -0.0347518920898438 -0.0525856018066406
0.024261474609375 -0.0376815795898438 0.0386238098144531 -0.036468505859375
-0.000610351562500002 -0.0319404602050781 0.0574836730957031 -0.0662460327148438
-0.00723075866699219 -0.0265960693359375 0.0500335693359375 -0.0895538330078125
-0.0294857025146484 -0.0197486877441406 0.0136184692382812 -0.113845825195312
-0.0475540161132813 -0.0177497863769531 -0.027435302734375 -0.1083984375
-0.0468215942382813 -0.0206985473632813 -0.0330810546875 -0.0770263671875
-0.0593948364257813 -0.0237541198730469 -0.0336761474609375 -0.0549659729003906
-0.0504913330078125 -0.0442657470703125 -0.02557373046875 -0.0283946990966797
-0.0256843566894531 -0.0693931579589844 -0.0259857177734375 -0.00157356262207032
0.00653076171874999 -0.0783462524414063 -0.0418319702148438 0.00911712646484374
0.0613975524902344 -0.0638084411621094 -0.0582427978515625 0.0175704956054687
0.0889129638671875 -0.0554046630859375 -0.0928878784179688 0.0252151489257813
0.115097045898438 -0.029449462890625 -0.0989761352539062 0.0140838623046875
0.1444091796875 0.0020294189453125 -0.0524978637695312 -0.109291076660156
0.090911865234375 -0.0164337158203125 0.00153732299804688 -0.0572738647460937
0.0791473388671875 -0.030853271484375 0.0600090026855469 -0.0387763977050781
0.0452079772949219 -0.0478630065917969 0.0719070434570313 -0.071319580078125
0.0257530212402344 -0.0519599914550781 0.0584640502929687 -0.0869674682617188
-0.0149078369140625 -0.0576515197753906 0.02252197265625 -0.109039306640625
-0.0472488403320313 -0.0562705993652344 -0.0120697021484375 -0.099273681640625
-0.0480575561523437 -0.0543136596679688 -0.0144233703613281 -0.0644454956054687
-0.0665931701660156 -0.0587539672851563 -0.0123443603515625 -0.04473876953125
-0.0530471801757812 -0.0751571655273437 -0.00932502746582031 -0.0153188705444336
-0.0184097290039063 -0.100074768066406 -0.01214599609375 0.00879383087158202
0.0219039916992188 -0.106239318847656 -0.0301303863525391 0.0122947692871094
0.0940475463867187 -0.0746231079101562 -0.038299560546875 0.0156021118164062
0.125 -0.0555191040039062 -0.0577430725097656 0.0145416259765625
0.149078369140625 -0.016082763671875 -0.0507011413574219 0.0131072998046875
0.160079956054688 0.0264892578125 0.00256347656250001 -0.099761962890625
0.124412536621094 0.0059356689453125 0.0447959899902344 -0.053375244140625
0.125160217285156 -0.0240707397460938 0.0810089111328125 -0.0360336303710938
0.0838775634765625 -0.0642623901367188 0.0818862915039063 -0.0679244995117188
0.0531005859375 -0.0736160278320313 0.0605850219726563 -0.0751724243164063
-0.00164794921875 -0.0882492065429688 0.0282974243164062 -0.0901260375976563
-0.0412063598632812 -0.0852813720703125 0.00413513183593749 -0.0759963989257812
-0.04132080078125 -0.0797119140625 0.00630950927734375 -0.0419845581054688
-0.0621795654296875 -0.0846633911132812 0.0115108489990234 -0.0271110534667969
-0.0459213256835938 -0.0933151245117187 0.00863075256347656 0.0024580955505371
-0.00588989257812501 -0.115867614746094 0.00172615051269531 0.0202465057373047
0.0355377197265625 -0.117568969726563 -0.0184383392333984 0.0166282653808594
0.113914489746094 -0.0740509033203125 -0.02166748046875 0.0105323791503906
0.14361572265625 -0.045379638671875 -0.0213871002197266 -0.00044822692871094
0.1614990234375 0.0025177001953125 0.0040416717529297 0.0143327713012695
0.150955200195313 0.045135498046875 0.0587844848632813 -0.081878662109375
0.1348876953125 0.0234146118164063 0.0883407592773438 -0.04583740234375
0.14599609375 -0.0163421630859375 0.0968017578125 -0.03338623046875
0.104896545410156 -0.069732666015625 0.0854415893554688 -0.057403564453125
0.0678939819335938 -0.083770751953125 0.0589599609375 -0.0536537170410156
0.00882720947265625 -0.103599548339844 0.0332870483398438 -0.0595169067382813
-0.0298309326171875 -0.101081848144531 0.0212669372558594 -0.042755126953125
-0.0283889770507813 -0.0930862426757813 0.0260944366455078 -0.0139369964599609
-0.04632568359375 -0.0996170043945312 0.0322761535644531 -0.00276374816894532
-0.0269317626953125 -0.0996017456054688 0.0226516723632813 0.0227508544921875
0.01385498046875 -0.114158630371094 0.0115184783935547 0.0335674285888672
0.0522384643554687 -0.109718322753906 -0.0098876953125 0.0203742980957031
0.123008728027344 -0.0549545288085938 -0.00856018066406249 0.00592565536499023
0.144119262695313 -0.0209503173828125 0.0134954452514649 -0.0131330490112305
0.150543212890625 0.0250701904296875 0.0578117370605469 0.0198745727539063
0.118148803710937 0.0524139404296875 0.106956481933594 -0.0630874633789063
0.117080688476562 0.034210205078125 0.12396240234375 -0.03887939453125
0.133949279785156 -0.00588226318359375 0.103630065917969 -0.0308685302734375
0.101356506347656 -0.0610198974609375 0.0820465087890625 -0.0430374145507813
0.0674514770507813 -0.0746841430664063 0.0524330139160156 -0.0285491943359375
0.0172195434570312 -0.0980148315429688 0.0374031066894531 -0.0236587524414063
-0.0146636962890625 -0.0988235473632813 0.03826904296875 -0.00613784790039063
-0.011932373046875 -0.0923080444335937 0.0423507690429688 0.0158729553222656
-0.0230178833007813 -0.100761413574219 0.0459938049316406 0.0259552001953125
-0.00209808349609376 -0.09381103515625 0.0272636413574219 0.0460433959960937
0.037445068359375 -0.0970535278320312 0.0122108459472656 0.047210693359375
0.06842041015625 -0.08331298828125 -0.00643348693847656 0.0258827209472656
0.119277954101563 -0.0209274291992188 8.10623168945381E-05 0.00515508651733398
0.1258544921875 0.01434326171875 0.0419044494628906 -0.0149879455566406
0.119026184082031 0.0488052368164063 0.101943969726563 0.0339584350585938
0.0646858215332031 0.051971435546875 0.137184143066406 -0.0465240478515625
0.075897216796875 0.0401153564453125 0.143722534179688 -0.0339813232421875
0.0937423706054687 0.00899505615234375 0.100593566894531 -0.0302658081054687
0.0777130126953125 -0.0357589721679688 0.0731124877929688 -0.029022216796875
0.0555839538574219 -0.0467376708984375 0.0443305969238281 -0.00727081298828125
0.0252456665039063 -0.0726470947265625 0.0397491455078125 0.007659912109375
0.00463104248046875 -0.0802993774414063 0.0506057739257813 0.026397705078125
0.00675964355468749 -0.0775299072265625 0.0521697998046875 0.0430717468261719
0.00282287597656249 -0.087615966796875 0.0504341125488281 0.0543136596679687
0.0216903686523438 -0.0769195556640625 0.0220756530761719 0.0686416625976562
0.0551986694335938 -0.0681533813476562 0.00356674194335938 0.0612640380859375
0.0755538940429688 -0.0481643676757813 -0.00922584533691405 0.0335941314697266
0.100898742675781 0.0156784057617188 0.0031728744506836 0.0114641189575195
0.0909500122070312 0.0477294921875 0.0608596801757813 -0.00400924682617187
0.0704345703125 0.0654144287109375 0.131500244140625 0.055084228515625
0.00205612182617187 0.0474967956542969 0.145584106445313 -0.0351715087890625
0.0230255126953125 0.0440673828125 0.143508911132813 -0.0318450927734375
0.0400886535644531 0.0280876159667969 0.0871963500976563 -0.0297393798828125
0.04351806640625 0.000431060791015625 0.0617294311523438 -0.0184860229492188
0.0389862060546875 -0.007110595703125 0.03521728515625 0.00564956665039063
0.0345191955566406 -0.0335235595703125 0.0396232604980469 0.0278396606445313
0.0258102416992188 -0.04949951171875 0.0548858642578125 0.0491790771484375
0.0244255065917969 -0.0510826110839844 0.0528564453125 0.0634880065917969
0.0244789123535156 -0.0622215270996094 0.0453872680664062 0.080169677734375
0.0352706909179688 -0.0506057739257813 0.009002685546875 0.08868408203125
0.056884765625 -0.0360984802246094 -0.0118255615234375 0.07379150390625
0.0657730102539063 -0.0152549743652344 -0.0180778503417969 0.0440673828125
0.0678863525390625 0.0399284362792969 -0.00282859802246093 0.02410888671875
0.0444183349609375 0.0664863586425781 0.0647163391113281 0.0171737670898438
0.0134162902832031 0.068603515625 0.139900207519531 0.0808792114257813
0.0540008544921875 -0.054534912109375 -0.135490417480469 -0.0857391357421875
-0.00805664062499999 -0.0542259216308594 -0.0630378723144531 -0.0323600769042969
-0.0326194763183594 -0.038421630859375 0.0201473236083984 -0.0272808074951172
-0.0423507690429688 -0.0105438232421875 0.0420074462890625 -0.0571174621582031
-0.0358543395996094 0.002227783203125 0.03570556640625 -0.0868148803710938
-0.03656005859375 0.02227783203125 -0.00280761718750001 -0.108161926269531
-0.0380210876464844 0.0254402160644531 -0.0465545654296875 -0.102859497070312
-0.0366744995117188 0.0180320739746094 -0.0524978637695313 -0.076507568359375
-0.0415420532226563 0.0190353393554687 -0.05377197265625 -0.0532722473144531
-0.0417060852050781 -0.00304412841796874 -0.040679931640625 -0.0336189270019531
-0.0350742340087891 -0.0244369506835938 -0.0387687683105469 -0.00698089599609375
-0.0198249816894531 -0.0389404296875 -0.0541419982910156 0.0086517333984375
0.00980377197265625 -0.0506591796875 -0.07928466796875 0.0193939208984375
0.0333328247070313 -0.05560302734375 -0.123001098632812 0.0373001098632813
0.0607948303222656 -0.0465812683105469 -0.136764526367188 0.0244598388671875
0.106857299804688 -0.032684326171875 -0.105552673339844 -0.102790832519531
0.0421791076660156 -0.0417022705078125 -0.0394134521484375 -0.0494117736816406
0.0208854675292969 -0.0389480590820312 0.0379524230957031 -0.0361213684082031
-0.00315475463867187 -0.0304164886474609 0.0563087463378906 -0.0682487487792969
-0.00726509094238281 -0.0252132415771484 0.047821044921875 -0.0918655395507813
-0.0289993286132813 -0.0170555114746094 0.0093536376953125 -0.115882873535156
-0.0475730895996094 -0.0149116516113281 -0.033905029296875 -0.108734130859375
-0.0468215942382813 -0.0186767578125 -0.0384750366210937 -0.0765457153320313
-0.0594139099121094 -0.02008056640625 -0.0391311645507813 -0.0538787841796875
-0.0515632629394531 -0.0406608581542969 -0.0297012329101563 -0.0289211273193359
-0.0292854309082031 -0.0662078857421875 -0.0282344818115234 -0.00269889831542969
0.00122833251953126 -0.07806396484375 -0.0426406860351563 0.00862503051757812
0.0563888549804688 -0.0683326721191406 -0.0583267211914063 0.0177459716796875
0.085052490234375 -0.0623931884765625 -0.094573974609375 0.0296707153320312
0.114540100097656 -0.0375442504882813 -0.103401184082031 0.0201950073242187
0.146194458007813 -0.0059051513671875 -0.0599517822265625 -0.108360290527344
0.09075927734375 -0.020050048828125 -0.00348281860351562 -0.0560417175292969
0.078338623046875 -0.0352783203125 0.0592041015625 -0.0390357971191406
0.04241943359375 -0.0502967834472656 0.0700912475585938 -0.0729217529296875
0.0244789123535156 -0.053070068359375 0.056243896484375 -0.0901947021484375
-0.0174980163574219 -0.0564804077148438 0.0175704956054687 -0.111335754394531
-0.0496940612792969 -0.0541229248046875 -0.0188751220703125 -0.0999069213867188
-0.0500946044921875 -0.0530242919921875 -0.0196800231933594 -0.0642318725585937
-0.0691490173339844 -0.0555496215820313 -0.0175857543945312 -0.044830322265625
-0.0561370849609375 -0.0713043212890625 -0.0132255554199219 -0.0165634155273438
-0.0234756469726562 -0.0989151000976563 -0.0147571563720703 0.00691604614257812
0.0155410766601563 -0.107292175292969 -0.0315055847167969 0.0113525390625
0.0902862548828125 -0.081451416015625 -0.0387992858886719 0.0142822265625
0.122550964355469 -0.0645751953125 -0.0599174499511719 0.0162239074707031
0.150863647460937 -0.025360107421875 -0.0550384521484375 0.0168952941894531
0.16485595703125 0.018890380859375 -0.00376892089843748 -0.101303100585938
0.126785278320313 0.000274658203125 0.0401153564453125 -0.0544090270996094
0.126457214355469 -0.0308685302734375 0.0800628662109375 -0.0381317138671875
0.0817108154296875 -0.06884765625 0.0805206298828125 -0.070556640625
0.0510940551757813 -0.0780029296875 0.059295654296875 -0.0778579711914063
-0.00548553466796874 -0.0894317626953125 0.02374267578125 -0.0926971435546875
-0.0462570190429688 -0.0844268798828125 -0.000907897949218751 -0.0767745971679687
-0.0458602905273438 -0.0794448852539063 0.00290679931640625 -0.0425376892089844
-0.0670928955078125 -0.0822677612304688 0.00699043273925781 -0.0275115966796875
-0.0503311157226563 -0.0913543701171875 0.00506258010864257 -2.86102294922434E-06
-0.0123138427734375 -0.116111755371094 -0.000570297241210939 0.01824951171875
0.0292129516601563 -0.120643615722656 -0.0203666687011719 0.0144710540771484
0.112022399902344 -0.0820846557617188 -0.0226001739501953 0.00837898254394531
0.14227294921875 -0.0550689697265625 -0.02398681640625 -0.0010986328125
0.165008544921875 -0.006378173828125 0.00069713592529298 0.0149917602539063
0.15753173828125 0.0376129150390625 0.05462646484375 -0.0874099731445313
0.138107299804688 0.0176010131835938 0.084930419921875 -0.0497283935546875
0.148406982421875 -0.0244598388671875 0.0960159301757813 -0.0352630615234375
0.10308837890625 -0.0765380859375 0.0842437744140625 -0.0592498779296875
0.0654754638671875 -0.0890274047851563 0.0585136413574219 -0.0556793212890625
0.00392913818359374 -0.105842590332031 0.0304222106933594 -0.06195068359375
-0.0368499755859375 -0.100914001464844 0.0185508728027344 -0.0434188842773438
-0.0344619750976563 -0.093994140625 0.0248546600341797 -0.0148506164550781
-0.0532684326171875 -0.0984115600585937 0.0290927886962891 -0.00427246093750001
-0.033111572265625 -0.0989532470703125 0.0203056335449219 0.0211467742919922
0.00752258300781249 -0.116409301757813 0.00953102111816406 0.0311031341552734
0.0464248657226562 -0.114479064941406 -0.0116729736328125 0.0184192657470703
0.12310791015625 -0.0638198852539063 -0.00945186614990234 0.00286388397216796
0.145431518554688 -0.0300140380859375 0.0112113952636719 -0.0153532028198242
0.155899047851563 0.0183258056640625 0.0560111999511719 0.0181159973144531
0.124259948730469 0.047271728515625 0.104682922363281 -0.0704803466796875
0.121086120605469 0.0295562744140625 0.121772766113281 -0.0443191528320313
0.137725830078125 -0.0125274658203125 0.103401184082031 -0.03369140625
0.100074768066406 -0.0674285888671875 0.0812225341796875 -0.0447006225585938
0.066070556640625 -0.0804290771484375 0.0531349182128906 -0.0300216674804688
0.0118179321289063 -0.100898742675781 0.036956787109375 -0.0259590148925781
-0.0222015380859375 -0.099822998046875 0.0379180908203125 -0.00763702392578126
-0.0181045532226562 -0.0932464599609375 0.0426559448242187 0.01483154296875
-0.030609130859375 -0.100784301757813 0.0448074340820313 0.024200439453125
-0.00796508789062501 -0.0951004028320313 0.0265121459960937 0.0448646545410156
0.0324935913085938 -0.100784301757813 0.0109710693359375 0.0453376770019531
0.065185546875 -0.0892181396484375 -0.00758552551269531 0.0241794586181641
0.122459411621094 -0.0283737182617188 -0.000254869461059563 0.00248599052429199
0.130630493164063 0.007293701171875 0.0405731201171875 -0.0199508666992188
0.126022338867188 0.043792724609375 0.102912902832031 0.0296401977539063
0.0702400207519531 0.0501060485839844 0.137481689453125 -0.055816650390625
0.0809173583984375 0.0376434326171875 0.142791748046875 -0.0420379638671875
0.0989151000976563 0.00444793701171875 0.0996932983398438 -0.0332183837890625
0.078094482421875 -0.040924072265625 0.0734329223632813 -0.0301055908203125
0.0554618835449219 -0.0520973205566406 0.0458145141601563 -0.00748062133789063
0.0208053588867188 -0.0760269165039063 0.041656494140625 0.00572586059570312
-0.0019073486328125 -0.0823516845703125 0.0529594421386719 0.0238609313964844
0.00115966796875 -0.0793228149414063 0.0542106628417969 0.0411148071289062
-0.00463867187500001 -0.0892868041992188 0.0514678955078125 0.0534324645996094
0.0158920288085938 -0.0795364379882813 0.0226783752441406 0.0688285827636719
0.05126953125 -0.074249267578125 0.00313568115234376 0.0599861145019531
0.073883056640625 -0.0542984008789063 -0.0103549957275391 0.0329456329345703
0.105720520019531 0.0094757080078125 0.00344657897949219 0.00888824462890625
0.0972671508789063 0.043304443359375 0.0609245300292969 -0.00917816162109375
0.077362060546875 0.063507080078125 0.134185791015625 0.0500335693359375
0.00667190551757812 0.0489006042480469 0.147216796875 -0.044464111328125
0.0281982421875 0.0445671081542969 0.144668579101563 -0.0398101806640625
0.0459518432617187 0.026031494140625 0.0867233276367188 -0.032928466796875
0.045928955078125 -0.00376129150390625 0.0618782043457031 -0.0189285278320313
0.0397453308105469 -0.0117683410644531 0.0377426147460938 0.00630569458007812
0.0320205688476563 -0.037445068359375 0.0427627563476563 0.0269203186035156
0.0214576721191406 -0.0531234741210937 0.0590591430664063 0.0468673706054688
0.0200881958007813 -0.0536231994628906 0.0568733215332031 0.0616340637207031
0.0189628601074219 -0.0647773742675781 0.0488662719726563 0.0791244506835937
0.0309867858886719 -0.0543861389160156 0.0111236572265625 0.0891647338867188
0.05426025390625 -0.0422592163085938 -0.0106658935546875 0.0737533569335938
0.0661125183105469 -0.0207328796386719 -0.0174102783203125 0.0432624816894531
0.0736083984375 0.0368118286132813 -0.00143051147460937 0.0219802856445313
0.051025390625 0.0652694702148438 0.0663871765136719 0.0121688842773438
0.0191612243652344 0.0697708129882813 0.144134521484375 0.075286865234375
0.0511512756347656 -0.0602455139160156 -0.144088745117188 -0.08038330078125
-0.0129432678222656 -0.0546836853027344 -0.0672950744628906 -0.0275764465332031
-0.0381278991699219 -0.0368270874023438 0.0201873779296875 -0.0273952484130859
-0.0443267822265625 -0.00593566894531251 0.0417556762695313 -0.0594825744628906
-0.0358963012695313 0.00565719604492187 0.033966064453125 -0.0900650024414063
-0.0333671569824219 0.0258426666259766 -0.00652313232421874 -0.111602783203125
-0.0351905822753906 0.0287017822265625 -0.0535430908203125 -0.10357666015625
-0.0345726013183594 0.0210342407226563 -0.0588836669921875 -0.075958251953125
-0.0392494201660156 0.0222434997558594 -0.0596122741699219 -0.0523185729980469
-0.0406074523925781 0.000865936279296868 -0.0449028015136719 -0.0344352722167969
-0.0368919372558594 -0.0208854675292969 -0.0421066284179687 -0.00739669799804688
-0.0239448547363281 -0.03662109375 -0.0556678771972656 0.00960159301757811
0.00444412231445313 -0.0530281066894531 -0.0808486938476563 0.0222396850585937
0.0278549194335937 -0.0608139038085937 -0.125823974609375 0.04473876953125
0.0583534240722656 -0.05328369140625 -0.14202880859375 0.0349273681640625
0.107505798339844 -0.0405807495117188 -0.115196228027344 -0.100410461425781
0.0402259826660156 -0.0445747375488281 -0.0449104309082031 -0.0462913513183594
0.0178871154785156 -0.0409774780273438 0.0376434326171875 -0.0367240905761719
-0.00533294677734375 -0.0293750762939453 0.0554351806640625 -0.0712051391601563
-0.00875473022460937 -0.0243759155273438 0.0462112426757813 -0.0964431762695313
-0.0290164947509766 -0.01409912109375 0.00408935546874999 -0.119644165039063
-0.0476722717285156 -0.0117874145507813 -0.0417327880859375 -0.109893798828125
-0.0479621887207031 -0.0161209106445313 -0.045135498046875 -0.0766372680664062
-0.0606803894042969 -0.0168495178222656 -0.0456390380859375 -0.0534439086914063
-0.0532760620117187 -0.0376319885253906 -0.0344142913818359 -0.0299243927001953
-0.0333404541015625 -0.0647850036621094 -0.031219482421875 -0.00365257263183595
-0.00472259521484375 -0.0783843994140625 -0.0447921752929688 0.00825119018554687
0.0521316528320313 -0.0739212036132813 -0.0597305297851563 0.0185356140136719
0.0814132690429687 -0.0707015991210937 -0.0973587036132812 0.0353622436523437
0.115303039550781 -0.0471115112304687 -0.108543395996094 0.0284347534179688
0.150588989257813 -0.014801025390625 -0.069122314453125 -0.108177185058594
0.09185791015625 -0.0257110595703125 -0.00896072387695311 -0.0546646118164063
0.0785369873046875 -0.0405044555664063 0.0594139099121094 -0.04107666015625
0.0407676696777344 -0.0527076721191406 0.0698089599609375 -0.077178955078125
0.0226707458496094 -0.0555419921875 0.0545120239257812 -0.0951690673828125
-0.0196495056152344 -0.0566940307617188 0.0127182006835938 -0.115974426269531
-0.0540390014648438 -0.0516166687011719 -0.025604248046875 -0.100959777832031
-0.0538978576660156 -0.0518379211425781 -0.0243721008300781 -0.065155029296875
-0.0733795166015625 -0.0527725219726562 -0.0236778259277344 -0.044952392578125
-0.060821533203125 -0.0693511962890625 -0.0170860290527344 -0.0175457000732422
-0.0299530029296875 -0.098358154296875 -0.0179252624511719 0.00524330139160156
0.00896453857421875 -0.109649658203125 -0.0336952209472656 0.0101318359375
0.0869979858398438 -0.089630126953125 -0.0402030944824219 0.0135536193847656
0.120399475097656 -0.0750350952148438 -0.0633277893066406 0.0198326110839844
0.1536865234375 -0.0360565185546875 -0.0590667724609375 0.0220794677734375
0.171630859375 0.0103759765625 -0.0108718872070312 -0.104560852050781
0.130119323730469 -0.006591796875 0.0357818603515625 -0.0555267333984375
0.129005432128906 -0.0397415161132813 0.0804290771484375 -0.0397720336914063
0.07989501953125 -0.0742950439453125 0.0797119140625 -0.0742340087890625
0.048675537109375 -0.08343505859375 0.0584487915039063 -0.0823287963867188
-0.0104446411132812 -0.0904464721679688 0.0198745727539062 -0.0963897705078125
-0.052734375 -0.0832290649414063 -0.00609588623046875 -0.0780868530273438
-0.0515823364257813 -0.07916259765625 -0.00081634521484375 -0.0437088012695313
-0.07379150390625 -0.0801315307617188 0.00268173217773437 -0.0277538299560547
-0.0568084716796875 -0.0904693603515625 0.00225472450256347 -0.000291109085083013
-0.0195083618164063 -0.1175537109375 -0.00297260284423828 0.0169191360473633
0.0226898193359375 -0.12530517578125 -0.0224723815917969 0.0132217407226563
0.109947204589844 -0.092071533203125 -0.0237541198730469 0.0062885284423828
0.142974853515625 -0.0664825439453125 -0.026824951171875 -0.000343322753906254
0.17047119140625 -0.0168914794921875 -0.00185871124267577 0.0170488357543945
0.16571044921875 0.030059814453125 0.0503616333007813 -0.0933685302734375
0.143661499023438 0.0101776123046875 0.0823440551757813 -0.0533065795898437
0.153091430664063 -0.0350799560546875 0.0968246459960938 -0.0381317138671875
0.101753234863281 -0.0846099853515625 0.0848617553710937 -0.0634384155273437
0.0629730224609375 -0.096343994140625 0.05859375 -0.0591812133789063
-0.001922607421875 -0.108978271484375 0.0276069641113281 -0.0653457641601562
-0.0449142456054687 -0.101318359375 0.0155029296875 -0.0454559326171875
-0.0411605834960938 -0.094818115234375 0.0237350463867187 -0.0161609649658203
-0.0615921020507813 -0.0974578857421875 0.0271682739257812 -0.00510597229003907
-0.0397720336914062 -0.0999908447265625 0.0185050964355469 0.0206890106201172
0.000228881835937511 -0.120498657226562 0.00748825073242188 0.0300712585449219
0.0412826538085937 -0.120536804199219 -0.0136251449584961 0.0168437957763672
0.123542785644531 -0.0738143920898438 -0.0108795166015625 0.000275611877441401
0.148544311523437 -0.0405120849609375 0.0074901580810547 -0.0183181762695313
0.164016723632813 0.0088653564453125 0.0557746887207031 0.0164680480957031
0.132698059082031 0.0417022705078125 0.103668212890625 -0.0796279907226562
0.127616882324219 0.0245513916015625 0.121322631835938 -0.0519332885742188
0.143798828125 -0.021728515625 0.104385375976563 -0.0371170043945313
0.100311279296875 -0.0767898559570313 0.0826263427734375 -0.0475921630859375
0.0636367797851563 -0.0882186889648438 0.0552444458007813 -0.0324897766113281
0.00555419921875001 -0.1051025390625 0.036712646484375 -0.0286750793457031
-0.0305252075195312 -0.1015625 0.0379409790039062 -0.00961685180664063
-0.0255050659179687 -0.0958251953125 0.0443801879882812 0.0133094787597656
-0.039215087890625 -0.101524353027344 0.0452690124511719 0.022979736328125
-0.0142745971679687 -0.0970916748046875 0.0264968872070313 0.0446662902832031
0.0263519287109375 -0.106399536132813 0.0098114013671875 0.0449409484863281
0.0612030029296875 -0.09698486328125 -0.00928878784179687 0.0230827331542969
0.126548767089844 -0.0378952026367188 -0.000974178314208977 -0.00114607810974121
0.136497497558594 -0.0009918212890625 0.0388870239257813 -0.0238456726074219
0.134109497070313 0.038299560546875 0.105476379394531 0.02581787109375
0.0772171020507813 0.0481491088867188 0.139419555664063 -0.066925048828125
0.0872802734375 0.0352935791015625 0.144378662109375 -0.0514068603515625
0.104988098144531 -0.00099945068359375 0.100387573242188 -0.0368423461914063
0.0789794921875 -0.04827880859375 0.0748138427734375 -0.0330734252929688
0.0543899536132813 -0.0589218139648438 0.04840087890625 -0.00894546508789063
0.0159378051757813 -0.0805587768554688 0.0431060791015625 0.00366210937499999
-0.00952911376953125 -0.0855331420898438 0.0557861328125 0.0218086242675781
-0.00565338134765625 -0.0826187133789063 0.0583992004394531 0.0400238037109375
-0.0122299194335938 -0.0915374755859375 0.0538749694824219 0.0523109436035156
0.0100479125976563 -0.08306884765625 0.0241508483886719 0.0698471069335937
0.0466537475585938 -0.080230712890625 0.00347137451171875 0.060821533203125
0.0724258422851562 -0.062530517578125 -0.0107898712158203 0.0323238372802734
0.111747741699219 0.00266265869140625 0.00345897674560548 0.00664567947387695
0.104728698730469 0.03814697265625 0.061065673828125 -0.0143775939941406
0.0859298706054688 0.0614700317382813 0.1395263671875 0.0451278686523438
0.011566162109375 0.0507545471191406 0.150604248046875 -0.0561676025390625
0.0339241027832031 0.0452766418457031 0.147079467773438 -0.049591064453125
0.0523948669433594 0.0244636535644531 0.087127685546875 -0.0359268188476563
0.0480308532714844 -0.0084991455078125 0.0636215209960938 -0.0204963684082031
0.0410003662109375 -0.0167884826660156 0.0406761169433594 0.0065765380859375
0.0287971496582031 -0.042236328125 0.0463066101074219 0.0260467529296875
0.01593017578125 -0.0566177368164063 0.0646591186523437 0.0445938110351563
0.0153999328613281 -0.0571556091308594 0.0628280639648438 0.0601692199707031
0.0128822326660156 -0.0678825378417969 0.0538558959960938 0.0791244506835937
0.02618408203125 -0.0586013793945313 0.014068603515625 0.0920486450195313
0.0522384643554688 -0.0482292175292969 -0.00984191894531249 0.0752716064453125
0.0665855407714844 -0.0277137756347656 -0.0180473327636719 0.0438346862792969
0.0806655883789062 0.0322113037109375 -0.000617980957031244 0.0202884674072266
0.0584945678710938 0.0636749267578125 0.0682296752929688 0.00771713256835938
0.0257644653320312 0.0717239379882813 0.152130126953125 0.070159912109375
0.0466079711914063 -0.06683349609375 -0.154434204101563 -0.071685791015625
-0.0186271667480469 -0.0544624328613281 -0.0712661743164063 -0.0210723876953125
-0.0442237854003906 -0.0339469909667969 0.0199356079101562 -0.0286712646484375
-0.0469589233398438 -0.000652313232421867 0.0400848388671875 -0.0624465942382813
-0.036224365234375 0.0106239318847656 0.030059814453125 -0.0947265625
-0.0302162170410156 0.0296821594238281 -0.0128707885742188 -0.11419677734375
-0.0313034057617187 0.0321941375732422 -0.0629425048828125 -0.102592468261719
-0.0320720672607422 0.024322509765625 -0.0673294067382813 -0.073272705078125
-0.0360221862792969 0.0259170532226562 -0.0672111511230469 -0.0492630004882812
-0.03985595703125 0.00511550903320313 -0.0511054992675781 -0.0334091186523438
-0.0381393432617188 -0.016357421875 -0.0452728271484375 -0.00629806518554689
-0.0287570953369141 -0.0341777801513672 -0.0582962036132813 0.0116195678710937
-0.00254440307617187 -0.0550270080566406 -0.0827484130859375 0.0264968872070312
0.0209808349609375 -0.0655479431152344 -0.127029418945313 0.0559234619140625
0.0545196533203125 -0.061126708984375 -0.146453857421875 0.049407958984375
0.10748291015625 -0.0507278442382813 -0.126899719238281 -0.0946044921875
0.0370941162109375 -0.0484085083007813 -0.0504837036132813 -0.0412139892578125
0.0139961242675781 -0.0425453186035156 0.0371170043945313 -0.0396614074707031
-0.00768661499023438 -0.0274314880371094 0.053192138671875 -0.0755615234375
-0.0103302001953125 -0.0231170654296875 0.0417022705078125 -0.102195739746094
-0.0293598175048828 -0.0118522644042969 -0.003326416015625 -0.123504638671875
-0.0486068725585938 -0.00763702392578125 -0.0515060424804688 -0.109832763671875
-0.0491447448730469 -0.0131568908691406 -0.0537490844726562 -0.0749893188476563
-0.0619354248046875 -0.0121383666992187 -0.0532798767089844 -0.0512580871582031
-0.0560302734375 -0.033599853515625 -0.03997802734375 -0.0293998718261719
-0.038543701171875 -0.0617332458496094 -0.0346012115478516 -0.00326919555664063
-0.0116806030273438 -0.078369140625 -0.0471382141113281 0.00931930541992186
0.0455093383789062 -0.0804443359375 -0.0610580444335938 0.0207748413085938
0.075347900390625 -0.0807647705078125 -0.0991363525390625 0.0434417724609375
0.114593505859375 -0.0589599609375 -0.112907409667969 0.0395126342773438
0.154861450195313 -0.0275115966796875 -0.0808486938476562 -0.106109619140625
0.0919418334960938 -0.0330352783203125 -0.014984130859375 -0.0525856018066406
0.07733154296875 -0.0479049682617187 0.0586509704589844 -0.0443305969238281
0.0372276306152344 -0.056304931640625 0.0670394897460938 -0.0828475952148438
0.0198860168457031 -0.0588912963867188 0.0505828857421875 -0.101799011230469
-0.0233078002929688 -0.0557060241699219 0.00479888916015626 -0.120201110839844
-0.0581855773925781 -0.0483779907226563 -0.0351028442382813 -0.102264404296875
-0.0588493347167969 -0.0493240356445313 -0.0315933227539063 -0.0646896362304687
-0.0788803100585937 -0.0476913452148438 -0.0298500061035156 -0.0433502197265625
-0.06640625 -0.065155029296875 -0.0222187042236328 -0.0176239013671875
-0.03802490234375 -0.0977096557617188 -0.0210685729980469 0.00537490844726562
-0.000366210937499999 -0.112831115722656 -0.0364570617675781 0.0106964111328125
0.081207275390625 -0.10009765625 -0.0422134399414062 0.0137786865234375
0.116012573242188 -0.0883636474609375 -0.0653762817382813 0.0249252319335938
0.15667724609375 -0.050384521484375 -0.0622482299804687 0.028594970703125
0.17901611328125 -0.0031890869140625 -0.0204086303710938 -0.107589721679687
0.133338928222656 -0.0161209106445313 0.0306854248046875 -0.056915283203125
0.130470275878906 -0.0517959594726563 0.0809707641601563 -0.0446319580078125
0.0762557983398438 -0.0829696655273438 0.0779647827148438 -0.0805206298828125
0.0442352294921875 -0.0901260375976563 0.055694580078125 -0.0890426635742188
-0.0169296264648438 -0.092559814453125 0.0133438110351563 -0.100776672363281
-0.0611038208007812 -0.08099365234375 -0.013214111328125 -0.0792465209960938
-0.0592269897460938 -0.0778045654296875 -0.00482559204101563 -0.0446739196777344
-0.0826492309570312 -0.0758743286132813 -0.00246620178222657 -0.0284690856933594
-0.0647659301757813 -0.0871200561523438 -0.00126194953918457 -0.00092840194702149
-0.0294723510742188 -0.118614196777344 -0.00563907623291016 0.0165767669677734
0.0128631591796875 -0.130340576171875 -0.02490234375 0.012603759765625
0.105720520019531 -0.104469299316406 -0.0262260437011719 0.00493240356445312
0.140975952148438 -0.0810546875 -0.0304012298583984 0.000349044799804682
0.176010131835938 -0.031646728515625 -0.00298690795898437 0.0191841125488281
0.174179077148438 0.01861572265625 0.0437545776367188 -0.100776672363281
0.14996337890625 0.00042724609375 0.07879638671875 -0.0590362548828125
0.156906127929688 -0.048431396484375 0.098175048828125 -0.0433578491210937
0.098297119140625 -0.0951995849609375 0.08428955078125 -0.069244384765625
0.0580291748046875 -0.105316162109375 0.0578994750976563 -0.0649528503417969
-0.0109024047851562 -0.112075805664062 0.0232887268066406 -0.0687255859375
-0.0551986694335938 -0.1002197265625 0.0124549865722656 -0.0475006103515625
-0.0508575439453125 -0.0947113037109375 0.0224819183349609 -0.0177345275878906
-0.0713882446289062 -0.0946502685546875 0.0251007080078125 -0.00628662109375001
-0.0489273071289062 -0.0989151000976563 0.0171737670898437 0.0203018188476562
-0.00930786132812501 -0.123603820800781 0.00635337829589844 0.0291786193847656
0.032470703125 -0.128128051757813 -0.0155410766601563 0.0161762237548828
0.122566223144531 -0.0873641967773438 -0.0133504867553711 -0.00261974334716797
0.150115966796875 -0.0547943115234375 0.00463294982910157 -0.0199756622314453
0.1719970703125 -0.003753662109375 0.0564994812011719 0.0142898559570313
0.141159057617188 0.0339508056640625 0.100471496582031 -0.091522216796875
0.134529113769531 0.0158615112304688 0.119728088378906 -0.060638427734375
0.148635864257813 -0.034332275390625 0.106071472167969 -0.0432891845703125
0.0977401733398438 -0.0866241455078125 0.0829391479492188 -0.0537948608398438
0.0598220825195313 -0.097442626953125 0.0565834045410156 -0.0370674133300781
-0.0033721923828125 -0.109176635742188 0.0354995727539063 -0.0318565368652344
-0.0411453247070313 -0.101921081542969 0.0381851196289063 -0.0125007629394531
-0.034820556640625 -0.09710693359375 0.0464935302734375 0.0104026794433594
-0.0498199462890625 -0.100601196289062 0.0462265014648438 0.0210494995117187
-0.0238189697265625 -0.0989532470703125 0.0274276733398437 0.0444107055664062
0.0181503295898437 -0.112419128417969 0.010009765625 0.0448646545410156
0.0552597045898438 -0.105606079101563 -0.0106220245361328 0.0218887329101562
0.128868103027344 -0.0505218505859375 -0.00318717956542968 -0.00423359870910645
0.14129638671875 -0.01318359375 0.0362091064453125 -0.0293807983398438
0.144134521484375 0.0287322998046875 0.108451843261719 0.0194931030273438
0.0849685668945313 0.0445632934570313 0.138275146484375 -0.0810165405273438
0.0936737060546875 0.0304107666015625 0.143692016601563 -0.0631561279296875
0.111434936523438 -0.0097503662109375 0.101409912109375 -0.0431060791015625
0.0784835815429688 -0.0572357177734375 0.07611083984375 -0.0374755859375
0.0519638061523438 -0.0669364929199219 0.0512886047363281 -0.0116767883300781
0.007965087890625 -0.0850296020507813 0.0453948974609375 0.00154113769531249
-0.0192031860351563 -0.0868301391601563 0.0599937438964844 0.01812744140625
-0.0138092041015625 -0.0843505859375 0.0632171630859375 0.0363235473632812
-0.022430419921875 -0.0925369262695313 0.0589103698730469 0.0508537292480469
0.00217437744140625 -0.0863571166992188 0.0274734497070313 0.070892333984375
0.0402984619140625 -0.0876846313476562 0.00487518310546876 0.0620498657226562
0.069610595703125 -0.071624755859375 -0.0115184783935547 0.0316314697265625
0.118003845214844 -0.00732421875 0.00291919708251954 0.00310564041137695
0.112625122070312 0.030517578125 0.0601043701171875 -0.0213088989257812
0.0956954956054688 0.0572357177734375 0.145675659179688 0.0360870361328125
0.0173149108886719 0.0523223876953125 0.153213500976562 -0.0714263916015625
0.0407485961914063 0.0444412231445313 0.147659301757812 -0.062835693359375
0.0588531494140625 0.0197792053222656 0.086822509765625 -0.0414276123046875
0.049896240234375 -0.0143661499023437 0.0658416748046875 -0.0238151550292969
0.0411300659179688 -0.0224876403808594 0.0441970825195313 0.0049285888671875
0.0239334106445313 -0.0470428466796875 0.0516166687011719 0.0239410400390625
0.00967407226562501 -0.0596694946289063 0.0710906982421875 0.0406951904296875
0.00965118408203125 -0.0604324340820313 0.0701980590820313 0.057159423828125
0.0054473876953125 -0.0709686279296875 0.0604248046875 0.0778732299804688
0.0207061767578125 -0.0627517700195313 0.0194854736328125 0.0951690673828125
0.0484733581542969 -0.0551795959472656 -0.00727081298828125 0.0781936645507813
0.0670394897460938 -0.03533935546875 -0.0175018310546875 0.0448951721191406
0.0885009765625 0.0257949829101563 0.000650405883789068 0.0182437896728516
0.0677452087402344 0.0608367919921875 0.0705718994140625 0.000183105468750004
0.0342788696289063 0.0724639892578125 0.161056518554688 0.061767578125
0.0396041870117188 -0.0732498168945313 -0.163482666015625 -0.05841064453125
-0.0252151489257813 -0.0522956848144531 -0.0737152099609375 -0.011566162109375
-0.0495376586914063 -0.0274467468261719 0.0181941986083984 -0.02947998046875
-0.0475616455078125 0.00613403320312501 0.0363044738769531 -0.0653839111328125
-0.0346851348876953 0.0162086486816406 0.0232162475585938 -0.0978622436523438
-0.0248737335205078 0.0336132049560547 -0.0220870971679687 -0.115165710449219
-0.0264244079589844 0.0354843139648438 -0.0734100341796875 -0.0976104736328125
-0.0287742614746094 0.0269107818603516 -0.076019287109375 -0.0682373046875
-0.0320091247558594 0.0289974212646484 -0.0740966796875 -0.0430450439453125
-0.037109375 0.00934982299804688 -0.0564117431640625 -0.0303955078125
-0.0395278930664063 -0.0108909606933594 -0.0479545593261719 -0.00370025634765624
-0.0327587127685547 -0.0296230316162109 -0.0593376159667969 0.0153083801269531
-0.0107269287109375 -0.0549583435058594 -0.0817718505859375 0.0333709716796875
0.0118484497070313 -0.0685882568359375 -0.123725891113281 0.0684432983398437
0.0475349426269531 -0.0689430236816406 -0.14593505859375 0.0661773681640625
0.103263854980469 -0.0626983642578125 -0.13812255859375 -0.083465576171875
0.0320701599121094 -0.051971435546875 -0.0550460815429688 -0.0340576171875
0.00895309448242188 -0.04376220703125 0.0344619750976563 -0.0421104431152344
-0.0112533569335938 -0.025115966796875 0.0480804443359375 -0.0798416137695313
-0.0121288299560547 -0.0209178924560547 0.0339508056640625 -0.107009887695312
-0.0283451080322266 -0.00878906250000001 -0.014068603515625 -0.125358581542969
-0.0481529235839844 -0.00255203247070312 -0.0633392333984375 -0.106132507324219
-0.0498695373535156 -0.00867843627929688 -0.06219482421875 -0.0706024169921875
-0.0618095397949219 -0.006561279296875 -0.0607833862304688 -0.0455284118652344
-0.05780029296875 -0.0278663635253906 -0.046051025390625 -0.0270156860351562
-0.0444068908691406 -0.0572357177734375 -0.0378532409667969 -0.00173187255859376
-0.0198211669921875 -0.0763702392578125 -0.0492210388183594 0.0118408203125
0.0355606079101563 -0.0855560302734375 -0.0615348815917969 0.0245819091796875
0.0653915405273438 -0.089263916015625 -0.09771728515625 0.053436279296875
0.109725952148438 -0.0720367431640625 -0.112327575683594 0.0531692504882812
0.153839111328125 -0.043182373046875 -0.092926025390625 -0.100189208984375
0.089874267578125 -0.0417098999023437 -0.0213508605957031 -0.0487442016601563
0.0728378295898438 -0.055877685546875 0.0568313598632813 -0.0481948852539063
0.0322456359863281 -0.0587692260742187 0.0624847412109375 -0.0889129638671875
0.0147514343261719 -0.0605545043945313 0.0434112548828125 -0.1075439453125
-0.0275688171386719 -0.053497314453125 -0.006195068359375 -0.122062683105469
-0.0628471374511719 -0.0423164367675781 -0.04559326171875 -0.0992813110351563
-0.0639991760253906 -0.0443229675292969 -0.0388221740722656 -0.0619926452636719
-0.083465576171875 -0.0405120849609375 -0.0368194580078125 -0.0402870178222656
-0.0718917846679688 -0.05877685546875 -0.0270442962646484 -0.0162372589111328
-0.0469284057617187 -0.0935821533203125 -0.0235691070556641 0.00619316101074218
-0.0118484497070313 -0.112281799316406 -0.0383377075195313 0.0117034912109375
0.0707015991210938 -0.109176635742188 -0.0434494018554688 0.014984130859375
0.105461120605469 -0.101394653320312 -0.0653190612792969 0.0312385559082031
0.153945922851563 -0.0677947998046875 -0.0623703002929688 0.0375785827636719
0.181961059570313 -0.020294189453125 -0.0316162109375 -0.107429504394531
0.134567260742188 -0.0286865234375 0.023834228515625 -0.057342529296875
0.127044677734375 -0.0650863647460938 0.0791397094726563 -0.0503387451171875
0.0688705444335938 -0.090087890625 0.0738525390625 -0.0874557495117188
0.0367431640625 -0.096221923828125 0.0497894287109375 -0.09490966796875
-0.025482177734375 -0.091766357421875 0.003662109375 -0.103225708007813
-0.069427490234375 -0.0752410888671875 -0.0209732055664062 -0.0784988403320312
-0.067596435546875 -0.0731735229492188 -0.00986099243164063 -0.0441017150878906
-0.0909271240234375 -0.0680084228515625 -0.00705337524414063 -0.0275688171386719
-0.0731048583984375 -0.080718994140625 -0.00463056564331055 -0.00047683715820313
-0.0411529541015625 -0.115829467773437 -0.00756549835205078 0.0163450241088867
-0.00018310546875001 -0.132469177246094 -0.0269126892089844 0.0136604309082031
0.0966567993164063 -0.1171875 -0.0286216735839844 0.00475120544433593
0.132904052734375 -0.0964736938476563 -0.0327339172363281 0.00363731384277344
0.176849365234375 -0.05029296875 -0.00375938415527343 0.0218009948730469
0.17962646484375 0.0012054443359375 0.033660888671875 -0.107368469238281
0.152191162109375 -0.0127716064453125 0.073089599609375 -0.0644683837890625
0.1552734375 -0.065155029296875 0.0969619750976563 -0.0504074096679688
0.0899505615234375 -0.105697631835937 0.0803985595703125 -0.075927734375
0.0489730834960938 -0.113662719726563 0.0544052124023438 -0.0711135864257813
-0.0221786499023437 -0.111976623535156 0.017608642578125 -0.0712966918945313
-0.0662307739257812 -0.094482421875 0.00751495361328124 -0.0485000610351563
-0.0615463256835938 -0.090911865234375 0.0212860107421875 -0.0199851989746094
-0.082794189453125 -0.0876007080078125 0.0223140716552734 -0.00793266296386719
-0.0595169067382813 -0.0946502685546875 0.0163497924804687 0.0200309753417969
-0.0222854614257812 -0.123321533203125 0.00580978393554687 0.0290012359619141
0.0198440551757812 -0.132728576660156 -0.0174283981323242 0.0158634185791016
0.115951538085938 -0.101776123046875 -0.0159378051757812 -0.00397872924804688
0.146163940429688 -0.0709075927734375 7.05718994140736E-05 -0.0219345092773438
0.175689697265625 -0.020904541015625 0.0566749572753906 0.010772705078125
0.1475830078125 0.0208282470703125 0.0920639038085938 -0.103256225585938
0.138870239257813 0.00434112548828125 0.114173889160156 -0.0713424682617188
0.148818969726563 -0.0499725341796875 0.104202270507813 -0.0511245727539063
0.0902099609375 -0.0973434448242188 0.0808486938476563 -0.0602874755859375
0.05078125 -0.105995178222656 0.0550537109375 -0.0421600341796875
-0.0151290893554687 -0.110008239746094 0.0328922271728516 -0.0344085693359375
-0.0530624389648437 -0.0977020263671875 0.0371856689453125 -0.0160751342773438
-0.0462722778320313 -0.0941390991210938 0.0485000610351563 0.00603485107421874
-0.0618743896484375 -0.0957870483398438 0.0465469360351562 0.0173416137695312
-0.034332275390625 -0.0969467163085938 0.0292816162109375 0.044097900390625
0.00596618652343749 -0.115081787109375 0.0108795166015625 0.0441780090332031
0.0451431274414062 -0.112846374511719 -0.011688232421875 0.0220527648925781
0.126678466796875 -0.0650482177734375 -0.00565671920776366 -0.00657844543457032
0.14190673828125 -0.028076171875 0.0320968627929688 -0.0343475341796875
0.151199340820313 0.0150299072265625 0.110420227050781 0.010986328125
0.092193603515625 0.0375518798828125 0.132675170898438 -0.0971221923828125
0.0996017456054688 0.0221710205078125 0.138641357421875 -0.0764999389648438
0.114013671875 -0.0223922729492188 0.0995254516601563 -0.0509872436523437
0.0745162963867188 -0.0663909912109375 0.0752487182617188 -0.0438156127929688
0.0461044311523438 -0.0751190185546875 0.0525169372558594 -0.0165138244628906
-0.00130462646484375 -0.0874557495117188 0.0467109680175781 -0.00225448608398438
-0.02972412109375 -0.0849380493164063 0.0626411437988281 0.0127220153808594
-0.0243148803710938 -0.0837783813476562 0.0681343078613281 0.0305290222167969
-0.0335235595703125 -0.0904006958007813 0.0625801086425781 0.0464935302734375
-0.00804138183593751 -0.0871047973632812 0.0324020385742187 0.0707626342773438
0.0311508178710938 -0.0931854248046875 0.00731277465820313 0.062164306640625
0.0628662109375 -0.0800933837890625 -0.0110034942626953 0.0321464538574219
0.120185852050781 -0.0206375122070313 0.00142908096313477 0.000118017196655272
0.118606567382813 0.0190353393554688 0.0577163696289063 -0.0284042358398438
0.104850769042969 0.0483856201171875 0.14971923828125 0.023773193359375
0.0241889953613281 0.0515937805175781 0.148193359375 -0.0895538330078125
0.0473709106445313 0.0415382385253906 0.142425537109375 -0.078399658203125
0.0646514892578125 0.0132026672363281 0.0850906372070313 -0.0478134155273438
0.0499839782714844 -0.0210647583007813 0.0657424926757813 -0.0284538269042969
0.0396652221679688 -0.02874755859375 0.0473823547363281 0.00203704833984375
0.01788330078125 -0.0510826110839844 0.0553779602050781 0.0191497802734375
0.00119018554687501 -0.0611495971679688 0.0764541625976563 0.033843994140625
0.00196075439453125 -0.0613288879394531 0.0763015747070312 0.0512924194335937
-0.003936767578125 -0.0718994140625 0.06805419921875 0.0736465454101563
0.0125732421875 -0.0646018981933594 0.0272369384765625 0.0952301025390625
0.0421943664550781 -0.0617256164550781 -0.00273895263671876 0.0796127319335938
0.0635910034179688 -0.0436859130859375 -0.0157890319824219 0.04583740234375
0.0941238403320312 0.015655517578125 0.00101852416992188 0.0160026550292969
0.0764312744140625 0.0544662475585938 0.07098388671875 -0.0079345703125
0.0436058044433594 0.0702438354492188 0.1685791015625 0.0474395751953125
0.030364990234375 -0.0760421752929688 -0.165390014648438 -0.04229736328125
-0.0306854248046875 -0.0488014221191406 -0.0726089477539063 -0.00296783447265627
-0.0523529052734375 -0.0210380554199219 0.0157108306884766 -0.0292720794677734
-0.0459403991699219 0.0130729675292969 0.0311698913574219 -0.0662994384765625
-0.0317440032958984 0.0202693939208984 0.0164642333984375 -0.0978164672851563
-0.0187454223632812 0.035186767578125 -0.029937744140625 -0.111801147460938
-0.0200424194335938 0.0370941162109375 -0.0806732177734375 -0.0895538330078125
-0.0244293212890625 0.0285987854003906 -0.0807647705078125 -0.0590438842773438
-0.02667236328125 0.0305728912353516 -0.0770721435546875 -0.0346527099609375
-0.0334014892578125 0.0129108428955078 -0.0602340698242188 -0.0250740051269531
-0.0380783081054688 -0.00560760498046874 -0.0493011474609375 -0.00110626220703125
-0.0354156494140625 -0.0236015319824219 -0.05804443359375 0.0192184448242187
-0.0178565979003906 -0.0514717102050781 -0.078125 0.038330078125
0.00240325927734375 -0.0676689147949219 -0.114959716796875 0.0786056518554688
0.0385055541992187 -0.0727920532226563 -0.137985229492188 0.0808258056640625
0.0940475463867188 -0.0718841552734375 -0.143585205078125 -0.068878173828125
0.0261878967285156 -0.0531196594238281 -0.0568923950195313 -0.0251579284667969
0.00330734252929687 -0.0427169799804688 0.0308876037597656 -0.0426406860351563
-0.0135860443115234 -0.0216999053955078 0.0417709350585937 -0.0815963745117188
-0.0132331848144531 -0.0184993743896484 0.0254974365234375 -0.107383728027344
-0.0265445709228516 -0.00556564331054687 -0.0238800048828125 -0.121681213378906
-0.0450973510742188 0.00197219848632812 -0.071929931640625 -0.0973892211914062
-0.0487632751464844 -0.00425720214843751 -0.0681495666503906 -0.0630645751953125
-0.0594940185546875 -0.000698089599609377 -0.0654830932617188 -0.0380668640136719
-0.0568275451660156 -0.0215110778808594 -0.0499114990234375 -0.0222930908203125
-0.0472908020019531 -0.0503387451171875 -0.0396080017089844 0.000396728515624998
-0.02734375 -0.0709075927734375 -0.0493545532226563 0.014434814453125
0.0248184204101563 -0.086181640625 -0.0593833923339844 0.0279045104980469
0.0529556274414063 -0.0931243896484375 -0.0915374755859375 0.061767578125
0.0995712280273437 -0.0822296142578125 -0.106498718261719 0.065185546875
0.146865844726563 -0.0578765869140625 -0.100784301757812 -0.08953857421875
0.0836944580078125 -0.0485000610351563 -0.0256614685058594 -0.0423736572265625
0.0655326843261719 -0.0617294311523438 0.05242919921875 -0.050689697265625
0.025390625 -0.058746337890625 0.0548553466796875 -0.0912704467773438
0.00915527343750001 -0.060333251953125 0.034149169921875 -0.108665466308594
-0.0302619934082031 -0.0494918823242188 -0.0167236328125 -0.118858337402344
-0.0640373229980469 -0.03466796875 -0.054473876953125 -0.0926895141601563
-0.0662765502929688 -0.0371017456054687 -0.0441246032714844 -0.0569419860839844
-0.0841903686523438 -0.031524658203125 -0.0415496826171875 -0.0349082946777344
-0.0738906860351563 -0.050384521484375 -0.0306777954101563 -0.0131721496582031
-0.0539779663085938 -0.085357666015625 -0.0251007080078125 0.00727272033691405
-0.0223541259765625 -0.107818603515625 -0.0396003723144531 0.0136451721191406
0.0575027465820313 -0.113059997558594 -0.043426513671875 0.0166854858398438
0.091705322265625 -0.109039306640625 -0.0629463195800781 0.0365638732910156
0.14434814453125 -0.0817718505859375 -0.0594902038574219 0.0447540283203125
0.177001953125 -0.0373687744140625 -0.0428009033203125 -0.102348327636719
0.128814697265625 -0.0399932861328125 0.0175094604492188 -0.0551223754882813
0.118057250976563 -0.0763473510742188 0.0748367309570313 -0.0538787841796875
0.0591049194335938 -0.0936050415039063 0.0660934448242188 -0.0909271240234375
0.0272445678710937 -0.09765625 0.0412063598632813 -0.0978164672851563
-0.0326766967773438 -0.0865097045898437 -0.00550842285156249 -0.100433349609375
-0.0745849609375 -0.0657882690429688 -0.0286865234375 -0.0737991333007813
-0.0734100341796875 -0.064361572265625 -0.0140151977539063 -0.0423545837402344
-0.0944366455078125 -0.0569610595703125 -0.0113716125488281 -0.0252437591552734
-0.0781326293945312 -0.0716323852539063 -0.00678396224975586 0.000802040100097652
-0.0506515502929687 -0.10870361328125 -0.00877666473388672 0.0156888961791992
-0.01361083984375 -0.128875732421875 -0.0287418365478516 0.0136604309082031
0.0821151733398438 -0.124259948730469 -0.0305614471435547 0.00474548339843749
0.119239807128906 -0.107208251953125 -0.0338459014892578 0.00643157958984375
0.168304443359375 -0.0672149658203125 -0.00367355346679687 0.0233116149902344
0.177459716796875 -0.0152435302734375 0.021942138671875 -0.108421325683594
0.148635864257812 -0.026824951171875 0.06414794921875 -0.0670967102050781
0.14642333984375 -0.0796051025390625 0.0924606323242188 -0.0559616088867188
0.078948974609375 -0.111518859863281 0.07427978515625 -0.0810012817382813
0.0369033813476562 -0.117073059082031 0.0474090576171875 -0.0743942260742188
-0.0317611694335938 -0.107337951660156 0.0100860595703125 -0.070526123046875
-0.0740814208984375 -0.0849761962890625 0.00233078002929687 -0.0479965209960938
-0.0694503784179688 -0.0825653076171875 0.0185947418212891 -0.02154541015625
-0.0895614624023437 -0.077056884765625 0.0202884674072266 -0.00878334045410157
-0.0663909912109375 -0.0864791870117188 0.0154743194580078 0.0185565948486328
-0.033416748046875 -0.118316650390625 0.0050506591796875 0.0277366638183594
0.00608825683593751 -0.131179809570313 -0.0187892913818359 0.0161705017089844
0.103851318359375 -0.111351013183594 -0.0188446044921875 -0.00473785400390626
0.1351318359375 -0.0832138061523438 -0.00385284423828124 -0.0215587615966797
0.171432495117188 -0.0382843017578125 0.0550804138183594 0.00700759887695312
0.148788452148438 0.007110595703125 0.0796890258789063 -0.110244750976562
0.137779235839844 -0.00862884521484375 0.103614807128906 -0.07855224609375
0.14227294921875 -0.064361572265625 0.099151611328125 -0.057373046875
0.0797119140625 -0.104568481445313 0.0755767822265625 -0.0652389526367188
0.0392990112304688 -0.110481262207031 0.0514717102050781 -0.046661376953125
-0.0252685546875 -0.106422424316406 0.029449462890625 -0.0361289978027344
-0.0625991821289063 -0.088836669921875 0.0347633361816406 -0.0187892913818359
-0.0552520751953125 -0.0876083374023438 0.0481109619140625 0.00114059448242187
-0.0703201293945313 -0.0870208740234375 0.046539306640625 0.0141410827636719
-0.0433197021484375 -0.0908737182617187 0.0308380126953125 0.0416221618652344
-0.00595092773437499 -0.113601684570312 0.01190185546875 0.0428924560546875
0.0333480834960937 -0.1153564453125 -0.0122089385986328 0.0207672119140625
0.118080139160156 -0.0770187377929687 -0.00836181640624999 -0.00847816467285157
0.136222839355469 -0.041229248046875 0.0260658264160156 -0.0374221801757813
0.151092529296875 -0.00018310546875 0.107765197753906 0.00141143798828125
0.0949478149414063 0.0283966064453125 0.119705200195313 -0.1087646484375
0.101119995117187 0.0133132934570312 0.127578735351563 -0.0869598388671875
0.111488342285156 -0.0333786010742188 0.0935821533203125 -0.056915283203125
0.0671234130859375 -0.0727310180664063 0.0712051391601563 -0.0487823486328125
0.0379104614257813 -0.07952880859375 0.0514945983886719 -0.0195770263671875
-0.0112152099609375 -0.0851516723632813 0.0459480285644531 -0.00569534301757813
-0.0386734008789063 -0.0791473388671875 0.062469482421875 0.00669097900390624
-0.032745361328125 -0.0789794921875 0.0695533752441406 0.0237045288085937
-0.0429916381835938 -0.084228515625 0.0647010803222656 0.040191650390625
-0.0163116455078125 -0.0832595825195313 0.0366439819335938 0.0675735473632813
0.0202255249023438 -0.0943984985351562 0.0100173950195313 0.0607414245605469
0.0541000366210937 -0.0850067138671875 -0.0105705261230469 0.0305957794189453
0.117149353027344 -0.0330429077148438 -0.000620841979980461 -0.00220394134521485
0.118522644042969 0.0068511962890625 0.051727294921875 -0.0347862243652344
0.109336853027344 0.0372161865234375 0.148040771484375 0.0109405517578125
0.0298881530761719 0.0490646362304688 0.137046813964844 -0.1029052734375
0.0516242980957031 0.0371475219726562 0.132377624511719 -0.0895919799804688
0.0671730041503906 0.0057525634765625 0.08001708984375 -0.0525131225585938
0.0471038818359375 -0.0271492004394531 0.0637626647949219 -0.0326805114746094
0.0355949401855469 -0.034271240234375 0.0484695434570312 -0.00121688842773438
0.010955810546875 -0.0514183044433594 0.0572853088378906 0.013916015625
-0.007049560546875 -0.0588417053222656 0.0788803100585938 0.0249176025390625
-0.00593948364257812 -0.0596504211425781 0.080047607421875 0.0427780151367187
-0.0122146606445313 -0.0687446594238281 0.07275390625 0.0664749145507813
0.00495147705078125 -0.0632171630859375 0.03387451171875 0.0927047729492188
0.03424072265625 -0.0649604797363281 0.00189971923828126 0.0790252685546875
0.0574836730957031 -0.0502548217773438 -0.013702392578125 0.0449562072753906
0.094757080078125 0.005279541015625 0.00130271911621094 0.0125741958618164
0.0813827514648438 0.0458984375 0.0670394897460938 -0.0158042907714844
0.0511817932128906 0.0645675659179688 0.169113159179687 0.0316162109375
0.0223846435546875 -0.0754852294921875 -0.161468505859375 -0.0295562744140625
-0.0330924987792969 -0.0443572998046875 -0.0688323974609375 0.00400161743164063
-0.0525283813476563 -0.0151748657226563 0.0137176513671875 -0.0277156829833984
-0.0428581237792969 0.0173721313476563 0.0276603698730469 -0.0639801025390625
-0.0283737182617187 0.0231781005859375 0.0112457275390625 -0.0944366455078125
-0.0140380859375 0.0347385406494141 -0.034576416015625 -0.10687255859375
-0.0150108337402344 0.0361671447753906 -0.0831756591796875 -0.0806198120117188
-0.0207023620605469 0.0286407470703125 -0.0826263427734375 -0.05145263671875
-0.0226688385009766 0.0300350189208984 -0.077667236328125 -0.0276718139648437
-0.0299148559570312 0.0141048431396484 -0.0618324279785156 -0.020904541015625
-0.0353431701660156 -0.0017547607421875 -0.0496253967285156 0.0008087158203125
-0.0360641479492187 -0.0186538696289063 -0.0564651489257813 0.0210418701171875
-0.0225296020507813 -0.0467987060546875 -0.0733489990234375 0.04034423828125
-0.00433349609375 -0.0650444030761719 -0.10577392578125 0.0825729370117187
0.030303955078125 -0.0732574462890625 -0.127693176269531 0.088531494140625
0.0844268798828125 -0.0760345458984375 -0.1429443359375 -0.0562744140625
0.02130126953125 -0.0528297424316406 -0.0555686950683594 -0.0179862976074219
-0.000633239746093751 -0.0399627685546875 0.0278472900390625 -0.0414695739746094
-0.0145397186279297 -0.0180072784423828 0.0365142822265625 -0.0796279907226563
-0.0134496688842773 -0.0155181884765625 0.0193710327148437 -0.104423522949219
-0.0239810943603516 -0.00361251831054688 -0.0298385620117188 -0.115829467773438
-0.041534423828125 0.00467681884765625 -0.0756759643554688 -0.088287353515625
-0.0463447570800781 -0.00120162963867188 -0.0700111389160156 -0.0558624267578125
-0.0562019348144531 0.00277709960937501 -0.0664596557617187 -0.0317268371582031
-0.0542640686035156 -0.0172157287597656 -0.0516548156738281 -0.0186386108398438
-0.0473175048828125 -0.0438690185546875 -0.0405731201171875 0.00213623046874999
-0.0306968688964844 -0.0645637512207031 -0.0486412048339844 0.0156784057617188
0.0167312622070312 -0.0833892822265625 -0.0565414428710938 0.0290718078613281
0.0420379638671875 -0.0919570922851563 -0.0844268798828125 0.065704345703125
0.0885696411132813 -0.0867385864257812 -0.0994644165039063 0.0713729858398438
0.13726806640625 -0.065673828125 -0.103996276855469 -0.0793609619140625
0.0771865844726563 -0.0521774291992188 -0.0275077819824219 -0.0358314514160156
0.0586738586425781 -0.0633163452148438 0.0488739013671875 -0.0504913330078125
0.0207176208496094 -0.0571670532226562 0.0484771728515625 -0.089599609375
0.00490951538085937 -0.0586471557617188 0.026611328125 -0.106246948242188
-0.0312080383300781 -0.0455474853515625 -0.0233612060546875 -0.113044738769531
-0.0622138977050781 -0.0284385681152344 -0.0586700439453125 -0.0842132568359375
-0.0656547546386719 -0.0317420959472656 -0.0465850830078125 -0.0513267517089844
-0.0823822021484375 -0.024200439453125 -0.0434913635253906 -0.0296859741210937
-0.0730819702148438 -0.0433425903320312 -0.0328025817871094 -0.0104541778564453
-0.056427001953125 -0.0774307250976563 -0.0265979766845703 0.00810813903808593
-0.0286865234375 -0.100540161132813 -0.0399627685546875 0.0138511657714844
0.04632568359375 -0.112472534179687 -0.0429916381835938 0.0170135498046875
0.078826904296875 -0.110137939453125 -0.0593338012695312 0.0395050048828125
0.132843017578125 -0.0891952514648438 -0.0552635192871094 0.0488510131835938
0.16815185546875 -0.0483551025390625 -0.0482330322265625 -0.0952072143554688
0.121650695800781 -0.0464706420898438 0.012451171875 -0.0512123107910156
0.108551025390625 -0.0820083618164062 0.0700035095214844 -0.0555839538574219
0.05035400390625 -0.0933456420898438 0.0594253540039063 -0.0903396606445313
0.0193710327148438 -0.0957870483398438 0.0351943969726563 -0.0963058471679688
-0.0361328125 -0.0809555053710938 -0.0109786987304687 -0.095367431640625
-0.0750732421875 -0.057586669921875 -0.0323867797851563 -0.0685844421386719
-0.0745849609375 -0.0575790405273438 -0.0165519714355469 -0.0391807556152344
-0.0943832397460938 -0.0478591918945313 -0.0144977569580078 -0.0221996307373047
-0.0786666870117187 -0.0634384155273437 -0.00906753540039063 0.00175857543945312
-0.0555419921875 -0.0997467041015625 -0.0105209350585938 0.0159444808959961
-0.0211563110351562 -0.1220703125 -0.0300426483154297 0.0142383575439453
0.069854736328125 -0.124740600585938 -0.031341552734375 0.00491142272949218
0.105789184570313 -0.110427856445313 -0.0333900451660156 0.00832176208496093
0.157958984375 -0.076904296875 -0.00285148620605468 0.0243892669677734
0.17022705078125 -0.0263519287109375 0.0130233764648438 -0.10552978515625
0.141815185546875 -0.03466796875 0.0564384460449219 -0.0654716491699219
0.135887145996094 -0.08624267578125 0.0875015258789063 -0.0583114624023438
0.0677642822265625 -0.112373352050781 0.0679168701171875 -0.0815582275390625
0.0279922485351563 -0.115463256835938 0.0421142578125 -0.0742416381835938
-0.037750244140625 -0.100845336914063 0.00548171997070312 -0.06756591796875
-0.0770263671875 -0.0757217407226563 -0.000591278076171876 -0.0452079772949219
-0.072540283203125 -0.0744857788085938 0.0162258148193359 -0.021575927734375
-0.091064453125 -0.0669708251953125 0.0170497894287109 -0.00811195373535157
-0.0686798095703125 -0.0773696899414063 0.0138339996337891 0.0183162689208984
-0.040252685546875 -0.110885620117187 0.00333595275878906 0.0265655517578125
-0.0026397705078125 -0.1263427734375 -0.0207271575927734 0.0152606964111328
0.0919952392578125 -0.115081787109375 -0.0211830139160156 -0.0055522918701172
0.123306274414062 -0.0887908935546875 -0.00687789916992187 -0.0201358795166016
0.163192749023438 -0.048858642578125 0.0521011352539063 0.0047454833984375
0.14453125 -0.0034332275390625 0.068603515625 -0.111442565917969
0.132492065429687 -0.0160675048828125 0.0938873291015625 -0.0794448852539063
0.133796691894531 -0.0722427368164063 0.0933837890625 -0.059661865234375
0.0700836181640625 -0.105545043945313 0.0699729919433594 -0.0666313171386719
0.030609130859375 -0.109619140625 0.0480194091796875 -0.0470390319824219
-0.03204345703125 -0.0999221801757813 0.0263175964355469 -0.0356826782226563
-0.0671234130859375 -0.0800018310546875 0.0329551696777344 -0.0202465057373047
-0.0596237182617187 -0.0800857543945313 0.0459442138671875 -0.00230789184570313
-0.0739059448242188 -0.0777130126953125 0.0439376831054687 0.0113296508789062
-0.0474777221679687 -0.0831756591796875 0.0303153991699219 0.0395698547363281
-0.0137786865234375 -0.108024597167969 0.0112419128417969 0.0408973693847656
0.0233383178710937 -0.112739562988281 -0.0137805938720703 0.0199203491210937
0.109184265136719 -0.08343505859375 -0.0114574432373047 -0.00966262817382813
0.127784729003906 -0.0486907958984375 0.0206336975097656 -0.0378684997558594
0.14654541015625 -0.0111083984375 0.102012634277344 -0.00438690185546875
0.09539794921875 0.0217056274414063 0.107414245605469 -0.1123046875
0.0999221801757813 0.00655364990234375 0.116493225097656 -0.0902328491210938
0.107215881347656 -0.0407180786132813 0.088104248046875 -0.0590591430664062
0.0600357055664062 -0.0751113891601562 0.0666236877441406 -0.0502891540527344
0.0304183959960938 -0.0804214477539063 0.04962158203125 -0.0220260620117188
-0.0173263549804688 -0.08062744140625 0.0444602966308594 -0.00784683227539063
-0.0441741943359375 -0.0717315673828125 0.0604057312011719 0.0020751953125
-0.0379409790039063 -0.07342529296875 0.0683746337890625 0.01763916015625
-0.0478363037109375 -0.0764312744140625 0.0638008117675781 0.0350875854492187
-0.0220565795898438 -0.0782699584960938 0.0378265380859375 0.0637359619140625
0.0119171142578125 -0.0920257568359375 0.0112113952636719 0.0583114624023437
0.0452804565429687 -0.085601806640625 -0.0110454559326172 0.0296344757080078
0.111480712890625 -0.0408554077148438 -0.00306415557861327 -0.00417017936706543
0.114891052246094 -0.00173187255859375 0.0454635620117188 -0.037322998046875
0.1090087890625 0.0288314819335938 0.141387939453125 0.0014801025390625
0.0339813232421875 0.045806884765625 0.124565124511719 -0.108085632324219
0.0540351867675781 0.0316429138183594 0.120246887207031 -0.0941619873046875
0.0665931701660156 -0.000659942626953125 0.0745315551757813 -0.0537643432617188
0.0438652038574219 -0.0303077697753906 0.0598945617675781 -0.0347747802734375
0.030914306640625 -0.0366172790527344 0.0479774475097656 -0.00347900390625
0.00542449951171875 -0.0497016906738281 0.0567512512207031 0.0105400085449219
-0.0123672485351563 -0.0548248291015625 0.0777816772460937 0.0187149047851562
-0.0108795166015625 -0.05657958984375 0.07989501953125 0.03521728515625
-0.0180931091308594 -0.0637893676757813 0.0737075805664063 0.059478759765625
-0.001220703125 -0.0609283447265625 0.0372848510742188 0.0871734619140625
0.0270309448242188 -0.0650215148925781 0.00435638427734375 0.0766372680664063
0.0513458251953125 -0.0526580810546875 -0.0123176574707031 0.042633056640625
0.0926666259765625 -0.002716064453125 0.000109672546386724 0.0100946426391602
0.0821380615234375 0.0384979248046875 0.0619163513183594 -0.0213203430175781
0.0548973083496094 0.0582389831542969 0.163238525390625 0.02056884765625
0.01702880859375 -0.07379150390625 -0.156951904296875 -0.02337646484375
-0.0348587036132813 -0.0411453247070312 -0.06488037109375 0.00750350952148439
-0.0515556335449219 -0.0108222961425781 0.0130424499511719 -0.0257968902587891
-0.0404586791992188 0.020294189453125 0.0265464782714844 -0.0621910095214844
-0.0254020690917969 0.0244789123535156 0.00958251953125 -0.091400146484375
-0.0101737976074219 0.0332832336425781 -0.0359420776367188 -0.102622985839844
-0.0115032196044922 0.0340843200683594 -0.082916259765625 -0.074951171875
-0.0182933807373047 0.0281581878662109 -0.0817031860351563 -0.0461578369140625
-0.0200557708740234 0.0286579132080078 -0.0764617919921875 -0.0233154296875
-0.0264015197753906 0.0140361785888672 -0.0621871948242188 -0.01837158203125
-0.0329189300537109 0.000494003295898436 -0.0503158569335937 0.00136947631835938
-0.03533935546875 -0.0154342651367188 -0.0551986694335938 0.0209236145019531
-0.0249824523925781 -0.0426826477050781 -0.0694580078125 0.0403823852539063
-0.0087738037109375 -0.0616378784179688 -0.0992279052734375 0.082794189453125
0.0254058837890625 -0.0724868774414063 -0.120391845703125 0.0917434692382813
0.077972412109375 -0.0767898559570313 -0.140113830566406 -0.0490570068359375
0.0179405212402344 -0.0510749816894531 -0.0535812377929688 -0.0134696960449219
-0.00278472900390625 -0.037750244140625 0.0266036987304688 -0.039764404296875
-0.0142049789428711 -0.0148191452026367 0.0340957641601563 -0.0771865844726563
-0.0127353668212891 -0.0138664245605469 0.0170211791992187 -0.101654052734375
-0.0213451385498047 -0.00337600708007813 -0.0320968627929687 -0.111412048339844
-0.0381050109863281 0.00538253784179688 -0.0759201049804688 -0.0819015502929687
-0.0441246032714844 0.000225067138671885 -0.070343017578125 -0.0508346557617188
-0.0535888671875 0.00406646728515625 -0.0659675598144531 -0.0277481079101562
-0.0511970520019531 -0.0148849487304688 -0.0524940490722656 -0.0164031982421875
-0.0457077026367188 -0.0394401550292969 -0.0420112609863281 0.002044677734375
-0.031951904296875 -0.0599212646484375 -0.0485153198242187 0.0154151916503906
0.0111846923828125 -0.0797042846679688 -0.0549659729003906 0.0287971496582031
0.0350189208984375 -0.0895767211914063 -0.0797195434570313 0.0663833618164063
0.0813064575195313 -0.0870437622070313 -0.093994140625 0.0740280151367188
0.129608154296875 -0.0689315795898438 -0.104011535644531 -0.0721664428710938
0.0721282958984375 -0.0528564453125 -0.026947021484375 -0.0310630798339844
0.0536537170410156 -0.0631256103515625 0.0463981628417969 -0.0489082336425781
0.0176658630371094 -0.0542564392089844 0.0450668334960938 -0.0872573852539063
0.0029144287109375 -0.0561561584472656 0.0238800048828125 -0.10382080078125
-0.030181884765625 -0.0428543090820313 -0.0254974365234375 -0.10845947265625
-0.060028076171875 -0.0254631042480469 -0.0595245361328125 -0.0786514282226562
-0.0638847351074219 -0.0280265808105469 -0.0476837158203125 -0.0478134155273438
-0.0794906616210938 -0.0202255249023437 -0.044342041015625 -0.0264053344726563
-0.0701065063476563 -0.0391960144042969 -0.0340118408203125 -0.00875473022460938
-0.0559158325195312 -0.0713272094726563 -0.0281848907470703 0.00802993774414062
-0.0308074951171875 -0.0948410034179688 -0.0406723022460938 0.0138168334960937
0.0391693115234375 -0.108932495117188 -0.0425834655761719 0.0166435241699219
0.0698394775390625 -0.107803344726563 -0.0568275451660156 0.0402107238769531
0.124443054199219 -0.0915374755859375 -0.0528411865234375 0.0510482788085938
0.160614013671875 -0.0532379150390625 -0.0511016845703125 -0.09014892578125
0.115753173828125 -0.048828125 0.0105094909667969 -0.04632568359375
0.101539611816406 -0.0833511352539062 0.0676155090332031 -0.054443359375
0.0451278686523438 -0.0906829833984375 0.05621337890625 -0.0880050659179688
0.0147476196289062 -0.093536376953125 0.0315170288085938 -0.093963623046875
-0.0371017456054688 -0.0764389038085938 -0.0131454467773437 -0.091583251953125
-0.0738677978515625 -0.0517349243164062 -0.0335960388183594 -0.0642013549804688
-0.0745925903320312 -0.0523223876953125 -0.0177536010742188 -0.0374069213867188
-0.0923309326171875 -0.042205810546875 -0.0157413482666016 -0.0198898315429688
-0.0765304565429688 -0.0576858520507812 -0.0105018615722656 0.00246906280517578
-0.0565109252929688 -0.0937881469726562 -0.012660026550293 0.0153627395629883
-0.0250167846679687 -0.115966796875 -0.03131103515625 0.0134944915771484
0.062408447265625 -0.122604370117187 -0.0323657989501953 0.0048389434814453
0.0965194702148438 -0.109352111816406 -0.0334568023681641 0.00956153869628905
0.150466918945313 -0.0803985595703125 -0.00325775146484374 0.0257339477539062
0.164749145507812 -0.032073974609375 0.00745391845703127 -0.101982116699219
0.136093139648438 -0.0374984741210938 0.0516510009765625 -0.0617637634277344
0.128532409667969 -0.089385986328125 0.0835723876953125 -0.05767822265625
0.0613174438476563 -0.109901428222656 0.06402587890625 -0.0796127319335938
0.0220413208007813 -0.112991333007813 0.0400390625 -0.0732421875
-0.0396652221679687 -0.0954055786132813 0.00422668457031249 -0.0651512145996094
-0.0763626098632813 -0.06878662109375 -0.00176620483398438 -0.0429153442382813
-0.0730972290039063 -0.068511962890625 0.0146999359130859 -0.0219688415527344
-0.0900802612304688 -0.0603103637695312 0.0151023864746094 -0.00772190093994141
-0.0681991577148438 -0.0716018676757813 0.0122213363647461 0.0174360275268555
-0.0428314208984375 -0.1046142578125 0.00189018249511719 0.0251808166503906
-0.0076141357421875 -0.121200561523438 -0.0227146148681641 0.0144977569580078
0.0843734741210938 -0.114486694335937 -0.0234642028808594 -0.00596809387207032
0.114692687988281 -0.0898971557617188 -0.00891685485839843 -0.0194740295410156
0.156936645507813 -0.053558349609375 0.0496482849121094 0.0046234130859375
0.140480041503906 -0.0077972412109375 0.06134033203125 -0.109786987304688
0.127822875976563 -0.0193328857421875 0.0870361328125 -0.0777969360351563
0.12738037109375 -0.0754241943359375 0.089202880859375 -0.0591354370117188
0.0636825561523438 -0.104087829589844 0.0663185119628906 -0.0657424926757813
0.02490234375 -0.107490539550781 0.045867919921875 -0.0474891662597656
-0.03472900390625 -0.09478759765625 0.0248813629150391 -0.0348587036132813
-0.06707763671875 -0.0734329223632812 0.0312232971191406 -0.0200481414794922
-0.0611801147460938 -0.074554443359375 0.0440483093261719 -0.00414276123046875
-0.0748138427734375 -0.0705413818359375 0.0416450500488281 0.0104751586914062
-0.0484542846679687 -0.0777969360351563 0.0292396545410156 0.0378036499023437
-0.0177688598632813 -0.103141784667969 0.0103836059570313 0.0391120910644531
0.0179901123046875 -0.110298156738281 -0.0160140991210938 0.0189704895019531
0.102279663085938 -0.085418701171875 -0.0136890411376953 -0.0103168487548828
0.121833801269531 -0.0513839721679688 0.0170059204101563 -0.0374946594238281
0.141891479492188 -0.016143798828125 0.0976333618164063 -0.00611114501953125
0.093841552734375 0.0177459716796875 0.09954833984375 -0.112686157226563
0.0969619750976563 0.00318145751953125 0.108406066894531 -0.08929443359375
0.103157043457031 -0.0444107055664063 0.0842971801757813 -0.0587997436523438
0.0549468994140625 -0.0755081176757812 0.0633506774902344 -0.0500755310058594
0.0259780883789063 -0.0800323486328125 0.0482177734375 -0.0221061706542969
-0.0203094482421875 -0.0768814086914063 0.0431938171386719 -0.00867080688476563
-0.0458946228027344 -0.0665206909179688 0.0592613220214844 -0.000232696533203129
-0.04083251953125 -0.0687828063964844 0.0663490295410156 0.0140533447265625
-0.0495376586914062 -0.07110595703125 0.0619583129882812 0.032073974609375
-0.0250396728515625 -0.0734405517578125 0.0376243591308594 0.0610389709472656
0.00752258300781251 -0.0889816284179688 0.0104637145996094 0.0568122863769531
0.0404434204101562 -0.0850143432617188 -0.0123023986816406 0.0277233123779297
0.106422424316406 -0.0445632934570313 -0.00566101074218749 -0.0055837631225586
0.111083984375 -0.005706787109375 0.0410804748535156 -0.0385894775390625
0.107017517089844 0.0229110717773438 0.13580322265625 -0.00244140625
0.0356712341308594 0.04302978515625 0.11572265625 -0.109626770019531
0.0543632507324219 0.0294342041015625 0.111946105957031 -0.0940170288085938
0.06622314453125 -0.00436782836914063 0.0707855224609375 -0.0527496337890625
0.0409126281738281 -0.0321884155273438 0.0580482482910156 -0.0340957641601562
0.0280342102050781 -0.0377006530761719 0.0481300354003906 -0.00433731079101563
0.00244140625 -0.0478019714355469 0.0561637878417969 0.00876235961914062
-0.0157470703125 -0.0511207580566406 0.076171875 0.0147781372070312
-0.0140037536621094 -0.0532379150390625 0.0781631469726563 0.0302734375
-0.0208473205566406 -0.0597496032714844 0.0723419189453125 0.05487060546875
-0.0043792724609375 -0.0575485229492188 0.0378341674804688 0.0841064453125
0.0220832824707031 -0.0639839172363281 0.00511932373046875 0.0740509033203125
0.0468711853027344 -0.0537986755371094 -0.0128288269042969 0.0411643981933594
0.0902633666992188 -0.00753021240234375 -0.00146961212158203 0.00829362869262695
0.0816726684570313 0.0338058471679688 0.0573005676269531 -0.0235443115234375
0.0560035705566406 0.0540084838867188 0.157730102539063 0.014678955078125
0.013885498046875 -0.0732650756835938 -0.154937744140625 -0.0199432373046875
-0.0359001159667969 -0.0396041870117188 -0.0624656677246094 0.00997924804687499
-0.0518646240234375 -0.00857925415039062 0.0131683349609375 -0.0247230529785156
-0.0388069152832031 0.0222091674804688 0.0269889831542969 -0.0608024597167969
-0.0229587554931641 0.0255165100097656 0.0103302001953125 -0.0907669067382813
-0.00755500793457032 0.0322284698486328 -0.03582763671875 -0.102264404296875
-0.0092315673828125 0.0323829650878906 -0.0826797485351562 -0.07244873046875
-0.0164241790771484 0.0274734497070312 -0.082122802734375 -0.0434112548828125
-0.0184001922607422 0.0278396606445313 -0.0769805908203125 -0.021392822265625
-0.0246315002441406 0.0134868621826172 -0.0635986328125 -0.0172500610351562
-0.0307369232177734 0.00169181823730469 -0.0515213012695313 0.000850677490234381
-0.0348567962646484 -0.0129814147949219 -0.0551681518554688 0.0208549499511719
-0.0266609191894531 -0.0403976440429687 -0.0677757263183594 0.0393180847167969
-0.0114250183105469 -0.0596542358398438 -0.0963287353515625 0.0826797485351563
0.0219650268554688 -0.0721588134765625 -0.11798095703125 0.0936737060546875
0.0749740600585938 -0.0776519775390625 -0.139297485351563 -0.0460891723632813
0.0153999328613281 -0.0503883361816406 -0.0519447326660156 -0.00996017456054688
-0.00406646728515625 -0.0364837646484375 0.0265464782714844 -0.0384254455566406
-0.0137186050415039 -0.0129632949829102 0.0343093872070312 -0.0756454467773438
-0.01171875 -0.012598991394043 0.0165939331054687 -0.100814819335937
-0.0194358825683594 -0.00323867797851562 -0.0324172973632812 -0.11016845703125
-0.0358657836914063 0.00550460815429688 -0.0760955810546875 -0.0797195434570313
-0.0430412292480469 0.000957489013671867 -0.0704498291015625 -0.0482864379882812
-0.0520172119140625 0.0044708251953125 -0.0668220520019531 -0.0259246826171875
-0.0494537353515625 -0.0142364501953125 -0.0544853210449219 -0.0154380798339844
-0.0440864562988281 -0.0378074645996094 -0.0436744689941406 0.00222396850585938
-0.03204345703125 -0.0571098327636719 -0.0497894287109375 0.0147323608398438
0.00891876220703125 -0.0776138305664063 -0.0547103881835938 0.02764892578125
0.031646728515625 -0.0875778198242188 -0.0778350830078125 0.0657577514648438
0.078094482421875 -0.0878677368164063 -0.0919189453125 0.0764007568359375
0.126129150390625 -0.0705108642578125 -0.103858947753906 -0.0689315795898437
0.0696640014648438 -0.052490234375 -0.0265846252441406 -0.0273990631103516
0.0506210327148437 -0.0630378723144531 0.046783447265625 -0.0482215881347656
0.0169563293457031 -0.0522613525390625 0.0446395874023438 -0.0859603881835938
0.00212860107421875 -0.0546188354492188 0.0235214233398437 -0.102828979492187
-0.029266357421875 -0.0415306091308594 -0.0264434814453125 -0.106697082519531
-0.0581626892089844 -0.0243759155273437 -0.05975341796875 -0.0760726928710937
-0.0631942749023438 -0.026580810546875 -0.0480575561523438 -0.046051025390625
-0.0782394409179688 -0.0181884765625 -0.0449104309082031 -0.0247764587402344
-0.0681037902832031 -0.0374488830566406 -0.0359039306640625 -0.00751495361328125
-0.0552444458007813 -0.06878662109375 -0.0307521820068359 0.00720977783203124
-0.03167724609375 -0.0919723510742187 -0.04254150390625 0.013153076171875
0.035888671875 -0.107070922851563 -0.0429306030273437 0.0155410766601562
0.0655899047851563 -0.106338500976562 -0.0560417175292969 0.0407485961914063
0.1204833984375 -0.0930328369140625 -0.0518035888671875 0.0528068542480469
0.157302856445313 -0.055938720703125 -0.0525436401367187 -0.0875167846679688
0.112785339355469 -0.0499267578125 0.0101661682128906 -0.0433197021484375
0.0986328125 -0.0851593017578125 0.0674896240234375 -0.0534210205078125
0.0425949096679688 -0.0889205932617188 0.0552825927734375 -0.08660888671875
0.0131301879882812 -0.0918350219726563 0.0313949584960938 -0.0932846069335937
-0.037567138671875 -0.0742950439453125 -0.0140304565429687 -0.0898590087890625
-0.0724716186523438 -0.0494308471679687 -0.0343246459960938 -0.0628547668457031
-0.0739669799804688 -0.0497970581054687 -0.0184097290039062 -0.0368003845214844
-0.0908203125 -0.0390853881835938 -0.0167140960693359 -0.0184917449951172
-0.0752639770507813 -0.0554428100585938 -0.0127983093261719 0.00308227539062499
-0.0569839477539062 -0.0909423828125 -0.0146923065185547 0.0151176452636719
-0.02685546875 -0.113319396972656 -0.0341720581054688 0.0128898620605469
0.0587158203125 -0.121505737304688 -0.0341949462890625 0.00368881225585936
0.0921707153320312 -0.10845947265625 -0.0339679718017578 0.00954818725585937
0.147109985351563 -0.0821990966796875 -0.00344085693359374 0.0272998809814453
0.163177490234375 -0.03436279296875 0.00539398193359377 -0.100883483886719
0.133125305175781 -0.0389404296875 0.0503463745117188 -0.0589408874511719
0.125320434570313 -0.0911407470703125 0.0830764770507813 -0.056884765625
0.0585861206054688 -0.108894348144531 0.063507080078125 -0.0787124633789063
0.019744873046875 -0.112075805664062 0.0392303466796875 -0.0726470947265625
-0.0405349731445313 -0.0926437377929687 0.00368499755859375 -0.0633659362792969
-0.07562255859375 -0.0656585693359375 -0.00233078002929688 -0.0428504943847656
-0.073089599609375 -0.0662460327148438 0.0137844085693359 -0.0224723815917969
-0.0892181396484375 -0.0570068359375 0.0135164260864258 -0.00669288635253907
-0.0676651000976563 -0.0688858032226562 0.0106163024902344 0.0178050994873047
-0.04412841796875 -0.101974487304688 -0.000837326049804691 0.0247611999511719
-0.00987243652343751 -0.118797302246094 -0.0254096984863281 0.0139274597167969
0.0808029174804688 -0.114791870117188 -0.0252475738525391 -0.00667381286621094
0.111518859863281 -0.0897674560546875 -0.0102634429931641 -0.0185356140136719
0.153961181640625 -0.056182861328125 0.0478134155273438 0.00494384765625
0.139671325683594 -0.01007080078125 0.0577545166015625 -0.108757019042969
0.126380920410156 -0.0208511352539063 0.0846176147460938 -0.0755081176757813
0.125099182128906 -0.0774765014648438 0.0889205932617188 -0.0588455200195313
0.0608062744140625 -0.10394287109375 0.0660629272460938 -0.064727783203125
0.0222549438476562 -0.107383728027344 0.0460319519042969 -0.0475959777832031
-0.0357818603515625 -0.092498779296875 0.0249404907226562 -0.0339851379394531
-0.0677757263183594 -0.0699539184570313 0.0305271148681641 -0.0203227996826172
-0.0624237060546875 -0.0714645385742188 0.0430870056152344 -0.00549697875976563
-0.0751419067382813 -0.0674514770507813 0.0401687622070313 0.0105934143066406
-0.0488739013671875 -0.075408935546875 0.0273590087890625 0.037841796875
-0.0203704833984375 -0.100967407226563 0.00761032104492187 0.0384292602539063
0.0155029296875 -0.108978271484375 -0.0186977386474609 0.0184001922607422
0.0999755859375 -0.0865478515625 -0.0160970687866211 -0.0112075805664063
0.118667602539062 -0.05224609375 0.0147552490234375 -0.0370445251464844
0.141372680664063 -0.0187835693359375 0.0951766967773438 -0.0057373046875
0.0939483642578125 0.0161895751953125 0.0958480834960938 -0.112754821777344
0.0971527099609375 0.00243377685546875 0.104804992675781 -0.0880508422851563
0.101966857910156 -0.04669189453125 0.0836410522460938 -0.0576171875
0.0530929565429688 -0.0758590698242188 0.063079833984375 -0.049102783203125
0.023834228515625 -0.0800018310546875 0.0486793518066406 -0.022247314453125
-0.021453857421875 -0.07464599609375 0.0430717468261719 -0.00871658325195313
-0.0468902587890625 -0.0630874633789063 0.058807373046875 -0.00165939331054688
-0.0422286987304688 -0.0661582946777344 0.0659027099609375 0.0120468139648437
-0.0511360168457031 -0.0677947998046875 0.0604019165039063 0.0318450927734375
-0.025360107421875 -0.0711135864257813 0.036712646484375 0.06072998046875
0.00441741943359376 -0.0877685546875 0.00847244262695313 0.0561447143554688
0.0378036499023438 -0.085296630859375 -0.0150241851806641 0.0273799896240234
0.104316711425781 -0.0473403930664062 -0.00781774520874023 -0.00654792785644532
0.109786987304688 -0.007568359375 0.0385093688964844 -0.0387039184570313
0.107276916503906 0.0208282470703125 0.132774353027344 -0.003143310546875
0.0366439819335938 0.0422821044921875 0.112007141113281 -0.110137939453125
0.0547065734863281 0.0280876159667969 0.108375549316406 -0.093475341796875
0.0662651062011719 -0.00659942626953125 0.0705337524414062 -0.051605224609375
0.0397148132324219 -0.0336494445800781 0.0579032897949219 -0.0335884094238281
0.0265007019042969 -0.0392341613769531 0.0487174987792969 -0.00477981567382813
0.000389099121093751 -0.0469818115234375 0.05621337890625 0.00812530517578125
-0.0176124572753906 -0.0486602783203125 0.0760498046875 0.0119857788085937
-0.0160331726074219 -0.0512008666992188 0.0776824951171875 0.027618408203125
-0.0226020812988281 -0.0577507019042969 0.07220458984375 0.0534210205078125
-0.006317138671875 -0.0555152893066406 0.0378341674804688 0.083251953125
0.0190582275390625 -0.0635643005371094 0.00483703613281249 0.0729522705078125
0.044891357421875 -0.0547599792480469 -0.0141944885253906 0.0400581359863281
0.0897598266601562 -0.0103073120117187 -0.00336408615112304 0.00642967224121094
0.0821151733398438 0.0314483642578125 0.0548896789550781 -0.0247459411621094
0.0566635131835938 0.0520362854003906 0.155166625976563 0.0132904052734375
0.0111846923828125 -0.07427978515625 -0.156845092773438 -0.01806640625
-0.0381431579589844 -0.039154052734375 -0.0612640380859375 0.0123634338378906
-0.0532913208007813 -0.006378173828125 0.0138416290283203 -0.0238265991210937
-0.0375595092773438 0.0248794555664063 0.02850341796875 -0.0615806579589844
-0.0218620300292969 0.0274639129638672 0.0102996826171875 -0.0921096801757812
-0.00592803955078125 0.0315437316894531 -0.0368423461914063 -0.103866577148438
-0.00785446166992188 0.0316524505615234 -0.085052490234375 -0.0720062255859375
-0.0159072875976562 0.0275859832763672 -0.0838699340820313 -0.0418624877929687
-0.0173854827880859 0.0281162261962891 -0.0787734985351563 -0.0199050903320313
-0.0239028930664062 0.0127086639404297 -0.0667304992675781 -0.0166282653808594
-0.0298862457275391 0.00246047973632813 -0.0545158386230469 0.00144577026367188
-0.0361213684082031 -0.0107879638671875 -0.0573692321777344 0.0206375122070313
-0.0289344787597656 -0.03936767578125 -0.0682334899902344 0.0390739440917969
-0.0137977600097656 -0.0592765808105469 -0.09588623046875 0.0846099853515625
0.0190658569335937 -0.0738372802734375 -0.117637634277344 0.0978622436523438
0.0730209350585938 -0.0804443359375 -0.141738891601563 -0.04364013671875
0.0143089294433594 -0.0510902404785156 -0.050933837890625 -0.00716400146484376
-0.00541305541992187 -0.0360641479492188 0.0274391174316406 -0.0383110046386719
-0.0135602951049805 -0.0110330581665039 0.0350570678710938 -0.0764083862304687
-0.0114202499389648 -0.0114307403564453 0.016021728515625 -0.101898193359375
-0.0186882019042969 -0.0031585693359375 -0.0341720581054688 -0.111061096191406
-0.0346450805664062 0.00520896911621094 -0.07794189453125 -0.0784378051757812
-0.0428619384765625 0.00146102905273437 -0.07257080078125 -0.0472183227539062
-0.0513687133789063 0.00565719604492188 -0.0687828063964844 -0.0241966247558594
-0.0487823486328125 -0.0143241882324219 -0.0571975708007812 -0.0142822265625
-0.0438919067382813 -0.0365371704101563 -0.0467758178710938 0.00244522094726561
-0.0333099365234375 -0.0557022094726563 -0.0522422790527344 0.015533447265625
0.006591796875 -0.077545166015625 -0.0554313659667969 0.0272216796875
0.0288619995117188 -0.08758544921875 -0.0775070190429688 0.067779541015625
0.0757369995117188 -0.090850830078125 -0.0920181274414063 0.0809555053710937
0.125648498535156 -0.0746536254882813 -0.106887817382812 -0.0673980712890625
0.06866455078125 -0.0543403625488281 -0.0260791778564453 -0.0248126983642578
0.0499496459960937 -0.0649147033691406 0.0480155944824219 -0.0484390258789063
0.0164375305175781 -0.0521697998046875 0.0455245971679688 -0.0866622924804687
0.001739501953125 -0.0546951293945313 0.0227584838867188 -0.104278564453125
-0.0294227600097656 -0.0416145324707031 -0.0277481079101563 -0.107704162597656
-0.0576667785644531 -0.0233078002929687 -0.0612106323242188 -0.0753707885742188
-0.0642967224121094 -0.0256996154785156 -0.0501441955566406 -0.0453643798828125
-0.078338623046875 -0.0167694091796875 -0.0479469299316406 -0.0229911804199219
-0.0681953430175781 -0.0368614196777344 -0.0385017395019531 -0.00683212280273438
-0.0557365417480469 -0.0679435729980469 -0.0336074829101563 0.00790977478027343
-0.0337905883789063 -0.0909194946289063 -0.0458717346191406 0.0133857727050781
0.0331878662109375 -0.108749389648438 -0.0447311401367187 0.0151405334472656
0.0630950927734375 -0.10748291015625 -0.0562896728515625 0.0420646667480469
0.119895935058594 -0.097412109375 -0.0518150329589844 0.0561180114746094
0.158355712890625 -0.060455322265625 -0.0555419921875 -0.087554931640625
0.1134033203125 -0.0521392822265625 0.0100479125976563 -0.0408172607421875
0.0972137451171875 -0.0886154174804688 0.069061279296875 -0.0548324584960938
0.041656494140625 -0.0903854370117188 0.0559768676757813 -0.0879364013671875
0.01153564453125 -0.093231201171875 0.0306472778320313 -0.0946731567382813
-0.0387191772460938 -0.07403564453125 -0.0153427124023437 -0.090423583984375
-0.0730209350585938 -0.0482711791992187 -0.0354652404785156 -0.0623435974121094
-0.0757827758789063 -0.0491867065429687 -0.0195846557617187 -0.0367927551269531
-0.0928497314453125 -0.0376434326171875 -0.0187835693359375 -0.0173606872558594
-0.0759963989257813 -0.0550613403320312 -0.0147294998168945 0.0034952163696289
-0.0581512451171875 -0.0898971557617188 -0.0175714492797852 0.0154762268066406
-0.0287551879882813 -0.113388061523438 -0.0376701354980469 0.0132713317871094
0.0567474365234375 -0.123725891113281 -0.0361480712890625 0.00308227539062499
0.0902023315429688 -0.110282897949219 -0.0348243713378906 0.0105419158935547
0.147659301757813 -0.0870513916015625 -0.00332832336425781 0.0290870666503906
0.164215087890625 -0.038726806640625 0.00297546386718751 -0.101791381835938
0.134757995605469 -0.0413894653320313 0.0497283935546875 -0.0582351684570313
0.124412536621094 -0.0959548950195312 0.0848007202148438 -0.0586090087890625
0.0573806762695313 -0.111061096191406 0.064422607421875 -0.0800323486328125
0.0172805786132813 -0.114158630371094 0.0398406982421875 -0.074249267578125
-0.0423355102539062 -0.0926437377929688 0.00381088256835937 -0.0641632080078125
-0.0772705078125 -0.0640106201171875 -0.0027618408203125 -0.0427970886230469
-0.0760040283203125 -0.0649337768554688 0.0134677886962891 -0.0232772827148438
-0.0914154052734375 -0.0555496215820313 0.0124025344848633 -0.00596714019775391
-0.068756103515625 -0.0678672790527344 0.00953865051269531 0.0188503265380859
-0.045989990234375 -0.101287841796875 -0.00318145751953125 0.0252285003662109
-0.0126495361328125 -0.120025634765625 -0.0289840698242188 0.014007568359375
0.0795516967773438 -0.117652893066406 -0.0275230407714844 -0.0070171356201172
0.110015869140625 -0.091583251953125 -0.0116939544677734 -0.0188579559326172
0.155899047851562 -0.0608367919921875 0.0481681823730469 0.0061492919921875
0.142425537109375 -0.013336181640625 0.0556640625 -0.111465454101562
0.128242492675781 -0.0230636596679688 0.083770751953125 -0.0755538940429688
0.125778198242188 -0.0818023681640625 0.0903396606445313 -0.0606842041015625
0.0594863891601563 -0.105865478515625 0.0668830871582031 -0.0661735534667969
0.0204315185546875 -0.109703063964844 0.0468788146972656 -0.0483512878417969
-0.0382766723632813 -0.0923538208007812 0.0252838134765625 -0.0339622497558594
-0.0693435668945313 -0.068115234375 0.031158447265625 -0.021728515625
-0.0652656555175781 -0.0701446533203125 0.0432968139648437 -0.00741958618164063
-0.0774765014648438 -0.0658721923828125 0.0404052734375 0.0104598999023437
-0.0506744384765625 -0.0746688842773437 0.0275077819824219 0.0385780334472656
-0.0228195190429687 -0.101486206054687 0.00581741333007812 0.0390548706054687
0.013275146484375 -0.110458374023438 -0.0209884643554687 0.0181903839111328
0.0992202758789062 -0.0902481079101563 -0.0187931060791016 -0.0116996765136719
0.119338989257813 -0.0549697875976563 0.0133323669433594 -0.0377883911132812
0.14361572265625 -0.0219573974609375 0.0962982177734375 -0.006591796875
0.0972366333007813 0.0146713256835938 0.0943222045898437 -0.116073608398437
0.0992965698242188 0.00127410888671875 0.103523254394531 -0.0887527465820313
0.104118347167969 -0.0504226684570312 0.0841903686523438 -0.05877685546875
0.0520401000976563 -0.0779647827148438 0.0644111633300781 -0.0501670837402344
0.0217361450195313 -0.08251953125 0.0502510070800781 -0.0230865478515625
-0.0239410400390625 -0.0748825073242188 0.0456390380859375 -0.0092010498046875
-0.04925537109375 -0.0617523193359375 0.0597114562988281 -0.00314712524414063
-0.0451087951660156 -0.0654144287109375 0.066864013671875 0.0100669860839844
-0.0539512634277344 -0.0667991638183594 0.0610847473144531 0.0309333801269531
-0.0274734497070312 -0.0707473754882812 0.0369453430175781 0.0615005493164062
0.00213623046875 -0.0878372192382812 0.00753021240234375 0.0567131042480469
0.0360641479492188 -0.0874176025390625 -0.0173492431640625 0.0268077850341797
0.105506896972656 -0.0506362915039063 -0.0100536346435547 -0.00737953186035157
0.111892700195312 -0.0099945068359375 0.0365943908691406 -0.0403327941894531
0.110015869140625 0.0184707641601563 0.134407043457031 -0.00453948974609375
0.0391273498535156 0.0425148010253906 0.111190795898438 -0.114273071289063
0.0572929382324219 0.0278778076171875 0.106979370117187 -0.0953903198242187
0.0682907104492188 -0.00978851318359375 0.0716171264648438 -0.0522689819335937
0.0390434265136719 -0.0356597900390625 0.0593338012695313 -0.034576416015625
0.025054931640625 -0.041107177734375 0.0507469177246094 -0.00532913208007813
-0.00171279907226563 -0.0468826293945312 0.0578041076660156 0.00713729858398437
-0.0190887451171875 -0.0474853515625 0.0776290893554688 0.0100860595703125
-0.0181617736816406 -0.0510902404785156 0.0799026489257813 0.0255203247070312
-0.0250816345214844 -0.0567855834960938 0.0731353759765625 0.0529022216796875
-0.00777435302734375 -0.0554695129394531 0.0394439697265625 0.0844268798828125
0.017059326171875 -0.0641098022460938 0.00366973876953125 0.074615478515625
0.0438003540039063 -0.0566024780273438 -0.0167388916015625 0.0400238037109375
0.0913848876953125 -0.0133514404296875 -0.00529003143310546 0.00551652908325195
0.084381103515625 0.0298080444335938 0.0534324645996094 -0.0265655517578125
0.0593605041503906 0.051910400390625 0.156814575195313 0.01177978515625
0.00691986083984375 -0.07672119140625 -0.160354614257813 -0.0119476318359375
-0.0406417846679688 -0.0376014709472656 -0.0603866577148438 0.0165023803710938
-0.0547103881835938 -0.00306320190429689 0.0145626068115234 -0.0233612060546875
-0.0362281799316406 0.0285148620605469 0.0285835266113281 -0.0630989074707031
-0.0197906494140625 0.0298099517822266 0.008544921875 -0.0949172973632813
-0.00363349914550782 0.0313072204589844 -0.04107666015625 -0.105766296386719
-0.00572395324707031 0.0310173034667969 -0.0885772705078125 -0.0693740844726563
-0.0143108367919922 0.0281620025634766 -0.0876312255859375 -0.0386734008789063
-0.0159740447998047 0.0287895202636719 -0.081939697265625 -0.0166549682617188
-0.0227508544921875 0.0131683349609375 -0.0704803466796875 -0.0142745971679687
-0.0288562774658203 0.00372314453125 -0.0576095581054688 0.00388717651367188
-0.0362205505371094 -0.00829315185546875 -0.0592842102050781 0.0224838256835937
-0.0324668884277344 -0.037811279296875 -0.0687332153320313 0.0406112670898437
-0.01776123046875 -0.0594253540039063 -0.0943984985351563 0.0892715454101562
0.0152130126953125 -0.076446533203125 -0.116165161132812 0.106315612792969
0.0695953369140625 -0.085296630859375 -0.146591186523438 -0.0383758544921875
0.0115928649902344 -0.0521087646484375 -0.050872802734375 -0.00399017333984375
-0.0081329345703125 -0.0356559753417969 0.0278358459472656 -0.0390396118164063
-0.0131607055664062 -0.00915622711181641 0.03424072265625 -0.079010009765625
-0.0110340118408203 -0.0107841491699219 0.0137786865234375 -0.105209350585938
-0.0178546905517578 -0.00319671630859375 -0.038482666015625 -0.11273193359375
-0.0342254638671875 0.005828857421875 -0.082794189453125 -0.0771636962890625
-0.0432357788085938 0.00279998779296875 -0.076171875 -0.044403076171875
-0.0516548156738281 0.00780868530273437 -0.0724563598632813 -0.020599365234375
-0.0494041442871094 -0.0130424499511719 -0.0608367919921875 -0.0121841430664063
-0.04461669921875 -0.0354347229003906 -0.0500907897949219 0.00389862060546874
-0.0355415344238281 -0.0541915893554688 -0.0548896789550781 0.017120361328125
0.00247192382812501 -0.0782394409179688 -0.0564956665039063 0.0286483764648437
0.024658203125 -0.0898056030273437 -0.0764694213867187 0.0717926025390625
0.0728225708007812 -0.0968704223632812 -0.0909194946289062 0.08770751953125
0.124359130859375 -0.0824813842773438 -0.111968994140625 -0.0638275146484375
0.0673561096191406 -0.0579681396484375 -0.0265102386474609 -0.0216751098632813
0.0466270446777344 -0.0678977966308594 0.0480422973632812 -0.0504417419433594
0.0148849487304688 -0.05206298828125 0.0447540283203125 -0.0896530151367188
-0.000274658203125003 -0.0554580688476563 0.0205001831054687 -0.10791015625
-0.0303764343261719 -0.0417098999023438 -0.0318069458007813 -0.108673095703125
-0.0586204528808594 -0.0224075317382813 -0.0657272338867188 -0.0746612548828125
-0.0659217834472656 -0.023284912109375 -0.0538253784179688 -0.0440330505371094
-0.0796890258789063 -0.0139541625976563 -0.051055908203125 -0.0204620361328125
-0.0701065063476563 -0.0358047485351563 -0.0417404174804688 -0.00505065917968749
-0.0584983825683594 -0.0674362182617188 -0.0370979309082031 0.00931549072265624
-0.0382156372070312 -0.0911102294921875 -0.0488662719726563 0.01483154296875
0.0292282104492188 -0.110984802246094 -0.0460052490234375 0.0157356262207031
0.0596466064453125 -0.110633850097656 -0.0559806823730469 0.0446853637695313
0.118034362792969 -0.105110168457031 -0.0504417419433594 0.0612144470214844
0.159149169921875 -0.0688018798828125 -0.0610198974609375 -0.0856170654296875
0.113601684570313 -0.0575408935546875 0.00944137573242188 -0.0395736694335938
0.0947036743164062 -0.09405517578125 0.069793701171875 -0.0573577880859375
0.0388717651367188 -0.0923538208007813 0.0553741455078125 -0.0911483764648437
0.00738525390624999 -0.0957717895507813 0.0291290283203125 -0.0973129272460938
-0.041717529296875 -0.0744247436523438 -0.0179061889648437 -0.091400146484375
-0.0755157470703125 -0.0462112426757813 -0.0383338928222656 -0.062164306640625
-0.0790786743164063 -0.0472030639648437 -0.0221939086914063 -0.0375175476074219
-0.0951004028320313 -0.0343704223632813 -0.0212020874023438 -0.0157299041748047
-0.07861328125 -0.0533905029296875 -0.0166206359863281 0.00504493713378906
-0.0626754760742187 -0.088531494140625 -0.020294189453125 0.0168190002441406
-0.0345230102539063 -0.114189147949219 -0.0409278869628906 0.0147933959960937
0.0521697998046875 -0.128662109375 -0.0383338928222656 0.00336837768554687
0.08740234375 -0.114967346191406 -0.0355644226074219 0.0117111206054687
0.147674560546875 -0.0955657958984375 -0.00208854675292968 0.0314483642578125
0.166534423828125 -0.0470733642578125 -0.00231170654296874 -0.103263854980469
0.136764526367188 -0.0470809936523438 0.0490379333496094 -0.0587959289550781
0.123016357421875 -0.104225158691406 0.0850677490234375 -0.062347412109375
0.0537490844726563 -0.115089416503906 0.0643692016601563 -0.08355712890625
0.0125350952148438 -0.117439270019531 0.0387344360351562 -0.07757568359375
-0.0467987060546875 -0.0925445556640625 0.0022125244140625 -0.065277099609375
-0.08111572265625 -0.061431884765625 -0.00480651855468751 -0.043792724609375
-0.0803985595703125 -0.0627670288085938 0.0121116638183594 -0.0247287750244141
-0.0956497192382813 -0.0518646240234375 0.0112228393554687 -0.00548362731933594
-0.072418212890625 -0.0665359497070313 0.00896453857421874 0.0196399688720703
-0.0514297485351562 -0.100395202636719 -0.00523948669433594 0.0263004302978516
-0.0181198120117188 -0.121330261230469 -0.0325717926025391 0.0158576965332031
0.076995849609375 -0.123649597167969 -0.0302658081054687 -0.00719642639160157
0.108917236328125 -0.0975341796875 -0.013580322265625 -0.0189552307128906
0.1575927734375 -0.06964111328125 0.0492668151855469 0.0053558349609375
0.14581298828125 -0.0194091796875 0.05181884765625 -0.115562438964844
0.131004333496094 -0.0274276733398438 0.0830612182617188 -0.0781784057617188
0.125114440917969 -0.0896072387695313 0.091094970703125 -0.0650100708007813
0.0566024780273438 -0.11090087890625 0.0665550231933594 -0.06951904296875
0.015594482421875 -0.11334228515625 0.0473213195800781 -0.0510215759277344
-0.042633056640625 -0.091796875 0.0258865356445312 -0.0357131958007813
-0.07281494140625 -0.0656890869140625 0.0306549072265625 -0.0238876342773438
-0.0698738098144531 -0.0687026977539063 0.0436553955078125 -0.0098876953125
-0.0819320678710938 -0.0624847412109375 0.0408287048339844 0.00982284545898437
-0.0540771484375 -0.073333740234375 0.0282173156738281 0.038787841796875
-0.0272140502929687 -0.102096557617188 0.00506591796874999 0.0403099060058594
0.00863647460937499 -0.113502502441406 -0.0247001647949219 0.019256591796875
0.098297119140625 -0.09686279296875 -0.02130126953125 -0.0122547149658203
0.120147705078125 -0.0606155395507813 0.0107612609863281 -0.0395774841308594
0.146392822265625 -0.0295562744140625 0.0983352661132813 -0.0097503662109375
0.101066589355469 0.0110931396484375 0.0914688110351563 -0.122764587402344
0.102874755859375 -0.00191497802734375 0.102249145507813 -0.093231201171875
0.1048583984375 -0.0569992065429688 0.0849990844726563 -0.0629730224609375
0.0501937866210938 -0.0823822021484375 0.0647697448730469 -0.0531883239746094
0.018096923828125 -0.0859756469726562 0.0521087646484375 -0.0257110595703125
-0.0279541015625 -0.0748825073242188 0.0468940734863281 -0.0104408264160156
-0.0529365539550781 -0.0596733093261719 0.0609970092773438 -0.00670623779296875
-0.0487899780273437 -0.0643234252929688 0.0677680969238281 0.00644302368164062
-0.0578575134277344 -0.0648765563964844 0.063201904296875 0.0299263000488281
-0.0310821533203125 -0.0703353881835938 0.0400505065917969 0.0624160766601562
-0.00227355957031249 -0.08978271484375 0.007354736328125 0.0577354431152344
0.032745361328125 -0.0913467407226563 -0.0198249816894531 0.0279140472412109
0.106208801269531 -0.0572586059570312 -0.0119171142578125 -0.00810337066650391
0.114402770996094 -0.0147247314453125 0.0350379943847656 -0.0427932739257813
0.114181518554688 0.014251708984375 0.136878967285156 -0.00923919677734375
0.0436210632324219 0.0411758422851563 0.108909606933594 -0.121971130371094
0.0608863830566406 0.0265464782714844 0.105110168457031 -0.100067138671875
0.0704116821289063 -0.0139541625976563 0.0720291137695313 -0.0549697875976562
0.038360595703125 -0.0385208129882813 0.0599861145019531 -0.03662109375
0.0231399536132813 -0.043792724609375 0.0532798767089844 -0.00736236572265625
-0.00433731079101563 -0.0475006103515625 0.0607681274414063 0.00518417358398437
-0.0219535827636719 -0.0456695556640625 0.0795974731445313 0.0062255859375
-0.0210456848144531 -0.0500221252441406 0.0815658569335938 0.0216445922851562
-0.0290031433105469 -0.0560379028320313 0.0772857666015625 0.0509262084960938
-0.0101242065429687 -0.0551834106445313 0.0427474975585938 0.0854949951171875
0.0135383605957031 -0.0659675598144531 0.00426483154296875 0.0763397216796875
0.0418472290039063 -0.060455322265625 -0.0176734924316406 0.0412330627441406
0.0936965942382813 -0.0186233520507813 -0.00674581527709961 0.00554752349853515
0.0885391235351563 0.0268096923828125 0.0524101257324219 -0.03021240234375
0.06396484375 0.0505790710449219 0.160476684570313 0.0060882568359375
0.000839233398437502 -0.0778274536132813 -0.162033081054688 -0.00292968750000002
-0.0444869995117188 -0.0351600646972656 -0.0582199096679688 0.0208396911621094
-0.0560493469238281 0.00131607055664062 0.0145797729492187 -0.023101806640625
-0.0336456298828125 0.0317916870117188 0.0265083312988281 -0.0649681091308594
-0.0169219970703125 0.0318603515625 0.004547119140625 -0.0962905883789063
-0.000555038452148438 0.03076171875 -0.0468673706054688 -0.105224609375
-0.00376701354980468 0.0303401947021484 -0.094024658203125 -0.0647964477539062
-0.0123672485351563 0.0286617279052734 -0.0903396606445313 -0.0324554443359375
-0.0138092041015625 0.0292606353759766 -0.0848159790039063 -0.0109939575195313
-0.0215797424316406 0.0138130187988281 -0.074005126953125 -0.00955200195312499
-0.0274200439453125 0.00547218322753906 -0.0599288940429687 0.00669097900390625
-0.0370101928710938 -0.0048980712890625 -0.0600700378417969 0.0256423950195313
-0.0355262756347656 -0.0343132019042969 -0.067657470703125 0.0426216125488281
-0.0226707458496094 -0.057708740234375 -0.0902175903320312 0.0950393676757813
0.00937652587890625 -0.07843017578125 -0.110435485839844 0.116020202636719
0.0640335083007813 -0.0912094116210938 -0.149749755859375 -0.0298004150390625
0.00811386108398437 -0.0527763366699219 -0.0499610900878906 0.000568389892578125
-0.0110759735107422 -0.0341949462890625 0.0270042419433594 -0.0404853820800781
-0.0132951736450195 -0.00695419311523437 0.0323944091796875 -0.0808563232421875
-0.0106592178344727 -0.00890541076660156 0.00918579101562501 -0.107101440429688
-0.0170888900756836 -0.003265380859375 -0.0446624755859375 -0.112174987792969
-0.0328426361083984 0.00643539428710938 -0.0879669189453125 -0.0724258422851563
-0.0426521301269531 0.00517272949218749 -0.0802536010742188 -0.0395736694335938
-0.0507659912109375 0.0106315612792969 -0.0758285522460938 -0.0155868530273438
-0.0498161315917969 -0.0111656188964844 -0.0645942687988281 -0.00815582275390625
-0.0456085205078125 -0.0333175659179688 -0.0530662536621094 0.00723266601562501
-0.039215087890625 -0.0516014099121094 -0.0566062927246094 0.0199203491210937
-0.00241851806640625 -0.0777435302734375 -0.0560455322265625 0.0293922424316406
0.0185012817382812 -0.0906829833984375 -0.0736923217773437 0.0763702392578125
0.0669937133789063 -0.102836608886719 -0.0863800048828125 0.0957412719726563
0.119476318359375 -0.0911865234375 -0.117515563964844 -0.056854248046875
0.0640602111816406 -0.0621414184570313 -0.0263309478759766 -0.0180511474609375
0.042083740234375 -0.0708160400390625 0.0468673706054688 -0.053131103515625
0.0123062133789062 -0.0523948669433594 0.0416030883789063 -0.0921554565429688
-0.00299453735351562 -0.0553817749023438 0.0156173706054687 -0.109764099121094
-0.032379150390625 -0.0406913757324219 -0.0373992919921875 -0.108268737792969
-0.0595359802246094 -0.0194892883300781 -0.070648193359375 -0.0709228515625
-0.0678977966308594 -0.0202178955078125 -0.0569801330566406 -0.0408668518066406
-0.08056640625 -0.009063720703125 -0.0537185668945313 -0.0164451599121094
-0.071929931640625 -0.032318115234375 -0.0445747375488281 -0.0015106201171875
-0.0619468688964844 -0.0638694763183594 -0.0395698547363281 0.012176513671875
-0.0434951782226562 -0.0882110595703125 -0.0512161254882813 0.0178565979003906
0.0224990844726562 -0.113014221191406 -0.0470314025878906 0.0164375305175781
0.0528640747070313 -0.114418029785156 -0.0542755126953125 0.0477104187011719
0.112709045410156 -0.114265441894531 -0.0474891662597656 0.0664863586425781
0.156570434570313 -0.0802001953125 -0.0677261352539063 -0.08197021484375
0.110893249511719 -0.0642318725585938 0.00838851928710939 -0.0377082824707031
0.0890884399414063 -0.101325988769531 0.0681304931640625 -0.061737060546875
0.0341339111328125 -0.0946502685546875 0.0525741577148438 -0.0945053100585937
0.00195312499999999 -0.0960159301757813 0.0246658325195313 -0.101142883300781
-0.0455245971679688 -0.0718154907226563 -0.022796630859375 -0.0910797119140625
-0.0781784057617187 -0.042327880859375 -0.0423431396484375 -0.060638427734375
-0.082672119140625 -0.0423126220703125 -0.0256767272949219 -0.0366172790527344
-0.09783935546875 -0.0280838012695312 -0.0230178833007813 -0.0139141082763672
-0.0815811157226563 -0.0490036010742187 -0.0183906555175781 0.00719451904296875
-0.0676498413085938 -0.0855865478515625 -0.0229606628417969 0.0183067321777344
-0.0419158935546875 -0.1123046875 -0.0438270568847656 0.0176963806152344
0.0449676513671875 -0.132652282714844 -0.0399284362792969 0.00377273559570312
0.0806732177734375 -0.120361328125 -0.0354652404785156 0.0140342712402344
0.143218994140625 -0.107559204101562 -1.9073486328117E-05 0.0333271026611328
0.166275024414063 -0.0583648681640625 -0.00907897949218748 -0.103248596191406
0.135040283203125 -0.0553131103515625 0.0467567443847656 -0.0594215393066406
0.117530822753906 -0.112464904785156 0.0837173461914063 -0.0679550170898438
0.0472640991210938 -0.118515014648438 0.061737060546875 -0.0875091552734375
0.00495147705078126 -0.118995666503906 0.0360870361328125 -0.080780029296875
-0.051971435546875 -0.0907211303710938 -0.000629425048828124 -0.0654830932617188
-0.0843582153320313 -0.0566253662109375 -0.00751495361328126 -0.0443229675292969
-0.08514404296875 -0.05792236328125 0.00954437255859374 -0.0262966156005859
-0.0994720458984375 -0.0450515747070312 0.00988197326660156 -0.00571537017822266
-0.076416015625 -0.0627593994140625 0.00817298889160156 0.0202903747558594
-0.057281494140625 -0.0982284545898437 -0.00665473937988282 0.0275821685791016
-0.0257949829101563 -0.120941162109375 -0.0350513458251953 0.0179729461669922
0.0694351196289063 -0.129890441894531 -0.0327510833740234 -0.00686645507812501
0.104141235351563 -0.104537963867188 -0.0157203674316406 -0.0187721252441406
0.155563354492188 -0.080810546875 0.0503578186035156 0.00373458862304687
0.147201538085938 -0.029205322265625 0.0450363159179688 -0.119842529296875
0.131721496582031 -0.035064697265625 0.0793380737304688 -0.0807647705078125
0.121566772460937 -0.0986862182617187 0.0887680053710938 -0.069915771484375
0.0507125854492187 -0.115066528320312 0.065277099609375 -0.0732879638671875
0.00795745849609375 -0.115615844726562 0.0458221435546875 -0.0545005798339844
-0.0482330322265625 -0.0898056030273437 0.0249595642089844 -0.0370254516601563
-0.0769577026367188 -0.061248779296875 0.0296745300292969 -0.0264816284179688
-0.0751113891601563 -0.0644912719726562 0.0420303344726562 -0.0133018493652344
-0.0863876342773438 -0.05743408203125 0.04119873046875 0.00775146484375
-0.0583877563476563 -0.0710296630859375 0.029632568359375 0.038360595703125
-0.0337448120117188 -0.100440979003906 0.00424575805664062 0.0408706665039062
0.000602722167968751 -0.115264892578125 -0.0269718170166016 0.021148681640625
0.0935287475585938 -0.104637145996094 -0.0236148834228516 -0.012176513671875
0.117935180664062 -0.0680465698242187 0.00718307495117188 -0.0411720275878906
0.147064208984375 -0.0391387939453125 0.09820556640625 -0.0147933959960938
0.104179382324219 0.00438690185546875 0.0841140747070312 -0.128929138183594
0.105621337890625 -0.0078125 0.0977706909179688 -0.0978164672851563
0.103309631347656 -0.0650253295898438 0.08306884765625 -0.0676040649414063
0.045684814453125 -0.0858993530273438 0.0636978149414063 -0.0561256408691406
0.01177978515625 -0.0882797241210938 0.0518913269042969 -0.0291252136230469
-0.03271484375 -0.07366943359375 0.0479774475097656 -0.0132637023925781
-0.0564193725585938 -0.05572509765625 0.0614814758300781 -0.0110511779785156
-0.0535774230957031 -0.060882568359375 0.0683059692382813 0.0014801025390625
-0.0630378723144531 -0.060577392578125 0.0652999877929688 0.0263862609863281
-0.0354652404785156 -0.0686378479003906 0.0429878234863281 0.0616188049316406
-0.00828552246093749 -0.08978271484375 0.00843811035156251 0.0584869384765625
0.0268402099609375 -0.0941314697265625 -0.0207748413085937 0.0292167663574219
0.103996276855469 -0.06524658203125 -0.0141658782958984 -0.0086822509765625
0.115631103515625 -0.0215988159179688 0.0316810607910156 -0.0460624694824219
0.117141723632813 0.006805419921875 0.137763977050781 -0.016815185546875
0.0480804443359375 0.0393791198730469 0.101966857910156 -0.129585266113281
0.0648727416992188 0.0226173400878906 0.100082397460938 -0.105361938476563
0.0711669921875 -0.0195693969726562 0.0706710815429688 -0.0588531494140625
0.0356864929199219 -0.0421257019042969 0.0597457885742188 -0.039459228515625
0.0190811157226563 -0.0458984375 0.0548515319824219 -0.0102310180664063
-0.00757980346679688 -0.0472946166992188 0.0630874633789063 0.00185012817382812
-0.025390625 -0.0432510375976563 0.080963134765625 0.000572204589843747
-0.0251502990722656 -0.04876708984375 0.0835037231445313 0.0158462524414062
-0.033447265625 -0.053466796875 0.080047607421875 0.0467605590820312
-0.0140228271484375 -0.0544357299804687 0.047637939453125 0.0845489501953125
0.00872421264648438 -0.0670967102050781 0.00707244873046875 0.0770034790039063
0.0377044677734375 -0.064453125 -0.0181884765625 0.0429000854492187
0.0942535400390625 -0.0260009765625 -0.00828981399536132 0.00483894348144531
0.0918960571289063 0.0217666625976563 0.0495986938476563 -0.0344009399414063
0.0686378479003906 0.0473861694335938 0.162445068359375 -0.00286865234375
-0.00551605224609375 -0.0765457153320313 -0.15911865234375 0.00704956054687502
-0.0468025207519531 -0.0313453674316406 -0.0545845031738281 0.02392578125
-0.0552177429199219 0.00602340698242188 0.014617919921875 -0.0224361419677734
-0.0299930572509766 0.0346317291259766 0.0242958068847656 -0.0650367736816406
-0.0128383636474609 0.0330295562744141 9.91821289062396E-05 -0.0953598022460938
0.00207710266113281 0.0293216705322266 -0.051422119140625 -0.101776123046875
-0.00180435180664062 0.0282840728759766 -0.095855712890625 -0.0576400756835937
-0.00990104675292969 0.0285491943359375 -0.0907821655273438 -0.0258026123046875
-0.0116729736328125 0.0289897918701172 -0.0844039916992187 -0.00406646728515626
-0.0201244354248047 0.0141620635986328 -0.0747451782226563 -0.00405120849609375
-0.0257987976074219 0.00663566589355469 -0.0602035522460938 0.010528564453125
-0.0359535217285156 -0.001312255859375 -0.0586128234863281 0.0277214050292969
-0.0375175476074219 -0.030487060546875 -0.0653610229492188 0.0442466735839844
-0.0262794494628906 -0.05487060546875 -0.08355712890625 0.0982666015625
0.00341796875 -0.0779647827148437 -0.100982666015625 0.12188720703125
0.0559844970703125 -0.0933990478515625 -0.149002075195313 -0.0193023681640625
0.00449752807617188 -0.0516777038574219 -0.0470352172851563 0.00444793701171874
-0.0133800506591797 -0.0317516326904297 0.0253791809082031 -0.0400962829589844
-0.0125102996826172 -0.00470638275146484 0.0285263061523437 -0.0807418823242188
-0.00962638854980469 -0.00760650634765625 0.0037384033203125 -0.105766296386719
-0.0154962539672852 -0.00267982482910157 -0.0502090454101563 -0.108497619628906
-0.0321121215820313 0.00760841369628906 -0.0904159545898437 -0.065582275390625
-0.0414314270019531 0.00712585449218749 -0.0810623168945312 -0.0334854125976563
-0.0483322143554688 0.0128173828125 -0.0763092041015625 -0.00910186767578124
-0.0490913391113281 -0.00915527343750001 -0.0659065246582031 -0.0028076171875
-0.0456352233886719 -0.0297622680664063 -0.0539093017578125 0.0108833312988281
-0.0407867431640625 -0.0469398498535156 -0.0565261840820313 0.0223503112792969
-0.00756835937500001 -0.0752105712890625 -0.0545234680175781 0.0305595397949219
0.0120849609375 -0.0891265869140625 -0.0679473876953125 0.078948974609375
0.0588302612304687 -0.105499267578125 -0.0785751342773438 0.10089111328125
0.110946655273437 -0.0972900390625 -0.11883544921875 -0.048065185546875
0.0586814880371094 -0.0640640258789063 -0.0250186920166016 -0.0147018432617188
0.0361328125 -0.0716552734375 0.0437088012695313 -0.0541648864746094
0.00951004028320312 -0.0510063171386719 0.0373916625976563 -0.0924911499023438
-0.00598907470703125 -0.0537834167480469 0.0101318359375 -0.108802795410156
-0.0335807800292969 -0.0381507873535156 -0.0430450439453125 -0.103874206542969
-0.0592041015625 -0.0160484313964844 -0.0736923217773437 -0.0654678344726563
-0.0679893493652344 -0.0156898498535156 -0.0590248107910156 -0.0359954833984375
-0.0789566040039063 -0.00339508056640626 -0.0545883178710938 -0.0115470886230469
-0.071868896484375 -0.0279159545898438 -0.0453948974609375 0.00183105468749999
-0.0633354187011719 -0.0588836669921875 -0.0408058166503906 0.0151557922363281
-0.0479812622070313 -0.0832901000976563 -0.0515785217285156 0.0208778381347656
0.01513671875 -0.112075805664063 -0.0470123291015625 0.0169448852539063
0.0443496704101563 -0.114585876464844 -0.0509605407714844 0.0497665405273437
0.103286743164063 -0.119529724121094 -0.0421867370605469 0.0693321228027344
0.1480712890625 -0.0889892578125 -0.071624755859375 -0.0751266479492188
0.105232238769531 -0.0688247680664063 0.00762939453125001 -0.0348072052001953
0.080352783203125 -0.104904174804688 0.0640830993652344 -0.0640830993652344
0.0283355712890625 -0.0941848754882813 0.0480804443359375 -0.0952911376953125
-0.00401306152343749 -0.0944595336914063 0.019744873046875 -0.10028076171875
-0.0485420227050781 -0.0682868957519531 -0.0269088745117188 -0.088134765625
-0.0786895751953125 -0.03662109375 -0.0452919006347656 -0.0573959350585938
-0.0838470458984375 -0.0367050170898437 -0.0281600952148438 -0.0342006683349609
-0.0967941284179688 -0.0208587646484375 -0.0243053436279297 -0.0106143951416016
-0.0825576782226563 -0.0436935424804688 -0.0193424224853516 0.00953292846679687
-0.07037353515625 -0.0797042846679688 -0.0240135192871094 0.0206127166748047
-0.0478515625 -0.106658935546875 -0.0445480346679688 0.0202865600585937
0.036041259765625 -0.13323974609375 -0.0409927368164063 0.00429916381835936
0.072174072265625 -0.122627258300781 -0.0350570678710937 0.0150623321533203
0.134254455566406 -0.1151123046875 0.00236511230468751 0.0338153839111328
0.159378051757812 -0.06842041015625 -0.0160598754882812 -0.100028991699219
0.130226135253906 -0.0618896484375 0.0435447692871094 -0.0589179992675781
0.108352661132812 -0.118270874023437 0.07891845703125 -0.0705490112304688
0.0397567749023438 -0.118461608886719 0.05755615234375 -0.0893020629882813
-0.00302886962890626 -0.116989135742188 0.0317611694335937 -0.0818023681640625
-0.056304931640625 -0.0853271484375 -0.00372314453125 -0.0640678405761719
-0.085906982421875 -0.0503005981445312 -0.00998306274414063 -0.0431289672851563
-0.087493896484375 -0.0513992309570313 0.00697326660156249 -0.0269680023193359
-0.100296020507813 -0.0372314453125 0.00907135009765624 -0.00569629669189453
-0.0779495239257813 -0.05712890625 0.00819396972656249 0.0204524993896484
-0.0616378784179688 -0.09234619140625 -0.00785064697265626 0.0286712646484375
-0.0331192016601563 -0.117233276367188 -0.0366325378417969 0.0205039978027344
0.0606002807617188 -0.132484436035156 -0.0343818664550781 -0.00661468505859376
0.0960845947265625 -0.108940124511719 -0.0174121856689453 -0.0184669494628906
0.148269653320313 -0.09033203125 0.0497627258300781 0.00114059448242187
0.143402099609375 -0.0386199951171875 0.036163330078125 -0.119651794433594
0.129058837890625 -0.0423660278320312 0.074188232421875 -0.0814743041992188
0.113616943359375 -0.10589599609375 0.08392333984375 -0.07354736328125
0.043121337890625 -0.115531921386719 0.0610427856445313 -0.075897216796875
-0.000373840332031249 -0.114242553710937 0.0429496765136719 -0.0569496154785156
-0.0530242919921875 -0.0852584838867187 0.0237541198730469 -0.0376815795898438
-0.0796585083007813 -0.0549545288085938 0.0273513793945312 -0.0284137725830078
-0.078460693359375 -0.0583877563476562 0.0388717651367187 -0.01611328125
-0.0889511108398438 -0.0493545532226563 0.0400848388671875 0.0055389404296875
-0.0612983703613281 -0.0656852722167969 0.0305023193359375 0.0370712280273437
-0.0391464233398437 -0.0960006713867188 0.0039520263671875 0.0414657592773437
-0.0061492919921875 -0.112586975097656 -0.0286293029785156 0.0231418609619141
0.0851974487304688 -0.109870910644531 -0.0255012512207031 -0.0118122100830078
0.112579345703125 -0.0740890502929688 0.003631591796875 -0.0412406921386719
0.14306640625 -0.0486297607421875 0.09600830078125 -0.019683837890625
0.103713989257813 -0.00249481201171875 0.073638916015625 -0.131805419921875
0.104179382324219 -0.0134963989257813 0.090850830078125 -0.099853515625
0.0982284545898438 -0.0712661743164063 0.07843017578125 -0.0706100463867188
0.0400848388671875 -0.0878982543945313 0.0604667663574219 -0.0586776733398438
0.00621795654296876 -0.0876922607421875 0.0506019592285156 -0.0317268371582031
-0.0367164611816406 -0.0695114135742188 0.0474281311035156 -0.0155715942382813
-0.0589256286621094 -0.0501480102539063 0.0591278076171875 -0.0151290893554688
-0.0569648742675781 -0.0560379028320312 0.0657615661621094 -0.00362777709960938
-0.0662269592285156 -0.0546073913574219 0.06500244140625 0.0217514038085937
-0.0392227172851562 -0.0645561218261719 0.0452232360839844 0.0586128234863281
-0.014373779296875 -0.0869293212890625 0.00957489013671876 0.0586738586425781
0.0197372436523438 -0.0943450927734375 -0.0216865539550781 0.0302791595458984
0.0988540649414063 -0.0728912353515625 -0.016148567199707 -0.00919055938720703
0.113136291503906 -0.0280380249023438 0.0265121459960938 -0.0479469299316406
0.11676025390625 -0.000732421875 0.13427734375 -0.0243988037109375
0.0507278442382813 0.0357208251953125 0.091400146484375 -0.133659362792969
0.0660171508789063 0.0189628601074219 0.09222412109375 -0.108055114746094
0.0694999694824219 -0.0250434875488281 0.0661697387695313 -0.0606727600097656
0.0326042175292969 -0.0437049865722656 0.0577659606933594 -0.0416984558105469
0.0158805847167969 -0.0469093322753906 0.0546188354492188 -0.0137100219726563
-0.0112991333007813 -0.0455970764160156 0.0630989074707031 -0.00188446044921875
-0.0275459289550781 -0.0404548645019531 0.0800323486328125 -0.00557708740234375
-0.0281791687011719 -0.045654296875 0.0824432373046875 0.0097808837890625
-0.0369491577148438 -0.0488090515136719 0.0815811157226563 0.0402069091796875
-0.0174789428710938 -0.0523872375488281 0.051605224609375 0.0804977416992188
0.00372695922851563 -0.06591796875 0.00933074951171874 0.076690673828125
0.0320396423339844 -0.0660743713378906 -0.0176887512207031 0.0431709289550781
0.0914306640625 -0.03350830078125 -0.00962448120117187 0.00420093536376953
0.092620849609375 0.0145034790039063 0.0450286865234375 -0.0373268127441406
0.071441650390625 0.0422515869140625 0.159515380859375 -0.0130767822265625
-0.0097198486328125 -0.0734405517578125 -0.15338134765625 0.012298583984375
-0.0469131469726563 -0.0281639099121094 -0.0508346557617187 0.0254325866699219
-0.0534172058105469 0.00929641723632813 0.0145320892333984 -0.021240234375
-0.0266456604003906 0.0354728698730469 0.0234146118164063 -0.0631179809570313
-0.00966835021972656 0.0325088500976563 -0.00122070312500001 -0.0926437377929688
0.0039520263671875 0.0267829895019531 -0.0533828735351562 -0.0975494384765625
-0.000585556030273435 0.0262088775634766 -0.0946807861328125 -0.0522003173828125
-0.00814056396484375 0.0273323059082031 -0.0888442993164062 -0.0210189819335938
-0.00908660888671875 0.0279140472412109 -0.0826263427734375 0.000480651855468742
-0.0184249877929687 0.0136375427246094 -0.0741958618164062 -0.000785827636718744
-0.0237979888916016 0.00713539123535156 -0.0598564147949219 0.0127487182617188
-0.0341606140136719 0.001190185546875 -0.0574226379394531 0.0289192199707031
-0.0381393432617187 -0.0269622802734375 -0.0630683898925781 0.0435028076171875
-0.0280265808105469 -0.0515213012695312 -0.0779571533203125 0.0978164672851562
-0.00105285644531249 -0.0758514404296875 -0.0923385620117188 0.123100280761719
0.0488204956054688 -0.092437744140625 -0.144882202148438 -0.01312255859375
0.00118637084960937 -0.0493545532226563 -0.0435142517089844 0.00685882568359375
-0.0148582458496094 -0.0292472839355469 0.0243797302246094 -0.0389633178710938
-0.0108814239501953 -0.0027008056640625 0.0263748168945312 -0.0792465209960937
-0.0082240104675293 -0.0069575309753418 0.00162506103515625 -0.102546691894531
-0.0145177841186523 -0.00276660919189453 -0.05218505859375 -0.103874206542969
-0.0303478240966797 0.00765419006347657 -0.0903549194335938 -0.0595932006835937
-0.0395240783691406 0.0084381103515625 -0.0799179077148437 -0.0283584594726563
-0.0457267761230469 0.0143814086914063 -0.07464599609375 -0.00434875488281249
-0.046966552734375 -0.00737762451171875 -0.0654983520507813 0.000442504882812509
-0.0443115234375 -0.0276336669921875 -0.0536041259765625 0.0125617980957031
-0.0404167175292969 -0.0432014465332031 -0.0560760498046875 0.0236434936523437
-0.0101089477539063 -0.0718460083007813 -0.0535621643066406 0.0291557312011719
0.00824737548828126 -0.0859832763671875 -0.0630950927734375 0.0785598754882813
0.051300048828125 -0.105072021484375 -0.0712738037109375 0.101852416992188
0.102401733398438 -0.0990829467773438 -0.117095947265625 -0.0412216186523438
0.0545120239257813 -0.063934326171875 -0.0230007171630859 -0.0116653442382813
0.0313873291015625 -0.0698204040527344 0.0418701171875 -0.0533332824707031
0.00839614868164062 -0.0487022399902344 0.0344696044921875 -0.0910263061523438
-0.00704574584960938 -0.0509719848632812 0.0070648193359375 -0.105903625488281
-0.03271484375 -0.0360221862792969 -0.0442428588867188 -0.099456787109375
-0.05767822265625 -0.0138969421386719 -0.0739212036132813 -0.060150146484375
-0.0662460327148438 -0.0126495361328125 -0.0589447021484375 -0.0323982238769531
-0.0756454467773438 -0.000534057617187503 -0.0540847778320313 -0.00803375244140626
-0.0696678161621094 -0.0247993469238281 -0.0460205078125 0.00452041625976563
-0.0626068115234375 -0.0547103881835937 -0.0414352416992188 0.0166549682617188
-0.0489044189453125 -0.0774688720703125 -0.0519142150878906 0.0222434997558594
0.0104904174804688 -0.108810424804687 -0.0463829040527344 0.0159530639648437
0.0383987426757813 -0.111526489257813 -0.0479965209960937 0.0495719909667969
0.0947418212890625 -0.121315002441406 -0.0373764038085938 0.0702362060546875
0.139244079589844 -0.0920944213867188 -0.072265625 -0.069610595703125
0.0994186401367188 -0.0698623657226563 0.00798416137695313 -0.0325698852539063
0.07275390625 -0.104583740234375 0.0607032775878906 -0.06365966796875
0.0242385864257812 -0.0910491943359375 0.0448989868164062 -0.0944061279296875
-0.00759124755859375 -0.0904617309570313 0.0164413452148438 -0.09881591796875
-0.0493392944335937 -0.0640907287597656 -0.0284652709960938 -0.0844955444335938
-0.07733154296875 -0.0322036743164063 -0.0463638305664063 -0.0531501770019531
-0.08294677734375 -0.0318450927734375 -0.0295333862304687 -0.0314102172851563
-0.0938720703125 -0.0162277221679687 -0.0246772766113281 -0.00856781005859375
-0.0803985595703125 -0.0393905639648437 -0.0199089050292969 0.0107326507568359
-0.070892333984375 -0.0738601684570313 -0.0254039764404297 0.0223159790039063
-0.0501327514648437 -0.100227355957031 -0.0453872680664063 0.0217666625976562
0.0302810668945312 -0.130386352539063 -0.0412483215332031 0.00346755981445311
0.0651931762695313 -0.120407104492188 -0.0338935852050781 0.0151653289794922
0.125114440917969 -0.117652893066406 0.00397300720214845 0.0335941314697266
0.15185546875 -0.0727386474609375 -0.019744873046875 -0.0952987670898438
0.124618530273438 -0.0643539428710938 0.0418243408203125 -0.0560989379882813
0.09967041015625 -0.119384765625 0.0748443603515625 -0.0704879760742188
0.0344085693359375 -0.115852355957031 0.0540237426757813 -0.0884246826171875
-0.0078125 -0.113151550292969 0.0290374755859375 -0.0806427001953125
-0.0576858520507813 -0.0800857543945313 -0.00432586669921876 -0.0619583129882813
-0.0845260620117188 -0.04547119140625 -0.0111579895019531 -0.04144287109375
-0.0873184204101563 -0.0460891723632813 0.00437355041503905 -0.0262126922607422
-0.0978164672851563 -0.0310211181640625 0.00733470916748046 -0.00507545471191406
-0.0772933959960938 -0.0521469116210937 0.00696754455566406 0.0203437805175781
-0.0628128051757812 -0.0869064331054688 -0.00984954833984375 0.0298652648925781
-0.0369033813476562 -0.111625671386719 -0.0374832153320312 0.0219154357910156
0.053924560546875 -0.131332397460938 -0.0359954833984375 -0.00691223144531251
0.089630126953125 -0.108047485351563 -0.0193195343017578 -0.0176048278808594
0.14068603515625 -0.09417724609375 0.0487022399902344 0.000453948974609369
0.13751220703125 -0.043121337890625 0.0299911499023437 -0.11614990234375
0.124366760253906 -0.0447463989257813 0.0698699951171875 -0.0799026489257813
0.106010437011719 -0.107345581054688 0.0797042846679688 -0.07330322265625
0.0376358032226563 -0.113365173339844 0.0581588745117188 -0.075531005859375
-0.00495910644531249 -0.110687255859375 0.0405006408691406 -0.0567512512207031
-0.0550003051757812 -0.079986572265625 0.0229454040527344 -0.0374526977539063
-0.0785369873046875 -0.0494155883789063 0.0252456665039063 -0.0291213989257813
-0.0782623291015625 -0.0527496337890625 0.03668212890625 -0.0172538757324219
-0.0876998901367187 -0.0436782836914063 0.0384902954101562 0.00425338745117187
-0.0612907409667969 -0.0610237121582031 0.0296134948730469 0.0357666015625
-0.0417861938476563 -0.0906753540039063 0.0028839111328125 0.0412826538085937
-0.0112686157226562 -0.10858154296875 -0.0298709869384766 0.0243930816650391
0.0785675048828125 -0.111068725585937 -0.0279312133789062 -0.012451171875
0.106918334960938 -0.0757522583007813 0.000598907470703131 -0.040313720703125
0.137214660644531 -0.0534591674804688 0.0921707153320313 -0.0222549438476563
0.100914001464844 -0.00685882568359375 0.065673828125 -0.129791259765625
0.102241516113281 -0.0163497924804688 0.0850372314453125 -0.0984420776367188
0.0925827026367188 -0.0736618041992188 0.0738754272460938 -0.0701751708984375
0.0354461669921875 -0.086395263671875 0.0577239990234375 -0.0588188171386719
0.00130462646484375 -0.0857162475585938 0.0489158630371094 -0.0326271057128906
-0.038818359375 -0.0659294128417969 0.0474205017089844 -0.0168190002441406
-0.0582351684570312 -0.0461616516113281 0.0569419860839844 -0.0170974731445313
-0.0583267211914063 -0.0514488220214844 0.0623550415039062 -0.00671768188476563
-0.0668258666992188 -0.0488624572753906 0.0636177062988281 0.0187263488769531
-0.0400276184082031 -0.0610466003417969 0.0448760986328125 0.056182861328125
-0.0172576904296875 -0.0829696655273438 0.00878524780273437 0.0572853088378906
0.0145797729492188 -0.0918731689453125 -0.0228843688964844 0.0307674407958984
0.0926666259765625 -0.0752105712890625 -0.0178985595703125 -0.00865936279296876
0.109382629394531 -0.031890869140625 0.0228271484375 -0.0473861694335938
0.113983154296875 -0.0055694580078125 0.129127502441406 -0.0283355712890625
0.0516624450683594 0.0321884155273438 0.0828323364257812 -0.132896423339844
0.066162109375 0.0157394409179688 0.0855560302734375 -0.106773376464844
0.0670585632324219 -0.0281219482421875 0.0632057189941406 -0.0600547790527344
0.0300712585449219 -0.0438461303710938 0.0559043884277344 -0.0416030883789063
0.0123786926269531 -0.0464134216308594 0.0537185668945313 -0.0148429870605469
-0.0129165649414062 -0.0433769226074219 0.0626907348632812 -0.00443649291992188
-0.0280265808105469 -0.0369491577148437 0.0771102905273438 -0.009063720703125
-0.0297393798828125 -0.0422134399414063 0.0786819458007813 0.0052032470703125
-0.0382537841796875 -0.0449333190917969 0.0797042846679688 0.035858154296875
-0.019378662109375 -0.0495796203613281 0.0527267456054687 0.0769805908203125
0.000350952148437507 -0.0636062622070313 0.00975799560546875 0.07568359375
0.0278739929199219 -0.0650825500488281 -0.0183982849121094 0.0423240661621094
0.087127685546875 -0.0371932983398438 -0.0104265213012695 0.00315570831298828
0.0917739868164062 0.00994110107421875 0.0410232543945313 -0.0380783081054688
0.0717391967773438 0.0380783081054687 0.153717041015625 -0.01800537109375
-0.0127410888671875 -0.0709991455078125 -0.150146484375 0.01373291015625
-0.0465736389160156 -0.026397705078125 -0.0483551025390625 0.0250511169433594
-0.0518646240234375 0.0108680725097656 0.0153713226318359 -0.0195198059082031
-0.0240020751953125 0.0363426208496094 0.0238075256347656 -0.0616645812988281
-0.00770950317382812 0.0317401885986328 -0.000785827636718746 -0.0907821655273438
0.00441169738769531 0.0249176025390625 -0.0531692504882813 -0.0957412719726563
-0.000522613525390626 0.0255069732666016 -0.0928192138671875 -0.0495681762695313
-0.00788688659667969 0.0268344879150391 -0.0864944458007813 -0.01873779296875
-0.00864028930664063 0.0268478393554687 -0.0806045532226563 0.00291442871093751
-0.0179977416992187 0.0128383636474609 -0.073822021484375 0.00140380859374999
-0.0221805572509766 0.00707817077636718 -0.0599937438964844 0.0136566162109375
-0.0320987701416016 0.00288391113281249 -0.0574417114257813 0.0287628173828125
-0.037841796875 -0.0242080688476563 -0.0625877380371094 0.0415077209472656
-0.0292129516601562 -0.0490264892578125 -0.074676513671875 0.09527587890625
-0.0037994384765625 -0.074066162109375 -0.0886688232421875 0.122337341308594
0.044891357421875 -0.0907821655273438 -0.141265869140625 -0.01092529296875
-3.81469726562542E-05 -0.0479316711425781 -0.0411949157714844 0.00769424438476562
-0.0147838592529297 -0.0274772644042969 0.024688720703125 -0.0372734069824219
-0.00982666015625 -0.00174522399902344 0.0264739990234375 -0.0773162841796875
-0.00719404220581055 -0.00601530075073242 0.00182342529296876 -0.100761413574219
-0.0137224197387695 -0.00377941131591797 -0.0514907836914063 -0.101081848144531
-0.0296154022216797 0.00758934020996094 -0.0886077880859375 -0.0568923950195313
-0.0384788513183594 0.00863265991210938 -0.0785369873046875 -0.0263442993164063
-0.04364013671875 0.01416015625 -0.07305908203125 -0.00246429443359376
-0.0457649230957031 -0.00772857666015624 -0.0653915405273438 0.00217437744140624
-0.0426406860351563 -0.0269088745117187 -0.0539970397949219 0.0135917663574219
-0.0390892028808594 -0.0404434204101562 -0.0565109252929687 0.0238494873046875
-0.0111083984375 -0.0684623718261719 -0.054229736328125 0.0278892517089844
0.0065460205078125 -0.082977294921875 -0.06085205078125 0.0765762329101563
0.0479736328125 -0.103912353515625 -0.0680618286132812 0.101119995117188
0.097076416015625 -0.0979232788085938 -0.114753723144531 -0.0381393432617188
0.0521430969238281 -0.0620994567871094 -0.0209712982177734 -0.0103435516357422
0.0289573669433594 -0.0674819946289063 0.040771484375 -0.0511627197265625
0.0078582763671875 -0.0458564758300781 0.0347824096679688 -0.0885009765625
-0.0069580078125 -0.0491981506347656 0.00738525390625 -0.1036376953125
-0.0319175720214844 -0.0347709655761719 -0.043609619140625 -0.097320556640625
-0.0558395385742187 -0.0126724243164063 -0.0727615356445313 -0.05743408203125
-0.0650062561035156 -0.0108070373535156 -0.0584526062011719 -0.0300102233886719
-0.0731735229492188 0.000984191894531258 -0.0532417297363281 -0.00566864013671875
-0.0679664611816406 -0.0238533020019531 -0.0463447570800781 0.00628280639648436
-0.0609855651855469 -0.0532569885253906 -0.0427360534667969 0.0176734924316406
-0.0479888916015625 -0.0741653442382813 -0.0534439086914063 0.0223884582519531
0.008880615234375 -0.105873107910156 -0.0476875305175781 0.0142173767089844
0.036041259765625 -0.1082763671875 -0.0467758178710937 0.0483360290527344
0.0899734497070313 -0.120391845703125 -0.0347404479980469 0.0696449279785156
0.133880615234375 -0.0918807983398438 -0.071685791015625 -0.0664138793945312
0.0958099365234375 -0.068878173828125 0.00864028930664063 -0.0306072235107422
0.0691452026367188 -0.102630615234375 0.0595054626464844 -0.0614852905273438
0.0229721069335938 -0.0884475708007813 0.0446090698242188 -0.0926437377929688
-0.00874328613281251 -0.087646484375 0.0167388916015625 -0.0961761474609375
-0.0478744506835938 -0.0617256164550781 -0.0279464721679688 -0.0822982788085938
-0.0750961303710938 -0.0306854248046875 -0.0461235046386719 -0.0506858825683594
-0.0817031860351563 -0.0295944213867188 -0.0295810699462891 -0.0297317504882813
-0.091522216796875 -0.0136795043945313 -0.0251827239990234 -0.00724983215332032
-0.0784683227539062 -0.0376358032226562 -0.0208473205566406 0.0117626190185547
-0.0691452026367188 -0.0715866088867188 -0.0267772674560547 0.0228557586669922
-0.0495452880859375 -0.0964126586914063 -0.0471611022949219 0.02276611328125
0.0277481079101563 -0.12786865234375 -0.0434455871582031 0.00188827514648436
0.0615158081054688 -0.117530822753906 -0.0342998504638672 0.0146274566650391
0.120674133300781 -0.117935180664063 0.00505256652832032 0.0336418151855469
0.1466064453125 -0.0737457275390625 -0.0206985473632812 -0.0916824340820313
0.121070861816406 -0.0634231567382813 0.0413970947265625 -0.0533294677734375
0.0952301025390625 -0.117202758789063 0.073028564453125 -0.0680084228515625
0.0320663452148437 -0.112823486328125 0.053253173828125 -0.0868377685546875
-0.00953674316406251 -0.109588623046875 0.0288009643554687 -0.0795822143554688
-0.0564727783203125 -0.0767059326171875 -0.00376892089843751 -0.0607986450195313
-0.0830459594726562 -0.0424118041992188 -0.0120658874511719 -0.0403518676757813
-0.0869140625 -0.0430908203125 0.00247573852539062 -0.0256137847900391
-0.09588623046875 -0.0284881591796875 0.00631427764892578 -0.00388908386230469
-0.0750961303710938 -0.05010986328125 0.00589370727539062 0.0209808349609375
-0.0616455078125 -0.0829620361328125 -0.0115299224853516 0.0306015014648437
-0.0371322631835937 -0.106880187988281 -0.0394172668457031 0.0219268798828125
0.050537109375 -0.1295166015625 -0.0379638671875 -0.00832366943359376
0.0859603881835938 -0.106193542480469 -0.0197200775146484 -0.0172595977783203
0.136146545410156 -0.0944366455078125 0.0481452941894531 -0.000228881835937506
0.133804321289063 -0.044677734375 0.0270767211914063 -0.113449096679688
0.121810913085937 -0.04534912109375 0.06866455078125 -0.0766220092773438
0.102035522460938 -0.106063842773438 0.0776901245117187 -0.0710296630859375
0.0358505249023438 -0.110618591308594 0.05694580078125 -0.0745468139648438
-0.00704956054687501 -0.107864379882813 0.0400733947753906 -0.05615234375
-0.0539093017578125 -0.0772018432617188 0.0235557556152344 -0.0367965698242188
-0.076934814453125 -0.0464019775390625 0.0241413116455078 -0.0289020538330078
-0.0777435302734375 -0.0499267578125 0.0339469909667969 -0.0175971984863281
-0.0862350463867188 -0.0399932861328125 0.0359230041503906 0.00401687622070312
-0.0604095458984375 -0.0584793090820312 0.0284004211425781 0.0355339050292969
-0.0417556762695313 -0.0875625610351563 0.000682830810546875 0.0419425964355469
-0.012298583984375 -0.105583190917969 -0.0320587158203125 0.0242958068847656
0.0750503540039063 -0.110420227050781 -0.0295677185058594 -0.0133781433105469
0.103607177734375 -0.0749359130859375 -0.00119781494140625 -0.0398445129394531
0.133781433105469 -0.0544662475585937 0.0899581909179688 -0.0219497680664063
0.0988540649414063 -0.0082550048828125 0.0620040893554688 -0.126792907714844
0.100776672363281 -0.017059326171875 0.083038330078125 -0.0954437255859375
0.0900115966796875 -0.0735092163085938 0.0725173950195313 -0.067474365234375
0.03375244140625 -0.08544921875 0.0564422607421875 -0.0575790405273438
-0.000198364257812493 -0.08404541015625 0.0483474731445312 -0.0327110290527344
-0.0385818481445313 -0.0637741088867188 0.0470428466796875 -0.017791748046875
-0.0576133728027344 -0.0429916381835937 0.0549468994140625 -0.0184822082519531
-0.0584526062011719 -0.0487632751464844 0.0592575073242188 -0.00744247436523438
-0.0657196044921875 -0.0453338623046875 0.0606880187988281 0.0174636840820313
-0.0396957397460937 -0.0587501525878906 0.0438804626464844 0.0545654296875
-0.0182418823242188 -0.0803604125976563 0.00754165649414062 0.0574951171875
0.0120391845703125 -0.089996337890625 -0.0248908996582031 0.0312156677246094
0.0895538330078125 -0.0762939453125 -0.0195655822753906 -0.0107631683349609
0.106613159179687 -0.0326080322265625 0.0202102661132813 -0.046844482421875
0.112693786621094 -0.00749969482421875 0.125350952148438 -0.028961181640625
0.0509986877441406 0.03057861328125 0.07891845703125 -0.130508422851563
0.0665550231933594 0.0143356323242187 0.0829849243164063 -0.103828430175781
0.0658378601074219 -0.030029296875 0.0619773864746094 -0.0580863952636719
0.0279541015625 -0.0435714721679688 0.0555267333984375 -0.041046142578125
0.0105972290039063 -0.0459022521972656 0.0537528991699219 -0.0153770446777344
-0.0138816833496094 -0.04144287109375 0.0625991821289063 -0.00494766235351563
-0.0276889801025391 -0.0348320007324219 0.0746078491210938 -0.0107574462890625
-0.0297393798828125 -0.0404090881347656 0.076263427734375 0.00391387939453125
-0.0384902954101562 -0.0418052673339844 0.0772933959960937 0.033843994140625
-0.0195045471191406 -0.0475807189941406 0.051300048828125 0.0751953125
-0.000961303710937506 -0.0615882873535156 0.00895690917968751 0.0746383666992187
0.02520751953125 -0.0644874572753906 -0.0201606750488281 0.0416793823242187
0.0843429565429688 -0.038726806640625 -0.0123996734619141 0.00245571136474609
0.0900955200195313 0.00855255126953125 0.0379905700683594 -0.0379791259765625
0.0715103149414062 0.0358047485351562 0.149444580078125 -0.0187530517578125
-0.01373291015625 -0.0702400207519531 -0.149551391601563 0.0137481689453125
-0.0478019714355469 -0.0257720947265625 -0.047882080078125 0.0254135131835938
-0.0511741638183594 0.0123100280761719 0.0172462463378906 -0.0183963775634766
-0.022613525390625 0.0370941162109375 0.0260162353515625 -0.061553955078125
-0.00579452514648438 0.0316867828369141 0.00154113769531249 -0.0911941528320313
0.00447273254394531 0.0235557556152344 -0.0524139404296875 -0.0960540771484375
-0.0008544921875 0.0244426727294922 -0.0918426513671875 -0.04901123046875
-0.00723648071289062 0.0268936157226563 -0.0859375 -0.0181121826171875
-0.00825881958007813 0.0263900756835938 -0.0808563232421875 0.00350189208984377
-0.0176525115966797 0.0126762390136719 -0.0748291015625 0.00218963623046874
-0.0215682983398438 0.00656318664550781 -0.0618782043457031 0.0133514404296875
-0.0314064025878906 0.00362586975097657 -0.0588340759277344 0.0279960632324219
-0.0379142761230469 -0.0231285095214844 -0.0641899108886719 0.0401725769042969
-0.030059814453125 -0.0482177734375 -0.07550048828125 0.094512939453125
-0.00518798828125 -0.0741348266601563 -0.0872573852539063 0.122764587402344
0.04376220703125 -0.0898895263671875 -0.14129638671875 -0.011077880859375
-0.000503540039062497 -0.0466232299804688 -0.0399284362792969 0.00781631469726562
-0.0153427124023437 -0.0259742736816406 0.0260162353515625 -0.0356674194335938
-0.00861263275146484 -0.000975608825683594 0.0283966064453125 -0.0768508911132813
-0.0060267448425293 -0.00586795806884766 0.00375366210937499 -0.100692749023438
-0.0131702423095703 -0.00421142578125 -0.0507278442382812 -0.101974487304688
-0.0294609069824219 0.00699043273925781 -0.0884475708007813 -0.0560684204101563
-0.0382919311523438 0.00859832763671875 -0.0779876708984375 -0.0252227783203125
-0.0434455871582031 0.0138587951660156 -0.073089599609375 -0.000839233398437503
-0.0450286865234375 -0.00790786743164062 -0.0671234130859375 0.00313949584960938
-0.0421791076660156 -0.0274734497070313 -0.0561790466308594 0.0138740539550781
-0.0379447937011719 -0.0395088195800781 -0.0583686828613281 0.0234031677246094
-0.0114936828613281 -0.0677757263183594 -0.0561294555664063 0.0256690979003906
0.00614166259765626 -0.081634521484375 -0.0614166259765625 0.0757598876953125
0.0460128784179687 -0.103797912597656 -0.0674514770507813 0.101737976074219
0.0959548950195313 -0.09722900390625 -0.114082336425781 -0.0377731323242188
0.0514106750488281 -0.0616264343261719 -0.0197372436523437 -0.00920104980468751
0.0282096862792969 -0.0663528442382813 0.04248046875 -0.0498008728027344
0.00887298583984375 -0.0450630187988281 0.0363998413085938 -0.0885391235351563
-0.00612640380859375 -0.0483551025390625 0.00901794433593749 -0.103767395019531
-0.0309562683105469 -0.0354118347167969 -0.0424270629882813 -0.0974273681640625
-0.0553741455078125 -0.0128173828125 -0.0728302001953125 -0.0563888549804688
-0.0650901794433594 -0.0107269287109375 -0.0587539672851563 -0.0292129516601563
-0.0725784301757813 0.000572204589843754 -0.0538139343261719 -0.00416183471679687
-0.067169189453125 -0.0244216918945312 -0.0479202270507813 0.00745010375976563
-0.0606002807617187 -0.0530281066894531 -0.0449256896972656 0.018768310546875
-0.0469818115234375 -0.0734710693359375 -0.055938720703125 0.0229263305664062
0.00878143310546874 -0.104904174804688 -0.05078125 0.0124320983886719
0.0360946655273437 -0.106986999511719 -0.0470008850097656 0.0474395751953125
0.0887985229492188 -0.120361328125 -0.0342864990234375 0.0703125
0.132469177246094 -0.0918350219726563 -0.0713958740234375 -0.0652694702148438
0.096282958984375 -0.0683135986328125 0.0103836059570313 -0.0284805297851563
0.0681228637695313 -0.101211547851563 0.0601425170898438 -0.0598487854003906
0.023590087890625 -0.0869827270507813 0.0461654663085938 -0.0921859741210938
-0.00836181640625001 -0.08673095703125 0.0179595947265625 -0.0972213745117188
-0.0473594665527344 -0.0612258911132813 -0.0264511108398438 -0.0828399658203125
-0.07464599609375 -0.0303192138671875 -0.0457382202148437 -0.0501976013183594
-0.0818023681640625 -0.0284500122070313 -0.0297451019287109 -0.0292129516601563
-0.0903854370117187 -0.0134963989257812 -0.0258655548095703 -0.00600433349609375
-0.0779190063476562 -0.0381546020507813 -0.0221977233886719 0.0134525299072266
-0.0685653686523437 -0.0718460083007813 -0.0293827056884766 0.0241432189941406
-0.0489273071289062 -0.0956573486328125 -0.0502891540527344 0.023193359375
0.0266342163085938 -0.127532958984375 -0.0463333129882813 0.000137329101562499
0.0618515014648438 -0.1165771484375 -0.0346050262451172 0.0143947601318359
0.119346618652344 -0.118507385253906 0.00527000427246095 0.0342540740966797
0.14581298828125 -0.07232666015625 -0.0210189819335937 -0.0906906127929688
0.121551513671875 -0.0634536743164063 0.0432701110839844 -0.05169677734375
0.0942459106445313 -0.117286682128906 0.073822021484375 -0.0666885375976563
0.0323104858398437 -0.111900329589844 0.0549163818359375 -0.086944580078125
-0.0100021362304687 -0.109031677246094 0.0298614501953125 -0.0796661376953125
-0.0561141967773438 -0.07647705078125 -0.00225067138671876 -0.0614776611328125
-0.081817626953125 -0.0419845581054688 -0.0121612548828125 -0.0400047302246094
-0.0864334106445312 -0.0419921875 0.00147438049316406 -0.0250492095947266
-0.0951614379882813 -0.0275497436523437 0.00524234771728515 -0.00341176986694336
-0.074554443359375 -0.0501861572265625 0.00485420227050781 0.0221996307373047
-0.0616378784179687 -0.0829238891601563 -0.0136661529541016 0.0318679809570312
-0.0368118286132813 -0.106246948242187 -0.0434150695800781 0.0231552124023437
0.0500335693359375 -0.129745483398438 -0.0409202575683594 -0.00946426391601563
0.0856857299804687 -0.105949401855469 -0.0203914642333984 -0.0173912048339844
0.135528564453125 -0.0955123901367188 0.0480308532714844 0.000648498535156244
0.133644104003906 -0.0442962646484375 0.0265731811523438 -0.112480163574219
0.122901916503906 -0.0445404052734375 0.0691070556640625 -0.0753250122070313
0.102104187011719 -0.106544494628906 0.0781173706054687 -0.0698013305664063
0.036163330078125 -0.110733032226563 0.0588760375976563 -0.0743942260742188
-0.00690460205078125 -0.108108520507813 0.0411376953125 -0.0564231872558594
-0.0531387329101563 -0.0768051147460937 0.02484130859375 -0.0375595092773438
-0.076416015625 -0.0457077026367187 0.0232753753662109 -0.02911376953125
-0.0788421630859375 -0.0484542846679687 0.0329017639160156 -0.0172920227050781
-0.0859375 -0.0391693115234375 0.0351314544677734 0.00446128845214843
-0.0597953796386719 -0.058563232421875 0.0273475646972656 0.0364151000976562
-0.0416107177734375 -0.086822509765625 -0.00183868408203126 0.043609619140625
-0.0126495361328125 -0.104385375976562 -0.0350780487060547 0.0256938934326172
0.0746917724609375 -0.111122131347656 -0.0328369140625 -0.0149974822998047
0.103813171386719 -0.0749053955078125 -0.00266265869140624 -0.0400924682617188
0.133872985839844 -0.055450439453125 0.0895843505859375 -0.021881103515625
0.0990829467773438 -0.0081634521484375 0.0614776611328125 -0.126007080078125
0.102439880371094 -0.0169754028320313 0.0834503173828125 -0.0939178466796875
0.0903472900390625 -0.07489013671875 0.073333740234375 -0.0665740966796875
0.0332565307617188 -0.0852432250976563 0.0580558776855469 -0.0574264526367188
-0.000930786132812496 -0.0842666625976563 0.0494346618652344 -0.0327682495117188
-0.0381889343261719 -0.0630683898925781 0.0484962463378906 -0.0177497863769531
-0.0574874877929687 -0.0429153442382813 0.0547904968261719 -0.0190467834472656
-0.0588569641113281 -0.0482368469238281 0.0582923889160156 -0.00742721557617188
-0.0662574768066406 -0.0444679260253906 0.0597496032714844 0.0178604125976562
-0.0398521423339844 -0.05816650390625 0.0427017211914063 0.0555076599121094
-0.0182037353515625 -0.0793991088867188 0.0052337646484375 0.0591087341308594
0.0114059448242188 -0.089080810546875 -0.0283012390136719 0.0319328308105469
0.0890274047851563 -0.0774688720703125 -0.0223827362060547 -0.0118255615234375
0.107078552246094 -0.0327377319335938 0.018646240234375 -0.0473976135253906
0.1129150390625 -0.00843048095703125 0.125724792480469 -0.0286178588867188
0.0517311096191406 0.0303840637207031 0.0779953002929688 -0.129837036132813
0.0676383972167969 0.0150680541992188 0.0832977294921875 -0.102226257324219
0.0660171508789063 -0.0310287475585937 0.0631484985351563 -0.0569953918457031
0.0275039672851563 -0.044189453125 0.0564041137695313 -0.0409355163574219
0.0100288391113281 -0.0460281372070313 0.0548210144042969 -0.0153274536132813
-0.0142631530761719 -0.0412406921386719 0.0637626647949219 -0.00557708740234375
-0.0281848907470703 -0.0339889526367188 0.0742721557617188 -0.0115509033203125
-0.030548095703125 -0.03948974609375 0.0743865966796875 0.002593994140625
-0.0388755798339844 -0.0407142639160156 0.0756988525390625 0.03363037109375
-0.0191535949707031 -0.046600341796875 0.0506134033203125 0.0754928588867188
-0.00152969360351562 -0.0606613159179687 0.0075225830078125 0.0759506225585938
0.0241661071777344 -0.0637435913085937 -0.0230979919433594 0.042449951171875
0.083892822265625 -0.0404891967773438 -0.0146398544311523 0.000839233398437495
0.09063720703125 0.00757598876953125 0.0363502502441406 -0.038360595703125
0.0724945068359375 0.0352401733398437 0.149139404296875 -0.018402099609375
-0.0158233642578125 -0.0708770751953125 -0.153656005859375 0.0150604248046875
-0.0503463745117187 -0.0257606506347656 -0.0478515625 0.0268325805664063
-0.0530815124511719 0.0140380859375 0.0185813903808594 -0.0180168151855469
-0.0211982727050781 0.0382804870605469 0.02813720703125 -0.0628547668457031
-0.00457572937011719 0.0325717926025391 0.0024261474609375 -0.0940322875976563
0.00465583801269531 0.0232181549072266 -0.05389404296875 -0.0993576049804688
-0.000339508056640623 0.0245285034179688 -0.094146728515625 -0.0486907958984375
-0.00670242309570313 0.0274982452392578 -0.0878219604492188 -0.0167922973632812
-0.00814628601074219 0.0264053344726563 -0.0819244384765625 0.00554656982421874
-0.0179653167724609 0.0121212005615234 -0.0784835815429687 0.00366210937499999
-0.0218486785888672 0.00662994384765625 -0.0643386840820313 0.0142402648925781
-0.0314750671386719 0.00472640991210938 -0.0617942810058594 0.0287666320800781
-0.0393333435058594 -0.0223541259765625 -0.0668067932128906 0.0397605895996094
-0.0315399169921875 -0.0483283996582031 -0.0765609741210938 0.0967636108398438
-0.0078125 -0.075653076171875 -0.0878524780273438 0.126792907714844
0.0426559448242187 -0.0914764404296875 -0.144561767578125 -0.00962829589843753
-0.00158309936523438 -0.0475273132324219 -0.0399093627929688 0.0091400146484375
-0.0164928436279297 -0.0250682830810547 0.0276565551757813 -0.0359916687011719
-0.00740432739257813 0.000428676605224611 0.0309295654296875 -0.0785064697265625
-0.00503110885620117 -0.00573301315307617 0.00469970703124999 -0.104042053222656
-0.0130367279052734 -0.00488471984863281 -0.0519485473632812 -0.104736328125
-0.03009033203125 0.00732040405273437 -0.0903549194335938 -0.0556182861328125
-0.0389671325683594 0.00950241088867187 -0.08026123046875 -0.0244369506835938
-0.043792724609375 0.0139694213867187 -0.0750045776367188 0.000938415527343743
-0.0461997985839844 -0.00838851928710937 -0.0698356628417969 0.0047149658203125
-0.0423126220703125 -0.0284881591796875 -0.0598411560058594 0.0147247314453125
-0.0387153625488281 -0.0391807556152344 -0.0617904663085938 0.0245170593261719
-0.0121269226074219 -0.068389892578125 -0.0594253540039062 0.0253028869628906
0.00516510009765626 -0.0825958251953125 -0.0621261596679687 0.077392578125
0.0449066162109375 -0.106918334960937 -0.0670013427734375 0.105880737304687
0.0963821411132813 -0.0993728637695313 -0.117095947265625 -0.0368881225585938
0.0517654418945312 -0.0626983642578125 -0.0188255310058594 -0.00820350646972657
0.0274658203125 -0.0671539306640625 0.0445938110351563 -0.0499610900878906
0.00942230224609375 -0.0456695556640625 0.0382156372070313 -0.091278076171875
-0.00565719604492188 -0.0485763549804687 0.010162353515625 -0.107276916503906
-0.0314979553222656 -0.03607177734375 -0.0436019897460938 -0.0997848510742187
-0.0563812255859375 -0.012725830078125 -0.074676513671875 -0.0562973022460938
-0.066192626953125 -0.00957870483398438 -0.0608367919921875 -0.0284309387207031
-0.0737762451171875 0.001190185546875 -0.0552253723144531 -0.00245285034179687
-0.0681419372558594 -0.0253486633300781 -0.0505180358886719 0.00921630859374999
-0.061492919921875 -0.0540657043457031 -0.0480117797851563 0.0203361511230469
-0.047698974609375 -0.0739974975585938 -0.060089111328125 0.0244598388671875
0.00721740722656249 -0.108001708984375 -0.0542640686035156 0.0112800598144531
0.0351486206054688 -0.109207153320312 -0.0487136840820312 0.0482292175292969
0.0887374877929688 -0.124984741210938 -0.0336761474609375 0.072906494140625
0.133720397949219 -0.0942611694335937 -0.073760986328125 -0.0652389526367188
0.0980072021484375 -0.0705490112304687 0.0118179321289063 -0.0281715393066406
0.0684051513671875 -0.104217529296875 0.0626716613769531 -0.0603065490722656
0.0238418579101562 -0.088653564453125 0.0482177734375 -0.0948715209960938
-0.00927734375000001 -0.0876922607421875 0.0189437866210937 -0.100456237792969
-0.0475273132324219 -0.0624504089355469 -0.0268630981445313 -0.0849533081054688
-0.076080322265625 -0.0300445556640625 -0.0478553771972656 -0.0504684448242188
-0.0843353271484375 -0.0278091430664062 -0.0316543579101563 -0.0293407440185547
-0.0921249389648438 -0.01220703125 -0.0276508331298828 -0.00473213195800781
-0.0791397094726562 -0.0390472412109375 -0.0243282318115234 0.0150566101074219
-0.0702285766601563 -0.0718841552734375 -0.0326347351074219 0.0262432098388672
-0.05010986328125 -0.0963821411132813 -0.0547103881835938 0.0252113342285156
0.0261383056640625 -0.131370544433594 -0.0504837036132812 -0.000976562500000007
0.0623016357421875 -0.119064331054688 -0.0361480712890625 0.0147743225097656
0.120223999023438 -0.123115539550781 0.00655174255371094 0.0351009368896484
0.148391723632813 -0.0755462646484375 -0.022430419921875 -0.0916976928710937
0.125526428222656 -0.0659103393554687 0.0449638366699219 -0.0519218444824219
0.0960159301757812 -0.12066650390625 0.0760955810546875 -0.067413330078125
0.0325775146484375 -0.114418029785156 0.0563278198242188 -0.0891494750976563
-0.0114364624023438 -0.111038208007813 0.0307846069335937 -0.0829544067382813
-0.0572738647460938 -0.077911376953125 -0.001983642578125 -0.0633125305175781
-0.083892822265625 -0.0418319702148438 -0.0128211975097656 -0.0402412414550781
-0.0892486572265625 -0.0412368774414063 0.000677108764648434 -0.0254840850830078
-0.0968246459960937 -0.0270004272460938 0.00396513938903808 -0.00289511680603027
-0.0763931274414063 -0.0509872436523437 0.00354766845703125 0.0234756469726563
-0.0634841918945313 -0.0841445922851562 -0.0164146423339844 0.0343570709228516
-0.0386810302734375 -0.107551574707031 -0.0474433898925781 0.025634765625
0.0490570068359375 -0.133979797363281 -0.0453033447265625 -0.0112800598144531
0.0870742797851563 -0.108734130859375 -0.022674560546875 -0.0187969207763672
0.137901306152344 -0.0996780395507813 0.0495376586914063 0.000141143798828119
0.13690185546875 -0.0462112426757812 0.0259246826171875 -0.114761352539063
0.127342224121094 -0.04638671875 0.0719451904296875 -0.0769500732421875
0.1038818359375 -0.110542297363281 0.0802078247070313 -0.070556640625
0.0358200073242188 -0.113090515136719 0.060516357421875 -0.0764083862304687
-0.00920867919921874 -0.110427856445313 0.0426673889160156 -0.05853271484375
-0.0549163818359375 -0.077850341796875 0.0260238647460937 -0.0396385192871094
-0.0780868530273437 -0.0455245971679688 0.0235385894775391 -0.0300636291503906
-0.0814208984375 -0.0480804443359375 0.0321540832519531 -0.0179901123046875
-0.087646484375 -0.0381240844726563 0.0345478057861328 0.00468826293945312
-0.0616493225097656 -0.0589599609375 0.0274009704589844 0.0377197265625
-0.0431594848632813 -0.0879287719726563 -0.00372695922851563 0.045684814453125
-0.0136260986328125 -0.106094360351562 -0.0394515991210938 0.0274810791015625
0.0743255615234375 -0.114990234375 -0.0369338989257812 -0.0163192749023438
0.10589599609375 -0.0767135620117188 -0.00442504882812499 -0.0416488647460938
0.136337280273438 -0.0587921142578125 0.0915069580078125 -0.02325439453125
0.102523803710938 -0.00927734375 0.0611572265625 -0.129035949707031
0.106330871582031 -0.0187530517578125 0.085906982421875 -0.095916748046875
0.0927200317382813 -0.0787887573242188 0.0752944946289063 -0.0680160522460938
0.03350830078125 -0.0874786376953125 0.0599136352539063 -0.0592308044433594
-0.00249481201171875 -0.0859298706054688 0.0513229370117188 -0.0340652465820313
-0.0398826599121094 -0.063812255859375 0.0503578186035156 -0.0195274353027344
-0.0591316223144531 -0.0422821044921875 0.0547561645507812 -0.0206031799316406
-0.0610809326171875 -0.0472564697265625 0.0582542419433594 -0.00857925415039063
-0.0674629211425781 -0.0436019897460937 0.059478759765625 0.0182266235351563
-0.0411415100097656 -0.0588951110839844 0.0434303283691406 0.057281494140625
-0.0194244384765625 -0.080657958984375 0.00397491455078124 0.0618095397949219
0.0107650756835937 -0.0908584594726563 -0.0317955017089844 0.0334434509277344
0.0901336669921875 -0.0814666748046875 -0.0256996154785156 -0.0132102966308594
0.109954833984375 -0.0351486206054688 0.0176429748535156 -0.0491065979003906
0.11578369140625 -0.0101776123046875 0.127723693847656 -0.0294876098632812
0.0534095764160156 0.0306930541992187 0.0776443481445312 -0.133316040039062
0.07073974609375 0.013519287109375 0.0851974487304688 -0.104408264160156
0.0681838989257813 -0.0337257385253906 0.06573486328125 -0.0575103759765625
0.0284805297851562 -0.0458297729492187 0.0585441589355469 -0.0416259765625
0.0089111328125 -0.0474929809570313 0.0570068359375 -0.0167045593261719
-0.0153083801269531 -0.0422325134277344 0.0665817260742188 -0.00771331787109375
-0.0288448333740234 -0.0340747833251953 0.0754547119140625 -0.0129623413085938
-0.0325050354003906 -0.0389137268066406 0.0746612548828125 0.00191497802734375
-0.0405616760253906 -0.0399589538574219 0.0764617919921875 0.0332412719726563
-0.0210418701171875 -0.0467147827148438 0.0520553588867187 0.0769424438476562
-0.00232315063476562 -0.0616722106933594 0.00625610351562501 0.0786590576171875
0.0236892700195313 -0.0652046203613281 -0.0260887145996094 0.0437965393066406
0.0853729248046875 -0.0438003540039062 -0.0172624588012695 -0.000173568725585938
0.0937271118164063 0.0063323974609375 0.0352096557617188 -0.0393905639648438
0.0747833251953125 0.035400390625 0.15240478515625 -0.0196533203125
-0.0198211669921875 -0.071563720703125 -0.157806396484375 0.0203857421875
-0.05328369140625 -0.02392578125 -0.0479927062988281 0.0297584533691406
-0.054595947265625 0.0173225402832031 0.0212059020996094 -0.0179080963134766
-0.0190200805664062 0.0399742126464844 0.0295600891113281 -0.0658912658691406
-0.00259780883789063 0.0334224700927734 0.0011444091796875 -0.0987014770507813
0.00519752502441406 0.0230789184570312 -0.0584716796875 -0.101783752441406
-0.000123977661132811 0.0252513885498047 -0.0982589721679688 -0.0468292236328125
-0.00572395324707031 0.028839111328125 -0.0902481079101563 -0.0134735107421875
-0.00725936889648438 0.0270557403564453 -0.0842514038085938 0.00971984863281251
-0.0181560516357422 0.0127220153808594 -0.0817031860351563 0.00725555419921875
-0.0219154357910156 0.00681304931640625 -0.0680618286132812 0.0174331665039063
-0.0316410064697266 0.00683021545410157 -0.0643081665039063 0.0317802429199219
-0.0410194396972656 -0.0206832885742187 -0.069366455078125 0.0419197082519531
-0.0350379943847656 -0.0483169555664063 -0.0758285522460937 0.101158142089844
-0.0123825073242188 -0.0776214599609375 -0.0852737426757813 0.13421630859375
0.0397491455078125 -0.0951995849609375 -0.149520874023438 -0.00497436523437501
-0.00397109985351562 -0.0482025146484375 -0.0399017333984375 0.0116958618164063
-0.0184841156005859 -0.0244178771972656 0.0296783447265625 -0.0370903015136719
-0.0057835578918457 0.00119447708129883 0.0314178466796875 -0.0820846557617188
-0.00366926193237305 -0.00545263290405273 0.00360107421875001 -0.108497619628906
-0.0132808685302734 -0.00562667846679688 -0.0568313598632812 -0.107200622558594
-0.0304088592529297 0.00797271728515625 -0.0941543579101562 -0.05389404296875
-0.0393295288085938 0.0116119384765625 -0.083343505859375 -0.021331787109375
-0.0438308715820313 0.0153961181640625 -0.0774688720703125 0.00448608398437501
-0.0474967956542969 -0.00794982910156251 -0.0739059448242188 0.0084075927734375
-0.0442237854003906 -0.0280609130859375 -0.0634994506835938 0.0184593200683594
-0.0396652221679688 -0.0388755798339844 -0.0652275085449219 0.0281105041503906
-0.0150299072265625 -0.0698509216308594 -0.06280517578125 0.0263404846191406
0.00234985351562501 -0.0848236083984375 -0.0623550415039063 0.080841064453125
0.0413055419921875 -0.111968994140625 -0.0647430419921875 0.111663818359375
0.0947036743164063 -0.105415344238281 -0.122283935546875 -0.0331573486328125
0.0502548217773437 -0.0657272338867188 -0.0185565948486328 -0.00701904296875
0.0254974365234375 -0.0695838928222656 0.046173095703125 -0.0519752502441406
0.00926971435546876 -0.0461463928222656 0.0389175415039063 -0.0953445434570313
-0.00641250610351562 -0.0494232177734375 0.00779724121093751 -0.111747741699219
-0.03253173828125 -0.0368118286132813 -0.0480270385742188 -0.102569580078125
-0.0578498840332031 -0.0109710693359375 -0.07861328125 -0.0552978515625
-0.0684051513671875 -0.00727462768554687 -0.0634880065917969 -0.0265464782714844
-0.0754165649414063 0.00372314453124999 -0.0577812194824219 9.53674316406178E-05
-0.0713882446289063 -0.02398681640625 -0.0534248352050781 0.0130195617675781
-0.0644493103027344 -0.05426025390625 -0.0517654418945313 0.0238456726074219
-0.05047607421875 -0.0739822387695312 -0.063385009765625 0.0284538269042969
0.00345611572265625 -0.110969543457031 -0.0588493347167969 0.0118904113769531
0.0326156616210937 -0.112091064453125 -0.0492477416992187 0.0509605407714844
0.0858383178710937 -0.132415771484375 -0.0316696166992188 0.077056884765625
0.13427734375 -0.101409912109375 -0.078887939453125 -0.0641250610351563
0.098785400390625 -0.0756607055664063 0.0126247406005859 -0.0284633636474609
0.06585693359375 -0.108695983886719 0.0647773742675781 -0.0630607604980469
0.0221099853515625 -0.09100341796875 0.0478363037109375 -0.0999832153320312
-0.0119705200195313 -0.0899658203125 0.017181396484375 -0.10491943359375
-0.0505561828613281 -0.0631752014160156 -0.0295257568359375 -0.0882720947265625
-0.0780487060546875 -0.028656005859375 -0.0503578186035156 -0.0499763488769531
-0.0871658325195313 -0.0245285034179687 -0.0349559783935547 -0.028045654296875
-0.09503173828125 -0.00954437255859374 -0.0297813415527344 -0.00268936157226562
-0.0824508666992188 -0.0380325317382813 -0.0257625579833984 0.0175380706787109
-0.0738143920898438 -0.0727462768554688 -0.0350723266601563 0.0307159423828125
-0.053924560546875 -0.0970001220703125 -0.0588264465332031 0.0294532775878906
0.022216796875 -0.136474609375 -0.0561714172363281 -0.00101470947265625
0.0603561401367187 -0.123619079589844 -0.0379409790039062 0.0150375366210937
0.119216918945313 -0.131576538085938 0.00798034667968751 0.035797119140625
0.150772094726563 -0.0824432373046875 -0.026641845703125 -0.0935516357421875
0.127578735351563 -0.0718231201171875 0.0458030700683594 -0.0534629821777344
0.0942001342773437 -0.127578735351562 0.077850341796875 -0.0710906982421875
0.0305252075195313 -0.118232727050781 0.056640625 -0.0944671630859375
-0.014892578125 -0.1138916015625 0.0298843383789063 -0.087188720703125
-0.06060791015625 -0.0786666870117188 -0.00325775146484375 -0.0669822692871094
-0.0871658325195313 -0.040252685546875 -0.0149688720703125 -0.0414886474609375
-0.09356689453125 -0.0378799438476563 -0.00161170959472657 -0.0254554748535156
-0.100006103515625 -0.0229873657226562 0.00307631492614745 -0.00214266777038574
-0.07977294921875 -0.050018310546875 0.00354766845703125 0.0257625579833984
-0.0672760009765625 -0.0847320556640625 -0.0185432434082031 0.0379600524902344
-0.0424575805664063 -0.109039306640625 -0.0511589050292969 0.0299606323242187
0.0459976196289062 -0.140205383300781 -0.0513038635253906 -0.0114898681640625
0.0867691040039063 -0.113899230957031 -0.0254249572753906 -0.0190315246582031
0.137619018554688 -0.108863830566406 0.0517082214355469 -0.00132369995117188
0.139511108398438 -0.052154541015625 0.0221176147460938 -0.118270874023437
0.13006591796875 -0.0525283813476563 0.0718765258789063 -0.080047607421875
0.103340148925781 -0.118812561035156 0.0824661254882812 -0.074188232421875
0.0340423583984375 -0.117782592773438 0.0607147216796875 -0.0810623168945313
-0.0129547119140625 -0.113395690917969 0.0427360534667969 -0.0626869201660156
-0.0586700439453125 -0.078948974609375 0.0267486572265625 -0.0424423217773438
-0.0811920166015625 -0.0444488525390625 0.0230655670166016 -0.0317211151123047
-0.0856857299804688 -0.0453567504882812 0.0314197540283203 -0.0194721221923828
-0.0918197631835938 -0.0353240966796875 0.0343055725097656 0.00471115112304687
-0.0648651123046875 -0.0590896606445313 0.027801513671875 0.0396041870117187
-0.0474319458007813 -0.088958740234375 -0.00489807128906251 0.050079345703125
-0.0177764892578125 -0.107513427734375 -0.0431365966796875 0.0312271118164062
0.0718460083007813 -0.122428894042969 -0.042205810546875 -0.017486572265625
0.1075439453125 -0.0829849243164063 -0.00695037841796874 -0.0430107116699219
0.138755798339844 -0.0661163330078125 0.0932388305664063 -0.0266265869140625
0.105812072753906 -0.0130081176757813 0.0581130981445313 -0.134414672851563
0.110275268554687 -0.0224533081054687 0.0858154296875 -0.100303649902344
0.0933380126953125 -0.0861740112304687 0.0773086547851563 -0.0711898803710938
0.031982421875 -0.0917434692382813 0.06060791015625 -0.0628204345703125
-0.00582122802734374 -0.0888671875 0.0530128479003906 -0.0377922058105469
-0.04345703125 -0.064910888671875 0.0524444580078125 -0.0222854614257813
-0.0616073608398437 -0.0418014526367188 0.0552902221679687 -0.0235176086425781
-0.06512451171875 -0.0455513000488281 0.0577812194824219 -0.010955810546875
-0.0711669921875 -0.041259765625 0.0606803894042969 0.0169181823730469
-0.0442123413085938 -0.0588302612304687 0.0462875366210938 0.0578498840332031
-0.0225296020507813 -0.0820846557617188 0.00392532348632813 0.0654029846191406
0.00807952880859376 -0.0939483642578125 -0.0350456237792969 0.0369186401367187
0.0893478393554688 -0.0883941650390625 -0.0306911468505859 -0.0140171051025391
0.113128662109375 -0.0400619506835938 0.0144538879394531 -0.0517539978027344
0.119346618652344 -0.0145339965820313 0.130088806152344 -0.0350265502929687
0.0569343566894531 0.0303802490234375 0.0750732421875 -0.139541625976563
0.074859619140625 0.011566162109375 0.0838699340820313 -0.109611511230469
0.0699043273925781 -0.0385169982910156 0.0674476623535156 -0.059967041015625
0.02716064453125 -0.0488471984863281 0.0609207153320313 -0.0444412231445313
0.00680160522460938 -0.0499191284179688 0.0594863891601563 -0.0190696716308594
-0.0174064636230469 -0.0425949096679688 0.0699577331542969 -0.0108184814453125
-0.0310688018798828 -0.0331783294677734 0.0766220092773438 -0.0169601440429688
-0.0356521606445312 -0.0382537841796875 0.0755996704101563 -0.00107574462890625
-0.0429725646972656 -0.0386695861816406 0.079193115234375 0.0321197509765625
-0.0231666564941406 -0.0478172302246094 0.0557861328125 0.0781784057617188
-0.00492095947265626 -0.0632820129394531 0.007415771484375 0.081756591796875
0.0217247009277344 -0.0683555603027344 -0.0283164978027344 0.0468788146972656
0.0854721069335937 -0.0489578247070313 -0.0206069946289062 -0.000919342041015631
0.0975341796875 0.002288818359375 0.0328598022460938 -0.0428695678710938
0.0796661376953125 0.0335464477539063 0.155380249023437 -0.0258026123046875
-0.0249786376953125 -0.0704574584960938 -0.159515380859375 0.02978515625
-0.0562934875488281 -0.0205841064453125 -0.0457382202148438 0.0334625244140625
-0.0549697875976563 0.0219688415527344 0.0229911804199219 -0.0188446044921875
-0.0154380798339844 0.0419960021972656 0.0289649963378906 -0.0684738159179688
0.000463485717773438 0.0333652496337891 -0.00228118896484374 -0.101898193359375
0.00667762756347656 0.0225830078125 -0.0645370483398437 -0.101234436035156
0.00134086608886719 0.0256938934326172 -0.100929260253906 -0.0421218872070313
-0.00338935852050782 0.0289936065673828 -0.0920791625976563 -0.00823211669921874
-0.00574684143066406 0.0273666381835937 -0.0847320556640625 0.0152587890625
-0.0181484222412109 0.0134296417236328 -0.0840377807617187 0.0129165649414063
-0.0212230682373047 0.00754928588867187 -0.07037353515625 0.0221023559570312
-0.0307159423828125 0.00930786132812499 -0.0652694702148438 0.0356712341308594
-0.043365478515625 -0.0180015563964844 -0.0696525573730469 0.0451889038085937
-0.0383377075195312 -0.0462799072265625 -0.0720443725585938 0.106178283691406
-0.018585205078125 -0.0773773193359375 -0.0784759521484375 0.141265869140625
0.0344696044921875 -0.0977325439453125 -0.152023315429688 0.00363159179687501
-0.00720214843749999 -0.0477218627929688 -0.0389747619628906 0.0144081115722656
-0.0205936431884766 -0.0223655700683594 0.0302543640136719 -0.0383224487304688
-0.00426936149597168 0.00174999237060547 0.0294952392578125 -0.085479736328125
-0.00308370590209961 -0.00582170486450195 -0.00139617919921876 -0.112022399902344
-0.0136642456054688 -0.00570869445800781 -0.063262939453125 -0.107147216796875
-0.0297679901123047 0.00935173034667969 -0.097900390625 -0.0496978759765625
-0.0387229919433594 0.0139808654785156 -0.0851898193359375 -0.016326904296875
-0.0436859130859375 0.0180282592773438 -0.0784912109375 0.0101547241210937
-0.0484962463378906 -0.00617218017578126 -0.0754928588867188 0.014251708984375
-0.04608154296875 -0.026885986328125 -0.0657691955566406 0.0233421325683594
-0.0412101745605469 -0.0364494323730469 -0.0668830871582031 0.0323944091796875
-0.0192222595214844 -0.0694618225097656 -0.0651359558105469 0.0284538269042969
-0.0028533935546875 -0.08551025390625 -0.059112548828125 0.0843124389648438
0.0342483520507813 -0.115715026855469 -0.05865478515625 0.11700439453125
0.0900650024414062 -0.111610412597656 -0.125724792480469 -0.0269012451171875
0.0476188659667969 -0.0687141418457031 -0.0172710418701172 -0.00522899627685547
0.0215530395507812 -0.0707168579101563 0.0466384887695313 -0.0545692443847656
0.00809478759765625 -0.0464324951171875 0.036041259765625 -0.099151611328125
-0.00856781005859375 -0.0500755310058594 0.00327301025390626 -0.115386962890625
-0.0341796875 -0.0362205505371094 -0.053985595703125 -0.102920532226563
-0.0591697692871094 -0.00851058959960937 -0.0817031860351563 -0.0514373779296875
-0.0692291259765625 -0.00325012207031251 -0.0658645629882813 -0.0223617553710937
-0.07568359375 0.00726318359374999 -0.0591316223144531 0.00489044189453124
-0.0733566284179688 -0.021697998046875 -0.054779052734375 0.0173721313476562
-0.0681381225585938 -0.0523033142089844 -0.0536041259765625 0.0288314819335938
-0.0544891357421875 -0.0723114013671875 -0.0658035278320313 0.0332183837890625
-0.00273895263671874 -0.112510681152344 -0.0632286071777344 0.0143890380859375
0.02716064453125 -0.114944458007813 -0.0480804443359375 0.0531730651855469
0.078033447265625 -0.139434814453125 -0.0271987915039063 0.0797805786132812
0.131454467773438 -0.110069274902344 -0.08404541015625 -0.05950927734375
0.09588623046875 -0.0824432373046875 0.0127944946289063 -0.0283641815185547
0.0606689453125 -0.113578796386719 0.0642166137695312 -0.0670089721679688
0.0183029174804687 -0.0932159423828125 0.0450668334960938 -0.103973388671875
-0.016143798828125 -0.0902862548828125 0.013092041015625 -0.108924865722656
-0.053955078125 -0.06219482421875 -0.0346603393554688 -0.0893402099609375
-0.0802154541015625 -0.024993896484375 -0.0540237426757813 -0.0479774475097656
-0.0893707275390625 -0.0195159912109375 -0.0374183654785156 -0.025787353515625
-0.0961990356445313 -0.00388336181640624 -0.0304183959960938 0.000595092773437505
-0.0856170654296875 -0.034637451171875 -0.0265960693359375 0.0205821990966797
-0.0782623291015625 -0.070343017578125 -0.0365219116210938 0.0347671508789062
-0.0590591430664062 -0.095428466796875 -0.0611648559570313 0.0349998474121094
0.0142974853515625 -0.139480590820313 -0.0616798400878906 0.000862121582031244
0.0547332763671875 -0.128631591796875 -0.0391921997070313 0.0164299011230469
0.11248779296875 -0.140823364257813 0.0107421875 0.0359916687011719
0.148834228515625 -0.0919647216796875 -0.0329360961914062 -0.0922622680664063
0.126083374023438 -0.0795516967773438 0.0444717407226563 -0.0556488037109375
0.0883102416992188 -0.134864807128906 0.078155517578125 -0.0753707885742188
0.0250625610351563 -0.121086120605469 0.0540313720703125 -0.0989608764648438
-0.02130126953125 -0.114418029785156 0.026763916015625 -0.0913848876953125
-0.0653076171875 -0.0767440795898437 -0.006378173828125 -0.0686569213867188
-0.0900344848632813 -0.036407470703125 -0.0173416137695313 -0.04132080078125
-0.096923828125 -0.0328903198242187 -0.00407409667968751 -0.0253887176513672
-0.102920532226562 -0.0176544189453125 0.00159657001495361 -0.000761866569519044
-0.0835494995117188 -0.0473403930664063 0.00315666198730468 0.0272026062011719
-0.0727081298828125 -0.0826339721679688 -0.0191497802734375 0.0420036315917969
-0.0488510131835937 -0.107391357421875 -0.0537643432617188 0.0352935791015625
0.0376129150390625 -0.145599365234375 -0.0569076538085938 -0.00997161865234375
0.0826339721679688 -0.12005615234375 -0.0281238555908203 -0.0183486938476563
0.133590698242188 -0.118675231933594 0.052093505859375 -0.00410842895507813
0.140007019042969 -0.0607452392578125 0.0159454345703125 -0.120452880859375
0.131011962890625 -0.0606460571289063 0.0704116821289063 -0.0841140747070313
0.0990142822265625 -0.127532958984375 0.081756591796875 -0.0787506103515625
0.0282669067382813 -0.121330261230469 0.0586013793945313 -0.0857086181640625
-0.019866943359375 -0.114364624023438 0.0407180786132813 -0.0668601989746094
-0.06341552734375 -0.0767364501953125 0.0254745483398437 -0.0462417602539063
-0.0849075317382813 -0.0407791137695312 0.0211544036865234 -0.0341453552246094
-0.0895919799804688 -0.0400466918945312 0.0289573669433594 -0.0211009979248047
-0.0943527221679688 -0.02978515625 0.0335731506347656 0.00385665893554687
-0.0684623718261719 -0.0564308166503906 0.0291290283203125 0.0394363403320313
-0.052398681640625 -0.0880050659179688 -0.00412750244140626 0.0532455444335937
-0.0236129760742187 -0.108619689941406 -0.0455474853515625 0.0364913940429687
0.0657196044921875 -0.128837585449219 -0.0479888916015625 -0.0160636901855469
0.105026245117188 -0.0902481079101563 -0.0114898681640625 -0.0447349548339844
0.137008666992188 -0.076019287109375 0.09320068359375 -0.032501220703125
0.107818603515625 -0.0185394287109375 0.0512847900390625 -0.139244079589844
0.112617492675781 -0.0301055908203125 0.0826568603515625 -0.106178283691406
0.090911865234375 -0.093963623046875 0.0762939453125 -0.0752716064453125
0.0279617309570312 -0.0949172973632813 0.0593490600585937 -0.0671844482421875
-0.0116424560546875 -0.0904083251953125 0.0528182983398438 -0.041748046875
-0.0477676391601563 -0.0634994506835938 0.0526809692382813 -0.0273513793945313
-0.0644989013671875 -0.0385246276855469 0.0546493530273438 -0.0272560119628906
-0.0693130493164063 -0.0419960021972656 0.0564384460449219 -0.0141372680664063
-0.0744476318359375 -0.0365447998046875 0.060821533203125 0.0150375366210937
-0.0477409362792969 -0.0577430725097656 0.0485992431640625 0.0572319030761719
-0.027313232421875 -0.0819549560546875 0.00539779663085938 0.068206787109375
0.00261688232421875 -0.0950546264648438 -0.0367622375488281 0.0411148071289062
0.08538818359375 -0.0955352783203125 -0.0354194641113281 -0.0135917663574219
0.113227844238281 -0.0478363037109375 0.0101318359375 -0.0538787841796875
0.120597839355469 -0.0224227905273438 0.129844665527344 -0.0421905517578125
0.0602989196777344 0.0270576477050781 0.068389892578125 -0.1453857421875
0.07867431640625 0.0069427490234375 0.080718994140625 -0.115135192871094
0.0691070556640625 -0.0451240539550781 0.0669364929199219 -0.0639801025390625
0.0249290466308594 -0.051025390625 0.0604667663574219 -0.04803466796875
0.00369644165039063 -0.0515632629394531 0.0602149963378906 -0.0229949951171875
-0.0204849243164063 -0.0422821044921875 0.0709762573242188 -0.0156326293945313
-0.0332317352294922 -0.0319480895996094 0.0762557983398438 -0.0221099853515625
-0.0383682250976562 -0.036346435546875 0.0746078491210938 -0.00528717041015625
-0.0460319519042969 -0.0355339050292969 0.0802230834960938 0.0284194946289063
-0.026519775390625 -0.0464286804199219 0.0602645874023437 0.0760498046875
-0.00865173339843749 -0.0636558532714844 0.00958251953125 0.0849685668945313
0.0180206298828125 -0.0704269409179688 -0.0293540954589844 0.0505523681640625
0.0835800170898437 -0.055328369140625 -0.0240650177001953 -0.000736236572265633
0.09991455078125 -0.0033111572265625 0.03009033203125 -0.0456161499023438
0.0829925537109375 0.0293807983398438 0.156509399414063 -0.0341033935546875
-0.0294113159179688 -0.0679168701171875 -0.156097412109375 0.0384521484375
-0.0574531555175781 -0.0160331726074219 -0.0431671142578125 0.0362625122070313
-0.0530967712402344 0.0261955261230469 0.0245590209960937 -0.0201091766357422
-0.0120773315429687 0.0418167114257812 0.027801513671875 -0.0701332092285156
0.00339317321777344 0.0323028564453125 -0.00597381591796875 -0.102157592773437
0.00717353820800781 0.0214252471923828 -0.0698623657226563 -0.09783935546875
0.00278663635253906 0.0249919891357422 -0.101676940917969 -0.0363311767578125
-0.00167465209960938 0.0288257598876953 -0.0899810791015625 -0.00294494628906249
-0.00393104553222656 0.0270442962646484 -0.08221435546875 0.0203933715820312
-0.0172176361083984 0.0135288238525391 -0.0840682983398438 0.0190887451171875
-0.0206928253173828 0.00867080688476562 -0.0702171325683594 0.0263519287109375
-0.0289840698242188 0.0109901428222656 -0.0641593933105469 0.0388374328613281
-0.0438003540039062 -0.0141105651855469 -0.0687141418457031 0.0471000671386719
-0.0414772033691406 -0.0435295104980469 -0.0660476684570312 0.108291625976563
-0.0241012573242188 -0.0750045776367188 -0.0681915283203125 0.144180297851563
0.0281829833984375 -0.0979461669921875 -0.150390625 0.012603759765625
-0.0107269287109375 -0.0460128784179688 -0.0361442565917969 0.017303466796875
-0.0216445922851563 -0.01947021484375 0.0301742553710938 -0.0398941040039063
-0.00295710563659668 0.00219082832336426 0.027008056640625 -0.0869979858398438
-0.00199556350708008 -0.00543975830078125 -0.00557708740234375 -0.112236022949219
-0.0132675170898438 -0.00571918487548828 -0.0682373046875 -0.103897094726563
-0.0287036895751953 0.0107021331787109 -0.0986785888671875 -0.043701171875
-0.0371208190917969 0.015716552734375 -0.0841751098632813 -0.0104904174804687
-0.0421409606933594 0.019744873046875 -0.076751708984375 0.0156784057617187
-0.04864501953125 -0.00416946411132813 -0.0756301879882812 0.0196304321289062
-0.0471305847167969 -0.0246696472167969 -0.0659942626953125 0.0278434753417969
-0.042083740234375 -0.0342025756835938 -0.0668373107910156 0.0362129211425781
-0.0228004455566406 -0.066864013671875 -0.0661125183105469 0.0308418273925781
-0.00753784179687499 -0.0833282470703125 -0.0548171997070313 0.0862808227539062
0.0261154174804688 -0.116287231445313 -0.0504379272460938 0.118797302246094
0.0826263427734375 -0.115219116210937 -0.125907897949219 -0.0186309814453125
0.0432815551757813 -0.070556640625 -0.0162878036499023 -0.00348281860351563
0.01715087890625 -0.0697784423828125 0.0455551147460938 -0.0564765930175781
0.00675582885742188 -0.0460433959960938 0.0322036743164063 -0.100593566894531
-0.00984191894531249 -0.049163818359375 -0.00207519531249999 -0.115531921386719
-0.0356941223144531 -0.0347671508789063 -0.0588226318359375 -0.100074768066406
-0.0581779479980469 -0.00614166259765625 -0.08349609375 -0.0460281372070312
-0.0677490234375 0.00102996826171876 -0.0665931701660156 -0.018218994140625
-0.0738983154296875 0.0118942260742188 -0.0582275390625 0.00995254516601562
-0.0735092163085938 -0.0180892944335938 -0.0545921325683594 0.022003173828125
-0.0699958801269531 -0.0490074157714844 -0.053680419921875 0.0334358215332031
-0.0569305419921875 -0.0686988830566406 -0.0658416748046875 0.038299560546875
-0.00903320312500001 -0.110977172851562 -0.0652084350585938 0.0167350769042969
0.0212783813476563 -0.114944458007813 -0.0459480285644531 0.0547103881835937
0.06854248046875 -0.142349243164063 -0.0212631225585937 0.0799713134765625
0.123626708984375 -0.116050720214844 -0.085906982421875 -0.053375244140625
0.0909805297851562 -0.0860137939453125 0.0123863220214844 -0.0276718139648438
0.0534286499023438 -0.114891052246094 0.0627250671386719 -0.0694084167480469
0.0137100219726563 -0.0925064086914063 0.0408401489257813 -0.106201171875
-0.020599365234375 -0.0885848999023438 0.00797271728515625 -0.109138488769531
-0.0560684204101563 -0.0592460632324219 -0.0392303466796875 -0.0873870849609375
-0.0802001953125 -0.0212860107421875 -0.0558433532714844 -0.0446701049804688
-0.089385986328125 -0.01385498046875 -0.0390586853027344 -0.0226097106933594
-0.0945281982421875 0.00172424316406249 -0.0312652587890625 0.00407218933105469
-0.0863571166992188 -0.0302886962890625 -0.0261802673339844 0.0240879058837891
-0.0814743041992188 -0.0659103393554687 -0.0368461608886719 0.0388908386230469
-0.0627517700195312 -0.091522216796875 -0.0609626770019531 0.0398445129394531
0.00565338134765625 -0.138534545898438 -0.06494140625 0.00419235229492186
0.0482177734375 -0.129508972167969 -0.0392532348632813 0.017669677734375
0.102828979492188 -0.146392822265625 0.0131645202636719 0.0352630615234375
0.142898559570313 -0.0996551513671875 -0.0374755859375 -0.08837890625
0.121322631835938 -0.0859375 0.0427742004394531 -0.0565109252929688
0.0798797607421875 -0.138526916503906 0.074981689453125 -0.0786819458007813
0.019500732421875 -0.121124267578125 0.0496597290039063 -0.101181030273438
-0.027191162109375 -0.112228393554687 0.0224151611328125 -0.092987060546875
-0.06854248046875 -0.0734024047851563 -0.00993347167968751 -0.0687103271484375
-0.0903167724609375 -0.0318984985351562 -0.01904296875 -0.0400352478027344
-0.0972061157226563 -0.0262908935546875 -0.00613212585449219 -0.0237655639648438
-0.101593017578125 -0.0111465454101563 0.000930845737457269 0.000929415225982665
-0.0850143432617188 -0.042938232421875 0.00371360778808593 0.0280208587646484
-0.0760498046875 -0.0779800415039062 -0.0186996459960938 0.0450820922851562
-0.053253173828125 -0.104095458984375 -0.0543136596679687 0.0400009155273437
0.0287933349609375 -0.146697998046875 -0.0614204406738281 -0.00682830810546877
0.0759506225585938 -0.123634338378906 -0.0302543640136719 -0.0173187255859375
0.124717712402344 -0.12542724609375 0.0515632629394531 -0.00707244873046876
0.136192321777344 -0.0678787231445313 0.0091094970703125 -0.118911743164063
0.127861022949219 -0.0680694580078125 0.0660858154296875 -0.0860519409179688
0.09088134765625 -0.132789611816406 0.078155517578125 -0.0818557739257813
0.0222320556640625 -0.121871948242188 0.0541152954101562 -0.08837890625
-0.0262527465820313 -0.112663269042969 0.0377998352050781 -0.0689849853515625
-0.067169189453125 -0.0731201171875 0.0226783752441406 -0.0480499267578125
-0.0861129760742188 -0.036163330078125 0.0188980102539062 -0.0349082946777344
-0.0907135009765625 -0.0343399047851562 0.0266475677490234 -0.0216503143310547
-0.0944366455078125 -0.0227890014648438 0.0317287445068359 0.0034637451171875
-0.071044921875 -0.0526123046875 0.0301895141601562 0.0388526916503906
-0.0564651489257812 -0.0844268798828125 -0.00290679931640625 0.0551490783691406
-0.029083251953125 -0.105979919433594 -0.0460548400878906 0.0406455993652344
0.0566940307617187 -0.13134765625 -0.0525741577148438 -0.0135841369628906
0.0997314453125 -0.0953369140625 -0.0154457092285156 -0.0437278747558594
0.13140869140625 -0.0832977294921875 0.090606689453125 -0.0376205444335938
0.106918334960938 -0.0248260498046875 0.0428848266601563 -0.138710021972656
0.112060546875 -0.0368804931640625 0.0770416259765625 -0.108375549316406
0.084808349609375 -0.0997543334960938 0.0730667114257813 -0.0782318115234375
0.0230712890625 -0.0960006713867188 0.0563850402832031 -0.0691261291503906
-0.017181396484375 -0.0891876220703125 0.0504112243652344 -0.0444984436035156
-0.05096435546875 -0.06036376953125 0.0514907836914063 -0.03070068359375
-0.0659446716308594 -0.0344734191894531 0.0519485473632812 -0.0305213928222656
-0.071044921875 -0.0366363525390625 0.05389404296875 -0.01641845703125
-0.0749130249023437 -0.0313720703125 0.0593109130859375 0.01214599609375
-0.0505943298339844 -0.0537528991699219 0.0505447387695313 0.0543479919433594
-0.0313873291015625 -0.080322265625 0.00747299194335936 0.069793701171875
-0.0023193359375 -0.0945510864257813 -0.0371513366699219 0.0447883605957031
0.0778427124023438 -0.0998764038085938 -0.039459228515625 -0.0121307373046875
0.1104736328125 -0.0540313720703125 0.00535964965820314 -0.0542221069335937
0.11871337890625 -0.0297393798828125 0.126914978027344 -0.0490570068359375
0.0629348754882813 0.0233573913574219 0.059600830078125 -0.146499633789063
0.0794219970703125 0.00188446044921875 0.0743255615234375 -0.117332458496094
0.0658950805664063 -0.050628662109375 0.0644302368164063 -0.0661468505859375
0.0220718383789063 -0.0520210266113281 0.0585899353027344 -0.0514564514160156
-0.000526428222656252 -0.0507850646972656 0.0591201782226563 -0.0265464782714844
-0.0232810974121094 -0.0409011840820313 0.070404052734375 -0.0205764770507813
-0.0338001251220703 -0.0297756195068359 0.0738372802734375 -0.0265884399414063
-0.040283203125 -0.0328102111816406 0.0721511840820313 -0.009307861328125
-0.0472068786621094 -0.0314559936523438 0.0797576904296875 0.024444580078125
-0.028411865234375 -0.04425048828125 0.0625228881835937 0.072998046875
-0.0122413635253906 -0.0622787475585938 0.0132217407226562 0.0856170654296875
0.0139923095703125 -0.0704116821289063 -0.029144287109375 0.0536003112792969
0.0792312622070313 -0.0609588623046875 -0.0267963409423828 0.000242233276367184
0.0988998413085938 -0.0102767944335938 0.0249404907226563 -0.0467109680175781
0.0847320556640625 0.0240478515625 0.152755737304688 -0.0420684814453125
-0.0317420959472656 -0.0643196105957031 -0.151031494140625 0.04315185546875
-0.0570793151855469 -0.0124855041503906 -0.040008544921875 0.036956787109375
-0.0505638122558594 0.0293502807617188 0.0259628295898437 -0.0203495025634766
-0.00921630859375 0.041351318359375 0.0273895263671875 -0.070709228515625
0.00560760498046875 0.0308113098144531 -0.00841522216796875 -0.101783752441406
0.00777816772460937 0.0200481414794922 -0.0714569091796875 -0.0946807861328125
0.00360107421875 0.0240612030029297 -0.100006103515625 -0.03179931640625
-0.000326156616210937 0.0281333923339844 -0.087371826171875 0.0013275146484375
-0.00313949584960937 0.0259857177734375 -0.0792617797851563 0.0236663818359375
-0.0168037414550781 0.0133485794067383 -0.0823211669921875 0.022735595703125
-0.0197124481201172 0.00852584838867187 -0.0694236755371094 0.02972412109375
-0.0266475677490234 0.0119113922119141 -0.062957763671875 0.0401802062988281
-0.0431365966796875 -0.0114250183105469 -0.0678672790527344 0.0470314025878906
-0.04205322265625 -0.0400962829589844 -0.06097412109375 0.106895446777344
-0.0276947021484375 -0.0718231201171875 -0.0602569580078125 0.143203735351563
0.0230178833007812 -0.0957489013671875 -0.14605712890625 0.0177764892578125
-0.0122184753417969 -0.0433387756347656 -0.0337505340576172 0.0182418823242187
-0.0212669372558594 -0.0168037414550781 0.0301017761230469 -0.03997802734375
-0.00160789489746094 0.00272941589355469 0.0251312255859375 -0.0868759155273437
-0.00115871429443359 -0.00564908981323242 -0.00832366943359375 -0.110862731933594
-0.0131540298461914 -0.00564956665039063 -0.0701828002929687 -0.09967041015625
-0.0273246765136719 0.0106296539306641 -0.0976409912109375 -0.0395126342773438
-0.0347232818603516 0.0164833068847656 -0.082122802734375 -0.00707244873046874
-0.0404930114746094 0.0205421447753906 -0.073883056640625 0.019287109375
-0.0481796264648438 -0.00320816040039063 -0.0738296508789062 0.02362060546875
-0.0466690063476563 -0.0230941772460938 -0.0657196044921875 0.0314445495605469
-0.0413322448730469 -0.0317878723144531 -0.065826416015625 0.0380401611328125
-0.0249519348144531 -0.0642433166503906 -0.0665206909179688 0.0315017700195312
-0.00997924804687501 -0.081024169921875 -0.051177978515625 0.0849075317382812
0.020050048828125 -0.114234924316406 -0.044586181640625 0.116729736328125
0.0768051147460938 -0.114463806152344 -0.123481750488281 -0.0130615234375
0.0396080017089844 -0.0696868896484375 -0.0139274597167969 -0.00225257873535157
0.0140037536621094 -0.0677909851074219 0.0443763732910156 -0.0568771362304688
0.00618362426757813 -0.0447463989257812 0.029205322265625 -0.100028991699219
-0.0105476379394531 -0.04742431640625 -0.00487518310546874 -0.113998413085937
-0.0361595153808594 -0.0331840515136719 -0.06085205078125 -0.0964279174804687
-0.0568351745605469 -0.00455856323242188 -0.0824737548828125 -0.0421524047851563
-0.0655670166015625 0.00358200073242187 -0.0654335021972656 -0.0141448974609375
-0.0712966918945313 0.01409912109375 -0.0566062927246094 0.0126762390136719
-0.0726699829101563 -0.0161666870117187 -0.05340576171875 0.0252494812011719
-0.07025146484375 -0.0462303161621094 -0.0538673400878906 0.0362548828125
-0.0567512512207031 -0.0652618408203125 -0.0653648376464844 0.0409774780273437
-0.0132675170898438 -0.10748291015625 -0.0670394897460938 0.0183486938476562
0.0171279907226563 -0.112518310546875 -0.0437583923339844 0.053985595703125
0.061004638671875 -0.141250610351563 -0.017578125 0.078582763671875
0.116897583007812 -0.1173095703125 -0.0853118896484375 -0.0481414794921875
0.085693359375 -0.0870285034179688 0.0123844146728516 -0.0266666412353516
0.0479278564453125 -0.113845825195313 0.06103515625 -0.0698013305664063
0.0116500854492188 -0.0901718139648437 0.0374603271484375 -0.105056762695313
-0.02191162109375 -0.085906982421875 0.00508880615234374 -0.108314514160156
-0.05682373046875 -0.0565719604492188 -0.0413742065429688 -0.0850830078125
-0.07879638671875 -0.0183029174804688 -0.0555076599121094 -0.0414924621582031
-0.0868606567382812 -0.00969696044921875 -0.0388221740722656 -0.0194015502929688
-0.091796875 0.004974365234375 -0.0300712585449219 0.00669288635253907
-0.08489990234375 -0.0274429321289062 -0.0255603790283203 0.0260791778564453
-0.0814208984375 -0.0618743896484375 -0.0365676879882813 0.0415000915527344
-0.0638046264648437 -0.08697509765625 -0.06060791015625 0.0433158874511719
0.000373840332031253 -0.135292053222656 -0.0675621032714844 0.00647735595703124
0.0430679321289062 -0.127655029296875 -0.0389022827148437 0.0177230834960937
0.0943450927734375 -0.146408081054688 0.0146465301513672 0.0333690643310547
0.136436462402344 -0.102447509765625 -0.0392379760742187 -0.0841217041015625
0.116752624511719 -0.088653564453125 0.0408782958984375 -0.0556373596191406
0.0728530883789062 -0.138412475585938 0.072967529296875 -0.0788650512695313
0.015472412109375 -0.118499755859375 0.046417236328125 -0.10125732421875
-0.0297927856445312 -0.108879089355469 0.0196685791015625 -0.09271240234375
-0.0693740844726563 -0.0695457458496094 -0.0123138427734375 -0.0673599243164063
-0.0899810791015625 -0.0282669067382812 -0.0204925537109375 -0.0386619567871094
-0.095428466796875 -0.0217514038085938 -0.00718307495117188 -0.0220279693603516
-0.0986328125 -0.00690460205078124 0.000187873840332025 0.00267505645751953
-0.083587646484375 -0.0391616821289063 0.00360679626464843 0.0289344787597656
-0.0770492553710938 -0.0745010375976562 -0.0185203552246094 0.0475578308105469
-0.054901123046875 -0.099334716796875 -0.0538291931152344 0.0441398620605469
0.02191162109375 -0.144149780273438 -0.0650901794433594 -0.00441360473632814
0.0708084106445313 -0.123397827148438 -0.0325469970703125 -0.0166568756103516
0.116783142089844 -0.127082824707031 0.0507278442382813 -0.00974655151367188
0.131599426269531 -0.0712051391601563 0.00463867187500002 -0.114601135253906
0.123542785644531 -0.07147216796875 0.0626983642578125 -0.0855712890625
0.083831787109375 -0.13348388671875 0.0754013061523438 -0.0820693969726563
0.0186080932617187 -0.119949340820313 0.0515060424804688 -0.0881500244140625
-0.0295639038085938 -0.109443664550781 0.0352210998535156 -0.0697708129882813
-0.0685157775878906 -0.0692405700683594 0.0207443237304687 -0.0485153198242188
-0.084747314453125 -0.0322647094726563 0.0170707702636719 -0.0352592468261719
-0.089874267578125 -0.0292510986328125 0.0240211486816406 -0.0210342407226563
-0.0923080444335938 -0.0190048217773437 0.0307178497314453 0.00409317016601562
-0.0707931518554688 -0.0493927001953125 0.0296859741210937 0.0379524230957031
-0.0576095581054688 -0.0807342529296875 -0.00273895263671876 0.0567169189453125
-0.031280517578125 -0.102607727050781 -0.0460777282714844 0.0440483093261719
0.05029296875 -0.13043212890625 -0.0559806823730469 -0.0107040405273438
0.0948867797851563 -0.09722900390625 -0.0186729431152344 -0.0426216125488281
0.125289916992188 -0.0865707397460938 0.0873031616210938 -0.0398483276367188
0.104789733886719 -0.02874755859375 0.0373382568359375 -0.136650085449219
0.108757019042969 -0.0411453247070312 0.0719985961914062 -0.107551574707031
0.0788650512695313 -0.102516174316406 0.0703125 -0.0787506103515625
0.0197601318359375 -0.0952072143554688 0.0535964965820312 -0.0696907043457031
-0.0200424194335938 -0.086669921875 0.0487251281738281 -0.0458297729492188
-0.0525054931640625 -0.0581169128417969 0.04962158203125 -0.0325927734375
-0.0655174255371094 -0.03179931640625 0.0489921569824219 -0.0317611694335938
-0.0703582763671875 -0.0325241088867187 0.0510139465332031 -0.0170783996582031
-0.07379150390625 -0.0268936157226563 0.057159423828125 0.0111885070800781
-0.0506248474121094 -0.0515518188476563 0.0508308410644531 0.0522727966308594
-0.033599853515625 -0.07666015625 0.00807571411132812 0.0702552795410156
-0.00513458251953125 -0.0921783447265625 -0.0378608703613281 0.0477561950683594
0.0715560913085938 -0.101280212402344 -0.0427207946777344 -0.00972366333007813
0.106636047363281 -0.057159423828125 0.00158309936523438 -0.0534439086914063
0.115058898925781 -0.0333633422851563 0.121505737304688 -0.052337646484375
0.0635566711425781 0.0210380554199219 0.0528106689453125 -0.1444091796875
0.0791015625 -0.00223541259765625 0.069122314453125 -0.115898132324219
0.0624771118164063 -0.0536041259765625 0.0625381469726563 -0.0670013427734375
0.0200576782226562 -0.0527687072753906 0.0567855834960938 -0.0519218444824219
-0.00309753417968749 -0.0502166748046875 0.0586662292480469 -0.0286445617675781
-0.0246124267578125 -0.0387763977050781 0.069091796875 -0.0235671997070313
-0.0345802307128906 -0.0281639099121094 0.0704345703125 -0.0295333862304688
-0.0406646728515625 -0.0298919677734375 0.0689010620117188 -0.0110816955566406
-0.0471534729003906 -0.0281524658203125 0.0773468017578125 0.0213546752929687
-0.0288619995117188 -0.0423049926757812 0.0628738403320313 0.0692710876464844
-0.0145225524902344 -0.060638427734375 0.0142822265625 0.0851211547851563
0.0104560852050781 -0.0693206787109375 -0.0287361145019531 0.0555686950683594
0.0744705200195313 -0.0627365112304688 -0.0293350219726562 0.00110435485839843
0.0978469848632813 -0.0140914916992188 0.0212631225585938 -0.0472602844238281
0.084136962890625 0.019989013671875 0.14764404296875 -0.046234130859375
-0.032867431640625 -0.0619125366210938 -0.1473388671875 0.0450592041015625
-0.0568618774414062 -0.00975036621093749 -0.0376777648925781 0.0379753112792969
-0.04876708984375 0.0310173034667969 0.0271472930908203 -0.0205669403076172
-0.0069580078125 0.0404167175292969 0.0280075073242188 -0.0715713500976563
0.0069732666015625 0.0298213958740234 -0.00890350341796874 -0.102073669433594
0.00727272033691406 0.0192680358886719 -0.0719223022460938 -0.0930862426757813
0.00425338745117188 0.0236663818359375 -0.0976333618164063 -0.0296783447265625
0.00082206726074219 0.0274295806884766 -0.08465576171875 0.00275421142578125
-0.0027618408203125 0.0256328582763672 -0.0763473510742188 0.0243606567382812
-0.0167074203491211 0.0129909515380859 -0.0810775756835938 0.0243988037109375
-0.0190811157226563 0.00827980041503906 -0.0693206787109375 0.0319290161132813
-0.024871826171875 0.0121021270751953 -0.0633163452148438 0.0402412414550781
-0.0427970886230469 -0.00998687744140625 -0.0681190490722656 0.0463142395019531
-0.0426902770996094 -0.0382575988769531 -0.0592041015625 0.105224609375
-0.02947998046875 -0.06878662109375 -0.0564498901367187 0.140426635742188
0.0209197998046875 -0.094390869140625 -0.142868041992188 0.019805908203125
-0.0129737854003906 -0.0413742065429688 -0.0315189361572266 0.0187454223632813
-0.0211029052734375 -0.0144367218017578 0.0314559936523438 -0.03985595703125
-0.000235795974731445 0.00265836715698242 0.0257720947265625 -0.086700439453125
0.000284194946289063 -0.00583982467651367 -0.00889587402343751 -0.110664367675781
-0.0129117965698242 -0.00605106353759765 -0.0707321166992188 -0.098052978515625
-0.0267105102539062 0.0109710693359375 -0.095428466796875 -0.0370407104492188
-0.0336513519287109 0.0169486999511719 -0.07977294921875 -0.00501251220703125
-0.039306640625 0.0207290649414063 -0.0718765258789063 0.020294189453125
-0.0472793579101563 -0.00279235839843751 -0.0728988647460937 0.0258636474609375
-0.0465240478515625 -0.022674560546875 -0.0655403137207031 0.0340118408203125
-0.0393791198730469 -0.0305366516113281 -0.0665512084960938 0.0391006469726562
-0.0253639221191406 -0.0619544982910156 -0.0677299499511719 0.0309867858886719
-0.0111618041992187 -0.0786972045898438 -0.0491867065429688 0.0836105346679688
0.0169525146484375 -0.111373901367188 -0.04083251953125 0.114898681640625
0.0731582641601563 -0.113510131835937 -0.120872497558594 -0.0106124877929688
0.0373115539550781 -0.0681953430175781 -0.0126838684082031 -0.00147342681884766
0.0130882263183594 -0.0650558471679688 0.0449676513671875 -0.0567131042480469
0.00741958618164062 -0.0433616638183594 0.0294723510742188 -0.0994186401367188
-0.00986099243164063 -0.0467071533203125 -0.0057220458984375 -0.113449096679688
-0.0353240966796875 -0.0332221984863281 -0.061126708984375 -0.0949859619140625
-0.0553398132324219 -0.0039215087890625 -0.0811920166015625 -0.0401763916015625
-0.0636253356933594 0.00476837158203126 -0.0634727478027344 -0.0123329162597656
-0.0697669982910156 0.0144081115722656 -0.0549430847167969 0.0147857666015625
-0.0715103149414063 -0.0148239135742187 -0.0528106689453125 0.0269393920898437
-0.0697822570800781 -0.0448074340820313 -0.0536918640136719 0.0388526916503906
-0.0555381774902344 -0.0632972717285156 -0.0655097961425781 0.0429000854492187
-0.0143051147460938 -0.10498046875 -0.0694503784179688 0.0185623168945313
0.0157318115234375 -0.110160827636719 -0.0435028076171875 0.0526580810546875
0.0572891235351563 -0.139266967773438 -0.0156097412109375 0.0766677856445312
0.11285400390625 -0.117424011230469 -0.0842971801757812 -0.0455398559570313
0.0832366943359375 -0.086669921875 0.0137805938720703 -0.0253086090087891
0.044921875 -0.111526489257813 0.060638427734375 -0.0695114135742188
0.011444091796875 -0.0882339477539063 0.0373611450195313 -0.104629516601563
-0.0222320556640625 -0.0841140747070313 0.0037994384765625 -0.108238220214844
-0.0561332702636719 -0.0555419921875 -0.0421142578125 -0.0834732055664063
-0.0780410766601563 -0.0165481567382812 -0.0550651550292969 -0.0404052734375
-0.0850830078125 -0.008148193359375 -0.0385589599609375 -0.017669677734375
-0.0896377563476563 0.006134033203125 -0.0293292999267578 0.00841140747070313
-0.0841522216796875 -0.0263137817382813 -0.0256614685058594 0.0276088714599609
-0.0811920166015625 -0.06005859375 -0.0369186401367188 0.0443229675292969
-0.0630111694335938 -0.0851211547851563 -0.0611457824707031 0.0458602905273438
-0.00219726562499999 -0.132553100585938 -0.0707855224609375 0.00780487060546875
0.0413818359375 -0.126136779785156 -0.0396156311035156 0.0177001953125
0.0899200439453125 -0.144805908203125 0.0151844024658203 0.0314769744873047
0.1331787109375 -0.102813720703125 -0.0392227172851563 -0.0811996459960938
0.113677978515625 -0.0890274047851563 0.041107177734375 -0.05401611328125
0.0692596435546875 -0.137413024902344 0.0721893310546875 -0.0779266357421875
0.0150146484375 -0.1162109375 0.0451202392578125 -0.100250244140625
-0.0307235717773437 -0.106819152832031 0.0184097290039062 -0.0922317504882813
-0.0692405700683594 -0.0680999755859375 -0.0131492614746094 -0.0672073364257813
-0.0883636474609375 -0.0261764526367187 -0.0204963684082031 -0.0377082824707031
-0.0938186645507813 -0.01922607421875 -0.00794601440429688 -0.0205249786376953
-0.09637451171875 -0.00464630126953124 0.000137329101562494 0.00446891784667969
-0.082763671875 -0.0382537841796875 0.00270843505859374 0.0304737091064453
-0.0764999389648438 -0.0721435546875 -0.0185508728027344 0.0502204895019531
-0.0544891357421875 -0.097625732421875 -0.0544815063476563 0.046844482421875
0.0193023681640625 -0.141387939453125 -0.0684776306152344 -0.00223159790039062
0.0684356689453125 -0.122093200683594 -0.033966064453125 -0.0166492462158203
0.1124267578125 -0.126762390136719 0.0497970581054688 -0.0109100341796875
0.129364013671875 -0.0731124877929688 0.00341796875000002 -0.112022399902344
0.121177673339844 -0.0735702514648438 0.0615997314453125 -0.08306884765625
0.0804443359375 -0.133415222167969 0.0747528076171875 -0.0814437866210938
0.0174331665039062 -0.118392944335937 0.0506744384765625 -0.0873794555664063
-0.0312652587890625 -0.107032775878906 0.0341567993164063 -0.0699005126953125
-0.0684394836425781 -0.0676383972167969 0.0204238891601563 -0.0489120483398438
-0.0842437744140625 -0.0306167602539062 0.0157508850097656 -0.0352020263671875
-0.0880203247070313 -0.0273056030273438 0.0225334167480469 -0.02008056640625
-0.0897293090820313 -0.0165786743164063 0.0298194885253906 0.00489997863769531
-0.0698814392089844 -0.047607421875 0.0288581848144531 0.0381507873535156
-0.057647705078125 -0.0787811279296875 -0.00333023071289063 0.0589599609375
-0.0313034057617188 -0.100250244140625 -0.046783447265625 0.0474166870117187
0.047210693359375 -0.128852844238281 -0.0593986511230469 -0.00907135009765625
0.0928726196289063 -0.0966339111328125 -0.0209236145019531 -0.0422134399414063
0.121528625488281 -0.0861434936523437 0.085662841796875 -0.0405044555664063
0.103744506835938 -0.0300140380859375 0.0348663330078125 -0.133567810058594
0.107681274414063 -0.0432586669921875 0.0703811645507813 -0.105247497558594
0.0754852294921875 -0.103355407714844 0.0697708129882813 -0.0775070190429688
0.0181884765625 -0.0945663452148437 0.0535202026367188 -0.0692825317382813
-0.0221633911132812 -0.08502197265625 0.048095703125 -0.0460205078125
-0.0530014038085937 -0.0562210083007813 0.0488700866699219 -0.033538818359375
-0.0643424987792969 -0.0299072265625 0.0471649169921875 -0.0328025817871094
-0.069183349609375 -0.0301856994628906 0.0487289428710937 -0.0168266296386719
-0.0721588134765625 -0.0247344970703125 0.0558853149414062 0.0115547180175781
-0.0499610900878906 -0.0500030517578125 0.048980712890625 0.0521392822265625
-0.0337982177734375 -0.074981689453125 0.00786590576171875 0.072174072265625
-0.00634765624999999 -0.0905838012695313 -0.0382804870605469 0.0498695373535156
0.0687637329101563 -0.100715637207031 -0.0461654663085937 -0.00875473022460939
0.105056762695313 -0.0583343505859375 -0.00152206420898436 -0.0524482727050781
0.113090515136719 -0.0345077514648438 0.118782043457031 -0.0529403686523438
0.0640487670898438 0.0189476013183594 0.0501251220703125 -0.141738891601563
0.0788116455078125 -0.00537872314453125 0.0669174194335938 -0.113792419433594
0.0598220825195312 -0.0552177429199219 0.0625038146972656 -0.0652389526367188
0.0188064575195313 -0.0529441833496094 0.0567855834960938 -0.0518951416015625
-0.00443267822265625 -0.0497970581054688 0.0585441589355469 -0.0290756225585938
-0.0252914428710937 -0.0371932983398438 0.0679168701171875 -0.024505615234375
-0.0341625213623047 -0.0269107818603516 0.0684776306152344 -0.0304183959960938
-0.0402145385742188 -0.027862548828125 0.0665092468261719 -0.0109977722167969
-0.0458412170410156 -0.0261688232421875 0.0754318237304688 0.021331787109375
-0.0292739868164063 -0.0409355163574219 0.0619697570800781 0.0680732727050781
-0.0152587890625 -0.0596237182617187 0.0138473510742188 0.0859375
0.00954055786132813 -0.0685806274414063 -0.0300445556640625 0.05718994140625
0.0718231201171875 -0.0638427734375 -0.0319499969482422 0.00174331665039063
0.096160888671875 -0.0166702270507813 0.017913818359375 -0.0462532043457031
0.0835189819335938 0.0181884765625 0.144119262695313 -0.0470428466796875
-0.0334930419921875 -0.0613136291503906 -0.147109985351563 0.0466766357421875
-0.0573921203613281 -0.00811767578124999 -0.0363273620605469 0.0388298034667969
-0.0477333068847656 0.0327529907226563 0.0289783477783203 -0.0209903717041016
-0.00584793090820312 0.0400848388671875 0.0300674438476563 -0.0728759765625
0.00811195373535157 0.0289688110351563 -0.0084075927734375 -0.103752136230469
0.00769233703613281 0.0190639495849609 -0.07220458984375 -0.0941543579101562
0.00469970703125 0.0238208770751953 -0.0965652465820312 -0.0294189453125
0.0013427734375 0.0266742706298828 -0.0829696655273438 0.00336456298828127
-0.00258636474609375 0.0252265930175781 -0.07598876953125 0.0252685546875
-0.0169925689697266 0.0133838653564453 -0.08135986328125 0.0265579223632813
-0.0189285278320313 0.00850105285644531 -0.07037353515625 0.0335006713867188
-0.0233249664306641 0.0123023986816406 -0.0650100708007813 0.0405044555664062
-0.0425910949707031 -0.00925445556640625 -0.0707015991210938 0.04608154296875
-0.0438499450683594 -0.0370521545410156 -0.0589447021484375 0.104248046875
-0.0307655334472656 -0.0678062438964844 -0.05499267578125 0.139945983886719
0.01995849609375 -0.0935516357421875 -0.14276123046875 0.0208892822265625
-0.0133132934570312 -0.0400924682617188 -0.0307254791259766 0.0195884704589844
-0.0202903747558594 -0.0129222869873047 0.0335273742675781 -0.0403671264648438
0.00133419036865234 0.00238323211669922 0.0270767211914063 -0.0879440307617188
0.00137138366699219 -0.00655698776245117 -0.00908660888671874 -0.112548828125
-0.0128536224365234 -0.00589847564697266 -0.0710678100585937 -0.09814453125
-0.0264720916748047 0.0109767913818359 -0.0947723388671875 -0.0363922119140625
-0.0325641632080078 0.0172538757324219 -0.07855224609375 -0.00446319580078125
-0.0387916564941406 0.02044677734375 -0.0714874267578125 0.021697998046875
-0.0478134155273438 -0.003204345703125 -0.0736236572265625 0.0281753540039063
-0.0465774536132812 -0.0224990844726563 -0.0666847229003906 0.0362472534179687
-0.0386466979980469 -0.0307731628417969 -0.0681304931640625 0.0404014587402344
-0.0254936218261719 -0.0608406066894531 -0.0706939697265625 0.0309219360351562
-0.01153564453125 -0.0777511596679688 -0.0498886108398438 0.0827713012695313
0.0153427124023438 -0.110542297363281 -0.0396575927734375 0.114006042480469
0.0724105834960938 -0.113525390625 -0.120414733886719 -0.00920867919921876
0.0369873046875 -0.0672988891601563 -0.0112247467041016 -0.000984191894531255
0.0126533508300781 -0.0643463134765625 0.0470352172851562 -0.0571517944335938
0.00842666625976563 -0.0429496765136719 0.0308990478515625 -0.100830078125
-0.00873947143554687 -0.0467910766601563 -0.00547027587890624 -0.114990234375
-0.0352897644042969 -0.0333709716796875 -0.0618820190429688 -0.0949172973632813
-0.055145263671875 -0.00362396240234376 -0.0810546875 -0.0400543212890625
-0.0629348754882812 0.00514602661132812 -0.0630874633789062 -0.0110282897949219
-0.0687637329101562 0.0152015686035156 -0.0542373657226563 0.0162734985351562
-0.0719985961914063 -0.0152664184570312 -0.053558349609375 0.0290603637695312
-0.0699386596679688 -0.0444526672363281 -0.054779052734375 0.0419807434082031
-0.0552520751953125 -0.0637474060058594 -0.0676689147949219 0.0449447631835938
-0.0147476196289063 -0.104019165039062 -0.07342529296875 0.0192413330078125
0.0156021118164063 -0.109550476074219 -0.0437126159667969 0.0524330139160156
0.055328369140625 -0.138946533203125 -0.0143280029296875 0.0751800537109375
0.112289428710937 -0.117912292480469 -0.0840682983398438 -0.0441436767578125
0.0826644897460938 -0.0867996215820313 0.0155658721923828 -0.0245189666748047
0.0440597534179688 -0.111404418945313 0.062530517578125 -0.0698890686035156
0.0124053955078125 -0.0879135131835938 0.0384063720703125 -0.105804443359375
-0.022369384765625 -0.0842208862304688 0.00348663330078125 -0.109306335449219
-0.0561370849609375 -0.055450439453125 -0.042083740234375 -0.0839080810546875
-0.0777435302734375 -0.0164413452148437 -0.0556831359863281 -0.0399360656738281
-0.0844039916992187 -0.00717926025390627 -0.0382843017578125 -0.0164604187011719
-0.0889205932617188 0.00678253173828123 -0.0289802551269531 0.0100460052490234
-0.0843963623046875 -0.026580810546875 -0.0264644622802734 0.0298881530761719
-0.0809478759765625 -0.0602798461914063 -0.0377044677734375 0.0477371215820312
-0.062469482421875 -0.08526611328125 -0.0625495910644531 0.0488853454589844
-0.0032501220703125 -0.132270812988281 -0.0745010375976563 0.00922393798828123
0.0409927368164062 -0.126068115234375 -0.0404586791992188 0.0168190002441406
0.088104248046875 -0.144912719726563 0.0156154632568359 0.0305519104003906
0.133193969726563 -0.104652404785156 -0.0398101806640625 -0.0793228149414063
0.112823486328125 -0.0898056030273438 0.0425834655761719 -0.0530815124511719
0.0682830810546875 -0.137924194335938 0.0736770629882813 -0.0783538818359375
0.0156478881835938 -0.116539001464844 0.0463180541992187 -0.101119995117188
-0.0316696166992188 -0.106452941894531 0.0184249877929688 -0.0937957763671875
-0.0691986083984375 -0.0677757263183594 -0.0128440856933594 -0.06756591796875
-0.0882568359375 -0.0258331298828125 -0.0214042663574219 -0.0376472473144531
-0.0932235717773438 -0.0181045532226562 -0.00828552246093751 -0.0191497802734375
-0.095733642578125 -0.00405120849609375 0.000431537628173822 0.00608062744140625
-0.0825653076171875 -0.0383148193359375 0.00193023681640624 0.0322494506835938
-0.0771255493164062 -0.0720367431640625 -0.0198287963867188 0.0536155700683594
-0.0541610717773438 -0.09759521484375 -0.0561370849609375 0.0503158569335938
0.0176239013671875 -0.141128540039063 -0.0724334716796875 -0.000312805175781273
0.0685577392578125 -0.122123718261719 -0.0354499816894531 -0.016510009765625
0.111656188964844 -0.127265930175781 0.0500984191894531 -0.0114173889160156
0.129364013671875 -0.0744857788085938 0.00299835205078125 -0.111351013183594
0.122047424316406 -0.0749664306640625 0.062530517578125 -0.0822677612304688
0.0787734985351563 -0.135116577148438 0.0766067504882813 -0.0817718505859375
0.0174179077148438 -0.118995666503906 0.051483154296875 -0.0875930786132813
-0.0318450927734375 -0.106842041015625 0.03436279296875 -0.0709991455078125
-0.0686416625976563 -0.0669403076171875 0.0208168029785156 -0.0495796203613281
-0.0839920043945313 -0.0301513671875 0.0146656036376953 -0.0351142883300781
-0.0873641967773438 -0.0255661010742188 0.0219459533691406 -0.0190467834472656
-0.0895919799804688 -0.0152816772460938 0.0296897888183594 0.00638198852539062
-0.0699653625488281 -0.0477981567382813 0.0280914306640625 0.0398445129394531
-0.0580062866210937 -0.0788345336914063 -0.00373458862304687 0.0621223449707031
-0.0310287475585938 -0.100166320800781 -0.0486297607421875 0.0502548217773437
0.0460205078125 -0.1297607421875 -0.0635643005371094 -0.00782012939453125
0.0930557250976563 -0.0982131958007813 -0.023162841796875 -0.0420341491699219
0.121147155761719 -0.0871734619140625 0.0851821899414063 -0.0410537719726563
0.104515075683594 -0.0312652587890625 0.0344924926757813 -0.132743835449219
0.108192443847656 -0.0449371337890625 0.0711669921875 -0.104248046875
0.0746383666992187 -0.105300903320312 0.0710220336914063 -0.0771942138671875
0.0182113647460937 -0.09490966796875 0.0543899536132813 -0.0697174072265625
-0.0233078002929687 -0.08489990234375 0.049041748046875 -0.0473442077636719
-0.0533180236816406 -0.0552444458007812 0.0495376586914063 -0.03466796875
-0.0648612976074219 -0.0295066833496094 0.0461769104003906 -0.0327529907226562
-0.069580078125 -0.0291786193847656 0.0474929809570312 -0.0162582397460938
-0.071624755859375 -0.0235671997070312 0.0553703308105469 0.0124778747558594
-0.0503692626953125 -0.0498886108398437 0.0477294921875 0.0530548095703125
-0.0346832275390625 -0.0753707885742188 0.006805419921875 0.0745925903320313
-0.0061187744140625 -0.090606689453125 -0.0398139953613281 0.0529441833496094
0.0673141479492188 -0.101470947265625 -0.0495529174804687 -0.00809478759765627
0.104896545410156 -0.060028076171875 -0.0036163330078125 -0.0525550842285156
0.112960815429688 -0.0352859497070313 0.118797302246094 -0.0535812377929688
0.0652084350585938 0.0175056457519531 0.0494308471679687 -0.140510559082031
0.0793838500976562 -0.00693511962890625 0.0669479370117188 -0.112739562988281
0.058502197265625 -0.0573005676269531 0.0641937255859375 -0.0653533935546875
0.0178298950195313 -0.0531959533691406 0.0582122802734375 -0.0520401000976563
-0.00535964965820313 -0.0493125915527344 0.0596923828125 -0.0305290222167969
-0.0256309509277344 -0.036956787109375 0.0689811706542969 -0.02618408203125
-0.03448486328125 -0.0265178680419922 0.0675735473632813 -0.03125
-0.040679931640625 -0.0267829895019531 0.0649261474609375 -0.0105667114257813
-0.0454826354980469 -0.0248565673828125 0.0745697021484375 0.0217742919921875
-0.0290908813476562 -0.0405693054199219 0.0613174438476563 0.0685501098632813
-0.0158309936523438 -0.0588417053222656 0.0135726928710938 0.0882644653320313
0.00884246826171876 -0.0687408447265625 -0.0313301086425781 0.0598258972167969
0.0707244873046875 -0.0651092529296875 -0.0351982116699219 0.00221633911132813
0.0961761474609375 -0.0179595947265625 0.0157699584960938 -0.0466995239257813
0.0842819213867188 0.0173263549804688 0.14410400390625 -0.04766845703125
-0.0359649658203125 -0.0608634948730469 -0.149185180664063 0.0497894287109375
-0.0582008361816406 -0.00630950927734376 -0.0351905822753906 0.0403709411621094
-0.0469589233398438 0.0355796813964844 0.0316219329833984 -0.0221519470214844
-0.00454330444335937 0.04058837890625 0.031280517578125 -0.076385498046875
0.00985145568847657 0.0281295776367188 -0.00944519042968749 -0.107528686523437
0.00793075561523438 0.01953125 -0.0751800537109375 -0.09515380859375
0.005218505859375 0.0236740112304688 -0.0976028442382812 -0.0292510986328125
0.00247955322265625 0.0270595550537109 -0.083038330078125 0.00414276123046875
-0.00226020812988281 0.0258903503417969 -0.0769882202148437 0.0266342163085937
-0.0177497863769531 0.0135917663574219 -0.0830535888671875 0.0296554565429687
-0.0188369750976563 0.00857162475585937 -0.0717315673828125 0.0368194580078125
-0.0230922698974609 0.0129852294921875 -0.0675086975097656 0.0428085327148438
-0.0434951782226563 -0.00759887695312501 -0.073486328125 0.0465545654296875
-0.045166015625 -0.0360031127929688 -0.0585174560546875 0.10614013671875
-0.0331268310546875 -0.0672988891601563 -0.05322265625 0.141845703125
0.0183181762695312 -0.094940185546875 -0.144073486328125 0.0236663818359375
-0.0143508911132812 -0.0390434265136719 -0.0292415618896484 0.0211200714111328
-0.0204544067382813 -0.0117321014404297 0.0350456237792969 -0.0418281555175781
0.00220608711242676 0.00252509117126465 0.0279922485351563 -0.0907211303710938
0.00222301483154297 -0.00742578506469727 -0.0105209350585937 -0.115486145019531
-0.0127334594726562 -0.00696945190429688 -0.0742340087890625 -0.099334716796875
-0.0260906219482422 0.011383056640625 -0.0959930419921875 -0.0356292724609375
-0.0327205657958984 0.0177078247070313 -0.0784988403320313 -0.00278472900390624
-0.0389213562011719 0.0216217041015625 -0.071380615234375 0.0235824584960938
-0.0491485595703125 -0.00258636474609374 -0.07489013671875 0.031524658203125
-0.0474090576171875 -0.0223770141601562 -0.0686264038085938 0.0399513244628906
-0.0389747619628906 -0.0313835144042969 -0.0707550048828125 0.0433883666992188
-0.0266838073730469 -0.0611152648925781 -0.07513427734375 0.0324630737304688
-0.012725830078125 -0.078155517578125 -0.0499954223632812 0.083343505859375
0.0135345458984375 -0.11199951171875 -0.0379791259765625 0.114822387695313
0.0709304809570313 -0.11614990234375 -0.122055053710938 -0.007049560546875
0.0365333557128906 -0.06787109375 -0.00977420806884765 0.000215530395507808
0.0123786926269531 -0.0642738342285156 0.0489540100097656 -0.0594291687011719
0.00946807861328125 -0.0436935424804688 0.0312271118164063 -0.103897094726563
-0.00898361206054687 -0.0476875305175781 -0.00722503662109375 -0.118629455566406
-0.0359878540039063 -0.0340652465820313 -0.0644607543945312 -0.0958480834960938
-0.0556221008300781 -0.00298309326171876 -0.0824050903320313 -0.03948974609375
-0.0632896423339844 0.00621795654296876 -0.0629730224609375 -0.00952148437500001
-0.069610595703125 0.0162887573242187 -0.0541458129882813 0.0186843872070313
-0.0738601684570313 -0.0147552490234375 -0.0546722412109375 0.0325698852539063
-0.071685791015625 -0.0444488525390625 -0.0563774108886719 0.0462722778320313
-0.055908203125 -0.0640907287597656 -0.0702781677246094 0.0483627319335937
-0.01678466796875 -0.105049133300781 -0.0778121948242188 0.0213546752929687
0.0146255493164063 -0.111000061035156 -0.0449485778808594 0.0525321960449219
0.0533294677734375 -0.141586303710938 -0.0137252807617188 0.075531005859375
0.111923217773438 -0.121482849121094 -0.0852127075195313 -0.0427780151367188
0.0827407836914063 -0.0888214111328125 0.0171222686767578 -0.0244941711425781
0.0425949096679688 -0.112838745117188 0.0650405883789062 -0.071807861328125
0.012847900390625 -0.0891799926757812 0.038330078125 -0.108474731445313
-0.0229873657226562 -0.0848922729492188 0.00197601318359374 -0.113075256347656
-0.0579185485839844 -0.0558586120605469 -0.0433502197265625 -0.0851516723632813
-0.0785369873046875 -0.0159988403320313 -0.0569915771484375 -0.0393180847167969
-0.085357666015625 -0.00598144531249998 -0.0383453369140625 -0.0154151916503906
-0.0894088745117188 0.00847625732421876 -0.0287761688232422 0.0124359130859375
-0.0858001708984375 -0.0263519287109375 -0.0272731781005859 0.0325546264648438
-0.083770751953125 -0.0602951049804688 -0.0387687683105469 0.0523605346679688
-0.0638351440429688 -0.086181640625 -0.0649528503417969 0.0529098510742188
-0.00501251220703124 -0.133560180664062 -0.0797500610351562 0.0111007690429687
0.0407867431640625 -0.128456115722656 -0.0431175231933594 0.0170783996582031
0.08697509765625 -0.148193359375 0.0167732238769531 0.0297107696533203
0.133392333984375 -0.108230590820312 -0.0408859252929688 -0.0793304443359375
0.114051818847656 -0.0931854248046875 0.0441246032714844 -0.0537338256835938
0.0666656494140625 -0.140541076660156 0.0760040283203125 -0.0801162719726563
0.0156326293945312 -0.119049072265625 0.0471038818359375 -0.104446411132813
-0.03326416015625 -0.107574462890625 0.017608642578125 -0.0968170166015625
-0.0710372924804688 -0.0680465698242188 -0.0137214660644531 -0.0689468383789063
-0.0898666381835937 -0.0245132446289063 -0.0226936340332031 -0.0378227233886719
-0.0943603515625 -0.0167388916015625 -0.00859260559082032 -0.0185985565185547
-0.096710205078125 -0.00255584716796876 0.000776767730712885 0.0081033706665039
-0.0843887329101563 -0.0379867553710937 0.00154685974121093 0.0346088409423828
-0.07861328125 -0.0718307495117187 -0.0205039978027344 0.0580787658691406
-0.0557785034179688 -0.0989532470703125 -0.0580635070800781 0.0545539855957031
0.015960693359375 -0.142837524414062 -0.07769775390625 0.0016937255859375
0.0687026977539063 -0.12542724609375 -0.0385780334472656 -0.0162811279296875
0.11175537109375 -0.130081176757813 0.0506439208984375 -0.0131797790527344
0.130966186523437 -0.078033447265625 0.00172424316406252 -0.111953735351563
0.122528076171875 -0.07843017578125 0.06402587890625 -0.0838165283203125
0.0777969360351562 -0.138862609863281 0.0783843994140625 -0.0836868286132813
0.0172500610351563 -0.121589660644531 0.0523300170898437 -0.0901947021484375
-0.0343551635742187 -0.108024597167969 0.0346221923828125 -0.07403564453125
-0.0708999633789063 -0.066802978515625 0.02020263671875 -0.0514907836914063
-0.0857696533203125 -0.0291671752929688 0.0138893127441406 -0.0357246398925781
-0.0893402099609375 -0.0240859985351562 0.0219860076904297 -0.0182304382324219
-0.0901260375976563 -0.0145263671875 0.0297927856445312 0.00810813903808594
-0.0712661743164063 -0.0482711791992188 0.0284881591796875 0.0422897338867188
-0.0601882934570312 -0.07928466796875 -0.00397491455078126 0.0665817260742188
-0.032379150390625 -0.10162353515625 -0.0500144958496094 0.0548553466796875
0.0442428588867187 -0.132308959960938 -0.0685310363769531 -0.00556564331054688
0.0937347412109375 -0.101333618164063 -0.0261917114257812 -0.0421028137207031
0.122550964355469 -0.0903472900390625 0.0861663818359375 -0.0441055297851563
0.10614013671875 -0.0342941284179688 0.0330963134765625 -0.134445190429688
0.10992431640625 -0.0482711791992188 0.0717926025390625 -0.10614013671875
0.07330322265625 -0.10882568359375 0.0732955932617187 -0.0792160034179687
0.0173492431640625 -0.0976028442382813 0.055084228515625 -0.0713958740234375
-0.025543212890625 -0.085968017578125 0.0498199462890625 -0.0499954223632813
-0.0553741455078125 -0.0550270080566406 0.0503807067871094 -0.03662109375
-0.0665626525878906 -0.0290184020996094 0.0459251403808594 -0.0339508056640625
-0.0708389282226562 -0.0275192260742188 0.0472869873046875 -0.0157966613769531
-0.0724945068359375 -0.022369384765625 0.0560417175292969 0.0132064819335937
-0.0517425537109375 -0.0505752563476562 0.0490951538085937 0.0549163818359375
-0.0361175537109375 -0.0755691528320313 0.00753021240234374 0.0789108276367188
-0.00698089599609375 -0.0918121337890625 -0.0416793823242187 0.0577125549316406
0.0659332275390625 -0.104583740234375 -0.0539474487304688 -0.00617218017578126
0.106307983398438 -0.0625991821289063 -0.00704574584960937 -0.0527877807617188
0.115104675292969 -0.037689208984375 0.120101928710938 -0.056243896484375
0.067779541015625 0.0165214538574219 0.0485687255859375 -0.142425537109375
0.08056640625 -0.00923919677734375 0.0676498413085938 -0.113876342773438
0.0580482482910156 -0.0601997375488281 0.0660209655761719 -0.0671272277832031
0.0180320739746094 -0.0549583435058594 0.0597686767578125 -0.0535163879394531
-0.00764083862304687 -0.0500297546386719 0.0618057250976563 -0.0324325561523438
-0.0272674560546875 -0.036224365234375 0.0701522827148438 -0.0290603637695313
-0.0354995727539063 -0.0261077880859375 0.067169189453125 -0.0330276489257813
-0.0413703918457031 -0.0258979797363281 0.0650405883789063 -0.0104408264160156
-0.0460472106933594 -0.024261474609375 0.0754241943359375 0.0216522216796875
-0.0305099487304688 -0.0412063598632812 0.0621795654296875 0.0705642700195313
-0.0176887512207031 -0.0594329833984375 0.0147628784179688 0.0919189453125
0.00806045532226563 -0.0699844360351563 -0.0332412719726562 0.063995361328125
0.0700187683105469 -0.0678596496582031 -0.0392189025878906 0.003662109375
0.0985031127929688 -0.020751953125 0.0134506225585938 -0.0468025207519531
0.087005615234375 0.0166702270507813 0.14599609375 -0.050506591796875
-0.0137776143224725 0.0532472197116472 -0.115319786999446 -0.0994820771852393
0.0353911267049249 0.0460246922492857 -0.0474452048707035 -0.0206082252647285
0.0553894023414138 0.0206657827304196 0.0367445780473844 0.00480233515909576
0.0357894293910582 -0.0176840818805477 0.0772501560836057 -0.0144208874749806
0.0149042756345346 -0.0174458695919339 0.0916454590487935 -0.0685653980685036
0.0159419261521384 -0.00700908620767786 0.0504156181264729 -0.111475275472188
0.0241435634595697 -0.0153101533277107 -0.00800765900531315 -0.104879377530242
0.0236993756422583 -0.0203745019521083 -0.044369241476464 -0.0790057289771526
0.0293671192231863 -0.013388660071651 -0.0585269438514207 -0.0631984432395705
0.0269590827603393 0.00240256001594043 -0.0649660065853463 -0.0601170355670793
0.0228947225729258 0.00720296443635168 -0.0697506822547539 -0.0525073700938996
0.0286117043238661 0.00891204823299052 -0.0728203906178531 -0.0471961045023445
0.0326708026715304 0.0324726458598473 -0.0768967726390451 -0.0410044839729503
0.00373596777967181 0.0498921793260978 -0.113811439552428 0.000632735907736353
-0.0336125357138873 0.0516728309404417 -0.135329306589928 0.048969697683348
-0.0695825188002139 0.0305097864879595 -0.0910826044904987 -0.100143952715185
-0.0196331118624541 0.0330702143127221 -0.0261565701666541 -0.0136690060081727
0.000696302016666955 0.0274522003874938 0.0647352564640476 0.00925043399835143
-0.00226786684262445 0.00307969068505605 0.0973860509242282 -0.0180812491580951
-0.00621946229182254 0.0149791234064217 0.10475897195499 -0.0738026980581544
0.00813510296520954 0.0258598195539108 0.0594896662460531 -0.112801251781756
0.02949218126654 0.0199333413159431 0.00410041380361721 -0.107702582721839
0.0383572878827941 0.0115811137942447 -0.0341806912093575 -0.0801464200280266
0.046142749085834 0.0211016647417634 -0.0505950827572521 -0.0618406435297932
0.0333130381333068 0.0380943633623873 -0.0578666753461481 -0.0534790927879273
0.0187774048236773 0.0494546447271529 -0.0656269096701545 -0.0473211250079055
-0.000293299330536639 0.0503219033770396 -0.0691578266534883 -0.0461021271346703
-0.0155693997129485 0.0604667368278563 -0.0635489122449716 -0.0449372795052757
-0.0478628655173383 0.0506638118541522 -0.0920098201086317 0.0033554809246383
-0.0916817154671449 0.0387048645477941 -0.111010120962205 0.0492423272309003
-0.117264226644891 0.00202386079412635 -0.0536592770596787 -0.089536789781802
-0.0771626375605586 0.012294675948792 0.000639956334279562 0.00692169591754382
-0.0630427336411575 0.0331158688262255 0.096577022265226 0.026299790652709
-0.0472633565467328 0.0305177883975103 0.122008775801906 -0.0142174031986728
-0.0279997911766097 0.0526657561574706 0.115782113299918 -0.0731724875651422
0.000772396888100882 0.0602241554835393 0.0656891038571883 -0.103548091325454
0.0313338929074271 0.0539989479535784 0.0168600229780377 -0.0969830272158568
0.0486288108618375 0.0422089800193019 -0.0179465646957158 -0.0705519108062784
0.058124924935756 0.050583953198298 -0.035593633355385 -0.0496960131176096
0.0373181771665369 0.0657203856604337 -0.0456391634192362 -0.0358308411506203
0.0178654649280991 0.0821602917248482 -0.0617400025381501 -0.0320213097605149
-0.0184552247856988 0.0850120931880881 -0.0680096721466336 -0.0398527029020963
-0.0525099308591476 0.0863982601363127 -0.0544691240949349 -0.0497503282251411
-0.0900626204929472 0.050919022900227 -0.0639516097733065 -0.00289367215470766
-0.135134139220862 0.0243180327360741 -0.0702365516980034 0.0481137839203428
-0.147224073386144 -0.0241022980656877 -0.00565441720709393 -0.0716931725710796
-0.12633195797194 -0.00941671201268596 0.0341423167904184 0.0305072067690056
-0.123137212089503 0.0379440461539462 0.124854765360187 0.0470524794002358
-0.0894929330176968 0.0605303203106777 0.141785456292471 -0.00355165300814918
-0.0456426171912426 0.0897223307310752 0.121797289884068 -0.0624775507366764
-0.00456733805906487 0.0889930080563928 0.0694858639276599 -0.0819281238174531
0.0302846760561739 0.0810026091225045 0.0292932212269856 -0.0735533398683879
0.0523709192821174 0.0657734889792245 0.000321626025545046 -0.0509700642856043
0.0608921598942565 0.0720377153752973 -0.0173543617944783 -0.0294070472553258
0.0346275454301993 0.0829898096288118 -0.0308727148074287 -0.0119106256924592
0.0140232317690993 0.100567017735059 -0.0565115665310881 -0.0118052434880659
-0.0323683497263576 0.104643093177155 -0.0675510455830113 -0.0303401248604458
-0.0801360180769641 0.0997855068931222 -0.0461273958648193 -0.0536699150847718
-0.119178300905472 0.0432539840975268 -0.034318611641649 -0.0156978970117168
-0.15828301772028 0.00341235767929037 -0.0210637509756631 0.0450440567156548
-0.152406594783241 -0.0438383291893435 0.0470402893896042 -0.0521389652713189
-0.152692809929217 -0.0285982953743959 0.0720041209985969 0.0478796805776864
-0.162435571775792 0.0363023002600813 0.142554511591628 0.0623154327797286
-0.117505471670108 0.0797986138843265 0.14900004114467 0.01061927892514
-0.0555052118583753 0.112933607980342 0.11906827822956 -0.0406973602893812
-0.00819648586018427 0.105083738264834 0.0714114763403211 -0.0486672157913172
0.026443503523278 0.0957103547488385 0.0415080575925086 -0.0405878766114509
0.0489540798697627 0.0801811704701159 0.0182027224527332 -0.0246176149367404
0.0532528541704528 0.0840462439614147 0.000444496780833123 -0.00315079363413455
0.0230102039916341 0.0898412510414074 -0.0178249530987247 0.0154277200722155
0.000697761820063121 0.104578120677932 -0.0524745528320469 0.0107332482734918
-0.048873002945439 0.105478715311448 -0.065754172746566 -0.0202034822438529
-0.102029714286265 0.0932044059509649 -0.0377761699157703 -0.0546882783343242
-0.134118686244444 0.0220085278087 -0.00626504640738472 -0.0270580659356765
-0.157923111084139 -0.0220068689295288 0.0293362346931427 0.0437256403122112
-0.131736589287799 -0.0531563373359993 0.0950756730407295 -0.0358666100541917
-0.147480726264062 -0.042108735670866 0.105997257169755 0.0517100990474156
-0.167720705913035 0.0267377470848367 0.14479101212259 0.0652154571489737
-0.122016129552781 0.0791927045636506 0.139141268791472 0.0232956300053545
-0.0565056765033052 0.112243191043049 0.106969335771749 -0.0109877068254745
-0.0105648623214726 0.10184469771643 0.0708486286630797 -0.010354870649864
0.0184714158051746 0.0943870921519254 0.0525364513610874 -0.00429018490777807
0.0378513246663508 0.0811181086460434 0.0330352364329984 0.00597353677765283
0.0377021838522124 0.0846645902407974 0.0121455089761596 0.0255103787595491
0.00532028360335768 0.0859279573467172 -0.0121896350514495 0.0435609010792898
-0.0171317197995984 0.095005175713411 -0.0539758584025663 0.0328407962546927
-0.0659704064426325 0.087011968465828 -0.0646761915419164 -0.010092567547398
-0.115874200620178 0.0660794109281381 -0.0297688280342644 -0.0498479617307671
-0.130846834165797 -0.00995843191068631 0.0181465100283109 -0.0304539914965355
-0.134229327455354 -0.0487790001983894 0.0724719267289692 0.0494878854734432
-0.0865038527628437 -0.0531508236416782 0.128483550570053 -0.028854266058233
-0.115770958810691 -0.0479523113277322 0.128292882932952 0.0421831953326458
-0.140341582628256 0.0128292459990933 0.131759092221702 0.0582787495263257
-0.102097799129643 0.0611926366849481 0.11727901406027 0.0329325060092588
-0.0488580276788603 0.0883121547027085 0.0896461816650337 0.0176374448775147
-0.0134842955237031 0.0800389745506122 0.0681812869622026 0.0247906459828027
0.00664857990529493 0.0766238205915959 0.0595185001385101 0.0279749352908836
0.0217285948021735 0.0702815586546008 0.0420739707439892 0.033698928921236
0.018864154324645 0.0724672647788414 0.0168776255470843 0.0542909856747491
-0.0105641641078193 0.0709682308870949 -0.0155472305452584 0.0695993668069275
-0.0319616273827282 0.0742171813209137 -0.0616046246683576 0.051395528340844
-0.0737973931028984 0.0586417421970245 -0.0670514834762494 0.000776649127794902
-0.114405009290698 0.0317120155052858 -0.0245898306694923 -0.0385938555884398
-0.11148584272892 -0.0407453294602304 0.0335601337736704 -0.0212751588943287
-0.0914390134957083 -0.0680569037852069 0.102556324535305 0.0627860257081012
-0.0268092995655578 -0.0472992505402709 0.140587250452279 -0.0296336630846575
-0.0643478900793211 -0.0479736664418422 0.131331507871505 0.0241397352683984
-0.0896480653906374 -0.004306518362751 0.106984983120884 0.0488925448509507
-0.0649829289111235 0.0295712015409329 0.0921363841454851 0.0401848234078024
-0.0359087053757601 0.0463025137576463 0.0735697728000722 0.0399398476678432
-0.0181602168335257 0.0453945580048722 0.0653987235260603 0.048796076693357
-0.00823075910506696 0.0474409318706779 0.0619026535357506 0.0517530608930665
0.00303558158682575 0.0478337006430724 0.0442733435608415 0.0557155729758197
0.00155755247247343 0.0497809706065271 0.0146529147126398 0.0779515715134616
-0.0177222842528482 0.0478654186553557 -0.0253336221096861 0.0885138333853075
-0.032083786955336 0.0485770715895408 -0.0742024632370242 0.0640658078375044
-0.0636068398711617 0.032143342347417 -0.0719978175360516 0.0103152129059014
-0.0927202371201211 0.00220260826480832 -0.0269285080942282 -0.0227493335093982
-0.075478636504157 -0.0589003569103541 0.037327274355646 -0.00566944224858107
-0.0371796446679447 -0.0728321728719333 0.115751705150732 0.0809867354707531
-0.0104104971246138 0.054383920811215 -0.12019102130165 -0.0944499364155098
0.0378745748135053 0.0438778528054923 -0.0486414945027222 -0.0172937982071728
0.056711354500307 0.0169957883149305 0.038305889645166 0.00483915717054316
0.0344339491462876 -0.0195901868142152 0.0792725369137187 -0.0170588365164451
0.0128643067093019 -0.0173770034693706 0.0914490154058553 -0.0736974152936477
0.0156767470169709 -0.00735778933741708 0.0461669189461398 -0.11455156516838
0.0231175183646362 -0.0160282887233059 -0.010732439707779 -0.104154311162399
0.0217974854286026 -0.0216178542240922 -0.0468224395515553 -0.0759627435104232
0.0283809452814485 -0.0148697554684088 -0.0616441267953226 -0.0607415926841302
0.0273163215693414 0.00127801602970067 -0.0684103193229128 -0.0574083944247178
0.0230325786312236 0.00647952396742668 -0.0734054880387452 -0.0492592776985342
0.0286133592223788 0.00700327213665251 -0.0771652926775927 -0.045792256719911
0.0346214755295581 0.0305189908678257 -0.0806667232225086 -0.0401630082635232
0.00661389278849531 0.0493687949203694 -0.11322399917704 0.0042365923674661
-0.0305064076662151 0.0535081554079081 -0.132885255539109 0.0535012252990409
-0.0677693270037794 0.0332682189107912 -0.0957225062377406 -0.0960876865767179
-0.0177851955857288 0.0329313942530908 -0.0267076811477803 -0.0107461090034196
0.00259912748705203 0.0263487254217664 0.0665945246623749 0.00734020967961325
-0.00315072088129961 0.00254219161864941 0.0990369838077835 -0.0214871589868435
-0.006974539308587 0.0153120894206578 0.102986801947277 -0.0792138569851086
0.00888630100977633 0.0260574570050821 0.0554729602474522 -0.116333848678826
0.029719183325721 0.0186846118924922 0.000435887507137152 -0.107381786239745
0.0383451296729692 0.00997250088390337 -0.0365567730266008 -0.0779986703112665
0.0469533925148393 0.0190213369244131 -0.0532469258939331 -0.0593485905431867
0.0351762666987925 0.0370034386978275 -0.0616578645524692 -0.0505839470021162
0.0209619229813874 0.0486859740550932 -0.0698866301189338 -0.0442316578309617
0.00116323257866687 0.0500768996822022 -0.0736226858835401 -0.0440356191339247
-0.0121820226795599 0.0608039619152703 -0.0679062015789958 -0.0451164355550432
-0.0458691475991323 0.0523765694970599 -0.091539740220246 0.00550883329721327
-0.0891384430174003 0.0431509610505638 -0.108405217207496 0.0528292468081642
-0.116897304845863 0.00752162253543975 -0.057955774376304 -0.0871600004515788
-0.0762956703818019 0.0145799844939674 0.00113656729848541 0.00851016425386572
-0.0611705125642769 0.0347231094978648 0.099291780291099 0.0235090683744759
-0.0473366299910917 0.0318358918986364 0.123174150883756 -0.0185474121917957
-0.0269094878386312 0.0539425683284283 0.113703385673224 -0.0790736155935831
0.00237703101461983 0.0605152737458331 0.0624971121306733 -0.107139545270131
0.0329811203973915 0.0524106638714138 0.0127573149269773 -0.097030473785742
0.0495899020852076 0.0393504701989421 -0.0207332657268429 -0.0690421689943342
0.0601559042035817 0.0476120331893171 -0.0386392541286771 -0.0474619575209653
0.0405136798403919 0.0647089286162687 -0.0492467532260177 -0.0333677733666652
0.0214810621417967 0.0815792684612593 -0.065912522340479 -0.0285258551116698
-0.0157571282058066 0.0861629083572773 -0.0731691636758603 -0.0373171360900213
-0.0485577358822852 0.0880933267765565 -0.0598285191025713 -0.0495621201648091
-0.0882773647613113 0.0541852458839531 -0.063991467938579 -0.00183962391688195
-0.133960250848362 0.0300017318086957 -0.0675195081941753 0.0496369478022587
-0.148321717160187 -0.0172885895084721 -0.00889301509810538 -0.0713265883282809
-0.126441013743905 -0.00527858173132261 0.0362653905991261 0.0308648191360995
-0.12112360445035 0.0425554022084727 0.128056769078732 0.0433365438841076
-0.0892054060847788 0.0636978207360415 0.143354298183989 -0.00844139817991997
-0.0426951009742546 0.091327996183618 0.119872026108174 -0.0690900803983205
-0.00160767601381373 0.0900905371666984 0.0670198605834825 -0.0850209675434389
0.0332644156156269 0.0799666380344749 0.0262736130712898 -0.0747843666706814
0.0545462932904447 0.0631462635841109 -0.00163039983209785 -0.0501124398898674
0.0637372872360073 0.068805965489935 -0.019381269716884 -0.0272344390466713
0.0380710579052357 0.08229473910276 -0.0333012996531872 -0.00979125401262296
0.0181364444156176 0.100318394451965 -0.0598534777416038 -0.00791106652700013
-0.029268420901472 0.106644148667111 -0.0718311887512769 -0.0276046144296216
-0.0757493202511561 0.102704287987529 -0.0524979100383664 -0.0539454597857657
-0.118111808809636 0.0478843728511991 -0.035570177139696 -0.0159248716694139
-0.158914316015975 0.00994623904047507 -0.0185512836322667 0.0444473438374613
-0.155216669729249 -0.0371669949035598 0.0445194330468886 -0.0532261695392117
-0.153625528588787 -0.0229777054098834 0.0747440092134295 0.0466816187327251
-0.160920659026737 0.0434042709725209 0.146305792422575 0.0575695208570654
-0.116363163235498 0.0837470261585309 0.150365119846262 0.00562427475995249
-0.0508397191466687 0.115455605515787 0.118027025190114 -0.0463069132539204
-0.00412504733330058 0.105961616163777 0.0705844483241499 -0.052273226014964
0.0299525495741559 0.0944626674975972 0.0393787788197039 -0.0428976888035757
0.0519122854520599 0.0770889354517543 0.0168351924063719 -0.0239795947857784
0.0565379613962274 0.0810875730135267 -0.0010343340124642 -0.00221704656337535
0.0262999926622973 0.0895211349121146 -0.0190398469281195 0.0169083008609555
0.00495920108004091 0.10481000287751 -0.0554517705903667 0.0143058840259139
-0.0460669850845629 0.107721039419517 -0.0701828447810755 -0.0171709987005334
-0.0983102550815695 0.0975995694799587 -0.0443907647536866 -0.0548470647704267
-0.133824440946631 0.0278224831365576 -0.00796329680892622 -0.0290617731839214
-0.159501941151896 -0.0159083224335452 0.0317629100409751 0.0414428055010809
-0.135209111157301 -0.0482943142066332 0.0931733466934133 -0.0395864083316702
-0.151070389638392 -0.0367847511123188 0.108370020946395 0.0497604730514218
-0.167363111029444 0.0347345787507281 0.149751221305144 0.060606170586642
-0.120432298122296 0.0850510764914276 0.141594442217215 0.0184313936866065
-0.0519865138910469 0.115213518936857 0.107774787903929 -0.0167371339649344
-0.00653965097070595 0.102971337493537 0.0719015336241238 -0.0135820631269713
0.0226225345373657 0.0935025276432052 0.0516124731171927 -0.00728502354056302
0.0415913123590444 0.0784329774438302 0.0319040030409522 0.00503940208714298
0.0411393057082795 0.0823059533978612 0.0122285296089531 0.0260864009534533
0.00794829834666798 0.0860811162954197 -0.0120547736539021 0.0452460387128695
-0.014024137096869 0.0957374007250552 -0.0559370786854107 0.0364178251837986
-0.0639898456527959 0.0897711903299888 -0.0689023176335714 -0.00668876093290483
-0.113230260816582 0.0717844437287419 -0.0358858540977124 -0.0510421283943955
-0.132620641639149 -0.00383259044967921 0.0153596390056263 -0.0325717677827339
-0.136913938720207 -0.0433246522278417 0.0749782354305426 0.0455955546919296
-0.0902268586583434 -0.0500568032469474 0.127009461757433 -0.0333903467012256
-0.118692639677983 -0.0430498725315673 0.130303967715956 0.0387800288544982
-0.140552292187685 0.0197562512258856 0.135740272772263 0.0549773404323936
-0.100704292748053 0.0659434376346147 0.119982057407826 0.0290999211539339
-0.044389317834346 0.0903529079961098 0.0915736888841895 0.013522568502833
-0.0104783401305326 0.0810229872912656 0.0706119157918894 0.0217014493552242
0.0103636505817434 0.0765105946710655 0.0603385308984989 0.0249223091732669
0.0250037352653193 0.0684227589279924 0.0420888109170837 0.0319753108495193
0.0219909371840608 0.0713823840996504 0.0175780933017083 0.0542187100682124
-0.00794581656711115 0.0720239487496324 -0.0143158493271905 0.0704237790419605
-0.0287118883534145 0.075491280649604 -0.0625836859342183 0.0555205189184296
-0.0722255686739052 0.0625713583611037 -0.0702208971152921 0.00348480744695714
-0.112143617529492 0.0374003909685566 -0.0295206195083062 -0.0392039945993082
-0.113563544005433 -0.0361432089447974 0.0313157160755833 -0.0240182600841347
-0.0954949404009564 -0.0651126052686204 0.105101454117195 0.0584111990669545
-0.0293987946480013 -0.0467404393278651 0.139169042512357 -0.0345248158059389
-0.0673332491663392 -0.0450550878438087 0.132492377853233 0.0206894456783151
-0.09058479241877 0.00132213937331639 0.110915246325847 0.0467229548389331
-0.0645612723851471 0.0331136246917356 0.0955016226078256 0.0378123250186815
-0.0337787369091718 0.0480555487438235 0.0771659334303148 0.0367528629298221
-0.0162394396202197 0.0461441988106192 0.0691602989675466 0.0458210230865628
-0.00629570075323954 0.0476125365901153 0.0635415948223475 0.0486262174837066
0.00598011798972174 0.0464611990389628 0.0451238172176077 0.0535859673999728
0.00364371710552797 0.0494484320662457 0.0162782370242157 0.0771006640065273
-0.015665528093087 0.0480553421522599 -0.0231596638255866 0.0898861654145214
-0.0296539475679222 0.0502709877905317 -0.0734814910909368 0.0683006509355022
-0.0627013315550535 0.0351068263906138 -0.0744191195723394 0.0131745581062775
-0.092364135489111 0.00742029933274337 -0.0301779789498471 -0.0231655379276338
-0.0788426953130239 -0.055642966815208 0.0352419654413235 -0.00785970845540536
-0.0408815342112696 -0.0719207682066221 0.119766180132518 0.076537793703474
-0.0069552755268785 0.0541516276110969 -0.121392919655781 -0.0888101597975443
0.0388517437090532 0.0413277957473746 -0.0483768639018803 -0.0139843153418931
0.0561384049735875 0.0135292293555719 0.0395959645343184 0.00478073547559249
0.0322276441321862 -0.0205633913303491 0.0798620368718441 -0.0189461789379359
0.0107772659682928 -0.0160767118149752 0.0886049819879141 -0.0761685149453559
0.015101403950828 -0.00731355137495648 0.0420797505985406 -0.11473759837323
0.0218212969990216 -0.0169966035859118 -0.01298024390517 -0.101954610070973
0.0198008867673414 -0.0216917740678894 -0.0466091923403181 -0.0727292464877267
0.027104043444466 -0.0160384024972219 -0.0624303447198319 -0.0571022150164103
0.0273199663357171 0.000296922720501984 -0.0707145822263271 -0.0537018235921767
0.0226916750789479 0.00565872763347398 -0.0754720386560211 -0.0463998441900573
0.0271327686248235 0.00589209482630526 -0.0789699969148747 -0.0434685627304991
0.0358912715423031 0.0281667910005663 -0.0822748981937118 -0.0390796750471927
0.00902781754360504 0.0476109380002548 -0.110389911872456 0.00582042414662081
-0.0269231330108129 0.0536423298754872 -0.128000433347344 0.0553884711227402
-0.0645197016608525 0.0354089677565432 -0.0972878603375496 -0.0911490467333458
-0.0156932785728757 0.0321086946224269 -0.0261367795987448 -0.00840864843081196
0.00327088672730355 0.0243893145290593 0.0665546854088146 0.00639500847309733
-0.00436835215401493 0.00221724489228598 0.0984702273589308 -0.0239351461630367
-0.00834846639154254 0.0157393574200753 0.100048968073732 -0.0819650068440143
0.00906100737254928 0.0257874226961343 0.0512752483056714 -0.116418369428167
0.0293348286869927 0.0174640576725785 -0.00261748553516538 -0.104993607682638
0.0371547362607993 0.00833570931931912 -0.0369272870478366 -0.0746535650047176
0.0466886545221065 0.0164491039146903 -0.0551923809694538 -0.0562426967553753
0.0356579135880807 0.0352118980135701 -0.0641823484636499 -0.046723959113991
0.022012680597486 0.0476427462197373 -0.072462839217532 -0.0402935050984601
0.00169876635231175 0.0490878076347372 -0.0765007420060897 -0.04156884123376
-0.00979557989655002 0.0597213611028502 -0.0706483316492138 -0.0441553792609957
-0.0428440056054605 0.0524202164219331 -0.0892365241896721 0.00662030323790306
-0.0856494236990437 0.0456069774964332 -0.104260337836202 0.0537907449005046
-0.113638743826869 0.011360239912697 -0.0597061542570435 -0.0832506162886295
-0.0740417203865568 0.0156957180770522 0.00204397428036741 0.00954943899874443
-0.0585390192205677 0.0354255593056402 0.0992719475148325 0.0205046654984517
-0.0467099951653054 0.0316061299875314 0.12190199187189 -0.0216277468651761
-0.0262080773664668 0.0542569231685051 0.109968775986246 -0.0822532147978565
0.0031833112860434 0.0600022879257002 0.0581984925080844 -0.107506525108851
0.0337013552259127 0.0505646351253734 0.00909222832238773 -0.0956265693249251
0.0499281349266369 0.0368985373697293 -0.0221130530969806 -0.0663845175838326
0.0601247974954501 0.0446739777857145 -0.0401610534299376 -0.0443446047384353
0.0419847413337238 0.0628945425867845 -0.0512487007284339 -0.0302111489848577
0.0235639397934035 0.0797794244131408 -0.0684138136687641 -0.0249198523995243
-0.013753087669181 0.0853300681530756 -0.0760689943762331 -0.0345281726671242
-0.0440763126644761 0.0878847895162331 -0.0640690708735507 -0.0488072551467161
-0.0851248040328854 0.055417765032663 -0.0632227650635855 -0.00215545971057289
-0.130352358611199 0.0338743798403661 -0.0644672650049812 0.0497837493892978
-0.146395559493122 -0.0119029692722723 -0.0112111439509826 -0.0695492180016228
-0.124334936200049 -0.0016255400330343 0.0367196205469271 0.0310446089808391
-0.117326955850056 0.0453933864356201 0.128972685988225 0.0401109502034566
-0.0872065230534245 0.06451981965648 0.14198564907656 -0.0120180672403581
-0.0393982072309449 0.0913888369365743 0.116571263565098 -0.0729070903915691
0.00093199133131132 0.0887316103407715 0.0636753711983256 -0.0863707251521934
0.0353676469203478 0.0773804524954778 0.022749625072567 -0.0741384247432266
0.0556251448316172 0.0596084923047155 -0.00331004873225273 -0.0481022339515931
0.0649392544708008 0.0658141143361578 -0.0208550918065455 -0.0254179849418075
0.0397234520940233 0.0803573172554853 -0.0347612459033679 -0.00745328992190762
0.0209045845787739 0.0981944640768615 -0.0620770110181388 -0.00435848179224246
-0.0261265979117446 0.10590187061781 -0.0751028463548464 -0.024865705709298
-0.0704824799147483 0.103387748614692 -0.057463897028483 -0.0530675686375186
-0.115017171421961 0.0501132840850599 -0.0364023596904809 -0.0166861160497519
-0.155338987125956 0.0157349582853576 -0.0157795193513155 0.0429319590503054
-0.154542881421549 -0.0315342524345173 0.0412495278113599 -0.0529564323252289
-0.152666121026235 -0.0185810648155036 0.0747325148343097 0.0457582713200396
-0.156157354154926 0.0479532721501183 0.147328976578564 0.0537188536200542
-0.113169536748814 0.0863255840505614 0.149832919233146 0.00158918752519157
-0.0468185466532854 0.115133709905293 0.115429136227022 -0.0504767082521716
-0.00127577180148262 0.104530642203887 0.0677932794343725 -0.0538097661162868
0.0328922040905523 0.0916638176702602 0.0364484527032883 -0.0435745092060819
0.0532954000720439 0.0735000714907132 0.0152916489865225 -0.0230905924061125
0.0582402863465951 0.0771745672027477 -0.00225922918190367 -0.000977294227458193
0.0282237861270814 0.0876416378103798 -0.0199054347435181 0.0187777854074951
0.00806210444137585 0.10331716834803 -0.0569760611741753 0.0183823471640091
-0.0424754406498508 0.107916909340673 -0.0729984886347646 -0.0141350840285083
-0.0931438675773563 0.098976238174857 -0.0499422720572096 -0.0543095217821743
-0.131520434246548 0.0311407162337651 -0.00988941129454594 -0.0296410618029077
-0.157510913512616 -0.0104162240562981 0.0328977135370773 0.0384320120635241
-0.135583860275664 -0.0423427286145009 0.089708032097546 -0.0409558772440416
-0.150172796253398 -0.0307672350897356 0.108875660759288 0.0466623400251433
-0.163388674641589 0.0405449951882752 0.150327338447514 0.0567588102577571
-0.116697615895603 0.0873331917501375 0.140564965600826 0.0151125696667729
-0.0470019523778836 0.115589589123143 0.105980101354058 -0.0213424153875059
-0.00304107179524594 0.102052278997407 0.0706134436077019 -0.0162240634004141
0.0253118213361623 0.091566995091889 0.0496033901077142 -0.00863880523352195
0.0431111407772676 0.07519510490456 0.0304388534833812 0.00469655275700631
0.0435184761030364 0.0789942456031557 0.0115377909348449 0.0263254923500358
0.010478062927811 0.0852072064276823 -0.0120465266866712 0.0458889171700003
-0.0101712554488855 0.0945792346927849 -0.056291288321079 0.0399493678152737
-0.0609388793847435 0.0909147537434721 -0.0711928293988748 -0.00384105066670243
-0.108820820087301 0.074312623869246 -0.0411315980589648 -0.0502444344568577
-0.131512051313089 0.000657205056854929 0.0128125779945817 -0.0337854481611384
-0.136676299882821 -0.0383682448899528 0.0752798456595664 0.0414719309254778
-0.0918730642006891 -0.0461369137841184 0.123250229885245 -0.0355674831757815
-0.120185673395584 -0.0383420924788512 0.129743956085185 0.0357916769736815
-0.137979765609157 0.0253018198993809 0.137248217797957 0.0509737711151636
-0.0978672562986555 0.0691243134410693 0.120626164510231 0.0261510959225707
-0.0403392220398391 0.0908203508638279 0.0913795718098051 0.00946220334808277
-0.00723543366277889 0.0803755730303248 0.0711460473087344 0.0185829941644989
0.0125371023705414 0.0747250204798554 0.0593148331084452 0.0219140244178915
0.0276958940681057 0.0655042314108842 0.0414430887367473 0.0300661260961065
0.0240139476828082 0.0686089015943406 0.0181158333736008 0.0533279267591295
-0.00559880651117683 0.0710643869440047 -0.0134653227540693 0.0707045580314761
-0.0250678090462028 0.07524116190549 -0.062064372240143 0.0581448836403139
-0.0696739368087913 0.063989806137378 -0.0722124277864568 0.00603059947132516
-0.108927674419522 0.0404898052421095 -0.0340546182557214 -0.0393400214166105
-0.113325071133826 -0.0309345401407521 0.0288930169827541 -0.0263289268487375
-0.0967275942503676 -0.0611023370749625 0.106098058299933 0.0533276769446362
-0.0321390023584966 -0.0451886447521583 0.135250649976995 -0.0367552997138354
-0.0693804055787368 -0.0415674541925312 0.131486485094414 0.0181005869618299
-0.0890318887404007 0.00577505085481367 0.112094880432528 0.0443039679977213
-0.0625269427844122 0.0354287282424526 0.0967674002006669 0.034989142904881
-0.0310750139355976 0.0494397980752774 0.0787897314269864 0.0335218039968773
-0.0139625810933168 0.0460290746308928 0.0705185530058297 0.0424430563865407
-0.0039031339026603 0.046913748190614 0.0637924837771356 0.0447335634707699
0.00791619119927726 0.0452793902417065 0.0444831760483312 0.0509397319244577
0.00574005437292177 0.0479453010849118 0.017378667026114 0.0756952737635576
-0.0132152156669293 0.0482188724204876 -0.0211687720748336 0.0893215994289704
-0.0270229149509172 0.05000536345673 -0.0722617232736752 0.0708424399273375
-0.0606535749935563 0.0370181798444731 -0.0760865293557273 0.0156476829598193
-0.0904973586756306 0.0109874575127147 -0.0336356083066764 -0.0233305861801182
-0.0797507481498765 -0.0512346219789626 0.0331827978067243 -0.0100868149779863
-0.0435494593192508 -0.0698759454846484 0.120708404566385 0.0706913794088019
0.011301367329182 0.0540968074158708 -0.142426625364321 -0.0464549884780799
0.0502153373173775 0.0248566127638793 -0.0516699930322544 0.00368532069879791
0.0563664102180766 -0.0072818719010972 0.0387538840485365 -0.00397917216568559
0.0219986268502772 -0.0296823660203441 0.0721483279434386 -0.0410826783718462
0.00454821318420229 -0.0180707916678633 0.0611521745965187 -0.0988191421518524
0.0120851657852992 -0.0123508972765547 0.00285731621879023 -0.119867349376853
0.0146576195532564 -0.0236565852566449 -0.0442149321070789 -0.0899067325110396
0.0105384827768301 -0.0260159014121622 -0.0645682840877694 -0.0519570498937604
0.0197497282572198 -0.0226917840037325 -0.0755599162182837 -0.0333534242114991
0.0256546173531268 -0.00806335774724713 -0.0833289195478752 -0.0271995689348716
0.0224141881256028 -0.00178336075873813 -0.0850990191076555 -0.0184778245723343
0.0266208630388346 -0.00259610012577869 -0.0891559470854802 -0.0162428242876857
0.0419905000898714 0.0142634493764908 -0.0916784449993028 -0.0136256929924694
0.024794752201543 0.0408095286657617 -0.100751616877501 0.035388314339483
-0.00761520650589217 0.0578888295374593 -0.100275232738591 0.0857318205077883
-0.0499594557277381 0.0553416478714815 -0.118375829191495 -0.0574940369140314
-0.00405337826783634 0.0341677464949008 -0.0273869346973658 1.31343574456816E-05
0.0110081693507923 0.0198703940926965 0.0646082308952443 -0.0142490957060808
-0.00445307584397258 0.00280163799836934 0.0873054887700367 -0.0530864846092769
-0.00266545452090517 0.0173613675148917 0.0685831678913113 -0.108306304119522
0.0167114211270499 0.0202964565511484 0.00989713665467352 -0.124836159222763
0.032257907580539 0.00617399211463898 -0.0367717110479391 -0.0966915125778554
0.035423526843447 -0.00385401901155695 -0.0574571828648069 -0.0562328569420696
0.0469231372617243 0.00102867240339382 -0.0682307195891002 -0.0332987750623376
0.0443973457897394 0.0216339108884787 -0.0755885870274745 -0.023149722308672
0.0350821965989629 0.0369680787457172 -0.0817237951324688 -0.0145165437577665
0.0162304598517535 0.0459129098865303 -0.0856217268810746 -0.0167861352621246
0.0091206291990116 0.0575816065012593 -0.0819666582069505 -0.0215204235222898
-0.0235525999356124 0.0616232727452629 -0.0806068116667422 0.0307838313814958
-0.0655649298599039 0.0675625590398455 -0.0777351553839607 0.079124532297314
-0.10490993863012 0.0489608215610732 -0.0790876791211299 -0.0624603376988298
-0.0645208537321668 0.0388067204791127 0.00782034772877896 0.00629064963384581
-0.0422696317287519 0.0500546307988971 0.100022356633426 -0.0149365913228555
-0.0335649930229455 0.0450250999540232 0.108919168213595 -0.0607722745424557
-0.00709015457746336 0.0579148302143843 0.0759401206485653 -0.113236818409995
0.0220923655248653 0.0534295042459058 0.0178852607274896 -0.119453417979733
0.0470548319205726 0.0364699668114744 -0.0237108781023053 -0.0924614595687326
0.055527186631951 0.0182478357002748 -0.0412705695352186 -0.0530252454527358
0.0683132768271286 0.0220779531137639 -0.0515109906658543 -0.0270058057567355
0.0577718814406323 0.0454815992266484 -0.0592123326087707 -0.0112189186877158
0.0465868627129291 0.0659748126281486 -0.0743574897818571 -0.00108107474475782
0.0127343042886869 0.0837951743749809 -0.0841094355084412 -0.0100557392835904
-0.0141900745756572 0.0941925110240505 -0.0766196075493812 -0.0277321827707858
-0.0618661257730238 0.0779031670450543 -0.0583779735432961 0.0158784625127592
-0.111831535598366 0.0702336797473808 -0.0420037020071613 0.0649449359234597
-0.143157360539978 0.037100180178474 -0.0279185488364855 -0.0645531180836859
-0.117403221840969 0.0394321131915595 0.0488075182697211 0.0142882411721481
-0.0935481832368585 0.079373717038507 0.134009970533116 -0.00935503345425092
-0.0583546565529203 0.0890896221543124 0.129082902074866 -0.0611218342472646
-0.00719237594405974 0.0967818971283164 0.0834324836048693 -0.107249771281332
0.0281942165872753 0.0816010648383448 0.0292863555322374 -0.101904556325419
0.0574989726519689 0.0612190366000866 -0.00503440117434197 -0.0771755124075669
0.0677933739848973 0.0371916368558945 -0.0200342363417946 -0.0418859112638001
0.0793114857435327 0.0395093864261189 -0.0283345104842654 -0.0156482074089098
0.0613766331788187 0.0627741250779707 -0.0372570694462048 0.00381070667062916
0.0494178352296293 0.0840568269406229 -0.0624577067810438 0.0162223978594003
0.0072647287972112 0.10726526984449 -0.0799021986584271 -0.00145522807849604
-0.034183900717198 0.11663088046263 -0.0712764035815649 -0.0329695132894461
-0.091732153534147 0.0825202664577824 -0.0378390092333489 -0.00501117833854773
-0.141761965909816 0.0602749104679619 0.000736432421128051 0.0460913083864706
-0.157670671723644 0.0214569641845229 0.0268083604084544 -0.0655236397234361
-0.149645352270127 0.0331543221601388 0.090303774648722 0.0151386157592994
-0.128679944483403 0.0955344874954543 0.156746609276901 -0.00445624027077425
-0.0752134449258234 0.118389631176386 0.139950355513142 -0.0525561189254889
-0.00615868059789961 0.120556487287196 0.0879892751710729 -0.0874322514142855
0.0319620689258234 0.096271175589316 0.0426315481798901 -0.0733283547464237
0.0599824040844673 0.0761427659647876 0.0174190025089802 -0.0542600378588463
0.0705656920581276 0.050534610188679 0.00432438481279056 -0.0253761433243283
0.0766581002580551 0.052535543342509 -0.00371511417864343 0.00127216337907895
0.0531372390015489 0.0737451670257353 -0.0158906782444619 0.0236650903957395
0.039366802596593 0.0923103940318868 -0.0501976897436936 0.0355164674943006
-0.00729360482502541 0.113271439575024 -0.0743288085850322 0.00803687194996722
-0.0562792180769683 0.119234068997071 -0.0647783350791754 -0.0361904374675428
-0.112912432375668 0.0704552117166431 -0.0180475275401841 -0.0243246095870414
-0.152308739263826 0.0369011085812925 0.0435441996349907 0.0288941024297637
-0.143563358363228 0.00428339946445617 0.075612629892743 -0.0679363216587122
-0.15174010038611 0.0209670680493446 0.123349574008692 0.00689617959638003
-0.137740964240449 0.0910003410522182 0.160685303257276 -0.00278839677355937
-0.077961726753095 0.121635503849831 0.136195053455416 -0.0379399561892394
-0.00625183146516241 0.120805258473588 0.0882014785373677 -0.0566729584895155
0.0296574975674874 0.0951425135798608 0.0571694240377464 -0.0391853084780984
0.05320648946573 0.0778050873478501 0.0404935365352342 -0.0268960503020306
0.062724376918959 0.0553401184651354 0.027035975104957 -0.00480895890615623
0.0635569518698885 0.0586768143998868 0.0167501628575466 0.0222297917891215
0.0360200535453064 0.0766357668050256 0.000394707995796303 0.0457032674909679
0.0193013816335787 0.0901863111165835 -0.0422382123362605 0.054768938018976
-0.0287231924625598 0.103380176031388 -0.069416618352934 0.0169971572083104
-0.0778744873013725 0.101636594386947 -0.0546309331432427 -0.0343086252099377
-0.122874742306067 0.0417557389302171 0.00155342286079217 -0.0342762635248433
-0.1412353754019 0.00394846047198258 0.0825413056352451 0.0199372651160685
-0.103395286238867 -0.014236828264393 0.107717241153282 -0.0716761721502166
-0.125698231197934 0.00422773747110119 0.138985407887129 -0.00865007848059189
-0.119111556731526 0.0696395278927573 0.146676948726125 -0.00205938621396422
-0.0662529364691616 0.0981505143147305 0.120607949853944 -0.0189783559625449
-0.00696577621387257 0.0968160073836842 0.0854728919582957 -0.0232053306985924
0.0197092491250336 0.0765724737477827 0.0694996348146704 -0.00718472291061224
0.0363331733491027 0.066774753778686 0.0605155516796032 -0.000874348739391385
0.0449218374591666 0.0512269649461496 0.0454163901756106 0.0152257687619887
0.0433004750832853 0.0550769494767285 0.0306442975564724 0.0448262507706111
0.0169057866013837 0.0675139643582927 0.00668307689858978 0.0693543326033549
-3.85628038245935E-05 0.0766245451977455 -0.0414187026420142 0.0733139023701174
-0.0453103004984947 0.08105962822216 -0.0664367790205101 0.0270325719297479
-0.0881380155306983 0.0709371581159343 -0.0451315641371038 -0.0261131632526132
-0.115715917227048 0.00703132534623142 0.0179838921673035 -0.0313992571662151
-0.11068230051098 -0.0286710303626901 0.113040619568666 0.0220771695165933
-0.0466608543445834 -0.0328115323268565 0.11717691100581 -0.0746688800524144
-0.0788800040007158 -0.016557210960132 0.133191576302378 -0.0229445411613566
-0.0797370642573312 0.0353411361479065 0.122086663760233 0.00226897811556836
-0.0451502943341872 0.0548106424367368 0.102409861969785 -0.000319189486095866
-0.0118812619197653 0.0552786163083498 0.0832561451053307 0.00480145842322467
0.00217963755222824 0.0471447134778205 0.0776005232300065 0.015494468257823
0.0117939753512565 0.0458477638211725 0.073109305554255 0.0187947775594303
0.0213673863443938 0.0386387191981524 0.0550352742710711 0.0330263654761577
0.0201093776246705 0.0416481818571296 0.03748136730244 0.0649373260996086
0.00309346997170911 0.0487725588602465 0.00613292220179316 0.0889891553762793
-0.00921440478221893 0.0545002043103481 -0.04620014524783 0.0874930420863141
-0.0450954759835848 0.0541108695383717 -0.0673854297866061 0.0374200972404664
-0.0795201612046181 0.03834629186801 -0.0396652414731545 -0.0112110769410097
-0.0907376968626168 -0.0218975605009194 0.0264728312474588 -0.0181208829907351
-0.0639375461719565 -0.0527306336698141 0.130336816549838 0.0332691626251099
0.0123729235620607 0.0532679775122067 -0.141153904566828 -0.046238462247068
0.0497113992126102 0.0235071559814273 -0.0497237557382758 0.00485192776481611
0.0554548425346724 -0.00845434749591285 0.0400634796507133 -0.00292852568136186
0.0208451212956003 -0.0290488155169729 0.073886169614704 -0.0405500937941207
0.00404425088100722 -0.0161470058980262 0.0624599474931563 -0.0991844616035575
0.0116802400471284 -0.0119188912785737 0.00429830874544857 -0.119881072942578
0.0139940427299394 -0.0233991378472923 -0.0420481310005789 -0.0896087091501186
0.00960217525995594 -0.0249651055981282 -0.061983519162249 -0.0522465607337774
0.018827460162005 -0.0226365369421421 -0.0747834721022824 -0.0326446464533048
0.0252136482344483 -0.00803924287299265 -0.083189495328114 -0.0263644407689793
0.0225551082184986 -0.00119707302646506 -0.0850564999679674 -0.0181145040059039
0.0256226321001327 -0.00260431919567727 -0.0903641009808362 -0.0162922252198909
0.0416367787068341 0.0138101836522603 -0.0930488782773298 -0.0148543557148277
0.0245700297146136 0.0403810959901508 -0.10036074045052 0.03268075192435
-0.00683199612273673 0.0570578352407476 -0.0996355189234494 0.0833400516072012
-0.0484797917587256 0.054047320453285 -0.117155059560942 -0.0571268627556743
-0.00444230461285255 0.0329021554096136 -0.0257679506146058 0.000891801676272286
0.0104883918909587 0.0180561673835776 0.0657585535739407 -0.0137041058572733
-0.00593854363532779 0.00314234653964156 0.0885660576855332 -0.0524436755355397
-0.00346099515976775 0.0183936826929941 0.0692422195502586 -0.108259383891238
0.016073200804806 0.0207263914070231 0.0111302550057222 -0.12415993518232
0.0312069631417593 0.00668550765180129 -0.035061336836257 -0.095848104346433
0.0342114028487628 -0.00349655491591812 -0.0551936461423419 -0.0559841435249075
0.0458950776836358 0.00106009947558168 -0.0675063828269158 -0.0326236149662336
0.0439885223205953 0.02205372584608 -0.0758705800322973 -0.0219787191097846
0.0347701987472321 0.0372292238726668 -0.0825337156597336 -0.0132072203581574
0.0150930768938526 0.0457437131201975 -0.0875709223155203 -0.0162950134517818
0.00912674063950004 0.0562385596469427 -0.0845249399585548 -0.0221479555172961
-0.0233387161326641 0.060245954753327 -0.0804630480788464 0.027834493380292
-0.0646825575281249 0.0669894435122718 -0.0774090427731151 0.0765094405808268
-0.10315690178274 0.0481454543728335 -0.0783876339217018 -0.0618253660916524
-0.064047757958159 0.0370264457074649 0.00849442460676452 0.00728664310314283
-0.0426037020009569 0.0481797337553746 0.100272135244794 -0.0140699706277545
-0.0347006888144497 0.0449831336456707 0.109944072951896 -0.0598722910334385
-0.00838485970489515 0.0581935727178051 0.0764999157703824 -0.112727829546995
0.021521589166894 0.0536691592712055 0.0192627330450748 -0.118732563936819
0.0457591801067548 0.0366372002235527 -0.0224346990307868 -0.0912401441108841
0.0542835876034957 0.0184579151973721 -0.0397330870537692 -0.0523273426752168
0.0673225343237314 0.0215591663944664 -0.0512141125764238 -0.0260334975259265
0.0573053623089349 0.0462039898354005 -0.0598225458644682 -0.0100627600160942
0.0464503840999129 0.0661956405053841 -0.0753772966639005 0.000515246857967432
0.0115922442502017 0.0838388841709648 -0.0854176479004113 -0.00905580007261207
-0.0146971932067721 0.0927582897160462 -0.0797212278775346 -0.0280973273285741
-0.0624449550871181 0.0766620491878768 -0.0591524827349992 0.0137528745898509
-0.110850106801003 0.069071477448116 -0.0419110553565985 0.0625759598199369
-0.141810260207642 0.0364533166807787 -0.0277136118104803 -0.0627643266951442
-0.117079348110455 0.0376587184900325 0.0498712537904313 0.0157425247108426
-0.0924159434305831 0.0774714641699512 0.134684783993815 -0.00848114672980468
-0.0597951981733364 0.0883032080106208 0.130139610853544 -0.0593597550668243
-0.00815821798163266 0.0961683954998123 0.082796649812828 -0.10715632357034
0.0273146516635882 0.0815403490074647 0.0293231368730094 -0.101138309799459
0.0560998950011153 0.0608046195035885 -0.0046408579830451 -0.0762672512463534
0.0659410911282497 0.0369430450363094 -0.0189786813801188 -0.0411863672825666
0.0776829874212931 0.0390197342611964 -0.0279194453875842 -0.0139269318947225
0.0607760687824082 0.063495211089377 -0.0379202429492878 0.00589856531116087
0.0484665381440768 0.0838656790469197 -0.0633951408546884 0.0184378569468523
0.00627948040446657 0.106915602913254 -0.0824968111282098 -0.000297349760908778
-0.0346395692777946 0.114999729404101 -0.0752118656860618 -0.0330754414893344
-0.0922068486676996 0.0814453204589541 -0.0387356823922116 -0.00626309089430677
-0.140671247122835 0.0591838086156593 8.38605182014382E-05 0.0442921322188375
-0.156716136573647 0.0210841736879304 0.0270101761699533 -0.0638708174099544
-0.14919131283426 0.0324574129301768 0.0909039171757748 0.0168569572388221
-0.127476666232929 0.0938146399821748 0.157053732222107 -0.00318193941774613
-0.0764523657689612 0.11719735091764 0.140756834327953 -0.0514517455679615
-0.00669757022638893 0.119736091732912 0.0876284826739137 -0.0865945005719346
0.0314027478293699 0.0964260663713122 0.0429534147515872 -0.0733031297511306
0.059312640943635 0.0756076349041762 0.0171893969139288 -0.0528937426714827
0.0689560410975213 0.0497071111054585 0.00443083560027535 -0.0241906326187397
0.0749247447642976 0.0517418205109135 -0.00424069218563332 0.00253082213676025
0.0520535239546329 0.0739691880019677 -0.0159644118480648 0.0252759151434401
0.03821829686233 0.0921009166667978 -0.0513218260571636 0.0377125361105332
-0.00805100761627633 0.113832938262837 -0.0768099080016859 0.00963068977811817
-0.0565599929572239 0.117822809811254 -0.068388155726355 -0.0351945507390037
-0.112743895646682 0.0688858777949388 -0.0189695949224969 -0.0252336269875842
-0.151516328033401 0.0360305261041984 0.0431944259068856 0.0274206529136848
-0.14305105196038 0.0045154420481249 0.0755253275271994 -0.0656585832261573
-0.151987761757857 0.0206304022892799 0.123306769004105 0.00915301036839816
-0.136882735550244 0.0905312281364909 0.161228559758509 -0.00194122794471289
-0.0788071251345562 0.120871851678603 0.136409666142129 -0.0366485482758533
-0.00638907800047666 0.120384488553246 0.087943905860647 -0.0563465214893052
0.0287049957326221 0.0949624415268397 0.0573173355592985 -0.0394339048111365
0.0522913137961696 0.0774161722069171 0.0404544463951739 -0.0253074162883452
0.0615237182556781 0.0546936064179817 0.0265636826532224 -0.00391542850743846
0.0624020345373066 0.0575419389630909 0.016183622889734 0.0233226637390136
0.0354188451141223 0.0761247116271594 -0.000553719271682346 0.0472173878528341
0.0185526617236255 0.0897825844054668 -0.0437116066752275 0.0571406251606121
-0.0300234750729141 0.103418150422543 -0.0714819320133987 0.0189847662302268
-0.077119704338211 0.100678802093018 -0.0580900494746844 -0.0334639226108055
-0.122679691460007 0.041209635754301 0.000132404745199054 -0.0345607236375305
-0.141310024259459 0.00325164825414781 0.0818410841320159 0.0187166057068075
-0.103571476281299 -0.0137421843948679 0.107225345697992 -0.0689623699691632
-0.126388082364589 0.00429068278509959 0.139056664874237 -0.00596610512377976
-0.117593033501644 0.0696794292219031 0.147568676278232 -0.00111831519081446
-0.0659824221223592 0.0980521768893682 0.121494783895508 -0.0184331428153223
-0.00671661390329894 0.0958880604752479 0.0849564254208351 -0.0226360765146415
0.0192365827653443 0.0759852511362539 0.0694486982479915 -0.00705319428582289
0.0360861462075364 0.0665644935981621 0.0594719739551378 -0.000671016450078899
0.0444894695696968 0.0504711977799458 0.0438829640005374 0.0164581740247196
0.0421217921162187 0.0542864634013351 0.0295075742674946 0.0453925171892183
0.016646674184087 0.0676345257689643 0.00567450687727369 0.0700430166654405
-0.0002467639407023 0.0763474498233679 -0.0420967005282273 0.0750075804771089
-0.0456321779626933 0.0809540248271449 -0.0690181508279261 0.028596530512575
-0.0873458315846144 0.0705010352771224 -0.0480519104929209 -0.0256678373901283
-0.115456534249038 0.00710808528652425 0.0169302553054373 -0.0309712803664755
-0.110829089872418 -0.0287961253752795 0.11175601894167 0.0213552921619444
-0.0469638765268279 -0.0322639461963266 0.116858148528328 -0.071646109811673
-0.0793483959991305 -0.0155253583287318 0.133596237461336 -0.0209518034634801
-0.0785953509207892 0.0355903382182959 0.122968906937897 0.00344679176923823
-0.04464194576702 0.0551223536965256 0.103350592499415 9.77278376458395E-05
-0.0108551078155411 0.054970898920483 0.0828018043175515 0.00452412365512275
0.00258849415121981 0.0466058907090134 0.0777467265597825 0.0151845307820496
0.0119770080924832 0.0451207829920568 0.0712327677600436 0.0187272555216158
0.0207400523404121 0.0377854811767894 0.0531373606979526 0.0335805958589609
0.0193720483869326 0.0402659479312025 0.0358785018930441 0.0656954042164776
0.00266120045677236 0.0481404543597251 0.00470367555414376 0.089303789335227
-0.00913284719605974 0.0536074102264015 -0.0474810429677798 0.0885665723333357
-0.0447855587381045 0.0536215744284218 -0.0692879163890175 0.037778670256092
-0.0782717020012348 0.0379145769477511 -0.0422994309275491 -0.0111004587812169
-0.0903529665466961 -0.0213275574234619 0.0248011293614535 -0.0180743926999665
-0.0640500770799055 -0.0528095859188736 0.129316384284441 0.0329489598447764
0.0132829728753766 0.0528956400176063 -0.142521771877122 -0.0475445251486362
0.0499210277176748 0.0235974114685998 -0.0490566528238133 0.00569416315118945
0.0550434284702352 -0.00911089426096584 0.0428062900269117 -0.00292364718996356
0.02031241525648 -0.0291968658077859 0.0776620981805674 -0.0415249420031222
0.003699078998374 -0.0150087652918915 0.0651956381429037 -0.101112157239795
0.0119036269039714 -0.0119892910747326 0.00530445814424763 -0.122085029158301
0.0139922498342248 -0.0232907109122379 -0.0411791596225992 -0.0917414978238062
0.00876897614215346 -0.0252546206777708 -0.0611282600242205 -0.0539840084879366
0.0183816013538451 -0.0228318192707581 -0.0756187183122844 -0.0334460301953109
0.025874254902653 -0.00852424829404476 -0.0844339016564225 -0.0265540576360352
0.0226272686420317 -0.00141767362495957 -0.0879666529330612 -0.0185714763057751
0.025387510549755 -0.00207370412754575 -0.092914529564368 -0.0169615539091279
0.0421347154098506 0.0129220433492178 -0.0967096679279817 -0.016688543332874
0.0241581967680758 0.0406704049256813 -0.102292114161057 0.0306276083660318
-0.00567608662582758 0.057805640405333 -0.101459602412905 0.0818299956194132
-0.0487614332639605 0.0543019546531677 -0.118495471184154 -0.0582872724114705
-0.00497928255303484 0.0318447497874798 -0.0253616366101296 0.00195934964107509
0.00998339725574406 0.0171313572004874 0.0682007203556458 -0.0127552987240165
-0.00741469215556388 0.0037086786880361 0.0916545382183205 -0.0528009862687124
-0.00450010096675793 0.0200755301444304 0.0719869363775476 -0.110384551594807
0.016022489287612 0.0216134170058448 0.0126808178619519 -0.126305886942194
0.0314019642866649 0.00691254370493258 -0.0337680068757154 -0.0979030018400057
0.0337002286438793 -0.00268274563132462 -0.053749131665988 -0.0576218656562388
0.0456687447423235 0.0014583740632327 -0.0683488446274969 -0.032809006825032
0.04460324395287 0.0227420046521072 -0.077434724109962 -0.0216920229888522
0.0348470254668863 0.0383290467593896 -0.0850173647420193 -0.0127259800119162
0.0140537874204157 0.0469708114296988 -0.0910657195244463 -0.0158143987462169
0.00863661811717188 0.0557018078759995 -0.088752207761222 -0.0236061241171019
-0.0247558098659761 0.0609122283776511 -0.0823504428741112 0.0258319173069242
-0.064829802681409 0.0674828284690436 -0.0796608125876109 0.0754308731369952
-0.103750006985695 0.0477349161367083 -0.0782903024366731 -0.0622397237636331
-0.0657098113890657 0.0358510609175179 0.0103252518982738 0.00869711430384947
-0.0439527483873225 0.047315455918001 0.103662554409304 -0.0129719266303801
-0.0370729791697336 0.0451011850085192 0.113208841697248 -0.0599860526442429
-0.00975999874582473 0.0603043036851922 0.0787461108097095 -0.114371970942092
0.0210241826551537 0.0558618952945823 0.0205821651840124 -0.12014521388012
0.0458108595261717 0.0375023654979133 -0.0213907612560421 -0.0926061293336466
0.0538739414073566 0.0190439740292084 -0.0392698209488682 -0.0532732787285361
0.0668492792297022 0.0226395795428189 -0.0515512709219367 -0.0255890794415698
0.0575967734361861 0.0476091860181548 -0.0610611634498952 -0.00900393701184146
0.0458367611513138 0.0678638394153811 -0.0773393986404858 0.00209575766341018
0.0108520479343023 0.0862959756175073 -0.0893861181651445 -0.00862321244329691
-0.0156493567408463 0.0931834948117704 -0.0845180075992923 -0.028559937419301
-0.0646043108882969 0.077428799811483 -0.0604010877861359 0.0116476786952325
-0.112280953397948 0.0697879555715182 -0.0434158172835534 0.0613568219340523
-0.144329481482207 0.0364206106218804 -0.0276883157377929 -0.0632397983880636
-0.119628470854308 0.0367781219010579 0.0512680059035524 0.0169624259675873
-0.0949830830791502 0.0766395017782554 0.137896168375683 -0.00678828426655657
-0.0630887288490098 0.0893070025956675 0.133636617102532 -0.0595472298999601
-0.0100348080688481 0.0980750396245861 0.084857548422919 -0.107928671139618
0.027004948498267 0.0833773889141367 0.030950123991767 -0.102821780555189
0.0563236104262251 0.0622161769601247 -0.00374429342325573 -0.0766580680388131
0.0660039497785569 0.0378581533829735 -0.0178898597641964 -0.0414834773224934
0.0777651494992725 0.0401355270046053 -0.0286818027044408 -0.0134640349909908
0.0613164168326986 0.065462712093312 -0.0388391782273181 0.00725938250526867
0.048351892582486 0.0856209143963899 -0.0653399134790937 0.0209233270381369
0.00507804617457763 0.109131916854742 -0.0866353093953379 0.00129638631796997
-0.0359789268340593 0.115905698627474 -0.0795740845393399 -0.0330558886963504
-0.0948680099001689 0.0822785650483329 -0.0408357491135188 -0.00848666048542592
-0.143089391045196 0.0592418747296713 -0.000552877793477029 0.0429334854402715
-0.158815324930485 0.0210056880877086 0.0278609853400921 -0.0629137556076071
-0.152075653475408 0.0318064442121668 0.0936271185104928 0.0185630230773815
-0.12994784652585 0.0939500694334375 0.160688202318504 -0.00241835997296045
-0.0795177648094275 0.118865518555308 0.144792883185284 -0.0507381166225975
-0.00852097087785686 0.12165526022156 0.0893775630829755 -0.0878676834774486
0.030944030528887 0.0986048613136573 0.0449138955280518 -0.0739895623917622
0.0592490059185373 0.0770596883038423 0.0173626852039267 -0.0528025284882665
0.0689689961063665 0.0505309425103445 0.00526732306286296 -0.0232437336991011
0.0751872944975452 0.0526552334021999 -0.0044489044221728 0.00370126181982542
0.0529235069785977 0.0758993946820852 -0.0174678610820147 0.0270095717868355
0.0379060442055386 0.0933267222185124 -0.0531660296161253 0.0407835996435874
-0.00965647320835408 0.115605920769067 -0.0802470404001961 0.0114926765655331
-0.0577246167907221 0.118501998258877 -0.0730191671928088 -0.0356304457451983
-0.116246150122567 0.0697698442961518 -0.021050183673893 -0.0266804951204773
-0.154655497648891 0.0361827934920985 0.0430410430238134 0.0268580184370516
-0.144838050624505 0.00392934595976326 0.0763548981463707 -0.0644909439933482
-0.155228824930664 0.020038297884582 0.126667983481865 0.0110754312317894
-0.138431445625684 0.0910623176333614 0.165575841394869 -0.000808562906406551
-0.0813083877217255 0.122536568473062 0.140026747525068 -0.0359497956991002
-0.00697804061432362 0.121769100729907 0.0891579743628996 -0.0567059042222509
0.0289322772354753 0.0962915431849306 0.0587852774919054 -0.0394759566262807
0.0527725667819109 0.0787452246853677 0.0403704613772376 -0.0251223855327657
0.0610740294116508 0.0552001303352159 0.0265102959600542 -0.00255678430694471
0.0622284597056851 0.0578427775293641 0.0157657524451388 0.0245631574320683
0.0349100261235546 0.0780800517957147 -0.00182149836532974 0.0496861357610729
0.0179434895945906 0.0908230298600017 -0.0451361448661334 0.0601833150976913
-0.0315497383007526 0.10532474450205 -0.0756160103543004 0.0206942244478413
-0.0788368095749991 0.101278997020257 -0.0626439966880357 -0.033785688923483
-0.125374276471104 0.0412805060117824 -0.00116458060525047 -0.0359585979771387
-0.144443131105132 0.00359428065588575 0.0824905668321678 0.0184944916706674
-0.105841942269612 -0.0141267604846244 0.109547445332067 -0.0676527810651957
-0.128468819860288 0.00381252953103966 0.142220924539655 -0.00399402527717815
-0.119445788339553 0.0704249556774292 0.151362030750341 0.000371081464871252
-0.0684940033727361 0.0991259859221575 0.124611767299179 -0.0175396147427784
-0.00756793869904276 0.096971883923307 0.0867971631695872 -0.0228404773965062
0.0193800301915988 0.0771697520960499 0.0704720137327814 -0.00720220320923174
0.0363948295431405 0.0669745965070353 0.0593196977351149 -0.000242402315809745
0.0442313986137356 0.0502658858473936 0.043571197446478 0.0181925232541123
0.0418832599779079 0.0543415841251713 0.0291131927690363 0.0474998603541145
0.0164960053658044 0.0694626107064649 0.00467896038936536 0.0727371403827266
-0.000971194672339293 0.0773070930616802 -0.0444716014212352 0.0778462434723282
-0.0468822691862784 0.0825494915884074 -0.0729209449940103 0.0298201993825463
-0.0890195888563067 0.0703272829741633 -0.051946815371332 -0.0255172713984783
-0.117830403656164 0.00717247776006734 0.0152055587852634 -0.0316414880818164
-0.113402771787009 -0.0292136135764858 0.113127194920412 0.0214886544614913
-0.048494095282274 -0.0325982958310717 0.119060555550343 -0.0699373099604943
-0.0814392706723238 -0.0150191201010439 0.137338851120212 -0.018838873287122
-0.0793829017562165 0.0369852170911817 0.126670270712765 0.00489685918860672
-0.045494687660135 0.055830235674761 0.106564307630536 0.00115804050093268
-0.0109945788218124 0.0555990862097487 0.0845704113705774 0.0047181032006095
0.00272758712932712 0.04751071011058 0.0790829621620462 0.0152571516231275
0.0122273062605897 0.0458852168204228 0.0717315147675048 0.0195548334293509
0.0210662893817768 0.0378168129388249 0.0532908025300547 0.0349521860962986
0.0188313677698836 0.0401414534432831 0.034989179034657 0.0678561184429364
0.00258731314638032 0.0487100994973426 0.00350658853433482 0.091686432464913
-0.00957377531204756 0.0542615134635822 -0.0493194433120545 0.0909373416304829
-0.0463232363300758 0.0549059430798014 -0.0726836337128735 0.039522362772185
-0.0794755206085876 0.0379650097989033 -0.0460920128423213 -0.0111530141361712
-0.0920700659652329 -0.0212347391110212 0.0236078965091889 -0.0181093202886654
-0.0664904633972638 -0.0535187100463689 0.13084978306551 0.0335405776056811
0.0154172415208807 0.0535112922688574 -0.146375128363392 -0.046725276805048
0.0507309459837777 0.0231553076842929 -0.0491132586165764 0.0075832172327429
0.0549106807988856 -0.0111303934406028 0.0457341647707102 -0.001765471646268
0.0196437629666249 -0.029518703834462 0.0809432808044947 -0.0435484519017617
0.00379070829405788 -0.0141932144008581 0.0674710147769914 -0.106152487137209
0.0121258569609583 -0.011700669504185 0.00499352009000947 -0.126326738102538
0.0132942581434054 -0.0242066851962012 -0.0418252713465774 -0.0942988728394067
0.00802736708646448 -0.024992475246759 -0.0616012704969025 -0.0561439674844189
0.0177485062057427 -0.0228469144942717 -0.0774739227022291 -0.0328629736251243
0.0258215971876434 -0.00907661115735043 -0.0874252374807147 -0.0255041541096227
0.0234934950284079 -0.00106511241061384 -0.0906171096291827 -0.0178555632553478
0.0249012266897884 -0.00196569873551843 -0.0976467048381185 -0.015618524331865
0.0434138866672873 0.0115553015436774 -0.102183851523077 -0.0164259133077449
0.0255173829279148 0.041525769428332 -0.105338043164992 0.0303681927457295
-0.00394310435163324 0.0590248884898915 -0.103697646226298 0.0839247916623768
-0.0484352055862332 0.0550177889211464 -0.122017472515915 -0.0576837969135125
-0.00588382859524605 0.0317327548773214 -0.0242213822732801 0.00326559405873637
0.0089990174657047 0.0162692899660609 0.0714110540129077 -0.0133358021830172
-0.00943312644455091 0.00427348888617964 0.0957526912792478 -0.0549501995306595
-0.00505323872304432 0.0221264604335976 0.0732774052048517 -0.114905322852052
0.0165090725810879 0.0228590343022075 0.0120431123828042 -0.130465919354555
0.0314141865254921 0.00723012349236137 -0.0345067145107855 -0.100385914669535
0.0334338579517517 -0.00247205563225386 -0.0545733525637272 -0.0593918459839168
0.0460725356088656 0.000940148220318751 -0.0703372621514437 -0.032153476533681
0.0458287713929796 0.0229436552942402 -0.0802838006962581 -0.0197582330929371
0.0360332692116872 0.0391127981049643 -0.0883964261455896 -0.0111117076027519
0.0146851645451377 0.0490535520325962 -0.0960605478634685 -0.0146813877031755
0.00914532839123513 0.0563686250417367 -0.0943886352699438 -0.0232744805934466
-0.0251080343855876 0.0627465684100685 -0.0844433902513058 0.0252865724929792
-0.0649258362128826 0.0697195980223964 -0.0814181618980229 0.0767995817838916
-0.105632583321568 0.0491500612276468 -0.0809154438767417 -0.0625031077245507
-0.0677814187734349 0.0362589877148642 0.0113430621040621 0.00943180368887393
-0.0457701455794374 0.0472309586833375 0.107476330494626 -0.0137698764927948
-0.0391022830479361 0.0469535196592297 0.117029775348955 -0.0623495875496759
-0.0102176433175647 0.0629241063712884 0.0804620536659086 -0.118397577195277
0.0212590351394365 0.0575635397170558 0.0205815834511331 -0.124521523145294
0.0467685036553837 0.0382626077416852 -0.0220436293718046 -0.0943085911104791
0.0542116956696381 0.0194276160276502 -0.0392882855246091 -0.0542818617887868
0.0680382745064069 0.0225336640368395 -0.0528027190120659 -0.0245638599625034
0.0596221234532145 0.0486690828848458 -0.0630691789357543 -0.00674580630268618
0.0482454161424513 0.0689252742576379 -0.0799969057818593 0.00534166659696786
0.0108168019061076 0.0889884250744976 -0.0948270837348759 -0.00625863249442734
-0.015521677171846 0.094790031870026 -0.0902046822710447 -0.0280805656959363
-0.0658692059359288 0.0804813711665833 -0.0635269161711516 0.0106637985961857
-0.11393667762141 0.0728723280000769 -0.0444129833492694 0.0622280476300938
-0.146911816537535 0.0378742874159247 -0.0285926522934224 -0.0632914801079541
-0.123579654736502 0.0381029792785509 0.0543226882639534 0.0183947488879314
-0.0962901446413869 0.0785346847612216 0.142904197309433 -0.00850850023359133
-0.0655490455733622 0.0924465163232947 0.13852406162044 -0.0621032629086199
-0.00979464659891091 0.101296285420704 0.086185086602871 -0.111713249845799
0.0283377036064552 0.0866864453769726 0.0315460147992198 -0.105935364958889
0.0580486663415687 0.0640142855412263 -0.00425329182564729 -0.0779285569447327
0.0670898866797142 0.0381649065341298 -0.0177894083067343 -0.0419172290997824
0.0789775226407318 0.0398379832981467 -0.0294063531798136 -0.0120618792671775
0.063600596553075 0.0669140235414927 -0.0405109445377228 0.00967060751522075
0.0503874353275516 0.0870635080728936 -0.0681597889692213 0.0246035871522372
0.00557651589055489 0.11309026124448 -0.0910694155240848 0.00470048280425925
-0.0358589798513065 0.118952860093356 -0.0860811790333647 -0.0323397100229394
-0.0977649705826018 0.0852844448147971 -0.0426801122830504 -0.00968538358087868
-0.146139077125726 0.0626940483602751 -0.00116440888642311 0.0429147867869105
-0.162184336072739 0.0235492436724542 0.0285077837069292 -0.063453035496262
-0.156891386337618 0.0330461557289189 0.0970906407337649 0.0201560298010084
-0.131400145605526 0.0969497126814565 0.167158784524689 -0.00345286349894867
-0.0815686514141786 0.122989702210546 0.149215720637394 -0.0528133504187328
-0.0078990057340495 0.124774946963315 0.0903601578380167 -0.091288667764024
0.0325192361913783 0.10184309208351 0.0454690577681684 -0.0767924416381037
0.0610551293524958 0.0784281961190738 0.0174100340593527 -0.0533948051693199
0.0704104113583812 0.0511471553560127 0.00579434265807426 -0.023248520428028
0.0766096317806096 0.0527747951012384 -0.00465343531766613 0.00523653461236818
0.0546410237515825 0.0778675713364616 -0.0184706749950014 0.0299735373505623
0.0395377766961068 0.0954711705062562 -0.0547781074711813 0.0452766480446102
-0.00967342996255668 0.119295494619066 -0.0852846147407883 0.0155934029812999
-0.0583930775118464 0.122020285997598 -0.0790161190902383 -0.0342947308714344
-0.119350141627789 0.0729410318512544 -0.0231011920501532 -0.0281258069070887
-0.158564343853631 0.0389409607703197 0.0434116300452568 0.0256739836912486
-0.150272402989526 0.00626564303451841 0.0791601771672332 -0.0651762161715077
-0.160412079763143 0.0223126521028201 0.131304137932348 0.0119687276199582
-0.141063313319899 0.0947059241711519 0.171594546724082 -0.00173640954137947
-0.082957531630139 0.127098432929803 0.144776845004225 -0.0382095005238856
-0.00611638230719385 0.125136666375504 0.0905433396683542 -0.0593312110522793
0.0305026244631793 0.0992549311790139 0.0605185008833166 -0.0413817269768462
0.0549024279334089 0.080229170847971 0.0406440562442864 -0.0252851150471772
0.0626731926987222 0.0555124297068787 0.0269864707172915 -0.002321940000046
0.0636559876304313 0.0581701587706766 0.0159156853911558 0.0264414188931484
0.0371280441717557 0.0804570772378098 -0.00202056147173103 0.0529035156661293
0.0188705060899546 0.0932297916326057 -0.046942952407018 0.0651485452490951
-0.0319112716433971 0.109168947595923 -0.0801154128772387 0.0246989428923108
-0.0797935590058994 0.104461515252711 -0.0685150609356949 -0.0330417012581196
-0.129165648943539 0.0439921524047635 -0.00330142578649305 -0.0372231053853002
-0.148980529266406 0.00512459630838427 0.0843727398026188 0.0172200190082239
-0.108957862637789 -0.0124734987211126 0.112288719549641 -0.0684238599824343
-0.133904175398922 0.00564411508106878 0.147659012824967 -0.00399687162430505
-0.121300945878298 0.0739546665661926 0.157446788551254 -0.000717649911021445
-0.0697178993902874 0.103160435549189 0.129702211672243 -0.0191256706050347
-0.0063994395846884 0.099443855940697 0.0882565473215908 -0.0244543788211322
0.0206912556763089 0.078923777405317 0.0733203064269363 -0.00813969694776106
0.0386984060242256 0.0683179772885695 0.0600590640861177 0.000295923304328681
0.0453354886968581 0.0506185930520654 0.0442820196640879 0.0194473766619125
0.0431813452897633 0.0548868341677404 0.0291965696072544 0.049716969899808
0.0175133621592969 0.0711334296312385 0.00470143678791368 0.0756498812045816
-0.000253070384345436 0.0790602748907453 -0.0455214804871853 0.0823680812461392
-0.0478887514549175 0.0858493673382169 -0.0772205566411764 0.033734713308707
-0.0898817765632109 0.0736401331790127 -0.0570128917852495 -0.0247429139450703
-0.121709346406267 0.00849585627833779 0.0137391015347087 -0.0328070395937354
-0.118238335073662 -0.0286952459191586 0.116461699182783 0.0201907894230695
-0.0510387705372714 -0.0322319502935522 0.12240733534118 -0.0709717004774487
-0.0848762775477345 -0.0137420059137993 0.142260914725354 -0.0188704384838656
-0.0808249612762441 0.0384508657698207 0.131540013529063 0.00426405246105553
-0.0465837365105252 0.0579947581791868 0.111424270751753 0.000245071915166692
-0.0104723506586581 0.0571029853374639 0.0878580019356424 0.00361799641218647
0.00335893577148145 0.0480133714531499 0.0825684424321519 0.0148713431009753
0.0132198859741746 0.0468186079314384 0.0728690823084356 0.0191862125283845
0.0221510688974704 0.0380863300124341 0.0535301392248695 0.0362641247611705
0.0197053776408939 0.0407155602523216 0.0353612858022534 0.0704118574789197
0.00337719395012451 0.050008320957901 0.00346510894883843 0.0949312426640858
-0.00894142339270247 0.0551181957808097 -0.051240888874752 0.0959530950978732
-0.0468278594577455 0.0570660218349888 -0.0768039154129711 0.0433008522324026
-0.080640166010266 0.0398416629250047 -0.0500286721266049 -0.0104600013901689
-0.0946393525323301 -0.0203907062139006 0.0227919227179969 -0.0189604039240433
-0.0697221679814962 -0.0536813580538391 0.134803368116391 0.032438891874595
0.0175756841364646 0.0532040436965634 -0.150410597757431 -0.0432251841453178
0.0513712469312876 0.0211681072523128 -0.0484254774577798 0.01022552011714
0.0551379321431065 -0.0134672633032774 0.0488104415712896 -0.00325846558872212
0.0184083077929708 -0.0299485378203484 0.0836884188715761 -0.04731519868277
0.00338924747268388 -0.0131106092754099 0.0664745558898576 -0.111261592978188
0.0117812315352883 -0.012048397701095 0.00128980309833129 -0.129958810077649
0.0116327430813656 -0.025003219535458 -0.0438357515292483 -0.0964180648408674
0.00713274386201205 -0.0249103330279932 -0.0631596223739971 -0.0568774300634306
0.0167931785548364 -0.0237001250722853 -0.0795770458637424 -0.0308703528825962
0.0263312236706975 -0.0103661380055597 -0.0904250228975853 -0.0225567223517366
0.0242835939121634 -0.0017537276507404 -0.09417236325078 -0.0144782841508548
0.0255843797116662 -0.00208247702863987 -0.101251653277377 -0.0127945678681268
0.0440148860016106 0.0091955422934789 -0.107083235946023 -0.0143692818234393
0.0274104440302271 0.0414596704620814 -0.107171649324332 0.0320945818061108
-0.000722505417765876 0.0595227443582165 -0.10441560223123 0.0866573092800569
-0.046933882115226 0.0567738275565833 -0.125443817741163 -0.0556655626626203
-0.00577182416181708 0.031855935441738 -0.0237016970046899 0.00481151401615433
0.00805299715267822 0.0151467246088058 0.0743517087400064 -0.0148689061238397
-0.0104523357562793 0.00489582806990567 0.097943803908899 -0.0582645345344263
-0.00519192786887362 0.0237636210121083 0.0727569941370139 -0.119700081317953
0.0168130813871209 0.0235292564417187 0.00951446489116596 -0.134175454366675
0.0318604077799608 0.00635765932236352 -0.0367739740147519 -0.101843048411375
0.0329808153212464 -0.00287668251290008 -0.0557612851999531 -0.0600279424135941
0.0464521749796312 9.04581602211539E-06 -0.072123419645277 -0.0301139136843713
0.0470563777462612 0.0222191662531171 -0.0826377650168452 -0.0164643519538554
0.0380410239021223 0.0389816848858152 -0.0913844312222658 -0.00696485729639144
0.0156491825713947 0.0504136082631308 -0.100012925257055 -0.0105901433350027
0.0102432950247823 0.0565175024746224 -0.0997552998195704 -0.0208888020391314
-0.0240700427429257 0.0648441993035463 -0.0868906330871418 0.0259726414009112
-0.063086239714174 0.0725991032192699 -0.081347025236942 0.0792939700973217
-0.105648412402264 0.0529700865735113 -0.0842707078797812 -0.061201990800038
-0.0687948397984959 0.0379992227286854 0.0132484961091458 0.00999881750699567
-0.0462022135193582 0.0482279211902968 0.110575593268551 -0.0161025789003272
-0.0410693691763592 0.0493702818651301 0.119993411285964 -0.066449226713461
-0.00958200918216122 0.0651041619042005 0.079218510950016 -0.123292388181218
0.0233002332798142 0.0594156108362494 0.0177824456593544 -0.127818160498767
0.0482012861592988 0.0378138213488506 -0.0246620524790218 -0.095443484324412
0.0545612136053839 0.0186885069848242 -0.0401149631916658 -0.0541916754183287
0.0691490763474091 0.0210975529764329 -0.0540328636841555 -0.0223835229688706
0.0625595124657723 0.0485429345677924 -0.0649651763997623 -0.00396698231043274
0.0507948196774704 0.0687742285002148 -0.0827819727943254 0.0101775944155557
0.0127213844445248 0.091721966321576 -0.0990993515773362 -0.00148542705049685
-0.0136797409996034 0.0967028388195649 -0.0961826158566098 -0.0250848055241273
-0.0660229709352733 0.0833882177551334 -0.0661721011850824 0.0108163726074136
-0.113219242198479 0.076972511966685 -0.0447035880396567 0.0631247209755209
-0.148005720902498 0.0434364191053829 -0.0302122002898406 -0.0629303592162276
-0.125512241943367 0.0408907812643358 0.057241820014875 0.018091391451892
-0.0976314229743663 0.0816860469274766 0.147762311318105 -0.011966378196233
-0.0662336124968423 0.0961347233179416 0.141362817460207 -0.066768749159525
-0.00863493756189187 0.103945909121263 0.0849403199408068 -0.116652221880741
0.0306276534341261 0.0879217998375931 0.0298910098288055 -0.109203416643611
0.0600848745268437 0.0636111400828016 -0.00600936956764062 -0.0789710414691342
0.0685918369623024 0.0375777406508115 -0.0182402470129002 -0.0420851434312393
0.0808339088115957 0.038756862365089 -0.0296241892555008 -0.0100570823886468
0.0667174782804184 0.0671231872475419 -0.0415957793442794 0.0136214909103952
0.05351713764234 0.087672815109678 -0.0695280127657832 0.030164795177425
0.00816432713487471 0.116203435013281 -0.0952745818663259 0.00985158324734151
-0.0340092143606062 0.121743109768438 -0.0920229623734507 -0.0288242375851114
-0.098122124676668 0.090194704833663 -0.045598591930278 -0.0099810150514245
-0.147234053798972 0.0685094325872839 -0.000912471015618501 0.0424953701495065
-0.165260299696524 0.0290395625836232 0.0280671777131811 -0.0636949809031653
-0.160321748962626 0.0379186786142021 0.101640897580392 0.0190360502775154
-0.132782984722447 0.10050996079206 0.171582555792481 -0.00687808385709256
-0.0818643901117517 0.128493265046415 0.152703455909638 -0.0582521920903458
-0.00524417949313698 0.127500390429081 0.0897398370157099 -0.0955159951783805
0.0355886213203152 0.103413024340091 0.044614099281682 -0.0797055069647109
0.06427679714028 0.0781784751008209 0.0162755976364315 -0.0537506562174277
0.0718044937364364 0.0495488499177889 0.00538459010682205 -0.0235218932465798
0.0790276738547678 0.0512753962088017 -0.00470735259749815 0.0070916459017476
0.0584397653462373 0.0792218298438957 -0.0175281664328812 0.0328205357376711
0.0420327877171764 0.0967391760229951 -0.0553769669015934 0.0511205487476536
-0.006842845191531 0.123672247487623 -0.0895095251103544 0.020810551556059
-0.0563961180357414 0.125878090937007 -0.0853278864892292 -0.0307716161316757
-0.120303997644533 0.0778982632351127 -0.0263576818654071 -0.0292026280795088
-0.16115138251994 0.0446533980250591 0.0440824986847688 0.0236838518626937
-0.152632986562448 0.011365825252229 0.0794314867025391 -0.0668844583607671
-0.164180265693031 0.0273631686622606 0.135546543186335 0.00939664223610867
-0.142257464426065 0.10025239772124 0.176761660895151 -0.00621654797866041
-0.0833152742574401 0.132665967136226 0.149201413208085 -0.0421432062849157
-0.0032502908885801 0.127975778023186 0.0906248135086756 -0.0627066402809949
0.0339964987278063 0.100416002845363 0.060888504173664 -0.0436733670071785
0.0586742095727427 0.0800029484831593 0.0403433299138498 -0.0266446568908074
0.0645087628879115 0.054366287546766 0.0280370752846401 -0.00197352695130298
0.0654656451528808 0.0576424117218226 0.0164524392560618 0.0285671322092242
0.0402047891857131 0.0823739428073911 -0.0006134372943738 0.0559909410615671
0.0207072088599631 0.0938421093771434 -0.0465540804407471 0.0708397935436071
-0.0306428908467739 0.113292315999655 -0.0834369037128048 0.0307290455777745
-0.078434914058255 0.108490053698738 -0.0741547031441765 -0.0295784735345834
-0.13142977642468 0.0486759119394834 -0.00603578659915691 -0.0384124601884798
-0.152179651776549 0.00983748302783753 0.0855190207460751 0.0141924433920014
-0.112828986739725 -0.0089023929201783 0.113886776583096 -0.0706759504367697
-0.137464815777783 0.0101734393528266 0.151733972909842 -0.00657584100384734
-0.121773366068409 0.0790773595907218 0.162455395727922 -0.00463872960686867
-0.0690073324013677 0.10843349866337 0.133617014579898 -0.0221997974278595
-0.00387903884791451 0.101558068650568 0.0907209287357654 -0.0269306074434448
0.0230374406082643 0.080242599331407 0.0758917746011328 -0.0103187251274967
0.0412746069099872 0.0682952228325817 0.0609201212061059 -0.000955119512478214
0.047304893805362 0.0499206369913478 0.0453840060898774 0.0192770636322334
0.0448473562924561 0.0541393430244438 0.0305749438737641 0.0513462823040534
0.0199471155102832 0.072406819596679 0.0068015836853219 0.0794409368404321
0.00138031799352218 0.0807948872902404 -0.0456476385997253 0.0885776812726183
-0.0469560208719775 0.0898913735967232 -0.0801546162447713 0.0396328809428211
-0.0897138878195551 0.0774493529055194 -0.062086276595553 -0.0222222533934088
-0.124706010763965 0.0133982622455922 0.0120895885477891 -0.0342476301677542
-0.122601646781512 -0.0255370622095261 0.118846785135507 0.0169239597278771
-0.0533223877027899 -0.030817928491353 0.124060770269563 -0.0741553282010591
-0.0871700737980036 -0.0110713293872935 0.146599349452913 -0.0226293045085423
-0.0805332693471971 0.0420064724776776 0.136304779386907 0.00121217753697601
-0.0459647020091559 0.0609773357757721 0.115348361708828 -0.00251124907467464
-0.00956306719625578 0.058354548191426 0.0904057967253535 0.000772817082654599
0.00485464914734943 0.0483986945387026 0.0851835498121361 0.0127800473100469
0.0147597177141245 0.0472086113119892 0.074099881354798 0.0181767457695058
0.0229908558925324 0.0375913315802845 0.0544057616883973 0.0367407965729485
0.0206187436828688 0.0405727393341623 0.0370877596168356 0.0722686853966918
0.00482443456794402 0.0507834349361975 0.00579464981048476 0.097915805308232
-0.00776432524115827 0.0562426316666117 -0.0502562505456537 0.101500275075453
-0.0462113769009363 0.0606886153124319 -0.0791304331683783 0.0483797607839378
-0.0805018090737093 0.043369855155212 -0.0545972448817478 -0.00800142723487473
-0.0976091497837301 -0.01708881463021 0.0217021406739849 -0.0197200984871562
-0.0736752357738653 -0.0522079569450024 0.138460505102621 0.0293061596777747
0.0241488371592574 0.0498007644782748 -0.155846622505341 -0.0229849230589775
0.0532621704665881 0.0129606512092848 -0.0464701002957952 0.0186014068780784
0.0519115793508494 -0.0226569591586877 0.0495622803985168 -0.00658577958244834
0.0135765600628181 -0.0334770060524815 0.0801799961389931 -0.057640017879399
0.00262638213378817 -0.0152492868732104 0.0530095479564867 -0.120799656917257
0.00799925286488874 -0.0160396942743734 -0.0154782922001146 -0.128509731534895
0.00615842699851928 -0.0275264741583497 -0.0560105124218133 -0.0897602712221092
0.00215265913674457 -0.024430481379026 -0.0681769028794532 -0.0493459835551249
0.0121897704404199 -0.0251104007000679 -0.0825353988788586 -0.0210911434019225
0.0243117617910609 -0.0135949212896091 -0.0942142008566865 -0.0117882446811718
0.023409204581843 -0.0045443795667942 -0.0962387678265335 -0.00263607148512121
0.0252962588263091 -0.00415803582211236 -0.103904443329675 -0.00107615263339379
0.0447984766298355 0.00431030807279599 -0.111677103707585 -0.00320903160807948
0.0345884629452438 0.0377467501631453 -0.104994637606703 0.0411239941421559
0.00894756757783821 0.059458489248692 -0.0941128941830287 0.0948803381342084
-0.0395255963715194 0.0637953712378481 -0.131323212016809 -0.0408051970103554
-0.00166379545334252 0.0321697417874766 -0.0226451559675642 0.00662405765405466
0.0102090871718594 0.0119793602865362 0.0721567219369186 -0.0242738922703345
-0.00980853613584226 0.00559406955336268 0.0918814761969442 -0.072710347436737
-0.00140500000991906 0.022172611250898 0.0561002128231707 -0.130704108042729
0.0184105220495027 0.0186496333277664 -0.0100574638860568 -0.133612995384227
0.0305111351558415 0.0012393629859035 -0.051377689156334 -0.0962955165538451
0.0303811369435508 -0.00595272934732539 -0.0621250096923537 -0.0528290289604579
0.0446704215946872 -0.00571507669343282 -0.0749162536382541 -0.0202704444583889
0.0506856060614856 0.017242296936953 -0.085505394397794 -0.00660185911735121
0.0428980651566513 0.0342682326930566 -0.0930517442497128 0.00460041352682202
0.0228827437218495 0.0505714108026618 -0.102952986940577 7.04612502291373E-05
0.0170285041378926 0.0555192588018622 -0.104825927334972 -0.0105858988872017
-0.014358044458653 0.0680179815564555 -0.0843063584693086 0.0339460608018081
-0.0530948780109724 0.0797666255988241 -0.0712895824930901 0.0862954242770154
-0.0976779906049685 0.0687703313921572 -0.0896987164175908 -0.053957648302607
-0.0622997815335972 0.0478174430923017 0.0152601903260063 0.00496149207253295
-0.0374394044055519 0.0529024923913164 0.107818871394324 -0.0347463999208137
-0.0329502730985386 0.0542477190127488 0.110773101926423 -0.0858846880973682
-0.000232055277899639 0.0632255315240648 0.0593152840575133 -0.135233534628908
0.029387398694219 0.0526128744941484 -0.00154289747644693 -0.128525352589711
0.0522602497614841 0.029982841896797 -0.039346765485507 -0.0920196028298964
0.0547033765178133 0.0126774322891442 -0.0456441754325687 -0.0486789046975391
0.0706450184134727 0.0119973125669814 -0.0560289413123593 -0.0149472233345883
0.0693224393396288 0.0410768166130489 -0.0669457184635635 0.00489105837240556
0.0594090235884081 0.0628310355508103 -0.0829827568969701 0.0205378094408028
0.0264346570170367 0.0927707147298965 -0.101009315303846 0.00853731928186405
-0.00167187092119301 0.0987822374741026 -0.100226738958027 -0.0155427034119541
-0.0540880197491051 0.0928272019602468 -0.0642591919198355 0.0171315958607713
-0.102839176565058 0.0908969177440555 -0.0356933294345832 0.0679969384557716
-0.140075805067975 0.0654830456886363 -0.0355671523139707 -0.0633695575266848
-0.116772105293725 0.0602575910893192 0.061242499979805 0.0044657472346967
-0.082768979216407 0.0927340043926198 0.144375500279171 -0.0385964352761942
-0.0504474551278352 0.10450226655001 0.130409040088364 -0.0920125925102855
0.0062296017886919 0.101475991617463 0.0648194044812476 -0.129008636297477
0.0409506817280637 0.0804276612393748 0.011282718506744 -0.111545916605181
0.0689207817425459 0.0542357720244717 -0.0193418806365645 -0.0785524227712852
0.0701206761705539 0.0288065453487804 -0.0236010526223033 -0.038080872053871
0.0848975092861063 0.0276515357630552 -0.0304403383262341 -0.00516848568870794
0.0766709109686298 0.0590548150376789 -0.0411858480533435 0.018879267653393
0.0647027990528617 0.0807291565111126 -0.0677233910326766 0.039438480595816
0.0245434936994593 0.117623517653373 -0.0959400808778465 0.0202063322179664
-0.0184429000898415 0.126459725989557 -0.0963203452195473 -0.0193677460976712
-0.0861936421632902 0.103026859381194 -0.0459937038519927 -0.004380165131697
-0.138903861465411 0.0864594114921146 0.00599815887338319 0.0440012532081571
-0.159450234410345 0.0536258481605408 0.022658592348662 -0.0729271808933542
-0.151383886264498 0.0624643525826104 0.105974046105191 -0.00192807542442478
-0.114519515296902 0.118617836298422 0.167885523769118 -0.0399284590697412
-0.0600177342283355 0.138903046653124 0.141825730769413 -0.0864589266158142
0.0128959356081366 0.124607194569876 0.0712956404360376 -0.10844098457108
0.0488022769370777 0.0946813176976383 0.0293210102391509 -0.0851142629841291
0.0766469381272483 0.0682334578528824 0.00561367109384063 -0.0572670253972438
0.0760967251511279 0.040406496343631 0.00198598699607462 -0.0222713247366203
0.085184506701982 0.0401517560018553 -0.00382656051054573 0.00947481167327772
0.0697924714307803 0.0718300939353329 -0.0155659483482407 0.0361264233059149
0.0545966409605486 0.0909833180840145 -0.0507507907978419 0.0588021594517626
0.0107416300347467 0.126702537961158 -0.0888315410592875 0.0305040128468328
-0.0395199855657978 0.133169252431936 -0.0889410289660636 -0.0216988213797622
-0.110652171039618 0.094241347949225 -0.0283852813801178 -0.0240913192580962
-0.155833495432324 0.0638102030630981 0.0490164123261293 0.0216329079533822
-0.149541960993495 0.0339106675985417 0.0739148596037289 -0.081552360963538
-0.156618279402051 0.0520270374552279 0.139522449179302 -0.0164080037488645
-0.123046719151059 0.119158606066196 0.173798251745225 -0.039728116009647
-0.0603137270876767 0.143905645265506 0.139353137394972 -0.0701588820340844
0.0156357109020364 0.124770562580238 0.0767308991503929 -0.0763794337028446
0.0470446263733137 0.0925722779500764 0.0506592211777998 -0.0518039317649432
0.0716650290376598 0.0714375834665561 0.0333576396966284 -0.0333717559400477
0.0697977989099708 0.0448908192515954 0.0266082575319811 -0.00355553721791785
0.0729463094417269 0.0477232752254078 0.0187346568968044 0.0285249415815986
0.0523897407091208 0.0771532317036593 0.00426871176787845 0.0568787881566067
0.0342945907271449 0.0917044359228507 -0.0395770171622382 0.0771085805620039
-0.0138183745198419 0.120245595056564 -0.0812423720144334 0.0394406885311711
-0.0641820743032985 0.119350518285492 -0.0770838375430013 -0.0210948391657152
-0.125073647533195 0.0665509549256094 -0.00949225519318386 -0.0348874503759675
-0.152183082874177 0.0277994140961312 0.0878395392226622 0.00874875144591867
-0.112211998243755 0.00688027564380001 0.106566615899734 -0.0877101638530253
-0.132106343721034 0.0304258433699019 0.15295984678618 -0.033573530399042
-0.106727604190069 0.0956289693164643 0.160301915868641 -0.0349486132516
-0.0500484282210935 0.11703987120529 0.127674405442792 -0.0471463016831129
0.0122905399962215 0.0999193344229521 0.0820557244546838 -0.0405467972393638
0.034656611125914 0.0741914866186446 0.070415301744967 -0.0204594637045203
0.0530479593741525 0.0613425661967566 0.057601147115547 -0.0108779149666808
0.053109987578991 0.0430625701649996 0.0458448230671761 0.0156589377393066
0.0521229312021717 0.0474496620929709 0.035327626021287 0.049640897985331
0.0310160766559857 0.0698462216630036 0.0144976645189958 0.0791326745188625
0.0130203956863587 0.0801726858939472 -0.0367401309343007 0.0938751045546584
-0.0334305305797828 0.0985727328202418 -0.0763670845153862 0.0480119771388287
-0.0786054006049326 0.0895866362096427 -0.0644877873529649 -0.0146227305159148
-0.122806336047878 0.0301066261312194 0.00818262904440762 -0.0323039940026238
-0.12641107662105 -0.0112173535551175 0.120031013957724 0.00750377777587308
-0.0573548196775133 -0.0240441364042246 0.116171517513701 -0.0892619019593522
-0.0862931815947676 0.00130895145844021 0.145478275241674 -0.044942217061016
-0.0714506514686975 0.0527748701258429 0.136486091390921 -0.0219633164846024
-0.0343023012847555 0.0676387634925405 0.115260082821742 -0.0233247257779134
0.00129913798399836 0.0570050814285533 0.0882102035513166 -0.0130538364587726
0.0128905689791954 0.0456122716818054 0.0843754067006487 0.000356157541112849
0.0233099374181313 0.0443184360526356 0.0740461574527146 0.00678181163251354
0.0276882296806944 0.0332849604710933 0.0577396626288377 0.0314825723906293
0.0271666568028588 0.0370575672185129 0.0445700177765373 0.0695850716070927
0.0130042995850083 0.0504816208966849 0.0153020739264286 0.0980549978608159
0.00150179856059767 0.0572525199771323 -0.0401460418323331 0.107806272147764
-0.0367475856983994 0.0686042217173243 -0.0744871798554756 0.0572858196198589
-0.0735852728192027 0.054400177511842 -0.0554333462603253 -0.000673574687160922
-0.0993363529880884 -0.00385554954661401 0.018736442607692 -0.0192734801228887
-0.0808402869245049 -0.0447489528726564 0.140186795745536 0.0176741497307259
0.0249752221399447 0.0474905740144006 -0.154362427822519 -0.0198655311955438
0.0526471108207658 0.0117565827406511 -0.0452331912280733 0.018739346905776
0.049713261084835 -0.0234323965934782 0.0511103177044713 -0.00715634301867111
0.0129780588221836 -0.0326878716462943 0.0808531437447353 -0.0593576341864548
0.00315695277117496 -0.0138005295102266 0.0510602464266553 -0.122202694954302
0.00807141569546145 -0.0153050262488117 -0.0170892684893749 -0.127573245475046
0.0050016815460976 -0.0272663683523869 -0.0564842403121727 -0.0889928415877137
0.00159905974723523 -0.0236009987979121 -0.0680458993065369 -0.0495926565057031
0.0112534718405233 -0.0244935766180116 -0.08143852120179 -0.019991009552705
0.0240108326343032 -0.0133120658957048 -0.0935552288376262 -0.00930409206392122
0.0233099141182585 -0.00472744299296762 -0.096048857765861 -0.000495950693655258
0.024704483322956 -0.00448656819131449 -0.103967218721128 0.000756810482473465
0.0437831945151894 0.00296094801965817 -0.112680683174484 -0.00159169374124431
0.0352038456946328 0.0364332909771133 -0.105077621767371 0.0406914025935095
0.0101491197526561 0.0572186693055441 -0.0924298805226086 0.0938363042551389
-0.0373940048695364 0.0623807278979739 -0.130313439850082 -0.0383629103841021
-0.0013304483053929 0.0315476124912922 -0.0215233165744346 0.00727551885431848
0.00871154554222896 0.0113683096930213 0.0731871027858357 -0.0249414672332629
-0.0103886541059542 0.00640083994161294 0.0919291362300316 -0.0739710563591092
-0.000727610073303069 0.0231579675506067 0.054347018171558 -0.131306470311154
0.0181456944015231 0.018963272932575 -0.0112227089194473 -0.132387505266187
0.0296396345966858 0.000989808171786823 -0.0516709029144278 -0.095106959686003
0.0297677285720806 -0.00559637867566209 -0.061472071195086 -0.0526481427435563
0.0439506974584532 -0.00546907550099505 -0.0735348206225884 -0.0190380523513627
0.0498880175124155 0.0161656217799322 -0.0852276471548015 -0.00428941220382447
0.0429867464853023 0.0336692073516096 -0.0926059466523192 0.00709775596142103
0.023247162774269 0.0507100650230775 -0.103095355985759 0.00250125105557116
0.0168434863845991 0.0541525743028775 -0.10587394574314 -0.00843248665945985
-0.013212657432368 0.0671180781189397 -0.0847604569711272 0.0333119648602614
-0.0499966528483325 0.0785536537753733 -0.0703673872620279 0.0848031245345199
-0.0951460071253709 0.0684487686581778 -0.089110626449636 -0.0516632086237295
-0.062048892812252 0.0480988619927934 0.0163930367310843 0.00438202133016622
-0.0380610985500673 0.0517755275668961 0.107868916515831 -0.0352345987850098
-0.0335637641228049 0.0552704684240528 0.111426529285943 -0.0870276828416579
-9.45131141656015E-05 0.0639700231711683 0.0575972286419031 -0.134595467291687
0.0296622988611095 0.0531112252161542 -0.00295864653428472 -0.127467057656104
0.051820467281405 0.0300192338394276 -0.0394552028719066 -0.090490497634071
0.0533219418704615 0.0123912532066691 -0.0454804864320758 -0.0488706335728412
0.0694900157583053 0.0113356750081658 -0.0550779597373966 -0.0134366081682928
0.0694543023991094 0.040153769637027 -0.0657658647848825 0.00712696057399686
0.0592723327289342 0.0615022622255288 -0.0820757438858004 0.0236725166883267
0.0273118256337635 0.0920263291916649 -0.101402845509386 0.0120581691527709
-0.000987748521381698 0.097612767708442 -0.102520738256724 -0.0126936425813869
-0.0528036076885893 0.092399686159235 -0.0655372889764112 0.0168626637601649
-0.100167003014084 0.0907904769510784 -0.0349977105815638 0.0660274668867628
-0.13756372017036 0.0659876528871907 -0.0352158407246102 -0.0622083176070964
-0.116035299610514 0.0608208848957161 0.0619554716989638 0.00374094626333046
-0.082018646860937 0.0921059804487359 0.143320054283908 -0.0393643120262338
-0.050021464962564 0.105838354087224 0.130461863504889 -0.0935184677625016
0.00709031343572708 0.101537230086765 0.0627701248438665 -0.128670111311364
0.0416902900503253 0.0795928519152218 0.0100992599999907 -0.111016705211256
0.0687588963025964 0.0527767290292139 -0.0200453371376817 -0.0764761142362527
0.069269866371814 0.0280797072958343 -0.0231339179429886 -0.0377424548387932
0.0836405739642396 0.026615159272588 -0.0300534455017152 -0.00368983228151877
0.0772742856658142 0.0579966207981245 -0.040216931587212 0.0207780227317234
0.0648414979468485 0.0795777633575416 -0.0657157897827747 0.0425536683872602
0.0263602492387337 0.117132788352297 -0.0961037109243909 0.0239755030525667
-0.0172437077239614 0.125477587160052 -0.098135172567184 -0.0160840251076007
-0.0839060965695348 0.103731730101008 -0.047612266700196 -0.00474431317049804
-0.135707547720188 0.0869280926382427 0.00520041823227695 0.0417907523977867
-0.156622579910212 0.0556452307702354 0.0226904669528722 -0.0721493794650119
-0.149978083721653 0.0637588430930347 0.106167113266429 -0.0026903823423088
-0.113027475981045 0.118452914588784 0.167819704610262 -0.0409385822454599
-0.0591695784026839 0.140126035203005 0.141745823754381 -0.0876340539352319
0.014105617222192 0.124120585003052 0.0687484603526359 -0.107793881407169
0.0490460271001577 0.0939612128709422 0.0284280850611758 -0.0849900799809958
0.0767186161132851 0.066383655881104 0.00443638059413744 -0.0555197984578339
0.0746177728031276 0.0390741718719827 0.00249246680935601 -0.0219207782688363
0.0837822563131305 0.0388776564300577 -0.00329852595297556 0.0104643380683891
0.0710445974779209 0.0707541708219662 -0.0145263353672054 0.0374183565932866
0.0551182217617973 0.0893709055941146 -0.0490493317315476 0.0616559137990262
0.0124114825720333 0.126732333246796 -0.0885172740912833 0.0349297215120986
-0.0379884933347117 0.13228818013042 -0.0910510604982761 -0.018246029007938
-0.109023595357992 0.095463633038937 -0.0303337662604424 -0.0241562608315942
-0.153132153900175 0.0654744852976007 0.0473444000270153 0.0197018167972573
-0.146904662054999 0.0358432090234525 0.0728605547988923 -0.080948347923556
-0.154978641913785 0.0542407926325386 0.138987881232066 -0.0177391627015911
-0.12089260860202 0.119166386618369 0.172913578433561 -0.0407060599948139
-0.0588841216312494 0.145287656368212 0.139533603367267 -0.0717724469841688
0.01701288888348 0.123932172127869 0.0751496581614245 -0.075766784922896
0.0476557214694051 0.0912808957744543 0.0498571957767024 -0.0523128968380597
0.0721173923043019 0.0688504962427678 0.0319499920831897 -0.0324676057757657
0.0689047120530772 0.0442260079387619 0.026809726964155 -0.00346203325259753
0.0722858875921593 0.0463209888814094 0.0195050923885964 0.0295610060416567
0.0532054393073296 0.0757671208806599 0.00546801085116219 0.0576557848034958
0.0345250612309385 0.0903004728191858 -0.0378708453839566 0.0798058797983709
-0.0119118887012776 0.120255282980202 -0.0813443688578378 0.0436336770337161
-0.0624481046536548 0.11825327630294 -0.0795883160056193 -0.0174334814356359
-0.123628572863278 0.0683401014965502 -0.0114483821878252 -0.0350618964334133
-0.150384824483019 0.0305642456143084 0.0863965833079163 0.00645224739666494
-0.110840102983366 0.00923304666327742 0.105810742588955 -0.0872102620150079
-0.13117604881851 0.0328429341088399 0.152835281876649 -0.034366034289419
-0.104715582460518 0.0958552796961494 0.159405188548441 -0.0355879233190363
-0.0483353734615164 0.118322006142564 0.127388118515389 -0.0490500229419281
0.0134071309318123 0.0984380536842386 0.080571145539558 -0.040405997591812
0.0351547954369159 0.0732184998732122 0.0701688860905856 -0.0218996712033059
0.0534474199354014 0.0603315064801841 0.0563809093616464 -0.0103511104023997
0.0520886355366454 0.0416761740205464 0.0459524019714137 0.0157501043749473
0.0516707941935999 0.0462973233785036 0.0356926727139819 0.0501063802255899
0.0325100773729181 0.0694590882114468 0.0156255724311773 0.0794941034333077
0.0133760166903669 0.0790872001903828 -0.0349938598377532 0.0964231975915551
-0.0317393894355347 0.0989393372994399 -0.0766490493148827 0.0516464215575596
-0.0764446733751928 0.089456881097653 -0.0660206030748049 -0.0110004045637885
-0.12096132814711 0.0320533558365651 0.00672711018157345 -0.0326053095278335
-0.125911945150872 -0.00902279927390255 0.118432407425385 0.00538777809132387
-0.0575097087740921 -0.0221821998961718 0.115239721700372 -0.0890325292479717
-0.0861540310500986 0.00327188747553861 0.145228292652077 -0.0453839569493161
-0.0701286068354301 0.0536362320854196 0.136818114453011 -0.0235047676550673
-0.0330755887185505 0.0680481314023051 0.114951378464454 -0.0245280609240332
0.00227597979534173 0.0564697457983974 0.0871496413690764 -0.0135009324724873
0.0128750352149761 0.0446833494660564 0.0847218154914568 -0.0011731797720581
0.023866232151641 0.0433441039104193 0.0729296969609388 0.00582720682399167
0.0276654011427105 0.0326808086720446 0.057442842169881 0.0314661519895308
0.0267401948763405 0.0358105921807112 0.043905453715385 0.0695082615655748
0.0139480757848737 0.0493417781972234 0.0164106388958201 0.0981866413912556
0.00216844419124157 0.0560298463249589 -0.0386642943038285 0.109064047476818
-0.0346184409219126 0.0686115769862528 -0.0745642422296382 0.0598424316946769
-0.0716161275266446 0.0544260944708119 -0.056662105058386 0.00129868459104973
-0.0981418386267294 -0.00156577067833835 0.0174259484849663 -0.0193065526842579
-0.0815646147896324 -0.0416509108444818 0.138317205888119 0.0149072797234256
0.0251443349891527 0.0458636236847893 -0.154661915915138 -0.0206634113513223
0.0524466027052694 0.0122477446435079 -0.044539997317671 0.0184613828618601
0.048986521053083 -0.0224027030374138 0.0532808107695228 -0.00742073915519149
0.012487698865029 -0.0321185458689825 0.0837546760106562 -0.0595293461469632
0.0035015601778576 -0.0133567730437595 0.0529189315964786 -0.122698397898899
0.0082992951233646 -0.0150056570194643 -0.0164131002333775 -0.128298402985689
0.0041931315526518 -0.0263724397010725 -0.0554259912698115 -0.090628292317841
0.00175023037802711 -0.0226733390028613 -0.0673830304636344 -0.0517366586628092
0.0111030040531565 -0.0239072296156773 -0.080354494763137 -0.0206072099651929
0.0236305782221971 -0.0137380068098949 -0.0931590203960197 -0.00977452993757059
0.0236025634056527 -0.00491272932310428 -0.0966120674027336 -0.000957479581804167
0.0249083464866151 -0.00394757875611601 -0.104358192193247 0.000673934664377465
0.042632592572632 0.00302709046280037 -0.115096702592379 -0.00225356768863537
0.0353655891826267 0.0354088557896412 -0.107178433250752 0.0382447274291793
0.0106929496500279 0.0555956498212936 -0.0938470958679494 0.0908690921712768
-0.037249754802425 0.0604574959609835 -0.130051009924747 -0.0388771076508316
-0.00215426378851143 0.0309499513045041 -0.0210459337182211 0.00647586651418
0.00755550873159149 0.0114767384038865 0.0753589403811134 -0.0241695036745323
-0.0121465450320755 0.0076642949517143 0.0951550403179546 -0.0741009256974828
-0.000838429301994053 0.02437077369402 0.0564282777297255 -0.130698622929916
0.0181966245932185 0.0201282830932417 -0.0104767094439782 -0.132817158369247
0.0287396355078181 0.00203154133522368 -0.0501704678311564 -0.095332009428626
0.0292493152916263 -0.00425357976086798 -0.0601762460285358 -0.0547965842133673
0.043580648649965 -0.00494637676711364 -0.0725584948833357 -0.0199041231534122
0.0500727688051239 0.0167191558354138 -0.0846722231419696 -0.00370871523015571
0.0425013671900146 0.0334909646008196 -0.0929813189439902 0.00754528512089011
0.0228652268099814 0.051106149613528 -0.103907082843164 0.00290667281393834
0.0155009414789919 0.0543231093005233 -0.108426554020518 -0.00909591465861481
-0.0135669755154011 0.0663409630702712 -0.0870510581789725 0.0313597633746245
-0.0500491970993205 0.0769776196244849 -0.0717950057151047 0.0826115521287551
-0.0943978902872619 0.0664145334336297 -0.0885634148699319 -0.0520548177153757
-0.0627709920358766 0.046554335428438 0.017080928304378 0.00449507735542638
-0.0397563595697109 0.0508589834905484 0.109940531864233 -0.0342005923371421
-0.0352677568941248 0.0561078922102032 0.11412193485771 -0.0868088001687183
-0.000182781887119749 0.0654164059868919 0.0596250476095595 -0.134692093147939
0.0293631118767833 0.054338096797527 -0.00183275673177313 -0.127418829153091
0.0505810355869293 0.0302938298735254 -0.0383764518502762 -0.0902360478996905
0.0529930737032971 0.0139821448567128 -0.044378080594178 -0.0502638640074593
0.0688025578057249 0.0126462343378354 -0.0540813872042156 -0.0134932720526354
0.0697840095476822 0.0406331673974746 -0.0656879761097189 0.00760379687266932
0.0587538502787852 0.062737443094605 -0.0819660733485197 0.0248774742409828
0.0268609022030071 0.093065125227733 -0.102442071926165 0.0133939001919697
-0.00302683197827679 0.0979948564202647 -0.10451326967905 -0.0123365683852992
-0.0539877431904202 0.0914715097587929 -0.0672402738965893 0.0151856397102855
-0.100394915240053 0.089083504021203 -0.0369082542071302 0.0643597699352816
-0.136940586754698 0.0645327573637422 -0.0343318127528834 -0.0621697474113424
-0.117336831111012 0.0595561925944917 0.0624173310597449 0.00465251484104054
-0.0842840826256742 0.0904684709392098 0.145323582905825 -0.0375709362256169
-0.0517935501800634 0.106536107011871 0.132938173231268 -0.0927473520817379
0.00543325453061645 0.102080974590197 0.064297655821506 -0.127690595907128
0.0409875168585391 0.081222217798109 0.0111811383870142 -0.111267023896616
0.0676468386124105 0.0529161255448057 -0.0194667032105314 -0.0757210635713274
0.0688251172613721 0.0296400844039796 -0.0218756522768791 -0.0389892119366109
0.0819977197123523 0.0278484304369253 -0.0287782011293144 -0.00375361099047563
0.0777796406338111 0.0590688492384888 -0.0398905955655838 0.0216771604291142
0.0637238394748471 0.0807682148474511 -0.0661781860291071 0.0443658145575425
0.0253150003819912 0.118391183188984 -0.0972238804934062 0.0262930980675548
-0.018592279890996 0.124936218352464 -0.100607437886744 -0.0149104841157622
-0.0855799827889416 0.103153978012698 -0.0501155715587251 -0.0058610234005833
-0.136055409682305 0.0854878362456469 0.0037417056103346 0.040715194187064
-0.155910499674846 0.053752334006134 0.0237907151660658 -0.0709938482668303
-0.150783912929909 0.0628064341881906 0.10655664370324 -0.0019150324937848
-0.115000919745955 0.11603973127599 0.169874519183457 -0.0395069281581229
-0.0612326402987421 0.141164261886251 0.144093322684541 -0.087490875072036
0.0125235562224178 0.124860415423416 0.0703923486999509 -0.106662448215048
0.048075225825118 0.0950822061927697 0.0295536889977317 -0.0845003335735408
0.075553895479533 0.0669718481625711 0.00542576009691548 -0.0545734005924753
0.0738147990377508 0.0408581185521737 0.00309935916958624 -0.0224008071679588
0.0821464588644635 0.040055978144469 -0.00298345879826979 0.0115083635295425
0.0708821024524984 0.0712580687015855 -0.0151767724954214 0.0388094589652041
0.0536897717729818 0.0904342028661135 -0.0489186922265073 0.0637436450254593
0.0113418219308892 0.12777031881897 -0.0896276486741997 0.0369958539156958
-0.04033781631526 0.132100016447212 -0.0930457930648514 -0.0163292330752048
-0.109985098127788 0.0945376317442775 -0.0323659259184936 -0.0248171706778928
-0.153360347699761 0.0642478840784361 0.0461954783534185 0.0194141801020593
-0.146926161820515 0.0349687608575621 0.0739793461730894 -0.0795174996496666
-0.156376968918356 0.0535862601583458 0.140141503126334 -0.0162785990078203
-0.123595314544236 0.117810795173159 0.174745383909443 -0.0381489392524582
-0.0601992207153292 0.146652005172588 0.141968204504678 -0.0716523925919049
0.0153546734915548 0.124269599009661 0.0761121632681442 -0.0748510591382856
0.0469819509493026 0.0925487745334941 0.0504034531861616 -0.052492870871727
0.070909966060087 0.0686552844931923 0.0322640565759437 -0.0303847113758542
0.0678078122913339 0.0452491894575093 0.0271440736015563 -0.00274844181882066
0.0705693310678231 0.0467493657526569 0.0192751673440974 0.0306306975458666
0.053207251356652 0.0770463856370505 0.00489981071378701 0.0591851128432115
0.0331726648734989 0.0910432644023561 -0.0383012255887636 0.0823108476794974
-0.0126463193979809 0.121035482882984 -0.0828979663038665 0.0462799792086051
-0.0637430294996382 0.117636672772427 -0.081471429867216 -0.0160293266834035
-0.12376604716692 0.0680432623062501 -0.0126060912064223 -0.0353433630581332
-0.150523407823038 0.0291971790865423 0.0848663238794593 0.00677009691884565
-0.111184017124605 0.00909844269588754 0.107440770930405 -0.0853462074400627
-0.132025448069023 0.0327190284409157 0.154231073198108 -0.0327018771874641
-0.10584142387967 0.0948587214121598 0.162011482620657 -0.0339598388582837
-0.0493571751627754 0.119381826580942 0.129788558727314 -0.0485284704701727
0.0124333047089518 0.0990061943600921 0.0813372256645648 -0.0390511289442335
0.0342228989662558 0.0739186750031626 0.0707001798526933 -0.0217860843740523
0.052862376480522 0.0597142672704303 0.056271495164424 -0.00826490118299085
0.0516713344077403 0.0420364907695221 0.0456614492276849 0.0164027571367857
0.0504038382132869 0.0461961644606123 0.0346080730122153 0.0517531986662615
0.0319522174535622 0.0694008123176001 0.0147211502189091 0.0805157418993946
0.0121574411822766 0.0790123990851269 -0.0357201330677333 0.0985543736751082
-0.031921449040467 0.0989485961684932 -0.078446096010262 0.0541186532317066
-0.0773868060570576 0.088190710115901 -0.0681840740462524 -0.00995083133484507
-0.120795572137104 0.0316538116918703 0.00526227067331317 -0.0323638751751608
-0.125796685242626 -0.00931628314714601 0.117518330014036 0.00594765938413745
-0.0570860142848872 -0.0227294925514402 0.116844477449352 -0.0863767549231525
-0.0862666763835826 0.00352797497953295 0.146481764121261 -0.0440654013440332
-0.0707113154045224 0.0527905724888587 0.138566656018456 -0.0216655082223294
-0.0335906371584555 0.0688760199052402 0.116974208552872 -0.0247760878429151
0.00242687815649265 0.0566918819711756 0.0881478253377227 -0.0126682707424061
0.0119873858722918 0.0442947570612487 0.0847971981042412 -0.000844081192650605
0.0242937406451808 0.042978777337096 0.0722796301793443 0.007268668162895
0.0268736852209095 0.0325825254695096 0.0568131387684666 0.0333407369566395
0.0260351698020334 0.0352418051298929 0.0430765082024655 0.0714415269548291
0.0138241565298525 0.048854727733799 0.0146975116592286 0.098825486077349
0.00172057064982829 0.0552440719043501 -0.0395337430424786 0.110683402684443
-0.0345640214229825 0.0692480827856405 -0.0762926048036199 0.0611532728966818
-0.0717345769172389 0.0539808100023382 -0.0583851585444856 0.00287571780676809
-0.0975300918321754 -0.00160938684436415 0.016140875494901 -0.018833836350358
-0.081799721046234 -0.042062891032494 0.137877497345377 0.0157805267098704
0.0254352665459288 0.0457695352676094 -0.157358661185242 -0.0235810696329816
0.0531477941308533 0.0125191930663359 -0.0451582009576974 0.0185846253320392
0.0496925842313028 -0.0221073391260241 0.0567050939484506 -0.00676121541097342
0.0129116373186167 -0.0317027067406355 0.0888572398222152 -0.0615625550967485
0.00458031872068008 -0.0130172549056838 0.0570287391103152 -0.12639513526565
0.00886712855338968 -0.0143845121622633 -0.0143074612078191 -0.131810262248451
0.00408162879333661 -0.026253794463669 -0.0547061494560306 -0.0943416442756572
0.00203926611961197 -0.02194041320104 -0.0679079689015704 -0.0559498298566229
0.0120761637093647 -0.0234001826149205 -0.0815091394046879 -0.0233124252064096
0.0240014483740544 -0.0133310570095839 -0.0956899345087553 -0.0110425610419169
0.0236971722168964 -0.00476986993108698 -0.0982171976282516 -0.00226636960075131
0.0247617505069551 -0.0028817880462935 -0.107869400189589 -0.00115968493235941
0.0432133620796541 0.00354788537405095 -0.12032144791396 -0.00415080604002278
0.0354990059604441 0.0359902470409421 -0.111676323458548 0.0360536772294403
0.0100932863809945 0.0553028870821058 -0.0987228490941583 0.0902002370768038
-0.0384833211042936 0.0593907413972062 -0.131816049223425 -0.0412239979883911
-0.00305539316467141 0.0305372644573738 -0.0213080302734072 0.00728130368527844
0.00624229883824143 0.0114329057772135 0.0789341398321552 -0.0238233778029616
-0.0131371449221632 0.00851770199089021 0.100548229687457 -0.0747587971188783
-0.00114333978615633 0.0262037479591382 0.0610818406298366 -0.133651061422964
0.0185996675607 0.0218606425614294 -0.00781208278436179 -0.136157729269394
0.0285707742118708 0.003283137808706 -0.0492347580301968 -0.0989584828880254
0.0297696949408263 -0.00267475264705018 -0.0606647930136818 -0.0589082411314372
0.0442507467977126 -0.00350846200577617 -0.0734652701831435 -0.0219076590731722
0.0508558451021049 0.0181649890660286 -0.0864510789338615 -0.0051847135211754
0.0426925732399574 0.0358391446834758 -0.0952154755343366 0.00706829212969682
0.0222714427839153 0.0531953828372808 -0.107556659995529 0.00237863371241107
0.0141114991200675 0.0556442240493879 -0.113352673769321 -0.0106061142028977
-0.0156870201111278 0.0671234652265416 -0.0913261687025725 0.028723908240097
-0.0520662416557501 0.0765125371880907 -0.0763244869155857 0.0813957512626594
-0.0967928536982991 0.0652050928632127 -0.0893622137000888 -0.0547770896826189
-0.0652371399926897 0.0457335769963364 0.0172785901487569 0.00522135202090231
-0.0433671222113383 0.0503592666295636 0.114898398989129 -0.0327340023526705
-0.0386039807601701 0.0581373262695039 0.119812019677202 -0.0880439257748921
-0.00207243585856444 0.0682345875957574 0.0645215160408611 -0.136594588720312
0.0292834791539603 0.0574444283183541 0.000744810771500379 -0.130257379222576
0.050538912047134 0.0327560610534932 -0.0366209080605215 -0.0923653562885379
0.053543653753333 0.0165709535665178 -0.0438306469147237 -0.0535908402962224
0.0693914538810938 0.0147705946231208 -0.054116789871717 -0.0149699057696835
0.0707891145664869 0.0433926240413404 -0.0671111432537131 0.00751823059964271
0.0585151392259909 0.0654575212805127 -0.0842695885911383 0.0252323120698143
0.0253906290125293 0.096237759020549 -0.105883297270285 0.0137629918577356
-0.00532376933573075 0.0999141744475625 -0.109876937084774 -0.0134071195348095
-0.0568037768305201 0.0926270872120806 -0.0714920772038943 0.0129265556948478
-0.103875775080602 0.0880330376842046 -0.0401760387287474 0.0638403364964785
-0.140062940193035 0.0626267213784074 -0.033891880391203 -0.0638935958740812
-0.120841615824973 0.0577609236608145 0.0635199607730877 0.0058543763945533
-0.0897332353454255 0.0907952692790134 0.151074431819468 -0.0360224494310982
-0.056265982846383 0.110162075565491 0.139875865505395 -0.0935575009730654
0.00295761158885477 0.105751382058965 0.0690646409987651 -0.1289764573061
0.0405453914923278 0.0850170178846556 0.0136754725130337 -0.113373297276794
0.0677969602652635 0.0559441081025084 -0.0176244486104113 -0.0767851013881994
0.0691104227097848 0.0324099022478988 -0.0214135311726636 -0.0407383066646833
0.0824318926020795 0.030546135554841 -0.0290388860721404 -0.00379560333065994
0.0784358269055838 0.0621790431052109 -0.0410701567003388 0.0225098835607162
0.063282611058666 0.0844067250322769 -0.0678165242293157 0.0463983657335001
0.0235452196884459 0.122501137495961 -0.0999724001124597 0.0275239345818445
-0.023160563356485 0.127297410747911 -0.105038117261377 -0.0153747028771512
-0.0894175019023785 0.103567822790583 -0.0531073495980759 -0.00804415652040785
-0.140000169019503 0.0842575352622115 0.00167307997834448 0.0408054279323387
-0.159783494075544 0.051096140867252 0.025235184748227 -0.0718420836505942
-0.156452681644105 0.0614873015959482 0.109874509838905 0.000745217829745676
-0.121441509928534 0.116481390102165 0.176092284220993 -0.0362557314711969
-0.0660312442273164 0.144430414666085 0.151082604036813 -0.087585284916975
0.00974531932317892 0.128748927907838 0.0748241373664756 -0.107235720313136
0.0472559182315178 0.0996236121521264 0.0319784646099264 -0.0861104269965153
0.0756155547224947 0.0698843680068845 0.00672797151615475 -0.0543657285355593
0.0743103318353064 0.0437605118338707 0.00389662904323639 -0.0229575492418652
0.082297788195419 0.04311156400331 -0.00292788996340333 0.0127454147997016
0.0716354292401605 0.0749849009403959 -0.0156583520594718 0.0402656215495871
0.0531256969621664 0.0942750572722975 -0.0510317095492832 0.0665243307105795
0.00922090583737973 0.131784601993609 -0.0930652227652555 0.0396700214182153
-0.0443901465342359 0.13435273040132 -0.0972520958330892 -0.0170369071214216
-0.114124121256553 0.0949776853453905 -0.0344506701241559 -0.0270416911277721
-0.157781808192934 0.06248779301889 0.0454836644595282 0.0198402828890524
-0.150687141205941 0.0330579657551841 0.077594571318346 -0.0789662219690123
-0.161734812378325 0.0524077459648212 0.144372928124695 -0.0132813952506741
-0.129893370979592 0.118650399002448 0.181320120297394 -0.0360316138537041
-0.0649259303857918 0.150257784808153 0.148159292243087 -0.0718818245212648
0.013343800644087 0.128035702716224 0.080055813531927 -0.0746909333123528
0.045707198520732 0.0960030832130252 0.0529454959999223 -0.0527104511993094
0.0715355633987734 0.0714060761840098 0.0336447839327897 -0.0291672367563704
0.0687040206548223 0.0478364834753567 0.0279428591121119 -0.00193299776562455
0.0702750899570428 0.0497708439958834 0.0194863793732688 0.0326843668286338
0.0534521385559926 0.0798134714653063 0.00347521690968851 0.0616223230583321
0.0319588174387929 0.0941420509890053 -0.0402879610964184 0.0858579254455897
-0.0153528825307231 0.123824941428507 -0.0867647296672001 0.0485481680568266
-0.0676530528990249 0.118819603657704 -0.0850657462130472 -0.0160518591645894
-0.12773724994688 0.0672625114171858 -0.0141720934492004 -0.0363930696435794
-0.154632797480801 0.0272453766102268 0.0862864488063133 0.00754592425110588
-0.113646311089607 0.00734113143473571 0.11214689883953 -0.0846498539989666
-0.136077775055519 0.0325750643071957 0.159443281726031 -0.0304167861688879
-0.111054436622808 0.0954061113323192 0.167329733057857 -0.0311044191107329
-0.0529120852949944 0.122689738903514 0.135133837320048 -0.0482293218814345
0.011022829708856 0.101283849588203 0.085024886990801 -0.0386163538654217
0.0329165383031258 0.0766814975904579 0.0725843704938254 -0.0210086257973593
0.0528675838446328 0.0611238517613873 0.057098798168245 -0.00585270882804937
0.0515099219691688 0.0442907419832043 0.0465905645788858 0.0187175627869299
0.0496373543627855 0.0486185197527182 0.0343222302152998 0.0555657699381766
0.0317585505700643 0.0719659048791462 0.0133982649518726 0.0838482395928587
0.0107960450828237 0.0812229516694634 -0.0382232929416622 0.1026335922082
-0.0342746468617845 0.101457626946652 -0.08171960832769 0.0565645472847806
-0.0810790564123769 0.0888318657382184 -0.0711132508254572 -0.00984353971621541
-0.123985977661326 0.0299868097442264 0.00473261052937099 -0.0334096692140865
-0.12876989329331 -0.0121464995050986 0.119588413392357 0.00774972727713621
-0.0583642069548655 -0.0236738861130139 0.12193945892593 -0.085027478916121
-0.0885844628489959 0.00297996990130634 0.152050054422228 -0.0419983843287522
-0.0735909642519981 0.0531262812669299 0.144454775447722 -0.0199546720923282
-0.0352901580363612 0.0703699418371942 0.121631852511998 -0.0242475572862991
0.00140663253419555 0.0580796593357099 0.0909679528615289 -0.0112035973406591
0.0111080299380362 0.0458135447165088 0.0870002906927925 9.70498153622355E-05
0.0242833467100453 0.0440169116163129 0.0731523671380687 0.00963456414645222
0.0266471764234603 0.0338670500295521 0.0571006989824386 0.0361354138814501
0.0254561832006523 0.036549020800412 0.0418758836600604 0.0755143146213826
0.0139042812681754 0.050666893495639 0.0126871917591915 0.10236528467406
0.00103175253672168 0.0563344074951142 -0.0429672171463146 0.114683707602546
-0.0356357410824652 0.0700586989774642 -0.080351785917299 0.0631058198015121
-0.0743204900109321 0.0538264945541795 -0.0611236802990678 0.00299480270002437
-0.0989217623534712 -0.00283177109412738 0.0159201862253121 -0.0191833979200398
-0.0831505400215403 -0.0440185360252522 0.140466953217081 0.0178761759747926
0.0260180970005291 0.0462461537197323 -0.164582180341137 -0.0257097699849435
0.0555524210791577 0.0130786104895244 -0.0470986649247023 0.0195431952948764
0.0515109612859125 -0.0226216954340575 0.0621178567917028 -0.00761128539815463
0.0134335202243831 -0.0325465443410375 0.0954652294606609 -0.0659039681450079
0.00611649139404158 -0.01278014183702 0.0615343697959592 -0.133942203625415
0.00965059570588886 -0.0147229182567381 -0.0136082049701971 -0.138725646461519
0.00436378510946033 -0.0263330608186202 -0.0559797805101222 -0.100743049701665
0.00246427943396718 -0.0224785978729753 -0.0712040108632765 -0.0613556958268958
0.0130589780026295 -0.0235694241186218 -0.0848071512543359 -0.0259628503338784
0.0252307106950089 -0.014156705748482 -0.100990030165224 -0.0122638675521609
0.0251915033165224 -0.00454427706330919 -0.104007396794473 -0.00268039529735263
0.0259822880017641 -0.00225736590292579 -0.114418424227743 -0.00199717420702771
0.0450410134572555 0.00385482486423611 -0.128838005724859 -0.00513205331414162
0.0368360908028782 0.037130741868455 -0.119081582645322 0.0358840914398291
0.0104035112177344 0.0572700729595087 -0.105699536905181 0.091722346514355
-0.0409222180410331 0.0607132177036813 -0.137833007407886 -0.0445087057431422
-0.00421452814205527 0.0315203460749818 -0.0218844425507216 0.0080700031200973
0.00517726524446114 0.0121650352081709 0.0850757169546269 -0.0248112043500387
-0.0149491992622338 0.0104265344363803 0.108388713094151 -0.0805487009570375
-0.00129380812127459 0.0284676107351395 0.0659434041579194 -0.141062731851718
0.0199442643024625 0.0241750094708801 -0.00670187927028971 -0.143618749916157
0.0292455619401354 0.00471186299024978 -0.0496968998208818 -0.104754905668099
0.0315499203228423 -0.00180344334015494 -0.062953025437776 -0.0635886334397648
0.0462706333091465 -0.00242853423385675 -0.0760445860335298 -0.0238487059512921
0.0530321651525943 0.0195953453135983 -0.090594086917947 -0.00490265442180985
0.0444846983537345 0.0382826015584583 -0.100285209702472 0.00762168368053729
0.0229247817288709 0.0572911725547306 -0.114333636824737 0.00217455548580071
0.0141284458394383 0.0584463550597342 -0.121984544733037 -0.0112144247684317
-0.0174638216424953 0.0695759859779931 -0.0980471130469535 0.0286353601872467
-0.0551398316597457 0.0785890060504513 -0.082055090652473 0.0830605058763947
-0.102148868551034 0.0656816503202072 -0.0928835163979816 -0.057769689822453
-0.0696411989670194 0.0468887329176822 0.0179479318051471 0.00644200696019634
-0.0473008992778559 0.0527516896164212 0.122624975367069 -0.0337769455671855
-0.0417156909253996 0.0622565624734715 0.128928188257082 -0.0929179330339785
-0.00288312105058365 0.0724271845169771 0.0697475876517879 -0.143124175789788
0.0305814480019081 0.0619924735440678 0.00303676399887091 -0.137483942532134
0.0520891796446106 0.0354012434637492 -0.0367290918594489 -0.0966766014127903
0.0564032724583986 0.0184453955189158 -0.0458300851478551 -0.058138999903246
0.0726404865372989 0.0171865231578895 -0.0559966515946042 -0.0161207466033567
0.0740532711533608 0.0465965916102111 -0.0704566323540884 0.00859729486468284
0.0609525263915967 0.0694334469452655 -0.0886977884915578 0.0275523173739848
0.0260470021122707 0.102462261094219 -0.112232941561444 0.0151586734259612
-0.00732760498896686 0.104463604479421 -0.11833414818549 -0.0137680113128166
-0.0612236256343406 0.0959775341921068 -0.0777504004928219 0.0121301849224858
-0.109371732142268 0.0907460272728882 -0.0447674650782002 0.0653799420538336
-0.146990329839119 0.0628632039791352 -0.0348771091247671 -0.0669112738926877
-0.128573464219209 0.0593873581144355 0.0675148968656998 0.00724879817936855
-0.0965150061280527 0.0936691815142573 0.160844984876871 -0.0363528495478558
-0.0611762241590784 0.115888420024891 0.14924214824913 -0.0986518134240418
0.00208363009903544 0.112654598548893 0.0748658318661952 -0.13531429933181
0.0419901839538157 0.0908352543614711 0.0155966516296745 -0.119350031823066
0.0703946802428039 0.0601599225440203 -0.0166604803186536 -0.0795432655699082
0.0727338079308799 0.0362544967313816 -0.0220950614876578 -0.0443578481032039
0.0862773971341718 0.0337618002170061 -0.0298917458099277 -0.00421146090742178
0.0820389922800902 0.0665215580842553 -0.0432333737291423 0.0241314561345711
0.0655221817701514 0.0895325256397249 -0.071142533014925 0.0498841927838133
0.0237158971046877 0.130412995669309 -0.106368142154496 0.0303847030258679
-0.0255234928355846 0.133869041697125 -0.113150939915496 -0.0155749253387833
-0.0950989138044448 0.108087239755367 -0.0578159572990864 -0.00984622639075211
-0.147715538984187 0.0863310327272531 -0.000148940871539294 0.0415242798020556
-0.167482630595529 0.051816224544823 0.0277404280089705 -0.0745872730419673
-0.165302484084894 0.0626609705748272 0.115738460146784 0.00190693053145474
-0.130062434943806 0.121241857502015 0.187198072805645 -0.0371206828019728
-0.0715860369052852 0.153593438419683 0.160673021843327 -0.092302212654514
0.009059760090937 0.136646526744582 0.0804641697185003 -0.112222676592241
0.0493889249343724 0.106415657132443 0.0349470040824581 -0.0901352462578053
0.0778672869491404 0.0741849023121325 0.0080537998309325 -0.0548515788451103
0.0780989658856813 0.0474924448837622 0.00466740200267521 -0.0242951510824737
0.0857313947249307 0.0470591019865934 -0.00215880663587728 0.0137378453855908
0.0749911368966249 0.080007209183829 -0.0163741664123784 0.0433431271698517
0.0544057792443579 0.100262834496429 -0.0535667169203049 0.0720891914305747
0.00860140693444628 0.139544601464036 -0.0988701990151734 0.0434910726152288
-0.0482453710301624 0.140729769542937 -0.104294178683709 -0.0163233487745466
-0.121028035960642 0.0985207644115218 -0.0381453813084804 -0.029271705079388
-0.166953631406864 0.0637996902615208 0.046325492713063 0.0199825525037089
-0.157631798820139 0.032879708664743 0.0821942578118799 -0.0816863841087113
-0.171095718461318 0.0540522536218563 0.152286656820931 -0.0120742664852633
-0.138154809250478 0.123758008779906 0.193073555292239 -0.0360989133472409
-0.0696267452213715 0.159415994037435 0.157476596378355 -0.0750485181874911
0.0128140284137393 0.135190481190938 0.0855062769905105 -0.0772647508796552
0.0471012244455633 0.102764592489273 0.0570374078689102 -0.0550481068960535
0.0741025035304352 0.0750701538301251 0.0356836488254298 -0.0286195146396359
0.0714869406302942 0.0515622687967564 0.0292264202047895 -0.00181128486880482
0.0725724690057865 0.0535862920367443 0.0201994067125146 0.0361474849436076
0.0559761413352615 0.0844859884311832 0.00325683101431643 0.0655311059990828
0.0318555652430455 0.099686076674094 -0.0426948020128569 0.0923300947386703
-0.0170143818106671 0.131062629382288 -0.0917923039623318 0.0536203670001237
-0.0729737455589093 0.124567908628062 -0.0913578370279735 -0.0155296287544524
-0.135218195402771 0.0697277251906901 -0.0165992525756988 -0.0395555806737044
-0.163181550841149 0.0274190975308067 0.0894931427942864 0.00766888527471974
-0.119440922619906 0.0068536620188275 0.118841462764529 -0.0863289838633789
-0.143638450035245 0.0332923033897165 0.168492655382312 -0.0300051012115195
-0.117914663028378 0.100149625531461 0.178714778865104 -0.0310490318986099
-0.0563573092450262 0.129964663081365 0.143787399693954 -0.0508696776385651
0.010700465137428 0.106834875917941 0.0905196863648804 -0.039853132358986
0.0339942553440415 0.0809712264722422 0.0769642421216807 -0.0216443953235441
0.0558379674050102 0.0648295711912307 0.0601161224742937 -0.00485419338425788
0.0539370702611502 0.0468218674520917 0.0492670791653159 0.0214657338357567
0.0505623541841412 0.0515662827406202 0.0362140851023128 0.060095285436992
0.0330601156208724 0.0756318094897394 0.0120722322559721 0.0891622220069866
0.0103407422466166 0.0857851491535079 -0.0404475185675572 0.109616980510142
-0.0365899357149489 0.106596428490945 -0.0873393423451022 0.0613546963304276
-0.085901316699638 0.0923036919091796 -0.0766078360492012 -0.00925700418788305
-0.130282749556776 0.0309557472248486 0.00388914335427052 -0.0350312814941273
-0.135446833601689 -0.0128796535503624 0.124891312816534 0.00847747785893049
-0.0618362551773843 -0.0249161275925126 0.129604112858087 -0.0868901129682913
-0.0925588517551917 0.003382030004814 0.161674565416552 -0.0425828855192205
-0.0776531453826145 0.0558488650338579 0.153854248375211 -0.0194325558545391
-0.0372856942106003 0.0742150623161263 0.12931850083168 -0.0259279520990189
0.00161808763583812 0.0603059137621483 0.0967223144039983 -0.0115884747670635
0.0109546171573043 0.048835447355966 0.0924046361808408 0.000269529339082542
0.02518563551966 0.0456371736553135 0.0763168354205396 0.0124249645854601
0.0280383896561887 0.0359040226383996 0.0599667310167145 0.0400344607816478
0.0256353407507676 0.0381784271452367 0.0431292921217411 0.0811208052643074
0.0144752811116006 0.0527584636139903 0.0110947479269647 0.108141807499043
-3.15840173253108E-05 0.0587389058151383 -0.0464207988301923 0.121607780568044
-0.0372494426560683 0.0738410225477543 -0.0856420477912299 0.0683108251525997
-0.0781970785837756 0.0560324016545652 -0.0659996972700968 0.00373187089308214
-0.103378746033099 -0.00407374493663898 0.0157292891895569 -0.0202605473524003
-0.0878090375734982 -0.0462799687837673 0.146644930499703 0.0198090942579596
0.0305002510260427 0.0456666160599245 -0.178011676245633 -0.0152752074512275
0.0584367641000823 0.00803776034315438 -0.0488847662873159 0.0279901882439123
0.0508695135254524 -0.029983551902693 0.0678292953553788 -0.00837157711790049
0.0108729522137569 -0.0361926013004217 0.0996522318704053 -0.0771684502763408
0.00438465751178599 -0.0158353638212035 0.0558424882842085 -0.146954749267658
0.00716693047886479 -0.0174263361017304 -0.0230819369662697 -0.145552993708386
-0.000205743195713028 -0.027770735189325 -0.0653793628656674 -0.101143105802037
0.00031039418474641 -0.0231220874308038 -0.0805663397996856 -0.0601619143559171
0.0113421011664069 -0.0259267188804894 -0.0942081025088556 -0.0213744848667301
0.025762856793224 -0.0180633937594959 -0.110701639704275 -0.00475072845712387
0.0263787476633764 -0.0088680114493737 -0.113786076127314 0.00516820455695677
0.0281656347266986 -0.00654216690547494 -0.126747234286127 0.00733393173608313
0.0478596004509347 -0.00303273514372481 -0.145057441050878 0.00584901738511927
0.0425320514193814 0.0330895412601267 -0.129379515457721 0.0437826166030342
0.0146225910036339 0.0582702431304952 -0.108174992927168 0.0994057771427894
-0.0364955562478602 0.06727926798221 -0.15234256611682 -0.0422983568212494
-0.00156420782158881 0.0328729474211028 -0.0242291202982941 0.00999083586989003
0.00613810270180037 0.0109106273545308 0.0888670795721724 -0.0328780017718628
-0.0139200208426866 0.0120530806199477 0.109006674016675 -0.095729020491387
0.00104047018462303 0.0283783320411787 0.0576569670153424 -0.155041821722824
0.0213764203393187 0.0226693019276877 -0.0182263659571173 -0.149797403072577
0.0302246356296117 0.00189317490644396 -0.0626071819116699 -0.10550146699409
0.0321120896943144 -0.00347341752523165 -0.0724511293380336 -0.063705660574593
0.0484126907391166 -0.00646255378368991 -0.0837864458457093 -0.0202104840013679
0.0587548263459521 0.0150822407219492 -0.101031025828594 0.00234034353481729
0.0504357210347068 0.0347211592575938 -0.109414538386276 0.0166212267556335
0.0308978573414143 0.0565893177757412 -0.127338128165573 0.0105509253369514
0.0203689589290869 0.0579097617416228 -0.137233490422738 -0.00379827879280442
-0.0127851730051995 0.0736380954022269 -0.103581393084521 0.0343115573511426
-0.0547655392677197 0.087285617342758 -0.0792892589527413 0.0907031433557571
-0.0990789322767156 0.0789229597606823 -0.105784687348019 -0.0636736485782911
-0.0680287368124153 0.0546090249873143 0.0175649086867653 0.00190253173721813
-0.0444458237054905 0.0582948282772503 0.124241646291374 -0.0496610212192956
-0.0360891450084342 0.0690956671055863 0.125999616617788 -0.113907118631779
0.00371044290782868 0.0746707620728762 0.0586587631768885 -0.157689818416604
0.0360826301341751 0.0617304047670655 -0.00993316307543821 -0.143884972032331
0.0585353621025271 0.0318536325717961 -0.0502978757427721 -0.0977690416167461
0.0598845543262098 0.0158626333947926 -0.0533863499700525 -0.0578123812747454
0.0777300909427122 0.0113334290899072 -0.0614459126187176 -0.0135344386271308
0.0837062271708078 0.0415264095487024 -0.0771854682435453 0.0153140698895055
0.0699148050924179 0.0660611203270586 -0.0956388364572404 0.0380612862383181
0.039054379881685 0.104474454244542 -0.125029576939954 0.0239102717451912
0.0024607446652948 0.109377642547397 -0.132413152891291 -0.00889008080984124
-0.05815031358337 0.10677399457705 -0.0796516852076047 0.0154412007019134
-0.112739783684696 0.104610651784355 -0.03606532437106 0.0709260666381941
-0.145717840112977 0.080618583962342 -0.044180503873651 -0.0795143176383106
-0.1266338453838 0.0732531643026769 0.0686511161168794 -0.0043212176038971
-0.0905466920589869 0.106974502696172 0.161819636744802 -0.0604387111735639
-0.049227992971025 0.127143075203066 0.142336076455594 -0.124005845680342
0.0121882371854136 0.115965361249824 0.061939249712366 -0.148978515917628
0.0512337216308093 0.0913535322989444 0.003865744120934 -0.125441657262074
0.0801771587542703 0.0556424408134477 -0.0299475802737944 -0.0809769793985602
0.0781982174523086 0.032591012991085 -0.0273445159276473 -0.0441785566605014
0.0928814389840849 0.0281146674489295 -0.0317134677457319 -0.00171399637876881
0.0932867724585021 0.0619285351181572 -0.0470539256400804 0.0304940631021424
0.0765761711139928 0.0866167014172542 -0.0748657968995643 0.0607339633707146
0.0388835761954436 0.133615953025592 -0.118039749729977 0.0403515404359964
-0.0150617126695117 0.142478054565352 -0.12628432397503 -0.0119770810516728
-0.0933332557532576 0.123045873085092 -0.057974096687734 -0.00951292118025719
-0.15520865677605 0.104600002515578 0.012346815409252 0.0445718959832509
-0.167473163204391 0.0705857635284159 0.0220894778072026 -0.0925852221661598
-0.165125703589176 0.0806813206246756 0.119395983577461 -0.0157608826002228
-0.122597220327569 0.139246639787991 0.187013038683964 -0.0652724548711925
-0.0550411037840015 0.167254275491509 0.152059599912362 -0.120202278670243
0.0224423862138082 0.139436094413963 0.0676960735239372 -0.123942315416546
0.0602349209029942 0.106321428011532 0.025057405048139 -0.095682960264301
0.0911121840034623 0.0690697199628338 -0.00257552212973004 -0.0566678056458315
0.0852929671810091 0.044596122725487 0.0030723586107415 -0.0250200654723172
0.0942160391376168 0.041415307557586 -0.00113254070265943 0.0153213507281901
0.0869929227760527 0.0771481786489581 -0.017179254796084 0.0492167279907258
0.0658615503353558 0.0992477891577258 -0.0537308429247035 0.0835251544786285
0.0233725953934756 0.145453190509745 -0.107697361024522 0.0535802990403316
-0.0382797622360449 0.151912114185746 -0.116429215503154 -0.0148170746446629
-0.121263033432977 0.115691559306283 -0.0366155903114385 -0.0302529894504091
-0.177219188759514 0.0826310588255168 0.0612092159341486 0.021211660584295
-0.159319748201572 0.0496942740237249 0.0816882297788523 -0.101356866281411
-0.171137796328079 0.0728332711454528 0.157854377878583 -0.0337083405075438
-0.130350601421711 0.143025970729499 0.192181047329794 -0.0657269941271163
-0.0520792601341157 0.173103367204532 0.149483979234154 -0.101138640938453
0.026860352045101 0.137757566485091 0.0753949957265897 -0.0867095297980664
0.0584161159290361 0.103417280041264 0.0508806592064097 -0.0597262354398803
0.0867910982004298 0.0704589256884126 0.0281790905392364 -0.0310802108805766
0.0787427748605873 0.0481428603689997 0.0310028030511467 -0.00309322067970708
0.0813702841277738 0.0497712388613183 0.0258044994487379 0.038565123415336
0.0673660184467951 0.0832955876108829 0.0058225661514918 0.0722102435845171
0.042191323042714 0.100752264508829 -0.0400395293364405 0.104851966507647
-0.00444768235638981 0.138733946575354 -0.0981553079368609 0.0639238918636731
-0.0651019902616551 0.137895544842204 -0.100376465258404 -0.0147239105979149
-0.138022310511078 0.0860123390531411 -0.0132011928925277 -0.0412351483662863
-0.175750962785082 0.0436463076913124 0.106204385489382 0.00744046363291241
-0.123697308880484 0.0187787744350587 0.121802915274167 -0.105395636251864
-0.144990775830552 0.0476041265805619 0.174879679362588 -0.0521033357579389
-0.11104051117459 0.116965299483733 0.179637108715263 -0.0579934115131171
-0.0406839089335038 0.140479102145559 0.138769339692599 -0.072358990771613
0.0225467918778579 0.108385028433034 0.0858437852900889 -0.0486135595589058
0.0436138966650085 0.0817928813038512 0.0758413353041287 -0.0273531025335424
0.0661758535110164 0.0601800245596947 0.05644096693849 -0.00817503073363839
0.060292369253101 0.0447268463140924 0.0539900997245037 0.0207028558618021
0.0583264728821552 0.0489585217121303 0.0436330767661663 0.0633235004064712
0.0417730595501482 0.0763421310990825 0.0182013455430186 0.097023113755803
0.0176701384052711 0.0882300222785621 -0.0365363248405521 0.123542793980264
-0.0270128434475269 0.114855907280818 -0.0919206778038397 0.0719046907702732
-0.0822102894365662 0.105049221915474 -0.0829676796366446 -0.0076377199462544
-0.136615815625384 0.0446310687863705 0.00785427578437 -0.0361198871238147
-0.149005417984686 -0.00165180569983249 0.141250020301629 0.00756311589648163
-0.0675993925135601 -0.0210727044168233 0.135665166971575 -0.10193117138298
-0.0957633067346278 0.0117731981876347 0.168703316474158 -0.0610167907514864
-0.0735660065931615 0.0655056900141885 0.158169946936333 -0.0392576977264002
-0.0277352551734841 0.0808624472503819 0.129625755091484 -0.0424742077837402
0.00887074618468236 0.0605144623928798 0.0978381283953485 -0.0193897774496332
0.0168024231090258 0.0491179037220026 0.0950395044399687 -0.00643516453417795
0.0326440817017779 0.0440123191698151 0.0774633622885491 0.00723531201869355
0.0323827912787668 0.0346681696404905 0.0668689241768193 0.0390631130835235
0.0300351226599747 0.0382153707788528 0.0536848152429707 0.0860548095996502
0.0198302791582743 0.053882013851402 0.0183584593842377 0.117665109100342
0.00423473130631951 0.0603288499993175 -0.0415910633592855 0.136994555318481
-0.0313080949812861 0.0799047185850328 -0.0889608009182445 0.0797422292285151
-0.0768904266195511 0.0657582165129675 -0.0696957036880106 0.00651116313905515
-0.110683709540478 0.00515796018559956 0.0205310466018009 -0.0195218868374559
-0.0992531027463242 -0.0408148836974974 0.16195423040183 0.017711424236798
0.0330994653181137 0.0453261506854035 -0.186108478962965 -0.00614902053188198
0.0610990952397282 0.00510733217461165 -0.0481502612535668 0.0329558455587492
0.0514648798199001 -0.0337901667876021 0.072651367754614 -0.0139938426888052
0.00992873978115431 -0.0382360117612258 0.101198230688233 -0.0886402715875644
0.00594433469805643 -0.0167444158695929 0.0512181987333218 -0.158957759526844
0.00690289067945047 -0.0181149788451659 -0.0312119963356138 -0.152123021528054
-0.00192339820174015 -0.0281355412033367 -0.0739251404716303 -0.104326755724415
-0.0005029845259375 -0.0229568893340007 -0.0883199098704073 -0.0609024823218652
0.0104484878608528 -0.0272364044140136 -0.0998653038720976 -0.018343474668108
0.0258305921934305 -0.0202106111113389 -0.116853381932943 0.00139327148984383
0.027200007229865 -0.0107111874022556 -0.120135092117303 0.0114771984983657
0.0294945906164557 -0.00771584163700886 -0.134458264326031 0.0151641644629791
0.0500503281180083 -0.0060023093248808 -0.154416632594098 0.0149007446069731
0.0456045811523641 0.0322685018436346 -0.134942374468391 0.051366800844128
0.0191186510510277 0.0587708093973406 -0.110675826319655 0.108541772872419
-0.0358909616517462 0.0713191439165737 -0.160871223127401 -0.0357976092336526
-0.000980889415398695 0.0337451546103564 -0.0238893904116723 0.0127509670619853
0.00532589577033237 0.0113077938383654 0.0932934889640548 -0.0397553278294149
-0.0140588477445521 0.0149206186006781 0.110230060186512 -0.107989161217187
0.00299851280422419 0.0306525969045194 0.0530197551929648 -0.166813919439267
0.0243613036784103 0.023612153790721 -0.0257505705106811 -0.157184209565695
0.0317409190721038 0.00190258915003268 -0.0690269719978388 -0.10864846447682
0.0335106357599429 -0.0042889560777661 -0.0794341288881324 -0.0639623985136714
0.0505775452360841 -0.00868609181339735 -0.088728931067972 -0.0170888407615558
0.0622018088477199 0.0126739717425222 -0.105373735385311 0.00853169997675392
0.0542367520300915 0.0336704293015489 -0.114251033420209 0.0240350016476877
0.0363817762771966 0.0590374739836157 -0.134035022123425 0.0191253594188871
0.0234458472723642 0.0600771298834781 -0.146483623379034 0.00509429681188618
-0.0105592934801624 0.0775945467605692 -0.109257230502315 0.0399675217947091
-0.05290444745732 0.0932360561590982 -0.0802143619332066 0.0976799069879322
-0.100620960918248 0.0866774567880719 -0.113073184387509 -0.0604301569349903
-0.0696784764558215 0.0604205892678579 0.0192364422962784 0.00214731095290878
-0.0458383583345343 0.0638168584257584 0.129602103076896 -0.059803260199165
-0.0346358256351912 0.0761963796361431 0.1271335318972 -0.127917646785425
0.00756819675106854 0.079078746877988 0.0547560610131266 -0.168698503787563
0.041854639607506 0.0632420472352338 -0.0171767390789578 -0.151091625690647
0.0623555248647504 0.0315817896030636 -0.0554368816558824 -0.100641233278069
0.063765838818158 0.0147588580143908 -0.0596546853168747 -0.0589390563888236
0.0821662312484602 0.00840719151146432 -0.0647039237578052 -0.0109353117407986
0.0901751024470834 0.0391889153869762 -0.0803626847484852 0.021424784100718
0.0771257945439924 0.0660059079297931 -0.0975350563360174 0.045962904842488
0.0470980990075565 0.109055999301214 -0.130639877149658 0.0342942261787253
0.00733210131988882 0.115533188946679 -0.143061703219591 0.000185811777688651
-0.0561346193728133 0.114889815139985 -0.0852484583536647 0.0199085253081271
-0.113684121570273 0.115130890554538 -0.0366195504508766 0.0753606988785177
-0.149100943042748 0.0908831070583211 -0.0502140921351473 -0.0803891983744407
-0.130868562032768 0.0828394731436069 0.0729078271988633 -0.0067151663947206
-0.0912402142070252 0.117027052231785 0.167982295805664 -0.072596334803476
-0.0456635951209557 0.138536533672896 0.144307653070361 -0.138667803992701
0.0189403693365749 0.121641704007329 0.0579770194491083 -0.160036669415102
0.0588652532908261 0.0943195021452792 -0.00144094420109648 -0.132129011929403
0.0860438075576623 0.0548159839216842 -0.0330402089223403 -0.0826481244538194
0.0842106469486166 0.0309834955007567 -0.0313362967769353 -0.0462401308455194
0.099397675881446 0.0248926188508111 -0.033066448678381 0.000108135738965124
0.101941498981213 0.0605515097795018 -0.0474797301927279 0.0362464278348733
0.0846656963541777 0.0882692272569506 -0.0743334802333982 0.0697211832782235
0.048715198180785 0.139982343158511 -0.121660683878078 0.0510635348618668
-0.00876882440050875 0.150572689862489 -0.136137769084313 -0.0031698787602665
-0.0918421043649002 0.133993774186705 -0.0639396292721521 -0.00712415790557457
-0.157444295204169 0.116969990507145 0.0133341942289259 0.0454390814207216
-0.172682780936974 0.0822008231932727 0.0192406877162683 -0.0969851180795154
-0.169844573510262 0.0934038046670674 0.12545108436372 -0.0212942916011852
-0.122648265090892 0.153736024811521 0.194643335359668 -0.0797030905257063
-0.0495195091572014 0.180506485711733 0.154402683558894 -0.135660266076218
0.0307122464782145 0.146782172035571 0.0653701036139426 -0.134106466638305
0.0691066421677708 0.109720120894002 0.021642713195255 -0.102164949363554
0.0982761580939576 0.0683019238174964 -0.00340382848553085 -0.0582780801451716
0.0914724612128592 0.0425697147614333 0.00110708698022125 -0.0265322724909345
0.101060155626392 0.039544176182781 0.000125353088526441 0.0167058304436071
0.0958838540743496 0.0765078022940058 -0.0146022637390212 0.0543905232683179
0.0738237788786359 0.101894942752613 -0.0505484407233218 0.0922009123411296
0.0321793971197962 0.152741454970425 -0.110136261961032 0.0652934676047619
-0.032964592574517 0.16246993949047 -0.12518101424736 -0.00651488372158539
-0.122293752127808 0.127586110813286 -0.0423150336051412 -0.0299150085229252
-0.182354375240315 0.0957065794639131 0.0640624222979833 0.0174119022024615
-0.165563627739714 0.060276044702907 0.0806879455574467 -0.109191574698603
-0.177177010358091 0.0849645139802523 0.164921437330139 -0.0423921804127424
-0.130254515004056 0.158555446735501 0.200774787115823 -0.0799503914006695
-0.0455514838063155 0.187130345748262 0.15183605839534 -0.11598947606304
0.034955832724925 0.14391019032066 0.0761092381244515 -0.0958116391881716
0.0675493184065692 0.105969250671952 0.0502702544276994 -0.0659299084574253
0.0943216675814948 0.0695049041747818 0.0301176368561954 -0.0325077431904694
0.0852050824810619 0.0468397736079662 0.0326432880784223 -0.00382135012130735
0.0874377530586024 0.0488827079973932 0.0293503289254815 0.0398954819734038
0.0753836504375833 0.084347626042106 0.010213014962873 0.0769628305441368
0.048782613990992 0.104456659258891 -0.0349324304210667 0.114276402202051
0.00293231274784346 0.147005538936958 -0.100070152860021 0.0757341677151117
-0.0619078056062139 0.148199726405765 -0.108429920676711 -0.00678293698149298
-0.141398263868179 0.0975070700128649 -0.0187553447271123 -0.0418242611653674
-0.182696722701464 0.055411137292051 0.109992163682854 0.00137084030648977
-0.129552835028057 0.0261966223056304 0.123200642162029 -0.11641974405502
-0.149894504561796 0.0583493701218298 0.181601106950584 -0.0627078859393537
-0.110760092839921 0.129123901104711 0.187712481568848 -0.0705603209754357
-0.0356636094308178 0.151686523698552 0.142555597458458 -0.084928965494918
0.0291647450459294 0.112473300106472 0.0884975241570052 -0.0551078903887253
0.0497496148341846 0.0844137827364986 0.0786535483730666 -0.033512068258871
0.0724636100621429 0.0598872038289991 0.0605566383481747 -0.00975479675606201
0.0661041543958725 0.0439829581773245 0.0570519803120625 0.0193540193490748
0.0634542605807446 0.0491733943970437 0.0506098015681604 0.0655680406630208
0.0486771095512549 0.0776580507727488 0.023665164607847 0.102357515190495
0.0224488488643161 0.0920063348371079 -0.0306432601264687 0.134284634518559
-0.0224574180779147 0.123123425135321 -0.0925085993350903 0.0836875403011293
-0.0807610222402541 0.114207991615823 -0.0900834854542581 -0.00169437787072537
-0.141420273994694 0.0538947710059726 0.00459900128289752 -0.0383464969382091
-0.1577101330994 0.0070218619290959 0.147290363836621 -0.000611434868997
-0.072917388987747 -0.0181241672585538 0.138683901496644 -0.112669974662038
-0.0997325047609216 0.0174123502592085 0.17474222172682 -0.07265666625884
-0.0734017234999438 0.0736420575355312 0.165642237496244 -0.0500355771159721
-0.0249847473608096 0.0872101055599363 0.133793935029935 -0.0531252291699321
0.0123900618309525 0.0621530864590072 0.102234087345849 -0.0258209104360773
0.0197611252443306 0.0514114969389678 0.100254744504898 -0.012085485545538
0.0361227536501904 0.0445767054337944 0.0819682254354939 0.00521371460781463
0.0367273611940721 0.0347157597715541 0.0725594518753832 0.0384643338633665
0.0336533489966584 0.0383182800824265 0.060831660429764 0.0885876497292343
0.0230688632164827 0.0545849666127968 0.0243391885043544 0.124483213752397
0.00718800404389085 0.062726153341775 -0.03629516461758 0.14847315754779
-0.0281449514952207 0.085885409530234 -0.0898190731476149 0.0904185623579677
-0.0769893344145599 0.0724744833820739 -0.0752520712403399 0.0120895498479033
-0.115455529722384 0.0111664548664694 0.0187472812395066 -0.0214978656157032
-0.107575238062476 -0.0361990537214997 0.170264392805605 0.0100357169782395
0.0347204527569297 0.0430598634663925 -0.189113915659217 0.0047112351827614
0.061210371102875 0.00143698860160441 -0.0454453709404304 0.0367699542752006
0.0494317710508043 -0.0375374202656678 0.0744128878555757 -0.0200022315072023
0.00808005282063881 -0.038257713468626 0.0983049812588438 -0.0985115333853534
0.00592243189909722 -0.017361733847729 0.0428664738512807 -0.166640095842786
0.00640413737322264 -0.0188357349669675 -0.0405015655561162 -0.153866727037153
-0.00428142134180341 -0.0272439415416111 -0.0816928444409741 -0.104057945889868
-0.00182385019931775 -0.0227830305643992 -0.0944447101242148 -0.0579049090181909
0.00879706045245926 -0.0279611853635866 -0.102882207738584 -0.0128519221199105
0.024382018832934 -0.0219298930300207 -0.119014229101547 0.00919934650767748
0.0268052202813561 -0.012525982337426 -0.122482279267662 0.0190016033870504
0.0300707705092903 -0.00872794448580981 -0.136813053786061 0.0237797736214217
0.0495334045809512 -0.00973175571198321 -0.157510968624484 0.0265252959804209
0.047674084677676 0.0298393064356686 -0.13604391732666 0.0599643173002754
0.0227084476226888 0.0573298508763566 -0.108195098731013 0.115551924368296
-0.0329590482367381 0.0735842856043004 -0.16458121344219 -0.0271856600045592
-0.000370692194449601 0.0338347209435153 -0.0221426423627706 0.0155258428717581
0.00513053869768993 0.0118695109715443 0.0937729758926637 -0.0477823524642135
-0.0135402704243524 0.0170042070885458 0.106733800987174 -0.11849582390176
0.00616062008391254 0.0316754590529035 0.0450522494008412 -0.174758613119116
0.0270496233901378 0.0229141262684201 -0.0351411339790317 -0.159288782349014
0.031730977857132 0.00111525809211831 -0.0761816947303696 -0.10793624337959
0.0344908776783939 -0.00578397826358172 -0.0860828723774592 -0.0621257045801613
0.0508673357885251 -0.0115733696460301 -0.0911000546565781 -0.0125535073680113
0.0640927027597473 0.0095010801772825 -0.106249588329065 0.0158679907569327
0.0573382589280681 0.0315999160365731 -0.114791309624128 0.031600096714734
0.0411317234472284 0.0584920253066744 -0.136488793258653 0.029228970997245
0.0264160889278585 0.0597168571922582 -0.151430389954792 0.0168679748761933
-0.00692769408120071 0.0795796625431481 -0.111082874879432 0.0470430684017624
-0.0490703730292832 0.0964994485481787 -0.0778747023746974 0.103818805155378
-0.0976199265191477 0.0924498999059563 -0.118444662045225 -0.0548883762895925
-0.0688400853634508 0.0647466122762748 0.0209573907795159 0.0019468640253158
-0.0440338999975075 0.0687537204996663 0.129978164365855 -0.0699658489182912
-0.0304271982493604 0.080922292417 0.1228449336004 -0.139519032253366
0.013190547719567 0.0814893894682815 0.0467145179369929 -0.176380356120064
0.0473084733332307 0.0631108854790395 -0.0254963375356231 -0.153807806439263
0.0648611699307991 0.0299153553952462 -0.0605876215619311 -0.10024078302261
0.0656887165054292 0.0116131960089552 -0.0648587997947147 -0.0578722284848312
0.0843338494996578 0.00437973460171501 -0.0661815460997058 -0.00739852191509798
0.0948472386464926 0.0346440993439158 -0.0799097174625954 0.0277162122384454
0.0823184747460614 0.063511494977445 -0.096307708104042 0.053747425953505
0.0553897918416464 0.109209714657362 -0.131173395225923 0.0450907655694249
0.0131275274337185 0.117261463498593 -0.147566652878723 0.0122780320089303
-0.0506267449640542 0.120762370935459 -0.0884298337014997 0.0243427742897777
-0.109104830189556 0.123326200220856 -0.0347302325028833 0.0775329246705016
-0.146696059889279 0.100325519950286 -0.0549579344853927 -0.0780797202169818
-0.12971591916967 0.0912359764410091 0.0741670050599485 -0.00994898250109731
-0.087858261244303 0.125737934403919 0.16904100209814 -0.0849190477394142
-0.0381659877398205 0.145127288048701 0.139025782147186 -0.152220690462194
0.0267265316338199 0.124488573619975 0.0515857727238508 -0.167334661632216
0.0668038976165323 0.0933311477500089 -0.00920834546403653 -0.135362857502326
0.0906122323493312 0.0517037015512328 -0.0361491129344886 -0.0824505625908437
0.0871819916882022 0.0274219156098359 -0.034992112420597 -0.0456261809128499
0.102911081888118 0.0202289903533419 -0.0333585868694855 0.00191229441510212
0.108585310191366 0.0554762749722499 -0.0453298674109437 0.0409110739970942
0.0914094557477006 0.0862430084000276 -0.0697375927689673 0.077186169499941
0.0584688737077057 0.140517012945409 -0.121250486396643 0.0621233151276975
-0.00133668986967161 0.154362587223785 -0.141222293286945 0.00899636793597782
-0.0870145928574571 0.141893158930561 -0.0683491869261967 -0.00311638137500988
-0.154022288813436 0.128461562605346 0.0143079778506163 0.0442346100646371
-0.170996361337636 0.0930805095638741 0.0142352167488575 -0.0984462809647887
-0.16934556172478 0.105221090379264 0.12692779085723 -0.0278531256990386
-0.116976270893997 0.165268983138785 0.195521659527934 -0.0941421124581649
-0.0394560660396784 0.189019768576169 0.149083689011486 -0.148814534713231
0.0398162680161978 0.14845323632238 0.0605214395830813 -0.140660857229666
0.0784477968347641 0.109057240437104 0.0164699063494441 -0.106453294469366
0.103303976897229 0.0637615955257471 -0.0036132514420827 -0.0583641782509457
0.0954914533055011 0.0379779008851132 -0.000629514852487222 -0.0275605054049838
0.105432065237429 0.0348504687647651 0.00167358146724353 0.0177163594147495
0.103028555651278 0.0723347679022308 -0.0110753408674622 0.0582804095343325
0.0812258900726531 0.100552207145114 -0.0442924722379983 0.0987496706422171
0.042958137311101 0.155207865804925 -0.10800379183385 0.0757380594548281
-0.0240333782419209 0.167701197757966 -0.129544064551914 0.00472283551995573
-0.117366888743996 0.137233142248889 -0.0476078238358764 -0.0280646936113667
-0.180881247771909 0.109090271139549 0.0641915027214694 0.0133795283249496
-0.164814164793929 0.0701221738502843 0.0770942979571462 -0.114863946457287
-0.176179163808954 0.0982898878065373 0.165598922395373 -0.0522084619752721
-0.123765310937565 0.171244607920817 0.201920544706309 -0.0943799516780363
-0.0351558946495879 0.194549060383625 0.14827788229757 -0.128876135091558
0.0439850450790977 0.145807874331813 0.0723911452525986 -0.102458940609333
0.0758795818563807 0.104707559766872 0.0478501809039054 -0.0706752464017388
0.0991674954144963 0.0653216576696626 0.0315328521995731 -0.0334532687445106
0.089498962040419 0.0425176249727135 0.0328588736805737 -0.0052129951039391
0.092303411997916 0.0449164776351065 0.0331723964446938 0.0401279543262063
0.0827638235010438 0.0812649305188913 0.0158504788158715 0.0794681813585483
0.0554141671925527 0.105244258652832 -0.0265813524590736 0.1199045848801
0.0128293800872554 0.150987246046744 -0.0966364341010644 0.0857002794466078
-0.0543770068921665 0.155216986657923 -0.112791786070841 0.0028871276319331
-0.139019928853511 0.107663360314764 -0.0231955317688612 -0.0415395641799149
-0.183629374032498 0.0676566491442502 0.110829038355139 -0.0058517341719113
-0.130522708941194 0.034655943106416 0.120467161585255 -0.123332930470193
-0.150060386811962 0.0697890034770677 0.181847037458184 -0.0738885403115315
-0.105690661840822 0.139629905306551 0.188829185042987 -0.0840557470674923
-0.0269875161570841 0.157402418922319 0.139937521664714 -0.0966357343290019
0.0360431691046898 0.113472624111203 0.0881846609946526 -0.0617669020361287
0.0566699850753553 0.0836634061857848 0.0785744302901851 -0.038864611923317
0.076946670699659 0.0566171575172404 0.0630358677405463 -0.0120047050731931
0.0693483044213022 0.0406021817607586 0.0602019405836571 0.0171179281206164
0.0682693267916967 0.0468081477428363 0.0556438638304519 0.065043719567369
0.054488822435535 0.0764408712037579 0.0306356530012663 0.105109806168978
0.0279601893727485 0.0926499998592215 -0.0219432352870607 0.140522453126185
-0.0144067162466842 0.12772125418827 -0.0893451256268927 0.0934528490553495
-0.0751830473979731 0.121806421648636 -0.0929185301416675 0.00641659379466103
-0.141056898779907 0.0632033428680187 0.000738824456617706 -0.0393534913538351
-0.161019080527495 0.0174474008228934 0.148751613045541 -0.0099302791238053
-0.0756394088843698 -0.0130795487195767 0.135583287228033 -0.121545319330103
-0.101082259111886 0.0247664640016715 0.174209723820056 -0.0842401401014903
-0.0706256109797996 0.0803357028861052 0.168390137685634 -0.0618113256265745
-0.0192607279212229 0.0906424701468026 0.133511439185223 -0.0633161822869815
0.0154367918132067 0.0625311629104295 0.103513387737244 -0.0331373100781486
0.0232120789554679 0.051899376811379 0.101330729266614 -0.0185566463883824
0.0391472416341079 0.0417280815741408 0.084864584219859 0.00214443541551561
0.0387103474084659 0.0325758256941656 0.0767082400378464 0.0360097086947018
0.0366289038608957 0.0371240959180948 0.0684387443353579 0.0878139220921012
0.0269795914874019 0.0540623108281555 0.0323227801312623 0.128196721589143
0.0103631280889863 0.0634477813315436 -0.0270963863383009 0.155201971988499
-0.0227911798727767 0.0896193333062963 -0.0867502893978032 0.100514688000554
-0.0737088031538655 0.0787985877442362 -0.0774650978742358 0.0189993472939607
-0.116650993343246 0.0183148155487385 0.016692354172699 -0.023669436342032
-0.112523961706225 -0.0295223596703321 0.172919288678045 -0.000594469973237892
0.0354957561416685 0.0410559772090887 -0.186809341785226 0.0120063969094502
0.0602553570567571 -0.00100578177522586 -0.0418092714816851 0.0388986445656832
0.0471940886325626 -0.0388071819991186 0.0747626134931301 -0.0252077171533915
0.00637955613631986 -0.038301972994605 0.0944117274598444 -0.104419240639969
0.0053851350643827 -0.0178852210913055 0.0362491415531446 -0.168831535273295
0.0063617641042742 -0.0191826311072083 -0.0463879453370555 -0.152779144435472
-0.00489417445924563 -0.0258642592402322 -0.0861284154965802 -0.101827413085197
-0.00277460574853897 -0.0218696165473019 -0.0974437364742343 -0.0549451723602559
0.0075539621720018 -0.0279493366541827 -0.102485480591997 -0.00952835997361853
0.0230583583605279 -0.0231273620609636 -0.11807911297722 0.0140475400948559
0.0258465995012407 -0.013767164580443 -0.122064689567225 0.0242887186727931
0.0302094432203986 -0.010099998713559 -0.136591168628362 0.0303655611383376
0.0478718818927532 -0.0120129553075387 -0.15703420188902 0.0349538594309099
0.047911976389404 0.0275292232602216 -0.134661740427202 0.0639874826964213
0.0247302670610363 0.0544616865024263 -0.104728313339626 0.118331691198841
-0.0309393513671825 0.0738754754455727 -0.164596244771403 -0.0203768855927286
-0.000638454241873053 0.0335663724845427 -0.0199200827711419 0.0166385460919044
0.00444349110698882 0.0119023324689482 0.0928442533932203 -0.0532011502917529
-0.0126419759643448 0.0186944948317564 0.101616949251467 -0.124519077349319
0.00849288242629227 0.0318434158491279 0.0379453982922572 -0.176939106907961
0.028480020628483 0.0222407732262054 -0.0408217486574048 -0.158205072616441
0.0315918477134662 0.00140120856863671 -0.0792332753921103 -0.105712733299762
0.0339440298442963 -0.00602556574169505 -0.088793209359 -0.0594405451324722
0.0501814837229804 -0.0131959195228151 -0.0912697643973964 -0.00960402234016964
0.0642117654633714 0.00691463904655906 -0.104785322334925 0.020680394200111
0.0587691530799645 0.0296302588883436 -0.113551109714756 0.0371957602854734
0.0441480595148088 0.0567588675268372 -0.136084613023037 0.0364712790179907
0.0280021153202542 0.0585245950980414 -0.151467796339059 0.0257413736443311
-0.00476378956967734 0.0793567755110624 -0.110817674837323 0.0518418883622302
-0.0445183000262403 0.0968155945764337 -0.0754738744701739 0.105115350952154
-0.0937719593898544 0.095391030098625 -0.11926663005649 -0.0498544866132003
-0.0675883355239104 0.0671585965994416 0.0222604154597963 0.00193183870689603
-0.0423929941119217 0.0711731018622243 0.128093751236545 -0.0765879157480804
-0.027252327561486 0.0837651994990201 0.116650395407548 -0.14543496205239
0.0164018466268495 0.0818040000926679 0.0404265750400318 -0.179023731009446
0.0504992833162559 0.0613586419517979 -0.0309789119095099 -0.152851356236827
0.065951876743277 0.0282588564252296 -0.0631605640116366 -0.0985554326183706
0.0658937242576748 0.00997666120750783 -0.0675465308266213 -0.0558751397903117
0.0847085310560311 0.0012140476882255 -0.0659811824858517 -0.00506954825175787
0.0960122866739466 0.0309078827380023 -0.0770571964104096 0.0316960880796349
0.0848692914099681 0.0608578342292989 -0.092800964732047 0.0585026349724209
0.060690773433754 0.107151763430899 -0.129890510117232 0.0516390004129488
0.0169785056873336 0.116783636184859 -0.147628115906343 0.0217471740198323
-0.0467616363912031 0.122317525670558 -0.0896084331390711 0.0283486594057013
-0.104213803827376 0.126523745320356 -0.0333577082414082 0.077995593660686
-0.142266271965965 0.104283985277981 -0.0576904650549637 -0.0750622923492502
-0.127392055171479 0.0966981626152108 0.0748335466360867 -0.0121333058902616
-0.0832616230966571 0.130170729956255 0.166052893261805 -0.0938045424064332
-0.0322935858795496 0.147619222334033 0.132550081235912 -0.158393257338225
0.0312646918856939 0.124322278590929 0.0451027209355898 -0.169813462387306
0.0711783905948404 0.0913248363733982 -0.0146166775371619 -0.135187045014572
0.0925349314443698 0.0489533632744844 -0.0372385546172049 -0.0814318891767689
0.0886539667225017 0.0243951834934392 -0.0372457847010266 -0.0445888632209332
0.103951039464411 0.0158671555491074 -0.0327440494074245 0.00387696959231976
0.110839738312217 0.0508858996175705 -0.0420428728579417 0.0438431898180556
0.0950847668859153 0.0833460762839651 -0.0652438787225163 0.0806885995132002
0.0654578221424564 0.139013627705173 -0.117460583538912 0.0692687837535597
0.00424827112388503 0.154943509593051 -0.141513422498297 0.0180128695768691
-0.0816714711586016 0.145536513929394 -0.0708819573332059 0.000305423633769416
-0.148997608681465 0.134611477737535 0.0138342679224992 0.0426850149910027
-0.166724772403791 0.0983111362340525 0.0108042804644864 -0.0974488025622275
-0.165487054141388 0.111888496382335 0.126376803868574 -0.0320695184979226
-0.110760283706375 0.170674849529504 0.192384946996495 -0.102967971769575
-0.031696160834473 0.191636410867555 0.142417416904128 -0.155351567379768
0.0451600718277042 0.147682850980922 0.055115272489702 -0.143934750984381
0.0837121585991644 0.106117995115618 0.011662985527062 -0.107489131422901
0.105147952615458 0.0602904584510226 -0.00333194558143085 -0.0583394793006799
0.0970708334209068 0.033852314111696 -0.0021013028970755 -0.0270099021786433
0.106806987173353 0.0300829371990426 0.00275400016679675 0.01793255252887
0.1062974009873 0.0681076218081635 -0.00725228531976959 0.0596227009460944
0.0853281180607681 0.0985521787134149 -0.0382845436966858 0.10164269433814
0.0506394187777378 0.154018397968893 -0.104316023694583 0.0825159761149596
-0.0183316955702484 0.169092692802168 -0.130794181282671 0.0137747584930733
-0.112288742953407 0.142072942102919 -0.0511810846452961 -0.0250937129803779
-0.175885458914162 0.116410794216901 0.0626095834646072 0.0100777224629651
-0.161794396232072 0.0769231415681011 0.0731139452998205 -0.116127404169656
-0.172679052596619 0.105679494624206 0.164342688315212 -0.0573887537563643
-0.11659910195642 0.176835461334591 0.199077036062236 -0.104232300930545
-0.0263492476550761 0.196384957178367 0.142124071470164 -0.135295055935739
0.0493472328830306 0.144687889026235 0.0693351181556295 -0.105529837622725
0.08081249122878 0.102142446184778 0.0447446211009198 -0.073516795232829
0.1010436726326 0.0609705310678995 0.0327169143915512 -0.0344395555344134
0.0907237227043806 0.0385604782638471 0.0324036128732314 -0.00627892116027892
0.0940803991146033 0.0410416562516606 0.0349331182955646 0.0388476995681653
0.0857415937034645 0.0778373149051172 0.0203155178511151 0.0806623458615653
0.0596602040139478 0.104018020976639 -0.019873346378476 0.122378229959973
0.020198135136776 0.151315679734323 -0.0926082710072833 0.092186674747811
-0.0487197438880891 0.157509954012952 -0.11308406737815 0.0103142725568649
-0.134602495497122 0.1135304239113 -0.0273303578862337 -0.0405763886370192
-0.180495248123932 0.0762710983212962 0.108096551953214 -0.0110591146144088
-0.128809721210586 0.0393141650240905 0.115826852556812 -0.125875139820345
-0.147213185479283 0.0767154792180725 0.17964784821792 -0.08007020978468
-0.0994631501723787 0.14474617966783 0.186176286677979 -0.0928341234586337
-0.0196667860532189 0.158876472697029 0.135203596823716 -0.102783412258473
0.040112975326723 0.112141897530134 0.0859265667534549 -0.0655648014392485
0.0604466262138285 0.0814615115756408 0.0766505338407548 -0.0429140335479444
0.0779159325690041 0.0531338089927405 0.0645757328250175 -0.0137100542982502
0.0711111871152176 0.0372213817646834 0.0604143626495285 0.0154403010171439
0.0693189671908679 0.0438880910980497 0.0593667696909699 0.0637800813087973
0.0573190229000135 0.0734535551720211 0.0350623584909935 0.105422826372527
0.0308715449159797 0.0926565048974243 -0.0141871907404285 0.142193459530438
-0.00874409548247937 0.128696699732315 -0.0848199078456376 0.0996909937237716
-0.0701751343228281 0.124833329475034 -0.0937589805081862 0.0131047302009156
-0.138482390452654 0.0690273060141541 -0.00246895010383711 -0.0391846747619874
-0.159760999773182 0.0258293997620124 0.146744385177625 -0.0168357078583374
-0.0764455233577897 -0.00964430903489779 0.131762356177633 -0.124809059587429
-0.0998590655387611 0.0294050097001248 0.172136817776126 -0.0900274733886159
-0.0663697260715134 0.0831192535085316 0.167227544276606 -0.0696571495775861
-0.0153195361932547 0.0914004689988813 0.130440188377543 -0.0699113561236143
0.0171932046452981 0.0618881880852315 0.102272859567199 -0.0380970393872764
0.0256801679257667 0.0504058074865458 0.100352883482891 -0.0235441189689507
0.0405024988367641 0.0398354462610421 0.0858123352390475 0.000339951799184932
0.0400485431009869 0.0302625929063893 0.0780999676747615 0.0340364262715886
0.0378436788952637 0.0356077646355279 0.0723574034007275 0.0865385596619833
0.0293917226876365 0.0521733509459707 0.0380869019585952 0.128164438856341
0.0123632893048033 0.063008508358955 -0.0198443271723873 0.157968511255428
-0.0179481015711419 0.0900870774923083 -0.0823854957470532 0.105341992780585
-0.0700292549849891 0.0813150121735286 -0.0778530415867676 0.0238597874648131
-0.115358964960597 0.0230525395152645 0.0138740484271929 -0.0244462459207936
-0.113753892205186 -0.0230643319137511 0.171376940437639 -0.00839401533665334
0.0353838887781832 0.0402512781011711 -0.185561957699657 0.0138365597140056
0.0597440313779513 -0.00155825647102403 -0.0397413607717885 0.0391832666804468
0.0460833932754233 -0.0391835860062482 0.0750549511282891 -0.0277968576297801
0.00615656688685983 -0.0378882650033016 0.0923413186572843 -0.107425601223239
0.00631082640989102 -0.0186162033845024 0.0325976990303372 -0.170665685344018
0.00600428625829444 -0.0193802184017264 -0.0485238105283179 -0.152742536039673
-0.00499032239524436 -0.024499097083652 -0.088815318271668 -0.101760740313044
-0.00294206929279559 -0.0210576960537748 -0.0993348745136712 -0.0549924227251939
0.00713720821259465 -0.0278479184683251 -0.102945164415286 -0.0085310907216313
0.0226257640728826 -0.0230137253793638 -0.117877430517982 0.0162926532083332
0.0254695222590909 -0.0139875169151268 -0.122250312467909 0.0274969355720694
0.0302296425620424 -0.0113386960851992 -0.137392786357044 0.0337157253988034
0.0466995527443945 -0.012706722658798 -0.157469483280613 0.039264318000003
0.0480021439850446 0.0267315722052834 -0.135385987838898 0.065231407517949
0.0250381569429097 0.0525007164079839 -0.105698532634725 0.118642615139951
-0.0300195077445911 0.0739963050832991 -0.164002892958514 -0.0186570742975741
-0.00122830490365929 0.0341121101819285 -0.018079475199411 0.016382878123235
0.00389978315572151 0.0133974398751309 0.0927936191349668 -0.0559838319466236
-0.011866289016073 0.0197281052833195 0.0996258650683793 -0.127392352321584
0.00961393720551842 0.0324203069517329 0.0362318975081791 -0.178627360435338
0.0294014068672406 0.0218170658827808 -0.0429676539549552 -0.158287838442667
0.0318946656267016 0.00205196535140828 -0.080486064050166 -0.106077509506529
0.0341241460878903 -0.00587547947905476 -0.0907234302201642 -0.0589680449503759
0.0505212198817214 -0.0136956577044604 -0.0913453941278808 -0.00868788772498485
0.0646392206129305 0.00557770328647846 -0.103758806475958 0.0226343973025919
0.0592146348412095 0.0288301673839572 -0.112907087944369 0.0400053116485135
0.0458083750444582 0.0561504007952179 -0.136119364305754 0.040267319847528
0.0276188468394601 0.0583502557556783 -0.152020638809866 0.0304796530812774
-0.00432830730547853 0.080015228174821 -0.11195276821223 0.0528485654147777
-0.0441213915580801 0.0965034669513735 -0.0759570601822886 0.105224141905195
-0.092436728056547 0.0957149637281911 -0.119722795966646 -0.0475370222336021
-0.0677501773937741 0.0679790873249319 0.02358740431168 0.00215477437625366
-0.0425064835948945 0.0730005345390537 0.12724873243794 -0.0799112099432659
-0.0254523346012635 0.0851108397445146 0.114311529936004 -0.148663909653606
0.0183573503426237 0.0826347501308919 0.0384237914383597 -0.181171220215939
0.0520726718193245 0.0610683639382357 -0.0333037978409354 -0.15335750954229
0.0658730412887252 0.0287455885727668 -0.0631188905257452 -0.0989408549631082
0.0665774638232376 0.00982587945360723 -0.0692790590486745 -0.0554429967604358
0.0845628188087569 0.000173537874548652 -0.0659900703080557 -0.00501517652359952
0.0966161643303672 0.0295976306165013 -0.0760336288202308 0.0335509507214512
0.0864434668602065 0.0603996891979488 -0.0915470465115811 0.0603523629016087
0.0632080917449144 0.106645397556359 -0.129200452525764 0.0563250092630984
0.0176233886269246 0.117213219223997 -0.148044597901215 0.0270284147174678
-0.0458331116054958 0.123725109304918 -0.0914415899854633 0.0299026430420395
-0.102646224475085 0.127534860311309 -0.0348307109078062 0.0775923898126051
-0.141080882653001 0.10506441727312 -0.0578140303975501 -0.0732167424857567
-0.127339872966258 0.0982080147583099 0.0757087659571819 -0.0124115126467425
-0.0827378245976398 0.133016259439036 0.165160608250652 -0.0983020430441756
-0.0297816530251956 0.149682886624742 0.129919237940901 -0.161389300149832
0.0335856095910434 0.125388686751125 0.0431630024880721 -0.171614997654157
0.0734907906054544 0.0901559655615329 -0.0164904627351683 -0.135730990928785
0.0926688142872952 0.0486638011204007 -0.0359105538224969 -0.0820146892456253
0.0889234560690959 0.023412376689364 -0.0386148180871968 -0.0436818130476092
0.104317559118657 0.0151719705625668 -0.0326215206804686 0.00376545622435427
0.11211765146618 0.0494297834770888 -0.0409600845284009 0.0452848565375014
0.0968464170959405 0.0830251319826882 -0.0624944803085477 0.0822690345681379
0.0688426125729502 0.138221713354536 -0.11664098622978 0.0737198543366716
0.00599873586424484 0.156141645485304 -0.142013617264289 0.0236324906744171
-0.0806636318979566 0.147412941436721 -0.073379666088865 0.00157196136862855
-0.147207693769604 0.135969260303546 0.012413257345207 0.0418560663313983
-0.166101178785302 0.0998567426899507 0.0103926218286563 -0.0963772443362146
-0.165468993320929 0.114821757793799 0.127367990570202 -0.0332345067650387
-0.108734220125099 0.174424075692821 0.191688694549163 -0.108384269776357
-0.0279397202540853 0.193785366236205 0.139850017780325 -0.15943561303368
0.047681630460373 0.148822908700469 0.0537624821798797 -0.145909728492648
0.0860021833789067 0.10486672378296 0.0102687869967991 -0.108137597735102
0.105572995847336 0.0595892142975331 -0.0020395992809118 -0.0590681627438275
0.097633629744311 0.0329308157243069 -0.00262989691534177 -0.0264021692927728
0.107546690114354 0.029243604598543 0.00363575616309109 0.0184733859354014
0.107960149479603 0.0659728502554306 -0.00536352318222382 0.0609422470503662
0.0874704557223876 0.0982235858355437 -0.0346067793262593 0.103178156052105
0.0542996175125703 0.153538709825352 -0.101991117220333 0.0873350461789749
-0.0162163502867035 0.170404834266029 -0.130949688351234 0.0193003015933958
-0.111594464819453 0.144677537503539 -0.0539622754155064 -0.0237886266282722
-0.174243157867973 0.118952064383502 0.0604011291436155 0.00876077462848828
-0.161124378974297 0.0786833707477572 0.0727259672808029 -0.115845697701757
-0.172042769035626 0.108696875827399 0.164709907474503 -0.0588223777022521
-0.113302778585344 0.179998834506417 0.198235224716744 -0.108945962064441
-0.0234287332974137 0.198087257039201 0.139535652629166 -0.138715307663829
0.051543662834701 0.1446732570696 0.0678519425695276 -0.107450154671637
0.0828587778025545 0.101209016329495 0.0434647766554392 -0.0742770585172698
0.101321213136535 0.059968610283679 0.0347943041289471 -0.0347961553430538
0.0911432533883328 0.0375268831871785 0.0325742689959125 -0.00526238499063884
0.0951839265252134 0.039895928428957 0.0360275542216776 0.0387320962024394
0.0876733772496706 0.0763271621448541 0.0220902775439541 0.0816660024005628
0.0610990019605282 0.104461009302233 -0.0159026733520082 0.123851978431718
0.0234139922376941 0.15120409280471 -0.0905551440804511 0.0963503333403836
-0.0468639830183894 0.159020397852963 -0.113768319195471 0.0152545407319922
-0.133711893903661 0.1158499764847 -0.0302566948175662 -0.0392694283409627
-0.17961481343532 0.0798447787939077 0.106252440483425 -0.0129033341734343
-0.128848034054486 0.041944068296133 0.116065256543546 -0.126506342693093
-0.146922978799986 0.079454937173425 0.17947779707896 -0.0821196632031049
-0.0968032388218649 0.147406811691001 0.18568783392427 -0.0975463373421683
-0.0161990799562621 0.160672855602937 0.133010385830245 -0.105675466065454
0.0415867055250845 0.112586469504564 0.0849855638455571 -0.0673936552135285
0.0622592755420246 0.08049023039036 0.0759441449348374 -0.0439783981793265
0.0781087294113653 0.0516021414416764 0.0668558099975762 -0.0138802152078294
0.0707964804155665 0.0358381938959572 0.0613643923701164 0.0156117149290921
0.0702945367148584 0.0426558201980622 0.0609204248406192 0.0633233555128521
0.0586419356223077 0.0724991793051683 0.0377718368599881 0.106873604123829
0.0328249624895717 0.0926573947721774 -0.0106192930129897 0.144462853933184
-0.00567606510734326 0.128671173758728 -0.0836728058620825 0.103393023637103
-0.068395767673207 0.126315419984754 -0.0942325148900667 0.0171145229712986
-0.137231191969621 0.07097501334208 -0.00559575733980059 -0.038925134215891
-0.159267887258352 0.0291977903255037 0.144840881275435 -0.0194498087506005
-0.0770515876658659 -0.00745802984563181 0.132522309444241 -0.125299735648438
-0.099735790871332 0.0318394699927042 0.171762596236493 -0.0922108540397916
-0.0650249782647307 0.0847084550187458 0.167304443099406 -0.0738946690075292
-0.0135208204601359 0.0918276739537175 0.129112488544831 -0.0732058233180365
0.018102692677471 0.0618271966293949 0.101941648600501 -0.039587793516045
0.0266976233986649 0.050474683849479 0.100149118263428 -0.025361124289663
0.0407787026482637 0.0389194806609588 0.088032799250787 -9.44094657173125E-06
0.0397741700567556 0.0287440796109873 0.0794693073819684 0.0345734227233534
0.0379802984922998 0.0346300649338939 0.0743094382766363 0.0861573613154464
0.0299068975629841 0.0513575490141479 0.0401937063599769 0.129571840802915
0.0129457573715646 0.0630876912650182 -0.0156657440667449 0.160145489121484
-0.015397358585065 0.0901017826074922 -0.0809493747595097 0.108911601551712
-0.0677445538102468 0.0822957439650096 -0.0783962566704955 0.0269757908010261
-0.114873930904977 0.025138557684449 0.011676312708196 -0.0242232103323657
-0.114207969327117 -0.020366727959232 0.169052428038293 -0.0113951002665689
0.039868390174027 0.0327063075000585 -0.189523472915196 0.0548625883234342
0.0577604527366093 -0.0125542007141907 -0.0299676636490099 0.0497910279163365
0.0369217286693189 -0.0472985818555478 0.0761399666866357 -0.0439060078884121
-0.00246019953928941 -0.03966501616325 0.0764563800298001 -0.130209519633906
0.00110572057070695 -0.0218933119955784 0.00160512267468695 -0.182776394165812
0.001096543440163 -0.0193477859221931 -0.0770690531687953 -0.147673777827147
-0.0108989546093724 -0.0217003429996029 -0.107052321895155 -0.0884449128473259
-0.00659797407090945 -0.0194973549842012 -0.111783728658278 -0.0375217597267811
0.00106852140552966 -0.0281840917832471 -0.107735037865315 0.0110598191143002
0.0165891093315047 -0.0271224926156102 -0.117998344729645 0.0420779215874093
0.0200913145051467 -0.0181783630136227 -0.119846739817575 0.0545346370027454
0.0259015188073102 -0.018124926633934 -0.134580875452148 0.0655571771388839
0.0402288705963173 -0.0223949166086826 -0.153680895967137 0.0774134751119983
0.0502570967243597 0.0155916143497559 -0.129590859171363 0.0968505122041723
0.0323745791847886 0.0476772714585558 -0.0895559945385884 0.140344600191491
-0.016831360561808 0.0760046210148618 -0.178582651000905 0.0150095295110387
0.00506017342502326 0.0340687111632329 -0.015401742830178 0.021600328781603
0.00650566858417061 0.0120507917130135 0.082982060252456 -0.0761441017733066
-0.00746253838721469 0.020210437377573 0.075227286089544 -0.151304488937345
0.014086944246913 0.027645693837806 0.000237614840105183 -0.188827816582363
0.0315440791455502 0.0164983191865485 -0.0737235954222056 -0.152116189537332
0.0310036033224845 -0.00354134928735482 -0.100713690679401 -0.0911793426461304
0.0325544660798028 -0.0105910091803055 -0.103710893359439 -0.0427805224326498
0.045957870015741 -0.0223366135352393 -0.096291713082488 0.00865004731248545
0.0641014754199695 -0.00628379211371249 -0.103309259561386 0.045987925352654
0.0609070008550738 0.0180467357258144 -0.107925084261272 0.0658524815863846
0.0538475477789669 0.0450910495512516 -0.133347146392222 0.0720745705189897
0.0352784424755994 0.0513204059683477 -0.152790572544599 0.0664066444447549
0.00957442416169683 0.0796833353332923 -0.107937322092975 0.074997259902295
-0.0279540170021669 0.105776096383346 -0.0607884503493339 0.115968280495414
-0.0728411854776172 0.1077652487054 -0.142321104642888 -0.0253939056255917
-0.0535917376043282 0.0800229090765199 0.0212959526177853 -0.0028045815734299
-0.026533399306011 0.0791871227071026 0.107345444533341 -0.10724528481859
-0.00743489440653385 0.0868018504752016 0.0806623749627402 -0.174473229537879
0.0326337506632231 0.0763254367219662 -5.97632934920212E-05 -0.188670219897266
0.0616849033371806 0.0504458607986993 -0.0634110370634538 -0.14606305501867
0.0699198999874393 0.0151583635486532 -0.0824216275861854 -0.0840527161291969
0.0669378801822181 -0.00101311404794141 -0.0814488314841902 -0.0420692640031033
0.0825724579156231 -0.0145156024966917 -0.0698409288886439 0.00766923618636568
0.100384313035009 0.0111307414092998 -0.0732138596602692 0.0516293917437372
0.0931031899850863 0.0441616462227506 -0.0819398978834587 0.082871656645892
0.0804948895915737 0.0917103757770266 -0.123787052781448 0.0874610149028998
0.0365752975741801 0.110836272176298 -0.151773917387691 0.0613135301488139
-0.0222140545860692 0.131906770067525 -0.0917184905502653 0.043920643324214
-0.0797033480156081 0.148480595798349 -0.0218761682799605 0.0761324328131246
-0.117497547957516 0.125793797383199 -0.085586518059088 -0.0655732788841237
-0.105991493619928 0.120914659955318 0.0698920848264789 -0.0297270437140326
-0.0538014241687194 0.145655428334539 0.136635767176123 -0.132759291550959
0.00254032680683606 0.150170347082906 0.089150888286583 -0.188800004098672
0.0564506934208744 0.11521584921264 0.00539906127975713 -0.176928937051457
0.0882990343853079 0.0755377310398324 -0.0442221683949748 -0.128580888850063
0.100166037770622 0.0289974645409073 -0.052521526125492 -0.0696670764233084
0.0914002502111013 0.00847442443354544 -0.0474947525019572 -0.0361786224389529
0.104853098832616 -0.0043600839803432 -0.0341928711265336 0.00997011645141225
0.119439625343072 0.0281881753564658 -0.0343167936680825 0.0568761634520746
0.108247354692785 0.0647701393600963 -0.0478073092248997 0.0991115675766568
0.0918931962476271 0.122751466173603 -0.107468573971353 0.102625323748023
0.0327330036842795 0.150825663714982 -0.147742506549011 0.0560450462686783
-0.0514493198171402 0.16261226889208 -0.0788591512898529 0.00946765937490615
-0.121793110699173 0.166893834533095 0.0214970993585999 0.0292013219707561
-0.142322653852459 0.1261589025439 -0.0191686004521532 -0.104714283030405
-0.139118621030662 0.144577751640936 0.116931903680736 -0.0620517574478341
-0.0706939823263264 0.190683687681727 0.157939315400271 -0.148009296700705
0.014075662736594 0.191592453625321 0.0960126939569392 -0.18614414366825
0.0754091520913825 0.135550282471359 0.0201394774433296 -0.149856275732585
0.103163609126477 0.0877963299541929 -0.0119006140262753 -0.104033850682576
0.115208563507729 0.03643324012061 -0.0134895365695942 -0.0511239252776732
0.101453406343956 0.016093007102488 -0.00762393509368432 -0.0251252479690557
0.110997055178198 0.00926969736371067 0.0056429863781687 0.0176684883410753
0.118535338941527 0.0460205859981661 0.005046038997496 0.0655874809315455
0.10177102285332 0.0824964639501569 -0.0143962501555349 0.114618410522758
0.0803030132115761 0.140794571969843 -0.0902994492284849 0.112812953288514
0.014630246293224 0.168927944589998 -0.138012761320182 0.047780579497828
-0.0821683410261116 0.165687165878079 -0.0625628429938837 -0.0220203459960018
-0.150759497078693 0.155330592514838 0.0661819921551937 -0.0141978644426174
-0.141676363180616 0.105419613181116 0.0433240266406842 -0.137434468522219
-0.14717710521049 0.139647496881161 0.150605215614273 -0.0974786986887192
-0.0745375375008295 0.196842262982993 0.163553092667777 -0.150319182815258
0.020398854128497 0.195397142350191 0.0993249263903215 -0.163572606235946
0.0788004841492452 0.131694267278318 0.0429897051036648 -0.114156249969805
0.10037301304018 0.0835366017844209 0.0280870753890103 -0.0759591266984254
0.111130289078757 0.0372537675799075 0.0279537151983114 -0.0332655356538001
0.0965118442312418 0.0208842497039564 0.031904807777279 -0.0106043357526352
0.100565361397341 0.0222300487126138 0.0444071910441084 0.0332220150432505
0.10102971580523 0.0597567549388371 0.0379548621083132 0.0814491072041084
0.0783036928247545 0.0924105287213433 0.00967026187682445 0.132014273652051
0.0504253041464228 0.144229325894542 -0.0754902674149272 0.118879623679465
-0.0168363864862897 0.163496467729404 -0.120450003631287 0.0389711625947035
-0.109032960192581 0.141874407428044 -0.0393433257007049 -0.0429482062339335
-0.162689704928863 0.117093879373683 0.111125582739019 -0.0436790679476304
-0.116568290820651 0.0642014126281949 0.0897003695707676 -0.157478057979808
-0.128515235478939 0.106757933142915 0.163631682130777 -0.123439309824732
-0.0638200014873215 0.161775611997558 0.15669260863714 -0.136571027624888
0.0182881175396527 0.157067733142298 0.102312378634668 -0.130246308910808
0.062437218107422 0.101187398679678 0.0700411267893836 -0.0779979763642456
0.0766429033635833 0.0668953362801695 0.0673352379377307 -0.0535913066681086
0.0873604986681231 0.0343224672912446 0.0647740806616754 -0.0198463447279607
0.0760811083889256 0.023030853758849 0.0654562389510199 0.00577444823775576
0.0769030205587685 0.0294493294572809 0.0741649305477259 0.0530227185685802
0.0713585749450483 0.061153601686219 0.0592515498095928 0.103619427250796
0.0474703904633007 0.0868797695626932 0.0189272522559411 0.151156576091093
0.0171938829470026 0.127594798943009 -0.0659483773673451 0.12426440028287
-0.0442375706126611 0.135248592848921 -0.0985811708665965 0.0357870830131604
-0.122036968729863 0.0985580388956893 -0.0118259045320572 -0.0459324520901318
-0.151724692237656 0.062475700852775 0.150130683622103 -0.0544812105329144
-0.0756073872679952 0.00722040679088953 0.112024021161228 -0.15986034469334
-0.0914956481251767 0.0500360973199901 0.157046357343757 -0.133081304701241
-0.0461149862205924 0.0944118450730714 0.148840093334778 -0.110097277254139
0.00754365683974924 0.0906223656047712 0.1100650238825 -0.0977637979474578
0.0297830318591674 0.0554233248886779 0.0936832105328153 -0.0563756609366732
0.0361228890434808 0.0436207143979745 0.0960125036197814 -0.0418571741709094
0.0477576958349941 0.0289996332785794 0.0880169663669324 -0.011380556789404
0.0444623662026877 0.0207769674405491 0.0871239168516314 0.0209190202201031
0.043858403463499 0.0275411258135984 0.0934332280653464 0.0740974215074235
0.0392872693248875 0.046007474408681 0.0671157062085724 0.126614863460078
0.0230158816058864 0.0606064245915868 0.016494842559113 0.16872094045914
4.62283974130397E-05 0.0909067158779329 -0.0619155619386613 0.129670116339078
-0.0513593545673015 0.0924077108301588 -0.0782960144684177 0.0423110945865629
-0.108864463983042 0.0478288244210745 0.00958886237975571 -0.0315682262924008
-0.115820723556615 0.00466715746890032 0.176642759315198 -0.0475369030639183
0.0420623966097005 0.033339403063598 -0.197374491755892 0.0589906380553962
0.0600860724789624 -0.0135869597769468 -0.0303574359727208 0.051572076992577
0.0378148723918903 -0.0496368194035657 0.0782054792651346 -0.0477006477303929
-0.00262088418016909 -0.041280197611135 0.0771313678801469 -0.137749581686937
0.000951846129202349 -0.0233934648439119 -0.00127885331547202 -0.191289239576413
0.000876308407812963 -0.0206582178275275 -0.0821528497783841 -0.154087729651379
-0.0110174103476627 -0.021708066073154 -0.113990634679343 -0.0914533896701749
-0.00660075643587372 -0.0196985395587412 -0.119197462066208 -0.038317514762233
0.000780589692522457 -0.0291968638821542 -0.113432313802707 0.0121546795309019
0.0168331078721424 -0.028727938429013 -0.122396551257692 0.0454520336488549
0.0204078911115927 -0.0195506897420044 -0.12514891593808 0.0595071179739132
0.0267314769166428 -0.020523843378261 -0.139966898965542 0.0719817669083023
0.0402846672395282 -0.0236008860014221 -0.159101420297435 0.0844819067685333
0.0524131220614041 0.0156764584363084 -0.13557587654737 0.101966474872124
0.0333671013066535 0.048103198592109 -0.0943519763532128 0.146661001627462
-0.0168901649613362 0.0784624276757894 -0.186379528920413 0.0179968971215384
0.00504738391160873 0.0354808459013252 -0.0152779753060124 0.0223322730914437
0.00706039953648729 0.0134171796491106 0.0848252587133011 -0.0810943349543062
-0.00733096385261322 0.0220904294660152 0.0758768693328437 -0.159515264884378
0.0159110046388724 0.0287528649052387 -0.002122309061732 -0.197945644987243
0.0336727862540529 0.0165666878904626 -0.0791586269439696 -0.158704742739369
0.03308016197679 -0.00287657762504973 -0.107203635917989 -0.0947425515530479
0.0346486774421009 -0.0110214877949906 -0.110382530502126 -0.0438146497144744
0.047901221344513 -0.0238253928868776 -0.100857208183677 0.00955785254216126
0.0670779413206926 -0.00725438797875178 -0.106493971614217 0.0498691833392217
0.0642093800192389 0.0181231805713989 -0.112140922603479 0.0709566085471419
0.0569989594990502 0.0456538725529415 -0.138341512739034 0.0792906685603838
0.0366729598642202 0.0531484661903863 -0.158354489799741 0.0734917397603172
0.0103806540093643 0.0832772203277326 -0.113936933432353 0.0797398837919536
-0.0284884346428401 0.110200337227673 -0.0646432135810448 0.121729033895215
-0.0746794314845879 0.111932658701967 -0.14808257901905 -0.0251508565451919
-0.055791868364038 0.0843613691262674 0.0227867035911897 -0.00368164237778962
-0.0264198293550154 0.0840188410179276 0.109483731370604 -0.114367327187447
-0.0058222657315321 0.091738497471676 0.080929891803849 -0.183279733679286
0.0359146897865222 0.0798335635200995 -0.0026421290185373 -0.19815483956524
0.066069580265003 0.0515613137765703 -0.0689256749619407 -0.151902310433629
0.0743800183203982 0.0158510964203467 -0.0873091728133533 -0.0886062727365578
0.0705110413776183 -0.00131023552864769 -0.0863205672739538 -0.0435962093553581
0.0864538459165167 -0.0166546281924297 -0.0734032330464159 0.00853571734441405
0.10581991655566 0.0104051735439227 -0.075081467121764 0.0548292716837107
0.0987918712808167 0.0454068883116387 -0.083404698642103 0.0885255371696459
0.0864856808413854 0.0941538429844769 -0.128051084127637 0.0956377993446944
0.0391641330890839 0.11625486599806 -0.157581437236213 0.0687891749006275
-0.0223272810392284 0.138422350530712 -0.0980143841524633 0.0481290513558431
-0.0816362098492314 0.15635852501058 -0.0245841640009752 0.0794211457040433
-0.121418937752027 0.131731769836602 -0.0896175218701052 -0.0666979533096513
-0.109597089004635 0.127698236757967 0.0737849925101333 -0.0317197318591866
-0.0536475131259895 0.153644124562416 0.139810509148705 -0.14130253630593
0.00528186612056607 0.158053466325154 0.0889043259744081 -0.198345818353888
0.0617765780374023 0.120592656049154 0.00254348939140523 -0.185633260487805
0.0946725600914863 0.0776952356751091 -0.0484045158825407 -0.134073498354553
0.105641423595141 0.030037540291591 -0.054730026065444 -0.0741112973890592
0.0958126509906622 0.00799475957682471 -0.0504870134338802 -0.0370955141925633
0.109102598919725 -0.0059819956836149 -0.0358700238558498 0.0108450540714827
0.125915577794481 0.0274336915895466 -0.0340688475565538 0.0601314106967763
0.11481384303013 0.0671679554230528 -0.0473598529316912 0.104590887582374
0.0993361387029369 0.126488822602025 -0.110336886354655 0.111624368720045
0.0361825173468643 0.158406785015283 -0.152773798360092 0.0637578689065312
-0.0520872548106849 0.17112057644121 -0.0843044068746066 0.0120794918254751
-0.124930686536563 0.176316145089848 0.0200940849146148 0.0297079413361548
-0.147787044017661 0.131612127832046 -0.0207102975427346 -0.107883684294478
-0.14456805422102 0.153517855827118 0.122131114116547 -0.0665084521418264
-0.0706091210753675 0.200959943666449 0.161484910845803 -0.157818774114628
0.0178469349386068 0.200668010216658 0.096269347992143 -0.195780586202981
0.0809906270501403 0.142341590170423 0.0183859467050345 -0.157119133768268
0.110318777362067 0.089838252685156 -0.0144706399622733 -0.1077165418359
0.120840209474956 0.037230722165517 -0.0135328110962562 -0.055028290788533
0.106276726265767 0.0155745998096296 -0.00802352498190769 -0.0255259763550821
0.115563305258384 0.00828972769272796 0.00698926595699463 0.0186815684088594
0.125838413354793 0.0465964123221703 0.00731743253919374 0.0684570215398809
0.108579260171936 0.0853429907006922 -0.0118838105205232 0.119978190166541
0.087487287237029 0.145419948590981 -0.0914285814496224 0.122205871257412
0.0169703764740817 0.17773383646347 -0.142645688008802 0.0547759880252523
-0.0844203364381162 0.174904059835023 -0.0678187724189747 -0.0197529041784807
-0.155055198984941 0.164662087428422 0.0670292826734745 -0.0155519149649842
-0.146886622272994 0.111255126143284 0.0451980239583718 -0.143420859493568
-0.151508349317227 0.149161440911772 0.156443150584391 -0.10335419036264
-0.073984817048862 0.208304208877864 0.167567304830131 -0.160682508394033
0.0249870714165637 0.204605725450297 0.0999006742030124 -0.172850542246705
0.0846963020926999 0.137315798405979 0.0423793206648415 -0.119166940754612
0.107206196899453 0.0865008397484313 0.0281676279288169 -0.0797486410945805
0.116720415774298 0.0384188661506264 0.0307710783112772 -0.0362260019991461
0.100713174425954 0.0213886083820452 0.0339623615680952 -0.0107144101240015
0.105317157559454 0.0220729291194139 0.0468320516402763 0.0347654556737327
0.106723096144363 0.0608957002055473 0.0423827221329916 0.085257919701557
0.0838427489125543 0.0965689653198452 0.0127809446001477 0.137568033543406
0.0555120002544913 0.149886278601938 -0.0762248402704123 0.128081973166631
-0.0152777189757077 0.171931703001253 -0.125160775085659 0.0456015043869306
-0.112749008728111 0.149739572095657 -0.0439202198620337 -0.0421452620977965
-0.168221545882252 0.125197738180169 0.113061137348007 -0.0464075000560093
-0.121168051618403 0.0688115313812952 0.0936546100761079 -0.164651891538696
-0.132267852761548 0.114008434636493 0.169518635908294 -0.131958428706453
-0.0634912457009783 0.170215128591822 0.161231130101861 -0.146342981758216
0.022855196993246 0.164771840434758 0.103799634976498 -0.137150183093478
0.0669447413977505 0.105270675118428 0.0712376748708274 -0.0819984424984771
0.0816518977658363 0.0688498676352287 0.0696475475913993 -0.0563726721233517
0.0913494164731177 0.034834594535362 0.0692390184993892 -0.0223217873143806
0.0794298707587515 0.022660489969423 0.0692225175127601 0.00597514517642059
0.0806032008578435 0.0297184967294237 0.0788312109658985 0.0555393976361308
0.075583544592492 0.0632664796439068 0.0647734912214233 0.108209836271591
0.0512944719819858 0.0904815736882642 0.0239988891557604 0.157500384946026
0.02128221990797 0.132433734041739 -0.0667587261184508 0.133254886602111
-0.0437535700242743 0.142617039434893 -0.102878639506164 0.0409118481341824
-0.125752319643942 0.104420282638383 -0.0155565368962031 -0.0461969120242813
-0.157149278449051 0.068545109249575 0.15467268619143 -0.0584484688313256
-0.0785733170187833 0.00976198374422272 0.117594889499955 -0.166970167446242
-0.0939915464195191 0.0546540540743932 0.162424999238354 -0.141084788564464
-0.0463659355921096 0.0997608951902857 0.153077236310423 -0.118531463485411
0.00896579196951861 0.0942319190943947 0.112573466305684 -0.103545578528728
0.0313863924681532 0.057786520701138 0.0968583427869066 -0.0599775482508695
0.0381605615553951 0.0456670709960781 0.0999972808674582 -0.0444910645182381
0.0499195854594441 0.0294478879565164 0.0940134630923343 -0.0129349276295785
0.0464147963170648 0.0206951584360784 0.0927906270533868 0.0217671583232419
0.0456461703847893 0.0278140888326568 0.0996578101016641 0.07742039233234
0.0411670763790889 0.0469527511624889 0.0732749122007284 0.133040637576203
0.0249495391207742 0.0634254168236698 0.0208665884209883 0.176090084480773
0.00247648867058586 0.0941806632588788 -0.0624389400692252 0.138600726889486
-0.0521833315932707 0.0971874643028575 -0.0810364162764181 0.047299558677592
-0.112431780651461 0.0512670862189958 0.00764132415704596 -0.0321159233810168
-0.120543270470319 0.00693873298036837 0.182524241754855 -0.0509837857635477
0.0452810905163255 0.0330660296608134 -0.204025655227405 0.0695498361977284
0.06183962690685 -0.0168600295074292 -0.0286999775425107 0.0548601479247716
0.0379754652654887 -0.053958864313924 0.0789159764715416 -0.054009423954553
-0.00464515978308765 -0.043136672497229 0.0739172950275152 -0.148216683711926
1.81830568518962E-05 -0.0251650297051015 -0.00977730494416543 -0.201548369963548
0.000634818005985298 -0.0218912178465514 -0.0925137361594548 -0.159096486220262
-0.011210471490337 -0.0211941159137089 -0.124956630769954 -0.0914418374116253
-0.00707297517380304 -0.0195712766370238 -0.128789638832225 -0.0355505355580918
-0.000382984129865985 -0.0303137310727647 -0.119223774659558 0.0170993467996659
0.0163284070295528 -0.0306019156288105 -0.127411715551237 0.0531534958324238
0.0204264769108981 -0.0211913147770984 -0.128432970584988 0.0683292559290455
0.0268263504594899 -0.0230342522098251 -0.143070924399701 0.0832712049284243
0.0405864892915327 -0.0263532560358078 -0.163179551584263 0.0965291797722073
0.0550454010264256 0.0142272732594728 -0.13908439920419 0.112769383022088
0.0364138268925663 0.0483035804656752 -0.0954898544666379 0.156902278551158
-0.0143403712756242 0.0825203168854493 -0.194681015965003 0.0264790609149329
0.00642837266121595 0.036931353940147 -0.0146826678365844 0.0238277056853403
0.00822834234045249 0.0138946992927885 0.0843124684414576 -0.0887553904473306
-0.00637758032618416 0.0237826564450268 0.0716453713498911 -0.170710738718759
0.0182799833202996 0.0292937810618267 -0.0118114149162138 -0.208936963785513
0.0371582523575444 0.0156285772612269 -0.0896467774764575 -0.163609247937833
0.0358472837512284 -0.00347873577709632 -0.117521136779674 -0.0962363321523884
0.0361525223190457 -0.0122982483696086 -0.119503304178511 -0.0414138921817091
0.0488173864792796 -0.0265683685925513 -0.106495609620734 0.0135153286387153
0.0703896305480597 -0.0109318966917317 -0.109756649140373 0.0562296040039418
0.0684519139651237 0.0163756729454444 -0.114059071002151 0.0798592906691959
0.0617308351976519 0.0447631435613933 -0.141482619797657 0.0915800414252287
0.0397862156122873 0.0555035463995829 -0.162543138394965 0.0860461591108752
0.0139529556963191 0.0870326708308597 -0.117998792891186 0.0887098628358229
-0.0248552090246806 0.115976521048215 -0.0654662593006566 0.129464341487866
-0.0744040282106445 0.119944954888777 -0.156242722265466 -0.0195008998347596
-0.0559744857333608 0.0903918548760523 0.0247402359014316 -0.00472352415241816
-0.0238319081108726 0.0898200033802778 0.108015014466244 -0.125284532541759
-0.00120374051555763 0.0973049518915856 0.0761599737213526 -0.196308466267811
0.0423985858177652 0.082605096186832 -0.0117731969692897 -0.208594753683293
0.0723795058109928 0.0516046420523861 -0.0787265415405981 -0.157277950760807
0.0794522569003757 0.0144760850039784 -0.0958830787649643 -0.0907175541916921
0.0744084488990989 -0.00324549778091429 -0.0937835275540779 -0.0419534542142504
0.0890382008762865 -0.0205790409821345 -0.0774089521268055 0.0116821710363838
0.111727373928549 0.0060789977549432 -0.0752674664671631 0.0608344471240201
0.10633866575882 0.0436706758465906 -0.0834986952850074 0.0965133096427424
0.0950921572323131 0.0943512756671191 -0.12911768747607 0.109238096339539
0.0458778547873549 0.12165361397628 -0.161384670256147 0.0811075858357486
-0.0175141122260399 0.146380869690952 -0.102530151693929 0.055714818101057
-0.0788660882879983 0.167552725754229 -0.0251079446557391 0.0841460876499478
-0.122298082500003 0.14190643294607 -0.0963288591843046 -0.0664119798750688
-0.110023527855018 0.138877196435958 0.0757745250724419 -0.036642179183868
-0.0496871933622721 0.164380556053186 0.138625943799704 -0.154797602593409
0.0135270560092286 0.166374213449623 0.0837724770814301 -0.212341443420543
0.070501659794436 0.124873357898447 -0.00611924391213267 -0.195152982615926
0.103636702144944 0.0777593310581156 -0.056799067306269 -0.138723213613267
0.113578636073224 0.0278592972935568 -0.0608275965011892 -0.0770663647522437
0.101365155217384 0.0052186765919751 -0.0552310353884067 -0.0368169307947647
0.114350818035197 -0.0106394131104112 -0.0371067690106018 0.012858408592521
0.133712768444847 0.0235687328220564 -0.0322144276854021 0.0647030696346882
0.124017265594069 0.0658995871028982 -0.044299500983457 0.111746787406906
0.109723844584316 0.12760646511931 -0.109543498765223 0.124850330390733
0.0450511017369768 0.166133562344893 -0.156678782912119 0.0760184656440838
-0.0477131044467302 0.182049155730508 -0.0905243700678859 0.0180071661332985
-0.122854862916658 0.190535158953729 0.0194940336678423 0.0308288955502041
-0.148991839351904 0.144082245214877 -0.0248661618875768 -0.11192223396933
-0.144788952629845 0.168155034709298 0.125768689246911 -0.0756107390632949
-0.0641268094405275 0.215071891679925 0.160487837975033 -0.173489543559806
0.0287859042123122 0.211122332917128 0.0916273302140449 -0.208988845439699
0.0923763156696227 0.146636289166676 0.0120913312338221 -0.166143866108109
0.120496622997911 0.0895629269582486 -0.0205054158724797 -0.112657545830645
0.129238038380803 0.0346997384682902 -0.0161562076969547 -0.0589821199579803
0.112429864640762 0.0128749816119688 -0.00942788560152758 -0.0262696197733591
0.121434833780326 0.00278497407726586 0.00824600554308226 0.0201495943692108
0.134167566722158 0.043049111778764 0.012177404697971 0.0720829225347123
0.118732357499446 0.0854905121177497 -0.00647274305229586 0.12625040249833
0.0986705556616657 0.148365137385335 -0.088915599601863 0.135385941274823
0.0260087174035234 0.186979870411935 -0.14637930658931 0.0668323381625481
-0.0797689903478449 0.18752667684448 -0.0750650943119354 -0.0165757139916455
-0.155164684532348 0.180568279824423 0.0669904850439626 -0.0188612804045362
-0.149857707891977 0.122288737294174 0.0432150779337967 -0.15118479988566
-0.152044593755067 0.16412040520151 0.159968000621044 -0.115414655554486
-0.0675413584573391 0.222892594668487 0.166916779263545 -0.176937248563988
0.0366873172360773 0.214289116141918 0.0966046266160105 -0.185015638596937
0.0959881393371795 0.141504407136066 0.0391655449840299 -0.126958585761034
0.117101123257663 0.0864965489134497 0.0257156391667142 -0.0843363692301064
0.124188875681957 0.0356120420021887 0.0320114295525511 -0.0411440585770277
0.106136166330736 0.017723374252294 0.0358796586373024 -0.0119269713424227
0.111097200275929 0.0182313406559215 0.0512520934153934 0.0349352877054418
0.114647758834726 0.0592132074643867 0.0494644194893121 0.0879737787466233
0.0930752929737652 0.0986864752573234 0.0211123495936505 0.143482587978194
0.0660197366745382 0.154459961478385 -0.0727050377418575 0.140704240277433
-0.00818161025910515 0.182483899582939 -0.128421897929615 0.0554203252866287
-0.111513888790508 0.162656991688583 -0.0507592863081079 -0.0403792103905085
-0.169983039900354 0.139955295508466 0.114717124205767 -0.0532150874362565
-0.12418245749806 0.0772106550374535 0.0928857748342917 -0.17597463346374
-0.132988175967746 0.126389629680244 0.17218526465349 -0.146403121320136
-0.0581244895752428 0.182696950046588 0.161499916040574 -0.161147068074196
0.0317540933839377 0.172112935078131 0.102439205883753 -0.148032690776709
0.0757330302890485 0.108024396143587 0.0714618619404797 -0.0891829559443275
0.0892909168944749 0.0691852164587606 0.0703991969796502 -0.0619261105673705
0.0972283797478555 0.0332308328712546 0.0737706978208088 -0.0272194031963992
0.0836593087635377 0.0203856103866329 0.0745867122958881 0.00428398809901704
0.0853351122017365 0.0277356398837925 0.0865966294880113 0.0557556173580137
0.0820320214899968 0.062301432132568 0.0744011215188126 0.111831117284046
0.0581439132907512 0.0935152044785885 0.0333101798245219 0.164362287769086
0.0287608901217962 0.137208807589463 -0.0630356890108162 0.14563216211631
-0.0393037449344981 0.151236144368246 -0.105837974255514 0.0500630808547736
-0.127322839517862 0.114408487421329 -0.0206930731120962 -0.0462446314701347
-0.161136148415604 0.0797882254172183 0.157953172502625 -0.0673885643483961
-0.0819384519920264 0.0143443548447764 0.118123364781549 -0.179987351990442
-0.0958761383511499 0.0627322954173132 0.164396345444359 -0.155751093566242
-0.0429958915908323 0.107279411096601 0.154930287365101 -0.131991080922464
0.0144465199751582 0.0988608994007741 0.112989760867157 -0.112613879398909
0.0354805212531364 0.0598549447562902 0.0993937456811909 -0.067016816338389
0.042472183659138 0.0462494910943892 0.102310172709187 -0.0511331649914304
0.053522583859811 0.0288984779066417 0.100223972533858 -0.0184679843441183
0.0488539635122549 0.0195945851340519 0.0999848318286947 0.0196355837887328
0.0489540943061889 0.0271431183749359 0.108766067337638 0.0773371393061865
0.0444789684103693 0.0467648893230293 0.0838531989381447 0.137300535211141
0.0289626411153716 0.0655395065446676 0.0312711511348278 0.184618385256081
0.00731394237136344 0.097180055378326 -0.0588992099089827 0.150073537105678
-0.0499615740477263 0.103538013830186 -0.0834807927717677 0.0550377870001633
-0.115263785918599 0.0584322793892991 0.00475785429781144 -0.0332024862181577
-0.125526763304498 0.0145455853726424 0.188098125821819 -0.0616858270420868
0.0482038412466438 0.0305915793599334 -0.203652095853296 0.0843935361212085
0.062425465044966 -0.0213907259541562 -0.0257712240830569 0.0579068918114709
0.0356009804287657 -0.0581260661482261 0.0763671433069344 -0.0605369117887503
-0.00733601880308514 -0.0429091899818466 0.0656203504815957 -0.156969350727557
-0.00180282363697071 -0.0262097811008779 -0.0238063888008037 -0.206734985741447
-0.000553855460044406 -0.0226525406384209 -0.105849153872467 -0.157653735435391
-0.0113072634936262 -0.0200299263463415 -0.1349973296322 -0.0856555688334724
-0.00725303674250758 -0.0193316471712059 -0.135379567956277 -0.0280612825335805
-0.00232040655690358 -0.0301063089248186 -0.122770920280761 0.0247413625047115
0.0144306223303408 -0.0320403191821443 -0.12661296952042 0.0626694494780979
0.0195693839579691 -0.0228158859655552 -0.127316191184448 0.079617890961378
0.0256048860938352 -0.0258281221351031 -0.139827396700141 0.0958860618727592
0.0388320453120173 -0.0286836897926982 -0.160105696672801 0.110319789781839
0.05699311817489 0.0109276921214991 -0.136823625645092 0.12403669818567
0.0393827209363483 0.046158227066704 -0.090327031132513 0.166933146624566
-0.00999423063091045 0.084213095959611 -0.197174572937651 0.0394029116273143
0.00873938032869516 0.0372929261519243 -0.0129108481023338 0.0253828999241465
0.00930741362922195 0.0133966581955034 0.0790816510301831 -0.0958217533107099
-0.00432026970086189 0.0255281111533262 0.0616266161071164 -0.179246251610535
0.0209813559557405 0.0292247379907584 -0.0258685869584076 -0.213855750196835
0.0398588195706927 0.01321611103589 -0.102922700222322 -0.163089034216613
0.0379649843655589 -0.00507762572311313 -0.127359248917626 -0.091125686153855
0.0374347097676908 -0.0139595292312269 -0.126454103855476 -0.0349824753334744
0.0484526346298805 -0.0303347717660576 -0.108760162797918 0.0204821355331821
0.0711373169110815 -0.0153280023770113 -0.108268142301537 0.0644740559423016
0.0712551499620815 0.0125290366958452 -0.11115838078749 0.0894785856788285
0.0661317807452545 0.0413174813327236 -0.137420303462303 0.105252858505696
0.0438120222433648 0.0551294056942187 -0.159923536732697 0.100290876057903
0.0202357283354415 0.0885647398641615 -0.11697271629011 0.0990145793180203
-0.0183854387867302 0.119831959136834 -0.0616877214377684 0.136247656809309
-0.0692023187249111 0.125897198311335 -0.160945471901468 -0.0101036519716769
-0.0518659707679423 0.0962509801217218 0.0252674815182229 -0.00683650077407311
-0.0182506126719638 0.0933250850047189 0.10113262922823 -0.134732202353433
0.00580499696380019 0.10064840754199 0.0644450302879795 -0.205369376383964
0.049213991768137 0.0826436314095935 -0.0260699131160967 -0.213000882379202
0.0786418858485099 0.0479249576962936 -0.0913014756401451 -0.155973300929599
0.0839691614401427 0.0105667228089817 -0.104638245999167 -0.0878268539600903
0.0769258213094477 -0.00730350146485682 -0.0999190288141929 -0.0375496596394141
0.0901632936810515 -0.026603480541547 -0.0789042737791904 0.0168379883258077
0.115017533198668 -0.00111258834251049 -0.0728660009926399 0.0663816751004625
0.112079899746957 0.0384220804997722 -0.0784070729187496 0.104336527028061
0.103786408804998 0.0896861505810976 -0.12346400682395 0.122544292183233
0.0552132136663514 0.122959773759657 -0.159352810056427 0.0962722519897125
-0.00858125864636718 0.151849311233426 -0.103325780267128 0.0652081746310813
-0.068851638331806 0.176257929453563 -0.0232998724699062 0.0876548878861494
-0.117382788246558 0.151274906646966 -0.101775688512364 -0.0614426608807079
-0.104072204630412 0.149537867885665 0.0760040123373195 -0.0429395299204171
-0.038801691755364 0.171432540932877 0.129957982445259 -0.166844154000017
0.0256748434159402 0.170383087744197 0.0709334238605614 -0.221937261768051
0.0815096090389422 0.124075572598661 -0.0197110588790343 -0.199726927655316
0.112282134467576 0.0728767885656772 -0.0670588015164432 -0.137872925993417
0.118787511957005 0.0222718387585871 -0.067472927597028 -0.0766259629591859
0.104646890968197 0.000453315238289438 -0.0588551192427076 -0.0340873075128984
0.116043603183975 -0.0180401616156713 -0.0376809812049688 0.0156841110105849
0.139073736517335 0.0149495617616204 -0.0277837236559741 0.0679046242772754
0.13269056918039 0.0596294878278787 -0.0375647406310022 0.117293375386656
0.121245317546575 0.123145308126315 -0.101913752923796 0.138163900183276
0.0568957760622226 0.168493172707948 -0.154695314590259 0.0903216081961725
-0.0364623860382022 0.189930273770393 -0.0938170665659343 0.0263661356267729
-0.11233096212351 0.203179999238711 0.0191059223406132 0.0299813160553587
-0.14480319564014 0.155875226131106 -0.0317319483279079 -0.112434440915929
-0.137380081323177 0.181348818463765 0.123780410357375 -0.0852867142994498
-0.0507212535951291 0.225369458577735 0.151158241889232 -0.187609065810686
0.0442071666114568 0.214662288090372 0.0791139398692712 -0.219311757733372
0.105804248453657 0.145432240662839 0.000592903516156206 -0.170513239349648
0.130519089103816 0.0845465358602032 -0.0280255339891456 -0.11324915019719
0.135910333122682 0.0279726387771019 -0.0199327383485415 -0.061387572873381
0.116220116192071 0.00654038823683155 -0.011051729288914 -0.0256975243532406
0.124285554804508 -0.00379728810491359 0.00989962161541605 0.0201110789476176
0.140533251389876 0.0351709985089499 0.0181955372137094 0.0728683748900442
0.128470140624924 0.0806247007092336 0.00226734092299054 0.129334203847616
0.11159466084064 0.145340123327896 -0.0803506544788983 0.146823256347727
0.0395152794439811 0.191007921604699 -0.144579352120533 0.07970299405769
-0.0700170746682453 0.19768761333052 -0.0797106286115854 -0.00985022301672342
-0.145339732944335 0.195408494930362 0.0646362672961423 -0.0232240718865434
-0.145920725371054 0.134327537386864 0.0350638082635334 -0.157271666397666
-0.145420196348905 0.178759651802353 0.155533060060278 -0.128250753028743
-0.0528794159702226 0.232724611623242 0.157520044493321 -0.191358258086217
0.052334336332444 0.2181941851511 0.0856016582013433 -0.194918427343041
0.108386519499018 0.138801823848981 0.0313780471875213 -0.132135661878403
0.126245050991816 0.0810052806675509 0.0212214195317614 -0.0875013899387582
0.129953935107641 0.029031218679925 0.0308498842348196 -0.0461419153952705
0.109533754755714 0.0122894116809029 0.0373208084346901 -0.0141548106977719
0.114560666460188 0.0117916745610999 0.0554237783954286 0.0326804279544562
0.122033155615724 0.053151362158139 0.0576950103494061 0.086560808912231
0.10256742061465 0.0951017629427236 0.0319156709244176 0.145626193670693
0.078323945787552 0.152953188261084 -0.0637820136471967 0.151825030187744
0.00418254099817734 0.18760697520133 -0.127447017954277 0.0681193504935535
-0.103574872560691 0.173335096097652 -0.0567162159299715 -0.0357267227117213
-0.163076745317028 0.155736687255683 0.112205248957556 -0.0617162148151249
-0.122181173844017 0.0874590534721616 0.0851764601732179 -0.186290938713541
-0.127230504394414 0.139001770763994 0.166340224230622 -0.160373108390815
-0.046434526232316 0.191605244548093 0.152905510743493 -0.175782553353593
0.0445894051555372 0.174701392049738 0.0942238134888191 -0.157554101275103
0.0849275057132101 0.106561439545888 0.0663251542480843 -0.0952881679470327
0.0968861422932827 0.0652322096963279 0.0685129302136418 -0.0675684213841407
0.101793588100621 0.0276454951044521 0.0747933113936643 -0.0340364318954421
0.0862461708297238 0.0161712860925445 0.0776358463208696 -8.76561961660271E-05
0.0885284445633317 0.0227695412337582 0.0933354409986934 0.0524285317619373
0.0881868742901515 0.0586167623962936 0.0847068474071856 0.109975930523206
0.0666900680319391 0.0922828847864745 0.0456538849230239 0.166502551814062
0.0386263324705108 0.138017489874409 -0.0532421294885903 0.154936016633411
-0.0299321406930495 0.158243067222145 -0.104623308394887 0.0599304445090481
-0.122652161116041 0.125861453826353 -0.0254072278904203 -0.0437055848841642
-0.158767702530528 0.0933090264170846 0.156033412112173 -0.0786722677714505
-0.0825813494169138 0.0206485587895787 0.111809645890296 -0.191244011310347
-0.0927884385756014 0.0711075844719936 0.157287018400342 -0.169853511741374
-0.0365700632343886 0.112520305228617 0.148690032589612 -0.145828660588898
0.021453871722869 0.10154271925441 0.107716030155674 -0.122805495766683
0.040228539884311 0.0598089132107184 0.0978713905944869 -0.0749017811390547
0.0468609574761919 0.0445180484304906 0.102157460171847 -0.0586373200190873
0.0565405704790081 0.0266491982887569 0.103081322207739 -0.0257759379554673
0.0505247067923143 0.0169506179557942 0.105085382197318 0.0145951982679966
0.0514873673608203 0.0244495488007284 0.117515313811134 0.0729015856186437
0.0481901699740612 0.0449587150107666 0.09593776422921 0.13601754381576
0.0343378403598446 0.0652637591270625 0.0451949812611264 0.186784857781385
0.0140520569998807 0.0985651585492359 -0.049714156498448 0.159140682110741
-0.0435133739606958 0.10914566321627 -0.0815878652142712 0.0637872759445783
-0.113656051186841 0.0674915382742005 0.00101156882685271 -0.0325708180440792
-0.126327323249911 0.0249337860332056 0.187684074443761 -0.074924581512566
0.0488538163202667 0.0273303488563631 -0.196240511530131 0.0942406094673484
0.060051849121381 -0.0243488310235252 -0.0217866897712764 0.0584598374001215
0.0317565122677312 -0.0591485161691062 0.0716515184553446 -0.0633706967068477
-0.0090060810358824 -0.0422518110399791 0.0550984906230606 -0.158672034000175
-0.00359373853230017 -0.0261821800844842 -0.0352642781133758 -0.204449443596874
-0.00121852287564445 -0.0232266502495918 -0.113544980028149 -0.150821387030551
-0.0110076418782035 -0.0188118821124309 -0.13912596652994 -0.0769007788957845
-0.00736492621110159 -0.0181936122960596 -0.137251021320948 -0.0199379310052904
-0.00367463380595194 -0.0292619388986479 -0.120859773190871 0.0310448918305758
0.0127390020202694 -0.0321191283855982 -0.122407278636075 0.0686045913299077
0.0179099516699657 -0.0238525109761566 -0.120903443922797 0.086263420755194
0.0230955953107665 -0.0264510611121362 -0.131874177783289 0.102947630299616
0.0361541701124383 -0.0294757965146764 -0.151336741740758 0.119245217891444
0.0571173890310203 0.00716679584955697 -0.130466653940059 0.129779588458221
0.0407447491190903 0.0421386925485241 -0.0832167377565435 0.169333584049434
-0.00621935738591549 0.0832741413081606 -0.191743221250698 0.0491983280554451
0.00912243441808067 0.0361035787120327 -0.0111596438438747 0.0257822944095004
0.00985602589240703 0.0124791095121739 0.0722390223356197 -0.0984570631998423
-0.00219331937039138 0.02614802845909 0.0506832254053356 -0.180173302822017
0.0228035845935341 0.0276311144517507 -0.0375288503909533 -0.210437420522839
0.0407192719459323 0.0105393387854523 -0.111022320198869 -0.155505206484141
0.0388421219554916 -0.0066019640814173 -0.132159799546186 -0.0842711983000492
0.0370587759077918 -0.0152760200747857 -0.128452746144627 -0.0275043674037316
0.0463099037275715 -0.031425357601239 -0.107508523909367 0.0262004792645277
0.0694615477054693 -0.0188108702816453 -0.103543334563222 0.0695813942069604
0.0714585956998812 0.0088267797655535 -0.104803529910017 0.0948048480113653
0.067254854077104 0.0371693260657137 -0.128411636318631 0.113183437359409
0.0461202584510338 0.0532704759685054 -0.15169579678081 0.109193932471041
0.0250233424549046 0.0865015737854715 -0.112613491609809 0.104472653345786
-0.0112412084439884 0.118369436184612 -0.0569738510059831 0.138088054221962
-0.0631105880311331 0.127130707950069 -0.159528411874823 -0.00135415375246096
-0.0466318686396808 0.0977456174862016 0.0245367432212425 -0.00836097310200621
-0.0129028274104672 0.0934212057948937 0.091246346391173 -0.137298459148612
0.0123295254780822 0.0993989524651197 0.0516202620263825 -0.206054432349931
0.0546823448540084 0.0794044313998061 -0.0383316287409355 -0.209754684925422
0.0813453836383302 0.0428605859820417 -0.0988933016227482 -0.148711439230141
0.085011609821228 0.00655658379343138 -0.109163624121292 -0.0819364754014625
0.076663783698288 -0.0104228256825878 -0.101728477561545 -0.0310872700380924
0.0877607238627459 -0.0306074918494414 -0.0778882918438798 0.0211030163001842
0.113673881794435 -0.00765603611598474 -0.0682353989474779 0.0694083035846041
0.114060930123608 0.0319232893086965 -0.0716571271861138 0.107535245178555
0.107083593881038 0.0824504805932332 -0.112808607977107 0.130271812709659
0.0613997453639759 0.119450729139052 -0.151128257735772 0.105479991816167
0.000544124765058317 0.150649986793975 -0.101070402706357 0.0710120200064123
-0.0574646638842332 0.177241041174634 -0.0217548591780573 0.0880222730658274
-0.108998458888754 0.155351603190383 -0.103963820588667 -0.0548311306762364
-0.0955124368822477 0.153077511017512 0.0723420103846649 -0.0460309278836921
-0.02860898205819 0.171838819522596 0.117613188589299 -0.171057504765798
0.0355196564144358 0.167356084988829 0.0575013151300005 -0.222905412018239
0.0889410336864391 0.119368872063552 -0.0307339425686382 -0.196107776503982
0.115833156105061 0.0657384647527939 -0.0739347619112135 -0.132192037887339
0.119967712623081 0.0158999209188608 -0.071066998158576 -0.0733193288927522
0.104317356488605 -0.00475874974708736 -0.0605666125040886 -0.030752415933942
0.113743223483382 -0.0237079252942726 -0.0357777006360054 0.0179723141545325
0.138775526833488 0.0069692507354835 -0.0233160064371898 0.0673832477885664
0.135854035400611 0.0521054130247292 -0.030193010720899 0.1169140720855
0.126679643293166 0.11496612270426 -0.0904530275315881 0.143813826753635
0.0661429433297406 0.164582890318575 -0.146677140508275 0.0996293931914612
-0.0253748812780864 0.190302241380771 -0.0929058460134823 0.0327698636722475
-0.0990549905536035 0.206619628826994 0.0175584202661406 0.0292610683924597
-0.135949139348192 0.161785574129936 -0.0370852608984216 -0.109448216494183
-0.126211053865596 0.186878530489532 0.116610442783139 -0.090866712301124
-0.0366440449062955 0.225599567537719 0.137017064435684 -0.192519151201841
0.0568339870330037 0.210498581182756 0.0651280951492863 -0.22021276281071
0.113627949372309 0.138628200860058 -0.00887975107230773 -0.168163347832933
0.135146208822743 0.0760558336739273 -0.0337503807363278 -0.109537459218604
0.136735953428659 0.0208145280038733 -0.0230553753055771 -0.0612965565125574
0.115696433503303 0.00162381064896151 -0.0125185765088596 -0.0252816971405268
0.12194747341741 -0.0100406356682514 0.0113032129873049 0.0199286704577831
0.141128132469481 0.0266646449010684 0.0228629383967202 0.0702146779436327
0.132384661954416 0.0730118055627271 0.0102324337333028 0.12769360819002
0.118362783224092 0.137186525169123 -0.0686190198604203 0.152064637001456
0.0502884689595403 0.187146769747191 -0.137566029925256 0.0895782726069572
-0.0573866665408053 0.199146050756578 -0.0814448649942372 -0.00377903075722817
-0.131124865023675 0.200977416974656 0.0603198067625538 -0.0260373848981609
-0.137446885272789 0.140757934061323 0.02670744060936 -0.156774550004758
-0.133244264894128 0.184700546018986 0.145623101666343 -0.135684516492146
-0.0377348031477357 0.23350859213307 0.143225823285409 -0.197029752540156
0.0651595775157053 0.213332103954025 0.0733706742385615 -0.196760575532598
0.116140498349397 0.132476747449585 0.0237751564641855 -0.13134847883581
0.130606090972017 0.0733175643093964 0.0165179544099452 -0.0867218146726381
0.130696482679062 0.0218822775902141 0.0287447966908304 -0.0487891081408468
0.109161687344032 0.00693150852038578 0.0365670443120723 -0.0162082908936304
0.113395504556367 0.00551857722272938 0.0573918101116041 0.0295077568126633
0.12349100246188 0.0455564301373804 0.0629587924559193 0.0822174970325566
0.108377908647011 0.0890797708003369 0.0400705152523389 0.141728818751657
0.0855063124143278 0.146814658824263 -0.0518934011658141 0.155380991002343
0.0157399833850427 0.185947725986917 -0.121454046502716 0.0759995344797544
-0.0920276226570076 0.177911755977368 -0.0596198113719735 -0.030421405851263
-0.150917934534597 0.162706290808489 0.105040496031284 -0.0665010228364605
-0.115986034070684 0.0935622242811731 0.0756172840175342 -0.187600902769154
-0.117549759097255 0.144956408335517 0.153612072691038 -0.167167688076089
-0.0332644786782723 0.192207254271582 0.140456048297001 -0.181732981583152
0.0549038550074816 0.171575647425237 0.0838323577808086 -0.160868504330047
0.0907420046684206 0.101687062956335 0.0611277379323507 -0.0978362960587677
0.0996654635961602 0.0593020255153707 0.0646519546744449 -0.0700447483622081
0.102252210379861 0.0216656947992854 0.0725969560934251 -0.0389150591490218
0.0862278846861265 0.011540395959519 0.0781950808845791 -0.00466650088779516
0.0889186157622695 0.0178750081939658 0.0959185252889523 0.0465475530184178
0.0906450400365644 0.0528834003114368 0.0906387666660861 0.104578727595265
0.0717577100553843 0.0876974930925606 0.0553161416000177 0.161841879435715
0.0464833330213022 0.133546322635386 -0.0421645317538042 0.157680352519686
-0.0200419420772571 0.158247927138309 -0.0993646608979201 0.0665933684546092
-0.114173879656988 0.130602968087643 -0.0296838504134901 -0.0395047338357323
-0.149637721925985 0.102304360646379 0.148578948755244 -0.0859836938909138
-0.0802005684411687 0.0262016249250099 0.102058085452757 -0.19484544739052
-0.086880741865877 0.0764819916366153 0.145168794313234 -0.175795607434044
-0.0283704910890998 0.114022591505436 0.137728810045854 -0.152828603812784
0.0273402318288053 0.0992798719449041 0.0993076128502184 -0.127357315651759
0.0434875238737577 0.0572674923022376 0.0923574859013052 -0.0788271967745404
0.0494390936620301 0.0419043580478936 0.0977913314526534 -0.0634944897119668
0.057328585995026 0.0230860866279979 0.101614322386997 -0.0321646459495908
0.0505395730017036 0.0141494350062 0.106046802382674 0.0088019171845716
0.0516902480757572 0.0218917258168552 0.121142876107434 0.0657099065443288
0.050330147299976 0.0416860183823098 0.103156620907818 0.130227207394271
0.0371664633620387 0.0632998791560445 0.0559617102367342 0.182460582931299
0.0192435102261862 0.0952203577690082 -0.0389675468236618 0.161444228892431
-0.036379357400385 0.110447025244618 -0.0775991408139225 0.0682783728934803
-0.108480416338913 0.0727629452976362 -0.00188091329097526 -0.0302534499593133
-0.122255372336046 0.0327179783688065 0.180610163454855 -0.0840091753372613
0.0486295052237966 0.0243392575209124 -0.170133768022531 0.124048707471275
0.054109462667572 -0.0303056705691135 -0.00814359386080953 0.0596112953059859
0.0207274969813583 -0.0616363995936583 0.0630010903904494 -0.0759976834565852
-0.0176739074650684 -0.0405016545266593 0.0306092918698774 -0.166528233716569
-0.0111550307706362 -0.0244777102276549 -0.0682146157563839 -0.195031501590939
-0.00618036032891457 -0.0207252723540867 -0.134847200028141 -0.132232259190215
-0.0123783227775728 -0.0152598573653782 -0.149303971048171 -0.0569293843226689
-0.00892473688932987 -0.0155951075618261 -0.138589957419846 0.000830038619589542
-0.00698412462797747 -0.0258617796511664 -0.114186903802061 0.049295539322944
0.00739725844476733 -0.0312910509484095 -0.108319955247738 0.0876754860511307
0.0141779625933306 -0.0234165573202404 -0.10266121059342 0.103639998782007
0.0165566236678925 -0.0274259359158529 -0.11008037071086 0.121189557849702
0.0288236330680826 -0.0303758899144229 -0.125856598082867 0.140646953168074
0.0534066476826938 0.000524427766025584 -0.106552222718033 0.146356273459808
0.0434688288701215 0.0382449686594118 -0.0596980416894103 0.175043773724761
0.00153735112979092 0.0828205843646962 -0.176951107382594 0.0834671301406458
0.0137802392145331 0.033360136300863 -0.00594076003153163 0.0284479912039316
0.00961795120663929 0.00881618599935077 0.0547779558900548 -0.104793229520684
-0.00117516279932858 0.0229356332008677 0.0199019611807906 -0.182123165515552
0.0215516552137311 0.0231103355995478 -0.0696385857193384 -0.197418983049078
0.0390610718766644 0.0062200431268953 -0.130233272681244 -0.135544721370096
0.0367051160440231 -0.00992565863854818 -0.141742458166578 -0.0638376201316883
0.0345086905839118 -0.0179549289081469 -0.130593856700119 -0.00718192570382434
0.0410452288860812 -0.034445314501163 -0.103047597492191 0.0433411735196456
0.0647255219795744 -0.0262439322922012 -0.0904767297733798 0.0863546241487047
0.0695100581762238 0.00194710853143975 -0.0866875132144495 0.109613720473135
0.0677924395164376 0.0287278668913629 -0.105746512037755 0.129694692276952
0.0485511431010964 0.0477611225368961 -0.129107489065827 0.132488915932056
0.0335800021865636 0.0800880658315412 -0.0945890626038169 0.11961738513726
0.00247438622525892 0.117540481102077 -0.0388422203737498 0.141012169105153
-0.0482923241996994 0.129855092919344 -0.157051604357071 0.0312325535352534
-0.0322826619397526 0.0985147193331605 0.0196807165239325 -0.0085579440436718
-0.0016979664517007 0.0876305201850593 0.0641437173392752 -0.140335218811986
0.0228236500872797 0.0900431332125428 0.0144982316202507 -0.202015992693239
0.058740717983977 0.0681901705875468 -0.0678482781418703 -0.192065507960186
0.0823629183888972 0.0322050499106804 -0.115793881467873 -0.128594802861113
0.0826583683618065 -0.00436883198504504 -0.117330568660487 -0.064189019254781
0.0732389767984957 -0.0177773335665816 -0.104239647802302 -0.0147935509829257
0.0805208753114731 -0.039430610275993 -0.0746093074902007 0.0343021120128742
0.109721118981669 -0.0212272116015219 -0.0563769240580592 0.0810522687956522
0.113715428069076 0.0198942588604215 -0.0526675118344882 0.116075165998119
0.112793119120175 0.0681381894653438 -0.0889119262441472 0.14350063782332
0.0708095038173369 0.108927466832281 -0.129040027519902 0.129617023103203
0.0189307937660026 0.144986517305554 -0.0897683822541563 0.0846066260329467
-0.0344989537449382 0.17931824022359 -0.0129116141002433 0.0874666183898271
-0.088885131974764 0.161295923451329 -0.114841744133004 -0.0280761218334052
-0.0714129176168513 0.157132272408231 0.0569326121690782 -0.0512851615236819
-0.00590083460901838 0.162476279140419 0.0808030107297298 -0.1720960772513
0.0545783701800451 0.150355897711217 0.0160688676153874 -0.213245143859823
0.0969736419801669 0.101453964055221 -0.0561553855006563 -0.176914017908471
0.118955926057669 0.0492465319945094 -0.0864558054335041 -0.115026142977852
0.116947876023655 -0.000488585448823089 -0.0768386616470806 -0.060100689593825
0.100689407157993 -0.0154243645478258 -0.0634490411763022 -0.0202732586500046
0.106920505201342 -0.0364792557262364 -0.0342973350182073 0.0251599696857838
0.135639806894896 -0.0104327979670497 -0.0132198260206847 0.0730861801460699
0.136928426153025 0.0365895044147774 -0.0102906783706539 0.119174104003989
0.136465153504085 0.0962892927544742 -0.0652799214129248 0.153401596613483
0.08103731668705 0.150872184982392 -0.126117246129708 0.124268606805791
-0.000331397631143053 0.186042068434234 -0.0886736930759178 0.0464431609739622
-0.0695931168476834 0.211564332890539 0.0164822401158272 0.0249646011457731
-0.112845216004731 0.168643433769978 -0.0611292907004843 -0.0916603965699271
-0.0953544701557897 0.191867889580688 0.0919698970528708 -0.100631267159809
-0.00607308837334194 0.213345630958574 0.094231647118619 -0.192583616860316
0.0811343675479211 0.187517887504725 0.023581453921362 -0.208368784449926
0.12434570058294 0.116051085663326 -0.0288296529137586 -0.151787532187125
0.139418377255073 0.0566143819279858 -0.0427884637142314 -0.0981521854938155
0.133349150387525 0.00152556891747134 -0.0263898651698898 -0.0543815992268506
0.112320003345438 -0.0115955874580472 -0.0150736816959936 -0.0221260506646062
0.117031326086037 -0.0247404206429813 0.0123968130281261 0.0195675883297073
0.141144169658514 0.00794165682077198 0.0321359164466844 0.0675028460076927
0.137337254934723 0.056763369023263 0.0305524700684437 0.121425390936275
0.131470614911475 0.119555198908771 -0.0431552134341903 0.156560354422498
0.0691374885576432 0.173987642044831 -0.119396623321738 0.113163617537874
-0.0298945300094174 0.198673227855078 -0.0829147774066799 0.00913029282260815
-0.101695737884657 0.209604055357117 0.0506020694214882 -0.034084045875712
-0.116501410766969 0.148545444487893 -0.00716297940789195 -0.148155747342711
-0.102421489014228 0.189745634728185 0.112305178737597 -0.148509271650995
-0.00623728219926675 0.22103691727418 0.0993268186998665 -0.197311217500235
0.0898527849301419 0.188575263103094 0.035813036305399 -0.186357350725013
0.126187452535209 0.109494873800338 0.00941274377907007 -0.121285349664889
0.134738391974478 0.0530934678515733 0.00965231170691427 -0.0832475202087116
0.127613136628636 0.00321132592357952 0.0264287112775925 -0.050153236829502
0.106546454052781 -0.00553544603383844 0.0348607764387492 -0.0204993274710218
0.110579659496797 -0.00869247019778784 0.0596886155677778 0.0214273804214887
0.126741977235129 0.0278552582600506 0.0732753315663977 0.0726803039324455
0.115763138824986 0.0746143611560584 0.0620782480455977 0.130463753050472
0.101397797962421 0.133050251255126 -0.0257556909303206 0.157365516572605
0.035353698819558 0.176091975823151 -0.106731970086246 0.0969948530213935
-0.0654285440464919 0.182008870875921 -0.0648536988740991 -0.0207640387185864
-0.124707174351855 0.174558850103619 0.0892798126272829 -0.0800968385249645
-0.100704335678879 0.100023704485276 0.0365045204808731 -0.189250528857149
-0.0928206113560717 0.14951649284594 0.116203722913003 -0.18160912592496
-0.00700119236536047 0.181619831061464 0.100082525674463 -0.18452196823191
0.0749113931772469 0.150442943941513 0.0526453456398152 -0.156017338974497
0.0989719662174565 0.0828204844642718 0.0492846481736604 -0.0967708950670335
0.103459565472855 0.0435027903067257 0.0580812674286154 -0.0754508916777027
0.100668817982173 0.00635359701909516 0.0712737881798713 -0.0475231095228231
0.0845499723962348 0.00116444414939027 0.0772655214989259 -0.0152523849007209
0.0884312412274506 0.00548263048056161 0.100689277038138 0.0316479519963985
0.095378129148254 0.0395384373762233 0.104239017238464 0.0889456170688094
0.0806705224019208 0.0781006684388184 0.0805434938868373 0.147447167384864
0.0617265534817507 0.125139680435181 -0.015890064387795 0.158758596583837
-0.00129809073398135 0.153513993520348 -0.0873843345536108 0.0835196911289719
-0.092228821052759 0.140027499420292 -0.0362155234001033 -0.0350360620395768
-0.130682660975424 0.11543140096103 0.129045087403488 -0.104557921924274
-0.0737887209825207 0.0308495283586543 0.0633616430715397 -0.203561655365966
-0.0730465347052575 0.0807485790627192 0.108273400585511 -0.191883822423126
-0.0120264748586556 0.10792612634053 0.104941746051378 -0.162063053251731
0.0392060560991806 0.0869823528584647 0.0741978361216101 -0.131923914870621
0.0484606117502686 0.0469481965183521 0.0803309714013285 -0.0867493673830342
0.0524932814434495 0.0328480590585042 0.0893301141988081 -0.0753940572329775
0.0574374180852411 0.0126694596759571 0.0985621748695998 -0.0451966343104091
0.0502239041238892 0.00741323507017393 0.107006768251333 -0.00707843174716245
0.0532632291394494 0.0131422396452891 0.128765453695015 0.0465904870512632
0.0547030435753583 0.0340370194546981 0.121335538909443 0.110941892047075
0.0443190664757187 0.0578555613513592 0.0841865639343484 0.167685575383428
0.0302112940719423 0.0914647394945497 -0.0118108275886006 0.160959974530969
-0.0227128309787572 0.109098695570109 -0.0655628601613209 0.0805773605881787
-0.0937875084439866 0.0842710921712241 -0.00744310656098688 -0.0299341906776037
-0.111486359285913 0.0450609421720621 0.160444710793345 -0.106659346184039
0.0474876873706986 0.0247548599897553 -0.171847965063675 0.118979005099149
0.0540786596238532 -0.0287785856823825 -0.00884606874478444 0.0589407831193441
0.02135970804922 -0.0607488154933575 0.0643329741500251 -0.0736359306973612
-0.0165052675849927 -0.0402869499568077 0.0334138759134797 -0.164529547728363
-0.0110293094664075 -0.0242954156165848 -0.0646881351436309 -0.195985780491023
-0.00544121631510248 -0.0212962372229917 -0.131368191670642 -0.135031115245579
-0.0108750343446729 -0.0151705937889798 -0.148062010980763 -0.059540520002784
-0.007714334817536 -0.0152717581810296 -0.138794796262694 -0.00110009139677298
-0.00576673485562467 -0.0245755340311903 -0.115887173414992 0.0465705153299099
0.00808484631834959 -0.0304169205331078 -0.109438879150194 0.0850214949485905
0.0143281549574747 -0.0227088067614209 -0.103947225474879 0.100799685367998
0.016861048568368 -0.0264456644160165 -0.110928912596833 0.117639816096651
0.0294604821362891 -0.0287518923652427 -0.126765857086729 0.13719984057499
0.052122384901128 0.00154661236750724 -0.109645498781802 0.143820542532299
0.0410260280026664 0.0382314807488994 -0.0652680450038463 0.172496247742086
-0.000562153338386102 0.0816021605711175 -0.17782214444728 0.0783028685791107
0.0120494058970212 0.0337887743675889 -0.00579852714550684 0.0280797276267776
0.00890151655547718 0.0091758887744573 0.0560916594617558 -0.102444572414799
-0.00107642503212762 0.0229180441319214 0.0234036350266958 -0.180394512950408
0.0215026417315556 0.0237590163869678 -0.0653967259959989 -0.198319960711621
0.0390168256568716 0.00681910556887361 -0.126844999662019 -0.137865659033908
0.0381297846241531 -0.00945183911460906 -0.140236337687443 -0.0662027951793206
0.035901450110601 -0.0163456711007132 -0.130919061715185 -0.00977095927753309
0.0422618229167188 -0.0325841773018091 -0.104206171525923 0.0408203184330727
0.0647976936603023 -0.0243055696427529 -0.0917320092805906 0.0835846512302575
0.0694802860659623 0.00356803320617623 -0.0881958734025185 0.107419844257551
0.0667154440864401 0.03025878415075 -0.105882821806404 0.126209272225731
0.0479038089859433 0.0490542411627524 -0.129716297560935 0.129320586736328
0.0314053487143782 0.0797262632858908 -0.0974997845035595 0.117834363355554
-0.000879397195596981 0.115691451591918 -0.0445499820461722 0.139990694652914
-0.0507802123668389 0.127760973898516 -0.156891366251319 0.0280299883934835
-0.0353548533090596 0.0978294724113578 0.0202985989956588 -0.00737050590001641
-0.00346048861558782 0.087197988733445 0.066033543961243 -0.136287978403478
0.0217024846076085 0.0901571475295483 0.0185784102195631 -0.198922956324827
0.0583876002936784 0.0692995079920782 -0.0642785300732402 -0.191821873077969
0.0817574168543383 0.0331429607019775 -0.112203038241688 -0.130573617637744
0.0837047682346656 -0.00242429660629801 -0.115318138769273 -0.066652982858363
0.0746115635283762 -0.0158655525955173 -0.104054444734653 -0.0168347770288017
0.0815351186438453 -0.0363976335721745 -0.0753446234708775 0.0324860017811444
0.109458779100155 -0.0185652988207796 -0.0579339558744289 0.0788629943092451
0.113145914722083 0.0218729549266469 -0.0540479178655442 0.114093669116946
0.110452405349001 0.069874674983063 -0.0888081993037206 0.140762416445935
0.0692373637665576 0.110649880529483 -0.129660689616029 0.12767178955538
0.0154234715341564 0.144020224384397 -0.0919353925526174 0.0845305443726877
-0.0380476331063121 0.175901683796714 -0.0173030636081461 0.0876677694233633
-0.0925390705064709 0.157993470923865 -0.114059782546824 -0.0296804642835404
-0.0750096199162131 0.154953101246461 0.0574878695343271 -0.0485612230547567
-0.00903237354397224 0.161457540961161 0.0826738347720295 -0.167981279798426
0.0530312145383378 0.150715623120231 0.0196678495311605 -0.210177789710639
0.0962716012074279 0.103056391742712 -0.0525862907705056 -0.176469684068499
0.11794898049162 0.0509743001996369 -0.0830531561903146 -0.115224147467059
0.117290761797651 0.00186072896248141 -0.075685820112513 -0.0626408853501234
0.1015745977288 -0.0126661806863851 -0.0634834036560055 -0.0208113617838559
0.106537477162448 -0.0330489749540991 -0.0348017205515523 0.0241775280150352
0.135508295465213 -0.0076592225639941 -0.0145923255099036 0.0713440510464498
0.136744901054854 0.0389415034169909 -0.012632423666091 0.117650115093585
0.133606005739061 0.0985389759826781 -0.0654360054878881 0.150626045477962
0.0791000694365309 0.152360560019318 -0.126466003287485 0.122404894386508
-0.00392517410072054 0.18406932771326 -0.0897806542819147 0.0467905039332561
-0.0731350405161559 0.20761899575425 0.0135909084728791 0.0264661010897846
-0.116208674897958 0.165551534479146 -0.0586440353443212 -0.0903518440848399
-0.098915539028695 0.189180744725679 0.0922315582016847 -0.0965386839424156
-0.00945341981685761 0.211597442613821 0.0959725508039236 -0.187380911505297
0.07838920136925 0.188573693653634 0.0268887390672196 -0.204967043510314
0.12291415774819 0.117437274281034 -0.0256981766775733 -0.151028938908858
0.138711028060321 0.0585564530268149 -0.0389915687390835 -0.0982531401504129
0.133371027692771 0.00442054329507059 -0.025078450161693 -0.055992575062234
0.112534329741727 -0.00860140547437492 -0.0142481411952224 -0.0225675647136678
0.116366106201562 -0.021396957359912 0.0125873492926022 0.0200213432277223
0.140659317792172 0.010310958444836 0.0307551226630784 0.0669297003947515
0.136830307163719 0.0591773544133731 0.0279287716279724 0.121176073016445
0.128486068731858 0.121803790931756 -0.042422255106734 0.154908061862427
0.0665633263975414 0.174603236158657 -0.11996758303368 0.111549985953083
-0.0334338256095274 0.195959419568976 -0.0829699767081007 0.00999701146360249
-0.104175636345337 0.20528201112914 0.0486567539483012 -0.0320302431979709
-0.118586771710363 0.146034110000341 -0.00384783362165997 -0.146127706247592
-0.104815607226658 0.187278227428239 0.113165854740643 -0.143603943397288
-0.00916582376753978 0.218704646495288 0.101538428971579 -0.191820527587687
0.0875081531495569 0.188933856243074 0.0383364330061072 -0.183094299333295
0.124837674446732 0.11150613218764 0.0117116531487562 -0.119879528386559
0.133698875688557 0.0553719513044299 0.0126947834525317 -0.0826411114628386
0.127293222622987 0.00583601020638721 0.0275008016436537 -0.050930934663705
0.106475552590052 -0.00270234613376156 0.0358239926077725 -0.0199949172780763
0.109930697716247 -0.00576481646747626 0.0599988629932042 0.0224891855339933
0.125376582239342 0.0307399524317919 0.0716851201296615 0.0729762310274568
0.114983109073296 0.0764321487369546 0.05921976375582 0.130491723569407
0.098519658760748 0.134068407898367 -0.0260888029241778 0.155823927661366
0.0325734862886993 0.175812642280736 -0.107037894556519 0.0960358924234964
-0.0684315377155766 0.179222196691298 -0.0651292161221784 -0.0194612217766591
-0.125912629368679 0.170329530420873 0.0883651290240687 -0.0770234268421964
-0.101560234881689 0.0984249470442006 0.0410514300018517 -0.185472608043239
-0.0938956907867689 0.147410487639163 0.118147347397971 -0.176378128019398
-0.00920226024854305 0.179893720763931 0.102578962152926 -0.180225739251806
0.0732643633488613 0.15092666369059 0.0549919465957776 -0.152364195657242
0.0977239094394724 0.0842268459993645 0.0514711434828921 -0.0941613920100901
0.103033058477809 0.0454703107179761 0.0596434135946423 -0.0728934360577657
0.099999850480223 0.00876031161525382 0.0720125380395509 -0.0471376923902137
0.0840509479033119 0.00322950826127797 0.0785414247166442 -0.0147177042771589
0.0876520401853214 0.00781642571970819 0.100504326598568 0.0331646828744234
0.0940533940489952 0.0410253144672681 0.102494093739435 0.0903474499985751
0.0792954823001063 0.0794735679643098 0.0772387476923207 0.147319207834474
0.0589268506100214 0.124891052825205 -0.0165760010775678 0.157106658255191
-0.00340156146541614 0.151476062959475 -0.0880495791306915 0.082946705908403
-0.0939974930264642 0.137100548693182 -0.0361893621151318 -0.033556046801581
-0.12963529559576 0.112106549052857 0.128498789635512 -0.101262924164308
-0.0729986893162991 0.030100801283957 0.0690012694236675 -0.200803573472912
-0.0729912450945551 0.0793382838146941 0.109945628065943 -0.186330206081044
-0.0128512080331524 0.10695631535454 0.106780750480156 -0.15859057445163
0.0392663355265496 0.0871752102293833 0.0755301842739216 -0.128691761577884
0.0475065745772058 0.0475818855364211 0.0816925571847301 -0.0840265518059229
0.0521359116304225 0.0338421253103489 0.0905276782136893 -0.0736018299505347
0.056475493699544 0.0136769614668037 0.0998042473189026 -0.0440821274325729
0.0496935592956712 0.00867339906082392 0.108097898474485 -0.00510696985476672
0.0520668052066228 0.0145601795754444 0.128354682426816 0.0483141000264088
0.0531808623108595 0.0348580263888008 0.119800971515834 0.112977006081046
0.0435101738409985 0.0584131923519984 0.0811101404026141 0.167641675684673
0.0281275861132791 0.0907348338479449 -0.0127576698501833 0.160587461752156
-0.0237732843359267 0.107202023209543 -0.0666877059688574 0.0797963500505826
-0.0947645769930578 0.0815752344960397 -0.0069222592261766 -0.0282147874033697
-0.109560037445049 0.0434069165227134 0.160340598822131 -0.102642338529813
0.0485654100218866 0.0264029982784571 -0.181077880312891 0.116644622764788
0.0565106130194986 -0.0273790407783131 -0.0104232505976416 0.0601753093491431
0.0235031767218339 -0.0616941808923749 0.0693087719438368 -0.0735195383747745
-0.0153235273281797 -0.0413736994736206 0.0400688647419691 -0.168522151429343
-0.0107104165813437 -0.0258123170694987 -0.0601889720237115 -0.205107681513685
-0.0050510113063963 -0.0225101513427732 -0.131619290468413 -0.145298396933181
-0.00930167567046365 -0.0160081554172738 -0.151598753013379 -0.0664412457449877
-0.00654852123139877 -0.0156947766373199 -0.14523247752082 -0.00597471500681313
-0.00426087833337952 -0.024893086780055 -0.123122973546858 0.0439313864576117
0.00967730211494118 -0.0304753583038454 -0.116663072228149 0.0840891728122072
0.0147038399005014 -0.0227115617147634 -0.110229689650917 0.100017250551484
0.0178906446839663 -0.0261887366980863 -0.11810943503295 0.116709944398017
0.0316013884726088 -0.02745053074498 -0.134950818255844 0.137655298523246
0.0532145357554703 0.00281694575881523 -0.119360886220338 0.14497023610938
0.0395015189884836 0.0404170591005546 -0.0764413504052323 0.176140688597358
-0.00376595044779145 0.0834977084427453 -0.186168314830722 0.0749352488264732
0.0104381888138205 0.0353374886521544 -0.00659993172365026 0.0284703281735901
0.00874831510008971 0.0102444488548842 0.0621919028586603 -0.102626614629693
-0.000862974869447964 0.0239402732778472 0.0302316998820971 -0.184592305650999
0.0221049397829319 0.025750174247482 -0.0610764314225913 -0.2069552595367
0.0405305600687365 0.00792250529385474 -0.12594351677432 -0.147531433117437
0.0407553369647746 -0.0081929810114328 -0.14295827016071 -0.073809656584894
0.0390169843301919 -0.0151703746790523 -0.136466721744998 -0.0145637460511871
0.0453981002076734 -0.0310238982812125 -0.110188177589419 0.0383543028388735
0.0680555851038844 -0.0225483063027712 -0.0984758573026947 0.0830611716430417
0.071758605984593 0.00605159859778025 -0.0948219390875166 0.107558508718317
0.0676375949118103 0.0337161349547066 -0.112688467486282 0.126644241001304
0.0481411501747801 0.0533562170637962 -0.137750548044285 0.129850367613085
0.0284519094871285 0.0835282521094301 -0.105926032155037 0.119136766432717
-0.00615830500200154 0.118565250110629 -0.0538104719670803 0.143186256830054
-0.057421808180699 0.129419104558939 -0.163827299015382 0.0241019511843055
-0.0405190838638421 0.100049396591916 0.0208921548026012 -0.00677225619317956
-0.0065588374620603 0.0902330531331846 0.072439687635034 -0.137759638714006
0.0203352767190494 0.0941294464172758 0.0259216384926296 -0.203942100261975
0.0590125040174247 0.0738119040538468 -0.0592110035956685 -0.20156728241837
0.08397767869233 0.0370544781366536 -0.110864261820232 -0.139218223372916
0.0873060456039616 0.00012029361433998 -0.117392848035761 -0.0738052460708939
0.0788842855817489 -0.0130497553651756 -0.108353796110952 -0.0206149325343245
0.0858071576633495 -0.0335121636352787 -0.0801938769812212 0.0307873161388858
0.114572136891992 -0.0151582058777123 -0.0630521455658488 0.0787626417482799
0.11692181584122 0.0264386074124755 -0.0597320540676804 0.115618562154002
0.111643208235037 0.0764757135223288 -0.0943575299188674 0.142094243431734
0.0686949392802723 0.117689162240464 -0.137254329623482 0.128318394071086
0.010319895982059 0.148636128421525 -0.099029915981065 0.0857622950354079
-0.046225931427754 0.179432893889605 -0.0237184916589798 0.0906549889667096
-0.101350054762044 0.159477461739903 -0.116460693198546 -0.0338235070870212
-0.083910446580089 0.157947398116028 0.0611574731400489 -0.0470601621686156
-0.0143287034942734 0.166700788299438 0.0907861568472539 -0.168540914356157
0.0503411323370301 0.158071144216624 0.027528832947038 -0.215577988698005
0.0975465319451163 0.110035672912812 -0.0475670839605805 -0.184054575772105
0.121222021829796 0.056459558203931 -0.0809369180578836 -0.122594288378472
0.121771338146015 0.00629555289763945 -0.0760814487767651 -0.068251225536092
0.106339861372583 -0.00913744982958917 -0.0652656793353985 -0.0241830666185128
0.112124433900665 -0.0291366201854748 -0.0372513716940683 0.0233534304411127
0.140697093870571 -0.00317008781516369 -0.0181731071147429 0.0722961455728049
0.140854266066859 0.0447314475682975 -0.0167696468748656 0.120566171922659
0.134515065244354 0.107070248804718 -0.0699762393103453 0.153576288514975
0.0771778234993318 0.160904713843411 -0.134267610192541 0.123746508776747
-0.0111077896923818 0.189622799039707 -0.0951204650697629 0.0471503071462951
-0.0827918403182506 0.2107920978876 0.010484070621384 0.0285158167355021
-0.125646073203665 0.16694247260117 -0.056934856229813 -0.094123850226655
-0.109578287207237 0.192743712312547 0.0983346003496062 -0.0942217161954084
-0.0165965682622047 0.218008662782281 0.105270028847863 -0.188165593103651
0.0761967689269972 0.197575880183617 0.0344526183641696 -0.20963524411411
0.124460106074279 0.125934040324296 -0.0207055185942702 -0.156375564706187
0.141742404684266 0.0648237509576153 -0.0360687795551092 -0.102731477028291
0.137759349620164 0.00940781353033297 -0.0237800390858438 -0.0606250303370134
0.117966642593749 -0.00443811760402054 -0.0137424983027821 -0.0246844410792254
0.121747942884662 -0.016610956016672 0.0123335223914861 0.0200640120815657
0.145343370695466 0.015592456731159 0.0293949451158474 0.0701847937196402
0.140501779638221 0.0658622814917966 0.0256153091523014 0.125467137199281
0.128921551634846 0.129959770567156 -0.0466221138300341 0.158697368304666
0.0634555433339996 0.183332105292612 -0.126879211009265 0.112935993318934
-0.0415663210615904 0.200816451587045 -0.0869787412428989 0.00930347412408539
-0.114342894622811 0.206828073304233 0.0492390420507469 -0.0305968672361894
-0.12733403925821 0.146723008364902 0.00254204202545442 -0.149475888355115
-0.114664745757474 0.190334337311106 0.121498158544599 -0.141464949585895
-0.0158893493365101 0.225725765071953 0.110476356516057 -0.192735161271886
0.0857461685429624 0.198318662172981 0.045745943329646 -0.186343986858683
0.12718130661011 0.119146642249226 0.0172971077305629 -0.122646425344695
0.137542946506382 0.0616538832818132 0.0168873220474117 -0.0845935891373011
0.131262907184981 0.0110589048571139 0.0303085958294911 -0.0532796902646829
0.110954793199423 0.00147875132145704 0.0382839124159578 -0.0205156173314953
0.113812169782142 -0.00107358782463894 0.0620954841286207 0.0246863418853112
0.128800956613979 0.0362084884371162 0.0713892665422941 0.077771734177051
0.117008197426657 0.0830638432084 0.0576931358050818 0.1361269574497
0.0975459811053885 0.141803257419321 -0.0296318704840823 0.160351676663351
0.0286451015234672 0.182903767777064 -0.113009953978083 0.0974089602552919
-0.077332569576586 0.182522488070818 -0.0665937792128788 -0.0198057519042112
-0.134942631079441 0.170196596142843 0.0922694094017872 -0.0756246669470428
-0.107956160061501 0.0984783006637742 0.0507878522157577 -0.189062171703271
-0.101115786433646 0.149251819362652 0.127660236635543 -0.176212159213532
-0.0143049667216441 0.18564616184611 0.110729868376314 -0.181611114212314
0.0719955919419298 0.158882320664725 0.0614587872449943 -0.155218470713805
0.099558799053415 0.0910716549241372 0.0574920878177069 -0.0952046773558478
0.105561261147501 0.050226469482757 0.0657598173423305 -0.0738813243857014
0.102427764489722 0.0128889088781726 0.0765823750155007 -0.0476038454161618
0.0870152811181034 0.00671430803228863 0.0830137766291797 -0.013469557458179
0.0900819549425425 0.0123537756570889 0.104283089894395 0.0374139883763099
0.0958874605900833 0.045899269266108 0.103308682891626 0.0966907252782586
0.0803592265892358 0.0843578931909668 0.0753328723116412 0.153661528096811
0.0567129982785563 0.131089466124164 -0.0205494175103037 0.162153451839767
-0.00846128995939118 0.156523009126781 -0.0931842590287534 0.0843975470845384
-0.101753884384537 0.138682280724439 -0.0364047666513866 -0.0340282054456522
-0.13624209281257 0.110904227276145 0.135025125804664 -0.0991702372265535
-0.0754115759130337 0.029130425582708 0.0806781473701283 -0.203812184247198
-0.0771533246421853 0.0796109304598294 0.120336819614301 -0.186136097210137
-0.0157531903754701 0.10986172459955 0.114865487111818 -0.159894919627183
0.0387043882860865 0.0914531933694129 0.082219418740049 -0.129389049476528
0.0481312470455411 0.0512622821262673 0.0880252274663636 -0.0835033218813055
0.0530850990262297 0.0365816658923857 0.0970995312919417 -0.0721023112102801
0.0575621132629832 0.0165301130894585 0.106574123412759 -0.0438606197866679
0.0502218372831461 0.0106615879771827 0.113474692724738 -0.00291945739496037
0.0532310853007001 0.0177459312019583 0.132550676289732 0.0540656419788788
0.0532266445731469 0.0379230577348923 0.120486807331278 0.12101210676585
0.0433072424952938 0.0613506871228795 0.0781727267283366 0.175610799936529
0.0262066322951582 0.0941364867843976 -0.0177413502356002 0.165599336796819
-0.0281007185262583 0.109288758164638 -0.0711395937594237 0.0814796219258695
-0.100355296464223 0.0809999202810681 -0.00690257482419832 -0.0283447530330186
-0.112357059586384 0.0416588503719823 0.168303946017586 -0.100603210766319
0.0522293171480095 0.0283770700988438 -0.197105036296582 0.120586417328772
0.0609789677063499 -0.0284113697833177 -0.0109143058026681 0.0644564981782084
0.0256311846495867 -0.0653662163090864 0.0776311873646619 -0.0767787290647867
-0.015587567906985 -0.0445475187635591 0.0467789285835629 -0.180048061410463
-0.0108404001669037 -0.0271461403849585 -0.0609389205366529 -0.22329376833938
-0.00540859712737044 -0.0242362296100427 -0.13865660607919 -0.160219526190224
-0.008592956461629 -0.0176725661622146 -0.161967407575069 -0.0744431368776964
-0.00543856864834298 -0.0170826876916081 -0.157937524692115 -0.00849885512240818
-0.0026118888774428 -0.0265016513124718 -0.135295443298618 0.0455944332148611
0.0110642831134165 -0.0320935697450579 -0.127740948969494 0.0885330931516237
0.0162392542615952 -0.0240483900808436 -0.120427339148704 0.105113201943538
0.0199462252588922 -0.0273662103629191 -0.129272905300165 0.121642906465593
0.0343695926973287 -0.028042779383944 -0.146845384922245 0.14444010810294
0.0558283303139274 0.00462244201706174 -0.132234180882277 0.153603224126116
0.0403280768228391 0.0440562061009611 -0.0888827138577588 0.187866642611171
-0.00575555656776748 0.088668971982018 -0.202282603898061 0.0769550368844605
0.00992403185604718 0.0393205079850366 -0.00716482173060969 0.0306007414363727
0.00879472000978118 0.0117150935948414 0.0696428279037473 -0.108284175861374
-0.000670532631325832 0.0266930168588078 0.0363560713771178 -0.197498047584207
0.0244992183325882 0.0283495676578829 -0.0623563192609421 -0.225434109542607
0.0433970390405259 0.0092549879155327 -0.132637716515805 -0.16248776322633
0.0455680076956916 -0.00810598977311779 -0.153103884998297 -0.0826875041220253
0.0437819995031939 -0.0148226091548978 -0.148312847630182 -0.017603644775606
0.0506594976824183 -0.0312815715915409 -0.121166689440844 0.038995121528987
0.0741574128204869 -0.022215394758462 -0.108557358908532 0.0876856503485076
0.0772696289974454 0.00835825391997532 -0.103656705020676 0.112884360300609
0.0717542998799831 0.0384526849665818 -0.122457827858921 0.133335284168063
0.0510768746827107 0.0592774159822492 -0.149199157644222 0.137482032614708
0.0279697947841222 0.0900609061458192 -0.117268000030895 0.127453273653343
-0.00999998501936805 0.12646594235478 -0.0640784231021463 0.153328099557547
-0.0652594667097742 0.137116844439656 -0.176931157224875 0.0235062189887448
-0.0472445435503024 0.107654637646156 0.0235144952523403 -0.00635360885476479
-0.00879029639138894 0.0970744721499221 0.0810931837568542 -0.14499045802797
0.0211467476105579 0.102275628812611 0.0326260718618684 -0.21781048637337
0.0634219079128959 0.081067732317293 -0.0602072733164202 -0.218342834022056
0.0905685489271696 0.0411932542194754 -0.115348770569461 -0.153246850844013
0.0949018951505719 0.00274265182719312 -0.125377403115232 -0.0830738853422343
0.0869583032268822 -0.0119980182354278 -0.117761400790849 -0.0241554428927614
0.0941621608117173 -0.0333280055162888 -0.0880059185782099 0.0311562216013048
0.124166153154119 -0.0136421764805155 -0.0705305418082278 0.0837267318196489
0.125717356289685 0.0310641383811775 -0.0665767024073169 0.122785410174965
0.118294143301739 0.0852150446401621 -0.102764589391208 0.150428672415548
0.0721638510243842 0.128443082844789 -0.149909519028994 0.136716491048891
0.00674476058510147 0.159942873181449 -0.108962826774352 0.0921045393316987
-0.0539710381862538 0.191174672625055 -0.0301237626386873 0.0978110293791093
-0.112606035793486 0.168952460337576 -0.124515727820256 -0.0365535886158686
-0.0943186177781239 0.169128472045675 0.0667374562798421 -0.0479656193511649
-0.0184998184332211 0.178855270214106 0.101078644705631 -0.177365560242888
0.0523185434300392 0.171037942908175 0.0341508067233117 -0.230241057907684
0.104751728113726 0.120494998421217 -0.0469451843283581 -0.199736463383903
0.130431488298397 0.063227886851584 -0.0835810148407092 -0.134025144292515
0.131617071071982 0.00928892606522915 -0.0809430052217605 -0.0764240107612203
0.116257060831527 -0.00733972525009575 -0.0710445040995918 -0.0277535612154431
0.122043254310912 -0.0275502394116086 -0.0409694869751793 0.0239629095258898
0.152142042615335 -3.05743358826676E-05 -0.0215158897467808 0.0778985655292878
0.151608197121395 0.0512021284965303 -0.0206122689693506 0.12887740558468
0.143021791733816 0.119051783105945 -0.0757215568949813 0.163460196203091
0.0813802652866392 0.175058406226855 -0.145974854079006 0.132010792681822
-0.0171943526689709 0.203495282827061 -0.103883801345625 0.0514637236378851
-0.0937823967837033 0.224103064550316 0.00797761932359506 0.0319751934628721
-0.138795017971644 0.176638494037444 -0.0587532944163602 -0.100146623458304
-0.122216434468144 0.205796949125382 0.10800880138264 -0.0977393052709628
-0.0216808920286775 0.234350193092659 0.116169166971258 -0.198291320284361
0.0791475250050157 0.214021494325305 0.0418023881893263 -0.223513370156158
0.133285796592793 0.138868267361471 -0.0187244201721746 -0.168888618600098
0.152298555020421 0.0723682379137436 -0.0353015559229602 -0.111283831208106
0.148421754433897 0.0136657002159616 -0.0250624242991608 -0.0678577060802578
0.127983239424245 -0.00168527199528965 -0.0149029306667975 -0.0275957058046116
0.131733647054213 -0.0141959743988855 0.013107201101219 0.0216096129155166
0.156913584258351 0.0208398509173517 0.029783717546452 0.076408060730306
0.150602806602952 0.0734985369303275 0.0245707269720882 0.135121688118407
0.13597475240848 0.143830745686041 -0.0505338882326849 0.169444451297069
0.0653802468941604 0.198388688600668 -0.138148545889644 0.121153743138876
-0.0497896560339558 0.215273994628163 -0.0937436715937435 0.0113708952091762
-0.126916027259504 0.219521700308021 0.0513180439216017 -0.0308299584831722
-0.139752497083604 0.155789914563656 0.00776375190978082 -0.158259090847138
-0.127554031491731 0.202697073633424 0.134143532964464 -0.147100710250399
-0.0203169066782391 0.242036682127884 0.122748759480577 -0.203427838670765
0.0899235918961355 0.215401893129506 0.0529121260890531 -0.198422516432472
0.13604198437593 0.131078382707775 0.0218883640773603 -0.131758532930833
0.147898160161884 0.0686599777437797 0.0213182643444857 -0.091198629542185
0.14103768231346 0.0150044557812112 0.0337498409190723 -0.0588341095743591
0.120102391938911 0.00421198486013068 0.0420186828197097 -0.023273583111971
0.122699665638549 0.00176830168872364 0.0668632547538216 0.0273208726575155
0.138479794486864 0.0420142791068276 0.076112811345109 0.0849432457772816
0.125087682334382 0.0918502455944483 0.0590542689835046 0.147209169179616
0.101843075494893 0.155465761721823 -0.0326073401401646 0.171080568311343
0.0282655948502306 0.197243174050466 -0.123204263569356 0.104236325246871
-0.0873590640530981 0.194466187808626 -0.0718710194582166 -0.0200377813411821
-0.147611396324243 0.180179754501337 0.0986544053875812 -0.0785009854395522
-0.117342313230039 0.103820979526186 0.0609717864253805 -0.201027677209321
-0.111684982707947 0.159058212354931 0.141540674110318 -0.183406457240464
-0.0179825704816426 0.198674590694186 0.122759236976239 -0.191158300383662
0.0765760286122454 0.172705178813899 0.0692924187214795 -0.163943863461998
0.1067072263267 0.0997183989565683 0.0645285530133597 -0.10114374828106
0.113731320299684 0.055680985148358 0.0733704587403352 -0.0784923649740492
0.11021989616823 0.0165538683683404 0.0841479099685417 -0.0516776516633339
0.0935300648555068 0.00930023103309638 0.0902294542252474 -0.0142314481806375
0.0967578445669819 0.0151023745821243 0.112308081464695 0.0417363245165819
0.101920234906634 0.0519039163919893 0.11062124551897 0.1059627348147
0.0854621941962215 0.0926414719270388 0.0777105613019398 0.166960204765278
0.0585201670731833 0.142970416798391 -0.0236364210807045 0.173973478100375
-0.0109036354751646 0.167735637765849 -0.1016757999366 0.0908370187210786
-0.112775189587306 0.146404517144543 -0.0388344978709741 -0.0352555076310357
-0.14744726959316 0.116704713434809 0.145887446545634 -0.103612722077357
-0.08100177010705 0.0309315588700303 0.0940422149633108 -0.21637631990445
-0.0831418759353368 0.0843479619188886 0.133947629304651 -0.195007061862766
-0.0183512906546182 0.116870772985637 0.126142431026329 -0.16821259068261
0.0415319264817099 0.0995678059695381 0.0904532214945666 -0.13660838628398
0.0517751540480885 0.0560889108841152 0.0980139004836348 -0.0879138315306424
0.0575829506430246 0.0401955676262144 0.107053499928994 -0.0766260932887856
0.0613913777764556 0.0191227936310748 0.116629672431882 -0.0469129273063818
0.0533511785475126 0.0124581750260374 0.123511629668199 -0.00261003317671288
0.0563455761301767 0.0200990310781772 0.142387903113223 0.0608511171243566
0.0561963631008587 0.0424666882860866 0.129091075295145 0.133408698842589
0.0454971459688415 0.0668979161672921 0.0808121515117784 0.190068373950802
0.0261768521845344 0.10179968800353 -0.0218022172461489 0.177931628763325
-0.0317449989891877 0.116600107056416 -0.0785600773580884 0.0877605696648252
-0.109280027133502 0.0851784172155633 -0.00765590418323335 -0.0289590481882199
-0.11959283763309 0.0431321641011763 0.181889431931975 -0.10435535879206
0.057684884875424 0.0288073288601447 -0.214828557037934 0.13724821734207
0.0660161839050655 -0.0323082895895017 -0.00958625546550815 0.0706205904331724
0.0258819190915918 -0.0719046865153095 0.0855192724174768 -0.0866594437321977
-0.0178170102705905 -0.0476277108738701 0.0476967173400278 -0.19939819266955
-0.0120575781251829 -0.0292171311274435 -0.072951933448333 -0.245274359527616
-0.00667623232951773 -0.026435006943317 -0.157798602847405 -0.175285404418783
-0.00866038364708897 -0.0196286874194106 -0.180685698844533 -0.0783555890161407
-0.00571644874303869 -0.0183548201955803 -0.176385596986172 -0.00415325646954653
-0.00229216934042043 -0.0285930184359007 -0.150651730731483 0.0537504345645893
0.0117732244954705 -0.0354281960754663 -0.139003127210515 0.100805363600528
0.0172599590926559 -0.0262047275575019 -0.130305852861293 0.117333586946514
0.0213539723958492 -0.030259435275623 -0.139884102082459 0.13587083809759
0.0376071876014862 -0.0313894208783161 -0.157347918387985 0.162328382545352
0.0608674619005156 0.00418899676468118 -0.142753739670715 0.171621121401652
0.0443558604717662 0.0477434672556624 -0.0967004114961978 0.209455422774119
-0.00519068652236694 0.0959739258968782 -0.221567246343315 0.089775203341962
0.0110255319825587 0.0436145935918092 -0.00621707758709916 0.0339198992216305
0.00917010709362623 0.0134767590428459 0.0757815177775154 -0.119683447574765
0.00058944400339689 0.0299257656726797 0.0367332079881831 -0.217778307664672
0.0285563521889911 0.0311767816404131 -0.0748504807956156 -0.247273160214311
0.0480075547963016 0.0093961244492308 -0.150446084271542 -0.177752988253461
0.0513157921063216 -0.0101972194350598 -0.170991512898479 -0.0884523358113601
0.0496979753931225 -0.0174918717694257 -0.16600422648959 -0.0148336612735453
0.0563117375753384 -0.0354656396915649 -0.135060261225286 0.0463743158356783
0.082058708750441 -0.0256336052884453 -0.118503863229083 0.0986941876830744
0.0851684085677453 0.00818323225012454 -0.111507268972387 0.1264299116008
0.0802985894771344 0.0416662602335584 -0.131146558213731 0.148408490422252
0.0584515325648742 0.0646580850829331 -0.160262681404244 0.155424737981674
0.0314553562322757 0.0985016041204059 -0.126397355273018 0.143739141775319
-0.00922153345239178 0.139971327609345 -0.0698966682854112 0.17081976357305
-0.0693599855865807 0.150890009559367 -0.194004446091096 0.0313959643586724
-0.0498786203919555 0.120396169857733 0.0262125096111199 -0.00670513437072185
-0.00808671673171384 0.107465209301183 0.0866625358403411 -0.159629144924432
0.0265926295184557 0.112088172793765 0.0311325144211086 -0.240360044018304
0.0738584422707161 0.0879946094907623 -0.0714012397904802 -0.240273653044424
0.101043519073211 0.0427686281108956 -0.13020008964751 -0.16743251875704
0.105850814408424 0.000651344786672072 -0.140821005283451 -0.0892035994139707
0.0972397337416632 -0.0151206218904754 -0.132212629522465 -0.0234398395641499
0.104294658047553 -0.0374016252831401 -0.0976432085380582 0.0368764125380593
0.137264888425976 -0.017288931917244 -0.0764125903412899 0.0941541162407759
0.139187058091645 0.0314058981769394 -0.070848549937087 0.136217635851752
0.132442186568278 0.0924991698870363 -0.10769276473372 0.166631307753808
0.0840266526607344 0.139917789532608 -0.160019135831525 0.155789830448149
0.010158238041298 0.175842743255638 -0.118334031872104 0.105693724686781
-0.0563185139006134 0.211153235922109 -0.0343060490032332 0.109309538028773
-0.120476812042069 0.187814611594192 -0.137581541543787 -0.0351883186303162
-0.100239186469462 0.188961851341925 0.0731821079695858 -0.0530568793271048
-0.016521112695361 0.197704239708651 0.107133858611138 -0.194796376181292
0.0630885254008776 0.187791292233286 0.0332110424328835 -0.252855157591447
0.120148987806201 0.130242348291286 -0.0569605446692666 -0.219649831900386
0.145559415524517 0.0660213288798377 -0.0943553540718251 -0.146647963178199
0.146935773496521 0.00788966974878436 -0.0918869762589208 -0.0842445842137353
0.129620387109475 -0.0103289137042472 -0.0800815933600982 -0.0293898580570193
0.13476085764362 -0.0321341804591257 -0.0455531338993632 0.0273678583770912
0.168497414215612 -0.0033860191076702 -0.0223524881669399 0.0864042878193535
0.168933046484186 0.0528323755775272 -0.0198182872486296 0.142167715707099
0.160230653076303 0.128923654804915 -0.0774085907090749 0.180741413783566
0.0947103753169684 0.190867379725274 -0.156047970925462 0.150802683508396
-0.0150668688177399 0.223824370121544 -0.113611896993943 0.0617735447527738
-0.0986226958493209 0.248227968035687 0.00677200882677828 0.0365736795129098
-0.149297950059452 0.197655016490742 -0.0651168153167537 -0.106189945501332
-0.129536122829049 0.229812740958772 0.116892478678561 -0.107343189065465
-0.0180165755029719 0.257983806212656 0.12395966357702 -0.218209598284347
0.0941339249990068 0.234273495293227 0.0406411688290097 -0.245983145385885
0.152274296322485 0.149411314547028 -0.0238872164473243 -0.185745880847195
0.170823197583313 0.0756145499715711 -0.040377189714624 -0.122494078641555
0.164983022048446 0.0121299305352749 -0.029645531037637 -0.0756742877526901
0.141891673289358 -0.00444392983347273 -0.0181663382429051 -0.0305193944171659
0.145625150542801 -0.0178918347574013 0.0149084630823389 0.0230146279792099
0.17423462875887 0.0190122096170319 0.0342439223648229 0.082948319597564
0.16843670761178 0.0778038044782369 0.0301569531152815 0.14723722463237
0.15419935082355 0.156366530158909 -0.0490644751242778 0.186187114144327
0.0782992578120021 0.216823125437881 -0.147382078966424 0.138259613029686
-0.0515844166761785 0.238529375402213 -0.102445253692828 0.0173205849229653
-0.133988847612488 0.244173442089013 0.0535386989769619 -0.0333686477344328
-0.150237647759386 0.174599458115692 0.00742013045403179 -0.172369989045821
-0.134830926019757 0.227167641479474 0.145233575468405 -0.162291780882582
-0.0158560638824199 0.266365023580143 0.129962472557154 -0.223965506962158
0.105779196105514 0.234751522930422 0.0533619036098385 -0.217932638016238
0.154315455396317 0.141165632017472 0.0217716497031506 -0.145899334413848
0.164566484251667 0.0712629127810884 0.0231374929269137 -0.101854033504625
0.156923047008988 0.013816047620068 0.0355255881677652 -0.0676868297035078
0.132687770161878 0.0021440346800034 0.0452588016545854 -0.0274971864682937
0.135838932942272 0.000782973346636664 0.0744670730144999 0.0279299324670282
0.153992031252536 0.0434311827072626 0.0861641072485797 0.0926421457534085
0.140864287026132 0.0979282469407116 0.0681409580874982 0.159896150801543
0.117206166784151 0.169606574315479 -0.0300483296253124 0.189309283610216
0.036854879183781 0.21629147553522 -0.131580679800232 0.11993982240214
-0.0927835646015332 0.216190838111928 -0.0794083987442347 -0.0182342623684658
-0.157471456917017 0.20132840433103 0.105436105462046 -0.0874889802923535
-0.126059680343439 0.117889803783953 0.0654258954348088 -0.220862683728508
-0.118259154934356 0.178061493072815 0.153074329763783 -0.202292180768785
-0.0144228828388683 0.218601290396108 0.130642834701236 -0.211100401215936
0.0904625348169081 0.187557755610417 0.0724468889220017 -0.181680060992478
0.121181052362847 0.107537032817512 0.0698335823136767 -0.112732261848638
0.126929097384671 0.0578253342074069 0.0803995623377715 -0.0890858893433421
0.122075507502426 0.0156899396308084 0.0918786917128363 -0.0613929903409305
0.103686782896301 0.00829213174392252 0.0993081063458085 -0.019608629240047
0.107279924530415 0.0153079683217243 0.125082901079944 0.0433325423989776
0.11341311811694 0.0551380767087695 0.1251893169273 0.115204053063512
0.0968302642892071 0.0996561896846049 0.0892168557866467 0.181857071506416
0.0681956451141704 0.155816474030077 -0.0203436240671644 0.191773689821174
-0.00772014669164078 0.184609762036809 -0.10924613359073 0.103942053761345
-0.121264614598887 0.164443284138923 -0.043629264401472 -0.0354183907886437
-0.157700675285819 0.131884811903581 0.156857969667006 -0.116537957486739
-0.0873420416017152 0.036657332866839 0.101482772336305 -0.240127744652014
-0.0883609049336104 0.0954107104130913 0.145234850660087 -0.214891501083504
-0.0168191099934414 0.128981396804607 0.135256772910314 -0.186985183957563
0.049927798261837 0.107918170552373 0.0964833042740112 -0.151948945931259
0.0589402651797912 0.0609026159405447 0.107397870071232 -0.098902914343268
0.0644088959894447 0.0421227370501907 0.117315942296878 -0.0870398736092047
0.0677559046834898 0.0201552565261421 0.127571764588663 -0.0562644708846614
0.0587011083001774 0.0129806093837399 0.136656759998912 -0.00763584309491645
0.0628615021805288 0.020797875340407 0.159098886565942 0.0630693357506553
0.0624161061424865 0.0451431837187527 0.145682468412373 0.144126740405043
0.0520490395765693 0.0724609375785312 0.0935777043733313 0.207245024203491
0.0313086722199378 0.110946859433218 -0.019015446596953 0.19725677739842
-0.0320852530337535 0.127707448943408 -0.0843569760357512 0.100316351271027
-0.117882195126767 0.0968355231211008 -0.00930422992551162 -0.0301870875433344
-0.128867289987352 0.0503683919972253 0.196445286872207 -0.118644711147408
0.0544528557989707 0.0443378612578562 -0.24801937676429 0.111849257591215
0.0756214892194347 -0.0221021849881574 -0.0176238928376298 0.0728221719707615
0.0389165198183172 -0.0726358818788669 0.108768520849603 -0.0839796606541933
-0.014343703843846 -0.0543084499480595 0.0844621137810502 -0.212751317323209
-0.0131871120502435 -0.0328943271260425 -0.0436833640156736 -0.279734323756549
-0.00602808363974483 -0.0292612506244073 -0.144064858925497 -0.216417741514372
-0.00505955786283043 -0.0228600502260463 -0.184806675074952 -0.115162349381438
-0.00182520614993209 -0.0197921170450648 -0.192808946428584 -0.031943859535275
0.0042494435565546 -0.0309058736090203 -0.174203779493364 0.036733707570712
0.0186279333638968 -0.0346291275356589 -0.166850453834846 0.0893131973311945
0.021994737283252 -0.0232245166924955 -0.159426114051819 0.106670263736514
0.0252982377774026 -0.0285382322472234 -0.173248699043775 0.125737687452428
0.0443977702289991 -0.0250074057811415 -0.194882963312113 0.151756705492173
0.0603256969350983 0.0184407705919991 -0.183655889044076 0.159938357435969
0.0381775402338113 0.0645600029770987 -0.147195308028477 0.205009793596391
-0.02526974513856 0.104572503316433 -0.250927027841145 0.0632330205467516
0.00344667480829803 0.0488011380097435 -0.0107879433835855 0.0367599519364093
0.00591018862551571 0.0143103317143139 0.101849596209958 -0.115513454727859
-0.00731633199152664 0.0299130959869754 0.0752612359078248 -0.227790514384674
0.0203112558997552 0.038276960531665 -0.0409901803086733 -0.278926151595075
0.047147929425536 0.0183865167741458 -0.134482226956222 -0.216890526677353
0.0568111221737954 -0.00273198845987459 -0.17238637670653 -0.12292621621263
0.0570896351855451 -0.00783728364409946 -0.179809173492782 -0.0417606467673707
0.0679191539027688 -0.0267284920472489 -0.157083376956101 0.0321998196132378
0.0929520116080347 -0.0119897723308686 -0.145521237341341 0.0914023283991452
0.0893598069614374 0.0280839018996874 -0.143087147643151 0.118521412703418
0.0765771604097756 0.0599243320657946 -0.170416614415349 0.138150814847168
0.0473082490779087 0.082750657974099 -0.197320200673477 0.14217104468619
0.011035201747664 0.114477019252489 -0.160149032243132 0.128580741880368
-0.0395483806875459 0.155733082343329 -0.106222497161814 0.165304754694546
-0.104040665828585 0.14976419894728 -0.214425541662469 0.00813839132082847
-0.0744240975553839 0.118596951696608 0.0281876013854555 0.00139405295350596
-0.0296285551609168 0.110187918361745 0.11904876817124 -0.149600386825404
0.00662527356911958 0.121286264480563 0.0720461514840803 -0.246577726327904
0.0590111725404413 0.106931536798142 -0.035835946043239 -0.267190724626063
0.098840000753902 0.0641368455343337 -0.112677085069267 -0.201364832603894
0.113405509098378 0.018197910240327 -0.137805646051108 -0.118347374006969
0.108150141994842 0.00462244491532616 -0.140861950902776 -0.0461334265255532
0.119848945355466 -0.0206075785845688 -0.115678536971707 0.0278851903871341
0.151564962085198 0.00758686023613474 -0.0999352449471421 0.0932745429318668
0.144329985586989 0.0645907173251479 -0.102482910533961 0.134456785980355
0.125175665798089 0.125532231041196 -0.151442713438487 0.159080274573659
0.0595558952811471 0.169888282294353 -0.196659683056053 0.139959929433133
-0.0268458980634535 0.193985871585276 -0.14381835442419 0.0877466732856558
-0.105522157896592 0.224880290438276 -0.0521777139631986 0.10356685934575
-0.165405603688314 0.177774827582293 -0.145799380591473 -0.0515444964426009
-0.139154406316603 0.181470582368428 0.0838231828355663 -0.0383997891358346
-0.0543935893410376 0.202628366051036 0.145112363687327 -0.177962769094055
0.0325680961634422 0.205316089484196 0.0760568015324893 -0.254275932729762
0.10142466945342 0.159157932966267 -0.0192612698263586 -0.2412260065028
0.143398029896502 0.096509217041883 -0.0748739000992943 -0.172487977416525
0.156115052411729 0.0328793391475028 -0.0840478954037038 -0.10357516788145
0.142453841210289 0.0158875080917938 -0.0835820679303513 -0.0436477459732585
0.151865754479647 -0.00859064272554084 -0.0569231441083821 0.0264935891148677
0.183808470020817 0.0281678045394111 -0.0410636280041668 0.0937626976475934
0.172603266088069 0.0939552013507016 -0.0493632782714754 0.147648279652444
0.14959979586026 0.170422301268095 -0.122422248762919 0.177072607761279
0.0614476381091835 0.226189927916099 -0.192477547266118 0.13517685498461
-0.062552511112755 0.240628440830321 -0.13065931556973 0.0389316301185185
-0.159227683175695 0.256300515590848 0.00942349019463338 0.0311882961071762
-0.197719587135952 0.180608641937233 -0.0575130823656106 -0.114832249778956
-0.177194336139022 0.217847244722657 0.14000792185621 -0.0873601359663721
-0.0668087290217717 0.26578627937182 0.166063405362162 -0.195550746376922
0.0577975959773823 0.258164345055882 0.0841205818895317 -0.240661224264073
0.132668607068114 0.184395270595531 0.0132514091845178 -0.197671318258505
0.168701388823162 0.110355264593701 -0.0192005693351064 -0.137823015875886
0.175135872061078 0.0411964134358737 -0.0169835263509482 -0.084088773391743
0.154482347615555 0.0245823192363058 -0.0153399166527614 -0.0365760292790046
0.160885560209812 0.00870555736100515 0.00993754571745109 0.029582014564653
0.185384150478178 0.0529776489024067 0.0211945303695333 0.0989921279377755
0.167395112508927 0.120863965935307 0.00430024533414769 0.160281851141484
0.138887874289493 0.198986034221637 -0.0938007262411231 0.186451725452009
0.0379789445668326 0.251443886155053 -0.17997329994136 0.122836268727289
-0.103169790752834 0.248552977663248 -0.109700377946086 -0.00670417201743952
-0.19724151015123 0.244434620002633 0.0746966165033936 -0.0353414299392956
-0.194047747235346 0.154819557154124 0.0311129765670375 -0.173657568252499
-0.182678610721311 0.213514202432897 0.179157152276745 -0.141210267575613
-0.0658014733090619 0.273786841648538 0.174273697220869 -0.200842213788828
0.0715043324961805 0.261376280107965 0.0941821299259009 -0.208812784128112
0.137598734394615 0.175191126190389 0.0577037569087597 -0.148128777902086
0.164783564623793 0.104853911585088 0.046072016694682 -0.104826361396763
0.165739848673977 0.0419380561959011 0.0525271002315373 -0.0649699537731863
0.143440149053806 0.029417208342675 0.0525615107759136 -0.0229216308097897
0.146707192512165 0.0261978865803837 0.0745243563147418 0.0437134732342988
0.160058197767714 0.0757115378905742 0.0759542365291173 0.11612675627718
0.13391904770958 0.137513401888941 0.0447258349181904 0.178443696903425
0.096310654858749 0.20789460983933 -0.0710998093418124 0.19108401972888
-0.00648471769489278 0.241323667708915 -0.159415027417052 0.105713895682225
-0.14297489191442 0.216212543935364 -0.0769740973632828 -0.0402638093260199
-0.213918675826501 0.191312769140477 0.140728035211645 -0.0812069947774896
-0.157757495918887 0.0977478667645825 0.104404088790181 -0.218324378843027
-0.157232906938287 0.163948200482781 0.194300507079714 -0.184531455408618
-0.0553840948713811 0.224039294078985 0.172558038609832 -0.190224954206947
0.0634947331999285 0.208394524261071 0.108324039722489 -0.169107438992801
0.107813076822119 0.132597622844216 0.102193424764603 -0.107152559170028
0.12632773330558 0.0828512779278067 0.105594063384781 -0.0823061943464052
0.128387339452238 0.0374746521534686 0.113436591891921 -0.0503386443800945
0.11029619564636 0.0297606772468371 0.111625355431266 -0.00556065657848821
0.112344530726796 0.0366329693628636 0.128964648585466 0.0665799032550937
0.114024727037337 0.0812530275308194 0.116445158571571 0.145507619656302
0.0853579301783264 0.130924053539999 0.0659287609905595 0.205622450637565
0.0463259982518597 0.183461244567906 -0.0587522690983696 0.195716913464297
-0.0474822404532673 0.197388152907748 -0.131834925703633 0.0930212200904246
-0.163155301852792 0.154614919518055 -0.0353608981751258 -0.0507547118197894
-0.199245324641453 0.113633483337199 0.200363128344295 -0.100474642090852
-0.101259132514157 0.0177582951255937 0.148644098706465 -0.236275940276889
-0.111155166841593 0.081920754991881 0.188839211550265 -0.202765391044223
-0.0414511358317148 0.129141818184069 0.173591064167742 -0.170252462348936
0.0344695781460589 0.118574927495293 0.128901289062119 -0.13980732885409
0.051084351131383 0.0718179799794039 0.137605727537538 -0.0875034749765745
0.0621863597575636 0.0545565231671084 0.144126413373224 -0.075562470150361
0.0698869887547735 0.0320763029664555 0.150188269813147 -0.0400271008299219
0.0609028517282678 0.0254702841832877 0.150194590885926 0.0123559225585623
0.0635423991388533 0.0343109602449568 0.16324349074102 0.0934335481597834
0.0601953392649014 0.0615669978214162 0.135847193886385 0.180448097139074
0.0423664131791469 0.0914735362017165 0.0672034642711032 0.235145789009298
0.0129497489587792 0.127692119814214 -0.0561009210065734 0.20449025599905
-0.0625397735994514 0.130738649308907 -0.104502524995907 0.0935325079901871
-0.145526822216593 0.0821042844140094 0.000465871437498147 -0.0361984584398787
-0.149231186179409 0.0293485199776788 0.240423273541385 -0.0925963640296746
0.0606700575854431 0.03999934243509 -0.247435033288425 0.140558845590109
0.0763048008478518 -0.0302046917607001 -0.0109154651585218 0.0761073298013221
0.0327962824862932 -0.0786335246389266 0.105956444015428 -0.0987523673894727
-0.0197684443958316 -0.0551337672932487 0.0679500873992663 -0.229767561851358
-0.0167320627832011 -0.032220400922625 -0.0748799969641491 -0.287391629675288
-0.0093573885210788 -0.0295127713838621 -0.173916147793703 -0.213012727416403
-0.00698541242435527 -0.0241486075784335 -0.204414656004877 -0.101365021292156
-0.00249351932890252 -0.0205965382823981 -0.204813542199408 -0.0130104269137479
0.00281584426186402 -0.0323611931534722 -0.179978769682206 0.0576327378268902
0.0166524516390343 -0.0375801682119449 -0.165730785819998 0.109264065886247
0.0205070633544671 -0.0255886288183036 -0.156179544361924 0.125779256145289
0.0233521250557402 -0.0317358323774328 -0.168507584250903 0.146804749371023
0.0439581707409681 -0.0299206456141248 -0.187471957366843 0.175736686136352
0.0633965338126133 0.0144278624522385 -0.176179727025659 0.18273971220565
0.0454745262947232 0.063218260817922 -0.136830514245196 0.228472408836711
-0.017805363472691 0.109416008663527 -0.255338950832476 0.091342200706642
0.00790446380007699 0.0513017853491561 -0.00645973011260668 0.0384762148486202
0.00709273909637806 0.0151759259614876 0.0966582762069432 -0.1294896897986
-0.00421051572435624 0.0323284217287092 0.0563248491405744 -0.244984284961971
0.026282965588877 0.0382361508296637 -0.0711297626028219 -0.287106891459402
0.0511542232831692 0.0149433250644482 -0.162663167733694 -0.214563358295659
0.0604987670354653 -0.00884480866829986 -0.192594271943435 -0.111969294085349
0.0608153624866672 -0.013683799424385 -0.192632150156192 -0.0240944935258109
0.0699366131120429 -0.0342582191431771 -0.162265143846813 0.0505577710979322
0.0965298231844896 -0.0206058703901581 -0.143447631001924 0.10969318221499
0.0962895350242625 0.0214198164770207 -0.138207237946237 0.135750862667272
0.0855982544617721 0.0557886098777888 -0.162883499468962 0.159189562514522
0.0581613737971032 0.0818143384498843 -0.190168551654063 0.167043326871463
0.0215395920142934 0.119535583121662 -0.154955031371376 0.150039475278679
-0.026489431300023 0.165187362703388 -0.0987022872460564 0.183653518164102
-0.0955464657088549 0.164923834046329 -0.222649921138154 0.0313261707715898
-0.0666988237796443 0.132218431603935 0.030153617892414 -0.00107211094487285
-0.0199399478836338 0.11795834148982 0.110441917375596 -0.16590115114604
0.0195446973381868 0.125426992847729 0.0520346044518622 -0.263252242523076
0.0735973535122599 0.105038781543437 -0.0639784764438836 -0.275371450528825
0.109458502660667 0.0573052784204246 -0.137554064787194 -0.200859299305174
0.121907163839284 0.00749720186969302 -0.156537129283171 -0.110742645710697
0.115290308039449 -0.00592547855694489 -0.152836218483968 -0.0323461070448698
0.124702807879749 -0.0324754462453874 -0.11942507343976 0.0420745103382143
0.159739884934427 -0.00722699976271402 -0.0956971163083162 0.107572717103579
0.156983819577988 0.0540020227660667 -0.0946120210007806 0.14980696909705
0.142674141073843 0.119174516037554 -0.140970049819409 0.180362348277869
0.0799732387812783 0.170784179116031 -0.190073735482159 0.166126296412845
-0.0104782672657263 0.20501180952654 -0.140808175701324 0.106262516552522
-0.0882990063595628 0.243322164786931 -0.0476399928082242 0.113939828983458
-0.156178094843876 0.199719655932513 -0.154898995741948 -0.0370695486477507
-0.127968321179595 0.203522505280048 0.0846048232331414 -0.0467015428825413
-0.0361809955528517 0.216547412625517 0.135065811359251 -0.196698665567682
0.0550313092439755 0.210215682943335 0.055045387733107 -0.27046598426424
0.123038907511836 0.155118088291365 -0.044107661262573 -0.249879842857316
0.159956393783776 0.0862528583925643 -0.0943863794558025 -0.17398341859074
0.167242596015439 0.0196995473272186 -0.0994641495731498 -0.100565700108611
0.151872706239252 0.00253570328337238 -0.0926425065415314 -0.036354777481544
0.158836508599553 -0.0232950160480503 -0.0580356299357619 0.0336255028345842
0.195033792311535 0.0113909751510132 -0.0341454936300384 0.102000333903538
0.189796081804209 0.0818060240183316 -0.0374838211963686 0.158603192291014
0.173688173821755 0.164493695129891 -0.109034100300632 0.195126486329216
0.0869295834469549 0.229538977884632 -0.185017267298757 0.160819119911343
-0.0440420728705615 0.256959898056531 -0.130829195723887 0.0555056071398595
-0.140041471047043 0.281365277802126 0.00974716184967287 0.0326506118249199
-0.188843728133724 0.207326483423492 -0.0685986750819141 -0.111628526189089
-0.163809214547328 0.24559496440132 0.138406501064129 -0.102046299941409
-0.0431499039665636 0.283018895473825 0.154697644935936 -0.217306582191759
0.0875613427742499 0.262828452843111 0.0640838770940591 -0.256654604868024
0.157548707952867 0.178482242995738 -0.00588974409381402 -0.208547319605241
0.187963879872124 0.0982771092385551 -0.0323293676042675 -0.143256901684595
0.187883410647011 0.0259667541217934 -0.0270000105529247 -0.0874569859444408
0.165150700116441 0.0106250949395722 -0.020491738761444 -0.0356123937959692
0.169608291057174 -0.00580297213793863 0.0121692323236287 0.0306730546309729
0.198998059660798 0.0373891023268535 0.0317360705641549 0.101969835033316
0.188035445173325 0.110369338189584 0.0192467493895937 0.166678026305291
0.165212742410901 0.195370381510424 -0.076833946351081 0.202283933218663
0.0650773277569592 0.25783143836242 -0.173077308105857 0.147544866836555
-0.0851693890384818 0.268952752139952 -0.114590937909585 0.00604389841893944
-0.180029551565041 0.272023425168052 0.0718388507917891 -0.0427658362285704
-0.186395874394592 0.180307050596594 0.0188780307241934 -0.182858647240041
-0.169357340421743 0.240103771896548 0.174436126926581 -0.161838362584913
-0.040897917014472 0.291898947847082 0.16223953514333 -0.223144832810789
0.101494240729898 0.264310039642842 0.0773541764469216 -0.224171859482228
0.162129936166836 0.168244238858477 0.044914177162777 -0.160948681460247
0.182681434354396 0.0925254700210503 0.0392957775192427 -0.115373618745556
0.17853104256876 0.0270585956136993 0.0480478348910553 -0.0748377839205382
0.152712817473741 0.0167850773776798 0.0517269324456458 -0.0289544388159959
0.1562186948966 0.0138843539232904 0.0821670554623076 0.0391818519720955
0.174600428761147 0.0635688222971544 0.0920125118510956 0.114048203039569
0.153979369406724 0.130737624632625 0.0637225970678991 0.182369431599115
0.122138670458513 0.206985620760237 -0.0534807395623713 0.206057924769176
0.0176812668273127 0.251017206705808 -0.153487563016372 0.128067076796691
-0.128831523144166 0.239530277189665 -0.0840458325749848 -0.0319866614237762
-0.20176232469471 0.219213813846233 0.136934655719013 -0.0979469388092004
-0.154502876503386 0.117353391647339 0.0910713475526306 -0.237339100071605
-0.146296445085215 0.185946163101786 0.187907293460525 -0.208340605581665
-0.0340494202912682 0.238022224533104 0.161328384717207 -0.21243520510005
0.0887383503282417 0.209959704873333 0.0963984853551375 -0.184848555008133
0.127594451660344 0.126923724259717 0.0969463070810355 -0.12164156717238
0.14083653059671 0.0731373834742794 0.10339677827213 -0.0974254927900794
0.138433125146846 0.0267606051686291 0.112890764069454 -0.065468853930145
0.117747555710078 0.0202823232809265 0.115561655629631 -0.0174787825607566
0.121052434900614 0.0276263921309245 0.140544630041876 0.0571289563073311
0.126626298111555 0.073872312354802 0.136839011309477 0.140863786217352
0.10308126235111 0.127895813828541 0.0883484594391968 0.208322700221546
0.0670421790043145 0.18687963591534 -0.040583736068979 0.21009464546723
-0.0301650525387974 0.208838888317616 -0.126264295734314 0.11130102806651
-0.154373456278332 0.1777850098452 -0.0414201537487445 -0.0473552854363731
-0.193504756294796 0.137542414599728 0.197261832083724 -0.123612143997528
-0.102732091663325 0.0287056638554977 0.13608341661663 -0.261162581395824
-0.106437790108228 0.095487263244196 0.180418292651522 -0.227069904618387
-0.0289649692341375 0.138252278904437 0.163789815376942 -0.192001106431117
0.0489447857230118 0.118463879152401 0.120497916678116 -0.156828852822467
0.0609532060542489 0.0695378336990509 0.135197211045016 -0.105434481025234
0.070571375393406 0.0508564236587738 0.143508753904549 -0.0937352677781658
0.0762485247407081 0.0267419454859497 0.153414997575395 -0.0581720707388125
0.0654857909864535 0.0206166890040936 0.158170417038196 -0.00223841092904631
0.0689956398357167 0.0290002617855627 0.179964900148341 0.0818696790865363
0.0680671066412313 0.0580474882852734 0.160523606348413 0.174094123456013
0.053360951074602 0.0908045282608131 0.0930147479797749 0.238326478661539
0.0267387657003216 0.130198766796937 -0.0373369667023133 0.218236245840663
-0.052029445188566 0.140731098427171 -0.0985548362407 0.108647000856642
-0.142675720167142 0.0999000640344517 -0.0035683445554373 -0.0362723703942698
-0.149790074839691 0.0449169560847598 0.240191547347092 -0.119379075299646
0.0618736933869468 0.0340536947050027 -0.236604183822764 0.160189924828035
0.0735885851105425 -0.0351836895077689 -0.00410713324830263 0.0758748022648378
0.0260385092406346 -0.0798046471478183 0.100185045100476 -0.108483903652024
-0.0236036983096665 -0.0535475828099487 0.0505360023298222 -0.235795417384469
-0.0192499109490385 -0.0307774703587754 -0.0990246895115419 -0.281589498596719
-0.0116202111703269 -0.0281694887341542 -0.192824481139045 -0.201072263953161
-0.00804596384624832 -0.0245343111296071 -0.213511804336181 -0.08674243926002
-0.00279349744383879 -0.0206077765177092 -0.207728299555873 0.00516484666754327
0.000529495966351552 -0.0333679116038412 -0.177604309138345 0.0742859190879394
0.013960707518801 -0.0380777664429376 -0.158105614423942 0.122947987932308
0.0190482932342462 -0.0260976523863046 -0.148427956045856 0.137589849484639
0.0209891348198272 -0.0338616113723565 -0.158653358376135 0.159803465476643
0.0415423106102556 -0.0331190884942431 -0.17281166071397 0.190214294222777
0.0643508174507395 0.010490826642254 -0.163370509829508 0.195362711338098
0.0497800084857444 0.0594910540933403 -0.123223712292881 0.240019893071169
-0.0110314314755382 0.109671219527687 -0.247945839299794 0.111589652822654
0.0109205760742887 0.0515959623298676 -0.00354688982013047 0.0384729787788632
0.00814096338803763 0.0152904152307914 0.0884418013810625 -0.137707247831358
-0.000817773685732464 0.0323734594726626 0.0387472713321987 -0.249386724203034
0.0298823025595626 0.03627334709791 -0.0952791827183039 -0.282638545646497
0.0525512003504132 0.0113712637421968 -0.181484813077679 -0.203449757721756
0.0609580367403097 -0.0137856204170229 -0.203122389908699 -0.0973580486211214
0.0617101077419596 -0.0184030347245015 -0.196227927527575 -0.00728642524254399
0.068829507681428 -0.0400508756860072 -0.160277245878318 0.0662481885812286
0.0962316546434515 -0.0276263509325466 -0.135964631062741 0.121374411961047
0.0984942761459471 0.0146612665494928 -0.129245779609947 0.146869648686125
0.0903711118906027 0.0501762134409562 -0.151000401994778 0.171732718803081
0.0650374467407204 0.0774717448540281 -0.176334484453179 0.182562068777194
0.0295453216079564 0.119129250631751 -0.143262040830941 0.162140788862381
-0.0140981755274984 0.166391113814664 -0.0881551246935333 0.192696953087239
-0.0852177985056104 0.171312623635252 -0.219284797885804 0.0501162183844771
-0.057632763879401 0.1383659009991 0.0302601360391022 -0.00310997344223738
-0.0107318155544167 0.12049334540245 0.0994716721786617 -0.17370642436937
0.0301976534895437 0.124032283598539 0.0323818321498998 -0.266415192680729
0.0833592439251887 0.0991092888852298 -0.0866950064562674 -0.271878397410732
0.115084155779659 0.0484771468341211 -0.154213196265519 -0.191928314279171
0.123572004367254 -0.00228147437731441 -0.166652476840779 -0.0992575184788377
0.117288334122498 -0.0147695503261975 -0.156485741550089 -0.0182727844320168
0.123392659560471 -0.0424873497955511 -0.117256125151102 0.0536812324884019
0.160742356218229 -0.0189531454982945 -0.0884210719660002 0.11618884933933
0.162514485761367 0.0427914471386451 -0.0843123069708471 0.157137475685696
0.15344708561781 0.109310849125486 -0.126226144761543 0.190582066624025
0.0938078088678547 0.164743465998726 -0.175504198966168 0.182274383586323
0.00418832035655793 0.207025597464913 -0.132715050751762 0.11800582542309
-0.0699297894107348 0.249544653585618 -0.0421905986862907 0.119469725266714
-0.143309275375456 0.211851781248737 -0.156150202938984 -0.0232714516426439
-0.113027953631802 0.214550786479101 0.0822177749080366 -0.0520913918460748
-0.0190545896872672 0.219949394749924 0.121241013779785 -0.205200856207248
0.0722587380378382 0.206404877395077 0.0348192181295144 -0.273414325708207
0.136390032229225 0.145715393596263 -0.0643077632829728 -0.247066451264729
0.167338982507828 0.073811187906078 -0.108770171992561 -0.168294421809456
0.17026257518888 0.00574594625438052 -0.108416781766542 -0.0939838394163978
0.153936494440656 -0.00941404931765613 -0.0962597517240143 -0.0275862628016967
0.158685486608968 -0.0357523778445286 -0.0562530598204078 0.0400231107216764
0.197693632540656 -0.00407449649960897 -0.0266269376789324 0.106114159573832
0.198176830745168 0.0674185288936097 -0.0266320942219702 0.162390742929813
0.188204225964459 0.151741981226838 -0.0932985474361885 0.203044599058877
0.105785745208973 0.223216860738961 -0.170960793042781 0.176933763871719
-0.0252721319349751 0.262273577655306 -0.126383325422257 0.0667954865003858
-0.118674310323636 0.291387675859986 0.00970456981017299 0.0336597059337874
-0.174250937476676 0.221758194079915 -0.0747317988553176 -0.105294804344232
-0.145223202437153 0.259257484499863 0.132372837714156 -0.111674597454497
-0.0202878122695045 0.286792543548182 0.13957778417998 -0.226756660792949
0.109129390499333 0.256804016908151 0.0448034517323575 -0.260817817333785
0.174063183595054 0.165454277383711 -0.0228347007801322 -0.208986634749509
0.19686675427513 0.0831352010057174 -0.0434808086779045 -0.142525499041831
0.191355546211665 0.0112800822541705 -0.0350309620010871 -0.0864359216634857
0.167613484754867 -0.00241286774573828 -0.0237228885447128 -0.0327195207065865
0.170741119379068 -0.0187588214661676 0.0138271727454008 0.0311841162076294
0.203872292863888 0.0219767696856576 0.0403815468581226 0.100460378020494
0.19854630856027 0.0959207478555269 0.0319418843866923 0.165927895578855
0.182530179112291 0.183191431122951 -0.059738768283993 0.208118550173135
0.0863094488142133 0.2523560102786 -0.159806030367992 0.162735734268764
-0.0656248197564895 0.277325878206045 -0.112991073990797 0.0167270542294457
-0.158909753287897 0.285061044343636 0.0669109774216584 -0.0471314018060901
-0.173674636373428 0.195211658617109 0.0090153233232649 -0.183885328709327
-0.150452624515961 0.25411360957299 0.164915321863188 -0.174256119995347
-0.0171956814297525 0.294682947322139 0.146870256372005 -0.233457249831418
0.123957311732553 0.255251117222243 0.0606568776795801 -0.228674478667609
0.176851422250561 0.155046293757962 0.0319448026157525 -0.164372925595811
0.191662620056615 0.0778521575040327 0.0310798970344162 -0.119924624018372
0.181484616288834 0.0130482399523597 0.0420246450378846 -0.0800012669605695
0.155171105026834 0.0049264999808141 0.0497542539532438 -0.0325635434443649
0.158503360223853 0.00129658946631116 0.0853611174846102 0.0327358968822132
0.181020940789054 0.0500951885924478 0.10186587455392 0.107661868631971
0.166337592838365 0.119131059112854 0.0778234506685433 0.178394040646682
0.139325204612195 0.198186523002498 -0.035443183548706 0.209934732480724
0.0370901001622596 0.249131887269481 -0.141802153289622 0.142242807549023
-0.111039450524413 0.250988938208033 -0.0854797087492857 -0.023026493194509
-0.18335788329714 0.234276776954995 0.127948434675544 -0.107701771525429
-0.145812904548522 0.130733179220772 0.0771218090106503 -0.244924358191503
-0.131349689341994 0.197731865491794 0.174800999853025 -0.22215643348243
-0.0149394523494735 0.240705617943295 0.146545287224944 -0.22352661109271
0.106852657530757 0.20216127497779 0.081955062581998 -0.190253385088007
0.13863925277144 0.116538437999855 0.0876446942361176 -0.130120541122378
0.147604155532713 0.061787989557861 0.0967350174087866 -0.107113219779222
0.142042585600112 0.0155982628947837 0.108093667777564 -0.0754761387434554
0.119914900161176 0.0117263912276291 0.11402334349879 -0.026620557383983
0.124226750435717 0.0177603014935974 0.145984357338069 0.0466814400735682
0.133250786377924 0.064126127457453 0.149238335438272 0.131012927644272
0.114353261121051 0.119666284329109 0.104061016441247 0.202556244034701
0.0823204831839531 0.181118785197475 -0.0227880013742421 0.214506271965232
-0.0139472685122856 0.210883825373007 -0.116997866134101 0.123370336007805
-0.141126429862208 0.189821684692572 -0.0446837595470929 -0.0421010602820283
-0.180585064901632 0.151705619857275 0.187122078412557 -0.139117835483016
-0.10046865966421 0.0375897213268685 0.119425855242558 -0.273875186685288
-0.0982489129925178 0.10357147095047 0.165632239259345 -0.239937109050134
-0.0172081186869279 0.140087505655057 0.150103676638986 -0.20343496333325
0.0605364848380846 0.112921278376186 0.108050874735448 -0.164954303950177
0.0668596509064444 0.0646191595404691 0.127908515194872 -0.117192327461901
0.0755823999228218 0.0446896277467211 0.137544820593084 -0.106693424401405
0.0787718938383663 0.0204276297362662 0.14966279806126 -0.0723816923450546
0.0668602173704096 0.0159220391550126 0.158261098929665 -0.0150746371607057
0.0709380875463598 0.0240608807590407 0.187828399535485 0.0678105189705499
0.0723382146616343 0.0538135017240991 0.176242149130105 0.162298138497603
0.0612227321154817 0.0863365620628436 0.111203439110442 0.233200286492675
0.0375954595502854 0.128086107704427 -0.0195089537656066 0.222657041510838
-0.0417584186275366 0.143907862722612 -0.089755466534083 0.118328476995841
-0.134168299065286 0.111310754089676 -0.00618842967839693 -0.0347094208496823
-0.143385285723727 0.0557778288794507 0.229956986438369 -0.137856711226905
0.0616910971490207 0.0305018443941766 -0.229395231939563 0.169561227593465
0.0712594057934835 -0.0376102241874946 -0.000891172542533735 0.0748277100065199
0.0216064353603368 -0.0795873149154912 0.0958941443598544 -0.113141976324947
-0.0258818859209157 -0.0517416456852109 0.0422459998943878 -0.237392192466952
-0.0199955170972123 -0.0291638155996786 -0.111344426307119 -0.276881129203386
-0.0131757582783981 -0.0266457039464983 -0.203217191198159 -0.191647485608591
-0.00851843258218971 -0.0244752981652735 -0.217142666874262 -0.0775389672774634
-0.00201468189151793 -0.0207188885576647 -0.207126837284073 0.0156581698018881
0.000219048356135227 -0.03345037228808 -0.174010783886702 0.0838724550468862
0.0129414299309481 -0.0380368772961587 -0.152867231421718 0.12986132766152
0.0174576840389623 -0.0260311147787871 -0.142101816977592 0.142766451380764
0.0188664527428667 -0.0339730944578972 -0.151381362473138 0.165565165351053
0.0397895019897276 -0.034392623201494 -0.163339785036313 0.195043821180675
0.0643859033815537 0.00896220150280395 -0.155236383865025 0.199403983306752
0.0511957625939092 0.0563112344767674 -0.116986212596738 0.245390808310552
-0.00849304418035415 0.109005683521453 -0.241735156105502 0.123195396514576
0.0126008044045117 0.0521538571913897 -0.00181212439491024 0.0382730579962676
0.00862119446593182 0.0160631963693071 0.0833635492222857 -0.140616077019463
0.00100978829803653 0.0324125947655617 0.0290798996598512 -0.249658872615578
0.0325548484643551 0.0347253793389346 -0.107953730034449 -0.27738526478932
0.0533293570517624 0.00946985725433771 -0.190869981043842 -0.195028065937491
0.0607766807780416 -0.0169857068837795 -0.207206870404242 -0.0885488639637636
0.0620276462671045 -0.0213902751929232 -0.196310558296638 0.00345682213905564
0.0678133788131075 -0.0430062562607659 -0.157368505535643 0.0750422661503744
0.095467817496227 -0.0315617370069222 -0.13095310673881 0.12760823465651
0.0996000609973406 0.0110948822363314 -0.123345118898068 0.152529668938601
0.0920824178615365 0.0466201534122855 -0.143125820043992 0.17706955820091
0.0680540365582044 0.0742337235377663 -0.166178011636174 0.189212807942794
0.0338218353133894 0.118336648375654 -0.136722706169529 0.166544228174691
-0.00798208599687102 0.165073165235491 -0.0832334216343451 0.197210263771934
-0.0797593168430926 0.173589092477891 -0.214378306610167 0.0610241698978841
-0.0518526782062997 0.141146668423807 0.0306524978075866 -0.00419717698293312
-0.00527696715428036 0.120678662313875 0.0927907709423136 -0.176457026347562
0.0359535521947472 0.121960138964992 0.0222180050340827 -0.265516706561162
0.0883852651584718 0.0944158236812608 -0.0993279389581282 -0.266137854186578
0.117095920998961 0.0441033645781579 -0.162783785368806 -0.185057848420256
0.124076789497969 -0.00839206012775502 -0.171545025214966 -0.0911956981033926
0.117494865255544 -0.0203937594331428 -0.157323743135545 -0.00990147985937402
0.122530711977586 -0.0475040961547471 -0.114970372270986 0.0608737917632049
0.160525542810339 -0.0257339431063382 -0.0832253667217566 0.120221326370768
0.164886666673516 0.0358852998666203 -0.0778905518920775 0.161178472649472
0.158137067207587 0.103292225267625 -0.116975697108743 0.19380577296404
0.100590775865651 0.159327071016402 -0.165388264552186 0.189220207799588
0.0114894756290402 0.207643025017956 -0.126991337237667 0.123165071037939
-0.0595866142326614 0.249786241866586 -0.040043818278173 0.122454523366032
-0.135139258032842 0.216859994710475 -0.154076033684727 -0.0151821098862771
-0.104097362185614 0.218939465967121 0.080581285093171 -0.0541157970849858
-0.00940759642723549 0.219210098267548 0.11481694427055 -0.208488488414378
0.0819491610626577 0.20114851333714 0.0240791671641318 -0.271718955940151
0.143482240657903 0.137690160303321 -0.0763752689246193 -0.24268745248606
0.171040896703451 0.065952525961297 -0.115627692185192 -0.164306164507495
0.171454024793447 -0.00178878050382258 -0.113538595436172 -0.0892513926925005
0.154940535192079 -0.0163044039718309 -0.0974113505088874 -0.0215496743526118
0.157824855923734 -0.0422900016773516 -0.0547315332473104 0.044208031468059
0.197844722993694 -0.0125083977802313 -0.0214985503827585 0.107574644571892
0.201612727486872 0.0591832070770455 -0.0196205846526707 0.163570571220538
0.195665113219478 0.144002996916448 -0.0824910507198801 0.205301939934703
0.115220764197332 0.216552461549186 -0.160246165619781 0.184667347094292
-0.0158368639830845 0.263003330365764 -0.122004143851295 0.0731721340984873
-0.105560940825355 0.293150965355222 0.00853918019853868 0.0345654868661874
-0.165125767977836 0.228661527610552 -0.0757685271273303 -0.0997208422885968
-0.134626535280422 0.264316580973718 0.12885370982708 -0.115601860614263
-0.00721826149910748 0.284817882552747 0.131603687782095 -0.230032202123774
0.121443582735905 0.249475457745759 0.03473015524656 -0.258220131329238
0.181032096315851 0.156497533915423 -0.032618964242916 -0.206460418927125
0.200971182423771 0.0739718650717853 -0.0492636413457074 -0.141222459901573
0.191788552395495 0.00218655390543804 -0.0396884874428584 -0.0852108163128109
0.167388955357716 -0.00991473209472695 -0.0252747801219832 -0.0308245455377069
0.16980187209676 -0.0262704998571676 0.0155885909807388 0.0328586618657608
0.205033665259405 0.0135047642672306 0.0453308717666599 0.0986015482754706
0.202855197765182 0.0874529671794751 0.0383392329330888 0.165555093833249
0.191396332606545 0.175373933545415 -0.0491210803664665 0.209206950461372
0.0966531360518562 0.246553463199717 -0.150128895230938 0.170692022943662
-0.0547447722297641 0.27958699297174 -0.110785349903617 0.0228171325173281
-0.145061543181816 0.28937680996601 0.0625337456526677 -0.0489392374607466
-0.165077989314485 0.202464324433254 0.00378392725515052 -0.182432733398248
-0.139144570179108 0.259448818208865 0.159131836122728 -0.17895720540179
-0.00357662573166139 0.293368841432994 0.137898903398151 -0.236703946346421
0.135532609295155 0.247729278680538 0.0514967988585871 -0.226649135262324
0.183823457424733 0.146177568057337 0.0246411576014351 -0.165219145285349
0.1949614745754 0.0679777326541025 0.0255304216985314 -0.121874090947216
0.182854913562623 0.00427189875778842 0.0378728456496245 -0.082315998778551
0.155618593827747 -0.00162725131309568 0.0479177114029863 -0.0342206803140844
0.1584267638461 -0.00546697490629194 0.0863712080007672 0.0307667368801298
0.183290310115615 0.0420735455378826 0.107063015527483 0.103103888066046
0.172397229082978 0.111227637309033 0.0846416798963978 0.175121577766857
0.149527767596902 0.190958832460091 -0.0253634340324572 0.210526896012621
0.0478040843814527 0.245368254570996 -0.133738464348389 0.148957337964797
-0.100643502563782 0.255182750862293 -0.0854762701621751 -0.0181672715343215
-0.170915305873992 0.238903847671716 0.12133137471077 -0.112012189964252
-0.1388576916402 0.136952977762877 0.0699091505105849 -0.246901986352165
-0.121685134297941 0.202566157912897 0.166967162914873 -0.227137830571705
-0.00306516907856485 0.239382747162554 0.137332849176551 -0.226306137317143
0.116481609769991 0.195161719234155 0.0739677373501572 -0.19063101608855
0.144107635104067 0.1098204403711 0.0817634477898575 -0.133308989265049
0.150616090942831 0.054770520341266 0.092535815642514 -0.11182265397217
0.14276277563265 0.00874743517170037 0.104593425054734 -0.0814666215828498
0.120030814274091 0.00639776533145795 0.112309351107348 -0.0316141783227683
0.124688109910239 0.0122544468598491 0.148572955126834 0.0411203181414409
0.13645566778794 0.0583586810717887 0.156191619140765 0.123784959237734
0.12077158883049 0.113564009768004 0.111976703539068 0.198820838031832
0.0910910811759203 0.176176490867045 -0.0131257589977597 0.214653933749675
-0.00504059980607001 0.209695451666066 -0.10975607429295 0.129309546548857
-0.132363967034485 0.195042199847472 -0.0454894289173874 -0.0383949870317203
-0.17159529898868 0.156805053588336 0.178877637656028 -0.145897260045082
-0.0968874279869864 0.0424835015684539 0.111346107028545 -0.27823413849158
-0.0922846167622328 0.107258229543922 0.158135687511093 -0.24514607197228
-0.0107261600667644 0.139760660814633 0.14112158049058 -0.207709138809547
0.0656514912615011 0.108079754022976 0.101301553904508 -0.166648404684042
0.0703236570111574 0.060927638121169 0.122305604903189 -0.122584768437505
0.0775492321225977 0.040822931537963 0.133021379463614 -0.11310214064711
0.079391892614907 0.0164407548639305 0.147146314833969 -0.0796245886602095
0.0662673947552656 0.0134353349816889 0.157124384729259 -0.0225585821743556
0.071451658505164 0.0203892286083239 0.190676154985572 0.0598950103824274
0.0746915219756765 0.0510941420515004 0.184772766048747 0.1535124123829
0.0654846453205147 0.0826240568713864 0.120736066377301 0.228337415423519
0.0426152775475984 0.12457010698212 -0.00895103875509552 0.222595575033259
-0.035890546480758 0.144993093580658 -0.0836717865779096 0.122361799215887
-0.127425383771257 0.11581706116911 -0.0079919513367301 -0.0335098090740734
-0.13804779331597 0.0601331047088716 0.221951933996206 -0.147487931431754
0.0618374383084065 0.0294270407439694 -0.229029464730376 0.177361316375665
0.0713707902134682 -0.0385756111296381 0.000458572425693742 0.0751751573531734
0.0201322442789028 -0.0799543550287957 0.0952527466651079 -0.118642397915958
-0.0274784608101415 -0.0516888482098159 0.0384384490764482 -0.242743250592837
-0.0203510004212643 -0.0288295254581196 -0.120304666706136 -0.277327496140042
-0.0133842120204087 -0.0260435724083544 -0.212078130825607 -0.190440287409002
-0.00929148837590875 -0.0256384082219346 -0.222993315993582 -0.0736368985314061
-0.00172109007860711 -0.0217223908711053 -0.21065668538665 0.0221034733286486
0.000191568933239967 -0.0338803007065838 -0.1752321575867 0.0907264271431311
0.0127842481563801 -0.0389867088286604 -0.153134907358194 0.13514258215704
0.0175289552730127 -0.0261216046063138 -0.142726291895307 0.147150655710732
0.0178521828970155 -0.0341515281005574 -0.150674375235568 0.1710772227738
0.0397708725470283 -0.0351395695267169 -0.160848451099336 0.200067791300383
0.0655399686847514 0.00850198664124381 -0.154610599539858 0.204003256522927
0.0524166967287492 0.0555700810758772 -0.117424780117899 0.253312686094535
-0.00831032095649249 0.110985622089285 -0.241465860404577 0.130580996933051
0.013806949264471 0.0534254080303168 -0.000933530737107486 0.0391595943626966
0.00932526308547054 0.0170214605642272 0.0824456977913957 -0.145586296717184
0.0020697173617537 0.0332393574966829 0.0256058459958632 -0.254386838211929
0.0343146778993895 0.0346525409613779 -0.116979683501407 -0.278341023587121
0.0546369135941993 0.0091719824427425 -0.199845617320307 -0.194554760677259
0.0618751766789847 -0.0193258204933652 -0.213505827434055 -0.0852053059352154
0.0644236511656222 -0.0239680873466232 -0.199457153867883 0.00927131846695917
0.0691398390390091 -0.0454099636391259 -0.157880455897287 0.0819563673823619
0.0975265733469434 -0.0339687275570039 -0.130639227788911 0.133035884399317
0.101748670425362 0.00980753929823799 -0.122242161940594 0.157375701332142
0.0945601223588562 0.0458243561945799 -0.140975210535017 0.182623674421375
0.0704132473135575 0.0740415842298462 -0.163207155754283 0.194964647124766
0.0357024595604481 0.120513608738705 -0.135917177805639 0.170849905559196
-0.00609091732481878 0.167235370798587 -0.084057384141701 0.204125472671276
-0.0789038894073179 0.178190170500941 -0.215348040781206 0.0671022088715752
-0.0499995692891508 0.145415424524839 0.0308846178601968 -0.00390127412941649
-0.00233159284932886 0.123236866364131 0.0923068990383257 -0.180396360769575
0.0398499914598867 0.122893554656084 0.0185728880649329 -0.26951832436206
0.0930404249014772 0.0930473503954799 -0.106964118374675 -0.268124697096424
0.12101113575248 0.0415923783476477 -0.170550275398505 -0.184839831810001
0.127061368608276 -0.0114339060435147 -0.177622508585102 -0.0893936465231678
0.120579284423586 -0.0237461267241224 -0.160289378386228 -0.00461711957042097
0.124637371912374 -0.0510639220307896 -0.115223978926208 0.0667114225459053
0.163533638481506 -0.0296604224121841 -0.0819275203920676 0.12492996900326
0.16930416916394 0.0332127954245939 -0.0762756343539906 0.166008616889991
0.163219038649191 0.102075570149673 -0.113921192123515 0.199071706756677
0.104907792134332 0.159730915060082 -0.161604482237833 0.196171135136446
0.0147374106194022 0.211669072759237 -0.125970011384364 0.127831448025257
-0.0561256125700094 0.253430654436278 -0.04060535014839 0.126918434043817
-0.134294898789221 0.222907721126263 -0.15435506061446 -0.0108294435172951
-0.101759046777163 0.224903226334236 0.081471904355942 -0.0555478338164618
-0.00466354506612395 0.223216839350867 0.113086216431988 -0.212576792515497
0.0882052489061742 0.202377287660353 0.0207242070654723 -0.274572846733169
0.149372072371296 0.136053222875332 -0.0834399565710191 -0.244323853881156
0.175751274467525 0.0631701716997194 -0.121220848568661 -0.164954366989218
0.174569502564665 -0.00597481517387029 -0.117581986443335 -0.0880685707039111
0.158445154502623 -0.0199657024374785 -0.098949510419102 -0.0184862379682684
0.160247503892926 -0.0468328308954033 -0.0537532167822097 0.0486913812522741
0.202109831084767 -0.0168876651018209 -0.01873119230299 0.110372569429639
0.207138342015493 0.0561848491324254 -0.0168230744835288 0.168448256792245
0.203052836464551 0.142885677389411 -0.0786728331344338 0.20976841164942
0.121006878585 0.217091599320897 -0.156620904902804 0.19183850122861
-0.0118244966629416 0.268924120713637 -0.121292492426126 0.0776891389041515
-0.100862458286348 0.298442644591556 0.00623635844601903 0.0362627279526822
-0.164102975404186 0.235988496747 -0.0756599790369582 -0.0994999698922985
-0.130384808587088 0.271462466913517 0.129218619625978 -0.118700040285347
-0.00107640341225889 0.289207696359434 0.130001097884812 -0.234722858779444
0.128778984997932 0.24938563501104 0.0316146324302864 -0.261044870315172
0.188386069418489 0.153792692446781 -0.0383261835947638 -0.208179632181774
0.205522522378099 0.0700340754066273 -0.0537114383645441 -0.142592416757325
0.196502924169705 -0.0030424187199717 -0.0429312446107839 -0.085441166516307
0.171553870319075 -0.013624781367823 -0.0259217415455112 -0.0292416684996402
0.172848508894929 -0.030883628316819 0.0175389850677399 0.0342991761030983
0.210038487246852 0.00932924774405157 0.0496069678326813 0.0995998056845828
0.209426150267446 0.0839849763447909 0.042307471813611 0.168105545837999
0.199859194977509 0.173889424136887 -0.0442770886285848 0.212444400577511
0.103424468362217 0.247974684899693 -0.145886896268223 0.177269550196291
-0.0514065224822587 0.286117861026033 -0.111007786498362 0.02676034847496
-0.141356959175633 0.294037837739759 0.0602784869588413 -0.049425843537609
-0.163225970037646 0.210045792985306 0.00308322978951058 -0.18566182040054
-0.135565427417421 0.266659939922728 0.159156778975522 -0.183676950450065
0.0035812547890965 0.296850789792297 0.136171504524544 -0.241293682176337
0.143459263723581 0.246983585748049 0.0480891060658403 -0.229445935864794
0.19042721586652 0.142931515923304 0.0200299422927669 -0.167829622571537
0.200470778567753 0.0639528860665458 0.0234830629022535 -0.124664734508774
0.187102244520184 2.15784506887201E-05 0.0361381789008201 -0.0854919635778562
0.15873642676374 -0.00505586544900362 0.0482143767472121 -0.0347300833508829
0.161443496323469 -0.00957622276143334 0.0896638328731515 0.0304609460343709
0.188526681945905 0.039113121782533 0.112705150567601 0.102644385619106
0.178535267274198 0.108798626746464 0.0892240112217211 0.178148554284749
0.156832485342644 0.190793872334899 -0.0199732399970854 0.213114607069559
0.0536667382396779 0.247638029387198 -0.130802888095402 0.155314676282829
-0.0978595440348829 0.261531895177371 -0.0861099566637554 -0.0154194420240953
-0.167031736841572 0.244067788335899 0.11884336937665 -0.116094636576707
-0.1376318823568 0.142563635740746 0.0688673300485191 -0.25354000966194
-0.119032464640928 0.208482254361013 0.167330296449304 -0.232896538987342
0.00272944006373485 0.241894166641313 0.136398413696182 -0.231055342971724
0.123111885314473 0.193822484418095 0.0723404718287464 -0.193115965411444
0.14914934408848 0.106942262839388 0.0797921429244305 -0.136236757216583
0.154892742854297 0.0515129121833379 0.0915182726434142 -0.116601466346677
0.145539783755729 0.00489186747005394 0.104041917398702 -0.0861725659525307
0.12274270560923 0.00448786586559842 0.114156657415442 -0.034196229705173
0.126654196050239 0.00950712511843399 0.152579109287784 0.0388963791436086
0.140517389405456 0.057007831089762 0.163228341420324 0.122160538811143
0.125625951760967 0.112064187495817 0.118444411286835 0.200317504741219
0.096631157924954 0.175702918906027 -0.0064714100583994 0.218126819085944
-0.00120383503108627 0.21268958338807 -0.107191123672284 0.135158211528511
-0.12964464525033 0.201047581758917 -0.0469792737839754 -0.0372683595374738
-0.169387137931971 0.16059594380608 0.1772525280723 -0.151767130958483
-0.0964826480518504 0.0463352035396109 0.110568067044752 -0.28644214252485
-0.0910616044605165 0.110453342584089 0.158084613654924 -0.252617931144959
-0.00643072121680618 0.141615704798235 0.139563495675088 -0.212905090032439
0.0692464350409344 0.107003883828354 0.0992057903530636 -0.169901226178724
0.0731289011708605 0.0600638629293737 0.12151128416229 -0.126725917532079
0.0802191385445198 0.038961139100492 0.132904168964593 -0.118862059309753
0.0809722622742054 0.0145466807158825 0.147363036809106 -0.0863837100745508
0.0673404694579141 0.0129409478364669 0.159729143723958 -0.027439677816639
0.0724898896592273 0.0187044255742672 0.196265329430693 0.0566569189619645
0.0773022088070363 0.0509728339104808 0.192675638924795 0.151515689091351
0.068435381978052 0.0814977678344153 0.127510256680677 0.230836950024535
0.0459987878121549 0.124580398180539 -0.00340005897645116 0.22708221957571
-0.0333860865520328 0.147395206858635 -0.0820477793333905 0.126332552724349
-0.125986151508633 0.118974587484519 -0.00884831093779653 -0.0333033484904076
-0.136685530426465 0.062425250771994 0.221417270808982 -0.154747873246607
0.0743798734545078 0.00206245485424262 -0.13181716004324 0.269446249859197
0.050906901999657 -0.0677427155851134 0.0347630695809426 0.0675592646872617
-0.0181372265964642 -0.0821201232428292 0.030076596490477 -0.157236069865481
-0.0509699970173121 -0.0327237765918286 -0.0798863394019407 -0.246888286437915
-0.0322589543544131 -0.0126940001071338 -0.244978801421288 -0.199873030758632
-0.0239298583846844 -0.0152056422001732 -0.289576496651594 -0.0765281840085404
-0.0207560448023274 -0.0198530739436838 -0.2450077284155 0.0350126721808711
-0.00893515299149845 -0.0206425321827575 -0.185455255555588 0.121739527944671
-0.0153121239276392 -0.0324209561699415 -0.118606777306448 0.169128229202236
-0.00468077478903603 -0.0419249675078195 -0.0785724658606122 0.198801809118562
0.00506431846098153 -0.0310732784627733 -0.0635153647053249 0.204012435465954
-0.00124197750055624 -0.0359185612952935 -0.0583494344416885 0.228834808339055
0.0189017128972813 -0.049659423377603 -0.0544484504288134 0.258932531225034
0.063847741055744 -0.0192883953783153 -0.0540750652304099 0.26356429382103
0.0755266120617194 0.0300169378594683 -0.0020088724334495 0.296982946818234
0.0430581864934733 0.110162627367881 -0.162899113106009 0.235452521773126
0.0367345395714541 0.0439032378769704 0.0189848718765428 0.0370341585709507
0.0138571683904275 0.0134195320869628 0.0109918357613582 -0.173664621613
0.0137121011700531 0.0321910060967375 -0.092736807131402 -0.249050968022898
0.0462793373226574 0.0211476281959293 -0.238969661847602 -0.203075810560756
0.056036767189777 -0.0137335382987471 -0.277286354375804 -0.0881172598305851
0.0486799198088837 -0.0462488951252972 -0.23902734959105 0.0188170054712256
0.0535305436415276 -0.0521685628138672 -0.180144483560564 0.104584089874783
0.0448874737810056 -0.0744339526934492 -0.106515011617669 0.153951662278622
0.0781388814298875 -0.0764008306261802 -0.0562852221261309 0.188150814542015
0.10324879752801 -0.0356374440314561 -0.0405479552481374 0.208348622576341
0.108523305516569 0.00314379417535323 -0.0465261552159968 0.242483308376763
0.0982091500452889 0.0403927297929789 -0.0616585676146536 0.258536925249573
0.0877957921312369 0.100682272793545 -0.0560658377885723 0.22369558956311
0.0748306034645047 0.164936125215425 0.0017570682346845 0.231048437916738
0.00393365809170678 0.203831610090687 -0.16403676054723 0.167376964729112
0.0165060631165581 0.15734183736091 0.0322093644193753 -0.0155123886387883
0.0486949346344385 0.117370343942358 0.0096714866594209 -0.208366000265426
0.0874926034458409 0.0974621137506092 -0.10143036438489 -0.258188561052235
0.126536809775395 0.0491052959872494 -0.221408201920385 -0.199268084097286
0.132425124287915 -0.0138440656915941 -0.243301094240896 -0.0933364975038255
0.112664100439329 -0.0683680339506367 -0.204874918878825 -0.00226041824969522
0.107411729214163 -0.077120475183552 -0.149220317038592 0.0730086443365232
0.095379893010751 -0.104716382458513 -0.0729974000102017 0.120033737277347
0.142912676434642 -0.102904304075146 -0.0134543411377242 0.159210445367652
0.178826488847177 -0.0446880123085221 0.00687116948360069 0.198624681514575
0.199831959814203 0.0232385292089902 -0.0142181649426643 0.251695321399515
0.170675820026803 0.106183606940178 -0.0626717384348201 0.261192726740188
0.110352923751443 0.196361212508221 -0.0709580911037349 0.178466159535958
0.069145186540306 0.271691408147875 0.00362932904215001 0.134872120114423
-0.029835865364047 0.269810390086529 -0.141962663802746 0.0694220638319322
0.00204370696768848 0.254054189070336 0.0573481583723851 -0.0849815909163826
0.0892707821328561 0.211201996050348 0.0194102173297576 -0.245459100744856
0.166279741009415 0.148599046508722 -0.0968981384927299 -0.262404509280034
0.197845599400196 0.0628496173024291 -0.185252922869643 -0.18987541991143
0.193221036103985 -0.0189788709912465 -0.186668033617072 -0.0989502088825059
0.160381066235377 -0.0848487938986686 -0.146410040051744 -0.0300881887656855
0.144557439150042 -0.0903178917008911 -0.0985666483149051 0.0312259752443959
0.131297381965414 -0.117000595681093 -0.023510159608181 0.0743784178161991
0.185692050055835 -0.109210611708016 0.0395683058308147 0.116867224392456
0.225762032082542 -0.0412063250358971 0.0626172392290283 0.174846910993105
0.255851602364679 0.0423812437385115 0.02300286029538 0.248878070467471
0.212269782147854 0.153524917560609 -0.061047511493979 0.256776990538325
0.112519734185457 0.26241179842959 -0.0919794055020656 0.127965587102525
0.0484701372346339 0.335256518055043 0.00545061308156745 0.0244188199404775
-0.0537121911890733 0.294578180227325 -0.108472514569953 -0.0484784243047538
-0.0061036988577711 0.309948383142705 0.0744871327294259 -0.165280441701012
0.120790024445467 0.270822598564826 0.0286914829437193 -0.272596132918271
0.224312374411831 0.173125491635522 -0.0771722121530525 -0.254298654493721
0.240978304011855 0.0612789952702298 -0.125234468240572 -0.178467602127923
0.224098862919203 -0.0273993440362151 -0.112008120342898 -0.110818282768361
0.182188482133633 -0.0916509791454603 -0.0744564936329556 -0.0640981099391689
0.160008377437407 -0.0896260036826075 -0.0353428424217322 -0.0138666974403537
0.150482921561946 -0.107517340123756 0.0362564416829934 0.0268776156013271
0.204886827606856 -0.087743244990333 0.0975308762854882 0.0747721805009569
0.240932864732933 -0.0161297258332291 0.116716087677166 0.147825363030153
0.267005369745949 0.072037885388237 0.0541302267621805 0.237041193579772
0.209448100046368 0.191566904853965 -0.0588058905123599 0.238990163124627
0.0832717883788195 0.296607783307034 -0.106063808773692 0.074042314595005
0.00973774651378861 0.348946389314398 0.0174784775946264 -0.0839524323823503
-0.065669769061662 0.269724847225857 -0.0732830795800523 -0.166952206957257
-0.0135790282813795 0.307947241351756 0.0725479390364763 -0.240231085714314
0.127867453884438 0.275819438383296 0.0321204174808639 -0.28201971757651
0.236867429189315 0.162712613292328 -0.0457080249245608 -0.233063124113768
0.238615403865757 0.0489780998868424 -0.0506135411544993 -0.169636520168548
0.215642913834912 -0.0308157153578322 -0.0320094518848668 -0.130790082327455
0.174214761050772 -0.0844558581607671 -0.0005127806552741 -0.100962233851417
0.150522811374477 -0.0755272372856163 0.0310094577706569 -0.0550593357094146
0.149033053656743 -0.0812748350889397 0.101258979142088 -0.0119122171476599
0.197811507511856 -0.0499081964190829 0.157000180498554 0.0466337864053481
0.222706541848761 0.0220227954675273 0.163865580517797 0.133449720900242
0.235806940143663 0.107417350068634 0.0747569114386439 0.224229828300867
0.162280436447102 0.213658671338743 -0.0558360295451907 0.208441152306295
0.0279355865725698 0.293373163767578 -0.100475940368012 0.0216625752404
-0.0398980528777063 0.314060911837866 0.046141162814538 -0.174765699352993
-0.0711869906359047 0.195891517891474 -0.0445331891365457 -0.263404753823764
-0.0236383056725711 0.246880187402337 0.0550542376720576 -0.292095073915658
0.104279441416384 0.22420575844862 0.0327234126274455 -0.273414138257573
0.194387009630486 0.122435817197521 -0.0100566454819106 -0.211513029514268
0.183522899395273 0.0328362701069735 0.0173362567116781 -0.168273330034799
0.167272235132199 -0.0232486914229423 0.0344397334842936 -0.154816359270833
0.138287005174229 -0.0611714311069799 0.0616285894213132 -0.133845959233467
0.118847834450378 -0.0494979911889098 0.0915944534695955 -0.0855766276529805
0.124853527162033 -0.0480114873229914 0.162923010954174 -0.0344356504216166
0.16113077090414 -0.010970628817409 0.211268628564963 0.0397795166459361
0.173089544758342 0.0484622590068443 0.200377129054509 0.138582294593925
0.172763569742388 0.121379087893804 0.087293894785634 0.218773207957198
0.0946183707807754 0.204677252553577 -0.0437466289366036 0.176591498242932
-0.0291476730033033 0.250131437013085 -0.0712263149183234 -0.0187580945319569
-0.0821117758459939 0.23405334372068 0.0888269979137516 -0.234990057404438
-0.0743992926125617 0.0866205372919288 -0.0241360086901649 -0.317685300867892
-0.0401651784074063 0.143840392723766 0.0346718573800296 -0.307672862054076
0.0519577629193013 0.13392738290622 0.0396448407550394 -0.25910054800202
0.107233903266057 0.0657028324101802 0.0207486891313071 -0.203882046059621
0.0916992135916391 0.0225754072426648 0.0572337671327352 -0.177464138067897
0.0907331061988417 -0.00147743552664925 0.0696313824291809 -0.175075356700019
0.0815704291045177 -0.0228854088626665 0.100302421044724 -0.153031592237722
0.0693012631984615 -0.0171935509770486 0.136883197467313 -0.101432456035156
0.0776509532476884 -0.0138248870874483 0.212086224796771 -0.0398172028109838
0.0980621357133865 0.0124406832940214 0.251712324286459 0.051888475126934
0.103940672575066 0.0459388413610042 0.224732501718839 0.15874790711268
0.100658601789417 0.0972290049456991 0.0963086458594195 0.22050488475016
0.0337884031293577 0.157495874388559 -0.0224933197027401 0.155349775222613
-0.0639914396732508 0.170104208819871 -0.0296147524401287 -0.0318868158288253
-0.0987134833985287 0.123545567114139 0.134712940555402 -0.253777563256095
0.0772626215802896 -0.00130822441857688 -0.123947644564775 0.291371440435541
0.0506205454789296 -0.0738272968947769 0.0400968065825231 0.069426290063282
-0.0221429326665471 -0.0848545041567337 0.0233530718597634 -0.167872859142334
-0.0552403321949079 -0.0313346824026458 -0.0967246897628955 -0.257350083512538
-0.0341680930948906 -0.011832692282434 -0.26923729599635 -0.196719072761957
-0.0254776950417798 -0.0151434262559127 -0.310716641808516 -0.0648982826461567
-0.0234778184393593 -0.0195880470111363 -0.25771973841014 0.0501729378326396
-0.0105473969932218 -0.0231525279999514 -0.18901527990398 0.139636890263369
-0.017458638759979 -0.0339480764402102 -0.115281860865784 0.18682846489633
-0.0063254299424281 -0.0443651080055229 -0.0732304725438328 0.214438809188319
0.00445499908219849 -0.0320991839705534 -0.0578959308209126 0.218734175487787
-0.00310289573116916 -0.0372258786967011 -0.0493085377111427 0.244455103661334
0.0171622773132791 -0.0531144317929546 -0.0437202537701687 0.273580331076446
0.0666719648204735 -0.023082651214888 -0.0461181296143433 0.280705970384579
0.0794944533377669 0.0280411885272627 0.0112172557056825 0.317719940360681
0.0493476936103309 0.114418874211839 -0.15854672681846 0.257724996361279
0.0415516926057187 0.0446704178047895 0.0222195243091389 0.0383761941200948
0.0161203597937797 0.0139192440294293 0.00376590611217942 -0.184319583000342
0.0160545668275147 0.0336011438564002 -0.109367506945004 -0.258711539753381
0.0502932057265889 0.0186617667668082 -0.262094892382643 -0.201513089279472
0.0592793757819179 -0.0179743556824253 -0.298181331150338 -0.0773465257908334
0.049314383949464 -0.0519539754908276 -0.252298293110945 0.033248956846503
0.0545729442054583 -0.0598559829144772 -0.183709604040155 0.120597267355655
0.0440172727211784 -0.0814234400416312 -0.103060915642645 0.170107144817602
0.0792510268825096 -0.0857322813070742 -0.050200598834504 0.202684334969587
0.107809858617703 -0.0425364270408217 -0.0327618759201027 0.222644390927626
0.115354141941949 -0.00171405225133568 -0.0363176244658881 0.256990826791064
0.104572921914519 0.0379149183028531 -0.0507290714769699 0.274726482124543
0.0978842462015527 0.103395805071156 -0.0498527743287908 0.238328784018342
0.0850766111046738 0.169922522956422 0.0119279746573831 0.247534476068122
0.0136439961899926 0.216412338785356 -0.162578621100072 0.186092264752245
0.0253754719244735 0.16616594322319 0.0338196171767331 -0.0165079965389125
0.0576913979898191 0.121478969554081 0.000792125135390068 -0.219970859532554
0.0972304794825139 0.0981417871190984 -0.118165114820592 -0.267070674758734
0.136761188450439 0.0445633469614544 -0.243973868836575 -0.197627613663308
0.140066970741132 -0.0216578742430652 -0.262129235448398 -0.0860600819610845
0.116002673667716 -0.0786436746330162 -0.217293567933672 0.00900025793571133
0.110939816517061 -0.0891675499737795 -0.152974981616722 0.0859171704677797
0.0958577894527007 -0.11645619755099 -0.0679292755960996 0.131720507751432
0.146808153203308 -0.117976851440163 -0.00612038278993083 0.169184760384163
0.187459949003361 -0.0566309437081286 0.0177379385655386 0.210588923371982
0.213440811151598 0.0138319456105045 -0.00208303348760084 0.265545206905445
0.184594724939293 0.103939399270787 -0.050069853380938 0.27778951619563
0.126057408048344 0.203620625418219 -0.0654066752839519 0.191642240530492
0.0849282797707757 0.282153495860539 0.00878721421977277 0.146140241610171
-0.0178703458203996 0.287602336819944 -0.143616695849886 0.0799175386522916
0.015224196441828 0.268569436424438 0.0578913420439443 -0.0914615886807454
0.104358782222049 0.217414806821147 0.0105409057239767 -0.259854607772669
0.18296712833427 0.147715065781045 -0.113713347925918 -0.271472271467564
0.212758328594081 0.0546832343727743 -0.205046130145575 -0.188999777774379
0.203636646131612 -0.0308782244924268 -0.202897624139465 -0.0940565641676118
0.165127976171516 -0.0992666041101264 -0.157071320840159 -0.0235437368609243
0.149434912269023 -0.10423653537378 -0.101407972627315 0.0387121785401004
0.133145208316942 -0.130563258525336 -0.0184422069008271 0.0806575928894868
0.191921725846577 -0.126716844249997 0.048213419923029 0.121904794042909
0.237254751076702 -0.0554687410748994 0.075922699263855 0.182307303119989
0.273691694666502 0.0303464533339302 0.0367325031137147 0.260040523744713
0.231520305811386 0.152077540841625 -0.048300015461944 0.273346650945153
0.131931415155321 0.273555455133486 -0.0898330570750718 0.140169662444539
0.066346191774414 0.350275977094648 0.00529995077408592 0.0284464045866829
-0.0415901013846238 0.31486865772946 -0.113786297993569 -0.0467512301709267
0.00893845593409477 0.32793478164844 0.0720121876125756 -0.177668305769686
0.14102507893204 0.277391379021433 0.0185461923241943 -0.288443818956461
0.245159610423519 0.170131880990752 -0.0918388987761891 -0.263805784219364
0.257660201117964 0.050932978266618 -0.140326245074086 -0.180669254897108
0.236277701117907 -0.0416303421201024 -0.123697222898099 -0.110947530533736
0.187899305081164 -0.107459577371749 -0.0822185158495805 -0.0637660894385663
0.165619399972914 -0.103533833425084 -0.0373253577279795 -0.0127820645211733
0.153718436051309 -0.121434806339614 0.0421757302314891 0.0270076761350892
0.21323589107389 -0.105700956509494 0.107585225122169 0.0735802288929334
0.254633913077629 -0.0302464038156466 0.132731626735381 0.151311570276918
0.28809675113784 0.0617629330571718 0.0687540438486309 0.245397219187261
0.230389567049895 0.191672363160832 -0.046915132297896 0.254208616510637
0.102875538201351 0.310056186013606 -0.106533006283125 0.0845452682380624
0.0264352330176924 0.367232823780232 0.0127533788968155 -0.0873299199674815
-0.0548921149233372 0.288300655579383 -0.0833050471574487 -0.17405722843794
0.00141468322231223 0.326435454553244 0.0662624229931728 -0.257972030761867
0.149554557097187 0.281651716025927 0.0210461043131627 -0.297808410368565
0.258084211392342 0.158694075469455 -0.0575973871391977 -0.242674172934587
0.254334079572637 0.0388542730735383 -0.0619981517004807 -0.174825244418942
0.226876431342503 -0.0451486964469175 -0.040247248128263 -0.136445728651969
0.180132791889032 -0.0996508985330973 -0.00590961447926098 -0.106946732499749
0.156968035362838 -0.0879464503455271 0.0308635430425735 -0.0596058813901825
0.153160417453341 -0.0939815189481959 0.108008544465773 -0.0173452658490903
0.207552407973031 -0.0645489652420913 0.16872670623003 0.0403991762933357
0.237065422682194 0.00971875733153717 0.181438569102346 0.133696574599204
0.255672017092199 0.0995203449802358 0.0908169887739139 0.232107768585975
0.181629164863111 0.217453658320274 -0.0447525432440747 0.223006169225506
0.0456067455608409 0.309142323752111 -0.103974680099612 0.0280882666758528
-0.027912765040683 0.33114516861936 0.0382524211823268 -0.185501003280872
-0.063294461821334 0.210303897239055 -0.0585236855184216 -0.27820963096882
-0.0118932802694396 0.261241940286036 0.0448580831307997 -0.311898423441594
0.121704412753015 0.229855883193995 0.0221689989972442 -0.289445125727351
0.211498574197199 0.11678086965439 -0.0190777304841734 -0.221263078062007
0.19588385639675 0.0248880569488213 0.00975024105486311 -0.17814964874223
0.174974203572428 -0.0342821639018143 0.0289708429165497 -0.165328857570168
0.142484055945384 -0.0725279305787425 0.0572077886823855 -0.145842509976441
0.123958391932918 -0.0582337007193892 0.0924360747487167 -0.0958435677876198
0.129016401226164 -0.0569946305866029 0.171712035783528 -0.0453810713209403
0.17038486038166 -0.0210589788211856 0.225523791765103 0.0300545487639273
0.18590662825477 0.0416728720514115 0.220685007428406 0.136773892087887
0.188970428768448 0.118022819913794 0.104392759849181 0.225602701735393
0.10965134858694 0.211229063522224 -0.0350886173772573 0.189355568323477
-0.0189490201079871 0.265946179190489 -0.0751760241183354 -0.0151479457813706
-0.0756376971045698 0.248621811268584 0.0803340542622269 -0.251436607770543
-0.0720992384771479 0.0949658040618919 -0.0396054318162664 -0.337227850173907
-0.034310878411618 0.153194052941787 0.0224219163724238 -0.32828590566896
0.0615943501730857 0.137067301818916 0.0298441145323573 -0.274814400305648
0.116283912747405 0.0615457379785451 0.0130171085859285 -0.215483994357675
0.0985934415630172 0.0187683658575961 0.0522055366506489 -0.189834058582311
0.0962820256797452 -0.00714050498012031 0.0650909453201314 -0.188755429869619
0.0846147057642714 -0.0288140919841247 0.097074709202874 -0.168646958930169
0.0725899784878579 -0.0205277557367996 0.138705109926492 -0.115541555692269
0.0807158393059106 -0.0181840025440682 0.222661094997561 -0.0543295989025021
0.105101983687499 0.00753761837553775 0.268255506921903 0.0401030623312416
0.111378876350438 0.042388214461041 0.247049875174945 0.156404871005329
0.111321128212058 0.0963979189056134 0.113212245223968 0.2271029223688
0.0436317279721258 0.164483449174801 -0.0149190317049598 0.165971661328996
-0.0580748902769123 0.181976982612901 -0.0328991035967055 -0.0309181696823045
-0.0980203390562007 0.133290548036226 0.127757379167029 -0.275235580278388
0.078547090690782 -0.00690643289782144 -0.103867705425979 0.312030106416401
0.0468976538412047 -0.0806325676782165 0.0471031925954482 0.0685351020205845
-0.029580869574671 -0.0855017922237141 0.0114793852254572 -0.176966369909897
-0.0595675338688641 -0.027210538086562 -0.120535337828822 -0.261349644914831
-0.0362837873864698 -0.0107128128888223 -0.294152079334673 -0.18201458483035
-0.0268145788091123 -0.0136720079036735 -0.3296273853446 -0.0416250418225148
-0.0259954508954268 -0.0187573584710131 -0.265489952860396 0.0731479423825253
-0.0129166076353178 -0.0243224133303237 -0.184927892533388 0.161619054579104
-0.0202731756491138 -0.0348920951912772 -0.104049748884449 0.204272341243195
-0.0099592067226896 -0.0458326580912024 -0.0593613109794645 0.230257775208708
0.00268192167361047 -0.0330779611528307 -0.043795980799931 0.231571429967107
-0.00638658249625958 -0.0372419909607257 -0.0322006514028577 0.257067898804253
0.013093264759738 -0.0559149841628565 -0.0250172183819199 0.285806992899292
0.0679495793228838 -0.0285899780413927 -0.0288381945944605 0.295161431951451
0.082867814156121 0.0235408884311897 0.0356114964897687 0.333554145274767
0.0591757925936516 0.115770313277692 -0.141668772670724 0.279982509986607
0.0463293426289639 0.0436416896192684 0.0268617481613206 0.0385525507250957
0.018716789416398 0.0129897940470066 -0.00981703842390562 -0.192426822293783
0.0195142211675528 0.034207867992155 -0.132647996402902 -0.261503721540599
0.054652287462685 0.0140775435457229 -0.287877816240823 -0.186879810850141
0.0612087374259748 -0.0238067430219339 -0.31722564333635 -0.0556198990667495
0.0470824551009592 -0.0581714281932937 -0.260874507481504 0.0553906220068811
0.0524047360953389 -0.068199375595829 -0.180584774746318 0.141563645253143
0.0400648805527807 -0.0887950120675469 -0.0915283212800767 0.185707141307499
0.0763512540221688 -0.0966560834424722 -0.0364156889600607 0.216247694010784
0.109677528784354 -0.0520655770987204 -0.0165117417966459 0.235174700067534
0.120025198064569 -0.00972679815853169 -0.0167164361743943 0.269546378528428
0.111671031283932 0.0321562366089414 -0.0310307458891495 0.287297588735846
0.10979764276435 0.101100558963994 -0.0341917035585333 0.251612492260662
0.0999811243267552 0.170089706796484 0.0310851084497348 0.260963830406173
0.0304772646298482 0.224065945928982 -0.151805407957289 0.205483236958831
0.0391957727352957 0.1709122936733 0.0354393544544935 -0.0191091490441719
0.0701583211933661 0.120914382629714 -0.0147871597123323 -0.229506452248023
0.108313587553433 0.0945952499997781 -0.141491608503719 -0.268907905049157
0.145616331109698 0.0335370820075536 -0.267945873440579 -0.183904474388152
0.144956828132277 -0.0345429934077732 -0.280074330926119 -0.0677887061620438
0.11489034535427 -0.0920779566270186 -0.225263714171084 0.0278663693439745
0.109011108160454 -0.10312556358191 -0.150812062784071 0.102292924408841
0.09092738709727 -0.129440899796316 -0.0578194557786868 0.143924115147698
0.143632619896073 -0.135784988735418 0.00768568478272222 0.177151450129928
0.19178973599239 -0.0738338674058334 0.0359240391050533 0.21848923890609
0.223556472401837 -0.00197985331288698 0.0192480880113974 0.274615842719232
0.199686316213011 0.094376435836947 -0.0274680532409206 0.290724773908797
0.147351392506943 0.204105294433791 -0.0539601080025385 0.204864831990544
0.108408954921883 0.286429100633035 0.0196709432096903 0.154676821748208
0.00392483972945831 0.300723949541191 -0.140073728171421 0.0944234331245365
0.0360227160140146 0.278604000021891 0.0548795644101607 -0.0986807223154163
0.126593093610788 0.216764479194257 -0.00786979442949534 -0.270009467997624
0.201740449525494 0.138570770378015 -0.136020373928421 -0.273086491257218
0.225740078610361 0.0386447681930808 -0.226911579932771 -0.178388513775772
0.21009330657683 -0.0497128094545591 -0.217785769180881 -0.0816625499422051
0.163990792807673 -0.117542761949629 -0.165488739332278 -0.010760499571921
0.148379399548087 -0.122270713302949 -0.101236251970341 0.047902650601468
0.128855822507155 -0.147137203922169 -0.0102871012780431 0.086127978523829
0.190310611074396 -0.149016471140616 0.0605166180759681 0.123510803223349
0.243787718016448 -0.0770554198055687 0.0950976688963572 0.185067509887081
0.288602765056245 0.00958281947823059 0.0593571447174023 0.266228645301188
0.252330101540416 0.141200962870435 -0.0248836307321288 0.286030872483478
0.158314267684342 0.275921789052884 -0.0817549313609376 0.153909709918293
0.0945592197974144 0.358553060967229 0.00659363268863988 0.0327933702245289
-0.0169762987876228 0.329997503715433 -0.118619986978234 -0.0400216968887668
0.0351348421976461 0.340408945402652 0.0630056981190984 -0.189473312115888
0.168763998372476 0.276041899295646 -0.000498180842037615 -0.301584160927321
0.268047326420007 0.156426225041369 -0.113095372957251 -0.26561811980759
0.272176084504156 0.0311761109490929 -0.158967208578768 -0.174916133367247
0.243301365591141 -0.0634060676881516 -0.137363495765271 -0.105234723198955
0.187341921024839 -0.127531390648719 -0.0908663206559997 -0.0592247659205413
0.165139367787666 -0.12278721543042 -0.0387891648540228 -0.01115034437499
0.150678721014878 -0.139168599327803 0.0486354625996406 0.0243674787159945
0.214437354060115 -0.129039223976023 0.118173884551272 0.0680990566452853
0.264001961663193 -0.0523588002440748 0.150931443130195 0.14759846226085
0.305760591403472 0.0394890997613405 0.0909014952957719 0.248439654249263
0.254952721325421 0.182071591489809 -0.0256487193271746 0.266903790806939
0.132027085647443 0.316087704401231 -0.103388597406917 0.0972910842701976
0.0542028114307056 0.378463466950987 0.00481669161252014 -0.0893086132810736
-0.0327537829649709 0.304108199757777 -0.0977358240224782 -0.175788099393125
0.0271854035462385 0.338498016815934 0.0504186590370659 -0.27299775522631
0.177712205522831 0.280010853529306 0.00120413577916073 -0.311454387736644
0.280892651820682 0.143959712167038 -0.076336412141221 -0.246898718215103
0.267780168026453 0.01887961178373 -0.0768017418224043 -0.175489947295053
0.232244703185639 -0.0663994391406386 -0.0520878461396228 -0.139056116185107
0.178933822672135 -0.119094250289528 -0.0155185977078537 -0.110973565179451
0.157503358906293 -0.104530522800664 0.0277265154741961 -0.0654996515865882
0.152340391889149 -0.110017017879412 0.113615919203722 -0.0276837557976915
0.212116962821527 -0.0855747900435868 0.179255663369405 0.0288463986645121
0.247845071485867 -0.0094409472639727 0.201377003356419 0.125264908473129
0.274708017651967 0.0817426879130548 0.112426756891573 0.233196013299724
0.206434015091189 0.211636382467574 -0.025624985898942 0.23467625216633
0.0711147582070785 0.318825514671148 -0.104458750127411 0.0390636871695616
-0.00411905470692812 0.344999416155022 0.0228385459816022 -0.193771226217949
-0.0477562129630073 0.22286876645923 -0.0808393019519119 -0.286994227511762
0.00793083192927926 0.272797766398986 0.0235020317621457 -0.328019220724261
0.144190234397365 0.226909314924672 0.00253449685424654 -0.301938651858965
0.228066761886241 0.103389823269124 -0.0356181873462956 -0.228209569827133
0.206296278904044 0.00940237790119903 -0.00310066362448706 -0.184788783070259
0.179709047083801 -0.0512057041951669 0.0176188678916049 -0.174679333351477
0.142249418603427 -0.0876000179469947 0.0474798877177676 -0.156598165669513
0.125847486946633 -0.0704825536187843 0.0887820928526901 -0.108092242166356
0.129403333056414 -0.0688774990422474 0.177182794931548 -0.0618690759490237
0.176307592033502 -0.0366843498650569 0.237557117381483 0.0126310922750362
0.195968198923021 0.0276632085422445 0.242378060292269 0.125490758305838
0.206006973446627 0.106500220934576 0.126329600412576 0.225283121074441
0.130398208685011 0.21055801299691 -0.0191024825423374 0.198796970975233
0.00101602031395604 0.277353415659442 -0.0781831530569128 -0.00821253552837248
-0.0589122943125989 0.2632075032802 0.0613346145243364 -0.266615609103024
-0.0658866271179137 0.103762092773789 -0.0668561168767908 -0.351614225041003
-0.0225318878424352 0.161025278516945 -0.00158508965722357 -0.343987337190888
0.0751588097862612 0.136083911415914 0.011700914905937 -0.286703684518273
0.124490955184919 0.0532884549584354 -0.00248828039949066 -0.223984422697122
0.103845822555361 0.0108994194634547 0.0396408015707769 -0.202358682064553
0.0990235168825425 -0.0159572281754179 0.0542168675159589 -0.202250438671359
0.0847822588524612 -0.0370622754134107 0.0871916204899834 -0.184774022381973
0.0749160949551301 -0.026087872208559 0.13522408073613 -0.132163083163346
0.0819920055105257 -0.0241962809309674 0.227705658906618 -0.0756980567152633
0.109627402327432 -0.00124074403430731 0.283385364521885 0.0191369537095186
0.118320168342535 0.0350007592391702 0.271251063532426 0.143952874987176
0.122531046831842 0.090889132258444 0.135774282323243 0.226694947099685
0.0589968603166909 0.16730262429296 -0.00161030487907086 0.173755595456063
-0.0460961305361819 0.192508957604601 -0.0357742739562838 -0.0287984416967334
-0.0914609922951582 0.144516962178539 0.108894831800305 -0.295017524954983
0.0772737305945933 -0.013179257124453 -0.0775393294702977 0.321951301916149
0.0406592887759453 -0.0853613519958222 0.0534721478947608 0.0656081041338375
-0.0364967268943229 -0.0830407436880224 -0.00262139930833946 -0.179649296798666
-0.0619630658839887 -0.0219567345070339 -0.14227006592744 -0.254573741569716
-0.0375673696804152 -0.00820720294817552 -0.310800506010699 -0.158588385393796
-0.0280983370821316 -0.0120944835561951 -0.336075140724224 -0.013195980605516
-0.027938650368816 -0.0168319244663971 -0.262901659445095 0.0972659240996755
-0.0154744036379692 -0.0243111825169229 -0.172206989339951 0.179325531297911
-0.0230472036819495 -0.0341384465794862 -0.085777028611048 0.215834713132977
-0.0136092404981717 -0.0457603703314425 -0.041131117987493 0.238423954653233
0.00101859336137883 -0.0326696244286365 -0.02668102740719 0.237492226289676
-0.00980277447887168 -0.0357413324742002 -0.0115190539255948 0.260560927595044
0.00825421930978022 -0.0561117457400668 -0.00274480980826919 0.287916818907096
0.0664947264588364 -0.0338434593810337 -0.00760853286434111 0.299394682880587
0.0832950489011186 0.0176036083790092 0.0631274948598622 0.336887538577171
0.0685509782681834 0.112244582729985 -0.117008538139151 0.292805061908825
0.0504172438804447 0.040770547249509 0.0311598160808536 0.0366985526379179
0.0206161273023359 0.0114065139969619 -0.0243576144466004 -0.192737601317203
0.0225492642256364 0.0329117928245922 -0.153485135581789 -0.253630482194723
0.05597781557641 0.00920351334184259 -0.303804885976268 -0.163346641568917
0.060091436499286 -0.0303120224254662 -0.324863938343009 -0.0287427271594901
0.0426928468215947 -0.0631263924162338 -0.25913697907178 0.0791420320693482
0.046919981128445 -0.074779022526592 -0.16901004808633 0.158710914995196
0.0332641287973429 -0.0937056127703793 -0.0746966809031555 0.195861586208326
0.0691580485845929 -0.104725416833584 -0.0185811723828145 0.221824080221689
0.107927297417451 -0.0618730733453075 0.00248631104883737 0.239065850080871
0.120808258637803 -0.0194806544763126 0.00504219715717787 0.271416725475368
0.114566618106777 0.0242912047566988 -0.00645676203401389 0.289538178588338
0.119173820138117 0.0939696457337459 -0.0157953945280403 0.256751609293356
0.112296538208192 0.163861097047903 0.0522203605403772 0.264046545861075
0.0484195650977071 0.223863544174487 -0.13312559800771 0.219285752967563
0.0532398922452466 0.169422873095521 0.0352321251664337 -0.0216989945880366
0.0807106304685105 0.114965493997303 -0.0320261906902943 -0.229957124234656
0.1174553435774 0.0868372768260643 -0.162283377316382 -0.259892525603793
0.149635145156226 0.0209069018668681 -0.28377837787448 -0.161786946264353
0.144122846999589 -0.0487276400378572 -0.287512252843857 -0.0435768611147349
0.108225441240185 -0.103258133527854 -0.225027478260238 0.0481018006099622
0.101987357129015 -0.115206316577995 -0.14248415374123 0.115589840074046
0.0812809364300749 -0.138963572119091 -0.0440631860153505 0.150036174468673
0.133784825190776 -0.150882351335426 0.0226259199134138 0.17963849059773
0.188939519677903 -0.0902147685435148 0.0550588445388837 0.218071675081514
0.226617924654922 -0.0205941334559855 0.0415374826201795 0.273984743767134
0.208665648341426 0.0794462627744431 -0.00219922130992634 0.292701920764981
0.166316012712113 0.195027147280971 -0.0376355629645192 0.211249267208105
0.130418615017688 0.279624835756905 0.0319796384502111 0.158777906328287
0.0286013523992586 0.302956995093208 -0.130938186602859 0.105749606033825
0.0589530839573046 0.278147723857053 0.0486653683399438 -0.103353393643128
0.144579571418694 0.206210789917581 -0.0280673595033993 -0.272132528364279
0.213971819191755 0.123341963726092 -0.157197803543841 -0.264411459815294
0.230497080760592 0.0193111965452945 -0.242126583547154 -0.159699766779198
0.208001328351928 -0.069877960797681 -0.225800255912941 -0.0635904316414051
0.156538623908545 -0.13352088394909 -0.167164559209514 0.00329033658448543
0.140336918438092 -0.137842661420629 -0.0977263917701909 0.0573128523351866
0.117778658769059 -0.159821098941566 -0.000570064648151312 0.0867839176965463
0.17900407439829 -0.168635627635793 0.0719295057277762 0.12028913636075
0.240746567245936 -0.0987723080876981 0.112232721282128 0.179051792824367
0.292477149235251 -0.0152756360876676 0.0812318166756113 0.261993314373972
0.265682117651611 0.122295230613065 0.00141014090086444 0.287515646158022
0.183094033285582 0.267183776569374 -0.0699750064305051 0.161912353269172
0.122916409000642 0.352607073084801 0.00850169862387824 0.0356745909331593
0.0104122924669113 0.333591514669318 -0.120550486566645 -0.031740870127663
0.0627013324812743 0.340788619592932 0.0494583013067091 -0.195155999565441
0.192223233707886 0.26286113668225 -0.0232028660195268 -0.303032900994442
0.282478074185094 0.135349091028908 -0.133734831374685 -0.259353207282431
0.277405206479023 0.00791340897666332 -0.173425965589463 -0.161066558065355
0.240259128041886 -0.0861064165128003 -0.146244364628096 -0.0950553240346082
0.178001126768448 -0.14636407734071 -0.0965549846264669 -0.0517918570708799
0.158038818475066 -0.139446387746003 -0.0396998728699132 -0.0082374967898955
0.140338921078008 -0.152804733927782 0.0530085408789095 0.0200653862909691
0.205130580708318 -0.150765021230495 0.125553736651995 0.0596205172267786
0.262193743428716 -0.0752573077929965 0.166390509236994 0.136769743010284
0.31228942227964 0.0130247557400932 0.111685901262606 0.242304995437846
0.27184954052695 0.163295041088278 -4.86080043415605E-06 0.268015670379728
0.159196905562748 0.309572155274082 -0.095229519120867 0.106746621424201
0.0834103347410537 0.375618494906449 -0.00376272497808188 -0.0866620924061725
-0.00678218760930149 0.308605720915819 -0.110611193219318 -0.169983288789763
0.0550508033049234 0.338911038215322 0.0298551082547392 -0.278841206996482
0.200883341236511 0.265882550854192 -0.0227980388220223 -0.313689810436334
0.29331050355236 0.12038606231803 -0.0949737221860017 -0.242681133439616
0.271182104772408 -0.00474762905857559 -0.0909574518069705 -0.169223706960144
0.229529427045224 -0.0880451275837066 -0.061928282466688 -0.136138556615879
0.170460122119816 -0.136169536114587 -0.0245163480796304 -0.111256362403607
0.150987501684855 -0.119642461661307 0.0224975706578279 -0.0687485385543824
0.144032830099001 -0.123660172973381 0.113576750553206 -0.0383015806173606
0.206192077065528 -0.106392048658943 0.183367041885513 0.0132903057921954
0.249586152490232 -0.0305136957524976 0.215105292138504 0.110301010285067
0.284176247730427 0.0585072036424958 0.132249425185321 0.224247353020757
0.225286289981852 0.196427499910978 -0.00364934245033216 0.236905951324306
0.0979106651217267 0.316481264953187 -0.100460277121222 0.0487748353486439
0.0232097065752078 0.346234912143461 0.00555027232800989 -0.194412483937202
-0.0280765316304883 0.227532720390782 -0.103619438782064 -0.284548611202001
0.0316186842304436 0.273593004261623 -0.00175237337038897 -0.332369834786232
0.163211552678409 0.214656436521197 -0.0204766258018078 -0.304768298496566
0.236805662332654 0.0843010399170656 -0.0524926627019432 -0.226151476613422
0.208900824384862 -0.00926249167866971 -0.0175981405089957 -0.185365899514369
0.176614492589139 -0.0679263215095666 0.00493851160593909 -0.178922572700939
0.135597278880986 -0.101412866152987 0.0346016150078531 -0.162955817802263
0.122028136666159 -0.0819649982979437 0.0801116230789611 -0.117709652870629
0.124554200118636 -0.0797067742403623 0.17383801082538 -0.0793676522958045
0.174725475890146 -0.0533157885218832 0.241189095452461 -0.00764247628692271
0.200129318332296 0.0107881794340291 0.25708953172758 0.106243536282737
0.216192221915134 0.0886444997752622 0.145400057641641 0.21572229803739
0.149237429976854 0.201612845549597 0.000110608490507305 0.201451285512914
0.0242248598813363 0.279727356406536 -0.0781912817814241 -0.0011930493745078
-0.0388083007655284 0.269026852075001 0.0380438411578293 -0.271808021764187
-0.0562017720190058 0.109033036379701 -0.0958888617620748 -0.35078696757374
-0.0092818703756804 0.162854153078853 -0.0290637741168921 -0.347627643444978
0.0858592276091683 0.129260465171679 -0.0112705907572983 -0.290331984499355
0.128713152826836 0.0425100590741291 -0.0192384640385138 -0.224493802288687
0.106028428311924 0.0012276502001681 0.0238197281255658 -0.207485520498774
0.0983165518795093 -0.0254672940714606 0.0389955688378958 -0.209967190302992
0.082647583585755 -0.044417177800525 0.0715855753193574 -0.195516658068191
0.0741157134399611 -0.032379240310146 0.124762306340235 -0.145917911182333
0.0802701932976479 -0.030573457401451 0.224491994357032 -0.0974378804747008
0.110649906839794 -0.0108232128296051 0.287258163677495 -0.00533723310526902
0.121722345794335 0.0254012676338847 0.286016926105547 0.122499278783927
0.130404762959005 0.0804173588511376 0.155160803295827 0.216953383473633
0.0730332976416059 0.163001329531336 0.0141207161306704 0.175489396650171
-0.0311766084372523 0.19716373967025 -0.0376138759886715 -0.0254665147578501
-0.0800553847672512 0.152311697629889 0.0830102991998026 -0.30564820850536
0.0729548141653282 -0.0171488554955398 -0.0558145763549138 0.320473774816159
0.0340196426249872 -0.086429380814171 0.0565646222587334 0.0613605353955002
-0.0404916840030636 -0.0794130115732447 -0.0127466207969636 -0.177403453912091
-0.0620505013870854 -0.0170418347866236 -0.155514492103239 -0.243380237597411
-0.0382376794296527 -0.00547896505546343 -0.314804603880767 -0.136737594630451
-0.0290099414602136 -0.0103634751029448 -0.333360744924847 0.00947965303433607
-0.0283495950953772 -0.0143420473955292 -0.254317448083447 0.113293056284689
-0.0175515697187967 -0.0235585379344713 -0.157058432155953 0.188872098293063
-0.0252752246956053 -0.0327336158516443 -0.0703122646923645 0.219005260834605
-0.0158563639097962 -0.0449795964634355 -0.026089805473258 0.238519681651803
-6.6725680936984E-05 -0.0315614255164909 -0.0125048631381985 0.236632868133747
-0.0115650250159926 -0.0335120753601886 0.00419589186644472 0.256894748552841
0.00413289150272561 -0.0547465507590207 0.0137522534595089 0.281414751292282
0.0642467188741857 -0.0367791793252641 0.00795261095159585 0.296156762344573
0.0812246877424105 0.0137899586290974 0.082493353553227 0.332005606121748
0.0725346417193655 0.106886221606948 -0.0952035306084929 0.295395630695264
0.0513981905586991 0.0374461868097819 0.0335280345975812 0.0351099356022848
0.0211646066046047 0.00923312106605686 -0.0352693639926946 -0.188958072990517
0.0249466825682296 0.0320295270970459 -0.16620032322829 -0.242054042059093
0.0550777742692184 0.0047638684616189 -0.308385496200081 -0.14148373847466
0.0571248031920605 -0.0344858226282577 -0.322296064036744 -0.00694782799135655
0.0390322138128337 -0.0654558370324501 -0.2506396471758 0.095251738806702
0.0418308029673209 -0.0778793685056446 -0.155442195093883 0.167995368857106
0.026597591432428 -0.0955951808517368 -0.0597528713779028 0.198202569034889
0.061621513057669 -0.109047144493916 -0.00443678472068402 0.221615755012594
0.103836005360263 -0.0669683259171951 0.0167915816952824 0.236650080445456
0.118944676679593 -0.0260553044828293 0.0203927110692748 0.266011765667177
0.113823299526686 0.0183173457477391 0.0114670507351261 0.282971059795862
0.12363770922925 0.0864060134396048 -0.00125210592331832 0.254512185394203
0.117830282233574 0.155460196126312 0.068097442228834 0.261549543598802
0.0610876184566047 0.217766138803412 -0.115357553449104 0.223183579987523
0.0619023964751678 0.16461165062664 0.0346384785865736 -0.0226456243302321
0.0864959534192636 0.106945547248108 -0.0444369392123111 -0.224621056185724
0.12127545885189 0.07860859401512 -0.173544900801344 -0.247266799706024
0.148188975856642 0.0107623642641091 -0.28826267665003 -0.140861322350446
0.13899386248993 -0.0583486968791667 -0.285494990148283 -0.0246501891447839
0.100589965334578 -0.109512132709987 -0.219188413852193 0.0623214279648558
0.093409506118087 -0.121869174038296 -0.132565667378872 0.123887598039071
0.0720720508795974 -0.142827927682526 -0.032091931628489 0.150428628377468
0.122501056690428 -0.158301194785436 0.0339753025052114 0.177055972259974
0.182080218588657 -0.101219730542807 0.0683765173523386 0.21254894092708
0.223568670118185 -0.0344323621946573 0.0568780819741846 0.26608428622724
0.210175990082087 0.0669686956626309 0.0166653309671618 0.285558094768156
0.175677313652514 0.183557578517824 -0.0247178683692231 0.210937218624206
0.14279923260576 0.268570185931124 0.0413057628724683 0.158529583996303
0.0465564313639086 0.296199675944648 -0.119565361009194 0.111188781439999
0.0739889525020993 0.270922848126936 0.0430391565796016 -0.103659040485506
0.154579166645539 0.193169108876187 -0.0426122849484936 -0.266550928810967
0.218731407662533 0.108740809565798 -0.168675875839814 -0.251876937872604
0.227772183442264 0.00414096106661848 -0.245953119638314 -0.141296390517476
0.201789914407742 -0.0832291220034166 -0.22582279261548 -0.0485290662380053
0.145993418808284 -0.142410776443406 -0.164981335408201 0.0147205708475745
0.130733340946578 -0.146907112449813 -0.0920964185083558 0.0629218591701828
0.106769139587767 -0.165370253787619 0.0067199229846008 0.0851034740424002
0.166071670544895 -0.178706239500639 0.0790966547607673 0.114760110708464
0.232909497910063 -0.112527349384859 0.123393888908693 0.169944007146114
0.288852829839097 -0.0339466919254916 0.0947949563692707 0.252563096829399
0.270307243619226 0.105686167139098 0.0201291706380401 0.279834483955193
0.196558262102987 0.253812814819373 -0.0580855109906042 0.165092798279906
0.139816184065939 0.340271166220412 0.0105706113412289 0.0386624609265135
0.0312886540416819 0.327746800640689 -0.118316101893296 -0.0252002464599504
0.08188768422231 0.332473699021697 0.0386469434266636 -0.194703090141139
0.204312038649096 0.246023348419001 -0.0398952802811564 -0.297054993429419
0.286405927854538 0.116565889183478 -0.144760795801651 -0.247082540145497
0.27389409617787 -0.0100441253637389 -0.178660815508405 -0.146992403720066
0.231105626729381 -0.1019550554848 -0.148182918560836 -0.085629588003502
0.166930734948839 -0.156179390193613 -0.0978469164481804 -0.045259604108213
0.147790627711983 -0.149354524645522 -0.0393317992590915 -0.00501378197187851
0.129305683443218 -0.159926960223163 0.0554879016607405 0.0152625282921797
0.192637396676405 -0.16284696596992 0.128413246040576 0.0513206158149003
0.255798882418095 -0.0921713640834378 0.174822553064609 0.125185933173617
0.30941055253291 -0.00854396665701391 0.124567191191354 0.231568337744122
0.277649438865673 0.145229967502294 0.0190307453829467 0.261415455890271
0.17542533596573 0.296854849463172 -0.0862215398583179 0.111388898921323
0.103354374791015 0.364465448338803 -0.00975648759572533 -0.0825397112153918
0.0133268467287653 0.302563121388403 -0.117875978338997 -0.16264505391983
0.0750282636742821 0.330517605442687 0.0143295231624216 -0.2762495761079
0.213034086605362 0.248178682770141 -0.039939676235881 -0.307454339871701
0.295950674693737 0.100338732097801 -0.106254946552814 -0.23228147579281
0.267638570261624 -0.0219048321260256 -0.098532806259154 -0.15939165343715
0.220365833643017 -0.10248566908168 -0.0684094133370477 -0.131712932298216
0.159334599647725 -0.14579336614799 -0.0311735769714725 -0.108805686888914
0.142508394233426 -0.129251163451457 0.0179657108777882 -0.0698399207459489
0.135157395460893 -0.130881388319845 0.110962163274958 -0.0461599884520885
0.196845812614443 -0.119247787483695 0.182725963019985 0.00185629233255213
0.245126668794902 -0.0469822670182205 0.221110327991936 0.0949803700747358
0.284810758729642 0.0382080708615512 0.143381189075106 0.213144833088588
0.234964864583208 0.180317790602396 0.0136010423751897 0.231907610173712
0.115952003615123 0.307236581018851 -0.0947936630401147 0.05451064480787
0.0431242457038917 0.338974827932043 -0.00741031298799872 -0.189723606262455
-0.0122644032742534 0.223961924179579 -0.118407237733539 -0.275819110919135
0.0474290790191769 0.267696500469892 -0.0207281511359675 -0.328220010921016
0.172996440560246 0.200734718505802 -0.0375508590069689 -0.299442939478043
0.237582283059115 0.0680059436717036 -0.0640757820319326 -0.218375886933692
0.204884349198516 -0.0226869358366476 -0.0274572658965988 -0.180755414075752
0.169605009550655 -0.0794219802489281 -0.00514724706341388 -0.178281156438352
0.126987295191724 -0.108616254525647 0.0238299971305945 -0.164545457670578
0.116448616159746 -0.0891984827535927 0.0715066474472086 -0.12105269937105
0.118034580385972 -0.0858839675344443 0.167494429465817 -0.0904323720725428
0.168888460824843 -0.0648728018306427 0.237117199728963 -0.0230770207923177
0.197867547643148 -0.00203087871790201 0.261290843237653 0.0893751850287792
0.218736048228127 0.073112378849699 0.155485719461918 0.204526664617273
0.159728342029026 0.189117796653029 0.0135270265432598 0.1975951132719
0.0409316694764272 0.274603254536458 -0.0761274412287427 0.00346295339906367
-0.0226059319149268 0.266158836710305 0.0189739264753056 -0.268476756612761
-0.0473579162629852 0.109224271592338 -0.115292430510731 -0.342668404066963
0.00124696157522313 0.160180196832933 -0.0494436281847104 -0.340849540434123
0.0918126472534975 0.121333428887804 -0.0271101390776453 -0.285244724111077
0.128205921621641 0.0326989260729624 -0.0317774552164906 -0.218775493583105
0.104652314797161 -0.00648091183276643 0.011464814837744 -0.206214870141361
0.0944152663904631 -0.0323011188737389 0.0265978169034812 -0.211680362613154
0.0780058745362017 -0.0488390523736445 0.0577734144849444 -0.199365536576241
0.072234526179995 -0.0361177563492888 0.11322580156064 -0.1520389929139
0.0773883049385545 -0.033964357236347 0.214911289528222 -0.111536242757419
0.107746249242665 -0.0184841426591633 0.282987325344688 -0.0229066816867789
0.120757770052237 0.0175929730136364 0.2908617263297 0.102011444419094
0.132861255841662 0.0703328149200936 0.164712023567502 0.205443239831466
0.0816700115782015 0.155633989008229 0.0252534932439109 0.171898461987795
-0.0195039922062172 0.195966314732509 -0.0377592910969505 -0.022371443394562
-0.0691545328111124 0.153639201579089 0.0613660189867262 -0.305373891634377
0.0763084299195838 -0.0143382401168313 -0.0623964693982884 0.311628503138752
0.0364747172101381 -0.0853581240705508 0.051878622147263 0.0614530360529339
-0.0389310867656468 -0.0796252132291694 -0.0110813705415414 -0.172465798310939
-0.0615130175101666 -0.0147954979801698 -0.150182238537088 -0.242817830920863
-0.0370654359305905 -0.00199240689429258 -0.30602245347978 -0.136774835512899
-0.0281905816556588 -0.008763716403478 -0.326456087836828 0.00714235561450921
-0.0297929685585258 -0.013882728856202 -0.253927010730065 0.111517110279069
-0.0174789055438529 -0.0247367405235041 -0.155336573526073 0.186349941664533
-0.0257714440093883 -0.0314203927106502 -0.0692232632183447 0.216603925200163
-0.0152065656575045 -0.0438398640925645 -0.0257263089608497 0.236094737887337
0.00178963619978168 -0.030101419116825 -0.0147336474311007 0.232537654520448
-0.00902239990110114 -0.0274535396517692 -6.74990684634851E-05 0.249447801323225
0.00476767652561066 -0.0491788991581356 0.00716151015953775 0.27213626737509
0.0637095086932671 -0.0310739498769933 -4.99131531496891E-05 0.292699550515056
0.0819744651519065 0.0173025080564842 0.0704296672206172 0.333829698031433
0.0713259864614204 0.110744233087231 -0.0956164802867654 0.287093546568297
0.0490314858594317 0.0391195855276899 0.0336616991701448 0.0340394547649469
0.0183913910988753 0.0106967092770577 -0.0282263622929128 -0.186861580941976
0.0225118276330227 0.0349681291158165 -0.155662007934246 -0.242820214963749
0.0541366469940912 0.0110120062269871 -0.295775355807682 -0.14414634825606
0.0578715429148773 -0.031492368383885 -0.314448403062824 -0.0123165082592284
0.0380703558733295 -0.063783362632985 -0.249612707096685 0.09133794168912
0.0433831103330689 -0.0787561578303426 -0.152017325535882 0.165574667279321
0.0281316872982507 -0.094209471810248 -0.0567960441406045 0.196221140628862
0.0635691778934317 -0.108420269318015 -0.00226687582309565 0.219934819693681
0.107796442828482 -0.0655607579873989 0.0180093746383693 0.236004648239662
0.1203309695902 -0.0188422725345804 0.0209243051372704 0.264403251012332
0.113252044034944 0.0257355502821915 0.00607819830966267 0.27800720517074
0.121581792112965 0.0921191509341422 -0.0107326098276568 0.254678313910255
0.1181918888118 0.157344120076079 0.0546722337010639 0.265708366450181
0.0543551584171142 0.221707788106355 -0.109280828188717 0.216933615672739
0.0543836009613297 0.166688885260207 0.0405175520563491 -0.0235974773596873
0.0793590754671067 0.110200376914407 -0.0315940508829196 -0.224420263722494
0.115344772953198 0.0831186917944673 -0.158937567137629 -0.249450975058793
0.145223584397934 0.0188007835381757 -0.274321618514976 -0.147105519412703
0.138781867158135 -0.0537840040000458 -0.277744236627916 -0.032392288246716
0.101113588485036 -0.106369857769173 -0.2165680811643 0.0561906914699646
0.0975028929776724 -0.122415179257746 -0.129113245266272 0.120916561975453
0.0740754105261171 -0.141607899127325 -0.0284749731466868 0.148996037109585
0.12484529280707 -0.158820812305993 0.0383168969908339 0.176339492692428
0.187254895665797 -0.0991271828742542 0.0710917631465216 0.213921125194803
0.224486175690882 -0.0273947666780699 0.0601394254366278 0.267575310460268
0.208988382863376 0.0755444871266679 0.0129814182608533 0.284100119334257
0.17200900926941 0.189699506882992 -0.0337750743410853 0.213263243439276
0.142159686538794 0.268459329260709 0.0288192053736826 0.165836602630072
0.0366126592711744 0.300103400391174 -0.106462225200731 0.107404454286211
0.0613953217369859 0.274118555186883 0.0541764789870361 -0.104039845719033
0.142788508047262 0.198789673264348 -0.0251196366015324 -0.267854990577665
0.209748374953183 0.115677055504471 -0.148562596291511 -0.255469112456129
0.224458497989493 0.0145071568751126 -0.23135619872306 -0.149027720527424
0.201327042373815 -0.0777307933867993 -0.217910104167901 -0.0578190702638153
0.146934817198937 -0.138870207540995 -0.16228592999192 0.00686760118584046
0.135778205628981 -0.147167386806427 -0.0886769084619729 0.0602549036060933
0.110619825769249 -0.164278186141011 0.0102447175706576 0.0848400674035094
0.169137972132955 -0.179317288712199 0.0832980973443945 0.114623818929746
0.238643801616141 -0.111561204178072 0.127375566234566 0.174735662093035
0.289430228596902 -0.0275495829807147 0.0999679342027793 0.257318011310428
0.267419379924355 0.114459226577293 0.0173060921685424 0.28074842040349
0.192160523131091 0.25830938220966 -0.0666041032433806 0.167578208554976
0.138319862678897 0.337812314912397 -0.000197141871758615 0.0473808170463055
0.0178982645277762 0.330480321026215 -0.100131899489463 -0.0263058658721408
0.0665287494542473 0.336069875952846 0.0543322412711405 -0.194208761500516
0.189422097234178 0.252547868409371 -0.0192203528900037 -0.299977406509703
0.274781039027832 0.124108497594201 -0.123212569285635 -0.25250567651284
0.269531223323835 0.00086848032294725 -0.16433232577694 -0.156403367662942
0.231116640508604 -0.0956477490763532 -0.142340371707335 -0.0935841966806025
0.168094505042529 -0.152759917266898 -0.0954550064916311 -0.0527567100073991
0.153393741949227 -0.149020612815517 -0.0367032909579689 -0.00667368040192262
0.133121380475978 -0.158344500875483 0.0590263060052229 0.0151605492838352
0.195801199948456 -0.164204692377051 0.132217499451487 0.0527112346230494
0.261686695890758 -0.0903947958837182 0.178595065987067 0.13127154006015
0.309674193609496 -0.00250220996678069 0.129410232629584 0.239017294437537
0.275020639281754 0.152754484125427 0.0148412169762927 0.264075767818905
0.169811097689377 0.299961042479866 -0.0938588242882055 0.11462369552885
0.101529140670664 0.360858092857179 -0.0169477323754382 -0.0722585012306164
0.000633759853386357 0.306130578793565 -0.0973143126658644 -0.162247862125846
0.0592804120331516 0.334580929919674 0.0313479465118621 -0.274655712925057
0.198580503688703 0.25564849601218 -0.0184886674806284 -0.309815661116907
0.284960284840141 0.108573810301932 -0.0865627487806746 -0.23760322460139
0.263453605208147 -0.0120408262777978 -0.0870968534542048 -0.168297356296723
0.21973452546059 -0.0974502427170194 -0.063420827256264 -0.138643956910692
0.161627670633062 -0.142790406947942 -0.0293016642159929 -0.11470057985684
0.148763068905197 -0.128191264528819 0.0196205144704683 -0.0704774905501487
0.139045269932299 -0.129498303399907 0.113548314700228 -0.0454602403177371
0.199298015689674 -0.120478318978552 0.185096649943668 0.00406646327615016
0.250114359633351 -0.0456028743973359 0.223417212342939 0.102336652947813
0.283822359402846 0.0418605279779795 0.146048818460881 0.222778337769372
0.230916033924285 0.18707368561318 0.0092585729417581 0.234462270606183
0.11058263883424 0.308075093464614 -0.101620080029207 0.055794937213014
0.0408852771458218 0.334200435234119 -0.0114569397407459 -0.179803883577779
-0.0234251262179395 0.22658790363334 -0.0989287701694288 -0.274833584622982
0.0350811071529943 0.270284747346316 -0.00454092510381978 -0.32720395385105
0.161171772999343 0.207335325983938 -0.0184021765862444 -0.300299900150157
0.228383843809951 0.0741745474724368 -0.0482247451228893 -0.221110821850793
0.201275255191269 -0.0156022338017216 -0.0190453796908905 -0.18479773547903
0.168008910660865 -0.0756308364409189 -0.00093323778218499 -0.181908443678146
0.129074737213629 -0.106612150074362 0.0244929943112747 -0.168568902034118
0.120908217421105 -0.0883049980301946 0.0722878222533989 -0.120557871780434
0.121718563786021 -0.0854052981727615 0.16892630263282 -0.0890151727401573
0.171297959667373 -0.0659239134008313 0.23798380161006 -0.0200883477452993
0.201537906529577 -0.000722483593594466 0.260721620391283 0.0959097042717318
0.218402837016884 0.0752959336063131 0.155421109057263 0.213854254672849
0.156281675598634 0.192657834627228 0.00868807564061103 0.200913644735708
0.0365318392834457 0.273218584677012 -0.0819830284008906 0.0050397787596513
-0.022848810216109 0.260850572076533 0.0180793770940622 -0.259424801328603
-0.0539422202522351 0.109586434471854 -0.100619086372342 -0.341165017858246
-0.00695139881535005 0.161765329199918 -0.0362000246282312 -0.338428083454552
0.0830571487388021 0.124952595554467 -0.0128306156656495 -0.283346760326694
0.121731169945393 0.0363526324290824 -0.0210122976495939 -0.217873958156107
0.101271286497835 -0.00283061686774169 0.0170923427248717 -0.205687741893412
0.0920758807560957 -0.0298606423899457 0.0297345825871213 -0.211908768192944
0.078774879549943 -0.0482509887926172 0.0578249405108799 -0.200744197415878
0.0750206320880426 -0.0354250212242814 0.112435196518397 -0.150359300764375
0.0805756803869876 -0.0331539982998255 0.214342302641474 -0.110282748480207
0.110391017949684 -0.0190984949950114 0.28110463026425 -0.0214934714743523
0.123449147416624 0.018001706785975 0.287356976074896 0.10725793924721
0.133973202412213 0.0730649390093691 0.162061127781717 0.211999678705542
0.0791215920095158 0.158103873823587 0.0192263500027484 0.173713145489685
-0.0220745929879279 0.193857872923305 -0.0419540913655343 -0.0225340658646205
-0.068979792166506 0.148356508467033 0.0635999148744974 -0.296212864324282
0.0752634382218024 -0.0141616396219905 -0.0577445123894456 0.315046930557564
0.0350018054312479 -0.0861757495761894 0.0538938822067233 0.0626383751654013
-0.041120975202084 -0.0800228917613618 -0.0124862897187856 -0.175040198894623
-0.0611144509198764 -0.0134621148593416 -0.156021547154517 -0.245194824004036
-0.0374090374578675 -0.000500643024744201 -0.309467723190692 -0.134310160163692
-0.0286216558753463 -0.00762803327294689 -0.330816274228087 0.0136924761057118
-0.0297702032312869 -0.0137063486003148 -0.255982468147503 0.118135407703479
-0.0184621591456615 -0.0247990312829311 -0.152915161250554 0.192270462932475
-0.0268876195293859 -0.0317696027034274 -0.065057350038948 0.220951298762799
-0.0166622809002045 -0.0442241161611769 -0.0229730657691758 0.240444955580135
0.00297071505470054 -0.0307600138142482 -0.0127022458748034 0.23646889740636
-0.00909209527908905 -0.0263789304907606 0.00202853066243355 0.251345503091469
0.00409624265431343 -0.048473323642059 0.00962000662197878 0.273279426658568
0.064115561500279 -0.0319821524859776 0.000729397178385546 0.297111586858407
0.0823795154615944 0.0180840137851106 0.0760142794529074 0.340147461589595
0.0721997380102155 0.111563286315511 -0.0913621520152237 0.290501306627611
0.0496381123746209 0.0403423720037836 0.0357646981299832 0.0354292929831704
0.0185117515016937 0.00982881503441966 -0.0299961554949045 -0.189075321579656
0.0238862904477689 0.0357007049679847 -0.160135001752534 -0.244459714268963
0.0549971776664683 0.0107267538660564 -0.300241353997038 -0.141698960972003
0.0579119002167583 -0.032876848042962 -0.318274437951883 -0.00701633792531475
0.0378438840060046 -0.0656353041509848 -0.251232164420798 0.097935469603633
0.0432256419636222 -0.0818520588614379 -0.150446744860455 0.170660367045341
0.0271771374922568 -0.095848460515492 -0.0537492756717573 0.199526565001855
0.0623608134622061 -0.111703883562745 0.00148995918376687 0.223955523941947
0.109824832113326 -0.0677577855409801 0.0214907480398159 0.239186399815191
0.122829221903448 -0.0206854570439181 0.0235422352600703 0.265851887360373
0.114994635448786 0.025823817727149 0.00883490506220961 0.277442722576791
0.124555717838332 0.0930893216274007 -0.00804473388461135 0.258337986901715
0.119795691551938 0.15944024959514 0.0595944508496177 0.271795510052486
0.0575212535029645 0.222850396245306 -0.105265412806908 0.219796464299999
0.0566351042669927 0.168982015547383 0.0416784514754311 -0.0232813694237259
0.0806276061128936 0.109121193638822 -0.0332537151117991 -0.226699863792565
0.118657562129992 0.0830576445815373 -0.162844908936951 -0.251692180254362
0.147151325059831 0.0174435120927285 -0.277632155280235 -0.144497938264248
0.140151729093797 -0.0573957660565386 -0.282269288996984 -0.029078410348509
0.101049686336255 -0.110543807366815 -0.218289071369431 0.0605583636485703
0.0968786453318321 -0.127822783323853 -0.128113809744718 0.125121491974039
0.0734927064764924 -0.144786490727768 -0.0251705766787297 0.150742851208017
0.124008127310371 -0.164521937331613 0.0417413223768776 0.179145083561163
0.190218113097522 -0.103664391472504 0.0761639065429474 0.216559980450267
0.227862753429431 -0.0311710323997114 0.0637791062116543 0.269909577390939
0.2132244285336 0.0754433975561347 0.0165551592613068 0.283855807578222
0.177114826953523 0.191577051038407 -0.0317809048052244 0.216025573116481
0.145309434144869 0.271176530695129 0.0322356500176896 0.171165591820789
0.0404711805179713 0.30170349542726 -0.103944267904827 0.10934446990722
0.0656204871525085 0.277684044204812 0.0550486125371778 -0.104510109136356
0.14575868770432 0.198210094469019 -0.0279403015844677 -0.27007180173207
0.214489556812595 0.114075401786511 -0.152279020123124 -0.257684066963153
0.227059198601801 0.0113796182294394 -0.234591531022642 -0.147629549042445
0.203055500595209 -0.0829726270643308 -0.22142069439175 -0.055143134330378
0.14695696265581 -0.144367252431027 -0.163579272740977 0.00948177734975666
0.135630602200558 -0.153492526078415 -0.0882621293334486 0.0633316368696851
0.109863441843912 -0.168449006679681 0.0128907923057955 0.0845223326557772
0.167887759332953 -0.186045024159383 0.0869801620938259 0.116336324520785
0.241943603350299 -0.11728310811349 0.132592324812073 0.175176829336785
0.294034377200439 -0.032990466944274 0.104227953754721 0.259592674357758
0.273257644164085 0.113234297043573 0.0212773169053622 0.280641333370278
0.198511925567073 0.261449605363307 -0.0647462383326876 0.170007851622273
0.142873798034435 0.34051990396784 0.000995174087905686 0.0514224821951862
0.023245760541523 0.332366687484144 -0.0993848616835899 -0.0260416517290123
0.0716097834978791 0.339852235324297 0.0533170118074324 -0.195804296937288
0.193880279225073 0.252471687889382 -0.0227483987141676 -0.301968505707986
0.281004486543328 0.121818221269606 -0.126018687473538 -0.254093816928984
0.273527084185145 -0.00296425627924025 -0.16710572172981 -0.153940470502492
0.231863396160485 -0.10185518071188 -0.145450939608355 -0.093859629321981
0.16816350214328 -0.158154671498276 -0.0975428903996301 -0.0525006158644698
0.153848608514813 -0.155474178823622 -0.0368656559961251 -0.00609041250884022
0.134003094690302 -0.163102537757298 0.0612429800278866 0.0135990052971414
0.195506735134747 -0.170351196689091 0.135983713198957 0.0512588934680584
0.264727992249138 -0.0960733786112165 0.183950556862571 0.129910515503647
0.314582402730309 -0.00820905256987187 0.133231624913903 0.240409250687752
0.28132096852911 0.15177135541517 0.019385191084768 0.263294342518156
0.177016228611271 0.303507384883209 -0.09264632086231 0.116650247185836
0.106015292703699 0.362980221251819 -0.0185296232644219 -0.0706753926539566
0.00482667223812738 0.306794877511079 -0.0990883784189364 -0.16375600181453
0.0641007262932645 0.338506044934479 0.0287369351853455 -0.277854132798518
0.202683007156695 0.254535007680362 -0.0222684528221334 -0.31231198204512
0.290244754355325 0.10547210222591 -0.0883532785705751 -0.237961894726626
0.266655988963614 -0.0173351014780228 -0.0888438983695369 -0.167366074454928
0.220212160746678 -0.104076561560871 -0.0658661449764676 -0.141040167191302
0.161305350953509 -0.148330977193715 -0.0323451684023553 -0.11755194355913
0.149373335309496 -0.134440776861501 0.0187908036998531 -0.071213323662813
0.140081984117925 -0.133602185833969 0.114772670853561 -0.0488483653937461
0.199679469300586 -0.126535929363835 0.188275010405922 0.00137621269831727
0.253603064796145 -0.0503826037902089 0.229065302052172 0.100224642497292
0.287939118032223 0.0366598820851619 0.151201535530035 0.224199591602483
0.236794480571412 0.186192253393972 0.0132487519704015 0.234439674823434
0.116305406270381 0.312007568768437 -0.100648583330443 0.0578492775267093
0.0449434822345646 0.336247127143015 -0.0152392257793695 -0.179503216961484
-0.0190919270907165 0.227331277336392 -0.103089049489434 -0.277620567067873
0.0390962735410917 0.273161921388104 -0.00870863119841013 -0.329347549988422
0.164356708920818 0.20601539596474 -0.0214237697269359 -0.302551700943089
0.232319782043089 0.0709692515121959 -0.0497486303296901 -0.222150206352093
0.20334559958774 -0.0198816633328337 -0.0205079174218198 -0.185111483057639
0.168531534245572 -0.0803365169927455 -0.00419152911133334 -0.186201652147024
0.12890809398516 -0.110791504119937 0.0213207396891887 -0.172594571795236
0.122225240341552 -0.0926386071952259 0.0706840084981095 -0.123474919875377
0.123078930415715 -0.0875395402129235 0.168763504039974 -0.0940827796809817
0.171797260496958 -0.0703714276856548 0.24102625428586 -0.0250795438413807
0.204630777956335 -0.00486067307328176 0.266523769838942 0.0924616837416433
0.221816756400433 0.0719096269788495 0.160402295901602 0.214647745804022
0.160572713608782 0.193043536024439 0.0125853289512283 0.201065137701179
0.0409026088811723 0.276869738353834 -0.0817355376314446 0.00590259295263973
-0.0199449032696601 0.263132038072263 0.0135153817763027 -0.260947488442334
-0.0521171343406827 0.109964462895609 -0.105754189212283 -0.345039769667536
-0.00440628999073955 0.163384790283895 -0.0411838478330579 -0.340734210548279
0.0858670604023978 0.124435193407584 -0.0154811930587172 -0.285959630500907
0.123011458581436 0.0344186586719335 -0.0226916602958822 -0.219020282436065
0.102188232600963 -0.00542661941051663 0.0146902965222886 -0.207555041061997
0.0919250421731043 -0.0326975511794008 0.0265261507177935 -0.217051814050143
0.0788991971415072 -0.0500770897661611 0.05369335390939 -0.206427679093054
0.0764865262984125 -0.0371607951829144 0.11160283917487 -0.154569260663666
0.0819431015881414 -0.0341807770097931 0.214943794824644 -0.115599660375222
0.110862768332472 -0.0209452798697494 0.28441951734906 -0.0266501035191025
0.125001438839065 0.0166557725658904 0.293996380216881 0.103794683491634
0.135519541143916 0.0707877900262144 0.167070901231414 0.213337880339049
0.0822623626324094 0.158127053031091 0.0221964249520778 0.174589865909901
-0.0196326519069541 0.195871821805763 -0.041897137909705 -0.0220081138754215
-0.0674623238722303 0.14935700649338 0.0580927152920335 -0.299866310510852
0.0763917119647499 -0.0150116382640379 -0.0544037371967482 0.327014760014752
0.0346208272618495 -0.0886486599133453 0.0579737105212021 0.0644895651638878
-0.0444265602051507 -0.081766517332469 -0.0161043537029969 -0.182841185582948
-0.0630759615437081 -0.011865281357305 -0.166011387405278 -0.253813101371523
-0.0382994860816059 0.000947633250891621 -0.323114326086963 -0.135043393655107
-0.0294702509758955 -0.00678671736203226 -0.342844115226073 0.0223931845922219
-0.0308898994591744 -0.0136766150958313 -0.264484840461336 0.130655356996968
-0.0198264306444203 -0.0257303863835214 -0.154064472342987 0.202857870426359
-0.0286345609846407 -0.0328260341723181 -0.0628103280837702 0.232045648498739
-0.0182671221080635 -0.0455667226993468 -0.0191611318372018 0.253281995673519
0.00351186285631016 -0.0317093224166497 -0.0102855935822739 0.247049914137633
-0.00928171002549099 -0.0258720315046111 0.00640469571765946 0.260385277220096
0.00344769813074924 -0.0492949691003831 0.0119941530818881 0.28119251648985
0.066828859763314 -0.0336373756170281 0.00354059228785353 0.30982543184904
0.0847947207128831 0.0190640464477471 0.0850789297030917 0.356240626008514
0.0756844014243384 0.11563762780115 -0.0881542647935158 0.302365646512444
0.0523277398210068 0.0423939911038342 0.0386455462798358 0.0370897264832353
0.0183885708132911 0.00945743226779475 -0.0340494723444593 -0.196911245508771
0.0271411945129498 0.0370694239428589 -0.170401287678589 -0.253818744342735
0.0578566768516587 0.0103748154800804 -0.312141914448184 -0.142584863762236
0.0599965700352997 -0.0351852689796012 -0.331629852104139 -0.000495834871024857
0.0390310222365404 -0.0696334220581122 -0.258848883516583 0.108293255065792
0.0432012337917662 -0.0871511482428148 -0.15219499033819 0.181211936900422
0.0271527182564481 -0.10104542591844 -0.0502725665262096 0.209449416913313
0.0628244553757856 -0.118044027460579 0.00593918867975806 0.23496725107565
0.11491991156261 -0.0732029273741377 0.0256264772487051 0.248660165871091
0.128699131903687 -0.0230830276110801 0.0280497549887062 0.27533746042063
0.120687121808912 0.0263277706629686 0.0127915464542344 0.285783091029371
0.131487759270666 0.0963817607425383 -0.00556399382431194 0.268799790564467
0.126486608075073 0.165656443076234 0.0674600537330784 0.286014694115589
0.0624066824324859 0.230432209074572 -0.103047164984054 0.228959806793019
0.0617809957987926 0.176755937223598 0.04428699305353 -0.0231754293555716
0.0840218817964363 0.111632481655217 -0.0385433342993375 -0.234340620453976
0.126620029163958 0.0840893066640667 -0.171828820205776 -0.260324480656773
0.154353481172819 0.0153003570413308 -0.289055755465708 -0.145450536362286
0.144577943441905 -0.0634511401474791 -0.293597535492228 -0.0233963833924779
0.103472514148048 -0.118433450567981 -0.225612601826165 0.0686558046810362
0.0990839813104153 -0.136687656783703 -0.129899360682454 0.13341613646581
0.0745980419483742 -0.152696518482025 -0.0217351810799004 0.156749642649103
0.125514029749129 -0.174570219430635 0.0476534627318619 0.186901270748016
0.197878750951932 -0.112715860092857 0.0831308646969292 0.223655158444534
0.238148808099428 -0.0371684418278246 0.069604358875408 0.27949162062778
0.223697426925564 0.0755993134425217 0.0215321056284488 0.291305927798529
0.188155595650175 0.197834356482947 -0.029482760190486 0.225166272913512
0.154815232411896 0.279995885262276 0.037196014351626 0.18020039898402
0.0466572870768533 0.311599566124123 -0.103825423676012 0.114422536089478
0.0724660858688939 0.289770525938601 0.0561798273113597 -0.107604702751296
0.153328097752852 0.202222244872058 -0.0327267587325029 -0.279086729065558
0.22579238793943 0.115108102353107 -0.160608877460105 -0.265687977459411
0.237294223343864 0.00797629520996962 -0.244355169143289 -0.148403769606966
0.209291877427101 -0.0914703024693459 -0.23224785384997 -0.0535183093300493
0.15070170912332 -0.154438934274197 -0.170579082458774 0.0128070458519093
0.138775234063043 -0.164746288285455 -0.0898044705064007 0.0680622250601615
0.112013043284129 -0.17768871155932 0.0171128627754736 0.0867624230997984
0.171191359045362 -0.19871861947546 0.0940527965397339 0.120166590519117
0.252439111561949 -0.127365440583859 0.142249740369645 0.17944317522374
0.306667219009737 -0.040962091691257 0.111168977439134 0.268650186868171
0.28766609178393 0.113903478262983 0.0273255031431435 0.287685335758809
0.211946697194058 0.270508635519018 -0.0637950992216922 0.17794657877388
0.152946980521344 0.353159914321047 0.00220553736540376 0.0561384009809258
0.029281930754638 0.343184897725433 -0.101378389462016 -0.0263551467489728
0.0805466014419129 0.354567320378954 0.0530291506911378 -0.20270021826392
0.204011857925124 0.257900983189374 -0.0274471412444045 -0.312068066645297
0.295228193612978 0.121615342233729 -0.133401231877094 -0.261876591036826
0.284426961034598 -0.00916183469084063 -0.174516699306165 -0.155527848932018
0.239543751962328 -0.112391408934921 -0.153072964516213 -0.0956183922789479
0.171308888346871 -0.169803518271735 -0.103245145657059 -0.054440981012437
0.157747569302025 -0.167022430625866 -0.0382054694121888 -0.00517442009669062
0.13717464758361 -0.172851221673031 0.0650056464028517 0.0114119990844313
0.19985385464225 -0.182712349148578 0.143203070321024 0.051210173136573
0.275332309147693 -0.106987007672771 0.195242976441051 0.131791924627046
0.327560762941497 -0.0166041845978484 0.1426658912731 0.249316998234167
0.296092627446727 0.153508503651944 0.0250376773103147 0.270406957089263
0.190108980736452 0.314105257951668 -0.0932628857752522 0.122607701787845
0.115318905520562 0.37609523633598 -0.0208561038713374 -0.070341055812705
0.0106692057005641 0.316684045223083 -0.103409001476665 -0.169738809857596
0.0736558870368383 0.352370451838635 0.0262301646380257 -0.287420320278347
0.214059003791024 0.260258620570569 -0.0275252785297579 -0.322349670802072
0.303636881403543 0.103594919124787 -0.0934068889944568 -0.245521026837112
0.278091448710161 -0.0234475942822468 -0.0934711551044728 -0.170083665356253
0.226420054567171 -0.113562991840454 -0.0723932288341068 -0.146343757730887
0.164443394942201 -0.158460192220526 -0.0372013243803701 -0.123701660540144
0.153276681298501 -0.144829719134239 0.0182612888427357 -0.0745931366978136
0.144272001800461 -0.142052012758071 0.119681046736909 -0.0549306402585781
0.205409502322179 -0.136625368891516 0.196596567818514 -0.00232827200134046
0.264282202654921 -0.0585780883410922 0.2412606909777 0.0989150778306605
0.300635487646254 0.0311869321033183 0.160289735738125 0.231266638113913
0.250526096733232 0.188959360318334 0.0188333039600793 0.241015196546782
0.127229957439326 0.323696872219636 -0.10317043979995 0.0623060099381016
0.0518235711976612 0.348426328345198 -0.0205219471564361 -0.184347233468093
-0.0152804862546026 0.234288394848017 -0.110580496974701 -0.288260412022234
0.0466076152408568 0.283654478753828 -0.0141999942755786 -0.341016333068578
0.173423660941277 0.21055944526186 -0.0269831012507815 -0.312453869721446
0.242242634321586 0.0692553731923861 -0.0532614855516888 -0.228924700076161
0.211703762376331 -0.0256657651779947 -0.0233105709703216 -0.191188835058978
0.172736581968515 -0.0884902574003309 -0.00914030894062904 -0.19521790075306
0.131066509882102 -0.119254644484318 0.0164112332786785 -0.183016017121622
0.126302584148558 -0.100761608168175 0.0712234834650161 -0.130581847698913
0.12802575916994 -0.0933943655337299 0.174560483577471 -0.102625826656938
0.177396380077681 -0.0771429053716046 0.251319491538967 -0.0308954492343211
0.213475649214102 -0.0100343527148776 0.279816167199485 0.0910507065122616
0.232029680522812 0.0692004016856972 0.170850362009941 0.221759698145291
0.170891385426378 0.197254349121459 0.0169729987346437 0.207328342646576
0.0477216352035245 0.287852566996977 -0.0840793296057571 0.00720833940361555
-0.0163300252210882 0.272511766236972 0.00682151599980899 -0.270210715073793
-0.0514197018003387 0.113389860184752 -0.116085338165039 -0.358655917682606
-0.00107991035449826 0.16936371296361 -0.0482936094085716 -0.352580122334919
0.0908930358870245 0.126993452450923 -0.0206067175061106 -0.296210850914208
0.127561557136815 0.032546630716593 -0.0254177663482346 -0.225886810273225
0.106152176906382 -0.00916149935927637 0.0133133108997653 -0.214638551228432
0.0936226650736565 -0.0363484786041643 0.0223328031877928 -0.228504891912505
0.0808846626663663 -0.0540496984507734 0.049340565645552 -0.218051041999055
0.0796944069137444 -0.0410111115672017 0.112140452225931 -0.163414850173963
0.0854846761098559 -0.0366060065789603 0.221033798262382 -0.126148170299015
0.114124008481 -0.0243679239826183 0.295791347155527 -0.0342615842813951
0.129710317564006 0.0147076966624232 0.308839340667736 0.100875948689382
0.14156667030133 0.0699768513462302 0.177391709824524 0.220534817916427
0.0881009380922597 0.161755362963372 0.0264463083977793 0.181009048436507
-0.0173034074410247 0.203650288836568 -0.0436508266717608 -0.0224087789340933
-0.0660677602003159 0.154595443883206 0.0526369888344037 -0.312629568402283
0.0785120189020687 -0.0168699419647482 -0.0425029288779464 0.346252459493796
0.0329019423541877 -0.0937661363950729 0.0645902654450937 0.0668844130891017
-0.0508138633586901 -0.0836900598833543 -0.0251621951921574 -0.193831637152934
-0.0654071056971199 -0.00949454234442907 -0.187821158135153 -0.262683482882082
-0.0398743351001906 0.00320829860884604 -0.346225264465081 -0.130858849146044
-0.0310088361930297 -0.00495448075748791 -0.360687476918164 0.0398631758486733
-0.0326939036187753 -0.0127750922557102 -0.273288801030163 0.152111022476844
-0.0221238395688861 -0.0269075832322918 -0.152747418256367 0.22213920532492
-0.0316179250541272 -0.0332825938335442 -0.0557732109573152 0.248951420010285
-0.0212905401981481 -0.0472081201559319 -0.00929600171322255 0.270103781974619
0.00364338378852838 -0.0336852488761763 -0.00203903590460104 0.262895814639107
-0.00970635435934858 -0.0259757861651299 0.0166238317817205 0.2739795339908
0.00208891620653307 -0.0505164101290018 0.0217647070215365 0.295327113256432
0.0698135760743104 -0.0380015390784927 0.0142544147552015 0.328643113373929
0.0900697547617167 0.0188698793136573 0.10656307620323 0.375374693446568
0.0835484898875355 0.119912948092169 -0.079433068369215 0.321408629257354
0.0572813307808039 0.0444765567026382 0.0437928490641722 0.0390876465276923
0.0188858417236915 0.00956271746076921 -0.044129353759277 -0.207052499264151
0.0315551966552593 0.0378811836740537 -0.190278012428296 -0.263601845506541
0.0627560196289476 0.00865400623257564 -0.335987132086078 -0.138676787495092
0.0625041967553346 -0.0402426243648481 -0.350067464856873 0.0155419659855284
0.0382826814420237 -0.0759852087245521 -0.26879330604827 0.127794242205094
0.0420846230613333 -0.0958081900853299 -0.151709667784694 0.198792467314626
0.024386902285509 -0.108513896878688 -0.0427049371940261 0.223583496430475
0.0609739880320831 -0.128329117136537 0.0168341923414645 0.249582523553451
0.120151929815672 -0.0829225366918422 0.0369652346309527 0.263155756574309
0.135910502407316 -0.0294109643055086 0.0400858329028894 0.290206685098608
0.129702671505662 0.0249206955479777 0.0231091243817816 0.298349728320255
0.144417627791577 0.0974929791599936 0.00360737457642752 0.285442481996557
0.1401080185675 0.171442286509433 0.0847437876572224 0.302494421867491
0.0744326273364671 0.241039211108644 -0.0977169099873647 0.244940182557562
0.0732427784445633 0.186262031670222 0.0474941307013412 -0.0244278446786075
0.0922007973806669 0.11455554344767 -0.0498076012924241 -0.246679587366913
0.138184179951958 0.0833755983529996 -0.191661140633942 -0.269490546135781
0.165007907419669 0.010016245623787 -0.310075933709377 -0.142304150166697
0.15075675312717 -0.0737495762033612 -0.311626189294636 -0.0117068898229559
0.104226648836444 -0.13115105240428 -0.235598638722055 0.0827025416395603
0.0986768009524445 -0.151583902875914 -0.130318447767813 0.146703243664721
0.0735178540786434 -0.166127117888924 -0.0146578880350578 0.166280218000014
0.124609005680197 -0.191068160714224 0.0592072193643981 0.197223894266047
0.207165133768671 -0.12859944251276 0.097136750514409 0.233792866769239
0.251863892862622 -0.0499333568207577 0.0844288306808669 0.29305307580324
0.241201562668082 0.0722627647281264 0.0333366409395065 0.303781551173193
0.208547030484658 0.203385579689781 -0.0231673841227537 0.239808239812889
0.173668804880389 0.290987083732999 0.0476655505808035 0.192112962310326
0.0606252617451467 0.326680725770966 -0.102931551409145 0.124172835225493
0.0894730630246089 0.305489138645693 0.0574362921218008 -0.114002971657061
0.168473633105371 0.206962717758954 -0.0451947861688967 -0.292984392471054
0.24486899867628 0.111002280025564 -0.178958300535556 -0.275526158775118
0.252872137391247 -0.00240551033574617 -0.262008952652847 -0.145638903682402
0.217369488863795 -0.106860535664419 -0.247489425374652 -0.0460989366892526
0.15166291763685 -0.17131195509696 -0.179722390557921 0.0201599857046223
0.138901688467971 -0.183772173274674 -0.0913962939917034 0.0760636859511424
0.11242422647186 -0.194178975701265 0.0231295192094139 0.0897859829610458
0.172013668325037 -0.218647360646754 0.105965685100216 0.12364881042242
0.263776355355588 -0.147045464276398 0.159018864786261 0.183925450197478
0.32378029241644 -0.0580571397299003 0.128350420792922 0.280842332991878
0.309993012520319 0.109203414773067 0.0400145589752029 0.299756398667058
0.23722443192384 0.278953665658003 -0.0603047898540037 0.19058198400261
0.175127861253411 0.367668021394559 0.00462950923281113 0.0621141789705828
0.0432774218059766 0.359745535845833 -0.105387485157696 -0.0249209818498774
0.100070629335373 0.373493342847775 0.0500986986048159 -0.214502406302005
0.22446744074549 0.264140264628617 -0.0407629442699786 -0.327226111562148
0.31748386896115 0.115910005729931 -0.1493296719209 -0.271830650097552
0.302690961085487 -0.0226466604797016 -0.188652687160281 -0.155985116712834
0.247844854451549 -0.129854187001567 -0.166006286773567 -0.094319354634043
0.17377178675887 -0.188959653721707 -0.113097107296671 -0.0540193429328449
0.159701724391716 -0.187263573675382 -0.0397792368029333 -0.00378321745694973
0.139568898277527 -0.189788532425984 0.0704750759791552 0.00839945289724602
0.202508593995728 -0.203408146937812 0.155410588351103 0.0484928844753665
0.289166615729707 -0.127248995409791 0.212655131098434 0.130821951531183
0.346237268546954 -0.0337470726860324 0.161459927947726 0.258994205323224
0.320770314258878 0.150442451641626 0.0378584478106715 0.281623770752643
0.215134910546721 0.32688418181333 -0.09289020535267 0.133122784993567
0.13623580475893 0.393382749631575 -0.0260061008073214 -0.0707671819029742
0.023779190107022 0.331806776255967 -0.113752774622078 -0.176008281383442
0.0933041885076268 0.37022397206906 0.0179862698947228 -0.302725388853025
0.236406381281281 0.266173058078743 -0.0399006440687378 -0.338103115434159
0.325546643282449 0.0965093990258059 -0.106820020302828 -0.255450633172963
0.293606315746046 -0.0378022629841963 -0.1029048071792 -0.174248397136534
0.23338314946294 -0.131485274946517 -0.0830087396801393 -0.151673554592105
0.166109387389864 -0.176933093797762 -0.0473267299004215 -0.130953669168587
0.155625737461457 -0.162963336367167 0.0160230793939122 -0.0797302590116155
0.14830845841492 -0.157512125717409 0.124419273142979 -0.0646643054245118
0.210758931224588 -0.154553395783637 0.209064330687781 -0.011481863501454
0.278332384128881 -0.0755657403409339 0.260806344597026 0.0942586948082306
0.319668843346868 0.0175543275577057 0.17959130371726 0.239516786883432
0.273480205763157 0.189251915133417 0.0300613111596522 0.251322002747391
0.149314817860343 0.338751278004554 -0.105898387187033 0.0694234484668712
0.0686883764696352 0.36634025391074 -0.0311710143410114 -0.191978270696837
-0.00652396633588035 0.246660389535876 -0.126983596791867 -0.301281211121747
0.06195819546491 0.298033176836354 -0.0271420326045386 -0.357795178469865
0.191173774930206 0.214971888075708 -0.0397635975668833 -0.328024521807996
0.258808659390126 0.0612449190673014 -0.0631506235424259 -0.239263960433421
0.223017150121596 -0.0374733979895054 -0.030204132345377 -0.199397261832121
0.177793633122063 -0.102229962529789 -0.018559195967217 -0.207453251305098
0.132712765499073 -0.13257931307066 0.00664377368358561 -0.195248074179902
0.129623809997264 -0.113791621170603 0.0694234278658555 -0.141153905537463
0.132136475501101 -0.105345652248407 0.180641563096438 -0.11806160138788
0.18330775949084 -0.0904548809038374 0.26480176023576 -0.0438471063752448
0.225671549555292 -0.0209159539394001 0.3011419614246 0.0834438073279851
0.247382439602145 0.0613346098266567 0.190581946441288 0.229432909586846
0.189061130031902 0.201458982275315 0.0269155456070402 0.216595163726766
0.0631947227768246 0.302845005463144 -0.088278603982982 0.0105980768556998
-0.00586005243593347 0.287192029640766 -0.00669558392043327 -0.283661900513383
-0.0495166349593818 0.119888226528712 -0.136716110595535 -0.375250932513597
0.00647486098474164 0.178191903999807 -0.0654635840732089 -0.369083732289966
0.100754149883612 0.129827328868786 -0.0326605767845909 -0.311104809868405
0.134798858942394 0.0282012165498069 -0.0339714828036998 -0.236522442464878
0.110977272578813 -0.0152700440390999 0.00664113625162087 -0.226701010653398
0.0960235600310357 -0.0432581374413352 0.0129399888844721 -0.243521125565139
0.0822502197962439 -0.0615464403926112 0.0392539333950073 -0.234299575828919
0.0831016218329969 -0.0481517637760276 0.110719809833316 -0.178694135065405
0.0901208236238938 -0.0424840328980284 0.227764858952369 -0.144656445640167
0.119321575595818 -0.0308988827435163 0.312096897286472 -0.0495212113321177
0.137744544777665 0.00896772379054241 0.331192551160875 0.0934936161820349
0.151669145422841 0.0668302597580271 0.198156025879885 0.226742958995595
0.0999624974617526 0.166478871449923 0.0356858576655913 0.190440979235527
-0.00940597649527877 0.216318211954992 -0.0472014914654083 -0.0222061012702342
-0.0635078234820385 0.164675796514567 0.0395922582157264 -0.33147468962283
0.0804079433118144 -0.0215174247758203 -0.0184427668694852 0.365190494203246
0.0282810517363909 -0.0998469436288443 0.0742078952582393 0.0667337594696643
-0.0595637678051974 -0.0825731126436764 -0.0417031386040304 -0.201998670351477
-0.06789959504944 -0.00535946162283531 -0.218136314892753 -0.26319131849842
-0.0404446705798358 0.00712535985246305 -0.372523540118607 -0.113096087835458
-0.031884958784414 -0.00246314452683055 -0.375586722063668 0.0714142572142952
-0.0345885565641045 -0.0105734645311119 -0.274742169925664 0.184110954806582
-0.0253362712796687 -0.0267460740956861 -0.143026159257722 0.245242512105272
-0.0358540667440775 -0.0328939238999613 -0.0383781345393196 0.266333194427006
-0.0259221665505265 -0.0480696861542816 0.0107234220062099 0.286681243821543
0.00230707450511686 -0.0355878641133866 0.0156708031696692 0.277833819723256
-0.0115106255724921 -0.0252994566603977 0.0355205691709628 0.285655006290241
-0.000494831073672534 -0.0515785938048178 0.0416268690542734 0.306791763720983
0.071225275604341 -0.0451914047008906 0.0362598903608329 0.345334553819748
0.0959929611514493 0.0147272713254433 0.142573235875187 0.38956912997143
0.0952217183247429 0.12086927094809 -0.0581804034771083 0.341866243508129
0.0648195628603187 0.0441061483156089 0.0503507649625858 0.0396565906504786
0.0199923028809389 0.00924879436408513 -0.0617904524818202 -0.214247175321293
0.0380941160444243 0.0365428556199022 -0.220080546161404 -0.263412028033258
0.0681842363815709 0.004346355446065 -0.362124942963988 -0.12265448925471
0.0633196863629427 -0.0469635378995842 -0.366324115510934 0.0445188329624665
0.0346367790594241 -0.0835047198536778 -0.271334747757481 0.156009652794647
0.0366108411883673 -0.105641108899592 -0.143170211876244 0.220913286858272
0.0178784995101763 -0.11658839106775 -0.0265544412370895 0.238220698147369
0.0545160666539798 -0.140557473476297 0.0375942750305317 0.263637675441932
0.122205420238093 -0.0971163088901511 0.0582260626688315 0.274895771874575
0.142373509303005 -0.0411792557668411 0.0627480958065162 0.301171967995603
0.139330583386494 0.0177309136152329 0.0435904012207708 0.309483779723688
0.160397630726126 0.0928935373498571 0.0229854350976871 0.300118332626827
0.159188178867671 0.171531812583216 0.113170215199775 0.313768628420096
0.0941544920298168 0.248086187309894 -0.0824918505718117 0.263085899507719
0.0920614082919451 0.192562296530442 0.0500066664853527 -0.027310965064319
0.10345506393583 0.113731142970535 -0.0690388195844064 -0.254755886186626
0.153360635228992 0.0764439050902646 -0.220522201302858 -0.27045409211585
0.176055083396306 -0.0029424344210533 -0.335283202030214 -0.126373012845968
0.152790826295834 -0.0896586050199469 -0.327830266187511 0.0126874957883897
0.0993271028696332 -0.14712515672618 -0.240366104337854 0.105658983952161
0.0913528605858954 -0.169199893874822 -0.124192382531513 0.164231013683455
0.0650341520095913 -0.180992063879721 -0.001451818713089 0.175337729174566
0.116138831826486 -0.21150423013481 0.0789192767229378 0.204402581075764
0.210217697559617 -0.153196957401371 0.119863267424567 0.238909182434457
0.262447898784614 -0.0724523001486431 0.109836655397261 0.302177874058127
0.261360055261121 0.059212718483183 0.0553383328946474 0.313726890997333
0.236602817370274 0.199961240848827 -0.00741632854393132 0.253783709116791
0.203868436956439 0.294977839612108 0.0656627739553525 0.201065378259469
0.0858085376616675 0.337867353380336 -0.0960827256759886 0.136042654752848
0.117681264756532 0.316188609038038 0.0539519511215282 -0.1213960600611
0.189904632001046 0.205900958134382 -0.0675733814049209 -0.302981269872699
0.267384565905327 0.098090607105032 -0.207288190110951 -0.277884306734216
0.267193329430834 -0.0226597357309325 -0.284344261548993 -0.133544511362994
0.22030837851168 -0.130116357317217 -0.263580299187142 -0.0290292634060595
0.145665201926581 -0.193939398179056 -0.188002637760767 0.0343294467573121
0.131834476788805 -0.206075629641345 -0.0892759006190571 0.0867995886767269
0.104516546266808 -0.214528663914582 0.0323032654011061 0.0913134192132556
0.163239205254614 -0.244872737805482 0.122407050464959 0.123225920832067
0.268445649290397 -0.177345767555412 0.180988589522891 0.18138643773741
0.336940337905021 -0.087493818045155 0.15649352650924 0.285733643157521
0.336607048384335 0.0927874462883444 0.0625399336101666 0.308656794713869
0.271844174861503 0.278017120739585 -0.0491719934696553 0.204644906156205
0.210258156856445 0.374071506348203 0.010170271765448 0.0681152001191579
0.0710941184321976 0.373327079926442 -0.109687306918822 -0.0203569075811912
0.134486973297731 0.385873013002268 0.0395125573359777 -0.22646089832883
0.253216975390329 0.261408825529238 -0.0646538381366143 -0.339286014898291
0.342880369720934 0.0972239625774262 -0.174430370587396 -0.274930231249647
0.317285892291744 -0.047461803768789 -0.206423373495636 -0.148650790009564
0.250146032032941 -0.157061498004961 -0.181276234765284 -0.086292754059358
0.166877442687908 -0.212827493691898 -0.124310138396216 -0.0486500503585966
0.153270379160552 -0.211602533021204 -0.0420257543341452 -0.00056504800383848
0.133470568769028 -0.212185442146675 0.0754560102430982 0.00094146032489223
0.196928337930839 -0.231284156626664 0.168681390925121 0.0395845897345005
0.29636675026303 -0.157613266750192 0.234817078572214 0.120891339184556
0.362042437703953 -0.0636267005773672 0.189101073060335 0.261295341037707
0.350191143677179 0.134303332303348 0.0599658030542924 0.289802243862591
0.253361668339351 0.329758473354541 -0.0876251752984148 0.146422812790385
0.172600639997745 0.403290326732911 -0.0333289449926032 -0.0698968672266859
0.0484005090842033 0.345532509499815 -0.130406850199207 -0.17936375340602
0.127038927994049 0.383043819044251 -0.00144538211757775 -0.316997568916858
0.26576374048888 0.261501562271368 -0.066551000218033 -0.350958486235982
0.349482387365612 0.0758933606726699 -0.12826327426917 -0.261021262514945
0.306986246920483 -0.0637666063119704 -0.117675664171608 -0.174367456587345
0.234859341596332 -0.157288552009178 -0.0986485618642811 -0.153561652541673
0.16026206208873 -0.200170847938576 -0.06216851125546 -0.134675718363563
0.150912763172076 -0.185800570210816 0.0109661552155405 -0.0845766062373215
0.144749874457035 -0.178066897907651 0.126583675249498 -0.0798323929604099
0.209356536982006 -0.180016651094943 0.220162891935458 -0.0282071438730744
0.288151832570876 -0.102344267638714 0.282254512729712 0.0793170273552603
0.336882755643747 -0.00724456175262796 0.207421312955567 0.240260989026395
0.302556847560862 0.178610536728207 0.0506810464274791 0.259296717236465
0.183812847120194 0.345541719934552 -0.106043224776398 0.0799941706346738
0.0999254296726301 0.37994082833806 -0.0488603302742739 -0.196734434255176
0.0103828345299715 0.257194640724958 -0.153535563305403 -0.30885051947165
0.0881815365907669 0.308228079406084 -0.0537784090374813 -0.371784548581075
0.21637483470303 0.210548903042997 -0.0639994777660396 -0.340312150804726
0.275955147678571 0.0444503291165219 -0.0810407336677424 -0.246016919818957
0.231928928056776 -0.0579350079037675 -0.0433731072934549 -0.206416444676622
0.17752277983938 -0.121741248070408 -0.0352647568935635 -0.21680025672155
0.128069489057534 -0.150408989438106 -0.0116444052425723 -0.206489610187534
0.127271114133232 -0.131768601583687 0.0617096295097063 -0.154010845308872
0.132029843197963 -0.121708217957681 0.180728958368408 -0.139588894618328
0.185718717832745 -0.109916299473497 0.275675479849195 -0.0673658292063313
0.23615419593503 -0.0405227371312567 0.324401709178651 0.0644759439164336
0.264193098069629 0.0440860017510798 0.218791097415034 0.227600367606544
0.214145369386222 0.196337622787526 0.045050767380343 0.224450926643668
0.0896666455249343 0.314592197896334 -0.0916019317330451 0.0173127129832927
0.0154570053145081 0.300858834345434 -0.0312038189649948 -0.29544283014452
-0.0428521375448857 0.127369214286347 -0.170307823737512 -0.38540581800956
0.0207226613330438 0.185557849207363 -0.094945474777752 -0.380734991825005
0.114959106219077 0.128028687684863 -0.0553222275306084 -0.322540310553184
0.141871674663407 0.0189469118083262 -0.0504589470491453 -0.245173048743019
0.114373834438783 -0.0258780522625975 -0.00773683676453315 -0.23847776667154
0.096607737237602 -0.0529425104737468 -0.00637987352184533 -0.258789002173239
0.0807300532361901 -0.0706046917973517 0.020090270647575 -0.249513830874056
0.0838339233451435 -0.0578481898883476 0.102374139196419 -0.196732804782002
0.0921671374305752 -0.0523449422025326 0.227674428098876 -0.170424852212501
0.12329810520504 -0.0421106218579169 0.324395455322383 -0.0766089054883019
0.145408186006279 -0.00132859255753381 0.356521631312766 0.0727571746775043
0.163399717835586 0.0584830741002912 0.226482605288744 0.224847529822321
0.117596759378883 0.167471321629002 0.052155661902149 0.196752269216509
0.00657026120623314 0.227941119460622 -0.0513272027793443 -0.020583298066923
-0.054702716417031 0.175875491608864 0.0119420649870493 -0.348874774495779
0.0879095765094806 0.0128853588202858 -0.173557864974063 0.334889736053576
0.0681415691757947 -0.0825838993477423 0.0400400704258512 0.0980396585508133
-0.023535563645113 -0.0990241404393869 0.0453211814216695 -0.203169827686972
-0.0596876590114929 -0.0279598989513102 -0.0954472047956427 -0.338762313928736
-0.0384085535533002 -0.00447495808760339 -0.3032200829584 -0.263566325661038
-0.0269995269011529 -0.0112443393887362 -0.381593746335083 -0.0921596072029647
-0.0290726569460305 -0.0218453726124405 -0.334013643501735 0.0581718121260299
-0.0126140086028252 -0.0351120679441489 -0.232639908913846 0.171170823125869
-0.0191663984413647 -0.0441927961819801 -0.14359263194287 0.234554661942923
-0.002652979135938 -0.0542146347509849 -0.107056132101623 0.272721372872157
0.0192391222338134 -0.0315158557828738 -0.101328184891992 0.267425680647149
0.00291424449744407 -0.0228458561267224 -0.0892689519593389 0.27870488393897
0.0220148313347196 -0.0434945006596004 -0.095178691288292 0.303205642249361
0.0862277964106137 -0.00718263724864318 -0.120747908903749 0.344851062471809
0.0843303672759952 0.0557175016460652 -0.045980124940197 0.43436948337058
0.0411608331279567 0.153988209995389 -0.197045596847464 0.295677915590742
0.0426631825859794 0.0696982605345309 0.0309197560053812 0.0585195026553443
0.0126391015323094 0.0209554643514181 0.032470732569471 -0.226597871658462
0.0211861155779857 0.0545870039603601 -0.0958947855693388 -0.343377886902954
0.0639908793854646 0.0387923582441661 -0.286341434884887 -0.271657814450054
0.0803868272963697 -0.0146500543338147 -0.36275897012945 -0.115960274731126
0.0665003376803064 -0.0624948288944546 -0.320375564156436 0.0323373416537932
0.0802293920308622 -0.0851681450631782 -0.222803257822912 0.146990895794108
0.0673152040300583 -0.101773727810308 -0.120016728567892 0.212355028179347
0.109849333929718 -0.109666305873151 -0.0702394443842768 0.26274003023334
0.159309368563217 -0.0410458277432031 -0.0567779244048989 0.283887482317139
0.153459314800015 0.0252459744269815 -0.0662971471322382 0.308789575538469
0.124322599411443 0.081389599496655 -0.0945244345611364 0.309484771449782
0.112347648122948 0.160109417425375 -0.117058927669 0.297365732718827
0.0779688080767961 0.229623234324011 -0.0408168678709738 0.349629387237597
-0.0153068718674742 0.272631892834823 -0.181729724704613 0.210170421075337
0.00539523466911978 0.222923234574757 0.0614341224763483 -0.00795647557417082
0.0457710108075225 0.156141493394832 0.044675644838168 -0.272259577728835
0.111941978866845 0.138809314579874 -0.0907207545107085 -0.354339619018061
0.16794025853339 0.0774215663308301 -0.259261954868326 -0.269430809128575
0.182619701026352 -0.0179469579935163 -0.315504394531537 -0.131865408842947
0.153568313266566 -0.096901876424322 -0.269915801964767 -0.00444969082013114
0.159418101834534 -0.123298607561146 -0.182677196616271 0.101250582450501
0.137973099979061 -0.143774249525342 -0.0706606410407512 0.163249511866565
0.197627541010437 -0.152944474850321 -0.00547371347575177 0.224676749101662
0.266979538953404 -0.0584401512487927 0.0196040499139372 0.277697711622422
0.279230254565186 0.0449143420213393 -0.0189704379191542 0.33234802053874
0.220399319231595 0.17222467538859 -0.0848225730264974 0.321390483753673
0.138216810343248 0.292364563675943 -0.127097328473209 0.239754241701503
0.0689825430524555 0.363536580636674 -0.0364966845949226 0.221409766555916
-0.0629434749329614 0.354563683009231 -0.137286727174968 0.0843143247238828
-0.0231450376120563 0.351427429907689 0.106873800117123 -0.0990518226266387
0.0874839937839623 0.280633360143488 0.0688717204631736 -0.32029892767734
0.208404428465401 0.206671244686862 -0.0728059046678618 -0.358422407511968
0.261356156161539 0.0970488694758439 -0.207934528678068 -0.258550089938149
0.262241595011229 -0.0293355747515898 -0.238901306560684 -0.145489934745908
0.216737349341636 -0.122350435970219 -0.192633552544755 -0.0493410206993325
0.213276334254434 -0.142464275909153 -0.11840775933542 0.0417868385027226
0.189022808421841 -0.159338621522119 -0.00408447365062852 0.0976888859666471
0.255552433416267 -0.166191319920432 0.0688884627920627 0.16638636854274
0.332321454811669 -0.0592402727749293 0.102213867178053 0.250901382639536
0.355382920875889 0.0595466716659318 0.0334329843058229 0.339341714586539
0.276990689735258 0.235314718020656 -0.074238576465242 0.322277098070172
0.139083248205221 0.380100608490802 -0.147264104824982 0.174201497527307
0.0408680563750581 0.440700272679976 -0.0290977269732612 0.0699527756397116
-0.0930751690954361 0.382028045982113 -0.0818237335378923 -0.0695462452859328
-0.0378089423931291 0.425921333844882 0.138148700414563 -0.20588281670029
0.123550440681071 0.359927473897198 0.0869989041076991 -0.355419441685422
0.279484994542925 0.237496060780033 -0.0437041275412632 -0.342942989572611
0.319398726097426 0.093845064318166 -0.128792922340837 -0.240919580790311
0.300322329321021 -0.042292654691437 -0.137745596453347 -0.163953545000151
0.245901729827467 -0.133239755815124 -0.0986715846545949 -0.102041008275281
0.236266634190005 -0.138635363761828 -0.0381275148096603 -0.0205964380587956
0.214565796062647 -0.146533690557649 0.0725212738050788 0.03140618930857
0.281166859184296 -0.14107809712046 0.145994585953416 0.108279785285145
0.351117474321604 -0.0292285853861522 0.178347934174357 0.217078351400141
0.368252745813096 0.091487449354786 0.0748013059556918 0.332532702895358
0.27208752470976 0.280173997620289 -0.06848661684178 0.304858244054625
0.099639160649417 0.419553213075616 -0.158068639540313 0.10128858547469
-0.00709992021803897 0.450288427837268 -0.00811108220107327 -0.0805876517176903
-0.103286705777162 0.347688696173761 -0.0339777535334859 -0.227846161841076
-0.043195947923077 0.420254803543758 0.13788997499323 -0.308382303572129
0.136632827446237 0.366128268688138 0.0910001262874937 -0.366509844548333
0.292902934162201 0.218720089288591 -0.00583975323172602 -0.309501525924594
0.313954958196517 0.0735564136448657 -0.0353043946040991 -0.22659665852755
0.285362708278097 -0.049529189690795 -0.031642593608885 -0.19215567830392
0.234171127826959 -0.124319974984476 -0.00485087316129929 -0.155238475359182
0.223538958820955 -0.115209661498973 0.0456094477697055 -0.076693384817577
0.211272784714302 -0.110102844013091 0.152824087247872 -0.0229442143640885
0.271955596158526 -0.0884683739778842 0.220657852166792 0.0659902721675059
0.318609739289909 0.0192986559373152 0.239476081539763 0.197158905707819
0.3212920846003 0.13212347339075 0.100874955497832 0.321437910602978
0.208966445725211 0.299272444561223 -0.0656309412333723 0.271169447480472
0.0268503494932746 0.404512419004853 -0.145479562162908 0.0286862947778933
-0.0653551607434405 0.396676319529851 0.0353654804913752 -0.20784206680932
-0.102302090911873 0.249184796566317 -0.00464639495734926 -0.359528843282026
-0.047512224264989 0.334748661389385 0.110790932558452 -0.380568122901826
0.111098669338372 0.29546556825104 0.0883224569221919 -0.352952802809507
0.236224374670543 0.15935573822725 0.0310911574232598 -0.273796672346717
0.23968268094759 0.0446522955750613 0.0484447523282209 -0.22219145727205
0.216088604758871 -0.0410281169971531 0.0563949832968047 -0.223223989496216
0.182861069107559 -0.0917175972320999 0.0732857631614383 -0.200530010995153
0.177927171272726 -0.0736227418868575 0.12115148497957 -0.119825101154513
0.174752822148614 -0.0626822340263635 0.227078621702031 -0.0568380882723395
0.221686921101504 -0.031949525560729 0.287894870221754 0.0514247660468424
0.243189145833498 0.0568071797649437 0.281699442153834 0.200099038983539
0.232053432408263 0.150475883366331 0.112794097016561 0.313528717680565
0.118395313596298 0.277715975309109 -0.0560607885267326 0.235688709772407
-0.0475466580242543 0.333070841308453 -0.103113960954998 -0.026684211251758
-0.1110294001845 0.286881624672144 0.0984116147950832 -0.292400976825272
-0.0974930445488656 0.105214058394299 0.00815570266426112 -0.439595817964188
-0.0600044195321798 0.189378475710304 0.0760155398361046 -0.402060273475767
0.0513400624543307 0.173265215331161 0.0884645710253475 -0.329843720206264
0.12151246613975 0.0788621346124605 0.0581953556334081 -0.255413429633159
0.114204430712066 0.0253647115488712 0.0953837855870921 -0.231195354700763
0.109546396325273 -0.00926216208873966 0.103251398050357 -0.248074145861683
0.104165094559392 -0.0360180353013773 0.121179140058066 -0.226080244767115
0.104990042003492 -0.0208691901188368 0.174895744711231 -0.141759915017944
0.108620862665706 -0.0136688292628152 0.282398314769707 -0.0668917676870977
0.134318208262832 0.00761536943710507 0.334534599813877 0.0621534183828
0.139572109980404 0.0567156033133094 0.306781048411577 0.218981461696822
0.131466010203108 0.122355281188941 0.118526252524407 0.312718414916434
0.0384612825153338 0.207988672947145 -0.0374341181253667 0.21181320857118
-0.0889252670960612 0.216188033556806 -0.0458090037267752 -0.0453330515064033
-0.125181135112755 0.139964320242054 0.164990760576678 -0.322373565292819
0.0878824881402689 0.00803369231753328 -0.145046502306447 0.34891469772226
0.0624921539152064 -0.0867313912539664 0.0496602098504992 0.0976011460588115
-0.031206295582276 -0.09596995518973 0.0272616462866619 -0.206094594056562
-0.0609703948068382 -0.0230279856181465 -0.125628465921659 -0.331665642630443
-0.037172200520569 -0.00129428215738614 -0.324504333492951 -0.23992726311435
-0.0267165083667268 -0.00849617215171076 -0.388565166466599 -0.0586280592605539
-0.0298066228058216 -0.0185107282007648 -0.328394927817505 0.0898547939925637
-0.0149879157779423 -0.0347193222557428 -0.218138769400726 0.191836675350515
-0.022336803189653 -0.0419131638612453 -0.12327032783611 0.248242998577552
-0.00714471389795894 -0.0536577112128711 -0.0832301119490338 0.284186918617265
0.0184196932906474 -0.0326188672495733 -0.0806754777700001 0.27660490553231
0.00263924579706101 -0.0214432016744622 -0.0672927525433946 0.28509856928895
0.0188530134816645 -0.0439381149897383 -0.0731399526558079 0.307740132602062
0.0869272804037032 -0.0137509686211922 -0.0936272664230278 0.354764873915826
0.0892905889529507 0.0498366271871474 -0.00794328723092887 0.440256310893437
0.0525256263711741 0.151385580983317 -0.170895048934927 0.311799625395047
0.0501921563052596 0.0678274071397332 0.0382336329809199 0.0588519575198045
0.0134891081421736 0.0216611996535719 0.0132399968487529 -0.228728321032891
0.0275114029467504 0.0519818871013605 -0.125545321056335 -0.335748434661535
0.0695869902881498 0.0330681690780764 -0.309101378291745 -0.248993705010623
0.0809137070207685 -0.0214540241302639 -0.37299858041619 -0.0831722417129887
0.0614498339494501 -0.068979210988677 -0.317245184755722 0.0613480096166159
0.0733158086120343 -0.0935892792048014 -0.21006982196965 0.166120881006506
0.0591674781166384 -0.107418453195516 -0.101231152762087 0.223329699757226
0.101050562655371 -0.119987221293965 -0.0465264658740336 0.271567232987102
0.1582103921575 -0.0556338407718978 -0.0331311183004939 0.290020382797565
0.158061474895173 0.0130680252001843 -0.041824307229141 0.313433649717346
0.132042421126099 0.0728838560206578 -0.0706456460304945 0.314250716512134
0.126832950376839 0.152132091602766 -0.0933815213648035 0.306732524602407
0.0975809331667419 0.224129292204049 -0.010462319302521 0.355203325385257
0.00605889249963799 0.273773590172831 -0.162314158019835 0.224507452915088
0.0255862702347068 0.223880661031206 0.0631420882774173 -0.00980773458034248
0.0580633434324646 0.152749736897641 0.021664763751992 -0.273331421828977
0.12501862098924 0.128745795961106 -0.11993799501945 -0.347498224279602
0.176917341210278 0.0621951999533867 -0.279974180964856 -0.247366263793046
0.181932004869857 -0.0346494918068248 -0.325985461097828 -0.103115722182862
0.145315866836483 -0.110890318100532 -0.271422974495591 0.0196436885731056
0.148857536214103 -0.13970702516546 -0.173000029111545 0.116791902509188
0.126860262692746 -0.156605334845481 -0.0554079176313215 0.168849985910825
0.184379581681687 -0.17121453127259 0.0149491170756289 0.226804195441064
0.264853823476482 -0.0833723732155126 0.0436483756085765 0.278038386140675
0.284980342511412 0.019660756390038 0.00887966823943225 0.334932583997108
0.237077578957965 0.154886194664622 -0.059363319029186 0.324191965364343
0.164947960946493 0.283395180105979 -0.10789613267844 0.250365831691313
0.0979926880021159 0.359140833673224 -0.0176998675043781 0.226765713826121
-0.0354322592591517 0.358050295256559 -0.12736718584812 0.0946729462822168
0.00757748093434714 0.355815278456641 0.101571967845555 -0.104062737828009
0.109413533515897 0.273945628763749 0.0424149033750182 -0.32387205264211
0.227266926482988 0.189072916899589 -0.102186012016929 -0.35287051624667
0.272086290915772 0.0732103951224689 -0.228038791310012 -0.239512278812652
0.259648645747196 -0.0524996839155692 -0.249797405930407 -0.123382234780802
0.206006397570552 -0.142370495673485 -0.197964183878581 -0.0332719280898282
0.20127048933484 -0.163468474930108 -0.113377520374756 0.0524649435707268
0.176637827790315 -0.177120730339242 0.00535648173249366 0.0971188563659887
0.2404795943934 -0.189489969304828 0.0854834948697964 0.162044011033914
0.330694057039958 -0.0901967471604122 0.125565730518385 0.242981342118366
0.361765960124781 0.028757142933618 0.0630059426649583 0.337795473081254
0.299292992135225 0.213323735816118 -0.0491918682861484 0.323871546273198
0.172780794334585 0.371563042615711 -0.132026374643732 0.186732496207021
0.0777078343223509 0.43735440638487 -0.0249274024831409 0.0744361062799083
-0.0636401539925786 0.389084906846608 -0.0848620761923994 -0.0642236634310366
-0.000314357564828818 0.430702750958337 0.12380668573931 -0.213874283632693
0.151937696900934 0.35057427958924 0.0589351923512188 -0.361076875111811
0.300614345362658 0.213462451937923 -0.0699671348235292 -0.339446513440461
0.329231954704691 0.0654074482545224 -0.145832751410463 -0.228568166559682
0.296885995052701 -0.0694796021431098 -0.150792286535234 -0.152007749411923
0.23294528134338 -0.155563220152576 -0.109121528981613 -0.0938907931927775
0.223983896994942 -0.162127740440672 -0.0392321560329563 -0.0167685949346433
0.203332024416996 -0.166016622435238 0.0762706214055123 0.0230772722231424
0.269450591332734 -0.166043240190448 0.157775983174666 0.0957453236363916
0.351021443556449 -0.0626200267325577 0.198860329057245 0.201648291905594
0.378407781661598 0.0583769162772121 0.105338793189958 0.327672829013187
0.298274779998032 0.257308042804775 -0.0443556190470702 0.306514853372698
0.136465556905747 0.414207541757524 -0.148745234444361 0.113570784571629
0.0300971617511199 0.451411183461302 -0.0165180852399596 -0.077194096551198
-0.0759195506884894 0.354838184680033 -0.0505507452083318 -0.226247969624192
-0.00701271422030679 0.424804927716922 0.115035760913156 -0.316397942027873
0.164857621297732 0.35399594670446 0.062267562199105 -0.372444996315018
0.312157958196026 0.19406072651501 -0.0300080583849165 -0.308818221014879
0.321820878034108 0.0447561869346161 -0.0507181637426445 -0.221376722270748
0.280476699417867 -0.0753096195127419 -0.0454165174411455 -0.189635460641017
0.22115343070294 -0.145554904044374 -0.0208190688055373 -0.155791272594964
0.213033260941107 -0.136769878698856 0.0392535863174815 -0.0798567062067926
0.20232638835629 -0.13030913096158 0.152191197785012 -0.0383301434313909
0.263766073027335 -0.112903016370728 0.228796053842416 0.0468019467240381
0.323145475253733 -0.0111623968072499 0.258190533663748 0.176973996298213
0.333165517072566 0.103022628908717 0.128788879926513 0.314431643357592
0.235466424459817 0.282939609975377 -0.0425238793265121 0.273916734701801
0.0630804221201239 0.404320576390547 -0.142779624292815 0.0402687204427177
-0.0318028489883166 0.40080189565728 0.0152665978050989 -0.20750580155782
-0.0818718521011948 0.255708869649909 -0.0324603079412242 -0.361385117294588
-0.018547265375876 0.337585056123056 0.0817709261938071 -0.38593104271287
0.136068257774452 0.286347285628499 0.0593555822403866 -0.359932091516544
0.249675492631901 0.138063564017208 0.0103607346686296 -0.275230525415175
0.243609517033002 0.0229628749336987 0.0330907992620445 -0.225127636834783
0.210964719100683 -0.0596264086679457 0.0388992192695598 -0.228813931221928
0.173195862374541 -0.107278348324906 0.0534564319272785 -0.207688965112087
0.171065843320659 -0.0909920792372193 0.110707022135648 -0.129793025393259
0.170884421548465 -0.0791668012102846 0.222380352524004 -0.0783716677440989
0.218222544727938 -0.0515727595132113 0.293311707604307 0.025998329730222
0.248662517456385 0.0328266033408604 0.300976858923216 0.175636222878394
0.24378190880803 0.128632221934874 0.141257072733229 0.30575371223205
0.142217738784556 0.267761349133666 -0.0356870297087243 0.238675602340904
-0.0173694211549524 0.338368933223114 -0.105747099313696 -0.018431222140836
-0.0859781745913448 0.294661124902504 0.0697472019611826 -0.297916888520212
-0.0888898366969523 0.111588316496478 -0.0272095909575552 -0.44106620466333
-0.0426414926276965 0.192338579983417 0.0436291166064002 -0.405371179757381
0.0653907386239849 0.168482785243901 0.06295595500394 -0.335036778835943
0.127109618786478 0.0683421745967673 0.0396720657103644 -0.258885496688589
0.11598250835408 0.0143296315969856 0.079566800185137 -0.239213296682228
0.10693040254838 -0.0186239940763802 0.0827507376835635 -0.258901799124026
0.0996425552197766 -0.0443179422226515 0.0999448036589979 -0.23789567168545
0.102980644690233 -0.0312123021154971 0.163479687750183 -0.157519166157377
0.10817364098789 -0.0241339838662946 0.277384948367138 -0.0930986184714981
0.134813986743563 -0.00378143049135389 0.340844491156517 0.0314670487150591
0.143494697308215 0.0438777269550355 0.32608065948351 0.191738465707722
0.141318409908348 0.109296346938283 0.146902915509964 0.30344898271832
0.0567844191004573 0.204083390737352 -0.0196836779691436 0.214479351607903
-0.0704450490924027 0.222927433872863 -0.0510860274903819 -0.0420018869327892
-0.112383775187882 0.147792105911484 0.132933901072112 -0.333725669145431
0.0876262827470461 0.00393635225698859 -0.118484075004847 0.354555990079573
0.0574524238840749 -0.0895615674582702 0.0583993651271616 0.0954830657913105
-0.036298327711089 -0.0903031455779816 0.0129270734747123 -0.204127414492083
-0.0606887810779792 -0.0186833283550333 -0.148417972903902 -0.320444838142127
-0.035471744600762 0.0018149543842316 -0.337588390052062 -0.216865883943164
-0.0250406484013896 -0.00596952486842606 -0.388280236302061 -0.0289908061666402
-0.0295983003855578 -0.0167934810457395 -0.31815014371133 0.114721024221862
-0.0160826748026075 -0.0332333299194562 -0.202451215243443 0.205773436201826
-0.0247351483598656 -0.0389804064764937 -0.103844903671929 0.25484801419296
-0.0102855700525299 -0.0529956741516437 -0.0625088013638039 0.29022432808843
0.0173764759280687 -0.0342823167368136 -0.0625241582134845 0.280325894125091
0.00296063642439655 -0.0203397547594346 -0.0484834960668646 0.285344307896684
0.0166389339174309 -0.0432469092446194 -0.0547414764678626 0.30724075675634
0.085698150600408 -0.0197152896900334 -0.0709617226843613 0.358276903612461
0.0918519830451162 0.0441217865757491 0.0232400373337606 0.438148077361522
0.0616914397894327 0.147119998103171 -0.146397531171378 0.318605554230935
0.0561105411194892 0.0645155478766998 0.0444375600933792 0.0581690757168668
0.0149705378095207 0.0211277886309238 -0.00238611054707291 -0.225256398120257
0.031415610889645 0.0488340838968297 -0.147496664810179 -0.324189510509247
0.0728474292396114 0.0273038226346407 -0.323143689676799 -0.225939432453349
0.079593422083904 -0.0276797891440778 -0.37350184517791 -0.0554413091255645
0.0571646274747719 -0.0729523296735598 -0.309063702408443 0.085101970889738
0.0664153388255302 -0.099223502530022 -0.195409116268179 0.179691739946628
0.0520570413511692 -0.11066247418247 -0.0833696954650033 0.228008834903582
0.0914029517567986 -0.126542219624948 -0.0258095574662295 0.274128048017912
0.155238503153945 -0.0676477469520971 -0.0141045232207552 0.291170236989864
0.159083941331924 0.00258887578664366 -0.0205632614361288 0.313022680499237
0.137329577441026 0.064420525164343 -0.0528565659796072 0.3121037048563
0.137060578348123 0.143004981001723 -0.0728452358125872 0.309765456549714
0.111853461464 0.216773472891945 0.0148751941425841 0.354231917423175
0.0228894994115735 0.271363151591484 -0.143040605892343 0.231617400615779
0.0419254246853768 0.221391817266477 0.0649222982973414 -0.0111844574154012
0.0661685789641732 0.148267820948672 0.0034753514380561 -0.269588326093166
0.133438744150776 0.118638219677454 -0.141806728013796 -0.335757673922342
0.18102245492167 0.047938537439598 -0.293004164592486 -0.226553762763392
0.178372188341352 -0.0478664268965844 -0.328840440683652 -0.0785764802836604
0.136665137873408 -0.120753144084332 -0.267411433898176 0.0389818499101767
0.137204439174017 -0.150672047645331 -0.162295267804248 0.127616446212864
0.11574668380727 -0.165423841355604 -0.041693154225801 0.170281909615487
0.170298962927132 -0.183704755969555 0.0332705173783934 0.225453861816336
0.259167258359959 -0.103630786324678 0.0625539113870028 0.273090604097272
0.285882091623256 -0.000370175330505776 0.0321591647235219 0.331046527965212
0.247293556561339 0.138386061983599 -0.0401880815301344 0.321799622230679
0.183859135530182 0.271184839783919 -0.0899951199918267 0.254852859690411
0.121899285823755 0.349357151209378 -0.0018212650844394 0.228216771905062
-0.0133621688876625 0.356787899307398 -0.117036513271693 0.100677599426621
0.0325392654389863 0.35380974721301 0.0974450019544693 -0.10656233708829
0.124754721321835 0.26508193172976 0.0217784702845007 -0.32081106093448
0.239016363527865 0.170987703599348 -0.124114644098118 -0.342766975050592
0.276738436128929 0.0524737569865085 -0.238652122982332 -0.221213016370972
0.25428607125744 -0.070916600115235 -0.254202142428854 -0.104592598974192
0.19360836935569 -0.156272091556399 -0.199008984971572 -0.0195024816449673
0.187540439813464 -0.178089824791077 -0.107849666453481 0.059767488468276
0.162905431439607 -0.189063017010457 0.0129408981679475 0.0942812902737489
0.224841284832919 -0.206129293054697 0.0982858043541787 0.155376668666991
0.323881635518518 -0.115977443976006 0.142419754454356 0.232039861019341
0.361767918773147 0.00238084107321207 0.0870708992220441 0.331050972193542
0.31379513124175 0.191572089141606 -0.028533649308386 0.320396040710772
0.198134350088521 0.359265073380615 -0.118025188091062 0.192729306475749
0.106542816990705 0.428709518099757 -0.0198612671164338 0.0785431855723573
-0.0385802913399843 0.387617063250958 -0.0855902286027691 -0.0592788390756927
0.0295345690257229 0.428412407284362 0.111846389505448 -0.217133611769311
0.172430207886698 0.337863811651267 0.0358739738020632 -0.359030701403675
0.312938698247316 0.190743564714973 -0.0907892171443614 -0.331416639724999
0.331814282334991 0.0403498817060042 -0.15666186081651 -0.21571606235702
0.289193383615002 -0.0900640583867605 -0.157356317341534 -0.140307116392056
0.219221294339107 -0.170867952488783 -0.115802624118169 -0.0856121273054504
0.209995934585971 -0.178982296711492 -0.0388065977679354 -0.0136152904759599
0.190652781686422 -0.180523252593808 0.0782303762499101 0.0155957166202402
0.254352291019967 -0.184560244666899 0.16534089354552 0.0830527679527534
0.345426757436316 -0.0905200199116108 0.212717525480449 0.186251984824917
0.378928076042317 0.0297086446334819 0.128917984031557 0.317923514095242
0.315499112343379 0.23496626817989 -0.0250026145402594 0.302314558236311
0.16549715723232 0.403081536741937 -0.13986739383162 0.122378906694898
0.0610856456142605 0.444736466090153 -0.0231048553968084 -0.072392491012261
-0.0532893244935315 0.354148284424802 -0.0628600821370726 -0.221834572570034
0.023563835491787 0.422058489514049 0.0960606414103916 -0.318626882998311
0.186127654451704 0.339803561674524 0.0382550012931468 -0.370906597475667
0.323412336797941 0.170228591463532 -0.0484734435982913 -0.302686298772222
0.322370359064251 0.0199647856502715 -0.0609587540293847 -0.215044218509493
0.271881211492493 -0.0945864678832778 -0.0563672684627922 -0.184978854319798
0.207454192174036 -0.159756862273628 -0.032666740089651 -0.15296487901416
0.2010541678721 -0.152938802658502 0.034232796574812 -0.0818754775699876
0.192035837727276 -0.145374097127743 0.14818271068812 -0.0503310681934681
0.252949507525699 -0.131557773839495 0.2321488643782 0.0297284841221866
0.320231379832723 -0.037244782321368 0.269776277049278 0.157264548632269
0.336651826623266 0.0775455050637585 0.152256690374756 0.303262089342238
0.254042714823085 0.263970068370251 -0.023876970143361 0.270549981358915
0.0912604142057183 0.397518116477521 -0.138557722386318 0.04890551807569
-0.0038592395262188 0.398187525708576 -0.00114968883605711 -0.203515661040054
-0.0645805646036751 0.257362097164855 -0.0543099486583488 -0.356582895793589
0.00517703664901161 0.334955816847291 0.0579413210988793 -0.385125141750791
0.152675310214561 0.273153297591761 0.0367204099637477 -0.357784944934486
0.256396522227692 0.118945028444871 -0.00672751277705669 -0.271708645247585
0.242945751249813 0.00446982010533532 0.0218981648057261 -0.223995697889229
0.203378613985961 -0.0738921320605704 0.0237433014254879 -0.231018131156936
0.162355149880681 -0.119341626793483 0.0359551859601347 -0.209527620171399
0.162590051480904 -0.103256638742905 0.101132342198071 -0.136075683670125
0.163409108523437 -0.0918376003042742 0.214981324348849 -0.0945668919439981
0.211801554220508 -0.0672459341104876 0.293863960871461 0.00336395581624595
0.24854513836359 0.0130485828604233 0.312030605340199 0.151886501055519
0.249791992989599 0.10827657989297 0.162887158764735 0.294477385534387
0.159927119145358 0.254520314060757 -0.0189530828635164 0.236145897906978
0.00659981905968871 0.337053642020135 -0.106392181866798 -0.0112764006542857
-0.0657677606971604 0.294814240019201 0.0457133955423631 -0.296164503877998
-0.080971813783274 0.115100172638974 -0.0557268221811991 -0.4357947656172
-0.0288420265372056 0.191546454717156 0.018905968059411 -0.401349867957489
0.0757587369544048 0.161638363691435 0.0417787259317096 -0.334889737138869
0.129707080032087 0.0584555141104444 0.0237795828057285 -0.257404359181323
0.114647057443541 0.0053617697579578 0.0653431541784121 -0.241955387137512
0.103577605993668 -0.0254652062160906 0.0650184406204077 -0.263586144159581
0.0946376978373685 -0.0505754111999955 0.0799367790556546 -0.242298610250763
0.0998016434450042 -0.0387259246678355 0.151045688254942 -0.166549430939604
0.105056341356246 -0.0318466353277228 0.267718297745097 -0.112213186022293
0.132797096973831 -0.0141407506037302 0.340294514721341 0.00602116701950081
0.144150179409072 0.0323904054869919 0.337943529075838 0.166308777105971
0.146087066275326 0.0968121902550686 0.16808467085851 0.291929027432533
0.0702459203049914 0.197236162720692 -0.00400091414946643 0.212507964500167
-0.053484643843875 0.224963239638882 -0.0544234397488736 -0.0383424456922975
-0.100774784715215 0.15122658982329 0.105586186008537 -0.336265812922657
0.086713590191589 0.000809249423535712 -0.0979597030901467 0.358504096565039
0.0539245155615169 -0.0922290905645166 0.0662626569217745 0.0935207812849923
-0.0396496522580873 -0.0871458814413156 0.00216982002850927 -0.201276918087302
-0.060343159298661 -0.0152337862378932 -0.165939394309693 -0.309313287048561
-0.0337283115875107 0.00332492497515388 -0.348274572663131 -0.197526280053935
-0.0232140412975969 -0.00446026942598666 -0.385760034480889 -0.00554412561771241
-0.0288056585422557 -0.0150698237545087 -0.307628210051815 0.134631227826666
-0.0177995772673859 -0.0331469110205949 -0.189111290683033 0.216625950635159
-0.0252490850870327 -0.0368803281313717 -0.0872408895121244 0.260991653842115
-0.0133315162025603 -0.0519986590063252 -0.0448581939201664 0.293646700219428
0.0166529711506541 -0.0355572433533579 -0.0480756840916851 0.283462010417991
0.00300108342448147 -0.019200285068831 -0.0342936190672307 0.284433614443717
0.014498078823411 -0.0428536272930062 -0.0416880977698663 0.305748973393763
0.0842407735443785 -0.0242619732151897 -0.0531742393367551 0.359728348977372
0.0942823567145366 0.039507995053853 0.0485502462921555 0.434375297767826
0.0686681092742036 0.143108555628311 -0.125947453940918 0.324393770373645
0.0611170075704409 0.0610759743750438 0.0512342488980076 0.057907161621537
0.0162772138997447 0.0210900902076062 -0.0134087394150834 -0.220901526851586
0.0349641242504272 0.0459324310772416 -0.164775085628603 -0.314136706405969
0.075371433578237 0.0218541348105216 -0.333960244119941 -0.20706944877952
0.0791220310102249 -0.032809305123197 -0.37247743193348 -0.0321519881615298
0.0529140857736701 -0.0766104260177117 -0.301033518252209 0.103760798010619
0.0604452565349959 -0.104142912174879 -0.183118574973835 0.189342688923608
0.0462958787930159 -0.1134489200104 -0.0694069512030158 0.231676533119247
0.0836250059922344 -0.131341656344599 -0.00784935421963573 0.275780515457092
0.152079009703355 -0.0783210148976538 0.00177751992259163 0.291377535100168
0.160515219682586 -0.00615173622514642 -0.00396993426600728 0.310783419355791
0.141366737426216 0.0577652958602526 -0.039661313519808 0.311371415958586
0.14501560428852 0.135436512510498 -0.0566981186211539 0.311775574991148
0.123469181030041 0.20981178425799 0.0347032767016305 0.352570400293845
0.0360112441736321 0.267855547135051 -0.126984841344088 0.236529208997249
0.0556456735835332 0.21757301048723 0.0682760781485142 -0.0116263691766873
0.0733908558106347 0.144768667503691 -0.00986697264725682 -0.265790974335132
0.139265058361364 0.108920726084135 -0.159294053287066 -0.325566723392259
0.184391613976977 0.0359336207114461 -0.302738278910892 -0.208367748979477
0.175341279614799 -0.0584254005269284 -0.329034362456243 -0.0585163409045088
0.128365833324468 -0.128224749970056 -0.263034479137378 0.0550145932188814
0.127406629770503 -0.159921957879478 -0.153763663055245 0.135961465833078
0.106241730515318 -0.171468263528192 -0.0314671943902622 0.171126704707055
0.158941640408993 -0.193267867576328 0.0475700173681962 0.223119123870706
0.253619677180955 -0.120876189937619 0.0783005269531923 0.26878650250019
0.285735181979144 -0.0170487421053333 0.0501599801256914 0.326834081379547
0.255865818694505 0.124841825598216 -0.0256904751477857 0.318954985499828
0.199468274268739 0.260883740408101 -0.0765218838301572 0.258062157962107
0.141017712844502 0.34100654881578 0.0107362980446397 0.228755115262722
0.00455353347405109 0.354449381194697 -0.108578628567569 0.105170116587838
0.0533462390838368 0.350312383216613 0.0951728613436497 -0.107863686449609
0.13776917389842 0.257754847516566 0.00535810445999326 -0.317224570828161
0.246997444976484 0.154942535409601 -0.141073443279482 -0.333024819488125
0.279259208740885 0.0351304584192451 -0.247331146768921 -0.205654777753052
0.249138061602479 -0.0859412438096263 -0.255435159661223 -0.0889784331936813
0.182904025478902 -0.166652972104562 -0.199397279376509 -0.0071448299158636
0.175267057559947 -0.190065125342742 -0.103042400501659 0.0656506712615185
0.151540589647773 -0.198838279347961 0.0191324581059198 0.0918579389734657
0.211375753543488 -0.218506242165127 0.108994504591709 0.148657047490768
0.316562069082836 -0.137562695576627 0.156396630826172 0.222654875999777
0.360854511781412 -0.0199284051776814 0.106835709820685 0.323384835693571
0.324651466223707 0.172692166822565 -0.0138076049722132 0.317107679006594
0.219225655691896 0.34809509350601 -0.106185538399488 0.197220477693209
0.12965592094195 0.419305789176018 -0.0157658601554477 0.0821047412560393
-0.0193405772744859 0.386308807529401 -0.0862509296335608 -0.055570729752778
0.0541203753230134 0.424912966118186 0.103975228205519 -0.218654120761849
0.188744575336123 0.327566346944546 0.0177653651391747 -0.355403427567026
0.322441706305073 0.169950720482339 -0.107013004496634 -0.323489997777951
0.33376491001157 0.0191883971583139 -0.164275501241816 -0.204749744105848
0.281893264515919 -0.10712026712708 -0.161910962307211 -0.131036462632625
0.206493413743222 -0.182686407603523 -0.120881695532146 -0.0779024169582172
0.197506942811909 -0.192083627761747 -0.0383690498340645 -0.0106929777766226
0.178954587651667 -0.192049745682916 0.0788972969237632 0.00950374608940034
0.242165347442044 -0.200296401591505 0.171432038759843 0.0724487736448656
0.339389064549401 -0.113168187342173 0.223999481874494 0.172295101476481
0.379104197896751 0.00667581194951708 0.147860059991828 0.309077570948775
0.32872340156505 0.215267333783095 -0.0100804212859337 0.299071498870095
0.188400489746387 0.392551439574196 -0.131748768860914 0.128401874745027
0.0849804661537303 0.437555317139838 -0.0277488827237475 -0.0668080723758856
-0.0347917043542065 0.353810440730845 -0.0727450092006797 -0.21818958461561
0.0475991507603317 0.418155988749235 0.082238827844219 -0.318784514587762
0.202423296921489 0.328534911982406 0.0198200367553286 -0.367506699284273
0.330323854223013 0.149507658472109 -0.0633685583204539 -0.297586297536181
0.323038400208536 -0.000794274455804002 -0.0683119321235793 -0.209597023259994
0.263942222639871 -0.110502514160106 -0.0646090259103612 -0.182293567181882
0.195222822153417 -0.171375179695551 -0.042636152932138 -0.150089773275302
0.190311236606776 -0.164974771937246 0.0307060643081515 -0.082883614436308
0.181922061125002 -0.156446807966902 0.14455143421603 -0.0605734814287465
0.243560179233491 -0.146199925795508 0.234116877612183 0.0146110036585714
0.315739303297056 -0.0585431069655289 0.279010105739481 0.13955808778063
0.337695565111307 0.0553487130049045 0.171390465966624 0.293829269434965
0.269287402203958 0.246676946951881 -0.0106892541121078 0.267125685002387
0.115421872680278 0.390133926431424 -0.1356323394472 0.0559335084649953
0.0181860349747836 0.394188725448929 -0.0140464222776352 -0.198180083439869
-0.0508520556562206 0.257698340992991 -0.0721314844581547 -0.352329863349578
0.0249142459804686 0.332265291802489 0.0408005387732129 -0.382215229148653
0.165560933118775 0.26290482937516 0.0187899020551226 -0.355397362863991
0.2616829308116 0.103431471661807 -0.0198836281070994 -0.268120317171838
0.24148359527926 -0.0118823645483598 0.0136801318420795 -0.223534811310103
0.19733360953278 -0.0850369289406553 0.0119904018638726 -0.233195949136062
0.152980302916657 -0.127511691413308 0.0224910235656356 -0.210537502682951
0.154714862142912 -0.114267827407618 0.0936016518157595 -0.140612192230573
0.156757218426205 -0.101602178106225 0.208369806070843 -0.107615790527108
0.205986495100788 -0.0803788946574622 0.292864307972659 -0.0143157913944975
0.246724953930752 -0.00332904065364904 0.319924558385996 0.131545778663741
0.252797089664945 0.0919674127211737 0.18123863082981 0.283987298955753
0.173365930104366 0.242270441397958 -0.00645650555664759 0.233728883134267
0.0264346848204481 0.333682397886462 -0.107404390061678 -0.00486606372439077
-0.0487680243163816 0.294881138436599 0.026723544742237 -0.292529776430935
-0.0739231106364526 0.117785569767651 -0.0792502100304698 -0.429533622011066
-0.018953536893453 0.191359409233712 0.00030383171474714 -0.397508762291886
0.0834784901738771 0.155488793279118 0.0249510302037983 -0.334165423802669
0.131294292068706 0.0507701147664809 0.0107092417534593 -0.255442899956547
0.113478235154268 -0.00209686179105118 0.0553589087574147 -0.24456712267401
0.100318333153984 -0.0309082365595727 0.0496985687493614 -0.267589319435563
0.0896535943810661 -0.0554475628079461 0.0639286973006459 -0.245628810612533
0.0967539523378938 -0.045485892195468 0.140980213948513 -0.174007019992956
0.102136901998903 -0.038653589601906 0.259253859639854 -0.127635804946473
0.13060311605529 -0.0218217214705709 0.337901265903917 -0.0154779013597675
0.143871291994434 0.0233933087305468 0.345796008674492 0.144864751237946
0.149110779528713 0.0871731726568823 0.184679811952596 0.280183162673464
0.0807366475569636 0.190551141005007 0.00833925667556973 0.209947536406927
-0.0399754828422358 0.225417722696268 -0.0579242661746937 -0.0344671525936572
-0.0924794711870871 0.153154833369737 0.0829397821689866 -0.335949541817408
0.0876194058503369 -0.00282650463419155 -0.0779681349572085 0.360649340525759
0.0505021900462594 -0.0959126163564749 0.0754218229266063 0.0907860282053896
-0.0426476824037158 -0.0844181617768488 -0.00689738557076771 -0.199200481840381
-0.0602364156892192 -0.0123994158176649 -0.182823419557369 -0.298805059449199
-0.0319855837835671 0.00419998929194387 -0.361022572630225 -0.178155277269882
-0.021206495602452 -0.00462235907671581 -0.385353581705008 0.0177609408413513
-0.0283849044005039 -0.0138340354887472 -0.297359360395623 0.153486658326202
-0.0184473908526293 -0.0327979520365618 -0.176461352645943 0.227584059975272
-0.0259499471742293 -0.035541402598324 -0.071810412303371 0.266083453824047
-0.0165361266864058 -0.0513586196588429 -0.0274842994889835 0.297989150719274
0.0158004097337085 -0.0374943263924318 -0.0343461636200471 0.287666410428662
0.00443951564594562 -0.0192135764358491 -0.0215705106602188 0.284850786120296
0.0135367632252367 -0.0427116098550201 -0.0301236408905172 0.305915673923305
0.0836826723911039 -0.0293883222160256 -0.0356081088422269 0.362445513402314
0.0965958476212019 0.0345472192742948 0.0723252373863841 0.431563864005932
0.0759672613197917 0.14039521676506 -0.107990199794362 0.329873247399993
0.0657438456712842 0.0570870894521383 0.0589521097015204 0.057018781880968
0.0177474742808521 0.021001600969043 -0.0233929906001118 -0.217173214812803
0.0379590544442219 0.0427697921288555 -0.181331021201877 -0.302672564350012
0.0778587001649211 0.0162713703558487 -0.344828717989313 -0.190704418349353
0.0789065690192376 -0.0381753478005823 -0.372404564411888 -0.0106993544014669
0.0490880072625405 -0.0797838188936053 -0.292932192311003 0.121384376336106
0.0544009430410514 -0.108812258671352 -0.172876733182185 0.20004188957892
0.0412870008851564 -0.116830458938967 -0.0555933183200575 0.235451186373618
0.0763495669821449 -0.137347690343993 0.00923711674514064 0.277160490155302
0.148813722202686 -0.0885113472832598 0.0179194798712139 0.292714904484776
0.161859337112485 -0.0154889119696089 0.011330523677602 0.310697340471719
0.145830140467212 0.0504108147042851 -0.0261599647797439 0.310286720356404
0.154063137414359 0.128530961210895 -0.041823687816819 0.313438394151133
0.135096351226711 0.202850710539206 0.0539750628147802 0.351386692137273
0.0487500650204614 0.265740034089543 -0.112973115462106 0.242054057430007
0.0692611414454994 0.215430635755449 0.0724443807513531 -0.0135137858948098
0.0812770361353639 0.141591746905396 -0.0222125119852377 -0.261725069304509
0.146122528374216 0.100236883973547 -0.175191010915299 -0.315748986300786
0.187160871615359 0.0236302171394715 -0.312218424834881 -0.1915288155715
0.173269086802216 -0.06925532421904 -0.329758094717367 -0.0408775875697139
0.120818345511816 -0.13619619749681 -0.25874821755877 0.0702178303057819
0.118096420905882 -0.168880561883728 -0.145304132630122 0.145282807499857
0.0974736095218295 -0.178715518070327 -0.0209317679170172 0.172445251107404
0.146690736251516 -0.203627349822435 0.0627813362120992 0.2210649524675
0.248316272775629 -0.138040458456417 0.0935218211041562 0.265783646734291
0.286120155004469 -0.0332680301313075 0.0677706756588412 0.323586296991363
0.26402691902946 0.111561817740528 -0.0124876739428096 0.318536553492467
0.214794595427223 0.251731728317324 -0.0632168996268301 0.261250406141487
0.158906228869545 0.333655829733847 0.0232648127143431 0.22984419017866
0.021713536564465 0.354445534986275 -0.100196651289696 0.109334247831118
0.0733819191187431 0.348306543045695 0.0947727960360366 -0.110591616394228
0.15067917080098 0.251462109132729 -0.00922328533220668 -0.314529805915508
0.254937187224878 0.140521636790844 -0.156576601784454 -0.323687772397474
0.281519512467644 0.0170042806413983 -0.255448662093038 -0.19200144055805
0.244435262369896 -0.101054325337331 -0.258294522584748 -0.0759426455383193
0.172079963574099 -0.176475004492142 -0.199171462971026 0.00445219435763218
0.164074733189682 -0.202365148430858 -0.0980083799658626 0.0716484975302011
0.141113404385921 -0.208558120051296 0.0247597786085897 0.0892977389412697
0.198727322191346 -0.231684158850358 0.120318442371209 0.142035211805519
0.310315608281034 -0.158317599496631 0.169226817245697 0.214620532523119
0.362606597631592 -0.0422955499220793 0.124883370659618 0.318318783531731
0.336070289678775 0.155872847222857 -0.000248728997505686 0.315688695150254
0.241007672489613 0.33776922686271 -0.0967693088063977 0.201741163074782
0.151765136744826 0.412108390049526 -0.0113147783223176 0.0852721249800747
-0.00143344723662654 0.387098375058509 -0.0864420716253818 -0.0519954857309488
0.0774935260089613 0.423806828574293 0.0976882022677991 -0.22104342226282
0.204990789142826 0.317888839060995 0.00185972839632563 -0.352684119260491
0.33199303102861 0.152298424225771 -0.122542429185914 -0.315509615003602
0.33490672519179 -0.00185990529665706 -0.170237714735277 -0.195458257999777
0.275522202910771 -0.123419822813299 -0.166088730332994 -0.123293499813488
0.195018062223039 -0.194436399982859 -0.126769580817234 -0.0714729662320775
0.185633886753006 -0.205410678028657 -0.0374621843862815 -0.0086564267043559
0.167882349514049 -0.203640163389106 0.0797669598029745 0.00416630617100554
0.231088712365943 -0.214949138569405 0.178051331454387 0.0620210642106847
0.333441094188831 -0.136023396645228 0.234545974176439 0.159554372549559
0.379247658041556 -0.0167641077237089 0.166395171531233 0.300011664723422
0.342324297590253 0.197249408014789 0.00355051031015945 0.296369529655637
0.213146207184928 0.383347807896734 -0.124415534767494 0.134467614992601
0.108323868334175 0.432388385800179 -0.0314427572799343 -0.0617618133480461
-0.0188191352197654 0.356104838657234 -0.0820378833825554 -0.21491881837189
0.0706670991049242 0.415811407268235 0.0701066087528531 -0.320683194272679
0.219355457087329 0.31766357856209 0.00171422721837579 -0.365891035990954
0.33892943020608 0.130974449670924 -0.0764731419102609 -0.291622988636335
0.321841427321529 -0.0210583041765764 -0.0742380873032409 -0.205476779281265
0.257121957041718 -0.125158402892205 -0.0725054811865049 -0.180286328411684
0.184168199382781 -0.181813987615873 -0.052011073689991 -0.147089359281616
0.179073305458155 -0.177710211582581 0.028018124074583 -0.0845753310328202
0.172516672010082 -0.167978458552921 0.140768317322249 -0.0696714018145339
0.234984768658631 -0.161687848036528 0.23544227928823 0.000290973059726325
0.312180096164748 -0.0791265519348775 0.288197104017105 0.123040337179497
0.340547255771639 0.0352739603966041 0.188664133890647 0.283404782899393
0.283664492578413 0.229516818171634 0.00187330436172469 0.266037647775163
0.138689885948488 0.384769494159966 -0.132537909040678 0.0625236048507803
0.0387126371767981 0.390549532195891 -0.0261280314082501 -0.193381499541818
-0.0379328269898053 0.259561627831775 -0.0893685302944396 -0.347858555315361
0.0428155985667198 0.32962888347896 0.0245820765848896 -0.382752410053515
0.17920281507302 0.253814500694709 0.00209511640948168 -0.354337662868067
0.266966878229047 0.0881924045727407 -0.0315299863078078 -0.264707913619226
0.240318243987611 -0.0264020970535181 0.00602649962224547 -0.224458139074828
0.191554349489612 -0.0961246065084091 0.000107625808712513 -0.236521804765465
0.144486365196792 -0.135345420041245 0.00938745802145878 -0.211447891202578
0.148123452904756 -0.124111026287113 0.0873329367135378 -0.145588170362653
0.150259618369325 -0.11125306131353 0.201979773118088 -0.120350982651121
0.200571771397316 -0.092143950407967 0.291642221250492 -0.0318473976471284
0.245612263004949 -0.0191449444061236 0.327623823719671 0.113053953165813
0.256298590873036 0.0764736813566482 0.198243049609577 0.273630494042211
0.187131564541764 0.230722981117411 0.00611668232208267 0.2323681014944
0.0465759065604684 0.331727108345376 -0.107540987897388 0.00105394447761598
-0.0335272411006261 0.293985831057151 0.00817689977164664 -0.289640974201039
-0.0683499833167668 0.119881029914058 -0.10169858539584 -0.4255173199952
-0.00799951178225117 0.189887215116148 -0.0171234849743626 -0.395112960296085
0.090884624256831 0.150682089513607 0.00955547318441879 -0.334618660937152
0.133657644333351 0.0427837281233047 0.000319495861128796 -0.253805888632445
0.112095924085639 -0.00895833713274197 0.0451170056200436 -0.24840433770254
0.0980711229508363 -0.0357975658124534 0.0353645319635426 -0.273489972525256
0.0859304147205594 -0.0596821512920707 0.0491557673585012 -0.24916116330298
0.0939983721338396 -0.0515079965336055 0.132779544544997 -0.181536280985438
0.0993638280166808 -0.0446461476353183 0.251711949984026 -0.142600943881412
0.128239394468551 -0.0300777542770168 0.337018606219626 -0.0348857581608679
0.143633574646168 0.0145786171560166 0.35436083430691 0.12407252733316
0.151814406369704 0.0770115685652242 0.201969550961261 0.270512816799705
0.0905336370969835 0.184714353914857 0.0198895571610888 0.208410860781301
-0.0277963183373895 0.226268026717555 -0.0612779649041234 -0.0308600670328367
-0.0853886308546023 0.154681193080276 0.0632143519602193 -0.3357870234308
0.0823993154950387 0.00844725856529508 -0.129432165870555 0.347138685735169
0.0614650118539953 -0.0864346437019947 0.068487221561784 0.104508544669873
-0.025110706153674 -0.086814160100035 0.0296701746255565 -0.194773131306766
-0.0499488337286305 -0.0196108071014739 -0.134116843438018 -0.322064782029813
-0.0245578232544452 -0.00156948119443837 -0.329437738322382 -0.233903969898156
-0.0150406242460242 -0.0085743514549924 -0.381961030247948 -0.043627294432465
-0.0227839564308105 -0.0163369488260973 -0.318979383497634 0.104996932302101
-0.0113609081313464 -0.0367042695326657 -0.210216063799637 0.195179716559016
-0.0174733199285564 -0.0400860863092691 -0.112876999075169 0.251202370975453
-0.00615502063654812 -0.0522806267367587 -0.0756499961118948 0.287036991120385
0.0228250034606331 -0.0348868010162415 -0.0819388216156986 0.277125904513463
0.0119096249743619 -0.0163831542110208 -0.0725170717870683 0.274774302797726
0.0233257473616602 -0.0368706674692741 -0.0840122423728274 0.296989697588882
0.0906240324609582 -0.0125205759739138 -0.098403326530209 0.358599757808691
0.0895259940326985 0.0509390337078466 -0.00392715017106341 0.452796614397567
0.0474076675815456 0.144323046048638 -0.155012712613632 0.311703886575541
0.0553473040496941 0.0644630341548963 0.051503526698668 0.0678223052187233
0.017461548336135 0.0250030060488123 0.0126510746994441 -0.213317217615668
0.0348780832984123 0.0473425389254806 -0.131040391750889 -0.323927227995682
0.0799486413706097 0.0266820353998928 -0.31100343626939 -0.240046690730954
0.0873977240941098 -0.0263316206301126 -0.366992001191923 -0.0670010199766808
0.0626818482973407 -0.0699542716779182 -0.308719970673299 0.0734066714277089
0.0723926700078726 -0.101555474176677 -0.202233832755145 0.168699148630875
0.0614011802961653 -0.109022278348908 -0.0904795468366983 0.223496202865049
0.0977774363220768 -0.121845728780956 -0.0339298451771453 0.271883343768667
0.162978977953828 -0.0631215720560936 -0.0259730126848863 0.288899147699361
0.164371590700289 0.0136731311741055 -0.0382488660291972 0.306338009699194
0.137526170515879 0.0805295232835297 -0.0764822808019703 0.305386647866911
0.131486127980467 0.156851294361251 -0.0956681346655697 0.31212111736321
0.0983756913918408 0.223257927196775 -0.00702654530469302 0.369245647226084
0.00121992258138104 0.261662863534672 -0.147539194144121 0.226023094008996
0.0364510677082715 0.218337175445397 0.0702559095865623 0.000946985528676058
0.0606266003913886 0.152380044746144 0.0178205795639354 -0.254421176638193
0.128931958178073 0.118913696129292 -0.124914194378358 -0.333491408967072
0.184342503692737 0.0513463757486344 -0.279548133547318 -0.236162147455952
0.183616848353716 -0.0413935629076866 -0.318500887966092 -0.0886834802945582
0.140218521552321 -0.114189087725842 -0.265961535688275 0.0284142055424535
0.145135798937193 -0.151439501980975 -0.165578839147316 0.119660911829888
0.126954138799164 -0.160574251537574 -0.0464546935370962 0.166286589096402
0.177284772364087 -0.176135995963982 0.030233502147246 0.224048678402267
0.268582194805388 -0.0955045945907329 0.0578491718830757 0.272394700809088
0.288057393632143 0.0175598806511139 0.0210060078189342 0.328494521836067
0.243439990758692 0.162486356648849 -0.0595568517752067 0.316820379890981
0.170849923485302 0.289520315715197 -0.109355806868153 0.256807681696339
0.0986526150001568 0.356941218753044 -0.0165636227094424 0.241087906078521
-0.0394414985155634 0.342937909804499 -0.115660283974441 0.0976201701473625
0.0223837504198271 0.350057736025348 0.102059156091227 -0.0922328852460866
0.111293244762594 0.271076975599092 0.0349092736792169 -0.30163752381846
0.227620364305654 0.174148939560931 -0.10508771017363 -0.33645056105809
0.277028787310479 0.0596389347042997 -0.223256881886777 -0.227040669136981
0.257013394851541 -0.060559079136427 -0.243247978893351 -0.111879460963424
0.196473538854387 -0.146228409182003 -0.196537001716864 -0.027432726392182
0.195571881008267 -0.177677599954484 -0.107123357393354 0.0545954307781262
0.17386506970208 -0.182468653358047 0.0118281014656662 0.0922298024562355
0.232068552844459 -0.195215086399493 0.100342096034367 0.156559635071666
0.333409902604057 -0.105536408025725 0.143205525590197 0.233073833330297
0.362396677989677 0.0230315389866884 0.0815973769951715 0.33226566129572
0.307082807446191 0.218684132030059 -0.0446080360545351 0.316375208352538
0.180642377535817 0.37764647037859 -0.133171436025411 0.192859113223815
0.0769751431611654 0.432276360008609 -0.0256924407694679 0.0890067254091184
-0.0631385848656677 0.373151643217764 -0.0779066933920745 -0.0604175257439423
0.0176889749537082 0.423187267416998 0.118512435164183 -0.201867168494277
0.154369891572848 0.344181419469258 0.0485303194995713 -0.336541806586849
0.297536486707923 0.196737432684857 -0.0716716978559489 -0.320790969043463
0.329508381115356 0.0494021477379603 -0.139720272816136 -0.217863208440479
0.290826306679515 -0.0770761959617144 -0.144402513765185 -0.143885935419614
0.219735823829072 -0.160418927519815 -0.111626499774368 -0.0906407960316178
0.217708500030201 -0.176820924562591 -0.0339892653393227 -0.0145172163147484
0.19954700134616 -0.172476649349157 0.0801474330073443 0.0162297389972055
0.260673626140469 -0.174115666140962 0.170683865767571 0.0879553497376949
0.351691781291245 -0.0802577253796127 0.217625252515537 0.190148648534727
0.374112148584773 0.0489111400107021 0.127064119214221 0.3229979857196
0.30394514484723 0.26042562932363 -0.0359598709470516 0.299109945399367
0.144473894639213 0.418626823630262 -0.151208016048097 0.120523309271335
0.0302644351850213 0.442631198194455 -0.0205833649992074 -0.0637142841832868
-0.0736268561682001 0.340984277383683 -0.0485973799741163 -0.221263114480159
0.013159456040299 0.415818023586433 0.106415671828379 -0.303772300611517
0.168183088508523 0.346072942817829 0.0517936393598842 -0.348669676012463
0.307745232408323 0.178426701141314 -0.0307481833556715 -0.289886967242627
0.318482312662052 0.0305254241257562 -0.0427840038052734 -0.213181967879246
0.271035000726179 -0.0810831089521211 -0.043026951633853 -0.186724140024975
0.206823442726112 -0.150045962673762 -0.0257475879351119 -0.1543115950429
0.206192064581289 -0.150314994863832 0.0418227991486827 -0.0787980637806293
0.197437524124042 -0.135388377083142 0.153291691180873 -0.0460303885452591
0.25462654122549 -0.122031333690861 0.236883982399682 0.0376663138103634
0.320001712553882 -0.0272508286506039 0.274312451580494 0.164037611553885
0.325590311453635 0.0922720448735481 0.151109162310209 0.312144760007827
0.23961237183082 0.280677512535024 -0.0331705869049975 0.26962919902088
0.0699438314147482 0.404805785452573 -0.147415896139547 0.0467572232861947
-0.0309934521243342 0.389544740557048 0.00875006354694006 -0.195854586657886
-0.0745047880086578 0.245870002171151 -0.0363268493305503 -0.355543520112667
-0.000637091245672408 0.327891437369458 0.0733257169867249 -0.372295662803611
0.139166659181448 0.277300793070246 0.0516602047667175 -0.339688251336577
0.244107806968761 0.125772407519833 0.0101728656752233 -0.257858822745657
0.237599498866592 0.0136164657355155 0.040115349948329 -0.220023264128688
0.202251476108626 -0.061753379867146 0.0378820965752355 -0.232777334889754
0.159667075188601 -0.109850152519596 0.0451432175890525 -0.208295065829167
0.165401075768505 -0.101377199071418 0.110399139313995 -0.128170850722168
0.165141780257903 -0.0834651361235218 0.220272701725821 -0.0855955541782982
0.210613023883769 -0.0594671698473955 0.295479001873183 0.0161688812150268
0.242524915518828 0.0209768680580443 0.312513569388809 0.161878241070986
0.235125826203013 0.117107457460177 0.159714735917103 0.306378605294491
0.143116286467377 0.263174754723447 -0.0261245212763334 0.23703176679497
-0.0116944673142353 0.334973335207601 -0.113288522381567 -0.0129188058517953
-0.0864836135287221 0.282350170265018 0.0604600989920781 -0.287775346302477
-0.0796616258927567 0.106194032590359 -0.0374920717169751 -0.435234325228289
-0.0311450092794454 0.185021589132338 0.0379260926656727 -0.392359601960268
0.0687732178724071 0.162799292100591 0.0588785402700639 -0.322660957073467
0.122435672178199 0.0637077085882021 0.0407079668324037 -0.243692432355758
0.109938268948644 0.0119588425937382 0.0831326630624779 -0.237820690655754
0.100529931237888 -0.0159387115623462 0.0776065910677961 -0.266167146041511
0.0910636214476505 -0.0442744679012166 0.0896256325137724 -0.239620220304372
0.101032065276397 -0.037016322980792 0.16061843727642 -0.156395922295226
0.104306262499719 -0.0267748188992493 0.270823846772512 -0.0993422049992495
0.129398745308286 -0.00954903412612837 0.336925059883955 0.0218181968189017
0.136619044911905 0.0383985386745556 0.332297364796396 0.179268421680751
0.133636762047783 0.0999286382512493 0.160405216711043 0.304062684160522
0.0552560307520763 0.199004880742369 -0.011050270224977 0.214864838861432
-0.0675855557139486 0.216932888591717 -0.0606723699828849 -0.0386030107951895
-0.113207240994882 0.136605367698735 0.122738478520931 -0.326195561235219
0.0818644727987491 0.00478821308591189 -0.109546657217142 0.348558547269265
0.0565415817582281 -0.0896996639991505 0.0776351712552017 0.100069773413072
-0.028196570298157 -0.0845161739748001 0.0214026828833545 -0.19289787492694
-0.0492930115368007 -0.0168858158433356 -0.148088804591193 -0.309690927601971
-0.0231340112757463 -0.00117114622069451 -0.338902314926355 -0.211741602896261
-0.0132899182568234 -0.00931756138343406 -0.379874333772671 -0.0224021278722602
-0.0215355833121529 -0.015597971903079 -0.305860249694289 0.121894382576199
-0.0132199532712095 -0.0368019380002691 -0.19718937354451 0.205544486448943
-0.0176284035169712 -0.039259552086787 -0.0963097749550837 0.254247548574705
-0.00872725064531923 -0.0510791198137926 -0.0575986965611904 0.289151100049343
0.0214129034941574 -0.0359376907532752 -0.0680642704733333 0.279701833043909
0.0122213510312283 -0.0168494189495053 -0.0599485511536042 0.273983250725191
0.021775462136708 -0.0362478382006264 -0.0717314743676134 0.296552467505206
0.0895013502520553 -0.0169836889844891 -0.081435926971301 0.358230570463769
0.0910536789932904 0.0448753956703084 0.0187775145957921 0.447221458623341
0.0533209844971793 0.140585406818097 -0.136104591651813 0.314694998319769
0.0586306849649613 0.059843581144887 0.0593514788956906 0.0650639336039585
0.0187555107850436 0.0231936710057289 0.00385506011256812 -0.208804641529324
0.0371771196333729 0.0444130042074377 -0.144680778809088 -0.31217237363215
0.0810915847046424 0.0203401725736102 -0.319268178581742 -0.220254877599201
0.0864554408879511 -0.0327095819066502 -0.364442642054335 -0.0474247109256208
0.0592505165438366 -0.0727806120845739 -0.297952374741233 0.091022860894553
0.0659826524464548 -0.106329046614589 -0.189965183354516 0.178502102113772
0.0562366812241346 -0.112890351535377 -0.0759862712767749 0.22579587851793
0.0894867720063501 -0.126043967496345 -0.0168757237599014 0.27083493341962
0.158227560304301 -0.0730834582551536 -0.0108079257924129 0.287656527904649
0.165025297822858 0.00409015764765671 -0.0221536128318302 0.303806272747003
0.141015237579892 0.0738027990622414 -0.0640391409698786 0.304328876313241
0.139719558215257 0.147989690951884 -0.0809995910883822 0.312197763010018
0.108559379041646 0.214304058105127 0.0112470251024123 0.366344812376545
0.0131822513592763 0.25801242390917 -0.132522459333932 0.229983935555788
0.0475668583068226 0.213883547091115 0.0740757153432684 -0.00103816979667471
0.0670392604203953 0.147721905357072 0.00698826170324192 -0.249020212548886
0.133900294033704 0.109358489997869 -0.137954129084464 -0.320724884089085
0.185493987368218 0.0390530401664405 -0.286641596635459 -0.218738557850211
0.18016301190638 -0.0527627575622612 -0.318254868197218 -0.071194726457918
0.132780647885398 -0.121159244694673 -0.260181378373016 0.0433312581122162
0.134418363368665 -0.16004146850582 -0.155726755141739 0.127198931220131
0.117111538746814 -0.167012370438041 -0.0354317486118226 0.165994305452381
0.165291424802714 -0.183997389264291 0.0443786947672331 0.220316862438479
0.261181146415318 -0.11203954063914 0.0713038140774217 0.266518753529532
0.286951091115248 0.000186634526304269 0.0380155462814806 0.322439266585869
0.250415996291065 0.148134471829415 -0.0455449514742746 0.314502674309646
0.186061078343882 0.278306215117084 -0.0961245111294104 0.258381098623935
0.115702368468193 0.3453171499405 -0.00361916382432248 0.24077513312527
-0.022272778935786 0.341843451876144 -0.107152308030795 0.101367819365675
0.0407331885163207 0.344683405439759 0.101413774985954 -0.0944392924870247
0.123601251976458 0.263087254452353 0.0218524188456416 -0.295512071431296
0.233355183405154 0.159138317235444 -0.118986914686396 -0.325855184152266
0.27670392767475 0.0414854151192188 -0.228791081204633 -0.212742467887214
0.251758832860106 -0.0757655515113465 -0.244454478223915 -0.0984365583536756
0.185840917001476 -0.155548522876051 -0.195302061868074 -0.0151671182787381
0.182107264771928 -0.188867414852859 -0.101522732869054 0.0599593569049138
0.163085872888753 -0.191266411984196 0.0176895010324061 0.0896742904976711
0.217745176853046 -0.206601835042689 0.110872302795535 0.148286453835172
0.324988276358676 -0.126103656316597 0.154952353239037 0.222371533655321
0.360026146266289 0.000955538920823382 0.0996203238091659 0.323083817586465
0.316495186265048 0.200644362070318 -0.0298653905204706 0.313219693564008
0.200166734554062 0.366462225016495 -0.122202189666575 0.19667045850609
0.0974689803091471 0.420434912778922 -0.0204035599700573 0.0928381879055346
-0.0459156765587416 0.370636787246231 -0.0773334007789112 -0.0569671069887444
0.0408572313829392 0.418188448468885 0.111941805744681 -0.203339950019199
0.170369600865385 0.333450950923265 0.0330578820126154 -0.331022527782965
0.3049842971815 0.177121788187536 -0.0843643258369453 -0.311813782027745
0.328658550089405 0.0295715987756053 -0.144703436831764 -0.207970371462292
0.282970802357386 -0.0929580307022547 -0.148270244672441 -0.136680693761499
0.207875495576195 -0.170228152360094 -0.11474732755732 -0.0831863009210724
0.203008032943911 -0.189087321351189 -0.0323953347030633 -0.0130454873110628
0.187951082888654 -0.182669184873509 0.0812947943623169 0.0107520936662714
0.246572566997809 -0.18773089750859 0.1758013381661 0.076056638330123
0.342381060274131 -0.102565737651728 0.226369705540089 0.174726756160035
0.37257242330915 0.0255163139578035 0.144741592522912 0.311801048362777
0.315814319064707 0.240250398958076 -0.0219780634824584 0.294919788188578
0.167401991572787 0.406850806783864 -0.143322954229767 0.125779605780847
0.0513027771886541 0.433468766946008 -0.0231046817840947 -0.0587766209940156
-0.0554523934621955 0.338284249884087 -0.0571605075877428 -0.217449343099822
0.0355870029312294 0.410506463371348 0.0943076180959521 -0.303279963161754
0.184257221910296 0.335204929295234 0.0347237411756824 -0.34413723141724
0.312492128938804 0.159012819887183 -0.0419238701990947 -0.28215030414668
0.316266575148639 0.010792388708825 -0.0492249843547423 -0.208927580618138
0.263735449911577 -0.0949529066762029 -0.0510428859476395 -0.18480813682731
0.195373505282397 -0.158793849576917 -0.0349686926629483 -0.151205448503043
0.193921089141367 -0.161928629028186 0.0397784796474524 -0.0807112089835851
0.18712536401899 -0.146290687372739 0.149148526634647 -0.0544380040971542
0.243657968242431 -0.13545096335994 0.238064260057954 0.0230038007568285
0.313787050433251 -0.0471967257120904 0.280168172428834 0.146075599572806
0.325767743773856 0.071300862617471 0.1685899739428 0.300185601970446
0.252663168463502 0.263253823885543 -0.0202515064947609 0.265165344286639
0.091387096084927 0.396199080977266 -0.143791147237152 0.053245274242777
-0.0130843309644466 0.384209833599538 -0.00266765285237067 -0.18991663142336
-0.0617996447578443 0.244671849452911 -0.051677324603382 -0.349632665320514
0.0169951810127592 0.324548293109009 0.0571062441395615 -0.370029211452318
0.152175082787411 0.266520338281405 0.0356038441794006 -0.335374899951057
0.247153399103473 0.111212181936286 -0.000650425040089546 -0.251901985612092
0.234971367191551 -0.000656041321351658 0.0324555496195089 -0.219576158999089
0.195717047580528 -0.0714645279005906 0.0248200952705943 -0.234686037170456
0.150797606166752 -0.116726591681249 0.031638391237415 -0.208630593093645
0.156950977960927 -0.111046537875512 0.104336000799975 -0.134108319352429
0.157730572943942 -0.0923000712295668 0.213480525796814 -0.0975502058847703
0.20365339869782 -0.0710406361850514 0.292688562638839 -0.00121299826462843
0.239473052949741 0.00624309738595416 0.31795177077095 0.142106708019077
0.236913365826655 0.101050662960819 0.176702359113321 0.293094885495363
0.155073048831635 0.250666761979637 -0.0144644579916969 0.232925536961403
0.00621670251815126 0.330385951012619 -0.113267686612246 -0.00631435464906572
-0.0722342047215211 0.28092689006223 0.0430814439017878 -0.283615219130485
-0.0733714243374261 0.107922872464508 -0.0562041203832582 -0.42854265004982
-0.0209700635157602 0.183553881715562 0.0210042310709825 -0.387864891634182
0.0762149731997566 0.156850062304326 0.0434711795231703 -0.320303225989031
0.123919240558734 0.0561050996789413 0.0308975221164007 -0.240684388525337
0.108296726505184 0.00550287253756527 0.0728794013309338 -0.240950706345838
0.0985543439586647 -0.0208222348494144 0.0614697298833373 -0.270313364864273
0.0872812988217264 -0.0477450270449619 0.0744010254658852 -0.242338632620295
0.0966083872779505 -0.0438241481762379 0.151076762346741 -0.163811334380618
0.100855011502058 -0.0319477884929967 0.263062216969075 -0.114488866302402
0.126086759946595 -0.0170783062480145 0.333497816662484 0.00162600462708143
0.135834620539924 0.029715736700963 0.336668833764065 0.156668152421803
0.135629951404027 0.0906512694816914 0.176675648225438 0.290727582447873
0.0645955561925785 0.192838583768263 -1.78686802472191E-05 0.210803795107134
-0.0544247729540779 0.216548061092232 -0.0634523111815153 -0.0342868734052723
-0.106272466697194 0.138758245149694 0.101685395789993 -0.325083948757324
0.0808903243615406 0.0025194988325074 -0.0937933323038262 0.347536571901561
0.0517447754007758 -0.0920575763198321 0.0841717476476672 0.094669038213411
-0.0311013781855313 -0.0823898251951581 0.016691484887332 -0.190537304210281
-0.0485506451065916 -0.0151007503808305 -0.156372110614003 -0.298671628302259
-0.0223793267632056 -0.00134502541597967 -0.342309304631245 -0.195784442762976
-0.0123406904097934 -0.0107544614561961 -0.374440660062975 -0.00670318911396123
-0.0198900479283773 -0.0160131452314785 -0.292989964867874 0.133547198921392
-0.0137700599709837 -0.0371399289959473 -0.185366614272353 0.211970239361688
-0.0178435053444917 -0.0390364319247936 -0.0830306796328556 0.255343813894098
-0.00996651780453891 -0.0499124137278411 -0.044134064841042 0.288201963920162
0.0202416312152147 -0.0362639988189596 -0.0572369599329369 0.280687484632934
0.0127747600789746 -0.017141497989926 -0.0505311547681426 0.271556416668086
0.02164502365109 -0.0350134482656253 -0.0631554835685361 0.293616731565579
0.0882675089009765 -0.0209399922978254 -0.0694359329900165 0.35577013736244
0.0905207231087864 0.0401590153384115 0.0380165769413049 0.44020100395642
0.0573378084666333 0.136628973952329 -0.119897539040029 0.314737331974269
0.0600492096858596 0.0559879617580436 0.0655509525638532 0.0614526819081651
0.0190196728514332 0.0218924913551139 -0.00131665182950536 -0.204163417619196
0.0391640010205419 0.0412879819288539 -0.152184027099948 -0.300973389790938
0.0811438292868433 0.0151554805833236 -0.323013058617692 -0.203548389199919
0.0847561774601612 -0.0377861738006903 -0.359320528570227 -0.0322892973654002
0.056349000118998 -0.075523268609404 -0.287795558584791 0.101878664719618
0.0603928213403184 -0.109246672329636 -0.178396871081426 0.185176856472591
0.0512613283913676 -0.114621907137209 -0.0649112838239842 0.225134475819691
0.0834504831215981 -0.128280142306471 -0.00318280911520488 0.267942501421947
0.153739762889857 -0.0797034646086999 -0.000356092039204546 0.285422091054023
0.164224160782293 -0.00351606538946698 -0.0119723104300832 0.298651597098258
0.143606961369537 0.0676050422795762 -0.054966183129222 0.300676863433104
0.144864112872772 0.140806764714597 -0.0707854077969965 0.309642400075056
0.114558184565501 0.204942833986788 0.0265112415498621 0.3619931241447
0.0209748420723839 0.254176024951799 -0.120073649603477 0.230447735873052
0.0562260558096362 0.20872096577423 0.0788934117443515 -0.00414928443597342
0.0711562682325863 0.143375966954119 0.000847768410240519 -0.242668238097561
0.135630013877782 0.10170214752458 -0.144762547150528 -0.310907260936917
0.184816698081697 0.0288713843524504 -0.288890927912258 -0.204091951822137
0.17660095729796 -0.0618995822026115 -0.314372470738122 -0.0575433864196395
0.126514272370369 -0.125288934572587 -0.253126473851845 0.0538086834527706
0.125252485580758 -0.165515413447132 -0.147619158129441 0.13242550162288
0.109063300607573 -0.171383636832329 -0.0271907959440246 0.164997091907281
0.155576099248684 -0.188081810024001 0.0552092286040552 0.21448278851911
0.253430503701447 -0.123527874276576 0.0814514393763212 0.260597423948334
0.284129477678058 -0.0135053359391409 0.0507872144142256 0.31509704846513
0.255121713541884 0.136453335129551 -0.035838966550158 0.30978923217088
0.195591632466067 0.267862174328941 -0.0870613491722399 0.257053810498061
0.126063659879542 0.333383561441743 0.00649465856881876 0.239854927300777
-0.0118782389094497 0.337071917004834 -0.0999238363779591 0.102910555725224
0.0550721020337329 0.338863841712775 0.101066560000573 -0.0964319612849347
0.131106252162057 0.255041181058591 0.014257225275306 -0.288548479626469
0.236976947516394 0.14703237887001 -0.12576694337783 -0.315695224539258
0.275076829886957 0.0279780859028547 -0.2311642580435 -0.201540139249655
0.24566436841126 -0.0870295809721103 -0.242625350683425 -0.0888005837674172
0.176558204758498 -0.161031900436921 -0.192648762185489 -0.00763330651318131
0.170456909104044 -0.195627536504283 -0.095553832417738 0.062879061773852
0.152018540861729 -0.196517431338353 0.0222429253289522 0.0865137235293494
0.205960700791728 -0.21361223798875 0.117361180426516 0.141074958765506
0.315613176382897 -0.141405692669269 0.162024958802225 0.212343690620255
0.355784635048104 -0.0156356661090141 0.111459625545894 0.313015570954668
0.321558308408187 0.184373510975893 -0.0201753024752247 0.307731278789554
0.214111100123094 0.3533234221244 -0.114230634617228 0.196976970012179
0.11158731078235 0.409692069719342 -0.0156651555852766 0.0943359994724208
-0.0335251087864689 0.367494244908773 -0.0756576934234027 -0.0541948886801742
0.0573712835614404 0.410455195656658 0.107683942771961 -0.20346216656301
0.180503444080804 0.321874279083292 0.0235248241729823 -0.323625977046184
0.307916786350204 0.161994673900934 -0.0914498197844815 -0.302358657427003
0.325622513473249 0.0140189012344742 -0.145924814781805 -0.200110382032289
0.276287324820549 -0.105102267975455 -0.150318878636426 -0.131053647862598
0.197854207036394 -0.176117365837189 -0.117864045545412 -0.0771002381796164
0.19053219010226 -0.196605279416504 -0.03109597979806 -0.0123826469938947
0.177298575527916 -0.188978049557286 0.0816874143221701 0.00592105339473006
0.235069298114949 -0.195192647390486 0.178273446354494 0.0656103209862086
0.334373657937319 -0.118753316684271 0.230514270953895 0.162441030413598
0.367166341037661 0.00899240061854021 0.157285494904473 0.299970258394188
0.321897995958831 0.223406154824377 -0.0125246416534629 0.289693486043719
0.183336356196657 0.394669662092243 -0.136946917726405 0.129001976934619
0.0665292250078563 0.422678402777173 -0.0248324901304439 -0.0539371683620312
-0.0439325945152798 0.333142103768409 -0.0621077953457396 -0.212592639401197
0.0521719263237545 0.403373121020086 0.0869725990792947 -0.302397808801933
0.194749900637884 0.323388040785836 0.0235475556023827 -0.33639392400226
0.314368329865087 0.143370775284597 -0.0486037875543337 -0.274821505553762
0.312089621073583 -0.00362907065531729 -0.0514019329241335 -0.204519198854562
0.25636600167254 -0.105506424522271 -0.0573103698253512 -0.183211511360975
0.184915047460054 -0.163972937747731 -0.042280453724367 -0.147292816336389
0.183241825913478 -0.168958544456267 0.0380219078831383 -0.0821609675771505
0.177808607066826 -0.152567075015732 0.145231634483623 -0.0611861016644137
0.233797498613051 -0.143839541543254 0.236227284733685 0.0111126565937428
0.305860979287724 -0.0617936129193507 0.283913931109311 0.131318903418753
0.322931370728777 0.0556515580193886 0.180406114744864 0.287469436475212
0.259928219135124 0.248214262293627 -0.011286317456937 0.26015344786654
0.107910506621333 0.387181596366948 -0.139808444728359 0.0573268401903759
0.0008160371582633 0.376911457277839 -0.00979299671605464 -0.183658277790741
-0.053358531056241 0.241393696867126 -0.0611980617555866 -0.342314958711595
0.0298859708538694 0.318770221192996 0.0473899566840343 -0.365101673389436
0.160263786481405 0.256781366388464 0.024394046999171 -0.328661356488487
0.247637667986364 0.0990036907919082 -0.00608668763644832 -0.246468792750158
0.230983512124716 -0.010784859705504 0.0271822716023527 -0.219750792091016
0.190926672830862 -0.0788341664318229 0.0143932998424252 -0.234820975506024
0.143760904098131 -0.120563555275893 0.0207899618314427 -0.206274616939844
0.148192183215242 -0.117196176498373 0.0992490651631118 -0.13759366927969
0.150906569661612 -0.097886502264002 0.206336020729824 -0.106365461987525
0.196587694744052 -0.0793651780886275 0.28904846772491 -0.0150088469569168
0.234791206929694 -0.00512741232088412 0.31923443624177 0.124976959297387
0.235964425417851 0.089437608001078 0.187600012898699 0.280429181235189
0.162779442560217 0.239770229497043 -0.00624199394546774 0.22811696962438
0.0201265528087303 0.32473214725238 -0.112413723957885 -0.00107889592173497
-0.0620986767566147 0.276852536005748 0.0299784753241183 -0.277549679398715
-0.0690770043864487 0.107316003678038 -0.0696692415387433 -0.419723291102387
-0.0135125589300989 0.182123431912335 0.0102494462406478 -0.381486025061022
0.0817383297272246 0.151702400029144 0.0323201389604657 -0.315071614097001
0.123568076801098 0.0498395689448189 0.0240760602270188 -0.235334064780357
0.106029086904836 0.000857273724951463 0.0656415236979005 -0.241634869081892
0.095842798634949 -0.0237205812060269 0.0477508378905645 -0.271360398826638
0.0838934313378148 -0.0497091739659032 0.0618609813323723 -0.241879554863204
0.0927351111542195 -0.0477938385062661 0.144480797393591 -0.169230043765198
0.0976581437837996 -0.0359726166998176 0.254311466027021 -0.124087820922997
0.122841999443862 -0.0221579699190347 0.328475232110649 -0.0125561859115447
0.133050301367371 0.0241412544728241 0.337931705610621 0.139412375118159
0.135405135621392 0.083394908811754 0.186440940993119 0.278221017253418
0.0709615663985383 0.186261908736648 0.00777598894476617 0.206224538654087
-0.0453833729459311 0.214279056804203 -0.0644897550302487 -0.0304478515317008
-0.100987267525554 0.139618637804096 0.0861231741286917 -0.32042934176762
0.080588135213131 0.00109893307080675 -0.0840985740478295 0.347686089288088
0.0480283450832221 -0.0940946599983035 0.0899154615084296 0.0906777315115922
-0.0333066932895523 -0.080996402608429 0.0144455974207632 -0.189971654985204
-0.047863420166988 -0.0143336012799648 -0.160838213506618 -0.293162412815844
-0.0217622412081321 -0.00153383381183306 -0.346372234814032 -0.184464391939834
-0.0119974293658548 -0.0127344942544991 -0.371618214329497 0.00399447912280139
-0.0186012294494684 -0.0168113041459442 -0.284472876747725 0.140900781428474
-0.0143620338216486 -0.0372682932618938 -0.177293360158553 0.216530301118278
-0.0177217915057522 -0.0397611628822931 -0.0742237717606281 0.255688436531578
-0.0110710031083266 -0.0484684541019171 -0.0353136933208675 0.287994307964738
0.0202844720342286 -0.0369774165050301 -0.0501904159649227 0.282144564961509
0.0135696897679166 -0.0174452856759136 -0.0463490065017545 0.269813419988654
0.0215513290700226 -0.0341287495334241 -0.0596910516919273 0.292269403369954
0.0879007088627958 -0.0237294330928752 -0.0647936326922164 0.355430165054674
0.0898645645809855 0.0368474912078883 0.0474477560543227 0.437078989667303
0.0597160312390137 0.134930575254601 -0.110516145509718 0.315080785675886
0.0608375116918618 0.0528111149082684 0.0709708534240472 0.0591648046862978
0.0186090671040788 0.0214518394445794 -0.00249331895855422 -0.201913812526733
0.0395865788469434 0.0395689025714384 -0.156234681073237 -0.29582666910081
0.0812781752743599 0.0112081269111668 -0.324893074582504 -0.194255389579372
0.0838104899547868 -0.0426825677535974 -0.356673189919833 -0.0218398923927168
0.0550593845909613 -0.0782139200982218 -0.280339572692586 0.109226412616473
0.0565992688567727 -0.112054145654198 -0.171381468294187 0.188908680368608
0.0485408784111848 -0.116886143809173 -0.0564542718279462 0.225184206627484
0.0799707325972839 -0.130069781952059 0.00483194327349476 0.266992448895017
0.151493434791359 -0.0854896032582981 0.00812748282284792 0.285609619546545
0.164500712997056 -0.00822867753988577 -0.00536978150866917 0.296055100244107
0.146091525190821 0.0641770623999882 -0.0510452609394964 0.299617479769832
0.149041761006341 0.13619544331094 -0.0661253825765205 0.310155418973317
0.117473610400699 0.200735315582502 0.0359813952774899 0.360185562623138
0.0251310485682306 0.2522598541337 -0.111864847155665 0.231343884007976
0.0619829951145311 0.205833487377297 0.0828723906834284 -0.0065104410636333
0.0734653239376276 0.140525023671469 -0.00125856226123691 -0.238884663386387
0.137602934178535 0.0968253989144656 -0.148625807234196 -0.305311686637369
0.18454812830609 0.0219555970352726 -0.290205097924507 -0.195874725642392
0.173725888996122 -0.0688873237014444 -0.312817075116906 -0.0497262122165471
0.122750759435948 -0.129644569462212 -0.248231816837513 0.0610776651284198
0.118740647410675 -0.169742227553638 -0.141211217867262 0.135149016700809
0.10477125794603 -0.174793798691084 -0.0210669738367963 0.16381158167737
0.14937144306376 -0.191708597175137 0.0627306028039605 0.211434421188894
0.249540435771313 -0.132361164348139 0.0886846439873163 0.257248608005613
0.283157976763988 -0.0229513475704164 0.0581758206642262 0.3100020396526
0.259527023757123 0.129294562530914 -0.0324211412763427 0.307738640013458
0.204341959940325 0.261348878830345 -0.0819318697060126 0.257623124895295
0.131791971595219 0.327043145141233 0.013651398983187 0.240005532698718
-0.00619104327715895 0.335214526951021 -0.0947180823151162 0.103165649416156
0.0645158058009039 0.334770345175439 0.104485459975708 -0.09883803864595
0.136839647809773 0.25123873434567 0.010613801944957 -0.283544230238197
0.238526862390919 0.139158459249838 -0.129244564244049 -0.30974906077624
0.274972552554544 0.0183684065765227 -0.231225833548461 -0.195018687606006
0.242551758812871 -0.0949963500807195 -0.24240490400182 -0.0833029518597351
0.172322835286575 -0.16516932118232 -0.191536106889123 -0.00115940955244951
0.161704811803791 -0.201266828367976 -0.091848685568691 0.0640038164705837
0.146056642563913 -0.201969974897762 0.0255097688324021 0.0843215692137865
0.199029353341374 -0.218553349830729 0.122421112579229 0.134951738812777
0.309466516721544 -0.152509480398785 0.167791021708846 0.207090840499893
0.352262605899703 -0.0280016770770017 0.120483327655525 0.307200129603439
0.326961039254699 0.173660527914071 -0.0155498475493991 0.305112702371447
0.2248562588752 0.346365976300203 -0.110013871938308 0.19821341566048
0.119050221915599 0.400994111981368 -0.0128374536460988 0.0966560838283094
-0.0264657873177988 0.365097425989317 -0.0742560204457322 -0.0532047730196105
0.0690807246780949 0.408123871675495 0.108179609514775 -0.205375775237887
0.188128494032559 0.316777981316791 0.0191125884472975 -0.317757399824244
0.309951494852678 0.153121231522735 -0.0947174399693505 -0.297944169489605
0.32486750831546 0.00374274925842593 -0.146826902698983 -0.196437788976878
0.272267303484678 -0.113824932370527 -0.15223732155087 -0.128231119598457
0.191754368236004 -0.180781449723656 -0.120281097945329 -0.0730735879042819
0.182070734062735 -0.202596149111408 -0.0294463710724131 -0.0125797791733813
0.170200526020447 -0.193504516880484 0.082514829868749 0.00286825793590477
0.227394308721262 -0.202085428343113 0.181010838951135 0.0587507435686835
0.326923196640471 -0.129053368634837 0.234654925359465 0.154152993776699
0.365163504936538 -0.00354760368278079 0.164617813163974 0.292327736707168
0.326753212994156 0.212878534502766 -0.00799384298485055 0.286875222705895
0.194233703041289 0.389134996416077 -0.13321517968754 0.129939750596079
0.0751886306500199 0.416985908203588 -0.0261142871791993 -0.0497842473934685
-0.0381882333137384 0.331007100490908 -0.0635231821202832 -0.211163141985717
0.0630606895304145 0.399871266789562 0.0848242628677955 -0.303494883538452
0.200985704379104 0.316405791546627 0.0185376096811423 -0.331212732773584
0.316076821735544 0.132559261077129 -0.0517550802542772 -0.270561235043477
0.310018291755671 -0.0138340403900803 -0.0521053570218052 -0.203871333883076
0.252863437313332 -0.112595265221519 -0.0616267462944417 -0.183108327071269
0.179316566153175 -0.167593885732919 -0.0477404306068261 -0.143481811161152
0.174357409137959 -0.173983950790577 0.0363525041780806 -0.0846819688405533
0.171847091538776 -0.157410069817417 0.143366667892006 -0.0662129035688417
0.228196056656388 -0.150321394991137 0.236263998621552 0.00274761779036785
0.301158577668278 -0.0724523843775929 0.286203467617415 0.120819521155531
0.320725155067037 0.0454891809808782 0.189031802909457 0.278855963536239
0.265575797981696 0.238944185727597 -0.00676011644280769 0.257344527673923
0.118777872927264 0.38168884996273 -0.137679416639129 0.0595089975790731
0.00764212783586711 0.372688457174726 -0.0151488736264977 -0.179417604449738
-0.0491609827651025 0.239555546097044 -0.067153037806653 -0.339536820383693
0.0390239652533445 0.31624463193258 0.043354387948156 -0.365092624192176
0.165831517644137 0.251081812734744 0.0187451767362911 -0.324423305316152
0.248038810772324 0.091012102060129 -0.00784279902499287 -0.24282859411824
0.229731978424742 -0.0182354439377254 0.0257019996114642 -0.22107344671769
0.187774291050718 -0.0842103562275408 0.00676888292569394 -0.235782427105222
0.139454761868864 -0.123010620047783 0.0127985797924119 -0.204989665269285
0.142286848227939 -0.121155214897529 0.0957486267305535 -0.141258858288173
0.146548798486012 -0.102020687305492 0.202850892438848 -0.11290112842147
0.19209432247392 -0.0841543761796584 0.286888070074637 -0.0241509826362827
0.231436287568815 -0.0121245333618026 0.320647775812817 0.114749769857633
0.235162702491982 0.0810356733170865 0.195938249295235 0.27267964619731
0.167392216473507 0.233093818678854 -0.00216981904721939 0.224848287905566
0.0289763661485959 0.321175495731853 -0.111919210817425 0.0013949927999704
-0.0569189418645056 0.276203629995707 0.0219986391172626 -0.272209189786095
-0.0669009717057698 0.106626487812934 -0.0770087061684794 -0.414414952206656
-0.00858775600011152 0.181042957626853 0.00437271275460795 -0.380004000025997
0.0855295360775932 0.148594771471421 0.0262612812075826 -0.311482123158201
0.12373036595058 0.0459964901970347 0.0221681255789288 -0.233457800281494
0.104944139811179 -0.0022790034285769 0.062356687994809 -0.243873035614316
0.0957159816219209 -0.0260978531794894 0.0383406345103888 -0.272233228231627
0.081877968188745 -0.051089626035722 0.0521872657291727 -0.242622079867741
0.089374596889113 -0.0513304164878724 0.13993793643332 -0.174235828610188
0.0957061083022796 -0.038736158303925 0.249935768426223 -0.131824126242985
0.120615594287962 -0.0255444650832559 0.325158684062066 -0.0228283863212268
0.131886657465991 0.0212700356467233 0.338368937704987 0.128276558145106
0.134775220945115 0.0790133481382931 0.193582658102552 0.270776453004846
0.0746965830919198 0.182078915096256 0.0116061821409007 0.202597243813173
-0.0402430625342311 0.212799405128729 -0.0655958506977028 -0.0278365925125201
-0.0980904864497369 0.140512388945586 0.0756219801260182 -0.317891435165774
0.0812862551748279 0.000464884473043979 -0.0765785458939081 0.354100522650229
0.0454151168083219 -0.0959890433681519 0.0963947778216945 0.0884819235404522
-0.0353380707766114 -0.0806948673478419 0.0127470623841128 -0.193433083171257
-0.0485836613612585 -0.0136103800368366 -0.168225248858897 -0.293643435382916
-0.0217586433116113 -0.00178126453644301 -0.354689448003485 -0.178299027296434
-0.0125549987885966 -0.0143154160043173 -0.374748266367661 0.0136822626271967
-0.0182451712152249 -0.0185465001680846 -0.281937267078191 0.148775521858253
-0.0155857321233911 -0.0384892430072885 -0.173994971299072 0.22438240695363
-0.0185130899745445 -0.0409098295047674 -0.0681035804183118 0.260887459972445
-0.0109118000944101 -0.0488625674679112 -0.0278302402379646 0.293691806168475
0.0200186672141389 -0.0380979041326658 -0.0459089243655962 0.289359065043776
0.0145502164267139 -0.0181925434341612 -0.0435491990983081 0.272819536222396
0.0225995533144799 -0.0348933269660881 -0.0593120625962647 0.296685408971438
0.0889457560438106 -0.0275916448839016 -0.062080818472928 0.363048816136083
0.090324590512825 0.0348051903054176 0.0587674585965025 0.441833641938476
0.062106572073049 0.136322124747314 -0.104519937889249 0.321377206523324
0.0627046075847374 0.0518062444234333 0.0774896061213035 0.0567523566293877
0.0184911378001456 0.0214983858827706 -0.00353888497688257 -0.203918238158657
0.0407746549214503 0.0378612492577697 -0.163142474740799 -0.297354030631043
0.0825630422227269 0.00820061836737282 -0.333471443580095 -0.189202674801556
0.0831908883599188 -0.0472636579829254 -0.360306945420751 -0.013246451998502
0.0549397788766364 -0.0817994016765494 -0.279257360279125 0.116570951632574
0.0542900283545214 -0.116771760428051 -0.167978040431633 0.195407920224872
0.0468549509567159 -0.121210238760812 -0.0509686976869789 0.229085776693024
0.0780859966312778 -0.133410387795318 0.0139329974153213 0.269840463269759
0.152085120731461 -0.0914326063524556 0.0144496011359204 0.290494228404393
0.167369552576286 -0.0137359803021569 -0.000607421758260587 0.298716058023014
0.151716701757617 0.0622040571546106 -0.0499144679705609 0.303882838475168
0.155902893113691 0.134191729555539 -0.0629533185520651 0.315955317471718
0.120788604288537 0.198910580229491 0.0460861514817226 0.364393341753405
0.0287426524387948 0.256135425383603 -0.107592787474565 0.235378209446369
0.0680231856706946 0.207095461567257 0.0882129873614289 -0.00973656731526461
0.0772155019837104 0.141987092948335 -0.00221497277825311 -0.239805414064519
0.141126608842904 0.0945912677694095 -0.154712734985847 -0.306726532614261
0.188130806471594 0.0159975998854379 -0.296437012226338 -0.193377711736414
0.17462398174206 -0.0760798635277278 -0.316526982204303 -0.0436382624024155
0.12219552284639 -0.135563058907042 -0.249034030576609 0.0665588442489184
0.11477539955697 -0.176654557819082 -0.139087434485919 0.140313756164418
0.101246347222265 -0.181695511083761 -0.0165659711213982 0.1657291917693
0.146686185978804 -0.198620952097011 0.0705968518073439 0.211392737540773
0.249831012062568 -0.143056680225158 0.0963670722831546 0.259428675553357
0.286795094611653 -0.031396921131787 0.0657767949289998 0.311570581775009
0.267896078952718 0.124133155097138 -0.0301491124095385 0.310949918062908
0.215025936452238 0.260589447585838 -0.080197884348128 0.262727042386152
0.138606817817203 0.326669497485879 0.0197727721148583 0.244162401822838
-0.000962447641425618 0.340629475376306 -0.0918884431322686 0.105376316348073
0.0738753819490154 0.33873563839814 0.108302549605419 -0.10378554987198
0.143933766432104 0.251648845406953 0.00948573078721388 -0.284054511698847
0.24524982794924 0.13538467860644 -0.133910002312828 -0.311949278587175
0.278688413256033 0.0105453424400016 -0.235734568137353 -0.194008824231839
0.243773728744165 -0.104694585857 -0.245819640437187 -0.0797530378930636
0.170527450822936 -0.172547524022941 -0.194129773156622 0.00321547831192532
0.158164397620486 -0.209274993068086 -0.0903443904877726 0.0660241051360769
0.142734597960558 -0.209202037605475 0.0287976559035727 0.0834603327092886
0.1960790371036 -0.227267576773816 0.129128656690697 0.132232537432143
0.310019240784611 -0.165029948256987 0.175391682986072 0.205479216088085
0.356854642345285 -0.0386311883940762 0.129316901358074 0.306511308539513
0.337006733230562 0.166921193387038 -0.0130958670237922 0.308090255682254
0.238689462194157 0.346513488435145 -0.109419489350793 0.202237330668948
0.127193920465156 0.402009782229802 -0.0102892381930623 0.100261240518317
-0.0226360108371033 0.369604848144519 -0.0738403183172828 -0.0535680426592612
0.0801253640849425 0.411339946639806 0.110046657644252 -0.21210027811754
0.197176987280504 0.318292701319426 0.0174456932226237 -0.317730479924993
0.317632277633213 0.147421483056766 -0.0986522997226356 -0.299341737367495
0.328592781165491 -0.00694911758900853 -0.1495776258663 -0.19747149117123
0.273214940222163 -0.123274137860762 -0.156805840900837 -0.128476198638088
0.189688129586505 -0.188455324388903 -0.124427858419298 -0.07030469973167
0.177719437879842 -0.21085892616006 -0.02889870147404 -0.0139902081333686
0.167517871289018 -0.202222769411533 0.0843821880696874 -0.00091072832866314
0.225354812159957 -0.211947374576419 0.185687877965603 0.0530926194256962
0.327270323791726 -0.140827069250146 0.242013475961226 0.15016013916629
0.369455726153314 -0.014411941063485 0.175455475335545 0.290565157874196
0.338151139853901 0.206740673518341 -0.0054122584491159 0.289269562482716
0.208956412191883 0.389595445934644 -0.133390453918422 0.134108444740519
0.081140551797561 0.41840558750509 -0.0270181694495339 -0.0469228469142512
-0.0346206389227653 0.336426303882608 -0.0664454089573598 -0.213337052779711
0.0738306937427035 0.40381693598663 0.0840323175369365 -0.310424426038947
0.210765464669334 0.316978357780817 0.0168777541500326 -0.332368007279405
0.323112764164933 0.127283478275666 -0.0533414253307249 -0.272105004910161
0.313837154690321 -0.0226727417920519 -0.0535377913956112 -0.207569266286697
0.254083523963381 -0.12228671692464 -0.0667140086149768 -0.18611831254331
0.17797388866183 -0.173995059475862 -0.0536336508851515 -0.143633465514613
0.171215638991898 -0.18166658744513 0.0361104578032967 -0.0888079165322847
0.169524370694628 -0.164403152780093 0.144925683265823 -0.0721213272206391
0.226716404201525 -0.159168505811963 0.240404751681509 -0.00518829177770409
0.302447184537075 -0.0821789427058854 0.292200400997391 0.11527309711329
0.324646301603048 0.0356635171869404 0.19933936054512 0.276557901830546
0.274569078897295 0.233965359988652 -0.00452107842253968 0.259522505319205
0.130100222530785 0.383109479791155 -0.138843044895325 0.0630974595506492
0.0138392188852676 0.375600501974011 -0.0196345047064289 -0.17781214969
-0.0469962630728503 0.243477152041191 -0.0715979300584727 -0.343010289551305
0.04758379947734 0.318837452065276 0.0399197152933518 -0.371610381773022
0.174218822011874 0.251649444655167 0.0157569007030869 -0.325938491428089
0.254014020739792 0.0852616672130815 -0.00895512788569664 -0.244099050762465
0.231739118456455 -0.025335637744457 0.0239592438212038 -0.226103976369341
0.188480859231548 -0.0902145747313574 0.000893873780950836 -0.240998429647765
0.138354687899762 -0.127654830449685 0.00630090699438052 -0.206965356513094
0.139521441316046 -0.127124886899646 0.0954571255722222 -0.147482861917273
0.145548884593112 -0.106939076201716 0.203415692710088 -0.120006150830526
0.191650008830975 -0.0910987367425654 0.290634557570269 -0.0324482824791337
0.232798021680128 -0.018386790805507 0.326816082771692 0.107689865858793
0.237842785723973 0.0759982234038722 0.205677456955499 0.269510968302446
0.174147991404471 0.23047627784203 0.00129454807773752 0.226166344600544
0.0368951200515753 0.324037899355085 -0.113479882908941 0.00336268856623608
-0.0534405571487964 0.279036339476808 0.0157095922031185 -0.272997933765669
-0.0672940412496868 0.108372512387106 -0.0842134832434102 -0.418302461709099
-0.00385320851826549 0.182889258385174 -0.000587920583097161 -0.385254733494763
0.0905223501384248 0.148703136022443 0.022553730868377 -0.315276672584247
0.126618420991631 0.0439128294265999 0.0213384605465274 -0.235032747417208
0.106153526109343 -0.005187123200124 0.0596468934393744 -0.249569903175202
0.0969151875009168 -0.0286551843516825 0.0307731581716693 -0.278240840629919
0.0817202958993485 -0.0534846468101301 0.0457986724485468 -0.24597769659837
0.0875876114600828 -0.0536337991447247 0.138623451414645 -0.182361622989588
0.0954464142180648 -0.0408963142241635 0.249711730243048 -0.140711593208763
0.120545363042448 -0.0284990629479357 0.328663725338336 -0.0319454085271666
0.132661971298232 0.0188348955605141 0.344612462414316 0.121171013585142
0.136233604341743 0.0765436149076753 0.203680433609696 0.267668073502156
0.0792979105286078 0.181892906628298 0.0142688508410239 0.203828722161048
-0.0362561881178037 0.215192301419544 -0.0669293445631656 -0.0260734777357741
-0.0976054940382973 0.143937956110537 0.0684355336338007 -0.319950484409999
0.0691670282216044 -0.0455854207966154 0.164188479435327 0.325471489145588
-0.0212665562744245 -0.103228883152124 0.13393069689166 0.00249316436840543
-0.0785459619024515 -0.0434788918640436 -0.113908979662317 -0.166603519168622
-0.0486889914020161 0.0184469957947975 -0.325212331693387 -0.129927286029022
-0.0186987477805877 0.0128851893180012 -0.395999551399991 0.0840868206869035
-0.0189852052149814 -0.00352602911011753 -0.29012461784984 0.250210674191102
-0.0248085742592294 -0.00457057007111737 -0.130122310714134 0.301232990996228
-0.0380354655824954 -0.021579810957433 0.0059706729625981 0.292154287322748
-0.0404292526808437 -0.0209606783811467 0.115240236478603 0.25273774699644
-0.038856410907492 -0.031819528091429 0.168492924136963 0.256655918121499
-0.00557513087186855 -0.0437597921059628 0.151177968463487 0.263234828814307
0.00367974518692141 -0.0237818810698082 0.138852342846121 0.250313705258422
0.0010047854651127 -0.0415292560393517 0.143200135667434 0.279232186133093
0.0574901613654823 -0.0776796224007656 0.192698956588883 0.338239702158084
0.0986979846020005 -0.0244712670805765 0.339384926080035 0.321808313604764
0.132963722770813 0.0789102059609828 0.130797512211801 0.316354698970049
0.080925582046634 0.00363140999284388 0.104418187396687 -0.00799922302148353
0.0269960179425241 0.00644039986134258 -0.126587847938287 -0.164432335645522
0.0530272945841084 0.00638927883919078 -0.318956731338954 -0.139518594381246
0.0704848239704966 -0.0433318494841887 -0.385072756008609 0.0580903849692181
0.036937582285729 -0.090229792461223 -0.29458644101775 0.2165444250495
-0.00679095833760514 -0.100176918519804 -0.149710202099413 0.273026586882614
-0.0322247007317804 -0.128519555955648 -0.00807290573804985 0.264995903487725
-0.0403528908487273 -0.12845393375162 0.109125268972883 0.215766887072781
-0.0218152250441352 -0.159756758668092 0.186717387580154 0.209888525430579
0.0663155625145583 -0.174961519440247 0.198111176560287 0.223512729197698
0.132907629039964 -0.119191399174369 0.18876014980319 0.242336315228747
0.174001457943676 -0.0468639440698421 0.153207216210065 0.278387216498485
0.220886871309524 0.0105041088548731 0.155768558864974 0.304240386543038
0.233612976304278 0.0903732549974752 0.269911533905131 0.265707005471474
0.175497670850793 0.197343602841432 0.0827282196710113 0.250172747930063
0.17795049150355 0.12384851473449 0.0759491680499958 -0.0642601472930277
0.146870704724384 0.0679543126382859 -0.140605788819172 -0.194515994289439
0.166296284239864 -0.00859931282714608 -0.313928664540316 -0.155812317096615
0.158729178236139 -0.101606044512618 -0.356754452083092 0.0292036324925747
0.0913025382013122 -0.169707945017739 -0.277134172972342 0.162444557385712
0.0128169113424471 -0.184273804785089 -0.158196133303388 0.212645550205884
-0.0228701916296113 -0.216310438073055 -0.0210108639431661 0.201521607909037
-0.0354212530570746 -0.21338434070325 0.0962067388094902 0.143916711381714
-0.00920126044143385 -0.258339111638183 0.195171943664138 0.125668819349504
0.111985601629133 -0.281874636072576 0.241653882417744 0.145286338258688
0.219596765449529 -0.21189456962786 0.250492756519721 0.209122326044953
0.312753506158002 -0.0730337999138618 0.17296380158165 0.270788666239493
0.354401875520148 0.0733265212210041 0.103075112234791 0.273740073538483
0.333263624946567 0.182666456807073 0.163374045445097 0.184158801793819
0.198843902256324 0.285071409058511 0.0181373765785287 0.136058366474988
0.26229174950093 0.223459335156404 0.0357830588297825 -0.149463839183164
0.268221492540347 0.11513334664532 -0.153038592735514 -0.237398137069762
0.273098150532526 -0.0385900292541023 -0.294915803495618 -0.176210312782108
0.227825649403569 -0.162872129427434 -0.307828571586905 -0.0129738797347882
0.128477627823785 -0.236456119039815 -0.243394109756746 0.0859274198435179
0.0271319912297844 -0.244114105451619 -0.155356188514638 0.124847137632786
-0.00890041307571715 -0.270292217402473 -0.0305173236589976 0.110629934085665
-0.0193960135758551 -0.263568807587858 0.0796420914311117 0.048758828008996
0.0112165652358279 -0.313985346573701 0.19024280111261 0.0228747096251903
0.145190137642905 -0.339773218509533 0.268961523207327 0.0496153714976423
0.271499890699707 -0.263367249654757 0.297660213323543 0.163070816839873
0.398935108244918 -0.0825532921913138 0.183789590380176 0.256949682968413
0.430926043791225 0.12937269053127 0.0363614417869234 0.24516736564985
0.372787760088423 0.251745202171492 0.039973794997106 0.0854937475426387
0.197939100357967 0.322658568300659 -0.0668004305591055 -0.00173596153504918
0.30959876699404 0.278770409833097 -0.0285439708893349 -0.23560855939069
0.350933755221076 0.135504824290452 -0.16325729994943 -0.271576768989894
0.33831276195403 -0.0730019052412755 -0.254900549740508 -0.191183411997469
0.25811012444905 -0.207598060139993 -0.240177145259761 -0.0731429804778621
0.140742929630356 -0.270251597496228 -0.202726553921719 -0.0105807134649168
0.0324864323262749 -0.268574489185659 -0.147239961142434 0.020260819584182
0.00619939185089357 -0.283239736012896 -0.0322675282587804 0.0068654437708202
0.00512624300379988 -0.274043051792277 0.0688109051104359 -0.0548150968168869
0.0447355362620808 -0.320284236675904 0.184491764251365 -0.0779322512841913
0.176015574111638 -0.332639332004539 0.286106758707176 -0.0385301956544459
0.296395394150566 -0.250832476273183 0.325434991090851 0.120022709711324
0.424425804931553 -0.0511657584278714 0.177509392442505 0.235612245695537
0.432604233897836 0.183370882214312 -0.0305780514409358 0.204962139019233
0.346488465098945 0.292806128461599 -0.0720707262007357 -0.0246917626288868
0.1670185627215 0.2995996208004 -0.164176959292527 -0.133687569467284
0.300494659598602 0.276118613819531 -0.113340413062765 -0.29748270068316
0.361434777558976 0.124933677842789 -0.17179737447476 -0.282248469102252
0.331015748353535 -0.0925584891811086 -0.200127140657826 -0.197913612756357
0.234038547354272 -0.210973513474029 -0.170006825713572 -0.141147090783317
0.125187498162196 -0.256662350455741 -0.168217988882269 -0.113504631604338
0.0315025381171874 -0.249533632100385 -0.136745354693184 -0.0846809533318426
0.0197144590104802 -0.256695344489714 -0.0278168408103957 -0.095226404297088
0.0315031850303634 -0.244649775203917 0.0707228297541685 -0.15166401440996
0.0795994133174576 -0.278499283513899 0.190514453364543 -0.160007541069421
0.194365165070944 -0.266678073119463 0.303907782731871 -0.0993251264443305
0.292805710434321 -0.179891535490601 0.336378124348329 0.0917028004660705
0.388932647359026 0.0136348594014663 0.158952772976535 0.209676618951707
0.363245086384315 0.230607816461382 -0.0818550122505818 0.148652925986125
0.259412066791528 0.301979355353464 -0.149173557906468 -0.137476873460355
0.101609689077343 0.229118017607608 -0.257100292395532 -0.231495301878446
0.227087819492585 0.223431930178732 -0.191316552276063 -0.31965384539867
0.291674705747719 0.0937367717381526 -0.173204500717722 -0.276172137381406
0.250619273153126 -0.0844211632497965 -0.149426090595078 -0.201710547694976
0.16737411443855 -0.162324600815916 -0.120507320806446 -0.203911321722228
0.0930343970989136 -0.190332641386446 -0.151924480970128 -0.198557774542513
0.0286715228095648 -0.187059206768363 -0.13029507269516 -0.173520228611356
0.0298410171719617 -0.19205740283087 -0.0186247650537029 -0.180416145082381
0.0488358135431615 -0.182768200794776 0.0861000130442176 -0.228068484798581
0.095303252605519 -0.200047181754433 0.21257057753142 -0.21360271517349
0.179474341655177 -0.169278117467478 0.327719750738226 -0.127881370739538
0.24689954811688 -0.0913173389111139 0.337790838833566 0.081397385844498
0.301870763826506 0.0781726751775067 0.143215528597437 0.178989142417515
0.24425115506963 0.242051361369717 -0.099705781176101 0.0815665961972877
0.140812909207103 0.264407275268786 -0.179559734850143 -0.238122176076117
0.00541692342142512 0.128607104905314 -0.323781344638358 -0.28080171240051
0.103966667948073 0.146654265047045 -0.2376122086318 -0.306054701061976
0.161801751127977 0.0620571076271411 -0.168015541881627 -0.269909228043478
0.124948875510464 -0.0420693835981531 -0.123584947104438 -0.209623118046894
0.0797526663851385 -0.0691339982357488 -0.109261093964673 -0.242622964795948
0.0588083464675259 -0.0826385234179789 -0.153577440408171 -0.24371149698041
0.0302718413658016 -0.0925011597435203 -0.124015212505081 -0.228471557595634
0.0351229934489567 -0.0993000001311153 -0.00656245057333096 -0.235833036501369
0.0506235855463505 -0.0971900908987011 0.109449004426221 -0.274841100802358
0.0781801201064531 -0.103044785196507 0.244547997705935 -0.236662405258636
0.123113210180623 -0.0717029914579523 0.351520680213949 -0.127048924024665
0.163948926035076 -0.0242987857253357 0.335260226559096 0.0814333046578963
0.189536505524817 0.100631005048829 0.141259518375785 0.151345361193199
0.111103812714807 0.201626579789413 -0.0795930320310011 0.0247861894655212
0.0151810717324684 0.181904687445016 -0.162329805941581 -0.310664791875893
0.0693976323130419 -0.0509838672807437 0.19106529241951 0.32704147619311
-0.0285912960790511 -0.105264519129353 0.139950535018312 -0.00968719559769335
-0.0828905349914921 -0.0392363240452543 -0.126282894698151 -0.16717676851956
-0.0489694368696225 0.0220352226675579 -0.344341699605311 -0.115540354831945
-0.0187594136243543 0.0140632492926927 -0.405516308094933 0.111475088260404
-0.0214136522569624 -0.00267555126382399 -0.284719952468944 0.277112717580069
-0.0269933473911156 -0.00462389528727097 -0.115522930704604 0.317728204423613
-0.0416270462931102 -0.0207433291400502 0.0252228843253417 0.301985886543592
-0.0439099684396294 -0.0201819197172626 0.13538252871758 0.253958220088422
-0.0413769269343985 -0.0313861674536577 0.190868622140353 0.25529659611121
-0.00782531132077953 -0.0459861404004109 0.173237302658452 0.265082330515602
0.00318655372310204 -0.0255297782555961 0.155517930449346 0.252253540020307
-0.000233084946248747 -0.043704211849849 0.160855262725828 0.285263609441913
0.0539356346745547 -0.0852823826767619 0.219599143624811 0.342777018064576
0.0991103629442734 -0.0294376556490543 0.370422531433301 0.313192415009107
0.142265941221003 0.0748623062313581 0.156319803321964 0.319137167679925
0.0841201720307409 -0.000595093014858185 0.10920678691215 -0.0187923398087242
0.029286023898142 0.0062498708116287 -0.138611755367201 -0.164562362174726
0.0553060526011557 0.00343595449981613 -0.338439957684751 -0.126791893708967
0.0692986602700613 -0.0498949306133395 -0.394746608283063 0.0830711456610103
0.0307533361685151 -0.0960414599749927 -0.292010985912277 0.240759975692319
-0.0143564662994346 -0.105534627793438 -0.136861452576499 0.290117262667731
-0.0434782120678489 -0.131718412406708 0.00773553195875872 0.274355720033015
-0.0504656448148099 -0.131881183132503 0.126154275720107 0.215965036202855
-0.0322955241920502 -0.165118422537298 0.207313002644081 0.204795389284913
0.0574869732820675 -0.186833130912444 0.219865025890156 0.220461341815069
0.130111530242314 -0.133292086574368 0.207852124474307 0.239322140129589
0.178317734832115 -0.0602182299662829 0.172226274309142 0.283597566603244
0.229582874105035 -0.00400639560228465 0.178515036794965 0.308569896659136
0.245323746304828 0.0804279685310015 0.29748514275513 0.259383476720969
0.192736688361922 0.196687839600287 0.100852830412502 0.252453976703084
0.192227957529762 0.116881247676428 0.0766488094848134 -0.0756260488668147
0.156971618692856 0.0631693724764217 -0.153000799135852 -0.194759190811238
0.171469487620012 -0.0191523793106215 -0.333595754201542 -0.144707691944978
0.156999973674001 -0.116204002846117 -0.367604972761384 0.0508009849386404
0.0823048662526412 -0.183401733979235 -0.277923558787445 0.183778712873883
0.00127218950492473 -0.19346023742891 -0.149821007850216 0.229228123061144
-0.0388604689968417 -0.22296410813622 -0.00959897807083403 0.209213592457622
-0.0505406118718904 -0.219959485579859 0.108215115885964 0.140987187213525
-0.0265116356106538 -0.268421585759489 0.20985972725044 0.115627238313987
0.0975338360411832 -0.301424448515428 0.260892931905581 0.13602009257918
0.21394794878789 -0.234655563952202 0.269041402830338 0.200852819995117
0.321463716228268 -0.0960948412406215 0.19200009958775 0.273838252088275
0.373394809001501 0.0538873144590461 0.121249346983949 0.279564308412048
0.353676821367163 0.171342222505627 0.18182424947805 0.18025831710148
0.221966957296561 0.287661586568045 0.0272206068090428 0.137909105113558
0.286217977587016 0.215562130114218 0.0302003966328733 -0.161135277239361
0.28570469537992 0.10524790576755 -0.166527726044573 -0.238687868131144
0.280658058390023 -0.056709285185089 -0.315492680410065 -0.167211704551743
0.225054914166652 -0.184460461434977 -0.318964280511881 0.00358354132609775
0.116869567813147 -0.254412161039269 -0.24794464580647 0.101863571851813
0.0128593209438852 -0.256800037821131 -0.152987000193325 0.139669914389596
-0.0278265370734907 -0.279408443083662 -0.0253414029972681 0.115610581577589
-0.0373416946476573 -0.271973665276642 0.0845818129812374 0.0428092395537106
-0.00896179580740039 -0.32730187518977 0.197917401451997 0.00979194164244609
0.129261275477847 -0.36305440271491 0.282695961976765 0.0339785076138199
0.264578358383994 -0.291542978881275 0.317488268912583 0.149238225749421
0.410003137003173 -0.111547936506461 0.202289269474575 0.258559307944848
0.456063584406564 0.106550066024399 0.0498269096978737 0.25193150644507
0.398979946489383 0.239558555447546 0.0484766071444471 0.086488120837401
0.222110440293569 0.324935073003269 -0.0693905468415237 -0.00118711335635577
0.340054664132995 0.269386851256828 -0.043440555735545 -0.246667609279317
0.372729196887227 0.119975108068722 -0.178589736702986 -0.272956574570516
0.345162704764704 -0.0968886144792285 -0.27328320338277 -0.185400972572236
0.252123172446363 -0.232217501780123 -0.252029235655982 -0.0636063711552225
0.127473154486116 -0.291202775361432 -0.212154668220533 -0.000682123383914142
0.0173548071142561 -0.281300127679224 -0.150370813049716 0.031858969143395
-0.0127324990649436 -0.294782994816693 -0.034100213313799 0.00748463333801206
-0.0126986475908958 -0.283830449961105 0.0672459330899625 -0.0639642035757837
0.0260705654485112 -0.33630339235437 0.184785851088309 -0.0944822730763971
0.159618135365653 -0.35790400018111 0.294219383973065 -0.0579442433138833
0.29096388615055 -0.279028059362141 0.342957749387835 0.102392792977833
0.437355744025919 -0.082251666144897 0.194311682299513 0.236218411201608
0.461701775628578 0.161630418983579 -0.0215790683316835 0.215146818563674
0.372961723089452 0.283120484476715 -0.0737819195127384 -0.0198891762232223
0.188816769251973 0.303808901145982 -0.177906644857605 -0.132674913268952
0.328887655008287 0.265668064641155 -0.13463293412883 -0.304721350543746
0.383456246424982 0.107044599155671 -0.188697335077005 -0.283670048774677
0.336499926222011 -0.117319303565009 -0.215844417679951 -0.196046132093747
0.22838917325313 -0.235046247786309 -0.183567456606465 -0.139576592821977
0.112077714990291 -0.275195955017194 -0.183019379411863 -0.108161951613159
0.0172906708550124 -0.260389221326309 -0.147356509328271 -0.077495907254288
0.00302142226961663 -0.266330616552268 -0.0359771068045629 -0.0990530203939391
0.0164472715962625 -0.255132880984745 0.0625999234301723 -0.164080893700949
0.0639460160127996 -0.2939995048654 0.186019621757443 -0.178605663883879
0.183087952689052 -0.289545817151813 0.308933842477945 -0.121306999992908
0.290058513803468 -0.204002946337514 0.35346938545859 0.0725216463296247
0.402754114730443 -0.0104021128595424 0.173902708926312 0.20953780505695
0.391833501606554 0.214786481834359 -0.0772168451781668 0.159511676080227
0.285256627395383 0.296700424485044 -0.160394930028102 -0.131171573673397
0.116560381230604 0.233853760404101 -0.279351269496661 -0.227810546611406
0.249329328396596 0.216975547911646 -0.216834651415073 -0.322176930954756
0.30789332892607 0.0784812885001798 -0.190141097263373 -0.277138983732543
0.253953053466544 -0.103841891925273 -0.162417962846216 -0.202897155964286
0.161705495880763 -0.179626504157538 -0.136743189552486 -0.207454362521931
0.0839886569240073 -0.203736952038018 -0.171318856491418 -0.196151415316877
0.018640231921122 -0.195721161894906 -0.145449992869007 -0.169948602740995
0.0178539167035959 -0.199798117373006 -0.0317135626393324 -0.18781373806911
0.0388992743930159 -0.191810752108202 0.0735767151375962 -0.244131151811897
0.0855266259364231 -0.213072809630379 0.205316701920195 -0.235050653948781
0.174910856338215 -0.185999224449452 0.331980530343988 -0.15253224624148
0.248918083995387 -0.10798785492461 0.355136006274393 0.0618414158637867
0.316452896234753 0.0621654839599668 0.156600592765621 0.177812561207641
0.267702882003139 0.235568244605379 -0.0992541220847814 0.090777864366926
0.160109044184003 0.266738417158767 -0.19765398803011 -0.233075446369992
0.0111747360373767 0.134495245402879 -0.349503764552939 -0.273960321981027
0.116153689822308 0.144970416285733 -0.263898589977375 -0.305413959243776
0.170641900319637 0.0530598735213658 -0.187350073013185 -0.270346396361652
0.12550106922488 -0.0522626403750041 -0.135782577674391 -0.211853058641631
0.0771365778222816 -0.0765455318968179 -0.126659890698614 -0.24791313107985
0.0558655701780359 -0.0900068496295457 -0.173980313379565 -0.241880164189402
0.0261618085365042 -0.0969248889054482 -0.143292443133074 -0.227506291077035
0.0294892705506791 -0.10468308141801 -0.0220002370487143 -0.245395385801728
0.0458519366643402 -0.10229094630052 0.0952871656317196 -0.293240752722615
0.0742774001735169 -0.110626322208442 0.236662374860271 -0.260790710465948
0.123273267961288 -0.0811960633866481 0.356346704929447 -0.152405009694308
0.167040277656571 -0.0338285723516302 0.352069844652074 0.0632446272055895
0.201330598890316 0.0921867098959215 0.153179549424026 0.149298540507304
0.126537542180285 0.20207396879412 -0.0819357779405045 0.0308068171603297
0.0259072180853198 0.187202655316184 -0.185563599312133 -0.307587828993106
0.0668864170417569 -0.057315989587668 0.222373545826532 0.315987708859716
-0.0386587420495061 -0.104109293462953 0.142313725207564 -0.0263712908254256
-0.0862789517820898 -0.0327903143514448 -0.141396811598382 -0.161620550477921
-0.0472031090151814 0.0258448160260585 -0.358804420741466 -0.0899123310610744
-0.0182785580607491 0.0163730294014904 -0.402681104053688 0.147833657630906
-0.0232619406005321 -0.00133720003846892 -0.265672577419055 0.304594424285947
-0.0294249116924154 -0.00395312719081887 -0.090162372864626 0.329611768206589
-0.0456002621503919 -0.0186650455177058 0.0519008281781147 0.305009447877483
-0.0463427637754212 -0.0177297655288614 0.15867272052003 0.245845724996734
-0.0436002235853808 -0.0293222516099721 0.217332903085112 0.243459723839747
-0.0114009544624666 -0.0482749993376707 0.199568250288818 0.25786578872304
0.00166173113310109 -0.0268368816668783 0.175571181593194 0.2454974881853
-0.00267392525246019 -0.0454915286968428 0.184902971539046 0.283146175943848
0.0463919072123904 -0.0915228548307908 0.252301840532297 0.33414145726791
0.0979256530066186 -0.0357248475345727 0.401184473247601 0.285323634159186
0.150963818478212 0.0664557384663983 0.185189527858025 0.309856991696229
0.0854756323290273 -0.0074513736979032 0.11076017333057 -0.0327357379586554
0.0309902949667794 0.00532447542617062 -0.150999409056023 -0.157676417683837
0.0562507249078873 -0.000890331902743916 -0.354933501071832 -0.102533234519668
0.0656194392339889 -0.0575860456826956 -0.395244015814665 0.117747567733956
0.0213433345186774 -0.101234278495103 -0.276605927351403 0.268282488567504
-0.0245234985312453 -0.107114119134956 -0.115020248104449 0.305251299398008
-0.0573365771692616 -0.130824444531664 0.0315641753008659 0.278206217955651
-0.0627200267761896 -0.130217343348944 0.146524890071457 0.20736314556019
-0.0467722724984008 -0.166014147312215 0.228128681101371 0.189780995799244
0.0422251869797656 -0.197274318869383 0.243647875992725 0.206854036981451
0.121250549145941 -0.147198005352495 0.228027334201281 0.2278982902934
0.178305448962283 -0.0772299306293721 0.196087712749988 0.279706648693146
0.23352505253957 -0.023948901270518 0.206380683662124 0.300513742387173
0.25420625137895 0.065096953563576 0.32261410371695 0.237813858813967
0.212552286048372 0.187243537400179 0.123720782082716 0.246930936494721
0.206121537805711 0.102105338925945 0.0724597451643507 -0.0876483082502624
0.166549953290945 0.0524659950599741 -0.166642531091212 -0.187841537057955
0.172822214980854 -0.0336200045135112 -0.351199590200767 -0.121322609032096
0.148844221330295 -0.132765710250851 -0.369158647116829 0.0808300649938932
0.0662715710628089 -0.194729959013335 -0.267873499944275 0.209161127199559
-0.0161142462250554 -0.198233075835904 -0.132760668176226 0.245315508209903
-0.0606370558152928 -0.223692048777718 0.00756678678059894 0.21339675305181
-0.0703225935871647 -0.219779578370479 0.120583233596408 0.133043541108753
-0.0499924021249101 -0.271578664469418 0.222027269683615 0.0984140756376174
0.0721853832757271 -0.31724207702145 0.278142780340998 0.116155657213845
0.197225556017386 -0.257788830386271 0.287968018781561 0.181700650532177
0.319553068436743 -0.126169879443478 0.215312048819146 0.267927309927651
0.385706047686677 0.0225762700337048 0.145421119506472 0.275707229127225
0.371097218859563 0.147735114636337 0.200682326998329 0.167809069107923
0.250431875220573 0.27817211046563 0.0381822939746981 0.135537040632473
0.310519090665542 0.194324319636697 0.01777448652762 -0.170078450328933
0.301047305997125 0.0850887518760968 -0.181804974337677 -0.232586710341741
0.281110236379231 -0.0812863660424973 -0.3342580673661 -0.146329705592229
0.212327906838752 -0.208379660970578 -0.32402878744533 0.0274084635238851
0.0949287766798712 -0.271188060512223 -0.244978365281888 0.122582319901443
-0.00939955066540783 -0.263321842277693 -0.142554000224329 0.155485919289734
-0.0542181877977314 -0.28199440282991 -0.0172083034869583 0.118972542618766
-0.0619685718723072 -0.273894307949252 0.0883060832076821 0.0346355403220761
-0.03741419044264 -0.333085308390274 0.200555076953196 -0.0090506308938899
0.0987183106660206 -0.381481153034988 0.291301971313402 0.0105173313163253
0.243314974458092 -0.31983670668914 0.33256505060021 0.124688276202802
0.40738330261213 -0.151003589486643 0.224114883614607 0.250185816459147
0.474935449718697 0.0671985105803931 0.0694917780268919 0.254257543277534
0.422217806962334 0.212862441353953 0.0581592855582453 0.0845849887324007
0.25358667691557 0.31801140313821 -0.0713328175384327 0.00169399936367214
0.369131762002683 0.243733047890262 -0.0642169864320317 -0.250739132929314
0.389801975356302 0.0922340349472365 -0.197414611618992 -0.266200904067379
0.343553229506937 -0.128467688698836 -0.291990411818885 -0.16835452819107
0.236430548092178 -0.258844067084263 -0.26089447209108 -0.0464782602082996
0.103295135016103 -0.308577426011248 -0.217515707926795 0.015373604773709
-0.00634184424306408 -0.288524309384879 -0.149014119433444 0.0465455693709588
-0.0394905559840368 -0.298902798217167 -0.0356175083050249 0.00940166119414288
-0.0359964101501801 -0.288039181037382 0.0615879591751749 -0.0731328337916976
-0.00430452028553553 -0.344409216534709 0.178608372184732 -0.113837515418399
0.130133052159727 -0.379658986737218 0.295071561421397 -0.0839350005470187
0.272625961300783 -0.308641139902726 0.35704059837743 0.0736140169027555
0.437458911577103 -0.120477889665224 0.214000875982071 0.227387071417028
0.484668855610727 0.124986024306979 -0.00590513316995281 0.221353370055389
0.401450231719808 0.260358881510828 -0.0747012567350896 -0.0130700333455365
0.217576590039609 0.297885006276142 -0.192482003009779 -0.123952332513392
0.35722164183185 0.242486148757867 -0.161950599844779 -0.301566020041103
0.398638092816201 0.0780250758520343 -0.208546588317283 -0.275731975549599
0.331879808078747 -0.148398921493479 -0.23299633714897 -0.184565697506891
0.210890011676384 -0.259278315212029 -0.196767457735949 -0.130188191850803
0.0893680887129277 -0.291533681784433 -0.196887264820169 -0.0959973101365948
-0.00399289587927717 -0.267473420228481 -0.154528273958251 -0.0645124357021571
-0.0206542647741396 -0.271357134128343 -0.0464326255196051 -0.0985250658729604
-0.00499951658504223 -0.261527896297309 0.0482084365166299 -0.175091030035167
0.0385003744095146 -0.304683910082941 0.172666701269198 -0.199015818609547
0.160766316108435 -0.31005734806989 0.305255852138687 -0.150923747665936
0.276990165715431 -0.230959269137835 0.363792509023389 0.0430267227877049
0.409361382530909 -0.0452267296694149 0.191347755119448 0.19987322558544
0.416362876112605 0.184362551324386 -0.0679609955012044 0.169570768890672
0.311681322007214 0.280267171142899 -0.171427329940613 -0.118500371973542
0.136659728067833 0.2312201367279 -0.303166877903799 -0.213480912900951
0.271772929879568 0.19892240630492 -0.247494816411357 -0.312176436206754
0.319097171722994 0.0540372631806645 -0.210890089433039 -0.268749260530405
0.248598576397202 -0.127699763282488 -0.178284745357333 -0.196034169894267
0.147418771907972 -0.197528301655243 -0.154826333891898 -0.203776097953738
0.0667776297337208 -0.216286143589176 -0.19156967323332 -0.185985359400132
0.00251213358744452 -0.200896652781273 -0.160393634594654 -0.158265238707715
-0.00017980055986905 -0.204317623137207 -0.0492776148479495 -0.19033837003385
0.0239825002869312 -0.198029286290565 0.052302054051736 -0.256360903488854
0.0676136629687104 -0.223578581574174 0.188596459985876 -0.257387147474146
0.16095578198563 -0.203811643498088 0.325747775661279 -0.182533526258407
0.242337027196571 -0.12940835683932 0.365317989145871 0.0319731206959926
0.325341302109395 0.0364381574572143 0.170592674572724 0.169696796361681
0.292514899225814 0.216392536040934 -0.0956336555458125 0.101544604838706
0.182087279340152 0.258934871742035 -0.21763476806796 -0.21819214783254
0.0211769876074739 0.138001780793335 -0.379661835812061 -0.254018538557233
0.129788767535237 0.136879229546198 -0.293400683973917 -0.290631894426318
0.177838310987228 0.0381513971979741 -0.20817008762106 -0.261596012954993
0.121968476832316 -0.0636788575422224 -0.151272288923235 -0.207610060393715
0.0705575548247184 -0.0844970313497337 -0.148908938831167 -0.245564117275653
0.048604616070319 -0.0971197274973198 -0.198961453516184 -0.230841506838647
0.0190822346298095 -0.100798738142179 -0.163806731208677 -0.216800792217825
0.0203004275068852 -0.10799649737537 -0.044388140895475 -0.25005121415761
0.0376921333149535 -0.107799829571442 0.0702947444081717 -0.307812307381731
0.0652245524412381 -0.117630503988761 0.217990191870483 -0.285257297823009
0.118797976299688 -0.0921409487885422 0.348852635566832 -0.184492842276081
0.166033435187267 -0.0465757416425593 0.36220566006305 0.0337976811681153
0.210448403601022 0.0765786537478269 0.164924961233013 0.140417577690516
0.144963548630629 0.195377524060998 -0.0820341968788814 0.0393030840518136
0.040944462939466 0.188134345465053 -0.212307435736759 -0.293571209655575
0.0616832251643162 -0.0623670936706553 0.248588246156758 0.29245339291474
-0.0475576103752551 -0.0991005565188572 0.138701650569123 -0.0418506914847186
-0.0866336916449642 -0.0251458000748247 -0.15258580067362 -0.15034497122017
-0.0443664667879765 0.0294170542710394 -0.362443894519537 -0.0599702694857177
-0.0161809209383071 0.0173462387779097 -0.386545190031528 0.181141456003151
-0.0238215754099319 0.000807104127271363 -0.237693684462058 0.324395618169422
-0.0308752839871659 -0.00265114034768501 -0.0625552230867831 0.333252634598014
-0.0483078791866844 -0.0146797049970648 0.0784355089273728 0.298183218845159
-0.0483227181197219 -0.0144150838755702 0.178773099464448 0.230603217371325
-0.0446575773272601 -0.0261423565182967 0.237776469528933 0.222835323192357
-0.014857382926182 -0.0475206191190596 0.220966125330523 0.24017981606988
0.000471863320408134 -0.0275351057208841 0.190458504035718 0.231827389566805
-0.00556807491344443 -0.0453714433056902 0.206451803738589 0.270727551475826
0.0359385361996511 -0.0943969807696173 0.278233645307646 0.312821312753064
0.0943691536637565 -0.0408573003351102 0.419861973771036 0.248023948449395
0.155885859183089 0.0549490745382324 0.210706296742664 0.289992282711467
0.0841514463736109 -0.014752306022349 0.106203897756848 -0.0465115976910417
0.0332840079962102 0.00345536562297547 -0.160227701508535 -0.14735620503018
0.0560172531497776 -0.0057915903604161 -0.359291207215137 -0.0730454539559717
0.060073680506623 -0.0624555544335788 -0.381291613216619 0.148808580530114
0.0110468020702373 -0.102320826888448 -0.252244864752513 0.289048490979111
-0.0349269387103777 -0.105624671950622 -0.0883912311923706 0.310887442465009
-0.0697053779436743 -0.125088026654125 0.055855630641472 0.272862004900695
-0.0738439231944499 -0.124886050557378 0.161626199854646 0.192935752153046
-0.0608120303796863 -0.161761598922551 0.243331127243947 0.167727341411516
0.0244277976144966 -0.20122020348075 0.260566713272524 0.184989033794254
0.108024531037801 -0.15734775069354 0.241924536709065 0.208432497566883
0.170910505225215 -0.0931009275088225 0.215981764427199 0.265663388317305
0.229079029907045 -0.0442567539953608 0.230694461203924 0.283116371546948
0.256914896230564 0.046312235931694 0.33868342437151 0.206762276072807
0.227207403940915 0.170730967971215 0.143120074468257 0.232757393815363
0.213606083045876 0.0832332793367447 0.0643676004472578 -0.0966287038435386
0.171524834260174 0.0388425173506549 -0.176080595934121 -0.176157150272274
0.168410029571981 -0.0477410553704854 -0.357352325529415 -0.0922621536902018
0.13538497690818 -0.144869359302053 -0.359359753902514 0.109759754505419
0.0473443630109284 -0.199479160914132 -0.249156828827633 0.229051944528118
-0.0340930429136484 -0.196569883757106 -0.10983980458046 0.25366483547971
-0.0807768066459398 -0.216781885717883 0.024870064902537 0.211025485522956
-0.0894553240976931 -0.212527438906485 0.129575138133028 0.119887077175001
-0.0737973422718453 -0.26584270493923 0.228603401902449 0.0772084588959731
0.0428929904059755 -0.322361634215684 0.286509506866389 0.0918539742256611
0.173465039055672 -0.272748715356698 0.297566678476793 0.156609246606179
0.307208774713586 -0.154015828003678 0.233800204620485 0.252071662448392
0.385012412400263 -0.0123521523330688 0.166872243140683 0.262965125828868
0.379026988042972 0.118384421895489 0.213017260173607 0.148495092047783
0.272446957163475 0.258116592773994 0.048714412446781 0.129459364043554
0.324847671310701 0.166108752595407 0.00339705900482173 -0.17360874455652
0.307913266906958 0.0601124850392603 -0.19471085006388 -0.218849922802385
0.271366934338689 -0.103845764505638 -0.34243115054047 -0.119187070869203
0.19142521547506 -0.225315698484961 -0.317364520609493 0.0517670361271435
0.0690778681787372 -0.27800893199452 -0.234558506584824 0.141316681323668
-0.0319285769133166 -0.26201161440098 -0.126715587521188 0.166330063783335
-0.0795334666133812 -0.275374150086352 -0.00769272113876172 0.119647584464437
-0.0843341042364189 -0.267232431985774 0.0881304620809718 0.0251508775265128
-0.067100982342475 -0.328174638938866 0.196703877447416 -0.0278580745017656
0.0621248510713694 -0.39057418186357 0.290707915777408 -0.0143241062722881
0.214562855345803 -0.337820032718053 0.338167124447165 0.0950934606514278
0.392860787997693 -0.185099219244316 0.240774715624491 0.234455033527547
0.477045925212247 0.0229672280998422 0.089400550165697 0.247607358740436
0.434802371987559 0.179836431932098 0.0655462367799174 0.0779408529843945
0.278387189130804 0.298933738672003 -0.0713261108693056 0.00551796648589953
0.388062673695176 0.210810976257161 -0.0846899572659984 -0.24607525809518
0.396898329631246 0.0599492273177303 -0.211113471032221 -0.251804722102262
0.329242673197404 -0.155918960125354 -0.30083320878214 -0.145066470293969
0.21054990656151 -0.277627682529179 -0.261335943512056 -0.0276542008578802
0.0726163932332667 -0.316503140787783 -0.216211604790268 0.0322280047044409
-0.0309569890645413 -0.287158709973429 -0.141931243152486 0.0591659849570419
-0.0667928637863301 -0.293022019840376 -0.0357213406707156 0.0118185349621095
-0.0608929167930313 -0.283116662142216 0.0518212623195652 -0.0799956073358558
-0.034777997423248 -0.341702191992005 0.164891655338477 -0.129512030305555
0.0951619204887439 -0.388451252943972 0.286523306244239 -0.109510703982144
0.241942948831165 -0.327883335670411 0.357028284523296 0.0416788928491615
0.425063777163765 -0.15888164930464 0.229155460999478 0.211496806948388
0.492701530675932 0.0801682310088611 0.00984668350774866 0.221406897605354
0.417161934166792 0.228505364235033 -0.0733489954234669 -0.00680510282604496
0.239640448475964 0.281471284539844 -0.202425489515823 -0.109137235355979
0.375068001641657 0.208484471393848 -0.186289060726134 -0.287465582647661
0.40339031138835 0.0434963123514427 -0.224022136229186 -0.261103538548582
0.316541210246372 -0.175142457822903 -0.24287964810001 -0.165605215887086
0.184727683844261 -0.276713117196224 -0.204671144688556 -0.117283285496709
0.0614800856786726 -0.298473525956574 -0.205126003574835 -0.0794172835108818
-0.0265561540448386 -0.265986119850737 -0.156613507780748 -0.0498847717155235
-0.0452387461876126 -0.267349589527868 -0.0559458990508476 -0.0952680856578919
-0.0266638615203138 -0.258230926760289 0.0304365127095952 -0.179282258828796
0.0106821935137855 -0.305746304389629 0.152220502252701 -0.212898140267387
0.130868323918244 -0.32245216028071 0.290703873535818 -0.176138086883659
0.253912344114332 -0.250506131176467 0.3632228950116 0.00972545233345024
0.400681091089407 -0.0789516509625192 0.204042388463542 0.185950613454749
0.429065733512342 0.147517628867811 -0.0556439659148231 0.174888727647611
0.330281714762499 0.25568217395977 -0.177137002243769 -0.102490873078009
0.155265280639763 0.221348805081845 -0.318778023645254 -0.189086685443962
0.286412982172822 0.172772050378122 -0.271408953349378 -0.290222793610735
0.321377894290785 0.0259652231523539 -0.227455201885439 -0.252993416387493
0.233497020549221 -0.147899168316057 -0.189664961779714 -0.183002413651525
0.127633327156466 -0.208628329930246 -0.169396322679052 -0.193583110029776
0.0463068470346554 -0.221236227790693 -0.207168671109077 -0.169099848267308
-0.0143242466836081 -0.199665116864379 -0.170737761791936 -0.142087335124275
-0.0183348094374646 -0.202061888177147 -0.0668165710767452 -0.186728554940252
0.00665219337842543 -0.197359255041215 0.0280385116356304 -0.261350268697569
0.046504509224538 -0.22725433077563 0.163461954959295 -0.271754084779103
0.142058299888207 -0.215689956075063 0.307752143219588 -0.208445682802387
0.228389930084658 -0.146414035045832 0.363501558061446 -0.000682375369861573
0.323758712018899 0.00787345079794189 0.180368790471158 0.156159075623324
0.307092147411567 0.189514383960359 -0.0879892146952457 0.109755691847374
0.200512933253567 0.242444949721456 -0.2311210618107 -0.1957786722921
0.0321158894384464 0.137110562699357 -0.395927946649312 -0.225406407621013
0.139716172389485 0.123905042637179 -0.314444730939088 -0.26370015270276
0.178775265784758 0.0221495123768206 -0.2250919029485 -0.245318827131505
0.113800926773406 -0.0741313757828847 -0.163018590393857 -0.196113235846284
0.0612112652312796 -0.0896376312916091 -0.167549704868476 -0.234806870548765
0.039792303095292 -0.101305557107446 -0.217507757442671 -0.21240468101407
0.0107460218364935 -0.101846851504136 -0.180043468428457 -0.199836352763213
0.0103888092171682 -0.108307379425007 -0.0666722547880436 -0.24617165111658
0.0287147357800748 -0.109225153521366 0.0417662803903547 -0.313184105541044
0.0535858763783144 -0.122025613529067 0.190913744288981 -0.300395201535204
0.110145353168762 -0.100683678480362 0.331119115268155 -0.211786694729712
0.160217567130531 -0.0585640027512754 0.360542168359353 0.00328176002822884
0.213831495357149 0.0581901761015239 0.172954688686728 0.127305396564409
0.158674104309865 0.180984417199242 -0.0793720799437947 0.0476876582018812
0.0553493755678039 0.184514329903517 -0.231572227858556 -0.270444084602155
0.056775330197746 -0.0643475911936107 0.262422043367161 0.265822461895573
-0.0531323784647901 -0.0920439866428328 0.130606738422787 -0.0548379101479343
-0.0847496993014003 -0.0192346482053843 -0.156890840243827 -0.138118186558654
-0.040411081685888 0.0310822613341629 -0.355617936137052 -0.0363810588421881
-0.0146364077758798 0.0177711251587154 -0.363825341260759 0.202507801854454
-0.0234001954907538 0.00317102624543817 -0.207528836551116 0.332118549547526
-0.0314871214958099 -0.0013491753036682 -0.0388757520140972 0.326403275857126
-0.0490849308577824 -0.0109563613057364 0.097381226027282 0.284974410946646
-0.048254281726353 -0.0116137648468768 0.189996034941743 0.212286572302471
-0.0448826803459444 -0.0238132736932329 0.247591306595462 0.200459116438436
-0.0180373086888084 -0.0469349101903098 0.233254196420005 0.221041783007968
-0.00112686196906767 -0.0271255116503891 0.198815711985419 0.217050418621309
-0.00740732991351456 -0.0450822639944283 0.217995016642016 0.254827599202554
0.0270711950275915 -0.0934260721664661 0.292073389930807 0.287582090997818
0.0896755737793462 -0.0437079457297193 0.422430065431947 0.213863475562103
0.156589169427917 0.0448042265884448 0.224409124591671 0.266630604243816
0.0810071727116691 -0.0197904579298666 0.0988632205351334 -0.0561511086719996
0.0343191537246999 0.0013573878068897 -0.163416251548245 -0.135551690790293
0.0547122790815022 -0.00884584444476945 -0.353525147953045 -0.0489499175784738
0.0536592714027295 -0.0657924709504775 -0.361117421433008 0.170198954866289
0.00291012566874036 -0.100437005159727 -0.225812370330453 0.299282949921866
-0.042407213340087 -0.101626726566248 -0.0646147912791957 0.307006451291417
-0.0781889098470554 -0.11714987419324 0.0730720678232803 0.262689871403664
-0.0805652820455241 -0.117341969610022 0.169532809869796 0.17681632726825
-0.0698030817459 -0.154373092366143 0.24901278761024 0.146243466266906
0.00959759614498145 -0.199656886049173 0.26794743071078 0.163131210007523
0.0951325975156961 -0.160858796748897 0.246826858743328 0.189593911115417
0.160971102533237 -0.104016445862504 0.227314087885519 0.249884057022985
0.219702984075422 -0.0584937484799755 0.243178940832021 0.261852003138669
0.253048403311916 0.0314046581963802 0.342322131031333 0.177943428259598
0.233947113057441 0.154213129218161 0.154605035534 0.215106856724156
0.214416950531579 0.0666843193693089 0.0551721924002831 -0.102252736247036
0.171664963154508 0.0270385917748457 -0.179522193326285 -0.164293889318297
0.161659868106049 -0.0579839784975659 -0.353426080653047 -0.0681590299300816
0.121118017364327 -0.151351555488746 -0.341985190133327 0.130534223338716
0.0299729249975217 -0.198066407518204 -0.228460530192925 0.239418150110625
-0.0475173056094153 -0.190921576445524 -0.0900098710584394 0.253293166368504
-0.0956057025676293 -0.205175406722749 0.0386873544688542 0.203769696427497
-0.101458300220677 -0.202291778763144 0.13215760657698 0.10769226175381
-0.0899837220015365 -0.255591772180336 0.226879872131497 0.0583272022051156
0.0176179036543711 -0.320423824341813 0.286505008449572 0.069532305673285
0.150376735398094 -0.278077183500131 0.298630414523612 0.134193528935994
0.289810811958899 -0.172321639414557 0.243848992248132 0.234969937060729
0.375516826811057 -0.0397013301910192 0.178117634744864 0.2467088126096
0.376002419486039 0.0932400776768159 0.215980159151696 0.130474683657281
0.284280663501958 0.2371398247548 0.0549883897977538 0.121688732325476
0.328987714895526 0.137866759975135 -0.00947597978920568 -0.172132261496886
0.306283399158675 0.0382349261782372 -0.199211681004123 -0.206641112550618
0.257924496149438 -0.119845910842742 -0.339362683353062 -0.0947169150436647
0.169556150886647 -0.233653040456919 -0.305491492458726 0.0696831765116445
0.0455171495477273 -0.276284453983597 -0.220818683330825 0.152764647577948
-0.0496847548574154 -0.254184490410937 -0.111117062529772 0.169503085573797
-0.0985749732145173 -0.262909621997117 -0.000287944825439968 0.116626498765086
-0.100616427804757 -0.256224372521904 0.0846006745727665 0.0172880578620044
-0.0883110772717034 -0.316145998504627 0.187540488124466 -0.0414403066420668
0.03231199855748 -0.386895137134026 0.283381668430776 -0.0349356020507559
0.185421787726676 -0.345178413465353 0.332856354530074 0.0702273433295067
0.369812261310738 -0.21002395215057 0.249101973617757 0.215770370156695
0.468562397643745 -0.0108143388504185 0.100811555700944 0.236722592591573
0.43488406136319 0.148878422855344 0.0686683239468742 0.0715745578573472
0.293847541234757 0.275705490268051 -0.0704520883123207 0.00872517488397226
0.392874299086572 0.177251167941639 -0.0993882463097397 -0.235721292915199
0.392829543592121 0.0317973483482324 -0.218085143629207 -0.236797653158869
0.309671439007608 -0.1744274811314 -0.300484209705817 -0.123338655672824
0.184451116583589 -0.286932793659552 -0.255584186805307 -0.0127526552706473
0.0468629456187267 -0.315415868570797 -0.210933879085141 0.0458405410160508
-0.0497191258139544 -0.279376980341593 -0.132475723424189 0.0671042611907811
-0.0866970502539217 -0.280984924930781 -0.0355235219803845 0.0139798571498986
-0.0778072053087514 -0.273098161051507 0.0415000455683177 -0.0825967812766886
-0.0579392959628712 -0.331218543552926 0.14975619360265 -0.137862706571241
0.0632947153920016 -0.387198453814408 0.272396319737389 -0.127579556177626
0.212941151193631 -0.335958683112289 0.348467960884426 0.015610817690794
0.402672778734148 -0.184023925836143 0.23554630921371 0.194721447124025
0.487114254164065 0.0426181593743531 0.0213013359736401 0.216692605709148
0.418397793293178 0.197030179446351 -0.0708205482618647 -0.00122769847021218
0.255049539869884 0.261771811150589 -0.205760875924194 -0.0950400032996054
0.380622060413412 0.176332579260204 -0.200811425139363 -0.268730236179064
0.397144819826689 0.0150538236569166 -0.230672435326491 -0.245183685682449
0.295510482313581 -0.19203259387482 -0.245067133158962 -0.148252599717715
0.159107753801195 -0.282789040857709 -0.206312083197825 -0.104774916088517
0.0377978292811405 -0.296355386388762 -0.207374504018848 -0.0646526571087069
-0.0447934020447816 -0.258942146740481 -0.153732356143952 -0.0382221747292852
-0.0642430216860596 -0.256755714797844 -0.0621987127221246 -0.0900468439479921
-0.04267691736327 -0.250595229130884 0.0136601080689032 -0.178836261405427
-0.0115933323860505 -0.29835737419034 0.131599783689148 -0.21864250690063
0.104600802518808 -0.323992048945031 0.271409287843058 -0.192554059355676
0.229966498271582 -0.260776559200978 0.352185514087532 -0.0152931630883625
0.384039198867457 -0.10612823039663 0.208695202377459 0.170241728725219
0.427831835803381 0.112455094960091 -0.0446639467410239 0.1760390900337
0.335901698993181 0.227470530951447 -0.177014185278253 -0.086800646981318
0.166896843902551 0.208352657035742 -0.324898149577182 -0.165635649612827
0.289840971263245 0.147939356006336 -0.283299216436167 -0.266136397717409
0.314766924034126 0.00347470926864776 -0.234220408231657 -0.235836606319681
0.21642797660973 -0.159951995847288 -0.193495944618121 -0.168957494685983
0.108137853292549 -0.211599969419681 -0.17735497384698 -0.182134422921605
0.028116125584283 -0.219015090835716 -0.214686902281522 -0.151475119534773
-0.0276789560292286 -0.195469052301137 -0.174392032446466 -0.127000740851973
-0.032801789483286 -0.195122921446206 -0.0796868013431705 -0.178115060865857
-0.00638772294559565 -0.193178839280558 0.0051608655486178 -0.258527897138218
0.028878409730672 -0.223826797832287 0.139892728171877 -0.27545024694526
0.122417224259649 -0.220234046669626 0.286134876720019 -0.225576160572073
0.212566393711396 -0.157028876631679 0.352268022462907 -0.0249890271869707
0.31536759230495 -0.0136913104865397 0.184090802628382 0.142662093099035
0.310941570177312 0.163373111053929 -0.0794402738908334 0.115107573701078
0.209449238058819 0.224807219335495 -0.23516100992157 -0.173935612609888
0.0410497151701015 0.133411642988196 -0.401810581731222 -0.195788690964527
0.143667027929626 0.110668743047164 -0.322320897354012 -0.237469576724371
0.174414656289073 0.00856647983245592 -0.232516045847354 -0.226845379069066
0.10438015598711 -0.0789782800099088 -0.168654594737406 -0.185601150856357
0.0520574553109846 -0.0907284049086806 -0.179200985842606 -0.222090895967561
0.030499918460622 -0.102308963983247 -0.227023201905809 -0.19324345646848
0.00388552604960214 -0.101034059781976 -0.187677071757389 -0.183074802527604
0.00207091874962016 -0.105028762194087 -0.0838883299157409 -0.236420054336549
0.0201730784190665 -0.107477904375934 0.0168058293516704 -0.309217236851047
0.0437435995603631 -0.12181793672087 0.164889576379663 -0.305245581969468
0.100066470212689 -0.105663198238815 0.309236634495716 -0.228276847215171
0.152103346999677 -0.065997913955361 0.349921258893944 -0.020773215758133
0.210875955555711 0.0430355745288908 0.174485365747592 0.114070802878138
0.165821222289655 0.166814228839687 -0.0750652372642727 0.0540475939751996
0.0651759809187543 0.176280045301831 -0.241446377838534 -0.24496054437552
0.0801213419749046 -0.0346353496876256 0.129801687966689 0.33442387736488
-0.0106444913840526 -0.102459720962971 0.133075190556245 -0.000964608830638044
-0.0676375449823887 -0.0505282294126931 -0.0895693880163584 -0.182813404911397
-0.0470330930192701 0.0122852165257972 -0.308999789817328 -0.166945881963669
-0.0157698627391994 0.00917136478143399 -0.405404423814961 0.045204078121292
-0.0217775230359607 -0.00749414877282822 -0.314499541684606 0.222178422578647
-0.0290719165027426 -0.0147217097925657 -0.160915562753542 0.279484193068452
-0.0413848627247264 -0.0280124159885444 -0.0183186368816274 0.293940713538946
-0.0381525436386043 -0.0294466640614863 0.0911911154980935 0.261668418927154
-0.0292153394242544 -0.0401590729221181 0.150736262354857 0.27494095560877
0.00405966222720783 -0.0519276291822068 0.126110525334037 0.286792996091228
0.0134241621221635 -0.0267638919089967 0.0926619413782123 0.27331151037789
0.0150172709161279 -0.0449927780193348 0.0988252548504557 0.314735568797451
0.0616067174899303 -0.0742048396768171 0.163793565725306 0.367844024306595
0.103790748368013 -0.00668988340296527 0.300697306780048 0.357181363662628
0.126458831617589 0.108763176912711 0.103918526966217 0.30717458666796
0.0801367668928095 0.0154553545153213 0.109527781607164 -0.0213502251384658
0.0314604834617296 0.0150735703042813 -0.0928553270742331 -0.191600063551031
0.0535220153128346 0.0147092595224307 -0.303707651742454 -0.184154276078614
0.0776566238196719 -0.039026303975526 -0.39378542681804 0.0117926160373313
0.0409521587400959 -0.0901911549800926 -0.320484700433322 0.180510023774621
-0.00122815574240488 -0.107943468955605 -0.177654099938216 0.250633691014766
-0.0288996788933697 -0.13550243393781 -0.0323129648691922 0.264545745557812
-0.0287754616540319 -0.136984535685504 0.0873738861028657 0.221084796197044
-0.00601741797260357 -0.167370090565674 0.173740416747009 0.223490743043263
0.0822643220469387 -0.182161355716365 0.180426141021782 0.246264351744652
0.148626493965081 -0.114548008548013 0.149830372945109 0.266355590989294
0.192363072293867 -0.0414119419691776 0.111770386192276 0.316156371764666
0.225329712376037 0.0218802060188622 0.12949310695457 0.336133752727478
0.227875279841373 0.117368013808816 0.234829220226362 0.301642989763355
0.151927129086377 0.243824493841663 0.0695228099362405 0.222514622036157
0.164278498173933 0.145315144991512 0.0931022636168489 -0.0868442417987401
0.145187128236271 0.0929200901080173 -0.0927760245921338 -0.233744380722823
0.167116728286465 0.0144371207459768 -0.297228424364544 -0.208804606138653
0.169721099133802 -0.0886867706250408 -0.364050889099913 -0.0220375602546784
0.10243489412047 -0.167017122305536 -0.304085689015822 0.122100861777678
0.0289176074075929 -0.189836274618998 -0.180428941387431 0.191965116334985
-0.0117538467894768 -0.222415960261339 -0.0424946241949829 0.199134353957522
-0.0172010091096649 -0.222315593320809 0.080323843370531 0.143621522087648
0.0102973737037988 -0.266427481751367 0.187462147029115 0.134722013527704
0.131841173317241 -0.290096415949669 0.23211443727624 0.16714307463715
0.24107153357058 -0.202347085405825 0.219985098202118 0.234171963899899
0.335238818170333 -0.0613874083221085 0.133040722320688 0.310925081730245
0.360844865421105 0.0913306837717603 0.0768151606805464 0.305462331786746
0.317733151148479 0.216829882558637 0.135571182441692 0.216370937548756
0.163879692039677 0.342559080496706 0.0226298214823144 0.0927060812716082
0.237676096096403 0.255493930368216 0.065816835998156 -0.179813290802075
0.262202742036243 0.155969241265981 -0.0924833796723512 -0.288541465325067
0.276914967603045 -0.00234904537127991 -0.275451570648283 -0.234307621168159
0.244116719438801 -0.143307751106079 -0.310862285639647 -0.0680823671713534
0.145915458858443 -0.23051102126605 -0.266444998644647 0.0443848318451657
0.0507717246695901 -0.247938889458036 -0.168239233767225 0.107587029220494
0.00661266438778495 -0.275750072401367 -0.0449448603421781 0.106484603303698
0.00396334430925242 -0.271122940954809 0.0708168032394873 0.0432475341290298
0.0321017105959207 -0.32040013584747 0.190100057128846 0.0287967499516287
0.16515518237869 -0.346682146381761 0.26923646807347 0.0710523306568724
0.295835301241336 -0.250486340116793 0.277432013852957 0.189033847103403
0.422530420388607 -0.0695610109854379 0.146620094815341 0.296706327371933
0.435855776220415 0.150515025916865 0.00915177939994598 0.273358735387293
0.35019283726642 0.288090886789298 0.0214697351614365 0.10919445436965
0.155350027458085 0.381999116006596 -0.0445452978324576 -0.0597644192800303
0.279527964711697 0.314706380745315 0.0109996976377497 -0.274275189810848
0.343047733696568 0.18392528587261 -0.0968952030805456 -0.329413423015356
0.345608038283909 -0.0291280114753279 -0.231269391934171 -0.250761227322491
0.277948588911104 -0.184118995497986 -0.236427906600694 -0.126503630988728
0.160987850144613 -0.264629997187293 -0.218161635212171 -0.0507756732236389
0.0603715954132149 -0.270623877404583 -0.147991241511876 0.00560292631279431
0.0242397262273385 -0.287893795237951 -0.0382653976526343 -0.000986078532382031
0.0293139683274399 -0.278064154870125 0.0695775352134092 -0.0622488702643138
0.0636889494782985 -0.323271771008825 0.19184760453689 -0.072751424207642
0.194400149100857 -0.335365849397493 0.29450373962561 -0.0162191742422411
0.31828767581968 -0.233088495822162 0.312623237701776 0.145745594220582
0.442173075046019 -0.0335784671205636 0.141900402961503 0.271863072190251
0.43333923079638 0.204297244203005 -0.0577197570835508 0.228843152227875
0.317830741429475 0.325465547279266 -0.0790470657455687 -0.0106323715943402
0.126266129061353 0.35273950792875 -0.128240134141555 -0.200872271390286
0.267129426428201 0.30981840030376 -0.0675966213357259 -0.341875953858164
0.351404310589087 0.17028686547692 -0.107358796653104 -0.341711533962125
0.337725541927555 -0.0525827190422166 -0.171119499881063 -0.252099034585365
0.252136026393044 -0.188516385830953 -0.156633180598757 -0.190283826103548
0.145639908698338 -0.251104576716609 -0.172675157643883 -0.147286752211059
0.0580111195490753 -0.249602024839354 -0.126437839619514 -0.0968742777790087
0.0364029402560838 -0.257264286456062 -0.0239595797764379 -0.105207520829529
0.0532345405154065 -0.24549989703259 0.0796589539214363 -0.159291765360019
0.0934693925647516 -0.276753341919051 0.205800430704559 -0.151651399345851
0.208023724603117 -0.263413555420744 0.317341129518512 -0.0733222336959666
0.305304592541396 -0.157854398497074 0.327805239320782 0.119310676466624
0.395981015721998 0.0336716130859095 0.125183167561146 0.240669288627809
0.353849237664929 0.250129017589775 -0.106944338354719 0.166166638980196
0.229771713896226 0.325290175436917 -0.14333130072099 -0.132885476088356
0.0670149886462729 0.264992488878378 -0.211625055089385 -0.299913453956985
0.198600653176824 0.248124936232483 -0.144646108723849 -0.364149550593551
0.281704671500905 0.125357568563737 -0.115471981460058 -0.328817501489048
0.253666185739189 -0.0550963807514213 -0.114910569777953 -0.246152839776552
0.178633928697165 -0.144187110532664 -0.0986082627913854 -0.245485548048136
0.108482691915993 -0.185747730882449 -0.143363356643569 -0.225884429774769
0.0496310840676263 -0.18584025016926 -0.11078773744564 -0.184380595712036
0.0413364053375527 -0.189382448419928 -0.00606362701152262 -0.191347878919788
0.0643184535000705 -0.179467906952504 0.102041483540909 -0.232496559154005
0.102933943007353 -0.19385230900561 0.233264636206137 -0.198973734938856
0.18785608164321 -0.1612214079889 0.343468638986634 -0.0956902937114777
0.250978724137516 -0.0690757606856984 0.330228284244331 0.111818386266926
0.299467782408527 0.0949925353341816 0.11087200771567 0.204798922877983
0.228046481382275 0.257161740812375 -0.120217394765777 0.0930944905228745
0.112445034828629 0.27749120119611 -0.160489815846323 -0.238924522436732
-0.0186577033644392 0.142224353624856 -0.275416324596128 -0.340061720287665
0.0831170755311959 0.156535054648537 -0.193638276489796 -0.345537647611742
0.151847853116945 0.0747966242944649 -0.119456474183587 -0.310181171434901
0.122007177004003 -0.0276340391865866 -0.083040067322651 -0.244553923615455
0.0812454204833106 -0.0571399512346301 -0.0799714281180849 -0.277524850396624
0.0666833857531733 -0.0795755408401665 -0.134248827406155 -0.264742605411608
0.0425309729740063 -0.0897863020534507 -0.100168959208473 -0.238612851251525
0.0398149459034606 -0.0939736977967394 0.0114922744831738 -0.247091343833755
0.0564332938326796 -0.0915047974584107 0.129632002198205 -0.274611746887409
0.0802671806058294 -0.0961656176959596 0.26672550623473 -0.214800807819602
0.12714467789981 -0.0645947648326269 0.364420358468327 -0.0891055066008139
0.162945435662942 -0.00832256738434794 0.3248949690312 0.115589765726124
0.182895693196747 0.111541711499276 0.111635785507329 0.173562684835928
0.0935296723673067 0.210250837450063 -0.0951462276235538 0.0326266511969124
-0.0043165563914948 0.18260219685266 -0.134309270997258 -0.310569895385824
0.0779485018939425 -0.0375819075775526 0.143889971828337 0.323326730024298
-0.0151844580283071 -0.100086604520348 0.13001757060582 -0.00950023023721533
-0.0683929957130529 -0.048205625407177 -0.0954252771691372 -0.178554187018243
-0.0453741517697032 0.0145036319680329 -0.312492865170213 -0.154047789415074
-0.0143290486000932 0.00889446882689258 -0.399274577160444 0.0621959497080187
-0.0224901311737621 -0.00677563280406276 -0.300444240952414 0.235592561675294
-0.0312575273493571 -0.0138491601267017 -0.148196252114532 0.2828561623826
-0.043113471573039 -0.0256607534777501 -0.00435835648947249 0.293491243873309
-0.0392513091551407 -0.0285741072241433 0.102245129032275 0.256399662120465
-0.0302893912789745 -0.0392876283387451 0.163821267012701 0.265708194592346
0.0015771849350518 -0.0531712393982862 0.137812277999944 0.279792806086318
0.0130475351668054 -0.0272159682781256 0.100688094853035 0.270676007067359
0.0137575172921173 -0.0464641699780681 0.111464103106212 0.311809406100009
0.0562988939392178 -0.074730517673047 0.177174912675063 0.35819056657847
0.103174106231904 -0.00784741363735892 0.311161083909234 0.342250577627902
0.130870546453366 0.10398459240315 0.115747634213103 0.297667763923569
0.0802700042498305 0.0119836268226176 0.105902001439672 -0.0283815819767953
0.0334821832610024 0.0135907861866783 -0.0971273174000526 -0.189014897868118
0.0538547756754375 0.0125505753690283 -0.308400352306899 -0.171322364562675
0.0748456783359631 -0.0432274549895624 -0.389297109013865 0.0283402925895944
0.0355207978511187 -0.0916599596381797 -0.309034992851388 0.193697101637806
-0.00751666962463203 -0.108806629044237 -0.16521743884138 0.255796805066932
-0.0362801069487817 -0.133299330339352 -0.0195205002407028 0.265079068082461
-0.0353560503450517 -0.136785039970344 0.0961914413177998 0.215584506922353
-0.0129787756939363 -0.167532887520165 0.182651461598625 0.213217475579853
0.0722073119651918 -0.186825074837033 0.190299745266029 0.236235870266607
0.143661345064735 -0.121176392081403 0.15673471852394 0.260013942172953
0.1898099255526 -0.0511906115457838 0.123692736298145 0.312686424831815
0.224467537210459 0.011804365558542 0.140843662790626 0.328052578356405
0.231103746286705 0.110900152548749 0.244363637495169 0.28917322665571
0.162835501662534 0.237855562166349 0.0789754669559758 0.216127957015078
0.169800468802422 0.136369415125283 0.0872353789143165 -0.0919474888952562
0.150852047065311 0.0855495193711031 -0.0985033551120884 -0.231674783069003
0.16673472786893 0.00692045739705339 -0.301658690300828 -0.195946512311173
0.164664027561459 -0.0971701480236092 -0.361085835614846 -0.00860793420563141
0.0925337868247731 -0.17154433238645 -0.295836631805884 0.134581278434371
0.0188266490792687 -0.191978306489045 -0.170352929889893 0.197201509197305
-0.0232923244773525 -0.221048138593456 -0.0332029801862488 0.200367761736874
-0.0268022239606599 -0.221480311773739 0.0843245474380268 0.138617056922182
-0.00202226278018747 -0.266365581678911 0.191462053509752 0.123805004811013
0.115880411707865 -0.296937638850772 0.238595201686207 0.155031708479806
0.23098949431663 -0.21300211611892 0.224663149193668 0.22416561671633
0.33046108405584 -0.078477311440542 0.144701065389257 0.306316883899706
0.36307020133479 0.0741277271665108 0.0875150531510775 0.301051615135141
0.323846807935425 0.206220517356349 0.141785667397695 0.208654650189174
0.179816040419633 0.335967679856129 0.0262239942652826 0.0891291361128205
0.247688505887466 0.240966696215172 0.0573146738677089 -0.182717064772859
0.270065692011068 0.143261039232795 -0.0992438031362693 -0.286856056957652
0.275072211273339 -0.0147245036313407 -0.281190293780685 -0.223019071589159
0.235385431985892 -0.155362441556718 -0.310590404343671 -0.0561136901104236
0.132108828820425 -0.237413026463191 -0.263896139553929 0.0553481260210815
0.0379460547661321 -0.250785029975647 -0.161995049411363 0.11310800954772
-0.00753410944744621 -0.274720825300958 -0.040463139748919 0.107795740745005
-0.00818655620484823 -0.271416485301927 0.0697937285114661 0.0390268326632188
0.017021009855173 -0.321366653956545 0.188167813689276 0.0186625258386609
0.14671181616568 -0.353957749509835 0.270963171163841 0.0580103301572227
0.283515300361471 -0.262112647410221 0.280054556814927 0.175368129851343
0.41702194079728 -0.0886080139874771 0.156618623246148 0.291261147090384
0.440542263227387 0.128109249695672 0.0180200738041522 0.272149392447274
0.358748491300733 0.275289269623801 0.0255704896724707 0.108263043869242
0.174141344700894 0.375779089010787 -0.0478270227458504 -0.0595065303059934
0.291813748675187 0.298956430485329 -0.000997523560683433 -0.273584144388951
0.351490708685631 0.167882076242945 -0.105596962899592 -0.328085228045506
0.342090729244993 -0.0455896039447577 -0.236867619521972 -0.24050099962584
0.266015057438983 -0.196970867138303 -0.238096932698037 -0.118598767434161
0.146159249084675 -0.271588896498366 -0.220400284032273 -0.0405748151211836
0.0469340996419495 -0.273914541346485 -0.146112085434737 0.0113351575336349
0.00963393863000019 -0.287153908868229 -0.0394892843755671 0.000751873008763877
0.0176729163263185 -0.27920660304898 0.0621270945658402 -0.0665851617426588
0.0476544687049159 -0.324798432528722 0.185242811653794 -0.0817094990664303
0.175825886049233 -0.345253865412491 0.292320544876727 -0.0305895053661199
0.30484465209571 -0.247086649295608 0.314122769281863 0.129859254826502
0.437533464753281 -0.0553940937638158 0.149431832706446 0.267087646677718
0.439778935754511 0.182438269589043 -0.0503081605345249 0.231026099425168
0.328245784799989 0.313608332495635 -0.078948799635949 -0.00629662395704708
0.1435497974612 0.346710583580117 -0.136360036855227 -0.19627053071154
0.28067817442403 0.29443696247268 -0.0813141184511417 -0.336067837532097
0.358187361940346 0.152508145575478 -0.117354353908209 -0.338717372907644
0.331857777918551 -0.0670932496159163 -0.177416686622286 -0.244794917155001
0.240696346453531 -0.19997738262913 -0.162103822126948 -0.186448360739931
0.130775173516097 -0.256977791749092 -0.180015508556211 -0.139135720579404
0.0455305376697068 -0.253107299507796 -0.129079735898833 -0.0921256012199042
0.0229825936051686 -0.256708936392267 -0.0306724729831975 -0.104497428010623
0.0416646184440673 -0.248039246785323 0.0680691423270219 -0.162716127266347
0.0792628437956567 -0.279869855808222 0.195898488739652 -0.160631319863196
0.192847906619553 -0.272724325893582 0.312603699170267 -0.0891754562819364
0.295744560777357 -0.170572647300241 0.328717139711274 0.102615499723379
0.394873601163703 0.0147110168708116 0.132295579300214 0.236681161902843
0.361606739612735 0.231586819794974 -0.101569931596384 0.171039785248324
0.238533981094639 0.31677291591365 -0.146162485697482 -0.12456243922334
0.0793238928792826 0.262347732597614 -0.223257630641768 -0.290548109234226
0.207820718387787 0.235788114185808 -0.159014158117134 -0.355451901871923
0.285614171924019 0.11153921868719 -0.125711042018256 -0.324703237089072
0.248307104519924 -0.0650223584474963 -0.119622503171617 -0.242270000475641
0.168877762533219 -0.151406401829169 -0.107154882957315 -0.24422515419377
0.0978755591386203 -0.189904833220789 -0.154444403949325 -0.218481278775763
0.0400196541696079 -0.188620254792848 -0.117238299408154 -0.179127517965792
0.0313056781379697 -0.189208413860078 -0.0167078722140363 -0.192016762240677
0.05605402239006 -0.181348643444086 0.0873775012487406 -0.23719282010817
0.0928041480087733 -0.197476679859604 0.221837418519183 -0.208479622709313
0.178471551155142 -0.169023495591093 0.337093614918217 -0.111892106033027
0.245757652733081 -0.0789293864359019 0.330906846820568 0.0952311827392586
0.300830520306256 0.0800720315973719 0.116100225691338 0.200873969187705
0.238025929334513 0.243874490669675 -0.116532419913605 0.100429936493487
0.121124679032416 0.272210660155086 -0.167082103714121 -0.22875393596981
-0.010727254326524 0.1427687099381 -0.287009943618756 -0.329895647723174
0.0884751334739824 0.150198264918865 -0.205413304276697 -0.333839770626573
0.15340232817227 0.0657974733202555 -0.129747852062392 -0.304656075657885
0.118119192665683 -0.0325416067985543 -0.0885042487749621 -0.242304975558027
0.0771951978316022 -0.0598473128871438 -0.0913175351135895 -0.275899583456253
0.0617068381065092 -0.0821541853782078 -0.146522031654357 -0.256987082395712
0.0376761451975273 -0.0919749228157952 -0.110406454590597 -0.232588884303562
0.0345130446339837 -0.0939494160326005 -0.00194273121658015 -0.247233920515308
0.0523724878827714 -0.0935227105116946 0.113844038342957 -0.278761196404713
0.0743115657067704 -0.0986495155373278 0.254379512347247 -0.224627932412491
0.123132535274546 -0.0695918642907237 0.357133262460689 -0.104332147212144
0.161647693495278 -0.0149634412704836 0.325456480406219 0.100567983757716
0.184973147717151 0.101542529103999 0.115952855505094 0.169501168305385
0.102177508066909 0.204803932419918 -0.0939034641300649 0.0401555806246762
0.0027629261130162 0.18190927358137 -0.144961803700618 -0.300658908882259
0.075629532712437 -0.0410941146690397 0.161856982131709 0.31380683454224
-0.02061348005372 -0.0986208024972176 0.127837863921152 -0.0179422559267384
-0.07001522171783 -0.0445595041693548 -0.103232985045436 -0.175185522183386
-0.0449033723823395 0.0167185346118108 -0.320047034255955 -0.139398137429565
-0.0137236595870781 0.0091013995107087 -0.394928771518044 0.0850958395572159
-0.0230313242703002 -0.00548553661939091 -0.284384514470099 0.253591681640989
-0.0334414330204433 -0.0128380703200482 -0.132930192014506 0.290896563861637
-0.0453767364581095 -0.0233078511719294 0.0140799923304153 0.294277392596993
-0.042001512649489 -0.0267433243582134 0.117593780014541 0.251165042893584
-0.0320398933222243 -0.0391357093452911 0.18021403449935 0.255827898540733
-0.00241229384673933 -0.0541842703227303 0.154131485228997 0.274192309293039
0.0132507341073034 -0.0286878802652465 0.112105544743554 0.268417774775909
0.0112633596038166 -0.0481112842891008 0.128534439758714 0.309699280653779
0.0512708409929045 -0.0759829258239177 0.196212713120986 0.348931558530518
0.103709840033735 -0.0109936465068723 0.326816766371932 0.324912308409484
0.137673657235555 0.0980281112783382 0.132151289479734 0.289821615153629
0.0813609821492814 0.00704164266735728 0.102636511192316 -0.0359000351768979
0.0360099498784765 0.0110193579978815 -0.105335537073766 -0.186592889741953
0.0550127538395383 0.00938698557512772 -0.316388711625951 -0.157167047299369
0.0719712663574403 -0.048472064579893 -0.387045820703116 0.0493953996261876
0.0291423251255327 -0.0947175826795535 -0.297406408945547 0.212290486161778
-0.0156793677151145 -0.109123863795613 -0.151984082079681 0.26438851958612
-0.0451710362665405 -0.131500081588079 -0.00369945095465029 0.2674454288942
-0.0435247359009298 -0.136193069357095 0.108649506397257 0.210139265659498
-0.0229987651928203 -0.168519353787358 0.195956231784287 0.201604740189331
0.0594144603793111 -0.193503054691067 0.204040600711667 0.22657347410454
0.137616349529697 -0.131431027028229 0.168001584200112 0.254422191774521
0.187974828317904 -0.0628071990972804 0.14109377436786 0.309838438538498
0.225489239184407 -0.000194627209169736 0.157195194587773 0.320566548609383
0.237618032035787 0.101463961270836 0.257713431335104 0.276562415612358
0.178066303304035 0.229903234848509 0.0889557795472124 0.210708291797214
0.178015680675829 0.126180475002475 0.0810311461440349 -0.0984006827967539
0.15792359182453 0.0760941544938293 -0.108208300521609 -0.230698261204443
0.168139349691666 -0.00296387868702645 -0.311135642477391 -0.181511374937664
0.157850428051874 -0.108452938069517 -0.360574796517676 0.0102420112873051
0.0804426509557407 -0.1781278888749 -0.287997109269327 0.151763412692228
0.0057563071920608 -0.195413559770413 -0.159651311983478 0.206871006773631
-0.0381820175984377 -0.219908841704302 -0.0214087949471756 0.203345895716607
-0.0399309840791804 -0.222607468535816 0.0904613074815461 0.134255920203151
-0.0178570723471451 -0.268729269976636 0.198324227814372 0.111841825824709
0.0962083719388515 -0.307259856758555 0.24815983264696 0.141388975378811
0.219869696163734 -0.228123406461542 0.234867021988826 0.213767803728892
0.327647303153096 -0.0995228288076163 0.161730047156511 0.302661851958811
0.368434677195529 0.0532395065554322 0.100910333845133 0.296901721235128
0.335327929460552 0.191400786535823 0.15197517144839 0.201394970124687
0.200930223992059 0.327045494036917 0.0288827422645619 0.0862338005293194
0.262150714863436 0.226842201479632 0.0459511105357631 -0.187356786334442
0.281297092605561 0.127230356323506 -0.112118837320666 -0.286659375008567
0.275477497879648 -0.0303550762767176 -0.291092582253599 -0.21025532851635
0.225042026146987 -0.170586165977376 -0.312046328721361 -0.0420933422433038
0.115865157969459 -0.247524352945451 -0.261694276983759 0.0699492407776677
0.022009675065655 -0.255294449270452 -0.15517531397984 0.122069862622351
-0.0250138528060248 -0.274903362678769 -0.0351650127064825 0.110331849315647
-0.0240380962898967 -0.273344620764615 0.0692884016139861 0.0352892126734664
-0.00291774168226096 -0.324823173222726 0.188312401885791 0.00631318334634092
0.122867205921469 -0.365585659851343 0.27481408154756 0.0413337207978223
0.268737075542984 -0.281022570153642 0.288271942940116 0.159794719989286
0.41267481270356 -0.116395070773523 0.17133700115859 0.286776200367802
0.449647728845864 0.101237900492381 0.0307898241650152 0.273691087039678
0.373964947812146 0.259333574906361 0.0305436484083024 0.107149313129193
0.197407773557195 0.367999899908674 -0.0522979847287786 -0.0580556635833851
0.309400376737091 0.2808472277658 -0.0174080654037268 -0.274133482055455
0.363666976088102 0.146911094729899 -0.120662000963708 -0.327458355470418
0.339362199383306 -0.064876512362925 -0.247548692012793 -0.229941255586524
0.253234348707571 -0.213530759388874 -0.244170136459618 -0.110900744253411
0.127832797942408 -0.282408656289439 -0.224554155163225 -0.0289573140852869
0.0293291201950309 -0.278725851042117 -0.144782199460733 0.0186533205293113
-0.00922135225525637 -0.288361484816762 -0.0398975875327162 0.0028425379475921
0.00188455754913377 -0.283516996839873 0.0555427351934566 -0.0700126371545439
0.028168897518396 -0.329774227139529 0.17895191071645 -0.0938692418818322
0.153084631826704 -0.357455029631607 0.290449770212672 -0.0488403672642182
0.291985773784584 -0.265853314906749 0.318756124702199 0.111923563109647
0.433997897642594 -0.0835949295011181 0.163120486910366 0.263136346349006
0.451283632965911 0.156443185455467 -0.039829140880989 0.236396923441139
0.344776011651692 0.298812462704136 -0.0788286702922944 -0.0014442565026016
0.164093857891992 0.340920217336955 -0.148144409023342 -0.190616040508356
0.296818462475543 0.277048610793847 -0.100281292792795 -0.332320208834775
0.368392787035947 0.132106218940192 -0.133448674812083 -0.337525947984082
0.328366314580887 -0.0858817072581034 -0.187321541364872 -0.238265775893514
0.227894120149067 -0.21435901469327 -0.171607110303694 -0.183040311124736
0.113671406384885 -0.266521938591862 -0.189714550494741 -0.130095521266871
0.0295605820161283 -0.258122328480295 -0.134235332029474 -0.0863193149924644
0.00662812576287932 -0.258041672776341 -0.0373948671760339 -0.10363825316482
0.0281817668524143 -0.252925733465299 0.0556680297688572 -0.167763804712367
0.0624851203079699 -0.285463923492642 0.185635997349707 -0.172530967351738
0.175128592680766 -0.285982397079529 0.308188606057741 -0.108559973577094
0.286403029059491 -0.188116642359858 0.332223473424063 0.0837638703542823
0.394036201437541 -0.00951916883831179 0.142515841147801 0.233148723291873
0.376961151767533 0.209994814320147 -0.0938570451111407 0.179031990441046
0.256374331492517 0.30690302081834 -0.152489481493427 -0.116170194873452
0.0956998624976691 0.259117404702528 -0.23966584876143 -0.280500224483208
0.220967514257043 0.223037681962678 -0.176227517414632 -0.347264263461169
0.291912766634784 0.0946304280336017 -0.141329352917085 -0.321737075688952
0.244695877225925 -0.0793195253388488 -0.129407229025102 -0.23912264872655
0.159020712446538 -0.161070101912371 -0.120960016821503 -0.24316880544972
0.0853179346335948 -0.196610928405453 -0.168585690891841 -0.21006062592543
0.0280439863333402 -0.193386287853347 -0.126654502522927 -0.174806677931636
0.0200938335597113 -0.190658800382737 -0.0297313366791048 -0.192239593180655
0.045793528908261 -0.186037231308288 0.0699156848324756 -0.243154504598447
0.0801538794757424 -0.202855375931508 0.209041489733246 -0.222232059323397
0.167614569276839 -0.17917084726548 0.330071760622565 -0.132365789369223
0.241615187847221 -0.0926588115702384 0.334492691618363 0.0763373836550113
0.303524861893504 0.0623933209877195 0.124647565301777 0.197625495292145
0.252137234472808 0.230499954720793 -0.112001658717664 0.109837324003992
0.13562712806936 0.268525186995426 -0.178471237714762 -0.218929771656878
-0.00155486306437766 0.144020887566232 -0.304743434901413 -0.316438476364472
0.096718390881438 0.144747943133692 -0.221020844297354 -0.32301402467896
0.155728796548343 0.0566759709114635 -0.14475876156483 -0.299847400954054
0.115376304869602 -0.0387506230914169 -0.098124041102283 -0.241107972058436
0.0726496036887186 -0.0631448772406559 -0.10752918374219 -0.275696103573477
0.0559560235945019 -0.0862887878412681 -0.162148065173485 -0.249015357762649
0.0319072905197999 -0.0956385169016253 -0.123522325639987 -0.22811976628777
0.028746772346362 -0.0944830356514257 -0.0177521250646089 -0.249250815234454
0.0472539036484927 -0.0965694910688394 0.0945216377168541 -0.286254182927416
0.0675607844639289 -0.101901411029728 0.241551935264052 -0.238813423305907
0.119290329122308 -0.0756832987324001 0.352137574029682 -0.125743883587569
0.160414085402286 -0.0233808901373395 0.33074085084837 0.0819086023439856
0.189800070178414 0.0908307600732587 0.122896762488935 0.165702018750387
0.113384347514764 0.199413203368351 -0.0925866539196181 0.0479261349294352
0.0124796218290983 0.183064252383978 -0.15959693069105 -0.290948772859366
0.0721818157761836 -0.0456167286037265 0.181508336010313 0.296956369645015
-0.0274845799624714 -0.0952956328305074 0.123515608929771 -0.0275190148294258
-0.0719742643754181 -0.0392752545880331 -0.113533418468801 -0.168054928251497
-0.0418646602216702 0.0200351568790935 -0.326328957763701 -0.117538552274924
-0.0126731619384478 0.00899661368627912 -0.383884953461936 0.113648919900172
-0.0233212868156907 -0.00382645564568113 -0.260828331150113 0.272130877065325
-0.0359283672377953 -0.00982697019797154 -0.110902194242277 0.298108296052711
-0.0474341436668451 -0.0199382033775717 0.0373051485107404 0.290555989358821
-0.0436497065956614 -0.0242333780484131 0.136172351720006 0.239294931240665
-0.0344469096307464 -0.0373714111515455 0.199350625550893 0.238339562773965
-0.00683888823469351 -0.0544145370420679 0.173877085062139 0.260475795351263
0.0112141213874927 -0.0302417096213937 0.128736751008877 0.261567732203793
0.00768129639703828 -0.0487011828012294 0.151199804143695 0.298261864743409
0.0451547172365025 -0.0772730740785919 0.218154330654025 0.330501269477265
0.103448697555048 -0.016632267940088 0.344025418694701 0.298911226916551
0.144089982569349 0.0873051213912479 0.149891561371778 0.27580167606883
0.0805541185668146 0.000188556746114607 0.0977343459407747 -0.0431307764758846
0.0374872987074985 0.00693302460008524 -0.116638574398279 -0.180318312447834
0.0557040545324269 0.00546820946020972 -0.32360574131518 -0.134640968834501
0.0667111672906652 -0.0546511772319674 -0.377954111808644 0.0775298624875939
0.0202474575462906 -0.0960595514243573 -0.276848170824553 0.231432107304867
-0.0255504458334674 -0.107290228354651 -0.130180985971918 0.27261712529995
-0.0558013008875613 -0.127104171696704 0.0168513791759284 0.265418076674339
-0.0541888070983986 -0.132529838035056 0.122611932533317 0.200074801892855
-0.0360663272309375 -0.16616025224142 0.209284450170179 0.182935521400405
0.04265440968478 -0.197340086012656 0.219414912936392 0.209178818057497
0.126593927640853 -0.141992811463398 0.18274606423793 0.241701552951095
0.181182096356271 -0.0778551741130123 0.163165905603354 0.298412897481078
0.223059563918005 -0.0161213887795465 0.177539278534123 0.306426741730367
0.24369883091461 0.0855253009762993 0.272988161333612 0.254272193129886
0.194706727445939 0.215229735684897 0.102304342703163 0.201191842118394
0.185112864284272 0.109537174239704 0.0714094312928585 -0.102721727942053
0.163678863948853 0.0616902467393101 -0.121769401019644 -0.224446244464756
0.16611300663313 -0.0154135155493977 -0.31975069295358 -0.159249616220218
0.146322901148521 -0.120623243716353 -0.356048621298001 0.0346562498269688
0.0641177382522891 -0.183355604503758 -0.273693401656659 0.171237209367669
-0.0122401057885856 -0.194160251783265 -0.142997161772338 0.216321580478607
-0.056413760914573 -0.214607913456227 -0.00511694840025093 0.203208296686648
-0.0572332613395544 -0.21918381593677 0.0980085012937534 0.126851230005807
-0.039438088781556 -0.265931086769036 0.203442721699861 0.0937876227023322
0.0691882678254039 -0.312738772543559 0.256667616833266 0.120280164681231
0.19948250188916 -0.244187231639751 0.24529627231079 0.195211434492784
0.316564709861475 -0.125469006828514 0.181750506228562 0.290490523343832
0.368714578074542 0.0239597226858518 0.119463774496474 0.28742852719425
0.346209179651492 0.167718865265403 0.164308710959986 0.188945988728157
0.225162359581484 0.30939915996979 0.0339409682605596 0.0831400291038221
0.275424813809127 0.201993186826446 0.0306498179950859 -0.187505950024931
0.289159318964458 0.102123172717035 -0.129723826112105 -0.279638075325631
0.270913616503703 -0.051671248910476 -0.301181821614634 -0.188320308084248
0.208136544538963 -0.18689475479844 -0.31141437208686 -0.0218649301007942
0.0931712665966387 -0.254292722756514 -0.254495315079466 0.0887125236909308
-0.000533851575267636 -0.255614434345063 -0.145149435429363 0.132256502067811
-0.0474011079373944 -0.269754969769561 -0.0259611744739682 0.112630693702735
-0.045491127692918 -0.271311367836848 0.068714655477183 0.0307070296097634
-0.0293179200064669 -0.322200709473657 0.184805595343716 -0.00894473839240371
0.090740147881347 -0.373993590131032 0.274294751634923 0.0190208821319178
0.243875234981715 -0.300758904156644 0.293641478242708 0.137938627764912
0.39900363460927 -0.148212832183532 0.189719020589441 0.274683097330173
0.452214655371899 0.0645615221985091 0.047678221177303 0.270337250200841
0.388878667343916 0.232646333455642 0.0374639018432792 0.104552875506688
0.223326399677942 0.350404342125051 -0.0574624968975115 -0.0536181863651143
0.326045854484601 0.252814526782974 -0.0374009291495395 -0.26972343718861
0.371972788165859 0.115439424468343 -0.141273055218715 -0.319050900102613
0.331248361654939 -0.0917019852077494 -0.258750192481235 -0.211798353818972
0.231955503062396 -0.23186575385387 -0.249414175489986 -0.0949075040947692
0.101778232633591 -0.289804649375134 -0.225268052556736 -0.0120892212497969
0.00521114398845646 -0.280824911915609 -0.142164474228285 0.0285719585646302
-0.0324317520813216 -0.284334244172229 -0.0401948406468456 0.00581067567213734
-0.0214315722214629 -0.283556950623369 0.0464788576820843 -0.0729687117793417
0.000519532837299064 -0.329327118640619 0.16796471297181 -0.107615633401006
0.120207632989455 -0.366653425786911 0.283111160260268 -0.0726617003087731
0.267971206863576 -0.286506677851692 0.32070457137444 0.0877151185385414
0.422170209210004 -0.117042556359778 0.180248048325898 0.251643255760516
0.45780074855928 0.118699694167874 -0.0234226049860399 0.239163768055281
0.362104190549822 0.273669829679121 -0.077810669532145 0.00511818882691361
0.189376633562496 0.326173798839098 -0.161838538349737 -0.17886585763034
0.313553937588463 0.249682193885216 -0.123139871195698 -0.320356571527445
0.37564901866414 0.100575748876086 -0.15394980273127 -0.327491842850156
0.319096573397786 -0.110460912974196 -0.198364310819051 -0.224575056486254
0.207151040026361 -0.229739222431197 -0.18326575467 -0.173139805882673
0.0896192164632024 -0.272971721818674 -0.199055645220161 -0.114675423195573
0.00756343616089941 -0.259025156958962 -0.139561526394397 -0.0760309568383795
-0.0135668052072514 -0.25539530575102 -0.0465723913037851 -0.100185012589424
0.00775526721203374 -0.253667375949499 0.0387732739444583 -0.169493831320504
0.0380327995938765 -0.286670158435807 0.168573591581467 -0.185729385309577
0.149409259594407 -0.297256068729078 0.295813301988454 -0.132648871176256
0.268779486387043 -0.208637530243197 0.332454739258533 0.0580192236440534
0.387473564210164 -0.0413644654782467 0.156410222260514 0.223259413325555
0.388315680480173 0.177790894303848 -0.0808667783671986 0.187149436408958
0.275470646353208 0.286061684366071 -0.158504905267266 -0.1027505033432
0.1157487204051 0.249484449162963 -0.258184879720599 -0.261333574579804
0.233329094265975 0.202935391224681 -0.199017132399685 -0.329542224601804
0.295943837401962 0.0706484249430089 -0.161841747658959 -0.311079162390919
0.234389202954006 -0.0971598413243167 -0.142075419126417 -0.230111368349807
0.143764287838134 -0.17159396119035 -0.138109176815183 -0.237445157866304
0.0668513843574196 -0.20172180878691 -0.183909304143439 -0.194873021757832
0.0111366611659806 -0.194120624816188 -0.139095995331613 -0.164020624529062
0.00451131262504027 -0.188642453826962 -0.0458609950191813 -0.189377116120251
0.0306672661404092 -0.188809754465438 0.0469257280525889 -0.245488049433541
0.0624460368551835 -0.20580739801624 0.188509423477797 -0.236201071386126
0.15085052208325 -0.190490436845562 0.31660683761712 -0.157129411436511
0.231295132923571 -0.109939349939308 0.334593201878834 0.0499530845394229
0.302654827339606 0.0375350777162045 0.136716762626437 0.189014460543702
0.266097637765087 0.207871652849307 -0.103160937212131 0.119381970042629
0.15350585610544 0.257625197130891 -0.191613638292394 -0.202680211154389
0.0107302008830123 0.143270946056212 -0.324668528968987 -0.292395218016804
0.105284168275128 0.134660460575438 -0.238454047958682 -0.304011883326215
0.157173913203504 0.0430700038096324 -0.16330996728708 -0.287565606838092
0.109996510578388 -0.0463270028219596 -0.112281579063269 -0.234835889244701
0.0658746356448802 -0.067205936407333 -0.128225787095683 -0.269286954859413
0.0477906108779608 -0.0897852073680067 -0.179797024891311 -0.234357561170692
0.0228377755761932 -0.0974784971158669 -0.139445692086918 -0.217602136522571
0.0218171610945349 -0.09408924062895 -0.0392431636790831 -0.246357842011301
0.0394353343291491 -0.0987485467021059 0.0687676192112523 -0.29143015071305
0.0579155031045151 -0.104549440673284 0.219367469247193 -0.255583685151973
0.11175972404144 -0.0837859917980807 0.337663107475442 -0.151986176747348
0.156611601059235 -0.0346875436515507 0.331543568620939 0.0569804925593325
0.192558073186595 0.0752629715210197 0.13136593241651 0.156945033575969
0.127005844534485 0.18862119112823 -0.0876068204839362 0.0562365488847205
0.0253242205415457 0.180421680404908 -0.177528438949926 -0.273605157424386
0.0661914489614247 -0.0481893243777157 0.195974402267368 0.270795312322414
-0.034050056439902 -0.0886561602978286 0.116175422823243 -0.0347354757365995
-0.0711706151080373 -0.0336604594544832 -0.119615870973228 -0.155091977564385
-0.0382703494449616 0.0223130690217168 -0.32119312345772 -0.0913395049495269
-0.0119555422832605 0.00884922537251777 -0.358899494039344 0.137899258668044
-0.0225476344191898 -0.00263228391072004 -0.228349055073035 0.278625366791271
-0.0364066301945089 -0.00595303223868516 -0.0848335386686801 0.294620202034624
-0.0476651192811413 -0.0153698300034204 0.0588638381989923 0.276264966502202
-0.044380964069877 -0.0203648970396422 0.14862280203744 0.219242802148878
-0.0353310855648965 -0.0341477285915941 0.208851268037719 0.212354060355792
-0.0108868667450113 -0.0525025824362621 0.187195697571832 0.238187093606352
0.00904142998120308 -0.0305724449025345 0.141560157734811 0.246026339465039
0.00401230536058447 -0.0479611734945049 0.167022758530447 0.277540843096148
0.0372573251320657 -0.0760890262555331 0.230858818716709 0.301575796272734
0.0991513730969625 -0.021707823048868 0.34891336309742 0.262588287302188
0.145293313783895 0.0741387772282012 0.163767631531438 0.253640758229587
0.0764356034262692 -0.00550310576284805 0.0904298719615626 -0.0479475129221524
0.0366802102043393 0.00236238519834169 -0.122984799006165 -0.167037052542213
0.0545191653323197 0.000738247241315838 -0.319267924812875 -0.107142935977924
0.0587594361673763 -0.0584161556084946 -0.356747988874807 0.1010286473379
0.0107733104896829 -0.0940326854060639 -0.24688399780758 0.241295234673366
-0.0348521913622991 -0.100742072723308 -0.105100944291845 0.272386870218966
-0.064418100714269 -0.117640439075481 0.0375504531576616 0.253954928999912
-0.0631718733243136 -0.124957991481463 0.131856917748531 0.183445594120134
-0.0478464628216579 -0.157819506642003 0.213422190230243 0.15880012518353
0.0250094323109293 -0.193925187218578 0.227036962799833 0.185382562429756
0.111390026650518 -0.146330210077537 0.191172321349771 0.222243233399953
0.167834708364581 -0.08944213218488 0.178657661173132 0.277146709565547
0.213059556709151 -0.0314170479450798 0.19027411723755 0.281767150576418
0.240688370199951 0.0661838083868366 0.277999527165907 0.226525788750048
0.204238295742503 0.192341969319489 0.111863902481613 0.185692674018393
0.18476501253026 0.0904788689838558 0.0610104471853998 -0.103219554426737
0.162095679293014 0.0454202991196246 -0.131263732507935 -0.210302641214755
0.159565610351029 -0.0273127604587297 -0.317445196396056 -0.131936332049639
0.129333823589384 -0.127493244994628 -0.338125051801101 0.0574330496671848
0.0449727365948033 -0.180874048666172 -0.249396199684768 0.183166849728664
-0.0281737699420515 -0.185257587422775 -0.121062401368258 0.218669638390261
-0.0719814124151015 -0.20205742702009 0.0111064416150119 0.196369764527275
-0.0733171533529975 -0.208415798463205 0.102729805276587 0.114759281423459
-0.0591925361673895 -0.252873837047723 0.201227435035241 0.0738452787586661
0.0406845641503569 -0.306261510020539 0.255403891089239 0.0964896420989045
0.17379120856913 -0.251514901003195 0.247874372014065 0.172416196839536
0.29400618150565 -0.145659419776607 0.195479526565709 0.268405989036505
0.35573765401615 -0.00505005671381499 0.133227090945253 0.269147670316009
0.346099900273609 0.138633077708456 0.168959383475183 0.169517842343816
0.240000462006222 0.280963940512522 0.0370814089460533 0.0779677881532249
0.278920514601716 0.17197810468903 0.0150421680898172 -0.181301840609607
0.286003074489158 0.0745737203048916 -0.142960452110419 -0.26319341284142
0.256939828522859 -0.0701469538043241 -0.300875176008862 -0.161566641304188
0.183305386836359 -0.196015917689886 -0.300782183116642 -0.00131579979689595
0.0674274186009019 -0.251175230878523 -0.238831703538778 0.103448595487201
-0.022314730311274 -0.246440567931472 -0.129869012659361 0.137446131752153
-0.0676497567229766 -0.255766498610304 -0.0157133959165726 0.110647659561396
-0.0663084036359013 -0.259772543083151 0.0664942458365114 0.0256308790418289
-0.0538411733803568 -0.308846297959114 0.175397744617902 -0.0230950907438906
0.0557626430079422 -0.367042499756638 0.265191922962402 -0.00305601706086343
0.211748086451572 -0.308545629008892 0.289454413210336 0.112164798728242
0.36979680752065 -0.174303378050078 0.202904222856683 0.253193279681742
0.438663765346121 0.0277887535784917 0.0641527236262611 0.257935668856095
0.390351923043056 0.198459522171572 0.043026864011997 0.0988550030653586
0.242687620283719 0.320361825419258 -0.0599965465034556 -0.0467840208201158
0.33148057479274 0.216962749821808 -0.0551728296059924 -0.254607150458332
0.367143509086497 0.0813685141353991 -0.157332368167495 -0.299706398266295
0.312152362966736 -0.113138575389077 -0.260251908343129 -0.188324523914861
0.202882673342326 -0.240769897805163 -0.246530112667016 -0.0770864104228036
0.0728208123504523 -0.286339270820878 -0.218896305512391 0.00503041432843558
-0.0183757596884019 -0.270932464756198 -0.134984116176172 0.0376265357202693
-0.0537673003773205 -0.270870772796053 -0.0386073385766892 0.00870385347916754
-0.043406414782793 -0.272485933876959 0.0370760002049478 -0.0723018817100124
-0.0253914982576081 -0.316952451744127 0.151398311877575 -0.115873001742401
0.0852573794699025 -0.362558363866302 0.266076694530188 -0.0913524724091141
0.235146227167592 -0.295348651366423 0.3121968065305 0.0614939840911768
0.396051610713639 -0.145636365108638 0.190161208852083 0.231676215834555
0.44919892094312 0.078953244562955 -0.00711400321222949 0.234185823768683
0.367795997797711 0.238993992889529 -0.0743650083617642 0.0118071014099273
0.207019678226279 0.299755260074769 -0.168834210930981 -0.159552113338379
0.317993287145227 0.215300976341938 -0.140899404107791 -0.297684129364759
0.368883633812092 0.0669787777039034 -0.171175215934475 -0.306714982450703
0.297473697145563 -0.130278034751848 -0.203880887273877 -0.205130575997819
0.179566787918581 -0.236520914360053 -0.190323525099546 -0.157586455579362
0.0622120484705511 -0.268781988359853 -0.201375561894798 -0.0948953744232081
-0.015484771451296 -0.250079659588333 -0.140165709970925 -0.0634756301334648
-0.0328522404953549 -0.243458861993557 -0.0534355902806611 -0.0931413245962735
-0.0130480072680607 -0.246227615013009 0.0216283663989997 -0.165015983285572
0.0138855159781607 -0.278823248647004 0.145892461986807 -0.191527359583907
0.1189020408348 -0.297129668491856 0.273156262978673 -0.150113356565572
0.242003472114057 -0.221638436363664 0.321255732530472 0.0316306635772304
0.367123726164227 -0.069237018511069 0.165126334175524 0.206556437166463
0.384453548064918 0.14063810146646 -0.065018283377301 0.188507405093706
0.286620472770644 0.25785466004192 -0.159186830287204 -0.0863871732555945
0.130634473060722 0.231540992701196 -0.266974416661286 -0.233591121967265
0.238346253883215 0.175947967128867 -0.213598709509768 -0.301485247437487
0.288759954344393 0.0445032851129745 -0.176723515515488 -0.28969811763413
0.21719186916867 -0.111070892622847 -0.150200891294121 -0.214573215657354
0.124059860632028 -0.174615810225103 -0.152065160253803 -0.221810203619659
0.0469956830494201 -0.19894679804606 -0.192259323931728 -0.173975686293285
-0.00571508911785638 -0.187551133687096 -0.146554232362477 -0.148052824482312
-0.0096444046023237 -0.181079144212329 -0.0602898784514266 -0.178362309918157
0.0144089538338686 -0.184038524497203 0.0250566428240224 -0.238516464522419
0.0434071959262563 -0.201703484450205 0.161918229836646 -0.240761069584894
0.129338198384821 -0.194440566173947 0.291489352419322 -0.176393797527804
0.213386191576058 -0.122918933278341 0.322920460376762 0.0241503535233396
0.291536201089477 0.0135579508614604 0.143580916179145 0.174770174778338
0.271170780557514 0.179357084941881 -0.0906213735917827 0.124028441120322
0.166789483961603 0.238090495974325 -0.197185682873524 -0.17913234788698
0.0217028889272017 0.136007692694519 -0.332301597998588 -0.259273631019352
0.109773807811446 0.121228538784494 -0.24923972053119 -0.275310267704027
0.153270853373982 0.0293844311644734 -0.176209975485662 -0.267366048646603
0.101162251815464 -0.052611539153669 -0.121910668719964 -0.221711673574172
0.0580293224081372 -0.0684605093519433 -0.144363061272025 -0.252445004252198
0.0378661678003292 -0.0901807591405513 -0.191310128986468 -0.212155091926216
0.0134768064152876 -0.0952822985021174 -0.150591086984833 -0.198513446848002
0.0146467625512725 -0.0905378634682254 -0.0581887578220525 -0.234789614417288
0.0298294570027098 -0.0979892287134083 0.0408030751537674 -0.283770889493828
0.0475034135117004 -0.103262045431002 0.191167117422632 -0.262105834502126
0.100959730980162 -0.0882651050185982 0.31226141770413 -0.171142879979805
0.147546143060537 -0.0449005634778762 0.321462893189918 0.0312684247831721
0.188464839323986 0.057708810801208 0.136195903367321 0.143685242433685
0.136163844196579 0.171368389150826 -0.0798389331515043 0.0631835658753991
0.0378296131293541 0.171729185755469 -0.188589543372684 -0.248524003671847
0.0591613898632771 -0.0548372407622138 0.214830567402658 0.230945239527675
-0.0427402243567522 -0.0780139535768439 0.105569977599298 -0.0458203126728028
-0.0726682033649775 -0.02216149492818 -0.129713987048298 -0.128243559555234
-0.0329510647086606 0.0247126230706249 -0.313214166294382 -0.0378704842862197
-0.0113905613189331 0.00799559900831061 -0.313392613878949 0.180311354414896
-0.0213272741553017 0.0012296198892484 -0.174594017844565 0.291090696700854
-0.0343808934067902 0.00177586850193464 -0.0390432870078377 0.292228835221689
-0.0473925198754475 -0.00803215399371281 0.0947236096327518 0.248562745494849
-0.0446382533069932 -0.0145167034198447 0.166984873434399 0.184431082387356
-0.03836086188705 -0.0294092745027388 0.223501938467814 0.16716569634464
-0.0186413486879537 -0.0499572672746542 0.20593877436569 0.199376626508446
0.00530126910145976 -0.032855491343637 0.165326779742983 0.214425010199018
-0.00245420069806942 -0.0478367844790377 0.193666227172727 0.237553479303917
0.0268026492230721 -0.0769291450094011 0.255795655317138 0.244214472950123
0.0922404582417668 -0.0375616815987931 0.366126888935068 0.199966537395401
0.153292078913301 0.0500770471104564 0.173837832438618 0.211026022601131
0.0701593766969842 -0.0154932222199436 0.0748932159093745 -0.0558606593956139
0.0333287434605968 -0.00402879389835535 -0.139468242943013 -0.142522280233473
0.0506200859563115 -0.006921663294855 -0.316253039081699 -0.0547047201212331
0.044761671048781 -0.0635116037550058 -0.321242776941678 0.146593747230479
-0.00296702650246766 -0.0876063656151839 -0.20137350545281 0.260905306298267
-0.0457611257713454 -0.0866662197583971 -0.0653002894241568 0.272962349492393
-0.076717062293574 -0.0998992999621719 0.0707314640935637 0.229938617844884
-0.0776062780424494 -0.109026554131931 0.145108125828438 0.153167266231678
-0.0669923007497749 -0.140871772015139 0.216947986187145 0.114899440140377
-0.0069585345950244 -0.185381994336057 0.232445484502362 0.140810369736399
0.0835338829374408 -0.153859619338891 0.207032923790545 0.181344849732927
0.141893944447669 -0.110657718777484 0.206237595094876 0.230603193580075
0.19232304089246 -0.0612077548300821 0.221897960191734 0.228996261560448
0.233342416871903 0.0235349655908835 0.297275296565881 0.177532863930369
0.226402504877624 0.154081609715646 0.108779359850293 0.146785736488194
0.183109480593986 0.0594063606805677 0.0368164110031177 -0.106040761222284
0.15493658501942 0.0185518791144572 -0.158584309184225 -0.184489712656981
0.144233647460529 -0.0461364527105892 -0.321181820563812 -0.0784835711611187
0.101257033758373 -0.137081018442255 -0.315260160748006 0.103922657692672
0.0165413332383338 -0.172648143792393 -0.215084783974311 0.209238476606002
-0.0518815295934484 -0.166132525137564 -0.0896685337881887 0.223900630016027
-0.0957294602069227 -0.177720257749633 0.0376688399934684 0.180100346111447
-0.098171988472222 -0.184967347739983 0.106788700918311 0.0930380718923872
-0.0909593985860159 -0.226420662740364 0.190660477175957 0.0359729390507935
-0.0106200094298129 -0.291137329019382 0.244174543296555 0.0528379626722965
0.124978366428554 -0.25885742273304 0.250996600271505 0.124043158262694
0.24906063509047 -0.181530060359219 0.222307407895517 0.215849540928236
0.325565378640257 -0.0561080925549687 0.174213931075351 0.224010657285218
0.337786769851638 0.0755562095691358 0.191107604514001 0.142662636983949
0.274632628738027 0.233511476604721 0.0203357311497759 0.0488372287312352
0.280636374510949 0.123823188848647 -0.0197326020817722 -0.174882356401259
0.274348040203121 0.0289103396923474 -0.181988773952549 -0.234396581601374
0.229467696027004 -0.0982277172300784 -0.31384107789782 -0.109663911187429
0.142718447864897 -0.207667350419047 -0.292972084975144 0.0441555285580563
0.0273923676808989 -0.241462788435959 -0.218379432360195 0.133476561423649
-0.0544381530677936 -0.223490853437899 -0.111278054900449 0.147829958206814
-0.0996557893207482 -0.228319220093504 -0.000200896373003893 0.103978084466827
-0.0994920663250375 -0.233501970438021 0.0598884493716697 0.0137603787860027
-0.0946443964093571 -0.276755562015792 0.151557877818296 -0.05109560018204
-0.00571359229886122 -0.348019466821529 0.237472908883964 -0.0424127385051481
0.150532471046946 -0.316834411060313 0.280501138951941 0.0588500910989255
0.314762357422167 -0.220197349955932 0.227052534552683 0.198764242689144
0.404762058403146 -0.0381273432011231 0.112487573974409 0.222872638530795
0.385758292175206 0.124890065026379 0.0646509680247817 0.0948837372374798
0.282336126446437 0.269594488451531 -0.0885954622949928 -0.057357526571691
0.334144524128117 0.159308782731248 -0.0980645726140599 -0.234081380377808
0.350398728738652 0.024040208798426 -0.204169763149898 -0.267675402002698
0.274894613816615 -0.143258001908773 -0.282437075767941 -0.140638328490984
0.154952871317112 -0.251231777069067 -0.255761703158005 -0.0344505187638246
0.0275270217739314 -0.274799326336372 -0.215331276999194 0.0398001808937973
-0.0557592502435424 -0.246936382190824 -0.131132533896366 0.0536776147507133
-0.0885139575404289 -0.244052820825444 -0.0352959711594947 0.0124441613737092
-0.0808266659646542 -0.248900023778594 0.0181785950260547 -0.0732909425737739
-0.0698882463438682 -0.288516277961177 0.116196295979699 -0.134935062908344
0.0217798588345655 -0.347687255914067 0.226264643365041 -0.125828342213124
0.174840386416391 -0.308493917785388 0.295019124904666 0.00680454137816504
0.340968910819246 -0.197196885495337 0.213583317205434 0.181002808081903
0.42004648610478 0.00748170863761944 0.0457019535673965 0.212867055972601
0.371216796063454 0.167396246538121 -0.0579945706570387 0.02961445453381
0.243980089636436 0.254661536929178 -0.202589712876044 -0.147361806723227
0.322329864395748 0.158365301229613 -0.18275511144804 -0.263024488573732
0.349604586467799 0.012316332682037 -0.217882425773742 -0.271253262355467
0.258463780151436 -0.159062869154109 -0.23205339036228 -0.164952702464439
0.13527906559979 -0.243728913727543 -0.214639645499331 -0.118921957648357
0.0208530720541729 -0.257658767346044 -0.21262650849951 -0.0567145824824175
-0.0494929071865852 -0.228732430760515 -0.150400441175087 -0.041993807889299
-0.065362924777469 -0.221821727516205 -0.064546515791144 -0.0799395768725013
-0.0493216351322462 -0.228170494248022 -0.00852251875447629 -0.158242454485257
-0.0283637811553998 -0.257824268703372 0.101751577421848 -0.204181896665036
0.0627365013619068 -0.291364531319198 0.226769347181499 -0.182755746274214
0.190624539042848 -0.239116079181511 0.301963054144926 -0.0220344939318942
0.326629112293969 -0.12087294802552 0.188328707907139 0.162545225220031
0.372238268846181 0.0738399935517283 -0.0146689536739037 0.182356052016996
0.296730592234255 0.196126958946835 -0.152940695468851 -0.050479740065374
0.157940390093853 0.201218594048967 -0.296514968857948 -0.199829086813654
0.242197800641804 0.132303678236142 -0.248344844558158 -0.256766377049507
0.271185124154414 0.00154079904262142 -0.217506032795905 -0.251634384209099
0.186286836249768 -0.130125666605621 -0.180265509357771 -0.182082321572007
0.0922666400886286 -0.178494871943287 -0.185065245344577 -0.185346684608763
0.015765026839551 -0.189761370846201 -0.212258813561256 -0.132859086955681
-0.0323555896454307 -0.172477404937515 -0.165391053841494 -0.121492377694951
-0.0341317773500444 -0.166422288191079 -0.083928946971791 -0.158895253605112
-0.0141009138155441 -0.172923313704207 -0.0146412470488966 -0.227002680654246
0.0098602317267034 -0.190201168245711 0.111881113653537 -0.25140568764147
0.0874240017534881 -0.19690091905325 0.243180855417495 -0.208694171290511
0.177515958145711 -0.144207480210568 0.304903385744713 -0.0282393488339074
0.268656174005477 -0.032526804847511 0.163867226585564 0.139391932615677
0.271747871532734 0.126376957790096 -0.0506357989170408 0.130433728252123
0.184555930311726 0.195254663226844 -0.204578077278222 -0.132794543119607
0.0388241084721807 0.126244987615394 -0.350547832415126 -0.210706061872133
0.114821739031015 0.0982966258602924 -0.273094924790525 -0.226408754467326
0.143529574863246 0.00631917004996827 -0.208161479953463 -0.228572845503542
0.0861894669009022 -0.0609506930014707 -0.151081985123273 -0.19307557407994
0.0458901170601066 -0.0711701956051513 -0.17811753149169 -0.216463902840705
0.0214816602273663 -0.0886335826256521 -0.212623277291319 -0.171184263625932
-0.00277954787777478 -0.0900157562145012 -0.173939034998816 -0.169221558969551
0.00167706423107209 -0.0865275715975615 -0.0894358729335571 -0.21021484433502
0.0132962815823272 -0.0941915004216481 -0.00348686224842884 -0.270524967801865
0.0280013891421313 -0.0995541330784127 0.138004053633163 -0.274208712860765
0.0778144723530129 -0.0958525409432457 0.266132479031919 -0.204612899257883
0.127332541165335 -0.0626492432655453 0.305597445161933 -0.01767217815345
0.180492613763944 0.0235309415782511 0.151124444502878 0.114428419004361
0.148152718799825 0.136893121425288 -0.0545095752946743 0.0752732315903139
0.0574765075102916 0.15334461125501 -0.209747742449601 -0.201143233002381
0.0555907614320185 -0.0517341885617105 0.204815968252702 0.215604492212819
-0.0409392647851808 -0.0718826362439298 0.100647598535001 -0.0445408360041219
-0.0689132449999544 -0.020725734570584 -0.122885353216518 -0.1219481085618
-0.02987854426607 0.0228533625918552 -0.295487666240574 -0.0354142544569636
-0.0105643982489488 0.00739695381775086 -0.292130378444134 0.173121958652398
-0.0206092645488571 0.00131684159893187 -0.160788862094018 0.275783894985607
-0.0328818953804168 0.00209287868306807 -0.033750236883128 0.27689710875078
-0.0450690236225625 -0.00638890635281119 0.0930943712556862 0.233226351055428
-0.0428952484909588 -0.0137344965012755 0.160048004861276 0.172694309623202
-0.0369925371893758 -0.0289097611696023 0.212580863567899 0.154601301247986
-0.0188564248791035 -0.047199604541804 0.198136754706393 0.185643994030966
0.00515548622190806 -0.0311390021503598 0.158096950009837 0.20441745516958
-0.00219150368365005 -0.0453492848284841 0.185181890807326 0.22206872610906
0.0251817101924562 -0.0726508753746634 0.241131595862058 0.22904501674189
0.0880858877095113 -0.0357429220573884 0.343428474417728 0.185264613627275
0.145973420457924 0.0462778140111278 0.165905906406612 0.197620522524059
0.0654360457532946 -0.0149014046665103 0.0716629965453834 -0.0531438997514758
0.0306181800349845 -0.00496578818544644 -0.132239149256321 -0.135790740516668
0.047829196521246 -0.00759073749790382 -0.298732789145044 -0.0508708381568139
0.0409008897721336 -0.0603676554921491 -0.30024873678565 0.141027985926528
-0.00520420387917309 -0.0826772364421043 -0.186286386861306 0.247821672285344
-0.0454716311054256 -0.0806960770367493 -0.0581355225899539 0.25832129381615
-0.0751488805503726 -0.0928319211311873 0.0711288092766638 0.21650962908622
-0.0753190220256937 -0.102728584839428 0.138329803763651 0.143578828411575
-0.0655192328582012 -0.133461305560544 0.205482302250114 0.105594530479738
-0.0109120747749866 -0.175075762448809 0.221641400283688 0.130276193025095
0.0763616822570411 -0.146944777568567 0.196461932428574 0.17214822438084
0.132373816210321 -0.106510590359094 0.196809691533142 0.216846159078642
0.181019295589886 -0.0594582450920654 0.209429651798501 0.216671239948902
0.220166305738623 0.0211368739809489 0.279524805774784 0.166901864318729
0.21612535002839 0.143281057272408 0.104028311994816 0.138253781565676
0.171836647352315 0.0541967763163943 0.0347523784581274 -0.0989456491171332
0.1448815483157 0.0143602688646879 -0.150320436249896 -0.175325326667395
0.134728466747588 -0.0460458031937665 -0.302628075379943 -0.074184651361528
0.0926713863387116 -0.129820318091588 -0.295046826383876 0.100156455952475
0.0119141218896213 -0.162694189886411 -0.200848681778512 0.200119759342552
-0.0526943152672383 -0.15586512972757 -0.0816193087075752 0.211962483514918
-0.0941413909447447 -0.16608119113263 0.0389040609339907 0.169410588751407
-0.0972780904548665 -0.175400758012212 0.101397543974245 0.0875998319535139
-0.0901307157284383 -0.213782164152152 0.17938398683413 0.0321069159442683
-0.0162579217240089 -0.274301762227817 0.231842553590375 0.0464528223907807
0.113086429081019 -0.247676767159346 0.23692313192862 0.116087531168693
0.231888001561124 -0.173839326272171 0.212102851798594 0.203937106383005
0.306164275263224 -0.0571515874402172 0.165103884929354 0.212563023911189
0.319858408841898 0.0705604570215518 0.180877996613215 0.134687312185235
0.262124321334159 0.2164742128638 0.0201651738364725 0.0478102266171434
0.264497853391244 0.113205773118302 -0.0187884057767209 -0.1625966152678
0.257291811202223 0.0223645651965446 -0.172343723605631 -0.222899557834835
0.214512278426151 -0.0965265507006381 -0.2953306263692 -0.103828933699936
0.129620320577853 -0.197943810105117 -0.276325128156447 0.0433164779728899
0.0203458865820533 -0.227251249740645 -0.204874700901498 0.129267710229037
-0.0571482690192929 -0.210285738326621 -0.102940932238647 0.141222239371159
-0.0980212636352328 -0.214052195564081 0.00205503553334193 0.09759787421638
-0.0992636560024826 -0.220900089169746 0.0560963204359285 0.0142010359507471
-0.0940823307953222 -0.261857768984991 0.141023265811058 -0.0493688377474019
-0.0129856852236372 -0.328672030365926 0.223194976663566 -0.0437771174237446
0.136180464913295 -0.30173821410878 0.264705524249713 0.0551340117951381
0.29180573593936 -0.212481682728096 0.216384355123286 0.187936771673019
0.381982049777828 -0.040059873778889 0.107444820849886 0.212326678306074
0.36707107620192 0.116452371985166 0.0616937300634864 0.0904786344437766
0.268971963360931 0.250463715520398 -0.0834331605197546 -0.0519125522630536
0.315656733368626 0.145473094090559 -0.0930694681214602 -0.217719967165071
0.329500927254763 0.0171921092243195 -0.194420938876241 -0.253160841684942
0.256968241863649 -0.140381181420991 -0.26568063641453 -0.133741456538006
0.141873130367626 -0.23824740646794 -0.242710507802337 -0.0322896349627366
0.0203035249601883 -0.258788474680792 -0.203932935291018 0.0412373674701053
-0.0582825713158801 -0.232243981295468 -0.122910852012103 0.0521478420506164
-0.0873493095147268 -0.229125411946228 -0.0341072390498146 0.0117395681751972
-0.0816888191489328 -0.234973798029547 0.0147199789034181 -0.0679138711670658
-0.0710189750656649 -0.271687035510852 0.106233708337635 -0.128362159412398
0.0135406606252792 -0.328259128132518 0.21133742153299 -0.123086343848154
0.159068215141007 -0.29408030555621 0.277207826277424 0.00491007301214364
0.317541664944848 -0.189988791004326 0.203629897241472 0.171991178159028
0.397809113442959 0.00308308948236379 0.0446558839373449 0.203258603447992
0.35286077907975 0.15701595399582 -0.0537187695736837 0.0301762991644014
0.233017297599533 0.238308925039393 -0.191847668801176 -0.136754934818292
0.303794323120758 0.145955586842365 -0.173991498275122 -0.244527578498435
0.328596347401873 0.00510400137504195 -0.208382792965627 -0.25610679582998
0.240625239458944 -0.154140088877445 -0.217879256946298 -0.156784638649055
0.123318557867497 -0.231485181248269 -0.206075885067769 -0.111693372661887
0.0140563529293576 -0.242233750510689 -0.201920121472242 -0.0502277142282347
-0.0521450720133799 -0.214827199917304 -0.142173567508703 -0.0381498320612224
-0.0651945321501045 -0.208757118643602 -0.0635932252451036 -0.0761579005243816
-0.0507475984750006 -0.21581000223767 -0.0110870165644395 -0.147179936272793
-0.0313786621011427 -0.242759177599388 0.0916482730366217 -0.19363460754896
0.0539526055419688 -0.275677624056761 0.210538148702923 -0.17636560697243
0.174952626625951 -0.2285318278567 0.283173478782273 -0.0230976942274756
0.304754888808748 -0.117180737840185 0.179422284745253 0.155460952037189
0.350594972952408 0.0663002962819176 -0.0116537450793937 0.174411213089806
0.28315156673092 0.184821390275773 -0.144630082926499 -0.0451066465083321
0.151860012467231 0.18760144621287 -0.281403447450506 -0.186402856485103
0.228260502504419 0.122552460832334 -0.23521916462206 -0.239057618426204
0.254309535129875 -0.00252446436686635 -0.207241427789563 -0.237219470499448
0.173149303383432 -0.12470371218484 -0.170130413287964 -0.174284493073073
0.0837967712601602 -0.169162259777423 -0.179447909606415 -0.175236281241761
0.0113596358977848 -0.178923322608443 -0.202867329715596 -0.122356145911019
-0.0349912608031682 -0.161850503955349 -0.159112146246969 -0.112497069407999
-0.0339729956597933 -0.156888293371333 -0.0824987472261415 -0.149578476324267
-0.0163731872874086 -0.163784467780215 -0.0179776117520279 -0.212850428000586
0.00656754826144094 -0.178849816622038 0.101147072845958 -0.239177384172904
0.078805483788651 -0.187149137393272 0.225803222181783 -0.199529855840927
0.164509310227529 -0.138390258848076 0.28606188467891 -0.0289074507676082
0.251411443588565 -0.0332421295061246 0.15513065331089 0.132997541163296
0.257818360032575 0.115742588839166 -0.0461917361830388 0.125837543106562
0.176253398744159 0.183194142934546 -0.193515085575873 -0.122884257131753
0.0382790604682099 0.117552487588743 -0.333015951010359 -0.196704030016887
0.108455131679829 0.0920061316583085 -0.257548876091026 -0.211014328205824
0.133611619533718 0.00378838736058222 -0.19724386810453 -0.215418415928046
0.0789362515569157 -0.0579488926687637 -0.142895710030554 -0.185138447184235
0.042372481673735 -0.0673455188275978 -0.172596209576426 -0.20401586651086
0.0188949902274637 -0.0836603630495385 -0.202896010010679 -0.158136267307856
-0.00414637390137689 -0.0838989228934163 -0.167131026423209 -0.15765514294798
0.0016562058839905 -0.0809567555327824 -0.0891994038185461 -0.19742996199821
0.0111859784090228 -0.0889074589447736 -0.00815045284850027 -0.253792426540538
0.0251034452257348 -0.0936369394929916 0.12586258515055 -0.259741332068372
0.0720050891517182 -0.0908562368381929 0.247603932918869 -0.196980421445322
0.11906494305254 -0.0604570260210047 0.287396576076612 -0.019214639009555
0.169119925503813 0.0205339899378217 0.142718714794629 0.109210161185104
0.141423821362689 0.126933127519474 -0.0500914696561556 0.0726269475667378
0.0557392013529678 0.144169514443876 -0.198005810913762 -0.18707781831308
0.0557390651350081 -0.0484413480217308 0.19504557284271 0.212280948596101
-0.037692718244877 -0.0693418385488641 0.0998795627409398 -0.0418951328984939
-0.0664854939969618 -0.0214815711697303 -0.116180837669063 -0.121926812071302
-0.028825058545393 0.0209881686052252 -0.287856458724556 -0.0410535134788275
-0.00997107767847639 0.00627250419937419 -0.284455538220336 0.163419981338381
-0.0201500379485029 0.000640608763142919 -0.160263879231795 0.265289713633849
-0.0318015644363171 0.00197186749369199 -0.0364443533680021 0.268832273236162
-0.0442910322779048 -0.00638041701906889 0.0878702380084589 0.227736862766722
-0.0426872353046102 -0.0145259603029563 0.152468461821758 0.171352022444398
-0.0363427104399167 -0.029683676948398 0.203731986254065 0.15296726583735
-0.0179887030306714 -0.0465322976727179 0.190164705470206 0.184264898274217
0.00599603119707861 -0.0313498079222594 0.149842813349982 0.204129894985718
-0.00181758308914475 -0.0440234437700933 0.175805782469321 0.220302168329545
0.0258583147835056 -0.0687578502187575 0.228159566470933 0.228059568165341
0.0876504648889397 -0.0325630150839934 0.327758393787647 0.189479530200293
0.141815054197459 0.0471063446960693 0.157869315558216 0.195395464414348
0.0631055689032776 -0.0127901548583104 0.0718950764903389 -0.0493792254558085
0.0287874656375101 -0.00516822660766972 -0.125314914724465 -0.136430276952298
0.0461842800665149 -0.00747874983261708 -0.289232985839134 -0.0561967346955387
0.0398351033803745 -0.0583263088477695 -0.291786931983319 0.13103770019526
-0.00492236346778569 -0.0799782234856722 -0.184899250148609 0.237072532253078
-0.0438949754926088 -0.0785701895669819 -0.0600575017595477 0.250792305494893
-0.0726925126774675 -0.0907340491998283 0.0671230527854546 0.211375648627236
-0.073328226231293 -0.102150540439637 0.132122706539655 0.142302390423609
-0.063084018051221 -0.131920852417314 0.197071337031682 0.105477748661043
-0.010261310517585 -0.169786294555058 0.214653351040823 0.128980898178981
0.0753185842739019 -0.142698236490751 0.188283488606729 0.173442411608185
0.129551862769443 -0.101586649403032 0.188153039113856 0.216248629892511
0.176764844137044 -0.0546972159239919 0.197750279349243 0.215955247234688
0.215966217726367 0.0258600451661927 0.266574871184464 0.169095801030818
0.208517392427631 0.142833329644566 0.100212340762352 0.137001853853761
0.165040775611026 0.0555014877876998 0.0374684450818507 -0.0932178253353375
0.139105582642525 0.0151613912040698 -0.141973059384708 -0.175359682038772
0.131685930738592 -0.0435939609014651 -0.291869041394446 -0.0793853245579102
0.0911012653389131 -0.125222929093054 -0.287196741948374 0.0913713311222172
0.0121244859346055 -0.157239703734451 -0.197344289271287 0.19115077302313
-0.0509975708889169 -0.151506048254509 -0.0821274472913431 0.205485526319935
-0.0904859420648488 -0.161756832201677 0.0361610488486768 0.164561652129323
-0.0940740647614475 -0.172123747042509 0.0974377836542069 0.0876091079061166
-0.0861439489943136 -0.210047654486373 0.172501202985735 0.0337228084948494
-0.0144606130666195 -0.266774208063359 0.224029858265607 0.0479504169323323
0.112323265762141 -0.239305561625037 0.227753873418869 0.119123835149293
0.226784009613184 -0.166458267996115 0.203220802546383 0.203196285661478
0.298399556792453 -0.0510294008120309 0.155831530111504 0.211055627217234
0.31113223181607 0.0753759076376057 0.172480935733942 0.136530561847054
0.251847004162991 0.214568016478397 0.0198208766246334 0.0478213438265145
0.252971420242007 0.113840350574876 -0.0136294161209698 -0.155184787138087
0.248302338198004 0.0239512919965555 -0.163511895387677 -0.221820601104694
0.208719270938773 -0.0918320376483838 -0.28383802677782 -0.108386088074783
0.127630919647027 -0.189589828207214 -0.268041645742234 0.0349920772541618
0.0208212626356084 -0.219691492101413 -0.201204640478591 0.123752874044082
-0.0546505699833245 -0.204037309706687 -0.100608556724508 0.135871640144902
-0.0946475990530369 -0.208903403882198 0.000526999331951733 0.0944486908808449
-0.0957381821423983 -0.216699539059014 0.0540639753647649 0.0155877932899478
-0.0895044148229373 -0.256251179207845 0.135283014947325 -0.0452999157380454
-0.0107542945817284 -0.31956234025949 0.216811866812351 -0.0406156855937286
0.13541980479306 -0.292380721320536 0.255107169274597 0.0596474394832045
0.28591915478859 -0.201957471447748 0.207323079773657 0.189367145528376
0.371769208234042 -0.0336194157689634 0.100350041185154 0.210521220003051
0.354763781520991 0.121022924629409 0.0585655672182846 0.0912321359595036
0.25908370870707 0.248400857646895 -0.0792222146222261 -0.0510944475183216
0.303193213670135 0.145733350266752 -0.0843707949858656 -0.210360071709438
0.316734673064645 0.0199872122877926 -0.183664839475316 -0.251343077860898
0.250129597567876 -0.133433453991358 -0.254280335808494 -0.138200454676567
0.139542721994866 -0.230035809233054 -0.236492154424932 -0.0376779504520515
0.020831663339608 -0.250594589935392 -0.198521586232645 0.0382557157835312
-0.0558186346965196 -0.225909947306034 -0.120274717147147 0.0496582034506366
-0.0835695996418384 -0.223775134434067 -0.0334235376473785 0.00972861702245331
-0.0784476009886318 -0.231346794394707 0.0153668843950748 -0.0644611578686737
-0.0676469128143949 -0.265962948357214 0.103183459005015 -0.122810863187842
0.0141701841388554 -0.318991557357502 0.206258138406819 -0.117231186075973
0.155797939603734 -0.284082200176058 0.267407311264146 0.0106545534537846
0.30957343851753 -0.179564023714496 0.195466357042822 0.17357545987345
0.385565475013248 0.00732520542966916 0.0400445205322917 0.200794020370792
0.341414863362621 0.16053805281449 -0.0524580791673806 0.0297239884990836
0.2228139123083 0.234599120407019 -0.183368766813994 -0.135547703023159
0.290861308256653 0.1458017931908 -0.162953335957227 -0.237933902333808
0.316349469781803 0.00840911242264584 -0.197091796292885 -0.253929885965249
0.235164242471628 -0.146337373124827 -0.207881471512027 -0.160788932665387
0.121532843217184 -0.222903831084198 -0.19953776510036 -0.11466639373719
0.0152567379488072 -0.234885728523539 -0.195444935621142 -0.0507400800971171
-0.0496267532679168 -0.208577264575039 -0.138095155829916 -0.0386243207619946
-0.0613114512522344 -0.203914732549167 -0.0612899282356215 -0.0754974687013235
-0.0479834225811034 -0.211068247462706 -0.00958830704871523 -0.14274995124169
-0.0283076476956189 -0.2356956477183 0.0898765544336655 -0.186609846591461
0.0527129116721424 -0.266517035018146 0.205890407711778 -0.169043090422569
0.171619812334361 -0.219622405276265 0.273428141853041 -0.0167519610911029
0.294971123055362 -0.10941362427554 0.171429582064089 0.15739664273172
0.340285213344561 0.0685274776191239 -0.013740887883492 0.171453362926682
0.272401633855783 0.185641376592969 -0.138908404658824 -0.0449011257918267
0.145114402960036 0.184524908383277 -0.269888233305947 -0.186910180742669
0.219259551896858 0.121992909797912 -0.222426029072993 -0.234336974739748
0.245100322819954 0.000361076943105258 -0.196099181000249 -0.235589798748156
0.169473943800084 -0.11847713349642 -0.16138726879284 -0.176140966850062
0.0833687046056499 -0.162837158432079 -0.173917654564605 -0.174918925358363
0.0125551373351316 -0.173380220749591 -0.195526259471669 -0.120928463357864
-0.0325521633678224 -0.156813374798793 -0.153033218055534 -0.11155932753894
-0.0307441890248027 -0.152382359270774 -0.0799887347444765 -0.147167330549692
-0.0148472762639928 -0.159630545156627 -0.0164153201700056 -0.205972645622457
0.00818073446850631 -0.172799105973603 0.0994984031991481 -0.230675325784751
0.0784003043061346 -0.180637236649365 0.220860494602724 -0.19149000890941
0.161019002841614 -0.13132653860162 0.276955740226443 -0.0226633435224534
0.242634166961852 -0.0276178299238098 0.147887395943433 0.13545429820732
0.248225773364127 0.115681202693656 -0.0464518364663543 0.122950249598483
0.169291665805151 0.18089455400319 -0.18514453839551 -0.121651507939053
0.0358039126707953 0.115026294780116 -0.319338963736477 -0.198659393594184
0.103555160322399 0.0907717947427245 -0.244636250372319 -0.20973755230744
0.127648257463751 0.00508234600102914 -0.187299311446234 -0.213610760103958
0.0768268910975235 -0.0544338164826685 -0.134753820773121 -0.186704237406267
0.0417315251869009 -0.0641253944032878 -0.166901718880519 -0.202513215026567
0.0184506418641687 -0.0807293060200925 -0.195157903388124 -0.15610216181744
-0.00379743436717199 -0.0807694027288035 -0.161255405099582 -0.155689024153662
0.00278431499101567 -0.0784278399843962 -0.0855772511048325 -0.19344750476246
0.0119147026712628 -0.0860453153885258 -0.00644454421310771 -0.246249796146118
0.0263445048483167 -0.0892946930292341 0.124867057532069 -0.250154437810094
0.070737735395347 -0.0876738095261591 0.241213279630717 -0.186866631426371
0.115871448035188 -0.0559107273991464 0.278230093996508 -0.0134206869664828
0.162067921996703 0.0234900356741155 0.136125303247171 0.111734722438711
0.134659337413377 0.125369555353232 -0.0489170963557852 0.0717510412276766
0.0525635326055394 0.139955568131698 -0.188321452135737 -0.183437027424595
0.0576976130043237 -0.0477553795005336 0.193307845828864 0.218179102680642
-0.0367509833967457 -0.069422025777294 0.104015706257265 -0.0413062473031904
-0.0670384821736042 -0.0227120625412931 -0.114052945821629 -0.127550412442329
-0.0287571228010119 0.0199016577930268 -0.290725841954587 -0.049439660014687
-0.00967273755017639 0.00535177674048863 -0.288697567589684 0.15817830855676
-0.0209123754888037 8.21475065096618E-05 -0.164882218542772 0.264377195168403
-0.0323395933493018 0.0015424177968167 -0.0403795782473904 0.270288563488696
-0.0449287606799199 -0.00694770869686556 0.0860110952217002 0.232116384649051
-0.0439382899164824 -0.0157611259005561 0.151214225190189 0.17674206607662
-0.036723484518219 -0.0316017664017028 0.201815177754059 0.157218407220682
-0.0176968209730399 -0.0473097415787799 0.18915141580727 0.189039724582729
0.0075405618939907 -0.0319824701673236 0.147837135268623 0.211528194891111
-0.00106728075169461 -0.044314531397651 0.172928102607076 0.226323662801959
0.0274743515795917 -0.0695308058601647 0.223198134694645 0.236638400608636
0.0904322949545582 -0.0313493531919683 0.325648353471052 0.200519848886864
0.143157665861408 0.0505096990476648 0.156792903536977 0.200665418815973
0.0642810887325192 -0.010969823615036 0.0751451443208165 -0.0486392529097445
0.0282352456851017 -0.00471463830513952 -0.1224928765145 -0.142616814981423
0.0465718147695034 -0.00761392314384626 -0.290687798270121 -0.0648875039079034
0.0412218871422398 -0.0587811234871692 -0.295985940890932 0.125151360649383
-0.00511508656916246 -0.0808402092898385 -0.19012270348393 0.236775210103172
-0.0434630730024115 -0.0797367119554858 -0.0643627090640854 0.252476059047353
-0.0728223287636015 -0.0926626752576643 0.0644954949521523 0.21425289591369
-0.0740064752283239 -0.104582287810695 0.131821810422585 0.147199113835077
-0.0627137295505402 -0.135237523704312 0.1954753326102 0.109383947992512
-0.00917751369406838 -0.171832758049714 0.213848507119713 0.133760732472191
0.0782371309165323 -0.143500073161618 0.186373885583546 0.180370232084705
0.132585957970894 -0.100232451212143 0.185423324256849 0.222782990534858
0.179792441040006 -0.0520455553169481 0.194102303454279 0.224115989134474
0.218436750468135 0.0303725352365388 0.265231197254904 0.178661461687608
0.209309021844485 0.148454082571175 0.0998106859198214 0.141000509791399
0.164672934340875 0.0592780846423757 0.0419173377992559 -0.0922597071396802
0.138234662063593 0.0173701845715968 -0.138592876247159 -0.182207126509038
0.132823412207228 -0.0425956622953452 -0.292316479611527 -0.0889394249885699
0.0926674731072152 -0.125280605989657 -0.289967972332065 0.0855438611616338
0.0128700412047994 -0.158205206974092 -0.202475866008929 0.190202512486574
-0.0504169793237579 -0.153147643478915 -0.0856683313927071 0.206933783223925
-0.0898499093810633 -0.164419890777712 0.0342962744208913 0.166423683333745
-0.0942685979149543 -0.175895766759901 0.0967447358807191 0.0915804932011265
-0.085275349189176 -0.214710108775814 0.172483156991367 0.0374673591400158
-0.013161339444413 -0.269421586521544 0.225160425183216 0.0501939539367889
0.116338465670709 -0.241163382982678 0.227066081003366 0.126982953421272
0.230443418664886 -0.164314449856379 0.201582699610699 0.211498363493192
0.301968356813327 -0.0462877526036083 0.152039838314943 0.218814657879609
0.314537331687398 0.0837374126640186 0.170640121061473 0.143594579981466
0.251149854059566 0.221388857925784 0.0208414911042796 0.0496714456505336
0.252602469333542 0.119485360986611 -0.00750705573583898 -0.155370709451411
0.248194900556499 0.0282061468155684 -0.159294625421956 -0.229433661895475
0.211084521397546 -0.0892998449199598 -0.284058579628697 -0.118533456689642
0.13060486858295 -0.189666347405188 -0.27123526906458 0.0289039155718314
0.0220386335162204 -0.220625514285423 -0.204601703907017 0.122577988192049
-0.0538976365377969 -0.206299518795889 -0.103312930365369 0.135988408035682
-0.0934426391236634 -0.212394436925989 -0.000803865530863086 0.0950374832522509
-0.0954575348940658 -0.221711413389661 0.0542796180761317 0.0183400820024889
-0.0883509469496199 -0.261649151969051 0.136536879297603 -0.0434051517913072
-0.00924168604623988 -0.32320522586596 0.219152110599425 -0.039209879116793
0.138504981692107 -0.294053757423139 0.25465918596359 0.0671651697258529
0.289698411408289 -0.197914915185051 0.207230071960602 0.197639510483789
0.376176751481845 -0.0291468101782344 0.0968656459645818 0.218191369041696
0.358117528955565 0.130730221214302 0.0580004639085288 0.0951789584024513
0.257114196932608 0.255830876347659 -0.0769049659562886 -0.0525705960676772
0.301788871107987 0.153916676674394 -0.0787334515972811 -0.211198570300124
0.317693618441697 0.0249784618086478 -0.179422532354263 -0.259833393682941
0.253784898351286 -0.131278383840701 -0.252687040399366 -0.148206005774599
0.143960973661892 -0.230109951717172 -0.238669737113679 -0.0448267412244596
0.0228845092757685 -0.251492425920915 -0.200884406066406 0.0356016339800019
-0.0545719787713049 -0.227629740722399 -0.121411759182331 0.0482794087554821
-0.0825466678950705 -0.227162229071352 -0.0352454670399217 0.00895294823006235
-0.0786400974408976 -0.235418751196183 0.0156294706338197 -0.0639719711477812
-0.0660110946168946 -0.270169580166425 0.10439764113844 -0.121926025379549
0.0158337215430881 -0.321974687356129 0.208738447420674 -0.116699425722598
0.159597548600104 -0.284567587677722 0.269080848994415 0.0166396910983899
0.313290178728111 -0.175772324056462 0.194931701456693 0.181547029093844
0.389028136237758 0.0130069600649414 0.0366733050954004 0.206195846426536
0.34237907159675 0.169216472461973 -0.0526647815124466 0.0304258397586215
0.221295790454425 0.240256922767244 -0.181445364061704 -0.140231633667936
0.290881997963757 0.152114638008024 -0.156399025506974 -0.240351970945725
0.316697231118908 0.013478874579982 -0.19300600339746 -0.26206832879997
0.23828646644592 -0.143570389195884 -0.205529386900766 -0.170884611840089
0.125285171241488 -0.222961967365116 -0.201257037287759 -0.121244146570628
0.0166834307533169 -0.236835742980698 -0.196500076438697 -0.053319002688394
-0.0485958913043299 -0.210698627499594 -0.138673314292053 -0.0414611119700555
-0.0595197495789395 -0.206782826635221 -0.0623004501989767 -0.0774360277717173
-0.0470550817566306 -0.213926828412428 -0.00882954520955894 -0.143367393272787
-0.0264841509011733 -0.23933783575225 0.0921179909714123 -0.186499912443717
0.0545338683304216 -0.268889826429827 0.209711707663062 -0.169051500707885
0.175526836786262 -0.219209788467547 0.274936846618312 -0.0108168985000781
0.298989831120048 -0.104503752361991 0.171103066746037 0.16529684460965
0.342392850128149 0.0733656304483559 -0.0173933811999085 0.174986730489161
0.273152546482052 0.193275579622984 -0.139072773692844 -0.0467505599798684
0.143738877850429 0.188448769567789 -0.268491464678363 -0.194735366656797
0.217654096280934 0.127416625177653 -0.216653920120317 -0.239427189392038
0.244857776159186 0.00414100308956805 -0.192368096453228 -0.242863810083562
0.171082773561457 -0.116245539248657 -0.158453697447468 -0.185971979926589
0.0855945460181754 -0.162614151452915 -0.174133202047219 -0.181204850161389
0.0140581728560146 -0.174912176752024 -0.19519441146323 -0.124992581604649
-0.0317643983633684 -0.157430376884385 -0.153627855710329 -0.115273106923912
-0.0295802282003362 -0.154663107889838 -0.0807369043237192 -0.15029814038314
-0.013018000497422 -0.162031854135621 -0.0147762494966257 -0.207719377088744
0.0109814242467807 -0.173954287025568 0.102454507854785 -0.230470203349236
0.0802218213260214 -0.181127114891182 0.223884875064072 -0.190139618576538
0.163023044040634 -0.129563759116453 0.278662348458097 -0.016980239921705
0.243786095602908 -0.0226198695301024 0.147383360494398 0.142461836209841
0.247650675106228 0.120978614729439 -0.0481782844569313 0.124523289378091
0.168314563075027 0.186672586772928 -0.183801991179491 -0.125789143812963
0.0344080972186855 0.116091257907416 -0.319086982269349 -0.208325328615738
0.102506280271436 0.0933553894150818 -0.241081588632173 -0.216855623519194
0.126890880354815 0.00734788653763055 -0.184065662874607 -0.219989709125623
0.0779224394532304 -0.0525088497940097 -0.132015908649397 -0.194938567182684
0.0430362924327679 -0.06319451517544 -0.167397767469411 -0.208086585367393
0.0195394674463053 -0.0811452554865362 -0.194003993208738 -0.160904433241094
-0.00347614653935368 -0.0805139878405361 -0.161953734169371 -0.160424901961964
0.00543483068021908 -0.0795417972609633 -0.0861629360180157 -0.197438976819998
0.0134826339360752 -0.0862268376187724 -0.00425309993372549 -0.247856347094573
0.0278050895655983 -0.0884677964825181 0.128587941801979 -0.250147786682358
0.072108169939058 -0.0875690010110203 0.246149756766709 -0.185030562403361
0.117066416841241 -0.0542591003973322 0.280184146947462 -0.00802999201401389
0.162098259550355 0.02686704095559 0.134916654812905 0.11817774668102
0.132959434060624 0.127641678398336 -0.0499572160093825 0.0728509956595477
0.0506336298954931 0.141654229232852 -0.18595495281947 -0.188170740330487
0.0612761470126914 -0.0499001530611574 0.203136730631571 0.226457482237699
-0.0374589213753395 -0.071501374200637 0.109044683228704 -0.0458124988037004
-0.0700106486590774 -0.0232259526290169 -0.118482252765691 -0.135280177208518
-0.0293716706567923 0.0204033697477805 -0.304829471455413 -0.051688639844365
-0.00984557153971273 0.00468732286495694 -0.298818996121713 0.165346674943848
-0.0220232307019193 -8.38941358900494E-05 -0.168728836394159 0.275894103588978
-0.0334721813299182 0.00216125570978984 -0.0399515936667362 0.283858057841998
-0.0468586192067871 -0.00628988982709614 0.0932903681314563 0.241258363385081
-0.0469183491224768 -0.0166483690031259 0.159428035301897 0.184757013802141
-0.0395897259440913 -0.0339944925040277 0.210846206056921 0.16346699500444
-0.0193242865701567 -0.0496528755168078 0.198313581506211 0.196437458311764
0.00825661089481596 -0.034236887825383 0.155606432675211 0.222804802590956
-0.000660011365530695 -0.0463075833347758 0.181106233256978 0.236126789587681
0.0285221971584972 -0.0714817507862316 0.232961099567775 0.247881567483745
0.0958793466317271 -0.0335200320414916 0.339251575877306 0.210368879447631
0.150741735012523 0.0519638941668408 0.164943266725765 0.209463866707887
0.0667658365578996 -0.011393993607414 0.0809066820042017 -0.0517700881806338
0.027784195768472 -0.00502333416536218 -0.127274065389249 -0.150348685725038
0.048612707754994 -0.00847520135822523 -0.304552313109769 -0.0680756310327309
0.0419915937709331 -0.0625134268031432 -0.306046315604485 0.131360961623926
-0.00671421940703472 -0.0841291748973836 -0.194662325862727 0.248854660362371
-0.0467267532305437 -0.0822782767136183 -0.0637454562482217 0.263818141746625
-0.0780096107819897 -0.095290727385057 0.0698161467151074 0.223283853939862
-0.0800995314478433 -0.109447488055454 0.138656469969777 0.154619510796722
-0.0680829940165557 -0.142065568048594 0.203978639018217 0.113093357571056
-0.0121359150648216 -0.179457694698763 0.223601038942449 0.137381782041387
0.080350636939494 -0.151540513923475 0.195468803071694 0.189939402415574
0.137185892060453 -0.106158790958739 0.195363201227871 0.232638637454431
0.18745077910095 -0.0553577487682134 0.202257521353187 0.236176156532484
0.229250586296842 0.0321303660734741 0.276475134063203 0.188315910075814
0.220443176130868 0.15294406999003 0.106076410479953 0.147997781097621
0.171498172896533 0.0609816915193002 0.0461570781540887 -0.096142923973382
0.142730716263363 0.0171204700287722 -0.144546473050719 -0.192071023023519
0.137452849100974 -0.045799292588929 -0.306352832539172 -0.0934631732659836
0.0949302913913483 -0.131427835377552 -0.301453714829557 0.0888124922456619
0.0101564600382233 -0.164921501690109 -0.208582484505399 0.20044821264294
-0.0548994934319449 -0.15907492246913 -0.086089626715451 0.216200547982595
-0.0969789405325394 -0.170715702471506 0.0372738749819565 0.173871332160106
-0.102416706303922 -0.18401448779463 0.101608875011606 0.0964572832662083
-0.0930513506943439 -0.223969918926442 0.178484311625519 0.0384099805742644
-0.0183962754994436 -0.280596839722684 0.233385771890433 0.0504214793169057
0.117870003717692 -0.253042515279374 0.237291987465742 0.133669641425724
0.238006988038264 -0.174044654469994 0.212231567028736 0.221982404193059
0.315296294660878 -0.0516064977989346 0.158190634970946 0.230710069369147
0.329502305528449 0.0864547960573277 0.17897935719326 0.151591789014449
0.264395470867437 0.228885645088872 0.0239525589291702 0.0528522135186585
0.264233167513604 0.12296988600648 -0.00515619953687349 -0.159501021612513
0.256440473982946 0.0271954919745268 -0.166386995168291 -0.241150921993124
0.219013781128059 -0.0956322255486639 -0.296772402392827 -0.125106349904809
0.133687214105122 -0.199750037798657 -0.283035667296494 0.0294874726614827
0.0190125505955216 -0.229875876929411 -0.211394838425411 0.129951232988397
-0.0598361272124802 -0.21409368712548 -0.105947165228674 0.142788004590248
-0.101095909399246 -0.220228705620436 -0.000276691528560713 0.0985883226730854
-0.104613868901192 -0.231870795837773 0.0562304099595091 0.019761965249943
-0.0967276190248558 -0.27287131148912 0.14037627192473 -0.045380877460514
-0.0152532198934096 -0.336404404236387 0.226291885326268 -0.0433069678197706
0.13998344486503 -0.307756340119177 0.265619919686245 0.0712906281904779
0.299287960094015 -0.208656427482374 0.217835706436377 0.207648572575433
0.392632057785901 -0.0332071348877603 0.102260640226916 0.230275542313699
0.375345461047508 0.135324661190141 0.0621465817403582 0.101323742140108
0.272066526032078 0.264022237592617 -0.0798239244646945 -0.0534939027816956
0.315703728141975 0.158447567451434 -0.0788096622126664 -0.217376857386459
0.329354419179799 0.0245204019248462 -0.187997429786915 -0.27279265162502
0.262934761560353 -0.138791822518988 -0.264687074808459 -0.157185766135424
0.146002371357914 -0.240760407322698 -0.249906012282797 -0.047449665934199
0.0194089833475654 -0.262254985507151 -0.208775899260197 0.039476553489331
-0.0605940359362161 -0.23611896011818 -0.125583065371298 0.0511243923987782
-0.0897878059300136 -0.236089929467681 -0.0371989405654745 0.00972720105138433
-0.0866923890444804 -0.245754646203789 0.0144690699927179 -0.0655877086089516
-0.07286976577029 -0.281977505909074 0.106111862258851 -0.126223317319601
0.0110497907780042 -0.335660731366635 0.214528373196351 -0.124242002602867
0.162920800194545 -0.298565077029559 0.279593127672934 0.0181520604117658
0.324114823159058 -0.185193796680417 0.205542102922173 0.192187251143888
0.406139675850697 0.00991662770135747 0.0403894433506753 0.218016604603394
0.359457861194593 0.176216698254695 -0.0539042769581492 0.0344511839146819
0.233368047538712 0.249404280852666 -0.188357831265749 -0.145620047405879
0.303703823780347 0.15830366294342 -0.160369951467533 -0.248022569598778
0.328813771906378 0.012296148802599 -0.201651035821372 -0.273063123643916
0.24678418495861 -0.152087137123876 -0.215309119309359 -0.181114521150338
0.127438058014089 -0.2336359009614 -0.212516350758078 -0.126795772680549
0.0144943239022346 -0.246125616521765 -0.205761590220643 -0.0539503044997384
-0.0535856056461849 -0.218473228734094 -0.144990344323803 -0.0421589502355029
-0.0653006798188877 -0.215514020042731 -0.0678272691126154 -0.0804422562071822
-0.0531820420378622 -0.223416741933226 -0.0126890050019475 -0.149089078013887
-0.0313862385730192 -0.249605087036566 0.0924134054927752 -0.194256368094686
0.0517440060165059 -0.280116177091815 0.215333825394612 -0.17897579132639
0.179205046548574 -0.229902720481337 0.285651365845661 -0.0117429459549685
0.308533943425492 -0.110493024494792 0.180468463922832 0.174824813920584
0.35707156902839 0.0739793249406387 -0.0159522011222953 0.185021283343772
0.287099117978731 0.200772433203885 -0.144609452375981 -0.0463627249865421
0.151620901433667 0.195448266545228 -0.28039149250391 -0.203216011440188
0.227638882032589 0.131575724138887 -0.223831243050595 -0.247671869445253
0.253993196043179 0.00315408369401872 -0.201642728303448 -0.25398767705915
0.176875218054511 -0.121726563913069 -0.1664284894362 -0.197150726819775
0.0877831212101453 -0.169785154584039 -0.184983406041892 -0.189657573373171
0.0114021908085164 -0.182441099143203 -0.204686567744964 -0.129407994499082
-0.0353694559326062 -0.163729338861015 -0.161999905432708 -0.119597574004063
-0.0321797495504803 -0.160989624272833 -0.0877023640945026 -0.155439656474388
-0.0163202053239338 -0.168729718837062 -0.0194701375937082 -0.215904080516683
0.00897634127433581 -0.180676379536723 0.10388800151866 -0.240714174468678
0.0803233378252499 -0.189340287251555 0.230975782989894 -0.200823498423665
0.16795206070654 -0.135767176068257 0.289031390819004 -0.0176609812380293
0.252716062275269 -0.0249988891620688 0.154724308312203 0.151105265962293
0.259287027352462 0.123977504408522 -0.0487214804220037 0.132647945716742
0.176712096733376 0.193995404643968 -0.192214439261525 -0.128939243618907
0.036927153410499 0.120696469187517 -0.333389866144662 -0.218932210807772
0.106940223525734 0.0962353867663811 -0.250114132344078 -0.225222448273742
0.130580927983249 0.0074045115957722 -0.192796663061954 -0.229599724981715
0.0801210815841856 -0.0544262143072163 -0.139585437040391 -0.207219755375104
0.0441419388270673 -0.0656154153491318 -0.177675468608849 -0.215978464794551
0.0183878904993269 -0.0852150268420921 -0.203503219964782 -0.167537120123978
-0.00432618489265616 -0.0836447410153962 -0.170853570818296 -0.165657819066742
0.00507493127831945 -0.0828285670579091 -0.0935636469527422 -0.20507538861841
0.0131407806084964 -0.0896688345930459 -0.00923697439040672 -0.258055000990895
0.0290466553307121 -0.0922392508105162 0.130629252410854 -0.261508130550074
0.0736656065687845 -0.0917674763817343 0.253159213349918 -0.194103749712148
0.121089406230787 -0.05707371682263 0.290520457604466 -0.00893905566682021
0.167304937685751 0.0279551681472686 0.141161809091802 0.126076620306512
0.139188897918684 0.132180326480347 -0.0512258036469021 0.0774149966239816
0.0535420144742424 0.146943321832516 -0.195135605515465 -0.194690341841635
0.0537097332539067 -0.0639780204762026 0.254246911854848 0.208759286536849
-0.0494845887284564 -0.0674836510373326 0.110018449145369 -0.0671408834154617
-0.0746092844201187 -0.0118737427512508 -0.14344908257698 -0.12374230354223
-0.0256679334033303 0.0216775152071078 -0.32632925077351 0.00219718968580939
-0.0109447502578 0.000137093291196593 -0.279708500615677 0.223866283963323
-0.0238750207952183 0.000869519139071558 -0.126063188361405 0.317403394825753
-0.0350052050432512 0.00668638602349104 0.0127018286398809 0.307681835621748
-0.0521086480971139 0.00152769125638628 0.137961213806104 0.234756610076657
-0.0532599109359398 -0.00765487502150038 0.199412839228239 0.167080461150986
-0.0495450709126729 -0.0279165087729405 0.246425592208643 0.134884228425533
-0.0311041653159173 -0.0471402673316977 0.239711723627339 0.173728425311338
0.002376250280021 -0.0391089286505505 0.199650084783631 0.210571545103482
-0.00890449021137572 -0.0472721399321716 0.226937375660846 0.217494175092925
0.0166020237583772 -0.0791185863533398 0.279741880606008 0.221153942485025
0.0924369459966089 -0.052356574013787 0.386894553167634 0.168939472516004
0.167073054683332 0.0262929383279609 0.199504620293782 0.196517922046661
0.0684700252760833 -0.0208064416661405 0.0753567570247141 -0.0679886997185089
0.0297850430259363 -0.00878256679274747 -0.161646053957016 -0.136761309512514
0.0515959646497499 -0.0198403370831918 -0.333013419812553 -0.0145367108276428
0.0322042221779163 -0.0762178308541491 -0.295334874687883 0.193980604697993
-0.0213975995550619 -0.0878540226674602 -0.158466153386181 0.296616097473588
-0.0622852550394918 -0.0783108549332956 -0.0175359158701114 0.293474769040787
-0.098841891655143 -0.0860343874575962 0.111642679164533 0.219322256070056
-0.103652006377225 -0.0980718290050659 0.171522376525274 0.139894566513221
-0.0967335347415717 -0.134191597994113 0.229123400341375 0.0847309339290537
-0.045898573995798 -0.179563031967711 0.25428552283134 0.108897245937978
0.0574417942091287 -0.170394634168584 0.23362255960971 0.171295155300593
0.121507616896139 -0.132548240949528 0.239217935406462 0.211251873689096
0.181834958355573 -0.0887069748351469 0.246023995951282 0.209421363960639
0.240118439945433 -0.00641641703054299 0.319587425722152 0.155724799229634
0.260356157846785 0.120226292905976 0.11678285775227 0.140829534608339
0.190083486210994 0.0382618101210867 0.0266038031483054 -0.107497771104354
0.152975385253034 -0.00405223351806443 -0.193453522129983 -0.175945567556509
0.137750056876596 -0.0718061006149596 -0.342204120843954 -0.0385977076017998
0.0748806637617318 -0.15557260410077 -0.300620854521792 0.152097837400593
-0.0170180387680032 -0.173452294251479 -0.181149898288722 0.252687386762145
-0.0830161543703782 -0.156324250336503 -0.0507045751530393 0.249649916252017
-0.130426312131975 -0.160763057684887 0.0694079663204036 0.174312311810664
-0.139356863739554 -0.17223517709056 0.123213670947488 0.0856796812240176
-0.135212471435041 -0.2151224742513 0.188641609851377 0.0120203316925053
-0.0689469102265439 -0.281978197012841 0.249748705131221 0.0174435687712886
0.0783906830695674 -0.280301995501276 0.266547872099121 0.106768908743022
0.213387433534916 -0.218901062798742 0.25461765157989 0.195730468958593
0.31372994096801 -0.104894340571087 0.201602356844194 0.209566580322439
0.351326004840306 0.0354926625805674 0.213856221473128 0.132356426768002
0.322840763971009 0.191834680975348 0.00576131449917499 0.0543726405662227
0.297618448975655 0.0887644710718278 -0.0419863340039149 -0.164381121918867
0.274963903240251 -0.0117806529415595 -0.230592752207525 -0.219975006021165
0.21554733108458 -0.135370462220146 -0.342252407273659 -0.0724238039401088
0.105633876552501 -0.230581506516662 -0.294018590208142 0.0917930728659962
-0.0187530272395143 -0.242461724736905 -0.196056035929202 0.183691198105934
-0.0971006871557031 -0.212657353571779 -0.0853088663420084 0.176620432889834
-0.14339994016193 -0.210970841928819 0.0167514634369239 0.103269962013282
-0.150008701575446 -0.220389080232746 0.0614816623707397 0.013610022798504
-0.147176795813901 -0.263637524586805 0.134830404832473 -0.0680043376663643
-0.075397618153452 -0.338763794031155 0.226301950195974 -0.078606307158822
0.0931574711981074 -0.34001619549493 0.284134275970569 0.0357423198487593
0.269571743574504 -0.265324103801594 0.257505023929994 0.180360583210927
0.394877004116126 -0.101242640272586 0.1442080913781 0.215348901698337
0.407885310446428 0.0779131801105196 0.0837890985846414 0.0983670426744275
0.338245139674179 0.228774263933962 -0.124818800847931 -0.0417439447356724
0.358114136707312 0.117213979297668 -0.131268147366677 -0.211078841408767
0.349619716085664 -0.0270842866580179 -0.262165346367966 -0.24620989423535
0.254104125632328 -0.186489245952554 -0.316755583330533 -0.108382815268894
0.113239177106825 -0.275055802156388 -0.2759381132679 0.00780406919940831
-0.023966813395698 -0.27596902791913 -0.208988882970436 0.090586795417353
-0.101542683917272 -0.235677519805722 -0.123789349786097 0.0847070320407323
-0.133560084307432 -0.229862019906819 -0.036982586043317 0.0172936980302355
-0.132665659927618 -0.238176325684869 0.00301844126982841 -0.0685066352347603
-0.123747588917732 -0.276484264810103 0.085001346100587 -0.147125675145768
-0.0475502603138004 -0.341457453220412 0.199635823770977 -0.161152974298979
0.11736982044293 -0.333091687710641 0.289110939775783 -0.0220220564138956
0.2987874552541 -0.246065195932157 0.242152629885546 0.165592431245812
0.417891197264555 -0.0583803519639942 0.0780875467152377 0.212784049109025
0.398177304930513 0.122295664964568 -0.047992778984811 0.0461615005586466
0.29614610495358 0.219353876408874 -0.25347822937285 -0.120452275440315
0.346351340749273 0.117287138081115 -0.222095008392755 -0.229593215771083
0.347742965241674 -0.0393592359585638 -0.276944567102479 -0.24342497758503
0.236126193250725 -0.195915014978033 -0.269137850351507 -0.142865284692409
0.0966554979197356 -0.262692548074547 -0.251525156496894 -0.0820908475472816
-0.0257188418322657 -0.258251652294735 -0.221692910192297 -0.0091033370311087
-0.0901920839647828 -0.217862384557534 -0.163020201327106 -0.0114563023465749
-0.103514129170613 -0.212848613701594 -0.0853844953623741 -0.0699503429361224
-0.0935751114131658 -0.221192377540637 -0.0396782631548924 -0.150767157673004
-0.073729716411206 -0.249263041320061 0.05909954465095 -0.215980142760468
0.00496942658321235 -0.292308912592743 0.190275912023703 -0.218598774305346
0.145539788008453 -0.263269907412007 0.291141297330896 -0.0563108913622742
0.295248833946922 -0.165944420534135 0.214309975208814 0.150799407998179
0.37727346075111 0.0154247708693126 0.0159522330509865 0.188594001281736
0.328737452055261 0.159391125003221 -0.155759341636594 -0.0244656182489586
0.200919493636424 0.17756725959349 -0.352907345274496 -0.166983864100092
0.262893145969066 0.101918644885808 -0.28558896386935 -0.219423227994088
0.267218695398711 -0.0369642471857846 -0.268733802078852 -0.224342325846624
0.167883037985367 -0.153735433072808 -0.218897003306529 -0.17073284448619
0.0666050153048897 -0.19075385958861 -0.23296093532481 -0.154529129746652
-0.0178113469208148 -0.190749074823627 -0.235633265278495 -0.0908678659905856
-0.0618984069939202 -0.163799049514555 -0.195441160879024 -0.0919688677204505
-0.058778820013236 -0.162154107005748 -0.118847237589947 -0.144918370145636
-0.044739186882623 -0.170712675771337 -0.059271409467629 -0.219420093305942
-0.0190491881194608 -0.185439673677852 0.0632940886637168 -0.26620545187212
0.0498387237756151 -0.20393206133414 0.20313192524494 -0.245029134723662
0.150123413014527 -0.165628305361371 0.295010816757 -0.0655170499112114
0.252732228482724 -0.0673426067629174 0.185784622556209 0.130986883365475
0.285073506435351 0.0830998737433909 -0.0251780638367527 0.140605024504621
0.213571746567514 0.169600553772096 -0.220207315591996 -0.101981860359884
0.0654103204512923 0.118519649939003 -0.399749054369623 -0.177095111543419
0.130804360346092 0.0839922668659768 -0.304679345792946 -0.19467390755295
0.139335263195999 -0.0126787644728808 -0.249043745436685 -0.204728541490874
0.0775521889131646 -0.0681631291305047 -0.189138774619733 -0.189170291326871
0.0386837735644806 -0.0759551345160338 -0.228399296379573 -0.189533930349426
0.00597400862630709 -0.091043740579993 -0.242893956220417 -0.136278845633027
-0.0165252337343712 -0.0863335616887599 -0.212757786690772 -0.140611108880751
-0.00574788267496485 -0.0869486112488193 -0.133737128787953 -0.194571155607499
-4.2068231319266E-05 -0.0945606791879146 -0.0552143600525413 -0.266068883135406
0.0171926842790955 -0.0972401755672485 0.0894273626797732 -0.292820815585265
0.0608711492278548 -0.102955132124568 0.229925727288099 -0.243144985360643
0.114499820941857 -0.0764987786065785 0.299714897733515 -0.0558377419851649
0.17493443504272 0.001025392298603 0.167632339160394 0.108044113503688
0.163837570822539 0.111332727567359 -0.0363306234206611 0.0864997209120528
0.0793230333839561 0.141884993207738 -0.233643873238835 -0.17104059265045
0.0495770641898546 -0.0706886018584635 0.278160839477511 0.18834515624134
-0.0552597023040448 -0.0630851045735966 0.106206015654723 -0.0806937170098944
-0.0764211695442618 -0.00438072254191781 -0.157999098840237 -0.114678628391644
-0.0234049401881806 0.0235501858456371 -0.331736631643811 0.0318353350978917
-0.0120271873334164 0.000467186833330763 -0.261964157725963 0.25229725500693
-0.0241738677748451 0.00342800064212438 -0.0962545196004006 0.331774250236043
-0.0347893844878454 0.0103781901862225 0.042976119071175 0.310975847237605
-0.052230059750786 0.00694471313990289 0.163734318657231 0.224655425928344
-0.0560361556639161 -0.00249616861409506 0.219085963908319 0.151744410556127
-0.0538570796193084 -0.0241792906678711 0.261518775531683 0.113771530905794
-0.0360643856528584 -0.0448228594501661 0.259257580655454 0.15419211200297
-0.00104876558189234 -0.0413099202316416 0.222373163716381 0.197823757172274
-0.0124458373432153 -0.0477895119045956 0.249964337891274 0.200212125183593
0.0100388564404099 -0.0808693598476402 0.302531516241828 0.200208034599111
0.0899322911706213 -0.0619428877517418 0.406997907260828 0.138838143461003
0.172849521903172 0.00998417455933126 0.223229143195157 0.181274978618637
0.0681370587242358 -0.0271647051307081 0.0715861453564595 -0.0776029634730467
0.0293822303297667 -0.0105857113021339 -0.176392721341608 -0.126602923212891
0.0503541143960195 -0.0257209562626658 -0.339538143003456 0.0148398072171123
0.0238439878434289 -0.080987915163901 -0.280654101287903 0.22231485142362
-0.030791978686623 -0.0868953022150738 -0.13099951730859 0.314808884806804
-0.0708561772957996 -0.0731847223507274 0.0114470091799199 0.298956554466075
-0.108568893455504 -0.0769063113140512 0.134683403707148 0.212088242752953
-0.116287382852888 -0.0893465991328665 0.187926520428414 0.126848104259123
-0.112413586111334 -0.126822423953528 0.239042874423615 0.0653289775898624
-0.0642236108125093 -0.177657926716652 0.267574124541124 0.0870072529263298
0.0412463154910404 -0.178706947486806 0.253005262111231 0.154387298659635
0.111538191434553 -0.145672463287464 0.262687991213874 0.193163235342447
0.175939781407339 -0.106680905703718 0.268484538266107 0.192509916808802
0.243530576115064 -0.0289073547486292 0.338704778568554 0.131735775211642
0.275580884054485 0.0959594122830616 0.133892889726412 0.132436527292271
0.19611837036598 0.0216553705118273 0.0205768855290767 -0.112149710860528
0.154586409699125 -0.0169573109025605 -0.211669147825153 -0.163576860066838
0.133295576699347 -0.0855833319242284 -0.352050794528245 -0.0100451222887761
0.0604468755546418 -0.164926897860358 -0.290840432425139 0.181356030931029
-0.0351273968532818 -0.173210960196688 -0.157928903702473 0.2737179036528
-0.1001108267213 -0.14946331025708 -0.0267133212762609 0.257148775492875
-0.149094815997097 -0.149046104703656 0.0877107538048718 0.170365352664506
-0.160419025795236 -0.1602941712582 0.133947341461187 0.0767892477146589
-0.160391678954168 -0.203989432778321 0.19166434254203 -0.00398925819153347
-0.0982930436590925 -0.277821519624896 0.253103817310262 -0.00568626769995389
0.0520224585017891 -0.291576113893333 0.279203635456007 0.0851417958699845
0.195465406056445 -0.242247014861275 0.27734000075916 0.176466168287511
0.307400238158184 -0.136756922366156 0.223617470046184 0.196160063922475
0.360990625982355 0.00306193113128919 0.230434734698359 0.116758651992791
0.345958246592568 0.163885500101529 0.0138707534566026 0.054333859297659
0.309430884515646 0.0619980401196299 -0.0536217140261288 -0.162943788670368
0.275735783900809 -0.0359386787345978 -0.253904919313387 -0.204630216872346
0.204367207427367 -0.157628137458628 -0.35536893865975 -0.0433420703015915
0.0833947093378462 -0.244079017446586 -0.291005253774537 0.118765006461723
-0.043805671528507 -0.24233716952232 -0.18086132527175 0.203123308671455
-0.119810518711159 -0.205010353164631 -0.0690561616384444 0.186708974847601
-0.166588949204884 -0.200116673051341 0.0268131701033103 0.103679512183778
-0.175876278409686 -0.207653043862501 0.0644245992409067 0.00965868035976881
-0.177313974936606 -0.252674549248399 0.128562351045939 -0.0799015333420398
-0.11133109427964 -0.334757762060996 0.219165536337092 -0.101014884446516
0.0611826158469938 -0.353039805452198 0.291110247528524 0.012399869495009
0.247523510634573 -0.294453841244924 0.279577000473375 0.160484493597937
0.390636481749145 -0.141019271989399 0.166824821971041 0.207751093006278
0.422460237219582 0.0408804359055125 0.0957477631962859 0.0935829517146827
0.364538044732514 0.199240185191146 -0.127892624946548 -0.0303957065514347
0.372971245166118 0.0840246605599908 -0.146882393997314 -0.201376165994278
0.350587206012707 -0.0594358081406588 -0.287442278006684 -0.228061115042627
0.238874752755864 -0.212956219835455 -0.332767753054666 -0.0835592566833149
0.0873321616821498 -0.289047303137686 -0.280740350686362 0.0330474624771984
-0.0526425214168386 -0.275662499305241 -0.203075700954854 0.110767002373827
-0.126531677533218 -0.227641071903979 -0.117840331473155 0.0967089019786507
-0.15851952966499 -0.21952962117277 -0.0370422484538664 0.0217548241116012
-0.160392050995621 -0.228439724423605 -0.00440995412337578 -0.0682752648040431
-0.155003208790216 -0.267450591478477 0.0702618396069052 -0.155319758025789
-0.0836800751772156 -0.34045908902487 0.184006425046791 -0.182910824781042
0.0862220505389436 -0.347420336444163 0.289946735570074 -0.0476292808657159
0.278266447005081 -0.276662629547631 0.263699329338233 0.14711431047013
0.41705681646687 -0.0997071503041125 0.101186123567411 0.210839798110295
0.416586069465433 0.0869704564921913 -0.0422296817845395 0.0524430835514622
0.321793853908558 0.192611308114172 -0.266830063361392 -0.0992259097189304
0.361116594415334 0.0860426879916453 -0.240755362975572 -0.212500530958604
0.346810509995346 -0.0714465805564724 -0.302352960905656 -0.223327254410421
0.218826707333985 -0.220977618201998 -0.28753759508215 -0.1226961959212
0.0719243599034758 -0.276071634519046 -0.264490292987996 -0.059884613708581
-0.0535088633497038 -0.257771509746904 -0.226576379981041 0.0117713919465637
-0.113656314833354 -0.211520994280154 -0.16677827082262 0.00394564783007514
-0.126291841075497 -0.204675506154906 -0.0939458219822919 -0.0623824917475767
-0.118068481409177 -0.214218414016804 -0.0565258173343863 -0.146871057712996
-0.100328257558659 -0.245028332762829 0.0382128994618156 -0.222206066438745
-0.0258068208202814 -0.295007496489697 0.16884213396139 -0.239334012829926
0.121918465602295 -0.280562539783547 0.288977452193518 -0.0813842822771012
0.283378899289036 -0.194637211548002 0.233721646243509 0.135954374221325
0.382527767101084 -0.0216688749303907 0.0355456524797044 0.19155525674375
0.347933306717462 0.130647750695493 -0.158604242714535 -0.00909508335718658
0.22079308852 0.159904759161336 -0.372905308356649 -0.137367157046532
0.27522699434138 0.0785622722439676 -0.304913770368409 -0.197431841859153
0.265686184295064 -0.0614986109736406 -0.292009673100388 -0.203902516887955
0.155266315852949 -0.170387352591557 -0.239467146898213 -0.155759843590029
0.0496653981600248 -0.198894290135114 -0.25234130908219 -0.135579555348363
-0.0383170339881803 -0.190227969677266 -0.247731539447063 -0.0705924643997016
-0.0789147272026337 -0.159486055022449 -0.20806365633008 -0.0738471226489349
-0.0751640472526007 -0.15876167989734 -0.136648991416777 -0.134959844879105
-0.0625303198696402 -0.167940782395805 -0.083460863776779 -0.214850664025184
-0.0377868004829216 -0.185295336689741 0.0373970338363372 -0.274413235936526
0.029299700552017 -0.21018372144742 0.180155804186372 -0.267426240611432
0.135703639692054 -0.181711732647733 0.291695797733835 -0.0920457141142647
0.248661716291168 -0.090378838725416 0.201975345722432 0.118531755851078
0.295354316187694 0.056604158307083 -0.0107260117979206 0.14581486481519
0.232532500400748 0.151349909268311 -0.230986275378343 -0.0818966974037693
0.078245413626787 0.113248106808041 -0.42328789937671 -0.144216587999515
0.140432760245146 0.0720077543345074 -0.323104412194769 -0.170806539669069
0.138474325133019 -0.0242409160177622 -0.26920038283709 -0.185212940182042
0.0726319241897027 -0.0753664704556325 -0.210642608303061 -0.177463342551072
0.0324859791670586 -0.0801719011668043 -0.251008505539156 -0.169908294816856
-0.00394963456612212 -0.0923223503131906 -0.260487928607338 -0.115463338225489
-0.0249275700846113 -0.0856482335849104 -0.231312781002117 -0.122349594229141
-0.0138216622840793 -0.08838565223602 -0.156305312202314 -0.183375481275369
-0.00857335750696779 -0.0949222518513348 -0.0839938524677106 -0.262229580863371
0.00928366971131494 -0.0995672117747652 0.0603831968335974 -0.303963988026416
0.0512161659405812 -0.109129144649901 0.207531000984707 -0.267761232306756
0.108539611375133 -0.0874190524964925 0.296957182049754 -0.0826373501300791
0.176143794879502 -0.0142722675305252 0.180537088478059 0.0960719343682048
0.175363197143879 0.0966164300821158 -0.0278483689631517 0.0921499515455429
0.0930583056974325 0.135436462200215 -0.252001590919492 -0.150895096951037
0.0423671372242253 -0.0735784064944698 0.286583654355566 0.157607210459063
-0.0572987354422918 -0.0562920847245857 0.095439231054899 -0.0891598060800389
-0.0728063555494878 0.00252369592805165 -0.162938741596994 -0.100063231231435
-0.0204036206237457 0.0232369511027503 -0.319446765726267 0.0587640597910002
-0.0125474072224289 2.78323101528706E-05 -0.231166238888492 0.264603408354109
-0.0229745493290281 0.00558239057499486 -0.0626780008024125 0.328317498165593
-0.0319499533948747 0.0129743082083056 0.0707089900011516 0.296099187940834
-0.0496096666906148 0.0118022865993201 0.179336671171423 0.202809171626286
-0.0554315665611956 0.00229863276256055 0.226091973505406 0.12770683790388
-0.0556191546602448 -0.0186519394190996 0.261237155399497 0.0882236815078323
-0.0380237770601639 -0.0403222574078066 0.262640534949673 0.128407775324087
-0.00472954368029628 -0.0404115618522147 0.232200065298621 0.174312996906879
-0.0159231954033852 -0.0455977216393053 0.256741653370824 0.172038816714725
0.00313097468396629 -0.0782084508829407 0.307353328295402 0.170063256712373
0.0818067442654599 -0.0679034727039506 0.403412350937107 0.10321502707871
0.168089728291311 -0.00588810514298808 0.233419990079431 0.155973143693755
0.0640051151968938 -0.0317532151151996 0.0640504690963031 -0.0823632384355285
0.0278187232168177 -0.0116080003790845 -0.181833270070639 -0.109786028574109
0.0466932251617604 -0.0296170848569212 -0.32782761956812 0.0426864458761649
0.0147755328873052 -0.0806114587398111 -0.251359745697109 0.23671536278964
-0.0379220915986881 -0.0803531506594316 -0.0980463904402844 0.314207280163966
-0.0751548638769317 -0.0641348780306967 0.0385229007172701 0.287464392224707
-0.111713327147262 -0.0644764179650828 0.149784003610174 0.193075392800667
-0.122002811202388 -0.0752174710074925 0.194033329499803 0.106979280584938
-0.121858082065331 -0.112141626973065 0.235687447933424 0.0434413907815733
-0.0780277845988687 -0.165638755813183 0.264045561010583 0.0617952914614349
0.0237126306024984 -0.176188792404816 0.258260204603857 0.129979104816103
0.0947651819592239 -0.150388612374507 0.269843759165175 0.164497638251835
0.160384825044685 -0.11771183585027 0.275187504316082 0.165397235961956
0.234211278018762 -0.0477766378852357 0.338447491790537 0.101029677557241
0.274851972834375 0.0676848210911072 0.143533031538699 0.115558845339331
0.190804730225049 0.00455698940778432 0.0136199387932574 -0.111666720847864
0.147149169590026 -0.0280731154064195 -0.218549025930843 -0.142717599051973
0.120355421338634 -0.0945242699122467 -0.342113706261561 0.0194506743641196
0.0426288421936402 -0.164458076708981 -0.265862207184635 0.198168374548896
-0.0501752223314491 -0.162720354946496 -0.127816714969192 0.276420034100065
-0.110058809118078 -0.13465491495856 -0.00146532488030096 0.249953924103747
-0.1575049261584 -0.130354976822424 0.100028125598297 0.156178337268223
-0.171106184764305 -0.139718851127212 0.136959275029573 0.0640831914229549
-0.174863133331999 -0.182692673337894 0.183427269186223 -0.019105294002144
-0.121092719319951 -0.259138636789175 0.241848166959288 -0.0270784640022163
0.0242526993452351 -0.285808913757114 0.277808375616678 0.061072999885695
0.167201669654486 -0.250733715212378 0.283988146718012 0.148271255230678
0.28449382739275 -0.15792535332775 0.233807541996394 0.172821370688376
0.349959414330401 -0.0269216584741565 0.233891578663242 0.0955844957582622
0.348298654921308 0.126281116187366 0.0212755435645405 0.0511194815026111
0.302784451388456 0.0336970782885854 -0.0590862456927729 -0.153681313131496
0.262060002475957 -0.0564121657553615 -0.261674534524851 -0.178839717279055
0.183142511543301 -0.16917691629878 -0.346513983612432 -0.014227094861903
0.0581374390720861 -0.242374572284152 -0.271116004334673 0.137890211644312
-0.0650342500698423 -0.227777532490743 -0.156039981551689 0.211550680247753
-0.134397794124611 -0.185797509208842 -0.0498647345757251 0.185329023581278
-0.179764845527835 -0.17729630557199 0.0351690304490563 0.0983210349454728
-0.189871112324241 -0.184776114043894 0.0632640326507118 0.00539586954748365
-0.195842642496894 -0.227357759855087 0.116384164223067 -0.0859961622508003
-0.138463811606175 -0.311589504959803 0.200070956200178 -0.115689580586845
0.0267252335917719 -0.344971970436104 0.282097556491665 -0.010668222696035
0.211782807625154 -0.304683050230584 0.285112483062506 0.131970223133515
0.362133196875376 -0.17003571600022 0.179772449596468 0.188864131807215
0.412196704268305 0.00442415002168619 0.102918580799368 0.0838785045596612
0.369036526712588 0.158661995793615 -0.122870344041418 -0.0196552172787273
0.366870925498832 0.0498865757983179 -0.153190230680434 -0.183459792815209
0.332368651968444 -0.0860900690929028 -0.295895335712019 -0.197470105100597
0.211175151147628 -0.226470119959225 -0.329053154307217 -0.0542190207204384
0.0577344056181465 -0.286351364678381 -0.268866466204385 0.0553737748251475
-0.0768345250042037 -0.258665984837697 -0.185883061559731 0.124029133550013
-0.143469618089996 -0.20664917169698 -0.105236144297444 0.103185143638841
-0.172778558343164 -0.197091355710503 -0.0343305206955055 0.0249212173384943
-0.176879078297689 -0.204819247362375 -0.0106196313703966 -0.0630839822347575
-0.174205282702548 -0.243652678489127 0.0537237335617613 -0.153485636618562
-0.112780014994216 -0.319187614656083 0.158494572837103 -0.190743582770665
0.0510284450946576 -0.342521948023759 0.27515481602441 -0.067504997132644
0.243092201655732 -0.289196020175742 0.268179502988686 0.121749196678092
0.39060767104846 -0.132784363863643 0.117389049553808 0.196227969185587
0.410363688163879 0.048310286119982 -0.0345694151127844 0.0554486813905373
0.32755643182247 0.157660948227793 -0.26343459284068 -0.0742181449684169
0.355610021936052 0.051566363134789 -0.245005694386314 -0.186669155850019
0.327230013581501 -0.0972870124469324 -0.309253221084729 -0.192150027774361
0.192361859628152 -0.231637765903846 -0.289308462135026 -0.0963631291568618
0.0440274630090638 -0.272295031770408 -0.261870498260353 -0.035151358237001
-0.0757246239544994 -0.241418721822184 -0.21795626011624 0.0303651560849489
-0.129209603749843 -0.192042203716666 -0.162137252797834 0.018048963451116
-0.140918784349101 -0.186544835425402 -0.0981224255253236 -0.0510130194475403
-0.134526931922453 -0.1951439527738 -0.0685806113413219 -0.134494886158713
-0.119637707593672 -0.226759477328586 0.0156959899791814 -0.215846180852963
-0.0523683336072926 -0.280434120193367 0.139410359810812 -0.244538338023778
0.0920009460739775 -0.280503492474782 0.270833722609593 -0.101828950531121
0.254478580657691 -0.21009441982957 0.239101028563622 0.112537836269269
0.36534104728693 -0.0551077112784334 0.0531705980577299 0.182430188649015
0.3473220700675 0.09607455405655 -0.153007443270726 0.00577063756528185
0.226980372009809 0.134437793383495 -0.371193396934627 -0.102239221309357
0.271963034008973 0.0515482264303648 -0.306537317653609 -0.167442882805975
0.250047341843955 -0.0798774443044155 -0.297370711988721 -0.173540748436912
0.134598081298136 -0.177441016995037 -0.245655105092685 -0.132384572925826
0.0302985290952218 -0.195920690784507 -0.256806054143264 -0.108761633093002
-0.0554396533646265 -0.178822809292822 -0.245955968245892 -0.0468045333521299
-0.0909152499126595 -0.14621852117258 -0.208412153245594 -0.053787116147659
-0.0869944711126703 -0.146740352097117 -0.146109932895737 -0.117013264480482
-0.0756934416571679 -0.155645488040373 -0.100285718772443 -0.197561162980315
-0.0531186786407806 -0.174883164123165 0.011004884616231 -0.265875406507982
0.00806443522704103 -0.20400904855917 0.148449593765756 -0.272803782498262
0.114726571237038 -0.18541208782651 0.272589936251751 -0.111705836092755
0.231323684167052 -0.10673923594334 0.206163844252078 0.0987757277724274
0.288674182404043 0.0279787478027239 0.00352807887563223 0.143031219637661
0.236870337734081 0.126583766819395 -0.228794374074978 -0.0585880781385186
0.0856592033604478 0.101609081266243 -0.422054697662778 -0.104874329310208
0.141061241450922 0.0581260455607368 -0.32470714229544 -0.14169751521872
0.130186146018241 -0.0342500456169843 -0.27440627353343 -0.157309366158679
0.0633808050866292 -0.0782067684263999 -0.219930576994082 -0.155355232354528
0.0248343286962695 -0.0799137819968936 -0.257381119752651 -0.141490485531661
-0.012843775677053 -0.0869175314615734 -0.26236451859791 -0.0890419272943537
-0.0315908996541329 -0.0796965396276746 -0.235573111456898 -0.0978176160310988
-0.0207517214506727 -0.0843329482379929 -0.168725423679826 -0.162731927720618
-0.0159074889005223 -0.0897929765407408 -0.105137939483956 -0.243045230598764
0.000751738551957755 -0.0970872302306632 0.0310122427852762 -0.297030089248628
0.039266975148878 -0.109164907858838 0.176328176924392 -0.27496784115366
0.0972338501268505 -0.0933946685866374 0.279570821767129 -0.104035390255528
0.167764748375393 -0.0273299925855819 0.183851597118906 0.0798552660485745
0.176441488786984 0.0773108599370708 -0.017127377505198 0.0922803575007503
0.100001533261774 0.121802132913621 -0.25471964902729 -0.123022895309836
0.0368038369894568 -0.0719713680718534 0.278727017971108 0.134975237002516
-0.0547797000022386 -0.0505615280308984 0.0853528182032005 -0.0902946004391939
-0.0669144847425949 0.00594424622425488 -0.158650227245122 -0.0885152260437766
-0.018350721502874 0.0218351848226352 -0.299638693679454 0.0699707906059324
-0.0122224385948354 4.74146362140597E-05 -0.204663406259867 0.257005644353864
-0.0214586098948532 0.00613474971129892 -0.0423669134974098 0.310591915232378
-0.029687073082444 0.0136362467790426 0.0816551391350934 0.276050923607391
-0.0458249803445169 0.0130883334741322 0.179940660769951 0.183286762753624
-0.0522526389388884 0.00577283723246376 0.220335509594236 0.110536437198732
-0.0542482471613087 -0.0145463251969346 0.250605239172137 0.0724383128703104
-0.0379978168410696 -0.0365384831611989 0.254315774180855 0.109293413709036
-0.00614656445172337 -0.0390061075252195 0.228225531599083 0.156387096951415
-0.016522790928559 -0.0422601044594163 0.248700387910556 0.152249156691341
0.000146940260131265 -0.0725905624114414 0.296685888505483 0.149180470007668
0.0748677530035828 -0.0680783172143069 0.385573506918435 0.0822532658417366
0.158027139156367 -0.0144855059357326 0.22991188870325 0.13501084441235
0.0591471001643903 -0.032470121001943 0.0587422560999582 -0.082123709092861
0.0265583448025631 -0.0114994822099408 -0.176986788020186 -0.0977481535392936
0.0424171050400613 -0.0305677211164688 -0.307840828953929 0.0543033855281905
0.00909018628924121 -0.0769630251223212 -0.226702230634417 0.232366830664152
-0.0396843904329006 -0.0731108461412885 -0.0762465713819438 0.299317325916734
-0.0736801696700862 -0.0563717395424193 0.0512525054100659 0.269219931098922
-0.108814194332564 -0.0545408718000368 0.15181439847038 0.175334215147696
-0.119426062990915 -0.064074461496925 0.189212477192683 0.0922094137795551
-0.121896650710688 -0.099240871839518 0.223412385161478 0.0317779933537841
-0.0816533846103288 -0.152128428304997 0.251017054529166 0.0465968665119926
0.0138184257723716 -0.168455077507123 0.249985404514904 0.112141006801416
0.0823973665691491 -0.146615110982727 0.262231392371718 0.14368945920873
0.14630596753177 -0.117442366056231 0.267521111313968 0.146552953217041
0.219964435636941 -0.0549251376378855 0.325132076549233 0.0823940796264401
0.262014864540826 0.0499356947243097 0.144173078152768 0.101864394524222
0.179640134621035 -0.00469390359116231 0.0106165042194954 -0.107117758674572
0.137411467187671 -0.0319408341806234 -0.213008201200003 -0.126628180830269
0.108532666108385 -0.0947498683398352 -0.322135652594309 0.0325794187556105
0.0307281865274406 -0.156614469060355 -0.241802343988532 0.19638540124246
-0.0560587630891334 -0.149656522605264 -0.106230758275786 0.265794138840177
-0.110595933594755 -0.120657151915949 0.0115529220937385 0.235943405908641
-0.155263268441452 -0.114793163392814 0.102547998885195 0.143297824829143
-0.169608026799804 -0.122244935648218 0.13273895851934 0.0542830780927772
-0.17549943346006 -0.163240996217461 0.171729493238811 -0.0240187138690491
-0.126421529148991 -0.237250406280396 0.224853647300168 -0.0351698978670077
0.00874399540025031 -0.270157649077102 0.265565587442704 0.047392087107574
0.145235441273458 -0.24365825248002 0.275079946505304 0.127522945756389
0.259057900524678 -0.161445085229803 0.229540828366162 0.15518777090452
0.330395498723983 -0.0400229188948402 0.227016445165588 0.0814519045655097
0.333868995497102 0.101471863798003 0.0249552652120519 0.0453088623553119
0.287037830908611 0.0176821514533548 -0.0587778454874375 -0.144054343060217
0.244597014568579 -0.0641452686567777 -0.254924636263846 -0.159794446033842
0.164720978923541 -0.168789358629178 -0.328760381712548 0.00160537913570613
0.0412775831154058 -0.230824401124528 -0.249983156544314 0.140751617561109
-0.0734358835669082 -0.209436781217552 -0.135922075641955 0.206138449773135
-0.13636022657785 -0.167580220871457 -0.0370847299267873 0.176836749929098
-0.178506051451906 -0.157473196004284 0.0382482322580181 0.0911451140479623
-0.190475710393019 -0.163341562177722 0.060542187439773 0.00344241572599647
-0.197508292692509 -0.204734330569242 0.105169441751459 -0.0841195064158935
-0.147435254820739 -0.285576751443659 0.180058790993682 -0.117505436520494
0.00780743691986782 -0.325882511345597 0.266007396435049 -0.0199132427364994
0.185364054936707 -0.296580337370206 0.276546744869396 0.113759329786634
0.332745494422461 -0.176885701396971 0.18041484586809 0.171452485484539
0.390421439104693 -0.012947199030816 0.102830383663293 0.0742266985304834
0.35559036827846 0.130732816252843 -0.114013391183204 -0.0138005910786494
0.348107848854424 0.0305885557526002 -0.147818343406254 -0.167970274377165
0.308299879150111 -0.0943237120691144 -0.287377535849662 -0.175219946192281
0.187882445311335 -0.222483669265369 -0.313414044508883 -0.0383480747358773
0.039370615940915 -0.272312686035506 -0.252355476816061 0.06312443912309
-0.0868546903408998 -0.237751463436287 -0.169166609349604 0.126035210671867
-0.145942217034475 -0.18680980976981 -0.094118362713758 0.102100255959598
-0.174206528693095 -0.17705549813654 -0.0316929301720571 0.0257407516532455
-0.177867077681636 -0.182746888730431 -0.0129424061445459 -0.0574070008448932
-0.17914938388071 -0.219775645618114 0.0426917070271683 -0.144903992036718
-0.124163563215566 -0.293640299823752 0.137442296427012 -0.185333493677273
0.031117328674753 -0.323506938447568 0.25723814448025 -0.0747847612565775
0.21528885177869 -0.282726481064844 0.260964165103605 0.104083740630603
0.361047689239928 -0.144427442758223 0.121310451245645 0.1813761059071
0.39011390692067 0.0280062321197869 -0.028100898311277 0.0535304599614251
0.316168015898919 0.132260969776619 -0.249882652088677 -0.0591895516956551
0.337469443346178 0.0324991322668396 -0.234603627997238 -0.166997460507551
0.302363723004629 -0.105174638861623 -0.299115610334267 -0.16919608313731
0.169808574001497 -0.226830292750897 -0.278248022401225 -0.0797444696183044
0.0280630239600798 -0.258684272105808 -0.249187489788135 -0.0214320847566208
-0.084964443077342 -0.221698308749487 -0.203928241484243 0.0391463072515201
-0.131891822439323 -0.173713606609721 -0.151906056549991 0.0248427675027558
-0.14277968560074 -0.169191721213048 -0.0958596350059971 -0.0424551395715846
-0.137178024546128 -0.17651434528156 -0.0714356824961659 -0.121286846387879
-0.125231738248899 -0.207047841502871 0.00437555001473894 -0.201480686921433
-0.064749703592091 -0.260254882894477 0.116850081297915 -0.235297260061788
0.0729321406217783 -0.267650802579909 0.250975969248753 -0.10567527113532
0.229998316860079 -0.208358305114363 0.232899373783791 0.0976669153526577
0.339943580964488 -0.0687445960957923 0.0605683829042878 0.170658360275122
0.331894545927443 0.0755432185324497 -0.141882966700315 0.0125262593895367
0.220206679782456 0.114994859837302 -0.353372427718808 -0.0820006223201812
0.25811775515716 0.0364414005770545 -0.29354948162539 -0.14763213808763
0.230504891124349 -0.085004808431995 -0.287042420350318 -0.152762097696018
0.119155158300406 -0.172453289027736 -0.238280295494312 -0.115416668609894
0.0186219452098979 -0.1862840067762 -0.24779714573761 -0.0896291173133767
-0.0620319564677342 -0.164140307740941 -0.235217321833071 -0.0321028477408305
-0.0935332052764668 -0.132467259054214 -0.201006607563338 -0.0395602157046667
-0.0891962086295737 -0.134374076210802 -0.145028243603426 -0.102841192955216
-0.0793690294427348 -0.142187132308443 -0.105431647575913 -0.17901297136461
-0.0591203582681993 -0.162306485458684 -0.00299895172978615 -0.248983819420913
-0.00295092558040518 -0.190786153593901 0.124497078386251 -0.262182350567519
0.0988538851096984 -0.17950933393523 0.251892567505656 -0.116471989549582
0.212389959618891 -0.109765643050509 0.200366545481968 0.0857557774799509
0.27115501287502 0.0127785918894172 0.0117924860002253 0.135371023383666
0.22920773919571 0.10905743831945 -0.218586853530627 -0.0445943727478569
0.0852981686873192 0.0908622846000341 -0.40238269014898 -0.0830702365103097
0.135327487344887 0.0476947817561297 -0.310662182856866 -0.121919544677383
0.120167173061244 -0.0368217547388483 -0.264949261072075 -0.137331805383283
0.0565436385884844 -0.0761736107109765 -0.215478890886848 -0.138291908693312
0.0199929494258138 -0.0765163206722456 -0.250342543904876 -0.121413878740675
-0.0179108747983315 -0.0800854756672903 -0.252523760668646 -0.0720205295174142
-0.0344903683841115 -0.0732934890828145 -0.22805937470615 -0.080397654365022
-0.022996190829392 -0.0791538503055434 -0.169427549255079 -0.144059802008512
-0.0191931951104188 -0.0839552497226255 -0.112141967682956 -0.221422733033799
-0.00375771132332794 -0.0916190879676031 0.0142688552503477 -0.279991694025319
0.0314346028895537 -0.104456244785962 0.150276271742077 -0.266722970219365
0.0871614528206095 -0.0921290990025489 0.258538981800213 -0.109719657111059
0.156460469367144 -0.0321104696187792 0.177035066701207 0.0685796575832426
0.168229238163228 0.0644533731296575 -0.0111960665813415 0.0872381492281765
0.0983415009704735 0.110356857661714 -0.246098559846399 -0.104265993626326
0.035080598432298 -0.0702038543367872 0.269950104333581 0.125150318987644
-0.0520174849316572 -0.0481639439366208 0.081242526340771 -0.0882309550362098
-0.0629778570612308 0.00513476587618248 -0.153474288344828 -0.0849680009996092
-0.0175298530549031 0.0203176100204688 -0.287251863435264 0.0686173189508636
-0.0125638960404791 -0.000674563075143957 -0.194599428003982 0.245774285923693
-0.0204871334465044 0.00582804848739505 -0.0359473505299093 0.296913831647063
-0.028257603724737 0.0130772600917096 0.0835876794313161 0.262604813272856
-0.0434896077158436 0.0126827076442115 0.175844064918343 0.173557396728133
-0.050967117962679 0.00694369412191239 0.214123288148268 0.104069631853375
-0.052978451604932 -0.0129178406825762 0.240697869471112 0.0685435666276097
-0.0362972414445842 -0.0353581603903869 0.245080739255608 0.103966453580107
-0.00657907861232657 -0.0383498833934831 0.220704786703688 0.150094879435076
-0.0159395335786039 -0.0411244686782809 0.238533449333774 0.145105901699111
0.00106250463747029 -0.0687397256738041 0.284340106958476 0.143484212884504
0.072373756263524 -0.0659006105019484 0.370857534901076 0.0793947879678256
0.151143372941218 -0.0166422411967695 0.223837115477226 0.125693608815003
0.057250159557599 -0.0315961131545582 0.0565528093944428 -0.0808463646669326
0.0264670980329405 -0.0106241893519921 -0.170471603314623 -0.0937810093812298
0.0399509580095914 -0.0299048495718276 -0.295487729413272 0.0533013825007838
0.00690360828610995 -0.0742529076159712 -0.215509360406294 0.221957557250507
-0.0387400223773132 -0.0695778144109379 -0.0686844936624578 0.286474392128443
-0.0716549927363544 -0.0530050156018341 0.0539511395501889 0.256284292915092
-0.104893789807568 -0.0512555092809919 0.148977054780313 0.16702904377285
-0.116456749854369 -0.0597723578864012 0.184169319896306 0.0870786250444401
-0.119317280284558 -0.0936360372328282 0.214859756577533 0.0307400458461764
-0.0802412664089665 -0.145113913703496 0.24002714679923 0.0440797966068131
0.0111123919265599 -0.161332469686508 0.241603311563677 0.108456944497702
0.0777914071312482 -0.14082241594546 0.252403259923254 0.137603884433646
0.139636023689386 -0.112484093928432 0.257188997241567 0.140940567243122
0.211696063696089 -0.0534194422378421 0.314386728079878 0.0787360061567738
0.250661214694103 0.0442888552150912 0.141632510660076 0.0941079849228949
0.172261049585696 -0.00533422781055633 0.0133832988688485 -0.104409657798501
0.132082467964444 -0.0307764423011229 -0.205200280943699 -0.122170696074829
0.102927796077387 -0.0918744344226133 -0.309418574353686 0.0318929028935055
0.026812897245066 -0.150682897594089 -0.231017748914155 0.18873527072239
-0.0551207196451337 -0.14161224190287 -0.0985403754682923 0.254514470793376
-0.107796222777882 -0.11396563654978 0.0146781625732133 0.225000537996572
-0.15126391444801 -0.108416811985664 0.100941047742835 0.136549107465624
-0.165620016476368 -0.114501401505722 0.129190571065335 0.052133978741848
-0.171896534613019 -0.154663599732515 0.164475246762615 -0.0222246776742864
-0.124932181916533 -0.225538988764398 0.214216942297475 -0.0339780945317691
0.00521687004061915 -0.259058795287377 0.25562514980602 0.0455332049637633
0.137064516860716 -0.234419602395697 0.265373014358844 0.121830634012339
0.24767159197248 -0.156226862336745 0.222119349295889 0.148272550060596
0.318012717825505 -0.039915004043368 0.220383342404028 0.0768464373768016
0.320976671918823 0.0925976590169046 0.0275425787679038 0.0413840416195094
0.274489627362864 0.0148886591977239 -0.05290057475226 -0.139483152932648
0.233441888839614 -0.0621736061846764 -0.245194880795952 -0.153106972263127
0.155695529610627 -0.162954197426066 -0.316150744299021 0.00157354979306353
0.0358040778513938 -0.221461294763817 -0.238607846492153 0.136060415202999
-0.0736448302239359 -0.198589429566302 -0.127486926466835 0.198016876309487
-0.133196189268371 -0.158560411546464 -0.0337817817715413 0.170082700084288
-0.174064130062583 -0.149090703053038 0.03760891665025 0.0879210309060303
-0.185533712311497 -0.154041941552376 0.0590946669518984 0.00407447597147166
-0.193512794793108 -0.192755216636988 0.100658734423506 -0.0788534560153082
-0.145237889806295 -0.271106161499598 0.169536116889171 -0.111569539564573
0.00357335102804195 -0.312436198378609 0.255124394737799 -0.0193943378670312
0.174986628202959 -0.285133146983222 0.267957911065241 0.107832565435293
0.316329021938414 -0.17272896687369 0.176308573843171 0.164252582890633
0.375982665057118 -0.0135726780811579 0.101374659594204 0.0703640726526892
0.339852034996875 0.121822306689313 -0.106618595418946 -0.0148301843835563
0.332389995547886 0.0254964532665668 -0.137670729660451 -0.162678611957386
0.29464702795543 -0.0914616098530502 -0.275947495889326 -0.16904032280014
0.178180137143886 -0.215364506941506 -0.301602850801735 -0.0358223329172386
0.0330706379506054 -0.261556722784162 -0.24163316913104 0.0627633834713001
-0.0862804447096111 -0.225099973385213 -0.159987842085739 0.122013448293471
-0.142494904371522 -0.176086504225912 -0.0894911781158251 0.0987345024232642
-0.170179009946172 -0.167016715853942 -0.0305420502207845 0.0251821435983224
-0.17369485635768 -0.172883332749834 -0.0125499904987694 -0.0536443903720575
-0.176364669405494 -0.208125002143351 0.0402295287509479 -0.136543401157319
-0.123584466547838 -0.278472302531931 0.127594480899961 -0.177744112888362
0.0252587893610163 -0.310843096747751 0.246175896792707 -0.0714184195454129
0.202389469138719 -0.272208385521679 0.25329479842 0.0993325349670447
0.343765038632246 -0.140088888336765 0.120306895095163 0.172972874198465
0.375731890940285 0.0254735091196038 -0.0250070570636887 0.0513925578915421
0.302862696200164 0.123190855153795 -0.238899744726835 -0.0574546007300199
0.32262184054143 0.0288715584648522 -0.221231143982978 -0.161217495619128
0.289817043581279 -0.101815789971216 -0.287396497363587 -0.162312810365637
0.161137802042554 -0.219079293001692 -0.267369187440029 -0.0760841208973769
0.0230370291001775 -0.248199546240382 -0.23973958805527 -0.018726950842222
-0.0841956970157173 -0.209280519376095 -0.195421595788414 0.0388035022077815
-0.129423886945075 -0.164061628406589 -0.146200475880455 0.0259520365944786
-0.139665829151312 -0.160148022010948 -0.0942157605642709 -0.03863625662336
-0.13458174770766 -0.167190365523532 -0.0700448215495975 -0.113687168665904
-0.123826072630765 -0.196377358558995 0.00213637376279432 -0.19121758783934
-0.066033508265555 -0.247203804185135 0.10741643722754 -0.224796879041939
0.0667452602715181 -0.256895941798369 0.240028596949842 -0.102187248388191
0.217938330091199 -0.200415752222157 0.22552085789031 0.0936501355924136
0.323538923588254 -0.0688577235203085 0.0612604046768316 0.163281402302664
0.319222313271936 0.0708688302477449 -0.135021043443645 0.0130541104237882
0.211695011251013 0.107588874422698 -0.339036547418194 -0.0776192002809293
0.247478449908982 0.0333052624398534 -0.279802277817662 -0.142241165225324
0.22052530195076 -0.0821234527475916 -0.275117821042171 -0.146366397906737
0.112309224913004 -0.166916284287528 -0.229892125206547 -0.110844739342205
0.0154142595309647 -0.178901189750347 -0.23869122976509 -0.0830957303896718
-0.06188686742023 -0.154087340142966 -0.226170458014272 -0.0286758916573709
-0.0917824104503841 -0.124927738505471 -0.193614071962749 -0.0347707432114092
-0.0878354421173481 -0.128378192039756 -0.141420699532268 -0.0956172894883235
-0.0774186431578583 -0.135180054097027 -0.103623020020626 -0.168417435964267
-0.0587904174185066 -0.154809569423946 -0.00609848282788995 -0.236682186607138
-0.00574566265552214 -0.181413686446362 0.114995320809026 -0.250662152813074
0.092584038201662 -0.172388172320156 0.240284761406352 -0.111826710296548
0.201755646382034 -0.105166826653948 0.194555871458197 0.0832391580395673
0.258281409024301 0.00997628073418025 0.0140843050417355 0.12937880439634
0.218715823656533 0.103341488302754 -0.208453796870241 -0.0407285891107126
0.0819171504084855 0.0855064035421427 -0.387260540601571 -0.0777873715754559
0.129276418851434 0.0447954558874392 -0.297679082826937 -0.117879676941699
0.114479680194429 -0.0342435569251523 -0.25362035284689 -0.131978056343245
0.0541500195295676 -0.0728387591265005 -0.209016539553106 -0.132847234614057
0.018974032183414 -0.0735976636096155 -0.240923710850906 -0.114119323106955
-0.0185047458005038 -0.0745790859924453 -0.243609238168994 -0.0668554025199058
-0.0348264153018714 -0.0685889024651229 -0.220748995031697 -0.0736862719612865
-0.0230647622508144 -0.0766463925720417 -0.165358870387639 -0.135738407019215
-0.0183030516420928 -0.0803158791141272 -0.110894038050356 -0.208955762527782
-0.0037470469315361 -0.0873605099066047 0.0102397797888696 -0.267107412504945
0.028817116774154 -0.0998132717775298 0.14115343200194 -0.254810032061912
0.0823100445721035 -0.0891188536193075 0.247487181688615 -0.104746501361359
0.149465576936081 -0.0300341206765898 0.172097146870132 0.0670515551841771
0.160170815021427 0.0606642545189093 -0.00932544546965492 0.0840321459771245
0.0943727183934162 0.105313475375147 -0.236745767974173 -0.0969807885418516
0.0423436088630757 -0.0658073084534659 0.256499544970031 0.161234101485476
-0.0427052796134695 -0.0546694993934989 0.0965238677105712 -0.0788833733183655
-0.0603994305525016 -0.00504294224102777 -0.13823749503673 -0.109104351623071
-0.0200571140161168 0.0149576323661416 -0.289523171677696 0.0291062017484621
-0.0146731567013281 -0.00345399789261074 -0.222294567865848 0.213581380877328
-0.0192417518591739 0.000812587353003013 -0.073491028967803 0.284821719126086
-0.0279406143677117 0.00896966614339302 0.0533549036127006 0.269550662214482
-0.043208112035709 0.0058417554224236 0.14966980844295 0.196335618107575
-0.0480238015900265 -0.00136937035762633 0.197666844832073 0.13583241809431
-0.0488269392408671 -0.0206393767494108 0.225979059309638 0.104429392464531
-0.0274616189435666 -0.0419352969015656 0.225462971056093 0.142036880192261
0.00262669307562417 -0.0417438643958476 0.196567473928608 0.184655984027593
-0.00365174885745227 -0.0452843777259423 0.210714811714405 0.181058009746163
0.0150518277448995 -0.0692065948622932 0.254499479682688 0.187718086930184
0.0835507764926063 -0.057040860748309 0.355858053585041 0.141329216243792
0.149363446353655 0.00181291517746434 0.203229005236821 0.161329096850009
0.0610457899688853 -0.0225135171075201 0.0685800694121203 -0.0705880700688069
0.0290625420285766 -0.00755495820393648 -0.157099027813869 -0.115368666059302
0.0433076208338376 -0.0244552654918512 -0.296575364923383 0.0162113946450008
0.0154289160937657 -0.071379667676707 -0.240099083662279 0.190328906458624
-0.0267764536956795 -0.0743336485730919 -0.101361706550521 0.273477451676833
-0.0611836255844893 -0.0627788879429665 0.0244699816765114 0.261226012326425
-0.094655134421427 -0.0660062022956016 0.123204208819916 0.185302613890036
-0.102944757596059 -0.0755389857436897 0.169401513209496 0.114281815794444
-0.101943308328268 -0.109333789844848 0.205186128984291 0.0655835938141942
-0.0541547296663547 -0.154629645719149 0.227848742473305 0.0830318348349526
0.0387059217318237 -0.159521203606562 0.221383516341434 0.148522096044191
0.102333342226819 -0.128755744732143 0.224132858895246 0.174334443347922
0.156538617788505 -0.0901891540369917 0.227954888502681 0.177972993853588
0.218825314545573 -0.0219486580646566 0.298736665438362 0.130336770659173
0.239545292423607 0.0738921749750849 0.118535139823017 0.124089291640271
0.169741774113287 0.0196538440849433 0.0258759639412308 -0.0962135573322506
0.134386005000406 -0.0108076798819071 -0.189061564653738 -0.142076495036733
0.11413641443812 -0.0748357364581755 -0.30807737289619 -0.00229181679496296
0.0465493749232241 -0.141845053156774 -0.24942826440489 0.159586402187267
-0.0322422445934599 -0.145874751526098 -0.123950661529572 0.240224194366796
-0.0885443629473594 -0.127782282175083 -0.0100851311492588 0.226554107904855
-0.132552905451425 -0.128156700178788 0.0805831273015746 0.148454362910002
-0.143568778389491 -0.135505384477275 0.120628570414783 0.0727148136118256
-0.145167544196779 -0.175443644848854 0.162849277688046 0.00729924142426268
-0.087200829817795 -0.23923620580508 0.211217041282809 0.00348012582354741
0.0464719585357085 -0.255716072997532 0.244322054664239 0.0892935888904721
0.172373123828701 -0.210769960876424 0.238877235563559 0.161183236691
0.267490355944949 -0.115843170816749 0.190258622753501 0.177521582003968
0.320957589346238 0.0100462768574109 0.205738942768304 0.110712904659703
0.301394660306601 0.130552249835596 0.0068066563699645 0.0592379182822786
0.267175116102221 0.0542899344874034 -0.0376487018587366 -0.136919145661292
0.238392941306847 -0.0270303082068064 -0.226049107022834 -0.17184862894436
0.176190988238545 -0.135647539265419 -0.311488098093576 -0.0288404329657779
0.0669373357846327 -0.20904789789123 -0.250392987732169 0.110727110375936
-0.0423965480965276 -0.20310739888953 -0.144050126737076 0.182620383597322
-0.107493785703329 -0.174511886276789 -0.0511035652747995 0.167413732510702
-0.149579888859308 -0.17176292526081 0.0250401210232588 0.0910145655268813
-0.158173505730463 -0.176875900882831 0.0570592883008029 0.014925293666276
-0.162180768077381 -0.215669720220244 0.107039530640091 -0.0575716198023277
-0.101717528072109 -0.285079835748194 0.178621938273108 -0.078979305597588
0.0519997327719349 -0.307689020125838 0.252970853617677 0.025990376496602
0.216460252159001 -0.254898256815908 0.242307271289933 0.147849389874861
0.336982893272258 -0.119877377101225 0.142232445149071 0.184019464730275
0.373174550126874 0.0458458276480285 0.0878642741756015 0.0839961484918562
0.318411120801353 0.160898329705289 -0.122223397432502 -0.0120559455752743
0.321979082174484 0.0716808569931558 -0.120666008623405 -0.168788487103264
0.302379594995468 -0.0470551801549698 -0.255566931896041 -0.186688505808415
0.205986861740959 -0.18295374619139 -0.291587375287278 -0.0618340024190609
0.071103732530964 -0.24802102987496 -0.242150820340469 0.0406092800631106
-0.0513640701389791 -0.229412330728561 -0.165046641797937 0.103552764510906
-0.11545320341801 -0.19288194691102 -0.0978031254706022 0.0912907355622786
-0.143806668070656 -0.188945887174027 -0.0343217498966866 0.0208496962409286
-0.145313970889538 -0.1930859755704 -0.00626338757486554 -0.05183485606521
-0.142745106187321 -0.228180650870817 0.0555787702235109 -0.123425898927377
-0.081135757162268 -0.288019821240154 0.145789993295333 -0.149850913298463
0.0724722497841442 -0.302022088924748 0.251381638352884 -0.0271122546097729
0.24117628461194 -0.236719051622585 0.229935527122028 0.136365243521371
0.357048498263884 -0.0844658921128864 0.0858855597643198 0.182614820458458
0.364593894629641 0.0857327863464555 -0.0349304328606835 0.04374802805747
0.282382165784559 0.158599641818775 -0.246731110480181 -0.0741408297818818
0.312231172721278 0.0737581442855382 -0.205144358700084 -0.180035095048924
0.298373965682739 -0.0569973631191255 -0.266291678499686 -0.182461322745875
0.189799265708447 -0.189415470939037 -0.252407685447379 -0.0968557060200489
0.0602230046646704 -0.23740172331039 -0.229536754799419 -0.0385220564151157
-0.0520740458868863 -0.213710022643374 -0.188942970876788 0.0167485463915524
-0.104164894363794 -0.178963057415307 -0.145853403112493 0.0120675193193686
-0.114468244066501 -0.178063122253418 -0.0877576160505038 -0.0520767060171993
-0.107882914735936 -0.181813413084674 -0.0546679513388727 -0.119557960301551
-0.0940052059029315 -0.209044029690851 0.0263480125558938 -0.183373834156616
-0.0300969455359896 -0.249542417749337 0.133758920581186 -0.200451526842069
0.103734300047863 -0.243958914531986 0.249080274665939 -0.0593663771134491
0.24505095296094 -0.164137015408982 0.206077176587027 0.125612993989508
0.326071920146569 -0.0171513342781721 0.0315829691297036 0.16379156122731
0.300757627223815 0.122122148896713 -0.13826484742659 -0.0114149635104438
0.195036318134307 0.13128791387596 -0.339957783080652 -0.112283731555676
0.238392297285046 0.0676149644745784 -0.265527566270512 -0.171575791809197
0.227313652834062 -0.0478831293439399 -0.25547714549624 -0.168129243970278
0.135312598619529 -0.144772880105443 -0.211727752155365 -0.129062968748887
0.0426934260587573 -0.17168628337842 -0.220829371369075 -0.104475789657589
-0.0373922101608318 -0.156233196564702 -0.21285833527327 -0.0557797157630862
-0.0738321079460152 -0.135241744560692 -0.186977157767464 -0.0547050410571054
-0.0691649109960974 -0.13978807243354 -0.127041062803244 -0.114133921457386
-0.0574629008044799 -0.142730369002208 -0.079344740862784 -0.178909043454443
-0.0362274683318955 -0.158975952289646 0.0262721973832151 -0.23109236458717
0.0192322465102146 -0.178087677608447 0.146434625908611 -0.22686077415168
0.115894858222691 -0.157416145106004 0.252432156023625 -0.070461862965668
0.215209768770968 -0.0732092037681176 0.177126662683089 0.110551747795483
0.250850142849171 0.0502462854598362 -0.00733998528560924 0.122586434150813
0.196263303454305 0.138204484290521 -0.202211659494706 -0.0760266585615514
0.0711861392300857 0.0934796808757147 -0.383978903452011 -0.127454746441951
0.121241992761889 0.0617869976983482 -0.284768479766564 -0.155275523616998
0.117107620329513 -0.0158477234775332 -0.234640668640304 -0.158369646443317
0.0643576906537677 -0.0625937706307412 -0.188004381524299 -0.152358370461196
0.0299718543392223 -0.0700442490361976 -0.220712823026983 -0.13904516349222
-0.00671457664637373 -0.0726046694406714 -0.229280597342562 -0.0976665172567314
-0.0250751770035488 -0.0716172534866118 -0.210857708913168 -0.0985335240326217
-0.0124725654337859 -0.0800975966420406 -0.145536631395741 -0.156721990450604
-0.00787423201939534 -0.0810772864661911 -0.0804682857476468 -0.220441167176094
0.00729231160264552 -0.0867133416117073 0.0472894584492746 -0.259139661203036
0.0403782271127831 -0.0940614163504972 0.174427809631464 -0.228490699021007
0.0929434514431099 -0.0773061628481174 0.259438543033709 -0.0645593824567927
0.152421810909187 -0.00753101112510991 0.158249267994322 0.0921194393556002
0.146235883828632 0.0842508740526522 -0.0213897644722974 0.0765764280416052
0.0721710564726856 0.120724337152797 -0.220100312831205 -0.135232657389859
0.0425314978113157 -0.0682476353308687 0.26601522083906 0.158104253923881
-0.0433451879585507 -0.05594953201127 0.098464234546073 -0.0832839742446212
-0.061202721623252 -0.00565007157941299 -0.142346675561455 -0.112121834736947
-0.0203330770959616 0.0153832580585531 -0.296161608102925 0.0322308725044975
-0.0165237509901004 -0.0045135229557536 -0.22559489500066 0.21835838239183
-0.0202956945460169 0.000411905894398033 -0.0693829859853491 0.288614899027082
-0.0284189159814876 0.00918720556595515 0.0609034636608644 0.273219360498366
-0.0442739316002609 0.00650127344053257 0.158837541781701 0.198360127836721
-0.0494404598047898 4.1159569522521E-06 0.205874418951136 0.13616021129558
-0.0502882629875658 -0.0200279468681068 0.233760694080922 0.105793278634332
-0.0287567853327425 -0.0432560521259612 0.232669687350708 0.142723061562403
0.00228800380189757 -0.0435060500113273 0.203669638061553 0.189009528617959
-0.00422428565074883 -0.0467700643974202 0.216287046530835 0.184612390926933
0.0151968453646658 -0.070464859577261 0.26148643040039 0.191273826841542
0.0865686297326743 -0.0598226796088131 0.366112251091634 0.143588926706059
0.151778279382787 -0.000717098661131294 0.211571984905836 0.159066687392129
0.0622099356701043 -0.0241608744337842 0.0720923391285834 -0.0747548694453355
0.0296989468697706 -0.00834204795105453 -0.16089272977557 -0.11789977573287
0.0434237523314711 -0.0255318518588105 -0.303672070818259 0.0187876575072998
0.0130439440579349 -0.0732597824102295 -0.243288889837901 0.195789901617703
-0.0288323882754291 -0.0754637160562827 -0.0991270759259011 0.27774418613335
-0.0632224865865083 -0.0630279061247663 0.0310394698740687 0.265690720797188
-0.0982201843209827 -0.0656997877268144 0.131561646437756 0.187920778797884
-0.107529353503935 -0.0749337260682083 0.177387252785287 0.115757185086724
-0.1071484189611 -0.109295448550579 0.211850290366852 0.0662385955191835
-0.0582854216566777 -0.157859797291585 0.232747362963511 0.083941317435752
0.0364231533808414 -0.164497114863501 0.229249917575093 0.150699285785351
0.103061816829897 -0.132394181260234 0.230844876711108 0.176858455240719
0.159842339831151 -0.093341768264124 0.235156762409009 0.181732789083218
0.225326757617938 -0.0238474873970613 0.309069885892281 0.13156949918216
0.2442354027462 0.071850034845548 0.125396682969739 0.122492213311967
0.173708888276016 0.0179257876540496 0.0290140398506178 -0.100768504934667
0.13811216349245 -0.0123913093220317 -0.194508673465811 -0.145656631439755
0.115455418306768 -0.0783241695319474 -0.315244752921635 -0.000379819466397949
0.0441045436390812 -0.145409545425115 -0.253129448345219 0.163776011374116
-0.0357603759756261 -0.147525637760988 -0.122119048278543 0.244796600669235
-0.0926249961503541 -0.128585313803935 -0.00579567144178961 0.230358976522887
-0.138963960412325 -0.129391748563589 0.0857616539859449 0.150837964752949
-0.15005478963122 -0.136361404972034 0.126078375667524 0.0731809626301546
-0.153528117727591 -0.175993786316371 0.16761178732196 0.00849712632478804
-0.0942071787068304 -0.24288583567612 0.214694686669584 0.00301678049672523
0.0434791220083375 -0.262625641910148 0.251168574263177 0.0907538179035661
0.174041063211591 -0.216577296369023 0.247369515628611 0.162988462930224
0.272761278312454 -0.120922312827092 0.197363770378997 0.1806841685383
0.330730247836007 0.00719150134494163 0.213933973476308 0.110907084810957
0.308303564645268 0.128988536302073 0.0104589793102863 0.0582988646493256
0.273580122156058 0.0517438266664396 -0.0353124304753372 -0.141734936378971
0.243983425272888 -0.0293111322628693 -0.232458136011114 -0.176393393193164
0.17744813717348 -0.141033894412521 -0.31838206231204 -0.0274804519872823
0.0637437844251902 -0.214584976396024 -0.254646708173496 0.114671534724842
-0.0468096735230112 -0.205017894902708 -0.143005713585807 0.186904202731448
-0.113697399882821 -0.175680100513165 -0.0482215074171881 0.170995481940466
-0.157114821511697 -0.172331917232371 0.0274253684362923 0.0933733699331321
-0.166661008755767 -0.17765812991975 0.059950055998902 0.0153596261520536
-0.171902847021296 -0.217196715100216 0.110478415660988 -0.0579702209724409
-0.109749228514982 -0.289657980093799 0.179491627776457 -0.0799118913754052
0.0478379625420751 -0.316021909815875 0.259747005963676 0.0254655605427506
0.217426959984206 -0.262178645646156 0.251780006165285 0.148954399492709
0.342305781780131 -0.126340231127408 0.149307855981285 0.186207443965035
0.38483849867217 0.0430303471142579 0.0925268187545853 0.0846292214429907
0.326177323799357 0.160864220459212 -0.123406729587097 -0.014060146640207
0.32978057799293 0.0698496588214593 -0.121572926114311 -0.173653076690151
0.308979938663617 -0.0506399118464047 -0.262645954530093 -0.191516800921269
0.207343986294224 -0.189305236219752 -0.299037565000514 -0.0615590162165638
0.0672062523675982 -0.254907957801141 -0.246425043174618 0.0435521009663157
-0.0555632446556651 -0.231784907482544 -0.166118236102405 0.106743951575131
-0.121297773733291 -0.194477966146007 -0.0981649392873241 0.0949249624654924
-0.151233595817043 -0.191039504784384 -0.0351185993015791 0.022497267978181
-0.153262334130323 -0.194434816001277 -0.00671106051926479 -0.0517648242328858
-0.152226150416669 -0.229877134125045 0.0561014938594056 -0.125011916246083
-0.0882288740272599 -0.292618830742544 0.145574055240477 -0.151578146967575
0.068476235143919 -0.30956256459508 0.257739279515569 -0.0282655918188813
0.243443835259995 -0.244336822239951 0.239160556374776 0.137487519490861
0.364118652388747 -0.0903579698320598 0.0916483589105354 0.18581832048813
0.376132477187241 0.0833772583383332 -0.033763408357202 0.0443194257022163
0.290015278132708 0.157232487285769 -0.253048348290397 -0.074972389686713
0.320323142268628 0.0713770631457906 -0.207854918304448 -0.183554817413092
0.304415883282832 -0.0604182739900797 -0.27346921102757 -0.185545107957956
0.190778892264757 -0.194813029575523 -0.259649209614452 -0.0976228589308874
0.0558915430428391 -0.243281296123168 -0.234703690305165 -0.0375081326957034
-0.0564256005530133 -0.214683244302934 -0.192524705334112 0.0193896589677058
-0.110465064848841 -0.179827510049782 -0.149174057199594 0.015990627595645
-0.121605607007031 -0.180584867809023 -0.0920021768574606 -0.0503393732281994
-0.113680241634963 -0.183735509682217 -0.0579259347483537 -0.119592176439234
-0.10102732289119 -0.210679448942186 0.0246505972084792 -0.186154098850501
-0.0357774030832832 -0.252983108703644 0.131617442854892 -0.204103086911861
0.101162026550463 -0.249945745402758 0.254829899856606 -0.062322222852728
0.248624832984815 -0.170077231071949 0.213588757291242 0.127311109698364
0.332416496662146 -0.0207631329743024 0.0358097894931608 0.165691063803389
0.310309903226118 0.121676719738263 -0.140165417745773 -0.00982605892643984
0.200605735655911 0.13149545340085 -0.349319100420792 -0.112970433620144
0.244284265182749 0.0652636884439637 -0.270798176115387 -0.174688351015301
0.231530227326212 -0.0497310073685362 -0.262445263984898 -0.170614583052349
0.13555325873619 -0.149887472620252 -0.217162021704818 -0.131301407861427
0.0402386486859272 -0.176252110232997 -0.225640580380287 -0.1054989533461
-0.0409395111980076 -0.156855444565615 -0.218734520936258 -0.0538164570908143
-0.0778103674949698 -0.135658355168181 -0.19301800966475 -0.0531331978915121
-0.0734428185108251 -0.142013392789161 -0.133613040093145 -0.113371222922988
-0.061608013151306 -0.145298087125007 -0.0854280054715617 -0.179664449509644
-0.0409151842899259 -0.161461712750035 0.0229358248075107 -0.234899542464772
0.0158813726072755 -0.180982315627633 0.14496573327764 -0.231087819574456
0.115448731594021 -0.16223795434542 0.257553568195397 -0.0736918553853471
0.219915004055 -0.076237683540295 0.185005466786985 0.113169777063693
0.255487402642361 0.0487847080364584 -0.00489077923321714 0.124558952019855
0.203083091320212 0.140086403806633 -0.207613634872735 -0.074682508688562
0.0729887573507866 0.0944003029604627 -0.395733217286016 -0.126273321074263
0.124595064431252 0.0613245939457549 -0.293366349402135 -0.156798490205532
0.119395665901401 -0.0170136704123057 -0.240978399946039 -0.160729467318147
0.0647593903693972 -0.064730244635839 -0.194410890155718 -0.15562475624056
0.0295463830657082 -0.0721537329085909 -0.226960130900925 -0.140649486502714
-0.00819293293343773 -0.0717367175864161 -0.237042589304182 -0.0966012599565511
-0.0270569070193362 -0.0712931921983375 -0.217875010818707 -0.0957456949290369
-0.0141874534867081 -0.0827042220085775 -0.152509798662928 -0.157066945637906
-0.00831036694109142 -0.0827114026417005 -0.0867807951697024 -0.221987274336883
0.0063046133501998 -0.088357196138036 0.043820262459884 -0.264124087864277
0.0394615941449913 -0.0958808014402694 0.17333915719175 -0.232721328153449
0.0928790151879333 -0.0796748957635828 0.263210727824395 -0.0679671711876838
0.156111579899598 -0.00845442622199936 0.164358960269323 0.0950423509621022
0.149403071736473 0.0846757478487385 -0.0204716163469511 0.0783704758636667
0.0747708805216819 0.122744809694752 -0.227110920328843 -0.134137493133097
0.0400433522136017 -0.072305390427872 0.282610190947829 0.145646964401158
-0.0472276025438936 -0.0560655559818427 0.0981703307313967 -0.0924974276446628
-0.0626248622516525 -0.00377442296235426 -0.151299065145346 -0.110111786918045
-0.0209341473284231 0.0169474487765278 -0.302357682301793 0.0475273181112455
-0.0184514899001443 -0.00343038012238743 -0.221399657712837 0.234803218559283
-0.0210293546546696 0.000697983497234382 -0.0564067676720284 0.296292894043267
-0.0286195598895533 0.0106023239020617 0.0776752578205544 0.274891022055261
-0.0455909220699662 0.0087748335845558 0.176413752113366 0.194306209609423
-0.0508018009245023 0.00325929004529933 0.221553966133618 0.128873193317835
-0.0536980552821833 -0.0170179832862979 0.246966373711351 0.0975776918551649
-0.0320376335674532 -0.0436208182355182 0.246461931579777 0.136398376382356
-0.000527384312441997 -0.0452239637192906 0.219228468451048 0.185024185823635
-0.00631454511920773 -0.0477253923005527 0.22939921255617 0.179485363948319
0.013100804555277 -0.0721006052463924 0.277030349918891 0.186208745809411
0.0862343695915106 -0.065510664229482 0.384569695689426 0.131904417950403
0.154518543283743 -0.00838002789370906 0.227007230370942 0.149598759925345
0.0625082610945139 -0.0279879182384517 0.0729010258337484 -0.0830520970609494
0.0303117235190263 -0.0103782485066396 -0.170535828574107 -0.115584337279897
0.0430126875123576 -0.0290862143728357 -0.310723005004214 0.0337965987144035
0.00807765624257548 -0.0752942440558555 -0.240389855094939 0.21128679011262
-0.0343671086767277 -0.0753989303262902 -0.0858041115825037 0.286511434158904
-0.0687509179888826 -0.0611800180646152 0.0477177924417527 0.268645650225282
-0.105904626263817 -0.0621865636134453 0.147559143484272 0.185917998864519
-0.115296333216926 -0.0707333241742907 0.190948930136257 0.109831316892221
-0.11686284760005 -0.105284383763682 0.222390078721293 0.0586887092705867
-0.0691497909576072 -0.159258306245287 0.243312186228778 0.0759864230501167
0.0290018052916912 -0.170931108685351 0.243604611333665 0.145421688003362
0.0997191877502751 -0.14145562236216 0.246752560991115 0.170705398176816
0.159955631389441 -0.10321557605651 0.249790753509684 0.175907142131398
0.232656853628711 -0.0364014589743634 0.325806396786639 0.119800754225529
0.253273196610952 0.0612607566310229 0.136394094623021 0.115951202612351
0.178324413916224 0.00982040209455354 0.0287854716028098 -0.108031884845574
0.141270108681219 -0.0195926172072659 -0.20650169920508 -0.142487765312541
0.113885880689878 -0.0858403871712057 -0.324495030779611 0.0133169035104591
0.0358866124027446 -0.150834746517775 -0.25249835713211 0.179006818736661
-0.0450008281246422 -0.148395571676288 -0.111306779290331 0.254857810656058
-0.102151923579768 -0.125942177170093 0.00831816605572322 0.235097621856639
-0.150101418990571 -0.124142885993349 0.098252406214341 0.150418540248562
-0.163019543240779 -0.130448576831084 0.135317779558899 0.0685983134582777
-0.168987766129861 -0.171612847963125 0.174753871289329 0.000909746236843792
-0.110739550733105 -0.243712008202526 0.219541101506143 -0.00485025438555357
0.0293024781977834 -0.271971952470647 0.263772471873355 0.0827005824851258
0.168616961019077 -0.231614221099105 0.263525309626232 0.154813035937869
0.274559179024694 -0.137596961433768 0.212560958734014 0.176082667336966
0.342805175525955 -0.00992519081497672 0.226612798017688 0.103324130989643
0.321524854913207 0.116140856849033 0.0157850406500779 0.0561228955720061
0.281707993998699 0.038781906743477 -0.0392138233123739 -0.147117137537803
0.249843644497945 -0.0413380752095809 -0.247191548337162 -0.171635660431785
0.174512269274131 -0.154062883088479 -0.328231991793468 -0.0140780997276482
0.051842900822424 -0.222046163817669 -0.255618350174677 0.128204475008443
-0.0585621440226417 -0.205763733149055 -0.136036935640572 0.196990096121295
-0.126084396933599 -0.173026800818049 -0.0389608105831561 0.176646788926068
-0.171818065922207 -0.168054379694499 0.034641479244889 0.0948116951050087
-0.181294459065918 -0.172848055464525 0.0635756622516185 0.0133603282661332
-0.190622154483726 -0.211302892609604 0.11168617624588 -0.063781404667952
-0.130423033029487 -0.289955355299772 0.179768681411617 -0.0880563067055667
0.0304871574356919 -0.325564321588852 0.269210919696304 0.0145169230275257
0.210349620672302 -0.279349419443956 0.268167190435273 0.140398100419654
0.345206994624281 -0.145872486239621 0.163183679140629 0.183414486423637
0.399704660654391 0.0237420001111434 0.10071307930584 0.0805814734067477
0.340876898183906 0.146787682488068 -0.125084543519488 -0.0102697069177242
0.341478195752876 0.0543965392806026 -0.128182491490684 -0.175673301067446
0.315005349061563 -0.0663636129313691 -0.278611070322152 -0.18558536204056
0.202421812048472 -0.206099223879709 -0.309311436067093 -0.0498592685755545
0.0538611046037212 -0.264441727919814 -0.250954078235393 0.0545689090848872
-0.0701869183299704 -0.232537739895847 -0.163798076942221 0.11643195308365
-0.135260480734742 -0.191303080477558 -0.0946730005252072 0.101626307156574
-0.167680243093231 -0.186640717135428 -0.0345609050760291 0.0254342396015262
-0.16924147861606 -0.190277912003063 -0.00886235321714647 -0.0513380402730874
-0.171142282829623 -0.22489390241849 0.0523617185392961 -0.129474037968969
-0.108058750388163 -0.293321910076231 0.139442790201189 -0.159935221944754
0.0522614361151528 -0.32086825142041 0.263616145739621 -0.040611947652748
0.238220714081398 -0.262664995630786 0.256179128258198 0.129533622966865
0.369481538346631 -0.110615757659914 0.105446127241762 0.185223632307707
0.393290826657987 0.0659643995088205 -0.03151435374841 0.0464372941946405
0.304000811289964 0.146183200131017 -0.261785464951146 -0.0657467837045259
0.331251732104347 0.0568099235467567 -0.218521040371671 -0.181786583764889
0.310030467249266 -0.076805019374389 -0.289482566086312 -0.178922461511618
0.184450803618757 -0.210043147154034 -0.270311363207705 -0.0897638301688959
0.0435605878595364 -0.252296018855949 -0.241540207919574 -0.0287084221787052
-0.0692799511791471 -0.214780829590397 -0.195631855699372 0.0285126553971508
-0.123398212247435 -0.176326141413526 -0.151466140781878 0.0234506647902011
-0.136047706545832 -0.17810194642338 -0.097605746884324 -0.0452992761536235
-0.127817336379799 -0.181707318477858 -0.0659695667433216 -0.117454900987319
-0.117382700007582 -0.208807493636541 0.0162707640744975 -0.19055378140759
-0.052090884481237 -0.255855154984354 0.122451237729827 -0.212133107955204
0.0892103311721246 -0.261198453518286 0.259316702950844 -0.0744893858248533
0.247152445798996 -0.185369930130269 0.229538571131271 0.120965898290397
0.339584138680927 -0.0377866367226504 0.0464725528319765 0.167755544632009
0.326473874093294 0.108577390440433 -0.143755736451982 -0.00352526757946109
0.211382242372942 0.123418655075781 -0.365051422450976 -0.0994239200118362
0.253632310163529 0.0537805025422927 -0.284198168688911 -0.167774401517516
0.23574946802084 -0.061709423064664 -0.27740559495335 -0.163503118973761
0.130734910060682 -0.160502808114553 -0.229966315630012 -0.125698544616992
0.0303201814472302 -0.182681978548421 -0.236732606260341 -0.098364273110511
-0.0502959045488142 -0.156643883143907 -0.227677766821059 -0.0442989524358004
-0.0875330932720431 -0.132915123275177 -0.201020612986317 -0.042993562047405
-0.0842201680085692 -0.142518912985759 -0.1449142584862 -0.107580073706111
-0.0707261521610458 -0.1454654879958 -0.0981139830621533 -0.177660084394035
-0.0520089055832015 -0.162121117453767 0.0108083600623088 -0.240809304203027
0.00546609481090695 -0.185228418158677 0.134714967508409 -0.241614545624119
0.108909713513974 -0.172007997973762 0.260229702776205 -0.0866394951872213
0.222616605281202 -0.0881042625576665 0.19861749785925 0.10845803822759
0.263391034147952 0.0377781201259823 0.00173575661567183 0.127440829705772
0.215622446962899 0.133539112470469 -0.215984514227948 -0.0647517459374786
0.079535019502104 0.0918071397137682 -0.412495966273404 -0.112631907709978
0.130582546159512 0.0554058271086402 -0.307940389271611 -0.148211535792963
0.121300407161491 -0.0212784765577572 -0.255025084787928 -0.154755924457611
0.0624361906625083 -0.0696441440002078 -0.206814708028071 -0.152104724465283
0.0257673678413991 -0.0760405296002039 -0.238815014189303 -0.133784715954637
-0.0118125936670327 -0.0717485390727121 -0.24886628855116 -0.0868804811364128
-0.0317623061548549 -0.0706407528576926 -0.229567143940427 -0.0867782337663024
-0.0195674786552418 -0.0847379268593843 -0.167791759947094 -0.151544224935845
-0.0126323836307237 -0.0846856645984125 -0.101592021253163 -0.220973048816901
0.00155813311195833 -0.0908147774715558 0.0299591576281789 -0.272613947906821
0.034751916244058 -0.099746199971847 0.164707952946787 -0.245779866604055
0.0903854919537016 -0.0861244705743915 0.266808522034634 -0.081752605610136
0.159721075101137 -0.0155141926445517 0.175500197660442 0.0915594276332447
0.156887096569305 0.0799115344481193 -0.0162192756062135 0.0808663909778468
0.0829076036899262 0.122830592141739 -0.239669108847069 -0.124224050754838
0.0335584822891231 -0.0756354919125948 0.292695677343148 0.120811896628543
-0.0514022473380412 -0.0521683749297784 0.0916638992869168 -0.10168790410478
-0.0633697632447851 0.000687645758509936 -0.158297161182359 -0.100511553990052
-0.0194670011172432 0.0180025690222191 -0.298266154249583 0.0694291224881856
-0.0198468101340678 -0.00152514902171433 -0.203114214010812 0.248576348600491
-0.0217343530069988 0.00200197060474688 -0.033932632873496 0.295012285036226
-0.0267567230921855 0.0121560866421879 0.100789624495255 0.264992166622198
-0.0446758652388815 0.0125556130553467 0.194001631288286 0.178928378505692
-0.0506472795295261 0.00814161401973809 0.232657770844664 0.110779271139848
-0.0545039266761703 -0.0123176612002035 0.254852949759019 0.0792169447522442
-0.0359436330770263 -0.041748742291212 0.256810833574468 0.118275822780219
-0.00404023714507915 -0.0459762190587323 0.233087565146562 0.169859176451489
-0.009490556615865 -0.0473502177389235 0.240626045224586 0.162812847944526
0.00919527122392145 -0.0721723051397312 0.288905360689776 0.16678622450624
0.0819248169569519 -0.0726941235499484 0.394018941869421 0.10414041102593
0.152578595104113 -0.0199092832751455 0.238631862287462 0.128355349218835
0.0596272596645306 -0.0325064591992631 0.0683599211144822 -0.0919055311952296
0.0292774383419462 -0.0126793966191372 -0.178531735676831 -0.105239989427032
0.0404469438463337 -0.0319407558782026 -0.307569696782631 0.0547315054973858
0.00105623452616503 -0.0749639515866645 -0.224855934111379 0.226412508706487
-0.0404719935635976 -0.0722414731804447 -0.0640725905226484 0.288813104328482
-0.0728528840962258 -0.0557313126623141 0.0692016801155335 0.26078103806876
-0.111285006827041 -0.0532978510801232 0.165005451935365 0.172185017413198
-0.120887186539306 -0.0604567175874676 0.20073489801455 0.0937725093573988
-0.125639758831357 -0.0951012276292784 0.228263754181474 0.041287549174378
-0.082419170544341 -0.153145234194242 0.248181847660943 0.0596719312074599
0.0149662824252341 -0.172636876265257 0.25478319061906 0.128244567900755
0.0882845032077278 -0.148316691974509 0.258371418221728 0.151840909926078
0.153062538507445 -0.113865790200957 0.262252351855899 0.158192089936917
0.230490946721339 -0.0544179851036984 0.33444194139518 0.0959113946824508
0.255911914149364 0.0417191658973702 0.146623912070064 0.101535863289134
0.177498937725065 -0.00364706738796986 0.0237671297842037 -0.114244034655459
0.139704341971838 -0.0290267442978739 -0.216627933504825 -0.129382695863397
0.106434174992051 -0.0940234301980566 -0.322485187203103 0.0358491876555539
0.0228490779891769 -0.151896286561272 -0.238070130061029 0.195665517173533
-0.0568153962752676 -0.143288607302525 -0.0913129382001637 0.259008183833297
-0.111078377386276 -0.117502537794061 0.0281480737573329 0.230891244376422
-0.160690043677067 -0.111525910327893 0.112424777928739 0.141657717019974
-0.173929115165488 -0.116527587000694 0.142364900992666 0.0575917289873051
-0.183336982197261 -0.155098701509767 0.176277237270705 -0.0119844518077039
-0.131233218365039 -0.233591078310953 0.218890510004062 -0.0188998158607815
0.00740978481780538 -0.272466852882209 0.269835791812123 0.0639651266881869
0.150372618010061 -0.243248549488036 0.274826860541123 0.133976222777725
0.263647486997783 -0.157692694801859 0.225460653814931 0.159490255979186
0.34334241893298 -0.0367157339225218 0.234716770753529 0.084754525042662
0.328049342540755 0.0915510497956554 0.0214610851061715 0.0519107983725755
0.282887884996729 0.0172042150311171 -0.0450985488401372 -0.147929546781635
0.245565680207207 -0.0593139259826145 -0.259193464181629 -0.155063601427156
0.160691118950338 -0.166181848130103 -0.328418990430375 0.00789301535795458
0.0331793220882654 -0.224345046637111 -0.2451044047403 0.144446259883803
-0.074552892058167 -0.198884274712132 -0.119720832105472 0.203828649214993
-0.139156657711223 -0.161338384223451 -0.0242042474561361 0.177137834629233
-0.186372846026073 -0.153294650567653 0.0436909310509454 0.0915403478060079
-0.196211474613432 -0.156380625232488 0.0657515914455258 0.00931522653576923
-0.208224299195567 -0.193311987699487 0.108545748947575 -0.0712061462840507
-0.154121640586054 -0.277028705992033 0.170748712460524 -0.097847588437583
0.00411398264878893 -0.326739279261904 0.269956444061942 -0.00378738321723757
0.18872079681386 -0.29486841519721 0.279724002701741 0.117607716476052
0.333889542602007 -0.172780476097196 0.176338765796482 0.170179153741695
0.402150008849914 -0.00807253944156646 0.1067207038843 0.0710426218691619
0.351065280944871 0.120901568734662 -0.124557445214195 -0.00368462491724431
0.342924809793508 0.0276479941855512 -0.136264052188509 -0.169351183129044
0.30992488610794 -0.0890554901744164 -0.291036545145265 -0.1660312304662
0.184691392218904 -0.219002844991289 -0.311344902256335 -0.0301328144533087
0.0319168141495226 -0.266088686405599 -0.245374236803186 0.0709511965748409
-0.0871638561865145 -0.223848719200123 -0.153973681523065 0.126545162248925
-0.149760349905756 -0.177664233224053 -0.0849977884122829 0.107111848460461
-0.183235645408129 -0.172561863622212 -0.0318877433397091 0.0291137629638282
-0.184495033895533 -0.175577276529288 -0.0120328459355795 -0.0489863873873408
-0.190001261293618 -0.207863973692056 0.0433254535229656 -0.131739588458473
-0.132413784904499 -0.281808043626451 0.126243505948536 -0.165960395354684
0.026021556903324 -0.322881485755427 0.260679781781632 -0.0582845955996849
0.218846871584602 -0.278913167213814 0.267104758144899 0.108483558628529
0.358849701145736 -0.139051771701104 0.118982859697532 0.174870484180215
0.398215354856597 0.035036835650257 -0.0275863936792433 0.0475522809900072
0.312336021453086 0.121402975717401 -0.26459028976097 -0.0476169874139829
0.333239514169678 0.0305984648439902 -0.228579907168469 -0.167799321124524
0.303533514021016 -0.0985258658292061 -0.301802327579333 -0.157811478949317
0.166939252731751 -0.223192849929488 -0.275975324329302 -0.0719694916192995
0.0218801992921685 -0.254199432416625 -0.241795723761793 -0.0125163097456301
-0.0850352989287323 -0.206712095201053 -0.192828111884059 0.0427498646547087
-0.135929594498847 -0.164511873208785 -0.148965899836255 0.0348380186451598
-0.151160992663915 -0.166611121151575 -0.101318022096638 -0.0354959152806051
-0.142553711996284 -0.170072812295171 -0.0747579188904763 -0.110041748721995
-0.134792141824286 -0.196206678549743 0.00179070060819573 -0.189329996282501
-0.0734988612937902 -0.248215943586473 0.105407088787113 -0.217584640233895
0.0672762299568199 -0.265635385477996 0.25285311391523 -0.0925654449964923
0.23291802242233 -0.202566918182561 0.239526334385257 0.103302507627812
0.33547298941121 -0.062676069958341 0.0595356099919868 0.161293102279589
0.33406417208902 0.0837282320606935 -0.143543291838819 0.00767751761586178
0.218689973615795 0.106730461424067 -0.370936714640826 -0.0731028879921046
0.255864290812576 0.0335388677418024 -0.293407523781682 -0.149217545234526
0.230185630582938 -0.0781980805693494 -0.288234325752837 -0.143965784348212
0.116804032632068 -0.169374711272376 -0.236802787955721 -0.111385284304703
0.0154435039287852 -0.184483743263008 -0.24214826631978 -0.0819878399749977
-0.060545870045846 -0.150649183803866 -0.230439265176327 -0.0272350059373778
-0.097693414087247 -0.124226775621106 -0.203408225843453 -0.0259129900732811
-0.0962579596250565 -0.135595816855367 -0.154376800388603 -0.0942802682260281
-0.0823029236550254 -0.1392602414362 -0.110887622452973 -0.166421133742354
-0.0652633290346234 -0.155799001614131 -0.00758395873654625 -0.238677051599707
-0.00961889164516283 -0.182958956537492 0.114752366079121 -0.247561914558638
0.0945661161181099 -0.178359642465564 0.252821516506363 -0.104167199823318
0.215472588080493 -0.103109071154074 0.208576460065794 0.0931188438360397
0.264658100343293 0.0174020336018665 0.011549470662366 0.125109128529884
0.22558277560711 0.116241274359786 -0.219949581132531 -0.0481665847524394
0.0847075708337987 0.084508413959522 -0.42022762076224 -0.081091676418798
0.133335909254682 0.0446313490434903 -0.317286963366679 -0.126293474240665
0.119554706107407 -0.0295092605404352 -0.264387663997247 -0.13570479727352
0.056019503106846 -0.0737583089280368 -0.217693471925043 -0.138328663311568
0.0196060081504061 -0.0777305742822195 -0.247214056853652 -0.116426621434115
-0.0162287511295086 -0.0689155065714104 -0.255292387342415 -0.0671475324208625
-0.0371098927408999 -0.0664040968429748 -0.237021275504638 -0.0665452033392509
-0.0274640563038075 -0.0836279295280628 -0.181522515049738 -0.135387185209404
-0.0184626168143743 -0.0835150825866022 -0.119841646481286 -0.208700350305604
-0.0056737021677536 -0.090101404061307 0.00800567753480107 -0.271285671682192
0.0265261286303371 -0.10104032000526 0.14466943061583 -0.25511376653531
0.082799732418055 -0.0916701232930535 0.260063018452959 -0.100081446869387
0.159034654230087 -0.0268041458967982 0.183606421968057 0.0793794705641602
0.161208838943074 0.0678044850245498 -0.0103626780970162 0.0810527936339994
0.0918826680825772 0.116317104490126 -0.247459461127955 -0.103523256798606
0.0262530792855034 -0.0746662311169547 0.287861826010801 0.0928263177866442
-0.0529187624394095 -0.0467689251044321 0.0817539978176719 -0.106214409702945
-0.0611204353646002 0.00447690583943913 -0.158101834138914 -0.0878997043936028
-0.0175167785406509 0.0184183832525517 -0.281544254146464 0.0850402863511498
-0.0194112010310461 0.000143732250346786 -0.179321819718549 0.249925621171108
-0.0216192726757406 0.00321402173999095 -0.0135743475315954 0.280630006759601
-0.0248813818122584 0.0124769444119211 0.114589842424844 0.244368868793728
-0.0426685394863391 0.0148691656060144 0.201106771821391 0.155907580573501
-0.0480231733022592 0.012307602262009 0.233483219974853 0.0887225070459959
-0.0529768216193239 -0.00736001406322875 0.250282704443535 0.0585020192324321
-0.0380621396361362 -0.0379358624603518 0.2542304240876 0.097327918318184
-0.00719475230979636 -0.0434618472393524 0.234738295362733 0.148323774586123
-0.0122203664801696 -0.0446237909159603 0.240376184744381 0.141169328762191
0.00537286284849621 -0.0693926283991145 0.286831184640751 0.144415244363448
0.0742455019591766 -0.0747260234003387 0.385643144688569 0.0754471877124944
0.143887494972158 -0.0287606302087625 0.237159505016233 0.103562054166784
0.0549584242914059 -0.03433406151652 0.0606485908080055 -0.0957035524958738
0.0271510096184753 -0.0134847369548699 -0.177751747161446 -0.0914586717572739
0.036789802526387 -0.0331421739791818 -0.291177550915819 0.0718559916471824
-0.00454512150629108 -0.0707770822497348 -0.20104553990012 0.229789747488056
-0.0447201938056126 -0.0658162142526225 -0.0425120249726043 0.27697891602399
-0.0732327568420785 -0.0483849945514679 0.0847189684460776 0.242719006362478
-0.110565916730288 -0.0430103946409802 0.172391958988179 0.15200019302226
-0.12062805209395 -0.0487829852594823 0.200850697083644 0.0751202588644365
-0.126948243925064 -0.0812867862928003 0.222625821614833 0.0250955292839192
-0.0910678057025832 -0.140454907312113 0.243139168874906 0.0420857393169266
0.00209628101386761 -0.166187734936502 0.253031596564663 0.107020239218377
0.0754095946408836 -0.147995698195608 0.256554431530329 0.12831811880507
0.140109200808055 -0.119016688242069 0.261172504500218 0.135844710035837
0.218167757115859 -0.0688394264299308 0.328293353887954 0.0702374956013379
0.246599091512769 0.0238302969939573 0.147935563143056 0.0837361868485655
0.169188266656456 -0.0150557765658047 0.0179722894636751 -0.115242705954668
0.131846909243232 -0.0362283405488997 -0.215447784047821 -0.112051641289281
0.095500513907736 -0.0969505789486933 -0.30666386404516 0.0536049878101112
0.011008740682576 -0.145611844727424 -0.216307882757056 0.200578729282867
-0.0643905043881089 -0.131752974244312 -0.0702737473936306 0.25156628738112
-0.114473222521539 -0.104535104763394 0.0425414773650142 0.216464580636332
-0.162807672735472 -0.0943578796833703 0.119536007671686 0.126578912801436
-0.175399754513619 -0.0977528542222592 0.142137972700233 0.0445997779877858
-0.18673462700403 -0.134034243527432 0.170078378982947 -0.0228831536591497
-0.143776945992404 -0.214071954526687 0.208267899870309 -0.0297140636052133
-0.0112710992085709 -0.260999384812573 0.263627599506032 0.044624338490561
0.128490542965946 -0.242664741157743 0.272260258975781 0.109262837519965
0.243214606657798 -0.167466919609629 0.22490603768687 0.138721987140482
0.327682102392561 -0.0588655216326181 0.230851401392138 0.0650474946843824
0.319060788774367 0.0663477658772655 0.0248242826486891 0.0448509454431082
0.270499950203183 -0.00144000110460201 -0.0498300790406194 -0.143932936080013
0.232121017308366 -0.0724500382261173 -0.258622941615345 -0.134680019786278
0.142099176780963 -0.169486841075579 -0.314174351192729 0.0268810078101615
0.0154158807037949 -0.215464508825917 -0.225759177417323 0.152184172265115
-0.0845147978371314 -0.183772241804831 -0.101043283571252 0.200403791274236
-0.144256880932632 -0.143546341627689 -0.0107018120842234 0.169657222388527
-0.191396274690249 -0.132986402558058 0.0492396061737211 0.0847006536493109
-0.199442608736753 -0.135214084628817 0.0651483181150093 0.0037329246167479
-0.214198374340672 -0.167597698235877 0.10047270778911 -0.0752421120056124
-0.16910273699948 -0.25297238342968 0.158366015847003 -0.101698711917155
-0.0187636541846659 -0.311685300441185 0.259337006911851 -0.0199210978177833
0.162445397488751 -0.294368352841367 0.276185653920304 0.0926921105900356
0.309161664200192 -0.185672312381955 0.179801979552404 0.14989409500527
0.385935850846904 -0.0353350885924004 0.106345316256759 0.05985221072988
0.342231204683256 0.0910561857085069 -0.118141597206761 0.00201718400844841
0.329427948409679 0.00384036435462115 -0.13833627941488 -0.158091186354825
0.291376197982829 -0.105035478082451 -0.288279609272877 -0.141093017153869
0.160573090260358 -0.221403045849731 -0.300197597785969 -0.0103595177968174
0.0105734686250521 -0.255964110151552 -0.230333989029543 0.0811359141567141
-0.0974871283475451 -0.206894427932546 -0.138842013687887 0.129981312788328
-0.155214483805358 -0.159171848193134 -0.0744589976164311 0.107791324154815
-0.188801311884488 -0.151736866985641 -0.0277893138741434 0.0306917590008314
-0.190065954809063 -0.154212291210206 -0.0139096253408376 -0.0451982419626245
-0.197094220987848 -0.18301630615189 0.0343498768380332 -0.128498750803483
-0.147975199403841 -0.258560818906866 0.110629079290439 -0.163613800144387
0.0020206308117861 -0.30926687632317 0.246347616240629 -0.0716370766951145
0.190939469517516 -0.28139896138506 0.264459259398745 0.0853918948698865
0.333861018952206 -0.156627980801882 0.124056553596158 0.158178647265074
0.384087809594636 0.00555506053583743 -0.0241151776802507 0.0463320743371657
0.30662454127709 0.0966628330395384 -0.255718213025649 -0.0303046159084352
0.320068706135633 0.00755347231171187 -0.226506939047773 -0.148931648626678
0.284751564459509 -0.113416946879387 -0.298616002462546 -0.133034094344881
0.14301090351462 -0.224100443737741 -0.268665983384797 -0.0525012037841551
0.00247163458031881 -0.243736983708703 -0.233092998493911 0.000984204105401286
-0.0941238447996696 -0.191078150084678 -0.182002796225502 0.0535466488854586
-0.141208727561797 -0.146581080972579 -0.140491059206614 0.0435114703893344
-0.158015828047865 -0.147885150556471 -0.100388770118231 -0.0260240529476998
-0.14916767711096 -0.152951648921934 -0.0783347041657671 -0.0978340799548008
-0.143996329033039 -0.175509714403103 -0.00992061061133499 -0.1804615664703
-0.0883043332159934 -0.230777500798366 0.086577548717921 -0.211071954270468
0.0456244174791394 -0.257691333693188 0.236884475205449 -0.104224057790722
0.210503228082162 -0.209573708648431 0.23881844783512 0.080757451241955
0.315862113869319 -0.0819140193163539 0.0662795910522515 0.149565130151862
0.326616773867454 0.0569337341942431 -0.13717986424272 0.01620241572865
0.216048190280274 0.0871938349870001 -0.359757347415323 -0.0474505988381595
0.24599992431297 0.0149673698234368 -0.288874022341129 -0.125666984635292
0.216279408384322 -0.0890148838612677 -0.284583218010819 -0.120173362109739
0.0992718685299634 -0.169065383037213 -0.233791762278593 -0.0936090281939433
0.00108270853704947 -0.177285191602134 -0.237266001506264 -0.0650818624456632
-0.0673125111507782 -0.138450134393706 -0.222357667177748 -0.0110516537541331
-0.101423599592259 -0.11035530446758 -0.197196938386988 -0.0107448512203815
-0.103605827414847 -0.122592353525733 -0.156173518787534 -0.0768571101888191
-0.0885064677573813 -0.127794341852164 -0.117965945971152 -0.14920168203295
-0.0735050302509815 -0.142468078867414 -0.023538700930515 -0.226478333505887
-0.0229496051075283 -0.173073151127341 0.0936254378580725 -0.241371843315215
0.0774125138489081 -0.175560257903262 0.236069775634707 -0.115774912742355
0.200709956973722 -0.113739543354087 0.208017519526289 0.0757110088358596
0.254094357943304 0.000422818906097468 0.0186531027580097 0.117941253828826
0.223419559239524 0.0959910178677459 -0.213178801668031 -0.0298829063836928
0.086211248193732 0.0747724928831809 -0.41002141121777 -0.0499968772467682
0.129596277355276 0.033355239017341 -0.310516829569816 -0.101307395091064
0.112984880645261 -0.0350558291262306 -0.262062435873032 -0.11416618507073
0.0484664040749274 -0.0733567016956998 -0.216776287650067 -0.120246933690021
0.012162326338932 -0.0762427335819546 -0.24503154665214 -0.0973703219046815
-0.0186255383408179 -0.0637697122798487 -0.250059978522748 -0.0479439910344616
-0.03956135186669 -0.0601684325714596 -0.23172515976927 -0.0467575760698253
-0.0334355674091986 -0.0782473520416448 -0.184455212248309 -0.115059475792697
-0.0235249758720125 -0.0792011915858037 -0.12895767903627 -0.189107575764285
-0.0118213766870798 -0.0848244641136344 -0.0105249047029689 -0.257927099656399
0.0185074276316929 -0.0977252091850201 0.120833066751985 -0.250819830841482
0.0723057890818471 -0.0922380958217263 0.242827961703044 -0.111131861473856
0.150671888357296 -0.0358415159504244 0.183313906001375 0.0644144343839455
0.158168802752988 0.0554043803113509 -0.00524623525642226 0.0778526812354097
0.0949800552303913 0.105011049585503 -0.242975012005988 -0.0809736256396559
0.0308904941039691 -0.0651578341376295 0.261328149810273 0.108429630239963
-0.0425756791181482 -0.0472413621515374 0.0867080147331595 -0.0977884644087898
-0.0560914500959635 -0.0026130089365744 -0.138793958628908 -0.101637127481176
-0.0188377339328989 0.0132831175149069 -0.265905773082581 0.0480879375334274
-0.019486228582975 -0.00225693686434007 -0.189146344502582 0.210549886703774
-0.0226944194419823 -0.00122755823369342 -0.0407344697321291 0.255512975150708
-0.0244642296006123 0.00740966580632799 0.0846651005730855 0.235998322475807
-0.0415025986847998 0.00936919797537407 0.175430063153673 0.164344547461169
-0.0464233830466033 0.00520302918777913 0.214308511071195 0.107545067943953
-0.0493994673688699 -0.0135689545043559 0.232439664506599 0.0817556478482238
-0.0337529412603869 -0.0418842025635605 0.233120989632563 0.121296823756986
-0.0041856291242287 -0.0457999125184765 0.210620442605571 0.167505867727034
-0.00768145994818674 -0.0476328975995084 0.212714375038947 0.162878670066116
0.0119919384458682 -0.066425027082707 0.260110185443429 0.171486409773668
0.0767491500280017 -0.0660819047279575 0.365338552053787 0.117254177775202
0.133517431899285 -0.0107708848072071 0.215128688334989 0.12209560928681
0.0541452131713755 -0.0242835981850439 0.0706063015328205 -0.085662401846628
0.0271963840016053 -0.00874231986293584 -0.153982726278341 -0.102708743657728
0.03768535774696 -0.026914251225593 -0.271989873651097 0.0366882962009831
0.0041128694078494 -0.0658458391098702 -0.204840454054188 0.191151481896676
-0.034768204178982 -0.0677123093951436 -0.0640144828452799 0.247885231201101
-0.0634829225633147 -0.0545257987606234 0.0582567411607022 0.232161338275791
-0.10070272413147 -0.0522854127271371 0.148229502615469 0.158309469032469
-0.109153227064133 -0.0593506189418194 0.185352120513769 0.0926793446439053
-0.111711481644009 -0.0890501337406251 0.211237035574798 0.0497634710515098
-0.0723917690125746 -0.143616290307726 0.228211417966343 0.0727260758969945
0.0168876085023744 -0.159702009598737 0.232413776125516 0.134030701233265
0.0846470333099975 -0.137233315162905 0.226674475820465 0.154534524067308
0.144887721204409 -0.100585386936221 0.229487826990217 0.163484277610152
0.214008972517641 -0.0457941190634246 0.304746960972905 0.108416247468385
0.222035146054524 0.0487374190371836 0.134566330312013 0.103089238956832
0.15561481952362 0.00677990271705314 0.0352232591974803 -0.103233887437654
0.126464812045058 -0.0177870974653169 -0.183495568555077 -0.120358218293923
0.0996950443182426 -0.0780271640203273 -0.281963922415961 0.0214294333184754
0.028026778319324 -0.133169916340171 -0.213294704008118 0.164430762699091
-0.0453535894234319 -0.131194725189539 -0.0849424222648689 0.219894637824472
-0.0966039623366171 -0.110585138677258 0.0228591648076414 0.204837194805053
-0.144949860655921 -0.106438129711934 0.100934892607798 0.130026344893449
-0.15575824118449 -0.111884330754503 0.13251579309882 0.0594870812729699
-0.162312827903001 -0.144924174094351 0.166924742685178 0.00172929465182538
-0.11507633331608 -0.216870398668437 0.204067501103155 0.00481365814586476
0.0133538494557919 -0.250475733396564 0.248508905161284 0.0784394945158031
0.144319063979285 -0.221815715502183 0.241415027901649 0.138533710919127
0.247647047523271 -0.136715779366867 0.191026992463869 0.163272047971781
0.318273294559761 -0.0260590787817543 0.205726302362561 0.0943941596276029
0.284275567673655 0.0948573577045498 0.0247646753850805 0.0622978057531561
0.247632160300188 0.0296251690065321 -0.0220386227363876 -0.131216603857655
0.223431855279495 -0.0390417064762546 -0.216149915805024 -0.139671765609951
0.152637838143618 -0.139439159331045 -0.282967944066578 -0.00206978586590595
0.0415873387144938 -0.197783618377293 -0.214406207749255 0.120027248575394
-0.0573447588976066 -0.180771545174547 -0.106823994833579 0.169466207249991
-0.120372506452187 -0.149645276140007 -0.0233892897791421 0.155902713985955
-0.168383581688661 -0.144824686556939 0.0375358138979933 0.0844091817742867
-0.17547420411568 -0.14820395466885 0.0630026549697431 0.0139817333713314
-0.184437989321013 -0.177995018252487 0.107102068024323 -0.0536902166177784
-0.135035841062174 -0.255186820140793 0.163806233329088 -0.0662740445039913
0.0111155131862821 -0.298140179296657 0.25205182555212 0.017283084991761
0.180310010205 -0.267260454579166 0.246290047617886 0.12441265827912
0.31040113446869 -0.148199280938217 0.143321989852419 0.170919602939487
0.371615449613651 0.00230997055390872 0.0833240638641815 0.0775291222659295
0.302330020075995 0.120829606168421 -0.104216912854791 0.012228552950054
0.299513550139459 0.042132625405675 -0.10212053524414 -0.150222241257394
0.281916864036373 -0.0623053004134768 -0.240935626274031 -0.147370355404117
0.176394059235646 -0.184563894291051 -0.264477110201865 -0.0345269185447658
0.0422869022326827 -0.235434933426888 -0.210210064206891 0.0550845131130836
-0.0666591331982053 -0.203634292126231 -0.13381439959447 0.100467933560218
-0.128729120233713 -0.164492389200517 -0.0765559502854958 0.0932071990287053
-0.165228777608234 -0.162313323764613 -0.0308945422826998 0.0270058816048435
-0.163537543862236 -0.164768359274162 -0.00788021779236311 -0.0395540633514837
-0.16690559952582 -0.188958630407634 0.0485565804783304 -0.109794809191659
-0.114025264150007 -0.256688142599231 0.123900154084064 -0.130332737415106
0.0299428554639527 -0.293494669188882 0.24451821958683 -0.0336446354416411
0.206385353475221 -0.252032299994913 0.235078516843213 0.115075579351089
0.331325689206395 -0.116439898263812 0.0893487566264643 0.170585232970357
0.366506768170599 0.0415431984208124 -0.0422255325118763 0.0507144899916983
0.268928413020377 0.120711167687071 -0.229739420447301 -0.0318429537019419
0.291092511820558 0.0433841523170875 -0.185837880162499 -0.149381672130812
0.276428467309371 -0.0711199289808428 -0.249410324085584 -0.139915234849664
0.160464153282637 -0.188687399312399 -0.230801463456505 -0.0713624357895443
0.0334172654542155 -0.226062503510658 -0.205165847357411 -0.0194445913958056
-0.0636544312071822 -0.188023866869651 -0.167199682632402 0.0260378373769585
-0.116525047125291 -0.151135482158468 -0.131814979510064 0.0284943850682266
-0.136372491167512 -0.156160333060335 -0.0934718198577483 -0.0327157220499711
-0.125365989460728 -0.158817110340277 -0.0643160224520213 -0.0962813567322705
-0.116106525195299 -0.176834331718559 0.0104083259671582 -0.16426633914004
-0.0613804103423966 -0.223881373236075 0.104975319311021 -0.179251638119205
0.0664256279132651 -0.239131974372236 0.237261838883355 -0.0669527516706813
0.218315007162638 -0.181211299954658 0.211773987319176 0.106489763568484
0.306706161702645 -0.0477047228535628 0.0343239627012039 0.153660374764538
0.306775255224328 0.0859955621628504 -0.14708181018873 0.00739342810814517
0.187296719894286 0.102627893152244 -0.326232725314176 -0.0617082299198369
0.222212843746763 0.0419544186930366 -0.248876286235783 -0.134661809847554
0.210030245495072 -0.0563682848587096 -0.24082536525618 -0.129169859772924
0.113337262499522 -0.143530262984966 -0.197681589941546 -0.10665797778875
0.0230410887675892 -0.164404745250756 -0.204847554906761 -0.0824589414487233
-0.0441761121231013 -0.136211707480814 -0.201291867414087 -0.0355684272116127
-0.082452508638722 -0.112993089782217 -0.181033711216736 -0.0267345200352357
-0.087344460754439 -0.126388315281777 -0.140763499012945 -0.0860410380066859
-0.0706509662149528 -0.129165550371594 -0.0973813600866107 -0.148146873340331
-0.0548073726373893 -0.138793198535915 0.000657435235444533 -0.20935775765645
-0.0047220208864354 -0.162225203929897 0.11213653273448 -0.210391990201786
0.0879230932188852 -0.157368628143843 0.235766030854048 -0.0800900879538301
0.199668865932233 -0.0906813222079615 0.184733777901533 0.0942662864581658
0.239686001887625 0.0249036305184233 -0.00581537079996503 0.115152639414549
0.204984093381081 0.113931628924445 -0.212942788769492 -0.0477563846045104
0.0699639911167381 0.0770968855767565 -0.374839791162027 -0.0766653128326322
0.113696840518447 0.044902457420749 -0.276738595085576 -0.116933350104104
0.109201597043803 -0.0189227027747592 -0.225399288674968 -0.125896048115975
0.0540325354562835 -0.0616217570082149 -0.182959347298631 -0.131703383352965
0.0211066257644355 -0.0694440426584442 -0.212557344976198 -0.114181690868042
-0.00684951850992645 -0.0612985087702609 -0.225464007021234 -0.069097727058815
-0.0299316725394547 -0.0584578333645513 -0.211421216219561 -0.0627938632813363
-0.0253036237669156 -0.0774421632467587 -0.164871285858885 -0.12441590808003
-0.0141751877719882 -0.0769732174709178 -0.104248032476803 -0.188407990601513
-0.00224088805340493 -0.0790032066168501 0.014561464241473 -0.239992049860079
0.0260082150726015 -0.0881046605098638 0.137932592182535 -0.21986676249018
0.0740758790975116 -0.0790606452237674 0.241640578834034 -0.0774770902596017
0.145358928527302 -0.0222305647833548 0.163839351398839 0.0809625774954904
0.143916150933863 0.0678427339100218 -0.0203309066980675 0.0719474504162093
0.0813650898604716 0.110905679357228 -0.232048121607754 -0.102559701158292
0.0302466052059092 -0.0621333651691254 0.250007840726998 0.103662883774568
-0.0400268324231055 -0.0454809129022739 0.0834372108236384 -0.0962000222735214
-0.0534912984151822 -0.00298732055211966 -0.132120633671054 -0.101424440202392
-0.0179409284574856 0.0128158197529719 -0.256393301719686 0.0434663092230256
-0.0188442724131745 -0.00214750068507507 -0.183153524363082 0.199831245293453
-0.022204534111877 -0.000782807964216193 -0.0416996698900044 0.243305393089511
-0.0242258764065279 0.00554668990283627 0.0810561714738431 0.224272426726234
-0.0406132691997429 0.00857955350674274 0.170471643443319 0.155589161229831
-0.0447886058852653 0.00515479136738022 0.206937780059151 0.102647911583664
-0.0474953378982526 -0.0130607948135034 0.22359636665418 0.0796994596022288
-0.0331437131129041 -0.0403195183896929 0.224016771182441 0.118842265058851
-0.00359083029609261 -0.0443860092778575 0.201073069912063 0.163465680563827
-0.0064792532373583 -0.046132992225626 0.201548853813347 0.159305242451147
0.0136380378069727 -0.0634641341213982 0.248106753032267 0.16893322709053
0.0746648267961793 -0.0640684602178927 0.351073548288493 0.115541297146959
0.127706872900622 -0.00905336444583069 0.206048264271186 0.115229150714435
0.052034768264676 -0.0223105684294082 0.0687579600805635 -0.0852836529805257
0.0271899999142084 -0.00802197143810896 -0.146444683674292 -0.101999932945777
0.036388871917236 -0.0254357911302984 -0.261713175092037 0.032482874046055
0.00404098058250184 -0.0629588025062956 -0.198684192783731 0.180963264132747
-0.0341604424876587 -0.0641540508557434 -0.0642411105543632 0.234593828025444
-0.0614309888739256 -0.0535245735138296 0.0558054191982109 0.220347841578597
-0.0971903955278864 -0.049729995765407 0.144362768081808 0.149900498159459
-0.104572658565912 -0.0564387379215719 0.179523160372557 0.0889026989481652
-0.107687379612014 -0.0850838529753907 0.204407241125223 0.0485113093674313
-0.070643825522257 -0.137273731264016 0.220238427541281 0.0730222756915749
0.0172993821915975 -0.153770529107981 0.222235624925985 0.131720875900598
0.0828309847549828 -0.131691510419762 0.214787304982571 0.149989990792802
0.14127377477132 -0.0956900466284547 0.219230289743709 0.160137642590539
0.206589146855987 -0.0433239618530982 0.29171768390393 0.105183364112226
0.212458574159542 0.0485093372992713 0.128743042693394 0.096497729344322
0.149546810796698 0.00767015127680542 0.0363092203104574 -0.102501846464348
0.122987796549476 -0.0156877086651463 -0.174692600847513 -0.118640678798374
0.0964699180206072 -0.0740475832421139 -0.271302006924894 0.0169479265502241
0.0267703488015445 -0.127270226516165 -0.20667665241256 0.154919025609554
-0.0434103828975807 -0.124971310424592 -0.0830498930388772 0.207529547110502
-0.0931860215063472 -0.107024345949902 0.0215650782701791 0.194544868869394
-0.140038020897244 -0.101608347699255 0.0984630360785771 0.123540298662024
-0.150364007996931 -0.106765246415483 0.128574364282124 0.0571887740126431
-0.155942841688178 -0.13779653305763 0.161253426940016 0.00170916291014387
-0.111356677628478 -0.207108080338845 0.197520336740915 0.00728764850970234
0.0138804141318086 -0.240312166932648 0.238946292093006 0.077561600069224
0.139316554616345 -0.212740316415683 0.229645215220555 0.134913363364964
0.238938568594371 -0.130634240091565 0.1818812106444 0.159555614324636
0.306764984766987 -0.024819256084711 0.19732894170301 0.0918298575034663
0.270808766670605 0.0932777066162563 0.0240635362937922 0.0570034929707846
0.236530627646988 0.0312268557554464 -0.0180026715255529 -0.130131811985585
0.215238246850562 -0.0357245533348045 -0.205198663750064 -0.137541059418992
0.146281543503008 -0.132163803919313 -0.271465691071745 -0.00546105986114311
0.0396554240156416 -0.18873318308854 -0.207514734967824 0.111479787055057
-0.0546842345624793 -0.173042117125362 -0.103756945524206 0.160483680362597
-0.115109398367004 -0.143970351089391 -0.0217203673932528 0.148451195295897
-0.162577579257775 -0.138402328206449 0.0374137843338187 0.0803010909865415
-0.169443760942832 -0.1418402258483 0.0614014796593595 0.0138998653821204
-0.177107191429103 -0.169453435457858 0.104525001748907 -0.0513146717201943
-0.13053752907053 -0.243407790722313 0.159153037182122 -0.0606753210768179
0.0114388406003704 -0.285984315369404 0.241902292714445 0.019853606512794
0.174557538926812 -0.25712121958866 0.234092700345182 0.120790665969927
0.299947412268151 -0.14082376676644 0.134575506118968 0.165134841246872
0.35825906524676 0.00291562736027222 0.0786679770565869 0.0744416653069133
0.288418342696907 0.117777619226935 -0.0992298398384933 0.00840488640934635
0.286426736040023 0.0424290390545209 -0.0942439180469901 -0.148048210697841
0.271650549202611 -0.0580216223637298 -0.228757648249257 -0.143253485561503
0.169461553187665 -0.176223813681434 -0.253801432015828 -0.0369004087757267
0.0403102955997463 -0.225433261622448 -0.203242588974382 0.0484782389269787
-0.062077430969544 -0.194870966509373 -0.129475400469598 0.09430681368991
-0.12301226176963 -0.158034131635768 -0.0734357475682597 0.0890799475940556
-0.159549321750283 -0.155338155232961 -0.0288632836839241 0.0264127347581846
-0.158574943125243 -0.158150180086211 -0.00598693712858176 -0.0370558041568497
-0.159995400942553 -0.179855065341648 0.0482253188546787 -0.105096256059253
-0.111101929458792 -0.244341319055016 0.121343790260521 -0.121154614565028
0.0295441332543734 -0.279779656804752 0.235184517167231 -0.0290963117053826
0.199916621770079 -0.241984427896913 0.224586268877438 0.110427957263627
0.318840580849643 -0.110773426228426 0.0828100012232505 0.164838601638283
0.352049609044373 0.0410084235815592 -0.041722892166909 0.0481080503896275
0.257126482679644 0.117917022220711 -0.218874331258419 -0.0334747562823991
0.278266299762452 0.0430101466394295 -0.175210663288197 -0.147182535539573
0.266309659529392 -0.066392668675498 -0.236836049167433 -0.136036550346743
0.153992720967906 -0.179616475719863 -0.221074762040865 -0.0728628916708402
0.0317366535636567 -0.215589988158763 -0.19750662740174 -0.0229707112171104
-0.0597968603533847 -0.180090017638587 -0.160400269465871 0.0230122458987765
-0.111492144494719 -0.144049708765101 -0.126537871438886 0.0270379417138773
-0.132588557425197 -0.14950717545394 -0.0899474168830036 -0.0302047178390808
-0.121939149589632 -0.152648155702983 -0.0609749052576173 -0.0909657278856715
-0.111336716391508 -0.167650667765492 0.011450236146005 -0.156782126807717
-0.0589682316279748 -0.212912568742961 0.102839918900748 -0.168322230947209
0.0632793785646593 -0.22708099132829 0.228431347340879 -0.0616588354832191
0.210722992649502 -0.173507518979912 0.202929519341486 0.102191386822469
0.294293422251901 -0.0439762694636423 0.030643111202797 0.147351999943762
0.293954726338236 0.0838314193670042 -0.141822958669303 0.0070754114938631
0.178278279345623 0.0999622792634457 -0.313040463415125 -0.063105685861263
0.211884324640086 0.0414077091762267 -0.236078905492309 -0.132722140224114
0.203074895843773 -0.0528465356557258 -0.228740010825024 -0.126187867640137
0.108780223061472 -0.135632918725415 -0.188502434748511 -0.106759084491623
0.021240265089854 -0.157170226564778 -0.197086004469043 -0.0825626262693792
-0.0410003046841352 -0.130260849592399 -0.192674875276931 -0.0350364813749143
-0.0785716149954116 -0.107661475619811 -0.174112261894737 -0.0255278532043397
-0.0851816174878495 -0.120899647159615 -0.136161447417461 -0.080663054162737
-0.0683142263171561 -0.124522643243775 -0.0930764866337404 -0.141098589966213
-0.0514451662146081 -0.131805593065434 0.00159766496763627 -0.199792430535725
-0.00480102981472186 -0.154418551305189 0.109434544796502 -0.198117989929297
0.0841489271599687 -0.149105306340455 0.227594366050918 -0.0743914797094478
0.192655379242984 -0.0860449604162833 0.177232801009066 0.0915592493426723
0.229844491366691 0.025277728432017 -0.00779513931494109 0.110446133836036
0.195371028331202 0.110424746182768 -0.204107734264261 -0.0456421228568924
0.0656491971391164 0.0745388782951959 -0.359082878768848 -0.0764036059712411
0.108444975133986 0.0437549833367368 -0.264372362359692 -0.114337583113886
0.105277857425308 -0.0169451754817098 -0.213929478663442 -0.122605954887391
0.0517270234684479 -0.0575197679964992 -0.174958863427592 -0.13094655424218
0.0198593082225668 -0.0655952225340832 -0.203852013177015 -0.112405774239576
-0.00584332927711321 -0.0582025933472146 -0.216614680729678 -0.0669679425817034
-0.0277064860762084 -0.0552761940430815 -0.204141833849937 -0.059444486237695
-0.0254978948593375 -0.0745169611821126 -0.159956741977376 -0.117490993066332
-0.0136015332594782 -0.0748828761544364 -0.0996466843594975 -0.178893308529804
-0.00179800727127804 -0.0753061386938669 0.0150994842940562 -0.228973126393675
0.0243550930153492 -0.0831543411256692 0.133607464348306 -0.207469104873214
0.0713172634699577 -0.0745967304825212 0.232571944038554 -0.0717023603615142
0.139940090797663 -0.0201950771665667 0.158046173069594 0.0794207030454624
0.137297160118559 0.0662891687032487 -0.020804356094743 0.0695740965630707
0.0772022581819611 0.106531232619441 -0.22116219214143 -0.097511802397737
0.030015649424924 -0.0603181461484435 0.245912673155052 0.104339634599446
-0.0378927240397199 -0.0454826189749168 0.0849379373487461 -0.0971846402337545
-0.053094931919773 -0.00440477054656899 -0.129772395771101 -0.106177566118511
-0.0175537516036821 0.0120598643108113 -0.256012448895092 0.0380788730714569
-0.0190584899929269 -0.0025245500288859 -0.186489039982145 0.194714163546257
-0.0224930623067457 -0.000709883882862351 -0.0472152336623508 0.238460605326973
-0.0245831517665335 0.00386452128170432 0.0778815736513825 0.222485558594998
-0.041081419434851 0.00772355940792624 0.169605145671255 0.155239468519986
-0.0437344731754825 0.00512361812470067 0.205868392896924 0.104267134947163
-0.0474643997600248 -0.0140426893070352 0.221658918962598 0.0833542109767757
-0.0327194378677765 -0.0402460100400279 0.221882757415271 0.123077852270528
-0.00247631575551352 -0.0447784126684222 0.197926434957545 0.168951569613194
-0.0053337389446266 -0.0465534963217939 0.195401669617279 0.163879431979736
0.0158000368025829 -0.0626799664629933 0.243018439218029 0.175453960017411
0.0758444587947341 -0.0624889404548683 0.348232062802029 0.121944241644454
0.126916456716823 -0.00607518169011192 0.202374784053439 0.115315205745825
0.0527695291610347 -0.0205906643518558 0.0709474225983644 -0.0872974172636823
0.0275572185382394 -0.00706998769038445 -0.143552929241268 -0.106380370779251
0.0363956852360896 -0.0248551286801322 -0.261426290114557 0.0263564771576396
0.00437801859263597 -0.0621468338770213 -0.201315995101285 0.175059512882661
-0.0330493925627421 -0.0638847517692991 -0.0690247523905252 0.229672395078687
-0.0611886993941062 -0.0553734637678849 0.0520398821310167 0.218564942003696
-0.0973608794874374 -0.0508094826543769 0.143621829154184 0.149289614467679
-0.10390516256953 -0.0571603625497209 0.178969518004618 0.0906493202618643
-0.106344382548817 -0.0856400223659013 0.203692847950137 0.0511335626737573
-0.0692501414599924 -0.136869532639923 0.218809106492303 0.0773250467418649
0.0198730689726523 -0.152906142592569 0.219279483840339 0.136559286989853
0.0852198818446788 -0.130145922575739 0.210024584089824 0.15433261222729
0.143220136908849 -0.0928761610545138 0.214694420504367 0.165693181934016
0.207341032744754 -0.0404640200683127 0.289869176124615 0.110610817900821
0.20944509764862 0.0523826985977844 0.126903156036989 0.0955295986745238
0.148703413585473 0.0114677712103445 0.0397859127863157 -0.105290201301156
0.122944344985603 -0.0127572379805775 -0.170734381585006 -0.123251046665545
0.0968234261296632 -0.0716110427234243 -0.270653118628602 0.0107288612694307
0.028398800188002 -0.12574871335292 -0.209283099480676 0.148056518981812
-0.041574703842717 -0.124282315243203 -0.0870418751566455 0.203063061832889
-0.0912873923185554 -0.10807982301081 0.0187041284217131 0.192082929020038
-0.140105846459734 -0.10265568889815 0.0976967940178777 0.121998143683158
-0.149452650374146 -0.107515401406862 0.128469410990614 0.0583048820710706
-0.153964982917057 -0.13769971829333 0.16240018579282 0.003636113210085
-0.109518242661371 -0.206586966019093 0.198298693023161 0.0128200145495079
0.0171096116836177 -0.238299030085652 0.23686592669938 0.083794218204395
0.14293035097939 -0.210431367029178 0.224681513784912 0.137783801729953
0.241232095545633 -0.126183246753035 0.177517131093512 0.163839737000123
0.305015842919546 -0.0203694556144773 0.19408249363546 0.0948718346999362
0.267660575959966 0.0980978571647243 0.0237006334386191 0.0538085600288363
0.234551778752759 0.0358743804725012 -0.0133097669700555 -0.133961821400735
0.216331725294579 -0.0321583315332291 -0.200128235276064 -0.142007886281858
0.147918478217345 -0.128915361831815 -0.27075128906496 -0.0131754870946704
0.0416735075350239 -0.187093018698867 -0.209763294866915 0.105276322823117
-0.0518464725078348 -0.171902533666396 -0.105934411604078 0.155819142034837
-0.112608008766325 -0.145046903595053 -0.0237829918029174 0.145828164845581
-0.161590386134884 -0.139499513084523 0.0374819479955309 0.078967436076262
-0.167408888282579 -0.142472404348795 0.0623295241346283 0.0149686915670961
-0.174704702582119 -0.168413031615861 0.105659034015522 -0.049952509913514
-0.128433691047081 -0.241795369591161 0.162040998926039 -0.0549280698493411
0.0147738187875647 -0.283707080064885 0.241271859499951 0.0263517525274468
0.178036484342942 -0.253460964642775 0.230306333657263 0.124240289744376
0.302213369176939 -0.135838813383348 0.130599491876781 0.168758835516354
0.355270549980972 0.0083933951467563 0.0760496591676815 0.0757353070678378
0.284555773438293 0.122935033727365 -0.0980343665825165 0.00431023428580948
0.283154679495494 0.0478056720760682 -0.0880936163245273 -0.151823016771452
0.272848526066612 -0.0528810091341164 -0.223328192330844 -0.148445736968431
0.17109257648359 -0.171614781454408 -0.251584845259912 -0.0440630123634112
0.042981229088646 -0.222954465436802 -0.204572030790313 0.0422354446644732
-0.0590364351721478 -0.193803866847406 -0.130145902537967 0.0900383776893391
-0.120987660237184 -0.158217374474185 -0.0740077510872285 0.0867572243616718
-0.158586541034893 -0.155769327275077 -0.0285977121588684 0.0256852202158587
-0.157312685680852 -0.159466977761937 -0.00518387214202679 -0.035828121792772
-0.156573925176234 -0.179398060608758 0.0499337380548972 -0.104020652229722
-0.10878781905523 -0.24175305794017 0.124916210549475 -0.116117617462929
0.0328452762461523 -0.276322911337619 0.235478470334457 -0.0241948576153731
0.203084361714862 -0.238054993443429 0.221215614731146 0.113296748013999
0.319578228656621 -0.104893392961095 0.0783912745599928 0.166344625547986
0.349293334140434 0.0455855053829259 -0.043401954211088 0.0478417195113113
0.251897350203717 0.122152103336487 -0.216343933036922 -0.0399321253395432
0.274749200916453 0.0487200673092089 -0.168017514632935 -0.151836515369104
0.267645344005018 -0.0618331490118291 -0.230568066120702 -0.140399564074564
0.156410113737873 -0.175111845337457 -0.218590290119465 -0.0798965152243155
0.0334991156388967 -0.213379063935702 -0.198461387923382 -0.0288922312592353
-0.0565355797300366 -0.179300574632851 -0.160137639526768 0.0190569236538093
-0.108906736736148 -0.145427763920205 -0.125898399680966 0.0251777956410444
-0.131372719012821 -0.149516501725561 -0.0894562493529241 -0.0299032168659086
-0.119777398354902 -0.153357596126399 -0.0590598806982946 -0.0894656711642522
-0.109036610571904 -0.166717487198749 0.0138327903439323 -0.155232955433376
-0.0568245507492612 -0.209930945404697 0.10709632546716 -0.163377586153035
0.0655224760391914 -0.223808218840407 0.228791285667241 -0.0557763373260443
0.212793987319297 -0.170357561998144 0.199761389920718 0.105087008976002
0.294469397809435 -0.0389980080906398 0.0260474954775882 0.147449151343147
0.290224669520346 0.0875787150056544 -0.141336945134633 0.00599768114049855
0.174474700806653 0.103750715895903 -0.309665666894445 -0.0692252941174189
0.209901575175423 0.0457885762351353 -0.2302291400101 -0.13786308872082
0.204016168764309 -0.0486511978592981 -0.22293410047781 -0.130001980343841
0.110412967422985 -0.132453489263162 -0.186775390464175 -0.112623162252498
0.0229127014129776 -0.155206233301604 -0.195553751752843 -0.0886837639370999
-0.0385545354065052 -0.129875250210246 -0.191328469236779 -0.0388186256662308
-0.0767834787414749 -0.107851849787975 -0.17301774640682 -0.026846048020482
-0.0847496875655239 -0.121010538530186 -0.135006049496001 -0.079861519897328
-0.0673832019611394 -0.124792437157016 -0.0906405005453246 -0.1390175285886
-0.0490920136821885 -0.130645747332168 0.00522815955385865 -0.197533430329312
-0.00322757831662023 -0.151292739023067 0.113536388016515 -0.193034525747414
0.0852969612084779 -0.145997249941387 0.22772873182505 -0.0685114667131376
0.193222168176332 -0.0836249153821841 0.175295366001394 0.0941686840275241
0.228038265748437 0.0299161500056612 -0.0114980169596266 0.109299048754257
0.19267918265465 0.113029542611103 -0.202321401725267 -0.0476588013051591
0.0633756682388373 0.0756520135142776 -0.357150914672211 -0.0828169678475197
0.105745594923065 0.0450611200414261 -0.258650671171209 -0.119553087265928
0.106534822952848 -0.0149858835019125 -0.208878664921533 -0.127411861195594
0.0528131053574724 -0.0557539461182882 -0.172395934778807 -0.136732218893835
0.0200330543770132 -0.0643583621616562 -0.202474767242725 -0.118916791288778
-0.00459728297314948 -0.0580037595028799 -0.214418573227891 -0.0703367170446678
-0.0263795132775839 -0.0548839239543472 -0.202405941687044 -0.06106644537053
-0.0253771509154563 -0.0739231860234375 -0.158990325073194 -0.115637443454838
-0.0127388891190773 -0.0751699928623586 -0.0966870679849958 -0.176704321071067
-0.00019325293217758 -0.0744102902442501 0.0178065362481808 -0.225274200661605
0.0254502966683465 -0.0814801232199696 0.137014276305801 -0.201540647698512
0.0714385380159329 -0.0713292444174108 0.232741025520817 -0.0661398087189111
0.139758086239078 -0.01814938314227 0.156571205226948 0.0823880920517228
0.135075632950401 0.0686712860365829 -0.0239598817008445 0.0684551751759208
0.0748511694218229 0.107716213875261 -0.21835363628961 -0.0987701394494358
