TRXV5
3
4
4
9
string Extension=J
integer IsArchMeasurement=1
integer IsSpherical=1
string Generator=SPM
string GeneratorVersion=1.3.1 Dev
double ArchRadius=0.449999988079071
integer FrequencyAxisIndex=0
integer AzimuthAxisIndex=1
integer ElevationAxisIndex=2
Frequency
5 136 690000000 960000000 LIN
Azimuth
7 8 0 2.74889357189107 LIN
Elevation
7 15 -2.74889357189107 2.74889357189107 LIN
Polar H Real Part
13
Polar H Imaginary Part
14
Polar V Real Part
13
Polar V Imaginary Part
14
Polar H Magnitude (dB)
12 0xC0000002 0 1
Polar H Phase
7 0xC0000003 0 1
Polar V Magnitude (dB)
12 0xC0000002 2 3
Polar V Phase
7 0xC0000003 2 3
-0.0297508239746094 -0.0559349060058594 0.14300537109375 0.027618408203125
-0.0434303283691406 -0.0461273193359375 0.0995864868164063 0.00591278076171875
-0.0620918273925781 -0.00886917114257811 0.000717163085937497 -0.0109453201293945
-0.0444869995117188 0.0259437561035156 -0.0542755126953125 0.0340003967285156
-0.0160789489746094 0.0293540954589844 -0.0623245239257813 0.0806198120117188
0.00421905517578125 0.0316486358642578 -0.03875732421875 0.151596069335937
0.0146980285644531 0.0337619781494141 0.00961303710937498 0.191513061523437
0.00774765014648437 0.0295829772949219 0.035491943359375 0.188583374023438
0.0149459838867188 0.0317516326904297 0.0260772705078125 0.171905517578125
0.007568359375 0.041748046875 -0.007293701171875 0.142379760742188
-0.00870513916015625 0.0467758178710938 -0.00576019287109374 0.0867156982421875
-0.0336265563964844 0.048980712890625 0.0174942016601563 0.0428276062011719
-0.0615158081054687 0.0120201110839844 0.0784225463867188 0.043121337890625
-0.0517616271972656 -0.0229911804199219 0.18011474609375 0.10400390625
-0.036346435546875 -0.0189285278320312 0.206802368164063 0.224884033203125
-0.103378295898438 -0.114265441894531 0.124862670898438 0.0172653198242187
-0.120742797851563 -0.09625244140625 0.0923843383789062 0.00251007080078124
-0.138336181640625 -0.0371627807617187 0.0153293609619141 -0.0138092041015625
-0.124214172363281 0.0266571044921875 -0.0448341369628906 0.0178108215332031
-0.0806045532226562 0.0614776611328125 -0.06243896484375 0.0580635070800781
-0.0392379760742188 0.099609375 -0.0477371215820313 0.135948181152344
-0.000160217285156245 0.107826232910156 -0.0014190673828125 0.169052124023438
-0.00612640380859376 0.0968856811523438 0.0287322998046875 0.163925170898438
9.15527343749991E-05 0.104194641113281 0.022705078125 0.148773193359375
-0.0187759399414063 0.108535766601563 -0.00582885742187501 0.124549865722656
-0.0506210327148438 0.0938720703125 -0.00403976440429687 0.0664520263671875
-0.08917236328125 0.0817489624023438 0.0215740203857422 0.0252838134765625
-0.129364013671875 0.017120361328125 0.0949172973632812 0.027923583984375
-0.12860107421875 -0.04583740234375 0.178329467773438 0.0896148681640625
-0.117866516113281 -0.0622100830078125 0.195449829101563 0.206253051757813
-0.164108276367188 -0.158111572265625 0.0837478637695312 -0.013824462890625
-0.181808471679687 -0.135009765625 0.0666427612304687 -0.0116386413574219
-0.197540283203125 -0.0623931884765625 0.0236434936523437 -0.0148391723632813
-0.188980102539062 0.0213623046875 -0.0264816284179688 0.001495361328125
-0.136375427246094 0.0826034545898437 -0.0480422973632813 0.0295257568359375
-0.0805816650390625 0.152008056640625 -0.0457077026367187 0.0982818603515625
-0.016754150390625 0.166229248046875 -0.0095977783203125 0.119010925292969
-0.018768310546875 0.150192260742188 0.01678466796875 0.11395263671875
-0.012969970703125 0.162078857421875 0.012969970703125 0.104110717773438
-0.038665771484375 0.16387939453125 -0.006622314453125 0.0886459350585938
-0.0834503173828125 0.134773254394531 -0.00395202636718751 0.0368461608886719
-0.131523132324219 0.112403869628906 0.0233688354492187 0.00496101379394532
-0.183013916015625 0.0274810791015625 0.09869384765625 0.0136489868164063
-0.191192626953125 -0.0561981201171875 0.151412963867188 0.073150634765625
-0.184600830078125 -0.0930328369140625 0.15582275390625 0.172012329101563
-0.201400756835938 -0.173202514648437 0.0239677429199219 -0.0561447143554688
-0.218841552734375 -0.146804809570313 0.0256156921386719 -0.0321998596191406
-0.228164672851563 -0.0684356689453125 0.0240688323974609 -0.0157051086425781
-0.223358154296875 0.0207061767578125 -0.0052776336669922 -0.0155000686645508
-0.16778564453125 0.093597412109375 -0.0251941680908203 -0.00459671020507812
-0.106719970703125 0.180404663085937 -0.0341682434082031 0.0454330444335938
-0.030609130859375 0.198440551757813 -0.0159339904785156 0.0509834289550781
-0.0301361083984375 0.1806640625 0.00161361694335937 0.0473213195800781
-0.02435302734375 0.197128295898437 -0.000694274902343748 0.0437278747558594
-0.0543975830078125 0.196197509765625 -0.00983047485351563 0.0384750366210938
-0.106231689453125 0.157424926757813 -0.00567626953125001 0.000502586364746103
-0.158233642578125 0.1273193359375 0.0219745635986328 -0.014617919921875
-0.213058471679688 0.03118896484375 0.0886459350585938 0.003173828125
-0.225753784179688 -0.0611114501953125 0.104103088378906 0.0571136474609375
-0.222976684570313 -0.1083984375 0.095947265625 0.129165649414063
-0.20849609375 -0.157058715820312 -0.0465774536132813 -0.102951049804688
-0.221023559570313 -0.129379272460937 -0.0259971618652344 -0.0559730529785156
-0.220733642578125 -0.055938720703125 0.0142765045166015 -0.0189189910888672
-0.21533203125 0.0208892822265625 0.0126399993896484 -0.0337200164794922
-0.1668701171875 0.08978271484375 -0.000865936279296882 -0.0417938232421875
-0.113632202148438 0.179550170898438 -0.0196743011474609 -0.0167179107666015
-0.038665771484375 0.199142456054688 -0.0204429626464844 -0.0244350433349609
-0.036956787109375 0.183837890625 -0.0140495300292969 -0.026031494140625
-0.0349273681640625 0.201889038085938 -0.0152435302734375 -0.0235176086425781
-0.0662841796875 0.19708251953125 -0.0125026702880859 -0.0190048217773437
-0.118057250976563 0.153106689453125 -0.00633621215820313 -0.0377159118652344
-0.166595458984375 0.1177978515625 0.0195999145507812 -0.0320186614990234
-0.212081909179687 0.022125244140625 0.0694122314453125 -0.0027008056640625
-0.223709106445313 -0.0640716552734375 0.0442352294921875 0.0438041687011719
-0.225860595703125 -0.110443115234375 0.025482177734375 0.0807342529296875
-0.183258056640625 -0.115188598632813 -0.11541748046875 -0.142303466796875
-0.184417724609375 -0.0901641845703125 -0.0771408081054688 -0.0770187377929688
-0.173263549804688 -0.034454345703125 -0.00363349914550782 -0.0241451263427734
-0.167007446289063 0.0175628662109375 0.021514892578125 -0.0511093139648437
-0.134696960449219 0.0711212158203125 0.016387939453125 -0.0723876953125
-0.0995941162109375 0.149429321289063 -0.00679016113281251 -0.0752334594726562
-0.0399627685546875 0.1689453125 -0.0238265991210938 -0.0954055786132812
-0.0378570556640625 0.15985107421875 -0.0273666381835938 -0.0954742431640625
-0.04168701171875 0.177017211914063 -0.0246734619140625 -0.08770751953125
-0.072998046875 0.16583251953125 -0.00881195068359376 -0.07427978515625
-0.115554809570313 0.120079040527344 -0.000740051269531253 -0.0709991455078125
-0.15142822265625 0.0845947265625 0.01959228515625 -0.0452537536621094
-0.178436279296875 0.00219726562499997 0.0461654663085937 -0.00643539428710938
-0.184524536132813 -0.0637359619140625 -0.0150394439697266 0.0289077758789062
-0.19354248046875 -0.0968475341796875 -0.0411643981933594 0.0318183898925781
-0.127449035644531 -0.057098388671875 -0.171890258789063 -0.169265747070313
-0.114990234375 -0.0441207885742188 -0.119575500488281 -0.0902862548828125
-0.097991943359375 -0.016143798828125 -0.0275135040283203 -0.0270309448242187
-0.096343994140625 0.00625610351562501 0.0185279846191406 -0.059814453125
-0.08489990234375 0.038177490234375 0.0234832763671875 -0.0904464721679688
-0.0731887817382813 0.0968780517578125 0.000114440917968746 -0.119178771972656
-0.0356216430664063 0.114753723144531 -0.0272216796875 -0.150360107421875
-0.0328826904296875 0.111351013183594 -0.0365447998046875 -0.151077270507813
-0.0423660278320312 0.124786376953125 -0.02691650390625 -0.140640258789062
-0.066375732421875 0.109466552734375 0.00325775146484375 -0.119125366210938
-0.0929336547851563 0.0682830810546875 0.0130767822265625 -0.0933609008789063
-0.110527038574219 0.0385208129882813 0.0243873596191406 -0.0515594482421875
-0.114944458007813 -0.015411376953125 0.0250034332275391 -0.0092010498046875
-0.117424011230469 -0.0507125854492188 -0.0629692077636719 0.00936508178710937
-0.133369445800781 -0.0657882690429688 -0.0938186645507813 -0.0131759643554688
-0.0504531860351563 0.00392150878906249 -0.208404541015625 -0.180694580078125
-0.0265407562255859 -0.00362586975097657 -0.148880004882813 -0.09283447265625
-0.0147171020507813 -0.00673866271972656 -0.0518264770507813 -0.0228157043457031
-0.0204086303710938 -0.0144081115722656 0.00890350341796875 -0.0569572448730469
-0.0315151214599609 -0.00359916687011719 0.0229110717773437 -0.0935440063476562
-0.0426597595214844 0.0302581787109375 0.0022125244140625 -0.14337158203125
-0.0291709899902344 0.0436286926269531 -0.029998779296875 -0.182235717773438
-0.0239448547363281 0.0470542907714844 -0.040069580078125 -0.1839599609375
-0.0343780517578125 0.0544090270996094 -0.0212860107421875 -0.172012329101563
-0.0435409545898438 0.0379867553710937 0.02142333984375 -0.14453125
-0.0484123229980469 0.0120468139648438 0.030517578125 -0.09942626953125
-0.0452537536621094 -0.00286483764648438 0.0320816040039062 -0.0494804382324219
-0.0347537994384766 -0.0158481597900391 0.0070343017578125 -0.0109319686889648
-0.0366363525390625 -0.0177040100097656 -0.0924606323242188 -0.0100631713867187
-0.0584526062011719 -0.0180206298828125 -0.124763488769531 -0.0463027954101563
-0.0336036682128906 -0.0551109313964844 0.154449462890625 0.021209716796875
-0.0466499328613281 -0.0449256896972656 0.107894897460938 -3.05175781250028E-05
-0.06365966796875 -0.00553131103515626 0.00189876556396484 -0.0111026763916016
-0.0434341430664063 0.0286636352539062 -0.0532035827636719 0.0399284362792969
-0.0150737762451172 0.0307121276855469 -0.0587921142578125 0.0882644653320313
0.00599098205566406 0.0315513610839844 -0.029449462890625 0.160919189453125
0.0168628692626953 0.0330238342285156 0.025787353515625 0.198623657226563
0.0101585388183594 0.0296688079833984 0.0527191162109375 0.192855834960937
0.0178108215332031 0.0307998657226563 0.041015625 0.177841186523437
0.0108451843261719 0.0416946411132812 0.0027923583984375 0.150436401367187
-0.00516128540039062 0.0485916137695313 -0.000442504882812499 0.0917434692382813
-0.0295829772949219 0.0528144836425781 0.0206031799316406 0.0440788269042969
-0.0615768432617188 0.0164833068847656 0.0836868286132813 0.0394363403320313
-0.0547294616699219 -0.0192070007324219 0.194290161132813 0.0933990478515625
-0.0377044677734375 -0.0155563354492187 0.229415893554688 0.2178955078125
-0.1153564453125 -0.110847473144531 0.134407043457031 0.012237548828125
-0.130882263183594 -0.0912017822265625 0.09893798828125 -0.00182342529296876
-0.144378662109375 -0.0305023193359375 0.0161142349243164 -0.0150995254516602
-0.126548767089844 0.03521728515625 -0.0447463989257813 0.0226783752441406
-0.0793991088867188 0.0684967041015625 -0.059600830078125 0.0662727355957031
-0.0329742431640625 0.105262756347656 -0.03839111328125 0.14520263671875
0.00771331787109375 0.111427307128906 0.0128326416015625 0.176193237304688
0.00157928466796874 0.10137939453125 0.043853759765625 0.168411254882813
0.00795745849609374 0.107810974121094 0.0360107421875 0.154098510742188
-0.0109100341796875 0.113914489746094 0.0035400390625 0.132026672363281
-0.045684814453125 0.101104736328125 0.000625610351562495 0.0706405639648438
-0.0858306884765625 0.0923690795898438 0.0241012573242187 0.0259742736816406
-0.1317138671875 0.0273818969726563 0.100051879882812 0.02215576171875
-0.137184143066406 -0.0382614135742188 0.191696166992187 0.0796051025390625
-0.126686096191406 -0.0553817749023437 0.215789794921875 0.200515747070313
-0.181503295898438 -0.15252685546875 0.0893096923828125 -0.0169601440429688
-0.197998046875 -0.127288818359375 0.0708770751953125 -0.014129638671875
-0.208541870117187 -0.0520172119140625 0.0248069763183594 -0.0172004699707031
-0.195205688476563 0.0357208251953125 -0.0272216796875 0.00499153137207031
-0.136619567871094 0.095428466796875 -0.0469932556152344 0.03570556640625
-0.0713043212890625 0.162506103515625 -0.0369491577148438 0.106727600097656
-0.004150390625 0.172836303710938 0.000495910644531253 0.125411987304688
-0.007843017578125 0.157958984375 0.0279388427734375 0.118186950683594
1.04127790934375E-17 0.170059204101563 0.0234756469726563 0.108505249023438
-0.0269927978515625 0.173583984375 0.00124359130859375 0.0943450927734375
-0.0768280029296875 0.146957397460938 -0.00111007690429688 0.0408401489257813
-0.128425598144531 0.127372741699219 0.0243072509765625 0.00586128234863282
-0.186752319335937 0.0404205322265625 0.102630615234375 0.00719451904296875
-0.203277587890625 -0.04583740234375 0.16265869140625 0.06475830078125
-0.199844360351563 -0.0830230712890625 0.173065185546875 0.168807983398438
-0.2216796875 -0.166244506835938 0.0241889953613281 -0.0565605163574219
-0.237060546875 -0.13739013671875 0.0259513854980469 -0.0328407287597656
-0.241867065429688 -0.0565948486328125 0.0248222351074219 -0.0180072784423828
-0.231826782226562 0.03704833984375 -0.00631046295166017 -0.0137977600097656
-0.1688232421875 0.109130859375 -0.0245590209960938 -0.00145912170410156
-0.0966033935546875 0.1947021484375 -0.0290870666503906 0.050262451171875
-0.0161285400390625 0.207794189453125 -0.0111923217773437 0.0555610656738281
-0.0165557861328125 0.191085815429688 0.00651931762695313 0.049774169921875
-0.00877380371093751 0.208267211914063 0.00402069091796875 0.0462417602539063
-0.0411376953125 0.209152221679688 -0.0052337646484375 0.0426445007324219
-0.099609375 0.172348022460938 -0.00455093383789063 0.00329542160034181
-0.156158447265625 0.145645141601563 0.0213165283203125 -0.0137863159179687
-0.218963623046875 0.0467987060546875 0.091949462890625 -0.00341796875
-0.239578247070313 -0.0489654541015625 0.111961364746094 0.0524139404296875
-0.241256713867188 -0.0975799560546874 0.107170104980469 0.128570556640625
-0.22900390625 -0.150604248046875 -0.0527191162109375 -0.100494384765625
-0.238815307617188 -0.120040893554688 -0.0301284790039063 -0.0536231994628906
-0.233566284179687 -0.0443115234375 0.0143051147460937 -0.0206279754638672
-0.223785400390625 0.0371246337890625 0.0109138488769531 -0.0349464416503906
-0.168319702148438 0.106185913085937 -0.00150680541992189 -0.0412368774414062
-0.103179931640625 0.19512939453125 -0.0179824829101563 -0.0153408050537109
-0.0241546630859375 0.209014892578125 -0.0216598510742188 -0.0233707427978515
-0.022979736328125 0.195465087890625 -0.0156326293945313 -0.0254154205322266
-0.0192718505859375 0.21429443359375 -0.0156879425048828 -0.0223712921142578
-0.053070068359375 0.210739135742188 -0.0121870040893555 -0.0172824859619141
-0.112258911132813 0.169082641601563 -0.00776290893554688 -0.0362358093261719
-0.165313720703125 0.136825561523438 0.0172863006591797 -0.0318546295166015
-0.218765258789063 0.037200927734375 0.0715484619140625 -0.00829315185546875
-0.238632202148437 -0.052764892578125 0.0478057861328125 0.0433082580566406
-0.244949340820313 -0.0994415283203125 0.0306777954101562 0.082977294921875
-0.199188232421875 -0.108779907226563 -0.127220153808594 -0.137893676757813
-0.1993408203125 -0.08197021484375 -0.0850372314453125 -0.0722274780273438
-0.183242797851563 -0.0252227783203125 -0.00514221191406251 -0.0249862670898438
-0.175323486328125 0.030609130859375 0.0190200805664062 -0.0530586242675781
-0.137062072753906 0.0847702026367188 0.0147476196289062 -0.075531005859375
-0.091461181640625 0.16375732421875 -0.00944519042968751 -0.0771942138671875
-0.0270233154296875 0.17913818359375 -0.0309524536132813 -0.0965042114257812
-0.025390625 0.170516967773437 -0.0350265502929687 -0.09649658203125
-0.028564453125 0.189300537109375 -0.0311279296875 -0.088897705078125
-0.0615081787109375 0.179702758789063 -0.012908935546875 -0.0757217407226563
-0.112037658691406 0.134468078613281 -0.003936767578125 -0.0716171264648438
-0.152679443359375 0.1009521484375 0.017181396484375 -0.0464324951171875
-0.18548583984375 0.014312744140625 0.0469093322753906 -0.0106430053710937
-0.198165893554688 -0.0558013916015625 -0.0150737762451172 0.0317115783691406
-0.210540771484375 -0.088470458984375 -0.0427970886230469 0.0366134643554687
-0.13671875 -0.0537490844726563 -0.18865966796875 -0.162322998046875
-0.123970031738281 -0.03936767578125 -0.130874633789063 -0.08441162109375
-0.104583740234375 -0.0102615356445312 -0.0301837921142578 -0.0262031555175781
-0.102256774902344 0.0135345458984375 0.0153694152832031 -0.0633049011230469
-0.0870361328125 0.0467987060546875 0.0201568603515625 -0.0953292846679688
-0.0677719116210938 0.10784912109375 -0.00567626953125001 -0.124183654785156
-0.0268020629882812 0.122215270996094 -0.0398101806640625 -0.153610229492188
-0.0239639282226563 0.120460510253906 -0.0498809814453125 -0.153610229492188
-0.0327301025390625 0.135292053222656 -0.03814697265625 -0.143722534179687
-0.0596923828125 0.120613098144531 -0.00336456298828127 -0.123565673828125
-0.0919265747070313 0.07952880859375 0.00804138183593749 -0.0961151123046875
-0.112930297851563 0.0507965087890625 0.02215576171875 -0.0537071228027344
-0.121635437011719 -0.00801086425781253 0.0240821838378906 -0.0123195648193359
-0.127510070800781 -0.0463104248046875 -0.0667915344238281 0.0149116516113281
-0.14654541015625 -0.06060791015625 -0.100990295410156 -0.00674438476562503
-0.0525550842285156 0.0047454833984375 -0.2276611328125 -0.17279052734375
-0.0288581848144531 -0.00405311584472657 -0.161819458007813 -0.0855712890625
-0.016840934753418 -0.00690269470214844 -0.0545539855957031 -0.0198211669921875
-0.0242500305175781 -0.0133800506591797 0.00571441650390625 -0.0602607727050781
-0.0343074798583984 -0.000539779663085934 0.0190963745117187 -0.099822998046875
-0.0417900085449219 0.0355682373046875 -0.00616455078124999 -0.150588989257813
-0.0252532958984375 0.0481986999511719 -0.045745849609375 -0.187347412109375
-0.0200386047363281 0.05206298828125 -0.0571746826171875 -0.187408447265625
-0.0301933288574219 0.0608978271484375 -0.0354461669921875 -0.177703857421875
-0.0419235229492188 0.0451393127441406 0.0123748779296875 -0.152297973632812
-0.0496711730957031 0.0178070068359375 0.0255203247070313 -0.10467529296875
-0.0485687255859375 0.00252151489257813 0.029998779296875 -0.0528335571289063
-0.0384750366210937 -0.0138664245605469 0.00505352020263672 -0.0128660202026367
-0.0414352416992188 -0.01708984375 -0.099365234375 -0.00342559814453123
-0.0642356872558594 -0.0163688659667969 -0.136245727539062 -0.0404205322265625
-0.0364227294921875 -0.0521697998046875 0.160232543945313 0.0133209228515625
-0.0484657287597656 -0.0419692993164063 0.111412048339844 -0.00630950927734375
-0.0624809265136719 -0.00293350219726562 0.00273990631103515 -0.0114850997924805
-0.0410232543945313 0.0301017761230469 -0.0500984191894531 0.0443611145019531
-0.0134963989257812 0.0304470062255859 -0.0533981323242187 0.0929946899414063
0.00756645202636719 0.0306777954101563 -0.01873779296875 0.16400146484375
0.0185260772705078 0.0313987731933594 0.0404510498046875 0.198104858398438
0.0119705200195312 0.0284423828125 0.0677490234375 0.189910888671875
0.0200977325439453 0.02911376953125 0.0542144775390625 0.177032470703125
0.0136871337890625 0.040435791015625 0.01251220703125 0.152023315429688
-0.00128555297851562 0.0482292175292969 0.00473785400390625 0.0931015014648438
-0.0250816345214844 0.0539474487304688 0.0223770141601563 0.043487548828125
-0.0593109130859375 0.0205001831054688 0.0862274169921875 0.0345993041992187
-0.0552940368652344 -0.0145263671875 0.201019287109375 0.08026123046875
-0.0373039245605469 -0.0117340087890625 0.243408203125 0.204574584960937
-0.122406005859375 -0.103225708007812 0.1395263671875 0.00626373291015624
-0.135635375976563 -0.0829315185546875 0.102615356445312 -0.00728607177734375
-0.1456298828125 -0.02301025390625 0.0167989730834961 -0.0167732238769531
-0.124893188476563 0.0419235229492187 -0.0425872802734375 0.0268630981445313
-0.0759506225585938 0.0732955932617188 -0.0549545288085938 0.0712738037109375
-0.0262680053710938 0.106521606445312 -0.0279083251953125 0.148529052734375
0.0154495239257813 0.110313415527344 0.0262451171875 0.177261352539063
0.00826263427734374 0.101593017578125 0.057830810546875 0.165786743164063
0.0164260864257812 0.107658386230469 0.0481414794921875 0.152801513671875
-0.00276947021484376 0.115165710449219 0.0132827758789062 0.133857727050781
-0.0398483276367187 0.104751586914062 0.00498199462890624 0.0724639892578125
-0.0793991088867188 0.097900390625 0.0251121520996094 0.0260791778564453
-0.130180358886719 0.03466796875 0.101760864257813 0.0160140991210938
-0.140373229980469 -0.0301437377929688 0.197509765625 0.067596435546875
-0.130577087402344 -0.0464935302734375 0.2286376953125 0.188446044921875
-0.192794799804687 -0.1416015625 0.0922317504882812 -0.0198440551757813
-0.205902099609375 -0.115097045898437 0.0732421875 -0.0166397094726563
-0.211212158203125 -0.0408782958984375 0.0250835418701172 -0.0188446044921875
-0.194137573242188 0.0478973388671875 -0.0263462066650391 0.00873565673828125
-0.131492614746094 0.103858947753906 -0.0430488586425781 0.0403556823730469
-0.0600128173828125 0.167068481445313 -0.028076171875 0.109764099121094
0.00773620605468751 0.173171997070313 0.0106658935546875 0.127471923828125
0.00376892089843749 0.159866333007813 0.0372848510742188 0.117057800292969
0.0130157470703125 0.17144775390625 0.0322036743164063 0.108085632324219
-0.0150604248046875 0.176956176757813 0.00879669189453124 0.0966644287109375
-0.068450927734375 0.153335571289063 0.00214004516601562 0.0429458618164063
-0.121292114257813 0.137359619140625 0.0246524810791016 0.00660705566406251
-0.184982299804688 0.0516510009765625 0.103240966796875 0.000213623046875003
-0.208297729492187 -0.0343475341796875 0.16717529296875 0.0552520751953125
-0.206497192382813 -0.0701446533203125 0.183578491210937 0.160110473632813
-0.235458374023437 -0.153656005859375 0.0239295959472656 -0.0558395385742188
-0.247406005859375 -0.123260498046875 0.0256595611572265 -0.0324649810791016
-0.246109008789063 -0.04327392578125 0.0248985290527344 -0.0195045471191406
-0.23162841796875 0.0522003173828125 -0.00685310363769533 -0.0117483139038086
-0.163467407226563 0.121047973632812 -0.0227470397949219 0.00138854980468751
-0.0833282470703125 0.201629638671875 -0.0224494934082031 0.0530586242675781
-0.000946044921875014 0.208786010742188 -0.00592803955078125 0.0572662353515625
-0.00239562988281248 0.194229125976563 0.0112075805664062 0.0499343872070313
0.00683593749999998 0.211257934570312 0.00915145874023437 0.0465583801269531
-0.025848388671875 0.214492797851563 -0.000255584716796881 0.0443382263183594
-0.0892181396484375 0.181304931640625 -0.00294160842895508 0.00601720809936525
-0.147796630859375 0.157974243164063 0.0210609436035156 -0.013101577758789
-0.216903686523438 0.0595245361328125 0.09124755859375 -0.0100479125976562
-0.24615478515625 -0.0361785888671875 0.115615844726562 0.0466232299804688
-0.250106811523438 -0.0824279785156251 0.114433288574219 0.123405456542969
-0.240997314453125 -0.138565063476563 -0.0565109252929688 -0.09515380859375
-0.248550415039063 -0.106369018554687 -0.0324783325195313 -0.0496139526367187
-0.238037109375 -0.0310821533203125 0.0139541625976562 -0.0218658447265625
-0.224868774414063 0.0526275634765625 0.00919532775878905 -0.0339012145996094
-0.163619995117188 0.11883544921875 -0.00197601318359376 -0.0403823852539062
-0.0907745361328125 0.202468872070312 -0.0155067443847656 -0.0143804550170898
-0.00842285156250001 0.210494995117188 -0.0221271514892578 -0.0204429626464844
-0.008209228515625 0.1993408203125 -0.0162754058837891 -0.0237655639648437
-0.00283813476562498 0.21881103515625 -0.0161724090576172 -0.0210151672363281
-0.038238525390625 0.21722412109375 -0.0108175277709961 -0.0152816772460937
-0.1024169921875 0.178482055664063 -0.00844764709472657 -0.034149169921875
-0.158050537109375 0.150314331054687 0.0162315368652344 -0.0310344696044922
-0.218048095703125 0.049896240234375 0.0705413818359375 -0.0138320922851562
-0.2457275390625 -0.040374755859375 0.0503273010253906 0.0412750244140625
-0.255340576171875 -0.0846405029296875 0.0339889526367187 0.083343505859375
-0.20904541015625 -0.0991668701171875 -0.134269714355469 -0.128028869628906
-0.2071533203125 -0.0717620849609375 -0.089691162109375 -0.0654983520507813
-0.1873779296875 -0.0150604248046875 -0.00628662109375001 -0.0242023468017578
-0.176803588867188 0.0429840087890625 0.0156478881835937 -0.0537757873535156
-0.133697509765625 0.0953598022460937 0.0120925903320312 -0.0764846801757813
-0.0806121826171875 0.171340942382813 -0.0109405517578125 -0.0775604248046875
-0.01409912109375 0.181167602539063 -0.0371322631835938 -0.0942459106445312
-0.0119171142578125 0.1749267578125 -0.0413589477539063 -0.0937271118164062
-0.0134735107421875 0.194015502929688 -0.0363235473632813 -0.087615966796875
-0.0489501953125 0.186386108398438 -0.0157928466796875 -0.074859619140625
-0.104446411132812 0.144760131835938 -0.00730514526367188 -0.070281982421875
-0.147567749023438 0.113479614257812 0.01556396484375 -0.04534912109375
-0.18621826171875 0.0249176025390625 0.0457420349121094 -0.0143966674804687
-0.20501708984375 -0.045623779296875 -0.0147571563720703 0.0335025787353516
-0.220535278320312 -0.0761260986328125 -0.0429039001464844 0.0405921936035156
-0.142135620117188 -0.0485076904296875 -0.197769165039063 -0.150650024414063
-0.128814697265625 -0.0341796875 -0.136810302734375 -0.0749130249023438
-0.107757568359375 -0.00488281249999999 -0.0313491821289063 -0.0242290496826172
-0.104347229003906 0.0207748413085937 0.0120429992675781 -0.0643653869628906
-0.0865097045898437 0.0546340942382813 0.0162277221679687 -0.0980606079101563
-0.060821533203125 0.113945007324219 -0.0111007690429687 -0.125350952148438
-0.017852783203125 0.124412536621094 -0.049957275390625 -0.1512451171875
-0.014068603515625 0.124618530273438 -0.06103515625 -0.14971923828125
-0.02178955078125 0.140426635742188 -0.0472412109375 -0.142105102539062
-0.0508499145507813 0.126716613769531 -0.0102691650390625 -0.124114990234375
-0.088226318359375 0.0878982543945313 0.00350189208984376 -0.0958251953125
-0.111091613769531 0.060333251953125 0.0195274353027344 -0.0538406372070313
-0.123268127441406 -0.000984191894531275 0.0221786499023437 -0.0144405364990234
-0.133766174316406 -0.0401992797851563 -0.0680389404296875 0.0201416015625
-0.153457641601563 -0.052734375 -0.104652404785156 -0.000625610351562498
-0.0525321960449219 0.00513076782226563 -0.23779296875 -0.159072875976563
-0.031219482421875 -0.00438690185546875 -0.168380737304688 -0.074798583984375
-0.0185260772705078 -0.00643539428710938 -0.0557060241699219 -0.0170669555664063
-0.0273342132568359 -0.0110645294189453 0.00298309326171875 -0.0615806579589844
-0.0363121032714844 0.00260162353515626 0.0143280029296875 -0.102470397949219
-0.0392913818359375 0.0402297973632813 -0.0142364501953125 -0.152023315429688
-0.0214958190917969 0.0502433776855469 -0.05889892578125 -0.185379028320313
-0.01434326171875 0.0547065734863281 -0.0706024169921875 -0.183258056640625
-0.0244331359863281 0.0648269653320313 -0.0476531982421875 -0.176315307617188
-0.0382232666015625 0.0494956970214844 0.002960205078125 -0.153900146484375
-0.0487174987792969 0.0228843688964844 0.0200576782226563 -0.106101989746094
-0.0490036010742188 0.00774765014648438 0.0266609191894531 -0.0543327331542969
-0.0402107238769531 -0.0107078552246094 0.00272369384765625 -0.0133275985717773
-0.0449943542480469 -0.0152626037597656 -0.102798461914063 0.00343322753906252
-0.0676498413085938 -0.0132827758789062 -0.142425537109375 -0.031829833984375
-0.0364227294921875 -0.0488319396972656 0.162979125976563 0.00958251953125
-0.0481605529785156 -0.0400962829589844 0.114006042480469 -0.009490966796875
-0.0601234436035156 -0.00240325927734376 0.00433349609375 -0.0115413665771484
-0.039459228515625 0.0290679931640625 -0.0471267700195313 0.0465202331542969
-0.0124607086181641 0.0298290252685547 -0.049591064453125 0.0950393676757812
0.00827407836914062 0.0284767150878906 -0.0126190185546875 0.163665771484375
0.0187034606933594 0.0304298400878906 0.048370361328125 0.19512939453125
0.0124187469482422 0.0271892547607422 0.076080322265625 0.185821533203125
0.0209064483642578 0.0265998840332031 0.0615081787109375 0.174453735351563
0.01531982421875 0.0392494201660156 0.018157958984375 0.152313232421875
2.93650647740458E-18 0.0479583740234375 0.00714111328125001 0.0937423706054688
-0.022125244140625 0.0535202026367188 0.0231742858886719 0.0436477661132813
-0.0575447082519531 0.022369384765625 0.0858840942382812 0.0314865112304688
-0.0545730590820313 -0.0113716125488281 0.202423095703125 0.0716552734375
-0.0354957580566406 -0.00932312011718749 0.24688720703125 0.194366455078125
-0.124656677246094 -0.0974349975585937 0.1419677734375 0.00344848632812499
-0.136184692382813 -0.0778884887695313 0.104179382324219 -0.00949096679687501
-0.1435546875 -0.019561767578125 0.0173559188842773 -0.0167789459228516
-0.122505187988281 0.0444793701171875 -0.0402450561523438 0.0294570922851563
-0.0732269287109375 0.0746383666992188 -0.0511932373046875 0.073944091796875
-0.0225067138671875 0.105598449707031 -0.0210113525390625 0.149063110351563
0.0184173583984375 0.108306884765625 0.0341339111328125 0.174942016601562
0.01239013671875 0.100502014160156 0.064788818359375 0.16229248046875
0.0208969116210937 0.106002807617187 0.0548248291015625 0.150680541992188
0.00154876708984375 0.114715576171875 0.0193328857421875 0.133834838867188
-0.036224365234375 0.105484008789063 0.00776672363281249 0.0738754272460938
-0.07513427734375 0.100143432617188 0.0256481170654297 0.0266952514648438
-0.127326965332031 0.0379791259765625 0.100105285644531 0.0125885009765625
-0.14080810546875 -0.0249786376953125 0.198074340820313 0.059600830078125
-0.129875183105469 -0.0411529541015625 0.23126220703125 0.180130004882813
-0.196304321289063 -0.133407592773438 0.0939865112304687 -0.0206451416015625
-0.206954956054688 -0.107986450195313 0.0745315551757812 -0.0173187255859375
-0.209304809570313 -0.0354156494140625 0.025796890258789 -0.0190601348876953
-0.1915283203125 0.0530242919921875 -0.0249900817871094 0.0109672546386719
-0.127479553222656 0.107749938964844 -0.03924560546875 0.0427474975585938
-0.053680419921875 0.166671752929688 -0.0217666625976563 0.110137939453125
0.0140533447265625 0.170547485351563 0.01654052734375 0.126533508300781
0.010498046875 0.159042358398438 0.0430831909179688 0.113822937011719
0.0199127197265625 0.16998291015625 0.037322998046875 0.106117248535156
-0.00755310058593749 0.1767578125 0.014068603515625 0.097076416015625
-0.063232421875 0.155532836914063 0.00475692749023437 0.0447044372558594
-0.115005493164063 0.141433715820312 0.0250720977783203 0.00773239135742188
-0.181884765625 0.056182861328125 0.101539611816406 -0.00391387939453125
-0.2091064453125 -0.0279693603515625 0.167343139648438 0.0489501953125
-0.207199096679688 -0.06219482421875 0.185333251953125 0.154098510742188
-0.239349365234375 -0.144821166992188 0.0249710083007812 -0.0532493591308594
-0.249359130859375 -0.114501953125 0.0264797210693359 -0.0304527282714844
-0.245269775390625 -0.036590576171875 0.025156021118164 -0.0197257995605469
-0.229141235351562 0.0594329833984375 -0.0062541961669922 -0.00945091247558593
-0.159423828125 0.12628173828125 -0.0204677581787109 0.00346374511718751
-0.0759124755859375 0.201980590820312 -0.0175323486328125 0.0533103942871094
0.0066986083984375 0.206695556640625 -0.00199508666992188 0.0582695007324219
0.00578308105468749 0.193572998046875 0.014556884765625 0.0494461059570313
0.016143798828125 0.210037231445312 0.0121078491210937 0.0464553833007813
-0.0175933837890625 0.214324951171875 0.00353622436523437 0.0453567504882813
-0.0834808349609375 0.184249877929688 -0.00121402740478516 0.00766754150390626
-0.141799926757813 0.163101196289062 0.0210628509521484 -0.0114898681640625
-0.213470458984375 0.06488037109375 0.0891342163085937 -0.0135650634765625
-0.24737548828125 -0.029144287109375 0.115455627441406 0.042694091796875
-0.251876831054688 -0.0731658935546875 0.116424560546875 0.120506286621094
-0.24603271484375 -0.130661010742188 -0.0562744140625 -0.0896835327148438
-0.252090454101563 -0.098236083984375 -0.0326728820800781 -0.0458755493164063
-0.237762451171875 -0.02569580078125 0.0137138366699219 -0.020965576171875
-0.223236083984375 0.0608062744140625 0.00862884521484374 -0.0316562652587891
-0.159332275390625 0.124343872070312 -0.000572204589843764 -0.0389137268066406
-0.0822601318359375 0.204254150390625 -0.0128974914550781 -0.0135793685913086
-0.000503540039062508 0.209609985351562 -0.0213813781738281 -0.0186805725097656
0.000503540039062504 0.198867797851562 -0.0163459777832031 -0.0222644805908203
0.00755310058593751 0.218276977539063 -0.0160694122314453 -0.0204486846923828
-0.0294647216796875 0.219009399414062 -0.00934314727783203 -0.0146083831787109
-0.0962371826171875 0.182891845703125 -0.0074901580810547 -0.0322036743164062
-0.151611328125 0.156646728515625 0.0163497924804687 -0.0297374725341797
-0.215499877929688 0.05572509765625 0.0682373046875 -0.0168571472167969
-0.24725341796875 -0.033966064453125 0.0503501892089844 0.0404891967773438
-0.257644653320313 -0.0757904052734375 0.03485107421875 0.082672119140625
-0.21234130859375 -0.094757080078125 -0.135307312011719 -0.12103271484375
-0.21026611328125 -0.0658721923828125 -0.0912322998046875 -0.0593643188476563
-0.187469482421875 -0.0105743408203125 -0.00656700134277345 -0.0230522155761719
-0.17645263671875 0.0496826171875 0.0142707824707031 -0.052276611328125
-0.131195068359375 0.100730895996094 0.0108871459960937 -0.07598876953125
-0.0736846923828125 0.17425537109375 -0.0111083984375 -0.0765304565429687
-0.00663757324218751 0.180130004882812 -0.0390853881835938 -0.0912322998046875
-0.00415039062499998 0.174636840820313 -0.0439224243164063 -0.0903854370117188
-0.00413513183593751 0.19525146484375 -0.038726806640625 -0.0855178833007813
-0.041290283203125 0.188613891601563 -0.0164566040039063 -0.0737152099609375
-0.099029541015625 0.149490356445313 -0.00738143920898438 -0.0684776306152344
-0.142807006835938 0.120315551757812 0.0141716003417969 -0.044281005859375
-0.185104370117188 0.0299072265625 0.0435905456542969 -0.016510009765625
-0.208236694335938 -0.0405731201171875 -0.0145454406738281 0.0354156494140625
-0.223007202148438 -0.0687255859375 -0.0429000854492188 0.0420951843261719
-0.144851684570313 -0.046142578125 -0.199050903320313 -0.141448974609375
-0.131935119628906 -0.0314712524414063 -0.138786315917969 -0.0676956176757812
-0.108871459960937 -0.00234222412109376 -0.0316925048828125 -0.0222415924072266
-0.105133056640625 0.0251541137695313 0.00996017456054686 -0.0631675720214844
-0.0857315063476562 0.0585250854492188 0.0143051147460937 -0.098175048828125
-0.0562896728515625 0.116485595703125 -0.0135955810546875 -0.12493896484375
-0.0118865966796875 0.124687194824219 -0.054534912109375 -0.147720336914062
-0.00779724121093751 0.124305725097656 -0.0657196044921875 -0.145538330078125
-0.0139617919921875 0.142120361328125 -0.052520751953125 -0.138694763183594
-0.0451126098632813 0.129356384277344 -0.0140609741210938 -0.123123168945313
-0.084625244140625 0.0921707153320313 0.0019378662109375 -0.0945205688476563
-0.108383178710938 0.0660476684570313 0.0180511474609375 -0.0531272888183594
-0.123390197753906 0.00265502929687501 0.0200252532958984 -0.0160026550292969
-0.136856079101563 -0.0369110107421875 -0.0687179565429688 0.0236244201660156
-0.1563720703125 -0.0476837158203125 -0.105987548828125 0.00392913818359375
-0.0536155700683594 0.00359344482421875 -0.239700317382812 -0.150054931640625
-0.0329723358154297 -0.00512313842773437 -0.17022705078125 -0.0678558349609375
-0.0203819274902344 -0.006011962890625 -0.0548515319824219 -0.0147132873535156
-0.0292091369628906 -0.00946426391601563 0.00118255615234375 -0.0612449645996094
-0.0373115539550781 0.00570297241210937 0.0119705200195313 -0.103584289550781
-0.037811279296875 0.0431365966796875 -0.0188751220703125 -0.15191650390625
-0.0180702209472656 0.0510902404785156 -0.065948486328125 -0.180709838867188
-0.0107841491699219 0.0557518005371094 -0.077880859375 -0.178359985351563
-0.0199203491210937 0.0667877197265625 -0.0548095703125 -0.17303466796875
-0.0354957580566406 0.0520057678222656 -0.002197265625 -0.153579711914063
-0.0476608276367188 0.025360107421875 0.0175323486328125 -0.106208801269531
-0.0485610961914063 0.0111961364746094 0.0247573852539062 -0.0541229248046875
-0.0410232543945312 -0.00893020629882813 -0.000136375427246095 -0.0141506195068359
-0.04754638671875 -0.0146598815917969 -0.103904724121094 0.00780487060546876
-0.0700836181640625 -0.0115318298339844 -0.144805908203125 -0.02728271484375
-0.0351409912109375 -0.0470123291015625 0.16802978515625 0.0103302001953125
-0.0467681884765625 -0.0407600402832031 0.117622375488281 -0.0103912353515625
-0.0598068237304688 -0.00362014770507813 0.00568580627441406 -0.0122900009155273
-0.0397377014160156 0.0282516479492187 -0.0457534790039063 0.0478401184082031
-0.0130405426025391 0.0283298492431641 -0.0489578247070313 0.096435546875
0.00780868530273437 0.0272274017333984 -0.0118560791015625 0.164993286132813
0.0189666748046875 0.0300559997558594 0.051300048828125 0.196731567382813
0.0120353698730469 0.0270137786865234 0.07904052734375 0.185775756835938
0.0208721160888672 0.0257606506347656 0.0641632080078125 0.175399780273437
0.015411376953125 0.0390129089355469 0.01953125 0.154953002929688
0.000926971435546873 0.0480270385742188 0.00690460205078124 0.0952072143554687
-0.0211029052734375 0.0526924133300781 0.0225067138671875 0.0443572998046875
-0.0570182800292969 0.0227737426757813 0.085845947265625 0.0318832397460938
-0.0541496276855469 -0.0101509094238281 0.203598022460937 0.0698394775390625
-0.0337753295898438 -0.00863075256347657 0.247299194335938 0.194244384765625
-0.125373840332031 -0.0958633422851563 0.146575927734375 0.00492858886718749
-0.136123657226563 -0.078857421875 0.107032775878906 -0.00939178466796876
-0.142974853515625 -0.0216217041015625 0.0186328887939453 -0.0168304443359375
-0.123588562011719 0.044586181640625 -0.0390243530273438 0.0306549072265625
-0.074493408203125 0.0741958618164062 -0.0499038696289063 0.0755615234375
-0.02239990234375 0.104957580566406 -0.0189361572265625 0.150711059570313
0.0190582275390625 0.108001708984375 0.0371856689453125 0.175796508789062
0.0126876831054688 0.100631713867188 0.0675811767578125 0.16180419921875
0.022308349609375 0.106651306152344 0.056610107421875 0.151535034179688
0.00260925292968751 0.1153564453125 0.0213623046875 0.136581420898437
-0.0356063842773438 0.107391357421875 0.00845336914062499 0.07635498046875
-0.0745391845703125 0.100929260253906 0.0257129669189453 0.0282955169677734
-0.128463745117188 0.0377273559570312 0.0998611450195312 0.0121231079101563
-0.142486572265625 -0.0241851806640625 0.199508666992187 0.0584869384765625
-0.130355834960938 -0.040374755859375 0.231979370117188 0.181427001953125
-0.198150634765625 -0.1331787109375 0.0980682373046875 -0.0183792114257813
-0.208175659179688 -0.108322143554687 0.0771255493164062 -0.016204833984375
-0.210494995117188 -0.0373687744140625 0.0269317626953125 -0.0191669464111328
-0.193267822265625 0.053955078125 -0.0234966278076172 0.0129566192626953
-0.128837585449219 0.108741760253906 -0.0375175476074219 0.0439529418945313
-0.053497314453125 0.166900634765625 -0.0185012817382812 0.111503601074219
0.0148773193359375 0.170913696289063 0.0190505981445313 0.127784729003906
0.01214599609375 0.160385131835938 0.0453643798828125 0.114402770996094
0.0224761962890625 0.171493530273437 0.03924560546875 0.106864929199219
-0.00630187988281248 0.178604125976563 0.0170516967773437 0.0991363525390625
-0.063140869140625 0.15802001953125 0.0061492919921875 0.0463180541992188
-0.115890502929687 0.14361572265625 0.0254631042480469 0.00932502746582032
-0.184005737304688 0.05609130859375 0.100860595703125 -0.0043487548828125
-0.212478637695313 -0.028472900390625 0.168304443359375 0.04876708984375
-0.208251953125 -0.061553955078125 0.186477661132813 0.1558837890625
-0.243133544921875 -0.144973754882813 0.0279197692871094 -0.0506591796875
-0.252166748046875 -0.114715576171875 0.028228759765625 -0.0285434722900391
-0.247329711914063 -0.039276123046875 0.0257587432861328 -0.019378662109375
-0.231719970703125 0.0611419677734375 -0.00544881820678712 -0.00752973556518554
-0.160797119140625 0.127838134765625 -0.01800537109375 0.00452613830566407
-0.075531005859375 0.203598022460938 -0.0145301818847656 0.0541801452636719
0.00820922851562501 0.207595825195313 0.0006103515625 0.0600166320800781
0.00796508789062499 0.195114135742188 0.01580810546875 0.0502243041992188
0.0196990966796875 0.212265014648438 0.0134010314941406 0.0471000671386719
-0.0154571533203125 0.216964721679688 0.00560379028320312 0.0462455749511719
-0.083740234375 0.188125610351563 0.000476837158203119 0.00932312011718751
-0.142227172851562 0.166473388671875 0.0218486785888672 -0.00962448120117186
-0.216049194335938 0.06353759765625 0.0884246826171875 -0.014129638671875
-0.25189208984375 -0.030120849609375 0.116371154785156 0.043701171875
-0.254837036132813 -0.07281494140625 0.115974426269531 0.122840881347656
-0.250106811523438 -0.131881713867187 -0.05389404296875 -0.0872879028320313
-0.255599975585938 -0.0991668701171874 -0.0318183898925781 -0.0434036254882813
-0.2406005859375 -0.027191162109375 0.0137691497802734 -0.0201702117919922
-0.22662353515625 0.06207275390625 0.00870895385742186 -0.029998779296875
-0.162368774414063 0.127349853515625 0.00117111206054687 -0.0377044677734375
-0.0823211669921875 0.207183837890625 -0.00981807708740235 -0.0140714645385742
0.00056457519531251 0.2109375 -0.0196418762207031 -0.0172348022460937
0.0033111572265625 0.202056884765625 -0.0153999328613281 -0.0223007202148437
0.0110015869140625 0.22100830078125 -0.0157318115234375 -0.020050048828125
-0.0272064208984375 0.222579956054688 -0.00733184814453125 -0.0137138366699219
-0.096923828125 0.186737060546875 -0.0057964324951172 -0.03118896484375
-0.153579711914063 0.160568237304688 0.0172882080078125 -0.0276832580566406
-0.218780517578125 0.054962158203125 0.0668830871582031 -0.0177383422851563
-0.252166748046875 -0.0349578857421875 0.0506019592285156 0.0416107177734375
-0.26153564453125 -0.075469970703125 0.0338287353515625 0.0848846435546875
-0.217193603515625 -0.0955657958984375 -0.133773803710938 -0.119544982910156
-0.214813232421875 -0.066619873046875 -0.0910797119140625 -0.0570449829101563
-0.191162109375 -0.01177978515625 -0.00641441345214845 -0.0219497680664063
-0.179443359375 0.0515899658203125 0.0144309997558594 -0.0508079528808594
-0.132965087890625 0.103691101074219 0.0131912231445312 -0.0761337280273437
-0.074005126953125 0.176727294921875 -0.00877380371093751 -0.0784454345703125
-0.00521850585937502 0.181655883789063 -0.0388641357421875 -0.090423583984375
-0.0020599365234375 0.177169799804688 -0.04443359375 -0.0896682739257812
-0.000366210937499989 0.197891235351562 -0.0392913818359375 -0.084930419921875
-0.039337158203125 0.19256591796875 -0.0157394409179688 -0.0739974975585937
-0.0999603271484375 0.15289306640625 -0.00608825683593751 -0.068023681640625
-0.144073486328125 0.12353515625 0.0152053833007812 -0.0427665710449219
-0.187667846679688 0.0297698974609375 0.0423355102539062 -0.0179252624511719
-0.213348388671875 -0.041778564453125 -0.0153236389160156 0.0366477966308594
-0.22650146484375 -0.068206787109375 -0.0453910827636719 0.0439949035644531
-0.148040771484375 -0.0483245849609375 -0.198562622070313 -0.140518188476562
-0.135650634765625 -0.0332794189453125 -0.140853881835937 -0.066162109375
-0.111648559570313 -0.00350189208984377 -0.0314044952392578 -0.0215969085693359
-0.108024597167969 0.0272979736328125 0.0102806091308594 -0.0624885559082031
-0.0875167846679687 0.0611953735351563 0.0153884887695313 -0.0990447998046875
-0.0559463500976562 0.119537353515625 -0.0126495361328125 -0.127571105957031
-0.010528564453125 0.1265869140625 -0.0558013916015625 -0.147872924804688
-0.005035400390625 0.126129150390625 -0.0674896240234375 -0.14471435546875
-0.0112152099609375 0.144515991210938 -0.0539932250976562 -0.139373779296875
-0.0434951782226562 0.132240295410156 -0.0143051147460938 -0.124275207519531
-0.0853805541992188 0.0946273803710938 0.00318145751953125 -0.0946807861328125
-0.1092529296875 0.069061279296875 0.0189056396484375 -0.0527572631835937
-0.125595092773438 0.00239562988281251 0.0179958343505859 -0.0164833068847656
-0.14141845703125 -0.0376739501953125 -0.0705413818359375 0.02496337890625
-0.159912109375 -0.0480194091796875 -0.108757019042969 0.00434875488281249
-0.0556755065917969 0.00122833251953124 -0.240524291992188 -0.149871826171875
-0.0356597900390625 -0.00684738159179688 -0.171234130859375 -0.0664825439453125
-0.0226039886474609 -0.00643539428710937 -0.0547218322753906 -0.0142402648925781
-0.0308856964111328 -0.00963211059570312 0.00103378295898438 -0.061676025390625
-0.0389900207519531 0.00758743286132813 0.0123291015625 -0.105751037597656
-0.0375175476074219 0.0458221435546875 -0.019256591796875 -0.154769897460938
-0.0177345275878906 0.0521011352539063 -0.0671539306640625 -0.181716918945313
-0.00854110717773437 0.0565605163574219 -0.079986572265625 -0.177505493164063
-0.0179672241210937 0.0689964294433594 -0.0567169189453125 -0.172943115234375
-0.0340919494628906 0.053985595703125 -0.00346374511718751 -0.15509033203125
-0.04791259765625 0.0272254943847656 0.0178146362304687 -0.106925964355469
-0.0489349365234375 0.0135383605957031 0.02484130859375 -0.0543632507324219
-0.0428466796875 -0.00891494750976562 -0.00203323364257813 -0.0146074295043945
-0.0512962341308594 -0.0155296325683594 -0.106971740722656 0.00934600830078125
-0.0725479125976563 -0.0116119384765625 -0.148727416992187 -0.0270843505859375
-0.0335273742675781 -0.0473594665527344 0.177505493164063 0.0129547119140625
-0.0460891723632813 -0.0420951843261719 0.124671936035156 -0.009613037109375
-0.0608940124511719 -0.00589370727539063 0.00805950164794922 -0.0123453140258789
-0.0410575866699219 0.0277862548828125 -0.0461845397949219 0.0497932434082031
-0.0140933990478516 0.0289077758789063 -0.0507125854492187 0.100410461425781
0.0073089599609375 0.0268840789794922 -0.01239013671875 0.172607421875
0.0188694000244141 0.0302162170410156 0.0537261962890625 0.203811645507813
0.0117683410644531 0.0279521942138672 0.082733154296875 0.19195556640625
0.0212135314941406 0.0261287689208984 0.0673675537109375 0.182998657226563
0.0169830322265625 0.0394668579101563 0.0202178955078125 0.1634521484375
0.00159072875976563 0.0498008728027344 0.00646209716796875 0.100662231445312
-0.0219001770019531 0.0537528991699219 0.0225563049316406 0.0473480224609375
-0.0581283569335938 0.02313232421875 0.0886611938476562 0.0337677001953125
-0.0552787780761719 -0.00963592529296875 0.211273193359375 0.0726470947265625
-0.0335102081298828 -0.00848960876464844 0.254867553710938 0.204452514648438
-0.128448486328125 -0.0990829467773437 0.15625 0.00811767578125
-0.139289855957031 -0.0821990966796875 0.114295959472656 -0.00789642333984376
-0.148056030273438 -0.0253143310546875 0.0210800170898437 -0.0174808502197266
-0.128303527832031 0.0443496704101562 -0.0387649536132813 0.0329704284667969
-0.078155517578125 0.0759963989257813 -0.0506210327148437 0.0785293579101563
-0.0244522094726562 0.106918334960938 -0.0190277099609375 0.157119750976563
0.018585205078125 0.111648559570313 0.039825439453125 0.183517456054687
0.0132293701171875 0.104866027832031 0.0716705322265625 0.168289184570313
0.0224761962890625 0.110183715820313 0.05963134765625 0.15765380859375
0.003173828125 0.119430541992188 0.0234375 0.143280029296875
-0.0379486083984375 0.11175537109375 0.008697509765625 0.08056640625
-0.0777053833007813 0.104507446289063 0.0264225006103516 0.031158447265625
-0.133758544921875 0.0377426147460938 0.102096557617187 0.0133895874023438
-0.148849487304688 -0.0253143310546875 0.207168579101563 0.0610809326171875
-0.1346435546875 -0.0424346923828125 0.240188598632813 0.190902709960938
-0.20458984375 -0.138214111328125 0.105239868164062 -0.0154571533203125
-0.215194702148438 -0.113540649414063 0.0819091796875 -0.0146408081054688
-0.21795654296875 -0.0433502197265625 0.0294265747070312 -0.0187664031982422
-0.201873779296875 0.0540618896484375 -0.0227947235107422 0.0150680541992188
-0.13543701171875 0.111701965332031 -0.0374374389648438 0.0459976196289063
-0.056488037109375 0.172027587890625 -0.017913818359375 0.116012573242188
0.014190673828125 0.177108764648438 0.0219039916992188 0.133087158203125
0.0121917724609375 0.166946411132813 0.0476150512695312 0.118659973144531
0.024322509765625 0.178665161132813 0.040679931640625 0.112358093261719
-0.006195068359375 0.186309814453125 0.0186309814453125 0.103927612304688
-0.0666961669921875 0.165435791015625 0.00722885131835937 0.0497970581054688
-0.12115478515625 0.148605346679688 0.0265140533447266 0.0121326446533203
-0.192489624023438 0.0555877685546875 0.103309631347656 -0.00399017333984375
-0.222824096679688 -0.03076171875 0.174591064453125 0.05133056640625
-0.216339111328125 -0.0647125244140625 0.191864013671875 0.164627075195312
-0.252227783203125 -0.150863647460938 0.0329360961914062 -0.0491676330566406
-0.262100219726563 -0.121337890625 0.0307579040527344 -0.0275096893310547
-0.256881713867188 -0.0449676513671876 0.0281143188476562 -0.0184364318847656
-0.242279052734375 0.0621337890625 -0.00439548492431642 -0.00580739974975586
-0.169769287109375 0.132614135742188 -0.0161371231079102 0.00555229187011719
-0.0797576904296875 0.211029052734375 -0.0118217468261719 0.056396484375
0.00689697265624998 0.2152099609375 0.00223922729492187 0.0630149841308594
0.00917053222656252 0.204132080078125 0.0172309875488281 0.052093505859375
0.0218505859375 0.2216796875 0.0141181945800781 0.0502471923828125
-0.01611328125 0.226821899414062 0.00740814208984375 0.0482673645019531
-0.0880584716796875 0.1966552734375 0.0018472671508789 0.0110692977905274
-0.149383544921875 0.173904418945312 0.0236721038818359 -0.00757408142089843
-0.226516723632812 0.064239501953125 0.0899124145507812 -0.0146865844726562
-0.264968872070313 -0.03350830078125 0.119964599609375 0.046539306640625
-0.264968872070312 -0.0765838623046875 0.118904113769531 0.130516052246094
-0.261016845703125 -0.138763427734375 -0.0518035888671875 -0.0877151489257813
-0.267440795898438 -0.105178833007813 -0.0319290161132813 -0.0424957275390625
-0.251571655273438 -0.0327301025390625 0.0155792236328125 -0.0195579528808594
-0.237808227539063 0.064117431640625 0.0109462738037109 -0.0290317535400391
-0.170700073242187 0.132888793945313 0.00411605834960937 -0.0399818420410156
-0.0859527587890625 0.215484619140625 -0.0071249008178711 -0.0148954391479492
0.000244140625000023 0.219314575195313 -0.0180397033691406 -0.017303466796875
0.003814697265625 0.2100830078125 -0.0153675079345703 -0.0219249725341797
0.01275634765625 0.230926513671875 -0.0155696868896484 -0.0191822052001953
-0.0277099609375 0.233016967773438 -0.00658321380615235 -0.0147733688354492
-0.102020263671875 0.196319580078125 -0.00408554077148438 -0.0311908721923828
-0.16058349609375 0.167678833007812 0.0191879272460937 -0.0272750854492187
-0.229080200195313 0.0542449951171875 0.0680274963378906 -0.0179061889648437
-0.265762329101563 -0.0381317138671875 0.0516586303710937 0.044281005859375
-0.271697998046875 -0.080169677734375 0.0335235595703125 0.09063720703125
-0.227508544921875 -0.101730346679688 -0.135826110839844 -0.122421264648438
-0.225830078125 -0.072174072265625 -0.0938796997070313 -0.0573654174804687
-0.20074462890625 -0.016082763671875 -0.00613403320312501 -0.0211772918701172
-0.189651489257813 0.0535736083984375 0.0158424377441406 -0.0507698059082031
-0.141265869140625 0.109359741210937 0.0157699584960938 -0.0788955688476563
-0.0772552490234375 0.185562133789063 -0.00635528564453126 -0.0823135375976563
-0.00555419921875002 0.190032958984375 -0.0387115478515625 -0.0938568115234375
0.0001220703125 0.184814453125 -0.0456390380859375 -0.0925521850585937
0.00155639648437499 0.207504272460938 -0.0408706665039063 -0.0869293212890625
-0.040679931640625 0.2020263671875 -0.015167236328125 -0.0774002075195312
-0.10504150390625 0.160537719726562 -0.00400543212890625 -0.0704345703125
-0.150527954101562 0.13055419921875 0.0172042846679687 -0.0423202514648438
-0.197769165039063 0.0283050537109375 0.0417594909667969 -0.0180168151855469
-0.2255859375 -0.044769287109375 -0.0175018310546875 0.0393447875976563
-0.237686157226562 -0.0726928710937499 -0.04913330078125 0.0471839904785156
-0.15692138671875 -0.0526123046875 -0.20367431640625 -0.146102905273438
-0.144180297851563 -0.03619384765625 -0.14532470703125 -0.0675201416015625
-0.118217468261719 -0.00581359863281248 -0.0319919586181641 -0.0212383270263672
-0.114982604980469 0.02850341796875 0.0109405517578125 -0.0642738342285156
-0.0931930541992188 0.0654449462890625 0.0182418823242187 -0.103248596191406
-0.0583343505859375 0.126686096191406 -0.0114974975585938 -0.13311767578125
-0.0110702514648437 0.132537841796875 -0.05615234375 -0.153076171875
-0.00385284423828125 0.132575988769531 -0.0693511962890625 -0.149124145507813
-0.00924682617187499 0.151885986328125 -0.0564422607421875 -0.143630981445313
-0.0447998046875 0.140144348144531 -0.0140609741210937 -0.129966735839844
-0.088592529296875 0.100387573242188 0.00493621826171875 -0.0989456176757813
-0.11407470703125 0.07318115234375 0.0206451416015625 -0.0537261962890625
-0.132408142089844 0.00194549560546873 0.0170583724975586 -0.016749382019043
-0.150955200195313 -0.0413055419921875 -0.07464599609375 0.027801513671875
-0.168533325195313 -0.05084228515625 -0.114875793457031 0.005645751953125
-0.0598640441894531 -0.00119400024414062 -0.247146606445312 -0.157241821289063
-0.0405845642089844 -0.00837707519531249 -0.178237915039062 -0.0692901611328125
-0.0252151489257812 -0.00793838500976563 -0.0564689636230469 -0.0146026611328125
-0.0343265533447266 -0.00922775268554687 0.00150299072265625 -0.0646743774414063
-0.0418586730957031 0.0095062255859375 0.0139312744140625 -0.110328674316406
-0.0386695861816406 0.0495529174804688 -0.0189361572265625 -0.162261962890625
-0.0177040100097656 0.0557861328125 -0.0699462890625 -0.189071655273437
-0.00848007202148438 0.0593376159667969 -0.0833892822265625 -0.182891845703125
-0.0166702270507812 0.0734786987304688 -0.0593414306640625 -0.178909301757813
-0.0346107482910156 0.0575942993164063 -0.00296020507812502 -0.161544799804688
-0.0504722595214844 0.0296478271484375 0.0194244384765625 -0.110923767089844
-0.0512619018554688 0.016082763671875 0.0265235900878906 -0.0560264587402344
-0.0457763671875 -0.00909805297851563 -0.0038909912109375 -0.0148916244506836
-0.0564613342285156 -0.0162582397460937 -0.112869262695313 0.010711669921875
-0.0777587890625 -0.0130386352539063 -0.15679931640625 -0.02972412109375
-0.0336799621582031 -0.0493812561035156 0.193710327148437 0.012542724609375
-0.0477714538574219 -0.0450439453125 0.135536193847656 -0.0125885009765625
-0.0638618469238281 -0.00687789916992189 0.0100135803222656 -0.0146665573120117
-0.0431175231933594 0.02923583984375 -0.046722412109375 0.0536231994628906
-0.0158195495605469 0.0292510986328125 -0.0521774291992187 0.107795715332031
0.00663948059082031 0.0273914337158203 -0.0099029541015625 0.186309814453125
0.0197772979736328 0.0307540893554688 0.0615234375 0.216552734375
0.012908935546875 0.0287036895751953 0.0913543701171875 0.2022705078125
0.0225391387939453 0.0262813568115234 0.0750579833984375 0.19451904296875
0.0182266235351563 0.0408439636230469 0.024200439453125 0.175033569335938
0.00262069702148437 0.0522537231445313 0.00781250000000001 0.109725952148438
-0.0215492248535156 0.0576171875 0.023712158203125 0.0517196655273438
-0.0611534118652344 0.02593994140625 0.0937042236328125 0.035186767578125
-0.058258056640625 -0.00885772705078125 0.225418090820312 0.0733642578125
-0.0340328216552734 -0.00787162780761719 0.273483276367188 0.214462280273438
-0.135780334472656 -0.102920532226563 0.170639038085938 0.00860595703124999
-0.148330688476563 -0.0871429443359375 0.1236572265625 -0.00914001464843751
-0.15802001953125 -0.0284423828125 0.0242080688476562 -0.0183887481689453
-0.13677978515625 0.04840087890625 -0.0391006469726563 0.0367813110351562
-0.0846481323242188 0.080810546875 -0.051910400390625 0.0849761962890625
-0.0260772705078125 0.113639831542969 -0.0164337158203125 0.168548583984375
0.0208282470703125 0.117698669433594 0.0472412109375 0.1949462890625
0.0155258178710938 0.111427307128906 0.0787506103515625 0.177902221679688
0.0259933471679687 0.116806030273437 0.0670623779296875 0.168731689453125
0.00569152832031249 0.127090454101563 0.027862548828125 0.153976440429688
-0.0388412475585938 0.120353698730469 0.0106277465820312 0.0885162353515625
-0.0817337036132813 0.113090515136719 0.0282993316650391 0.0349521636962891
-0.142486572265625 0.0419769287109375 0.108078002929687 0.012939453125
-0.159881591796875 -0.0251617431640625 0.22161865234375 0.0622406005859375
-0.142440795898438 -0.0428619384765625 0.256988525390625 0.202362060546875
-0.219436645507812 -0.144332885742187 0.116401672363281 -0.0146408081054688
-0.23101806640625 -0.119293212890625 0.0896148681640625 -0.01373291015625
-0.233596801757812 -0.046844482421875 0.0326976776123047 -0.0195369720458984
-0.215438842773438 0.0598907470703125 -0.0223102569580078 0.0178871154785156
-0.144622802734375 0.120849609375 -0.0367622375488281 0.0500679016113281
-0.0594635009765625 0.183364868164063 -0.0144577026367187 0.124656677246094
0.017303466796875 0.188095092773438 0.0279388427734375 0.14239501953125
0.0162506103515625 0.179046630859375 0.0535659790039063 0.126495361328125
0.0291900634765625 0.1907958984375 0.0465545654296875 0.119880676269531
-0.00361633300781251 0.198745727539063 0.0225830078125 0.11083984375
-0.0691070556640625 0.178985595703125 0.00965118408203124 0.0553169250488281
-0.127151489257813 0.162200927734375 0.0296611785888672 0.0151386260986328
-0.206436157226563 0.06109619140625 0.107826232910156 -0.0058135986328125
-0.24029541015625 -0.0301818847656251 0.186798095703125 0.05279541015625
-0.23162841796875 -0.0660858154296875 0.205413818359375 0.175674438476563
-0.270645141601563 -0.158340454101562 0.0387840270996094 -0.0494537353515625
-0.282806396484375 -0.12701416015625 0.03387451171875 -0.0262203216552734
-0.276443481445313 -0.048065185546875 0.031137466430664 -0.0189342498779297
-0.259429931640625 0.0696868896484375 -0.00276422500610353 -0.00381970405578613
-0.180908203125 0.143966674804688 -0.0150136947631836 0.00590133666992188
-0.0824432373046875 0.2266845703125 -0.00898361206054688 0.0595817565917969
0.010284423828125 0.229461669921875 0.00587081909179687 0.0679702758789063
0.0128936767578125 0.218841552734375 0.020263671875 0.0563125610351563
0.0285491943359375 0.237442016601563 0.0164375305175781 0.0541305541992188
-0.012420654296875 0.24420166015625 0.0102500915527344 0.0516815185546875
-0.092376708984375 0.213363647460937 0.00402736663818359 0.0131235122680664
-0.15789794921875 0.189910888671875 0.0261058807373047 -0.00644683837890624
-0.24395751953125 0.070037841796875 0.0938186645507812 -0.0165023803710937
-0.286865234375 -0.03271484375 0.128334045410156 0.0483169555664063
-0.28485107421875 -0.078857421875 0.128204345703125 0.139976501464844
-0.28143310546875 -0.14508056640625 -0.053558349609375 -0.090484619140625
-0.289825439453125 -0.10931396484375 -0.0335197448730469 -0.0419235229492188
-0.272125244140625 -0.035308837890625 0.0176544189453125 -0.0190296173095703
-0.2552490234375 0.073211669921875 0.0125885009765625 -0.0284919738769531
-0.181991577148437 0.145706176757813 0.00616455078124999 -0.0420303344726562
-0.0889892578125 0.232894897460938 -0.00477123260498047 -0.0168647766113281
0.00341796874999998 0.234756469726563 -0.0174980163574219 -0.0173807144165039
0.00895690917968748 0.226455688476563 -0.0161628723144531 -0.0218544006347656
0.0199127197265625 0.248199462890625 -0.0170345306396484 -0.019205093383789
-0.025146484375 0.250869750976563 -0.00565814971923828 -0.0160531997680664
-0.106903076171875 0.21319580078125 -0.00245857238769532 -0.0327205657958984
-0.1702880859375 0.183822631835938 0.021697998046875 -0.0274486541748047
-0.247116088867188 0.059906005859375 0.0696487426757812 -0.0202522277832031
-0.288421630859375 -0.038909912109375 0.054779052734375 0.0483894348144531
-0.293182373046875 -0.082183837890625 0.0351638793945312 0.0988616943359375
-0.24676513671875 -0.108123779296875 -0.143417358398438 -0.1270751953125
-0.24652099609375 -0.0750274658203125 -0.101089477539063 -0.0568161010742188
-0.21832275390625 -0.0164794921875 -0.00605201721191408 -0.0204334259033203
-0.204360961914063 0.06097412109375 0.0180931091308594 -0.05255126953125
-0.151290893554687 0.120819091796875 0.0181503295898437 -0.0851516723632812
-0.078948974609375 0.201400756835938 -0.0054473876953125 -0.0880661010742187
-0.00372314453125001 0.204345703125 -0.0405731201171875 -0.0987319946289062
0.00382995605468751 0.199462890625 -0.0489883422851563 -0.0962982177734375
0.00717163085937501 0.223007202148438 -0.0442962646484375 -0.0914764404296875
-0.0381622314453125 0.218597412109375 -0.0165176391601563 -0.0828170776367187
-0.110763549804688 0.175521850585938 -0.00340270996093751 -0.0750808715820312
-0.160324096679688 0.143508911132813 0.0189056396484375 -0.0453872680664062
-0.21331787109375 0.0320587158203125 0.0422554016113281 -0.020660400390625
-0.246002197265625 -0.0462799072265625 -0.0183639526367188 0.0442352294921875
-0.256698608398438 -0.0750732421875 -0.0536575317382813 0.0522880554199219
-0.170867919921875 -0.0568389892578125 -0.2171630859375 -0.1519775390625
-0.159149169921875 -0.03759765625 -0.155990600585937 -0.067657470703125
-0.129692077636719 -0.00627899169921873 -0.0335674285888672 -0.0203990936279297
-0.125175476074219 0.0332412719726562 0.0119895935058594 -0.0674514770507813
-0.100608825683594 0.0736618041992188 0.0198745727539063 -0.111915588378906
-0.05999755859375 0.139266967773438 -0.012359619140625 -0.144012451171875
-0.00962829589843752 0.14300537109375 -0.0616302490234375 -0.162567138671875
-0.001129150390625 0.142181396484375 -0.0760345458984375 -0.156280517578125
-0.00518798828125001 0.16339111328125 -0.0621337890625 -0.151763916015625
-0.04412841796875 0.152450561523438 -0.016204833984375 -0.138923645019531
-0.0943984985351563 0.110466003417969 0.00473785400390625 -0.106132507324219
-0.121292114257812 0.0821075439453125 0.0220832824707031 -0.0570487976074219
-0.143997192382813 0.00352478027343749 0.015594482421875 -0.0185337066650391
-0.166030883789063 -0.0422210693359375 -0.0801620483398438 0.0320205688476563
-0.18310546875 -0.0522613525390625 -0.124969482421875 0.00796508789062498
-0.0668487548828125 -0.00265121459960937 -0.26434326171875 -0.165969848632813
-0.0470161437988281 -0.0101814270019531 -0.191375732421875 -0.070404052734375
-0.0290794372558594 -0.00905418395996093 -0.0599365234375 -0.0144081115722656
-0.0392036437988281 -0.0089111328125 0.00110244750976562 -0.0688400268554688
-0.0457344055175781 0.0125732421875 0.0143280029296875 -0.119598388671875
-0.0393524169921875 0.0564918518066406 -0.0218048095703125 -0.174652099609375
-0.0176734924316406 0.0611915588378906 -0.0775146484375 -0.200973510742188
-0.00622558593750001 0.0641441345214844 -0.0908966064453125 -0.193023681640625
-0.014739990234375 0.0797348022460938 -0.066131591796875 -0.18939208984375
-0.0348243713378906 0.064666748046875 -0.00715637207031249 -0.173126220703125
-0.0534210205078125 0.0343551635742188 0.0203094482421875 -0.118980407714844
-0.0537567138671875 0.0196456909179688 0.027740478515625 -0.0592460632324219
-0.0510063171386719 -0.00843429565429688 -0.00623416900634766 -0.015223503112793
-0.0644340515136719 -0.0163650512695313 -0.122322082519531 0.0144805908203125
-0.0856781005859375 -0.0136184692382813 -0.170516967773437 -0.0292510986328125
-0.0351829528808594 -0.0505943298339844 0.2132568359375 0.0055999755859375
-0.0516014099121094 -0.0476455688476562 0.148712158203125 -0.0204620361328125
-0.0680809020996094 -0.00652694702148437 0.0113668441772461 -0.0166425704956055
-0.0447883605957031 0.0317611694335938 -0.045867919921875 0.059326171875
-0.0167865753173828 0.0311355590820312 -0.0505142211914063 0.119140625
0.00653648376464844 0.0265903472900391 -0.000656127929687518 0.20159912109375
0.0207347869873047 0.0307579040527344 0.07843017578125 0.229766845703125
0.0146389007568359 0.0295543670654297 0.108535766601562 0.212158203125
0.0252017974853516 0.0250339508056641 0.09136962890625 0.20550537109375
0.0225486755371094 0.0415725708007813 0.0353240966796875 0.188705444335938
0.00589370727539063 0.0555839538574219 0.0134963989257812 0.118888854980469
-0.0202102661132813 0.0615806579589844 0.0275917053222656 0.0561943054199219
-0.0631866455078125 0.0312271118164062 0.100868225097656 0.0339584350585938
-0.0617408752441406 -0.00548553466796874 0.24481201171875 0.0654449462890625
-0.035430908203125 -0.006378173828125 0.30389404296875 0.21881103515625
-0.149337768554687 -0.103805541992188 0.18804931640625 0.00274658203124999
-0.162628173828125 -0.0863189697265625 0.13629150390625 -0.0139389038085938
-0.170562744140625 -0.026214599609375 0.0274982452392578 -0.0205039978027344
-0.144561767578125 0.057708740234375 -0.0373458862304688 0.0414695739746094
-0.0876998901367187 0.0898971557617188 -0.0503005981445313 0.093475341796875
-0.02435302734375 0.121696472167969 -0.00675964355468749 0.182723999023438
0.0266571044921875 0.124000549316406 0.0627899169921875 0.20758056640625
0.0233535766601563 0.119651794433594 0.0952606201171875 0.186599731445313
0.0352554321289062 0.124229431152344 0.08087158203125 0.17938232421875
0.0129013061523438 0.135887145996094 0.0376129150390625 0.166091918945312
-0.0352020263671875 0.132148742675781 0.01708984375 0.095947265625
-0.0817489624023437 0.125747680664063 0.0327911376953125 0.0384063720703125
-0.151702880859375 0.0522918701171875 0.114501953125 0.0100631713867188
-0.174331665039062 -0.0193939208984375 0.2403564453125 0.0545654296875
-0.155075073242188 -0.037811279296875 0.284393310546875 0.20794677734375
-0.240798950195313 -0.144561767578125 0.130462646484375 -0.019195556640625
-0.254623413085938 -0.116439819335938 0.0971527099609375 -0.016387939453125
-0.25469970703125 -0.042327880859375 0.0368232727050781 -0.022369384765625
-0.228744506835937 0.0739288330078125 -0.0210208892822266 0.0216274261474609
-0.152542114257813 0.13690185546875 -0.0364227294921875 0.0557746887207031
-0.05718994140625 0.200149536132812 -0.00618743896484375 0.134239196777344
0.0256500244140625 0.20086669921875 0.04022216796875 0.1527099609375
0.02587890625 0.192047119140625 0.06536865234375 0.133468627929688
0.041534423828125 0.202407836914063 0.0570755004882813 0.128311157226563
0.00778198242187498 0.215377807617188 0.030059814453125 0.120086669921875
-0.0659637451171875 0.197418212890625 0.0139236450195312 0.0605545043945313
-0.129501342773438 0.182052612304688 0.0336322784423828 0.0164775848388672
-0.221527099609375 0.074920654296875 0.11322021484375 -0.0106353759765625
-0.262741088867188 -0.02081298828125 0.203170776367188 0.0475921630859375
-0.25311279296875 -0.0589752197265625 0.229629516601562 0.1817626953125
-0.299285888671875 -0.157867431640625 0.0443153381347656 -0.0528793334960938
-0.311920166015625 -0.121826171875 0.0381889343261719 -0.02734375
-0.303253173828125 -0.042999267578125 0.0341434478759765 -0.0200843811035156
-0.27740478515625 0.0872039794921875 -0.000656008720397966 -0.00186574459075927
-0.18951416015625 0.165206909179688 -0.0129070281982422 0.00674724578857423
-0.0786590576171875 0.247955322265625 -0.00309371948242188 0.0640792846679688
0.021636962890625 0.24713134765625 0.0128402709960938 0.0730514526367188
0.026275634765625 0.2362060546875 0.0261154174804688 0.0607376098632813
0.043914794921875 0.254867553710937 0.0215263366699219 0.0593109130859375
0.000823974609374998 0.264450073242187 0.0146980285644531 0.0567398071289063
-0.089141845703125 0.236862182617188 0.00650978088378906 0.0150270462036133
-0.162185668945312 0.213836669921875 0.0289096832275391 -0.00648117065429686
-0.261871337890625 0.0862884521484375 0.0973663330078125 -0.0214767456054687
-0.313507080078125 -0.02105712890625 0.139663696289062 0.0467910766601562
-0.311553955078125 -0.0707702636718749 0.144287109375 0.148025512695312
-0.310577392578125 -0.1439208984375 -0.05645751953125 -0.0913314819335938
-0.319244384765625 -0.103485107421875 -0.0367965698242188 -0.03936767578125
-0.298797607421875 -0.027130126953125 0.0192832946777344 -0.0197582244873047
-0.274612426757812 0.0904846191406251 0.0149250030517578 -0.0284976959228516
-0.19085693359375 0.166946411132813 0.00626373291015624 -0.0459938049316406
-0.0848846435546875 0.256103515625 -0.00251007080078126 -0.0181484222412109
0.015106201171875 0.253997802734375 -0.0171909332275391 -0.0184097290039062
0.0218658447265625 0.244415283203125 -0.0172100067138672 -0.0218372344970703
0.0358734130859375 0.267120361328125 -0.0178375244140625 -0.0184745788574219
-0.0121612548828125 0.27294921875 -0.00610828399658203 -0.0166530609130859
-0.105117797851563 0.238052368164063 -0.00345420837402344 -0.0340690612792969
-0.174530029296875 0.20855712890625 0.0234527587890625 -0.029458999633789
-0.266265869140625 0.0747833251953125 0.0713348388671875 -0.0252761840820312
-0.3182373046875 -0.0269470214843749 0.0602531433105469 0.0502052307128906
-0.32135009765625 -0.0738220214843749 0.0423126220703125 0.105659484863281
-0.273895263671875 -0.105010986328125 -0.155487060546875 -0.127426147460937
-0.272445678710938 -0.0687713623046875 -0.1107177734375 -0.0529632568359375
-0.240859985351563 -0.00942993164062495 -0.00527954101562502 -0.0207633972167969
-0.220932006835938 0.07794189453125 0.019195556640625 -0.0546722412109375
-0.159164428710938 0.139083862304688 0.0172653198242187 -0.0935821533203125
-0.0741729736328125 0.223190307617188 -0.00884246826171875 -0.0963897705078125
0.00793457031250001 0.221542358398438 -0.0461883544921875 -0.1044921875
0.01544189453125 0.215911865234375 -0.0559539794921875 -0.0989532470703125
0.0220947265625 0.240142822265625 -0.0512771606445313 -0.094207763671875
-0.027923583984375 0.23883056640625 -0.0218276977539063 -0.0881195068359375
-0.11126708984375 0.198028564453125 -0.00586700439453125 -0.0798797607421875
-0.165451049804688 0.1656494140625 0.0192680358886719 -0.0493659973144531
-0.231124877929687 0.0435028076171875 0.0425567626953125 -0.0226898193359375
-0.271224975585938 -0.0382080078125 -0.0188636779785156 0.0501441955566406
-0.281082153320313 -0.068328857421875 -0.0567855834960938 0.0614547729492187
-0.189865112304688 -0.0542144775390625 -0.23834228515625 -0.15234375
-0.177642822265625 -0.0325164794921875 -0.170928955078125 -0.0615386962890625
-0.14404296875 -0.00141906738281249 -0.0354423522949219 -0.0191192626953125
-0.137908935546875 0.0426025390625 0.0111236572265625 -0.071441650390625
-0.10614013671875 0.0863723754882813 0.0174713134765625 -0.123497009277344
-0.0562591552734375 0.15533447265625 -0.019073486328125 -0.155471801757813
-0.0020599365234375 0.157073974609375 -0.0738525390625 -0.172409057617188
0.00749206542968749 0.1533203125 -0.0876617431640625 -0.163467407226563
0.00592041015624998 0.177764892578125 -0.07415771484375 -0.158523559570313
-0.0377349853515625 0.168121337890625 -0.024932861328125 -0.148452758789063
-0.097320556640625 0.126869201660156 0.00180816650390624 -0.114433288574219
-0.126396179199219 0.0971755981445313 0.0214958190917969 -0.0620460510253906
-0.15631103515625 0.00982666015624997 0.0127048492431641 -0.0198421478271484
-0.185836791992187 -0.03662109375 -0.0859451293945313 0.039520263671875
-0.201522827148438 -0.0482025146484375 -0.136528015136719 0.0159225463867187
-0.0754318237304688 -0.00222015380859374 -0.290924072265625 -0.166412353515625
-0.0540351867675781 -0.00935745239257811 -0.210403442382813 -0.0645599365234375
-0.0353126525878906 -0.00910568237304687 -0.0643730163574219 -0.0110664367675781
-0.0460090637207031 -0.00653839111328124 -0.00145721435546875 -0.0740203857421875
-0.0497512817382813 0.0185508728027344 0.0107955932617187 -0.130615234375
-0.0382232666015625 0.0649490356445313 -0.0323486328125 -0.189682006835938
-0.0157814025878906 0.0686683654785156 -0.0940093994140625 -0.212265014648438
-0.00295639038085938 0.0699424743652344 -0.106597900390625 -0.202239990234375
-0.00800323486328126 0.0863800048828125 -0.07989501953125 -0.199630737304688
-0.0330657958984375 0.0738525390625 -0.0166168212890625 -0.186325073242188
-0.055755615234375 0.0416336059570312 0.0153732299804688 -0.130516052246094
-0.0575790405273437 0.0262031555175781 0.0264930725097656 -0.0646743774414063
-0.0574378967285156 -0.00582504272460938 -0.00962066650390625 -0.0154380798339844
-0.073272705078125 -0.013916015625 -0.132293701171875 0.0237197875976563
-0.09478759765625 -0.0105667114257813 -0.188278198242188 -0.02252197265625
-0.0381393432617188 -0.0493659973144531 0.229415893554688 -0.0111236572265625
-0.0550537109375 -0.0477333068847656 0.158966064453125 -0.033905029296875
-0.0715560913085938 -0.004425048828125 0.0125827789306641 -0.0185012817382813
-0.0443763732910156 0.0338554382324219 -0.0423698425292969 0.0665321350097656
-0.0163249969482422 0.0338592529296875 -0.0440444946289062 0.129562377929687
0.00684547424316406 0.0261783599853516 0.01580810546875 0.213211059570312
0.0226402282714844 0.0297966003417969 0.102432250976562 0.235824584960937
0.0158195495605469 0.0300083160400391 0.130889892578125 0.213287353515625
0.0272750854492188 0.0243549346923828 0.11175537109375 0.210601806640625
0.0252418518066406 0.04034423828125 0.0522918701171875 0.197540283203125
0.0101203918457031 0.0574531555175781 0.0235214233398438 0.127090454101563
-0.0140914916992188 0.0654373168945313 0.0337257385253906 0.0584335327148438
-0.0630912780761719 0.0389175415039063 0.107246398925781 0.02862548828125
-0.0632247924804688 3.81469726561684E-06 0.26226806640625 0.0493621826171875
-0.0342273712158203 -0.003143310546875 0.3355712890625 0.2073974609375
-0.160659790039063 -0.099639892578125 0.202606201171875 -0.0101318359375
-0.175262451171875 -0.0808868408203125 0.144546508789063 -0.0243988037109375
-0.18096923828125 -0.017822265625 0.0286369323730469 -0.0270671844482422
-0.150070190429688 0.069976806640625 -0.0347404479980469 0.0468254089355469
-0.0868988037109375 0.101470947265625 -0.0443954467773438 0.10198974609375
-0.0198440551757813 0.128082275390625 0.01043701171875 0.191726684570313
0.0360870361328125 0.127914428710938 0.08447265625 0.21270751953125
0.032958984375 0.123497009277344 0.114288330078125 0.18914794921875
0.0448837280273437 0.12445068359375 0.101852416992187 0.184158325195313
0.023834228515625 0.14251708984375 0.055938720703125 0.17236328125
-0.0261993408203125 0.142791748046875 0.0265884399414063 0.10284423828125
-0.0777511596679688 0.13824462890625 0.0379791259765625 0.03961181640625
-0.156478881835938 0.0656890869140625 0.119941711425781 0.00260162353515625
-0.187271118164063 -0.00787353515624998 0.257186889648438 0.039215087890625
-0.164047241210938 -0.0267791748046875 0.31524658203125 0.19818115234375
-0.261627197265625 -0.134292602539062 0.140396118164062 -0.0294876098632813
-0.274612426757812 -0.102813720703125 0.105644226074219 -0.02252197265625
-0.272109985351563 -0.0277862548828124 0.0388374328613281 -0.0263519287109375
-0.237442016601562 0.09368896484375 -0.0163745880126953 0.0228786468505859
-0.151214599609375 0.156906127929687 -0.0295257568359375 0.06195068359375
-0.0456390380859375 0.216262817382813 0.00778961181640625 0.139808654785156
0.0423126220703125 0.211105346679688 0.057281494140625 0.15618896484375
0.0449981689453125 0.201004028320313 0.0814208984375 0.13671875
0.0601348876953125 0.208419799804688 0.0721054077148438 0.133857727050781
0.0268096923828125 0.226593017578125 0.0430984497070313 0.125724792480469
-0.054473876953125 0.214630126953125 0.0218887329101562 0.064727783203125
-0.122421264648437 0.20306396484375 0.03668212890625 0.0164680480957031
-0.229476928710938 0.0948638916015625 0.116165161132812 -0.0199432373046875
-0.280181884765625 -0.000106811523437551 0.2176513671875 0.03497314453125
-0.27197265625 -0.0421142578125 0.255020141601563 0.176223754882813
-0.327362060546875 -0.14373779296875 0.047698974609375 -0.0569648742675781
-0.338592529296875 -0.103668212890625 0.0412254333496094 -0.0296363830566406
-0.326202392578125 -0.023956298828125 0.0362815856933593 -0.0244636535644531
-0.287567138671875 0.113006591796875 0.00276184082031248 -0.000621557235717766
-0.187789916992188 0.189239501953125 -0.0110979080200195 0.00832843780517579
-0.063812255859375 0.268783569335938 0.00494003295898437 0.0652008056640625
0.042724609375 0.259628295898438 0.023651123046875 0.0747222900390625
0.0493316650390625 0.246978759765625 0.0346298217773438 0.0614356994628906
0.0678253173828125 0.264755249023438 0.0294723510742188 0.0627212524414063
0.022735595703125 0.27911376953125 0.0211372375488281 0.0583534240722656
-0.0758514404296875 0.259521484375 0.00973415374755859 0.0169343948364258
-0.15283203125 0.24090576171875 0.0317020416259766 -0.00786781311035155
-0.272796630859375 0.110153198242187 0.09759521484375 -0.0293807983398437
-0.336212158203125 0.00170898437499996 0.151153564453125 0.0397491455078125
-0.33270263671875 -0.049591064453125 0.161666870117187 0.146804809570313
-0.339996337890625 -0.12872314453125 -0.0602340698242188 -0.0905380249023438
-0.34674072265625 -0.083831787109375 -0.0403480529785156 -0.0360336303710938
-0.32342529296875 -0.00677490234375003 0.0210609436035156 -0.0229854583740234
-0.28497314453125 0.120361328125 0.0173454284667969 -0.029296875
-0.191070556640625 0.193252563476563 0.00556182861328124 -0.0494728088378906
-0.069793701171875 0.278549194335937 -0.00161361694335938 -0.0196666717529297
0.0367889404296875 0.267913818359375 -0.0170373916625977 -0.0172653198242187
0.0450439453125 0.258132934570313 -0.0157203674316406 -0.0205841064453125
0.060943603515625 0.27850341796875 -0.0197162628173828 -0.0157508850097656
0.013153076171875 0.2884521484375 -0.00615596771240234 -0.0168561935424805
-0.0926666259765625 0.261886596679687 -0.00319290161132813 -0.0356979370117187
-0.168060302734375 0.235015869140625 0.0225181579589844 -0.0322914123535156
-0.277755737304688 0.09942626953125 0.0709228515625 -0.0307159423828125
-0.340301513671875 -0.00390624999999995 0.068939208984375 0.0490608215332031
-0.345306396484375 -0.0534667968750001 0.0538330078125 0.1104736328125
-0.297943115234375 -0.091766357421875 -0.169906616210938 -0.120254516601563
-0.295013427734375 -0.048492431640625 -0.118064880371094 -0.0424041748046875
-0.258255004882813 0.00563049316406249 -0.00502395629882814 -0.0192317962646484
-0.229934692382813 0.103012084960938 0.0173912048339844 -0.0561752319335937
-0.16156005859375 0.162796020507813 0.0149993896484375 -0.09881591796875
-0.0593719482421875 0.241729736328125 -0.0130996704101562 -0.103469848632812
0.026031494140625 0.234283447265625 -0.0559005737304687 -0.105735778808594
0.03692626953125 0.226638793945313 -0.066131591796875 -0.100875854492187
0.045257568359375 0.252426147460938 -0.0601959228515625 -0.0923843383789062
-0.00956726074218748 0.256790161132813 -0.0307540893554688 -0.09075927734375
-0.101699829101562 0.219696044921875 -0.0124053955078125 -0.0830459594726562
-0.161941528320313 0.189712524414062 0.0179100036621094 -0.0531730651855469
-0.244491577148438 0.063568115234375 0.0387802124023437 -0.026763916015625
-0.295745849609375 -0.018341064453125 -0.0144119262695313 0.0560340881347656
-0.30548095703125 -0.04974365234375 -0.0545883178710938 0.07177734375
-0.207733154296875 -0.0439453125 -0.258468627929687 -0.1407470703125
-0.193557739257813 -0.019073486328125 -0.185348510742188 -0.047271728515625
-0.15740966796875 0.00868225097656252 -0.0368919372558594 -0.014892578125
-0.1436767578125 0.05767822265625 0.00782775878906248 -0.0768508911132813
-0.10723876953125 0.103096008300781 0.0103073120117187 -0.131591796875
-0.0453948974609375 0.17071533203125 -0.0307769775390625 -0.163925170898438
0.012664794921875 0.164718627929688 -0.0889434814453125 -0.176116943359375
0.0223846435546875 0.163665771484375 -0.10467529296875 -0.162979125976563
0.0228424072265625 0.186004638671875 -0.0889434814453125 -0.16009521484375
-0.023529052734375 0.182342529296875 -0.038848876953125 -0.152999877929688
-0.091552734375 0.144668579101563 -0.00699615478515626 -0.120262145996094
-0.124282836914062 0.113304138183594 0.0181961059570312 -0.0669898986816406
-0.167007446289063 0.023590087890625 0.0113391876220703 -0.0199260711669922
-0.201461791992187 -0.0215606689453125 -0.0883865356445313 0.05096435546875
-0.21942138671875 -0.03485107421875 -0.144500732421875 0.02850341796875
-0.0828323364257813 0.00308990478515625 -0.3167724609375 -0.150665283203125
-0.0621528625488281 -0.0041046142578125 -0.227035522460938 -0.048248291015625
-0.0399589538574219 -0.00675582885742188 -0.0654411315917969 -0.00614166259765625
-0.0495185852050781 -0.00204467773437501 -0.00707244873046875 -0.0788192749023437
-0.0528221130371094 0.0266494750976563 5.38554166795398E-18 -0.140777587890625
-0.0332183837890625 0.074127197265625 -0.0502166748046875 -0.196823120117188
-0.0101852416992188 0.075408935546875 -0.116058349609375 -0.21649169921875
0.00543212890625 0.0745315551757813 -0.128143310546875 -0.2037353515625
0.000938415527343749 0.0933685302734375 -0.100067138671875 -0.202041625976563
-0.0257492065429687 0.080963134765625 -0.0326385498046875 -0.193557739257813
-0.055572509765625 0.05096435546875 0.0070953369140625 -0.13909912109375
-0.0576210021972656 0.0332107543945313 0.0234832763671875 -0.0702781677246094
-0.0613212585449219 -0.000484466552734363 -0.0149564743041992 -0.0150985717773438
-0.0843276977539063 -0.008636474609375 -0.138259887695313 0.0384674072265625
-0.102836608886719 -0.00467681884765627 -0.202392578125 -0.00854492187499999
-0.0400924682617188 -0.0493202209472656 0.236160278320313 -0.03082275390625
-0.0575942993164062 -0.0466117858886719 0.161209106445312 -0.048828125
-0.0726470947265625 -0.00194549560546876 0.0109882354736328 -0.0222492218017578
-0.0425605773925781 0.0363883972167969 -0.0354576110839844 0.0692596435546875
-0.015625 0.0337581634521484 -0.0328140258789063 0.135345458984375
0.00601577758789063 0.026397705078125 0.036468505859375 0.216842651367188
0.0235385894775391 0.0278339385986328 0.123580932617188 0.231521606445312
0.0179615020751953 0.0275039672851562 0.149993896484375 0.206710815429687
0.0271148681640625 0.0203456878662109 0.132278442382813 0.20709228515625
0.0295257568359375 0.0374031066894531 0.071380615234375 0.198699951171875
0.016632080078125 0.0566329956054688 0.033843994140625 0.128997802734375
-0.0101585388183594 0.0666084289550781 0.0371551513671875 0.058197021484375
-0.0611343383789062 0.0438995361328125 0.111221313476563 0.0206832885742188
-0.0631217956542969 0.00652313232421875 0.269058227539063 0.0272369384765625
-0.0343608856201172 0.000453948974609373 0.357574462890625 0.18768310546875
-0.171661376953125 -0.089630126953125 0.211578369140625 -0.0263824462890625
-0.18255615234375 -0.069000244140625 0.151229858398438 -0.03692626953125
-0.188644409179688 -0.00677490234375001 0.0284023284912109 -0.0287227630615234
-0.146682739257813 0.0808868408203125 -0.0289993286132813 0.0499992370605469
-0.0828857421875 0.108528137207031 -0.0358810424804688 0.107711791992187
-0.0104446411132812 0.13348388671875 0.0279998779296875 0.195404052734375
0.045257568359375 0.128593444824219 0.104568481445313 0.209609985351563
0.0429306030273437 0.123420715332031 0.1328125 0.183074951171875
0.05609130859375 0.123268127441406 0.119033813476562 0.180633544921875
0.0365447998046875 0.141708374023438 0.0702362060546875 0.1737060546875
-0.015594482421875 0.147064208984375 0.0359268188476562 0.104034423828125
-0.066253662109375 0.147140502929688 0.0418586730957031 0.0378646850585938
-0.1558837890625 0.0794525146484375 0.120964050292969 -0.00551605224609375
-0.189224243164063 0.00975036621093753 0.264175415039063 0.0185394287109375
-0.168930053710938 -0.015838623046875 0.33746337890625 0.1787109375
-0.27947998046875 -0.119003295898437 0.146377563476562 -0.0393524169921875
-0.286865234375 -0.08502197265625 0.110122680664062 -0.0312347412109375
-0.283966064453125 -0.010162353515625 0.0392608642578125 -0.0291252136230469
-0.235580444335938 0.114181518554688 -0.0126323699951172 0.0271682739257813
-0.14404296875 0.171707153320313 -0.0246086120605469 0.0629959106445313
-0.0313873291015625 0.222930908203125 0.02130126953125 0.141387939453125
0.058135986328125 0.212509155273437 0.0722198486328125 0.155120849609375
0.0611572265625 0.200363159179688 0.094268798828125 0.130958557128906
0.07916259765625 0.209121704101562 0.0851287841796875 0.130447387695313
0.045074462890625 0.228805541992188 0.055389404296875 0.124855041503906
-0.0381317138671875 0.225128173828125 0.0287132263183594 0.0646858215332031
-0.108963012695313 0.217086791992188 0.0402450561523437 0.0154304504394531
-0.229080200195312 0.115158081054688 0.115097045898437 -0.0273971557617187
-0.28839111328125 0.02166748046875 0.22344970703125 0.0186767578125
-0.2786865234375 -0.0225677490234375 0.27410888671875 0.162445068359375
-0.3455810546875 -0.1226806640625 0.0513191223144531 -0.060089111328125
-0.353424072265625 -0.0798034667968751 0.0448722839355469 -0.0291252136230469
-0.338165283203125 -0.00164794921875004 0.0393104553222656 -0.0281486511230469
-0.28656005859375 0.138519287109375 0.00577735900878905 0.000718593597412118
-0.179931640625 0.209884643554688 -0.00833368301391603 0.00701665878295899
-0.0452728271484375 0.278656005859375 0.013214111328125 0.0630989074707031
0.0631256103515625 0.262100219726563 0.0311355590820313 0.0737380981445313
0.0701141357421875 0.248672485351563 0.041168212890625 0.0611457824707031
0.0919189453125 0.264984130859375 0.03741455078125 0.0622711181640625
0.0467529296875 0.283966064453125 0.02716064453125 0.0596427917480469
-0.0571136474609375 0.2738037109375 0.0138158798217773 0.016622543334961
-0.13763427734375 0.258193969726562 0.0334568023681641 -0.00932693481445311
-0.272918701171875 0.134048461914062 0.0952682495117187 -0.0361175537109375
-0.345855712890625 0.02789306640625 0.156402587890625 0.0287322998046875
-0.34393310546875 -0.0250244140625 0.177566528320312 0.13983154296875
-0.359771728515625 -0.10748291015625 -0.0641860961914063 -0.0869064331054687
-0.363037109375 -0.0573120117187501 -0.0374679565429688 -0.0296974182128906
-0.333465576171875 0.01513671875 0.0239982604980469 -0.0231132507324219
-0.283599853515625 0.146026611328125 0.0176525115966797 -0.0305747985839844
-0.180435180664063 0.215194702148437 0.00451660156249999 -0.0533676147460937
-0.04827880859375 0.2908935546875 -0.000267028808593755 -0.0244293212890625
0.05853271484375 0.271820068359375 -0.0157852172851562 -0.0180091857910156
0.0682830810546875 0.258514404296875 -0.0175552368164062 -0.0194034576416015
0.08770751953125 0.279983520507813 -0.0174169540405273 -0.0147457122802734
0.036529541015625 0.297027587890625 -0.00764465332031249 -0.0154619216918945
-0.074249267578125 0.277725219726563 -0.00490379333496094 -0.0351085662841797
-0.1531982421875 0.256500244140625 0.0233154296875 -0.0338821411132812
-0.281341552734375 0.122283935546875 0.0668754577636719 -0.0350303649902344
-0.352142333984375 0.02252197265625 0.0728607177734375 0.0459671020507812
-0.35736083984375 -0.027587890625 0.0621719360351562 0.113044738769531
-0.3155517578125 -0.07159423828125 -0.177291870117188 -0.109176635742188
-0.308197021484375 -0.025787353515625 -0.120735168457031 -0.0305633544921875
-0.269729614257813 0.0272674560546875 -0.00366401672363283 -0.0198211669921875
-0.230377197265625 0.12457275390625 0.0163040161132812 -0.0594100952148438
-0.151016235351562 0.182037353515625 0.0069580078125 -0.105583190917969
-0.0404510498046875 0.254562377929688 -0.0203857421875 -0.10723876953125
0.046295166015625 0.240203857421875 -0.0630111694335938 -0.105445861816406
0.056304931640625 0.229995727539063 -0.0723800659179688 -0.096893310546875
0.0694732666015625 0.254837036132813 -0.0664215087890625 -0.09033203125
0.013916015625 0.26385498046875 -0.0361480712890625 -0.0900802612304687
-0.0862274169921875 0.236129760742188 -0.0164566040039063 -0.0855941772460937
-0.149673461914063 0.208511352539062 0.015533447265625 -0.0556068420410156
-0.246963500976563 0.0846405029296875 0.0363502502441406 -0.028411865234375
-0.305694580078125 0.00607299804687496 -0.0120582580566406 0.0593681335449219
-0.315216064453125 -0.0283203125 -0.0515899658203125 0.0790176391601562
-0.219039916992188 -0.0308685302734375 -0.271560668945312 -0.123809814453125
-0.20172119140625 -0.00459289550781246 -0.190109252929688 -0.0318145751953125
-0.16363525390625 0.0207061767578125 -0.0362358093261719 -0.0133781433105469
-0.147048950195312 0.072998046875 0.00365447998046874 -0.0768203735351562
-0.102554321289063 0.117385864257812 -0.000846862792968766 -0.137405395507813
-0.0308837890625 0.180084228515625 -0.0453948974609375 -0.1676025390625
0.0272674560546875 0.172286987304688 -0.105361938476563 -0.1727294921875
0.037200927734375 0.165023803710938 -0.117095947265625 -0.15899658203125
0.0414581298828125 0.19012451171875 -0.102218627929687 -0.155792236328125
-0.006805419921875 0.190032958984375 -0.05096435546875 -0.153823852539063
-0.0816650390625 0.156524658203125 -0.0163497924804687 -0.122543334960937
-0.118080139160156 0.128822326660156 0.0156059265136719 -0.0700912475585937
-0.17230224609375 0.0388336181640625 0.00736618041992186 -0.0215435028076172
-0.212295532226563 -0.00596618652343754 -0.0861663818359375 0.0605850219726562
-0.227920532226563 -0.019195556640625 -0.146240234375 0.04193115234375
-0.0871658325195313 0.0074462890625 -0.332763671875 -0.131622314453125
-0.0671615600585938 0.000610351562499985 -0.234100341796875 -0.031036376953125
-0.0446968078613281 -0.0036163330078125 -0.0652999877929688 -0.00165557861328124
-0.0564842224121094 0.00531768798828126 -0.0122833251953125 -0.0795135498046875
-0.0522079467773438 0.0331001281738281 -0.01031494140625 -0.145675659179688
-0.0264663696289063 0.0804901123046875 -0.0667572021484375 -0.199951171875
-0.000823974609374999 0.0793533325195313 -0.135787963867187 -0.212448120117188
0.012481689453125 0.0766677856445313 -0.14495849609375 -0.197479248046875
0.0107955932617187 0.0958404541015625 -0.11700439453125 -0.199432373046875
-0.0183868408203125 0.087921142578125 -0.0496826171875 -0.195709228515625
-0.0520057678222656 0.0579910278320313 -0.00460815429687501 -0.1409912109375
-0.0553092956542969 0.0409889221191406 0.0178909301757812 -0.0738372802734375
-0.0666160583496094 0.00714874267578124 -0.0175294876098633 -0.0122432708740234
-0.0895767211914062 0.00106048583984377 -0.139915466308594 0.0502777099609375
-0.108512878417969 0.00399780273437502 -0.209335327148437 0.00709533691406247
-0.03985595703125 -0.0490989685058594 0.238967895507813 -0.0449371337890625
-0.0589218139648437 -0.0459861755371094 0.161453247070313 -0.0596160888671875
-0.0731658935546875 -0.000404357910156239 0.0111846923828125 -0.0233325958251953
-0.0413017272949219 0.0357513427734375 -0.0308685302734375 0.0699844360351563
-0.0161266326904297 0.0325489044189453 -0.0243453979492188 0.13720703125
0.00537490844726562 0.0254726409912109 0.0505828857421875 0.214981079101562
0.0226383209228516 0.0262603759765625 0.137802124023438 0.224273681640625
0.0177135467529297 0.0260086059570313 0.163299560546875 0.199310302734375
0.0260486602783203 0.0174655914306641 0.145172119140625 0.20068359375
0.030792236328125 0.0338401794433594 0.0828399658203125 0.197418212890625
0.020843505859375 0.0547523498535156 0.0428085327148437 0.128936767578125
-0.00534439086914063 0.0662765502929688 0.0396575927734375 0.0576095581054688
-0.0565681457519531 0.047119140625 0.111976623535156 0.0168991088867188
-0.0607452392578125 0.0103683471679688 0.270233154296875 0.0115814208984375
-0.0314750671386719 0.00178718566894532 0.3658447265625 0.168609619140625
-0.1749267578125 -0.082366943359375 0.2154541015625 -0.0392608642578125
-0.186355590820313 -0.06158447265625 0.152496337890625 -0.045318603515625
-0.190597534179688 0.000564575195312483 0.0292510986328125 -0.0307044982910156
-0.143814086914063 0.0874481201171875 -0.0236701965332031 0.0512046813964844
-0.0800704956054688 0.113815307617188 -0.02764892578125 0.108711242675781
-0.00591278076171875 0.134552001953125 0.0416107177734375 0.192276000976563
0.0504989624023438 0.127517700195313 0.118972778320313 0.204208374023437
0.0489959716796875 0.120475769042969 0.144790649414063 0.176589965820313
0.061798095703125 0.120445251464844 0.131057739257813 0.176116943359375
0.0447998046875 0.139114379882813 0.0815887451171875 0.1719970703125
-0.00625610351562501 0.149154663085938 0.0425338745117187 0.103729248046875
-0.0579681396484375 0.151123046875 0.0443191528320312 0.0375404357910156
-0.152389526367188 0.0881500244140625 0.118827819824219 -0.0103759765625
-0.189605712890625 0.021759033203125 0.2640380859375 0.00421142578125
-0.168228149414062 -0.00677490234375004 0.34735107421875 0.162689208984375
-0.286651611328125 -0.1055908203125 0.15069580078125 -0.0475921630859375
-0.29248046875 -0.07073974609375 0.113815307617188 -0.0362777709960938
-0.28814697265625 0.00146484375000001 0.0408363342285156 -0.0332908630371094
-0.232406616210938 0.12646484375 -0.00746345520019533 0.0279617309570313
-0.137893676757812 0.17987060546875 -0.0191879272460938 0.0633583068847656
-0.0212554931640625 0.22650146484375 0.0327529907226562 0.137603759765625
0.0696868896484375 0.210556030273437 0.0842742919921875 0.149276733398438
0.0731353759765625 0.198654174804688 0.103477478027344 0.127586364746094
0.091400146484375 0.2056884765625 0.0959014892578125 0.127243041992188
0.0595550537109375 0.227432250976563 0.064300537109375 0.124801635742188
-0.0245513916015625 0.23028564453125 0.0344467163085938 0.0653953552246094
-0.09796142578125 0.22552490234375 0.0422592163085938 0.0141181945800781
-0.226150512695313 0.127578735351562 0.111465454101562 -0.0300827026367187
-0.2906494140625 0.038177490234375 0.224563598632812 0.0073089599609375
-0.279083251953125 -0.00788879394531252 0.285186767578125 0.150146484375
-0.356353759765625 -0.10723876953125 0.0538558959960937 -0.0634956359863281
-0.35821533203125 -0.060943603515625 0.0481986999511719 -0.0300521850585938
-0.34381103515625 0.0144042968750001 0.0402259826660156 -0.0305595397949219
-0.28204345703125 0.156097412109375 0.0101165771484375 -0.000105857849121084
-0.171798706054687 0.222091674804688 -0.00630283355712892 0.00655841827392579
-0.030029296875 0.28411865234375 0.0198783874511719 0.0602798461914063
0.078094482421875 0.261993408203125 0.0381240844726563 0.0707473754882813
0.0856170654296875 0.246170043945312 0.0476150512695313 0.0587806701660156
0.108551025390625 0.26092529296875 0.0438728332519531 0.0611915588378906
0.065185546875 0.283935546875 0.0326347351074219 0.0599632263183594
-0.0414276123046875 0.280624389648438 0.0170373916625977 0.0162429809570313
-0.124176025390625 0.2689208984375 0.0346736907958984 -0.0104122161865234
-0.271408081054688 0.149368286132813 0.0910263061523438 -0.0384140014648438
-0.34967041015625 0.0497436523437499 0.158248901367187 0.0215301513671875
-0.3468017578125 -0.00686645507812507 0.187423706054687 0.133636474609375
-0.37017822265625 -0.089996337890625 -0.0622177124023438 -0.0818557739257813
-0.3673095703125 -0.03704833984375 -0.0346946716308594 -0.024322509765625
-0.3404541015625 0.032470703125 0.025726318359375 -0.0253429412841797
-0.279754638671875 0.163604736328125 0.0202674865722656 -0.0309562683105469
-0.171279907226563 0.229812622070312 0.00281143188476562 -0.0552177429199219
-0.0322265625 0.296539306640625 0.00106048583984375 -0.0286483764648437
0.0751953125 0.2720947265625 -0.0147647857666016 -0.0182723999023437
0.0850677490234375 0.257232666015625 -0.0160312652587891 -0.0181694030761719
0.106277465820313 0.277557373046875 -0.0154857635498047 -0.0132131576538086
0.055694580078125 0.2979736328125 -0.00617885589599609 -0.014373779296875
-0.058502197265625 0.286956787109375 -0.0045166015625 -0.0358810424804687
-0.139938354492188 0.268814086914062 0.0238380432128906 -0.0350189208984375
-0.279708862304688 0.139801025390625 0.0628547668457031 -0.0358772277832031
-0.357147216796875 0.04425048828125 0.0762481689453125 0.0446929931640625
-0.36065673828125 -0.00885009765624997 0.0692825317382812 0.112411499023438
-0.3245849609375 -0.05810546875 -0.178115844726563 -0.0991973876953125
-0.31304931640625 -0.00897216796875002 -0.118515014648438 -0.0210647583007813
-0.275497436523438 0.0413970947265625 -0.00146484375000001 -0.0198898315429687
-0.226654052734375 0.141433715820313 0.0165290832519531 -0.0594367980957031
-0.141571044921875 0.196014404296875 0.00182342529296874 -0.107452392578125
-0.025421142578125 0.260589599609375 -0.025604248046875 -0.109298706054687
0.0628662109375 0.240127563476562 -0.0679473876953125 -0.103057861328125
0.072845458984375 0.227767944335937 -0.0755233764648438 -0.0931015014648437
0.0875244140625 0.252044677734375 -0.0692672729492188 -0.0869903564453125
0.0329437255859375 0.266571044921875 -0.0405349731445312 -0.0880203247070313
-0.072662353515625 0.24578857421875 -0.0202178955078125 -0.0851974487304687
-0.138946533203125 0.220046997070312 0.0149116516113281 -0.0559158325195312
-0.248245239257812 0.099700927734375 0.0320014953613281 -0.0281696319580078
-0.31182861328125 0.0245361328125 -0.00831985473632815 0.0620689392089844
-0.32049560546875 -0.0111389160156249 -0.0474014282226563 0.084564208984375
-0.224929809570313 -0.020751953125 -0.274810791015625 -0.110748291015625
-0.205825805664062 0.00703430175781253 -0.188995361328125 -0.0189971923828125
-0.169387817382813 0.0303955078125 -0.0344924926757813 -0.0115890502929688
-0.14581298828125 0.08660888671875 0.00170898437499999 -0.077362060546875
-0.0971832275390625 0.127548217773437 -0.00817871093750001 -0.139488220214844
-0.0187225341796875 0.183517456054688 -0.0540771484375 -0.16815185546875
0.040130615234375 0.17401123046875 -0.114791870117187 -0.168136596679688
0.0499114990234375 0.165298461914063 -0.125015258789063 -0.153244018554687
0.0557708740234375 0.1888427734375 -0.10870361328125 -0.150924682617188
0.00671386718749999 0.19305419921875 -0.060028076171875 -0.1512451171875
-0.0728759765625 0.164932250976562 -0.02197265625 -0.12310791015625
-0.111381530761719 0.138008117675781 0.012054443359375 -0.07061767578125
-0.1739501953125 0.0488433837890625 0.00383949279785155 -0.0195846557617187
-0.218429565429688 0.00717163085937501 -0.0831756591796875 0.067352294921875
-0.23211669921875 -0.00692749023437495 -0.145370483398438 0.05084228515625
-0.09124755859375 0.0111083984375 -0.338714599609375 -0.1142578125
-0.070648193359375 0.00443267822265625 -0.23492431640625 -0.0154571533203125
-0.0492630004882813 -0.00128936767578126 -0.0645523071289063 0.00218963623046875
-0.0581703186035156 0.0120658874511719 -0.015380859375 -0.0792388916015625
-0.0515632629394531 0.03973388671875 -0.0193634033203125 -0.147415161132812
-0.0195770263671875 0.0832901000976562 -0.0794830322265625 -0.198638916015625
0.00641632080078125 0.08160400390625 -0.14892578125 -0.2064208984375
0.01898193359375 0.0775222778320313 -0.15655517578125 -0.189971923828125
0.0194473266601562 0.0960769653320313 -0.128097534179687 -0.19342041015625
-0.0105667114257813 0.0899734497070312 -0.06097412109375 -0.193374633789063
-0.0479660034179688 0.064239501953125 -0.0119171142578125 -0.141632080078125
-0.0525550842285156 0.0466384887695312 0.0153350830078125 -0.0737762451171875
-0.0671157836914063 0.0119171142578125 -0.0197830200195313 -0.0087890625
-0.093353271484375 0.00807952880859376 -0.137786865234375 0.05987548828125
-0.111709594726563 0.00994873046875001 -0.211700439453125 0.019317626953125
-0.0395469665527344 -0.0492744445800781 0.242355346679688 -0.0543060302734375
-0.0594329833984375 -0.0475845336914063 0.163711547851563 -0.067840576171875
-0.0738677978515625 -0.00155639648437502 0.0122814178466797 -0.0251808166503906
-0.0418052673339844 0.0343246459960938 -0.0275459289550781 0.0697288513183594
-0.0177402496337891 0.0321464538574219 -0.0191192626953125 0.139289855957031
0.00332450866699219 0.0255489349365234 0.0605010986328125 0.215225219726563
0.0209064483642578 0.026123046875 0.1488037109375 0.22222900390625
0.0168037414550781 0.0249519348144531 0.1719970703125 0.195938110351562
0.0248985290527344 0.0160503387451172 0.154754638671875 0.200302124023437
0.0310459136962891 0.0321006774902344 0.0919342041015625 0.19921875
0.0233192443847656 0.0523796081542969 0.0474777221679687 0.130470275878906
-0.0027313232421875 0.0649757385253906 0.0419349670410156 0.0586318969726563
-0.0540962219238281 0.0492515563964844 0.112640380859375 0.0144805908203125
-0.0584144592285156 0.0125350952148438 0.271865844726563 0.00250244140625
-0.0283393859863281 0.00270462036132813 0.37420654296875 0.1611328125
-0.179107666015625 -0.0787200927734375 0.220352172851563 -0.0467071533203125
-0.189132690429688 -0.0586395263671875 0.15673828125 -0.05194091796875
-0.194808959960938 0.00308227539062497 0.0307540893554687 -0.0332832336425781
-0.144302368164062 0.0906829833984375 -0.01953125 0.0505905151367188
-0.07989501953125 0.116653442382813 -0.023193359375 0.109596252441406
-0.00412750244140626 0.136924743652344 0.0508880615234375 0.191131591796875
0.0536117553710938 0.128128051757813 0.128982543945313 0.201324462890625
0.0527420043945313 0.120582580566406 0.153854370117187 0.174163818359375
0.0653076171875 0.120399475097656 0.141021728515625 0.175140380859375
0.0498428344726562 0.138969421386719 0.0904388427734375 0.17474365234375
-0.000595092773437501 0.150955200195313 0.0482330322265625 0.105377197265625
-0.0534820556640625 0.154510498046875 0.04595947265625 0.0387725830078125
-0.152435302734375 0.094940185546875 0.118965148925781 -0.0114822387695312
-0.190887451171875 0.028289794921875 0.26666259765625 -0.0042877197265625
-0.168731689453125 -0.00186157226562503 0.357208251953125 0.15643310546875
-0.293548583984375 -0.098846435546875 0.156112670898437 -0.052886962890625
-0.2972412109375 -0.0637512207031249 0.119422912597656 -0.0404052734375
-0.29559326171875 0.00735473632812505 0.0425872802734375 -0.0361557006835938
-0.2327880859375 0.135528564453125 -0.00322341918945314 0.0271339416503906
-0.135665893554687 0.187896728515625 -0.0157089233398438 0.0633811950683594
-0.0159454345703125 0.230911254882812 0.039886474609375 0.135406494140625
0.0770416259765625 0.212295532226562 0.0929107666015625 0.147415161132812
0.08148193359375 0.198654174804688 0.111587524414062 0.125541687011719
0.0999908447265625 0.205520629882813 0.104759216308594 0.126052856445313
0.0690460205078125 0.228256225585938 0.0719146728515625 0.126213073730469
-0.016693115234375 0.235427856445313 0.0388603210449219 0.0660972595214844
-0.0911712646484375 0.231964111328125 0.0440635681152344 0.0146675109863281
-0.227294921875 0.137115478515625 0.110069274902344 -0.0311126708984375
-0.294281005859375 0.04937744140625 0.227279663085937 0.000381469726562503
-0.28192138671875 -0.000396728515624959 0.293914794921875 0.145355224609375
-0.36614990234375 -0.098297119140625 0.0591087341308593 -0.0658912658691406
-0.364288330078125 -0.050994873046875 0.0535392761230469 -0.0298957824707031
-0.35284423828125 0.023345947265625 0.0427284240722656 -0.0327949523925781
-0.283538818359375 0.168304443359375 0.0140419006347656 -0.000739097595214833
-0.1676025390625 0.2335205078125 -0.00405836105346681 0.00536394119262697
-0.02166748046875 0.2904052734375 0.0245094299316406 0.056854248046875
0.0884246826171875 0.26458740234375 0.0434532165527344 0.0693473815917969
0.0966644287109375 0.246963500976563 0.0524444580078125 0.0581512451171875
0.120574951171875 0.26116943359375 0.0504226684570313 0.0611763000488281
0.07769775390625 0.28662109375 0.0378036499023438 0.0610427856445313
-0.03118896484375 0.288238525390625 0.0198574066162109 0.0167808532714844
-0.117645263671875 0.2786865234375 0.0362319946289062 -0.0101470947265625
-0.274124145507813 0.160781860351562 0.0894851684570312 -0.0380477905273437
-0.355926513671875 0.063018798828125 0.160995483398437 0.017608642578125
-0.3509521484375 0.00201416015624996 0.19500732421875 0.131698608398438
-0.38177490234375 -0.079833984375 -0.0585708618164063 -0.0818710327148438
-0.374298095703125 -0.0262756347656251 -0.0300521850585938 -0.0215072631835938
-0.349578857421875 0.0439758300781249 0.0275955200195312 -0.0267429351806641
-0.2806396484375 0.1778564453125 0.0231494903564453 -0.0319461822509765
-0.167022705078125 0.241714477539062 0.00240325927734374 -0.0578804016113281
-0.02142333984375 0.303253173828125 0.00142478942871094 -0.0325832366943359
0.0886077880859375 0.275192260742187 -0.0133171081542969 -0.0199203491210937
0.0977325439453125 0.258331298828125 -0.0139369964599609 -0.0180339813232422
0.11962890625 0.277801513671875 -0.0126819610595703 -0.0126457214355469
0.069580078125 0.301177978515625 -0.00467967987060547 -0.0128984451293945
-0.048095703125 0.29595947265625 -0.00389480590820313 -0.0360145568847656
-0.133743286132812 0.279647827148438 0.0243377685546875 -0.0354804992675781
-0.28369140625 0.151214599609375 0.0607948303222656 -0.0350418090820312
-0.364105224609375 0.05816650390625 0.0792007446289062 0.043853759765625
-0.366363525390625 0.000640869140624923 0.0749588012695312 0.113876342773438
-0.334869384765625 -0.0494689941406251 -0.17718505859375 -0.09552001953125
-0.320343017578125 0.000976562500000048 -0.115852355957031 -0.0147705078125
-0.2838134765625 0.051666259765625 0.000295639038085919 -0.0197830200195312
-0.228591918945313 0.154022216796875 0.0189552307128906 -0.0603981018066406
-0.13739013671875 0.207565307617188 -0.000953674316406267 -0.110580444335937
-0.014556884765625 0.266616821289063 -0.0283126831054688 -0.112831115722656
0.074951171875 0.243621826171875 -0.070343017578125 -0.103309631347656
0.0849609375 0.22943115234375 -0.0776596069335937 -0.0916976928710937
0.0997161865234375 0.253265380859375 -0.0702743530273438 -0.0862350463867187
0.04559326171875 0.27008056640625 -0.0419082641601563 -0.0877914428710937
-0.06494140625 0.254562377929688 -0.0209503173828125 -0.085693359375
-0.13372802734375 0.230377197265625 0.01507568359375 -0.0565071105957031
-0.252777099609375 0.110824584960938 0.0297279357910156 -0.0265216827392578
-0.319366455078125 0.036956787109375 -0.00662994384765627 0.0642547607421875
-0.3267822265625 -0.002655029296875 -0.0445404052734375 0.0885772705078125
-0.233810424804688 -0.0148468017578125 -0.277252197265625 -0.104278564453125
-0.211288452148438 0.014312744140625 -0.187408447265625 -0.0109100341796875
-0.175460815429688 0.0371246337890625 -0.0327434539794922 -0.010467529296875
-0.146820068359375 0.097412109375 0.00253295898437499 -0.0776443481445312
-0.0940170288085937 0.136909484863281 -0.012176513671875 -0.14263916015625
-0.0107269287109375 0.188690185546875 -0.0610809326171875 -0.170791625976562
0.050079345703125 0.175811767578125 -0.12158203125 -0.1676025390625
0.0594482421875 0.166336059570312 -0.129928588867188 -0.151641845703125
0.0667572021484375 0.189437866210938 -0.11370849609375 -0.149688720703125
0.017364501953125 0.196273803710937 -0.06451416015625 -0.151199340820313
-0.0669708251953125 0.173049926757813 -0.0253677368164062 -0.124099731445312
-0.107894897460938 0.146163940429688 0.0117263793945312 -0.0715408325195312
-0.1783447265625 0.05755615234375 0.0019092559814453 -0.0170726776123047
-0.22515869140625 0.016998291015625 -0.0823974609375 0.0727081298828125
-0.238067626953125 0.000244140624999953 -0.146163940429688 0.0580596923828125
-0.095245361328125 0.0130615234375 -0.341705322265625 -0.1077880859375
-0.0742950439453125 0.00701904296875001 -0.236038208007813 -0.0068206787109375
-0.0534324645996094 0.00125122070312499 -0.0627288818359375 0.00391006469726563
-0.0607719421386719 0.0178031921386719 -0.016204833984375 -0.0803680419921875
-0.05084228515625 0.0457687377929687 -0.024749755859375 -0.14996337890625
-0.014434814453125 0.0867996215820312 -0.0879364013671875 -0.199066162109375
0.01275634765625 0.083587646484375 -0.157852172851563 -0.204116821289063
0.024688720703125 0.0787811279296875 -0.164108276367188 -0.18804931640625
0.0266342163085938 0.09588623046875 -0.134780883789062 -0.191864013671875
-0.00377655029296876 0.0929031372070313 -0.068572998046875 -0.193435668945313
-0.0451698303222656 0.0694465637207031 -0.0169677734375 -0.142715454101563
-0.0501327514648437 0.0508308410644531 0.0134506225585937 -0.0755996704101562
-0.0698394775390625 0.01727294921875 -0.0213432312011719 -0.00675010681152344
-0.0980606079101563 0.0148544311523437 -0.137916564941406 0.0665740966796875
-0.116188049316406 0.0143966674804687 -0.216049194335937 0.0267181396484375
-0.0386276245117188 -0.0503768920898437 0.252273559570313 -0.062255859375
-0.0611801147460938 -0.0505332946777344 0.16998291015625 -0.0767974853515625
-0.076995849609375 -0.00244140625000001 0.0134067535400391 -0.0289173126220703
-0.0442314147949219 0.0336685180664062 -0.0260162353515625 0.0703964233398438
-0.0201663970947266 0.0321617126464844 -0.0148773193359375 0.143661499023438
0.00144195556640625 0.0261611938476563 0.069976806640625 0.219711303710938
0.0198307037353516 0.0270004272460937 0.161392211914063 0.224594116210937
0.0160198211669922 0.0254173278808594 0.184600830078125 0.198974609375
0.0230083465576172 0.0156879425048828 0.168014526367188 0.204437255859375
0.0319118499755859 0.0301589965820313 0.103302001953125 0.2061767578125
0.0261383056640625 0.0509910583496094 0.0535049438476563 0.136085510253906
-0.00043869018554687 0.0653228759765625 0.04437255859375 0.0620994567871094
-0.0523605346679688 0.0525131225585938 0.116920471191406 0.0138931274414063
-0.0567512512207031 0.0147438049316406 0.279754638671875 -0.005401611328125
-0.0262393951416016 0.00322532653808594 0.391387939453125 0.158782958984375
-0.185714721679688 -0.077056884765625 0.23095703125 -0.0547027587890625
-0.195556640625 -0.05841064453125 0.1640625 -0.0597991943359375
-0.203582763671875 0.00614929199218746 0.0319938659667969 -0.0374259948730469
-0.1492919921875 0.095794677734375 -0.0164909362792969 0.0508995056152344
-0.0821075439453125 0.122787475585938 -0.01947021484375 0.112899780273438
-0.00286865234374998 0.142623901367188 0.0594024658203125 0.193710327148438
0.0576934814453125 0.132438659667969 0.14111328125 0.2037353515625
0.0571517944335937 0.123039245605469 0.166336059570313 0.175689697265625
0.0699844360351563 0.122634887695313 0.154327392578125 0.177566528320313
0.055023193359375 0.14141845703125 0.101699829101562 0.180145263671875
0.004791259765625 0.156021118164063 0.0544281005859375 0.109764099121094
-0.0512847900390625 0.160858154296875 0.049835205078125 0.0411567687988281
-0.154769897460938 0.102767944335938 0.121955871582031 -0.01202392578125
-0.195419311523438 0.0350494384765625 0.274398803710938 -0.011932373046875
-0.172897338867188 0.00117492675781253 0.374053955078125 0.15460205078125
-0.307373046875 -0.0946044921874999 0.165664672851562 -0.0592193603515625
-0.307830810546875 -0.0605163574218751 0.127700805664062 -0.045745849609375
-0.30950927734375 0.01373291015625 0.0455970764160156 -0.0401039123535156
-0.240142822265625 0.145523071289063 0.00110435485839842 0.0266914367675781
-0.137496948242188 0.19903564453125 -0.0125885009765625 0.0641403198242188
-0.0111846923828125 0.24041748046875 0.0466690063476562 0.135520935058594
0.0853729248046875 0.218582153320313 0.101959228515625 0.147994995117188
0.0899200439453125 0.203567504882813 0.121772766113281 0.127105712890625
0.110321044921875 0.210800170898438 0.11602783203125 0.128227233886719
0.078643798828125 0.234664916992188 0.0814132690429688 0.131195068359375
-0.00942993164062502 0.24603271484375 0.0446510314941406 0.0683441162109375
-0.08843994140625 0.243942260742188 0.0476112365722656 0.0165863037109375
-0.234390258789063 0.150588989257812 0.112762451171875 -0.0309982299804687
-0.30523681640625 0.060455322265625 0.23406982421875 -0.004974365234375
-0.2919921875 0.00595092773437503 0.30975341796875 0.14599609375
-0.38409423828125 -0.0918884277343749 0.0663528442382812 -0.0703582763671875
-0.378631591796875 -0.0442199707031249 0.0611763000488281 -0.0324249267578125
-0.369476318359375 0.0331726074218751 0.0457725524902343 -0.0358619689941406
-0.290771484375 0.1832275390625 0.0191078186035156 -0.00231361389160155
-0.168060302734375 0.249130249023438 -0.00204443931579591 0.00306582450866701
-0.0146484375 0.303131103515625 0.02874755859375 0.0540046691894531
0.10125732421875 0.272903442382812 0.0497360229492188 0.0684814453125
0.108993530273438 0.253372192382813 0.0589637756347656 0.0587005615234375
0.1343994140625 0.267791748046875 0.057098388671875 0.0607986450195313
0.09161376953125 0.2952880859375 0.0443115234375 0.0634307861328125
-0.02215576171875 0.30279541015625 0.0241146087646484 0.0171031951904297
-0.113983154296875 0.294525146484375 0.0393562316894531 -0.0104560852050781
-0.283111572265625 0.177032470703125 0.0904998779296875 -0.0377578735351562
-0.369415283203125 0.0772094726562501 0.16668701171875 0.0152587890625
-0.364776611328125 0.0101318359375 0.207015991210938 0.1341552734375
-0.4014892578125 -0.0723571777343749 -0.0565643310546875 -0.08465576171875
-0.390045166015625 -0.0162658691406251 -0.0252952575683594 -0.0205001831054687
-0.36761474609375 0.05517578125 0.0308399200439453 -0.0284004211425781
-0.288299560546875 0.196014404296875 0.0281944274902344 -0.0339984893798828
-0.166030883789063 0.258926391601563 0.00320816040039062 -0.0615005493164062
-0.012237548828125 0.3162841796875 0.00168609619140625 -0.0371170043945312
0.10211181640625 0.28314208984375 -0.0117969512939453 -0.0218696594238281
0.11151123046875 0.265167236328125 -0.0119247436523437 -0.0185070037841797
0.135223388671875 0.285369873046875 -0.0100250244140625 -0.0137033462524414
0.084442138671875 0.311279296875 -0.00176811218261718 -0.0124053955078125
-0.039581298828125 0.312225341796875 -0.00228500366210937 -0.0377044677734375
-0.129547119140625 0.29620361328125 0.0266342163085937 -0.0366744995117187
-0.29443359375 0.167449951171875 0.0614776611328125 -0.0340003967285156
-0.3800048828125 0.0725708007812499 0.0828704833984375 0.0444107055664063
-0.381591796875 0.00897216796875006 0.0827178955078125 0.118667602539062
-0.35357666015625 -0.042205810546875 -0.1793212890625 -0.0966339111328125
-0.33441162109375 0.0101318359375001 -0.114181518554688 -0.011199951171875
-0.299957275390625 0.062835693359375 0.00224494934082029 -0.0205039978027344
-0.234405517578125 0.170852661132812 0.02191162109375 -0.0630378723144531
-0.136093139648437 0.224136352539062 -0.0026702880859375 -0.116233825683594
-0.00639343261718749 0.279373168945313 -0.0327529907226562 -0.119476318359375
0.0885162353515625 0.251449584960938 -0.0738754272460937 -0.105934143066406
0.097259521484375 0.236083984375 -0.079986572265625 -0.093109130859375
0.114639282226563 0.25933837890625 -0.0728912353515625 -0.0897140502929688
0.058624267578125 0.279876708984375 -0.0438232421875 -0.0883941650390625
-0.057098388671875 0.270462036132813 -0.0217437744140625 -0.0892486572265625
-0.131805419921875 0.24591064453125 0.0163040161132812 -0.0593109130859375
-0.26300048828125 0.124542236328125 0.029632568359375 -0.0251255035400391
-0.33441162109375 0.0504150390625 -0.0044822692871094 0.0686302185058594
-0.34063720703125 0.00524902343749994 -0.0430221557617188 0.0946578979492188
-0.248565673828125 -0.00939941406249996 -0.28411865234375 -0.10357666015625
-0.223251342773438 0.0211181640625 -0.189910888671875 -0.00430297851562502
-0.187759399414063 0.0460052490234375 -0.0314159393310547 -0.00990486145019531
-0.151321411132813 0.10980224609375 0.003631591796875 -0.0809173583984375
-0.0919342041015625 0.149948120117188 -0.0165557861328125 -0.148193359375
-0.00311279296875002 0.198211669921875 -0.0684661865234375 -0.177810668945312
0.061248779296875 0.181732177734375 -0.129898071289062 -0.17083740234375
0.0701904296875 0.171157836914063 -0.136993408203125 -0.153884887695313
0.0783843994140625 0.1942138671875 -0.11993408203125 -0.153244018554688
0.0282745361328125 0.204360961914063 -0.06982421875 -0.154800415039063
-0.061920166015625 0.185699462890625 -0.0282363891601563 -0.128494262695313
-0.106307983398438 0.157730102539063 0.01171875 -0.0750503540039062
-0.186599731445312 0.068267822265625 0.000440597534179676 -0.0149679183959961
-0.237075805664062 0.02880859375 -0.0831069946289063 0.0789413452148438
-0.250457763671875 0.00643920898437502 -0.150192260742188 0.06500244140625
-0.103263854980469 0.0156326293945313 -0.354400634765625 -0.1048583984375
-0.0812530517578125 0.0091705322265625 -0.241470336914062 0.000793457031250014
-0.0597114562988281 0.00388336181640626 -0.0619659423828125 0.0057373046875
-0.0634384155273438 0.0240402221679688 -0.0174026489257813 -0.083160400390625
-0.0503425598144531 0.05255126953125 -0.029876708984375 -0.15557861328125
-0.00972747802734376 0.0914993286132812 -0.098236083984375 -0.204833984375
0.019775390625 0.0870208740234375 -0.1695556640625 -0.206832885742187
0.0311279296875 0.0808486938476563 -0.174057006835937 -0.190093994140625
0.033905029296875 0.0983505249023438 -0.144912719726562 -0.195877075195313
0.00287628173828125 0.0973358154296875 -0.0769500732421875 -0.197967529296875
-0.0420761108398438 0.0761947631835937 -0.0202789306640625 -0.14788818359375
-0.0493011474609375 0.05706787109375 0.012603759765625 -0.0789108276367188
-0.0731887817382813 0.0235137939453125 -0.0231857299804688 -0.00387763977050782
-0.103797912597656 0.0224838256835937 -0.1419677734375 0.0750579833984375
-0.123817443847656 0.0191879272460937 -0.224960327148437 0.0340423583984375
-0.0391044616699219 -0.0523605346679688 0.266067504882813 -0.078399658203125
-0.065521240234375 -0.0538864135742188 0.177139282226563 -0.090850830078125
-0.0815505981445313 -0.00244140625000001 0.0133647918701172 -0.0329227447509766
-0.0476341247558594 0.0344963073730469 -0.0236358642578125 0.0735321044921875
-0.0229892730712891 0.0336456298828125 -0.0084075927734375 0.150787353515625
-0.000789642333984376 0.0280380249023438 0.0858917236328125 0.225982666015625
0.0195083618164063 0.0286216735839844 0.181854248046875 0.227828979492188
0.0157222747802734 0.0261669158935547 0.205535888671875 0.2000732421875
0.0227508544921875 0.0154609680175781 0.189483642578125 0.208053588867188
0.0329189300537109 0.0284080505371094 0.121734619140625 0.215255737304688
0.0296630859375 0.0504188537597656 0.063690185546875 0.1441650390625
0.00233840942382812 0.0668678283691406 0.0496864318847656 0.0662155151367188
-0.0503120422363281 0.0565223693847656 0.123199462890625 0.0106964111328125
-0.0558509826660156 0.0175666809082031 0.29205322265625 -0.019134521484375
-0.0237503051757813 0.00425148010253906 0.41802978515625 0.15313720703125
-0.197677612304688 -0.0726165771484375 0.245681762695313 -0.0680389404296875
-0.207122802734375 -0.0549163818359375 0.174484252929688 -0.07281494140625
-0.216690063476562 0.0127105712890625 0.0335617065429687 -0.0428543090820313
-0.155380249023437 0.10540771484375 -0.013916015625 0.0520668029785156
-0.0836105346679688 0.134002685546875 -0.0140380859375 0.117904663085938
0.00128173828124999 0.151626586914063 0.0735626220703125 0.197891235351563
0.0659103393554688 0.137840270996094 0.160537719726563 0.205978393554688
0.0646133422851563 0.127662658691406 0.185989379882813 0.1768798828125
0.0781173706054688 0.125961303710938 0.174697875976563 0.18011474609375
0.0645904541015625 0.145172119140625 0.11968994140625 0.18695068359375
0.0126800537109375 0.163589477539063 0.0645217895507813 0.115097045898438
-0.0462799072265625 0.171737670898438 0.0550956726074219 0.044219970703125
-0.158370971679687 0.116424560546875 0.128471374511719 -0.016021728515625
-0.203231811523438 0.046478271484375 0.287109375 -0.02471923828125
-0.179977416992188 0.00848388671875 0.40191650390625 0.149017333984375
-0.327606201171875 -0.0854797363281249 0.178512573242187 -0.0709686279296875
-0.327484130859375 -0.0511169433593751 0.138092041015625 -0.0554046630859375
-0.329193115234375 0.027252197265625 0.0477676391601562 -0.0456695556640625
-0.247894287109375 0.163864135742188 0.00522804260253905 0.0255565643310547
-0.1373291015625 0.217788696289063 -0.00852966308593751 0.06622314453125
-0.00146484375000001 0.255599975585938 0.05657958984375 0.136734008789063
0.101058959960938 0.22808837890625 0.117813110351563 0.14923095703125
0.105209350585938 0.209884643554688 0.138359069824219 0.127189636230469
0.126663208007813 0.21722412109375 0.132301330566406 0.128402709960938
0.09600830078125 0.243392944335938 0.0968017578125 0.135513305664063
0.003021240234375 0.260787963867187 0.053070068359375 0.0715179443359375
-0.080841064453125 0.262542724609375 0.0533370971679688 0.017608642578125
-0.2413330078125 0.171173095703125 0.117607116699219 -0.0335693359375
-0.319488525390625 0.0805053710937501 0.246551513671875 -0.0149383544921875
-0.306610107421875 0.0187377929687499 0.334503173828125 0.14251708984375
-0.410858154296875 -0.0784606933593749 0.07354736328125 -0.0785980224609375
-0.40142822265625 -0.0296936035156251 0.0694999694824218 -0.0382499694824219
-0.394805908203125 0.0522766113281249 0.0491752624511719 -0.041778564453125
-0.300323486328125 0.207305908203125 0.0242195129394531 -0.00525474548339842
-0.166275024414063 0.272933959960938 -0.000202298164367686 0.000901103019714372
-0.00119018554687499 0.3216552734375 0.0333480834960938 0.0517959594726563
0.12176513671875 0.283966064453125 0.0583724975585938 0.0678749084472656
0.128616333007813 0.261749267578125 0.0699310302734375 0.0581436157226563
0.157211303710937 0.2764892578125 0.067169189453125 0.0601425170898438
0.113739013671875 0.307281494140625 0.0544395446777344 0.06597900390625
-0.00759887695312499 0.323577880859375 0.0288505554199219 0.0173721313476563
-0.10540771484375 0.318572998046875 0.0436172485351562 -0.0112190246582031
-0.29351806640625 0.20269775390625 0.0946121215820312 -0.0393600463867187
-0.38909912109375 0.10101318359375 0.177093505859375 0.010284423828125
-0.3853759765625 0.0257568359375 0.22674560546875 0.135391235351563
-0.42987060546875 -0.058258056640625 -0.0557327270507813 -0.0887832641601563
-0.4144287109375 0.000610351562500038 -0.0205307006835938 -0.0210590362548828
-0.392059326171875 0.0771789550781249 0.0343570709228515 -0.0327091217041015
-0.296417236328125 0.223175048828125 0.0325851440429687 -0.0380592346191406
-0.162353515625 0.28472900390625 0.00216293334960936 -0.0672264099121094
0.00350952148437501 0.336395263671875 0.000881195068359371 -0.0428466796875
0.12481689453125 0.295135498046875 -0.0109138488769531 -0.024118423461914
0.133377075195313 0.272811889648438 -0.00902175903320312 -0.0199851989746094
0.160430908203125 0.29412841796875 -0.00844764709472655 -0.0163726806640625
0.108489990234375 0.3250732421875 0.000789642333984382 -0.0125093460083008
-0.0247802734375 0.335052490234375 -0.00136566162109375 -0.0401573181152344
-0.122222900390625 0.32220458984375 0.0292091369628906 -0.0396995544433594
-0.305999755859375 0.194244384765625 0.0632133483886719 -0.0343742370605469
-0.401397705078125 0.0968627929687501 0.0903244018554687 0.045013427734375
-0.403656005859375 0.02630615234375 0.0938568115234375 0.12371826171875
-0.380523681640625 -0.027374267578125 -0.18731689453125 -0.096405029296875
-0.3555908203125 0.0271606445312499 -0.1143798828125 -0.00607299804687499
-0.3204345703125 0.08331298828125 0.00526618957519529 -0.0225067138671875
-0.240371704101562 0.19610595703125 0.0247535705566406 -0.0684127807617188
-0.130935668945312 0.247360229492187 -0.0064544677734375 -0.123985290527344
0.00891113281250002 0.29632568359375 -0.0394210815429687 -0.126914978027344
0.110092163085937 0.261184692382813 -0.0811233520507813 -0.110031127929687
0.118148803710938 0.243896484375 -0.0859298706054687 -0.0953826904296875
0.137832641601563 0.267807006835937 -0.0790176391601563 -0.0927505493164062
0.080322265625 0.29296875 -0.0473785400390625 -0.0910568237304687
-0.044158935546875 0.291778564453125 -0.0252838134765625 -0.093994140625
-0.126007080078125 0.26873779296875 0.015869140625 -0.0636749267578125
-0.275375366210938 0.147674560546875 0.030374526977539 -0.0233592987060547
-0.354156494140625 0.072113037109375 -0.00119781494140627 0.0744781494140625
-0.36279296875 0.02093505859375 -0.0398178100585938 0.104499816894531
-0.26776123046875 0.00163269042968755 -0.2996826171875 -0.099212646484375
-0.23834228515625 0.0338897705078125 -0.1956787109375 0.00457763671875002
-0.202789306640625 0.059906005859375 -0.029836654663086 -0.00916099548339843
-0.155502319335938 0.128219604492188 0.00350952148437499 -0.0867767333984375
-0.087890625 0.167343139648438 -0.02386474609375 -0.157333374023438
0.00927734374999998 0.211380004882813 -0.0809783935546875 -0.1854248046875
0.0782928466796875 0.189468383789063 -0.143585205078125 -0.174789428710938
0.08587646484375 0.176162719726563 -0.149826049804688 -0.155746459960938
0.096435546875 0.200363159179688 -0.133193969726563 -0.158218383789062
0.044189453125 0.214813232421875 -0.0797882080078125 -0.15924072265625
-0.052703857421875 0.201950073242187 -0.0340805053710938 -0.134849548339844
-0.1025390625 0.174545288085938 0.0100631713867187 -0.0801620483398437
-0.195938110351563 0.0849151611328125 -0.000480651855468762 -0.0120143890380859
-0.252700805664062 0.045623779296875 -0.083465576171875 0.0885543823242187
-0.267318725585938 0.0189361572265625 -0.156097412109375 0.0771484375
-0.113426208496094 0.0209503173828125 -0.375213623046875 -0.0982666015625001
-0.0895004272460938 0.0147705078125 -0.250823974609375 0.0127410888671875
-0.0684051513671875 0.00909423828124999 -0.0617179870605469 0.00767517089843749
-0.0670433044433594 0.033172607421875 -0.0199661254882813 -0.0877761840820313
-0.0487403869628906 0.0622978210449219 -0.0395660400390625 -0.163970947265625
-0.003082275390625 0.09844970703125 -0.114181518554687 -0.21221923828125
0.029541015625 0.0906753540039063 -0.189361572265625 -0.209854125976563
0.0408248901367188 0.0835494995117188 -0.19256591796875 -0.1920166015625
0.04534912109375 0.10113525390625 -0.162261962890625 -0.20086669921875
0.0126190185546875 0.102470397949219 -0.0901336669921875 -0.205291748046875
-0.0374832153320313 0.085235595703125 -0.02783203125 -0.15545654296875
-0.046112060546875 0.0652503967285156 0.0100936889648437 -0.0836257934570312
-0.0770492553710938 0.0326385498046875 -0.0252761840820313 -0.000337600708007814
-0.111289978027344 0.0331344604492187 -0.146194458007812 0.087860107421875
-0.133277893066406 0.0275115966796875 -0.23779296875 0.0474700927734375
-0.0403785705566406 -0.053497314453125 0.275909423828125 -0.102615356445313
-0.0709228515625 -0.05560302734375 0.180557250976563 -0.11163330078125
-0.0865707397460938 -0.000823974609374987 0.0112533569335937 -0.0376472473144531
-0.0498924255371094 0.0362739562988281 -0.01959228515625 0.0765457153320313
-0.0259819030761719 0.0367050170898438 0.00372314453124999 0.157745361328125
-0.00195693969726563 0.0302028656005859 0.108566284179688 0.228607177734375
0.0196075439453125 0.0301361083984375 0.208831787109375 0.224212646484375
0.0153388977050781 0.0273513793945313 0.232528686523438 0.19390869140625
0.0217552185058594 0.0149440765380859 0.21826171875 0.203720092773437
0.0344371795654297 0.0259342193603516 0.148208618164063 0.217849731445313
0.0339622497558594 0.0471878051757813 0.08001708984375 0.149993896484375
0.00792312622070312 0.06744384765625 0.0575752258300781 0.0686912536621094
-0.0447578430175781 0.0622787475585937 0.129951477050781 0.0032196044921875
-0.0531501770019531 0.0210685729980469 0.3021240234375 -0.04254150390625
-0.0208377838134766 0.00465011596679687 0.450469970703125 0.130828857421875
-0.208984375 -0.0621490478515625 0.257858276367187 -0.0912017822265625
-0.2200927734375 -0.045745849609375 0.18121337890625 -0.0925445556640625
-0.229568481445313 0.0269622802734375 0.0331153869628906 -0.0501136779785156
-0.158233642578125 0.1209716796875 -0.00841140747070313 0.0534629821777344
-0.0807037353515625 0.146759033203125 -0.00463867187500002 0.122909545898438
0.0102691650390625 0.160293579101563 0.09320068359375 0.19952392578125
0.0787506103515625 0.140899658203125 0.18609619140625 0.201690673828125
0.07635498046875 0.129432678222656 0.212615966796875 0.170074462890625
0.0902786254882813 0.126556396484375 0.201950073242187 0.174774169921875
0.0785675048828125 0.146438598632813 0.1456298828125 0.188751220703125
0.026031494140625 0.170028686523438 0.0800094604492188 0.118011474609375
-0.0348663330078125 0.183547973632812 0.0631179809570313 0.0444831848144531
-0.155670166015625 0.135391235351563 0.133415222167969 -0.0229034423828125
-0.208053588867188 0.064727783203125 0.297882080078125 -0.046844482421875
-0.186004638671875 0.02154541015625 0.434478759765625 0.129302978515625
-0.34991455078125 -0.0640869140625 0.188690185546875 -0.0897979736328125
-0.346435546875 -0.031341552734375 0.14630126953125 -0.0721893310546875
-0.348846435546875 0.05242919921875 0.0485076904296875 -0.0535011291503906
-0.25054931640625 0.190582275390625 0.0108547210693359 0.0244045257568359
-0.128799438476563 0.239898681640625 -0.00249099731445313 0.0677261352539063
0.0167999267578125 0.270233154296875 0.0706863403320312 0.135246276855469
0.124282836914063 0.2320556640625 0.136947631835938 0.144729614257813
0.126144409179688 0.212890625 0.159332275390625 0.120285034179688
0.150253295898438 0.218475341796875 0.152923583984375 0.123336791992188
0.12109375 0.247573852539063 0.117805480957031 0.135780334472656
0.0246734619140625 0.274627685546875 0.0650558471679687 0.0724945068359375
-0.064300537109375 0.28338623046875 0.060333251953125 0.016265869140625
-0.240890502929688 0.201126098632813 0.122108459472656 -0.0404434204101562
-0.329833984375 0.11016845703125 0.25689697265625 -0.03240966796875
-0.320465087890625 0.0415954589843751 0.364776611328125 0.12811279296875
-0.438629150390625 -0.0504760742187499 0.079010009765625 -0.090972900390625
-0.424346923828125 -0.00210571289062497 0.0766830444335937 -0.0480194091796875
-0.416473388671875 0.0865478515625 0.0508842468261718 -0.0488815307617187
-0.3009033203125 0.242919921875 0.0293655395507812 -0.00925445556640623
-0.15325927734375 0.301116943359375 0.00187361240386962 -0.00116455554962156
0.023651123046875 0.339569091796875 0.0392112731933594 0.0483322143554688
0.1519775390625 0.288604736328125 0.0692977905273438 0.0636711120605469
0.157501220703125 0.263229370117188 0.0822677612304688 0.0529556274414063
0.188934326171875 0.2783203125 0.0785064697265625 0.056304931640625
0.14642333984375 0.3138427734375 0.0672645568847656 0.0653839111328125
0.019195556640625 0.342254638671875 0.0353584289550781 0.0160293579101563
-0.085784912109375 0.346099853515625 0.0481796264648437 -0.0141868591308594
-0.294647216796875 0.239105224609375 0.0981903076171875 -0.0440139770507812
-0.403045654296875 0.137786865234375 0.187301635742188 -0.000930786132812492
-0.40374755859375 0.056121826171875 0.251358032226563 0.128860473632813
-0.459991455078125 -0.026947021484375 -0.05780029296875 -0.0924453735351562
-0.437103271484375 0.0327453613281249 -0.0161857604980469 -0.0227146148681641
-0.413604736328125 0.115203857421875 0.0366897583007812 -0.037689208984375
-0.294891357421875 0.261199951171875 0.0364646911621094 -0.0449371337890625
-0.1466064453125 0.315643310546875 -0.000869750976562515 -0.0729751586914062
0.030487060546875 0.3546142578125 -0.00212097167968749 -0.0479927062988281
0.1571044921875 0.299774169921875 -0.0105457305908203 -0.027191162109375
0.1636962890625 0.275497436523438 -0.00686264038085936 -0.0230522155761719
0.194732666015625 0.29595947265625 -0.0074634552001953 -0.0184249877929687
0.14361572265625 0.332672119140625 0.0045461654663086 -0.0132894515991211
0.00393676757812502 0.35791015625 -0.00115966796875 -0.0431060791015625
-0.102447509765625 0.35089111328125 0.0302886962890625 -0.044189453125
-0.31005859375 0.23284912109375 0.0661697387695312 -0.0366401672363281
-0.417144775390625 0.136749267578125 0.0995864868164062 0.0420684814453125
-0.425750732421875 0.0572814941406251 0.110847473144531 0.1260986328125
-0.406707763671875 0.00207519531250009 -0.198379516601563 -0.0908050537109375
-0.37518310546875 0.057647705078125 -0.114677429199219 0.00124359130859375
-0.33837890625 0.117095947265625 0.00766944885253904 -0.0242919921875
-0.238037109375 0.230636596679687 0.0256805419921875 -0.07550048828125
-0.115447998046875 0.274444580078125 -0.0156097412109375 -0.131729125976562
0.035888671875 0.312774658203125 -0.0515975952148438 -0.132392883300781
0.141006469726563 0.264999389648438 -0.091094970703125 -0.111289978027344
0.147048950195312 0.24530029296875 -0.0941696166992188 -0.0956192016601562
0.170989990234375 0.270050048828125 -0.08868408203125 -0.0927886962890625
0.11273193359375 0.301605224609375 -0.05389404296875 -0.09185791015625
-0.0201416015625 0.31378173828125 -0.0310592651367188 -0.0975799560546875
-0.109222412109375 0.29608154296875 0.0145645141601562 -0.0687828063964844
-0.281082153320313 0.182052612304688 0.0312328338623047 -0.0226802825927734
-0.369781494140625 0.10797119140625 0.00568389892578123 0.080322265625
-0.383270263671875 0.05035400390625 -0.0327682495117188 0.114967346191406
-0.287811279296875 0.023834228515625 -0.317962646484375 -0.08587646484375
-0.252471923828125 0.0564117431640625 -0.199127197265625 0.0198974609375
-0.215103149414063 0.083648681640625 -0.0281105041503906 -0.00818634033203124
-0.154052734375 0.152603149414062 0.000953674316406232 -0.0934677124023437
-0.07598876953125 0.187393188476563 -0.0366973876953125 -0.164764404296875
0.0298309326171875 0.223495483398438 -0.0992431640625 -0.189651489257813
0.10260009765625 0.191436767578125 -0.163116455078125 -0.173171997070312
0.108322143554687 0.177444458007813 -0.167556762695312 -0.154205322265625
0.121658325195313 0.20159912109375 -0.151153564453125 -0.156814575195312
0.0680694580078125 0.221694946289063 -0.094268798828125 -0.160842895507813
-0.0357666015625 0.219390869140625 -0.0445098876953125 -0.140975952148437
-0.09197998046875 0.194488525390625 0.00563812255859375 -0.08575439453125
-0.200607299804688 0.109329223632812 -0.00057029724121095 -0.00890636444091796
-0.264541625976563 0.072540283203125 -0.0798797607421875 0.102104187011719
-0.283905029296875 0.042724609375 -0.1583251953125 0.094696044921875
-0.123275756835938 0.030914306640625 -0.398773193359375 -0.0791015625000001
-0.0984420776367188 0.0244903564453125 -0.258285522460938 0.032012939453125
-0.0766067504882813 0.0189971923828125 -0.0603790283203125 0.01177978515625
-0.0681877136230469 0.044921875 -0.025665283203125 -0.092864990234375
-0.042877197265625 0.0734405517578125 -0.054931640625 -0.170913696289063
0.00775909423828124 0.10589599609375 -0.137298583984375 -0.214950561523438
0.042938232421875 0.0921707153320313 -0.2144775390625 -0.206588745117188
0.0529937744140625 0.0836181640625 -0.215744018554688 -0.18682861328125
0.059112548828125 0.101119995117187 -0.18682861328125 -0.199325561523438
0.025634765625 0.106025695800781 -0.109970092773437 -0.207443237304688
-0.0283737182617187 0.0946273803710937 -0.0409393310546875 -0.16162109375
-0.0402145385742187 0.0746841430664063 0.00418090820312499 -0.0887832641601563
-0.0790786743164063 0.044830322265625 -0.0265007019042969 0.00539588928222656
-0.11669921875 0.0495223999023437 -0.146728515625 0.106216430664063
-0.142776489257813 0.0426177978515625 -0.248443603515625 0.07012939453125
-0.0410308837890625 -0.0535202026367188 0.27581787109375 -0.13238525390625
-0.076446533203125 -0.054931640625 0.174484252929688 -0.13421630859375
-0.0899276733398438 0.00298309326171876 0.00690841674804687 -0.0416908264160156
-0.0518150329589844 0.0394020080566406 -0.0132522583007813 0.0780868530273438
-0.0281982421875 0.0401458740234375 0.0188751220703125 0.159149169921875
-0.00391387939453125 0.0327491760253906 0.1331787109375 0.220947265625
0.0196590423583984 0.0307826995849609 0.234664916992188 0.20733642578125
0.0153369903564453 0.0276813507080078 0.257247924804688 0.174774169921875
0.0198326110839844 0.0139961242675781 0.246047973632813 0.186126708984375
0.0344390869140625 0.0214462280273437 0.17572021484375 0.2083740234375
0.0380592346191406 0.0423965454101563 0.098876953125 0.147750854492188
0.0142707824707031 0.0653190612792969 0.0663909912109375 0.0679931640625
-0.036468505859375 0.0656318664550781 0.131729125976562 -0.00807189941406249
-0.0486259460449219 0.0249710083007812 0.301055908203125 -0.071563720703125
-0.0162467956542969 0.00525665283203125 0.47088623046875 0.0948486328125
-0.215591430664063 -0.0453033447265625 0.259841918945313 -0.120193481445313
-0.227828979492188 -0.0304718017578125 0.179107666015625 -0.1153564453125
-0.234344482421875 0.04632568359375 0.0294685363769531 -0.0553474426269531
-0.153564453125 0.135940551757813 -0.00245285034179688 0.0526199340820313
-0.0719757080078125 0.158493041992187 0.00746917724609374 0.123313903808594
0.022705078125 0.164505004882813 0.11376953125 0.191360473632813
0.0919876098632813 0.13775634765625 0.210357666015625 0.184982299804687
0.0884552001953125 0.12530517578125 0.235214233398437 0.150360107421875
0.102836608886719 0.121391296386719 0.226470947265625 0.157577514648438
0.0935745239257813 0.140518188476563 0.171920776367188 0.178375244140625
0.043060302734375 0.169387817382813 0.0966033935546875 0.114921569824219
-0.0179443359375 0.18988037109375 0.0714797973632813 0.0422592163085938
-0.144332885742188 0.152633666992188 0.134796142578125 -0.03350830078125
-0.204498291015625 0.085784912109375 0.297393798828125 -0.0743408203125
-0.1854248046875 0.0385589599609375 0.457611083984375 0.094482421875
-0.361358642578125 -0.0331726074218751 0.190505981445312 -0.112136840820313
-0.354949951171875 -0.00192260742187508 0.146133422851562 -0.090423583984375
-0.35455322265625 0.0854492187499999 0.0461616516113281 -0.061309814453125
-0.240570068359375 0.217666625976562 0.0158195495605469 0.0206298828125
-0.111251831054687 0.25787353515625 0.00485992431640625 0.0661735534667969
0.041107177734375 0.27532958984375 0.085235595703125 0.127998352050781
0.149017333984375 0.225860595703125 0.1556396484375 0.131195068359375
0.149322509765625 0.204757690429688 0.17730712890625 0.104415893554688
0.1754150390625 0.208953857421875 0.171676635742188 0.109634399414063
0.148590087890625 0.240097045898437 0.139625549316406 0.126014709472656
0.0529632568359375 0.277984619140625 0.077606201171875 0.0683517456054688
-0.037841796875 0.2962646484375 0.0660133361816406 0.0124893188476563
-0.227081298828125 0.229965209960938 0.122428894042969 -0.0489044189453125
-0.32696533203125 0.14508056640625 0.25860595703125 -0.0554656982421875
-0.322357177734375 0.07220458984375 0.38873291015625 0.099853515625
-0.453857421875 -0.00878906250000007 0.0788345336914062 -0.104324340820312
-0.4332275390625 0.03753662109375 0.0792465209960937 -0.0593414306640625
-0.421661376953125 0.13067626953125 0.05029296875 -0.0560531616210937
-0.2857666015625 0.277984619140625 0.0336971282958984 -0.015756607055664
-0.127593994140625 0.324005126953125 0.00293636322021484 -0.00431656837463377
0.056640625 0.345916748046875 0.0446510314941406 0.0420455932617188
0.184432983398438 0.279495239257813 0.0792922973632813 0.0547943115234375
0.186737060546875 0.253631591796875 0.0928115844726563 0.04248046875
0.222152709960937 0.265487670898438 0.0888442993164063 0.0476531982421875
0.1822509765625 0.30560302734375 0.080902099609375 0.0591812133789063
0.055511474609375 0.350311279296875 0.0419044494628906 0.0122718811035156
-0.053619384765625 0.363555908203125 0.0510215759277344 -0.0189666748046875
-0.27996826171875 0.275711059570313 0.098114013671875 -0.0499420166015625
-0.399993896484375 0.182037353515625 0.191925048828125 -0.0162811279296875
-0.40838623046875 0.0951843261718751 0.27313232421875 0.11053466796875
-0.475067138671875 0.0178833007812501 -0.061248779296875 -0.0934524536132813
-0.444549560546875 0.0762329101562501 -0.0123233795166016 -0.0236873626708984
-0.416961669921875 0.161163330078125 0.0374298095703125 -0.0432815551757812
-0.2774658203125 0.2979736328125 0.0385971069335937 -0.0529823303222656
-0.117706298828125 0.33807373046875 -0.00611114501953126 -0.0769882202148437
0.067657470703125 0.3609619140625 -0.00670242309570312 -0.0517768859863281
0.192230224609375 0.28997802734375 -0.0105209350585937 -0.0300807952880859
0.195816040039063 0.264205932617188 -0.00593948364257811 -0.0267601013183594
0.230621337890625 0.282257080078125 -0.00692176818847655 -0.0205116271972656
0.183074951171875 0.32537841796875 0.0084209442138672 -0.01580810546875
0.041259765625 0.367279052734375 -0.00230026245117187 -0.0455055236816406
-0.068756103515625 0.371551513671875 0.0298728942871094 -0.0484580993652343
-0.297454833984375 0.271484375 0.0668220520019531 -0.0390205383300781
-0.4158935546875 0.1837158203125 0.106781005859375 0.036041259765625
-0.431884765625 0.1005859375 0.129302978515625 0.120925903320313
-0.420501708984375 0.04327392578125 -0.205535888671875 -0.07904052734375
-0.381317138671875 0.097808837890625 -0.110076904296875 0.010589599609375
-0.340545654296875 0.15960693359375 0.00977516174316404 -0.0266838073730469
-0.221725463867188 0.263107299804688 0.0238723754882812 -0.082763671875
-0.08819580078125 0.294281005859375 -0.0275115966796875 -0.134925842285156
0.070037841796875 0.317718505859375 -0.0649871826171875 -0.132606506347656
0.173599243164063 0.255523681640625 -0.101333618164062 -0.107475280761719
0.176559448242188 0.234024047851562 -0.102096557617187 -0.092041015625
0.204925537109375 0.257247924804688 -0.097747802734375 -0.0884933471679687
0.149810791015625 0.29644775390625 -0.060302734375 -0.08990478515625
0.013702392578125 0.32513427734375 -0.0391693115234375 -0.0988845825195312
-0.0809326171875 0.316009521484375 0.0102081298828125 -0.0728988647460938
-0.270858764648438 0.217178344726563 0.032388687133789 -0.0224571228027344
-0.370513916015625 0.149871826171875 0.014862060546875 0.0837936401367188
-0.390289306640625 0.089385986328125 -0.0201644897460938 0.123222351074219
-0.297393798828125 0.053863525390625 -0.32916259765625 -0.062774658203125
-0.257736206054688 0.0853118896484375 -0.196014404296875 0.037506103515625
-0.217941284179687 0.113571166992188 -0.0253314971923828 -0.00780677795410156
-0.142166137695312 0.176498413085938 -0.00479888916015627 -0.0985641479492188
-0.0553436279296875 0.202377319335938 -0.0534515380859375 -0.16668701171875
0.0565643310546875 0.226547241210938 -0.120452880859375 -0.1859130859375
0.127517700195312 0.184600830078125 -0.181488037109375 -0.163177490234375
0.131118774414063 0.16827392578125 -0.183319091796875 -0.143280029296875
0.148666381835938 0.19171142578125 -0.169464111328125 -0.14666748046875
0.0968170166015625 0.2186279296875 -0.109375 -0.155548095703125
-0.0102081298828125 0.230560302734375 -0.058319091796875 -0.140411376953125
-0.0714111328125 0.210281372070313 -0.00135040283203125 -0.0887298583984375
-0.195220947265625 0.1358642578125 0.000875949859619128 -0.0059375762939453
-0.265533447265625 0.105072021484375 -0.0713043212890625 0.114036560058594
-0.2891845703125 0.0738220214843751 -0.152297973632813 0.113845825195313
-0.129280090332031 0.046112060546875 -0.413726806640625 -0.048187255859375
-0.103256225585937 0.0374298095703125 -0.25701904296875 0.0558624267578125
-0.0815200805664063 0.0321273803710938 -0.0570602416992188 0.0150375366210937
-0.065338134765625 0.0582542419433594 -0.0330352783203125 -0.0951995849609375
-0.0336151123046875 0.08258056640625 -0.0735015869140625 -0.170242309570313
0.0222244262695313 0.108329772949219 -0.161911010742188 -0.207199096679687
0.0575332641601563 0.0882492065429688 -0.238677978515625 -0.190475463867188
0.0661163330078125 0.0774688720703125 -0.237701416015625 -0.170761108398437
0.0745773315429688 0.094696044921875 -0.21014404296875 -0.185623168945313
0.041778564453125 0.104408264160156 -0.13189697265625 -0.200637817382813
-0.01513671875 0.100624084472656 -0.056610107421875 -0.161483764648438
-0.0300979614257813 0.0820541381835938 -0.00355529785156249 -0.091156005859375
-0.0754547119140625 0.0589065551757813 -0.0253200531005859 0.0111236572265625
-0.115653991699219 0.068115234375 -0.138816833496094 0.124794006347656
-0.145172119140625 0.060821533203125 -0.248672485351563 0.0981597900390625
-0.0401496887207031 -0.0543785095214844 0.264785766601563 -0.156005859375
-0.0799026489257813 -0.0542831420898438 0.160690307617188 -0.149978637695313
-0.091583251953125 0.00548553466796875 0.00255203247070312 -0.0430679321289063
-0.0532989501953125 0.04058837890625 -0.00728607177734376 0.0767440795898438
-0.0293159484863281 0.0430107116699219 0.0321044921875 0.153289794921875
-0.00571823120117187 0.0356864929199219 0.149612426757813 0.20465087890625
0.0190105438232422 0.0318946838378906 0.249343872070313 0.183853149414063
0.0145473480224609 0.0279331207275391 0.269515991210938 0.14862060546875
0.0173416137695313 0.0142011642456055 0.261154174804688 0.161117553710938
0.0322818756103516 0.01727294921875 0.195632934570313 0.19012451171875
0.0386276245117188 0.0356674194335938 0.113601684570313 0.139686584472656
0.0190658569335938 0.0607376098632813 0.0728302001953125 0.0646209716796875
-0.0273323059082031 0.0638427734375 0.128829956054688 -0.0165557861328125
-0.0421905517578125 0.0255165100097656 0.288330078125 -0.094085693359375
-0.0117063522338867 0.00402545928955078 0.473297119140625 0.057373046875
-0.212799072265625 -0.029693603515625 0.25164794921875 -0.1431884765625
-0.22674560546875 -0.01593017578125 0.168609619140625 -0.132675170898438
-0.231842041015625 0.061920166015625 0.0243911743164062 -0.0598030090332031
-0.145111083984375 0.145645141601562 0.00292587280273437 0.0496597290039063
-0.061798095703125 0.164016723632812 0.018402099609375 0.1180419921875
0.0325164794921875 0.163299560546875 0.128585815429688 0.176620483398438
0.0998611450195313 0.130439758300781 0.223861694335938 0.162933349609375
0.0962448120117188 0.117973327636719 0.247085571289063 0.125747680664063
0.110527038574219 0.111915588378906 0.240081787109375 0.133285522460937
0.102729797363281 0.130119323730469 0.190444946289063 0.160552978515625
0.0565032958984375 0.162643432617188 0.109588623046875 0.1065673828125
-0.00114440917968748 0.187850952148438 0.0768508911132813 0.0378875732421875
-0.1278076171875 0.161941528320313 0.131355285644531 -0.04119873046875
-0.192855834960938 0.101654052734375 0.286834716796875 -0.096771240234375
-0.177337646484375 0.0518035888671875 0.463623046875 0.057891845703125
-0.357452392578125 -0.00366210937500001 0.185012817382812 -0.131271362304688
-0.35003662109375 0.02423095703125 0.140388488769531 -0.106071472167969
-0.34814453125 0.1142578125 0.041778564453125 -0.0662117004394531
-0.2232666015625 0.235061645507812 0.0196113586425781 0.0152435302734375
-0.0904388427734375 0.26495361328125 0.0114631652832031 0.0616912841796875
0.061614990234375 0.271881103515625 0.0944747924804688 0.115928649902344
0.165069580078125 0.211471557617188 0.166900634765625 0.113052368164063
0.164093017578125 0.190048217773438 0.186141967773437 0.08392333984375
0.191146850585937 0.19140625 0.182479858398437 0.09075927734375
0.16802978515625 0.223617553710937 0.154022216796875 0.110748291015625
0.0768890380859375 0.270706176757813 0.087066650390625 0.060791015625
-0.011444091796875 0.2967529296875 0.0699539184570313 0.00791168212890627
-0.204299926757812 0.246963500976563 0.1190185546875 -0.0546340942382812
-0.31048583984375 0.172210693359375 0.251068115234375 -0.0742340087890625
-0.311614990234375 0.0976867675781251 0.396514892578125 0.06903076171875
-0.44866943359375 0.029510498046875 0.0756149291992187 -0.114616394042969
-0.42572021484375 0.0726318359374999 0.0782470703125 -0.0699996948242188
-0.410675048828125 0.167755126953125 0.0479278564453125 -0.0621566772460938
-0.261688232421875 0.3001708984375 0.0357933044433594 -0.0222358703613281
-0.09912109375 0.332305908203125 0.00366067886352538 -0.00831222534179685
0.0853271484375 0.33984375 0.0477867126464844 0.0336341857910156
0.20660400390625 0.260467529296875 0.085235595703125 0.043182373046875
0.20654296875 0.234634399414062 0.09759521484375 0.0287017822265625
0.24444580078125 0.242568969726562 0.0949783325195313 0.0367965698242188
0.209381103515625 0.28521728515625 0.0911026000976563 0.0489883422851563
0.087310791015625 0.34307861328125 0.0467796325683594 0.00735473632812502
-0.020355224609375 0.365692138671875 0.0523605346679688 -0.0230369567871094
-0.25396728515625 0.299224853515625 0.096649169921875 -0.05419921875
-0.3819580078125 0.216766357421875 0.190277099609375 -0.0297698974609375
-0.39703369140625 0.12847900390625 0.283966064453125 0.0887451171875
-0.470703125 0.06024169921875 -0.0618362426757813 -0.0929946899414062
-0.43463134765625 0.114593505859375 -0.00815582275390628 -0.0262336730957031
-0.4027099609375 0.2021484375 0.0376319885253906 -0.0480079650878906
-0.24981689453125 0.321868896484375 0.0380401611328125 -0.0592727661132812
-0.085479736328125 0.345458984375 -0.0119094848632812 -0.0787429809570312
0.09906005859375 0.35345458984375 -0.0107841491699219 -0.0541343688964844
0.217498779296875 0.269256591796875 -0.0108890533447265 -0.0329170227050781
0.217987060546875 0.243331909179688 -0.00538253784179686 -0.0305557250976562
0.25616455078125 0.257431030273438 -0.00627517700195311 -0.022012710571289
0.213348388671875 0.30450439453125 0.0122394561767578 -0.0185928344726562
0.07708740234375 0.362335205078125 -0.00234222412109374 -0.0469131469726562
-0.03509521484375 0.376617431640625 0.0280647277832031 -0.0510978698730469
-0.27227783203125 0.298065185546875 0.0664291381835937 -0.0416221618652343
-0.399261474609375 0.22100830078125 0.111274719238281 0.0291290283203125
-0.421051025390625 0.136322021484375 0.141799926757812 0.110885620117188
-0.416412353515625 0.081390380859375 -0.205062866210938 -0.0667724609375
-0.3719482421875 0.133026123046875 -0.102096557617188 0.0162200927734375
-0.32720947265625 0.19500732421875 0.0127296447753906 -0.0299797058105469
-0.195709228515625 0.284881591796875 0.0208740234375 -0.087371826171875
-0.058349609375 0.301055908203125 -0.0375442504882813 -0.133460998535156
0.100189208984375 0.309478759765625 -0.0748672485351563 -0.128181457519531
0.1966552734375 0.235977172851563 -0.107887268066406 -0.10150146484375
0.196517944335938 0.214935302734375 -0.107131958007812 -0.0864486694335937
0.229141235351563 0.23455810546875 -0.102561950683594 -0.0809173583984375
0.179092407226562 0.278305053710937 -0.0627288818359375 -0.085296630859375
0.04718017578125 0.322906494140625 -0.0452346801757812 -0.097259521484375
-0.05029296875 0.322998046875 0.006103515625 -0.073883056640625
-0.25054931640625 0.243331909179688 0.0337409973144531 -0.0224113464355469
-0.35748291015625 0.185455322265625 0.024200439453125 0.083740234375
-0.382080078125 0.12371826171875 -0.00615692138671878 0.125114440917969
-0.2957763671875 0.083038330078125 -0.327972412109375 -0.03997802734375
-0.251617431640625 0.111221313476562 -0.185043334960938 0.0512542724609375
-0.210479736328125 0.14031982421875 -0.0209312438964844 -0.00826454162597655
-0.12384033203125 0.193618774414062 -0.00942230224609375 -0.100433349609375
-0.033447265625 0.207321166992188 -0.067230224609375 -0.16156005859375
0.079803466796875 0.220245361328125 -0.135513305664062 -0.174880981445313
0.146087646484375 0.1689453125 -0.192886352539063 -0.148574829101562
0.147247314453125 0.153427124023438 -0.192291259765625 -0.1287841796875
0.167678833007813 0.17364501953125 -0.17950439453125 -0.131729125976563
0.120437622070313 0.20587158203125 -0.1185302734375 -0.14501953125
0.0152740478515625 0.230224609375 -0.0683670043945312 -0.135818481445313
-0.0495147705078125 0.216384887695313 -0.00734710693359375 -0.0884323120117187
-0.181671142578125 0.156600952148438 0.00277042388916015 -0.00276446342468261
-0.25567626953125 0.132781982421875 -0.059051513671875 0.120948791503906
-0.28369140625 0.101287841796875 -0.139625549316406 0.127952575683594
-0.129898071289063 0.0593032836914062 -0.411529541015625 -0.0185852050781249
-0.103775024414062 0.0504074096679688 -0.245315551757812 0.0746917724609375
-0.0823516845703125 0.0466156005859375 -0.0518684387207031 0.0158119201660156
-0.0583152770996094 0.0688323974609375 -0.0394287109375 -0.0946121215820313
-0.021728515625 0.0873031616210938 -0.0887298583984375 -0.163070678710938
0.0356292724609375 0.106399536132813 -0.178924560546875 -0.1907958984375
0.0682449340820313 0.0802078247070313 -0.252166748046875 -0.1693115234375
0.0754852294921875 0.0692825317382813 -0.248825073242187 -0.149658203125
0.086212158203125 0.0841598510742188 -0.223678588867187 -0.165603637695313
0.05572509765625 0.0974044799804688 -0.146255493164063 -0.18646240234375
-0.0011444091796875 0.101631164550781 -0.0696868896484375 -0.155029296875
-0.0182113647460938 0.0850982666015625 -0.0110244750976563 -0.0897216796875
-0.067657470703125 0.0699539184570313 -0.0225276947021484 0.0157146453857422
-0.109367370605469 0.0839996337890625 -0.125808715820312 0.137619018554688
-0.14154052734375 0.0774078369140625 -0.23919677734375 0.120071411132812
-0.0374031066894531 -0.0564994812011719 0.252914428710938 -0.168899536132813
-0.0820083618164063 -0.0561065673828125 0.148696899414063 -0.158050537109375
-0.09326171875 0.00466918945312499 -0.00079727172851563 -0.0436897277832031
-0.0557899475097656 0.0404014587402344 -0.00399780273437501 0.0736007690429688
-0.0319595336914062 0.0454559326171875 0.0384674072265625 0.145904541015625
-0.00886917114257813 0.0391311645507813 0.156509399414062 0.190078735351563
0.0164890289306641 0.0337982177734375 0.25372314453125 0.165664672851563
0.0131797790527344 0.0287799835205078 0.271682739257813 0.129730224609375
0.0140323638916016 0.0152158737182617 0.265640258789063 0.141082763671875
0.0279216766357422 0.0148735046386719 0.204574584960938 0.17401123046875
0.0369987487792969 0.0298309326171875 0.12176513671875 0.131423950195313
0.0203971862792969 0.0551528930664062 0.0765304565429688 0.0622482299804688
-0.0203132629394531 0.0599098205566406 0.123680114746094 -0.0204925537109375
-0.03546142578125 0.0237350463867188 0.273025512695313 -0.105361938476563
-0.00655603408813477 0.00153875350952148 0.465362548828125 0.0347900390625
-0.205612182617187 -0.0216827392578125 0.242401123046875 -0.157257080078125
-0.22259521484375 -0.00993347167968752 0.159072875976563 -0.142288208007813
-0.227691650390625 0.06951904296875 0.0210952758789062 -0.0612602233886719
-0.139877319335938 0.148910522460937 0.00583648681640624 0.0452003479003906
-0.056854248046875 0.164382934570313 0.0237884521484375 0.1112060546875
0.0370025634765625 0.161941528320313 0.134078979492188 0.162338256835938
0.102279663085938 0.124107360839844 0.22796630859375 0.144485473632813
0.097930908203125 0.11212158203125 0.248321533203125 0.105987548828125
0.111900329589844 0.105148315429688 0.244552612304687 0.114547729492187
0.1053466796875 0.119880676269531 0.199249267578125 0.143417358398438
0.062896728515625 0.15411376953125 0.117622375488281 0.0973663330078125
0.00889587402343751 0.181900024414063 0.0804519653320312 0.0345840454101563
-0.11431884765625 0.162734985351563 0.127059936523438 -0.043609619140625
-0.180740356445313 0.108688354492187 0.273361206054688 -0.1072998046875
-0.167037963867188 0.0582275390625 0.458404541015625 0.0357666015625
-0.34661865234375 0.0134582519531251 0.179183959960938 -0.14276123046875
-0.340301513671875 0.0375976562500001 0.134071350097656 -0.116180419921875
-0.337738037109375 0.1300048828125 0.0388221740722656 -0.0698509216308593
-0.210098266601563 0.241607666015625 0.02294921875 0.00927925109863283
-0.07720947265625 0.265167236328125 0.0145988464355469 0.0556564331054688
0.0738067626953125 0.26556396484375 0.0981369018554688 0.103866577148438
0.171981811523438 0.198822021484375 0.169708251953125 0.097564697265625
0.169326782226563 0.177719116210938 0.18792724609375 0.0676422119140625
0.197128295898438 0.176834106445313 0.185791015625 0.0748138427734375
0.176834106445313 0.20751953125 0.162567138671875 0.0966339111328125
0.09136962890625 0.260452270507813 0.093170166015625 0.0527114868164063
0.00637817382812499 0.2911376953125 0.0728225708007813 0.00482940673828127
-0.185516357421875 0.253250122070313 0.116264343261719 -0.0564651489257812
-0.2933349609375 0.18621826171875 0.24249267578125 -0.083282470703125
-0.29827880859375 0.110870361328125 0.395111083984375 0.0491943359375
-0.434906005859375 0.0537414550781249 0.0742416381835937 -0.122238159179688
-0.4107666015625 0.0916748046874999 0.0773162841796875 -0.07696533203125
-0.3953857421875 0.18890380859375 0.0462532043457031 -0.0661964416503906
-0.241424560546875 0.30975341796875 0.0368232727050781 -0.0289878845214844
-0.079925537109375 0.330596923828125 0.00396728515625 -0.012033462524414
0.102569580078125 0.32977294921875 0.0483512878417969 0.0265235900878906
0.216903686523438 0.24371337890625 0.0870285034179688 0.03314208984375
0.214706420898438 0.2171630859375 0.0988693237304688 0.0183944702148438
0.253402709960938 0.22265625 0.0977020263671875 0.0268783569335938
0.222610473632813 0.265945434570313 0.09735107421875 0.0391311645507813
0.1075439453125 0.330963134765625 0.0505027770996094 0.0019035339355469
0.00201416015625004 0.36053466796875 0.0535545349121094 -0.025909423828125
-0.233123779296875 0.30859375 0.0951995849609375 -0.05462646484375
-0.3631591796875 0.236236572265625 0.186370849609375 -0.036651611328125
-0.380889892578125 0.146453857421875 0.287841796875 0.0728759765625
-0.458099365234375 0.0876159667968749 -0.0598983764648438 -0.09393310546875
-0.418609619140625 0.136566162109375 -0.00394439697265628 -0.0299758911132812
-0.3865966796875 0.22552490234375 0.0384941101074219 -0.0519027709960937
-0.226959228515625 0.332550048828125 0.0381126403808594 -0.0653457641601562
-0.063812255859375 0.343597412109375 -0.0146408081054688 -0.0796432495117187
0.119293212890625 0.341400146484375 -0.0133857727050781 -0.0560531616210937
0.228775024414063 0.249908447265625 -0.0111274719238281 -0.0361061096191406
0.227325439453125 0.224868774414063 -0.00480079650878905 -0.0342311859130859
0.268051147460938 0.23541259765625 -0.0044116973876953 -0.0238609313964844
0.22930908203125 0.2840576171875 0.0159931182861328 -0.0220680236816406
0.099853515625 0.35162353515625 -0.00176239013671874 -0.0489959716796875
-0.01123046875 0.372314453125 0.0274200439453125 -0.0529747009277344
-0.250457763671875 0.31024169921875 0.0667381286621094 -0.0410919189453125
-0.38037109375 0.24212646484375 0.112777709960937 0.0248489379882813
-0.40557861328125 0.1571044921875 0.149948120117187 0.101425170898438
-0.406280517578125 0.105712890625 -0.198699951171875 -0.060028076171875
-0.358367919921875 0.153472900390625 -0.0923919677734375 0.0180282592773438
-0.312530517578125 0.21832275390625 0.015146255493164 -0.0331153869628906
-0.173858642578125 0.29486083984375 0.0200881958007812 -0.0916061401367187
-0.037017822265625 0.29852294921875 -0.0429534912109375 -0.130783081054687
0.11944580078125 0.297760009765625 -0.08026123046875 -0.124114990234375
0.207916259765625 0.217178344726563 -0.109832763671875 -0.0973663330078125
0.206771850585938 0.197479248046875 -0.107833862304688 -0.0830764770507813
0.240524291992188 0.213729858398438 -0.103034973144531 -0.0756454467773437
0.195755004882812 0.2596435546875 -0.0615692138671875 -0.0833206176757812
0.069091796875 0.314117431640625 -0.0474014282226563 -0.0952224731445313
-0.02801513671875 0.32110595703125 0.00363922119140626 -0.0743255615234375
-0.232894897460938 0.25689697265625 0.0354080200195312 -0.0214729309082031
-0.341461181640625 0.207550048828125 0.03076171875 0.0824127197265625
-0.369232177734375 0.14483642578125 0.00468444824218748 0.123931884765625
-0.290008544921875 0.1015625 -0.319427490234375 -0.026947021484375
-0.242752075195313 0.127777099609375 -0.172988891601563 0.056976318359375
-0.20025634765625 0.158798217773438 -0.0169696807861328 -0.0111246109008789
-0.1082763671875 0.203277587890625 -0.0117874145507813 -0.102088928222656
-0.0165863037109375 0.20648193359375 -0.073760986328125 -0.155548095703125
0.095428466796875 0.211349487304688 -0.142166137695313 -0.165145874023438
0.156356811523438 0.153671264648437 -0.196182250976562 -0.13775634765625
0.155914306640625 0.139511108398438 -0.19427490234375 -0.1185302734375
0.177978515625 0.15679931640625 -0.181594848632813 -0.120025634765625
0.134780883789063 0.1907958984375 -0.121017456054688 -0.13726806640625
0.032867431640625 0.224456787109375 -0.0731048583984375 -0.1309814453125
-0.0318603515625 0.216552734375 -0.011138916015625 -0.0874176025390625
-0.16790771484375 0.169387817382813 0.00601196289062499 -0.00065612792968749
-0.243667602539063 0.151504516601563 -0.048614501953125 0.123382568359375
-0.27471923828125 0.118499755859375 -0.127494812011719 0.134170532226562
-0.129730224609375 0.0696792602539063 -0.403350830078125 -0.00177001953125006
-0.102920532226563 0.0602188110351563 -0.230880737304688 0.0832672119140625
-0.080596923828125 0.0583343505859375 -0.0466690063476563 0.0133399963378906
-0.0514373779296875 0.076385498046875 -0.0429153442382812 -0.0942230224609375
-0.0125198364257812 0.0886993408203125 -0.0960693359375 -0.155380249023438
0.0455551147460937 0.102119445800781 -0.186279296875 -0.177871704101563
0.0757369995117188 0.0717849731445313 -0.256011962890625 -0.152511596679688
0.0813446044921875 0.0607681274414063 -0.25103759765625 -0.134811401367187
0.092498779296875 0.0733261108398437 -0.226943969726562 -0.148880004882812
0.0650634765625 0.0891036987304688 -0.15118408203125 -0.174468994140625
0.01031494140625 0.0989532470703125 -0.0761260986328125 -0.147628784179687
-0.00862121582031251 0.0852279663085937 -0.0152435302734375 -0.0871200561523438
-0.0599136352539063 0.0779190063476562 -0.0192203521728516 0.0192108154296875
-0.102760314941406 0.0955123901367188 -0.114059448242188 0.14373779296875
-0.136680603027344 0.089019775390625 -0.22711181640625 0.1329345703125
-0.0347518920898438 -0.0614051818847656 0.247909545898438 -0.178146362304688
-0.0848541259765625 -0.060760498046875 0.141708374023438 -0.163543701171875
-0.098236083984375 0.0018157958984375 -0.00354003906250001 -0.0447196960449219
-0.0611610412597656 0.0402908325195312 -0.0030670166015625 0.0711517333984375
-0.0362625122070312 0.0489921569824219 0.04083251953125 0.141082763671875
-0.0112648010253906 0.0439872741699219 0.158859252929688 0.18133544921875
0.0146827697753906 0.0379257202148438 0.256515502929688 0.154861450195313
0.0103473663330078 0.0314559936523438 0.273086547851563 0.118423461914062
0.0103855133056641 0.0179195404052734 0.2684326171875 0.129196166992188
0.0231952667236328 0.0145034790039063 0.210159301757813 0.164871215820313
0.0337619781494141 0.0260181427001953 0.128997802734375 0.127349853515625
0.0203399658203125 0.0499801635742188 0.0804214477539063 0.0614700317382813
-0.0157127380371094 0.0545158386230469 0.1207275390625 -0.0206985473632812
-0.0299835205078125 0.0195198059082031 0.263671875 -0.109786987304688
-0.00163030624389648 -0.00221681594848633 0.4613037109375 0.0263671875
-0.200469970703125 -0.0206298828125 0.239593505859375 -0.16717529296875
-0.221694946289063 -0.0103912353515625 0.153549194335938 -0.14996337890625
-0.229080200195313 0.072601318359375 0.0188674926757812 -0.0639495849609375
-0.140426635742188 0.151626586914062 0.00721359252929686 0.0404891967773438
-0.0561981201171875 0.1678466796875 0.0257034301757812 0.105781555175781
0.0391998291015625 0.16339111328125 0.135971069335938 0.152862548828125
0.103355407714844 0.124382019042969 0.230697631835937 0.1331787109375
0.0975189208984375 0.109848022460938 0.249359130859375 0.094329833984375
0.111518859863281 0.102828979492188 0.247802734375 0.10205078125
0.104835510253906 0.115333557128906 0.2061767578125 0.132400512695313
0.06536865234375 0.148300170898437 0.124664306640625 0.0922698974609375
0.014129638671875 0.177413940429688 0.0845489501953125 0.0338973999023438
-0.106353759765625 0.162200927734375 0.126075744628906 -0.0440673828125
-0.171966552734375 0.11114501953125 0.266876220703125 -0.1114501953125
-0.160232543945313 0.0598602294921875 0.45648193359375 0.02459716796875
-0.339508056640625 0.020660400390625 0.177932739257812 -0.15289306640625
-0.336151123046875 0.0426330566406251 0.13165283203125 -0.123756408691406
-0.334716796875 0.139373779296875 0.0379257202148437 -0.0739364624023437
-0.20458984375 0.245773315429687 0.0244026184082031 0.00286293029785158
-0.072662353515625 0.266845703125 0.0158729553222656 0.0502662658691406
0.07952880859375 0.264389038085938 0.0987472534179688 0.0958404541015625
0.175384521484375 0.19390869140625 0.171737670898438 0.0870361328125
0.171737670898438 0.171890258789063 0.189315795898437 0.0562591552734375
0.200607299804687 0.169326782226563 0.189071655273438 0.0643157958984375
0.1806640625 0.198593139648438 0.1688232421875 0.08624267578125
0.099884033203125 0.2532958984375 0.0989761352539063 0.0472335815429688
0.015960693359375 0.2872314453125 0.0761871337890625 0.00337219238281252
-0.175582885742187 0.256546020507813 0.116836547851563 -0.05548095703125
-0.282806396484375 0.194732666015625 0.23931884765625 -0.0867919921875
-0.289398193359375 0.1171875 0.398101806640625 0.0384521484375
-0.428314208984375 0.0665893554687501 0.0755844116210937 -0.130332946777344
-0.4041748046875 0.101287841796875 0.0784378051757812 -0.0845108032226562
-0.387725830078125 0.202911376953125 0.0467071533203125 -0.0710983276367187
-0.231597900390625 0.315887451171875 0.03851318359375 -0.0360107421875
-0.070343017578125 0.330322265625 0.00414085388183593 -0.0169668197631836
0.11297607421875 0.325225830078125 0.0478019714355469 0.0198822021484375
0.2220458984375 0.235000610351563 0.0870437622070313 0.02545166015625
0.218963623046875 0.208541870117187 0.0993194580078125 0.00964355468750001
0.259170532226563 0.211257934570313 0.101097106933594 0.0200881958007813
0.231124877929688 0.253875732421875 0.1031494140625 0.0306015014648438
0.11981201171875 0.32476806640625 0.0547523498535156 -0.00291061401367186
0.01416015625 0.35833740234375 0.0564956665039062 -0.0277938842773437
-0.22137451171875 0.315887451171875 0.0971527099609375 -0.0539932250976562
-0.352508544921875 0.248046875 0.187057495117187 -0.0398406982421875
-0.372222900390625 0.156158447265625 0.29364013671875 0.06494140625
-0.45166015625 0.103363037109375 -0.0557632446289063 -0.099212646484375
-0.41107177734375 0.149200439453125 0.00106048583984372 -0.0354537963867187
-0.37628173828125 0.24249267578125 0.040191650390625 -0.0580635070800781
-0.212921142578125 0.34075927734375 0.0398788452148437 -0.0719757080078125
-0.051177978515625 0.342926025390625 -0.0152816772460938 -0.0826797485351562
0.13226318359375 0.33502197265625 -0.0154380798339844 -0.0590286254882812
0.2364501953125 0.2386474609375 -0.0114402770996094 -0.0409507751464844
0.233917236328125 0.214340209960937 -0.00527954101562498 -0.0390853881835937
0.275497436523438 0.221893310546875 -0.00287055969238279 -0.0278358459472656
0.239898681640625 0.270584106445313 0.020233154296875 -0.0279445648193359
0.1146240234375 0.345672607421875 -9.53674316406143E-05 -0.0524635314941406
0.00408935546874998 0.372039794921875 0.0293807983398438 -0.0551528930664062
-0.239105224609375 0.319854736328125 0.0695381164550781 -0.0406227111816406
-0.3707275390625 0.257537841796875 0.11651611328125 0.022308349609375
-0.398101806640625 0.16876220703125 0.157684326171875 0.09686279296875
-0.4019775390625 0.122711181640625 -0.193756103515625 -0.060791015625
-0.351531982421875 0.16766357421875 -0.08477783203125 0.0149459838867188
-0.303009033203125 0.23651123046875 0.0177803039550781 -0.0385284423828125
-0.160064697265625 0.30340576171875 0.0211029052734375 -0.0978240966796875
-0.02435302734375 0.298126220703125 -0.0450057983398438 -0.131591796875
0.132598876953125 0.290740966796875 -0.0834503173828125 -0.123481750488281
0.216598510742188 0.205184936523438 -0.111076354980469 -0.0974349975585937
0.213150024414063 0.186233520507813 -0.108779907226562 -0.083038330078125
0.24847412109375 0.19989013671875 -0.102249145507812 -0.0746841430664062
0.207489013671875 0.246978759765625 -0.059814453125 -0.0850677490234375
0.08477783203125 0.309417724609375 -0.0477447509765625 -0.0962448120117188
-0.013397216796875 0.32122802734375 0.00371551513671875 -0.0755462646484375
-0.221420288085938 0.26788330078125 0.0388145446777344 -0.0204353332519531
-0.332366943359375 0.223724365234375 0.0362701416015625 0.0818557739257813
-0.362640380859375 0.1571044921875 0.0127792358398437 0.122810363769531
-0.2890625 0.114501953125 -0.3145751953125 -0.02459716796875
-0.239852905273438 0.139923095703125 -0.164398193359375 0.0570220947265625
-0.193679809570313 0.174545288085938 -0.0133438110351563 -0.0161209106445312
-0.097991943359375 0.210479736328125 -0.01220703125 -0.10565185546875
-0.00544738769531251 0.2061767578125 -0.077545166015625 -0.154159545898438
0.107131958007812 0.205413818359375 -0.146148681640625 -0.161087036132813
0.16375732421875 0.14349365234375 -0.198638916015625 -0.133209228515625
0.16180419921875 0.129898071289063 -0.196029663085938 -0.114639282226562
0.184814453125 0.144241333007813 -0.181854248046875 -0.11505126953125
0.145538330078125 0.180435180664063 -0.120468139648437 -0.135421752929688
0.0455474853515625 0.220443725585938 -0.0751495361328125 -0.129722595214844
-0.02020263671875 0.216796875 -0.0123291015625 -0.0869522094726562
-0.1585693359375 0.178939819335938 0.00892162322998046 0.000924110412597667
-0.237152099609375 0.165618896484375 -0.0411911010742188 0.125343322753906
-0.270462036132813 0.131149291992188 -0.119560241699219 0.137603759765625
-0.132186889648438 0.0782012939453125 -0.399017333984375 0.00424194335937503
-0.104019165039062 0.0687789916992188 -0.223037719726563 0.085235595703125
-0.079071044921875 0.0703353881835938 -0.0436172485351563 0.00883102416992187
-0.0450057983398438 0.0836868286132812 -0.0454483032226562 -0.0966339111328125
-0.00469970703124999 0.0900955200195313 -0.101409912109375 -0.15179443359375
0.0545120239257812 0.09869384765625 -0.1917724609375 -0.17034912109375
0.0818710327148438 0.06494140625 -0.25982666015625 -0.144058227539062
0.0856781005859375 0.0533828735351563 -0.253189086914063 -0.126632690429688
0.0979537963867188 0.0646133422851562 -0.2281494140625 -0.140914916992187
0.0722579956054688 0.080780029296875 -0.152786254882813 -0.168899536132812
0.0189132690429688 0.0962448120117188 -0.0796051025390625 -0.144363403320313
1.52587890625063E-05 0.085906982421875 -0.016815185546875 -0.0853729248046875
-0.0532455444335938 0.0848388671875 -0.0156326293945313 0.0221958160400391
-0.0970458984375 0.106773376464844 -0.106048583984375 0.148590087890625
-0.13427734375 0.0986099243164063 -0.21978759765625 0.141036987304688
-0.0325241088867187 -0.0703353881835938 0.249252319335938 -0.189544677734375
-0.0919189453125 -0.067169189453125 0.13763427734375 -0.172149658203125
-0.107635498046875 -6.86645507812555E-05 -0.00591278076171876 -0.0456657409667969
-0.0692939758300781 0.0421524047851563 -0.00348663330078125 0.0704727172851563
-0.0417861938476563 0.0552291870117187 0.0421676635742188 0.140251159667969
-0.0141143798828125 0.0511970520019531 0.163482666015625 0.178131103515625
0.0134315490722656 0.0443687438964844 0.26287841796875 0.149642944335938
0.00806427001953125 0.0355262756347656 0.279281616210938 0.111602783203125
0.00709724426269531 0.0222816467285156 0.2762451171875 0.12176513671875
0.0185565948486328 0.0151138305664063 0.2205810546875 0.159866333007813
0.0298805236816406 0.0223751068115234 0.13909912109375 0.125480651855469
0.0193977355957031 0.0460090637207031 0.0861663818359375 0.0633926391601563
-0.0130119323730469 0.0490951538085937 0.121627807617188 -0.0202178955078125
-0.0264053344726562 0.0139579772949219 0.262435913085938 -0.113845825195313
0.00385236740112305 -0.00804758071899414 0.469329833984375 0.01995849609375
-0.199508666992188 -0.024078369140625 0.2420654296875 -0.180709838867188
-0.227676391601563 -0.0127716064453125 0.152572631835937 -0.160018920898438
-0.237258911132813 0.0761871337890625 0.0168724060058594 -0.0675010681152344
-0.146408081054688 0.157562255859375 0.00797271728515624 0.0365943908691406
-0.0584869384765625 0.1759033203125 0.0273513793945313 0.10284423828125
0.0409393310546875 0.171218872070313 0.139373779296875 0.148117065429688
0.106063842773438 0.12799072265625 0.236541748046875 0.126678466796875
0.0997772216796875 0.1123046875 0.255462646484375 0.085601806640625
0.113540649414062 0.103797912597656 0.255279541015625 0.09368896484375
0.1055908203125 0.114280700683594 0.216873168945312 0.125213623046875
0.067718505859375 0.146865844726563 0.134323120117188 0.0878372192382813
0.0174560546875 0.177474975585938 0.0912094116210938 0.034088134765625
-0.101791381835937 0.1634521484375 0.128959655761719 -0.0432586669921875
-0.168365478515625 0.113479614257812 0.26806640625 -0.115341186523437
-0.156402587890625 0.0600738525390625 0.467010498046875 0.016571044921875
-0.34033203125 0.0247802734374999 0.181900024414062 -0.166580200195313
-0.3404541015625 0.0444641113281251 0.132949829101562 -0.135360717773438
-0.339508056640625 0.14874267578125 0.0373153686523437 -0.0793685913085937
-0.207244873046875 0.2557373046875 0.0256919860839844 -0.00330352783203123
-0.071319580078125 0.275863647460938 0.0163154602050781 0.0457954406738281
0.0860595703125 0.270462036132813 0.100440979003906 0.0898513793945313
0.181198120117188 0.195220947265625 0.175628662109375 0.0790863037109375
0.176803588867188 0.172088623046875 0.1937255859375 0.048095703125
0.206283569335938 0.167755126953125 0.19586181640625 0.0562744140625
0.187332153320313 0.195480346679688 0.178543090820313 0.077117919921875
0.107803344726563 0.253692626953125 0.106864929199219 0.0421218872070313
0.022918701171875 0.290069580078125 0.0819778442382813 0.00152587890625002
-0.170578002929687 0.263168334960938 0.122016906738281 -0.0556869506835937
-0.280349731445313 0.20465087890625 0.243484497070312 -0.09124755859375
-0.287689208984375 0.123443603515625 0.41064453125 0.031463623046875
-0.43115234375 0.0758666992187499 0.07904052734375 -0.143280029296875
-0.40655517578125 0.109832763671875 0.0808334350585937 -0.0951919555664063
-0.390472412109375 0.21746826171875 0.04779052734375 -0.0777740478515625
-0.228759765625 0.32830810546875 0.0404319763183594 -0.0451126098632812
-0.065521240234375 0.33837890625 0.00386810302734375 -0.0227184295654297
0.1231689453125 0.329254150390625 0.0478248596191406 0.0137748718261719
0.232147216796875 0.233078002929687 0.0886459350585938 0.0174942016601563
0.227630615234375 0.206436157226562 0.101829528808594 0.00167846679687501
0.269073486328125 0.20654296875 0.10565185546875 0.01251220703125
0.242462158203125 0.248428344726563 0.110404968261719 0.0218505859375
0.132049560546875 0.32586669921875 0.0596275329589844 -0.00894165039062498
0.02508544921875 0.3634033203125 0.0607719421386719 -0.0302009582519531
-0.216278076171875 0.327789306640625 0.103515625 -0.0547332763671875
-0.34967041015625 0.263946533203125 0.192474365234375 -0.0426483154296875
-0.372772216796875 0.16632080078125 0.3062744140625 0.058746337890625
-0.455780029296875 0.11767578125 -0.053955078125 -0.108352661132813
-0.412689208984375 0.161895751953125 0.00540924072265623 -0.0431365966796875
-0.374542236328125 0.261505126953125 0.0421524047851562 -0.0654220581054687
-0.206390380859375 0.355255126953125 0.0417327880859375 -0.0818023681640625
-0.042877197265625 0.3502197265625 -0.0174942016601563 -0.0884017944335937
0.145233154296875 0.337066650390625 -0.0179443359375 -0.0641899108886719
0.247406005859375 0.234786987304687 -0.0130424499511719 -0.0461158752441406
0.24383544921875 0.210128784179688 -0.00518798828124998 -0.0448265075683594
0.28741455078125 0.215118408203125 -0.000759124755859359 -0.0328731536865234
0.254440307617188 0.264328002929688 0.0247535705566406 -0.0364570617675781
0.129638671875 0.347869873046875 0.00200271606445313 -0.0581321716308593
0.01641845703125 0.379638671875 0.0318260192871094 -0.0587654113769531
-0.233917236328125 0.33526611328125 0.07598876953125 -0.040740966796875
-0.369781494140625 0.276031494140625 0.123672485351562 0.0207366943359375
-0.400115966796875 0.182586669921875 0.169189453125 0.093780517578125
-0.407928466796875 0.1387939453125 -0.1932373046875 -0.06707763671875
-0.35296630859375 0.18310546875 -0.0805740356445313 0.0104293823242188
-0.300048828125 0.2568359375 0.0212554931640625 -0.0462455749511719
-0.150115966796875 0.318359375 0.021636962890625 -0.107528686523437
-0.014007568359375 0.30352783203125 -0.0483856201171875 -0.136634826660156
0.146942138671875 0.290863037109375 -0.0880966186523438 -0.12701416015625
0.227676391601563 0.199600219726563 -0.11614990234375 -0.100738525390625
0.22381591796875 0.1807861328125 -0.111900329589844 -0.0860443115234375
0.260330200195313 0.191360473632813 -0.103904724121094 -0.077362060546875
0.22161865234375 0.239395141601563 -0.0593643188476563 -0.0916366577148437
0.099517822265625 0.311279296875 -0.0492324829101562 -0.101211547851562
-0.00106811523437501 0.328033447265625 0.004150390625 -0.0791854858398437
-0.21661376953125 0.283935546875 0.04425048828125 -0.0207290649414062
-0.330718994140625 0.243438720703125 0.0440750122070312 0.0830307006835938
-0.365081787109375 0.171630859375 0.0217208862304687 0.123886108398438
-0.294708251953125 0.13018798828125 -0.31756591796875 -0.0246887207031249
-0.241775512695313 0.154525756835938 -0.159912109375 0.0555572509765625
-0.190170288085938 0.192535400390625 -0.0110664367675781 -0.0226173400878906
-0.0879364013671875 0.222824096679688 -0.0133514404296875 -0.114418029785156
0.004974365234375 0.210983276367188 -0.0829010009765625 -0.15771484375
0.120391845703125 0.2041015625 -0.152999877929688 -0.161911010742187
0.174026489257813 0.137069702148438 -0.205291748046875 -0.133026123046875
0.170745849609375 0.1226806640625 -0.2017822265625 -0.114227294921875
0.195037841796875 0.135635375976563 -0.185317993164062 -0.114974975585938
0.157760620117188 0.17291259765625 -0.123023986816406 -0.138771057128906
0.0590972900390625 0.221054077148438 -0.07843017578125 -0.132110595703125
-0.00851440429687502 0.221099853515625 -0.0133438110351563 -0.0894699096679687
-0.1529541015625 0.191726684570313 0.0145893096923828 0.00213527679443361
-0.234115600585938 0.183837890625 -0.0347061157226563 0.129463195800781
-0.272552490234375 0.144577026367187 -0.114944458007813 0.14276123046875
-0.138633728027344 0.0897445678710938 -0.406158447265625 0.00753784179687502
-0.107223510742188 0.0802459716796875 -0.22149658203125 0.08624267578125
-0.0770111083984375 0.0826568603515625 -0.0429458618164063 0.00343704223632812
-0.0387344360351563 0.0922622680664063 -0.0490036010742188 -0.10223388671875
0.0027618408203125 0.0931015014648438 -0.10760498046875 -0.152816772460937
0.0640335083007813 0.0973281860351563 -0.199371337890625 -0.168411254882813
0.0886306762695313 0.0588531494140625 -0.266860961914063 -0.140670776367188
0.0917510986328125 0.0473480224609375 -0.259567260742187 -0.123916625976563
0.103706359863281 0.0557098388671875 -0.233779907226562 -0.138290405273438
0.0799713134765625 0.07391357421875 -0.1568603515625 -0.168991088867187
0.0287399291992187 0.0945587158203125 -0.0830230712890625 -0.145111083984375
0.00942993164062499 0.0861053466796875 -0.0180206298828125 -0.0867156982421875
-0.0459442138671875 0.0935134887695313 -0.0113048553466797 0.0244846343994141
-0.0927276611328125 0.120628356933594 -0.10009765625 0.155288696289063
-0.13543701171875 0.110023498535156 -0.2188720703125 0.151214599609375
-0.0332717895507813 -0.0818557739257813 0.2506103515625 -0.210052490234375
-0.103866577148438 -0.0745162963867187 0.1334228515625 -0.186050415039063
-0.120468139648437 0.000297546386718754 -0.00955963134765626 -0.0482025146484375
-0.0793533325195312 0.0481414794921875 -0.0023956298828125 0.0718841552734375
-0.04644775390625 0.0643768310546875 0.046783447265625 0.141265869140625
-0.0155563354492188 0.0617141723632813 0.172805786132813 0.175888061523438
0.0138931274414062 0.0523643493652344 0.276718139648438 0.143264770507813
0.00740814208984375 0.0424346923828125 0.29248046875 0.101959228515625
0.00505256652832032 0.0284080505371094 0.29022216796875 0.11212158203125
0.0130596160888672 0.0178585052490234 0.236846923828125 0.15289306640625
0.0254955291748047 0.0197124481201172 0.153244018554688 0.121963500976563
0.0180320739746094 0.0413780212402344 0.095703125 0.0648727416992187
-0.0103759765625 0.0425872802734375 0.124320983886719 -0.0203628540039062
-0.0228271484375 0.00646018981933594 0.262237548828125 -0.123886108398438
0.00880050659179688 -0.0153818130493164 0.486663818359375 0.007476806640625
-0.204071044921875 -0.02532958984375 0.244903564453125 -0.203567504882813
-0.239669799804688 -0.012847900390625 0.14935302734375 -0.176010131835938
-0.249588012695313 0.0861053466796875 0.0144500732421875 -0.0731048583984375
-0.152801513671875 0.171005249023438 0.0083179473876953 0.033416748046875
-0.0584259033203125 0.188308715820313 0.0297317504882812 0.101287841796875
0.0471649169921875 0.182388305664063 0.146377563476563 0.1434326171875
0.113288879394531 0.134315490722656 0.248031616210938 0.116836547851563
0.104820251464844 0.115852355957031 0.266921997070313 0.0742340087890625
0.118484497070312 0.106834411621094 0.268157958984375 0.080963134765625
0.109901428222656 0.114845275878906 0.23236083984375 0.115814208984375
0.0723724365234375 0.146591186523438 0.146621704101563 0.0828399658203125
0.02398681640625 0.178604125976562 0.10076904296875 0.0318450927734375
-0.0971221923828125 0.167388916015625 0.134437561035156 -0.0447235107421875
-0.165740966796875 0.11883544921875 0.27166748046875 -0.125885009765625
-0.15411376953125 0.0621337890625 0.489105224609375 0.001739501953125
-0.347015380859375 0.033355712890625 0.1842041015625 -0.189041137695312
-0.351654052734375 0.05377197265625 0.131622314453125 -0.152023315429688
-0.35064697265625 0.1654052734375 0.0355987548828125 -0.0879974365234375
-0.208282470703125 0.274826049804688 0.0259590148925781 -0.0120201110839844
-0.066680908203125 0.291107177734375 0.01617431640625 0.0405158996582031
0.0996856689453125 0.280914306640625 0.103836059570313 0.0831069946289063
0.194778442382813 0.197586059570313 0.182785034179688 0.0700531005859375
0.18829345703125 0.173233032226563 0.201461791992188 0.035736083984375
0.219146728515625 0.166275024414062 0.206787109375 0.0436553955078125
0.200149536132813 0.192306518554687 0.192291259765625 0.0655670166015625
0.120269775390625 0.25555419921875 0.117294311523438 0.0338058471679688
0.035186767578125 0.2974853515625 0.0908660888671875 -0.00219726562499998
-0.164230346679688 0.276992797851563 0.130035400390625 -0.0584259033203125
-0.277435302734375 0.22088623046875 0.250213623046875 -0.101318359375
-0.28912353515625 0.134307861328125 0.432220458984375 0.015869140625
-0.439239501953125 0.0941467285156251 0.0811767578125 -0.162063598632813
-0.415374755859375 0.125091552734375 0.0817413330078125 -0.110580444335938
-0.395355224609375 0.241851806640625 0.0470962524414062 -0.0887222290039062
-0.223876953125 0.35101318359375 0.0406723022460937 -0.0569801330566406
-0.055328369140625 0.354827880859375 0.00161933898925781 -0.03070068359375
0.14190673828125 0.33734130859375 0.0472450256347656 0.00606536865234377
0.248550415039063 0.231826782226563 0.0915908813476563 0.00869750976562501
0.242889404296875 0.204208374023437 0.105026245117188 -0.00829315185546874
0.286773681640625 0.20135498046875 0.111740112304688 0.00153350830078126
0.26153564453125 0.243728637695313 0.119110107421875 0.00900268554687502
0.15240478515625 0.32940673828125 0.0648422241210938 -0.0179977416992187
0.042755126953125 0.374603271484375 0.0670738220214844 -0.0360107421875
-0.209136962890625 0.348724365234375 0.112274169921875 -0.0584335327148437
-0.34814453125 0.2880859375 0.2022705078125 -0.0507049560546875
-0.376922607421875 0.18487548828125 0.326629638671875 0.047119140625
-0.465179443359375 0.14349365234375 -0.0550384521484375 -0.120994567871094
-0.41912841796875 0.1854248046875 0.00759506225585935 -0.0541191101074219
-0.373260498046875 0.291595458984375 0.0439300537109375 -0.0763473510742187
-0.19476318359375 0.378387451171875 0.0408401489257812 -0.0966339111328125
-0.027801513671875 0.364532470703125 -0.0212860107421875 -0.0982131958007812
0.167572021484375 0.34112548828125 -0.0224151611328125 -0.0716476440429687
0.266220092773438 0.229095458984375 -0.0156936645507812 -0.0538482666015625
0.261245727539063 0.205184936523438 -0.00737762451171874 -0.0523910522460937
0.306915283203125 0.206207275390625 0.000183105468750017 -0.0403404235839844
0.277114868164063 0.2572021484375 0.0274467468261719 -0.0468673706054687
0.152862548828125 0.351409912109375 0.00175857543945313 -0.0668983459472656
0.036529541015625 0.39178466796875 0.0339775085449219 -0.0648574829101562
-0.225067138671875 0.3602294921875 0.08502197265625 -0.0450668334960937
-0.366912841796875 0.30633544921875 0.13409423828125 0.0157394409179688
-0.40570068359375 0.204559326171875 0.186904907226562 0.0872955322265625
-0.416595458984375 0.16558837890625 -0.19879150390625 -0.0725555419921875
-0.35687255859375 0.207977294921875 -0.0777130126953125 0.0050506591796875
-0.294097900390625 0.2867431640625 0.0223922729492187 -0.0559654235839844
-0.13568115234375 0.33984375 0.0199432373046875 -0.121170043945312
0.00308227539062497 0.313995361328125 -0.055511474609375 -0.144866943359375
0.170074462890625 0.291168212890625 -0.0966796875 -0.131706237792969
0.245895385742188 0.192108154296875 -0.123497009277344 -0.104171752929688
0.240890502929688 0.173309326171875 -0.119483947753906 -0.0897979736328125
0.278762817382812 0.180740356445313 -0.108268737792969 -0.08111572265625
0.243133544921875 0.23077392578125 -0.0623703002929687 -0.09918212890625
0.122650146484375 0.315032958984375 -0.0530776977539063 -0.108673095703125
0.018310546875 0.339141845703125 0.00324249267578126 -0.0846023559570313
-0.20806884765625 0.30792236328125 0.0518684387207031 -0.0227775573730469
-0.3277587890625 0.273223876953125 0.0544815063476562 0.0826416015625
-0.37078857421875 0.196014404296875 0.0341720581054687 0.125259399414063
-0.302764892578125 0.154510498046875 -0.3267822265625 -0.021942138671875
-0.243911743164063 0.176742553710937 -0.159027099609375 0.0559539794921875
-0.184494018554688 0.2176513671875 -0.00967025756835939 -0.0307350158691406
-0.0739898681640625 0.240005493164063 -0.0180587768554688 -0.126091003417969
0.020172119140625 0.21807861328125 -0.0924530029296875 -0.162734985351563
0.139617919921875 0.201919555664063 -0.164947509765625 -0.162582397460937
0.18902587890625 0.127777099609375 -0.218002319335938 -0.131622314453125
0.18402099609375 0.114120483398438 -0.212005615234375 -0.113525390625
0.209121704101563 0.124298095703125 -0.195297241210937 -0.115188598632813
0.174285888671875 0.163345336914063 -0.130599975585938 -0.143508911132812
0.0778961181640625 0.2220458984375 -0.0859375 -0.137504577636719
0.00761413574218748 0.228225708007813 -0.0158920288085937 -0.0938186645507812
-0.143218994140625 0.210983276367188 0.0207443237304687 0.00212860107421876
-0.229141235351563 0.209274291992187 -0.02496337890625 0.135017395019531
-0.275772094726563 0.167037963867188 -0.107513427734375 0.151214599609375
-0.145034790039063 0.107177734375 -0.419342041015625 0.017120361328125
-0.110069274902344 0.095306396484375 -0.223236083984375 0.0919952392578125
-0.0730972290039063 0.0990447998046875 -0.0446815490722656 -0.00244522094726562
-0.028839111328125 0.103507995605469 -0.0563888549804688 -0.109375
0.0128936767578125 0.09649658203125 -0.119735717773437 -0.155807495117188
0.07708740234375 0.0943527221679688 -0.214324951171875 -0.165435791015625
0.0984725952148438 0.0502471923828125 -0.282623291015625 -0.133941650390625
0.0993728637695313 0.037811279296875 -0.272933959960938 -0.11810302734375
0.111671447753906 0.0455169677734375 -0.245864868164063 -0.135177612304687
0.09033203125 0.0643234252929688 -0.167526245117188 -0.170516967773438
0.04058837890625 0.0916671752929688 -0.0902099609375 -0.147903442382813
0.0208358764648437 0.0865631103515625 -0.020294189453125 -0.0882949829101562
-0.0353469848632812 0.10394287109375 -0.00542449951171875 0.0280590057373047
-0.0848770141601563 0.138053894042969 -0.0925140380859375 0.166061401367188
-0.135360717773438 0.12750244140625 -0.21697998046875 0.166641235351562
-0.0385284423828125 -0.095184326171875 0.242095947265625 -0.23822021484375
-0.120246887207031 -0.078338623046875 0.12103271484375 -0.20367431640625
-0.135704040527344 0.0071868896484375 -0.0148658752441406 -0.0497856140136719
-0.0885391235351563 0.059356689453125 -0.000953674316406262 0.072906494140625
-0.0493240356445313 0.0771408081054688 0.053497314453125 0.141067504882813
-0.012939453125 0.0740737915039062 0.185623168945313 0.168731689453125
0.0178108215332031 0.0617942810058594 0.292938232421875 0.128082275390625
0.00869369506835937 0.050567626953125 0.304931640625 0.083526611328125
0.00432586669921875 0.0367088317871094 0.306427001953125 0.093048095703125
0.00891304016113281 0.0226421356201172 0.256149291992188 0.138534545898438
0.0190792083740234 0.0182113647460938 0.1710205078125 0.112869262695313
0.0150184631347656 0.0369682312011719 0.1080322265625 0.0611648559570313
-0.00861740112304688 0.0346755981445313 0.128189086914063 -0.0240936279296875
-0.0211124420166016 -0.00303840637207031 0.258392333984375 -0.137161254882813
0.0135421752929688 -0.0265712738037109 0.5045166015625 -0.016876220703125
-0.2093505859375 -0.0242919921875 0.238525390625 -0.234725952148438
-0.255050659179688 -0.00625610351562497 0.139205932617187 -0.197296142578125
-0.260589599609375 0.103973388671875 0.00844573974609374 -0.0794830322265625
-0.15411376953125 0.189559936523438 0.00838661193847655 0.0291023254394531
-0.0529327392578125 0.205307006835938 0.0327377319335937 0.0979843139648438
0.060150146484375 0.19195556640625 0.155380249023438 0.135330200195313
0.125236511230469 0.137901306152344 0.260787963867188 0.101104736328125
0.114288330078125 0.118461608886719 0.277923583984375 0.0541229248046875
0.127273559570313 0.107643127441406 0.281341552734375 0.061187744140625
0.115615844726562 0.112518310546875 0.249801635742188 0.09698486328125
0.0780181884765625 0.144012451171875 0.162445068359375 0.0696258544921875
0.032562255859375 0.177871704101563 0.112266540527344 0.0264739990234375
-0.08856201171875 0.1712646484375 0.140701293945313 -0.0511474609375
-0.158889770507812 0.125335693359375 0.271743774414063 -0.142669677734375
-0.1494140625 0.0658111572265625 0.50933837890625 -0.027069091796875
-0.352020263671875 0.04864501953125 0.178451538085937 -0.218093872070313
-0.3621826171875 0.0700378417968751 0.123748779296875 -0.172607421875
-0.354278564453125 0.19293212890625 0.0297622680664062 -0.0980300903320312
-0.2020263671875 0.299346923828125 0.0232791900634765 -0.0214595794677734
-0.052825927734375 0.3089599609375 0.0153446197509766 0.0346775054931641
0.12139892578125 0.287200927734375 0.107063293457031 0.0736465454101563
0.212860107421875 0.195053100585938 0.190567016601562 0.0540618896484375
0.204513549804688 0.168975830078125 0.208236694335938 0.0166778564453125
0.2357177734375 0.159255981445313 0.215286254882813 0.0238800048828125
0.215423583984375 0.18426513671875 0.205047607421875 0.045654296875
0.138290405273437 0.253189086914063 0.127212524414063 0.019683837890625
0.055419921875 0.30047607421875 0.100448608398438 -0.0109786987304687
-0.149169921875 0.29205322265625 0.1376953125 -0.06658935546875
-0.267288208007812 0.2410888671875 0.25531005859375 -0.118499755859375
-0.284576416015625 0.15106201171875 0.454315185546875 -0.012908935546875
-0.443084716796875 0.1220703125 0.07403564453125 -0.18536376953125
-0.41949462890625 0.1510009765625 0.0769271850585937 -0.128898620605469
-0.39080810546875 0.27545166015625 0.0425491333007812 -0.101409912109375
-0.208831787109375 0.377899169921875 0.0371170043945312 -0.0711669921875
-0.0355224609375 0.371002197265625 -0.00358200073242187 -0.0390129089355469
0.170806884765625 0.339141845703125 0.0440406799316406 -0.00284576416015623
0.2711181640625 0.22344970703125 0.0923233032226563 -0.00435638427734374
0.263687133789063 0.193817138671875 0.106407165527344 -0.0234146118164062
0.308319091796875 0.18719482421875 0.115447998046875 -0.013580322265625
0.284637451171875 0.22918701171875 0.125885009765625 -0.00839233398437499
0.17919921875 0.326416015625 0.0691566467285156 -0.0311660766601562
0.070953369140625 0.382171630859375 0.073028564453125 -0.0454559326171875
-0.189727783203125 0.37274169921875 0.121246337890625 -0.067718505859375
-0.335479736328125 0.319366455078125 0.21136474609375 -0.0664520263671875
-0.37384033203125 0.2115478515625 0.348052978515625 0.02294921875
-0.465911865234375 0.178680419921875 -0.0610885620117188 -0.135513305664063
-0.417205810546875 0.21807861328125 0.0067176818847656 -0.0673599243164062
-0.36151123046875 0.32708740234375 0.0410003662109375 -0.0896682739257812
-0.171661376953125 0.403656005859375 0.03564453125 -0.112869262695312
-0.00268554687499999 0.376129150390625 -0.0304718017578125 -0.106636047363281
0.19927978515625 0.337921142578125 -0.0309829711914062 -0.0781173706054687
0.289306640625 0.216400146484375 -0.0215568542480469 -0.0611724853515625
0.28363037109375 0.191162109375 -0.0119590759277344 -0.0611076354980469
0.330352783203125 0.18817138671875 -0.00214767456054685 -0.0498542785644531
0.303375244140625 0.2392578125 0.0269088745117188 -0.0605735778808594
0.185699462890625 0.34869384765625 -0.00133514404296874 -0.076934814453125
0.067657470703125 0.40087890625 0.035491943359375 -0.0735931396484375
-0.20416259765625 0.38916015625 0.0928115844726562 -0.0537872314453125
-0.353424072265625 0.343048095703125 0.145782470703125 0.00486755371093752
-0.403076171875 0.2384033203125 0.205917358398437 0.0724945068359375
-0.41619873046875 0.204803466796875 -0.2064208984375 -0.074310302734375
-0.350860595703125 0.243499755859375 -0.0757064819335938 -0.000602722167968752
-0.27606201171875 0.32171630859375 0.020965576171875 -0.06842041015625
-0.108367919921875 0.360687255859375 0.01116943359375 -0.137123107910156
0.029327392578125 0.322357177734375 -0.068389892578125 -0.151397705078125
0.199554443359375 0.283599853515625 -0.110671997070312 -0.1343994140625
0.267257690429688 0.175704956054688 -0.135887145996094 -0.105003356933594
0.260025024414063 0.1571044921875 -0.128791809082031 -0.0912704467773437
0.300140380859375 0.16046142578125 -0.116539001464844 -0.0834274291992188
0.26800537109375 0.211563110351563 -0.069671630859375 -0.107070922851563
0.153289794921875 0.31121826171875 -0.0618743896484375 -0.114349365234375
0.048126220703125 0.346954345703125 0.000663757324218743 -0.091064453125
-0.187225341796875 0.334503173828125 0.0604133605957031 -0.0297126770019531
-0.31329345703125 0.309600830078125 0.067413330078125 0.0787200927734375
-0.3685302734375 0.230682373046875 0.0503463745117187 0.121406555175781
-0.302215576171875 0.189208984375 -0.3360595703125 -0.0115966796875
-0.238128662109375 0.207962036132813 -0.1558837890625 0.05853271484375
-0.166549682617187 0.245925903320313 -0.0116958618164063 -0.0400543212890625
-0.0492401123046875 0.255950927734375 -0.0290756225585938 -0.136863708496094
0.042877197265625 0.221328735351563 -0.107498168945312 -0.164947509765625
0.1641845703125 0.19287109375 -0.181488037109375 -0.158889770507813
0.2052001953125 0.110946655273438 -0.233734130859375 -0.1248779296875
0.198989868164062 0.09710693359375 -0.226287841796875 -0.106430053710937
0.224472045898438 0.104949951171875 -0.208114624023437 -0.110733032226563
0.19268798828125 0.146209716796875 -0.143310546875 -0.145294189453125
0.1016845703125 0.216415405273438 -0.0969619750976563 -0.139747619628906
0.0312957763671875 0.23114013671875 -0.0197830200195312 -0.097991943359375
-0.12493896484375 0.23004150390625 0.0281715393066406 -0.000610351562499986
-0.213516235351562 0.238998413085937 -0.0106430053710938 0.138259887695313
-0.271835327148438 0.197250366210937 -0.094818115234375 0.1602783203125
-0.144943237304687 0.131576538085938 -0.432159423828125 0.0373535156250001
-0.107551574707031 0.116470336914063 -0.221237182617188 0.101287841796875
-0.0635833740234375 0.117149353027344 -0.0475425720214844 -0.00777053833007812
-0.0138702392578125 0.112884521484375 -0.06903076171875 -0.114692687988281
0.0277938842773437 0.0980377197265625 -0.135482788085938 -0.152679443359375
0.0928497314453125 0.0869979858398438 -0.23193359375 -0.154937744140625
0.107505798339844 0.0365371704101563 -0.29974365234375 -0.119354248046875
0.10693359375 0.0239410400390625 -0.288665771484375 -0.1055908203125
0.118698120117188 0.0295028686523438 -0.2606201171875 -0.12542724609375
0.0986099243164063 0.0495452880859375 -0.18182373046875 -0.167373657226563
0.0547714233398438 0.0844268798828125 -0.102386474609375 -0.14776611328125
0.036224365234375 0.0832595825195313 -0.0239486694335937 -0.0901641845703125
-0.01885986328125 0.113121032714844 0.00202560424804687 0.0286579132080078
-0.0685882568359375 0.157562255859375 -0.0774078369140625 0.176712036132813
-0.128433227539063 0.150299072265625 -0.208450317382813 0.186737060546875
-0.0491104125976563 -0.107704162597656 0.220260620117187 -0.262237548828125
-0.1392822265625 -0.0765533447265625 0.100830078125 -0.21417236328125
-0.148788452148438 0.019073486328125 -0.0214996337890625 -0.0490303039550781
-0.0951766967773438 0.073455810546875 0.000419616699218738 0.0723800659179688
-0.047576904296875 0.092193603515625 0.0609664916992188 0.138320922851562
-0.005950927734375 0.08697509765625 0.1954345703125 0.15533447265625
0.0257034301757812 0.0709152221679688 0.303070068359375 0.106048583984375
0.0139045715332031 0.0586624145507813 0.31109619140625 0.0599365234375
0.00628280639648438 0.0459709167480469 0.3126220703125 0.0673828125
0.00528526306152344 0.028961181640625 0.269256591796875 0.114501953125
0.0108356475830078 0.0184402465820313 0.18408203125 0.0963134765625
0.0100936889648438 0.0330333709716797 0.118217468261719 0.0538406372070312
-0.00976181030273438 0.0243892669677734 0.13031005859375 -0.0271835327148438
-0.0233688354492188 -0.0141391754150391 0.248458862304688 -0.148757934570313
0.0146980285644531 -0.0401802062988281 0.509765625 -0.0499267578125
-0.213394165039063 -0.022125244140625 0.217025756835937 -0.26123046875
-0.2659912109375 0.00531005859374996 0.11920166015625 -0.212554931640625
-0.264877319335938 0.124343872070313 -0.000770568847656271 -0.083038330078125
-0.147994995117188 0.210556030273438 0.00546836853027343 0.0247383117675781
-0.04095458984375 0.220321655273437 0.0342636108398438 0.0932846069335938
0.0772857666015625 0.19873046875 0.161056518554688 0.121109008789063
0.139007568359375 0.138015747070313 0.267196655273437 0.07659912109375
0.12384033203125 0.117530822753906 0.28009033203125 0.0292205810546875
0.135002136230469 0.103866577148438 0.2857666015625 0.033905029296875
0.120025634765625 0.107429504394531 0.260543823242187 0.0697174072265625
0.0822830200195312 0.138603210449219 0.171844482421875 0.049835205078125
0.040924072265625 0.171737670898438 0.122062683105469 0.016204833984375
-0.07647705078125 0.170806884765625 0.144363403320313 -0.0588531494140625
-0.1483154296875 0.12744140625 0.264450073242188 -0.159942626953125
-0.14105224609375 0.0656890869140625 0.516387939453125 -0.0660400390625
-0.349151611328125 0.0653076171875001 0.159713745117188 -0.2462158203125
-0.363983154296875 0.09088134765625 0.106033325195312 -0.191360473632812
-0.347625732421875 0.220458984375 0.0190887451171875 -0.106239318847656
-0.18511962890625 0.320770263671875 0.0167331695556641 -0.0308971405029297
-0.03228759765625 0.32061767578125 0.0115318298339844 0.027801513671875
0.145599365234375 0.284759521484375 0.106414794921875 0.0617446899414063
0.230514526367188 0.185043334960937 0.1912841796875 0.034088134765625
0.2186279296875 0.157958984375 0.208206176757813 -0.00634765624999999
0.248870849609375 0.14495849609375 0.21697998046875 -0.00102233886718749
0.2271728515625 0.167938232421875 0.210800170898438 0.0191497802734375
0.155349731445313 0.242477416992188 0.132026672363281 0.00109100341796876
0.076995849609375 0.295013427734375 0.107414245605469 -0.0228729248046875
-0.127288818359375 0.2994384765625 0.143051147460938 -0.078521728515625
-0.247955322265625 0.256546020507813 0.2520751953125 -0.137527465820312
-0.271224975585938 0.165725708007813 0.46429443359375 -0.05230712890625
-0.432464599609375 0.151702880859375 0.0589752197265625 -0.207626342773438
-0.411865234375 0.180145263671875 0.0644683837890625 -0.145782470703125
-0.3720703125 0.305755615234375 0.0338134765625 -0.112396240234375
-0.181243896484375 0.397979736328125 0.0265045166015625 -0.0850906372070312
-0.00848388671874996 0.378692626953125 -0.01141357421875 -0.0458755493164062
0.199615478515625 0.328887939453125 0.0376434326171875 -0.0115623474121094
0.2896728515625 0.205780029296875 0.0882492065429688 -0.0174102783203125
0.27996826171875 0.176116943359375 0.1024169921875 -0.0398788452148437
0.323822021484375 0.163787841796875 0.113609313964844 -0.0314712524414062
0.30255126953125 0.203948974609375 0.126113891601563 -0.0311126708984375
0.20538330078125 0.3128662109375 0.0675888061523438 -0.0464859008789062
0.10247802734375 0.37640380859375 0.075408935546875 -0.0569839477539062
-0.160858154296875 0.387725830078125 0.126502990722656 -0.080780029296875
-0.3077392578125 0.344879150390625 0.2127685546875 -0.0858306884765625
-0.356292724609375 0.2373046875 0.360107421875 -0.01043701171875
-0.4510498046875 0.2159423828125 -0.072235107421875 -0.148834228515625
-0.39990234375 0.2508544921875 0.00107574462890622 -0.0796279907226562
-0.334075927734375 0.359588623046875 0.033843994140625 -0.102516174316406
-0.136688232421875 0.41973876953125 0.0231781005859375 -0.127639770507812
0.0283203125 0.378387451171875 -0.0445709228515625 -0.111991882324219
0.228607177734375 0.3201904296875 -0.0425262451171875 -0.0817794799804687
0.307861328125 0.19256591796875 -0.0298194885253906 -0.0664176940917969
0.297637939453125 0.166412353515625 -0.0189743041992187 -0.0691108703613281
0.346649169921875 0.15924072265625 -0.00757980346679685 -0.0592727661132812
0.3223876953125 0.209625244140625 0.0212173461914063 -0.0745773315429688
0.216766357421875 0.331573486328125 -0.00817108154296873 -0.0864334106445312
0.10467529296875 0.395263671875 0.0336532592773438 -0.0833816528320312
-0.1700439453125 0.40802001953125 0.0982666015625 -0.0664138793945312
-0.32318115234375 0.374542236328125 0.153152465820312 -0.011077880859375
-0.384490966796875 0.271575927734375 0.22021484375 0.0491485595703125
-0.401153564453125 0.244842529296875 -0.21295166015625 -0.0742645263671875
-0.328338623046875 0.277008056640625 -0.073883056640625 -0.00798034667968747
-0.241607666015625 0.34893798828125 0.0152206420898437 -0.0801925659179687
-0.071014404296875 0.371429443359375 -0.00349426269531252 -0.1500244140625
0.0594482421875 0.317108154296875 -0.0846099853515625 -0.154052734375
0.22723388671875 0.261886596679688 -0.125076293945312 -0.130279541015625
0.282379150390625 0.1495361328125 -0.148193359375 -0.100570678710938
0.273422241210938 0.131179809570313 -0.137428283691406 -0.0885543823242187
0.31317138671875 0.130096435546875 -0.125579833984375 -0.0825881958007812
0.285919189453125 0.1817626953125 -0.0789871215820312 -0.113082885742187
0.183837890625 0.29425048828125 -0.071868896484375 -0.117362976074219
0.082305908203125 0.341705322265625 -0.00257873535156249 -0.0974044799804687
-0.15399169921875 0.3536376953125 0.0663528442382812 -0.0393753051757812
-0.28173828125 0.340179443359375 0.0795822143554688 0.069183349609375
-0.349395751953125 0.263702392578125 0.0671157836914062 0.109748840332031
-0.287139892578125 0.225677490234375 -0.33740234375 0.00100708007812509
-0.219223022460938 0.23651123046875 -0.14959716796875 0.0594329833984375
-0.137115478515625 0.26715087890625 -0.0162773132324219 -0.04937744140625
-0.018035888671875 0.261032104492188 -0.044647216796875 -0.144805908203125
0.0680999755859375 0.214736938476563 -0.124618530273438 -0.160263061523437
0.185882568359375 0.172134399414062 -0.19677734375 -0.147293090820313
0.214935302734375 0.0859375 -0.246109008789062 -0.111618041992187
0.206832885742188 0.0732421875 -0.236434936523438 -0.09478759765625
0.23236083984375 0.077728271484375 -0.218475341796875 -0.100555419921875
0.204559326171875 0.119277954101563 -0.155380249023438 -0.14276123046875
0.12567138671875 0.200927734375 -0.109413146972656 -0.138160705566406
0.0576324462890625 0.224517822265625 -0.0256271362304687 -0.100807189941406
-0.0973968505859375 0.243927001953125 0.0361137390136719 -0.00735473632812499
-0.184417724609375 0.263641357421875 0.00551605224609374 0.135711669921875
-0.25335693359375 0.226852416992188 -0.077178955078125 0.16314697265625
-0.1361083984375 0.158096313476563 -0.433319091796875 0.063323974609375
-0.096649169921875 0.136703491210938 -0.213943481445313 0.110000610351563
-0.0466537475585937 0.132560729980469 -0.0511245727539063 -0.0138893127441406
0.00588989257812501 0.117881774902344 -0.084381103515625 -0.115982055664063
0.0444488525390625 0.0937347412109375 -0.152175903320312 -0.142379760742188
0.107093811035156 0.071990966796875 -0.246505737304688 -0.136611938476563
0.111740112304687 0.019073486328125 -0.31048583984375 -0.0984802246093749
0.108940124511719 0.00537872314453125 -0.297943115234375 -0.08624267578125
0.1190185546875 0.008758544921875 -0.271621704101563 -0.108291625976563
0.102783203125 0.0301437377929688 -0.194381713867187 -0.15716552734375
0.0664215087890625 0.0706939697265625 -0.11260986328125 -0.141677856445313
0.05078125 0.072998046875 -0.028717041015625 -0.0904693603515625
0.00289916992187501 0.11639404296875 0.0104522705078125 0.0273284912109375
-0.0438232421875 0.1710205078125 -0.057464599609375 0.180526733398438
-0.112747192382813 0.170761108398438 -0.18817138671875 0.202789306640625
-0.0626602172851562 -0.119010925292969 0.190582275390625 -0.272293090820313
-0.155548095703125 -0.069000244140625 0.07672119140625 -0.216476440429688
-0.157989501953125 0.0319061279296875 -0.0288887023925781 -0.0479469299316406
-0.0953521728515625 0.0902938842773438 0.00249481201171874 0.0724258422851563
-0.0425643920898437 0.106491088867188 0.0653839111328125 0.131919860839844
0.00458526611328125 0.0984344482421875 0.198333740234375 0.1417236328125
0.035614013671875 0.0768203735351563 0.2999267578125 0.083831787109375
0.0199165344238281 0.0643692016601563 0.3057861328125 0.03814697265625
0.0106658935546875 0.0553092956542969 0.308135986328125 0.043701171875
0.00394058227539063 0.0379371643066406 0.27032470703125 0.089752197265625
0.00304031372070313 0.0222206115722656 0.19036865234375 0.0757904052734375
0.000827789306640624 0.0292987823486328 0.125930786132813 0.0438919067382813
-0.0155096054077148 0.012660026550293 0.129783630371094 -0.0307083129882813
-0.0275115966796875 -0.0274658203125 0.23492431640625 -0.152267456054687
0.0110588073730469 -0.0557403564453125 0.49993896484375 -0.07403564453125
-0.21539306640625 -0.02215576171875 0.187362670898438 -0.277008056640625
-0.271957397460938 0.0173492431640624 0.0944061279296875 -0.218429565429687
-0.261459350585938 0.142562866210937 -0.00766754150390626 -0.0830841064453125
-0.140045166015625 0.225051879882813 0.000810623168945305 0.0211353302001953
-0.0287322998046875 0.228607177734375 0.0345993041992187 0.0876998901367188
0.0923309326171875 0.199172973632813 0.157012939453125 0.110061645507813
0.15142822265625 0.133865356445313 0.261322021484375 0.0575103759765625
0.131553649902344 0.116958618164062 0.272232055664062 0.00810241699218751
0.140533447265625 0.103050231933594 0.2784423828125 0.00782775878906251
0.1212158203125 0.101486206054688 0.257415771484375 0.0429229736328125
0.0842361450195313 0.134536743164062 0.173370361328125 0.0301666259765625
0.0428466796875 0.1629638671875 0.126960754394531 0.00178527832031251
-0.069091796875 0.16180419921875 0.146942138671875 -0.0662689208984375
-0.1396484375 0.122962951660156 0.253280639648438 -0.169265747070313
-0.134872436523438 0.0584487915039063 0.5067138671875 -0.099884033203125
-0.339447021484375 0.0745544433593749 0.13128662109375 -0.264068603515625
-0.359405517578125 0.1058349609375 0.0850372314453124 -0.199966430664063
-0.3343505859375 0.239105224609375 0.00701904296874998 -0.109649658203125
-0.166290283203125 0.3321533203125 0.00882339477539062 -0.0379219055175781
-0.0145263671875 0.32476806640625 0.00496864318847656 0.0197734832763672
0.164840698242188 0.274658203125 0.099884033203125 0.0515365600585938
0.2418212890625 0.170547485351563 0.181838989257813 0.01580810546875
0.225433349609375 0.146011352539062 0.196640014648437 -0.02496337890625
0.25408935546875 0.130142211914063 0.209259033203125 -0.02264404296875
0.229507446289063 0.152069091796875 0.206192016601563 -0.00584411621093749
0.163894653320313 0.228973388671875 0.129653930664062 -0.0191879272460937
0.090911865234375 0.283416748046875 0.110702514648438 -0.03594970703125
-0.10797119140625 0.293792724609375 0.146392822265625 -0.0894775390625
-0.226150512695312 0.257034301757813 0.246170043945313 -0.1536865234375
-0.254104614257813 0.168258666992188 0.457977294921875 -0.085784912109375
-0.410797119140625 0.16802978515625 0.0370330810546875 -0.222091674804688
-0.39373779296875 0.1964111328125 0.0474395751953125 -0.1568603515625
-0.3463134765625 0.322662353515625 0.021331787109375 -0.120796203613281
-0.152313232421875 0.40264892578125 0.0123977661132812 -0.0945205688476562
0.015869140625 0.3724365234375 -0.0240097045898437 -0.052703857421875
0.21771240234375 0.30853271484375 0.027099609375 -0.0178298950195312
0.29852294921875 0.1834716796875 0.0783920288085938 -0.029205322265625
0.284881591796875 0.15399169921875 0.093353271484375 -0.0544509887695312
0.327667236328125 0.1387939453125 0.103912353515625 -0.0484542846679687
0.30535888671875 0.178802490234375 0.119155883789063 -0.0506973266601562
0.2215576171875 0.291717529296875 0.0604209899902344 -0.0608901977539062
0.126373291015625 0.36065673828125 0.075531005859375 -0.0698165893554687
-0.13092041015625 0.38739013671875 0.128105163574219 -0.093902587890625
-0.27667236328125 0.35272216796875 0.209747314453125 -0.1036376953125
-0.332183837890625 0.249237060546875 0.357208251953125 -0.043731689453125
-0.42352294921875 0.23895263671875 -0.0859527587890625 -0.158340454101562
-0.372711181640625 0.269073486328125 -0.00809478759765628 -0.0914993286132812
-0.299285888671875 0.371917724609375 0.0236282348632812 -0.112342834472656
-0.101593017578125 0.417327880859375 0.00485992431640624 -0.136962890625
0.054901123046875 0.364654541015625 -0.05889892578125 -0.115119934082031
0.247161865234375 0.29315185546875 -0.0534133911132812 -0.0819015502929688
0.31219482421875 0.164459228515625 -0.0409049987792969 -0.0700607299804687
0.30169677734375 0.140899658203125 -0.0276412963867187 -0.0746078491210937
0.348236083984375 0.128997802734375 -0.0163459777832031 -0.0657310485839843
0.32745361328125 0.1771240234375 0.0129470825195313 -0.0886383056640625
0.235565185546875 0.30767822265625 -0.0165328979492187 -0.0930862426757812
0.13232421875 0.377685546875 0.030975341796875 -0.09075927734375
-0.13555908203125 0.409027099609375 0.099639892578125 -0.0806655883789062
-0.28472900390625 0.386077880859375 0.153762817382812 -0.02813720703125
-0.355743408203125 0.287567138671875 0.225433349609375 0.0224151611328125
-0.369781494140625 0.270904541015625 -0.216354370117188 -0.0768280029296875
-0.300323486328125 0.2947998046875 -0.0735244750976563 -0.0164947509765625
-0.20428466796875 0.3592529296875 0.00701141357421873 -0.09124755859375
-0.03753662109375 0.363433837890625 -0.019775390625 -0.158721923828125
0.08404541015625 0.3021240234375 -0.097320556640625 -0.1502685546875
0.242141723632813 0.23284912109375 -0.136581420898438 -0.124710083007812
0.28277587890625 0.12127685546875 -0.156219482421875 -0.095367431640625
0.273941040039063 0.103744506835938 -0.1451416015625 -0.0849151611328125
0.312103271484375 0.100616455078125 -0.133331298828125 -0.079833984375
0.288238525390625 0.1505126953125 -0.0899734497070313 -0.115875244140625
0.20281982421875 0.267425537109375 -0.0821304321289063 -0.118095397949219
0.108795166015625 0.325592041015625 -0.00685119628906249 -0.102508544921875
-0.118927001953125 0.355438232421875 0.0688858032226562 -0.0519561767578125
-0.243133544921875 0.35546875 0.0877532958984375 0.0537490844726563
-0.32037353515625 0.283660888671875 0.0779647827148437 0.0926055908203125
-0.261489868164062 0.25146484375 -0.33526611328125 0.010284423828125
-0.190200805664063 0.25408935546875 -0.142791748046875 0.055328369140625
-0.106277465820313 0.275802612304688 -0.0227165222167969 -0.0580062866210937
0.0122528076171875 0.256072998046875 -0.05975341796875 -0.145965576171875
0.08746337890625 0.199234008789062 -0.134933471679688 -0.153579711914063
0.197265625 0.14532470703125 -0.203704833984375 -0.133285522460938
0.214462280273438 0.060760498046875 -0.249862670898438 -0.097869873046875
0.204147338867188 0.0489654541015625 -0.239532470703125 -0.0819854736328125
0.2279052734375 0.049468994140625 -0.22265625 -0.0887603759765625
0.201568603515625 0.0910491943359375 -0.165664672851563 -0.137908935546875
0.137359619140625 0.17822265625 -0.118453979492188 -0.134742736816406
0.075897216796875 0.206436157226562 -0.0298385620117188 -0.101997375488281
-0.0684356689453125 0.243438720703125 0.0405082702636719 -0.0170631408691406
-0.151153564453125 0.273635864257813 0.0191802978515625 0.125267028808594
-0.226486206054687 0.246170043945313 -0.0600738525390625 0.154998779296875
-0.11920166015625 0.177886962890625 -0.425079345703125 0.0792541503906251
-0.0813751220703125 0.152496337890625 -0.202316284179688 0.109161376953125
-0.0249176025390625 0.141159057617188 -0.0566368103027344 -0.0188102722167969
0.0258712768554687 0.114044189453125 -0.0988922119140625 -0.111778259277344
0.0573272705078125 0.0832061767578125 -0.16290283203125 -0.127853393554687
0.113800048828125 0.0522232055664063 -0.248931884765625 -0.11767578125
0.109474182128906 -0.0007781982421875 -0.3104248046875 -0.0765075683593749
0.103347778320313 -0.0132827758789063 -0.298553466796875 -0.067169189453125
0.110977172851563 -0.0106124877929688 -0.272781372070313 -0.092254638671875
0.09857177734375 0.009033203125 -0.20086669921875 -0.14727783203125
0.0722503662109375 0.0504150390625 -0.118247985839844 -0.135467529296875
0.0626602172851563 0.0573959350585938 -0.031005859375 -0.0897903442382813
0.0242233276367188 0.11077880859375 0.0174293518066406 0.0217227935791016
-0.015899658203125 0.174850463867188 -0.0385589599609375 0.176055908203125
-0.088958740234375 0.18499755859375 -0.165939331054688 0.206512451171875
-0.07769775390625 -0.12799072265625 0.166961669921875 -0.27130126953125
-0.172805786132813 -0.0601959228515625 0.059417724609375 -0.208648681640625
-0.166015625 0.04656982421875 -0.0319252014160156 -0.0423355102539062
-0.0963211059570313 0.105628967285156 0.00141143798828124 0.0727157592773438
-0.0344009399414063 0.118850708007813 0.0640029907226562 0.126792907714844
0.016845703125 0.1064453125 0.1949462890625 0.133270263671875
0.0481109619140625 0.0838775634765625 0.294647216796875 0.071563720703125
0.0277938842773438 0.0721435546875 0.296722412109375 0.024566650390625
0.0183944702148438 0.0639305114746094 0.29815673828125 0.02886962890625
0.00513458251953125 0.046722412109375 0.266586303710938 0.07244873046875
-0.00437736511230469 0.0301456451416016 0.189834594726563 0.0590972900390625
-0.00813102722167969 0.0303306579589844 0.129409790039063 0.0353012084960938
-0.0260200500488281 0.00370597839355468 0.133392333984375 -0.0292739868164062
-0.0385856628417969 -0.0382919311523438 0.226577758789063 -0.147171020507813
0.004180908203125 -0.0712661743164063 0.491302490234375 -0.086883544921875
-0.219802856445312 -0.0284881591796875 0.1612548828125 -0.28118896484375
-0.280990600585938 0.0259552001953125 0.0755157470703125 -0.215744018554688
-0.261703491210938 0.1549072265625 -0.0177230834960938 -0.0813217163085937
-0.1322021484375 0.236907958984375 -0.00418663024902345 0.019256591796875
-0.016754150390625 0.236465454101562 0.0293731689453125 0.08343505859375
0.10528564453125 0.200103759765625 0.150177001953125 0.10089111328125
0.159469604492188 0.133163452148438 0.252059936523438 0.0447235107421875
0.137229919433594 0.114715576171875 0.260726928710937 -0.00753784179687499
0.144790649414063 0.102828979492187 0.267227172851563 -0.00665283203124999
0.118721008300781 0.103729248046875 0.248809814453125 0.023406982421875
0.077972412109375 0.131790161132813 0.1690673828125 0.011566162109375
0.0411834716796875 0.157379150390625 0.129798889160156 -0.00831604003906249
-0.0699005126953125 0.14959716796875 0.14813232421875 -0.0699462890625
-0.1373291015625 0.111412048339844 0.246170043945313 -0.169601440429688
-0.12921142578125 0.0474624633789062 0.4957275390625 -0.11822509765625
-0.331817626953125 0.0729980468750001 0.106369018554687 -0.270736694335937
-0.356170654296875 0.1123046875 0.0644073486328125 -0.200820922851562
-0.3250732421875 0.24688720703125 -0.00196075439453126 -0.111358642578125
-0.153472900390625 0.33709716796875 -0.00261688232421876 -0.0419960021972656
-6.10351562500284E-05 0.323822021484375 -0.00390052795410156 0.0175933837890625
0.175201416015625 0.268035888671875 0.0893020629882813 0.045196533203125
0.2467041015625 0.164337158203125 0.17193603515625 0.00631713867187501
0.226638793945313 0.138229370117187 0.18475341796875 -0.0390472412109375
0.25372314453125 0.1226806640625 0.195281982421875 -0.0379180908203125
0.226791381835938 0.142990112304688 0.19488525390625 -0.0247802734375
0.162490844726563 0.218902587890625 0.12353515625 -0.033203125
0.093780517578125 0.269256591796875 0.110328674316406 -0.0500564575195312
-0.098236083984375 0.282745361328125 0.146530151367188 -0.099151611328125
-0.21368408203125 0.248992919921875 0.237899780273438 -0.15899658203125
-0.24114990234375 0.159744262695313 0.44757080078125 -0.110137939453125
-0.393341064453125 0.170806884765625 0.015106201171875 -0.233139038085938
-0.37994384765625 0.20111083984375 0.0314483642578125 -0.162704467773438
-0.32843017578125 0.325653076171875 0.0104827880859375 -0.12493896484375
-0.135528564453125 0.399017333984375 -0.000953674316406261 -0.101043701171875
0.027984619140625 0.364837646484375 -0.0351409912109375 -0.0538825988769531
0.226593017578125 0.29443359375 0.015859603881836 -0.0209770202636719
0.299041748046875 0.1700439453125 0.0669898986816406 -0.0363655090332031
0.283477783203125 0.141845703125 0.0799026489257813 -0.0638961791992187
0.323577880859375 0.125518798828125 0.0926437377929688 -0.058685302734375
0.3011474609375 0.160308837890625 0.106330871582031 -0.0672760009765625
0.22393798828125 0.274459838867188 0.0540313720703125 -0.0730514526367187
0.132904052734375 0.34332275390625 0.07354736328125 -0.0823135375976562
-0.113983154296875 0.3746337890625 0.128517150878906 -0.107200622558594
-0.256439208984375 0.34783935546875 0.205047607421875 -0.114852905273437
-0.312835693359375 0.245697021484375 0.351715087890625 -0.067535400390625
-0.39874267578125 0.247283935546875 -0.1005859375 -0.1690673828125
-0.34844970703125 0.27215576171875 -0.0179519653320313 -0.101341247558594
-0.271575927734375 0.369873046875 0.012298583984375 -0.12091064453125
-0.080474853515625 0.40594482421875 -0.00915527343750002 -0.144561767578125
0.06451416015625 0.350494384765625 -0.0697784423828125 -0.115058898925781
0.250534057617188 0.273223876953125 -0.0641021728515625 -0.0818710327148437
0.309814453125 0.1470947265625 -0.0501861572265625 -0.0724639892578125
0.2969970703125 0.124053955078125 -0.0377349853515625 -0.0801620483398437
0.3404541015625 0.1107177734375 -0.0253219604492187 -0.0723953247070313
0.320220947265625 0.15447998046875 0.00132751464843752 -0.0974655151367188
0.240447998046875 0.28485107421875 -0.0253677368164062 -0.100563049316406
0.144256591796875 0.35809326171875 0.0284347534179688 -0.101394653320312
-0.114044189453125 0.3997802734375 0.100791931152344 -0.0930328369140625
-0.25787353515625 0.38543701171875 0.152435302734375 -0.042999267578125
-0.331756591796875 0.288787841796875 0.2237548828125 -0.00108337402343748
-0.3409423828125 0.282684326171875 -0.222610473632813 -0.0844573974609374
-0.271209716796875 0.299102783203125 -0.078857421875 -0.0282516479492187
-0.17578125 0.354278564453125 -0.00177001953125002 -0.101150512695312
-0.01422119140625 0.348419189453125 -0.0357666015625 -0.162506103515625
0.093719482421875 0.28216552734375 -0.109832763671875 -0.145553588867187
0.2431640625 0.20855712890625 -0.141830444335937 -0.119430541992187
0.277542114257813 0.101150512695313 -0.161300659179687 -0.0928192138671875
0.2662353515625 0.0858154296875 -0.150619506835938 -0.084930419921875
0.30218505859375 0.079254150390625 -0.137870788574219 -0.0806808471679687
0.279647827148437 0.1256103515625 -0.09930419921875 -0.119979858398437
0.206512451171875 0.244888305664062 -0.0912017822265625 -0.119232177734375
0.1220703125 0.303436279296875 -0.0107879638671875 -0.108901977539062
-0.095977783203125 0.3475341796875 0.0685005187988281 -0.0640296936035156
-0.21270751953125 0.35345458984375 0.0900344848632812 0.0394287109375
-0.29388427734375 0.2894287109375 0.0822601318359375 0.0736846923828125
-0.235260009765625 0.264801025390625 -0.333160400390625 0.00552368164062497
-0.1663818359375 0.260589599609375 -0.140914916992188 0.044158935546875
-0.0773162841796875 0.273757934570313 -0.0312042236328125 -0.0677413940429687
0.0323028564453125 0.239593505859375 -0.0741729736328125 -0.148040771484375
0.097564697265625 0.182235717773438 -0.14324951171875 -0.144073486328125
0.1968994140625 0.121063232421875 -0.20648193359375 -0.123245239257812
0.205459594726563 0.0409698486328125 -0.250213623046875 -0.08892822265625
0.194732666015625 0.0321044921875 -0.240768432617187 -0.0778350830078125
0.215499877929688 0.032470703125 -0.224639892578125 -0.0851287841796875
0.193801879882813 0.070220947265625 -0.170547485351562 -0.134567260742188
0.14013671875 0.156341552734375 -0.124107360839844 -0.129806518554688
0.0870819091796875 0.188140869140625 -0.03271484375 -0.105178833007812
-0.0447845458984375 0.233795166015625 0.0425605773925781 -0.0264778137207031
-0.120346069335938 0.27313232421875 0.026611328125 0.112541198730469
-0.200942993164063 0.252365112304688 -0.048828125 0.143508911132813
-0.09930419921875 0.193710327148438 -0.415435791015625 0.083404541015625
-0.0623779296875 0.162078857421875 -0.197509765625 0.1038818359375
-0.00321960449218749 0.143829345703125 -0.0642967224121094 -0.0241203308105469
0.0421524047851562 0.105430603027344 -0.109443664550781 -0.108512878417969
0.0675048828125 0.0703964233398438 -0.165969848632813 -0.116058349609375
0.113365173339844 0.0328292846679688 -0.247100830078125 -0.103729248046875
0.101394653320312 -0.0179824829101563 -0.30548095703125 -0.0651245117187499
0.093658447265625 -0.0251388549804688 -0.29437255859375 -0.0576782226562499
0.100250244140625 -0.0242462158203125 -0.271163940429688 -0.08404541015625
0.087493896484375 -0.00609588623046875 -0.202392578125 -0.138839721679687
0.0704803466796875 0.0342330932617188 -0.121292114257812 -0.129249572753906
0.0659523010253906 0.0402488708496094 -0.0312652587890625 -0.0919570922851563
0.0417327880859375 0.09979248046875 0.0236759185791016 0.0130596160888672
0.00997924804687499 0.170669555664063 -0.0261077880859375 0.165481567382813
-0.0685882568359375 0.191436767578125 -0.147613525390625 0.201004028320313
-0.0960311889648438 -0.136573791503906 0.152145385742188 -0.263809204101563
-0.189804077148437 -0.0499420166015625 0.0488433837890625 -0.19970703125
-0.174240112304687 0.0619964599609375 -0.03533935546875 -0.0372314453125
-0.0956802368164063 0.122657775878906 0.00107574462890625 0.0747756958007813
-0.0256423950195313 0.131843566894531 0.0614776611328125 0.128074645996094
0.0309600830078125 0.115577697753906 0.191421508789063 0.131805419921875
0.0611801147460938 0.088653564453125 0.2901611328125 0.0673828125
0.0372390747070313 0.0794601440429687 0.290252685546875 0.02166748046875
0.028045654296875 0.072235107421875 0.29058837890625 0.024200439453125
0.00766754150390626 0.0574913024902344 0.26068115234375 0.0633392333984375
-0.00989532470703125 0.0402870178222656 0.187179565429688 0.0486602783203125
-0.0188961029052734 0.0341682434082031 0.133636474609375 0.03009033203125
-0.03961181640625 -0.00260925292968751 0.139984130859375 -0.027374267578125
-0.05291748046875 -0.0495147705078125 0.228591918945313 -0.13983154296875
-0.00601959228515625 -0.0863723754882813 0.4918212890625 -0.08935546875
-0.231582641601563 -0.0370330810546875 0.14141845703125 -0.279052734375
-0.294281005859375 0.032684326171875 0.0622711181640625 -0.210556030273438
-0.267669677734375 0.166946411132813 -0.0247802734375 -0.079803466796875
-0.129409790039063 0.250152587890625 -0.010772705078125 0.0197734832763672
-0.007781982421875 0.24615478515625 0.021759033203125 0.0828018188476563
0.118194580078125 0.204544067382813 0.143142700195313 0.101364135742188
0.170318603515625 0.134780883789063 0.242965698242188 0.0406951904296875
0.144668579101563 0.118728637695313 0.250167846679688 -0.0131072998046875
0.151458740234375 0.108245849609375 0.255935668945313 -0.0132598876953125
0.119560241699219 0.10919189453125 0.240554809570312 0.01068115234375
0.0732879638671875 0.137420654296875 0.164474487304688 0.000259399414062508
0.032562255859375 0.156768798828125 0.13214111328125 -0.0186767578125
-0.079071044921875 0.140823364257813 0.154464721679688 -0.075347900390625
-0.145065307617187 0.0992431640625 0.247268676757813 -0.169525146484375
-0.135276794433594 0.0313720703125 0.494110107421875 -0.125457763671875
-0.335540771484375 0.064361572265625 0.0840606689453125 -0.273147583007813
-0.36199951171875 0.11474609375 0.049072265625 -0.199508666992187
-0.327178955078125 0.254058837890625 -0.011474609375 -0.112678527832031
-0.149749755859375 0.344573974609375 -0.0139312744140625 -0.0434799194335937
0.00643920898437503 0.328765869140625 -0.0150060653686523 0.0167398452758789
0.184524536132812 0.26751708984375 0.0780258178710938 0.045989990234375
0.25341796875 0.163101196289063 0.159759521484375 0.00227355957031251
0.230697631835938 0.138885498046875 0.171875 -0.0450897216796875
0.2562255859375 0.123992919921875 0.183364868164063 -0.04449462890625
0.224136352539063 0.142929077148438 0.1832275390625 -0.03839111328125
0.159194946289063 0.218521118164062 0.115509033203125 -0.0464935302734375
0.0900115966796875 0.264617919921875 0.110954284667969 -0.0623779296875
-0.102569580078125 0.273529052734375 0.15045166015625 -0.108718872070312
-0.214035034179688 0.239288330078125 0.238357543945313 -0.1654052734375
-0.241241455078125 0.146224975585937 0.444122314453125 -0.1253662109375
-0.38787841796875 0.165130615234375 -0.006927490234375 -0.240036010742188
-0.378448486328125 0.199249267578125 0.0155029296875 -0.166824340820313
-0.324310302734375 0.32562255859375 -0.00108337402343752 -0.129867553710937
-0.129302978515625 0.39813232421875 -0.0158767700195313 -0.104377746582031
0.031890869140625 0.36383056640625 -0.0484237670898437 -0.0554237365722656
0.230865478515625 0.287841796875 0.00392913818359376 -0.0204849243164062
0.301361083984375 0.165130615234375 0.0543556213378906 -0.0395889282226562
0.282196044921875 0.137359619140625 0.0670242309570313 -0.0704879760742187
0.32275390625 0.120269775390625 0.0805740356445313 -0.06646728515625
0.295654296875 0.154571533203125 0.0936126708984375 -0.07916259765625
0.22308349609375 0.267715454101563 0.0433578491210938 -0.08349609375
0.134429931640625 0.335479736328125 0.071563720703125 -0.0946807861328125
-0.11151123046875 0.368194580078125 0.130149841308594 -0.120941162109375
-0.25006103515625 0.341400146484375 0.203765869140625 -0.12542724609375
-0.306854248046875 0.2359619140625 0.34844970703125 -0.086639404296875
-0.3839111328125 0.2451171875 -0.119461059570313 -0.179824829101562
-0.34033203125 0.269500732421875 -0.0314712524414063 -0.11175537109375
-0.260162353515625 0.364166259765625 0.000190734863281241 -0.129608154296875
-0.0728759765625 0.39752197265625 -0.02545166015625 -0.150054931640625
0.067138671875 0.341827392578125 -0.0825347900390625 -0.115898132324219
0.249771118164063 0.26116943359375 -0.0751724243164062 -0.0804901123046875
0.30609130859375 0.138763427734375 -0.0610427856445312 -0.0747909545898438
0.291717529296875 0.1162109375 -0.0489349365234375 -0.0845108032226562
0.3353271484375 0.102447509765625 -0.0358810424804687 -0.0773773193359375
0.312225341796875 0.14459228515625 -0.0121536254882812 -0.10711669921875
0.24072265625 0.274215698242188 -0.0360260009765625 -0.108146667480469
0.149627685546875 0.346588134765625 0.0228500366210938 -0.11328125
-0.104888916015625 0.39263916015625 0.0996932983398438 -0.108650207519531
-0.245635986328125 0.379852294921875 0.15118408203125 -0.0548858642578125
-0.3214111328125 0.284698486328125 0.219635009765625 -0.0200653076171875
-0.322998046875 0.28521728515625 -0.23687744140625 -0.0962677001953125
-0.25457763671875 0.297393798828125 -0.0880050659179688 -0.0421905517578125
-0.158172607421875 0.34649658203125 -0.0137176513671875 -0.1107177734375
-0.00341796874999998 0.335296630859375 -0.0517120361328125 -0.166900634765625
0.0963592529296875 0.269882202148438 -0.118560791015625 -0.145233154296875
0.239273071289063 0.192703247070313 -0.149261474609375 -0.116912841796875
0.269882202148438 0.089111328125 -0.168594360351563 -0.0932159423828125
0.257369995117188 0.07550048828125 -0.15966796875 -0.08843994140625
0.293426513671875 0.06939697265625 -0.1458740234375 -0.0841217041015625
0.2698974609375 0.1124267578125 -0.109695434570313 -0.125633239746094
0.206085205078125 0.22991943359375 -0.0991439819335938 -0.123466491699219
0.12744140625 0.288116455078125 -0.0160751342773437 -0.117820739746094
-0.08184814453125 0.33819580078125 0.0678558349609375 -0.0770950317382812
-0.195831298828125 0.349609375 0.088592529296875 0.0267715454101563
-0.279205322265625 0.288238525390625 0.0803298950195313 0.0560455322265625
-0.216323852539063 0.272506713867188 -0.340606689453125 -0.00439453124999994
-0.148345947265625 0.2630615234375 -0.14617919921875 0.030120849609375
-0.05706787109375 0.268051147460938 -0.0425491333007813 -0.0770416259765625
0.045501708984375 0.226516723632813 -0.088714599609375 -0.1485595703125
0.1007080078125 0.166854858398438 -0.15032958984375 -0.139022827148438
0.192031860351563 0.103744506835938 -0.209075927734375 -0.1202392578125
0.19580078125 0.0280609130859375 -0.253387451171875 -0.0878753662109375
0.183456420898438 0.0214996337890625 -0.245513916015625 -0.0772552490234375
0.202880859375 0.0221405029296875 -0.22979736328125 -0.085906982421875
0.1815185546875 0.057098388671875 -0.177642822265625 -0.137115478515625
0.137710571289063 0.1396484375 -0.130340576171875 -0.131393432617188
0.0908203125 0.171218872070312 -0.0367202758789062 -0.112480163574219
-0.0299072265625 0.222564697265625 0.042449951171875 -0.0381050109863281
-0.0992431640625 0.267166137695313 0.0286026000976562 0.10015869140625
-0.182281494140625 0.253860473632813 -0.046722412109375 0.129531860351563
-0.08154296875 0.204818725585938 -0.4180908203125 0.0794677734375
-0.0457305908203125 0.170059204101563 -0.200439453125 0.093841552734375
0.0153656005859375 0.1429443359375 -0.0746002197265625 -0.0300979614257813
0.055084228515625 0.0957107543945312 -0.120803833007813 -0.104400634765625
0.0718307495117188 0.05804443359375 -0.168289184570312 -0.108306884765625
0.110847473144531 0.0164031982421875 -0.244903564453125 -0.0974578857421874
0.0905380249023438 -0.0300750732421875 -0.303802490234375 -0.061065673828125
0.0816497802734375 -0.03533935546875 -0.2938232421875 -0.055267333984375
0.0850601196289063 -0.03387451171875 -0.272018432617188 -0.0825958251953125
0.0746688842773438 -0.0173873901367188 -0.205245971679688 -0.1383056640625
0.0646820068359375 0.0189132690429688 -0.123313903808594 -0.129440307617187
0.0661468505859375 0.0231170654296875 -0.03302001953125 -0.096405029296875
0.0557861328125 0.0872802734375 0.0263538360595703 0.00406455993652344
0.0314178466796875 0.164505004882812 -0.020782470703125 0.154876708984375
-0.049530029296875 0.194671630859375 -0.140365600585938 0.19036865234375
-0.1199951171875 -0.143402099609375 0.144393920898438 -0.256942749023438
-0.208587646484375 -0.0358428955078125 0.0436859130859375 -0.190933227539063
-0.182861328125 0.082275390625 -0.0380058288574219 -0.0329360961914063
-0.0917205810546875 0.14349365234375 0.000366210937499997 0.0800247192382813
-0.0135955810546875 0.1468505859375 0.06036376953125 0.13226318359375
0.049346923828125 0.123115539550781 0.19317626953125 0.136276245117188
0.0797653198242188 0.0921707153320313 0.292327880859375 0.067230224609375
0.0508575439453125 0.0852737426757813 0.290740966796875 0.020263671875
0.0407180786132812 0.080474853515625 0.29052734375 0.022674560546875
0.014312744140625 0.0687599182128906 0.2613525390625 0.056396484375
-0.0124931335449219 0.0543136596679688 0.187042236328125 0.0396575927734375
-0.0295066833496094 0.0426177978515625 0.14068603515625 0.023406982421875
-0.0579032897949219 -0.00519561767578124 0.151626586914063 -0.0287628173828125
-0.0724563598632813 -0.057159423828125 0.239791870117188 -0.136566162109375
-0.021636962890625 -0.101554870605469 0.50732421875 -0.092071533203125
-0.253799438476563 -0.0442047119140625 0.12762451171875 -0.276290893554688
-0.312408447265625 0.0447998046875 0.05194091796875 -0.204696655273437
-0.277435302734375 0.186431884765625 -0.0311737060546875 -0.0775833129882812
-0.125869750976562 0.270721435546875 -0.0173358917236328 0.0226268768310547
0.00323486328125 0.260574340820313 0.0139312744140625 0.0864791870117188
0.137069702148438 0.210464477539063 0.139007568359375 0.106239318847656
0.188339233398438 0.137435913085938 0.239852905273438 0.0405120849609375
0.1571044921875 0.123504638671875 0.244827270507813 -0.0165557861328125
0.163986206054688 0.114303588867188 0.2508544921875 -0.0174407958984375
0.124549865722656 0.118202209472656 0.235610961914063 0.00140380859375001
0.071563720703125 0.148635864257813 0.160430908203125 -0.011474609375
0.0246734619140625 0.162399291992188 0.135635375976563 -0.0301742553710937
-0.094451904296875 0.138046264648437 0.163375854492188 -0.084564208984375
-0.161117553710938 0.093048095703125 0.254837036132813 -0.174484252929688
-0.149322509765625 0.017059326171875 0.5020751953125 -0.137420654296875
-0.35150146484375 0.0583801269531251 0.063568115234375 -0.274810791015625
-0.378692626953125 0.121856689453125 0.0349578857421875 -0.198593139648438
-0.33673095703125 0.26727294921875 -0.0220794677734375 -0.114395141601563
-0.147857666015625 0.360931396484375 -0.0267372131347656 -0.0430259704589844
0.01397705078125 0.341583251953125 -0.0277309417724609 0.0198535919189453
0.1988525390625 0.27215576171875 0.0695533752441406 0.0517692565917969
0.267623901367188 0.1641845703125 0.151809692382813 0.00234985351562501
0.240264892578125 0.142257690429688 0.16204833984375 -0.0496673583984375
0.266876220703125 0.126953125 0.174346923828125 -0.0499267578125
0.228286743164063 0.147140502929688 0.173568725585938 -0.050018310546875
0.1605224609375 0.22650146484375 0.106948852539063 -0.0578842163085937
0.0864105224609375 0.27001953125 0.110069274902344 -0.0770339965820312
-0.113800048828125 0.2730712890625 0.155609130859375 -0.123825073242187
-0.2255859375 0.2354736328125 0.243072509765625 -0.176544189453125
-0.252166748046875 0.134750366210937 0.44805908203125 -0.142486572265625
-0.39605712890625 0.16033935546875 -0.0316162109375 -0.247039794921875
-0.387451171875 0.2020263671875 -0.00106811523437501 -0.1707763671875
-0.33111572265625 0.33203125 -0.0145187377929688 -0.134986877441406
-0.12933349609375 0.407562255859375 -0.03265380859375 -0.106521606445312
0.034637451171875 0.37139892578125 -0.06365966796875 -0.0538215637207031
0.239166259765625 0.289886474609375 -0.00873374938964842 -0.0165300369262695
0.310028076171875 0.16497802734375 0.0428314208984375 -0.0396842956542969
0.28759765625 0.138336181640625 0.0539093017578125 -0.074676513671875
0.330047607421875 0.121368408203125 0.0686264038085938 -0.0715713500976562
0.298248291015625 0.15545654296875 0.079803466796875 -0.0896148681640625
0.226104736328125 0.270599365234375 0.0311660766601563 -0.0940322875976562
0.13580322265625 0.337646484375 0.0659942626953125 -0.110603332519531
-0.1165771484375 0.3690185546875 0.130424499511719 -0.138496398925781
-0.254150390625 0.3402099609375 0.204269409179687 -0.138992309570312
-0.31390380859375 0.22906494140625 0.347503662109375 -0.106536865234375
-0.381195068359375 0.24261474609375 -0.1456298828125 -0.189773559570312
-0.340301513671875 0.26947021484375 -0.0496597290039063 -0.1207275390625
-0.25994873046875 0.364105224609375 -0.01531982421875 -0.138053894042969
-0.070831298828125 0.3975830078125 -0.04473876953125 -0.154678344726562
0.06793212890625 0.343414306640625 -0.0985107421875 -0.115440368652344
0.252609252929688 0.258514404296875 -0.087982177734375 -0.0785675048828125
0.3076171875 0.1358642578125 -0.0737991333007812 -0.076171875
0.292205810546875 0.11456298828125 -0.06378173828125 -0.0892181396484375
0.337554931640625 0.099822998046875 -0.0498809814453125 -0.0820693969726563
0.311004638671875 0.14117431640625 -0.028411865234375 -0.116134643554687
0.244277954101563 0.27130126953125 -0.050384521484375 -0.115707397460938
0.15338134765625 0.344085693359375 0.0152206420898438 -0.127265930175781
-0.103240966796875 0.392852783203125 0.09625244140625 -0.125587463378906
-0.24237060546875 0.381317138671875 0.149246215820312 -0.0682830810546875
-0.321624755859375 0.28228759765625 0.215972900390625 -0.0391998291015625
-0.312408447265625 0.287872314453125 -0.261154174804688 -0.107284545898437
-0.246002197265625 0.298004150390625 -0.104637145996094 -0.0547027587890625
-0.148834228515625 0.342132568359375 -0.03009033203125 -0.121414184570312
0.00234985351562499 0.32843017578125 -0.0705413818359375 -0.1707763671875
0.0959320068359375 0.262619018554688 -0.132431030273438 -0.145278930664062
0.237167358398438 0.184173583984375 -0.159805297851562 -0.1162109375
0.265365600585938 0.083343505859375 -0.18121337890625 -0.0945587158203125
0.252151489257813 0.0712738037109375 -0.172988891601562 -0.0911865234375
0.28857421875 0.06494140625 -0.159469604492187 -0.0876312255859375
0.263168334960938 0.106460571289063 -0.125526428222656 -0.132118225097656
0.206161499023438 0.222824096679688 -0.113304138183594 -0.128334045410156
0.13092041015625 0.280654907226563 -0.0254364013671875 -0.128944396972656
-0.075286865234375 0.334259033203125 0.0639877319335938 -0.0928268432617187
-0.185089111328125 0.348358154296875 0.085723876953125 0.0146484375
-0.272064208984375 0.2880859375 0.0754928588867188 0.0392303466796875
-0.199432373046875 0.280075073242188 -0.362274169921875 -0.011749267578125
-0.133163452148438 0.265472412109375 -0.162185668945313 0.0177764892578125
-0.04150390625 0.262924194335937 -0.0585098266601562 -0.0852203369140625
0.054473876953125 0.215530395507812 -0.105422973632812 -0.149383544921875
0.1021728515625 0.155532836914063 -0.159423828125 -0.136566162109375
0.187225341796875 0.0908355712890625 -0.215545654296875 -0.119949340820313
0.18585205078125 0.0195770263671875 -0.263565063476563 -0.0888366699218749
0.173828125 0.0155181884765625 -0.257354736328125 -0.0787200927734375
0.192718505859375 0.016387939453125 -0.24163818359375 -0.0883026123046875
0.171112060546875 0.049713134765625 -0.191375732421875 -0.141738891601562
0.133316040039063 0.128669738769531 -0.140403747558594 -0.135749816894531
0.0904083251953125 0.157562255859375 -0.04388427734375 -0.121795654296875
-0.0205230712890625 0.212753295898438 0.0401039123535156 -0.0507125854492187
-0.082855224609375 0.261978149414063 0.026458740234375 0.0900192260742188
-0.168731689453125 0.2559814453125 -0.0505523681640625 0.116531372070313
-0.061614990234375 0.216400146484375 -0.43585205078125 0.0760803222656251
-0.028656005859375 0.176177978515625 -0.2138671875 0.08575439453125
0.0344314575195313 0.140419006347656 -0.0901107788085938 -0.033660888671875
0.066558837890625 0.085113525390625 -0.134620666503906 -0.1004638671875
0.0756683349609375 0.0453567504882812 -0.172332763671875 -0.10272216796875
0.104995727539063 0.00099945068359375 -0.247970581054688 -0.09539794921875
0.0779495239257813 -0.0404205322265625 -0.30859375 -0.0605163574218749
0.0686302185058594 -0.0426216125488281 -0.30108642578125 -0.054595947265625
0.0699691772460938 -0.039886474609375 -0.28021240234375 -0.0845184326171875
0.0593833923339844 -0.0243988037109375 -0.21453857421875 -0.1414794921875
0.0552902221679687 0.0051116943359375 -0.128471374511719 -0.133049011230469
0.0619850158691406 0.00589752197265625 -0.0372238159179688 -0.103950500488281
0.0673370361328125 0.071746826171875 0.0272598266601563 -0.00604629516601562
0.051605224609375 0.155227661132813 -0.0186920166015625 0.146728515625
-0.0303192138671875 0.197601318359375 -0.139785766601563 0.181793212890625
-0.151626586914063 -0.144119262695312 0.13970947265625 -0.253387451171875
-0.22796630859375 -0.0131072998046875 0.04058837890625 -0.184661865234375
-0.188262939453125 0.10894775390625 -0.0403823852539063 -0.0276565551757812
-0.0813446044921875 0.167800903320313 0.00261688232421875 0.0868377685546875
0.00492858886718748 0.16082763671875 0.0634841918945313 0.139114379882813
0.0745773315429687 0.126022338867188 0.202346801757813 0.14044189453125
0.101982116699219 0.0898666381835938 0.303375244140625 0.06536865234375
0.0686492919921875 0.0877761840820313 0.296783447265625 0.016754150390625
0.0594863891601562 0.0853958129882813 0.29608154296875 0.01885986328125
0.026214599609375 0.07940673828125 0.264068603515625 0.0488739013671875
-0.00966644287109376 0.0703353881835938 0.188446044921875 0.0297393798828125
-0.037567138671875 0.0560722351074219 0.149581909179687 0.0135345458984375
-0.0787124633789062 -0.00257873535156249 0.166122436523438 -0.0363922119140625
-0.09857177734375 -0.058837890625 0.255722045898438 -0.142562866210938
-0.045135498046875 -0.114067077636719 0.53082275390625 -0.10833740234375
-0.28363037109375 -0.042755126953125 0.113433837890625 -0.274368286132813
-0.333251953125 0.067138671875 0.04327392578125 -0.199600219726563
-0.286651611328125 0.215667724609375 -0.039398193359375 -0.0753707885742187
-0.1153564453125 0.296875 -0.0231246948242188 0.0283603668212891
0.0223846435546875 0.277755737304688 0.008758544921875 0.0947418212890625
0.162811279296875 0.213699340820313 0.141448974609375 0.113662719726563
0.212265014648438 0.135040283203125 0.2430419921875 0.04107666015625
0.177017211914063 0.125442504882813 0.244232177734375 -0.0196075439453125
0.184844970703125 0.1177978515625 0.250076293945312 -0.021759033203125
0.137680053710938 0.127723693847656 0.2318115234375 -0.00883483886718749
0.0771484375 0.163116455078125 0.155242919921875 -0.0234222412109375
0.01983642578125 0.174835205078125 0.137260437011719 -0.0446853637695312
-0.112716674804687 0.143890380859375 0.171737670898438 -0.0997467041015625
-0.184051513671875 0.0949249267578125 0.265579223632813 -0.188461303710938
-0.172866821289062 0.00883483886718753 0.518096923828125 -0.159912109375
-0.37677001953125 0.06121826171875 0.0409088134765625 -0.274887084960938
-0.398651123046875 0.140899658203125 0.0206298828125 -0.196060180664062
-0.3472900390625 0.294281005859375 -0.035125732421875 -0.113807678222656
-0.140625 0.386810302734375 -0.0399971008300781 -0.039337158203125
0.029388427734375 0.359130859375 -0.0398941040039063 0.0280570983886719
0.222869873046875 0.27581787109375 0.0639762878417969 0.060302734375
0.29022216796875 0.162322998046875 0.14776611328125 0.00483703613281251
0.25927734375 0.143203735351563 0.154022216796875 -0.0525054931640625
0.287384033203125 0.1278076171875 0.166549682617188 -0.05535888671875
0.241729736328125 0.152130126953125 0.162368774414063 -0.0606231689453125
0.17095947265625 0.237152099609375 0.0958786010742188 -0.0696792602539062
0.088165283203125 0.280426025390625 0.105361938476563 -0.0948562622070312
-0.125213623046875 0.283843994140625 0.157669067382813 -0.144088745117187
-0.241729736328125 0.242904663085938 0.247177124023437 -0.195220947265625
-0.272445678710938 0.132049560546875 0.45526123046875 -0.16937255859375
-0.412322998046875 0.164459228515625 -0.0614776611328125 -0.248764038085937
-0.402801513671875 0.216094970703125 -0.02130126953125 -0.171585083007813
-0.33917236328125 0.351837158203125 -0.0323715209960938 -0.138664245605469
-0.12451171875 0.4268798828125 -0.0526123046875 -0.105506896972656
0.045166015625 0.38671875 -0.082061767578125 -0.0472946166992187
0.256927490234375 0.29229736328125 -0.0204696655273437 -0.00828933715820311
0.32720947265625 0.16253662109375 0.0315055847167969 -0.0371665954589844
0.30157470703125 0.1378173828125 0.0400466918945313 -0.0767364501953125
0.347137451171875 0.118865966796875 0.05474853515625 -0.0753707885742187
0.3094482421875 0.155242919921875 0.0628509521484375 -0.0990142822265625
0.239044189453125 0.276718139648438 0.0151138305664063 -0.102500915527344
0.143890380859375 0.3460693359375 0.056060791015625 -0.128005981445312
-0.11956787109375 0.382049560546875 0.12591552734375 -0.160980224609375
-0.262542724609375 0.352020263671875 0.203781127929687 -0.15887451171875
-0.327789306640625 0.2318115234375 0.34674072265625 -0.133056640625
-0.387298583984375 0.24884033203125 -0.179489135742188 -0.193191528320312
-0.3458251953125 0.27789306640625 -0.0735855102539063 -0.125526428222656
-0.263641357421875 0.3743896484375 -0.0363006591796875 -0.144180297851562
-0.06756591796875 0.407470703125 -0.068450927734375 -0.154632568359375
0.07269287109375 0.351715087890625 -0.118392944335938 -0.111618041992187
0.262710571289063 0.25750732421875 -0.103134155273437 -0.0734481811523437
0.31768798828125 0.133148193359375 -0.0901641845703125 -0.0732345581054687
0.30047607421875 0.1124267578125 -0.08233642578125 -0.09002685546875
0.348236083984375 0.095611572265625 -0.0677261352539062 -0.0839004516601563
0.31793212890625 0.13800048828125 -0.049957275390625 -0.121932983398437
0.254837036132813 0.272186279296875 -0.0696868896484375 -0.121658325195312
0.162689208984375 0.346893310546875 -0.000259399414062492 -0.141815185546875
-0.101104736328125 0.40252685546875 0.0880279541015625 -0.146148681640625
-0.242095947265625 0.392303466796875 0.144271850585937 -0.085845947265625
-0.32745361328125 0.2879638671875 0.209503173828125 -0.0621185302734375
-0.30517578125 0.2962646484375 -0.295867919921875 -0.1094970703125
-0.2398681640625 0.302978515625 -0.130760192871094 -0.061767578125
-0.142181396484375 0.344818115234375 -0.0529937744140625 -0.128280639648437
0.00793457031249998 0.326568603515625 -0.0950164794921875 -0.17132568359375
0.0982208251953125 0.261856079101562 -0.15081787109375 -0.142196655273437
0.238983154296875 0.178802490234375 -0.176071166992187 -0.11322021484375
0.265914916992188 0.07928466796875 -0.19976806640625 -0.0926971435546875
0.25238037109375 0.0676422119140625 -0.193283081054687 -0.0898590087890625
0.29083251953125 0.0601806640625 -0.179672241210937 -0.0869140625
0.262863159179688 0.101837158203125 -0.148666381835937 -0.13507080078125
0.2103271484375 0.218399047851562 -0.132728576660156 -0.131095886230469
0.136688232421875 0.276687622070313 -0.041595458984375 -0.140838623046875
-0.068634033203125 0.33612060546875 0.0542984008789063 -0.109893798828125
-0.17547607421875 0.3538818359375 0.0805435180664062 0.00201416015625002
-0.26788330078125 0.295257568359375 0.0662918090820312 0.0225486755371094
-0.18145751953125 0.2901611328125 -0.3941650390625 -0.010406494140625
-0.117813110351563 0.269775390625 -0.185791015625 0.0121917724609375
-0.0258026123046875 0.258804321289063 -0.08087158203125 -0.0889968872070312
0.0626220703125 0.20574951171875 -0.127426147460938 -0.146942138671875
0.103195190429688 0.146484375 -0.172271728515625 -0.132781982421875
0.182388305664062 0.079742431640625 -0.228485107421875 -0.117645263671875
0.17767333984375 0.013427734375 -0.281143188476563 -0.085052490234375
0.165451049804688 0.01116943359375 -0.275650024414063 -0.0755462646484375
0.185379028320313 0.013275146484375 -0.261428833007812 -0.086029052734375
0.161590576171875 0.0458526611328125 -0.21209716796875 -0.1429443359375
0.128410339355469 0.120811462402344 -0.15765380859375 -0.136825561523438
0.08843994140625 0.148361206054688 -0.0577926635742187 -0.130661010742188
-0.01251220703125 0.204376220703125 0.0330581665039062 -0.0638236999511719
-0.0673065185546875 0.257583618164063 0.022674560546875 0.081634521484375
-0.155258178710937 0.260040283203125 -0.0591659545898438 0.106620788574219
-0.036773681640625 0.22540283203125 -0.462432861328125 0.0842895507812501
-0.00749206542968748 0.180557250976563 -0.234786987304688 0.0861663818359376
0.0552520751953125 0.133926391601563 -0.10943603515625 -0.0316619873046875
0.07659912109375 0.07073974609375 -0.151077270507813 -0.0923004150390625
0.076263427734375 0.0308685302734375 -0.1796875 -0.0952606201171875
0.0956039428710937 -0.0130081176757812 -0.25531005859375 -0.0921020507812501
0.0623855590820312 -0.0474090576171875 -0.322601318359375 -0.05743408203125
0.0533218383789063 -0.0467071533203125 -0.3157958984375 -0.0499877929687499
0.0538711547851563 -0.0418739318847656 -0.297698974609375 -0.082183837890625
0.0428314208984375 -0.0277442932128906 -0.22955322265625 -0.142410278320313
0.0418701171875 -0.00463485717773437 -0.13958740234375 -0.136161804199219
0.0527458190917969 -0.009918212890625 -0.0466079711914063 -0.112068176269531
0.0755538940429688 0.05279541015625 0.0252227783203125 -0.0168800354003906
0.0724945068359375 0.141387939453125 -0.0189971923828125 0.140045166015625
-0.00740051269531251 0.19757080078125 -0.143890380859375 0.1773681640625
-0.184677124023438 -0.132339477539063 0.135711669921875 -0.250259399414063
-0.238845825195313 0.01910400390625 0.0391845703125 -0.178787231445313
-0.18310546875 0.14056396484375 -0.0414085388183594 -0.0211334228515625
-0.05987548828125 0.18853759765625 0.00876617431640625 0.0932540893554688
0.0311737060546875 0.16912841796875 0.07073974609375 0.144241333007813
0.101531982421875 0.119102478027344 0.216629028320313 0.139205932617188
0.124336242675781 0.0780792236328125 0.31561279296875 0.05615234375
0.0887527465820313 0.0827560424804688 0.304473876953125 0.00750732421875001
0.08160400390625 0.0831832885742188 0.302978515625 0.00939941406250001
0.0429000854492187 0.0851516723632813 0.266815185546875 0.036895751953125
-0.000801086425781243 0.0856094360351563 0.187728881835938 0.0170440673828125
-0.0405654907226562 0.0736312866210938 0.155105590820313 -0.001373291015625
-0.0993194580078125 0.00988769531250002 0.177734375 -0.052001953125
-0.125709533691406 -0.0506057739257813 0.268966674804688 -0.158523559570313
-0.0749359130859375 -0.118057250976562 0.550994873046875 -0.139678955078125
-0.315887451171875 -0.02667236328125 0.0999298095703125 -0.268417358398437
-0.346832275390625 0.10162353515625 0.03466796875 -0.193359375
-0.282073974609375 0.25201416015625 -0.0473556518554688 -0.0685920715332031
-0.091400146484375 0.32232666015625 -0.0257034301757813 0.0372352600097657
0.05157470703125 0.2884521484375 0.00810241699218751 0.105598449707031
0.194015502929688 0.206192016601563 0.148605346679687 0.118637084960938
0.2386474609375 0.1214599609375 0.248458862304688 0.0373077392578125
0.199447631835938 0.117950439453125 0.243026733398438 -0.0262298583984375
0.21038818359375 0.111419677734375 0.248336791992188 -0.0301666259765625
0.156112670898437 0.130355834960938 0.225784301757813 -0.0204925537109375
0.0918731689453125 0.176162719726563 0.147079467773437 -0.0357208251953125
0.02276611328125 0.190292358398438 0.134483337402344 -0.0624160766601562
-0.126907348632812 0.159255981445313 0.174285888671875 -0.120574951171875
-0.20574951171875 0.108047485351563 0.270309448242188 -0.20989990234375
-0.2003173828125 0.00999450683593753 0.52532958984375 -0.19488525390625
-0.4027099609375 0.07794189453125 0.0167999267578125 -0.266830444335938
-0.412353515625 0.17327880859375 0.00558471679687497 -0.188674926757813
-0.34674072265625 0.32977294921875 -0.0501785278320313 -0.108863830566406
-0.118560791015625 0.413848876953125 -0.0523605346679688 -0.0299911499023437
0.056243896484375 0.372314453125 -0.049896240234375 0.0417442321777344
0.252822875976563 0.268585205078125 0.0632553100585938 0.0709457397460938
0.315887451171875 0.14886474609375 0.144790649414063 0.00607299804687501
0.280868530273438 0.133834838867188 0.145111083984375 -0.05462646484375
0.31170654296875 0.117767333984375 0.157745361328125 -0.0600738525390625
0.260208129882813 0.150665283203125 0.148513793945313 -0.070037841796875
0.188583374023437 0.244094848632812 0.0810089111328125 -0.0789718627929687
0.098388671875 0.292388916015625 0.0941390991210938 -0.112281799316406
-0.13055419921875 0.300994873046875 0.1502685546875 -0.168731689453125
-0.254226684570313 0.261016845703125 0.24359130859375 -0.21942138671875
-0.294464111328125 0.140167236328125 0.45220947265625 -0.2056884765625
-0.42755126953125 0.179718017578125 -0.095062255859375 -0.239120483398438
-0.412078857421875 0.2408447265625 -0.0434112548828125 -0.164962768554687
-0.339996337890625 0.38079833984375 -0.0533447265625 -0.1348876953125
-0.108673095703125 0.449981689453125 -0.0726776123046875 -0.0958786010742187
0.065704345703125 0.400299072265625 -0.0987701416015625 -0.034027099609375
0.28118896484375 0.2879638671875 -0.0286521911621094 0.00410652160644533
0.34814453125 0.150726318359375 0.0207901000976563 -0.0307331085205078
0.31964111328125 0.1298828125 0.0240707397460938 -0.0748672485351562
0.3681640625 0.106201171875 0.0395965576171875 -0.0754165649414063
0.32550048828125 0.148590087890625 0.0420150756835938 -0.103668212890625
0.258865356445313 0.27752685546875 -0.00537109374999998 -0.107192993164062
0.1597900390625 0.352081298828125 0.037139892578125 -0.142532348632813
-0.11627197265625 0.3990478515625 0.11175537109375 -0.183822631835937
-0.264739990234375 0.372406005859375 0.193771362304688 -0.181182861328125
-0.34088134765625 0.24420166015625 0.336273193359375 -0.164642333984375
-0.389678955078125 0.26165771484375 -0.218536376953125 -0.18206787109375
-0.3470458984375 0.294952392578125 -0.101036071777344 -0.120208740234375
-0.2596435546875 0.390411376953125 -0.062225341796875 -0.142333984375
-0.05523681640625 0.419830322265625 -0.094207763671875 -0.14697265625
0.084716796875 0.35888671875 -0.138534545898437 -0.0992889404296875
0.277450561523438 0.252471923828125 -0.117454528808594 -0.061614990234375
0.33026123046875 0.12396240234375 -0.107009887695312 -0.0642852783203125
0.310577392578125 0.105377197265625 -0.102210998535156 -0.0835723876953125
0.36175537109375 0.08428955078125 -0.0869140625 -0.0785675048828125
0.327972412109375 0.129425048828125 -0.0752105712890625 -0.1204833984375
0.271194458007813 0.26715087890625 -0.0933456420898437 -0.119537353515625
0.17828369140625 0.346893310546875 -0.021697998046875 -0.151580810546875
-0.0902099609375 0.41558837890625 0.0702972412109375 -0.164886474609375
-0.233734130859375 0.40838623046875 0.132804870605469 -0.102897644042969
-0.331207275390625 0.301055908203125 0.195510864257812 -0.0859832763671875
-0.2935791015625 0.30657958984375 -0.335235595703125 -0.0946350097656249
-0.229248046875 0.31207275390625 -0.159820556640625 -0.056610107421875
-0.132965087890625 0.34698486328125 -0.0799407958984375 -0.125694274902344
0.01641845703125 0.325408935546875 -0.121688842773437 -0.16259765625
0.102798461914063 0.2606201171875 -0.169174194335938 -0.130386352539062
0.2420654296875 0.171066284179688 -0.191848754882812 -0.10308837890625
0.268234252929688 0.0721282958984375 -0.219375610351562 -0.0813751220703125
0.254104614257813 0.0630035400390625 -0.214767456054687 -0.0796051025390626
0.29473876953125 0.052032470703125 -0.201583862304687 -0.0766143798828125
0.264358520507812 0.0950469970703125 -0.174331665039062 -0.128799438476562
0.218215942382813 0.21234130859375 -0.156463623046875 -0.124832153320312
0.144973754882813 0.27227783203125 -0.0638885498046875 -0.14599609375
-0.058013916015625 0.33929443359375 0.0379180908203125 -0.123771667480469
-0.16217041015625 0.359375 0.0699653625488281 -0.00887680053710935
-0.260345458984375 0.305450439453125 0.0512275695800781 0.00888442993164064
-0.157958984375 0.29693603515625 -0.428680419921875 0.00912475585937509
-0.0988311767578125 0.27166748046875 -0.213088989257812 0.018798828125
-0.00975036621093751 0.251205444335937 -0.105880737304688 -0.0838470458984375
0.0701904296875 0.193572998046875 -0.150177001953125 -0.134872436523438
0.102470397949219 0.136581420898438 -0.186386108398438 -0.121597290039062
0.175582885742188 0.0692901611328125 -0.242599487304687 -0.10845947265625
0.168670654296875 0.0087890625 -0.30047607421875 -0.07354736328125
0.157913208007813 0.00927734375 -0.296722412109375 -0.063140869140625
0.178024291992188 0.0103759765625 -0.283203125 -0.0738525390625
0.1533203125 0.043975830078125 -0.236251831054687 -0.133895874023438
0.123802185058594 0.115127563476563 -0.178115844726563 -0.130767822265625
0.0855178833007813 0.139129638671875 -0.0772628784179687 -0.134017944335938
-0.00556945800781252 0.19464111328125 0.020843505859375 -0.0758514404296875
-0.05120849609375 0.250274658203125 0.0164413452148438 0.0746383666992188
-0.137771606445313 0.262298583984375 -0.0710525512695313 0.101081848144531
-0.00645446777343749 0.227615356445313 -0.488494873046875 0.108917236328125
0.01605224609375 0.1783447265625 -0.256744384765625 0.097747802734375
0.0751266479492187 0.120429992675781 -0.129226684570313 -0.0211944580078125
0.0829315185546875 0.052947998046875 -0.16644287109375 -0.076416015625
0.0728225708007813 0.0164566040039063 -0.185546875 -0.084136962890625
0.0817489624023438 -0.0241851806640625 -0.264144897460937 -0.0834808349609375
0.0440940856933594 -0.0488243103027344 -0.33709716796875 -0.0450134277343751
0.037200927734375 -0.0457038879394531 -0.33135986328125 -0.036407470703125
0.0364570617675781 -0.0386199951171875 -0.31585693359375 -0.070465087890625
0.0255336761474609 -0.0254917144775391 -0.248382568359375 -0.136215209960937
0.0251750946044922 -0.0100173950195313 -0.154830932617188 -0.134292602539062
0.0380096435546875 -0.0226821899414063 -0.0601425170898437 -0.1163330078125
0.0778732299804688 0.0298690795898438 0.0187492370605469 -0.0273246765136719
0.0897445678710938 0.119583129882813 -0.0205078125 0.134536743164063
0.0169830322265625 0.190780639648438 -0.149169921875 0.177047729492188
-0.210968017578125 -0.109222412109375 0.13458251953125 -0.244674682617187
-0.236328125 0.0528106689453125 0.04095458984375 -0.172088623046875
-0.166183471679688 0.167861938476563 -0.0394210815429688 -0.0144004821777344
-0.0315093994140625 0.200088500976563 0.0179901123046875 0.0966949462890625
0.0588836669921875 0.165802001953125 0.08038330078125 0.147018432617188
0.12451171875 0.101760864257813 0.229156494140625 0.13250732421875
0.141403198242188 0.057769775390625 0.324249267578125 0.042724609375
0.105606079101563 0.069793701171875 0.308380126953125 -0.005462646484375
0.10125732421875 0.0710983276367188 0.305389404296875 -0.0029296875
0.0611495971679688 0.0842514038085938 0.264678955078125 0.024810791015625
0.0145111083984375 0.096038818359375 0.182449340820313 0.00463867187500001
-0.0366058349609375 0.0904617309570313 0.1546630859375 -0.0177154541015625
-0.113471984863281 0.0291976928710937 0.182937622070313 -0.0701446533203125
-0.147903442382813 -0.0312957763671875 0.275482177734375 -0.178390502929687
-0.104095458984375 -0.110549926757813 0.55633544921875 -0.176300048828125
-0.33880615234375 0.00097656250000003 0.0903472900390625 -0.258575439453125
-0.344757080078125 0.138671875 0.0309906005859375 -0.1832275390625
-0.2647705078125 0.28497314453125 -0.0518150329589844 -0.0591850280761718
-0.058685302734375 0.336456298828125 -0.0245857238769531 0.0458831787109375
0.082794189453125 0.287933349609375 0.0111236572265625 0.115898132324219
0.220809936523438 0.186660766601563 0.158065795898438 0.120773315429688
0.258590698242188 0.0983123779296875 0.25238037109375 0.0313720703125
0.218307495117188 0.102157592773438 0.240097045898438 -0.032196044921875
0.232009887695313 0.094757080078125 0.244857788085938 -0.03662109375
0.175567626953125 0.1251220703125 0.216079711914063 -0.0295562744140625
0.109451293945313 0.182144165039063 0.134300231933594 -0.0445022583007812
0.0305938720703125 0.203857421875 0.125129699707031 -0.0783233642578125
-0.135406494140625 0.178863525390625 0.168563842773438 -0.141571044921875
-0.220138549804687 0.12982177734375 0.266159057617188 -0.231475830078125
-0.225570678710938 0.0224456787109375 0.51898193359375 -0.232025146484375
-0.420074462890625 0.10321044921875 -0.00106811523437504 -0.250442504882812
-0.41119384765625 0.20709228515625 -0.00511169433593751 -0.176071166992188
-0.33184814453125 0.364501953125 -0.06201171875 -0.09771728515625
-0.0879516601562501 0.43115234375 -0.0593681335449219 -0.0160179138183593
0.086639404296875 0.37445068359375 -0.0535392761230469 0.0578765869140625
0.279556274414063 0.251205444335938 0.0665054321289063 0.0803146362304688
0.33514404296875 0.1253662109375 0.143768310546875 0.00875854492187501
0.2987060546875 0.11822509765625 0.135734558105469 -0.0547027587890625
0.33233642578125 0.09747314453125 0.147918701171875 -0.0604705810546875
0.278106689453125 0.14068603515625 0.131568908691406 -0.0737152099609375
0.2098388671875 0.243408203125 0.0626296997070313 -0.0825042724609375
0.11322021484375 0.299468994140625 0.076324462890625 -0.12445068359375
-0.129150390625 0.32037353515625 0.13409423828125 -0.188232421875
-0.259246826171875 0.283538818359375 0.230377197265625 -0.24053955078125
-0.311431884765625 0.1553955078125 0.43572998046875 -0.23736572265625
-0.43603515625 0.200225830078125 -0.120346069335938 -0.216949462890625
-0.41070556640625 0.268707275390625 -0.0608062744140625 -0.1500244140625
-0.329345703125 0.408050537109375 -0.0716171264648438 -0.123397827148437
-0.0836181640625 0.464385986328125 -0.0875244140625 -0.0801162719726562
0.090545654296875 0.40362548828125 -0.108512878417969 -0.014678955078125
0.3026123046875 0.273193359375 -0.0313968658447265 0.0190849304199219
0.364105224609375 0.13189697265625 0.0141525268554688 -0.0213489532470703
0.33367919921875 0.115447998046875 0.0108985900878906 -0.0677146911621094
0.38336181640625 0.086273193359375 0.0262985229492188 -0.0689964294433594
0.338348388671875 0.134979248046875 0.0204925537109375 -0.0999832153320313
0.27886962890625 0.270111083984375 -0.0270538330078125 -0.10260009765625
0.177093505859375 0.3521728515625 0.01397705078125 -0.148941040039062
-0.105987548828125 0.4140625 0.08929443359375 -0.199127197265625
-0.258819580078125 0.392333984375 0.176681518554687 -0.198211669921875
-0.348541259765625 0.261566162109375 0.31414794921875 -0.19024658203125
-0.386260986328125 0.27386474609375 -0.249526977539063 -0.155288696289063
-0.34002685546875 0.31048583984375 -0.123931884765625 -0.103744506835938
-0.2509765625 0.406097412109375 -0.0848388671875 -0.130142211914063
-0.039642333984375 0.426300048828125 -0.114227294921875 -0.129035949707031
0.099151611328125 0.361480712890625 -0.152801513671875 -0.0801849365234375
0.290008544921875 0.241729736328125 -0.126396179199219 -0.0447006225585938
0.3397216796875 0.11029052734375 -0.118743896484375 -0.049530029296875
0.318145751953125 0.094940185546875 -0.118598937988281 -0.069732666015625
0.3704833984375 0.0675048828125 -0.102836608886719 -0.0659027099609375
0.33538818359375 0.116668701171875 -0.0974960327148438 -0.109130859375
0.285980224609375 0.256561279296875 -0.114608764648437 -0.108299255371094
0.19342041015625 0.341156005859375 -0.046783447265625 -0.151641845703125
-0.076812744140625 0.423675537109375 0.046234130859375 -0.175384521484375
-0.220001220703125 0.42108154296875 0.115142822265625 -0.114242553710937
-0.327117919921875 0.31585693359375 0.172653198242187 -0.102920532226562
-0.278900146484375 0.311981201171875 -0.365142822265625 -0.065704345703125
-0.216827392578125 0.314849853515625 -0.185211181640625 -0.0399627685546875
-0.12322998046875 0.346588134765625 -0.10498046875 -0.112884521484375
0.0250244140625 0.321441650390625 -0.142898559570312 -0.14422607421875
0.107208251953125 0.258575439453125 -0.182632446289062 -0.113677978515625
0.2430419921875 0.162307739257813 -0.203399658203125 -0.0865631103515625
0.268096923828125 0.0653076171875 -0.234085083007813 -0.063690185546875
0.254653930664063 0.057586669921875 -0.231338500976563 -0.0616607666015625
0.29522705078125 0.0423583984375 -0.217880249023437 -0.0584869384765625
0.264663696289063 0.087615966796875 -0.196243286132812 -0.112991333007813
0.22406005859375 0.203109741210938 -0.17608642578125 -0.109909057617187
0.151626586914062 0.2645263671875 -0.0874481201171875 -0.141983032226562
-0.047027587890625 0.337554931640625 0.0166549682617188 -0.131080627441406
-0.14642333984375 0.36090087890625 0.0563735961914062 -0.0153617858886719
-0.249481201171875 0.310516357421875 0.0315437316894531 0.00128746032714846
-0.1339111328125 0.294036865234375 -0.45361328125 0.0392761230468749
-0.0804443359375 0.266372680664063 -0.235687255859375 0.0357666015625
0.00222778320312499 0.238006591796875 -0.12689208984375 -0.0694580078125
0.0725860595703125 0.179794311523438 -0.167205810546875 -0.115585327148438
0.0984115600585937 0.128227233886719 -0.194976806640625 -0.106277465820312
0.165939331054688 0.0624542236328125 -0.253036499023437 -0.0945587158203125
0.158767700195313 0.008087158203125 -0.313812255859375 -0.055145263671875
0.1500244140625 0.0099639892578125 -0.310546875 -0.042327880859375
0.171539306640625 0.01031494140625 -0.2979736328125 -0.053070068359375
0.146240234375 0.0438995361328125 -0.254806518554688 -0.115997314453125
0.117988586425781 0.111457824707031 -0.195083618164062 -0.117050170898437
0.0798416137695312 0.132194519042969 -0.0967864990234375 -0.129249572753906
-0.0029754638671875 0.183197021484375 0.00438690185546875 -0.081298828125
-0.0381622314453125 0.237319946289062 0.00749969482421875 0.0711441040039063
-0.1204833984375 0.25732421875 -0.084686279296875 0.0998306274414063
0.022613525390625 0.217788696289063 -0.50372314453125 0.14111328125
0.0366668701171875 0.16778564453125 -0.272171020507813 0.116424560546875
0.0879745483398438 0.100112915039063 -0.142913818359375 -0.00418090820312501
0.0810089111328125 0.0344467163085938 -0.174896240234375 -0.056427001953125
0.0637435913085938 0.00372695922851563 -0.186767578125 -0.0711669921875
0.0642356872558594 -0.0289382934570313 -0.269363403320313 -0.0711669921875
0.0271415710449219 -0.0432243347167969 -0.345794677734375 -0.0279846191406251
0.0224494934082031 -0.0383338928222656 -0.340911865234375 -0.0180664062499999
0.0218372344970703 -0.0286159515380859 -0.3287353515625 -0.0526428222656251
0.0107011795043945 -0.0168609619140625 -0.263809204101563 -0.12225341796875
0.00784397125244141 -0.0085749626159668 -0.16845703125 -0.125961303710938
0.0193557739257813 -0.0288639068603516 -0.0755233764648438 -0.1146240234375
0.0707168579101563 0.008331298828125 0.00876426696777344 -0.0345840454101563
0.0978469848632812 0.0933914184570312 -0.0237579345703125 0.130149841308594
0.03778076171875 0.174407958984375 -0.154464721679687 0.177658081054688
-0.225936889648438 -0.0825347900390625 0.139312744140625 -0.24005126953125
-0.22332763671875 0.07904052734375 0.0480499267578125 -0.16766357421875
-0.143936157226563 0.18487548828125 -0.0351524353027344 -0.00944519042968748
-0.00527954101562502 0.199935913085937 0.026275634765625 0.0967864990234375
0.0811767578125 0.155075073242187 0.0883026123046875 0.147354125976563
0.138046264648438 0.079833984375 0.237014770507813 0.124374389648438
0.14935302734375 0.035675048828125 0.32781982421875 0.030975341796875
0.115089416503906 0.054779052734375 0.3082275390625 -0.0140380859375
0.114395141601563 0.055755615234375 0.30535888671875 -0.01019287109375
0.0759429931640625 0.0771636962890625 0.258819580078125 0.0165557861328125
0.0298843383789063 0.0999908447265625 0.173126220703125 -0.00300598144531249
-0.028778076171875 0.104270935058594 0.149444580078125 -0.03094482421875
-0.120353698730469 0.0492019653320313 0.182540893554688 -0.0864715576171875
-0.161041259765625 -0.00924682617187498 0.277313232421875 -0.195144653320313
-0.12567138671875 -0.095550537109375 0.552520751953125 -0.20587158203125
-0.35101318359375 0.027862548828125 0.08990478515625 -0.245758056640625
-0.33172607421875 0.167083740234375 0.03411865234375 -0.174087524414063
-0.241607666015625 0.30633544921875 -0.0523681640625 -0.0496559143066406
-0.02899169921875 0.33892822265625 -0.0202713012695313 0.0533294677734375
0.107589721679687 0.277664184570312 0.0165023803710938 0.124526977539063
0.236434936523438 0.162017822265625 0.165496826171875 0.121170043945313
0.267822265625 0.073699951171875 0.255523681640625 0.027435302734375
0.229461669921875 0.0853424072265625 0.235992431640625 -0.034637451171875
0.245468139648438 0.075347900390625 0.23992919921875 -0.038726806640625
0.190139770507813 0.115890502929688 0.204635620117188 -0.0319976806640625
0.126541137695313 0.182479858398438 0.121353149414063 -0.0468978881835937
0.04071044921875 0.21392822265625 0.112648010253906 -0.0877151489257812
-0.138961791992187 0.198410034179688 0.158218383789063 -0.155029296875
-0.228836059570312 0.151565551757813 0.258209228515625 -0.246551513671875
-0.244857788085937 0.038726806640625 0.504852294921875 -0.2576904296875
-0.42919921875 0.126861572265625 -0.00736999511718753 -0.2293701171875
-0.401763916015625 0.2335205078125 -0.00691223144531252 -0.160980224609375
-0.31353759765625 0.386993408203125 -0.0674896240234375 -0.0847396850585937
-0.059173583984375 0.435089111328125 -0.0603828430175781 -0.00269317626953124
0.1103515625 0.368896484375 -0.0518112182617187 0.073486328125
0.294189453125 0.2301025390625 0.0727615356445313 0.0885391235351563
0.3453369140625 0.102783203125 0.144454956054688 0.011962890625
0.30792236328125 0.10198974609375 0.129585266113281 -0.0499496459960938
0.342864990234375 0.07696533203125 0.14068603515625 -0.056671142578125
0.28948974609375 0.128204345703125 0.117164611816406 -0.0704803466796875
0.2261962890625 0.238479614257812 0.0470657348632813 -0.078704833984375
0.124969482421875 0.302703857421875 0.0583267211914063 -0.128273010253906
-0.12652587890625 0.33587646484375 0.1160888671875 -0.198257446289062
-0.25921630859375 0.303680419921875 0.215347290039062 -0.252761840820313
-0.32427978515625 0.17132568359375 0.413360595703125 -0.25714111328125
-0.439422607421875 0.216583251953125 -0.132766723632813 -0.19085693359375
-0.40264892578125 0.286895751953125 -0.0679931640625 -0.131072998046875
-0.316925048828125 0.42791748046875 -0.0819320678710938 -0.107444763183594
-0.062164306640625 0.47039794921875 -0.0936355590820313 -0.0626754760742187
0.109344482421875 0.401947021484375 -0.111137390136719 0.00455474853515628
0.31536865234375 0.256622314453125 -0.0292625427246094 0.0325431823730469
0.371856689453125 0.113922119140625 0.0120935440063477 -0.0111494064331055
0.34051513671875 0.102294921875 0.00241851806640626 -0.0572395324707031
0.39056396484375 0.0673828125 0.017547607421875 -0.0593605041503906
0.34637451171875 0.122650146484375 0.00480651855468753 -0.089813232421875
0.292327880859375 0.260589599609375 -0.0431594848632812 -0.0929031372070313
0.190185546875 0.348907470703125 -0.00634765625 -0.146621704101562
-0.09649658203125 0.424835205078125 0.0667572021484375 -0.204925537109375
-0.250640869140625 0.406524658203125 0.158340454101563 -0.20599365234375
-0.35284423828125 0.27374267578125 0.288818359375 -0.20294189453125
-0.38275146484375 0.282196044921875 -0.264968872070313 -0.125762939453125
-0.333587646484375 0.318511962890625 -0.136940002441406 -0.083038330078125
-0.24200439453125 0.414794921875 -0.0997085571289063 -0.11309814453125
-0.02752685546875 0.4288330078125 -0.124626159667969 -0.108528137207031
0.109283447265625 0.361083984375 -0.158462524414063 -0.0608673095703125
0.296112060546875 0.231201171875 -0.128143310546875 -0.0287857055664062
0.34368896484375 0.099212646484375 -0.123519897460937 -0.0343475341796875
0.3221435546875 0.08648681640625 -0.127212524414062 -0.0544509887695313
0.3729248046875 0.052886962890625 -0.111038208007812 -0.0504837036132813
0.337493896484375 0.105072021484375 -0.112655639648437 -0.0938491821289062
0.294830322265625 0.246002197265625 -0.129013061523437 -0.0930023193359375
0.20306396484375 0.334747314453125 -0.0665435791015625 -0.143753051757813
-0.065582275390625 0.426849365234375 0.023895263671875 -0.176361083984375
-0.20892333984375 0.4267578125 0.0983123779296875 -0.116752624511719
-0.324737548828125 0.322784423828125 0.147903442382812 -0.10870361328125
-0.267913818359375 0.308563232421875 -0.382293701171875 -0.0346069335937499
-0.2080078125 0.3126220703125 -0.200912475585938 -0.0188140869140625
-0.119049072265625 0.34283447265625 -0.120353698730469 -0.0950012207031249
0.02734375 0.31768798828125 -0.154159545898438 -0.122817993164062
0.1075439453125 0.257308959960938 -0.188446044921875 -0.0958404541015625
0.24078369140625 0.157684326171875 -0.207183837890625 -0.070892333984375
0.266571044921875 0.0616302490234375 -0.240463256835937 -0.045684814453125
0.25286865234375 0.0556640625 -0.240066528320312 -0.043060302734375
0.294189453125 0.036041259765625 -0.225662231445312 -0.0398712158203125
0.26239013671875 0.0834197998046875 -0.20904541015625 -0.09332275390625
0.224929809570313 0.196990966796875 -0.18804931640625 -0.093048095703125
0.154052734375 0.257736206054688 -0.104690551757812 -0.131729125976563
-0.040985107421875 0.333770751953125 -0.00297546386718749 -0.130203247070312
-0.136077880859375 0.35687255859375 0.0419044494628906 -0.0153999328613281
-0.24169921875 0.310272216796875 0.0112676620483398 0.00090503692626955
-0.11724853515625 0.28253173828125 -0.465240478515625 0.0699768066406251
-0.0684814453125 0.2552490234375 -0.251022338867188 0.0565338134765625
0.0058135986328125 0.22308349609375 -0.14068603515625 -0.0509796142578125
0.068603515625 0.1693115234375 -0.174346923828125 -0.09515380859375
0.0908966064453125 0.124320983886719 -0.196548461914063 -0.093017578125
0.154922485351563 0.061920166015625 -0.25634765625 -0.081329345703125
0.151809692382813 0.01275634765625 -0.3192138671875 -0.03759765625
0.144561767578125 0.015289306640625 -0.3165283203125 -0.02447509765625
0.165908813476563 0.0144805908203125 -0.30517578125 -0.0338134765625
0.139175415039063 0.0481796264648438 -0.265335083007813 -0.0978851318359375
0.110794067382813 0.111984252929687 -0.204452514648438 -0.101760864257813
0.0718917846679687 0.129508972167969 -0.111488342285156 -0.119468688964844
-0.0065460205078125 0.172805786132813 -0.0110244750976563 -0.0815887451171875
-0.034149169921875 0.222366333007812 -0.00226593017578126 0.0711593627929688
-0.110443115234375 0.245880126953125 -0.0990066528320313 0.10272216796875
0.041839599609375 0.20050048828125 -0.50872802734375 0.17010498046875
0.05029296875 0.152236938476562 -0.281341552734375 0.1370849609375
0.0915756225585938 0.0791397094726563 -0.150177001953125 0.013702392578125
0.0735015869140625 0.0200576782226563 -0.175521850585938 -0.03790283203125
0.0513725280761719 -0.00272750854492188 -0.183380126953125 -0.0613250732421875
0.0479164123535156 -0.0260772705078125 -0.2705078125 -0.06201171875
0.0145797729492188 -0.0324020385742188 -0.349395751953125 -0.0142822265625
0.0133705139160156 -0.0272808074951172 -0.343841552734375 -0.00219726562499993
0.0134191513061523 -0.0144977569580078 -0.334442138671875 -0.035186767578125
0.00104928016662598 -0.00438737869262695 -0.271514892578125 -0.107528686523438
-0.00663137435913086 -0.000524044036865233 -0.176986694335938 -0.11553955078125
0.00222396850585937 -0.0275459289550781 -0.0868377685546875 -0.108673095703125
0.0582771301269531 -0.00763702392578125 -0.00240707397460937 -0.0379295349121094
0.0954666137695313 0.0685882568359375 -0.0300674438476563 0.127693176269531
0.048614501953125 0.153778076171875 -0.161758422851563 0.179229736328125
-0.23358154296875 -0.0597076416015625 0.150970458984375 -0.23870849609375
-0.2088623046875 0.0952301025390625 0.0584716796875 -0.168075561523438
-0.124649047851563 0.19366455078125 -0.030303955078125 -0.00669860839843749
0.0150146484375 0.19580078125 0.0329666137695312 0.0958251953125
0.0955047607421875 0.143173217773438 0.0948028564453125 0.148574829101563
0.144989013671875 0.05938720703125 0.24334716796875 0.119674682617188
0.151412963867188 0.0165252685546875 0.332305908203125 0.024566650390625
0.120552062988281 0.04119873046875 0.31072998046875 -0.016937255859375
0.121513366699219 0.0405426025390625 0.30792236328125 -0.013458251953125
0.087066650390625 0.0693435668945313 0.255859375 0.01654052734375
0.0435333251953125 0.101570129394531 0.166015625 -0.00427246093749999
-0.0197830200195313 0.114921569824219 0.144119262695312 -0.0391693115234375
-0.122604370117188 0.0682907104492187 0.1817626953125 -0.0984954833984375
-0.168243408203125 0.0114898681640625 0.281021118164063 -0.210006713867188
-0.141159057617188 -0.0794219970703125 0.55218505859375 -0.224273681640625
-0.358856201171875 0.049713134765625 0.0984039306640625 -0.237350463867188
-0.319366455078125 0.18438720703125 0.0431365966796875 -0.169036865234375
-0.223236083984375 0.31915283203125 -0.0499763488769532 -0.0430145263671875
-0.00802612304687502 0.336517333984375 -0.0154876708984375 0.0582504272460938
0.123565673828125 0.267745971679688 0.022705078125 0.132011413574219
0.24468994140625 0.142608642578125 0.173309326171875 0.123306274414063
0.272491455078125 0.0536346435546875 0.260040283203125 0.02679443359375
0.236572265625 0.07196044921875 0.236984252929688 -0.0326995849609375
0.2540283203125 0.0589447021484375 0.240081787109375 -0.0372161865234375
0.201034545898438 0.107009887695313 0.1983642578125 -0.0284576416015625
0.140960693359375 0.182937622070313 0.111358642578125 -0.04400634765625
0.0494842529296875 0.2236328125 0.102287292480469 -0.0917434692382812
-0.140670776367188 0.216720581054687 0.150466918945313 -0.1641845703125
-0.234329223632813 0.173065185546875 0.25445556640625 -0.257614135742188
-0.260482788085938 0.0554504394531251 0.496368408203125 -0.27093505859375
-0.438446044921875 0.14532470703125 -0.00358581542968753 -0.214767456054687
-0.39312744140625 0.250701904296875 -0.000656127929687526 -0.150604248046875
-0.30059814453125 0.402496337890625 -0.0678482055664063 -0.0740966796875
-0.040435791015625 0.4366455078125 -0.0578842163085938 0.00772094726562503
0.12567138671875 0.36370849609375 -0.0480270385742187 0.086090087890625
0.30438232421875 0.214019775390625 0.08056640625 0.0959396362304688
0.35052490234375 0.0859375 0.148513793945313 0.016754150390625
0.315185546875 0.09063720703125 0.127777099609375 -0.0439453125
0.35113525390625 0.06085205078125 0.138900756835938 -0.0509719848632812
0.298675537109375 0.119781494140625 0.107963562011719 -0.0626220703125
0.239456176757813 0.235870361328125 0.0359268188476563 -0.0719985961914063
0.134857177734375 0.309112548828125 0.0446014404296875 -0.127693176269531
-0.126190185546875 0.352569580078125 0.1029052734375 -0.2032470703125
-0.261322021484375 0.32196044921875 0.205947875976563 -0.25921630859375
-0.337738037109375 0.185943603515625 0.398834228515625 -0.264862060546875
-0.449249267578125 0.22735595703125 -0.133697509765625 -0.169143676757812
-0.40093994140625 0.298797607421875 -0.0669479370117188 -0.11602783203125
-0.31109619140625 0.441986083984375 -0.0868377685546875 -0.0934219360351562
-0.04888916015625 0.47454833984375 -0.094757080078125 -0.048004150390625
0.120025634765625 0.40234375 -0.109718322753906 0.0203704833984375
0.3231201171875 0.24713134765625 -0.0235633850097656 0.0437850952148438
0.37811279296875 0.102386474609375 0.0139608383178711 -0.00213909149169921
0.3475341796875 0.094635009765625 -0.00133514404296873 -0.0468559265136719
0.397216796875 0.054046630859375 0.0145835876464844 -0.049285888671875
0.352294921875 0.11407470703125 -0.00482940673828123 -0.0780563354492187
0.303131103515625 0.256195068359375 -0.0535049438476562 -0.0816116333007812
0.199310302734375 0.350860595703125 -0.0214080810546875 -0.141021728515625
-0.093475341796875 0.43682861328125 0.050689697265625 -0.20452880859375
-0.24945068359375 0.420562744140625 0.145843505859375 -0.207595825195312
-0.36279296875 0.285369873046875 0.270462036132812 -0.206085205078125
-0.388946533203125 0.284576416015625 -0.271835327148438 -0.100418090820313
-0.332916259765625 0.322998046875 -0.141769409179688 -0.0650177001953125
-0.243804931640625 0.423370361328125 -0.107177734375 -0.0966110229492187
-0.021820068359375 0.43316650390625 -0.128105163574219 -0.0926971435546875
0.1148681640625 0.365020751953125 -0.15948486328125 -0.0451202392578125
0.299774169921875 0.22845458984375 -0.125251770019531 -0.01605224609375
0.34832763671875 0.09381103515625 -0.124107360839844 -0.0222549438476563
0.32708740234375 0.083740234375 -0.132164001464844 -0.0414505004882813
0.377349853515625 0.044769287109375 -0.114768981933594 -0.0379409790039063
0.340606689453125 0.101226806640625 -0.120750427246094 -0.0789794921875
0.300079345703125 0.241973876953125 -0.13818359375 -0.07843017578125
0.207977294921875 0.33392333984375 -0.0807647705078125 -0.134361267089844
-0.063201904296875 0.43206787109375 0.00782775878906252 -0.17279052734375
-0.205169677734375 0.43280029296875 0.0855789184570312 -0.114692687988281
-0.33013916015625 0.32867431640625 0.128692626953125 -0.106338500976562
-0.267730712890625 0.304595947265625 -0.391693115234375 -0.009185791015625
-0.20806884765625 0.3092041015625 -0.210464477539063 0.000335693359375035
-0.123291015625 0.3421630859375 -0.129402160644531 -0.0781173706054687
0.026031494140625 0.318084716796875 -0.158096313476563 -0.1058349609375
0.105514526367188 0.261749267578125 -0.18951416015625 -0.08319091796875
0.2388916015625 0.1605224609375 -0.208236694335938 -0.05999755859375
0.268035888671875 0.0636138916015625 -0.243362426757813 -0.03240966796875
0.255081176757813 0.058441162109375 -0.244857788085937 -0.02923583984375
0.2958984375 0.0355224609375 -0.229156494140625 -0.0254669189453125
0.261611938476563 0.084136962890625 -0.215744018554687 -0.0777740478515625
0.225341796875 0.195571899414063 -0.194229125976562 -0.0785064697265625
0.152786254882813 0.25775146484375 -0.116722106933594 -0.120780944824219
-0.04254150390625 0.333221435546875 -0.0174026489257812 -0.124961853027344
-0.135345458984375 0.353546142578125 0.0314159393310547 -0.0107040405273437
-0.2430419921875 0.306640625 -0.00646209716796877 0.00671482086181643
-0.111297607421875 0.271224975585938 -0.4744873046875 0.0943908691406251
-0.06622314453125 0.2457275390625 -0.2615966796875 0.0762786865234375
0.000976562500000018 0.213150024414063 -0.147857666015625 -0.0342559814453125
0.061004638671875 0.164581298828125 -0.176437377929688 -0.0792388916015625
0.0827407836914062 0.126007080078125 -0.195846557617187 -0.0842742919921875
0.147476196289063 0.0678558349609375 -0.257980346679688 -0.0739288330078125
0.148513793945313 0.020721435546875 -0.3236083984375 -0.026275634765625
0.14312744140625 0.023223876953125 -0.320465087890625 -0.0110473632812499
0.16534423828125 0.0217437744140625 -0.309051513671875 -0.01947021484375
0.136444091796875 0.0555572509765625 -0.2703857421875 -0.0840301513671875
0.105598449707031 0.116943359375 -0.209197998046875 -0.08917236328125
0.0641632080078125 0.13189697265625 -0.120903015136719 -0.110244750976563
-0.01483154296875 0.16754150390625 -0.0233535766601562 -0.077880859375
-0.0374755859375 0.211044311523438 -0.0115737915039062 0.07476806640625
-0.1097412109375 0.235000610351562 -0.113395690917969 0.108535766601563
0.05224609375 0.183441162109375 -0.515380859375 0.193206787109375
0.0561676025390625 0.138320922851563 -0.289215087890625 0.154754638671875
0.0888519287109375 0.0624618530273438 -0.153488159179688 0.029541015625
0.0643882751464844 0.0113029479980469 -0.173095703125 -0.0246124267578125
0.0404281616210938 -0.00435256958007813 -0.179534912109375 -0.0576171875
0.0362930297851563 -0.0190696716308594 -0.27099609375 -0.059295654296875
0.00796127319335938 -0.01947021484375 -0.353607177734375 -0.00567626953124994
0.00901412963867187 -0.0148506164550781 -0.34637451171875 0.00778198242187498
0.0105066299438477 -0.000139236450195313 -0.33905029296875 -0.0239868164062501
-0.00327396392822266 0.00936031341552734 -0.276535034179688 -0.09881591796875
-0.0162744522094727 0.00972461700439453 -0.181732177734375 -0.108688354492188
-0.011688232421875 -0.0221138000488281 -0.0951156616210938 -0.102638244628906
0.0440139770507813 -0.0172653198242188 -0.0128097534179687 -0.0380134582519531
0.0873184204101563 0.0506057739257813 -0.0382537841796875 0.129127502441406
0.0505447387695312 0.135330200195313 -0.17279052734375 0.182907104492188
-0.240768432617188 -0.0415802001953125 0.167770385742187 -0.24517822265625
-0.198501586914063 0.1063232421875 0.0714569091796875 -0.176025390625
-0.110427856445312 0.201431274414063 -0.0264377593994141 -0.00612449645996093
0.030242919921875 0.192352294921875 0.0395278930664063 0.096099853515625
0.107711791992188 0.133636474609375 0.10186767578125 0.152236938476562
0.14923095703125 0.042694091796875 0.253067016601563 0.1195068359375
0.152572631835938 0.0010986328125 0.34429931640625 0.0211181640625
0.125106811523438 0.0305709838867188 0.321380615234375 -0.01910400390625
0.127769470214844 0.027008056640625 0.31781005859375 -0.01348876953125
0.0957489013671875 0.0624465942382813 0.258865356445312 0.01971435546875
0.05670166015625 0.101753234863281 0.16326904296875 -0.00254821777343749
-0.0103759765625 0.12530517578125 0.141632080078125 -0.0443115234375
-0.124397277832031 0.086151123046875 0.1842041015625 -0.110031127929688
-0.1739501953125 0.031097412109375 0.288970947265625 -0.226470947265625
-0.1539306640625 -0.0652923583984375 0.56488037109375 -0.24200439453125
-0.371551513671875 0.0695800781250001 0.114227294921875 -0.238494873046875
-0.31414794921875 0.1986083984375 0.05615234375 -0.17193603515625
-0.21282958984375 0.332672119140625 -0.0469589233398438 -0.0389175415039062
0.00820922851562501 0.338104248046875 -0.0103340148925781 0.0627899169921875
0.1365966796875 0.264175415039063 0.029083251953125 0.141250610351563
0.252777099609375 0.1287841796875 0.1839599609375 0.127243041992188
0.278732299804688 0.038665771484375 0.270721435546875 0.0273590087890625
0.244949340820313 0.0624847412109375 0.243804931640625 -0.0306243896484375
0.264266967773438 0.0455322265625 0.24798583984375 -0.034515380859375
0.213516235351563 0.10125732421875 0.198501586914062 -0.022613525390625
0.1552734375 0.184890747070313 0.106094360351563 -0.0396881103515625
0.0601348876953125 0.23638916015625 0.0960235595703125 -0.0945205688476562
-0.14373779296875 0.239334106445313 0.147567749023438 -0.17279052734375
-0.241455078125 0.195755004882813 0.25787353515625 -0.271469116210937
-0.278289794921875 0.0724639892578125 0.501220703125 -0.282958984375
-0.454742431640625 0.163330078125 0.00671386718749999 -0.20758056640625
-0.395294189453125 0.265777587890625 0.00865173339843746 -0.148147583007813
-0.29693603515625 0.421142578125 -0.0669593811035156 -0.0663795471191406
-0.0274658203125 0.444305419921875 -0.0551872253417969 0.01580810546875
0.138519287109375 0.36761474609375 -0.0435791015625 0.098907470703125
0.31463623046875 0.205535888671875 0.0903244018554688 0.104316711425781
0.361328125 0.07476806640625 0.157272338867188 0.0215606689453125
0.327850341796875 0.08441162109375 0.13140869140625 -0.0379486083984375
0.36395263671875 0.04925537109375 0.143096923828125 -0.0457916259765625
0.312164306640625 0.114471435546875 0.10595703125 -0.0541839599609375
0.25439453125 0.238906860351563 0.0288772583007813 -0.0650367736816406
0.1463623046875 0.32177734375 0.03472900390625 -0.126670837402344
-0.12744140625 0.376617431640625 0.094268798828125 -0.207611083984375
-0.267791748046875 0.345703125 0.204238891601562 -0.267974853515625
-0.3568115234375 0.205230712890625 0.396209716796875 -0.273101806640625
-0.465423583984375 0.242584228515625 -0.132034301757813 -0.155838012695313
-0.4085693359375 0.31390380859375 -0.062774658203125 -0.107131958007813
-0.315032958984375 0.463043212890625 -0.088104248046875 -0.0832595825195312
-0.04071044921875 0.488616943359375 -0.0939559936523438 -0.0366668701171875
0.130157470703125 0.412689208984375 -0.108207702636719 0.0337753295898438
0.334869384765625 0.245697021484375 -0.0168304443359375 0.0535354614257813
0.390167236328125 0.095794677734375 0.0189380645751953 0.00532531738281251
0.3607177734375 0.091644287109375 -0.00216293334960935 -0.0385627746582031
0.410491943359375 0.045623779296875 0.0150108337402344 -0.0416908264160156
0.364410400390625 0.11181640625 -0.00930786132812497 -0.0681533813476562
0.31719970703125 0.258026123046875 -0.0612640380859375 -0.0718994140625
0.209930419921875 0.36102294921875 -0.0322723388671875 -0.136283874511719
-0.09332275390625 0.457122802734375 0.039337158203125 -0.205001831054687
-0.254364013671875 0.44189453125 0.140670776367187 -0.210617065429687
-0.38006591796875 0.301788330078125 0.262222290039063 -0.2078857421875
-0.404327392578125 0.2940673828125 -0.278213500976563 -0.0832366943359374
-0.343292236328125 0.33343505859375 -0.14453125 -0.050872802734375
-0.25201416015625 0.44012451171875 -0.111709594726563 -0.08465576171875
-0.01922607421875 0.4471435546875 -0.130416870117187 -0.080078125
0.11932373046875 0.380035400390625 -0.16058349609375 -0.033111572265625
0.309051513671875 0.23370361328125 -0.123039245605469 -0.00735473632812498
0.36016845703125 0.093475341796875 -0.124954223632812 -0.0132904052734375
0.33935546875 0.085113525390625 -0.136550903320312 -0.0322647094726562
0.389129638671875 0.04132080078125 -0.117843627929687 -0.027557373046875
0.3499755859375 0.10125732421875 -0.127227783203125 -0.0675735473632812
0.310150146484375 0.245635986328125 -0.145233154296875 -0.0671539306640625
0.215423583984375 0.342987060546875 -0.0914382934570312 -0.12701416015625
-0.0643310546875 0.447509765625 -0.00411987304687501 -0.170196533203125
-0.209075927734375 0.447418212890625 0.0787582397460937 -0.111679077148437
-0.345062255859375 0.339080810546875 0.115921020507812 -0.102279663085937
-0.277374267578125 0.305633544921875 -0.40374755859375 0.0123291015624999
-0.2169189453125 0.31256103515625 -0.219329833984375 0.017547607421875
-0.133880615234375 0.351104736328125 -0.135971069335937 -0.064300537109375
0.021697998046875 0.32763671875 -0.161605834960937 -0.0936126708984375
0.105224609375 0.274169921875 -0.19232177734375 -0.0745391845703125
0.2437744140625 0.169021606445312 -0.209716796875 -0.053466796875
0.277328491210938 0.0686187744140625 -0.248992919921875 -0.023895263671875
0.263824462890625 0.0641021728515625 -0.251922607421875 -0.019805908203125
0.305206298828125 0.037200927734375 -0.235076904296875 -0.01409912109375
0.268051147460937 0.0889129638671875 -0.223007202148437 -0.0665435791015625
0.229965209960938 0.202774047851563 -0.201080322265625 -0.0670928955078125
0.154403686523437 0.265777587890625 -0.126533508300781 -0.1116943359375
-0.04791259765625 0.341644287109375 -0.0282363891601562 -0.120536804199219
-0.14111328125 0.35943603515625 0.0237407684326172 -0.00404930114746092
-0.2547607421875 0.31182861328125 -0.021728515625 0.0156059265136719
-0.11376953125 0.265029907226563 -0.491241455078125 0.115692138671875
-0.0697479248046875 0.241455078125 -0.273727416992188 0.0952911376953125
-0.00762939453125002 0.211288452148438 -0.15411376953125 -0.0204315185546875
0.054290771484375 0.167037963867188 -0.17840576171875 -0.0680694580078125
0.0776596069335938 0.134368896484375 -0.19818115234375 -0.0803070068359375
0.14678955078125 0.077423095703125 -0.263046264648438 -0.0706939697265625
0.152938842773438 0.0300445556640625 -0.332977294921875 -0.0191040039062501
0.147918701171875 0.032135009765625 -0.330169677734375 -0.00244140624999995
0.17071533203125 0.0299835205078125 -0.316864013671875 -0.00961303710937496
0.138984680175781 0.0652542114257813 -0.27838134765625 -0.076019287109375
0.104240417480469 0.126457214355469 -0.215621948242188 -0.0813140869140625
0.0587387084960937 0.140060424804688 -0.129539489746094 -0.103286743164063
-0.0246429443359375 0.168838500976563 -0.0334625244140625 -0.074310302734375
-0.04522705078125 0.2071533203125 -0.0194778442382813 0.083099365234375
-0.11651611328125 0.230392456054688 -0.129348754882813 0.119461059570313
0.057220458984375 0.1712646484375 -0.5289306640625 0.21282958984375
0.0584259033203125 0.129035949707031 -0.302001953125 0.1744384765625
0.0846023559570313 0.0512237548828125 -0.157363891601563 0.0428619384765625
0.0558547973632813 0.0069580078125 -0.172332763671875 -0.0145721435546875
0.0314655303955078 -0.00266647338867188 -0.178634643554688 -0.057861328125
0.0295028686523438 -0.00964927673339844 -0.2777099609375 -0.0591583251953125
0.00653934478759766 -0.0065455436706543 -0.364105224609375 -0.000396728515624978
0.00847911834716797 -0.0037083625793457 -0.35614013671875 0.0135498046875001
0.0125274658203125 0.0132522583007813 -0.347625732421875 -0.0164794921875
-0.00400543212890625 0.0223007202148437 -0.28509521484375 -0.094635009765625
-0.0228233337402344 0.0218677520751953 -0.187942504882813 -0.104873657226562
-0.0226097106933594 -0.0151405334472656 -0.102294921875 -0.0992279052734375
0.0302181243896484 -0.0228977203369141 -0.0218696594238281 -0.0367164611816406
0.0777511596679688 0.0382080078125 -0.0477371215820313 0.135643005371094
0.0479736328125 0.122787475585938 -0.18817138671875 0.191558837890625
-0.25054931640625 -0.02288818359375 0.184188842773437 -0.263656616210938
-0.191452026367187 0.118789672851563 0.0811309814453125 -0.192047119140625
-0.0967864990234375 0.211639404296875 -0.0226364135742188 -0.00554847717285155
0.046234130859375 0.191177368164062 0.0476303100585937 0.0967330932617188
0.120391845703125 0.125129699707031 0.114028930664063 0.157455444335938
0.153518676757813 0.026092529296875 0.269256591796875 0.118698120117188
0.1539306640625 -0.0149688720703125 0.363739013671875 0.0125732421875
0.130363464355469 0.019317626953125 0.33880615234375 -0.0260009765625
0.133697509765625 0.0140762329101563 0.3363037109375 -0.01910400390625
0.105751037597656 0.0546112060546875 0.269912719726562 0.0207061767578125
0.070892333984375 0.1021728515625 0.166015625 -0.00141906738281249
0.00113677978515626 0.13653564453125 0.142242431640625 -0.0509490966796875
-0.124114990234375 0.107009887695312 0.189071655273438 -0.126419067382813
-0.179244995117188 0.052490234375 0.299774169921875 -0.25311279296875
-0.167129516601563 -0.0502471923828125 0.58477783203125 -0.27313232421875
-0.388427734375 0.0955810546875 0.128555297851562 -0.249588012695313
-0.3134765625 0.219207763671875 0.0666961669921875 -0.183197021484375
-0.203033447265625 0.3546142578125 -0.0447311401367188 -0.0360527038574218
0.025787353515625 0.345703125 -0.00450897216796875 0.0670127868652344
0.154022216796875 0.264480590820313 0.0388641357421875 0.151809692382813
0.264602661132812 0.115020751953125 0.200592041015625 0.13055419921875
0.289154052734375 0.022735595703125 0.290069580078125 0.023773193359375
0.258941650390625 0.0508270263671875 0.258636474609375 -0.03277587890625
0.278396606445313 0.030487060546875 0.262374877929688 -0.0373077392578125
0.229507446289063 0.0944061279296875 0.205368041992188 -0.019500732421875
0.176193237304688 0.187026977539063 0.104766845703125 -0.0364532470703125
0.0762176513671875 0.252288818359375 0.0916061401367188 -0.0980758666992187
-0.143707275390625 0.269088745117188 0.146209716796875 -0.187164306640625
-0.248428344726562 0.226516723632813 0.263885498046875 -0.294403076171875
-0.2974853515625 0.0965576171875 0.51470947265625 -0.308807373046875
-0.47808837890625 0.1929931640625 0.016143798828125 -0.209701538085938
-0.40185546875 0.29107666015625 0.018035888671875 -0.1519775390625
-0.29461669921875 0.452728271484375 -0.0665779113769532 -0.0611381530761718
-0.010284423828125 0.46112060546875 -0.0517463684082031 0.0234184265136719
0.157562255859375 0.3765869140625 -0.0370025634765625 0.112899780273438
0.333343505859375 0.19830322265625 0.104576110839844 0.111404418945313
0.378875732421875 0.06036376953125 0.1708984375 0.0232086181640625
0.34808349609375 0.07452392578125 0.139137268066406 -0.0356063842773437
0.383544921875 0.03350830078125 0.1514892578125 -0.0443115234375
0.331878662109375 0.108123779296875 0.107994079589844 -0.0489730834960937
0.279815673828125 0.241561889648437 0.0241775512695313 -0.0581016540527344
0.1663818359375 0.337860107421875 0.0272445678710938 -0.127464294433594
-0.1241455078125 0.4105224609375 0.087249755859375 -0.217864990234375
-0.272308349609375 0.38201904296875 0.204620361328125 -0.285552978515625
-0.379119873046875 0.234344482421875 0.40228271484375 -0.291168212890625
-0.49176025390625 0.269805908203125 -0.132003784179688 -0.147735595703125
-0.42138671875 0.34002685546875 -0.0588150024414063 -0.102836608886719
-0.318115234375 0.4984130859375 -0.0910186767578125 -0.0750503540039062
-0.0263366699218751 0.5126953125 -0.0941390991210938 -0.0270004272460937
0.149383544921875 0.431549072265625 -0.106391906738281 0.0484542846679688
0.356353759765625 0.2457275390625 -0.00747680664062498 0.0621223449707031
0.412384033203125 0.0859375 0.0247116088867188 0.0107383728027344
0.383544921875 0.08599853515625 -0.00145721435546873 -0.0320606231689453
0.432891845703125 0.032012939453125 0.0176010131835938 -0.036224365234375
0.38555908203125 0.105926513671875 -0.0120429992675781 -0.0601997375488281
0.342041015625 0.262237548828125 -0.0682182312011718 -0.0623435974121094
0.232147216796875 0.3770751953125 -0.0431747436523437 -0.132560729980469
-0.088134765625 0.4913330078125 0.0286102294921875 -0.20880126953125
-0.255523681640625 0.477325439453125 0.136947631835937 -0.21954345703125
-0.402130126953125 0.33233642578125 0.259658813476563 -0.215606689453125
-0.426849365234375 0.31536865234375 -0.288177490234375 -0.063995361328125
-0.358062744140625 0.356353759765625 -0.148162841796875 -0.0382537841796875
-0.260528564453125 0.47381591796875 -0.11773681640625 -0.0734710693359375
-0.010650634765625 0.47125244140625 -0.134307861328125 -0.0689086914062499
0.1343994140625 0.402099609375 -0.163436889648438 -0.020416259765625
0.3302001953125 0.238739013671875 -0.121589660644531 0.00156402587890628
0.381561279296875 0.0902099609375 -0.128013610839844 -0.00506591796874998
0.36065673828125 0.083221435546875 -0.1434326171875 -0.021728515625
0.41094970703125 0.03265380859375 -0.12103271484375 -0.017822265625
0.368927001953125 0.099090576171875 -0.135086059570312 -0.056854248046875
0.3323974609375 0.251007080078125 -0.154403686523437 -0.05548095703125
0.23455810546875 0.3570556640625 -0.103279113769531 -0.119781494140625
-0.05914306640625 0.47613525390625 -0.0158538818359375 -0.16925048828125
-0.2120361328125 0.477813720703125 0.07427978515625 -0.111968994140625
-0.36431884765625 0.366455078125 0.107315063476562 -0.098785400390625
-0.29180908203125 0.31884765625 -0.4224853515625 0.0378417968749999
-0.228179931640625 0.32684326171875 -0.229522705078125 0.0384674072265625
-0.14190673828125 0.373016357421875 -0.144058227539063 -0.05126953125
0.02508544921875 0.346588134765625 -0.167434692382813 -0.0821685791015625
0.113494873046875 0.293914794921875 -0.197921752929687 -0.066253662109375
0.258590698242188 0.17755126953125 -0.216506958007812 -0.047149658203125
0.294708251953125 0.0709228515625 -0.260345458984375 -0.01318359375
0.2821044921875 0.066741943359375 -0.264938354492188 -0.00659179687499996
0.3236083984375 0.03509521484375 -0.244491577148438 -0.00202941894531255
0.283599853515625 0.091888427734375 -0.234649658203125 -0.055389404296875
0.243988037109375 0.210662841796875 -0.210845947265625 -0.05572509765625
0.164260864257813 0.278976440429688 -0.138031005859375 -0.104049682617188
-0.049072265625 0.3614501953125 -0.040283203125 -0.116607666015625
-0.144775390625 0.378173828125 0.0189647674560547 0.00355911254882815
-0.269287109375 0.3271484375 -0.0346183776855469 0.0282554626464844
-0.11883544921875 0.267837524414063 -0.51336669921875 0.147918701171875
-0.074127197265625 0.245513916015625 -0.287811279296875 0.120758056640625
-0.0140533447265625 0.218048095703125 -0.162307739257813 -0.0054473876953125
0.051849365234375 0.1756591796875 -0.184097290039063 -0.0565185546875
0.077972412109375 0.145965576171875 -0.204574584960937 -0.0763092041015625
0.152984619140625 0.088409423828125 -0.274398803710938 -0.066558837890625
0.163665771484375 0.037200927734375 -0.3494873046875 -0.00711059570312501
0.1585693359375 0.039398193359375 -0.346343994140625 0.0106506347656251
0.183074951171875 0.0358428955078125 -0.3306884765625 0.00326538085937507
0.148284912109375 0.074493408203125 -0.292755126953125 -0.0670471191406249
0.109809875488281 0.138519287109375 -0.226425170898438 -0.0725250244140625
0.058868408203125 0.151504516601563 -0.14031982421875 -0.0964584350585937
-0.0334625244140625 0.177322387695313 -0.0440635681152344 -0.0694618225097656
-0.052947998046875 0.212234497070313 -0.0250701904296875 0.09521484375
-0.126358032226562 0.233978271484375 -0.145004272460938 0.137603759765625
0.0619049072265625 0.163467407226563 -0.550994873046875 0.246551513671875
0.0606536865234375 0.122451782226563 -0.3155517578125 0.20294189453125
0.0801239013671875 0.043182373046875 -0.162185668945313 0.0590972900390625
0.0485649108886719 0.00419235229492188 -0.175201416015625 -0.00465393066406254
0.0245952606201172 0.00045013427734375 -0.184051513671875 -0.0586395263671875
0.0264720916748047 -0.000234603881835937 -0.290557861328125 -0.057861328125
0.00858736038208008 0.00494718551635742 -0.382720947265625 0.0104064941406249
0.0105085372924805 0.00703144073486328 -0.373870849609375 0.0258789062499999
0.0169849395751953 0.0251808166503906 -0.36572265625 -0.00543212890624999
-0.0019073486328125 0.0352706909179687 -0.300689697265625 -0.089935302734375
-0.0265350341796875 0.0346927642822266 -0.199050903320313 -0.101470947265625
-0.0317459106445313 -0.00651741027832031 -0.111991882324219 -0.0963363647460937
0.0167465209960938 -0.0255756378173828 -0.0314502716064453 -0.0336322784423828
0.0685882568359375 0.0298881530761719 -0.0548248291015625 0.147979736328125
0.0454940795898437 0.114105224609375 -0.205520629882813 0.210601806640625
-0.260208129882812 0.00331115722656251 0.193328857421875 -0.2926025390625
-0.183120727539063 0.13446044921875 0.0837554931640625 -0.214691162109375
-0.07928466796875 0.223846435546875 -0.0190868377685547 -0.00493431091308593
0.0654296875 0.18841552734375 0.0582504272460938 0.0957489013671875
0.135688781738281 0.113761901855469 0.131332397460938 0.159454345703125
0.15625 0.0069580078125 0.291351318359375 0.110504150390625
0.153396606445313 -0.0332183837890625 0.38641357421875 -0.007720947265625
0.135215759277344 0.00531005859375 0.3594970703125 -0.043975830078125
0.138427734375 -0.0027008056640625 0.357086181640625 -0.036529541015625
0.115577697753906 0.0440292358398437 0.286468505859375 0.014801025390625
0.0870513916015625 0.0984039306640625 0.170989990234375 -0.00411987304687499
0.0169219970703125 0.146865844726563 0.142578125 -0.0612945556640625
-0.118377685546875 0.130714416503906 0.189849853515625 -0.148757934570312
-0.180084228515625 0.0789031982421875 0.3040771484375 -0.29144287109375
-0.17987060546875 -0.029998779296875 0.601806640625 -0.3245849609375
-0.40301513671875 0.133209228515625 0.1365966796875 -0.270355224609375
-0.309844970703125 0.24749755859375 0.071136474609375 -0.201522827148437
-0.184967041015625 0.3829345703125 -0.0433197021484375 -0.0332527160644531
0.051361083984375 0.35382080078125 0.00333404541015626 0.071014404296875
0.17889404296875 0.261367797851563 0.0544891357421875 0.161483764648438
0.279403686523437 0.0955047607421875 0.223983764648438 0.128402709960937
0.299896240234375 -0.00128173828125 0.31103515625 0.010894775390625
0.273971557617188 0.033416748046875 0.274505615234375 -0.0439605712890625
0.292877197265625 0.006927490234375 0.279342651367188 -0.0482635498046875
0.248519897460937 0.08087158203125 0.216766357421875 -0.0223388671875
0.201889038085937 0.185256958007813 0.105873107910156 -0.0353469848632812
0.10137939453125 0.26617431640625 0.0867767333984375 -0.104293823242187
-0.13238525390625 0.304046630859375 0.140121459960938 -0.205596923828125
-0.2451171875 0.26507568359375 0.261749267578125 -0.327972412109375
-0.313140869140625 0.131134033203125 0.525299072265625 -0.353485107421875
-0.49688720703125 0.236785888671875 0.01953125 -0.216705322265625
-0.404296875 0.328125 0.0222015380859375 -0.161911010742187
-0.279693603515625 0.4951171875 -0.0680274963378906 -0.0552177429199218
0.018310546875 0.48077392578125 -0.0477371215820313 0.0316162109375
0.188507080078125 0.386016845703125 -0.0253372192382812 0.127128601074219
0.358367919921875 0.183837890625 0.124618530273438 0.113761901855469
0.399169921875 0.035919189453125 0.187362670898438 0.0180816650390625
0.371978759765625 0.0555419921875 0.147933959960938 -0.0381927490234375
0.405242919921875 0.007415771484375 0.162155151367188 -0.0487060546875
0.357086181640625 0.0919189453125 0.11187744140625 -0.0474624633789062
0.312103271484375 0.2381591796875 0.0206222534179688 -0.0529823303222656
0.19915771484375 0.35223388671875 0.0172348022460938 -0.128273010253906
-0.106781005859375 0.450439453125 0.0765838623046875 -0.22991943359375
-0.2635498046875 0.428314208984375 0.1982421875 -0.310272216796875
-0.394775390625 0.27874755859375 0.403533935546875 -0.32135009765625
-0.51177978515625 0.315887451171875 -0.135124206542969 -0.139236450195312
-0.427001953125 0.3809814453125 -0.0583267211914063 -0.100730895996094
-0.308441162109375 0.54779052734375 -0.095062255859375 -0.065277099609375
0.000885009765624948 0.540740966796875 -0.0948333740234375 -0.0158157348632812
0.1826171875 0.448883056640625 -0.101661682128906 0.0650482177734375
0.387542724609375 0.236724853515625 0.00415802001953127 0.0686836242675782
0.4395751953125 0.064666748046875 0.0325565338134766 0.0144405364990234
0.412139892578125 0.068603515625 -0.000648498535156224 -0.0264472961425781
0.458587646484375 0.00567626953125 0.0208396911621094 -0.0330352783203125
0.41314697265625 0.088958740234375 -0.0146636962890625 -0.0520744323730469
0.37799072265625 0.2576904296875 -0.0748977661132812 -0.0514373779296875
0.2677001953125 0.38824462890625 -0.0554580688476562 -0.127853393554687
-0.065887451171875 0.5330810546875 0.014434814453125 -0.214431762695312
-0.243988037109375 0.52435302734375 0.12982177734375 -0.233139038085937
-0.416534423828125 0.38055419921875 0.254776000976563 -0.230911254882812
-0.443939208984375 0.354156494140625 -0.299163818359375 -0.0402832031249999
-0.36505126953125 0.391754150390625 -0.152236938476563 -0.0227203369140625
-0.255706787109375 0.51995849609375 -0.124794006347656 -0.0598144531249999
0.011627197265625 0.5010986328125 -0.138847351074219 -0.0554656982421875
0.164886474609375 0.422943115234375 -0.16607666015625 -0.0049896240234375
0.361724853515625 0.236724853515625 -0.120124816894531 0.0103759765625
0.4107666015625 0.07415771484375 -0.130340576171875 0.00689697265625
0.389495849609375 0.069976806640625 -0.1505126953125 -0.0077667236328125
0.43707275390625 0.011383056640625 -0.125770568847656 -0.00624847412109375
0.39520263671875 0.086090087890625 -0.142776489257813 -0.0440521240234375
0.364715576171875 0.2479248046875 -0.163330078125 -0.0402374267578125
0.266021728515625 0.366851806640625 -0.116706848144531 -0.110313415527344
-0.039703369140625 0.510894775390625 -0.030181884765625 -0.167953491210937
-0.1988525390625 0.516845703125 0.0690231323242188 -0.1136474609375
-0.375579833984375 0.408599853515625 0.099517822265625 -0.0972976684570312
-0.3011474609375 0.34674072265625 -0.439178466796875 0.076324462890625
-0.232086181640625 0.352630615234375 -0.237869262695313 0.064605712890625
-0.14013671875 0.404815673828125 -0.153091430664063 -0.034027099609375
0.03875732421875 0.36846923828125 -0.175125122070313 -0.0675811767578125
0.133392333984375 0.313201904296875 -0.206298828125 -0.0544281005859375
0.283660888671875 0.180633544921875 -0.2244873046875 -0.036895751953125
0.3199462890625 0.06292724609375 -0.272933959960938 0.00444030761718751
0.305694580078125 0.060455322265625 -0.2789306640625 0.013702392578125
0.34625244140625 0.023284912109375 -0.255218505859375 0.0164947509765625
0.304656982421875 0.086334228515625 -0.247726440429688 -0.0389251708984375
0.268264770507813 0.213775634765625 -0.222183227539063 -0.0393524169921874
0.184906005859375 0.289764404296875 -0.151336669921875 -0.092529296875
-0.039276123046875 0.386871337890625 -0.0521392822265625 -0.111175537109375
-0.138275146484375 0.40460205078125 0.0174427032470703 0.0114946365356446
-0.278594970703125 0.358062744140625 -0.0445671081542969 0.0443458557128906
-0.119064331054688 0.278366088867188 -0.531890869140625 0.194976806640625
-0.07440185546875 0.256134033203125 -0.297210693359375 0.156036376953125
-0.0147857666015625 0.23065185546875 -0.16986083984375 0.0142669677734375
0.05511474609375 0.185348510742188 -0.191085815429688 -0.041656494140625
0.085968017578125 0.1580810546875 -0.2144775390625 -0.068206787109375
0.165802001953125 0.0942230224609375 -0.28985595703125 -0.056427001953125
0.179901123046875 0.0382843017578125 -0.36834716796875 0.0151672363281251
0.174118041992187 0.0406341552734375 -0.363677978515625 0.0341796875
0.199951171875 0.0340728759765625 -0.34765625 0.026031494140625
0.162857055664063 0.077911376953125 -0.310333251953125 -0.05047607421875
0.122299194335938 0.1488037109375 -0.239395141601563 -0.0589141845703125
0.0651092529296875 0.163848876953125 -0.153274536132813 -0.0866546630859374
-0.0363311767578125 0.190536499023438 -0.0546226501464844 -0.0625762939453125
-0.054901123046875 0.222427368164062 -0.025299072265625 0.109893798828125
-0.132232666015625 0.246780395507813 -0.15576171875 0.16424560546875
0.0689544677734375 0.1558837890625 -0.56658935546875 0.2989501953125
0.0652084350585938 0.117324829101563 -0.3228759765625 0.242706298828125
0.0765151977539062 0.0357437133789062 -0.165496826171875 0.0795745849609375
0.0423393249511719 0.00310134887695312 -0.178314208984375 0.00997924804687497
0.0195369720458984 0.00480270385742188 -0.192581176757813 -0.0546875
0.0268440246582031 0.00855636596679688 -0.308624267578125 -0.048675537109375
0.0139245986938477 0.0147724151611328 -0.4051513671875 0.0326538085937499
0.0160417556762695 0.0166082382202148 -0.393768310546875 0.04876708984375
0.0257415771484375 0.0358619689941406 -0.385986328125 0.0166625976562501
0.00440597534179688 0.0469627380371094 -0.321746826171875 -0.0780029296875
-0.0259552001953125 0.049560546875 -0.213134765625 -0.0937652587890625
-0.0392494201660156 0.00422286987304687 -0.1246337890625 -0.09039306640625
0.00289535522460937 -0.0262012481689453 -0.0404281616210938 -0.0282478332519531
0.0599937438964844 0.0228233337402344 -0.0562286376953125 0.165634155273438
0.0430068969726563 0.108230590820313 -0.21624755859375 0.239761352539062
-0.262924194335938 0.034698486328125 0.188385009765625 -0.32574462890625
-0.169464111328125 0.150115966796875 0.075775146484375 -0.237808227539062
-0.0551300048828125 0.231887817382813 -0.0156469345092773 -0.00539875030517577
0.08660888671875 0.1795654296875 0.0697097778320313 0.09039306640625
0.14874267578125 0.0970916748046875 0.150405883789063 0.15460205078125
0.15374755859375 -0.0146026611328125 0.31134033203125 0.090545654296875
0.146835327148438 -0.053314208984375 0.401397705078125 -0.0399169921875
0.136039733886719 -0.0111160278320312 0.372406005859375 -0.073394775390625
0.138214111328125 -0.0216598510742187 0.3726806640625 -0.06494140625
0.123306274414063 0.0306396484375 0.3001708984375 -0.000885009765624998
0.103385925292969 0.0892791748046875 0.174392700195313 -0.011688232421875
0.037506103515625 0.1514892578125 0.139541625976563 -0.0733642578125
-0.103729248046875 0.153839111328125 0.1832275390625 -0.174407958984375
-0.171615600585938 0.107330322265625 0.2901611328125 -0.333160400390625
-0.187286376953125 -0.00465393066406252 0.5968017578125 -0.3878173828125
-0.40472412109375 0.180755615234375 0.133148193359375 -0.29351806640625
-0.293609619140625 0.277618408203125 0.06585693359375 -0.220123291015625
-0.1536865234375 0.408050537109375 -0.0420188903808594 -0.0293540954589843
0.08489990234375 0.3531494140625 0.0131607055664063 0.0725479125976563
0.20654296875 0.249114990234375 0.0749969482421875 0.165069580078125
0.290130615234375 0.06793212890625 0.246292114257813 0.115768432617187
0.303619384765625 -0.03228759765625 0.3272705078125 -0.013702392578125
0.284942626953125 0.0069580078125 0.285430908203125 -0.064697265625
0.300384521484375 -0.02337646484375 0.29107666015625 -0.069976806640625
0.265274047851562 0.0589599609375 0.22564697265625 -0.0325164794921875
0.229415893554688 0.17193603515625 0.105216979980469 -0.0365524291992187
0.133316040039063 0.270370483398438 0.07916259765625 -0.110374450683594
-0.10650634765625 0.336212158203125 0.1263427734375 -0.224517822265625
-0.225677490234375 0.305450439453125 0.243865966796875 -0.364990234375
-0.316497802734375 0.174102783203125 0.514068603515625 -0.40643310546875
-0.49920654296875 0.295135498046875 0.0172882080078124 -0.22467041015625
-0.389373779296875 0.371429443359375 0.01959228515625 -0.171615600585937
-0.244293212890625 0.53729248046875 -0.0691757202148438 -0.0468292236328125
0.0596923828125 0.49261474609375 -0.0406570434570312 0.0396995544433594
0.228668212890625 0.381256103515625 -0.00810241699218748 0.138641357421875
0.381439208984375 0.155242919921875 0.14581298828125 0.108444213867188
0.412872314453125 -0.001617431640625 0.20147705078125 0.0056915283203125
0.389984130859375 0.024169921875 0.155044555664063 -0.04638671875
0.419921875 -0.031036376953125 0.169418334960938 -0.0594940185546875
0.37786865234375 0.062469482421875 0.1151123046875 -0.0496292114257812
0.3465576171875 0.218475341796875 0.0174484252929688 -0.0468635559082031
0.23974609375 0.3521728515625 0.00601196289062502 -0.127510070800781
-0.069122314453125 0.486419677734375 0.0580596923828125 -0.240493774414062
-0.23333740234375 0.475250244140625 0.17913818359375 -0.33685302734375
-0.392608642578125 0.33294677734375 0.39007568359375 -0.359130859375
-0.51373291015625 0.37457275390625 -0.138298034667969 -0.126960754394531
-0.4156494140625 0.42938232421875 -0.059326171875 -0.0975494384765625
-0.274658203125 0.599365234375 -0.098907470703125 -0.0517883300781249
0.04522705078125 0.559326171875 -0.0921554565429687 -0.00209045410156245
0.22821044921875 0.452728271484375 -0.0909194946289062 0.0814132690429688
0.4193115234375 0.21240234375 0.0184555053710938 0.0716323852539063
0.4593505859375 0.028045654296875 0.0406913757324219 0.0146141052246094
0.434906005859375 0.0361328125 0.000972747802734401 -0.0208282470703125
0.475616455078125 -0.035064697265625 0.0234832763671875 -0.03106689453125
0.43560791015625 0.05792236328125 -0.0162124633789062 -0.04486083984375
0.41485595703125 0.23565673828125 -0.0803909301757812 -0.038177490234375
0.311553955078125 0.38421630859375 -0.0680618286132812 -0.118789672851562
-0.0220947265625 0.5660400390625 -0.00367736816406249 -0.215774536132812
-0.20751953125 0.56878662109375 0.114761352539063 -0.247665405273437
-0.4091796875 0.43731689453125 0.241806030273438 -0.249923706054687
-0.4415283203125 0.4046630859375 -0.303466796875 -0.00762939453125002
-0.355743408203125 0.436614990234375 -0.152511596679688 -0.00505065917968747
-0.22821044921875 0.56561279296875 -0.130058288574219 -0.041107177734375
0.051361083984375 0.52276611328125 -0.14080810546875 -0.038330078125
0.20770263671875 0.431732177734375 -0.163894653320313 0.013641357421875
0.3941650390625 0.21875 -0.116256713867187 0.0200576782226563
0.434326171875 0.042205810546875 -0.129997253417969 0.0208663940429687
0.4132080078125 0.042083740234375 -0.15423583984375 0.01043701171875
0.455657958984375 -0.02581787109375 -0.126922607421875 0.00788116455078123
0.417388916015625 0.057861328125 -0.1480712890625 -0.0268707275390625
0.40020751953125 0.2296142578125 -0.16925048828125 -0.020538330078125
0.30548095703125 0.362457275390625 -0.128425598144531 -0.095703125
-0.00119018554687501 0.538818359375 -0.0456695556640625 -0.161941528320312
-0.16485595703125 0.554351806640625 0.0622329711914063 -0.115921020507812
-0.36541748046875 0.4581298828125 0.0900726318359375 -0.0964813232421875
-0.297515869140625 0.380615234375 -0.442626953125 0.1253662109375
-0.22247314453125 0.38226318359375 -0.236618041992188 0.096466064453125
-0.122650146484375 0.4376220703125 -0.157577514648438 -0.0110321044921875
0.0655517578125 0.384674072265625 -0.17962646484375 -0.0469818115234375
0.16473388671875 0.322662353515625 -0.211212158203125 -0.0359649658203124
0.310211181640625 0.170196533203125 -0.230789184570313 -0.0216827392578125
0.3409423828125 0.04132080078125 -0.279190063476563 0.0307464599609375
0.32708740234375 0.04180908203125 -0.2864990234375 0.042572021484375
0.364471435546875 -0.00286865234375 -0.259765625 0.04229736328125
0.324310302734375 0.0693359375 -0.256851196289062 -0.0157623291015625
0.296630859375 0.205047607421875 -0.229324340820312 -0.0163726806640624
0.21319580078125 0.291107177734375 -0.162582397460938 -0.075103759765625
-0.014617919921875 0.409210205078125 -0.0634002685546875 -0.10125732421875
-0.1162109375 0.430419921875 0.0188503265380859 0.0190582275390625
-0.27081298828125 0.393890380859375 -0.0477180480957031 0.0630722045898438
-0.11126708984375 0.290985107421875 -0.533233642578125 0.2547607421875
-0.067138671875 0.266921997070313 -0.294342041015625 0.19677734375
-0.00765991210937503 0.242706298828125 -0.171661376953125 0.0396270751953125
0.065093994140625 0.19305419921875 -0.193832397460938 -0.02069091796875
0.0994873046875 0.165924072265625 -0.2227783203125 -0.0533905029296875
0.18133544921875 0.0925445556640625 -0.301910400390625 -0.0379943847656249
0.1953125 0.0304412841796875 -0.381134033203125 0.0477600097656249
0.189788818359375 0.0343780517578125 -0.3748779296875 0.069549560546875
0.215606689453125 0.024688720703125 -0.3572998046875 0.058807373046875
0.178817749023438 0.0738983154296875 -0.323883056640625 -0.0238037109375
0.140304565429688 0.152023315429688 -0.249557495117188 -0.0379638671874999
0.0777130126953125 0.172348022460938 -0.164306640625 -0.0698394775390625
-0.0312042236328125 0.205398559570313 -0.0629310607910156 -0.0521469116210937
-0.0487518310546875 0.2335205078125 -0.0194091796875 0.124687194824219
-0.129425048828125 0.26336669921875 -0.15447998046875 0.194503784179688
0.0763092041015625 0.145721435546875 -0.56353759765625 0.36383056640625
0.0698776245117188 0.110618591308594 -0.31396484375 0.28936767578125
0.0722732543945313 0.0294265747070313 -0.161483764648438 0.104049682617188
0.0367584228515625 0.0026092529296875 -0.17681884765625 0.028228759765625
0.0164470672607422 0.00950241088867188 -0.200347900390625 -0.0451202392578125
0.0297317504882813 0.01544189453125 -0.3240966796875 -0.0298156738281251
0.0219669342041016 0.0218620300292969 -0.418731689453125 0.067962646484375
0.0236110687255859 0.0232048034667969 -0.406005859375 0.084503173828125
0.0367431640625 0.0422096252441406 -0.39984130859375 0.0514526367187499
0.0137596130371094 0.0561408996582031 -0.340179443359375 -0.052978515625
-0.0204048156738281 0.0630302429199219 -0.226669311523438 -0.0782623291015625
-0.0433692932128906 0.0172195434570312 -0.136642456054688 -0.0783843994140625
-0.0108089447021484 -0.0227336883544922 -0.047882080078125 -0.0188751220703125
0.0504188537597656 0.0173873901367187 -0.0491180419921875 0.183929443359375
0.04150390625 0.102165222167969 -0.213470458984375 0.2755126953125
-0.252792358398438 0.065948486328125 0.169586181640625 -0.34893798828125
-0.149795532226563 0.1605224609375 0.059295654296875 -0.253372192382812
-0.0288543701171875 0.230697631835937 -0.0119304656982422 -0.00616073608398436
0.103286743164063 0.163604736328125 0.077423095703125 0.0813140869140625
0.155975341796875 0.07598876953125 0.16571044921875 0.14178466796875
0.143600463867188 -0.034027099609375 0.3206787109375 0.06573486328125
0.133811950683594 -0.0692825317382813 0.40142822265625 -0.07470703125
0.131210327148438 -0.0261993408203125 0.371307373046875 -0.1048583984375
0.130928039550781 -0.0385818481445313 0.373138427734375 -0.096343994140625
0.124954223632813 0.0143051147460938 0.3055419921875 -0.020721435546875
0.113990783691406 0.0752639770507813 0.174423217773438 -0.0193328857421875
0.0577850341796875 0.148468017578125 0.131416320800781 -0.0835647583007813
-0.08245849609375 0.167938232421875 0.16510009765625 -0.19464111328125
-0.15380859375 0.128677368164063 0.25982666015625 -0.365234375
-0.185226440429688 0.0211029052734375 0.56451416015625 -0.44329833984375
-0.387298583984375 0.224517822265625 0.120635986328125 -0.309967041015625
-0.267486572265625 0.30023193359375 0.0536346435546875 -0.233367919921875
-0.11407470703125 0.41888427734375 -0.0390510559082031 -0.0252914428710937
0.11572265625 0.339111328125 0.0223388671875 0.0708236694335938
0.228668212890625 0.22613525390625 0.0940704345703125 0.16021728515625
0.28814697265625 0.038421630859375 0.260543823242187 0.0946044921875
0.29425048828125 -0.062713623046875 0.33203125 -0.04205322265625
0.28363037109375 -0.0211181640625 0.285980224609375 -0.08636474609375
0.295379638671875 -0.055267333984375 0.291412353515625 -0.0931396484375
0.270217895507813 0.0325927734375 0.227294921875 -0.0452728271484375
0.248245239257813 0.148849487304688 0.103401184082031 -0.0378875732421875
0.163131713867188 0.261932373046875 0.0682449340820313 -0.113685607910156
-0.070892333984375 0.3536376953125 0.10540771484375 -0.236328125
-0.193145751953125 0.333343505859375 0.21234130859375 -0.3892822265625
-0.303558349609375 0.2127685546875 0.480682373046875 -0.449737548828125
-0.477783203125 0.347412109375 0.011810302734375 -0.227569580078125
-0.35943603515625 0.4049072265625 0.01318359375 -0.1773681640625
-0.196197509765625 0.559417724609375 -0.0671920776367188 -0.0372200012207031
0.10260009765625 0.484222412109375 -0.0311851501464844 0.0447425842285157
0.26275634765625 0.362213134765625 0.011505126953125 0.142318725585938
0.389892578125 0.11962890625 0.161422729492188 0.0952911376953125
0.40899658203125 -0.04010009765625 0.20867919921875 -0.0117645263671875
0.39373779296875 -0.0108642578125 0.156661987304688 -0.0556488037109375
0.41522216796875 -0.071868896484375 0.170059204101563 -0.071258544921875
0.38397216796875 0.028350830078125 0.1156005859375 -0.0526123046875
0.369873046875 0.187286376953125 0.0149612426757813 -0.0400047302246094
0.275421142578125 0.33551025390625 -0.00464630126953124 -0.121955871582031
-0.02325439453125 0.501617431640625 0.0373382568359375 -0.242477416992187
-0.187469482421875 0.5018310546875 0.150604248046875 -0.3515625
-0.370330810546875 0.378448486328125 0.359954833984375 -0.387359619140625
-0.491058349609375 0.42578125 -0.136054992675781 -0.11248779296875
-0.384552001953125 0.466583251953125 -0.0589523315429688 -0.0923233032226562
-0.22613525390625 0.630859375 -0.0966339111328125 -0.0362777709960937
0.094207763671875 0.556915283203125 -0.0848159790039062 0.00958251953125002
0.270751953125 0.438568115234375 -0.0750045776367187 0.0930862426757813
0.436614990234375 0.17681884765625 0.03155517578125 0.0681076049804688
0.462432861328125 -0.013946533203125 0.0477943420410156 0.01202392578125
0.441650390625 -0.000885009765625 0.00333595275878909 -0.0154447555541992
0.473846435546875 -0.079681396484375 0.0253429412841797 -0.0299015045166016
0.441436767578125 0.02008056640625 -0.0161361694335937 -0.0373344421386719
0.43890380859375 0.199981689453125 -0.0805740356445312 -0.0227508544921875
0.34954833984375 0.3626708984375 -0.0765151977539062 -0.1064453125
0.02783203125 0.57598876953125 -0.0212554931640625 -0.210357666015625
-0.155517578125 0.5919189453125 0.0950927734375 -0.253387451171875
-0.3795166015625 0.4830322265625 0.220123291015625 -0.260833740234375
-0.41973876953125 0.44757080078125 -0.29400634765625 0.024261474609375
-0.328033447265625 0.470306396484375 -0.146591186523438 0.0121917724609375
-0.18438720703125 0.59796142578125 -0.127494812011719 -0.01995849609375
0.09527587890625 0.52471923828125 -0.134956359863281 -0.0200271606445312
0.248321533203125 0.422332763671875 -0.15478515625 0.03106689453125
0.415557861328125 0.1888427734375 -0.109260559082031 0.0274429321289063
0.440216064453125 0.005340576171875 -0.123939514160156 0.0336837768554687
0.422821044921875 0.00872802734375 -0.151275634765625 0.028717041015625
0.456695556640625 -0.066070556640625 -0.122901916503906 0.02252197265625
0.423370361328125 0.024261474609375 -0.148056030273437 -0.00897216796875002
0.422760009765625 0.198699951171875 -0.167404174804687 0.000991821289062534
0.338134765625 0.341827392578125 -0.134361267089844 -0.0767288208007812
0.0435791015625 0.547027587890625 -0.058074951171875 -0.151382446289063
-0.119384765625 0.57269287109375 0.05352783203125 -0.115203857421875
-0.338714599609375 0.497833251953125 0.0806045532226562 -0.0917282104492187
-0.278900146484375 0.405914306640625 -0.42633056640625 0.171905517578125
-0.20245361328125 0.4034423828125 -0.22454833984375 0.124618530273437
-0.09234619140625 0.458587646484375 -0.153350830078125 0.013031005859375
0.0948486328125 0.386993408203125 -0.174819946289063 -0.0258941650390624
0.195037841796875 0.31854248046875 -0.207992553710938 -0.0174102783203125
0.328338623046875 0.15045166015625 -0.229324340820312 -0.00498962402343749
0.349761962890625 0.01348876953125 -0.274932861328125 0.0560150146484375
0.337677001953125 0.01727294921875 -0.282470703125 0.072174072265625
0.369293212890625 -0.031585693359375 -0.254638671875 0.0677032470703125
0.333526611328125 0.0447998046875 -0.256668090820313 0.0106964111328124
0.317138671875 0.184783935546875 -0.227569580078125 0.00781250000000003
0.238174438476563 0.279800415039063 -0.165618896484375 -0.053924560546875
0.01556396484375 0.4176025390625 -0.0705184936523438 -0.0883560180664062
-0.085601806640625 0.4425048828125 0.0214366912841797 0.0249080657958985
-0.249114990234375 0.421661376953125 -0.04583740234375 0.080596923828125
-0.09918212890625 0.297760009765625 -0.509765625 0.308929443359375
-0.0544281005859375 0.273147583007813 -0.274490356445313 0.23211669921875
0.003326416015625 0.250137329101563 -0.163665771484375 0.0640411376953125
0.0767669677734375 0.194503784179688 -0.187301635742188 3.48466058185678E-17
0.114212036132813 0.165939331054688 -0.223480224609375 -0.037567138671875
0.192718505859375 0.0845947265625 -0.305877685546875 -0.0170898437500001
0.204925537109375 0.017242431640625 -0.377593994140625 0.0812377929687501
0.199859619140625 0.0225830078125 -0.370269775390625 0.10595703125
0.224319458007813 0.0098876953125 -0.3511962890625 0.09197998046875
0.189422607421875 0.063690185546875 -0.32598876953125 0.00555419921875003
0.156463623046875 0.147445678710938 -0.250137329101562 -0.0139923095703125
0.0915069580078125 0.17425537109375 -0.168136596679688 -0.050384521484375
-0.021881103515625 0.21514892578125 -0.0662918090820313 -0.0392913818359375
-0.0383148193359375 0.240142822265625 -0.0086517333984375 0.133995056152344
-0.119766235351562 0.275177001953125 -0.14288330078125 0.220062255859375
0.08001708984375 0.132896423339844 -0.531280517578125 0.418243408203125
0.0719985961914063 0.102119445800781 -0.288604736328125 0.32568359375
0.0657539367675781 0.0240020751953125 -0.14813232421875 0.125335693359375
0.0307025909423828 0.00403022766113281 -0.167526245117188 0.045074462890625
0.0145664215087891 0.013737678527832 -0.202621459960938 -0.0330963134765625
0.0334854125976563 0.02081298828125 -0.329437255859375 -0.00714111328125001
0.0301132202148438 0.0251808166503906 -0.416351318359375 0.103790283203125
0.0321521759033203 0.0265884399414063 -0.4019775390625 0.121368408203125
0.0488319396972656 0.0440788269042969 -0.398406982421875 0.0875244140625
0.0244598388671875 0.0604591369628906 -0.3465576171875 -0.0238342285156249
-0.0108795166015625 0.0727386474609375 -0.233123779296875 -0.0584869384765625
-0.0428504943847656 0.0299301147460938 -0.143035888671875 -0.0624237060546875
-0.0220470428466797 -0.0147571563720703 -0.0509567260742188 -0.00851821899414063
0.0399055480957031 0.0150527954101563 -0.0362701416015625 0.195785522460938
0.0386810302734375 0.0963058471679688 -0.197662353515625 0.303619384765625
-0.236358642578125 0.0869140625 0.154266357421875 -0.36077880859375
-0.132354736328125 0.162307739257812 0.0438385009765625 -0.260452270507812
-0.0101470947265625 0.222381591796875 -0.00866079330444336 -0.00776767730712889
0.111114501953125 0.14678955078125 0.08062744140625 0.0719223022460938
0.155319213867188 0.0582122802734375 0.172805786132813 0.1292724609375
0.130096435546875 -0.045623779296875 0.320220947265625 0.04559326171875
0.119010925292969 -0.0773391723632813 0.393280029296875 -0.10003662109375
0.123176574707031 -0.0369491577148438 0.36309814453125 -0.12652587890625
0.121482849121094 -0.049713134765625 0.3662109375 -0.117523193359375
0.121368408203125 0.002197265625 0.304168701171875 -0.035308837890625
0.118049621582031 0.0619354248046875 0.17132568359375 -0.0232391357421875
0.072113037109375 0.1414794921875 0.122222900390625 -0.0887680053710938
-0.0629425048828125 0.173385620117188 0.146652221679688 -0.204757690429688
-0.133956909179687 0.140701293945313 0.23114013671875 -0.37969970703125
-0.17681884765625 0.04071044921875 0.527862548828125 -0.472015380859375
-0.362396240234375 0.252716064453125 0.110015869140625 -0.31744384765625
-0.241485595703125 0.309173583984375 0.0428009033203125 -0.24005126953125
-0.082061767578125 0.41680908203125 -0.0348415374755859 -0.0227069854736328
0.134796142578125 0.31964111328125 0.0294761657714844 0.0665969848632813
0.236740112304688 0.203811645507813 0.106979370117188 0.152572631835938
0.278457641601563 0.01654052734375 0.265411376953125 0.0767974853515625
0.277633666992188 -0.0817718505859375 0.32843017578125 -0.062713623046875
0.275863647460938 -0.040618896484375 0.281219482421875 -0.10137939453125
0.2835693359375 -0.075836181640625 0.286834716796875 -0.107940673828125
0.266220092773438 0.0116119384765625 0.2264404296875 -0.053192138671875
0.255233764648437 0.127166748046875 0.101272583007813 -0.03643798828125
0.182037353515625 0.248779296875 0.0600814819335938 -0.112335205078125
-0.042083740234375 0.35821533203125 0.08807373046875 -0.239059448242187
-0.161529541015625 0.343963623046875 0.1827392578125 -0.397613525390625
-0.284515380859375 0.23883056640625 0.446502685546875 -0.468994140625
-0.449798583984375 0.3800048828125 0.010498046875 -0.22760009765625
-0.328582763671875 0.419525146484375 0.00868225097656248 -0.180267333984375
-0.15496826171875 0.56488037109375 -0.0614089965820313 -0.0291786193847656
0.131256103515625 0.46630859375 -0.0219459533691406 0.0466079711914063
0.2823486328125 0.337890625 0.0275421142578125 0.140792846679688
0.385955810546875 0.091644287109375 0.16937255859375 0.0822296142578125
0.39544677734375 -0.066436767578125 0.209335327148438 -0.025726318359375
0.3861083984375 -0.0379638671875 0.156005859375 -0.061187744140625
0.402069091796875 -0.100677490234375 0.168533325195313 -0.078582763671875
0.37860107421875 0.00146484375 0.114814758300781 -0.0531692504882813
0.37786865234375 0.159393310546875 0.0151176452636719 -0.0327987670898438
0.297332763671875 0.3155517578125 -0.0104827880859375 -0.114219665527344
0.013214111328125 0.501617431640625 0.0215606689453125 -0.238296508789062
-0.1492919921875 0.509033203125 0.12628173828125 -0.354888916015625
-0.344085693359375 0.4053955078125 0.331573486328125 -0.397735595703125
-0.4622802734375 0.457855224609375 -0.128486633300781 -0.102317810058594
-0.3546142578125 0.485382080078125 -0.0560302734375 -0.0886993408203125
-0.181884765625 0.64190673828125 -0.0898208618164063 -0.023529052734375
0.126983642578125 0.5438232421875 -0.0741195678710937 0.0169830322265625
0.296630859375 0.416168212890625 -0.0598678588867187 0.0971908569335938
0.43902587890625 0.147216796875 0.0400886535644531 0.06256103515625
0.452056884765625 -0.04425048828125 0.0524101257324219 0.00912857055664062
0.437408447265625 -0.029144287109375 0.00676155090332034 -0.0111799240112305
0.46051025390625 -0.109893798828125 0.0278244018554688 -0.0284976959228516
0.435546875 -0.0081787109375 -0.0149288177490234 -0.0302047729492188
0.446563720703125 0.169464111328125 -0.0775909423828125 -0.01043701171875
0.3695068359375 0.338592529296875 -0.0789031982421875 -0.09332275390625
0.065185546875 0.57147216796875 -0.0323944091796875 -0.200912475585938
-0.1141357421875 0.59576416015625 0.0782470703125 -0.252777099609375
-0.350189208984375 0.508697509765625 0.201461791992187 -0.26177978515625
-0.394378662109375 0.473297119140625 -0.277374267578125 0.0459289550781251
-0.301361083984375 0.48663330078125 -0.13592529296875 0.02374267578125
-0.14617919921875 0.60992431640625 -0.118705749511719 -0.00341796874999996
0.124969482421875 0.514068603515625 -0.124687194824219 -0.00811767578124998
0.275665283203125 0.405792236328125 -0.142654418945312 0.0408935546875
0.4219970703125 0.1614990234375 -0.102317810058594 0.0306930541992188
0.43511962890625 -0.023345947265625 -0.116851806640625 0.0407562255859375
0.421417236328125 -0.016693115234375 -0.143402099609375 0.0428009033203125
0.447296142578125 -0.094390869140625 -0.116119384765625 0.0325164794921875
0.4185791015625 -0.001312255859375 -0.143341064453125 0.00524902343750001
0.4295654296875 0.17034912109375 -0.161163330078125 0.017303466796875
0.35552978515625 0.3209228515625 -0.132766723632812 -0.0613021850585937
0.07586669921875 0.541900634765625 -0.0630950927734375 -0.139701843261719
-0.0828857421874999 0.5721435546875 0.0477218627929688 -0.112174987792969
-0.309478759765625 0.518341064453125 0.0735855102539063 -0.0850753784179687
-0.258697509765625 0.42071533203125 -0.40216064453125 0.199737548828125
-0.1834716796875 0.412841796875 -0.207015991210937 0.142852783203125
-0.068084716796875 0.466583251953125 -0.142578125 0.031890869140625
0.11566162109375 0.382049560546875 -0.16387939453125 -0.0109863281249999
0.214752197265625 0.3089599609375 -0.200332641601563 -0.00483703613281249
0.336517333984375 0.1317138671875 -0.224822998046875 0.00537109375000003
0.348602294921875 -0.008270263671875 -0.266265869140625 0.0732574462890625
0.33941650390625 -0.002044677734375 -0.271148681640625 0.092987060546875
0.364837646484375 -0.053741455078125 -0.243850708007812 0.08587646484375
0.33258056640625 0.02606201171875 -0.250259399414063 0.030029296875
0.32635498046875 0.16552734375 -0.219924926757812 0.026153564453125
0.252120971679688 0.265975952148438 -0.162155151367187 -0.037261962890625
0.037017822265625 0.415924072265625 -0.0717010498046875 -0.0770721435546875
-0.061798095703125 0.442138671875 0.0246200561523437 0.0291213989257813
-0.229461669921875 0.4345703125 -0.0405807495117188 0.0930862426757813
-0.089385986328125 0.2978515625 -0.476348876953125 0.343292236328125
-0.0453948974609375 0.274002075195313 -0.251846313476563 0.253570556640625
0.012542724609375 0.252975463867188 -0.150177001953125 0.0816497802734375
0.0848236083984375 0.193695068359375 -0.176239013671875 0.0137786865234375
0.123764038085937 0.163253784179688 -0.2191162109375 -0.0251617431640625
0.198593139648438 0.0768890380859375 -0.3031005859375 -0.00137329101562495
0.208160400390625 0.0061492919921875 -0.36724853515625 0.104339599609375
0.204879760742187 0.0133819580078125 -0.357208251953125 0.130706787109375
0.227081298828125 -0.0025177001953125 -0.3392333984375 0.114715576171875
0.194595336914063 0.0546417236328125 -0.320068359375 0.027679443359375
0.166671752929688 0.140090942382813 -0.24468994140625 0.00393676757812497
0.100814819335938 0.172592163085938 -0.165512084960938 -0.03411865234375
-0.013824462890625 0.220245361328125 -0.0653915405273438 -0.0289230346679687
-0.0307769775390625 0.240097045898438 0.00112152099609375 0.138778686523438
-0.112014770507813 0.279541015625 -0.129318237304688 0.235824584960938
0.0779800415039063 0.120353698730469 -0.494384765625 0.45074462890625
0.0706329345703125 0.0943603515625 -0.260894775390625 0.3460693359375
0.0590591430664062 0.021514892578125 -0.132476806640625 0.138351440429688
0.0269718170166016 0.00644493103027344 -0.155349731445312 0.0546417236328125
0.0134296417236328 0.0187816619873047 -0.200775146484375 -0.02496337890625
0.0375785827636719 0.0244903564453125 -0.32757568359375 0.00946044921874995
0.0373001098632813 0.026153564453125 -0.406463623046875 0.1295166015625
0.0394401550292969 0.0277099609375 -0.388580322265625 0.147430419921875
0.0574531555175781 0.0429649353027344 -0.38714599609375 0.113006591796875
0.0337104797363281 0.0618705749511719 -0.343780517578125 -0.00082397460937494
-0.00177764892578125 0.0781021118164063 -0.231781005859375 -0.0424957275390625
-0.0395622253417969 0.0399703979492187 -0.142776489257813 -0.0487518310546875
-0.0293521881103516 -0.00566673278808594 -0.0500564575195313 0.000350952148437507
0.0302867889404297 0.0155143737792969 -0.023681640625 0.201202392578125
0.03350830078125 0.0915298461914063 -0.18048095703125 0.319427490234375
-0.222015380859375 0.09881591796875 0.145904541015625 -0.369659423828125
-0.121368408203125 0.161361694335938 0.0342559814453125 -0.265274047851563
0.000671386718749998 0.213546752929687 -0.0065460205078125 -0.00977897644042968
0.112983703613281 0.133705139160156 0.0812911987304688 0.0657806396484375
0.151702880859375 0.0458221435546875 0.176361083984375 0.121719360351563
0.118637084960937 -0.0517120361328125 0.318817138671875 0.034759521484375
0.1070556640625 -0.0803680419921875 0.38714599609375 -0.113922119140625
0.116989135742188 -0.0424041748046875 0.358306884765625 -0.13897705078125
0.113441467285156 -0.0555801391601563 0.361724853515625 -0.129852294921875
0.117172241210938 -0.00506591796875 0.304107666015625 -0.04229736328125
0.119125366210938 0.0528488159179688 0.1702880859375 -0.02459716796875
0.0810775756835938 0.135383605957031 0.1165771484375 -0.091094970703125
-0.04925537109375 0.174758911132812 0.1334228515625 -0.209091186523437
-0.119125366210937 0.146041870117187 0.210723876953125 -0.386688232421875
-0.168792724609375 0.053680419921875 0.50372314453125 -0.487091064453125
-0.34393310546875 0.269500732421875 0.107818603515625 -0.324432373046875
-0.224761962890625 0.31158447265625 0.0360870361328125 -0.244705200195313
-0.0631103515625 0.4112548828125 -0.0304336547851563 -0.0215797424316406
0.14300537109375 0.3050537109375 0.033599853515625 0.0630149841308594
0.240005493164063 0.188323974609375 0.115158081054688 0.146453857421875
0.267913818359375 0.004791259765625 0.267196655273438 0.06597900390625
0.264266967773438 -0.091156005859375 0.325286865234375 -0.076171875
0.268356323242188 -0.0516815185546875 0.278839111328125 -0.110260009765625
0.273040771484375 -0.088653564453125 0.284515380859375 -0.117645263671875
0.261184692382813 -0.0006103515625 0.226409912109375 -0.056671142578125
0.258316040039063 0.11322021484375 0.101348876953125 -0.033111572265625
0.1944580078125 0.239212036132813 0.0561599731445313 -0.110420227050781
-0.02142333984375 0.3587646484375 0.075958251953125 -0.239974975585937
-0.139739990234375 0.347442626953125 0.16375732421875 -0.400970458984375
-0.271408081054688 0.255111694335938 0.425384521484375 -0.480682373046875
-0.43072509765625 0.399169921875 0.0137481689453125 -0.229415893554687
-0.3089599609375 0.42718505859375 0.00642395019531249 -0.182830810546875
-0.12921142578125 0.56524658203125 -0.0547752380371094 -0.0239753723144531
0.146270751953125 0.4520263671875 -0.0148048400878906 0.0459518432617188
0.292388916015625 0.321563720703125 0.038543701171875 0.137886047363281
0.380615234375 0.076141357421875 0.173324584960938 0.07281494140625
0.383087158203125 -0.08123779296875 0.20977783203125 -0.03448486328125
0.380706787109375 -0.052642822265625 0.15655517578125 -0.06365966796875
0.3907470703125 -0.116668701171875 0.1683349609375 -0.0834197998046875
0.372589111328125 -0.013153076171875 0.116355895996094 -0.051788330078125
0.380767822265625 0.14166259765625 0.0171012878417969 -0.0261745452880859
0.309478759765625 0.302398681640625 -0.0121688842773437 -0.108795166015625
0.03643798828125 0.4993896484375 0.0124664306640625 -0.234848022460937
-0.123382568359375 0.510284423828125 0.111175537109375 -0.35491943359375
-0.326385498046875 0.423431396484375 0.313995361328125 -0.40081787109375
-0.442474365234375 0.476776123046875 -0.119277954101563 -0.0978240966796875
-0.3349609375 0.49493408203125 -0.0531463623046875 -0.087188720703125
-0.15557861328125 0.64715576171875 -0.0813751220703125 -0.01458740234375
0.14599609375 0.533172607421875 -0.0645751953125 0.0198936462402344
0.311920166015625 0.40277099609375 -0.0485076904296875 0.0988388061523438
0.437469482421875 0.129302978515625 0.0450172424316407 0.0576896667480469
0.4429931640625 -0.06182861328125 0.05584716796875 0.0061187744140625
0.43389892578125 -0.045745849609375 0.0103673934936524 -0.0074920654296875
0.450531005859375 -0.128662109375 0.0310993194580078 -0.0275802612304688
0.4285888671875 -0.024200439453125 -0.0118751525878906 -0.0242481231689453
0.448822021484375 0.1502685546875 -0.0725555419921875 -0.000747680664062506
0.380706787109375 0.324127197265625 -0.0777740478515625 -0.0847930908203125
0.0885009765624999 0.568115234375 -0.0379791259765625 -0.194046020507812
-0.088623046875 0.59228515625 0.06878662109375 -0.249542236328125
-0.330780029296875 0.5244140625 0.190185546875 -0.258514404296875
-0.38079833984375 0.488922119140625 -0.26300048828125 0.0565338134765625
-0.2860107421875 0.495513916015625 -0.127487182617188 0.0308074951171875
-0.1229248046875 0.61700439453125 -0.108863830566406 0.00852203369140628
0.14337158203125 0.509307861328125 -0.114639282226562 -0.00204467773437499
0.291290283203125 0.3963623046875 -0.132469177246094 0.0451431274414063
0.424163818359375 0.14654541015625 -0.0978240966796875 0.03106689453125
0.429534912109375 -0.039825439453125 -0.111801147460937 0.0452117919921875
0.42071533203125 -0.032501220703125 -0.136566162109375 0.0524368286132812
0.43896484375 -0.111175537109375 -0.109619140625 0.0383224487304688
0.413299560546875 -0.01519775390625 -0.138542175292969 0.0146026611328125
0.43310546875 0.1536865234375 -0.154296875 0.0286102294921875
0.365570068359375 0.306671142578125 -0.128562927246094 -0.0508956909179687
0.094757080078125 0.5377197265625 -0.0649795532226563 -0.131935119628906
-0.0635375976562501 0.56866455078125 0.0445785522460937 -0.108375549316406
-0.294036865234375 0.531097412109375 0.070068359375 -0.0779571533203125
-0.251251220703125 0.428314208984375 -0.3824462890625 0.216094970703125
-0.17425537109375 0.418670654296875 -0.194183349609375 0.15374755859375
-0.0515441894531249 0.473785400390625 -0.131385803222656 0.04449462890625
0.1279296875 0.379730224609375 -0.153701782226563 -0.00364685058593749
0.227691650390625 0.303070068359375 -0.1929931640625 0.00122070312500001
0.33953857421875 0.121337890625 -0.222381591796875 0.0106353759765625
0.346527099609375 -0.020416259765625 -0.25982666015625 0.083251953125
0.340667724609375 -0.014862060546875 -0.261947631835938 0.106338500976562
0.361968994140625 -0.06756591796875 -0.2353515625 0.095184326171875
0.33111572265625 0.01568603515625 -0.243621826171875 0.04217529296875
0.330718994140625 0.1534423828125 -0.212173461914063 0.038116455078125
0.260101318359375 0.258377075195313 -0.15704345703125 -0.0266876220703125
0.049407958984375 0.41571044921875 -0.0704193115234375 -0.0692062377929687
-0.048614501953125 0.440216064453125 0.0281028747558594 0.0328159332275391
-0.2188720703125 0.443389892578125 -0.036407470703125 0.102859497070313
-0.087249755859375 0.29791259765625 -0.4544677734375 0.36065673828125
-0.0429840087890625 0.274368286132812 -0.234954833984375 0.26690673828125
0.0173187255859375 0.256820678710938 -0.138084411621094 0.0923309326171875
0.0893096923828125 0.19439697265625 -0.16607666015625 0.0203857421875
0.129653930664062 0.163665771484375 -0.215576171875 -0.0199737548828125
0.2027587890625 0.0733795166015625 -0.302215576171875 0.00637817382812501
0.20977783203125 -0.0011444091796875 -0.35986328125 0.118988037109375
0.20916748046875 0.0073089599609375 -0.34716796875 0.145843505859375
0.229583740234375 -0.0098876953125 -0.32958984375 0.128204345703125
0.197402954101562 0.04931640625 -0.31439208984375 0.041839599609375
0.173675537109375 0.135330200195313 -0.238662719726563 0.0157318115234375
0.108261108398437 0.172943115234375 -0.160873413085938 -0.0240631103515625
-0.0100250244140625 0.225173950195313 -0.0628623962402344 -0.02252197265625
-0.0283355712890625 0.240615844726563 0.00823974609375001 0.141769409179688
-0.109619140625 0.283966064453125 -0.120269775390625 0.24749755859375
0.0731124877929688 0.113853454589844 -0.471343994140625 0.466400146484375
0.0678024291992188 0.0906295776367188 -0.24078369140625 0.358642578125
0.0542373657226563 0.0224800109863281 -0.119720458984375 0.1458740234375
0.0242824554443359 0.0106735229492187 -0.145782470703125 0.0594635009765625
0.0123367309570313 0.0236072540283203 -0.200286865234375 -0.021942138671875
0.0408401489257813 0.0273590087890625 -0.327362060546875 0.017578125
0.0432968139648438 0.0256729125976563 -0.39898681640625 0.144622802734375
0.0458908081054687 0.0282363891601562 -0.3800048828125 0.1617431640625
0.0650138854980469 0.0426445007324219 -0.378173828125 0.1278076171875
0.0409584045410156 0.0620613098144531 -0.340850830078125 0.012176513671875
0.005828857421875 0.08148193359375 -0.229232788085938 -0.0324859619140625
-0.0361137390136719 0.0476417541503906 -0.14141845703125 -0.0395660400390625
-0.0342464447021484 0.00331687927246094 -0.0481719970703125 0.00630950927734374
0.0225391387939453 0.0185508728027344 -0.016021728515625 0.204544067382813
0.0270614624023438 0.0902328491210937 -0.1705322265625 0.331085205078125
-0.214004516601563 0.10797119140625 0.146240234375 -0.38397216796875
-0.115280151367188 0.1614990234375 0.02899169921875 -0.273910522460938
0.0071868896484375 0.209564208984375 -0.00443172454833984 -0.0123271942138672
0.114494323730469 0.126419067382813 0.0828933715820313 0.0626907348632813
0.150299072265625 0.037811279296875 0.181732177734375 0.118988037109375
0.111053466796875 -0.055389404296875 0.32379150390625 0.030059814453125
0.0995635986328125 -0.0815353393554687 0.3895263671875 -0.1253662109375
0.113258361816406 -0.0463180541992188 0.361083984375 -0.1497802734375
0.108360290527344 -0.0606307983398438 0.367034912109375 -0.140899658203125
0.11614990234375 -0.009521484375 0.311676025390625 -0.04693603515625
0.120857238769531 0.047698974609375 0.1729736328125 -0.02398681640625
0.0892181396484375 0.132843017578125 0.114395141601562 -0.0930557250976562
-0.039947509765625 0.177703857421875 0.1259765625 -0.21484375
-0.1092529296875 0.149322509765625 0.2000732421875 -0.39697265625
-0.164108276367188 0.0643768310546875 0.498565673828125 -0.504180908203125
-0.335601806640625 0.284698486328125 0.109100341796875 -0.337249755859375
-0.21844482421875 0.31683349609375 0.0330047607421875 -0.253173828125
-0.051055908203125 0.4136962890625 -0.0270328521728516 -0.0216579437255859
0.148773193359375 0.300048828125 0.0372886657714844 0.0605697631835938
0.244461059570312 0.18072509765625 0.122894287109375 0.144454956054688
0.262893676757813 -0.00128173828125 0.272994995117187 0.060760498046875
0.258316040039063 -0.0975189208984375 0.329559326171875 -0.085540771484375
0.26812744140625 -0.059783935546875 0.283233642578125 -0.117034912109375
0.269439697265625 -0.0983123779296875 0.290252685546875 -0.126068115234375
0.261337280273438 -0.0080108642578125 0.232696533203125 -0.05841064453125
0.263717651367188 0.105865478515625 0.104415893554688 -0.030181884765625
0.206268310546875 0.2379150390625 0.0550765991210938 -0.110687255859375
-0.00906372070312496 0.36578369140625 0.06884765625 -0.24383544921875
-0.1278076171875 0.35498046875 0.15411376953125 -0.409271240234375
-0.265960693359375 0.271194458007813 0.420074462890625 -0.49102783203125
-0.422943115234375 0.41943359375 0.0184173583984375 -0.237716674804687
-0.3026123046875 0.438629150390625 0.00636291503906247 -0.189422607421875
-0.1141357421875 0.5745849609375 -0.0487213134765625 -0.0209388732910156
0.155364990234375 0.450836181640625 -0.00908279418945311 0.0451469421386719
0.30322265625 0.316619873046875 0.04754638671875 0.137619018554688
0.381134033203125 0.06744384765625 0.179550170898438 0.0693206787109375
0.37969970703125 -0.09112548828125 0.213729858398438 -0.04150390625
0.383087158203125 -0.063201904296875 0.161483764648438 -0.0662078857421875
0.3897705078125 -0.129547119140625 0.173629760742188 -0.0878143310546875
0.37432861328125 -0.022369384765625 0.120887756347656 -0.0504684448242188
0.38934326171875 0.1318359375 0.0206241607666016 -0.0205459594726562
0.32427978515625 0.29925537109375 -0.012542724609375 -0.106399536132812
0.050811767578125 0.5084228515625 0.0065155029296875 -0.235992431640625
-0.109893798828125 0.51800537109375 0.102996826171875 -0.3594970703125
-0.3201904296875 0.4454345703125 0.30902099609375 -0.406097412109375
-0.43988037109375 0.499755859375 -0.112495422363281 -0.09918212890625
-0.330322265625 0.5091552734375 -0.0494461059570313 -0.0892410278320312
-0.13702392578125 0.6636962890625 -0.073272705078125 -0.00823974609374997
0.159912109375 0.534576416015625 -0.0582313537597656 0.02081298828125
0.327545166015625 0.401336669921875 -0.0399398803710937 0.0998916625976563
0.442230224609375 0.12152099609375 0.0489082336425782 0.0552101135253906
0.443634033203125 -0.07275390625 0.059112548828125 0.003936767578125
0.438720703125 -0.057525634765625 0.0153007507324219 -0.00497245788574219
0.450714111328125 -0.141571044921875 0.034414291381836 -0.0281009674072266
0.430877685546875 -0.032623291015625 -0.00831222534179685 -0.0199527740478516
0.458770751953125 0.1402587890625 -0.0686721801757812 0.00661849975585937
0.394378662109375 0.320159912109375 -0.076202392578125 -0.0804901123046875
0.10345458984375 0.5748291015625 -0.0413818359375 -0.192855834960937
-0.0750122070312501 0.60137939453125 0.0641021728515625 -0.251235961914062
-0.3267822265625 0.54595947265625 0.187301635742187 -0.259552001953125
-0.37908935546875 0.508514404296875 -0.254989624023438 0.0626983642578125
-0.2835693359375 0.5106201171875 -0.121864318847656 0.0346221923828125
-0.108154296875 0.63580322265625 -0.100128173828125 0.0167694091796875
0.15789794921875 0.514678955078125 -0.107612609863281 -7.62939453124554E-05
0.30694580078125 0.397247314453125 -0.127685546875 0.0475921630859375
0.432373046875 0.139923095703125 -0.09661865234375 0.0316009521484375
0.4334716796875 -0.0501708984375 -0.109825134277344 0.0482254028320313
0.427764892578125 -0.04248046875 -0.132675170898437 0.0601119995117188
0.441162109375 -0.1231689453125 -0.106834411621094 0.0423812866210938
0.417327880859375 -0.023223876953125 -0.136589050292969 0.0219497680664063
0.44268798828125 0.143402099609375 -0.149368286132812 0.0372161865234375
0.379364013671875 0.304595947265625 -0.126564025878906 -0.0450668334960938
0.10748291015625 0.5460205078125 -0.0664825439453125 -0.128829956054687
-0.05047607421875 0.5762939453125 0.0443572998046875 -0.107391357421875
-0.290771484375 0.55108642578125 0.0698089599609375 -0.0719985961914062
-0.250732421875 0.443084716796875 -0.374237060546875 0.229461669921875
-0.173004150390625 0.43084716796875 -0.18646240234375 0.163528442382813
-0.0431823730468749 0.488677978515625 -0.121810913085937 0.0537109375
0.138458251953125 0.386016845703125 -0.147232055664063 -0.000579833984374953
0.2413330078125 0.306793212890625 -0.191864013671875 0.00390625000000004
0.348358154296875 0.1177978515625 -0.2249755859375 0.0131378173828125
0.35174560546875 -0.02880859375 -0.258819580078125 0.0920715332031249
0.348663330078125 -0.021820068359375 -0.259918212890625 0.118209838867188
0.365509033203125 -0.07684326171875 -0.233566284179688 0.102859497070313
0.335968017578125 0.010223388671875 -0.244033813476562 0.050933837890625
0.340057373046875 0.1483154296875 -0.2086181640625 0.046722412109375
0.271392822265625 0.25933837890625 -0.154525756835937 -0.0203704833984375
0.0574951171875 0.425384521484375 -0.0699081420898438 -0.0663070678710937
-0.04388427734375 0.446319580078125 0.0310935974121094 0.0357513427734375
-0.219085693359375 0.458251953125 -0.0346527099609375 0.113838195800781
-0.09027099609375 0.3031005859375 -0.4461669921875 0.377227783203125
-0.0435028076171875 0.280960083007813 -0.226028442382812 0.279586791992188
0.0211334228515625 0.265274047851562 -0.128623962402344 0.101821899414063
0.0943450927734375 0.199478149414063 -0.160049438476563 0.024078369140625
0.137176513671875 0.168304443359375 -0.216781616210938 -0.01788330078125
0.209823608398438 0.072845458984375 -0.307037353515625 0.010955810546875
0.215377807617187 -0.005401611328125 -0.36175537109375 0.130615234375
0.216903686523437 0.0032196044921875 -0.34600830078125 0.15863037109375
0.236343383789063 -0.0147552490234375 -0.32940673828125 0.1390380859375
0.203659057617188 0.0475921630859375 -0.3160400390625 0.0506591796875
0.181991577148437 0.13543701171875 -0.236434936523437 0.023101806640625
0.1148681640625 0.177413940429688 -0.159652709960938 -0.017608642578125
-0.00776672363281249 0.234420776367187 -0.061767578125 -0.0187416076660156
-0.02960205078125 0.246261596679688 0.013427734375 0.1470947265625
-0.112579345703125 0.29278564453125 -0.11712646484375 0.261428833007812
0.068634033203125 0.110527038574219 -0.46258544921875 0.48541259765625
0.0650634765625 0.0905303955078125 -0.2305908203125 0.372802734375
0.0515480041503906 0.0246467590332031 -0.111007690429687 0.152664184570313
0.0235767364501953 0.0138683319091797 -0.140052795410156 0.0618743896484375
0.0135974884033203 0.0286617279052734 -0.203720092773438 -0.020843505859375
0.0452461242675781 0.03076171875 -0.333648681640625 0.022735595703125
0.0488052368164063 0.0256156921386719 -0.40118408203125 0.15765380859375
0.0525932312011719 0.0285224914550781 -0.38006591796875 0.174835205078125
0.0723037719726563 0.0423736572265625 -0.379974365234375 0.139190673828125
0.0478782653808594 0.0629997253417969 -0.34405517578125 0.020477294921875
0.0123214721679687 0.0850296020507813 -0.230575561523437 -0.027191162109375
-0.0331764221191406 0.0543937683105469 -0.1412353515625 -0.0336151123046875
-0.0380287170410156 0.0119667053222656 -0.0472679138183594 0.0104026794433594
0.0160274505615234 0.0228481292724609 -0.0107574462890625 0.210952758789062
0.0203857421875 0.092254638671875 -0.16741943359375 0.34625244140625
-0.209182739257813 0.1202392578125 0.144744873046875 -0.41021728515625
-0.111862182617187 0.166961669921875 0.020294189453125 -0.28863525390625
0.0147857666015625 0.21136474609375 -0.00322914123535156 -0.0148601531982422
0.118698120117188 0.122596740722656 0.0861740112304688 0.0597915649414063
0.151901245117188 0.02996826171875 0.192367553710938 0.116378784179688
0.105613708496094 -0.0603179931640625 0.336456298828125 0.02227783203125
0.0951156616210937 -0.08544921875 0.40008544921875 -0.143798828125
0.112297058105469 -0.0519638061523438 0.37176513671875 -0.16876220703125
0.105781555175781 -0.0675811767578125 0.3785400390625 -0.158538818359375
0.117347717285156 -0.0149154663085937 0.325927734375 -0.0562744140625
0.125968933105469 0.0431594848632813 0.18048095703125 -0.026123046875
0.0998458862304687 0.132835388183594 0.11407470703125 -0.0990447998046875
-0.0308380126953125 0.1845703125 0.120010375976563 -0.22650146484375
-0.102325439453125 0.157211303710937 0.191314697265625 -0.417083740234375
-0.162841796875 0.0761566162109375 0.497222900390625 -0.53753662109375
-0.332305908203125 0.309173583984375 0.109710693359375 -0.36065673828125
-0.213623046875 0.33154296875 0.027130126953125 -0.267684936523438
-0.03765869140625 0.4266357421875 -0.0232810974121094 -0.0221824645996093
0.16046142578125 0.301025390625 0.0422935485839844 0.0591468811035157
0.255813598632813 0.175704956054688 0.134490966796875 0.14471435546875
0.264739990234375 -0.0094757080078125 0.286468505859375 0.054840087890625
0.257675170898438 -0.106781005859375 0.33984375 -0.100799560546875
0.273895263671875 -0.0706787109375 0.29339599609375 -0.130645751953125
0.271530151367188 -0.1119384765625 0.30072021484375 -0.141357421875
0.2681884765625 -0.0162353515625 0.244247436523438 -0.0646820068359375
0.275543212890625 0.099517822265625 0.110748291015625 -0.0293731689453125
0.2252197265625 0.238967895507813 0.0539093017578125 -0.1146240234375
0.00695800781249996 0.38018798828125 0.0617218017578125 -0.25360107421875
-0.11669921875 0.36956787109375 0.14398193359375 -0.427734375
-0.264312744140625 0.296356201171875 0.4183349609375 -0.520263671875
-0.42047119140625 0.454742431640625 0.0203399658203125 -0.253555297851562
-0.3001708984375 0.461334228515625 0.00440979003906247 -0.200363159179687
-0.0958862304687499 0.59930419921875 -0.042877197265625 -0.0188674926757812
0.174530029296875 0.45928955078125 -0.00375747680664061 0.0445976257324219
0.324554443359375 0.314971923828125 0.05804443359375 0.139167785644531
0.390625 0.058807373046875 0.189697265625 0.06439208984375
0.384490966796875 -0.105194091796875 0.222549438476563 -0.051116943359375
0.394500732421875 -0.07843017578125 0.170257568359375 -0.0729827880859375
0.3956298828125 -0.148345947265625 0.180328369140625 -0.0967254638671875
0.3843994140625 -0.034393310546875 0.128524780273438 -0.0527114868164062
0.4063720703125 0.123046875 0.0255355834960938 -0.0159587860107422
0.348236083984375 0.300537109375 -0.0136337280273437 -0.107757568359375
0.07342529296875 0.527557373046875 -0.000885009765624969 -0.242767333984375
-0.0942382812500001 0.539154052734375 0.0931396484375001 -0.373046875
-0.3165283203125 0.4798583984375 0.30792236328125 -0.427093505859375
-0.439544677734375 0.537689208984375 -0.109550476074219 -0.103599548339844
-0.32904052734375 0.5399169921875 -0.0495681762695313 -0.09295654296875
-0.115234375 0.69476318359375 -0.0650558471679688 -0.00291442871093746
0.1827392578125 0.548797607421875 -0.0534858703613281 0.0218009948730469
0.356109619140625 0.403533935546875 -0.03302001953125 0.103324890136719
0.459503173828125 0.112579345703125 0.0544967651367188 0.0536041259765625
0.452392578125 -0.0882568359375 0.0638389587402344 0.00154495239257812
0.454925537109375 -0.074310302734375 0.0208206176757813 -0.00301551818847657
0.459625244140625 -0.163116455078125 0.0387077331542969 -0.0301246643066406
0.443389892578125 -0.047210693359375 -0.00505733489990232 -0.01654052734375
0.4781494140625 0.128570556640625 -0.0651168823242187 0.0145187377929688
0.422576904296875 0.319366455078125 -0.0778579711914062 -0.0789337158203125
0.1279296875 0.5966796875 -0.0487518310546875 -0.196304321289062
-0.05828857421875 0.62322998046875 0.0579986572265625 -0.258865356445312
-0.3231201171875 0.585693359375 0.186553955078125 -0.267578125
-0.3795166015625 0.54571533203125 -0.25274658203125 0.071502685546875
-0.281158447265625 0.541290283203125 -0.118698120117188 0.0396575927734375
-0.0877685546875001 0.6668701171875 -0.0907821655273437 0.0256729125976563
0.179901123046875 0.528839111328125 -0.104743957519531 0.00291442871093753
0.33648681640625 0.404144287109375 -0.125556945800781 0.0520858764648438
0.451995849609375 0.1328125 -0.09820556640625 0.0326995849609375
0.445587158203125 -0.065093994140625 -0.110061645507812 0.0538101196289062
0.444976806640625 -0.059051513671875 -0.130996704101562 0.069915771484375
0.45245361328125 -0.14263916015625 -0.107032775878906 0.0478363037109375
0.429931640625 -0.035369873046875 -0.136871337890625 0.03070068359375
0.4637451171875 0.134429931640625 -0.1474609375 0.047393798828125
0.403167724609375 0.30462646484375 -0.127479553222656 -0.0409164428710937
0.12884521484375 0.56646728515625 -0.0716629028320313 -0.129104614257813
-0.03692626953125 0.59765625 0.043060302734375 -0.109115600585937
-0.287841796875 0.587158203125 0.0709762573242187 -0.0682373046875
-0.253936767578125 0.470977783203125 -0.3724365234375 0.25006103515625
-0.170623779296875 0.456512451171875 -0.181991577148437 0.177169799804688
-0.027374267578125 0.513916015625 -0.1131591796875 0.0640335083007813
0.157012939453125 0.39892578125 -0.145355224609375 0.00367736816406252
0.263641357421875 0.31427001953125 -0.1943359375 0.00886535644531248
0.36639404296875 0.1134033203125 -0.232818603515625 0.0187530517578125
0.36376953125 -0.040802001953125 -0.264602661132813 0.104537963867188
0.36468505859375 -0.033782958984375 -0.260971069335938 0.134017944335937
0.378936767578125 -0.091552734375 -0.236968994140625 0.115447998046875
0.34832763671875 0.0020751953125 -0.247940063476562 0.0634765625
0.3582763671875 0.143768310546875 -0.208892822265625 0.0574951171875
0.29046630859375 0.26361083984375 -0.155960083007812 -0.014404296875
0.071502685546875 0.443511962890625 -0.0729217529296875 -0.0641555786132812
-0.03509521484375 0.463531494140625 0.0349769592285156 0.0394668579101563
-0.218505859375 0.4884033203125 -0.0315780639648438 0.128341674804688
-0.092071533203125 0.31866455078125 -0.44512939453125 0.4071044921875
-0.04180908203125 0.29486083984375 -0.21954345703125 0.30047607421875
0.0283355712890625 0.279052734375 -0.120002746582031 0.112220764160156
0.1041259765625 0.208084106445313 -0.15814208984375 0.0287322998046875
0.150604248046875 0.174453735351563 -0.223464965820312 -0.0131072998046875
0.222747802734375 0.07208251953125 -0.31964111328125 0.019073486328125
0.22509765625 -0.0117645263671875 -0.370147705078125 0.148651123046875
0.2294921875 -0.0035552978515625 -0.350677490234375 0.17901611328125
0.248565673828125 -0.0222320556640625 -0.336212158203125 0.155914306640625
0.214691162109375 0.0444183349609375 -0.324462890625 0.064300537109375
0.19549560546875 0.13525390625 -0.239944458007812 0.0322723388671875
0.126358032226563 0.184158325195313 -0.161727905273438 -0.0113372802734375
-0.00289916992187498 0.249496459960938 -0.0628280639648438 -0.0156898498535156
-0.028289794921875 0.25836181640625 0.0201873779296875 0.155105590820313
-0.11505126953125 0.312103271484375 -0.113311767578125 0.282501220703125
0.0663070678710938 0.111679077148438 -0.46044921875 0.519866943359375
0.06585693359375 0.0921249389648438 -0.22198486328125 0.39691162109375
0.0511665344238281 0.0260505676269531 -0.102813720703125 0.162078857421875
0.0242767333984375 0.0167274475097656 -0.137687683105469 0.0666656494140625
0.0149059295654297 0.0338802337646484 -0.212371826171875 -0.0179443359375
0.0511207580566406 0.0340805053710938 -0.3480224609375 0.03179931640625
0.0552139282226563 0.02569580078125 -0.4114990234375 0.177398681640625
0.060211181640625 0.0284805297851563 -0.387908935546875 0.196502685546875
0.0823898315429688 0.042083740234375 -0.389892578125 0.159210205078125
0.0553054809570313 0.0648956298828125 -0.3564453125 0.0334472656249999
0.0195083618164062 0.0891876220703125 -0.236724853515625 -0.0205688476562499
-0.0297012329101563 0.062255859375 -0.145111083984375 -0.0287933349609375
-0.0408973693847656 0.02105712890625 -0.0478057861328125 0.014434814453125
0.0115375518798828 0.0277748107910156 -0.00314331054687502 0.222259521484375
0.0167312622070312 0.097625732421875 -0.16485595703125 0.37188720703125
-0.203475952148438 0.137619018554688 0.12939453125 -0.444976806640625
-0.10479736328125 0.176361083984375 0.00320434570312497 -0.30560302734375
0.02703857421875 0.215362548828125 -0.00276279449462891 -0.0172119140625
0.127021789550781 0.117286682128906 0.0917892456054688 0.0559844970703125
0.15545654296875 0.0185699462890625 0.207244873046875 0.109298706054687
0.0996017456054688 -0.0672073364257813 0.35260009765625 0.005828857421875
0.0893020629882813 -0.090240478515625 0.40838623046875 -0.174346923828125
0.111312866210938 -0.0607681274414063 0.378448486328125 -0.199432373046875
0.101310729980469 -0.076751708984375 0.389251708984375 -0.191009521484375
0.119361877441406 -0.02288818359375 0.340972900390625 -0.076263427734375
0.132469177246094 0.0358734130859375 0.188568115234375 -0.033233642578125
0.114906311035156 0.130523681640625 0.111656188964844 -0.109527587890625
-0.01751708984375 0.192916870117188 0.108184814453125 -0.242767333984375
-0.092041015625 0.16766357421875 0.171234130859375 -0.4468994140625
-0.160003662109375 0.09246826171875 0.48504638671875 -0.58953857421875
-0.32110595703125 0.344085693359375 0.0976257324218749 -0.3905029296875
-0.2022705078125 0.35491943359375 0.013275146484375 -0.28466796875
-0.013031005859375 0.443023681640625 -0.0199985504150391 -0.0221977233886718
0.181640625 0.301025390625 0.0480613708496094 0.0566596984863281
0.27496337890625 0.165328979492187 0.15045166015625 0.141021728515625
0.268966674804688 -0.023101806640625 0.302398681640625 0.04010009765625
0.25750732421875 -0.122787475585938 0.34912109375 -0.127166748046875
0.278976440429687 -0.09075927734375 0.3016357421875 -0.155242919921875
0.2716064453125 -0.1339111328125 0.308929443359375 -0.166778564453125
0.276168823242188 -0.0324859619140625 0.256393432617188 -0.07940673828125
0.292633056640625 0.085784912109375 0.117454528808594 -0.0321807861328125
0.2520751953125 0.2344970703125 0.049957275390625 -0.121322631835938
0.032501220703125 0.39630126953125 0.0466461181640625 -0.26666259765625
-0.0972900390625 0.38958740234375 0.122772216796875 -0.453033447265625
-0.25439453125 0.330657958984375 0.40484619140625 -0.56573486328125
-0.40740966796875 0.50360107421875 0.013031005859375 -0.273345947265625
-0.2843017578125 0.497467041015625 -0.00462341308593752 -0.2132568359375
-0.0604858398437501 0.62799072265625 -0.0368385314941406 -0.0173454284667968
0.20660400390625 0.465606689453125 0.00248718261718752 0.0445518493652344
0.356536865234375 0.30908203125 0.0729446411132813 0.139732360839844
0.405792236328125 0.039947509765625 0.203781127929688 0.05462646484375
0.3902587890625 -0.12872314453125 0.231353759765625 -0.067535400390625
0.40667724609375 -0.106353759765625 0.177749633789063 -0.0859527587890625
0.39990234375 -0.1788330078125 0.186553955078125 -0.11334228515625
0.3963623046875 -0.0576171875 0.136245727539063 -0.0590133666992188
0.43035888671875 0.103607177734375 0.0308990478515625 -0.0136833190917969
0.3839111328125 0.29296875 -0.018707275390625 -0.110176086425781
0.10955810546875 0.548431396484375 -0.0173797607421875 -0.250274658203125
-0.06622314453125 0.56591796875 0.074127197265625 -0.3914794921875
-0.301361083984375 0.527008056640625 0.29656982421875 -0.459320068359375
-0.42718505859375 0.593994140625 -0.112396240234375 -0.107223510742187
-0.3096923828125 0.58380126953125 -0.052520751953125 -0.0972366333007812
-0.0753173828124999 0.7325439453125 -0.055908203125 0.00181961059570317
0.222412109375 0.561065673828125 -0.0479965209960937 0.0237655639648438
0.39691162109375 0.399627685546875 -0.023284912109375 0.10784912109375
0.483428955078125 0.092559814453125 0.06134033203125 0.0500869750976563
0.46343994140625 -0.11669921875 0.0688133239746094 -0.00309371948242188
0.471771240234375 -0.105621337890625 0.0266361236572266 -0.00277519226074219
0.46875 -0.197723388671875 0.0407829284667969 -0.0341072082519531
0.457733154296875 -0.073333740234375 -0.00135803222656247 -0.0137014389038086
0.5067138671875 0.1053466796875 -0.0603981018066406 0.0228843688964844
0.462677001953125 0.307403564453125 -0.0827102661132812 -0.0765533447265625
0.1710205078125 0.6180419921875 -0.06341552734375 -0.198196411132812
-0.0257568359375 0.6519775390625 0.0452117919921875 -0.2694091796875
-0.30316162109375 0.63763427734375 0.179443359375 -0.282684326171875
-0.3682861328125 0.59637451171875 -0.251434326171875 0.0863800048828125
-0.2637939453125 0.584228515625 -0.116287231445313 0.0471954345703125
-0.0499267578125 0.7064208984375 -0.07977294921875 0.0336074829101563
0.221038818359375 0.542724609375 -0.101303100585938 0.0071334838867188
0.3798828125 0.4013671875 -0.122695922851562 0.060699462890625
0.479034423828125 0.113983154296875 -0.0998687744140625 0.0377655029296875
0.458953857421875 -0.092376708984375 -0.109115600585937 0.0632858276367187
0.463470458984375 -0.087799072265625 -0.126968383789062 0.0831069946289062
0.46380615234375 -0.176239013671875 -0.10687255859375 0.0572967529296875
0.44586181640625 -0.05975341796875 -0.137351989746094 0.0425643920898438
0.49176025390625 0.1123046875 -0.144668579101563 0.0607757568359375
0.441680908203125 0.29583740234375 -0.131195068359375 -0.0341949462890625
0.16802978515625 0.5880126953125 -0.0820693969726563 -0.127204895019531
-0.00732421874999999 0.62420654296875 0.039642333984375 -0.111831665039062
-0.26922607421875 0.63934326171875 0.0711669921875 -0.0670394897460937
-0.24188232421875 0.51129150390625 -0.366973876953125 0.281646728515625
-0.156646728515625 0.490203857421875 -0.172775268554687 0.196044921875
0.00411987304687503 0.542633056640625 -0.101814270019531 0.0745620727539063
0.187408447265625 0.409423828125 -0.14373779296875 0.01068115234375
0.298797607421875 0.3150634765625 -0.199432373046875 0.01959228515625
0.391632080078125 0.09991455078125 -0.242431640625 0.03118896484375
0.377166748046875 -0.062591552734375 -0.267837524414063 0.126144409179687
0.382965087890625 -0.057464599609375 -0.25970458984375 0.157669067382813
0.391815185546875 -0.117584228515625 -0.239242553710938 0.136184692382812
0.364410400390625 -0.015045166015625 -0.252151489257813 0.0825958251953125
0.382720947265625 0.128265380859375 -0.207733154296875 0.0733642578125
0.321441650390625 0.25970458984375 -0.159225463867187 -0.0048828125
0.100128173828125 0.46368408203125 -0.0788803100585938 -0.0601959228515625
-0.014495849609375 0.486236572265625 0.0405502319335938 0.0426712036132813
-0.204437255859375 0.529541015625 -0.023773193359375 0.144073486328125
-0.085601806640625 0.341217041015625 -0.43359375 0.4508056640625
-0.03076171875 0.312347412109375 -0.2039794921875 0.32806396484375
0.04547119140625 0.2933349609375 -0.108802795410156 0.123977661132813
0.12091064453125 0.21331787109375 -0.157058715820312 0.0373687744140625
0.170562744140625 0.177200317382813 -0.232864379882812 -0.00222778320312499
0.240234375 0.0652008056640625 -0.33453369140625 0.0363159179687501
0.236221313476562 -0.0245361328125 -0.37628173828125 0.178924560546875
0.244369506835937 -0.017364501953125 -0.35162353515625 0.209991455078125
0.26239013671875 -0.038543701171875 -0.339996337890625 0.184967041015625
0.228713989257813 0.0356903076171875 -0.3326416015625 0.0880126953124999
0.214187622070313 0.1300048828125 -0.24359130859375 0.04766845703125
0.145614624023438 0.187759399414063 -0.165252685546875 -0.00115966796874999
0.010772705078125 0.267013549804688 -0.0658454895019531 -0.0105247497558593
-0.0196685791015625 0.274566650390625 0.0323944091796875 0.163330078125
-0.108154296875 0.33709716796875 -0.100372314453125 0.3106689453125
0.0676956176757813 0.112541198730469 -0.44586181640625 0.5693359375
0.0705490112304688 0.0925445556640625 -0.202911376953125 0.428985595703125
0.0512580871582031 0.0261688232421875 -0.0907440185546875 0.173782348632813
0.0257701873779297 0.0183563232421875 -0.135185241699219 0.0746688842773437
0.0193901062011719 0.0388031005859375 -0.223037719726563 -0.00817871093749995
0.0595893859863281 0.0354156494140625 -0.364227294921875 0.051971435546875
0.0627479553222656 0.0241584777832031 -0.418792724609375 0.21197509765625
0.0687789916992188 0.0265235900878906 -0.390472412109375 0.22967529296875
0.09466552734375 0.0380935668945313 -0.39703369140625 0.192169189453125
0.0653533935546875 0.0647659301757813 -0.37005615234375 0.0568542480468749
0.029754638671875 0.0926666259765625 -0.245864868164063 -0.00854492187500001
-0.0234298706054687 0.0703582763671875 -0.150314331054688 -0.019073486328125
-0.0419731140136719 0.0313301086425781 -0.04803466796875 0.0198402404785156
0.00878715515136719 0.0331001281738281 0.010772705078125 0.235565185546875
0.0159378051757812 0.104270935058594 -0.149749755859375 0.405181884765625
-0.1904296875 0.156814575195312 0.0968627929687499 -0.47552490234375
-0.09197998046875 0.185623168945313 -0.023590087890625 -0.31744384765625
0.0455780029296875 0.214874267578125 -0.00214576721191406 -0.0192718505859375
0.136306762695313 0.107582092285156 0.0973587036132813 0.0482559204101563
0.15625 0.0036163330078125 0.220840454101562 0.0947113037109375
0.09027099609375 -0.0743255615234375 0.364501953125 -0.021392822265625
0.0806427001953125 -0.0965652465820313 0.404632568359375 -0.214141845703125
0.106636047363281 -0.070892333984375 0.373291015625 -0.238739013671875
0.0930099487304688 -0.0864791870117188 0.38671875 -0.23297119140625
0.118240356445313 -0.0336685180664063 0.34918212890625 -0.106353759765625
0.138198852539063 0.0246353149414063 0.193008422851563 -0.046173095703125
0.130905151367188 0.121612548828125 0.104255676269531 -0.12017822265625
0.000305175781250006 0.197616577148438 0.0877532958984375 -0.257431030273438
-0.077178955078125 0.177047729492188 0.1358642578125 -0.471893310546875
-0.151443481445312 0.11114501953125 0.44781494140625 -0.64630126953125
-0.295654296875 0.381011962890625 0.071533203125 -0.41778564453125
-0.17767333984375 0.37835693359375 -0.010162353515625 -0.296966552734375
0.024322509765625 0.452728271484375 -0.0165672302246094 -0.0236644744873047
0.207672119140625 0.29156494140625 0.0544662475585938 0.0521736145019532
0.292938232421875 0.143768310546875 0.167617797851563 0.131240844726563
0.268341064453125 -0.04315185546875 0.31561279296875 0.0167236328125
0.250411987304688 -0.143173217773438 0.34906005859375 -0.161041259765625
0.278518676757813 -0.11639404296875 0.29962158203125 -0.18560791015625
0.263336181640625 -0.159957885742188 0.30584716796875 -0.20086669921875
0.278839111328125 -0.0563507080078125 0.262451171875 -0.102020263671875
0.306854248046875 0.063018798828125 0.122177124023438 -0.0386886596679687
0.281768798828125 0.219268798828125 0.0406723022460938 -0.127914428710938
0.069549560546875 0.40582275390625 0.0238494873046875 -0.27557373046875
-0.0662841796875 0.40625 0.08648681640625 -0.473297119140625
-0.230438232421875 0.36663818359375 0.369384765625 -0.6121826171875
-0.37200927734375 0.5550537109375 -0.00433349609375001 -0.290191650390625
-0.250885009765625 0.53369140625 -0.0218658447265625 -0.223373413085937
-0.00781249999999995 0.64935302734375 -0.0294342041015625 -0.01678466796875
0.249298095703125 0.459564208984375 0.00886535644531251 0.0424346923828125
0.39208984375 0.28448486328125 0.0896453857421875 0.135665893554688
0.4151611328125 0.010498046875 0.214675903320313 0.0382080078125
0.38726806640625 -0.160919189453125 0.23291015625 -0.0901947021484375
0.40948486328125 -0.14373779296875 0.179428100585938 -0.103515625
0.391876220703125 -0.217620849609375 0.184158325195313 -0.133560180664063
0.4010009765625 -0.08990478515625 0.1407470703125 -0.071014404296875
0.449493408203125 0.07025146484375 0.0360755920410157 -0.0132102966308594
0.4217529296875 0.268341064453125 -0.0273818969726562 -0.110832214355469
0.16192626953125 0.557464599609375 -0.0394287109375 -0.252151489257812
-0.02081298828125 0.585205078125 0.04302978515625 -0.405548095703125
-0.263916015625 0.57318115234375 0.265777587890625 -0.491943359375
-0.38592529296875 0.6502685546875 -0.118537902832031 -0.107643127441406
-0.2703857421875 0.62664794921875 -0.0595321655273438 -0.099365234375
-0.01177978515625 0.76031494140625 -0.0452613830566406 0.0044784545898438
0.274444580078125 0.557403564453125 -0.0424728393554687 0.0250320434570313
0.444610595703125 0.376129150390625 -0.0105133056640625 0.110916137695313
0.50299072265625 0.056793212890625 0.0674705505371094 0.0441093444824219
0.464324951171875 -0.155731201171875 0.07257080078125 -0.00975799560546876
0.477264404296875 -0.147430419921875 0.0324420928955078 -0.00477027893066407
0.461883544921875 -0.2431640625 0.0411415100097656 -0.0379409790039063
0.46405029296875 -0.110809326171875 0.00233268737792972 -0.0120429992675781
0.5277099609375 0.064910888671875 -0.0541610717773437 0.0303153991699219
0.504241943359375 0.277923583984375 -0.0887985229492187 -0.0706787109375
0.2283935546875 0.62530517578125 -0.0811614990234375 -0.194473266601562
0.0258178710937501 0.67156982421875 0.02545166015625 -0.276321411132812
-0.25933837890625 0.6885986328125 0.162811279296875 -0.298919677734375
-0.32952880859375 0.649658203125 -0.244583129882813 0.10516357421875
-0.22467041015625 0.626220703125 -0.111175537109375 0.0557708740234375
0.0132446289062501 0.73162841796875 -0.0661468505859375 0.039031982421875
0.2716064453125 0.5408935546875 -0.0973587036132812 0.0130920410156251
0.4285888671875 0.381744384765625 -0.116790771484375 0.0699462890625
0.504425048828125 0.07904052734375 -0.099822998046875 0.0450210571289063
0.46356201171875 -0.1314697265625 -0.1055908203125 0.0740737915039063
0.472381591796875 -0.1307373046875 -0.117950439453125 0.0968170166015625
0.461700439453125 -0.2203369140625 -0.103416442871094 0.0696640014648437
0.452972412109375 -0.095245361328125 -0.133598327636719 0.05718994140625
0.51373291015625 0.075225830078125 -0.136451721191406 0.0752639770507813
0.4815673828125 0.267547607421875 -0.134117126464844 -0.0232315063476562
0.2232666015625 0.59552001953125 -0.0941009521484375 -0.1199951171875
0.0408935546875 0.64208984375 0.0335769653320313 -0.114463806152344
-0.22442626953125 0.68572998046875 0.0699501037597656 -0.0663223266601562
-0.212005615234375 0.55023193359375 -0.346466064453125 0.31744384765625
-0.12445068359375 0.519989013671875 -0.156570434570313 0.215087890625
0.050537109375 0.56231689453125 -0.086181640625 0.0833358764648438
0.22796630859375 0.4080810546875 -0.139991760253906 0.0198822021484375
0.338043212890625 0.300811767578125 -0.199569702148438 0.034912109375
0.413543701171875 0.07177734375 -0.248245239257812 0.049713134765625
0.38433837890625 -0.094268798828125 -0.262802124023438 0.152542114257813
0.3924560546875 -0.091552734375 -0.247695922851562 0.185745239257813
0.394683837890625 -0.155303955078125 -0.232620239257813 0.163040161132813
0.373870849609375 -0.043670654296875 -0.249374389648437 0.107955932617188
0.404388427734375 0.10052490234375 -0.202163696289063 0.0921783447265625
0.35321044921875 0.2408447265625 -0.1597900390625 0.00865173339843753
0.141448974609375 0.474456787109375 -0.0855941772460938 -0.0517578125
0.02069091796875 0.503997802734375 0.0478591918945313 0.0439376831054688
-0.16796875 0.568359375 -0.0093841552734375 0.158645629882813
-0.06671142578125 0.361572265625 -0.403228759765625 0.499267578125
-0.00985717773437499 0.3267822265625 -0.178131103515625 0.353485107421875
0.07012939453125 0.301788330078125 -0.0927047729492188 0.134017944335938
0.142135620117188 0.212539672851563 -0.152206420898438 0.048309326171875
0.194244384765625 0.170700073242188 -0.237594604492188 0.0145721435546875
0.256240844726563 0.0498809814453125 -0.343170166015625 0.0637817382812501
0.243545532226563 -0.0439910888671875 -0.37115478515625 0.216888427734375
0.253814697265625 -0.039154052734375 -0.339080810546875 0.24664306640625
0.270355224609375 -0.06353759765625 -0.332275390625 0.2220458984375
0.241043090820312 0.0188140869140625 -0.333953857421875 0.119720458984375
0.232101440429687 0.116653442382812 -0.242050170898438 0.0677490234375
0.168014526367188 0.182464599609375 -0.166366577148438 0.01287841796875
0.0334320068359375 0.280120849609375 -0.0674819946289063 -0.00302124023437497
-0.00225830078125001 0.28662109375 0.04931640625 0.16778564453125
-0.087799072265625 0.361053466796875 -0.074981689453125 0.334808349609375
0.0718765258789063 0.111984252929688 -0.4063720703125 0.6221923828125
0.076690673828125 0.090728759765625 -0.166778564453125 0.4586181640625
0.0517120361328125 0.0241165161132813 -0.073486328125 0.182266235351562
0.0272102355957031 0.0185222625732422 -0.128082275390625 0.0846633911132813
0.0246009826660156 0.0417709350585938 -0.2301025390625 0.00785827636718748
0.0686912536621094 0.033447265625 -0.37347412109375 0.08184814453125
0.0697708129882813 0.01934814453125 -0.413848876953125 0.254150390625
0.0769577026367188 0.0204544067382813 -0.380706787109375 0.26898193359375
0.105659484863281 0.0297317504882812 -0.390411376953125 0.234588623046875
0.0762557983398438 0.0612945556640625 -0.37554931640625 0.09088134765625
0.041046142578125 0.0931549072265625 -0.25079345703125 0.010009765625
-0.01513671875 0.0768356323242188 -0.1531982421875 -0.00555419921875002
-0.0399246215820312 0.0427131652832031 -0.0471992492675781 0.0263023376464844
0.00751495361328125 0.0390663146972656 0.0324249267578125 0.243133544921875
0.0192642211914063 0.110069274902344 -0.11932373046875 0.435333251953125
-0.170745849609375 0.170272827148438 0.0567321777343749 -0.488494873046875
-0.0750885009765625 0.188735961914062 -0.05194091796875 -0.31597900390625
0.063140869140625 0.206878662109375 -0.00154876708984375 -0.0209827423095703
0.1412353515625 0.093536376953125 0.0994110107421875 0.0379409790039063
0.151290893554688 -0.0119476318359375 0.226669311523437 0.075225830078125
0.078155517578125 -0.0780410766601563 0.363250732421875 -0.05029296875
0.0696258544921875 -0.0990829467773438 0.385406494140625 -0.2493896484375
0.097564697265625 -0.0793304443359375 0.351165771484375 -0.271484375
0.080718994140625 -0.0924835205078125 0.364898681640625 -0.267913818359375
0.113052368164063 -0.0440139770507813 0.3436279296875 -0.13671875
0.139228820800781 0.011810302734375 0.191146850585938 -0.059051513671875
0.142440795898438 0.107925415039062 0.092010498046875 -0.127044677734375
0.019439697265625 0.195541381835938 0.0631103515625 -0.262359619140625
-0.0594635009765625 0.180572509765625 0.092803955078125 -0.479400634765625
-0.13653564453125 0.125656127929687 0.38671875 -0.6812744140625
-0.257293701171875 0.404449462890625 0.03631591796875 -0.429046630859375
-0.14508056640625 0.3883056640625 -0.03704833984375 -0.298065185546875
0.064178466796875 0.4462890625 -0.0130519866943359 -0.0247783660888672
0.228500366210938 0.27166748046875 0.0587806701660156 0.0448112487792969
0.300506591796875 0.1156005859375 0.178573608398438 0.114730834960938
0.25836181640625 -0.061981201171875 0.3170166015625 -0.009735107421875
0.23455810546875 -0.159744262695313 0.335205078125 -0.191497802734375
0.265777587890625 -0.139785766601563 0.283538818359375 -0.212310791015625
0.244674682617188 -0.180068969726563 0.28839111328125 -0.228668212890625
0.271148681640625 -0.0784149169921875 0.258895874023438 -0.12396240234375
0.3109130859375 0.036834716796875 0.122459411621094 -0.0454177856445313
0.301422119140625 0.192626953125 0.0293426513671875 -0.129615783691406
0.105560302734375 0.399627685546875 -0.00152587890625002 -0.273223876953125
-0.029571533203125 0.408447265625 0.043975830078125 -0.47607421875
-0.1944580078125 0.3892822265625 0.31353759765625 -0.638427734375
-0.31884765625 0.58544921875 -0.027191162109375 -0.2965087890625
-0.205963134765625 0.55096435546875 -0.040496826171875 -0.22369384765625
0.051025390625 0.6461181640625 -0.0216312408447266 -0.018381118774414
0.28564453125 0.43560791015625 0.0148124694824219 0.0375595092773438
0.413482666015625 0.247161865234375 0.102737426757813 0.125091552734375
0.41119384765625 -0.02294921875 0.218032836914063 0.0180816650390625
0.369476318359375 -0.190093994140625 0.226028442382813 -0.111770629882813
0.3956298828125 -0.178863525390625 0.173477172851563 -0.119873046875
0.368927001953125 -0.249725341796875 0.173828125 -0.149765014648438
0.3909912109375 -0.122283935546875 0.139518737792969 -0.0820083618164063
0.453765869140625 0.03076171875 0.040069580078125 -0.0137176513671875
0.446807861328125 0.230316162109375 -0.0356369018554687 -0.106941223144531
0.211669921875 0.544586181640625 -0.0610809326171875 -0.243133544921875
0.02862548828125 0.5828857421875 0.00836181640625004 -0.40313720703125
-0.20947265625 0.5997314453125 0.223846435546875 -0.508148193359375
-0.32562255859375 0.684814453125 -0.123756408691406 -0.103736877441406
-0.218994140625 0.64825439453125 -0.0661468505859375 -0.097320556640625
0.0584716796875 0.75885009765625 -0.0334358215332031 0.00338363647460942
0.319854736328125 0.529998779296875 -0.0357284545898437 0.0246849060058594
0.476226806640625 0.333526611328125 0.00253295898437502 0.108383178710938
0.504486083984375 0.0150146484375 0.0709762573242188 0.0365753173828125
0.4488525390625 -0.191436767578125 0.072723388671875 -0.0172348022460938
0.464385986328125 -0.1905517578125 0.0367164611816407 -0.00868606567382814
0.435577392578125 -0.282318115234375 0.0396766662597657 -0.0411300659179688
0.45263671875 -0.147918701171875 0.00607776641845706 -0.0108566284179688
0.53094482421875 0.020538330078125 -0.0455055236816406 0.0362892150878906
0.52655029296875 0.233306884765625 -0.0920333862304688 -0.06170654296875
0.28289794921875 0.607177734375 -0.0957183837890625 -0.181610107421875
0.0806884765625 0.6668701171875 0.00306701660156248 -0.273193359375
-0.19659423828125 0.71478271484375 0.13861083984375 -0.30474853515625
-0.27166748046875 0.68060302734375 -0.229782104492188 0.120986938476563
-0.1724853515625 0.6453857421875 -0.102935791015625 0.0631027221679688
0.07965087890625 0.72998046875 -0.0514106750488281 0.0389671325683594
0.317779541015625 0.51690673828125 -0.0902786254882812 0.0177841186523438
0.463134765625 0.343505859375 -0.106681823730469 0.0775985717773438
0.50933837890625 0.03643798828125 -0.0970993041992187 0.0514068603515625
0.451934814453125 -0.16815185546875 -0.0970687866210937 0.0824813842773438
0.46087646484375 -0.171630859375 -0.103591918945312 0.106346130371094
0.43988037109375 -0.259979248046875 -0.094024658203125 0.0796356201171875
0.44293212890625 -0.13128662109375 -0.124496459960937 0.0697097778320312
0.51678466796875 0.031341552734375 -0.124305725097656 0.0861434936523438
0.504119873046875 0.224090576171875 -0.132545471191406 -0.0111312866210937
0.27569580078125 0.57830810546875 -0.101951599121094 -0.106452941894531
0.092529296875 0.6380615234375 0.0266342163085938 -0.113014221191406
-0.16424560546875 0.7108154296875 0.0672798156738281 -0.0647010803222656
-0.166015625 0.5716552734375 -0.31451416015625 0.34344482421875
-0.082061767578125 0.532440185546875 -0.13372802734375 0.226669311523438
0.100128173828125 0.558868408203125 -0.069305419921875 0.0853347778320313
0.2618408203125 0.38934326171875 -0.132545471191406 0.0284423828125
0.367156982421875 0.272003173828125 -0.192398071289063 0.0498199462890625
0.420867919921875 0.037353515625 -0.245208740234375 0.0688476562499999
0.376373291015625 -0.126007080078125 -0.247329711914062 0.17529296875
0.38739013671875 -0.126495361328125 -0.226577758789063 0.206069946289062
0.381591796875 -0.18963623046875 -0.213607788085937 0.184646606445313
0.37005615234375 -0.07293701171875 -0.236663818359375 0.130264282226563
0.4111328125 0.066558837890625 -0.188858032226562 0.108016967773438
0.375274658203125 0.21075439453125 -0.155426025390625 0.022735595703125
0.18402099609375 0.466339111328125 -0.0875930786132812 -0.040496826171875
0.05999755859375 0.502105712890625 0.0549583435058594 0.0422019958496094
-0.12103271484375 0.58740234375 0.0079498291015625 0.166030883789063
-0.0400390625 0.370086669921875 -0.35516357421875 0.5301513671875
0.0150146484375 0.329071044921875 -0.142913818359375 0.367095947265625
0.09490966796875 0.297821044921875 -0.0738525390625 0.136619567871094
0.15997314453125 0.201644897460938 -0.143478393554688 0.057525634765625
0.210891723632813 0.156570434570313 -0.2335205078125 0.03314208984375
0.264266967773438 0.028778076171875 -0.33935546875 0.0914306640625
0.242141723632813 -0.06451416015625 -0.35009765625 0.24896240234375
0.252899169921875 -0.0617218017578125 -0.313140869140625 0.274627685546875
0.267059326171875 -0.08819580078125 -0.30804443359375 0.252349853515625
0.243743896484375 -0.0003509521484375 -0.32098388671875 0.14886474609375
0.242141723632813 0.0962677001953125 -0.2320556640625 0.08660888671875
0.185546875 0.168487548828125 -0.161285400390625 0.0279083251953125
0.059326171875 0.280960083007813 -0.0660629272460938 0.00604248046875
0.018402099609375 0.289703369140625 0.0664520263671875 0.164749145507813
-0.060638427734375 0.37322998046875 -0.042236328125 0.347015380859375
0.074920654296875 0.108001708984375 -0.3482666015625 0.65350341796875
0.0813827514648438 0.0847625732421875 -0.122314453125 0.4693603515625
0.0504608154296875 0.0221366882324219 -0.054534912109375 0.183990478515625
0.0284328460693359 0.0183563232421875 -0.117042541503906 0.0920486450195313
0.0302925109863281 0.0428085327148437 -0.228195190429688 0.0253448486328125
0.0757217407226563 0.0280303955078125 -0.3692626953125 0.11199951171875
0.0743789672851563 0.0127410888671875 -0.389923095703125 0.29217529296875
0.082275390625 0.0130615234375 -0.35394287109375 0.301544189453125
0.112922668457031 0.01806640625 -0.365447998046875 0.270355224609375
0.0844650268554688 0.0541229248046875 -0.36669921875 0.123992919921875
0.051513671875 0.0891036987304688 -0.24774169921875 0.02935791015625
-0.00521087646484376 0.0796051025390625 -0.150009155273438 0.00828552246093752
-0.0341606140136719 0.0515327453613281 -0.0439033508300781 0.0322189331054688
0.00825119018554687 0.0433998107910156 0.054901123046875 0.241790771484375
0.0239791870117188 0.112602233886719 -0.07940673828125 0.4500732421875
-0.151351928710938 0.175430297851562 0.0268859863281249 -0.486968994140625
-0.061309814453125 0.186065673828125 -0.07110595703125 -0.307373046875
0.0736541748046875 0.195297241210938 -0.000696182250976558 -0.0238456726074219
0.141555786132813 0.0814666748046875 0.0971603393554688 0.029541015625
0.1417236328125 -0.0219879150390625 0.225540161132813 0.0595245361328125
0.0673065185546875 -0.0772781372070313 0.354827880859375 -0.071502685546875
0.060211181640625 -0.0976104736328125 0.361572265625 -0.270172119140625
0.0888442993164063 -0.0830841064453125 0.327056884765625 -0.289764404296875
0.0694122314453125 -0.093536376953125 0.34033203125 -0.288818359375
0.106613159179688 -0.0503005981445313 0.331787109375 -0.156494140625
0.136077880859375 0.001983642578125 0.186508178710938 -0.06640625
0.147567749023438 0.094818115234375 0.0807723999023438 -0.128028869628906
0.0321044921875 0.188873291015625 0.0430755615234375 -0.258331298828125
-0.0448760986328125 0.177963256835938 0.059051513671875 -0.473876953125
-0.1207275390625 0.132392883300781 0.3330078125 -0.68853759765625
-0.22088623046875 0.410369873046875 0.00915527343749997 -0.428680419921875
-0.118865966796875 0.386444091796875 -0.055328369140625 -0.291259765625
0.09185791015625 0.429412841796875 -0.00876426696777343 -0.0279483795166015
0.23779296875 0.2501220703125 0.0592613220214844 0.0371627807617188
0.297637939453125 0.091705322265625 0.181060791015625 0.1002197265625
0.244125366210938 -0.07342529296875 0.3109130859375 -0.0286865234375
0.217514038085938 -0.167266845703125 0.3162841796875 -0.211151123046875
0.250885009765625 -0.15289306640625 0.26605224609375 -0.22796630859375
0.224105834960938 -0.189697265625 0.268569946289063 -0.244186401367187
0.259841918945313 -0.0932769775390625 0.2498779296875 -0.138717651367187
0.306396484375 0.016265869140625 0.121063232421875 -0.0492782592773438
0.308990478515625 0.168426513671875 0.020782470703125 -0.127273559570313
0.13055419921875 0.385711669921875 -0.0190887451171875 -0.263992309570313
-0.0035400390625 0.40032958984375 0.01312255859375 -0.465576171875
-0.161224365234375 0.396270751953125 0.2664794921875 -0.6395263671875
-0.27081298828125 0.5938720703125 -0.04437255859375 -0.294921875
-0.167144775390625 0.549957275390625 -0.0539398193359375 -0.218643188476562
0.0932006835937501 0.6260986328125 -0.0147495269775391 -0.0225830078125
0.304412841796875 0.407012939453125 0.0180644989013672 0.0328807830810547
0.41851806640625 0.213226318359375 0.109611511230469 0.113922119140625
0.39715576171875 -0.0450439453125 0.21417236328125 0.003814697265625
0.3482666015625 -0.205780029296875 0.214797973632813 -0.12554931640625
0.376953125 -0.20001220703125 0.16448974609375 -0.130386352539063
0.341552734375 -0.26666259765625 0.161880493164063 -0.158645629882813
0.374176025390625 -0.14251708984375 0.136154174804688 -0.089385986328125
0.444549560546875 0.00201416015625 0.0435867309570313 -0.0138702392578125
0.453277587890625 0.1953125 -0.0401535034179687 -0.101242065429687
0.244415283203125 0.52197265625 -0.07342529296875 -0.2301025390625
0.0640869140625 0.56793212890625 -0.015899658203125 -0.391632080078125
-0.16412353515625 0.6070556640625 0.1893310546875 -0.5064697265625
-0.27313232421875 0.69293212890625 -0.125419616699219 -0.0991439819335937
-0.17449951171875 0.6480712890625 -0.069732666015625 -0.092926025390625
0.1065673828125 0.73773193359375 -0.0232448577880859 -0.00173759460449214
0.345947265625 0.497894287109375 -0.0305652618408203 0.0224895477294922
0.4873046875 0.29400634765625 0.0120697021484375 0.103279113769531
0.491973876953125 -0.01470947265625 0.070404052734375 0.0301895141601562
0.427642822265625 -0.21282958984375 0.0715103149414063 -0.023101806640625
0.446075439453125 -0.21722412109375 0.0387687683105469 -0.0122261047363281
0.4075927734375 -0.303131103515625 0.0395469665527344 -0.0424919128417969
0.432830810546875 -0.17041015625 0.00960254669189456 -0.0108661651611328
0.52081298828125 -0.01318359375 -0.0367050170898437 0.0384368896484375
0.53179931640625 0.193206787109375 -0.0913772583007812 -0.054412841796875
0.31903076171875 0.58050537109375 -0.10247802734375 -0.166763305664062
0.119873046875 0.64630126953125 -0.01129150390625 -0.264511108398437
-0.1456298828125 0.7186279296875 0.119415283203125 -0.300811767578125
-0.22210693359375 0.68768310546875 -0.213638305664063 0.128890991210938
-0.13134765625 0.64312744140625 -0.0946121215820313 0.0667877197265625
0.12725830078125 0.710693359375 -0.0389366149902344 0.0348320007324219
0.343963623046875 0.485992431640625 -0.0830001831054687 0.01947021484375
0.478057861328125 0.3062744140625 -0.0960311889648437 0.0799026489257813
0.500823974609375 0.0052490234375 -0.0943374633789062 0.0557022094726563
0.4324951171875 -0.192138671875 -0.0882568359375 0.0865097045898438
0.44464111328125 -0.2000732421875 -0.090972900390625 0.109024047851562
0.413604736328125 -0.283538818359375 -0.08306884765625 0.084869384765625
0.425872802734375 -0.154327392578125 -0.113510131835937 0.0772705078125
0.507781982421875 -0.0015869140625 -0.11090087890625 0.0914154052734375
0.508697509765625 0.1876220703125 -0.127021789550781 -0.00280761718749999
0.309722900390625 0.55316162109375 -0.102981567382812 -0.0932464599609374
0.12738037109375 0.619384765625 0.0226974487304688 -0.109764099121094
-0.115478515625 0.71160888671875 0.0657577514648437 -0.0612182617187499
-0.12872314453125 0.57403564453125 -0.282073974609375 0.352996826171875
-0.05072021484375 0.529327392578125 -0.114517211914063 0.228805541992188
0.13446044921875 0.5438232421875 -0.0552215576171875 0.0823211669921875
0.281494140625 0.3665771484375 -0.123329162597656 0.0325775146484375
0.379364013671875 0.24322509765625 -0.18206787109375 0.0582733154296875
0.416107177734375 0.011138916015625 -0.238800048828125 0.0826873779296875
0.362762451171875 -0.14605712890625 -0.230300903320312 0.188735961914063
0.374755859375 -0.1510009765625 -0.204620361328125 0.214797973632813
0.362335205078125 -0.2115478515625 -0.19317626953125 0.195602416992188
0.359161376953125 -0.09259033203125 -0.220733642578125 0.143753051757813
0.40606689453125 0.03973388671875 -0.173370361328125 0.115890502929688
0.380767822265625 0.182403564453125 -0.146743774414062 0.0319061279296875
0.21197509765625 0.449737548828125 -0.08544921875 -0.030487060546875
0.0868835449218749 0.48992919921875 0.0598487854003906 0.0399131774902344
-0.08355712890625 0.58978271484375 0.0226287841796875 0.167678833007813
-0.019744873046875 0.368194580078125 -0.309814453125 0.539581298828125
0.03125 0.323883056640625 -0.11395263671875 0.3680419921875
0.11077880859375 0.289459228515625 -0.0595779418945312 0.133712768554688
0.169113159179688 0.189987182617188 -0.1329345703125 0.0619964599609375
0.220458984375 0.141510009765625 -0.224472045898438 0.044830322265625
0.2633056640625 0.0120849609375 -0.33038330078125 0.110595703125
0.23516845703125 -0.078369140625 -0.32598876953125 0.26800537109375
0.247726440429688 -0.0782318115234375 -0.285919189453125 0.288665771484375
0.258392333984375 -0.105667114257812 -0.281051635742188 0.268112182617188
0.240753173828125 -0.014617919921875 -0.302764892578125 0.167694091796875
0.24456787109375 0.080078125 -0.219085693359375 0.0970611572265625
0.1939697265625 0.153884887695313 -0.15277099609375 0.0376129150390625
0.07781982421875 0.276596069335938 -0.0618705749511719 0.012908935546875
0.033660888671875 0.286163330078125 0.0781402587890625 0.158660888671875
-0.038055419921875 0.375152587890625 -0.0152587890625 0.346832275390625
0.075958251953125 0.103759765625 -0.29583740234375 0.65802001953125
0.0820693969726563 0.0788345336914063 -0.087982177734375 0.4661865234375
0.0479202270507813 0.0218849182128906 -0.0407562255859375 0.180267333984375
0.0281963348388672 0.0178089141845703 -0.105926513671875 0.093475341796875
0.0351829528808594 0.0432052612304688 -0.221343994140625 0.036834716796875
0.0800857543945312 0.0226211547851562 -0.358856201171875 0.13330078125
0.0761947631835938 0.0070037841796875 -0.36285400390625 0.311981201171875
0.0844879150390625 0.006805419921875 -0.324951171875 0.318511962890625
0.115272521972656 0.0073699951171875 -0.33636474609375 0.288970947265625
0.0886917114257813 0.047515869140625 -0.35113525390625 0.145843505859375
0.058013916015625 0.0844268798828125 -0.240081787109375 0.04302978515625
0.002777099609375 0.0792236328125 -0.143600463867187 0.017913818359375
-0.0277671813964844 0.0569000244140625 -0.039642333984375 0.0366592407226563
0.00896072387695313 0.0471343994140625 0.0708160400390625 0.2340087890625
0.0263519287109375 0.113182067871094 -0.04742431640625 0.449859619140625
-0.137435913085938 0.175491333007812 0.00512695312499998 -0.484344482421875
-0.053253173828125 0.18310546875 -0.081695556640625 -0.30120849609375
0.0797882080078125 0.185684204101563 0.000143051147460942 -0.0264263153076172
0.139480590820312 0.0731964111328125 0.0943527221679688 0.024261474609375
0.133529663085938 -0.027984619140625 0.221755981445313 0.0511322021484375
0.0598297119140625 -0.0742645263671875 0.347900390625 -0.082366943359375
0.0549240112304688 -0.0950851440429688 0.34442138671875 -0.28192138671875
0.0825271606445313 -0.08428955078125 0.309417724609375 -0.298919677734375
0.0621185302734375 -0.0921096801757813 0.321868896484375 -0.299652099609375
0.100959777832031 -0.0533065795898438 0.323150634765625 -0.16845703125
0.13385009765625 -0.00426483154296875 0.1834716796875 -0.0691070556640625
0.149932861328125 0.085693359375 0.0733871459960938 -0.127792358398438
0.0397186279296875 0.183685302734375 0.03009033203125 -0.2540283203125
-0.03619384765625 0.174346923828125 0.0382080078125 -0.464630126953125
-0.109245300292969 0.135330200195313 0.2979736328125 -0.6864013671875
-0.19775390625 0.410369873046875 -0.0081787109375 -0.42620849609375
-0.102325439453125 0.3828125 -0.065277099609375 -0.285736083984375
0.107635498046875 0.41387939453125 -0.00589370727539062 -0.0328121185302734
0.240203857421875 0.235244750976563 0.0592689514160156 0.0321540832519531
0.291259765625 0.077178955078125 0.18109130859375 0.091522216796875
0.233535766601563 -0.0774688720703125 0.3060302734375 -0.039947509765625
0.206497192382813 -0.168792724609375 0.30218505859375 -0.22174072265625
0.239944458007812 -0.160537719726562 0.2537841796875 -0.236160278320313
0.21051025390625 -0.19305419921875 0.2550048828125 -0.252182006835937
0.250900268554688 -0.10101318359375 0.244140625 -0.148101806640625
0.301300048828125 0.00384521484375 0.121475219726563 -0.050811767578125
0.311492919921875 0.152008056640625 0.0156326293945313 -0.124137878417969
0.144989013671875 0.375885009765625 -0.028717041015625 -0.256195068359375
0.011810302734375 0.3919677734375 -0.00469970703124995 -0.4554443359375
-0.139190673828125 0.39801025390625 0.23626708984375 -0.63629150390625
-0.24066162109375 0.59356689453125 -0.0543212890625 -0.29278564453125
-0.145050048828125 0.547454833984375 -0.0608673095703125 -0.214218139648438
0.11700439453125 0.6077880859375 -0.00939750671386718 -0.0290336608886718
0.313140869140625 0.38641357421875 0.0202102661132813 0.0279998779296875
0.417449951171875 0.191131591796875 0.112564086914063 0.106132507324219
0.3848876953125 -0.05584716796875 0.210662841796875 -0.0045623779296875
0.33453369140625 -0.211883544921875 0.206100463867188 -0.134078979492188
0.363372802734375 -0.21307373046875 0.158432006835938 -0.136947631835938
0.32305908203125 -0.274139404296875 0.154876708984375 -0.163864135742188
0.361968994140625 -0.1536865234375 0.134193420410156 -0.0941238403320313
0.437591552734375 -0.01470947265625 0.0472526550292969 -0.01416015625
0.45477294921875 0.174591064453125 -0.0415802001953125 -0.0974578857421875
0.26300048828125 0.50665283203125 -0.0784759521484375 -0.220062255859375
0.08209228515625 0.55474853515625 -0.029205322265625 -0.3817138671875
-0.13409423828125 0.60711669921875 0.167205810546875 -0.4990234375
-0.2384033203125 0.69317626953125 -0.1251220703125 -0.0972442626953125
-0.1490478515625 0.6439208984375 -0.0708236694335938 -0.0899734497070312
0.13623046875 0.719482421875 -0.0163755416870117 -0.00905132293701168
0.3582763671875 0.476165771484375 -0.0260086059570312 0.0197677612304688
0.49029541015625 0.268585205078125 0.01727294921875 0.0984954833984375
0.480621337890625 -0.031768798828125 0.0694122314453125 0.0269241333007813
0.411468505859375 -0.224853515625 0.0698776245117188 -0.0268936157226563
0.430755615234375 -0.233154296875 0.0405731201171875 -0.0154647827148438
0.386962890625 -0.31304931640625 0.0399169921875 -0.0436172485351563
0.4185791015625 -0.181549072265625 0.0128879547119141 -0.0114955902099609
0.5108642578125 -0.03173828125 -0.0296783447265625 0.0393486022949219
0.5311279296875 0.169189453125 -0.08935546875 -0.0499954223632813
0.339813232421875 0.560760498046875 -0.102752685546875 -0.156234741210937
0.13916015625 0.63134765625 -0.0181884765625 -0.257156372070312
-0.11199951171875 0.71563720703125 0.10894775390625 -0.294342041015625
-0.1925048828125 0.68621826171875 -0.203125 0.130844116210938
-0.10821533203125 0.641357421875 -0.0890274047851563 0.0676651000976563
0.154541015625 0.69384765625 -0.0297679901123047 0.0281333923339844
0.356292724609375 0.4666748046875 -0.0766372680664062 0.0180282592773438
0.483367919921875 0.281097412109375 -0.0880661010742187 0.0798797607421875
0.49200439453125 -0.013275146484375 -0.092437744140625 0.0585479736328125
0.417999267578125 -0.20404052734375 -0.0821075439453125 0.0879058837890625
0.43243408203125 -0.21636962890625 -0.0823593139648437 0.109725952148437
0.393951416015625 -0.2940673828125 -0.0745468139648437 0.0867080688476562
0.4136962890625 -0.16583251953125 -0.104896545410156 0.0804824829101563
0.498077392578125 -0.020233154296875 -0.100738525390625 0.0930404663085937
0.505615234375 0.1629638671875 -0.121864318847656 0.00177001953125003
0.328765869140625 0.53607177734375 -0.100006103515625 -0.0843276977539062
0.14642333984375 0.60345458984375 0.0210494995117188 -0.107063293457031
-0.08489990234375 0.71026611328125 0.0669593811035156 -0.0573081970214843
-0.10638427734375 0.57305908203125 -0.260406494140625 0.35540771484375
-0.033721923828125 0.52508544921875 -0.101272583007813 0.228912353515625
0.15435791015625 0.5303955078125 -0.0464630126953125 0.0762710571289063
0.291259765625 0.351165771484375 -0.115928649902344 0.032684326171875
0.3857421875 0.22467041015625 -0.17401123046875 0.060760498046875
0.41143798828125 -0.00537109375 -0.234237670898437 0.0905303955078125
0.352203369140625 -0.156707763671875 -0.216995239257812 0.194976806640625
0.36572265625 -0.1651611328125 -0.189544677734375 0.217453002929688
0.347900390625 -0.22320556640625 -0.178466796875 0.199951171875
0.350128173828125 -0.103057861328125 -0.208389282226562 0.150711059570313
0.400787353515625 0.0233154296875 -0.16290283203125 0.118331909179687
0.38238525390625 0.163909912109375 -0.140121459960938 0.0364990234375
0.228271484375 0.437225341796875 -0.0807647705078125 -0.023345947265625
0.10205078125 0.4798583984375 0.0629806518554688 0.0377159118652344
-0.05914306640625 0.588623046875 0.0334625244140625 0.169158935546875
-0.008392333984375 0.366058349609375 -0.280914306640625 0.539031982421875
0.039703369140625 0.32012939453125 -0.095306396484375 0.365875244140625
0.119049072265625 0.283416748046875 -0.05096435546875 0.129463195800781
0.173553466796875 0.182479858398438 -0.124359130859375 0.0621566772460937
0.225677490234375 0.13275146484375 -0.217803955078125 0.048980712890625
0.262191772460938 0.00146484375 -0.323760986328125 0.122161865234375
0.230316162109375 -0.0865020751953125 -0.3087158203125 0.277740478515625
0.24395751953125 -0.0885009765625 -0.2674560546875 0.294677734375
0.251998901367188 -0.116256713867187 -0.261383056640625 0.274383544921875
0.23779296875 -0.02288818359375 -0.28912353515625 0.1778564453125
0.2442626953125 0.070159912109375 -0.209320068359375 0.1014404296875
0.197891235351563 0.143783569335938 -0.145858764648438 0.042327880859375
0.090667724609375 0.27239990234375 -0.0576210021972656 0.0172996520996094
0.042236328125 0.283905029296875 0.0852813720703125 0.153106689453125
-0.0250244140625 0.37591552734375 0.00204467773437501 0.345947265625
0.0739288330078125 0.101638793945313 -0.26263427734375 0.65814208984375
0.0806732177734375 0.07537841796875 -0.0663757324218751 0.460723876953125
0.0452423095703125 0.0223121643066406 -0.0324859619140625 0.176040649414063
0.0278682708740234 0.0181102752685547 -0.0986099243164063 0.0924835205078125
0.0389938354492188 0.0431671142578125 -0.216415405273438 0.04168701171875
0.0825271606445313 0.0190277099609375 -0.351043701171875 0.14508056640625
0.077484130859375 0.00383758544921875 -0.3441162109375 0.324981689453125
0.0861740112304688 0.00213623046875 -0.30511474609375 0.325592041015625
0.116302490234375 -0.0003662109375 -0.31610107421875 0.297576904296875
0.0914688110351563 0.042633056640625 -0.338653564453125 0.159088134765625
0.0621871948242187 0.0811309814453125 -0.232803344726563 0.050048828125
0.00813293457031249 0.078125 -0.137664794921875 0.024139404296875
-0.0222091674804688 0.0607490539550781 -0.0358123779296875 0.0389175415039063
0.00959396362304687 0.0504684448242188 0.08013916015625 0.227828979492188
0.0270919799804688 0.115028381347656 -0.02667236328125 0.447784423828125
-0.129974365234375 0.177169799804688 -0.00796508789062501 -0.490570068359375
-0.0482177734375 0.1815185546875 -0.089691162109375 -0.3026123046875
0.084747314453125 0.180877685546875 0.00112342834472657 -0.0307807922363281
0.138870239257813 0.0688858032226563 0.0926742553710938 0.0209197998046875
0.12762451171875 -0.0313491821289063 0.22247314453125 0.047576904296875
0.0552215576171875 -0.0723114013671875 0.349517822265625 -0.09173583984375
0.0520553588867187 -0.0941009521484375 0.336761474609375 -0.293914794921875
0.0788803100585938 -0.0864181518554688 0.30181884765625 -0.3104248046875
0.0576095581054687 -0.0912551879882813 0.314239501953125 -0.310516357421875
0.0983200073242187 -0.05609130859375 0.32305908203125 -0.180511474609375
0.133132934570313 -0.00881195068359375 0.18548583984375 -0.07159423828125
0.1536865234375 0.0797271728515625 0.0688247680664063 -0.128791809082031
0.045166015625 0.183578491210938 0.0213775634765625 -0.253372192382813
-0.030120849609375 0.173507690429688 0.02520751953125 -0.46405029296875
-0.101776123046875 0.138908386230469 0.28076171875 -0.6910400390625
-0.1837158203125 0.415283203125 -0.0189208984375 -0.431396484375
-0.09344482421875 0.384368896484375 -0.07275390625 -0.286773681640625
0.119110107421875 0.4091796875 -0.00371170043945312 -0.0396385192871093
0.2447509765625 0.226913452148438 0.0588150024414063 0.0284309387207031
0.28985595703125 0.06915283203125 0.183349609375 0.087249755859375
0.228240966796875 -0.0794830322265625 0.307403564453125 -0.048248291015625
0.201950073242188 -0.171722412109375 0.295135498046875 -0.23248291015625
0.235595703125 -0.16851806640625 0.248382568359375 -0.245803833007813
0.203460693359375 -0.197021484375 0.249496459960938 -0.261154174804688
0.247528076171875 -0.107101440429688 0.244949340820313 -0.156723022460937
0.301605224609375 -0.004608154296875 0.124984741210938 -0.051971435546875
0.317962646484375 0.1429443359375 0.0125656127929688 -0.124580383300781
0.15765380859375 0.374114990234375 -0.0346527099609375 -0.25372314453125
0.02191162109375 0.391571044921875 -0.01666259765625 -0.4537353515625
-0.12530517578125 0.40570068359375 0.2205810546875 -0.64013671875
-0.22210693359375 0.59942626953125 -0.061737060546875 -0.2965087890625
-0.13189697265625 0.55096435546875 -0.065704345703125 -0.215103149414063
0.13604736328125 0.6029052734375 -0.00629806518554687 -0.03753662109375
0.320770263671875 0.377685546875 0.0211849212646485 0.0240917205810547
0.420806884765625 0.178192138671875 0.116493225097656 0.102302551269531
0.3809814453125 -0.062896728515625 0.211517333984375 -0.009552001953125
0.3287353515625 -0.218994140625 0.202545166015625 -0.142074584960938
0.358642578125 -0.2255859375 0.155868530273438 -0.143341064453125
0.31414794921875 -0.28125 0.152862548828125 -0.170181274414063
0.358184814453125 -0.161834716796875 0.136077880859375 -0.099578857421875
0.4378662109375 -0.0264892578125 0.0518150329589844 -0.0145950317382813
0.46185302734375 0.1602783203125 -0.043243408203125 -0.0970077514648438
0.280975341796875 0.50250244140625 -0.081268310546875 -0.216506958007812
0.095062255859375 0.553558349609375 -0.03741455078125 -0.3790283203125
-0.1153564453125 0.61553955078125 0.1568603515625 -0.499908447265625
-0.21966552734375 0.70147705078125 -0.126670837402344 -0.0984725952148437
-0.13409423828125 0.65142822265625 -0.0728607177734375 -0.0897979736328125
0.15863037109375 0.7144775390625 -0.0124073028564453 -0.017155647277832
0.3701171875 0.466583251953125 -0.0231647491455078 0.0162448883056641
0.4974365234375 0.2537841796875 0.0223159790039063 0.0964889526367188
0.4791259765625 -0.042236328125 0.070068359375 0.0263404846191406
0.40618896484375 -0.23333740234375 0.0693778991699219 -0.03045654296875
0.427001953125 -0.248382568359375 0.0416984558105469 -0.01837158203125
0.377044677734375 -0.324188232421875 0.0416450500488281 -0.0462608337402344
0.414947509765625 -0.19183349609375 0.0160884857177735 -0.0127077102661133
0.51019287109375 -0.045654296875 -0.0235671997070312 0.0401802062988281
0.5374755859375 0.15374755859375 -0.0884552001953125 -0.0489883422851562
0.35791015625 0.55621337890625 -0.10235595703125 -0.152313232421875
0.1533203125 0.6295166015625 -0.022491455078125 -0.2547607421875
-0.0904541015625 0.7276611328125 0.10546875 -0.29302978515625
-0.1756591796875 0.69525146484375 -0.1968994140625 0.133010864257813
-0.09332275390625 0.647705078125 -0.0855865478515625 0.0699920654296875
0.17547607421875 0.69189453125 -0.0249252319335937 0.0207233428955078
0.368377685546875 0.4569091796875 -0.072723388671875 0.0158767700195313
0.49359130859375 0.26641845703125 -0.0833969116210937 0.0793914794921875
0.4921875 -0.023162841796875 -0.092193603515625 0.0622329711914063
0.414459228515625 -0.214324951171875 -0.0791244506835937 0.0897903442382812
0.42987060546875 -0.23345947265625 -0.0767669677734375 0.110153198242187
0.38702392578125 -0.30682373046875 -0.0687408447265625 0.0878829956054687
0.410980224609375 -0.175628662109375 -0.100090026855469 0.0836868286132812
0.496978759765625 -0.0323486328125 -0.0946273803710937 0.0939712524414063
0.511566162109375 0.14959716796875 -0.119232177734375 0.00305938720703124
0.346771240234375 0.531341552734375 -0.0969772338867187 -0.0798187255859375
0.15850830078125 0.6033935546875 0.0216217041015625 -0.106117248535156
-0.0637207031250001 0.72015380859375 0.070709228515625 -0.0540618896484375
-0.09320068359375 0.5797119140625 -0.248321533203125 0.35955810546875
-0.022369384765625 0.530609130859375 -0.0932159423828125 0.232391357421875
0.170379638671875 0.532196044921875 -0.040863037109375 0.0714111328125
0.301483154296875 0.3450927734375 -0.11151123046875 0.031982421875
0.39593505859375 0.214813232421875 -0.1707763671875 0.0623779296875
0.4132080078125 -0.014373779296875 -0.2347412109375 0.09844970703125
0.350830078125 -0.165557861328125 -0.211471557617188 0.20196533203125
0.36517333984375 -0.17913818359375 -0.181121826171875 0.222732543945313
0.343292236328125 -0.235107421875 -0.168548583984375 0.204849243164063
0.349395751953125 -0.111236572265625 -0.202224731445312 0.157150268554688
0.40277099609375 0.013824462890625 -0.156753540039062 0.120437622070312
0.38726806640625 0.1536865234375 -0.136024475097656 0.0389251708984375
0.244903564453125 0.435760498046875 -0.0766448974609375 -0.0192031860351562
0.112030029296875 0.480438232421875 0.0674171447753906 0.0365638732910157
-0.04437255859375 0.59747314453125 0.042816162109375 0.1724853515625
-0.00201416015625003 0.36981201171875 -0.26397705078125 0.5443115234375
0.044952392578125 0.322509765625 -0.08349609375 0.369232177734375
0.12640380859375 0.284942626953125 -0.0461349487304687 0.127456665039063
0.178878784179688 0.17987060546875 -0.120262145996094 0.0618820190429688
0.233444213867187 0.127639770507812 -0.216156005859375 0.05157470703125
0.265975952148438 -0.0053863525390625 -0.324737548828125 0.132110595703125
0.231185913085937 -0.0927734375 -0.3001708984375 0.288970947265625
0.245269775390625 -0.09722900390625 -0.257232666015625 0.30181884765625
0.25103759765625 -0.126419067382813 -0.250885009765625 0.281890869140625
0.240478515625 -0.0282135009765625 -0.284027099609375 0.187103271484375
0.247512817382813 0.064422607421875 -0.205520629882812 0.105300903320313
0.202651977539063 0.139511108398438 -0.141357421875 0.0451812744140625
0.100479125976562 0.274627685546875 -0.0535926818847656 0.0204238891601563
0.04742431640625 0.286285400390625 0.09185791015625 0.151824951171875
-0.016632080078125 0.38262939453125 0.0147705078125 0.34954833984375
0.0729217529296875 0.101890563964844 -0.2432861328125 0.66094970703125
0.0806045532226563 0.0748291015625 -0.051788330078125 0.46380615234375
0.0434722900390625 0.0245208740234375 -0.02789306640625 0.17559814453125
0.0279197692871094 0.0189399719238281 -0.0944900512695313 0.0915069580078125
0.0435562133789063 0.0436477661132813 -0.216049194335938 0.0440673828125
0.0864486694335938 0.0160675048828125 -0.351470947265625 0.15496826171875
0.08026123046875 0.00063323974609375 -0.333709716796875 0.336944580078125
0.0894241333007813 -0.00173187255859375 -0.29498291015625 0.335357666015625
0.118804931640625 -0.0071258544921875 -0.30535888671875 0.30731201171875
0.0953445434570313 0.0395050048828125 -0.334259033203125 0.170196533203125
0.0668716430664062 0.0798110961914062 -0.232315063476563 0.054718017578125
0.01226806640625 0.07830810546875 -0.134498596191406 0.0273056030273437
-0.0179824829101563 0.0641441345214844 -0.0325508117675781 0.0415763854980469
0.0104637145996094 0.054473876953125 0.087921142578125 0.2265625
0.0282516479492188 0.119148254394531 -0.0123291015625 0.453277587890625
-0.123855590820312 0.1834716796875 -0.02587890625 -0.506103515625
-0.0426788330078125 0.184890747070313 -0.1041259765625 -0.309722900390625
0.0923919677734375 0.179229736328125 0.000175476074218753 -0.0372123718261719
0.1417236328125 0.064178466796875 0.0928497314453125 0.0173187255859375
0.125267028808594 -0.03619384765625 0.228607177734375 0.043304443359375
0.052032470703125 -0.0720977783203125 0.35723876953125 -0.1064453125
0.0494918823242187 -0.0962371826171875 0.3323974609375 -0.313873291015625
0.07611083984375 -0.090850830078125 0.296600341796875 -0.3297119140625
0.0544052124023438 -0.0930709838867188 0.3106689453125 -0.332000732421875
0.0968475341796875 -0.060821533203125 0.3277587890625 -0.19921875
0.136009216308594 -0.014923095703125 0.191909790039063 -0.077880859375
0.161331176757813 0.0742645263671875 0.0645599365234375 -0.133087158203125
0.05352783203125 0.186508178710937 0.0120391845703125 -0.258621215820312
-0.0241546630859375 0.1771240234375 0.00888061523437495 -0.474517822265625
-0.0956268310546875 0.145233154296875 0.2623291015625 -0.715576171875
-0.1715087890625 0.429168701171875 -0.03472900390625 -0.445892333984375
-0.0833740234375 0.394866943359375 -0.085052490234375 -0.293914794921875
0.1365966796875 0.412261962890625 -0.00417327880859374 -0.0477752685546875
0.255950927734375 0.22271728515625 0.06011962890625 0.0247879028320313
0.294464111328125 0.06011962890625 0.191574096679688 0.0840606689453125
0.228607177734375 -0.0850677490234375 0.31536865234375 -0.05938720703125
0.200439453125 -0.180740356445313 0.29266357421875 -0.25152587890625
0.234542846679688 -0.181961059570313 0.244888305664063 -0.262664794921875
0.200119018554688 -0.20654296875 0.2469482421875 -0.280303955078125
0.249282836914062 -0.11700439453125 0.24822998046875 -0.172286987304688
0.308807373046875 -0.0155029296875 0.131050109863281 -0.0565032958984375
0.33209228515625 0.13385009765625 0.00810241699218753 -0.12847900390625
0.178192138671875 0.38037109375 -0.04296875 -0.257034301757813
0.03558349609375 0.3992919921875 -0.0316162109375 -0.46234130859375
-0.11065673828125 0.421356201171875 0.20379638671875 -0.65960693359375
-0.20428466796875 0.62237548828125 -0.073516845703125 -0.3052978515625
-0.1173095703125 0.56982421875 -0.07476806640625 -0.21978759765625
0.16033935546875 0.6103515625 -0.00582122802734374 -0.0468559265136718
0.34014892578125 0.373779296875 0.0225048065185547 0.0204029083251953
0.43450927734375 0.16693115234375 0.124374389648438 0.100067138671875
0.386566162109375 -0.072967529296875 0.217086791992188 -0.0163421630859375
0.32965087890625 -0.23358154296875 0.200714111328125 -0.154037475585938
0.359100341796875 -0.246856689453125 0.155380249023438 -0.154861450195313
0.3111572265625 -0.297882080078125 0.152175903320313 -0.182464599609375
0.361114501953125 -0.1767578125 0.139289855957031 -0.108863830566406
0.447174072265625 -0.0423583984375 0.0574913024902344 -0.0163154602050781
0.47930908203125 0.148956298828125 -0.04705810546875 -0.0989456176757812
0.308929443359375 0.50811767578125 -0.0868988037109375 -0.217727661132812
0.11669921875 0.56390380859375 -0.049285888671875 -0.3858642578125
-0.09246826171875 0.63800048828125 0.146514892578125 -0.514801025390625
-0.20062255859375 0.72747802734375 -0.131637573242187 -0.0998458862304687
-0.11590576171875 0.672607421875 -0.076019287109375 -0.0909271240234375
0.1900634765625 0.72430419921875 -0.0104198455810547 -0.0260734558105468
0.394989013671875 0.46337890625 -0.0217552185058594 0.0128746032714844
0.51971435546875 0.240631103515625 0.027923583984375 0.0956497192382813
0.488067626953125 -0.056793212890625 0.072906494140625 0.0250015258789063
0.40887451171875 -0.25250244140625 0.0694808959960938 -0.0345726013183594
0.4293212890625 -0.273468017578125 0.0441513061523438 -0.0224876403808594
0.375 -0.34429931640625 0.0444793701171875 -0.0515098571777344
0.418609619140625 -0.20904541015625 0.0194759368896485 -0.0146827697753906
0.52130126953125 -0.0645751953125 -0.0175819396972656 0.0406570434570312
0.556121826171875 0.1392822265625 -0.0912094116210937 -0.0490341186523438
0.39111328125 0.56097412109375 -0.104827880859375 -0.1507568359375
0.17803955078125 0.63958740234375 -0.0286102294921875 -0.259048461914062
-0.0645751953125 0.7520751953125 0.102264404296875 -0.2996826171875
-0.1563720703125 0.72027587890625 -0.194671630859375 0.140151977539063
-0.07403564453125 0.6697998046875 -0.0832977294921875 0.073974609375
0.20654296875 0.7032470703125 -0.0225677490234375 0.0147266387939454
0.39312744140625 0.454864501953125 -0.0712203979492187 0.0139617919921875
0.515899658203125 0.254669189453125 -0.0803375244140625 0.0808868408203125
0.503143310546875 -0.037841796875 -0.0930252075195312 0.0681686401367188
0.419219970703125 -0.23309326171875 -0.0774078369140625 0.0951080322265625
0.433074951171875 -0.257476806640625 -0.0724258422851562 0.113853454589844
0.384521484375 -0.329254150390625 -0.063446044921875 0.0906600952148437
0.415740966796875 -0.19146728515625 -0.096923828125 0.08935546875
0.508636474609375 -0.051300048828125 -0.0893020629882812 0.0971908569335938
0.53009033203125 0.136474609375 -0.119789123535156 0.00513458251953126
0.378082275390625 0.5347900390625 -0.096343994140625 -0.0779647827148437
0.181884765625 0.61346435546875 0.0216751098632813 -0.109039306640625
-0.037841796875 0.74542236328125 0.0752792358398438 -0.0542373657226562
-0.0784912109374999 0.59967041015625 -0.23736572265625 0.374908447265625
-0.00744628906250001 0.54901123046875 -0.0844573974609375 0.2413330078125
0.1944580078125 0.541595458984375 -0.0376319885253906 0.0696449279785156
0.3204345703125 0.344085693359375 -0.109756469726562 0.0322418212890625
0.41607666015625 0.204925537109375 -0.170913696289063 0.06597900390625
0.424346923828125 -0.027587890625 -0.238555908203125 0.11065673828125
0.35546875 -0.1812744140625 -0.207717895507812 0.215133666992188
0.3701171875 -0.20062255859375 -0.175369262695313 0.233154296875
0.34417724609375 -0.255096435546875 -0.161514282226563 0.213531494140625
0.35687255859375 -0.1239013671875 -0.198989868164063 0.168624877929687
0.412689208984375 0.001068115234375 -0.153396606445313 0.126068115234375
0.40228271484375 0.144439697265625 -0.135421752929687 0.0427398681640625
0.26885986328125 0.4398193359375 -0.0739822387695312 -0.0165939331054687
0.12957763671875 0.49114990234375 0.0733566284179688 0.0355300903320313
-0.0238037109375 0.62054443359375 0.054473876953125 0.178009033203125
0.00665283203124999 0.38214111328125 -0.2479248046875 0.56640625
0.053985595703125 0.333038330078125 -0.070159912109375 0.38201904296875
0.13800048828125 0.291473388671875 -0.0418243408203125 0.129325866699219
0.18902587890625 0.179931640625 -0.118301391601562 0.063873291015625
0.246719360351563 0.122146606445313 -0.219268798828125 0.056365966796875
0.27435302734375 -0.0145111083984375 -0.33062744140625 0.1483154296875
0.236557006835938 -0.103256225585938 -0.295013427734375 0.30792236328125
0.250946044921875 -0.112457275390625 -0.2498779296875 0.317291259765625
0.253707885742188 -0.141647338867188 -0.2427978515625 0.296356201171875
0.247467041015625 -0.0369415283203125 -0.281707763671875 0.203033447265625
0.256622314453125 0.057373046875 -0.205474853515625 0.112701416015625
0.213531494140625 0.136016845703125 -0.140388488769531 0.0500106811523438
0.116043090820313 0.279617309570313 -0.050140380859375 0.0237274169921875
0.057342529296875 0.294952392578125 0.101715087890625 0.152114868164063
-0.00299072265625001 0.39849853515625 0.030792236328125 0.36004638671875
0.0741500854492188 0.104965209960938 -0.22369384765625 0.68463134765625
0.0821151733398438 0.0756072998046875 -0.03472900390625 0.4771728515625
0.0432548522949219 0.0276298522949219 -0.0224151611328125 0.180587768554688
0.0289936065673828 0.0205268859863281 -0.0917205810546875 0.0944061279296875
0.048919677734375 0.0438308715820313 -0.221588134765625 0.0487518310546875
0.0913772583007813 0.0123367309570313 -0.3585205078125 0.17254638671875
0.0845565795898438 -0.00257110595703125 -0.329010009765625 0.360015869140625
0.0946807861328125 -0.00695037841796875 -0.28863525390625 0.354248046875
0.123565673828125 -0.01495361328125 -0.298828125 0.32501220703125
0.101600646972656 0.0369796752929687 -0.335601806640625 0.187591552734375
0.0728683471679688 0.0791549682617188 -0.236297607421875 0.0619659423828125
0.0167465209960938 0.0809402465820313 -0.1337890625 0.03271484375
-0.0137825012207031 0.0685234069824219 -0.0293998718261719 0.0449409484863281
0.0125236511230469 0.0594749450683594 0.0997772216796875 0.229507446289063
0.0313873291015625 0.125717163085938 0.00506591796875005 0.46697998046875
-0.11370849609375 0.1927490234375 -0.0572814941406251 -0.5245361328125
-0.0327301025390625 0.189224243164063 -0.126708984375 -0.3155517578125
0.105072021484375 0.175094604492187 -0.00344848632812499 -0.0431671142578125
0.146987915039063 0.0570068359375 0.0935134887695313 0.0118637084960938
0.122077941894531 -0.0432510375976563 0.238632202148438 0.03338623046875
0.047943115234375 -0.0734024047851563 0.36444091796875 -0.13079833984375
0.0454559326171875 -0.0996780395507812 0.320770263671875 -0.34417724609375
0.07196044921875 -0.0976486206054688 0.28375244140625 -0.358673095703125
0.0500030517578125 -0.0965118408203125 0.298980712890625 -0.36224365234375
0.0945053100585938 -0.0678558349609375 0.3271484375 -0.227386474609375
0.138725280761719 -0.0240249633789063 0.19775390625 -0.089202880859375
0.170547485351563 0.0652923583984375 0.057769775390625 -0.138595581054687
0.0674285888671875 0.189041137695312 -0.00503540039062498 -0.265365600585937
-0.0144805908203125 0.181961059570313 -0.018463134765625 -0.4866943359375
-0.085418701171875 0.154678344726562 0.22576904296875 -0.7490234375
-0.15020751953125 0.44970703125 -0.0633544921875001 -0.460235595703125
-0.061676025390625 0.41064453125 -0.1058349609375 -0.299102783203125
0.164398193359375 0.41143798828125 -0.00794601440429686 -0.0555992126464843
0.272918701171875 0.21282958984375 0.0615501403808594 0.0197067260742188
0.30279541015625 0.04541015625 0.20257568359375 0.0760498046875
0.228607177734375 -0.095855712890625 0.323883056640625 -0.080413818359375
0.196395874023438 -0.195846557617188 0.28460693359375 -0.277130126953125
0.229812622070313 -0.202651977539063 0.23583984375 -0.287109375
0.19342041015625 -0.22296142578125 0.23797607421875 -0.3057861328125
0.24853515625 -0.134490966796875 0.248275756835938 -0.195037841796875
0.316864013671875 -0.034393310546875 0.136878967285156 -0.065216064453125
0.351318359375 0.117095947265625 -0.000640869140624988 -0.132072448730469
0.208740234375 0.381439208984375 -0.0584869384765625 -0.261016845703125
0.058502197265625 0.407745361328125 -0.05877685546875 -0.47271728515625
-0.08489990234375 0.441864013671875 0.17315673828125 -0.68914794921875
-0.17352294921875 0.6512451171875 -0.09344482421875 -0.314300537109375
-0.0874023437500001 0.59246826171875 -0.0894927978515625 -0.223983764648438
0.2020263671875 0.61578369140625 -0.00913619995117186 -0.0555610656738281
0.369781494140625 0.36328125 0.0244026184082031 0.0151004791259766
0.4537353515625 0.145050048828125 0.134567260742188 0.0948562622070313
0.3907470703125 -0.093048095703125 0.22491455078125 -0.0296783447265625
0.32562255859375 -0.25714111328125 0.195968627929688 -0.171157836914063
0.354156494140625 -0.27777099609375 0.151123046875 -0.17059326171875
0.302276611328125 -0.324066162109375 0.146743774414063 -0.200271606445313
0.361175537109375 -0.2010498046875 0.139724731445313 -0.12310791015625
0.458251953125 -0.069732666015625 0.0638427734375 -0.0212249755859375
0.502655029296875 0.12274169921875 -0.054290771484375 -0.100296020507812
0.351470947265625 0.506866455078125 -0.097808837890625 -0.219284057617187
0.1507568359375 0.57403564453125 -0.071380615234375 -0.392333984375
-0.0549316406250001 0.665771484375 0.121734619140625 -0.535400390625
-0.16278076171875 0.7608642578125 -0.140365600585938 -0.0990982055664062
-0.08001708984375 0.7005615234375 -0.0821533203125 -0.0901947021484375
0.23944091796875 0.73236083984375 -0.0120372772216797 -0.0340957641601562
0.4310302734375 0.452606201171875 -0.0203933715820312 0.00870132446289065
0.54638671875 0.216583251953125 0.0364608764648438 0.094329833984375
0.497833251953125 -0.081207275390625 0.0772323608398438 0.02227783203125
0.406890869140625 -0.281402587890625 0.0687828063964844 -0.0397415161132813
0.423858642578125 -0.31207275390625 0.0452003479003907 -0.0273513793945313
0.364013671875 -0.37762451171875 0.0445823669433594 -0.0587120056152344
0.41961669921875 -0.2374267578125 0.0220222473144531 -0.0177726745605469
0.53131103515625 -0.096099853515625 -0.0112419128417968 0.0407981872558594
0.58056640625 0.11114501953125 -0.09661865234375 -0.0473480224609375
0.440643310546875 0.5540771484375 -0.111190795898437 -0.150192260742187
0.216552734375 0.6483154296875 -0.0413970947265625 -0.264373779296875
-0.0169677734375 0.78289794921875 0.0924072265625 -0.3116455078125
-0.120361328125 0.7540283203125 -0.189743041992187 0.151809692382813
-0.0394897460937499 0.69757080078125 -0.0786666870117187 0.0808868408203126
0.25592041015625 0.7132568359375 -0.0213298797607422 0.00990295410156255
0.430633544921875 0.445159912109375 -0.07037353515625 0.0127792358398438
0.5479736328125 0.230010986328125 -0.0760269165039062 0.083740234375
0.516754150390625 -0.06671142578125 -0.091583251953125 0.0763397216796875
0.419647216796875 -0.2623291015625 -0.0734329223632812 0.102455139160156
0.42926025390625 -0.29486083984375 -0.0652542114257812 0.120124816894531
0.376220703125 -0.363677978515625 -0.0565185546875 0.0937652587890625
0.418060302734375 -0.21929931640625 -0.0911102294921875 0.0971145629882812
0.52069091796875 -0.0810546875 -0.0823287963867187 0.102851867675781
0.551910400390625 0.1092529296875 -0.122085571289062 0.00987243652343748
0.4256591796875 0.530242919921875 -0.0979385375976562 -0.0755538940429687
0.22015380859375 0.6220703125 0.01959228515625 -0.113304138183594
0.00738525390625003 0.7735595703125 0.0795822143554688 -0.0579071044921875
-0.0491943359375 0.625244140625 -0.2200927734375 0.396026611328125
0.02410888671875 0.56939697265625 -0.06976318359375 0.254180908203125
0.2320556640625 0.54974365234375 -0.0336723327636718 0.0693893432617188
0.348907470703125 0.33697509765625 -0.108589172363281 0.034088134765625
0.4429931640625 0.186065673828125 -0.171524047851562 0.073638916015625
0.437164306640625 -0.051971435546875 -0.24005126953125 0.1290283203125
0.358795166015625 -0.20697021484375 -0.199050903320312 0.234619140625
0.369781494140625 -0.231597900390625 -0.163619995117188 0.248779296875
0.339813232421875 -0.28497314453125 -0.149978637695312 0.2269287109375
0.362274169921875 -0.147491455078125 -0.192733764648437 0.18572998046875
0.425567626953125 -0.02264404296875 -0.148223876953125 0.135604858398438
0.422698974609375 0.12579345703125 -0.134483337402344 0.0485992431640625
0.30755615234375 0.439178466796875 -0.0716934204101562 -0.0136795043945312
0.158782958984375 0.498748779296875 0.0806198120117188 0.0318603515625
0.01385498046875 0.64288330078125 0.071746826171875 0.182464599609375
0.026153564453125 0.3973388671875 -0.21942138671875 0.5919189453125
0.07318115234375 0.343017578125 -0.046630859375 0.397705078125
0.159912109375 0.296630859375 -0.0344467163085938 0.133438110351563
0.204483032226562 0.175796508789062 -0.115615844726562 0.067962646484375
0.264251708984375 0.11102294921875 -0.2222900390625 0.0663146972656249
0.284454345703125 -0.029754638671875 -0.333770751953125 0.1741943359375
0.240524291992187 -0.120819091796875 -0.282684326171875 0.335540771484375
0.253067016601563 -0.13372802734375 -0.235504150390625 0.340606689453125
0.253814697265625 -0.163406372070313 -0.229095458984375 0.317138671875
0.2552490234375 -0.05169677734375 -0.275833129882813 0.226699829101562
0.2686767578125 0.044891357421875 -0.203964233398437 0.125106811523438
0.228164672851562 0.128341674804687 -0.138984680175781 0.0575942993164063
0.1395263671875 0.28314208984375 -0.045928955078125 0.0269966125488282
0.075347900390625 0.3031005859375 0.116470336914063 0.150909423828125
0.018829345703125 0.41522216796875 0.05755615234375 0.371368408203125
0.0793685913085938 0.106735229492188 -0.18756103515625 0.7144775390625
0.0869293212890625 0.075531005859375 -0.00674438476562503 0.4927978515625
0.0455284118652344 0.030792236328125 -0.011932373046875 0.187362670898438
0.0305538177490234 0.0217552185058594 -0.0875473022460937 0.098785400390625
0.0557937622070313 0.042266845703125 -0.22711181640625 0.0595855712890625
0.0965042114257813 0.0064544677734375 -0.3623046875 0.199951171875
0.0898284912109375 -0.00902557373046875 -0.31451416015625 0.390167236328125
0.0988082885742187 -0.0145416259765625 -0.272125244140625 0.380126953125
0.126930236816406 -0.026611328125 -0.28515625 0.352142333984375
0.109275817871094 0.031280517578125 -0.332305908203125 0.215362548828125
0.0813217163085938 0.0773696899414062 -0.2398681640625 0.0760498046875
0.0239028930664063 0.0826492309570313 -0.133209228515625 0.0401992797851562
-0.00730133056640626 0.073028564453125 -0.0252723693847656 0.0482826232910156
0.0169563293457031 0.0641250610351563 0.118118286132812 0.230178833007812
0.0387954711914063 0.132102966308594 0.035064697265625 0.482421875
-0.0984344482421875 0.201263427734375 -0.101593017578125 -0.529541015625
-0.0186920166015625 0.19024658203125 -0.15570068359375 -0.311126708984375
0.118026733398438 0.165176391601563 -0.00885391235351562 -0.04754638671875
0.150527954101563 0.045318603515625 0.0925445556640625 0.005096435546875
0.116447448730469 -0.0516281127929688 0.246200561523438 0.01708984375
0.04168701171875 -0.0745086669921875 0.3614501953125 -0.162078857421875
0.0382003784179687 -0.10321044921875 0.29583740234375 -0.374176025390625
0.0644454956054688 -0.103973388671875 0.25701904296875 -0.386138916015625
0.0431442260742188 -0.09942626953125 0.272491455078125 -0.393157958984375
0.0896224975585938 -0.0753631591796875 0.314605712890625 -0.25946044921875
0.138336181640625 -0.0356063842773438 0.198013305664063 -0.105361938476563
0.17877197265625 0.0501708984375 0.0461883544921875 -0.142959594726563
0.0846099853515625 0.185821533203125 -0.0266265869140625 -0.265762329101562
0.000396728515625012 0.183639526367188 -0.058074951171875 -0.490142822265625
-0.0711669921875 0.161590576171875 0.169921875 -0.77392578125
-0.11474609375 0.465423583984375 -0.100616455078125 -0.464599609375
-0.03179931640625 0.41778564453125 -0.13189697265625 -0.296966552734375
0.197967529296875 0.401031494140625 -0.0145416259765625 -0.0617256164550781
0.289306640625 0.193023681640625 0.0608711242675781 0.0135116577148438
0.306732177734375 0.02276611328125 0.212387084960938 0.0621337890625
0.223175048828125 -0.1102294921875 0.324554443359375 -0.106597900390625
0.184188842773437 -0.210891723632812 0.265045166015625 -0.3026123046875
0.215560913085938 -0.224212646484375 0.21435546875 -0.31005859375
0.178237915039063 -0.239486694335938 0.21539306640625 -0.331512451171875
0.241607666015625 -0.1541748046875 0.237167358398438 -0.220260620117187
0.31829833984375 -0.0601806640625 0.13916015625 -0.0774765014648437
0.365966796875 0.09002685546875 -0.0118408203125 -0.133491516113281
0.24462890625 0.37066650390625 -0.0782470703125 -0.259765625
0.089141845703125 0.408172607421875 -0.09564208984375 -0.472320556640625
-0.046661376953125 0.4539794921875 0.12164306640625 -0.7076416015625
-0.12469482421875 0.67340087890625 -0.119171142578125 -0.313995361328125
-0.0445556640625 0.60577392578125 -0.108871459960937 -0.221786499023438
0.2537841796875 0.60308837890625 -0.0144805908203125 -0.0624732971191406
0.39776611328125 0.33697509765625 0.0242919921875 0.00998115539550783
0.467437744140625 0.111968994140625 0.145050048828125 0.084625244140625
0.389129638671875 -0.1195068359375 0.227401733398438 -0.048004150390625
0.3109130859375 -0.284088134765625 0.18402099609375 -0.188552856445313
0.335693359375 -0.3115234375 0.139251708984375 -0.186386108398438
0.28009033203125 -0.35186767578125 0.133392333984375 -0.218597412109375
0.350494384765625 -0.230438232421875 0.133941650390625 -0.138168334960938
0.458404541015625 -0.106170654296875 0.0679664611816407 -0.0279655456542969
0.520233154296875 0.08477783203125 -0.0639724731445312 -0.098388671875
0.40252685546875 0.48583984375 -0.113449096679687 -0.215057373046875
0.19476318359375 0.56878662109375 -0.10052490234375 -0.3916015625
0.00128173828124995 0.678955078125 0.085784912109375 -0.547882080078125
-0.1070556640625 0.78521728515625 -0.148529052734375 -0.0936889648437499
-0.0272216796875 0.7161865234375 -0.0889434814453125 -0.0866012573242187
0.2994384765625 0.7239990234375 -0.0149726867675781 -0.0403556823730468
0.4696044921875 0.423675537109375 -0.020364761352539 0.00525474548339846
0.5704345703125 0.17431640625 0.0455551147460938 0.0894393920898438
0.499298095703125 -0.117218017578125 0.0814285278320313 0.0165328979492187
0.392852783203125 -0.314697265625 0.0666885375976563 -0.0457115173339844
0.403656005859375 -0.3526611328125 0.0447921752929688 -0.0337104797363281
0.33978271484375 -0.4111328125 0.0417900085449219 -0.06719970703125
0.407440185546875 -0.272003173828125 0.0235118865966797 -0.0215950012207031
0.53131103515625 -0.137054443359375 -0.00426483154296872 0.0395584106445312
0.5970458984375 0.0665283203125 -0.10186767578125 -0.0423126220703125
0.4954833984375 0.527099609375 -0.119842529296875 -0.146316528320313
0.26824951171875 0.6414794921875 -0.059600830078125 -0.264602661132812
0.0490722656249999 0.7967529296875 0.072845458984375 -0.320953369140625
-0.06475830078125 0.775390625 -0.178634643554688 0.164535522460938
0.01397705078125 0.713134765625 -0.0706787109375 0.0867233276367188
0.31573486328125 0.7047119140625 -0.0205039978027344 0.00619697570800786
0.46783447265625 0.417816162109375 -0.0687408447265625 0.0126800537109375
0.57391357421875 0.19000244140625 -0.0701522827148437 0.0865402221679688
0.521331787109375 -0.104217529296875 -0.0863265991210937 0.08489990234375
0.408447265625 -0.2978515625 -0.0651473999023437 0.109977722167969
0.413787841796875 -0.336578369140625 -0.0549163818359375 0.124282836914063
0.352508544921875 -0.39886474609375 -0.0483169555664062 0.0950164794921875
0.407745361328125 -0.253173828125 -0.08148193359375 0.104217529296875
0.52093505859375 -0.121185302734375 -0.0729675292968749 0.107391357421875
0.56829833984375 0.06683349609375 -0.122764587402344 0.0165252685546875
0.476409912109375 0.50299072265625 -0.0995101928710937 -0.0719375610351562
0.2677001953125 0.614501953125 0.01422119140625 -0.117088317871094
0.0721435546875 0.787109375 0.080841064453125 -0.0633392333984375
-0.00225830078125005 0.64300537109375 -0.189971923828125 0.413909912109375
0.0667724609375 0.58013916015625 -0.0468597412109375 0.262466430664063
0.28082275390625 0.543121337890625 -0.0270156860351562 0.0694503784179688
0.3792724609375 0.31585693359375 -0.105445861816406 0.037017822265625
0.46484375 0.154022216796875 -0.168243408203125 0.0833892822265625
0.442291259765625 -0.08416748046875 -0.233261108398437 0.151046752929688
0.35089111328125 -0.23822021484375 -0.180679321289063 0.253082275390625
0.356781005859375 -0.26806640625 -0.143844604492187 0.262908935546875
0.3206787109375 -0.3177490234375 -0.131576538085938 0.237075805664062
0.357086181640625 -0.175933837890625 -0.176971435546875 0.203048706054687
0.429779052734375 -0.054840087890625 -0.138092041015625 0.145889282226563
0.43682861328125 0.095367431640625 -0.131828308105469 0.057220458984375
0.3494873046875 0.420166015625 -0.0686111450195312 -0.010589599609375
0.197662353515625 0.49639892578125 0.0870361328125 0.024749755859375
0.06622314453125 0.6546630859375 0.091888427734375 0.17999267578125
0.055419921875 0.405517578125 -0.17327880859375 0.61419677734375
0.100067138671875 0.34588623046875 -0.01300048828125 0.4061279296875
0.18621826171875 0.292877197265625 -0.0227279663085937 0.135978698730469
0.220794677734375 0.165054321289063 -0.110153198242187 0.0729217529296875
0.278717041015625 0.091644287109375 -0.222198486328125 0.080169677734375
0.288482666015625 -0.0531005859375 -0.326812744140625 0.20355224609375
0.237930297851563 -0.141403198242187 -0.257476806640625 0.36260986328125
0.247711181640625 -0.157882690429688 -0.209228515625 0.36114501953125
0.243194580078125 -0.188751220703125 -0.204559326171875 0.3360595703125
0.256759643554688 -0.072662353515625 -0.257919311523438 0.251754760742187
0.277099609375 0.0247955322265625 -0.19647216796875 0.140029907226562
0.241668701171875 0.112716674804687 -0.13433837890625 0.0667495727539063
0.166900634765625 0.276016235351563 -0.0402297973632813 0.0288162231445313
0.09844970703125 0.303619384765625 0.131805419921875 0.142181396484375
0.052520751953125 0.423065185546875 0.090850830078125 0.3720703125
0.0863494873046875 0.10516357421875 -0.133056640625 0.732666015625
0.0921859741210938 0.0719985961914063 0.034912109375 0.499176025390625
0.0492210388183594 0.0320014953613281 0.00422668457031252 0.1903076171875
0.032470703125 0.0218143463134766 -0.0796737670898437 0.103187561035156
0.0616683959960938 0.037994384765625 -0.22833251953125 0.0745849609375
0.10076904296875 -0.0015106201171875 -0.354461669921875 0.232574462890625
0.092498779296875 -0.0167160034179688 -0.28497314453125 0.421234130859375
0.10076904296875 -0.02471923828125 -0.242767333984375 0.40570068359375
0.126319885253906 -0.0398635864257813 -0.258209228515625 0.37664794921875
0.115318298339844 0.021942138671875 -0.31707763671875 0.24591064453125
0.09002685546875 0.0716171264648438 -0.237564086914063 0.094635009765625
0.0319976806640625 0.0819625854492188 -0.128944396972656 0.0497207641601563
0.000793457031249997 0.07598876953125 -0.0190811157226563 0.0503044128417969
0.0219459533691406 0.0668296813964844 0.139312744140625 0.222900390625
0.0481338500976563 0.135002136230469 0.075775146484375 0.48724365234375
-0.0798187255859375 0.2041015625 -0.142364501953125 -0.518218994140625
-0.005157470703125 0.185775756835938 -0.1798095703125 -0.2967529296875
0.1265869140625 0.150680541992188 -0.0157356262207031 -0.0490303039550781
0.14910888671875 0.0330963134765625 0.089080810546875 -0.00118255615234375
0.107620239257812 -0.057647705078125 0.2457275390625 -0.000427246093750004
0.0345535278320313 -0.0730667114257813 0.347503662109375 -0.189453125
0.0297470092773437 -0.104278564453125 0.261444091796875 -0.391876220703125
0.054779052734375 -0.107139587402344 0.22161865234375 -0.40130615234375
0.0357894897460938 -0.0999908447265625 0.236846923828125 -0.411102294921875
0.08221435546875 -0.080902099609375 0.29229736328125 -0.2838134765625
0.133522033691406 -0.0466995239257813 0.193145751953125 -0.119598388671875
0.180679321289063 0.0336151123046875 0.033935546875 -0.142562866210937
0.09942626953125 0.17669677734375 -0.047637939453125 -0.257827758789063
0.0144195556640625 0.179824829101563 -0.09320068359375 -0.47760009765625
-0.05462646484375 0.163299560546875 0.1070556640625 -0.7716064453125
-0.076019287109375 0.468597412109375 -0.135406494140625 -0.45404052734375
-0.000396728515625032 0.41290283203125 -0.154296875 -0.284576416015625
0.224761962890625 0.37762451171875 -0.0216636657714844 -0.0634918212890625
0.2965087890625 0.167724609375 0.0585250854492188 0.00767898559570314
0.300811767578125 0.000244140625 0.216232299804688 0.0451202392578125
0.211807250976563 -0.121124267578125 0.314544677734375 -0.131927490234375
0.167724609375 -0.221786499023437 0.237548828125 -0.318389892578125
0.195037841796875 -0.2392578125 0.186798095703125 -0.3233642578125
0.158721923828125 -0.24945068359375 0.185089111328125 -0.34686279296875
0.226470947265625 -0.169387817382813 0.218032836914063 -0.239105224609375
0.3106689453125 -0.08349609375 0.136505126953125 -0.0882110595703125
0.36822509765625 0.05914306640625 -0.0226287841796875 -0.130134582519531
0.273773193359375 0.346435546875 -0.0962371826171875 -0.250823974609375
0.117919921875 0.396087646484375 -0.129241943359375 -0.4576416015625
-0.00799560546875 0.451629638671875 0.0662231445312499 -0.70556640625
-0.0706176757812499 0.67486572265625 -0.141387939453125 -0.3045654296875
0.00122070312499994 0.599853515625 -0.124008178710938 -0.211517333984375
0.296875 0.5743408203125 -0.0210494995117187 -0.0654487609863281
0.414337158203125 0.30181884765625 0.0227622985839844 0.00484085083007814
0.4674072265625 0.07611083984375 0.150802612304688 0.0712890625
0.3759765625 -0.142791748046875 0.22320556640625 -0.066253662109375
0.288055419921875 -0.3035888671875 0.16680908203125 -0.200088500976563
0.305999755859375 -0.336273193359375 0.122589111328125 -0.1961669921875
0.249298095703125 -0.368682861328125 0.112960815429688 -0.229461669921875
0.329559326171875 -0.253021240234375 0.1226806640625 -0.149337768554688
0.44525146484375 -0.139129638671875 0.0696258544921875 -0.0354499816894531
0.521148681640625 0.043731689453125 -0.0723495483398437 -0.092376708984375
0.4373779296875 0.447357177734375 -0.125869750976562 -0.206268310546875
0.232757568359375 0.548370361328125 -0.1265869140625 -0.379119873046875
0.05706787109375 0.67034912109375 0.045257568359375 -0.545135498046875
-0.0456542968750001 0.78619384765625 -0.153167724609375 -0.0844421386718749
0.0274658203124999 0.7108154296875 -0.0927886962890625 -0.0804138183593749
0.35296630859375 0.69024658203125 -0.0182838439941406 -0.0441207885742187
0.491790771484375 0.38201904296875 -0.0202865600585937 0.00183486938476565
0.57354736328125 0.128662109375 0.05218505859375 0.0821456909179688
0.486236572265625 -0.1500244140625 0.0832748413085938 0.00928497314453124
0.3673095703125 -0.341522216796875 0.0633544921875 -0.0495071411132813
0.37152099609375 -0.382080078125 0.0420188903808594 -0.0386276245117188
0.302337646484375 -0.4327392578125 0.03515625 -0.0742034912109375
0.383056640625 -0.297454833984375 0.0239887237548828 -0.0251750946044922
0.514434814453125 -0.17626953125 0.00212860107421878 0.0363082885742187
0.5947265625 0.0211181640625 -0.105171203613281 -0.0354537963867187
0.534210205078125 0.4808349609375 -0.125808715820313 -0.139022827148437
0.309814453125 0.615478515625 -0.076080322265625 -0.25762939453125
0.113525390625 0.782958984375 0.05145263671875 -0.32171630859375
-0.00531005859374994 0.776123046875 -0.161956787109375 0.172332763671875
0.068603515625 0.70574951171875 -0.0602188110351563 0.0893478393554688
0.36846923828125 0.67193603515625 -0.0183372497558594 0.00301361083984379
0.491607666015625 0.37786865234375 -0.0668563842773437 0.0117988586425781
0.581787109375 0.14337158203125 -0.0629119873046875 0.0871047973632813
0.508697509765625 -0.141357421875 -0.0780868530273437 0.0909652709960937
0.3831787109375 -0.325836181640625 -0.053619384765625 0.113739013671875
0.379974365234375 -0.368133544921875 -0.0428009033203125 0.12481689453125
0.31781005859375 -0.422515869140625 -0.0401763916015625 0.0928497314453125
0.38519287109375 -0.279052734375 -0.0698471069335937 0.107650756835937
0.505706787109375 -0.159393310546875 -0.0619125366210938 0.107978820800781
0.56683349609375 0.024658203125 -0.120918273925781 0.0235519409179688
0.514495849609375 0.4603271484375 -0.100166320800781 -0.0677947998046875
0.30938720703125 0.58978271484375 0.00789642333984377 -0.11859130859375
0.13427734375 0.77362060546875 0.07952880859375 -0.068115234375
0.0469970703124999 0.63897705078125 -0.154571533203125 0.4189453125
0.11004638671875 0.57080078125 -0.02337646484375 0.2611083984375
0.32061767578125 0.516632080078125 -0.0195236206054687 0.06671142578125
0.3975830078125 0.2847900390625 -0.100234985351562 0.03887939453125
0.472869873046875 0.11517333984375 -0.16131591796875 0.0909423828125
0.433837890625 -0.116790771484375 -0.220184326171875 0.167434692382812
0.33306884765625 -0.2635498046875 -0.155929565429688 0.264663696289063
0.331329345703125 -0.295166015625 -0.119552612304688 0.267669677734375
0.29107666015625 -0.340545654296875 -0.110916137695312 0.239944458007813
0.341339111328125 -0.201019287109375 -0.156173706054687 0.213241577148437
0.421295166015625 -0.085052490234375 -0.123870849609375 0.15167236328125
0.439239501953125 0.0615234375 -0.125633239746094 0.0638275146484375
0.380859375 0.387847900390625 -0.0651512145996093 -0.00882339477539061
0.2305908203125 0.477996826171875 0.09063720703125 0.0162506103515625
0.1190185546875 0.6441650390625 0.1077880859375 0.171066284179688
0.083099365234375 0.400390625 -0.1236572265625 0.61492919921875
0.124267578125 0.33746337890625 0.022491455078125 0.40130615234375
0.208755493164063 0.279632568359375 -0.00969696044921875 0.13385009765625
0.23077392578125 0.148834228515625 -0.102279663085938 0.0749664306640625
0.284423828125 0.069000244140625 -0.21600341796875 0.09222412109375
0.28466796875 -0.07379150390625 -0.3092041015625 0.227783203125
0.2279052734375 -0.159011840820313 -0.222625732421875 0.377044677734375
0.232498168945312 -0.17767333984375 -0.17572021484375 0.3704833984375
0.225082397460938 -0.207870483398438 -0.173675537109375 0.343719482421875
0.250076293945313 -0.0911865234375 -0.233444213867187 0.267715454101562
0.27667236328125 0.0043487548828125 -0.183303833007812 0.15118408203125
0.247711181640625 0.09375 -0.126815795898437 0.0737686157226562
0.188156127929688 0.260025024414063 -0.0346488952636719 0.0288009643554688
0.119476318359375 0.2955322265625 0.143218994140625 0.12823486328125
0.08551025390625 0.41778564453125 0.12158203125 0.360382080078125
0.0907440185546875 0.100242614746094 -0.073486328125 0.72943115234375
0.0953903198242187 0.0664825439453125 0.075714111328125 0.4896240234375
0.0525627136230469 0.0318603515625 0.020263671875 0.186508178710938
0.0340461730957031 0.0210247039794922 -0.070343017578125 0.103233337402344
0.0661582946777344 0.0329093933105469 -0.22369384765625 0.08770751953125
0.101951599121094 -0.0107345581054688 -0.3349609375 0.2598876953125
0.093170166015625 -0.0255355834960938 -0.2457275390625 0.43646240234375
0.0993423461914063 -0.0338516235351562 -0.20635986328125 0.41693115234375
0.121597290039063 -0.0519866943359375 -0.223602294921875 0.3895263671875
0.117431640625 0.0117950439453125 -0.292633056640625 0.266998291015625
0.0958404541015625 0.0639190673828125 -0.22857666015625 0.1109619140625
0.0391082763671875 0.0792694091796875 -0.122207641601563 0.0569076538085938
0.00864410400390625 0.0757064819335938 -0.0130233764648438 0.0495452880859375
0.0271339416503906 0.0674781799316406 0.156112670898438 0.208023071289063
0.05804443359375 0.134048461914063 0.11334228515625 0.475433349609375
-0.06488037109375 0.200790405273438 -0.1678466796875 -0.499359130859375
0.00364685058593748 0.178802490234375 -0.193893432617187 -0.279739379882813
0.128814697265625 0.137382507324219 -0.0207557678222656 -0.0482711791992187
0.145050048828125 0.024078369140625 0.0849990844726563 -0.0045623779296875
0.09844970703125 -0.060516357421875 0.241851806640625 -0.0124359130859375
0.0294151306152344 -0.0697250366210938 0.330810546875 -0.20587158203125
0.022705078125 -0.102043151855469 0.23095703125 -0.39666748046875
0.0460968017578125 -0.107925415039063 0.191619873046875 -0.403167724609375
0.0297088623046875 -0.098785400390625 0.205078125 -0.4146728515625
0.0747833251953125 -0.0824813842773438 0.26788330078125 -0.295074462890625
0.127403259277344 -0.0543365478515625 0.185638427734375 -0.128387451171875
0.177780151367188 0.02081298828125 0.0245437622070313 -0.138084411621094
0.108489990234375 0.16607666015625 -0.06158447265625 -0.246200561523438
0.0245361328125 0.172561645507813 -0.117584228515625 -0.45819091796875
-0.0420074462890625 0.15966796875 0.0626831054687499 -0.751953125
-0.04705810546875 0.4593505859375 -0.1583251953125 -0.436126708984375
0.021636962890625 0.400360107421875 -0.167037963867188 -0.269134521484375
0.237701416015625 0.351959228515625 -0.0270156860351562 -0.063568115234375
0.2947998046875 0.147003173828125 0.0549049377441406 0.00387191772460938
0.29034423828125 -0.015106201171875 0.215225219726563 0.03271484375
0.200759887695313 -0.125625610351563 0.30181884765625 -0.147918701171875
0.151046752929688 -0.224960327148438 0.212890625 -0.324127197265625
0.17486572265625 -0.244659423828125 0.1611328125 -0.326080322265625
0.140945434570313 -0.251617431640625 0.157745361328125 -0.351348876953125
0.211807250976563 -0.176834106445313 0.200210571289062 -0.24847412109375
0.2987060546875 -0.100189208984375 0.13226318359375 -0.0961761474609375
0.363372802734375 0.036102294921875 -0.0307693481445312 -0.12408447265625
0.288238525390625 0.321014404296875 -0.107192993164063 -0.239395141601562
0.13604736328125 0.379791259765625 -0.15008544921875 -0.43743896484375
0.02020263671875 0.438873291015625 0.0278930664062499 -0.68670654296875
-0.0302734375 0.66156005859375 -0.1553955078125 -0.291717529296875
0.0357666015625 0.58526611328125 -0.132965087890625 -0.201568603515625
0.318695068359375 0.541473388671875 -0.0257225036621093 -0.0668258666992187
0.416900634765625 0.271331787109375 0.0203704833984375 0.000883102416992204
0.458282470703125 0.048248291015625 0.152175903320313 0.06024169921875
0.360107421875 -0.15618896484375 0.215774536132813 -0.0785675048828125
0.26580810546875 -0.31109619140625 0.151931762695313 -0.204849243164063
0.278594970703125 -0.34661865234375 0.1077880859375 -0.199371337890625
0.22222900390625 -0.373779296875 0.0950164794921875 -0.23321533203125
0.308013916015625 -0.26239013671875 0.113082885742188 -0.154937744140625
0.42730712890625 -0.16094970703125 0.0699119567871094 -0.0416908264160156
0.5108642578125 0.013763427734375 -0.0776138305664062 -0.0856170654296875
0.45501708984375 0.410919189453125 -0.13238525390625 -0.196182250976562
0.255584716796875 0.524261474609375 -0.1431884765625 -0.361968994140625
0.0971679687500001 0.650634765625 0.0166015625 -0.533050537109375
0.00225830078124998 0.77081298828125 -0.153213500976563 -0.077362060546875
0.06573486328125 0.6925048828125 -0.0938796997070313 -0.0749893188476562
0.383056640625 0.65167236328125 -0.0209159851074219 -0.0471305847167968
0.49725341796875 0.3482666015625 -0.0213451385498047 -0.00154876708984373
0.566650390625 0.09466552734375 0.05596923828125 0.075286865234375
0.468170166015625 -0.171051025390625 0.0833358764648438 0.00329589843749999
0.342254638671875 -0.35430908203125 0.0603256225585938 -0.0523719787597656
0.339263916015625 -0.397796630859375 0.0387992858886719 -0.0416946411132813
0.27008056640625 -0.439971923828125 0.0281219482421875 -0.0779953002929688
0.35858154296875 -0.30987548828125 0.0238018035888672 -0.0282344818115235
0.49346923828125 -0.19989013671875 0.00694847106933597 0.0317115783691406
0.5799560546875 -0.01177978515625 -0.106796264648437 -0.0297927856445313
0.549957275390625 0.4373779296875 -0.128341674804688 -0.132499694824219
0.33355712890625 0.5848388671875 -0.0858306884765625 -0.247833251953125
0.15521240234375 0.758056640625 0.03558349609375 -0.31488037109375
0.0402832031249999 0.7587890625 -0.147216796875 0.173431396484375
0.107177734375 0.6871337890625 -0.050994873046875 0.0885772705078126
0.39892578125 0.6348876953125 -0.017313003540039 -0.00138473510742184
0.49957275390625 0.341705322265625 -0.0656700134277343 0.00976562500000003
0.5750732421875 0.1085205078125 -0.0579071044921875 0.0859298706054688
0.492523193359375 -0.16363525390625 -0.0707855224609375 0.0925216674804687
0.360260009765625 -0.342132568359375 -0.04290771484375 0.113815307617187
0.349395751953125 -0.3826904296875 -0.0339279174804687 0.121673583984375
0.2823486328125 -0.43133544921875 -0.0352401733398437 0.0888137817382812
0.361907958984375 -0.293243408203125 -0.0598678588867187 0.106399536132812
0.485015869140625 -0.18231201171875 -0.0528106689453125 0.10540771484375
0.5540771484375 -0.006561279296875 -0.118553161621094 0.0282440185546875
0.529571533203125 0.416534423828125 -0.0986785888671875 -0.065032958984375
0.33197021484375 0.56005859375 0.00320434570312502 -0.117477416992187
0.17529296875 0.74871826171875 0.0770797729492188 -0.0705795288085937
0.079833984375 0.62530517578125 -0.126190185546875 0.412841796875
0.139984130859375 0.553924560546875 -0.00448608398437499 0.253707885742188
0.345245361328125 0.4901123046875 -0.0144462585449219 0.062255859375
0.401458740234375 0.257598876953125 -0.0962982177734375 0.0377655029296875
0.469970703125 0.0859375 -0.15460205078125 0.0946197509765625
0.4210205078125 -0.137603759765625 -0.206497192382812 0.177017211914062
0.31390380859375 -0.27777099609375 -0.134323120117187 0.265716552734375
0.306671142578125 -0.309295654296875 -0.0999603271484374 0.264617919921875
0.26318359375 -0.349395751953125 -0.094940185546875 0.236419677734375
0.323944091796875 -0.214447021484375 -0.137725830078125 0.215057373046875
0.407073974609375 -0.105987548828125 -0.1121826171875 0.151596069335938
0.431365966796875 0.037109375 -0.120635986328125 0.0672149658203125
0.395721435546875 0.3560791015625 -0.0614776611328125 -0.0100746154785156
0.249664306640625 0.45611572265625 0.0908126831054688 0.00827789306640628
0.15478515625 0.6258544921875 0.117340087890625 0.160003662109375
0.1029052734375 0.38916015625 -0.083984375 0.60186767578125
0.14007568359375 0.32525634765625 0.047393798828125 0.387603759765625
0.222061157226562 0.263961791992187 -0.000579833984374996 0.128128051757813
0.232772827148438 0.13482666015625 -0.095947265625 0.0733718872070313
0.283843994140625 0.051025390625 -0.209274291992187 0.0995635986328125
0.276931762695313 -0.08935546875 -0.29046630859375 0.24176025390625
0.216812133789063 -0.170455932617188 -0.1929931640625 0.379974365234375
0.217941284179688 -0.188796997070313 -0.148406982421875 0.36749267578125
0.206039428710938 -0.216629028320313 -0.149688720703125 0.341400146484375
0.241256713867188 -0.103164672851563 -0.209686279296875 0.273422241210938
0.271438598632813 -0.0107269287109375 -0.17059326171875 0.156356811523437
0.246871948242188 0.078521728515625 -0.119735717773437 0.0767364501953125
0.200912475585938 0.241485595703125 -0.0298786163330078 0.0267620086669922
0.131500244140625 0.28448486328125 0.1480712890625 0.115066528320313
0.108245849609375 0.405242919921875 0.139556884765625 0.343414306640625
0.0924453735351563 0.0963821411132813 -0.030517578125 0.7110595703125
0.0963897705078125 0.061798095703125 0.10406494140625 0.472076416015625
0.0551338195800781 0.0311126708984375 0.0313262939453125 0.17938232421875
0.0348224639892578 0.0204315185546875 -0.0625762939453125 0.100273132324219
0.0686454772949219 0.0276412963867188 -0.217315673828125 0.096405029296875
0.100975036621094 -0.017669677734375 -0.314666748046875 0.275238037109375
0.0918350219726563 -0.0317611694335938 -0.212066650390625 0.439788818359375
0.0956268310546875 -0.0400009155273438 -0.17626953125 0.414947509765625
0.115463256835938 -0.0587921142578125 -0.194244384765625 0.389190673828125
0.116439819335938 0.00374603271484375 -0.267654418945313 0.276611328125
0.098297119140625 0.0569076538085937 -0.217239379882813 0.120010375976562
0.0437850952148437 0.075439453125 -0.114402770996094 0.060791015625
0.0149154663085937 0.0736618041992188 -0.00838851928710938 0.0465736389160156
0.0305099487304688 0.0671195983886719 0.165023803710938 0.19317626953125
0.0640411376953125 0.131332397460938 0.13897705078125 0.456756591796875
-0.0552215576171875 0.196914672851563 -0.183807373046875 -0.486541748046875
0.0090179443359375 0.172698974609375 -0.2020263671875 -0.267288208007812
0.128158569335937 0.128585815429688 -0.0238838195800781 -0.0472068786621094
0.140480041503906 0.0188217163085937 0.081939697265625 -0.00576019287109375
0.0921554565429688 -0.0599212646484375 0.240478515625 -0.020751953125
0.0264205932617188 -0.0660476684570313 0.319580078125 -0.215850830078125
0.0185546875 -0.0995254516601563 0.21173095703125 -0.397216796875
0.04046630859375 -0.107643127441406 0.171112060546875 -0.40118408203125
0.0260772705078125 -0.098052978515625 0.184295654296875 -0.41448974609375
0.0697479248046875 -0.0831451416015625 0.252166748046875 -0.302642822265625
0.122512817382813 -0.058929443359375 0.181594848632813 -0.1351318359375
0.175003051757813 0.012542724609375 0.0194931030273438 -0.134132385253906
0.113388061523438 0.158157348632813 -0.0694580078125 -0.23663330078125
0.0304718017578125 0.167083740234375 -0.13250732421875 -0.443450927734375
-0.0337982177734375 0.155715942382812 0.03607177734375 -0.73602294921875
-0.027801513671875 0.451446533203125 -0.170501708984375 -0.424530029296875
0.03472900390625 0.389984130859375 -0.174713134765625 -0.258438110351562
0.244293212890625 0.33477783203125 -0.0300750732421875 -0.063720703125
0.291351318359375 0.135101318359375 0.0524482727050781 0.00138473510742188
0.2823486328125 -0.022369384765625 0.215179443359375 0.0237579345703125
0.193435668945313 -0.126480102539063 0.293426513671875 -0.158447265625
0.140426635742188 -0.225738525390625 0.196258544921875 -0.32586669921875
0.162338256835937 -0.247787475585938 0.145751953125 -0.325653076171875
0.129180908203125 -0.252059936523437 0.139739990234375 -0.35150146484375
0.202438354492187 -0.1798095703125 0.188018798828125 -0.253677368164063
0.289764404296875 -0.1092529296875 0.130599975585938 -0.101921081542969
0.358184814453125 0.02166748046875 -0.0350570678710937 -0.11895751953125
0.297271728515625 0.303466796875 -0.113296508789063 -0.230819702148437
0.14599609375 0.367950439453125 -0.161834716796875 -0.42327880859375
0.037261962890625 0.42828369140625 0.0045166015625 -0.6712646484375
-0.00335693359375006 0.6519775390625 -0.162109375 -0.2821044921875
0.05487060546875 0.571044921875 -0.137802124023438 -0.192855834960937
0.333953857421875 0.516754150390625 -0.0287590026855469 -0.0688285827636718
0.414764404296875 0.251190185546875 0.0177154541015625 -0.0018177032470703
0.44927978515625 0.032501220703125 0.1536865234375 0.0522613525390625
0.3502197265625 -0.162689208984375 0.21075439453125 -0.0868988037109375
0.251373291015625 -0.315643310546875 0.142532348632813 -0.206939697265625
0.259307861328125 -0.35211181640625 0.0978546142578125 -0.199966430664063
0.20428466796875 -0.375152587890625 0.0814208984375 -0.234375
0.294342041015625 -0.26800537109375 0.106231689453125 -0.159072875976563
0.414398193359375 -0.17462158203125 0.0700721740722657 -0.0467529296875
0.502593994140625 -0.0048828125 -0.0808944702148437 -0.079986572265625
0.46319580078125 0.383697509765625 -0.136749267578125 -0.190536499023438
0.268310546875 0.506866455078125 -0.151763916015625 -0.349884033203125
0.12115478515625 0.6341552734375 0.000457763671875032 -0.5213623046875
0.0297241210937501 0.7574462890625 -0.153076171875 -0.073150634765625
0.09027099609375 0.67779541015625 -0.0931777954101563 -0.0718917846679687
0.40167236328125 0.6241455078125 -0.0233840942382812 -0.0500106811523437
0.49554443359375 0.324615478515625 -0.0234737396240234 -0.00433158874511717
0.55950927734375 0.07177734375 0.0581893920898438 0.0704879760742188
0.456512451171875 -0.1805419921875 0.0825119018554688 -0.000747680664062511
0.32586669921875 -0.361236572265625 0.0599403381347656 -0.0544815063476563
0.31793212890625 -0.403533935546875 0.0366783142089844 -0.0438270568847657
0.247772216796875 -0.441619873046875 0.02197265625 -0.079559326171875
0.342315673828125 -0.315155029296875 0.0240192413330078 -0.0311832427978516
0.4774169921875 -0.2144775390625 0.0100460052490235 0.0268268585205078
0.5709228515625 -0.0323486328125 -0.107948303222656 -0.0244140625
0.557098388671875 0.408966064453125 -0.129653930664063 -0.129631042480469
0.3468017578125 0.565185546875 -0.0922698974609375 -0.241012573242188
0.18243408203125 0.73931884765625 0.027618408203125 -0.3094482421875
0.06683349609375 0.746337890625 -0.137527465820313 0.171768188476563
0.13018798828125 0.67144775390625 -0.0451736450195312 0.0867996215820313
0.41754150390625 0.60845947265625 -0.0174121856689453 -0.00510406494140621
0.500030517578125 0.32159423828125 -0.0658035278320312 0.00714111328125003
0.56964111328125 0.0841064453125 -0.05413818359375 0.0851058959960938
0.4815673828125 -0.17681884765625 -0.0665130615234375 0.0939865112304687
0.344482421875 -0.351776123046875 -0.0348052978515625 0.111640930175781
0.328826904296875 -0.39117431640625 -0.0285568237304687 0.118133544921875
0.26104736328125 -0.433197021484375 -0.03350830078125 0.08538818359375
0.347412109375 -0.29888916015625 -0.05279541015625 0.104850769042969
0.470672607421875 -0.1956787109375 -0.0467758178710937 0.1015625
0.544036865234375 -0.024688720703125 -0.117752075195312 0.0319671630859375
0.53729248046875 0.388916015625 -0.0983200073242187 -0.065155029296875
0.343902587890625 0.54132080078125 0.000778198242187521 -0.117774963378906
0.2025146484375 0.72784423828125 0.0758056640625 -0.0714950561523437
0.10186767578125 0.6142578125 -0.108306884765625 0.406463623046875
0.1578369140625 0.540802001953125 0.00714111328125002 0.246994018554688
0.35980224609375 0.469268798828125 -0.0111427307128906 0.0571212768554688
0.403472900390625 0.243438720703125 -0.0947036743164062 0.03533935546875
0.4664306640625 0.0660400390625 -0.150421142578125 0.0974578857421875
0.412017822265625 -0.150634765625 -0.196441650390625 0.182479858398438
0.30224609375 -0.287200927734375 -0.118621826171875 0.264450073242188
0.290557861328125 -0.31744384765625 -0.0880889892578125 0.2606201171875
0.24468994140625 -0.3536376953125 -0.08563232421875 0.232345581054688
0.31298828125 -0.220458984375 -0.125076293945313 0.213623046875
0.397247314453125 -0.11822509765625 -0.104751586914062 0.150390625
0.424591064453125 0.02301025390625 -0.117134094238281 0.069732666015625
0.402313232421875 0.33441162109375 -0.0597152709960937 -0.01214599609375
0.2603759765625 0.442596435546875 0.0907516479492188 0.00251770019531253
0.17523193359375 0.609130859375 0.122695922851563 0.15313720703125
0.11395263671875 0.3826904296875 -0.06182861328125 0.590576171875
0.149749755859375 0.31658935546875 0.062530517578125 0.376373291015625
0.230972290039063 0.252792358398438 0.00479125976562501 0.122451782226563
0.233489990234375 0.126968383789063 -0.0929794311523437 0.0707168579101563
0.28277587890625 0.03857421875 -0.205825805664062 0.103927612304688
0.272003173828125 -0.0995025634765625 -0.278030395507813 0.250350952148437
0.209945678710938 -0.178848266601563 -0.17218017578125 0.378173828125
0.207656860351563 -0.195816040039063 -0.132568359375 0.3634033203125
0.194534301757813 -0.221603393554688 -0.134796142578125 0.33770751953125
0.2353515625 -0.110382080078125 -0.194259643554687 0.274322509765625
0.267623901367187 -0.020416259765625 -0.162399291992187 0.157760620117188
0.246170043945313 0.0694427490234375 -0.114814758300781 0.0784683227539062
0.20745849609375 0.229644775390625 -0.0274887084960937 0.0234127044677734
0.138870239257813 0.2779541015625 0.1500244140625 0.105239868164063
0.12176513671875 0.397796630859375 0.150146484375 0.3319091796875
0.0923995971679687 0.0944595336914062 -0.00677490234375001 0.69500732421875
0.096221923828125 0.0584869384765625 0.12139892578125 0.455841064453125
0.0567207336425781 0.0306816101074219 0.038421630859375 0.173355102539063
0.0356712341308594 0.0206031799316406 -0.0592117309570313 0.0973358154296875
0.070281982421875 0.0239410400390625 -0.214096069335937 0.101760864257813
0.0999679565429688 -0.0234298706054688 -0.301055908203125 0.28497314453125
0.0912857055664063 -0.0373001098632813 -0.189971923828125 0.43817138671875
0.094146728515625 -0.0445327758789063 -0.15673828125 0.411346435546875
0.110549926757813 -0.0634689331054688 -0.175628662109375 0.38653564453125
0.116363525390625 -0.0015716552734375 -0.250701904296875 0.279937744140625
0.100631713867188 0.0522003173828125 -0.209762573242187 0.125732421875
0.0470428466796875 0.0732421875 -0.109352111816406 0.062408447265625
0.0186309814453125 0.072113037109375 -0.00603485107421875 0.0439300537109375
0.0331878662109375 0.0678176879882812 0.168853759765625 0.1817626953125
0.0687408447265625 0.130485534667969 0.1513671875 0.443511962890625
-0.0480194091796875 0.197067260742188 -0.198577880859375 -0.482025146484375
0.0111846923828125 0.170761108398438 -0.210464477539063 -0.2606201171875
0.129371643066406 0.123878479003906 -0.0266265869140625 -0.04736328125
0.138618469238281 0.01531982421875 0.0808792114257813 -0.006591796875
0.0877685546875 -0.0601348876953125 0.242843627929688 -0.0276031494140625
0.0251731872558594 -0.0628776550292969 0.31536865234375 -0.2286376953125
0.0152740478515625 -0.0988922119140625 0.199188232421875 -0.402740478515625
0.0359420776367188 -0.108940124511719 0.1578369140625 -0.404571533203125
0.023712158203125 -0.0985488891601562 0.1705322265625 -0.41973876953125
0.0674057006835937 -0.0841293334960937 0.2432861328125 -0.31182861328125
0.119850158691406 -0.0631332397460938 0.181564331054688 -0.14190673828125
0.175460815429687 0.00579833984375 0.0159759521484375 -0.132614135742188
0.11883544921875 0.154296875 -0.0753631591796875 -0.232147216796875
0.03497314453125 0.164230346679688 -0.14434814453125 -0.437591552734375
-0.0282135009765625 0.154739379882813 0.0175170898437499 -0.7340087890625
-0.012786865234375 0.451263427734375 -0.183380126953125 -0.421295166015625
0.0447998046875 0.3876953125 -0.182022094726562 -0.253662109375
0.252685546875 0.326141357421875 -0.0339279174804687 -0.0649986267089844
0.2919921875 0.12823486328125 0.050445556640625 0.000236511230468758
0.278961181640625 -0.028564453125 0.218460083007813 0.0171051025390625
0.191879272460938 -0.127761840820313 0.29052734375 -0.169830322265625
0.13470458984375 -0.228729248046875 0.186370849609375 -0.332275390625
0.153350830078125 -0.253631591796875 0.135650634765625 -0.328857421875
0.121383666992188 -0.256011962890625 0.126861572265625 -0.35467529296875
0.197525024414063 -0.184951782226563 0.18096923828125 -0.26141357421875
0.286468505859375 -0.118072509765625 0.131057739257813 -0.108406066894531
0.3599853515625 0.010986328125 -0.0394058227539062 -0.115821838378906
0.3062744140625 0.294036865234375 -0.1192626953125 -0.227432250976562
0.155609130859375 0.364654541015625 -0.17242431640625 -0.4169921875
0.050537109375 0.426483154296875 -0.0109863281249999 -0.66943359375
0.0170898437500001 0.65185546875 -0.170089721679688 -0.279937744140625
0.0709838867187499 0.569580078125 -0.142593383789063 -0.189956665039062
0.348876953125 0.50531005859375 -0.0326919555664062 -0.0714340209960937
0.418914794921875 0.24298095703125 0.015009880065918 -0.00396156311035155
0.448455810546875 0.02056884765625 0.157028198242188 0.047515869140625
0.348236083984375 -0.169403076171875 0.209365844726563 -0.09515380859375
0.243133544921875 -0.32366943359375 0.137161254882813 -0.212493896484375
0.247161865234375 -0.360992431640625 0.0912628173828125 -0.203201293945313
0.19293212890625 -0.3814697265625 0.0718536376953125 -0.237380981445313
0.28790283203125 -0.274993896484375 0.10211181640625 -0.16473388671875
0.4100341796875 -0.18670654296875 0.0712203979492188 -0.0524444580078125
0.5029296875 -0.019256591796875 -0.0842971801757812 -0.0761337280273437
0.475067138671875 0.3707275390625 -0.142044067382812 -0.189102172851562
0.2801513671875 0.5003662109375 -0.15924072265625 -0.346466064453125
0.14013671875 0.6290283203125 -0.0111389160156249 -0.52081298828125
0.0538330078125001 0.7584228515625 -0.154220581054688 -0.0711669921874999
0.10894775390625 0.67388916015625 -0.0944137573242187 -0.0699615478515625
0.42120361328125 0.60955810546875 -0.0258598327636719 -0.054107666015625
0.503173828125 0.3128662109375 -0.0259227752685547 -0.00682830810546873
0.561981201171875 0.058990478515625 0.0614356994628907 0.0673599243164063
0.456329345703125 -0.192962646484375 0.0827255249023438 -0.00395965576171876
0.31646728515625 -0.372894287109375 0.0602455139160156 -0.0578384399414063
0.30413818359375 -0.415191650390625 0.0352439880371094 -0.0459136962890625
0.234527587890625 -0.4490966796875 0.0166854858398438 -0.0812911987304688
0.336639404296875 -0.32366943359375 0.0237197875976563 -0.0345439910888672
0.471893310546875 -0.2288818359375 0.0123977661132813 0.0229778289794922
0.57122802734375 -0.046875 -0.110191345214844 -0.0197982788085937
0.57086181640625 0.38970947265625 -0.133468627929687 -0.129753112792969
0.360321044921875 0.55706787109375 -0.09735107421875 -0.240081787109375
0.20452880859375 0.73602294921875 0.02215576171875 -0.308380126953125
0.0887451171875001 0.74713134765625 -0.13226318359375 0.172760009765625
0.14862060546875 0.6689453125 -0.04095458984375 0.086639404296875
0.436767578125 0.597900390625 -0.0178585052490234 -0.00963783264160152
0.508087158203125 0.3114013671875 -0.0680694580078125 0.00524139404296878
0.57293701171875 0.0677490234375 -0.05145263671875 0.0851593017578125
0.480255126953125 -0.19091796875 -0.0633468627929687 0.0964431762695312
0.336334228515625 -0.364410400390625 -0.029144287109375 0.110633850097656
0.3167724609375 -0.40289306640625 -0.0251007080078125 0.11712646484375
0.248321533203125 -0.440673828125 -0.033660888671875 0.08465576171875
0.341278076171875 -0.3077392578125 -0.0485000610351562 0.103561401367188
0.46649169921875 -0.209197998046875 -0.0439987182617187 0.10003662109375
0.5439453125 -0.037017822265625 -0.118217468261719 0.0363388061523438
0.5487060546875 0.372772216796875 -0.100433349609375 -0.0665817260742187
0.356536865234375 0.53466796875 -0.00174713134765624 -0.119857788085937
0.2244873046875 0.7252197265625 0.07586669921875 -0.0738143920898437
0.11883544921875 0.6146240234375 -0.0965576171875 0.405792236328125
0.173553466796875 0.53704833984375 0.015533447265625 0.245010375976563
0.37567138671875 0.458587646484375 -0.00915527343749998 0.0539627075195313
0.410919189453125 0.2352294921875 -0.0958404541015625 0.03424072265625
0.4705810546875 0.05218505859375 -0.14959716796875 0.101409912109375
0.410675048828125 -0.163330078125 -0.192276000976563 0.190322875976563
0.296630859375 -0.30010986328125 -0.108261108398437 0.264923095703125
0.2803955078125 -0.3284912109375 -0.080047607421875 0.260421752929688
0.233306884765625 -0.36126708984375 -0.080535888671875 0.232467651367187
0.309295654296875 -0.22930908203125 -0.117599487304688 0.21502685546875
0.394683837890625 -0.130035400390625 -0.101409912109375 0.151046752929688
0.426239013671875 0.01312255859375 -0.115982055664062 0.0740509033203125
0.4132080078125 0.32244873046875 -0.0602989196777344 -0.0153160095214843
0.27197265625 0.439178466796875 0.0909500122070313 -0.00225067138671872
0.192626953125 0.60565185546875 0.128036499023438 0.149215698242188
0.124359130859375 0.382537841796875 -0.04547119140625 0.5872802734375
0.157745361328125 0.314239501953125 0.07421875 0.372772216796875
0.240631103515625 0.24737548828125 0.00876617431640625 0.12017822265625
0.2374267578125 0.123947143554687 -0.0925827026367187 0.070068359375
0.285797119140625 0.029754638671875 -0.20562744140625 0.110427856445312
0.272003173828125 -0.108901977539063 -0.272308349609375 0.261886596679688
0.207015991210938 -0.188446044921875 -0.159149169921875 0.381744384765625
0.202682495117188 -0.20465087890625 -0.120880126953125 0.3643798828125
0.187118530273438 -0.227874755859375 -0.12554931640625 0.33831787109375
0.23480224609375 -0.116592407226563 -0.18438720703125 0.278091430664063
0.268096923828125 -0.0278472900390625 -0.158782958984375 0.160781860351563
0.248809814453125 0.0648040771484375 -0.112892150878906 0.0809402465820313
0.214492797851563 0.223342895507813 -0.0273628234863281 0.0206832885742188
0.147064208984375 0.277130126953125 0.153244018554688 0.0985260009765625
0.134521484375 0.39739990234375 0.15948486328125 0.32769775390625
0.094146728515625 0.0947647094726562 0.0108642578125 0.68988037109375
0.0972824096679688 0.0570907592773438 0.134674072265625 0.451385498046875
0.059722900390625 0.0305671691894531 0.04339599609375 0.170578002929688
0.0369110107421875 0.0216560363769531 -0.0581130981445313 0.0961685180664063
0.0724639892578125 0.020904541015625 -0.215866088867188 0.108367919921875
0.100547790527344 -0.02813720703125 -0.29388427734375 0.297760009765625
0.0923080444335938 -0.042633056640625 -0.175323486328125 0.4417724609375
0.0944442749023438 -0.0488967895507812 -0.14385986328125 0.41265869140625
0.108207702636719 -0.0678024291992188 -0.16485595703125 0.388641357421875
0.117935180664062 -0.00569915771484375 -0.2410888671875 0.286285400390625
0.103958129882813 0.04931640625 -0.207107543945312 0.131378173828125
0.05010986328125 0.0724639892578125 -0.106689453125 0.0645675659179688
0.0225296020507813 0.0718765258789063 -0.00500106811523437 0.0423927307128906
0.0360565185546875 0.0695762634277344 0.174179077148438 0.174942016601563
0.0732650756835938 0.131950378417969 0.1640625 0.439697265625
-0.0391387939453125 0.199356079101563 -0.21893310546875 -0.482177734375
0.0167388916015625 0.171112060546875 -0.224517822265625 -0.256011962890625
0.133712768554687 0.119453430175781 -0.0300827026367187 -0.0477333068847656
0.139602661132813 0.0110626220703125 0.08160400390625 -0.00875091552734375
0.08538818359375 -0.06146240234375 0.248764038085938 -0.0393524169921875
0.0246315002441406 -0.0612144470214844 0.312255859375 -0.24859619140625
0.0120162963867187 -0.0993728637695313 0.184234619140625 -0.415924072265625
0.0307083129882813 -0.1119384765625 0.143310546875 -0.41583251953125
0.0195999145507813 -0.101699829101563 0.154937744140625 -0.432830810546875
0.0647506713867188 -0.0877532958984375 0.235076904296875 -0.328521728515625
0.118812561035156 -0.0697708129882813 0.181869506835938 -0.1541748046875
0.17852783203125 -0.0022125244140625 0.011383056640625 -0.1328125
0.128585815429688 0.151382446289063 -0.08489990234375 -0.229904174804688
0.040863037109375 0.16357421875 -0.160980224609375 -0.437103271484375
-0.0218353271484375 0.157318115234375 -0.00836181640625007 -0.74322509765625
0.00662231445312503 0.45745849609375 -0.201873779296875 -0.422332763671875
0.059478759765625 0.3900146484375 -0.195205688476562 -0.250091552734375
0.268341064453125 0.318695068359375 -0.0379638671875 -0.0672607421875
0.29815673828125 0.120086669921875 0.0499954223632813 -0.00140762329101562
0.280258178710938 -0.0379638671875 0.225509643554688 0.0072021484375
0.192672729492188 -0.1341552734375 0.28912353515625 -0.187469482421875
0.12841796875 -0.237014770507812 0.175018310546875 -0.3458251953125
0.142425537109375 -0.264144897460938 0.122467041015625 -0.338623046875
0.11322021484375 -0.265869140625 0.11248779296875 -0.365692138671875
0.195175170898438 -0.193893432617188 0.1729736328125 -0.274932861328125
0.286376953125 -0.13250732421875 0.1314697265625 -0.118659973144531
0.367095947265625 -0.003814697265625 -0.0446243286132812 -0.113533020019531
0.3248291015625 0.285614013671875 -0.12982177734375 -0.226531982421875
0.171234130859375 0.364593505859375 -0.190338134765625 -0.41583251953125
0.068389892578125 0.4305419921875 -0.0335693359374999 -0.67608642578125
0.0450439453124999 0.65985107421875 -0.182342529296875 -0.27886962890625
0.09356689453125 0.5723876953125 -0.1517333984375 -0.187744140625
0.374542236328125 0.495635986328125 -0.0370101928710937 -0.0746688842773437
0.430908203125 0.232513427734375 0.0130729675292969 -0.00584030151367186
0.454925537109375 0.00567626953125 0.163604736328125 0.039886474609375
0.350189208984375 -0.182830810546875 0.209182739257813 -0.106597900390625
0.23480224609375 -0.338714599609375 0.131515502929688 -0.222915649414063
0.23492431640625 -0.377899169921875 0.0832977294921875 -0.209564208984375
0.18035888671875 -0.39593505859375 0.060791015625 -0.24346923828125
0.283905029296875 -0.28912353515625 0.096923828125 -0.1746826171875
0.408538818359375 -0.206451416015625 0.0717849731445313 -0.0596694946289063
0.511932373046875 -0.038543701171875 -0.0890655517578125 -0.0714187622070313
0.49859619140625 0.355926513671875 -0.151779174804687 -0.188308715820312
0.302642822265625 0.499542236328125 -0.17437744140625 -0.3447265625
0.16778564453125 0.633544921875 -0.027313232421875 -0.5262451171875
0.0861206054687501 0.7705078125 -0.158279418945313 -0.0681304931640624
0.137451171875 0.6788330078125 -0.097686767578125 -0.0683746337890625
0.45220947265625 0.59930419921875 -0.0295219421386718 -0.0581741333007812
0.52130126953125 0.3021240234375 -0.0294914245605468 -0.00835227966308592
0.57171630859375 0.03656005859375 0.0666694641113282 0.0640869140625
0.4583740234375 -0.21240234375 0.0847244262695313 -0.00836181640625001
0.308563232421875 -0.392669677734375 0.060516357421875 -0.0641937255859375
0.29071044921875 -0.43524169921875 0.0333251953125 -0.0491371154785157
0.219635009765625 -0.467010498046875 0.0103988647460938 -0.08404541015625
0.331787109375 -0.33978271484375 0.0228958129882813 -0.0389556884765625
0.47119140625 -0.250762939453125 0.0139236450195313 0.0193119049072266
0.580810546875 -0.06903076171875 -0.113357543945312 -0.0133895874023438
0.5970458984375 0.373779296875 -0.141754150390625 -0.130264282226562
0.38739013671875 0.55413818359375 -0.107345581054687 -0.240585327148437
0.23944091796875 0.74017333984375 0.0123291015625 -0.31304931640625
0.1226806640625 0.758056640625 -0.126449584960937 0.177352905273438
0.177490234375 0.672119140625 -0.0365066528320312 0.0881423950195313
0.4697265625 0.58636474609375 -0.0194721221923828 -0.0133552551269531
0.527252197265625 0.300994873046875 -0.0712738037109375 0.00498199462890626
0.58636474609375 0.04437255859375 -0.0482177734375 0.0875244140625
0.484405517578125 -0.211578369140625 -0.0601272583007812 0.101356506347656
0.3292236328125 -0.386871337890625 -0.022857666015625 0.109504699707031
0.303985595703125 -0.424346923828125 -0.0207366943359375 0.118003845214844
0.233428955078125 -0.45782470703125 -0.0331802368164062 0.0864105224609375
0.33770751953125 -0.3243408203125 -0.044464111328125 0.104530334472656
0.465728759765625 -0.23248291015625 -0.040802001953125 0.0998611450195312
0.554534912109375 -0.0567626953125 -0.118919372558594 0.0435333251953125
0.5726318359375 0.3563232421875 -0.10577392578125 -0.0679779052734375
0.383697509765625 0.531829833984375 -0.00625610351562497 -0.123687744140625
0.25750732421875 0.7288818359375 0.075836181640625 -0.0771484375
0.14544677734375 0.62451171875 -0.0827331542968749 0.412139892578125
0.196533203125 0.539825439453125 0.0275115966796875 0.2467041015625
0.402618408203125 0.45208740234375 -0.00769805908203122 0.0513801574707032
0.42633056640625 0.22711181640625 -0.0981597900390625 0.0349884033203125
0.48150634765625 0.032989501953125 -0.1490478515625 0.1083984375
0.414306640625 -0.183624267578125 -0.186874389648438 0.203201293945312
0.29058837890625 -0.321380615234375 -0.0968170166015624 0.27008056640625
0.272064208984375 -0.347869873046875 -0.07049560546875 0.26483154296875
0.222930908203125 -0.377197265625 -0.0748291015625 0.237625122070312
0.30810546875 -0.244049072265625 -0.109970092773437 0.221435546875
0.396820068359375 -0.147613525390625 -0.0969696044921875 0.155593872070313
0.43499755859375 -0.000885009765625 -0.115394592285156 0.080230712890625
0.432281494140625 0.30975341796875 -0.0629119873046875 -0.0167922973632812
0.29290771484375 0.43841552734375 0.0923385620117188 -0.00848388671874997
0.22296142578125 0.61053466796875 0.136489868164063 0.146942138671875
0.140289306640625 0.38824462890625 -0.0243530273437499 0.59429931640625
0.1727294921875 0.313812255859375 0.092315673828125 0.3734130859375
0.256515502929687 0.243255615234375 0.0133209228515625 0.118659973144531
0.2476806640625 0.120315551757813 -0.09283447265625 0.0720138549804688
0.293212890625 0.017333984375 -0.206863403320312 0.120452880859375
0.27313232421875 -0.12310791015625 -0.266586303710937 0.280075073242188
0.204147338867188 -0.203964233398438 -0.14404296875 0.390411376953125
0.198776245117187 -0.218154907226562 -0.108673095703125 0.37127685546875
0.181625366210938 -0.239608764648438 -0.11517333984375 0.346893310546875
0.23651123046875 -0.128250122070313 -0.175872802734375 0.288116455078125
0.272735595703125 -0.0391998291015625 -0.155593872070312 0.1689453125
0.256668090820313 0.0582733154296875 -0.110855102539062 0.0869140625
0.22784423828125 0.21875 -0.0279369354248047 0.0188446044921875
0.160888671875 0.279342651367188 0.158737182617187 0.092010498046875
0.153778076171875 0.40057373046875 0.17425537109375 0.32733154296875
0.097930908203125 0.0959396362304688 0.0358276367187501 0.69537353515625
0.100013732910156 0.0554885864257813 0.1551513671875 0.4508056640625
0.0630760192871094 0.0296249389648438 0.0509033203125 0.17059326171875
0.0389060974121094 0.0221939086914063 -0.056793212890625 0.0976409912109375
0.0751113891601562 0.0173721313476563 -0.218124389648438 0.120162963867188
0.101318359375 -0.0344772338867188 -0.28814697265625 0.31793212890625
0.0931625366210938 -0.0501861572265625 -0.158538818359375 0.453460693359375
0.0955123901367188 -0.0556869506835938 -0.12908935546875 0.422027587890625
0.107917785644531 -0.0737228393554687 -0.151397705078125 0.399505615234375
0.121543884277344 -0.0116500854492188 -0.2327880859375 0.299652099609375
0.108879089355469 0.045654296875 -0.2056884765625 0.142257690429688
0.0553970336914063 0.0727767944335938 -0.104476928710938 0.0687103271484375
0.0269546508789063 0.0730743408203125 -0.004547119140625 0.0408287048339844
0.0405197143554688 0.072296142578125 0.183197021484375 0.168777465820313
0.0807037353515625 0.133552551269531 0.18212890625 0.442047119140625
0.212254060673378 -0.0265390853042089 0.261175902503946 -0.489936890396026
0.154806805727671 -0.105460433264035 0.0930927872548587 -0.362699335368682
0.0229224285951104 -0.17794567261091 -0.0137015869933742 -0.0384047687770195
-0.0972774634705926 -0.123856115247231 0.0300398219061604 0.103958504319393
-0.129127658008963 -0.00812043510287104 0.190910907542857 0.220572750688926
-0.096552128762263 0.0399280433075608 0.378115002383137 0.169121342009327
-0.103663894210549 0.0677666622577974 0.469491826632629 0.0321106989938046
-0.104740314937557 0.0816304256347739 0.476572846943362 -0.0628028482161502
-0.117139939046533 0.0706104761346761 0.474462734074239 -0.0355534436655569
-0.117834475516628 0.0301944636823596 0.395360185265048 0.0516107347172611
-0.142435458644215 -0.0295404193540892 0.233173421632475 0.1085797450498
-0.117450556811192 -0.140724571994276 0.104234253497674 -0.0367314298671477
0.00576653179765922 -0.177686530574825 0.117764951670602 -0.198130231160371
0.103265096459629 -0.104866693406446 0.277895447390797 -0.375504987823223
0.136226284753848 -0.0278215690204896 0.554921741385138 -0.469204614547543
0.390816563874068 -0.211764426275021 0.181612088973885 -0.455391860072702
0.298557017024418 -0.284046934929724 0.0624811354371756 -0.35091363774487
0.104854897872406 -0.407662903479149 -0.0598072110895655 -0.0479249594300926
-0.116339330046045 -0.338321921564112 -0.0399537695526046 0.106789597393997
-0.256907111380807 -0.170281622740214 0.12598465773425 0.255465176458274
-0.256987715093847 -0.0465821473369784 0.311452398748573 0.205429245591023
-0.289889180957845 0.0366788615055347 0.398922059303296 0.0800213810740013
-0.287313869711264 0.0959292369576635 0.402192244155866 -0.0269991912352461
-0.309405433984379 0.0858884145810545 0.399674359920793 -0.0237294521257032
-0.283912180848518 -0.00518686831556154 0.315280113359389 0.0485626823387402
-0.302936911261004 -0.109842459489803 0.164135823158361 0.102237370904014
-0.235645296305376 -0.303129012038371 0.0340947134342451 -0.0579493140579134
-0.0466957372813953 -0.40494287701362 0.0660882256815387 -0.228444527842684
0.177529110732792 -0.325813511605237 0.223501648854108 -0.404948751749825
0.301463196662876 -0.240976393411673 0.48068000406829 -0.479132022114206
0.528381705882809 -0.369050205413838 0.0421199837995402 -0.368001886562989
0.417663395489862 -0.437857854360578 -0.00654589191245396 -0.296008854350722
0.186988877645758 -0.602210936151974 -0.104127735630372 -0.0469447458574565
-0.112687739345515 -0.534746693715474 -0.101450874031259 0.0917956617963831
-0.35267100408438 -0.331911645769512 0.0484897421456538 0.243773104046433
-0.388206511073042 -0.141767107161171 0.199552562960723 0.198636707127334
-0.437817366787253 -0.00873218289111076 0.266068925869258 0.107894017578172
-0.427829853041938 0.0964571674846109 0.26631029420087 0.0117827042220764
-0.455450837686548 0.1002264135203 0.268982377919252 -0.00244907994402921
-0.415771613913256 -0.0193766452560369 0.190707663081987 0.0536303749000835
-0.438785192700325 -0.150782495333298 0.0734567085981031 0.096474127521327
-0.355225186812916 -0.408239390313653 -0.0423201424603503 -0.0570637463964559
-0.126618452569347 -0.573445682390191 0.00665647396775094 -0.218385961143789
0.198015995699184 -0.510620968763341 0.151248215814182 -0.36188987412122
0.405576301790478 -0.428909786780755 0.359252584752358 -0.403174454819365
0.588685742598082 -0.48621325968785 -0.140406180560952 -0.22892082831132
0.467120860487802 -0.551362350646763 -0.111379576349063 -0.190694624875373
0.221798716792847 -0.733053691183837 -0.147152966488218 -0.0227832139657618
-0.115941264550539 -0.663278657363236 -0.150043292817896 0.0677236797936307
-0.409675387766351 -0.443348435861531 -0.0391404852273733 0.18567960730378
-0.468004612510122 -0.212343388483541 0.0497770526791488 0.151963331537136
-0.522962357246355 -0.0520998534483568 0.0871026025678194 0.114608510583898
-0.504460829486278 0.0830866667352288 0.0914472769931433 0.0510942062365452
-0.532281890468897 0.0978699541718653 0.101612627866478 0.029954603028883
-0.485549051829887 -0.0323626327764748 0.038921348034783 0.068218095648948
-0.510826814952055 -0.169080806197282 -0.0322712503199558 0.0938350939779798
-0.421057410533182 -0.451665814192331 -0.113652172121538 -0.0384210474382366
-0.186020235327188 -0.653894781985439 -0.0423294418744835 -0.172099005130613
0.184754333977895 -0.612357477939233 0.0855888852438468 -0.252744644929523
0.447782410576469 -0.546111591109221 0.216823024175448 -0.254739207331978
0.55400546083218 -0.535059628306532 -0.331003273086842 -0.0540325545154614
0.426850969475643 -0.594900539994516 -0.229933169545998 -0.045925703617956
0.198795889469041 -0.745449098533996 -0.182297587221947 0.0177118383888544
-0.118166717300555 -0.670633752245927 -0.183794271239625 0.0388964023383829
-0.403842083822886 -0.463793937583682 -0.130301463033948 0.0955317115139994
-0.468389226455727 -0.240301549507522 -0.117997593161988 0.0782191629766942
-0.524926071252395 -0.0846319056249395 -0.110646774641132 0.102667346117145
-0.504991037470703 0.055737274409099 -0.0959999100687147 0.0832935616327633
-0.528205185241459 0.0711958835936669 -0.0771106748496811 0.0643520542045137
-0.477066872455395 -0.0567437562269642 -0.117648146070873 0.0808814589260718
-0.490117616623112 -0.181540675066758 -0.137346811352928 0.0811024733744786
-0.39301148071012 -0.439619687842194 -0.165997046097439 -0.019309517863608
-0.182306191333366 -0.631248081875347 -0.0697213513044378 -0.109000036067956
0.165533061847669 -0.603711916007947 0.0381603877045516 -0.104950562442999
0.424769730064494 -0.56610430259734 0.0750435299461614 -0.0627263394307131
0.422419752924312 -0.505973099557839 -0.489163783074548 0.134666019715719
0.297799818102605 -0.535834944108574 -0.325610348835832 0.11541044956888
0.127533487566573 -0.613116752615501 -0.198020074251489 0.0635417556423366
-0.105090324754492 -0.53600889583539 -0.193316540519308 0.0128721633566168
-0.325512961216274 -0.384138742263815 -0.204354093940608 -0.000837778136597088
-0.387714656550841 -0.214249545859854 -0.269472777643273 0.00114793635788521
-0.441758784885226 -0.0955074668753074 -0.290859179340411 0.0804281705426432
-0.427017154719377 0.0168694184073899 -0.267472612959336 0.102711752666347
-0.446473912265451 0.022391013794489 -0.240583173465938 0.0831855035745985
-0.394084494890986 -0.0943772097028397 -0.252454206938597 0.0717714431779624
-0.377888794662184 -0.192740196177061 -0.219299727196556 0.0418867557628623
-0.271226550105191 -0.377115696108282 -0.187713968512528 -0.0169372478422148
-0.110163148401351 -0.509502480798419 -0.0743632294612531 -0.0525187632364199
0.145530050435066 -0.485409082046219 0.00425857353296565 0.0430359801401114
0.346797071278971 -0.489011897567413 -0.0540612253964474 0.131142675086502
0.228404285769307 -0.393043662631243 -0.579328501239454 0.306647347379232
0.123122670132063 -0.378932722954798 -0.371387055200722 0.265919805295365
0.0403390783522322 -0.371783331217906 -0.185975426070242 0.110932289009175
-0.069160423492643 -0.308916368296977 -0.174069691066221 0.00302146078836852
-0.190144051252384 -0.238743629143479 -0.244292018751118 -0.0757690676941668
-0.241884609299301 -0.153017551978649 -0.375552820032876 -0.0572949019123159
-0.287885908030326 -0.0907696592207156 -0.424826388201301 0.057357760464737
-0.284425058871343 -0.0236523449009039 -0.396768153242994 0.10642963010655
-0.299626442194754 -0.0313175320982427 -0.36635184035941 0.0788031179959861
-0.254280472508172 -0.118633977505982 -0.343309098808137 0.0303242705762318
-0.210651794382052 -0.178847739123125 -0.259795592812684 -0.0278021246314121
-0.107521720712041 -0.26251311375141 -0.174509052972814 -0.0362744983176924
-0.0218401885625174 -0.311802703587676 -0.0628060523361273 -0.0128027272279355
0.103276930226235 -0.29646015380241 -0.0266042716559328 0.161282740242766
0.218687713004368 -0.337981741854698 -0.158995622897701 0.290671123442369
0.0104850757478413 -0.209503827837292 -0.589348787099413 0.435791879691966
-0.0461740486287003 -0.156128529675258 -0.359615874240073 0.385745257596169
-0.0229443245562518 -0.0862833828866671 -0.143816333385604 0.153875674295671
-0.00481118635009917 -0.061302921854375 -0.127770871062366 0.00536030041459342
-0.0252861805255756 -0.0821689344766321 -0.245311724870525 -0.120613547908912
-0.0592464187911956 -0.082784613908594 -0.422150470208332 -0.0890545562270493
-0.0891602833852426 -0.0811492055846598 -0.490759524899144 0.0363677068018248
-0.0995899730643699 -0.0615037000142862 -0.466259893631263 0.0956401281762835
-0.11106747511881 -0.0711472397737894 -0.438370176637598 0.0485354957535514
-0.0839733499912316 -0.108294805720952 -0.380680942456366 -0.0358114860881521
-0.0331195684771273 -0.117393266643058 -0.253354027365512 -0.111712320218749
0.0324659194843585 -0.0996452673834494 -0.130444871511556 -0.062838388054874
0.0289939797112722 -0.0753105198228052 -0.0434584846298763 0.0144430759008353
0.020661131640099 -0.0862098700966003 -0.0583838403079955 0.237054334228798
0.0503157298816859 -0.151974997672727 -0.23488851405851 0.392972720892132
0.207090844094091 -0.0413629734230773 0.228879354841287 -0.509348431846383
0.146586432036244 -0.114438053589141 0.0669855112560175 -0.368702526647137
0.0105567669926331 -0.177587044655896 -0.0160537043190244 -0.0389239425995552
-0.103749884019146 -0.116221845798599 0.0367055064819367 0.101536088885126
-0.127069557067548 -0.00034423865305323 0.209218022640819 0.205836887944964
-0.0929777066532215 0.0444414035732511 0.393004975566268 0.139576280224582
-0.0982879604474673 0.0745177612614244 0.469535252814374 -0.00299446889748937
-0.0968715986120059 0.0896597806472292 0.468051727352053 -0.0966966300244353
-0.111213105466902 0.0800017885603596 0.471198357787219 -0.0705445489941049
-0.114516631541599 0.0386974063407011 0.400597273821725 0.0206978540764342
-0.144223568329049 -0.0182378703087775 0.244715284898849 0.0930481082357062
-0.128518281612976 -0.130995838096409 0.100213746064982 -0.0426566643024591
-0.00813356256930983 -0.177995553274915 0.102882164134909 -0.204187271298531
0.096116648628368 -0.110448297400202 0.250471649424736 -0.39293313771117
0.133341487447669 -0.0378340164287604 0.521579077350758 -0.506050892526675
0.372642586615427 -0.239708630081883 0.151238538865918 -0.467577310431972
0.277910796806777 -0.30233885709763 0.0379448755524786 -0.355259330178086
0.0757806614115143 -0.412609922872928 -0.0615123640423758 -0.0460860255837803
-0.136690842334944 -0.33054074305323 -0.0331887221284151 0.107155718489225
-0.266042483162055 -0.153217152375332 0.14791228837632 0.245655607386545
-0.260679785645156 -0.0321329666641732 0.328034575770757 0.182320747154562
-0.287063882047465 0.05703974182186 0.404553070701996 0.0490356159540304
-0.278708422314572 0.118304640495179 0.39808330361567 -0.0565712858350382
-0.303006860092772 0.109524517360967 0.396301948396535 -0.0543113653739256
-0.285053798167706 0.0136241302965553 0.320143607621224 0.0235521721281828
-0.310345685134013 -0.0876084701485608 0.175476188750708 0.0904487197450545
-0.259082071930622 -0.285556206489476 0.0282294957082704 -0.0581425978039187
-0.0765240217696087 -0.401329949394483 0.0499787601778304 -0.233522129610663
0.155236940615736 -0.337487671939382 0.194863540118418 -0.418722504395359
0.283866176643946 -0.263976636433497 0.44759318391353 -0.508723271030143
0.499995280083379 -0.409186546934809 0.0183156167631951 -0.37088023881224
0.385289146401773 -0.463300213725839 -0.0258620196556264 -0.294096006883007
0.141941061391065 -0.613038007115303 -0.105042855694578 -0.0419465154662389
-0.146702960422222 -0.528597266663904 -0.0957365968587495 0.0954592174332359
-0.374321746093694 -0.306729064317664 0.0698741911383185 0.239031675384315
-0.399089851342953 -0.117660696820997 0.214490584140019 0.18384681058521
-0.439709312952253 0.0224498104821757 0.274928323135796 0.0864021460200159
-0.419710636551773 0.129913360542195 0.26654081584866 -0.00734947667131542
-0.447325716277873 0.134884968013479 0.266664001397759 -0.0238185425310773
-0.418520402154564 0.00787571331723384 0.195996689186913 0.0381544837540151
-0.449583680980091 -0.119113237650481 0.0837736256364081 0.0901716761377914
-0.385983674063454 -0.383003793529511 -0.0482491488040907 -0.0520420317520411
-0.168913144384024 -0.564262460479763 -0.00834100766449326 -0.220842038835174
0.16438277908437 -0.525076460962198 0.125687023546063 -0.372585366297291
0.375554739592221 -0.458687304851078 0.33110215783347 -0.425800684905016
0.553549854386653 -0.529751090399202 -0.153522251566459 -0.219628023320679
0.428006361941448 -0.582284747781272 -0.122602876101252 -0.181651625733547
0.169114049406497 -0.747151889088194 -0.145791432970809 -0.01553039189539
-0.158772246687302 -0.659055986912749 -0.146206714683079 0.0745163312106863
-0.440355975047931 -0.413797358382482 -0.0225100021008068 0.187537295361502
-0.483336607126097 -0.184048893925483 0.0605717323856378 0.149056797593032
-0.529009749341556 -0.0136121769095154 0.0985043382804675 0.106247968670493
-0.49902104457576 0.1238991136681 0.0955383538081322 0.0433376455734708
-0.525481385547453 0.140034604072009 0.102327658284609 0.0207207315611402
-0.489717685242057 -0.000523433143960834 0.0447402540251473 0.0640832972824704
-0.523179215362771 -0.132610809517588 -0.0232336278860544 0.0941616769454075
-0.455564927895235 -0.423522465479831 -0.118089154635948 -0.0285396986444947
-0.234044767645511 -0.640487208742405 -0.0537602591399402 -0.172708182940908
0.145277845328705 -0.627615288157983 0.0678360985470163 -0.259967670405171
0.408528928903905 -0.57982461313943 0.19886079236372 -0.268681149554017
0.515387724334179 -0.57611491097276 -0.332174122538181 -0.0316723298184675
0.385912311116151 -0.622441071986181 -0.229911509932443 -0.0283722026906649
0.145408503278989 -0.757738384997266 -0.178097132733764 0.0269208357967174
-0.162498720764258 -0.666407843202161 -0.181202517135782 0.0479758592866145
-0.438836090341464 -0.434307515951457 -0.120492123706721 0.104010377044269
-0.487741480330407 -0.208404203762887 -0.112520491850584 0.0883038745291567
-0.533553253928362 -0.044486974492348 -0.0985702580086396 0.108590325320338
-0.500610861331541 0.0949186676187481 -0.088529753292301 0.0881944622559302
-0.522506215854242 0.111695261540111 -0.0735015944226632 0.0674933747726257
-0.48429288930592 -0.0251894669463609 -0.111590840171454 0.0886719577031934
-0.50220749438938 -0.145941796135522 -0.129727847499356 0.0886537609227634
-0.424991391361163 -0.414668904460879 -0.168328967801681 -0.00550393627567699
-0.227317981187088 -0.616210811656582 -0.0764359640159937 -0.10823763358306
0.126682234790012 -0.617147147501316 0.0311355482030902 -0.109643819336919
0.38459867520636 -0.598992483772756 0.0704859281326867 -0.066803609084823
0.390395500684369 -0.538127868706144 -0.477311300746608 0.166259086178267
0.262333174793134 -0.556466206697869 -0.31388346580097 0.138929859074146
0.0830399976059734 -0.624491912397187 -0.191183046868336 0.0750726570656666
-0.140863622274937 -0.533262606770365 -0.192950420407194 0.0233705068011843
-0.354852450325128 -0.360197935396417 -0.203041442579236 0.0137278423707217
-0.405785372167748 -0.187762897538535 -0.270418556111019 0.0229133277892333
-0.452537240392584 -0.0610694354745724 -0.280304669536025 0.0997834448156885
-0.427083428722391 0.0508232411156719 -0.257594756969222 0.118821320361
-0.445329553766561 0.0571195745575757 -0.234574005815302 0.0994323409948765
-0.403928554274096 -0.0672510977186183 -0.246733498927149 0.0894171758424008
-0.391321458385656 -0.165452044106188 -0.215376167477079 0.0553685115052237
-0.298351823558389 -0.36133986758217 -0.188989417130499 -0.00192156232133885
-0.146974411071299 -0.501439158089366 -0.0780914303424988 -0.0511275064006402
0.112749232091922 -0.498514316538425 0.00746409392442348 0.0409617387978842
0.31347403998728 -0.51621564692869 -0.0450697256027248 0.135723789138593
0.204899274316575 -0.411454297893965 -0.556874368433829 0.343578644448287
0.0981734518550249 -0.386545345607073 -0.348708462537356 0.292692267336334
0.0138359588067451 -0.376948142851467 -0.176460876058031 0.122162557335885
-0.0893013670342523 -0.308193552790135 -0.174431821577272 0.0118153513582634
-0.20900170293756 -0.224760659570316 -0.250035194941213 -0.05891039608492
-0.254478310280658 -0.136183866213122 -0.382067569759295 -0.027705846561486
-0.29771953653932 -0.0672777462360999 -0.415456719922861 0.0868876085790997
-0.28856965362139 -0.000952464350240819 -0.386199899328049 0.132835972964709
-0.30345089249777 -0.00935598225537096 -0.360369251660259 0.103893911496535
-0.265831553413656 -0.102189560293797 -0.341042984018263 0.0551458535466003
-0.223964627313077 -0.16438952431822 -0.262132093912204 -0.0103484838390484
-0.127198639470137 -0.258002677289518 -0.175974621902915 -0.0229775761136283
-0.0445689582574197 -0.310806664600329 -0.0639026210289848 -0.0117023228936931
0.083050653987725 -0.305697442862101 -0.0150319552098966 0.160377151739161
0.195451612844235 -0.355766451289251 -0.141097457473758 0.301906402517848
-0.000736925097310291 -0.211441881857691 -0.55738599043621 0.473025663215044
-0.054623920084136 -0.152650426252912 -0.328915401357772 0.409444443786289
-0.0285061650833175 -0.0863396509179162 -0.132172537851822 0.16330587901925
-0.00887495392623964 -0.0624698766766925 -0.127280796729097 0.0120249216342317
-0.0318263466141079 -0.0800326128400409 -0.256773035171368 -0.103458204233129
-0.0665342719699141 -0.0782434271077745 -0.430817394555011 -0.0564310288857717
-0.0976126326541154 -0.0728593330451334 -0.483803173136525 0.0702712745189781
-0.106488299307324 -0.0530112644737823 -0.455966997698925 0.126780144815496
-0.118219084239921 -0.0622871012469635 -0.433240194319001 0.0783930952197942
-0.0945743687605817 -0.102572535101956 -0.38200469296329 -0.0075068832556185
-0.0428836225089951 -0.115344948433428 -0.261970353411924 -0.0931495807934178
0.0241063018929324 -0.103987745810216 -0.13306343204806 -0.052957357707374
0.0227481991684261 -0.0787116369901984 -0.0430436039906242 0.015673156020011
0.0149156221215159 -0.0898557594810505 -0.0416276338899582 0.238532328918785
0.040856838954306 -0.157504695975196 -0.209674189645316 0.410158138716312
0.197046284789915 -0.052909220368805 0.191928622627185 -0.514162030364728
0.135974945849539 -0.119346072497798 0.0412231598588172 -0.365424959906685
0.000143060782327533 -0.171757361760027 -0.0171431935796746 -0.0391461215479345
-0.106614453451442 -0.106009824323872 0.0425035026483164 0.0957436535204912
-0.121997891056689 0.00536396918988149 0.220637277562197 0.186765690507313
-0.0880792081394188 0.0473281194112289 0.395782984863268 0.108861822362819
-0.0910413585963665 0.0788273029651946 0.457626323239856 -0.0346021372273874
-0.0869992360128619 0.0944778178463787 0.449186000194426 -0.124389858169468
-0.102313107975132 0.0864594646543354 0.455421878202848 -0.100771422069765
-0.108928509588174 0.0453792674025697 0.394427237472317 -0.00795284641098802
-0.141680269240147 -0.00753676876343458 0.249164714527047 0.0749576472702247
-0.134695415662339 -0.11750147616061 0.0943972673053636 -0.0461091118507415
-0.0199443438558711 -0.173427323189642 0.0877300709570619 -0.204158240154835
0.0869473398033484 -0.113153703958417 0.219339133640966 -0.397811616677143
0.126564238114766 -0.0460502822319208 0.48022855591914 -0.525239236856528
0.346649656533958 -0.258396502435319 0.121179829669365 -0.467853771515355
0.252281823037151 -0.31055071405935 0.0151884518088838 -0.349728493785383
0.046998815650371 -0.404834790620275 -0.0613921303947283 -0.04387551830956
-0.151702526606587 -0.315274659521061 -0.0266501658160052 0.104593463478422
-0.268043894578925 -0.133585075403984 0.163727623576564 0.228845726393838
-0.258328747348657 -0.0177320034286894 0.334602001766353 0.154939445256381
-0.277802542384061 0.074495200114179 0.398653042066203 0.0199814259511858
-0.263509212812848 0.135125717519065 0.383906012987497 -0.0806654975380475
-0.287877860626482 0.128201030568467 0.383463733387383 -0.0806130523506158
-0.278930669473446 0.0303055050299821 0.315666652673986 0.00123609370310098
-0.309230944227719 -0.0649364349413306 0.181314987779357 0.0753148403776901
-0.273274774248557 -0.2632003229897 0.0227621055099124 -0.0567250456667045
-0.101658473666594 -0.388096087996547 0.0339083785466542 -0.231938969872616
0.131857986936199 -0.341341393797645 0.164232456372948 -0.420047835863323
0.260025183956808 -0.27779002696221 0.406405915537699 -0.523676228909044
0.461520366087593 -0.433251148898784 -0.0029960920347863 -0.364948432621833
0.348337923624124 -0.474571136798771 -0.0419261955304141 -0.285237637824176
0.0978067432777036 -0.605406991826907 -0.102582722909881 -0.0379500903759429
-0.174193165524166 -0.509145734736652 -0.0887962367333578 0.0957586881541397
-0.384096413170925 -0.276228914337117 0.0875023971106847 0.227283758262892
-0.401114423653407 -0.0931563058888737 0.223299025191062 0.166375625857328
-0.429251090487372 0.0517722540356115 0.275602848672704 0.0643480742710071
-0.401846658330687 0.157054000115582 0.258749813832679 -0.0249505038982205
-0.428267330749867 0.162688404774013 0.257727714507346 -0.0423217690386964
-0.410941690703066 0.031821790162894 0.194757011965479 0.0230343149789288
-0.447314117026082 -0.0870220132626982 0.090697562610928 0.0808849611292406
-0.405020839327594 -0.351133733310819 -0.0514211022419964 -0.0458152181151262
-0.201991727084246 -0.543197554819015 -0.0224888786511954 -0.218089892299575
0.130291598131572 -0.525770322624202 0.099216049706835 -0.372141919709293
0.337859492592547 -0.475367684510663 0.297536324456852 -0.435951311696252
0.505035239475519 -0.555884086582885 -0.161282026008625 -0.205331669582513
0.382485509389031 -0.595379533228821 -0.128331840056635 -0.168674785234098
0.115029538971241 -0.740293186071886 -0.141648006942798 -0.0095306808829667
-0.196007700009347 -0.637204935082459 -0.139339231617417 0.0782682652200243
-0.457859329344501 -0.376124148780863 -0.00568915513361736 0.183203605989287
-0.489827316185016 -0.151780584667808 0.0701202667386477 0.142852425883998
-0.520298893618658 0.0239334115072955 0.105627283466935 0.0942597279356197
-0.4781426053678 0.156126144042715 0.0959789646662158 0.0348853163526545
-0.504708660924316 0.171943465259242 0.0995756840681172 0.0120119215123309
-0.482516151340815 0.0287667666099096 0.0483903074691797 0.0581582826544648
-0.520445343538332 -0.0945892764811945 -0.0145408056821553 0.0913320166197676
-0.475190699851652 -0.387408752479159 -0.118626279828386 -0.0180929831414711
-0.271203658112862 -0.612606968658897 -0.0643854356547196 -0.168894960623794
0.104300337527293 -0.624939859011178 0.0501160416894078 -0.259574135312675
0.362915200368614 -0.596577801660576 0.177733487089349 -0.273437679501632
0.466288013705389 -0.599866530700643 -0.324422064753273 -0.0109088709800634
0.339295432854962 -0.631584529424257 -0.222885087356578 -0.0128988932217051
0.0925735014898088 -0.751557848932563 -0.170965749202159 0.0347465041246995
-0.19944040661637 -0.646389476133286 -0.175462631053513 0.0542897762937509
-0.456676345772049 -0.39583243953289 -0.10764803280048 0.108122656719263
-0.495688708304964 -0.175622284209456 -0.103972593227001 0.0954078910796269
-0.527598078648695 -0.00590461127646152 -0.0861005472678039 0.108975912677728
-0.484548965154694 0.127328024512065 -0.0807769362706693 0.0906667966981792
-0.503905645140396 0.145373609532515 -0.0695912019301247 0.0691496515298302
-0.47891391310072 0.00378492980037633 -0.103126919997923 0.0932180771200142
-0.499944358520341 -0.110382402963527 -0.120421237852789 0.0929507891850871
-0.445481003414999 -0.380255365278623 -0.165038153522655 0.00740492797272544
-0.263649365632436 -0.591340137642334 -0.0831572013694247 -0.104672937150796
0.086326000886341 -0.614489534646721 0.0232555680332959 -0.110619500483238
0.339463986503809 -0.613266502025812 0.0645600982331894 -0.0680894543122577
0.348855840951057 -0.554541232169635 -0.4542995425044 0.191455134986839
0.224241196700123 -0.559466923682124 -0.294793924362582 0.156266407325091
0.039975523068087 -0.616725737981936 -0.180690740124993 0.0833377990754319
-0.171817172354333 -0.517717227201664 -0.188056806488409 0.0319757138970466
-0.371030067124673 -0.329514044706692 -0.196493160551782 0.0252593649020406
-0.413393767441084 -0.15908810625523 -0.263289514979351 0.0425054262956032
-0.449678340082251 -0.0275672601508237 -0.264340429850848 0.113016826375659
-0.415455291986568 0.0800141584566554 -0.243219789926136 0.131238547006858
-0.43285960067793 0.0862378967419823 -0.224039134927182 0.110564418423949
-0.403512477406914 -0.0421084187405286 -0.235796858741189 0.103064311169124
-0.394292781374808 -0.137582978332366 -0.207613422479853 0.0672937591252725
-0.317259745569761 -0.336115737817648 -0.184185287420148 0.0111529046385163
-0.177834052989261 -0.482262112469377 -0.0805926689815788 -0.0485922776021421
0.0803660809967013 -0.496894169506243 0.00917099408967384 0.0366531912390666
0.274959442363883 -0.527725028867551 -0.0369336426980985 0.136742068284448
0.176661834349034 -0.418483488731807 -0.520671441972931 0.369601721941552
0.0744072567291699 -0.385095959322494 -0.319652853747484 0.307776174693547
-0.0114149413378597 -0.370840486405901 -0.164497602253375 0.129211008435876
-0.106483282715572 -0.299290028370982 -0.17047777774398 0.0201233128721698
-0.219634175296722 -0.206446818199148 -0.249184487525548 -0.0420116973582242
-0.260802124575576 -0.116830772699034 -0.376272980263033 0.000302797388328169
-0.298672470791452 -0.0443434744360116 -0.39742364592711 0.109293114651456
-0.284336094636376 0.0204072628160111 -0.367166436837563 0.151807942323174
-0.299224110761643 0.0126612341420466 -0.345842309785809 0.123640361005866
-0.269851616135668 -0.0834996600642867 -0.329872342518183 0.0763834700145931
-0.229844878856301 -0.147062847417266 -0.257572309574343 0.00588328536395847
-0.14234858004209 -0.246378578057281 -0.172210913100917 -0.0104349192726986
-0.0645650899345172 -0.302412092844444 -0.0646507164090596 -0.00970190211036353
0.0627929470712579 -0.306895078009601 -0.00526395782384447 0.155517419418785
0.169619501252415 -0.363213256484898 -0.120978890048707 0.305927723493739
-0.010912519238179 -0.209225481982247 -0.515756668220692 0.495855703418101
-0.0612961094751967 -0.146382094270297 -0.295445556271798 0.421236449592492
-0.0331828076538602 -0.0843406606448335 -0.119517737771087 0.167590514653585
-0.0123456978450159 -0.0630880529178244 -0.124338424015593 0.0180396711166068
-0.0364128239374306 -0.0752868897286725 -0.260039616029473 -0.0851676848598023
-0.0709840312365526 -0.0719113360035655 -0.426574786124123 -0.0240501192730309
-0.10208617759624 -0.0634954799629808 -0.466692758215098 0.100303852247549
-0.109785919043263 -0.0434380134975676 -0.435283863928023 0.150420381506141
-0.121672155550275 -0.0523741480317878 -0.418074817162951 0.103983331823073
-0.102156367304734 -0.0940291682514301 -0.374210484639933 0.0184108310498657
-0.0506098934110511 -0.111279818808688 -0.263093281774759 -0.0737634911580376
0.0153297844910821 -0.105773415561476 -0.131800832421775 -0.0434593672750302
0.0168050415072886 -0.0798302134395821 -0.0426092057309624 0.0165414293350803
0.00894010319111167 -0.0911333996172959 -0.0261235158467728 0.234124321109693
0.0316549248447088 -0.158800195714073 -0.181492392150352 0.416465714502433
0.158639626509541 -0.122403460847391 0.000417937501343928 -0.53047250711636
0.0802850408933603 -0.15954707526682 -0.0839452151904744 -0.341068177154115
-0.0602513502582876 -0.155146140207494 -0.0184879073119419 -0.0292207682911658
-0.133491105647158 -0.0567109820246278 0.0791142799674852 0.0691183681572024
-0.105278439599664 0.0461995380307019 0.267800021483808 0.0899543865125946
-0.0593137281519372 0.0721187480912686 0.398645042766527 -0.0442769070220893
-0.0532318885138296 0.103053548465411 0.405427696635776 -0.196052277781281
-0.0433678099290709 0.112211091057004 0.360960872340387 -0.268862798417342
-0.0612744318093746 0.112470821202153 0.378122188368242 -0.247439145736389
-0.0841635718927884 0.0760393945101759 0.359120357728287 -0.142486823149868
-0.129690017250432 0.0426009665212876 0.25556532293937 -0.0209511538977519
-0.162646124838283 -0.0605694943794874 0.0737233166676235 -0.0694240847602757
-0.0774183829546877 -0.150375349233443 0.0118565756861514 -0.209968682772852
0.0401542029603808 -0.128414669371913 0.0694573816369856 -0.433338053338792
0.0989142223532474 -0.0795572627336144 0.267589635911594 -0.626654655410384
0.22341433396476 -0.368706854428162 -0.0450769703051668 -0.454514058448965
0.116590641149764 -0.377907033643571 -0.0964923019616092 -0.306565163488284
-0.10190715412636 -0.38408159221492 -0.0479185088680849 -0.0129853607342212
-0.251977812066409 -0.229652030463772 0.0298869120041289 0.100315221799112
-0.286115374447691 -0.029125640370371 0.237845269914681 0.143201566383535
-0.237077847646454 0.0719362574923846 0.363298781203966 0.0144916892776951
-0.228822716140147 0.165560164871766 0.376762682376313 -0.12964213656382
-0.188792501913258 0.20801717879639 0.31713436597253 -0.211994403083706
-0.215418540632835 0.21445082942915 0.318290651812056 -0.20686292527463
-0.245663483540987 0.119889849344203 0.292552571292239 -0.110200906191762
-0.30131343455729 0.0465891502478116 0.198343671641041 0.00103043418759514
-0.33842856585835 -0.14693960183662 0.00894891118314632 -0.0538362971181909
-0.223123134559348 -0.318667092291784 -0.0474431688745674 -0.214338739449719
0.00477874367819665 -0.353732958305297 0.00677267936370184 -0.434187496832547
0.147807801979761 -0.338182589570405 0.193634262073017 -0.600741979849077
0.267126508320067 -0.571697019465195 -0.120285857539446 -0.309318842086456
0.146479086342529 -0.563487212157981 -0.121273328717581 -0.2201350785674
-0.127747360877178 -0.585287692591143 -0.0730372330714096 0.0124492385863124
-0.34564523052338 -0.398105646274413 -0.0196014481709694 0.115278066946227
-0.44101349985927 -0.118710188416751 0.175522601198746 0.164181533708544
-0.394193526629129 0.0519114448127005 0.270338423017132 0.0594774018016499
-0.378094681747123 0.198502424213849 0.286015119793422 -0.0480284423223647
-0.306256018335399 0.27462247775932 0.224111358739799 -0.122433857697946
-0.330287313407717 0.293092350804562 0.217266359506793 -0.131460820162253
-0.365955947317563 0.165539363573572 0.191701280846902 -0.0513955982922864
-0.434447459018 0.0732237452273781 0.120313047604762 0.0336608282234291
-0.489271906660335 -0.183905666914195 -0.0513199843734469 -0.0183254818196947
-0.3647967028365 -0.426885705955291 -0.0946004605603089 -0.179681381167203
-0.059295868545078 -0.524227969521875 -0.0392838921877209 -0.36815942715734
0.156899215599584 -0.548527361010545 0.115322117612232 -0.485240245002099
0.265520035795643 -0.701463900714235 -0.208960189921564 -0.106550634839111
0.13406986353692 -0.686666466732676 -0.156840671238797 -0.0790945182539207
-0.161577993233967 -0.713672457236381 -0.0913318796627987 0.0553976687328469
-0.412632574436799 -0.507365869705204 -0.0648931857869235 0.116870935050275
-0.542735346698266 -0.18194938164755 0.0805026789858393 0.152458652641716
-0.496415265686715 0.0297565309951318 0.125958520879897 0.08985937694206
-0.475079594623499 0.204903922243584 0.145487043633882 0.0381806581803106
-0.375685991292954 0.300917224330903 0.0987261842588137 -0.0138633341042754
-0.395780134027543 0.329429409992033 0.0920326402291241 -0.0299183523616018
-0.432921445657885 0.187194402981164 0.0711465831671776 0.029257741023125
-0.504056895665981 0.0904615179885383 0.0293716533903697 0.0776488715050745
-0.566549032557261 -0.194507931419414 -0.101083186705536 0.0283446003189382
-0.451915280020182 -0.467334819302503 -0.116579272966395 -0.12025381883666
-0.117089274617223 -0.607897296284475 -0.0493992183829482 -0.247900200900435
0.140494803809979 -0.670263970717881 0.0551902421674334 -0.29943116141532
0.215498258690694 -0.728523555823078 -0.290871282228772 0.126540190016744
0.0828203371287737 -0.704409514278659 -0.188246670866232 0.0945572460671366
-0.186533791077874 -0.718319968558719 -0.10280165393436 0.105504757818644
-0.421235285184514 -0.514630531019459 -0.105419811914013 0.107289334014313
-0.551716989717854 -0.201848027324981 -0.0375132990805394 0.118983704678002
-0.512549046370287 0.00982217650713448 -0.0485487511214731 0.108294763490964
-0.494170575280462 0.181697764626287 -0.0229428594375072 0.120220105758086
-0.391845032119134 0.280725526348422 -0.0406719832131311 0.0970133952844129
-0.405731348013844 0.304462946112364 -0.0413986735805219 0.0790828394314408
-0.437768094604317 0.164253134479631 -0.0541341399891658 0.111999586610051
-0.491603744438787 0.0692790373409322 -0.0663454024976391 0.116672842377677
-0.537637975957861 -0.197169617612461 -0.1355303218083 0.0663672443329798
-0.435774761661436 -0.450727171720669 -0.112795835686006 -0.0565271317758366
-0.130579572847944 -0.592711269432391 -0.0257881175621603 -0.10433445361583
0.112964081779795 -0.680303171728921 0.0159795707391342 -0.0766850600213334
0.123585710740516 -0.642289896523485 -0.340971113729489 0.351192155526281
0.00479005515426469 -0.594980599470167 -0.197054215314702 0.266305863416252
-0.186771212909317 -0.578234284521768 -0.102614172751163 0.149368095170376
-0.349848160476835 -0.409466206559365 -0.132452710128158 0.090524619275638
-0.452259647368357 -0.169661740053804 -0.151613669493617 0.0762530520036028
-0.434419571733482 -0.00322702469128547 -0.213813472567176 0.118575824994658
-0.429541987355442 0.134503977463944 -0.185654511268607 0.188284878769157
-0.34837069071981 0.213918740345222 -0.172638257948042 0.191503961445214
-0.362626222064205 0.2269666879391 -0.16664761161779 0.169853975179772
-0.383817143809514 0.097828411678022 -0.172373542324349 0.167226426409796
-0.404056619017147 0.00764317101771729 -0.155475910511126 0.125374770928494
-0.404902672408643 -0.202229049868465 -0.15450366228044 0.0754037548649288
-0.322172311398726 -0.379995373447558 -0.0925941639162458 -0.00846085274197656
-0.0955501874246876 -0.482547615830189 0.0112794226206696 0.0337352647194999
0.0814517365578289 -0.580928609490987 -0.00902919962523726 0.140843909528014
0.0148970928405606 -0.451913419355001 -0.34369074123519 0.528414144030059
-0.0689345685577967 -0.379024753237638 -0.174010299719626 0.402216909741275
-0.14386826859696 -0.336158226191306 -0.085565480446894 0.179474697238099
-0.210429145138941 -0.234102352690966 -0.132876501394477 0.0742902433410399
-0.273042621390812 -0.111139687713336 -0.230930975795591 0.037949114037395
-0.282543131314389 -0.0171148957788971 -0.33526747867997 0.12506911416043
-0.296031004126275 0.066951484115756 -0.31240524495157 0.234960235585046
-0.25123273653394 0.116944600168188 -0.277647556944355 0.256801065029384
-0.266733609026711 0.114759670940452 -0.27198323227529 0.223831251086522
-0.275734415303863 0.0161614589940549 -0.268587078174249 0.176763437949577
-0.259400422205171 -0.0558090009195729 -0.224457082430446 0.0912613193148656
-0.215502592953511 -0.178715797934718 -0.154175806744891 0.0501521458734714
-0.159703596455203 -0.253998887861536 -0.0655441181020516 0.0176205965273463
-0.0472110699751697 -0.304670942630925 0.0397945497096075 0.145179724873978
0.0389452658529439 -0.39572544943183 -0.0267882126831298 0.319990924925038
-0.0820988548969911 -0.187571351491774 -0.301379317240469 0.629627860769912
-0.106358991583198 -0.109310536310989 -0.119968644612845 0.486161264219709
-0.0606984147131111 -0.0657242118330872 -0.0478551741649256 0.193934994077241
-0.0366112078325839 -0.0531968218109402 -0.105049408810754 0.0587421917372272
-0.0615418059194439 -0.055452883938989 -0.264897639822367 0.00942429480150701
-0.0950049539743065 -0.0408017737649192 -0.394524784020845 0.126368473434002
-0.121304180551056 -0.019914124678429 -0.384497407318523 0.255817343790662
-0.116119888805841 0.000737229107734126 -0.339727763152976 0.282680341189281
-0.129322060370882 -0.00424171670904507 -0.343626340740151 0.23289425288836
-0.125485019224187 -0.0487938895524072 -0.331046511044368 0.141291113048409
-0.0850207370027613 -0.0842121150601261 -0.259703771752709 0.0241710663939991
-0.0237740068905681 -0.102275696490892 -0.131762083093842 0.00517307577651081
-0.0127008763219145 -0.0793548989117971 -0.0363531842583325 0.0302296557927268
-0.0233565725628274 -0.089771281566491 0.0499237081237789 0.22241993515612
-0.0220498325318025 -0.161994286206573 -0.0403518786962859 0.43848634693721
0.14994410778199 -0.122436536567622 -0.0145616858954442 -0.522451460116198
0.0744962994405186 -0.157367472092183 -0.0929326278843 -0.332098706916031
-0.0619123535573372 -0.148966035104142 -0.0192246833392226 -0.0304186898648437
-0.13113570838481 -0.0525162765387698 0.0787788663940531 0.0635671077037252
-0.102036837090293 0.0459180344180914 0.266008771462457 0.0775462068356702
-0.0567503958170315 0.0708886275691411 0.389656839761742 -0.0581855989910905
-0.0483500682843294 0.102682414547699 0.390182048726224 -0.205167685358048
-0.0376283238100316 0.110607103479181 0.345189849113407 -0.272939278895483
-0.0546907305749382 0.112473957892467 0.362165335886427 -0.255825339682478
-0.0799692874228457 0.0769339813258761 0.347132606697927 -0.153064034221629
-0.125095669143789 0.0458225013783328 0.251721171494326 -0.0309719939470689
-0.160486494524237 -0.0527958039803903 0.0705775902961311 -0.0684021099437666
-0.0814737475183754 -0.144655769457187 0.00626902803197786 -0.204952949435446
0.0358103696778797 -0.127541859446527 0.0555581612825548 -0.425398193277922
0.0930482564115646 -0.0807275637181737 0.245131030556551 -0.621450413857687
0.20557820724966 -0.368130473279923 -0.0565308810775388 -0.445669434283271
0.105227884298776 -0.372265927469024 -0.102648644072579 -0.298716321907872
-0.110249864838113 -0.371559067246418 -0.0480670068044868 -0.0147298923977172
-0.252490566985999 -0.219821834390301 0.0305318352513571 0.0958776426567307
-0.280286527873288 -0.0221379710781637 0.238788445307111 0.129936945184434
-0.232498050566614 0.0760401447784087 0.357986350922935 0.00139470549685332
-0.219023195244201 0.170097216923897 0.363985272036803 -0.139282601373903
-0.176812617810963 0.210557346629301 0.303180247287489 -0.215303812116402
-0.203009936268592 0.217340735875752 0.304311889913987 -0.213111442110043
-0.23959098324564 0.124317013372282 0.282938712288852 -0.119047095413131
-0.29341610478959 0.0557073947796782 0.195887046845771 -0.00835036098531084
-0.338256600815142 -0.133012265779408 0.00784506310543684 -0.0511834523158941
-0.230322778880578 -0.307259034800127 -0.0528475130499011 -0.208717000171523
-0.00498522217599676 -0.34871659937638 -0.00600155479279742 -0.425128596182258
0.133057811293064 -0.337884587773775 0.173167465788832 -0.59532074195267
0.241498087623627 -0.570377938222392 -0.12577950079736 -0.300832837403623
0.127567402323689 -0.555483510228278 -0.123531247545168 -0.212941183504939
-0.142088433933568 -0.56734943288578 -0.0712318053981384 0.0109966581635487
-0.349843455097902 -0.382798627354084 -0.018764193054696 0.111270976226155
-0.435676355406932 -0.103293028732869 0.178512139212483 0.151384939766412
-0.388447687543832 0.0627188066634619 0.268456943941683 0.0491676471109508
-0.365324806757465 0.208097886699861 0.277327374527824 -0.0582748113940078
-0.289353325564862 0.280641892579869 0.214754469202254 -0.125944311968834
-0.313057209940406 0.299632713522472 0.206847773035684 -0.135587136292921
-0.357606362809412 0.173728157345598 0.185688814652085 -0.0581449152693353
-0.423324028817555 0.0850779256486239 0.119721386395745 0.0267908646629988
-0.487684840073139 -0.165902877781772 -0.0503453361345581 -0.0148849563698843
-0.373129563504908 -0.408424601098798 -0.0994902668561196 -0.174636708992608
-0.0727139172943351 -0.514153419623323 -0.0496441565693361 -0.359364318874789
0.136172058590572 -0.545194196836008 0.100576792668975 -0.478969863231624
0.236165154888289 -0.697190080700345 -0.206353193144261 -0.0998741892948268
0.112810559373414 -0.677124770211771 -0.153488305722908 -0.0738820188605417
-0.179070307426263 -0.69323396684829 -0.0879407844257486 0.0536558293169303
-0.420252521302046 -0.488245037362233 -0.0632778660770068 0.114806127902094
-0.537407458265617 -0.162724642468408 0.0847822303716889 0.143300739568328
-0.491145110530313 0.0438749614532795 0.126919142919428 0.0841448664349371
-0.459880785914341 0.218024429918858 0.142124592775169 0.030005818639255
-0.35855934511824 0.308913982908836 0.0957191577675059 -0.016746806978181
-0.377034963391163 0.33766072190529 0.0870624435199907 -0.031759574448832
-0.423853779248542 0.197066283835163 0.0703641005050301 0.0253516866613485
-0.490448649334171 0.102714546976703 0.0305331070782248 0.073173201437665
-0.564830576667281 -0.172116307024501 -0.0972190373610996 0.0318657182303454
-0.459726147357478 -0.447475916356841 -0.120168680262447 -0.115740788357714
-0.131359674432844 -0.594809164388152 -0.0566751246963584 -0.242281572274476
0.116774992571959 -0.666136709291596 0.0449938367738879 -0.294338219540358
0.186678838842326 -0.723298297191229 -0.280223696453799 0.130932170278117
0.0621068959912671 -0.693717929887406 -0.178903743521947 0.0974485385861847
-0.206487395283686 -0.69803221862843 -0.0969294584981444 0.104315765353615
-0.430072708343387 -0.496155105781176 -0.102746334146886 0.107100448875393
-0.548441149181468 -0.18079329257998 -0.0326598281144993 0.114186701253381
-0.507165382266649 0.0260638901022995 -0.0431001892213256 0.108194768199774
-0.48081484165836 0.198501933875758 -0.0192696954935123 0.115086330774983
-0.37464339878816 0.289730151392872 -0.0376975020042579 0.0951976626198588
-0.387171918085631 0.31399254560265 -0.0395197634515723 0.0791867323910393
-0.428713780371401 0.174940485008946 -0.0500485675318732 0.110977932345814
-0.479955138419182 0.0813008961985045 -0.0620213933601804 0.115116218504609
-0.53625753663708 -0.179096991550518 -0.130097206935395 0.0696382064740182
-0.443955425936881 -0.430651774042066 -0.115022869114898 -0.053583096537211
-0.143702806221455 -0.579442595054313 -0.0294391079201894 -0.101787353931187
0.089350870008113 -0.674488027159199 0.0134391229763961 -0.0735760713459098
0.0996539092794877 -0.637230434977269 -0.32359897547954 0.352964311466421
-0.0119249757135565 -0.585810872982225 -0.183144392804273 0.266222649823728
-0.201091821597145 -0.562262098655979 -0.0960313424373914 0.148092833602745
-0.3570244677551 -0.394860529857383 -0.12888909092008 0.0921541767122447
-0.449475673471229 -0.15319457994003 -0.146149309041203 0.0769306159474544
-0.430311229110766 0.011700045726886 -0.205860177333607 0.12462308689359
-0.418968782395173 0.149249858770454 -0.176713525416655 0.186459724090352
-0.334097974637221 0.224378007518881 -0.1650416806031 0.190906276869506
-0.347788084411565 0.236212098624161 -0.15962844281198 0.172636731310131
-0.378906757593887 0.108495122009506 -0.1633258249987 0.170156544818523
-0.396554885985591 0.0191208980173799 -0.14883848895069 0.127366422161601
-0.406881998053381 -0.187766328515481 -0.147693943047283 0.0782701741682021
-0.331192636451406 -0.364716673872425 -0.0936519579107862 -0.00727407026259023
-0.107244771138595 -0.473538840273573 0.0109458808730339 0.0320815679298106
0.0621054679781291 -0.577252461449472 -0.00483641495221047 0.141278401762788
-0.000475389382757617 -0.446974979283587 -0.323295161115664 0.526626126639435
-0.0771117471935171 -0.372705267883697 -0.156939450071432 0.398863914848004
-0.151774468274881 -0.326950370931077 -0.0786470497300638 0.178424872639477
-0.214978548832032 -0.226536234184612 -0.129815726114174 0.0765782313983758
-0.271907808097099 -0.100789419879589 -0.226059473941846 0.0426728720359979
-0.2802115638629 -0.00672904181929501 -0.325055600163827 0.13457228679482
-0.290397755889482 0.0782159934518461 -0.298738536874746 0.237084983093403
-0.243088930402324 0.125304042951702 -0.265251135798239 0.257721385252554
-0.258281055365229 0.123598645482793 -0.259596324056097 0.228091470457375
-0.273708042561587 0.0250640547334514 -0.257789266546908 0.182737520614672
-0.257278859923542 -0.0475565422742488 -0.216924616655057 0.0971232345402609
-0.218869276670372 -0.169476215860164 -0.148118928466625 0.0530303507633568
-0.166112920063402 -0.244646630331577 -0.0663326476051514 0.0180058337871224
-0.0553261970964076 -0.299290322012837 0.042077443384479 0.140316232726335
0.0259340779841918 -0.392799265146366 -0.0176835793216395 0.317370873344818
-0.0856757566286027 -0.183972830995344 -0.277236593829646 0.623346213858868
-0.106253965792196 -0.105217975423612 -0.1017442182921 0.477369550766508
-0.0621036135189464 -0.0640133276052096 -0.0406165791561075 0.192272014934258
-0.0379430716459237 -0.0526242869727599 -0.102089379897929 0.0604595098890262
-0.0618777290121882 -0.052268088110741 -0.261540351437989 0.0175021186654218
-0.0955103062168627 -0.0358963266783058 -0.382934443822591 0.137233320235126
-0.120927405206007 -0.0136343355168857 -0.368407103341648 0.259908797750527
-0.11502238847044 0.00684004389000316 -0.325311171976257 0.285383974736408
-0.127838117450645 0.00184577392514038 -0.3292597948368 0.238278148375487
-0.127270978723597 -0.0425407412237437 -0.318997663234167 0.149966423311184
-0.0880730884312422 -0.0796741482783382 -0.253854123119719 0.032790970422227
-0.0288542970415096 -0.100170923015476 -0.127754704381057 0.00766464849430583
-0.0164931958088314 -0.0783176073153128 -0.0364673072934433 0.0304458156616204
-0.0259195284741152 -0.0889522603370885 0.05437609675003 0.215898096171894
-0.0260845303676683 -0.161076957638289 -0.0269094284659607 0.434615273688548
0.145355370300233 -0.124482404634329 -0.0277542754424936 -0.522751833310377
0.0711316410187096 -0.15792500828395 -0.1030472384652 -0.328839015423591
-0.0640677757734642 -0.146822442302454 -0.0212136622484475 -0.0322252293514711
-0.131474720846379 -0.049632862983791 0.0796606556596418 0.0594806318043706
-0.100806814150525 0.0472889517777232 0.268738058059722 0.067080277542876
-0.0553237542368716 0.0708730616347199 0.387760855123635 -0.0716900328264044
-0.0445524824975519 0.103724294032818 0.382161629703892 -0.2150576839635
-0.0329537871003048 0.110956757260899 0.335752105514668 -0.280077901294765
-0.0501707447722081 0.113333389914229 0.353196130523843 -0.266186691469869
-0.0776666078427617 0.0788363199491974 0.340920739009765 -0.166029994134546
-0.122309895311837 0.049811361331379 0.252063859113144 -0.0402112772250868
-0.162086376764044 -0.0469392685655016 0.0688281829534041 -0.0684848563068445
-0.086210789095993 -0.141599436450191 0.00148891861928436 -0.2035925507486
0.0320864774833009 -0.127403298507968 0.0453652780545479 -0.426184916123556
0.0885993926098433 -0.0828646374412126 0.228257366636736 -0.625881865524455
0.191486217402197 -0.37219966674154 -0.0675271138151623 -0.443820233378367
0.0950158379688806 -0.373082246868188 -0.110097701845004 -0.295925488251862
-0.119103511356343 -0.365286450969747 -0.0481944416249882 -0.0164233135365301
-0.257238076125394 -0.214284637284621 0.0302305448568537 0.0930592485588821
-0.280683959702989 -0.0157272236319336 0.242755910959047 0.119339203424251
-0.232570238364977 0.0814899998639888 0.358237006200432 -0.0105679356394966
-0.214058889089705 0.17649924408454 0.357516966459466 -0.149914918837009
-0.168979741580955 0.216254913345004 0.295560487386366 -0.222128728471115
-0.194039731314865 0.224042799146701 0.295792705555653 -0.221766751241674
-0.236939894226563 0.131262127504492 0.277792021339184 -0.129482178200453
-0.291089252404446 0.0639198504054384 0.195775888751144 -0.0163323191062198
-0.34139570945391 -0.121914925087758 0.0067593352101573 -0.0500692546819307
-0.240178489829292 -0.299324896367387 -0.0593549370730657 -0.206893003144537
-0.01465956425841 -0.350078516800435 -0.0176196231800009 -0.42305535056379
0.121442536475929 -0.342534640274215 0.157002065212756 -0.597012544395463
0.221615564615002 -0.575508445695711 -0.132603140591616 -0.297757311808503
0.112313495515307 -0.556577012975981 -0.126852938523945 -0.209772906668751
-0.156801973973489 -0.559742604646222 -0.0713434607200923 0.00934082771219932
-0.359394064740231 -0.373545972352189 -0.0184044865859673 0.110157425670832
-0.437003351500278 -0.0921711295386667 0.182911473799855 0.142008838863251
-0.389404156651418 0.0728602200197373 0.269953616916725 0.0400862666954265
-0.360273804883835 0.219280994304123 0.273088973458253 -0.0672027516787437
-0.2792756175217 0.289990003635724 0.210342532970499 -0.130254019685291
-0.301694225189916 0.309043557284462 0.200660474463995 -0.141758326065096
-0.355852975970669 0.183915396518831 0.182885523719454 -0.0650074688535516
-0.420812820951138 0.0961446204099013 0.11986862875276 0.0209451725320115
-0.49429160156188 -0.151783688018317 -0.0505612224132421 -0.0126167796633767
-0.386807070547413 -0.397227901628666 -0.106148544856887 -0.172793924030735
-0.0864964447680661 -0.515023701489733 -0.0606535592237545 -0.355726232298888
0.117939614878389 -0.551914557324696 0.0874205797778693 -0.480113843864467
0.210482015758875 -0.704567907369514 -0.207248869661159 -0.0941841829023622
0.0952690138072513 -0.679152248155034 -0.152538897896709 -0.0705613351822658
-0.199928040851563 -0.684428300911681 -0.0858444322748658 0.0529221080919693
-0.432999543568517 -0.479528377412993 -0.0631310751744731 0.115203627655626
-0.541657671472386 -0.148486498089676 0.0888853533681761 0.136739711288985
-0.492404047892731 0.0588123179511378 0.130427020417062 0.0801325737210194
-0.454938918334769 0.233317041460768 0.141326395839452 0.0236614191372875
-0.346623835254131 0.321307916257679 0.0937569696169859 -0.0194902520061543
-0.36401874484612 0.349108996287613 0.0843411383636309 -0.0332171154662074
-0.421852827665313 0.210290455236223 0.0703319134952428 0.0227222579448518
-0.487495501086692 0.116037436930356 0.0324757226167579 0.0707204086549286
-0.57213184006509 -0.156833718380328 -0.0955551828687796 0.0355446773534326
-0.473113891010624 -0.433758047299984 -0.126129655095013 -0.113555116061787
-0.147409088151806 -0.594861764575368 -0.0649955233141637 -0.239770617941461
0.0954085340136637 -0.672736818675824 0.0377213183796569 -0.293748474731774
0.16139476627362 -0.729008530314775 -0.274414688395405 0.137879293518544
0.0447701415582474 -0.696473993556847 -0.17342555268217 0.100726799275193
-0.226290556871976 -0.689939670436957 -0.0934545587077892 0.104282907951366
-0.445196715270524 -0.48760855007093 -0.102746033313368 0.109546386794281
-0.552069690665542 -0.164295551795204 -0.0294009509135859 0.11136721542209
-0.510462273046279 0.0425396800799919 -0.0394219093440316 0.110752431071612
-0.475046724752699 0.214888203712509 -0.0174294808053109 0.11259700244894
-0.364550537344119 0.303516557064581 -0.0359053934694417 0.0950611571852572
-0.375683328585715 0.326238195750464 -0.0386596266945514 0.0813618141188569
-0.427821656867005 0.189100612737039 -0.0473196390288766 0.112393996008946
-0.478145965569035 0.0937051148379291 -0.0593343366968238 0.116210083251702
-0.543605892018368 -0.163346387432588 -0.127012364463399 0.0734154493275026
-0.458584980278725 -0.416595708083105 -0.119393352140815 -0.0518554422838149
-0.159198193732364 -0.578491806808111 -0.0342157341585541 -0.100283991898637
0.0683419007900338 -0.681245008140892 0.0116538186729316 -0.071966581881301
0.0783260762042059 -0.641206723653725 -0.311891651906431 0.360470508054162
-0.0263504715333071 -0.587985389812562 -0.173407450476887 0.269410578275949
-0.217689183429687 -0.556912015948241 -0.0909433983672188 0.149213045616725
-0.368778181126812 -0.388077551773863 -0.127798054138892 0.0955083363203866
-0.454169155147272 -0.139789704197158 -0.14426737771424 0.078537409003819
-0.433652520546714 0.0257308415950939 -0.201300194864003 0.132108755122746
-0.414755134829425 0.1655465297143 -0.17142983243309 0.18764461626719
-0.325442785435699 0.236573446363892 -0.160125326035371 0.193655028324641
-0.338821640840916 0.248699546917693 -0.154646534516636 0.176726382921411
-0.378613152627287 0.121523015648358 -0.157919276939484 0.17471617081574
-0.39572848014543 0.0292065427461345 -0.145316738267851 0.131411479245746
-0.413709812289079 -0.175478854105979 -0.144127229690456 0.0820702985790183
-0.343360230972844 -0.35452090890622 -0.0964691035014386 -0.00577706447062719
-0.11980864291565 -0.473755592340699 0.0096164773668845 0.0316061675188391
0.0436777081600763 -0.582578640049267 -0.000720266145964749 0.143868043252906
-0.0135654096945891 -0.448990844755915 -0.307351338462474 0.533909982617001
-0.0858700714749876 -0.372020681210587 -0.143637004161605 0.401039945233773
-0.161846282843046 -0.323252083370544 -0.072646432997967 0.180287024645089
-0.222606568700873 -0.223018126518189 -0.127691568706563 0.0803626176453145
-0.273735594646935 -0.0925715710681942 -0.225773384204797 0.0485942213448965
-0.282378730440844 0.00328590977452237 -0.319934968515828 0.145633962432311
-0.288981117943052 0.089950138297305 -0.292213916345752 0.242892734607855
-0.23855789886793 0.134811510060365 -0.257933860509909 0.262563776313112
-0.254449319365025 0.132985984527276 -0.252595113108543 0.235150329587156
-0.276667081330959 0.035884143799712 -0.250624651944558 0.190298114186581
-0.258769822191463 -0.0406095494043205 -0.213469799229754 0.103573730974323
-0.226406721114044 -0.163637619244804 -0.145150699552917 0.0563357044291129
-0.17494908788021 -0.240247319923337 -0.0681244172830909 0.0193014735308496
-0.0631505300739745 -0.300707305446896 0.0437856795701758 0.138182481002706
0.0136967425055394 -0.397534312603541 -0.00813248666765131 0.321061351949479
-0.0904832720830806 -0.183974551356625 -0.259790037075868 0.627312908117729
-0.108554318732156 -0.103270330950332 -0.0856491363177449 0.47966442733686
-0.0644075657820929 -0.0632694627221032 -0.0342815259954905 0.194113897291206
-0.0398881108323679 -0.0520000013980391 -0.0994707000460067 0.0633479997177752
-0.0627325566746319 -0.0508257352880413 -0.261690246618383 0.0260439533444134
-0.0975399167910292 -0.0319238269856336 -0.378889048587011 0.150333771534493
-0.121826405965395 -0.00733356226627944 -0.36093371165034 0.26749820530995
-0.115101002260409 0.0126211593231755 -0.316847924848988 0.290987491382914
-0.128620017739501 0.00821892166506256 -0.321537286687267 0.247428519336794
-0.130737317264432 -0.0369694404391551 -0.312803332272063 0.160040614263741
-0.0915201310874399 -0.0768286174658358 -0.251803719901529 0.0407224263305225
-0.0340217460669828 -0.09959522456547 -0.126205030363935 0.00988230114876795
-0.0202761493606373 -0.078495871312291 -0.0372184647198604 0.0316305051892001
-0.0285847202000077 -0.0899722551139593 0.0592131757399246 0.213003171495886
-0.0307902584135921 -0.163552636854182 -0.0144987654522831 0.439819147491551
0.139825263297521 -0.130320672044437 -0.0519966564951238 -0.526121495278952
0.0658118612300582 -0.160719320332698 -0.118801161896283 -0.326568798564584
-0.0692509815816942 -0.14415284427979 -0.0240497146223988 -0.033716575535555
-0.133605124472149 -0.045181144999001 0.0800130652680493 0.054728360054634
-0.0994502471548884 0.0507326996996368 0.273601760416073 0.0530496948953615
-0.0538641239886397 0.0714321732646017 0.38787561732123 -0.0920722301725326
-0.0401486273613637 0.105791594011063 0.374364800219442 -0.232422528774634
-0.0270308724847467 0.112013968537499 0.325352846295683 -0.293337673208064
-0.0432971268657322 0.115772601229953 0.341707650520762 -0.284131347180919
-0.0744389508856004 0.0826261077089086 0.33496674040374 -0.183457009071924
-0.120420703111106 0.0556229289161794 0.252378138119616 -0.0537469329157961
-0.164594842759299 -0.038837393614657 0.0660366587385643 -0.0707443500188017
-0.09365683376232 -0.137798092550929 -0.00648867677364059 -0.203741969443808
0.0265908233985675 -0.130016316284094 0.0260555399405506 -0.427969649722893
0.0839883557969761 -0.0862567706657583 0.202843700371324 -0.640156563281666
0.173460928940019 -0.381867133895378 -0.0867618723236902 -0.44553146875336
0.0805540047368438 -0.378819689281315 -0.123084018172544 -0.293318606427676
-0.134317803839907 -0.36052510333068 -0.0504199588726705 -0.0175977237426666
-0.267225646705447 -0.206064140139626 0.0314175763234701 0.0910487125868931
-0.282427492687702 -0.00485004996538057 0.248963781681406 0.105763097333075
-0.233331126213945 0.0914345232423194 0.360641749940514 -0.0290436957185065
-0.207758039353181 0.188031971253931 0.352822033740704 -0.166981033701044
-0.158209480588582 0.224717895685418 0.287273411787575 -0.233788992646607
-0.182963206867763 0.234180327269602 0.285457675789164 -0.236709313036087
-0.235223742117473 0.143290338007937 0.273090358354186 -0.144222223073271
-0.289706813942845 0.0765810795012253 0.196234878613622 -0.0267104186153248
-0.350782754066791 -0.107860126018804 0.00432027499440005 -0.049682663029689
-0.256727915484929 -0.290473644753476 -0.0688038508137965 -0.205024898119285
-0.0294829144300888 -0.353562848938346 -0.0359795009244211 -0.421772880025615
0.104401036109891 -0.351353855249114 0.132652511190367 -0.608736622613895
0.194104653810974 -0.58928741166631 -0.144785084741127 -0.294173810652966
0.0910782484649002 -0.565538781467852 -0.135303111309523 -0.206767534338483
-0.182379303471333 -0.552204568792681 -0.071004652587699 0.00897323928793572
-0.37793083648616 -0.364411972627529 -0.0177898241830316 0.11171705139132
-0.443708452115315 -0.074574103825879 0.189240933469258 0.131471436632362
-0.39185758079697 0.0905284784133559 0.274575458782823 0.0279192058902281
-0.353223525110893 0.239565515256168 0.271235225620601 -0.0805360508081567
-0.265818280640689 0.304729155622154 0.204838160700778 -0.138482653959881
-0.28788139601437 0.325442479661701 0.19404530005062 -0.1508759359092
-0.35340405772856 0.202510372743974 0.17972636309812 -0.0746714632565453
-0.418117076474884 0.11520411282133 0.121784989816559 0.0144162402791315
-0.505980378455358 -0.130418944780305 -0.0511093967335717 -0.00988251159847723
-0.410022517660135 -0.383700156535227 -0.116226726785782 -0.16873023566896
-0.109972148548684 -0.518295190655927 -0.0764889132870584 -0.354015805247145
0.0909155441301975 -0.562864283755838 0.0679689076638471 -0.487323953800996
0.178282496958454 -0.717900692024703 -0.211455839413239 -0.0863369816507664
0.0682776619968385 -0.689614762007785 -0.154754540056853 -0.065611585066799
-0.2298611522402 -0.678560739415064 -0.0844636669453642 0.0541469472950369
-0.457533440286711 -0.467703982650008 -0.0626553255593763 0.118298379504988
-0.552688295662543 -0.125172614612106 0.0948856617748479 0.129463654509057
-0.496083644783942 0.0818184352081944 0.135781163526916 0.0747545871898053
-0.447910732040071 0.259091674248436 0.141604734807242 0.0161485429667173
-0.332888955349646 0.339142392999885 0.0923607097533214 -0.0220989687315302
-0.348325340568894 0.369029137233107 0.0815902997378456 -0.0366229203685215
-0.419477729324355 0.232415772361762 0.0705667155632235 0.0194357597446627
-0.484948297008823 0.138187396315077 0.0351276792991774 0.0683604706054998
-0.58690449814198 -0.133379337160088 -0.0945912778414118 0.0400898171262918
-0.499596345401434 -0.415702050950708 -0.134534846215495 -0.109270560837028
-0.174889177019093 -0.59662190449969 -0.0762018250127357 -0.236313379022951
0.0627459127782504 -0.684482303977479 0.02573632204848 -0.296309965672894
0.126306390726568 -0.743198690004001 -0.268877404909167 0.150155372035718
0.0179415557274666 -0.705177576362807 -0.167911414500481 0.106968347351628
-0.25817410902781 -0.684712079757155 -0.0894459650145033 0.106573941210181
-0.470841525811434 -0.477242010920577 -0.101440802419178 0.114801146147008
-0.563184971522017 -0.142883633421789 -0.025967924322727 0.110730167326111
-0.51588917311563 0.0665219365127362 -0.0343028803897052 0.113925344944046
-0.468753784264962 0.24069347513412 -0.0143492878584641 0.11170040160157
-0.350708676045003 0.323490688756168 -0.0329697306696352 0.0979079744880843
-0.360399656448797 0.347909324977976 -0.0359736510334329 0.0840251355282452
-0.427116324590659 0.211027958025738 -0.0430408250336765 0.115784742510814
-0.477177983867745 0.113474054305294 -0.0553084062317392 0.118696526714333
-0.557741951816124 -0.141765652906535 -0.123958233262146 0.0790493935208541
-0.482263630871858 -0.399690256308787 -0.125506052201691 -0.0472753939373802
-0.186607893036769 -0.579147651640331 -0.0399906617784007 -0.0982464713313981
0.0348000640198607 -0.69394629012374 0.0094579160684215 -0.0715306426338372
0.0496470621966856 -0.65181674672054 -0.297664102729585 0.374680675744578
-0.0507139831024463 -0.592798564861499 -0.160853501155649 0.276839285562861
-0.243712678665663 -0.549728071259058 -0.08419476826628 0.152492891948633
-0.390613399172203 -0.38062824744588 -0.126763186173527 0.102540708998511
-0.4632002585959 -0.121813720425126 -0.143370419380947 0.0841660977211022
-0.437664757586561 0.047013939697783 -0.196844918655296 0.143545492325087
-0.411433203389878 0.189746623938076 -0.166236003926349 0.195127023778158
-0.315542783195701 0.255613735884297 -0.153921969627968 0.201621106106462
-0.32851429042301 0.267557645841611 -0.147758295510446 0.185349473479291
-0.38089689823685 0.140782618802293 -0.150779161819448 0.183587807508307
-0.397922541265221 0.0463127009728334 -0.140669303554178 0.138258807980407
-0.427997323098785 -0.158744452183159 -0.141109644787948 0.0877428017637745
-0.363485800620036 -0.342089683858768 -0.100695170107319 -0.00181711823681562
-0.141998982089285 -0.475622739376725 0.00947323411609076 0.0325480130647886
0.0150803747625313 -0.59269989918747 0.006100616203433 0.147214633454824
-0.0350143560845566 -0.452826453377253 -0.285456186614272 0.548118959650453
-0.100891232695772 -0.37294481749402 -0.125602161994081 0.408491189097346
-0.178182821383214 -0.320147745705738 -0.0642211681993301 0.183970712210297
-0.234964338427876 -0.218114236788154 -0.125075365678525 0.0868532508916378
-0.279630025990501 -0.0819267504691784 -0.226704389564755 0.0591929655209717
-0.286612634076154 0.0175177480451216 -0.316193124801284 0.163719649150426
-0.28745597068782 0.107006346577577 -0.284926734660899 0.255061222971382
-0.233335647263487 0.148950335273089 -0.250131618838104 0.274357692465469
-0.249357857295078 0.148156101383232 -0.243370217990856 0.248052427482065
-0.280340196597526 0.0504255036733734 -0.242802361664293 0.203628033234045
-0.26400195311219 -0.0297239926640402 -0.210241138793608 0.114019244513029
-0.237862757525837 -0.155166574946366 -0.142662420763368 0.0617111821502013
-0.189241931284207 -0.234004448147872 -0.0702851266940332 0.0221651091737749
-0.0771196517706244 -0.30219955237926 0.0485383169452848 0.138210215308418
-0.00570049191500767 -0.404417404723922 0.00635461398419977 0.326813283179357
-0.0995048706443324 -0.183314802954338 -0.23609663336651 0.641268080866551
-0.112160594128303 -0.100808849003152 -0.0642894479373303 0.484606729995343
-0.0680419877874964 -0.0618563166762081 -0.0250332274070231 0.197027647906337
-0.0429699574020638 -0.0525978065250814 -0.0966052870461274 0.0682374362141086
-0.0645501582908083 -0.0483658116126249 -0.26346162898695 0.0386823455163172
-0.0996662101827336 -0.026302200852133 -0.374750268435829 0.171158810957189
-0.123625706201247 0.000189374709036058 -0.351739392637259 0.28369414633297
-0.115611899660713 0.0196525582614537 -0.307227461067414 0.304680615484217
-0.13009901290146 0.0164891946366695 -0.311507436501795 0.263352034568639
-0.135629799351532 -0.0296856380735953 -0.306205549781357 0.17519842325578
-0.0973869865203646 -0.0732451486334771 -0.250508932375155 0.0529016340108086
-0.0415688956281314 -0.0984597812077502 -0.125731465503571 0.01470295415162
-0.0260462403596857 -0.0783635007203966 -0.0377898624738975 0.0337065364093783
-0.0326960628711669 -0.0914455539024774 0.0676730193744766 0.211918869386789
-0.0390929023594306 -0.166848321593028 0.00386080081990141 0.446456974652804
0.130128176998741 -0.135919380560203 -0.0812366704890435 -0.523419808527695
0.0562777267490869 -0.163481676782224 -0.137508165673436 -0.317735809421561
-0.0761460721939792 -0.139613887108311 -0.0272142264016832 -0.0337648223126379
-0.134668597224044 -0.0370570558418485 0.0801757096080965 0.048984891855884
-0.0962206465636091 0.0553845173968788 0.274962522821261 0.0344454181495944
-0.0509991841488124 0.0726804061419307 0.380514272091207 -0.117665750709846
-0.0330413802248096 0.108120751708105 0.360487994136583 -0.253175028854356
-0.0196385020394189 0.11206036653889 0.308537188003766 -0.307860914145034
-0.0353473503923346 0.116783231393675 0.321341404615576 -0.303217317255505
-0.0690691294935622 0.0869828594806697 0.321670941471653 -0.205235734386126
-0.116123649678151 0.0622066367482859 0.248350108732938 -0.0698747697870511
-0.165444062190756 -0.0284701231096533 0.0615936637720357 -0.072716515208545
-0.10214936024167 -0.131346531302447 -0.0176487786367955 -0.201365768407698
0.0188886385142554 -0.130588700237784 0.00343717686513841 -0.426026200241171
0.0770887326607308 -0.0891105184050532 0.163775989506701 -0.650535169813121
0.147346989734751 -0.389633767207305 -0.110159254464424 -0.439012122397098
0.059042159903678 -0.381640829748983 -0.139004553577222 -0.284928247620585
-0.15302320943491 -0.349513818524095 -0.0524746352683649 -0.0169886027934723
-0.277712748038297 -0.191441665279977 0.0330264475527111 0.0891560049341571
-0.28204815753914 0.0104400240933172 0.253660581854516 0.088235099031568
-0.229975307036835 0.103847226825381 0.358641127367556 -0.0523171967392258
-0.19527601176062 0.201856292048365 0.340651899067976 -0.187702476993279
-0.143087362338543 0.232822982876422 0.272593342785557 -0.246446214824594
-0.166883518291911 0.243719809232991 0.268731422513833 -0.252777452612605
-0.227687323909041 0.157893453728473 0.261893901528581 -0.160592147539735
-0.284427178564453 0.0924544881053422 0.194456737328529 -0.0399250521259071
-0.357092269743821 -0.0864180849884444 0.001175260994136 -0.0488568780085795
-0.274685360716204 -0.273749562739956 -0.0806053034697181 -0.200020179042053
-0.0506669768683588 -0.352193867487799 -0.0595194293822049 -0.416918380519927
0.0812577556143824 -0.35746144636561 0.0950978501931622 -0.614777480685327
0.154494308981071 -0.59862640960766 -0.159975691046055 -0.284879302791536
0.058278415193732 -0.568494548933661 -0.145252686406578 -0.198525347354319
-0.212929363147337 -0.538840488743056 -0.0714122217619368 0.010894031163114
-0.397007381163034 -0.343599253810402 -0.015085981541963 0.112291052541974
-0.446585897187098 -0.0492871477128398 0.19467694051661 0.116358946909535
-0.388791853252822 0.113744294750422 0.275954417884881 0.0102192374648471
-0.337384171668877 0.262045274002402 0.263459858966046 -0.0972339095040106
-0.245899212629627 0.319296338411876 0.195495754666902 -0.147290177006578
-0.263811777653429 0.342076522762032 0.182004100294253 -0.160560601260798
-0.342905567488957 0.225023514273147 0.172842690518962 -0.0848908583506862
-0.41097300479384 0.138107558103074 0.121399577100684 0.00575852268475127
-0.515516272982868 -0.0993632725211605 -0.0516311255696779 -0.00598435225165667
-0.432814591379772 -0.358935873646477 -0.12787099109893 -0.16133484211512
-0.140926618214631 -0.512807219776035 -0.0960356394979334 -0.346400935543819
0.0556050192601481 -0.569753115183567 0.0382928994688531 -0.489839235228518
0.129624444268548 -0.727950623085718 -0.213362438460067 -0.0734839244815072
0.0293825965591761 -0.691885075453223 -0.155711294784314 -0.0582135898325638
-0.267532811701037 -0.6610587542177 -0.0812394357141815 0.0560006612318951
-0.484600554952935 -0.444810059314551 -0.0585909460803058 0.123295630071736
-0.557924313051263 -0.0936701888954067 0.100233982542539 0.120542787380206
-0.49309195110777 0.112954348171157 0.140498207949567 0.0667828947932483
-0.432089333044883 0.289320763721638 0.140344070415724 0.00605872099588115
-0.309676352481945 0.359192673067151 0.0902877151860927 -0.025493303426715
-0.320561148622463 0.389881877406768 0.0780229207538994 -0.0408202623523435
-0.407925410822903 0.259502596467246 0.0702786042753715 0.0159942107082737
-0.476319131356848 0.163515708527063 0.0381781846074367 0.0656243655548635
-0.595731154677858 -0.0962618116063117 -0.091853151876984 0.0454910795395699
-0.52531708890637 -0.385934692085387 -0.143706355556415 -0.100983689160968
-0.209664999813681 -0.589128627236899 -0.0901096087183483 -0.228241169878239
0.0171997796460673 -0.690447892191726 0.00814320496291368 -0.295808385952343
0.0793569131158195 -0.749198462777622 -0.258067088656364 0.164266008153697
-0.0203791622718085 -0.70616804333626 -0.159094363810583 0.114740012080873
-0.296102146793667 -0.665593105368813 -0.0830625909288665 0.109196060510395
-0.499562580731587 -0.454052481650161 -0.0968611701211225 0.122063631039609
-0.57021824153302 -0.110171946003772 -0.0211442286960163 0.109637801529388
-0.513741822273623 0.0995855135997885 -0.025725090193625 0.117348824985211
-0.453236037027835 0.274651445853744 -0.00943885801842255 0.110523550766672
-0.328719860324938 0.344373637287866 -0.0281542921111651 0.100425438797293
-0.335701622272866 0.369798721407104 -0.0317183698549368 0.0866363675554497
-0.417625399207888 0.240056169386648 -0.0356698359836104 0.119189241748702
-0.469592929235345 0.140762365670398 -0.0486888614378926 0.121498640576779
-0.567209429445965 -0.106838712762144 -0.11882646227363 0.0855468151724061
-0.507100017034861 -0.369353478915791 -0.131465443161584 -0.0394007026445703
-0.220919202389476 -0.5713242784218 -0.0460775469150421 -0.0935908571618747
-0.0118347411879171 -0.69768626578463 0.00553760399943456 -0.0701938452675882
0.00714514031788648 -0.654199957099236 -0.274450514459496 0.38989879585215
-0.0823717152442821 -0.589771327594942 -0.142942186698843 0.283290781545916
-0.274865552624943 -0.535473994363271 -0.0751175863087178 0.1549846161046
-0.415304657706009 -0.361321260078611 -0.120998477830371 0.111022592950027
-0.469553243459772 -0.0961800703842398 -0.139507325198609 0.0914798901073257
-0.436494247740924 0.0756285380032085 -0.186301414688009 0.157243860492455
-0.399164847788674 0.218493516173226 -0.156624816480154 0.203108049659178
-0.29771735112906 0.275061598599485 -0.142803929350539 0.209835503335435
-0.307917035139283 0.287743411468197 -0.13656318558807 0.193479134665234
-0.374286775609066 0.166828001172684 -0.138839618247573 0.193141379179856
-0.394486147223653 0.0677469824795577 -0.13261171667803 0.14620359430597
-0.438421551708885 -0.132587487491155 -0.135075340327447 0.0949243476106932
-0.384328678686008 -0.319376390001839 -0.104052224349222 0.00480211979271491
-0.170155211581376 -0.469682630760033 0.0101567379756118 0.0330060366009597
-0.0255133627506441 -0.594721881614048 0.0157289023312426 0.149057093301915
-0.0631450724174697 -0.451660773941664 -0.253748708008011 0.561336294366858
-0.119869530638113 -0.367872326797549 -0.100939113194913 0.412380350135335
-0.196616732109085 -0.309733312931115 -0.0524240677467193 0.186538495398971
-0.249959157674729 -0.207901155209032 -0.119255781809381 0.0947343986406
-0.28369024123948 -0.0670885966454882 -0.224031269898407 0.072602283419749
-0.28516922520893 0.036562349879312 -0.305195398457668 0.185119159378754
-0.280561193460409 0.127687867967052 -0.270212460659348 0.269905460065137
-0.22255335749237 0.164506534163261 -0.234925666982548 0.286035039433633
-0.238445390861321 0.164734992575937 -0.227333949959544 0.261675194160241
-0.278985244956895 0.0698817418459353 -0.228072138056429 0.21859342251798
-0.265765425729254 -0.0149243211251011 -0.202538882661439 0.125509094527319
-0.248937142226442 -0.141250052895764 -0.138444333357862 0.0683258952697436
-0.204700566933374 -0.221642328435591 -0.0710938526670483 0.0274094555252817
-0.0954404342152536 -0.300112147772242 0.0561428593052339 0.135301245090658
-0.0332057387043025 -0.406287071933429 0.0268886065247098 0.327997014025852
-0.109844593959747 -0.178616425545041 -0.198133724597188 0.65008952058158
-0.116289673507329 -0.0948327847814338 -0.0361438357410906 0.48463116696037
-0.072046218183378 -0.059076290763966 -0.0119981996066344 0.197998785926345
-0.0470102770095463 -0.0523417976237177 -0.0909547027535198 0.0736586051870302
-0.0669419745702955 -0.0461179742873048 -0.261560957819809 0.0552708366017621
-0.100725375028178 -0.0191176419667043 -0.363183449086885 0.195351573921716
-0.124292149266469 0.00932243619571911 -0.334721226770991 0.302517836680392
-0.114090621243303 0.0286864080053436 -0.291154112467407 0.319336020428367
-0.128285204052402 0.0265953151789128 -0.294227801509002 0.279977638876459
-0.138876910298169 -0.0193288342072399 -0.293093880104418 0.193655278830634
-0.103185277406192 -0.0666046427589774 -0.245672336052008 0.0673449451897645
-0.049721134242838 -0.0956626851574467 -0.123594417506033 0.0206992298631722
-0.0322057764392788 -0.0767963897514853 -0.0380578983680552 0.0366719758845878
-0.0388501398190618 -0.0920462481088759 0.0784145846304865 0.207377587734642
-0.0500902521657981 -0.166800162301099 0.0325001936493988 0.446831636182977
0.0916431783934432 -0.160378244611447 -0.159573300466197 -0.479618463056082
0.0173557541531522 -0.16944675007682 -0.178429458375146 -0.27690011154936
-0.0982814602313399 -0.120487849410876 -0.0243482202280587 -0.0293993715746039
-0.133297843486692 -0.0108051843391392 0.0875077625200698 0.0288400644556425
-0.0772349416311312 0.0666226209658722 0.268443423208156 -0.0179336662641213
-0.0323001868828892 0.0698481862915057 0.342332864950095 -0.179468299543702
-0.0100379395839015 0.104384143895487 0.304917835015646 -0.306404582733403
-0.00163907528581074 0.102617312403147 0.248437139126624 -0.340348104619218
-0.0152911334355049 0.112109610269183 0.266721528537914 -0.338392568853101
-0.0549658823134289 0.0911729256485291 0.284010494185605 -0.246065934467872
-0.101077623805234 0.0760443124485884 0.231673283317475 -0.104894190848843
-0.165857109959574 2.70927201914605E-05 0.0549593829223521 -0.077188697434619
-0.12198554078221 -0.107997696193158 -0.0406068380704003 -0.188679619606168
-0.00544374261445737 -0.124443704762713 -0.0570776791960946 -0.415718548125331
0.0549735395061149 -0.0967799462282048 0.0722077511053883 -0.646569861381033
0.0602241075188765 -0.405669611698809 -0.163556509648008 -0.387723725579836
-0.0199519569847946 -0.378481144988681 -0.163423750334546 -0.242111308519779
-0.209390169639054 -0.307691088543947 -0.03362524463239 -0.00927484636338128
-0.300164923968759 -0.132432802853612 0.059508298366419 0.0734073162233684
-0.262630217472764 0.055765753186797 0.259278765163475 0.0296628500519692
-0.198294022356301 0.130828110952684 0.332036443696045 -0.118737918140344
-0.152073300958239 0.227551401993297 0.301733548908163 -0.245998536578882
-0.101112928918328 0.237595691868782 0.221742774049047 -0.277576895893601
-0.120987740845531 0.258818303248742 0.222061331257863 -0.282939136892865
-0.198436103699356 0.188458999113264 0.233598140022613 -0.196762338528881
-0.258617660603528 0.132299249988061 0.185065125453884 -0.0698068092146426
-0.363726045262981 -0.0236955577561278 0.00439008185400834 -0.0446928417355009
-0.310964133917126 -0.218882960884859 -0.100558813558844 -0.173180771401653
-0.106859531750735 -0.329472004229105 -0.120515552537568 -0.39333393465092
0.0174384899661038 -0.358071241289395 0.00384150423580459 -0.600610340596101
0.028862885794032 -0.603688662103947 -0.176563572382533 -0.227208972379072
-0.0527168802795495 -0.556950669266643 -0.147516064818126 -0.155781042878682
-0.298463238672879 -0.478774992425152 -0.0362961182179835 0.0204855247226974
-0.444775844447314 -0.258578103190866 0.0277706064469008 0.103235759722984
-0.431002704841237 0.0258190568878142 0.211508199112943 0.060181620499315
-0.350652012075308 0.168710799194767 0.266014557924297 -0.049607895084681
-0.279637925969598 0.316642447402353 0.246387740791676 -0.150702186502417
-0.185269158859287 0.337963458142104 0.161428004826767 -0.172752760685054
-0.198107181884592 0.373033104532984 0.151119838987024 -0.18241998055915
-0.299410071669917 0.27538705606265 0.159712813261248 -0.111890919532368
-0.373346873468245 0.197246399218143 0.122246187211376 -0.0166164719375866
-0.519332072000736 -0.0109767626142793 -0.0376487839229674 0.00276733677981435
-0.476885627283645 -0.272626048534066 -0.138401180770364 -0.126063469855318
-0.218981824019098 -0.47385568423896 -0.151249568460571 -0.314674882309559
-0.0389933365660681 -0.56228116887551 -0.0392550847583158 -0.468634963929547
-0.0168842788529217 -0.72049712963396 -0.188498260042082 -0.0147165466342123
-0.101100982656476 -0.666037267641429 -0.128263128285479 -0.0189883544372573
-0.374833331866886 -0.584343405486319 -0.0300693883686174 0.0652043756599992
-0.550009405638874 -0.337796869466531 -0.0037531600367115 0.119405414936131
-0.547839291615343 0.00255451872763929 0.124309762404253 0.0761299081037799
-0.453183746227314 0.189216504653727 0.148187110604487 0.0235716288013724
-0.366457552818325 0.362477051043977 0.146617806992809 -0.0339475457598191
-0.239623565544997 0.388960488457232 0.0779470243078674 -0.0423729769307802
-0.244889911724393 0.429980192654134 0.0670648780807146 -0.0513478271423614
-0.35557284377006 0.321354652521483 0.0749008523413861 -0.000532649159098836
-0.430742425007142 0.232387986473231 0.0505153231198767 0.0517005631131833
-0.59802427313982 0.00805217992153006 -0.0676710598613946 0.0572935893973745
-0.569930551690888 -0.286413160543379 -0.144512461077731 -0.0627058600902884
-0.297318545562358 -0.537225218462019 -0.130951868334663 -0.19839109786845
-0.0917741540415331 -0.67497693782891 -0.0460611682360298 -0.276153685450577
-0.0672887671919281 -0.729581099725036 -0.191607036326983 0.217795534535745
-0.152191532257538 -0.668694768931318 -0.101806963674847 0.146363193948361
-0.405567050420117 -0.586066795114806 -0.0218165003371123 0.116278735945989
-0.567044513382318 -0.344581628094612 -0.0390899402368523 0.122855754711674
-0.565422396988146 -0.00938780776313122 0.00656616444246624 0.0852795475982298
-0.47716773688028 0.183788520770739 -0.002163357389265 0.0986886765047097
-0.392509098799966 0.353972039627916 0.0198778549919551 0.0913634931758625
-0.260851826919297 0.380549776432095 -0.0170976649595171 0.0954598608524606
-0.260771464103611 0.415803046945685 -0.020737325003459 0.0865920290360451
-0.366915830744292 0.305349403634915 -0.0134541507910052 0.114678448757358
-0.428662665250727 0.210461741260786 -0.0254873363581521 0.118031001215694
-0.573314752284233 -0.00643077324377472 -0.0895138723893183 0.0999681098729705
-0.549381583943235 -0.274503571880612 -0.125621463098086 -0.00527879161469995
-0.303329831287614 -0.520230608040454 -0.0699007620648856 -0.0726689815195017
-0.119656615572726 -0.679264112274337 -0.0199442746402609 -0.0563711689315508
-0.115116214004045 -0.622114718579038 -0.1739240644324 0.430488064631311
-0.184864591389494 -0.546011722995748 -0.0641061586762439 0.300725429242191
-0.361581995144483 -0.463568194018777 -0.0129023489982351 0.158363743436203
-0.471911273235964 -0.271749683473476 -0.069647166746083 0.117403989832944
-0.470116299279914 -0.0113661632880165 -0.111751701377685 0.0916895863758211
-0.408872090092406 0.150639907942152 -0.149450541069451 0.166435206390925
-0.350442482870277 0.293359004033614 -0.107500218958014 0.206035219085337
-0.241230766641467 0.312290221811831 -0.109612444690179 0.218052131236267
-0.248435227805146 0.335053217144518 -0.106166626282895 0.204601709486151
-0.335665231808611 0.229261162989778 -0.102907381942897 0.202247561777178
-0.368739143855991 0.129912327480749 -0.103419537664229 0.15468645523598
-0.451370494548756 -0.0549993391358981 -0.107264793185835 0.111551484512236
-0.421655591309283 -0.245169373706855 -0.0960291173332208 0.0318335660043112
-0.238145549317599 -0.430629907118429 0.00382529584685502 0.0412319092098175
-0.113851497577729 -0.579340650790246 0.020844719013807 0.151768132527713
-0.142763855430417 -0.41228177696204 -0.133121272590902 0.582681627614895
-0.178199981839503 -0.324655462947499 -0.0122189271864523 0.412829678068945
-0.24498636649486 -0.261787083922445 0.000225678578793824 0.183716400123947
-0.283935335089727 -0.154112117917381 -0.0818193269209313 0.104095924576976
-0.288357020880026 -0.0141653690888384 -0.199717267802397 0.0952372620459278
-0.272123827019216 0.0909666767254766 -0.257880016649684 0.217656207225397
-0.251127620552163 0.185205928847093 -0.209078933696449 0.295004485168571
-0.186635023654574 0.197913665085443 -0.18508012235833 0.306037595363619
-0.201286315906231 0.206054080038941 -0.184317292838536 0.282989494085468
-0.258290642511152 0.120056138221604 -0.187633595323629 0.241422546936134
-0.258666941437911 0.0306023716283211 -0.175024119773056 0.146780137719829
-0.267623470304478 -0.0930700609606987 -0.118494169709465 0.0865078215416652
-0.2330268859282 -0.180557183016716 -0.0647552588289504 0.0451738770955716
-0.139253432695328 -0.279666617227726 0.0652911160845014 0.130542776769649
-0.0928229661116967 -0.395131900000342 0.0591196473992577 0.320718710455106
-0.134416170073609 -0.140350550950791 -0.0786388873373558 0.65205942624207
-0.122185509074744 -0.0626081117427291 0.0487859852637802 0.467579322617858
-0.0784682880861169 -0.0424861837226634 0.0258911176653733 0.189391418682532
-0.0578382709315167 -0.0411292591306626 -0.0704526748285286 0.0838315004518156
-0.0773445932740285 -0.0305617576029391 -0.241338070871635 0.0950863100200037
-0.104566578890867 0.00726005256855598 -0.313348469780393 0.243674175132112
-0.120850612648606 0.0408143428517782 -0.269381282300665 0.344285660342311
-0.103995721284598 0.0522455045945452 -0.232129046993062 0.347874457535804
-0.117837970071757 0.0546058105703882 -0.245066097716122 0.309840763601986
-0.136523207864872 0.0112176968249348 -0.254989445714059 0.228004737717521
-0.111252863667453 -0.0442026825713057 -0.225874398151888 0.0994396741006044
-0.0658924205766726 -0.0823153058727561 -0.115536778537052 0.037137416203826
-0.0438496199771378 -0.0685676880257582 -0.0338031411851886 0.0451657363160916
-0.052477938238068 -0.0877089130467212 0.102359928525394 0.194422023018094
-0.0717753104252454 -0.159259672596059 0.0862086935967905 0.433279241559705
0.0812193830033621 -0.155087985012529 -0.172156269347517 -0.457236679759121
0.00960236431105433 -0.162432753127874 -0.181614560675906 -0.258494443309578
-0.0985054033754328 -0.112366634928737 -0.0258308216626394 -0.0276234737081058
-0.127432631994129 -0.00606737073260125 0.0829909012501022 0.0257463240021211
-0.0717732623948023 0.066388357038505 0.255172462632516 -0.0291250453142886
-0.030619628810001 0.0680626868999368 0.320185014527234 -0.18894556727927
-0.00391774492381165 0.100192303357051 0.279909175680555 -0.30806382214117
0.00310542242269657 0.0983308549975396 0.227500694431023 -0.335623788429105
-0.0101803378738525 0.107184596398482 0.24188233094231 -0.334480165844364
-0.0486746847617446 0.0892178574020815 0.261189117797872 -0.248604743163552
-0.0937687335797613 0.0770141089275991 0.21938117986175 -0.110950791937567
-0.15836954375637 0.00633332966314193 0.050106466349076 -0.0743720919936438
-0.122078549563345 -0.0985574322246709 -0.0448149834806673 -0.179775591752851
-0.00999222634519613 -0.118035095956289 -0.0684783441000719 -0.395928955843921
0.048214379920021 -0.0939584194713217 0.0437402934745838 -0.622533839968852
0.039318677404536 -0.38905548108626 -0.170623125960937 -0.367674960815939
-0.034599729511846 -0.361982423570572 -0.165327763201709 -0.226559274610789
-0.212005270867073 -0.287583170915527 -0.0342814149238881 -0.00824018395064518
-0.294265667689465 -0.11851805068279 0.0574030431853122 0.0707865589225008
-0.250452116202288 0.0623028505246596 0.248586625605754 0.0178166537405442
-0.188310440662859 0.134613001233085 0.314865828373303 -0.12963923119658
-0.13473210588156 0.225343736509698 0.277693179752495 -0.249319507004486
-0.0875284128059441 0.232416420207371 0.204587375537138 -0.273570962137276
-0.104927583951322 0.252631310656034 0.201310329621805 -0.278211057438506
-0.183225353739407 0.190857726607911 0.215728616986995 -0.198449873017477
-0.243970390897097 0.137242856691284 0.175507338749605 -0.0752712448216048
-0.351409463042146 -0.00789552573894243 0.00257939001967798 -0.0421175205311563
-0.308555319017042 -0.197151604669698 -0.102680252852409 -0.162517276271117
-0.116857763442547 -0.313715639695227 -0.128675907163757 -0.372803871065782
0.000850679240242951 -0.344163171298302 -0.0199316601794259 -0.575784196234272
0.000611296275122387 -0.57953709664563 -0.176208936553541 -0.212238313251494
-0.0740567326751224 -0.533263129130019 -0.145820745307912 -0.144848904007394
-0.306094227533897 -0.447781208201746 -0.0352659093916534 0.020321946005051
-0.440904399717385 -0.233834728804221 0.0289729431370119 0.100782017542342
-0.414755157813818 0.0402556752578191 0.203548132899086 0.0491396833863613
-0.333275197025969 0.178278966358398 0.253991729128468 -0.0597614472194823
-0.25359431110529 0.317557493163695 0.227485298080479 -0.156308745224365
-0.163303577100058 0.3327097807622 0.150593468739375 -0.17041662113023
-0.173772057632688 0.364168346851503 0.136602117526216 -0.178951337660067
-0.278011673473402 0.279725024773272 0.147988739890135 -0.11333793439615
-0.352069645365961 0.203583017242594 0.116437015765244 -0.0213499756263815
-0.503114621208045 0.0127562586191102 -0.0367107920696559 0.00486900594460105
-0.469714502022727 -0.243077934495669 -0.139402991690589 -0.114762457118993
-0.230813031183005 -0.448934922186534 -0.15457799309219 -0.295752591357649
-0.0646867418391324 -0.538551310450379 -0.0570774425952299 -0.447319664701145
-0.0483574765115385 -0.688544954561001 -0.179095228179242 -0.00745415891528369
-0.122634620508135 -0.637826640475958 -0.121852707622144 -0.0142074385871081
-0.382198558187202 -0.549111265228591 -0.0284174291621685 0.0625006778638701
-0.548664358101777 -0.307671290750325 -9.76807875315625E-05 0.117669383628118
-0.528567310696038 0.0219474604023942 0.119754652176447 0.0681779483860131
-0.431326592618482 0.201693869478517 0.144450038223756 0.0168433329610702
-0.334965990580453 0.366130770185546 0.136361413945101 -0.0399312422042824
-0.213293995046864 0.38447649330213 0.0744736011800733 -0.0413089202631229
-0.213005426579378 0.42273266324221 0.0610611099808506 -0.0507264312955159
-0.329966277293068 0.327050070529706 0.0719287635899769 -0.00244220705324767
-0.407777167579292 0.240337180141973 0.0499772814164541 0.0475414941157643
-0.5772403637259 0.0326235186100683 -0.063690762208684 0.0580303298252997
-0.559845407286638 -0.250748563785503 -0.143605334331901 -0.0534465193664637
-0.309892455682456 -0.50815572348687 -0.131773503220337 -0.184433738937268
-0.120119991534789 -0.645089898080205 -0.0557666572247775 -0.261161670283035
-0.0985095090140788 -0.695846959763981 -0.172736466906654 0.216592697671734
-0.171885016809967 -0.640533903936582 -0.0915096395778646 0.14436410195853
-0.410693127350845 -0.548402837031272 -0.0175833024647589 0.110662833839414
-0.566317297647333 -0.311984327654369 -0.0333086047030263 0.122130516988391
-0.547756642225163 0.00937961619950718 0.00769049357222141 0.0822412939373568
-0.453856018805541 0.197028461723321 0.0038209151106627 0.0966320664721907
-0.360436363318085 0.361334819639327 0.0195651103994091 0.0854262875312459
-0.233256932177686 0.377271798534144 -0.0124613161833139 0.0940658079880766
-0.23120692973927 0.410196162226615 -0.0169169347430618 0.0846773761102931
-0.341301508702196 0.312891737135773 -0.00745131326030614 0.111555383364623
-0.406086550873641 0.21798137684453 -0.0204697424315983 0.114934209818965
-0.554628421730991 0.0182560308873581 -0.083207128758134 0.0994029001907739
-0.54080747053002 -0.239930381343467 -0.123779668225468 0.0020612588166351
-0.316171289814614 -0.491082762463512 -0.0685720835243668 -0.0656503942353363
-0.146381164826029 -0.64848731332425 -0.0211252107758808 -0.0519759639079298
-0.140159855169075 -0.5912743845987 -0.148426829342136 0.420258495374279
-0.198159991213398 -0.521044184870866 -0.0488358095595333 0.29185940108289
-0.365737128264537 -0.436139338172846 -0.00749564480159281 0.152296343399071
-0.47057598064771 -0.245792626736174 -0.0623472344475114 0.116351716047935
-0.45481998486286 0.0059981951210178 -0.10564381562041 0.0936159399899803
-0.388631160275407 0.162525709410346 -0.134712540010821 0.168186203749327
-0.32226886835952 0.300617236078645 -0.097462751449437 0.201934070055229
-0.218911655641991 0.311194862639497 -0.098251335795689 0.214269194506921
-0.222685476041755 0.331905541129299 -0.0948641425549576 0.200845943219644
-0.314418957579978 0.237787553527915 -0.0897229576735456 0.199289839298243
-0.351718791769567 0.138882362016444 -0.094188248806036 0.153363614926353
-0.439250331131686 -0.0324015047514312 -0.0996109792418653 0.11044358904256
-0.416592823883516 -0.218035141936329 -0.0934130039766429 0.0364967912270482
-0.248978689970675 -0.4066627311028 0.00607647752231224 0.0406716480337943
-0.13845141065099 -0.553541729529015 0.026325495416312 0.146956504010573
-0.155543015206037 -0.390916853118925 -0.105346367215365 0.564092277790779
-0.183370572048021 -0.309020665157365 0.00474826392091475 0.397005918258918
-0.246428361852358 -0.244601756552523 0.00693927080332446 0.176289349801899
-0.284117290159251 -0.139075587737999 -0.074665768001535 0.103176674331224
-0.280178898573637 -0.00442839042642969 -0.189327210668322 0.101367372515711
-0.258013253003584 0.0989907860393919 -0.237958808960324 0.221975866238768
-0.232168632477607 0.191299285355084 -0.191546405748021 0.291618218822642
-0.170608338513478 0.198620668436281 -0.167631062435785 0.30150112796736
-0.183299669495032 0.206909088930803 -0.166623624551149 0.278301612893512
-0.244660664251917 0.12939972836127 -0.168623112135532 0.239752203219845
-0.249818881137823 0.0400392086731631 -0.161989184217611 0.148283082360936
-0.263807652406012 -0.0765921737072187 -0.110869257633262 0.0864537563367504
-0.231731491228918 -0.163314891994196 -0.062355285098547 0.0487887808347242
-0.147961535048781 -0.265672047726843 0.0680924076264361 0.124208191190264
-0.108583297656456 -0.376764409061417 0.0700930185564956 0.308060465442928
-0.135320581729274 -0.131073704913337 -0.0513585228798558 0.629419838635903
-0.119166642171462 -0.0576153834027184 0.0652814948972699 0.447349240849889
-0.077461847082907 -0.0393518131143331 0.0324159593098824 0.180639607236488
-0.0595749340209739 -0.0383243850198543 -0.0634924080065186 0.0815686062882063
-0.0767593220800883 -0.0274270856797665 -0.228096951395668 0.101967216373451
-0.0995986073657771 0.0111635790470726 -0.290141297540473 0.249519284679848
-0.114109061238776 0.0463797019944267 -0.245894231094405 0.341639567349426
-0.0979144631164123 0.0559896844527335 -0.212601111483434 0.343177964228709
-0.110652768466313 0.0582954843426284 -0.224041307195158 0.307230237330665
-0.131454501055174 0.0190554869402416 -0.234193959018988 0.229508976205355
-0.110281550046609 -0.0369062552103099 -0.212940228112609 0.103860050173456
-0.0683017698095686 -0.0750013761422176 -0.109868499232198 0.0389931690431197
-0.0462477839071534 -0.0639939307389684 -0.0321897428856834 0.0473600819452229
-0.0561918910129274 -0.084231010538218 0.1052390816346 0.18372374553044
-0.077182560133142 -0.152099308139868 0.101133312787257 0.414626589998352
0.0759801170572514 -0.149224367162287 -0.173748360897032 -0.441720466495006
0.00789894816715942 -0.155101378550139 -0.17912926378834 -0.248897081451454
-0.0966124299996865 -0.106713444325525 -0.0262774632909638 -0.0268469205415673
-0.12274380898923 -0.00587342041015312 0.0788365397431239 0.0254990089450975
-0.0682896186536134 0.0641656830854814 0.245918299985179 -0.0328289688089885
-0.0303552626088234 0.0670428424397913 0.305855981026387 -0.190968317058841
-0.000922371645487523 0.0951977929466191 0.26415078358501 -0.303358886269103
0.00523627263843043 0.0949527680330597 0.218515992025765 -0.327327201456859
-0.00809147119796585 0.102751500197702 0.22833285759187 -0.326836223981953
-0.0456552444654877 0.0869799219714082 0.247337180459814 -0.245309231392988
-0.0889360387767996 0.075560279997919 0.210899247845663 -0.111874226489417
-0.153171067095444 0.00807920561068957 0.0481194356624047 -0.070737294393047
-0.119752031434043 -0.0926099628725178 -0.0439826648704351 -0.174484866919159
-0.0103213778519234 -0.113606556686917 -0.0703328982133322 -0.382363806483046
0.0451063101506821 -0.0900438401842427 0.0337512720622778 -0.602646487256805
0.0301641586562308 -0.374172496889585 -0.168839624869692 -0.35386556538692
-0.0383822169518961 -0.3481940370222 -0.162379790083668 -0.218157723723601
-0.207961565382687 -0.275031899451916 -0.0349698353625724 -0.00904291085708621
-0.288699826992465 -0.112252361633266 0.0552883373911312 0.0700418231725004
-0.24242638218137 0.0618307858247513 0.238624576269612 0.0130681434226148
-0.183347786906998 0.13458460072592 0.301988865217357 -0.132283629224015
-0.125006563756883 0.219871772643272 0.262078126107224 -0.245998625176216
-0.0797774550911812 0.22654277361347 0.197963319057568 -0.266667807377929
-0.0966190306175493 0.245147450568602 0.190075384578136 -0.271175048282566
-0.175318524008477 0.188646597453632 0.204258840594686 -0.195021470979666
-0.23520125290621 0.136407836868541 0.169038143991127 -0.0764472918929066
-0.342172960490187 -0.00200870154263564 0.00215242499626777 -0.0394752960198449
-0.30284483377188 -0.185824551940988 -0.101057128178393 -0.155747978464015
-0.118457342762623 -0.302735233518726 -0.128431834392555 -0.359609309646333
-0.00633006428833676 -0.33153382706806 -0.0276789778521932 -0.554792978221602
-0.0134467727913731 -0.555875795228799 -0.16966902770331 -0.203707605286614
-0.0790056210501178 -0.515097944190388 -0.141749267535436 -0.139370029678955
-0.301049103371835 -0.428770506461617 -0.0359713645370238 0.0183640797801224
-0.433854092465148 -0.221474202229871 0.0287756313628227 0.0998314313916503
-0.403067043258164 0.0425656909489833 0.195775994970878 0.0445091982811624
-0.323871225322691 0.179651119790582 0.245995627751596 -0.0629471751671926
-0.237819381776177 0.311977439301511 0.215014328609762 -0.155412598025084
-0.152782807869118 0.325518642931766 0.146297489135369 -0.165296237583381
-0.160754961108456 0.354771992912566 0.129496112656421 -0.173645274738303
-0.266167750692715 0.276805398027882 0.141087905112654 -0.111217638257905
-0.339952369570163 0.201239839718636 0.112075525701719 -0.0224022684356804
-0.488995703606825 0.0208754595436949 -0.0360064443919054 0.00676638878326918
-0.460445202023928 -0.228065645110376 -0.136783953780934 -0.10848805245521
-0.232798176989917 -0.431598568164529 -0.15198477759055 -0.284333722267557
-0.0719813462730994 -0.51918465212268 -0.0624200200363225 -0.431279767923023
-0.0619794240842502 -0.661826511967583 -0.169164749000921 -0.00545593593165151
-0.12909243173324 -0.6174633155669 -0.116476943593603 -0.0128887980377368
-0.378075447092939 -0.527383015281542 -0.0277717861325487 0.059989026161248
-0.539723152888123 -0.292156245676625 0.000932791925580616 0.116703563332452
-0.51416045407883 0.0268053803292286 0.11463627225789 0.065022903965582
-0.417975510464549 0.204913938868436 0.141834262473716 0.0137703926260527
-0.315537999569584 0.362371193068837 0.12767435641666 -0.0413771786720413
-0.201273769583455 0.377448974315601 0.0737339850481193 -0.0386975364189085
-0.199293491777619 0.411216844496841 0.0578107133136175 -0.0480646716546842
-0.315355270206307 0.325016783007287 0.0694648464654323 -0.00261779914992674
-0.394260294474509 0.238976007355185 0.0482781945160333 0.0460403975513797
-0.561919207890303 0.0420666904110166 -0.0620947388841435 0.0581688205916265
-0.548437874045634 -0.233423841927139 -0.140948416763 -0.0475700417560412
-0.310505787928867 -0.489083997366399 -0.12844042280762 -0.176769253920653
-0.128441331827968 -0.622754701183622 -0.0578443271299702 -0.250320533279233
-0.108710304424892 -0.668758847666596 -0.16047616970985 0.211046978577515
-0.175167543596999 -0.620153969112714 -0.084272962890915 0.139591379222587
-0.407665017337332 -0.526344289125001 -0.0166382681958208 0.107657267881351
-0.560619409733132 -0.297573709628059 -0.0303617275945926 0.121477418908075
-0.533817960147159 0.017950207301531 0.00714353801858466 0.0804779398133236
-0.43909207907553 0.200084475057215 0.00745517014388607 0.094004482488194
-0.338680994347552 0.358185386345968 0.016441269748124 0.0821612169455717
-0.219583582822511 0.370104412109144 -0.00950887696320313 0.0937785243755112
-0.216164119993167 0.399846366954569 -0.0159432204434164 0.0838890017845968
-0.326351651593729 0.311857416826193 -0.00481416428562429 0.109229993845905
-0.392488566645217 0.215902639338376 -0.0193130493331318 0.111896019294238
-0.540245044256904 0.027661044690887 -0.0805907503138446 0.0976588372079663
-0.527399200028466 -0.223843913875264 -0.121377551392618 0.00690362017462681
-0.316427351706802 -0.472760005996433 -0.0658514585238765 -0.0621096233825132
-0.156604584448334 -0.626037187172728 -0.0212659569461842 -0.0476885218007855
-0.146979055648988 -0.569092828158969 -0.135277925264115 0.40783557046456
-0.200481687285265 -0.50700647298451 -0.041786032007008 0.282824158336286
-0.3620402278074 -0.417682055202255 -0.00601254640241467 0.147238377116119
-0.466837669044529 -0.232223862405659 -0.0579945234977929 0.115094933159858
-0.444435095138912 0.0117334146726456 -0.101896927396002 0.0935581242256361
-0.37647568298317 0.165556337922346 -0.125611403840271 0.167010915681793
-0.303590102548196 0.299047634821586 -0.0948324144237207 0.196780795773294
-0.206701125987349 0.307008977673377 -0.0918705900002053 0.211108047547221
-0.208569900647996 0.324463822371807 -0.0896095802681928 0.196289198144379
-0.301530728154769 0.239803282979774 -0.0818771456303197 0.195033647153592
-0.341595112717947 0.139092260531405 -0.0891036062962305 0.150299054825994
-0.427900015363743 -0.0226810517902061 -0.0965266574355426 0.107969679570784
-0.406707937616288 -0.204206484082399 -0.091894626412667 0.0398164576182056
-0.250719066308561 -0.392428305069721 0.00742069335850832 0.0400272706940533
-0.146647021301129 -0.532608031765977 0.02830205003293 0.14449678822473
-0.158580916459333 -0.376311242108227 -0.0929218871874024 0.547937839627191
-0.182551961643445 -0.299991710136967 0.0103664598752578 0.384808644511701
-0.243157322442455 -0.236104556372106 0.00897905416613686 0.171277172027462
-0.282992276141168 -0.131973277208218 -0.0697857280993087 0.101148088636075
-0.274221966121375 -5.01796501939482E-05 -0.181722645074187 0.102598519503846
-0.250175014292507 0.100710945795185 -0.225434767203213 0.221272320396634
-0.220872295203911 0.192583557460055 -0.182775018274287 0.285691903659738
-0.161568482000916 0.19703672017275 -0.160104581279571 0.296757774595273
-0.172492437801881 0.203725668810427 -0.157549722603543 0.271616524961057
-0.235276688585546 0.132774856062835 -0.157653195235026 0.234450280852583
-0.243825166739202 0.0427496243055307 -0.155495753870915 0.146470590653456
-0.25838030230109 -0.0686745260799938 -0.107893699687129 0.0844207000442124
-0.227636649805547 -0.154439701513646 -0.0609993320248732 0.0509069470724292
-0.150373031490356 -0.25596785906592 0.068374152398737 0.120257748207468
-0.113479233332371 -0.364243069333327 0.0739277134483927 0.299944542486287
-0.133990424248501 -0.126365619041131 -0.0401204859680724 0.607955483713884
-0.116512559067765 -0.0569090972125748 0.0704715919572802 0.432782859782434
-0.0770890956686585 -0.0391090409260083 0.0348851198329225 0.175119258143181
-0.0609838964621387 -0.0359533140400318 -0.0592948324825097 0.0787316718517317
-0.0760411974943647 -0.0265058507320105 -0.219826774264412 0.103099188052164
-0.0963539456683598 0.0121513998787792 -0.275682046069789 0.248803227246556
-0.109547407151377 0.049515541543819 -0.233704712461712 0.334632869054968
-0.0936454636781902 0.0572699780661495 -0.203681020434034 0.335809053794158
-0.104813460695373 0.0594474149504642 -0.21271379303344 0.299647433614707
-0.127377036101978 0.0232598048582499 -0.221363706491656 0.225391593569489
-0.109097708582308 -0.0332318339275898 -0.204529748525863 0.103735525244439
-0.0687878689840192 -0.0699786511542544 -0.106462318084065 0.038030928956343
-0.046814342154591 -0.0618288837024998 -0.0315797142148457 0.0491678151739008
-0.0584117779170489 -0.0820280649645802 0.104461810416704 0.177788107787014
-0.0793588084781449 -0.147672310095044 0.104764072118946 0.402145881210787
0.0748784089482297 -0.145334050585901 -0.17248821658806 -0.437596772342313
0.00865147661889744 -0.151587561644937 -0.177651137913865 -0.246621080006913
-0.0945533480753528 -0.105051527126209 -0.0272069780608133 -0.0266857303278112
-0.121895021228962 -0.00725907062919465 0.0771590651370614 0.0269708066737346
-0.0681010918144483 0.0626414127916614 0.24223014784084 -0.0342024180604891
-0.0316130313203686 0.0673087532345875 0.300170027161322 -0.192060241313252
0.000256027116811533 0.0921512611568819 0.260084495623698 -0.300415033159864
0.00621572392924253 0.0934409040826982 0.219337311094242 -0.324745388216647
-0.00772126788315701 0.10108024517576 0.225649574448184 -0.322247848109211
-0.0449424743893598 0.0852033940717162 0.243109350417805 -0.243358793080105
-0.0873540154873785 0.0746373928571007 0.2089131677809 -0.111862892743828
-0.151333826522337 0.00864717436079528 0.0491576941049429 -0.0690659885135717
-0.118870029509208 -0.0905948963129828 -0.0426090351171657 -0.174329179932553
-0.00915341934913914 -0.11181977694676 -0.0697966281475538 -0.381250962802688
0.0448866822138533 -0.0878145089222283 0.0314407951927242 -0.596287807439969
0.0274319844027844 -0.367159363261901 -0.166480819261472 -0.35052067371169
-0.0383510370391701 -0.343369492639286 -0.160348876746666 -0.216964489485335
-0.205371743488178 -0.271898078404801 -0.0363203733512577 -0.0091218124421143
-0.287691228999161 -0.112280477082894 0.0542207693397733 0.0719973220207017
-0.241248089122297 0.0606892130832332 0.235254037198077 0.0119412739305519
-0.182776054502022 0.135834485579899 0.29798441118699 -0.133529812193819
-0.121279546179999 0.217322934538397 0.256572134942858 -0.243899899635071
-0.0772367425787043 0.225295218246155 0.198792186162415 -0.264205587895485
-0.0942872126265941 0.241773867258979 0.187950313029169 -0.266941427859912
-0.173368543240877 0.188295092737466 0.200865195772814 -0.193614751937497
-0.233562063131014 0.135055986720124 0.166506108153394 -0.075903565205654
-0.339345563477798 -0.000499807944512378 0.00174284347869684 -0.0377274734326941
-0.30143696187051 -0.182604382006425 -0.0998359731278009 -0.154928708515072
-0.118649940442574 -0.29936637864181 -0.125593545609797 -0.357107510573725
-0.00800287973228672 -0.327423299493425 -0.028882332577432 -0.549229849877562
-0.0164715485198755 -0.54691191716419 -0.165921325786875 -0.202386969398374
-0.0788177629277809 -0.509055430248144 -0.138163088941185 -0.139618455259583
-0.297604334551474 -0.424157354589524 -0.0373467984954794 0.0177876934986109
-0.433721436591632 -0.220033842172343 0.0284558231242711 0.101782729789302
-0.4011849898854 0.0413768289578003 0.192543312815115 0.0446656402546348
-0.323459273925326 0.181986488808157 0.244390657789868 -0.0642799265150487
-0.232439549765111 0.310230985780599 0.208227351650276 -0.153835799530041
-0.149411612934387 0.324494323200173 0.147588084793038 -0.163052402598702
-0.157307806339126 0.349880780181823 0.127364516804215 -0.169501019524592
-0.26359783640792 0.277796951383526 0.13898637922214 -0.110029151137753
-0.338222659383854 0.199941369352422 0.110052512959327 -0.0224023306853905
-0.486054790314906 0.0227720773057283 -0.0362416704681792 0.00807898978190058
-0.456772590477916 -0.225922715633476 -0.135599129453878 -0.10622276376175
-0.232613434876531 -0.428671716929325 -0.148993866189056 -0.282825895184408
-0.0746625150693575 -0.5123510600954 -0.061698435204018 -0.424630290804879
-0.0660831292560252 -0.651647317999389 -0.163374929636098 -0.0068926527457463
-0.12813025110849 -0.611860008435255 -0.113331195953298 -0.0145962415991633
-0.373899259494768 -0.521459577058113 -0.0293432852757258 0.0594525575467691
-0.542882819857853 -0.28944665346612 0.00220459332037038 0.118685615484337
-0.51204954728467 0.0270916046116105 0.112693155268528 0.0654428248538242
-0.416425221303144 0.208100068507785 0.142240390418488 0.0126865503788309
-0.308217734920327 0.361603217844736 0.121540953891774 -0.0408324993014821
-0.195802854090859 0.376056418468321 0.0757841506054236 -0.0376333928297318
-0.195924648082512 0.406143664119035 0.0570256274573615 -0.0455265178750806
-0.312263618889572 0.326734787689339 0.0693780615636917 -0.0020850146593046
-0.391328477422959 0.235675004886338 0.0469492251347869 0.0463574382355582
-0.55923498499151 0.0441722863081758 -0.0631524806135718 0.059097974423912
-0.544049473924256 -0.23095789342259 -0.140648256860726 -0.0451102698705499
-0.310560476640904 -0.485089773247609 -0.125380763483972 -0.175621533464276
-0.132502463478314 -0.615120957816748 -0.0577480684172694 -0.245461189481252
-0.111753819268628 -0.657536534805377 -0.154339627458042 0.207466487272053
-0.175165124646799 -0.615608322998096 -0.0810461689955571 0.137406319560616
-0.404106399551868 -0.526130806708071 -0.0181296013767865 0.107593643877558
-0.562531434207004 -0.293280510163412 -0.0281591732945943 0.122971282783685
-0.531694871235752 0.0190302470379648 0.00607034744657061 0.0814757212038394
-0.437485346425637 0.203177722576639 0.00994509932015828 0.0937426882267552
-0.333095873061261 0.358778724505798 0.0120611615453937 0.082200596076887
-0.215481895517645 0.370169774187216 -0.00762847971974889 0.0944224815903581
-0.210861523720232 0.394692011688704 -0.0158137313473455 0.0847017157747479
-0.323121995733179 0.313317054930404 -0.00348287665158976 0.108041228092811
-0.391458039655294 0.21548583565173 -0.0198193775306099 0.111847777501709
-0.535964599426094 0.0304564408594317 -0.0816271196483767 0.0978778957783526
-0.52374382534037 -0.220518714132132 -0.120686745443975 0.00931308495765883
-0.316461305226789 -0.468540300977184 -0.0634097753605936 -0.0616089447915013
-0.159120329254725 -0.618118639096763 -0.0205540074432651 -0.0447601871775954
-0.148750409849967 -0.561821134602839 -0.129578124694661 0.402205355308246
-0.199980331340572 -0.502737997876996 -0.038854722842003 0.279460180967002
-0.361267061477587 -0.41705832781228 -0.00633486936111832 0.146981918127731
-0.469193327015062 -0.230494832651612 -0.0564882793659918 0.115315476592443
-0.443490945543008 0.0119036000908537 -0.10137584438057 0.0943851220492954
-0.375521880234051 0.16736425181711 -0.121225904134694 0.16658074604469
-0.297767983062518 0.300275880767766 -0.0965433643939027 0.195772002034925
-0.203040159522399 0.307242321749729 -0.0904799785990262 0.210910388773388
-0.204460324446327 0.320853811957764 -0.0892790573744313 0.195224045425156
-0.297213447940236 0.24102333818511 -0.0797789510392067 0.192991548469911
-0.340042266543236 0.139110060953495 -0.0884342067128311 0.149828975131658
-0.424865830578559 -0.0189774923156073 -0.0975553838190355 0.107236069784072
-0.403194325532996 -0.201057565378035 -0.091263530629604 0.0427265291675183
-0.252252233143779 -0.388869259951721 0.0093534167005361 0.0400787427766764
-0.149210613789029 -0.527277437508184 0.0290366768005739 0.145185912028958
-0.159567937798324 -0.372061932419405 -0.0901649835289741 0.540031759621462
-0.182074014533764 -0.299957582144337 0.0133399926777721 0.381212778044913
-0.24428106246748 -0.236746339465354 0.00962584506059083 0.170753458547475
-0.285144186235509 -0.130128315081066 -0.0680909093763813 0.0999351189861949
-0.274243916770183 0.000890099379047875 -0.1797609763368 0.10286806165242
-0.249090682825462 0.101536958025438 -0.219928854392761 0.220932811267222
-0.215879423964472 0.193294479344211 -0.182735856119017 0.283631246260809
-0.159845136138427 0.198397194083419 -0.158533936596813 0.295547454622199
-0.169096800084633 0.201730133770644 -0.156864048737988 0.269234812636097
-0.231771284557818 0.135584855805384 -0.154262001863966 0.231976018688421
-0.243336966551625 0.0439814236524117 -0.153904153341888 0.145509750127555
-0.257380696177311 -0.0649808003001673 -0.108337317044058 0.0840109780449096
-0.226894334686612 -0.15303688449331 -0.0609695952866236 0.0538175476123332
-0.152884963761125 -0.253860607088734 0.0689011725529091 0.119817073523776
-0.1167950522437 -0.361003098437352 0.0739044254528897 0.298541962790039
-0.133320323462144 -0.125932868835262 -0.0384449315372548 0.600261622426986
-0.115963295634335 -0.0585051790128857 0.0712787571170598 0.428316262084843
-0.0781105650849339 -0.04089108348273 0.0356456344954976 0.174271061822119
-0.0618812918623404 -0.0351335415944648 -0.0585646874656397 0.0765839924075419
-0.0760367529932599 -0.025870712332369 -0.216963169222774 0.103935312294869
-0.0956277249025018 0.0118114268074903 -0.270296202247266 0.248564026810813
-0.107056674182676 0.0516972609607077 -0.231280494441466 0.331443022690332
-0.0930627485253648 0.0583998941094793 -0.203478091935541 0.33508061261345
-0.103061730250291 0.0604297606085321 -0.211577197817775 0.296811843910411
-0.125712515786983 0.0263074725219261 -0.217350999354116 0.222419837517726
-0.109713261893961 -0.0309741753176714 -0.202422445301612 0.103520055603612
-0.0696503326458179 -0.0673413933163967 -0.107082258907605 0.0371612299891204
-0.0483072082947467 -0.061353647025485 -0.0310910519614376 0.05146533077112
-0.0605472116245609 -0.0814119431159304 0.104679420460495 0.176120831178666
-0.0807172680532076 -0.147472685536853 0.105196892169594 0.399757446654965
0.0759355103353377 -0.146201062915578 -0.180100874075025 -0.44359918959839
0.00892484292411904 -0.152886954206708 -0.183636467075635 -0.25079130169594
-0.0961560130784552 -0.105364584965414 -0.0289008991926247 -0.0266016806170158
-0.124997513404253 -0.00729419516602444 0.0780960789289388 0.0281399009497642
-0.0694598756116084 0.0630564177476044 0.244338548336883 -0.0376595943846953
-0.0323501259289561 0.0700695411354429 0.300827801245591 -0.199471146443643
0.00144945208541084 0.0921330069450911 0.259621747583152 -0.306926861835467
0.00791875440272591 0.0942840108795326 0.223325459386459 -0.333160239230214
-0.00657778762475013 0.102410725025932 0.22658595384717 -0.329429944331128
-0.0448510142500847 0.0865111155631306 0.243194026029234 -0.249320389417195
-0.0877577014428969 0.0760685586320371 0.211442994290706 -0.116320175753344
-0.153998202441331 0.0103627006540909 0.0502792287800774 -0.0694067450288729
-0.121367696123567 -0.0901580910361603 -0.044238604994299 -0.178436899590024
-0.00914360313788605 -0.113094219911752 -0.0738188533598953 -0.387194486602756
0.0447751854920356 -0.0885609006289935 0.0266877532997456 -0.604180007735449
0.0248789545373408 -0.369363363117084 -0.171271930649156 -0.356665448134908
-0.0407212426245994 -0.346941683329129 -0.164885240406703 -0.22101957099947
-0.210195713948777 -0.274820003573662 -0.0383869749245791 -0.00847652471794847
-0.296863075119278 -0.112849686850138 0.0555360903081758 0.074874195399191
-0.246915751378282 0.0630254948186917 0.238191048091089 0.0106609496530574
-0.187495323432324 0.142668898840143 0.30097439970995 -0.140204396547084
-0.119242170223359 0.220966132213083 0.254803614897314 -0.249266310197512
-0.0751444009652908 0.230027656312847 0.20389856072828 -0.270544092743331
-0.0939068434947996 0.246365180578594 0.189253394804223 -0.272583259169764
-0.175256303044524 0.194065615715635 0.201342567582794 -0.198792573947243
-0.237037087112156 0.138565108405299 0.168553694014995 -0.0788293174083192
-0.34658718161216 0.00372659978871897 0.00217995237982563 -0.0369442426918943
-0.307689418741748 -0.182882038831144 -0.102574651935094 -0.157848145983616
-0.122670812193155 -0.304087253224798 -0.129787296520625 -0.36315254574482
-0.0113644007006879 -0.331980383512713 -0.0345584487704748 -0.556233373908874
-0.023161966275455 -0.550909707487904 -0.167460207167304 -0.206946742236049
-0.0835527532090853 -0.514797463911153 -0.140968836585517 -0.144308140815523
-0.305343171127381 -0.430484853964915 -0.0396689160294513 0.018661403979061
-0.448212746038613 -0.221720142411698 0.0304995588096154 0.10562465043034
-0.410643375038831 0.0458738366127516 0.194799342283293 0.0446853327705636
-0.329431835030171 0.191313624331431 0.247978114680064 -0.0683729679474022
-0.230578718669474 0.317748405638951 0.20608228999769 -0.156485288794722
-0.146983922863768 0.33273113867098 0.153426147437795 -0.166949735778514
-0.157166943846939 0.357324291991175 0.128391823108595 -0.172131578019705
-0.265983526068138 0.28714456220505 0.140021218270057 -0.112340663014988
-0.344311226819636 0.206320599538106 0.111410588326423 -0.0234647386227581
-0.496580350344152 0.0296129424964675 -0.0372800415071568 0.0102540636695569
-0.468375845746129 -0.225063278727647 -0.138934445850962 -0.107262036537755
-0.242664338543927 -0.43480289595323 -0.152320780378156 -0.287731554449223
-0.0833630754272056 -0.520535082158146 -0.0663124690266031 -0.428670745605669
-0.0744166346904786 -0.656402725738142 -0.162058465219566 -0.0086722163565663
-0.136291174873638 -0.620343044779496 -0.113320664696691 -0.0164068079408742
-0.385792441798848 -0.530750127065279 -0.0303788100910361 0.061523717492897
-0.55888816620056 -0.290575852225077 0.00421485095107886 0.122846884048537
-0.522967935184627 0.0335438648691009 0.114979729695316 0.0666943017342185
-0.425225051082249 0.218965118426615 0.146501204056703 0.011590488552355
-0.307010960219776 0.371285792442207 0.118918455888461 -0.0403125512303392
-0.195037731741837 0.38613940228136 0.0799940741502495 -0.0384893285453288
-0.193923457010941 0.413869528554192 0.0582033320145071 -0.0450447737419293
-0.315734552373775 0.337982461206964 0.070553084066295 -0.0022693666353976
-0.399825790933867 0.243015197669046 0.0474997100576962 0.0480023344411693
-0.570902702358978 0.0521958998493262 -0.0649126087488564 0.0622173513928742
-0.556029603179705 -0.228872628215487 -0.143743207132228 -0.0437310957323752
-0.324394546973422 -0.490232405926243 -0.127025420730572 -0.178575929636155
-0.14320948238648 -0.623595623257628 -0.0606902627812968 -0.24695648465057
-0.120801625992342 -0.665548275931475 -0.151204334036148 0.2083484044118
-0.184317788916222 -0.627210735869421 -0.0791172901603322 0.138283037891643
-0.417736643229976 -0.533839609240489 -0.0171141570453641 0.110624553037223
-0.58156640296434 -0.294519805507421 -0.0261611295921908 0.126467730244055
-0.544919986520961 0.0237838168151987 0.00706133887583917 0.0842166167397352
-0.446699479344674 0.214868633840356 0.0142132902580415 0.0954652490658161
-0.33111025583651 0.368627553252471 0.00850738899798418 0.0854755595643821
-0.213892246736995 0.380352908677413 -0.00446248963388414 0.0965215216961467
-0.210698830087873 0.402177512427218 -0.0155973177472356 0.0882191707778298
-0.325716878210198 0.32558802801564 -0.00191100055164844 0.110501141044503
-0.398873078574073 0.223263675921954 -0.0200188427822236 0.115118199019381
-0.548138371164025 0.038841195771058 -0.083815087731211 0.101952578578382
-0.536633488707555 -0.219999775214222 -0.1224987970086 0.0125010812238425
-0.330999463458977 -0.473433688348262 -0.063086818278239 -0.0626383718959057
-0.169706964217828 -0.625811053767679 -0.0206403728114665 -0.0427260508353924
-0.158079176341292 -0.567301921805895 -0.12581188037402 0.406505718923429
-0.207836825480639 -0.514254572295094 -0.0349141460957521 0.283813502309398
-0.37340245094731 -0.426744539173873 -0.00535496530083712 0.151288154626424
-0.485303291069766 -0.229496358820129 -0.0549320212839541 0.118523376358089
-0.454106446151862 0.0166966571013869 -0.101500980525235 0.0987828810459837
-0.383325654307191 0.176835584635104 -0.117933475813631 0.171182238178411
-0.29648497426894 0.310358645873555 -0.100609668932426 0.201912307556998
-0.201583800503889 0.317267139535328 -0.0886728539855756 0.216592356194789
-0.204568526383077 0.329252503706257 -0.0888063578078387 0.200813840169496
-0.300480548537169 0.25160746576052 -0.0775534595338666 0.196496042220263
-0.347175799352364 0.144991337538836 -0.0896824424871798 0.154165429060344
-0.434881141793743 -0.0134275791560382 -0.100284165556564 0.111325291165462
-0.415774543729856 -0.200979364014268 -0.0916516453209263 0.0468941582636466
-0.263708390072402 -0.392835849699666 0.0113080356086612 0.0404983379556084
-0.158317893013686 -0.535753207339989 0.0314838172562935 0.149368635916436
-0.166537274748534 -0.376131225219489 -0.0850642431532491 0.546477900895452
-0.188432129451268 -0.305690100010893 0.0183751474797891 0.386444990845036
-0.253106131162148 -0.241973008388683 0.0117809622379511 0.174511360594754
-0.294767046480623 -0.129352372697583 -0.0678389151910371 0.101955154969695
-0.280536776698547 0.00328749399933413 -0.181227622136941 0.108028323992652
-0.254178768257452 0.107309461066653 -0.218531507272998 0.228297517052018
-0.215224680398054 0.201560754942649 -0.185932853372848 0.291186164149991
-0.159670534746948 0.205296967285774 -0.159561775022468 0.303231348207768
-0.170121831527387 0.207299684449405 -0.157746765294642 0.276107909072916
-0.234037134945021 0.143047411303366 -0.153774918297467 0.236157016526717
-0.248531523317806 0.0478923042836405 -0.155915635302996 0.149862444379352
-0.263603159120152 -0.0625576839123285 -0.111898527208002 0.0861772175757623
-0.234188403747545 -0.154070035960907 -0.0607959662134897 0.0580400514004063
-0.160005748200535 -0.256530062324726 0.0726045531860813 0.121164401972021
-0.123516157375206 -0.366746979336857 0.0796743070735525 0.304881427728491
-0.137711960805296 -0.127817436154182 -0.0348813920750339 0.608724741464777
-0.118813570834888 -0.0605152868016165 0.0766434963278254 0.434784855609827
-0.0823964267341048 -0.0424081406854464 0.038918508267521 0.177383777386546
-0.0648005553320326 -0.0351109137278384 -0.0587214018603007 0.0770857980637301
-0.0780904753577179 -0.0255419808751562 -0.218758411587486 0.108043513512644
-0.0979464170109703 0.0126114903097344 -0.270443430758789 0.25702311779252
-0.106858263617662 0.0556940837905834 -0.233175968168594 0.339545482111486
-0.0938584783390845 0.0623003423795044 -0.205990211686569 0.343000738055225
-0.104090248729578 0.0631279453134627 -0.213674736611651 0.304245827383699
-0.127008094822575 0.0300187600038311 -0.21819160335769 0.226783733301407
-0.113254560983581 -0.0289813206777296 -0.204936608982429 0.106552466948904
-0.0720394089311099 -0.0666229905500651 -0.109762409333299 0.0383698555593526
-0.0515279189534962 -0.0622717494927762 -0.030617853089688 0.055746487728903
-0.0645089022662835 -0.0821735918690343 0.108878588390974 0.178358487204865
-0.0855317504506095 -0.150652584370965 0.112311147768748 0.40626942638216
0.0506006907171517 -0.154091184182403 -0.205019262176012 -0.434453680009926
-0.0134570172249583 -0.151432610572803 -0.199946612432265 -0.239928393762342
-0.109055220066055 -0.0942493734799418 -0.0222581537461051 -0.0316136722442877
-0.126917565768716 0.00805059741603033 0.0845724250485148 0.0132509523454502
-0.0617648933023124 0.0670011236266039 0.240444848308227 -0.0655146128644043
-0.0267085435864085 0.069349339053511 0.28363593914187 -0.232607449349366
0.0129880008767279 0.0889481969917306 0.230326977385871 -0.341538697321377
0.0166684863562204 0.0913696485784755 0.198434863885053 -0.363805387748662
0.00597392078359723 0.104008529987211 0.207044690459043 -0.365152206307605
-0.0358842368758207 0.0957624387422906 0.233071521318824 -0.285644531547762
-0.0792131101358386 0.0891060366791102 0.211448333422939 -0.144264326859517
-0.154899395086684 0.0299023873575969 0.0530176434219835 -0.0804027510193035
-0.129374277955653 -0.0787305929459452 -0.055927914410666 -0.18349594453654
-0.0116909067451554 -0.11520745857069 -0.116095012138064 -0.397438873543123
0.0479896829413408 -0.0944813813138645 -0.0204240638187079 -0.628563916548863
-0.0282462154904172 -0.367893390783101 -0.171211571693219 -0.351027642180069
-0.0862740830335886 -0.340734885101428 -0.165041936483756 -0.216210712988199
-0.246976217845407 -0.249999501240017 -0.0139872801828424 -0.0209763708350834
-0.314727911085392 -0.0743397260978534 0.0787653601663322 0.051197360793771
-0.240816328202146 0.0873800454746903 0.238283796187144 -0.0266049192323307
-0.175218922875888 0.160170302225471 0.286912296437951 -0.180087233132655
-0.0929262104171903 0.237560354625827 0.229074059156529 -0.293885291662187
-0.0549737537912551 0.236778325050684 0.182164591245206 -0.297422420294961
-0.0661597660551849 0.260169166255964 0.173508641686975 -0.300683463741207
-0.156835685243062 0.220188241437903 0.194660687384805 -0.231235315809969
-0.225296705182354 0.168318018941885 0.171417701802509 -0.104305738706612
-0.354084602049679 0.0453414480110813 0.0101521259851677 -0.0452206582825809
-0.331623187838936 -0.154910499504178 -0.106158257737067 -0.153681199263959
-0.150444991606743 -0.304251483120311 -0.172070677056354 -0.353661763151046
-0.0348479238601395 -0.346469538370687 -0.0861035629059122 -0.557095890312301
-0.0962701859229845 -0.541190655454885 -0.142796425992913 -0.202296527083169
-0.148496791983457 -0.504876010150493 -0.123862191662832 -0.140705358985161
-0.362938478095159 -0.395030374267414 0.00224942736528004 0.000591915822512477
-0.482885709925188 -0.162767744937931 0.0683829818364866 0.074324359631427
-0.407856948834505 0.0905424392813274 0.198860910054347 0.000938356089794885
-0.313781691930889 0.226719035038641 0.238643178596319 -0.109753752539239
-0.192462153994314 0.352489747541228 0.186698645210871 -0.204841464138873
-0.11707054929432 0.348765381088935 0.13764232600036 -0.186740999919419
-0.116871670777318 0.379914814169733 0.119920453302852 -0.190620997462449
-0.239298998286234 0.325970582188773 0.138441985745325 -0.138085321941856
-0.327393431591673 0.247622554229576 0.116847014233493 -0.0427924119743188
-0.504828251966502 0.0880910921128116 -0.0236273804930513 0.00558131779521587
-0.502330678136859 -0.182904684781777 -0.133061543626157 -0.0956142694423611
-0.29000383676231 -0.430157866983538 -0.186852019938647 -0.261377226766044
-0.128496753879586 -0.539522550506642 -0.115658112870484 -0.409272491761318
-0.157200112497066 -0.640181876986519 -0.115185329782311 -0.00353673307843408
-0.2129580053919 -0.604887934345259 -0.0772856811916531 -0.0164291188698391
-0.458731343438581 -0.486483953046559 0.0255386344167653 0.0373007461473984
-0.606267073375183 -0.214428682011034 0.0515540910976867 0.0846242953692694
-0.525521694017462 0.0919917077083611 0.120044525049666 0.0232591552903973
-0.40772964279785 0.26655880921169 0.142370139243319 -0.0246066952421112
-0.263550041635084 0.418417997611207 0.109110504932875 -0.083990057712436
-0.159105209788951 0.408005393401198 0.0737408373437127 -0.0476065431399564
-0.147968791968541 0.442349921619831 0.0579592823148029 -0.0510914402465307
-0.28394758137438 0.382697977939104 0.0763395857499482 -0.0178710298702667
-0.379874187008497 0.291180432363376 0.0569122856112951 0.036232851748122
-0.578252710431121 0.121839318862393 -0.0464159544762776 0.0605897912225355
-0.596064282542733 -0.177353008936399 -0.127158750580885 -0.0279604249303999
-0.382698177689082 -0.478587212267815 -0.146435051555686 -0.142492786832505
-0.203696430826214 -0.642321087722168 -0.0959076529766418 -0.211679547067713
-0.203199713470325 -0.643472715617476 -0.0885924125971225 0.214369296090562
-0.258212826461676 -0.605915308221245 -0.0287304504887752 0.135951048958075
-0.489928008197107 -0.485881080646616 0.0425998400989192 0.0831893233800876
-0.630906946235521 -0.21621286903049 0.0218861109390608 0.0890883206444236
-0.548242943990854 0.0876491859349772 0.0122766508181439 0.0490625284101614
-0.430507974525822 0.267366183706136 0.0157877191171211 0.0716439473812583
-0.288430805931909 0.421220284882003 0.00989215479417202 0.0534474097854298
-0.178118018484619 0.407437516469671 -0.00108785741023728 0.0989238077492439
-0.166997662970899 0.432381364426668 -0.00660663266055418 0.0942211137523037
-0.296277142669701 0.369590917857596 0.0109478250110183 0.106581978033068
-0.382384201109137 0.269150717905862 -0.00762713003002174 0.113924055849167
-0.556152692535439 0.104024058157039 -0.0639628581942604 0.105061467973297
-0.573613997150144 -0.169555644987159 -0.10089399511476 0.0296942132661691
-0.391042806035972 -0.459720434217786 -0.0680809567253929 -0.0266256469383525
-0.236798083149005 -0.643737263992345 -0.0380076385236063 -0.000364986045814785
-0.22462262449024 -0.540565183683184 -0.0574524514091926 0.411146308864133
-0.266737775374259 -0.489315370983779 0.021118529110378 0.279575366876658
-0.433557285758623 -0.382439210158098 0.0500197414710018 0.12591219700884
-0.524780570216337 -0.163896852954706 -0.0156477461269138 0.0889741952166808
-0.459168015693656 0.0718725022879445 -0.0961759629811926 0.0794052462090261
-0.369972159202128 0.22411350425545 -0.110864457487883 0.164077651807649
-0.260456897124631 0.358045570242885 -0.0883669754881699 0.187296873569711
-0.172182447692231 0.341479875166309 -0.0763602814042115 0.23105553299171
-0.169279274840604 0.357026759650075 -0.0740972285523049 0.218840468933352
-0.278570963200275 0.291659168300631 -0.0612607467152865 0.204943121616671
-0.339010876302936 0.184033438088418 -0.0776094813957692 0.163243590545612
-0.447584881417899 0.0359275899667683 -0.0830423034960596 0.120265066542871
-0.44929576935328 -0.162386069921893 -0.0704460204583133 0.0643415383523167
-0.316114138216258 -0.380407301212356 0.0193807349323387 0.0698676130171582
-0.219436234129011 -0.548667195328466 0.0341371187936683 0.190705898677332
-0.206808394850742 -0.349642790145384 -0.0201395870876257 0.550884531721768
-0.220313203923392 -0.284231582006075 0.0704224571910468 0.38221906792616
-0.288246889917502 -0.212839768121409 0.0518050122844291 0.157835065856646
-0.31785043660485 -0.0881846900492184 -0.0433680946383428 0.0869896021386537
-0.285423808132478 0.0390032001140595 -0.176420630664005 0.107908045951359
-0.246631591424611 0.141247571429618 -0.205535486746811 0.237822824829492
-0.190880309243348 0.237454145979383 -0.164288576795866 0.29522168978309
-0.140142913307176 0.225836638232657 -0.138952631965454 0.327631089026347
-0.148191296235035 0.230907088053537 -0.139735702675239 0.303430376559
-0.223135261230407 0.172399891007256 -0.137709825321842 0.256138818798767
-0.249453952869757 0.0743860140214944 -0.147059052602177 0.167051155951187
-0.277856207982484 -0.0335212412700206 -0.101873935096555 0.0984710761820023
-0.258491642557783 -0.133011397034526 -0.0453504883693857 0.0730718311901933
-0.196867847535219 -0.249796990273802 0.0899700645521239 0.139604119750544
-0.170654225263753 -0.373524038693117 0.099430951652563 0.339470717655515
-0.146118934329221 -0.107147269352383 0.0140116323060982 0.612134576742982
-0.119380513596196 -0.046045920862753 0.119186716308965 0.430617056020698
-0.0881743508475516 -0.032376667222349 0.0606241211275008 0.170311988288533
-0.0708182877625681 -0.0248703578434376 -0.0492361710193364 0.077418489210053
-0.0830984575243483 -0.0131154912884746 -0.211731921635517 0.126051561953138
-0.0976869241397248 0.0290382536022569 -0.252473255433124 0.280825079102131
-0.100484880728882 0.0756487930350372 -0.204963811669454 0.359512692519097
-0.0871829990092466 0.0758523054690714 -0.181490231394527 0.372976914906499
-0.0975094636653189 0.0771647076309651 -0.195721954319271 0.337527975154795
-0.125788141160853 0.0446973509089123 -0.207393758797217 0.254878119631924
-0.118976551349823 -0.0180654406662224 -0.204110657739949 0.129555064636091
-0.0818882234528732 -0.0601841992480427 -0.1099823115339 0.0516064933103554
-0.0622376465414173 -0.0583800367636594 -0.022679284166281 0.0659420586379235
-0.0819355622150967 -0.0780278940161074 0.133007657373633 0.184629047677019
-0.111748977382825 -0.151090482064091 0.14760932655296 0.430593403268416
0.0429702184546985 -0.158457738101046 -0.236010980427736 -0.428807387536226
-0.0210917464966865 -0.152803115156499 -0.219734953875995 -0.230347802577879
-0.115895717820574 -0.0896721399166257 -0.0245447161042306 -0.0302896844427369
-0.129421690454229 0.0162519525643623 0.0872543290846273 0.00968499214299047
-0.0602409820257177 0.072397554626925 0.238382788177648 -0.0809310404540326
-0.0227533312046837 0.0738626081115787 0.271354125857317 -0.255112132484878
0.0181730199063183 0.0880357055566613 0.212326878009246 -0.359637346438883
0.023432472180529 0.0902746874070013 0.180543104356325 -0.384512844365003
0.0128445006577949 0.104395626802004 0.187811793194612 -0.38477942289079
-0.0306211479240095 0.0989305390326169 0.21774718407448 -0.304675109263328
-0.0755590328676226 0.0949213849824289 0.207025672354882 -0.160413086771215
-0.155621522779952 0.0406464052360584 0.0502566921285081 -0.0849543593757844
-0.135627611908239 -0.0716316548436246 -0.0697940236129763 -0.185138332838147
-0.0180189722230438 -0.116848237790853 -0.144329077362075 -0.396912026649801
0.0432690984402712 -0.0984595560779942 -0.0608405535980401 -0.6348810755453
-0.0514172007200837 -0.36933751289789 -0.195296544692168 -0.347274351253963
-0.106782468050529 -0.339037941423969 -0.182527023638744 -0.209504670144275
-0.265789250782356 -0.239387427447935 -0.0149514465680781 -0.0197683130968215
-0.32713320554517 -0.0544433017860013 0.0838393890693996 0.0478850049648774
-0.241310376561343 0.105113620743392 0.239806667525583 -0.0415898898633131
-0.1681967368955 0.177896631607966 0.279009124957348 -0.202277560267595
-0.0787655621813275 0.246434346261576 0.213879007568445 -0.309245108776602
-0.0383296265045726 0.244508595107 0.168806584787357 -0.316820269940544
-0.0507001322730194 0.269357338253979 0.157907615496952 -0.316803851958019
-0.145829920688277 0.235136701164929 0.182911143539293 -0.24685316288436
-0.220293509204446 0.185896834695995 0.168508969614638 -0.116510984331001
-0.358033891641365 0.0704283699806598 0.00839606411195175 -0.0453919790497122
-0.347507562679279 -0.136746195466396 -0.119242674055674 -0.151131516317161
-0.17278803371503 -0.300117705889903 -0.198077366439547 -0.35079334359661
-0.0578094894565044 -0.350132023726645 -0.125063539794822 -0.558385498122489
-0.131615865947842 -0.540303709835595 -0.155329962259311 -0.199856203237633
-0.183329744017731 -0.502325080007705 -0.134079117953648 -0.138004775585928
-0.395546984403943 -0.379831431543115 0.00349860272798272 0.000816730191839883
-0.505858298984652 -0.132802405340634 0.0756271746933788 0.0718449603637386
-0.411511447326578 0.118458364412305 0.201729822989442 -0.00962603256819107
-0.305951056393948 0.256162403208191 0.2363285248119 -0.128187014618197
-0.171750687310128 0.36982234199227 0.175713130586293 -0.214506849847235
-0.0934955134215352 0.362279356900547 0.130725292471561 -0.201187410066346
-0.0946594330380054 0.394688136563367 0.111191487219816 -0.200271015564764
-0.222252555712131 0.349367536794241 0.132387965125278 -0.148143199842113
-0.320759623114842 0.273552995346779 0.117238745685584 -0.0496189909418742
-0.510330512350693 0.125603603752896 -0.0235411541498356 0.00850273566258723
-0.524425734806359 -0.153620750110897 -0.142058112699423 -0.0901953797930171
-0.323143275451363 -0.418549567668583 -0.206059530611685 -0.255587695764794
-0.166665277885109 -0.540009932846369 -0.142980807871343 -0.40640105440439
-0.201968849857781 -0.637129102934988 -0.115415713541504 -0.00076883530136358
-0.253828516238019 -0.60163938560346 -0.079336596026196 -0.0151160434607855
-0.499871087370768 -0.466973556804683 0.0297337554566992 0.0363847466089633
-0.634704196926546 -0.177977919741451 0.0591596774352391 0.0829640275402045
-0.531159368867939 0.127714663798819 0.124351007781762 0.0177210800570315
-0.39859891656284 0.302337793260242 0.145535501970726 -0.035409674492616
-0.239065199622062 0.443093307471644 0.103447081423929 -0.0862326612333
-0.131691814291921 0.427584933051558 0.07456001870835 -0.0548188662566207
-0.122215327656939 0.461437835981429 0.0574007489311985 -0.0543825107773897
-0.263577282780542 0.410162455438734 0.0767927480957349 -0.0223642751399105
-0.370675566766708 0.322306746991363 0.0605442805373502 0.0354461549211558
-0.581725034378434 0.162656313310528 -0.0438369538628605 0.0672328887690886
-0.619388350068023 -0.142657635995148 -0.131691847094433 -0.0205075378476113
-0.421690906421566 -0.463167833077101 -0.15816646180448 -0.13811569946411
-0.253077430449748 -0.640358896191883 -0.110522851929608 -0.206146077788926
-0.246057441255671 -0.636769583339025 -0.0758333278503075 0.217572980018494
-0.300734388208752 -0.60063547666821 -0.019790621393229 0.136682225244261
-0.536071764636123 -0.464363859205359 0.0516739937823726 0.0823923631565602
-0.659392995843607 -0.176504834391865 0.0293431341637985 0.0887366447023238
-0.554816085182385 0.125092417222808 0.0169377290415881 0.0509491722353982
-0.421963293405306 0.303102816072257 0.0242461588708088 0.0706972954686136
-0.262176723991262 0.447455492339667 0.0109446141564737 0.0595322073772177
-0.151349274007893 0.42599591951469 0.00746276366720198 0.0997957898994223
-0.141014570409417 0.452183488607027 0.000813249078823892 0.0975196264441384
-0.275963330439212 0.398623630859133 0.0172200102564754 0.108240408157952
-0.375794716181698 0.299498774562183 -0.000342517532299388 0.119435824844721
-0.561069583651145 0.144648061408745 -0.0589719935421671 0.113480004676893
-0.596727172143562 -0.135698846687869 -0.100538644181623 0.0373653147575913
-0.42812675728339 -0.443137706952916 -0.0704311497260823 -0.0252645353108716
-0.28560511984599 -0.638799735131452 -0.0372824317625406 0.00444864059488793
-0.26240998470975 -0.5316542113117 -0.032072166018693 0.416663259251867
-0.301837479757627 -0.483265467691386 0.0405334737604394 0.27999745410089
-0.469192226304325 -0.363877280707179 0.0609696368896471 0.125617121305665
-0.549914671427363 -0.132041749966049 -0.00905644059783752 0.0916085652864643
-0.463851095467927 0.102324910881465 -0.091496178639809 0.0884854440352572
-0.362899071126153 0.256060795296555 -0.0984491494037697 0.173055009185073
-0.238027437407109 0.382536274424002 -0.0806615051268816 0.201089614496809
-0.149143169215265 0.36043590607347 -0.0618299782666038 0.23979110258283
-0.148613229891237 0.376215493927224 -0.060078538274555 0.228258587054564
-0.26327175676764 0.317252867100459 -0.0493052200696941 0.212289252282862
-0.335867754397155 0.210542865446452 -0.0681516817041773 0.173300513023834
-0.454422599453848 0.0678799398292417 -0.0775198660709378 0.129207967394976
-0.469193318957505 -0.136518285471565 -0.0667431312988223 0.0709457252974931
-0.346836231179674 -0.366495139742572 0.0247521375549086 0.0676807299554649
-0.263309281773077 -0.543673925749166 0.0482279601774147 0.19391159815966
-0.233545905982805 -0.340677019642635 0.0116529809725072 0.557792790190928
-0.24344529284211 -0.277477513111796 0.0980352396987992 0.38228385341693
-0.310917731279223 -0.198120143508236 0.064578010539743 0.156748224169324
-0.333244412081814 -0.068254021872923 -0.0375129897303962 0.0901612159457767
-0.289412593352585 0.057529861936756 -0.170744528351501 0.121526523934735
-0.242433583357117 0.161942023418702 -0.191077344863783 0.254353705842248
-0.176274854805976 0.254962837798257 -0.150238179015244 0.313979820381601
-0.124446309447132 0.240962822205696 -0.121162349712148 0.341778757032807
-0.134584707064108 0.246396428134923 -0.122065530363125 0.318910052062215
-0.214515085907243 0.192691559043803 -0.123770661665702 0.268284471018156
-0.250632541708199 0.0931675806615926 -0.139561737714486 0.181407125715503
-0.285611733426929 -0.0145207240959932 -0.0980322439314471 0.108010341796118
-0.273818527607513 -0.117713356568151 -0.0397093507610219 0.0785725788981595
-0.217757844230483 -0.241176019425001 0.101240161013785 0.134454143121594
-0.200611853111117 -0.369723880010285 0.124733054822413 0.339897576516092
-0.156360482997408 -0.0991027783340139 0.0515428194541857 0.618052398494466
-0.125062918910803 -0.0410496218446306 0.148981771199532 0.42847044507724
-0.0947393903658187 -0.0275488590572468 0.0739110272432036 0.169383767103799
-0.0738430010103228 -0.0204330978539723 -0.0447772296598791 0.08018588519189
-0.0860487090296066 -0.00931800140998248 -0.206915938269475 0.140477968856696
-0.0986144170909821 0.0361597689419839 -0.235845227217613 0.301655585979944
-0.0955150221528394 0.0842420964265431 -0.1870058799802 0.380411773276268
-0.0817666689905175 0.0846671029090045 -0.162488944574654 0.392865883952073
-0.0934214486956409 0.0866672388840785 -0.177838329405444 0.356983610204785
-0.123978137032359 0.0551512544446654 -0.195720597336205 0.271861805787407
-0.122812292668633 -0.00912203629470352 -0.199791775418221 0.145317461443147
-0.0877525008181587 -0.0544461951282339 -0.109293077727735 0.0600726559218319
-0.0698470893525324 -0.0546041300341401 -0.0166528477719437 0.0704094841656247
-0.0896655936229665 -0.0741532669374708 0.148215870156189 0.178753993534225
-0.126234425299436 -0.147621233708907 0.178335066536947 0.42996930977648
0.0313430285232282 -0.159090899310363 -0.260707116416757 -0.406458038476609
-0.0301031622346334 -0.148595302450225 -0.23365700543458 -0.211787492303437
-0.120280687903303 -0.0814084873921762 -0.0248616283520634 -0.0282573642591102
-0.127457724346819 0.0260962333664686 0.0868025035858686 0.00398796397712366
-0.0551205065550193 0.0765047561848748 0.228797711846834 -0.0960582821057387
-0.0173896185520741 0.0756689262728159 0.24812508748838 -0.272066388670111
0.0233831881788687 0.0848187827672959 0.185859052157931 -0.368186749202107
0.029801101061952 0.0859107788363241 0.152774220979943 -0.394888384607961
0.019839826584981 0.101643265486353 0.159167970951123 -0.392997486004889
-0.0241220946759454 0.0995282358410458 0.193638762850626 -0.315592239602665
-0.0685483252795944 0.0984917540474727 0.194507923513756 -0.174154444558963
-0.150933551363671 0.0517613143030425 0.044659547119486 -0.0870003824129554
-0.137928040716966 -0.0610955794646275 -0.0838173854583346 -0.179515125858788
-0.0249322212419508 -0.114776713730718 -0.170491752719016 -0.38148390138883
0.036544415556524 -0.099819159794748 -0.105686027566947 -0.62085084139966
-0.0762174393827774 -0.358260471354485 -0.214455638295821 -0.33057624092375
-0.128463529512511 -0.326737071688058 -0.195527387373268 -0.19489305433798
-0.280433961796583 -0.217906880597488 -0.0147328553217741 -0.0194585016574239
-0.329341932839359 -0.029293679346214 0.0872345163544685 0.0427075001868159
-0.232877882120269 0.120636354582189 0.234071195025258 -0.0556038603995095
-0.153633578893506 0.18999751115449 0.260977389442904 -0.220158417456902
-0.0601793067232259 0.247954397157842 0.190705766619626 -0.317208725916683
-0.0189550530242147 0.242501101593173 0.146330885469716 -0.327494373069833
-0.0300102584428009 0.269797509119556 0.134159098613927 -0.323574259892565
-0.127936899349955 0.244255176580803 0.163584016529227 -0.255563416692942
-0.206976549187152 0.199602859944764 0.159973508625806 -0.126813200439864
-0.349979169403577 0.0968967762967266 0.00559512256868077 -0.0443352890121156
-0.353946441176484 -0.11138143721945 -0.130601562105776 -0.141939208351999
-0.191572038538672 -0.285120033790725 -0.220388993304115 -0.333897124382197
-0.0829160444686646 -0.340933189282324 -0.160512315423249 -0.540966182581767
-0.167738485759607 -0.520083983505528 -0.165348854992407 -0.189332997677274
-0.21250487124089 -0.482391514254634 -0.143447962832102 -0.128910440130029
-0.419582436434064 -0.347240472464299 0.00535899676292233 -4.61225336050937E-05
-0.51176326149341 -0.0929285483229624 0.0805416195198896 0.066499576415742
-0.400685579715926 0.146326906839701 0.20018296575539 -0.021448288866649
-0.283981760645983 0.278357617352008 0.225983699991405 -0.14472202650162
-0.142754419759379 0.376820713302672 0.159292097936498 -0.218134885893083
-0.0638278061097385 0.363953833687859 0.116774754439643 -0.210407966567989
-0.0636009543680873 0.397628612127224 0.097078360808672 -0.205498403273486
-0.194681425637862 0.362899276236259 0.12033645639489 -0.154475005330701
-0.300531978359683 0.29453563635096 0.11402751697479 -0.0557967632053432
-0.497547086318711 0.162075493619239 -0.0220012134187051 0.0120449443056184
-0.531262127545484 -0.115376462989687 -0.148792016924274 -0.079597755351843
-0.350648271751791 -0.391604797296798 -0.222598414159437 -0.240371825534504
-0.206136359027565 -0.520969987990791 -0.16909788547225 -0.387860388563776
-0.241305086387672 -0.608724830083296 -0.113341427966199 0.00186885483053395
-0.291108261535652 -0.577323407944207 -0.0796236517079532 -0.0125257539410079
-0.528684474151866 -0.425420964609966 0.0342989922660248 0.0335379482964807
-0.644019982742096 -0.127599257957612 0.0661872691131658 0.0780469389459885
-0.519123427332931 0.163445824404067 0.12577384115923 0.0111387323869351
-0.372428716202408 0.332779335453439 0.143823923863889 -0.0474623538366536
-0.202635741084259 0.45297863207589 0.0967661082170556 -0.0855239194369921
-0.0959238369453925 0.429700627419449 0.070784327242785 -0.0617810564627245
-0.0870642793943662 0.465478888913206 0.0546517158493725 -0.0576055392820805
-0.230458796136669 0.427243113840693 0.0744675854440526 -0.0266786697390683
-0.347845521587077 0.347274041269144 0.0644495377570802 0.0331495976514373
-0.565558034798156 0.205662163917352 -0.0381861107235885 0.0722057720759645
-0.625677000505195 -0.0966898156615443 -0.132788592664213 -0.0108792096421412
-0.451483126324664 -0.428298149144388 -0.16668059186914 -0.127920586302807
-0.297437671740738 -0.614057510727707 -0.122067936681618 -0.193341675733921
-0.287049365689296 -0.605442247848933 -0.0595557359731538 0.214709143460463
-0.33973032202264 -0.572880805253713 -0.00968522666100048 0.132836456963908
-0.566359821432554 -0.421599125383542 0.059956264916551 0.0775032369596515
-0.671044062858536 -0.124907813392702 0.0374727731595816 0.0854885642540664
-0.542089343611589 0.162562020467149 0.0221198842682868 0.0507986953679436
-0.395564542815129 0.335837267979298 0.031605210707972 0.0657433162050844
-0.225160258983291 0.459351935873513 0.0149433668387975 0.0656640274914446
-0.115629005367687 0.431967377188488 0.0147516192700707 0.0963067251123433
-0.104382561789204 0.45884009865463 0.00931062588808643 0.0965209386657966
-0.242916334948612 0.41687813017292 0.0250669057007495 0.106316951304546
-0.352340429947371 0.325236858131595 0.0102399875162616 0.120357908841233
-0.546033978450576 0.185696843561076 -0.0499466480069564 0.119389079610156
-0.602073982457589 -0.0909826071289637 -0.0971278423674805 0.0448811554697646
-0.457181341921751 -0.406788088966677 -0.071595887733838 -0.0211633471132874
-0.332128577199996 -0.61069531147965 -0.0346998443822813 0.00945398979999998
-0.296416282853952 -0.504226561706508 -0.00357095385405129 0.409312425333461
-0.334399107022915 -0.458638368839092 0.0593935788897122 0.270683773575331
-0.495267008026792 -0.326200858784278 0.0719721262317908 0.11992956740676
-0.557300649907638 -0.0878336193773267 -0.00116365222622949 0.0899867574976372
-0.454961241246003 0.133682085131131 -0.082286050884615 0.0943278641018595
-0.340713445458651 0.282607299825762 -0.0818467725013715 0.176223815830699
-0.205261917482152 0.394235768735731 -0.0663214274010033 0.210788631685256
-0.118324690798504 0.367101432772565 -0.0440988132787202 0.239771278850562
-0.117864896401813 0.383607732608485 -0.0423421872628268 0.230355552518176
-0.236103303499646 0.336137205079983 -0.0336071390359863 0.213521640319466
-0.320231990094985 0.23348275644218 -0.0538791628492019 0.179003682408978
-0.445038621557369 0.102443958059306 -0.0680630605734519 0.135835561925282
-0.474942685453673 -0.101517686676363 -0.0603907398504108 0.0758175975392625
-0.37008246588127 -0.33955841567881 0.0286096301792196 0.0635275009015243
-0.303178356997939 -0.518071289378218 0.0635476341970157 0.190506573889503
-0.254453572355892 -0.318248048353796 0.0479528061668067 0.546411530893138
-0.26101772928232 -0.259540221465623 0.12249575875161 0.368333432303431
-0.324405601734673 -0.17408378813546 0.076755151043849 0.150522773210749
-0.337250746733484 -0.0426760456460183 -0.0301083238875149 0.0906980606480928
-0.284671269581196 0.0766368393441154 -0.158410301105445 0.131828583162718
-0.229335789468365 0.179251091278769 -0.167927977036081 0.263185791698075
-0.153557034598035 0.264672974579183 -0.127153528555271 0.324640412880084
-0.103710147637866 0.247400075299631 -0.0965179729613961 0.346963399321478
-0.11392206958852 0.25455175917757 -0.097736541099829 0.32450931538859
-0.196683210502789 0.208090762196714 -0.103893368289472 0.273357126249595
-0.243111158795496 0.111767986004792 -0.124292064891925 0.191586785225996
-0.283244205029037 0.00772455209628385 -0.089556293666309 0.115441182495754
-0.281358033317995 -0.0952240758013633 -0.0317972329098644 0.0808717808010269
-0.233335450752706 -0.221728416573068 0.110176611164652 0.12409686521196
-0.229184739375662 -0.350291881413157 0.149661209580181 0.328510952144702
-0.161379389568923 -0.0864598381426771 0.0899180794756365 0.604705434005096
-0.127874570002166 -0.0328675229901803 0.178590661491616 0.411695411357136
-0.0971649814951845 -0.0198420700284922 0.0863273416915885 0.161344020056177
-0.0759788233231319 -0.0147886629282509 -0.0388016170184517 0.0811515611261286
-0.086493387928056 -0.00430965947487525 -0.193730444255202 0.152683544844451
-0.0952834655419996 0.0431730826831349 -0.210459371894124 0.313686491538571
-0.0866500880748033 0.0908308372137649 -0.159512018220958 0.391192065420123
-0.0732107126167672 0.0904298634452484 -0.133671596866563 0.400558783327551
-0.0851346116609007 0.09330580681602 -0.150969379042817 0.36615614284154
-0.117316424849007 0.0652482565769139 -0.174173444995719 0.281213521420021
-0.122806346602676 0.0011707642292503 -0.187959132813428 0.159276154131842
-0.0908797362154617 -0.0456315635067496 -0.104414368701628 0.0678916054049256
-0.0753565181050727 -0.0470454553784372 -0.00961297665078805 0.0715792633209814
-0.0960718211615879 -0.0662026423987694 0.159496557209044 0.164613096425101
-0.138899502598014 -0.1368636577951 0.20894260284241 0.41286362561151
0.0222081878219536 -0.154730267480728 -0.271329937902977 -0.379773467324927
-0.035234674242392 -0.141490054967397 -0.23663767093259 -0.191699433626829
-0.120667515342308 -0.0725407526802371 -0.0241774037272245 -0.0275484703686878
-0.122407145893462 0.0323826830767465 0.0846113161711223 0.00039408689487872
-0.0503562117827979 0.0778468990658193 0.216281097647825 -0.102768047105464
-0.0127634328907239 0.075156375179034 0.224538682206973 -0.275422532718396
0.0255551608728531 0.0797062830133257 0.163565513729756 -0.365685034863196
0.0329661312922497 0.0805431714806353 0.129739128605761 -0.390807587149382
0.024030179423217 0.0968211453470688 0.132950186600609 -0.388243963852006
-0.0190160163335193 0.0970511884318015 0.170730028868752 -0.314799845548578
-0.0619605574469746 0.0989021561477114 0.180146920816652 -0.179834973568785
-0.143275283126608 0.0579873238930552 0.0394207695392939 -0.0866756129125604
-0.135763487099542 -0.0527917488849246 -0.0923600699676164 -0.170119357155683
-0.0291643625957058 -0.109925338032542 -0.185519310847277 -0.36122352738632
0.0310624999651953 -0.0982503547881792 -0.132097812888844 -0.59305206944553
-0.0910449602993576 -0.339629975848996 -0.222712019088219 -0.310681046425161
-0.138852397225018 -0.30826375441089 -0.19900420365466 -0.179371140089291
-0.283460151185862 -0.19663991055998 -0.0140305843226956 -0.0183805317551951
-0.32111817095359 -0.00906347513484227 0.0871472623179718 0.0378119856186174
-0.220843454438951 0.129885209319677 0.224718707515668 -0.0643915778205752
-0.137556987426296 0.195360522068968 0.241338132894109 -0.228016751667374
-0.0456820644922245 0.242001137669091 0.171529468676323 -0.312458858056741
-0.00508612121706346 0.234404436434497 0.126509010448789 -0.326383869546397
-0.0140796459069556 0.262295558390293 0.114416375642303 -0.320113623800751
-0.111402343577254 0.243991972168543 0.146035922309804 -0.254275549405686
-0.192175849018463 0.204334828056376 0.149216264965821 -0.130534279344362
-0.334061718239616 0.113007725526596 0.00419411500847766 -0.0429483048179409
-0.348505113048398 -0.0899131126004473 -0.135895541210149 -0.131826094128573
-0.199901780144812 -0.266884154494815 -0.231422942337049 -0.312733162798
-0.0986480866045193 -0.325023201632122 -0.182129734671222 -0.511344533088731
-0.186811737552763 -0.48985630090132 -0.167293647598352 -0.178555693542309
-0.230207345574728 -0.455300037077651 -0.145364912552713 -0.118756318335687
-0.42518461565439 -0.31400692358918 0.00715490442792244 -0.0020406415480701
-0.502458554868435 -0.0600031868979323 0.0829392654781655 0.0607616462859017
-0.383251480173323 0.163149428598348 0.194579214810226 -0.0295684889598587
-0.258544797178498 0.287870504977514 0.212448943094687 -0.153797336367939
-0.118005164664335 0.370598730485568 0.146687663710933 -0.213918148532275
-0.0410215165072545 0.354411175920496 0.103603857287914 -0.211838875794655
-0.0391115254921135 0.389054997189509 0.084732291351998 -0.203689064491306
-0.169934025856332 0.363431323947405 0.108900305947929 -0.154482228913564
-0.278275871311123 0.302867468692119 0.109682967411329 -0.058767237430988
-0.472512389323435 0.186391092620948 -0.0197338551028834 0.0139758332794687
-0.521895372414969 -0.0834267092122529 -0.150244709936731 -0.0696312189000181
-0.359302179160613 -0.361209198804256 -0.228563202041741 -0.222832040939108
-0.228713613279305 -0.492732816633378 -0.182144448643982 -0.36322706543159
-0.263530454184293 -0.572765958044949 -0.108609636300058 0.00357215111234322
-0.309677861884028 -0.54349392658803 -0.0791854673325657 -0.0104434715404681
-0.537953743120161 -0.382516110278908 0.038228733899372 0.0284743190640914
-0.633920547327113 -0.0866196418665149 0.070013302475891 0.0719581448473137
-0.496943516967905 0.186762787350634 0.125195212043747 0.00585473685730574
-0.341512603160915 0.345234993041266 0.139064023081473 -0.0560230401683756
-0.171258380040204 0.449007542917216 0.0926492860617067 -0.0809980887699101
-0.068377916571955 0.421363219686353 0.0661368471722793 -0.0653892129149491
-0.0569276899032519 0.454920154160759 0.0507164211781139 -0.0587970929599266
-0.200179874118378 0.427996546690928 0.0716051017172057 -0.0280417810768373
-0.322324752461888 0.355608456145331 0.0666937383248488 0.0307685627955135
-0.536240424657643 0.230907831654466 -0.0319823315161252 0.0733864594108331
-0.61264633277075 -0.0610665891223233 -0.130360526043906 -0.00319182191040091
-0.459947442185888 -0.39154497818063 -0.168584898890957 -0.11695355750851
-0.324327120519836 -0.576162873285031 -0.125658710702898 -0.177330374778636
-0.306518320148316 -0.567982233189357 -0.0471467704134518 0.205959965008439
-0.357101543818775 -0.539345328745317 -0.00389670970446546 0.126516196253784
-0.57233413273497 -0.377450356658129 0.0647551250814052 0.0702254786709203
-0.659278346240459 -0.0803991690342829 0.0427496674090236 0.0795837169542712
-0.521065049812327 0.186580686076549 0.0277640394856264 0.048668445705513
-0.364248517234054 0.349220430045195 0.0373201782884618 0.0588506968538906
-0.192328631685195 0.455878289194653 0.0205262616580451 0.0694664404819952
-0.0863883697336322 0.423067259261276 0.018821082913313 0.0914306102510007
-0.0750854927277542 0.449281024795653 0.0146713411582471 0.0922832438625473
-0.212475205996517 0.418102127788898 0.0303924012429241 0.102080363106535
-0.327667879712802 0.334725230849038 0.0187988333317322 0.118199782477636
-0.519757149227092 0.210175358886548 -0.0412677289353281 0.119829499745283
-0.591681386906546 -0.0551602184371439 -0.0916454575918957 0.0487884891941552
-0.464648861388845 -0.369173071430089 -0.0710866958013972 -0.0189615721437487
-0.357291168778881 -0.571489299308917 -0.0307889854587969 0.013306570482487
-0.310564982395159 -0.468986317078038 0.0147507523102723 0.39210146439982
-0.346413384140761 -0.429385733930019 0.070550198084887 0.256189537720762
-0.499535991397242 -0.288942977995191 0.0787660698030659 0.111138419424475
-0.5485426443199 -0.0537795652488464 0.00524683339296412 0.0862334389667452
-0.437982655877806 0.15368507730489 -0.071633033025634 0.0955189490997626
-0.315161656535792 0.294591991925322 -0.0677278373608086 0.17182741845754
-0.176130414525713 0.391467158946264 -0.0510046998137245 0.213595674715989
-0.0922101594442499 0.360477904656068 -0.0311837516274308 0.233489201471729
-0.0907982794985427 0.377769252736876 -0.0291995458663249 0.224123979227893
-0.209173729083696 0.339078672977058 -0.0213252124733954 0.208614079257429
-0.300567978182735 0.245245866222303 -0.0404375505826569 0.178113982282427
-0.425535747034624 0.125059328022147 -0.0576820032896833 0.136408675977782
-0.467376681959939 -0.0698722230789881 -0.0536335588566197 0.0764491784359708
-0.377919832602423 -0.307822876922313 0.0312237276233584 0.057901362355122
-0.32497590993395 -0.4825272744106 0.0734837762980125 0.182355295276144
-0.260441977294505 -0.292736356162668 0.0707684221159627 0.523366396660908
-0.266736991038693 -0.239888102794715 0.137402763331056 0.347656428086544
-0.327194215467357 -0.151353248492032 0.0842990020211337 0.140532666943322
-0.331793383119062 -0.0225303932743564 -0.0233125991373696 0.0882532832090723
-0.274954408374031 0.0884899727866537 -0.144660480053561 0.134857173642854
-0.212072087395309 0.187704338965002 -0.14728917118248 0.262309385441576
-0.133049548196665 0.26396112207623 -0.106580758300315 0.326103492881915
-0.0850392698720943 0.244732702276124 -0.0774204035131474 0.341520828974737
-0.0945253006288908 0.253396875170436 -0.0777359161001698 0.317575934640565
-0.177649646043244 0.213118789859774 -0.0864986434055439 0.270214817858219
-0.230999356935644 0.122930970659387 -0.109112689340677 0.193580061845449
-0.274131809298843 0.0243642045131886 -0.0805811455669356 0.118045372231424
-0.279079597234588 -0.0757780470334359 -0.0249623000911342 0.0806605956725069
-0.239117437915558 -0.201831310618746 0.11312582737657 0.11211604988671
-0.243654473796052 -0.325045229960075 0.162737944244554 0.310332829067332
-0.159410042116374 -0.0747714849468279 0.112927661861603 0.578844131859888
-0.126384465953414 -0.0272962427088857 0.193432787755272 0.386161751717296
-0.0966663006525858 -0.0136850288091613 0.0928727330475576 0.151867447218749
-0.0756230555805844 -0.0099771561892822 -0.0332128777603392 0.0790973700920106
-0.0857942737901659 -0.00063018549884631 -0.178952125113891 0.156179464029224
-0.0913706718571949 0.0471162474099217 -0.18638464432486 0.313481014426869
-0.0775697040828695 0.0926582446781297 -0.135068294317702 0.388507998639059
-0.0646321358049904 0.0916197451257185 -0.110749116056562 0.395773736599529
-0.0758600940382919 0.0955091566111364 -0.127648662058766 0.36271032615608
-0.108580869011763 0.0704519155366285 -0.154415902742485 0.281373013942112
-0.119026119108631 0.00902545585231089 -0.172581374956622 0.165047078472716
-0.0904219767924001 -0.0381315255034271 -0.097426486933043 0.0717866546656292
-0.0771968847773881 -0.0394735563940123 -0.00320742624710951 0.0704024177369066
-0.0976572798018324 -0.0585866439381876 0.163073343322409 0.149597188618343
-0.144431221360199 -0.124701367655101 0.223828582543128 0.387568993145865
0.0168686406631809 -0.15045680479198 -0.271001996754746 -0.363404032399686
-0.0362015532140168 -0.135389788658778 -0.234476386365779 -0.178898625409451
-0.119384381862186 -0.0673443830842774 -0.0238308311610308 -0.0268352616561498
-0.118471677045718 0.0345305292050459 0.0831658004032881 -0.00126294373285413
-0.0475847375116584 0.0777883707358 0.207756296801357 -0.10427884175449
-0.0100985317042724 0.0746749540369284 0.208708731496541 -0.273131881108968
0.026023858778549 0.0757556488181297 0.151294919956684 -0.359906538806937
0.034118915727123 0.076280782832337 0.117938849185875 -0.384560883574398
0.0256080955366999 0.0926679434435808 0.119468559081013 -0.380235607054499
-0.0164414455338576 0.0948271857340843 0.157812724144893 -0.30991893816997
-0.0580935152840003 0.0977988634308739 0.170724709069598 -0.180459388773146
-0.137022454640814 0.0606346268032294 0.0367531289453563 -0.0852299145867701
-0.132598895739838 -0.0484918108669936 -0.0957283836489666 -0.163240549527906
-0.0301892805795024 -0.106324268361876 -0.190629629661161 -0.344505005539511
0.0278840415708526 -0.0958632543705259 -0.141732097977565 -0.568187632721802
-0.0970859884320489 -0.324251000752273 -0.221915695795624 -0.299002738223718
-0.140866802414164 -0.294650293448987 -0.198440718484846 -0.168422868610485
-0.28152744463382 -0.181399026999654 -0.0128186033473479 -0.0201265657098793
-0.313289275790227 0.0012556991844852 0.0873506685775979 0.0348768996965366
-0.212714973894147 0.133518146508514 0.218158405907365 -0.0674512007636521
-0.127197806232516 0.195051761529697 0.228011552620425 -0.228796371516295
-0.0375970177178788 0.235419227067549 0.161683493424685 -0.307117701578513
0.00227806629629739 0.226635643232845 0.115799273591717 -0.321852041396468
-0.00597031269337087 0.255046356183885 0.1034202876875 -0.312948038922527
-0.102009185838539 0.241304432778923 0.135490454911006 -0.250667605929687
-0.183207769419323 0.205722155672267 0.143177087296884 -0.131712825296527
-0.322011982917096 0.121044056078844 0.00368960515864494 -0.041158104820622
-0.341604095882807 -0.0791327259096102 -0.137246840734925 -0.124531967956077
-0.20143878922699 -0.254287937492459 -0.234013691852547 -0.297614442705636
-0.104392270770588 -0.313093231563977 -0.188172347626991 -0.48864090692897
-0.192941089574901 -0.466136410405313 -0.166223869406156 -0.172337884033566
-0.23338658925594 -0.435625098354634 -0.145779016791879 -0.113034021372943
-0.423052990901142 -0.291359568464774 0.00904916134981015 -0.00513885568878232
-0.491413964699886 -0.0424810413747071 0.0845809527810442 0.0563826924463135
-0.371018098390348 0.170167788856366 0.191853121132324 -0.0332450401378389
-0.241377023798036 0.289779703050944 0.202920176139769 -0.158133395717665
-0.103453592734044 0.363104387193413 0.141557702902093 -0.208909530624444
-0.0283242960261086 0.343603519782859 0.0960267387811966 -0.210257107610491
-0.0259739304052573 0.37842322447108 0.078057574297284 -0.199945051280114
-0.154709185886178 0.36012605637257 0.103343281579111 -0.151976696328664
-0.265239127131735 0.303807121098713 0.107337236231497 -0.0605330804448425
-0.454022364239857 0.196287365717251 -0.0177511479051418 0.0149425616093543
-0.509758353739669 -0.0672073749082059 -0.14907502833043 -0.0628398204782769
-0.359628951514837 -0.341268960334651 -0.229058222245833 -0.210856254873368
-0.23764257001648 -0.4700871966281 -0.183022573772922 -0.345499830675856
-0.269218246167481 -0.544057910902032 -0.104875653607071 0.00157704550128652
-0.314071847845136 -0.520178610782996 -0.0780720361651602 -0.00984703714691808
-0.535360529156215 -0.356309447266506 0.0404624591988557 0.0246919997889465
-0.621190806361257 -0.0618855480898873 0.07265535306292 0.0673338306828441
-0.482362356572053 0.196619680943097 0.126270978592115 0.00187771650435409
-0.320258792494892 0.348170680875592 0.135488062173919 -0.0617893021632731
-0.152619050029014 0.439918910066319 0.0930387780950398 -0.0768565496186802
-0.0530403081870035 0.407979163622626 0.0624481259671043 -0.0666431220496628
-0.0408329854090989 0.443071634188398 0.0489035723372894 -0.058458867226246
-0.181606147419697 0.422748687235094 0.0695842947060769 -0.0284201106324299
-0.305858613476875 0.357166300158693 0.0691025641000888 0.0282181939229405
-0.515306256609249 0.24332693413468 -0.0276525210837024 0.0735655551296048
-0.597490471450469 -0.0420531524006669 -0.128383361695799 0.000923417320499537
-0.458755289626243 -0.366927276458028 -0.167694516984267 -0.110057566771477
-0.332296158869287 -0.54971169515632 -0.124449828807228 -0.166235372108145
-0.309448438919681 -0.539322632120763 -0.0413018560939014 0.197947288501085
-0.361452267509752 -0.516900248299532 -0.00163014952091648 0.121287926117048
-0.572177564204466 -0.349883159068328 0.0681965169087507 0.0647147009392601
-0.646476801647145 -0.0589616232494621 0.0450991504686414 0.0756064842714887
-0.506193813955802 0.196617510146096 0.0324612419955373 0.0458976152132763
-0.342631724442894 0.352408439504443 0.0397175538356838 0.0521200077817786
-0.172591823889272 0.447910403205093 0.0264554236142303 0.0718926107537761
-0.0702340842531663 0.411708276924796 0.0202365940059377 0.0873253495061696
-0.0574595331839341 0.43938206685042 0.0172752456689224 0.0888854923208784
-0.1943149436839 0.41362217572933 0.0327522073588357 0.0996533054729792
-0.311896726898402 0.337377030533669 0.0250143649219113 0.115113626577033
-0.499235582196258 0.222276300056333 -0.0354178081392359 0.11889699057587
-0.576931506540357 -0.0360128175749692 -0.0884955860279836 0.0501887687535377
-0.462533837157764 -0.345679811195175 -0.0704120714021395 -0.0184843858239695
-0.366574314543585 -0.542903800055517 -0.0273326357249698 0.0156818678548762
-0.309682693098071 -0.443640610996387 0.0228294996057876 0.377282541650293
-0.350096979390142 -0.410296511188727 0.0743575214313719 0.245378418760557
-0.497868251102659 -0.266661239288501 0.082776037372884 0.104247086563964
-0.53772284073376 -0.0342061922890087 0.00889029352169266 0.0823102239042522
-0.426141959073421 0.162793153598696 -0.0638771419498896 0.0933231029420436
-0.297641204491657 0.298059512267877 -0.0588253947436192 0.164853887301877
-0.158498122239102 0.384866651212327 -0.0400389824465088 0.213369102387318
-0.0779030277898119 0.352027848891211 -0.0252609670466196 0.228530604671951
-0.075732736084871 0.368969857703375 -0.0221510937486201 0.218233123280362
-0.192404109875404 0.33688093452691 -0.014534516155405 0.203703534590475
-0.287209965232885 0.248881209130263 -0.0321462653632528 0.175445009252314
-0.410787606163213 0.135163478696768 -0.0514640770840607 0.1358541553493
-0.458129248006197 -0.0548197038558778 -0.0503476777230848 0.0762760367257316
-0.37611057387239 -0.288060828086573 0.0315475348151652 0.053043529234153
-0.332622175053572 -0.457165438336331 0.0779347256510984 0.176010385135807
-0.257756537902992 -0.276806198223178 0.078625315886465 0.504708394198967
-0.266918981637404 -0.228172216114349 0.141424165179907 0.332825773274302
-0.325104288638015 -0.137977210791457 0.0879698419533241 0.133869691924829
-0.326113278873687 -0.0106779902050484 -0.0196986025680736 0.0846251416865144
-0.268160921095759 0.0939298395340889 -0.136024170109891 0.133056672415548
-0.201644090780802 0.189993413557188 -0.133936168195863 0.255737750692385
-0.12021629605402 0.260173979309934 -0.0922245459387391 0.322824923401665
-0.0737911687689575 0.239604279016131 -0.0674021671618696 0.334266249399531
-0.0827966874836564 0.248675363889904 -0.0674684688653931 0.310798994317699
-0.165460096403075 0.213157299393517 -0.0762073012329955 0.265019009491795
-0.222846193559285 0.128346067585743 -0.0989512266239581 0.191842433063638
-0.266318372675476 0.033108406340775 -0.0744836547229754 0.117616152808371
-0.275195800111429 -0.0638769982731777 -0.0218077217544965 0.0788653124638087
-0.238698751967002 -0.188564283997042 0.112696740519808 0.103544223204458
-0.24895577410274 -0.306906603452235 0.167565910610685 0.297039647594851
-0.156039670136563 -0.0683002155340851 0.12185950784219 0.560226544403623
-0.124384887900259 -0.0249796547382934 0.196235350358185 0.369327167933094
-0.096004573754759 -0.0109373887132619 0.0957514530641871 0.144212534690209
-0.0746194593912541 -0.00799003042872452 -0.0307247083730151 0.0764736000949824
-0.0852154026199032 0.00108845421835681 -0.169733574223648 0.154492891832576
-0.0879824049178423 0.0487999925277491 -0.171831013300307 0.308339996022658
-0.0715947181436737 0.0921882773919332 -0.122493542832229 0.383791936931668
-0.0594218387957917 0.0910834214370646 -0.0989422556460777 0.389927703144992
-0.0695444720618951 0.095353513226524 -0.11475349333514 0.355407369461372
-0.101936263675132 0.0725518092948077 -0.143666369582312 0.277867099627518
-0.115648363024285 0.0140341440370214 -0.162239676085424 0.165704846126111
-0.0884929969162227 -0.0329903300410022 -0.0931413959881903 0.0730031120602769
-0.0778543903978961 -0.0340572246422253 0.00039802683692755 0.0685123996796953
-0.0977313828271735 -0.0537284578362017 0.162149402048032 0.139094728858419
-0.146584243744523 -0.115770826250182 0.228848798203735 0.37063567145435
-0.0132704631419843 -0.14389999864588 -0.338629231116163 -0.317595831909593
-0.0615946111307408 -0.117921366375272 -0.26615120654437 -0.137720376266868
-0.126062656446738 -0.0382469499953321 -0.0307622463182976 -0.035230011894584
-0.102594367493218 0.0577817380297054 0.0761976920178508 -0.0250530846270178
-0.0287453151148871 0.0808138871196026 0.179034282235814 -0.143673265992934
0.0021861809359182 0.0709551069673184 0.147967593155344 -0.307209087087069
0.0389212290868624 0.0627247084102187 0.0754916480080646 -0.377752692518969
0.0448821673286217 0.0638094424860338 0.0396392214882082 -0.400808433503738
0.0423969589707889 0.079915336528315 0.0430475563529402 -0.403223213274533
0.00369955880290619 0.0914700389400081 0.0912995505332448 -0.344437843019825
-0.0340500731399733 0.101049042619623 0.129121099957011 -0.218155070135395
-0.116719147978925 0.0834585323004861 0.0186637704887432 -0.0966165225699238
-0.133832404619005 -0.0232033247389679 -0.128897992550372 -0.146992894548299
-0.0481805922589106 -0.102905541662838 -0.261467798165489 -0.296283339792297
0.00984166874094965 -0.107565492251138 -0.249991682483288 -0.528236831413155
-0.151166940007765 -0.2839489170089 -0.274506873904942 -0.276557242741178
-0.192961697625366 -0.247105307652214 -0.226403508970289 -0.144259258294152
-0.301913864624016 -0.11133845323558 -0.0189274498358065 -0.0470642229253809
-0.292647451282646 0.0700765914208427 0.0844548125855096 -0.00691076523399027
-0.174795421968257 0.167841189566045 0.187792071573001 -0.115596889014289
-0.0842239444961654 0.209086034923319 0.16601372217032 -0.270817900030588
0.0140168124072223 0.226933189067383 0.0847675275312308 -0.329346700454243
0.0427665955526375 0.212640278714549 0.0490881926496745 -0.339067317414205
0.0440493966707669 0.240307878397115 0.0408742477144849 -0.33559955055181
-0.0494256280930929 0.249579279989219 0.0808103446928593 -0.285157460480321
-0.132536345143683 0.22770836695788 0.112230580718696 -0.165800464806245
-0.281923228314933 0.177260713044918 -0.00415847670426392 -0.0496262997819298
-0.339399586510308 -0.00992231649020562 -0.159025324311913 -0.107630191526021
-0.246175274480344 -0.209778014011849 -0.283098899726953 -0.238309616539233
-0.165525055725011 -0.28857218238833 -0.267463388237887 -0.432253186959155
-0.265381104807881 -0.397276688013963 -0.191297239426893 -0.172549232470361
-0.308240387079907 -0.362544985896646 -0.159540301251817 -0.106993144913887
-0.457443331100489 -0.183175554455826 0.00551263789940551 -0.0517276283469911
-0.46853445460094 0.0699607690288546 0.082841940957367 -0.000700471211613023
-0.317558682091149 0.236670307744132 0.158511306924687 -0.0838733755012002
-0.17375391840655 0.32236630255362 0.147351525070496 -0.199096137228771
-0.0202648677238589 0.361998028941117 0.0737187023907225 -0.231319846776746
0.0353862472237747 0.331114895409324 0.050342957234592 -0.225095150358687
0.0484594292340301 0.362151886467063 0.0388932745811664 -0.221044730817637
-0.077478041315327 0.373330125713703 0.0683842069731412 -0.183031537677155
-0.193267754442922 0.336077395036528 0.0914758446435263 -0.0881973429992969
-0.392791817581842 0.275324782345959 -0.0137401400221223 0.00736004751950706
-0.497849502853788 0.0357969309618045 -0.155504301691124 -0.0507785358498895
-0.417405326855647 -0.260154907678409 -0.249278105958078 -0.155881302734982
-0.330257612105817 -0.413094771257006 -0.221045317200738 -0.2886915523454
-0.349904091446299 -0.454803726747375 -0.0948515482533879 -0.0156224859767877
-0.402387014258932 -0.426397468680649 -0.0698438622428491 -0.0235950208947718
-0.577706293788535 -0.221043921703171 0.0417865508356867 -0.0399890711474814
-0.595635569225497 0.0789290435195668 0.0699948808766924 0.00176819923667162
-0.418883613374559 0.285191130978287 0.0945448754108889 -0.0405835993411544
-0.235853385215899 0.395435633448576 0.0944714166132353 -0.0939737099940561
-0.0482154727952522 0.445981770739832 0.0449748266773216 -0.0943266135512406
0.0235321236136001 0.397982726425049 0.0447574899836614 -0.0777146370704231
0.047304321595052 0.427787627549141 0.0384663926080996 -0.0755501678230601
-0.0909632182238296 0.439890195562928 0.0603072773639254 -0.0541138470541525
-0.221593986545204 0.395256224647085 0.0719755826984004 0.00667916573624055
-0.443482079857076 0.333433722363516 -0.0111635194387152 0.0660288527157208
-0.575560987252035 0.0784959747994699 -0.120451289280253 0.00407413686643345
-0.519718163152741 -0.261795112412602 -0.160653705553433 -0.0709771087773629
-0.438504542412939 -0.466633467716075 -0.119568648143478 -0.123574479502207
-0.386571040177622 -0.442954842514547 0.00667481646080123 0.167892699165774
-0.446333031380955 -0.415227094233427 0.0317947085912842 0.091405179146786
-0.609527206369018 -0.208377918840366 0.0754658699872433 -0.00737545038977489
-0.621733961623387 0.0914159945764938 0.0439787530429766 0.0130960934806245
-0.441945014002638 0.291865873378468 0.00872808401371748 0.0199596720033641
-0.25657303355022 0.406158774234492 0.0214361732192725 0.0360485940001544
-0.0638838924513551 0.459137893668483 0.00741874530979194 0.0632397277006435
0.00853921660853501 0.405440747272731 0.0340981260035297 0.0813821295333223
0.0297470526969696 0.426286208720257 0.0364477355482039 0.0778589956105199
-0.104005587094606 0.434426065788903 0.051115719882927 0.0813100742863955
-0.232152308069263 0.379803870559266 0.0478636763409079 0.103065051491936
-0.432733740254628 0.310251420087965 -0.00873551364628054 0.113506405289823
-0.554523218532448 0.081807205022333 -0.0697796617662824 0.0453150590349709
-0.519414444391519 -0.23857036593464 -0.0439028205336159 -0.00262212266505058
-0.469943682068433 -0.449020709314798 0.0138530837945595 0.03612458574692
-0.369466272743565 -0.355241366680075 0.103550996442997 0.340373037195256
-0.413934617433651 -0.318349496303089 0.128866689715111 0.204165320300182
-0.525397783252538 -0.146403029900195 0.0966480341410861 0.0385864210714708
-0.51440148771202 0.0884027540022486 0.0102301764190509 0.0367954047376373
-0.373448529913343 0.244727248446556 -0.072698167511689 0.08900527327014
-0.222830727252636 0.344829307246919 -0.0496674088409043 0.167349512851387
-0.0643767567886521 0.398786529768081 -0.027472702397517 0.213786185756987
-0.00878270339521487 0.350609100883457 0.0173750183201493 0.229203669356684
0.000198700835279619 0.366375275039152 0.0234439987905418 0.215065762267714
-0.118939116766014 0.361066944438469 0.0262387630440862 0.196664801897086
-0.226275501306926 0.292134474443254 0.00542975716613481 0.174998606759864
-0.365408011939716 0.211073090381666 -0.0197104989684841 0.1355489154176
-0.444724048082392 0.041723463394313 -0.0259714333009031 0.0676963321954611
-0.423616107721755 -0.197119511937767 0.0684176575532146 0.0455056003331937
-0.418749714421569 -0.369204118818285 0.145890522995239 0.170762570108186
-0.290997052283875 -0.208684489048842 0.181409789574743 0.469372660613253
-0.298403044416857 -0.163640177067139 0.209067123269877 0.287641532914952
-0.33585380956793 -0.0612248854409753 0.108002144114649 0.0850923141440357
-0.309349348828471 0.0642852896344907 -0.0134029076723358 0.0612996502422173
-0.237360245338761 0.147710868369546 -0.124956718363448 0.148462141543845
-0.151900927466823 0.224399115568698 -0.0977753875318266 0.273261941727687
-0.0551072583733932 0.273178789100952 -0.0486107692474876 0.332083381500882
-0.0249242805142461 0.243144473963565 -0.00123647337663582 0.341771184309796
-0.0298960316497661 0.253488220128404 -0.0034436481065037 0.318604321186231
-0.117026633966337 0.238782645298123 -0.0213361348093749 0.27314647690798
-0.187733663375976 0.165821323784745 -0.0570288010892301 0.207914355186709
-0.248107252105604 0.0853377794870176 -0.0460289430212452 0.127239020597799
-0.272780655481275 -0.00295990438301894 0.00174845818539617 0.0719674088794879
-0.270408154491639 -0.128225984535459 0.150826972889992 0.0769609991019044
-0.305824091233255 -0.239397670972262 0.249915280655699 0.267431381766467
-0.157135727384635 -0.0334675013408383 0.230080521015848 0.530066419516121
-0.12076618248405 8.0220493031552E-06 0.268837049727328 0.324847316062439
-0.0925237908304779 0.00987776058818333 0.120806314239896 0.11630194044843
-0.0726948137562279 0.010514435982643 -0.0183336189413525 0.0744818893247566
-0.0823601599909231 0.0213970006817829 -0.142383913529463 0.181393201249201
-0.0714666006691778 0.0673186957319061 -0.11461855718917 0.33412468566924
-0.0451829995953309 0.1051505507379 -0.0539717576460995 0.396788293436446
-0.0380386515306241 0.0997367479240961 -0.0207353055553098 0.402944386767775
-0.04704080475189 0.106645133102099 -0.0412442509406787 0.375310872844117
-0.0842682869008912 0.091320926103718 -0.0842333940029669 0.304851517645348
-0.108079540926951 0.0374645664984857 -0.124977618763278 0.19803102079039
-0.0921590797658449 -0.0130519029032181 -0.0746784428168884 0.0919538149704359
-0.0806577515779105 -0.0133826006126775 0.0186737561564096 0.06483691500992
-0.106611799174594 -0.026606191828498 0.197496898732089 0.0995386528567015
-0.166939419037054 -0.0743205013454006 0.313859402977732 0.322432963566958
-0.0172813345111732 -0.143055899664683 -0.349559913038023 -0.31615421348606
-0.0628576397538328 -0.117308736904291 -0.273400005317067 -0.131869703174927
-0.12817324220183 -0.0338607905880616 -0.0326492148026015 -0.0371703133826792
-0.102109865167594 0.0616508823365456 0.0770544044124857 -0.0282603677485336
-0.0268891798514717 0.0837492015551571 0.17947299772415 -0.149974770544559
0.00502040339598348 0.07259314965056 0.140937716881527 -0.314607351787077
0.0397911222429991 0.0621696382377368 0.0677375933253015 -0.386556821720967
0.0468313883609095 0.0623294354977313 0.030700477623985 -0.409982777904587
0.0452920237799396 0.0792337178090985 0.0341566345967211 -0.409611133346539
0.0055521680744422 0.092934998971024 0.0841045928872126 -0.350555921020862
-0.0322151667563018 0.103393230236079 0.124876190367132 -0.224577889735825
-0.115545333079193 0.0872473208525087 0.0168174970097599 -0.0990645287503588
-0.136049965458544 -0.0214394179490287 -0.135993575403646 -0.145180723989649
-0.0505466046959244 -0.10348269494439 -0.272802160399673 -0.29083961208396
0.00647254433236304 -0.108973482161157 -0.263593932957404 -0.526033544870869
-0.156919529868603 -0.279811836413006 -0.283658370240188 -0.276668358779862
-0.198624742859371 -0.244299035027669 -0.232838512638875 -0.139546058737716
-0.307960420957647 -0.101922471378125 -0.0213378592460064 -0.050931173910551
-0.29354746957084 0.080392836388552 0.085587280779498 -0.0107665269194207
-0.173007388789789 0.176891730861308 0.189138265475321 -0.123551288255694
-0.07768109897015 0.214689566490784 0.159747408512861 -0.279239328732427
0.0200095565580005 0.228691040795244 0.0798372052525102 -0.337248948560447
0.0490476309339645 0.212860381953606 0.0422702311117563 -0.34690968808884
0.0519758428412452 0.241513599836669 0.0344024421061975 -0.34146544494492
-0.0437941845025716 0.255383928662915 0.0752688235551589 -0.290535097776482
-0.128237707710975 0.235482961307233 0.109970078950587 -0.172162401819563
-0.279711704098336 0.188305086562587 -0.00534898977866352 -0.0509979521665693
-0.344614702868172 -0.00122951926797074 -0.165083266577863 -0.104016826809164
-0.254381242025354 -0.206858960026683 -0.292685282324414 -0.233396773318534
-0.176470872049626 -0.287550910961572 -0.278055326332865 -0.429558778357512
-0.274491510436873 -0.390836624521966 -0.197686284392911 -0.173360975466302
-0.319464819778151 -0.357903074719663 -0.164684550654038 -0.104419798199668
-0.469089553704661 -0.170552242370224 0.00364967128959022 -0.0566447114780502
-0.472392081764793 0.085687141874016 0.0843903443390384 -0.0050642980859754
-0.317244193691103 0.250631152803552 0.161247736083985 -0.0920237236759088
-0.164596781764832 0.332883990915788 0.142911998496977 -0.209077674703409
-0.0100114254391117 0.366229967337282 0.0728930709893551 -0.237044479574247
0.0449039152505331 0.332251191214458 0.0464321860371978 -0.230880994863796
0.0607066391343438 0.364043147796168 0.0340112374687258 -0.22443629892787
-0.0673103758388156 0.382169200054979 0.0654033509548266 -0.186921147619711
-0.187086186493341 0.349283492799568 0.0925418823397818 -0.0938521473970074
-0.390899366535308 0.292419674982337 -0.0134019935582356 0.00761463359722549
-0.504572263053971 0.0497429693766382 -0.160175254966093 -0.0468238326189548
-0.430226027011426 -0.251542295915041 -0.256737681597894 -0.15133296782681
-0.345533472724799 -0.407159451412141 -0.228113840727573 -0.284311932570953
-0.360535365068806 -0.449200941767515 -0.0966642769488687 -0.0168935665104541
-0.417527734489526 -0.421674906600869 -0.0720084429232942 -0.0224283147807034
-0.590296489903258 -0.203759411106287 0.0409054636411512 -0.0463065081601427
-0.600719848425875 0.101051716640137 0.0716538395687458 -0.00263428866099987
-0.418659640892695 0.303918567338319 0.0969838517312333 -0.0477022043374891
-0.225647964687199 0.408439853079116 0.0917921980333362 -0.102177571418619
-0.0362353618152413 0.451591921572426 0.0486716080923611 -0.0973991168734525
0.0353071481290741 0.399564914799209 0.0438903926062549 -0.0802452085461962
0.0627488192068724 0.4296526069941 0.0375718540784009 -0.0777293323022951
-0.0796305966323767 0.450661871661182 0.0612589421389814 -0.055805800378813
-0.214269843628847 0.410664960286785 0.0761014866770441 0.00321210882828568
-0.43813392507092 0.351253457956072 -0.009213804455919 0.0668099701557605
-0.583577829713839 0.0961977055667126 -0.122830182073436 0.0086904053398936
-0.533217242067679 -0.251294577595132 -0.165826683075875 -0.0685227761277516
-0.459623689110295 -0.455346428741785 -0.120268267084905 -0.120753526551633
-0.397894505690445 -0.437396149567894 0.0100301128842957 0.166783791722954
-0.463255792606658 -0.40987500443101 0.0341088585063925 0.0909300632024463
-0.624915691408314 -0.191128340556305 0.0765649895773956 -0.0138366787229767
-0.626527439063118 0.112464201096358 0.0455509965503504 0.00922890184841987
-0.442767766070888 0.312872231486353 0.0114790501165509 0.0156184905529938
-0.246467680906196 0.420442096258701 0.0214651605971044 0.0304742446278055
-0.0508471222286173 0.466813541534368 0.0148308084590497 0.06351530866139
0.0202611201807301 0.408023089753267 0.036732693685465 0.0824635129216971
0.044729464349374 0.429378842497366 0.0387701108798014 0.0770713054293007
-0.093057478123646 0.444839023722344 0.0551347449727349 0.0814923513550358
-0.225684934548887 0.395815159908775 0.0539641967114947 0.101492461726451
-0.428355599991422 0.32796774234545 -0.00519126079992205 0.11453260903121
-0.561586211569129 0.100939682599506 -0.0702480684089706 0.0485820117818265
-0.532373344362344 -0.226608397301857 -0.046043182412162 -0.0028571016108203
-0.490229769195983 -0.437030481835875 0.0181890185826797 0.0371013270398072
-0.379580926139334 -0.350189583419662 0.111917984051508 0.340765596386894
-0.429334113912403 -0.312912667986016 0.135893963914915 0.203096613836233
-0.538983025892518 -0.130228716659848 0.0996830002022354 0.0333165331532469
-0.519019193506038 0.109089528342999 0.0115171746936549 0.0341854647977435
-0.375249573669738 0.262611588493777 -0.0702647794711685 0.0878103493185976
-0.214498326089672 0.357593714116037 -0.0471515340130445 0.166333761739376
-0.0537016023589178 0.404736210106533 -0.0169642232274 0.218145552225454
0.00162019404062952 0.353200018187417 0.0237924708905483 0.233476942924866
0.0118678732641105 0.368822659465385 0.0284541651792351 0.217816967264908
-0.109323620223807 0.369461189304751 0.0326626351098555 0.199098947352758
-0.220796128856206 0.305083849161582 0.0129301038553846 0.175855071594748
-0.363396016171195 0.22542678668042 -0.0156793874836624 0.137886348020045
-0.450123891123498 0.056978794009788 -0.0245915646625088 0.0693897661761977
-0.435535048758408 -0.186370630320618 0.0684578441568009 0.0426102379353701
-0.436134039375625 -0.358148038453491 0.15424938610431 0.169741951040243
-0.296277981620453 -0.205049474311536 0.193133462123304 0.469145578462466
-0.307570882822381 -0.158881630102579 0.2187536178262 0.285010143524025
-0.344236754602199 -0.0519013162681706 0.112946035860228 0.0816601742687604
-0.31398861119665 0.0761314409087839 -0.0122504094149898 0.0614889365193915
-0.239750540189721 0.159272572230916 -0.124111018579825 0.151018413119505
-0.147417610728385 0.232772380146181 -0.0927062890424505 0.277394129552242
-0.0467775986620958 0.276936549730932 -0.0371379555032116 0.339140121698285
-0.0175796491683685 0.245757745496847 0.00737222237572619 0.349204287373326
-0.0219772739430698 0.25638301591762 0.00389405938809757 0.324098481554005
-0.11037821122647 0.24491051643381 -0.0139626220202686 0.278391154454599
-0.184972031720878 0.175795356264665 -0.0491140549828854 0.211240384574953
-0.248465186795144 0.0949253396003342 -0.0430536475836398 0.130309430406178
-0.276752130543744 0.00765573660160531 0.0045706800530962 0.0726830056735663
-0.278098843783923 -0.121644207169379 0.152623780094119 0.0719850245461997
-0.318378882507929 -0.230018697779244 0.260642949345366 0.265471970211002
-0.158284146894582 -0.0314395183582292 0.244181645831338 0.532115412336119
-0.12444178997675 0.00233858199568508 0.279770802636151 0.321021463833566
-0.0958039615353632 0.0123974080848042 0.126556759459544 0.113763034707963
-0.0744500115378767 0.0132208597821534 -0.0171795529011713 0.0749847618047365
-0.0848672768064797 0.0242670018501818 -0.140804804286899 0.187032892138996
-0.0713669262665996 0.0703895524658743 -0.106831328994941 0.340410900265993
-0.0417518959478354 0.107024084275043 -0.0426391494573803 0.405169629613885
-0.0351299713744229 0.101580604521105 -0.0108813000342137 0.411432150410591
-0.0435949189181996 0.108922192193277 -0.0329462988802349 0.381960735399268
-0.0811253966215217 0.094855571495144 -0.0771467411738432 0.311571995740635
-0.10768614866817 0.0426067674725069 -0.120171485480097 0.203812876114123
-0.0929766427901103 -0.00926580077338086 -0.0726560482450672 0.0952190748203725
-0.0822968001148641 -0.00828380514121608 0.0217054530790492 0.0650503084271262
-0.109931689740622 -0.0234469936686521 0.200481529253938 0.093638880652544
-0.172523681533608 -0.0687414400192284 0.324489804392337 0.31955277516609
-0.0244821074684898 -0.142047496534055 -0.370956845463994 -0.303765916141633
-0.0672171642460783 -0.115571592930078 -0.284895620228309 -0.118446592683279
-0.130066885638078 -0.0265755482966368 -0.0368638827551252 -0.0377168153014735
-0.0994370557457915 0.0691425221431246 0.0768599484716206 -0.0338221021571033
-0.0214505589450578 0.0871693258858619 0.174851205364091 -0.163177948757437
0.0102859785145169 0.0739414447764654 0.12515514265327 -0.326834919565078
0.0433241920814641 0.0608296013344524 0.0477903537136785 -0.398185259370663
0.0501260462171338 0.0602096373464124 0.00948941435078187 -0.42133823925855
0.0503679078845672 0.077766931894062 0.0133574888762708 -0.418156084262274
0.0105259880355871 0.0948877155359604 0.0664183983167069 -0.359824355333557
-0.026967366360043 0.107229555667773 0.113966392382216 -0.235576711368501
-0.112283992468625 0.0944133276134971 0.0114637151989849 -0.101254212603212
-0.139865900260076 -0.0152616592570332 -0.147898413439691 -0.138463263905467
-0.0561728146691226 -0.10334439978764 -0.2919637173474 -0.279502070188368
2.32309907784028E-05 -0.110264702616189 -0.291670788086835 -0.51796018714703
-0.172001760975367 -0.27297049660746 -0.303008826964777 -0.26771032081263
-0.211628330761499 -0.236113260337435 -0.24384173218187 -0.128165855632364
-0.316064649156886 -0.0840971456029859 -0.0264868626263153 -0.05331904274198
-0.292213197394002 0.100103164528957 0.0864522636790954 -0.0173030912552672
-0.166074911078671 0.191074154316815 0.18612178379395 -0.138182480953557
-0.0655330266110256 0.223174640828385 0.145626484272174 -0.294326951538247
0.032047269961366 0.230296385714855 0.0647537075490689 -0.349528095771
0.0605117009929388 0.212181122536938 0.0249900094573151 -0.357522596298393
0.0670862821835652 0.240882711870835 0.0168753894439069 -0.350282959889006
-0.0292596993073244 0.262716438716225 0.0620260403254261 -0.298600727829931
-0.117500462564675 0.248503094527421 0.103163474724206 -0.1822554615067
-0.273322002478535 0.208072503392614 -0.0083582733364901 -0.0516727369727788
-0.35168489047907 0.0177637838152897 -0.175198617371877 -0.0945785935682838
-0.270140068714766 -0.196000429104022 -0.309684655641023 -0.219750196689733
-0.196477133377238 -0.278836645615109 -0.300014057024925 -0.421481005667834
-0.294917567162238 -0.380725598720412 -0.210928022076793 -0.168643439636746
-0.340403250348813 -0.344923038144814 -0.173250065367214 -0.0967214690126161
-0.483815987129615 -0.143751723609318 -0.000807878337967043 -0.061465362789413
-0.474406716818041 0.117015040167058 0.085292970758182 -0.0124888639850372
-0.308128290713275 0.27600590452377 0.160036345900272 -0.10654837405272
-0.146820550507183 0.348481476010507 0.131083206377425 -0.223208034290605
0.00973746047466944 0.371920124897437 0.0651396114292671 -0.247576970041046
0.0633377746400051 0.333194465593701 0.0352362940240699 -0.239420366688302
0.0836527053450646 0.364092955997927 0.0235129251702802 -0.231221904344406
-0.0464264330429254 0.393667047306155 0.0576801006220568 -0.193117399353384
-0.170651548760797 0.368321815492065 0.090489692729498 -0.102331258229601
-0.37908566056163 0.319552277505594 -0.0137892188763293 0.00787541490469015
-0.511505247158485 0.0808820120719436 -0.166765660867242 -0.0368233086158299
-0.453264157640552 -0.232017185555873 -0.269655384906645 -0.138670107382915
-0.375293491809189 -0.389624324876643 -0.241315287139297 -0.276125982671268
-0.384205955842437 -0.435582891438432 -0.100355837096517 -0.015684538776673
-0.445917083966318 -0.403800966327069 -0.0739620039189771 -0.0189441451976463
-0.61240655892446 -0.171434608423047 0.0380901305754994 -0.05379695626341
-0.603310810611724 0.14062603844822 0.0722556317598407 -0.00941137800585133
-0.410617083492516 0.336278345947065 0.0969989123551666 -0.0587608314974626
-0.205619682581341 0.428039149765329 0.0854121516630781 -0.113280873385482
-0.0112821885323687 0.460263874581337 0.0490942347425347 -0.104116222831075
0.0575599909950141 0.402625716959797 0.0412435009379164 -0.0850713669788749
0.0880910847197768 0.430456041744268 0.0341358382206508 -0.0815107312862887
-0.0549204139203215 0.463700500832755 0.0609456559401197 -0.0595386559348971
-0.195161195004322 0.433529743303891 0.079942837981493 -0.00362371922706057
-0.424605039512119 0.382914749659869 -0.00551805129448278 0.0678887946392397
-0.588034548355747 0.134830140473704 -0.124965148584257 0.0172402040809985
-0.556035587858422 -0.223326985595384 -0.173527134382918 -0.0608390950972453
-0.49234233484868 -0.431611342927772 -0.124660739719053 -0.115745323998411
-0.421559151912572 -0.422324005847824 0.0180168090398873 0.165039165399498
-0.493013920033432 -0.391318112694252 0.0399069739810058 0.0897200537073902
-0.646416360556751 -0.156111892610669 0.0770408774274127 -0.0219943664705055
-0.629408741907605 0.154955943205004 0.0462831957154355 0.00436235845235657
-0.434896928256705 0.347749599908966 0.0123703956359497 0.0104726085289646
-0.225421875008949 0.441609563057824 0.0209747836383653 0.0253802308410983
-0.02594223418899 0.474847986117522 0.0239628758870178 0.0622973315770693
0.0430884676558849 0.411064008152924 0.0428382508949737 0.0822628936074101
0.071209291703602 0.432897285348059 0.0433160828023063 0.0760726291925088
-0.0675995553823583 0.457953426934317 0.0623823354503855 0.0799064709552813
-0.207031616424647 0.416871367173318 0.0633617840289252 0.0970580848484994
-0.41511161631413 0.359350138534715 0.00150050963958275 0.116474494437706
-0.565547532397719 0.135662337867326 -0.0686482623805194 0.0542519330479463
-0.554167034208282 -0.198134838459741 -0.04871584873573 -0.000798202124569587
-0.522302386415097 -0.408899015751149 0.0243549012058629 0.0366771787193945
-0.398762461739175 -0.336307686599274 0.130069562895478 0.337572549712851
-0.45331895518802 -0.293970349799295 0.149684411363857 0.197990775321231
-0.556036298715756 -0.100198415326935 0.103516563236081 0.02526108920592
-0.523086446370915 0.142759212394251 0.0138323197580091 0.0323713515376385
-0.368320092619799 0.292135390983983 -0.0668495506594734 0.089968632431708
-0.197566649514753 0.37734678809258 -0.0407031913411406 0.167841551898212
-0.0309379183238363 0.412287827604783 0.00020436166984087 0.22256810430996
0.0213147901764763 0.356957204340264 0.0378859962017013 0.237501807569074
0.0346574932232773 0.372458869737585 0.0409247839135264 0.22042955954629
-0.0879011600387702 0.382820039355052 0.0454215904961262 0.200102121297809
-0.206656815306502 0.325427506082912 0.0250611111148657 0.176128056397105
-0.354742171418712 0.250722897901674 -0.00852649435211881 0.140792899776265
-0.454004659295937 0.086481672831942 -0.0200908937143837 0.072494814126426
-0.452484246040803 -0.163878978500622 0.0693114993840078 0.0379311068270683
-0.463265832381316 -0.33290835899518 0.168306859844058 0.163659033618038
-0.308861131021094 -0.194257593342939 0.220539664824502 0.465417676241868
-0.323192699503242 -0.145169631398873 0.238268230277902 0.275510740453695
-0.355568899856396 -0.0310154167788095 0.120002304609726 0.0744426432900382
-0.315699910099299 0.0978157630681578 -0.00918664374643713 0.0614012055374504
-0.236968012330576 0.177788317338643 -0.118377910305296 0.157566989606538
-0.137236514532814 0.246031841766227 -0.0796332635502045 0.283318044145645
-0.0311671518095169 0.283169819683813 -0.0152647884606301 0.34732914496369
-0.00412999054440189 0.249778710597608 0.0278328409066602 0.35704247477109
-0.00644630478568687 0.260384254081927 0.0214879816628701 0.33034630631783
-0.0969656977124077 0.255169787883441 0.00265585318976055 0.283768968693754
-0.177493973722 0.190619177772713 -0.0366740782772316 0.215609405336992
-0.245073037714435 0.111687237897306 -0.0359606975491876 0.134818635760186
-0.280711120800185 0.0261150039792202 0.00923972474850676 0.0734618347799766
-0.289251631136899 -0.106067464235026 0.156336066892203 0.0632574503218341
-0.33695805131374 -0.211996068898396 0.280267110094703 0.255650742236434
-0.161146786132465 -0.0257628118593034 0.272881668788523 0.525980998217985
-0.128174823170628 0.0081365582611981 0.30075352487747 0.309598499903638
-0.0988969648685682 0.0187232531457758 0.135567446133779 0.107613221972105
-0.0757065769803399 0.0184051001740145 -0.0142016806214913 0.076800115178401
-0.087054812952198 0.0306272819177732 -0.13469146880913 0.197447282365057
-0.0693707856852679 0.0763621568659922 -0.0904656509643949 0.350056424897281
-0.0354845238617 0.110300289668964 -0.0199965840299075 0.415406207103133
-0.029513110750697 0.105052305582996 0.012417355549345 0.422232900480266
-0.0370228436500765 0.1122692886746 -0.0129031556247797 0.392203325127544
-0.0760985170339357 0.100736630231131 -0.0611589882660106 0.32074142434443
-0.106029215193106 0.050339834664277 -0.109464449493922 0.212843131337826
-0.0942853957440172 -0.00288403075226506 -0.0676249400147 0.10160461462588
-0.0839023795644833 -0.00148079899650417 0.026906665495513 0.0646332786900829
-0.113555733337332 -0.0163967420459611 0.206319425321312 0.0825441726422297
-0.179706888295095 -0.0581156177237262 0.347591071878013 0.307016362643816
-0.0336159819615224 -0.136419205735527 -0.389421294718406 -0.273890386434259
-0.0717628189602664 -0.109388947759571 -0.28971203359386 -0.0943360507757724
-0.128178532951332 -0.0162339269432542 -0.041645219271263 -0.0361044617401552
-0.0927906813207724 0.0763502900898997 0.0730628881129112 -0.0399716809230251
-0.0133474192189408 0.087859900229224 0.160804271770176 -0.175585882156754
0.0167734379069188 0.0728352738039431 0.0982819359761308 -0.332220095953924
0.0462184038452011 0.0569889341601963 0.0173045625981288 -0.398765159137641
0.0535318305481372 0.055356665209783 -0.0223104637267288 -0.421190214926336
0.0555160268773318 0.0722515045770445 -0.0182518705278009 -0.415617797072066
0.0171569085755531 0.0934684160407683 0.0388505337571307 -0.360432047700484
-0.0185003723517155 0.10857833585998 0.0943546258197155 -0.242666296369591
-0.103724148599396 0.10114837301899 0.00303696201991018 -0.100963611210756
-0.139647099701562 -0.00544939883435007 -0.158026914012214 -0.124907718946501
-0.0630870580224042 -0.0981138220604149 -0.305892060024957 -0.252808524685982
-0.00807996599926729 -0.107445123666421 -0.323638148333924 -0.490309790327091
-0.18697292284698 -0.255205328103161 -0.317871906585369 -0.245494356676074
-0.222486173812443 -0.217970797545339 -0.250136292121349 -0.107285166838881
-0.315760999874315 -0.0581645106207575 -0.0322955407839222 -0.0527028505686226
-0.280011862191549 0.122587990563811 0.0833792079684859 -0.0253910641328522
-0.148200798308353 0.202684310356832 0.17379266209578 -0.153480126362579
-0.0457977140962731 0.226236427074873 0.119586998084687 -0.303801768385446
0.0485026146339167 0.225323360669386 0.0385107367236397 -0.352771520918659
0.0753658853591807 0.205039150652379 -0.00141632253060026 -0.35874935464457
0.0854493420101278 0.231414657768701 -0.00882594417604897 -0.348226548838124
-0.00864913765240179 0.262912718231421 0.0397835716870308 -0.299316194611721
-0.0969619648806549 0.256511176099113 0.0881143321783882 -0.189701884067155
-0.252655010917463 0.226633991192926 -0.013791618647129 -0.0507748093619203
-0.347233003107116 0.0449638126455251 -0.182161134021326 -0.0795353699073034
-0.281138455429686 -0.17323525016767 -0.321864985755038 -0.194063593996455
-0.214814127526201 -0.257015508218703 -0.323434462054412 -0.394314115820592
-0.315496409237084 -0.353193647163223 -0.22036388390982 -0.154660429928854
-0.3582625663373 -0.316139716644671 -0.17763838961202 -0.0821115284999813
-0.485477709117652 -0.102020480224664 -0.00802499108540342 -0.063815964163337
-0.458792204459049 0.154049792017431 0.0829118057646218 -0.0207346472067985
-0.283349170857164 0.299511205541021 0.149595103518004 -0.121191196491915
-0.116877154551144 0.355757519200005 0.109779617911242 -0.233394496722074
0.0386520697419796 0.366219474418652 0.0479790899314295 -0.252977914902435
0.0867678326201587 0.322717774921526 0.0179478594410001 -0.242031061008262
0.111385748242663 0.351459523005122 0.00627103228865843 -0.231383120822438
-0.0149131722291551 0.394878365699539 0.044760003651501 -0.194853796269715
-0.140238021762751 0.380183863862452 0.0830976211004911 -0.11065310625063
-0.34972054658246 0.346955083483701 -0.0137515964623136 0.00903199266156489
-0.501006943682867 0.120988536636927 -0.168559287963793 -0.0220386986136155
-0.46470961570558 -0.194692827202425 -0.277144855659325 -0.1168824206392
-0.399895947117875 -0.351075842876101 -0.255697056070895 -0.255320613739699
-0.406480591256036 -0.402349485509616 -0.100889550899417 -0.0124045782127278
-0.468457817469537 -0.365958181529907 -0.073997845989006 -0.0137468093657597
-0.615784756616574 -0.119428338420245 0.0321815667107004 -0.0593084285369968
-0.585255521475255 0.187685631422591 0.0700714573581594 -0.0174665531553876
-0.37917332511409 0.367194555930539 0.0904140395666426 -0.0696094277894662
-0.167808601120213 0.440448778169819 0.0715806044699718 -0.122092013885238
0.0237686405510559 0.455125167386243 0.0444103985690046 -0.109778592772173
0.0861899881785462 0.392241924438136 0.0357963976275889 -0.0886077947780573
0.120926552397977 0.415934439579337 0.0277670248130101 -0.0836793198599133
-0.0161273624511121 0.46334826251974 0.0578784881412642 -0.0640155937753206
-0.158877862932098 0.445438417796216 0.080574690737558 -0.0129125381741319
-0.387987829866227 0.414184502401347 -0.00104433829894719 0.067979983619379
-0.571763873343048 0.18028564908935 -0.122531799008807 0.0276595792189608
-0.567551864636671 -0.178314382622979 -0.177110460034129 -0.0469355324029456
-0.519397549107456 -0.381946313893952 -0.127872725621347 -0.105491512763299
-0.444529998288694 -0.386378349464064 0.0288362404835719 0.158145415395144
-0.51439013841996 -0.347881904189422 0.0468779644728967 0.0838839064283352
-0.649954324346169 -0.100974628892638 0.0738366873305254 -0.0316330771905832
-0.609744356301617 0.204669254797267 0.0459521320822293 -0.00208716082024569
-0.403233325756411 0.381685768294797 0.0121216737086258 0.00532906971338796
-0.186720359262099 0.45631980430394 0.0186772860587872 0.0195594792930591
0.0115770605517729 0.470576484879535 0.0327488637258801 0.0574487603725689
0.0735772895249819 0.401939173264781 0.0501393527013664 0.0779745059512496
0.103968654839409 0.419534053339076 0.0485353460306393 0.0730783074613115
-0.0308265037159747 0.458310873371646 0.0695834177294544 0.0741773195552679
-0.171646607181963 0.430380719616919 0.0717911696810498 0.0879494584044139
-0.38049191960642 0.387802843691693 0.00950221526385562 0.114888571499699
-0.548631300733074 0.181907190001947 -0.0630524511961452 0.0593673438044416
-0.563393708853789 -0.152413907901274 -0.0495994480029473 0.00250452064966646
-0.547964564358984 -0.356164582269294 0.0306763049306898 0.0345350403605003
-0.41662380025752 -0.305555586235551 0.152085511164712 0.320922065344892
-0.470260717102543 -0.256907457550699 0.163262500908986 0.18200856075057
-0.559829061063824 -0.0533475421472498 0.104666400369422 0.0136106749077347
-0.507652388282314 0.186433344288093 0.016260367685457 0.0281365827005707
-0.343125087889375 0.321496139700577 -0.0609523436743185 0.0910957873654162
-0.166532478373838 0.389920090725419 -0.0304424595905861 0.165886927262108
0.00244839742544475 0.409271688381581 0.0203096721256975 0.218325713623391
0.0474754008965269 0.350538094735472 0.0565247957866918 0.233761100780961
0.063784064055912 0.363213880379732 0.0564050764140693 0.215560152712528
-0.0569559467783447 0.384943406142523 0.0616933645094248 0.194749996174631
-0.178250195363999 0.339961568776938 0.0402977632829597 0.169565242954449
-0.329379809639554 0.276649505219978 0.00200278377733758 0.139802112135891
-0.44210026183112 0.124198829193717 -0.013857536917121 0.0732238192971906
-0.459694600193884 -0.125476651207219 0.0691876909066768 0.0318475279567013
-0.483166085644164 -0.287614491063864 0.181109276647706 0.149618701496137
-0.318380073462303 -0.171465298578432 0.248876973199386 0.441871421090866
-0.331695663991842 -0.119467998133712 0.256203077232812 0.252507913274819
-0.355529337456968 -0.000731401931686296 0.124629895145041 0.0621500458567231
-0.305358612439371 0.123423712973002 -0.00385284661374104 0.0600286295309636
-0.222172034770994 0.19759588126328 -0.106737079851009 0.163899784648025
-0.11708886537686 0.255074440745552 -0.0598739822493417 0.284623253911732
-0.00839814214358713 0.280753499096655 0.0146157870825692 0.34392474692176
0.0147766082699171 0.246695432378158 0.0555303725907345 0.353182669112312
0.014564479362728 0.256191306989133 0.0459318450623607 0.326373318359647
-0.0743146034413188 0.260159926757278 0.0243184303909753 0.279811683818678
-0.159873277803579 0.203296135229917 -0.018027209145169 0.214375023812941
-0.232487436365054 0.130980722708852 -0.025027915966274 0.135690820371638
-0.274106217228997 0.0495951420207096 0.0149383433554894 0.0717560551177488
-0.293301503165 -0.0813035111510576 0.156417994587877 0.0495728068377255
-0.348238150766101 -0.178857356409279 0.297307140342227 0.232008845780341
-0.16064165752754 -0.0162073073380581 0.305044005072413 0.500185007211682
-0.128134183090765 0.0177499018370841 0.31982688487076 0.281369413394266
-0.0993583778504758 0.027748271949494 0.143199878486138 0.0949184231522203
-0.0747434111893418 0.0253932596872005 -0.00794434736278584 0.0759053020090365
-0.0859293701230965 0.038460263785251 -0.119226426887822 0.205912211017666
-0.0633526896397382 0.0813825558006696 -0.064151884530681 0.352198707353218
-0.0255775247747937 0.110941948441221 0.0149108643446038 0.413211591355841
-0.0209186034972352 0.10583285984864 0.0452713534237261 0.419397907547815
-0.027186855831205 0.113586617045642 0.0170650723443953 0.390168888291568
-0.0661851960672891 0.105944477371066 -0.0355592249333526 0.322171477089269
-0.10016709616711 0.0590562424002739 -0.0913396058173866 0.218216379434034
-0.0923322425376743 0.00534117470267947 -0.0585588129933976 0.105559720570848
-0.0821999174642717 0.00753904784477352 0.0324626122237109 0.0614030051761361
-0.113861697888205 -0.00672948217216212 0.207121454977365 0.0655564927711432
-0.182185371515546 -0.041560977415573 0.366654010410098 0.278378191650049
-0.0395598744743579 -0.126102719243244 -0.386414380472215 -0.237441562920234
-0.0722501225044488 -0.100794547800703 -0.280817406255886 -0.0705903671659386
-0.120440849522874 -0.00806422170246094 -0.0445955465674059 -0.0327636366915381
-0.0818862285749101 0.0782988163594839 0.0652509497560134 -0.0431374761581776
-0.0059039706663325 0.0841455805815394 0.141685831968071 -0.178781635660076
0.0223739879693584 0.0681417416360103 0.0712743034725395 -0.322833556129374
0.0472980865225426 0.0518645286939994 -0.0106445269245496 -0.382878749404344
0.0539368996921286 0.048796760807244 -0.0487196564385957 -0.402482131941381
0.0575011675591775 0.0642728654979118 -0.0429517547729608 -0.395765185261139
0.0218580388550344 0.0884221904644961 0.0148135235172119 -0.345340246766672
-0.0103929752659984 0.104625476396921 0.0732464039880676 -0.236836774592185
-0.0920003996453599 0.102567451120314 -0.00406600109634655 -0.0957256810456399
-0.134213522258954 0.00259033372123233 -0.15940456970408 -0.106460469059583
-0.0652699474289612 -0.0895189180315019 -0.306210308458745 -0.220492514598871
-0.0134448906243339 -0.100329701524393 -0.333899790103361 -0.446657625623571
-0.191342132155832 -0.230185994338334 -0.318419702255052 -0.216159163937077
-0.22166786561543 -0.193860405609294 -0.244252792611107 -0.0855027555753562
-0.301257803634921 -0.0339092156838203 -0.0370872376991601 -0.0499237760391254
-0.257091735690473 0.135320148842346 0.0759224087204048 -0.0303563261231365
-0.12769620795715 0.203933862297886 0.154378781861591 -0.159789592287487
-0.0276812000905966 0.217947228614801 0.0919353714308213 -0.297326678843003
0.0605772331088434 0.211897173635287 0.0151296429432744 -0.341149713554303
0.0837289257478637 0.189473562088075 -0.024344666338033 -0.344544058715751
0.0957321946602466 0.213368245402875 -0.0299149071908294 -0.33249190082643
0.00873379228061412 0.251340941166495 0.0203432388495598 -0.287653093724042
-0.0751540937243799 0.251909457881176 0.0718642330912565 -0.187936155101544
-0.225216479626181 0.231948875128607 -0.0171597900813263 -0.0462081712804109
-0.328600983828741 0.0654479614424535 -0.17931734054496 -0.0618198428384985
-0.278176142337694 -0.145257730144486 -0.317392603491911 -0.164566940719705
-0.219432288980769 -0.227139256932929 -0.32896696646705 -0.35464088765581
-0.319338822445952 -0.317636464721767 -0.219706637462553 -0.137012850895724
-0.357407053437072 -0.277837227297337 -0.173092270195874 -0.0675942511501487
-0.465415716461858 -0.0650660120872365 -0.0146151374054086 -0.0632010883365646
-0.42430549036502 0.178365124520717 0.0761311891292157 -0.0264236074670659
-0.249732207118598 0.305764427240211 0.133424666588529 -0.127758910421339
-0.0858282646193643 0.34660350525673 0.0856724145640065 -0.230628604336062
0.0595214734299135 0.345987755424442 0.031473896304045 -0.246822251708595
0.102119944097769 0.301912054044316 0.00181748607571555 -0.234411165467162
0.128937645021172 0.324936612233287 -0.00859311502907555 -0.221313981819704
0.012228696502392 0.377023449087246 0.0323483678760205 -0.188668602988215
-0.107965666457157 0.372388152885622 0.0723333814631416 -0.113127791139902
-0.308496642409482 0.352031308963531 -0.0136737913767054 0.0104134111465277
-0.470612174375228 0.148638927415507 -0.162398820468673 -0.00832473757181656
-0.454641395222569 -0.15415497465103 -0.271287767415465 -0.0940939833174639
-0.401987990821129 -0.30172379120683 -0.254065502755443 -0.22861455243684
-0.408940233458638 -0.358997142236028 -0.097224730410894 -0.00960008001080452
-0.465117490281966 -0.318651926677009 -0.0702580148895294 -0.00963312439425914
-0.590533727769835 -0.069901946232662 0.0243810838730818 -0.0615957292572987
-0.54298915515903 0.220015038392303 0.0650576363357942 -0.0235788359556196
-0.336593567851091 0.37971244914337 0.0799647886404473 -0.0752859352726018
-0.129371555334698 0.431504444691115 0.0561348507322638 -0.122808679295939
0.0538109497493647 0.430852949668015 0.0376077115584313 -0.110695021471907
0.10578017778479 0.366954164229206 0.0294320639694971 -0.0883406147994066
0.141636234286618 0.385686369626783 0.021453085402091 -0.0811372718865925
0.0152936048892932 0.443448946250481 0.0532496581285315 -0.0651931734913281
-0.12153858370373 0.437406182037761 0.0764266752726223 -0.020602957236014
-0.341004209509672 0.418401380451294 0.00194232777256666 0.0663160378553605
-0.532458513345015 0.211033834601246 -0.114148120657352 0.0349505059551071
-0.550727502138937 -0.130345653090036 -0.172817238416213 -0.0340189882983861
-0.516905277622411 -0.323366518382669 -0.124540899555423 -0.0929822549082737
-0.443955539784383 -0.343375222508969 0.0358818682406724 0.144979578085782
-0.510233788780918 -0.298451339111524 0.0510589089367309 0.0746476138274296
-0.625252842129015 -0.0490620424113018 0.0672426715130173 -0.0384923839339373
-0.566509270043267 0.238351523587783 0.0435212173564413 -0.00690075109701206
-0.359692927393977 0.395183504063293 0.0098952005964355 0.00116028486075167
-0.147093695270364 0.447509537743468 0.014737540601296 0.0159027983815367
0.0412853628652986 0.44672710705579 0.0379802834327923 0.0498777363445848
0.0940227300288948 0.378012543427823 0.0543259412546023 0.070602858062155
0.124791337857613 0.389145166630453 0.0513566001774292 0.0670800070124817
0.00201935556584542 0.439416699509708 0.0734672130505567 0.0652778053283941
-0.134852484725863 0.423765430112104 0.0749589845527514 0.0762189165225607
-0.333771238638493 0.39504397971842 0.0157250903390182 0.109779646923803
-0.510426099911191 0.213075343509896 -0.0556487070044036 0.061109774245438
-0.545116954473462 -0.106935469781415 -0.0489039384740993 0.00468656630624919
-0.541163671219728 -0.297494822662414 0.0340718413483823 0.0297239886882098
-0.414881322909806 -0.269068469154876 0.162355377402539 0.293670844588612
-0.463818601082899 -0.216471600231546 0.166898756611442 0.160508145116224
-0.536789764513825 -0.00885013121024484 0.100415546509538 0.00277278892836065
-0.470064215047618 0.214279091553289 0.0173977437279429 0.0233811298055945
-0.306152746950845 0.332996659146131 -0.0535504852306698 0.0880975061320897
-0.132185740728568 0.38366053501538 -0.0220559696496861 0.158264292756546
0.0295926086768286 0.388303047176363 0.0370379691743852 0.204360383265741
0.0673592790051794 0.330501863122566 0.0710906799537136 0.21916420436646
0.0846966675613907 0.338474326491558 0.0680785121800889 0.202891357215489
-0.0273045108323546 0.37055529054816 0.0730233385435479 0.180292768566543
-0.146771244254654 0.336928724910033 0.0502735268094861 0.155332546701893
-0.29428421884169 0.285445103074766 0.0105067091428671 0.133332947816754
-0.410251713235857 0.150115746118329 -0.00794538173977384 0.0701925600850106
-0.443944198751141 -0.0886927940202097 0.0656638187614308 0.0251868106937722
-0.475373056542277 -0.235964547101094 0.183760127338623 0.129847071603106
-0.312631368709748 -0.14674088217953 0.262303034454206 0.404869082005208
-0.324648526032869 -0.0927611232147467 0.259296752535239 0.22160176216552
-0.340266202050963 0.0262299839483718 0.123235609346539 0.0484443241877313
-0.28303556538591 0.140329316846739 -9.06130127290676E-05 0.0557642934502766
-0.199227229647712 0.206311133803406 -0.0917410043546657 0.161946594222896
-0.0949105471253164 0.251963618269142 -0.0405935915168747 0.273691439302313
0.0111807769825561 0.267291718028965 0.038591018469715 0.325739129121247
0.0293916734769628 0.233258385930341 0.0773765600707143 0.334925558075762
0.0309440103930605 0.241538106840898 0.0651734456332832 0.309637242367551
-0.0533525060705697 0.251639010813202 0.0421436986510965 0.264612378638374
-0.138144060989832 0.205543514423866 -0.0024333418304707 0.203024617826039
-0.211208495365551 0.139861525001656 -0.0152209903566398 0.130496410719275
-0.255915849945284 0.0687367907894547 0.0203981642026141 0.0662660375954235
-0.284117410243862 -0.0573812679399463 0.149211062181491 0.0371767103923158
-0.341282087256915 -0.143543559052727 0.298100207679523 0.202202497337786
-0.154685614546269 -0.0081621335168574 0.319947499682247 0.457113504973523
-0.122470424788402 0.0251581541887888 0.321364266544529 0.246597715037478
-0.0945375107599156 0.0350091114317038 0.143204931266536 0.079405840365061
-0.0704246842108592 0.0307485870367315 -0.00239570282038882 0.0714765097783237
-0.0803139759886065 0.0442765268737001 -0.10099426923227 0.203467616565059
-0.0559579548702616 0.0833229299239468 -0.0390721162100487 0.338694282879757
-0.0168570543368092 0.106353988749173 0.0428166580532152 0.393858025420368
-0.0127712075128102 0.10214777180463 0.0711121972901864 0.39942424101461
-0.0173714774875196 0.10956835501907 0.0418293718288983 0.372095335840816
-0.0548165402488659 0.104677181255335 -0.0130818252007581 0.308833160206414
-0.0905637102186339 0.0634359909942927 -0.0718809498912613 0.212437653288103
-0.0862460114709395 0.0120236419837507 -0.0481737702717372 0.103735502182245
-0.0765337188579022 0.015102976995091 0.0358998116298313 0.0555888617977712
-0.109380332137194 0.0019745314303367 0.198884881764539 0.0491931157930601
-0.176342147845651 -0.0265876624070567 0.366495887786869 0.242299520404514
-0.0589137944683677 -0.107264027484343 -0.397952615931148 -0.16211648908009
-0.0796153419114586 -0.0795759023466303 -0.274670243043052 -0.0210678722392343
-0.109519986779998 0.00759192319470137 -0.0563828832249891 -0.0256342904370366
-0.0618428363557621 0.0804333138191792 0.0454253726625915 -0.0493724604280327
0.00321292426604758 0.0730430531989024 0.101582101694286 -0.185515022523233
0.0263714091411762 0.0589262467717535 0.0172965973548618 -0.310857355556569
0.0464811136289439 0.0416527510421967 -0.0658823439756937 -0.359803361231847
0.0523348924409979 0.037244751368103 -0.10740689381304 -0.371716873181515
0.0582388875365636 0.0511089685731397 -0.105259331166719 -0.36723635462234
0.0308579956461394 0.0775369636061625 -0.0446265441308062 -0.327054068646537
0.00156992479925043 0.0960617019874642 0.0283982787590666 -0.233559512303181
-0.07229146347807 0.105893669138174 -0.0187122554222181 -0.0899121314286188
-0.124643078199131 0.0164660142306325 -0.167809167716349 -0.0727926091391432
-0.0745335585981442 -0.0780087398966874 -0.313551590415432 -0.152152103777948
-0.0302867261716176 -0.0958263868094479 -0.36975482558562 -0.365988836938718
-0.208009488840887 -0.185456909154253 -0.337211476082331 -0.159404864730204
-0.227573361713466 -0.14452240436272 -0.247518395323108 -0.0472276031730648
-0.275543556939675 0.0089219621603054 -0.0645023143859769 -0.0478811586009137
-0.210040646985091 0.158636310766382 0.0445032150292285 -0.0430065500940194
-0.0900114604293321 0.199561149404168 0.107730423998281 -0.163997827224391
0.000712210174231233 0.203790160681188 0.0365538572225488 -0.284180237411625
0.0817164121912145 0.18530627868336 -0.0383896542589219 -0.318457133573679
0.0970763497838203 0.163929741835483 -0.0771003098085201 -0.320707820602821
0.114607634363203 0.183615390732789 -0.0851255495122338 -0.311244767121089
0.0420130140461382 0.232243887608156 -0.0333959478679042 -0.275619240508011
-0.0407551510216409 0.240611954420109 0.0358619346607826 -0.18960816833205
-0.178922717839513 0.245660023028735 -0.0212668137526837 -0.0448917386841359
-0.295246353416267 0.0990195940673984 -0.180895157746251 -0.0302306787304731
-0.278512147414445 -0.0991288580357016 -0.313188495501819 -0.102080386176091
-0.236906866868424 -0.18529150999723 -0.349297512162628 -0.284025075112056
-0.333463231643008 -0.249273078705178 -0.240237885696298 -0.108662932610875
-0.362280694602238 -0.203421154941395 -0.1836205490726 -0.0472358643429457
-0.428297082903271 0.00498759161576788 -0.0562047694147341 -0.0693582651480237
-0.354079014694814 0.222625714463242 0.0329517991919497 -0.0438200844248393
-0.186034355433597 0.310952741280811 0.0835557799074224 -0.125128056142809
-0.0359595595827558 0.330662391773801 0.0372091656571811 -0.215586735220285
0.101172655168967 0.308395591750668 -0.0115909389565134 -0.225999113913952
0.12867563513477 0.266383984606897 -0.0356900682576499 -0.219569338902223
0.160830225128164 0.282194198050363 -0.0492042605999289 -0.211339500058772
0.0636413703063156 0.348718634542706 -0.00878119621536643 -0.186965657179044
-0.0554573945594845 0.357534109159604 0.0478425030674959 -0.122385995313369
-0.240043430070814 0.369963308472898 -0.00813290007443894 0.00486291763919588
-0.413862818148355 0.193489003333503 -0.158992388869049 0.0152716109259597
-0.440610501506469 -0.0797631981923455 -0.258102947801152 -0.0481487410898301
-0.413005396277066 -0.228882532973422 -0.260748145130139 -0.179367644508603
-0.417009362166115 -0.27800871032608 -0.110614945741329 -0.0141165104504089
-0.465837328721796 -0.226674593953778 -0.0823153913165899 -0.0146351636139138
-0.541755658333009 0.0164545583756301 -0.0272227458421359 -0.0784348264699257
-0.45485727424503 0.278196604542625 0.0149582488207768 -0.0412666597300778
-0.254147533257829 0.392021886786401 0.035938793863799 -0.0635659727076851
-0.0636227380830924 0.415471196135151 0.0237382275151728 -0.105824636358486
0.109157611463478 0.387584862034634 0.0127567497609229 -0.0943773200053185
0.141053226137684 0.326046778657762 0.0121354813914538 -0.0861568257223747
0.183261625115618 0.336769514757748 0.000273378746921197 -0.0843678561862124
0.0762259068965348 0.41033652701589 0.0303912330290004 -0.0747386604092686
-0.0605269611158518 0.419789432120173 0.0676001533654074 -0.0370937187377895
-0.260689313626506 0.436401327312246 0.0160935276601225 0.0522339442689159
-0.463468787980579 0.259438977073167 -0.108546356534749 0.047336609120866
-0.525270178863106 -0.0439672703808741 -0.156717674068001 -0.0110983642747478
-0.520843523188062 -0.232835897033781 -0.121329236897797 -0.0735469696028813
-0.445409448676008 -0.260121614131907 0.0359813001698079 0.106667647448571
-0.503752776957933 -0.203458025714317 0.0423993538899475 0.0441680729057565
-0.569998543848122 0.0406460808864955 0.0141323229295237 -0.0637519119323207
-0.474412453924637 0.301334776110339 -0.00430301926583016 -0.0231671231012168
-0.27134553038902 0.412517823820421 -0.0180800273472484 0.0202891856396962
-0.0748130430427305 0.434532954387829 0.00600338234559885 0.0315356660341461
0.100572299500507 0.401676697048295 0.0368331935218794 0.0582730991820297
0.133447715993023 0.3375937164749 0.0597080825089075 0.05996582153327
0.168226162257877 0.341581326961161 0.0524437044254128 0.0510888888089647
0.0634545231876006 0.408252590050318 0.0707060505119075 0.044297200086154
-0.0737972588007536 0.409320121987754 0.082383255475534 0.0526150514475019
-0.25789562885788 0.414579325975858 0.0354115166872834 0.0905224412427969
-0.440089697587175 0.258265913350156 -0.0492376929071301 0.0617210283097294
-0.51490111774599 -0.021100449213731 -0.0373180387372647 0.00413204662314594
-0.537362790132731 -0.204266252550029 0.0425674657042823 0.0170598429915065
-0.403531830857097 -0.194571065332776 0.1788510549958 0.226401950651456
-0.448170493474293 -0.134480518453181 0.166105807742503 0.10779080259361
-0.484967303597695 0.0648686986801904 0.0578597029849195 -0.0259415857336887
-0.391490914248086 0.265474861600941 -0.0167292704325906 0.011933117518182
-0.230032995593966 0.350432001708975 -0.0593815106638765 0.108816242694126
-0.068993926731417 0.373424949612261 -0.00552471187054445 0.168127131711965
0.0833756643201843 0.350286463020982 0.0600046036784326 0.202565704634954
0.103630693457863 0.297596645878663 0.0984960645464103 0.196871971537977
0.125395643961711 0.300917167611789 0.0912974844069296 0.17729095520331
0.0276000129287061 0.34911360563383 0.0908575754090322 0.152474108392843
-0.0951796732775293 0.330329991513915 0.0728333759537504 0.131795601778463
-0.23430764626984 0.306931081082065 0.0341364161698403 0.114950873491992
-0.356230906334322 0.189669681924761 -0.00202578073273759 0.06241210230947
-0.418536447388507 -0.0173628677024542 0.0695634183720046 0.00545555653840414
-0.466810253532586 -0.156701944118977 0.194000999894996 0.0890232857783474
-0.295321221094047 -0.0966824377949344 0.294837348531783 0.318737718056449
-0.304524849771169 -0.0433786524987761 0.266891059480785 0.156030746855098
-0.303603540933353 0.0706993931137064 0.0995889539806458 0.0181291495024317
-0.232940157085007 0.172491660222123 -0.0135910715623947 0.0472772583316882
-0.150039529715473 0.221507120289993 -0.0757720952644749 0.1769315629241
-0.0508223629490469 0.247709242002377 -0.00252853966693076 0.273819290650441
0.0504418196497568 0.242527757856469 0.0805234582459953 0.314018964997044
0.0577972084396277 0.212914193598259 0.122678464435547 0.304455073928434
0.0636615430563062 0.218915058185569 0.107355562507292 0.27915922415132
-0.0122718727823321 0.243022958441745 0.078483275678579 0.237285888517269
-0.102266775026667 0.208349203013718 0.0314038862202452 0.186553177797286
-0.176672493509228 0.160752423116006 0.00996861044977074 0.119536077321281
-0.223882460786408 0.09580777537636 0.0264937409131362 0.0550371541418906
-0.267184743699067 -0.0110085021198292 0.146473534723734 0.00531494534553697
-0.329508366851282 -0.0868000489509304 0.308569371329173 0.140538570788667
-0.13345487514932 0.0112654520687166 0.363020182544986 0.36793576724648
-0.103651351264557 0.0361863743757091 0.334149418951481 0.174838285964116
-0.0795730290919122 0.0453331260990256 0.140000094806765 0.0494771471917852
-0.0575935987445403 0.0402749287829337 0.00328266860686779 0.0653634443597996
-0.0637938495728673 0.0564440763648483 -0.0685920287082039 0.209286024311523
-0.0363631324483036 0.0861025535845388 0.0118647150024832 0.32803053422888
0.00301218652679645 0.0991528550533595 0.095561523223017 0.372511756896757
0.00384768113799796 0.0968168317574371 0.127821902846355 0.365208380672756
0.00121956160718064 0.104132645112485 0.0983138384242652 0.343324093191185
-0.0346206459265483 0.106251721812246 0.0369152290669826 0.290444518334973
-0.0749623322099423 0.0714168669349847 -0.0313060640679444 0.209030685093816
-0.0780059353251539 0.0244994202016064 -0.0260732467825478 0.102636035757002
-0.0661094109399959 0.0254671946451702 0.0423198005518032 0.0439508564585678
-0.0989413457153763 0.0195995302162408 0.190609726755254 0.0112174686422671
-0.1620687781576 0.000703490553632564 0.376063749575745 0.170307349068763
-0.05344022665559 -0.101146337926081 -0.37517192776901 -0.160892785485714
-0.0729405542638612 -0.0786728365445014 -0.258651850008938 -0.0226901327274784
-0.103554345044002 0.00418141456247103 -0.0552384258690479 -0.024932074336992
-0.0597327316947778 0.0754926027889468 0.0428611475305025 -0.046108354372991
0.00248545602181736 0.0690470425837751 0.0991495125063376 -0.176494837089337
0.0257510048134898 0.0556489039002564 0.0187591964640241 -0.29577654734253
0.0435570899304961 0.0406502602460265 -0.0594936837136333 -0.34381519991654
0.0487143393514569 0.0361223706143658 -0.100114963049227 -0.358250502437019
0.0541974206122212 0.0488744986567369 -0.095643033835673 -0.352125300448156
0.0284220580092471 0.0752353573880987 -0.0380922861769387 -0.311871277680465
0.00085170570642535 0.0909426455628595 0.0292070181510902 -0.221820737274044
-0.0705914504614378 0.0994338573567281 -0.0163283810818021 -0.0841550638287802
-0.120055338228319 0.0140536387908555 -0.158486942879335 -0.0689721555927835
-0.0686684379000971 -0.0761633021967612 -0.296084056776027 -0.148263048683165
-0.0266302623769659 -0.0913505159012664 -0.345133620750112 -0.353444359642704
-0.19325771172181 -0.177957701917059 -0.319626854904421 -0.159468464605744
-0.212824637753483 -0.143339707050829 -0.233357673296458 -0.0479954742720892
-0.260466583858446 0.00446902271907324 -0.0629868795958134 -0.046634012787394
-0.200713297268915 0.148419611449605 0.0420169789098139 -0.0402371145116168
-0.0873257701732345 0.190005704340755 0.103904159013277 -0.15560927223874
-0.000559314611344576 0.193921939094742 0.036111838282942 -0.269262005305688
0.0756307565485425 0.17786472168663 -0.0330704177765705 -0.304969268824347
0.089859550707915 0.157694672674969 -0.0709481761934686 -0.309668568813995
0.105785908358983 0.174883968667224 -0.0773872743173196 -0.299144832584636
0.0376027278265521 0.222103474681329 -0.0271012483833185 -0.264392671188042
-0.040811622432121 0.229412886103143 0.0355236702760374 -0.18080162698091
-0.172876539747583 0.231943576730682 -0.0198792322796956 -0.0412784009126209
-0.28316473249633 0.0917019312984128 -0.172194272753486 -0.0292978479929333
-0.262210574791088 -0.0983339236327548 -0.29742821161228 -0.101574778926714
-0.220119197081977 -0.17784722286527 -0.326333035548998 -0.27716601225691
-0.311034149858534 -0.240688608388162 -0.228757513302724 -0.110571509143549
-0.340781679826503 -0.200099143312909 -0.172014497115946 -0.0480532123764208
-0.405010207748571 0.00111569342439844 -0.0549342186102004 -0.0681816756172646
-0.337908154868328 0.20991461427779 0.0309509463449176 -0.0420687785960945
-0.179623750862827 0.297234479325313 0.080168473969461 -0.119741429396068
-0.0350970829018319 0.314861819199748 0.0354621507598451 -0.203818942431895
0.0931188268990662 0.294423821208841 -0.00808244844935273 -0.217957135502231
0.118402316046341 0.255385214017 -0.0324952089435479 -0.212535653657387
0.148680575662552 0.268712292876588 -0.043261260050458 -0.202359732502979
0.0569104743260364 0.33364759799058 -0.00466107773840899 -0.179703770020945
-0.0557120821614523 0.341603281734275 0.0466359397634772 -0.117933317875444
-0.231356621059236 0.349993373941935 -0.00753782884193673 0.006815381985396
-0.396630152287535 0.182397332864157 -0.151715972863564 0.013804129204929
-0.417224036835578 -0.0820411159927469 -0.245595257838675 -0.0491296354022535
-0.386007586842502 -0.220930631735503 -0.244680171622337 -0.175384433210098
-0.391594471397386 -0.270648405060821 -0.107832012652021 -0.0190369235224316
-0.438770172007817 -0.222419437254872 -0.0776374728135341 -0.0165729463682678
-0.514236317743503 0.0128683230651553 -0.027099068495857 -0.0769486207118262
-0.432979049000033 0.262507927688864 0.0136013373565315 -0.0407940043749773
-0.244522070418176 0.374664759386117 0.0338683439375742 -0.0616205224664831
-0.0632941211788257 0.396389139733952 0.0208367418317201 -0.0997516557604122
0.099214443744837 0.368368708200472 0.0146857306718503 -0.0923667625962842
0.131285447168438 0.313372978633881 0.0126181179175254 -0.0837790598916344
0.168777652759368 0.319891313884707 0.00270430156662778 -0.0801526679843147
0.0685968142238758 0.392236257528487 0.0315841777507047 -0.072685668298626
-0.06012666438159 0.401309662539722 0.0638698278458997 -0.0372616396616831
-0.252485707165639 0.411974576321933 0.0148674663195089 0.0524978109020292
-0.441486135217963 0.24447391765968 -0.104159993829313 0.0443629498597919
-0.498246185162422 -0.0473278729145796 -0.150048881206607 -0.012597603092329
-0.488112551139434 -0.224317654121811 -0.111876711168309 -0.0732720567093022
-0.419881486945641 -0.254446129299027 0.0289899426677896 0.0985573687683213
-0.476557570272468 -0.20156927246339 0.0395198215120616 0.0402275644874481
-0.541237881729192 0.0340345313707184 0.0130376172952607 -0.0630397897206811
-0.452690075276216 0.285197163348927 -0.00437981845357716 -0.0239676123385949
-0.260618678583084 0.393010911711077 -0.019027567481153 0.0174364182647397
-0.0752061460119177 0.414033400121624 0.00256890683059681 0.0298189773874628
0.0925398266874721 0.383727105555188 0.0362102175100305 0.0530977165867655
0.122596872738519 0.323940044623975 0.0573192245765668 0.0564572800589973
0.156146045061369 0.324729313632052 0.0511297016697788 0.0499069138610201
0.0568899967207584 0.389620944323008 0.068335995974348 0.0408069945142535
-0.0730697970429594 0.390874270757392 0.0774365091313152 0.0485228849281449
-0.248781228629582 0.391028126931709 0.0330981986700266 0.0888270763707991
-0.419985357241111 0.244140885782573 -0.0479785250348506 0.0574967634972992
-0.488379374636752 -0.0255309218345201 -0.0376046303485751 0.00319884561652893
-0.503552578385198 -0.195790737643399 0.0425503086670859 0.0148751737553664
-0.382425936591699 -0.192766197744854 0.163085327280595 0.215600436297944
-0.426141345443974 -0.134441010690683 0.155329297135066 0.102872350542616
-0.462833847844662 0.0589257021691282 0.054308558151332 -0.0271717445661008
-0.372707444748692 0.251763704397686 -0.0165235472431473 0.00898684759485639
-0.221044494058372 0.335411052960693 -0.0588020117279571 0.101930490912561
-0.0681175089423228 0.357271399446205 -0.00879458524403042 0.160554135790013
0.0755241124518034 0.332887835983179 0.056640621254023 0.191587388929692
0.0956971935324597 0.284882564250168 0.0935639467496273 0.18855502520162
0.114564433156896 0.286056184485407 0.0861405115750163 0.171100526787056
0.0230662031426887 0.332537973505386 0.0857613578063871 0.144345747228049
-0.092473719503588 0.315753312113244 0.0673308330762719 0.124074076109868
-0.225313772108254 0.288808455681839 0.0313049125203863 0.111250297608729
-0.337840965480584 0.178198338600503 -0.00275018701908235 0.0583673459976474
-0.396710602850712 -0.0191554738958824 0.0646437646768045 0.00557487432429646
-0.438559427615265 -0.150344560477539 0.185013333428331 0.0861519497431067
-0.280795920165967 -0.0981124664443797 0.273062199961174 0.307339771057323
-0.290731287695539 -0.0450567256636129 0.249687137059891 0.150012021506916
-0.29006069163742 0.0676780153404372 0.0942255052265888 0.0153974288687846
-0.22339380614786 0.164714431348638 -0.0139719835488755 0.0429631791505927
-0.144334087331514 0.212007334917368 -0.0753664593748759 0.167494584763847
-0.050284896382654 0.237202910926913 -0.00674709730695392 0.260774166424071
0.0453498373309973 0.230347847649275 0.0753085556873797 0.297857754632914
0.0531803276582976 0.203803212653561 0.116934521688398 0.292061506134978
0.0577960045243279 0.2076927450373 0.100384475539976 0.26798045328753
-0.013930325370468 0.230506382333525 0.0728051360310941 0.226336160629509
-0.0983335600942303 0.198901884756276 0.027861397064937 0.175967439629862
-0.168504710784787 0.150833028673544 0.00809237037584508 0.114631227541296
-0.211600762939601 0.0907361265372655 0.0244659631766605 0.051750103282696
-0.25350570061209 -0.0118914689100305 0.136971420802764 0.00699131772751575
-0.310156223696969 -0.083957169218714 0.293403142639846 0.137563780273877
-0.128441055428012 0.00703391310895295 0.337539191939653 0.3563712535779
-0.100519757251262 0.0335590199609178 0.312995067241955 0.169314785289159
-0.0765909630673146 0.0451610415262373 0.13253611539096 0.0467003172960614
-0.0550528628694311 0.0397998097171077 0.00181331915474892 0.0610483802750722
-0.0609195920126441 0.055101515494914 -0.0684689003890061 0.199021759157303
-0.0356381584763138 0.0827615510392527 0.00624750211864837 0.312094276937878
0.00185998154401518 0.0939431527877377 0.0890878499815366 0.353820186266572
0.00323284638961487 0.092654716453295 0.120659916676268 0.351043296659137
0.000785337955376893 0.097956110123014 0.0907633964753263 0.329213668318288
-0.0335706961760375 0.10026786061393 0.0329098442658744 0.277151211256704
-0.0712017581817278 0.0683147219523862 -0.0314473916691187 0.197481150629175
-0.0729658842447003 0.0227708434105169 -0.0260769015859932 0.097658293421535
-0.0609187318810957 0.0246467031385367 0.039915715034161 0.0410444962644776
-0.0947386042899655 0.0189148250631934 0.180219519671809 0.013339783402736
-0.153120453354688 0.000101536254886118 0.356525737928275 0.167461499854886
-0.0477180899618942 -0.0996687797773009 -0.365199928683162 -0.174084750679162
-0.0682752508696046 -0.0824929979524459 -0.252303821967202 -0.0293656600982385
-0.102167275224966 -0.000528638813165745 -0.0547839749549205 -0.0251293806611891
-0.0612171332179967 0.0719905255404514 0.0432088315331321 -0.0438702306493652
-7.80746936570945E-05 0.0681079184632307 0.102947122237946 -0.172515410562367
0.0242628279645209 0.0551822996374993 0.0273529854024161 -0.290723867196265
0.0420352475412794 0.0421800150735586 -0.0505745711335161 -0.342611133463176
0.046633152490146 0.0373922205858807 -0.0910756924128857 -0.360064408122001
0.0514880905844968 0.050138531661842 -0.0834240434985431 -0.351879282507378
0.025447451154758 0.0760554433202017 -0.0274979620754435 -0.309731897197374
-0.00180871969409189 0.0899641240893315 0.0357041477188992 -0.217257135798815
-0.0737512546879951 0.0956829521400601 -0.013316943452034 -0.0826255393500731
-0.119799009650115 0.0105396699277371 -0.154474058602166 -0.0716946859808087
-0.0637056293366685 -0.0787635951726488 -0.287877520331873 -0.155484849530944
-0.0220066365839386 -0.0911553622916194 -0.328182421967861 -0.362042160694946
-0.1839563538987 -0.180663198108449 -0.311822249323882 -0.171641126903881
-0.204607203436261 -0.150173627733316 -0.226259841583183 -0.0545454168919156
-0.256665938720796 -0.00319843345924954 -0.0624637917582906 -0.0477080393653384
-0.202350058008459 0.141471701166871 0.0417976063031991 -0.0386473741690597
-0.0914091904685254 0.186224753106672 0.10688641128755 -0.152301689669883
-0.00482609501379272 0.191249934239601 0.0429465909505985 -0.264751972554826
0.0696683001804153 0.178270269446806 -0.0242745215406531 -0.304296073245853
0.0835419065742113 0.159027495753472 -0.0630741750648226 -0.311531497003989
0.0981384588442651 0.175506966305174 -0.0666486465260662 -0.299171721686911
0.0308063930544324 0.222154816281105 -0.0178288692562138 -0.263225502471426
-0.046401323303152 0.226404730057938 0.0402460943495656 -0.178920644409218
-0.178711325486775 0.223688692539192 -0.0178281505889783 -0.0387620650580181
-0.283206220928727 0.0837516364783853 -0.169258403652913 -0.0329454144508102
-0.254529827855614 -0.105852886211944 -0.290461799352786 -0.107927216416124
-0.209394210096595 -0.181537663955695 -0.312073172860556 -0.285498548259737
-0.299210871761275 -0.247016958053058 -0.224577969843808 -0.120601592908063
-0.329228393755884 -0.210221685156852 -0.167757508267874 -0.0539803960118845
-0.398513997221116 -0.010642142936525 -0.0541148243314283 -0.0704302329713167
-0.337631708998054 0.198156757171576 0.0307194961240603 -0.0409928571609146
-0.184849319566553 0.290163516973671 0.0820241443538873 -0.117164795397704
-0.0429720771416869 0.310781640498632 0.0390771779667691 -0.199599058652464
0.0831418432877777 0.293242735513551 -0.000849879476032036 -0.218069044076619
0.10964745335692 0.256918506143609 -0.0262112510087852 -0.21385271609722
0.137822389940944 0.268453866940141 -0.0360849314033758 -0.202357663236387
0.0472290276653417 0.332457904903038 0.00209820666773825 -0.179921521121998
-0.0647244656509182 0.33721553908557 0.04928809605713 -0.115935650807553
-0.24026505394622 0.339396726841289 -0.00674567581807155 0.00903319841246152
-0.397304930696622 0.169811284072922 -0.150871816597858 0.0101460688908166
-0.407977387826494 -0.0942614162744536 -0.24306864612462 -0.0557299819669453
-0.371448420948338 -0.229435984634648 -0.233106232655596 -0.181917906617438
-0.378115068974738 -0.279944273014969 -0.109642966664107 -0.0256732292389406
-0.426848667477443 -0.23387964320399 -0.0755272987006401 -0.0208111735396871
-0.505374407536292 -0.0010573774253711 -0.0264269814309246 -0.079257149386788
-0.433575546271968 0.249897023370327 0.0138270030643126 -0.0409424938826045
-0.250790254173614 0.366421515898419 0.0351378326721143 -0.0614099363667103
-0.0729109494763139 0.391392030272758 0.021189372406688 -0.097168563376195
0.0871149092696163 0.365645221417755 0.018789490386693 -0.0936986751044719
0.120144963865118 0.314654707116506 0.0156009692102611 -0.0849304329694709
0.155741632776655 0.319592578063224 0.00612923284754168 -0.0798090659258655
0.0568895207888126 0.390626564714478 0.0346365731995713 -0.0732624214847488
-0.0708926363113399 0.396281692346665 0.0639721373669171 -0.0367472493957763
-0.262239961519345 0.39978992750656 0.0133974112676933 0.0551511278959552
-0.443729675119395 0.232072778793367 -0.104143114544747 0.0409546661118692
-0.489489745684369 -0.061881055382087 -0.1497276635508 -0.0158781229600028
-0.470753751079694 -0.233476206682957 -0.105842270691614 -0.0777315460910794
-0.404788869490968 -0.265710300795875 0.0215053718434873 0.0955437725998246
-0.465469811283735 -0.216247355699852 0.0375376863787516 0.0389063453973618
-0.534649653017828 0.0212015276918024 0.0129570473616848 -0.0646352324920069
-0.452986695231411 0.271409557089252 -0.00508256241258352 -0.0255930453518332
-0.266898635274792 0.385644264277036 -0.0196926003394909 0.01527813103402
-0.0845772714682708 0.408780943045879 -0.000940370203295742 0.0311573633319454
0.0800452742050462 0.380554675660889 0.0361773322875025 0.0508190951486072
0.112579403745249 0.324663061358009 0.0567032253000882 0.0560323632833715
0.143014585014019 0.323432935865551 0.0506394307539518 0.0511040532947125
0.0457883079142012 0.388066026036292 0.0675359157236125 0.0402278124757061
-0.0818618340704314 0.385377488331824 0.0738755193985179 0.0472062130641354
-0.257586703911846 0.379072367852691 0.0303264399626792 0.0913633191338382
-0.420149741973671 0.229624734023356 -0.0497810254557633 0.0555725734901174
-0.478916297777123 -0.0399535433049908 -0.0390455016176612 0.00251734913433693
-0.486950633895509 -0.207426585478992 0.043027527134373 0.0145622725206651
-0.373658155382255 -0.203553461560637 0.150384236343677 0.217517217219503
-0.418578831324706 -0.146915276137186 0.149089547336734 0.10437266037748
-0.457538190340414 0.0499954254749052 0.0536213561238661 -0.0284917104377836
-0.374311316179202 0.241525393347065 -0.0174264228022689 0.00601633662633833
-0.226516390874729 0.32860746281804 -0.062095521139247 0.0983087510261341
-0.0765263952389293 0.353258307021609 -0.0152970446917424 0.159309565009115
0.0647111421902653 0.330831167189045 0.0527119509041343 0.188289702828673
0.0862650470743825 0.285338343271461 0.08998535920359 0.188933840324596
0.104210677287562 0.284388997717384 0.0819968911331954 0.172436001416888
0.0135367890851405 0.329827795584848 0.0813945735810278 0.144065932199466
-0.0990872159967581 0.310456466111725 0.0623894187617703 0.122284525215325
-0.230218933347642 0.279396978812131 0.0279260702832027 0.112821283767758
-0.337664897538175 0.167437031451865 -0.00548803998496988 0.0574386382773974
-0.389894527110778 -0.0308657519725136 0.0615267120345709 0.00786637848816831
-0.424457858716638 -0.160156011240997 0.181346313580424 0.0905500091894269
-0.276854165067342 -0.107416158104792 0.256183822837362 0.313793487494578
-0.287993036815447 -0.0532397106093841 0.240714099831281 0.154621883466569
-0.288278769287677 0.0623127815517831 0.0917167774110845 0.0153259734898103
-0.22383685718825 0.15831128040821 -0.0154021758249745 0.0400763245405861
-0.147574827201001 0.207983849254774 -0.080054710471101 0.163563080493026
-0.055533063038261 0.235233916232341 -0.0157978046590891 0.258399731147872
0.0372656123888381 0.227921330401337 0.0675793216149185 0.295232577947134
0.0477146598904805 0.203273973575333 0.110365675905897 0.292732790445057
0.0505720090095308 0.205893713094673 0.0935114928817996 0.269412351210193
-0.0199262098239614 0.228182161555631 0.0654950908599027 0.225109755665155
-0.10184437204215 0.194946274301445 0.0214626606429955 0.172717284042255
-0.169760696346467 0.143950899552997 0.00388395561575081 0.114547426053053
-0.209596795586739 0.0849201462997438 0.0219050346217111 0.0509482809953555
-0.249230126774571 -0.0182105930226907 0.133337596309251 0.0108821543997774
-0.301084642888819 -0.0900042314547129 0.286764418654634 0.145440768241208
-0.129586585858041 0.00100082268105112 0.320117796999151 0.365129563303836
-0.101644421358002 0.0310071322620977 0.302142601285754 0.176361278914277
-0.0772604023154081 0.0453247429179849 0.129715752298463 0.0472984428419338
-0.0549033581475866 0.0392580685497687 -0.000567271039447706 0.0587448119874224
-0.0612464017859393 0.0538997935442718 -0.0740860675338362 0.195343487162867
-0.0373399045016077 0.0823234449394413 -0.00374273891870871 0.309250678464016
-0.00140012444858944 0.0920015851067684 0.078639807486425 0.352313713909143
0.00119401023579921 0.0916747091970761 0.112490754181962 0.352470849005049
-0.00164189480571032 0.0960849301665119 0.081016692009445 0.329987616578868
-0.0351265021928679 0.0976051272876966 0.0242349269146684 0.274643493983766
-0.0708298366811541 0.0658346679245193 -0.0374556283440093 0.19369045903992
-0.0716108490579682 0.0204998389675231 -0.0284593710630443 0.095818244111
-0.05944422581636 0.0238790054033246 0.0383224787115493 0.0409722865519559
-0.0952270917368046 0.0177147166721674 0.175601214530783 0.0187365613676795
-0.151076574831298 -0.00312310329532883 0.348635450820533 0.177110173259495
-0.0446829389033945 -0.10254025146955 -0.372550654705771 -0.190370023177264
-0.0678555960043766 -0.0890595288497386 -0.255555758519011 -0.0350534566229985
-0.105219700678547 -0.00404027250370177 -0.056694294738257 -0.0259756701578657
-0.0645269397358933 0.0721241547841777 0.0444111491416066 -0.0440701816096617
-0.00193228822663913 0.0703241768837927 0.109158713405469 -0.177227575038346
0.024338908137787 0.0564071177831822 0.0335744032182336 -0.299003168621389
0.0429196499014806 0.0447400439972635 -0.0470667439142431 -0.354323286290082
0.046787994134199 0.0396450081373323 -0.089410182002385 -0.375249121206613
0.0510730775751922 0.0524138268287659 -0.0794055065921686 -0.366155214094032
0.0245862822164002 0.0798357353082656 -0.0212289786409592 -0.320434102087178
-0.00404108693644155 0.0921147788675496 0.0412488363186237 -0.221717927899218
-0.0787586410103392 0.0969077929636015 -0.0110760414297856 -0.0838644837967912
-0.124968324378145 0.00863216134661486 -0.157413258869501 -0.0750629786447511
-0.0636090436617549 -0.0845309762644104 -0.290982201496616 -0.164594109696097
-0.0203393344106413 -0.0945911843101175 -0.327877596014375 -0.380395825216347
-0.182917462626132 -0.188521782646695 -0.318228980283691 -0.186247555097062
-0.206799952741483 -0.161182363527824 -0.229360172288645 -0.0612684595604085
-0.262383012200647 -0.00940913022428642 -0.0647668828965475 -0.0500050743584675
-0.209920708436051 0.141544371002553 0.043079074452206 -0.0389386696795007
-0.0974538114449534 0.191681286881042 0.112598437431262 -0.156187468892097
-0.00775460918813475 0.196359926530593 0.047819931035151 -0.270995919957609
0.0682599366628514 0.184557224499033 -0.0189945913389411 -0.315167829390087
0.0829991309407493 0.166556054363199 -0.0611262521580427 -0.324645357807558
0.0962874304788269 0.181661487202281 -0.0629149958513893 -0.310562888228626
0.027807645064314 0.230723899745043 -0.0120396837820989 -0.272534568036037
-0.0522420291222477 0.232252851581778 0.0450427647125862 -0.183010381200602
-0.189771534600941 0.2261329566418 -0.0165599567548543 -0.0382124056480789
-0.293650792918466 0.0813952355562216 -0.174431519762307 -0.0358518995428064
-0.258337977886977 -0.116433656495634 -0.296913365654038 -0.116765759155068
-0.209629429657754 -0.19085270223245 -0.313576722317564 -0.301206199971961
-0.29988912480216 -0.260497133490348 -0.231786565009725 -0.13228753016301
-0.33438096931784 -0.224660833434105 -0.169806101417381 -0.0604547126080899
-0.408567683412039 -0.0175947475348317 -0.0560179966300242 -0.0736645993536025
-0.348675465444362 0.197741670793489 0.031581965335782 -0.0418879811250434
-0.194465548907463 0.296654960886481 0.0868189378355394 -0.120799255685211
-0.048684799149042 0.319510866462478 0.0428880612002493 -0.20382427220185
0.0799972336612994 0.303256274938952 0.00383343331126764 -0.22689561259127
0.107941043708838 0.267353120160878 -0.0247120315679096 -0.223447660229904
0.134262466145773 0.278866119096313 -0.0322620067215264 -0.210128278655619
0.0430591112572238 0.345348701959601 0.00702347972319047 -0.186540678052143
-0.0718180062799033 0.3465250696016 0.0528448237155453 -0.119658813146882
-0.255612206863686 0.343657594247062 -0.0061407930519745 0.0126618830731981
-0.412449870928156 0.169429578571033 -0.155477272636084 0.00793287908416758
-0.415058609402202 -0.105741478639908 -0.249579771826514 -0.0613577374831
-0.373725632132335 -0.242420340820852 -0.233710409511879 -0.194075035173516
-0.380462695379742 -0.294635193072379 -0.116100934893839 -0.0316309364965855
-0.435670505136441 -0.252485216809405 -0.0762471852091477 -0.0241844956459731
-0.517655159534746 -0.00873687328670577 -0.0275140929692798 -0.0836718392716664
-0.449038889271723 0.249994302068184 0.0140309473420898 -0.0431945478911391
-0.263851321043169 0.373448718938733 0.036899839265319 -0.0640781500214527
-0.0799912634838098 0.402539737227359 0.0220010654075276 -0.0986205260150625
0.0821304716307614 0.377873176384268 0.0224683121130894 -0.098995604489971
0.118008410536477 0.326912871180332 0.0175844114841208 -0.089573871619381
0.152416215818712 0.330314282073635 0.00957591967747566 -0.0820512106220778
0.0518712827396937 0.404429530365185 0.038615944053265 -0.0767312532513041
-0.078759629862955 0.407494664356302 0.0658257157942799 -0.0384815614723622
-0.27709251208982 0.406086266253164 0.0141119664717735 0.059534893535463
-0.460892411423824 0.231186006006672 -0.108910728530911 0.0414127131019393
-0.498502254753345 -0.0740225600843369 -0.154956291851122 -0.0193675409231396
-0.474304160843717 -0.247781685523382 -0.105595399617464 -0.0836988325383
-0.410644785551555 -0.281758417226311 0.0157542687473198 0.0969696317811703
-0.475437740992787 -0.23217140703301 0.0371786971043378 0.0391308798014508
-0.548957674770385 0.0151082019793534 0.0130333152194687 -0.069532629852912
-0.468669225315706 0.273200224076374 -0.00492161948306493 -0.028343524902077
-0.280596140375383 0.394068417675042 -0.0208904804396809 0.0139766229450754
-0.0923525822919815 0.419998782782307 -0.00329166937356156 0.032629883583348
0.0733897751170936 0.391612312285352 0.0384412869838809 0.0497928111113596
0.110613760251856 0.336996522537208 0.0586425866249186 0.0574577012714271
0.138833358623271 0.33471411120974 0.0528433177379945 0.0538601572004625
0.0392921500567324 0.400362129199163 0.0695483788872691 0.0409837008266698
-0.090134714147328 0.396391186728525 0.074289495920503 0.048591846043944
-0.272040326254429 0.384907518698316 0.0310912049486594 0.0973106122705047
-0.434524347285513 0.230723034348973 -0.0532392189422054 0.0570929078659141
-0.488840020101919 -0.0500547921882691 -0.0420297662037758 0.00186620508090242
-0.492363746746682 -0.221317402103843 0.0456989429835639 0.0150092642308977
-0.380856672644615 -0.21795347643116 0.146507881260101 0.225824271268762
-0.429423079383344 -0.160595117118436 0.14976955340428 0.10903247389926
-0.470382216463091 0.0452146676928557 0.0542022227927938 -0.0313289804146418
-0.387935846528766 0.244215305680023 -0.0180514448111568 0.00408123995669327
-0.23774612879681 0.336916268169172 -0.0659757242660804 0.0988866342127747
-0.0833984651412233 0.36401382327896 -0.0207437219748149 0.163978904023679
0.0595663653690904 0.340903473084399 0.0523675314501134 0.192763193749523
0.0843105030089947 0.295836495371592 0.091293179756749 0.194722162472083
0.0994217547503313 0.293552804578612 0.0832986824885503 0.18025578895599
0.00858561589854457 0.339740532182764 0.0810515234848974 0.148160694340549
-0.106300729348447 0.318801093464224 0.0605082490809022 0.124813116919098
-0.242463315507106 0.281897284450896 0.0272074523554945 0.118940273260316
-0.347843815000718 0.167733121189612 -0.00766856540896819 0.058932005293814
-0.398729259912345 -0.0389369004680685 0.0606750662062773 0.00969313218365963
-0.429134920923035 -0.170650243489647 0.186259564458482 0.0960150361111026
-0.284313645969999 -0.117492989172249 0.253754572724583 0.327833904711359
-0.296964064818817 -0.0606542193769087 0.241311228254063 0.16349243605342
-0.296839154746491 0.0616920949638378 0.0928579344108558 0.0147778550180369
-0.231397796390188 0.161890448942556 -0.0170945911999225 0.0392427484816544
-0.154064453014455 0.213767041051961 -0.0861188612619267 0.166431377821687
-0.0605876883856928 0.242992596200398 -0.022850519396506 0.266457790342004
0.0332932173793602 0.234831448554421 0.0661488695364306 0.303931707706235
0.0459928320277899 0.210462161976542 0.110670612375435 0.302947749022035
0.0469643080358174 0.211935571011404 0.0924674462371885 0.281076384691145
-0.0239148473928489 0.233900314499869 0.0631569478154576 0.232593867771804
-0.107204824812932 0.198896703299693 0.0176906748940339 0.176807256615827
-0.176571269406837 0.145004267164007 0.00246694660840264 0.11906795537814
-0.215264358630371 0.0843411094210163 0.020648024570852 0.0525480844679473
-0.254646579082383 -0.0222015415740308 0.1346705269512 0.0136087340933351
-0.3060383068235 -0.0973598711096489 0.293636199362533 0.155597609233346
-0.136024028073121 -0.00249587878778899 0.320059112573425 0.384841429669864
-0.107420204092541 0.0305392114206505 0.304742416058309 0.1880937715834
-0.0802913199938957 0.0477638076135867 0.131767204353424 0.0485256719422599
-0.0558334631115624 0.0410288640718215 -0.00259787280173108 0.0592489906769848
-0.0639360145519632 0.0555687032511325 -0.0808427986718634 0.200308018634363
-0.03959013374753 0.0853306433803805 -0.0108866465147879 0.318811428324177
-0.00390138793706616 0.0940151408654985 0.0759439507176293 0.36454122901483
0.000319481866310546 0.0938235291177176 0.112079544763338 0.365756834263891
-0.00387875670094993 0.0980738745538909 0.0788562136729829 0.342617763257199
-0.0373551110187056 0.0994570641004624 0.019705402880635 0.284560425474069
-0.0732490658966203 0.0667079123878517 -0.0432990124169515 0.19822413099317
-0.0727925234143117 0.0196915799626504 -0.0309771618808452 0.0984388646769997
-0.0594379611149142 0.0245815182080317 0.0382306660629856 0.0424123100966992
-0.0980715992567848 0.0185270232066499 0.179043839442406 0.0228432778641184
-0.154582881806881 -0.00506886282780024 0.356400895911326 0.19054271760049
-0.0461799633795501 -0.106278406069265 -0.394742978379776 -0.198046658546595
-0.0725118822361388 -0.0953874575130604 -0.265887569093182 -0.0339647269197798
-0.111388045714101 -0.00430030578759538 -0.0606079948646253 -0.0254714897503247
-0.0677347723725167 0.0762153564999194 0.0453614374373916 -0.0462079382517181
-0.000984183606094421 0.0743124412251149 0.111061499663635 -0.190484165995981
0.0271101115894088 0.057798687584291 0.029549765931314 -0.315541450561848
0.0465615240987206 0.0461880688912243 -0.0566601114626822 -0.372610029422509
0.0498203215534138 0.0410119480960697 -0.10471193212877 -0.394612190062206
0.0539342519608792 0.0544518468951122 -0.0910684131982253 -0.38521560285741
0.0271625008878112 0.0841094091378488 -0.0271341464665753 -0.336734275541503
-0.00269017081174316 0.0966726452525694 0.040802235408846 -0.233770562211935
-0.0821301825414836 0.103925708639749 -0.0124316834094396 -0.0868239119435373
-0.132140191697472 0.0111270117608489 -0.166823651114364 -0.074554019251006
-0.0674064447699947 -0.0906287111347122 -0.307539317655573 -0.167619997905372
-0.0223427635598931 -0.0999940548770747 -0.348424284127058 -0.395840019098548
-0.19314296345804 -0.195129165610546 -0.34041989543232 -0.194746839669313
-0.219863623214757 -0.168767057040246 -0.23908735675936 -0.0612378330549712
-0.275427390328485 -0.00522775198832183 -0.0706717203158049 -0.0510046177275991
-0.21822238142035 0.152356022464958 0.0436459429161798 -0.0411656333836103
-0.0982588867128086 0.205221240882291 0.115326043260335 -0.168896664771687
-0.00368017311391111 0.207127251330983 0.0452205729973195 -0.285626591645395
0.0751782151831219 0.193039451532653 -0.0263841494926153 -0.333710341727384
0.0903517005585037 0.174042911226472 -0.0730012173390702 -0.343161771812789
0.10353272287873 0.190402898518755 -0.0720117720833503 -0.327907788554595
0.033786439910752 0.243572313624468 -0.0166299641039589 -0.288952317105406
-0.0504596962237871 0.24662061936204 0.0447282215546811 -0.194004693999859
-0.197392497962748 0.242633981294044 -0.0168754377902775 -0.0375061851965552
-0.308394212248676 0.0925074679415912 -0.184115014040645 -0.0332548775673624
-0.273166400200834 -0.120899766979842 -0.313528916782785 -0.11670661878087
-0.222595991427626 -0.198288470171295 -0.331280644774738 -0.313984045587978
-0.317742073946224 -0.269094903417959 -0.248908875872031 -0.13820797310899
-0.354609043498439 -0.23267260335582 -0.176983111816401 -0.061864936485353
-0.427046536525882 -0.0106371190054438 -0.0621503241049169 -0.0774014787693561
-0.363511842258023 0.216354273320269 0.0316519766534524 -0.0454813623927065
-0.19746254529648 0.318937744555151 0.0892406045304513 -0.13113352886975
-0.0434921514876284 0.33720925689545 0.0401894103523 -0.214433005928532
0.0900851025220727 0.31718761012038 0.000605063454909174 -0.241750373606971
0.119482663987071 0.280923115881059 -0.0318899135386039 -0.237744711950589
0.144644845924536 0.290103639623976 -0.0369168599250145 -0.222099928467089
0.052638884564702 0.363663416915401 0.00465477743740483 -0.199567550922458
-0.0680890373783889 0.367793300120531 0.0531654814186574 -0.127940890714964
-0.263837363474149 0.367589672594927 -0.00400654312531239 0.0160434832609819
-0.429922200562815 0.188612589483331 -0.164143726740024 0.0128515522731239
-0.438117498089701 -0.107000306709852 -0.263834556523417 -0.058365694536949
-0.396813232120931 -0.247558578481486 -0.247380904822045 -0.201491430590631
-0.40439605040857 -0.305325351259797 -0.126606933260443 -0.0332781951029847
-0.462728014192456 -0.26003732813642 -0.0802152624078503 -0.0257292483999039
-0.542502320308023 0.00214976137145968 -0.0329618991797925 -0.0895245916320599
-0.463608545952612 0.273189489895608 0.0130465482400426 -0.0469261772686422
-0.267584221050556 0.402380999736616 0.0379364699830249 -0.0704813393062422
-0.0754820779147795 0.424845335855436 0.020347120093549 -0.102653981274194
0.0928571594885829 0.396076296647814 0.0234465692854615 -0.10807386626372
0.131107424532601 0.342775467651622 0.0166125643618677 -0.0971985651184306
0.163721935386172 0.344604986716104 0.0101837267303141 -0.0871620616832548
0.0628612196364324 0.426080334694547 0.0396812779460868 -0.0840816758079554
-0.0728120258689448 0.431764209324516 0.0682329275514157 -0.0431280521753652
-0.285850427092704 0.434115678578159 0.0186363761430698 0.0661543458383587
-0.478565652009365 0.254063340456594 -0.1153222469683 0.0466229052829995
-0.524276366121582 -0.0710218821749697 -0.165194966694008 -0.0159909143464968
-0.500853327412049 -0.252336332171982 -0.11067402175693 -0.0875568386715913
-0.437500062603694 -0.291065663515453 0.014366040352232 0.101198742684063
-0.506123008331752 -0.236083243260758 0.0393648685601881 0.0388052260704451
-0.574839534126925 0.0274938810028096 0.00999433565986751 -0.0759075200070921
-0.484704825795169 0.298209522392462 -0.00631934727590287 -0.032118084625134
-0.284108480557818 0.424037098424687 -0.0218049203015799 0.0129414258623896
-0.0871435952836162 0.445790249995304 -0.00435750208811583 0.0358407850086111
0.0838600446052514 0.411788939264325 0.0429820651446594 0.0476601657573843
0.122157414901796 0.352406872495816 0.0641021309590133 0.0566023949993484
0.150214684303673 0.349375518852211 0.0586340930182363 0.0558692903866083
0.0500557548800559 0.422425768473502 0.074299873877324 0.0396681626471331
-0.0857104449462258 0.419359314430241 0.078226575201369 0.047824540907132
-0.279997215857895 0.41061511260502 0.0359907423452084 0.10499838998895
-0.45134946337538 0.252812142146237 -0.0564015980433043 0.0619083310119194
-0.513545396077894 -0.0454504665631144 -0.0465746057240191 0.00409109386755743
-0.518605787416181 -0.223152347493099 0.050048605589756 0.0141237132832383
-0.405445984597579 -0.22483690393728 0.154106323734886 0.236337358380301
-0.457500314476234 -0.161505723604256 0.158184010242743 0.111345061928576
-0.492297103088902 0.0578257424424642 0.0537110580679434 -0.0374732542630489
-0.400358182010259 0.267068041085485 -0.0196018558449692 0.0019279465108385
-0.24207121874725 0.361975349031981 -0.0680282697896064 0.103760646580252
-0.0793391467872821 0.386315120523588 -0.0201209579579235 0.174222378431532
0.0673127776838642 0.357549550630813 0.0608106261775783 0.19876292929917
0.0950575497653472 0.309493427227584 0.101989092818354 0.20199893258106
0.108394386397841 0.306784850679398 0.0936070566847107 0.18864484683516
0.015159145981263 0.358428125308991 0.0889769846953511 0.153220781665466
-0.105049039256325 0.338358638565561 0.0648655646038023 0.128862087057435
-0.250173014449681 0.302254614678544 0.032387302248984 0.126990519851694
-0.360422912415 0.184405480734475 -0.00883578335532068 0.0632554778056367
-0.418773920750196 -0.0345372704984592 0.0612393741960974 0.00958312250669438
-0.451554649731574 -0.170310764864579 0.199598972793067 0.097473165686228
-0.303563644781682 -0.119822429410085 0.269322402639879 0.343823165617496
-0.316184217790045 -0.058733283618167 0.255411052102113 0.168410790701495
-0.310436897566664 0.0735304250104792 0.0960476233994964 0.0106910907276566
-0.237978407464466 0.176823260917813 -0.0181743128357031 0.0391688916244456
-0.157172294485675 0.230050754223606 -0.087708771194736 0.176416115608401
-0.0579816362793434 0.258536676301319 -0.0205476438937761 0.28208212827004
0.0384394655497211 0.246938433510847 0.0761585058285683 0.316197987321668
0.0529958073877208 0.220141057552245 0.124812278972005 0.315939225296373
0.0525181215771213 0.221574235621595 0.105242585169049 0.295071031311683
-0.0206722093381292 0.246669072939417 0.0709000576286657 0.243657227845827
-0.107436914767003 0.21222468902079 0.0209034704884063 0.184752618643969
-0.182950394069069 0.15548114904662 0.00516061398419269 0.127266605664947
-0.221508823770594 0.0937019197045439 0.0216604075295382 0.0552484297193856
-0.267694924566509 -0.0170518625445915 0.139372819701618 0.012647238339422
-0.321578510836397 -0.0962423850511135 0.313104189883044 0.159590370405601
-0.146079466064395 -0.00135981847248117 0.340825049865018 0.403598486425186
-0.113468200906335 0.0350833164351944 0.321498864883772 0.19346182193569
-0.0824772043060407 0.0540954452995394 0.138293489759007 0.0460115772504428
-0.0563633620012816 0.0452325002849379 -0.00252558873937551 0.0605578755625321
-0.0653498131533933 0.0604591333122225 -0.0814273729801425 0.212851196896453
-0.0396938602422866 0.0921427830320183 -0.00711011335435957 0.337053429564347
-0.00315534846798976 0.0989775733351002 0.0870268667937986 0.380856494799059
0.00276914772921358 0.0982442337175548 0.127858033546185 0.382784830388709
-0.00204622780374633 0.102816238312857 0.0916861944477972 0.361115508239279
-0.0369791411306061 0.104871862603495 0.0260278562717382 0.299924731921613
-0.0744360908585746 0.0718398325333903 -0.0433754163147538 0.209216928526067
-0.0747691353744315 0.0218119091105247 -0.0309086084589353 0.104638504488268
-0.0601211188470472 0.0272873474564817 0.0406792642166023 0.0436750193002723
-0.103043409512649 0.0234104009247107 0.186253812295006 0.021192289985446
-0.16240447665355 -0.00213146166676584 0.379775642501637 0.195288911617333
-0.0338502821934566 -0.110885494252259 -0.369740382590772 -0.274648341498107
-0.0578720299582017 -0.107444969768388 -0.266869127074743 -0.0813582314083042
-0.112199775931975 -0.0253110911172264 -0.0651068139482895 -0.0349781154734771
-0.0810895151870034 0.0643017333466439 0.0478449857936028 -0.0365957969215273
-0.0171913993544144 0.0724073602591489 0.143707449176779 -0.178020509254228
0.0150385359371382 0.0610590757045026 0.0803236388172449 -0.321755152993859
0.0389954655111769 0.0535231679386009 -0.000327337389257695 -0.396230066663234
0.0403498296365761 0.0503835435778916 -0.0469602686099349 -0.429019987264518
0.0448769960354589 0.0658821940181999 -0.0369065736558947 -0.418600002291915
0.0126191520949823 0.0904444075114518 0.0230402031826007 -0.355883844566888
-0.022711737476534 0.0974806862156676 0.0794257771856849 -0.237467296308396
-0.104168898532709 0.0923339655466251 0.00451483189522761 -0.0971840325020652
-0.141162002362302 -0.0176975349874076 -0.157588669270097 -0.101328590203149
-0.0553165522811154 -0.113854184941117 -0.282043481195381 -0.215790993500684
-0.007933043976107 -0.114452766672989 -0.287139266959239 -0.468122104256105
-0.165666395944063 -0.228929470979803 -0.320635656276508 -0.267355297968711
-0.194294019194232 -0.206439389922843 -0.239846414824567 -0.10813015300165
-0.277056900320032 -0.0548001284580211 -0.0816472099948805 -0.0640724822563701
-0.243555568180419 0.116682563332113 0.0334491033661201 -0.0314727249803377
-0.137783752158663 0.188778525523558 0.140830218539061 -0.146513301816697
-0.0420745176982355 0.208754861483139 0.0899265614535619 -0.284339932718339
0.0433638539648921 0.20711693248215 0.0226991351776287 -0.348004281433136
0.0558660603358208 0.195826743856342 -0.0226014634021338 -0.370584226597286
0.0707014508997375 0.214037117683455 -0.0277757599321967 -0.356666270978494
-0.00934538284446677 0.257621274390932 0.0230893663024453 -0.308012974912689
-0.101957135291372 0.244196922929568 0.0791858169252786 -0.202317996067478
-0.247349286635567 0.217011033812565 -0.00446743200841436 -0.0570325175529922
-0.339295108918732 0.0316651894607669 -0.177066792869053 -0.0621947613883951
-0.262528544665998 -0.183808448876363 -0.290140955729192 -0.163654883065195
-0.199472132236512 -0.25807381646038 -0.277123100004707 -0.370540006409535
-0.27517284280894 -0.326425973366275 -0.242676421145193 -0.197957165057608
-0.319424204626115 -0.294738552269807 -0.180369334487483 -0.10169765455077
-0.427387770571553 -0.086578796404547 -0.0790181417707743 -0.0914239604203511
-0.397228948675805 0.157462436034879 0.0111597328670824 -0.0371928877179073
-0.256951076064497 0.288195510397949 0.104076010823031 -0.105159911620142
-0.105040437992855 0.336557304338828 0.0723595606850132 -0.207359159944134
0.0376831010535727 0.337434639168179 0.0342281320569339 -0.245055826897683
0.0653099530836075 0.310464856837513 0.00396890591633508 -0.253550949022336
0.0938734257370205 0.324791091223841 -0.00911595621292621 -0.241721647725886
-0.0114054025419775 0.385585687899439 0.0287757042166651 -0.213808227876159
-0.144973864882999 0.367327143321936 0.0785957208074372 -0.138231500044357
-0.339007474582713 0.336408387024414 0.00241681603874169 -0.00691337791987981
-0.485179295983454 0.106349047801074 -0.159837803381072 -0.0137271133695919
-0.434317157820863 -0.199366504337169 -0.241649317603966 -0.0961824672145662
-0.370586730734419 -0.343692074459694 -0.203494197752697 -0.232960936729182
-0.354325977996416 -0.380387347443764 -0.139365214168596 -0.0719177136841319
-0.421590651997511 -0.339771406058113 -0.0905219209417227 -0.0503418228837976
-0.545062857345203 -0.0939006963497703 -0.0542618262695917 -0.0994463743452148
-0.507778683881958 0.198200628473088 -0.0151734450993202 -0.0415949436816172
-0.340688207911718 0.362885133762219 0.0385423926267099 -0.04500668194329
-0.151840283156233 0.422606365691192 0.0326558775264854 -0.0924207411537973
0.0272450586209752 0.417885874621201 0.0349407923169128 -0.100766795179462
0.0662237413136769 0.377697035682358 0.0319476676928502 -0.0999837259110117
0.10259680718807 0.383883211424697 0.0187349482980849 -0.0938193346082825
-0.0108802510195586 0.451847988863212 0.0459068542600697 -0.0898835166611468
-0.163962716279466 0.431576232641575 0.0802862631874566 -0.0504362567639993
-0.373637419064548 0.401229354747471 0.018059845601844 0.0443721867251322
-0.5472388547223 0.165339531435342 -0.11364045231889 0.0277768063243534
-0.530586505691377 -0.176679089798258 -0.144282618015311 -0.0374612833886174
-0.479914699696872 -0.36825918703212 -0.0776491476262345 -0.0879213767969265
-0.388467610304158 -0.373196233182526 -0.0205526287524371 0.0893256678414286
-0.468882717249892 -0.324035975180013 0.0198106641121745 0.0370064385846737
-0.582369781540511 -0.0730851662576487 -0.0145870979431244 -0.0779090624936493
-0.531675299878437 0.220958614935287 -0.039517602549222 -0.0288968091860492
-0.359867665979052 0.381985947867697 -0.0363464194723885 0.0330594313582891
-0.168102716824596 0.444238980713235 -0.0150995189966563 0.0483342765251537
0.0164878276209586 0.434256063022323 0.0301136964937397 0.0659508182485745
0.0566890256188138 0.387225702602805 0.0567899047229317 0.0674320966366763
0.0883817344386908 0.385481613287951 0.0480602826791526 0.0634403186823742
-0.023820647627379 0.44629922151963 0.063362682145273 0.0439604027778841
-0.175082598833758 0.4195178650223 0.0768311741981983 0.0450351521019256
-0.364101920040447 0.379208841786571 0.0303468537927291 0.0880558840241497
-0.517347385376234 0.169586159773276 -0.0562942722879286 0.0526236284822003
-0.522334579190597 -0.146811332709569 -0.027363842619219 0.0011116176522818
-0.502921071329622 -0.339532981214579 0.0711393664071351 0.0462725006958653
-0.363786753469691 -0.300796952747617 0.0998519256525994 0.254437110382174
-0.432209259996516 -0.242418280349458 0.13115184381931 0.133350917660408
-0.505241015135221 -0.0285629052800512 0.029621759202395 -0.0295590286422889
-0.442962416440402 0.203989215719458 -0.0533110731033465 0.00333541311464166
-0.304553621946943 0.327902759961898 -0.0972972509187521 0.117100261061716
-0.146528591683977 0.385695349512798 -0.0535087290941368 0.188542334740739
0.00724282435327065 0.376714452393186 0.0255741001893372 0.224911097687102
0.0374959679911165 0.337803453811293 0.0737172897030888 0.224706494604433
0.0537858940362113 0.333560520545832 0.0650876416106609 0.208477086293429
-0.0485170523859223 0.374138326748697 0.0629257119047223 0.165204769397727
-0.17747718592435 0.330923200946911 0.0509858074643261 0.130084635431309
-0.31252867898936 0.271670664087335 0.0223416927028393 0.116287588416745
-0.408195006565474 0.118204417676817 -0.00927003032778162 0.0612571495251186
-0.423581934417708 -0.113117441394503 0.0772544084671159 0.0228527737874168
-0.440577379029473 -0.270315671452043 0.208036713499516 0.156199664919759
-0.27826051388462 -0.176896319224398 0.202644417069054 0.389713744153335
-0.305376116420624 -0.115501879178331 0.225355773406689 0.21186130722837
-0.324375164520069 0.0198695756656796 0.0761863867928268 0.028066605546206
-0.265318556248752 0.140672997346608 -0.0447772311378281 0.0405375410052412
-0.195040969915097 0.209813360535414 -0.125745427505958 0.182346271592343
-0.101502826860198 0.259130193525069 -0.0695498918539402 0.296442737925809
-0.00274099354815084 0.259814202689028 0.02526188974281 0.348328224603776
0.0123053883433683 0.238227903563601 0.0800158877092882 0.347891415425226
0.0127807232130745 0.236030593114811 0.0632856978586963 0.322045449717217
-0.0654915043224979 0.252691736116657 0.0318933731409825 0.258764310745729
-0.154583705833362 0.19988689995574 -0.00405959436763116 0.18632938433756
-0.216703679161923 0.131907754038043 -0.00700308588459169 0.120519418393179
-0.245919092252307 0.0523932727738994 0.0189443821630404 0.0591048951399115
-0.270429922003578 -0.0667437612213087 0.149648611141223 0.0366095269008074
-0.316837271108894 -0.163387541755468 0.310185147270179 0.2340236412021
-0.13914443299257 -0.0280687436809965 0.273924634159673 0.467671030894418
-0.116943612746073 0.0132386357858606 0.294816567950284 0.253193581022741
-0.0908970104762661 0.040991831165137 0.127634483249141 0.0699354072368559
-0.0613504119377877 0.0374032289265301 -0.0174663781400739 0.0614382594588642
-0.0729181152872938 0.0528169207475516 -0.121199932988725 0.21241095141992
-0.0529889216316062 0.0910223372354657 -0.0626554748694793 0.351582974967476
-0.0196133534931585 0.102618407039636 0.0284267757261017 0.414771656767986
-0.0143188183929883 0.102751396613822 0.0729732269703637 0.418300929207316
-0.0214642342749692 0.10432052453818 0.0406012416273566 0.391011095123743
-0.056583197098685 0.103393033793792 -0.0193045757859341 0.314114333127345
-0.0916402905287924 0.0613957764250733 -0.0747292760055554 0.206612394562299
-0.0808703784247384 0.0105597368783575 -0.0443065487335153 0.101070624846509
-0.0659826357912812 0.0177974087402652 0.036680077528322 0.0508697498159057
-0.107741786055577 0.00881532143296442 0.188704700457956 0.0507593078729317
-0.167040443228807 -0.032413725036281 0.36601862354611 0.275325725422921
-0.0403362305429068 -0.108556971253875 -0.394886770477562 -0.248146737412426
-0.0662918327912958 -0.105259278122736 -0.270078361727432 -0.0616320895571676
-0.114712887056932 -0.0172223101246875 -0.0677565010069918 -0.0290563860065987
-0.0769116699455708 0.070915415287045 0.0438978128345971 -0.0397272511498557
-0.0111547805911398 0.0741854093026599 0.126812340228055 -0.191396766852672
0.0203627654345505 0.0583340595948907 0.0530313439883253 -0.32939560162573
0.0443675618202832 0.0494389087292773 -0.0333350268487435 -0.396650664336278
0.0445236716156746 0.0469411762635423 -0.0855046338222573 -0.425574490993614
0.0504884302726757 0.0627993790523792 -0.0717675876850794 -0.417141020427403
0.0200277237391338 0.0909451190870292 -0.00583746041754109 -0.35928205702241
-0.0155836097112082 0.0991111281365308 0.0617947507519676 -0.243791672455781
-0.0975492201431819 0.101373035396802 -0.00244418783299825 -0.0961838493452795
-0.143156851485486 -0.00577689079014078 -0.166068249135994 -0.0862136164786593
-0.0647067567623973 -0.112658114858571 -0.297540015900962 -0.191707404941929
-0.0170080388749019 -0.114538034293443 -0.324445433677284 -0.446954703037052
-0.180852781175102 -0.21495915037495 -0.344451797666226 -0.244400766146834
-0.20998424441173 -0.192825414972303 -0.245437286914191 -0.0914646414138979
-0.280238642756996 -0.0327997473527652 -0.087938753633906 -0.0572379876886498
-0.233316387513331 0.136934151920431 0.0302554896023733 -0.0336378166902072
-0.120813635860613 0.201549671305302 0.126957550436403 -0.160322620455857
-0.0239973975378643 0.211338377951951 0.0666285710001824 -0.291812667860694
0.0608432376395005 0.203659534689391 -0.00641124805749842 -0.352017051819363
0.0727671571591739 0.191406433729226 -0.0561343117409842 -0.369502565424099
0.0879528123765962 0.208435790337186 -0.0577703380103906 -0.356417635934861
0.0130112685855914 0.259690416005442 -0.00173981816507053 -0.311981152347809
-0.0819124605102857 0.253084032655533 0.0635109561381417 -0.209040889048517
-0.230746877093448 0.238047131266518 -0.00632086636633523 -0.053840110524314
-0.336748525350195 0.0611968165139577 -0.183155689505332 -0.0453581916386671
-0.277471240351069 -0.166091480069617 -0.300761601180618 -0.138110651484813
-0.219088584727919 -0.240711191522901 -0.306354282871114 -0.349378222214936
-0.299142008482841 -0.304189783911654 -0.261820455620949 -0.180753480704057
-0.342293479043399 -0.269805079891814 -0.186760209313675 -0.0899301961349354
-0.4315365907022 -0.0513301313032772 -0.0881411903866146 -0.0850867537287755
-0.38225492572181 0.190375285786859 0.00748285494252072 -0.0386365677573233
-0.23117092578983 0.310952819164261 0.0938660564405353 -0.116056140960189
-0.0761593636069154 0.34481160060502 0.0546970849608303 -0.212986758924485
0.0650901490967877 0.333842691455994 0.0138154245921273 -0.251906931719454
0.0920482883426939 0.305610936378455 -0.0196411710654414 -0.255393129607803
0.119884254743851 0.317700849416701 -0.0289761021737413 -0.242475771688323
0.0214973364470276 0.387532348273403 0.0119511502039426 -0.218640724730769
-0.114225366685843 0.379675208665354 0.0665745420274279 -0.145866439131581
-0.311564218880768 0.364608623219844 0.00418197107189859 -0.00444754743881048
-0.474361039972087 0.147116119879459 -0.162348135043208 0.00257727091447638
-0.450837288740397 -0.166627548723131 -0.249751117043187 -0.0743955918399163
-0.396263168723078 -0.31337581605347 -0.219927526697674 -0.217751976186821
-0.383830387328636 -0.349900879039356 -0.149231864341875 -0.0622427084714079
-0.448697746470564 -0.307418399353219 -0.0938770636235423 -0.0456421027120329
-0.548973503333144 -0.0487094228518962 -0.0652626335580408 -0.0960689854585659
-0.489492023067125 0.239866320660355 -0.0195976419743696 -0.0418989703229461
-0.307964705480088 0.391481993194511 0.0340290657393956 -0.0517703981517528
-0.114690021716491 0.435830699942266 0.0244972256127271 -0.0946757252618365
0.0615502305693469 0.415869491589302 0.0269300841979515 -0.10778822581822
0.0975999379171267 0.372165821778781 0.0224768542843864 -0.104379983566788
0.133174164829078 0.375693861827514 0.0118194858304696 -0.0968793795160393
0.0270218317985234 0.454069577273122 0.0385115325422137 -0.0957471651855974
-0.127770129339169 0.446928769893176 0.0756570163761719 -0.0589637922222164
-0.341434012612831 0.43395341679493 0.0247857077700653 0.0458839421348832
-0.530192760781677 0.212331737591681 -0.112618674957408 0.0388126845450642
-0.543400058944692 -0.137024707504402 -0.14881180768072 -0.0232335131000614
-0.504666815691751 -0.327621631081253 -0.0828554175963218 -0.0821453778235919
-0.41630136524839 -0.340637118578939 -0.0166883690456261 0.0908723049748462
-0.49516712169708 -0.287015450165102 0.0224723152888864 0.033426067655096
-0.584926171788369 -0.0232671514147605 -0.0238806094090687 -0.0785219510127178
-0.511147637069975 0.264655016667823 -0.0430005527822891 -0.0281793686963758
-0.325686097221905 0.414608711131664 -0.0342279154107396 0.0334109194995824
-0.128852283728036 0.457417165289329 -0.0113421439552501 0.050041839783887
0.0522291215702889 0.432389235199851 0.0356262784254469 0.0589272863715626
0.0892597800113869 0.382319973648596 0.0616466647030196 0.0610119263722844
0.118965003594385 0.37824682763211 0.0551141296314412 0.0579436830372277
0.0138816678009022 0.448806355140213 0.0666051737915541 0.0378132433476068
-0.13948256442884 0.434212887882432 0.0791860304220191 0.0375249050336502
-0.333631011924144 0.409928448027378 0.0405485132083031 0.0888790309949268
-0.500076715193971 0.212856864582259 -0.0532738547574707 0.0594426332137962
-0.532316535733541 -0.104971749520415 -0.0292653158721819 0.0050192024154631
-0.524109646737087 -0.297278898070116 0.0765434879841476 0.0398802980296266
-0.388610698660064 -0.271177178459654 0.117902196840663 0.247349447993938
-0.45179253957779 -0.207670095316166 0.141216238273117 0.122278325780994
-0.505303449430401 0.017546782126535 0.0239202248726436 -0.0338249982619776
-0.422761139860639 0.242461380614687 -0.0541917728478075 0.00500081145796297
-0.275004661815311 0.355560011708185 -0.0878290117745467 0.122243761097649
-0.112876374692844 0.399080650533966 -0.0381637778173084 0.193242102530262
0.0381744478359768 0.377067725134351 0.0444202586053749 0.218578257231695
0.0657536713939228 0.334143553960583 0.092362822964186 0.216715980651365
0.0799482208844985 0.330759374773351 0.0845572726260636 0.201736531673916
-0.0169256596690904 0.378527261787663 0.0755459894523086 0.159783266843846
-0.14969549459912 0.346850669159766 0.059683043450911 0.124296668720619
-0.290296964231189 0.29764299200345 0.034352398840121 0.117306128750264
-0.395842696999306 0.151757742316982 -0.00577730688066735 0.0641403856032199
-0.430288574834969 -0.0802423663572991 0.0759918480156892 0.0179576912390101
-0.458049134833387 -0.230936352417214 0.223394074867275 0.138875261490813
-0.294995072808829 -0.153983223636338 0.233804360790411 0.373175188054876
-0.317150708014487 -0.0900500513378629 0.240527609047252 0.193991193973131
-0.321285969555044 0.050006685848454 0.0756225423876445 0.0198153746410882
-0.251430970026627 0.164081733472105 -0.0431274235615019 0.0414063649674543
-0.175939492262417 0.227300079433612 -0.110711421998567 0.191022615335095
-0.0779377125736562 0.269032105683691 -0.0453644988471736 0.303409248255317
0.0184315243664422 0.260788976554507 0.0545002248450469 0.344164165951824
0.0324725717914765 0.236701766429237 0.109998262930511 0.340356041478291
0.0312879355288728 0.235178706898362 0.0922941517628764 0.316852535429417
-0.0437118425616706 0.258084124308737 0.0536076329901896 0.256119431285645
-0.136428265373695 0.213468072763617 0.0099571116512856 0.186207560464729
-0.20513596567167 0.149511356922027 0.00459812708859948 0.122913162188011
-0.238285037460802 0.073808081543546 0.0230244341726852 0.0581446081984273
-0.273455555003078 -0.0443480625735721 0.149236945382971 0.0254764281185913
-0.328001335718847 -0.136558337633785 0.331502771172875 0.20939431030904
-0.144107024495354 -0.016848006445595 0.310173581150106 0.448146459454451
-0.116652274517807 0.0237565441387528 0.313859774329314 0.230807148747134
-0.0863864280712527 0.0513872176268768 0.131046980961167 0.0579422759573145
-0.0563773357660968 0.0428516265320987 -0.0140023849800257 0.0613694263647922
-0.068087029183491 0.0595109681251158 -0.103858528046094 0.222105795536069
-0.0442899925067178 0.0967796464488604 -0.0348524763016511 0.358907392362772
-0.0113751570455748 0.104920371898394 0.0634630411561659 0.411656117645936
-0.0057415489564842 0.103585081365233 0.109322099317548 0.412581915715743
-0.0132879647632133 0.105695709338249 0.0754700944268425 0.387641380308462
-0.0477472034656327 0.107330178995988 0.00645801012066079 0.316377478076537
-0.085644536410506 0.069541369039597 -0.058862442878189 0.213728919993813
-0.0787006254730078 0.017038638216767 -0.0356604208455114 0.105657724542684
-0.0623552736322599 0.0238709210511714 0.040801042300647 0.047324814039507
-0.105989497947282 0.0198302988215276 0.190273424129516 0.0359454018470457
-0.169252617966564 -0.0176035878068642 0.390287642974433 0.246471403930079
-0.0430624649990382 -0.102542388406165 -0.397010602482146 -0.219860162340176
-0.0702371199877291 -0.0992560186976554 -0.26212222746467 -0.04699714920284
-0.112159556953479 -0.010988681499228 -0.0666035232895058 -0.0235649677635262
-0.0708949788124433 0.0729885589379469 0.0391622339982388 -0.0403461308185535
-0.00626549306555214 0.0727057960854625 0.108464358124922 -0.192899743352715
0.0231930996788037 0.0542873490084509 0.0301835923333949 -0.321620563006984
0.0462038658077029 0.0444857769129506 -0.0580135263805857 -0.381613939479036
0.0459848091365482 0.0427448090767096 -0.111821041431604 -0.405008501259775
0.0527002752995378 0.0572663625442298 -0.0969076167919298 -0.399024469662889
0.0253799862323801 0.0874373226005955 -0.0260436684327568 -0.347353205442022
-0.00977570781858027 0.0969291004103451 0.046001135673774 -0.239243472679826
-0.0884788861338289 0.103947698581722 -0.00698570243171113 -0.0912721561329106
-0.13840905765023 0.003490594411862 -0.165035396867642 -0.0706506562230134
-0.0701342826453293 -0.107064356796863 -0.296013611573539 -0.166082487201916
-0.0227666785554077 -0.109609920851046 -0.338520580924943 -0.41321106407048
-0.184717752996968 -0.196866219437905 -0.350156591456455 -0.217296307549275
-0.21406504598273 -0.174989312591471 -0.240551447162364 -0.0773384648591909
-0.270936952001203 -0.0146835593166042 -0.0884971549361408 -0.0493219760353925
-0.216234782272952 0.146200173105864 0.0262947811397401 -0.0340075005930171
-0.103171463137043 0.202417172693789 0.110555842644481 -0.164101584048935
-0.00928537488942651 0.204536524475482 0.0450197237977306 -0.286205307122423
0.0717016619034337 0.192549524464478 -0.0294581698831113 -0.34194276190457
0.0827609290860367 0.18017223408753 -0.0803193488779692 -0.353544017935862
0.0973372414893699 0.196335873286192 -0.0785414575220097 -0.341354935063135
0.0290396077441842 0.251332503072819 -0.0213088433282002 -0.302525666776292
-0.0635753766727066 0.249850688321737 0.048712944419675 -0.206940352008814
-0.210087897700155 0.245489895666496 -0.007321992027978 -0.0495182541638139
-0.320291586958924 0.079820164741449 -0.179440826342055 -0.0304207270025291
-0.277761532962376 -0.146199453943269 -0.297312385131989 -0.113999933728999
-0.224192684789952 -0.218563347848396 -0.313740199084172 -0.319717255988285
-0.304835497122703 -0.275229079557645 -0.266866809111766 -0.15999456885577
-0.345458002680129 -0.240851916528544 -0.184675037655382 -0.0785998343049111
-0.41625226940899 -0.0219767571114681 -0.0920850665656165 -0.0766951342134919
-0.35604733324141 0.206599287259426 0.00340380695343551 -0.0380006879922878
-0.200574479588722 0.315522747330754 0.0816802623417367 -0.12048580321811
-0.0508354013420142 0.336944081913606 0.0390233797235487 -0.209186726662252
0.0832852082223678 0.317933880965418 -0.00343799242610856 -0.247465497144925
0.108245937507875 0.289806449814622 -0.0369996692269453 -0.246349971130913
0.134721265861713 0.299163636438048 -0.0432116636846159 -0.233905783833965
0.0459176261816271 0.374504053946697 -0.00280908972371195 -0.212826316964476
-0.0870359064206434 0.374336597012713 0.0550417085335534 -0.146182030912192
-0.28017021854505 0.373702681682208 0.0070149448407069 -0.00228292203789523
-0.447408333735216 0.171968796606777 -0.157966860105648 0.0147615303854171
-0.445107129278285 -0.138029412587816 -0.245459081022533 -0.054483158727745
-0.399052875358889 -0.276691964328817 -0.223160284691071 -0.197838198238021
-0.387387703679797 -0.315885365810275 -0.150973603864661 -0.0507420932542144
-0.450944132452986 -0.269918800706028 -0.0928841953534785 -0.0409307131044144
-0.528988236592679 -0.0124361074538767 -0.070670275670534 -0.089132365137017
-0.454541864052344 0.261104881347772 -0.0233521934477849 -0.0407140800717076
-0.269309599976901 0.398089584260687 0.0286187925320526 -0.0551883643781552
-0.0821938338241859 0.427428434668964 0.016942549561379 -0.0931593764884945
0.0846962192143959 0.397614423269003 0.0183035979382495 -0.109559304491069
0.118169292226866 0.353068216137043 0.0129629953617255 -0.10361867168488
0.151209751462087 0.354679522810179 0.00587947308487338 -0.0961817979008846
0.0548211338297759 0.437351184436632 0.030656291928732 -0.0957083952813947
-0.0957881699629514 0.440224518036535 0.0681663234980457 -0.0630958927267131
-0.305105402633142 0.442185601425091 0.031086217198788 0.0450899089874392
-0.495516641656449 0.237596207931001 -0.107542422581249 0.0472999925738434
-0.531938671946578 -0.102246337341367 -0.145921328053248 -0.0113178986279356
-0.504155848658846 -0.284456644766083 -0.0827042247829997 -0.075208736686883
-0.420930241768459 -0.304237378973551 -0.0137507444201118 0.0891379469159573
-0.496170365023083 -0.247957006451316 0.0234609004474485 0.0288023563319707
-0.562421967418063 0.0152197778774673 -0.0306560550340764 -0.0750409173297927
-0.473727588289992 0.287441173725865 -0.0453440895307368 -0.0269085314814672
-0.285700793133309 0.421207678477936 -0.031902310797901 0.0308598116855075
-0.0918761574571243 0.450295037948154 -0.00869324052267658 0.0485833018696612
0.0764855818593884 0.414703647277173 0.0376923904571836 0.050808275269595
0.110459550032722 0.362842687985562 0.0626176872235103 0.053448659773595
0.137054317367053 0.358016212084334 0.0574001905772598 0.0514473101417541
0.0411075925897779 0.433303113881977 0.0660930325665822 0.0311247737987362
-0.107507636330525 0.42864444304473 0.0768286399056887 0.0298034140377657
-0.296566424180457 0.417833904962104 0.0479079446257668 0.0850937947364023
-0.465476440757471 0.235575833915362 -0.0489763651885569 0.0626040991531449
-0.518684371282806 -0.073314205117059 -0.0297666976948963 0.00922852012870833
-0.520841068489197 -0.252938747903224 0.0786264034669399 0.0335616876093346
-0.391715747854074 -0.238014208526101 0.126506346105675 0.232192296028648
-0.449067573013818 -0.171813897848589 0.142186311437888 0.108402666116017
-0.48383080148615 0.0498612009308503 0.0179304351994389 -0.0352807303444643
-0.389836870116515 0.261942417193637 -0.0538403469105013 0.00489738239439691
-0.240374354672412 0.361593603809257 -0.0778625639687181 0.120927392867485
-0.0814462877771646 0.392553510663935 -0.0259640147162944 0.189507917044487
0.0593022106250614 0.36273906440718 0.0563543628942987 0.205786305507908
0.0840932614671359 0.318513345654137 0.102459946275472 0.201647452161776
0.0969479906874543 0.313586290017624 0.0956494665244677 0.188260446827374
0.0077162178660554 0.367277127744666 0.0825793422476774 0.149930785934488
-0.122397771851681 0.344949926617361 0.0638304366481741 0.115825809538486
-0.26223503012813 0.306591769941359 0.0435743090713505 0.112639024185294
-0.367885750669825 0.170925368878576 -0.00312032364074709 0.0633334156173212
-0.417619761621131 -0.0526236440647678 0.0715498425235946 0.01490712047615
-0.452521751529331 -0.194228357089875 0.22576157493546 0.120752185350648
-0.294936350755751 -0.130583356366784 0.246884354002346 0.34822971388449
-0.311501083229218 -0.066843677841024 0.243376913332755 0.173324797790984
-0.304867741633528 0.0705564208012832 0.0711239632909741 0.0136713009848647
-0.230219358214761 0.173744906192452 -0.040840095226016 0.0401123416480481
-0.15408838355059 0.230695222218348 -0.095656264005705 0.189220083267167
-0.0565841519225197 0.265423678566918 -0.0259443100907112 0.296320287613239
0.0336322569627142 0.250759522045513 0.0735618611264498 0.327141197483672
0.045810178571919 0.226309295222267 0.127964265214408 0.320446112098469
0.0444405685250021 0.225542149783707 0.11005545254591 0.299135873604621
-0.0254484727824117 0.251396245492115 0.0675766622449395 0.245046208849545
-0.117862973401929 0.215263532813256 0.020038143914459 0.179042010985515
-0.188232298206956 0.15664791161536 0.0136262032682286 0.119604183580868
-0.222665499977032 0.0856624536823029 0.0250631179206759 0.0553037888793592
-0.264277415933481 -0.0252112214914019 0.142733618623884 0.0168438771086052
-0.322061914721576 -0.11032365368853 0.334213336973467 0.18270405017863
-0.142296621872084 -0.00635418860401243 0.326959504064049 0.416473879758427
-0.111774212790664 0.0315745282752609 0.316592486875472 0.204721536001484
-0.0779340416120499 0.0565365444058908 0.127358625083451 0.0469141232258636
-0.0497443676320076 0.0452936383355206 -0.0109853480763401 0.0579611262276041
-0.0615368221480576 0.0616911042732565 -0.0869157299260476 0.220430772415865
-0.0355322508002699 0.0971274799112998 -0.0112527338981006 0.349461570808879
-0.00437225425317267 0.102643989185333 0.0862481719491232 0.394100815780266
0.000877527723642703 0.100013516154025 0.133469289687426 0.390479571058471
-0.00642905375563385 0.102713486190471 0.0992632392619924 0.369037554021257
-0.0392058433350557 0.106105429311242 0.0269814623606365 0.30658165832462
-0.0770880493521535 0.0718146859469132 -0.0448492958108706 0.211390061894963
-0.0738490220236341 0.0207214179205053 -0.0271466919997561 0.104849610229916
-0.0566480329801526 0.0266985772102429 0.0419125708469316 0.0427073772623071
-0.0992259375789048 0.0274115734789358 0.182614446143189 0.0235830579326658
-0.163481431161395 -0.00636102349808354 0.393310729717616 0.214466051596224
-0.0414003855260522 -0.0982043216532984 -0.389601882477244 -0.201832516335032
-0.0702251487693814 -0.0956111238042237 -0.252107424707539 -0.0416088683245094
-0.108768491521813 -0.00876928775170017 -0.0647908888931277 -0.0212239426531937
-0.066249677343009 0.0727860146313514 0.0361521099644002 -0.0391833199307842
-0.00338952937070504 0.0702942088647308 0.0968075713397043 -0.187795674568521
0.0233674877702079 0.0505417042681303 0.0187736203546891 -0.310398407042288
0.0456215760742794 0.0407315186037297 -0.0667640929693204 -0.366799661999613
0.0457607387100013 0.0395773998691761 -0.120794526253266 -0.38558428595502
0.0518903081540597 0.0541751176370299 -0.104192663052627 -0.381079938225021
0.0274167837389775 0.0843323988993232 -0.0342417803340842 -0.334296096727201
-0.00705154176780327 0.0932044315070987 0.0386905076137253 -0.23129501886219
-0.0831162988220045 0.102718758514453 -0.00828727498981969 -0.0869636241600553
-0.132808668600256 0.00710964340346997 -0.160176136816315 -0.0616372762673557
-0.0709685743812079 -0.102975065699003 -0.285822285650652 -0.152386463733717
-0.0236683370175955 -0.104622168809226 -0.333323407214632 -0.390503260606287
-0.179542275635592 -0.185356652314449 -0.344059878943201 -0.20141021121809
-0.209874137500089 -0.164429455611341 -0.233065397822022 -0.0714436000115878
-0.259539973920126 -0.00744630719969262 -0.0867874369790408 -0.0445916879833929
-0.202404812625931 0.146705773693309 0.0232246953706479 -0.0327579589075628
-0.0915566768685902 0.198306161616738 0.100053989029261 -0.161656463687091
-0.00321297249452007 0.195626877710096 0.0339727062051591 -0.276535367776353
0.0738519059981026 0.182530776536157 -0.0393715163705679 -0.329714057622076
0.084405116387194 0.170612372996972 -0.0890092396086661 -0.337767561248452
0.0985973799974933 0.186686312388005 -0.0858299307422214 -0.327036711228024
0.0355712144008781 0.241505364319217 -0.0282966374925999 -0.291515940480356
-0.0547314555801384 0.242379221359807 0.04119692505087 -0.201593816903351
-0.195344494294408 0.242187670933113 -0.00666356462465278 -0.0456828430894656
-0.304677950579533 0.0853993805263608 -0.173903553521663 -0.0215846133742753
-0.271326140694626 -0.135646240041207 -0.287484885078077 -0.100859271599912
-0.219559966155859 -0.204390257023296 -0.308507043134944 -0.301740423090992
-0.296056713454767 -0.258193360773315 -0.263088984869429 -0.146779077272034
-0.336468472348143 -0.223968405299088 -0.179209070182062 -0.0742468936519472
-0.397692681909055 -0.0115944596656735 -0.0915115659630048 -0.0709128403925559
-0.333481725228219 0.208153009981526 0.00106763312755343 -0.0368864296020293
-0.182013007682915 0.309712248398654 0.0735354490835892 -0.119638990225024
-0.0385997167452976 0.324015893266761 0.0306523046782706 -0.202282567433826
0.0885199832810249 0.303047661247294 -0.0116990461586031 -0.240761652006715
0.112004506804986 0.274626899381743 -0.0445284209780849 -0.235807619829856
0.137754956145968 0.284343151048046 -0.0486475948454184 -0.224938782596203
0.0555696926683568 0.359096022066246 -0.00894550777937672 -0.20578503239064
-0.0737217536770014 0.362675442496088 0.0482948794606897 -0.143374015935459
-0.260357407013344 0.368498926875136 0.0102775133466677 -0.000385984475002056
-0.421699203511758 0.178312791823626 -0.152486731327351 0.0211187825606104
-0.43115183922393 -0.123732122316146 -0.236234119274758 -0.04461896841932
-0.386282044962018 -0.255027133686032 -0.218018183386464 -0.185821614550111
-0.379490666358507 -0.293174187924353 -0.14903516093076 -0.0448789789211487
-0.438064926912125 -0.248030391128122 -0.0909045667244943 -0.0393585721019248
-0.50409189173916 0.0025756530008248 -0.0724693102417835 -0.084119433033767
-0.427431310992544 0.262421889843354 -0.0247469104528159 -0.0393610377734558
-0.244473323110814 0.390550296277133 0.0238399482656507 -0.0565712038981488
-0.0656196607550837 0.41321869283185 0.0132500071936438 -0.090196649031238
0.0918943065578569 0.380342182547426 0.012743091652977 -0.109473451168069
0.122419897013711 0.334707686669321 0.00807366942532764 -0.100259304076641
0.15395900868139 0.336576390329292 0.00277809821471655 -0.0939066271622695
0.066200451401692 0.419586670469221 0.0262415675684611 -0.0938439150916469
-0.0799829870639424 0.426960993157599 0.0621407479155325 -0.0638957935898999
-0.281096663673903 0.434270847021233 0.0344405457910747 0.0441018690326042
-0.466999740802475 0.240593563998428 -0.102975681392591 0.0510826894854548
-0.512621257984759 -0.0868115176059334 -0.140912829325903 -0.00522025914266676
-0.487363248099614 -0.258675714202054 -0.0797523318747128 -0.0711331908384594
-0.412115060163884 -0.282769753365794 -0.0132789029014102 0.0865835857753914
-0.479748767125706 -0.225713447304892 0.0221658781992951 0.0250960754891956
-0.536059694738363 0.0311710060062905 -0.0340472582041198 -0.0716368178129941
-0.443507893693306 0.288535845582139 -0.0459182818016906 -0.0266247915318254
-0.259343735385167 0.412627718956772 -0.0319600860990636 0.0270759393282
-0.0756464238263532 0.434484124001742 -0.00777523181308266 0.0471984749741018
0.0844533390571954 0.396894994674885 0.0356891808341302 0.0447475296694254
0.114722851042731 0.345429789691105 0.0602411301010324 0.048988588469403
0.14077283548223 0.34011191250223 0.0571060084242751 0.0465999760241068
0.0522383440141193 0.415752635629189 0.0637086507581572 0.0281622995760746
-0.090286535378726 0.415980290879542 0.0726471975579989 0.0258301184881451
-0.274442975473932 0.410421999523906 0.0522619498055524 0.0821380042017126
-0.437709566717954 0.238568520479179 -0.0467862056785485 0.0635239195344313
-0.498053209173307 -0.0582772412046053 -0.0305003873976698 0.0120727232781848
-0.502305746173922 -0.227978450143907 0.0783520253253112 0.0295778629094943
-0.382407458873536 -0.218753953887644 0.125656357684839 0.22073379358023
-0.436708963772912 -0.153128676158754 0.138784165608455 0.099451967740921
-0.460235299315947 0.0621742541574145 0.0140631926292397 -0.034676533264078
-0.363363358684454 0.261153624907292 -0.0540985886569254 0.00404776992117164
-0.218790622125411 0.354801230244027 -0.0733915222069161 0.115210650530559
-0.0655585021275749 0.380232996853444 -0.0200667579775205 0.182980251343132
0.0670576560716844 0.348323718030199 0.0585371055678636 0.193571853506703
0.0895046542947147 0.303136640335245 0.103828791661616 0.190139169030722
0.101189932477906 0.298567127098155 0.0980228506628268 0.177426401815341
0.0177999012274172 0.353203254231447 0.0829459605849522 0.14202536263369
-0.107359998034216 0.335057309357734 0.0620061832802964 0.109193074219526
-0.24308078704825 0.303031550896222 0.0479592956870736 0.108431584998815
-0.346528400547521 0.173469740455207 -0.00197947408596315 0.0627014662694487
-0.401214647017622 -0.0418175466983833 0.0670520985530978 0.01475216865466
-0.435426446689383 -0.173288871660059 0.221591349998051 0.109825928538965
-0.287508322400563 -0.117183925219443 0.244634343397618 0.328152311588634
-0.301596085299816 -0.0553919155847979 0.237338570692523 0.160010031386548
-0.288325355688754 0.0774797591477574 0.0659522520964406 0.0108817482977058
-0.213653900184606 0.173311274443708 -0.0406651959332877 0.0373772654328578
-0.140113156924571 0.227084385369317 -0.087853049219678 0.182653464208016
-0.0456371396862517 0.257475887698377 -0.0168378509778936 0.286298056766624
0.0390640415076753 0.24170004277236 0.0787752702972164 0.310491099390109
0.0494751883828382 0.215792456456563 0.132077810769347 0.30291941858302
0.0486553308086434 0.215212814709475 0.115568885648314 0.283541708316928
-0.0178692048817106 0.242739765330508 0.0723460451275174 0.234667252694666
-0.106358260642033 0.210191309616417 0.0221447093441963 0.17213179605919
-0.175270269018894 0.156224040607971 0.0187122783569323 0.115870997922661
-0.208743131431408 0.0876638276226294 0.0243060270856484 0.0531520998324349
-0.25293411290276 -0.0177653643454505 0.134135274506311 0.0148413626766091
-0.309440222263728 -0.0969143576563456 0.327319902748599 0.166706922814647
-0.138619812892154 -0.00117169269291637 0.32474808098648 0.391246916780384
-0.107124905741993 0.0341151739878821 0.309296056938746 0.189365555578934
-0.0716760471905774 0.0584609421917876 0.121266717761337 0.0410145647262997
-0.045081727074042 0.0438970014350697 -0.0106131222454306 0.0544908902440865
-0.0567647173883476 0.0616537736070268 -0.0778762129447498 0.213274171021243
-0.030010348334135 0.0948646779332701 -0.00196405326004056 0.336759136220999
-0.00124995037789878 0.0995943225978157 0.0939095527291806 0.375400284273983
0.00287373027445329 0.0955882424950743 0.139249362561438 0.370734103560906
-0.00349560576967227 0.0986358359939451 0.107377169874013 0.351806671997263
-0.0343740234392593 0.10286388367586 0.0349489901885989 0.294498402338598
-0.0706731503043701 0.0714972666055902 -0.037302816842816 0.205014996505739
-0.0690200036856333 0.0212943448743513 -0.0218265641592296 0.102005121486728
-0.0520838075139339 0.0276031175813992 0.0412650887768012 0.0393891437697677
-0.0929909216096104 0.0298277983096735 0.173253819395426 0.0197507036324077
-0.156450543169577 -0.0013739593212105 0.386083520940721 0.197574722301546
-0.0391533718900054 -0.0971325174240324 -0.386979210080774 -0.198128167752184
-0.0692652298726781 -0.0954031465608378 -0.248601982041989 -0.0424025485607891
-0.107276340977861 -0.00932338651915143 -0.0634344940485614 -0.0206016155389857
-0.0649414255962217 0.0718369059958427 0.0349397513738383 -0.0378309828342403
-0.00272667220980762 0.0695624064615219 0.0924581040371098 -0.185367336068957
0.0224686184035965 0.0483087537091263 0.0156493775754601 -0.305198283848379
0.0449994220548671 0.0389706451478704 -0.0694809020473844 -0.360285146671168
0.0452850432487012 0.038924071994267 -0.122253594951949 -0.378171371426239
0.0516094303961029 0.052905363530719 -0.106033959014711 -0.374932487680496
0.0277985455010701 0.0832837152790303 -0.0352220283120477 -0.329377547092695
-0.00740689448571231 0.0916768748137883 0.0382956766032385 -0.227615355179791
-0.0816983948995937 0.101523789426334 -0.00797046967652148 -0.0842640973681353
-0.130457761969121 0.0070752461346215 -0.156974444589311 -0.0576695574441956
-0.0709217516524929 -0.102703394591472 -0.278273308445628 -0.148416006062619
-0.0236504626752406 -0.102704461584691 -0.328310939469942 -0.383060583222784
-0.175024600510649 -0.18273244379527 -0.341754978029166 -0.197473160057735
-0.205898976659695 -0.162779770223104 -0.229216558874128 -0.0726690771492564
-0.25365576528769 -0.00671991717780386 -0.0858836534681848 -0.0434759112438925
-0.197318541777617 0.144810371294703 0.0216655723953356 -0.0318456052414861
-0.0873938196139869 0.195097734677287 0.095502976302687 -0.160475329261163
-0.00229275452830626 0.190984134349615 0.0305655338823478 -0.27194963738064
0.0737466473736614 0.178404729375013 -0.0421157029736559 -0.325689215906975
0.0842592310725784 0.167613912891999 -0.0912018839875231 -0.33078901334382
0.0987979309134759 0.182978052143516 -0.0876591152165913 -0.322194631024925
0.0375472166273394 0.237724519773724 -0.0303575570387762 -0.286728548627989
-0.0536004839933809 0.238743047331574 0.0395274417706308 -0.19852059392325
-0.191924315967071 0.240446014347774 -0.00489042577480223 -0.0437109811729664
-0.297865429982745 0.0845312170650651 -0.171374174154234 -0.0177516700759115
-0.268273683699102 -0.13547404920211 -0.281325673307399 -0.0968552290915134
-0.214036011453166 -0.200015464716647 -0.303502521710226 -0.295919198128482
-0.290142722405413 -0.254337726234873 -0.261407940870666 -0.144421769365279
-0.33053624380622 -0.22034591465728 -0.177363101244 -0.0748767767226497
-0.387868438347252 -0.00939798052966141 -0.0915454549938296 -0.069332363051047
-0.324330011112342 0.204998244737686 -0.000716324695393947 -0.0362102442449309
-0.174526825044209 0.305290154814848 0.0693356944845896 -0.120058798293127
-0.0350932968337974 0.317652337282979 0.027757487809736 -0.198965436243954
0.0885095316707405 0.297238253345119 -0.0154084407796048 -0.239208163087374
0.111671767873093 0.269585377436954 -0.0467883946242431 -0.231637401102615
0.136536155789221 0.279197948547794 -0.0501061614157811 -0.221983273934264
0.0570396228133091 0.353810388603058 -0.0100301962842676 -0.203196249208227
-0.0704441543547751 0.358170676208563 0.0452185648033359 -0.142094999386188
-0.253805168177514 0.36464568224226 0.0127812862141008 0.00134830556380569
-0.411443212366201 0.175670496651076 -0.150470077868223 0.0246408205103731
-0.423882456158954 -0.1223828735984 -0.231202358498745 -0.0412505787361389
-0.377242911533394 -0.248112678388455 -0.213329500409635 -0.183489216279511
-0.371932022276159 -0.287717013000923 -0.148954674239473 -0.0444635724625452
-0.431495891256758 -0.243773621982988 -0.0903520977526728 -0.0411900811481659
-0.492228931203193 0.00517093433486584 -0.0730372959220499 -0.0824243990311225
-0.414673073951908 0.259471820296048 -0.0270057180049845 -0.0392865051673875
-0.234624226669399 0.385085680877817 0.0209489220416866 -0.0586609578869961
-0.0617169092290478 0.405624903597447 0.0111722773836897 -0.0888432811473919
0.0921501356474942 0.372745667391726 0.00965589415001033 -0.110669065039087
0.122809041260784 0.328854200874808 0.00587223639066656 -0.0986307919810013
0.153636844436435 0.329876654609144 0.00139953997127809 -0.0930250343035254
0.0679244299938522 0.413361885976805 0.0251507183989586 -0.0931281613352242
-0.0760489494762341 0.420412063444471 0.0584273158365427 -0.0637958730508948
-0.274502481430517 0.429552980334922 0.0382832210721189 0.0440406981903632
-0.455017013755579 0.238211390021043 -0.101884410703464 0.053315859397002
-0.505157173124582 -0.0869517646576522 -0.13867419553922 -0.00225534619304287
-0.475533707016624 -0.253260925321386 -0.0759866000583337 -0.0704279247976747
-0.404891407809638 -0.275900178575873 -0.0144586715501141 0.0845607752695854
-0.473058927248873 -0.220173987306524 0.0211960597353817 0.0226964408646466
-0.523466506975915 0.0321255108334137 -0.0354977024363324 -0.0706557660016854
-0.430753837930658 0.283474243122199 -0.0481610802218633 -0.0271456787362332
-0.250105497730854 0.40666901610297 -0.0332622517057889 0.023975814652571
-0.0711652102761752 0.427627167107574 -0.00875731183949312 0.0457530834200869
0.0852480736188755 0.390444067085323 0.0336411267790582 0.0400818818314862
0.114929828958602 0.338456928869468 0.0582055425013107 0.0469261678369297
0.139891866949472 0.333871711785222 0.0557766835407608 0.0442554880817276
0.0538582643369631 0.409556272755387 0.0629882807880642 0.0267630262373107
-0.0864648000807323 0.409405410031135 0.069017955624996 0.0244633885594835
-0.266620409183986 0.406188309778859 0.0555360705556051 0.0808614388108444
-0.427158277985754 0.234894384673278 -0.046578607906751 0.0655091934091011
-0.489081817275884 -0.0583323930656989 -0.0308115941603067 0.0146692479317004
-0.488928732813163 -0.222961289695002 0.0790529395309128 0.0276370289385844
-0.376053743481605 -0.213045710505311 0.122965177311431 0.216115786033972
-0.429724087933934 -0.150438552694337 0.136375534529568 0.0962414339947079
-0.448106935333366 0.0636322069923417 0.0118284624403052 -0.0345231546515189
-0.355001068278497 0.256922426153055 -0.0556339205388354 0.00238149345242543
-0.210898144700245 0.34963316117421 -0.0736012156502646 0.110976308215429
-0.0605383586796053 0.374639523814205 -0.0201215965281927 0.179128768420705
0.0678935658748385 0.342472069371098 0.0567724369814542 0.187283505698577
0.0885542044480046 0.297683399828698 0.102126954453253 0.185686723788202
0.100470683399854 0.293221717683466 0.0975051933320432 0.173382580593104
0.0195480247611689 0.348114022656065 0.0827837817315404 0.139161211732142
-0.1026056897354 0.330509072165216 0.0594844209758205 0.10687646796708
-0.236403488426969 0.299378086074311 0.0508672191578431 0.106820295276035
-0.336229681291965 0.170630434150116 -0.00333849843831575 0.0635610411588705
-0.392521864790469 -0.0406914494034588 0.0637937295562648 0.0166423630424971
-0.425140360118906 -0.168437681106062 0.220672200932123 0.106208218502301
-0.284443178633863 -0.113402432436454 0.241800007563707 0.322336964821208
-0.296933920406239 -0.0527036636028684 0.23431650723137 0.15677773065838
-0.280011794890262 0.0787727856107355 0.0630688941328532 0.0101555429640898
-0.206911410411249 0.171132281610629 -0.0420435552198329 0.0350033340040723
-0.135303021445295 0.22342415375129 -0.0871280876498526 0.177769019563602
-0.0416830162336077 0.253524841252162 -0.0157135429664543 0.281088893703639
0.0401771685589628 0.238587475279062 0.078603386360526 0.303146631822091
0.0491240031035363 0.211900468059483 0.131537265167518 0.296116114962372
0.0483393743280552 0.211596556909593 0.116458074803987 0.277681919498285
-0.0158432698767976 0.239469204348464 0.0729760824603911 0.230274617465168
-0.102139720014332 0.208035014508498 0.0214742015744416 0.169278311343643
-0.170564488832801 0.154771392282002 0.0213885548675613 0.113543149731405
-0.202361517289754 0.0868349431554526 0.0235653803685851 0.0527355660486325
-0.246180673444697 -0.0168926681485172 0.129128669639494 0.0160408694945338
-0.302554685432405 -0.0935312298879197 0.324607829993242 0.162146095924869
-0.137541172321211 0.000667257050931583 0.320499294292742 0.383638435702783
-0.104750683552786 0.0349068410686259 0.303994859531464 0.185090820393588
-0.0680650779343646 0.0592804574474931 0.117541640943467 0.0397914965961302
-0.0426597540841468 0.0432744446004205 -0.0123442178519538 0.0517248997237471
-0.0549968850403635 0.0607060327032072 -0.0763589645202203 0.208956197175149
-0.0274257207162591 0.0940172240075114 -5.65555590989223E-05 0.331070057862937
-0.000627020352010633 0.0982122286733044 0.0943659594089523 0.368258186071239
0.00284377171512923 0.0945807186107221 0.140469863682531 0.362623812238339
-0.00319455052475482 0.0969268334269199 0.108936190633197 0.345357903189676
-0.033082767505086 0.101299747352356 0.0374332945742925 0.29020741839447
-0.067765850425362 0.0705217579632481 -0.0360126719019155 0.202565085685463
-0.0663243520021056 0.0207729298768741 -0.0193923169754201 0.100405805600999
-0.0493733106415359 0.0276627958769625 0.0404699123656188 0.0384279285111489
-0.0894994782549954 0.0301729787762521 0.167738768093748 0.0207401474534934
-0.153369264933499 -0.000140902561117717 0.381718484239854 0.191686021051575
-0.0713271543171602 -0.0679529314781192 -0.446376241296396 -0.0194121863629164
-0.0991182811551664 -0.0567007532385065 -0.250597098746938 0.0691064301808359
-0.102461307330441 0.0359829799778166 -0.068519740758185 0.013504259840953
-0.029219164564564 0.0912217021831041 0.0157093472717296 -0.0440590225578291
0.0236543043019069 0.065882399833832 0.00304510857795218 -0.207141486284823
0.0380047385131048 0.0362094877993713 -0.121486131403372 -0.283273644564895
0.0566010697028498 0.0150639380503219 -0.222291417835501 -0.298719897764424
0.0588677393811798 0.0192322756036079 -0.280132933274424 -0.288885284644917
0.0708859426337544 0.0259789194907548 -0.264678970215553 -0.294229844778791
0.0610254462545019 0.0642139354097799 -0.180490837606138 -0.283030901927097
0.0309296401607554 0.0890952102835888 -0.0682589796048794 -0.223864225879668
-0.0308928040671629 0.128187426321465 -0.0520934586566257 -0.0744365565401282
-0.120387421067338 0.0608623574420396 -0.166721454968872 0.0125454703624164
-0.115083838836379 -0.0670099293251331 -0.310419004157858 -0.0222617022940629
-0.0720343947667673 -0.0882775668774855 -0.458769328156238 -0.213825337622757
-0.230669147546491 -0.0932284472697806 -0.410451835540751 -0.0341257242974431
-0.25022607973023 -0.061581873813945 -0.248001372890224 0.036576018885296
-0.233094293096171 0.0972272412278457 -0.101310563234809 0.00918622275395476
-0.116650917238275 0.210220122783206 0.00418025336195687 -0.0254366972378455
0.00065840739662508 0.213548352443099 0.0188004641836024 -0.181394449234595
0.0764030731323012 0.176806330850347 -0.0895369410156362 -0.256747362872152
0.141371570906131 0.130734767322823 -0.179509716074262 -0.27567371832449
0.148194353064795 0.123455839600157 -0.231678719594835 -0.258188884087937
0.169039335327688 0.126698811507005 -0.226477009595315 -0.251701816646837
0.136721181896801 0.204112263511238 -0.159704743266851 -0.243970730180977
0.0520129023083048 0.24643785437007 -0.0620217676020499 -0.198509068872191
-0.0698266650200328 0.302717377810977 -0.0434261766968455 -0.0407672202087808
-0.242751937736522 0.204649042446003 -0.167777523188648 0.0494554065080236
-0.312023882571449 -0.0115850203790113 -0.289488067953964 0.0168980739774257
-0.294482203732452 -0.0908932071618037 -0.389927937608426 -0.155108259196495
-0.364574180893135 -0.112746680316876 -0.319681250576797 -0.0165762702899314
-0.386050690126064 -0.0640827014681211 -0.204391431267738 0.0143984309503021
-0.354955383878779 0.149027933569398 -0.119956788939096 -0.00501732917361098
-0.203096257353169 0.315921747695324 -0.0209431467045671 -0.0134504221313136
-0.0312397846110795 0.347552984023587 0.015477508908416 -0.128770110883055
0.100665469751303 0.30635088869789 -0.0578361192730779 -0.18633579460829
0.204935087425902 0.232581323264232 -0.114473934523905 -0.204511016328002
0.216754222040717 0.207247645441954 -0.147769553727324 -0.186941668219766
0.244229877065476 0.199563604028877 -0.149215012058901 -0.175951943620845
0.205039396971008 0.302653989106805 -0.106873165509202 -0.173929218251314
0.0876562193194051 0.364778785630895 -0.0383777854886511 -0.149379120911754
-0.072061421232012 0.443010717431058 -0.0175267222005726 -0.00816412633005802
-0.310031758637543 0.338177839211327 -0.134934804786378 0.0754944037225136
-0.450268128295498 0.0694891801085301 -0.221547451720505 0.0392516579649072
-0.46723233365757 -0.0604832798374497 -0.25475852835767 -0.0989567391800552
-0.453661261279496 -0.114650466286573 -0.175729238576728 0.0294471139794531
-0.486698838120331 -0.0467726582859123 -0.111233246101397 0.00987358830048426
-0.443050367320872 0.204521804162004 -0.110160428035229 -0.0197909617896126
-0.261821612866048 0.401462060137814 -0.0477880489407876 -0.000125657401954807
-0.0524265545400942 0.444460271775199 0.000903039252174897 -0.0485297633005392
0.11589209734248 0.395664612125737 -0.023187946994584 -0.0772534861386778
0.240247365799765 0.300278007131575 -0.0333327789153645 -0.0955595186071992
0.251434192008245 0.257228910383373 -0.0407416908648582 -0.0889246706934907
0.28167673087157 0.24040533939176 -0.0447097842556367 -0.0812831728345619
0.240045795976608 0.353980424277216 -0.027142598281398 -0.0878686842109873
0.110070181212982 0.426270934164072 0.0047484523144174 -0.0831408379592399
-0.06078535528543 0.51246499406343 0.0199108479824822 0.0203189769314788
-0.323269912326423 0.415786702319405 -0.0814373135807129 0.0793466017548148
-0.50569328210524 0.136318325722586 -0.123398393576879 0.0325624054002239
-0.560771418513088 -0.0187881172356936 -0.0789834456192471 -0.0584568146828101
-0.478407307344203 -0.0932831639607447 0.00235826082859419 0.0929131590212708
-0.51665850953596 -0.00971970464635962 0.0191458477528819 0.0212425437415085
-0.460285633327867 0.240944256304134 -0.0705627724260825 -0.0232886336231881
-0.267038655043754 0.431201601342739 -0.0625624338844627 0.0212613433792227
-0.0554551955429905 0.470444960677146 -0.0114953357856348 0.0513907865210691
0.118880171938085 0.419589814693882 0.0186549949689743 0.0548843871006972
0.240978022456263 0.320289208129842 0.0550298495041272 0.0329518569016937
0.246804780957443 0.27057723371484 0.0724775740478709 0.0201676134750489
0.270247596865727 0.250043876861843 0.065932538030738 0.0190409686857102
0.226868281051278 0.356439518157308 0.0607001634357932 0.0039631170920009
0.0947709820562888 0.422069077012679 0.0536984380084839 -0.00799155191137296
-0.0651125959067975 0.487913979631241 0.0538208848129688 0.0458070245571316
-0.296964267375086 0.400496615679192 -0.0261793453022449 0.0670755223429093
-0.47760342931622 0.158276877416076 -0.0196388915079065 0.00322260985151462
-0.557813920190658 0.0165179253888732 0.104268328018852 -0.0351765627184095
-0.429330738512085 -0.0494269884847707 0.187635216197015 0.155687482447259
-0.449482779191533 0.0360437139649628 0.159021126768137 0.0375226814288356
-0.37962476361817 0.240536732222328 -0.0100831933946732 -0.0136562983943732
-0.207889707486394 0.375545009839569 -0.0551935605024769 0.0477748470670306
-0.042118024987136 0.402093379948889 -0.0106265340382706 0.146349192488193
0.10588661527419 0.365537231674911 0.0666502594485276 0.180422030400774
0.206002462296319 0.284012365556358 0.140489894048965 0.155715805106827
0.206136750297727 0.241642865241831 0.174212094391831 0.126127096395003
0.21714109929295 0.229851295942757 0.162161321042535 0.116943267728479
0.168722330183903 0.314105330737747 0.129667951995332 0.0955534636003209
0.0475453880068788 0.354562950859207 0.08448569044786 0.0704408396781005
-0.0832690373579682 0.377175778605368 0.0677201945613375 0.0691238212714129
-0.2396850045749 0.302710887088306 0.0152366032791249 0.0484422562571932
-0.379447321123593 0.130817304365883 0.0655731952932123 -0.02891691897067
-0.471138561372596 0.0377252191179784 0.264106131833895 -0.0197903286657875
-0.304780997697758 0.00380951725227935 0.348854170078267 0.201573087369623
-0.29165607346228 0.0691099853021917 0.278339894175769 0.0480701677109741
-0.220478677988469 0.185188353789042 0.0596125429632536 -0.00328926928756523
-0.112299462603402 0.237152898787026 -0.0263146571888918 0.0636405333055177
-0.0257834547771937 0.256820024638882 0.0039605435279039 0.208722551905241
0.0730659541540268 0.246781525238124 0.114059671556496 0.268682192776927
0.136912052671936 0.201543761229759 0.210004793042929 0.249158002398334
0.13356526061646 0.176850947046531 0.251020001285843 0.212666891751678
0.133890156073273 0.176620523318261 0.227264546271406 0.201448066484547
0.0890789114056239 0.228502720699068 0.164061193797198 0.180922701387931
-0.00429304109385967 0.23836734988636 0.0830782702986093 0.142718780113854
-0.086275177376726 0.216066040225682 0.0547626249768977 0.0874641973017242
-0.149597501820583 0.167438663767255 0.0387757656499774 0.0309312361991783
-0.232304612584615 0.0913164494549421 0.124021552688721 -0.050419439983048
-0.322401863911507 0.0527768140963426 0.378608713129786 -0.00764508296884672
-0.125416835713387 0.0483963978604522 0.453473501935738 0.22150412962005
-0.0830547137747481 0.0697585267529249 0.359469994081492 0.0398160431472192
-0.0362202039493027 0.0799981357685895 0.124063683217454 -0.00979052550479551
-0.0188711808930301 0.0545861193344551 0.00942515009155076 0.0550651659316109
-0.0219550967632003 0.076324493369288 0.0235518580697056 0.226915806751309
0.0183214109851906 0.0954629569858186 0.147200986517433 0.304400301907302
0.0418464363842231 0.091094595324049 0.250687938265882 0.298418685801186
0.0414611297426212 0.085233207795342 0.28972303935648 0.267382721643167
0.0377923999750033 0.0925382901642226 0.252248983334118 0.265264431874199
0.0141807499997982 0.108222342977129 0.16187015976124 0.247980830144139
-0.0315739999039095 0.0953754841954354 0.0530085197992947 0.198628451384685
-0.0507433376484216 0.0481819758317474 0.0239960245511632 0.0947422141951226
-0.0324439739202604 0.0476557509985979 0.0512322047273645 0.0146491082286605
-0.0662545371707582 0.0679446466481268 0.158830260996554 -0.0543178756307413
-0.140025311126148 0.0724775994725733 0.436546143973887 0.00316299076107675
-0.0748006906594747 -0.068589360940456 -0.461698945589819 -0.00398713551062063
-0.104482812023681 -0.0561916148179235 -0.25570913626149 0.0774437454819053
-0.105572519567705 0.0402019837944932 -0.0701786644286619 0.0151333553360766
-0.0273888384318246 0.0951470154779597 0.0145805986539583 -0.044980963404106
0.0274916676551332 0.0667959471036838 -0.00575165013297887 -0.21237498972291
0.0399718147404791 0.0362208777701003 -0.134602911483702 -0.285449433831739
0.0580104103886107 0.0132158290328299 -0.240252932934503 -0.298857453356887
0.0614907289941317 0.0173872734623923 -0.298835079150124 -0.285319640667804
0.0740393380516062 0.0241210962187632 -0.28292804391554 -0.291401030532536
0.0659838760792936 0.0642888958679533 -0.194253441350384 -0.284862769080534
0.0344538111901581 0.0913375981903973 -0.0764502217511337 -0.22866662545663
-0.0276449877432225 0.133294463044452 -0.0540916102067372 -0.0733564814877879
-0.121817386324417 0.0653052726562317 -0.168108360623248 0.02032437680152
-0.122015476119557 -0.0659999205458487 -0.316884034647842 -0.0147168578711748
-0.076364575299468 -0.0876474174760966 -0.477847956318207 -0.206242026126601
-0.238600909800776 -0.089174610528529 -0.425147387047257 -0.0208608464357754
-0.25806885261729 -0.0569884295031426 -0.255374304623405 0.0439599031102919
-0.235557732984629 0.106178215956861 -0.103644764679107 0.0126954218191561
-0.112136709723561 0.218228797004654 0.00249139613578034 -0.0256318411487516
0.00971774379041867 0.218360199707528 0.0100431598483342 -0.186827968664778
0.0841636936342397 0.178772885701438 -0.101828436578264 -0.259711496552611
0.149049977708297 0.129201415885379 -0.196265507628987 -0.276845955283166
0.156903568081534 0.121157348888245 -0.248268134784082 -0.25550149027086
0.178162968421175 0.123748036324288 -0.24250366529894 -0.24983008488977
0.148443428544741 0.205116550495738 -0.173018626546231 -0.24556808592661
0.0620548745460673 0.25210594276999 -0.0708213082245719 -0.201861769933417
-0.0607608665353015 0.314051808843772 -0.0433392310215234 -0.0399902950956434
-0.241713156105466 0.216325414737258 -0.168499477495182 0.0597745549092873
-0.322404730022019 -0.0027514505913209 -0.294479350815136 0.0253685428685521
-0.303279185767373 -0.0842107578266293 -0.405507118505312 -0.148296952270746
-0.376689014073038 -0.104710478880945 -0.330283572203548 -0.00676789223311783
-0.398314167563569 -0.056024758831013 -0.210864013066865 0.0197267996157184
-0.357080251874714 0.162410011365962 -0.123354959704387 -0.0014063291591631
-0.19790185716449 0.328954646233829 -0.0239479140642252 -0.0123285283400824
-0.0182798198929918 0.356536840291679 0.00780796340911179 -0.133120443417881
0.114293073690518 0.309952756536712 -0.0671563485465858 -0.18891180336678
0.218081667891281 0.231639347539996 -0.128502967612426 -0.206207053932236
0.229753111629339 0.204917919964176 -0.158321579149813 -0.185485540658213
0.257861842428186 0.195864865006673 -0.160102600558115 -0.174755133303184
0.222588119562408 0.303833132844311 -0.116346639846505 -0.17515805200966
0.102219227797917 0.371827572201566 -0.0454241431943026 -0.151602182620692
-0.0563790616972381 0.459722699704191 -0.0152383178633183 -0.00864026857335302
-0.306277980172253 0.354689320050561 -0.134311304040151 0.0860337610475642
-0.461739288763958 0.0836844397395466 -0.225322325262334 0.0473525657209393
-0.478524462037542 -0.0475962322782339 -0.26381830103454 -0.0946216555803285
-0.468087883168896 -0.103757171902824 -0.181646823615604 0.0358861943668082
-0.50000767545903 -0.0330178357944516 -0.115751652740722 0.0119180295735219
-0.44427896334672 0.222131434405756 -0.114755269910262 -0.0170162621490815
-0.25430644865006 0.417681279924885 -0.0514455150892328 0.00194690899502763
-0.0352804821672662 0.456041095726626 -0.00500359352952525 -0.0504685191346821
0.132089228988455 0.401351525053146 -0.0285341462464744 -0.0773814999330094
0.257406491031818 0.300546211873078 -0.0416156157613922 -0.0976714928152005
0.266750159647851 0.256636686540539 -0.0453373808722463 -0.0896792122900865
0.296482685185571 0.23725171176663 -0.0497814923185672 -0.0816938807930026
0.26071422839532 0.354924403155876 -0.031171748467383 -0.0902902624740991
0.128010941969381 0.434935210023258 0.000656380308619169 -0.084430366640292
-0.0439465177093464 0.529255404831939 0.0244735950363559 0.0184988713831639
-0.316490067440133 0.433896284594286 -0.0793883143365988 0.0884841607934339
-0.516932302513308 0.155641295785091 -0.124501339280817 0.0387894872807473
-0.570455942959545 -0.00343336103646141 -0.0819176705137337 -0.0599833236561976
-0.494141914039178 -0.079868905685843 0.00297188662894416 0.0949407636979451
-0.529397570587411 0.0055517965445371 0.0179724133773852 0.0197659883526256
-0.460495060739263 0.261389710127019 -0.0742424863308038 -0.0218935947563654
-0.256274615581404 0.448770909819124 -0.0659893184475587 0.0237342200814005
-0.0387261097579329 0.4822904999284 -0.014066364455247 0.0516041234141402
0.136688893107661 0.426073425767084 0.0189532339102871 0.0569057322154482
0.259181924725042 0.321007233409132 0.0536407250890477 0.0313958825173458
0.262777490574005 0.269561118477676 0.0741321712443637 0.018146237290787
0.28465961141031 0.247493701277265 0.0679994601897583 0.0169519873997567
0.246785334193904 0.3581745349064 0.0620168657364305 0.00138315729489268
0.113583821571185 0.428521979035405 0.0533359734681358 -0.00849988269826271
-0.048181154295306 0.502591239930504 0.0597344359896074 0.0425378667694167
-0.291013483407815 0.417795942341456 -0.023024626001959 0.0735930729571943
-0.486194298518763 0.173918862235629 -0.0206065224843735 0.00656925676163361
-0.567198174491083 0.0344635175454446 0.107203031191297 -0.0422207462271294
-0.442275452662924 -0.0361222910332813 0.195801555773154 0.152587653495642
-0.460222008618228 0.050282727658063 0.162703404516123 0.0327988820028178
-0.37786412455036 0.258733171766996 -0.011734165401908 -0.0138564017828683
-0.199272627256617 0.389630801219247 -0.057956449771174 0.0508824463014161
-0.0285148345714916 0.41299432112392 -0.00941041535437609 0.149524873402598
0.12273502288396 0.371312077281414 0.0730085293737363 0.18347748929251
0.222873230173608 0.284875886201831 0.146557894555579 0.154460997693752
0.219444665621742 0.24237746681423 0.182892594978918 0.122999582743933
0.229499879488273 0.228773040448302 0.170202388400089 0.113387091582514
0.185881065833841 0.31683329227868 0.136365289396296 0.09320226530026
0.0624602921141964 0.361665776532727 0.0878753907692883 0.0708331575304388
-0.0706465454110203 0.39081524136112 0.0745493300678423 0.0662997065858698
-0.2357653232442 0.316381140655438 0.0179381995272383 0.0524003874989096
-0.38475989254411 0.146077533667372 0.0661010606598604 -0.0296307984668936
-0.47910062529868 0.0533111743152103 0.272180749616026 -0.0315878566451478
-0.312439756308774 0.0156753925342628 0.361799524755688 0.194705581643109
-0.297192962362682 0.0803989444017297 0.285359757231777 0.0395946318478511
-0.216757952538339 0.196538243573253 0.0597895441370597 -0.00465992863621339
-0.105947780764349 0.245623732079783 -0.0275214947234936 0.0661408108661419
-0.017076633724577 0.263673571012075 0.00884534456724182 0.213564868733867
0.0843362597241947 0.250262631900683 0.125264673829993 0.272765387160588
0.149302886484232 0.202778592605409 0.222505941327838 0.248631795205393
0.143311267075933 0.178140901914141 0.264834743987048 0.208853815214038
0.142570122756235 0.176761492329514 0.241058365239495 0.19781420635314
0.100609276184239 0.232309471848356 0.1756214801229 0.178640320448246
0.00492748687602188 0.244842957488281 0.0900313980047455 0.144765989569374
-0.0804948949406825 0.224003342908259 0.0611530923156026 0.0857028414976509
-0.146863055437802 0.17587773975843 0.0405660362410977 0.0319036928052771
-0.234737504490222 0.100110968952165 0.124481522826 -0.0527569320113878
-0.326294341536534 0.0648677778564749 0.389436541706247 -0.0223259016901157
-0.126975060066157 0.0559191666708058 0.472746263431282 0.212300986956334
-0.0828537094422834 0.0760284735872474 0.368642794184611 0.0287736392435201
-0.0314336697046338 0.0831327143321285 0.126014424433795 -0.0128298366445898
-0.0172144629230307 0.0557629392427016 0.00902386116592089 0.0556033712524356
-0.0200026162740583 0.0793641615503074 0.0307152929928642 0.231893106322636
0.0230409677079589 0.0966148929340497 0.161384643144959 0.307401293631199
0.0472282343705613 0.0927565288890835 0.268019192303194 0.297372547988331
0.0448871838464511 0.0879121648665784 0.306120791232882 0.263125192881328
0.0411457402060502 0.0940480208162968 0.268983194684181 0.261835697519787
0.0188844397377929 0.110717336155761 0.176111401255004 0.247514694461573
-0.0282348320033216 0.0976741027722483 0.0622660471414141 0.202564878843714
-0.0496775050851764 0.0503981417948989 0.0286243681470639 0.0938833855699662
-0.0298389637573185 0.0502427834471643 0.0523407474581866 0.013496262676365
-0.0643258081384291 0.0717557197635677 0.160340248304944 -0.0583751240876428
-0.140780941312571 0.0796619343480064 0.449074858618593 -0.012637764798877
-0.0793857293830267 -0.0660221431726207 -0.467988889528168 0.0258056073453954
-0.110011271789315 -0.0525405086407926 -0.255129780574325 0.092934254554635
-0.106015832768473 0.0473956843540182 -0.0703219842090474 0.0183952817423136
-0.02199517053754 0.0982064187256101 0.0115296689533667 -0.0457989382469185
0.0333805489938314 0.0656795814468524 -0.0216294815794007 -0.213472901330123
0.0418789276785023 0.0346612494373598 -0.155193118091734 -0.279703299947272
0.0589088471461624 0.00939758390489889 -0.263770053844805 -0.287417872690121
0.0634033341523363 0.0126842305391642 -0.321173522679781 -0.269305853019205
0.0771805657476373 0.0192754166916517 -0.305052772987765 -0.276529032608556
0.07107765695268 0.0612231389552955 -0.214992934357594 -0.277104364725109
0.0401594890805542 0.0909215146954148 -0.0911554240501288 -0.227695732780468
-0.0198130028409077 0.137337599720954 -0.0577748730131638 -0.0700763105941636
-0.119643314815235 0.0724429628582761 -0.166435823062038 0.0313475902963088
-0.128600623670766 -0.0593532503533766 -0.319762116665147 0.00103355487543253
-0.0809623285093829 -0.0845343260840883 -0.494802647996974 -0.180149630241493
-0.245067184798359 -0.0759117392708998 -0.43431710527029 0.00557314632658329
-0.26477923253859 -0.0436778069419862 -0.25689363020914 0.0587855177899276
-0.230912531594691 0.121379380714063 -0.104519336437731 0.0179136320003969
-0.099219071742217 0.228118635058096 -0.000262063416785831 -0.0253682474666119
0.0250557551339001 0.219179628109618 -0.00473236811759047 -0.18851311882941
0.0967141396603792 0.176117956406358 -0.120569941697335 -0.255883720053487
0.158202595411912 0.121600522990029 -0.219570094747813 -0.267654927918541
0.166734403536143 0.112573706896944 -0.267385687401934 -0.242739197530025
0.18822443953694 0.113748016966214 -0.261905972137817 -0.236744535775552
0.165024540323505 0.198429329867684 -0.190807908053212 -0.238522260692823
0.0789901479379283 0.251899663873169 -0.084716675588542 -0.200201861040702
-0.0410662995646917 0.322817445264826 -0.0441175287401157 -0.0377857684306545
-0.23210914506368 0.231793541045242 -0.164302618867483 0.0737604075907816
-0.327407302293321 0.016195405843951 -0.29581383298122 0.0417012124123479
-0.309225748168255 -0.0681831038638685 -0.419164918366941 -0.126985597688581
-0.386307880753528 -0.0838836178060348 -0.337642165813204 0.0147328286285063
-0.405108846403805 -0.0347078925037593 -0.214095825547283 0.0312667353173939
-0.348474014361718 0.185400074775777 -0.125847943261339 0.00498237697374483
-0.179113316793987 0.343906350872082 -0.0260744756612372 -0.00997612160123486
0.00519642159354256 0.359845817924586 -0.00475566857512154 -0.135377209805431
0.13473362279604 0.307226058762779 -0.0820795002503727 -0.185702125777784
0.23512574320313 0.221030156756925 -0.146290989011795 -0.199862172021767
0.245523696178937 0.193630199681173 -0.172596059894841 -0.177183483856982
0.272192372424485 0.181742275219315 -0.173515351122942 -0.165607879221559
0.247156254978084 0.293960346142692 -0.129006710101494 -0.171251430298488
0.127427492591283 0.371409447712857 -0.0565634771459044 -0.149928684547018
-0.0276229893817902 0.46908110991167 -0.0125261300194804 -0.0091203007374787
-0.289055161546844 0.376514825562047 -0.127409650002936 0.0991469245715416
-0.462537262689359 0.110763441486539 -0.223979424396458 0.0615137802823252
-0.483375612122236 -0.0209793060708134 -0.271931318389117 -0.0826731359165193
-0.478431172036796 -0.0751761232574361 -0.184603425019254 0.0477688149783638
-0.507139460008792 -0.0052234029854242 -0.118796163141523 0.0180582068415183
-0.431335897012832 0.249064663532766 -0.117698475231665 -0.0111169958704956
-0.230239465663635 0.43598547022421 -0.0538346064660774 0.00577204837412423
-0.00662683702600001 0.462729766071741 -0.0131637033903653 -0.0508795604591236
0.159405876682056 0.398628965869202 -0.0360592499494782 -0.0752428855127542
0.280586909941406 0.288030447809033 -0.0527287882273773 -0.0955793586614714
0.286316268323004 0.243367249637276 -0.0518340868665274 -0.0876357171046556
0.314034988542518 0.220749283769183 -0.0562908182328992 -0.0789113912458374
0.288012248943411 0.343151683890833 -0.0379097119380182 -0.09036050200999
0.156414145671634 0.432435316813316 -0.00570968852291523 -0.083963508129429
-0.0106289378779153 0.539243683335011 0.0291550532490664 0.0152743038616411
-0.294448035329132 0.456454326079678 -0.0719338607165661 0.0982917825194368
-0.514708295246995 0.185321188555302 -0.122855261926128 0.0477211131652893
-0.572826475817816 0.0304061706168727 -0.0859994725498018 -0.0592378396874562
-0.50261022864981 -0.0505762418043376 0.00572503398274099 0.0952232123763717
-0.536235370597983 0.0361358723395674 0.0170198232708699 0.0181873570089956
-0.44559272329022 0.290190701980909 -0.0775598256972188 -0.0181686442255378
-0.232476643643942 0.467321169392023 -0.0678314496877322 0.0287483343119409
-0.00795593999449652 0.489935070193466 -0.015686199912219 0.0526704155682075
0.16643503811424 0.422055842349902 0.0207344326188382 0.0574860549910732
0.284249323550793 0.308317779141068 0.0523705210595743 0.0288232514394893
0.284090032296689 0.257902003942905 0.0757946286044972 0.0139505401133775
0.302394113076047 0.232641031327173 0.0693441102033275 0.0130984926309087
0.274699927976138 0.347175591128652 0.0622623657121768 -0.00364251508958868
0.141002689679064 0.427045197105672 0.0522033912430366 -0.0104868677642096
-0.016102962036934 0.514301630302829 0.0661704044586098 0.03659424012274
-0.267932744929716 0.437695984388305 -0.0167514020641061 0.080065528200661
-0.481876082687993 0.205145871739354 -0.0202175699186801 0.0099321513529787
-0.567530686762596 0.0674647270430468 0.106234319445629 -0.0526326528438891
-0.447433461360611 -0.00708903411644337 0.203821746484552 0.141879366222533
-0.462729066054978 0.0794736435108429 0.163787304941724 0.0227693437999995
-0.361603644173251 0.283372466330301 -0.0140316746229609 -0.013640609177222
-0.176733961116517 0.404449919463301 -0.0582600623007106 0.0551800621733822
-0.00270376301880461 0.418568006114086 -0.00395940826242964 0.151304004872706
0.148119099243819 0.368212680156889 0.0836732652999183 0.182955502356829
0.244189349453112 0.274455160266616 0.15445101843275 0.147517816111773
0.237589990270971 0.23330445316235 0.191864522816792 0.112369300684812
0.24554242952927 0.216761872150077 0.179109562048953 0.10322092026819
0.209808333743475 0.309002298289838 0.144026394052136 0.0847103427292436
0.0869737220135163 0.362268404681326 0.0928872620220032 0.0673573978850561
-0.046416466976645 0.399431217130362 0.0816947340717454 0.0594433122855788
-0.217530607387295 0.333239105953911 0.0225055844064195 0.0544880414904195
-0.380796478642855 0.170131817519817 0.065016743019691 -0.0306686375439134
-0.476545310423306 0.0833915457723542 0.273833839875155 -0.0521190595606987
-0.314434778328051 0.036544978316219 0.374843398833518 0.172810315120167
-0.295784729262472 0.100250150366117 0.289676141803074 0.0221129911004553
-0.203967100889598 0.211177588998362 0.0594398376769404 -0.00771696776042521
-0.0911362040543577 0.253223887153211 -0.0261789010336879 0.06837023890111
-0.000483492771465834 0.267291669349055 0.0198963776187431 0.21508659440011
0.101612950146876 0.247502711803406 0.142146800647375 0.269923981149448
0.165187419178032 0.196248042802798 0.239185144932779 0.238528251952705
0.156119602851485 0.1733083938043 0.280848110289038 0.193126365809308
0.154674763901315 0.170542946794541 0.25638593126175 0.184024222013661
0.117608235218601 0.228009153114104 0.189306431222396 0.169091989480565
0.0211930403981207 0.246394407264316 0.100961232564346 0.142229992877808
-0.0657573031772635 0.231452913921152 0.0679587716006561 0.0804150546676773
-0.136288370516587 0.1853898059411 0.0432349370334718 0.0316666050447921
-0.231244155574358 0.114270012116341 0.122299395840539 -0.0572656715582503
-0.324723385519868 0.0847416667161063 0.393663236711097 -0.0493845432777924
-0.1251838022961 0.0660082943142315 0.487446324158254 0.183460922797261
-0.0789713125640088 0.0832085073024273 0.373804970758565 0.00567483945111443
-0.0248506780062798 0.0850592733114687 0.125954290664754 -0.0202107838130766
-0.013215336710603 0.0561722056355944 0.0107350124066852 0.0548029656573675
-0.0154123240403185 0.0820080980316193 0.0445336667775772 0.231913166528097
0.0298789967350444 0.0960723914568107 0.182499508992479 0.302745098504907
0.0547286330195899 0.0910408531406725 0.289394558020369 0.284822142027901
0.0513424125050943 0.0874008605319169 0.327125081847805 0.245648443328355
0.0471903717737018 0.0932600260916146 0.290075926817104 0.245642766786145
0.0259592063724476 0.110424896617108 0.19529727040047 0.238534871982257
-0.0217212388042251 0.0997706234455226 0.0778939169061258 0.201456403030632
-0.0462947679969473 0.0530678922720993 0.0357017159557319 0.0912003310171082
-0.0251901427760612 0.0527478353287005 0.0534839594626059 0.0106139501987806
-0.0596516433367266 0.076208425040593 0.158004568816654 -0.0658355864399761
-0.137436643155404 0.0902488760565209 0.454925022862824 -0.0432396435566988
-0.081676179450624 -0.0606964551251405 -0.458456502965505 0.0562693204090582
-0.112561482397193 -0.0460925842834339 -0.245344012327486 0.107016486864966
-0.101963959534942 0.0543863271733382 -0.0686572589934834 0.0212164784981687
-0.0152048739785335 0.0989255250791401 0.00768461885283124 -0.044372040109045
0.0378571797789313 0.0612831579874242 -0.0380419121194243 -0.205675648317555
0.0438905016678049 0.0315826099185693 -0.172874422758626 -0.263502477018193
0.0578117727827847 0.00535000286587985 -0.279783531897242 -0.264011535265807
0.0629490377179742 0.00722021299333623 -0.333748012272744 -0.241235188923541
0.0777410765615992 0.0135009240254432 -0.318668282916715 -0.249751595324991
0.0750359376862633 0.0549392922785866 -0.229272697609756 -0.258389399989824
0.0457342712813337 0.0880631844446292 -0.103988409705698 -0.218491599915627
-0.00993239174842587 0.13747763409043 -0.0592780920713723 -0.0644014678266771
-0.114099746012018 0.0781898172449297 -0.158361122060126 0.0431443762583304
-0.130803419105939 -0.050086877025477 -0.312461681148888 0.0194894685991128
-0.083784575947213 -0.0786322127682971 -0.497650319926428 -0.144897386803476
-0.244490249221211 -0.0592207332645263 -0.426615336848061 0.03536694137888
-0.262958493184881 -0.0277180903933173 -0.249804846187935 0.0735576820989425
-0.21737128670721 0.134479042348926 -0.102210146769547 0.0235713315893125
-0.0819204920252542 0.229308502528813 -0.00231204745888416 -0.0234406925202245
0.0401364114503889 0.211732149165584 -0.0201779430563439 -0.182638264487834
0.106964977232106 0.167030160677125 -0.137567815861345 -0.241480904018198
0.1637407586557 0.108263162818312 -0.235749976886088 -0.246345864570942
0.171732639625476 0.0987147696551408 -0.279290633984299 -0.219149864330942
0.192202743023553 0.0985537581881995 -0.272080868754251 -0.213389880613573
0.176252588603899 0.183228725581102 -0.203331189019448 -0.222185798705519
0.0941844894974405 0.243334213650864 -0.0964767303088333 -0.190866237563363
-0.0175640011961096 0.320231398591624 -0.0424599897602829 -0.0342971746234556
-0.213122873634325 0.24100967402655 -0.152663266211916 0.0850904589744958
-0.321582326321886 0.0360888635753458 -0.286126248336698 0.0587568852154626
-0.304828351818923 -0.047304319132727 -0.418358058480225 -0.0982766131339114
-0.381816466589347 -0.0569910039414842 -0.332306856279105 0.037354715391931
-0.399866846883327 -0.00840144671062148 -0.209751990524795 0.0439474654420092
-0.326849994375106 0.202706394990836 -0.124178355964719 0.0114292617815474
-0.151709524723627 0.346982057394425 -0.0276421001225257 -0.00696851802760215
0.0308143088162538 0.350783415708528 -0.0174701670635004 -0.130340102034606
0.153843096193056 0.292415042745613 -0.0948502233133283 -0.174468784901886
0.246442303558871 0.201194976169101 -0.160611028050169 -0.184721417225551
0.254437362086087 0.173578185867236 -0.181904085299965 -0.162078424037386
0.278872380385045 0.15958575998269 -0.181687450952074 -0.150780548307826
0.263462662667725 0.270958350030551 -0.139287498633156 -0.160167355692232
0.15019363923065 0.356938880633141 -0.0654387114399254 -0.142652570200377
0.00517347786525026 0.463967940986984 -0.00987117705177559 -0.00973843608450375
-0.258037791800597 0.386382374526642 -0.114871522927325 0.108458939576402
-0.448749537771367 0.139070503758421 -0.214839333010917 0.0748169515180471
-0.471462351775013 0.00903735943613319 -0.272656844982532 -0.0660235125831958
-0.470723742080488 -0.0418312065059543 -0.180379137853121 0.0596123164009931
-0.498072542327725 0.0274164623511947 -0.117502786771714 0.0249191049232983
-0.403093782552328 0.271070253597235 -0.117536098590882 -0.00443468570369077
-0.19531700502235 0.440275075266182 -0.0541634562159952 0.00973429238423516
0.0259548582421562 0.451109289288961 -0.0203819779076599 -0.0483946890622478
0.18488609337769 0.380155350567596 -0.0422006060661719 -0.0691481935290263
0.294380196878513 0.263735446181738 -0.0621065907552603 -0.088520183104381
0.298304413197955 0.220606558354277 -0.0573854281562933 -0.0827453154176818
0.321394338617705 0.195282729760374 -0.0605972790362036 -0.0737986800073718
0.30783650722186 0.316720683499124 -0.044738282120364 -0.0873632430045152
0.183312692349928 0.414374619524802 -0.0120857741233648 -0.0812044357199569
0.0282037380430933 0.529310559783479 0.0319088644225255 0.00994245984446908
-0.258418280824462 0.46455814006707 -0.0601785474923322 0.104783538145399
-0.492917369515301 0.21545356291487 -0.11724505632594 0.0562025011157774
-0.556301649653965 0.0645417034006244 -0.0890099330653248 -0.0548756528358463
-0.492868728910938 -0.0157269615895943 0.00804484388701433 0.0943012978006847
-0.523980083369936 0.0690588092551084 0.0157641580582562 0.0160473290750958
-0.414069579660473 0.31206430035978 -0.0787518231309665 -0.0139974471083547
-0.196401799586694 0.469686203762577 -0.0670971683817159 0.033077775097099
0.0259599666476664 0.478485814011343 -0.0161732129661769 0.0526179559899621
0.192417440019041 0.403379376416874 0.0227302191239934 0.0575441731264295
0.300071481602901 0.282477390328417 0.0501844535696872 0.026378866574429
0.295294187184303 0.234694562148949 0.0753682913989644 0.00781790747178782
0.310825660631393 0.20835166218221 0.0687309080554191 0.00796234729295615
0.294475853421288 0.320364110103493 0.0597166132587388 -0.00863428835190244
0.168117992288165 0.410345633708955 0.0503900885595715 -0.0120902373666892
0.0199928260290012 0.506003813279012 0.0688665390260298 0.0281735298358829
-0.233685616264116 0.445785268550237 -0.00791202665013706 0.0826893151038644
-0.459358831676952 0.231052580599593 -0.0188548532006941 0.013632203518393
-0.547044350357273 0.0997968166734459 0.0997266652334558 -0.0617550793868503
-0.438720478575661 0.0239113485306879 0.204744759327954 0.126543202494467
-0.447589193170337 0.106941162580822 0.160032000889521 0.0112669049212726
-0.33321694930989 0.300182298910844 -0.0158481516439075 -0.0129266756330797
-0.145518642811694 0.406299618001235 -0.0562357371246831 0.0580812242297058
0.0260370823600113 0.410189315488298 0.0024092467866732 0.147971730976511
0.17082921695137 0.350564669499813 0.0938879346007495 0.176075495619212
0.259569991873021 0.252303678319004 0.159362566850081 0.136115664507221
0.249977132385638 0.214173717474324 0.196049802662683 0.0955840067132847
0.254148706752271 0.196984524607473 0.181913394160733 0.0883706629085744
0.227918235186041 0.287923607507573 0.146281930118013 0.0719247418409295
0.109306477532719 0.349042075452821 0.0962358358145525 0.061683496079989
-0.0159568131753419 0.39521246636444 0.0848201956268586 0.0498126357772843
-0.189916234127539 0.339495446225027 0.0279627623893734 0.0550320954172556
-0.3615844984693 0.188722021755068 0.0615180289508913 -0.0306330839917141
-0.458693757078035 0.110400169484354 0.264440845339853 -0.0724592746178422
-0.305565008556152 0.0583824930215267 0.376257137946947 0.146175757074759
-0.282909843578632 0.118468002782024 0.284191753533416 0.00199731765398188
-0.182899915681381 0.219099589566047 0.0570294670194889 -0.0117942081161051
-0.0716450317446508 0.25305900432054 -0.0240448081439587 0.068283497696936
0.0171578953263981 0.262376466878114 0.0318045680990383 0.20879669602912
0.117212037857839 0.235598480001864 0.157915725507729 0.256633015074729
0.176038849584166 0.181413916991361 0.249628602457034 0.217925968447374
0.165761456656808 0.161314255971761 0.288290157463241 0.168838987834204
0.162112095916232 0.157450591311301 0.263794283284691 0.161676295871707
0.131669518083273 0.214697000802527 0.197020950130617 0.152141846472615
0.0380756577843886 0.239659606995213 0.109732640214195 0.133220720754854
-0.0477112536304662 0.230819556255125 0.0730179360103101 0.071715297952127
-0.119134554707665 0.18987173217488 0.0447628647614807 0.0299608172302658
-0.21854832392526 0.126064278115949 0.116533874143772 -0.0607666910427776
-0.309908475618551 0.104723524037768 0.382358707677851 -0.0777756748257027
-0.117530023171688 0.0746514052547852 0.487990417821822 0.14850544805607
-0.0716617348564268 0.088061015362013 0.365897607103995 -0.0190084436173434
-0.0164764396221986 0.0838350484711648 0.122165566877014 -0.0278373760909737
-0.00903402805838485 0.0549091859914141 0.0114939443109886 0.05271576543403
-0.0099251907491912 0.0823353981794917 0.0581856126179321 0.223884887692441
0.0359427044503074 0.0919415573583922 0.199389717778134 0.285910422223248
0.0604499292124457 0.0852457780260174 0.302790748864058 0.260114312320882
0.0571071118611359 0.0841268276599921 0.336823802706507 0.217557924680576
0.0520390333528721 0.0891695377230726 0.300993806239842 0.219602191224791
0.0337353072126335 0.105996900899686 0.20829297655123 0.218790020962156
-0.0144610076972949 0.0982749623282135 0.0919672411117207 0.192303754040924
-0.0413068364000519 0.054642341202238 0.0409268382979507 0.0848645867157985
-0.0187991508904183 0.0531266094904735 0.0523867202119659 0.00681744722105181
-0.0523930075621552 0.0786292160235225 0.151166324855417 -0.072050324561753
-0.127486198467859 0.0989588221531435 0.443325547598626 -0.0751957059897176
-0.0802100548682136 -0.0558376164279363 -0.436889523004774 0.0760563719380889
-0.111108527320793 -0.0404506367100104 -0.230765813533893 0.113050880782946
-0.0957089101784137 0.0580821636475262 -0.0660023217566107 0.0227516232799523
-0.00996622323835727 0.0963447965374261 0.00507154183050435 -0.0421125615994388
0.0399263236401896 0.0564058909933113 -0.0476077814129152 -0.193579830538324
0.0434196416453477 0.0282962344445711 -0.18012882172807 -0.243353794529305
0.0548825727779374 0.00244556191912938 -0.282608458022933 -0.238532988624756
0.0602758344322733 0.00277026842785398 -0.331004661795327 -0.214738020279041
0.0753965225827739 0.00836748014296307 -0.31646748822604 -0.224086349161935
0.075667006549853 0.0493628898521152 -0.232289089785576 -0.238142831156065
0.0481481275932577 0.0836191361908277 -0.109566858110701 -0.206200757246686
-0.00304900393363173 0.132799546156835 -0.0567932464880096 -0.0584428385052254
-0.10714412444016 0.0794314831478578 -0.146302193852714 0.0489252121007093
-0.128238214318424 -0.0425749743277273 -0.298212692967954 0.0298878404833172
-0.0822839027241644 -0.0727670109670743 -0.483406256187696 -0.117229319354788
-0.234936316410115 -0.0464269181639341 -0.40767755760745 0.0540387396641519
-0.253669831913124 -0.016851344280666 -0.237376994295983 0.0811470718560621
-0.201332560097598 0.138248100734407 -0.0983882173974325 0.0255188627871109
-0.0684073258363496 0.223321366002819 -0.00377987994877547 -0.0211424828597042
0.0494734338489189 0.200228713698122 -0.0303594161234086 -0.171966734611548
0.110867163577953 0.155231766132217 -0.144608134531487 -0.223765540085184
0.161562235376857 0.0962988346494959 -0.241384861438737 -0.22364817574778
0.169211418458468 0.0862571662251012 -0.278191824207188 -0.196434121452182
0.188535133182705 0.085056298472012 -0.271453535963345 -0.191481311397755
0.179118267348544 0.16646317417946 -0.205957724509927 -0.20472959152813
0.102524489208695 0.229518538972021 -0.101543057079668 -0.178974029288812
-0.00119169868300307 0.309371060793077 -0.0398959513588554 -0.032078454266961
-0.19508297172978 0.239963467298346 -0.138832344069936 0.0896291502131337
-0.307998110694841 0.0487851854074042 -0.271197663478067 0.0674141070641417
-0.291444463416544 -0.0335923946255695 -0.40565152392122 -0.0776907848378722
-0.366074162536334 -0.0367954834109668 -0.318281081060502 0.0516709528975967
-0.38363449065362 0.00754449829789314 -0.20085675754327 0.0505793542736949
-0.301158204701637 0.206566161523941 -0.120086486329365 0.0150927898662129
-0.130368233056236 0.338845151204125 -0.0278971437197171 -0.00453420677268006
0.0461171132579722 0.332347140524505 -0.0260746993531036 -0.122682229717394
0.161614153615914 0.27359709843643 -0.100363472269401 -0.161550630787457
0.24502898242019 0.181394324707881 -0.165951420360141 -0.16765885628241
0.252604037101889 0.154784594139717 -0.182046575623221 -0.147100371227978
0.273484265559919 0.14002332396435 -0.180477091445424 -0.134808780555841
0.266667418180412 0.246846430782737 -0.141646659352622 -0.148359747714127
0.161589110320034 0.335581188348173 -0.0699516091636383 -0.13333134842317
0.0271740359843615 0.445056686788913 -0.00740899754732559 -0.0106683673941684
-0.232247235949454 0.380700836875454 -0.100798598448046 0.111278555423258
-0.42491839620649 0.150984879737828 -0.2026746995446 0.0812803731485848
-0.44748656559784 0.0277314436169004 -0.264540528005625 -0.0535279562649966
-0.450068283418814 -0.0191564306278027 -0.172948324246204 0.0664646025525241
-0.474665136126302 0.0443377127846916 -0.113207043896036 0.0277315053428762
-0.371337908723744 0.274477242843352 -0.114695364208274 -0.000917534775205506
-0.16872449592986 0.428813301096083 -0.0536589104690786 0.0121896557859211
0.0453146183345523 0.430227632176949 -0.0262834614784948 -0.0441892356409368
0.195422635851634 0.355626542939939 -0.0442582576587526 -0.0621159322751081
0.29496879779131 0.239170401957237 -0.0663062674891948 -0.0795731741368603
0.29734240784157 0.198958599007282 -0.0590793040300976 -0.0772692657768265
0.315285199423238 0.173189343793462 -0.0607517201375152 -0.0673758026653316
0.310792201913318 0.288171482980964 -0.0475007414544783 -0.08223650247496
0.194923098662102 0.389201346960759 -0.015027603232749 -0.0762335166773852
0.0521129051037497 0.506633240966763 0.0330384830430595 0.00533438270001073
-0.228793633860128 0.455685252505282 -0.0482843237159283 0.105616587893996
-0.464187546557562 0.225117045478976 -0.109490800017712 0.0605821906859827
-0.525473082559126 0.0838529026309078 -0.0886448813117759 -0.0516637109821455
-0.470971113092897 0.00887509966168659 0.00866738543091572 0.0908822783597904
-0.49834447143331 0.0884829314266466 0.013634991472543 0.0139076628033667
-0.378574634235357 0.315156271150284 -0.0780153241039297 -0.0116015261034748
-0.167055850298591 0.457945125123804 -0.0653991128465939 0.0344209606667182
0.046827667674374 0.456325988692268 -0.0172691981389377 0.0518445413454251
0.203560517285081 0.37747608821716 0.0242859360804059 0.0560680862118674
0.301895444039918 0.257251385112311 0.0468336830031579 0.0254040140738527
0.296066128386433 0.212707022774073 0.0715273724221816 0.00206482272507687
0.306041718431589 0.186081365720453 0.0663351224819444 0.00413384537021874
0.298378615300076 0.293415659498611 0.0558655158872779 -0.0121110544003445
0.181518515601525 0.386220107091265 0.0478945009504884 -0.0126457693819558
0.0456390786649491 0.483357849824585 0.0681265110862266 0.020227336066969
-0.203069935015361 0.436575389096985 -0.00016369357127388 0.0819644019167498
-0.431105057441569 0.23911061250311 -0.0167564907823155 0.0161298724590334
-0.514931216530924 0.117555121117491 0.0920238230044881 -0.0664502965792432
-0.415298044587103 0.0434416563810935 0.198079031505916 0.113362349314885
-0.424595567035261 0.123491955216663 0.152161976126904 0.00328823719755802
-0.301656241321723 0.299481330912397 -0.0175946019614358 -0.0128374561648608
-0.121291259888696 0.394838760522017 -0.0540705636678237 0.0579029844327734
0.0444378572059782 0.391000688252279 0.00590619193518628 0.141491300050475
0.181176223607533 0.32792829866803 0.0984077319308085 0.165845379998803
0.261838214588365 0.230250706800439 0.158287902971015 0.124790273000865
0.251085222976349 0.19539491836919 0.191561250454674 0.0815024937165825
0.251428246540696 0.178366727610056 0.178645336333146 0.0755335190339508
0.232529449267756 0.264836410110235 0.143026031710632 0.0616126564247315
0.12208967179228 0.329459830460357 0.0956655574398954 0.0557844738397035
0.00455698813242604 0.37872596101395 0.0838112896059432 0.0409045647320519
-0.165446845286325 0.330909541867886 0.0315691023617215 0.0536273062269355
-0.3376239910824 0.195563444098711 0.0580081852976859 -0.0290688956039164
-0.429966164145583 0.125925461791664 0.249150353731405 -0.084783846145524
-0.287451138733176 0.0712954268382006 0.363160179075436 0.124454506687768
-0.265473102568715 0.127802758084984 0.270780189670024 -0.0102449239312591
-0.16278928931114 0.216667006258163 0.0535067478481199 -0.0145720644227634
-0.0568588155222068 0.244086178618432 -0.0223370666884506 0.0665640038694369
0.028761226871964 0.251675224448687 0.0375917064051101 0.198404424196719
0.123813592046714 0.220244726594403 0.16377949111885 0.239402638065201
0.177975602215284 0.165050841983911 0.249189133731721 0.198668047354839
0.167991339748675 0.148447281597445 0.283314396529817 0.147338853666707
0.162233176748574 0.144860617825806 0.260207315759943 0.141235077750175
0.136728259371534 0.199653121472395 0.19603181610941 0.135490792704819
0.0478691512044012 0.227195736089131 0.112197255763217 0.123542240758948
-0.0336504925848016 0.222398905143758 0.0727516157842399 0.0629453813988823
-0.103221575285893 0.186176472399135 0.0452199775802959 0.0282284681668033
-0.202882910041036 0.1301923810796 0.109633210459541 -0.0606718433170928
-0.289536256199835 0.114180101855284 0.362490570188176 -0.0943816845228409
-0.108302085906812 0.0786396110307907 0.470373048122134 0.120547479833135
-0.0639437270997383 0.0896117548347597 0.348801119401658 -0.0342913913847362
-0.0110416254652581 0.0800667151019213 0.115634858822639 -0.0320998048202896
-0.00547292170373914 0.0516753487084003 0.010577970308619 0.0496661714113638
-0.00546822224924141 0.0802698892153613 0.0641045268498739 0.210943567856582
0.0387658455384758 0.0861226041990022 0.205521800065433 0.265027552226322
0.0625906757089643 0.0787521223056793 0.303407751549658 0.235687333596201
0.0597139029382765 0.0792776652950641 0.332626221648794 0.191402501059296
0.0535719175855371 0.0842453645331575 0.2992778577779 0.195037201188479
0.036777209458005 0.0996023093969019 0.21094788322752 0.199076647653769
-0.00915838581526795 0.0942828034128492 0.0988297708218275 0.179381644445163
-0.0364918534837487 0.052677673024819 0.0424486716336043 0.0773878720104229
-0.013110126282985 0.0507953343342501 0.0500474240127888 0.0044764168949075
-0.0461288853884643 0.0777545524191227 0.142671709901849 -0.0730537651053821
-0.117157939547299 0.102235624831068 0.422305504489246 -0.0939806605670863
-0.0714499953723932 -0.0558486826012225 -0.424624011815323 0.0576583443732644
-0.103925454559314 -0.045353508455171 -0.226235874830196 0.10302042479126
-0.0955270413889964 0.0527432597080964 -0.0630804023903444 0.0221417519516361
-0.0141595160863328 0.0921055326133356 0.00935299386863886 -0.0359601826749895
0.0340318068061337 0.0565263803757331 -0.0382886651124545 -0.1831990140557
0.0395759713690636 0.0302497723966448 -0.163931418085288 -0.235018299028943
0.0501871844704652 0.00248546778413922 -0.265754966703356 -0.235165370290802
0.057525241774025 0.00363717618940331 -0.312594356642663 -0.209980557963211
0.0704967285980154 0.00714501034056821 -0.299173812392085 -0.219248823875049
0.0708965313191987 0.04849025705919 -0.217970496647075 -0.231134832385195
0.044109190705531 0.0830330760933405 -0.100880617982087 -0.197520445834339
-0.00792627173996383 0.127563825764059 -0.0540128705499782 -0.0525866893364755
-0.110281242517798 0.0737730738309965 -0.142053634080434 0.0402228534525111
-0.12819611972872 -0.0455395879288544 -0.28426315776458 0.0115239706789792
-0.0821940840137481 -0.0705326708367942 -0.451859614493895 -0.137635728064946
-0.222356347080021 -0.05507508745183 -0.398985471664941 0.0445498512760187
-0.242382741318339 -0.0298702631171521 -0.230346490728252 0.0756038966304324
-0.200506958214284 0.122991533922086 -0.0906208971663934 0.0282564850996909
-0.0743471802626061 0.209355999783605 0.00198266365653096 -0.0111282222156272
0.0370157392095765 0.192935361472749 -0.0174550198830766 -0.158238588304252
0.100067590014213 0.154691954899916 -0.126242630931043 -0.214785170952958
0.14978749576569 0.0971935833833218 -0.222485778533443 -0.218833887772461
0.161592003652553 0.0903331078279923 -0.260984029298074 -0.191414974329981
0.178377398359056 0.0854161303547189 -0.257162751247097 -0.186116276745695
0.170130718107792 0.165264693971599 -0.195344139007457 -0.195700178862707
0.0930578003703324 0.227111996861258 -0.0984660108301376 -0.167052110728784
-0.00984052096222982 0.296212614950948 -0.0434681725909664 -0.0216588789953881
-0.20013917090919 0.226635728635207 -0.141298642922051 0.0804258765937757
-0.303646807897179 0.0386108948758467 -0.26360161303462 0.0438398989873654
-0.282127465582678 -0.036899761325953 -0.382019604635772 -0.102174564428275
-0.349077236424737 -0.0540580924466387 -0.314493773284264 0.0503433768620164
-0.367682020497561 -0.0127693837574332 -0.193005865662745 0.051046270213255
-0.299541298467731 0.184954616678919 -0.10775405779581 0.0213676534032995
-0.137671485359903 0.314899103875764 -0.0199642884359597 0.00836817508072345
0.0287400084275841 0.318711767524431 -0.010551299268661 -0.1085029915287
0.145165653918528 0.269324401737006 -0.0823945704320906 -0.153960846396579
0.228012843878282 0.182627612428971 -0.148721629261676 -0.162700515084416
0.241347232016146 0.161098168327386 -0.16959726892151 -0.14200975902388
0.26017239884205 0.142531214955103 -0.171137168976258 -0.129217706208956
0.253913492484821 0.245384034966041 -0.135165518482767 -0.137982833639113
0.148511288238504 0.332693373646157 -0.0721610421528421 -0.118628713216324
0.0168613831552731 0.424895276172816 -0.0170653686360259 0.00404418826049463
-0.239219797632729 0.361388787112658 -0.11000647116824 0.103483876832379
-0.418666190371662 0.134211157886903 -0.201362314634252 0.0586978869308709
-0.431097960555616 0.0180107779307973 -0.252734729864538 -0.0769339493779856
-0.433624204623963 -0.0422168328240852 -0.177386231577445 0.0748543846661051
-0.459498739427177 0.0182870487033324 -0.107871996592775 0.0353686782973053
-0.369608393429283 0.244175851469812 -0.100134680479998 0.00852959571509284
-0.17831462577892 0.397549303053886 -0.0439058091865038 0.0271498933817836
0.0246266329698706 0.411661818518013 -0.00962543982487598 -0.0322936988248236
0.175476975477047 0.349675089949978 -0.0291938536432227 -0.0580872194963435
0.274848659344767 0.24099277309518 -0.0532575355102747 -0.076387463850041
0.284332174328528 0.205649084356339 -0.0526025979560294 -0.0735231391760256
0.300759635224154 0.176923382517507 -0.0579933403158157 -0.0619872033978763
0.297102367637686 0.286862604085933 -0.0463645830562136 -0.072255712379482
0.180866544478481 0.385969360314566 -0.0221843923662127 -0.0611792771680765
0.0395154371738594 0.487603693102769 0.0193455357489565 0.0223819187081862
-0.236669096257074 0.433415746457833 -0.0618538937822042 0.101812137212259
-0.455840837945904 0.205286285290214 -0.114090796820969 0.042700494447308
-0.503488502320637 0.0699003701393902 -0.0882257903325767 -0.0693410845221586
-0.455475763210136 -0.0171642200504607 -0.00448207389010775 0.107327991270239
-0.483392882888282 0.0593850694953562 0.0154496281387556 0.0280648507304111
-0.379523799974658 0.281208619448766 -0.0636398895905547 0.000661924882167734
-0.176950518121755 0.426161224834772 -0.0553680013081163 0.0488124962502225
0.0256058300869626 0.436011470995798 -0.00318856424323645 0.0590379863567748
0.183223360254776 0.368764326398206 0.0331944662567389 0.0558741662510051
0.281232135932151 0.260015329932598 0.0535672705973314 0.0266562978750235
0.282465212658924 0.220772515803199 0.0707657472844278 0.0051090575808988
0.292356193156436 0.190807907191572 0.0629902384990109 0.00866359341189579
0.285235832184589 0.291576757480489 0.0512688428112371 -0.00345379469149
0.166691108176397 0.383301407632732 0.0371286538761833 0.000164768959153019
0.0349460466600777 0.46274133259674 0.0519616044709868 0.0371824886338377
-0.209585647103997 0.415774932642001 -0.0149643341124007 0.0811138668625526
-0.422177831663983 0.219122907015482 -0.0235602277428214 0.00587768865407777
-0.493902977651063 0.103476258242229 0.0830668565715428 -0.0745713391128813
-0.405287345978395 0.0173915580597755 0.178073560466407 0.135049167279449
-0.416051147479743 0.0947054502626061 0.149013744016897 0.0208851509553559
-0.306042984668465 0.272359865103997 -0.00568130190081723 -0.00112241921378305
-0.131205984906384 0.367884874830977 -0.0466892408507767 0.06832476531163
0.0271349887339842 0.373995586397627 0.0141008202205989 0.142682526384864
0.163335381466558 0.321017825056734 0.0992714159955348 0.161467305629383
0.244935395725191 0.233134749825602 0.157364267507107 0.124223147428705
0.240156950571176 0.201810802797096 0.183898042200426 0.0825001860495764
0.240618148081718 0.182328821763304 0.168915637254009 0.0791486050140812
0.222876640685491 0.262444797115687 0.133717064685197 0.0670217746188764
0.111523836641099 0.325899035058764 0.0821106057266315 0.0642239634920337
-0.00242022687525017 0.362149809866809 0.0678155710546022 0.0523168991147989
-0.169628678151736 0.314607560559986 0.0188227434792593 0.0548068194335209
-0.331226258141634 0.179331225860216 0.0509431228894015 -0.0317900463917036
-0.412344187300246 0.111715719668764 0.233354338028919 -0.0818107875029603
-0.283455729952522 0.0499356441210439 0.337728688091622 0.1479639689905
-0.263633196040021 0.108091180725564 0.26281690717715 0.00786447787585908
-0.16687638609871 0.198561165751328 0.0587267003430419 -0.00527880866391713
-0.0629822777892898 0.227727949926879 -0.0203994892481801 0.0710762749767025
0.0184347881378549 0.240079134908999 0.0370300368823457 0.193841783149365
0.113013696247206 0.214629802034817 0.156335972751924 0.232412457274132
0.168393541761329 0.167168793177791 0.240602294287349 0.196556405288839
0.160591269906338 0.15331116400867 0.269712336513585 0.147116954582183
0.1552549344297 0.147635216447258 0.24570402683432 0.1417624798828
0.130820669460388 0.196879056480981 0.184177642546111 0.135769384589359
0.0420373462912979 0.22332005551359 0.0995101665914991 0.124878271304473
-0.035337371580348 0.210940392603514 0.0592557484491507 0.0670535408152325
-0.103239670437598 0.175668580029445 0.0359786642455888 0.0300842737437095
-0.196903998916087 0.118416388863663 0.102623444812629 -0.0562941817448034
-0.274941939761648 0.103465094027264 0.342294246170803 -0.0832320215497724
-0.110788752622067 0.0667087434716015 0.444864554648338 0.142516968753474
-0.0677768171102446 0.0819450099725947 0.33668278216591 -0.0183466574823984
-0.0141714956855549 0.0745516932111109 0.113310170760288 -0.0255401976271819
-0.00689613949095007 0.0473628610735983 0.00729109466164744 0.0490019898664204
-0.00650441024158644 0.0753672397592723 0.0562066567010652 0.204046911079139
0.0360798640471878 0.082440923856916 0.190622617160461 0.257448846972528
0.0601960034158314 0.080353933874443 0.287961680534944 0.232415360840731
0.0571012103548133 0.0809709939126125 0.314574305234499 0.188608477126948
0.0520530901460815 0.0864637954987241 0.282653991557737 0.191730447009957
0.0350902087355251 0.0984053926410056 0.197910878263487 0.194596037376889
-0.0103136740802825 0.0914886314819073 0.0888376582628375 0.173489558567864
-0.0340600412448601 0.0493570735349112 0.0349521414173873 0.0739814080358757
-0.0108911987802726 0.0482440510758697 0.0451759517923843 0.00711779269210864
-0.0431324871736447 0.0732156417977281 0.136455619107174 -0.0634489447097498
-0.109281931916435 0.0946742098706521 0.401739847117555 -0.0754646425901917
-0.0693071954639353 -0.0565700501340193 -0.415998962164706 0.0550617474166983
-0.103606836831023 -0.0457409264532038 -0.223570156581342 0.0997964366241521
-0.0939788974882487 0.0525087474158659 -0.0630872159238802 0.0215699853962696
-0.0139171592381334 0.0916189201379817 0.00912598005020946 -0.0337804011053816
0.0336617272666991 0.0549674981433351 -0.0378297898575468 -0.176260601142082
0.0387696144103045 0.0301767758550562 -0.162481908678157 -0.22855517299974
0.0484648987185834 0.00291686303229047 -0.262208624370505 -0.229816420740576
0.0554569110796378 0.00290476464875309 -0.306538789023763 -0.206081633559215
0.069273415553352 0.0060697641291435 -0.293457629544603 -0.216296734750915
0.0702234399115383 0.0475985045915941 -0.213485427536444 -0.228560369629814
0.0433460772229282 0.0823369712696716 -0.0982582759297738 -0.194156966224367
-0.00773289843523675 0.125804692024176 -0.0503368597801101 -0.051960645064375
-0.110255804308804 0.0717804138718987 -0.137026621556151 0.0388047600958473
-0.126446783576845 -0.0460667820465455 -0.279000830507582 0.00769218337934883
-0.0797312730794109 -0.0713792872660586 -0.441791908384814 -0.136974977939156
-0.215768686067207 -0.0555039079622112 -0.391455708755497 0.0423598765978425
-0.238594232042116 -0.0318354645796211 -0.227517671830526 0.0728411260894447
-0.195784368731828 0.119688839519469 -0.0909560618482948 0.0261169633609107
-0.0730210756943604 0.206007371993693 0.0018286287247132 -0.0099298278238177
0.0364411234588369 0.188412325497646 -0.0181381440335281 -0.153020282403443
0.0986281572845032 0.151543169756418 -0.12520909225268 -0.208848013123011
0.146970716954161 0.0960808586419321 -0.219743557098102 -0.212794047775355
0.158525732849665 0.0882790815137691 -0.256656984879866 -0.187386586510357
0.174284234739309 0.083861500573041 -0.25126141741013 -0.182826593019836
0.167674583125916 0.162185732889618 -0.19196846925023 -0.194077696114794
0.0914465446964069 0.22392835424257 -0.0955326605076474 -0.163924625811088
-0.00910433526095231 0.29181028292176 -0.0400470265651588 -0.0232457264205712
-0.198652966127524 0.221801092602741 -0.134815792966263 0.0787759632994149
-0.299430904876102 0.0349024983125489 -0.25817610185109 0.0417286964092836
-0.274886391817824 -0.0396788156671325 -0.375377251253422 -0.102556266928583
-0.339090205679764 -0.0544516940343679 -0.309950603968407 0.0494385739295594
-0.361362188858283 -0.0166477376039014 -0.19105454045775 0.0486988584857567
-0.291489980495554 0.176798332595651 -0.108735005162233 0.0186867994005913
-0.136080803683159 0.307607128820168 -0.0212771108243229 0.00946139893962138
0.0275892719547968 0.311774981976951 -0.0126947899970418 -0.104217050960626
0.143099901002011 0.26427043221096 -0.0812857921015301 -0.149961823867505
0.223784715673141 0.179919114793426 -0.147080590075439 -0.157546963467651
0.237501966142071 0.158735687530925 -0.16689978726996 -0.139794550917839
0.254037528693389 0.140485936428954 -0.167449515874953 -0.127424949302925
0.249600911788722 0.240254421391739 -0.133291321632581 -0.136532596932766
0.145954813798536 0.327697066912492 -0.0697786013796766 -0.116698908839299
0.0168955207268067 0.418347450159049 -0.0144824123638503 0.00130135632797184
-0.236453962119545 0.353742815528563 -0.103536913591108 0.10240976799696
-0.412985521319069 0.129225893090126 -0.196485398073343 0.056763480457746
-0.42044024159741 0.0132243938215329 -0.248411957937578 -0.0783866211433851
-0.420276165384091 -0.0424621960576461 -0.176388150977245 0.0738634737339996
-0.449708868157605 0.0129065159019426 -0.108168584252447 0.0333632743091736
-0.360787345799334 0.235391546727174 -0.101578444251543 0.00677473320063115
-0.175564248812004 0.389341292649552 -0.0453659562048333 0.0274715632395918
0.0226232476123786 0.402590429963002 -0.013235118383267 -0.0307928730016311
0.172575161825632 0.343246871884388 -0.029014928259673 -0.055864860359276
0.269629893248386 0.236742154736576 -0.0526636122671835 -0.0724956023216084
0.279665905971769 0.202339334245091 -0.0527321383530586 -0.0730985920974064
0.293637833758206 0.17614710438367 -0.056223896299755 -0.0610774853168736
0.291897147449251 0.281282108989789 -0.0464718324214637 -0.0719021712537378
0.175957209354663 0.379508357599718 -0.0206592014572286 -0.0598308909523259
0.0397855318582857 0.478042081435207 0.0199901925712788 0.0193267485326015
-0.2339267146577 0.423973978933558 -0.0566880682027068 0.100735181380854
-0.45129724252843 0.198437643930229 -0.110769089378965 0.0427256788894912
-0.49138460353579 0.0626209519737508 -0.0870726398381574 -0.0702133961964495
-0.441845106307666 -0.0194091820209893 -0.00745911187361965 0.107020256823601
-0.475144184125717 0.0546968771580502 0.0130506300356507 0.0264204452154898
-0.371106305819399 0.271868614553168 -0.0649875010855246 -0.00140636106808765
-0.175355174344293 0.416407317607494 -0.057668075150526 0.0480812665970034
0.0247159305990897 0.426167295269619 -0.00731644267418732 0.0581709197027915
0.181551225632977 0.363479443286297 0.0322346273832519 0.0553390147702993
0.27600099442782 0.255127836952744 0.0529195141030005 0.0280876667418103
0.278042167526769 0.217907731552583 0.0683285066743755 0.00392738115454909
0.285431317297841 0.189814141703543 0.0621092484308962 0.0077576020581862
0.279576420399787 0.286289387685366 0.0493369248404132 -0.00369927849986255
0.163217103109729 0.376741734527113 0.0368992569439175 0.000730247241198872
0.0336503118364629 0.454902627076154 0.0516761504432008 0.0334626530018952
-0.208377153537303 0.405269855655673 -0.0103613492977166 0.0804383014799873
-0.416896087014203 0.210980387702049 -0.0222031805448901 0.00832978973692255
-0.481926575205892 0.096562554422796 0.0809345211595295 -0.0751309765954957
-0.392819287555217 0.0155362117060716 0.170564492538979 0.135353032432043
-0.407699372580946 0.091457711103819 0.1444838042044 0.0209990500745598
-0.298189758096885 0.263158786155431 -0.00804523284711011 -0.00265487335345553
-0.129932604725922 0.359236045419161 -0.0490669088274311 0.067656069638057
0.0251196195367236 0.366461231648508 0.00907763749803976 0.140083452601709
0.161192149646292 0.314722629274975 0.0973065407413251 0.158838129412295
0.241079815813495 0.228032943198143 0.154558765820834 0.123189615393166
0.237005189873256 0.199585572627967 0.179208168450012 0.079745459094263
0.234721609701086 0.181270087254772 0.16557995107864 0.07687089223246
0.218137303320489 0.25728447154652 0.130743315216205 0.0654648584754622
0.109116257143067 0.320585039991364 0.081276356436849 0.0629199164520843
-0.000907635093164628 0.354595632072352 0.0658246544512579 0.0488300759196202
-0.165133906799594 0.306592591778424 0.0217163372169147 0.0548788207696638
-0.32625082084642 0.173287426091988 0.0511629322611964 -0.0279953306196339
-0.402216602123569 0.105472402982176 0.22868440709565 -0.0817511143381127
-0.27522449387944 0.0493756527190786 0.326456728792592 0.148031295651607
-0.257963152367611 0.105529737719162 0.256290264967127 0.00838963278163386
-0.1625503545445 0.193477795387297 0.0560247780171246 -0.00568403612163208
-0.06252783863873 0.221807121687283 -0.023213528808301 0.0702784135373489
0.0180349857152955 0.235729893669944 0.0330268375525486 0.189828426499535
0.112251299391122 0.21061869264333 0.153262856223656 0.228063447918393
0.165474837020552 0.164111844209456 0.236949277787969 0.193383451487288
0.159302262122815 0.1516078440767 0.263577962565832 0.143364840414711
0.152296369253489 0.147049995039813 0.241003136604347 0.138698885362559
0.127954485674089 0.193638138861699 0.180353749627084 0.132873886557223
0.0412631818631416 0.218844424482637 0.0981735958256866 0.121762597163062
-0.0336518096393506 0.205656635995516 0.0577078750639486 0.0639761457949157
-0.0996690255320631 0.170424546202308 0.0367686651206558 0.0306912736479683
-0.19333789433502 0.115477542857446 0.10240039603721 -0.0519311995976589
-0.267955572501628 0.0995991488192316 0.335593560113622 -0.0823757003384728
-0.107423937706175 0.0660826779986585 0.43101711771292 0.144104788654975
-0.0648820697999597 0.0814329444491955 0.32943394566514 -0.0161252376576726
-0.0128928951225896 0.0724119059380129 0.110623642313414 -0.0258562522648635
-0.00733768032664642 0.045059502492976 0.00468583591108389 0.0484616503083667
-0.00618308567003243 0.0742643260058772 0.0525296730010723 0.199360573481025
0.0354640335780477 0.0811646008628302 0.186907850322428 0.252376204172994
0.0595613682689933 0.0785097263112979 0.283658639945848 0.228299130451008
0.0574103318089944 0.0804512645047843 0.307706620067542 0.183751691084538
0.0521481066627368 0.0865184973941393 0.27650407464171 0.186201331604923
0.0339819704243529 0.096581389756728 0.194685583204903 0.189485204332282
-0.0100133654353381 0.0889663560963239 0.088155224634449 0.169120645517392
-0.0330880176137017 0.0464638047677078 0.0337104750575196 0.0717550950289421
-0.00852940862190474 0.0462408346011398 0.0447324690269796 0.00771058338003004
-0.0421583057984451 0.0721051927716678 0.135107599812402 -0.0595947812918771
-0.105889770367735 0.0935198171047921 0.394482940541915 -0.075215353131418
-0.0687914252062802 -0.0582073001022293 -0.419051848255411 0.0550373518965156
-0.106591853936793 -0.0477198270786936 -0.225624310421223 0.10054399397934
-0.0951711859701502 0.0534888088000902 -0.0650384738846223 0.0215373119766643
-0.0139512574079961 0.093654732070436 0.00971701653717378 -0.0335954289626059
0.0339927694898165 0.0550192751503757 -0.038174387920393 -0.174922681124473
0.0390542231321343 0.0306310766691954 -0.16482874898854 -0.22825749896839
0.0483490849003934 0.00293204881502602 -0.266884489495188 -0.228924778814381
0.0551705824288699 0.00230214959925211 -0.309175366711585 -0.206909942476008
0.0690270844040426 0.00489040101924452 -0.294831477290991 -0.218194900573559
0.0715949172832948 0.0475998918015893 -0.21565159569572 -0.231400234793926
0.0438080247612334 0.0836301540104797 -0.0974815583146823 -0.197244710281133
-0.0080308436688912 0.128381377312613 -0.0478844791373279 -0.0532443082897442
-0.112918455839146 0.0727802598012714 -0.135142652390148 0.0387022163359834
-0.127953062972946 -0.0478833711080011 -0.281374053405563 0.00493298469408639
-0.0797723303350778 -0.0736330505096664 -0.445053542818057 -0.14033886388047
-0.214504448676089 -0.0571221010779428 -0.393444224601247 0.0428482857865524
-0.242122266254077 -0.0349182460431741 -0.230287592808256 0.0722873054522116
-0.195659205264036 0.119579390491404 -0.0938700333920282 0.0253303425871558
-0.0740375382926468 0.208106984110982 0.00133486275518362 -0.00890452410820759
0.0363093739900038 0.189334950720636 -0.0198743271601898 -0.151376864982541
0.100078711654051 0.153418377946271 -0.12750301705924 -0.208887207756721
0.14791421604745 0.097156429775591 -0.223877314054899 -0.211889616731289
0.159523486255849 0.0886433665822899 -0.259468897850037 -0.189333887867129
0.17447562886276 0.0844317878675211 -0.252922709539918 -0.184460387939736
0.170309960198185 0.163190508663269 -0.194091737414711 -0.197076050943661
0.0922577249554143 0.226826253331183 -0.0955189813256924 -0.166256544869883
-0.00867407387408732 0.294719240964926 -0.0385433166918672 -0.0250837845885974
-0.201651503735283 0.223496698620348 -0.132036303976815 0.0796030757314338
-0.302863017579459 0.0336367765471285 -0.260600144574822 0.039545415377136
-0.275648609374914 -0.043902076734648 -0.377961441053631 -0.105277822177738
-0.337202125573756 -0.0564271104963534 -0.31276471119587 0.0498247988545061
-0.364606559295164 -0.0199509740782223 -0.194633708997691 0.0472141076307211
-0.29168591243404 0.175136751692403 -0.112836044639014 0.0175335115993175
-0.137116776281453 0.309789609644563 -0.0218583100116622 0.0106857308131066
0.0273889295514484 0.313131518290889 -0.0146522522847821 -0.103228161769416
0.145328445870292 0.266662443163319 -0.0825776052391354 -0.150210313387882
0.22610781761207 0.181352572199602 -0.149159699670665 -0.156477423251394
0.239789328291789 0.159497627426222 -0.169451042793698 -0.1419089767969
0.254988781752307 0.142780477602016 -0.168314578776683 -0.128830884897375
0.25311601641392 0.241904448241731 -0.135274953810246 -0.13896174638463
0.14634403916714 0.331513561341397 -0.0693726236885411 -0.117805127935556
0.0182670799899573 0.422365058579199 -0.0133678815647389 -0.00119426179917081
-0.240420396417066 0.355617398162079 -0.0998290377390221 0.103372854598405
-0.418004927597634 0.126767103045851 -0.198443611005226 0.0571073673028183
-0.422285027205184 0.00853130668885195 -0.250317041749206 -0.0808542116768339
-0.417973521322058 -0.0458707273058079 -0.179413791918897 0.075224809859365
-0.454545430978891 0.0100683773289105 -0.11085290177688 0.0319665301720679
-0.361339001589848 0.231249118495516 -0.105996055937841 0.00483488144241074
-0.178393592650263 0.390345825321255 -0.0474632648695663 0.0289866433746254
0.0212527217756366 0.404329217606161 -0.0168780280016142 -0.0299247922552544
0.17493263229183 0.346089367091914 -0.0297890941204123 -0.0554826652167281
0.272612632255871 0.238873394318861 -0.0532579072984776 -0.0712225496250125
0.282486886129746 0.204713731338876 -0.0543883628686425 -0.0745009487297708
0.295004218402687 0.178728376118872 -0.0565215446819485 -0.0624275096535651
0.295492833103281 0.283856839711971 -0.0478644253996454 -0.0735395209227422
0.177628218508358 0.384574362868499 -0.0202225292740166 -0.0604653174346065
0.0413127016139057 0.482384352979243 0.0211903585499386 0.0158096976892596
-0.237679853009926 0.42624034898238 -0.051742241446529 0.101276561976214
-0.455068925446834 0.195772794851258 -0.111070217297257 0.043841135905541
-0.492740952044596 0.0589700461425787 -0.0885032245251052 -0.0732408673019637
-0.440284264227398 -0.0207403998508491 -0.0103742796814055 0.109901032988351
-0.478544952708763 0.0509794523945981 0.0109359222915333 0.0261785950493706
-0.371120540249417 0.269468212288585 -0.0694472886073818 -0.00306048491655861
-0.178760553274952 0.417664998309612 -0.0606427128498803 0.050308963897581
0.0228500462072838 0.430009984237865 -0.0122543644045844 0.0592162079244461
0.183794500272097 0.365155930096959 0.0320577218922079 0.0561676686641085
0.278852612230513 0.257136417340548 0.0536803949979882 0.0294458093439101
0.282166715948976 0.220555584004824 0.0673433335463226 0.00282538325506347
0.287015950281319 0.193276693962727 0.0620776995824815 0.00758096500118009
0.282357561931321 0.288940227940997 0.0492604786021342 -0.00456311161594034
0.163922829072119 0.381198620368388 0.0378869583334484 0.000347888564675314
0.0335892646718189 0.456809094381449 0.051850121130506 0.0308416672858941
-0.209438635081672 0.407450367038962 -0.00623713172056452 0.0815793226672802
-0.421445139883121 0.209561949635713 -0.0210211304885721 0.0103196067601123
-0.480991842512346 0.0923839674404548 0.0804412176800506 -0.0776314724723563
-0.391876300720359 0.0147566562254986 0.168123729346407 0.139088069454477
-0.411462175883163 0.0895258883180066 0.143134092936985 0.0210837644016322
-0.298421526583752 0.26148047331665 -0.0113977069041421 -0.00326101595569955
-0.131797732325624 0.360290792515388 -0.0525246631120273 0.0690503411053962
0.0242983704314795 0.369352670161319 0.00455973047813979 0.141072611524467
0.163848321067192 0.316598683473141 0.0974674606010306 0.159975246027294
0.24413814575259 0.229621293626722 0.156987807350507 0.124713911655619
0.240431484034819 0.201758901069732 0.179220722836287 0.0794654909635338
0.236546428423199 0.184647834615835 0.166415404025377 0.0764503956786122
0.220202821382492 0.259891324163122 0.131593831142393 0.0657991969299125
0.109797626102438 0.323671151286045 0.0826660278409016 0.0633026008332431
-0.000604956890083691 0.355089368037909 0.0657679479518532 0.0473493122849237
-0.166252012446808 0.307085835261024 0.024572771096535 0.0566419444826642
-0.329789003031341 0.173031180725522 0.0534596009538596 -0.0257127889590751
-0.401398273109817 0.103123713841991 0.229150796802161 -0.0846059133476396
-0.275012743502917 0.0492086536227229 0.325505009247754 0.153013897888342
-0.259973432468346 0.105756535618628 0.256056178663324 0.00968498241854736
-0.16237432227464 0.191975722822648 0.0539793788809062 -0.00640589604243586
-0.0637399524097637 0.22215761523512 -0.0258014844207077 0.0719333571460803
0.0185290120014259 0.237748253012466 0.0292618364181492 0.190855416058461
0.113507636932846 0.212162579623546 0.154197842524107 0.229602698036923
0.168239349590369 0.164578582797403 0.240187165614836 0.194304917682133
0.162166662686072 0.152690524568535 0.264263439574933 0.142778771492217
0.153416172315677 0.149797729343485 0.241976119643338 0.138826796535222
0.128759723460279 0.195178089916155 0.182470805315733 0.133174697773314
0.0413470217574786 0.220820589840498 0.099627315071978 0.122078428730753
-0.0333561362699187 0.204825294842478 0.0576618858672027 0.0626891388374483
-0.0988774180658515 0.169682519299887 0.0385539365047453 0.03177130981622
-0.19475147445071 0.115145606796274 0.104527669184868 -0.0494600769605718
-0.267003034993557 0.099427306967345 0.337669491861693 -0.0855729048377535
-0.107505897039013 0.0674389325822052 0.431321090070023 0.147318261276602
-0.0638759999453124 0.0828142473329215 0.330422373820339 -0.0152376474940621
-0.0122059772945823 0.0723681716047444 0.110154954417661 -0.0256698506222797
-0.00758346541782647 0.0436051081200869 0.00145821728573528 0.0496063188809927
-0.0057143196204469 0.075049211398178 0.0497963023871113 0.200602439660556
0.0361669630239513 0.0809843114683493 0.187850299232884 0.254101576989242
0.0606873031937614 0.0787386381953734 0.286943217649502 0.229110673372158
0.0590612799379831 0.0816447279670714 0.309489193761726 0.185067575182792
0.0527364764509169 0.0885495847123149 0.278456630663376 0.18699935243823
0.0339904583671894 0.0975713209898316 0.197321594890695 0.189854222249564
-0.0103355964432828 0.0888343578596563 0.0898530187165476 0.169049385286331
-0.0331927076190028 0.0444854676307484 0.0332385953428283 0.070891982323234
-0.00618415752206317 0.0447885822772662 0.045103652678169 0.00787869035956021
-0.0413317849235314 0.0730281666764666 0.137126674919902 -0.0575174182811793
-0.105234818470917 0.0950526403016011 0.39583925659619 -0.078381093466878
-0.0715695721060874 -0.0598796417297704 -0.427285274687044 0.0637009388773675
-0.112867039871521 -0.0480122015156536 -0.229869822570188 0.106711141510403
-0.0962663693820169 0.0572968428569838 -0.0673313200182143 0.0229170388782516
-0.0118234045036862 0.0981902145628517 0.00960171178204258 -0.0337907147261679
0.0358824535867911 0.0557475663311304 -0.0425634791386441 -0.175416644614911
0.0405351370025203 0.0311052621575057 -0.174282296540648 -0.227614041329372
0.0490857668948002 0.0024277139127508 -0.279948861020118 -0.226349442769454
0.0554038754433486 0.00115550612672431 -0.321036397963822 -0.205408275044235
0.0699626178447642 0.0028432323022828 -0.306640237284899 -0.218085379292037
0.0752781459039716 0.0470511116805828 -0.226046481036456 -0.235021877661646
0.0468916317295045 0.0858501672573962 -0.103039361756089 -0.201813036916932
-0.0049684623151466 0.133136788830089 -0.0473442370739119 -0.0546475556763754
-0.116235758875194 0.0770014316278954 -0.134985486261819 0.0412107928519077
-0.133828769159296 -0.0474959587740815 -0.288776194280147 0.00859554965956061
-0.0830159675689199 -0.0760509679015826 -0.457686360035175 -0.136265035382791
-0.21887187366637 -0.0569247321570433 -0.402190025286731 0.0510918250217641
-0.250692738928861 -0.0323003083275287 -0.235165021824336 0.0772943008692552
-0.197607135933108 0.124732531287734 -0.0979363904811566 0.027344457079406
-0.0705628484926015 0.215792174483163 0.00119349993067799 -0.00806707752781103
0.040819504486517 0.1929531227292 -0.0240746295837206 -0.152639755145023
0.106361407406235 0.155455944394567 -0.135582784353721 -0.209374260130392
0.154146068771078 0.0963371446360294 -0.23409127054863 -0.209942143661137
0.1650304593213 0.0876339985991703 -0.270112876027549 -0.188052890374775
0.180047812522187 0.0825446571919926 -0.262736805592057 -0.184187954341892
0.178804316457287 0.163284004322678 -0.203705745804893 -0.199260568463365
0.0993572757805329 0.232108920026845 -0.100563775842396 -0.169746636110202
-0.00233279799608662 0.302894753551931 -0.0379826819521255 -0.0270504211207099
-0.204643437867202 0.233235434510423 -0.130116527608071 0.0830335889810685
-0.312170254683658 0.0382308019344566 -0.26595272961471 0.044617643288561
-0.28266930577372 -0.0428578402154108 -0.389942632725756 -0.102063745685126
-0.342823650039112 -0.0534175109966493 -0.319969128551995 0.0580691616536859
-0.375558481525146 -0.0157287158442337 -0.200359635092338 0.0507371059361257
-0.293974088211244 0.182378412722518 -0.118853733177897 0.0188752374289458
-0.134611928475835 0.319885594236967 -0.0229746791621029 0.0132091458749175
0.0333717714575493 0.320650158840663 -0.0198412240936977 -0.103537479219082
0.15495476169665 0.270418092541207 -0.0888926951260426 -0.150335110592287
0.235715765945839 0.181715544841295 -0.156166652055775 -0.155165448909338
0.249982744214528 0.158924316427911 -0.177411223282481 -0.141279554252945
0.263437459497928 0.141818735906875 -0.174469724741322 -0.129389657629704
0.26479539218499 0.243370643866671 -0.142423286230439 -0.141458817071327
0.156201310686472 0.338516151378036 -0.0723685949357138 -0.120913018180437
0.0288738811780717 0.431928436863917 -0.0127563505961893 -0.00379951691967058
-0.240383901501459 0.369058636962004 -0.0956921917482269 0.107117999770086
-0.428435965690551 0.136620880247107 -0.201144267497603 0.0617305287005677
-0.430959107583297 0.0125633409083568 -0.257869536232885 -0.0794819888827828
-0.425034478963417 -0.0415362336956844 -0.183806002739194 0.0816661737720382
-0.46568408158247 0.0169311720632353 -0.115505468744138 0.0345491188237529
-0.364669696217648 0.240606894197441 -0.112811493245659 0.00641391986623794
-0.175232205762248 0.402647166309026 -0.0495984205629693 0.0322774943694482
0.0293459006892781 0.414120011696168 -0.0214700818178772 -0.0286149735737083
0.188225355228719 0.350258733874392 -0.0327490823767419 -0.0554518874334322
0.284662010161288 0.239276597138728 -0.0555205736854673 -0.0708186143267472
0.295089329019724 0.204472957933645 -0.0586960699069794 -0.0755483531230921
0.304783958697257 0.179562607597477 -0.0588698452104159 -0.0636369018487584
0.309096505416292 0.284796974007601 -0.0516356937332528 -0.0752925617990172
0.189009776423742 0.393296046910091 -0.0207937269004137 -0.0625649985279625
0.0516013180861183 0.492320234298575 0.0219007542407778 0.0131663601351994
-0.235744186691145 0.440365724766409 -0.046599351290602 0.104562428490695
-0.465546216910282 0.207656506578368 -0.111320452783239 0.0480235840361923
-0.501376760395612 0.0642244563704527 -0.0928771436630519 -0.0750079498792274
-0.446890491939722 -0.0155771329771724 -0.0113623908911035 0.114940008163055
-0.489398334035272 0.0594300911518599 0.00845729375561017 0.0263820413857909
-0.373215192719174 0.278429947298823 -0.0757330019557766 -0.00189767252636215
-0.175040178595834 0.430872389160017 -0.0630303100889589 0.0539262475852493
0.0304212759580631 0.440819505388944 -0.0161001313552728 0.0620559776491208
0.195718361836206 0.370893953493396 0.0329371626705548 0.0573147697454154
0.292298380743353 0.256985493913972 0.0566696059105693 0.0292694352985906
0.294795914738489 0.220821675950793 0.0674752552019628 0.00124250207903942
0.297737382209066 0.195103891332452 0.0636201265822464 0.00605249248519311
0.295708990875861 0.290602285694699 0.0494408575906977 -0.00623364376100928
0.177141375545173 0.389732723171232 0.0395595319825698 -0.000713326824900305
0.0472041681412915 0.467738078484572 0.0526451827983035 0.0277320984864049
-0.207723228130143 0.419070385818459 -0.00027776392860505 0.083590212596463
-0.43063439298813 0.220648283678704 -0.0190902513027526 0.0130753523842112
-0.489831583682292 0.0989053665008884 0.0799073060392145 -0.0830890832618642
-0.397758713118592 0.0211734232965338 0.17147713489053 0.142393077967544
-0.419783878173493 0.099161298626025 0.145089871603447 0.0190614713286638
-0.299512936655453 0.270548660297176 -0.0156655521605619 -0.00341457550880706
-0.129081861078082 0.369700702958049 -0.0545532009739479 0.072960260382475
0.0318185195205317 0.378486949727892 0.0024613414118629 0.145064186132912
0.175143406292159 0.320669786955855 0.101775854219184 0.162065606239369
0.255709043528924 0.230159551409095 0.164756468094454 0.124179408534455
0.252797023579721 0.202422091827614 0.183545109820868 0.0773307752169157
0.246436902298587 0.187108228383206 0.172202689415648 0.0750327545688899
0.231406514595454 0.26206941191662 0.135392568345603 0.063766465768692
0.119094497536486 0.331020310882833 0.0867525542110606 0.0632344812712469
0.00799424152749135 0.363023923267788 0.0677283217419471 0.0446518187676338
-0.164636425142874 0.316421041211655 0.0297329325698588 0.0576752348095238
-0.335924824674067 0.180920485951803 0.0559299584144838 -0.0242902595609673
-0.406968188456622 0.109774447601718 0.231993596294094 -0.0928627714509934
-0.27839195478441 0.0554090053231999 0.332398377568965 0.154212712603874
-0.263360910902403 0.113368685086197 0.260931976706801 0.00543369678393358
-0.160613960572419 0.197887659172523 0.0523059554357586 -0.00711455881720377
-0.0616989454484273 0.227083158542974 -0.027410539614405 0.075356261858591
0.0233154623803838 0.244052079261791 0.0289126688332541 0.195516005313681
0.121416250558457 0.214325077041877 0.16234407407366 0.232382289565335
0.176626972493258 0.16484552687083 0.251041700948658 0.193959760784222
0.171243435829308 0.154210433602069 0.2730320204842 0.14016699029842
0.160976170765441 0.152466016461872 0.250911910913851 0.136815606967942
0.136533780710209 0.19715405742594 0.189635677537432 0.131694473261905
0.0468840324399787 0.225711384827608 0.105449723236255 0.122577404795393
-0.0297852350734153 0.208935530111223 0.0590090291846074 0.0618000458445426
-0.0966843517694225 0.173207500122636 0.0422883524672172 0.03259114194256
-0.197121577912934 0.121809416275692 0.107509251032921 -0.0506116664968652
-0.269713359609848 0.105855175487801 0.342688515152632 -0.0962222833249771
-0.107243347841155 0.0719122356724705 0.441802395581972 0.145579795271963
-0.0620869901032003 0.086429624192449 0.33650096992958 -0.0207729633341054
-0.00931250589770695 0.0737453730464786 0.110840825345243 -0.0278546709298386
-0.00763352689577809 0.0430534571683205 1.11657600120181E-05 0.0518233314892148
-0.00423461478988369 0.0772869926829634 0.0516447556586414 0.205211115605271
0.0392878833139639 0.0815691836777104 0.19735391515203 0.256943866344123
0.064039424934557 0.0790037962676181 0.300082444053881 0.22705197381263
0.0636764801381725 0.0824103470581349 0.319948541438659 0.182649932714379
0.0568860661485723 0.0907909096460673 0.288511651851326 0.184291241703487
0.0365659736661416 0.0992772124432665 0.206355295704321 0.189405712807674
-0.00919337532874312 0.09059386087352 0.0959305398065654 0.170654808177976
-0.0338113454443668 0.044287257985903 0.0348081990625207 0.0714295633341144
-0.00333760891445218 0.0436355750161836 0.0463654706030013 0.00826890735322763
-0.0401918813425498 0.0758255551789775 0.140722328666448 -0.0598068262705729
-0.103943126041326 0.0998275003262825 0.403062015908939 -0.0894269923388556
-0.075829353092088 -0.0591879287868991 -0.432101208733261 0.0844041868909965
-0.120252020557093 -0.0444719723255991 -0.229437400268145 0.118936681500414
-0.0958184020096836 0.0642376546437856 -0.0695592993299957 0.0265636055490239
-0.00602914401766732 0.102478990459878 0.00837341463471849 -0.0341271869344116
0.0393681574607301 0.0552917707445866 -0.0513227097785032 -0.174717175802533
0.0433920833691922 0.0300822462693364 -0.188845057214219 -0.22105168655337
0.0495031204423609 0.000842806804354024 -0.297291657520829 -0.213904149732008
0.0551011919291123 -0.00185107980358069 -0.337421279565722 -0.1926279684323
0.0705147120565503 -0.00161573892947933 -0.323367363857148 -0.207979782545038
0.0796784665277526 0.043866127275357 -0.242614808309142 -0.230219536784726
0.0522883918115795 0.0867949573247205 -0.113810213318667 -0.203278624717918
0.00165025505155573 0.137102724192765 -0.0487273896319987 -0.0544698787874799
-0.11694618873034 0.0851488748038378 -0.132199370999381 0.0473252414255729
-0.140301654689548 -0.043343751359895 -0.294141099617731 0.0206765663974863
-0.089028668774382 -0.0752041830187493 -0.473541812352144 -0.114773321209362
-0.223892767410129 -0.0494193586699344 -0.407666667833968 0.0713446508859718
-0.259306415433091 -0.0222059108712553 -0.237206488796674 0.0896658414186941
-0.194977342657712 0.135217704465789 -0.101258329971557 0.0319719116126458
-0.0609663264260445 0.22476315072219 0.000755574138431942 -0.00721392590941142
0.0512010275184821 0.195260076128067 -0.0321930659404993 -0.152214422835906
0.116982735569087 0.153318969509154 -0.149127928500476 -0.204836698274774
0.161932741931817 0.0906151507734059 -0.249241748619856 -0.200079543933686
0.172316214465565 0.080857230669865 -0.285075597470966 -0.177244024804997
0.186848521292756 0.0756560596758631 -0.276345421717947 -0.176055412257676
0.190820826645731 0.157144816394184 -0.21884256287153 -0.193831191517946
0.112944597752734 0.234209824759158 -0.109809609161222 -0.169905456848287
0.013124089352817 0.310197785731407 -0.0384530427665039 -0.0277016868132338
-0.199471460590163 0.248156542487029 -0.124194244260278 0.0898520038802741
-0.319672162193975 0.0527402249896257 -0.269259500886579 0.0574209204298471
-0.289804107022814 -0.0332052223163831 -0.401228203504204 -0.085383514505419
-0.348306624423439 -0.0419141844278591 -0.323583742520885 0.0747150926939294
-0.385121177666728 0.000107764975819108 -0.203457813373099 0.0608472325084951
-0.289641674786168 0.19608830333119 -0.123998119391577 0.0251805732756621
-0.120978933470682 0.333436057962181 -0.0237574047363032 0.015818271556241
0.0500674610357249 0.325389359601823 -0.0275367713447659 -0.102661985460477
0.173282057750613 0.26771601881133 -0.0987421662946809 -0.147589002252226
0.250537764518133 0.172761626042965 -0.165840624068073 -0.149293153870281
0.262823255701706 0.149762992467399 -0.188331207932345 -0.135310834604735
0.27506323951908 0.13337008010589 -0.183685506540583 -0.123796251565756
0.28290796225403 0.234584792277842 -0.153524614305632 -0.138576121847751
0.17689692353817 0.340786213676587 -0.0793300785446279 -0.121165603479064
0.0506001980304242 0.440069098428043 -0.0126634116726766 -0.00556037702450515
-0.229199112019124 0.387974990740659 -0.0877810307961384 0.112585685652588
-0.433343844552831 0.15759593519832 -0.201612701297427 0.07262952637165
-0.437827281947863 0.0286053011892508 -0.267591061106976 -0.0703843349393075
-0.430141452628805 -0.0253258378742086 -0.184899434810419 0.093576350618117
-0.476215406693956 0.0361357943090487 -0.118348598459066 0.0401003317923184
-0.35833330203029 0.257722083580381 -0.119190515363255 0.0123104763388979
-0.159886768653351 0.418731465589193 -0.0503411799196251 0.0368938116154566
0.0505994567280664 0.42193833359883 -0.0266861320352978 -0.0261270992884435
0.20986793349231 0.347382304112238 -0.037281536407748 -0.0538949798129755
0.303562911582433 0.229424857998526 -0.0591696993901958 -0.0687966498861551
0.312707769148929 0.194372145118583 -0.0650840922184379 -0.0739033306601046
0.319346001413122 0.170091472383284 -0.062533424274451 -0.062266760089553
0.329691114231062 0.274706994064458 -0.0575888948169849 -0.075247212327957
0.212980711353473 0.394899703005852 -0.0236375177166465 -0.063861117371745
0.0767743427583663 0.500580901421477 0.0226163697134354 0.00973614584608282
-0.221515955196395 0.460366509696485 -0.0376047366572766 0.107751321907339
-0.46898766253162 0.23265071436065 -0.109411911116684 0.0554099341713728
-0.507537769459402 0.0854111138476693 -0.0987546309827215 -0.0738262562445411
-0.451563764775284 0.00216754840091606 -0.00825357734649889 0.12023418697897
-0.498962548094115 0.0813530549319616 0.00753497568629199 0.0269775749637436
-0.365149688864179 0.296398978513734 -0.0816360041200923 0.00228709630381083
-0.159093648382138 0.446499828177124 -0.0635075577289814 0.059796363462427
0.0535507721016269 0.448099816925697 -0.017822522964643 0.0662385333435493
0.219630448362993 0.368238771091525 0.034751877969947 0.0585146864741815
0.312110768811815 0.247438530795931 0.0599844159698351 0.0268309902716434
0.314079379321694 0.21011918940395 0.0670780409983524 -0.00206998712021033
0.313593777341882 0.186545290239159 0.0658751303924444 0.00302119905947701
0.316961074049511 0.281718423256708 0.0493234447388301 -0.00952502262713615
0.199506589650886 0.39151549497521 0.040977488111548 -0.0033885207848203
0.0704308702690724 0.473318118701205 0.0542438382595837 0.0235261343276972
-0.193545224615099 0.43627934965567 0.00840744960740969 0.0850848003493315
-0.430103898407066 0.245290457485989 -0.0170121601313809 0.0156652576904766
-0.493620253996942 0.121506243694736 0.0763897698175599 -0.0905449418214634
-0.400672194384253 0.0383515810732025 0.17914102686806 0.141384531107901
-0.424922601926289 0.119461215738194 0.146406884261348 0.0138210788196151
-0.290261575262987 0.285762309796144 -0.0190888821795656 -0.00140320497338309
-0.113933772127363 0.38252892723179 -0.0543021323110657 0.0791027595444995
0.0507752048686584 0.385130433166645 0.00446337324699739 0.149362810656093
0.195098817696978 0.317993840794964 0.10985194077348 0.161334399621643
0.273504154991874 0.221309793111532 0.17439024402823 0.117893489939924
0.269987409423786 0.193718462349544 0.188948737628521 0.0696641287150517
0.261443886944713 0.181293062892958 0.179552788289833 0.0677628636793709
0.249324751366482 0.256201575849547 0.141347746402031 0.0573325562482794
0.137566894060217 0.33276388130107 0.0924091541402465 0.0592893374204662
0.0258287530166938 0.368151623515397 0.0697671709345374 0.0408944606503816
-0.152562387164614 0.328506839269184 0.0368564372189031 0.0576116024045282
-0.333486598046166 0.200256510533724 0.057981565040397 -0.0258829712863901
-0.406322044085835 0.128549804619002 0.230464486107919 -0.108367015863384
-0.278155154578708 0.0690352206361488 0.34283188561443 0.146231106219422
-0.26249935852352 0.126899036563293 0.264603151247027 -0.00509085380299265
-0.152650964038906 0.207273924675423 0.0512565976519064 -0.00879889449974614
-0.0529030576115161 0.23299276955529 -0.0267695052846717 0.0799794743563115
0.0352630470574122 0.247696653160314 0.0350949419957865 0.199604189290638
0.13485376077871 0.211732959211425 0.1745189477564 0.229949290568882
0.188199023633389 0.158739403312324 0.265706173029801 0.183572454141098
0.184302242358434 0.148842807207521 0.282984459616007 0.129157719762366
0.173102555249507 0.149623986444704 0.262508923146163 0.126636094153264
0.149055882123891 0.194711449201371 0.199602002411211 0.123564256940162
0.0590041004351069 0.228039118494444 0.114117723469512 0.11883378911558
-0.0201440404398973 0.212174579293429 0.0621220204174835 0.0593338710701163
-0.0891210846943234 0.179202233650293 0.0467536737453928 0.0317174275524782
-0.194906145952508 0.132610155444663 0.10921320940768 -0.0545499915240288
-0.267349832465186 0.119558957579914 0.343159888978705 -0.117405002837774
-0.104740610630989 0.0793361389531686 0.453664643101492 0.13298176271048
-0.0570816983419837 0.0909751312563829 0.340664984166969 -0.0357374100504154
-0.00425811513696787 0.074562038493394 0.110441226786537 -0.032622621379429
-0.00674340367752925 0.0427064718225265 0.000148278225588239 0.0545576206059727
-0.000328623793032796 0.0790781488182788 0.0588650763901867 0.208297279941391
0.0438886156395179 0.0807412985125281 0.212792404004956 0.253526620851495
0.0694608186633014 0.0765958729937538 0.316944049720778 0.215341497179949
0.0703485344404366 0.0809777109058113 0.334173416750205 0.169572257270822
0.0636516937729076 0.0909169033850609 0.303753041560928 0.173117156979353
0.0419969145832378 0.099892217369834 0.220948955895222 0.181197363352675
-0.00530916452077514 0.0922130757220261 0.107415764339414 0.168089184639669
-0.0333379853904946 0.044727668946137 0.0384296119747956 0.0701446610491269
0.000342824077386675 0.0425273406734298 0.0483721959661797 0.00677613912543152
-0.0357178883450533 0.0790285596414282 0.142136812859757 -0.0653942203544638
-0.0992327285709009 0.106413406744819 0.404175961813688 -0.114676216349832
-0.0376891568808755 -0.0842223103639524 -0.430415831201168 -0.112479140655035
-0.0892608489651997 -0.0929124239792183 -0.25654994072052 0.0101403380772516
-0.114696993490602 0.0169050795692529 -0.0719225981589495 -0.00641558922201522
-0.0493521332017107 0.0920980824561625 0.0251122839692763 -0.0266578970537649
0.00979575133390553 0.0685706657291452 0.0332112907265672 -0.179112714187525
0.0244953217934726 0.0482636433340028 -0.0715632974197962 -0.280258991136426
0.0416364696892148 0.0208976742158781 -0.173274907366106 -0.319146408676753
0.0486608367298178 0.0224538969755502 -0.219238826529956 -0.314445218324517
0.060478607822056 0.0281836114320685 -0.200401917113774 -0.322361578659582
0.0517042312811627 0.072625184040515 -0.119237721082677 -0.307856976419513
0.00936560470612909 0.101413240334734 -0.0152344010851175 -0.229835397710393
-0.0578292356381276 0.123735012607587 -0.0195146142411055 -0.0672913974455876
-0.14606308295921 0.0256119309812572 -0.139667795942158 -0.0186129129686782
-0.113442635981589 -0.100961355352179 -0.273395559789261 -0.119359137967522
-0.0485209989478489 -0.106928867853338 -0.366815591327459 -0.325985106287369
-0.173700616219146 -0.140763704652999 -0.402347806205143 -0.110359651618131
-0.223714831108814 -0.13420719947021 -0.248136353190885 -0.0181721149115939
-0.234240082783618 0.0366645354361766 -0.0990477385420864 -0.0134591526232091
-0.15045746909937 0.176221940689096 0.00918715139541198 -0.0031189387605805
-0.041135741800759 0.198871832237466 0.0462660768409025 -0.150399141031296
0.0389839199445351 0.190848107695295 -0.0398862941193755 -0.251225495504037
0.104372850824035 0.151563106581935 -0.13449830188562 -0.287213061214674
0.12001640204071 0.150063033873648 -0.178344496475266 -0.278880315453335
0.132134557100887 0.14848887824133 -0.173335398720671 -0.272886407500787
0.105711351655554 0.221682942930589 -0.114753941500643 -0.263843133173174
0.00133690763998136 0.261727225869092 -0.0289460873271609 -0.194444827003999
-0.120432167403539 0.282388287486213 -0.0268587994784556 -0.0349868775145964
-0.29171562408395 0.135516554377194 -0.155363587896566 0.0232628638382961
-0.315587499429274 -0.0912348530949379 -0.266251240258315 -0.0797317128116044
-0.245427379148361 -0.156718193238518 -0.315038244522685 -0.268758122254603
-0.289384025935697 -0.191111759344699 -0.328161222030593 -0.0657760816702069
-0.347205414049581 -0.169008373408196 -0.202145806850424 -0.0284457514276905
-0.34565700381774 0.0491913988013942 -0.114892420890851 -0.0281052661425675
-0.25033988147234 0.245242172135627 -0.019476092074576 0.00908244958157081
-0.0988344546320337 0.314581975786627 0.033666454525586 -0.102693311588841
0.0406178558153328 0.316679121205526 -0.0180902742353122 -0.179586254788545
0.149873149168378 0.263973503868205 -0.08163576276209 -0.206751183243204
0.173803794028658 0.252563732975595 -0.108843613943511 -0.201233414330718
0.188113506304082 0.238235398388503 -0.112607842182771 -0.187165377337715
0.156540436356999 0.330414711917147 -0.0815038264292798 -0.184345754966161
0.0140268470680024 0.386044078054838 -0.0251099010741901 -0.134059346359182
-0.141805783947535 0.413237605272266 -0.016337109502441 -0.00203355004135018
-0.380139181210847 0.247667770557789 -0.135274519247348 0.0605621247622854
-0.463081464067944 -0.0459643051465382 -0.213275578517481 -0.0378115274886913
-0.403787588151346 -0.164638983919718 -0.201879655664475 -0.19562529839182
-0.370258558988377 -0.213847001281095 -0.211277350818725 0.0156729131353323
-0.445893119683292 -0.175767867264096 -0.114370233508332 -0.00880690312968961
-0.433311502940013 0.073480588812476 -0.102038145014133 -0.0368527428605698
-0.322442773575768 0.305515778075069 -0.0506402442775968 0.0175304701763259
-0.140229605468524 0.400067028328033 0.00449828600120303 -0.0331374988013214
0.0407459837858177 0.404585294126195 -0.00277563416106518 -0.070614255801519
0.175033721697044 0.338512777466884 -0.0194112570473868 -0.0894513439817022
0.199545073305486 0.314948513416904 -0.0240760978514876 -0.0939957689823233
0.213256634433911 0.291118318739991 -0.0301144342377841 -0.0803256764503896
0.182204604522255 0.386564985941191 -0.0229430666965307 -0.0867547872214038
0.0248609188547314 0.451360897057965 -0.00108213339257815 -0.0576846717668305
-0.142086559992742 0.477966333748841 0.00719557923343769 0.0289639100782901
-0.403990913152661 0.31484112985632 -0.0897045716598584 0.0803430644224415
-0.524459279686861 0.00485224246476219 -0.12317576115194 -0.0111165999946887
-0.489455327970881 -0.144745268918346 -0.0499206711710051 -0.121549953319404
-0.402907412629024 -0.199042538307112 -0.0628491602308454 0.120087608414055
-0.486400681363749 -0.14620321610606 0.00723631697422576 0.0343684060978791
-0.460046085574547 0.104836232312389 -0.0626237481635973 -0.0289937932144828
-0.333368833792979 0.328653150145325 -0.0717920028501216 0.0330769580641122
-0.149166380852571 0.424627727700214 -0.0280750738907076 0.0525789183330358
0.0401483502405947 0.425057104646689 0.0128023432772495 0.0611373286705598
0.175799865198571 0.358484657223897 0.0454675684781165 0.0478140725346239
0.195727858887553 0.330918922108074 0.0624463416606613 0.025396972828276
0.203084168117611 0.303373942851642 0.0569401483631846 0.0321053342728545
0.168192854360676 0.38829289947436 0.0444803576133157 0.0169969646250907
0.014792326205677 0.442234153473383 0.030346632679879 0.0244421210666421
-0.137145597445266 0.451110037046153 0.0290822574816343 0.0544484880250183
-0.365853226955624 0.305878171467043 -0.0384619450868434 0.0805122056693757
-0.493499429716685 0.0314848302497601 -0.0219002001570812 -0.00310703489880018
-0.491789729088766 -0.10703480718561 0.114074159239488 -0.0539468165937183
-0.37488037824491 -0.146467128218757 0.0974535597252256 0.220894176720799
-0.436717413815721 -0.0798548273493678 0.136594261873778 0.0812182911118155
-0.386573355599515 0.128531122344219 -0.00568857364369481 -0.00653019012470814
-0.265396819613922 0.290157724122607 -0.0744205904391486 0.0528420447568305
-0.122410494955152 0.36687598228627 -0.0468506064306951 0.137513516972426
0.0401838445722632 0.369755305299245 0.0331779613104605 0.187298646983284
0.154824616670995 0.318693730008761 0.10782979452174 0.178523611173115
0.163440321790202 0.296505570883936 0.140391228154923 0.140958910292775
0.159982562132287 0.275796570128197 0.131496070791668 0.137816151271797
0.119299299324769 0.336377026078948 0.0983240661332834 0.114294738897928
-0.0143473677743013 0.363165375496829 0.0504357825551502 0.0996466826745628
-0.132446080850861 0.337104839322137 0.0364906600511269 0.0743827961626221
-0.279961736309988 0.226282275315888 0.0016181553077662 0.0687291099174479
-0.386386866141394 0.0334048141820949 0.0646137181153509 -0.00400934240622377
-0.417312190201684 -0.0615268850819974 0.259282434236649 0.00264989521641323
-0.279993001127318 -0.0653488439905371 0.245375134594633 0.294551230520071
-0.294674750779415 -0.00134735412088208 0.248214889085041 0.113133152937518
-0.227533359331884 0.11872920728298 0.0566097044883803 0.0163472265500322
-0.147266534271123 0.182522369138115 -0.0543193799098661 0.0628170482084594
-0.0745500588950783 0.235540314454246 -0.0481302270284591 0.195415401341602
0.0316460057532568 0.247213914627848 0.059118056196657 0.279290012714319
0.105251609886525 0.225678139859643 0.159950157963915 0.278093780825753
0.105528529949048 0.216927374477213 0.198228617542234 0.234896179792045
0.094885048036975 0.209562035466374 0.180801636550464 0.223777669801241
0.0544773039508556 0.238443366788918 0.124304996743261 0.196468682162519
-0.0418990003259846 0.233324473166354 0.0470487709900859 0.159219669518945
-0.106508463874866 0.178761148679964 0.0237105564718084 0.0835381446784442
-0.156550717390132 0.119998013452833 0.0241467960253497 0.0498453572188409
-0.230414022662642 0.034347961132433 0.124011082421704 -0.00295757342257292
-0.288401811315736 -0.00817963009717492 0.363590966214148 0.0484976578728185
-0.130866336116332 0.0210283319046468 0.352205784294168 0.326793853799254
-0.09414466262173 0.0556744446776677 0.325338483939656 0.116657320586512
-0.0358277503104212 0.0642284140972734 0.114262615606954 0.0188825913859012
-0.0249298227431252 0.0325370356696767 -0.0245806454891465 0.0499074507074407
-0.0329881850782465 0.0687105718304366 -0.0372190237461838 0.214251915976562
0.0074345972145836 0.0894806062029862 0.0798156262804363 0.320039339940472
0.0334699583979288 0.0996966517640997 0.190613193304307 0.329758866349919
0.0313222850801775 0.105663844757849 0.225187558729924 0.292771923846402
0.0220283696487608 0.109257706394945 0.196969425518709 0.282412597509142
-0.00223986386983713 0.108265565424263 0.120241029395588 0.254363404675081
-0.0431160585529862 0.0807037270192746 0.0232140333565578 0.196303339851034
-0.0475735999690662 0.0244991911466502 0.00158065778127578 0.0793450501032281
-0.0146330750680042 0.0367599455731158 0.0387742986820285 0.0286449318733298
-0.0626379643002248 0.055363669973035 0.157853258447995 0.00552245026474603
-0.132960199658941 0.0526294796190003 0.414521754435862 0.0820841663407555
-0.0414454682580949 -0.0819023223189519 -0.425207158774578 -0.0882146108542566
-0.0946717607623568 -0.0867488138592467 -0.249871373909248 0.0227532889963381
-0.111711762704679 0.0231015499112194 -0.0718825408019938 -0.00379394848921474
-0.0416907603636192 0.0942132802026819 0.0225669764468918 -0.0261648402598176
0.0136946134856453 0.0669677240035351 0.0231504130303467 -0.174878282219242
0.0268588269858474 0.0463069888002826 -0.0850803368309292 -0.267428685852316
0.0410497455675964 0.0185425330389975 -0.186659990826109 -0.299132984142605
0.0475168684935749 0.0189031284643283 -0.230071267265562 -0.29388590812191
0.0590030881396509 0.0230225859010133 -0.212062040642873 -0.305613165207534
0.0550541098997118 0.0681340120916251 -0.132623790721097 -0.295931895098312
0.014969520520603 0.0999556429196346 -0.0261358905020124 -0.225196317609328
-0.049547451893096 0.124655827213482 -0.0202733793689601 -0.0645348243966123
-0.143793758108796 0.0335540271868499 -0.133740078876619 -0.0118724485249558
-0.116894809992502 -0.0935866854635515 -0.273108741094786 -0.103744561480634
-0.0534652262562664 -0.103836052201159 -0.372441511851134 -0.299246550304238
-0.175137907424268 -0.130381255346034 -0.397067556552932 -0.086696184055416
-0.227631728402813 -0.120135485087903 -0.24338704581274 -0.0059700467307855
-0.225715946838356 0.0467398935202498 -0.10028192372126 -0.00880814129817184
-0.13589511385608 0.181390551351577 0.00905915115514379 -0.00258555674094413
-0.0287436647297184 0.196613237356567 0.0356751496004679 -0.147261818787045
0.0487435003785564 0.184206453983273 -0.0536134291479917 -0.240493401090169
0.110631144653391 0.141981734688857 -0.146841307298748 -0.270536226331649
0.124734605346338 0.139373679821681 -0.188022362610021 -0.262338256166722
0.135849177029213 0.13765686754908 -0.181957021932089 -0.258271501156009
0.114754783885352 0.210386639751447 -0.126722812287058 -0.252308845020417
0.0157689848344017 0.257638858451898 -0.0385196415102365 -0.190384580420688
-0.101834566371537 0.282683328396079 -0.0258714864145922 -0.033677148159673
-0.280366878552039 0.148062373431226 -0.145398125190261 0.0302291241041914
-0.314419287822834 -0.074988346453816 -0.264057727982245 -0.0645152061123132
-0.247499976621696 -0.143593869546948 -0.31862038947109 -0.246246753788938
-0.287709326559824 -0.171922460604958 -0.324390101057109 -0.0471747009040861
-0.348530149718073 -0.148315429375245 -0.200165796697766 -0.0177278526775047
-0.332858290962325 0.0622554626860773 -0.115713777126306 -0.0224490364795536
-0.230576354837663 0.253158687766152 -0.0197261104013558 0.0114426965402503
-0.0791629187742827 0.312320615842813 0.0252755014833035 -0.100728114889764
0.0575239533199901 0.306584744519559 -0.0282198135607856 -0.172367314357565
0.161272695799994 0.24857181165381 -0.0902091755858134 -0.196055977819392
0.182145642150388 0.237036990618782 -0.116943170629787 -0.190137075666765
0.195726398899747 0.222990634731216 -0.11823278006201 -0.177292600031011
0.170295716082045 0.313443747210501 -0.0904488471271026 -0.176999321938517
0.0345657101898729 0.379485115867714 -0.0310758243630879 -0.131435815533139
-0.116309833555383 0.411876508595072 -0.0144350475540922 -0.00192159166547017
-0.360950681891656 0.261052407057953 -0.123173157575134 0.0660762212222578
-0.457248669253479 -0.0243447192637011 -0.209154803589849 -0.0244033957346071
-0.401609807671942 -0.144991414072721 -0.206108391755633 -0.181475234568541
-0.368030097415466 -0.191853419974496 -0.206526256669149 0.027387902042098
-0.44537322835121 -0.151232087165544 -0.113394739939793 -0.00292967386830277
-0.418252746230654 0.089420567041518 -0.104452376594072 -0.0308687900378347
-0.298273935546089 0.312522387593414 -0.0501165209998984 0.0214375385812136
-0.116691018081109 0.39749218681488 -0.00181392574164771 -0.0313846460923549
0.0608106844516114 0.39230706348096 -0.00785463304253739 -0.0666786947560413
0.188533495591655 0.320166422413725 -0.0231267030099346 -0.0851634116766407
0.212529736749379 0.296718478605216 -0.0295251284220539 -0.0905249201723841
0.223861684373705 0.274282875499303 -0.0324757929179718 -0.0775269775458442
0.198437226278264 0.367509397521467 -0.0280228573579196 -0.08387033038806
0.0492894086420746 0.44212366381337 -0.00431597285877834 -0.0572433904506965
-0.11448259175398 0.47420339538147 0.00915427517716145 0.0267402153504964
-0.379342199408136 0.328190056675547 -0.0779758034556281 0.0820664511958291
-0.513682469959347 0.0284636058231679 -0.119655820080544 -0.00259423685793229
-0.483130330305169 -0.121183212895479 -0.0544808415425291 -0.118003974433487
-0.398015426727524 -0.175584353881666 -0.0574861875527055 0.122488942647003
-0.481106339016906 -0.119805304004175 0.00629796331400728 0.0339390209117797
-0.440884232261176 0.121201699194124 -0.0647549260885834 -0.0248181984176628
-0.308495040107458 0.33737447033924 -0.0702568471492067 0.0370442925979027
-0.124570771356851 0.423501863889911 -0.0294858234971461 0.0543703191157527
0.0621369962687747 0.413127051064508 0.0138200344704728 0.0612613485860221
0.191500879913171 0.339783212166403 0.0474836922500119 0.0443715334561322
0.20914865148834 0.31210226448418 0.0608311575258141 0.0217764054886888
0.213946522852823 0.28711269090599 0.058468996593447 0.0279131723262732
0.184504409951754 0.369662920026408 0.0435933458520044 0.0137940581284841
0.0384611019329418 0.434226144849653 0.0315970268044038 0.0213233927583739
-0.110142089712489 0.447280245369916 0.0315731315736848 0.0509691951829223
-0.342621557686247 0.316533581918755 -0.0280009224352578 0.0808426797604136
-0.48226695740841 0.0540549635045293 -0.0195205565113882 0.000503239308682558
-0.482880485293787 -0.0834148440889861 0.108270561502638 -0.0609472476643872
-0.368150614881483 -0.124870887854919 0.104082058189214 0.213639986480644
-0.429917580886299 -0.0567720531321725 0.135874853231466 0.0739273027197041
-0.368128012914691 0.140230694874051 -0.0080191440808536 -0.00522493446531878
-0.245161792671069 0.295989082217862 -0.0712483642358562 0.0561070583693142
-0.100469929776319 0.365537682386475 -0.0446266851790303 0.138209546173269
0.0600922820478775 0.358069037823952 0.0409015715861128 0.182991266337864
0.167356837739172 0.30098541113245 0.115298200253376 0.168115016687631
0.176957913758263 0.280634399519337 0.142113837332902 0.130005732668024
0.171589433740392 0.262524860367354 0.13647568748133 0.127383353052276
0.133912399272297 0.321452860923382 0.10241613598201 0.105948865083911
0.00519062994693792 0.356391573376949 0.0552817791737936 0.0944759109761475
-0.110836132816796 0.335062285234123 0.0394055221858278 0.0694092802421574
-0.261455758279511 0.234173676962379 0.00848594063578705 0.0674484132684292
-0.375208986276608 0.0505784939540513 0.064906775725587 -0.00445182614746393
-0.407665971137085 -0.0410645431537961 0.252212155384187 -0.0131882279538391
-0.273456503098159 -0.0497456157925958 0.250641810885572 0.278565017228852
-0.286261046406507 0.0134803762429063 0.246857048411013 0.0999492336104675
-0.213772527278236 0.124586324805979 0.0545888281033819 0.0134223458783278
-0.134304578564261 0.184861389614474 -0.0519379509418897 0.0645011668801036
-0.060784082868139 0.234832091777192 -0.0418429757608277 0.194644218359153
0.0448303572246303 0.238769628291574 0.0713083467657886 0.270756351880659
0.115206675736719 0.21357749176111 0.171086268305232 0.261778138182782
0.116396215198168 0.206367357050235 0.204313686672053 0.218314050352639
0.104973515901118 0.200937088962046 0.188465436882555 0.208882126835197
0.0657900454930141 0.22992840070428 0.132484832048857 0.183870786222689
-0.0279435949253527 0.229111878103366 0.0551172615185934 0.152725712387911
-0.0946834598109966 0.177685393241721 0.0275587702763221 0.0790471097026756
-0.144709788323096 0.122865627153764 0.0283335028483062 0.0486373997178779
-0.221933656760221 0.0447914930087476 0.122157083324371 -0.00713078570169586
-0.278575352177217 0.00577475318183511 0.355391696641228 0.0254113050352296
-0.124780423962286 0.0279644045765038 0.355279016046186 0.303217783067954
-0.086306037978323 0.0585966090718463 0.322389252314325 0.0988262508826768
-0.0290974710844856 0.0634641013923961 0.112033374351499 0.0131527558908008
-0.0237604659889868 0.0312250135001673 -0.0232286998732362 0.0507566360788038
-0.0284641181474061 0.0685622191698628 -0.0287074470298183 0.211505336767099
0.0118237874786782 0.0860414794330794 0.0936156472860642 0.309256080294746
0.0383057727252372 0.0951004397092859 0.203100552977551 0.311161057014879
0.0376163722848021 0.10138138449 0.233529203630793 0.273000307069704
0.0285897156774797 0.107130489902464 0.207188144249407 0.263993580508946
0.00348633640727426 0.105351161039334 0.131690535984305 0.240739054774185
-0.0380469301554856 0.0796808491127022 0.0336660064345705 0.190104038659611
-0.0455196984684759 0.0235629112367927 0.00518086596786443 0.0761871154907662
-0.0102732895147463 0.0342081488826861 0.0396593590653831 0.0272202723762645
-0.0568245094304174 0.0576523979089387 0.155034457147643 -0.000818521177369767
-0.124969104380178 0.0590988640622556 0.406719928334147 0.0560481058656001
-0.0431237455361859 -0.0786376047551405 -0.414316673907724 -0.071948798940696
-0.0979169969076454 -0.080526290657016 -0.240936749670834 0.0297404200676914
-0.108489673633961 0.0274968262745083 -0.0715469749339876 -0.0020269231902332
-0.0356424095434819 0.0948179839697456 0.0206878377836592 -0.0250044367744063
0.0158493643518549 0.0649533750928823 0.017122870832697 -0.169013794646347
0.0278126057979169 0.0447338629809722 -0.0918279964332109 -0.254242879269295
0.0403798977906997 0.0172147827372306 -0.19075795680108 -0.280633083572475
0.0456345901713627 0.0164040108861501 -0.231421188175285 -0.276697021619962
0.0562293449243555 0.0197126458275726 -0.215134921389301 -0.289079321760091
0.0560427762192117 0.0636480478124691 -0.140293485131188 -0.28329541733627
0.0180978019058772 0.0978642405629886 -0.0324514531092113 -0.219703565998701
-0.0438717597623893 0.123741877347566 -0.0193385593405979 -0.0628088715887144
-0.140405638504499 0.0383275803410328 -0.12682369220957 -0.00825620054171619
-0.118255519306461 -0.0886122625353104 -0.267718111501946 -0.0920408437533094
-0.0558068290693735 -0.10048412528031 -0.367895738263878 -0.278204252374852
-0.171646949123057 -0.122007768047625 -0.387710134339609 -0.070245560661266
-0.226542567584008 -0.109579185199803 -0.236377076399941 0.00200045117486609
-0.217101271440851 0.0511091574499993 -0.0997253667677428 -0.00579791001902428
-0.123599499800624 0.181196315211133 0.00792518029956609 -0.00131716401805067
-0.0200412089213863 0.192104634603209 0.0290462683500443 -0.142769516899038
0.0549716464184484 0.176653198172116 -0.0605823278320509 -0.22959279057964
0.112361933435759 0.133008028130968 -0.151741335130082 -0.254942515442518
0.125566595640999 0.130132757204181 -0.190038721476454 -0.247299444457007
0.135218619250584 0.128493829029761 -0.18437585194748 -0.245037768486941
0.119006782602177 0.199494215414277 -0.133082442853264 -0.24162566744877
0.0249003992329403 0.251348215144881 -0.0434064752427185 -0.184111506687735
-0.0890632647477453 0.278217897801597 -0.0242191997311606 -0.0325628744667868
-0.268548823599541 0.15316493028276 -0.135719635091622 0.0329264613770315
-0.309257542263007 -0.0645844379889024 -0.25735494295882 -0.0527548459429218
-0.244996023304885 -0.13318408536688 -0.315795432828999 -0.229474813273888
-0.280575260901309 -0.160409753807508 -0.315716629381674 -0.0348186199408231
-0.34435314509672 -0.134474487440923 -0.195228439004661 -0.0107879147993342
-0.319506504718716 0.0676032079177965 -0.115730200942109 -0.0178150770104854
-0.213773244985599 0.252596188324296 -0.019589462233217 0.0128046554555795
-0.0657189283854583 0.30589585881709 0.0187755104926391 -0.096565261670588
0.0671645057879905 0.294844886222234 -0.0337053042014151 -0.163722184966355
0.165190991783637 0.234753683032731 -0.0937175618745567 -0.185705980150149
0.185232681162174 0.222991145175008 -0.119530426324222 -0.17954676215647
0.196213281959244 0.210504267834575 -0.119015919029195 -0.168890845788088
0.176131840430994 0.297434296084483 -0.0950072757663528 -0.168852109377767
0.0467580954953064 0.368197162622928 -0.034770285896742 -0.127201965458591
-0.0977390235577724 0.403414282251909 -0.0125377606419333 -0.00226638578812071
-0.342401978927659 0.265645693881599 -0.112823682801051 0.0659171144409711
-0.445414198192126 -0.00997003594002601 -0.202324909372035 -0.0157180714686134
-0.392144491054284 -0.130975098045216 -0.205124484571885 -0.1709499878845
-0.35772264449104 -0.175795541178187 -0.199759326463195 0.0344910126522576
-0.435127536363657 -0.134562176693436 -0.111913409522171 0.000820132792497019
-0.401774642900838 0.0953266376956875 -0.10494703848064 -0.0263582053274407
-0.278231269807128 0.312000705747758 -0.0487609393079295 0.0233999739686117
-0.0985030238558082 0.390694354540005 -0.00617780547767504 -0.0285030795676624
0.0741538503018706 0.375965942837671 -0.010855813521464 -0.0618144508227129
0.194870102909752 0.302270178226216 -0.0250997908642837 -0.0813154639777739
0.21737652470173 0.279664383974109 -0.0323688148303334 -0.0865852038431822
0.225834900814983 0.259288129518163 -0.0324722560824003 -0.0750992220243946
0.204427131973435 0.349686312450488 -0.0315659275485142 -0.0812405444288589
0.0637151483126447 0.429494698017008 -0.00592748760523943 -0.0560892651556432
-0.0939442985543732 0.463205538941448 0.0103331008658019 0.0247123054039706
-0.358284488851327 0.329165376557356 -0.0678793651837905 0.0814953564943132
-0.499593666627271 0.0427711966650916 -0.114424710832711 0.00320362405743166
-0.470790542043954 -0.106212586300854 -0.0567384303198408 -0.11393648494658
-0.387152072578308 -0.160794128751573 -0.0530733942960888 0.122788750273644
-0.471360196991583 -0.102600072271733 0.00582162047353293 0.0334077016904999
-0.422247311743201 0.126506759721616 -0.0657642625394073 -0.0221279086774806
-0.288258061525291 0.33540108524189 -0.0687199586577111 0.0387740789753042
-0.105810305589463 0.415025205796418 -0.0317441493130299 0.0558022469989901
0.0753972808978179 0.397206099873783 0.0146692089152732 0.0610998548146917
0.197394090075061 0.321087882973111 0.0479330683808769 0.0410881092193339
0.215564541718872 0.294376701330845 0.0581891922874827 0.019400711345619
0.218046643875081 0.272172919285154 0.0587752428261758 0.0241792386720841
0.191749028791683 0.352303719864812 0.0417184440053739 0.0116275210357447
0.053963138916695 0.421694160698888 0.0312689504578638 0.0189713767786625
-0.0915047516420313 0.436365601458235 0.0322718797824838 0.0474174752117211
-0.32307734166543 0.318957516140094 -0.0203883978151219 0.078462179614696
-0.467804464260494 0.0653611676263513 -0.0171486190677617 0.00337638348885312
-0.468181495550246 -0.0679528191257679 0.102050677315714 -0.0643066766341706
-0.356774825491177 -0.110712557734461 0.105426536839473 0.206599563419778
-0.419313238842574 -0.0431160319059637 0.132746166066453 0.0682884246797236
-0.350455522943441 0.144143043229454 -0.00963657826593186 -0.00550789415831387
-0.228744228053671 0.292654032113382 -0.0692099764153012 0.0572815682316369
-0.0843448286430116 0.35803873135376 -0.0434212054807415 0.137137573897139
0.0705147993793015 0.343760863106873 0.0448953458345821 0.178378362363496
0.173204341215759 0.284732876255671 0.117942727188648 0.158266128571785
0.182791611604013 0.264601946688149 0.140167568492778 0.122153042965548
0.176420741902304 0.250202936628679 0.137057582428577 0.117792594561743
0.140905283101259 0.308329954720674 0.10224498151079 0.0986124760322059
0.0187792613601723 0.345750729292736 0.0571909059726084 0.0891675046583267
-0.0957573674142881 0.326288258788409 0.0403929625374649 0.0652760026791329
-0.245251544729658 0.233601724510358 0.0145546255477492 0.0654378472202833
-0.363304817069186 0.0606621248863002 0.0647296472665883 -0.00415588931761631
-0.394199243928376 -0.0287965231953579 0.242011299628963 -0.0231425470116812
-0.26344772394006 -0.0399623756172323 0.249477337003587 0.264962596776708
-0.276130943615481 0.02112235149556 0.241422659245031 0.0895315183804339
-0.200371741403868 0.124988715676308 0.0526211437388816 0.0111678034198765
-0.124844786149557 0.181877067941153 -0.0497349151636265 0.0654104301037265
-0.0501077808783106 0.229808541439932 -0.0382308703818944 0.191543084217884
0.0518293143364155 0.228647310653157 0.0774479124451907 0.262174111925201
0.119200311656497 0.201656609883701 0.174670977163167 0.247462331191552
0.121196872281678 0.194909053375838 0.203489240510596 0.204733662233915
0.110371219196454 0.192228762080927 0.19003364813833 0.195079987125385
0.0711228036288449 0.221306775903955 0.135046872700492 0.172983023556277
-0.0189684484003129 0.223049100321817 0.0591117819227082 0.145749067779737
-0.0859310972499044 0.172685898237163 0.0294536511543826 0.0748139599290202
-0.134858450086819 0.122127079650964 0.0310012187300664 0.0471404830156186
-0.21305696395253 0.0498779906933664 0.119500969087435 -0.00879539933123314
-0.267145272091768 0.0143073936541741 0.342518260897547 0.0106049687110173
-0.118286025507347 0.0314554884318094 0.353424974059028 0.286485506005827
-0.0799686253320645 0.0587911360448445 0.314791264819739 0.0867286940242914
-0.0241396737712885 0.0605872020491533 0.108652441339995 0.0095293149242242
-0.0233182322709694 0.0293759598277106 -0.023148417389182 0.0505143096257946
-0.0250579364905649 0.067018665207069 -0.024179948933927 0.207665204778909
0.0140403602616396 0.0822783096884803 0.100769975710655 0.29798128333603
0.0400455742161647 0.0898975783110046 0.206904289358737 0.294278383509577
0.041308679798784 0.0966041445090881 0.233865965783487 0.25685881121204
0.0334398302001453 0.103132733491022 0.210107343471501 0.24802280336666
0.00675962100643265 0.102884756192025 0.136766060589893 0.226504835256983
-0.0341254688045572 0.0775392912195345 0.0410203937965608 0.182310928645104
-0.0440278799949185 0.0221304768481064 0.00761657206130061 0.0726346454269384
-0.0066069781201713 0.0316394129759619 0.03959695289604 0.0260823937662003
-0.0513456725097392 0.057895306392071 0.151238315775841 -0.00483147055886475
-0.11669792151872 0.06107497803313 0.393901183864481 0.0379749054678605
-0.0440082842830728 -0.0766676575700169 -0.404058675492373 -0.0628102684255629
-0.0996112134689307 -0.0753669810326429 -0.235042546907532 0.0335936867334677
-0.105752756264261 0.0300957359739083 -0.0720033935089912 -0.000873428862246675
-0.0303582255328906 0.0943780310902268 0.0194539005587062 -0.0239036749079574
0.0176600545934795 0.0633779989895005 0.0131970114075817 -0.16411966952397
0.0289457736354079 0.0433379545323797 -0.0948749854796656 -0.244691953971041
0.0393372254833273 0.0159511751273479 -0.19230607982872 -0.267972092435775
0.0439143782670185 0.0147745784689801 -0.230177955676642 -0.265762823089532
0.0538356864062897 0.0180665837346824 -0.215763856003735 -0.278614273699822
0.0563972702578906 0.0601008584458631 -0.143648460473333 -0.274751906292514
0.0202323969262885 0.0963786719108744 -0.0362108210107084 -0.215640672845938
-0.0397960858756203 0.12324123721498 -0.0174908929828371 -0.0618497754184593
-0.13793630411947 0.041688227488964 -0.120846083642831 -0.00682285924971624
-0.119580905043024 -0.0853725341593341 -0.262117940295569 -0.0847464848437156
-0.0581846513267631 -0.0976058684281555 -0.361067606351124 -0.264057383295498
-0.168364675476966 -0.117729293176168 -0.378823265617946 -0.0617713067619452
-0.225611392016939 -0.101828236065915 -0.23135250006926 0.00614442660370513
-0.210863155778329 0.0541459496222254 -0.099918327343833 -0.00429889341516125
-0.114818436482366 0.179875093335165 0.0072198714272319 -0.000165106228389984
-0.0147963546991269 0.187755208866842 0.0241740241508415 -0.138713497461544
0.0585099800109669 0.171267149940661 -0.0643766765876594 -0.220719776041124
0.11260654278913 0.127371537110789 -0.152715174237006 -0.244236568283371
0.124984120515118 0.124799352566818 -0.189821509361433 -0.237208448932163
0.133762290305412 0.122844733455279 -0.183945647845249 -0.236447044743256
0.120832449674233 0.191537969705381 -0.135951513311467 -0.233210804335783
0.0304780838320501 0.246400824081817 -0.0460965557159493 -0.180661345224349
-0.0800123146571782 0.273713900334025 -0.0220026151477486 -0.0321701110919652
-0.260261854442395 0.155777162206901 -0.1284852936398 0.0329965818046642
-0.305832675123609 -0.0582945661098447 -0.25130522662104 -0.0460623954837403
-0.242260917966176 -0.12759931917532 -0.311788570229465 -0.219357829213896
-0.27342245559202 -0.153847474125061 -0.308095149803088 -0.0269363624496108
-0.340124370796548 -0.125532351149559 -0.192548052133154 -0.00654603737373743
-0.310781994131292 0.0693106392543208 -0.116218217727478 -0.0152776024936663
-0.201733749158539 0.250817327344566 -0.0194237383037511 0.0144481948358928
-0.0569260861536401 0.30052985407692 0.0137767871842454 -0.093106571625972
0.0731509068451344 0.286078505978271 -0.0372097655330571 -0.156812920325256
0.165820688837049 0.224694101696725 -0.0948869700775525 -0.178130505693565
0.186414652396174 0.213119888152809 -0.120923666734343 -0.172887644400271
0.195367883050792 0.201493170442121 -0.118678723776972 -0.164002905370864
0.178431879591359 0.286885739324383 -0.0980378928539798 -0.162865368573612
0.0555924991331314 0.360715308812177 -0.036710947555191 -0.124470723109852
-0.087601045118068 0.396544689519264 -0.0111106150957646 -0.0029090453766452
-0.330585927720841 0.265578546346209 -0.104485716973913 0.0658305999830205
-0.438428499087034 -0.0034070878173794 -0.196371126269198 -0.0100326385905544
-0.384797044419258 -0.122431691242971 -0.202576278092575 -0.165045155253348
-0.348453888657771 -0.167415257867977 -0.194687516701515 0.0395653965693846
-0.42986030306648 -0.125141711031811 -0.110766162591556 0.00394805607373893
-0.389674891018317 0.0969894835547696 -0.105495303522286 -0.024018910180337
-0.265029052588027 0.30983319820088 -0.0480491929277249 0.0255262727392442
-0.0875363277456706 0.383618205178342 -0.0104553693415238 -0.0256760773641854
0.0804619360420911 0.364892182480462 -0.0125738983266706 -0.0574498530949826
0.196546669562382 0.290217288199752 -0.025362667301851 -0.0785428116805393
0.219315051834092 0.268172137610632 -0.0345605226027011 -0.0835557416081431
0.22636137390696 0.249567311347642 -0.0323819401250316 -0.0744347170592458
0.207732932634769 0.336974768146331 -0.0336385403776497 -0.0786311314317345
0.0729851418383401 0.420728851006632 -0.00727359713360304 -0.0554542383863065
-0.0815409072709313 0.453318589104252 0.0111049329419503 0.023215026131208
-0.345087820386294 0.329063899672698 -0.0605985731246194 0.0795679403330049
-0.490263930667129 0.0488916982961325 -0.109835105999798 0.00759713881966191
-0.461033293182196 -0.095221824508414 -0.0577904854983602 -0.112485717605086
-0.376398049126501 -0.153222369461118 -0.0508890439653988 0.123113248912126
-0.463324980424065 -0.0942232029525949 0.00486384520464555 0.0332597745663839
-0.407941071817562 0.127608683620285 -0.0672723592959558 -0.0209119921239938
-0.27595054119963 0.333135452091882 -0.0670713623917581 0.0403714861994474
-0.0939598897701326 0.408074484980598 -0.0346106013829682 0.0572765575030341
0.0814414235904761 0.384473048434484 0.0147337958108332 0.0624649232259132
0.200197112612963 0.307515972177392 0.04842093414688 0.0393510117530691
0.217641204350519 0.282242850899278 0.0555367643540074 0.0182152497355529
0.219816355072584 0.262214758903683 0.0586934498210189 0.021069264013867
0.194948033544587 0.340941647050467 0.0400777615963402 0.0104628985086896
0.0624381433574989 0.411849188342087 0.0308884993421297 0.0174680929286994
-0.0789793582804114 0.427022598059016 0.0326362737794964 0.0446542023647989
-0.308428048929027 0.316142538510756 -0.0140172667777814 0.0760909403158447
-0.458356032562869 0.0726089616942587 -0.0142860139392112 0.00594841517291253
-0.456512162062745 -0.0606081801639563 0.0966667255295025 -0.0671183883005151
-0.347285238237767 -0.104148360307834 0.105504078863942 0.203340045189449
-0.410470195152708 -0.0358341438328758 0.129876421403858 0.0650320443748215
-0.338821368649304 0.143767155791879 -0.0113221635602159 -0.00498379348952006
-0.218108317198333 0.289392294956442 -0.0678718685189239 0.0584211916428253
-0.0743666226941137 0.351454233142295 -0.0446259152330788 0.137282719395761
0.0761246874429048 0.332863150342092 0.0469523091972567 0.175852984071553
0.174740256381057 0.272727958400964 0.119200097778965 0.151548724077912
0.185580358939628 0.253844922752565 0.137867800121911 0.116809792898043
0.17892643853392 0.240896751784598 0.137310740633106 0.110611149944836
0.144268715479931 0.298329258778551 0.102300367391016 0.0939921074871478
0.0269658345373181 0.338090688713268 0.0576240851743035 0.0855240664627971
-0.086314447540138 0.318972816140004 0.0405711301465838 0.0626696309103559
-0.234425412578345 0.231568532652202 0.0185177764261355 0.0633353710171374
-0.353792415211463 0.0651032436107057 0.0647384491087897 -0.00296277292896897
-0.381398718866847 -0.0225525779202963 0.233239038794294 -0.0299314964727583
-0.255111600476082 -0.035143862930072 0.245851061428878 0.257577064492058
-0.26853831439556 0.0240377450051096 0.236420248815992 0.0840240706128197
-0.192043442341382 0.122531319791393 0.050510726403124 0.0097658210422122
-0.119447532956258 0.178713577976228 -0.0488372647725689 0.0654036611012562
-0.0442970738395743 0.225385028880468 -0.0377408097919585 0.190512067590863
0.0551361841200904 0.221229124411682 0.0806135324952773 0.255905360893981
0.120581828084745 0.193015213192557 0.175904670785286 0.237163891828907
0.124388655565655 0.187593694079058 0.200617933180377 0.196784428715686
0.113483766356258 0.18541534678769 0.190099957927315 0.185315188883025
0.0748545883412606 0.214920440230579 0.135882248614676 0.164591515494598
-0.0131216171378551 0.217588156043258 0.0616742498867793 0.140309323632533
-0.0808753529030742 0.168612211891996 0.0297600395988606 0.0723539694288998
-0.128025843103995 0.119668441956105 0.0330676415536356 0.0462302298095476
-0.206474232445075 0.0522435567711932 0.117454364697834 -0.00935793403733285
-0.257371392729709 0.017510833997999 0.331193003254878 0.00140560546347858
-0.112874285127243 0.0332004137680388 0.34677017505834 0.275492051685845
-0.0756438352971719 0.0578576201240524 0.308811561751149 0.0790963361753684
-0.0206282298802373 0.0570486320487598 0.105906113486166 0.00754300106552876
-0.0236990484150086 0.0278819736249244 -0.0236823141806862 0.0503716356213948
-0.023748244970887 0.0658158293499458 -0.0226000447258952 0.205442055303251
0.0152390435582323 0.0791502564712014 0.104495804360202 0.289784937442205
0.0410761297744706 0.0864761986030589 0.208342811300113 0.281917507773589
0.0434675208291959 0.0928885371625372 0.231767216520324 0.246955262080115
0.0366176529148478 0.100049955445567 0.20941846523541 0.236807276778175
0.00877831531326394 0.100736473422335 0.139307486789527 0.216543619026638
-0.0324049248603054 0.0751997239372359 0.0453487989611948 0.175894038080231
-0.0437312473248161 0.0199131800665765 0.00871829770567525 0.070191713356912
-0.00429249727831098 0.0280800924813185 0.0397048602718879 0.0261832862962628
-0.0474334915184582 0.0571655202274119 0.148018197389707 -0.00626493174647422
-0.110353718264584 0.0615907712389542 0.382108234853144 0.0273017081155655
-0.0447134164822555 -0.0753547362951161 -0.398549440828256 -0.0557979034667621
-0.1014708046501 -0.0713356683755389 -0.231354893924082 0.0371823441536113
-0.103621185323706 0.0335858284867308 -0.0736287303010669 0.000784466585259011
-0.0260285509028899 0.0946741768145264 0.0183662890129266 -0.0224205491464289
0.0196730103452297 0.0626873335261799 0.00964124039627452 -0.161168152800923
0.0303808764689357 0.0426469288492641 -0.099169965727265 -0.237368635862735
0.0390939096846347 0.0148193109544961 -0.194997117678209 -0.258396631175605
0.0426647653692057 0.0143390781560659 -0.230518531959605 -0.258547030224066
0.0518608834093673 0.0170954177965548 -0.217569397948478 -0.272532848340898
0.0573276953690321 0.0571485653244272 -0.148679735067494 -0.269231534284236
0.0232266744466634 0.0956972269588914 -0.0394800964223407 -0.213641168844077
-0.0360666065313352 0.123886060312707 -0.0158257365545748 -0.0617776284957633
-0.136946397371663 0.0445810475298961 -0.116890721399086 -0.00681320583503814
-0.121545281615702 -0.0827539646945484 -0.259169775165077 -0.0789089802715296
-0.0606577792574193 -0.0958479188236221 -0.359646499936842 -0.255338188840424
-0.166798510050761 -0.115896835916023 -0.374707241161569 -0.053846950758456
-0.22653260508468 -0.0970068730010787 -0.228923354506151 0.0106922330021008
-0.206712173116969 0.0564485635898681 -0.10165041986019 -0.00236388402297783
-0.108020658529765 0.179741701234762 0.00678707425770724 0.00107195732145172
-0.00934144181711774 0.186018315731084 0.0205017960149586 -0.135549277331628
0.0616698517027116 0.166951115094824 -0.0686815612675863 -0.213633859926067
0.11360052511173 0.122345204985375 -0.155020625182736 -0.237271931756252
0.124991598972289 0.120233425941013 -0.191657035265673 -0.230505111146952
0.132988591574533 0.11868195617246 -0.185753578845237 -0.231774466986787
0.123810050999002 0.185848284570366 -0.139874293407357 -0.227421150775596
0.0363492076233144 0.243389197886974 -0.0489081453029684 -0.178450995626475
-0.0734536965531299 0.272666115657927 -0.0206805101095528 -0.0325242736815829
-0.255580391099603 0.16007621920576 -0.12319940965747 0.0326882798409107
-0.305681882136607 -0.0536721111201573 -0.246941952304756 -0.0408162194418192
-0.241588653842734 -0.122401181567989 -0.309248563164453 -0.214165034699043
-0.269630168197833 -0.150430472252962 -0.304772492899452 -0.0198717851699615
-0.339674415910842 -0.119482314244464 -0.191139743262907 -0.00271486485001284
-0.304946329215204 0.071612725876599 -0.118128847991897 -0.0138458985994638
-0.193084198346242 0.25029439711628 -0.0197819529058965 0.0159424161618052
-0.0489062555117869 0.297302122697474 0.00955710379982939 -0.0899652894673532
0.0782501987178539 0.2799295300271 -0.0400637005548117 -0.151661032265183
0.167919059291949 0.217503020222488 -0.0966892522315744 -0.173756265394373
0.188437013025767 0.206050720548474 -0.122783963557457 -0.167920065339573
0.196844927679441 0.195637399631218 -0.11996768173817 -0.161192223629533
0.181640868160897 0.278673820070024 -0.101200822952739 -0.159001701296098
0.0631765211164887 0.356869744011305 -0.0390208656701138 -0.123475394389592
-0.0782159022184938 0.39212770191837 -0.00959586908598106 -0.00375577415816058
-0.32236328195246 0.269710518938802 -0.0987002070481657 0.0646038642715543
-0.434329413175373 0.00444138830554026 -0.192826281450746 -0.0057029821507893
-0.381111140505868 -0.115816488202673 -0.202862014024695 -0.161637277804147
-0.341577013790272 -0.163428016452427 -0.192267085735204 0.0435357768484353
-0.428023936515092 -0.118929592815031 -0.110203911018169 0.00681899267463063
-0.38285427225669 0.0980201282078211 -0.107857286770229 -0.0219569208307617
-0.255144122188509 0.310907140000426 -0.0481906551686072 0.0268878775198835
-0.0783069379187671 0.380236575875541 -0.0150810460546972 -0.0226098522714254
0.0866529162253685 0.357439955829644 -0.0138345281320956 -0.0536843790638784
0.198854227986119 0.280845237244383 -0.0263999433726731 -0.0768789844389636
0.222302705179752 0.260781622771852 -0.0364149525540534 -0.0811027652065054
0.227665297645591 0.241992360187904 -0.0330825495621404 -0.07416946826904
0.211131438376807 0.328024114360187 -0.0365137730101894 -0.0761897415297709
0.081356195560305 0.4153931545821 -0.00857447537114067 -0.0552492056330764
-0.0723181995386405 0.449536752050518 0.0122693019829741 0.0216943559651192
-0.335583309818968 0.3319966869066 -0.0544788091728666 0.0773508632742254
-0.485888110674807 0.0546040950728263 -0.10603086682106 0.010753519648851
-0.454504331022508 -0.0902029704368945 -0.0602840770446268 -0.111703861896319
-0.371566854244516 -0.149224804372166 -0.0491855203177832 0.124963887794423
-0.45971814676663 -0.0892841256185217 0.00441457586654706 0.0341663814222833
-0.401589297565564 0.128513674196885 -0.069572432233921 -0.019930873738981
-0.265051866330988 0.331103680052031 -0.0671958208551558 0.0422435633101817
-0.0850151163062694 0.404002754992913 -0.0379129594821041 0.0605192585492832
0.0885255782944638 0.377614226887266 0.0155522520653461 0.063869245344724
0.202734067593653 0.29901401255853 0.0488055759661672 0.0373170529241218
0.221617813715025 0.274660334185613 0.0540537572899761 0.0183721736187163
0.223174770977056 0.2553045805336 0.0584377706161346 0.0182977543267906
0.200102830339948 0.333531779302133 0.0387926073219955 0.0097331892265457
0.0712767336735064 0.405980561437074 0.0305611710746833 0.0164545939399332
-0.07132695990456 0.422226530932125 0.0331281542767542 0.0432241348117554
-0.30063419786145 0.316879830175275 -0.00903421393676933 0.0744893612454734
-0.453192965037947 0.0767508963907832 -0.0118913161780445 0.00867723156008763
-0.448980732747984 -0.0533294889763322 0.0917099610935589 -0.0697106857829843
-0.339877139900351 -0.101039572938754 0.105481816350435 0.201736231647328
-0.405701881662864 -0.0310272202753706 0.128496184108514 0.0633395078242575
-0.331119134076493 0.142584230741156 -0.01305693763882 -0.00473867365206609
-0.210296468834845 0.288965622887357 -0.0677476409994823 0.060021302032708
-0.0663633049212108 0.347803911088984 -0.0463596680888516 0.140017420695265
0.0814278687726428 0.326341387459332 0.0501417474718428 0.174937955632044
0.177285590703372 0.265238417382554 0.12071573965739 0.146404560846677
0.188795921087201 0.245027062545209 0.137048642995625 0.114254439734334
0.182716603212257 0.234888960490873 0.137284953274292 0.105581174393265
0.148930025809307 0.291940220373723 0.101774201676524 0.090082894667045
0.0342711967481287 0.333924309315428 0.0588052258129009 0.0828026625479218
-0.0791811179330095 0.315088261436036 0.0404647215923648 0.0604552630374504
-0.225780484620139 0.231504185559867 0.0217056636057322 0.0622554849931107
-0.348330927334433 0.0679902485454388 0.065240690858344 -0.00261589040179205
-0.374526822912289 -0.017205800565178 0.227339528050776 -0.0349025344391549
-0.249310907522822 -0.0314220608174383 0.245213302795247 0.253334763131649
-0.264345832315222 0.0260606068840362 0.233488195597728 0.0794863756295253
-0.186238548376103 0.120646131630004 0.0488055118200899 0.00894778876983911
-0.115047672312084 0.176792220197039 -0.0491672371466079 0.0661173647352896
-0.0405557010047707 0.222594552130442 -0.0373537120633395 0.192091115332346
0.0576635053364897 0.215967890329528 0.0838453372630235 0.253074657763216
0.122122399668105 0.187332160162358 0.178462412262375 0.230233075018172
0.127197048458371 0.181091756744106 0.198744910263814 0.191770294002017
0.116845453517911 0.18020035483614 0.190384226164065 0.178447730093557
0.0784592532596345 0.210818137641772 0.137305194927919 0.158675350158357
-0.00818268709007204 0.213952709473282 0.0638380817614712 0.137468773092151
-0.0776534829430856 0.165838191951259 0.0298544668419553 0.0696570671578978
-0.122798489311201 0.118106694294511 0.034979951758469 0.0459122624949697
-0.201429231309264 0.0537751800679159 0.116639717747658 -0.00961725930684127
-0.250745699502841 0.0206430256898196 0.324107828145234 -0.00605802316776313
-0.109184240066201 0.0350880690896251 0.345802208554176 0.269124609789737
-0.0729202813270012 0.0568958968125277 0.304890431693142 0.0740036982018209
-0.0185649056448602 0.0542627398291537 0.104036682643562 0.0056559175924784
-0.02430851261841 0.0270747922660269 -0.0248652807984935 0.0505575568826687
-0.02270337765854 0.0653168788826996 -0.0210310223817844 0.205510077273922
0.0158864458844044 0.0772130961484079 0.109843389047626 0.285768778345559
0.0422487720530909 0.0841515074905702 0.211083602190395 0.273586324964449
0.0458820149901216 0.0906309245175174 0.231932960166261 0.240107945539466
0.0390854661589056 0.0974388538871608 0.21033859706138 0.228659209278351
0.0115152008910208 0.0998719815856028 0.142600503100445 0.208807680789088
-0.0316836777324248 0.0737503161947108 0.0492155255461133 0.171711248466246
-0.0443086118867093 0.0186841960317274 0.0096109834147242 0.0679483287137586
-0.00203969052682813 0.0253396828558512 0.0403704745687545 0.0266307609646281
-0.0440962843356124 0.0568035155296158 0.146168170971293 -0.00799652919834696
-0.105385741023575 0.0614361806264149 0.373791496873429 0.0184553743174992
-0.023691799844298 -0.0850005038733133 -0.37928566179891 -0.128627842814965
-0.0838789911230075 -0.0875247743482779 -0.228300201604155 -0.00903397371910861
-0.104706055370161 0.014214774290185 -0.073610810888541 -0.0170565229822795
-0.0400162439759588 0.0857212265941128 0.0194473850364101 -0.0170090242860588
0.00973249945768215 0.0656918115512184 0.0380517287587606 -0.154856429854293
0.023148170736218 0.0495513440717116 -0.0537517897069279 -0.248596899709295
0.0337311139155879 0.0231451949927997 -0.139028935773073 -0.290686371960129
0.0386841075441553 0.0226677304410565 -0.171400328136173 -0.295182226536506
0.0464220254834051 0.027844207641183 -0.157161269491269 -0.306896973501141
0.0432896330897593 0.0669350600807526 -0.0892312296730084 -0.287687758223805
0.00381366573095778 0.0986605283635414 0.00459445818533767 -0.212387546725376
-0.0605963319755088 0.111988191309399 -0.00136539302879237 -0.0596925542087056
-0.145530690588212 0.0150529519910177 -0.115408195330172 -0.0293093675520625
-0.103787587977212 -0.105142966686765 -0.240387761340566 -0.13350925861629
-0.0394219284409332 -0.105602788630325 -0.302407804336387 -0.333252598821929
-0.13018423179954 -0.147297196207774 -0.357948514135531 -0.122634239570023
-0.197193829373892 -0.134719869224314 -0.22027433922305 -0.0388216383848713
-0.206640958876304 0.0147755982872924 -0.101302676636677 -0.0288109868219218
-0.131832392147938 0.149641055288203 0.00205327521129884 0.00165882117460421
-0.0417443019638541 0.177220333154608 0.0425049068687138 -0.13007616302391
0.0290506843513101 0.174306926683993 -0.0303016480037512 -0.22130328979242
0.0860360761125776 0.139492258195368 -0.105545286346373 -0.26053239536607
0.0993315573227465 0.142556211643899 -0.138768037634002 -0.260690760106166
0.104459589324221 0.142234408518878 -0.134417473627721 -0.260792877961711
0.0820983528579104 0.203417626958851 -0.089868892281111 -0.244199999755879
-0.0137811253065377 0.244329224832052 -0.0113341105360141 -0.175031746834663
-0.126653662936254 0.245339179866741 -0.0132835528569247 -0.0270887937822858
-0.285295932068299 0.100598793270622 -0.13220045314654 0.0117898023166585
-0.288872519807249 -0.116027778252009 -0.238056508675208 -0.09428569342721
-0.208061074856891 -0.170336091451545 -0.263327065262283 -0.281226067648023
-0.220843562864673 -0.200365456174001 -0.296240932246653 -0.0788248526316291
-0.299693167588092 -0.17662050227412 -0.179092500027213 -0.0487551073992132
-0.30306774683432 0.00882045238177625 -0.115480616496926 -0.0455710537828594
-0.226285616839779 0.199391781452995 -0.0277880313167399 0.00920843033858024
-0.101282591071297 0.276161154217365 0.0230667536936963 -0.0881511411133462
0.0237535286817451 0.284064368425733 -0.0168926724496715 -0.156024256323511
0.121417741974595 0.240451416419097 -0.0615598119338982 -0.186397898673591
0.144798602732399 0.238564826800046 -0.0850985372353777 -0.187075950497707
0.149512086457408 0.229978721384132 -0.0851664750154485 -0.178769371788677
0.119463342079034 0.304498694148417 -0.0661619745109076 -0.168063924670986
-0.0119791988855282 0.358714752329211 -0.0121786054017051 -0.115749400115042
-0.158352807707531 0.357756139216833 -0.00870055407872811 0.00668895146506122
-0.374429224259504 0.191933209580674 -0.116116393323821 0.0513857033992035
-0.425956622025517 -0.0895977693179955 -0.193324858010866 -0.0486579703312371
-0.345505374420857 -0.193735314354059 -0.169991865221402 -0.20695043184215
-0.289555319785273 -0.227769662374299 -0.199656528002779 0.00500297800251963
-0.385547807451529 -0.191253840876386 -0.102137637482383 -0.0272639712005784
-0.382343831106247 0.0195298888715728 -0.103985221558925 -0.0547759797969691
-0.295820644720311 0.24287890930058 -0.059408671229428 0.0136660514948865
-0.145650195007181 0.347888673292283 -0.0127710405150268 -0.0284048774132487
0.0164536896506691 0.359871454301744 -0.011247985949397 -0.0571042808733588
0.140180221069057 0.306685668105194 -0.0117083878437771 -0.0776505851740675
0.167564262206179 0.297424608830873 -0.0200916631772202 -0.0854629717375222
0.17130111512492 0.281641615754506 -0.0185547900063057 -0.0775442527984954
0.139469413855074 0.358912309636714 -0.0199114505889608 -0.0739104589355818
-0.00515160772743301 0.418577051633694 0.00438376243336542 -0.0420688166775065
-0.163183899858877 0.413928123675722 0.00690853062949475 0.0370066288212026
-0.401415126137598 0.249728622089915 -0.0753430984343284 0.0751537170252323
-0.485857051998723 -0.0495200611319284 -0.111316420050216 -0.0146721931454428
-0.420241531823526 -0.183867575744048 -0.0393369210997693 -0.125971641674313
-0.320069663174157 -0.217045255128146 -0.0757311841502124 0.111870970361479
-0.424011500893976 -0.166940456290402 0.0035892546661451 0.0189456441189893
-0.406181257829653 0.0443841789302338 -0.0680332759890566 -0.0453533017445116
-0.30889443092392 0.259751908944475 -0.0816386896007226 0.0236644971565816
-0.156363501311259 0.369119887840565 -0.0509918692293305 0.0476275664099067
0.0124510209001396 0.378209958995838 -0.00563042221554175 0.0637876281822861
0.139730591326434 0.324921891482856 0.0388802630499391 0.0491910461945587
0.16504752602739 0.310976265921671 0.0475285230492873 0.0286138450159876
0.163808465467688 0.292403533004485 0.0522579335477357 0.0300641725048611
0.126872900065652 0.360382526616277 0.0352422729022818 0.0236820042133927
-0.0119423273156258 0.408853098279779 0.0278790094466211 0.035399837102873
-0.157178979815559 0.385854058845935 0.0224234699548835 0.0613288405795543
-0.362511447172674 0.242144479646453 -0.0290629101144924 0.0806954869231693
-0.456728541280595 -0.0213733792263619 -0.0175877113362695 0.0019413868636495
-0.423427790480349 -0.147619884917738 0.103404642976874 -0.050560523071594
-0.304214401333522 -0.164182624291747 0.0605995606695773 0.215817045925188
-0.382910760128688 -0.102357797419278 0.116423741967996 0.07155647145774
-0.342412668941404 0.0719742970141254 -0.0165625643386093 -0.0188956439171609
-0.249585973753344 0.229573714090811 -0.0843468923759628 0.0419333312920246
-0.130861052013725 0.318280674348965 -0.0739111604797849 0.12399668632096
0.0148939202630375 0.326256383452809 0.0075955968492556 0.178728541516109
0.122534200442163 0.286918118155683 0.0874097511963416 0.169960195541225
0.139007296833287 0.275669901631134 0.108314451071964 0.137840978111246
0.129520739899693 0.263622893024 0.110729759889862 0.1305720443291
0.0876049708116783 0.310273013781638 0.0793812547591122 0.112447311573013
-0.0339575231345063 0.329309596592335 0.0415805261493545 0.102504560949629
-0.142109489812503 0.281556773993544 0.0251935240334574 0.0767539483266241
-0.270278684968747 0.174399312293096 0.0052929827340912 0.0731639270733872
-0.35258791891687 -0.00938419907638737 0.0619390043262077 0.00891553022023609
-0.35762660115212 -0.0965492398421235 0.230805595868175 0.0132384045742886
-0.232953533326978 -0.0785950268770639 0.187321328420913 0.293682690607817
-0.25918595755136 -0.0212081900579829 0.213620029091742 0.111183405323162
-0.199801931409421 0.0779399836024138 0.0412212169315423 0.0109919584302641
-0.141095724915737 0.142612322390422 -0.0648706354819523 0.0527639372803101
-0.0810738011983952 0.202845678929578 -0.0747056120192019 0.178153788301847
0.0130435500222414 0.216027982929932 0.029112568859061 0.262203126034905
0.0840566426194146 0.200803080240088 0.127372091451561 0.261726966776425
0.0906870570503218 0.200891445256182 0.154063009015104 0.225579480958823
0.0773253428920271 0.196939662356986 0.148054522905793 0.211029015961728
0.0349084656110941 0.218116908692968 0.100143014642479 0.182749047201735
-0.0522417572885475 0.204185515460115 0.0361958810217536 0.151698780586371
-0.109280278317721 0.139210661696115 0.0124538292109131 0.0798966244272452
-0.143434896213495 0.0855247906375774 0.0240615726569878 0.0570080716284571
-0.204945292562791 0.00813151968947492 0.115223104126248 0.0130249767415627
-0.245525179107799 -0.0344720402819396 0.321132856373384 0.0627494284970851
-0.114829566079134 0.0136387619132079 0.283336183995739 0.327969759643769
-0.0827508342977276 0.0430479552191282 0.281291476545967 0.12484131184321
-0.0277333998132263 0.0471603213251296 0.096829526359845 0.0245094461992501
-0.0294578944512766 0.0192544024318379 -0.035299875224694 0.0444714437197954
-0.0355119168098735 0.0551889956930483 -0.0604382984075875 0.197369068718096
-0.0012036065209069 0.0739090964928979 0.0501992530894187 0.299501813873221
0.025950960674531 0.0870468063460995 0.151482967399107 0.309781099440125
0.0280029388886438 0.0958986866067639 0.175204127111263 0.278835580873409
0.0192691807546122 0.101265362715593 0.157838677178018 0.263030904875368
-0.00776873203888573 0.0978539693494887 0.0952431031649787 0.228997527929024
-0.0463451236037638 0.0640668365513983 0.014199649572969 0.176351198145878
-0.0469045720433491 0.00654833855138431 -0.00637552466489551 0.0683038085265237
-0.00539751948333539 0.0214227351349519 0.0353184097603945 0.0365711206535042
-0.0516939328367614 0.0440538429101299 0.14533096443059 0.0220525317865869
-0.113715899655144 0.0364979208332166 0.366654853049532 0.0978427900979641
-0.0247811859494941 -0.0838284752871745 -0.373226542190208 -0.119563846864402
-0.0855358999871023 -0.0835906573379948 -0.224973909947964 -0.00363221630852649
-0.101740410660178 0.0175637610765195 -0.0762658774767464 -0.0151121964274477
-0.0347346729638996 0.0857361150342917 0.017733379804734 -0.0152778516370075
0.0118276336763639 0.0642030662509287 0.0332559076281662 -0.151737871916108
0.0253483662185679 0.0480659689886948 -0.0580356338434465 -0.241585036107833
0.0332719929882687 0.02250776471283 -0.14326220347686 -0.280496885105888
0.037113823552425 0.0215272027075313 -0.173807975726405 -0.288104063140059
0.0451109259187768 0.0265776385316629 -0.161474590161312 -0.299507455924723
0.0445721994051984 0.0638949822891382 -0.0955937808166269 -0.28115696497477
0.00670542576375598 0.098100797354666 -0.000401600173365207 -0.210540360148029
-0.05578018423284 0.112520878965339 -0.000749246110071625 -0.0594194594794304
-0.144008106267944 0.0190230728750038 -0.112224375142339 -0.0285265119336034
-0.106421236196628 -0.101669144304271 -0.237101232480021 -0.126481560489105
-0.0414686575120676 -0.102104476814485 -0.302436278001177 -0.322962108190029
-0.129395174110549 -0.143564620689339 -0.351424192344382 -0.113455745145651
-0.198212571099224 -0.128466657571697 -0.21674836650029 -0.033727133485105
-0.202220637634003 0.018859029248249 -0.103768421075527 -0.0263443497327223
-0.124563169868214 0.149602125682343 0.00109546986503745 0.00363529105816609
-0.0354501262924746 0.174579847047385 0.0373064594924254 -0.125978422378856
0.033642205866634 0.169889555830844 -0.034885763453038 -0.214682531804389
0.0872730499673385 0.13511078519389 -0.109501864755512 -0.25225920286585
0.100131514786971 0.137684214461558 -0.142156222640182 -0.253983947587765
0.10471768948016 0.138183845753176 -0.137999935410166 -0.255035725853281
0.085311226046706 0.197436318388524 -0.0948300621692937 -0.236986698296426
-0.00730738901882543 0.241390282885275 -0.0151306476813083 -0.173912533440246
-0.119112774773284 0.244601415822253 -0.0120214066459522 -0.0269961032828146
-0.279675311688152 0.105629368406488 -0.127618311672512 0.0126039705990615
-0.289181335482356 -0.109042561468892 -0.234430840817055 -0.0879732849297789
-0.207255142537678 -0.163240415218467 -0.264398077559556 -0.273905499817218
-0.21854861816778 -0.194522172015483 -0.291518993648597 -0.0698598909597261
-0.29954557554666 -0.167979261582509 -0.177642941158978 -0.0439151795303927
-0.296927375448511 0.0130346317822983 -0.118056796225964 -0.043140250815707
-0.216061046282224 0.199860499001796 -0.0286794315869115 0.0120135245223568
-0.0920569360303573 0.272845731127101 0.0182290443811447 -0.0848936246266448
0.0303456536801064 0.278584211159007 -0.0198456977705213 -0.150514815473244
0.123864299094566 0.233738729249783 -0.063874156727925 -0.181345367336057
0.147388146871838 0.231323707930076 -0.0879711586999483 -0.18259114549732
0.151717094180875 0.223406570292963 -0.0879535968953264 -0.175919430060404
0.124452583140794 0.295851127451751 -0.0700757943117624 -0.163043956037717
-0.00202676382078732 0.355384981352204 -0.0146348108070647 -0.114369287244664
-0.147135596229542 0.355509274404777 -0.00698040846094018 0.00563824489804663
-0.364950005017479 0.196641882959679 -0.110439524783515 0.0515521085610895
-0.42380432270328 -0.0796214204678231 -0.188642775839853 -0.0434741114223163
-0.340302668861622 -0.185553273146284 -0.172483519540626 -0.202045543892349
-0.284692865119 -0.221352209549614 -0.19606166842079 0.0113520257086879
-0.384505928271554 -0.181731930684855 -0.102011438808662 -0.0237933075308657
-0.375460702779208 0.0229980005547106 -0.107687651492714 -0.0521987175184522
-0.284148982789469 0.244875448917949 -0.059161024628293 0.01656296054249
-0.135294459157704 0.345509897492747 -0.017199365427655 -0.0235104986949879
0.0238884855570195 0.354085603943951 -0.0129208210823775 -0.0528044703159443
0.14330881141004 0.297423661967789 -0.013331076479442 -0.0769676954305996
0.171955515038618 0.288353007828489 -0.0221248880806693 -0.0829633384484067
0.173896006490251 0.273265573937464 -0.01982102679276 -0.0772441341912618
0.144307731238614 0.348728858695683 -0.0225303954495387 -0.0715308020418773
0.0054547887601582 0.414311407092588 0.00346048954437626 -0.0420412110097071
-0.151888487895938 0.410418133713259 0.00803971081690228 0.0358097010317535
-0.388812483993373 0.254468432297392 -0.069348354765047 0.0745611768171673
-0.480638790592881 -0.040358473813588 -0.108110745463565 -0.0107678345656965
-0.415166767349057 -0.17517748723847 -0.0428561586797582 -0.124911425392217
-0.315263371913434 -0.210655867160226 -0.0734928120207161 0.114508466443619
-0.420405960349522 -0.157781913419536 0.00290560230696471 0.0193452365411844
-0.398339520312331 0.0476535661261903 -0.0717314770385308 -0.0445782695561589
-0.297666340705927 0.260543228447563 -0.0814512702047582 0.0265564188332526
-0.145277142665476 0.366098085645353 -0.053613706749264 0.0525568859141065
0.0212268248578608 0.372002459873676 -0.00511934039886291 0.0652013725578139
0.143879725466926 0.314634584415217 0.0396260017594606 0.0455631656809056
0.170402377257678 0.300543644625773 0.0462636262870866 0.0281951255124178
0.167277643844398 0.284337900838125 0.0511996221442378 0.0272953788894861
0.132680857459563 0.351215758424921 0.0340221985203525 0.0232119073594169
-0.00330256595832669 0.404466334747654 0.0280313616711111 0.0338108057927816
-0.145806200013691 0.382998735199058 0.0234338827369264 0.0599261024831753
-0.349998573063552 0.245823162825618 -0.0240658910280615 0.079304340213279
-0.451429687593392 -0.0123873745536469 -0.0152481737472144 0.00431218149244295
-0.416300411111031 -0.139446647987978 0.098564448222231 -0.0532454394835383
-0.298191865637358 -0.157111777590552 0.0618264836682406 0.215026172992719
-0.379124283085385 -0.0944405359957094 0.115089919810842 0.0691077353746106
-0.334573373406612 0.0747644946569257 -0.0197165366632248 -0.0196310685719656
-0.242023248230354 0.22821648792598 -0.0838543969186074 0.0436961774138991
-0.120831243622849 0.314082584950827 -0.0745186890421652 0.127730270192069
0.0211450274836266 0.321119184635903 0.0107570479042354 0.178015996717667
0.125471859708182 0.278307606474622 0.0897217207361057 0.163614318492017
0.143386766768892 0.26779554279704 0.108236522592538 0.13494523152974
0.133763351449935 0.255503203733941 0.111699802878951 0.124952070188579
0.0928028241089514 0.303306889330143 0.0798189728789839 0.109111893064764
-0.0253795877131128 0.324720989757102 0.0431240272759181 0.0997075751507611
-0.13395877096673 0.278934868479698 0.0265729510915138 0.074939450941706
-0.260460162151015 0.175249717921055 0.00981611959939208 0.0716812977348909
-0.346831403699714 -0.00207440698132834 0.0621211931166824 0.00958186273592944
-0.349865185320854 -0.0904145887664027 0.223539277202777 0.00694275141477449
-0.227340999616157 -0.0740361339258171 0.188016423572899 0.28904927161054
-0.25579377608938 -0.0166519149850051 0.210879849142408 0.105784511832574
-0.19428876357389 0.0781169675419337 0.0386288097531995 0.008987326929667
-0.136778916805522 0.141688503992173 -0.0649658382761784 0.0539331248346649
-0.0767278833734369 0.200646859619699 -0.073405241992023 0.18049714453732
0.0168085319315209 0.211491694819838 0.0334363785041535 0.25865956843424
0.086430763293511 0.19455721666109 0.130331000459781 0.253103496049333
0.0946996639449468 0.194242511232598 0.154837994246253 0.220310209040272
0.0810483446042489 0.191646788714078 0.14941370107835 0.203286999915596
0.0399363426114753 0.214128121711183 0.102232610325466 0.176563562300343
-0.0461501939634181 0.201731255384388 0.0391345249024161 0.14735177551285
-0.10528304574441 0.137608280768908 0.0137917544532133 0.0778561710688492
-0.137597243226657 0.0847984202474298 0.026807839363263 0.0563061912709134
-0.200721990849698 0.0109476196695789 0.113635620198353 0.0125706776896754
-0.239581570301031 -0.0301221000909043 0.31374820059235 0.0534200183654047
-0.11085479480692 0.0154967401501906 0.282196767854249 0.320719973056926
-0.0804106551045466 0.0435213649769139 0.278098292281701 0.117497871281927
-0.025634021328871 0.044919027546192 0.0950419581176093 0.0214665553264201
-0.0298760440996742 0.0184047477058434 -0.035722698572557 0.0445501676583815
-0.034470554308242 0.055173231733178 -0.0572127536816465 0.196771084299404
-0.000842406220814679 0.0722834075275574 0.0554963929029317 0.294523627970631
0.0277519620895815 0.0845634580162536 0.155614080985384 0.300476455685278
0.0305999467343368 0.0934683365389967 0.177991592622877 0.271444207650606
0.0225185833559915 0.0986817988096275 0.159664189152406 0.254313223697605
-0.004931404837702 0.0963839377818082 0.0983976913612648 0.221347025212877
-0.0450423442464362 0.0628389548808982 0.0188539917345409 0.172244040841323
-0.0480178422857583 0.00574488217489859 -0.00522457400574728 0.0670279259125714
-0.00304423973497645 0.01844638727022 0.0366045352245923 0.0359709823808946
-0.0489827417652884 0.0437187915232927 0.142808082663564 0.0204669218244291
-0.110150135484477 0.0374739141530193 0.359276968962993 0.0879629806195386
-0.025254312072899 -0.0830710833730121 -0.366957574259989 -0.114754078921093
-0.086568370729153 -0.0803798869169617 -0.221235105457363 -0.00103211469294528
-0.0985140542756632 0.0196187432150066 -0.0771783159048762 -0.0128463634746819
-0.0309989963261014 0.0852813306208776 0.0171899542564245 -0.013765663487347
0.0141003199812503 0.0623221130688025 0.0303640516378041 -0.148323635333458
0.0265519024355806 0.0465493518648705 -0.0607284634659253 -0.234929171920868
0.0338848920995187 0.0218773292146956 -0.144483252303644 -0.272426638817082
0.0359674425912229 0.0208140438127445 -0.174174076954506 -0.282259224628507
0.0441991494360761 0.0260056671926712 -0.161965596904753 -0.294035712477145
0.0446684463387056 0.0618064119214616 -0.0972808547880837 -0.275873161600375
0.00942522499396872 0.0973505509926411 -0.00259893369199725 -0.208381452471288
-0.0522896607199651 0.112504235709318 0.000492842744604918 -0.059741558615564
-0.142013464626269 0.0220535056666817 -0.10863399549194 -0.0285089053658859
-0.107253313484003 -0.099150697669152 -0.233230967462254 -0.122989938370443
-0.0410303265696313 -0.0990965683820099 -0.300196909716461 -0.316941438227665
-0.127113608717571 -0.142083968086741 -0.345131795999225 -0.107390082945358
-0.197247520037 -0.123742032571163 -0.214105318882258 -0.0294987073402771
-0.197406980935026 0.0203335959385877 -0.105738994023395 -0.0240157450613467
-0.118403615760773 0.148532031818712 0.000796225984254488 0.00593337651531933
-0.0313558032525511 0.171649829686718 0.0334488546640614 -0.12204550140695
0.0366684293590781 0.166334659529336 -0.0375389368186207 -0.208409163862272
0.0872973382703398 0.131053872581691 -0.110905600836238 -0.245883551907073
0.0998687969155483 0.13410183053206 -0.142537480704189 -0.249544090112748
0.103641865412094 0.134510233127257 -0.13855479868315 -0.250425221258164
0.0863716211812659 0.192547087653546 -0.0969301545210804 -0.232084096273083
-0.00273658271477067 0.23911898824874 -0.0176734048312923 -0.171465158600225
-0.112731675432645 0.242230824523159 -0.0105949079121296 -0.0272934259103137
-0.274299596841851 0.107775832496406 -0.122906015977044 0.0121535894898099
-0.287500052199302 -0.104261518776066 -0.229888510375939 -0.0846843225063708
-0.204054777762837 -0.158433861070088 -0.261720319821138 -0.26865758345251
-0.213896776217693 -0.192142680536663 -0.285828072057072 -0.0646269913469216
-0.299136740334192 -0.163015856445276 -0.175594194325237 -0.040256039726861
-0.291256500775949 0.0143264413259252 -0.120565613890119 -0.0412030896173713
-0.208973085330889 0.197452501732993 -0.0286695881150303 0.0144425605347421
-0.0863749395283499 0.268261096629652 0.0143205082064376 -0.0798894595490143
0.0341970396300772 0.272726708810003 -0.0219654948626873 -0.145664958331851
0.123951558253901 0.227546912436913 -0.064995190745754 -0.177853248830711
0.147887701930692 0.225179833914892 -0.0885468815930916 -0.178370579873865
0.151130529773586 0.218300090656813 -0.0889806197101379 -0.173210668806923
0.126404427415762 0.289431952203745 -0.0718333953117836 -0.158888497004746
0.0032663969901335 0.350896493738271 -0.0161376893005515 -0.113347449122694
-0.138995098123307 0.351146254513367 -0.00547072503720204 0.00557967525837416
-0.357284844693865 0.196685678483658 -0.105241346411068 0.049973071642154
-0.419537036613875 -0.0745435046362799 -0.184265118694724 -0.0400062089124257
-0.335326102316784 -0.179965720832853 -0.172538557726994 -0.198246144802617
-0.278241232534056 -0.218615230782208 -0.191947558084516 0.0148188543927804
-0.381374807171956 -0.17594305091652 -0.100776166412342 -0.0216082396886894
-0.367696922831658 0.0234813564529564 -0.110921476282973 -0.0503023028584772
-0.276400954751163 0.241329959480712 -0.0596102758637822 0.0194884140589117
-0.128639357502214 0.34043098661623 -0.0203833375995084 -0.0188571274329388
0.0273625373669086 0.347660111648009 -0.0129341124487504 -0.0492175168294892
0.143028589600279 0.290094695047504 -0.0136800885619103 -0.076233062575708
0.172654214259532 0.280413352799363 -0.0226818913672946 -0.0808088051693179
0.174303128449669 0.26768230472435 -0.0212948430985228 -0.077135661284596
0.147067363673007 0.341356988259229 -0.0242907649430837 -0.0692543859729786
0.012131419623873 0.408975498678603 0.00230249747298212 -0.0419232437222087
-0.142544565990451 0.405047052962914 0.00948661057346066 0.0346132994225822
-0.379690046667971 0.253247090255514 -0.0647018500498893 0.0729651284734748
-0.475738658907067 -0.0374979428553806 -0.104422061146656 -0.00763221028466749
-0.40671138464418 -0.168683975389805 -0.0449908870047712 -0.124017091413551
-0.307760977773754 -0.207975776518445 -0.070417455857183 0.116187888615714
-0.417462085127413 -0.151649986199308 0.00251073390766937 0.0210345129851401
-0.390899433624548 0.0477868183094662 -0.074991224476234 -0.0434337321568879
-0.291166965612556 0.257199424923887 -0.0810504354276758 0.0288753950975263
-0.139171904655583 0.360965521169064 -0.0556542725769909 0.0569041719120493
0.0243209599666409 0.364375135652406 -0.00433597478103085 0.0668997503593614
0.144325124846526 0.306947720405822 0.039696762377854 0.0430675509078384
0.171664473937026 0.292747226975301 0.0452758391545378 0.0286361200289631
0.168202637762836 0.277759563415443 0.0498324356863864 0.0256109764248804
0.135417616377344 0.344295171788449 0.0330428247333933 0.0229242577175483
0.00497820253893644 0.39766127570449 0.0278505392811825 0.0323178262800966
-0.137378691699687 0.377408877640797 0.0245598372151807 0.0581757646562781
-0.340790075485176 0.243981715938159 -0.0195660730261488 0.0775002444525673
-0.445996656069272 -0.00974901847346655 -0.013161807392452 0.00704251433678411
-0.407478957816172 -0.135559958383817 0.0935187676965354 -0.053950155225609
-0.29080037261856 -0.153280750719705 0.0624189329295039 0.214792397342163
-0.374578623497496 -0.0887261528471525 0.113179949122311 0.0687869308698222
-0.327777856612396 0.0733240288644095 -0.0235940998973069 -0.0192378685334002
-0.235613325125316 0.226095005664596 -0.0842191475912447 0.0446548753252276
-0.116086018757268 0.310959302835155 -0.0756311294474322 0.131030417236145
0.0234002886126976 0.314418235207829 0.012481706239977 0.176596857992519
0.125792580831242 0.270942279737301 0.0900154639544474 0.157483082308374
0.145114360054833 0.260332742046235 0.108267218844259 0.133107054463776
0.13464886616763 0.249181750943541 0.110007908480288 0.120692064487114
0.0956870286142326 0.297042343990833 0.079108633998669 0.105996567761101
-0.0202059234271122 0.320230477753337 0.0438713241989536 0.0967003942784197
-0.128569720474126 0.273811015386901 0.0268111469731731 0.072526758016969
-0.253177237087344 0.173034210651339 0.0125682140542486 0.0696008089081356
-0.341735101416952 0.000767082361240838 0.0625088815476763 0.0107377371472571
-0.342449479022631 -0.0867921675846917 0.216907735630367 0.00362772738175368
-0.221094539395063 -0.0719839097963306 0.185982295941734 0.285338587801232
-0.252773902562483 -0.014067191586612 0.207523585404051 0.102871161451319
-0.190015404611129 0.076837740613165 0.0353735647242742 0.0081401901329628
-0.134594495735527 0.139342044446109 -0.06558709230469 0.053804914728113
-0.0729872417410586 0.198288490217355 -0.0734188347416935 0.181213289273074
0.0171425847550455 0.207714496316909 0.0354052332489785 0.255208257490175
0.0858280709137902 0.190266514368281 0.131107137896587 0.245198001612548
0.0959823388602203 0.189123768039007 0.153854612152882 0.216487121312172
0.0833026713207816 0.186514559706524 0.148338261737788 0.198179773407942
0.0422989227792338 0.209649330647399 0.101988315766843 0.17140164123768
-0.0428723255299344 0.198387634856725 0.04132391281547 0.142986192287596
-0.102516526499344 0.135196961978547 0.0143734502596539 0.0754985917620611
-0.132831071171932 0.082063940013279 0.0286041197250013 0.0554398003427307
-0.196433862573529 0.0123571144657796 0.112553534909952 0.0130927551175071
-0.23336036551598 -0.0290415824778998 0.305638890211299 0.0490414358450525
-0.106755254426977 0.0168645679507389 0.27907878928163 0.317152206431759
-0.0783934745272121 0.0430707759693772 0.273413563307182 0.113256213132941
-0.02453816448383 0.0429273573593269 0.092136662040647 0.0197730309390023
-0.0305331434510383 0.0174313931438425 -0.0375595987905039 0.0439989751378973
-0.0338687116192614 0.0551101631387607 -0.0564114539633614 0.197492940973764
-0.00134740822408019 0.0711167860662353 0.05763504370256 0.289727753734875
0.0274207921145898 0.0822761284921985 0.156064380962216 0.292475415452544
0.0317613155453549 0.0909426751713359 0.177059741800393 0.266450358307825
0.024414308047138 0.0963936532420046 0.159590482529206 0.247605289602969
-0.00285587201333872 0.0951189857447416 0.0993663209320367 0.214524235456596
-0.0442673785774509 0.0619466656638897 0.0212231522490299 0.167344758841437
-0.0484932627986151 0.00489638646833633 -0.00428631625744417 0.0650718130521003
-0.00129733558498177 0.0157019793644635 0.0379195560711545 0.0358164594435915
-0.0458155971269788 0.042936931695099 0.140712205522985 0.0198941008428667
-0.107193332684893 0.0368225283251079 0.350236879585205 0.0816159857580721
-0.025938838349091 -0.0826267526055943 -0.361812866337388 -0.113384351025892
-0.086182504014688 -0.0789658418620751 -0.218781485688567 -0.00148719675993423
-0.0965487331484153 0.0205269621591668 -0.0792449984896011 -0.0115847434623307
-0.0275458871130402 0.084729729505877 0.017366242949878 -0.0109393318502535
0.015578988262802 0.0609759957691704 0.0294858161612601 -0.146009164108459
0.0287210288142602 0.0462545376928724 -0.0608362770021709 -0.231056241634817
0.0338081506439972 0.0219050480648125 -0.144083069106935 -0.268006199955642
0.0349265011340123 0.0212223196541026 -0.173674635496472 -0.28133191084649
0.0433019344200564 0.0257631066744256 -0.162064947385849 -0.293589288420699
0.0444375797460631 0.0604989217181706 -0.09717466327923 -0.273436236819287
0.0105031508470935 0.0980369826002252 -0.00337526539005357 -0.208275348451035
-0.0502004100180527 0.112799285161406 0.00238854584712859 -0.0601834715653089
-0.142344142409979 0.0239418204955268 -0.106623935895552 -0.0301394692379212
-0.108867613233823 -0.098657774161528 -0.229700132782201 -0.123318377868952
-0.0399227086941433 -0.0976998127902017 -0.295166260453835 -0.314950510615016
-0.124868159164376 -0.143234208916644 -0.34091408789723 -0.106696546459922
-0.196892375261271 -0.122110388451874 -0.211726829232364 -0.0284004970062901
-0.194021643643158 0.0189799396367904 -0.108306188344648 -0.022644034492496
-0.114938180352711 0.146806691605978 0.00103528941546235 0.00833337763516794
-0.0301305552656359 0.16926560921914 0.0321331070083712 -0.118499431773889
0.0383941544322454 0.164159509842102 -0.0370657872994447 -0.20433001010807
0.0872596132583137 0.130255916846608 -0.109653103580935 -0.24298120380481
0.0992575986046175 0.1331891651725 -0.14211571964697 -0.248495232669793
0.102510586059492 0.133949970703329 -0.138978967459236 -0.25042825425066
0.0852539524166897 0.190891724822426 -0.0972601268705991 -0.229516517340686
-0.00113608612469986 0.239161449007518 -0.0178953345479534 -0.170887128256049
-0.10984684516405 0.241034119997782 -0.00846470124019811 -0.0278669168330595
-0.272739854575155 0.107985270754157 -0.119952136374237 0.00988473198349871
-0.287044709741632 -0.105303510781367 -0.227109807247715 -0.0839657558079194
-0.200346187484918 -0.157888738044788 -0.25938438316266 -0.267611126323543
-0.210200574661788 -0.194563976774581 -0.281988598986954 -0.0636253770032307
-0.297646126948205 -0.162799142020347 -0.173894243813573 -0.0390028523055711
-0.28773272605961 0.0117053638143021 -0.123963353479371 -0.0392280432257279
-0.205376145771433 0.19554252034478 -0.0278423919257291 0.0174805543606367
-0.0842241457981556 0.265559270162021 0.0124362618077188 -0.075306610277992
0.0344385663888138 0.270755714577356 -0.0217273024076647 -0.141455123705415
0.123063640277463 0.225294881789928 -0.0646604632116829 -0.176204885783329
0.147444965533492 0.223129270325752 -0.0882341836838475 -0.177101564940661
0.150013293309419 0.216497172999601 -0.0892538709451759 -0.173729455662033
0.124163357056327 0.286820545309339 -0.0726061173236496 -0.156564107155982
0.00552648030524231 0.349193190910716 -0.0166999274937631 -0.113373246885985
-0.138688695995588 0.349062579107709 -0.00483441916448297 0.00453495653871244
-0.354584872738015 0.196234548172904 -0.101787744294374 0.0482963447537692
-0.418851442476083 -0.0767705875157955 -0.181224510013126 -0.0397557472448859
-0.329795727978881 -0.181154323003802 -0.171599270308065 -0.197915679276621
-0.272515623382804 -0.220589406009753 -0.189363733788698 0.0163355896951146
-0.37977832148948 -0.175542566735148 -0.0997599877442899 -0.0199827155771499
-0.365192016733826 0.0207194403536005 -0.114415526592887 -0.0494280469364299
-0.273600729378093 0.238724316387758 -0.0597153816602947 0.0214753920066656
-0.126272733985582 0.33838557823623 -0.0225623858024969 -0.0142141080288781
0.0284425379454822 0.345072974760758 -0.012969758053584 -0.0462568215341242
0.141895035116253 0.287020841417017 -0.01379939939371 -0.0767030867019702
0.171949246302997 0.277937760236315 -0.023215484702276 -0.0802064242480953
0.173722581997437 0.265388340687335 -0.0224203198969878 -0.0777052898468502
0.144877789041614 0.339673653014252 -0.0248198799541159 -0.0674820990924339
0.0126489192097957 0.40689818607424 0.00168618565011469 -0.0422208723010839
-0.141197979776391 0.402148989084708 0.0100473940463408 0.0341354824140492
-0.376810372863532 0.250545811051516 -0.0614354753072575 0.0704766170904666
-0.474555005481565 -0.0381566992490861 -0.101347601355434 -0.0066758524516026
-0.401783681921918 -0.171062817273748 -0.0464362876581486 -0.123450018785844
-0.300755351551702 -0.209714028978113 -0.0697382095538738 0.118311177529469
-0.415296372387271 -0.151371503878013 0.00306349150006232 0.0217971864833724
-0.387186918939155 0.04380998465841 -0.0790723180362638 -0.0426485602114082
-0.288951436198119 0.254346180738117 -0.0821711185959264 0.030422098461172
-0.137723554631266 0.358985300363285 -0.0579941960980726 0.0613648399007658
0.0243408212870369 0.362118568718203 -0.00389176013411764 0.0686970013031306
0.142463763412382 0.304809099395136 0.0390380222049438 0.0404703335271928
0.171040427258011 0.289240810215517 0.0450880928547114 0.0289770467384399
0.167899850376815 0.275566731966836 0.0485844101970497 0.0243240125139411
0.1356648378473 0.341726267907711 0.0321386965038086 0.024008135930526
0.00651140270298706 0.396246882154227 0.0275489319331557 0.0314632330480223
-0.136386321100533 0.37356560046559 0.0245689222664747 0.0572153945187599
-0.339039877399443 0.240675903847196 -0.016667118031817 0.0760692877092227
-0.44415054559844 -0.0117463447695085 -0.010763682296921 0.00867990822312054
-0.400900104049958 -0.1363439992571 0.0906212362774268 -0.0549507629614001
-0.283901590621325 -0.155540588074709 0.0621620919020064 0.216637316377711
-0.373268593479044 -0.0888479563710185 0.112164443192083 0.0695605890084373
-0.325297599533672 0.0691119622205121 -0.0271460980815019 -0.0188703953951452
-0.234954881421231 0.222338682822023 -0.0854790173050917 0.0460080425975891
-0.114750191543464 0.308775588899452 -0.0770825849700088 0.134217479859516
0.0228138900715555 0.313015646185889 0.0128866886836465 0.177764870044477
0.123919667032824 0.268078579617396 0.0881223149869627 0.153051581978922
0.144569884514035 0.257571174628551 0.107082148166912 0.13280891744229
0.13522760531813 0.247522986607904 0.108561088760954 0.119358463367329
0.0963906293108911 0.294925935961779 0.0782929876795086 0.105171285290297
-0.0187925466826777 0.318616962324568 0.0441615826971633 0.0949672928787842
-0.127767069427109 0.271427962135195 0.0268268186602303 0.0716094226546869
-0.250262065022985 0.169933513498679 0.0150988186117467 0.0693090453026985
-0.339657767253309 -0.00092888540535756 0.0637124005350121 0.0131312580956937
-0.336446950281553 -0.088803190730697 0.212098956841076 0.00312432914547953
-0.215963608007898 -0.0734678349686907 0.183583892312638 0.287787188766079
-0.250031409885252 -0.0141868766977812 0.206020531557633 0.103274940338918
-0.188178746685345 0.0737122654537438 0.032531613597707 0.00827819438828176
-0.134082709890883 0.136780450471849 -0.0666928901407827 0.0543131067282101
-0.0729177917756661 0.197657540993856 -0.0744267648969278 0.183744471510116
0.0161998740752047 0.206795174339615 0.0355311322653714 0.255312999461617
0.0848475554853102 0.1883814373192 0.12910634056367 0.240996000815243
0.0959550297402103 0.186736504533741 0.152954472196955 0.215759593336206
0.0838084190879873 0.184981167070039 0.146555053876344 0.195229083013699
0.0430425390669905 0.208302695055125 0.101433988627355 0.169330541248919
-0.0423083718621881 0.197171347086835 0.0412668424571865 0.140770940111058
-0.102783017112922 0.133503887313213 0.0139224257110584 0.073943118949111
-0.130449863227665 0.0786886454146942 0.0306710449407131 0.054909369304697
-0.194432744476943 0.011062798874918 0.112585943599367 0.0152802757117862
-0.229973304912599 -0.0299324004130417 0.300269458930681 0.0478259511855136
-0.103253130588547 0.016030182684188 0.274349502266579 0.318192538811515
-0.0771027928586921 0.0431480247080686 0.270766087885694 0.113426273399765
-0.0238970683765125 0.0412040726488415 0.090178725806481 0.0193750867593639
-0.0320634150978831 0.0170708027509776 -0.0392636584721291 0.0444049056659964
-0.0342966609596246 0.0552939235595324 -0.0577979690965032 0.197863680085055
-0.00242168145920657 0.0711892669140764 0.0567022594619848 0.288716291799052
0.026689215883209 0.0814068091883385 0.154333459851168 0.289526551157148
0.0321862853554201 0.0896023096410205 0.17589199823451 0.265820630592664
0.0254256019558712 0.0952792093061878 0.15775818563317 0.245365407769392
-0.00200877056642288 0.0947308722093917 0.0986637993050705 0.210649858890454
-0.0454370088620222 0.0611444516850338 0.0228402505275643 0.164057872486089
-0.0500128291242367 0.00393421612399389 -0.00438900307299534 0.0637858648814672
-0.000197364985018629 0.0123078159569918 0.038978086423424 0.0361185654055503
-0.0445228519455001 0.0408289730057289 0.140117615546092 0.0216643426646038
-0.105749823889148 0.0358318215115486 0.345093623920623 0.0798471565600767
-0.0264421429083675 -0.0842888503672695 -0.36351026405426 -0.115415580634984
-0.0882007524219991 -0.0788084585067202 -0.220337209827253 -0.00154892994374836
-0.0961194640333227 0.0207000610021585 -0.081957784471603 -0.0108640260299588
-0.0258834129069512 0.0853274180116589 0.0187588921630602 -0.00918596795175681
0.0168069928806891 0.0610411802113735 0.0294610540517358 -0.145839879240113
0.0306779718731884 0.0459041633750304 -0.0618560560481029 -0.23122364142176
0.0348228779721294 0.0217484185695492 -0.144993398161516 -0.269096027243332
0.0348244896204855 0.0221542079467798 -0.175722402422539 -0.285690081645336
0.0428163752278057 0.0261217467473536 -0.164123353424639 -0.29755433949753
0.0446159253527934 0.0613029451639961 -0.0981338817116301 -0.276635587186365
0.0127859780630452 0.0996086009695403 -0.00404259542673441 -0.21207757881883
-0.0493466147202552 0.11469054134675 0.00373527779579061 -0.0613537779203007
-0.144190646490149 0.0251589407354537 -0.105857156901164 -0.0328624269286142
-0.111317807722821 -0.0997662757393799 -0.231991342112688 -0.127285304227363
-0.0388556413903062 -0.0986139673639335 -0.296705589277981 -0.32060715516519
-0.125224201983551 -0.146959718476756 -0.34178745571067 -0.108757474113621
-0.199336698525805 -0.123617017438191 -0.213277935343593 -0.0289824390083417
-0.19560235349146 0.0181951846290614 -0.112353295649426 -0.0214756053160891
-0.114290364463688 0.147439797434704 0.00217318030092919 0.0105478183508129
-0.0287921103010647 0.170992460670598 0.0319473198071133 -0.117007089937656
0.0403363655983857 0.165820970204707 -0.0377467382796208 -0.204837098612422
0.0878994953279106 0.131443352666184 -0.111000161667038 -0.244567749616626
0.10031976314859 0.134657755016909 -0.143266145430605 -0.25196955269736
0.102896925282871 0.135416096012826 -0.141138845705361 -0.254289915099354
0.0860632133664173 0.192488422736782 -0.0986351844850081 -0.231689264455007
0.00132986970890007 0.242111939902423 -0.0194255099276577 -0.174344301666392
-0.109880479005189 0.24360695251136 -0.00772661456249812 -0.0289377456450109
-0.276418198124455 0.109314486694051 -0.119080059316039 0.00853465252113443
-0.292938870825334 -0.107689048496842 -0.227759456538374 -0.0861417404976319
-0.200121651939997 -0.160777997442012 -0.262589617550457 -0.271903315748559
-0.210085067974683 -0.200077257982908 -0.282830999314292 -0.0637214062500939
-0.302584375897251 -0.163734314234277 -0.174908437177208 -0.0389765081633588
-0.290186255928951 0.00934020859441658 -0.129041849292938 -0.0390956458620856
-0.206586766001716 0.196430855343829 -0.0278759488596503 0.0198939301160761
-0.0844962568469624 0.268333914527143 0.0116301710946754 -0.072931132005625
0.0364916817889405 0.273198142378604 -0.022163137043791 -0.14076256365397
0.124069737048533 0.227059836314962 -0.0656800517700513 -0.178807258557922
0.149096344716745 0.225296717439785 -0.0893049149613697 -0.179517979121156
0.151386456446005 0.220042160403276 -0.0914540421150505 -0.176885305631385
0.125386534794261 0.291028392004905 -0.0736277131509371 -0.157617488585092
0.00732320455617529 0.353819133532285 -0.0175289452538616 -0.116007548035353
-0.138082990870986 0.35278365987083 -0.00361534731975351 0.00407335180532171
-0.358867293900214 0.198083233223718 -0.100773611661104 0.0465800759518434
-0.425670676152365 -0.078663221424144 -0.181585095687343 -0.0399799812357693
-0.329453607853767 -0.185629037804306 -0.174887804862505 -0.201867535720474
-0.271745533522046 -0.22829325122255 -0.189462935345222 0.0179599899844795
-0.385199797055501 -0.177463620077432 -0.0999193738713706 -0.0191696336817031
-0.368441420671318 0.016938327167856 -0.120214895867967 -0.0490365773375839
-0.276842373729154 0.239876399496704 -0.0598517491508414 0.0237703513388396
-0.127863404585982 0.341733347569672 -0.0243231419425782 -0.01016676696742
0.0294614332150177 0.349595757976969 -0.0126006458837255 -0.0437742252834927
0.142645826636881 0.290517499814464 -0.0141524556118294 -0.0790027488949954
0.174338249412316 0.280804231971523 -0.0231753243813777 -0.080990665123146
0.175554875809645 0.268537649693419 -0.0233858322854757 -0.0795485451107073
0.147142318216132 0.344798978561215 -0.0254010020652127 -0.0675288765801021
0.0156513961992803 0.413338419695843 0.00118380452600254 -0.043969466256074
-0.141979760919515 0.406247519259346 0.0107342235704565 0.0330248493252727
-0.381316758076168 0.253609196414162 -0.0595595636016075 0.0695648040120069
-0.48344634650045 -0.0399109001113186 -0.100231056596204 -0.0049121619263163
-0.401839979268422 -0.175180035944801 -0.048395882695811 -0.126329451929426
-0.300848289705397 -0.217682173320046 -0.0689525375705632 0.121951721642095
-0.421542644487714 -0.154618749611025 0.00395460839450326 0.0236066839656851
-0.391953292666246 0.0402238678292126 -0.0840132157392173 -0.0422736365411566
-0.29299691163033 0.254936612648946 -0.0829823031863029 0.0331576515436756
-0.140659757423454 0.363367229934539 -0.0606646951854656 0.0662847895364726
0.0247394366113994 0.36743450558522 -0.00338081593753887 0.0721893824759583
0.142947905402207 0.307544170156494 0.0384454600566377 0.0387799928986273
0.173111278113562 0.291855653094161 0.0459751204775462 0.0300649566616301
0.169823685253866 0.278243690007745 0.0482789646285151 0.0241272660354747
0.136932274670254 0.346865884172313 0.0324866422857751 0.0250427214408704
0.00771354787305076 0.401217910286009 0.0271391917484906 0.0306446812738809
-0.138444253287564 0.378528664045627 0.0247691771801685 0.0569408279183323
-0.342257125005033 0.241582002147992 -0.0142741942537512 0.0749982201362842
-0.450981650508028 -0.0137425484713988 -0.00906011368520812 0.0110018362368935
-0.402200676602707 -0.14093757159059 0.0889018902515331 -0.0559921947653451
-0.283185842619833 -0.162701992482283 0.0629213126566247 0.222445931177025
-0.377877860662095 -0.0905117651455059 0.114267489209711 0.0717106275500671
-0.329270982119141 0.0660417385332076 -0.0313116904512163 -0.0183086609753431
-0.238461900503478 0.224070310549011 -0.0875285759602541 0.0476954393532093
-0.116875282679434 0.31264508298783 -0.0804784509316588 0.140027098548286
0.0221875301419832 0.317818074053824 0.0136976603059469 0.182111727459082
0.124182432516509 0.27160657713846 0.0880071869876567 0.152578537410816
0.146553036056655 0.259531496575661 0.10814776953642 0.135404182450145
0.136693620582594 0.250391329053783 0.109331342623707 0.119757416328686
0.0976232272225259 0.298883528210957 0.0789281000293314 0.106816515425279
-0.0174363284654957 0.322513723246411 0.0441449731449697 0.0950673472341648
-0.129320098838588 0.274176653804969 0.0271414806386877 0.0718478599078445
-0.252548157457541 0.16907381852608 0.0177648560255612 0.0693080420188107
-0.344578980968834 -0.00256506307209312 0.0663614152457169 0.0157516798381657
-0.337419981862276 -0.0915924664567969 0.212089717582663 0.00293328694060648
-0.215038843785344 -0.0773301944538994 0.185328592663752 0.295541330227346
-0.25239254798376 -0.0147578086909548 0.207975599149573 0.105312600003504
-0.189811496759193 0.0717272104666405 0.0297507103965154 0.00923915683354934
-0.137714909731695 0.137326120183838 -0.0698603940510635 0.0558543318523679
-0.074891566755153 0.200866347491601 -0.0774454711004322 0.188878852991034
0.0152676982042049 0.210907093166873 0.0359528688867817 0.259670360327963
0.084806206807231 0.190501138490177 0.1292468397662 0.241772188116528
0.0974482073077846 0.188359926992236 0.154702080079485 0.219281622701081
0.0853769689144351 0.187026236999298 0.14783793176504 0.197386057479744
0.0451663630930365 0.210854252641126 0.102363851845939 0.169855981499975
-0.042645776278048 0.199110523601994 0.0414595717875643 0.140248670007708
-0.104905602630953 0.134001446484234 0.0137493172099309 0.0741140313608975
-0.131242058770296 0.076772740645144 0.0331836329953127 0.0558509288165398
-0.196352418662766 0.00942800246545739 0.115200469555807 0.0178432006695803
-0.230899547197571 -0.0317148012806958 0.300475550684228 0.0476091086857492
-0.102179350258941 0.0151794161185188 0.275482910162204 0.325840800673102
-0.0776329661232666 0.043139837148301 0.272676676148723 0.11467155191796
-0.0237839625633343 0.0405567087734403 0.0892040617374371 0.0200456509494325
-0.0339654360619237 0.0172283954791589 -0.0426459498046271 0.0454825394312032
-0.0353164381121895 0.0568237708916441 -0.0614695862199258 0.202398998977223
-0.00376386435503578 0.0725742639999979 0.0580230836593708 0.292730912760024
0.0262668238162492 0.0822918202609538 0.15504794599933 0.291093184790356
0.0328437251219404 0.0900293848939862 0.178399264107452 0.270463629785331
0.0263537140372652 0.0960229247454035 0.159008914348644 0.247743299748304
-0.00125034217845015 0.0953156549131547 0.100145679471128 0.211019862925206
-0.0464347979990068 0.0621025081353475 0.0236036076694851 0.163576002567722
-0.052187669033151 0.0033533832613666 -0.00496936793409573 0.0634696942597809
0.000306142191470094 0.00958613166324781 0.0405542684099839 0.0378800512411276
-0.0439326290362374 0.0406146265246479 0.142776610095357 0.0242849896184135
-0.107023035505414 0.0366308246172536 0.345721879658849 0.0796185177130582
-0.0738158061383075 -0.0537804298567599 -0.3710163336321 0.131250962102928
-0.117337708428162 -0.00972772706469873 -0.184680916270441 0.135370009458683
-0.0663797795857299 0.0739520202990177 -0.0752783793579133 0.047420532997477
0.0299442666231652 0.0818172429091729 0.0141518315483683 -0.0157170072775965
0.0493933782249035 0.0382218546798152 -0.0635590856321216 -0.134371057514455
0.0523575000097464 0.0179699926306781 -0.191085099888015 -0.146132805976526
0.0408958296583205 -0.00227897467409708 -0.286163749864558 -0.128191166439063
0.0410452460797977 -0.0033960646149846 -0.321592744621138 -0.122876033871745
0.0484873817267986 -0.00538259934879126 -0.322458735760386 -0.139354379529706
0.0740565435784394 0.0222579732439947 -0.254805225019237 -0.16516438521958
0.0742315613618471 0.0728009413844007 -0.136676423445499 -0.170568328591749
0.031167072413735 0.126073586151598 -0.0345517150851475 -0.0558571375753901
-0.107544840653036 0.117539213692608 -0.105425507691544 0.0378006302399505
-0.162151258714846 -0.00811356915631188 -0.268893533317307 0.0413265976169924
-0.100755452531723 -0.0624015859696959 -0.448011432033511 -0.0717942520595718
-0.192030738328796 -0.0520714926182512 -0.351662544478367 0.132306217961314
-0.233352364717023 0.0190439726741336 -0.199907063760347 0.110808120701889
-0.149511935076402 0.129409782756035 -0.11006800390116 0.0616070576484934
-0.0057179558796294 0.182948480966786 0.0135639044202521 0.0163524660955748
0.0779042901433227 0.154004092201111 -0.0421728520604161 -0.109813836700421
0.13295428706858 0.109298230415037 -0.153332994410699 -0.136088716397205
0.150015416902339 0.0535501267403194 -0.241936260283412 -0.129818701537649
0.164774417868154 0.0480123919752023 -0.274897168585131 -0.115365020892728
0.167160326690758 0.0478170393489388 -0.277406100140167 -0.117701064329382
0.19126355660913 0.104688858738581 -0.22694156462071 -0.127919999922173
0.155396751023942 0.199092513128987 -0.123726051636838 -0.132218186928609
0.0605812728839185 0.272380963312692 -0.0225763837241215 -0.0234932609167394
-0.165284628342045 0.274458948422991 -0.0886747856910438 0.0774806436629055
-0.319385849839091 0.103078528657474 -0.239351944779173 0.0673057095429666
-0.276761517428476 -0.0100067666429402 -0.382241487690251 -0.0597311727135985
-0.29335591026766 -0.0494914344956624 -0.278543266866721 0.137963966372124
-0.338589670458164 0.044847437649854 -0.178397329487885 0.0812095490265824
-0.233136699132187 0.177809997837724 -0.137328524972937 0.062305802574208
-0.0526978588823863 0.276642502480431 -0.00546448850215495 0.0475809455395671
0.0912659009181973 0.267134679923362 -0.0295385544506266 -0.0581757855958109
0.194822105569441 0.199134897164618 -0.0992274405023845 -0.0915423105860547
0.237310369254378 0.108402726055426 -0.162451780303022 -0.104758032590437
0.262236541082559 0.0913450532424452 -0.186423219017533 -0.091066849318195
0.260729637919026 0.0872515653227479 -0.189830708541884 -0.0854648011404629
0.286756131290943 0.160675118767428 -0.160640915672205 -0.0827565086963093
0.233231690818789 0.289952479892953 -0.0847261257418062 -0.0864276644031038
0.105499006057717 0.380150719705373 0.00140926708805384 -0.000574039850300673
-0.178401295380354 0.403694445981484 -0.048350131965228 0.0952098177841393
-0.412230520417144 0.211855825260833 -0.171650763204368 0.0712412367784957
-0.400572469516767 0.0538536877294595 -0.26114425093323 -0.0625258500371256
-0.360351755255195 -0.0385979450809081 -0.152909972052657 0.152888131573268
-0.41511278326519 0.0804204935067312 -0.107335300631985 0.0527980866704176
-0.294123098928041 0.229321244023796 -0.138170369476945 0.0520105752278947
-0.0851026558087099 0.35095353958984 -0.0301642150378322 0.0749236768272252
0.100719091718562 0.352816591575842 -0.0186716090008381 0.0159250071265414
0.235648940690287 0.265140490564528 -0.0306532013914465 -0.0170117467644389
0.290929994783692 0.147799836109563 -0.0575670587262451 -0.0552325870800681
0.316304381893908 0.119775959792963 -0.0706479509262858 -0.0515226748797197
0.31332550159648 0.112899497148993 -0.0742741372732752 -0.0480295263896698
0.339439982196492 0.190998389981019 -0.0648655987939982 -0.0389627088545251
0.277011114392863 0.332714112494002 -0.0240721906822442 -0.0403461355126339
0.136288714187054 0.427866145170997 0.0308412883779047 0.0142749832882034
-0.161054299503038 0.464660533020915 -0.000106400147562838 0.0864646411011419
-0.432706285073872 0.281645912600008 -0.083128611797529 0.0450134568427622
-0.45290770892172 0.11127349803842 -0.10675135545943 -0.0848751267984192
-0.377347440137468 -0.0139067336365814 0.0105816945828598 0.165169654833753
-0.429396505729175 0.119402549472658 0.00307491889494011 0.0247670121854333
-0.29984767173826 0.26159104744571 -0.104379717028458 0.0367327496486917
-0.090520309234113 0.375188290146233 -0.0440199639811604 0.098278492887534
0.102874269903356 0.376855497956202 -0.000922776196132958 0.101952799870999
0.242620733369398 0.284131268684586 0.0490094848301309 0.0716560978018418
0.301836427663147 0.161250773445461 0.0599125092528442 0.00853238542374384
0.323188719513154 0.130420893252639 0.0550768567820995 -0.00394268853715363
0.315325898090255 0.124056086497055 0.0503111459882902 -0.00881868771972662
0.333390491805315 0.198908453801035 0.0401472460080676 0.000766918138309385
0.264664054880758 0.328343342925931 0.0434011623982821 0.00359317751307743
0.121620972895958 0.403213933287618 0.0568187254170702 0.0252840352358221
-0.1330450800472 0.427032471785725 0.039742221721467 0.0632761998594678
-0.386763365658945 0.282371274589411 0.00164292358024877 0.000439364754038617
-0.428479618536705 0.13926673423137 0.0506621730490244 -0.116870072602121
-0.32940517746276 0.0219609116078134 0.183438080015 0.164167794679385
-0.356788238351561 0.144590862151582 0.125104355783349 -0.00401521491337836
-0.231147038137395 0.245836544339614 -0.0440501964902563 0.0217461669230107
-0.0640188459747158 0.318761644603405 -0.038948683496987 0.110864644586398
0.0919897189707806 0.323727506731635 0.0278495309376345 0.173135798483046
0.210813535531493 0.245087114563688 0.130386761411547 0.149087841428602
0.265405238352618 0.143312096375902 0.171531705700837 0.0707456294446772
0.28161436000943 0.120834911667124 0.17159905570386 0.0435425378108353
0.271838502538579 0.121319156994589 0.1604145054063 0.0305754518645266
0.27120747987172 0.184255324111751 0.129948891067716 0.0377706925017485
0.192156690317151 0.279403209164232 0.0972729196729283 0.0458237404033217
0.062276926102059 0.310206786052301 0.0677101425134106 0.0380165263293704
-0.104614085436704 0.30610512554953 0.0620055730430723 0.0397027157892067
-0.290170556305113 0.220640278690461 0.0662332315460596 -0.0405668759511776
-0.339211506794104 0.140028613827952 0.185322550917692 -0.146562591335103
-0.221466682870935 0.0557696331269067 0.332088592123754 0.143223883588231
-0.211467916488015 0.133432097650279 0.2274156369581 -0.0351976324038603
-0.112884424723525 0.16813470068314 0.0268302740604858 0.000979933328502542
-0.0320995870307579 0.19123166053131 -0.0214553430631081 0.100789222276557
0.0602754121980906 0.207422392517563 0.058039996660039 0.208421586508651
0.140593469190573 0.161764249449784 0.194659430065128 0.195220997419933
0.184102932321783 0.101417200895918 0.259248546141749 0.117697566203772
0.197811357719293 0.0936684230949726 0.262443408425637 0.0831198731622632
0.189692542314152 0.100798150459723 0.241442199795159 0.0690563363997371
0.171854898028603 0.144591291960569 0.188237001509022 0.0748266431954032
0.0922604478534427 0.192972655970186 0.122954922945232 0.0846870046523933
-0.00520542882261326 0.177676076221227 0.0586167983857246 0.0496082940488159
-0.062038768951779 0.147973863271488 0.0650811745111078 0.021386538671647
-0.157573607714963 0.133072502490026 0.107549420572817 -0.0662522931354187
-0.209563055282058 0.122276985305866 0.281836926082102 -0.163035262750861
-0.0729074074011562 0.0697971837356084 0.429634287751351 0.104258111056675
-0.0361432209158892 0.077489385132738 0.291262898786867 -0.0715186330103203
0.0049321824366039 0.045189375578926 0.0851748956273961 -0.0345065739972624
-0.0179928058536687 0.0346451145469706 -0.00811198492705534 0.0685072967246343
0.00635737664833663 0.067516707833798 0.0774482872196893 0.205960349644582
0.0417970163855718 0.0613115703628599 0.230487918176205 0.204640256779214
0.0719489616582814 0.0491642881214637 0.311014760995026 0.141283255520543
0.0842847250010455 0.0527569891659741 0.313260235540705 0.110061078363016
0.0838586646131742 0.0620481614112915 0.283809935891126 0.102580379045941
0.0603288770708223 0.0784546617759307 0.211834206949587 0.109405926845342
0.00150079833253634 0.0825800285350131 0.121738760089871 0.115609237229039
-0.0427678801096277 0.0364527332229175 0.0355055252905797 0.0541857311297909
0.00590532201264242 0.00496594467113303 0.0587601462683185 0.00365847227117507
-0.00864166423875051 0.0601612295110414 0.132072582693203 -0.0741622651348817
-0.0603200558274083 0.101095393367585 0.335310902911687 -0.163203555252388
-0.0787793968971607 -0.0526151245534733 -0.378048352659493 0.148517928904357
-0.121618659490009 -0.00326031868866446 -0.184425669897877 0.147047418405092
-0.0651296655610901 0.0782693144948207 -0.0767232822700712 0.0542781164319794
0.0349906326197168 0.0808887816026177 0.0162165540662148 -0.0174331280916309
0.0523972413049488 0.0360020478339457 -0.0700507055150275 -0.135015277497573
0.0547519494935989 0.014239753625878 -0.201203670765136 -0.14161284851017
0.0415110149406558 -0.00509368315332411 -0.298717727281129 -0.119437928542559
0.0422595153312513 -0.00441213047333537 -0.337905118541828 -0.113928296765527
0.0491237385723095 -0.00671505853622124 -0.33975408850675 -0.130102384547305
0.0770229145436168 0.0199013925632732 -0.269836482287725 -0.160256965277076
0.0808251834447015 0.0705870661505781 -0.148425771228542 -0.17091947725676
0.0388492656872027 0.128319168322465 -0.0371440559042831 -0.0580208409718965
-0.105621862784233 0.127049999343569 -0.10773384138561 0.0404663396999515
-0.16908329836729 -0.000599511762396161 -0.276423144502512 0.0529619731190102
-0.10572927099365 -0.0621074527209922 -0.464274783338971 -0.0564454418967935
-0.20146388288275 -0.0480306026660619 -0.356652772264218 0.14765588530069
-0.240416876011957 0.0302201643611802 -0.200343085814267 0.121836777586292
-0.149428649937931 0.138411938376251 -0.111984553711452 0.0705115775563302
0.00243563562885004 0.187295400173103 0.016960582150637 0.0161832104961869
0.0869662164609132 0.154883404845013 -0.0464406179775723 -0.11008299663361
0.142367896338433 0.105733942195581 -0.161464984069876 -0.132823290124396
0.15609553172308 0.0479052188439906 -0.254928971619074 -0.123267552450111
0.17213593974993 0.0428751728066449 -0.289263576732626 -0.108936671674983
0.174397838187574 0.0431322753172575 -0.292658688032002 -0.110181271512235
0.201843569413397 0.100547197337233 -0.239534361983281 -0.12260980670487
0.170477488123151 0.198204001996544 -0.133693422639044 -0.131546298228155
0.0750788785862415 0.27725886244142 -0.0235061119009719 -0.024885759441563
-0.159647868536568 0.291046363955541 -0.0883887792683995 0.0809158568143129
-0.327291384442891 0.120281099937828 -0.244379231893573 0.0780688903558909
-0.284860803647851 -0.00219768011488065 -0.396676681010954 -0.0467637324826856
-0.306031220078261 -0.0440475235902565 -0.28057799758155 0.151994929782304
-0.348726291010394 0.061111333924264 -0.179123973663874 0.0901798270829189
-0.235512193957762 0.190928636240027 -0.140635496279822 0.0735435783250873
-0.0433603599518539 0.286220069740269 -0.00110740332055151 0.049047842134536
0.105634088523851 0.270622406013656 -0.0306710141112685 -0.0569159884668101
0.210459267138638 0.196864110458138 -0.104156877678687 -0.089316087268158
0.249028365997236 0.101782925538398 -0.173242517086846 -0.100615193876751
0.273943701108011 0.0831831251864443 -0.196054651345428 -0.0867879101145631
0.273203943335368 0.0806495729114483 -0.200873960773886 -0.0801630696923379
0.303566167655713 0.154557254570564 -0.168542222501505 -0.0782065921959285
0.254685129663768 0.288610624939809 -0.0927059013388522 -0.0861979850130069
0.123931927836583 0.387607457288664 0.00229511236821226 -0.00223804513824289
-0.168291278658964 0.423938930120573 -0.0457364534184116 0.0971462619656648
-0.420159873698952 0.237963320345086 -0.172235243230293 0.0795374588129859
-0.410728055042444 0.0680226287805186 -0.272377946905367 -0.0537654679232092
-0.376219562074645 -0.0308878603283948 -0.149368080929622 0.162373646320104
-0.426444656013904 0.0999043175879305 -0.107039320129719 0.0571135651633425
-0.296732435433295 0.246104176301265 -0.142540229632169 0.063294995403925
-0.0750844179907594 0.3663841045376 -0.0256694127891455 0.0790320564228276
0.118627251427696 0.359192223020446 -0.016485386399136 0.0207455782498465
0.254817810255181 0.264163783529264 -0.0294651764218865 -0.0151972519653886
0.306173415708764 0.141224373382097 -0.0635611902994124 -0.0548421484910385
0.332166797609958 0.110883894291687 -0.0746464308820111 -0.0509783383335964
0.327248230321656 0.104878955745589 -0.0792504865217241 -0.0463457083848603
0.360038153404943 0.183372984173998 -0.067533811387011 -0.0368577016562781
0.301331525875402 0.332022217270554 -0.0280800284438208 -0.0406312167328441
0.158261287857629 0.436395483399018 0.0326757632705145 0.012213768465064
-0.147518085125633 0.484697964976285 0.00436178677803266 0.0864868920687774
-0.438605880353374 0.310253734335917 -0.0813918526017179 0.0483671539795343
-0.463195875238287 0.127435843180581 -0.115726601353442 -0.082093970145806
-0.392297107675905 -0.00572823724849131 0.0204303203048267 0.169224557419042
-0.43982165891299 0.139894972546051 0.00581709900511909 0.0237540844372681
-0.30094787671397 0.280150356318166 -0.108324418101883 0.0467742396304614
-0.0792509077314527 0.390887097432399 -0.0402665669575091 0.103970287697327
0.122317471156691 0.385649480942327 0.00490489822319351 0.109270947212828
0.263667608480503 0.283889150827788 0.056700893533171 0.0733117270999228
0.318411680525877 0.155010260093462 0.0590508069612951 0.00616284151786914
0.339027072157669 0.122179531605208 0.0571835528401201 -0.00699266819211455
0.331376674774725 0.115592964824071 0.0508729361085139 -0.0107882026370874
0.354235799685023 0.192343173227079 0.0421760242918038 -0.000744986049059935
0.288203184548745 0.328404768657077 0.0433880849104018 0.00194851711208406
0.141748305654587 0.410529391496183 0.059538475547004 0.0232704731188633
-0.122685404337689 0.446579090233117 0.0453409706650919 0.0610026852325894
-0.390656120898391 0.308748380973456 0.00554068018145943 -0.00118918971432795
-0.435556334327537 0.156536398040218 0.0447538425851368 -0.121116060285256
-0.340983962867561 0.0310548040169838 0.198969810337766 0.162608816041935
-0.363332907258447 0.163416050293324 0.129840851467179 -0.0102128793476942
-0.231715568566325 0.260471870782279 -0.0459475943039882 0.0284677873313852
-0.0555065045789177 0.331687102388181 -0.035348247979581 0.117121301168978
0.109117171519938 0.331081149695645 0.0373251460869946 0.181713681037497
0.229383866021475 0.245634777682781 0.142375449086903 0.14955220568901
0.279390203909886 0.138070176299511 0.176875088616348 0.0660094546133009
0.295129283581962 0.113264490807188 0.179589222059851 0.037878924760035
0.285058429267416 0.113361285474114 0.166606194510177 0.0253818777466564
0.289126450911984 0.178642465085186 0.135920810515918 0.0333148615407428
0.210245648313919 0.280190737271822 0.10135522279498 0.0427242817093009
0.0770182207505155 0.316783231780877 0.0707370507563232 0.0358018773509477
-0.0968186149186483 0.318288339859842 0.0674961721817013 0.0363335555320004
-0.291312283996471 0.24060277879732 0.0702063449566556 -0.0462320339439311
-0.343829410060775 0.153961582814125 0.182610396972105 -0.15616858753938
-0.227755267959692 0.0620688477176143 0.351463896503076 0.136466189783542
-0.213376147774598 0.144982306564617 0.233549063813286 -0.0468266832121129
-0.111157782115928 0.175838211465429 0.0263944538108075 0.00266351118980608
-0.0266465095371246 0.198919352190716 -0.0181037391576647 0.106570654797309
0.0711345605518531 0.212622858261351 0.0696495963146105 0.217355631536289
0.152776445795277 0.162353544692189 0.210288274829563 0.193974914246925
0.194401532674717 0.0984069622799082 0.270240644705857 0.111332440026643
0.207463860542621 0.0880402562145376 0.275075366185681 0.0757914990622328
0.200318460403254 0.0954284034744973 0.251050006350599 0.0616977951213264
0.184446702642588 0.141929002907379 0.19695842186842 0.0688729656910165
0.103808358303575 0.19579952082539 0.129049305467235 0.0809227243504395
0.00131590489396501 0.183926875089845 0.0613996969429946 0.0485745166468837
-0.0597144845380911 0.152925581558415 0.0701322589044767 0.0179015248546644
-0.15712891168902 0.14342965959811 0.110604560797835 -0.0732749809176206
-0.209406403392867 0.132799248466751 0.280337653403785 -0.178312597929272
-0.072510161441997 0.0727793680227292 0.44919838723221 0.0923153817404824
-0.033485333240192 0.0811341225845264 0.296250124295805 -0.0855984507204906
0.00661798724810802 0.0444473249424209 0.086022165183126 -0.037487065343155
-0.0177707172818146 0.0372745382535552 -0.00572147170732618 0.0730779495869428
0.00987536745991268 0.0700096242724321 0.0888531598412127 0.212386296152849
0.0458938388709072 0.063120359517109 0.247327166384974 0.202334226673242
0.0766527527590483 0.0490119324766684 0.325022646281671 0.134147634397438
0.0891332907116321 0.0505948071279396 0.328607479325174 0.10270900766603
0.0897513650748405 0.0598626034753978 0.296733028083119 0.0942910042304582
0.0659434604684749 0.0784457227792993 0.22210324012828 0.103032477863791
0.00427965004933506 0.0863332598637984 0.129019155656527 0.112457310334536
-0.0440123872882513 0.0400212526768328 0.0377239578539153 0.0540491194520495
0.00392668847338306 0.00228852632535778 0.0629545311577694 0.00066418879979669
-0.00656392532029796 0.0614138810964814 0.135736214744251 -0.0825109944013122
-0.0569453758435323 0.106630213696709 0.334729338600416 -0.18014827623661
-0.0831999654738919 -0.0481445752082176 -0.372365131028733 0.171414050920925
-0.123087725477648 0.00558518910456244 -0.176476388745656 0.16040328543587
-0.0608636450239782 0.0833251874504176 -0.0745859965408258 0.0620887660919004
0.040872754198742 0.0783998540734085 0.0172171744532594 -0.0188879260742894
0.0546561446891665 0.0319998946042973 -0.0783710177958424 -0.131714106345654
0.0560202271745278 0.00920499253135862 -0.210061096441179 -0.129859568846923
0.0412289709066981 -0.00852123712221194 -0.308257746993195 -0.100937364982951
0.0419692443844525 -0.00667923128104197 -0.349816540681318 -0.0950346750712874
0.0483030090394673 -0.00877008655476836 -0.353207529528366 -0.109943219705246
0.0791918630273714 0.0149543300182162 -0.28344624323004 -0.145763586590778
0.0870091115179106 0.0650497104298215 -0.161690724535842 -0.164099289427198
0.0490356366102211 0.125934335640595 -0.0399768277771032 -0.0588317803082056
-0.0979871834010524 0.136931713893483 -0.10754443084924 0.0453667655381742
-0.171714118041857 0.0118313252591871 -0.276954298658068 0.0704810011798995
-0.111624389516113 -0.0582015274873979 -0.472881797953754 -0.0291804920295938
-0.208109058637433 -0.0372230193158833 -0.350838574488926 0.169419025284017
-0.241903032695954 0.0469893218423957 -0.193959391433451 0.135170331112558
-0.14412680636888 0.148523347723491 -0.109185567568913 0.0817147336787735
0.014353664809504 0.18776281889874 0.0206430656160147 0.0145585574270726
0.0977889210697353 0.149804318032187 -0.0522708953026769 -0.107185281573626
0.150413912247455 0.0963320237003866 -0.169322244671711 -0.123774638421808
0.160467121351282 0.0385337569769898 -0.264967851274218 -0.108200191807222
0.176586824326416 0.03228764502065 -0.300474501283843 -0.0925839804412455
0.178143738286368 0.034129696425445 -0.304510296738608 -0.092980152792846
0.210685695194798 0.0886359165042037 -0.249858686780576 -0.109052075740555
0.185363650394304 0.189041933509763 -0.14480868590516 -0.125921913652506
0.0938388510929109 0.275209577440868 -0.0239705553753369 -0.0260774701339867
-0.143188124650433 0.305003079358167 -0.0853104514698563 0.0842421317835529
-0.325474982931697 0.144823275458146 -0.241055595688418 0.093746132611821
-0.28862188085956 0.0115263763156809 -0.403833166736787 -0.0220656778600213
-0.315735277473881 -0.0291302781641398 -0.272734997336364 0.169119722261236
-0.350549579389453 0.0844841173277268 -0.174745283527951 0.100627564284166
-0.228407779984982 0.206516421855355 -0.139018084425918 0.0872634210883348
-0.0260888236170595 0.291345021126447 0.00396609463054357 0.0492181637186727
0.124687361940443 0.266846484009312 -0.0330110173481309 -0.0535758697497547
0.226581571517346 0.184609979842051 -0.10818112678132 -0.0831483807998876
0.257553966771035 0.0876765431549842 -0.183007645075672 -0.0903929081395944
0.282223704249868 0.0675551673423738 -0.204916678782805 -0.0766838088544592
0.280833014340428 0.0656025206277231 -0.209073003725934 -0.0684855563998148
0.317460842519952 0.138056055247237 -0.174948342163724 -0.0685236526821224
0.277009776256599 0.275638420794445 -0.100201648170574 -0.081456469669999
0.150952957805862 0.384533869531665 0.00281759070629368 -0.00342013890209379
-0.144785973497252 0.439730174427151 -0.0399306284964399 0.0981393532448453
-0.412190703297084 0.269616975897907 -0.167640444791611 0.0897658950492899
-0.411127041041273 0.0894284193674408 -0.279809145721808 -0.0368192934038345
-0.387021180246226 -0.0127168676053624 -0.139599105881801 0.171330135662145
-0.427050740548493 0.128943107280534 -0.103988362999153 0.0625532236902924
-0.288800040020741 0.265773935637295 -0.14202823215506 0.0775617201791247
-0.0535908061691347 0.374316663712745 -0.0188211718305507 0.080502899195105
0.142640671823727 0.356322319923687 -0.0136872043168474 0.0253855967612184
0.276561381568567 0.25116989752228 -0.0280103016994377 -0.0132631290687203
0.318257526624761 0.124647073027401 -0.0704491040883451 -0.0506812378927115
0.342925833914066 0.0918433192267627 -0.0793365737915501 -0.0480587147869458
0.337821062919437 0.0863341623324417 -0.083459904704384 -0.0422858064691889
0.37710532800852 0.163647794527061 -0.0698659521326164 -0.0331509669198397
0.329746219356444 0.316472184428171 -0.0325344210320657 -0.0390019217606025
0.186880733367357 0.430479241018509 0.0347313961313211 0.00922792663079931
-0.121077155462458 0.501705437092234 0.0105061312814947 0.083995769860694
-0.427778245744785 0.344523445540575 -0.0755868227232673 0.0517408757643963
-0.460104726079154 0.151909154598918 -0.123682530152625 -0.0744586881250695
-0.400798480034326 0.013578507724698 0.0340423159797088 0.168791462493139
-0.437472497067525 0.170231515575842 0.00758793902319293 0.0215929226730131
-0.290942500322681 0.299721044210444 -0.107885606613295 0.0588892439701524
-0.0573143347813359 0.399345363127883 -0.0325468353384789 0.107803912131645
0.149142088906983 0.383225994110139 0.0144521223299084 0.113919010613995
0.287061937756802 0.271524702290436 0.0647772237817986 0.0712276802136964
0.33100721111318 0.138265460559805 0.0567420115018352 0.00353886081163457
0.351526734529179 0.101791805221294 0.0575613959632068 -0.0106368735038946
0.342062825789407 0.0964873945594927 0.0503081284554317 -0.0137221219553254
0.371126155954475 0.171293223198907 0.0439489695822944 -0.00353675349176321
0.313718826508825 0.313315419135337 0.0427448016280885 -0.000191586231565963
0.168254052378655 0.406242984863559 0.0618752392246999 0.0194897933198785
-0.0971324958898682 0.45837760931152 0.0510117125502256 0.0550539694564647
-0.379784611059987 0.339313019296971 0.00936546524401176 -0.00366347056294433
-0.430186192253858 0.180621150256577 0.0357216083588817 -0.122669251698061
-0.346386302226505 0.0473300716880882 0.214212973189361 0.152515960828877
-0.35863528215287 0.188130122244773 0.130352126007692 -0.0201324011259892
-0.220833209935222 0.276060665824798 -0.0456194756469241 0.036162519271666
-0.0362964804222782 0.338608469761022 -0.0272273304707495 0.121337722497147
0.133112155092614 0.327733442958092 0.0510454887187409 0.185470015550378
0.249402063243222 0.235395887581538 0.155857863312916 0.142834691666349
0.291399157170353 0.124032125215578 0.179852173136348 0.0572785088655971
0.306288875726007 0.0962359207274605 0.184699345975645 0.0271878027574153
0.295611390609494 0.0966007565934893 0.169834280535603 0.0158540011367112
0.305064676918962 0.161151103204415 0.140087569978165 0.0247237176651712
0.23178280149355 0.269710751823478 0.10355654023511 0.036749491850266
0.0964802919868653 0.316058294491158 0.0739083151038751 0.0320920403532695
-0.0802164479345046 0.326298599920783 0.0726091148177203 0.0294570830681872
-0.282209386138238 0.262081033531234 0.0716368228174237 -0.0530496353918609
-0.337719658770078 0.172727474670169 0.171799992176995 -0.166712009430045
-0.228851651141486 0.0736107206275785 0.366563917270969 0.117473765427711
-0.207144539814343 0.161069394669746 0.232399829880977 -0.0628142945831484
-0.103335125998425 0.182641183212041 0.0269187184050048 0.00477571484732982
-0.015550039215179 0.202777391909701 -0.0106675937424379 0.110345442868783
0.0866736347941831 0.211404791023961 0.0852903257203293 0.21854755923808
0.166584711180694 0.15592564725424 0.226623367249911 0.183781448694443
0.203246239920108 0.088632347286641 0.277852517651918 0.0971758960820082
0.216424237230933 0.0767259023294539 0.283625451018617 0.0599431292680081
0.209087898650048 0.0835774431295653 0.258332222459267 0.0474247636911107
0.196376437062612 0.129829750083914 0.203050600856462 0.0565667815181706
0.117412872716751 0.191939412343218 0.134517062095484 0.0734455955082223
0.011167939018395 0.186477299147508 0.0642821475915069 0.0457338416642606
-0.0528893492013626 0.155906971919808 0.0746457952131948 0.0113686607428148
-0.151275735819614 0.15522693887329 0.110164043178889 -0.0827401798161133
-0.201724274789725 0.144385111598193 0.268673465438301 -0.194652933342039
-0.0690995987622812 0.0759835992858601 0.46214052046753 0.0685547327981143
-0.0290873814791459 0.0839224187337167 0.293217370911888 -0.104642101648749
0.00851177583558796 0.042615178282528 0.0847957146811928 -0.0411505508250444
-0.0165763518333437 0.0389981145007109 -0.000925247088306858 0.0767105797381506
0.0155182173890761 0.0709756593216228 0.104553392972734 0.212707741344263
0.0514025636513554 0.062271241478488 0.263213016204841 0.190626615900596
0.0805792367325227 0.0451580019749135 0.335947249677621 0.116169827164241
0.0937336142142361 0.0458198570442398 0.340849886664581 0.0841731881258043
0.0949863603099107 0.0540839385685571 0.304905548799028 0.0768109488951392
0.0723163578433787 0.0742890539339286 0.229078922569659 0.0893466924432597
0.00932299339771694 0.0883774235979102 0.135875827148277 0.104600817861284
-0.0440088855036216 0.0446273502334331 0.0410805641686811 0.0520905698130044
0.00187631932890248 0.000277376149680512 0.0656416732068889 -0.00473879288002136
-0.00336260049036785 0.0614188459686908 0.13318341088213 -0.0929831814475558
-0.0494047256287994 0.110864072772524 0.323817623893472 -0.200974817529784
-0.0854842433058042 -0.04167494730308 -0.3561655260816 0.191646079256663
-0.120838957173778 0.0146181434003413 -0.161861266960472 0.169001800143359
-0.0551363095423971 0.0860279107194324 -0.0700543514128299 0.0680696374090373
0.0457529567941954 0.0734640802301181 0.0165375082178357 -0.0203250415047708
0.0556302064759526 0.0271131594512724 -0.0840778343567127 -0.123988597295044
0.0546568416260403 0.00367366542948318 -0.213286391498201 -0.114038031250681
0.039727236917549 -0.0109594252391466 -0.308272848018878 -0.0804705209499382
0.0401770522091135 -0.00852124171925307 -0.351808071874632 -0.0722372808474814
0.0465253919161045 -0.0105617275686344 -0.35657166648769 -0.0862329005577144
0.0782405463703721 0.00977076063762629 -0.289042026772657 -0.126117211966294
0.0905977409085669 0.0574995140144567 -0.171212756656038 -0.152467838516293
0.0571863385209132 0.120560160066842 -0.0421850396908807 -0.057247067239895
-0.0869803203359481 0.141487441548377 -0.104689747157556 0.049991232022485
-0.16822490860467 0.0240606538518017 -0.269177458655842 0.0864183657088327
-0.113940812792318 -0.0523503447181266 -0.464989326003645 -0.000526013071627229
-0.209668389095046 -0.0253887191752772 -0.33528678616001 0.185947128190795
-0.235138394086144 0.0625651808908442 -0.181253186375302 0.14412477275982
-0.133860926663054 0.155626433370274 -0.102892966348493 0.0907152976958709
0.0260970700855537 0.182434127314676 0.0226340945493673 0.0116469948344222
0.105613193730637 0.140316646048022 -0.0570572995694153 -0.101683058616839
0.154491690216707 0.0835784662954376 -0.172442573955636 -0.111250345863874
0.159296041916969 0.0285204437957828 -0.267772368129774 -0.0889067373900579
0.175440725539781 0.0217825188113039 -0.303151157899541 -0.073239359683766
0.177323569792561 0.0235892975885691 -0.307446723025722 -0.0717463527891116
0.213479989244445 0.0742910848016307 -0.252253454093769 -0.0917327368463592
0.195850780318405 0.173226529315906 -0.151574334365457 -0.11460975261963
0.11028089729237 0.26453074271233 -0.0240190825851333 -0.0258302160061508
-0.12188812025757 0.311017200881173 -0.0794656753491987 0.0860772995977913
-0.312800644274559 0.165342069409882 -0.23111156502833 0.106601490736531
-0.284607531845462 0.0254630572566244 -0.399002072142336 0.00325804160826132
-0.315270032650364 -0.0113252199137185 -0.257123774896697 0.180205232309323
-0.341211643185087 0.10678769567329 -0.164805711563982 0.108137482955678
-0.214920475926886 0.216850729862368 -0.131932892194454 0.098945875216815
-0.00814238915935609 0.287322954282477 0.00818948811412991 0.0466315430031616
0.139993067496157 0.254402033270837 -0.0337624577171229 -0.0491579597856497
0.235701972646931 0.166238063471282 -0.109442606571452 -0.0755958901080301
0.258619103305284 0.0708952290997422 -0.186934598199548 -0.0764938893797591
0.281964716086146 0.0494768327856007 -0.207452826451812 -0.0639037087013574
0.280230074670424 0.0486050806291853 -0.210691437900717 -0.0539842294238229
0.322654198685764 0.115662869823609 -0.175782862465516 -0.0563840169320999
0.291028992114597 0.254254243412979 -0.105284286001937 -0.0738856238471446
0.172633748023506 0.369524895621699 0.00340099811814532 -0.00542926835826304
-0.115436596080182 0.444260549827794 -0.0336148451056455 0.0957226277472734
-0.392069845473267 0.294849943032425 -0.156989168228993 0.0973110761219552
-0.401150974720775 0.107841235337921 -0.277952363133979 -0.0176237423607756
-0.38497609792348 0.00754781108695226 -0.125314104988605 0.174807257748329
-0.413670166815605 0.15455725470752 -0.0986320171968239 0.0651101224357803
-0.270917951555536 0.278357110530291 -0.134903567801905 0.0903432859580637
-0.0308806001845785 0.371763046971634 -0.012571932949986 0.0790363959639805
0.163296530427252 0.341822543660636 -0.00939547228056799 0.0278414314332717
0.289439246567559 0.228367169829435 -0.025455687546202 -0.0112324958795647
0.320816031921714 0.103933068839283 -0.0740164753338721 -0.0442937462969439
0.343684558900103 0.0695205133683074 -0.0820631958249143 -0.0432256329572827
0.338093979077561 0.0655352616965943 -0.0852405436849125 -0.0361280972358093
0.382811021711385 0.137331648080578 -0.0699341954418338 -0.0286011757575179
0.344962649919278 0.291663012132758 -0.0356991859974322 -0.0362129522961485
0.210754036245652 0.413517085314372 0.0351021103259132 0.00631552585304052
-0.0887649160049908 0.501336821280089 0.0158708127140847 0.0784934041530687
-0.401563138071828 0.370336893045671 -0.0687433183442591 0.053448653904849
-0.44470710693431 0.173110651147297 -0.126742499816323 -0.0639291137423324
-0.399241868913664 0.0344308648224988 0.04557396793496 0.161591180782196
-0.422850794132175 0.195528197873517 0.00791469311889446 0.0182484443932352
-0.271719482256792 0.312285449077215 -0.103070619888821 0.0693247741559166
-0.0333454468661903 0.39732920413313 -0.0241520937633224 0.107275178507124
0.171780326620239 0.368994756691796 0.0240715845211292 0.114315749552548
0.30135630518399 0.248905335803583 0.07127484428508 0.0657955204142228
0.335434296173664 0.117422003449232 0.0542708681875747 0.00184157255273792
0.353109280743213 0.0786625280992334 0.0555689798561949 -0.0148609200149664
0.342577798934532 0.0744035884835992 0.0489590646999302 -0.0164148358990309
0.378436257757655 0.144305572860293 0.0441288824556718 -0.00731248166965405
0.330569911374322 0.288746032785885 0.0411580396994804 -0.00251525852175189
0.190384608408424 0.38868119496238 0.0628051378700036 0.0150638078266612
-0.0688194112387659 0.457038383392908 0.0548931744282387 0.0474338175710917
-0.351937752327739 0.360388314993582 0.0116915644860919 -0.00681574749815791
-0.414041856536893 0.198500316637139 0.0265824130738537 -0.120463202878073
-0.34175168254697 0.0649090510368976 0.222746605875696 0.134963188307929
-0.343468647695006 0.208190665982913 0.126211895564944 -0.0301511483505655
-0.203932380908447 0.284002999941805 -0.0421512085091157 0.0425796137929218
-0.0169436999269113 0.33687957203846 -0.0190193969965679 0.120992100990168
0.151710284941629 0.316300744734384 0.0645564252116319 0.183056706247935
0.26309723530889 0.216111252092385 0.16538134074943 0.131322435613632
0.295189965292083 0.10569829190532 0.178468588413956 0.0475169388979764
0.307940278010732 0.075788871088391 0.183796055122164 0.0151566662917835
0.297293966259599 0.0777587022032332 0.16863885676209 0.00458229796604623
0.311795883420023 0.138830947213428 0.139744118452973 0.0147544504722853
0.246987523886766 0.251331587875151 0.103446515158186 0.0301484435711097
0.113937827495034 0.30494719452066 0.0742194758207145 0.027110297392471
-0.0604825338165976 0.325865985136968 0.0749060366535241 0.0211576011783668
-0.262647602632158 0.276898618440373 0.0700676132653629 -0.0593393392191607
-0.321364751096337 0.187365599361407 0.157012323967005 -0.170854060397621
-0.22238474031152 0.0840882584181006 0.37059045552468 0.0925070025968044
-0.193918346331506 0.171097611835101 0.222976126342705 -0.0767718537959924
-0.0935998424209551 0.184392082418917 0.0273575883453725 0.00610190591311202
-0.00438204232847942 0.201007947757534 -0.00333440583136608 0.110142320574279
0.0994625086076281 0.203243222790079 0.100484216540584 0.213332281437162
0.175789050005414 0.144436059102569 0.236560386723895 0.167893825883951
0.206420798154654 0.0758517369518606 0.278716847546088 0.0810822179643534
0.218739564598415 0.0615744548622029 0.283863954625835 0.0418059149191346
0.210369472907965 0.0690861018769826 0.257669412949336 0.0295948429933482
0.202002930991758 0.115232764163597 0.203481443305927 0.0419531531414844
0.127879094759428 0.182160637229278 0.135544790312278 0.0632654626901565
0.0210121936293675 0.18346548685097 0.0660648777382939 0.0409603585476304
-0.0450969213277934 0.155609902841074 0.0761396269057563 0.00359440208185767
-0.140133012374868 0.16222853182857 0.105018229958723 -0.0900494033662918
-0.188817162024087 0.1523272308493 0.250321639564558 -0.204446200781021
-0.0639356132886721 0.0777934011924594 0.461383562487088 0.0401326565130128
-0.0230994913393813 0.0842265002523081 0.279844876014661 -0.120868001237302
0.00963222416737969 0.0400276143084726 0.081468535394691 -0.0441111002725112
-0.0145081399636768 0.0399102605613379 0.00400356313807881 0.0775470990508122
0.0203864209400412 0.0694255006337772 0.118604901999831 0.205982425621207
0.0556640670758942 0.0593929740861266 0.272800584252913 0.172361164751731
0.0831512557126787 0.0404583838144696 0.338135558358218 0.0956205720317144
0.0965608242737459 0.0389916336670657 0.342570464971993 0.0623528837845866
0.0969526771291466 0.0466851263161385 0.305299180322637 0.0569823938533291
0.075565485074593 0.0675340485935668 0.230227724524994 0.0725710902344117
0.0149355356558638 0.0873021230967059 0.13889083391768 0.0926073656102666
-0.0417814081334521 0.04802314052985 0.04205779472806 0.0489512763547738
-0.000432742122942702 -0.0015606288612315 0.0661602756437251 -0.0109811772659585
0.000210191186113391 0.0600272645967021 0.126640930015812 -0.101303979250386
-0.0402170003737193 0.111528822892126 0.303523396387199 -0.214397999179824
-0.0847309307065461 -0.0360306847825755 -0.335443868880473 0.198138533333573
-0.115922494497239 0.0205602172771931 -0.147050837497992 0.169504888131625
-0.0489864046881061 0.0859676802659231 -0.0638795719069776 0.0717964186826436
0.0473125155091923 0.0674479012245118 0.0163499978557231 -0.020879583419511
0.0541387704856043 0.0232565521993548 -0.0867104183279771 -0.115719220003415
0.0520891088154245 3.04542499379285E-05 -0.209757200936384 -0.100784218097523
0.0367299964338467 -0.0130511389094987 -0.299974240987358 -0.0639288933909547
0.0383056944432806 -0.00967027147822555 -0.344868887708439 -0.0542443398972088
0.0444583951368941 -0.0112410098185294 -0.349865021986116 -0.0678513101195277
0.0759400289955079 0.00640557733051849 -0.2861063422895 -0.108836295125768
0.0905157767921233 0.050489052088528 -0.172376870776904 -0.140427711047423
0.0613067660990098 0.113162238130207 -0.042414571501717 -0.0560161710627046
-0.077321026294896 0.142039803901195 -0.100259990381844 0.0515988223712453
-0.162841585034131 0.031722576977982 -0.255928031516294 0.0953512245360157
-0.11355577808847 -0.0469870122298846 -0.448121961473078 0.017261437361128
-0.205812277603616 -0.0157255776002961 -0.314628603291883 0.192285271802058
-0.224633690043043 0.0730016747891078 -0.167659889790595 0.145645502073334
-0.123858332068756 0.156470333018406 -0.0955456544388168 0.0961899023128244
0.0330113324389643 0.174067887517623 0.0235096704053336 0.00906802407032118
0.108147714317055 0.130388598832489 -0.0585628280929403 -0.0943530178140953
0.152780542037943 0.0725630073764979 -0.170063907550315 -0.0997753655762198
0.154288846959552 0.0206384503121839 -0.262330830040298 -0.0728801153708206
0.170665261969903 0.0135488147155984 -0.298497875326814 -0.0582331667913007
0.172441473367917 0.0167249122536882 -0.301480454361201 -0.0558537013599209
0.209914550273346 0.063295845092964 -0.248358872572494 -0.0782536287442083
0.198243669950314 0.158744722543412 -0.152637267683551 -0.104988036000267
0.117976416223545 0.250114391887596 -0.0236343851028099 -0.0265874248894079
-0.104235899338197 0.307397353668437 -0.0735547885690114 0.0847763799555821
-0.295937779052212 0.176076606431096 -0.217089527980198 0.112524970589076
-0.275813179649422 0.032866703845903 -0.384788203561768 0.0191074052262339
-0.30960504037096 0.00187917823829809 -0.240226686266436 0.183246563004403
-0.32451219357193 0.119684029415641 -0.154129497292844 0.109459303111576
-0.201523734422551 0.21953068009987 -0.122835512559215 0.105282472120429
0.00372693535655679 0.276912778224844 0.0106589723423646 0.0429884031822922
0.146683689568483 0.238912271868113 -0.0336215440160681 -0.0444389169174415
0.236079809187038 0.148960579642112 -0.106827965897824 -0.0690585376545677
0.252634803278886 0.0588184430236957 -0.184188172834304 -0.0641422284026376
0.275138294966337 0.0354508214443511 -0.205328810198858 -0.0531516157466209
0.27320905543038 0.0370125748523738 -0.207465272447952 -0.0433902781805078
0.317038091478564 0.097954034277187 -0.17226236727198 -0.047378831253652
0.294899813554659 0.233397424431007 -0.106595717176099 -0.0666775759023154
0.183210171035128 0.348509428059785 0.00389261446088816 -0.00788127493522084
-0.0931605618754172 0.435747905617516 -0.0283288256736358 0.0910659773386663
-0.367097631429275 0.305413034839426 -0.145668363329366 0.0982058366350841
-0.385197745252443 0.117143883949392 -0.269401787275602 -0.00417537865554682
-0.376541358165884 0.0227145036049824 -0.112270550303349 0.171050317544725
-0.392968086014847 0.169644356956539 -0.0927781206249804 0.0645979291261135
-0.253966492114132 0.281660685527801 -0.12567240398849 0.0979588179262356
-0.0147308831582916 0.361497139101062 -0.00749884124041477 0.0760119131023853
0.174280987326873 0.323632972273519 -0.0055400932099563 0.0306174889997122
0.292008542088559 0.208240702830732 -0.0223144764233587 -0.0107239731432799
0.315544123133914 0.0882444589873943 -0.0746413803442437 -0.0372623684957762
0.335889783867514 0.0523101806754423 -0.0823080311524191 -0.0387442241842057
0.330190200757552 0.0502583643228383 -0.0845409431962527 -0.0317594523642871
0.377212712408174 0.115975629859553 -0.0682276635810657 -0.0251999704298231
0.349803402951108 0.26714660976257 -0.0375646955344426 -0.0321945983637118
0.22127616634022 0.389768066300649 0.035166999656709 0.00297152056812608
-0.0639743338087538 0.490084493451875 0.0188093599892245 0.0712126428296346
-0.373241352321103 0.378429722781306 -0.0614533514031777 0.052000662623381
-0.425071208304518 0.181671657532916 -0.125491647611524 -0.0545953164978582
-0.388327590361808 0.0492875979201784 0.0525742406458166 0.1520318907041
-0.399769637841119 0.209462295163358 0.00800264486582869 0.0153032205698432
-0.254031609507748 0.312745325570093 -0.0954815688673858 0.076834884263654
-0.0162380331265162 0.386297656459031 -0.0184222140764249 0.103243465042097
0.182594526059803 0.350001783628066 0.0313384808745636 0.112517667872931
0.304815092202431 0.227387443709899 0.0751573287025281 0.0595268926152696
0.330828773283357 0.1000040536168 0.0512127331378228 0.00208062745819848
0.344792225380928 0.0611271388161724 0.052708542122551 -0.0169091153369452
0.335596856655848 0.0591266940567 0.0466613939424708 -0.0190878321975112
0.372763089072816 0.123677058136116 0.0429118794076446 -0.00954956359994545
0.334162561884166 0.265418089388822 0.0388841888911373 -0.00355421910487933
0.200275911606951 0.369880591368 0.0619843713909434 0.0109712554713349
-0.0471815712247676 0.447144950748018 0.0553134178554161 0.0397340862379668
-0.32691736762093 0.367068979512914 0.0136240523009253 -0.0106628375239845
-0.393996548603062 0.206354320027358 0.0197109661684851 -0.115040339495563
-0.330985664887187 0.0759861557935066 0.222800168314913 0.119136600306272
-0.322561612453345 0.217214897477556 0.119281103629658 -0.0353256495152107
-0.189059937823079 0.282214841634879 -0.0374965156823054 0.0468475401408622
-0.0033249073738411 0.326727970826189 -0.0127954379460858 0.11706234919044
0.161480937929651 0.300121010774346 0.0738487078862612 0.177292356249647
0.266278998559256 0.197429964782566 0.168650548680091 0.119304882803067
0.291461530950301 0.0906052898573619 0.173313340697991 0.0406200379006324
0.302812844269216 0.0600592122325328 0.179055763137522 0.00691689197981053
0.291073494561305 0.0633017541061435 0.163507370666361 -0.0037628905876038
0.308329232434328 0.119447036440862 0.13629030238127 0.00732888890056266
0.251778977748656 0.231745696791525 0.100357968852297 0.025281117751352
0.12227279709945 0.291057487866553 0.0733378404257798 0.0227563239482777
-0.0462212262334757 0.317726865010772 0.0746133759399262 0.0127563243386586
-0.242160963677087 0.281796725518979 0.0675290922414875 -0.0633353997414858
-0.30290323263635 0.191468660730695 0.143433075003749 -0.168628025443555
-0.213535566855999 0.0890294302984505 0.36376950618295 0.0729826041836838
-0.179793599318028 0.174212336914642 0.21078620604468 -0.0834205157413348
-0.0849735201475606 0.181285865252185 0.0278168694473209 0.00712120657367465
0.00290605827827985 0.195162886606828 0.00141902515983232 0.106612407412175
0.105392147878976 0.192061649570651 0.109802820099966 0.205071034193334
0.178192050645385 0.132541712891298 0.239143999732771 0.151823870082514
0.204239547135588 0.0657801800190348 0.2725076987987 0.067925988269524
0.214832399408353 0.0497111453297691 0.278054560427598 0.0283243111083711
0.207156538470316 0.0578702548340287 0.250482226912525 0.0175348699606761
0.20077461085654 0.101975487975032 0.197439626668255 0.0308522162868189
0.1331495154487 0.171058301488077 0.133478942532425 0.0556086238879744
0.0277471713146363 0.17825579014835 0.0651743663423747 0.0368697967492294
-0.0386607311827465 0.151362796700277 0.0750490315461637 -0.00341317702974535
-0.128330665671853 0.163897711173527 0.0988365443844091 -0.0945101579545739
-0.175695621460484 0.151900204067858 0.231104845565332 -0.203842678689513
-0.0586555758076896 0.077132862129189 0.449959348860668 0.0204979349281936
-0.0177858028900336 0.0821582491424292 0.263857627971999 -0.127697003754417
0.00949088457774626 0.0368636006917519 0.0779006000827899 -0.0449840596781547
-0.0132841850196798 0.0399934406975289 0.00775631080368152 0.0760652923977323
0.0232965842300196 0.0667092313690405 0.125915105486457 0.196018535994889
0.0582121807040575 0.0553617824949707 0.273736395745341 0.155251053083196
0.0830951455640255 0.0359963010485965 0.330168548927053 0.0789388416830458
0.0953249039265473 0.0332876924418615 0.335752108926187 0.0458759965839373
0.0954577992933297 0.0398128630260893 0.298462068667799 0.0416744020710138
0.0759946693211956 0.0616522804514958 0.223733784851405 0.0598197338735478
0.0185281726651541 0.0844695886820306 0.136875710121285 0.0830990365440963
-0.0389773804363265 0.0499935074389869 0.0420743452176143 0.0456482649332757
-0.00262925748163157 -0.00290696758572233 0.0651780921560759 -0.0163167769434892
0.00299214413394018 0.0575980975555293 0.117605624840834 -0.104714484968199
-0.0323419467630793 0.108739420211971 0.281282253099503 -0.216431251778514
-0.0614505594843268 -0.0694056180360928 -0.378397516984776 0.0495106526393621
-0.109935280856819 -0.029693357013686 -0.19633604880753 0.0981701553875777
-0.0791585106464826 0.0563564771732834 -0.0819012938910289 0.0440070980753284
0.0138703905901832 0.077524884510284 0.0289298795830613 -0.0139289170094652
0.0377092556356434 0.0434723793797312 -0.0283281924592211 -0.139050493707605
0.0452855381360465 0.0196143507873514 -0.142763985873302 -0.174354793805022
0.0359742506782019 0.00287491584588629 -0.239496149000223 -0.176788030833517
0.0366126562809234 0.00722797448620077 -0.284989214426492 -0.185265384379274
0.04087647877337 0.009288253617284 -0.283537611016544 -0.197367199720553
0.0636888452427367 0.0356230584928559 -0.211298366238144 -0.210529935948688
0.0596718684891878 0.0789773464778246 -0.0957034420603061 -0.191774308041362
0.0119577115518205 0.123246293217102 -0.0145494990079712 -0.0669644560099382
-0.122309431398698 0.10386354328152 -0.112798314822423 0.00382254505361301
-0.159715714456875 -0.0250151204068791 -0.266353317649222 -0.0217022704568407
-0.0939658537443533 -0.0829616935277883 -0.400465397812117 -0.168702341517836
-0.180398177193307 -0.10505745536973 -0.353120282708975 0.0656544851871318
-0.226595547001105 -0.0302304357221285 -0.203072990062503 0.074367449990005
-0.175921730177019 0.0872742838476444 -0.115224443264803 0.0594422455061808
-0.0434571481178414 0.163671483242588 0.0287239014711346 0.0183828985129223
0.0412765800345056 0.158825829383361 -0.00511423685570012 -0.109727197782181
0.104620115922092 0.123830219980288 -0.102575604567144 -0.158636348616722
0.127030064463538 0.0791249599227908 -0.200615504881405 -0.170091279808502
0.145937912096873 0.0796111550161124 -0.242427748069004 -0.170152339027248
0.144162749665427 0.0845922957705743 -0.244397178295682 -0.166344571318965
0.160985304523907 0.137052443987528 -0.189969601440073 -0.16480038893813
0.11601850729401 0.216812818833957 -0.0924379907778243 -0.151069577558792
0.00953623576376364 0.267678796199705 -0.0108992561012102 -0.0308960850756123
-0.208858562927468 0.243561434949514 -0.105117960029894 0.0441183095286931
-0.332070140888153 0.0563090186265958 -0.246619875424132 0.00407609616958315
-0.269340877139885 -0.0695630976380461 -0.346333420710627 -0.149000376577889
-0.282533820223637 -0.136696512455005 -0.279052202098446 0.0981865053968164
-0.333203922895589 -0.0310749581443036 -0.175531585261786 0.0518914796021547
-0.271862447880847 0.111155002996682 -0.140247139677948 0.0633736218526762
-0.112140647503489 0.240918846022206 0.00990734364622769 0.0469914502354624
0.0304242758169356 0.269863056360794 0.00368949207035729 -0.0548603632322326
0.147276513478732 0.224438228062828 -0.0538979424686739 -0.1069896307745
0.1976340060362 0.152527855831655 -0.13389291674771 -0.131602358160738
0.231291853423384 0.140310095959769 -0.16278154249091 -0.129803362542027
0.227351770771021 0.141189930188245 -0.166832616247015 -0.116101544007352
0.244261451520386 0.208461295956927 -0.13347810457671 -0.105498212577228
0.176370969547919 0.319988275103114 -0.0668443817017237 -0.0973377803788033
0.0301231868782591 0.381147676982002 0.00459174823351615 -0.00105459421536998
-0.245344911266644 0.364195698180028 -0.0695138369086207 0.0685292391418712
-0.441128604955234 0.146739672536417 -0.183989003238433 0.01733234701608
-0.396543023690192 -0.032663907716012 -0.236243629510988 -0.13013241825503
-0.353301909250835 -0.14735461023225 -0.156421531896289 0.14549492481566
-0.415602719697181 -0.0175533267324813 -0.101810400650694 0.0413436110295194
-0.344450556994921 0.142191274797631 -0.13630122276058 0.0597134785041821
-0.164190591164238 0.306357960846939 -0.0156033805768401 0.0719336564040786
0.0209600136860886 0.354335828395206 0.00361391491294301 0.0230262140351707
0.172770845878662 0.299043414589683 0.00172754686957445 -0.0222005482464748
0.241254303784084 0.203889525160148 -0.0469904162016832 -0.0635140868648257
0.278925505731679 0.179658047636123 -0.0589637886370543 -0.0684426770320941
0.274049276014498 0.174941162045151 -0.0621584349581866 -0.0558940454437871
0.291906463075929 0.24712953298821 -0.0493863192363125 -0.0435564874631088
0.213519821100914 0.370350546542041 -0.0192085641959342 -0.0397409199366831
0.0480085263722531 0.433371061188391 0.0272790093459829 0.0220048370686273
-0.240134635421188 0.42403968143971 -0.020491470228452 0.069891047791599
-0.471908028561601 0.208683829347118 -0.0935638857637111 0.00787031637437933
-0.453364960982232 0.00814449186348791 -0.0914158641359468 -0.12014904910272
-0.375481153459497 -0.128434524695508 0.000998856648996069 0.195563544996649
-0.438077401383466 0.0150210518747843 0.00952000430901097 0.0381654611260666
-0.35798090743086 0.170072334600185 -0.0977129297147194 0.0528789980061744
-0.177521472684518 0.327770055154779 -0.0350557309175584 0.0933543829192089
0.0165855620244796 0.380796826252563 0.00462184943971258 0.111473011848201
0.176781471602274 0.321648820650645 0.0607822659396103 0.0792947214038689
0.250004113087845 0.221185386927862 0.0493516054787594 0.0217960518149956
0.284600026204535 0.191134747099562 0.0525154527499586 0.00475284511011196
0.276180614823943 0.184518511725694 0.0486733847231911 0.00637150646017362
0.286541629087833 0.251661579727543 0.0425386127608106 0.0140021580149076
0.200827396974685 0.362377006958202 0.0362210674357243 0.0164441110842685
0.0388819658554121 0.405604018331418 0.0474163404901444 0.0397160484418198
-0.207842231059247 0.388705839180616 0.0260431254712942 0.0566539380719262
-0.42703464547822 0.214069700758803 -0.00165680792177745 -0.0171867311212063
-0.430603230417593 0.0410904195842643 0.0594884854278615 -0.114693917910962
-0.334173367791635 -0.0802161152724334 0.166616881035682 0.229356359219416
-0.373743962167367 0.0525736963072316 0.129298378352464 0.0345221658548582
-0.287333169384764 0.169247494013555 -0.0358674403268458 0.0447123695295272
-0.141050400680559 0.281054062121571 -0.0391837805065285 0.106551095855629
0.0172262199431844 0.328761092523885 0.0134499178094656 0.18618716797373
0.153829823216431 0.280026473289552 0.117490285355287 0.170339341660641
0.220119147972869 0.196844443450923 0.142566826857415 0.105986492955678
0.246681683951544 0.172897730778728 0.155773088565121 0.0764631243637618
0.236898406308105 0.169961484469195 0.145627883075533 0.0664385145491802
0.230597526067829 0.221514835129936 0.11802719032427 0.0653197539886019
0.139481387296681 0.301918951137795 0.0779349090662937 0.0646416173354571
-0.00128345758164937 0.30653992171727 0.0530778850055275 0.0534292574046807
-0.159039272351066 0.270738584632184 0.0563797173262993 0.0392855208517591
-0.318459128684018 0.164977527870902 0.0708331559911026 -0.0401291252398427
-0.340694349440912 0.0586449943974023 0.189237801572901 -0.10799814421029
-0.23308490314857 -0.0158430167631432 0.309157191357996 0.232934587304677
-0.230620945428103 0.0763345659019963 0.22799901200559 0.0209895908026987
-0.152475022299866 0.123079811218816 0.0337371107703614 0.0269089155411315
-0.0803332382923038 0.169859936450037 -0.0303282729029317 0.100507657723145
0.0130073296861346 0.21015173494254 0.0275597308843019 0.226443006113023
0.103307883653784 0.188213284810806 0.161289454041072 0.229106412727163
0.153200036751835 0.139857865239299 0.217314237573528 0.170162430101212
0.17378486997161 0.129375726889903 0.236323046826508 0.134952431273916
0.163897290643331 0.131108815054882 0.214244646817507 0.117680635655878
0.141750500402264 0.165003094450946 0.162791862898675 0.1086061717589
0.0562963884791382 0.202090448797857 0.0941124837421562 0.102845158830026
-0.0433444027330971 0.169837277717597 0.0400411106490753 0.0603781159683875
-0.0918874452035893 0.121178383645146 0.0664747981830296 0.023714792305365
-0.173058955243751 0.0988182463373262 0.116174717993019 -0.0510134685548089
-0.209379028024475 0.0696320601859951 0.280056034403496 -0.0977690143401161
-0.0868193627739543 0.0423801102756627 0.403694128735802 0.204713816581204
-0.0502575492653875 0.0634212816521966 0.288647953213471 -0.00444899523355813
-0.00734070192544323 0.0348333386880524 0.090271908855727 -0.00819866860381495
-0.0291975382292525 0.029195531626535 -0.0218125023714951 0.0741372348163303
-0.00686869047711131 0.0659258910926261 0.0381816827589139 0.226904458859139
0.028627988617223 0.0722637060937483 0.184552673132079 0.247452757390659
0.0586465454491144 0.0654160545044207 0.263352062414003 0.203740073682383
0.0731891870202522 0.0668330277604548 0.280449692384677 0.173925216255753
0.0720906434259935 0.0706446551597689 0.246389838670233 0.15696577779785
0.0452417321067698 0.0818920010965155 0.174391175808434 0.142710934099429
-0.0140845443294126 0.0826202236492344 0.0856444968618911 0.126516166743703
-0.0546855874853671 0.0306005765388853 0.0167971067536939 0.0570078878026867
-0.00335959034299373 -0.00569776137330812 0.065874320977238 0.00875373948431566
-0.0176233270230462 0.0499987955348853 0.142761566694037 -0.048274156591057
-0.0631065556612059 0.0826849254640084 0.328576297450296 -0.0816577331834294
-0.0618587597272854 -0.0672842462215961 -0.371302402673002 0.0531373660272484
-0.109196470986521 -0.0260162633431408 -0.190367521579202 0.0990086418885753
-0.0776244168857268 0.0577302790050734 -0.0803806711606821 0.0476586728782845
0.0161077719647032 0.0750834503619207 0.0291944216920479 -0.0137146240386356
0.038208692903527 0.0418143353699242 -0.0303571502294752 -0.135468378161709
0.0444712655173521 0.0175001012656444 -0.143196928480624 -0.168308460196376
0.0351052732807825 0.00183591743848408 -0.238071999256915 -0.169887922066847
0.0355884643132789 0.00766374818701475 -0.286146814885347 -0.178591694172617
0.0399219774007561 0.00946307794258613 -0.284578314747528 -0.19014520043761
0.0629859454554866 0.0341568257823393 -0.212696718012078 -0.20418742673871
0.0612064803781253 0.0765246260649765 -0.0981711544586693 -0.188791403198162
0.0141585877537965 0.120475555810435 -0.0139377551564055 -0.0684579275877591
-0.119329361953784 0.105578653056614 -0.112101047272827 0.00446921554696232
-0.158993185507965 -0.0213420404386155 -0.262520027603247 -0.0164418679088833
-0.0954337851760103 -0.0822489502065809 -0.396733769411845 -0.162589096704428
-0.180965552753306 -0.10159268280724 -0.345719581660995 0.0677685743057732
-0.224155773924065 -0.0243119056741958 -0.197768485090062 0.0747530060336148
-0.173247162715283 0.0902989593179672 -0.112528893853569 0.06424491446179
-0.0397054299162095 0.160907488993962 0.0298740222168153 0.0172620523238227
0.0439461209939436 0.156097999298682 -0.00608529538588765 -0.106290101139124
0.105309668935599 0.11903435622213 -0.102867074336012 -0.154206942741325
0.12622310155844 0.0770410725771718 -0.200326858306136 -0.164033878035104
0.145478341171654 0.0772349860362239 -0.243976260576084 -0.165395204637127
0.143454926768836 0.0834429734190299 -0.245771119876318 -0.160857774600352
0.161560860056415 0.13347957066376 -0.190337343318921 -0.159793450658012
0.11982979399339 0.212436660061812 -0.0946921445282853 -0.147568288910629
0.0136858827226966 0.263699111220658 -0.00969843648304952 -0.0328108815170326
-0.20255237481012 0.245628309875396 -0.102933849443028 0.0430055783016681
-0.32764367680317 0.0616980308442325 -0.241152102361407 0.00731248021499756
-0.268557951332327 -0.0681428567877279 -0.343084063295577 -0.143076186155985
-0.283280098235691 -0.130823733391535 -0.271390332842856 0.0984858754118432
-0.33013471926824 -0.0248798586574505 -0.171743240560175 0.0521182509726001
-0.268513342028345 0.114687564610357 -0.136676193347373 0.0693261757735743
-0.107914504357751 0.239107392736107 0.0114595390708853 0.045697271843933
0.0352913956723733 0.266034094546481 0.00423018203613255 -0.0511565437180844
0.149945170030328 0.218141275659603 -0.0528724739967911 -0.104584091747943
0.197971379544976 0.148374304723515 -0.134637904277326 -0.125998750402578
0.230553335952882 0.135396564832141 -0.163786808076539 -0.12635791882824
0.227312810141306 0.138490882479883 -0.167280893633048 -0.112554962063859
0.245334046164393 0.202767515138342 -0.133322622642014 -0.103030904877873
0.18115658817058 0.314183466437678 -0.0686172829228983 -0.0949985543854475
0.0351964529356386 0.375340755594344 0.00643073263058987 -0.00371581140968751
-0.237122947065909 0.365306006880108 -0.0669073926454691 0.0656084150866061
-0.434663795076973 0.154190054508419 -0.178138495290401 0.0187028423941948
-0.393711179823026 -0.0305365386838294 -0.23374648751815 -0.125493219787044
-0.35501764710634 -0.141294140392893 -0.150046637418709 0.143648400910384
-0.410692167987907 -0.00829327857955396 -0.0996881613235073 0.0402495783601712
-0.341159641694007 0.147187112072164 -0.132290367742036 0.0659131432484689
-0.159507824910549 0.304947314936271 -0.0142253587634332 0.0704228493793148
0.0267652599405609 0.351178902750859 0.00576554809445232 0.0260777821934436
0.176522106344802 0.291653229523635 0.00378283212946203 -0.0222449919773826
0.242938379222264 0.199104809394485 -0.0478702191494585 -0.060757897363651
0.279875329239314 0.173626039774706 -0.0603342719615466 -0.0673540831693896
0.273633898591489 0.171239626729089 -0.06264547614129 -0.0550709531214883
0.292988324377827 0.239064383846559 -0.0490688771401736 -0.0431549273226482
0.219627865858445 0.364087136370379 -0.0203181929827209 -0.0379670668518285
0.0549077612267696 0.428346265535752 0.0287164711202727 0.0194508095660803
-0.230344602667684 0.423131914149911 -0.0177151213311251 0.0657769398118096
-0.464846087124102 0.216038281966585 -0.0887468298160819 0.00663197403686867
-0.450274697397027 0.0116747954261475 -0.091810042879561 -0.116059509709369
-0.376293290704188 -0.123719549373899 0.00484446391683476 0.191407165251236
-0.43247822194635 0.0222795872440674 0.00970413088423718 0.0357924247554416
-0.355680180812559 0.174746403538983 -0.0939539505370284 0.0582645973179587
-0.172585725226288 0.326952633324635 -0.0331882996442356 0.0921280401770054
0.0234240142750771 0.377799377781536 0.00870301496269458 0.113537941338146
0.18223446818538 0.31490896409482 0.0640553911111138 0.0765443364725584
0.251474911864791 0.215589804179995 0.0483403285940117 0.0226214373752886
0.285362005409665 0.184427270335588 0.0517611210797616 0.00345211635610404
0.276686031808058 0.180236779934561 0.0482808204970752 0.0049556791952862
0.288090652262228 0.242965254334945 0.0431086476435457 0.012563194135484
0.207118612342792 0.356816850643218 0.0354028820881205 0.016739938170359
0.0438559626793121 0.400164010807081 0.0485046814121926 0.0374315597511326
-0.19901916470247 0.388864806810274 0.0280683528182041 0.0505113330012098
-0.4180547081722 0.221257328934107 0.000633356593190834 -0.0200248100421754
-0.425675410323784 0.042626848734076 0.0569783606310873 -0.111289446764082
-0.333865643749502 -0.0755829111399498 0.169482710731139 0.222839325873246
-0.367332191146062 0.0595946593046532 0.127034996041512 0.0310561370003813
-0.284816082837476 0.170007832554697 -0.0329954456719086 0.0482791784916405
-0.137343381074946 0.280803381364292 -0.0375730264007192 0.105148217055224
0.0239773013250621 0.32425809840221 0.0183991633912702 0.186900213446671
0.158772403486267 0.27452327399073 0.121376667004387 0.165909424356942
0.222140712595899 0.192201512641415 0.141440290424468 0.10391077111357
0.247795563225251 0.167019044523313 0.155320439657474 0.072461267257798
0.237178194703468 0.165030228329552 0.145273949572205 0.0621279937405015
0.232676642486331 0.215622335062454 0.11819017715326 0.0613539406763655
0.144638826405468 0.296543963031551 0.0780816145555513 0.06339335528295
0.00245146595007208 0.30345509400527 0.053946372045358 0.0515465259578179
-0.153965552843019 0.270210537945775 0.0576276161826422 0.0333934465631686
-0.311806374986312 0.169236550323524 0.0710815371997987 -0.0436252514261807
-0.335226527250396 0.0592829937822321 0.184069281275823 -0.106740918549497
-0.231717608867681 -0.0130111485485121 0.309360582501519 0.225859706569659
-0.225433878770207 0.0786655327834987 0.223901032129312 0.0181524911516805
-0.151444120018418 0.122934227322174 0.0350513232966606 0.0284636642537522
-0.0789343788524435 0.16991399179742 -0.0293057477625761 0.100055599510067
0.0166680416193789 0.207696534230204 0.0330489709102291 0.225937502761268
0.106904064477925 0.184615650810757 0.16554904086157 0.223564922892241
0.155131487889814 0.137095972136044 0.216936670241161 0.166471395122077
0.174473520118136 0.125092136292459 0.236118361236589 0.130313740963669
0.164325751295117 0.127403784900561 0.21375146732369 0.112463530528249
0.143446870010441 0.159802201679918 0.161841593590459 0.103054874968262
0.0601942210636225 0.199247014831531 0.0938070015833133 0.0997444323590582
-0.0410411588181092 0.169345040408705 0.0409184145892827 0.0593889000236354
-0.0902280775667342 0.120930454759225 0.0679057487887554 0.0184494925049554
-0.168861940068197 0.100781916515733 0.114297062306572 -0.0544846188605767
-0.204178712714957 0.069587552946336 0.273016691453867 -0.0972316522434554
-0.0849045247416878 0.0427496649928857 0.401777415761241 0.199216142930643
-0.0476150685366556 0.0628646720923592 0.282794916538209 -0.00695670693871863
-0.00777427474910162 0.0330478924741361 0.0897171354749594 -0.00864087992408951
-0.0294085298960657 0.0300427718438011 -0.0211410338298005 0.0738259385625303
-0.00524667924547495 0.0654380127854398 0.0428442514618449 0.225843414686658
0.0305452711457324 0.0712530873912465 0.188488257228196 0.241633502507165
0.0599422186638034 0.0644032052166865 0.262897196509621 0.197820367293762
0.0742574500318367 0.0644867506846973 0.281705889432331 0.167900130506035
0.072503846150572 0.0685589615809688 0.246572678266617 0.15076010343645
0.0465018595073085 0.0794935047528501 0.173221559375726 0.136503316492481
-0.012072582655999 0.0824355986800321 0.085860021392279 0.123000646219222
-0.0542621229032302 0.0317975808935372 0.0168514697196084 0.0558249666791728
-0.00510850063298653 -0.00672892089996428 0.0666543407282677 0.00417019139957181
-0.015833922679007 0.0493352990489419 0.139852659412686 -0.0513304676904072
-0.0588730715018124 0.0811640187446132 0.320537571110035 -0.0826010274533477
-0.0637725821178312 -0.0653701527031693 -0.367854217793146 0.0602380434038302
-0.109820940459754 -0.0215970297996619 -0.185674577884069 0.102247982585265
-0.0761190976151789 0.0608804449571222 -0.0780623656231247 0.0522770564489363
0.0191135325489313 0.0733981301157429 0.0299840501276373 -0.0144750984965161
0.0391816313616953 0.0404301242522189 -0.0332390374197959 -0.13341886531191
0.0439725009048437 0.0154581154422462 -0.146757515842549 -0.163394937649266
0.0339832501709486 0.00113129417981306 -0.241214869138693 -0.162600452929923
0.0359693132181869 0.00742164466096028 -0.292601035991223 -0.170365812736767
0.039561546101752 0.0100198498102742 -0.290776538730487 -0.181442740191404
0.063511457080394 0.0328213948660637 -0.218692689758942 -0.197775028583094
0.0638107514149364 0.0739314234772386 -0.104046424250648 -0.186642316050979
0.0185190180219312 0.118954135225749 -0.0149916473769795 -0.070723542512529
-0.115298009423765 0.109815323705988 -0.112507712699635 0.00642909093264431
-0.160193860512111 -0.0161483349952365 -0.259612940666057 -0.00965843852968806
-0.0991825920642187 -0.0801586470323005 -0.398938423343819 -0.154263036220477
-0.184337390915767 -0.096634798003609 -0.3410882179086 0.0731973338315381
-0.224890035133846 -0.0161561839779517 -0.194049111744588 0.0776790950481667
-0.171269694015156 0.0960637680424978 -0.109930584114382 0.0708927334836694
-0.0344241065352625 0.161093755560506 0.0314201805835471 0.0160738680217938
0.0494434083475398 0.154729059427291 -0.00748361091153564 -0.104007528425742
0.10846354735063 0.114638926976063 -0.105718832683712 -0.150596564447615
0.127529390630826 0.0733660808595879 -0.203848247658198 -0.156883179583964
0.147382134699124 0.0736309735145246 -0.250381966791672 -0.158827161556987
0.145762759978661 0.0811323672199695 -0.251397161975758 -0.153351708869201
0.165497591165894 0.129255764659616 -0.194819275944472 -0.154468153204531
0.126887472122396 0.208444391565155 -0.0994823156617122 -0.145301941423623
0.0212851457528674 0.262799969879895 -0.00891777210575846 -0.035228469911323
-0.195641178567622 0.251782156605272 -0.101512021932989 0.0436531481746018
-0.32651925897251 0.0724488628898421 -0.237747311101062 0.0122656684869397
-0.271742229256342 -0.0632872344052985 -0.344576787967058 -0.135139367558929
-0.288154917620747 -0.12398089768356 -0.26718649414035 0.101308368912158
-0.330743890379516 -0.01327806572276 -0.169174364537574 0.0543243313267411
-0.267044415375867 0.123312622627 -0.13343669741714 0.0764888103834772
-0.100722584465047 0.241796243841103 0.0128913678912885 0.0446518331787573
0.044224947514493 0.265182394907854 0.0052610720724487 -0.0488777017520822
0.157164330001167 0.212826221054947 -0.0534597929574941 -0.102313463781322
0.202747000283822 0.143434577158933 -0.13733768249965 -0.12111953296102
0.234671282763411 0.130115714828661 -0.169270090340728 -0.122494540508987
0.231239943950735 0.134779019259265 -0.171328938038936 -0.108130495546844
0.251978841966323 0.196988132201919 -0.135819763531326 -0.09981860515671
0.191993001149404 0.308490289238226 -0.0718754434009446 -0.0926731620786295
0.045229440149799 0.375760617838666 0.00765285405549333 -0.00632261401156515
-0.228217636509395 0.374180207533294 -0.064758786917181 0.0637271281834981
-0.431318123631107 0.168649004251008 -0.174589970987996 0.020576637804893
-0.396899875111433 -0.0240603320968269 -0.235944925852991 -0.119044687365116
-0.359526005413001 -0.132828577189636 -0.14461386796697 0.143843508443252
-0.410552132332851 0.00529405448240242 -0.0980695997423519 0.0408100334987031
-0.341085119932266 0.157841681876345 -0.12930430953447 0.0727658502910648
-0.151408791096168 0.309823102961746 -0.0122290261156311 0.0695633974852503
0.0385904365970062 0.350076380909713 0.00926286216275769 0.0281118018710936
0.187403710203018 0.286406886093849 0.00614556267100533 -0.0230253424182257
0.248911422578403 0.193464910033399 -0.0496345373722775 -0.0580002969143943
0.284810821807263 0.166489275815844 -0.0641675456511347 -0.0657605811441824
0.279664674925642 0.165834803880206 -0.0653242426648661 -0.0543417461515392
0.301188659995859 0.231887156113559 -0.0495150926801479 -0.0423377738205212
0.23126861474146 0.357685506686187 -0.0220247568809692 -0.0365787583341674
0.0660295157545534 0.426688099246949 0.0306058432360657 0.0165588935348214
-0.219066869337974 0.430668253164468 -0.0152769229599489 0.0617246309668942
-0.458122302474555 0.231205549944257 -0.0860912890404233 0.00594293523678939
-0.450005506872578 0.0172272546613409 -0.0944145398187417 -0.1122327132058
-0.379780198903441 -0.11393499994431 0.0115952917355739 0.188382633413953
-0.430676930894503 0.034757398815134 0.010622779408877 0.0341409021619785
-0.353824375098036 0.184500071363153 -0.0907861565485289 0.0641118927368699
-0.164974338682325 0.33272713127654 -0.031435338229655 0.0919212024617464
0.0351135261333832 0.377426147745037 0.014648562882979 0.116486188041006
0.192733324483402 0.309393623975231 0.0689760185856759 0.0736194964240565
0.258648104373565 0.209658625079442 0.0492944533443027 0.0231306212754952
0.291088879247813 0.176846069070628 0.0514025424540209 0.00193497748289479
0.282480972025081 0.173658112757999 0.0478928130796653 0.0025929703016037
0.296398925756722 0.235343179101561 0.0440674891701372 0.00975655786598839
0.219700426819132 0.350175055781132 0.035634813670906 0.0166626474930525
0.0557240371722175 0.401252106688903 0.0506378188022235 0.0348454987764469
-0.189581423069866 0.394800512946462 0.0300123883624542 0.0453250768973599
-0.411340047829185 0.233924155270631 0.00254577425332902 -0.0229502587553979
-0.424772965979585 0.0495952282109344 0.0540981592335402 -0.111121514104929
-0.336823990393772 -0.0674314445717199 0.175646553834663 0.216988397677367
-0.364521433681242 0.0697308857148916 0.126896544680984 0.0275440062035027
-0.283231099769497 0.179067255768419 -0.0295975463725257 0.0515874581782641
-0.131418082690847 0.285472941862708 -0.0363048422489512 0.105768029201658
0.0342864024196989 0.323942402205983 0.0264452078615216 0.189411905589776
0.168225650056789 0.269933004838492 0.128925810324408 0.161408206651998
0.228326496793266 0.188060806720542 0.143646517164448 0.102168823874515
0.253109194014336 0.160353278135511 0.157678595089341 0.0688573703273209
0.242464445893205 0.159580445375351 0.14661857228482 0.0577659520760482
0.239293123453159 0.208326940590145 0.119771496672127 0.0564258745212347
0.155093512364869 0.29222267276096 0.0792748946528455 0.0617654254887133
0.0101929759152734 0.304526713474527 0.0558473656739875 0.0492026327415771
-0.147332894554953 0.273880255662344 0.0591014820325204 0.0267867161669914
-0.305267861183944 0.178707262611919 0.0706908428026908 -0.0479939146252662
-0.33332660145074 0.0640389986429082 0.18035724972832 -0.108121525412057
-0.23250670963838 -0.00770644255691088 0.316292965537634 0.218759140233816
-0.222256020279967 0.0841976166719283 0.22262188628626 0.0134811311224977
-0.149718353793757 0.126071214372264 0.0368438751706369 0.0293887295849415
-0.0757041415751006 0.173550732767756 -0.0272638324210754 0.100469369716123
0.0233006561953 0.207501421992905 0.0419776777706369 0.2274093136606
0.113205660694844 0.181059125027834 0.173889512103308 0.21780742466383
0.16014624319157 0.133186208793619 0.221185224963632 0.162223768624676
0.178353092242262 0.119433070834012 0.240470730901737 0.124415154762293
0.168290372431111 0.122783842236828 0.216621737799084 0.106187857470028
0.148180165482345 0.154688116407616 0.163937159170759 0.0972866637010035
0.0669429972919805 0.198000817242858 0.0960729417715154 0.0972793875362185
-0.0365531993807377 0.17178855863094 0.0422981149821233 0.0580876601522217
-0.0880289694338913 0.122301845001454 0.0692071507617689 0.0127432919147677
-0.164896814315095 0.105705565766838 0.113184826336693 -0.0587647332839115
-0.20044032221917 0.0720819017862423 0.268404041080316 -0.101368798445653
-0.0835253263272843 0.0442793088011449 0.405433179245862 0.188691946852533
-0.0447716358975004 0.0638245457989479 0.280537230567067 -0.0124781632384645
-0.00850523493897245 0.0320805640891127 0.089033759738098 -0.0102118935948837
-0.0297578045450296 0.0313272778961165 -0.0197336311774756 0.0756848718243277
-0.00308502668715136 0.0656868370118038 0.0510801453765331 0.226337802492552
0.0332258521359278 0.0703638336157124 0.196963104046127 0.236574575010797
0.0627588180718535 0.0632977195915174 0.26859547845041 0.192449431212629
0.0767063777942515 0.0621607936411231 0.288051695645798 0.159633426862113
0.0742061696677048 0.0660521441056782 0.250983108030905 0.143719043160424
0.0491373355570442 0.0776334490916458 0.17557780159926 0.130648584037387
-0.00959251020127324 0.0835073327229831 0.0883069824126117 0.119713559035294
-0.0540691368399941 0.0352618512232057 0.0178791102035053 0.0557073937168893
-0.00670019173655215 -0.00735536484040505 0.0683452240553918 -0.0003849905154478
-0.0138918763911904 0.0490480702308317 0.137307007679791 -0.0558974866861488
-0.0544938074677956 0.080974830408751 0.315389162766464 -0.0874581053673603
-0.0665498668238122 -0.061592550370929 -0.359986582604108 0.0726068940634165
-0.109234431000863 -0.014761313747259 -0.17716305420371 0.106629341982988
-0.0718577158501065 0.0649116584031362 -0.073744768011803 0.0579650334995397
0.022762904453973 0.0703522530795589 0.0302434549730416 -0.0160326551578573
0.0413580016587132 0.0376973714948536 -0.0381626824656597 -0.129059190229164
0.0431607892977597 0.0125051921888703 -0.150955266468309 -0.153378818952917
0.0329558266102394 -0.000648421897190327 -0.243960739675146 -0.149746074504499
0.0357573462081579 0.00715668141752166 -0.298914753806783 -0.155107578456986
0.0395161259383915 0.0101881462100416 -0.296819132634685 -0.165621644010521
0.0640547712809612 0.0297068085668501 -0.225542112434402 -0.186001410686366
0.0672552549540019 0.0695434671502715 -0.11202028835265 -0.180913715958813
0.0238167927960538 0.115877594415915 -0.0175906997216665 -0.0718593078419903
-0.10807407298147 0.115147935335348 -0.11142219679243 0.0107135651561968
-0.159689658856531 -0.00775887800849053 -0.255670039365703 0.00104431740923348
-0.102715033154922 -0.0756971642637071 -0.400311747702148 -0.136267845988033
-0.187381592403486 -0.0873022327316794 -0.333078551862668 0.084482506567794
-0.222451614726946 -0.00402798928782073 -0.187017615005882 0.082786996271962
-0.165354204167981 0.105207401415739 -0.103748837954357 0.0778707550003224
-0.0264389766622819 0.160481049727868 0.0324256051931254 0.0136758707705752
0.0574457060068934 0.14995691354045 -0.010607744034683 -0.101637608222582
0.112949625543862 0.107444372044411 -0.109566017229459 -0.143579440171666
0.129573971374876 0.0673699096908493 -0.207441576968261 -0.14657600196589
0.149880067361196 0.0673462378366667 -0.256750642528837 -0.146183940144843
0.148679903438243 0.0758610058919009 -0.257223999565865 -0.140087792429414
0.170101473701192 0.120653931740502 -0.199667828036234 -0.14495159428088
0.136301355405175 0.199811811801564 -0.105880692667944 -0.139417939675491
0.0330508403934718 0.258297179914648 -0.0102037826411411 -0.0374330905927798
-0.181602101662535 0.259353665193406 -0.0990790470019236 0.0454685090256125
-0.32082212309318 0.0880967701598482 -0.232871958215053 0.0213633092677157
-0.274004348888132 -0.0524270850576376 -0.345345752524213 -0.118687639791289
-0.292349058457473 -0.110220642436881 -0.258480688222773 0.108890569488598
-0.326602649008374 0.00396274369985144 -0.164075819133176 0.058408744290038
-0.259919779041128 0.137194777458511 -0.126136732923189 0.0853536201737532
-0.0888213609078041 0.244020779911474 0.0149979305741939 0.0430654881466514
0.057623061431081 0.259479151018913 0.00545859881119799 -0.0471310742794671
0.166043071792124 0.20168452750454 -0.0556502886523933 -0.0993817993243265
0.207201299803736 0.133227174598006 -0.141370575914078 -0.113250161863937
0.23979172703567 0.118582778948729 -0.175189353545008 -0.113503291372581
0.236821182998198 0.124651344339782 -0.176135396264319 -0.0999716694787391
0.259098214057887 0.183379997739821 -0.139144934820893 -0.0930935497300832
0.206420637870642 0.296451020332157 -0.076555779515399 -0.088149980853687
0.0629388647281485 0.36915376617252 0.00818506659263634 -0.00955337323076731
-0.20798429397553 0.382083015847405 -0.06182592645932 0.0627566904032924
-0.418769687227677 0.187633786820627 -0.169749082680626 0.0258758914503936
-0.395541997824947 -0.00903585133259259 -0.238301105285239 -0.107934279853577
-0.362993113517013 -0.115362978603653 -0.136412027694873 0.145178757512495
-0.404940244992318 0.0247942944485335 -0.0947171008165356 0.0421406848661488
-0.331489388936922 0.174206440369089 -0.121931361576056 0.0810926233944271
-0.135925099394414 0.314934550856631 -0.00920349272881964 0.0690534708866598
0.0555585455525844 0.344914495149723 0.0141545401658124 0.0296969168724932
0.199786387087769 0.272990847977982 0.00751899780125622 -0.0242417818994211
0.256596556962948 0.180514036401763 -0.0515368351126068 -0.0543471294783716
0.290620926172176 0.152469047959658 -0.0676640268631566 -0.0626113841776451
0.286343758449135 0.154368324055184 -0.0679645132548573 -0.0520046115291079
0.309225441189093 0.216381775146579 -0.0509099095267391 -0.0411631969015097
0.24995191559146 0.344009126549063 -0.024363643509008 -0.0341025182320043
0.0850833404268634 0.420496110682572 0.0319116196750968 0.0128915277018009
-0.197536700776623 0.437672689239546 -0.0123929502295149 0.057881956725959
-0.444056453576547 0.2517873348934 -0.0827663050300664 0.00662382825998942
-0.447531814559027 0.0343468188514301 -0.097595705406698 -0.106144405553844
-0.383283243290495 -0.0971727576194066 0.0204724359598135 0.18293292943496
-0.423563822918586 0.0560412588038814 0.0121533292991297 0.0313784646479382
-0.344339880843907 0.201464683677344 -0.084799442905711 0.0703492543051674
-0.14956484314603 0.339313800801634 -0.0276804617382064 0.0925148682779778
0.0535172380149078 0.37181293238506 0.0236359036911552 0.11672970976245
0.207213192496345 0.295388183229025 0.0749537444984141 0.0682228993165201
0.267448465342134 0.196927606382368 0.0497543115195567 0.0217660776901597
0.297981194712604 0.162766051084156 0.0499917699156567 -0.000609721371643634
0.289893202405251 0.161639403640422 0.0473992477645007 -0.000365815812500986
0.305969139297369 0.21946677176161 0.0440742714948795 0.00631925411064431
0.236192960017086 0.335883797860098 0.035980083316131 0.0156779908935102
0.0737483489818042 0.395984931764933 0.0526951691175081 0.0307357431881973
-0.170416199770474 0.399038876057306 0.0316937048623931 0.0391329718421527
-0.397851906692899 0.251835068650786 0.00262794229397647 -0.0259665682984162
-0.419280326117026 0.064454426339653 0.0486388955767762 -0.110873342240689
-0.337823186337409 -0.0526919298241367 0.184493029907464 0.205790400264919
-0.358048717785126 0.0858919939988864 0.126888781457953 0.021519689204267
-0.274586217752861 0.190813054615871 -0.0249072543086833 0.0548899303221382
-0.118187197685434 0.290052125979653 -0.0324518808026245 0.106345354206535
0.049914669115209 0.319966090136213 0.0384477433185517 0.188438419627051
0.180923977283911 0.258731941980364 0.137128407191635 0.15249068201314
0.23634316893531 0.175462007792792 0.147860866768847 0.0959875763766736
0.259232522831637 0.147550893501752 0.159602089813524 0.0606780396641069
0.248670198032238 0.148181530582289 0.147501675454766 0.0494435168508415
0.247571596743815 0.194540699195195 0.120638370435582 0.0492684290542161
0.169262347096129 0.281722529365974 0.0809379290731783 0.0584074006806754
0.0249069992902061 0.302488945647979 0.0580426516685667 0.0449746188955282
-0.133739248908499 0.277788874919328 0.0595970986269406 0.019256960268587
-0.293727785570238 0.191079022425237 0.0685955765173437 -0.0528530764038715
-0.327680407409744 0.0748091896171607 0.173617566413306 -0.112638922948648
-0.230697637006164 0.00197079170659452 0.323431780793576 0.202931024419001
-0.215358939163675 0.0932466797836107 0.220501450526818 0.00401102394281936
-0.144201020121472 0.131371324130321 0.03918744089964 0.028606039934186
-0.0676448822151332 0.175523196401195 -0.024636485821227 0.101545852729629
0.0330446949072009 0.204976565560716 0.0546331585217824 0.22556792803483
0.121913865390935 0.173777631698842 0.183821822749015 0.207303898539346
0.166292748134237 0.125436689814956 0.227093531124945 0.152198180057122
0.183212756981429 0.11021198469178 0.244875003862191 0.111937602210985
0.1734035907209 0.114107691078731 0.219482198596683 0.0942632281555728
0.154329815703871 0.145455252247703 0.165999669155061 0.0881506355630653
0.0765712570648478 0.192786888895995 0.0990466979848035 0.0921160737914696
-0.0284523567446219 0.173018642853825 0.0448432100168695 0.0549022306606143
-0.0823081521098236 0.124162971031076 0.0688600122816861 0.00491532187621251
-0.157211704346848 0.111247207881279 0.108407264389003 -0.0646437691177164
-0.194867583847392 0.0773748464054168 0.26061757716923 -0.108089517858153
-0.0799519842246268 0.0474963525140771 0.411079623520218 0.171675453384709
-0.0408614596902099 0.0643249474458648 0.276494185600359 -0.0225636253556754
-0.00823976642276051 0.0314158334883659 0.088484016040858 -0.0135384941679037
-0.0282955444720457 0.0334161979654689 -0.017360727353585 0.0770643781295017
-0.000206086730464445 0.0658422364551245 0.0626884420880722 0.223237663608257
0.0369295994660896 0.068500600332658 0.207052507210849 0.224090147930855
0.0660975494186531 0.0599731952004441 0.275503206976132 0.179543622400331
0.0792621924122616 0.0571666895307533 0.294678376958287 0.145539447632246
0.0765560841865438 0.0612065691686977 0.254752815981874 0.130954453424799
0.0521413683491321 0.0735478843484301 0.179190538553188 0.1203819031911
-0.00544921385698078 0.0840548804890147 0.0921939541833606 0.113872006347126
-0.0523049536251146 0.0391000463128307 0.0199732559338866 0.0543874231847083
-0.00841906561449122 -0.00802073283044579 0.0670550213178822 -0.00738651999300763
-0.0101925740124666 0.0484811518571662 0.131899173856579 -0.0615738755563044
-0.0487511326955595 0.0811413559917678 0.305920054462137 -0.0967671779598302
-0.0669812251501275 -0.0566342696365515 -0.343901900057001 0.0819195190423875
-0.105168322807407 -0.00815839364557555 -0.165189718678737 0.108828313849408
-0.0646076205773624 0.0674081845353775 -0.0671202792763927 0.0608392022690055
0.0250900155979718 0.0660776844380757 0.0295556815475884 -0.0169988972842093
0.0418020289134789 0.0334568830381242 -0.0418980376071213 -0.122089085139176
0.0412514500400553 0.00934401640207869 -0.151366941956657 -0.140036192304802
0.0305798648740435 -0.00181466336372565 -0.241437652738689 -0.134320626989277
0.0354372158568757 0.00592220894115709 -0.295791975084024 -0.135962952234471
0.038533352720934 0.00877930991605535 -0.294697214497471 -0.145537081414137
0.0631012798139096 0.0262938996779773 -0.225909219384306 -0.169126097850826
0.0686103027538698 0.0628334312571202 -0.117396191985989 -0.170167252140515
0.0287098253502537 0.109581507900406 -0.0198135056381579 -0.071293212204501
-0.0984930694770654 0.116837444507057 -0.10753333403037 0.0150301543266143
-0.155230735953027 0.00116929798328417 -0.244782277319921 0.0107961134710277
-0.103813329908419 -0.068581633992058 -0.390012150028535 -0.115228122760148
-0.185852264221331 -0.0757915192569563 -0.316601760756455 0.0919332978573039
-0.213315865865269 0.00768844199956409 -0.176811914501672 0.085152116204194
-0.153835479496737 0.110793929199569 -0.0944216122679519 0.0819355702596369
-0.0178660676630932 0.154723381489116 0.0326274181407236 0.0114093085411775
0.0625012410624586 0.140599751015419 -0.0137747562474543 -0.0962170510449416
0.113479861970947 0.0971911246686712 -0.110787010785238 -0.133105843107449
0.127823078749857 0.0594810270141812 -0.206646979494514 -0.131303976994956
0.148527781232842 0.0588205914306196 -0.25610447844255 -0.128405269934511
0.147346946259962 0.0683812571388058 -0.254928792508584 -0.123454618211235
0.169474705799859 0.109637203522299 -0.19938425557329 -0.130946108546782
0.141721957248908 0.185953471970637 -0.109696160873472 -0.12951192694316
0.0442729626141391 0.247588567836265 -0.0107414970587826 -0.0384604114634108
-0.163243437371452 0.258988172893981 -0.0938991237972666 0.0466324219081922
-0.305182303598722 0.099903841174935 -0.22076890353177 0.0287139238376983
-0.2686576501805 -0.0400881386927638 -0.336830173678237 -0.101115601116347
-0.287744413551939 -0.0930088137165085 -0.244085381343398 0.112287436275953
-0.313440839568379 0.0205405190594145 -0.155410872204424 0.0606535793004493
-0.244054154704909 0.145835869423222 -0.116417251987788 0.0904368531887425
-0.0743450578542746 0.239347807194919 0.0165855189920768 0.0398144569152573
0.0688201503413188 0.246328603494679 0.00531030931754058 -0.0447314935406527
0.170378836503866 0.185455028017346 -0.0560726490915106 -0.0940382900073778
0.206488494198472 0.119372830614791 -0.141306721206299 -0.101897525603023
0.23728785817443 0.103914118973074 -0.175799905594806 -0.100996738029656
0.235697711771189 0.111737087506502 -0.175320168186058 -0.0885123258060884
0.259014115894401 0.166003815692671 -0.138035657847676 -0.0843435438313677
0.215890668626015 0.276042219995303 -0.0782555448639103 -0.080559343904359
0.0769557702693052 0.35504655676571 0.00758197586092757 -0.0116533110139089
-0.182610610975276 0.378468626709761 -0.0571026250168561 0.0602447109450676
-0.395548579278759 0.201557604625985 -0.160032573374888 0.0291185115388903
-0.383766443182796 0.00557423846012979 -0.23318776846587 -0.0937412679138897
-0.357112263476353 -0.0948698221923717 -0.124900654587741 0.14195655504223
-0.389055770096965 0.0433313936831682 -0.0895489714498854 0.0419753437579895
-0.313504149797657 0.184593271094729 -0.111560495572947 0.0861209144014765
-0.118186702553459 0.310783195323854 -0.00611111091195892 0.0659402758672162
0.0716068091881764 0.328726370720927 0.0179866332164821 0.0289721060158454
0.207777004782494 0.251976019198843 0.00803061052930741 -0.0249658663229031
0.257617190015678 0.16313607702537 -0.0522594566177665 -0.0494789565391971
0.288664710037622 0.134051399819433 -0.0697200976606792 -0.0571078006990282
0.285008395362525 0.137266364230804 -0.0688392019083763 -0.0471756092854676
0.311316971657759 0.193032565882 -0.0508665593758837 -0.0381352030752226
0.259996973600069 0.320149919589836 -0.0252276153122193 -0.0308797558470498
0.102184442124945 0.404567392275474 0.0316079322790528 0.00843455717537795
-0.170289062659538 0.431598842377459 -0.00980554190122926 0.052562751762514
-0.417108138815912 0.263467187931154 -0.0783730863776278 0.00648542102491167
-0.431558964411567 0.0481470895130231 -0.0976833321822598 -0.0977115085144475
-0.374855404060679 -0.0780857202737769 0.0278892189539954 0.172410670716377
-0.40499376729679 0.0734182344482184 0.0127122760753428 0.0278256537824141
-0.324498273946142 0.210995696560812 -0.075634025607234 0.0734526118881512
-0.129317438869409 0.334105376934648 -0.0234805120851771 0.0895269129621657
0.0697545837298604 0.356052822623645 0.0315457330758939 0.112799618706148
0.21366470544746 0.274957517356761 0.0768496426875938 0.0607860157371554
0.268906027476046 0.178253694196257 0.0490448191337347 0.0195799434724656
0.296179089738949 0.143990905131228 0.0474308251657513 -0.00254601221192431
0.288776481937236 0.143944328431949 0.0441404684513695 -0.00262482820825854
0.306545714071764 0.197538436144008 0.0419154567339295 0.00324074254941743
0.246452244409872 0.313962866330156 0.0353991288922565 0.0148763876683023
0.0895052042260782 0.380116597601864 0.0524657320948904 0.0252465272129722
-0.146248202998451 0.393398686037503 0.0309663951135048 0.0318763505145903
-0.369153959007674 0.260685054046541 0.00224975290923519 -0.028544740735537
-0.40320742998836 0.0755808445670816 0.0425998588679315 -0.106835597002283
-0.328584555505971 -0.036831658415701 0.186711877102774 0.189222825507569
-0.339866673929444 0.09779558288211 0.12341410873731 0.0140710082899071
-0.257695161764725 0.197566243854915 -0.0195535650880802 0.0549832877336159
-0.101965480611218 0.286431143350697 -0.0279297204303739 0.104326317299848
0.062661292538894 0.307178203430379 0.0489522303819431 0.182210986070669
0.18793998589886 0.240290621055141 0.141157773852744 0.139640404737247
0.23860188080533 0.159802513752913 0.147550867221982 0.0869846403554285
0.257997464573442 0.130322773368669 0.156853273643997 0.0518716044363799
0.247994535942723 0.132237608139317 0.144121773224944 0.0412661617609528
0.248587056870428 0.176160710762491 0.118094341313043 0.0410789724809992
0.178031477240037 0.263874270283582 0.0812177716046836 0.053107511778718
0.0384873488553324 0.292056692481613 0.0585051512474957 0.040005380759992
-0.116952421351801 0.273200152084892 0.0573547541224095 0.0115993365853919
-0.273155095982773 0.197945563551612 0.064125016365517 -0.0566640044807422
-0.3131101658515 0.0825734210119031 0.162982739175087 -0.113368429968307
-0.222328136666707 0.011497968020406 0.320841569566266 0.182181439407546
-0.202889200938614 0.0987366217509514 0.213026695405943 -0.00464269300381449
-0.135127478962912 0.133153318103028 0.0407165937864164 0.0268434775378365
-0.0585605912874551 0.173335997440343 -0.0199717084572513 0.100093519935045
0.041697546275501 0.196663091817843 0.0658276509386876 0.216073257942445
0.126167959966411 0.161533373860816 0.188418648910802 0.189914862512952
0.16775775919801 0.113602383977731 0.227403456518202 0.137853465708766
0.182374599337506 0.0980192310046503 0.242845947914086 0.0975748441794775
0.173228853482849 0.101907910058348 0.215459420156068 0.0813370071537409
0.156071943330962 0.131962190296242 0.162407528815316 0.0766175789459118
0.0835299840003509 0.182782227420169 0.0994072946876243 0.0836183269102115
-0.0192341838144817 0.169498562895425 0.0457083863753624 0.0506916019800885
-0.0750599161121392 0.122592236294375 0.0660034417598296 -0.00256661177754704
-0.145937354336814 0.113789891586908 0.101950221849581 -0.0683652774634933
-0.183945570036966 0.0791567345073643 0.245737498744273 -0.112531327592221
-0.0743497269648251 0.0492315191696863 0.405787965662277 0.150747841240797
-0.03617740265856 0.0626234545555532 0.264925173121373 -0.0303943000919082
-0.00791782989605731 0.0302107543320485 0.0849923621168092 -0.0160834660030606
-0.0263017692543357 0.0342571708603643 -0.0143750405580921 0.0762340989365664
0.00325959270448405 0.063938722289179 0.0729358697084612 0.213262681886812
0.0395494584058392 0.0642199245497152 0.210549027877236 0.206652067509005
0.0679010327753969 0.0549813696620035 0.274874915027665 0.161582492635732
0.079320434047794 0.0511988003837507 0.292974426079897 0.126575717923239
0.0768002439685742 0.0547157834684656 0.252626142755835 0.115306873456442
0.0533372817058873 0.0683074926761653 0.176126472022953 0.107105846655535
-0.00148938572357578 0.0825056219454826 0.0929078208639327 0.105376208453256
-0.0487803288396349 0.0414623952187633 0.0215074899167916 0.0517514828196021
-0.0100309114789235 -0.00794562765680511 0.0640374652214209 -0.0135746839884358
-0.00747434700587173 0.0459491615053092 0.123626083241533 -0.0646717176246335
-0.0427045877302742 0.0786783763880777 0.289398212475121 -0.102759321484918
-0.0741671716379211 -0.0444219867093197 -0.308701847360717 0.116936647525195
-0.0994424614475488 0.00507829988198636 -0.140212263266644 0.119003024031524
-0.0526640327374621 0.0713219397247918 -0.051324977652479 0.064134403310237
0.0297137026792742 0.0579201157205848 0.0263493765925756 -0.023063151255854
0.0430452261723692 0.0258448010850303 -0.0547526870643911 -0.111627858239047
0.0383818332653406 0.0044341369097155 -0.157901266590583 -0.116587629806039
0.0263357689489509 -0.00401800070369721 -0.244558595725032 -0.102598734729458
0.0338177468399612 0.0026310019325765 -0.294151151707114 -0.0932979170029246
0.0377428481062658 0.00655981722617452 -0.292748239490175 -0.105123049692994
0.0624186307137476 0.0191866580096107 -0.231697945990273 -0.133835770750225
0.0715029669692751 0.0515952940194499 -0.127797087057066 -0.149498697304187
0.0375584404781269 0.0979485357109931 -0.0238356131519588 -0.0669465323615399
-0.0753567411450619 0.122207058821236 -0.0993459124456251 0.0305912025179015
-0.141066742146628 0.0218129081252065 -0.232571569267679 0.0417177127757656
-0.106165794732081 -0.0456214351181403 -0.384322088565358 -0.0711031920402091
-0.191056997196375 -0.0486302672842102 -0.272743344116845 0.121882300491178
-0.198775924213845 0.0301980121046819 -0.149821734224399 0.0972670180181846
-0.131000880772495 0.12248408349214 -0.0708364680895282 0.085863780182517
-0.00127761620542765 0.146461261257799 0.0358734912061868 0.00100993255738959
0.0743315733767043 0.123637067564166 -0.0224073329259839 -0.0953091548011588
0.115543698530727 0.0782719388188005 -0.117547759501423 -0.119214052341472
0.12344663377472 0.0427971794897027 -0.209509764421264 -0.10588444302283
0.145739831297386 0.0394509074228388 -0.255382293796457 -0.0905257390757692
0.147806731496242 0.0499213577642801 -0.251239082272152 -0.0891436363085424
0.171077751579925 0.0842163703215665 -0.198247199357688 -0.101566308506029
0.154767922573232 0.157837658779321 -0.111969009526305 -0.11278734682646
0.0666444008579899 0.225351141616764 -0.00825086442530738 -0.0353999659632873
-0.118580988709705 0.261710647065147 -0.0807855949125276 0.0630517796160686
-0.268456982096822 0.128767799375484 -0.212335185404041 0.0619852036964516
-0.254464615726642 -0.00135561148270175 -0.338487590341307 -0.0622044118958923
-0.291495933488237 -0.0527034069964141 -0.192577340747102 0.132286016617902
-0.292156878718413 0.0522824755481399 -0.130688535937065 0.0716409479174654
-0.21312062179012 0.166260650807929 -0.0849585976071778 0.0957784285408717
-0.0461859110613256 0.231566565989575 0.0275684319313163 0.0288545113387255
0.0912359243617786 0.222875815625367 0.00407067928680742 -0.0530198691912057
0.178768865344479 0.155002583249232 -0.0610436376549741 -0.0932461397552562
0.205154349871187 0.090763424111758 -0.141685689626048 -0.0877124042043159
0.235160122156407 0.0715646832307831 -0.176526894945184 -0.0748917100297258
0.23560909626624 0.0800005838566231 -0.171466833638862 -0.0653431488810806
0.260508511532563 0.126508260247183 -0.132989597209528 -0.0659411882751769
0.233317171391726 0.232782423704413 -0.0745467459361766 -0.0709349367612097
0.109983580394541 0.321774863698293 0.0159876807903067 -0.0118099779223991
-0.121851550474189 0.375176842157669 -0.0417335979018146 0.0739400580974134
-0.339517865286405 0.230236830984073 -0.156785140794326 0.0613313921891583
-0.355289274160837 0.0515980972994383 -0.24250847638908 -0.064779256836815
-0.357878313300152 -0.0467279754715992 -0.0709861670860988 0.14716044929042
-0.360259400752549 0.0809812624140615 -0.0681082788801262 0.0454975756449561
-0.274045321072667 0.210593168392864 -0.0778774067873778 0.089776543877953
-0.080776239400806 0.304155430534105 0.0118747092017356 0.0553985729593884
0.101516802772558 0.300653884065908 0.0280005918847499 0.0119437767163815
0.220674076310512 0.214519990180362 0.00899152216933561 -0.0381718573233096
0.258001528881496 0.126307981650161 -0.0491086776233329 -0.0480962891465501
0.286910398480598 0.0943575037516803 -0.0708785314555683 -0.0452593118394786
0.285639954171662 0.0974374516881933 -0.0656137703963902 -0.0387727973696791
0.311697062117184 0.146813466632741 -0.0440975193980703 -0.0333643599947603
0.280375101056536 0.267505502729823 -0.017160863752675 -0.0302125835793323
0.138915778287989 0.36462135483155 0.0424649315305757 0.00579769373928772
-0.105433996890853 0.422867308841707 0.00293319914335979 0.0612526726795914
-0.353434621093519 0.290797817210316 -0.0816201103516647 0.033181474402629
-0.393665478478746 0.0954905294438573 -0.116587295578174 -0.0813983068779341
-0.372396281415662 -0.0274362204215428 0.0783901176609226 0.158034771038316
-0.374590305028132 0.110202255345444 0.0279768452352454 0.0202960583275311
-0.282722545010449 0.234416102780672 -0.0456058001736425 0.0725549224219562
-0.0902550662860675 0.327475664065737 -0.00130012523599906 0.0803464257320107
0.102293483428007 0.327178748519053 0.0520211085559289 0.0884035017209219
0.230932373020371 0.235160584783791 0.0842466122853173 0.0345279265656437
0.27161702682021 0.139415642793088 0.0561881359909234 0.00646606951470097
0.294432867641723 0.102772548201391 0.0456064505099906 -0.00724615681846183
0.289583786188943 0.103151899353574 0.0457893759970509 -0.00954779219132862
0.307906395895539 0.14842803937281 0.0484254101659074 -0.00483955277736862
0.266971727941635 0.262911693469093 0.0445926536448963 0.00603698955108763
0.123458801441637 0.344303528691306 0.0631678722453524 0.019785721180008
-0.0868778826845078 0.383546007234455 0.0392509083498111 0.0356071326477457
-0.310426063299211 0.280880538426621 -0.00918169252305607 -0.0101505947990672
-0.364580814524621 0.114115055035024 0.0169968031695434 -0.104118571959511
-0.321156752619054 0.00450812732924939 0.225586875381324 0.154301284400228
-0.309889127659603 0.125937819471255 0.128441276475798 -0.00521087956789602
-0.22164742134774 0.214239495904924 0.00257748229829748 0.0477741763401259
-0.0692708686161012 0.279855856470448 -0.00475064820871421 0.095387362249882
0.0909048755907749 0.281134659445158 0.0760702281084387 0.153785988101299
0.202478367920994 0.20527354572762 0.15275346385351 0.103635106269274
0.242383507904116 0.124282617865965 0.157591660713114 0.0610466069271149
0.257855120055849 0.094453674465102 0.155048241643291 0.0310627106526546
0.248767998103407 0.0957353160437973 0.144882281820104 0.0214036744509621
0.250364892766648 0.134200095549228 0.122178668805246 0.0227157806765365
0.197461847464075 0.224831139425548 0.0904115121764093 0.0389007041115162
0.0672755463545403 0.267479154022775 0.0678088198509776 0.0338103570472256
-0.0753633265821297 0.267738544257611 0.0584347015428994 0.00988111256469962
-0.228938902725277 0.210921645547518 0.0474188242489111 -0.0478136411954951
-0.27945145295396 0.108754511511554 0.132714571142551 -0.122175539781889
-0.210435034538877 0.0372190801467548 0.342952234458654 0.132040591170375
-0.17978157677236 0.11175001915057 0.206950486442074 -0.0313055754706254
-0.113545344865639 0.139934052839824 0.0494909629776199 0.015995664149918
-0.0390784439280154 0.168893813681546 -0.00178613065320519 0.0938593087438228
0.0589536819490004 0.181010562265738 0.0940528620092998 0.188960013711766
0.136873034425361 0.138186273953406 0.201917467457924 0.150580550431112
0.170627814594537 0.0885905032903856 0.238256562755395 0.103083119812701
0.182653492983882 0.0717171052739547 0.240842844160494 0.0631146557334202
0.174541237915379 0.0750586719148494 0.215174545088181 0.0520002151596752
0.158306458580225 0.104053487501616 0.165549677607634 0.0520070204426093
0.0989887340104103 0.159688048440063 0.108202258142188 0.0675694238842236
0.000758136351170523 0.159376682989403 0.0533358487730663 0.045578961757554
-0.0560794561608884 0.122151774034806 0.0622775342783391 -0.0082718300361315
-0.122139141614597 0.118541568072463 0.0839223026692365 -0.0685259121189058
-0.161184406444145 0.0899358569588745 0.215360046947711 -0.12939516814873
-0.062205480647106 0.0549228247797335 0.406869661717902 0.0926473598353294
-0.025926548848816 0.0612813056897922 0.248097120390272 -0.0601891433749985
-0.00548587163150921 0.0285800737953217 0.079644744917006 -0.0259628556720843
-0.0218695854842198 0.0351825370381651 -0.00207137967198081 0.0747393703293332
0.00890744175014042 0.0603860853748662 0.0976719672073536 0.190980018945286
0.0453882160316222 0.0557890891787404 0.223905638767538 0.169073503513404
0.0716664062481014 0.0438572866988634 0.284692514717358 0.122704082765835
0.0807255944063609 0.0390286875637654 0.29030822599307 0.0854866807005605
0.0784609267561541 0.041640162529761 0.251827351207665 0.0801930497801732
0.0557772302985327 0.056108120308963 0.179128443983329 0.080583866976131
0.00819841780304606 0.0760540033904227 0.100568788621377 0.0889547034162327
-0.0400609588237732 0.0441984076854276 0.0262329047102474 0.0485048521848706
-0.0125612927165132 -0.00660994902383871 0.0574139352830819 -0.0221513846058529
-0.00310365997660569 0.04094705390709 0.108645159249321 -0.0729472921472132
-0.0297456546358199 0.0719482367383145 0.261305941047494 -0.123960126219866
-0.0705035980338384 -0.0427828303093747 -0.296159732536552 0.103002419265974
-0.094413348290035 0.00437660198153265 -0.135127052332858 0.109349185825673
-0.0495873086177944 0.0674388843847698 -0.0487524631935299 0.0611067985947989
0.0280489287819693 0.0545971013891935 0.0259387131934833 -0.0220041114950147
0.0400423623898832 0.0241202831938384 -0.0499070956062293 -0.105939943547782
0.0355913683170648 0.00460759523282263 -0.146715748294334 -0.113428776801797
0.0240239131977274 -0.00285920894834263 -0.231618426636093 -0.101486494488864
0.0325553275714436 0.0031015256151488 -0.279640533890327 -0.0930305017977441
0.0365678555091646 0.00797731660397612 -0.278176806002386 -0.103934887096292
0.0589103354730507 0.0197924622423656 -0.218317509380637 -0.130529187730242
0.0671931587611537 0.0489758825212884 -0.121005006046508 -0.144068775153538
0.0341300902977763 0.0936888366961587 -0.0226531934942707 -0.0664019541205597
-0.073168121250433 0.115351712769751 -0.095769194567188 0.0268853332615345
-0.134675402197113 0.0197226397747096 -0.220256211404925 0.0339101678135495
-0.101401326635227 -0.0452320259287875 -0.3642641749921 -0.0749645631886981
-0.18192982195787 -0.0492101310513725 -0.262452669948167 0.107946500703331
-0.188745274053176 0.0264945992722825 -0.145066528441809 0.0884928692032583
-0.125116641127282 0.114728570452474 -0.0668746996183679 0.0820080243756858
-0.00288562211113149 0.138101318867752 0.03416751540434 0.00120403741977047
0.0694894860290195 0.117718714970023 -0.0192621344379797 -0.0901279539914957
0.109064324076721 0.0752774327033348 -0.109222191999619 -0.116326943110743
0.116716733278599 0.0427564222430303 -0.19752903086284 -0.103782363913585
0.139271784249523 0.0398481492432492 -0.242302311431333 -0.0899219737270822
0.141305749943671 0.0506696263254112 -0.238606597960444 -0.0877232024220923
0.161911407342674 0.0834563337646008 -0.187810371801779 -0.100082194822278
0.14613603926709 0.150880536370153 -0.105677866118383 -0.108778439783505
0.0605872498835311 0.214602268709696 -0.00764870249637643 -0.0361652007830927
-0.116968798267258 0.248095304963204 -0.0789504610605754 0.0574382384244724
-0.257290417031547 0.119438964669318 -0.202136617468201 0.0524696905379045
-0.243908493344075 -0.00648450467986089 -0.320826477785824 -0.0654336897619545
-0.277780927251564 -0.0545183979652345 -0.187392377872867 0.118929500056186
-0.277282320900087 0.0457639502573048 -0.12609558192851 0.0636018515047105
-0.202976526168572 0.155432418748901 -0.0807696747551965 0.0907665858238166
-0.0467158077369711 0.21937679155868 0.0253312249181244 0.0274655601722666
0.0843906876003384 0.212068782172745 0.00639503398530873 -0.0497867523476109
0.16875458628879 0.149026017317068 -0.0553905561212899 -0.0911307781408966
0.195102852361198 0.0888796668954899 -0.134147416459006 -0.0854418327579127
0.224219493700348 0.071963325519204 -0.168426780595631 -0.0722054734876318
0.225193093955228 0.0809953365116676 -0.163397629646872 -0.064373538145485
0.247570409478837 0.124053574393137 -0.126246287665352 -0.065065910951214
0.221571846947394 0.223645303168741 -0.0703784189699451 -0.067326392952194
0.100248979294677 0.307410595432743 0.0146998703283277 -0.0135229234119442
-0.122020149621082 0.354508708809833 -0.0424463046259628 0.0677276240604553
-0.326834130050736 0.215011892086631 -0.14993112172814 0.0525097539284439
-0.341459502512529 0.0419031156457548 -0.230270558808655 -0.0667509534303396
-0.341319102120587 -0.0511429099825532 -0.0715549025883345 0.136252182557282
-0.342518703235302 0.0711654249752509 -0.066942801040327 0.0395385125537358
-0.263213229279705 0.196778933933553 -0.07377484699958 0.0855033219980419
-0.0807333311088506 0.287664717977395 0.00975832796520134 0.0530156908604071
0.0936661952769374 0.286565674041974 0.0285604464373811 0.0122864128642308
0.208619081006735 0.205204366130279 0.00971770802237083 -0.0383236954101894
0.245196988640121 0.1240612803295 -0.0465068404579949 -0.0461232514160359
0.27349672328275 0.093902777007836 -0.0677641795221417 -0.0431249525630704
0.273076954066189 0.098558556531553 -0.0630840524245835 -0.0375669884869283
0.29608394652323 0.14389125643006 -0.0423532246932648 -0.0327809966796511
0.265419722693335 0.256541068741582 -0.0163460363099048 -0.0281049933773193
0.127023681501263 0.349367498384415 0.0399855165962001 0.00395596225094591
-0.105695744709085 0.401831613386917 -0.000785092110802213 0.0553252247566671
-0.34000292274249 0.270120695500019 -0.0789259173697766 0.0270813227257429
-0.378692569305165 0.0814270903956154 -0.109385532989961 -0.0794174771316441
-0.354367869690683 -0.0322011811793517 0.0702305490726578 0.148777032843614
-0.356961143275487 0.0982793090673218 0.024652490396537 0.0173297929570055
-0.273924905811803 0.22021972281368 -0.0422610576874715 0.0691252078829033
-0.0904215470900847 0.31081028737683 -0.00369499605361091 0.0764642527518502
0.0943680089675448 0.312733057712215 0.0507054468517843 0.084870977838195
0.217434028070561 0.225073447501329 0.0800142950360012 0.0321346280200865
0.25888516013137 0.136360754388594 0.0530498081597485 0.00743961451731346
0.280988986885903 0.102015687808295 0.0433565847461004 -0.00564903338640538
0.276300315447768 0.10290679342385 0.0431445725947435 -0.0073637571574914
0.292274591418938 0.145242052217899 0.0452024295240366 -0.00432699906097717
0.253148953651136 0.252684127818623 0.0428250424755324 0.00761520665555631
0.114659976171295 0.328426366245569 0.059802462109753 0.0188767846768194
-0.0891534814130619 0.363510287576689 0.0346196603588039 0.0311956715472002
-0.300000596671252 0.262283924700058 -0.00870279463870728 -0.0122453497506851
-0.351079526758325 0.100368167546137 0.0181119409914308 -0.0978162369400734
-0.306142879204301 -0.00110486237078525 0.212019902801644 0.149793055874886
-0.295904988596573 0.113436683015138 0.121850454456703 -0.00431512136633629
-0.215109018816522 0.200667075990302 0.00393179020493517 0.045852511847852
-0.0709877647559071 0.265876115992907 -0.00700247596672033 0.0919565586348832
0.0832618568520941 0.269378103888264 0.0724618673125973 0.147931226092046
0.190699451910189 0.197546422846992 0.144918917447649 0.099584758100644
0.230437741722752 0.121901167677118 0.149507976719975 0.0615350425561442
0.245845492442592 0.0939003585573458 0.148230742154511 0.032153852580956
0.237445004802653 0.0948221575861711 0.137241972699713 0.0230577929825271
0.23731211504157 0.131208835918226 0.115570909573134 0.0233482708007475
0.186453465665886 0.215549955030179 0.0856858546442611 0.0386804506502351
0.0616515908045589 0.255358175838575 0.0639933964727882 0.0320390021382989
-0.0766124500465962 0.253333260571484 0.0533102496315599 0.00716063283837985
-0.221663390364134 0.196878520947685 0.0456056079848498 -0.0464800098378315
-0.269738534920846 0.0953981626283251 0.128673026161492 -0.11209799935947
-0.201239250549555 0.0308174287184448 0.324086581250251 0.131775644639571
-0.172083048326136 0.102056593946828 0.197602120589292 -0.0268910069107588
-0.111032960417503 0.131385720776786 0.0486235290584382 0.0160169590940662
-0.039950036390647 0.161300278774746 -0.00423235910168715 0.0901855998082226
0.0544407197144483 0.173138883975823 0.0885724039784306 0.181009766198826
0.128662517033821 0.132970331846811 0.190316482590159 0.145707670135469
0.16299960473032 0.086429907671033 0.226176753030144 0.102171267170277
0.174013469524336 0.0709508041170819 0.229921981112687 0.0645449060389815
0.165701563238785 0.0740528092607235 0.204580102261001 0.0535949720509473
0.149264227124437 0.10087707197954 0.156040253710302 0.0520530282054708
0.0929275751501778 0.153362604821925 0.102198563535185 0.065840183173965
-0.00126416068649573 0.152531008538638 0.0498838689322069 0.0438201877997412
-0.0560719995768913 0.114841598208312 0.0568594817120629 -0.00930236354318553
-0.118296269490501 0.109857109900357 0.0801301627630587 -0.0642631773471173
-0.155552216788382 0.079664346963382 0.20751049185434 -0.116801329278328
-0.0591087838260233 0.0499212975666928 0.386464378400084 0.0973679903158776
-0.0250368990326473 0.0570435589288354 0.23824711295421 -0.0515047734842905
-0.00616613269612543 0.0271144068660043 0.0767260053198679 -0.0231090919061096
-0.0220414564188042 0.0340805884516871 -0.00398062267976623 0.0726652710896719
0.00832664045297271 0.0578793522114563 0.0921300405601197 0.183178420686456
0.0425343961338073 0.0542965090065205 0.211722353967453 0.164319245473556
0.0684628577139456 0.0425533765017111 0.270020656553112 0.121309875364747
0.0768808667322037 0.0382240768472211 0.277568938524539 0.0852867275010969
0.073586972731793 0.0404190540622174 0.239056348312585 0.0809393282081599
0.0517964475480813 0.053767675410353 0.16775559029686 0.0793792355252794
0.00688572580014746 0.0731152502374395 0.0939474686702682 0.0854478725004487
-0.0388394019540913 0.0426597691899599 0.0245670769857004 0.0465868483717004
-0.0135135960228545 -0.00673623656344693 0.053556783647721 -0.0226834329750599
-0.00353298126673543 0.0376456604389792 0.104310759755924 -0.0671337758477144
-0.0294066039394691 0.0657510348537047 0.251345888105402 -0.110482861752811
-0.0677697640991327 -0.0446265744806176 -0.29577067769806 0.0856171529156408
-0.0919979598434593 0.00106526141806579 -0.137694245569018 0.100502330276642
-0.0504256560245427 0.0641914323196371 -0.0493954250415103 0.0587640426107562
0.0254353880862503 0.0535091688091076 0.0271516732696701 -0.0212559263514685
0.0380431884501927 0.0246470612783272 -0.044338997884523 -0.104551519469993
0.0344226016326334 0.00521062384502385 -0.138877641161257 -0.117208200509682
0.0236371897778715 -0.000893402510152934 -0.222432484613339 -0.109036442090984
0.0327194999656656 0.00463693479937392 -0.272610627445529 -0.102664022958052
0.0361236274951709 0.0101905126885386 -0.269625261400237 -0.113236300185851
0.0577589925162633 0.0220339450917513 -0.209733480982043 -0.137121664054628
0.0648932597375883 0.049360677523343 -0.114042738305901 -0.14600293677183
0.0297884203288489 0.0920179260677275 -0.0196758762162142 -0.0676474438804771
-0.0752367508147841 0.110968509658088 -0.0948706954697729 0.0222414401940643
-0.132883334049997 0.0148095596590657 -0.216785115343316 0.0217785025529643
-0.0987079699813456 -0.048585981551691 -0.355611811695228 -0.0914763207679162
-0.176644821483933 -0.0549396560012532 -0.263341108919142 0.0918772832909049
-0.185310329703533 0.0192816147703084 -0.146966879970241 0.0787694805549673
-0.125102512684107 0.107947090465594 -0.0675228572133977 0.0790553085388764
-0.00779200438174774 0.134586122644092 0.0330982924325363 0.00192652143663029
0.0638427594543609 0.117128240451941 -0.0145203639010519 -0.0882080982018148
0.103779068431119 0.0769622845255913 -0.101981078246575 -0.118638658202212
0.114104101545731 0.046718638175383 -0.189835785935016 -0.109613335932167
0.136095049789085 0.0448063263187235 -0.236028938764919 -0.0966592135712265
0.138353116952448 0.0567185715030196 -0.232298628553928 -0.0961207549727864
0.156790655174185 0.0887157492972814 -0.180694996192141 -0.105528884868189
0.138315985385239 0.152280265895861 -0.100386185309633 -0.109340712870276
0.0512022446847208 0.213247306161143 -0.00686497384863791 -0.0384324029876114
-0.123287998342442 0.238657645019767 -0.080699315046462 0.0515616461220967
-0.257505658472777 0.107392572199497 -0.19953942010282 0.0404905656849325
-0.240633309229962 -0.0177551133756479 -0.312027049830838 -0.0797740720078181
-0.270952238203678 -0.0647612145693665 -0.190975069192871 0.106504141323657
-0.271719453684924 0.0345133009193746 -0.128220266604534 0.0544908463013842
-0.203694357930271 0.145006216302967 -0.0814195117454027 0.0869787570715554
-0.0530856807051191 0.212721859238774 0.0229983864008938 0.028065107491497
0.0759177264071954 0.21031202449183 0.00942729104282896 -0.0486450114104447
0.159778280703562 0.150626393320898 -0.0507952486253358 -0.09270541677177
0.188813671296439 0.0955124715777174 -0.128950279410055 -0.0879487802559117
0.218545770628185 0.0790185294890847 -0.163663643935586 -0.0771401209328542
0.220461356218102 0.0890496940737683 -0.159118781546317 -0.0694646707470415
0.23975155441932 0.132595139438519 -0.122004785841925 -0.0693292466780205
0.210332816508193 0.226383514942798 -0.0670246652699203 -0.0675769459027748
0.0873784438365248 0.30570643388861 0.0146202587880684 -0.0141918026684741
-0.133324545929436 0.344371759711624 -0.0462854844057813 0.0622871568024008
-0.330976263632701 0.199008452793379 -0.149649748204308 0.0425494401353507
-0.338573588343727 0.0250242940559667 -0.22272315529743 -0.0760034350144284
-0.333944800689857 -0.0633106337692782 -0.0784402783638873 0.127842259168289
-0.33830915810655 0.0562809524826472 -0.0696351328568452 0.0333936891744736
-0.264145377414356 0.182798480847142 -0.0740395557545178 0.0816291037240739
-0.0898202245786062 0.27920454393352 0.00636626317963945 0.0527953889410248
0.0819862796901849 0.284574085026739 0.0295602034368859 0.0133523913109308
0.197699237674281 0.207820020735495 0.011181361288094 -0.0388429119422991
0.237660965086118 0.130404799480051 -0.0444939956296577 -0.0464398970384683
0.266949135582271 0.102867696808237 -0.0660700643375319 -0.0440365000776439
0.266661068939069 0.107388220027157 -0.0615121066950211 -0.0383444088886127
0.286305156543828 0.153292810684139 -0.040898567093968 -0.034265507072742
0.252372394507029 0.261987859693771 -0.0147917741541827 -0.0265387344730216
0.113287886740536 0.348063774174503 0.0387352823507911 0.00411322885435609
-0.119643190496907 0.390676768145256 -0.00502792895928921 0.051827244348596
-0.345307055245753 0.253313807466443 -0.0784628009935332 0.0207377658212779
-0.377796085897514 0.0625387985081094 -0.104923694701811 -0.082829901875406
-0.346763822907163 -0.0475237261575961 0.0606352491103792 0.14750765981864
-0.353380300500181 0.0811728103257636 0.0209917378180502 0.0149598887871615
-0.276492749990997 0.205787000640916 -0.042574865339045 0.0661280872889638
-0.101369744123967 0.301662590826933 -0.00799038643245065 0.075647438791937
0.0817731473462294 0.309911020615797 0.0487784190813139 0.0853309551434181
0.205574228635259 0.228912641837694 0.0776773450697347 0.032710965948561
0.250635998214701 0.14331150837273 0.0514776310141256 0.0101263104038293
0.274699133611638 0.11102726066433 0.0428597307594668 -0.00269979805977618
0.269611736638633 0.111937459792942 0.0422149471421002 -0.00468152283025474
0.282649511948079 0.153587259915254 0.0439236392379703 -0.00294789604949808
0.241794804830578 0.256267376069083 0.041994862201365 0.0102554480576744
0.102260059292121 0.327055490495469 0.0576116284783206 0.0198590886324141
-0.10218776690542 0.351686331944878 0.0297577971020121 0.0289457340468026
-0.305324967116836 0.245804643436448 -0.00827466260215473 -0.014807847819055
-0.350399424754451 0.0812364474170143 0.0216722702395196 -0.0949939114176962
-0.300650103802026 -0.0153664126513091 0.200456089491756 0.154892686909234
-0.293387195555298 0.0982895780760048 0.118035188727265 -0.0017354224081067
-0.21880114925654 0.188284205942828 0.00280734508069437 0.045441803419504
-0.0809825950094658 0.259425552359245 -0.0120525597578422 0.0916240634681096
0.0721196202248974 0.267080495638687 0.0674858085195895 0.14794594170564
0.180180491571674 0.200327043069979 0.138738271171072 0.102234711122442
0.222849297525212 0.128201676336389 0.144370741622951 0.0665233611228951
0.239653359223603 0.101409551532081 0.144654560616545 0.0381323198845302
0.231307326290566 0.102591798591538 0.133762996250442 0.0290104301533115
0.228624522314324 0.137516105533094 0.111308874254581 0.0269333254507324
0.176937444023089 0.217872282786078 0.0829166926712982 0.0419997351504545
0.0515563892658195 0.253121279096379 0.0619257798780228 0.0339834823962106
-0.0853322777437444 0.244763212548498 0.0496238450618589 0.00622919128217855
-0.225607749220198 0.183604741262993 0.0462105964430664 -0.0449432474723509
-0.2695686301418 0.0799581414050824 0.131531187391107 -0.102794890508993
-0.198368949108067 0.021026305304248 0.314192758711793 0.143375110684439
-0.172336333756939 0.092669168216794 0.19401190297548 -0.018536881003756
-0.114751334433897 0.124223487504819 0.0478419666757314 0.0180225794215449
-0.0466889036820814 0.157346320554383 -0.00913133192196238 0.0906445342272652
0.0473288000973631 0.171895488769737 0.0819495707031792 0.18096494639284
0.12147783011167 0.135739683002326 0.182656738800431 0.149916810176799
0.157856387474571 0.0907025420751631 0.218305105530737 0.110023457047694
0.169523367579747 0.075914261641399 0.224774882199371 0.0718521600445166
0.160422930073098 0.0789180060447694 0.199855563894558 0.0621048242175018
0.142335695866851 0.104328875045149 0.149859133133711 0.057305910708769
0.0869190255414761 0.153585631024256 0.0972711014829034 0.0686406085345622
-0.00600746105848588 0.149824293157481 0.0472268316768706 0.044488478773603
-0.0604122971211861 0.109898014218091 0.0538371496916639 -0.00936183052957389
-0.120529684231948 0.102534274147217 0.0815086980711549 -0.0596014648639919
-0.156463300989106 0.0695786701300368 0.20911760835021 -0.103579936550488
-0.0595161047208524 0.0453698411807296 0.376626311114397 0.112425416395585
-0.0264739412463019 0.0533268404595538 0.235919801867146 -0.0402442370850408
-0.00789752145413155 0.0260659134559638 0.0766898275163969 -0.0193388115541645
-0.0233634528069724 0.0333025019397394 -0.00704810298399707 0.0719496484731336
0.00598683052004611 0.0568356416507048 0.0846645239342058 0.183275182161848
0.0400153412850763 0.0546425622612904 0.202496960579553 0.169846979402229
0.0660614403905086 0.0437745651670265 0.261399257796449 0.131187092100255
0.0743257045161508 0.0399355146876413 0.271029640477601 0.0942317033422754
0.0707880645167074 0.0419133514798511 0.232853715553462 0.0890927099706662
0.0482075611735943 0.0544375798041614 0.160783886530532 0.0847801189814168
0.00497739897318581 0.073034013604753 0.0884436435920806 0.08730472341537
-0.0395186417445777 0.0408631600165926 0.0217373214512618 0.0470109503042377
-0.0137656926736157 -0.00760607138710112 0.0514647932443671 -0.0217312396519752
-0.00493681302670987 0.0358059132077162 0.104537151131288 -0.0604606098214859
-0.031055623193516 0.0616958074032948 0.250973830895355 -0.0947807201438733
-0.0679711899006271 -0.0476175055887885 -0.307027942848525 0.0725757014652431
-0.0936522367244906 -0.0013118554431632 -0.144949648559226 0.0962372129871947
-0.0528944595287133 0.0635245243803944 -0.0518036238146948 0.0592122038786985
0.0240012489138184 0.0549853665655575 0.0288451856093993 -0.0208293732612091
0.0380326618823251 0.0261367194678033 -0.040691527400888 -0.10763815398736
0.0342820273632238 0.00644996214638146 -0.136614675511706 -0.125625181048883
0.024241660687464 0.000280246018917544 -0.2230464963115 -0.120889923386412
0.0334982325616437 0.00625408195568985 -0.276428098220043 -0.114938356327817
0.0372513582993322 0.0129355373966449 -0.271816155286684 -0.126422031365512
0.0593885213729395 0.0251702624905672 -0.210093568699797 -0.148618961482827
0.0643029048657356 0.0519360875862945 -0.111414898339938 -0.153660633500445
0.0267763812384076 0.0945445979007706 -0.0188946358753302 -0.071604555538505
-0.0802623529936591 0.110749640121938 -0.0985445593078698 0.0186026070263459
-0.136414274873887 0.0105843650186211 -0.221178586222731 0.0113673493817196
-0.100004630800248 -0.0532113959237358 -0.358793219535809 -0.11070052239325
-0.179517543299535 -0.0630261675675829 -0.275014745124537 0.0796365799947966
-0.188353280144797 0.0132191685125383 -0.15383714696927 0.0729972667230409
-0.130651135186791 0.105692832409207 -0.0709519573766877 0.0792380380770524
-0.0122997373065475 0.136313026084425 0.0335275432436744 0.00333291512477986
0.0609786167233483 0.120888893476527 -0.010556454201745 -0.0901653279135808
0.102282312738967 0.0814929755021698 -0.0987419730770107 -0.125574867202957
0.114855795857352 0.0525721878136428 -0.190518656515731 -0.119414290997085
0.138322573369223 0.0508584457768926 -0.239472629022846 -0.107369450406746
0.140764256772468 0.0643669063296364 -0.234706607663941 -0.107182138626124
0.158567860400274 0.0973586127289739 -0.181413632018008 -0.115673672594323
0.136162017936882 0.160049438713277 -0.0987764998850593 -0.115645004542972
0.0441602437755988 0.219400838339684 -0.0059263951871448 -0.0414330297752768
-0.134374859593427 0.239876379701786 -0.0857191276334057 0.0483824834554719
-0.268233886296156 0.100942484467932 -0.205538527944504 0.0308096125983913
-0.246883497808435 -0.0291549674259887 -0.315643404988932 -0.0956352519909808
-0.274914850387954 -0.0767359450787455 -0.20218979533938 0.0981566088326336
-0.278135839668603 0.0242729548088412 -0.134905628264206 0.0486802302025999
-0.212341661211908 0.13986539087004 -0.0850248103275949 0.0864707323563585
-0.0623420366248564 0.214909992565446 0.0218368459670469 0.029431276608087
0.0699580657960933 0.216789876020666 0.0126792351794146 -0.0487092083555778
0.15791303049166 0.158917329199803 -0.0479706922177974 -0.0977822022188966
0.190963305971413 0.104996226128992 -0.128683492593525 -0.0946547869630648
0.22181358079651 0.089427534624186 -0.166063899592964 -0.0841434638211512
0.223862155224898 0.100804840048565 -0.161106051404893 -0.0766850194450592
0.242219205813623 0.145398520962052 -0.12257215793469 -0.0758414754428714
0.207577539673252 0.23837471851653 -0.0655876793577443 -0.0707113111643648
0.0784882353091462 0.315712732397497 0.0146705782010452 -0.0162020388427074
-0.148983357740886 0.34721584126686 -0.0516581292855965 0.0600896333638297
-0.347022969527698 0.192248601884826 -0.154385716425024 0.034556096880846
-0.350139923156555 0.0097992878575009 -0.22570437592988 -0.0879616392502866
-0.338745351626535 -0.0786892831411801 -0.0876593538790383 0.124909570429838
-0.346389834675691 0.0436621779747978 -0.0750307716224266 0.0288552148769286
-0.276270053302401 0.176592964411577 -0.0773395013284754 0.0813486320634856
-0.102282971043855 0.281953968272159 0.00388355062156181 0.0547525252671597
0.0738386573984995 0.292309916316755 0.0310105524109247 0.0147471066107841
0.194293009717778 0.218900555205502 0.0128765209475802 -0.0409258739418806
0.240323312842698 0.142401357654781 -0.0444448647334113 -0.0480056133569329
0.27074177055319 0.114702357170645 -0.0660930869507398 -0.0464006343449196
0.271029925294159 0.121316442309853 -0.0619817467270832 -0.0408076121375542
0.289879751903249 0.167767662110461 -0.0415966617339389 -0.036982232561994
0.250252882642988 0.276038768922971 -0.0133267907743605 -0.0260934314145311
0.104076404895386 0.359054670641268 0.0387434332296558 0.00387558545743518
-0.136007052653821 0.393756936075012 -0.00958129400498886 0.0509086529777605
-0.363972129969735 0.246484713063472 -0.0819656071933093 0.0154923936615353
-0.390911900976645 0.0452934875988671 -0.104619535310204 -0.0890532727701768
-0.353966894993816 -0.0627591595642859 0.0540849019622232 0.152171173412197
-0.363455142802109 0.0690478185391882 0.0192060906828694 0.014196483793194
-0.29087911090621 0.198662198262 -0.0439756488172662 0.066605141178781
-0.114859052455997 0.306320263245536 -0.0117429818929014 0.0783770978153505
0.0733349827977721 0.31971105183964 0.0484225860406782 0.0889994659854428
0.202391215191024 0.2404559831612 0.0787027807103706 0.0352082188831668
0.252745898849135 0.154978451135162 0.0517188483341184 0.0131027871819612
0.2780240528415 0.123064872722975 0.0441418721479264 -0.000644701887499494
0.274047199893255 0.125108960440087 0.0432204757158384 -0.00276040780021368
0.285085873516967 0.167754500332561 0.044543375628234 -0.00143756723429753
0.239307540987598 0.27052663839573 0.0428740295995239 0.013284944761905
0.0936124804903129 0.338297827146772 0.0580496948276835 0.0205390923740494
-0.117336863188074 0.355967940566267 0.0264306729706183 0.0285679936658873
-0.324173677760683 0.239895735391863 -0.00889348227839174 -0.0174963300931248
-0.363576267418781 0.066145102996063 0.0260743913365109 -0.0951237579904758
-0.307601903919316 -0.0285585886737722 0.198572018137913 0.166828325768161
-0.303525234617579 0.0874909227052808 0.119650934479225 0.0020603438683789
-0.231632183157062 0.182806339682997 0.00319508167220004 0.0466406750891289
-0.0924825086154201 0.262760790143682 -0.0173623779894608 0.0944910662198336
0.0643786052297337 0.275813399134285 0.065052299012234 0.153841441545508
0.177008883055877 0.211840125858451 0.138324965760866 0.10845275261504
0.224985178226083 0.139190975525537 0.145747823901579 0.0748589812256567
0.243143969700737 0.112580746767203 0.148301918867181 0.0456730790568824
0.234613613752444 0.113599329634541 0.136236989411765 0.0361287040924223
0.229657264409639 0.148912987070394 0.112469431329861 0.0321732468279529
0.174177816352439 0.22880577209539 0.0836123729112368 0.0471502699151507
0.0450622138253991 0.260667515590778 0.0611284813908784 0.035598815672807
-0.0968584521189792 0.246448611514734 0.0478316515577179 0.00634844325708072
-0.238930499751089 0.179101335030963 0.0482394464943546 -0.0454866187489795
-0.281369921726379 0.0680543640514208 0.13899464991354 -0.0983987949982718
-0.203530807767914 0.0120197743635171 0.315094321644367 0.159975455430493
-0.17911341412483 0.0855282155918867 0.198517600015301 -0.0117207429440669
-0.123030061114313 0.121661467139252 0.0492048634109296 0.0201627994167352
-0.0543542617720135 0.159659314676231 -0.0134624235817425 0.0936582223728037
0.0416569311561354 0.17781404623639 0.078143543887015 0.188079545230367
0.119639827677013 0.143326852979935 0.181786599865053 0.159698314327554
0.158894393583148 0.0981575587628225 0.220472653635403 0.121822559691718
0.171588711816271 0.0836047248018207 0.229137468317376 0.0825734911166562
0.161812311989592 0.0866140149463761 0.20252308624835 0.0719931356757567
0.141546495760464 0.112155642302904 0.15073900232785 0.0647401990383907
0.0846439407809304 0.159972340929249 0.0966376707754008 0.073843956679856
-0.0106890805906061 0.152277991222804 0.0463918693665815 0.0466817557699942
-0.067169690953912 0.109067526460817 0.0534880595521935 -0.00998393514012208
-0.127670585815474 0.0987949893462809 0.084917245665363 -0.0582355543484644
-0.16359525299412 0.0624658890224521 0.218433522241912 -0.0948355669824388
-0.0622121934555387 0.0424665366289553 0.38201450199961 0.132465668159616
-0.0290219349477012 0.0524618960616763 0.242822397417452 -0.0303967138090185
-0.00933925515522911 0.0257209677276859 0.0795949412898938 -0.0165919141835816
-0.0257594835386883 0.0333103552423096 -0.0107683000504544 0.0754166162652745
0.00468178321846543 0.0584150003183494 0.0806973284587524 0.190283724526606
0.0390511983389095 0.0578444257587629 0.200901348118458 0.181891545787419
0.0668827869071091 0.0469218657155768 0.264211359245805 0.144604567025326
0.0747387151541623 0.0433498284287602 0.274106082519026 0.107387094653922
0.0702924725175488 0.0454727094005769 0.235779098753969 0.101236587882022
0.0463415041652929 0.0575854079944197 0.15941218633861 0.0934825842248822
0.00274678153256119 0.0750564938790594 0.0861919411686665 0.0921572853857026
-0.0416327629717596 0.0403844768421645 0.0204171279327395 0.0485928568036307
-0.0155619573387189 -0.00874449025594112 0.051982855651265 -0.0224722202028038
-0.00745263243621272 0.0354067374382608 0.109040429067882 -0.0568102150522299
-0.0344540848287447 0.0599137610217592 0.261167126869823 -0.0834804760981043
-0.0717252092561729 -0.0504076652416601 -0.327594613348418 0.0697345341619045
-0.0976169426247381 -0.00144029266379501 -0.154437956047924 0.0979703031678567
-0.0551908445419641 0.0666736709729391 -0.0541815336065531 0.0634195636494383
0.0254794482460846 0.0576268250255266 0.0311135290186575 -0.0225230582927506
0.0396660279046068 0.0280356640998089 -0.0412796124731028 -0.113047810170272
0.0356699667293855 0.00674557857663954 -0.142478545209579 -0.134541226909952
0.0256787393038584 0.000979453251614741 -0.235088955480554 -0.131287193651505
0.0359656278637838 0.00729404999037746 -0.292645463949609 -0.124352875755586
0.0401682210613104 0.0152872817166303 -0.287610107496073 -0.137155209853206
0.0628553969987641 0.0274333956243493 -0.220954151595376 -0.160628035426806
0.0672030973485759 0.0548241830048109 -0.117072416399609 -0.163671689663536
0.0271878121619477 0.100128659720025 -0.0196389593556781 -0.0778128973333808
-0.0854414126436605 0.116290058438641 -0.104745364958677 0.0182314571960563
-0.14438279848005 0.010554032888345 -0.234193650784976 0.00647652878970119
-0.106283013486987 -0.0578895930444092 -0.378533084377862 -0.124751392926845
-0.189368732086507 -0.0680719202338863 -0.293933314521177 0.0774940412343115
-0.198148573294867 0.0121027705840665 -0.16573194858487 0.0732145244356499
-0.137263360111058 0.110015483998162 -0.0743677370137671 0.0838454871416851
-0.0137504839697952 0.1430863957795 0.0355995526819378 0.00385462462806202
0.0631757317886456 0.127472239270895 -0.00923171227798358 -0.0943582854298558
0.107570918095981 0.0861088102061917 -0.103363764999161 -0.134804566027166
0.121974084485309 0.056969983465156 -0.200176331956353 -0.128229723906449
0.147214272591057 0.0554314471452725 -0.253668228642722 -0.115185545475806
0.150291766942502 0.070770940621692 -0.249000966385683 -0.115809434653153
0.167627594491549 0.104788682784894 -0.191323104731832 -0.124849538811905
0.143283001445111 0.169201406249112 -0.103374616759236 -0.122530201534587
0.0447938732686976 0.231670812944872 -0.00717454239735855 -0.0453159985396975
-0.144856352011246 0.252012426499577 -0.0926430735226521 0.048523250233741
-0.285546008489716 0.104331659856159 -0.21838520074809 0.0267716248045206
-0.262753793322989 -0.0350475926592865 -0.33342766175776 -0.108303196012957
-0.290129032622869 -0.0842543503575059 -0.217268404249613 0.0978149427175644
-0.29272019031764 0.022486221550509 -0.145878245952553 0.0471387290009413
-0.224254656270829 0.145310070380852 -0.089098865172229 0.0921293910119056
-0.0670096395721066 0.225762513400869 0.0225909222763963 0.0315611646026639
0.0727260726989268 0.229093451768271 0.0158219402065896 -0.0506357635927078
0.165424900481352 0.168593816285938 -0.0502856956521912 -0.104924680130586
0.202136079200431 0.112356426732137 -0.136293314549324 -0.100625746436727
0.235665960568971 0.0964757598861604 -0.175100991691142 -0.0899336549465227
0.238387911633052 0.109689632544331 -0.170737971001765 -0.0825328514086568
0.256663696203871 0.156355732174243 -0.129604717491216 -0.0818319962109899
0.218344371126645 0.25270993831841 -0.0682502304646153 -0.0741502130804534
0.0805832422272896 0.333971200126158 0.0143531725830724 -0.0187854944333238
-0.161923490105657 0.365360539485424 -0.0572925892121131 0.0614062945012307
-0.369199529537182 0.199458906112031 -0.163887570573777 0.031910209267996
-0.373028902409965 0.00405313783415573 -0.238902680679447 -0.0970395498152764
-0.3582539353786 -0.0875399608013808 -0.0970912521305741 0.129190933375239
-0.365816511492917 0.0409550034880394 -0.0827694131262535 0.0279046711321946
-0.292711689387477 0.18288764776631 -0.0810253439677724 0.0855320213532718
-0.110522064484336 0.297171485972242 0.00273187597330628 0.0587836144790859
0.0758630706008942 0.310050139265602 0.0345127571633363 0.0160706348023051
0.20396240172544 0.231917008190094 0.0141227295533722 -0.0445189650356763
0.254729679736669 0.152103689295818 -0.0474779239954659 -0.0498791886377154
0.288168652910565 0.124064866084881 -0.0699690380626307 -0.0491073636308155
0.288738036583497 0.131109875524454 -0.066225712869634 -0.0434410936551737
0.307079131747577 0.18079733658826 -0.0439276878305926 -0.0397087881607279
0.265799965458005 0.29349184881285 -0.0129701856070944 -0.0262749379338739
0.10793651838849 0.380702472877123 0.0403079679278449 0.00259260622297131
-0.148977402373951 0.414753577462776 -0.0132958345438376 0.0515282671783099
-0.387975194242255 0.257114562362003 -0.0878941354740595 0.0126057436103719
-0.416854091816692 0.0413811582676008 -0.110235943474002 -0.0955043523435423
-0.37518160620419 -0.0715222204118072 0.0538027173628388 0.160156383859412
-0.383856779553408 0.066603183941259 0.0161923718877625 0.0128644871258894
-0.309210017223244 0.206627675297431 -0.0460508559192109 0.0701904861741371
-0.124464553509073 0.322633147626361 -0.0143899560175494 0.0834665377991426
0.0747734552742593 0.337466643086759 0.0519293457164271 0.0947364204677269
0.212386818573579 0.255208338689616 0.0827866128521849 0.0368785257343964
0.268327002291628 0.166443256509511 0.0542347112983158 0.0164319242556369
0.295619345662851 0.13318712153283 0.047450011679285 0.000822774886350196
0.292023378839572 0.135150891946201 0.0457443685172851 -0.00114773463956777
0.301727670791512 0.180459242415197 0.0467794304665766 -0.0017196135859353
0.253294434206992 0.286883622297721 0.0466938487467223 0.0159565778933869
0.0961950201838671 0.357604464147672 0.0604248214350942 0.0210537122458015
-0.128329279205419 0.374662028118485 0.0247544087161831 0.0286231978531129
-0.345161168528148 0.251727877106897 -0.0101032084845017 -0.0216577476894504
-0.389034734897102 0.0620830416650731 0.0280629718715752 -0.0996373432409682
-0.324987255295895 -0.0352972168045928 0.206626094147306 0.17866907301204
-0.321714085751849 0.0877508154609084 0.123204969713471 0.00208392786071653
-0.247358987693826 0.189543245388019 0.00364076880226975 0.0487012119840121
-0.101857947896402 0.278032792187057 -0.0198172813953302 0.101629928247627
0.0651529806547509 0.292441651723267 0.068847532126849 0.163186230703289
0.186295705681045 0.22481742618419 0.145515632662131 0.115146602290853
0.238130632526442 0.148832337748672 0.153684561239775 0.0819920277803013
0.257959286936075 0.120679715420523 0.157272627584759 0.0497208556305287
0.249162521430767 0.122743931811576 0.145112737594965 0.0397963118488812
0.242461810217629 0.159299862659662 0.118414134596506 0.0347620846923371
0.184473320808919 0.242249403936077 0.0889582314084336 0.0514158426451818
0.045482812566708 0.275303566116033 0.0639127271185413 0.0377272972233998
-0.105525262237506 0.258845041342676 0.0472882941750313 0.00550090326953323
-0.255098791802341 0.186261062926467 0.0508498579971556 -0.0493959959255471
-0.300315833945526 0.0663506665667049 0.148487759816766 -0.100824488045063
-0.21548712556242 0.00867195737032465 0.332057300458044 0.173955820795964
-0.190925841570634 0.0863132193015984 0.208409796887963 -0.00994607315920121
-0.132264863330067 0.125994947144166 0.0522448770013649 0.0215290901916868
-0.0598889903070561 0.168649418700292 -0.0157848671659862 0.100882050665649
0.0422703514866045 0.188183885804591 0.0819424317466401 0.199525211984641
0.125833199117131 0.15270621736341 0.190717808148441 0.170517559655847
0.168222667296426 0.105254277569723 0.233355051116718 0.132355126848709
0.181892725512569 0.0901738148919966 0.242328265992744 0.0900606415997093
0.171100858374252 0.0929395820135543 0.215704728842237 0.0784736795128311
0.148546682858752 0.120081211331974 0.158080725168833 0.0707511710758663
0.0887906124217534 0.169889002779605 0.101795292699374 0.0796451353225881
-0.0131747795179962 0.160990065533794 0.0482674221600318 0.0497204282308669
-0.0728612457669438 0.113730436010737 0.0540502399762599 -0.0115192842030964
-0.136583793350608 0.102558245109447 0.0904697378624511 -0.0606806776664716
-0.174553039939541 0.0615893572522465 0.233364184372827 -0.0952286668710552
-0.0653055820482273 0.0426822738589957 0.404239034353312 0.146768205161184
-0.0311027736517035 0.0527593480064062 0.256765106383342 -0.0279182217941842
-0.0111074603989972 0.026168912943194 0.0845702476420135 -0.016695332179399
-0.0285845751092929 0.0358803590014098 -0.0124179486653656 0.0812929659436812
0.00405145639361004 0.0612454929403466 0.0832868409597411 0.202876012346699
0.0413454064587312 0.0618236617211724 0.212715048485021 0.194973385914833
0.0705665349051694 0.0502771767844638 0.279307456700516 0.156273751329605
0.079381178688551 0.0459023509024163 0.291210288233193 0.116557215276336
0.0738440457241987 0.0479934433470342 0.250675607018978 0.110045526132193
0.0479806137481091 0.0622160179882765 0.167449062121711 0.100991776573932
0.00313333888141357 0.0800419397585136 0.0893686541281943 0.098285812961331
-0.0446174106213028 0.0429508175111726 0.0209643529922091 0.0514196354513738
-0.0173244342697883 -0.00978192300254966 0.0529805399364535 -0.0245320064823339
-0.00812963272720666 0.0365408794531004 0.115911535806322 -0.0586462274195046
-0.0371502641658976 0.0609055317682058 0.27859704945328 -0.0820368926338101
-0.08439509842133 -0.0438521638384879 -0.332239029381275 0.125257946922115
-0.103109975576239 0.0113896960826069 -0.144718198770717 0.125293112616121
-0.0469877334667393 0.0779096374234388 -0.0445479251455342 0.0724501538617289
0.0351324263238147 0.056674736133415 0.0274028094298927 -0.0326109585722963
0.0477467722078036 0.0231904726464217 -0.0641714760649642 -0.112936080370718
0.0392346058743871 0.00168233472977518 -0.174384563846564 -0.120089795821975
0.0280555827237992 -0.00255680896180912 -0.275639033450243 -0.100614053527384
0.0405628727482122 0.000640030357258651 -0.32814466240353 -0.0846546054484153
0.0467289749461402 0.00823894615138906 -0.327891556194324 -0.100429633043174
0.0728949933792338 0.0170177260206261 -0.259011356669493 -0.135088533489003
0.0803418452639378 0.0451748590966757 -0.150051019120877 -0.156945005976777
0.0429139435830566 0.100706408665656 -0.033879756104357 -0.083001338960343
-0.0692696616409097 0.134807888878292 -0.105129467386276 0.0353585555554639
-0.146630926900322 0.0336559432345862 -0.244426456924316 0.0432262762818604
-0.117553749760753 -0.0412652887272979 -0.422043871809854 -0.0791290320679251
-0.213960142624865 -0.0422600319842805 -0.287145880101045 0.12186536125757
-0.20734263721585 0.0403556236510917 -0.157423479374065 0.0975496352255336
-0.126967095424639 0.135489933228764 -0.0594554366525419 0.0924382518900071
0.00594173069218002 0.152026037266082 0.0375878568785025 -0.00948959179402048
0.0869172016995039 0.124398632339762 -0.0289503991710978 -0.103433035576144
0.126324161208071 0.0748140105072098 -0.137026708239293 -0.130114084936426
0.137885693317939 0.0421709261019999 -0.239687873205327 -0.105100862873656
0.165071100854435 0.0348547813464743 -0.286473132015873 -0.0817166188465781
0.171238325093008 0.0490638355843134 -0.283608038492317 -0.0840803600685738
0.194395653879082 0.0821091153652375 -0.221726137182019 -0.103858875105941
0.177221331637745 0.153098644053416 -0.129656845786392 -0.117279282800148
0.0800770660604795 0.236561344089462 -0.0139826118801657 -0.0534561725055337
-0.110232887651346 0.28592578071482 -0.0862257342481123 0.064222717334147
-0.279510003345401 0.151732061466469 -0.22317734867509 0.0665199237276577
-0.278081430470572 0.0053011124795572 -0.372995110933578 -0.0673786904128273
-0.326523733621414 -0.04274285350844 -0.194057943188819 0.126089342670746
-0.307162334899189 0.0647079712757657 -0.138374187444784 0.0649494496006905
-0.214308929479303 0.185603678173702 -0.0703691429818573 0.0986691824974585
-0.0389842385292807 0.246764141373146 0.0312730221121217 0.0183194001808514
0.110692596226233 0.228458327093072 0.00305122297025019 -0.0669583861392916
0.200001979097073 0.152083528965514 -0.0792264524463934 -0.111103145041289
0.231228351439458 0.0890365684625581 -0.167011555060098 -0.0892588755041948
0.265567834920728 0.0651463347217928 -0.20137892537435 -0.0668480524459892
0.270136178446255 0.0763750112179399 -0.195836255688219 -0.0613114916669608
0.294413572517778 0.12280015302736 -0.149922013152434 -0.0695079878146398
0.269049153282351 0.228347937159901 -0.0851744184606244 -0.0721557554729115
0.132131394094543 0.338101305995168 0.0135739776071396 -0.0302566403548477
-0.10966189134471 0.406312754463088 -0.0460198982373662 0.0715430637355863
-0.35408482811406 0.263833099517492 -0.163794638929952 0.0648457833701208
-0.388155974467777 0.0606639997911961 -0.271379748617052 -0.0685093237983469
-0.401013061320307 -0.0338261920004274 -0.0556372484474503 0.136073945863783
-0.383666838895982 0.097331310284982 -0.0724175344964798 0.0306204088766688
-0.28223963180037 0.236587178770284 -0.0596472224599302 0.0860192505744164
-0.0751435413267975 0.328474379619704 0.0169610885536206 0.0467114306874087
0.125054180439324 0.314212880503411 0.0341487348268281 -0.00443814793983643
0.250745660065966 0.213614862845526 -0.00418376961119971 -0.0602683647434247
0.292301538663951 0.124590326767091 -0.0642541953594825 -0.0521658621338481
0.324704077877161 0.0861719683251053 -0.0834754756392373 -0.0392477566295458
0.326374311930215 0.0911897989143292 -0.0786387348815723 -0.0363771732481684
0.350571537963639 0.141303267944286 -0.05152199836986 -0.038410148870086
0.323988235839948 0.262229035565483 -0.0192052914732835 -0.0310229384143786
0.168030213249995 0.38194892222623 0.0435588843517123 -0.0120673143704898
-0.0886393847093307 0.456674827794092 -0.00103464199053809 0.0532409749546269
-0.365416153725901 0.325682365597414 -0.085236450137511 0.0332482789025935
-0.429095112506984 0.105526492586478 -0.134001706018707 -0.0841879765847552
-0.418160040120696 -0.0132115871956573 0.111298086804452 0.142325843231341
-0.400029616142163 0.126601389967657 0.0306177552879163 -0.00201854813417678
-0.297392975707279 0.264212164095438 -0.0249423165359593 0.0615348677068028
-0.0872579270682571 0.358083397365467 0.00452891583521392 0.0753409850107114
0.126146700226747 0.344115305417312 0.0664253962889724 0.07417983918996
0.262995213714029 0.237019912251978 0.081558960534211 0.0127420276026005
0.308261518087373 0.136572710241783 0.0569424446075909 0.00071040652795234
0.333463142645643 0.0945395050463742 0.0484083218378833 -0.00667868602535181
0.329206403106651 0.0953643294059899 0.0483713519016764 -0.00936968595246517
0.344389895635404 0.142286050992113 0.0497230281003024 -0.0118675770332637
0.310071503137882 0.258216336157585 0.0513511232396289 0.00487799544906358
0.152618285667607 0.359669278007128 0.0686338635866063 0.00560961798539337
-0.0733467278416107 0.411626849556745 0.0344550561984941 0.0227366551957788
-0.321932668280148 0.313270309122961 -0.00914396287366948 -0.0150905004701867
-0.397063821719493 0.123126292681807 0.013176831553079 -0.108412335217835
-0.358999586293534 0.0167701530658317 0.273062930307922 0.137629898681037
-0.331789561438181 0.13954458122122 0.139329384338189 -0.0296510678136798
-0.236082120213339 0.238628966279978 0.021139765097808 0.033504783346978
-0.0699599488353351 0.307278724744521 0.00044527158396183 0.0980675126625521
0.107773149737668 0.298349036417562 0.0969910044867592 0.145441029101323
0.229434933116745 0.209506938107798 0.163494429324142 0.0879560778892705
0.273568744302119 0.122520103352716 0.17615761328787 0.0547632586821322
0.291715650583716 0.0880984885017242 0.17272068443755 0.0278555235469901
0.281659573901272 0.0899426986052928 0.160270626588427 0.0188840506672817
0.277704442061993 0.130532143164836 0.131049576228425 0.0156612688299991
0.23051925789862 0.223367844734382 0.101427038612898 0.0367993922249677
0.0869784295081377 0.280775540010855 0.0752383168856601 0.024998488963227
-0.0693235542700916 0.28584279923204 0.0525222520310547 -0.0045174999977316
-0.2373328703216 0.232775596689968 0.0495127424788111 -0.0554448871113719
-0.303997856369551 0.112569505098941 0.142060615153207 -0.126424249223043
-0.234088733207519 0.0462360612498997 0.397525240217861 0.116445692702896
-0.192695550048779 0.119673702879151 0.223368194175112 -0.0519985768555991
-0.122569191998229 0.152742742606527 0.0627122193536617 0.00315431007584832
-0.0420743538661612 0.186745878651557 0.00358130628595586 0.102610364587885
0.0685212277455295 0.192209311194353 0.118714560921653 0.187144639696591
0.154734646381395 0.142445092008041 0.224469688473078 0.142588018195188
0.19314556671809 0.0869144365352986 0.271491689422682 0.0963945352076721
0.20530471710978 0.0678171716981084 0.269970442234788 0.0571442599741634
0.194661381589571 0.0717303475890758 0.242027275769832 0.0489600841519008
0.172884342708196 0.10376154659267 0.178444524444889 0.0482851149056677
0.118851060779788 0.163167650676847 0.119675222447778 0.0661553703798721
0.00928470990858425 0.169828461931956 0.0603177508256891 0.0429417353251441
-0.0591923191976532 0.13029460568813 0.0548834069028402 -0.0224784454653212
-0.12768983321815 0.127589170732105 0.0873787073217548 -0.0751384247632008
-0.174909971254614 0.0880305953196715 0.233720269856682 -0.131950367600658
-0.0670246478956551 0.0576952037959606 0.46084046798035 0.0823861855608988
-0.0270083385949128 0.0621160511740448 0.268415449303683 -0.0727742766267873
-0.00921581860164551 0.0298475330264278 0.0867078835361818 -0.0338333457469021
-0.0259161507731848 0.0423726632884003 0.00319133726113636 0.0884560145292152
0.00972837828419931 0.0647021674159945 0.123247356229346 0.196194708934307
0.05156870321965 0.059116403433621 0.25591178785858 0.16903952176725
0.0817401829515594 0.0425726079430259 0.326994919102695 0.117006057799361
0.0898096367408172 0.037652875772908 0.32575013407828 0.076202128061458
0.0845261788466571 0.0407871250407314 0.284034798273679 0.077570939802646
0.0577893872095053 0.0596872416788676 0.192880469475601 0.0808120564909625
0.0154297251441914 0.0833937182210655 0.109477726210579 0.0893135355405694
-0.0410005580383552 0.0514009345474819 0.0301933728066843 0.0515615148754579
-0.0206667062255288 -0.00752244382025747 0.0499752564793735 -0.0358302972936718
-0.00443253105767488 0.0391165873524819 0.114156031778059 -0.0786230064336062
-0.0308524728992734 0.0667705855900469 0.285384399337036 -0.125016330682182
-0.0900724219460102 -0.0368407147339154 -0.334841990114659 0.154461024136752
-0.103126830944324 0.0211839958456788 -0.138928483377875 0.138804801055007
-0.0404833916274447 0.0833184186102442 -0.0382824689655294 0.0785325995940532
0.0406228035063406 0.0544013162735657 0.0244443264106122 -0.0357102688339841
0.0511195238103025 0.0195221984482469 -0.0742417652793692 -0.109500207786894
0.0395874998011581 -0.00145098014225638 -0.188834642658608 -0.109067610268671
0.0283675146089458 -0.00455658217857394 -0.291854922557713 -0.0793833330719023
0.0420815571110891 -0.00283083972509601 -0.34583513636067 -0.0588754898807824
0.0505915843957517 0.00485491084766387 -0.347688544968663 -0.0746317749739632
0.0770307615222858 0.0112688033607887 -0.278665748047833 -0.116719139148725
0.0856437695941633 0.0391223643680461 -0.168089172344792 -0.14936889346684
0.051760728894415 0.09960848591212 -0.0430120583323348 -0.0839415584652773
-0.0588970220815016 0.144232458703816 -0.105802433269597 0.0442680189369934
-0.146880083178663 0.0470661215537934 -0.247608846409048 0.0626132174662368
-0.125495698774477 -0.0322454470314073 -0.44122331142031 -0.0474251956179516
-0.222433323703811 -0.0249727191894399 -0.288864071544584 0.147209875388775
-0.208187340526254 0.0586390889943182 -0.155504653563517 0.111039977898247
-0.118095635809936 0.148269216987702 -0.0511353881518149 0.100086997700592
0.0190327924480857 0.153610126476696 0.0375566378788501 -0.0132269504739716
0.100333718763974 0.118884008094872 -0.0369982530894263 -0.102971888125074
0.135608398334127 0.0650933703681797 -0.151557117493372 -0.12226201236764
0.145288735038005 0.0317253970243082 -0.255250871100442 -0.0875957090948981
0.173753814401568 0.0213961873964615 -0.302598084684431 -0.0587512067531531
0.182545314396778 0.0356644436592712 -0.300554682048513 -0.061499823368489
0.207728164539133 0.0676803813066832 -0.237290967411691 -0.0879559365645802
0.194906620993563 0.14109505780288 -0.142710603211148 -0.109010742250894
0.102172349691991 0.234869268976341 -0.0206654298975125 -0.0550699787196937
-0.0891083919526988 0.30216173274385 -0.0841474398536303 0.0730472481416389
-0.273589223702442 0.180266284255339 -0.224540311476713 0.0839314109483448
-0.286653096446961 0.0279630310932062 -0.391282906433897 -0.0396146351098639
-0.338453782369279 -0.0154240165957606 -0.192485036902738 0.144312374975498
-0.30893186492912 0.0920022884562381 -0.14044330232884 0.0760178297793863
-0.202965161631402 0.207195727415603 -0.0617149127901281 0.106920368825505
-0.0184198106993957 0.255572518244975 0.0335197737096161 0.0163394931937098
0.133552593146065 0.22411674868863 -0.000628359990500113 -0.0686873236101869
0.218288493482424 0.137590995356083 -0.091012946883557 -0.108110402506732
0.245794456750981 0.0703824678537408 -0.179265474067415 -0.0761311432208214
0.279308856190601 0.0435724925151496 -0.213101004499748 -0.0501862472818519
0.287002545580691 0.0554357181363458 -0.207729281047636 -0.0454938251592737
0.315892193996751 0.100502220731783 -0.160487835128711 -0.058606759333345
0.296130335484945 0.20987223256777 -0.0921409449282708 -0.0669421911288926
0.165419466817846 0.334612897201189 0.00951917063971499 -0.0335391547872061
-0.0791500453210312 0.426104960369703 -0.0434952680756307 0.0763864120762026
-0.33970953804371 0.302009385407838 -0.165190990368595 0.0768950895931449
-0.395919904692154 0.0939784839784815 -0.286215180694764 -0.0476988918287283
-0.414885269321312 -0.000998718266282691 -0.0495072488439366 0.143034534538335
-0.384663291319305 0.130180825777957 -0.0766580232923866 0.0368495517800959
-0.26945785314186 0.265378817330072 -0.052274538169413 0.0929455825484049
-0.0489526082653305 0.343163512237498 0.0206227032344152 0.0468140447128361
0.15585355959699 0.310243434138592 0.0366218995300661 -0.0082126299948566
0.275730146574201 0.195625452233079 -0.00972682426758947 -0.0629059793708805
0.311930185108647 0.100355576934915 -0.0699365216574724 -0.0464671113154184
0.342259591696727 0.0596007511034331 -0.0893588669888152 -0.0331175239989134
0.346166932502167 0.0654953167504741 -0.0839180227168721 -0.0300437544319117
0.375539150333515 0.114375426264204 -0.0574489004379591 -0.035887054600405
0.356481818422889 0.240913987762893 -0.0203853412661885 -0.0298989995522728
0.205997673568621 0.376808060481991 0.0424377713309164 -0.0173034974313867
-0.0533988108368763 0.47545323475419 -6.80803036714228E-05 0.053709165259367
-0.34645243909655 0.367785715396944 -0.0870408407208681 0.0387768931721147
-0.434769921847694 0.143199904668361 -0.146282622836161 -0.0747346156343546
-0.429279142452167 0.0211260635258891 0.12362668700948 0.136624219668162
-0.399203565288714 0.162081860514948 0.0262102758316921 -0.00515257295177945
-0.283635237276285 0.294564751386927 -0.0194131218890034 0.0647800605942128
-0.0595652219867961 0.375871923247411 0.0105352038286525 0.0781379330094001
0.159876026862787 0.341991558485449 0.0761815361411393 0.0699403237946188
0.290956092570423 0.218787921588161 0.0845508861989411 0.00493933926002905
0.329915321848665 0.111628899004299 0.0596287565360711 -0.00326688407466472
0.353182983905964 0.0673394788701331 0.049979294935197 -0.0104824548105028
0.349129288660038 0.0683529187801584 0.0487777434591018 -0.0135788129045455
0.367949364622512 0.114758765087221 0.0495736075404178 -0.016776198519378
0.34298679307984 0.235477137189429 0.0547761805750488 0.000177001170889743
0.188488678651465 0.355352460018613 0.0695830174392579 -0.0011698424015053
-0.0406085730166058 0.427366431160828 0.0330106495806561 0.0196659473569737
-0.303086417148254 0.350676224159431 -0.0130132759219447 -0.016201240160835
-0.40049762524611 0.157955920667574 0.00405921757218849 -0.110933613394409
-0.367267613552425 0.0470717846593932 0.292065070683314 0.11798276677288
-0.329030270664648 0.169979911073595 0.137148730576343 -0.0420892945059054
-0.223560571419034 0.263014178911523 0.0253852821373059 0.0317590547444274
-0.0462790588453343 0.32259853392072 0.0093310248970703 0.10202904470227
0.137187500269269 0.297067538311941 0.112984379649368 0.140418580388707
0.255066111870605 0.194048277422606 0.175399659382048 0.0745115507871416
0.292645478243177 0.100984432516227 0.186738696795294 0.0417160409951399
0.308594478108478 0.064524623763849 0.180653234908098 0.0136030073978429
0.298521695322912 0.0665035002541905 0.167187094879178 0.00505695601424226
0.298168356997965 0.109053945653873 0.13519894829067 0.0050184124189725
0.257623258924434 0.207495189108224 0.108971938330034 0.0285254689673961
0.113912230302384 0.28010310369813 0.0786794218164219 0.0185227470162554
-0.0479046321741015 0.298903730299326 0.0498989144679877 -0.00934338430228667
-0.223534911086135 0.259689995388602 0.0439381424669322 -0.0614541861157113
-0.305051884132798 0.138094056258768 0.135460817536184 -0.140136023851322
-0.236996847158245 0.0645738112591316 0.419992626574091 0.0865518129170021
-0.18828152107444 0.137103413200555 0.223246095228979 -0.0712704453797584
-0.114393504936757 0.16661907470347 0.0652685372029583 -0.00214335811258256
-0.0275016866545317 0.196194471317017 0.0127703388077017 0.106378122915863
0.0864025283577066 0.191751728004919 0.13844150653229 0.181612394900495
0.172143654451997 0.132069826912343 0.242999231677892 0.126631969801215
0.206582240046924 0.0717622876745295 0.288658885161172 0.0756712158645642
0.217623589213479 0.0513666188572377 0.283778730543866 0.0344820571993588
0.206791771051403 0.0563947876989826 0.254309766128531 0.0285020388879906
0.186251728168456 0.0918402071370005 0.186533277563086 0.0341759562257221
0.137174888327632 0.156036337254498 0.129020032371028 0.0579683301033329
0.0236419337250245 0.173840473315246 0.0651825237651499 0.0388002690019483
-0.0508730981040922 0.137618432143595 0.0507523804888718 -0.0281655493274612
-0.120065947736013 0.141018512502076 0.0822882093446805 -0.0847571539847387
-0.172875824581763 0.102225988880422 0.230221907042778 -0.152927352256721
-0.0643711291288834 0.0633011818847635 0.483528984168784 0.0472487750928355
-0.0234530537869613 0.0643499812879816 0.269333563697694 -0.0952155576733099
-0.00800271988829163 0.0308406113770971 0.0860808161051913 -0.041588781351092
-0.0234564114282864 0.0462336789777164 0.010883812282249 0.0919638857589978
0.0156231770960943 0.0655203962874188 0.143566254898233 0.190651452010763
0.0590866333729542 0.0560432836588152 0.278160640504324 0.150840219821689
0.0882277541163938 0.0357281939163143 0.347722378140958 0.09160928559875
0.0956984050410974 0.0301885180170414 0.343776381418666 0.0502811656566681
0.0899637163398375 0.0342100620181202 0.300247434011515 0.0539276641538015
0.0639305811239852 0.0565585485521672 0.203922492892907 0.0668301330359451
0.024413017443035 0.0844611194494364 0.11941986766703 0.0828039601351048
-0.0370932322260093 0.0571383618848999 0.0357337526161477 0.0504515763930699
-0.023323885453162 -0.00604873233788918 0.0455245944120367 -0.0417916059709643
-0.00201291980130172 0.0397885885701593 0.109927613543906 -0.0901013103190061
-0.026660888335364 0.0688283125681137 0.284466687268239 -0.149010453096435
-0.0898741900583944 -0.0275596191563621 -0.317931539008309 0.175192368415838
-0.0979301114118647 0.0290050459143826 -0.127024141631481 0.143622372212012
-0.0318645088084631 0.0837890871685662 -0.0293899785976838 0.0789502487535275
0.0439676925691313 0.0483157027487844 0.0210885179267603 -0.0371628848175804
0.0520200270582776 0.0140709667842828 -0.07997532868143 -0.0998207846138417
0.0373723262050869 -0.00408558264487102 -0.193043310382728 -0.0911789288649412
0.026961092173663 -0.00658984836516607 -0.29172573580789 -0.0552492071551469
0.0415168304065699 -0.00581580756601397 -0.343483652101044 -0.0291254877456463
0.0514584209043395 0.000513516183463222 -0.346266888448017 -0.0447811453667061
0.0763728385997033 0.00390726618397221 -0.280981419284389 -0.0919569575291298
0.085509006642214 0.0303806650818681 -0.176019484575647 -0.131455376114804
0.058251265804473 0.0924116130310475 -0.0503894422745412 -0.0793272297841766
-0.0451362476892453 0.144912819378357 -0.0996685544664862 0.0511121436107524
-0.138314575596378 0.058087166131312 -0.236180144720211 0.0773835147810538
-0.125458102210197 -0.0211430453428311 -0.436515542990584 -0.0149133337925463
-0.219092192047849 -0.00558412586498019 -0.274902958415007 0.164726927624236
-0.196751135594657 0.0738867443537302 -0.145692435154364 0.11865816487908
-0.102531621853559 0.15222037084794 -0.0397175231489438 0.101496501816073
0.0309242067868256 0.147025218275982 0.0355935911516114 -0.015950882185932
0.107754769663178 0.106976196369844 -0.0427529293418545 -0.0969005096969931
0.136751459085638 0.0523240879256174 -0.157906809855947 -0.107774244054564
0.143767715138299 0.0190542587345839 -0.256287448657019 -0.0647662382853825
0.172239516673258 0.00682067753245346 -0.301279474105736 -0.0323928085389272
0.182979411884105 0.0198519515351808 -0.298812263191497 -0.0349074812049968
0.209657303230278 0.0486359616995842 -0.239108418296069 -0.0674034523442202
0.200651420964934 0.120378108476454 -0.147367824273992 -0.0949653074066336
0.116811206723932 0.220319740391801 -0.0260384245356178 -0.0538710450314662
-0.0620313778434829 0.301819615645202 -0.0782867924082629 0.0772750702841087
-0.251409654967877 0.197634838015095 -0.213962826778688 0.0956020432940296
-0.279774554188721 0.0495627836601759 -0.386519624013437 -0.00991109924945327
-0.33124671805156 0.0122521508515799 -0.180900448568891 0.154683544002447
-0.291974615996413 0.11391462768607 -0.134615140003715 0.0843870508534089
-0.180796934876518 0.216174254931962 -0.0502607807634052 0.108449223750387
0.00237361992580009 0.24937588643213 0.0332321256054373 0.013239717728027
0.149153141468467 0.20586290508888 -0.00450256602271218 -0.0674533002461226
0.223261406117441 0.115343837467577 -0.0979218531603519 -0.0985852566791832
0.24517824054873 0.0480275215597801 -0.180726819501625 -0.0594973842092192
0.277717559505614 0.0199782052195547 -0.212399538183894 -0.0316639659230666
0.287123015998443 0.0300648834524938 -0.207173059046311 -0.0276848352670075
0.317356171905336 0.0718860815108554 -0.161684321409237 -0.0454344736833949
0.306102498426398 0.179511876311335 -0.0937016388137969 -0.0583898330309007
0.187034943059338 0.312423193739757 0.00497400602607824 -0.0349531080906995
-0.0427731545833182 0.422911168518298 -0.0393944244140955 0.0775636294774412
-0.306246622545077 0.322734653167027 -0.157139738481551 0.0861903545071204
-0.38177442430163 0.122274518601418 -0.285190851871498 -0.0234395868868184
-0.40426634563481 0.0337532136928647 -0.0405163204131293 0.142795820722738
-0.363282761520952 0.156366845344793 -0.0769442978369811 0.0413078107231673
-0.241943011536355 0.278010790237977 -0.042364356595637 0.094355829200831
-0.0203134014196156 0.337597430393349 0.0240640741024009 0.0441620013969003
0.177973550960026 0.288468274098288 0.0365869337203608 -0.0115356212589302
0.284358331453057 0.167473076846152 -0.0148581993476833 -0.0621949729019772
0.312934415857814 0.0713343471724693 -0.0713047870385954 -0.039025295234975
0.341179063184035 0.0296022058886367 -0.0897184849926613 -0.0249612546049097
0.345112406405089 0.0343470384291767 -0.0845612753253643 -0.021416412859484
0.376511937534139 0.0797691946381485 -0.0596643220376175 -0.0310138694451795
0.36767441609372 0.203379477076444 -0.0200843457567473 -0.0278885151177028
0.23117693444098 0.350455055165797 0.038646775062291 -0.0212901630156426
-0.0143837758503156 0.467877360869763 0.000779131334559919 0.0522176579165501
-0.307738113605922 0.385356959649347 -0.0850033675838911 0.0430488755886058
-0.415800520310821 0.171861755127991 -0.150227745059846 -0.0598386333493587
-0.417083887549092 0.0549409240513226 0.129082121971267 0.122983074507379
-0.376283637125884 0.187550837400015 0.0204531763585873 -0.00613801136316968
-0.25354732218438 0.307884953346134 -0.0130819835104135 0.0640527039314806
-0.0278269238270181 0.371501628926944 0.0163768405784584 0.0762200666478616
0.184378246725987 0.319729329413087 0.0809492941469109 0.0605933972696855
0.302096833857038 0.188191704573085 0.0832205084699283 -0.00339492500982346
0.331564445539718 0.0819149942020141 0.0586117803863075 -0.00739159096763261
0.350446711413089 0.0361553628555094 0.048370793476428 -0.0139364223141348
0.348377257544728 0.0382022475002373 0.0472680861859773 -0.0176855168622256
0.370034636598814 0.0817387703522864 0.0462444272993682 -0.0213791133972596
0.35438927452774 0.199619403348209 0.0558560567684398 -0.00472661897605831
0.212971644508899 0.330498506813989 0.0667940956300258 -0.00730470800179837
-0.00683723254904797 0.419807499153383 0.0298691592335615 0.0167950574283615
-0.265854987860538 0.364924506600016 -0.0169272313198868 -0.0156527635370902
-0.38003933963393 0.183387943591554 -0.00575598427632981 -0.105936682492238
-0.355322930274103 0.0740071033446347 0.293042384097568 0.0928959840734824
-0.308149064103677 0.18949173100181 0.126956583334061 -0.0503337426946521
-0.198379631809364 0.272849302961381 0.0270979348363747 0.0291866146313043
-0.0197399911390475 0.319506492057681 0.0168454389623016 0.0997422637676597
0.158065641907047 0.278909515874652 0.122634209398048 0.126432521766141
0.265440820602276 0.167160096338805 0.177308115378562 0.0572904058145217
0.29460062034897 0.0729458186935694 0.186959100223032 0.0256135018308455
0.307407416780959 0.0369099981933502 0.17877939403056 -0.00146326970736412
0.297656768616101 0.0406410508581478 0.164612869009445 -0.00909349466720384
0.300264394697065 0.0824402994713443 0.131097273426373 -0.00660347946241083
0.269424969282076 0.179535257755612 0.110343747086459 0.0190297232632105
0.133192972830991 0.263107087876019 0.0777703862185334 0.0113714879079357
-0.0239072994221557 0.29403930856462 0.0435589135468393 -0.0129014507511607
-0.196163663936939 0.270607399817477 0.0350161504967035 -0.063832497945483
-0.289410739724847 0.156918039793804 0.122075490543857 -0.145023341312701
-0.226693092830813 0.0803613537330922 0.416662908881882 0.0518569494227942
-0.174040185012548 0.146671929689947 0.210992851816724 -0.0844982735083156
-0.0994718140427335 0.170058974048533 0.0634565893242943 -0.00749141570899094
-0.0121513170407011 0.19441233095498 0.0210299169332615 0.104350014909858
0.100037732844164 0.18079308111175 0.150011251568564 0.165151184335286
0.17917086226778 0.114408431492366 0.247989822799532 0.102432997989208
0.207936319057772 0.0521847531981018 0.289775538122733 0.0507445243534662
0.217544417087858 0.031555747466272 0.280980843445388 0.0109653537907334
0.206682847520574 0.0380050757617055 0.251026272963438 0.00688637633888725
0.190412385678828 0.0743428921826799 0.183391018695064 0.0192382325550158
0.147588757629015 0.13961542896189 0.131274856979468 0.0454206821322162
0.0375666021995236 0.167186154007428 0.0665417543423091 0.0322720899955684
-0.0398599073077767 0.137702597062053 0.0434020209514941 -0.0311700802007573
-0.105524180356827 0.146868571450561 0.072070707004598 -0.0882031345246389
-0.162242688509372 0.111608300159877 0.214993467717186 -0.164867422288444
-0.0582112381743661 0.0645257497405898 0.476666013529278 0.00829543893103642
-0.0189237890720689 0.0630862595524228 0.25590231570232 -0.11219630594493
-0.006232379876371 0.030532986327094 0.0807808366556241 -0.0467787697082414
-0.0189983039865501 0.0475688880839185 0.018527966141768 0.0897152726076739
0.0201286984538919 0.0634205330298896 0.155793975649552 0.1747311224515
0.0628261021525005 0.0492534290276359 0.284968223802251 0.124292890238311
0.0897537151241251 0.0267446857339966 0.348352614743688 0.0606942565214341
0.0960290393789255 0.0212374420416825 0.340845588130831 0.020646140317053
0.0898415779008763 0.0264871885064297 0.298492676021122 0.0276465673467923
0.066741467537235 0.0510942434949757 0.203390606730899 0.0494444938529603
0.0318332864766539 0.0800052261519361 0.122761091027289 0.0711935863170064
-0.0309248400738078 0.0593929761350268 0.0381105372061942 0.0460131204522135
-0.0248040199209322 -0.00414681998665676 0.0381022441458682 -0.0441271319837911
0.000703677256943779 0.0382865382127126 0.0999783076932907 -0.095597198257981
-0.0208899225092267 0.0679988704463784 0.268430243217015 -0.16627115472025
-0.0857742025570006 -0.0213168230505006 -0.298792056317688 0.178074537900053
-0.0897019479520309 0.0321668880153556 -0.117357669786892 0.138778523335208
-0.0272534915365492 0.0807126191376324 -0.0233911580106391 0.0759116759313323
0.0436656748994387 0.043347365053348 0.0186264678425397 -0.0366321685912221
0.0501349338474463 0.0109635353360622 -0.0785551898152756 -0.0910028729032546
0.0350652633960488 -0.00481465791780771 -0.187216143745085 -0.0785028285558582
0.0251240458599883 -0.00622246795503521 -0.280963565447379 -0.040687021542788
0.0394506447699873 -0.00708930649116332 -0.328784436099391 -0.0136132369629699
0.0504568233723484 -0.0017265466666856 -0.331965241297365 -0.0275757201666774
0.0732660385526617 8.47807607639748E-05 -0.271562106281021 -0.0767213677228087
0.0815727424259755 0.0252597272941756 -0.173491792123856 -0.118172584706945
0.0582695841281285 0.0852336454148349 -0.0517557946543762 -0.075141545407824
-0.0362022398201462 0.139429856234592 -0.0931966270835763 0.0517228048793576
-0.128146302851876 0.0605576636163456 -0.222755918442275 0.0798458877718042
-0.120265481911962 -0.0144510501664968 -0.417722597583169 0.00168008639255024
-0.207444313287841 0.00466048250416224 -0.257652947100264 0.166743295048022
-0.182643713491229 0.0776826549308934 -0.137237707834039 0.117548661606559
-0.0903871024834229 0.147809108780607 -0.0328355593051253 0.0973087177455385
0.0349095102902071 0.137033189451903 0.0323613449830177 -0.0163707711651459
0.107276679765843 0.0951992298777636 -0.0432334348398955 -0.0900483300507082
0.131595384223974 0.0441659925776245 -0.155030640117214 -0.0961775863280155
0.137751645308785 0.012322397101863 -0.245947694135322 -0.0506577923610555
0.164782844935071 -0.00121476466736925 -0.289444350345235 -0.0175543208862197
0.176938001834999 0.0109100191787851 -0.286800535920846 -0.0211113279462225
0.202277430952903 0.0371553725193897 -0.230622731833653 -0.0548996284681777
0.194692877271869 0.106091587701157 -0.142617759261626 -0.0846140403179092
0.119448502770376 0.20438181669795 -0.0284980595782384 -0.0509764725355526
-0.0463786974540478 0.287645538742617 -0.0729525350452036 0.0762010429499473
-0.230029440053523 0.198007094472019 -0.200686633010557 0.0971654040719754
-0.265955869689912 0.0569783906066755 -0.37033815899615 0.00536996553449459
-0.312440256639659 0.025790786348025 -0.169452072696747 0.153385765507939
-0.271491676625885 0.119720717395142 -0.128623511694123 0.0850346935700956
-0.162763718311909 0.211162184528402 -0.0416204720001691 0.104794154667997
0.0124646402635183 0.235460177363564 0.0320144651383334 0.0112576066434817
0.150886254838171 0.188362322743231 -0.0056599259070328 -0.0644089963959541
0.216751107745149 0.0996310814876132 -0.0979668469972924 -0.0908333132758834
0.235130359914324 0.0350934395183402 -0.174357878166693 -0.048825965280331
0.265784050165355 0.00555127269806378 -0.204459166308863 -0.0201763873499778
0.276604165125044 0.0158815344341944 -0.198533335916864 -0.0159634211377287
0.306440434361093 0.0545341318407403 -0.156447704552413 -0.0366322921255824
0.298050543320282 0.156308582795222 -0.0904706405182176 -0.0518912124505214
0.189907507966079 0.289261584329879 0.00147989010053943 -0.0346059909999858
-0.0231242142175621 0.401016515313907 -0.0370513708718676 0.0746083629873258
-0.278096479576745 0.318442031743682 -0.148083383712831 0.0858767832967027
-0.359834789529881 0.130134110094773 -0.274426896016245 -0.0106559295482294
-0.382195187063599 0.0477811298167659 -0.0362395384276541 0.136775391212503
-0.337756488606789 0.163136824836967 -0.075706186239542 0.0431208358231677
-0.218940052612892 0.272737563760502 -0.0350864090901694 0.0904974720995195
-0.0056257622074717 0.320981507931622 0.0240660349581726 0.0411960516173185
0.182170822189089 0.265916742556179 0.0352609670628566 -0.0138709193230214
0.277047015596808 0.144764096099668 -0.0177260716458566 -0.059439017032376
0.300243393491399 0.0540089395115497 -0.0690790482607325 -0.0338730194402735
0.326587783767793 0.0126057510316418 -0.0868734315072341 -0.0193951962237897
0.331092677340767 0.0175551982660398 -0.0820537855723997 -0.0172389745076558
0.363089950200078 0.0591596296937018 -0.0589773886999681 -0.0276380245538087
0.360088755746204 0.175544365432484 -0.0185728509264441 -0.0267707338853651
0.233809671523131 0.322944443680879 0.0344689738194773 -0.022720165492432
0.00497343483451843 0.444174669931145 -0.000831036837415514 0.0498750173728086
-0.273918625618104 0.379411054559213 -0.0819813477937255 0.0426703951758422
-0.391682796957226 0.179507473555237 -0.146296115319724 -0.0495823140264534
-0.393891383811539 0.0684477489190262 0.125343250207997 0.111969244677199
-0.350617818527067 0.192450973230496 0.0149410833088842 -0.00493533860663506
-0.228012405627442 0.301916720724655 -0.00927380230749587 0.0606261005197834
-0.0120003349078486 0.354322499297791 0.0183024377355241 0.0721994545338477
0.189260144287866 0.2958429945614 0.0801335539449685 0.052779227912232
0.295138903040641 0.164518345168821 0.0775823049436795 -0.0089413777395231
0.319441143415697 0.0617476446047473 0.056199634915267 -0.00926726015232647
0.337165809792099 0.0174352840106131 0.0459405208844966 -0.0155619488947787
0.334155883240714 0.0203639747706917 0.0438220974496176 -0.0187463437211154
0.357080943757708 0.0606144150155576 0.041383468640349 -0.0223852728921506
0.345985057917459 0.172109220578789 0.0543183734456577 -0.00819690388530203
0.214975976041677 0.304766327130454 0.0624549884815501 -0.0101799488838021
0.0102048018535115 0.397505606040779 0.0248194386300071 0.0153195948865238
-0.236470915857098 0.358147904069027 -0.0194401099681845 -0.0144575832035528
-0.357219588080741 0.187154678839542 -0.00986187006573252 -0.0982415631177152
-0.334527118539432 0.0832629966208675 0.28114465977496 0.0763438340219685
-0.285731109461607 0.190890343437395 0.115700738127666 -0.0505049626633794
-0.178446260100885 0.265753474307722 0.0276484916376528 0.0261439379551747
-0.00611328179842472 0.304323563715435 0.0194506755553222 0.0950724627005554
0.162663509826249 0.258003895062759 0.121831236182735 0.114112494329477
0.259344196274291 0.1470609171124 0.171185455415864 0.0450663725669775
0.283642536222631 0.0559611946234411 0.179614806305572 0.0159189256237996
0.295209961733212 0.0202154259184744 0.171249900939275 -0.0100009802757186
0.286191093605829 0.0254273410508516 0.15657623641686 -0.0164514441545846
0.290189026814029 0.0645381170469171 0.123530118916191 -0.0114768563840425
0.264217687938688 0.157144480351476 0.106650973127079 0.0119075976476166
0.137410366662509 0.244256851004341 0.0734493605044589 0.00727526427907329
-0.0121492415253187 0.279607860295627 0.0369540514435171 -0.0128282157329379
-0.175111218187071 0.263807507864062 0.0290139907595811 -0.0614242102504756
-0.271172639553483 0.159021388744336 0.111013898945664 -0.140338570804033
-0.212792296099512 0.0839744941123556 0.399082187903745 0.0332008977750793
-0.160681710251553 0.144981033595016 0.196495991114566 -0.0866420048881317
-0.0890849831865258 0.164238342892182 0.0598089047184275 -0.00919688005731929
-0.00372274709415243 0.186385550899022 0.024256708501495 0.0991523318785069
0.102734869610272 0.167832036326927 0.149398938671846 0.14986538455013
0.175641263838484 0.0998371409366024 0.240131869626708 0.0857049255598944
0.200505618145353 0.0394582469862719 0.278490809466049 0.0343761838555744
0.208945409631465 0.0198576109736841 0.26949775834102 -0.00231857979266993
0.198532357377156 0.0270304370884829 0.240083071102838 -0.00520542721766429
0.184740128830214 0.0628421623907102 0.174825261399501 0.0105713234935612
0.147249955542697 0.124747553996737 0.126692388562439 0.0364608138562405
0.042699505789264 0.157574945047117 0.0637724242160568 0.0279800329265232
-0.03398999103948 0.132396341609493 0.0366527742249645 -0.0308259355856772
-0.0941320836362509 0.142830402195092 0.0638438390925205 -0.0856444490304062
-0.15138539405322 0.110715740104781 0.199842974200454 -0.163451618513915
-0.0532683502123735 0.0621336024233463 0.455558396795812 -0.011159797492173
-0.0162235153188744 0.0597610612854134 0.240333346613637 -0.114234079583249
-0.00531085114414659 0.0282694144643577 0.0750460040749737 -0.0469359747309743
-0.0165325009568555 0.0468717996730087 0.0213144020911021 0.0859469055458012
0.0219797241915329 0.0592517474553993 0.154882334800994 0.159388546082317
0.0623332719394875 0.0429948750552531 0.27695277338444 0.104899857863677
0.0868508104151653 0.0207826302222027 0.335732231770286 0.0414976508484553
0.0926482642076405 0.0150488601669584 0.327144658224613 0.00404866300990468
0.0862876971567768 0.0213812670024903 0.285898922845856 0.0127328021100252
0.0662171323413711 0.0464808451037746 0.195611754024006 0.0400420016900633
0.0341215508869641 0.0737311082060949 0.118895336912192 0.0620251048969787
-0.0266613792932827 0.0582754941865555 0.0385765638248074 0.0419854894478434
-0.0248056338433497 -0.0026567837034019 0.0317150997647423 -0.0430089215437347
0.00227590642215774 0.0359265168886657 0.091007770273233 -0.0927423193025388
-0.0181102305406542 0.0633923945725169 0.251269775103811 -0.166561272590466
-0.0820686861169135 -0.0196879641846251 -0.291583276816321 0.171528612921436
-0.0853933246870886 0.0313360717294701 -0.115357791727401 0.133285449048419
-0.0251179827733212 0.0775206450991121 -0.0216724660084683 0.0721967026498322
0.0415117515615692 0.0409755361967072 0.0180481797369153 -0.03480914357612
0.0486884662916128 0.00963992910214381 -0.0747915916814009 -0.0875793003097395
0.0332902629217593 -0.0036480389430935 -0.181005613244787 -0.0747441453040588
0.0239273615569326 -0.0053988444878682 -0.271533758089877 -0.037778563725013
0.0384571438093437 -0.0071242575088741 -0.318594005709598 -0.0110413906610401
0.0495800707825758 -0.00230113037609991 -0.32032133415048 -0.0252746226816945
0.0708650671374159 -0.000823388031179055 -0.261660019800299 -0.0739179679020324
0.0774536408416354 0.023892465111192 -0.167255100743654 -0.113491987076902
0.0560106009620832 0.0815646367659203 -0.0512926044847309 -0.0727356028682039
-0.0343311817122471 0.133924302799145 -0.0900068560904946 0.0494146570737284
-0.122720502777377 0.058759613772028 -0.215263326845897 0.0738885687221485
-0.11672874395692 -0.0135636790229053 -0.40401580447819 0.000573208325813082
-0.198207969957617 0.00615248069367677 -0.25238755659006 0.160067470014496
-0.173894200324768 0.0746015004628655 -0.135270567832183 0.112794404845045
-0.0861870278890971 0.141498659021074 -0.0302896844087747 0.0926415715033633
0.0337763201224664 0.13082492875909 0.0314393603861471 -0.0158675603367146
0.103503050282731 0.0903750879247094 -0.0402199509997861 -0.0863966551264919
0.126458700382784 0.0416622808983743 -0.14955301215114 -0.0921881353777714
0.132616691794147 0.0117568237028882 -0.2380276029901 -0.0476987526662527
0.159551411333517 -0.00166280912227697 -0.279803568407889 -0.0156199044835898
0.171866029989171 0.00948723743511839 -0.277667054498909 -0.0183629665325022
0.196247808842705 0.0344453264091542 -0.223188500173495 -0.053436788269207
0.187369724242356 0.101142627702085 -0.137488266949657 -0.0811052972346341
0.114646103634168 0.196782170086228 -0.029146106248049 -0.0498339003613094
-0.0442659161080158 0.277345497118744 -0.0716017099483805 0.0729580723405622
-0.220425050944377 0.19066114425763 -0.194732889838303 0.0917337062539733
-0.258379672294209 0.0557070355949504 -0.359390893347943 0.00677000316178472
-0.299526050111317 0.0266042490442915 -0.166157418326187 0.147423266721499
-0.259459538857222 0.115028660860485 -0.127691556927159 0.082572535569953
-0.155388679158111 0.202310068238978 -0.0393634043319286 0.100134365824018
0.0126520394998117 0.225594723906085 0.0305026828529767 0.0112347034370406
0.14633830186404 0.178421337284932 -0.00457639651588704 -0.0623373714446854
0.2082125257693 0.0945236823015707 -0.0950921847552744 -0.0877292122892943
0.22655300917465 0.0327501852730167 -0.16810442196657 -0.0461035426702554
0.257351126815473 0.00397722284734082 -0.197834464792615 -0.018449153986413
0.268153816840906 0.0136827542028113 -0.192595462731944 -0.0149059173962846
0.297393608484647 0.0503599480350488 -0.15270943320044 -0.0357841831728139
0.288048755726934 0.149124545156884 -0.0856807429050879 -0.0508206677867365
0.182934710733574 0.277718450602715 -0.000238204820457517 -0.0343454582279017
-0.0212600563544648 0.386189767036642 -0.0387501633156384 0.0725425818469955
-0.266340181269374 0.306082042975645 -0.145646440197934 0.0820082313273031
-0.350253312204792 0.125854424425429 -0.265882384152889 -0.00822436265274057
-0.366102614926808 0.04766045081589 -0.0376121370638537 0.131026973158151
-0.323320218941969 0.157757878779743 -0.0772775077203195 0.0424969447382604
-0.210565894452742 0.260952452515504 -0.0329809648786084 0.0870467360767912
-0.00435056515472954 0.309249496962656 0.0224889569856865 0.0398762177442328
0.177029795029457 0.253860389918986 0.0339831151292546 -0.0143887675038763
0.267395261393934 0.13691194222146 -0.0182130271365076 -0.058735923518378
0.290153788450231 0.049559794035953 -0.065913869668625 -0.0324068466654107
0.316164329140265 0.00944924292277303 -0.0836581959752234 -0.0184001354833116
0.321530487086089 0.0149527844228159 -0.0792430970752588 -0.0160023362631872
0.352409756585367 0.0541490185250572 -0.0584819813475074 -0.0270323274338074
0.347093414979279 0.164934887909422 -0.0163277926861449 -0.027226753219744
0.225666401160128 0.310102001752968 0.0313886148602738 -0.0229136041109468
0.0055483560710416 0.426946042555313 -0.00401223708182078 0.0487626220553162
-0.26397380610566 0.364826311207951 -0.0815749149332738 0.0415765086032773
-0.380506968812991 0.172047886950241 -0.141842928186582 -0.0445984523747267
-0.379131050030247 0.0666824399066118 0.11847582955499 0.107602749171799
-0.336680663386537 0.185499277730743 0.0107345524134629 -0.00341368934914413
-0.221326739597629 0.289534154762378 -0.00796413272210585 0.0577292465900001
-0.0109430475232495 0.341913834796017 0.0173144764492111 0.0695829889494306
0.183500585518623 0.283694716052084 0.077570017600206 0.0497330313451748
0.284226602608858 0.155551673099306 0.0741642837386576 -0.0106447924722983
0.308351133013115 0.0569450247844163 0.0547181250195578 -0.00934344009738525
0.325642022120971 0.0147799095421286 0.0448401716780025 -0.0155212605137612
0.323405750880105 0.0175906666310983 0.0425266316776938 -0.0184981950203658
0.346477033720551 0.0556976881383961 0.038168131289957 -0.0221338042626127
0.335054184955216 0.163056126515662 0.053630766384836 -0.00996388081703691
0.208528522356347 0.292245554561029 0.0592940776237902 -0.0106369963420604
0.00957461270177365 0.382622249013306 0.0204215263507928 0.0157704599973826
-0.22682516393269 0.34469326272834 -0.0209920616217171 -0.013629613684889
-0.347311610588897 0.181114792055679 -0.00900423598654449 -0.0931727369487976
-0.321937871421482 0.0802520843589643 0.270192681224973 0.0727015306365301
-0.275211728713555 0.183511198090874 0.109161357935774 -0.0466497970683892
-0.174359997384817 0.254664574237973 0.02727697295694 0.0250100601656234
-0.00552294686284672 0.294710929877361 0.0186058267696474 0.091808636369098
0.157452817819356 0.248423493651374 0.116977689336784 0.108417889830548
0.250436361494106 0.138745407306727 0.163902476037463 0.0409626444128581
0.274253038330133 0.0513101798658028 0.174398836464525 0.0137802213584166
0.285036293623201 0.0170708403627294 0.166406579349827 -0.0104354156795063
0.276785715581559 0.0225777798707915 0.151061430250721 -0.0164020018155272
0.280915694539677 0.0603562582201009 0.117533490508953 -0.0115273492679123
0.256159338744482 0.147765746082392 0.10392951459574 0.00913448480001022
0.133327583899307 0.234729752071886 0.0700570137734273 0.00653006969643052
-0.0122969444149498 0.268996981497385 0.0321182162371621 -0.0118170068463485
-0.166885216618154 0.253573669418769 0.0260577888636377 -0.0582319649789282
-0.262880024671353 0.152061655633938 0.107651320011349 -0.133809386718479
-0.204762989415914 0.079492803190003 0.385229777530735 0.0312473353625617
-0.155611877327465 0.138287631682546 0.188329454847052 -0.0813516267837179
-0.0877580799862756 0.15744129086655 0.0583717833835199 -0.00900771342524798
-0.00390313473583052 0.180539504148847 0.0240548240571739 0.0965129793439512
0.100029766153117 0.161906488102495 0.143359128014128 0.143728222051087
0.169729662627101 0.0949439857911071 0.231741733110322 0.0796930391759218
0.193860600887388 0.0366868608414638 0.26989443583862 0.0312391848664684
0.202217746190813 0.017170863039444 0.26185065786296 -0.00452443450554213
0.191727235801877 0.0254811286269041 0.231689443045679 -0.00667390783036991
0.178890261068656 0.059566150029178 0.167692846210572 0.0100934454301446
0.1432739651222 0.118269372019843 0.122344332668768 0.0341237448168932
0.0416392308623868 0.151511551119199 0.061170709377712 0.0263717469245766
-0.0335288730542618 0.127306764713895 0.0323423777774059 -0.0286176765345475
-0.0904695961043176 0.136738534176009 0.060357651986927 -0.0811284743017616
-0.14759215131349 0.105652160055501 0.194150250905098 -0.156534216206572
-0.0521034289081915 0.0584857865302374 0.440463569705577 -0.0105501163274505
-0.0171891460813081 0.0562180137290457 0.232733889196601 -0.109013234675671
-0.00640178226312341 0.026196832609625 0.0724881906008701 -0.0446280160859419
-0.0157297690605568 0.0461478646164169 0.0212321113327244 0.0839017237471542
0.021009514319232 0.0575489083203298 0.14947953670927 0.153169617760471
0.060572324173645 0.0402602262421566 0.268024766221656 0.0990836542857893
0.0838341830006298 0.0183849970686923 0.32448075204854 0.0371753407545139
0.089085474217789 0.0132390006915109 0.317205404660926 0.00164308019927612
0.0839117131928705 0.0204342041969273 0.27644032494759 0.00981469800169881
0.0648337857942241 0.0450956436084057 0.187978560902272 0.0382559607700396
0.0340631126693423 0.0700592566050527 0.114198765682237 0.0592934408804731
-0.0245001185281664 0.0565955121106194 0.0366913865922083 0.0404146806341218
-0.0253763366214189 -0.00160433348268205 0.0286956263624271 -0.0414127537036523
0.00145498382707466 0.033821986873426 0.0875364716961886 -0.088187412818512
-0.0178032215688931 0.0597256126679476 0.244541265308181 -0.159879591348239
-0.0756805852786594 -0.0298307690499077 -0.310616801121612 0.124214905580434
-0.0869129618741085 0.0175641222457171 -0.13545203529673 0.110901084192317
-0.0349926026000985 0.0719549327846234 -0.0344562234246507 0.0643834301076138
0.0338350067178583 0.0458127328880891 0.0198476617688254 -0.0327839471824291
0.0461451085203449 0.0159404757636606 -0.0615465489841803 -0.0943463425204311
0.0335977071866333 0.00324550413574562 -0.169396054359153 -0.0977737330725266
0.0236446431496923 0.00068772962669978 -0.264800018440778 -0.0726983822361104
0.0376006663557555 0.000178798938257669 -0.313316535439576 -0.0597462940696576
0.046804450562911 0.00740826494376194 -0.314071077456857 -0.0743676996745913
0.0667983988596568 0.0110106882462751 -0.247704875408835 -0.114650289260514
0.0681502959289445 0.0359548892193883 -0.14758041640868 -0.139531183614153
0.0393943250899443 0.0895044726920551 -0.0407646046362489 -0.0829175973022156
-0.0527200687264708 0.126264744626062 -0.0945706396160402 0.0335658782919373
-0.128374341554543 0.0401512829157023 -0.222226873204736 0.0383539350991308
-0.113440594012086 -0.026598014502386 -0.404791825675 -0.0659612335967288
-0.192957469951353 -0.0209309403051196 -0.268207193006577 0.111398419311838
-0.179830198875872 0.0463863395554036 -0.152036886350665 0.0834675904224038
-0.104893032347674 0.124556956822172 -0.0463960060000586 0.0777240812823684
0.0115136885314585 0.131408661855286 0.0283294919745839 -0.016010515995165
0.0858447725403235 0.102293283469154 -0.0326979663864989 -0.0924905898858372
0.116934836556853 0.0611684312212413 -0.141392859013878 -0.110387780934768
0.128141181759898 0.0338356375271379 -0.233100235791235 -0.0790423837817822
0.156523690770203 0.0236120651638947 -0.273637381291608 -0.0575045354761746
0.164870802767032 0.0376051661115848 -0.271316249201089 -0.0621557051649118
0.184260617014014 0.0643950278889474 -0.21249012599823 -0.0915782025108819
0.163776790744171 0.127976934171677 -0.121615668963148 -0.106404476366887
0.0780499757346327 0.211586044459293 -0.0220470155017781 -0.0592928691353934
-0.0855694652115398 0.264276835460321 -0.0790668367881973 0.0589837289975261
-0.245220344428312 0.15224571960765 -0.201143523988147 0.0604282796256863
-0.263735477232659 0.0166835645538259 -0.358684448268851 -0.0515538182570723
-0.295670948595457 -0.0138255898577147 -0.178422961199215 0.102804696370181
-0.269720911509075 0.0728781561246481 -0.139459377531974 0.0501707263639246
-0.181886741274149 0.172909717717688 -0.0565492321558958 0.0775196291933504
-0.0246665379943321 0.220414426935979 0.0219433356083202 0.00632068361363744
0.112320205307525 0.194679219501096 -0.00419711015949118 -0.0677050414728636
0.188719491087639 0.124028478663132 -0.0930299387902927 -0.0982997970814929
0.218435022991162 0.0687404957325479 -0.165524114848008 -0.0690639886845916
0.252911379489825 0.0435306199490283 -0.191316510234387 -0.0473455894146282
0.25868774879894 0.0554070412476197 -0.187629791037034 -0.0463374810859034
0.281588877789857 0.0952894584997091 -0.144993370226262 -0.0651644733965906
0.253821100670706 0.189220768290227 -0.074901524597256 -0.0705983900645281
0.132551907148123 0.301742328245253 0.00414374809441627 -0.0406772494851272
-0.0797295325371502 0.372597446225025 -0.0451339813254512 0.06324620625045
-0.307897467241037 0.256849893362443 -0.147863180324249 0.0596530919825991
-0.367109965769646 0.0677015860637417 -0.261173344835919 -0.0495060043598601
-0.364376160579948 -0.00277986716459629 -0.0468464819107866 0.0995800142138222
-0.338731758757518 0.1034664840998 -0.0834055727672373 0.0142412559405969
-0.244747380724892 0.222355850595445 -0.0495508230327193 0.0604843175343355
-0.053344974296839 0.299303379238144 0.00950386981491934 0.0294782900148173
0.129133422260129 0.272784375136778 0.0250388323163885 -0.0181807009714356
0.239455174642278 0.17427053532618 -0.0240887723964657 -0.0598769899859757
0.278795516975619 0.0948793535909894 -0.0674568478538562 -0.042900216697857
0.310439577986582 0.0577653225043682 -0.0786544633338135 -0.0297723215194464
0.311071285459148 0.064379548826883 -0.0755936164570624 -0.0301654272992514
0.334936006803415 0.105945392894689 -0.0540777715244746 -0.042543574343425
0.310372029995464 0.213810225202385 -0.00961058348542968 -0.0375094390994838
0.169193458519567 0.339192090033188 0.0337532883327367 -0.0247464385348481
-0.0599228150179011 0.416507372144251 -0.00758069976330637 0.04523554145272
-0.315212833104563 0.313437741412316 -0.0768975869926639 0.0307904639219854
-0.404346853916381 0.107194695013525 -0.128984246443473 -0.0644854206341498
-0.380507409223888 0.014456719291141 0.11127469834502 0.0947056235223027
-0.358286454752462 0.128833120652174 0.0104116224476141 -0.0194518026950366
-0.260638468818194 0.249606360177338 -0.0226399695906088 0.0332291352230028
-0.0662379768089227 0.330962319098538 -0.000703906873834159 0.0566035618821209
0.131990292050926 0.303939928318565 0.0564143420411726 0.0491721779719401
0.253480884058104 0.19389982055415 0.0591407176820498 0.00127756580718663
0.295758121524745 0.103686135953126 0.0493691179804932 -0.00595793325523039
0.319713672715498 0.0638331282729154 0.0481418760627173 -0.00766130012537985
0.313742919075291 0.0659761132980364 0.0455306146300225 -0.0143164525992514
0.329254413337097 0.106257564511978 0.0412881213323334 -0.0227972341534353
0.299748975286141 0.207237864657725 0.0571343465603835 -0.00933154984000405
0.156410766886335 0.318119369902641 0.0591464268569101 -0.00803370064055125
-0.0493237145795999 0.373207887455507 0.0207987584770191 0.0173450041539206
-0.274755642838983 0.298471927702948 -0.00999982701020365 -0.013932386712479
-0.373054149471291 0.118459850385918 0.0114480141068854 -0.0902347131892379
-0.327618311495377 0.0343608463097208 0.264199205963401 0.0843365169901069
-0.29925472197679 0.137322053975286 0.114164861315155 -0.046180167080455
-0.210027834662 0.22226525074501 0.0168576630239111 0.0099364413337711
-0.0537186067715555 0.286408749739988 -0.000743041244728567 0.0811971837669197
0.11102417242886 0.266737867365873 0.0893358545058086 0.113692600092582
0.22219019368603 0.171998768516595 0.142563907656548 0.064437901133581
0.263415674231209 0.0928350166892137 0.165151618819754 0.0325941950541672
0.279628893584669 0.060082508901858 0.166883923202431 0.0149194584420956
0.267726699633423 0.0638068530577434 0.15301119280825 0.00430290183270669
0.266222085463765 0.100188429744471 0.117716095343134 0.00151219604982309
0.22581890157992 0.17966313636967 0.102381046716979 0.0191026888838209
0.0920879703103899 0.249994436427476 0.0683691457619431 0.0121978381524665
-0.054318744148282 0.25811492334637 0.0353322406601036 -0.00746873515499662
-0.204669228380594 0.218259751504237 0.0416873164758869 -0.0502679089171144
-0.286694101761228 0.102165365286561 0.134560910653915 -0.112075578899361
-0.213996286210394 0.0493880450836981 0.380197162445734 0.0655316529589673
-0.17489008691002 0.111787550818256 0.197956670235136 -0.063589100281667
-0.111638318854043 0.139654013481464 0.0546336324631286 -0.0106205507412526
-0.0333677457280753 0.175880491320526 0.00610712067121318 0.0917835113625912
0.0693016061282118 0.17474433019183 0.113438052841386 0.155448247931278
0.150679555533239 0.11613807569623 0.208794617354618 0.11110856485416
0.187651283604618 0.0644720399306489 0.26010589162041 0.0635235549308997
0.19799514274271 0.0466117884451282 0.2600881372096 0.0353866562715502
0.18541670611396 0.0528305132210866 0.231535853151407 0.0268300603686011
0.166246845912466 0.0843518986096225 0.164507822062736 0.032669163043448
0.121442293342853 0.134197724180285 0.116234493939327 0.0483548918975676
0.0171837983274542 0.154522076166361 0.0571570951381268 0.0329459983805326
-0.0539453349240482 0.117369829078219 0.0359206491574356 -0.0228452040316388
-0.110324133675449 0.116609741631542 0.0762084597533119 -0.0683224915614556
-0.164410844987605 0.0747147960258907 0.223967307671116 -0.121813631272691
-0.0614872014665429 0.0492862169441658 0.437471219648467 0.0414996324818204
-0.0270106022765636 0.0522567797492337 0.245984681961889 -0.0763228399727079
-0.0118772977549981 0.0241715399810189 0.0775360254911852 -0.0341862520678429
-0.0230378736812953 0.0431819894012539 0.00949863700066075 0.0843542849026537
0.0103958627818564 0.0606443120320165 0.123238057580937 0.169413437754593
0.0515950553106732 0.0465310214501783 0.247855289643076 0.13467047263175
0.0817232711103258 0.0296679494904087 0.316110885546358 0.0774112836977641
0.0872942206655159 0.0262298326318396 0.314019728958987 0.0495049362418063
0.08052094352036 0.0310016382490999 0.272938663856701 0.0510024425818326
0.0571072546179709 0.0532369429138736 0.180350914875624 0.0662630281234011
0.0240873952634868 0.0718684660384323 0.10385178380255 0.0749488449640779
-0.0322906441797295 0.0511967346580178 0.0307691047338765 0.0452462524764467
-0.0262651591242868 -0.0059862963467126 0.0327234812369095 -0.0352564969354524
-0.00522785398859297 0.0310819122024344 0.101526921486262 -0.071811140197647
-0.0294934041519514 0.0492349580200536 0.274058223653913 -0.118103820397846
-0.07602677364532 -0.0296183685791895 -0.3213902238457 0.129156174934003
-0.0870504459174941 0.0177165513669351 -0.141138437656731 0.114102458675038
-0.0348185542419836 0.0734656949241875 -0.034508840924319 0.0658393483093466
0.034582470747413 0.04596638049916 0.020364345676985 -0.0331860541988098
0.0471876833279345 0.0150703962611166 -0.0611437622166395 -0.0961843076882607
0.0346515541699831 0.00362798376697064 -0.173677294281088 -0.0979755826152987
0.0242280450655378 0.000903283353068851 -0.2724289595785 -0.0722994350508385
0.0387181125892427 -4.74075509494798E-07 -0.323179521293155 -0.059406243394714
0.0485452691697309 0.00694346771514873 -0.322992419493948 -0.0734649567666307
0.069155741940935 0.0103608310740389 -0.25442690343305 -0.11775793494239
0.0694088049061105 0.0370497683465229 -0.151756765268965 -0.142562171582457
0.0401422993386162 0.0912891613234615 -0.042738787508548 -0.0855745464601529
-0.0529770185484278 0.128864835348393 -0.0967716210772173 0.0337064119036836
-0.131086511215202 0.0413378190869804 -0.227544234491132 0.0368143048692634
-0.116995490532655 -0.0260497041051962 -0.416541519943522 -0.0677260912980278
-0.196073510996458 -0.0207975726326482 -0.277111476503786 0.115205835746748
-0.182112025806123 0.047460519353637 -0.158746681085386 0.0862389505400788
-0.105826478907219 0.126950880506008 -0.0463508198927939 0.0790474098904485
0.0122099113970745 0.133357572591367 0.0282225380835316 -0.0161177776652562
0.0886684377106326 0.102670469678355 -0.0325385166273885 -0.0945604399560201
0.120160485649439 0.0611772411716929 -0.145029598750441 -0.111329628293398
0.131448685070557 0.0335740663441075 -0.23916471820955 -0.0787938195571036
0.1607846947636 0.0229090448633252 -0.282366465217687 -0.0571992060538105
0.170378989789064 0.0369475912714247 -0.279990992690424 -0.0621800225635366
0.190157952809499 0.064271021626759 -0.218825826287028 -0.0932806345756168
0.167712135053077 0.130283398202287 -0.12424182347315 -0.109752049691026
0.0796736868847315 0.216503877643292 -0.0237944204514796 -0.0612085836774318
-0.0871652630589213 0.269817757510269 -0.0823173711871561 0.0607660705956438
-0.250646537046644 0.155287640239331 -0.207049763109368 0.0603753343122379
-0.272207561336273 0.0182437681912186 -0.369095151491468 -0.0513623901955967
-0.300360710971057 -0.0136599545696711 -0.18563830225937 0.106251111980049
-0.273042783290765 0.0742824079701552 -0.146943391486374 0.0531754758622733
-0.185550300502413 0.17611289603149 -0.057168159940698 0.0790638965709888
-0.0244430393495102 0.224198100612178 0.0221110361695628 0.00678805770447393
0.115588655786184 0.196941125444951 -0.0033827209111306 -0.0690036042416338
0.19312661802692 0.124263071637129 -0.0964775706174696 -0.0998890429587654
0.223870994929567 0.0683372188532632 -0.169784666192189 -0.0689746523875045
0.259332238762989 0.0427041366622915 -0.197997734357169 -0.0475860640034406
0.266520098310968 0.0550179302376491 -0.193650486126448 -0.0452357999743064
0.290062979096356 0.0940538357598347 -0.15089913894519 -0.0665838128044521
0.262367533583125 0.191913211531151 -0.0757730264696345 -0.0738603350150254
0.135995597946645 0.307748829571111 0.00256728968418854 -0.0423395520609686
-0.0825835938196907 0.381751158330187 -0.0488682286151689 0.0654696631564931
-0.315069080051675 0.263265517888736 -0.152556797638949 0.0612905197845985
-0.378343469193655 0.0706509580852951 -0.268545049872177 -0.0470882897118594
-0.370471880634871 -0.00276963970436259 -0.0509283179269317 0.102524412132074
-0.346005280448905 0.106015919683107 -0.0889301167786309 0.0178735996767697
-0.250768348888075 0.226683863250027 -0.0497630583599015 0.061160386075261
-0.0540152951904025 0.305684348459305 0.00874849883352047 0.0312157980301549
0.134069805279623 0.276267116539431 0.0255814401454998 -0.0183818766599057
0.244868310946492 0.174889356226534 -0.0267380469226661 -0.0605305358718219
0.28558154450975 0.0941275607245907 -0.0694263663225363 -0.0434655191521594
0.31858943532727 0.0565074101010783 -0.0811129386697493 -0.0307891660195052
0.320062002080278 0.0633162559875326 -0.0779897590496069 -0.0300641826571171
0.345393131456298 0.105091001174131 -0.0574974468706998 -0.0432734125044197
0.319178258029601 0.214291880368737 -0.00931013780309499 -0.0408442848857815
0.173656106361949 0.346789039227648 0.033329668365387 -0.0261921136030082
-0.0615380913720726 0.425420653611194 -0.0110992065082836 0.0482639658424281
-0.322133765863818 0.321411533904654 -0.0805587245181642 0.0320917921733507
-0.416840609241456 0.110248763838518 -0.132907998418643 -0.0620318749361399
-0.387668173775837 0.0139054170169564 0.111687950408007 0.0965754128708633
-0.364785335800281 0.132539614450197 0.00716155393563181 -0.017392778177615
-0.26838087216445 0.253739329704996 -0.0221391426971242 0.0341506321645347
-0.0662586887292034 0.33863821080178 -0.00101155478905987 0.0590307934584575
0.135735768956281 0.30904287472804 0.0580353079279066 0.0507868295998137
0.258782725273012 0.195856487472333 0.0586271061058461 -9.2218396411251E-05
0.30378418640427 0.103621735745174 0.0502564102660769 -0.00547583198660727
0.328594475476899 0.0619807350827793 0.0494215493539555 -0.00932834409627667
0.322043905986017 0.0657975212091657 0.0463351335613099 -0.015003092440963
0.339489457979115 0.104646550099907 0.0400678783219449 -0.0231159720813386
0.308878027468736 0.208290164299043 0.0584569358460665 -0.0126516851259224
0.160640061013849 0.324385442621789 0.0590623350699078 -0.00901184058490925
-0.0514351839705348 0.381278267138393 0.0175742823604599 0.0196590663749581
-0.28103552043895 0.305315911317408 -0.0116568787866143 -0.0127609442471475
-0.384354816186354 0.122538966704237 0.0124046970568673 -0.0885764782155334
-0.334626366756646 0.0338695056511007 0.269204000370608 0.0848629169404007
-0.306111092196876 0.139838965977063 0.115152711004719 -0.045821134392245
-0.216958956260481 0.226841725840847 0.0179875462114853 0.00906813277030466
-0.0543116703549857 0.294001063171213 -0.000505124046235129 0.0844241073210143
0.115743913765577 0.272152116207165 0.0912081458298534 0.117073636135986
0.227297561577917 0.173427131564481 0.144376521938849 0.0637317977209259
0.270908819907609 0.0916802493152138 0.169459821934072 0.0322329849647005
0.287220034609932 0.058568888891992 0.172340342428947 0.0129411206906816
0.275819181269112 0.063409159231621 0.157028765744129 0.00295063281248148
0.274112388385698 0.0994428317229444 0.119016142879225 0.00197442408912156
0.23281915447298 0.180788217502359 0.104944667452874 0.0168535991316863
0.0960428123632727 0.255284473323182 0.0694965534727419 0.0119099063928047
-0.0566363825012357 0.264307789570421 0.0323649766024644 -0.0051449563763205
-0.209075160547391 0.224253293700919 0.0417528216633697 -0.0492240215398526
-0.294996197754407 0.105348340731599 0.139701933611814 -0.112680268159348
-0.219165845355956 0.0495898982007071 0.389539211938733 0.0650932239286882
-0.180972518184959 0.112985296357049 0.202635611001239 -0.0642530545575856
-0.116321546854811 0.142774793575679 0.0565560262384053 -0.011607629343054
-0.0337279367210648 0.181778831288381 0.00646090476476063 0.094964942111959
0.0712248098097664 0.178679832911775 0.116420749459348 0.15940856754361
0.153577926229412 0.117918963379952 0.213048079514271 0.111739614232631
0.192426272523409 0.0636766962845579 0.266674056003071 0.061711829526871
0.203587842267073 0.0457931571281894 0.268015026774732 0.0328222970023886
0.190566825203323 0.0532369100625101 0.238826784713464 0.0249268771446034
0.171886898183269 0.0844212317573094 0.167679866894647 0.0335907300456917
0.12534367848264 0.135143759797416 0.119095979172182 0.0481741525179233
0.0185899187967577 0.157805681106104 0.0582942625135067 0.0327466090783124
-0.0560689953995633 0.120547364552522 0.0339658275176799 -0.0221258904243693
-0.113449940269385 0.118530959451558 0.0772784865311982 -0.0678704115439281
-0.169681501401551 0.0753666711116874 0.230993718618666 -0.123669878260237
-0.0635848971430608 0.0487875597903861 0.449329097750835 0.0402275147842777
-0.0291380177958693 0.0529914660031732 0.254060170800307 -0.0783487108833078
-0.0141347290405014 0.0243956100194986 0.0800024504429196 -0.0355087343301676
-0.0232516667398478 0.0453297413944792 0.010388966811641 0.0871138603446872
0.010637736955933 0.0627568958792331 0.126635004228737 0.173746153663783
0.0524502855755215 0.0465966812355453 0.254073945756345 0.135254345089276
0.0833503032647779 0.028674173472108 0.323758109096452 0.0762419588161385
0.0894613387593037 0.0254015075582282 0.323768400662929 0.0468922833084472
0.0829636108920091 0.0316265025315163 0.280637626158957 0.0494960491105506
0.059357158438046 0.0545158695291798 0.185124665624032 0.0673981484360989
0.0253981466791743 0.0725045709060593 0.105829931758673 0.0748113332456818
-0.0323999511835829 0.0524609831115922 0.0313474084688524 0.0463417487496286
-0.0283031208303534 -0.0051845146660508 0.0310115842226953 -0.0358142197266
-0.0058657824236721 0.0316440418588078 0.103534096083861 -0.0721079570906342
-0.03168407955557 0.0495226359599527 0.282367632038 -0.120857572462437
-0.0770195605513123 -0.0272110990076101 -0.327913948118431 0.145897769242673
-0.0873373975559557 0.0213209990000833 -0.142872878555898 0.12437601592365
-0.0309922205484649 0.0760393229373202 -0.0323773484265974 0.0695399393784892
0.0363425275461055 0.0450155956301424 0.0199066594414271 -0.034736521436863
0.0488511973279617 0.0124293208615249 -0.0650916219714733 -0.0963215473738738
0.0363288807408347 0.00258446387137963 -0.181414844025421 -0.0917699303992376
0.0247569412114926 0.000812816114767375 -0.282990340337512 -0.0617088444976326
0.04008118648738 -0.0014921967555438 -0.33638237945087 -0.0462624038328713
0.0517867779262921 0.00393418381121231 -0.336384906544497 -0.061915568923661
0.0712590876501796 0.00665047461194217 -0.267711658854545 -0.110263971278619
0.0723782204056431 0.0354746963648108 -0.161921940024843 -0.14030941067912
0.0441404278375425 0.0921140839830346 -0.0478962642714417 -0.086431542244854
-0.0492029670027816 0.133632995129752 -0.098338109671799 0.0384746384652577
-0.132433642521367 0.0473299238928109 -0.233766782579709 0.0442818985309871
-0.121062764704367 -0.0216425616199 -0.433017890328912 -0.0518583169019218
-0.200200133902965 -0.013882629925266 -0.284326537566291 0.130467769562139
-0.182622607837421 0.0548305624267836 -0.162591500619434 0.0968434973978494
-0.102909939502227 0.133435238165724 -0.044299801789789 0.0829327207547603
0.0172841958922908 0.135329290102396 0.0289776104518761 -0.0166874531540125
0.0947884247317739 0.0995278982270778 -0.0344891405333959 -0.0953647150000407
0.125428783903581 0.0575649061590596 -0.15312869395789 -0.106849888690235
0.136637539856038 0.0295951077722587 -0.248270985076897 -0.0698319050890634
0.166820310433784 0.0167673139525764 -0.29428542170753 -0.0460492493978205
0.177943593826143 0.0308497984134406 -0.291026703814102 -0.051023978123126
0.198343210288996 0.0566372999762645 -0.23113325932433 -0.0876993565921542
0.176959458571138 0.127423684089182 -0.132288982454231 -0.10854630646766
0.0896542515009671 0.219023753266337 -0.0287176944156745 -0.0625489950478314
-0.0799528758273712 0.279720784812327 -0.0831230181065247 0.0666942842113379
-0.250960687758055 0.168925865063554 -0.212066016143606 0.0686254200250378
-0.281138077844585 0.0298612848064701 -0.382657047316776 -0.0358333837057806
-0.30720408454418 -0.00332222209543116 -0.189832502016915 0.117959142554371
-0.275989990459669 0.0857670274640639 -0.151603104853838 0.0628926097994011
-0.183419832125943 0.186684371568203 -0.0549422217468626 0.0826597876202563
-0.0150976060577214 0.230548009901935 0.022920787283263 0.00668366427471714
0.127246053868426 0.195008139219473 -0.00498056520798223 -0.0699400416859418
0.202308704065585 0.118532324069972 -0.103143077963022 -0.0977422097893514
0.232815207816084 0.0603939142992639 -0.177354092329449 -0.0630880349994169
0.269250067928853 0.0318790265830596 -0.206300801832261 -0.0397410434475424
0.278727205786494 0.0444654346861825 -0.201850957418917 -0.0376643241935575
0.303302704340629 0.083148332587347 -0.159224518191448 -0.0615958386763197
0.276630437083339 0.185847729764992 -0.0807700817163566 -0.0743223004656248
0.151546099966179 0.310572589299877 -0.000324526438734144 -0.0441255157335249
-0.071095617153575 0.395098208160737 -0.0495864601224087 0.0715911729840243
-0.313432846575429 0.281467040296901 -0.155848105173208 0.0685517295993901
-0.38840711455959 0.0890580344517963 -0.277936963237416 -0.0345398679966892
-0.379174454268232 0.0103710510180368 -0.0513347195622955 0.107213784140805
-0.349524822515614 0.121226723333328 -0.0936865921532731 0.0244790254045582
-0.250135206529814 0.24143676009501 -0.0483192512777349 0.0637335881964174
-0.0433190578659942 0.315796522061179 0.0103378616481342 0.0326663221626116
0.148508609750664 0.276720600935976 0.0261204845449634 -0.0195072405414244
0.256796602460546 0.168360776974631 -0.0309763293154517 -0.0612035465570309
0.297235789477848 0.0832425029966968 -0.0730732266312736 -0.040808866598719
0.330845782562626 0.0430048358000771 -0.0851398194845429 -0.0281334862542228
0.333728120685302 0.0513735535308991 -0.0817500227790062 -0.027316796605861
0.36162453402352 0.0909901587249016 -0.0627563182607677 -0.0415312504345581
0.336578141557419 0.205838325154394 -0.0107325829060004 -0.0436325471965987
0.192575256217974 0.348355373666955 0.0316596056720587 -0.0283359152259054
-0.0490153914418484 0.440073739567743 -0.012254231336079 0.0529271799834699
-0.318645714193362 0.342219185201509 -0.0824068381239041 0.0377347414937824
-0.427255507314779 0.131801920877944 -0.137009958001491 -0.0550943303405164
-0.39513569680728 0.0272438943654938 0.115950322668046 0.0949932617993539
-0.369968979462289 0.148732298927731 0.00476691360772119 -0.0155511388322914
-0.267426635662584 0.270543280413603 -0.0205952909899981 0.0344549635725431
-0.0540378753782198 0.351096044547781 0.00107877290516157 0.0622367874767604
0.151969977144845 0.312188631884905 0.0619156484211768 0.0506026731002926
0.271893732968242 0.18879881134197 0.0584960252937939 -0.00282767969598045
0.315756546400383 0.0924753462861597 0.0510572212374743 -0.00790636311425445
0.340576932589134 0.0484375405377017 0.0503031926823199 -0.0124619541165171
0.336270462542543 0.0531735165273285 0.0471095395866422 -0.0179149200234833
0.354697913128893 0.0903230180442489 0.0383626107988274 -0.0248132200992665
0.325647983841059 0.198649034314614 0.0604173184964995 -0.0177534615625015
0.178473223899065 0.32636306168969 0.0592106650166709 -0.0120064626651271
-0.039825735040539 0.39304515505047 0.0159669562641649 0.0224928936772484
-0.276119765075942 0.323674856531147 -0.0136249148443442 -0.00992471734555624
-0.393358865850169 0.141614427270891 0.0117590659225058 -0.0883868545647718
-0.341938845022701 0.0458724595751532 0.277828715973918 0.0764376488460287
-0.310257403009308 0.15423048511828 0.115140176602291 -0.0493835018767222
-0.21688569064446 0.240669552951709 0.0196444135285771 0.00770132752066143
-0.0431319560366114 0.304877826028699 0.00205297217892022 0.0882107320036435
0.130344557294581 0.274962419705376 0.0984080359662825 0.11764321276878
0.238675079909221 0.168734703025308 0.149102047249242 0.0583117350397764
0.280996010335662 0.082234491028173 0.175224277816315 0.0254115482600787
0.297993673537268 0.0466423500976183 0.17782745500168 0.00427919066782663
0.287098003585016 0.0533607795767874 0.162666424859824 -0.00483947837240712
0.28680452836586 0.0882579884793788 0.121834970780431 -0.0024928229612126
0.24576722970982 0.173872243446783 0.108005802138671 0.010473108301664
0.109748808382673 0.257446053423403 0.0707934355762612 0.00902168978043442
-0.0491669975331094 0.273563263756566 0.0295279254156636 -0.00379164896816973
-0.205761577535674 0.237063154829049 0.0399970585831868 -0.0502800302694664
-0.301081888786826 0.119380962028662 0.14110067091318 -0.11900852186695
-0.224024386620486 0.0569519587775687 0.401792156027642 0.0514166472838494
-0.182720338014507 0.123128024496486 0.205924737401847 -0.0726217850432036
-0.117784672778848 0.150411601620311 0.0588716099883515 -0.0150279154259305
-0.0269712516323195 0.188766383487888 0.010546545202502 0.0982312675185963
0.0810238246967796 0.180974547182282 0.126051696271436 0.160330522974349
0.161228543572521 0.113832879215746 0.221639987656505 0.105107452945864
0.200531847886241 0.0561656497789843 0.275823949547297 0.0518600413333963
0.211022021764043 0.0384629593357033 0.278215862610224 0.0202659846245294
0.198886605372621 0.0464763700319136 0.24667118925875 0.0144849521467976
0.181002554829748 0.0789496500248841 0.173247482780423 0.0277111494245975
0.134531330230736 0.131721494197079 0.123095873534389 0.0428592110467059
0.025870264145279 0.161421766339609 0.0601960235090512 0.0307044046176682
-0.0545353413300301 0.126847339081489 0.0309414017581477 -0.02234632205771
-0.112113436945042 0.126091171585443 0.077340442019838 -0.0704369083088458
-0.173127511661664 0.0828813373325728 0.235337456644317 -0.135313894156675
-0.0646092173773271 0.0512163608228123 0.462800466020247 0.022979683207544
-0.0294442895833034 0.0557242735662886 0.259812432737041 -0.0910913948945251
-0.0154176022345297 0.0255146845544453 0.0811060632955416 -0.0398667942992345
-0.0215145656617612 0.0478878294067856 0.0142983488727638 0.0901843082444378
0.0137885648668322 0.0649932766624663 0.136710399064611 0.17410825031129
0.0549629687490143 0.0457892659311431 0.26480455314337 0.127553780817918
0.086970118549638 0.0248510067871595 0.336264722770521 0.0634818192655315
0.0926475970702482 0.0217134814077375 0.336698382646218 0.0325824438058923
0.0865269948564279 0.0292410384384763 0.292344403796332 0.0368252275426849
0.0642605310449232 0.0532197028378401 0.193173751549552 0.0616000726655659
0.0291683926029182 0.0728921724286156 0.110764877435138 0.072429115718559
-0.0302690276569372 0.0553889460830369 0.0337933126527087 0.0456202039604959
-0.0304194367551309 -0.0033052023252338 0.0285394103568653 -0.0371473152271183
-0.00523594086139221 0.0324371844381277 0.105264132994885 -0.0766379256843581
-0.0308285763412289 0.050565263010179 0.288268940774675 -0.136199156465207
-0.0777779756404209 -0.022624813693007 -0.320661033408477 0.167963013594712
-0.0836392813982387 0.0253686529157033 -0.136898012477949 0.1346333512947
-0.0252563530506239 0.0771418886263442 -0.0272072025143016 0.0718724672390157
0.0385364639463067 0.0419081864107238 0.01786635549845 -0.0355396908252891
0.0495224342613283 0.00800466799362167 -0.0690178918040201 -0.0923095777031846
0.0369937093195105 0.000299037628429498 -0.18501550625492 -0.0785662437504326
0.0254243181929405 0.000169653284349603 -0.286461539752249 -0.0424890576964859
0.040809520185065 -0.00407159943660475 -0.340988716662956 -0.0227043583908892
0.0523582807058804 0.000177236669485711 -0.340987955289035 -0.0386091529319548
0.0712539807609163 0.00175827767676531 -0.274852521814872 -0.0930110847383242
0.0738838879225366 0.0309162964636561 -0.170134482837021 -0.130058871285682
0.0495473766802742 0.0890759276738883 -0.0545189214872416 -0.0837395791154967
-0.0410120550850084 0.135035883802008 -0.0954632483084084 0.0443065683778882
-0.129162649448896 0.0541367213389281 -0.232267876746647 0.0558127016186255
-0.123065823686058 -0.0136869265283846 -0.436150833813862 -0.0236877795408981
-0.198842331630382 -0.00229345285279807 -0.277774847259342 0.149321556578729
-0.177438327676793 0.0649017909963189 -0.158755078160115 0.109080060755396
-0.0932720230396394 0.137913972899497 -0.0386588806560012 0.0855879281126129
0.025024824727103 0.133147721828543 0.0282799868875754 -0.0179406328243323
0.100455370576263 0.0912547749931898 -0.0388605703119252 -0.0930129443451945
0.129114148232947 0.0491855250335314 -0.158402065898264 -0.0953254144434196
0.137706985151821 0.0211159625620071 -0.252185756155782 -0.0523440469173397
0.167876946753701 0.0050678292269693 -0.298610925553108 -0.0262096181132891
0.180630403020595 0.0177404668095679 -0.294770584484231 -0.0306400749668274
0.202181901970614 0.043046340797637 -0.237355107649901 -0.0720288172257057
0.184423947014011 0.115589016348321 -0.139048284400287 -0.101038447875277
0.103339247826474 0.213084474733798 -0.0333875843571675 -0.0615237395498199
-0.0632574431781731 0.283291624520004 -0.0799911454040729 0.0735095794583363
-0.241650574648121 0.183844958793168 -0.208454767983529 0.0800888575195504
-0.280470924956733 0.0486262580337293 -0.384018489712294 -0.00884266673905306
-0.305297943107822 0.0135189343977532 -0.185079774003493 0.130581004626306
-0.268649187823267 0.101070754811621 -0.14957667363846 0.0746923762594927
-0.171400091415348 0.196084519909528 -0.0492293125186365 0.085357607794111
-0.000961212214279976 0.228970290188813 0.0237499442666053 0.00624337087889061
0.138096037185324 0.184447841708063 -0.00808350200048686 -0.0700073110135954
0.208188645239675 0.104564289906487 -0.108935507461431 -0.0902667540033686
0.235201426230584 0.0449604110577332 -0.180430357689447 -0.0499301408385776
0.27142942587166 0.0133130044615873 -0.210737594497483 -0.0264708110782179
0.281833788650224 0.0258831557746529 -0.20402532308884 -0.0234549204347185
0.308197616463376 0.0612424261491717 -0.165190386445209 -0.0501115281290231
0.287494570369372 0.166734325122847 -0.0857974379232623 -0.070426808306378
0.169706213990972 0.30002493347958 -0.00469365282053193 -0.0439645051031863
-0.0492186266495114 0.398302261828958 -0.0466359395215922 0.0771640267646686
-0.295799865618455 0.29952635162499 -0.152607297152697 0.0784454538422892
-0.384381788701101 0.114214402535951 -0.27712415999721 -0.0135370097726647
-0.377442576316564 0.030667223887741 -0.0470109123408457 0.1115825024867
-0.340839723287665 0.141551126202793 -0.0942651953312249 0.0331012021102432
-0.234868977747312 0.255170598382657 -0.0437009695706677 0.0657751752031832
-0.022390720924498 0.316691871675429 0.0123989849971267 0.0332828326916583
0.165248490795761 0.26467284158764 0.0261766193496284 -0.0205459794505238
0.26569945640674 0.150762580856468 -0.0353324373883001 -0.0585946128749972
0.301231159781314 0.0637870382908073 -0.0751245634698288 -0.0349686186538573
0.332871107923076 0.02013295707988 -0.0883580626041918 -0.0219845850227531
0.337920380909338 0.028123902034717 -0.083686334525131 -0.0214336921982634
0.366392188792129 0.0641260547371406 -0.0672471888965112 -0.0361353045847403
0.34925602966161 0.182541643653317 -0.0143304781634754 -0.0451063560509778
0.2139316612203 0.335571446658673 0.0289848629303509 -0.0307535632940791
-0.0231611822150386 0.440934781323326 -0.0110663570785125 0.0569206716574702
-0.296412042256799 0.359002518419924 -0.0811614856049972 0.043774393457109
-0.420319413895325 0.158066984497806 -0.137473536671391 -0.0426389754828354
-0.393097268076253 0.0489673356855502 0.118591028208352 0.0886587181295538
-0.359625848495512 0.170763880781741 0.00260265532662694 -0.0128923456404466
-0.252471597783347 0.285584097393892 -0.017410763183342 0.034123077311956
-0.0315999782540149 0.353340388804447 0.0053790341816521 0.0628989426468909
0.172167022229227 0.298793372338273 0.0660805542455045 0.0471828634427255
0.281963575406234 0.170515880447117 0.0565559951207927 -0.00705026532425032
0.320896759261142 0.0705162555460318 0.0506469734423219 -0.0106452470154319
0.343473859782644 0.0254745021540069 0.0488278841193682 -0.0163984816329164
0.340267312331691 0.0307818339569033 0.0459482860995248 -0.0208624056577835
0.359541456494188 0.0644148092382141 0.0355091636466584 -0.025917366377921
0.337340556648874 0.175046555736035 0.05754017498836 -0.0235834799079736
0.1988055868149 0.313431708681726 0.0576229369179748 -0.0155708305452529
-0.0168487545061261 0.395518242177471 0.0156039279596077 0.025456382340908
-0.255708674788285 0.340106492001361 -0.0135231548266258 -0.00757559569409957
-0.385743645809414 0.166298228580186 0.00950088158394778 -0.0863265474021014
-0.339055212033248 0.0649696186650223 0.280376614770604 0.0598252571424859
-0.301381014448186 0.172469570836352 0.111025272867456 -0.0542313959138556
-0.204869523984046 0.254127771039882 0.0207533577332875 0.00463002650791537
-0.0233280304362854 0.306985693936256 0.0076455320398916 0.089147703540317
0.146728753874795 0.266310678572423 0.106619507877394 0.112417662975384
0.247668976812083 0.153049132392759 0.150576351550658 0.04802896858615
0.285994415424252 0.0628718215951478 0.175720268029973 0.0144754277137513
0.301099881469407 0.0266614079974308 0.178108914080576 -0.00864841824983922
0.291092231305778 0.0340183918865311 0.161904142449724 -0.0161104120740932
0.292325445395185 0.067144318147667 0.1203471095362 -0.0095180668976666
0.256999815449229 0.155294743751569 0.1079758837926 0.00185349628931223
0.125683988896608 0.248878746506525 0.0703588059258844 0.00467087279402218
-0.0335611012289618 0.277235558472896 0.0276262029038323 -0.00248383535194321
-0.190673009638041 0.248514338471214 0.0375072765429821 -0.0499336257153702
-0.294943073373462 0.137551406603791 0.13635409696476 -0.126027122024394
-0.220966803702275 0.069275292144128 0.403401781108441 0.0269762909348961
-0.175721120886364 0.13359652117239 0.200986136652287 -0.0849267243197512
-0.110863427100638 0.158731591820828 0.0582750633797914 -0.0193907011157221
-0.0144462323376137 0.190503385829746 0.017105009900409 0.0993116145887222
0.0925871633074913 0.176186951284236 0.135964414753207 0.153846032941372
0.167141518324038 0.104320428220199 0.225442268142125 0.089527972682754
0.203304446319799 0.0425313315823735 0.278178027991104 0.0334016907555795
0.213902538595832 0.0235865797444933 0.279803434557073 -0.000103041363878812
0.20224123882569 0.0332329272128052 0.247764149554415 -0.00294324686735811
0.185759207771385 0.0655062239328304 0.174400366941125 0.0173427477738808
0.142450786362188 0.121042445731039 0.124388506003257 0.0334355753226508
0.0373693343438584 0.15849460207054 0.0612795108579834 0.0269545699964942
-0.0477572091158018 0.131010708570989 0.027576134199133 -0.0219987922945725
-0.104686213303394 0.132494107630345 0.074106926979016 -0.0730622223556037
-0.169016570680955 0.0921713689788322 0.22856032693812 -0.149313960904207
-0.0630510651705126 0.053957361828705 0.46420819981792 -0.0071261966790453
-0.027300955887333 0.0580699724857501 0.254208458629687 -0.107500169868971
-0.0159960707074668 0.0270574075401343 0.0795534410796883 -0.0455884290490731
-0.0179076454613716 0.0494343335016028 0.0205761741471358 0.0908350958924601
0.018233883394421 0.064379823150505 0.147271283523886 0.166617242241615
0.0568982756167309 0.0422364731278002 0.271305061104678 0.109654279628726
0.0877732869679747 0.0181509857473272 0.339272547047577 0.0402257151020075
0.0945805719291359 0.0158869906286226 0.33966636943557 0.00786661462576133
0.0887220448930946 0.0238099931115071 0.294471176830882 0.0157768484015772
0.0676891157251603 0.0487506009457357 0.196949397704075 0.0489247878608055
0.0337319881421908 0.0699742707824342 0.114145160312611 0.0650928010446413
-0.0260548405244102 0.0571155520288675 0.0357609369240804 0.0432321756946358
-0.0311449757313891 -0.000354232295159486 0.0243202408579306 -0.0375334789845255
-0.00382774923434518 0.0325094835651413 0.100778399737218 -0.0818987500519558
-0.0288770808163145 0.0512815752334453 0.280946050960512 -0.154716150431216
-0.0746802392644274 -0.0180475288102274 -0.30136873522337 0.179790867605574
-0.0780104743462993 0.0272877786110368 -0.12559116334333 0.138325403735369
-0.0192334755272983 0.0741866931000461 -0.0220303826490022 0.0708947367701151
0.03879421076348 0.0378401466324688 0.0161228896509373 -0.0357314967672939
0.0468451936840542 0.00364173505755903 -0.0693387069186557 -0.0856028176995997
0.0362010500232489 -0.00258977429085638 -0.179862439759373 -0.0652622637719342
0.0244267636802794 -0.000554800250888074 -0.276676544695398 -0.0243952564002067
0.0388269065750113 -0.00608128895846458 -0.331204381542252 -0.00176231829690229
0.0506218922602096 -0.00379627907911053 -0.329842280966521 -0.0181454997343599
0.068276823374278 -0.00241960171212099 -0.271333024863669 -0.0746108480252812
0.0725635826975033 0.0261985636884183 -0.170929196921094 -0.116116451364978
0.0515764997732724 0.082882629678314 -0.057238780411262 -0.0781476886050334
-0.0323413525903996 0.131018942544453 -0.089340108809141 0.0475479313389432
-0.122222233572154 0.0581410579729763 -0.221494458028575 0.0633532499254538
-0.118317945625612 -0.00584492994830109 -0.419917013081825 0.000168597580964413
-0.190545489342476 0.00682852625492054 -0.26064900256828 0.158886757457827
-0.165347119365687 0.0703461964895153 -0.147552350199357 0.114764092645067
-0.0828587142500495 0.135554763832051 -0.0320197547046662 0.0837434996859175
0.0311616177571716 0.125256574427917 0.0274791771480926 -0.0185397750809212
0.100158099395851 0.0810963069005369 -0.0407710499189519 -0.0875315394240536
0.125616102967638 0.0392029731396974 -0.156411024137402 -0.0828089416260016
0.133163180641528 0.0138189138254356 -0.244951589918955 -0.0354305388691541
0.161961811918602 -0.00499098721747457 -0.290493010241317 -0.00658214940122651
0.175505679881919 0.00686732329862574 -0.28532169500766 -0.0126312837698165
0.196012788918974 0.0290723496253883 -0.233604760536242 -0.0548522185321649
0.183584914471853 0.101207118628978 -0.139455033537793 -0.0912362688302756
0.109347162374771 0.199525513972575 -0.0362671145511277 -0.0566956426632655
-0.0474453136818742 0.274712779130962 -0.0730057473109484 0.0756737263867235
-0.223406440477792 0.18791125045997 -0.197682761004838 0.0861461476435117
-0.267713030292893 0.0617933117295473 -0.368065676626627 0.0132237478820169
-0.292060539703121 0.0274861237959024 -0.173497864780633 0.136870874416792
-0.251463169112013 0.109081975286063 -0.141062383310152 0.082207761681262
-0.155330420306386 0.195436977683687 -0.0417695292844093 0.0839330727469835
0.010806856302158 0.219415288057839 0.0238361574774221 0.00520724912797033
0.141612332397076 0.168072121358008 -0.00962432649638834 -0.0669799221290077
0.204629301344165 0.0886581143545559 -0.10928580384686 -0.0804153375600016
0.228103218366081 0.0307861860414477 -0.175659265072002 -0.0368089572164864
0.261797986204825 -0.00215860193501604 -0.205095238987852 -0.0113357263681455
0.273668092408964 0.00900720855583377 -0.197844153962722 -0.0107203914014157
0.299552747301047 0.0408169400557563 -0.162696566398829 -0.037926960616396
0.286070153080638 0.144487027084191 -0.0871547633241938 -0.065185632203718
0.178615401508555 0.279891988562096 -0.00761115640742738 -0.0420574252386593
-0.0270056651954426 0.384817691805237 -0.0409609610131041 0.0791779824868612
-0.269645199875913 0.30247673974782 -0.142929305474055 0.0828735046526026
-0.364485954468882 0.130528802421349 -0.26465173276815 0.00329523197231108
-0.359998230939614 0.0477207376553005 -0.0417275808769788 0.111166695713106
-0.317477473307139 0.152055850856605 -0.0902489090670704 0.0396789060199204
-0.213958763075119 0.257196775557495 -0.0382551823200583 0.0637937472452445
-0.00547055706166185 0.304410625166651 0.0138613515426636 0.0318252019145978
0.172007414159173 0.244154347921013 0.0256897410872045 -0.0210533545009595
0.26130721192055 0.13070135395251 -0.0381324770288588 -0.053813449597624
0.292253832310586 0.0440089703971955 -0.0734625193062065 -0.0288153331064858
0.321356360533896 -7.11846886164652E-05 -0.0870827480711859 -0.0156387963377291
0.327839004384314 0.00773000191539888 -0.0813044373281002 -0.0157185433839942
0.355067866940914 0.0395982238009363 -0.0677987377742713 -0.0294764563842295
0.345137549171291 0.155045937049635 -0.0174807591459232 -0.0445721909375346
0.222806436456224 0.309811343244002 0.0244203013235781 -0.0307965912357117
-0.000970134309444944 0.426453105977473 -0.00738384770418993 0.0583012146073086
-0.267864197743952 0.360886308048017 -0.0742699777449057 0.0473638626655259
-0.395850095687992 0.174932824139341 -0.130549389321496 -0.031759474190048
-0.375560563021068 0.0648726264662955 0.117158137792947 0.0804706364397768
-0.336970952149944 0.180810495946951 0.000175638495129409 -0.00947102814070938
-0.230878809318264 0.288206411365036 -0.0147602162361977 0.0318589367005211
-0.0110751893344766 0.339943750691127 0.00814399020405681 0.061444534410975
0.179942717564776 0.277490592784497 0.0668340324829217 0.0421869772592355
0.278357578561144 0.148983086278539 0.0528432694897692 -0.00920599493179613
0.310603048497851 0.0499623844631547 0.0482643104012369 -0.0125417032904944
0.332089661024986 0.00415420492406495 0.0452930753889318 -0.0189248971231667
0.330103839076811 0.0104302447836797 0.0434026964253757 -0.0228237034469833
0.34854873991635 0.0400500865155674 0.0315401822417597 -0.024949348010441
0.33322625603333 0.147765210297644 0.0521832031571682 -0.0275597639596595
0.207633248922874 0.289279042450424 0.0536040171608585 -0.0181271330885919
0.00327476169555509 0.381839659476843 0.0156127151243863 0.0275854268387281
-0.229328359137721 0.339435543226176 -0.0120264823020184 -0.00530092652801269
-0.362496686807056 0.180304670643133 0.00894893308707657 -0.0821233917069577
-0.3233112972768 0.0771957353932914 0.270814854357232 0.0435222474202293
-0.280797387422514 0.180886733399375 0.103160328993375 -0.0562039923224934
-0.18608015337869 0.255392809923215 0.0198486337053403 0.00159054290889982
-0.00700124884970095 0.296098956588239 0.0126545542233202 0.0869736712179563
0.155465628427765 0.247411601969094 0.10898590772719 0.10292735803222
0.244739996715996 0.134327797126631 0.145171188427912 0.0382588637499382
0.277273117550997 0.043796469711763 0.169267961819817 0.00404524764645194
0.291699729454603 0.00763907298470639 0.17064324726237 -0.01975010811626
0.282831128612355 0.0160459416760982 0.155001120849121 -0.0252349973054666
0.283604957878441 0.0465885022307528 0.114310191447489 -0.0146912993847818
0.254053649725131 0.133118753575951 0.101466314539951 -0.00520479041082406
0.134355004874165 0.231705773186524 0.0667975692835566 0.000869593833209059
-0.0190236433589724 0.268500854654513 0.0255228343974201 0.000176550938705259
-0.170740604698668 0.248244520588911 0.035620344849598 -0.0484449834425851
-0.276968529096971 0.147728610141707 0.128330860826669 -0.127983941830009
-0.210174146744016 0.0766511122411732 0.388165570671212 0.0049182163064671
-0.163346054396124 0.137968183488091 0.188660055847429 -0.091311300353827
-0.100659495868639 0.159306449878264 0.0550869258383644 -0.023163633783438
-0.0038357546751589 0.183819773442594 0.0221072775773741 0.095375314718497
0.0988167998158029 0.164872139338981 0.139668010226196 0.141840598543597
0.16479674984478 0.0918230628672828 0.219856366580329 0.0745953954615757
0.196667890359332 0.0285189262939284 0.268065676621055 0.0161983718349572
0.206779172912017 0.0100439329696285 0.269369664556347 -0.0172408112109087
0.196713809088961 0.0207282337162405 0.237789393772928 -0.018087522205023
0.181637006700211 0.0514614685677472 0.168244110530751 0.00755260605179868
0.142726182067553 0.107760823691345 0.119944790890496 0.024272953589853
0.0444678951218469 0.150098316514295 0.0593488955530965 0.0230797897393427
-0.0399134747481927 0.129621900450311 0.0239014127754242 -0.0192557517325642
-0.0938581234531973 0.132184070317895 0.069259889883971 -0.0726768029841599
-0.15860519438521 0.0966781445409441 0.214220217808011 -0.155864492844949
-0.0586788461163488 0.0543866208144514 0.445082437282763 -0.0309843243360293
-0.0240608112420793 0.0579040997345645 0.238674388762524 -0.116665572197219
-0.01553611111148 0.0280685094857593 0.0741478282659511 -0.0479411208995668
-0.0139381288586977 0.0482506106427094 0.0248133534640225 0.0875511919692663
0.0219813266233976 0.061667684446666 0.151071337529354 0.153630412260467
0.0568191680428292 0.0390788903331687 0.264334025004929 0.0902452234775866
0.084101151906043 0.0115064954814186 0.326963855252215 0.0189724926003457
0.0915638590271818 0.00949912462213134 0.327373369161264 -0.0140702699729979
0.0866520531806406 0.0178914151280457 0.283975518789953 -0.00288804797899211
0.067763455040341 0.0428988419448862 0.191782722563019 0.0366038850494408
0.0365166479524391 0.0646888386110608 0.111575957762607 0.0557272699212481
-0.021270563604344 0.0565910761980323 0.0366167816662601 0.0387712006623134
-0.0306660228364492 0.00266573026608132 0.0194655325568164 -0.0363766586911774
-0.00196132785940355 0.0314435678910262 0.094681429662199 -0.0827455701202379
-0.0263270852123406 0.0496139960995129 0.263331570415374 -0.164411220907538
-0.0654839841038578 -0.0259720232863621 -0.299612350081958 0.129932970718416
-0.0745675212790454 0.0140850978021862 -0.135370025770305 0.114924824965924
-0.0265456499298591 0.0643085510470446 -0.031759168918004 0.0644576859401677
0.030150841270352 0.0404372995092451 0.017105576798885 -0.0298901757145261
0.0425685362224249 0.00921059261157071 -0.0540143892886228 -0.0856402943415842
0.0357136083693319 0.00163170600862752 -0.158341585290634 -0.0788486355231425
0.0240110580709217 0.00447092815707491 -0.256326603157148 -0.0509339342826372
0.0371254393795699 -0.000831262034900505 -0.312847796017061 -0.0384933895204736
0.0492475040704266 0.00401920000541389 -0.312571490423006 -0.054936016692716
0.065712114547489 0.00696625591734704 -0.250983672186581 -0.102927684074197
0.0657944913056419 0.0355676547761376 -0.151334410700631 -0.132726994215866
0.0386922296100114 0.0868620433394088 -0.04898666893702 -0.0843761684067894
-0.0440795867858969 0.119627771112298 -0.08865804373325 0.0299998450575984
-0.120797894429968 0.0415446259313637 -0.215599120804662 0.0301527854543794
-0.110029338713339 -0.0168358138695806 -0.402761500910173 -0.0499131845426557
-0.174822901081148 -0.0176391668253609 -0.264243636338238 0.108737957399179
-0.15979967881909 0.0414409315229966 -0.158262028713084 0.0880784878680173
-0.0929737792431686 0.11227584358872 -0.047210271997298 0.0728772530301217
0.0108952001077149 0.119493428598438 0.0223542302497056 -0.0137498226213618
0.0798315146376629 0.0887982715455705 -0.0312249591159768 -0.0835723617046264
0.112733755792486 0.0521611364654144 -0.135916882505498 -0.0881870531623271
0.124539606173149 0.0302049817542699 -0.226191666299563 -0.0579277116002035
0.15369929504062 0.0152176680865423 -0.273825920062176 -0.039503377096891
0.166591587888943 0.0286512526133364 -0.271930495725335 -0.0462098829975828
0.182058018491289 0.0520210113147064 -0.220193083144414 -0.0827473502931735
0.161005332545404 0.119584565227906 -0.127024953644965 -0.109213482578152
0.0782736895427028 0.203577124482992 -0.0319390808825837 -0.0646384909674027
-0.0757360623649779 0.255043027820378 -0.0748467749051446 0.0560389880563668
-0.232665642336797 0.152406420338233 -0.190579848772684 0.0500827616371133
-0.260625142427816 0.030714864555562 -0.348562367357453 -0.0368377202571844
-0.270396881090444 -0.0110884791885512 -0.186146235835872 0.092028122477621
-0.243712211696205 0.0664721945074363 -0.153006307026051 0.0566246633295729
-0.16858935601674 0.158256188895149 -0.061690790072977 0.0686193216480717
-0.0216074288246798 0.202725759445105 0.0128031492559075 0.00699241644183604
0.105485828561426 0.17552116895532 -0.00868780715191829 -0.06060888093834
0.178786150177273 0.108302033873993 -0.0943849387253355 -0.0774735338907086
0.211449112505837 0.0569588128286522 -0.162567529040637 -0.0519121602707464
0.24911320581941 0.0293224977942179 -0.191893633911793 -0.035503632605458
0.258996326951707 0.0427887902351946 -0.189982145849168 -0.0352233118638299
0.277446431024868 0.0741772675595522 -0.158270086751813 -0.0589524653918995
0.252006761195098 0.172165110447751 -0.0838508234022469 -0.0819415899307375
0.134224026654734 0.288686872749588 -0.00899659330080763 -0.0496153182709024
-0.0703493626612511 0.362065320507692 -0.0444123857781415 0.0604430935889581
-0.29032315945025 0.256055778508312 -0.135331539848536 0.0489442302920084
-0.362947145291042 0.0848260785211695 -0.243842139786484 -0.0383586838470083
-0.335535227148322 -0.00201118797510706 -0.0645581368320808 0.0782670035258236
-0.310874441577687 0.0956895790821671 -0.104776552403699 0.0205657030122206
-0.231368773998785 0.206923633141146 -0.0601099193715294 0.0478173115525556
-0.0488069378515717 0.279253055515288 -0.00264718569800517 0.0294724322447191
0.122657579778871 0.251421033503549 0.014896784524449 -0.0143854020796306
0.224659512728573 0.155319436796301 -0.0325078469929776 -0.0431908540987317
0.268982961413785 0.0769290180490126 -0.0689433837573271 -0.0322990545108343
0.30559933320049 0.0386646575820737 -0.0794732389203071 -0.0263950592451679
0.309632818620559 0.0481008020147565 -0.0794144156494482 -0.0276693180063274
0.329266570586691 0.0795045717224006 -0.0701244378515189 -0.0407428033662279
0.30770974513761 0.188258779639713 -0.0225421782475536 -0.0555011611798945
0.172909193673991 0.32277973410539 0.0190412767578173 -0.0352656862410837
-0.0497472118747656 0.403931425653595 -0.00992530451232075 0.0439362278932517
-0.294693378868531 0.312116084311665 -0.065696261221333 0.0204859068047581
-0.399476958793387 0.123587646199511 -0.108363482400477 -0.0595591427322211
-0.353239814743918 0.0123376196551381 0.0838872491494482 0.0657266485761867
-0.332367267431156 0.120808606014754 -0.0166581127071171 -0.016247241826563
-0.252145610725239 0.235427059120402 -0.0377548155487602 0.0200093714469988
-0.0595455871652411 0.312323065630156 -0.0127925371505104 0.055687193097562
0.125878098292353 0.284942742129335 0.0444126902278664 0.0489185746054733
0.237222344040641 0.175504013657015 0.0453866830646932 0.00887308060586428
0.285723977466523 0.0834868049058727 0.0422310675770579 -0.00469828573084059
0.3149169579006 0.0430617813787553 0.0462613380889603 -0.0149027899996019
0.311988215453631 0.0494496588323338 0.0400556032667536 -0.0210611010763174
0.322398348245742 0.078277997526983 0.023672843635618 -0.0253220697914009
0.295711882369838 0.178908888448523 0.0417592583318258 -0.0312015969572658
0.160334107578824 0.300255071546956 0.0462401714312964 -0.0190973724433004
-0.0400588461771101 0.362726624782262 0.0149936863797073 0.0191706485124793
-0.257115688068466 0.296357694717861 -0.000949689535115964 -0.0205661367686783
-0.368369181751078 0.131851418051028 0.030960548561919 -0.092087599529474
-0.306447777642368 0.0301988529711939 0.230815772138289 0.0521240218503598
-0.281683354520456 0.128464616329933 0.0860245547872603 -0.0464488433613098
-0.207019830746172 0.211095443663685 0.000575083271105164 -0.0024719109334167
-0.0491134430857565 0.272855544652358 -0.00982741340983332 0.0797288448343086
0.10717407633401 0.253893436896751 0.0777077418952712 0.109451860552359
0.207312625402412 0.15772976502975 0.126207564457274 0.0622473782134938
0.254562479385591 0.0729281441145835 0.15404117643033 0.0236988909090266
0.276964739065642 0.0419092573291602 0.164192748767206 -0.00180845336480649
0.265005649330249 0.0490741762381468 0.147412529351032 -0.0103666365420283
0.25973482490586 0.0765189918480494 0.102998510841934 -0.00481845123320475
0.222783684047715 0.155812418371034 0.0878980742927513 -0.00252950096492546
0.0986517161569333 0.235640276106884 0.0588292878632191 0.00230934484936372
-0.0493851330344029 0.252660660774993 0.0269701721390976 -0.00202894917631469
-0.190558531444309 0.215886772086884 0.0475470439926695 -0.0522341675896518
-0.283744968319152 0.109337677097035 0.148901653456678 -0.120064618266199
-0.202849475224274 0.0431536674378216 0.346524408948115 0.0347803773540629
-0.168186200943461 0.105269097903062 0.174456534802969 -0.0674087603725343
-0.11541493418394 0.133918793544044 0.0419842758353512 -0.0187526717756653
-0.0303062782853968 0.169350499022289 0.00240027889762101 0.0899879903794853
0.0677106560695688 0.168828847653268 0.104725007616464 0.147960805706854
0.13839497748361 0.10827335843085 0.193107654896795 0.100630601217649
0.18089995561695 0.0490800977574766 0.245963339787246 0.044569815735012
0.195764152789929 0.0335236981288883 0.256701605989773 0.0112870283906198
0.183596125432574 0.0420931562632879 0.226060981455074 0.00644546526972503
0.163760036799607 0.0692560212121035 0.154098415678951 0.0228793089650683
0.120851388713414 0.117322670056492 0.106227450450699 0.0312908542086719
0.0238352368192226 0.146587558324461 0.0521765184268069 0.024504307499804
-0.0533152069911362 0.119092081516081 0.0268203669561966 -0.0172641150835331
-0.104892504825431 0.114340662160123 0.0798112896663752 -0.0666667293448502
-0.165262953997203 0.0741644170337567 0.231578553860356 -0.133649861909892
-0.0617032241947512 0.0426741917467169 0.408747428468817 0.0157467430532137
-0.0302180231232512 0.0503624909575519 0.231982885508573 -0.0831772751248424
-0.0192623973202799 0.0248655803330701 0.0722048301214794 -0.037252950055691
-0.0197984784335437 0.0426385853196241 0.0118198896887208 0.0830421604634567
0.0111200921629377 0.0611862103710971 0.119907262593153 0.158809159305664
0.0444614233129803 0.0447138248414097 0.234221821309552 0.116027784673924
0.076404064155134 0.0189772483819756 0.302983545692122 0.0529503962276073
0.0867534038585886 0.0191552322623377 0.310806205322215 0.0221339366308215
0.0792375203914617 0.0262841597353364 0.269774127316928 0.0274741842044319
0.0575714595944206 0.0480170195575218 0.176260976501007 0.0539833496179128
0.0254304149464174 0.0645470151499249 0.09849445694929 0.0628896014285431
-0.0266481861711448 0.0504032241770674 0.030664343806121 0.0393508918864485
-0.0301708328042154 0.000875435190380549 0.0230917477759952 -0.0308206871353828
-0.00674001926522698 0.0294047324279923 0.101300612702032 -0.0692411425167236
-0.0341140149212386 0.0430565586455245 0.274909753854465 -0.131662080430295
-0.0618105192695064 -0.0264568724289341 -0.292707920083568 0.120001966514323
-0.0715154690764956 0.0105399201487329 -0.133892935952413 0.110092999799859
-0.0266104497150893 0.0604973145862818 -0.0317097246644131 0.0619239962459532
0.0285048786368488 0.0390294798057968 0.0177739232201606 -0.0287661666839628
0.040026418120314 0.00906480809057493 -0.0491308308150094 -0.0845215750364614
0.0346100596613007 0.00147016163414528 -0.149268311567492 -0.0789721422662288
0.0240116979893232 0.00565320036507689 -0.246671534263828 -0.0535618352855082
0.0361900119919677 0.000444646005445064 -0.303742556847574 -0.0404636010532675
0.0474122742717131 0.00414022357138789 -0.301824960272825 -0.0587737467926926
0.0631843110820513 0.00756781779663759 -0.240935347362195 -0.103598956084461
0.0623974776020539 0.0357243024892429 -0.143571143536171 -0.131779848290543
0.0351882563431519 0.0845994262101011 -0.0453493712645595 -0.0824245258310715
-0.0460508012923919 0.114176700535286 -0.0860463881310258 0.0265116234631223
-0.11782397552092 0.0373614901261712 -0.210672105506459 0.021886431991004
-0.105904920692161 -0.0179049942303244 -0.387757481891906 -0.0561506915916359
-0.167437619832372 -0.0214834180756137 -0.259607366377855 0.100473982628538
-0.154728140029402 0.035029009711762 -0.155716441024164 0.0839153437077658
-0.0925159992690833 0.105068884067463 -0.0470363242514414 0.0687322719729267
0.0078051901057136 0.114272982735302 0.0215249158847544 -0.0129257076108433
0.0747267997021759 0.0864139736457209 -0.0269898469072558 -0.0821759093872378
0.107829921911577 0.0520455835028072 -0.128640638407403 -0.0874107752123877
0.120093591405934 0.032453170246777 -0.216786494041524 -0.0594691659069486
0.149076858033994 0.0180125932016363 -0.265051121149857 -0.0406946399336093
0.160659809418727 0.0303749157604353 -0.262552827594235 -0.0492216828799705
0.174672247163141 0.052922001059475 -0.211841468548921 -0.0826629832058996
0.153522853161756 0.118452907853124 -0.122241443328483 -0.10869919823599
0.0714521811669278 0.199002729251581 -0.0302790530081938 -0.063507013032343
-0.0795457611798239 0.245081581793487 -0.0732769748054903 0.0532451461834745
-0.229253474371862 0.14259522370711 -0.186002927197773 0.0422412691795997
-0.252768740675365 0.0252615158243261 -0.334174994287421 -0.0418313576739793
-0.260484655712354 -0.017766283788148 -0.182703847638279 0.0853874466515567
-0.235888919450339 0.0568346295276444 -0.150507786231091 0.0540387776567949
-0.166917062686018 0.148072954866978 -0.0610332403914962 0.0640845964710757
-0.0256041274566562 0.194518500475971 0.0123460286079189 0.00653132388033351
0.0977739322190669 0.170841541693982 -0.00630563455213715 -0.0594598579346464
0.169651008283016 0.10789403260696 -0.0892953298814679 -0.0757922268078425
0.202556369004948 0.0600665439217531 -0.155284034565554 -0.0521857066175382
0.240327398174654 0.0328864680510339 -0.186190399567642 -0.0354959527719811
0.250358741448408 0.0450954581374766 -0.18356998786362 -0.0372825881933737
0.266667017248783 0.0761438844446393 -0.152505991499216 -0.0586518938364375
0.240504832074847 0.170352814755426 -0.0808269678887496 -0.0815584882535696
0.122975483504751 0.281776198880769 -0.00841592623827516 -0.0484359853342102
-0.0765524070222598 0.348458761842676 -0.0433744997123219 0.0593730395101852
-0.286770494688409 0.24115132638701 -0.131431287341036 0.0433082498004321
-0.352418138117112 0.0751616421692775 -0.231418787689228 -0.0415865534989206
-0.323966096625149 -0.0102319748277313 -0.0654635401237234 0.0754138242549575
-0.301004955443413 0.0843615963933131 -0.102677550365215 0.0194142810557762
-0.228952731492225 0.194669850944465 -0.0595548236378217 0.0436905917964687
-0.0534160754350992 0.267737524919114 -0.00280538475213563 0.0283715602067241
0.113175314017925 0.245093045796618 0.0163231181840471 -0.0140207738908539
0.21349155740985 0.154513614902802 -0.0314156101077957 -0.0420289296215541
0.258264657158783 0.0795826974067684 -0.0659186779995819 -0.0324580906200874
0.295879877272894 0.0425786375869507 -0.0772535761827175 -0.0262788428843682
0.300375181455344 0.051245803545297 -0.0763316339002616 -0.0278520205216945
0.316541453652136 0.0811153969646401 -0.067831432752893 -0.0392404013177074
0.293168607310946 0.186090427529159 -0.0225171445809131 -0.054944131412451
0.160641001640134 0.315049698994204 0.0186473249814072 -0.0338984960302834
-0.0577217802035666 0.391303562704311 -0.0100717178744403 0.0447521801877144
-0.292251675844207 0.295420971638411 -0.0626888296752783 0.0176519485672531
-0.388658296838623 0.111524758708764 -0.10011003814932 -0.0597340876235924
-0.341827827586524 0.00300987636519226 0.0777804749414633 0.0658708707773987
-0.322429721698287 0.10895633603887 -0.0167984794863906 -0.0145200452722034
-0.249885440875538 0.223048422181976 -0.0378445171763226 0.0168262805338942
-0.064406929173125 0.300114331387085 -0.0135583078048459 0.0538796635650304
0.115692424961813 0.277416856121017 0.0434480828767248 0.0483543407132579
0.224306023536748 0.174829235397503 0.0426337892477584 0.0099065363760275
0.274652677454806 0.0865309288022732 0.040895185722312 -0.00344080568282899
0.304964897838607 0.0466746799547821 0.0447141141666408 -0.0142968046338577
0.302223266329997 0.0529996187319196 0.0390306086583463 -0.0197414694867468
0.30872869864108 0.0806886134681092 0.0233741507242483 -0.0222148640724278
0.282711797025511 0.176653913416685 0.0390449897591302 -0.0300228892538088
0.149158326473556 0.292029395425855 0.0440169502529249 -0.0177668089536583
-0.0475473327721546 0.350478480003743 0.0155171783127007 0.0212599436717534
-0.255248643989476 0.281503231989357 0.00077777457604601 -0.0202133519554415
-0.358562846375385 0.119421019341392 0.0352179534632881 -0.0890359260787433
-0.297438486209518 0.0211690027491693 0.220600550189786 0.0554951527196166
-0.275361682187969 0.117340453615882 0.0829989845365219 -0.0418806750909977
-0.206400613871614 0.20001255966397 -0.000360860153137908 -0.00407964202677408
-0.0537979390140331 0.26148988373287 -0.0110768325705257 0.0776428580526208
0.099282900767737 0.247381998104915 0.0738737092573042 0.108417993704672
0.196776697553075 0.157716680936322 0.119503399921623 0.0630009934042812
0.244134456088211 0.0751643646374589 0.148312354131888 0.0255879301973382
0.267044170173118 0.0449249876436855 0.158403210977975 -0.000258966107464716
0.257231741644732 0.0515957961764727 0.142228712602152 -0.00824915897217297
0.24892314288344 0.0783996048347937 0.0993124873136567 -0.00189319381953967
0.212164497972674 0.152227141957566 0.0833504669221981 -0.00132127267243346
0.0907533538247846 0.228015680544175 0.0562624341934035 0.00343935020964212
-0.0532583356355339 0.245118677198552 0.0266912797872488 0.000530220413829355
-0.188816784151048 0.204512329335481 0.0490313573029681 -0.0493746869808747
-0.2774725930562 0.0993449975837793 0.149363370439222 -0.113723716525593
-0.198133469349684 0.0363383274660147 0.333607983386277 0.0410307015938199
-0.165166882933617 0.0973927976041509 0.168977158235564 -0.0610506341940854
-0.116537598920705 0.128223907363392 0.0404859186118156 -0.0186687454642946
-0.0329062778506296 0.162503939306967 0.00102709279538593 0.0876697188478291
0.0622954438559809 0.164598219297182 0.0996937846174588 0.146130814513874
0.13147262225968 0.108786491943869 0.182721190896989 0.101299512914943
0.172780214441604 0.0504204749847041 0.236933319339563 0.0468622727588149
0.189493961090863 0.0354989115915511 0.248520983626178 0.013743720516919
0.177468512931134 0.0441444409177663 0.21833297465788 0.00881119018906475
0.156334353078174 0.0692157395601623 0.148748294285042 0.0255522292200639
0.114171448993034 0.114232642849826 0.0995180993942414 0.0319646902589974
0.0207582392504229 0.141060469232669 0.0494692728092927 0.024911908868051
-0.054278881792941 0.11510261266095 0.0260417366497392 -0.0138711682986909
-0.103936472955407 0.108414834995356 0.0803565537953832 -0.0624267390776882
-0.162339133581113 0.0672385009770918 0.228657152869966 -0.125266729993989
-0.0617607200640862 0.0392304487475523 0.394905654780189 0.0242029103764404
-0.0304653353985057 0.0485276762921997 0.225787093082435 -0.0758764682831288
-0.0201174939164441 0.024706182019691 0.0702338311745464 -0.0348817739398565
-0.0200710680277015 0.0410119405679039 0.0103881318002684 0.0814402975862172
0.0101150597064299 0.0591221834653717 0.113610463312928 0.157780376778216
0.0422492486157513 0.0448510728690737 0.223158226133322 0.11687449635563
0.0726974364894201 0.0197480293068573 0.291204984876124 0.0556495613264451
0.0835291030022572 0.0199290408685598 0.300317466726188 0.0248171547745532
0.0768227168858472 0.0272960819844142 0.259981183177889 0.0295199477596653
0.0549223005396061 0.0474232980471269 0.16930167172004 0.0551625719788745
0.0234157182577938 0.0622142010286939 0.0924438424569982 0.0625343125834147
-0.0265216588637251 0.0475467254303565 0.0285345165408901 0.0387945658465998
-0.0292478889503302 0.00109318916859483 0.0220636524645457 -0.0279824341105351
-0.00781372358021224 0.0280788632730648 0.10114131549186 -0.0642956594954644
-0.034990420482434 0.040175504037417 0.26914223056375 -0.122603035882483
-0.0603106125550271 -0.0286041511445262 -0.298586666478297 0.111020525886145
-0.0715771322024886 0.00793918431128454 -0.137694978395446 0.106836775756639
-0.0281312679406306 0.0587956562702503 -0.0331738942726758 0.0614237745269798
0.0268080675036337 0.0395757314599179 0.018480568006584 -0.0289540869287949
0.0394826231800057 0.010328093458418 -0.0459760712548974 -0.0870633419275045
0.0346493454647613 0.00212431436095187 -0.146118242757375 -0.0836040318297301
0.0247419776246425 0.0074109768303398 -0.245384994069575 -0.0607566466881257
0.0367363255698207 0.0017401222721349 -0.304579749844015 -0.0475154846626514
0.0473331757949699 0.00541878306356469 -0.301148898635038 -0.0669515332280316
0.0634196810454516 0.00897204946241335 -0.238691315845752 -0.111583133666259
0.0612578125984019 0.0378194311644077 -0.13975776086666 -0.137255463444863
0.031677378827243 0.0864704773812787 -0.0436553590894598 -0.0851854324172014
-0.0505037491801249 0.112650983832971 -0.0867265625290946 0.0227177944981852
-0.120315076442767 0.0335994287738463 -0.213510025726402 0.012729159945258
-0.104558599545414 -0.0212128541595959 -0.386291322711791 -0.0678787554532853
-0.166513672373825 -0.0276226814892386 -0.264515453038934 0.0929225658405393
-0.155429052293612 0.0286561241424096 -0.159563062943267 0.0807587601721403
-0.0959001520588325 0.100856329443032 -0.0496935266268107 0.0670207200829298
0.00369785509118774 0.113952699388442 0.0223743324070841 -0.013156023730162
0.0712918791635451 0.088639268529106 -0.0230300269467967 -0.0839975817550843
0.10600750484766 0.0551304410184994 -0.124645043047001 -0.0917002108011423
0.120761458828307 0.0373805565411053 -0.215366712719108 -0.0657983416244208
0.149773113326812 0.0229554612124205 -0.266498331666526 -0.0465376718729922
0.160796814432715 0.0350063182007918 -0.262690937913753 -0.0565712674927097
0.17416371415281 0.0580618401623268 -0.211165132161784 -0.0885155611964469
0.150713229760219 0.123447424271739 -0.119631325405207 -0.11381332513786
0.0643113729711487 0.202992641739375 -0.0290940267613742 -0.0656239059843391
-0.0890382226051695 0.243693765607632 -0.0743353720585269 0.0514154466653077
-0.23611833664728 0.135330924422537 -0.189503834503705 0.0344133024484328
-0.254929986956234 0.0166846578149281 -0.332380042561205 -0.052976147243163
-0.260506047269058 -0.027580692223672 -0.187259266643616 0.0804948739304056
-0.237533261580635 0.0479123274022612 -0.153549072963693 0.0509121537982588
-0.172754896503886 0.141993154590545 -0.0637733246556146 0.0608870890657702
-0.0323404046254273 0.192911259436869 0.0123260173294812 0.00693955921881849
0.0920377001967282 0.174489075276843 -0.0025003610219396 -0.0605767774579083
0.166104799438899 0.113660378177663 -0.086748374954123 -0.0791952779296561
0.203058418085817 0.0673638602702422 -0.153858206294843 -0.0565751813645349
0.241578510404443 0.0399835086556942 -0.186758891593623 -0.0395798474386379
0.251232210967189 0.0520931527370302 -0.183558561273081 -0.0421877659480074
0.264856846845685 0.0831779135314363 -0.15145068351594 -0.062160702329409
0.237093230652478 0.177389909156361 -0.0808514275626118 -0.08455578185736
0.11411718432187 0.286600886927149 -0.00772830064993911 -0.0490510431964216
-0.0901640039968477 0.348725108587244 -0.0443445192867563 0.059077245262024
-0.298217906528954 0.233861676405167 -0.132961456718585 0.0371088735003498
-0.356794533938042 0.064705465158782 -0.229202185412152 -0.0494355436724728
-0.324431384935195 -0.0226925374292584 -0.0698627972660755 0.0740070079713674
-0.305003808525578 0.0726698934588457 -0.105186651358226 0.0188653398934004
-0.237724835879157 0.187133460237549 -0.0625455435692273 0.0405766665486969
-0.0622989601948281 0.266266643858678 -0.00415039189682513 0.0282080026734509
0.105305384844471 0.249219222092188 0.0183862450430688 -0.0137473818939403
0.208988779636083 0.162027910064499 -0.0298232284647323 -0.0423612538722089
0.257860452420918 0.0884160244317784 -0.0646978149365204 -0.03429953998788
0.296671775330602 0.0510190767643021 -0.0777167055932702 -0.0276955054250124
0.301034723403869 0.0604157304542726 -0.0758627029008876 -0.0303105097193798
0.314712496224348 0.0905414739293751 -0.0667481291331156 -0.0391343688759456
0.288536242477293 0.194737993734439 -0.0227027161663489 -0.0562329857384169
0.150107548434422 0.320472939070516 0.0194779478889129 -0.0331985977888108
-0.0703014306584826 0.392017218596254 -0.0102298885973658 0.0467565341502197
-0.304885469523688 0.287853861853793 -0.0626062424790375 0.0139965276921757
-0.393845064528087 0.0997487310890312 -0.0949576609849665 -0.0634985847445959
-0.342462713622299 -0.0100522299070826 0.0743886138291879 0.0697057775937615
-0.328292872849179 0.0966223707450097 -0.0176654061559163 -0.0135331902455039
-0.260044867003507 0.213783389555115 -0.0405261282489617 0.014196479336186
-0.0754121333037436 0.298548215722032 -0.0148923994291422 0.0540298454341316
0.106822120956991 0.282488999338708 0.0438373986150575 0.0494652615012536
0.21990592845641 0.184083328527663 0.0416180413648673 0.0115790624118331
0.27283061591352 0.0951885902571587 0.0415769543462505 -0.00250663168947527
0.305904512918642 0.0561351766550864 0.0442639852703322 -0.0129734402810437
0.302592589996156 0.0621024617285231 0.0401369036566269 -0.0193875384781085
0.307398465122233 0.0889996139655556 0.0240930815656593 -0.0196422615129955
0.278161431491575 0.183488960293302 0.0378188358833009 -0.0282626775931778
0.140076181341536 0.29723989754697 0.0445120750998019 -0.0162171729638725
-0.0598106029151278 0.351310916606008 0.0157596748978953 0.0246570226303265
-0.265719962440725 0.275197190194172 0.00334819814982997 -0.0212726788324968
-0.36513180733788 0.107995698298824 0.0414793886227806 -0.0886733846364442
-0.299722140046615 0.00916577081449025 0.218671249943522 0.0633583786853704
-0.280192725826607 0.107167984909704 0.0838987201223635 -0.0382102580784048
-0.215983917826692 0.194623079674873 -0.00243166466966453 -0.00553547923338742
-0.0634847117922049 0.260798037785278 -0.0131594684155925 0.07822216344998
0.0919349248690029 0.252106025553549 0.0727104861038485 0.111395026890983
0.192620327239245 0.165888148046096 0.11630115484554 0.0676091907785743
0.242361055853545 0.0839766743623459 0.147940720122319 0.0300207060032867
0.268471542086599 0.0522372906762382 0.158901988194578 0.00337934068245807
0.257896905795629 0.0589477369767331 0.143193391387824 -0.00527001902356525
0.246841071914599 0.0851129931531272 0.0997686470467436 0.00261940830916141
0.207283982187331 0.157066134600825 0.0818100406605876 0.00172827895200292
0.083725345405652 0.230676681675629 0.0561154594125189 0.00533276117157652
-0.0621706723628039 0.244689764944309 0.0274592628471518 0.00426155195364637
-0.197044985572449 0.199780754206215 0.0525278498041582 -0.048429470908387
-0.282161846562876 0.0900447925271881 0.155476877536306 -0.110589992003511
-0.200905836233632 0.0283168622038393 0.332634023133215 0.0530711605442341
-0.169640775472623 0.0919009751748219 0.170567703141521 -0.0550177585182846
-0.123120877033703 0.125334663113961 0.0399895444530374 -0.0181710131733244
-0.0395431275113546 0.162491359390975 -0.00163118653040788 0.0891684806638829
0.0580587673797679 0.167526568818719 0.0972344702695426 0.150496999023262
0.129206048343914 0.114805548134676 0.178573746515345 0.108773646340023
0.171442386691959 0.0567386908738508 0.235323821186162 0.0546463937739661
0.18972596660723 0.0405815171887665 0.249117497843313 0.0193926862031888
0.178249527705463 0.0494451136751508 0.218787250610791 0.0141143220951057
0.153986824363318 0.0745531858420149 0.14814514139873 0.0307583937918676
0.110456808906964 0.117037957248845 0.0976943475788652 0.035451031401285
0.0161350093641105 0.141264172337826 0.0484081231281267 0.0262846269928182
-0.0581036002670653 0.114031040745728 0.0269862702226748 -0.0114926948726906
-0.107890802744307 0.105013482733768 0.0846406589846232 -0.060599997585387
-0.166205406506373 0.0611001555291213 0.23441224582705 -0.119516901439408
-0.064327913528597 0.036229139069709 0.395098618523587 0.037729070815058
-0.0326551516994876 0.0481428164586291 0.228289266092173 -0.0683093737549681
-0.0220208748739789 0.024875525023827 0.0710666715020418 -0.0329311419078794
-0.021706929622931 0.0402757958064925 0.00876701713075029 0.0831757565032262
0.00842617018118175 0.0601830702246139 0.109578043658543 0.162626284777606
0.0412737595214739 0.0473796976218643 0.218726554914254 0.124444764836561
0.0716311922791614 0.0214745512343659 0.29008316762831 0.0645880200657886
0.0831267913181976 0.0220277271216487 0.301243820341281 0.0315909372985416
0.0770916743182926 0.0294513827296908 0.259918750956473 0.0362531016907831
0.053433692203882 0.0498735176579291 0.167906952864219 0.0605922194890322
0.0217689870052862 0.0623464031285991 0.0899025730478367 0.065836844912628
-0.0275616220971705 0.0468262603947345 0.0266041693648636 0.0393337982381742
-0.0289648434692406 0.00112014024428835 0.0226745040651985 -0.0263324746524368
-0.00884959397978808 0.027931705614525 0.105310336369735 -0.0616987367248516
-0.038019858613586 0.0382490262842566 0.274932834666515 -0.11556424879858
