TRXV5
3
4
4
9
string Extension=J
integer IsArchMeasurement=1
integer IsSpherical=1
string Generator=SPM
string GeneratorVersion=1.3.1 Dev
double ArchRadius=0.449999988079071
integer FrequencyAxisIndex=0
integer AzimuthAxisIndex=1
integer ElevationAxisIndex=2
Frequency
5 136 690000000 960000000 LIN
Azimuth
7 8 0 2.74889357189107 LIN
Elevation
7 15 -2.74889357189107 2.74889357189107 LIN
Polar H Real Part
13
Polar H Imaginary Part
14
Polar V Real Part
13
Polar V Imaginary Part
14
Polar H Magnitude (dB)
12 0xC0000002 0 1
Polar H Phase
7 0xC0000003 0 1
Polar V Magnitude (dB)
12 0xC0000002 2 3
Polar V Phase
7 0xC0000003 2 3
0.00963115692138672 0.00292873382568359 -0.106391906738281 -0.10540771484375
-0.00428199768066406 -0.0129632949829102 -0.0391120910644531 -0.0410804748535156
-0.0171794891357422 -0.000497817993164066 0.0423240661621094 -0.0123672485351563
-0.00762176513671875 0.0119924545288086 0.0883865356445312 -0.0538558959960937
0.00350713729858398 0.00846099853515625 0.0802001953125 -0.0942459106445313
0.00305914878845215 0.00245189666748047 0.04248046875 -0.133888244628906
-0.000460624694824219 -0.00903606414794922 -0.00525665283203124 -0.136161804199219
-0.00277042388916016 -0.0080718994140625 -0.0349578857421875 -0.104278564453125
-0.00266218185424805 -0.00761842727661133 -0.0438385009765625 -0.0712966918945313
0.00365591049194336 -0.00681972503662109 -0.0446968078613281 -0.0477333068847656
0.00357961654663086 -0.00056147575378418 -0.0607414245605469 -0.0210723876953125
-0.00898075103759765 0.00519943237304688 -0.0669670104980469 -0.00536346435546876
-0.0185966491699219 -0.0098876953125 -0.0909271240234375 -3.05175781249985E-05
-0.00279045104980469 -0.0222740173339844 -0.134353637695313 0.0151214599609375
0.00276851654052734 -0.0127429962158203 -0.142807006835937 0.019500732421875
0.0639991760253906 0.0302352905273438 -0.0876007080078125 -0.101058959960938
0.0514907836914063 0.0083465576171875 -0.0189704895019531 -0.0353240966796875
0.03375244140625 0.00609588623046875 0.0529441833496094 -0.014129638671875
0.0381622314453125 0.00327682495117187 0.0949859619140625 -0.054412841796875
0.0373001098632813 -0.0136756896972656 0.08367919921875 -0.0912551879882813
0.0233535766601563 -0.0381011962890625 0.0435867309570313 -0.1314697265625
0.00320816040039063 -0.0515594482421875 -0.00484466552734376 -0.126396179199219
0.00037384033203125 -0.0471229553222656 -0.0355377197265625 -0.0909194946289063
-0.00243759155273437 -0.0514907836914063 -0.0457382202148437 -0.0569839477539063
0.0107154846191406 -0.0523262023925781 -0.0485076904296875 -0.0377693176269531
0.0253486633300781 -0.0374908447265625 -0.0628929138183594 -0.0116996765136719
0.0250797271728516 -0.0245933532714844 -0.0655097961425781 -0.000522613525390627
0.0263442993164063 -0.0198764801025391 -0.0878067016601563 0.00585174560546877
0.0479469299316406 -0.0178985595703125 -0.120109558105469 0.0212249755859375
0.0572433471679687 -0.00090789794921875 -0.126083374023438 0.0277328491210937
0.109321594238281 0.0546112060546875 -0.051483154296875 -0.0871200561523438
0.102577209472656 0.0304794311523438 0.0120353698730469 -0.0216941833496094
0.08270263671875 0.011749267578125 0.0671615600585938 -0.0101585388183594
0.0825576782226563 -0.00682830810546875 0.100364685058594 -0.049957275390625
0.06878662109375 -0.035430908203125 0.0823287963867188 -0.0831298828125
0.0403289794921875 -0.0734100341796875 0.0406036376953125 -0.118026733398438
0.00543975830078126 -0.0864028930664063 -0.00403594970703125 -0.100860595703125
0.0023651123046875 -0.0792312622070313 -0.0308036804199219 -0.0629539489746094
-0.00225067138671876 -0.087066650390625 -0.0392532348632812 -0.0303916931152344
0.0138931274414063 -0.090087890625 -0.0473060607910156 -0.01629638671875
0.0399169921875 -0.0713043212890625 -0.061798095703125 0.00532531738281248
0.0517387390136719 -0.0538864135742188 -0.0643463134765625 0.00752639770507814
0.0664939880371094 -0.0322608947753906 -0.0835342407226563 0.00876617431640626
0.0922164916992187 -0.0147781372070312 -0.0952301025390625 0.0228271484375
0.102569580078125 0.0102081298828125 -0.0925521850585938 0.036468505859375
0.136817932128906 0.0693817138671875 -0.00468444824218749 -0.0680007934570313
0.139556884765625 0.044891357421875 0.0491828918457031 -0.00496292114257812
0.121070861816406 0.0120849609375 0.0806732177734375 -0.0042572021484375
0.115333557128906 -0.020263671875 0.100387573242188 -0.0399856567382813
0.0890884399414063 -0.0555572509765625 0.0746688842773438 -0.0660781860351563
0.049468994140625 -0.100471496582031 0.0339202880859375 -0.0915145874023438
0.00636291503906249 -0.107917785644531 -0.000782012939453121 -0.0644149780273438
0.00379180908203126 -0.0983734130859375 -0.0206756591796875 -0.0266265869140625
-0.00218963623046874 -0.109024047851562 -0.0284366607666016 0.00326156616210937
0.0156173706054688 -0.113845825195313 -0.0413894653320313 0.0128326416015625
0.0492477416992188 -0.0933837890625 -0.057647705078125 0.026947021484375
0.071197509765625 -0.075439453125 -0.0613975524902344 0.0174903869628906
0.0979766845703125 -0.03985595703125 -0.0754165649414063 0.00844573974609376
0.125778198242188 -0.00811004638671875 -0.0631294250488281 0.0195121765136719
0.13275146484375 0.0223770141601562 -0.0473899841308594 0.0473976135253906
0.142410278320313 0.07122802734375 0.0449485778808594 -0.0486412048339844
0.155303955078125 0.04888916015625 0.0861434936523438 0.006561279296875
0.138069152832031 0.00759124755859375 0.0903549194335938 -0.000946044921875
0.127113342285156 -0.0328445434570312 0.094573974609375 -0.027557373046875
0.092620849609375 -0.0694198608398438 0.0637359619140625 -0.0434532165527344
0.04681396484375 -0.113037109375 0.0276908874511719 -0.0564155578613281
0.00315093994140625 -0.113067626953125 0.0043487548828125 -0.0211734771728516
0.00328826904296875 -0.101799011230469 -0.00842666625976563 0.0144920349121094
-0.00174713134765625 -0.114936828613281 -0.0157051086425781 0.0410118103027344
0.0183258056640625 -0.120254516601562 -0.0343170166015625 0.0450706481933594
0.0570602416992188 -0.100112915039062 -0.0519256591796875 0.0492782592773437
0.0842666625976563 -0.0813217163085938 -0.0574531555175781 0.0277824401855469
0.117034912109375 -0.0358657836914063 -0.0638427734375 0.00701522827148438
0.141067504882813 0.0045013427734375 -0.0252037048339844 0.0160980224609375
0.141159057617188 0.03643798828125 0.00231170654296876 0.0613555908203125
0.125785827636719 0.0632171630859375 0.0901260375976563 -0.0354156494140625
0.1456298828125 0.043304443359375 0.116645812988281 0.00984954833984375
0.129776000976563 0.00074005126953125 0.094268798828125 -0.00164794921875
0.115875244140625 -0.0389556884765625 0.0839920043945313 -0.0143814086914063
0.0795211791992187 -0.0719757080078125 0.0535545349121094 -0.0185317993164063
0.0338973999023438 -0.107345581054688 0.0242938995361328 -0.0183258056640625
-0.00216674804687501 -0.10028076171875 0.0128002166748047 0.0214424133300781
0.000427246093749991 -0.0895843505859375 0.00513839721679688 0.05322265625
-0.000350952148437505 -0.103401184082031 -0.00508880615234375 0.0764923095703125
0.0211257934570312 -0.108230590820313 -0.0309371948242188 0.0770950317382813
0.0602645874023438 -0.0888290405273438 -0.0508003234863281 0.0701751708984375
0.0887832641601563 -0.07122802734375 -0.0557670593261719 0.036346435546875
0.118316650390625 -0.0202560424804688 -0.0496788024902344 0.00640487670898437
0.135368347167969 0.0217361450195313 0.0121402740478516 0.0177288055419922
0.126457214355469 0.0488204956054688 0.0497207641601563 0.0799713134765625
0.08843994140625 0.047271728515625 0.123977661132812 -0.0293045043945312
0.113510131835938 0.0337448120117188 0.135322570800781 0.0048980712890625
0.100120544433594 -0.00359344482421875 0.0922317504882813 -0.00531005859375
0.085968017578125 -0.0361557006835938 0.0723953247070313 -0.002655029296875
0.0540122985839844 -0.0599212646484375 0.046295166015625 0.0039520263671875
0.015899658203125 -0.0829849243164063 0.0257892608642578 0.0153903961181641
-0.00601959228515626 -0.0712432861328125 0.0238838195800781 0.0554542541503906
-0.00125503540039063 -0.0633049011230469 0.0174026489257813 0.0836410522460938
-0.000205993652343744 -0.0763931274414063 0.0012359619140625 0.105789184570313
0.019561767578125 -0.0809783935546875 -0.033660888671875 0.103240966796875
0.0537261962890625 -0.0652885437011719 -0.0556869506835938 0.0844650268554688
0.0790328979492188 -0.0480422973632813 -0.0571746826171875 0.0440139770507813
0.100440979003906 -0.001068115234375 -0.0386581420898437 0.0100059509277344
0.106452941894531 0.0355148315429688 0.0401268005371094 0.0276412963867188
0.0903701782226563 0.05352783203125 0.0846099853515625 0.103492736816406
0.0363273620605469 0.0291481018066406 0.141098022460938 -0.02996826171875
0.0649223327636719 0.02398681640625 0.138984680175781 -0.0059051513671875
0.0568656921386719 -0.0038299560546875 0.0849075317382813 -0.01019287109375
0.0445404052734375 -0.0240058898925781 0.0640373229980469 0.004119873046875
0.02337646484375 -0.0361251831054687 0.0444412231445313 0.0168685913085937
-0.00133895874023438 -0.044219970703125 0.0316085815429687 0.0380401611328125
-0.00790977478027344 -0.0306148529052734 0.03436279296875 0.075653076171875
-0.00382423400878906 -0.0267314910888672 0.0266342163085937 0.101837158203125
-0.00317001342773437 -0.0383872985839844 0.0023651123046875 0.124465942382813
0.00905990600585938 -0.0443687438964844 -0.0409317016601562 0.1202392578125
0.0338363647460938 -0.0368728637695313 -0.0635299682617188 0.0942840576171875
0.0521163940429688 -0.0258598327636719 -0.062164306640625 0.0514488220214844
0.0655174255371094 0.00994873046875 -0.0347137451171875 0.0170516967773437
0.0625648498535156 0.03460693359375 0.0541877746582031 0.0413551330566406
0.042449951171875 0.0445175170898437 0.104415893554688 0.123374938964844
0.0115537643432617 0.00329971313476563 -0.116172790527344 -0.09857177734375
-0.00458431243896484 -0.012847900390625 -0.0426254272460938 -0.0369949340820312
-0.0169181823730469 0.00064373016357422 0.043792724609375 -0.0165672302246094
-0.00589561462402344 0.0128803253173828 0.0860214233398438 -0.0633926391601563
0.00445985794067383 0.00715780258178711 0.0746994018554688 -0.103668212890625
0.00446510314941406 0.000802516937255859 0.0321197509765625 -0.141204833984375
-0.000255584716796875 -0.0112295150756836 -0.0188980102539063 -0.13818359375
-0.00245141983032227 -0.00865268707275391 -0.0464859008789063 -0.102035522460938
-0.00252723693847656 -0.00831842422485352 -0.0530738830566406 -0.0681724548339844
0.00422143936157226 -0.00782108306884766 -0.0517463684082031 -0.0454063415527344
0.0046086311340332 -0.00063323974609375 -0.0658798217773438 -0.0161209106445312
-0.00821304321289063 0.00731229782104492 -0.0702896118164063 -0.00064468383789063
-0.0201129913330078 -0.00728988647460937 -0.094329833984375 0.00547027587890626
-0.00499343872070313 -0.0222187042236328 -0.137527465820313 0.026947021484375
0.0014495849609375 -0.0123767852783203 -0.146026611328125 0.0353240966796875
0.0704116821289063 0.0261688232421875 -0.0959548950195312 -0.0954971313476563
0.0548629760742188 0.00341033935546875 -0.0214214324951172 -0.0335865020751953
0.0354042053222656 0.002532958984375 0.0545616149902344 -0.0176849365234375
0.0404052734375 -0.00104141235351563 0.0939254760742188 -0.0638961791992188
0.0373420715332031 -0.0184211730957031 0.0785980224609375 -0.101966857910156
0.0205917358398438 -0.041259765625 0.0324325561523437 -0.138740539550781
-0.000976562500000001 -0.0539894104003906 -0.0176162719726562 -0.127586364746094
-0.00375747680664062 -0.0488739013671875 -0.046173095703125 -0.087554931640625
-0.00638961791992188 -0.0527496337890625 -0.0535354614257813 -0.0533256530761719
0.00731277465820312 -0.0549354553222656 -0.0550804138183594 -0.0341911315917969
0.0229644775390625 -0.0410614013671875 -0.0676841735839844 -0.00624847412109374
0.0239048004150391 -0.0268955230712891 -0.0692291259765625 0.00443649291992188
0.0250129699707031 -0.0209369659423828 -0.091278076171875 0.012054443359375
0.0468978881835938 -0.0217247009277344 -0.122123718261719 0.0331039428710938
0.058746337890625 -0.00538253784179687 -0.129463195800781 0.0418319702148438
0.118675231933594 0.0460662841796875 -0.0584793090820313 -0.0847244262695313
0.108444213867188 0.0209503173828125 0.0119457244873047 -0.0214557647705078
0.08636474609375 0.0045318603515625 0.0697975158691406 -0.0138969421386719
0.0842971801757813 -0.0157546997070312 0.100044250488281 -0.0586776733398438
0.0670928955078125 -0.0429039001464844 0.0774612426757813 -0.0919952392578125
0.0339431762695313 -0.0790634155273438 0.0304183959960938 -0.123794555664062
-0.00232696533203125 -0.0890655517578125 -0.0137863159179688 -0.101898193359375
-0.00533294677734374 -0.0816421508789063 -0.0385093688964844 -0.0594520568847656
-0.0112762451171875 -0.0892333984375 -0.0451812744140625 -0.0260887145996094
0.00561523437499999 -0.0938949584960938 -0.0524978637695313 -0.0118446350097656
0.0345382690429688 -0.076751708984375 -0.0653495788574219 0.0111618041992188
0.048248291015625 -0.0599517822265625 -0.067169189453125 0.0129013061523438
0.0643081665039063 -0.0377197265625 -0.0861358642578125 0.0154647827148438
0.0933380126953125 -0.0229034423828125 -0.0972976684570313 0.0325546264648438
0.106658935546875 0.0012054443359375 -0.0940780639648438 0.0484161376953125
0.148223876953125 0.0586090087890625 -0.008819580078125 -0.0682792663574219
0.147506713867187 0.0320281982421875 0.0511817932128906 -0.00699996948242187
0.125411987304688 0.0022430419921875 0.0840988159179688 -0.00884246826171875
0.116767883300781 -0.0324935913085938 0.101394653320313 -0.0484695434570313
0.0857772827148438 -0.0662841796875 0.0715103149414063 -0.0742416381835938
0.0397796630859375 -0.107223510742188 0.02630615234375 -0.095733642578125
-0.00442504882812499 -0.110214233398438 -0.00649261474609376 -0.06463623046875
-0.00663757324218749 -0.101242065429688 -0.0244007110595703 -0.0231475830078125
-0.0139236450195313 -0.111213684082031 -0.0302715301513672 0.00819015502929687
0.0040283203125 -0.11834716796875 -0.0438270568847656 0.0177879333496094
0.0423431396484375 -0.101127624511719 -0.0595588684082031 0.0334243774414063
0.0660934448242188 -0.0839080810546875 -0.0633201599121094 0.0234832763671875
0.0959701538085938 -0.0490646362304688 -0.0781631469726563 0.0158157348632812
0.127456665039063 -0.0196075439453125 -0.0642204284667968 0.0257415771484375
0.138717651367187 0.0107269287109375 -0.0467453002929687 0.0558433532714844
0.153961181640625 0.0597686767578125 0.0437278747558594 -0.0530433654785156
0.1632080078125 0.0341033935546875 0.090423583984375 0.002105712890625
0.14227294921875 -0.00408935546875 0.0946807861328125 -0.00568389892578125
0.127159118652344 -0.0461578369140625 0.0960922241210938 -0.0344009399414063
0.088226318359375 -0.0801773071289063 0.0628738403320313 -0.0490455627441406
0.0354766845703125 -0.118392944335937 0.0231132507324219 -0.0586128234863281
-0.00858306884765626 -0.114555358886719 0.00285148620605469 -0.0212783813476563
-0.00776672363281249 -0.103912353515625 -0.00778961181640625 0.0172901153564453
-0.0140838623046875 -0.116744995117188 -0.0129051208496094 0.0449676513671875
0.006256103515625 -0.124763488769531 -0.0336723327636719 0.0504417419433594
0.0486679077148437 -0.108161926269531 -0.0515861511230469 0.0561714172363281
0.0787277221679688 -0.0926742553710938 -0.0587654113769531 0.033416748046875
0.1153564453125 -0.0469741821289063 -0.0659446716308594 0.0132713317871094
0.144515991210938 -0.008026123046875 -0.0256900787353516 0.0191593170166016
0.149063110351563 0.0236053466796875 0.00574874877929688 0.0653800964355469
0.135566711425781 0.051605224609375 0.0911941528320313 -0.043609619140625
0.15289306640625 0.0301666259765625 0.121673583984375 0.00201416015625
0.133026123046875 -0.0109634399414063 0.0982589721679688 -0.00629425048828125
0.115509033203125 -0.0510787963867187 0.086761474609375 -0.0200958251953125
0.0741653442382812 -0.0813980102539063 0.0539779663085938 -0.0224647521972656
0.0227508544921875 -0.111610412597656 0.023101806640625 -0.0193138122558594
-0.0130157470703125 -0.100799560546875 0.0154933929443359 0.02130126953125
-0.00858306884765624 -0.0910720825195313 0.0100440979003906 0.0550956726074219
-0.0120010375976563 -0.104942321777344 0.00144958496093749 0.0799407958984375
0.0102386474609375 -0.112419128417969 -0.026947021484375 0.0830154418945313
0.0527572631835938 -0.09716796875 -0.0481643676757813 0.0770492553710937
0.0839385986328125 -0.0821075439453125 -0.0559158325195312 0.0425643920898437
0.118606567382812 -0.0319137573242188 -0.0519981384277344 0.0123558044433594
0.140274047851562 0.009552001953125 0.0126810073852539 0.0172891616821289
0.135093688964844 0.0374069213867188 0.0552825927734375 0.0803146362304687
0.094970703125 0.0387954711914063 0.126388549804688 -0.04107666015625
0.119766235351563 0.0230712890625 0.140762329101563 -0.0053253173828125
0.102561950683594 -0.0124053955078125 0.0951461791992188 -0.010528564453125
0.084747314453125 -0.045623779296875 0.0758132934570313 -0.00667572021484375
0.0488471984863281 -0.0663909912109375 0.0485382080078125 0.000644683837890621
0.00632476806640626 -0.0853500366210938 0.0282382965087891 0.0141391754150391
-0.0140151977539063 -0.0699806213378906 0.0298309326171875 0.0544052124023437
-0.00855636596679688 -0.0639305114746094 0.0256576538085938 0.0844879150390625
-0.00906372070312499 -0.0768890380859375 0.01055908203125 0.109153747558594
0.0105819702148438 -0.083404541015625 -0.0268325805664063 0.109207153320313
0.0485458374023437 -0.0717010498046875 -0.0511474609375 0.0923385620117188
0.0756149291992188 -0.0575332641601563 -0.0559463500976562 0.0506057739257813
0.101699829101563 -0.0101318359375 -0.0399436950683594 0.0146980285644531
0.1123046875 0.0260696411132812 0.0427742004394531 0.0242881774902344
0.0982513427734375 0.0456390380859375 0.0934295654296875 0.0995330810546875
0.0405731201171875 0.02532958984375 0.1444091796875 -0.0432281494140625
0.0687446594238281 0.0177345275878906 0.143569946289063 -0.01708984375
0.0580711364746094 -0.00914764404296875 0.08782958984375 -0.0150680541992187
0.0438613891601562 -0.0297698974609375 0.0681648254394531 0.000747680664062498
0.0194053649902344 -0.039581298828125 0.0488166809082031 0.0145950317382812
-0.00714111328125 -0.0437431335449219 0.0368499755859375 0.0364570617675781
-0.0117816925048828 -0.0288429260253906 0.04345703125 0.0742263793945313
-0.00742530822753906 -0.0256919860839844 0.0384597778320312 0.101341247558594
-0.00775146484375 -0.0372505187988281 0.01416015625 0.127296447753906
0.00389862060546875 -0.0453147888183594 -0.0317001342773437 0.127120971679688
0.0305595397949219 -0.0412101745605469 -0.0580368041992188 0.102752685546875
0.050079345703125 -0.0318412780761719 -0.060760498046875 0.0585479736328125
0.0672149658203125 0.00408172607421875 -0.0347442626953125 0.0208206176757812
0.0670585632324219 0.029205322265625 0.0577316284179688 0.0361328125
0.0477104187011719 0.0409507751464844 0.115272521972656 0.117950439453125
0.013249397277832 0.0030059814453125 -0.120559692382813 -0.08892822265625
-0.00525569915771484 -0.0126876831054688 -0.0444183349609375 -0.0327415466308594
-0.0157251358032227 0.00212764739990235 0.0430259704589844 -0.0198783874511719
-0.00374984741210937 0.0129451751708984 0.0813140869140625 -0.0703887939453125
0.00594043731689453 0.00640106201171875 0.0666351318359375 -0.110420227050781
0.00495433807373047 -0.000721454620361328 0.0208740234375 -0.143325805664063
-0.000649452209472656 -0.0126171112060547 -0.0308837890625 -0.134529113769531
-0.00220489501953125 -0.00946903228759766 -0.0556640625 -0.0956039428710938
-0.00193595886230469 -0.00859928131103516 -0.0598373413085937 -0.0628662109375
0.00444793701171875 -0.00895977020263672 -0.0565872192382813 -0.0411758422851562
0.00617885589599609 -0.00111246109008789 -0.0677490234375 -0.0106925964355469
-0.00693893432617188 0.00900554656982422 -0.0708541870117188 0.00396728515625002
-0.0196170806884766 -0.00477218627929688 -0.0941390991210937 0.0104293823242188
-0.00716972351074219 -0.0209236145019531 -0.135330200195312 0.0370864868164062
0.000400543212890624 -0.0107393264770508 -0.144073486328125 0.048309326171875
0.073638916015625 0.02032470703125 -0.100311279296875 -0.0876235961914062
0.0554237365722656 -0.00149154663085938 -0.0223922729492188 -0.0299282073974609
0.0362167358398437 -6.103515625E-05 0.0543479919433594 -0.0205535888671875
0.0400886535644531 -0.00472640991210938 0.0892486572265625 -0.0709228515625
0.035308837890625 -0.0220985412597656 0.0708541870117188 -0.107017517089844
0.0164947509765625 -0.0434226989746094 0.0213088989257813 -0.139564514160156
-0.0057525634765625 -0.0545120239257813 -0.028656005859375 -0.123527526855469
-0.00736236572265625 -0.0493621826171875 -0.0538864135742187 -0.0809707641601562
-0.0105743408203125 -0.0524139404296875 -0.0589714050292969 -0.0464668273925781
0.00244140624999999 -0.0554161071777344 -0.0599861145019531 -0.0294876098632812
0.0207557678222656 -0.0427169799804687 -0.0691452026367188 -0.000782012939453135
0.0222625732421875 -0.0280342102050781 -0.0692634582519531 0.00873565673828125
0.023193359375 -0.0214996337890625 -0.090667724609375 0.0180130004882813
0.04425048828125 -0.024566650390625 -0.119873046875 0.0425186157226563
0.0579948425292969 -0.00932693481445312 -0.125831604003906 0.0543136596679687
0.122718811035156 0.0362319946289063 -0.0621185302734375 -0.07843017578125
0.109580993652344 0.01129150390625 0.0115623474121094 -0.0197181701660156
0.086456298828125 -0.00250244140625 0.0704345703125 -0.0173263549804688
0.08251953125 -0.0236587524414062 0.0965805053710938 -0.0654525756835938
0.0622978210449219 -0.0495071411132812 0.070556640625 -0.0967941284179688
0.0265350341796875 -0.0811767578125 0.0201873779296875 -0.12396240234375
-0.00979614257812499 -0.08807373046875 -0.022247314453125 -0.0980148315429688
-0.0122146606445312 -0.0811309814453125 -0.0432853698730469 -0.0531425476074219
-0.0189971923828125 -0.0878067016601563 -0.0482025146484375 -0.0203895568847656
-0.0018157958984375 -0.0936279296875 -0.0558204650878906 -0.00659561157226564
0.0287857055664063 -0.07965087890625 -0.0662841796875 0.0174446105957031
0.0430183410644531 -0.0633430480957031 -0.0674934387207031 0.0177383422851563
0.0606498718261719 -0.0411300659179687 -0.0853118896484375 0.0219192504882813
0.089935302734375 -0.0293045043945312 -0.0950164794921875 0.0406951904296875
0.106010437011719 -0.00734710693359375 -0.091064453125 0.0582351684570313
0.152725219726563 0.0453948974609375 -0.0111160278320312 -0.0664558410644531
0.149078369140625 0.0190277099609375 0.0522880554199219 -0.00836181640625
0.125175476074219 -0.00832366943359375 0.0850753784179688 -0.0123825073242187
0.113662719726563 -0.0425949096679688 0.09820556640625 -0.0541915893554688
0.07904052734375 -0.0733261108398438 0.0662384033203125 -0.0783233642578125
0.0300140380859375 -0.108222961425781 0.0186004638671875 -0.0956573486328125
-0.0139923095703125 -0.108131408691406 -0.0121994018554688 -0.061614990234375
-0.0148773193359375 -0.0992279052734375 -0.0259933471679688 -0.0184116363525391
-0.0240859985351563 -0.108802795410156 -0.0295963287353516 0.0122261047363281
-0.00598907470703124 -0.117149353027344 -0.0450897216796875 0.0224952697753906
0.0334396362304688 -0.104331970214844 -0.0587120056152344 0.0387954711914063
0.0580978393554687 -0.089141845703125 -0.0636444091796875 0.0276679992675781
0.0905532836914063 -0.0553741455078125 -0.077606201171875 0.0221633911132812
0.1248779296875 -0.0294570922851563 -0.0631332397460937 0.0321197509765625
0.138832092285156 -0.001129150390625 -0.0438957214355469 0.0613288879394531
0.158737182617188 0.0457305908203125 0.0422744750976563 -0.0558052062988281
0.164260864257813 0.01971435546875 0.091705322265625 -0.003173828125
0.14031982421875 -0.0149002075195313 0.0951995849609375 -0.00931549072265625
0.122840881347656 -0.0567398071289063 0.0952911376953125 -0.03955078125
0.079925537109375 -0.0873184204101563 0.0589981079101563 -0.0521888732910156
0.024444580078125 -0.119384765625 0.01837158203125 -0.0584907531738281
-0.0183639526367188 -0.111114501953125 0.0011138916015625 -0.0202255249023438
-0.0165328979492187 -0.101768493652344 -0.00613212585449219 0.0191268920898437
-0.025115966796875 -0.113655090332031 -0.00994491577148438 0.0474777221679687
-0.00566101074218749 -0.1231689453125 -0.031646728515625 0.0540008544921875
0.038055419921875 -0.111915588378906 -0.0487480163574219 0.0608596801757812
0.0695953369140625 -0.098785400390625 -0.0572662353515625 0.0381240844726563
0.110313415527344 -0.055572509765625 -0.0655479431152344 0.0196647644042969
0.142547607421875 -0.0197296142578125 -0.0256175994873047 0.0217208862304687
0.150222778320312 0.0103302001953125 0.00870513916015625 0.0671501159667969
0.139167785644531 0.03887939453125 0.0893325805664063 -0.0505294799804688
0.153427124023438 0.016021728515625 0.123176574707031 -0.00556182861328125
0.130989074707031 -0.0209884643554688 0.0991439819335938 -0.01068115234375
0.110183715820313 -0.0612106323242188 0.0874557495117188 -0.0245513916015625
0.0659637451171875 -0.0865554809570313 0.0526847839355469 -0.0253181457519531
0.0119552612304687 -0.110763549804688 0.0218238830566406 -0.0198745727539063
-0.0211105346679688 -0.096160888671875 0.0179100036621094 0.0198898315429687
-0.01654052734375 -0.0881805419921875 0.0152587890625 0.0546798706054687
-0.0222091674804688 -0.101348876953125 0.00801086425781249 0.080810546875
-0.000968933105468753 -0.111381530761719 -0.02191162109375 0.0853958129882813
0.0432205200195312 -0.100875854492188 -0.0430831909179687 0.0814208984375
0.0753173828125 -0.0891799926757813 -0.0534172058105469 0.0467453002929688
0.114753723144531 -0.040802001953125 -0.0518875122070312 0.0170326232910156
0.139793395996094 -0.0020294189453125 0.0126762390136719 0.0164480209350586
0.137245178222656 0.02520751953125 0.0592880249023438 0.0777969360351563
0.0978927612304688 0.029510498046875 0.12420654296875 -0.0509796142578125
0.119277954101563 0.0122451782226563 0.14068603515625 -0.014617919921875
0.100181579589844 -0.02056884765625 0.0958099365234375 -0.0146865844726563
0.080047607421875 -0.0527572631835938 0.0769119262695313 -0.0105972290039063
0.0419883728027344 -0.0700645446777344 0.0501708984375 -0.00202560424804688
-0.00168609619140625 -0.082855224609375 0.0298118591308594 0.0132026672363281
-0.0201454162597656 -0.0665130615234375 0.03533935546875 0.0513801574707031
-0.0144157409667969 -0.0602684020996094 0.0336380004882813 0.0821456909179688
-0.0163040161132813 -0.0738601684570313 0.0194549560546875 0.107475280761719
0.001983642578125 -0.08319091796875 -0.0188980102539062 0.111358642578125
0.0406036376953125 -0.0757904052734375 -0.0446090698242188 0.0970077514648438
0.06903076171875 -0.06463623046875 -0.0529556274414063 0.0546340942382812
0.0996246337890625 -0.0180206298828125 -0.0396461486816406 0.0183525085449219
0.113578796386719 0.015838623046875 0.0423507690429688 0.0203399658203125
0.101615905761719 0.0353851318359375 0.0986480712890625 0.0931625366210937
0.0417327880859375 0.0203895568847656 0.141448974609375 -0.0554962158203125
0.0692367553710937 0.0110054016113281 0.143035888671875 -0.0274658203125
0.0569610595703125 -0.0139274597167969 0.0873641967773437 -0.0196075439453125
0.0405006408691406 -0.0336074829101563 0.069732666015625 -0.00292205810546875
0.0154991149902344 -0.0407638549804688 0.05029296875 0.01214599609375
-0.011871337890625 -0.0411148071289063 0.0399818420410156 0.0337753295898438
-0.014678955078125 -0.0257129669189453 0.0509872436523437 0.0682830810546875
-0.00995254516601563 -0.0234298706054687 0.04681396484375 0.096160888671875
-0.0114307403564453 -0.0340805053710938 0.0251998901367188 0.124824523925781
-0.000728607177734372 -0.0436210632324219 -0.0217132568359375 0.129066467285156
0.0253829956054688 -0.0434188842773438 -0.0502090454101563 0.107765197753906
0.0461502075195313 -0.0362892150878906 -0.0566177368164063 0.0628128051757812
0.0659370422363281 -0.00190353393554688 -0.0338783264160156 0.0239048004150391
0.0685920715332031 0.0232505798339844 0.0587310791015625 0.0304145812988281
0.0503768920898438 0.0349006652832031 0.121673583984375 0.108604431152344
0.0143270492553711 0.00264930725097656 -0.120231628417969 -0.082244873046875
-0.00480175018310547 -0.0121183395385742 -0.0436859130859375 -0.0290946960449219
-0.0141286849975586 0.00293540954589844 0.0422477722167969 -0.0211715698242188
-0.00238990783691406 0.0121517181396484 0.076690673828125 -0.0725936889648438
0.00609350204467774 0.00509262084960938 0.0602569580078125 -0.111221313476563
0.00515842437744141 -0.00246810913085938 0.0131988525390625 -0.141098022460938
-0.00106239318847656 -0.0141744613647461 -0.0376052856445312 -0.128578186035156
-0.00165367126464844 -0.0106382369995117 -0.0597686767578125 -0.0883941650390625
-0.00134563446044922 -0.00986480712890625 -0.0629081726074219 -0.0571823120117188
0.00527763366699219 -0.00990772247314453 -0.059112548828125 -0.037689208984375
0.00678634643554688 -0.00197267532348633 -0.0685043334960937 -0.00757980346679687
-0.00453472137451172 0.00972366333007813 -0.0704803466796875 0.00642395019531249
-0.0194435119628906 -0.00257682800292968 -0.0929489135742187 0.0128097534179688
-0.00879287719726562 -0.0196895599365234 -0.131500244140625 0.0424041748046875
-0.000386238098144532 -0.00928020477294922 -0.139747619628906 0.0565032958984375
0.0741043090820312 0.016571044921875 -0.09942626953125 -0.0804595947265625
0.054473876953125 -0.00497055053710938 -0.0217723846435547 -0.0268096923828125
0.0362930297851562 -0.00223541259765625 0.0537605285644531 -0.0219879150390625
0.0393638610839844 -0.00814437866210937 0.0850143432617188 -0.0729904174804688
0.0337123870849609 -0.0244159698486328 0.0639877319335938 -0.108283996582031
0.0140800476074219 -0.0435676574707031 0.0138931274414062 -0.137763977050781
-0.00859451293945312 -0.0537223815917969 -0.0349884033203125 -0.117263793945313
-0.009185791015625 -0.0489082336425781 -0.056671142578125 -0.0731582641601562
-0.0126113891601562 -0.0516624450683594 -0.0614356994628906 -0.0408668518066406
0.000602722167968747 -0.0552520751953125 -0.0624008178710938 -0.0251541137695313
0.0191154479980469 -0.0432205200195313 -0.0701103210449219 0.00324630737304687
0.0216579437255859 -0.0275783538818359 -0.0689430236816406 0.0113143920898437
0.0220870971679687 -0.0206375122070312 -0.0885238647460938 0.020751953125
0.0418128967285156 -0.0255126953125 -0.115791320800781 0.0478515625
0.0564804077148438 -0.0109405517578125 -0.12176513671875 0.0618972778320312
0.123275756835938 0.0288848876953125 -0.0615386962890625 -0.0740737915039063
0.108352661132813 0.0044708251953125 0.0123081207275391 -0.0181674957275391
0.0849761962890625 -0.00656890869140625 0.0697059631347656 -0.0185661315917969
0.0796279907226563 -0.0281982421875 0.0925979614257813 -0.0677642822265625
0.0578079223632812 -0.0518951416015625 0.0648574829101563 -0.0977859497070313
0.0215301513671875 -0.0799484252929688 0.01312255859375 -0.121482849121094
-0.014434814453125 -0.0855789184570312 -0.02703857421875 -0.0929489135742188
-0.0159759521484375 -0.0786819458007813 -0.0446510314941406 -0.04693603515625
-0.0224685668945313 -0.0844573974609375 -0.0490989685058594 -0.0153274536132813
-0.00699615478515626 -0.0920181274414063 -0.057861328125 -0.0022125244140625
0.024505615234375 -0.0796966552734375 -0.0661087036132813 0.0208854675292969
0.0394096374511719 -0.0640716552734375 -0.0671234130859375 0.0203208923339844
0.0579338073730469 -0.0419425964355469 -0.0837326049804688 0.025482177734375
0.0865249633789063 -0.0326614379882813 -0.091949462890625 0.0451583862304688
0.103630065917969 -0.0121231079101562 -0.0875473022460937 0.0650177001953125
0.152603149414062 0.0356903076171875 -0.0112495422363281 -0.0638427734375
0.146926879882813 0.0098114013671875 0.0525474548339844 -0.00846481323242188
0.122077941894531 -0.0137176513671875 0.0849227905273438 -0.01361083984375
0.108253479003906 -0.0481109619140625 0.0959930419921875 -0.056671142578125
0.0726852416992188 -0.0759658813476563 0.061798095703125 -0.0787353515625
0.022979736328125 -0.106224060058594 0.0127105712890625 -0.0929718017578125
-0.0189895629882813 -0.104110717773437 -0.015411376953125 -0.0580596923828125
-0.0195083618164063 -0.0960769653320312 -0.0261936187744141 -0.0142116546630859
-0.0296859741210937 -0.104652404785156 -0.0292606353759766 0.0157985687255859
-0.0128021240234375 -0.114219665527344 -0.0454330444335938 0.0259170532226563
0.0274734497070312 -0.103965759277344 -0.0571670532226562 0.0419654846191406
0.0528106689453125 -0.0908889770507813 -0.0623207092285156 0.0303573608398437
0.0861968994140625 -0.057586669921875 -0.0757217407226562 0.0262527465820312
0.120445251464844 -0.0348587036132813 -0.0609245300292969 0.0354728698730469
0.135673522949219 -0.00827789306640625 -0.0417404174804687 0.0655136108398438
0.15777587890625 0.03558349609375 0.0410614013671875 -0.0565719604492188
0.161270141601562 0.010101318359375 0.0913619995117188 -0.00511932373046875
0.13677978515625 -0.0215225219726563 0.0956039428710938 -0.0112380981445313
0.117057800292969 -0.062469482421875 0.09375 -0.0413131713867188
0.0730743408203125 -0.0894241333007813 0.0567054748535156 -0.0526962280273438
0.0166091918945312 -0.116363525390625 0.0147857666015625 -0.05615234375
-0.0237808227539062 -0.105979919433594 0.000644683837890622 -0.0186595916748047
-0.0221023559570312 -0.0978012084960937 -0.00425148010253907 0.0213470458984375
-0.03106689453125 -0.108695983886719 -0.0076446533203125 0.0487403869628906
-0.0132064819335938 -0.119789123535156 -0.0307121276855469 0.0564079284667969
0.03143310546875 -0.111953735351563 -0.0469474792480469 0.0636482238769531
0.0619125366210937 -0.100875854492188 -0.0562705993652344 0.0401496887207031
0.104736328125 -0.05926513671875 -0.0642814636230469 0.0236244201660156
0.138748168945312 -0.0270156860351562 -0.0251388549804687 0.0236263275146484
0.147598266601563 0.0014190673828125 0.0103111267089844 0.0679702758789063
0.138282775878906 0.029541015625 0.0872344970703125 -0.0538711547851563
0.150115966796875 0.0065765380859375 0.121536254882813 -0.009246826171875
0.126609802246094 -0.026824951171875 0.0989151000976563 -0.0124740600585938
0.104560852050781 -0.0661392211914063 0.0865325927734375 -0.0261688232421875
0.0594329833984375 -0.0882720947265625 0.0518989562988281 -0.0257835388183594
0.0048980712890625 -0.10675048828125 0.0202541351318359 -0.0186042785644531
-0.0252838134765625 -0.0917739868164062 0.0190753936767578 0.0190830230712891
-0.0209274291992187 -0.0844955444335938 0.0182762145996094 0.0538444519042969
-0.0278701782226563 -0.096771240234375 0.0119476318359375 0.07928466796875
-0.0087127685546875 -0.107528686523438 -0.0189590454101563 0.0862503051757813
0.035736083984375 -0.101631164550781 -0.0400390625 0.0831451416015625
0.06805419921875 -0.0915374755859375 -0.05157470703125 0.0490570068359375
0.109718322753906 -0.0456619262695313 -0.0500106811523437 0.0207138061523437
0.136955261230469 -0.00963592529296875 0.0119771957397461 0.0162067413330078
0.135978698730469 0.015869140625 0.059906005859375 0.0759658813476563
0.0966415405273438 0.0227203369140625 0.120933532714844 -0.0561599731445313
0.116867065429688 0.0047607421875 0.138252258300781 -0.0202713012695313
0.09722900390625 -0.02520751953125 0.0948867797851563 -0.0166473388671875
0.075225830078125 -0.0565032958984375 0.0773468017578125 -0.011505126953125
0.0369415283203125 -0.0710678100585938 0.0499343872070312 -0.00311660766601563
-0.00662994384765626 -0.0790328979492188 0.0298309326171875 0.0124588012695312
-0.0232772827148437 -0.0618209838867187 0.038604736328125 0.0481491088867187
-0.0172080993652344 -0.0569381713867188 0.0379104614257813 0.0778732299804688
-0.0208663940429688 -0.069183349609375 0.0252532958984375 0.104423522949219
-0.00444793701171876 -0.0796356201171875 -0.0139007568359375 0.111335754394531
0.0344009399414063 -0.0766220092773438 -0.0406112670898438 0.0981903076171875
0.0633125305175781 -0.0673065185546875 -0.0498390197753906 0.0564308166503906
0.0961532592773438 -0.0226287841796875 -0.0380821228027344 0.0200653076171875
0.112007141113281 0.00951385498046875 0.0413131713867188 0.0182456970214844
0.101875305175781 0.0279541015625 0.0990371704101563 0.0886154174804688
0.04132080078125 0.0162239074707031 0.137496948242188 -0.0626220703125
0.0685043334960938 0.005950927734375 0.14013671875 -0.0331649780273438
0.0555267333984375 -0.0167884826660156 0.0869598388671875 -0.0212173461914062
0.0373497009277344 -0.0356483459472656 0.0704421997070313 -0.00400543212890625
0.0117912292480469 -0.0409927368164063 0.0520477294921875 0.0102767944335938
-0.015045166015625 -0.0379371643066406 0.0420303344726563 0.031707763671875
-0.0154590606689453 -0.0223541259765625 0.0538978576660156 0.0631942749023438
-0.0104293823242188 -0.0211429595947266 0.0513916015625 0.09088134765625
-0.0133056640625 -0.0309810638427734 0.0313796997070313 0.119522094726563
-0.00491714477539063 -0.04107666015625 -0.0150222778320313 0.127723693847656
0.021575927734375 -0.0432510375976563 -0.04486083984375 0.108383178710938
0.0422096252441406 -0.038116455078125 -0.0532989501953125 0.064605712890625
0.0640296936035156 -0.00514602661132813 -0.0327606201171875 0.0249652862548828
0.0680923461914063 0.0181465148925781 0.0570259094238281 0.026153564453125
0.0508232116699219 0.0298538208007813 0.122802734375 0.101669311523438
0.0144615173339844 0.00341892242431641 -0.118644714355469 -0.0802154541015625
-0.00431728363037109 -0.0114345550537109 -0.0426177978515625 -0.0264854431152344
-0.0132951736450195 0.00331783294677734 0.0420379638671875 -0.0211944580078125
-0.00135898590087891 0.0115909576416016 0.07598876953125 -0.0735931396484375
0.00698041915893555 0.00419139862060547 0.0578689575195313 -0.111709594726563
0.00511312484741211 -0.00329208374023438 0.010162353515625 -0.1409912109375
-0.00126743316650391 -0.0157995223999023 -0.0400848388671875 -0.125930786132813
-0.00119590759277344 -0.012822151184082 -0.0612564086914063 -0.084381103515625
-0.000184059143066405 -0.0107851028442383 -0.0646133422851562 -0.0540924072265625
0.00574493408203125 -0.0110101699829102 -0.0623931884765625 -0.0364952087402344
0.00810575485229492 -0.00250625610351563 -0.0691680908203125 -0.00608062744140626
-0.003509521484375 0.0105857849121094 -0.0713424682617188 0.00637054443359375
-0.0186557769775391 -0.00135040283203125 -0.0936508178710938 0.0120620727539063
-0.00960731506347656 -0.0177936553955078 -0.130661010742188 0.0441665649414062
-0.000252723693847657 -0.00737524032592773 -0.138641357421875 0.0607986450195313
0.0750198364257813 0.0150070190429688 -0.097564697265625 -0.0787429809570313
0.0548095703125 -0.00611495971679688 -0.0200977325439453 -0.02459716796875
0.0361900329589844 -0.00272369384765625 0.054901123046875 -0.0215301513671875
0.0397453308105469 -0.00954437255859375 0.0845108032226563 -0.0737991333007813
0.0329856872558594 -0.0251235961914063 0.062255859375 -0.10882568359375
0.0136642456054687 -0.0441970825195313 0.0108184814453125 -0.135986328125
-0.00968551635742188 -0.0544357299804688 -0.0362548828125 -0.114738464355469
-0.0103530883789062 -0.0497322082519531 -0.0573005676269531 -0.0689468383789062
-0.0130386352539062 -0.0521011352539062 -0.0625572204589844 -0.0371627807617188
1.52587890624971E-05 -0.0553703308105469 -0.0653152465820313 -0.0224533081054688
0.0190353393554687 -0.0439567565917969 -0.070831298828125 0.0045623779296875
0.0219497680664063 -0.0271492004394531 -0.0702323913574219 0.0119361877441406
0.0218830108642578 -0.0197963714599609 -0.0892333984375 0.0209884643554687
0.0409584045410156 -0.0247573852539062 -0.114875793457031 0.0503997802734375
0.0559501647949219 -0.0108489990234375 -0.120880126953125 0.0668563842773438
0.12286376953125 0.0251083374023438 -0.059722900390625 -0.072662353515625
0.107627868652344 0.001739501953125 0.0140876770019531 -0.0161247253417969
0.0844955444335938 -0.00812530517578125 0.0714569091796875 -0.0177230834960938
0.0782928466796875 -0.0307235717773438 0.0926971435546875 -0.0678787231445313
0.056671142578125 -0.053741455078125 0.0626144409179688 -0.0973739624023438
0.0189361572265625 -0.0798568725585938 0.0108108520507813 -0.118789672851563
-0.015899658203125 -0.0845947265625 -0.0281295776367188 -0.0898590087890625
-0.0177459716796875 -0.0789718627929688 -0.044708251953125 -0.0433158874511719
-0.02520751953125 -0.0840682983398437 -0.0495338439941406 -0.0116081237792969
-0.00914001464843749 -0.0909347534179688 -0.0598297119140625 0.00040054321289063
0.0230484008789063 -0.0795440673828125 -0.0678520202636719 0.0229377746582031
0.0388450622558594 -0.0639915466308594 -0.068634033203125 0.0217094421386719
0.0567474365234375 -0.0411643981933594 -0.0836410522460938 0.0265579223632812
0.084930419921875 -0.0329971313476563 -0.0906295776367188 0.047454833984375
0.102188110351563 -0.0132675170898438 -0.086944580078125 0.069091796875
0.15228271484375 0.0316925048828125 -0.00921630859374999 -0.0634803771972656
0.145339965820313 0.0059967041015625 0.0543708801269531 -0.0072784423828125
0.120712280273438 -0.0155029296875 0.0866775512695313 -0.012420654296875
0.106559753417969 -0.0507354736328125 0.0962677001953125 -0.0563430786132813
0.070037841796875 -0.0766830444335938 0.0605850219726563 -0.07806396484375
0.020416259765625 -0.105262756347656 0.0113677978515625 -0.09075927734375
-0.0215911865234375 -0.101753234863281 -0.0155143737792969 -0.0556144714355469
-0.0225448608398437 -0.0945510864257813 -0.0250625610351562 -0.011138916015625
-0.0326614379882812 -0.102523803710937 -0.0296688079833984 0.0178871154785156
-0.016082763671875 -0.112205505371094 -0.04730224609375 0.0289955139160156
0.0247344970703125 -0.103622436523437 -0.0590667724609375 0.0443191528320312
0.0503768920898437 -0.090576171875 -0.0634536743164063 0.0317573547363281
0.0844650268554688 -0.0575103759765625 -0.0758895874023438 0.0286331176757813
0.11895751953125 -0.0363922119140625 -0.0606269836425781 0.0385208129882813
0.13531494140625 -0.010650634765625 -0.0408782958984375 0.0694465637207031
0.157623291015625 0.0309600830078125 0.0423431396484375 -0.056915283203125
0.159759521484375 0.005523681640625 0.0919723510742188 -0.0043182373046875
0.135353088378906 -0.0234298706054688 0.0981521606445313 -0.00959014892578125
0.114486694335938 -0.0651931762695313 0.095001220703125 -0.0408401489257813
0.0702743530273438 -0.090301513671875 0.0565261840820313 -0.0517997741699219
0.0135879516601563 -0.114753723144531 0.0140457153320312 -0.0543441772460938
-0.0253372192382813 -0.103355407714844 0.00120925903320312 -0.0167512893676758
-0.0248260498046875 -0.0957107543945313 -0.00294113159179688 0.0230026245117187
-0.034454345703125 -0.106414794921875 -0.00687789916992187 0.0500755310058594
-0.016876220703125 -0.117721557617188 -0.0317420959472656 0.0590019226074219
0.027587890625 -0.112281799316406 -0.0476875305175781 0.0654640197753906
0.058837890625 -0.101570129394531 -0.0571174621582031 0.041473388671875
0.102806091308594 -0.0597763061523437 -0.0637397766113281 0.0258903503417969
0.137222290039063 -0.0296630859375 -0.0252971649169922 0.0258350372314453
0.146499633789063 -0.0024261474609375 0.0100021362304688 0.0711288452148438
0.137771606445312 0.0244216918945313 0.0881576538085938 -0.054931640625
0.148086547851563 0.00244140625 0.122138977050781 -0.00951385498046875
0.125244140625 -0.0279617309570312 0.100456237792969 -0.0111770629882813
0.101715087890625 -0.0682449340820312 0.0883331298828125 -0.0251693725585938
0.0560989379882812 -0.0887298583984375 0.05242919921875 -0.0248832702636719
0.00189971923828125 -0.104545593261719 0.020233154296875 -0.0167140960693359
-0.02728271484375 -0.0879974365234375 0.0197067260742188 0.0191936492919922
-0.0224609375 -0.0817031860351562 0.0205268859863281 0.0537376403808594
-0.0301437377929687 -0.0933303833007813 0.0135726928710938 0.079620361328125
-0.0123748779296875 -0.105293273925781 -0.018096923828125 0.0881271362304687
0.0316390991210938 -0.102088928222656 -0.0399856567382812 0.0848770141601563
0.0638580322265625 -0.0934829711914063 -0.0521926879882813 0.0501441955566406
0.1077880859375 -0.0468978881835938 -0.0503120422363281 0.0225143432617187
0.135910034179688 -0.0134353637695313 0.0108299255371094 0.0177688598632813
0.134780883789063 0.01116943359375 0.0597686767578125 0.0772933959960938
0.0950851440429688 0.0183792114257813 0.120925903320313 -0.0597076416015625
0.114967346191406 0.00018310546875 0.138481140136719 -0.0209732055664063
0.0957107543945313 -0.02642822265625 0.0961456298828125 -0.0153350830078125
0.0726470947265625 -0.0582046508789063 0.0797576904296875 -0.0112457275390625
0.0337600708007812 -0.0708084106445313 0.0516166687011719 -0.00257110595703125
-0.00865173339843749 -0.0763397216796875 0.0307960510253906 0.0137290954589844
-0.0246086120605469 -0.0584754943847656 0.039764404296875 0.046661376953125
-0.0179824829101563 -0.0542945861816406 0.0401611328125 0.0765762329101562
-0.0231819152832031 -0.0658645629882813 0.0277099609375 0.103492736816406
-0.007293701171875 -0.0771026611328125 -0.01263427734375 0.111900329589844
0.0311965942382812 -0.0770645141601562 -0.0391921997070313 0.100227355957031
0.0603294372558594 -0.0690765380859375 -0.0510978698730469 0.0583343505859375
0.0945663452148438 -0.0243377685546875 -0.037872314453125 0.0215911865234375
0.111488342285156 0.00618743896484375 0.0400047302246094 0.0174980163574219
0.10113525390625 0.0240707397460938 0.097747802734375 0.0878219604492188
0.0423660278320313 0.0142402648925781 0.136810302734375 -0.0659866333007813
0.0674896240234375 0.00339126586914063 0.139739990234375 -0.0345687866210937
0.0544052124023438 -0.0183258056640625 0.087799072265625 -0.0203475952148438
0.0361785888671875 -0.0369606018066406 0.0729522705078125 -0.003326416015625
0.00948715209960938 -0.0404739379882812 0.0534591674804688 0.0103950500488281
-0.016082763671875 -0.0361900329589844 0.0438308715820313 0.0308151245117187
-0.0157794952392578 -0.0201663970947266 0.0558853149414063 0.0604972839355469
-0.0109539031982422 -0.0185375213623047 0.053619384765625 0.0875778198242188
-0.0145244598388672 -0.0279331207275391 0.0340805053710937 0.117538452148438
-0.00655746459960937 -0.0392227172851563 -0.0130844116210937 0.127593994140625
0.0187454223632812 -0.0437431335449219 -0.043121337890625 0.109725952148438
0.0397300720214844 -0.0390205383300781 -0.0526847839355469 0.0659980773925781
0.0631561279296875 -0.00658035278320313 -0.0324668884277344 0.0249176025390625
0.0672950744628906 0.0156593322753906 0.0556793212890625 0.0245819091796875
0.0508193969726563 0.0268783569335937 0.12200927734375 0.100433349609375
0.015528678894043 0.00437450408935547 -0.119232177734375 -0.0822372436523438
-0.00449752807617188 -0.0117044448852539 -0.0428009033203125 -0.0253715515136719
-0.0136957168579102 0.00357723236083985 0.0451469421386719 -0.0208511352539062
-7.43865966796866E-05 0.0111656188964844 0.0770111083984375 -0.0756378173828125
0.00729656219482422 0.00330352783203125 0.05859375 -0.115272521972656
0.00586557388305664 -0.00492429733276367 0.00955200195312501 -0.144180297851563
-0.00221061706542969 -0.0179309844970703 -0.042083740234375 -0.126945495605469
-0.00104236602783203 -0.0149631500244141 -0.06329345703125 -0.0832443237304688
0.000405311584472655 -0.0130891799926758 -0.0686721801757813 -0.0524215698242188
0.00680351257324219 -0.0123281478881836 -0.0659599304199219 -0.0355720520019531
0.00973320007324219 -0.00274658203125 -0.0728759765625 -0.00642395019531251
-0.00171566009521484 0.0126094818115234 -0.0748519897460938 0.0059051513671875
-0.0192413330078125 0.000188827514648435 -0.0982208251953125 0.010833740234375
-0.0106954574584961 -0.0167608261108398 -0.133697509765625 0.0456695556640625
0.000202655792236329 -0.00559043884277344 -0.14215087890625 0.0662078857421875
0.0777816772460938 0.0159912109375 -0.0980072021484375 -0.0806045532226563
0.0563545227050781 -0.00687026977539063 -0.0188846588134766 -0.0238170623779297
0.0378990173339844 -0.00334548950195312 0.0577888488769531 -0.0210456848144531
0.0408439636230469 -0.0114364624023437 0.0870285034179688 -0.0751495361328125
0.0331401824951172 -0.0267276763916016 0.063079833984375 -0.111541748046875
0.0130996704101563 -0.0455169677734375 0.00949096679687499 -0.138816833496094
-0.0107498168945312 -0.056121826171875 -0.0390777587890625 -0.115318298339844
-0.0106468200683594 -0.0522804260253906 -0.0592765808105469 -0.0669937133789062
-0.013641357421875 -0.0544967651367188 -0.06561279296875 -0.0349006652832031
1.90734863281212E-05 -0.0571479797363281 -0.069732666015625 -0.0209503173828125
0.0194664001464844 -0.0454216003417969 -0.0752182006835938 0.0059661865234375
0.0236530303955078 -0.0273704528808594 -0.0743484497070313 0.0122756958007813
0.0224800109863281 -0.018524169921875 -0.0931472778320312 0.0211563110351563
0.040618896484375 -0.0238685607910156 -0.118019104003906 0.0531539916992188
0.0567665100097656 -0.00986099243164063 -0.123809814453125 0.07220458984375
0.126937866210937 0.02398681640625 -0.059112548828125 -0.0741806030273437
0.110687255859375 0.00026702880859375 0.0161924362182617 -0.0151071548461914
0.086456298828125 -0.00960540771484375 0.0742721557617188 -0.01641845703125
0.0801849365234375 -0.0333709716796875 0.0960464477539063 -0.069122314453125
0.0574569702148438 -0.0555877685546875 0.0640335083007813 -0.0991439819335938
0.0195083618164062 -0.0823135375976563 0.0096282958984375 -0.12066650390625
-0.016998291015625 -0.0864334106445313 -0.0292892456054688 -0.090179443359375
-0.018707275390625 -0.0806884765625 -0.0450706481933594 -0.0412025451660156
-0.0264205932617187 -0.0856246948242188 -0.0520706176757813 -0.00817489624023438
-0.010528564453125 -0.0931015014648438 -0.06396484375 0.00312805175781249
0.0234298706054688 -0.0824508666992188 -0.071868896484375 0.025360107421875
0.0396537780761719 -0.0650634765625 -0.072174072265625 0.0222396850585937
0.0587615966796875 -0.0412445068359375 -0.0871353149414062 0.0273513793945313
0.0865859985351563 -0.0340347290039063 -0.0940170288085938 0.0510711669921875
0.104248046875 -0.0140380859375 -0.089508056640625 0.0754165649414063
0.15643310546875 0.0297698974609375 -0.00701141357421874 -0.0653343200683594
0.148452758789063 0.00347900390625 0.0580596923828125 -0.00554656982421875
0.124748229980469 -0.0172958374023438 0.0912704467773438 -0.0114593505859375
0.108642578125 -0.05474853515625 0.100784301757813 -0.0564041137695313
0.0704574584960937 -0.079742431640625 0.0626602172851562 -0.078155517578125
0.0189743041992187 -0.106979370117188 0.0106201171875 -0.0910873413085938
-0.0228805541992187 -0.103843688964844 -0.0164108276367188 -0.0545806884765625
-0.0243911743164063 -0.0968246459960938 -0.02459716796875 -0.0084228515625
-0.0345077514648437 -0.103851318359375 -0.0305633544921875 0.021087646484375
-0.0183258056640625 -0.114723205566406 -0.0509185791015625 0.0333213806152344
0.0237808227539063 -0.107582092285156 -0.0619125366210938 0.0476799011230469
0.0505523681640625 -0.0936508178710938 -0.0681037902832031 0.0336036682128906
0.0864028930664062 -0.0584564208984375 -0.0785140991210938 0.0297622680664063
0.121238708496094 -0.038330078125 -0.0622444152832031 0.040802001953125
0.137886047363281 -0.0128860473632813 -0.0430908203125 0.0752716064453125
0.161514282226563 0.027801513671875 0.0451622009277344 -0.0591278076171875
0.162826538085938 0.0030059814453125 0.097259521484375 -0.0038604736328125
0.138893127441406 -0.0244674682617187 0.102470397949219 -0.00803375244140625
0.116127014160156 -0.068206787109375 0.0997467041015625 -0.0402603149414063
0.070159912109375 -0.0935897827148438 0.0589523315429688 -0.0519294738769531
0.0117874145507813 -0.115760803222656 0.0140762329101563 -0.0533599853515625
-0.0272369384765625 -0.104324340820313 0.00193691253662109 -0.0157718658447266
-0.0265884399414062 -0.0971908569335938 -0.00121879577636719 0.0248126983642578
-0.0373916625976563 -0.106430053710937 -0.00688552856445312 0.0530166625976563
-0.0199813842773437 -0.119316101074219 -0.0332374572753906 0.0634269714355469
0.025909423828125 -0.115325927734375 -0.0501289367675781 0.069488525390625
0.0582962036132813 -0.104751586914063 -0.0609931945800781 0.0436859130859375
0.105369567871094 -0.0621566772460938 -0.0660400390625 0.0278167724609375
0.139938354492188 -0.0325775146484375 -0.0264263153076172 0.0284099578857422
0.149551391601563 -0.0050506591796875 0.00967407226562501 0.07659912109375
0.1407470703125 0.0219879150390625 0.0912399291992188 -0.0580215454101562
0.151077270507813 -0.0007171630859375 0.126983642578125 -0.009765625
0.127861022949219 -0.0291595458984375 0.105438232421875 -0.009429931640625
0.1026611328125 -0.0715408325195313 0.0937271118164063 -0.025482177734375
0.055877685546875 -0.09124755859375 0.0555686950683594 -0.0240936279296875
0.00103759765624999 -0.105476379394531 0.0217189788818359 -0.0155715942382813
-0.0285873413085938 -0.0884857177734375 0.0217952728271484 0.0201129913330078
-0.0244369506835937 -0.0822677612304688 0.0224952697753906 0.0552139282226562
-0.0325164794921875 -0.0926055908203125 0.01470947265625 0.0818557739257813
-0.016082763671875 -0.105461120605469 -0.0190353393554687 0.09197998046875
0.0300674438476563 -0.104904174804688 -0.042510986328125 0.0894775390625
0.063720703125 -0.0964279174804688 -0.0548439025878906 0.0524978637695312
0.10906982421875 -0.0492782592773438 -0.052490234375 0.0238075256347656
0.139030456542969 -0.0165176391601563 0.0106754302978516 0.0185565948486328
0.137733459472656 0.00890350341796875 0.0601806640625 0.0814743041992188
0.097442626953125 0.01605224609375 0.124664306640625 -0.0629501342773438
0.117317199707031 -0.00180816650390625 0.142684936523438 -0.0226287841796875
0.0977325439453125 -0.0280685424804688 0.100898742675781 -0.0135574340820313
0.0732803344726563 -0.0611190795898438 0.0845108032226563 -0.0113449096679688
0.0326309204101562 -0.0731048583984375 0.0549125671386719 -0.00214767456054688
-0.0115509033203125 -0.076141357421875 0.0334281921386719 0.0144577026367187
-0.0252571105957031 -0.0576820373535156 0.0416831970214844 0.04718017578125
-0.0195236206054688 -0.0538902282714844 0.0419692993164063 0.0768585205078125
-0.0254783630371094 -0.0650100708007813 0.0290603637695312 0.105262756347656
-0.0102691650390625 -0.0770339965820312 -0.012420654296875 0.115882873535156
0.0282745361328125 -0.0781936645507813 -0.0403594970703125 0.103477478027344
0.058837890625 -0.0714340209960937 -0.0529556274414062 0.0599479675292969
0.0965423583984375 -0.0261688232421875 -0.0392570495605469 0.0226173400878906
0.113578796386719 0.00312042236328125 0.0401039123535156 0.0172195434570312
0.102798461914062 0.02081298828125 0.099578857421875 0.0924072265625
0.0416107177734375 0.0120201110839844 0.141189575195313 -0.0706939697265625
0.0682449340820312 0.00095367431640625 0.144073486328125 -0.0365447998046875
0.0555076599121094 -0.0192604064941406 0.0915451049804688 -0.0194473266601563
0.0357170104980469 -0.0387115478515625 0.0776596069335938 -0.00261688232421875
0.00811004638671875 -0.0417938232421875 0.0570526123046875 0.0107498168945312
-0.0184783935546875 -0.0342903137207031 0.0471000671386719 0.0320625305175781
-0.0165119171142578 -0.0183982849121094 0.0588531494140625 0.0597991943359375
-0.0116281509399414 -0.0172739028930664 0.0560150146484375 0.0871963500976563
-0.0148258209228516 -0.0259933471679688 0.03594970703125 0.118148803710938
-0.00880050659179687 -0.0380172729492188 -0.0113449096679687 0.130844116210937
0.0177574157714844 -0.0446929931640625 -0.0433502197265625 0.112747192382812
0.0390548706054688 -0.0398330688476563 -0.0542030334472656 0.0678558349609375
0.0640449523925781 -0.00765609741210938 -0.0349369049072265 0.025299072265625
0.0686225891113281 0.0139236450195312 0.0555229187011719 0.0239906311035156
0.0517730712890625 0.0245170593261719 0.122650146484375 0.103195190429687
0.0178337097167969 0.00712966918945313 -0.125862121582031 -0.085418701171875
-0.00408935546875 -0.0113458633422852 -0.0432243347167969 -0.0251731872558594
-0.0127668380737305 0.00355911254882812 0.0485038757324219 -0.022735595703125
0.000882148742675782 0.010345458984375 0.0803756713867187 -0.0810623168945313
0.00883865356445313 0.00228786468505859 0.0598220825195312 -0.122627258300781
0.00721359252929688 -0.00663232803344727 0.00544738769531249 -0.151962280273438
-0.00243949890136719 -0.0208759307861328 -0.0472564697265625 -0.1314697265625
-0.00126075744628906 -0.0180091857910156 -0.0684127807617188 -0.083953857421875
0.0013589859008789 -0.015873908996582 -0.0751953125 -0.0515213012695313
0.00820636749267578 -0.0147533416748047 -0.073455810546875 -0.0350799560546875
0.0109577178955078 -0.00383090972900391 -0.079132080078125 -0.00495147705078126
0.000476837158203125 0.0127325057983398 -0.080963134765625 0.00656890869140624
-0.0195140838623047 0.00228118896484375 -0.105361938476563 0.0123291015625
-0.0122556686401367 -0.0163412094116211 -0.14007568359375 0.0512771606445313
0.000547170639038086 -0.00333929061889648 -0.1483154296875 0.075958251953125
0.0820465087890625 0.0156784057617188 -0.102745056152344 -0.083526611328125
0.0591163635253906 -0.009002685546875 -0.0183277130126953 -0.0224590301513672
0.04058837890625 -0.00494384765625 0.0627517700195313 -0.0224685668945313
0.0431289672851563 -0.0144386291503906 0.0909347534179688 -0.080657958984375
0.0350341796875 -0.0297527313232422 0.064239501953125 -0.117744445800781
0.0133628845214844 -0.0496864318847656 0.00616455078124999 -0.145172119140625
-0.0130386352539063 -0.0605964660644531 -0.0434036254882813 -0.118766784667969
-0.0129203796386719 -0.0569839477539063 -0.0629196166992187 -0.0659294128417969
-0.0151290893554687 -0.0586700439453125 -0.0709381103515625 -0.0322647094726562
-0.000854492187499995 -0.0611534118652344 -0.0766372680664062 -0.0177383422851563
0.0205459594726562 -0.0489730834960938 -0.0814743041992188 0.00912475585937501
0.0257225036621094 -0.0287132263183594 -0.080657958984375 0.013397216796875
0.0235366821289063 -0.0178089141845703 -0.0990371704101563 0.0236663818359375
0.0409278869628906 -0.0251235961914063 -0.122810363769531 0.0594406127929687
0.0598793029785156 -0.00967025756835938 -0.129302978515625 0.0827484130859375
0.134178161621094 0.02392578125 -0.0604934692382813 -0.0773239135742187
0.116157531738281 -0.0034942626953125 0.0192050933837891 -0.01434326171875
0.0919952392578125 -0.0116653442382813 0.08154296875 -0.0170364379882813
0.0833206176757813 -0.038360595703125 0.101486206054688 -0.0732498168945313
0.058441162109375 -0.0610809326171875 0.066314697265625 -0.104637145996094
0.0180511474609375 -0.0871200561523438 0.00685882568359376 -0.125099182128906
-0.0204238891601562 -0.0911483764648438 -0.0320510864257812 -0.0919113159179688
-0.0221633911132813 -0.0858535766601562 -0.0470008850097656 -0.0391578674316406
-0.0298233032226562 -0.090545654296875 -0.0557212829589844 -0.00508880615234376
-0.0131759643554688 -0.0983963012695313 -0.0701637268066406 0.00847244262695313
0.02276611328125 -0.0875015258789063 -0.0773391723632812 0.030517578125
0.0409011840820313 -0.0696182250976563 -0.0789108276367188 0.0254364013671875
0.0610313415527344 -0.0425872802734375 -0.0923233032226562 0.0318679809570313
0.0892181396484375 -0.036773681640625 -0.0975112915039063 0.0574264526367187
0.109291076660156 -0.0162124633789063 -0.0926895141601562 0.085601806640625
0.165176391601563 0.0269775390625 -0.00712966918945311 -0.0688591003417969
0.155593872070313 -0.00079345703125 0.0633087158203125 -0.0049896240234375
0.129913330078125 -0.0206832885742188 0.0990524291992188 -0.0104217529296875
0.111930847167969 -0.0612640380859375 0.1075439453125 -0.060272216796875
0.07220458984375 -0.0862197875976562 0.0651473999023437 -0.0834426879882813
0.0175399780273437 -0.112258911132812 0.00879669189453125 -0.0930252075195313
-0.02667236328125 -0.108200073242188 -0.0172233581542969 -0.0553817749023438
-0.0279388427734375 -0.101409912109375 -0.0248603820800781 -0.00572586059570313
-0.0399856567382813 -0.107963562011719 -0.0322933197021484 0.0261726379394531
-0.0231857299804688 -0.119384765625 -0.0546607971191406 0.0393218994140625
0.0219879150390625 -0.113563537597656 -0.0665855407714844 0.0537986755371094
0.0504074096679688 -0.100257873535156 -0.07330322265625 0.0375823974609375
0.0893325805664063 -0.0630111694335938 -0.0829696655273438 0.0336380004882813
0.125885009765625 -0.043701171875 -0.0654067993164062 0.0466384887695313
0.1431884765625 -0.016571044921875 -0.0441818237304687 0.0848541259765625
0.16925048828125 0.0240020751953125 0.04840087890625 -0.0638923645019531
0.169952392578125 -0.002349853515625 0.104804992675781 -0.003631591796875
0.145492553710938 -0.0287322998046875 0.110794067382813 -0.00759124755859375
0.119697570800781 -0.076202392578125 0.106613159179688 -0.0437393188476563
0.0701370239257813 -0.100204467773438 0.0629081726074219 -0.0545272827148438
0.00897216796875001 -0.120506286621094 0.0143814086914063 -0.0536537170410156
-0.0314178466796875 -0.107978820800781 0.00189113616943359 -0.0151491165161133
-0.0307540893554688 -0.100723266601562 0.000185012817382808 0.0280342102050781
-0.0426483154296875 -0.109245300292969 -0.00629425048828125 0.0581092834472656
-0.0257339477539062 -0.123245239257812 -0.0353317260742187 0.0710830688476562
0.022705078125 -0.122055053710938 -0.0533370971679687 0.0764007568359375
0.0573883056640625 -0.111923217773437 -0.0652999877929687 0.0491676330566406
0.108612060546875 -0.067535400390625 -0.0700454711914063 0.0316925048828125
0.146331787109375 -0.0398406982421875 -0.0281295776367187 0.0322132110595703
0.156707763671875 -0.0104522705078125 0.0109481811523438 0.0845794677734375
0.147491455078125 0.017974853515625 0.096282958984375 -0.063995361328125
0.156753540039063 -0.005828857421875 0.134773254394531 -0.0112075805664063
0.13427734375 -0.0338134765625 0.113479614257813 -0.00949859619140625
0.105697631835937 -0.0781021118164063 0.1009521484375 -0.0271759033203125
0.0554656982421875 -0.097198486328125 0.0594215393066406 -0.0257530212402344
-0.00315093994140626 -0.10888671875 0.0235404968261719 -0.0150489807128906
-0.0324630737304688 -0.0909271240234375 0.0241050720214844 0.0216350555419922
-0.0285415649414062 -0.084625244140625 0.0258331298828125 0.0583343505859375
-0.0381851196289063 -0.0938568115234375 0.0170135498046875 0.0867767333984375
-0.0213546752929687 -0.108421325683594 -0.0188446044921875 0.100227355957031
0.026214599609375 -0.110916137695313 -0.0436019897460938 0.0969619750976563
0.0618896484375 -0.103157043457031 -0.0588493347167969 0.0583534240722656
0.113983154296875 -0.054901123046875 -0.05450439453125 0.0272331237792969
0.14471435546875 -0.0226898193359375 0.0105381011962891 0.02032470703125
0.1441650390625 0.00372314453125 0.0638198852539063 0.0890350341796875
0.102066040039063 0.0124282836914063 0.130691528320313 -0.0703201293945313
0.1214599609375 -0.00698089599609375 0.14990234375 -0.025543212890625
0.102432250976563 -0.0318603515625 0.10791015625 -0.0145797729492188
0.0742645263671875 -0.0665664672851563 0.0914840698242187 -0.0122451782226563
0.0306625366210937 -0.0772933959960938 0.0589981079101563 -0.00249481201171875
-0.0153045654296875 -0.0779190063476562 0.0371971130371094 0.0157585144042969
-0.0277595520019531 -0.0581779479980469 0.0462074279785156 0.0479545593261719
-0.0216598510742188 -0.0549468994140625 0.0475540161132813 0.0789108276367188
-0.0281867980957031 -0.0643119812011719 0.03271484375 0.109565734863281
-0.015045166015625 -0.0782394409179688 -0.0110702514648437 0.123542785644531
0.0257492065429688 -0.082550048828125 -0.041229248046875 0.111732482910156
0.0582809448242187 -0.0767440795898438 -0.055267333984375 0.0654945373535156
0.0996780395507813 -0.0306472778320313 -0.0423011779785156 0.0246315002441406
0.119270324707031 -0.00186920166015625 0.0411415100097656 0.0185279846191406
0.107818603515625 0.0164642333984375 0.105056762695313 0.0972213745117188
0.0433502197265625 0.0100593566894531 0.146881103515625 -0.08001708984375
0.0709304809570313 -0.00254058837890625 0.150360107421875 -0.0408935546875
0.0586700439453125 -0.0227699279785156 0.0976486206054688 -0.0201034545898438
0.0351829528808594 -0.0427436828613281 0.0840682983398438 -0.0034027099609375
0.00513076782226563 -0.0445213317871094 0.0633583068847656 0.0105056762695312
-0.0222053527832031 -0.0336818695068359 0.052459716796875 0.032470703125
-0.0175609588623047 -0.0168609619140625 0.0645370483398438 0.0599594116210937
-0.0118265151977539 -0.0163774490356445 0.0621185302734375 0.0882568359375
-0.0168285369873047 -0.0244693756103516 0.0403976440429688 0.122444152832031
-0.0115585327148438 -0.0374221801757813 -0.0101852416992187 0.137977600097656
0.0156326293945313 -0.0465431213378906 -0.0441741943359375 0.120964050292969
0.0390396118164063 -0.0442886352539062 -0.0575485229492188 0.0732345581054687
0.066497802734375 -0.00966644287109375 -0.0373573303222656 0.0275764465332031
0.0714340209960938 0.01055908203125 0.0567855834960938 0.0237159729003906
0.0538063049316406 0.02166748046875 0.129875183105469 0.108238220214844
0.0210971832275391 0.00914382934570313 -0.135185241699219 -0.0857620239257812
-0.00393867492675781 -0.0118980407714844 -0.0448951721191406 -0.0237693786621094
-0.0118703842163086 0.00573825836181641 0.0518226623535156 -0.0248489379882812
0.00252628326416016 0.0103597640991211 0.0818634033203125 -0.0904159545898438
0.0105199813842773 0.000604629516601562 0.0565338134765625 -0.132789611816406
0.007965087890625 -0.00951957702636719 -0.00335693359375 -0.161102294921875
-0.00461196899414063 -0.0244941711425781 -0.0575408935546875 -0.135574340820312
-0.0028839111328125 -0.0218639373779297 -0.0761032104492188 -0.082000732421875
0.00197410583496094 -0.0198402404785156 -0.08380126953125 -0.0465316772460938
0.00958061218261719 -0.0177631378173828 -0.0822525024414063 -0.0311737060546875
0.0140380859375 -0.00549221038818359 -0.086700439453125 -0.000473022460937513
0.00381278991699219 0.0138149261474609 -0.0874176025390625 0.0101852416992188
-0.0191936492919922 0.00603866577148437 -0.113838195800781 0.01641845703125
-0.0148897171020508 -0.013026237487793 -0.145553588867188 0.0629119873046875
0.00156521797180176 -0.000966787338256836 -0.15380859375 0.0920867919921875
0.0882110595703125 0.0130462646484375 -0.11083984375 -0.0839691162109375
0.0631942749023438 -0.0132293701171875 -0.0184268951416016 -0.0210628509521484
0.0439567565917969 -0.00719070434570313 0.0683097839355469 -0.0259246826171875
0.0454444885253906 -0.0195236206054688 0.0932083129882812 -0.0901336669921875
0.0354843139648438 -0.0360336303710938 0.0617218017578125 -0.127914428710938
0.0116233825683594 -0.0540008544921875 -0.00178527832031251 -0.152374267578125
-0.0179786682128906 -0.064178466796875 -0.052459716796875 -0.120346069335938
-0.0177841186523437 -0.0617141723632813 -0.0690765380859375 -0.0647544860839844
-0.0188522338867188 -0.0631256103515625 -0.0780792236328125 -0.025848388671875
-0.00449371337890625 -0.065643310546875 -0.0847930908203125 -0.0114974975585937
0.0206756591796875 -0.053741455078125 -0.0887222290039063 0.0159912109375
0.0274753570556641 -0.0315685272216797 -0.088653564453125 0.0187301635742188
0.0246868133544922 -0.0181827545166016 -0.1058349609375 0.029449462890625
0.0415420532226562 -0.027374267578125 -0.127151489257812 0.0704498291015625
0.0630531311035156 -0.0122337341308594 -0.132637023925781 0.0996856689453125
0.142730712890625 0.018280029296875 -0.0661697387695313 -0.0796966552734375
0.123245239257813 -0.0106201171875 0.0231647491455078 -0.01513671875
0.0979461669921875 -0.0182723999023438 0.0893325805664063 -0.02117919921875
0.086090087890625 -0.0464935302734375 0.106193542480469 -0.0831375122070313
0.0581779479980469 -0.0691986083984375 0.0664291381835938 -0.113929748535156
0.0137710571289063 -0.0941925048828125 0.00139617919921875 -0.130317687988281
-0.0282974243164063 -0.097412109375 -0.0389785766601562 -0.0925445556640625
-0.0294570922851563 -0.091094970703125 -0.0510787963867188 -0.0357131958007813
-0.0371856689453125 -0.094696044921875 -0.0600547790527344 0.00124740600585938
-0.0195236206054688 -0.102180480957031 -0.0753860473632813 0.0167617797851562
0.0196609497070313 -0.0947723388671875 -0.0830078125 0.0381698608398437
0.041015625 -0.0750961303710938 -0.0850906372070312 0.0318145751953125
0.0617027282714844 -0.0463523864746094 -0.0985107421875 0.0383377075195313
0.09173583984375 -0.04278564453125 -0.0987472534179688 0.0678176879882813
0.114944458007813 -0.0227508544921875 -0.09320068359375 0.100204467773438
0.17633056640625 0.0186309814453125 -0.00808715820312499 -0.073516845703125
0.163711547851563 -0.0110931396484375 0.070587158203125 -0.00801849365234375
0.137931823730469 -0.0295181274414063 0.107933044433594 -0.014404296875
0.114845275878906 -0.0716171264648438 0.114677429199219 -0.0687713623046875
0.0701141357421875 -0.0966873168945313 0.0667877197265625 -0.0898056030273438
0.0105209350585938 -0.120025634765625 0.00546264648437499 -0.0963973999023438
-0.035186767578125 -0.112625122070313 -0.0206336975097656 -0.0552444458007813
-0.0373687744140625 -0.104461669921875 -0.0249042510986328 -0.00278091430664063
-0.0496292114257812 -0.11126708984375 -0.0333843231201172 0.0337333679199219
-0.0323715209960937 -0.124404907226562 -0.0591316223144531 0.0481986999511719
0.0159072875976562 -0.1219482421875 -0.0708236694335938 0.0641021728515625
0.047149658203125 -0.107894897460937 -0.0780258178710937 0.0451431274414063
0.09033203125 -0.0697097778320313 -0.0868682861328125 0.0413589477539062
0.129829406738281 -0.054656982421875 -0.0655899047851562 0.0549812316894531
0.14996337890625 -0.025177001953125 -0.0419540405273437 0.09771728515625
0.17962646484375 0.0144805908203125 0.0496368408203125 -0.0707473754882813
0.1781005859375 -0.0141754150390625 0.112808227539063 -0.00785064697265625
0.152069091796875 -0.03875732421875 0.120201110839844 -0.0106124877929688
0.120773315429688 -0.0876617431640625 0.114456176757813 -0.051055908203125
0.0679092407226563 -0.110244750976563 0.0654945373535156 -0.0595512390136719
0.00115966796875 -0.127777099609375 0.0129356384277344 -0.0546493530273438
-0.0400466918945313 -0.111335754394531 0.0029611587524414 -0.0144186019897461
-0.0394134521484375 -0.104415893554688 0.00381851196289062 0.0316944122314453
-0.052703857421875 -0.111740112304687 -0.00313186645507813 0.0637779235839844
-0.0373992919921875 -0.126838684082031 -0.034881591796875 0.080352783203125
0.0148696899414062 -0.130416870117188 -0.0544815063476562 0.087554931640625
0.0530853271484375 -0.122299194335938 -0.0691184997558594 0.0582389831542969
0.111137390136719 -0.0781707763671875 -0.072509765625 0.0384368896484375
0.1524658203125 -0.050537109375 -0.0277366638183594 0.0363922119140625
0.163955688476563 -0.020751953125 0.01629638671875 0.0945663452148438
0.155075073242187 0.0084686279296875 0.0988616943359375 -0.0746078491210938
0.163253784179688 -0.01776123046875 0.144821166992188 -0.017669677734375
0.140029907226563 -0.0433349609375 0.122581481933594 -0.0133895874023438
0.10638427734375 -0.089599609375 0.108489990234375 -0.0325927734375
0.05023193359375 -0.106620788574219 0.0644264221191406 -0.0291175842285156
-0.0111312866210937 -0.112716674804687 0.0264549255371094 -0.0148639678955078
-0.0394363403320312 -0.0917816162109375 0.0285129547119141 0.0226497650146484
-0.0357666015625 -0.0865936279296875 0.0323524475097656 0.059783935546875
-0.0463409423828125 -0.093902587890625 0.0230484008789063 0.0929183959960938
-0.0315628051757812 -0.110969543457031 -0.0157546997070312 0.109992980957031
0.0186996459960938 -0.117843627929687 -0.0425567626953125 0.107292175292969
0.0571975708007813 -0.112205505371094 -0.0613174438476563 0.0664443969726562
0.116386413574219 -0.065277099609375 -0.0581817626953125 0.0326728820800781
0.151123046875 -0.0354156494140625 0.0118408203125 0.0226631164550781
0.150970458984375 -0.007537841796875 0.0721206665039063 0.0947036743164063
0.108047485351563 0.00518798828125 0.134910583496094 -0.0835037231445312
0.124656677246094 -0.01641845703125 0.159133911132813 -0.033477783203125
0.106132507324219 -0.0408554077148438 0.116729736328125 -0.0189361572265625
0.0726318359375 -0.0758819580078125 0.0997390747070313 -0.01629638671875
0.025787353515625 -0.083648681640625 0.06622314453125 -0.00437164306640625
-0.0224227905273438 -0.078338623046875 0.0430908203125 0.0168724060058594
-0.0333366394042969 -0.0577316284179688 0.0532913208007812 0.0476875305175781
-0.027252197265625 -0.0545387268066406 0.054931640625 0.0798263549804688
-0.0348014831542969 -0.0625801086425781 0.0416641235351563 0.114814758300781
-0.0215072631835938 -0.077880859375 -0.00522613525390626 0.132781982421875
0.0187606811523438 -0.0885238647460938 -0.0375747680664063 0.122291564941406
0.054107666015625 -0.0861740112304688 -0.0578842163085938 0.0753936767578125
0.102935791015625 -0.0392227172851562 -0.0438117980957031 0.0292854309082031
0.124542236328125 -0.0126190185546875 0.0431556701660156 0.0173492431640625
0.11346435546875 0.008880615234375 0.116905212402344 0.100837707519531
0.045989990234375 0.00580596923828125 0.151596069335938 -0.0961456298828125
0.0734939575195313 -0.0087738037109375 0.157943725585938 -0.051513671875
0.0599403381347656 -0.0297966003417969 0.104660034179688 -0.0250473022460938
0.0339431762695313 -0.0487289428710938 0.0929718017578125 -0.0077056884765625
7.24792480468702E-05 -0.046966552734375 0.0706787109375 0.00737762451171875
-0.0268974304199219 -0.0320148468017578 0.0603981018066406 0.0311775207519531
-0.0199451446533203 -0.0144081115722656 0.0731582641601563 0.0576248168945313
-0.0134258270263672 -0.0144586563110352 0.069854736328125 0.0880584716796875
-0.0191020965576172 -0.0219268798828125 0.0493011474609375 0.126823425292969
-0.0157794952392578 -0.0351238250732422 -0.00418090820312501 0.1470947265625
0.0106430053710938 -0.0483436584472656 -0.0405120849609375 0.131492614746094
0.0361175537109375 -0.0489883422851563 -0.0576858520507813 0.0818405151367188
0.0688056945800781 -0.01483154296875 -0.03961181640625 0.0311012268066406
0.0745010375976562 0.00469970703125 0.0598487854003906 0.02191162109375
0.0557632446289063 0.0176429748535156 0.142181396484375 0.109390258789063
0.0240554809570313 0.0103416442871094 -0.144393920898438 -0.0785980224609375
-0.00363445281982422 -0.00986385345458984 -0.0459213256835938 -0.0174636840820313
-0.01080322265625 0.00572776794433593 0.0548934936523437 -0.03118896484375
0.00406074523925781 0.00783634185791016 0.0791244506835938 -0.100471496582031
0.0111570358276367 -0.00179100036621094 0.0466766357421875 -0.14373779296875
0.00774765014648438 -0.0127992630004883 -0.01788330078125 -0.1658935546875
-0.00846290588378906 -0.0276851654052734 -0.0728607177734375 -0.133987426757813
-0.00462913513183594 -0.0269088745117188 -0.0845947265625 -0.0763397216796875
0.000408172607421874 -0.0243415832519531 -0.0911636352539062 -0.0369873046875
0.01129150390625 -0.0222816467285156 -0.0904998779296875 -0.021942138671875
0.0161190032958984 -0.00769996643066406 -0.0922622680664063 0.00704193115234374
0.00793170928955078 0.014643669128418 -0.0952682495117188 0.0182571411132813
-0.0185070037841797 0.00968551635742188 -0.11895751953125 0.0277557373046875
-0.0165777206420898 -0.01019287109375 -0.1470947265625 0.07708740234375
0.00370240211486816 0.00127339363098145 -0.149139404296875 0.110244750976563
0.0952987670898438 0.008331298828125 -0.119606018066406 -0.078155517578125
0.0648918151855469 -0.0186271667480469 -0.0165634155273437 -0.0196781158447266
0.0461883544921875 -0.0117340087890625 0.0726089477539063 -0.031494140625
0.0450363159179688 -0.0232048034667969 0.0905532836914063 -0.100814819335937
0.0321578979492188 -0.0421562194824219 0.0527496337890625 -0.138298034667969
0.006103515625 -0.0605049133300781 -0.0145721435546875 -0.1566162109375
-0.0256385803222656 -0.068450927734375 -0.0637283325195313 -0.117424011230469
-0.0247077941894531 -0.0645179748535156 -0.0761337280273438 -0.05816650390625
-0.0235328674316406 -0.0657196044921875 -0.0824127197265625 -0.0165481567382812
-0.00826644897460937 -0.0699844360351563 -0.0915603637695313 -0.000823974609374986
0.0188789367675781 -0.0584869384765625 -0.0948715209960938 0.025115966796875
0.0273284912109375 -0.0342330932617188 -0.092620849609375 0.0276565551757812
0.0254344940185547 -0.0190925598144531 -0.108650207519531 0.040252685546875
0.0405502319335938 -0.0292625427246094 -0.124221801757813 0.0844650268554688
0.0658683776855469 -0.0150489807128906 -0.12738037109375 0.118736267089844
0.153350830078125 0.0075836181640625 -0.0747299194335937 -0.0783538818359375
0.127716064453125 -0.0250015258789062 0.0273284912109375 -0.0157890319824219
0.0989837646484375 -0.027313232421875 0.095001220703125 -0.0262908935546875
0.0853042602539063 -0.0558013916015625 0.107353210449219 -0.0951614379882813
0.0539932250976562 -0.0782852172851563 0.0600814819335938 -0.121009826660156
0.00480651855468749 -0.0987701416015625 -0.00875091552734374 -0.132431030273438
-0.038116455078125 -0.0984649658203125 -0.0472869873046875 -0.090728759765625
-0.0397415161132813 -0.0916366577148437 -0.0534629821777344 -0.0289421081542969
-0.0469741821289063 -0.0956497192382813 -0.0627670288085938 0.0122032165527344
-0.0299301147460937 -0.105049133300781 -0.0780105590820313 0.0278167724609375
0.0113449096679688 -0.099609375 -0.0841293334960937 0.051727294921875
0.0354995727539062 -0.0829696655273438 -0.0882492065429688 0.0436935424804688
0.0624923706054688 -0.0501327514648438 -0.0990447998046875 0.0475234985351563
0.0907363891601563 -0.0517349243164063 -0.0961837768554688 0.0811996459960938
0.114547729492188 -0.03106689453125 -0.0864791870117188 0.119010925292969
0.182968139648438 0.0040435791015625 -0.0115280151367187 -0.0752334594726563
0.16595458984375 -0.0260009765625 0.0760879516601563 -0.0115432739257813
0.141006469726563 -0.043914794921875 0.116744995117188 -0.0188751220703125
0.112335205078125 -0.0850448608398438 0.115814208984375 -0.0801315307617188
0.0650711059570312 -0.10955810546875 0.0655593872070313 -0.0972061157226563
8.39233398437393E-05 -0.124290466308594 0.000907897949218748 -0.095001220703125
-0.0460052490234375 -0.114494323730469 -0.0271682739257812 -0.0510520935058594
-0.0473251342773438 -0.106491088867188 -0.0228672027587891 0.0014209747314453
-0.0606460571289063 -0.112419128417969 -0.0329017639160156 0.0420417785644531
-0.045166015625 -0.124961853027344 -0.0562210083007813 0.0614433288574219
0.00355529785156249 -0.128128051757813 -0.0689849853515625 0.0762710571289062
0.0405197143554688 -0.117576599121094 -0.0800933837890625 0.0569534301757812
0.0898513793945313 -0.0780792236328125 -0.088531494140625 0.052581787109375
0.128097534179688 -0.0648040771484375 -0.0634727478027344 0.0669975280761719
0.150466918945313 -0.04144287109375 -0.0353469848632813 0.111747741699219
0.184188842773438 -0.0022125244140625 0.0465087890625 -0.0778045654296875
0.179153442382812 -0.0308837890625 0.119834899902344 -0.0161590576171875
0.153762817382813 -0.052459716796875 0.127677917480469 -0.0165863037109375
0.116233825683594 -0.100143432617188 0.119636535644531 -0.0619430541992188
0.0581512451171875 -0.119224548339844 0.0661888122558594 -0.0668869018554688
-0.00944519042968751 -0.12982177734375 0.0115432739257812 -0.0553131103515625
-0.0508956909179687 -0.111473083496094 0.00414085388183593 -0.0125923156738281
-0.0500717163085938 -0.102783203125 0.007049560546875 0.0349159240722656
-0.0634765625 -0.109588623046875 0.002349853515625 0.0699234008789063
-0.0495681762695313 -0.12628173828125 -0.0295639038085938 0.091278076171875
0.00214385986328125 -0.134635925292969 -0.0496292114257813 0.097900390625
0.041961669921875 -0.130828857421875 -0.0694618225097656 0.0676651000976563
0.106376647949219 -0.0890731811523437 -0.0724868774414063 0.0481033325195312
0.151412963867188 -0.0670166015625 -0.0268669128417969 0.0429306030273437
0.165573120117188 -0.036468505859375 0.0259780883789063 0.102035522460938
0.160446166992188 -0.0048370361328125 0.0975265502929688 -0.0859146118164063
0.164581298828125 -0.03436279296875 0.147796630859375 -0.02655029296875
0.141357421875 -0.0556182861328125 0.13067626953125 -0.0215225219726563
0.0987167358398437 -0.101028442382812 0.113906860351563 -0.0434341430664063
0.0411453247070312 -0.112930297851563 0.0681991577148438 -0.0350112915039063
-0.0221633911132812 -0.113517761230469 0.0309467315673828 -0.014404296875
-0.0493545532226562 -0.0889739990234375 0.0330162048339844 0.0228614807128906
-0.0453338623046875 -0.0826263427734375 0.0381240844726562 0.0597953796386719
-0.0547561645507812 -0.092041015625 0.032379150390625 0.0965118408203125
-0.043243408203125 -0.107963562011719 -0.00756835937500001 0.118743896484375
0.00540924072265626 -0.123313903808594 -0.0354080200195312 0.118209838867187
0.0486984252929688 -0.123275756835937 -0.0589981079101562 0.0760040283203125
0.115188598632813 -0.0772018432617188 -0.0567207336425781 0.0402183532714844
0.151123046875 -0.0495147705078125 0.0111465454101563 0.0262546539306641
0.15521240234375 -0.0219573974609375 0.082489013671875 0.0976791381835938
0.10858154296875 -0.00614166259765625 0.133354187011719 -0.10076904296875
0.126152038574219 -0.029693603515625 0.164154052734375 -0.046630859375
0.105751037597656 -0.0504531860351562 0.121009826660156 -0.0278778076171875
0.0677108764648438 -0.0855026245117188 0.105384826660156 -0.02557373046875
0.0186767578125 -0.0895462036132813 0.0705795288085938 -0.00936126708984376
-0.02960205078125 -0.0741653442382813 0.0496025085449219 0.0133056640625
-0.040283203125 -0.0552253723144531 0.0591049194335938 0.045013427734375
-0.0323333740234375 -0.0484809875488281 0.0651473999023438 0.0770034790039063
-0.0398826599121094 -0.0580024719238281 0.0500717163085938 0.117202758789063
-0.0311050415039063 -0.0762405395507813 0.00511169433593749 0.138656616210938
0.00872802734375001 -0.09173583984375 -0.0296859741210938 0.132972717285156
0.0460281372070313 -0.0920944213867188 -0.0561599731445313 0.0811767578125
0.102020263671875 -0.0500411987304688 -0.0443649291992187 0.0337104797363281
0.124298095703125 -0.0262069702148438 0.0465087890625 0.0156936645507813
0.116020202636719 -0.000274658203125 0.130455017089844 0.0967941284179688
0.0457305908203125 0.000438690185546875 0.147933959960938 -0.1153564453125
0.0719757080078125 -0.019500732421875 0.157928466796875 -0.066375732421875
0.0594100952148438 -0.0362510681152344 0.109344482421875 -0.0307998657226563
0.0295524597167969 -0.0547256469726562 0.0984878540039063 -0.015594482421875
-0.00568008422851563 -0.0469512939453125 0.0772018432617188 0.000358581542968747
-0.0315628051757813 -0.0263118743896484 0.0678825378417969 0.0268669128417969
-0.0215930938720703 -0.00952911376953125 0.0812149047851562 0.0491790771484375
-0.0154495239257812 -0.0122013092041016 0.0799331665039063 0.0821533203125
-0.0214920043945313 -0.0178298950195312 0.06085205078125 0.127494812011719
-0.0196514129638672 -0.0309276580810547 0.00946044921874999 0.154388427734375
0.00537490844726563 -0.0500679016113281 -0.0301513671875 0.141387939453125
0.0313606262207031 -0.0526809692382812 -0.0535888671875 0.0924606323242188
0.0678215026855469 -0.0209388732910156 -0.04083251953125 0.0352592468261719
0.0760040283203125 -0.0039825439453125 0.0609207153320313 0.0165481567382813
0.0577507019042969 0.0104827880859375 0.1563720703125 0.103485107421875
0.0283584594726563 0.011322021484375 -0.151412963867188 -0.0696868896484375
-0.00198078155517578 -0.00938320159912109 -0.044525146484375 -0.0143318176269531
-0.00799083709716797 0.00735664367675781 0.0556373596191406 -0.0356941223144531
0.00680923461914063 0.00758647918701172 0.072540283203125 -0.107795715332031
0.0117940902709961 -0.00492763519287109 0.0360565185546875 -0.148666381835937
0.00672721862792969 -0.0182323455810547 -0.032073974609375 -0.164703369140625
-0.012481689453125 -0.0305995941162109 -0.0828018188476563 -0.126869201660156
-0.00937271118164062 -0.0295581817626953 -0.0899276733398437 -0.0683517456054688
-0.0020904541015625 -0.0294857025146484 -0.0951080322265625 -0.0267257690429688
0.00859260559082032 -0.0258026123046875 -0.0953521728515625 -0.0118255615234375
0.0176525115966797 -0.0108699798583984 -0.0970687866210938 0.0175704956054688
0.012516975402832 0.0136556625366211 -0.0962600708007813 0.02557373046875
-0.0168876647949219 0.0134029388427734 -0.121223449707031 0.035430908203125
-0.0167407989501953 -0.00491905212402344 -0.139923095703125 0.08819580078125
0.00447416305541992 0.00466537475585938 -0.138427734375 0.126472473144531
0.0983734130859375 0.00274658203125 -0.123847961425781 -0.07025146484375
0.0644149780273438 -0.0235443115234375 -0.0146064758300781 -0.01739501953125
0.0468101501464844 -0.0148239135742188 0.0737075805664063 -0.0371551513671875
0.0447235107421875 -0.029693603515625 0.0857925415039063 -0.109291076660156
0.0299758911132812 -0.0468215942382812 0.0442047119140625 -0.1422119140625
0.00181198120117188 -0.0633163452148438 -0.02685546875 -0.1531982421875
-0.0326957702636719 -0.0687713623046875 -0.072265625 -0.111534118652344
-0.0325965881347656 -0.0654182434082031 -0.07861328125 -0.0496673583984375
-0.0308647155761719 -0.0676460266113281 -0.0839691162109375 -0.00476074218749999
-0.0136947631835937 -0.071136474609375 -0.0927505493164063 0.0109481811523438
0.0155143737792969 -0.0615348815917969 -0.095123291015625 0.0368728637695313
0.0279579162597656 -0.0371971130371094 -0.0936203002929688 0.035736083984375
0.0260391235351562 -0.0179996490478516 -0.109123229980469 0.0487289428710937
0.038604736328125 -0.028350830078125 -0.118919372558594 0.0952987670898437
0.0641975402832031 -0.01702880859375 -0.114982604980469 0.134086608886719
0.153884887695313 -0.00421142578125 -0.0764846801757812 -0.0731430053710938
0.124870300292969 -0.0345687866210938 0.0296745300292969 -0.0158557891845703
0.100372314453125 -0.0364761352539063 0.0991439819335938 -0.0348281860351563
0.0807723999023438 -0.0654296875 0.101188659667969 -0.103424072265625
0.046356201171875 -0.0842742919921875 0.0519943237304687 -0.12750244140625
-0.00269317626953126 -0.1016845703125 -0.0177841186523438 -0.128623962402344
-0.0467071533203125 -0.097076416015625 -0.0527801513671875 -0.0846710205078125
-0.0488128662109375 -0.09088134765625 -0.0534706115722656 -0.0232925415039063
-0.056488037109375 -0.0943756103515625 -0.0602951049804688 0.0209541320800781
-0.0378952026367187 -0.10516357421875 -0.0780258178710938 0.0408935546875
0.00440979003906249 -0.1019287109375 -0.0840530395507813 0.061981201171875
0.0323562622070312 -0.0849838256835938 -0.0887069702148437 0.0524063110351563
0.0593223571777344 -0.0547981262207031 -0.0977325439453125 0.0573577880859375
0.0865936279296875 -0.0545730590820313 -0.0896072387695313 0.0903701782226563
0.112930297851562 -0.0395126342773438 -0.0747909545898438 0.13031005859375
0.184799194335938 -0.0102691650390625 -0.0166778564453125 -0.0748214721679688
0.164169311523438 -0.0420989990234375 0.079620361328125 -0.0150985717773438
0.138671875 -0.0538711547851563 0.119224548339844 -0.0298538208007813
0.104156494140625 -0.0946731567382813 0.113029479980469 -0.088653564453125
0.0540847778320312 -0.112884521484375 0.0580825805664063 -0.102043151855469
-0.00978851318359375 -0.125205993652344 -0.00612640380859376 -0.0935134887695313
-0.0563278198242188 -0.109458923339844 -0.0257568359375 -0.049041748046875
-0.0582733154296875 -0.101806640625 -0.0216445922851563 0.006195068359375
-0.0709609985351563 -0.105857849121094 -0.0274162292480469 0.049224853515625
-0.0568618774414063 -0.119773864746094 -0.0532379150390625 0.070831298828125
-0.00627899169921875 -0.128593444824219 -0.0652694702148437 0.0876922607421875
0.0304412841796875 -0.119697570800781 -0.0786819458007813 0.0670547485351562
0.0833282470703125 -0.0860443115234375 -0.0856170654296875 0.0601119995117187
0.122940063476563 -0.07666015625 -0.0567245483398438 0.0726547241210938
0.147918701171875 -0.0508270263671875 -0.0224227905273437 0.119636535644531
0.184783935546875 -0.0169830322265625 0.0420989990234375 -0.0824813842773437
0.175247192382813 -0.0484466552734375 0.122657775878906 -0.023193359375
0.151611328125 -0.06597900390625 0.133316040039063 -0.0267715454101563
0.107894897460938 -0.113082885742187 0.117774963378906 -0.06976318359375
0.0471420288085937 -0.124839782714844 0.06378173828125 -0.0699882507324219
-0.02142333984375 -0.128440856933594 0.011016845703125 -0.0535125732421875
-0.060943603515625 -0.105361938476563 0.00485515594482422 -0.0114774703979492
-0.0602951049804688 -0.0979843139648438 0.0131072998046875 0.035003662109375
-0.0731735229492188 -0.102462768554688 0.00846862792968749 0.0746917724609375
-0.0611801147460937 -0.119155883789063 -0.0218658447265625 0.0982818603515625
-0.0110626220703125 -0.134674072265625 -0.0440826416015625 0.108268737792969
0.0301742553710937 -0.1348876953125 -0.0658798217773438 0.0776290893554687
0.100433349609375 -0.0991134643554688 -0.0706710815429688 0.0546417236328125
0.1441650390625 -0.0795440673828125 -0.021240234375 0.0475730895996094
0.16107177734375 -0.051361083984375 0.0362548828125 0.105857849121094
0.157485961914062 -0.019989013671875 0.091400146484375 -0.0956497192382813
0.158309936523437 -0.049163818359375 0.150054931640625 -0.038238525390625
0.136184692382813 -0.0692138671875 0.135261535644531 -0.0287017822265625
0.0906600952148438 -0.110466003417969 0.116287231445312 -0.0495529174804688
0.0295562744140625 -0.116378784179688 0.0687980651855469 -0.0390434265136719
-0.0318222045898438 -0.10858154296875 0.0320549011230469 -0.0154857635498047
-0.055999755859375 -0.0828399658203125 0.0365219116210938 0.0195655822753906
-0.05267333984375 -0.0785369873046875 0.0456428527832031 0.0586051940917969
-0.062774658203125 -0.0831451416015625 0.03985595703125 0.0970230102539063
-0.0533447265625 -0.101661682128906 0.00172424316406251 0.123245239257813
-0.0065155029296875 -0.121604919433594 -0.0263290405273437 0.125495910644531
0.035369873046875 -0.125869750976563 -0.0552749633789063 0.0848236083984375
0.106094360351562 -0.0885086059570312 -0.0546531677246094 0.0459556579589844
0.144012451171875 -0.0655364990234375 0.0154190063476563 0.0254573822021484
0.148727416992188 -0.0357208251953125 0.0923995971679688 0.0960845947265625
0.107444763183594 -0.0175399780273438 0.123214721679688 -0.1114501953125
0.119804382324219 -0.0433731079101563 0.16015625 -0.0580902099609375
0.102210998535156 -0.0608978271484375 0.124786376953125 -0.0329818725585938
0.0586929321289063 -0.0913314819335938 0.108360290527344 -0.0326995849609375
0.00679016113281249 -0.0882720947265625 0.073516845703125 -0.0169219970703125
-0.0387229919433594 -0.0694503784179687 0.0538368225097656 0.0100822448730469
-0.0443687438964844 -0.0477027893066406 0.064971923828125 0.0385971069335938
-0.0358734130859375 -0.0459213256835938 0.0713348388671875 0.0709457397460938
-0.0438613891601563 -0.0513191223144531 0.0613479614257813 0.115104675292969
-0.0382804870605469 -0.0686073303222656 0.0165557861328125 0.142181396484375
-0.000541687011718759 -0.090118408203125 -0.0192413330078125 0.138481140136719
0.0361328125 -0.096343994140625 -0.0484771728515625 0.0900802612304688
0.0954666137695312 -0.0601119995117187 -0.0447807312011719 0.0398521423339844
0.120155334472656 -0.0388031005859375 0.044891357421875 0.0139923095703125
0.113456726074219 -0.0154495239257813 0.137115478515625 0.0923690795898437
0.0448684692382812 -0.00790023803710937 0.137214660644531 -0.128120422363281
0.0685195922851563 -0.02764892578125 0.154510498046875 -0.0786895751953125
0.0548515319824219 -0.0434112548828125 0.110580444335937 -0.0388946533203125
0.0210037231445313 -0.0575752258300781 0.102142333984375 -0.0229034423828125
-0.0146141052246094 -0.0468025207519531 0.0809707641601562 -0.00627899169921875
-0.0355796813964844 -0.0189323425292969 0.0731201171875 0.0194625854492187
-0.0223121643066406 -0.00483894348144531 0.0853729248046875 0.0425262451171875
-0.0153913497924805 -0.00752067565917969 0.0862503051757813 0.0740203857421875
-0.0202522277832031 -0.0114555358886719 0.070709228515625 0.122886657714844
-0.0230770111083984 -0.0255966186523438 0.0196533203125 0.153366088867187
-0.00269317626953125 -0.0474052429199219 -0.0216064453125 0.145233154296875
0.0236587524414063 -0.054779052734375 -0.0483016967773438 0.096221923828125
0.0638580322265625 -0.0288543701171875 -0.0403099060058594 0.0392608642578125
0.0703277587890625 -0.0128021240234375 0.0602226257324219 0.0126762390136719
0.05474853515625 0.00300216674804688 0.163482666015625 0.09466552734375
0.0331878662109375 0.0119476318359375 -0.150802612304688 -0.0625762939453125
0.000841140747070312 -0.0080571174621582 -0.0409317016601563 -0.01220703125
-0.00405168533325195 0.00710391998291016 0.0557975769042969 -0.0389785766601563
0.00909423828125 0.00500202178955078 0.0671844482421875 -0.111549377441406
0.0120077133178711 -0.0085601806640625 0.0266876220703125 -0.148910522460938
0.00466728210449218 -0.0231723785400391 -0.04095458984375 -0.160720825195312
-0.016448974609375 -0.0323276519775391 -0.088287353515625 -0.119529724121094
-0.0133228302001953 -0.0320034027099609 -0.0912322998046875 -0.0603713989257813
-0.00624656677246093 -0.0332756042480469 -0.0938949584960938 -0.0181503295898438
0.00780677795410156 -0.0302219390869141 -0.0961456298828125 -0.00285339355468749
0.0186347961425781 -0.01409912109375 -0.0966262817382812 0.0249481201171875
0.0162105560302734 0.0108823776245117 -0.0969314575195312 0.031341552734375
-0.0131702423095703 0.0178489685058594 -0.12054443359375 0.0403594970703125
-0.0161037445068359 0.00073719024658203 -0.133842468261719 0.094146728515625
0.00765848159790039 0.00812578201293945 -0.127288818359375 0.135658264160156
0.100875854492188 -0.00095367431640625 -0.123649597167969 -0.0645980834960938
0.0645637512207031 -0.0273284912109375 -0.0106382369995117 -0.0153779983520508
0.0485420227050781 -0.0192489624023438 0.0748748779296875 -0.0409698486328125
0.0433387756347656 -0.0341339111328125 0.0804443359375 -0.112800598144531
0.0273590087890625 -0.0495567321777344 0.036590576171875 -0.1424560546875
-0.00270843505859376 -0.0658607482910156 -0.03363037109375 -0.147705078125
-0.0382919311523438 -0.0678939819335938 -0.0765533447265625 -0.1036376953125
-0.0380477905273437 -0.0649032592773438 -0.0778732299804688 -0.0416641235351563
-0.0361213684082031 -0.0684585571289063 -0.081146240234375 0.00376129150390625
-0.0169906616210937 -0.0730743408203125 -0.0921783447265625 0.0210494995117188
0.0134620666503906 -0.063140869140625 -0.0934066772460938 0.0462417602539062
0.0288581848144531 -0.03973388671875 -0.0936508178710938 0.0438613891601563
0.0267181396484375 -0.0160408020019531 -0.107963562011719 0.0544052124023438
0.0368194580078125 -0.0264205932617187 -0.110160827636719 0.101646423339844
0.0640449523925781 -0.0179824829101562 -0.102890014648437 0.142807006835938
0.153427124023438 -0.012115478515625 -0.0761260986328125 -0.0682220458984375
0.120452880859375 -0.0417861938476563 0.0334854125976563 -0.0162429809570313
0.0990219116210937 -0.0430068969726562 0.100242614746094 -0.038726806640625
0.075531005859375 -0.0710067749023438 0.0979690551757812 -0.107101440429687
0.0400238037109375 -0.0873641967773438 0.04583740234375 -0.127525329589844
-0.0096893310546875 -0.101936340332031 -0.0227279663085937 -0.12353515625
-0.0540618896484375 -0.0937881469726563 -0.053741455078125 -0.0767364501953125
-0.055450439453125 -0.0876312255859375 -0.0511856079101562 -0.0171928405761719
-0.06103515625 -0.0916748046875 -0.0551948547363281 0.0298233032226562
-0.0430984497070313 -0.102104187011719 -0.074066162109375 0.0506591796875
-0.000152587890624989 -0.101661682128906 -0.0814285278320313 0.0716781616210937
0.0286178588867188 -0.0861892700195313 -0.0873565673828125 0.0597305297851563
0.0568466186523438 -0.0553398132324219 -0.0950775146484375 0.063140869140625
0.081787109375 -0.05712890625 -0.0821075439453125 0.0963592529296875
0.110565185546875 -0.0423660278320313 -0.0628585815429687 0.138526916503906
0.181472778320313 -0.02166748046875 -0.0179824829101562 -0.0739898681640625
0.157379150390625 -0.05126953125 0.0819168090820313 -0.0183029174804688
0.134735107421875 -0.0627899169921875 0.1231689453125 -0.0336990356445313
0.0963668823242188 -0.100990295410156 0.111595153808594 -0.0933761596679688
0.0448532104492188 -0.115066528320313 0.0553665161132813 -0.102699279785156
-0.017913818359375 -0.122184753417969 -0.00670623779296875 -0.0891571044921875
-0.0632476806640625 -0.105522155761719 -0.0248985290527344 -0.043914794921875
-0.0651397705078125 -0.0970535278320312 -0.0178108215332031 0.0103816986083984
-0.0756607055664063 -0.0998916625976563 -0.0210952758789063 0.055145263671875
-0.062286376953125 -0.114982604980469 -0.047271728515625 0.079193115234375
-0.0137863159179688 -0.125289916992188 -0.0601806640625 0.0950927734375
0.0231246948242187 -0.120185852050781 -0.0762939453125 0.0745773315429688
0.0778350830078125 -0.0883560180664063 -0.0819168090820313 0.0653915405273437
0.115692138671875 -0.0807342529296875 -0.0507736206054687 0.0776443481445312
0.141754150390625 -0.058074951171875 -0.01177978515625 0.125198364257813
0.179916381835938 -0.0287017822265625 0.0389022827148438 -0.0838470458984375
0.16650390625 -0.05767822265625 0.123420715332031 -0.0276718139648438
0.145645141601562 -0.07501220703125 0.137115478515625 -0.0317459106445313
0.0981979370117188 -0.117095947265625 0.117103576660156 -0.0752716064453125
0.037841796875 -0.125579833984375 0.06298828125 -0.0724029541015625
-0.0284423828125 -0.123565673828125 0.0126495361328125 -0.050750732421875
-0.0659027099609375 -0.0989913940429688 0.00722980499267578 -0.0101175308227539
-0.0652923583984375 -0.0915985107421875 0.017333984375 0.0356864929199219
-0.077850341796875 -0.0943450927734375 0.0158843994140625 0.078460693359375
-0.0677566528320313 -0.111701965332031 -0.0156478881835938 0.104080200195313
-0.0195770263671875 -0.130836486816406 -0.0371932983398437 0.114570617675781
0.0210723876953125 -0.134231567382813 -0.0624542236328125 0.0844573974609375
0.0919189453125 -0.102439880371094 -0.0673637390136719 0.0601348876953125
0.134559631347656 -0.0871047973632813 -0.0164833068847656 0.051055908203125
0.1541748046875 -0.0594482421875 0.0446243286132813 0.108894348144531
0.152114868164063 -0.03106689453125 0.0851364135742188 -0.09930419921875
0.149444580078125 -0.058441162109375 0.149261474609375 -0.0448455810546875
0.1304931640625 -0.0767974853515625 0.137138366699219 -0.0339279174804688
0.0808258056640625 -0.1138916015625 0.115852355957031 -0.0558853149414063
0.020416259765625 -0.115447998046875 0.0693435668945313 -0.0431480407714844
-0.0377578735351562 -0.101936340332031 0.0349063873291016 -0.0159130096435547
-0.0601272583007813 -0.0763702392578125 0.0395660400390625 0.017578125
-0.0555648803710938 -0.0710678100585937 0.0501861572265625 0.0556259155273437
-0.066070556640625 -0.07525634765625 0.047454833984375 0.0979232788085938
-0.05914306640625 -0.0925827026367188 0.009918212890625 0.126113891601563
-0.0156021118164063 -0.116264343261719 -0.0194320678710938 0.129165649414063
0.0248184204101562 -0.125137329101562 -0.0518264770507813 0.0904083251953125
0.0968475341796875 -0.0932235717773438 -0.0531349182128906 0.0505790710449219
0.135093688964844 -0.0745086669921875 0.0166225433349609 0.0264720916748047
0.142227172851562 -0.0458984375 0.098388671875 0.09503173828125
0.101966857910156 -0.0258255004882813 0.114410400390625 -0.117233276367187
0.111686706542969 -0.0505523681640625 0.15692138671875 -0.0649566650390625
0.0953521728515625 -0.0678176879882812 0.126556396484375 -0.037872314453125
0.04925537109375 -0.093597412109375 0.109268188476562 -0.037841796875
-0.00109100341796875 -0.0858688354492188 0.07659912109375 -0.0215988159179688
-0.0414772033691406 -0.0618782043457031 0.0575065612792969 0.00659942626953125
-0.0452957153320312 -0.0407943725585938 0.0680084228515625 0.03289794921875
-0.0376358032226563 -0.0404052734375 0.0750808715820313 0.0668258666992188
-0.0448760986328125 -0.0447769165039063 0.0680999755859375 0.112220764160156
-0.0415458679199219 -0.0605812072753906 0.0250091552734375 0.142578125
-0.00846862792968749 -0.0850448608398438 -0.0123519897460937 0.139869689941406
0.0269546508789062 -0.0944442749023438 -0.0442276000976562 0.093994140625
0.0874481201171875 -0.0653305053710938 -0.0423927307128906 0.0431022644042969
0.1109619140625 -0.0465316772460937 0.0439224243164063 0.0127143859863281
0.106590270996094 -0.0240249633789063 0.140945434570313 0.0881500244140625
0.041351318359375 -0.0134201049804688 0.125350952148438 -0.135536193847656
0.0620460510253906 -0.0333061218261719 0.148330688476563 -0.0851287841796875
0.0499725341796875 -0.0482101440429688 0.111114501953125 -0.0430374145507813
0.0140190124511719 -0.0587234497070313 0.104141235351563 -0.0292816162109375
-0.020294189453125 -0.0427131652832031 0.0829925537109375 -0.013031005859375
-0.0367202758789062 -0.0115127563476562 0.0764999389648438 0.0127410888671875
-0.0216503143310547 0.000238418579101564 0.0869598388671875 0.0328216552734375
-0.0144081115722656 -0.00310134887695312 0.088348388671875 0.0671463012695312
-0.0190620422363281 -0.00591468811035156 0.0766067504882813 0.1182861328125
-0.0236625671386719 -0.0190238952636719 0.0277557373046875 0.15191650390625
-0.00746536254882813 -0.0429229736328125 -0.012451171875 0.146041870117188
0.0181198120117187 -0.0540351867675781 -0.0433120727539063 0.099945068359375
0.0583343505859375 -0.0321540832519531 -0.0396537780761719 0.0420951843261719
0.0646133422851563 -0.017852783203125 0.057830810546875 0.0099945068359375
0.0510101318359375 -0.00311279296875 0.165435791015625 0.0872344970703125
0.0381278991699219 0.0131111145019531 -0.150009155273438 -0.0609893798828125
0.00402641296386719 -0.00829839706420898 -0.0366859436035156 -0.0118751525878906
-0.000631332397460938 0.00553226470947266 0.0579414367675781 -0.0422630310058594
0.0112695693969727 0.00225162506103516 0.0644149780273437 -0.11492919921875
0.0118618011474609 -0.0119857788085938 0.0224151611328125 -0.149093627929688
0.002349853515625 -0.0270652770996094 -0.0455322265625 -0.157806396484375
-0.0207633972167969 -0.0352363586425781 -0.0910797119140625 -0.114898681640625
-0.0177669525146484 -0.0340423583984375 -0.0912094116210938 -0.05572509765625
-0.00911331176757812 -0.0381622314453125 -0.0923080444335938 -0.011077880859375
0.0074462890625 -0.035186767578125 -0.0973663330078125 0.00431823730468748
0.0208797454833984 -0.0174293518066406 -0.0973663330078125 0.0316162109375
0.0210475921630859 0.00903892517089844 -0.0988540649414063 0.0353164672851562
-0.00907135009765625 0.0209236145019531 -0.122756958007813 0.0441131591796875
-0.0129146575927734 0.00569725036621093 -0.130783081054687 0.0965499877929688
0.0111875534057617 0.0115976333618164 -0.118782043457031 0.140541076660156
0.104011535644531 -0.00311279296875 -0.121810913085938 -0.0623016357421875
0.0655593872070313 -0.029632568359375 -0.00564002990722656 -0.0155277252197266
0.0504035949707031 -0.0220718383789063 0.078125 -0.0442428588867187
0.0429649353027344 -0.03759765625 0.0795516967773438 -0.11578369140625
0.0254898071289062 -0.0527191162109375 0.0325469970703125 -0.142425537109375
-0.00693130493164062 -0.0688018798828125 -0.0367279052734375 -0.144058227539063
-0.0433540344238281 -0.0689926147460938 -0.0766067504882813 -0.0981826782226563
-0.0428810119628906 -0.0652351379394531 -0.0752944946289063 -0.0364532470703125
-0.0403900146484375 -0.070648193359375 -0.0782546997070313 0.0110931396484375
-0.0192794799804687 -0.07568359375 -0.0910568237304688 0.0289077758789062
0.0139694213867188 -0.0654983520507813 -0.0934677124023438 0.0532760620117187
0.0311317443847656 -0.0413093566894531 -0.095306396484375 0.049346923828125
0.0302162170410156 -0.0137691497802734 -0.10821533203125 0.0577163696289062
0.0380668640136719 -0.0227127075195313 -0.105712890625 0.104660034179688
0.0654945373535156 -0.0160980224609375 -0.093231201171875 0.148727416992188
0.153335571289062 -0.015960693359375 -0.0743331909179687 -0.0668716430664063
0.118965148925781 -0.0449371337890625 0.0390243530273438 -0.0167999267578125
0.0987472534179688 -0.0472259521484375 0.104949951171875 -0.0418930053710937
0.0729904174804688 -0.0746002197265625 0.098419189453125 -0.11041259765625
0.0363845825195313 -0.0896682739257813 0.0452804565429688 -0.127677917480469
-0.01373291015625 -0.102676391601563 -0.0224761962890625 -0.119964599609375
-0.0590896606445312 -0.0927200317382813 -0.05267333984375 -0.0724868774414063
-0.0603561401367188 -0.0862960815429688 -0.0477218627929688 -0.0125083923339844
-0.0647659301757813 -0.0909194946289063 -0.0498390197753906 0.0369415283203125
-0.04632568359375 -0.101806640625 -0.0719070434570312 0.0588455200195312
-0.00207519531249999 -0.102943420410156 -0.07977294921875 0.0798110961914062
0.0284652709960937 -0.087249755859375 -0.0869903564453125 0.0663223266601563
0.0576057434082031 -0.0541229248046875 -0.0942230224609375 0.0676498413085938
0.080810546875 -0.0557632446289063 -0.0761032104492188 0.100151062011719
0.109580993652344 -0.042694091796875 -0.0532989501953125 0.1444091796875
0.179931640625 -0.0267486572265625 -0.0171890258789062 -0.0734710693359375
0.153152465820313 -0.0563812255859375 0.0866546630859375 -0.0198822021484375
0.133499145507813 -0.0672149658203125 0.129386901855469 -0.037139892578125
0.0917510986328125 -0.10491943359375 0.113113403320313 -0.0972442626953125
0.039947509765625 -0.116607666015625 0.0553970336914063 -0.103668212890625
-0.02264404296875 -0.121330261230469 -0.00456237792968749 -0.0863189697265625
-0.06744384765625 -0.1026611328125 -0.0223655700683594 -0.041229248046875
-0.0691909790039062 -0.09405517578125 -0.0141706466674805 0.0130796432495117
-0.07830810546875 -0.0971527099609375 -0.0148429870605469 0.0611686706542969
-0.0657882690429688 -0.111778259277344 -0.0426788330078125 0.0869674682617187
-0.0176544189453125 -0.124031066894531 -0.0570220947265625 0.103050231933594
0.019622802734375 -0.120162963867188 -0.074462890625 0.0813674926757813
0.0761260986328125 -0.0887069702148438 -0.0810165405273437 0.0703811645507813
0.111740112304688 -0.0808563232421875 -0.0454864501953125 0.0809860229492188
0.138381958007813 -0.0601882934570313 -0.00299072265624998 0.131324768066406
0.176727294921875 -0.03460693359375 0.0382003784179688 -0.0845184326171875
0.159515380859375 -0.0635528564453125 0.126358032226563 -0.0294113159179688
0.142791748046875 -0.079742431640625 0.142791748046875 -0.03515625
0.09259033203125 -0.119422912597656 0.120246887207031 -0.0786056518554688
0.0315017700195312 -0.125389099121094 0.0647735595703125 -0.0737762451171875
-0.0327682495117188 -0.119659423828125 0.0158233642578125 -0.0490760803222656
-0.0689926147460938 -0.0941619873046875 0.0107755661010742 -0.00879764556884766
-0.0679244995117188 -0.0864791870117188 0.0217628479003906 0.03668212890625
-0.0798797607421875 -0.0892486572265625 0.0217208862304687 0.0826492309570313
-0.0709228515625 -0.106010437011719 -0.0110549926757813 0.11077880859375
-0.02490234375 -0.126754760742188 -0.0331802368164063 0.121208190917969
0.0154571533203125 -0.132553100585938 -0.0604095458984375 0.0904922485351563
0.0879440307617188 -0.104385375976563 -0.0661239624023438 0.0644683837890625
0.128372192382813 -0.0902786254882813 -0.0130424499511719 0.0536117553710937
0.148681640625 -0.063720703125 0.0518112182617188 0.113227844238281
0.146865844726563 -0.0375823974609375 0.0824661254882813 -0.100334167480469
0.142257690429687 -0.0631256103515625 0.150588989257813 -0.0469818115234375
0.126495361328125 -0.0808944702148438 0.142440795898438 -0.036163330078125
0.0740814208984375 -0.116256713867187 0.118972778320312 -0.0595245361328125
0.01409912109375 -0.113319396972656 0.0721893310546875 -0.0458297729492188
-0.0408935546875 -0.0963973999023437 0.0391273498535156 -0.0170440673828125
-0.06121826171875 -0.070343017578125 0.0429153442382812 0.0164566040039062
-0.0568695068359375 -0.065673828125 0.0537681579589844 0.0540924072265625
-0.0657081604003906 -0.0687751770019531 0.0530776977539062 0.100013732910156
-0.0608444213867188 -0.0859603881835937 0.0153579711914062 0.130409240722656
-0.020843505859375 -0.111946105957031 -0.014404296875 0.134666442871094
0.0178298950195313 -0.123489379882813 -0.0485153198242188 0.0953140258789062
0.0908126831054687 -0.095611572265625 -0.0526809692382813 0.0542411804199219
0.128067016601563 -0.0786056518554688 0.0193710327148438 0.0279903411865234
0.13665771484375 -0.0512771606445313 0.10418701171875 0.0967864990234375
0.0977249145507813 -0.0319061279296875 0.109642028808594 -0.119880676269531
0.104904174804688 -0.0548858642578125 0.156112670898438 -0.067291259765625
0.0906524658203125 -0.07159423828125 0.131057739257813 -0.0393295288085938
0.043060302734375 -0.0937881469726562 0.113121032714844 -0.0418167114257813
-0.0068817138671875 -0.0816726684570312 0.0788497924804688 -0.025390625
-0.0432624816894531 -0.0547447204589844 0.061676025390625 0.003814697265625
-0.0441055297851563 -0.0344429016113281 0.0698165893554688 0.0296478271484375
-0.0371742248535156 -0.034515380859375 0.0772857666015625 0.0637359619140625
-0.0431404113769531 -0.0379142761230469 0.072845458984375 0.111854553222656
-0.0421600341796875 -0.0538520812988281 0.0295867919921875 0.14404296875
-0.0131072998046875 -0.080352783203125 -0.00685119628906251 0.143325805664063
0.0201416015625 -0.092437744140625 -0.0418777465820312 0.0985870361328125
0.081573486328125 -0.067535400390625 -0.0424156188964844 0.0460586547851563
0.104270935058594 -0.05084228515625 0.0440101623535156 0.01287841796875
0.100837707519531 -0.0289764404296875 0.144668579101563 0.0885162353515625
0.0369338989257813 -0.0171165466308594 0.117622375488281 -0.139732360839844
0.0564537048339844 -0.0377197265625 0.145538330078125 -0.0865020751953125
0.0456275939941406 -0.051544189453125 0.115150451660156 -0.0447998046875
0.00799942016601563 -0.0585861206054687 0.107879638671875 -0.0333404541015625
-0.0247154235839844 -0.0381507873535156 0.0855941772460938 -0.0182723999023438
-0.0358047485351563 -0.00457763671875 0.07977294921875 0.00699615478515625
-0.0185527801513672 0.00596237182617188 0.0877304077148438 0.0278701782226563
-0.0119094848632813 0.00161266326904297 0.0894927978515625 0.0627059936523438
-0.0160131454467773 -0.00100612640380859 0.0803909301757813 0.115966796875
-0.02288818359375 -0.012542724609375 0.0326385498046875 0.152587890625
-0.0100479125976563 -0.0382080078125 -0.0081329345703125 0.1483154296875
0.0128326416015625 -0.0519752502441406 -0.0414276123046875 0.102706909179688
0.0536994934082031 -0.0338630676269531 -0.0406684875488281 0.044921875
0.058502197265625 -0.0210380554199219 0.0557823181152344 0.00978851318359375
0.0461044311523437 -0.007415771484375 0.167526245117187 0.0858306884765625
0.0462379455566406 0.0145988464355469 -0.153167724609375 -0.061859130859375
0.00839614868164063 -0.00909900665283203 -0.0337409973144531 -0.0130596160888672
0.00342941284179688 0.00351476669311523 0.0623855590820313 -0.0465736389160156
0.0136098861694336 -0.00187969207763672 0.064727783203125 -0.120025634765625
0.0120782852172852 -0.0158576965332031 0.0194244384765625 -0.152740478515625
-0.00078582763671875 -0.0326881408691406 -0.0501708984375 -0.158889770507813
-0.0263481140136719 -0.0388259887695313 -0.0945587158203125 -0.113601684570313
-0.0228424072265625 -0.0387191772460938 -0.091796875 -0.0526885986328125
-0.0143966674804688 -0.0442276000976562 -0.0924606323242188 -0.00619506835937502
0.0063018798828125 -0.0426826477050781 -0.0997390747070313 0.011260986328125
0.0235977172851562 -0.0226268768310547 -0.100975036621094 0.0386734008789063
0.0263137817382813 0.00641632080078125 -0.103309631347656 0.0406417846679687
-0.00353622436523438 0.0243206024169922 -0.127723693847656 0.0484237670898438
-0.00829124450683594 0.0114974975585937 -0.13140869140625 0.100685119628906
0.0164384841918945 0.0155754089355469 -0.113571166992187 0.148040771484375
0.110610961914063 -0.0039215087890625 -0.123115539550781 -0.0640029907226563
0.0684890747070313 -0.032806396484375 -0.000681877136230466 -0.0173177719116211
0.0537528991699219 -0.0261421203613281 0.0837783813476563 -0.0486373901367188
0.0435905456542969 -0.0424766540527344 0.08160400390625 -0.121742248535156
0.0234642028808594 -0.0574722290039063 0.0321807861328125 -0.145736694335938
-0.0110855102539063 -0.0736618041992188 -0.0383453369140625 -0.144393920898437
-0.0492706298828125 -0.0712509155273438 -0.077545166015625 -0.0962753295898438
-0.0483055114746094 -0.0679054260253906 -0.0740432739257812 -0.032989501953125
-0.0456390380859375 -0.0750808715820313 -0.07550048828125 0.0175323486328125
-0.0218658447265625 -0.0818023681640625 -0.0912322998046875 0.0385513305664062
0.0148735046386719 -0.0702590942382812 -0.0950469970703125 0.0628585815429688
0.0348129272460938 -0.0448417663574219 -0.0984039306640625 0.0557708740234375
0.0348739624023438 -0.011505126953125 -0.1119384765625 0.0627975463867187
0.0421028137207031 -0.0191993713378906 -0.103736877441406 0.109153747558594
0.0696868896484375 -0.0132102966308594 -0.08624267578125 0.156936645507813
0.15887451171875 -0.0195770263671875 -0.0739288330078125 -0.06805419921875
0.120651245117188 -0.0494766235351563 0.0455665588378906 -0.0189895629882813
0.10186767578125 -0.0524673461914062 0.11297607421875 -0.046112060546875
0.0723037719726563 -0.0804901123046875 0.102035522460938 -0.116188049316406
0.0333786010742188 -0.0939407348632813 0.0456161499023437 -0.129615783691406
-0.0188674926757813 -0.106155395507813 -0.021728515625 -0.119293212890625
-0.064697265625 -0.0941390991210938 -0.05059814453125 -0.070343017578125
-0.0656661987304688 -0.0875320434570313 -0.0447807312011719 -0.00829315185546876
-0.0707168579101563 -0.092742919921875 -0.0454940795898438 0.043670654296875
-0.049957275390625 -0.105003356933594 -0.0692024230957031 0.0691261291503906
-0.00294494628906251 -0.10614013671875 -0.078765869140625 0.09002685546875
0.0287857055664062 -0.0907821655273438 -0.0894927978515625 0.074127197265625
0.0615081787109375 -0.0540275573730469 -0.09661865234375 0.0735397338867188
0.0831756591796875 -0.054290771484375 -0.0729522705078125 0.104652404785156
0.111885070800781 -0.0418777465820313 -0.04425048828125 0.154281616210938
0.182540893554688 -0.031158447265625 -0.0153274536132812 -0.0746536254882812
0.152694702148438 -0.06097412109375 0.095428466796875 -0.0212631225585938
0.13519287109375 -0.072998046875 0.138351440429688 -0.0424041748046875
0.0898895263671875 -0.109947204589844 0.118621826171875 -0.10333251953125
0.0361099243164063 -0.119125366210938 0.0586624145507813 -0.106399536132813
-0.026824951171875 -0.123077392578125 -0.00146484375 -0.0853958129882813
-0.0721282958984375 -0.102180480957031 -0.0183830261230469 -0.0392646789550781
-0.0738372802734375 -0.0927505493164063 -0.00925827026367188 0.0160331726074219
-0.0839080810546875 -0.0970535278320313 -0.00836563110351563 0.067657470703125
-0.0700225830078125 -0.111129760742187 -0.0379791259765625 0.0968704223632813
-0.0202255249023437 -0.125892639160156 -0.0542831420898437 0.11370849609375
0.0178070068359375 -0.122932434082031 -0.0753631591796875 0.0897140502929687
0.0772628784179688 -0.0899505615234375 -0.0810317993164062 0.076080322265625
0.111480712890625 -0.0828628540039063 -0.0411453247070312 0.0849685668945313
0.139251708984375 -0.0618057250976563 0.00627899169921876 0.139907836914063
0.175872802734375 -0.0393829345703125 0.0399627685546875 -0.086395263671875
0.157699584960938 -0.06695556640625 0.134857177734375 -0.03155517578125
0.143478393554688 -0.0850677490234375 0.153030395507812 -0.0394744873046875
0.0895004272460938 -0.123069763183594 0.126533508300781 -0.083770751953125
0.02716064453125 -0.126327514648438 0.0688629150390625 -0.0762939453125
-0.0350418090820312 -0.118904113769531 0.0212440490722656 -0.0493049621582031
-0.0714187622070312 -0.0913543701171875 0.0156259536743164 -0.00784397125244141
-0.070831298828125 -0.083740234375 0.0278129577636719 0.0390167236328125
-0.0818405151367188 -0.0864181518554688 0.0299835205078125 0.088714599609375
-0.0741729736328125 -0.1029052734375 -0.00512695312499999 0.120460510253906
-0.029052734375 -0.126747131347656 -0.0286788940429688 0.131256103515625
0.0109024047851562 -0.134353637695313 -0.0588912963867188 0.0992813110351562
0.08624267578125 -0.106552124023437 -0.066192626953125 0.0703506469726562
0.126502990722656 -0.0945358276367187 -0.0089111328125 0.0573387145996094
0.147369384765625 -0.06634521484375 0.0611953735351563 0.120460510253906
0.144378662109375 -0.0422210693359375 0.0821762084960938 -0.102951049804688
0.137649536132812 -0.067138671875 0.157119750976563 -0.0482025146484375
0.125381469726563 -0.0865097045898438 0.152374267578125 -0.0399932861328125
0.0706253051757812 -0.118080139160156 0.126548767089844 -0.064117431640625
0.00939941406249999 -0.112960815429688 0.0769195556640625 -0.049346923828125
-0.04217529296875 -0.0925827026367188 0.0444869995117187 -0.0181808471679688
-0.0617828369140625 -0.0657234191894531 0.0476760864257812 0.0160408020019531
-0.0575523376464844 -0.0614891052246094 0.0594902038574219 0.0558204650878906
-0.0663948059082031 -0.0641937255859375 0.061431884765625 0.104461669921875
-0.0624923706054687 -0.0809783935546875 0.021453857421875 0.137924194335938
-0.0259170532226563 -0.109390258789063 -0.00978088378906251 0.143402099609375
0.0121231079101562 -0.123130798339844 -0.0468597412109375 0.103668212890625
0.0876617431640625 -0.0987625122070313 -0.0531463623046875 0.0599136352539062
0.123916625976563 -0.08319091796875 0.0217094421386719 0.0303382873535156
0.133445739746094 -0.0563735961914063 0.11285400390625 0.102737426757813
0.0931167602539063 -0.0372695922851563 0.108329772949219 -0.122810363769531
0.0993576049804688 -0.059326171875 0.160659790039063 -0.069671630859375
0.0882415771484375 -0.0768280029296875 0.139114379882813 -0.0431365966796875
0.037750244140625 -0.0947113037109375 0.119659423828125 -0.0463790893554688
-0.0122833251953125 -0.0794601440429688 0.0833053588867188 -0.0295791625976563
-0.0427894592285156 -0.0491104125976563 0.06640625 4.5776367187497E-05
-0.0424766540527344 -0.0285301208496094 0.0738525390625 0.027130126953125
-0.0357513427734375 -0.0300445556640625 0.082061767578125 0.063812255859375
-0.0410881042480469 -0.0326385498046875 0.0806503295898437 0.114601135253906
-0.0427131652832031 -0.0470466613769531 0.035552978515625 0.150711059570313
-0.0160140991210938 -0.0755538940429687 -0.00268554687499999 0.150100708007813
0.0151519775390625 -0.09161376953125 -0.0399627685546875 0.105232238769531
0.0775985717773438 -0.069122314453125 -0.0428123474121094 0.0506553649902344
0.0995941162109375 -0.0545120239257813 0.0447158813476563 0.014251708984375
0.09710693359375 -0.034271240234375 0.152252197265625 0.0928955078125
0.0324916839599609 -0.0220508575439453 0.113754272460938 -0.144454956054688
0.0511627197265625 -0.0414390563964844 0.147613525390625 -0.0898895263671875
0.04119873046875 -0.0558204650878906 0.121231079101563 -0.048187255859375
0.00113677978515625 -0.0580825805664063 0.113792419433594 -0.0380401611328125
-0.0301742553710938 -0.0335941314697266 0.0892715454101562 -0.0240707397460938
-0.0342197418212891 0.00267219543457031 0.0834579467773438 0.0010223388671875
-0.0146579742431641 0.0125322341918945 0.0889511108398438 0.0232925415039063
-0.00894546508789063 0.00610256195068359 0.0914459228515625 0.0608444213867188
-0.0119972229003906 0.00473403930664063 0.0853118896484375 0.11761474609375
-0.020599365234375 -0.0058746337890625 0.03753662109375 0.157012939453125
-0.012969970703125 -0.0325794219970703 -0.00418090820312499 0.154251098632813
0.0083160400390625 -0.0495758056640625 -0.0404739379882813 0.108673095703125
0.04937744140625 -0.0348625183105469 -0.0422477722167969 0.0491142272949219
0.0532569885253906 -0.0227317810058594 0.0552597045898438 0.010162353515625
0.0415687561035156 -0.0105667114257813 0.173294067382812 0.088134765625
0.056304931640625 0.015106201171875 -0.159942626953125 -0.0633392333984375
0.0137395858764648 -0.0112037658691406 -0.03082275390625 -0.0152606964111328
0.00779914855957031 -7.86781311035156E-05 0.0662155151367188 -0.0538291931152344
0.0159521102905273 -0.00728416442871094 0.0643386840820312 -0.130317687988281
0.0115890502929687 -0.0218887329101563 0.0147705078125 -0.1595458984375
-0.00660324096679687 -0.0387496948242188 -0.057708740234375 -0.16192626953125
-0.0343894958496094 -0.0425071716308594 -0.101119995117187 -0.113327026367188
-0.0302162170410156 -0.0421218872070313 -0.0950546264648438 -0.0493392944335937
-0.0212554931640625 -0.0510101318359375 -0.0927581787109375 0.000907897949218748
0.0025787353515625 -0.0507431030273437 -0.102523803710937 0.0209121704101563
0.0265617370605469 -0.0300502777099609 -0.104866027832031 0.049041748046875
0.0319137573242188 0.00211906433105469 -0.109489440917969 0.0493621826171875
0.00404548645019531 0.0283088684082031 -0.134407043457031 0.0561676025390625
-0.00222587585449219 0.0172462463378906 -0.132774353027344 0.10723876953125
0.0237960815429688 0.019989013671875 -0.107833862304688 0.158035278320313
0.119857788085938 -0.00676727294921875 -0.126991271972656 -0.0644607543945313
0.0729751586914063 -0.0381622314453125 0.00472831726074219 -0.0203666687011719
0.0579109191894531 -0.0328445434570313 0.0911407470703125 -0.0570526123046875
0.0445556640625 -0.0497360229492188 0.083343505859375 -0.131401062011719
0.0207176208496094 -0.0640792846679688 0.0301361083984375 -0.152130126953125
-0.0179901123046875 -0.0799484252929688 -0.042388916015625 -0.146621704101562
-0.0584182739257812 -0.0739364624023438 -0.0802841186523438 -0.0948867797851563
-0.0569305419921875 -0.0705032348632813 -0.073333740234375 -0.0290145874023438
-0.0550689697265625 -0.0804290771484375 -0.0720291137695313 0.0261611938476563
-0.0272750854492188 -0.0881118774414063 -0.0908737182617188 0.0501708984375
0.0155105590820312 -0.0785903930664063 -0.0958175659179688 0.0753707885742187
0.0395736694335938 -0.0511817932128906 -0.10272216796875 0.066192626953125
0.0421981811523438 -0.0105705261230469 -0.116004943847656 0.0718841552734375
0.0483016967773438 -0.0160789489746094 -0.1024169921875 0.116706848144531
0.0763473510742188 -0.0113906860351563 -0.07672119140625 0.168411254882813
0.167388916015625 -0.025238037109375 -0.074615478515625 -0.0691757202148437
0.12408447265625 -0.0567092895507813 0.0541877746582031 -0.0233421325683594
0.105827331542969 -0.0615158081054687 0.122489929199219 -0.05615234375
0.0714950561523438 -0.0885543823242188 0.105712890625 -0.126869201660156
0.0290298461914063 -0.100784301757813 0.0464401245117188 -0.136604309082031
-0.0257644653320313 -0.110923767089844 -0.0215530395507813 -0.121391296386719
-0.0736618041992188 -0.0952606201171875 -0.0499076843261719 -0.0696830749511719
-0.0746078491210938 -0.088287353515625 -0.0406112670898438 -0.00496673583984375
-0.0797042846679688 -0.0960235595703125 -0.0380020141601563 0.052276611328125
-0.0564498901367188 -0.109611511230469 -0.0657730102539062 0.0823440551757813
-0.00504302978515625 -0.113471984863281 -0.0761871337890625 0.104637145996094
0.0302963256835937 -0.09747314453125 -0.0908050537109375 0.0868377685546875
0.0665817260742187 -0.0560493469238281 -0.0983505249023438 0.083526611328125
0.0878143310546875 -0.0548934936523437 -0.068756103515625 0.112052917480469
0.116874694824219 -0.0435867309570313 -0.031982421875 0.16546630859375
0.187820434570312 -0.038604736328125 -0.014373779296875 -0.0770645141601563
0.15478515625 -0.0688323974609375 0.105766296386719 -0.02679443359375
0.137680053710938 -0.0837631225585938 0.151275634765625 -0.050994873046875
0.088470458984375 -0.117774963378906 0.125328063964844 -0.113151550292969
0.0310516357421875 -0.125442504882813 0.0617904663085937 -0.112747192382813
-0.033050537109375 -0.125923156738281 0.00269317626953125 -0.0881500244140625
-0.0792999267578125 -0.101570129394531 -0.0147476196289063 -0.0385665893554688
-0.080810546875 -0.0917129516601563 -0.00253677368164063 0.0194950103759766
-0.090789794921875 -0.0969314575195313 0.00261688232421874 0.0760421752929688
-0.0762786865234375 -0.112724304199219 -0.030731201171875 0.110382080078125
-0.0252761840820312 -0.129859924316406 -0.0487213134765625 0.1287841796875
0.0155105590820312 -0.128623962402344 -0.0742950439453125 0.103286743164063
0.0786972045898438 -0.09423828125 -0.0818405151367187 0.086090087890625
0.113761901855469 -0.0875167846679688 -0.035430908203125 0.09246826171875
0.1422119140625 -0.066619873046875 0.020294189453125 0.150543212890625
0.178085327148438 -0.0477752685546875 0.0417633056640625 -0.0901412963867188
0.157684326171875 -0.074188232421875 0.146270751953125 -0.03692626953125
0.14385986328125 -0.094268798828125 0.166259765625 -0.04827880859375
0.0865402221679688 -0.130165100097656 0.13525390625 -0.0933303833007813
0.0217742919921875 -0.13006591796875 0.0739898681640625 -0.0832366943359375
-0.04071044921875 -0.119300842285156 0.027252197265625 -0.0520896911621094
-0.075653076171875 -0.0897140502929688 0.02142333984375 -0.00819969177246094
-0.0760650634765625 -0.0814590454101563 0.0360145568847656 0.04132080078125
-0.0866928100585938 -0.0847625732421875 0.042694091796875 0.095245361328125
-0.0795059204101563 -0.100471496582031 0.00452423095703124 0.132492065429688
-0.0349273681640625 -0.127166748046875 -0.020721435546875 0.1453857421875
0.00563049316406251 -0.137855529785156 -0.0573654174804688 0.112083435058594
0.0846786499023438 -0.112403869628906 -0.0657577514648438 0.0796966552734375
0.12530517578125 -0.100982666015625 -0.00362777709960936 0.0622787475585937
0.147964477539062 -0.0740509033203125 0.076171875 0.128974914550781
0.143951416015625 -0.0500640869140625 0.0836868286132813 -0.108253479003906
0.134773254394531 -0.0737838745117188 0.167709350585938 -0.0538177490234375
0.124244689941406 -0.0944442749023438 0.16455078125 -0.048431396484375
0.0658721923828125 -0.12261962890625 0.135238647460938 -0.0725250244140625
0.00372314453124999 -0.112739562988281 0.0830078125 -0.0552215576171875
-0.0447463989257812 -0.0898284912109375 0.052276611328125 -0.0220375061035156
-0.0625572204589844 -0.06146240234375 0.0542793273925781 0.0142707824707031
-0.0591354370117188 -0.0572090148925781 0.0676841735839844 0.0567131042480469
-0.0671501159667969 -0.0607147216796875 0.0745315551757813 0.109138488769531
-0.0656967163085937 -0.075897216796875 0.0327911376953125 0.148712158203125
-0.0311508178710937 -0.106575012207031 -0.00093078613281251 0.155746459960938
0.00562286376953124 -0.124626159667969 -0.0436935424804687 0.115226745605469
0.0841827392578125 -0.104042053222656 -0.0517196655273438 0.0676841735839844
0.119865417480469 -0.090484619140625 0.0264225006103516 0.0333576202392578
0.131828308105469 -0.063232421875 0.12750244140625 0.109230041503906
0.08966064453125 -0.0432052612304688 0.106727600097656 -0.129890441894531
0.09466552734375 -0.0646133422851563 0.16876220703125 -0.07537841796875
0.0842208862304687 -0.0839920043945313 0.150314331054688 -0.0507354736328125
0.0317230224609375 -0.0965423583984375 0.128509521484375 -0.054168701171875
-0.0179977416992188 -0.075836181640625 0.089691162109375 -0.0368118286132813
-0.0430717468261719 -0.0431594848632813 0.0729293823242188 -0.00565338134765625
-0.0394439697265625 -0.0230369567871094 0.0790176391601563 0.0241928100585937
-0.0339469909667969 -0.0244255065917969 0.0892562866210938 0.06292724609375
-0.0387382507324219 -0.0278739929199219 0.0925140380859375 0.117691040039062
-0.0417976379394531 -0.0406990051269531 0.046295166015625 0.159133911132813
-0.0209808349609375 -0.0710983276367188 0.00563049316406251 0.161224365234375
0.00823974609374999 -0.0906982421875 -0.037139892578125 0.115806579589844
0.0731735229492188 -0.0736846923828125 -0.0434455871582031 0.0581893920898437
0.0939483642578125 -0.0597991943359375 0.0483207702636719 0.0146064758300781
0.093170166015625 -0.0399398803710938 0.16510009765625 0.0964813232421875
0.0268650054931641 -0.0261611938476563 0.109375 -0.152191162109375
0.0441360473632813 -0.0462570190429688 0.1522216796875 -0.09600830078125
0.0352439880371094 -0.0611228942871094 0.129669189453125 -0.0548248291015625
-0.00589752197265625 -0.0573348999023438 0.121742248535156 -0.0467605590820313
-0.0351676940917969 -0.02685546875 0.0946502685546875 -0.0323410034179687
-0.031768798828125 0.0108776092529297 0.0880126953125 -0.00681304931640625
-0.00893402099609375 0.0192127227783203 0.091339111328125 0.0186233520507813
-0.00374317169189453 0.0119352340698242 0.096221923828125 0.0589141845703125
-0.00581741333007812 0.0100717544555664 0.09576416015625 0.118988037109375
-0.0169029235839844 0.00110244750976562 0.045928955078125 0.164459228515625
-0.0139331817626953 -0.0262165069580078 0.00296020507812502 0.1636962890625
0.00409698486328125 -0.0464668273925781 -0.0377731323242188 0.117691040039063
0.0454330444335937 -0.0356712341308594 -0.0440521240234375 0.0554351806640625
0.0468521118164063 -0.0257186889648437 0.0555191040039063 0.0102691650390625
0.0350303649902344 -0.0141124725341797 0.185104370117188 0.0900115966796875
0.0679779052734375 0.0127677917480469 -0.169113159179687 -0.0595703125
0.0193309783935547 -0.0159397125244141 -0.0290107727050781 -0.0181465148925781
0.0120306015014648 -0.00540447235107422 0.0687065124511719 -0.0653076171875
0.017303466796875 -0.0145339965820313 0.059600830078125 -0.142501831054688
0.00833511352539063 -0.0290489196777344 0.0052642822265625 -0.167266845703125
-0.015106201171875 -0.0450019836425781 -0.06982421875 -0.16326904296875
-0.0451698303222656 -0.0442733764648438 -0.1103515625 -0.109458923339844
-0.0408897399902344 -0.0444259643554688 -0.0982742309570313 -0.0429534912109375
-0.0333175659179688 -0.0567283630371094 -0.0915298461914063 0.0106735229492187
-0.00406265258789063 -0.0603981018066406 -0.103172302246094 0.0349578857421875
0.0271720886230469 -0.0398368835449219 -0.105064392089844 0.0640029907226563
0.0386848449707031 -0.00534439086914063 -0.113487243652344 0.06280517578125
0.0145587921142578 0.0302181243896484 -0.139862060546875 0.0689926147460937
0.00782012939453125 0.0218238830566406 -0.132125854492188 0.11822509765625
0.0345287322998047 0.0234451293945313 -0.095947265625 0.170074462890625
0.130912780761719 -0.01409912109375 -0.132377624511719 -0.062652587890625
0.0772933959960938 -0.046234130859375 0.00990676879882813 -0.0252361297607422
0.0603103637695313 -0.0422401428222656 0.0957717895507812 -0.0698776245117188
0.0428466796875 -0.05926513671875 0.0802764892578125 -0.144699096679688
0.0149002075195312 -0.0720901489257813 0.023956298828125 -0.160247802734375
-0.0294113159179688 -0.0849990844726562 -0.0487213134765625 -0.148590087890625
-0.0711135864257813 -0.0739974975585938 -0.0847930908203125 -0.0924148559570313
-0.0693283081054688 -0.0707778930664063 -0.0716934204101563 -0.0230865478515625
-0.068359375 -0.0840682983398438 -0.0652389526367188 0.0355453491210937
-0.0373458862304687 -0.0955734252929688 -0.0868301391601562 0.065216064453125
0.0127716064453125 -0.0890121459960938 -0.0925369262695312 0.0924072265625
0.0426559448242187 -0.0599517822265625 -0.102951049804688 0.0811080932617187
0.051513671875 -0.0119400024414063 -0.117820739746094 0.0850830078125
0.0566749572753906 -0.0153541564941406 -0.0972366333007813 0.127090454101562
0.0851516723632813 -0.0122222900390625 -0.061431884765625 0.180892944335938
0.174850463867188 -0.035247802734375 -0.07696533203125 -0.0699996948242188
0.126205444335938 -0.0678329467773438 0.0633277893066406 -0.0310783386230469
0.106651306152344 -0.0741119384765625 0.13128662109375 -0.0712127685546875
0.0680694580078125 -0.0992660522460938 0.1064453125 -0.140975952148438
0.0214614868164062 -0.107864379882813 0.04400634765625 -0.146026611328125
-0.0377883911132813 -0.115440368652344 -0.0236358642578125 -0.124076843261719
-0.0857467651367187 -0.0943527221679688 -0.049346923828125 -0.068115234375
-0.0860366821289063 -0.0866317749023438 -0.0345420837402344 -0.000936508178710947
-0.092681884765625 -0.0961837768554688 -0.0264701843261719 0.0604515075683594
-0.067352294921875 -0.112617492675781 -0.0556106567382812 0.0980911254882813
-0.0115737915039062 -0.120536804199219 -0.0683135986328125 0.121902465820313
0.0290908813476563 -0.104988098144531 -0.0875930786132813 0.102897644042969
0.0723648071289063 -0.0605392456054687 -0.0973663330078125 0.0965042114257813
0.092437744140625 -0.0580825805664062 -0.0608978271484375 0.120933532714844
0.122726440429688 -0.0481338500976563 -0.0134429931640625 0.17657470703125
0.192230224609375 -0.0498809814453125 -0.0142288208007812 -0.0803604125976562
0.154327392578125 -0.0807342529296875 0.116592407226563 -0.0368118286132813
0.137153625488281 -0.0969619750976562 0.162368774414063 -0.0677032470703125
0.0826568603515625 -0.12799072265625 0.129447937011719 -0.128562927246094
0.0220794677734375 -0.130928039550781 0.0623626708984375 -0.122055053710938
-0.0434722900390625 -0.127922058105469 0.00444793701171875 -0.0924911499023438
-0.0890426635742188 -0.0984573364257813 -0.00995254516601563 -0.0392379760742188
-0.0904083251953125 -0.08837890625 0.00692176818847656 0.0220413208007812
-0.101287841796875 -0.0943374633789063 0.0177383422851562 0.0820770263671875
-0.0855712890625 -0.112007141113281 -0.0158615112304688 0.124961853027344
-0.0336990356445312 -0.133407592773437 -0.03680419921875 0.145370483398438
0.00914764404296875 -0.134056091308594 -0.0677413940429688 0.119743347167969
0.0790557861328125 -0.100662231445313 -0.0779876708984375 0.0997467041015625
0.113784790039063 -0.0943527221679688 -0.0262603759765625 0.098602294921875
0.143218994140625 -0.0743255615234375 0.041717529296875 0.159103393554688
0.17852783203125 -0.0588531494140625 0.0426483154296875 -0.095062255859375
0.15374755859375 -0.085235595703125 0.158096313476563 -0.0487823486328125
0.141830444335938 -0.107452392578125 0.178695678710938 -0.064849853515625
0.0792465209960938 -0.138832092285156 0.141189575195313 -0.108596801757813
0.0135116577148437 -0.132499694824219 0.0772171020507813 -0.0930099487304688
-0.0484848022460938 -0.118766784667969 0.0323104858398437 -0.0576400756835938
-0.0813140869140625 -0.085113525390625 0.0285053253173828 -0.0106830596923828
-0.08099365234375 -0.0763931274414063 0.0472869873046875 0.0414657592773437
-0.09295654296875 -0.0799636840820313 0.0601959228515625 0.0989532470703125
-0.0863723754882813 -0.095794677734375 0.0223541259765625 0.144577026367188
-0.04425048828125 -0.126457214355469 -0.00569152832031251 0.159927368164063
-0.0034637451171875 -0.140113830566406 -0.0486679077148438 0.127998352050781
0.079620361328125 -0.119171142578125 -0.06121826171875 0.09210205078125
0.120979309082031 -0.109481811523438 0.00478744506835938 0.06640625
0.145751953125 -0.0830841064453125 0.0974578857421875 0.134483337402344
0.139434814453125 -0.0597991943359375 0.0833587646484375 -0.115264892578125
0.128684997558594 -0.0820236206054688 0.177413940429688 -0.0663909912109375
0.119918823242188 -0.105323791503906 0.17626953125 -0.0634613037109375
0.0576324462890625 -0.127250671386719 0.14239501953125 -0.0867767333984375
-0.00391387939453125 -0.110801696777344 0.0873794555664063 -0.0657882690429688
-0.048583984375 -0.085418701171875 0.057891845703125 -0.0291366577148438
-0.0634269714355469 -0.0558662414550781 0.0618476867675781 0.0102424621582031
-0.0599288940429688 -0.05169677734375 0.0798263549804688 0.054840087890625
-0.0685234069824219 -0.0552864074707031 0.0927734375 0.110160827636719
-0.0683746337890625 -0.0688362121582031 0.0512237548828125 0.158416748046875
-0.03857421875 -0.102508544921875 0.0152587890625 0.16754150390625
-0.004241943359375 -0.123725891113281 -0.0345535278320313 0.129379272460938
0.0769882202148438 -0.109565734863281 -0.0479660034179687 0.078369140625
0.11273193359375 -0.0987625122070312 0.0329246520996094 0.0345306396484375
0.126426696777344 -0.0726394653320313 0.147674560546875 0.110671997070313
0.0828018188476563 -0.0503768920898438 0.102996826171875 -0.138534545898437
0.0859146118164062 -0.0708694458007813 0.175567626953125 -0.087066650390625
0.0771560668945313 -0.0910263061523438 0.159210205078125 -0.06390380859375
0.0229415893554688 -0.0971603393554688 0.136093139648438 -0.0674514770507813
-0.0244369506835937 -0.06915283203125 0.094207763671875 -0.0471420288085938
-0.0425300598144531 -0.0354080200195313 0.0788421630859375 -0.014556884765625
-0.0348472595214844 -0.0162277221679687 0.0852508544921875 0.0186614990234375
-0.0301151275634766 -0.0185432434082031 0.0993576049804688 0.0601654052734375
-0.0343151092529297 -0.0221424102783203 0.109237670898437 0.116775512695313
-0.0394134521484375 -0.0329475402832031 0.0634002685546875 0.16680908203125
-0.0249137878417969 -0.0642662048339844 0.0212249755859375 0.171218872070313
0.000778198242187498 -0.0880508422851562 -0.0288772583007812 0.127593994140625
0.0658111572265625 -0.0767288208007813 -0.0409622192382812 0.0669937133789062
0.0856246948242188 -0.0665512084960938 0.0519561767578125 0.0150032043457031
0.0851669311523438 -0.0470046997070312 0.183624267578125 0.0944061279296875
0.0187053680419922 -0.0297985076904297 0.101531982421875 -0.1619873046875
0.0350227355957031 -0.0508880615234375 0.1544189453125 -0.10711669921875
0.0250892639160156 -0.0658721923828125 0.137344360351563 -0.0665283203125
-0.0151901245117188 -0.0545883178710938 0.128364562988281 -0.05999755859375
-0.0395393371582031 -0.0173454284667969 0.0979156494140625 -0.0446395874023438
-0.0265312194824219 0.0204658508300781 0.0907135009765625 -0.0181198120117187
0.000272750854492189 0.0252628326416016 0.0945205688476562 0.0109024047851563
0.00424957275390625 0.0172290802001953 0.103218078613281 0.0539779663085938
0.00312519073486328 0.0147542953491211 0.108795166015625 0.117523193359375
-0.0106010437011719 0.00924587249755859 0.0612640380859375 0.170623779296875
-0.0145263671875 -0.0180149078369141 0.0165252685546875 0.172821044921875
-0.0011138916015625 -0.0414047241210938 -0.03094482421875 0.128738403320313
0.039093017578125 -0.0358772277832031 -0.0425834655761719 0.0642318725585937
0.0381355285644531 -0.0274429321289063 0.0562400817871094 0.010040283203125
0.0263710021972656 -0.0176353454589844 0.200271606445313 0.08642578125
0.0814437866210937 0.00605010986328125 -0.176040649414062 -0.052276611328125
0.0243968963623047 -0.0224552154541016 -0.0278034210205078 -0.0221900939941406
0.0149602890014648 -0.0130319595336914 0.0660934448242188 -0.0771484375
0.0158710479736328 -0.0237464904785156 0.04876708984375 -0.152053833007813
0.00242233276367188 -0.0359649658203125 -0.00785827636718749 -0.170242309570313
-0.0269088745117187 -0.0482521057128906 -0.0822601318359375 -0.1590576171875
-0.0584640502929688 -0.0419235229492188 -0.118392944335938 -0.101509094238281
-0.0539665222167969 -0.0427474975585938 -0.0985260009765625 -0.03472900390625
-0.0485763549804688 -0.0578460693359375 -0.086669921875 0.0204315185546875
-0.015625 -0.0674629211425781 -0.0985260009765625 0.0492782592773438
0.0240974426269531 -0.0514869689941406 -0.100227355957031 0.079925537109375
0.043182373046875 -0.0162887573242188 -0.111228942871094 0.07745361328125
0.0281276702880859 0.0277881622314453 -0.138885498046875 0.083740234375
0.0205783843994141 0.023773193359375 -0.126457214355469 0.128311157226563
0.0475044250488281 0.0234718322753906 -0.0791015625 0.17730712890625
0.140480041503906 -0.025146484375 -0.13525390625 -0.05706787109375
0.0786285400390625 -0.0567169189453125 0.0139446258544922 -0.03265380859375
0.0597610473632813 -0.0537109375 0.0956497192382813 -0.0853118896484375
0.0372962951660156 -0.0692825317382813 0.071868896484375 -0.156982421875
0.005615234375 -0.077880859375 0.01397705078125 -0.165512084960938
-0.0431976318359375 -0.086273193359375 -0.05712890625 -0.146697998046875
-0.0851593017578125 -0.0695877075195312 -0.08807373046875 -0.0875167846679688
-0.0826416015625 -0.0660934448242188 -0.0674247741699219 -0.0176124572753906
-0.0840225219726563 -0.081634521484375 -0.0546607971191406 0.0430870056152344
-0.0505599975585937 -0.0997314453125 -0.0756607055664063 0.0801925659179688
0.0054931640625 -0.0982131958007813 -0.0819168090820313 0.108482360839844
0.0423126220703125 -0.0703887939453125 -0.0973129272460938 0.0974044799804688
0.0610809326171875 -0.0169448852539063 -0.11334228515625 0.0992889404296875
0.0662193298339844 -0.0167732238769531 -0.0866851806640625 0.135063171386719
0.0940780639648438 -0.0148086547851563 -0.0386810302734375 0.1864013671875
0.178970336914062 -0.0489654541015625 -0.07818603515625 -0.0683441162109375
0.123664855957031 -0.0797805786132813 0.0690650939941406 -0.0429916381835938
0.102684020996094 -0.0867156982421875 0.13287353515625 -0.0890121459960938
0.0591583251953125 -0.108924865722656 0.100906372070312 -0.155654907226563
0.01031494140625 -0.112518310546875 0.0380096435546875 -0.152740478515625
-0.0513381958007812 -0.114921569824219 -0.0266036987304688 -0.125823974609375
-0.0981903076171875 -0.0874481201171875 -0.0485687255859375 -0.0669097900390625
-0.0978469848632813 -0.0802230834960938 -0.0258636474609375 0.00157546997070312
-0.106704711914063 -0.0911026000976562 -0.0102920532226563 0.0651664733886719
-0.0796966552734375 -0.112045288085938 -0.0384979248046875 0.110679626464844
-0.020751953125 -0.126152038574219 -0.0526199340820313 0.13787841796875
0.0238571166992188 -0.112968444824219 -0.0772933959960937 0.119041442871094
0.0754318237304687 -0.0661544799804688 -0.0894927978515625 0.1097412109375
0.0959625244140625 -0.0626602172851563 -0.0478973388671875 0.126541137695313
0.126113891601562 -0.0537109375 0.0120849609375 0.180267333984375
0.191009521484375 -0.063995361328125 -0.0137786865234375 -0.0824737548828125
0.14825439453125 -0.09234619140625 0.124443054199219 -0.0515289306640625
0.129852294921875 -0.110069274902344 0.165863037109375 -0.0883636474609375
0.0721893310546875 -0.136528015136719 0.126022338867188 -0.14501953125
0.01031494140625 -0.132682800292969 0.059906005859375 -0.131141662597656
-0.0554656982421875 -0.125526428222656 0.00506591796875 -0.0964584350585938
-0.0980606079101563 -0.0913238525390625 -0.00584793090820313 -0.040496826171875
-0.0986099243164063 -0.0810165405273438 0.0182914733886719 0.0209712982177734
-0.111190795898438 -0.0871658325195312 0.0368804931640625 0.0827713012695312
-0.09539794921875 -0.105941772460938 0.00502777099609375 0.134910583496094
-0.0435714721679688 -0.132949829101563 -0.0167083740234375 0.157852172851563
0.000885009765624991 -0.136985778808594 -0.05426025390625 0.134735107421875
0.0758895874023438 -0.10638427734375 -0.068359375 0.111984252929688
0.110450744628906 -0.100425720214844 -0.0131378173828125 0.102210998535156
0.141067504882813 -0.08184814453125 0.067352294921875 0.159881591796875
0.17364501953125 -0.07061767578125 0.0420761108398438 -0.100364685058594
0.145172119140625 -0.0948333740234375 0.16534423828125 -0.06439208984375
0.133148193359375 -0.119247436523437 0.18402099609375 -0.0855255126953125
0.0684967041015625 -0.143661499023438 0.141403198242188 -0.126190185546875
0.00253295898437501 -0.130882263183594 0.0765533447265625 -0.103584289550781
-0.0557632446289062 -0.113731384277344 0.0361328125 -0.0643730163574219
-0.0857467651367188 -0.0780487060546875 0.03509521484375 -0.0148735046386719
-0.0849456787109375 -0.0683059692382813 0.0599365234375 0.0369796752929687
-0.0970611572265625 -0.0722122192382812 0.0808258056640625 0.0955352783203125
-0.0910797119140625 -0.0870437622070312 0.04571533203125 0.150054931640625
-0.0526809692382813 -0.121406555175781 0.016693115234375 0.169448852539063
-0.0146942138671875 -0.138496398925781 -0.0326614379882813 0.140083312988281
0.0718765258789062 -0.123428344726563 -0.0510787963867187 0.102775573730469
0.111351013183594 -0.116508483886719 0.0159835815429688 0.0674972534179687
0.138092041015625 -0.091522216796875 0.121498107910156 0.131546020507813
0.130165100097656 -0.0688934326171875 0.0798416137695313 -0.1217041015625
0.117568969726563 -0.0886154174804687 0.183059692382813 -0.0816802978515625
0.108642578125 -0.113433837890625 0.18170166015625 -0.0827789306640625
0.047027587890625 -0.128578186035156 0.14434814453125 -0.103515625
-0.011871337890625 -0.105178833007813 0.0886154174804688 -0.0777587890625
-0.0510482788085937 -0.0788116455078125 0.0619773864746094 -0.0382194519042969
-0.0614395141601563 -0.0492362976074219 0.0681495666503906 0.00333404541015625
-0.0580482482910156 -0.0446090698242187 0.0916519165039063 0.0480422973632813
-0.0668373107910156 -0.0482330322265625 0.112602233886719 0.103858947753906
-0.0679054260253906 -0.0590553283691406 0.074981689453125 0.1607666015625
-0.043914794921875 -0.0934219360351563 0.0373992919921875 0.174087524414063
-0.0138931274414062 -0.118316650390625 -0.0189285278320312 0.139366149902344
0.0663681030273438 -0.112373352050781 -0.0390701293945312 0.0882644653320313
0.100074768066406 -0.104400634765625 0.0403976440429688 0.0345840454101562
0.115272521972656 -0.0797500610351563 0.168350219726563 0.104385375976563
0.0710296630859375 -0.0558547973632813 0.095977783203125 -0.144760131835938
0.0729598999023438 -0.0750198364257813 0.176544189453125 -0.1004638671875
0.0640106201171875 -0.0953445434570313 0.16387939453125 -0.0799713134765625
0.0129776000976563 -0.09356689453125 0.138595581054688 -0.083465576171875
-0.0285491943359375 -0.0595550537109375 0.0941390991210938 -0.0597076416015625
-0.0387382507324219 -0.0273513793945313 0.0808334350585937 -0.0260467529296875
-0.0270977020263672 -0.0115032196044922 0.08953857421875 0.00981903076171875
-0.0233078002929688 -0.0136203765869141 0.108505249023438 0.0511550903320313
-0.0269222259521484 -0.0171031951904297 0.126174926757813 0.108314514160156
-0.0343532562255859 -0.0244979858398437 0.0855865478515625 0.1666259765625
-0.0265846252441406 -0.0546760559082031 0.0417633056640625 0.17572021484375
-0.00705718994140625 -0.0800857543945313 -0.0146255493164063 0.136505126953125
0.0552444458007813 -0.07733154296875 -0.0341415405273438 0.0758895874023438
0.0729904174804688 -0.068878173828125 0.0555953979492188 0.0137710571289062
0.072784423828125 -0.0514144897460938 0.200881958007812 0.0865020751953125
0.00736618041992187 -0.0313186645507813 0.088226318359375 -0.167892456054688
0.0219001770019531 -0.0517654418945313 0.151901245117188 -0.117691040039063
0.0114059448242188 -0.0665702819824219 0.139549255371094 -0.0810775756835938
-0.0244293212890625 -0.0460968017578125 0.130035400390625 -0.0762786865234375
-0.0404205322265625 -0.00410079956054688 0.096343994140625 -0.0586395263671875
-0.0179405212402344 0.0293903350830078 0.0889816284179688 -0.0311126708984375
0.0135669708251953 0.0279445648193359 0.093780517578125 0.001861572265625
0.0149974822998047 0.0197277069091797 0.107917785644531 0.0462646484375
0.0151844024658203 0.0174188613891602 0.121917724609375 0.109161376953125
-0.000840187072753907 0.0151939392089844 0.0805206298828125 0.170455932617188
-0.0118560791015625 -0.00834465026855469 0.0341949462890625 0.176361083984375
-0.00490188598632813 -0.0335140228271484 -0.0184326171875 0.136566162109375
0.0319118499755859 -0.0336723327636719 -0.039031982421875 0.0733413696289063
0.0275516510009766 -0.0253715515136719 0.0563545227050781 0.00963592529296875
0.0144195556640625 -0.017608642578125 0.213165283203125 0.0763397216796875
0.093231201171875 -0.00360870361328125 -0.177841186523438 -0.0454254150390625
0.0280742645263672 -0.0305385589599609 -0.0274562835693359 -0.0266933441162109
0.015960693359375 -0.0223102569580078 0.0601654052734375 -0.0863265991210938
0.0108585357666016 -0.0327281951904297 0.0357666015625 -0.156845092773438
-0.00564193725585938 -0.0414772033691406 -0.0188140869140625 -0.167449951171875
-0.0405502319335937 -0.0483360290527344 -0.0904388427734375 -0.150985717773437
-0.0702018737792969 -0.0366172790527344 -0.1214599609375 -0.0917587280273438
-0.0651779174804688 -0.0374488830566406 -0.094940185546875 -0.0278244018554688
-0.0636749267578125 -0.0549888610839844 -0.07781982421875 0.0268402099609375
-0.0291519165039063 -0.0716934204101563 -0.0873184204101562 0.0604705810546875
0.0172080993652344 -0.0618324279785156 -0.0894699096679687 0.09228515625
0.0440330505371094 -0.0284690856933594 -0.105117797851562 0.0894927978515625
0.0400772094726563 0.0213508605957031 -0.134620666503906 0.0957412719726563
0.0345954895019531 0.0209503173828125 -0.118156433105469 0.133232116699219
0.060882568359375 0.0209693908691406 -0.0619659423828125 0.175949096679688
0.145355224609375 -0.036285400390625 -0.134445190429688 -0.0539703369140625
0.0769424438476563 -0.0662689208984375 0.0156211853027344 -0.0410919189453125
0.0557708740234375 -0.0637245178222656 0.0909805297851563 -0.0980911254882813
0.0290985107421875 -0.0769424438476563 0.0611724853515625 -0.164138793945313
-0.00512695312500001 -0.0800857543945313 0.00469970703124999 -0.165573120117188
-0.0568161010742187 -0.0834503173828125 -0.0620269775390625 -0.142044067382813
-0.0962066650390625 -0.0610580444335938 -0.0872039794921875 -0.08197021484375
-0.092987060546875 -0.0582275390625 -0.0599021911621094 -0.0145416259765625
-0.0981063842773438 -0.075775146484375 -0.0408668518066406 0.0456352233886719
-0.0635223388671875 -0.0995330810546875 -0.05963134765625 0.088775634765625
-0.00373077392578126 -0.105194091796875 -0.0660324096679688 0.119743347167969
0.0400848388671875 -0.0802459716796875 -0.0867919921875 0.108848571777344
0.0699234008789063 -0.0236473083496094 -0.105216979980469 0.109474182128906
0.0757904052734375 -0.020263671875 -0.0751266479492188 0.136856079101563
0.10247802734375 -0.0186996459960937 -0.016998291015625 0.182647705078125
0.17913818359375 -0.060272216796875 -0.0753707885742187 -0.0680007934570313
0.11749267578125 -0.0888214111328125 0.0719985961914063 -0.0547409057617188
0.0947723388671875 -0.0970993041992187 0.129234313964844 -0.104736328125
0.0485000610351562 -0.114776611328125 0.092193603515625 -0.166061401367187
-0.00115966796874999 -0.112403869628906 0.0306854248046875 -0.156021118164063
-0.06414794921875 -0.109939575195312 -0.0279922485351563 -0.124824523925781
-0.107101440429687 -0.0781631469726563 -0.0446319580078125 -0.0651092529296875
-0.105735778808594 -0.0705490112304687 -0.0158548355102539 0.000761032104492185
-0.117362976074219 -0.0827789306640625 0.00692749023437499 0.0633125305175781
-0.09033203125 -0.10760498046875 -0.0181045532226563 0.116287231445313
-0.0295486450195312 -0.128440856933594 -0.032440185546875 0.146148681640625
0.01904296875 -0.118118286132813 -0.062713623046875 0.129043579101563
0.0786514282226563 -0.0717239379882813 -0.0779266357421875 0.118637084960938
0.0991592407226563 -0.0660018920898438 -0.0349273681640625 0.1263427734375
0.127967834472656 -0.057373046875 0.035369873046875 0.17462158203125
0.185592651367188 -0.0739288330078125 -0.0121994018554687 -0.0844268798828125
0.138710021972656 -0.0998077392578125 0.127830505371094 -0.066802978515625
0.120216369628906 -0.11859130859375 0.163650512695313 -0.106475830078125
0.0608596801757813 -0.139816284179688 0.12030029296875 -0.157760620117188
0.000129699707031253 -0.129676818847656 0.0552978515625 -0.137702941894531
-0.0645675659179687 -0.119453430175781 0.00634765625 -0.0997314453125
-0.102996826171875 -0.082550048828125 -0.000335693359375004 -0.043304443359375
-0.102569580078125 -0.0717315673828125 0.0295982360839844 0.0155105590820312
-0.116485595703125 -0.0780410766601562 0.0559234619140625 0.07611083984375
-0.101028442382813 -0.098480224609375 0.0279006958007812 0.135887145996094
-0.0512237548828125 -0.129852294921875 0.00604248046875001 0.162933349609375
-0.00630950927734374 -0.136390686035156 -0.03662109375 0.14263916015625
0.0730133056640625 -0.108741760253906 -0.0550994873046875 0.119705200195313
0.106246948242188 -0.102783203125 -0.00057220458984375 0.100685119628906
0.135902404785156 -0.0853195190429688 0.0903472900390625 0.152084350585938
0.163589477539063 -0.07763671875 0.0417556762695313 -0.103141784667969
0.133094787597656 -0.0987472534179688 0.167709350585938 -0.08050537109375
0.1207275390625 -0.123748779296875 0.182144165039062 -0.103775024414063
0.0579071044921875 -0.142837524414063 0.137176513671875 -0.140220642089844
-0.00437927246093749 -0.124900817871094 0.073974609375 -0.112129211425781
-0.059722900390625 -0.106887817382812 0.0381927490234375 -0.0711288452148438
-0.085205078125 -0.0702743530273438 0.040679931640625 -0.0211944580078125
-0.08392333984375 -0.0604705810546875 0.07061767578125 0.0287628173828125
-0.097198486328125 -0.0635757446289063 0.0986328125 0.08526611328125
-0.0915451049804688 -0.0782241821289062 0.0691375732421875 0.147415161132812
-0.0567550659179687 -0.112747192382813 0.0398101806640625 0.170318603515625
-0.0211105346679687 -0.13214111328125 -0.014495849609375 0.145675659179688
0.0638275146484375 -0.122474670410156 -0.0382003784179687 0.109100341796875
0.10101318359375 -0.117042541503906 0.0269317626953125 0.0652198791503906
0.127334594726563 -0.0941314697265625 0.142562866210938 0.1220703125
0.117431640625 -0.0721054077148438 0.0764083862304688 -0.124267578125
0.10345458984375 -0.0884933471679688 0.1829833984375 -0.095550537109375
0.0955352783203125 -0.114105224609375 0.180877685546875 -0.0995330810546875
0.0375137329101562 -0.123931884765625 0.14129638671875 -0.11859130859375
-0.015167236328125 -0.0957870483398438 0.0854873657226563 -0.0877838134765625
-0.0490493774414062 -0.071044921875 0.06298828125 -0.0472602844238281
-0.0552215576171875 -0.0438766479492187 0.0727996826171875 -0.00412750244140625
-0.0522727966308594 -0.0394020080566406 0.100326538085937 0.0379180908203125
-0.0612602233886719 -0.042388916015625 0.127403259277344 0.09088134765625
-0.0637664794921875 -0.0507774353027344 0.0963287353515625 0.154495239257813
-0.0447998046875 -0.0829696655273438 0.059295654296875 0.172607421875
-0.020355224609375 -0.108413696289063 -0.00190734863281251 0.143173217773438
0.055572509765625 -0.108596801757813 -0.0277023315429687 0.0933456420898438
0.086700439453125 -0.103355407714844 0.046905517578125 0.0320243835449219
0.101676940917969 -0.0804214477539063 0.185546875 0.0939483642578125
0.0578536987304687 -0.0553054809570312 0.0873870849609375 -0.145980834960938
0.0584259033203125 -0.0720138549804688 0.174880981445313 -0.11053466796875
0.050140380859375 -0.0928115844726563 0.163528442382813 -0.094024658203125
0.00531005859375 -0.085174560546875 0.136383056640625 -0.0978164672851563
-0.027587890625 -0.0477676391601563 0.091278076171875 -0.0715179443359375
-0.0311336517333984 -0.0203914642333984 0.0790328979492188 -0.0357589721679688
-0.0164785385131836 -0.00989818572998047 0.0896148681640625 0.00165557861328125
-0.0128164291381836 -0.0111408233642578 0.113777160644531 0.0406951904296875
-0.0168313980102539 -0.0149374008178711 0.137680053710938 0.0957794189453125
-0.0247344970703125 -0.0183963775634766 0.104507446289063 0.1597900390625
-0.0229988098144531 -0.0434494018554688 0.0610504150390625 0.172027587890625
-0.0107231140136719 -0.069427490234375 0.000564575195312486 0.139152526855469
0.0461502075195312 -0.0719375610351563 -0.0252838134765625 0.0808792114257813
0.0584220886230469 -0.0656242370605469 0.0583839416503906 0.01239013671875
0.0585441589355469 -0.0498046875 0.212509155273438 0.074951171875
-0.00515365600585938 -0.0292377471923828 0.07501220703125 -0.16644287109375
0.00775146484375 -0.0476226806640625 0.145355224609375 -0.124526977539063
-0.00223541259765625 -0.0605659484863281 0.137557983398438 -0.09234619140625
-0.029815673828125 -0.0346870422363281 0.126388549804688 -0.0898056030273438
-0.036346435546875 0.00902557373046875 0.0893020629882813 -0.0702362060546875
-0.00558853149414062 0.0354080200195313 0.0823822021484375 -0.0414199829101563
0.0266513824462891 0.0266761779785156 0.0896682739257813 -0.00521087646484375
0.02685546875 0.0184402465820313 0.108749389648438 0.0373153686523438
0.0278663635253906 0.0160198211669922 0.129585266113281 0.0982894897460938
0.0116901397705078 0.0179500579833984 0.0961456298828125 0.1632080078125
-0.00494003295898438 0.000965118408203124 0.05084228515625 0.173065185546875
-0.00481414794921875 -0.0228805541992188 -0.00569915771484375 0.139755249023438
0.0249176025390625 -0.0266742706298828 -0.032440185546875 0.0792083740234375
0.0158767700195313 -0.018524169921875 0.0560646057128906 0.00960540771484375
0.00180149078369141 -0.0130701065063477 0.220748901367188 0.065673828125
0.102752685546875 -0.0144500732421875 -0.177719116210938 -0.04425048828125
0.0309295654296875 -0.0399589538574219 -0.0278472900390625 -0.0327224731445313
0.0149192810058594 -0.032135009765625 0.0538482666015625 -0.092742919921875
0.004638671875 -0.0409812927246094 0.0273590087890625 -0.157485961914063
-0.0148544311523438 -0.0454978942871094 -0.024932861328125 -0.16363525390625
-0.0530891418457031 -0.0459823608398437 -0.0930023193359375 -0.144485473632813
-0.08099365234375 -0.0285186767578125 -0.11962890625 -0.08575439453125
-0.075408935546875 -0.0312347412109375 -0.0893630981445313 -0.0258255004882812
-0.0774765014648437 -0.04962158203125 -0.0679054260253906 0.0282173156738281
-0.04266357421875 -0.0727081298828125 -0.0764007568359375 0.066131591796875
0.00869750976562499 -0.0712127685546875 -0.0792617797851562 0.0992965698242188
0.0428047180175781 -0.0403709411621094 -0.0982131958007813 0.0970230102539062
0.0507240295410156 0.0119094848632813 -0.130287170410156 0.102180480957031
0.0484199523925781 0.0151710510253906 -0.114456176757812 0.133735656738281
0.0741195678710938 0.0161666870117188 -0.0516815185546875 0.1688232421875
0.15081787109375 -0.046295166015625 -0.131332397460937 -0.0550613403320312
0.0757522583007813 -0.0741195678710938 0.0163764953613281 -0.0503997802734375
0.0515365600585938 -0.0717544555664063 0.0853042602539063 -0.106597900390625
0.0212936401367188 -0.0829544067382813 0.0545196533203125 -0.166946411132813
-0.014373779296875 -0.0815811157226563 0.000640869140625007 -0.16436767578125
-0.0684661865234375 -0.0791854858398438 -0.061248779296875 -0.1396484375
-0.105522155761719 -0.0526123046875 -0.0826263427734375 -0.0794525146484375
-0.101081848144531 -0.0508346557617188 -0.0513839721679688 -0.01617431640625
-0.10894775390625 -0.0682296752929688 -0.0282173156738281 0.0432929992675781
-0.07464599609375 -0.0989532470703125 -0.0440750122070313 0.0913238525390625
-0.0110855102539062 -0.111801147460938 -0.0512771606445312 0.124359130859375
0.038116455078125 -0.0894851684570313 -0.0765762329101563 0.115249633789063
0.0783309936523438 -0.0319061279296875 -0.0979766845703125 0.114814758300781
0.0862579345703125 -0.0250167846679688 -0.0689468383789063 0.134895324707031
0.112228393554688 -0.0215606689453125 -0.00230407714843751 0.1741943359375
0.179168701171875 -0.0670928955078125 -0.0710525512695313 -0.071319580078125
0.112747192382812 -0.0937576293945312 0.0734939575195313 -0.0665435791015625
0.0882110595703125 -0.102500915527344 0.1251220703125 -0.116531372070313
0.040191650390625 -0.117080688476563 0.086883544921875 -0.1719970703125
-0.0093994140625 -0.110244750976563 0.02874755859375 -0.157974243164063
-0.0725860595703125 -0.104011535644531 -0.0253067016601563 -0.12646484375
-0.11199951171875 -0.0702056884765625 -0.0387344360351563 -0.0666656494140625
-0.110282897949219 -0.0634536743164063 -0.00615882873535157 -0.00456571578979493
-0.123527526855469 -0.0754623413085937 0.021453857421875 0.0568771362304687
-0.0978012084960937 -0.104881286621094 0.000503540039062495 0.115486145019531
-0.0361709594726563 -0.130584716796875 -0.0137939453125 0.148178100585938
0.0165023803710938 -0.122665405273438 -0.0495147705078125 0.134284973144531
0.0839767456054688 -0.0769119262695313 -0.068359375 0.123260498046875
0.104957580566406 -0.0681686401367188 -0.0255889892578125 0.122512817382813
0.132095336914063 -0.0579299926757813 0.0529632568359375 0.164901733398438
0.1812744140625 -0.0765380859375 -0.00816345214843749 -0.0882644653320313
0.131584167480469 -0.099945068359375 0.129600524902344 -0.07928466796875
0.111976623535156 -0.120742797851563 0.16064453125 -0.1190185546875
0.0533905029296875 -0.139137268066406 0.115509033203125 -0.166015625
-0.005126953125 -0.124961853027344 0.054046630859375 -0.14215087890625
-0.0695266723632813 -0.113693237304687 0.00957489013671875 -0.104209899902344
-0.103797912597656 -0.0758743286132813 0.00632858276367186 -0.0480537414550781
-0.102073669433594 -0.0650177001953125 0.039459228515625 0.0079193115234375
-0.117767333984375 -0.071502685546875 0.0711441040039063 0.066680908203125
-0.103347778320312 -0.0940322875976563 0.048095703125 0.131805419921875
-0.0541610717773437 -0.126579284667969 0.0259552001953125 0.162002563476563
-0.00896453857421876 -0.134689331054688 -0.021148681640625 0.145431518554688
0.073974609375 -0.109283447265625 -0.0438461303710938 0.122589111328125
0.105239868164063 -0.10198974609375 0.00952911376953126 0.096405029296875
0.134712219238281 -0.0833587646484375 0.108291625976563 0.141769409179688
0.15460205078125 -0.07659912109375 0.0450439453125 -0.105789184570312
0.123992919921875 -0.0951614379882813 0.169296264648438 -0.0917205810546875
0.112266540527344 -0.121963500976563 0.180877685546875 -0.115982055664063
0.0526809692382812 -0.138969421386719 0.134674072265625 -0.150039672851563
-0.0063018798828125 -0.118217468261719 0.073028564453125 -0.118850708007813
-0.0591659545898438 -0.100814819335938 0.0403518676757813 -0.0778961181640625
-0.0820388793945313 -0.0669403076171875 0.0461540222167969 -0.0282058715820313
-0.0791702270507813 -0.0563125610351562 0.078704833984375 0.0196533203125
-0.0929718017578125 -0.05950927734375 0.111541748046875 0.0729293823242188
-0.0879364013671875 -0.0731735229492188 0.088653564453125 0.140731811523438
-0.0556716918945313 -0.106544494628906 0.058624267578125 0.166259765625
-0.0226516723632812 -0.125755310058594 0.000930786132812497 0.14666748046875
0.06103515625 -0.118568420410156 -0.0267791748046875 0.110786437988281
0.0949172973632813 -0.112579345703125 0.0351638793945313 0.0616493225097656
0.120628356933594 -0.0900802612304687 0.158447265625 0.11260986328125
0.1063232421875 -0.0678482055664062 0.077545166015625 -0.124588012695313
0.093017578125 -0.0822982788085938 0.184249877929688 -0.103378295898438
0.0860671997070313 -0.1082763671875 0.180313110351563 -0.11065673828125
0.0346832275390625 -0.115936279296875 0.139999389648438 -0.128936767578125
-0.012786865234375 -0.0871429443359375 0.0838699340820313 -0.0947647094726563
-0.0426712036132813 -0.0663642883300781 0.0644302368164063 -0.0552749633789063
-0.0475120544433594 -0.0431632995605469 0.075592041015625 -0.01129150390625
-0.0444450378417969 -0.037567138671875 0.105575561523438 0.0283660888671875
-0.0529022216796875 -0.0408859252929688 0.137359619140625 0.0786285400390625
-0.0542259216308594 -0.04632568359375 0.113296508789063 0.145919799804688
-0.0395431518554688 -0.0747756958007813 0.0760955810546875 0.16656494140625
-0.0203857421875 -0.0986175537109375 0.0128326416015625 0.143203735351563
0.0505828857421875 -0.101058959960937 -0.017852783203125 0.0955963134765625
0.0765304565429688 -0.0958099365234375 0.0532951354980469 0.0298194885253906
0.0903854370117188 -0.07421875 0.198104858398438 0.0857696533203125
0.0450859069824219 -0.0501251220703125 0.0848388671875 -0.142669677734375
0.0471343994140625 -0.0634269714355469 0.174148559570313 -0.11529541015625
0.0400619506835938 -0.0838394165039063 0.162551879882813 -0.10333251953125
0.00287628173828126 -0.074554443359375 0.134162902832031 -0.107933044433594
-0.0222320556640625 -0.03826904296875 0.0869522094726563 -0.078826904296875
-0.0209445953369141 -0.0163021087646484 0.0767974853515625 -0.042694091796875
-0.005615234375 -0.0107297897338867 0.0890045166015625 -0.0040740966796875
-0.00222587585449219 -0.0132627487182617 0.115310668945313 0.033203125
-0.00502872467041016 -0.0165882110595703 0.144073486328125 0.0847930908203125
-0.013096809387207 -0.0156459808349609 0.117721557617188 0.1514892578125
-0.0147686004638672 -0.0348911285400391 0.075469970703125 0.1668701171875
-0.00845718383789062 -0.0585403442382813 0.01251220703125 0.138557434082031
0.0393257141113281 -0.0625572204589844 -0.0179672241210938 0.0840377807617188
0.0478477478027344 -0.0557365417480469 0.0615005493164063 0.011810302734375
0.04632568359375 -0.0422706604003906 0.221038818359375 0.0677337646484375
-0.0171661376953125 -0.0241107940673828 0.068389892578125 -0.15948486328125
-0.00368118286132813 -0.0391769409179688 0.142852783203125 -0.125350952148438
-0.012939453125 -0.0502777099609375 0.136978149414062 -0.0995941162109375
-0.0310993194580078 -0.0222129821777344 0.122833251953125 -0.099700927734375
-0.0285720825195313 0.0195674896240234 0.0829315185546875 -0.0778732299804688
0.00710296630859375 0.0383338928222656 0.0753631591796875 -0.0475616455078125
0.0394363403320313 0.022430419921875 0.0845565795898438 -0.0086669921875
0.0391387939453125 0.014556884765625 0.106842041015625 0.0319671630859375
0.04132080078125 0.0114288330078125 0.131988525390625 0.0896453857421875
0.0254478454589844 0.0176200866699219 0.105239868164063 0.155227661132813
0.0056614875793457 0.00841951370239258 0.061737060546875 0.167236328125
-0.000788688659667969 -0.0126914978027344 0.00416564941406251 0.139244079589844
0.0206146240234375 -0.0172576904296875 -0.0271530151367187 0.0838088989257813
0.00716114044189453 -0.00795125961303711 0.0557212829589844 0.0125350952148437
-0.0089120864868164 -0.00494003295898438 0.223892211914063 0.0600128173828125
0.11456298828125 -0.026580810546875 -0.180679321289062 -0.0489654541015625
0.0336036682128906 -0.0521202087402344 -0.0300445556640625 -0.0406150817871094
0.0123558044433594 -0.0430946350097656 0.0496139526367187 -0.098724365234375
-0.00382232666015624 -0.0496482849121094 0.0223236083984375 -0.16058349609375
-0.0261116027832031 -0.047760009765625 -0.0277252197265625 -0.163955688476563
-0.0675468444824219 -0.0422515869140625 -0.0938568115234375 -0.143905639648438
-0.0922470092773437 -0.0210189819335937 -0.118682861328125 -0.0845184326171875
-0.085601806640625 -0.024688720703125 -0.08465576171875 -0.0274658203125
-0.091552734375 -0.0435104370117187 -0.0605926513671875 0.0268402099609375
-0.0568313598632813 -0.0745620727539063 -0.0671730041503906 0.06878662109375
-0.000915527343750006 -0.0801467895507813 -0.0707626342773438 0.104789733886719
0.0401458740234375 -0.0531692504882813 -0.0948867797851562 0.103721618652344
0.0605850219726563 0.000782012939453125 -0.131019592285156 0.108055114746094
0.0620651245117188 0.00704193115234375 -0.11602783203125 0.134040832519531
0.0887069702148438 0.00959014892578125 -0.04742431640625 0.163299560546875
0.159591674804688 -0.0550994873046875 -0.130485534667969 -0.0625991821289062
0.0765304565429687 -0.0831527709960938 0.0166664123535156 -0.0610885620117188
0.0479736328125 -0.0806732177734375 0.0823211669921875 -0.115272521972656
0.0132369995117188 -0.088958740234375 0.050506591796875 -0.172470092773437
-0.0237503051757812 -0.0828170776367188 0.000488281250000003 -0.166641235351563
-0.0804901123046875 -0.0752487182617187 -0.059539794921875 -0.142105102539063
-0.114189147949219 -0.0455398559570313 -0.0782928466796875 -0.0824737548828125
-0.108856201171875 -0.0451583862304688 -0.0441818237304688 -0.021148681640625
-0.120750427246094 -0.0627670288085937 -0.0174827575683594 0.0382308959960938
-0.0873031616210938 -0.0995712280273437 -0.0305328369140625 0.091644287109375
-0.0194244384765625 -0.120063781738281 -0.03839111328125 0.128105163574219
0.0360794067382812 -0.100784301757813 -0.0689163208007813 0.120292663574219
0.0887832641601563 -0.0421142578125 -0.0946121215820312 0.119316101074219
0.0994644165039063 -0.0313339233398438 -0.06597900390625 0.133155822753906
0.125595092773438 -0.025177001953125 0.00616455078125001 0.166946411132813
0.184738159179687 -0.07196044921875 -0.067169189453125 -0.0796051025390625
0.112991333007812 -0.0986480712890625 0.0757675170898438 -0.0791473388671875
0.0840606689453125 -0.108901977539063 0.123687744140625 -0.126838684082031
0.0341644287109375 -0.120986938476563 0.0853271484375 -0.179244995117188
-0.0159072875976563 -0.110443115234375 0.0298614501953125 -0.163467407226563
-0.0810623168945312 -0.101005554199219 -0.0221099853515625 -0.132774353027344
-0.117988586425781 -0.065185546875 -0.0331039428710938 -0.0731277465820313
-0.114639282226563 -0.0589065551757812 0.00284004211425781 -0.0120325088500977
-0.130767822265625 -0.071319580078125 0.0343360900878906 0.0487327575683594
-0.105339050292969 -0.104820251464844 0.0172271728515625 0.112823486328125
-0.0412216186523438 -0.135940551757813 0.001922607421875 0.149383544921875
0.0157699584960938 -0.130714416503906 -0.03802490234375 0.137985229492188
0.0918960571289063 -0.0834579467773438 -0.0613479614257812 0.126983642578125
0.114639282226562 -0.07183837890625 -0.0202407836914062 0.119522094726563
0.141204833984375 -0.05792236328125 0.065673828125 0.15643310546875
0.182601928710938 -0.0763092041015625 -0.0016326904296875 -0.0961074829101563
0.130622863769531 -0.0992202758789063 0.133903503417969 -0.0918121337890625
0.108901977539062 -0.121849060058594 0.162155151367188 -0.130264282226563
0.05029296875 -0.139671325683594 0.116790771484375 -0.175994873046875
-0.00745391845703125 -0.12322998046875 0.056365966796875 -0.149795532226563
-0.0722198486328125 -0.110977172851563 0.0144805908203125 -0.113174438476563
-0.104881286621094 -0.0733871459960937 0.0129051208496094 -0.0565299987792969
-0.102699279785156 -0.0633163452148438 0.0484962463378906 -0.001556396484375
-0.1202392578125 -0.069793701171875 0.0840606689453125 0.0563125610351562
-0.105659484863281 -0.0937271118164062 0.0664138793945313 0.126609802246094
-0.05450439453125 -0.128898620605469 0.043487548828125 0.160888671875
-0.0078125 -0.137596130371094 -0.00808715820312499 0.147918701171875
0.0790786743164063 -0.111381530761719 -0.0350875854492188 0.125152587890625
0.110786437988281 -0.101875305175781 0.0167999267578125 0.0924530029296875
0.13873291015625 -0.0804061889648437 0.123321533203125 0.134147644042969
0.15252685546875 -0.0721282958984375 0.0518646240234375 -0.11151123046875
0.120773315429688 -0.0894927978515625 0.175567626953125 -0.102691650390625
0.109771728515625 -0.118911743164062 0.183914184570313 -0.128067016601563
0.0524749755859375 -0.136329650878906 0.136947631835938 -0.160858154296875
-0.00408172607421875 -0.114715576171875 0.0746612548828125 -0.127044677734375
-0.0570297241210937 -0.09967041015625 0.0446929931640625 -0.0870437622070312
-0.0777740478515625 -0.066925048828125 0.052337646484375 -0.036224365234375
-0.075775146484375 -0.0567245483398437 0.0869140625 0.0098876953125
-0.0897293090820312 -0.0599212646484375 0.123725891113281 0.061737060546875
-0.0836944580078125 -0.0726547241210938 0.106285095214844 0.133766174316406
-0.05145263671875 -0.10504150390625 0.0757598876953125 0.162887573242188
-0.0202560424804687 -0.122604370117187 0.0146942138671875 0.14813232421875
0.0630416870117188 -0.115470886230469 -0.0169219970703125 0.112785339355469
0.0947189331054688 -0.107505798339844 0.0434303283691406 0.057891845703125
0.119354248046875 -0.0832977294921875 0.174392700195313 0.105636596679688
0.099945068359375 -0.0607528686523438 0.0835647583007813 -0.126655578613281
0.088043212890625 -0.072479248046875 0.191543579101563 -0.111663818359375
0.08270263671875 -0.10101318359375 0.1846923828125 -0.12005615234375
0.0356063842773438 -0.109909057617188 0.142257690429688 -0.139114379882813
-0.00695037841796876 -0.0817794799804688 0.0848312377929688 -0.103408813476563
-0.036041259765625 -0.0659217834472656 0.0658226013183594 -0.0630607604980469
-0.0397071838378906 -0.0469398498535156 0.0796890258789063 -0.0184326171875
-0.0360527038574219 -0.0407638549804688 0.11151123046875 0.019775390625
-0.04437255859375 -0.0441322326660156 0.147415161132813 0.0686798095703125
-0.045501708984375 -0.0466880798339844 0.128402709960938 0.138839721679688
-0.0318374633789063 -0.0704727172851563 0.0912017822265625 0.162307739257813
-0.0152816772460938 -0.0914382934570313 0.02508544921875 0.143173217773438
0.0501174926757813 -0.0928955078125 -0.0091552734375 0.0972671508789063
0.0720062255859375 -0.0865936279296875 0.060394287109375 0.0281753540039062
0.0850753784179688 -0.0656509399414063 0.212905883789062 0.08074951171875
0.0364303588867188 -0.0420150756835938 0.08984375 -0.140777587890625
0.0399551391601563 -0.0526351928710938 0.18060302734375 -0.11920166015625
0.0348052978515625 -0.0731582641601562 0.167221069335938 -0.112045288085937
0.00472640991210938 -0.064727783203125 0.136589050292969 -0.117919921875
-0.0146579742431641 -0.0302162170410156 0.0850143432617188 -0.0863189697265625
-0.00950813293457031 -0.0148286819458008 0.0748825073242188 -0.0493392944335938
0.00628376007080078 -0.0161762237548828 0.0897064208984375 -0.0084228515625
0.00850772857666015 -0.0173244476318359 0.117874145507813 0.0271377563476563
0.0067138671875 -0.0220184326171875 0.150665283203125 0.076873779296875
8.39233398437495E-05 -0.01739501953125 0.129135131835938 0.144821166992187
-0.00367927551269532 -0.0298347473144531 0.0867462158203125 0.162384033203125
-0.00237655639648437 -0.0488510131835938 0.0222015380859375 0.139335632324219
0.0380439758300781 -0.0517616271972656 -0.0111083984375 0.0870742797851563
0.0409774780273438 -0.0436553955078125 0.0667304992675781 0.0131416320800781
0.0376625061035156 -0.0316162109375 0.232589721679688 0.0661163330078125
-0.0279960632324219 -0.0157604217529297 0.069580078125 -0.154296875
-0.0135002136230469 -0.0284709930419922 0.147445678710938 -0.126129150390625
-0.0202293395996094 -0.0378494262695313 0.139602661132813 -0.106613159179687
-0.0297966003417969 -0.00996780395507812 0.12261962890625 -0.109962463378906
-0.0198078155517578 0.0286731719970703 0.077667236328125 -0.0834197998046875
0.0215377807617188 0.039459228515625 0.0695915222167969 -0.0513648986816406
0.0521430969238281 0.0160980224609375 0.0815200805664063 -0.009002685546875
0.0516281127929688 0.00818252563476563 0.105880737304687 0.0300216674804687
0.0543708801269531 0.00389480590820312 0.133979797363281 0.08563232421875
0.0400276184082031 0.014801025390625 0.113494873046875 0.151336669921875
0.0184040069580078 0.0133094787597656 0.0698089599609375 0.1651611328125
0.00654268264770508 -0.00369548797607422 0.0113296508789063 0.140388488769531
0.0192165374755859 -0.00556182861328125 -0.0228042602539062 0.088409423828125
-0.000261306762695313 0.00564146041870117 0.0589103698730469 0.0171890258789063
-0.0191192626953125 0.00664138793945313 0.231338500976563 0.0614776611328125
0.128852844238281 -0.0431594848632813 -0.191375732421875 -0.0562744140625
0.0351600646972656 -0.067169189453125 -0.0360183715820313 -0.0500297546386719
0.00800323486328126 -0.0566482543945313 0.0457229614257812 -0.107887268066406
-0.0150794982910156 -0.0586662292480469 0.0170745849609375 -0.1673583984375
-0.0395469665527344 -0.0509567260742188 -0.0304718017578125 -0.168670654296875
-0.0839004516601563 -0.0369415283203125 -0.096343994140625 -0.147933959960938
-0.10614013671875 -0.0108489990234375 -0.12042236328125 -0.0870513916015625
-0.0981826782226563 -0.0163955688476563 -0.0835800170898438 -0.0317001342773438
-0.1082763671875 -0.0349655151367187 -0.0557060241699219 0.0233573913574219
-0.0743484497070313 -0.0747756958007812 -0.0598907470703125 0.071441650390625
-0.01348876953125 -0.0910415649414063 -0.0626602172851563 0.111427307128906
0.0359458923339844 -0.0681190490722656 -0.0929946899414063 0.112251281738281
0.0703353881835938 -0.0150527954101563 -0.134513854980469 0.117874145507813
0.0776901245117188 -0.00612640380859375 -0.122688293457031 0.139396667480469
0.107643127441406 -0.00067901611328125 -0.04791259765625 0.16204833984375
0.1727294921875 -0.068511962890625 -0.134544372558594 -0.074615478515625
0.07867431640625 -0.0961685180664063 0.0148773193359375 -0.074951171875
0.0439987182617187 -0.0923309326171875 0.0819778442382813 -0.12677001953125
0.00325775146484374 -0.0979156494140625 0.04901123046875 -0.182464599609375
-0.034881591796875 -0.0850753784179688 0.000122070312500001 -0.175521850585937
-0.094940185546875 -0.0702133178710938 -0.0588836669921875 -0.150985717773438
-0.125587463378906 -0.0377120971679687 -0.0772628784179688 -0.0896377563476563
-0.119987487792969 -0.0385360717773438 -0.0399742126464844 -0.0296974182128906
-0.135986328125 -0.0567169189453125 -0.00794029235839844 0.0303840637207031
-0.102989196777344 -0.101608276367188 -0.017822265625 0.0912857055664062
-0.030975341796875 -0.131233215332031 -0.0259170532226563 0.132339477539062
0.033203125 -0.116912841796875 -0.0623626708984375 0.128044128417969
0.100105285644531 -0.0570831298828125 -0.0934219360351563 0.12762451171875
0.115760803222656 -0.042999267578125 -0.0669479370117187 0.135765075683594
0.14404296875 -0.0324249267578125 0.013336181640625 0.162460327148437
0.19573974609375 -0.0800628662109375 -0.0662460327148437 -0.0944747924804687
0.116165161132813 -0.106826782226563 0.0789337158203125 -0.0954971313476563
0.0823135375976563 -0.117210388183594 0.125289916992188 -0.141677856445313
0.0279693603515625 -0.128334045410156 0.0859527587890625 -0.1932373046875
-0.0223922729492188 -0.112190246582031 0.0319061279296875 -0.174835205078125
-0.0915451049804688 -0.0987091064453125 -0.01922607421875 -0.144760131835938
-0.126457214355469 -0.060699462890625 -0.0284271240234375 -0.084320068359375
-0.122604370117188 -0.0557937622070313 0.00983619689941406 -0.0239295959472656
-0.14202880859375 -0.067901611328125 0.0469932556152344 0.0369987487792969
-0.116950988769531 -0.107101440429688 0.03436279296875 0.109306335449219
-0.04962158203125 -0.1458740234375 0.0189666748046875 0.152008056640625
0.0139312744140625 -0.144012451171875 -0.026824951171875 0.14306640625
0.102645874023438 -0.0961685180664063 -0.0559463500976563 0.132637023925781
0.128860473632813 -0.080718994140625 -0.0156097412109375 0.118499755859375
0.158035278320312 -0.061859130859375 0.0796356201171875 0.15081787109375
0.19134521484375 -0.0783843994140625 0.00427246093750001 -0.110153198242188
0.134429931640625 -0.101486206054688 0.141555786132813 -0.110137939453125
0.110130310058594 -0.126602172851563 0.16693115234375 -0.146896362304688
0.0488128662109375 -0.14508056640625 0.120712280273437 -0.191726684570313
-0.00901031494140624 -0.125221252441406 0.0588226318359375 -0.163116455078125
-0.0772628784179688 -0.111656188964844 0.0184783935546875 -0.126571655273437
-0.109176635742188 -0.074066162109375 0.0193862915039063 -0.0691337585449219
-0.105964660644531 -0.0639877319335937 0.0575714111328125 -0.0143699645996094
-0.125862121582031 -0.0702285766601563 0.0984268188476562 0.0432662963867187
-0.110794067382813 -0.0963058471679688 0.08612060546875 0.121292114257813
-0.0585556030273437 -0.136039733886719 0.062469482421875 0.160568237304688
-0.00717163085937501 -0.14556884765625 0.00579833984375 0.151214599609375
0.0882492065429687 -0.1182861328125 -0.025665283203125 0.129074096679688
0.120384216308594 -0.105575561523438 0.0250396728515625 0.09002685546875
0.150558471679688 -0.07965087890625 0.142593383789062 0.12750244140625
0.156661987304688 -0.0685272216796875 0.0616989135742188 -0.124160766601562
0.124305725097656 -0.0850143432617187 0.186477661132813 -0.11895751953125
0.112960815429688 -0.118301391601563 0.191192626953125 -0.144058227539063
0.0559310913085938 -0.137603759765625 0.142440795898438 -0.177993774414063
-0.000473022460937502 -0.115798950195313 0.0784454345703125 -0.140205383300781
-0.0553054809570313 -0.102775573730469 0.0486221313476562 -0.100494384765625
-0.0762100219726563 -0.071075439453125 0.0589218139648437 -0.04803466796875
-0.0727691650390625 -0.0613555908203125 0.0953445434570313 -0.00174713134765625
-0.0886917114257813 -0.0640335083007812 0.138572692871094 0.0493316650390625
-0.0822982788085938 -0.0764541625976563 0.125732421875 0.126174926757813
-0.0486373901367187 -0.10858154296875 0.094635009765625 0.160995483398438
-0.0160980224609375 -0.125595092773438 0.0293121337890625 0.149246215820313
0.0685501098632812 -0.115638732910156 -0.00594329833984376 0.116363525390625
0.0994873046875 -0.105522155761719 0.0533905029296875 0.0544929504394531
0.124809265136719 -0.078521728515625 0.196334838867187 0.099456787109375
0.0986404418945313 -0.052459716796875 0.0956039428710938 -0.134330749511719
0.0892333984375 -0.0634002685546875 0.203582763671875 -0.124893188476563
0.0851898193359375 -0.0946884155273438 0.19415283203125 -0.135589599609375
0.0412979125976563 -0.106620788574219 0.148239135742187 -0.155990600585937
0.000892639160156256 -0.0805206298828125 0.0867919921875 -0.114997863769531
-0.028167724609375 -0.069580078125 0.0686569213867187 -0.0743637084960938
-0.0326690673828125 -0.0540351867675781 0.0861129760742188 -0.0277328491210938
-0.0281639099121094 -0.0483932495117188 0.119110107421875 0.0102386474609375
-0.0377235412597656 -0.0510063171386719 0.160308837890625 0.058197021484375
-0.0372085571289062 -0.0517807006835938 0.14654541015625 0.1322021484375
-0.022552490234375 -0.0709991455078125 0.107711791992188 0.159820556640625
-0.00889587402343749 -0.0888824462890625 0.0384674072265625 0.144622802734375
0.0538253784179688 -0.0866851806640625 0.000633239746093761 0.100517272949219
0.0724716186523438 -0.0774688720703125 0.0701522827148438 0.0254974365234375
0.0840377807617188 -0.0556106567382813 0.235107421875 0.07550048828125
0.02850341796875 -0.0309181213378906 0.100265502929688 -0.14483642578125
0.035675048828125 -0.0399894714355469 0.193496704101562 -0.128326416015625
0.0339622497558594 -0.062469482421875 0.176910400390625 -0.124908447265625
0.0107841491699219 -0.0564613342285156 0.141387939453125 -0.132644653320313
-0.00376701354980469 -0.0254497528076172 0.0853118896484375 -0.0958099365234375
0.00362873077392578 -0.0174598693847656 0.075042724609375 -0.0569992065429687
0.0170249938964844 -0.0251617431640625 0.0934677124023438 -0.013519287109375
0.0201644897460937 -0.0264987945556641 0.1231689453125 0.02154541015625
0.0184707641601562 -0.032806396484375 0.159378051757813 0.070587158203125
0.0139369964599609 -0.0229358673095703 0.144515991210938 0.1400146484375
0.00963020324707031 -0.0287284851074219 0.0996246337890625 0.160964965820313
0.00743865966796875 -0.0420684814453125 0.0330657958984375 0.140853881835938
0.041015625 -0.0404930114746094 -0.00360870361328124 0.0909881591796875
0.0386810302734375 -0.0299186706542969 0.0745468139648438 0.01336669921875
0.0316505432128906 -0.0187339782714844 0.25311279296875 0.0646820068359375
-0.04083251953125 -0.00452423095703125 0.075225830078125 -0.153778076171875
-0.0217857360839844 -0.0154895782470703 0.157333374023438 -0.131484985351563
-0.0249233245849609 -0.0226020812988281 0.147048950195313 -0.117752075195313
-0.026275634765625 0.00344085693359375 0.124374389648438 -0.122901916503906
-0.00806427001953126 0.03759765625 0.074615478515625 -0.0919570922851563
0.0377464294433594 0.0387496948242187 0.0648880004882813 -0.0549430847167969
0.0668182373046875 0.00661468505859375 0.081085205078125 -0.00920867919921875
0.0651473999023438 -0.00115966796875 0.107559204101563 0.0298004150390625
0.0686454772949219 -0.00687789916992187 0.139732360839844 0.0838165283203125
0.0559310913085938 0.00777053833007813 0.123321533203125 0.150192260742188
0.0342445373535156 0.0154476165771484 0.0791473388671875 0.165298461914063
0.0177783966064453 0.00524139404296875 0.018341064453125 0.145172119140625
0.0218505859375 0.00853538513183594 -0.0172271728515625 0.0955886840820313
-0.00408554077148437 0.0235996246337891 0.0652313232421875 0.0217971801757813
-0.0287666320800781 0.0226230621337891 0.248184204101563 0.0641326904296875
0.142807006835938 -0.069244384765625 -0.211029052734375 -0.06103515625
0.0322036743164062 -0.088653564453125 -0.0462226867675781 -0.0603713989257813
-0.00274658203125 -0.0729217529296875 0.0390472412109375 -0.119834899902344
-0.0329322814941406 -0.0677337646484375 0.00810241699218748 -0.177398681640625
-0.0575790405273438 -0.0507850646972656 -0.0380401611328125 -0.17742919921875
-0.1036376953125 -0.0247955322265625 -0.106155395507813 -0.15399169921875
-0.121116638183594 0.0055084228515625 -0.12762451171875 -0.0906448364257812
-0.114151000976562 -0.00254058837890626 -0.0864181518554688 -0.036041259765625
-0.127960205078125 -0.0206298828125 -0.052490234375 0.0187301635742187
-0.0978851318359375 -0.0705795288085938 -0.0516128540039063 0.0743484497070313
-0.033111572265625 -0.101913452148438 -0.0526199340820312 0.1182861328125
0.0260086059570313 -0.08673095703125 -0.0895309448242188 0.124580383300781
0.0784683227539063 -0.0365676879882813 -0.137306213378906 0.133735656738281
0.0928421020507813 -0.0251846313476563 -0.128814697265625 0.151535034179687
0.12847900390625 -0.0186691284179688 -0.0470123291015625 0.165374755859375
0.187606811523438 -0.09210205078125 -0.1474609375 -0.0874786376953125
0.0777664184570313 -0.115989685058594 0.00869750976562501 -0.0914230346679688
0.03570556640625 -0.108596801757813 0.0772857666015625 -0.14398193359375
-0.0115509033203125 -0.107070922851562 0.0429229736328125 -0.198516845703125
-0.050384521484375 -0.0864715576171875 -0.0040283203125 -0.1888427734375
-0.113685607910156 -0.0622406005859375 -0.0649566650390625 -0.1639404296875
-0.141036987304687 -0.0240478515625 -0.080291748046875 -0.100006103515625
-0.135063171386719 -0.0278091430664063 -0.0388946533203125 -0.0409355163574219
-0.155685424804688 -0.0449981689453125 -0.00017547607421876 0.0196189880371094
-0.125656127929688 -0.0991973876953125 -0.00302886962890626 0.08935546875
-0.049957275390625 -0.143905639648438 -0.00904846191406251 0.136665344238281
0.0243759155273437 -0.13763427734375 -0.0527725219726562 0.137290954589844
0.110054016113281 -0.0801620483398438 -0.0906143188476563 0.139518737792969
0.133781433105469 -0.063262939453125 -0.0666656494140625 0.141448974609375
0.167144775390625 -0.048736572265625 0.022857666015625 0.159683227539063
0.21221923828125 -0.0968475341796875 -0.0708847045898437 -0.1129150390625
0.118263244628906 -0.122108459472656 0.0781784057617188 -0.118690490722656
0.0788421630859375 -0.13079833984375 0.125808715820313 -0.163726806640625
0.0177154541015625 -0.138679504394531 0.08367919921875 -0.214920043945313
-0.0335006713867188 -0.11578369140625 0.0294952392578125 -0.192672729492187
-0.10662841796875 -0.0941009521484375 -0.0226287841796875 -0.162185668945313
-0.139122009277344 -0.0532760620117188 -0.0275650024414063 -0.0995941162109375
-0.135292053222656 -0.0497665405273438 0.0147323608398437 -0.0398902893066406
-0.15850830078125 -0.0619354248046875 0.0587120056152344 0.0219879150390625
-0.13623046875 -0.10894775390625 0.0547409057617187 0.1024169921875
-0.0645294189453125 -0.158966064453125 0.0410003662109375 0.15155029296875
0.00726318359374999 -0.161972045898437 -0.0120391845703125 0.149276733398438
0.112846374511719 -0.11676025390625 -0.0467987060546875 0.142684936523438
0.145309448242188 -0.0984344482421875 -0.00841522216796874 0.119606018066406
0.178741455078125 -0.0747833251953125 0.097991943359375 0.142776489257813
0.204360961914063 -0.0869293212890625 0.0078582763671875 -0.132057189941406
0.140098571777344 -0.10980224609375 0.1470947265625 -0.136123657226563
0.111228942871094 -0.136085510253906 0.1712646484375 -0.171615600585937
0.045318603515625 -0.154510498046875 0.121566772460937 -0.217453002929687
-0.0144805908203125 -0.131172180175781 0.0599365234375 -0.18389892578125
-0.0862045288085938 -0.112411499023437 0.0178680419921875 -0.14617919921875
-0.117538452148438 -0.0731277465820313 0.021728515625 -0.087188720703125
-0.11419677734375 -0.0637359619140625 0.0650062561035156 -0.0320167541503906
-0.136131286621094 -0.0700302124023438 0.114204406738281 0.0248870849609375
-0.122688293457031 -0.0991897583007813 0.110176086425781 0.110404968261719
-0.0660858154296875 -0.145538330078125 0.087738037109375 0.157180786132813
-0.0106201171875 -0.159622192382813 0.024658203125 0.153717041015625
0.09600830078125 -0.132835388183594 -0.012451171875 0.135009765625
0.133552551269531 -0.116722106933594 0.0363235473632813 0.0854568481445312
0.166168212890625 -0.086181640625 0.168060302734375 0.115737915039063
0.1656494140625 -0.0680389404296875 0.0706787109375 -0.145095825195313
0.1312255859375 -0.0857162475585938 0.19781494140625 -0.145553588867188
0.118309020996094 -0.122322082519531 0.199111938476562 -0.169723510742188
0.058563232421875 -0.144607543945313 0.144927978515625 -0.20465087890625
0.0018463134765625 -0.121360778808594 0.078948974609375 -0.161285400390625
-0.057586669921875 -0.107589721679688 0.0501022338867187 -0.11981201171875
-0.0797119140625 -0.0775299072265625 0.0644378662109375 -0.0654525756835938
-0.0751724243164063 -0.066619873046875 0.104965209960938 -0.0198287963867188
-0.0917587280273437 -0.0696334838867188 0.155044555664063 0.0305023193359375
-0.084564208984375 -0.082061767578125 0.151077270507812 0.112640380859375
-0.0492019653320313 -0.116127014160156 0.119552612304687 0.154953002929688
-0.0150604248046875 -0.132583618164063 0.049041748046875 0.150146484375
0.076080322265625 -0.1217041015625 0.00771331787109375 0.119239807128906
0.107627868652344 -0.108360290527344 0.0663032531738281 0.0475273132324219
0.134971618652344 -0.0775299072265625 0.225692749023438 0.0859222412109375
0.101104736328125 -0.0440444946289063 0.107955932617188 -0.15289306640625
0.0931167602539063 -0.0560302734375 0.219497680664063 -0.148818969726563
0.0912628173828125 -0.0912017822265625 0.204544067382812 -0.160781860351563
0.048736572265625 -0.107978820800781 0.1531982421875 -0.181182861328125
0.00968170166015625 -0.0837554931640625 0.0871810913085938 -0.1334228515625
-0.0213241577148437 -0.0766143798828125 0.06927490234375 -0.0895538330078125
-0.0289802551269531 -0.0655021667480469 0.0919265747070313 -0.0411834716796875
-0.0242881774902344 -0.0590591430664063 0.127761840820313 -0.0037078857421875
-0.0338592529296875 -0.06268310546875 0.176528930664063 0.0419769287109375
-0.0311279296875 -0.0604705810546875 0.170639038085937 0.119583129882813
-0.0136947631835937 -0.0766448974609375 0.131378173828125 0.15386962890625
-0.000228881835937507 -0.0898284912109375 0.0576019287109375 0.144805908203125
0.0611190795898438 -0.0838623046875 0.0141525268554688 0.102981567382812
0.0768966674804688 -0.0699615478515625 0.0837249755859375 0.0188751220703125
0.087646484375 -0.04644775390625 0.265838623046875 0.064422607421875
0.0234603881835938 -0.0159416198730469 0.111709594726563 -0.157150268554688
0.0358161926269531 -0.0270957946777344 0.209686279296875 -0.147598266601563
0.0374870300292969 -0.0501480102539063 0.1859130859375 -0.147232055664063
0.0199165344238281 -0.0502510070800781 0.14434814453125 -0.15606689453125
0.0088043212890625 -0.0236854553222656 0.083282470703125 -0.109848022460938
0.017303466796875 -0.0245037078857422 0.0740432739257813 -0.0673294067382813
0.0277214050292969 -0.0394744873046875 0.0980377197265625 -0.0212554931640625
0.0302085876464844 -0.0412178039550781 0.131668090820313 0.0138473510742187
0.0290298461914063 -0.0479583740234375 0.172821044921875 0.0586090087890625
0.0269260406494141 -0.0340652465820313 0.164031982421875 0.131301879882813
0.0255832672119141 -0.0320892333984375 0.11871337890625 0.156845092773438
0.0206108093261719 -0.0384330749511719 0.0482330322265625 0.14288330078125
0.048797607421875 -0.029510498046875 0.00797271728515624 0.0962982177734375
0.0409164428710938 -0.0126686096191406 0.0875701904296875 0.0109405517578125
0.0293636322021484 -0.00220870971679687 0.2823486328125 0.056427001953125
-0.0521812438964844 0.0121574401855469 0.0828704833984375 -0.159500122070313
-0.0282154083251953 0.00131034851074219 0.170974731445313 -0.1451416015625
-0.0269565582275391 -0.00454139709472657 0.154098510742188 -0.137313842773438
-0.0173053741455078 0.0179996490478516 0.123825073242187 -0.142684936523438
0.00723648071289063 0.0445327758789063 0.0684356689453125 -0.102371215820313
0.0574874877929688 0.0333595275878906 0.0603523254394531 -0.0595130920410156
0.0821762084960937 -0.00801849365234375 0.0824203491210938 -0.0106048583984375
0.0798721313476563 -0.0167083740234375 0.1134033203125 0.0281448364257813
0.084686279296875 -0.02490234375 0.15093994140625 0.080108642578125
0.0745391845703125 -0.0040740966796875 0.139556884765625 0.14654541015625
0.0541458129882813 0.0133323669433594 0.09393310546875 0.165740966796875
0.034271240234375 0.0115547180175781 0.0309906005859375 0.151031494140625
0.0290451049804688 0.0236358642578125 -0.00955200195312499 0.104377746582031
-0.00407028198242187 0.0456314086914063 0.0757064819335938 0.0252838134765625
-0.0351181030273438 0.0433082580566406 0.2744140625 0.0610198974609375
0.149948120117188 -0.106521606445313 -0.236801147460938 -0.0582122802734376
0.0200958251953125 -0.112716674804688 -0.0630912780761719 -0.0670089721679688
-0.0217666625976563 -0.0878448486328125 0.0258331298828125 -0.131072998046875
-0.0568084716796875 -0.0709152221679688 -0.008056640625 -0.187164306640625
-0.0792617797851563 -0.0432815551757812 -0.0522003173828125 -0.184982299804688
-0.123565673828125 -0.00296020507812498 -0.121719360351563 -0.155929565429688
-0.133163452148438 0.0316162109375 -0.138023376464844 -0.0907135009765625
-0.126457214355469 0.0207061767578125 -0.0919723510742188 -0.0400848388671875
-0.14605712890625 0.00491333007812498 -0.050689697265625 0.0142631530761719
-0.123382568359375 -0.0567779541015625 -0.04132080078125 0.0749740600585938
-0.0596847534179688 -0.1058349609375 -0.0372238159179688 0.125045776367188
0.00720977783203124 -0.104995727539062 -0.0800628662109375 0.139205932617188
0.07928466796875 -0.065765380859375 -0.1343994140625 0.155487060546875
0.103614807128906 -0.05615234375 -0.130767822265625 0.170181274414063
0.1468505859375 -0.04901123046875 -0.043670654296875 0.170272827148438
0.198028564453125 -0.126800537109375 -0.169113159179688 -0.097137451171875
0.0689697265625 -0.140098571777344 -0.00522613525390625 -0.109817504882813
0.01934814453125 -0.125007629394531 0.0657958984375 -0.163436889648438
-0.034088134765625 -0.112464904785156 0.0282745361328125 -0.215728759765625
-0.071044921875 -0.0819015502929688 -0.0172882080078125 -0.203765869140625
-0.133094787597656 -0.0427398681640625 -0.078887939453125 -0.174942016601563
-0.15435791015625 -0.00163269042968752 -0.08941650390625 -0.110153198242188
-0.149429321289063 -0.00831604003906251 -0.0418167114257813 -0.0535430908203125
-0.17498779296875 -0.0228271484375 0.00538015365600585 0.00544595718383789
-0.152969360351563 -0.0880584716796875 0.0127487182617187 0.0823287963867188
-0.0774078369140625 -0.151657104492188 0.0124664306640625 0.136024475097656
0.005523681640625 -0.158477783203125 -0.0372772216796875 0.144927978515625
0.113037109375 -0.112190246582031 -0.0802154541015625 0.155258178710937
0.1463623046875 -0.0955352783203125 -0.0615234375 0.150131225585938
0.188095092773438 -0.0785369873046875 0.0352783203125 0.154495239257812
0.224029541015625 -0.124893188476563 -0.084930419921875 -0.133529663085938
0.114669799804688 -0.142913818359375 0.0683746337890625 -0.146499633789063
0.0681915283203125 -0.147689819335938 0.116806030273438 -0.190414428710938
0.00108337402343751 -0.146728515625 0.0710601806640625 -0.240493774414063
-0.049591064453125 -0.1158447265625 0.0178375244140625 -0.214675903320313
-0.123863220214844 -0.082763671875 -0.0341949462890625 -0.181289672851563
-0.152587890625 -0.038604736328125 -0.0349960327148438 -0.118179321289063
-0.14837646484375 -0.0373687744140625 0.0137710571289062 -0.0597381591796875
-0.176712036132813 -0.046356201171875 0.0679512023925781 -0.000495910644531253
-0.159912109375 -0.10040283203125 0.0755615234375 0.0875167846679688
-0.0889739990234375 -0.1661376953125 0.06744384765625 0.143753051757813
-0.00947570800781249 -0.182357788085938 0.00930786132812502 0.151321411132813
0.11541748046875 -0.145919799804688 -0.0302581787109375 0.149642944335938
0.157073974609375 -0.126312255859375 0.00110626220703126 0.117843627929687
0.19818115234375 -0.099090576171875 0.118614196777344 0.126594543457031
0.216766357421875 -0.104812622070312 0.00132751464843751 -0.159713745117187
0.142654418945313 -0.12445068359375 0.144241333007813 -0.17144775390625
0.108306884765625 -0.151199340820313 0.16632080078125 -0.20513916015625
0.0362548828125 -0.16497802734375 0.110427856445313 -0.249435424804687
-0.0232162475585937 -0.135871887207031 0.0491943359375 -0.208770751953125
-0.0988311767578125 -0.109916687011719 0.00837707519531249 -0.170364379882813
-0.12896728515625 -0.0688629150390625 0.0185928344726563 -0.10986328125
-0.124359130859375 -0.059539794921875 0.0668487548828125 -0.0563316345214844
-0.150375366210938 -0.063751220703125 0.125556945800781 -0.00305938720703125
-0.138847351074219 -0.0977706909179687 0.133796691894531 0.0879898071289063
-0.0831298828125 -0.154861450195312 0.116729736328125 0.14300537109375
-0.0218658447265625 -0.175582885742188 0.0493316650390625 0.150436401367188
0.099212646484375 -0.154525756835938 0.0070343017578125 0.136215209960938
0.143707275390625 -0.136581420898438 0.0494842529296875 0.0762176513671875
0.1829833984375 -0.101486206054688 0.195281982421875 0.0915374755859375
0.175521850585938 -0.073486328125 0.0726776123046875 -0.175338745117188
0.13836669921875 -0.0901565551757813 0.2017822265625 -0.1846923828125
0.12255859375 -0.130752563476563 0.19927978515625 -0.206802368164063
0.0582427978515625 -0.154891967773438 0.137100219726563 -0.239028930664062
0.000251770019531244 -0.129119873046875 0.0705718994140625 -0.185592651367187
-0.0631561279296875 -0.113067626953125 0.0430145263671875 -0.142807006835938
-0.086700439453125 -0.0833816528320312 0.0640029907226563 -0.0887985229492188
-0.0806198120117188 -0.0722198486328125 0.10980224609375 -0.0442276000976563
-0.100044250488281 -0.0746688842773437 0.16778564453125 0.001220703125
-0.0917205810546875 -0.0873947143554688 0.176513671875 0.089202880859375
-0.054351806640625 -0.124214172363281 0.148712158203125 0.138534545898438
-0.0168609619140625 -0.142562866210938 0.0738372802734375 0.143524169921875
0.0812835693359375 -0.132728576660156 0.0274276733398438 0.116966247558594
0.115669250488281 -0.115882873535156 0.0806961059570313 0.033721923828125
0.14599609375 -0.0816497802734375 0.258102416992188 0.0575103759765625
0.107612609863281 -0.0373992919921875 0.1138916015625 -0.18109130859375
0.10113525390625 -0.0501785278320313 0.228591918945313 -0.185989379882813
0.0999374389648438 -0.0899200439453125 0.207382202148438 -0.196548461914063
0.057037353515625 -0.113510131835937 0.146377563476563 -0.214767456054688
0.0167083740234375 -0.0914230346679688 0.0798187255859375 -0.154754638671875
-0.0188446044921875 -0.087921142578125 0.0652847290039063 -0.109413146972656
-0.0298690795898438 -0.0797195434570313 0.0938186645507813 -0.060882568359375
-0.0241241455078125 -0.0729827880859375 0.134300231933594 -0.02459716796875
-0.034454345703125 -0.0781631469726563 0.18988037109375 0.015533447265625
-0.0278854370117187 -0.0731201171875 0.194122314453125 0.096405029296875
-0.00731658935546876 -0.0861740112304688 0.15667724609375 0.13800048828125
0.00708007812499999 -0.0940704345703125 0.0801162719726563 0.138214111328125
0.06939697265625 -0.083465576171875 0.0324172973632813 0.100807189941406
0.0846099853515625 -0.0642929077148438 0.0974807739257812 0.004730224609375
0.0945663452148437 -0.0388870239257813 0.3004150390625 0.03472900390625
0.0223731994628906 0.00123023986816406 0.119415283203125 -0.179367065429687
0.0395736694335938 -0.011444091796875 0.220321655273438 -0.179824829101563
0.0462913513183594 -0.0389213562011719 0.189529418945313 -0.179443359375
0.0325851440429688 -0.0467605590820313 0.138214111328125 -0.185501098632813
0.0243473052978516 -0.0266819000244141 0.0753326416015625 -0.127876281738281
0.0301589965820313 -0.0392913818359375 0.0692672729492187 -0.0800857543945313
0.0334663391113281 -0.0606269836425781 0.101455688476562 -0.034027099609375
0.0361709594726562 -0.0625572204589844 0.138160705566406 -0.000991821289062504
0.0354080200195313 -0.0714263916015625 0.186370849609375 0.04095458984375
0.0376167297363281 -0.0531463623046875 0.185653686523438 0.112991333007813
0.0418739318847656 -0.0416069030761719 0.141647338867187 0.145904541015625
0.0368919372558594 -0.0399093627929688 0.0698394775390625 0.140884399414063
0.0611038208007813 -0.0210151672363281 0.0241470336914063 0.097381591796875
0.0484695434570312 0.00426864624023438 0.1016845703125 0.0008392333984375
0.0328369140625 0.0167903900146484 0.316619873046875 0.031829833984375
-0.0602645874023438 0.0377464294433594 0.0876617431640625 -0.172164916992188
-0.0306720733642578 0.0242195129394531 0.179290771484375 -0.169403076171875
-0.0217418670654297 0.0171184539794922 0.154434204101563 -0.164138793945313
-0.0011749267578125 0.03125 0.11529541015625 -0.16796875
0.0291976928710938 0.0472831726074219 0.0568695068359375 -0.113853454589844
0.0792617797851563 0.0192184448242188 0.0535392761230469 -0.0639495849609375
0.0944061279296875 -0.032470703125 0.0848846435546875 -0.0138015747070313
0.090850830078125 -0.0410308837890625 0.120101928710937 0.0226364135742187
0.095123291015625 -0.052581787109375 0.163375854492188 0.0709991455078125
0.09033203125 -0.0265579223632812 0.15814208984375 0.136306762695313
0.0766830444335938 0.0026397705078125 0.112335205078125 0.1611328125
0.0558700561523437 0.0122184753417969 0.0487823486328125 0.153060913085938
0.0453453063964844 0.0385513305664063 0.00628662109375 0.110992431640625
0.00669097900390624 0.0714950561523438 0.0902023315429688 0.0230636596679688
-0.0360488891601563 0.0708236694335938 0.306121826171875 0.0452880859375
0.141342163085937 -0.148651123046875 -0.26214599609375 -0.0452117919921875
-0.00310516357421874 -0.134056091308594 -0.0840530395507813 -0.067718505859375
-0.0489959716796875 -0.0953369140625 0.00698089599609373 -0.137664794921875
-0.084625244140625 -0.06353759765625 -0.029510498046875 -0.189987182617188
-0.100189208984375 -0.0264205932617187 -0.0705718994140625 -0.1859130859375
-0.132766723632813 0.029266357421875 -0.138885498046875 -0.150985717773437
-0.135017395019531 0.0651397705078125 -0.149261474609375 -0.0858001708984375
-0.129966735839844 0.0513229370117187 -0.0998077392578125 -0.0404129028320312
-0.153594970703125 0.039398193359375 -0.0513572692871094 0.007568359375
-0.144393920898438 -0.030975341796875 -0.02972412109375 0.0711669921875
-0.0914077758789063 -0.0992584228515625 -0.0185165405273438 0.125083923339844
-0.0206680297851563 -0.115959167480469 -0.0639801025390625 0.149642944335938
0.0665054321289062 -0.0957565307617188 -0.121017456054687 0.176101684570313
0.100639343261719 -0.0930404663085938 -0.124771118164062 0.1898193359375
0.15338134765625 -0.0895843505859375 -0.0365142822265625 0.17437744140625
0.193939208984375 -0.168502807617188 -0.19439697265625 -0.099395751953125
0.0484619140625 -0.162689208984375 -0.0282440185546875 -0.122955322265625
-0.00651550292968751 -0.135643005371094 0.0452423095703125 -0.178314208984375
-0.0604019165039063 -0.1087646484375 0.00529479980468747 -0.227874755859375
-0.0909423828125 -0.067413330078125 -0.03765869140625 -0.212661743164063
-0.146102905273438 -0.0142364501953125 -0.097564697265625 -0.179718017578125
-0.158950805664063 0.027984619140625 -0.10235595703125 -0.1171875
-0.1566162109375 0.018646240234375 -0.0502891540527344 -0.0654830932617188
-0.186492919921875 0.00836181640625001 0.00489521026611327 -0.0118904113769531
-0.176162719726562 -0.0634765625 0.0264511108398437 0.0671958923339844
-0.10986328125 -0.14703369140625 0.0355682373046875 0.125480651855469
-0.023468017578125 -0.173324584960938 -0.0169219970703125 0.146255493164063
0.102584838867188 -0.146499633789063 -0.0621490478515625 0.165206909179688
0.14630126953125 -0.1357421875 -0.053009033203125 0.155838012695312
0.197494506835938 -0.119354248046875 0.046112060546875 0.142074584960938
0.224075317382813 -0.160552978515625 -0.10797119140625 -0.150527954101563
0.101730346679688 -0.164566040039063 0.0468292236328125 -0.173049926757813
0.0489044189453125 -0.1605224609375 0.097015380859375 -0.214630126953125
-0.0214996337890625 -0.149063110351563 0.0461578369140625 -0.261337280273438
-0.0673904418945313 -0.107704162597656 -0.00373840332031248 -0.231826782226562
-0.137306213378906 -0.0624160766601563 -0.054779052734375 -0.196273803710938
-0.1611328125 -0.0165557861328125 -0.0497817993164063 -0.134567260742188
-0.156845092773438 -0.017913818359375 0.00504302978515624 -0.0805892944335938
-0.189788818359375 -0.022552490234375 0.0667877197265625 -0.0291328430175781
-0.182052612304687 -0.0815582275390625 0.0918045043945312 0.0622177124023437
-0.118209838867187 -0.16552734375 0.0917510986328125 0.1229248046875
-0.0363311767578125 -0.197052001953125 0.0323333740234375 0.143646240234375
0.106689453125 -0.178070068359375 -0.01043701171875 0.1495361328125
0.15765380859375 -0.161697387695312 0.011688232421875 0.11126708984375
0.208404541015625 -0.133392333984375 0.133888244628906 0.1007080078125
0.223175048828125 -0.129837036132813 -0.0166473388671875 -0.18817138671875
0.138160705566406 -0.140388488769531 0.124496459960938 -0.2091064453125
0.0982818603515625 -0.165481567382813 0.147415161132813 -0.238311767578125
0.021209716796875 -0.173233032226563 0.0861053466796875 -0.27838134765625
-0.0350494384765625 -0.135795593261719 0.0272674560546875 -0.2301025390625
-0.111503601074219 -0.102287292480469 -0.0122528076171875 -0.189361572265625
-0.138389587402344 -0.058868408203125 0.005584716796875 -0.132278442382813
-0.132553100585938 -0.0510025024414063 0.0594100952148437 -0.081695556640625
-0.162353515625 -0.0520172119140625 0.126487731933594 -0.0374679565429687
-0.154525756835938 -0.088226318359375 0.15118408203125 0.054351806640625
-0.10406494140625 -0.155776977539063 0.141571044921875 0.11614990234375
-0.0402374267578125 -0.18621826171875 0.0721282958984375 0.134254455566406
0.0932464599609375 -0.178070068359375 0.0277099609375 0.128738403320313
0.144180297851563 -0.16162109375 0.0591239929199219 0.0600929260253906
0.192489624023438 -0.124893188476562 0.214599609375 0.05511474609375
0.185684204101563 -0.083465576171875 0.0594482421875 -0.208724975585938
0.142196655273438 -0.099212646484375 0.188461303710938 -0.2276611328125
0.12347412109375 -0.142074584960938 0.182083129882812 -0.243499755859375
0.0532989501953125 -0.16595458984375 0.1148681640625 -0.2718505859375
-0.0045623779296875 -0.136955261230469 0.05126953125 -0.208938598632813
-0.0719223022460937 -0.116722106933594 0.027099609375 -0.1641845703125
-0.09576416015625 -0.0855560302734375 0.0534133911132812 -0.112655639648438
-0.0888900756835938 -0.0763092041015625 0.104461669921875 -0.0720291137695313
-0.111122131347656 -0.07684326171875 0.1685791015625 -0.0351715087890625
-0.101112365722656 -0.0894317626953125 0.191680908203125 0.0523681640625
-0.0628662109375 -0.131156921386719 0.170578002929688 0.108078002929687
-0.0227813720703125 -0.15234375 0.0963287353515625 0.125175476074219
0.0816650390625 -0.146774291992188 0.0482330322265625 0.105140686035156
0.120979309082031 -0.127304077148438 0.0906753540039063 0.0124588012695312
0.156692504882813 -0.0911102294921875 0.279495239257813 0.013458251953125
0.117469787597656 -0.0311050415039063 0.108474731445313 -0.214096069335938
0.111328125 -0.0469970703125 0.220718383789062 -0.2293701171875
0.109710693359375 -0.09429931640625 0.193893432617187 -0.235137939453125
0.0638351440429688 -0.123222351074219 0.125991821289063 -0.24737548828125
0.0210037231445313 -0.102020263671875 0.062255859375 -0.174102783203125
-0.0193405151367188 -0.102058410644531 0.0518417358398438 -0.126792907714844
-0.0373916625976563 -0.0942230224609375 0.08837890625 -0.0828781127929688
-0.0303497314453125 -0.0889129638671875 0.13250732421875 -0.0497512817382813
-0.0415878295898438 -0.0921096801757813 0.192169189453125 -0.0181884765625
-0.0304412841796875 -0.0863876342773438 0.2078857421875 0.060150146484375
-0.00362396240234375 -0.0988540649414063 0.1766357421875 0.108596801757813
0.0137557983398437 -0.10272216796875 0.102088928222656 0.12066650390625
0.0790939331054688 -0.0867156982421875 0.0521392822265625 0.0895919799804688
0.095855712890625 -0.0612335205078125 0.106712341308594 -0.01727294921875
0.105728149414063 -0.0332107543945313 0.32373046875 -0.010345458984375
0.0296783447265625 0.0215797424316406 0.117874145507813 -0.206771850585938
0.0489997863769531 0.00393295288085938 0.217803955078125 -0.21856689453125
0.0608100891113281 -0.0306510925292969 0.180130004882812 -0.215225219726563
0.0477142333984375 -0.0479736328125 0.119186401367188 -0.214141845703125
0.0400276184082031 -0.0369758605957031 0.0599365234375 -0.141128540039062
0.0380744934082031 -0.0597190856933594 0.058990478515625 -0.090179443359375
0.031219482421875 -0.0846786499023438 0.0993499755859375 -0.0487899780273438
0.0327072143554688 -0.0879440307617188 0.139984130859375 -0.01983642578125
0.0305557250976563 -0.0978469848632813 0.193313598632813 0.014007568359375
0.0401611328125 -0.0788345336914063 0.199462890625 0.08367919921875
0.0551986694335938 -0.0598678588867188 0.159896850585938 0.123138427734375
0.0535621643066406 -0.04888916015625 0.0904464721679688 0.125709533691406
0.0796279907226562 -0.015625 0.0423812866210938 0.0909805297851563
0.0655746459960938 0.0192451477050781 0.112228393554688 -0.0157241821289063
0.043182373046875 0.0370597839355469 0.341461181640625 -0.00860595703125
-0.0573272705078125 0.068634033203125 0.0888214111328125 -0.187225341796875
-0.0230216979980469 0.0492706298828125 0.178253173828125 -0.198165893554688
-0.00633621215820313 0.0376472473144531 0.143234252929688 -0.192474365234375
0.0215644836425781 0.0386848449707031 0.0956573486328125 -0.189422607421875
0.0530128479003906 0.0403976440429688 0.040374755859375 -0.120033264160156
0.096435546875 -0.0052642822265625 0.045074462890625 -0.0654830932617188
0.0981597900390625 -0.0628128051757813 0.086822509765625 -0.0186691284179688
0.0920028686523438 -0.0725784301757813 0.125091552734375 0.0134811401367187
0.0949249267578125 -0.086944580078125 0.173431396484375 0.05535888671875
0.0966873168945313 -0.0573806762695313 0.171920776367188 0.117340087890625
0.097015380859375 -0.0184326171875 0.129989624023438 0.14703369140625
0.078399658203125 0.00348663330078125 0.0699615478515625 0.146072387695313
0.0687522888183594 0.0480804443359375 0.02545166015625 0.110305786132812
0.02783203125 0.0943756103515625 0.105628967285156 0.0146331787109375
-0.0244216918945312 0.100486755371094 0.33197021484375 0.015350341796875
0.11993408203125 -0.187362670898438 -0.282806396484375 -0.02587890625
-0.034759521484375 -0.145172119140625 -0.105491638183594 -0.0599441528320312
-0.0784683227539063 -0.0926284790039062 -0.0127182006835938 -0.135040283203125
-0.109001159667969 -0.04547119140625 -0.0460205078125 -0.183364868164063
-0.112129211425781 0.000267028808593726 -0.0863800048828125 -0.178817749023437
-0.131591796875 0.0662689208984375 -0.15130615234375 -0.141571044921875
-0.122047424316406 0.0956039428710938 -0.156661987304687 -0.0797271728515625
-0.123527526855469 0.0806808471679688 -0.105018615722656 -0.039215087890625
-0.1500244140625 0.075958251953125 -0.0545806884765625 0.00370788574218751
-0.152481079101563 0.001678466796875 -0.0200996398925781 0.0619544982910156
-0.116714477539063 -0.0793991088867188 -0.00194549560546876 0.115287780761719
-0.0516433715820313 -0.116188049316406 -0.0465087890625 0.152633666992188
0.0443801879882813 -0.12127685546875 -0.102371215820313 0.190185546875
0.0838241577148437 -0.128280639648438 -0.11236572265625 0.205123901367188
0.146392822265625 -0.132797241210938 -0.03106689453125 0.173446655273438
0.174057006835938 -0.20654296875 -0.221466064453125 -0.094268798828125
0.01898193359375 -0.176528930664063 -0.0558090209960938 -0.128143310546875
-0.0349578857421875 -0.1353759765625 0.021759033203125 -0.185440063476563
-0.0855560302734375 -0.0940322875976562 -0.0187530517578125 -0.228759765625
-0.104034423828125 -0.0458831787109375 -0.0572509765625 -0.215499877929688
-0.145355224609375 0.017791748046875 -0.115982055664063 -0.1796875
-0.151473999023437 0.0583953857421875 -0.115219116210938 -0.119163513183594
-0.152572631835938 0.0454559326171875 -0.063079833984375 -0.0737991333007813
-0.184539794921875 0.042205810546875 -0.00244712829589845 -0.0292243957519531
-0.188613891601562 -0.0322265625 0.03216552734375 0.0492134094238281
-0.13885498046875 -0.131034851074219 0.0502700805664063 0.104995727539062
-0.0561370849609375 -0.174896240234375 -0.00186920166015625 0.138023376464844
0.0802764892578125 -0.175048828125 -0.0429229736328125 0.165939331054688
0.131118774414063 -0.172149658203125 -0.0426177978515625 0.15679931640625
0.192413330078125 -0.162109375 0.0506362915039063 0.125717163085938
0.214218139648438 -0.195159912109375 -0.137527465820313 -0.159286499023438
0.080596923828125 -0.180389404296875 0.0153656005859375 -0.1903076171875
0.0280609130859375 -0.165084838867187 0.0677642822265625 -0.230316162109375
-0.0430068969726563 -0.140533447265625 0.019439697265625 -0.273208618164063
-0.0787734985351563 -0.093536376953125 -0.028839111328125 -0.23760986328125
-0.140510559082031 -0.0389862060546875 -0.0779571533203125 -0.201873779296875
-0.158294677734375 0.00430297851562499 -0.0692901611328125 -0.144760131835938
-0.158935546875 0.00459289550781252 -0.0115737915039063 -0.0948104858398438
-0.191757202148438 0.00340270996093749 0.0565567016601562 -0.0554122924804688
-0.194122314453125 -0.0572662353515625 0.0958023071289062 0.0311431884765625
-0.145965576171875 -0.152572631835938 0.105148315429687 0.0944595336914062
-0.064544677734375 -0.199951171875 0.0470809936523437 0.126205444335938
0.085052490234375 -0.203933715820313 0.0083770751953125 0.140884399414062
0.144973754882813 -0.195480346679688 0.0184326171875 0.0988082885742188
0.206314086914063 -0.16876220703125 0.137336730957031 0.0692291259765625
0.218109130859375 -0.152969360351563 -0.0454254150390625 -0.210906982421875
0.128738403320313 -0.152786254882813 0.0936431884765625 -0.23699951171875
0.0872650146484375 -0.172027587890625 0.118942260742187 -0.26318359375
0.00408935546874998 -0.174087524414063 0.055328369140625 -0.2977294921875
-0.0469131469726562 -0.131904602050781 0.00234985351562497 -0.244033813476563
-0.120315551757812 -0.0898666381835938 -0.032501220703125 -0.201553344726562
-0.1434326171875 -0.04608154296875 -0.01544189453125 -0.1470947265625
-0.139389038085938 -0.0395889282226562 0.0447235107421875 -0.105361938476563
-0.1668701171875 -0.037109375 0.111373901367188 -0.0711822509765625
-0.167800903320313 -0.07501220703125 0.150436401367188 0.0155029296875
-0.12420654296875 -0.150466918945312 0.149948120117188 0.0802154541015625
-0.0601959228515625 -0.192611694335937 0.0882492065429688 0.111709594726562
0.0806121826171875 -0.1981201171875 0.046417236328125 0.112442016601563
0.137847900390625 -0.185317993164063 0.0643234252929688 0.037933349609375
0.195343017578125 -0.150314331054688 0.216323852539063 0.012664794921875
0.190475463867188 -0.094512939453125 0.036163330078125 -0.238265991210937
0.145523071289063 -0.107589721679688 0.161346435546875 -0.262069702148437
0.121337890625 -0.151748657226563 0.1536865234375 -0.272201538085938
0.044342041015625 -0.17510986328125 0.083099365234375 -0.291046142578125
-0.00946044921875001 -0.140289306640625 0.0261383056640625 -0.22247314453125
-0.0810623168945313 -0.11639404296875 0.00457763671875 -0.17669677734375
-0.104644775390625 -0.0842208862304687 0.0351028442382812 -0.132087707519531
-0.0970611572265625 -0.0774688720703125 0.0869140625 -0.0967864990234375
-0.121299743652344 -0.075653076171875 0.155181884765625 -0.0697784423828125
-0.109725952148438 -0.0887985229492187 0.189788818359375 0.0117340087890625
-0.0723419189453125 -0.136512756347656 0.179000854492188 0.0702362060546875
-0.031524658203125 -0.159774780273437 0.107994079589844 0.0966873168945313
0.0787200927734375 -0.158248901367188 0.0618896484375 0.0846328735351562
0.122230529785156 -0.139114379882813 0.0909500122070313 -0.0111083984375
0.164993286132813 -0.102020263671875 0.28497314453125 -0.036529541015625
0.128028869628906 -0.0283203125 0.0915679931640625 -0.24822998046875
0.123924255371094 -0.04779052734375 0.198684692382813 -0.268875122070313
0.118881225585937 -0.0990829467773437 0.169342041015625 -0.264556884765625
0.0665740966796875 -0.13372802734375 0.097381591796875 -0.269699096679688
0.0203475952148437 -0.115203857421875 0.039886474609375 -0.1856689453125
-0.0257034301757812 -0.113967895507813 0.0341796875 -0.140762329101562
-0.0475921630859375 -0.106033325195313 0.0745849609375 -0.0998687744140625
-0.0441436767578125 -0.102561950683594 0.121009826660156 -0.071563720703125
-0.054962158203125 -0.10614013671875 0.1839599609375 -0.0507354736328125
-0.038330078125 -0.101181030273438 0.206130981445313 0.023223876953125
-0.00480651855468751 -0.112045288085938 0.182998657226563 0.07550048828125
0.0200042724609375 -0.115425109863281 0.11376953125 0.0943679809570312
0.0900344848632813 -0.0927886962890625 0.0621337890625 0.0693626403808594
0.108688354492187 -0.0625152587890625 0.108367919921875 -0.0406723022460938
0.119087219238281 -0.0296173095703125 0.330291748046875 -0.060546875
0.0439109802246094 0.0408782958984375 0.109298706054688 -0.232009887695313
0.0665435791015625 0.0169296264648437 0.203094482421875 -0.25299072265625
0.0776519775390625 -0.0270919799804688 0.158493041992187 -0.241958618164062
0.0638313293457031 -0.0584182739257812 0.090057373046875 -0.231002807617188
0.0521583557128906 -0.0532417297363281 0.03985595703125 -0.145828247070313
0.0380096435546875 -0.083740234375 0.0453414916992188 -0.0990219116210938
0.0215911865234375 -0.109512329101562 0.091339111328125 -0.0616378784179688
0.0210723876953125 -0.110733032226563 0.134765625 -0.0377655029296875
0.0172805786132812 -0.124366760253906 0.18817138671875 -0.0104827880859375
0.0344390869140625 -0.10369873046875 0.199493408203125 0.05328369140625
0.060272216796875 -0.08319091796875 0.165725708007812 0.0963287353515625
0.0691604614257813 -0.063140869140625 0.102607727050781 0.105247497558594
0.101234436035156 -0.02093505859375 0.0588531494140625 0.0760650634765625
0.088165283203125 0.0296249389648437 0.117691040039063 -0.0359954833984375
0.0614814758300781 0.0538215637207031 0.352569580078125 -0.053741455078125
-0.041534423828125 0.0976104736328125 0.0824127197265625 -0.202804565429688
-0.00591278076171875 0.0730438232421875 0.166519165039063 -0.222442626953125
0.0177459716796875 0.0515365600585938 0.123031616210937 -0.213180541992188
0.0463905334472656 0.0353546142578125 0.06890869140625 -0.19976806640625
0.0713348388671875 0.0240020751953125 0.02362060546875 -0.118080139160156
0.101821899414063 -0.03570556640625 0.036407470703125 -0.0665283203125
0.088958740234375 -0.0949478149414063 0.0854110717773438 -0.023040771484375
0.0804901123046875 -0.103538513183594 0.126693725585938 0.00524139404296874
0.0819168090820313 -0.119209289550781 0.176193237304687 0.0394134521484375
0.0934829711914063 -0.09185791015625 0.177017211914063 0.0934906005859375
0.106849670410156 -0.048004150390625 0.137733459472656 0.127555847167969
0.0994415283203125 -0.0164947509765625 0.084442138671875 0.131355285644531
0.0962753295898438 0.0496902465820313 0.0425949096679688 0.103385925292969
0.0565948486328125 0.10711669921875 0.117622375488281 -0.000396728515624993
-0.002166748046875 0.125656127929688 0.347137451171875 -0.022735595703125
0.0872650146484375 -0.215255737304688 -0.299530029296875 -0.004638671875
-0.06689453125 -0.146820068359375 -0.122833251953125 -0.0473556518554687
-0.105293273925781 -0.0829849243164063 -0.0258407592773438 -0.128746032714844
-0.128181457519531 -0.0214996337890625 -0.059783935546875 -0.174591064453125
-0.115669250488281 0.0246124267578125 -0.095794677734375 -0.172210693359375
-0.118362426757812 0.09588623046875 -0.157089233398438 -0.131210327148438
-0.103004455566406 0.123802185058594 -0.162643432617187 -0.0729522705078125
-0.10809326171875 0.105239868164062 -0.112159729003906 -0.03826904296875
-0.133155822753906 0.105758666992187 -0.0605659484863281 -0.00273895263671874
-0.152877807617187 0.03497314453125 -0.0164260864257813 0.0529708862304688
-0.136581420898438 -0.0560684204101562 0.00679779052734375 0.103385925292969
-0.079681396484375 -0.105743408203125 -0.032958984375 0.149673461914063
0.0155181884765625 -0.136405944824219 -0.084075927734375 0.196121215820313
0.0583953857421875 -0.155654907226563 -0.102142333984375 0.214492797851563
0.126174926757813 -0.166915893554688 -0.02935791015625 0.174697875976563
0.148422241210938 -0.234634399414063 -0.24688720703125 -0.086517333984375
-0.00910949707031249 -0.180877685546875 -0.0822525024414062 -0.124710083007813
-0.0588455200195313 -0.127243041992188 0.00114440917968749 -0.183990478515625
-0.102462768554687 -0.0733642578125 -0.037872314453125 -0.2274169921875
-0.108299255371094 -0.0232315063476562 -0.07391357421875 -0.212509155273438
-0.136245727539063 0.0453948974609375 -0.131378173828125 -0.176605224609375
-0.137001037597656 0.0804443359375 -0.131790161132813 -0.121315002441406
-0.141067504882813 0.0701141357421875 -0.076171875 -0.0795440673828125
-0.174087524414062 0.0710601806640625 -0.0153350830078125 -0.0424919128417969
-0.18975830078125 -0.00212097167968749 0.0316200256347656 0.0291252136230469
-0.1605224609375 -0.109405517578125 0.0545730590820312 0.0857696533203125
-0.0858001708984375 -0.169952392578125 0.00903320312499998 0.12725830078125
0.0511932373046875 -0.194747924804688 -0.0276947021484375 0.161636352539063
0.107467651367188 -0.2030029296875 -0.0376739501953125 0.15576171875
0.177398681640625 -0.197662353515625 0.0472412109375 0.111961364746094
0.196563720703125 -0.21923828125 -0.16961669921875 -0.163619995117188
0.0593719482421875 -0.18475341796875 -0.018524169921875 -0.196929931640625
0.0078582763671875 -0.162353515625 0.04302978515625 -0.236221313476563
-0.0595016479492188 -0.128265380859375 -0.00851440429687501 -0.275985717773438
-0.0863037109375 -0.0777206420898437 -0.05035400390625 -0.241546630859375
-0.137123107910156 -0.0171966552734375 -0.0986938476562501 -0.20501708984375
-0.151992797851563 0.0232696533203125 -0.0883789062500001 -0.152877807617188
-0.153152465820313 0.0217742919921875 -0.0310440063476563 -0.107162475585938
-0.187942504882812 0.026275634765625 0.0370254516601562 -0.07470703125
-0.199188232421875 -0.0338592529296875 0.0887680053710937 0.00555419921875
-0.164596557617187 -0.136489868164063 0.106597900390625 0.0660324096679687
-0.091796875 -0.197769165039063 0.0537643432617188 0.106491088867188
0.062652587890625 -0.223312377929688 0.0199050903320313 0.126693725585938
0.127700805664063 -0.222732543945313 0.0190887451171875 0.087615966796875
0.199111938476563 -0.201461791992187 0.13037109375 0.0410842895507812
0.215805053710938 -0.172698974609375 -0.0775604248046875 -0.2261962890625
0.1190185546875 -0.1619873046875 0.058258056640625 -0.251815795898438
0.0758209228515625 -0.17816162109375 0.0897369384765625 -0.273757934570313
-0.0064239501953125 -0.17230224609375 0.024444580078125 -0.3040771484375
-0.052764892578125 -0.125900268554688 -0.0226593017578125 -0.24859619140625
-0.12225341796875 -0.0776901245117188 -0.0593109130859375 -0.207672119140625
-0.144287109375 -0.03643798828125 -0.038116455078125 -0.160629272460938
-0.141082763671875 -0.0294647216796875 0.0194931030273437 -0.119979858398438
-0.172515869140625 -0.024139404296875 0.0910491943359375 -0.0944366455078125
-0.173873901367188 -0.0604400634765625 0.139533996582031 -0.014556884765625
-0.139419555664062 -0.143402099609375 0.148468017578125 0.049530029296875
-0.0788421630859375 -0.192947387695313 0.08953857421875 0.0845947265625
0.065704345703125 -0.214492797851563 0.052581787109375 0.0910568237304687
0.129302978515625 -0.206649780273437 0.0593681335449219 0.0195465087890625
0.194259643554688 -0.172561645507813 0.209365844726563 -0.026214599609375
0.197280883789063 -0.104324340820313 0.00712585449218749 -0.261093139648438
0.148513793945313 -0.113937377929688 0.12725830078125 -0.28619384765625
0.122314453125 -0.160110473632813 0.12615966796875 -0.2913818359375
0.0406494140625 -0.182418823242188 0.05224609375 -0.30413818359375
-0.0158538818359375 -0.145843505859375 0.00228881835937499 -0.228179931640625
-0.0878219604492188 -0.118202209472656 -0.0187835693359375 -0.1856689453125
-0.114341735839844 -0.0860977172851563 0.012359619140625 -0.145401000976562
-0.106819152832031 -0.076873779296875 0.0671005249023438 -0.113121032714844
-0.130828857421875 -0.07354736328125 0.134048461914063 -0.0955886840820313
-0.120002746582031 -0.088836669921875 0.175643920898438 -0.0217742919921875
-0.0838623046875 -0.139869689941406 0.172698974609375 0.038970947265625
-0.0397491455078125 -0.16741943359375 0.110061645507813 0.0699310302734375
0.077301025390625 -0.1712646484375 0.0669174194335938 0.0616416931152344
0.12451171875 -0.150650024414063 0.085296630859375 -0.0356826782226563
0.17242431640625 -0.112823486328125 0.274169921875 -0.079010009765625
0.144058227539063 -0.027496337890625 0.0686798095703125 -0.271026611328125
0.136131286621094 -0.048675537109375 0.172271728515625 -0.294830322265625
0.1312255859375 -0.107376098632812 0.142120361328125 -0.2860107421875
0.0710601806640625 -0.148223876953125 0.06695556640625 -0.28155517578125
0.0226516723632813 -0.127113342285156 0.019622802734375 -0.19036865234375
-0.034912109375 -0.128379821777344 0.016876220703125 -0.14678955078125
-0.0623550415039063 -0.117790222167969 0.0567550659179687 -0.112937927246094
-0.0559310913085938 -0.11199951171875 0.103927612304688 -0.0880508422851563
-0.0711822509765625 -0.116531372070313 0.1634521484375 -0.07281494140625
-0.0485916137695313 -0.112861633300781 0.192764282226563 -0.00735473632812501
-0.00949096679687501 -0.128883361816406 0.175888061523438 0.0461578369140625
0.0181732177734375 -0.130149841308594 0.114540100097656 0.06787109375
0.100082397460938 -0.1029052734375 0.0685234069824219 0.0475540161132812
0.123390197753906 -0.0656280517578125 0.103836059570313 -0.0643081665039063
0.137184143066406 -0.0274658203125 0.32373046875 -0.105194091796875
0.0660629272460938 0.0530281066894531 0.0953521728515625 -0.25469970703125
0.0862884521484375 0.0226593017578125 0.183151245117188 -0.279876708984375
0.0997467041015625 -0.0301055908203125 0.133926391601562 -0.261734008789063
0.0788497924804688 -0.070892333984375 0.0658416748046875 -0.241302490234375
0.0576629638671875 -0.0707473754882813 0.02386474609375 -0.147506713867187
0.0327835083007812 -0.106704711914062 0.0358200073242188 -0.1019287109375
0.00394439697265624 -0.129196166992188 0.0835189819335938 -0.0704498291015625
0.00459289550781251 -0.129447937011719 0.124420166015625 -0.049591064453125
-0.00260925292968751 -0.143386840820313 0.177597045898438 -0.0291900634765625
0.021453857421875 -0.124794006347656 0.190322875976563 0.02923583984375
0.0615997314453125 -0.108489990234375 0.162124633789063 0.0732879638671875
0.0777053833007813 -0.0848236083984375 0.10504150390625 0.08343505859375
0.121444702148438 -0.0262069702148438 0.0641555786132813 0.0573310852050781
0.114273071289063 0.0288619995117188 0.118766784667969 -0.0558395385742188
0.08660888671875 0.0633926391601562 0.350921630859375 -0.093902587890625
-0.0188522338867188 0.1212158203125 0.0778350830078125 -0.21783447265625
0.0179824829101563 0.0874404907226562 0.15570068359375 -0.243911743164062
0.0445709228515625 0.0577278137207031 0.104171752929688 -0.22845458984375
0.0705718994140625 0.0237579345703125 0.0470733642578125 -0.204086303710938
0.0872573852539063 0.0040740966796875 0.0105743408203125 -0.113548278808594
0.100975036621094 -0.0663681030273438 0.0323104858398438 -0.0606498718261719
0.073394775390625 -0.120758056640625 0.0847091674804687 -0.0247879028320313
0.0627822875976563 -0.127082824707031 0.124702453613281 -0.00416564941406251
0.0599365234375 -0.146591186523438 0.173110961914063 0.025238037109375
0.07891845703125 -0.118942260742188 0.172271728515625 0.0782470703125
0.109825134277344 -0.0761947631835937 0.140640258789063 0.112091064453125
0.112335205078125 -0.0402374267578125 0.0926437377929688 0.115303039550781
0.123817443847656 0.0399017333984375 0.0548248291015625 0.0897750854492188
0.0912857055664063 0.115158081054688 0.124282836914063 -0.0143051147460937
0.0263824462890625 0.14434814453125 0.35284423828125 -0.052276611328125
0.05352783203125 -0.236968994140625 -0.318206787109375 0.016265869140625
-0.099609375 -0.143798828125 -0.138374328613281 -0.031982421875
-0.130180358886719 -0.0663833618164062 -0.0359115600585938 -0.120292663574219
-0.139572143554687 0.00611114501953123 -0.0683135986328125 -0.166976928710938
-0.114616394042969 0.052276611328125 -0.102432250976563 -0.168441772460937
-0.0989837646484375 0.122650146484375 -0.162567138671875 -0.1260986328125
-0.08050537109375 0.142837524414063 -0.169036865234375 -0.0714874267578125
-0.0883407592773438 0.12628173828125 -0.12017822265625 -0.037994384765625
-0.113349914550781 0.131561279296875 -0.0686416625976563 -0.00570297241210936
-0.144973754882813 0.06304931640625 -0.0178565979003906 0.0438423156738281
-0.148223876953125 -0.0289306640625 0.01031494140625 0.0924453735351563
-0.103294372558594 -0.0908737182617188 -0.0241546630859375 0.147018432617188
-0.0154571533203125 -0.14495849609375 -0.0707550048828125 0.199005126953125
0.0282440185546875 -0.176101684570313 -0.094512939453125 0.225006103515625
0.10107421875 -0.196792602539063 -0.0300140380859375 0.178680419921875
0.121322631835937 -0.258010864257813 -0.27471923828125 -0.07464599609375
-0.037841796875 -0.179351806640625 -0.106613159179688 -0.116676330566406
-0.0798492431640625 -0.115272521972656 -0.0157928466796875 -0.1817626953125
-0.114494323730469 -0.05108642578125 -0.0536956787109375 -0.224990844726563
-0.107688903808594 7.62939453123302E-06 -0.0875244140625 -0.212371826171875
-0.121452331542969 0.069061279296875 -0.14471435546875 -0.174819946289063
-0.119270324707031 0.0990753173828125 -0.148101806640625 -0.123016357421875
-0.127220153808594 0.0889129638671875 -0.0927734375 -0.0834274291992188
-0.160308837890625 0.0948944091796875 -0.0326271057128906 -0.0509796142578125
-0.186874389648438 0.0239105224609375 0.0244026184082031 0.0119762420654297
-0.17578125 -0.0850830078125 0.0521888732910156 0.0669593811035156
-0.11279296875 -0.158706665039063 0.0136337280273437 0.117149353027344
0.0228729248046875 -0.207977294921875 -0.0185089111328125 0.155487060546875
0.0807342529296875 -0.227325439453125 -0.0360260009765625 0.155120849609375
0.158157348632813 -0.23052978515625 0.0400924682617188 0.103202819824219
0.179443359375 -0.242584228515625 -0.203781127929688 -0.163833618164063
0.040618896484375 -0.189804077148438 -0.049407958984375 -0.197128295898438
-0.00732421875 -0.15789794921875 0.0206756591796875 -0.239471435546875
-0.070281982421875 -0.115264892578125 -0.0307464599609375 -0.278579711914063
-0.087158203125 -0.0637435913085938 -0.0689697265625 -0.243942260742188
-0.129951477050781 -0.000328063964843731 -0.11895751953125 -0.206939697265625
-0.143646240234375 0.0369873046875 -0.111557006835938 -0.157943725585938
-0.146835327148438 0.03564453125 -0.0528564453125 -0.115516662597656
-0.182601928710938 0.045623779296875 0.014739990234375 -0.0883941650390625
-0.199981689453125 -0.0123748779296875 0.0755233764648437 -0.0168075561523438
-0.181106567382812 -0.119644165039063 0.0992050170898437 0.0432357788085937
-0.115829467773438 -0.19189453125 0.052886962890625 0.0897064208984375
0.0385894775390625 -0.238327026367188 0.0248947143554688 0.112388610839844
0.107376098632812 -0.247543334960938 0.0145950317382813 0.0776214599609375
0.189239501953125 -0.232070922851562 0.118843078613281 0.0212173461914062
0.211959838867188 -0.192428588867188 -0.114654541015625 -0.235885620117188
0.112075805664063 -0.169906616210938 0.0245513916015625 -0.261962890625
0.068756103515625 -0.1815185546875 0.06439208984375 -0.28277587890625
-0.0160064697265625 -0.1705322265625 -0.00183105468749999 -0.311553955078125
-0.0574951171875 -0.121040344238281 -0.0450439453125 -0.252151489257813
-0.122093200683594 -0.0692520141601563 -0.083465576171875 -0.212310791015625
-0.146072387695313 -0.0292205810546875 -0.0647430419921875 -0.167816162109375
-0.14373779296875 -0.0229644775390625 -0.00377655029296876 -0.128913879394531
-0.175582885742188 -0.012664794921875 0.0657119750976562 -0.111724853515625
-0.179214477539063 -0.048980712890625 0.122772216796875 -0.0383071899414063
-0.153640747070313 -0.136947631835937 0.137161254882813 0.022308349609375
-0.09783935546875 -0.1939697265625 0.0839767456054688 0.0644378662109375
0.0520782470703125 -0.229873657226563 0.0521926879882813 0.0716018676757812
0.118972778320313 -0.227203369140625 0.0506057739257813 0.00276565551757811
0.194900512695313 -0.1962890625 0.193740844726563 -0.0565643310546875
0.206710815429687 -0.117507934570313 -0.026458740234375 -0.280120849609375
0.153549194335938 -0.122528076171875 0.095306396484375 -0.30474853515625
0.125991821289063 -0.170059204101563 0.099822998046875 -0.30535888671875
0.035491943359375 -0.192092895507812 0.023406982421875 -0.31451416015625
-0.0200653076171875 -0.152313232421875 -0.019744873046875 -0.232421875
-0.0950698852539063 -0.119682312011719 -0.0405731201171875 -0.191574096679688
-0.124771118164063 -0.0863037109375 -0.0105438232421875 -0.155075073242188
-0.11810302734375 -0.0777206420898438 0.0438079833984375 -0.123291015625
-0.14276123046875 -0.0724639892578125 0.110244750976562 -0.113533020019531
-0.130630493164063 -0.0876846313476562 0.1568603515625 -0.0457916259765625
-0.095672607421875 -0.1451416015625 0.158843994140625 0.0126495361328125
-0.0499725341796875 -0.17681884765625 0.101417541503906 0.0476303100585937
0.0760345458984375 -0.185501098632813 0.0633583068847656 0.0402984619140625
0.128799438476563 -0.165969848632813 0.0745010375976563 -0.0565109252929688
0.184173583984375 -0.126495361328125 0.260040283203125 -0.116683959960938
0.164199829101563 -0.0296630859375 0.042572021484375 -0.294586181640625
0.153488159179688 -0.0539703369140625 0.1456298828125 -0.319244384765625
0.14495849609375 -0.119598388671875 0.117401123046875 -0.302276611328125
0.0720977783203125 -0.165481567382812 0.040283203125 -0.2899169921875
0.0203857421875 -0.142837524414063 0.00154113769531248 -0.1929931640625
-0.0463104248046875 -0.140579223632813 -0.000137329101562493 -0.150833129882813
-0.0807723999023438 -0.127082824707031 0.0398483276367187 -0.122001647949219
-0.0740737915039062 -0.120880126953125 0.08575439453125 -0.0981674194335938
-0.0910263061523438 -0.125267028808594 0.144271850585938 -0.08935546875
-0.0640106201171875 -0.123321533203125 0.175582885742188 -0.0285491943359375
-0.01904296875 -0.145523071289063 0.163742065429688 0.0235137939453125
0.0175933837890625 -0.14837646484375 0.106552124023438 0.0465164184570313
0.111526489257813 -0.117637634277344 0.0652008056640625 0.0271759033203125
0.140823364257813 -0.07513427734375 0.09600830078125 -0.0867996215820313
0.157485961914063 -0.0330810546875 0.313812255859375 -0.144195556640625
0.0920257568359375 0.0597763061523438 0.0776519775390625 -0.278228759765625
0.11163330078125 0.0231552124023438 0.16339111328125 -0.3046875
0.122314453125 -0.0386505126953125 0.11260986328125 -0.277572631835938
0.0892562866210938 -0.0919342041015625 0.0427093505859375 -0.24786376953125
0.060333251953125 -0.092559814453125 0.0103912353515625 -0.146286010742188
0.0190887451171875 -0.128837585449219 0.0265426635742188 -0.101242065429688
-0.017730712890625 -0.1458740234375 0.0752639770507813 -0.0767974853515625
-0.017852783203125 -0.145599365234375 0.114044189453125 -0.0574264526367188
-0.0283660888671875 -0.15997314453125 0.165573120117188 -0.042755126953125
0.00309753417968751 -0.144805908203125 0.176849365234375 0.01251220703125
0.0543212890625 -0.132865905761719 0.153488159179688 0.0559539794921875
0.0823287963867187 -0.110206604003906 0.10137939453125 0.0652618408203125
0.143081665039063 -0.0406341552734375 0.0639610290527344 0.0393295288085938
0.143096923828125 0.0260162353515625 0.115974426269531 -0.0766067504882812
0.115776062011719 0.0689697265625 0.3485107421875 -0.13031005859375
0.00792694091796875 0.13970947265625 0.0717620849609375 -0.235275268554688
0.0460128784179688 0.0982742309570312 0.144485473632813 -0.265167236328125
0.0730438232421875 0.055511474609375 0.0854644775390625 -0.239425659179687
0.09027099609375 0.00579833984375 0.0279541015625 -0.203872680664063
0.0957183837890625 -0.0189666748046875 0.00269317626953125 -0.106170654296875
0.0904388427734375 -0.09454345703125 0.0310211181640625 -0.05633544921875
0.052215576171875 -0.143585205078125 0.086639404296875 -0.02764892578125
0.03973388671875 -0.14752197265625 0.123245239257812 -0.00817108154296876
0.03387451171875 -0.168319702148438 0.170089721679688 0.01776123046875
0.0598602294921875 -0.142898559570313 0.167449951171875 0.06866455078125
0.10430908203125 -0.107246398925781 0.137809753417969 0.101524353027344
0.12115478515625 -0.0675277709960938 0.0944900512695313 0.100593566894531
0.149612426757813 0.026153564453125 0.0606231689453125 0.0764999389648438
0.1253662109375 0.113739013671875 0.130043029785156 -0.0307540893554687
0.0592803955078125 0.1563720703125 0.360015869140625 -0.083465576171875
0.0157470703125 -0.254318237304688 -0.339691162109375 0.0443115234375
-0.132774353027344 -0.133216857910156 -0.15191650390625 -0.0128631591796875
-0.152435302734375 -0.04437255859375 -0.0442276000976562 -0.114280700683594
-0.145645141601563 0.0377349853515625 -0.075225830078125 -0.162185668945313
-0.106170654296875 0.0786285400390625 -0.11102294921875 -0.167343139648438
-0.07421875 0.145034790039063 -0.171234130859375 -0.12347412109375
-0.054290771484375 0.159042358398438 -0.180511474609375 -0.068359375
-0.065399169921875 0.143264770507813 -0.131019592285156 -0.0363693237304687
-0.0892333984375 0.1531982421875 -0.0797805786132813 -0.00666046142578126
-0.132247924804688 0.0893020629882813 -0.0218887329101563 0.0361366271972656
-0.154571533203125 0.000350952148437486 0.00934600830078124 0.0835647583007812
-0.124824523925781 -0.0715866088867188 -0.0167694091796875 0.146743774414063
-0.0474090576171875 -0.147933959960938 -0.058441162109375 0.203964233398438
-0.00692749023437499 -0.19158935546875 -0.0858917236328125 0.239974975585937
0.0696563720703125 -0.225173950195312 -0.029541015625 0.187911987304688
0.0904693603515625 -0.279266357421875 -0.3082275390625 -0.05682373046875
-0.066253662109375 -0.17462158203125 -0.132331848144531 -0.103935241699219
-0.0987701416015625 -0.0996780395507813 -0.0312347412109375 -0.1793212890625
-0.121772766113281 -0.0255813598632812 -0.0696258544921875 -0.224349975585938
-0.10211181640625 0.0209274291992187 -0.1041259765625 -0.213653564453125
-0.102500915527344 0.08831787109375 -0.162017822265625 -0.17474365234375
-0.100471496582031 0.114334106445312 -0.169082641601562 -0.12353515625
-0.110519409179688 0.105171203613281 -0.112640380859375 -0.0845870971679688
-0.143600463867187 0.116378784179688 -0.0523490905761719 -0.0564765930175781
-0.180816650390625 0.04931640625 0.0132617950439453 -0.000402450561523435
-0.188690185546875 -0.06048583984375 0.04571533203125 0.0526695251464844
-0.138351440429688 -0.145156860351562 0.0140838623046875 0.109687805175781
-0.00828552246093752 -0.21826171875 -0.0122222900390625 0.151199340820313
0.048675537109375 -0.249649047851562 -0.035980224609375 0.158843994140625
0.134536743164063 -0.264373779296875 0.0319595336914063 0.0996856689453125
0.161178588867188 -0.26641845703125 -0.245346069335937 -0.156661987304688
0.021636962890625 -0.192169189453125 -0.0820465087890625 -0.193145751953125
-0.021209716796875 -0.152786254882813 -0.00120544433593751 -0.24346923828125
-0.0791244506835938 -0.101295471191406 -0.054290771484375 -0.2825927734375
-0.0865478515625 -0.0508041381835937 -0.091278076171875 -0.247268676757812
-0.120353698730469 0.0134048461914063 -0.143112182617188 -0.2078857421875
-0.134689331054687 0.049224853515625 -0.13958740234375 -0.160308837890625
-0.14031982421875 0.0487442016601562 -0.0773239135742188 -0.119232177734375
-0.176223754882813 0.0635833740234375 -0.0103912353515625 -0.0979232788085938
-0.200820922851563 0.00782775878906249 0.0582504272460937 -0.033203125
-0.196929931640625 -0.101852416992187 0.087738037109375 0.0244522094726562
-0.1409912109375 -0.184219360351562 0.0482559204101562 0.07720947265625
0.0129547119140625 -0.253189086914063 0.0251541137695312 0.100662231445312
0.082672119140625 -0.27252197265625 0.00752258300781251 0.0707778930664062
0.17431640625 -0.265228271484375 0.104057312011719 0.00463104248046873
0.208465576171875 -0.21527099609375 -0.158950805664063 -0.240631103515625
0.105972290039062 -0.180007934570312 -0.0117950439453125 -0.267776489257813
0.0626068115234375 -0.188888549804688 0.0390625 -0.292572021484375
-0.02557373046875 -0.170700073242188 -0.030120849609375 -0.318817138671875
-0.0610733032226563 -0.119552612304687 -0.0689697265625 -0.25628662109375
-0.123374938964844 -0.0625686645507813 -0.109298706054687 -0.215789794921875
-0.149200439453125 -0.022674560546875 -0.0940093994140625 -0.17279052734375
-0.148208618164062 -0.015594482421875 -0.0302886962890625 -0.135200500488281
-0.181015014648438 -0.0015869140625 0.0384063720703125 -0.123481750488281
-0.1871337890625 -0.0373992919921875 0.102264404296875 -0.057464599609375
-0.170761108398438 -0.129653930664063 0.122093200683594 0.00221252441406249
-0.11871337890625 -0.194534301757812 0.0744247436523437 0.0486602783203125
0.034515380859375 -0.246795654296875 0.0465965270996094 0.0543098449707031
0.105865478515625 -0.25079345703125 0.0370597839355469 -0.0120353698730469
0.19293212890625 -0.226104736328125 0.175567626953125 -0.0843353271484375
0.218597412109375 -0.136489868164063 -0.067718505859375 -0.295745849609375
0.160781860351563 -0.136856079101563 0.060211181640625 -0.320098876953125
0.130050659179688 -0.187728881835937 0.072845458984375 -0.319244384765625
0.02813720703125 -0.206710815429688 -0.00607299804687502 -0.3238525390625
-0.0269622802734375 -0.161972045898437 -0.04180908203125 -0.237518310546875
-0.106636047363281 -0.122886657714844 -0.064910888671875 -0.195785522460938
-0.139595031738281 -0.0865554809570313 -0.036895751953125 -0.160842895507813
-0.131988525390625 -0.0768508911132813 0.02056884765625 -0.130096435546875
-0.159072875976563 -0.0689544677734375 0.0850143432617187 -0.126548767089844
-0.144882202148438 -0.08709716796875 0.135475158691406 -0.0637588500976563
-0.11224365234375 -0.150375366210938 0.142837524414063 -0.00686645507812501
-0.064697265625 -0.187545776367187 0.0890274047851563 0.030303955078125
0.07159423828125 -0.205490112304688 0.0545310974121094 0.021240234375
0.131317138671875 -0.186859130859375 0.0590438842773438 -0.0767059326171875
0.195083618164063 -0.148422241210938 0.242630004882813 -0.15301513671875
0.18743896484375 -0.040435791015625 0.00918579101562501 -0.31793212890625
0.172622680664063 -0.066497802734375 0.115570068359375 -0.3424072265625
0.15875244140625 -0.140457153320312 0.091217041015625 -0.32086181640625
0.06988525390625 -0.188232421875 0.012969970703125 -0.29913330078125
0.0131683349609375 -0.161529541015625 -0.016571044921875 -0.195816040039062
-0.0640411376953125 -0.153274536132813 -0.0184326171875 -0.154647827148438
-0.103294372558594 -0.134017944335937 0.0211410522460937 -0.128921508789063
-0.0965423583984375 -0.127761840820312 0.0681076049804687 -0.105789184570313
-0.116447448730469 -0.130615234375 0.125236511230469 -0.101715087890625
-0.0843963623046875 -0.132774353027344 0.156646728515625 -0.043701171875
-0.0343170166015625 -0.163558959960937 0.15008544921875 0.00791931152343749
0.010345458984375 -0.169906616210938 0.094573974609375 0.0293731689453125
0.121040344238281 -0.139442443847656 0.0572052001953125 0.00917434692382811
0.1583251953125 -0.0922088623046875 0.0820159912109375 -0.109275817871094
0.181488037109375 -0.0443572998046875 0.3004150390625 -0.184814453125
0.123222351074219 0.0610580444335938 0.055450439453125 -0.30328369140625
0.139533996582031 0.017547607421875 0.140594482421875 -0.33197021484375
0.1463623046875 -0.0564727783203125 0.0888671875 -0.2939453125
0.0953750610351562 -0.118064880371094 0.020050048828125 -0.253952026367188
0.0576248168945313 -0.1170654296875 -0.000839233398437481 -0.1456298828125
-9.15527343749866E-05 -0.149368286132813 0.0174179077148438 -0.103668212890625
-0.044189453125 -0.15966796875 0.0667800903320313 -0.0834884643554688
-0.046051025390625 -0.157638549804688 0.105560302734375 -0.0639495849609375
-0.059234619140625 -0.172607421875 0.154571533203125 -0.0531158447265625
-0.0206298828125 -0.16168212890625 0.164901733398438 0.00279235839843749
0.04095458984375 -0.160507202148437 0.144638061523438 0.0450439453125
0.0805511474609375 -0.1395263671875 0.0940628051757813 0.050750732421875
0.162506103515625 -0.063323974609375 0.0602684020996094 0.0233039855957031
0.173583984375 0.0124969482421875 0.110015869140625 -0.099212646484375
0.149612426757813 0.0668792724609375 0.344818115234375 -0.170440673828125
0.0417938232421875 0.151901245117188 0.0613861083984375 -0.255691528320313
0.0776748657226562 0.102058410644531 0.130828857421875 -0.28973388671875
0.102394104003906 0.0459671020507813 0.066253662109375 -0.250869750976562
0.105133056640625 -0.018157958984375 0.0106964111328125 -0.20458984375
0.099395751953125 -0.0442886352539063 -0.00279998779296874 -0.100059509277344
0.0739669799804688 -0.121376037597656 0.0317230224609375 -0.0543899536132813
0.024627685546875 -0.16253662109375 0.0895233154296875 -0.03155517578125
0.01251220703125 -0.163894653320313 0.124732971191406 -0.0125579833984375
0.0012664794921875 -0.18603515625 0.1705322265625 0.010162353515625
0.0340118408203125 -0.164169311523438 0.163833618164063 0.0630340576171875
0.0927505493164063 -0.138473510742188 0.136100769042969 0.094635009765625
0.122787475585938 -0.0992279052734375 0.09295654296875 0.0895843505859375
0.1756591796875 0.0035247802734375 0.0640945434570313 0.0638580322265625
0.163070678710938 0.104415893554688 0.134620666503906 -0.0505218505859375
0.096405029296875 0.163330078125 0.36773681640625 -0.1185302734375
-0.03045654296875 -0.265365600585937 -0.358856201171875 0.0848388671875
-0.16705322265625 -0.112762451171875 -0.162796020507812 0.0122833251953125
-0.170150756835938 -0.0148773193359375 -0.0525131225585937 -0.108024597167969
-0.14288330078125 0.073638916015625 -0.08441162109375 -0.15869140625
-0.091339111328125 0.105339050292969 -0.124847412109375 -0.166275024414062
-0.0416717529296875 0.1619873046875 -0.183731079101563 -0.118377685546875
-0.0218658447265625 0.169845581054687 -0.196197509765625 -0.061248779296875
-0.03680419921875 0.15618896484375 -0.145660400390625 -0.030670166015625
-0.057891845703125 0.171096801757813 -0.0931930541992188 -0.00257873535156249
-0.113967895507812 0.114250183105469 -0.0290908813476563 0.0313816070556641
-0.154312133789063 0.032806396484375 0.00724029541015624 0.077728271484375
-0.14178466796875 -0.0455169677734375 -0.00779724121093752 0.146865844726563
-0.082763671875 -0.14312744140625 -0.043365478515625 0.209304809570313
-0.0494232177734375 -0.198837280273438 -0.0718536376953125 0.257965087890625
0.0288543701171875 -0.248382568359375 -0.02386474609375 0.2027587890625
0.05194091796875 -0.298797607421875 -0.34332275390625 -0.024139404296875
-0.0960540771484375 -0.163330078125 -0.156494140625 -0.083740234375
-0.116020202636719 -0.07952880859375 -0.049560546875 -0.176956176757813
-0.122947692871094 0.00167083740234373 -0.0897064208984375 -0.223297119140625
-0.0912628173828125 0.0416717529296875 -0.125869750976562 -0.213729858398438
-0.0778884887695313 0.103752136230469 -0.1846923828125 -0.170730590820312
-0.077239990234375 0.125732421875 -0.195358276367188 -0.117218017578125
-0.0904312133789062 0.119178771972656 -0.13629150390625 -0.079925537109375
-0.122001647949219 0.137008666992188 -0.0750274658203125 -0.0552825927734375
-0.1702880859375 0.0756072998046875 -0.00236272811889649 -0.00835704803466796
-0.19696044921875 -0.0309295654296875 0.0365219116210937 0.0423851013183594
-0.162506103515625 -0.124664306640625 0.0145263671875 0.104835510253906
-0.04541015625 -0.222869873046875 -0.006103515625 0.147506713867188
0.00791931152343748 -0.266891479492188 -0.0331878662109375 0.166595458984375
0.09918212890625 -0.297088623046875 0.024749755859375 0.100860595703125
0.136444091796875 -0.293365478515625 -0.292388916015625 -0.135528564453125
-0.000259399414062519 -0.192733764648437 -0.116912841796875 -0.181594848632813
-0.0357666015625 -0.146682739257813 -0.02691650390625 -0.246353149414063
-0.085418701171875 -0.0859375 -0.083709716796875 -0.284271240234375
-0.0828781127929688 -0.0385665893554688 -0.119064331054688 -0.24871826171875
-0.108749389648438 0.0250091552734375 -0.173187255859375 -0.205551147460937
-0.1248779296875 0.0602951049804688 -0.1729736328125 -0.155136108398438
-0.131202697753906 0.0616989135742188 -0.105918884277344 -0.116752624511719
-0.16680908203125 0.0826873779296875 -0.0391616821289063 -0.100631713867188
-0.199920654296875 0.030120849609375 0.0373039245605469 -0.0448684692382813
-0.21148681640625 -0.079071044921875 0.0725555419921875 0.0117340087890625
-0.169403076171875 -0.171890258789062 0.040618896484375 0.0679931640625
-0.02032470703125 -0.264419555664063 0.0226593017578125 0.0892868041992188
0.0491943359375 -0.29510498046875 -0.00131988525390625 0.0674591064453125
0.150054931640625 -0.303070068359375 0.0866928100585938 -0.00790405273437502
0.200332641601562 -0.245941162109375 -0.211761474609375 -0.233444213867188
0.096221923828125 -0.193862915039062 -0.052764892578125 -0.267837524414063
0.053955078125 -0.19976806640625 0.00698852539062499 -0.30096435546875
-0.037353515625 -0.170730590820313 -0.06573486328125 -0.323455810546875
-0.0669403076171875 -0.117385864257813 -0.0996856689453125 -0.258453369140625
-0.126228332519531 -0.0565719604492188 -0.142166137695313 -0.214584350585937
-0.154541015625 -0.0135955810546875 -0.128753662109375 -0.170425415039062
-0.1522216796875 -0.00488281250000002 -0.0597152709960937 -0.134750366210938
-0.186309814453125 0.0142974853515625 0.00672149658203124 -0.12957763671875
-0.195770263671875 -0.0218658447265625 0.0773468017578125 -0.0710983276367188
-0.190505981445313 -0.117431640625 0.103599548339844 -0.0128250122070313
-0.145660400390625 -0.191848754882813 0.0617446899414062 0.036834716796875
0.010772705078125 -0.264602661132813 0.0372772216796875 0.0398216247558594
0.0850067138671875 -0.276443481445313 0.0193443298339844 -0.0239734649658203
0.1834716796875 -0.261703491210937 0.1527099609375 -0.1103515625
0.22705078125 -0.1646728515625 -0.119354248046875 -0.3026123046875
0.1649169921875 -0.157882690429688 0.017669677734375 -0.3326416015625
0.127792358398438 -0.212173461914063 0.038970947265625 -0.334075927734375
0.0133056640625 -0.2218017578125 -0.0423583984375 -0.330780029296875
-0.0404205322265625 -0.171539306640625 -0.069854736328125 -0.239501953125
-0.122474670410156 -0.123077392578125 -0.09454345703125 -0.195556640625
-0.158477783203125 -0.0816802978515625 -0.0681610107421875 -0.161758422851563
-0.1502685546875 -0.0714263916015625 -0.00553131103515627 -0.132278442382813
-0.178466796875 -0.06005859375 0.0557708740234375 -0.134773254394531
-0.163040161132813 -0.0805816650390625 0.111427307128906 -0.07672119140625
-0.13433837890625 -0.15167236328125 0.124786376953125 -0.0212326049804688
-0.0879364013671875 -0.197677612304688 0.0735321044921875 0.01806640625
0.06060791015625 -0.228073120117188 0.0408096313476563 0.00532150268554686
0.127288818359375 -0.213455200195313 0.0367889404296875 -0.0942916870117188
0.202743530273438 -0.180252075195313 0.21630859375 -0.188613891601563
0.211227416992188 -0.06170654296875 -0.035858154296875 -0.33551025390625
0.191085815429688 -0.0894775390625 0.0760498046875 -0.36505126953125
0.167617797851563 -0.172470092773438 0.0577392578125 -0.33770751953125
0.0587615966796875 -0.2154541015625 -0.0213623046875 -0.30670166015625
-0.0018157958984375 -0.18157958984375 -0.0384368896484375 -0.197174072265625
-0.089263916015625 -0.162078857421875 -0.0404052734375 -0.155960083007813
-0.133186340332031 -0.135826110839844 -0.00057220458984376 -0.132888793945313
-0.124015808105469 -0.127311706542969 0.049407958984375 -0.109237670898438
-0.147842407226563 -0.12835693359375 0.104202270507812 -0.111557006835938
-0.111221313476563 -0.135612487792969 0.138084411621094 -0.0548553466796875
-0.0585479736328125 -0.178955078125 0.134780883789063 -0.00399017333984376
-0.00747680664062502 -0.193008422851562 0.079803466796875 0.0183563232421875
0.1241455078125 -0.168289184570313 0.0441246032714844 -0.00698089599609376
0.172958374023438 -0.119979858398437 0.0610885620117187 -0.131507873535156
0.204635620117188 -0.0683135986328125 0.279129028320313 -0.228866577148438
0.157699584960938 0.05047607421875 0.0213623046875 -0.327484130859375
0.168533325195313 0.0007781982421875 0.10797119140625 -0.36016845703125
0.165267944335937 -0.08642578125 0.058258056640625 -0.310943603515625
0.0919952392578125 -0.149871826171875 -0.00718688964843748 -0.258163452148438
0.0466461181640625 -0.142974853515625 -0.0142822265625 -0.144073486328125
-0.0274810791015625 -0.166610717773438 0.00743865966796875 -0.105293273925781
-0.079925537109375 -0.167694091796875 0.0570297241210937 -0.0892410278320313
-0.078887939453125 -0.163543701171875 0.0971527099609375 -0.0699539184570313
-0.0974273681640625 -0.177200317382813 0.143630981445312 -0.062713623046875
-0.0528564453125 -0.172744750976563 0.154296875 -0.00514221191406251
0.01751708984375 -0.1868896484375 0.136520385742188 0.0367355346679687
0.0682525634765625 -0.171371459960938 0.0834579467773437 0.0404052734375
0.177932739257813 -0.096405029296875 0.0519065856933594 0.00826644897460937
0.2032470703125 -0.013092041015625 0.096405029296875 -0.124549865722656
0.185501098632813 0.0531463623046875 0.335052490234375 -0.21746826171875
0.082550048828125 0.155471801757813 0.040863037109375 -0.278564453125
0.113227844238281 0.09661865234375 0.108154296875 -0.317230224609375
0.131637573242188 0.025970458984375 0.041778564453125 -0.263519287109375
0.112983703613281 -0.0482635498046875 -0.00859069824218751 -0.20404052734375
0.09552001953125 -0.0726547241210938 -0.0066986083984375 -0.0956802368164063
0.04876708984375 -0.145278930664063 0.0332107543945312 -0.0553817749023438
-0.01025390625 -0.177139282226563 0.0920333862304688 -0.038482666015625
-0.022064208984375 -0.174362182617188 0.127281188964844 -0.0187835693359375
-0.038330078125 -0.1956787109375 0.172378540039063 0.00154113769531249
0.000564575195312483 -0.180587768554688 0.163909912109375 0.058380126953125
0.0704803466796875 -0.16876220703125 0.137138366699219 0.0899581909179687
0.113929748535156 -0.135650634765625 0.0908889770507813 0.0798263549804687
0.196487426757812 -0.0288848876953125 0.0645332336425781 0.0514602661132813
0.2010498046875 0.0830230712890625 0.133354187011719 -0.0757904052734375
0.139907836914062 0.159210205078125 0.371826171875 -0.1636962890625
-0.08380126953125 -0.260528564453125 -0.3643798828125 0.138641357421875
-0.194290161132813 -0.0782318115234375 -0.164642333984375 0.0445556640625
-0.179168701171875 0.0230865478515625 -0.0595474243164063 -0.0995712280273438
-0.12744140625 0.108482360839844 -0.0948944091796875 -0.152252197265625
-0.0655670166015625 0.126388549804688 -0.140487670898438 -0.159744262695313
-0.00378417968749998 0.167800903320313 -0.197418212890625 -0.107437133789063
0.015045166015625 0.16876220703125 -0.21185302734375 -0.0457916259765625
-0.00302124023437501 0.159378051757813 -0.158950805664063 -0.0178375244140625
-0.0191650390625 0.178695678710938 -0.104873657226562 0.00778961181640626
-0.0856399536132812 0.133781433105469 -0.036834716796875 0.0303726196289063
-0.142547607421875 0.0655364990234375 0.00499725341796875 0.0733261108398438
-0.15069580078125 -0.012786865234375 0.00242614746093748 0.144607543945312
-0.117774963378906 -0.124710083007813 -0.024688720703125 0.211227416992188
-0.09637451171875 -0.190582275390625 -0.047637939453125 0.273101806640625
-0.0218505859375 -0.258331298828125 -0.00996398925781248 0.215347290039062
0.00436401367187499 -0.30712890625 -0.368682861328125 0.0267944335937499
-0.124221801757812 -0.140777587890625 -0.175064086914062 -0.053802490234375
-0.127334594726563 -0.052276611328125 -0.068603515625 -0.168853759765625
-0.114585876464844 0.0310897827148438 -0.112686157226563 -0.21588134765625
-0.0731277465820313 0.0584564208984375 -0.15087890625 -0.205841064453125
-0.0495834350585937 0.110755920410156 -0.209213256835938 -0.1572265625
-0.050323486328125 0.130538940429687 -0.221954345703125 -0.0992431640625
-0.0649490356445313 0.126869201660156 -0.159149169921875 -0.065826416015625
-0.0932769775390625 0.150115966796875 -0.09796142578125 -0.0452728271484375
-0.151657104492188 0.0991363525390625 -0.0196819305419922 -0.0111236572265625
-0.196609497070313 0.00265502929687499 0.0253028869628906 0.0364608764648437
-0.181900024414063 -0.0957794189453125 0.0153045654296875 0.100967407226563
-0.08563232421875 -0.214492797851563 0.000289916992187496 0.14306640625
-0.04107666015625 -0.270492553710938 -0.0260162353515625 0.173873901367187
0.050018310546875 -0.319244384765625 0.0206375122070313 0.105247497558594
0.0987548828125 -0.31341552734375 -0.334625244140625 -0.0941162109375
-0.0245513916015625 -0.187469482421875 -0.1497802734375 -0.15838623046875
-0.04962158203125 -0.136985778808594 -0.0567474365234375 -0.240875244140625
-0.0873489379882813 -0.0683364868164063 -0.117950439453125 -0.27655029296875
-0.0761184692382813 -0.0273971557617187 -0.151702880859375 -0.239334106445312
-0.09381103515625 0.033172607421875 -0.205291748046875 -0.190582275390625
-0.112136840820313 0.0699386596679687 -0.207107543945313 -0.136581420898437
-0.118988037109375 0.0737152099609375 -0.134712219238281 -0.103118896484375
-0.151870727539063 0.100921630859375 -0.0696945190429687 -0.092041015625
-0.191619873046875 0.0548095703125 0.0130271911621094 -0.0488090515136719
-0.22027587890625 -0.0494842529296875 0.0546531677246094 0.00264358520507812
-0.194290161132813 -0.148345947265625 0.0321235656738281 0.06201171875
-0.0604705810546875 -0.265304565429688 0.0170059204101563 0.0801467895507813
0.00430297851562502 -0.3082275390625 -0.010528564453125 0.0677909851074219
0.109771728515625 -0.3348388671875 0.0664405822753906 -0.0152587890625
0.179000854492188 -0.275909423828125 -0.264907836914063 -0.20513916015625
0.0799407958984375 -0.205322265625 -0.096282958984375 -0.254714965820313
0.038238525390625 -0.209182739257813 -0.0306396484375 -0.30120849609375
-0.0515899658203125 -0.167892456054688 -0.107391357421875 -0.317474365234375
-0.0737686157226563 -0.114555358886719 -0.13482666015625 -0.249908447265625
-0.128929138183594 -0.0482406616210938 -0.178192138671875 -0.200363159179688
-0.158340454101563 -0.000808715820312513 -0.165145874023438 -0.153549194335937
-0.154541015625 0.00831604003906253 -0.0904464721679688 -0.12408447265625
-0.187057495117188 0.0339813232421875 -0.0271072387695313 -0.12493896484375
-0.200454711914063 -0.000198364257812537 0.0491790771484375 -0.0766372680664063
-0.208251953125 -0.09637451171875 0.0818328857421875 -0.0221023559570313
-0.174575805664063 -0.179031372070312 0.0461769104003906 0.030487060546875
-0.0229034423828125 -0.274337768554688 0.0225410461425781 0.0288162231445312
0.051544189453125 -0.297760009765625 -0.00243186950683594 -0.0289020538330078
0.157745361328125 -0.298065185546875 0.119361877441406 -0.12969970703125
0.224716186523438 -0.200393676757813 -0.17730712890625 -0.29034423828125
0.159881591796875 -0.183975219726563 -0.032928466796875 -0.332122802734375
0.11505126953125 -0.238967895507813 -0.00418090820312502 -0.338836669921875
-0.00906372070312499 -0.233047485351562 -0.085968017578125 -0.326568603515625
-0.0584716796875 -0.177169799804687 -0.102203369140625 -0.232208251953125
-0.140434265136719 -0.117210388183594 -0.12725830078125 -0.185867309570313
-0.178436279296875 -0.067535400390625 -0.10089111328125 -0.150497436523437
-0.16693115234375 -0.058013916015625 -0.032989501953125 -0.125617980957031
-0.196090698242188 -0.0408172607421875 0.0236587524414062 -0.13372802734375
-0.181182861328125 -0.065643310546875 0.0843582153320312 -0.0830764770507813
-0.160781860351563 -0.143585205078125 0.102767944335938 -0.0295333862304688
-0.117156982421875 -0.198638916015625 0.0553817749023437 0.0115699768066406
0.0379791259765625 -0.250106811523438 0.0218620300292969 -0.00556564331054689
0.111343383789063 -0.241806030273437 0.006561279296875 -0.104484558105469
0.196044921875 -0.217575073242188 0.178024291992187 -0.219711303710937
0.227706909179688 -0.095184326171875 -0.0913085937499999 -0.338104248046875
0.199966430664062 -0.121749877929687 0.025115966796875 -0.377166748046875
0.162551879882813 -0.2100830078125 0.013641357421875 -0.34490966796875
0.0348358154296875 -0.23944091796875 -0.060943603515625 -0.303802490234375
-0.0257720947265625 -0.196365356445313 -0.062530517578125 -0.192306518554688
-0.119003295898438 -0.160568237304687 -0.0642852783203125 -0.150833129882812
-0.165481567382813 -0.123565673828125 -0.0253372192382813 -0.128913879394531
-0.153610229492188 -0.1163330078125 0.02911376953125 -0.108596801757813
-0.1793212890625 -0.113296508789063 0.078277587890625 -0.115531921386719
-0.140220642089844 -0.128829956054688 0.116096496582031 -0.06048583984375
-0.0904541015625 -0.184585571289063 0.117744445800781 -0.0114898681640625
-0.0369415283203125 -0.208709716796875 0.0623664855957031 0.0124435424804687
0.11456298828125 -0.201095581054687 0.0247745513916016 -0.0177383422851563
0.176406860351563 -0.154876708984375 0.0302276611328125 -0.147186279296875
0.219100952148438 -0.103286743164063 0.242507934570313 -0.269699096679688
0.189544677734375 0.0264892578125 -0.025115966796875 -0.340972900390625
0.1912841796875 -0.0287322998046875 0.06207275390625 -0.380340576171875
0.1729736328125 -0.12445068359375 0.01873779296875 -0.319061279296875
0.07550048828125 -0.181488037109375 -0.0391998291015625 -0.2547607421875
0.0244140625 -0.165328979492188 -0.0286407470703125 -0.139999389648438
-0.0632171630859375 -0.173690795898438 -0.00496673583984376 -0.105064392089844
-0.119766235351563 -0.16253662109375 0.0440673828125 -0.0928115844726563
-0.116317749023438 -0.156692504882813 0.0865097045898437 -0.07470703125
-0.139663696289063 -0.167312622070313 0.130416870117188 -0.0709381103515625
-0.090301513671875 -0.1728515625 0.143234252929687 -0.0108642578125
-0.01837158203125 -0.20367431640625 0.12762451171875 0.0295181274414062
0.0422821044921875 -0.200057983398438 0.0718994140625 0.033416748046875
0.180206298828125 -0.137069702148438 0.0395278930664063 -0.00296020507812501
0.224334716796875 -0.051239013671875 0.0731353759765625 -0.146102905273438
0.218368530273438 0.0236053466796875 0.306304931640625 -0.26629638671875
0.124923706054688 0.144058227539063 0.00881958007812503 -0.296234130859375
0.147628784179688 0.076141357421875 0.072021484375 -0.338897705078125
0.152999877929688 -0.006378173828125 0.01031494140625 -0.269119262695312
0.109222412109375 -0.0814895629882813 -0.02978515625 -0.198760986328125
0.0817642211914063 -0.100082397460938 -0.01123046875 -0.0904388427734375
0.01470947265625 -0.160476684570313 0.0328636169433594 -0.0577430725097656
-0.0517578125 -0.178436279296875 0.0928802490234375 -0.047698974609375
-0.061737060546875 -0.172714233398438 0.128585815429688 -0.0285720825195313
-0.08380126953125 -0.191360473632813 0.172470092773437 -0.010589599609375
-0.0392913818359375 -0.184844970703125 0.16558837890625 0.0526275634765625
0.034576416015625 -0.191986083984375 0.138473510742188 0.0828018188476562
0.0906219482421875 -0.168960571289062 0.0872573852539063 0.0723648071289062
0.206161499023438 -0.071807861328125 0.0616455078125 0.0384597778320312
0.233566284179688 0.045806884765625 0.122627258300781 -0.102989196777344
0.184921264648438 0.138809204101563 0.358856201171875 -0.217132568359375
-0.130828857421875 -0.238037109375 -0.348480224609375 0.191619873046875
-0.20684814453125 -0.0359039306640625 -0.154067993164063 0.0745391845703125
-0.172927856445313 0.0621337890625 -0.0646133422851563 -0.088348388671875
-0.0996551513671875 0.135406494140625 -0.103836059570313 -0.14208984375
-0.0347671508789062 0.135902404785156 -0.153915405273438 -0.147247314453125
0.0332183837890625 0.158721923828125 -0.2073974609375 -0.0915985107421875
0.0485382080078125 0.155899047851563 -0.219558715820312 -0.025299072265625
0.0290374755859375 0.149658203125 -0.166458129882813 -0.000274658203124968
0.0191192626953125 0.170623779296875 -0.111625671386719 0.0219497680664063
-0.0531463623046875 0.141357421875 -0.0443687438964844 0.0331001281738281
-0.119720458984375 0.0905990600585938 0.00250244140625 0.070953369140625
-0.146270751953125 0.0198974609375 0.0121612548828125 0.139137268066406
-0.143280029296875 -0.0949249267578125 -0.00614929199218753 0.20733642578125
-0.136062622070313 -0.1650390625 -0.0186767578125 0.278091430664063
-0.0731658935546875 -0.248809814453125 0.0095977783203125 0.220382690429688
-0.043701171875 -0.297271728515625 -0.37255859375 0.0841369628906249
-0.141494750976563 -0.109024047851563 -0.180557250976563 -0.019134521484375
-0.128150939941406 -0.023101806640625 -0.084442138671875 -0.153884887695312
-0.0955123901367188 0.0537948608398438 -0.132232666015625 -0.199234008789063
-0.05023193359375 0.0669937133789063 -0.171875 -0.187896728515625
-0.0202713012695312 0.106544494628906 -0.228164672851563 -0.135528564453125
-0.0236892700195313 0.125038146972656 -0.239944458007813 -0.0715789794921875
-0.0390625 0.124717712402344 -0.175094604492187 -0.0433502197265625
-0.061553955078125 0.152313232421875 -0.114898681640625 -0.0265579223632813
-0.124725341796875 0.113876342773437 -0.0356521606445313 -0.00685501098632812
-0.18328857421875 0.0327301025390625 0.0144271850585937 0.0350494384765625
-0.189483642578125 -0.0616607666015625 0.0145111083984375 0.0968856811523437
-0.12054443359375 -0.192642211914063 0.00447845458984373 0.136734008789063
-0.088043212890625 -0.255783081054688 -0.0155792236328125 0.177734375
-0.00460815429687503 -0.322509765625 0.0200042724609375 0.109672546386719
0.055572509765625 -0.319915771484375 -0.357666015625 -0.03875732421875
-0.0447998046875 -0.172454833984375 -0.172042846679688 -0.12335205078125
-0.0598907470703125 -0.122695922851562 -0.0840606689453125 -0.2252197265625
-0.0832138061523438 -0.0516433715820312 -0.147308349609375 -0.25689697265625
-0.0664749145507813 -0.0208320617675781 -0.178359985351562 -0.21832275390625
-0.0782089233398437 0.0359725952148438 -0.230941772460938 -0.16412353515625
-0.0973358154296875 0.0749664306640625 -0.231689453125 -0.10614013671875
-0.103240966796875 0.0795974731445313 -0.156509399414062 -0.0788421630859375
-0.131248474121094 0.112197875976563 -0.0946426391601563 -0.073638916015625
-0.175201416015625 0.075531005859375 -0.00998687744140626 -0.0438003540039063
-0.218826293945313 -0.0184173583984375 0.0368576049804687 0.00286483764648437
-0.210540771484375 -0.117263793945313 0.0228843688964844 0.0599822998046875
-0.09808349609375 -0.251998901367188 0.00858306884765624 0.0742721557617187
-0.042327880859375 -0.304107666015625 -0.0183334350585938 0.071502685546875
0.0592041015625 -0.34832763671875 0.0465011596679688 -0.015869140625
0.14703369140625 -0.29791259765625 -0.303802490234375 -0.157928466796875
0.05963134765625 -0.210769653320313 -0.133453369140625 -0.226242065429688
0.0184783935546875 -0.212692260742188 -0.0665283203125 -0.2867431640625
-0.06439208984375 -0.159698486328125 -0.144500732421875 -0.295867919921875
-0.0792694091796875 -0.109298706054688 -0.16497802734375 -0.228485107421875
-0.128395080566406 -0.040130615234375 -0.20623779296875 -0.174545288085938
-0.157180786132813 0.0135040283203125 -0.192672729492187 -0.124588012695312
-0.152023315429688 0.022003173828125 -0.114646911621094 -0.103034973144531
-0.180496215820312 0.05322265625 -0.056243896484375 -0.108039855957031
-0.19683837890625 0.021636962890625 0.0220184326171875 -0.0712814331054688
-0.217361450195313 -0.0699310302734375 0.0602569580078125 -0.0220222473144531
-0.196060180664063 -0.15570068359375 0.0309715270996094 0.0304031372070312
-0.0579071044921875 -0.272262573242188 0.00583457946777344 0.0241432189941406
0.01251220703125 -0.30517578125 -0.0254192352294922 -0.0265369415283203
0.119659423828125 -0.323394775390625 0.0826950073242188 -0.136337280273438
0.208175659179688 -0.23358154296875 -0.226409912109375 -0.2559814453125
0.145294189453125 -0.20684814453125 -0.080780029296875 -0.31329345703125
0.0912628173828125 -0.260040283203125 -0.045562744140625 -0.327056884765625
-0.0350341796875 -0.236038208007813 -0.125823974609375 -0.30621337890625
-0.0779266357421875 -0.17645263671875 -0.130142211914063 -0.214187622070313
-0.155776977539063 -0.104522705078125 -0.15411376953125 -0.163177490234375
-0.19140625 -0.0475616455078125 -0.1273193359375 -0.127845764160156
-0.177810668945312 -0.038330078125 -0.0557479858398438 -0.109367370605469
-0.2047119140625 -0.0167236328125 -0.00519561767578127 -0.12213134765625
-0.191177368164063 -0.0442962646484375 0.0576095581054687 -0.078582763671875
-0.182159423828125 -0.125595092773438 0.0809326171875 -0.029632568359375
-0.145401000976562 -0.187713623046875 0.0367088317871094 0.0127716064453125
0.00927734374999997 -0.261947631835938 -0.000154972076416015 -0.00843048095703127
0.0845489501953125 -0.262557983398438 -0.0256195068359375 -0.103988647460938
0.1746826171875 -0.249603271484375 0.1304931640625 -0.234649658203125
0.22857666015625 -0.13311767578125 -0.145172119140625 -0.318389892578125
0.194839477539063 -0.156097412109375 -0.02880859375 -0.36932373046875
0.143112182617188 -0.244369506835938 -0.030242919921875 -0.336639404296875
0.00346374511718751 -0.253204345703125 -0.09765625 -0.28546142578125
-0.05364990234375 -0.201385498046875 -0.084197998046875 -0.178070068359375
-0.147048950195312 -0.14862060546875 -0.0854568481445313 -0.136604309082031
-0.191757202148437 -0.100372314453125 -0.0471572875976563 -0.116409301757812
-0.176025390625 -0.09442138671875 0.0111312866210937 -0.100700378417969
-0.202423095703125 -0.08587646484375 0.0541763305664062 -0.11041259765625
-0.164642333984375 -0.10980224609375 0.0951614379882812 -0.0588607788085938
-0.123016357421875 -0.17694091796875 0.100227355957031 -0.0126190185546875
-0.06982421875 -0.212005615234375 0.0449600219726562 0.0132560729980469
0.093109130859375 -0.22808837890625 0.00352287292480469 -0.020956039428711
0.165023803710938 -0.190032958984375 -0.00521850585937499 -0.150985717773438
0.218658447265625 -0.142074584960938 0.191558837890625 -0.295166015625
0.209686279296875 -0.009490966796875 -0.07452392578125 -0.334197998046875
0.2010498046875 -0.0654144287109375 0.010772705078125 -0.38177490234375
0.165191650390625 -0.16412353515625 -0.021453857421875 -0.31231689453125
0.0484466552734375 -0.204879760742188 -0.0673675537109375 -0.239456176757813
-0.00460815429687502 -0.178268432617188 -0.0400772094726563 -0.130233764648437
-0.0987396240234375 -0.166397094726563 -0.017303466796875 -0.0999374389648438
-0.154617309570313 -0.141220092773438 0.0305404663085937 -0.0923080444335938
-0.1480712890625 -0.135452270507812 0.0759124755859375 -0.0759429931640625
-0.174057006835938 -0.142227172851562 0.11517333984375 -0.0744400024414063
-0.12396240234375 -0.158309936523437 0.131515502929688 -0.0122756958007813
-0.05828857421875 -0.205291748046875 0.1182861328125 0.0262832641601562
0.00628662109375002 -0.215255737304688 0.0590972900390625 0.0321540832519531
0.166824340820313 -0.175369262695313 0.0234603881835938 -0.00996780395507814
0.228240966796875 -0.09490966796875 0.0413360595703125 -0.158218383789063
0.236038208007813 -0.0159454345703125 0.2611083984375 -0.302276611328125
0.1605224609375 0.117050170898438 -0.02789306640625 -0.29925537109375
0.17181396484375 0.044891357421875 0.030029296875 -0.345947265625
0.160354614257812 -0.045196533203125 -0.021575927734375 -0.262435913085938
0.0931015014648438 -0.110984802246094 -0.0474395751953125 -0.18603515625
0.05908203125 -0.120101928710937 -0.0133819580078125 -0.0843582153320313
-0.02264404296875 -0.16217041015625 0.0310249328613281 -0.0599174499511719
-0.0905303955078125 -0.1646728515625 0.0894775390625 -0.0571517944335938
-0.0970306396484375 -0.156143188476563 0.126762390136719 -0.0380096435546875
-0.124343872070313 -0.170440673828125 0.168838500976563 -0.0234222412109375
-0.0787811279296875 -0.173782348632813 0.16552734375 0.0453338623046875
-0.00689697265624998 -0.198928833007812 0.138381958007813 0.0755691528320312
0.05615234375 -0.189971923828125 0.0813980102539062 0.066558837890625
0.199325561523438 -0.114990234375 0.0547828674316406 0.0278511047363281
0.248916625976563 -0.0019683837890625 0.1019287109375 -0.123970031738281
0.217849731445312 0.102447509765625 0.326507568359375 -0.2628173828125
-0.164077758789062 -0.20416259765625 -0.320068359375 0.23052978515625
-0.203460693359375 0.00337219238281251 -0.136093139648438 0.0962677001953125
-0.155715942382813 0.0925445556640625 -0.06427001953125 -0.0787277221679688
-0.067779541015625 0.148239135742188 -0.106941223144531 -0.131515502929687
-0.00611114501953124 0.134056091308594 -0.159683227539063 -0.133544921875
0.0610504150390625 0.139739990234375 -0.210601806640625 -0.0767974853515625
0.07232666015625 0.133773803710938 -0.221221923828125 -0.006103515625
0.0519485473632813 0.131904602050781 -0.168609619140625 0.0159149169921875
0.047119140625 0.151565551757813 -0.112342834472656 0.0357818603515625
-0.0241546630859375 0.137115478515625 -0.05023193359375 0.0370330810546875
-0.0924606323242187 0.104110717773438 -0.000873565673828132 0.0691413879394531
-0.132347106933594 0.0458526611328125 0.01727294921875 0.131782531738281
-0.155258178710938 -0.06231689453125 0.00689697265624997 0.197616577148438
-0.16033935546875 -0.131378173828125 0.0054473876953125 0.272857666015625
-0.1119384765625 -0.2255859375 0.0260009765625 0.218475341796875
-0.0807647705078125 -0.274917602539063 -0.3583984375 0.132965087890625
-0.145065307617188 -0.0771331787109375 -0.17486572265625 0.0120086669921875
-0.11962890625 0.001678466796875 -0.0923843383789063 -0.137596130371094
-0.072998046875 0.0665664672851563 -0.142730712890625 -0.18109130859375
-0.0284614562988281 0.0664100646972656 -0.183517456054687 -0.16766357421875
0.00138854980468749 0.0939865112304688 -0.236679077148438 -0.1121826171875
-0.00357055664062499 0.112525939941406 -0.2470703125 -0.0434112548828125
-0.018798828125 0.114608764648438 -0.1817626953125 -0.020416259765625
-0.0349273681640625 0.142868041992188 -0.122810363769531 -0.00656890869140623
-0.099365234375 0.118217468261719 -0.0476570129394531 0.0026702880859375
-0.163497924804687 0.0527496337890625 0.00457382202148437 0.0376663208007813
-0.185043334960938 -0.0315399169921875 0.0114517211914062 0.0945053100585938
-0.14129638671875 -0.163772583007812 0.0049896240234375 0.130653381347656
-0.12164306640625 -0.228973388671875 -0.00714111328125001 0.17852783203125
-0.0499267578125 -0.307830810546875 0.0202484130859375 0.11328125
0.018890380859375 -0.31201171875 -0.359893798828125 0.0148925781249999
-0.0568389892578125 -0.153656005859375 -0.180007934570312 -0.087493896484375
-0.0636749267578125 -0.107429504394531 -0.0996551513671875 -0.203887939453125
-0.0741958618164063 -0.039794921875 -0.165267944335938 -0.231582641601563
-0.0556297302246094 -0.0183792114257813 -0.194732666015625 -0.193756103515625
-0.0643424987792969 0.0320091247558594 -0.24310302734375 -0.1353759765625
-0.0840301513671875 0.0736846923828125 -0.2425537109375 -0.07379150390625
-0.0888214111328125 0.0799713134765625 -0.167648315429688 -0.0532379150390625
-0.111198425292969 0.114334106445312 -0.109268188476563 -0.0501480102539062
-0.156341552734375 0.086029052734375 -0.0279464721679688 -0.031707763671875
-0.206863403320313 0.0053558349609375 0.0217571258544922 0.00806808471679688
-0.213546752929688 -0.0876007080078125 0.0135993957519531 0.0617828369140625
-0.124526977539062 -0.229217529296875 -0.000892639160156262 0.071502685546875
-0.079559326171875 -0.286773681640625 -0.0244903564453125 0.0770797729492187
0.01422119140625 -0.344970703125 0.0291481018066406 -0.00955963134765627
0.114105224609375 -0.306884765625 -0.321624755859375 -0.10595703125
0.042083740234375 -0.207595825195313 -0.154647827148438 -0.190902709960938
0.00221252441406252 -0.2095947265625 -0.090972900390625 -0.264450073242188
-0.07159423828125 -0.14959716796875 -0.16802978515625 -0.267852783203125
-0.0822830200195312 -0.104591369628906 -0.1817626953125 -0.202362060546875
-0.125495910644531 -0.0333328247070312 -0.22149658203125 -0.144088745117188
-0.15240478515625 0.0236358642578125 -0.205673217773437 -0.0923919677734375
-0.145294189453125 0.0321807861328125 -0.127113342285156 -0.0777206420898437
-0.169754028320313 0.0670928955078125 -0.075164794921875 -0.0848541259765625
-0.187301635742188 0.038116455078125 0.00217437744140624 -0.0585403442382813
-0.216705322265625 -0.0461883544921875 0.0424118041992187 -0.015167236328125
-0.2073974609375 -0.130340576171875 0.0178451538085937 0.0355224609375
-0.0854644775390625 -0.259933471679688 -0.0118885040283203 0.0261287689208984
-0.02227783203125 -0.299652099609375 -0.043914794921875 -0.016387939453125
0.081390380859375 -0.331024169921875 0.0507965087890625 -0.131103515625
0.18450927734375 -0.25604248046875 -0.257186889648437 -0.2113037109375
0.126724243164062 -0.220062255859375 -0.11370849609375 -0.2825927734375
0.0672454833984375 -0.27178955078125 -0.076080322265625 -0.30517578125
-0.0571441650390625 -0.2308349609375 -0.150909423828125 -0.277969360351563
-0.0933990478515625 -0.170562744140625 -0.146759033203125 -0.190200805664063
-0.165115356445312 -0.0907745361328125 -0.169265747070313 -0.137283325195312
-0.196502685546875 -0.0264434814453125 -0.141571044921875 -0.1004638671875
-0.180953979492188 -0.0203704833984375 -0.06915283203125 -0.0899200439453125
-0.204788208007812 0.00613403320312503 -0.0249557495117188 -0.102066040039063
-0.193923950195313 -0.0243377685546875 0.037933349609375 -0.0666046142578125
-0.193557739257813 -0.105209350585938 0.0629653930664062 -0.0219650268554688
-0.165298461914062 -0.170562744140625 0.0220737457275391 0.0203571319580078
-0.0179595947265625 -0.263168334960937 -0.0200977325439453 -0.00405883789062502
0.0562591552734375 -0.27294921875 -0.0533065795898437 -0.0924224853515625
0.148773193359375 -0.270645141601563 0.086883544921875 -0.232833862304688
0.218948364257812 -0.165359497070312 -0.182891845703125 -0.28497314453125
0.18115234375 -0.182601928710938 -0.06976318359375 -0.346466064453125
0.117156982421875 -0.267562866210938 -0.062652587890625 -0.31591796875
-0.0265045166015625 -0.255294799804688 -0.121002197265625 -0.26031494140625
-0.077850341796875 -0.19805908203125 -0.0966949462890625 -0.160049438476563
-0.16717529296875 -0.130279541015625 -0.098236083984375 -0.11798095703125
-0.2054443359375 -0.0728302001953125 -0.0605087280273438 -0.0987167358398438
-0.188690185546875 -0.0706329345703125 -0.000732421875000008 -0.0886459350585937
-0.214263916015625 -0.0572357177734375 0.036895751953125 -0.098297119140625
-0.178665161132812 -0.0881195068359375 0.0791854858398437 -0.0499420166015625
-0.146652221679688 -0.1610107421875 0.0853118896484375 -0.00666809082031251
-0.09771728515625 -0.204421997070313 0.0310344696044922 0.0206661224365234
0.068023681640625 -0.244873046875 -0.0164918899536133 -0.0167436599731445
0.145263671875 -0.215316772460938 -0.036376953125 -0.1431884765625
0.207168579101563 -0.173095703125 0.1419677734375 -0.3006591796875
0.216033935546875 -0.045684814453125 -0.11224365234375 -0.314056396484375
0.197723388671875 -0.098236083984375 -0.031494140625 -0.367950439453125
0.146377563476563 -0.195098876953125 -0.05108642578125 -0.29400634765625
0.0183563232421875 -0.215606689453125 -0.0855865478515625 -0.219451904296875
-0.0320892333984375 -0.180679321289063 -0.0472488403320312 -0.119850158691406
-0.126373291015625 -0.150115966796875 -0.0255279541015625 -0.09210205078125
-0.177642822265625 -0.113067626953125 0.0200347900390625 -0.08660888671875
-0.167205810546875 -0.10986328125 0.0674209594726562 -0.0739212036132813
-0.194564819335938 -0.10980224609375 0.101722717285156 -0.0717697143554688
-0.147872924804688 -0.135162353515625 0.121940612792969 -0.0107040405273438
-0.0904998779296875 -0.194198608398438 0.109230041503906 0.0273284912109375
-0.026824951171875 -0.216598510742188 0.0481452941894531 0.0361175537109375
0.143157958984375 -0.204925537109375 0.00712680816650391 -0.00948429107666017
0.218048095703125 -0.134201049804688 0.0121002197265625 -0.158355712890625
0.240158081054688 -0.0545196533203125 0.213409423828125 -0.318817138671875
0.182174682617188 0.082244873046875 -0.059722900390625 -0.29058837890625
0.1824951171875 0.0102691650390625 -0.00646972656250001 -0.339874267578125
0.154190063476563 -0.0800018310546875 -0.0451202392578125 -0.246841430664063
0.0699996948242188 -0.130966186523438 -0.0571746826171875 -0.170684814453125
0.0344924926757812 -0.130470275878906 -0.0125961303710938 -0.0789031982421875
-0.0537872314453125 -0.152130126953125 0.029510498046875 -0.0618400573730469
-0.119140625 -0.139350891113281 0.0842437744140625 -0.0634841918945313
-0.121673583984375 -0.131996154785156 0.123504638671875 -0.0459136962890625
-0.150283813476562 -0.139663696289063 0.161895751953125 -0.030853271484375
-0.106781005859375 -0.152420043945313 0.163543701171875 0.04046630859375
-0.04266357421875 -0.192138671875 0.135482788085938 0.0701217651367188
0.020843505859375 -0.196640014648437 0.0756607055664062 0.064666748046875
0.178955078125 -0.148681640625 0.0452194213867188 0.0204315185546875
0.247955322265625 -0.0454254150390625 0.0773544311523438 -0.135345458984375
0.234481811523438 0.061920166015625 0.286407470703125 -0.291290283203125
-0.18243408203125 -0.171035766601562 -0.290496826171875 0.25616455078125
-0.192611694335937 0.033050537109375 -0.117164611816406 0.109016418457031
-0.135627746582031 0.113578796386719 -0.0621490478515625 -0.0719757080078125
-0.039764404296875 0.152053833007813 -0.107505798339844 -0.125358581542969
0.0161590576171875 0.126686096191406 -0.162551879882813 -0.123367309570312
0.0781326293945313 0.118492126464844 -0.210189819335937 -0.0665435791015625
0.0858612060546875 0.112022399902344 -0.218551635742188 0.00801086425781255
0.0654449462890625 0.112777709960937 -0.166900634765625 0.028778076171875
0.0651702880859375 0.130401611328125 -0.111351013183594 0.0469894409179687
-0.00228118896484376 0.12652587890625 -0.0543060302734375 0.0420722961425781
-0.0686721801757813 0.107406616210937 -0.00424957275390626 0.0696754455566406
-0.116302490234375 0.0627975463867188 0.0173263549804687 0.126686096191406
-0.15673828125 -0.033966064453125 0.0121917724609375 0.189346313476563
-0.172500610351563 -0.0999603271484375 0.0211181640625 0.265914916992188
-0.13800048828125 -0.199432373046875 0.0382232666015625 0.214523315429688
-0.104705810546875 -0.249298095703125 -0.33880615234375 0.168701171875
-0.140403747558594 -0.0523605346679688 -0.164154052734375 0.035003662109375
-0.106544494628906 0.0187149047851563 -0.0945205688476563 -0.123733520507812
-0.0512924194335938 0.0711593627929688 -0.14666748046875 -0.16693115234375
-0.0122871398925781 0.0608139038085938 -0.188308715820313 -0.151443481445313
0.0157852172851563 0.0790634155273438 -0.239959716796875 -0.09503173828125
0.00850677490234374 0.0979156494140625 -0.247146606445312 -0.0212554931640625
-0.00602722167968749 0.10235595703125 -0.183120727539063 -0.00111389160156246
-0.01776123046875 0.129959106445313 -0.125587463378906 0.011199951171875
-0.0789794921875 0.114646911621094 -0.0558128356933594 0.0125465393066406
-0.143661499023438 0.0629425048828125 -0.00329589843750001 0.0430526733398438
-0.17462158203125 -0.0104827880859375 0.00756072998046874 0.0947189331054688
-0.151214599609375 -0.137542724609375 0.0014495849609375 0.12713623046875
-0.141891479492188 -0.201797485351562 -0.0015106201171875 0.178955078125
-0.0826416015625 -0.28826904296875 0.0200424194335937 0.116363525390625
-0.00787353515625003 -0.29925537109375 -0.351593017578125 0.0579528808593749
-0.059814453125 -0.137306213378906 -0.177902221679688 -0.058563232421875
-0.06231689453125 -0.0952987670898438 -0.108489990234375 -0.186141967773438
-0.0636520385742188 -0.0330657958984375 -0.173599243164063 -0.2099609375
-0.0467300415039062 -0.0203514099121094 -0.200363159179687 -0.172348022460938
-0.0556259155273438 0.0253753662109375 -0.247695922851562 -0.11224365234375
-0.0743331909179688 0.0692291259765625 -0.245712280273438 -0.046142578125
-0.0794906616210937 0.075714111328125 -0.170669555664063 -0.0305633544921875
-0.0957870483398438 0.111091613769531 -0.114959716796875 -0.0280227661132812
-0.140083312988281 0.0899200439453125 -0.0383262634277344 -0.0177764892578125
-0.194061279296875 0.019805908203125 0.0117988586425781 0.0167741775512695
-0.210220336914063 -0.0645904541015624 0.00574874877929686 0.0670700073242187
-0.139663696289063 -0.20831298828125 -0.0119552612304688 0.0740890502929687
-0.103866577148438 -0.266387939453125 -0.0299606323242188 0.0840682983398437
-0.019287109375 -0.33465576171875 0.0169544219970703 -0.000726699829101583
0.08837890625 -0.308258056640625 -0.32550048828125 -0.0621643066406251
0.031097412109375 -0.203765869140625 -0.163742065429687 -0.158767700195313
-0.00831604003906248 -0.205352783203125 -0.104461669921875 -0.243179321289062
-0.0743255615234375 -0.142135620117188 -0.178970336914062 -0.242111206054688
-0.0835723876953125 -0.101982116699219 -0.189956665039062 -0.179946899414063
-0.1236572265625 -0.0304107666015625 -0.2276611328125 -0.11846923828125
-0.14715576171875 0.031768798828125 -0.210006713867188 -0.0646820068359375
-0.140670776367188 0.03753662109375 -0.13201904296875 -0.055694580078125
-0.160247802734375 0.0738067626953125 -0.0837631225585938 -0.0623321533203125
-0.177688598632812 0.0481719970703125 -0.0106086730957031 -0.043182373046875
-0.211868286132813 -0.029022216796875 0.0306510925292969 -0.00411033630371094
-0.210922241210938 -0.10986328125 0.00805664062499998 0.0446510314941406
-0.103866577148438 -0.246932983398437 -0.0262660980224609 0.0328388214111328
-0.046661376953125 -0.29022216796875 -0.0580215454101563 -0.00348663330078126
0.05133056640625 -0.33135986328125 0.02679443359375 -0.119613647460938
0.163650512695312 -0.270843505859375 -0.271774291992188 -0.169998168945313
0.110809326171875 -0.22802734375 -0.133010864257813 -0.252471923828125
0.045989990234375 -0.276504516601563 -0.093994140625 -0.2833251953125
-0.072662353515625 -0.22344970703125 -0.164154052734375 -0.25250244140625
-0.105148315429688 -0.165435791015625 -0.15435791015625 -0.17041015625
-0.170211791992188 -0.0782928466796875 -0.175933837890625 -0.114273071289062
-0.196807861328125 -0.00904846191406249 -0.146530151367188 -0.0762786865234375
-0.181381225585938 -0.00680541992187502 -0.0741424560546875 -0.0710906982421875
-0.202239990234375 0.0236968994140625 -0.0352020263671875 -0.0824203491210938
-0.193267822265625 -0.00842285156249996 0.0262641906738281 -0.0518302917480469
-0.199615478515625 -0.0874176025390625 0.0522117614746094 -0.0106582641601563
-0.176956176757813 -0.15478515625 0.0116481781005859 0.0313816070556641
-0.0385589599609375 -0.261337280273437 -0.0362510681152344 0.00526809692382811
0.0332794189453125 -0.276748657226563 -0.0737686157226563 -0.0769805908203125
0.126007080078125 -0.282867431640625 0.05511474609375 -0.22210693359375
0.206207275390625 -0.1898193359375 -0.205459594726563 -0.251190185546875
0.16705322265625 -0.201507568359375 -0.095703125 -0.321075439453125
0.09210205078125 -0.281524658203125 -0.082061767578125 -0.294769287109375
-0.0507659912109375 -0.252655029296875 -0.1328125 -0.237197875976563
-0.0966033935546875 -0.1922607421875 -0.10205078125 -0.14495849609375
-0.17919921875 -0.113372802734375 -0.104385375976563 -0.101997375488281
-0.2125244140625 -0.04925537109375 -0.0667343139648438 -0.0829086303710937
-0.194046020507813 -0.0500030517578125 -0.00614166259765626 -0.0768280029296875
-0.217514038085938 -0.032257080078125 0.0266952514648437 -0.0838165283203125
-0.186416625976563 -0.0681915283203125 0.0701026916503906 -0.0380744934082031
-0.162673950195313 -0.144088745117187 0.0766830444335937 0.00277709960937499
-0.1190185546875 -0.19464111328125 0.0217800140380859 0.0306549072265625
0.0449066162109375 -0.254318237304688 -0.0322513580322266 -0.00800132751464846
0.126220703125 -0.23291015625 -0.0599594116210937 -0.130294799804688
0.192459106445313 -0.196563720703125 0.105224609375 -0.294525146484375
0.213241577148438 -0.075958251953125 -0.137451171875 -0.290557861328125
0.189971923828125 -0.125808715820313 -0.06158447265625 -0.3492431640625
0.125579833984375 -0.218215942382813 -0.0696868896484375 -0.275680541992188
-0.00765991210937499 -0.219528198242188 -0.094207763671875 -0.20135498046875
-0.0544281005859375 -0.177780151367187 -0.0488433837890625 -0.110557556152344
-0.144012451171875 -0.131851196289063 -0.0290603637695313 -0.0843582153320313
-0.1898193359375 -0.0859832763671875 0.014129638671875 -0.0807723999023438
-0.177642822265625 -0.08587646484375 0.0618743896484375 -0.0700263977050781
-0.204788208007812 -0.080718994140625 0.0943603515625 -0.0661087036132812
-0.161636352539063 -0.112747192382813 0.116950988769531 -0.00464630126953126
-0.113449096679688 -0.17987060546875 0.103782653808594 0.032745361328125
-0.054229736328125 -0.211685180664062 0.0405082702636719 0.0434532165527344
0.120254516601563 -0.22344970703125 -0.00593948364257812 -0.00480556488037111
0.202957153320312 -0.163040161132812 -0.0127716064453125 -0.152313232421875
0.23651123046875 -0.0867919921875 0.17559814453125 -0.321624755859375
0.19171142578125 0.050140380859375 -0.0811614990234375 -0.278289794921875
0.183975219726562 -0.0196075439453125 -0.0328369140625 -0.32904052734375
0.142318725585938 -0.107513427734375 -0.05712890625 -0.231552124023438
0.0477447509765625 -0.141845703125 -0.059814453125 -0.158920288085938
0.0122222900390625 -0.133880615234375 -0.0099945068359375 -0.0772247314453125
-0.0759048461914062 -0.137222290039063 0.0275382995605469 -0.0630035400390625
-0.135414123535156 -0.114173889160156 0.0801239013671875 -0.0673370361328125
-0.135482788085938 -0.108589172363281 0.120262145996094 -0.051666259765625
-0.164230346679688 -0.110794067382813 0.157073974609375 -0.0351715087890625
-0.124137878417969 -0.129661560058594 0.163116455078125 0.03814697265625
-0.069671630859375 -0.179153442382813 0.133338928222656 0.0691375732421875
-0.00823974609375001 -0.194900512695313 0.0706024169921875 0.0654830932617187
0.1572265625 -0.173049926757813 0.0356483459472656 0.0182838439941406
0.237396240234375 -0.08154296875 0.0554580688476563 -0.139114379882812
0.239288330078125 0.0264892578125 0.25164794921875 -0.304656982421875
-0.195632934570313 -0.142425537109375 -0.26861572265625 0.276046752929688
-0.180099487304688 0.0556793212890625 -0.100914001464844 0.118827819824219
-0.116401672363281 0.129096984863281 -0.0591316223144531 -0.0687828063964843
-0.01641845703125 0.152008056640625 -0.108558654785156 -0.123443603515625
0.0330581665039063 0.117965698242188 -0.16656494140625 -0.117752075195312
0.0891571044921875 0.100212097167969 -0.21307373046875 -0.060302734375
0.0936737060546875 0.0927810668945313 -0.220489501953125 0.01861572265625
0.0740890502929688 0.0968551635742188 -0.167816162109375 0.0399322509765625
0.0754318237304688 0.111259460449219 -0.110671997070313 0.0562210083007813
0.01239013671875 0.115821838378906 -0.05908203125 0.0479698181152344
-0.0502090454101563 0.10711669921875 -0.00801086425781251 0.0733489990234375
-0.101425170898438 0.0740432739257813 0.0168685913085937 0.125892639160156
-0.154937744140625 -0.0105743408203125 0.0149688720703125 0.185775756835938
-0.179580688476563 -0.072998046875 0.032989501953125 0.262725830078125
-0.157669067382812 -0.176361083984375 0.0465850830078125 0.214035034179688
-0.12115478515625 -0.228866577148438 -0.322418212890625 0.198394775390625
-0.133941650390625 -0.0343170166015625 -0.152740478515625 0.0528106689453125
-0.0940628051757813 0.031890869140625 -0.0950851440429687 -0.115264892578125
-0.0331573486328125 0.0718460083007813 -0.150146484375 -0.157623291015625
0.000221252441406255 0.0534210205078125 -0.192550659179688 -0.140594482421875
0.0245437622070313 0.0647544860839844 -0.24407958984375 -0.0823974609375
0.015472412109375 0.0853347778320313 -0.249359130859375 -0.00352478027343749
0.000274658203124997 0.091339111328125 -0.18475341796875 0.0152587890625
-0.0074920654296875 0.118392944335938 -0.12652587890625 0.0261001586914063
-0.0653610229492188 0.10943603515625 -0.0618247985839844 0.023651123046875
-0.129203796386719 0.0681991577148438 -0.00794601440429688 0.0503273010253906
-0.165985107421875 0.00482177734375001 0.00373077392578124 0.0992889404296875
-0.157302856445313 -0.1170654296875 -0.00276184082031252 0.128929138183594
-0.155868530273438 -0.179061889648438 0.00178527832031247 0.18255615234375
-0.106353759765625 -0.271682739257813 0.0204849243164063 0.122268676757812
-0.026702880859375 -0.289764404296875 -0.343719482421875 0.0931396484375
-0.0604934692382813 -0.126823425292969 -0.174148559570313 -0.035552978515625
-0.058685302734375 -0.087860107421875 -0.112716674804688 -0.173263549804688
-0.0543899536132812 -0.0310287475585938 -0.179244995117188 -0.19677734375
-0.0411796569824219 -0.0250129699707031 -0.205612182617188 -0.157928466796875
-0.0509986877441406 0.018341064453125 -0.2529296875 -0.0954742431640625
-0.0695381164550781 0.0654830932617188 -0.247055053710938 -0.0238494873046875
-0.0745773315429687 0.0721893310546875 -0.172088623046875 -0.012359619140625
-0.0882644653320313 0.108238220214844 -0.11785888671875 -0.00943756103515626
-0.129280090332031 0.0909042358398438 -0.0454635620117188 -0.00432205200195312
-0.184707641601562 0.028594970703125 0.00522994995117186 0.0271720886230469
-0.207382202148438 -0.048858642578125 0.000473022460937487 0.0752182006835938
-0.150588989257813 -0.192733764648438 -0.0214767456054688 0.08013916015625
-0.121917724609375 -0.250335693359375 -0.034423828125 0.0939559936523438
-0.044219970703125 -0.32647705078125 0.00858736038208007 0.00859546661376951
0.06982421875 -0.310699462890625 -0.327117919921875 -0.0252685546875
0.023956298828125 -0.202163696289062 -0.16790771484375 -0.1343994140625
-0.015899658203125 -0.205047607421875 -0.1136474609375 -0.228515625
-0.0764236450195313 -0.138420104980469 -0.186981201171875 -0.225143432617188
-0.0855865478515625 -0.1033935546875 -0.195648193359375 -0.164657592773437
-0.124374389648437 -0.02947998046875 -0.232284545898437 -0.0997772216796875
-0.145278930664063 0.0373077392578125 -0.212081909179687 -0.041778564453125
-0.139511108398438 0.0414352416992187 -0.133926391601563 -0.038330078125
-0.154953002929687 0.0794525146484375 -0.08782958984375 -0.0434799194335937
-0.171875 0.055084228515625 -0.0169639587402344 -0.0281600952148437
-0.209335327148438 -0.01788330078125 0.024637222290039 0.0081787109375
-0.21533203125 -0.0957183837890625 0.00157546997070311 0.0555229187011719
-0.118606567382812 -0.238632202148438 -0.0386772155761719 0.04351806640625
-0.065948486328125 -0.283203125 -0.0694427490234375 0.0109901428222656
0.02886962890625 -0.33294677734375 0.0103759765625 -0.108383178710938
0.146759033203125 -0.284271240234375 -0.280441284179688 -0.136550903320313
0.0997772216796875 -0.23675537109375 -0.14447021484375 -0.228530883789063
0.02984619140625 -0.28277587890625 -0.104156494140625 -0.267318725585938
-0.084716796875 -0.219924926757813 -0.172561645507813 -0.235427856445312
-0.115341186523437 -0.162948608398438 -0.158950805664062 -0.1568603515625
-0.176406860351563 -0.0696563720703125 -0.180282592773437 -0.0965728759765625
-0.198348999023437 0.00492858886718753 -0.148757934570313 -0.0569610595703125
-0.183212280273438 0.00482177734374999 -0.0757827758789063 -0.0571517944335938
-0.200531005859375 0.0371856689453125 -0.0388450622558594 -0.0658302307128906
-0.192123413085937 0.00331115722656251 0.0212326049804687 -0.0377883911132812
-0.204437255859375 -0.074462890625 0.04754638671875 0.00139999389648437
-0.187545776367188 -0.143020629882812 0.00596237182617187 0.0441246032714844
-0.05596923828125 -0.26239013671875 -0.0500297546386719 0.01812744140625
0.014678955078125 -0.281402587890625 -0.0896224975585937 -0.0608749389648438
0.107879638671875 -0.294769287109375 0.0320587158203125 -0.21270751953125
0.195220947265625 -0.212478637695313 -0.220474243164062 -0.223953247070313
0.155105590820312 -0.21893310546875 -0.114471435546875 -0.300750732421875
0.071685791015625 -0.295806884765625 -0.094268798828125 -0.279815673828125
-0.0709991455078125 -0.250778198242187 -0.140426635742188 -0.221481323242188
-0.113067626953125 -0.188247680664063 -0.105422973632813 -0.136428833007813
-0.190200805664062 -0.098052978515625 -0.107925415039063 -0.0892105102539062
-0.217529296875 -0.0290985107421875 -0.0692176818847656 -0.0698051452636719
-0.199722290039063 -0.032745361328125 -0.00740814208984376 -0.0683746337890625
-0.220596313476563 -0.011993408203125 0.023284912109375 -0.0724716186523438
-0.191513061523438 -0.051513671875 0.0678138732910156 -0.0272865295410156
-0.175491333007813 -0.130828857421875 0.0743484497070312 0.012603759765625
-0.135879516601563 -0.185501098632813 0.0172996520996094 0.0430030822753906
0.0247650146484375 -0.264205932617188 -0.0442581176757813 0.00338363647460935
0.108200073242188 -0.248687744140625 -0.0787353515625 -0.116294860839844
0.181884765625 -0.218353271484375 0.07806396484375 -0.2886962890625
0.210586547851563 -0.102523803710938 -0.155303955078125 -0.272293090820313
0.181472778320313 -0.14892578125 -0.081756591796875 -0.335235595703125
0.106552124023437 -0.238204956054688 -0.080322265625 -0.261917114257813
-0.030303955078125 -0.22198486328125 -0.098419189453125 -0.189773559570313
-0.074249267578125 -0.176101684570313 -0.0493850708007813 -0.106857299804688
-0.159439086914062 -0.115814208984375 -0.0321807861328125 -0.0793685913085938
-0.198013305664063 -0.063201904296875 0.0114669799804687 -0.0759963989257813
-0.185943603515625 -0.065948486328125 0.0613136291503906 -0.0681419372558594
-0.210739135742188 -0.0567779541015625 0.091888427734375 -0.0609130859375
-0.171676635742188 -0.0936737060546875 0.117973327636719 0.00127410888671874
-0.132400512695313 -0.166122436523438 0.103218078613281 0.0392913818359375
-0.076263427734375 -0.2059326171875 0.037200927734375 0.0523262023925781
0.099639892578125 -0.240188598632813 -0.0172576904296875 0.00192546844482421
0.188308715820313 -0.188217163085938 -0.0317840576171875 -0.144882202148438
0.231781005859375 -0.1143798828125 0.1488037109375 -0.3232421875
0.197418212890625 0.0228729248046875 -0.0969085693359375 -0.2686767578125
0.183013916015625 -0.046234130859375 -0.052032470703125 -0.322540283203125
0.129119873046875 -0.130172729492188 -0.0651397705078125 -0.221405029296875
0.0271759033203125 -0.149627685546875 -0.0610809326171875 -0.152236938476563
-0.00627899169921874 -0.135108947753906 -0.00645446777343749 -0.0780105590820313
-0.0928421020507812 -0.123313903808594 0.027679443359375 -0.0650634765625
-0.14666748046875 -0.092559814453125 0.0780258178710937 -0.0721054077148438
-0.145034790039063 -0.088287353515625 0.119972229003906 -0.056304931640625
-0.172210693359375 -0.086273193359375 0.156417846679688 -0.037078857421875
-0.136207580566406 -0.109748840332031 0.166213989257813 0.038299560546875
-0.090179443359375 -0.166534423828125 0.135017395019531 0.0711517333984375
-0.0319366455078125 -0.191635131835937 0.0683364868164063 0.0698318481445312
0.13720703125 -0.191970825195312 0.027099609375 0.0190677642822266
0.226791381835937 -0.110931396484375 0.0380096435546875 -0.14068603515625
0.242156982421875 -0.0039215087890625 0.2276611328125 -0.31683349609375
-0.207351684570313 -0.116470336914063 -0.2486572265625 0.300537109375
-0.168624877929688 0.07666015625 -0.0858078002929688 0.128036499023438
-0.0979156494140625 0.145126342773438 -0.0587501525878907 -0.0674934387207031
0.00553894042968751 0.150650024414063 -0.113998413085938 -0.123252868652344
0.04864501953125 0.1099853515625 -0.173263549804688 -0.113510131835937
0.0997467041015625 0.0830154418945312 -0.221771240234375 -0.0533599853515625
0.100471496582031 0.075714111328125 -0.224884033203125 0.0327911376953126
0.0815963745117188 0.0824127197265625 -0.169952392578125 0.0530548095703125
0.0843887329101563 0.0944976806640625 -0.110298156738281 0.0671920776367187
0.0258102416992187 0.106193542480469 -0.0616607666015625 0.0566062927246094
-0.0341949462890625 0.106300354003906 -0.00934600830078126 0.07879638671875
-0.0871810913085938 0.0844039916992188 0.017669677734375 0.129051208496094
-0.15234375 0.0121002197265625 0.019378662109375 0.187713623046875
-0.185226440429688 -0.0468597412109375 0.04693603515625 0.264877319335938
-0.176361083984375 -0.154541015625 0.0572509765625 0.216415405273438
-0.137527465820313 -0.211334228515625 -0.308197021484375 0.231201171875
-0.128097534179688 -0.0186767578125 -0.143280029296875 0.07012939453125
-0.082061767578125 0.0421371459960938 -0.0980224609375 -0.109580993652344
-0.017059326171875 0.0707244873046875 -0.158294677734375 -0.151611328125
0.0105552673339844 0.0458641052246094 -0.200515747070313 -0.1319580078125
0.0304756164550781 0.0515060424804688 -0.25244140625 -0.0691680908203126
0.0208892822265625 0.074981689453125 -0.25372314453125 0.0161285400390625
0.00594329833984375 0.0830154418945312 -0.186935424804688 0.0321807861328125
-1.52587890625075E-05 0.10888671875 -0.127632141113281 0.0420608520507813
-0.05487060546875 0.106521606445313 -0.065704345703125 0.0355186462402344
-0.118736267089844 0.0728530883789062 -0.0105934143066406 0.0595550537109375
-0.15924072265625 0.017608642578125 0.00266265869140623 0.106651306152344
-0.16412353515625 -0.098663330078125 -0.005096435546875 0.1351318359375
-0.169754028320313 -0.15850830078125 0.00781249999999999 0.190414428710937
-0.130477905273438 -0.25732421875 0.0237655639648438 0.130279541015625
-0.0457763671875 -0.283966064453125 -0.337005615234375 0.129486083984375
-0.061065673828125 -0.11981201171875 -0.170867919921875 -0.013519287109375
-0.0563125610351563 -0.083221435546875 -0.119186401367188 -0.16436767578125
-0.0469970703125 -0.0316429138183594 -0.189117431640625 -0.185867309570313
-0.0390586853027344 -0.0302925109863281 -0.214767456054688 -0.145736694335938
-0.0500373840332031 0.0120124816894531 -0.261444091796875 -0.078369140625
-0.0668220520019531 0.0640869140625 -0.250701904296875 -0.00210571289062503
-0.0724334716796875 0.0710525512695313 -0.17559814453125 0.00592041015625003
-0.0827407836914063 0.107887268066406 -0.119537353515625 0.00806427001953126
-0.12249755859375 0.0938720703125 -0.0498008728027344 0.00914001464843751
-0.180160522460938 0.037994384765625 0.00291061401367186 0.0381965637207031
-0.207901000976563 -0.0345458984375 -0.00158691406250001 0.0865554809570313
-0.163665771484375 -0.180099487304688 -0.0285797119140625 0.0908737182617188
-0.1402587890625 -0.23736572265625 -0.036102294921875 0.107627868652344
-0.06951904296875 -0.3216552734375 0.00226974487304687 0.0193901062011719
0.05035400390625 -0.31707763671875 -0.328643798828125 0.0120849609375
0.016021728515625 -0.204620361328125 -0.172393798828125 -0.111648559570312
-0.0251922607421875 -0.207260131835937 -0.12225341796875 -0.218307495117188
-0.0803985595703125 -0.138015747070313 -0.198318481445313 -0.212738037109375
-0.0918045043945312 -0.105354309082031 -0.204635620117188 -0.151504516601563
-0.128196716308594 -0.0270004272460937 -0.239974975585938 -0.080474853515625
-0.146087646484375 0.0443878173828125 -0.215286254882813 -0.0203094482421875
-0.140640258789063 0.047821044921875 -0.136085510253906 -0.02154541015625
-0.152420043945313 0.08807373046875 -0.0897750854492188 -0.0265350341796875
-0.169647216796875 0.0635833740234375 -0.0202865600585938 -0.0145092010498047
-0.211471557617188 -0.00582885742187504 0.0228462219238281 0.0198020935058594
-0.222152709960937 -0.08203125 -0.000534057617187512 0.0685958862304687
-0.136749267578125 -0.234054565429688 -0.0485610961914063 0.0572776794433594
-0.087646484375 -0.280105590820312 -0.0788497924804687 0.027557373046875
0.00482177734374999 -0.33856201171875 -0.00386810302734375 -0.0976409912109375
0.129486083984375 -0.301422119140625 -0.290771484375 -0.10443115234375
0.0879974365234375 -0.249679565429688 -0.15618896484375 -0.208160400390625
0.0106201171875 -0.293304443359375 -0.116668701171875 -0.257308959960938
-0.100067138671875 -0.21942138671875 -0.183380126953125 -0.222137451171875
-0.129318237304688 -0.1612548828125 -0.167633056640625 -0.146072387695313
-0.185073852539063 -0.059356689453125 -0.1871337890625 -0.079376220703125
-0.201766967773437 0.0208282470703125 -0.1510009765625 -0.0395660400390625
-0.1871337890625 0.018402099609375 -0.077423095703125 -0.0453033447265625
-0.202255249023438 0.0529632568359375 -0.0408172607421875 -0.0520401000976563
-0.194427490234375 0.0169677734375 0.0199909210205078 -0.0256614685058594
-0.213546752929688 -0.0614471435546875 0.0474128723144531 0.0127601623535156
-0.201644897460937 -0.131866455078125 0.00471878051757812 0.0581817626953125
-0.0776214599609375 -0.265853881835938 -0.0599937438964844 0.0335121154785156
-0.00680541992187498 -0.288848876953125 -0.103805541992188 -0.0435256958007813
0.088623046875 -0.31060791015625 0.011077880859375 -0.204971313476563
0.183242797851562 -0.23663330078125 -0.236526489257813 -0.198928833007813
0.142349243164062 -0.239547729492188 -0.132843017578125 -0.285491943359375
0.047698974609375 -0.31280517578125 -0.107711791992188 -0.270339965820313
-0.0933837890625 -0.250625610351563 -0.150115966796875 -0.211166381835938
-0.133255004882813 -0.18548583984375 -0.111198425292969 -0.129203796386719
-0.203384399414063 -0.083404541015625 -0.113059997558594 -0.0781326293945313
-0.223846435546875 -0.0070648193359375 -0.070953369140625 -0.059234619140625
-0.206771850585938 -0.0146484375 -0.00868225097656252 -0.0625267028808594
-0.224349975585938 0.00930786132812505 0.0228271484375 -0.0633659362792969
-0.198471069335937 -0.0348968505859375 0.0702285766601563 -0.0189590454101563
-0.190521240234375 -0.117813110351563 0.07635498046875 0.022216796875
-0.155792236328125 -0.178131103515625 0.0163040161132812 0.0560417175292969
0.00201416015625002 -0.276443481445313 -0.0550193786621094 0.0168876647949219
0.0893707275390625 -0.268081665039063 -0.0967025756835938 -0.101692199707031
0.169219970703125 -0.242034912109375 0.052886962890625 -0.28765869140625
0.206466674804687 -0.130355834960937 -0.174942016601563 -0.256546020507813
0.172454833984375 -0.174057006835938 -0.104736328125 -0.325714111328125
0.0839691162109375 -0.258834838867188 -0.09271240234375 -0.253753662109375
-0.05413818359375 -0.225082397460937 -0.105010986328125 -0.183181762695313
-0.095855712890625 -0.174057006835938 -0.0514755249023438 -0.105918884277344
-0.174774169921875 -0.0992889404296875 -0.034820556640625 -0.07537841796875
-0.206863403320312 -0.038726806640625 0.00995635986328125 -0.07305908203125
-0.195053100585937 -0.0453338623046875 0.0617904663085937 -0.0690078735351563
-0.21759033203125 -0.0330047607421875 0.09375 -0.059112548828125
-0.181655883789063 -0.0753631591796875 0.123886108398437 0.00518035888671874
-0.151351928710937 -0.153427124023438 0.107963562011719 0.0456466674804687
-0.0997772216796875 -0.200698852539062 0.0370941162109375 0.0625381469726562
0.0769195556640625 -0.258224487304688 -0.0267238616943359 0.0113067626953125
0.17315673828125 -0.21527099609375 -0.0509109497070312 -0.137672424316406
0.228240966796875 -0.144943237304688 0.123809814453125 -0.331634521484375
0.201385498046875 -0.004302978515625 -0.115814208984375 -0.262588500976563
0.179824829101563 -0.07293701171875 -0.073577880859375 -0.32012939453125
0.11376953125 -0.152816772460937 -0.0738372802734375 -0.21636962890625
0.00717163085937501 -0.155303955078125 -0.062591552734375 -0.150238037109375
-0.0260696411132812 -0.13592529296875 -0.00588989257812501 -0.0820541381835938
-0.108802795410156 -0.108627319335937 0.0265426635742188 -0.0694160461425781
-0.156967163085937 -0.0708770751953125 0.0768051147460937 -0.0776748657226563
-0.154129028320312 -0.06915283203125 0.121429443359375 -0.0640716552734375
-0.179779052734375 -0.0626983642578125 0.159912109375 -0.0432891845703125
-0.147079467773438 -0.090606689453125 0.175155639648438 0.0366668701171875
-0.10931396484375 -0.15374755859375 0.141220092773438 0.0730743408203125
-0.0550994873046875 -0.187713623046875 0.0696868896484375 0.075225830078125
0.116241455078125 -0.21221923828125 0.0208606719970703 0.021493911743164
0.215530395507813 -0.140625 0.020538330078125 -0.142684936523438
0.244705200195313 -0.0344085693359375 0.204315185546875 -0.3341064453125
-0.218597412109375 -0.086395263671875 -0.221099853515625 0.33038330078125
-0.154373168945313 0.0984039306640625 -0.0682296752929688 0.137382507324219
-0.0740509033203125 0.159088134765625 -0.0614280700683594 -0.0662841796875
0.029632568359375 0.146652221679688 -0.123878479003906 -0.120216369628906
0.06463623046875 0.09942626953125 -0.184066772460938 -0.105300903320313
0.1077880859375 0.0638275146484375 -0.232330322265625 -0.041229248046875
0.106636047363281 0.0573043823242187 -0.228866577148437 0.052337646484375
0.0882644653320312 0.0670623779296875 -0.170166015625 0.0710906982421875
0.0911712646484375 0.0767364501953125 -0.107833862304688 0.0815582275390625
0.0375595092773438 0.0953750610351563 -0.0622520446777344 0.0674400329589844
-0.0181427001953125 0.104415893554688 -0.00762939453125 0.0860061645507813
-0.0713272094726563 0.0934600830078125 0.0233383178710937 0.133926391601563
-0.146286010742187 0.0359649658203125 0.02838134765625 0.191802978515625
-0.187347412109375 -0.0177154541015625 0.0671234130859375 0.266754150390625
-0.1951904296875 -0.127639770507813 0.07366943359375 0.218994140625
-0.15606689453125 -0.192474365234375 -0.2867431640625 0.269622802734375
-0.1212158203125 -0.00296020507812502 -0.130241394042969 0.0882339477539062
-0.0677947998046875 0.0519332885742187 -0.103538513183594 -0.102867126464844
-0.00106430053710938 0.0676002502441406 -0.169631958007813 -0.142791748046875
0.0190467834472656 0.03643798828125 -0.212936401367188 -0.119186401367187
0.0343666076660156 0.0383529663085938 -0.263839721679688 -0.05145263671875
0.0250473022460938 0.065460205078125 -0.257415771484375 0.040924072265625
0.010833740234375 0.0753402709960938 -0.187957763671875 0.054229736328125
0.0069427490234375 0.100776672363281 -0.126220703125 0.06036376953125
-0.0444488525390625 0.103897094726563 -0.0665931701660156 0.0492630004882813
-0.108345031738281 0.0785751342773438 -0.009002685546875 0.0693855285644531
-0.152313232421875 0.03192138671875 0.00682067871093748 0.116073608398438
-0.169418334960937 -0.0783233642578125 -0.00244140625 0.145172119140625
-0.183807373046875 -0.134017944335938 0.0201873779296875 0.199447631835938
-0.157257080078125 -0.2401123046875 0.0313339233398437 0.138252258300781
-0.0691375732421875 -0.278305053710938 -0.32501220703125 0.17364501953125
-0.064300537109375 -0.113334655761719 -0.166030883789062 0.00932312011718747
-0.0556869506835938 -0.0796356201171875 -0.128921508789063 -0.154266357421875
-0.0426216125488281 -0.0328178405761719 -0.203231811523438 -0.171875
-0.0395965576171875 -0.0362434387207031 -0.227203369140625 -0.1297607421875
-0.0504913330078125 0.00724411010742188 -0.270751953125 -0.0552978515625
-0.0641860961914062 0.0644149780273438 -0.253814697265625 0.02557373046875
-0.0704193115234375 0.0726699829101563 -0.175949096679688 0.0275115966796875
-0.07708740234375 0.110427856445313 -0.119255065917969 0.027587890625
-0.115158081054687 0.0994873046875 -0.0506172180175781 0.023529052734375
-0.17584228515625 0.0502777099609375 0.00491714477539061 0.0498008728027344
-0.20916748046875 -0.0159759521484375 0.00132751464843748 0.0986404418945313
-0.179290771484375 -0.164596557617187 -0.0307464599609375 0.106040954589844
-0.162765502929687 -0.221221923828125 -0.03326416015625 0.1229248046875
-0.10162353515625 -0.315277099609375 -0.000486373901367194 0.0304222106933593
0.02459716796875 -0.324981689453125 -0.326934814453125 0.054351806640625
0.00437927246093749 -0.209243774414062 -0.175765991210937 -0.0871887207031251
-0.0390472412109375 -0.210708618164063 -0.136199951171875 -0.207977294921875
-0.0888290405273438 -0.136611938476563 -0.214614868164063 -0.19671630859375
-0.101806640625 -0.105812072753906 -0.2174072265625 -0.136032104492187
-0.133468627929688 -0.0216217041015625 -0.248138427734375 -0.0565643310546875
-0.145095825195313 0.0557403564453125 -0.216690063476562 0.00556945800781253
-0.140777587890625 0.058624267578125 -0.137252807617188 -0.00372314453125002
-0.148681640625 0.100341796875 -0.0896835327148438 -0.00879669189453126
-0.165618896484375 0.07611083984375 -0.0203723907470703 -0.00156402587890624
-0.21417236328125 0.0111083984375 0.0257625579833984 0.0304641723632813
-0.231353759765625 -0.0636749267578125 0.00256347656249998 0.0832901000976563
-0.159835815429687 -0.225341796875 -0.0537185668945313 0.0764999389648437
-0.11419677734375 -0.273712158203125 -0.08343505859375 0.047821044921875
-0.026092529296875 -0.344024658203125 -0.01788330078125 -0.087066650390625
0.105712890625 -0.321319580078125 -0.29913330078125 -0.065948486328125
0.0693817138671875 -0.2645263671875 -0.170013427734375 -0.185836791992188
-0.01580810546875 -0.30328369140625 -0.1341552734375 -0.246871948242188
-0.1209716796875 -0.215988159179687 -0.200454711914062 -0.207244873046875
-0.148834228515625 -0.156524658203125 -0.179367065429688 -0.13262939453125
-0.195281982421875 -0.04449462890625 -0.193405151367188 -0.059600830078125
-0.203216552734375 0.0416259765625 -0.152603149414063 -0.0195159912109375
-0.191162109375 0.0362396240234375 -0.0785675048828125 -0.032958984375
-0.200714111328125 0.0736541748046875 -0.0414199829101563 -0.0391006469726562
-0.196563720703125 0.0347900390625 0.0221176147460937 -0.0162086486816406
-0.223159790039062 -0.0435638427734375 0.0515556335449219 0.0215873718261719
-0.218505859375 -0.115203857421875 0.00841522216796873 0.0723037719726562
-0.10565185546875 -0.2664794921875 -0.0663642883300781 0.052886962890625
-0.034759521484375 -0.294525146484375 -0.11553955078125 -0.0219497680664063
0.061737060546875 -0.328277587890625 -0.0124053955078125 -0.198074340820313
0.164581298828125 -0.265151977539063 -0.253265380859375 -0.16925048828125
0.122512817382812 -0.262191772460938 -0.154815673828125 -0.266815185546875
0.016021728515625 -0.32830810546875 -0.125823974609375 -0.260848999023438
-0.121871948242187 -0.247207641601563 -0.164871215820312 -0.198806762695313
-0.158218383789062 -0.17767333984375 -0.120635986328125 -0.120613098144531
-0.216400146484375 -0.0623931884765625 -0.117988586425781 -0.064453125
-0.2271728515625 0.0194091796875 -0.0730361938476563 -0.0479354858398437
-0.213348388671875 0.00891113281250001 -0.00982284545898439 -0.0578041076660156
-0.2265625 0.0351104736328125 0.0235023498535156 -0.0574836730957031
-0.204986572265625 -0.0137939453125 0.0745773315429687 -0.0140533447265625
-0.207183837890625 -0.0998382568359375 0.0833053588867188 0.0282745361328125
-0.178543090820312 -0.165191650390625 0.0206222534179688 0.0690498352050781
-0.02825927734375 -0.286956787109375 -0.0619659423828125 0.0345306396484375
0.061676025390625 -0.286224365234375 -0.114311218261719 -0.0831527709960938
0.149856567382813 -0.271240234375 0.023895263671875 -0.28778076171875
0.196334838867188 -0.162445068359375 -0.1971435546875 -0.235946655273438
0.156753540039063 -0.202377319335938 -0.132110595703125 -0.313568115234375
0.0537261962890625 -0.279373168945313 -0.108489990234375 -0.246139526367188
-0.0836181640625 -0.224075317382812 -0.115814208984375 -0.175933837890625
-0.121017456054688 -0.167587280273438 -0.0575408935546875 -0.104415893554688
-0.189926147460937 -0.0778656005859375 -0.0384445190429688 -0.0705795288085938
-0.212997436523438 -0.0112762451171875 0.00744628906249999 -0.071868896484375
-0.202774047851563 -0.020538330078125 0.0608673095703125 -0.0729141235351562
-0.22149658203125 -0.00416564941406252 0.095611572265625 -0.0616836547851563
-0.19085693359375 -0.053070068359375 0.132492065429687 0.0042266845703125
-0.171035766601563 -0.13616943359375 0.117408752441406 0.0476226806640625
-0.12493896484375 -0.192123413085938 0.0422210693359375 0.0710601806640625
0.0466766357421875 -0.2755126953125 -0.0333328247070313 0.0221595764160156
0.149688720703125 -0.243072509765625 -0.0709762573242187 -0.127937316894531
0.21728515625 -0.178878784179688 0.0917358398437501 -0.341583251953125
0.202239990234375 -0.0340728759765625 -0.138229370117188 -0.253875732421875
0.172653198242187 -0.101470947265625 -0.101715087890625 -0.315399169921875
0.092254638671875 -0.175048828125 -0.0862579345703125 -0.211181640625
-0.0171966552734375 -0.158340454101562 -0.069580078125 -0.149871826171875
-0.0473403930664063 -0.133865356445313 -0.00843048095703126 -0.0871429443359375
-0.124114990234375 -0.0909271240234375 0.023834228515625 -0.0738143920898438
-0.164993286132813 -0.0462646484375 0.0736007690429687 -0.0860061645507813
-0.1619873046875 -0.0462493896484375 0.121086120605469 -0.0758743286132813
-0.185745239257813 -0.0357513427734375 0.163406372070313 -0.0538330078125
-0.156600952148438 -0.0684967041015625 0.186599731445313 0.0289459228515625
-0.129653930664063 -0.137405395507812 0.15203857421875 0.0704345703125
-0.08038330078125 -0.180099487304688 0.0756149291992188 0.0794296264648437
0.088775634765625 -0.231338500976563 0.0162220001220703 0.0253162384033203
0.197463989257813 -0.172134399414062 0.000396728515624999 -0.142852783203125
0.243316650390625 -0.0702056884765625 0.17388916015625 -0.355560302734375
-0.223648071289063 -0.049591064453125 -0.178436279296875 0.355316162109375
-0.134269714355469 0.117843627929688 -0.046630859375 0.14300537109375
-0.044586181640625 0.167129516601563 -0.0648841857910156 -0.0622825622558594
0.0536422729492187 0.136802673339844 -0.135154724121094 -0.112503051757812
0.0788116455078125 0.0840988159179688 -0.195053100585937 -0.0901641845703125
0.1109619140625 0.0410842895507813 -0.240554809570313 -0.0215301513671875
0.108299255371094 0.0365066528320313 -0.226104736328125 0.077484130859375
0.0916595458984375 0.0498275756835938 -0.164642333984375 0.092010498046875
0.094482421875 0.0572280883789063 -0.100212097167969 0.0960922241210938
0.04779052734375 0.0816726684570313 -0.05841064453125 0.0780258178710938
-0.00162506103515625 0.0991744995117188 -0.00215911865234375 0.0911178588867188
-0.0526275634765625 0.099853515625 0.0336532592773437 0.136459350585938
-0.133087158203125 0.0589065551757813 0.0429840087890625 0.192550659179688
-0.181793212890625 0.0133819580078125 0.0921478271484375 0.260696411132813
-0.208251953125 -0.0936126708984375 0.0944976806640625 0.213851928710938
-0.171951293945313 -0.165603637695313 -0.2503662109375 0.30615234375
-0.111961364746094 0.0125503540039063 -0.111717224121094 0.104278564453125
-0.0511970520019531 0.058349609375 -0.109855651855469 -0.09259033203125
0.0144119262695313 0.0599021911621094 -0.181381225585938 -0.12713623046875
0.0256462097167969 0.0258674621582031 -0.223220825195313 -0.0997161865234375
0.0352897644042969 0.0242805480957031 -0.270034790039063 -0.0254364013671875
0.0280189514160156 0.0540199279785156 -0.252700805664063 0.07171630859375
0.0148849487304688 0.0675277709960938 -0.181640625 0.0787506103515625
0.0128173828125 0.0924301147460938 -0.118453979492187 0.079620361328125
-0.0336761474609375 0.100090026855469 -0.0627479553222656 0.0638046264648438
-0.0951156616210938 0.0842056274414062 -0.00264739990234376 0.078155517578125
-0.14166259765625 0.04730224609375 0.0157928466796875 0.123527526855469
-0.1712646484375 -0.0538787841796875 0.00689697265624999 0.154083251953125
-0.192138671875 -0.104690551757812 0.038482666015625 0.203948974609375
-0.1829833984375 -0.212646484375 0.04296875 0.142547607421875
-0.0959320068359375 -0.264251708984375 -0.29718017578125 0.218353271484375
-0.0680313110351563 -0.104881286621094 -0.154388427734375 0.033477783203125
-0.055908203125 -0.0750656127929688 -0.139564514160156 -0.140045166015625
-0.0393524169921875 -0.034271240234375 -0.216766357421875 -0.15008544921875
-0.0420761108398437 -0.0400390625 -0.237548828125 -0.106307983398438
-0.0523338317871094 0.00475692749023437 -0.275253295898437 -0.02593994140625
-0.0595245361328125 0.0656051635742188 -0.248397827148438 0.0570068359375
-0.0659103393554688 0.0756072998046875 -0.17059326171875 0.0514678955078125
-0.0685577392578125 0.113540649414062 -0.112808227539063 0.047821044921875
-0.104682922363281 0.105682373046875 -0.0473251342773438 0.0379104614257813
-0.167724609375 0.064422607421875 0.0107154846191406 0.0579071044921875
-0.206939697265625 0.0047454833984375 0.010650634765625 0.10943603515625
-0.1943359375 -0.14111328125 -0.0256729125976563 0.121864318847656
-0.183349609375 -0.1962890625 -0.0227432250976563 0.136940002441406
-0.136383056640625 -0.29803466796875 -0.000858306884765637 0.0409011840820312
-0.00900268554687502 -0.325897216796875 -0.312103271484375 0.1019287109375
-0.0131988525390625 -0.209762573242188 -0.175033569335938 -0.0593109130859375
-0.0580902099609375 -0.208663940429687 -0.15185546875 -0.191314697265625
-0.0997543334960938 -0.130912780761719 -0.22955322265625 -0.17303466796875
-0.114418029785156 -0.100242614746094 -0.2279052734375 -0.111785888671875
-0.138031005859375 -0.0118026733398437 -0.250732421875 -0.0273742675781249
-0.140182495117188 0.069610595703125 -0.211013793945313 0.0337982177734375
-0.137252807617188 0.072540283203125 -0.133819580078125 0.0166244506835937
-0.139633178710937 0.115020751953125 -0.0864639282226563 0.0091094970703125
-0.157669067382812 0.0908203125 -0.0172491073608399 0.0105075836181641
-0.21234130859375 0.031646728515625 0.0317802429199219 0.038665771484375
-0.236557006835938 -0.038726806640625 0.0112380981445312 0.0952224731445313
-0.184188842773437 -0.20697021484375 -0.05059814453125 0.0959701538085937
-0.142593383789063 -0.258087158203125 -0.0811920166015625 0.0699996948242187
-0.06494140625 -0.340362548828125 -0.0305099487304688 -0.0730972290039063
0.07086181640625 -0.336151123046875 -0.298126220703125 -0.020965576171875
0.043060302734375 -0.274063110351563 -0.179718017578125 -0.1573486328125
-0.04925537109375 -0.30511474609375 -0.152877807617188 -0.229522705078125
-0.144287109375 -0.204345703125 -0.21630859375 -0.18353271484375
-0.169189453125 -0.142959594726563 -0.189682006835938 -0.112396240234375
-0.2012939453125 -0.0247344970703125 -0.195632934570313 -0.03411865234375
-0.19757080078125 0.06549072265625 -0.148223876953125 0.00218200683593748
-0.188339233398438 0.0586090087890625 -0.07781982421875 -0.0197601318359375
-0.192398071289063 0.0967864990234375 -0.0389328002929688 -0.0267601013183594
-0.192092895507813 0.05621337890625 0.0259609222412109 -0.00891876220703125
-0.228729248046875 -0.0187835693359375 0.0586204528808594 0.0266952514648438
-0.231552124023437 -0.091522216796875 0.0174942016601562 0.0843658447265625
-0.138153076171875 -0.256942749023438 -0.0657882690429688 0.0748443603515625
-0.069427490234375 -0.292022705078125 -0.120918273925781 0.00379943847656251
0.024139404296875 -0.338775634765625 -0.037078857421875 -0.184539794921875
0.133453369140625 -0.289825439453125 -0.264190673828125 -0.130035400390625
0.09246826171875 -0.280899047851563 -0.175369262695313 -0.240737915039063
-0.0263671875 -0.334564208984375 -0.146347045898437 -0.24444580078125
-0.152206420898438 -0.233230590820312 -0.180145263671875 -0.180404663085938
-0.183273315429688 -0.159835815429688 -0.129844665527344 -0.107902526855469
-0.224136352539062 -0.0350341796875 -0.119583129882813 -0.0480422973632813
-0.222946166992187 0.0501708984375 -0.0721969604492188 -0.0352630615234375
-0.210891723632813 0.0364990234375 -0.0105094909667969 -0.0532798767089844
-0.220947265625 0.065521240234375 0.0235519409179687 -0.053558349609375
-0.20538330078125 0.01165771484375 0.0805206298828125 -0.0132980346679688
-0.219467163085938 -0.0734710693359375 0.0918426513671875 0.029144287109375
-0.199371337890625 -0.143600463867188 0.029815673828125 0.0786361694335937
-0.06640625 -0.286529541015625 -0.0623664855957031 0.0544357299804687
0.02557373046875 -0.29638671875 -0.126800537109375 -0.058563232421875
0.11767578125 -0.294158935546875 -0.010345458984375 -0.279815673828125
0.175582885742188 -0.193374633789063 -0.216629028320313 -0.206832885742187
0.13055419921875 -0.226333618164063 -0.160858154296875 -0.29180908203125
0.013580322265625 -0.290283203125 -0.127838134765625 -0.2333984375
-0.114791870117188 -0.211990356445313 -0.128677368164063 -0.163818359375
-0.146270751953125 -0.150848388671875 -0.0658187866210938 -0.0997695922851563
-0.198883056640625 -0.0489959716796875 -0.0424003601074219 -0.0644683837890625
-0.21124267578125 0.02099609375 0.00379943847656249 -0.0708465576171875
-0.202926635742188 0.00869750976562496 0.05718994140625 -0.0777206420898438
-0.21881103515625 0.027313232421875 0.0949554443359375 -0.0666961669921875
-0.194168090820313 -0.0256500244140625 0.140274047851563 -0.0029449462890625
-0.18817138671875 -0.110885620117187 0.127311706542969 0.0438232421875
-0.15087890625 -0.173385620117188 0.0512313842773438 0.0774002075195312
0.00753784179687503 -0.283203125 -0.0356597900390625 0.0361213684082031
0.11456298828125 -0.264938354492188 -0.0896453857421875 -0.11077880859375
0.192825317382812 -0.212997436523437 0.050689697265625 -0.343841552734375
0.194854736328125 -0.0672454833984375 -0.161819458007813 -0.234664916992188
0.155364990234375 -0.12939453125 -0.13336181640625 -0.30023193359375
0.0630340576171875 -0.19122314453125 -0.102249145507813 -0.202377319335938
-0.04345703125 -0.154388427734375 -0.07977294921875 -0.14556884765625
-0.069580078125 -0.123733520507812 -0.0147476196289063 -0.0905303955078125
-0.134757995605469 -0.0681610107421875 0.017791748046875 -0.0779266357421875
-0.1661376953125 -0.017242431640625 0.0667190551757812 -0.0950546264648438
-0.16412353515625 -0.019317626953125 0.115547180175781 -0.0898284912109375
-0.18511962890625 -0.00555419921874997 0.162567138671875 -0.06884765625
-0.16046142578125 -0.042694091796875 0.196121215820313 0.01434326171875
-0.146591186523437 -0.11431884765625 0.163589477539063 0.0616607666015625
-0.10546875 -0.163803100585937 0.0843734741210938 0.0792083740234375
0.05242919921875 -0.242919921875 0.0128707885742188 0.0303192138671875
0.168701171875 -0.20050048828125 -0.0215606689453125 -0.138031005859375
0.230056762695312 -0.107437133789062 0.131500244140625 -0.37158203125
-0.215484619140625 -0.0133209228515625 -0.12835693359375 0.363739013671875
-0.108383178710938 0.129364013671875 -0.023162841796875 0.140960693359375
-0.0142822265625 0.163253784179688 -0.0666275024414062 -0.0558204650878906
0.0728073120117187 0.118637084960937 -0.14202880859375 -0.09869384765625
0.0863494873046875 0.0645904541015625 -0.198562622070313 -0.0716552734375
0.10662841796875 0.0194320678710938 -0.239974975585938 0.00163269042968754
0.102142333984375 0.01605224609375 -0.213043212890625 0.100570678710938
0.0887451171875 0.0326004028320312 -0.150711059570313 0.10906982421875
0.0909957885742187 0.0383987426757812 -0.0874099731445313 0.1064453125
0.0524864196777344 0.0657730102539063 -0.050872802734375 0.0868148803710937
0.0118179321289062 0.0883636474609375 0.00527954101562499 0.09375
-0.033233642578125 0.0983352661132813 0.0448837280273437 0.133697509765625
-0.112884521484375 0.0753250122070313 0.0582427978515625 0.185073852539062
-0.16534423828125 0.0397491455078125 0.114410400390625 0.24468994140625
-0.209091186523438 -0.056793212890625 0.111587524414062 0.200714111328125
-0.178634643554688 -0.133377075195313 -0.200897216796875 0.327972412109375
-0.097564697265625 0.0243606567382812 -0.0879974365234375 0.113662719726563
-0.0334510803222656 0.0575790405273438 -0.111343383789062 -0.0787811279296875
0.0263633728027344 0.0486869812011719 -0.186248779296875 -0.105667114257813
0.0275669097900391 0.0135574340820313 -0.225387573242188 -0.0754241943359375
0.0316257476806641 0.0115814208984375 -0.26611328125 0.00282287597656248
0.0275650024414063 0.0427513122558594 -0.236770629882813 0.0988616943359375
0.0166206359863281 0.0588417053222656 -0.16650390625 0.09954833984375
0.0172805786132812 0.0829010009765625 -0.104667663574219 0.094268798828125
-0.0245437622070313 0.0931167602539063 -0.0542984008789062 0.0752334594726563
-0.0811080932617188 0.0853118896484375 0.00474548339843749 0.0826950073242187
-0.126937866210938 0.0583877563476562 0.027435302734375 0.126075744628906
-0.164962768554688 -0.030242919921875 0.019561767578125 0.15679931640625
-0.189407348632813 -0.0735931396484375 0.0579071044921875 0.199462890625
-0.198333740234375 -0.177154541015625 0.05487060546875 0.141006469726563
-0.116851806640625 -0.239761352539063 -0.25421142578125 0.249832153320312
-0.06951904296875 -0.0944442749023438 -0.135673522949219 0.0525283813476563
-0.0549545288085937 -0.0706787109375 -0.143768310546875 -0.12066650390625
-0.0368194580078125 -0.0360145568847656 -0.222000122070313 -0.123123168945312
-0.0455551147460938 -0.0416374206542969 -0.23822021484375 -0.079620361328125
-0.0545387268066406 0.00323867797851564 -0.268051147460938 0.00505065917968746
-0.054534912109375 0.0650177001953125 -0.230514526367187 0.0850677490234375
-0.0602035522460938 0.0771408081054687 -0.15673828125 0.0721893310546875
-0.0575027465820313 0.113510131835938 -0.100761413574219 0.0638504028320313
-0.0914382934570313 0.108268737792969 -0.0395278930664062 0.0491905212402344
-0.154052734375 0.0760040283203125 0.0181083679199219 0.0627632141113281
-0.195755004882813 0.0246734619140625 0.0219573974609375 0.114669799804688
-0.199325561523437 -0.114334106445313 -0.0137939453125 0.132186889648438
-0.193771362304688 -0.164779663085937 -0.00793457031250002 0.14508056640625
-0.162704467773438 -0.268096923828125 0.00199127197265624 0.0501632690429687
-0.042236328125 -0.31329345703125 -0.280303955078125 0.1417236328125
-0.029632568359375 -0.202972412109375 -0.164047241210938 -0.03271484375
-0.0749664306640625 -0.19952392578125 -0.160812377929688 -0.168045043945313
-0.107826232910156 -0.120429992675781 -0.236175537109375 -0.142288208007813
-0.12335205078125 -0.089599609375 -0.22918701171875 -0.08465576171875
-0.137229919433594 -0.00123596191406249 -0.242446899414063 0.00238037109375001
-0.129158020019531 0.080108642578125 -0.196090698242188 0.0590057373046875
-0.127693176269531 0.0834579467773438 -0.123664855957031 0.0340957641601563
-0.124496459960937 0.125518798828125 -0.077392578125 0.0243301391601563
-0.143829345703125 0.1019287109375 -0.0112094879150391 0.0198154449462891
-0.201095581054688 0.0509490966796875 0.0391769409179687 0.0415573120117188
-0.231597900390625 -0.0127258300781251 0.0236434936523437 0.1016845703125
-0.20037841796875 -0.17999267578125 -0.0401458740234375 0.112373352050781
-0.16436767578125 -0.23126220703125 -0.0709686279296875 0.088226318359375
-0.0999755859375 -0.322052001953125 -0.0384902954101562 -0.0560264587402344
0.0318603515625 -0.33526611328125 -0.279876708984375 0.021636962890625
0.0131988525390625 -0.2730712890625 -0.180770874023438 -0.1253662109375
-0.081695556640625 -0.29290771484375 -0.166397094726563 -0.205429077148438
-0.16156005859375 -0.183074951171875 -0.224075317382812 -0.153900146484375
-0.182586669921875 -0.121932983398437 -0.19189453125 -0.08831787109375
-0.198974609375 -0.00178527832031253 -0.187820434570313 -0.00962829589843751
-0.183303833007813 0.0853729248046875 -0.137062072753906 0.0218658447265625
-0.177047729492188 0.078369140625 -0.0723648071289063 -0.00772094726562498
-0.175537109375 0.116409301757813 -0.0344123840332031 -0.0161190032958984
-0.179794311523437 0.0745849609375 0.0309467315673828 -0.00447463989257812
-0.223892211914063 0.00711059570312504 0.0657691955566406 0.0274200439453125
-0.234527587890625 -0.0629119873046875 0.029388427734375 0.090423583984375
-0.164459228515625 -0.234588623046875 -0.05609130859375 0.0932998657226563
-0.099884033203125 -0.274398803710937 -0.117057800292969 0.0299606323242187
-0.0152587890625 -0.333251953125 -0.056610107421875 -0.163238525390625
0.095062255859375 -0.300384521484375 -0.260467529296875 -0.0888671875
0.056793212890625 -0.286834716796875 -0.187149047851563 -0.20635986328125
-0.0672607421875 -0.32421875 -0.160629272460938 -0.221115112304688
-0.17559814453125 -0.208084106445312 -0.1878662109375 -0.155380249023438
-0.198883056640625 -0.13323974609375 -0.133811950683594 -0.0904388427734375
-0.220306396484375 -0.00624084472656245 -0.1162109375 -0.0307235717773438
-0.206527709960937 0.07684326171875 -0.0677032470703125 -0.0236015319824219
-0.199462890625 0.062164306640625 -0.0115280151367188 -0.04833984375
-0.204345703125 0.09033203125 0.0241622924804687 -0.0500869750976562
-0.195571899414063 0.0357513427734375 0.084381103515625 -0.0160598754882812
-0.221435546875 -0.0438079833984375 0.09869384765625 0.0251693725585937
-0.210494995117188 -0.114715576171875 0.0415725708007812 0.0825347900390625
-0.101593017578125 -0.270614624023438 -0.05609130859375 0.0716323852539063
-0.012603759765625 -0.291473388671875 -0.129966735839844 -0.0320663452148438
0.077484130859375 -0.3035888671875 -0.042083740234375 -0.259445190429688
0.14434814453125 -0.2139892578125 -0.224838256835938 -0.170318603515625
0.0970916748046875 -0.239120483398437 -0.180892944335938 -0.25823974609375
-0.026763916015625 -0.28643798828125 -0.142364501953125 -0.2122802734375
-0.139602661132813 -0.189895629882812 -0.1375732421875 -0.146835327148438
-0.163818359375 -0.126235961914063 -0.07135009765625 -0.0911407470703125
-0.196792602539063 -0.019195556640625 -0.0437393188476563 -0.0569343566894531
-0.1968994140625 0.0505828857421875 0.000637054443359357 -0.0679931640625
-0.192337036132813 0.036590576171875 0.0507049560546875 -0.0813827514648438
-0.203353881835938 0.056488037109375 0.0909500122070312 -0.07171630859375
-0.187408447265625 0.00105285644531249 0.14312744140625 -0.0133209228515625
-0.194961547851562 -0.0811309814453125 0.134605407714844 0.0353546142578125
-0.167816162109375 -0.14691162109375 0.0609893798828125 0.0775833129882813
-0.031280517578125 -0.276229858398438 -0.0328903198242187 0.0491371154785156
0.074432373046875 -0.272048950195313 -0.1014404296875 -0.0881195068359375
0.158554077148438 -0.234375 0.008697509765625 -0.331939697265625
0.175735473632813 -0.0955810546875 -0.177337646484375 -0.207183837890625
0.129470825195313 -0.148773193359375 -0.15753173828125 -0.27239990234375
0.0305328369140625 -0.194305419921875 -0.11358642578125 -0.186477661132813
-0.0658721923828125 -0.140380859375 -0.0887069702148438 -0.136375427246094
-0.0871353149414063 -0.107017517089844 -0.0221176147460938 -0.0897674560546875
-0.136772155761719 -0.0424346923828125 0.0113296508789062 -0.0777435302734375
-0.156784057617188 0.0105743408203125 0.0562591552734375 -0.0997467041015625
-0.15618896484375 0.00602722167968748 0.104751586914062 -0.100997924804688
-0.172836303710937 0.0211029052734375 0.154586791992188 -0.0828094482421875
-0.155548095703125 -0.0170440673828125 0.198028564453125 -0.004058837890625
-0.153884887695313 -0.087249755859375 0.169464111328125 0.0473480224609375
-0.122482299804687 -0.141159057617188 0.0916213989257813 0.075164794921875
0.0146484375 -0.24053955078125 0.0118656158447266 0.0351409912109375
0.131927490234375 -0.215545654296875 -0.040496826171875 -0.124565124511719
0.204254150390625 -0.137557983398437 0.0833740234375 -0.370086669921875
-0.197540283203125 0.014068603515625 -0.0857238769531251 0.354949951171875
-0.0835342407226562 0.131546020507813 -0.00508117675781251 0.131843566894531
0.00886535644531251 0.152053833007813 -0.0654945373535156 -0.0497322082519531
0.0831222534179688 0.0985260009765625 -0.142745971679688 -0.08624267578125
0.0871810913085937 0.0471420288085937 -0.194992065429688 -0.0559844970703125
0.0968399047851563 0.00402069091796875 -0.232452392578125 0.0193634033203125
0.0922164916992188 0.00189971923828125 -0.196456909179688 0.114242553710937
0.08184814453125 0.0194625854492188 -0.134963989257813 0.118949890136719
0.0830612182617188 0.0250473022460938 -0.074615478515625 0.110580444335938
0.0514717102050781 0.0518608093261719 -0.04266357421875 0.0913772583007812
0.0197525024414062 0.076385498046875 0.0109024047851563 0.0934371948242188
-0.017852783203125 0.092498779296875 0.0518569946289063 0.127540588378906
-0.0924835205078125 0.0827407836914063 0.0672454833984375 0.1754150390625
-0.144729614257812 0.0558319091796875 0.126571655273437 0.224868774414063
-0.197952270507813 -0.02703857421875 0.119659423828125 0.184005737304687
-0.173675537109375 -0.105270385742188 -0.155242919921875 0.329376220703125
-0.0829925537109375 0.0306777954101563 -0.0659637451171875 0.114410400390625
-0.0184783935546875 0.0525474548339844 -0.108718872070312 -0.0669326782226563
0.0327720642089844 0.035858154296875 -0.183456420898438 -0.0884857177734375
0.0259418487548828 0.00385284423828125 -0.218887329101563 -0.056640625
0.0248394012451172 0.00222587585449219 -0.254043579101563 0.023590087890625
0.0244426727294922 0.0336246490478516 -0.215850830078125 0.115341186523437
0.0158615112304688 0.0508689880371094 -0.148422241210938 0.111160278320313
0.0175399780273438 0.07366943359375 -0.0895614624023438 0.102287292480469
-0.018402099609375 0.0846023559570313 -0.0448150634765625 0.0813446044921875
-0.0691452026367188 0.0822296142578125 0.0113143920898437 0.0839691162109375
-0.110816955566406 0.0625152587890625 0.0365371704101562 0.1239013671875
-0.152694702148438 -0.0134735107421875 0.0299835205078125 0.154052734375
-0.178436279296875 -0.04974365234375 0.0703582763671875 0.1904296875
-0.199142456054688 -0.143814086914062 0.062744140625 0.135383605957031
-0.126876831054688 -0.215164184570313 -0.21087646484375 0.262786865234375
-0.0670852661132813 -0.0850143432617188 -0.114173889160156 0.0629348754882813
-0.0519027709960938 -0.0671539306640625 -0.141586303710938 -0.103607177734375
-0.0347213745117188 -0.0378875732421875 -0.217254638671875 -0.100204467773438
-0.0486526489257812 -0.0418968200683594 -0.2305908203125 -0.0576629638671875
-0.05645751953125 0.00258636474609376 -0.253250122070313 0.0266876220703125
-0.0502128601074219 0.062408447265625 -0.208786010742187 0.102371215820313
-0.0546493530273437 0.076019287109375 -0.139968872070313 0.0848541259765625
-0.0496826171875 0.110687255859375 -0.0867691040039063 0.073486328125
-0.080291748046875 0.106033325195313 -0.0311965942382813 0.0559577941894531
-0.139312744140625 0.0815582275390625 0.024749755859375 0.0646820068359375
-0.1810302734375 0.0379638671875 0.0323715209960937 0.115226745605469
-0.19512939453125 -0.0909881591796875 -0.00288391113281252 0.13720703125
-0.192153930664063 -0.136093139648438 0.00508117675781248 0.147079467773438
-0.174972534179688 -0.236541748046875 0.00635910034179686 0.056732177734375
-0.063629150390625 -0.292755126953125 -0.242691040039063 0.1634521484375
-0.0402984619140625 -0.192184448242188 -0.14715576171875 -0.0139007568359375
-0.08489990234375 -0.1865234375 -0.160552978515625 -0.147232055664063
-0.110298156738281 -0.109931945800781 -0.231430053710938 -0.116180419921875
-0.127044677734375 -0.0789642333984375 -0.221160888671875 -0.0617218017578125
-0.133674621582031 0.00730133056640622 -0.225570678710938 0.023162841796875
-0.118133544921875 0.0851593017578125 -0.175155639648438 0.0745697021484375
-0.117515563964844 0.089019775390625 -0.110267639160156 0.045196533203125
-0.110206604003906 0.128929138183594 -0.0664138793945313 0.0336647033691406
-0.129135131835937 0.105667114257813 -0.00398826599121095 0.0250816345214844
-0.187652587890625 0.063201904296875 0.0450820922851562 0.0422019958496094
-0.220245361328125 0.00559997558593749 0.0337066650390625 0.103706359863281
-0.204147338867188 -0.154037475585938 -0.0277862548828125 0.122154235839844
-0.173233032226563 -0.203414916992187 -0.0583572387695313 0.100105285644531
-0.120880126953125 -0.295684814453125 -0.0404586791992188 -0.0392799377441406
0.00167846679687501 -0.322418212890625 -0.251998901367188 0.0499267578125
-0.00827026367187503 -0.262847900390625 -0.170761108398437 -0.0982666015625
-0.103591918945312 -0.274124145507813 -0.168594360351563 -0.181625366210938
-0.1688232421875 -0.161819458007813 -0.220855712890625 -0.1273193359375
-0.186721801757813 -0.1014404296875 -0.185592651367188 -0.06817626953125
-0.189849853515625 0.0140228271484375 -0.173599243164063 0.00784301757812499
-0.165634155273438 0.0972137451171875 -0.122528076171875 0.0339202880859375
-0.16204833984375 0.09033203125 -0.0650215148925781 0.000175476074218765
-0.1568603515625 0.126251220703125 -0.0281124114990234 -0.00862503051757811
-0.164016723632813 0.0848541259765625 0.035247802734375 -0.00254058837890624
-0.212554931640625 0.02569580078125 0.0707244873046875 0.0256805419921875
-0.22857666015625 -0.0394287109375 0.039947509765625 0.0918960571289063
-0.177459716796875 -0.208908081054688 -0.0441055297851563 0.105552673339844
-0.11859130859375 -0.251815795898437 -0.10626220703125 0.0484085083007813
-0.0440673828125 -0.316925048828125 -0.066802978515625 -0.139869689941406
0.061920166015625 -0.297637939453125 -0.24359130859375 -0.056884765625
0.0285491943359375 -0.279815673828125 -0.184844970703125 -0.17437744140625
-0.095733642578125 -0.304229736328125 -0.164764404296875 -0.196609497070313
-0.18597412109375 -0.18121337890625 -0.187118530273438 -0.1319580078125
-0.204208374023437 -0.107833862304688 -0.131881713867188 -0.075225830078125
-0.208831787109375 0.0153961181640625 -0.107574462890625 -0.0185012817382813
-0.18658447265625 0.0932769775390625 -0.0604248046875 -0.0158042907714844
-0.18304443359375 0.0781402587890625 -0.01092529296875 -0.0445022583007812
-0.182907104492187 0.105575561523438 0.0250663757324219 -0.0463905334472656
-0.180191040039063 0.0508270263671875 0.0861358642578125 -0.0189056396484375
-0.21392822265625 -0.0207672119140625 0.1025390625 0.0204010009765625
-0.210205078125 -0.089263916015625 0.0506591796875 0.0829391479492187
-0.12298583984375 -0.248992919921875 -0.0455703735351563 0.083587646484375
-0.0397491455078125 -0.275985717773438 -0.124946594238281 -0.00919342041015628
0.04449462890625 -0.29925537109375 -0.0608978271484375 -0.234024047851563
0.1142578125 -0.222076416015625 -0.218185424804687 -0.139083862304688
0.066986083984375 -0.239501953125 -0.185531616210938 -0.225555419921875
-0.0578155517578125 -0.270309448242188 -0.147003173828125 -0.191070556640625
-0.152801513671875 -0.164535522460937 -0.138328552246094 -0.129676818847656
-0.170242309570313 -0.101333618164062 -0.0728302001953125 -0.082672119140625
-0.186508178710938 0.00335693359375003 -0.042510986328125 -0.0498695373535156
-0.176925659179688 0.06951904296875 -0.000961303710937516 -0.0646934509277344
-0.1761474609375 0.0548095703125 0.0442657470703125 -0.0817794799804687
-0.1832275390625 0.0745697021484375 0.0860366821289062 -0.0744476318359375
-0.17376708984375 0.01953125 0.142074584960938 -0.022705078125
-0.19085693359375 -0.055694580078125 0.136665344238281 0.0261154174804687
-0.172836303710937 -0.120880126953125 0.0679702758789062 0.0762481689453125
-0.0597076416015625 -0.258255004882812 -0.0273818969726563 0.0590972900390625
0.0412750244140625 -0.265518188476563 -0.104827880859375 -0.0667495727539063
0.124832153320312 -0.242446899414063 -0.0196533203125 -0.308502197265625
0.153244018554688 -0.112350463867188 -0.179306030273438 -0.180419921875
0.103652954101562 -0.15679931640625 -0.167831420898438 -0.243179321289063
0.00323486328124998 -0.188278198242188 -0.1175537109375 -0.170150756835938
-0.0794219970703125 -0.123199462890625 -0.0926742553710937 -0.125892639160156
-0.0946273803710938 -0.089019775390625 -0.027099609375 -0.086517333984375
-0.130630493164063 -0.0222625732421875 0.005889892578125 -0.0762405395507813
-0.141159057617188 0.0290679931640625 0.0471878051757813 -0.100631713867188
-0.143234252929688 0.0244598388671875 0.09283447265625 -0.106101989746094
-0.155654907226562 0.0398712158203125 0.144088745117188 -0.091461181640625
-0.143264770507813 0.001220703125 0.193923950195313 -0.0191497802734375
-0.152542114257812 -0.062744140625 0.169708251953125 0.03472900390625
-0.129783630371094 -0.1170654296875 0.0951461791992188 0.0697402954101563
-0.0137481689453125 -0.227096557617188 0.0124969482421875 0.0395431518554687
0.098388671875 -0.217208862304688 -0.0514068603515625 -0.108390808105469
0.174942016601563 -0.153579711914063 0.04473876953125 -0.353546142578125
-0.179061889648438 0.0305938720703125 -0.056854248046875 0.34051513671875
-0.0655136108398437 0.128242492675781 0.00675201416015623 0.122611999511719
0.0234603881835937 0.138587951660156 -0.0626754760742188 -0.0462875366210937
0.086761474609375 0.0815505981445313 -0.140411376953125 -0.0781631469726563
0.0838699340820313 0.0344924926757813 -0.19085693359375 -0.0462493896484375
0.0861129760742188 -0.00646209716796875 -0.224075317382813 0.030303955078125
0.0812606811523438 -0.0074462890625 -0.181930541992188 0.121231079101562
0.07470703125 0.011444091796875 -0.121963500976562 0.12335205078125
0.0748062133789062 0.0165328979492187 -0.0650558471679687 0.11181640625
0.0479240417480469 0.04150390625 -0.0369644165039063 0.0938186645507813
0.0229682922363281 0.0657958984375 0.014801025390625 0.0934982299804687
-0.00775909423828125 0.0846633911132813 0.0560073852539062 0.122138977050781
-0.0760269165039063 0.0832138061523437 0.0719146728515625 0.165634155273438
-0.126457214355469 0.0631027221679688 0.130645751953125 0.208526611328125
-0.184158325195313 -0.00714111328124998 0.121429443359375 0.172042846679688
-0.164199829101563 -0.085479736328125 -0.121551513671875 0.3223876953125
-0.0697135925292969 0.0322799682617188 -0.0496597290039063 0.110572814941406
-0.00892257690429688 0.0453681945800781 -0.103248596191406 -0.0595321655273437
0.0359115600585938 0.0244064331054688 -0.17816162109375 -0.07623291015625
0.0231056213378906 -0.00400352478027344 -0.211746215820312 -0.0448150634765625
0.0180187225341797 -0.00365066528320312 -0.241973876953125 0.036163330078125
0.0189838409423828 0.0269660949707031 -0.198028564453125 0.123504638671875
0.0130462646484375 0.0455284118652344 -0.133857727050781 0.116859436035156
0.0156059265136719 0.0673561096191406 -0.0779495239257813 0.105201721191406
-0.0167617797851563 0.0774993896484375 -0.0376434326171875 0.0848922729492188
-0.0616378784179688 0.0770339965820313 0.0166549682617187 0.08447265625
-0.0992660522460938 0.0622711181640625 0.04266357421875 0.121665954589844
-0.140281677246094 -0.00495147705078126 0.0370635986328125 0.1514892578125
-0.165451049804687 -0.0352325439453125 0.0777740478515625 0.181854248046875
-0.193206787109375 -0.119140625 0.0666961669921875 0.131950378417969
-0.1280517578125 -0.194412231445313 -0.17572021484375 0.263824462890625
-0.0629348754882813 -0.07867431640625 -0.0959701538085938 0.0656661987304688
-0.0488090515136719 -0.0665664672851563 -0.135963439941406 -0.0922775268554688
-0.0331535339355469 -0.0406570434570313 -0.208709716796875 -0.084625244140625
-0.0507011413574219 -0.0427436828613281 -0.220504760742187 -0.0443267822265625
-0.0582351684570313 0.00164413452148437 -0.2386474609375 0.0391082763671875
-0.0487022399902344 0.059600830078125 -0.189895629882813 0.110565185546875
-0.0517349243164063 0.0740432739257813 -0.125343322753906 0.0913467407226563
-0.0447769165039062 0.107215881347656 -0.075347900390625 0.0780563354492188
-0.0728836059570313 0.10174560546875 -0.0235786437988281 0.0597610473632813
-0.1287841796875 0.0817947387695312 0.0301170349121094 0.0649948120117188
-0.168304443359375 0.0433197021484375 0.0401840209960938 0.114608764648438
-0.18701171875 -0.075347900390625 0.00669097900390624 0.139144897460938
-0.185531616210937 -0.11749267578125 0.0149078369140625 0.14703369140625
-0.176986694335938 -0.211502075195313 0.00964736938476562 0.0619087219238281
-0.0753631591796875 -0.274978637695313 -0.210128784179688 0.173248291015625
-0.0453338623046875 -0.182571411132813 -0.130546569824219 -0.00352478027343748
-0.08984375 -0.176788330078125 -0.156295776367188 -0.132431030273437
-0.109687805175781 -0.102874755859375 -0.222366333007813 -0.09832763671875
-0.128250122070313 -0.0713653564453125 -0.21099853515625 -0.0484466552734375
-0.130455017089844 0.012054443359375 -0.210357666015625 0.0351104736328125
-0.109100341796875 0.0862655639648438 -0.158309936523438 0.08184814453125
-0.108955383300781 0.0911941528320313 -0.0988540649414063 0.0509185791015625
-0.09869384765625 0.128524780273438 -0.0566520690917969 0.0386238098144531
-0.11883544921875 0.105583190917969 0.00255584716796874 0.027984619140625
-0.17523193359375 0.068511962890625 0.0495185852050781 0.0419387817382813
-0.208770751953125 0.0163726806640625 0.0424957275390625 0.103965759277344
-0.202362060546875 -0.135528564453125 -0.01715087890625 0.127365112304688
-0.1728515625 -0.182891845703125 -0.0470199584960938 0.107192993164062
-0.13116455078125 -0.27301025390625 -0.0395965576171875 -0.0266189575195313
-0.01727294921875 -0.30902099609375 -0.225006103515625 0.0657501220703124
-0.0219573974609375 -0.252212524414063 -0.156448364257813 -0.0824127197265626
-0.115936279296875 -0.257537841796875 -0.165969848632813 -0.164260864257813
-0.169418334960938 -0.146270751953125 -0.2122802734375 -0.1090087890625
-0.186172485351563 -0.086517333984375 -0.176971435546875 -0.0555419921875
-0.18072509765625 0.0242156982421875 -0.159744262695313 0.0178375244140625
-0.15142822265625 0.1021728515625 -0.108963012695313 0.0391464233398438
-0.149627685546875 0.0960845947265625 -0.0578956604003906 0.00463485717773438
-0.141555786132813 0.129531860351563 -0.0218372344970703 -0.00423812866210936
-0.151885986328125 0.089202880859375 0.0392417907714844 -0.00135421752929687
-0.20086669921875 0.0362548828125 0.0745773315429688 0.0238113403320313
-0.220367431640625 -0.02484130859375 0.0483322143554687 0.0925369262695313
-0.182281494140625 -0.189178466796875 -0.0323333740234375 0.113037109375
-0.12652587890625 -0.232803344726563 -0.0953903198242188 0.0614700317382812
-0.060882568359375 -0.301116943359375 -0.0694808959960938 -0.1201171875
0.0390625 -0.2904052734375 -0.22418212890625 -0.0365600585937501
0.0091705322265625 -0.270843505859375 -0.175949096679688 -0.152725219726563
-0.113525390625 -0.285247802734375 -0.163070678710938 -0.179092407226563
-0.188934326171875 -0.160308837890625 -0.181671142578125 -0.115447998046875
-0.203262329101563 -0.0885620117187501 -0.126808166503906 -0.065704345703125
-0.196823120117188 0.02825927734375 -0.09796142578125 -0.0111846923828125
-0.16815185546875 0.101150512695313 -0.0535697937011719 -0.011962890625
-0.168319702148438 0.0872955322265625 -0.00931930541992188 -0.0420684814453125
-0.1650390625 0.1124267578125 0.0265083312988281 -0.0440711975097656
-0.167251586914063 0.0594940185546875 0.0877304077148437 -0.0210342407226562
-0.203704833984375 -0.00506591796875004 0.10455322265625 0.016082763671875
-0.20684814453125 -0.0713653564453125 0.0578842163085937 0.082855224609375
-0.135345458984375 -0.229476928710937 -0.0357208251953125 0.0920257568359375
-0.056243896484375 -0.261474609375 -0.116668701171875 0.00720214843749996
0.0223388671875 -0.29010009765625 -0.0702056884765625 -0.21160888671875
0.09063720703125 -0.222015380859375 -0.206695556640625 -0.118377685546875
0.045379638671875 -0.23516845703125 -0.18170166015625 -0.20159912109375
-0.0772857666015625 -0.254913330078125 -0.145721435546875 -0.175262451171875
-0.157455444335938 -0.14404296875 -0.136276245117188 -0.117332458496094
-0.170730590820313 -0.0820159912109375 -0.0722503662109375 -0.0760879516601562
-0.174087524414063 0.0179901123046875 -0.0386734008789063 -0.0452346801757813
-0.158401489257813 0.078765869140625 -0.000560760498046885 -0.0620689392089844
-0.161224365234375 0.0655517578125 0.0402069091796875 -0.08099365234375
-0.16522216796875 0.0835113525390625 0.0825347900390625 -0.0753631591796875
-0.160720825195313 0.0299835205078125 0.140640258789062 -0.0286712646484375
-0.183242797851563 -0.0384521484375 0.136619567871094 0.01971435546875
-0.171661376953125 -0.101608276367187 0.07318115234375 0.07489013671875
-0.0769500732421875 -0.240371704101562 -0.021209716796875 0.0658683776855468
0.0186920166015625 -0.255706787109375 -0.102272033691406 -0.0497665405273438
0.0996246337890625 -0.240921020507813 -0.03607177734375 -0.28656005859375
0.132797241210938 -0.119796752929688 -0.173736572265625 -0.161666870117188
0.0832366943359375 -0.158187866210937 -0.168136596679687 -0.2198486328125
-0.0152587890625 -0.179092407226563 -0.11712646484375 -0.158416748046875
-0.086151123046875 -0.10797119140625 -0.0936050415039063 -0.117584228515625
-0.0979156494140625 -0.0736083984375 -0.0299301147460938 -0.0833740234375
-0.122314453125 -0.0083770751953125 0.00400543212890625 -0.0740280151367188
-0.126274108886719 0.0398788452148437 0.0408706665039062 -0.10040283203125
-0.129493713378906 0.0352325439453125 0.0836563110351562 -0.107521057128906
-0.139556884765625 0.0496368408203125 0.135704040527344 -0.0959243774414063
-0.131187438964844 0.0120697021484375 0.188827514648438 -0.02886962890625
-0.145797729492188 -0.0450897216796875 0.167678833007812 0.0262451171875
-0.129768371582031 -0.0986404418945313 0.0977859497070313 0.0664138793945313
-0.031707763671875 -0.212142944335938 0.0133743286132812 0.0438957214355469
0.07373046875 -0.212112426757813 -0.0575332641601562 -0.0939483642578125
0.151123046875 -0.15960693359375 0.02069091796875 -0.335205078125
-0.1641845703125 0.0414581298828125 -0.036285400390625 0.330474853515625
-0.0518569946289063 0.125236511230469 0.0150222778320313 0.114601135253906
0.033538818359375 0.127815246582031 -0.0606307983398438 -0.0447196960449219
0.0891876220703125 0.0682296752929688 -0.140022277832031 -0.0727310180664063
0.081298828125 0.0249252319335938 -0.18927001953125 -0.04052734375
0.0776138305664063 -0.0125503540039063 -0.22027587890625 0.03778076171875
0.0722732543945313 -0.0121078491210938 -0.172714233398438 0.125885009765625
0.0685310363769531 0.00600051879882813 -0.112930297851562 0.12689208984375
0.0681228637695313 0.0118942260742187 -0.059356689453125 0.113143920898438
0.043212890625 0.0349845886230469 -0.0325851440429687 0.0958099365234375
0.0232887268066406 0.0578727722167969 0.0180511474609375 0.09423828125
-0.00102996826171875 0.077911376953125 0.0582809448242188 0.120849609375
-0.0642242431640625 0.0825347900390625 0.0734710693359375 0.160858154296875
-0.11297607421875 0.0673370361328125 0.132598876953125 0.199722290039063
-0.172744750976563 0.00706481933593753 0.121826171875 0.166763305664063
-0.15631103515625 -0.0730438232421875 -0.09796142578125 0.31658935546875
-0.0600814819335938 0.0316543579101562 -0.0378265380859375 0.106330871582031
-0.00197601318359375 0.0381088256835937 -0.0996932983398438 -0.055511474609375
0.0370635986328125 0.01470947265625 -0.173736572265625 -0.0691986083984375
0.0201377868652344 -0.0103187561035156 -0.207412719726563 -0.0381927490234375
0.0113668441772461 -0.00737762451171875 -0.235275268554688 0.0446929931640625
0.0131816864013672 0.0232162475585938 -0.186248779296875 0.128768920898438
0.0101089477539062 0.0420875549316406 -0.123542785644531 0.1209716796875
0.0134773254394531 0.0634574890136719 -0.0703887939453125 0.108268737792969
-0.0168991088867188 0.0723648071289063 -0.0321044921875 0.0877838134765625
-0.0576705932617188 0.0724563598632813 0.0211715698242187 0.0857772827148438
-0.0920867919921875 0.0605926513671875 0.0477752685546875 0.121711730957031
-0.131446838378906 1.52587890624937E-05 0.0413818359375 0.150466918945313
-0.155746459960938 -0.026580810546875 0.08258056640625 0.177902221679688
-0.186767578125 -0.103866577148438 0.069427490234375 0.131538391113281
-0.126434326171875 -0.181777954101563 -0.1507568359375 0.264053344726563
-0.0583267211914062 -0.0763931274414063 -0.0821609497070313 0.0662307739257813
-0.0469398498535156 -0.0677490234375 -0.131790161132812 -0.0858917236328125
-0.0323982238769531 -0.0449714660644531 -0.203125 -0.0755462646484375
-0.0539970397949219 -0.0436668395996094 -0.214859008789063 -0.03668212890625
-0.0614051818847656 0.00150680541992188 -0.228973388671875 0.04766845703125
-0.0488204956054687 0.0578193664550781 -0.177047729492188 0.115493774414063
-0.05078125 0.0727157592773438 -0.115570068359375 0.0946426391601563
-0.0413360595703125 0.104957580566406 -0.0671157836914063 0.081939697265625
-0.0701370239257812 0.0991363525390625 -0.0177764892578125 0.0629768371582031
-0.122550964355469 0.0810546875 0.0344657897949219 0.0661888122558594
-0.160781860351563 0.046539306640625 0.04681396484375 0.115211486816406
-0.182144165039063 -0.0673828125 0.0141448974609375 0.1419677734375
-0.179534912109375 -0.106201171875 0.022369384765625 0.148025512695313
-0.17657470703125 -0.195571899414063 0.0126762390136719 0.0666084289550781
-0.0816192626953125 -0.263504028320313 -0.18634033203125 0.177978515625
-0.0479888916015625 -0.177703857421875 -0.116561889648438 0.00198364257812497
-0.09326171875 -0.17236328125 -0.152679443359375 -0.123947143554688
-0.109825134277344 -0.09930419921875 -0.215576171875 -0.0872344970703125
-0.129631042480469 -0.06671142578125 -0.204086303710938 -0.0398101806640625
-0.128623962402344 0.0151596069335937 -0.200042724609375 0.041900634765625
-0.104637145996094 0.0868988037109375 -0.146011352539063 0.0855712890625
-0.104293823242188 0.093170166015625 -0.0907211303710938 0.0546646118164063
-0.0925521850585938 0.128684997558594 -0.0488700866699219 0.0418891906738281
-0.113250732421875 0.105560302734375 0.00734710693359374 0.0298118591308594
-0.167770385742187 0.072052001953125 0.0535507202148438 0.0418968200683594
-0.201889038085938 0.0233154296875 0.0492172241210937 0.104866027832031
-0.20086669921875 -0.124221801757812 -0.00750732421875001 0.132537841796875
-0.172515869140625 -0.170974731445312 -0.0383377075195313 0.113517761230469
-0.136627197265625 -0.259796142578125 -0.0374794006347656 -0.0159759521484375
-0.02978515625 -0.30035400390625 -0.204879760742188 0.0749969482421875
-0.0302734375 -0.2459716796875 -0.144729614257813 -0.072479248046875
-0.124771118164062 -0.247467041015625 -0.162933349609375 -0.154434204101563
-0.17034912109375 -0.136749267578125 -0.206207275390625 -0.0982208251953125
-0.186798095703125 -0.0767822265625 -0.17138671875 -0.047882080078125
-0.174896240234375 0.0304718017578125 -0.149642944335937 0.023040771484375
-0.14215087890625 0.104339599609375 -0.100128173828125 0.0424270629882812
-0.141891479492187 0.100051879882813 -0.0525245666503906 0.00695800781250002
-0.131523132324219 0.132545471191406 -0.0163354873657227 -0.00191783905029296
-0.144073486328125 0.091217041015625 0.0431327819824219 -0.000862121582031244
-0.19390869140625 0.0434417724609375 0.0776443481445312 0.0227203369140625
-0.2144775390625 -0.0154571533203125 0.055755615234375 0.0936737060546875
-0.185791015625 -0.176345825195313 -0.022674560546875 0.118881225585937
-0.131729125976562 -0.221298217773438 -0.0862579345703125 0.0710372924804688
-0.07171630859375 -0.29071044921875 -0.0699386596679688 -0.106277465820313
0.02294921875 -0.28619384765625 -0.208450317382813 -0.024871826171875
-0.00369262695312497 -0.265655517578125 -0.1671142578125 -0.139923095703125
-0.126678466796875 -0.272445678710938 -0.1614990234375 -0.1690673828125
-0.190948486328125 -0.146804809570312 -0.176284790039063 -0.1053466796875
-0.203109741210938 -0.0755462646484375 -0.123001098632813 -0.0594406127929688
-0.188720703125 0.03680419921875 -0.0906143188476563 -0.00799560546875
-0.155929565429688 0.10516357421875 -0.0480232238769531 -0.0104026794433594
-0.157760620117188 0.0931549072265625 -0.00766372680664063 -0.0407333374023437
-0.153411865234375 0.116836547851563 0.0295333862304687 -0.0427589416503906
-0.158706665039062 0.06390380859375 0.0898513793945313 -0.023529052734375
-0.197296142578125 0.00498962402343749 0.107101440429687 0.0142059326171875
-0.203964233398438 -0.059356689453125 0.064239501953125 0.0833816528320313
-0.143096923828125 -0.216629028320312 -0.0270309448242188 0.0982513427734375
-0.06744384765625 -0.250656127929688 -0.109855651855469 0.0188751220703125
0.0069580078125 -0.2852783203125 -0.0744171142578125 -0.195358276367188
0.0739288330078125 -0.222793579101563 -0.196868896484375 -0.106536865234375
0.030181884765625 -0.232345581054688 -0.176239013671875 -0.186798095703125
-0.091949462890625 -0.243240356445313 -0.14471435546875 -0.166305541992188
-0.160720825195313 -0.130142211914062 -0.133926391601563 -0.109260559082031
-0.170425415039063 -0.0686187744140625 -0.0709686279296875 -0.0720291137695313
-0.165496826171875 0.0269622802734375 -0.0352134704589844 -0.0435791015625
-0.145492553710937 0.084625244140625 -0.000213623046875008 -0.0613555908203125
-0.149795532226563 0.0726470947265625 0.0374984741210937 -0.0814743041992188
-0.1529541015625 0.089691162109375 0.081756591796875 -0.0766830444335937
-0.151138305664062 0.0360107421875 0.140167236328125 -0.0333938598632813
-0.177597045898437 -0.0262451171875 0.138259887695313 0.015838623046875
-0.170303344726563 -0.089080810546875 0.077972412109375 0.0743865966796875
-0.0882110595703125 -0.228103637695313 -0.0153427124023438 0.0715560913085938
0.00376892089843748 -0.247695922851562 -0.100074768066406 -0.03802490234375
0.0819549560546875 -0.241058349609375 -0.045684814453125 -0.27020263671875
0.117897033691406 -0.12567138671875 -0.16827392578125 -0.151626586914062
0.0681610107421875 -0.1588134765625 -0.166427612304688 -0.206619262695313
-0.0291900634765625 -0.171966552734375 -0.116546630859375 -0.152496337890625
-0.0902786254882812 -0.0965118408203125 -0.0938034057617188 -0.113433837890625
-0.0988845825195313 -0.06195068359375 -0.0316238403320313 -0.0821609497070312
-0.114875793457031 0.000587463378906247 0.00350189208984375 -0.0733413696289062
-0.113861083984375 0.046173095703125 0.0369033813476562 -0.100692749023438
-0.118804931640625 0.0423431396484375 0.077117919921875 -0.109695434570313
-0.127212524414063 0.0562286376953125 0.130996704101563 -0.0992660522460938
-0.121543884277344 0.0182952880859375 0.186431884765625 -0.036590576171875
-0.140281677246094 -0.0335693359375 0.167648315429688 0.0210418701171875
-0.129241943359375 -0.0855026245117188 0.0998611450195312 0.0647964477539063
-0.044525146484375 -0.201217651367187 0.0148963928222656 0.048004150390625
0.0570220947265625 -0.207595825195313 -0.0600051879882812 -0.083282470703125
0.133743286132812 -0.163986206054688 0.00598144531250003 -0.321990966796875
-0.153274536132813 0.051605224609375 -0.018035888671875 0.325408935546875
-0.0405807495117188 0.124458312988281 0.0226211547851562 0.108657836914063
0.042755126953125 0.119529724121094 -0.060272216796875 -0.0440940856933594
0.0909652709960938 0.0570526123046875 -0.14300537109375 -0.068878173828125
0.0794906616210938 0.0164642333984375 -0.191558837890625 -0.034027099609375
0.0704879760742188 -0.0180282592773438 -0.219985961914063 0.047454833984375
0.06475830078125 -0.0163497924804687 -0.166366577148438 0.134658813476563
0.0641555786132813 0.00127029418945313 -0.106010437011719 0.13262939453125
0.0635299682617188 0.00835418701171875 -0.0539627075195312 0.117385864257813
0.0397834777832031 0.0307350158691406 -0.028106689453125 0.100730895996094
0.0240707397460938 0.0516128540039063 0.0230712890625 0.0966262817382813
0.003936767578125 0.0731658935546875 0.0634384155273438 0.119537353515625
-0.0543212890625 0.0826339721679688 0.078094482421875 0.158737182617188
-0.102943420410156 0.0712051391601562 0.138397216796875 0.194595336914063
-0.165008544921875 0.0194854736328125 0.126296997070313 0.163528442382813
-0.151123046875 -0.06317138671875 -0.076324462890625 0.316253662109375
-0.0524139404296875 0.0312385559082031 -0.0274276733398438 0.103851318359375
0.00285720825195313 0.0327301025390625 -0.0986404418945313 -0.0535125732421875
0.0368881225585938 0.00568389892578125 -0.174575805664063 -0.0629425048828125
0.0163173675537109 -0.0160732269287109 -0.207626342773437 -0.03106689453125
0.00531196594238281 -0.00942134857177734 -0.232147216796875 0.0538177490234375
0.00861167907714844 0.0211315155029297 -0.1778564453125 0.137252807617187
0.007720947265625 0.0402259826660156 -0.115653991699219 0.127708435058594
0.0124855041503906 0.0618858337402344 -0.0634078979492188 0.113250732421875
-0.0181732177734375 0.070343017578125 -0.0267715454101563 0.0924835205078125
-0.055511474609375 0.0706024169921875 0.0263595581054688 0.0883331298828125
-0.0870132446289063 0.0606613159179687 0.0543441772460937 0.122451782226562
-0.126182556152344 0.00407409667968752 0.0477142333984375 0.151702880859375
-0.149337768554687 -0.0198822021484375 0.0901947021484375 0.176223754882813
-0.185394287109375 -0.09124755859375 0.0742416381835937 0.133308410644531
-0.128067016601563 -0.173858642578125 -0.128646850585938 0.26739501953125
-0.0555191040039062 -0.0762481689453125 -0.0708236694335937 0.0670013427734375
-0.0471649169921875 -0.0701103210449219 -0.131233215332031 -0.081451416015625
-0.0339736938476563 -0.0491943359375 -0.201889038085938 -0.0670928955078125
-0.0584182739257813 -0.0446357727050781 -0.213455200195313 -0.0288848876953125
-0.0657272338867188 0.00200271606445312 -0.223724365234375 0.0567474365234375
-0.0503463745117188 0.0584335327148438 -0.16754150390625 0.122894287109375
-0.0505142211914063 0.0739364624023438 -0.108047485351563 0.100517272949219
-0.0398406982421875 0.106773376464844 -0.0598678588867187 0.0871047973632813
-0.068450927734375 0.0996170043945313 -0.0120811462402344 0.0659561157226563
-0.119392395019531 0.0830841064453125 0.0404396057128906 0.0676002502441406
-0.156661987304687 0.050994873046875 0.0547409057617187 0.117195129394531
-0.180892944335938 -0.0590362548828125 0.0222930908203125 0.1455078125
-0.17779541015625 -0.0981597900390625 0.0309906005859375 0.15130615234375
-0.180679321289062 -0.18548583984375 0.0170974731445312 0.072357177734375
-0.09027099609375 -0.2572021484375 -0.166854858398438 0.18505859375
-0.051300048828125 -0.1771240234375 -0.106430053710938 0.00572967529296876
-0.100128173828125 -0.170578002929688 -0.153884887695312 -0.117843627929688
-0.113052368164063 -0.0984725952148438 -0.2139892578125 -0.078369140625
-0.134628295898438 -0.0630950927734375 -0.202102661132813 -0.0318450927734375
-0.129966735839844 0.0189666748046875 -0.193405151367188 0.049652099609375
-0.10211181640625 0.0892105102539063 -0.137611389160156 0.091156005859375
-0.101799011230469 0.0971145629882812 -0.0852127075195313 0.0585708618164062
-0.0870742797851563 0.132171630859375 -0.042938232421875 0.046356201171875
-0.109344482421875 0.107627868652344 0.0125751495361328 0.0315437316894531
-0.164794921875 0.0774688720703125 0.0584526062011719 0.0423812866210938
-0.199188232421875 0.0307159423828125 0.0589447021484375 0.106842041015625
-0.204086303710937 -0.115142822265625 0.00204467773437498 0.138175964355469
-0.1751708984375 -0.162918090820313 -0.02972412109375 0.12017822265625
-0.145477294921875 -0.252273559570313 -0.0351829528808594 -0.00704193115234377
-0.043243408203125 -0.297943115234375 -0.189102172851563 0.083587646484375
-0.039825439453125 -0.244873046875 -0.137351989746094 -0.0660629272460938
-0.136825561523438 -0.241470336914063 -0.165908813476563 -0.147964477539063
-0.17462158203125 -0.12945556640625 -0.205154418945313 -0.0896148681640625
-0.190994262695313 -0.0675811767578125 -0.169296264648438 -0.0410919189453125
-0.173187255859375 0.03741455078125 -0.14349365234375 0.028656005859375
-0.135848999023438 0.109489440917969 -0.0930938720703125 0.0453567504882813
-0.137184143066406 0.106620788574219 -0.0496253967285156 0.00930023193359376
-0.124099731445312 0.1373291015625 -0.0119228363037109 -9.82284545898358E-05
-0.139579772949219 0.0959014892578125 0.0475120544433594 -0.00212860107421874
-0.19012451171875 0.05181884765625 0.0823593139648437 0.021392822265625
-0.214431762695313 -0.00569152832031251 0.0650100708007812 0.0948333740234375
-0.19305419921875 -0.167327880859375 -0.01220703125 0.125160217285156
-0.139678955078125 -0.21380615234375 -0.0785446166992188 0.08026123046875
-0.0850830078125 -0.28704833984375 -0.0711746215820313 -0.0951156616210938
0.00762939453125 -0.28741455078125 -0.19769287109375 -0.0157928466796875
-0.0171051025390625 -0.265151977539062 -0.1624755859375 -0.131759643554688
-0.142105102539063 -0.264617919921875 -0.164398193359375 -0.162124633789063
-0.196548461914063 -0.135955810546875 -0.176254272460937 -0.097381591796875
-0.206268310546875 -0.0631103515625 -0.122146606445313 -0.0548095703125
-0.183731079101562 0.045623779296875 -0.085693359375 -0.00498199462890625
-0.146774291992187 0.1112060546875 -0.0439033508300781 -0.00947570800781249
-0.151535034179688 0.100662231445313 -0.00751495361328126 -0.0407600402832031
-0.14471435546875 0.12420654296875 0.0319786071777344 -0.0445365905761719
-0.1531982421875 0.0697784423828125 0.09320068359375 -0.027008056640625
-0.194412231445313 0.0153045654296875 0.111419677734375 0.0104141235351563
-0.204559326171875 -0.04827880859375 0.0731201171875 0.084381103515625
-0.153717041015625 -0.207748413085938 -0.0178298950195313 0.105026245117187
-0.079681396484375 -0.246063232421875 -0.104537963867188 0.0295944213867187
-0.00857543945312499 -0.285064697265625 -0.0802154541015625 -0.18475341796875
0.058135986328125 -0.227706909179688 -0.191314697265625 -0.0977783203125
0.0154266357421875 -0.233261108398438 -0.17510986328125 -0.177581787109375
-0.108047485351562 -0.235382080078125 -0.14892578125 -0.160797119140625
-0.165756225585937 -0.11865234375 -0.135017395019531 -0.104156494140625
-0.173019409179688 -0.05596923828125 -0.0721054077148438 -0.0701980590820313
-0.16021728515625 0.03631591796875 -0.0331878662109375 -0.0429344177246094
-0.134925842285156 0.0910186767578125 3.81469726562407E-05 -0.0626487731933594
-0.141647338867188 0.0805206298828125 0.0347137451171875 -0.0837554931640625
-0.143417358398438 0.0964508056640625 0.0816116333007813 -0.0806350708007813
-0.145278930664063 0.042724609375 0.142578125 -0.040435791015625
-0.17510986328125 -0.0157012939453125 0.141510009765625 0.010986328125
-0.172927856445313 -0.077728271484375 0.0849685668945313 0.0738525390625
-0.101058959960937 -0.220687866210938 -0.00862884521484376 0.0774154663085938
-0.01177978515625 -0.244918823242188 -0.09808349609375 -0.0270767211914063
0.0663299560546875 -0.245315551757813 -0.0567169189453125 -0.2613525390625
0.105796813964844 -0.132591247558594 -0.167572021484375 -0.145782470703125
0.0554046630859375 -0.16094970703125 -0.168533325195313 -0.197494506835938
-0.0427703857421875 -0.1668701171875 -0.120391845703125 -0.148956298828125
-0.0949478149414062 -0.0874786376953125 -0.0971298217773438 -0.110183715820313
-0.101852416992188 -0.0523605346679688 -0.0346755981445313 -0.08251953125
-0.110061645507813 0.00800323486328123 0.00234222412109375 -0.0745010375976563
-0.104385375976563 0.0521697998046875 0.0336380004882812 -0.103126525878906
-0.110733032226563 0.0491714477539062 0.071746826171875 -0.113494873046875
-0.118629455566406 0.0619735717773438 0.127967834472656 -0.105705261230469
-0.115631103515625 0.0249481201171875 0.187057495117188 -0.04498291015625
-0.137397766113281 -0.0225830078125 0.170501708984375 0.0143890380859375
-0.131088256835937 -0.0752334594726563 0.10498046875 0.0640487670898438
-0.0567169189453125 -0.193710327148438 0.0188331604003906 0.0517005920410156
0.0413818359375 -0.20709228515625 -0.0625228881835938 -0.0742950439453125
0.119338989257812 -0.169586181640625 -0.00988769531249997 -0.3155517578125
-0.141845703125 0.063232421875 0.00650024414062502 0.322601318359375
-0.0272598266601563 0.123275756835938 0.0312347412109375 0.102073669433594
0.0529251098632813 0.110687255859375 -0.061553955078125 -0.0427436828613281
0.093231201171875 0.0443267822265625 -0.147201538085938 -0.061248779296875
0.0776443481445313 0.0068206787109375 -0.195587158203125 -0.023040771484375
0.0639076232910156 -0.02288818359375 -0.219070434570313 0.0614166259765625
0.0574111938476563 -0.0204696655273438 -0.156997680664063 0.146728515625
0.0598945617675781 -0.00313186645507813 -0.0955810546875 0.141326904296875
0.0600547790527344 0.00368499755859375 -0.0459060668945312 0.1234130859375
0.037628173828125 0.0267753601074219 -0.021331787109375 0.105697631835937
0.0253448486328125 0.04620361328125 0.0302047729492188 0.0980911254882813
0.00975418090820312 0.0681419372558594 0.0708084106445313 0.117897033691406
-0.0439529418945313 0.0833816528320313 0.0850982666015625 0.156021118164063
-0.0921630859375 0.0764083862304687 0.148681640625 0.18756103515625
-0.156402587890625 0.0325469970703125 0.135238647460938 0.15997314453125
-0.148406982421875 -0.0526123046875 -0.049560546875 0.317718505859375
-0.0449867248535156 0.030914306640625 -0.0162582397460938 0.100967407226563
0.00749778747558594 0.0261116027832031 -0.0992889404296875 -0.0489959716796875
0.0361366271972656 -0.0031280517578125 -0.176773071289063 -0.0536041259765625
0.0117511749267578 -0.0210285186767578 -0.209060668945312 -0.01910400390625
-0.000795364379882812 -0.0113821029663086 -0.22918701171875 0.0689849853515625
0.00466156005859375 0.0204486846923828 -0.166748046875 0.148849487304688
0.00628662109375 0.0393524169921875 -0.104255676269531 0.136337280273437
0.0131874084472656 0.0607719421386719 -0.0537567138671875 0.120208740234375
-0.016754150390625 0.0705032348632813 -0.0188980102539062 0.0973129272460938
-0.0531234741210938 0.0708694458007812 0.0346832275390625 0.0895538330078125
-0.0819168090820313 0.0630111694335937 0.0636444091796875 0.12176513671875
-0.122138977050781 0.0102462768554688 0.057373046875 0.1524658203125
-0.145217895507813 -0.0113067626953125 0.102493286132812 0.173355102539063
-0.1849365234375 -0.0776519775390625 0.0835189819335937 0.133598327636719
-0.134552001953125 -0.164047241210938 -0.102554321289063 0.2733154296875
-0.0560073852539063 -0.0756454467773438 -0.0597000122070312 0.0678482055664063
-0.0506820678710937 -0.0723724365234375 -0.133651733398438 -0.0744705200195313
-0.038055419921875 -0.0526390075683594 -0.202896118164063 -0.056304931640625
-0.064300537109375 -0.0440902709960938 -0.213714599609375 -0.016693115234375
-0.0701713562011719 0.0050506591796875 -0.218292236328125 0.070648193359375
-0.0507392883300781 0.0612564086914062 -0.156845092773438 0.133209228515625
-0.0491180419921875 0.0768814086914063 -0.0988082885742188 0.108566284179688
-0.0347976684570312 0.108489990234375 -0.0506820678710938 0.0931320190429688
-0.0653839111328125 0.102455139160156 -0.00535964965820313 0.0695381164550781
-0.115509033203125 0.0891647338867188 0.047393798828125 0.0676994323730469
-0.152862548828125 0.0589599609375 0.065582275390625 0.117568969726563
-0.181915283203125 -0.049591064453125 0.0337982177734375 0.14837646484375
-0.179412841796875 -0.0874786376953125 0.043243408203125 0.153457641601563
-0.18878173828125 -0.17236328125 0.0242843627929687 0.07733154296875
-0.104507446289063 -0.25164794921875 -0.1435546875 0.1939697265625
-0.059844970703125 -0.176361083984375 -0.0973968505859375 0.01031494140625
-0.1109619140625 -0.16693115234375 -0.158050537109375 -0.108901977539062
-0.119491577148438 -0.094879150390625 -0.215011596679688 -0.065460205078125
-0.14129638671875 -0.0552978515625 -0.2012939453125 -0.0205841064453125
-0.131591796875 0.0269317626953125 -0.186538696289063 0.0609893798828125
-0.0981979370117188 0.0950546264648438 -0.128005981445313 0.09979248046875
-0.0975112915039062 0.10430908203125 -0.0785369873046875 0.065185546875
-0.07916259765625 0.137832641601563 -0.0356025695800781 0.049774169921875
-0.104606628417969 0.11419677734375 0.0179462432861328 0.0326156616210938
-0.160049438476563 0.0867462158203125 0.0646133422851562 0.0408782958984375
-0.197158813476563 0.0421600341796875 0.070953369140625 0.106307983398437
-0.2109375 -0.103561401367188 0.0148468017578125 0.142181396484375
-0.18310546875 -0.152572631835938 -0.0169677734375 0.126327514648438
-0.160308837890625 -0.243087768554687 -0.0325927734375 0.00149917602539061
-0.062469482421875 -0.296051025390625 -0.17236328125 0.0948333740234375
-0.054351806640625 -0.2454833984375 -0.132034301757813 -0.0588150024414063
-0.154312133789062 -0.233230590820313 -0.17230224609375 -0.137466430664063
-0.18280029296875 -0.119415283203125 -0.20672607421875 -0.07666015625
-0.197555541992188 -0.054718017578125 -0.169601440429687 -0.03106689453125
-0.171585083007813 0.04815673828125 -0.137062072753906 0.0367889404296875
-0.128318786621094 0.116973876953125 -0.0864639282226563 0.0503692626953125
-0.129890441894531 0.116508483886719 -0.0464439392089844 0.0128250122070313
-0.1141357421875 0.145858764648438 -0.00709295272827149 0.000745296478271493
-0.133598327636719 0.103492736816406 0.0516166687011719 -0.00495529174804687
-0.186904907226563 0.0644073486328125 0.0877609252929687 0.0179672241210938
-0.215103149414063 0.00788879394531248 0.0760726928710937 0.0941848754882813
-0.204696655273438 -0.155319213867187 0.000816345214843746 0.130203247070313
-0.153213500976562 -0.205612182617188 -0.068511962890625 0.090087890625
-0.104400634765625 -0.28216552734375 -0.0738601684570313 -0.0849761962890625
-0.0142822265625 -0.288726806640625 -0.188613891601563 -0.00451660156249999
-0.0365447998046875 -0.265777587890625 -0.1619873046875 -0.12213134765625
-0.163345336914063 -0.253524780273438 -0.17266845703125 -0.151763916015625
-0.204544067382813 -0.121185302734375 -0.1785888671875 -0.0868682861328125
-0.210800170898438 -0.047088623046875 -0.123329162597656 -0.048431396484375
-0.179336547851563 0.05804443359375 -0.0812911987304688 -0.000907897949218759
-0.13677978515625 0.120124816894531 -0.0418815612792969 -0.00843811035156249
-0.142562866210938 0.111297607421875 -0.00819015502929688 -0.0399208068847656
-0.13311767578125 0.13385009765625 0.0327987670898437 -0.0472297668457031
-0.14727783203125 0.0789794921875 0.0954971313476562 -0.0336761474609375
-0.192108154296875 0.0284576416015625 0.115982055664063 0.00470733642578125
-0.207763671875 -0.0331573486328125 0.0837173461914062 0.0825119018554688
-0.169326782226563 -0.19677734375 -0.00609588623046876 0.110260009765625
-0.0975494384765625 -0.240142822265625 -0.0983810424804688 0.041259765625
-0.030059814453125 -0.28643798828125 -0.0900421142578125 -0.17376708984375
0.0385284423828125 -0.232742309570312 -0.189178466796875 -0.087371826171875
-0.00402832031250001 -0.23492431640625 -0.1787109375 -0.166656494140625
-0.1287841796875 -0.22515869140625 -0.156646728515625 -0.152664184570312
-0.174087524414063 -0.10430908203125 -0.138259887695312 -0.0960464477539063
-0.17620849609375 -0.0407867431640625 -0.0748672485351563 -0.066864013671875
-0.15460205078125 0.0481414794921875 -0.0324554443359375 -0.0429840087890625
-0.124588012695313 0.0991363525390625 -0.002471923828125 -0.0642967224121094
-0.132987976074219 0.0905303955078125 0.0301055908203125 -0.086517333984375
-0.13275146484375 0.106346130371094 0.0794830322265625 -0.0871353149414063
-0.140113830566406 0.0515975952148437 0.143707275390625 -0.0509490966796875
-0.172927856445313 -0.00225830078125 0.146224975585937 0.00244140625
-0.176910400390625 -0.0634765625 0.0942916870117187 0.0716781616210938
-0.117034912109375 -0.211044311523438 0.000106811523437487 0.0822219848632812
-0.030120849609375 -0.242523193359375 -0.097564697265625 -0.0155487060546875
0.0459442138671875 -0.250473022460938 -0.072601318359375 -0.252761840820313
0.0911712646484375 -0.140838623046875 -0.171951293945313 -0.13787841796875
0.0393829345703125 -0.164779663085938 -0.1761474609375 -0.187576293945312
-0.059356689453125 -0.16033935546875 -0.127548217773438 -0.14337158203125
-0.100601196289063 -0.0760116577148438 -0.102806091308594 -0.105865478515625
-0.103828430175781 -0.04119873046875 -0.0398178100585937 -0.0822219848632813
-0.105438232421875 0.0173492431640625 0.000144958496093741 -0.0764999389648438
-0.09466552734375 0.0584030151367188 0.0267486572265625 -0.10662841796875
-0.102752685546875 0.0564956665039063 0.0639266967773437 -0.118751525878906
-0.109321594238281 0.0702285766601562 0.123054504394531 -0.115631103515625
-0.109375 0.032012939453125 0.1868896484375 -0.0582122802734375
-0.134475708007813 -0.0109634399414063 0.173995971679688 0.0051727294921875
-0.134147644042969 -0.0630874633789063 0.111885070800781 0.059539794921875
-0.0721893310546875 -0.185516357421875 0.0240097045898438 0.0550422668457031
0.022979736328125 -0.207000732421875 -0.0668144226074219 -0.0655174255371094
0.103515625 -0.178375244140625 -0.03125 -0.31005859375
-0.127044677734375 0.074859619140625 0.035430908203125 0.312469482421875
-0.0128936767578125 0.119125366210938 0.039520263671875 0.0936279296875
0.0630645751953125 0.0982513427734375 -0.062896728515625 -0.0400810241699219
0.0930557250976563 0.0306243896484375 -0.150634765625 -0.0498046875
0.0738372802734375 -0.00323486328125 -0.195465087890625 -0.00727844238281252
0.0559425354003906 -0.0279006958007813 -0.212326049804688 0.0799560546875
0.0501060485839844 -0.0237045288085938 -0.1424560546875 0.157760620117188
0.0551834106445313 -0.0079803466796875 -0.0811004638671875 0.147491455078125
0.0557136535644531 -0.000885009765625 -0.0341567993164063 0.127685546875
0.0358924865722656 0.0231056213378906 -0.0116195678710938 0.108596801757813
0.0253562927246094 0.0405235290527344 0.0387039184570313 0.0968551635742188
0.0158729553222656 0.0626754760742187 0.07952880859375 0.1123046875
-0.0329208374023438 0.0826873779296875 0.09442138671875 0.14984130859375
-0.0791015625 0.0807113647460938 0.160568237304688 0.174667358398438
-0.144683837890625 0.0465850830078125 0.144119262695313 0.150634765625
-0.144073486328125 -0.038970947265625 -0.017486572265625 0.31298828125
-0.0376815795898438 0.029998779296875 -0.00477600097656251 0.095977783203125
0.0102558135986328 0.0191326141357422 -0.100234985351563 -0.0423812866210938
0.0327987670898438 -0.0116996765136719 -0.17681884765625 -0.039886474609375
0.00600051879882812 -0.0248756408691406 -0.207382202148438 -0.00306701660156253
-0.00661659240722656 -0.0110769271850586 -0.220260620117188 0.0867919921875
0.00139236450195312 0.021026611328125 -0.150527954101563 0.161148071289063
0.005828857421875 0.0388145446777344 -0.089141845703125 0.143417358398438
0.0149269104003906 0.059295654296875 -0.0407485961914063 0.124534606933594
-0.0143356323242188 0.0699882507324219 -0.00875854492187499 0.0998306274414063
-0.0483474731445313 0.0716094970703125 0.0436019897460937 0.087158203125
-0.0750198364257813 0.0659332275390625 0.0755233764648437 0.116813659667969
-0.115806579589844 0.0172042846679687 0.069427490234375 0.148880004882813
-0.139068603515625 -0.00154876708984377 0.116119384765625 0.165496826171875
-0.183486938476562 -0.0599365234375 0.094024658203125 0.129707336425781
-0.14190673828125 -0.150131225585938 -0.070770263671875 0.273773193359375
-0.057647705078125 -0.0740737915039063 -0.0475616455078125 0.0678520202636719
-0.0548934936523438 -0.0718231201171875 -0.135002136230469 -0.0641021728515625
-0.0434799194335937 -0.0538139343261719 -0.202133178710938 -0.039947509765625
-0.07122802734375 -0.0407867431640625 -0.210311889648438 -0.000625610351562546
-0.0726547241210937 0.0102767944335937 -0.2081298828125 0.086578369140625
-0.0488624572753906 0.0651702880859375 -0.140762329101563 0.14434814453125
-0.0451812744140625 0.0811614990234375 -0.0854415893554688 0.115501403808594
-0.0269317626953125 0.110305786132813 -0.0386581420898438 0.0976409912109375
-0.0582656860351562 0.105659484863281 0.00349426269531249 0.0708084106445313
-0.108390808105469 0.0949020385742187 0.0550155639648437 0.0646476745605469
-0.145767211914063 0.0692901611328125 0.07904052734375 0.112991333007813
-0.182205200195313 -0.0361480712890625 0.048065185546875 0.147506713867187
-0.180389404296875 -0.0734405517578125 0.0578765869140625 0.1510009765625
-0.196563720703125 -0.153839111328125 0.0328826904296875 0.0796890258789062
-0.12152099609375 -0.238876342773438 -0.116241455078125 0.200149536132813
-0.0714263916015625 -0.171966552734375 -0.0876235961914062 0.0141220092773437
-0.123046875 -0.157882690429688 -0.162246704101563 -0.0949859619140625
-0.126007080078125 -0.0874099731445313 -0.213333129882813 -0.04852294921875
-0.146820068359375 -0.0438690185546875 -0.197769165039063 -0.00521850585937503
-0.129486083984375 0.0369338989257813 -0.175506591796875 0.0739898681640625
-0.0909500122070313 0.102134704589844 -0.11431884765625 0.1077880859375
-0.0899581909179687 0.112014770507813 -0.0693283081054688 0.070343017578125
-0.067108154296875 0.143218994140625 -0.0268440246582031 0.0533676147460938
-0.0950775146484375 0.120025634765625 0.0238075256347656 0.0316791534423828
-0.151596069335938 0.0975189208984375 0.0704193115234375 0.0359649658203125
-0.190658569335938 0.057525634765625 0.0835647583007813 0.101486206054688
-0.215911865234375 -0.0859832763671875 0.0301971435546875 0.142303466796875
-0.190765380859375 -0.13641357421875 -0.00225830078125001 0.12994384765625
-0.1766357421875 -0.226699829101563 -0.0285263061523438 0.0102672576904297
-0.08709716796875 -0.286468505859375 -0.151901245117188 0.104598999023437
-0.073486328125 -0.239059448242188 -0.126686096191406 -0.05023193359375
-0.173141479492187 -0.2169189453125 -0.17840576171875 -0.121627807617188
-0.190383911132813 -0.103668212890625 -0.2056884765625 -0.0599517822265625
-0.200363159179688 -0.0368194580078125 -0.166717529296875 -0.018585205078125
-0.165542602539063 0.0609893798828125 -0.128242492675781 0.045318603515625
-0.116943359375 0.125030517578125 -0.077423095703125 0.0550613403320313
-0.1192626953125 0.126091003417969 -0.0424728393554688 0.0165061950683594
-0.0997772216796875 0.1536865234375 -0.00300145149230958 0.00137305259704591
-0.12359619140625 0.112602233886719 0.0544967651367187 -0.00889587402343749
-0.178466796875 0.078369140625 0.09130859375 0.0113677978515625
-0.211074829101563 0.0270233154296875 0.0883102416992188 0.08807373046875
-0.215606689453125 -0.136871337890625 0.0161056518554687 0.13134765625
-0.16705322265625 -0.19061279296875 -0.0558242797851563 0.0981292724609375
-0.127395629882812 -0.27020263671875 -0.0765380859375 -0.0719680786132813
-0.04150390625 -0.283660888671875 -0.176513671875 0.00765991210937501
-0.0597686767578125 -0.259628295898438 -0.161712646484375 -0.109085083007813
-0.185043334960937 -0.233566284179688 -0.180282592773438 -0.1353759765625
-0.211273193359375 -0.101303100585937 -0.1793212890625 -0.0721282958984375
-0.211227416992188 -0.0264892578125 -0.122772216796875 -0.0384292602539062
-0.170425415039063 0.071990966796875 -0.0761337280273438 0.00335693359375002
-0.122970581054687 0.128425598144531 -0.0389938354492188 -0.00624465942382812
-0.129562377929688 0.122306823730469 -0.0103721618652344 -0.038787841796875
-0.118606567382812 0.142913818359375 0.0320014953613281 -0.0503120422363281
-0.138092041015625 0.0890579223632813 0.0949630737304687 -0.0419769287109375
-0.185226440429688 0.0440521240234375 0.118568420410156 -0.00443267822265625
-0.206298828125 -0.0141448974609375 0.0944976806640625 0.0760650634765625
-0.184600830078125 -0.1790771484375 0.00780487060546874 0.111824035644531
-0.1168212890625 -0.228057861328125 -0.08917236328125 0.05267333984375
-0.056365966796875 -0.280242919921875 -0.100341796875 -0.15838623046875
0.013641357421875 -0.232803344726563 -0.185943603515625 -0.07342529296875
-0.02667236328125 -0.230789184570313 -0.18280029296875 -0.15142822265625
-0.14886474609375 -0.206771850585937 -0.16546630859375 -0.137741088867187
-0.179290771484375 -0.0854644775390625 -0.141937255859375 -0.0845947265625
-0.176101684570313 -0.0218353271484375 -0.0778121948242187 -0.0612640380859375
-0.14501953125 0.0605010986328125 -0.031890869140625 -0.0419883728027344
-0.110748291015625 0.106689453125 -0.00560760498046875 -0.0647926330566406
-0.120475769042969 0.100257873535156 0.0226516723632813 -0.08709716796875
-0.118110656738281 0.115318298339844 0.073150634765625 -0.0940399169921875
-0.131340026855469 0.0616607666015625 0.140495300292969 -0.06341552734375
-0.166946411132813 0.0136260986328125 0.147903442382813 -0.0084228515625
-0.178207397460937 -0.045745849609375 0.102836608886719 0.064422607421875
-0.13519287109375 -0.195693969726563 0.010009765625 0.0838241577148437
-0.0532073974609375 -0.2349853515625 -0.0942001342773438 -0.00336456298828127
0.0203094482421875 -0.251876831054687 -0.09136962890625 -0.23748779296875
0.0725860595703125 -0.146530151367187 -0.175125122070313 -0.124801635742187
0.020050048828125 -0.164321899414063 -0.184112548828125 -0.1717529296875
-0.0755462646484375 -0.1485595703125 -0.136123657226563 -0.132713317871094
-0.104705810546875 -0.0625152587890625 -0.108695983886719 -0.0977935791015625
-0.104408264160156 -0.02789306640625 -0.0453338623046875 -0.0789413452148438
-0.0994415283203125 0.02679443359375 -0.00439453125000001 -0.0774459838867188
-0.0839309692382812 0.0643081665039063 0.0181198120117187 -0.108795166015625
-0.0922698974609375 0.0639572143554688 0.0521697998046875 -0.122337341308594
-0.097198486328125 0.0777053833007812 0.112464904785156 -0.126174926757813
-0.101043701171875 0.0396957397460937 0.1812744140625 -0.0745391845703125
-0.128608703613281 0.00191497802734372 0.174606323242188 -0.0084075927734375
-0.134719848632812 -0.0471954345703125 0.117935180664062 0.0518875122070313
-0.0883331298828125 -0.172622680664062 0.030242919921875 0.0554771423339844
0.00163269042968748 -0.202713012695313 -0.0701446533203125 -0.0545692443847657
0.08209228515625 -0.18359375 -0.056671142578125 -0.298828125
-0.108894348144531 0.0812606811523437 0.059783935546875 0.291717529296875
0.000160217285156239 0.110832214355469 0.0450286865234375 0.0823516845703125
0.0681838989257813 0.08331298828125 -0.0622978210449219 -0.0357894897460937
0.0886154174804687 0.0175704956054687 -0.14813232421875 -0.0372772216796875
0.066558837890625 -0.0112037658691406 -0.18841552734375 0.00712585449218747
0.0469131469726563 -0.0303421020507813 -0.198776245117188 0.094818115234375
0.041900634765625 -0.0243263244628906 -0.122604370117187 0.163619995117188
0.0485382080078125 -0.0113334655761719 -0.06451416015625 0.148056030273438
0.050323486328125 -0.0047454833984375 -0.020843505859375 0.127128601074219
0.0329303741455078 0.0192489624023438 -0.0015106201171875 0.107421875
0.0247554779052734 0.0347652435302734 0.0457229614257813 0.0907745361328125
0.01983642578125 0.0549736022949219 0.085723876953125 0.102859497070313
-0.0218124389648437 0.0784988403320312 0.100746154785156 0.139335632324219
-0.0653305053710938 0.0808258056640625 0.166549682617187 0.15570068359375
-0.128585815429688 0.0566024780273438 0.14971923828125 0.1368408203125
-0.135047912597656 -0.0259017944335938 0.012237548828125 0.296112060546875
-0.0305004119873047 0.0266361236572266 0.00516510009765625 0.0887069702148438
0.0117454528808594 0.0117702484130859 -0.0975799560546875 -0.0346908569335938
0.0279197692871094 -0.0188274383544922 -0.1708984375 -0.026214599609375
-0.000167846679687499 -0.0264091491699219 -0.1986083984375 0.0117340087890625
-0.0115585327148438 -0.00971412658691406 -0.203659057617188 0.100265502929687
-0.000698089599609374 0.0218429565429687 -0.129730224609375 0.166061401367187
0.00527572631835937 0.0378074645996094 -0.07171630859375 0.144317626953125
0.0164451599121094 0.055999755859375 -0.0257186889648437 0.123855590820313
-0.0107154846191406 0.0680770874023438 0.0015411376953125 0.0983963012695313
-0.043182373046875 0.0708465576171875 0.0502777099609375 0.0811767578125
-0.0667037963867188 0.0665817260742187 0.0835647583007813 0.107879638671875
-0.107704162597656 0.0232467651367188 0.0785903930664062 0.140525817871094
-0.129570007324219 0.0070648193359375 0.124893188476562 0.150924682617188
-0.175445556640625 -0.04248046875 0.102302551269531 0.121391296386719
-0.143280029296875 -0.132553100585938 -0.038482666015625 0.2633056640625
-0.0582389831542969 -0.069976806640625 -0.0360107421875 0.063995361328125
-0.0587577819824219 -0.0687065124511719 -0.132575988769531 -0.0520401000976563
-0.0477485656738281 -0.0521926879882813 -0.193817138671875 -0.024688720703125
-0.0746231079101563 -0.0344772338867188 -0.199462890625 0.0141143798828125
-0.0723037719726563 0.0162353515625 -0.189971923828125 0.0983123779296875
-0.0448265075683594 0.067108154296875 -0.12066650390625 0.148605346679687
-0.0390243530273438 0.0827407836914063 -0.0697784423828125 0.117698669433594
-0.01910400390625 0.108299255371094 -0.0254135131835938 0.0971527099609375
-0.0496368408203125 0.105545043945312 0.0116729736328125 0.0692100524902344
-0.0977783203125 0.098297119140625 0.0607109069824219 0.0586204528808594
-0.133644104003906 0.0760574340820313 0.087677001953125 0.103164672851562
-0.176071166992187 -0.0220184326171875 0.0594253540039062 0.140167236328125
-0.175735473632813 -0.05767822265625 0.07037353515625 0.142303466796875
-0.197296142578125 -0.13201904296875 0.04046630859375 0.0781784057617187
-0.1331787109375 -0.219940185546875 -0.0869293212890625 0.19586181640625
-0.0796966552734375 -0.161941528320312 -0.0765380859375 0.016510009765625
-0.1314697265625 -0.143707275390625 -0.161117553710938 -0.0777587890625
-0.128837585449219 -0.0762939453125 -0.204864501953125 -0.0312957763671875
-0.146392822265625 -0.0307159423828125 -0.187423706054687 0.00868225097656248
-0.123527526855469 0.0461273193359375 -0.159423828125 0.082977294921875
-0.0806503295898438 0.104789733886719 -0.0981979370117188 0.111236572265625
-0.0777511596679687 0.115234375 -0.0583419799804688 0.0729904174804688
-0.0528411865234375 0.142929077148438 -0.0177459716796875 0.0534515380859375
-0.083251953125 0.122360229492188 0.0283393859863281 0.0289287567138672
-0.138351440429688 0.105148315429688 0.0739288330078125 0.02996826171875
-0.177658081054688 0.06964111328125 0.0923309326171875 0.0921401977539063
-0.213958740234375 -0.066558837890625 0.0435562133789062 0.136619567871094
-0.192184448242188 -0.116958618164062 0.01220703125 0.12738037109375
-0.186904907226563 -0.20361328125 -0.023040771484375 0.0164737701416015
-0.107131958007813 -0.26715087890625 -0.128273010253906 0.107894897460937
-0.08935546875 -0.224945068359375 -0.117942810058594 -0.0414276123046875
-0.184417724609375 -0.19415283203125 -0.177230834960938 -0.101882934570313
-0.190460205078125 -0.0857391357421875 -0.19781494140625 -0.0424652099609375
-0.19512939453125 -0.018829345703125 -0.158599853515625 -0.00608825683593754
-0.154083251953125 0.072021484375 -0.115470886230469 0.0509796142578125
-0.102363586425781 0.128654479980469 -0.0664138793945313 0.0573310852050781
-0.103500366210938 0.13153076171875 -0.036865234375 0.0192947387695313
-0.0819854736328125 0.15509033203125 0.000597655773162837 0.000520765781402597
-0.110458374023438 0.116950988769531 0.054168701171875 -0.0133628845214844
-0.164520263671875 0.08892822265625 0.0919036865234375 0.00379180908203126
-0.199005126953125 0.0426483154296875 0.096221923828125 0.0787353515625
-0.218338012695312 -0.113754272460937 0.0294723510742187 0.126625061035156
-0.17523193359375 -0.169967651367188 -0.040985107421875 0.101249694824219
-0.144424438476562 -0.249526977539063 -0.075714111328125 -0.0582809448242188
-0.0653839111328125 -0.26824951171875 -0.160064697265625 0.0173187255859375
-0.0796966552734375 -0.244125366210938 -0.15625 -0.0945587158203125
-0.197784423828125 -0.206008911132812 -0.180206298828125 -0.114334106445312
-0.2100830078125 -0.0790863037109375 -0.173721313476563 -0.0561981201171875
-0.204010009765625 -0.00619506835937498 -0.11834716796875 -0.0284500122070312
-0.156402587890625 0.08270263671875 -0.0691795349121094 0.00638198852539064
-0.106132507324219 0.131263732910156 -0.0350189208984375 -0.00438690185546874
-0.113037109375 0.128257751464844 -0.0116729736328125 -0.0362281799316406
-0.0996856689453125 0.146087646484375 0.0287666320800781 -0.0518417358398438
-0.12451171875 0.095458984375 0.0904693603515625 -0.0498046875
-0.172073364257813 0.057281494140625 0.116554260253906 -0.0135040283203125
-0.197189331054688 0.00431823730468746 0.101295471191406 0.06658935546875
-0.192291259765625 -0.155502319335938 0.019775390625 0.108161926269531
-0.130874633789063 -0.208648681640625 -0.0770492553710938 0.0601577758789062
-0.0788421630859375 -0.264450073242188 -0.106040954589844 -0.138938903808594
-0.00984191894531248 -0.22369384765625 -0.177337646484375 -0.0591583251953125
-0.04754638671875 -0.217544555664063 -0.180908203125 -0.132858276367188
-0.161697387695312 -0.181900024414063 -0.166671752929687 -0.118011474609375
-0.1766357421875 -0.064300537109375 -0.139884948730469 -0.0710067749023437
-0.168548583984375 -0.00408935546875004 -0.07757568359375 -0.053680419921875
-0.131797790527344 0.0699539184570312 -0.0310859680175781 -0.040679931640625
-0.0946807861328125 0.109359741210938 -0.00888061523437501 -0.0632400512695313
-0.104400634765625 0.105804443359375 0.0150833129882813 -0.0853500366210938
-0.100723266601563 0.119560241699219 0.0634078979492188 -0.0970840454101562
-0.118331909179688 0.068572998046875 0.131782531738281 -0.07379150390625
-0.156509399414063 0.0267486572265625 0.143402099609375 -0.0199432373046875
-0.171798706054688 -0.0272216796875 0.107589721679688 0.0547103881835938
-0.146865844726563 -0.173660278320312 0.01898193359375 0.0811691284179687
-0.0716552734375 -0.218124389648438 -0.087249755859375 0.00785064697265623
-0.00486755371093749 -0.242141723632812 -0.104766845703125 -0.215682983398438
0.05242919921875 -0.1455078125 -0.1734619140625 -0.109237670898438
0.00218200683593752 -0.157089233398438 -0.185867309570313 -0.151382446289062
-0.0864105224609375 -0.131309509277344 -0.139541625976563 -0.117134094238281
-0.103622436523438 -0.0476837158203125 -0.111099243164063 -0.086273193359375
-0.1002197265625 -0.015167236328125 -0.0494232177734375 -0.0733489990234375
-0.089874267578125 0.0345382690429688 -0.00898742675781251 -0.0761260986328125
-0.0709609985351563 0.06646728515625 0.00943756103515625 -0.106651306152344
-0.0792922973632813 0.0685043334960937 0.0396270751953125 -0.121292114257812
-0.0828170776367188 0.0809707641601562 0.0973129272460938 -0.130813598632813
-0.0905609130859375 0.0453948974609375 0.16949462890625 -0.087860107421875
-0.118789672851563 0.013153076171875 0.1690673828125 -0.0211029052734375
-0.130302429199219 -0.0315475463867188 0.119293212890625 0.0416412353515625
-0.1005859375 -0.153976440429688 0.034423828125 0.052825927734375
-0.0172576904296875 -0.190765380859375 -0.0699043273925781 -0.04229736328125
0.0589447021484375 -0.181900024414062 -0.0783233642578125 -0.276504516601563
-0.0919036865234375 0.0809326171875 0.072998046875 0.267288208007812
0.0076751708984375 0.100212097167969 0.0458984375 0.0724258422851563
0.0685501098632813 0.0697975158691406 -0.0598831176757812 -0.0325965881347656
0.0815963745117188 0.0082244873046875 -0.141021728515625 -0.02825927734375
0.0579185485839844 -0.0157051086425781 -0.177261352539063 0.015716552734375
0.0386505126953125 -0.0297203063964844 -0.18310546875 0.100189208984375
0.0350570678710937 -0.0226116180419922 -0.105972290039063 0.161392211914062
0.0427742004394531 -0.0122222900390625 -0.0512542724609375 0.143692016601563
0.0445785522460938 -0.0062408447265625 -0.0107574462890625 0.122894287109375
0.0294246673583984 0.0169391632080078 0.00517272949218749 0.103271484375
0.0227108001708984 0.0302791595458984 0.0493240356445313 0.083770751953125
0.0205230712890625 0.0474891662597656 0.0864105224609375 0.0950851440429687
-0.0140304565429688 0.07171630859375 0.101821899414063 0.128921508789063
-0.0540924072265625 0.0767364501953125 0.164794921875 0.139556884765625
-0.113296508789063 0.0606307983398437 0.148330688476563 0.124267578125
-0.123069763183594 -0.0181884765625 0.0305328369140625 0.273483276367187
-0.0248680114746094 0.0222206115722656 0.0106277465820313 0.0795440673828125
0.0105733871459961 0.00558376312255859 -0.09246826171875 -0.0293807983398437
0.022552490234375 -0.0230865478515625 -0.160858154296875 -0.0173187255859375
-0.00549888610839844 -0.0262489318847656 -0.185455322265625 0.0199127197265625
-0.0150213241577148 -0.00679206848144531 -0.186447143554687 0.10565185546875
-0.00226020812988281 0.0226593017578125 -0.1114501953125 0.1640625
0.0046234130859375 0.0366859436035156 -0.0579147338867188 0.139923095703125
0.0165786743164062 0.0524787902832031 -0.0145187377929688 0.119033813476563
-0.00907135009765624 0.0653038024902344 0.00880432128906251 0.0944976806640625
-0.0390090942382812 0.0682640075683594 0.0536880493164063 0.075042724609375
-0.0600662231445313 0.0635910034179688 0.0863037109375 0.0990219116210938
-0.0984039306640625 0.0245208740234375 0.0821609497070313 0.131423950195313
-0.118949890136719 0.0112457275390625 0.12750244140625 0.137435913085938
-0.163909912109375 -0.0304718017578125 0.10406494140625 0.111915588378906
-0.1387939453125 -0.118133544921875 -0.017730712890625 0.245986938476562
-0.0564994812011719 -0.067230224609375 -0.0274314880371094 0.0583343505859375
-0.0597457885742188 -0.0655937194824219 -0.125564575195312 -0.0428314208984375
-0.0502433776855469 -0.0503120422363281 -0.181442260742188 -0.0146484375
-0.075225830078125 -0.029266357421875 -0.185928344726562 0.0222015380859375
-0.0701065063476563 0.0204048156738281 -0.172744750976563 0.101486206054688
-0.0406227111816406 0.0669174194335938 -0.103439331054687 0.146133422851562
-0.0345458984375 0.0815277099609375 -0.05731201171875 0.114639282226563
-0.0127487182617188 0.103523254394531 -0.0157241821289062 0.0928878784179687
-0.0429611206054688 0.101753234863281 0.0171699523925781 0.0657768249511719
-0.088409423828125 0.0971755981445312 0.0625495910644531 0.0524444580078125
-0.121894836425781 0.0770721435546875 0.0910415649414062 0.093719482421875
-0.166091918945312 -0.013275146484375 0.0653076171875 0.132255554199219
-0.16644287109375 -0.047149658203125 0.0765457153320312 0.132369995117188
-0.191329956054688 -0.11376953125 0.0455703735351562 0.0749969482421875
-0.135696411132812 -0.199447631835938 -0.0643157958984375 0.1839599609375
-0.0825042724609375 -0.151565551757813 -0.0666236877441406 0.0152168273925781
-0.132316589355469 -0.129646301269531 -0.152664184570313 -0.065582275390625
-0.127151489257813 -0.0673828125 -0.192245483398437 -0.020416259765625
-0.141326904296875 -0.0211029052734375 -0.174560546875 0.0159454345703125
-0.115730285644531 0.0504379272460937 -0.143142700195313 0.084136962890625
-0.0720062255859375 0.104270935058594 -0.0836181640625 0.108757019042969
-0.0682907104492188 0.114334106445312 -0.0483474731445313 0.0720672607421875
-0.0425796508789063 0.137802124023438 -0.0106582641601563 0.0503425598144531
-0.0738143920898438 0.119659423828125 0.0306339263916016 0.0257434844970703
-0.126007080078125 0.106269836425781 0.0740203857421875 0.0249710083007813
-0.163726806640625 0.0745849609375 0.0954971313476562 0.0821456909179687
-0.206008911132813 -0.0517578125 0.0509490966796875 0.128684997558594
-0.185745239257813 -0.1015625 0.0218658447265625 0.120941162109375
-0.186843872070312 -0.1815185546875 -0.0170249938964844 0.0203151702880859
-0.11541748046875 -0.245376586914063 -0.107307434082031 0.103515625
-0.0961151123046875 -0.209396362304688 -0.107315063476562 -0.0366897583007813
-0.184951782226562 -0.1722412109375 -0.169326782226563 -0.0854949951171875
-0.184463500976563 -0.0708160400390625 -0.18572998046875 -0.0306243896484375
-0.185592651367188 -0.005706787109375 -0.147354125976563 0.000625610351562482
-0.141815185546875 0.0761260986328125 -0.102981567382813 0.0513381958007813
-0.0894699096679687 0.126686096191406 -0.0569038391113281 0.0557403564453125
-0.090545654296875 0.130744934082031 -0.0320587158203125 0.0200595855712891
-0.067840576171875 0.151092529296875 0.00304365158081054 -0.000129938125610342
-0.098388671875 0.116104125976563 0.0528640747070312 -0.0162391662597656
-0.150650024414063 0.0926666259765625 0.0894775390625 -0.00150299072265624
-0.185089111328125 0.0514373779296875 0.0985870361328125 0.0697860717773438
-0.213027954101563 -0.095367431640625 0.0374298095703125 0.119361877441406
-0.17401123046875 -0.150802612304688 -0.0289764404296875 0.0996322631835937
-0.150955200195313 -0.227813720703125 -0.0710296630859375 -0.0471038818359375
-0.0784149169921875 -0.248245239257813 -0.142974853515625 0.02008056640625
-0.0899505615234375 -0.225997924804688 -0.146682739257813 -0.08465576171875
-0.198028564453125 -0.18109130859375 -0.172698974609375 -0.097686767578125
-0.201202392578125 -0.0626220703125 -0.164215087890625 -0.0445709228515625
-0.192352294921875 0.00715637207031251 -0.111228942871094 -0.0222625732421875
-0.142471313476562 0.0861053466796875 -0.0623092651367188 0.00652694702148438
-0.0918426513671875 0.128692626953125 -0.0311927795410156 -0.00440025329589843
-0.098388671875 0.127685546875 -0.0113391876220703 -0.0333099365234375
-0.0839080810546875 0.142562866210938 0.0259475708007813 -0.0514450073242187
-0.112030029296875 0.0961761474609375 0.0844497680664063 -0.0525741577148437
-0.158248901367188 0.06365966796875 0.11187744140625 -0.0192031860351562
-0.184906005859375 0.0156402587890625 0.102394104003906 0.0573959350585937
-0.191482543945313 -0.134490966796875 0.027587890625 0.10272216796875
-0.135635375976563 -0.188568115234375 -0.0658721923828125 0.0634078979492187
-0.0909881591796875 -0.245132446289063 -0.104103088378906 -0.1217041015625
-0.025787353515625 -0.208694458007812 -0.164901733398438 -0.05078125
-0.059112548828125 -0.201217651367188 -0.173095703125 -0.118728637695313
-0.1634521484375 -0.158203125 -0.15997314453125 -0.101638793945313
-0.167953491210938 -0.0484161376953125 -0.133590698242188 -0.061187744140625
-0.157073974609375 0.00743103027343749 -0.0743408203125 -0.0477981567382813
-0.1187744140625 0.072601318359375 -0.0294723510742188 -0.0390739440917969
-0.0806655883789062 0.10687255859375 -0.0106582641601563 -0.0608711242675781
-0.0899810791015625 0.105300903320313 0.0104751586914063 -0.0811538696289063
-0.0856552124023438 0.117393493652344 0.0551223754882812 -0.0961074829101563
-0.1065673828125 0.0700149536132813 0.121910095214844 -0.0784530639648438
-0.1431884765625 0.033599853515625 0.137077331542969 -0.02691650390625
-0.161361694335938 -0.0150146484375 0.107650756835937 0.0469970703125
-0.149307250976563 -0.153289794921875 0.0244598388671875 0.0777053833007812
-0.080810546875 -0.199569702148437 -0.0789642333984375 0.0149002075195312
-0.0211639404296875 -0.226654052734375 -0.107955932617188 -0.192764282226563
0.0365753173828125 -0.138069152832031 -0.165939331054688 -0.0973358154296875
-0.00981140136718749 -0.146102905273438 -0.1798095703125 -0.134536743164063
-0.0896072387695313 -0.114822387695312 -0.135459899902344 -0.103645324707031
-0.0981292724609375 -0.036529541015625 -0.107933044433594 -0.076751708984375
-0.0926666259765625 -0.00677490234375001 -0.0496177673339844 -0.0676155090332031
-0.080322265625 0.0375289916992188 -0.0111007690429688 -0.07403564453125
-0.0608863830566406 0.065093994140625 0.00284576416015624 -0.102531433105469
-0.0686111450195313 0.0677604675292969 0.0301284790039062 -0.115676879882813
-0.0700836181640625 0.0795364379882813 0.0842208862304688 -0.129280090332031
-0.0803680419921875 0.046356201171875 0.155075073242188 -0.0930938720703125
-0.107734680175781 0.01885986328125 0.160064697265625 -0.02911376953125
-0.120948791503906 -0.0209732055664062 0.116729736328125 0.0344619750976563
-0.103424072265625 -0.135505676269531 0.036773681640625 0.0501289367675781
-0.029022216796875 -0.175430297851563 -0.0662574768066406 -0.0326576232910156
0.0415191650390625 -0.173431396484375 -0.08843994140625 -0.250991821289063
-0.079254150390625 0.0781478881835938 0.076507568359375 0.24859619140625
0.0110015869140625 0.0912704467773438 0.0449485778808594 0.0656471252441406
0.0655708312988281 0.0603103637695313 -0.0571098327636719 -0.0314178466796875
0.0745010375976563 0.0022430419921875 -0.133918762207031 -0.024627685546875
0.0517158508300781 -0.0174369812011719 -0.168548583984375 0.017913818359375
0.0330486297607422 -0.0268516540527344 -0.17138671875 0.100997924804687
0.0306529998779297 -0.0199012756347656 -0.09515380859375 0.156692504882813
0.0380210876464844 -0.0119171142578125 -0.0435867309570312 0.136985778808594
0.0401611328125 -0.00593185424804688 -0.00559234619140625 0.116661071777344
0.0266513824462891 0.0161457061767578 0.00821685791015626 0.0997848510742188
0.0202236175537109 0.0273208618164062 0.0496902465820313 0.07958984375
0.0192527770996094 0.0421218872070312 0.0849685668945313 0.0890731811523438
-0.0101089477539063 0.065338134765625 0.0996551513671875 0.122383117675781
-0.0470123291015625 0.0713882446289062 0.159042358398437 0.129364013671875
-0.101646423339844 0.06024169921875 0.143798828125 0.117080688476562
-0.112106323242188 -0.0153656005859375 0.038482666015625 0.2545166015625
-0.02154541015625 0.0182056427001953 0.0128555297851562 0.0723648071289063
0.00881767272949219 0.0011138916015625 -0.086822509765625 -0.0272445678710937
0.0173625946044922 -0.0258216857910156 -0.151718139648438 -0.014617919921875
-0.00911903381347656 -0.0250740051269531 -0.175567626953125 0.0217437744140625
-0.0174884796142578 -0.00450897216796875 -0.173690795898438 0.104888916015625
-0.00367164611816406 0.0233993530273438 -0.0993804931640625 0.158523559570312
0.00316238403320313 0.0358161926269531 -0.0490570068359375 0.13421630859375
0.0155601501464844 0.0503005981445313 -0.00849914550781249 0.113327026367187
-0.00885391235351563 0.0623321533203125 0.0121688842773437 0.0907135009765625
-0.0376968383789062 0.0646286010742188 0.0540695190429688 0.0701332092285156
-0.0553054809570312 0.0597991943359375 0.0861968994140625 0.0927276611328125
-0.092437744140625 0.0235671997070312 0.0823974609375 0.125320434570312
-0.110176086425781 0.0111160278320312 0.125099182128906 0.128669738769531
-0.152740478515625 -0.0246734619140625 0.103073120117187 0.106986999511719
-0.130561828613281 -0.108673095703125 -0.00567626953125001 0.228652954101563
-0.0537452697753906 -0.065765380859375 -0.0215721130371094 0.0527305603027344
-0.0596580505371094 -0.0634422302246094 -0.117874145507813 -0.0379791259765625
-0.0515289306640625 -0.0496482849121094 -0.170486450195313 -0.010833740234375
-0.0754165649414063 -0.025604248046875 -0.17529296875 0.0227203369140625
-0.068603515625 0.0217857360839844 -0.159866333007813 0.0992889404296875
-0.0383453369140625 0.0662460327148438 -0.0916595458984375 0.140518188476562
-0.0317535400390625 0.079681396484375 -0.0487060546875 0.109947204589844
-0.00986480712890626 0.0994186401367188 -0.0096282958984375 0.0882415771484375
-0.0398025512695312 0.0983657836914063 0.0202445983886719 0.0629005432128906
-0.0832061767578125 0.0945358276367188 0.062408447265625 0.0488700866699219
-0.1142578125 0.0748291015625 0.0914993286132812 0.0875701904296875
-0.158477783203125 -0.00970458984375003 0.0670394897460937 0.125869750976563
-0.1572265625 -0.0423126220703125 0.0791854858398437 0.124366760253906
-0.18206787109375 -0.103179931640625 0.0477828979492187 0.0728683471679687
-0.132095336914063 -0.185348510742188 -0.050567626953125 0.171463012695313
-0.0814361572265625 -0.144439697265625 -0.0589599609375 0.0124359130859375
-0.1304931640625 -0.121742248535156 -0.1434326171875 -0.0586090087890625
-0.123924255371094 -0.0622329711914063 -0.180282592773438 -0.015655517578125
-0.136466979980469 -0.016021728515625 -0.163497924804687 0.0169525146484375
-0.109817504882813 0.0514373779296875 -0.131919860839844 0.0811386108398437
-0.06597900390625 0.101242065429688 -0.0739517211914063 0.104133605957031
-0.0623931884765625 0.112197875976563 -0.0412826538085937 0.0695114135742188
-0.036834716796875 0.13165283203125 -0.00615692138671875 0.0478248596191406
-0.0676498413085938 0.115524291992187 0.0318622589111328 0.0238742828369141
-0.117996215820313 0.103958129882812 0.0728378295898437 0.0217666625976563
-0.153518676757813 0.074432373046875 0.09625244140625 0.0765533447265625
-0.197296142578125 -0.0450592041015625 0.0540542602539062 0.1231689453125
-0.178298950195313 -0.092193603515625 0.0267715454101562 0.116111755371094
-0.181838989257813 -0.16827392578125 -0.0128898620605469 0.0233001708984375
-0.116180419921875 -0.228897094726562 -0.0933303833007813 0.0952224731445312
-0.0973358154296875 -0.19744873046875 -0.0989151000976563 -0.0361480712890625
-0.181320190429687 -0.15789794921875 -0.159271240234375 -0.076751708984375
-0.176925659179688 -0.062896728515625 -0.174026489257813 -0.02569580078125
-0.177032470703125 0.000534057617187526 -0.138290405273437 0.00215911865234373
-0.133384704589844 0.0761871337890625 -0.094970703125 0.0477218627929688
-0.0815048217773438 0.122749328613281 -0.0499954223632813 0.0527496337890625
-0.082000732421875 0.1280517578125 -0.0277729034423828 0.0195579528808594
-0.05926513671875 0.145111083984375 0.00459241867065429 -0.000801086425781241
-0.0908355712890625 0.112831115722656 0.0514259338378906 -0.0174598693847656
-0.140640258789063 0.09185791015625 0.0869522094726562 -0.00356292724609374
-0.17437744140625 0.05352783203125 0.099334716796875 0.063812255859375
-0.206253051757812 -0.084320068359375 0.0406417846679687 0.11407470703125
-0.168624877929687 -0.139480590820313 -0.02130126953125 0.0969772338867187
-0.150482177734375 -0.212905883789062 -0.0653648376464844 -0.039642333984375
-0.0832061767578125 -0.231704711914063 -0.129341125488281 0.0178375244140625
-0.092559814453125 -0.212371826171875 -0.136817932128906 -0.079833984375
-0.194244384765625 -0.164016723632812 -0.162521362304688 -0.0877227783203125
-0.191574096679687 -0.0530548095703125 -0.154525756835938 -0.0396270751953125
-0.181365966796875 0.012908935546875 -0.104515075683594 -0.0198745727539062
-0.131805419921875 0.085174560546875 -0.0569229125976563 0.00489044189453126
-0.0820770263671875 0.123779296875 -0.0281505584716797 -0.00547409057617187
-0.08868408203125 0.12432861328125 -0.0102291107177734 -0.0313835144042969
-0.0740203857421875 0.137649536132813 0.0245819091796875 -0.0501594543457031
-0.10321044921875 0.0940170288085938 0.0804214477539063 -0.0536727905273437
-0.147323608398438 0.063629150390625 0.108055114746094 -0.02166748046875
-0.173995971679688 0.0202789306640625 0.10223388671875 0.0522994995117188
-0.186630249023438 -0.121536254882813 0.0304107666015625 0.098480224609375
-0.133453369140625 -0.174087524414063 -0.0569953918457031 0.0637779235839844
-0.095794677734375 -0.230117797851563 -0.09912109375 -0.108863830566406
-0.0330963134765625 -0.19537353515625 -0.153030395507813 -0.0482940673828125
-0.0638427734375 -0.18865966796875 -0.163482666015625 -0.111068725585938
-0.160018920898437 -0.142547607421875 -0.151214599609375 -0.09222412109375
-0.159820556640625 -0.03961181640625 -0.126823425292969 -0.0554275512695313
-0.14776611328125 0.0128326416015625 -0.0711593627929688 -0.0446853637695313
-0.109046936035156 0.0721359252929688 -0.027740478515625 -0.0398674011230469
-0.072479248046875 0.102157592773438 -0.0109443664550781 -0.0594444274902344
-0.08160400390625 0.102371215820313 0.00825500488281249 -0.0771026611328125
-0.07568359375 0.112113952636719 0.0501708984375 -0.0932083129882813
-0.0985488891601562 0.0685043334960938 0.114273071289063 -0.0791473388671875
-0.132987976074219 0.0356063842773438 0.131317138671875 -0.0292434692382812
-0.150970458984375 -0.00886535644531248 0.106109619140625 0.0422515869140625
-0.146469116210938 -0.138641357421875 0.027435302734375 0.0746612548828125
-0.0833282470703125 -0.184616088867188 -0.0718460083007813 0.019073486328125
-0.029327392578125 -0.213958740234375 -0.106292724609375 -0.177047729492188
0.0273513793945313 -0.130332946777344 -0.157760620117188 -0.0924072265625
-0.0157012939453125 -0.136100769042969 -0.171234130859375 -0.125564575195312
-0.0894927978515625 -0.102607727050781 -0.129249572753906 -0.0957717895507812
-0.0926971435546875 -0.0297393798828125 -0.1041259765625 -0.07098388671875
-0.0867538452148438 -0.00242614746093751 -0.0487060546875 -0.0631599426269531
-0.0725860595703125 0.037628173828125 -0.0124435424804687 -0.0719375610351563
-0.0531959533691406 0.0614585876464844 -0.000328063964843754 -0.098541259765625
-0.0613784790039063 0.0653457641601562 0.0252532958984375 -0.109748840332031
-0.0611953735351563 0.0762481689453125 0.0758209228515625 -0.124794006347656
-0.0732803344726563 0.0444564819335938 0.145355224609375 -0.0942230224609375
-0.09881591796875 0.0202407836914063 0.152740478515625 -0.031463623046875
-0.112533569335938 -0.0150909423828125 0.114158630371094 0.0306243896484375
-0.101951599121094 -0.122276306152344 0.0370750427246094 0.0483169555664063
-0.034271240234375 -0.162246704101563 -0.0621910095214844 -0.0258064270019531
0.030914306640625 -0.164810180664063 -0.089874267578125 -0.23162841796875
-0.071044921875 0.0749435424804688 0.0771484375 0.237060546875
0.0124053955078125 0.0853500366210938 0.0437850952148438 0.0617828369140625
0.0624618530273438 0.0540351867675781 -0.0550346374511719 -0.0322418212890625
0.0684852600097656 -0.00114822387695313 -0.129692077636719 -0.0242691040039063
0.0468597412109375 -0.0177879333496094 -0.164031982421875 0.0178375244140625
0.0287075042724609 -0.0246562957763672 -0.165847778320312 0.100540161132813
0.0280494689941406 -0.0168437957763672 -0.0892791748046875 0.1533203125
0.0352745056152344 -0.0108108520507813 -0.0394287109375 0.133766174316406
0.0370254516601563 -0.00553512573242187 -0.00287628173828125 0.11419677734375
0.0237827301025391 0.0158042907714844 0.0104904174804688 0.098236083984375
0.0175609588623047 0.0260353088378906 0.048919677734375 0.0776519775390625
0.0177421569824219 0.0381431579589844 0.083892822265625 0.0865402221679687
-0.00798416137695312 0.0602645874023438 0.0974044799804688 0.120033264160156
-0.0433807373046875 0.0673294067382813 0.154388427734375 0.125106811523438
-0.0941619873046875 0.0594558715820313 0.140625 0.1156005859375
-0.103996276855469 -0.0152053833007813 0.0421142578125 0.242691040039062
-0.019927978515625 0.0139636993408203 0.0143699645996094 0.067626953125
0.00708103179931641 -0.00284624099731445 -0.0832977294921875 -0.02703857421875
0.0134716033935547 -0.0280838012695312 -0.146560668945312 -0.0139007568359375
-0.0121555328369141 -0.0248794555664063 -0.170242309570313 0.020843505859375
-0.0194110870361328 -0.00288581848144531 -0.167312622070313 0.10272216796875
-0.00487518310546875 0.0250358581542969 -0.0928955078125 0.15380859375
0.00211715698242188 0.0367927551269531 -0.0447158813476562 0.130569458007813
0.0137519836425781 0.0497817993164063 -0.0051116943359375 0.110038757324219
-0.009552001953125 0.0614166259765625 0.01416015625 0.0894317626953125
-0.0379486083984375 0.0633659362792969 0.0538330078125 0.0685615539550781
-0.05450439453125 0.0566177368164063 0.0861053466796875 0.09027099609375
-0.0891799926757813 0.021484375 0.081878662109375 0.123031616210938
-0.105033874511719 0.00979614257812501 0.12353515625 0.124267578125
-0.145553588867188 -0.023193359375 0.102409362792969 0.105621337890625
-0.124641418457031 -0.105453491210938 0.000946044921874996 0.216644287109375
-0.0523948669433594 -0.0669174194335938 -0.0182304382324219 0.0481109619140625
-0.05950927734375 -0.0643157958984375 -0.1123046875 -0.03704833984375
-0.0533218383789063 -0.0499954223632812 -0.164108276367188 -0.010498046875
-0.0754776000976563 -0.0247650146484375 -0.169540405273437 0.0214385986328125
-0.0683403015136719 0.0232009887695313 -0.1533203125 0.0970306396484375
-0.0374984741210938 0.0659103393554688 -0.0852890014648437 0.1365966796875
-0.0306472778320312 0.0798263549804688 -0.0438156127929688 0.107383728027344
-0.00993347167968749 0.0970687866210937 -0.00597381591796874 0.0860366821289062
-0.039154052734375 0.0960617065429688 0.0218925476074219 0.0617179870605469
-0.0808944702148438 0.0928573608398438 0.0619659423828125 0.0475234985351563
-0.110099792480469 0.0727462768554688 0.0927810668945313 0.085113525390625
-0.154541015625 -0.00924682617187499 0.068511962890625 0.123931884765625
-0.151931762695313 -0.04107666015625 0.0796279907226562 0.121452331542969
-0.176605224609375 -0.09906005859375 0.0493087768554687 0.07391357421875
-0.128250122070312 -0.179183959960938 -0.043182373046875 0.16180419921875
-0.0810546875 -0.142349243164063 -0.0538253784179688 0.00933456420898436
-0.128265380859375 -0.118118286132812 -0.136207580566406 -0.055328369140625
-0.122169494628906 -0.060638427734375 -0.172637939453125 -0.015106201171875
-0.134681701660156 -0.0139617919921875 -0.157684326171875 0.0158538818359375
-0.107940673828125 0.0515823364257812 -0.126205444335938 0.078125
-0.0634002685546875 0.100090026855469 -0.0682754516601563 0.100379943847656
-0.058746337890625 0.111640930175781 -0.0374679565429687 0.0677299499511719
-0.0343475341796875 0.129325866699219 -0.00327301025390625 0.0462379455566406
-0.0656661987304688 0.113204956054688 0.0330677032470703 0.0228614807128906
-0.114486694335937 0.102447509765625 0.0720748901367187 0.0206222534179688
-0.148880004882813 0.0733489990234375 0.09716796875 0.0742263793945312
-0.193634033203125 -0.0416259765625 0.0557861328125 0.121368408203125
-0.173492431640625 -0.0893096923828125 0.0305099487304687 0.113609313964844
-0.178146362304687 -0.16143798828125 -0.00956726074218751 0.0249691009521484
-0.1148681640625 -0.220932006835937 -0.0842132568359375 0.0883331298828125
-0.097412109375 -0.1922607421875 -0.0925521850585938 -0.037506103515625
-0.178482055664062 -0.151519775390625 -0.151718139648437 -0.0729217529296875
-0.173370361328125 -0.0593414306640625 -0.167083740234375 -0.024688720703125
-0.172088623046875 0.00271606445312498 -0.133201599121094 0.00177001953125
-0.128890991210938 0.075286865234375 -0.0898513793945313 0.0446701049804687
-0.077117919921875 0.120140075683594 -0.0463943481445313 0.04998779296875
-0.0774002075195313 0.126312255859375 -0.0246620178222656 0.0190162658691406
-0.055511474609375 0.141693115234375 0.00643396377563476 -0.000952720642089835
-0.0875930786132813 0.110366821289063 0.0513076782226562 -0.0183601379394531
-0.135368347167969 0.0908279418945313 0.086517333984375 -0.005218505859375
-0.16802978515625 0.05419921875 0.0997848510742187 0.0614471435546875
-0.202529907226563 -0.07965087890625 0.0434494018554687 0.112030029296875
-0.166030883789063 -0.133819580078125 -0.016326904296875 0.0953521728515625
-0.149978637695312 -0.205001831054688 -0.0611114501953125 -0.0347404479980469
-0.084197998046875 -0.222686767578125 -0.121047973632812 0.0133895874023437
-0.093719482421875 -0.205764770507813 -0.130355834960938 -0.07977294921875
-0.190963745117188 -0.155502319335937 -0.15478515625 -0.083587646484375
-0.185943603515625 -0.04815673828125 -0.147506713867188 -0.037811279296875
-0.1756591796875 0.016357421875 -0.100456237792969 -0.0197677612304687
-0.126388549804688 0.0843963623046875 -0.0541152954101563 0.00167465209960938
-0.0776748657226562 0.121131896972656 -0.0260009765625 -0.00673675537109375
-0.083282470703125 0.123039245605469 -0.00901794433593751 -0.0310230255126953
-0.0689697265625 0.133865356445313 0.0237808227539063 -0.0498542785644531
-0.099212646484375 0.09173583984375 0.078216552734375 -0.0543670654296875
-0.142349243164062 0.06365966796875 0.106369018554687 -0.0223846435546875
-0.167434692382813 0.02178955078125 0.102256774902344 0.0503463745117188
-0.183502197265625 -0.114166259765625 0.0331802368164062 0.0972137451171875
-0.133056640625 -0.1671142578125 -0.0519332885742188 0.0640296936035156
-0.09814453125 -0.2215576171875 -0.0953369140625 -0.101593017578125
-0.03668212890625 -0.187469482421875 -0.145767211914063 -0.04913330078125
-0.06573486328125 -0.18115234375 -0.156661987304687 -0.108749389648438
-0.157852172851563 -0.133392333984375 -0.144454956054687 -0.08905029296875
-0.153976440429688 -0.0355072021484375 -0.121086120605469 -0.0537643432617187
-0.141921997070313 0.015777587890625 -0.0688514709472656 -0.0436210632324219
-0.10394287109375 0.0711898803710938 -0.0265045166015625 -0.0410194396972656
-0.0670013427734375 0.0986785888671875 -0.0106239318847656 -0.0588111877441406
-0.0754318237304688 0.100593566894531 0.00782012939453124 -0.07470703125
-0.0703506469726563 0.109024047851563 0.04779052734375 -0.0914230346679688
-0.0939559936523437 0.06689453125 0.110595703125 -0.0793304443359375
-0.127326965332031 0.0356369018554688 0.12945556640625 -0.0297317504882812
-0.14495849609375 -0.00610351562499998 0.105682373046875 0.0407333374023438
-0.14447021484375 -0.130752563476563 0.0285797119140625 0.0740127563476562
-0.084014892578125 -0.176834106445313 -0.0669288635253906 0.0211181640625
-0.0339508056640625 -0.206146240234375 -0.103286743164063 -0.166244506835938
0.0221633911132813 -0.124000549316406 -0.15191650390625 -0.091827392578125
-0.01947021484375 -0.12945556640625 -0.165252685546875 -0.1221923828125
-0.088165283203125 -0.0950698852539062 -0.12518310546875 -0.0925750732421875
-0.088470458984375 -0.0261154174804688 -0.100746154785156 -0.0690841674804688
-0.0828094482421875 0.000572204589843747 -0.0478706359863281 -0.0620803833007813
-0.0687179565429687 0.0374641418457031 -0.0124130249023438 -0.0720596313476563
-0.0495986938476563 0.0595169067382813 -0.00225830078125 -0.0968856811523437
-0.0563545227050781 0.0640106201171875 0.0229034423828125 -0.106521606445313
-0.0565872192382813 0.07366943359375 0.0716094970703125 -0.122573852539063
-0.0688858032226563 0.0428237915039062 0.140037536621094 -0.0940933227539063
-0.0929336547851563 0.0203018188476562 0.1490478515625 -0.0320587158203125
-0.106269836425781 -0.0124588012695312 0.112876892089844 0.02978515625
-0.10015869140625 -0.114273071289063 0.0375251770019531 0.0489387512207031
-0.0369873046875 -0.154403686523438 -0.05926513671875 -0.0217094421386719
0.024566650390625 -0.158157348632813 -0.088836669921875 -0.219528198242188
-0.0649795532226562 0.073150634765625 0.08160400390625 0.231887817382812
0.0145263671875 0.0817947387695313 0.0449562072753906 0.0597038269042969
0.0607566833496094 0.0500946044921875 -0.0555763244628906 -0.0331039428710938
0.0648345947265625 -0.0052490234375 -0.12982177734375 -0.02398681640625
0.0436515808105469 -0.0188064575195312 -0.164047241210938 0.0188140869140625
0.0268058776855469 -0.0227241516113281 -0.16412353515625 0.103317260742187
0.0260410308837891 -0.0160293579101563 -0.0847930908203125 0.154144287109375
0.0334224700927734 -0.0105934143066406 -0.0356216430664062 0.133819580078125
0.0351047515869141 -0.00502395629882813 9.91821289062631E-05 0.113967895507813
0.0225563049316406 0.0161647796630859 0.0127182006835938 0.100128173828125
0.0162410736083984 0.0254230499267578 0.0502548217773438 0.0775604248046875
0.0168380737304687 0.0356216430664063 0.0856246948242188 0.0862197875976563
-0.00677490234375 0.0573081970214844 0.0998687744140625 0.119842529296875
-0.0406417846679687 0.0658760070800781 0.155609130859375 0.123580932617187
-0.0885467529296875 0.0602264404296875 0.14215087890625 0.11590576171875
-0.100128173828125 -0.0156478881835938 0.0481414794921875 0.236892700195312
-0.0188808441162109 0.011016845703125 0.0166130065917969 0.0647239685058594
0.0047607421875 -0.00590372085571289 -0.0823287963867188 -0.0270767211914063
0.00930976867675781 -0.0306415557861328 -0.145675659179688 -0.0136871337890625
-0.0150966644287109 -0.0246181488037109 -0.169937133789063 0.0214385986328125
-0.0213737487792969 -0.000699996948242186 -0.1654052734375 0.104812622070313
-0.0058135986328125 0.0265541076660156 -0.0879058837890625 0.154434204101563
0.00201416015625 0.0377273559570313 -0.0405654907226563 0.129989624023438
0.0134086608886719 0.0493431091308594 -0.000961303710937487 0.109855651855469
-0.00999832153320312 0.0618438720703125 0.0166397094726563 0.090057373046875
-0.0381431579589844 0.0640869140625 0.0555953979492187 0.0681686401367188
-0.0546112060546875 0.0555572509765625 0.0891571044921875 0.0890884399414063
-0.0884475708007813 0.0204925537109375 0.0846939086914063 0.12310791015625
-0.103057861328125 0.0093994140625 0.12591552734375 0.123336791992187
-0.142257690429688 -0.0211334228515625 0.105445861816406 0.106353759765625
-0.122108459472656 -0.104545593261719 0.00723266601562497 0.211212158203125
-0.0525436401367187 -0.0693740844726563 -0.015380859375 0.0456733703613281
-0.0624580383300781 -0.0653839111328125 -0.110244750976563 -0.0359573364257813
-0.0568656921386719 -0.05096435546875 -0.161895751953125 -0.00984191894531251
-0.0779876708984375 -0.02349853515625 -0.169174194335938 0.02264404296875
-0.0697517395019531 0.0255470275878906 -0.1513671875 0.097564697265625
-0.0372543334960937 0.0675735473632813 -0.0804595947265625 0.135292053222656
-0.0303421020507812 0.081787109375 -0.0395660400390625 0.107032775878906
-0.0084228515625 0.0976104736328125 -0.0023040771484375 0.0852584838867188
-0.0389175415039063 0.0973129272460938 0.0246810913085938 0.0616874694824219
-0.08056640625 0.0937347412109375 0.0639457702636719 0.0466499328613281
-0.109458923339844 0.0736236572265625 0.0957183837890625 0.0838623046875
-0.154556274414063 -0.00787353515625002 0.071929931640625 0.124641418457031
-0.1512451171875 -0.040283203125 0.0834197998046875 0.120452880859375
-0.17608642578125 -0.09564208984375 0.0522613525390625 0.0750198364257813
-0.12860107421875 -0.177490234375 -0.03619384765625 0.156631469726562
-0.082763671875 -0.143585205078125 -0.050323486328125 0.00678253173828125
-0.131584167480469 -0.117057800292969 -0.134162902832031 -0.0540390014648437
-0.124168395996094 -0.060028076171875 -0.170700073242188 -0.0133056640625
-0.135665893554688 -0.0112075805664062 -0.156784057617188 0.0165252685546875
-0.107864379882813 0.05340576171875 -0.123825073242188 0.0774993896484375
-0.0621871948242187 0.101058959960938 -0.0637969970703125 0.0990219116210938
-0.0564117431640625 0.113540649414063 -0.03424072265625 0.0672073364257813
-0.0319442749023437 0.129447937011719 -0.000499725341796881 0.0458412170410156
-0.0642242431640625 0.114295959472656 0.0347175598144531 0.022308349609375
-0.113090515136719 0.104598999023437 0.0739288330078125 0.0198135375976563
-0.147506713867188 0.075531005859375 0.101226806640625 0.0728759765625
-0.194793701171875 -0.038818359375 0.05963134765625 0.121978759765625
-0.173995971679688 -0.08709716796875 0.0348358154296875 0.113426208496094
-0.180496215820313 -0.158462524414063 -0.00648117065429689 0.0278606414794922
-0.117782592773437 -0.2178955078125 -0.0780487060546875 0.0842132568359375
-0.100799560546875 -0.191452026367188 -0.0897598266601562 -0.0394515991210938
-0.182235717773437 -0.146926879882813 -0.148544311523437 -0.070343017578125
-0.17364501953125 -0.057159423828125 -0.164306640625 -0.0229034423828125
-0.1719970703125 0.00712585449218746 -0.132438659667969 0.00170898437499999
-0.127655029296875 0.0774154663085937 -0.0882415771484375 0.043182373046875
-0.075103759765625 0.121139526367188 -0.0436782836914063 0.0480117797851563
-0.0738296508789063 0.128326416015625 -0.0225601196289063 0.0185832977294922
-0.051422119140625 0.142166137695313 0.00755500793457031 -0.00161695480346679
-0.0859146118164063 0.11181640625 0.0521430969238281 -0.0196647644042969
-0.133811950683594 0.0928268432617187 0.0874710083007813 -0.00681304931640624
-0.166168212890625 0.0565185546875 0.104278564453125 0.059967041015625
-0.20513916015625 -0.0751495361328125 0.0469741821289062 0.112930297851562
-0.167556762695312 -0.130645751953125 -0.0121841430664063 0.0965728759765625
-0.153976440429688 -0.201202392578125 -0.0593681335449219 -0.0306320190429687
-0.0886383056640625 -0.220001220703125 -0.116355895996094 0.0104751586914062
-0.0985107421875 -0.203384399414063 -0.127105712890625 -0.0803909301757813
-0.193771362304687 -0.150222778320313 -0.152023315429688 -0.0817718505859375
-0.185165405273438 -0.0448150634765625 -0.145736694335938 -0.036773681640625
-0.173995971679688 0.02032470703125 -0.100196838378906 -0.0200271606445313
-0.124122619628906 0.086181640625 -0.0534744262695313 -0.000316619873046878
-0.075408935546875 0.120903015136719 -0.0249862670898438 -0.00851058959960937
-0.079376220703125 0.124588012695313 -0.00851631164550782 -0.0311794281005859
-0.0651931762695313 0.13385009765625 0.0240020751953125 -0.049957275390625
-0.0979385375976563 0.09295654296875 0.0775070190429688 -0.0561981201171875
-0.14007568359375 0.0658111572265625 0.106918334960937 -0.0244522094726562
-0.1656494140625 0.02490234375 0.10638427734375 0.0486831665039063
-0.186172485351563 -0.109512329101563 0.03643798828125 0.0975723266601563
-0.135528564453125 -0.1639404296875 -0.04766845703125 0.0659942626953125
-0.103805541992188 -0.218338012695313 -0.0947189331054687 -0.096405029296875
-0.0407562255859375 -0.184890747070312 -0.143035888671875 -0.0519561767578125
-0.0708160400390625 -0.1783447265625 -0.155731201171875 -0.108932495117187
-0.160247802734375 -0.127212524414063 -0.141586303710938 -0.08740234375
-0.151962280273438 -0.0316314697265625 -0.120445251464844 -0.0524139404296875
-0.140472412109375 0.0199356079101563 -0.0688362121582031 -0.0435562133789063
-0.101104736328125 0.0725784301757813 -0.0272941589355469 -0.0437774658203125
-0.0639114379882813 0.0985946655273438 -0.0118675231933594 -0.06048583984375
-0.07183837890625 0.101181030273437 0.0068206787109375 -0.0745925903320313
-0.0663528442382813 0.109123229980469 0.046966552734375 -0.0915679931640625
-0.0922012329101562 0.0668716430664063 0.108871459960938 -0.0818405151367188
-0.12554931640625 0.03680419921875 0.130050659179688 -0.0318145751953125
-0.143280029296875 -0.00363159179687497 0.109024047851562 0.0390167236328125
-0.146499633789063 -0.125442504882813 0.031280517578125 0.0751113891601562
-0.0874786376953125 -0.173675537109375 -0.0644454956054688 0.0234184265136719
-0.04052734375 -0.203826904296875 -0.104232788085938 -0.161148071289063
0.0176849365234375 -0.1221923828125 -0.151443481445313 -0.092681884765625
-0.0232467651367187 -0.126869201660156 -0.165115356445313 -0.12152099609375
-0.09002685546875 -0.0907669067382812 -0.124076843261719 -0.0915679931640625
-0.08636474609375 -0.0237960815429688 -0.100746154785156 -0.0680160522460937
-0.0811996459960938 0.00341796875000001 -0.0488548278808594 -0.0620803833007812
-0.0661888122558594 0.0383682250976562 -0.013641357421875 -0.0742416381835938
-0.0463600158691406 0.0584220886230469 -0.00459289550781251 -0.0976791381835938
-0.0530624389648437 0.0639915466308594 0.020904541015625 -0.106124877929688
-0.0528488159179687 0.073211669921875 0.068878173828125 -0.12255859375
-0.0671272277832031 0.0427589416503906 0.137580871582031 -0.0973739624023438
-0.0905609130859375 0.0208892822265625 0.149887084960937 -0.0340423583984375
-0.103950500488281 -0.0101852416992188 0.114952087402344 0.02874755859375
-0.101402282714844 -0.1090087890625 0.03887939453125 0.0504035949707031
-0.040496826171875 -0.150604248046875 -0.0577774047851562 -0.0183067321777344
0.0194244384765625 -0.155990600585938 -0.091217041015625 -0.213592529296875
-0.0587997436523438 0.0731582641601562 0.091217041015625 0.227066040039062
0.017974853515625 0.078826904296875 0.0477828979492188 0.0567398071289063
0.0610618591308594 0.0455245971679688 -0.056915283203125 -0.0330467224121094
0.0609283447265625 -0.00916290283203125 -0.13134765625 -0.0210189819335937
0.0400314331054688 -0.0211715698242188 -0.165908813476563 0.0242156982421875
0.0245151519775391 -0.0221710205078125 -0.162078857421875 0.110519409179687
0.0248889923095703 -0.0157146453857422 -0.0790863037109375 0.157760620117188
0.0319786071777344 -0.0110645294189453 -0.0298004150390625 0.135932922363281
0.0337867736816406 -0.00563812255859375 0.00551605224609374 0.11505126953125
0.0214290618896484 0.0164279937744141 0.0171890258789062 0.101936340332031
0.0151519775390625 0.0252037048339844 0.0543136596679688 0.0772857666015625
0.0170154571533203 0.0336246490478516 0.0898361206054688 0.0837554931640625
-0.00424575805664063 0.0550346374511719 0.105094909667969 0.118385314941406
-0.0369033813476563 0.065277099609375 0.160293579101563 0.119338989257812
-0.0832061767578125 0.063079833984375 0.14776611328125 0.114501953125
-0.0972366333007812 -0.0151519775390625 0.0583038330078125 0.232589721679688
-0.0184307098388672 0.00858306884765625 0.0198860168457031 0.0622520446777344
0.00229597091674805 -0.00827980041503906 -0.0826950073242188 -0.0265960693359375
0.00451850891113281 -0.0326366424560547 -0.145843505859375 -0.0102081298828125
-0.0188236236572266 -0.0242881774902344 -0.171218872070313 0.0266571044921875
-0.0234413146972656 0.00181198120117188 -0.162261962890625 0.111480712890625
-0.00594711303710938 0.0282669067382813 -0.080322265625 0.157760620117187
0.0023345947265625 0.0390777587890625 -0.0331878662109375 0.131996154785156
0.0142250061035156 0.0504226684570313 0.00502777099609374 0.110847473144531
-0.00941848754882812 0.0631561279296875 0.022247314453125 0.0915985107421875
-0.037078857421875 0.0657730102539063 0.0594139099121094 0.0676765441894531
-0.0538978576660156 0.0568199157714844 0.0946807861328125 0.0871810913085938
-0.0887451171875 0.0223922729492188 0.0910186767578125 0.123275756835938
-0.102455139160156 0.010955810546875 0.131675720214844 0.120124816894531
-0.14117431640625 -0.0163726806640625 0.111869812011719 0.105209350585938
-0.124053955078125 -0.103279113769531 0.0178680419921875 0.207687377929688
-0.0554046630859375 -0.0711746215820313 -0.0118331909179688 0.0435829162597656
-0.0672340393066406 -0.0652008056640625 -0.110076904296875 -0.0338058471679688
-0.0616035461425781 -0.0505332946777344 -0.162307739257813 -0.00576782226562499
-0.0822219848632813 -0.0199966430664062 -0.16937255859375 0.026763916015625
-0.0706863403320313 0.0291061401367187 -0.148239135742188 0.102401733398438
-0.0360336303710937 0.0702629089355469 -0.0739059448242188 0.138092041015625
-0.0272750854492187 0.0845260620117188 -0.033355712890625 0.107864379882813
-0.0057830810546875 0.099212646484375 0.00275421142578125 0.0854873657226563
-0.0365982055664063 0.0999069213867188 0.0287704467773438 0.0621719360351563
-0.0788345336914063 0.0979385375976563 0.0676918029785156 0.0451316833496094
-0.108787536621094 0.0772476196289063 0.1021728515625 0.0808258056640625
-0.1566162109375 -0.0030975341796875 0.0792617797851562 0.124809265136719
-0.152938842773438 -0.0370635986328125 0.090179443359375 0.118644714355469
-0.17926025390625 -0.0900726318359375 0.0581283569335937 0.0756988525390625
-0.1341552734375 -0.174850463867188 -0.0266265869140625 0.153671264648438
-0.0892486572265625 -0.143157958984375 -0.047760009765625 0.00516891479492187
-0.138938903808594 -0.113479614257813 -0.133277893066406 -0.0507965087890625
-0.129058837890625 -0.0570526123046875 -0.1690673828125 -0.0091552734375
-0.138130187988281 -0.00541687011718752 -0.157211303710938 0.0211639404296875
-0.108322143554688 0.0582199096679688 -0.121055603027344 0.0807342529296875
-0.0598373413085938 0.104240417480469 -0.0589981079101563 0.100257873535156
-0.0519943237304688 0.1177978515625 -0.0294380187988281 0.0684051513671875
-0.0268173217773437 0.131828308105469 0.00298690795898438 0.0457000732421875
-0.0614700317382812 0.117897033691406 0.0372238159179687 0.0208892822265625
-0.110244750976563 0.1097412109375 0.0767440795898438 0.0170059204101563
-0.145233154296875 0.0810546875 0.107696533203125 0.069244384765625
-0.198501586914063 -0.031494140625 0.066864013671875 0.122474670410156
-0.177734375 -0.0822296142578125 0.0418777465820312 0.1136474609375
-0.18743896484375 -0.152694702148438 -0.00273323059082032 0.0312366485595703
-0.125991821289063 -0.215866088867187 -0.072052001953125 0.0823822021484375
-0.110763549804688 -0.190231323242188 -0.0884628295898438 -0.0393218994140625
-0.189437866210938 -0.14154052734375 -0.14825439453125 -0.06695556640625
-0.177581787109375 -0.051422119140625 -0.163681030273438 -0.018218994140625
-0.173812866210938 0.0144500732421875 -0.132347106933594 0.00568389892578124
-0.126190185546875 0.0832290649414063 -0.086822509765625 0.0443954467773438
-0.0715484619140625 0.124374389648438 -0.04083251953125 0.0471687316894531
-0.0683822631835937 0.133316040039062 -0.0201072692871094 0.0190353393554688
-0.046051025390625 0.145050048828125 0.00953960418701172 -0.00244522094726562
-0.0829849243164063 0.115745544433594 0.0524940490722656 -0.0218505859375
-0.131523132324219 0.0987319946289062 0.08953857421875 -0.00972747802734374
-0.165176391601563 0.06292724609375 0.110397338867188 0.0557174682617188
-0.210403442382812 -0.0669097900390625 0.05426025390625 0.113655090332031
-0.173385620117188 -0.125381469726562 -0.00559234619140627 0.0985565185546875
-0.164459228515625 -0.196151733398438 -0.0582160949707031 -0.0261650085449219
-0.0986785888671875 -0.2169189453125 -0.113967895507813 0.0101089477539062
-0.109100341796875 -0.200759887695312 -0.128974914550781 -0.0793304443359375
-0.201980590820313 -0.142318725585938 -0.152664184570313 -0.0776214599609375
-0.187576293945313 -0.0377655029296875 -0.145584106445313 -0.03228759765625
-0.17364501953125 0.027862548828125 -0.100326538085938 -0.0169448852539063
-0.1220703125 0.0915145874023437 -0.0533332824707031 -0.000892639160156234
-0.0704498291015625 0.123771667480469 -0.0247783660888672 -0.00992774963378906
-0.0735549926757813 0.128631591796875 -0.00873374938964844 -0.0314044952392578
-0.0584487915039062 0.136978149414063 0.0230522155761719 -0.0511550903320312
-0.0952606201171875 0.0970535278320313 0.0762481689453125 -0.0603561401367187
-0.138267517089844 0.071563720703125 0.108558654785156 -0.0290603637695313
-0.164993286132813 0.03082275390625 0.111846923828125 0.044830322265625
-0.192596435546875 -0.101287841796875 0.042755126953125 0.0985031127929688
-0.143295288085937 -0.158767700195313 -0.0434226989746094 0.069091796875
-0.114334106445312 -0.2144775390625 -0.0966720581054687 -0.0909271240234375
-0.0504302978515625 -0.18231201171875 -0.14337158203125 -0.0516510009765625
-0.0806732177734375 -0.175735473632812 -0.158126831054687 -0.106277465820313
-0.16656494140625 -0.119796752929688 -0.143264770507813 -0.084320068359375
-0.1529541015625 -0.0250396728515625 -0.121734619140625 -0.049285888671875
-0.138877868652344 0.0268783569335937 -0.0701789855957032 -0.0422019958496094
-0.0982284545898437 0.0764083862304688 -0.0288734436035156 -0.0450210571289062
-0.06011962890625 0.100616455078125 -0.0142822265625 -0.0617561340332031
-0.0666427612304688 0.104690551757812 0.00457763671874999 -0.0755386352539063
-0.0606155395507813 0.111312866210938 0.0434036254882813 -0.0941314697265625
-0.0901947021484375 0.0703125 0.106178283691406 -0.0877532958984375
-0.123428344726563 0.0409698486328125 0.130661010742188 -0.03778076171875
-0.142333984375 0.00177001953125002 0.11358642578125 0.035430908203125
-0.152435302734375 -0.11737060546875 0.0360260009765625 0.0761184692382812
-0.0958251953125 -0.168914794921875 -0.0617904663085938 0.0280609130859375
-0.050933837890625 -0.20166015625 -0.109130859375 -0.154891967773438
0.0116195678710937 -0.121536254882813 -0.154129028320313 -0.09100341796875
-0.0302200317382812 -0.124435424804688 -0.1693115234375 -0.118453979492188
-0.09454345703125 -0.0849685668945313 -0.126754760742188 -0.089141845703125
-0.0862884521484375 -0.01922607421875 -0.103515625 -0.0655899047851563
-0.0801620483398438 0.00743865966796875 -0.05126953125 -0.0609054565429688
-0.0631523132324219 0.0411415100097656 -0.017120361328125 -0.0761032104492188
-0.0434722900390625 0.0585746765136719 -0.00892639160156249 -0.0986480712890625
-0.0483589172363281 0.0656356811523438 0.01629638671875 -0.106887817382812
-0.0483856201171875 0.074188232421875 0.0640335083007812 -0.125686645507813
-0.0648880004882813 0.0438957214355469 0.134490966796875 -0.103874206542969
-0.0886688232421875 0.0235595703125 0.150588989257813 -0.040374755859375
-0.10235595703125 -0.00610351562500001 0.118385314941406 0.0254135131835937
-0.105438232421875 -0.102760314941406 0.0418357849121094 0.0508079528808594
-0.0474700927734375 -0.146408081054687 -0.0574836730957031 -0.0142478942871094
0.010467529296875 -0.155471801757813 -0.0988922119140625 -0.207473754882813
-0.0507659912109375 0.072723388671875 0.103866577148438 0.21697998046875
0.0228652954101563 0.0751571655273438 0.0509567260742188 0.0517959594726563
0.0619430541992187 0.0396995544433594 -0.0587692260742187 -0.0317344665527344
0.0563125610351563 -0.0127296447753906 -0.132064819335938 -0.01568603515625
0.03656005859375 -0.022369384765625 -0.165084838867188 0.0327911376953125
0.0221786499023438 -0.0214958190917969 -0.155364990234375 0.119110107421875
0.0230388641357422 -0.0158252716064453 -0.068267822265625 0.160690307617187
0.0296134948730469 -0.0121898651123047 -0.0201187133789062 0.135993957519531
0.0317592620849609 -0.0070037841796875 0.0136795043945313 0.114295959472656
0.0213603973388672 0.0159778594970703 0.02459716796875 0.101966857910156
0.0146694183349609 0.0246372222900391 0.0586624145507812 0.074249267578125
0.0168895721435547 0.0314674377441406 0.0945587158203125 0.0783309936523438
-0.00169754028320312 0.0520668029785156 0.111427307128906 0.113090515136719
-0.032958984375 0.0645294189453125 0.165924072265625 0.110916137695313
-0.07586669921875 0.0659713745117188 0.154434204101562 0.10736083984375
-0.0946884155273438 -0.012451171875 0.07305908203125 0.223297119140625
-0.0177154541015625 0.00654411315917969 0.0247077941894531 0.05804443359375
0.000364303588867187 -0.0108203887939453 -0.0830459594726563 -0.023529052734375
-0.00099372863769531 -0.0337467193603516 -0.145172119140625 -0.00378417968750003
-0.0229244232177734 -0.0225257873535156 -0.169952392578125 0.0346221923828125
-0.0246715545654297 0.00439834594726562 -0.155838012695313 0.119613647460938
-0.00545883178710937 0.0300102233886719 -0.070220947265625 0.160202026367188
0.00345611572265625 0.0395164489746094 -0.024261474609375 0.132072448730469
0.0159912109375 0.0504264831542969 0.0130691528320313 0.109245300292969
-0.00656890869140625 0.0642738342285156 0.0289840698242188 0.0906982421875
-0.034881591796875 0.06793212890625 0.0638275146484375 0.0645027160644531
-0.051483154296875 0.0584793090820312 0.100288391113281 0.0814590454101562
-0.0872879028320313 0.0256881713867188 0.0988616943359375 0.118797302246094
-0.100509643554688 0.0144577026367187 0.138542175292969 0.112525939941406
-0.139137268066406 -0.00946807861328126 0.118766784667969 0.100387573242188
-0.126876831054688 -0.0980072021484375 0.032257080078125 0.1998291015625
-0.0595626831054687 -0.0706405639648437 -0.00765609741210938 0.0408210754394531
-0.0722198486328125 -0.0620040893554687 -0.10986328125 -0.0296630859375
-0.0669631958007813 -0.0475616455078125 -0.1597900390625 0.00125122070312499
-0.0848312377929688 -0.014892578125 -0.167739868164063 0.0350341796875
-0.0704727172851563 0.0339508056640625 -0.141632080078125 0.10992431640625
-0.0334548950195313 0.0731658935546875 -0.0643692016601562 0.139411926269531
-0.022247314453125 0.0869674682617188 -0.0253372192382812 0.108024597167969
-0.00045013427734375 0.100021362304688 0.0106964111328125 0.0855178833007813
-0.0316390991210937 0.102165222167969 0.0338554382324219 0.06060791015625
-0.07330322265625 0.102584838867188 0.0705413818359375 0.0417404174804688
-0.104278564453125 0.0825729370117187 0.108505249023438 0.0749359130859375
-0.157211303710937 0.00549316406249999 0.088043212890625 0.121719360351562
-0.153564453125 -0.0299224853515625 0.0980148315429687 0.113929748535156
-0.182754516601563 -0.0803070068359375 0.06402587890625 0.0739974975585938
-0.142608642578125 -0.168624877929688 -0.01458740234375 0.148391723632813
-0.0979156494140625 -0.139572143554688 -0.0447158813476563 0.00504302978515625
-0.1458740234375 -0.105545043945313 -0.132575988769531 -0.0447463989257813
-0.133247375488281 -0.0498428344726562 -0.166961669921875 -0.00151062011718751
-0.139389038085938 0.00288391113281252 -0.1549072265625 0.0285491943359375
-0.105621337890625 0.0651016235351563 -0.116096496582031 0.0855789184570313
-0.0540008544921875 0.108444213867188 -0.0517807006835938 0.10015869140625
-0.0449066162109375 0.120803833007812 -0.0240135192871094 0.0685577392578125
-0.0189895629882812 0.133232116699219 0.008056640625 0.0453376770019531
-0.0550155639648438 0.121200561523437 0.0397834777832031 0.0189971923828125
-0.104034423828125 0.116218566894531 0.0782699584960938 0.013275146484375
-0.140426635742188 0.0887222290039062 0.113983154296875 0.0618972778320313
-0.200469970703125 -0.0193939208984375 0.0761947631835937 0.119621276855469
-0.1812744140625 -0.0732879638671875 0.050201416015625 0.110954284667969
-0.194839477539063 -0.140945434570312 0.0013751983642578 0.0334072113037109
-0.137527465820312 -0.207870483398438 -0.0638427734375 0.0801162719726563
-0.121566772460937 -0.18359375 -0.0882492065429688 -0.0372695922851563
-0.198089599609375 -0.128387451171875 -0.14813232421875 -0.0595855712890625
-0.180252075195312 -0.040985107421875 -0.161376953125 -0.0106964111328125
-0.172134399414063 0.025146484375 -0.130714416503906 0.0118865966796875
-0.121818542480469 0.0901565551757812 -0.0837783813476563 0.0468597412109375
-0.06396484375 0.127983093261719 -0.0369606018066406 0.0470161437988281
-0.0592498779296875 0.137161254882813 -0.0177288055419922 0.0189552307128906
-0.0366058349609375 0.14715576171875 0.0110692977905273 -0.00273513793945312
-0.0767135620117188 0.120429992675781 0.0518417358398437 -0.0252685546875
-0.125648498535156 0.10614013671875 0.0901336669921875 -0.0149688720703125
-0.160858154296875 0.0721282958984375 0.115242004394531 0.0487518310546875
-0.21417236328125 -0.0530242919921875 0.0627593994140625 0.112068176269531
-0.180343627929688 -0.1158447265625 0.00218963623046875 0.0983963012695313
-0.175796508789062 -0.185150146484375 -0.0570564270019531 -0.0201606750488281
-0.111129760742187 -0.210601806640625 -0.109367370605469 0.0109710693359375
-0.121826171875 -0.19256591796875 -0.130935668945313 -0.074371337890625
-0.209518432617187 -0.127471923828125 -0.152572631835937 -0.0700531005859375
-0.1875 -0.0264892578125 -0.144271850585938 -0.0251922607421875
-0.170684814453125 0.0389251708984375 -0.100189208984375 -0.0126800537109375
-0.115577697753906 0.0978164672851563 -0.0531005859375 -0.000286102294921879
-0.0632858276367188 0.126617431640625 -0.0254173278808594 -0.0106315612792969
-0.0642166137695312 0.132087707519531 -0.00909423828125001 -0.0308132171630859
-0.0496063232421875 0.139411926269531 0.021636962890625 -0.0522613525390625
-0.08892822265625 0.101943969726563 0.0729293823242188 -0.0651473999023438
-0.133064270019531 0.0786056518554687 0.107688903808594 -0.0352249145507812
-0.161697387695313 0.039794921875 0.116554260253906 0.0379257202148438
-0.198028564453125 -0.0876312255859375 0.0500411987304687 0.0971908569335938
-0.151702880859375 -0.149276733398438 -0.0367507934570313 0.072265625
-0.128326416015625 -0.20562744140625 -0.0987319946289063 -0.0816116333007813
-0.0618133544921875 -0.178115844726563 -0.144088745117187 -0.0472869873046875
-0.0921783447265625 -0.168899536132813 -0.1617431640625 -0.0992584228515625
-0.172637939453125 -0.1068115234375 -0.144607543945313 -0.0773162841796875
-0.152236938476562 -0.0157928466796875 -0.12200927734375 -0.0430526733398438
-0.135597229003906 0.035858154296875 -0.07159423828125 -0.0388259887695312
-0.0921783447265625 0.0817413330078125 -0.0317268371582031 -0.0457229614257812
-0.0535202026367187 0.102241516113281 -0.0184707641601563 -0.0621337890625
-0.05902099609375 0.107467651367187 0.000862121582031244 -0.0753326416015625
-0.0526580810546875 0.112808227539063 0.0383453369140625 -0.0959548950195313
-0.0852432250976563 0.0744705200195312 0.099945068359375 -0.0946121215820313
-0.1201171875 0.04754638671875 0.12939453125 -0.0453567504882813
-0.139762878417969 0.00953674316406252 0.117271423339844 0.0292739868164063
-0.158248901367188 -0.106430053710937 0.0413589477539062 0.0753173828125
-0.105117797851562 -0.160720825195313 -0.0575370788574219 0.0330047607421875
-0.0643157958984375 -0.19586181640625 -0.11529541015625 -0.144622802734375
0.00325775146484376 -0.120353698730469 -0.157974243164062 -0.0852508544921875
-0.0392990112304687 -0.120208740234375 -0.174346923828125 -0.109664916992188
-0.0991287231445313 -0.0764846801757813 -0.129409790039063 -0.0832977294921875
-0.0852508544921875 -0.0138092041015625 -0.105743408203125 -0.0602188110351563
-0.0780563354492188 0.013092041015625 -0.0542716979980469 -0.0581893920898437
-0.0593376159667969 0.044586181640625 -0.0217361450195313 -0.0768966674804688
-0.0388870239257813 0.0589256286621094 -0.0159759521484375 -0.0982666015625
-0.0431022644042969 0.0670814514160156 0.0103683471679688 -0.106513977050781
-0.0422515869140625 0.0747909545898438 0.0556564331054688 -0.127960205078125
-0.0617141723632813 0.0463485717773438 0.126876831054688 -0.111076354980469
-0.0855331420898438 0.0275497436523438 0.14874267578125 -0.04815673828125
-0.100006103515625 -0.00137329101562499 0.121177673339844 0.0191192626953125
-0.109756469726563 -0.0931015014648437 0.0453605651855469 0.0499496459960938
-0.056549072265625 -0.139907836914063 -0.0562591552734375 -0.00855255126953127
-0.000640869140625002 -0.153091430664063 -0.10888671875 -0.197540283203125
-0.04278564453125 0.0704421997070313 0.113189697265625 0.201889038085938
0.0263710021972656 0.0690116882324219 0.0526885986328125 0.046112060546875
0.0614471435546875 0.0340766906738281 -0.0591964721679687 -0.0295257568359375
0.0509147644042969 -0.0156822204589844 -0.130058288574219 -0.00931549072265624
0.03192138671875 -0.0231075286865234 -0.160324096679688 0.0402984619140625
0.0203151702880859 -0.0209598541259766 -0.144943237304688 0.125335693359375
0.0214004516601563 -0.0152854919433594 -0.05694580078125 0.15985107421875
0.0272769927978516 -0.0122756958007813 -0.0114593505859375 0.132698059082031
0.0292339324951172 -0.00722694396972656 0.0214996337890625 0.110336303710938
0.0208206176757813 0.0156040191650391 0.0310745239257813 0.0994186401367188
0.0146255493164062 0.0239353179931641 0.061737060546875 0.0702323913574219
0.0165901184082031 0.0285778045654297 0.0967636108398438 0.0715408325195313
0.000522613525390627 0.0486946105957031 0.114822387695313 0.105026245117188
-0.0282020568847656 0.0627593994140625 0.16717529296875 0.0992279052734375
-0.066619873046875 0.0665245056152344 0.157211303710938 0.0982513427734375
-0.0909423828125 -0.0102462768554688 0.0845184326171875 0.208694458007813
-0.0172510147094727 0.00461578369140625 0.0282020568847656 0.0532417297363281
-0.00195598602294922 -0.0125007629394531 -0.0815582275390625 -0.0202102661132812
-0.00604820251464844 -0.0327053070068359 -0.141159057617188 0.00230407714843752
-0.0258274078369141 -0.0194740295410156 -0.164474487304688 0.0421600341796875
-0.0246467590332031 0.00724029541015625 -0.144821166992188 0.125335693359375
-0.00411605834960938 0.0307521820068359 -0.05841064453125 0.158432006835938
0.00527572631835937 0.03973388671875 -0.0143661499023437 0.128959655761719
0.0179939270019531 0.0492134094238281 0.0208358764648437 0.105201721191406
-0.00373458862304687 0.0640335083007813 0.0354766845703125 0.087432861328125
-0.0309410095214844 0.0693511962890625 0.0667152404785156 0.0598678588867188
-0.0482063293457031 0.0590591430664063 0.103515625 0.0734634399414063
-0.0841598510742188 0.028839111328125 0.104278564453125 0.11151123046875
-0.0966415405273438 0.0179901123046875 0.141860961914063 0.102218627929688
-0.133499145507813 -0.00251770019531248 0.122650146484375 0.092742919921875
-0.127464294433594 -0.0912322998046875 0.0445556640625 0.187545776367188
-0.0625953674316406 -0.0675506591796875 -0.00381088256835938 0.0370254516601562
-0.0753402709960938 -0.0580673217773438 -0.106773376464844 -0.0244522094726563
-0.0702362060546875 -0.0432586669921875 -0.1539306640625 0.00801086425781247
-0.084808349609375 -0.00924682617187499 -0.16131591796875 0.0422821044921875
-0.0678939819335938 0.0382156372070313 -0.132133483886719 0.114120483398437
-0.0287857055664062 0.0742263793945313 -0.053436279296875 0.136978149414063
-0.0165863037109375 0.086578369140625 -0.0168075561523437 0.105453491210937
0.00523376464843751 0.0981597900390625 0.0171279907226563 0.0815200805664063
-0.0260086059570313 0.101974487304688 0.0380935668945312 0.0574188232421875
-0.0666427612304687 0.104103088378906 0.0728530883789063 0.0371551513671875
-0.0977859497070313 0.0851669311523438 0.112251281738281 0.065673828125
-0.153778076171875 0.014190673828125 0.0946044921875 0.114425659179688
-0.150955200195313 -0.0218353271484375 0.103279113769531 0.105461120605469
-0.180938720703125 -0.0680084228515625 0.0687179565429687 0.070587158203125
-0.147140502929688 -0.157928466796875 -0.0037841796875 0.138862609863281
-0.104049682617188 -0.131782531738281 -0.041839599609375 0.00398635864257811
-0.14910888671875 -0.0944061279296875 -0.129051208496094 -0.03778076171875
-0.134002685546875 -0.0416183471679687 -0.16021728515625 0.00596618652343748
-0.137039184570313 0.0113906860351563 -0.148483276367188 0.034820556640625
-0.100395202636719 0.0701675415039063 -0.107666015625 0.0884475708007813
-0.0475616455078125 0.109306335449219 -0.0437774658203125 0.0981292724609375
-0.0360031127929687 0.12091064453125 -0.0170974731445313 0.0664253234863281
-0.0105743408203125 0.131439208984375 0.012603759765625 0.0427703857421875
-0.0475311279296875 0.121589660644531 0.0410957336425781 0.0163421630859375
-0.0950927734375 0.119209289550781 0.0788650512695313 0.00876617431640626
-0.132026672363281 0.0938034057617187 0.116943359375 0.05316162109375
-0.197052001953125 -0.0066375732421875 0.083709716796875 0.113922119140625
-0.180877685546875 -0.062255859375 0.0575027465820312 0.105300903320312
-0.197845458984375 -0.125839233398438 0.00582122802734374 0.0338287353515625
-0.146484375 -0.195816040039063 -0.055084228515625 0.0760269165039062
-0.130661010742188 -0.172271728515625 -0.086029052734375 -0.0347137451171875
-0.20135498046875 -0.113082885742188 -0.144927978515625 -0.051513671875
-0.177719116210938 -0.0303497314453125 -0.155563354492188 -0.00299072265625002
-0.166763305664063 0.0348358154296875 -0.125892639160156 0.0178909301757812
-0.113716125488281 0.0953598022460937 -0.0786972045898438 0.0486526489257813
-0.0559005737304688 0.128746032714844 -0.0328788757324219 0.0457839965820313
-0.0493011474609375 0.136688232421875 -0.0148811340332031 0.0187969207763672
-0.0261688232421875 0.145095825195313 0.0124263763427734 -0.00381088256835937
-0.068206787109375 0.122001647949219 0.0493202209472656 -0.0281105041503906
-0.116012573242188 0.111167907714844 0.0886154174804688 -0.0196762084960937
-0.152389526367188 0.078704833984375 0.118156433105469 0.0399551391601563
-0.212509155273438 -0.0379486083984375 0.0705108642578125 0.106369018554688
-0.182357788085938 -0.103164672851562 0.01043701171875 0.0964813232421875
-0.181976318359375 -0.169479370117188 -0.0537834167480469 -0.0143280029296875
-0.121078491210938 -0.198455810546875 -0.103950500488281 0.0119552612304687
-0.131027221679688 -0.180130004882812 -0.129112243652344 -0.0681991577148438
-0.211807250976563 -0.110260009765625 -0.150009155273438 -0.0617218017578125
-0.1839599609375 -0.0151824951171875 -0.139915466308594 -0.0179824829101563
-0.16339111328125 0.048919677734375 -0.0972900390625 -0.00746917724609373
-0.107109069824219 0.101959228515625 -0.0517234802246094 0.00079345703125
-0.0546722412109375 0.126441955566406 -0.0256500244140625 -0.0107040405273437
-0.0535125732421875 0.132362365722656 -0.00921249389648438 -0.0299892425537109
-0.03924560546875 0.137176513671875 0.0192451477050781 -0.0522117614746094
-0.08148193359375 0.104507446289063 0.0672531127929687 -0.0678977966308594
-0.125282287597656 0.0840530395507813 0.103897094726562 -0.0407180786132812
-0.15521240234375 0.0475311279296875 0.117935180664062 0.029754638671875
-0.198379516601562 -0.0720672607421875 0.0561141967773437 0.0932998657226563
-0.1566162109375 -0.136184692382812 -0.0288009643554688 0.0733871459960937
-0.137847900390625 -0.191375732421875 -0.0984725952148438 -0.071563720703125
-0.072174072265625 -0.169326782226563 -0.14154052734375 -0.04248046875
-0.1007080078125 -0.1573486328125 -0.16192626953125 -0.0893402099609375
-0.17462158203125 -0.091796875 -0.143524169921875 -0.0690765380859375
-0.1484375 -0.00640869140625003 -0.119461059570313 -0.0365676879882813
-0.128746032714844 0.0435943603515625 -0.0711441040039063 -0.0347671508789063
-0.0842819213867188 0.0848617553710938 -0.0335655212402344 -0.044708251953125
-0.0457687377929688 0.101516723632813 -0.0223350524902344 -0.0611000061035156
-0.0494461059570313 0.107139587402344 -0.00254058837890625 -0.0734024047851563
-0.0434188842773438 0.111534118652344 0.0322113037109375 -0.0950088500976562
-0.079376220703125 0.0766220092773438 0.0916748046875 -0.0976791381835938
-0.11376953125 0.0522079467773437 0.124580383300781 -0.0516204833984375
-0.134674072265625 0.0167465209960937 0.117919921875 0.0213394165039063
-0.159332275390625 -0.092193603515625 0.0463104248046875 0.072601318359375
-0.112045288085938 -0.148544311523437 -0.052581787109375 0.0366897583007812
-0.0756072998046875 -0.184646606445313 -0.117927551269531 -0.131378173828125
-0.00567626953125 -0.116020202636719 -0.157943725585938 -0.0777740478515625
-0.0458831787109375 -0.112159729003906 -0.175308227539063 -0.0983734130859375
-0.1005859375 -0.0660858154296875 -0.129936218261719 -0.0754013061523438
-0.0828781127929688 -0.00798797607421874 -0.105667114257813 -0.053497314453125
-0.0737380981445313 0.0178909301757812 -0.0555992126464844 -0.0546073913574219
-0.0541877746582031 0.0469474792480469 -0.0263595581054687 -0.0749588012695313
-0.0341415405273438 0.05859375 -0.0218353271484375 -0.0957260131835938
-0.0368614196777344 0.0670967102050781 0.00426483154296875 -0.103645324707031
-0.0356063842773437 0.073974609375 0.047393798828125 -0.127227783203125
-0.0571479797363281 0.0480155944824219 0.116401672363281 -0.115615844726563
-0.0802459716796875 0.0305099487304688 0.143829345703125 -0.055389404296875
-0.0957260131835938 0.00403594970703123 0.120338439941406 0.0120849609375
-0.110992431640625 -0.082000732421875 0.0479164123535156 0.0479087829589844
-0.0626296997070312 -0.130599975585938 -0.0534133911132813 -0.00279998779296875
-0.011199951171875 -0.146591186523438 -0.11553955078125 -0.182571411132813
-0.036529541015625 0.065826416015625 0.1160888671875 0.186660766601563
0.0279769897460938 0.0633659362792969 0.0525665283203125 0.0407333374023438
0.0586738586425781 0.0286788940429688 -0.0585784912109375 -0.0278778076171875
0.0455360412597656 -0.01641845703125 -0.1260986328125 -0.00576019287109375
0.0285663604736328 -0.0224418640136719 -0.1546630859375 0.044036865234375
0.0182609558105469 -0.0199089050292969 -0.135879516601563 0.127738952636719
0.0194931030273438 -0.0144062042236328 -0.047454833984375 0.155288696289063
0.0251216888427734 -0.0119953155517578 -0.00466156005859375 0.127777099609375
0.0272846221923828 -0.00680351257324219 0.025360107421875 0.105140686035156
0.0201301574707031 0.0148048400878906 0.0353012084960937 0.0955352783203125
0.0139846801757813 0.0227813720703125 0.0629425048828125 0.06573486328125
0.0156383514404297 0.0263195037841797 0.0958175659179688 0.0658035278320313
0.00140380859375 0.0450439453125 0.114761352539063 0.0979690551757812
-0.024169921875 0.0596160888671875 0.164657592773437 0.0900115966796875
-0.0589065551757813 0.0643424987792969 0.15576171875 0.0901336669921875
-0.0864791870117188 -0.00958251953124999 0.08941650390625 0.19354248046875
-0.0164003372192383 0.00238513946533203 0.0295372009277344 0.0475196838378906
-0.00417518615722656 -0.0128316879272461 -0.0782699584960938 -0.0177841186523437
-0.00985527038574219 -0.0310039520263672 -0.135704040527344 0.00518035888671878
-0.0270519256591797 -0.0172576904296875 -0.157669067382813 0.04559326171875
-0.0241203308105469 0.00956344604492187 -0.13507080078125 0.126419067382813
-0.00358772277832031 0.0309410095214844 -0.049072265625 0.153411865234375
0.00620651245117188 0.0388412475585938 -0.00762939453125001 0.123344421386719
0.0187644958496094 0.0480766296386719 0.0252914428710938 0.0997238159179688
-0.00191879272460938 0.0627632141113281 0.038970947265625 0.0837020874023437
-0.0277824401855469 0.0684127807617188 0.0676956176757813 0.0559272766113281
-0.0454902648925781 0.0587730407714844 0.103683471679688 0.06683349609375
-0.0809097290039062 0.0298614501953125 0.10552978515625 0.104499816894531
-0.0918655395507813 0.0192031860351563 0.141036987304688 0.0932464599609375
-0.126716613769531 0.00105285644531252 0.123138427734375 0.0857162475585938
-0.125350952148438 -0.0857925415039062 0.05072021484375 0.174057006835937
-0.063507080078125 -0.0647773742675781 -0.00148773193359376 0.0327739715576172
-0.075927734375 -0.054046630859375 -0.102294921875 -0.02105712890625
-0.0713882446289063 -0.0388565063476563 -0.146835327148437 0.0113067626953125
-0.0841140747070312 -0.00462341308593749 -0.154525756835938 0.0452117919921875
-0.065338134765625 0.0407524108886719 -0.122657775878906 0.113853454589844
-0.0255966186523437 0.0741653442382813 -0.0457916259765625 0.132850646972656
-0.0120620727539063 0.0851593017578125 -0.0105667114257812 0.100570678710937
0.00901031494140624 0.0951080322265625 0.0206985473632813 0.076904296875
-0.0216751098632813 0.100173950195313 0.0406608581542969 0.0543632507324219
-0.0604171752929688 0.104103088378906 0.0728988647460937 0.0338134765625
-0.0916824340820313 0.0859375 0.112190246582031 0.0587615966796875
-0.147872924804688 0.0196685791015625 0.0977325439453125 0.108329772949219
-0.146331787109375 -0.017242431640625 0.104904174804687 0.0980148315429688
-0.17547607421875 -0.05902099609375 0.0706024169921875 0.06610107421875
-0.148147583007813 -0.148361206054688 0.00266265869140623 0.129348754882813
-0.106735229492187 -0.1243896484375 -0.0387992858886719 0.00229644775390625
-0.148208618164063 -0.0855255126953125 -0.123695373535156 -0.0331802368164062
-0.131782531738281 -0.0355300903320312 -0.15240478515625 0.0101318359375
-0.132644653320312 0.0170364379882813 -0.14208984375 0.0381011962890625
-0.0947952270507813 0.0727767944335938 -0.100387573242188 0.0885086059570312
-0.0420379638671875 0.108016967773438 -0.0381851196289063 0.0942611694335938
-0.0291976928710938 0.118637084960938 -0.0124244689941406 0.0634498596191406
-0.00479125976562499 0.127670288085938 0.015625 0.03985595703125
-0.041595458984375 0.119705200195312 0.0415115356445313 0.0141487121582031
-0.0872039794921875 0.119552612304688 0.0778121948242188 0.00530242919921876
-0.124481201171875 0.09552001953125 0.117073059082031 0.0460052490234375
-0.191207885742188 0.00201416015625002 0.0878753662109375 0.107688903808594
-0.177032470703125 -0.0539093017578125 0.0606231689453125 0.0995941162109375
-0.194747924804688 -0.113571166992187 0.00879859924316405 0.0337867736816406
-0.149093627929688 -0.183807373046875 -0.0490264892578125 0.0704498291015625
-0.134078979492188 -0.16131591796875 -0.0823516845703125 -0.0330047607421875
-0.1986083984375 -0.100067138671875 -0.138809204101563 -0.0462265014648438
-0.172348022460937 -0.022979736328125 -0.1470947265625 0.000946044921875007
-0.159332275390625 0.0412445068359375 -0.120101928710938 0.0208511352539062
-0.106819152832031 0.0968856811523438 -0.0738143920898438 0.0482330322265625
-0.0495529174804688 0.126457214355469 -0.0299263000488281 0.0434303283691406
-0.04052734375 0.134033203125 -0.0120086669921875 0.0176467895507813
-0.0188140869140625 0.14080810546875 0.0136957168579102 -0.00499343872070312
-0.0616073608398437 0.120269775390625 0.0473289489746094 -0.0286636352539062
-0.107955932617188 0.112068176269531 0.0857467651367188 -0.0221405029296875
-0.143753051757813 0.081634521484375 0.118331909179688 0.0329971313476563
-0.206298828125 -0.0272064208984375 0.0745468139648437 0.101158142089844
-0.179672241210937 -0.0927581787109375 0.0153884887695312 0.092742919921875
-0.182266235351562 -0.154953002929688 -0.0499534606933594 -0.00976181030273438
-0.125640869140625 -0.186553955078125 -0.0990219116210938 0.0106735229492187
-0.13525390625 -0.167800903320313 -0.125450134277344 -0.0632858276367188
-0.208648681640625 -0.0960845947265625 -0.144012451171875 -0.0555419921875
-0.176910400390625 -0.0077056884765625 -0.1331787109375 -0.0139236450195313
-0.155075073242188 0.053985595703125 -0.092987060546875 -0.00447845458984376
-0.0995025634765625 0.102928161621094 -0.0503120422363281 0.000759124755859376
-0.04754638671875 0.124229431152344 -0.0251789093017578 -0.0108566284179687
-0.0450668334960938 0.129051208496094 -0.00933074951171875 -0.0291538238525391
-0.0315628051757813 0.133033752441406 0.01824951171875 -0.0516128540039062
-0.0750350952148437 0.10357666015625 0.0620498657226562 -0.0681495666503906
-0.117111206054687 0.08648681640625 0.0999526977539062 -0.0436935424804687
-0.14678955078125 0.051544189453125 0.117256164550781 0.022796630859375
-0.192947387695313 -0.0602874755859375 0.0597457885742187 0.0887527465820313
-0.156600952148438 -0.125152587890625 -0.0230178833007813 0.072784423828125
-0.141021728515625 -0.177078247070313 -0.0948562622070313 -0.0629501342773438
-0.076507568359375 -0.15850830078125 -0.137535095214844 -0.0392608642578125
-0.104537963867188 -0.145004272460937 -0.15838623046875 -0.0816650390625
-0.171249389648437 -0.0785369873046875 -0.138580322265625 -0.062744140625
-0.141525268554688 -0.000564575195312494 -0.114753723144531 -0.03179931640625
-0.120918273925781 0.0474395751953125 -0.069122314453125 -0.0318374633789063
-0.0775985717773438 0.0852813720703125 -0.0343742370605469 -0.0438308715820313
-0.0407257080078125 0.099365234375 -0.0249061584472656 -0.0590400695800781
-0.0417022705078125 0.104209899902344 -0.004974365234375 -0.0704803466796875
-0.036712646484375 0.108230590820313 0.0275039672851563 -0.093017578125
-0.0732421875 0.0762481689453125 0.0841827392578125 -0.0973739624023437
-0.107246398925781 0.054595947265625 0.119354248046875 -0.0547943115234375
-0.128204345703125 0.0203170776367188 0.116836547851563 0.0157699584960938
-0.156707763671875 -0.080474853515625 0.0491752624511719 0.0696640014648438
-0.113349914550781 -0.137832641601563 -0.0468635559082031 0.0388107299804687
-0.0806427001953125 -0.17303466796875 -0.116165161132813 -0.119697570800781
-0.0112075805664063 -0.110137939453125 -0.15521240234375 -0.0722808837890625
-0.0493545532226562 -0.1044921875 -0.1717529296875 -0.0896759033203125
-0.0986404418945313 -0.0572662353515625 -0.127113342285156 -0.068817138671875
-0.0784149169921875 -0.0042266845703125 -0.102714538574219 -0.0484466552734375
-0.0688743591308594 0.0205802917480469 -0.0547676086425781 -0.0508460998535156
-0.0491523742675781 0.046630859375 -0.0290145874023438 -0.0734024047851562
-0.0307998657226562 0.0563392639160156 -0.025970458984375 -0.0916976928710938
-0.0315628051757813 0.0646400451660156 0.000190734863281251 -0.099395751953125
-0.0300445556640625 0.0707168579101563 0.0410537719726562 -0.124114990234375
-0.0529251098632812 0.0468788146972656 0.107109069824219 -0.115516662597656
-0.07568359375 0.0314788818359375 0.137229919433594 -0.0593338012695312
-0.0903244018554688 0.00653076171874999 0.118309020996094 0.00731658935546875
-0.108505249023438 -0.0730667114257813 0.0489883422851562 0.0462646484375
-0.0651779174804688 -0.12066650390625 -0.0498542785644531 0.00105667114257812
-0.0175018310546875 -0.138435363769531 -0.11602783203125 -0.168930053710938
-0.0334053039550781 0.0618667602539063 0.116012573242188 0.176605224609375
0.0279083251953125 0.05841064453125 0.0518989562988281 0.0371513366699219
0.0565299987792969 0.0255813598632813 -0.0577468872070312 -0.0269584655761719
0.0412330627441406 -0.0163650512695313 -0.123245239257813 -0.00440979003906252
0.0259456634521484 -0.0219345092773438 -0.150970458984375 0.04620361328125
0.0176372528076172 -0.0181922912597656 -0.129196166992187 0.127639770507813
0.01861572265625 -0.0130081176757813 -0.0424041748046875 0.151199340820313
0.0233345031738281 -0.0115032196044922 -0.000907897949218755 0.122665405273438
0.0257568359375 -0.00585365295410156 0.027435302734375 0.101631164550781
0.0191535949707031 0.0153923034667969 0.0377426147460938 0.0926895141601563
0.0135536193847656 0.0223827362060547 0.0630035400390625 0.063812255859375
0.0138721466064453 0.024810791015625 0.0944442749023438 0.06304931640625
0.00152587890625 0.0418853759765625 0.113670349121094 0.0937576293945312
-0.0217552185058594 0.0571823120117188 0.161331176757813 0.0843963623046875
-0.0539169311523438 0.0619316101074219 0.153213500976563 0.0867767333984375
-0.0833587646484375 -0.010650634765625 0.0904388427734375 0.18280029296875
-0.0167074203491211 8.7738037109372E-05 0.0302085876464844 0.0438385009765625
-0.00595188140869141 -0.0133295059204102 -0.076507568359375 -0.017486572265625
-0.0124378204345703 -0.0297107696533203 -0.131813049316406 0.00620269775390627
-0.0285682678222656 -0.0155620574951172 -0.153396606445313 0.0469970703125
-0.0241870880126953 0.0108985900878906 -0.128677368164063 0.125961303710938
-0.00242424011230468 0.0317325592041016 -0.0442962646484375 0.148666381835938
0.0067291259765625 0.0388526916503906 -0.0035858154296875 0.118247985839844
0.0192718505859375 0.0470504760742187 0.0283203125 0.0959243774414063
-0.000904083251953122 0.0621299743652344 0.0418243408203125 0.0805435180664062
-0.026123046875 0.0680084228515625 0.0679054260253906 0.0533485412597656
-0.0443077087402344 0.057342529296875 0.102668762207031 0.0632247924804688
-0.0788726806640625 0.0301132202148437 0.105850219726563 0.10076904296875
-0.0893325805664063 0.0192413330078125 0.139556884765625 0.0882339477539062
-0.12109375 0.00231170654296875 0.122024536132812 0.0828399658203125
-0.123428344726563 -0.0832061767578125 0.0527496337890625 0.163482666015625
-0.0638771057128906 -0.0638008117675781 0.000839233398437493 0.0297565460205078
-0.0771865844726563 -0.0518417358398438 -0.0990524291992187 -0.0203857421875
-0.0721282958984375 -0.03668212890625 -0.142105102539063 0.012054443359375
-0.0833587646484375 -0.00225067138671876 -0.149688720703125 0.0466461181640625
-0.0632133483886719 0.0422821044921875 -0.116844177246094 0.11260986328125
-0.023590087890625 0.0740585327148437 -0.0415267944335937 0.127998352050781
-0.009735107421875 0.083648681640625 -0.00701904296875001 0.095947265625
0.01055908203125 0.0928115844726563 0.0238571166992188 0.0730514526367188
-0.0188217163085938 0.0987625122070313 0.0419502258300781 0.0521087646484375
-0.0566864013671875 0.103012084960938 0.0728988647460938 0.0312881469726563
-0.0883712768554688 0.084991455078125 0.111381530761719 0.0539169311523438
-0.143905639648438 0.0219268798828125 0.0989990234375 0.104202270507813
-0.142562866210938 -0.0151519775390625 0.104629516601562 0.092926025390625
-0.170089721679688 -0.054473876953125 0.0714187622070312 0.0648345947265625
-0.14715576171875 -0.141921997070313 0.00646972656249998 0.120262145996094
-0.106544494628906 -0.119796752929688 -0.0362777709960938 0.00025939941406249
-0.14739990234375 -0.0803985595703125 -0.1190185546875 -0.0317001342773438
-0.130599975585938 -0.032318115234375 -0.146713256835937 0.010498046875
-0.12939453125 0.0201644897460938 -0.137847900390625 0.0383377075195312
-0.091522216796875 0.0734634399414063 -0.0957565307617187 0.0864410400390625
-0.0384292602539063 0.107109069824219 -0.0347213745117188 0.0905609130859375
-0.0255050659179687 0.116348266601563 -0.00953292846679688 0.0602073669433594
-0.000823974609375004 0.12451171875 0.0183792114257813 0.0370254516601563
-0.0381240844726562 0.11834716796875 0.0417976379394531 0.0133590698242188
-0.082489013671875 0.118850708007812 0.0770950317382813 0.00390625000000001
-0.119674682617187 0.0954208374023438 0.116348266601562 0.0409393310546875
-0.185592651367188 0.00643920898437501 0.0900650024414062 0.103759765625
-0.173187255859375 -0.05023193359375 0.0632476806640625 0.0953750610351563
-0.19085693359375 -0.106094360351563 0.0114059448242187 0.0343875885009765
-0.149581909179688 -0.176071166992188 -0.0454177856445312 0.0639457702636719
-0.134918212890625 -0.153244018554688 -0.0793228149414063 -0.0335922241210938
-0.196060180664062 -0.0922088623046875 -0.133087158203125 -0.0434494018554688
-0.168670654296875 -0.0189971923828125 -0.141510009765625 0.00224304199218753
-0.154571533203125 0.0441741943359375 -0.115875244140625 0.0209426879882812
-0.101707458496094 0.0970458984375 -0.070556640625 0.0465469360351563
-0.0454864501953125 0.125267028808594 -0.0290985107421875 0.0413360595703125
-0.035797119140625 0.131462097167969 -0.0102434158325195 0.0160322189331055
-0.0145111083984375 0.136970520019531 0.0148162841796875 -0.00645732879638671
-0.0577545166015625 0.118515014648438 0.0462570190429687 -0.0286140441894531
-0.102775573730469 0.111557006835937 0.0844192504882813 -0.0235824584960937
-0.138191223144531 0.0820770263671875 0.117042541503906 0.0283660888671875
-0.201263427734375 -0.020965576171875 0.0769271850585937 0.0979232788085938
-0.1771240234375 -0.0865020751953125 0.0193252563476562 0.09051513671875
-0.180343627929687 -0.14697265625 -0.0461769104003906 -0.00681304931640626
-0.127731323242188 -0.17852783203125 -0.0951461791992188 0.0072174072265625
-0.136123657226562 -0.158798217773438 -0.121803283691406 -0.0611724853515625
-0.204635620117188 -0.0866546630859375 -0.139068603515625 -0.0527801513671875
-0.171554565429688 -0.00451660156250001 -0.127616882324219 -0.012481689453125
-0.1485595703125 0.0569000244140625 -0.0898056030273438 -0.00408935546874998
-0.0941543579101562 0.10247802734375 -0.0489349365234375 -0.000373840332031248
-0.0437469482421875 0.122177124023437 -0.0256824493408203 -0.0112037658691406
-0.0400543212890625 0.126792907714844 -0.00874900817871094 -0.0288791656494141
-0.0264358520507812 0.12982177734375 0.0174026489257813 -0.0512619018554687
-0.0710372924804688 0.102691650390625 0.0593223571777344 -0.0671043395996094
-0.112052917480469 0.0867919921875 0.0982437133789063 -0.0448150634765625
-0.1417236328125 0.0525665283203125 0.116706848144531 0.0184402465820313
-0.188751220703125 -0.0524444580078125 0.062896728515625 0.0861892700195313
-0.154983520507813 -0.117752075195312 -0.0190658569335938 0.0714340209960937
-0.141387939453125 -0.168304443359375 -0.090850830078125 -0.0577239990234375
-0.079803466796875 -0.151626586914063 -0.133949279785156 -0.0393524169921875
-0.1055908203125 -0.136810302734375 -0.153793334960938 -0.078338623046875
-0.16748046875 -0.0706024169921875 -0.134330749511719 -0.0601654052734375
-0.136390686035156 0.00222778320312498 -0.110755920410156 -0.0302047729492187
-0.115409851074219 0.0497207641601563 -0.0665473937988281 -0.0302391052246094
-0.07281494140625 0.0839462280273438 -0.0346565246582031 -0.043548583984375
-0.0373306274414062 0.0970001220703125 -0.0262374877929688 -0.0573577880859375
-0.0375289916992187 0.101638793945313 -0.00563430786132813 -0.0684394836425781
-0.0321578979492188 0.10491943359375 0.0262603759765625 -0.0911331176757813
-0.0702896118164063 0.0757598876953125 0.0797042846679688 -0.0963516235351563
-0.102958679199219 0.0544052124023438 0.116386413574219 -0.0562973022460938
-0.123359680175781 0.0216522216796875 0.115219116210937 0.0123138427734375
-0.15277099609375 -0.073638916015625 0.051116943359375 0.0677871704101563
-0.113265991210937 -0.130294799804688 -0.0426101684570313 0.0398521423339844
-0.0832977294921875 -0.1650390625 -0.113395690917969 -0.1114501953125
-0.0145797729492188 -0.105125427246094 -0.152450561523437 -0.07000732421875
-0.050933837890625 -0.0980072021484375 -0.16766357421875 -0.085235595703125
-0.0961685180664063 -0.0511245727539063 -0.123817443847656 -0.0665359497070313
-0.0752334594726563 -0.0026092529296875 -0.100326538085938 -0.0457534790039063
-0.0653266906738281 0.0221824645996094 -0.0536651611328125 -0.0499229431152344
-0.0456428527832031 0.0461692810058594 -0.0301055908203125 -0.0717391967773437
-0.0282478332519531 0.0550193786621094 -0.029052734375 -0.0883941650390625
-0.0284957885742188 0.0620498657226563 -0.00176239013671876 -0.0964736938476563
-0.0273475646972656 0.0678977966308594 0.0369186401367187 -0.120994567871094
-0.0506515502929688 0.0463447570800781 0.101028442382813 -0.113998413085938
-0.07269287109375 0.0312728881835937 0.133560180664063 -0.0604019165039062
-0.086761474609375 0.00703430175781248 0.116828918457031 0.00466156005859375
-0.105270385742187 -0.0665206909179687 0.0499839782714844 0.0452995300292969
-0.0659408569335937 -0.113853454589844 -0.0464744567871094 0.00389099121093749
-0.020843505859375 -0.132194519042969 -0.113906860351563 -0.158660888671875
-0.0308761596679687 0.0587654113769531 0.116439819335937 0.170364379882813
0.0282859802246094 0.0551490783691406 0.0525436401367188 0.0340538024902344
0.0546302795410156 0.0226898193359375 -0.0577659606933594 -0.0274467468261719
0.0386962890625 -0.0157852172851563 -0.123153686523437 -0.00392150878906253
0.0240726470947266 -0.0216922760009766 -0.150009155273438 0.0482025146484375
0.0166702270507813 -0.0177898406982422 -0.126197814941406 0.129035949707031
0.018157958984375 -0.0127105712890625 -0.03912353515625 0.149261474609375
0.0225677490234375 -0.0107555389404297 0.000495910644531248 0.120223999023438
0.0249958038330078 -0.00561904907226563 0.0293350219726562 0.100341796875
0.0195503234863281 0.0162582397460938 0.040008544921875 0.0919647216796875
0.0127429962158203 0.0224113464355469 0.063751220703125 0.0625877380371094
0.0126419067382812 0.0243644714355469 0.0948867797851563 0.0618438720703125
0.000762939453124996 0.0405158996582031 0.113563537597656 0.0921859741210938
-0.0206108093261719 0.0557136535644531 0.16058349609375 0.082122802734375
-0.0505714416503906 0.0601882934570313 0.152938842773438 0.0855255126953125
-0.0828704833984375 -0.011932373046875 0.0921630859375 0.176300048828125
-0.0170316696166992 -0.00225162506103516 0.0309066772460938 0.0405349731445312
-0.00815868377685547 -0.0144643783569336 -0.0753021240234375 -0.017730712890625
-0.014892578125 -0.0287284851074219 -0.130332946777344 0.00661468505859374
-0.0300121307373047 -0.0142097473144531 -0.152587890625 0.0490570068359375
-0.0243682861328125 0.0121116638183594 -0.125740051269531 0.126785278320312
-0.00215721130371094 0.0322856903076172 -0.041015625 0.146865844726563
0.00748062133789062 0.0393180847167969 -0.00121307373046874 0.115303039550781
0.0192604064941406 0.0472869873046875 0.0305023193359375 0.0936126708984375
-0.000328063964843753 0.0623130798339844 0.0438995361328125 0.0801620483398438
-0.025115966796875 0.0683059692382813 0.0689964294433594 0.0525856018066406
-0.0444374084472656 0.0574073791503906 0.103675842285156 0.0606231689453125
-0.078399658203125 0.0302734375 0.10723876953125 0.0992584228515625
-0.0878753662109375 0.0188522338867187 0.139259338378906 0.0857925415039063
-0.118576049804688 0.00257873535156249 0.1226806640625 0.0821685791015625
-0.123435974121094 -0.0822525024414063 0.05462646484375 0.1563720703125
-0.0652351379394531 -0.06390380859375 0.00170707702636718 0.0263671875
-0.0792007446289063 -0.0503082275390625 -0.0967483520507813 -0.020538330078125
-0.0739974975585938 -0.0355377197265625 -0.139259338378906 0.0120925903320312
-0.08380126953125 -0.000320434570312507 -0.148681640625 0.0473175048828125
-0.0631103515625 0.0436820983886719 -0.113670349121094 0.113151550292969
-0.022491455078125 0.0747222900390625 -0.038665771484375 0.125999450683594
-0.00865936279296874 0.0845184326171875 -0.00502014160156251 0.0937271118164063
0.0121078491210937 0.0927810668945313 0.0262527465820313 0.0709304809570313
-0.0178298950195313 0.0986251831054687 0.0441360473632813 0.0514793395996094
-0.0551910400390625 0.104202270507813 0.0738449096679688 0.0300750732421875
-0.0873031616210938 0.0851821899414062 0.112136840820313 0.0511932373046875
-0.142807006835938 0.0240020751953125 0.101493835449219 0.10235595703125
-0.141494750976563 -0.0138702392578125 0.106269836425781 0.0906524658203125
-0.1678466796875 -0.0529632568359375 0.0730514526367187 0.0646591186523438
-0.148178100585938 -0.14019775390625 0.008026123046875 0.114356994628906
-0.108596801757813 -0.117668151855469 -0.0344123840332031 -0.00152969360351563
-0.147781372070312 -0.076751708984375 -0.116348266601563 -0.031341552734375
-0.13092041015625 -0.0302810668945312 -0.143341064453125 0.010406494140625
-0.129013061523438 0.0229034423828125 -0.135887145996094 0.0391006469726562
-0.089569091796875 0.0757980346679687 -0.0930328369140625 0.0858078002929687
-0.0364151000976563 0.108024597167969 -0.0333709716796875 0.088897705078125
-0.0227432250976563 0.116363525390625 -0.0073394775390625 0.0581207275390625
0.00143432617187499 0.123329162597656 0.0199508666992188 0.0350856781005859
-0.0367202758789062 0.118392944335937 0.0433731079101563 0.0125770568847656
-0.08001708984375 0.120033264160156 0.078033447265625 0.00255584716796876
-0.11761474609375 0.0962448120117187 0.117057800292969 0.0382156372070313
-0.184036254882813 0.00971984863281252 0.0929107666015625 0.102424621582031
-0.172714233398437 -0.0476531982421875 0.0652694702148437 0.094024658203125
-0.190231323242188 -0.1029052734375 0.0138816833496094 0.0353736877441406
-0.15179443359375 -0.172332763671875 -0.0436172485351563 0.059295654296875
-0.137054443359375 -0.149917602539062 -0.0772171020507813 -0.03448486328125
-0.196121215820313 -0.086761474609375 -0.130546569824219 -0.0435256958007813
-0.167739868164063 -0.0169219970703125 -0.138359069824219 0.00177764892578123
-0.151779174804688 0.0467987060546875 -0.114280700683594 0.0212631225585937
-0.0998001098632812 0.09844970703125 -0.0690383911132813 0.0452384948730469
-0.042816162109375 0.125297546386719 -0.0284347534179688 0.0401649475097656
-0.0326614379882813 0.131088256835938 -0.00874233245849609 0.014704704284668
-0.0115127563476563 0.13543701171875 0.0161008834838867 -0.00767898559570312
-0.0559234619140625 0.118972778320313 0.0463104248046875 -0.02899169921875
-0.100334167480469 0.113204956054687 0.0846786499023438 -0.0250625610351562
-0.136581420898438 0.082672119140625 0.118171691894531 0.0249099731445313
-0.199386596679688 -0.01678466796875 0.0805740356445312 0.0962142944335938
-0.177352905273438 -0.08380126953125 0.0220489501953125 0.08953857421875
-0.181167602539063 -0.1424560546875 -0.0439834594726563 -0.00452041625976562
-0.130172729492187 -0.174209594726563 -0.0936431884765625 0.00408935546874998
-0.137725830078125 -0.153564453125 -0.119697570800781 -0.0615463256835938
-0.20355224609375 -0.080902099609375 -0.136009216308594 -0.0526885986328125
-0.169570922851562 -0.00218200683593752 -0.124481201171875 -0.01226806640625
-0.145462036132812 0.059356689453125 -0.08843994140625 -0.00426483154296873
-0.0916976928710937 0.103225708007813 -0.0479545593261719 -0.0016326904296875
-0.0411224365234375 0.122634887695312 -0.0259857177734375 -0.0113086700439453
-0.0373687744140625 0.125785827636719 -0.00849342346191406 -0.0295562744140625
-0.0234909057617188 0.128097534179688 0.0174713134765625 -0.0515556335449219
-0.0693283081054687 0.102790832519531 0.0580406188964844 -0.0672721862792969
-0.110107421875 0.0877151489257812 0.0978240966796875 -0.0465240478515625
-0.139778137207031 0.0531692504882812 0.1171875 0.0152816772460938
-0.187515258789063 -0.048553466796875 0.065765380859375 0.0859146118164063
-0.155410766601563 -0.113998413085937 -0.0157852172851563 0.0717010498046875
-0.142730712890625 -0.164199829101563 -0.0885467529296875 -0.0538711547851563
-0.082794189453125 -0.147598266601563 -0.132919311523438 -0.0403976440429688
-0.107307434082031 -0.131683349609375 -0.15228271484375 -0.0775756835937501
-0.165695190429688 -0.0644378662109375 -0.132270812988281 -0.0590591430664063
-0.134330749511719 0.00406646728515626 -0.108566284179688 -0.0298385620117187
-0.112648010253906 0.0515670776367187 -0.0662498474121094 -0.0304527282714844
-0.0701370239257813 0.0847320556640625 -0.0356292724609375 -0.0446395874023437
-0.0349578857421875 0.0970458984375 -0.02752685546875 -0.0569381713867188
-0.03472900390625 0.1004638671875 -0.0058746337890625 -0.0683212280273437
-0.0297012329101563 0.103073120117188 0.0252456665039063 -0.0908050537109375
-0.06866455078125 0.0757675170898438 0.0782089233398438 -0.0963973999023438
-0.101081848144531 0.0556640625 0.11566162109375 -0.0584716796875
-0.12213134765625 0.02239990234375 0.116325378417969 0.0097503662109375
-0.151168823242188 -0.06951904296875 0.0536537170410156 0.0677833557128906
-0.113853454589844 -0.125938415527344 -0.0397377014160156 0.0408248901367188
-0.0854644775390625 -0.16082763671875 -0.111595153808594 -0.106796264648438
-0.01751708984375 -0.102455139160156 -0.152053833007813 -0.0693817138671875
-0.0522384643554688 -0.0938262939453125 -0.166168212890625 -0.0836029052734375
-0.0948638916015625 -0.04693603515625 -0.122673034667969 -0.0653305053710938
-0.073486328125 -0.00173187255859374 -0.0988922119140625 -0.045166015625
-0.0628547668457031 0.0235671997070313 -0.0533828735351563 -0.04949951171875
-0.0433120727539062 0.0463905334472656 -0.0320358276367188 -0.0721664428710938
-0.0272903442382812 0.0544471740722656 -0.03076171875 -0.0872421264648438
-0.0265846252441406 0.0613594055175781 -0.00276947021484376 -0.0951995849609375
-0.0253944396972656 0.0659446716308594 0.0351486206054688 -0.119438171386719
-0.0495529174804688 0.0460052490234375 0.0983352661132813 -0.113616943359375
-0.0709686279296875 0.0313949584960938 0.132560729980469 -0.06280517578125
-0.0851593017578125 0.00708007812499999 0.116714477539063 0.00276947021484375
-0.103645324707031 -0.0630950927734375 0.05169677734375 0.0455322265625
-0.0662841796875 -0.1099853515625 -0.0446395874023438 0.00590896606445312
-0.023468017578125 -0.128768920898438 -0.113357543945312 -0.1536865234375
-0.0290260314941406 0.0574417114257812 0.121185302734375 0.165634155273438
0.029296875 0.052276611328125 0.0535011291503906 0.0310783386230469
0.0538597106933594 0.0200958251953125 -0.0596046447753906 -0.0273628234863281
0.0365066528320312 -0.0157737731933594 -0.124427795410156 -0.00185394287109374
0.0225143432617187 -0.0217876434326172 -0.151092529296875 0.05340576171875
0.015934944152832 -0.0174283981323242 -0.123855590820313 0.134567260742188
0.0178737640380859 -0.0119991302490234 -0.035125732421875 0.15081787109375
0.0220966339111328 -0.0107631683349609 0.00469970703125001 0.119758605957031
0.0248222351074219 -0.00501441955566406 0.0327911376953125 0.0999298095703125
0.0194034576416016 0.0166301727294922 0.0441818237304688 0.0923004150390625
0.0130100250244141 0.0231704711914063 0.06622314453125 0.0616912841796875
0.0119838714599609 0.0238761901855469 0.097076416015625 0.0604248046875
0.000488281250000002 0.0399093627929688 0.116798400878906 0.0910873413085938
-0.0191497802734375 0.0547523498535156 0.162704467773438 0.0786895751953125
-0.0475616455078125 0.0600357055664063 0.156707763671875 0.08416748046875
-0.0831451416015625 -0.0123367309570312 0.0964508056640625 0.170822143554688
-0.0182075500488281 -0.0035400390625 0.0326690673828125 0.0380210876464844
-0.0101509094238281 -0.0150232315063477 -0.0764694213867188 -0.0174407958984375
-0.0178070068359375 -0.0280075073242188 -0.13116455078125 0.00849151611328126
-0.0321273803710938 -0.0129718780517578 -0.153854370117188 0.05316162109375
-0.024932861328125 0.0138683319091797 -0.12298583984375 0.131172180175781
-0.00157737731933593 0.0336742401123047 -0.036865234375 0.148056030273438
0.008331298828125 0.0404510498046875 0.00215911865234376 0.114715576171875
0.0209197998046875 0.0479240417480469 0.034271240234375 0.0930557250976563
0.00121307373046874 0.0640106201171875 0.0480194091796875 0.0796737670898438
-0.0238075256347656 0.0700569152832031 0.0717010498046875 0.0516738891601563
-0.0444602966308594 0.0591964721679688 0.106559753417969 0.0584335327148438
-0.0789871215820313 0.0319137573242188 0.11187744140625 0.0978546142578125
-0.0881500244140625 0.0198211669921875 0.143035888671875 0.0823822021484375
-0.117607116699219 0.00376892089843747 0.126602172851563 0.0806808471679688
-0.127082824707031 -0.08099365234375 0.058563232421875 0.151702880859375
-0.0680961608886719 -0.0641403198242188 0.00298118591308593 0.0241432189941406
-0.0822067260742187 -0.0490798950195313 -0.0971298217773438 -0.019256591796875
-0.0772018432617188 -0.0337982177734375 -0.139801025390625 0.013641357421875
-0.0857925415039063 0.00321960449218749 -0.14947509765625 0.0514984130859375
-0.0624656677246094 0.0469284057617188 -0.111366271972656 0.116485595703125
-0.0199050903320313 0.0770645141601563 -0.03558349609375 0.126266479492188
-0.00608825683593749 0.0857696533203125 -0.001129150390625 0.0922317504882812
0.0151901245117187 0.0936431884765625 0.0300483703613281 0.0693778991699219
-0.0154037475585938 0.100547790527344 0.0476837158203125 0.0506782531738281
-0.0524826049804688 0.106849670410156 0.076385498046875 0.028594970703125
-0.0868988037109375 0.08880615234375 0.115913391113281 0.0481033325195313
-0.14337158203125 0.028228759765625 0.107025146484375 0.101425170898438
-0.1429443359375 -0.0119781494140625 0.110115051269531 0.088104248046875
-0.170135498046875 -0.05023193359375 0.076568603515625 0.0646438598632813
-0.153976440429688 -0.137664794921875 0.0111236572265625 0.109786987304687
-0.113494873046875 -0.116188049316406 -0.0337066650390625 -0.00384902954101564
-0.152252197265625 -0.072784423828125 -0.116218566894531 -0.0303497314453125
-0.134071350097656 -0.0272598266601562 -0.14312744140625 0.011993408203125
-0.130027770996094 0.0273590087890625 -0.136528015136719 0.0425262451171875
-0.0894088745117187 0.0790481567382813 -0.0916900634765625 0.087554931640625
-0.0333786010742187 0.111480712890625 -0.0310592651367187 0.0888290405273438
-0.01885986328125 0.118194580078125 -0.00537109375000001 0.0567283630371094
0.005218505859375 0.124252319335938 0.0224475860595703 0.0333499908447266
-0.0336074829101563 0.12078857421875 0.0454597473144531 0.0117607116699219
-0.076507568359375 0.123664855957031 0.08001708984375 0.000205993652343758
-0.11712646484375 0.0996932983398437 0.120750427246094 0.0337295532226563
-0.185546875 0.0157318115234375 0.0988006591796875 0.100868225097656
-0.175750732421875 -0.044219970703125 0.0698623657226562 0.0928573608398438
-0.194381713867187 -0.098602294921875 0.0165328979492187 0.0372428894042969
-0.158889770507812 -0.1688232421875 -0.0421600341796875 0.0564918518066406
-0.142807006835938 -0.146011352539063 -0.0773773193359375 -0.0359573364257812
-0.200027465820313 -0.0804901123046875 -0.130844116210938 -0.0421905517578125
-0.1700439453125 -0.0130462646484375 -0.137413024902344 0.00353240966796874
-0.151657104492188 0.05255126953125 -0.114517211914063 0.0237960815429688
-0.0976486206054688 0.103042602539062 -0.0687141418457031 0.0456466674804687
-0.0390243530273438 0.128570556640625 -0.0275306701660156 0.0403251647949219
-0.02783203125 0.133201599121094 -0.00765705108642578 0.013035774230957
-0.0071868896484375 0.136878967285156 0.0167217254638672 -0.00912857055664062
-0.0538253784179687 0.121940612792969 0.047027587890625 -0.0301284790039062
-0.0973434448242188 0.117179870605469 0.0861282348632813 -0.028289794921875
-0.13641357421875 0.0869827270507813 0.121208190917969 0.0207061767578125
-0.20135498046875 -0.0106201171875 0.0860748291015625 0.0956344604492188
-0.181594848632813 -0.079071044921875 0.02667236328125 0.0892410278320313
-0.186248779296875 -0.138153076171875 -0.0421409606933594 -0.00161743164062501
-0.13739013671875 -0.170730590820312 -0.0941696166992188 0.00314331054687499
-0.14361572265625 -0.148757934570312 -0.121597290039062 -0.0612869262695313
-0.206710815429688 -0.0736846923828125 -0.136772155761719 -0.0508346557617188
-0.1708984375 0.00215148925781253 -0.124320983886719 -0.0114288330078125
-0.14447021484375 0.0648193359375 -0.0893783569335938 -0.00315093994140626
-0.0888900756835938 0.107017517089844 -0.0493812561035156 -0.00238800048828123
-0.0374374389648438 0.124603271484375 -0.0273914337158203 -0.0117626190185547
-0.0322113037109375 0.127830505371094 -0.00865936279296875 -0.0304889678955078
-0.0194244384765625 0.128921508789063 0.0171966552734375 -0.0536079406738281
-0.0677261352539063 0.105522155761719 0.0574989318847656 -0.069427490234375
-0.108001708984375 0.0917892456054688 0.0986480712890625 -0.0505828857421875
-0.140045166015625 0.0569076538085938 0.119712829589844 0.0113983154296875
-0.189651489257812 -0.042266845703125 0.0703277587890625 0.084686279296875
-0.159576416015625 -0.110107421875 -0.0116500854492188 0.0731277465820312
-0.1488037109375 -0.160842895507813 -0.0881500244140625 -0.0503768920898438
-0.08831787109375 -0.145156860351563 -0.134437561035156 -0.0398178100585938
-0.112258911132813 -0.127265930175781 -0.154205322265625 -0.0761871337890625
-0.167922973632813 -0.058868408203125 -0.133102416992188 -0.0581436157226563
-0.134368896484375 0.00746154785156251 -0.108901977539063 -0.028717041015625
-0.110145568847656 0.055511474609375 -0.0668525695800781 -0.0304374694824219
-0.06732177734375 0.0871734619140625 -0.0379829406738281 -0.046112060546875
-0.0325241088867188 0.0988922119140625 -0.0297622680664063 -0.056488037109375
-0.0314102172851563 0.10150146484375 -0.00701904296875 -0.0688056945800781
-0.0269241333007812 0.103782653808594 0.0234146118164063 -0.0923004150390625
-0.0682373046875 0.0784759521484375 0.0764923095703125 -0.0992431640625
-0.100006103515625 0.0586090087890625 0.11578369140625 -0.0627670288085937
-0.122329711914062 0.0250091552734375 0.118377685546875 0.0053558349609375
-0.153167724609375 -0.0641021728515625 0.05792236328125 0.0679359436035156
-0.117561340332031 -0.122734069824219 -0.03662109375 0.0427398681640625
-0.09027099609375 -0.158645629882813 -0.112571716308594 -0.102760314941406
-0.0215988159179687 -0.100967407226563 -0.155227661132812 -0.068267822265625
-0.0553970336914063 -0.0903091430664062 -0.168838500976563 -0.081085205078125
-0.0953521728515625 -0.0428085327148438 -0.124702453613281 -0.0643310546875
-0.0728912353515625 0.0010833740234375 -0.10040283203125 -0.0437698364257813
-0.0614395141601562 0.0262641906738281 -0.0555458068847656 -0.049957275390625
-0.0413742065429688 0.0474472045898437 -0.0355911254882813 -0.0735321044921875
-0.0256385803222656 0.0554389953613281 -0.0343856811523437 -0.0866546630859375
-0.0247764587402344 0.0609550476074219 -0.00481414794921875 -0.0954437255859375
-0.0232162475585937 0.0662155151367187 0.0323257446289062 -0.120872497558594
-0.0493621826171875 0.0473823547363281 0.0961074829101563 -0.117027282714844
-0.0703277587890625 0.0332717895507812 0.1328125 -0.06787109375
-0.0849075317382813 0.00803375244140625 0.118850708007812 -0.000740051269531249
-0.104568481445312 -0.0595703125 0.0548973083496094 0.046234130859375
-0.0687637329101562 -0.106521606445313 -0.0423736572265625 0.00834655761718749
-0.0278396606445313 -0.127326965332031 -0.116165161132812 -0.149490356445313
0.0427770586007158 -0.022100168215843 -0.0742235949258757 0.186094069545671
0.0166421338424229 -0.0566632844481276 -0.0124373613712808 0.0627513385243088
-0.00835291331208099 -0.0542984445021506 -0.0169518107789715 -0.06117714149571
-0.0265765636337149 -0.020374075267738 -0.0610876645447894 -0.102439026208241
-0.0161780838834977 -0.00703892183375894 -0.132802014657084 -0.103816336692924
-0.00786257498491045 -0.0130564477047407 -0.175041013732728 -0.0448440871257613
-0.01758921223548 -0.0185457714065224 -0.153907921838366 0.0239124717163402
-0.0221687465016536 -0.0169710929338633 -0.111403760471421 0.0640829781019604
-0.0185521985264303 -0.0256576098131706 -0.0800603869929577 0.0759149373587289
-0.00320491043230461 -0.0307190098532379 -0.0597184603682175 0.0826485597205013
0.00573778594911866 -0.0285782853055162 -0.0276102773197123 0.0906997451075216
0.00852988266468414 -0.0276399916250845 -0.0111861054221952 0.117534867862975
0.0195858954414672 -0.0365771865275539 -0.0127436009016033 0.143727131913866
0.0429883787290569 -0.0221952165473302 0.0124131225128851 0.171917894503057
0.0590454982026445 0.0034069706998147 0.0329120787768785 0.163888694827409
0.0193522035083825 0.0566630868724987 -0.0787259732827208 0.166859580690452
0.00396031602550851 0.0164096923375731 -0.013316819767681 0.0458516925424822
0.00157198300157269 0.0184973644433491 -0.0192655557300553 -0.0818080387615906
0.00191721435951178 0.0336581836087434 -0.0639279969542167 -0.115868618403928
0.0306941152826458 0.0251353284342331 -0.133394375653345 -0.115441382621278
0.0417236243933395 -0.00174953672487021 -0.17272020099733 -0.0537657022867663
0.0334224738292946 -0.0259840528150643 -0.154047099862136 0.0135053470878625
0.0226160082203049 -0.0402536492190065 -0.110577046132978 0.0559409501828245
0.0285560684311532 -0.0532409680903722 -0.0759835037155524 0.069253075959819
0.0454137361454081 -0.0464889825593934 -0.0500666354585414 0.0725792818058124
0.064044972488936 -0.0341718716852563 -0.0156429987378971 0.0827051062297457
0.0730977077815178 -0.00179548650884378 -0.0010216935272894 0.115033404040752
0.0722115576934069 0.0206639301907641 -0.0142641526304852 0.138683676586732
0.0586326790571889 0.0499813980694297 0.00867894230967999 0.156997034789818
0.0532605082864927 0.0851333954325906 0.0258934677131087 0.144662678508266
-0.00736404131721278 0.130105399064367 -0.0702238712538103 0.124119354846042
-0.00906429143624559 0.0952848805816788 0.000908221893115179 0.0114704548965552
0.0184308743750788 0.0975473824149098 -0.0121941810277205 -0.114275392166937
0.0393530987025183 0.0879689064591073 -0.063596231850345 -0.134834152420283
0.0809818901556653 0.0527126001648855 -0.129289527398945 -0.12125492533615
0.0893542350080537 0.00709281910834496 -0.155920390859117 -0.058350426611104
0.0818643765869522 -0.0318632210588214 -0.135796570373719 9.15697584402632E-05
0.0643384445737306 -0.0579467817761762 -0.0947080388376022 0.0389410271975467
0.0702243354093668 -0.0738005019880501 -0.0589990512755143 0.0505336444040151
0.0853540095312671 -0.0557422010658445 -0.0267222819146479 0.052790308253679
0.109878448445712 -0.0370554766542122 0.00751620987648903 0.0695386514885132
0.123593375521084 0.0159063016832337 0.0160633282037081 0.109735912366781
0.116915079550709 0.0653025304133421 -0.0147322379073656 0.13252806020785
0.0703974897279126 0.109055252639235 -0.00504501733863208 0.133317518811242
0.0411986531353137 0.152203473174394 0.0141395070046904 0.103081689070038
-0.0309847179803171 0.185168321494997 -0.0525687819012578 0.0614658534458374
-0.0173092712904057 0.166843210676541 0.0229630124457737 -0.0370288075564779
0.0428410052538253 0.169176539573595 0.000820976985991563 -0.151459638876549
0.0847410532733554 0.131733739613534 -0.0577697085124484 -0.153829164345419
0.12882540869482 0.0668440774539358 -0.116419208107925 -0.121408005946636
0.128157986635606 0.00909143034926896 -0.123982551031117 -0.0601039382911919
0.1182679747412 -0.0357126158795271 -0.100996966355013 -0.0151396757921602
0.0963990985665887 -0.0676354102192858 -0.0648856205329066 0.0150387575532079
0.101821441343583 -0.0805882900863151 -0.0308089059265762 0.0245284461254732
0.113495978625208 -0.0523187795701255 0.00554551061182851 0.0279498048468698
0.139128709916969 -0.0300383790300821 0.0363505158985405 0.0543032438308575
0.151408581826633 0.0351998881429444 0.0344411854008386 0.102303426862659
0.139373137380454 0.101515097397026 -0.0146519550825899 0.123871316643295
0.0678691961282396 0.152790875124895 -0.0235682564521407 0.103037186469023
0.0196168580881171 0.1959928264309 0.00202822498805309 0.0462285487177486
-0.0458213404428428 0.210479985222204 -0.0333319342234453 -0.0119636644062895
-0.0167745834487685 0.210488423901512 0.0386600395470058 -0.0943222577239908
0.0664023739117775 0.212694017544797 0.0111790569819524 -0.180981619897789
0.12221430595795 0.152430105369 -0.0464632301350944 -0.164501935082143
0.160696464143945 0.0657444541335206 -0.0893401123713725 -0.116317416894481
0.14759425150667 0.0044642487815132 -0.0793053947077317 -0.0619691535682076
0.136197143150693 -0.0374746484261246 -0.054759544765518 -0.0323887597921187
0.113303462586975 -0.0674144432766049 -0.0254156945777045 -0.00966762462642203
0.118617985922418 -0.0740933791663958 0.00644526892904496 -0.000611327125389898
0.12777279514254 -0.0351350383212749 0.043799615636368 0.00650714479701696
0.147680623412539 -0.00880113894624161 0.0685533677938781 0.044548822770799
0.152400632127337 0.0604459124951739 0.0509401803124401 0.0957202697932205
0.134476537197286 0.131058127299541 -0.0141236154676641 0.110980515385411
0.0477156153300888 0.177510412996786 -0.0399286093050621 0.0679799366539644
-0.0106610557219783 0.210627669767327 -0.0041923041961674 -0.0168200497752696
-0.0510820993726874 0.198982795432144 -0.0195612616391774 -0.0834431282338069
-0.0130580429961598 0.213791832428517 0.0408240239293232 -0.147400684399541
0.0770094287901262 0.213529803127889 0.0151377635457891 -0.193704781688091
0.13416342250326 0.143495552213351 -0.0310766610215078 -0.161527603789068
0.161032643953698 0.054197950416228 -0.0521918276482864 -0.107207820785149
0.14170465815843 -2.72505019761528E-05 -0.0285795263529541 -0.0655441886189975
0.131536925623042 -0.0338000104912593 -0.00656948457172045 -0.0496334714521282
0.112395118398666 -0.0568303923423514 0.0162334088474394 -0.0314971328028254
0.118446560915427 -0.0556604913361247 0.048708712162377 -0.0191343440256292
0.124730384432507 -0.0114473473844072 0.0845510081273951 -0.00248726764646298
0.135439131418244 0.0176373614215736 0.0991769077030451 0.0461219021937718
0.128677212314309 0.0829874603765409 0.0623090323076881 0.0937857804672401
0.10559768381949 0.146877045487438 -0.012825528143259 0.0961417367637662
0.014993273634998 0.180022162512576 -0.0457610246594466 0.0314914510889265
-0.0432906159793505 0.194987353470976 0.000899188853548815 -0.0781524595653309
-0.0510023533360086 0.150188077918847 -0.013726753122439 -0.137815464888278
-0.0120717844132936 0.174748368255503 0.0302136067363026 -0.183640999601945
0.066327667123127 0.172802318295304 0.0153238002398951 -0.187230653881085
0.110709673404029 0.109332045066971 -0.0133533972425936 -0.148053370695964
0.127045252757914 0.0392384147646194 -0.0141130073866977 -0.097446435023205
0.110710864222316 0.000550219398993052 0.0165699337476962 -0.0709777512897034
0.105661153320794 -0.0216690749654128 0.0362608273178912 -0.0649811946620671
0.0928971305099037 -0.0385264297972601 0.0551619259052902 -0.0472441410392626
0.0998163320601484 -0.0322240385208634 0.0890524672163299 -0.0285918690962274
0.10265209252466 0.00834292186043763 0.120700063902427 0.00203607044968766
0.104738725016255 0.034865007549993 0.121468557079283 0.059990772589392
0.089229674474024 0.0884180385315642 0.0679998513852624 0.0959177170784607
0.0652907650082896 0.140000533559669 -0.00756127672193227 0.0802693925161978
-0.0182679823906096 0.157140412789161 -0.0365967990302258 -0.00155001559323903
-0.0687104133980481 0.151831606377294 0.0200175170847555 -0.127637170824674
-0.0486604094851161 0.0761236862263638 -0.0139027452547779 -0.166208746895075
-0.0177415837399415 0.105184010113806 0.0139427879914572 -0.195132484808067
0.035671877751261 0.104029710342705 0.0136426194728548 -0.168456458242909
0.0602433309425741 0.0629292319769044 -0.00178628217819329 -0.130872385644381
0.0691295486715294 0.02823888194154 0.0129290674255124 -0.089288266721581
0.0633900459296009 0.00907965117124668 0.0456195965562019 -0.074999616853348
0.0640132666842144 -0.00202510127969931 0.0660678870327882 -0.0737381677349491
0.0597057736285343 -0.0150593019052499 0.0846573978122162 -0.055349621844625
0.0642547604454603 -0.0105529901805066 0.121730986538968 -0.0282687490711316
0.0647227933179096 0.0156704471935409 0.145346337389024 0.0151369374684782
0.0646305900008615 0.0311239277907505 0.133127783749796 0.078853743322564
0.0521846785089543 0.0668375010858768 0.0699953153816983 0.0990015071377289
0.0322752146794142 0.105704157619132 0.00409748690890618 0.0686201809318297
-0.0350488383718473 0.11299688662873 -0.0164061093256013 -0.0232565227774354
-0.0754197247916862 0.0902561951953524 0.045519471290366 -0.161151118468252
0.0400034031440168 -0.0231654922768051 -0.0601639651620435 0.186805598689369
0.0121527720439256 -0.0547615220974004 -0.00667162228275252 0.0622804191076936
-0.0112285132162356 -0.0513838516519025 -0.0190117672599258 -0.0606307404372554
-0.0252574726245261 -0.0182034179665543 -0.0667811604314201 -0.099484527210419
-0.0145157663872529 -0.0054695212560381 -0.13838043982614 -0.0951400620015799
-0.00751411315596659 -0.0130472821109492 -0.176605122097995 -0.032755925862291
-0.0178643383373553 -0.017671761944611 -0.150515755356496 0.0325742752359307
-0.0222560220938896 -0.0156318814973427 -0.105557307607797 0.0691963077960521
-0.0198582997044781 -0.0246838797359919 -0.0747054788489691 0.0811292266224199
-0.0046823434381986 -0.0306293365613864 -0.0537595438853384 0.0864687029756333
0.00449239221403981 -0.028858840913627 -0.0227599931030221 0.0919371208591714
0.00830029573224883 -0.0269898761947218 -0.0043515953596441 0.11774363406093
0.017201268663471 -0.0361233109357838 -0.00414929647244831 0.143561206816196
0.0396865483877219 -0.0235063125315369 0.0214536850846039 0.169335842043846
0.0568138856605676 0.000466607950966437 0.0411947345004249 0.161933298926173
0.0215401046227756 0.0565382644151177 -0.065783288665791 0.167513882459528
0.00426180042887248 0.0181297283498369 -0.00812009069271491 0.0450978859754375
0.00400468423289254 0.0207738961289103 -0.0223304425153448 -0.0810540138509727
0.00558009954471276 0.0344508392304295 -0.0685683392097591 -0.11208926962069
0.0337318687598946 0.0236011507295418 -0.140598486990451 -0.10665017199973
0.042499670622604 -0.00449227402684805 -0.174709529226366 -0.0422927541862443
0.0327932216531688 -0.0283656130569347 -0.150558510846417 0.0221768443365227
0.0206851827145585 -0.0412780850093933 -0.104817960672826 0.0607808133033659
0.0250238455735454 -0.0552296218783634 -0.0701963316566804 0.0729898547347967
0.0421772966255207 -0.0490193227286275 -0.0438169204776239 0.0764447887265351
0.0624069879632055 -0.0376386282303907 -0.0103990882516002 0.0829025555220552
0.0732360081033853 -0.00594201422671826 0.00663513246463237 0.114205161523835
0.0729321863716932 0.0165067488696161 -0.0057068415862264 0.139346551824984
0.0602229923725784 0.0467817299664819 0.0178768447758322 0.155043436632986
0.0562620498626196 0.0814654719592257 0.0332770717914719 0.144412921090195
0.000208260324571328 0.130838461397104 -0.0596799514081183 0.124073591528789
-0.00382073069029072 0.0970281461409598 0.00444284466995243 0.0106151270438225
0.0253665454030737 0.0968330888444024 -0.0167589549362816 -0.113194545822934
0.045944583670539 0.0866228174305092 -0.0689402604910389 -0.130602338506529
0.0851044888883348 0.0470958880047411 -0.135887877190845 -0.112365136690864
0.0908985633122397 0.00162712943360158 -0.157496240564991 -0.0488472438473192
0.0798274143639279 -0.0372860711324546 -0.132994801608969 0.00825716718044025
0.0605091839172267 -0.0620015342018969 -0.0895654897451891 0.0430675724772738
0.0647696854634751 -0.0775900362497641 -0.0536453847752305 0.0536672896938558
0.0816057188389268 -0.0607307337206133 -0.0223413535532909 0.0546467114514517
0.10699068820387 -0.0442736457141741 0.0120858944097878 0.0688670556341385
0.124706596462702 0.00898133828192195 0.0237070654177567 0.107775036105103
0.119663741937983 0.0577430769213304 -0.00568993069217001 0.13410269655446
0.0758091217218124 0.104261827234922 0.00332238223639738 0.132421006899225
0.0493871279341269 0.148938643426462 0.0198511413507473 0.103435870711235
-0.019347675584523 0.186507392933092 -0.0454850220853192 0.0612039734002808
-0.00691903356727228 0.16695431124918 0.0233330411124641 -0.038741210630865
0.0536133562029418 0.165290887420418 -0.00591732081372163 -0.14954398704155
0.0930174430222678 0.127211389899104 -0.0637511174861369 -0.149089645430513
0.132724354461586 0.0581515259249633 -0.122080630449941 -0.113473869661216
0.128757059596536 0.00104929537499087 -0.125864917796157 -0.0525094341207199
0.115501664157876 -0.0439884888363795 -0.100040952807429 -0.00920303521690927
0.0905441318829278 -0.0734947229995032 -0.061675842511209 0.0184417424673798
0.095148618169994 -0.0870104682452618 -0.0272821019849815 0.0269339631969001
0.110263835098179 -0.0588956515026718 0.0079666993433286 0.0283244263066474
0.135625671970668 -0.0387625221293873 0.0407993252450622 0.052377748269535
0.153444585286393 0.0262922459511889 0.041694088861127 0.0988454496676713
0.144577350228801 0.0919348890485143 -0.00527249572318587 0.125161569192151
0.0765799192875737 0.147946097749473 -0.0162737850643268 0.10395313475431
0.0306394342008212 0.193547077888245 0.00535121955733399 0.0479536325222093
-0.0307034043476421 0.21224238389043 -0.0307548473603561 -0.0128299300263841
-0.00375668837160835 0.210064234907036 0.0354549372744644 -0.0966737911293536
0.0800284383303269 0.206145758656 0.00301844162902018 -0.179207132819049
0.130532415054625 0.144781110657188 -0.0529161622488351 -0.159689181760031
0.163237997406608 0.0546912257804629 -0.0947438179302024 -0.110117247437766
0.147240254459025 -0.0048585645738567 -0.0810667372324419 -0.057083611844031
0.13308540607535 -0.0466424923360423 -0.0557780831269621 -0.0285504951421145
0.107575934003828 -0.0738605751943425 -0.0247374187215781 -0.00862474586975775
0.11216032591853 -0.0809710134468874 0.00806682429655472 -0.000422056386715582
0.125313195531971 -0.0433447224794275 0.0444240701539736 0.00472550193133202
0.145042503022912 -0.0182477133127301 0.0720857165228346 0.0400595688386795
0.155266621371295 0.0513612889286293 0.0579917903652541 0.09171127919015
0.141778953248716 0.120915769143989 -0.00587156625006142 0.112896481240437
0.0582492083475768 0.173206021265266 -0.0345332899225806 0.0709234541111146
0.00260435112107874 0.209508025155052 -0.00504027857850399 -0.0140623596121925
-0.037010860467959 0.200982208034431 -0.0216806055323348 -0.0838543511339982
0.000870873453170723 0.212026645290182 0.0337721781245734 -0.149379026346056
0.0901893542514133 0.205461770638503 0.0052655399650188 -0.192269771302786
0.141563147116035 0.134136886676164 -0.0375585885599259 -0.157951578537213
0.162392211409234 0.0429944933660294 -0.0577306308871862 -0.103536840473382
0.140518160710284 -0.00863200098539015 -0.0312518864581384 -0.0649168251651045
0.128143040965301 -0.0424591467097526 -0.00940615157109018 -0.0491449452293686
0.106671182219668 -0.0642166628857984 0.0154329620707408 -0.032471023423844
0.112950719387699 -0.0626031245574074 0.0485279777894933 -0.0218994797517696
0.123135033794019 -0.0188699728258118 0.083822210040209 -0.0073146470763797
0.134916128248031 0.00881817454937095 0.102628749374182 0.0396041264975672
0.133327644778013 0.0752011544268341 0.0691167144697853 0.088780520643509
0.113473984907058 0.138676086385324 -0.00538539108502303 0.0975531558871916
0.0261496984046477 0.177357895341513 -0.0421735660152504 0.0352758761495515
-0.0302257073112853 0.196211781893479 -0.00329765960702722 -0.0748733972112846
-0.0391832307398697 0.152971310714474 -0.0196278671302188 -0.138282577184769
-0.000287512632818759 0.172673187657558 0.0200563534434778 -0.184155741012491
0.0761474602216497 0.164999316885259 0.00502152328506361 -0.186347703849739
0.116066698657878 0.101491175757335 -0.0200687567668675 -0.145744305378287
0.127686636341608 0.0299630230147464 -0.019516441758521 -0.0964179542291896
0.109521379300818 -0.00657443109394187 0.0122622614245403 -0.0731995324799243
0.103156570432786 -0.0284181404248002 0.0318408862951394 -0.0665732618146949
0.0886416420164025 -0.0438522809137928 0.0523893515716192 -0.0499996166983198
0.0960048967344241 -0.0376071311704145 0.0875722706724669 -0.0329238646012656
0.102498349378711 0.00221962051384113 0.119434548478963 -0.00530018843705564
0.10526954091589 0.0280280976629127 0.12490261957085 0.0518171817410626
0.0942581740351768 0.083152487650632 0.0740057229542742 0.0905035577718159
0.0728961221324157 0.133538070041841 -0.00135214366713492 0.0819359364787635
-0.00835715147442366 0.156516307808377 -0.0352110033257729 0.00256800118541893
-0.0574356161151549 0.154714945606393 0.0122549166641153 -0.125617998167054
-0.0419998760622854 0.077961651300073 -0.021823342733145 -0.165865288815187
-0.00996557610003708 0.103842249979176 0.00307220389855492 -0.194775720163936
0.0418236970137529 0.0994801908711295 0.00462869704608606 -0.167641497214732
0.0632787151717665 0.0587207441351276 -0.00804904179061783 -0.129805895187025
0.06906525984329 0.022930962412531 0.00801443347718797 -0.0898772306670201
0.0623622216127711 0.00483737985669727 0.0412380761880369 -0.0787579854979524
0.0632473302529248 -0.00584493114592047 0.0600675752825014 -0.0774814582283209
0.0576313940470495 -0.0182322152498817 0.0803119052219305 -0.0599867763164684
0.0622298009766537 -0.0139163251232475 0.118890676249197 -0.0351023049494935
0.0654215262679072 0.0115911624986777 0.144975354414843 0.00602490003896578
0.0653633713257415 0.0272456537785577 0.138001344210329 0.0698288030781601
0.0553829280991179 0.0641215580928484 0.076237352547966 0.0942440651858397
0.0379500670408827 0.101380438304673 0.00867436338146395 0.0697399950567501
-0.0273407919370517 0.112334536589944 -0.0175208265690771 -0.0196779903286662
-0.0677534798506561 0.0934869984160531 0.0357498017761322 -0.159963873193727
0.0363711738159209 -0.0235178890650866 -0.0474949178507879 0.18167867888544
0.00872164474144523 -0.0512728850128632 -0.000779734474881183 0.0588502018522839
-0.0126523442001129 -0.0472436259277983 -0.0211355796320025 -0.059506381224648
-0.0241843634012261 -0.015488218823223 -0.0701712956405576 -0.0942345350101678
-0.0127112292373086 -0.00427360724714039 -0.140314261459316 -0.0846363657553788
-0.00769056508114369 -0.0126295204120981 -0.172999081518394 -0.0211208163687668
-0.0175820358413219 -0.0159127039202391 -0.143644463406371 0.0389614893618126
-0.0221237983057968 -0.0134748774154645 -0.0976154502500407 0.0715363443324109
-0.0196672324936821 -0.0230476432932626 -0.0674962460201207 0.0828141314666175
-0.00619348934286699 -0.0302319208470404 -0.0469044615455618 0.0880462568028466
0.00353916326797518 -0.0283281079952635 -0.0174391206938364 0.0904250844106182
0.00750787188202337 -0.0262527476257816 0.00200842306979851 0.114637138015426
0.0153564199157764 -0.0351468192644656 0.0030543157573914 0.139763590348244
0.036791361545305 -0.0236805607237741 0.0286464805749343 0.1624351448024
0.0534465057767336 -0.00238020237344998 0.04743096057299 0.15639267209659
0.0233982625103879 0.0548479657815895 -0.0525354513160821 0.163220298788678
0.00528398134307379 0.0194761959494926 -0.00356546723079247 0.0426965483252819
0.00581162851726348 0.0207169292355415 -0.0249671943280768 -0.0782734363063385
0.00901211359631802 0.0344580270558906 -0.0711850186796147 -0.106409522443217
0.0360168012044186 0.0205231760303008 -0.141996958511201 -0.0953334038499505
0.0418813409800051 -0.00716993248370645 -0.171266094666554 -0.0308806530437787
0.0305484339691361 -0.0301783797990689 -0.143942036661613 0.0293824183506633
0.017523299322189 -0.0413070369770008 -0.0972267976045964 0.0636076761239747
0.0213407165991982 -0.0550527901096464 -0.062680440889298 0.0752476577410856
0.0387518521113119 -0.0503477032448355 -0.0372778064512677 0.0773746018799061
0.0584231095561525 -0.040308561749091 -0.00559171970965881 0.0816712931140582
0.0714223679137631 -0.00903914636551664 0.0132100658610468 0.110453128590697
0.0722548646081257 0.012590546522364 0.00269348702307912 0.136298085335593
0.060404486523129 0.0438071180844335 0.0253114962580574 0.149018472360708
0.0575584877745329 0.0762044232928534 0.0392033749205475 0.139614735390837
0.00709064375160951 0.127556975407008 -0.0486018913016834 0.120267872047924
0.000813402407408303 0.0957770216929387 0.00751114241675339 0.00826120253895144
0.0308807110417019 0.0929967847539019 -0.0206130223918077 -0.109222978976259
0.0507980049309008 0.0825530822996835 -0.0719366394644031 -0.124245067561835
0.0869752459428319 0.0409681677961933 -0.137944662956039 -0.101299605084831
0.0889872300012635 -0.00384879990732898 -0.154527703755792 -0.0387732556905871
0.07570754807689 -0.0410960525979091 -0.127374440866849 0.0148769574442226
0.0547726880735961 -0.063493776314585 -0.0826916839683433 0.0450786435906194
0.0578978269555417 -0.0793324057452303 -0.0478586043418596 0.0553696182234008
0.0763077268149513 -0.063603472063146 -0.0170752538468371 0.0553647242306571
0.100951957788472 -0.0490297024098696 0.0156347126215767 0.0663796830953528
0.122104268343638 0.00222925117374244 0.0295868337222651 0.102979572749053
0.119658835564949 0.0490661434600659 0.00291436385658475 0.131381890199559
0.0785960977686236 0.0988446618900845 0.0107626423223983 0.128161891890573
0.054825883657857 0.14222149332819 0.0249816156211618 0.101532985226549
-0.00806999713298595 0.182927497902078 -0.0382284480726701 0.0588500075010561
0.00188255223827008 0.163418371987331 0.0228213659735356 -0.0402727402547
0.0620638282927082 0.156854215055426 -0.0115102084633957 -0.144555596894924
0.0985934263795563 0.120173470858128 -0.0675652893618816 -0.142364321765593
0.13330128591602 0.048829429616509 -0.124757638462281 -0.103179368523174
0.125861325575106 -0.00611093668474372 -0.124038205396346 -0.044745518243218
0.109627798294128 -0.0496402070855889 -0.0958239799068978 -0.00312035203696115
0.0836778296120454 -0.0765312488189644 -0.0566447031224619 0.0199066716094459
0.0863794026223162 -0.0901545412247915 -0.0234564589622047 0.0271312258615252
0.104159886575747 -0.0633342477548427 0.0103292228610045 0.0275300753587124
0.129136364990898 -0.0456401673029398 0.0429960210895107 0.048833904387376
0.150593064065618 0.0171994723019542 0.0473486609853209 0.093960702524473
0.145250413327352 0.0808981446823568 0.00279480006601944 0.123378609371702
0.0822166426374602 0.140418460613627 -0.00955406935523784 0.102288748498234
0.0400378704018075 0.186537208773882 0.007879199181936 0.0485218265115081
-0.0175762783493803 0.208071868281554 -0.0276076148413369 -0.0135401971550043
0.0080766523935149 0.203868135980782 0.0312161420131294 -0.096687657881335
0.0893015362237293 0.194718964827607 -0.00500923964758538 -0.173697495412086
0.135261986121381 0.134410337864865 -0.057180492025324 -0.152935138765486
0.161482177987152 0.0437329709154502 -0.0972464966971581 -0.101324395764681
0.143046377475667 -0.0124983927125725 -0.0812232351292788 -0.0523374378582057
0.126067581701716 -0.0532558311019432 -0.0548273817556977 -0.0245837026702282
0.0988468228606538 -0.0780017059725616 -0.0222098887018987 -0.00748325023130923
0.103312791656878 -0.0853359155387328 0.00918444812692018 -0.000945278610446413
0.119809357000375 -0.0490706769543703 0.0437981211434686 0.00255357253933138
0.139624196072013 -0.0266442639725975 0.0729240213621416 0.0351219188229465
0.154127901722249 0.0409296352998519 0.0621463764070359 0.0856853165374856
0.14414634878844 0.109490419669162 0.00262693999261937 0.111244752292335
0.0662060545205044 0.166032100066713 -0.0284981951626912 0.0714071118557245
0.0144278411877323 0.203715276194286 -0.00503085473716578 -0.0111583109476891
-0.0228813962615016 0.197689571670706 -0.0235218294275903 -0.0825407907587554
0.0132435099021676 0.204825262117996 0.0267525448544007 -0.147362801763816
0.0993239869264078 0.192546346706629 -0.00282884473206711 -0.18682976840853
0.144198158063771 0.122727382182938 -0.0417496689289608 -0.151941286842649
0.159495578941901 0.0321536381723675 -0.060531363491705 -0.097367828171184
0.135959750487055 -0.0166609437638559 -0.0336828592843264 -0.0621659624410876
0.121318354898623 -0.0492715545050228 -0.0107736847323647 -0.0467304411236159
0.0984189478807746 -0.0682034952339424 0.0144037270668785 -0.0328604018586052
0.104967164892585 -0.0675155726719107 0.0462806157638227 -0.023772126213628
0.119100821022136 -0.0253603782293139 0.0817773760868602 -0.0117778523891051
0.131418974055602 0.000637923542018542 0.102058075939012 0.0325541358777995
0.133804883920399 0.0661851977332219 0.0726121592829859 0.0819619859998806
0.117260137965412 0.127154715206295 0.00200767741966438 0.0966236439760417
0.0353655657440191 0.170327575652752 -0.0382744191119894 0.0378761627859864
-0.0175391199228005 0.192119205181075 -0.00656095978430375 -0.0701726227323748
-0.0277524453734824 0.15030287363493 -0.0246506143338415 -0.135046834032356
0.0101276840174014 0.166314366189689 0.0111936911934252 -0.180574423594606
0.0835014221303616 0.154446241508573 -0.002963616987741 -0.180802882704197
0.117181517269731 0.0918693644510364 -0.0248763743592795 -0.139810906822848
0.124018911877872 0.0213559571681603 -0.0233780222434224 -0.0918567561819856
0.105396702678616 -0.0122873534991737 0.00812949322941248 -0.072385548975833
0.0976659894636965 -0.033625152077194 0.0271079124099387 -0.0660531161270512
0.0830834203248898 -0.047622667688276 0.0483376138692738 -0.0511977106826682
0.0898269806234528 -0.0421715486435832 0.0834001109381159 -0.036541698964519
0.0998472595123117 -0.00283614671218883 0.116202161213677 -0.0118963892869726
0.103520858450331 0.0217189894479964 0.124847585591776 0.0430614137335542
0.0961682470275506 0.0760699685264518 0.0775899101511174 0.0842706227920063
0.0769275673577173 0.124487939256978 0.00408970583221566 0.0808951352763046
0.00108230036606977 0.150757927794785 -0.0332466630441282 0.00572933699457576
-0.0458174980580741 0.152729947723722 0.00582466899019102 -0.120135492796974
-0.0346459214590096 0.0787577581641828 -0.028940119591461 -0.161197138819925
-0.00346499127296197 0.0992493148096945 -0.00661171598311826 -0.189784482816584
0.0457624654051256 0.0923612652955693 -0.00302696001840172 -0.162919372180173
0.0636715387525757 0.0535318701260775 -0.0128223754385155 -0.125396875922847
0.0674553674619784 0.0179963103021319 0.00371434360271117 -0.0879152083850447
0.0601687905571196 0.00119454134882831 0.0351562145574802 -0.0797737444283352
0.0598693767123565 -0.0100572362689875 0.0532689050166662 -0.0788250902570044
0.0537299083450868 -0.0206394562729923 0.0738702666506619 -0.0619631736322222
0.0586327802805199 -0.0167926355898971 0.113182156041405 -0.039946954141137
0.0639268259310118 0.00816166506566186 0.140743140966987 -0.0021161051507624
0.0644446781153431 0.0237394374705596 0.138208723599874 0.0598955685553468
0.0565400611981651 0.0599282617417697 0.0794317837998752 0.0877790532785022
0.0408729572619289 0.0945265632415581 0.0126042327615108 0.0686694532959287
-0.0197220793717868 0.108684193280801 -0.0174505536667089 -0.0169571890207785
-0.0593592662599995 0.0941684024440197 0.0262126948875255 -0.155116170382995
0.0260029061019589 -0.032355040313388 0.0158111895568615 0.180099435035584
-0.00931389894220588 -0.0475023607057886 0.0217379896781438 0.053664433877329
-0.0272482662799826 -0.037416122802077 -0.0350544523700171 -0.0487730579062917
-0.0264884554568764 -0.00636646936159485 -0.0938804458776874 -0.0658448389320477
-0.0129855442783292 -0.000617556150712024 -0.154931937273286 -0.0324367744513047
-0.0127479490311479 -0.00947708742405308 -0.162336826806605 0.0389764799982284
-0.0223605793253939 -0.00869432827917037 -0.115159512566742 0.0836837682335614
-0.0236170643793492 -0.00492079464018158 -0.0634274794170896 0.0956415118198329
-0.0248401832042294 -0.0140958119442017 -0.0327038221155545 0.0969270870707559
-0.0152198139253686 -0.0256134309067814 -0.0136182020920348 0.0959341775299795
-0.00584645078354508 -0.026605228883713 0.0141914286204975 0.0880019013549095
-0.000578149070812316 -0.0264594285848108 0.0379465554512253 0.103251184749217
0.00330472445880218 -0.0359633024641428 0.0464919466340667 0.12691925762319
0.0248947431024565 -0.0333485467031654 0.0756075089971815 0.13821583250899
0.0464702500941412 -0.018354510147696 0.0887408841013109 0.127054893882784
0.0414682660100308 0.0449480567377367 0.00359363159806624 0.162434272398905
0.0123312248734234 0.0187144487972543 0.011923207400146 0.0373639499662316
0.0128557339112765 0.0178447389009156 -0.0481035449869464 -0.0640890472591316
0.0216870226634268 0.0274100294208809 -0.101433083892016 -0.0756094822248463
0.0394218404058909 0.00553592213330888 -0.161305275392532 -0.0398397347562697
0.0343258647005819 -0.0214458063370766 -0.165026142025553 0.0303943886559407
0.0172925865076816 -0.0380492705300984 -0.120112382308648 0.0760047887590151
0.0029220609513887 -0.041869880362745 -0.0650551817509263 0.088591793144525
0.000883989183449436 -0.0567299617385745 -0.0307572325400141 0.0888433252606235
0.0191292926745927 -0.0578967399813223 -0.0080867982208138 0.08353438675402
0.0393224238923005 -0.0552898770330449 0.0214796851515738 0.0772298745284774
0.0631209037295402 -0.0317174776324446 0.0456190211003178 0.0957778504752617
0.0695108108584836 -0.0115565821760605 0.0450606576331202 0.122538042593197
0.0687740493043943 0.0201010501812797 0.0690086987109967 0.126257842966493
0.0754821177574627 0.0524141285960077 0.0784853966024903 0.112928044575318
0.0523276272409971 0.117966329888921 -0.00883290106448583 0.119496922148303
0.0352978093170125 0.0889742348598214 0.00694599525121026 0.000429117454296302
0.0602991913541832 0.0742864948369244 -0.0584892208285208 -0.0937894394676282
0.0758915473444162 0.0566480499525936 -0.10931276603008 -0.0899441687051529
0.0913175492155169 0.00725438270203963 -0.160720304123151 -0.0452779870779073
0.0778309686368257 -0.0338079437714192 -0.153211475023919 0.0196948969457315
0.0549195929978309 -0.0640600788711097 -0.111453370766412 0.058442068306099
0.0283512428639859 -0.0741030011739729 -0.0573318576372319 0.0685621849424142
0.0253007988290454 -0.0900590168342494 -0.0234166447245344 0.065918595601422
0.0486939493376148 -0.0822973736574616 0.00222155249916817 0.0578278602350541
0.0746506099148202 -0.0773173984001363 0.0353897063867402 0.0575443207344831
0.11219917374081 -0.0381908254074398 0.0571636700634354 0.0843958257013277
0.124687970798951 0.00608768780504791 0.0441182333088473 0.116510460797093
0.103582697455497 0.0638308879114367 0.0509838862504501 0.111128962111123
0.0938670540462919 0.11314904135564 0.0558560363969599 0.0810508669573325
0.0576424872338745 0.173414190650663 -0.0203233263763934 0.0578350568129522
0.0598658541630473 0.149305900498929 0.00215241650472694 -0.050424472960185
0.109700424882752 0.121123106952027 -0.0651922202291536 -0.128354707260097
0.131779067538063 0.0721160684586918 -0.113928883350305 -0.106064532239766
0.13548687337928 -0.00119986624296503 -0.149143827136177 -0.049093241720125
0.110198551159331 -0.0481259794992954 -0.127726680452763 0.00438404902557916
0.0832588287383392 -0.0830559803209217 -0.0899900155120631 0.0320893085801825
0.0493973880152893 -0.0950630877285486 -0.0426473992830768 0.0380389404844194
0.0474894377009781 -0.108527652201856 -0.0102117293097009 0.0328914506583538
0.0739921467138147 -0.0917221841036873 0.0179594389099499 0.0242059822004762
0.100606586204838 -0.0829840676147128 0.0538320229394443 0.0327465652291032
0.143332586460818 -0.0336494039199873 0.0696712866454871 0.070033752564452
0.157140982604635 0.0263220778408328 0.0421220793803678 0.107947688851087
0.121122001628924 0.100069685751651 0.0253353081749478 0.0931047248264961
0.0951386533368434 0.158694966736989 0.0261858115012425 0.0385433281133635
0.0575671615469191 0.199036779678752 -0.0347406056640406 -0.0118444016284299
0.0787205376293181 0.183275825934942 -0.0100337179154985 -0.105187899865832
0.147094415021793 0.144136460789655 -0.0713255209968356 -0.15606403715685
0.169649508080779 0.071910814774222 -0.109619307823084 -0.117302454620824
0.159104544098821 -0.0154886496304943 -0.124369629521036 -0.0550324274746582
0.123916965852923 -0.0591180942071034 -0.0916561967049249 -0.0166159495637714
0.0969123684102003 -0.0918161685515693 -0.059927331469544 -0.000931293803736742
0.0623969424819204 -0.101562358216144 -0.021365524109806 0.00236073890397548
0.0641954620665426 -0.109774618904843 0.00990239209920958 -0.00310671573925729
0.0923214291008497 -0.0839868807477692 0.0401176775505842 -0.00952380313303629
0.116494415761357 -0.0692736888265789 0.0757397207941233 0.0105957634878212
0.153872064753147 -0.0129446519520736 0.0801682501341682 0.0570955472037795
0.164864771750207 0.051432787672272 0.0376170717762156 0.0970612210497053
0.115298935536172 0.128157183331423 -0.000520703656913372 0.071124116665118
0.0775556666861526 0.1828107873705 -0.00183715492889818 -0.0110957173303891
0.048696235087319 0.190133757116094 -0.0531076531817722 -0.0760429631268704
0.0829744708876348 0.181584405340702 -0.030992497284674 -0.149248069969021
0.155252537095249 0.138842522079166 -0.073429677508908 -0.167342166683186
0.173331955923305 0.0580299852278085 -0.094582853866934 -0.120550304626936
0.152801142023059 -0.0250000609101286 -0.0887203606336683 -0.0627578346299246
0.116397978559887 -0.0602271191142533 -0.0518803726466973 -0.041418853164437
0.0943874024700655 -0.0866014250434839 -0.0288115006943206 -0.0358345619475447
0.0652699096366084 -0.092118404924594 0.00337468103319352 -0.0317793687348558
0.0709907782178666 -0.094389346288089 0.035822812720681 -0.0349824107527514
0.0993468606086177 -0.062473307158623 0.0687929651468882 -0.0347266867611131
0.117849808618134 -0.0411372952667176 0.100677180624893 -0.00236653972056051
0.143252794658914 0.0165403977111435 0.0892572640001696 0.0501770631624196
0.146697415864549 0.0765650441020757 0.0330371439261826 0.0841831359653216
0.0884133860711894 0.142144479481512 -0.0191680458754046 0.0443347587353635
0.0449503774511276 0.18194345231495 -0.0206535161227396 -0.0628726264925001
0.0275540370056516 0.148119991753299 -0.0694411915840356 -0.122027822501261
0.0666292670463171 0.146622835200152 -0.0540221455090075 -0.173168660503896
0.126641173897181 0.108879353501662 -0.0697429272549232 -0.162195167872099
0.137243408287767 0.039982635385153 -0.0735881261678446 -0.115919099387812
0.117571849070274 -0.0225243182830944 -0.0520232380778895 -0.0721052570276601
0.0902548083892516 -0.0459274805780267 -0.0172338252251392 -0.0663507777127569
0.0776606806834281 -0.0646415768813056 -0.000802284364514409 -0.0668813647038391
0.0581790669528204 -0.0693883705480135 0.0270390278087262 -0.0602477867533704
0.0663805841583792 -0.0667167065651009 0.0638417013065168 -0.0589418977352133
0.0888639132717559 -0.0362517934072129 0.0991492566038314 -0.0466056097142693
0.0996958696540918 -0.0138848268798574 0.124465448560586 -0.00110974911366914
0.111247535888985 0.0378458559986952 0.0946934126719951 0.0506825990417195
0.109132920940368 0.0867010906794739 0.030632770090049 0.0700556205210343
0.0509225113470013 0.135162841494275 -0.0253798181031892 0.0150164078882533
0.00718595768528533 0.154656855100465 -0.0254662153910594 -0.110267369900856
-0.00427431580830153 0.0829575982478122 -0.0796957840255756 -0.142666385006064
0.0305781006551806 0.0902776355223602 -0.0708771897751439 -0.174020131794318
0.0716835072329464 0.0657989363716447 -0.0607560928553985 -0.146651197237633
0.0754222728832187 0.0245391487239629 -0.0559140678331034 -0.108836159202343
0.0652863329339494 -0.00680626625965221 -0.0258741134062584 -0.0791641021775605
0.0542894713720739 -0.0191255005519629 0.00455922697557046 -0.0828016112987606
0.0514408707158909 -0.0297749542460715 0.0194149841523799 -0.0876811295775751
0.0412722509058855 -0.0354832302399209 0.0462502940517208 -0.0792821906234991
0.0469331712313867 -0.0332809534665536 0.0895190444227531 -0.0717433457284408
0.0600800268168792 -0.0137321339697706 0.124962939557606 -0.0462231301487492
0.0653577067684758 0.000560334759954814 0.141930582329503 0.00861066361223066
0.0702062659855391 0.0365160337176492 0.0982364603563198 0.0542135264935997
0.0662504913466932 0.0712052588695267 0.0345021500543103 0.0573279944741775
0.0181952084679205 0.104004300532329 -0.0188576323258303 -0.00982821997051843
-0.0234436925176647 0.104808049645721 -0.0191209540614002 -0.146078067122317
0.0241484011000206 -0.0305139915251865 0.0195053899690409 0.171761796052303
-0.00897468808962186 -0.0443379271540505 0.022894406008019 0.04965392104067
-0.0262679783791317 -0.0345356117664401 -0.034595600168446 -0.0474953087582034
-0.023872484305021 -0.00565897721334097 -0.0927054356619765 -0.0631624307756139
-0.0109420236059656 -0.00127328620906033 -0.151344825913192 -0.0278906699364057
-0.0122691007446812 -0.00949710671068126 -0.156575334131244 0.0415548281510083
-0.0216487100781323 -0.00836654231212521 -0.109721888024858 0.0828479366242269
-0.0224732682332674 -0.00444924560370256 -0.0598207392394349 0.0926954105614102
-0.024277133135609 -0.0130056588140068 -0.0288401362908068 0.0949676594148079
-0.0153860141558666 -0.0243963965440232 -0.0101293252858303 0.0942884545153438
-0.0060801564829643 -0.0262074008354451 0.0149897963500807 0.0852198695764644
-8.40736871233812E-05 -0.0251920132139982 0.0389604435126586 0.0999821678098998
0.00278976150630803 -0.0344247201078036 0.047342350722103 0.122614257955675
0.0238459123433182 -0.0313316042187333 0.0750758835766396 0.133076197794569
0.0435806107313417 -0.0180417716629848 0.0889329574057357 0.124394954909323
0.0413179848327527 0.0439974766058683 0.00699571332364528 0.153966105290331
0.0126859042479819 0.0195503035061099 0.0129926261191621 0.0340788712923491
0.0137785184046402 0.017957383209034 -0.046821890317132 -0.0624588727722877
0.023268980803394 0.0262230180502192 -0.0992636106313421 -0.0720953655293118
0.039666931987802 0.00394228383896474 -0.157293179426905 -0.0357465252310512
0.0328881321972655 -0.0218858498650957 -0.159297902668024 0.0327680808776079
0.0160314493000973 -0.03778006802674 -0.11434367660001 0.0751628842583135
0.001469463060797 -0.0412412471313836 -0.0612355381515614 0.0861953853642887
-0.000438132140666539 -0.0551167011878997 -0.0268112787521183 0.0859112844586497
0.0173424322351488 -0.0568555969213704 -0.00510657917219084 0.0817708598834533
0.0370559906510925 -0.055085268643025 0.0225972816387139 0.07523538313499
0.061232875714098 -0.0320061135109008 0.0463873723949102 0.0924111314319511
0.0674235077919995 -0.0117782154333019 0.0473465977772239 0.118552270566972
0.0672267613264781 0.0190378068909035 0.0693699780467235 0.121288294240868
0.0735152245921058 0.0501675566939406 0.0786893269969225 0.110284833874836
0.053390716152258 0.114079881083963 -0.0054733656148045 0.112942471239528
0.036078763037404 0.0870644468069437 0.00811789982131167 -0.00144064687012085
0.0606451673883999 0.0714198240240464 -0.0566286203981378 -0.0905882631463773
0.0763343394953324 0.0529977308859881 -0.106557137943889 -0.0868885099609625
0.0903547354887329 0.00420470856056973 -0.156223386166519 -0.0407453168641073
0.0750894698455422 -0.0350056947661713 -0.147739531188999 0.0212476851933073
0.0516504397443402 -0.0634931825330189 -0.105542706794467 0.0579722996089258
0.0254530459025888 -0.072575927969001 -0.0544620371961865 0.0657985683343467
0.0224154376505004 -0.0880964516448717 -0.020041265134674 0.0638515455805811
0.0460479499294097 -0.0816629065859253 0.00465816693825349 0.0566545846308645
0.0701444993659226 -0.076752883640394 0.0363417447759903 0.0559300926500453
0.108352448347335 -0.0398373504046168 0.0577511539017264 0.0803783173670512
0.120183838981045 0.00389365900136294 0.0461977221262813 0.112770185444703
0.102393633259527 0.0615777248230651 0.0519814684146311 0.107085263958717
0.0933454901287787 0.109009024029292 0.05652167012109 0.0798324533613644
0.0601453169584827 0.167219119737146 -0.0177907250980426 0.0530517775584253
0.0610638567446245 0.144531586368467 0.0024660637890295 -0.0513500502383983
0.109759022647495 0.114873230125997 -0.0640378813359207 -0.124229633389574
0.130607988520325 0.0681829132276362 -0.110734563105857 -0.102110185411463
0.132013277367633 -0.00447595745450258 -0.144774403301482 -0.0448902582668449
0.106428831239771 -0.049820937831408 -0.123339924568764 0.0062334821942519
0.0787753685930118 -0.0832017967628292 -0.085173744875493 0.03201338151715
0.0451318773210392 -0.0932806700537906 -0.0405168417537637 0.0360315140281377
0.0424850271524234 -0.106210459637698 -0.00806137063282008 0.031686520777812
0.07032693816604 -0.0910877786722154 0.0190654830503997 0.02331999113418
0.0958502040916554 -0.0828294711287635 0.0533705956718695 0.0311201322424706
0.138379436543135 -0.0362477364458652 0.0691756065628125 0.0663523355336985
0.153645022802933 0.022023216470022 0.0444645684019874 0.104559167171527
0.120299031325563 0.0956301561984386 0.0277246288506524 0.0902294889624354
0.0955382047440529 0.152837134670206 0.02721226333314 0.0386917477555277
0.061042121633879 0.191376765836387 -0.033598157810782 -0.0142999814306413
0.0806505375631647 0.176301269632721 -0.0108380685594678 -0.103280718966305
0.145610219499226 0.136144565720917 -0.0698582293223072 -0.150887741722885
0.166650344594063 0.0667720201429029 -0.106328384740105 -0.113623353799711
0.15353672231474 -0.0183360548800328 -0.120079476032713 -0.0510717398664428
0.119321435538458 -0.060635124517052 -0.088640079775811 -0.0150857088727923
0.0915146480281577 -0.0921752497199674 -0.0574113121666822 -0.000195251996647835
0.0575661045210632 -0.0996997399988289 -0.0203607863070031 0.00168372049291734
0.0584987159527245 -0.107951211815062 0.0101625333679148 -0.00362967928097524
0.0884862282500938 -0.0838966243017124 0.0395119862556048 -0.0100725629104486
0.111218393674769 -0.0697811614504331 0.0744607592857511 0.00808260002312631
0.150218741251816 -0.0158718827062215 0.080216754929445 0.0536704096188292
0.161329515906674 0.0468184483172055 0.0404644708503849 0.0937669498395411
0.114749482721893 0.122324061805221 0.00171109613798184 0.0691647101297846
0.0797662263083868 0.17620036566795 -0.00104102217602239 -0.00935998545355161
0.0527827024738749 0.183200540007171 -0.0514097237207787 -0.075660172326434
0.0850734093442368 0.173980808762985 -0.0318558558379311 -0.145685921494974
0.152292210410199 0.129994861809051 -0.0726770393835713 -0.16209097808452
0.168873934119464 0.0534813921364052 -0.0921160957438057 -0.116073843422985
0.14618901852832 -0.0277440033987871 -0.0862310918041728 -0.0595056236345618
0.111089143780932 -0.0606075865306001 -0.050556392765023 -0.0405439394328298
0.0892122749852531 -0.0861532565442792 -0.0276906665888009 -0.0350879260268907
0.0606014926187615 -0.0907169929489446 0.00338506150513855 -0.0318321875646154
0.0662646239631113 -0.0932133019311138 0.0339585090294512 -0.0353220607122886
0.0959492262465696 -0.0634780019903382 0.0663308333146687 -0.0352742402771837
0.113270091016256 -0.0429014923606361 0.0980808975743705 -0.00496917628593594
0.139927679535344 0.0126757753396393 0.0882798671807536 0.0470502798590602
0.143451319352973 0.0703489287465992 0.0356075312527108 0.0816805630522002
0.0891096811348104 0.136607938424794 -0.0158165204625544 0.043390840599046
0.0485849715397874 0.175808650546346 -0.0202781015493583 -0.0592211797058197
0.0314307089752582 0.14206774045006 -0.0690474771863981 -0.120234959531422
0.0677286465815003 0.139477516266861 -0.0552434244030627 -0.167630034528672
0.124786427883996 0.101409455268641 -0.0692648759453548 -0.156859319520249
0.133563548091526 0.0364102808544223 -0.0718093376071288 -0.112616654859782
0.112029253003367 -0.0247204149444807 -0.0513460132635092 -0.0689892537144864
0.0862528801938302 -0.0463585049081401 -0.017876071695372 -0.0647714795201388
0.0733777165587655 -0.0644121432638022 -0.00138377801299818 -0.0646886390428023
0.0534794071964805 -0.067610679541738 0.0259596471962562 -0.0593766836408374
0.0622035273117523 -0.0653764937780202 0.0615256707511551 -0.058600971357956
0.0858806124261164 -0.0369710752320689 0.0957137360997856 -0.047458473411376
0.0962272671196095 -0.0154783745525746 0.121263577475176 -0.00428022177340081
0.109807198270289 0.0349036612702453 0.0937970260255407 0.0475496029815283
0.106211155669756 0.0814185054483026 0.0329716965186528 0.0682909052819615
0.0520965014128143 0.129829877130015 -0.022660584918854 0.0153510561811531
0.0105307306469923 0.149982185119439 -0.0262360409918546 -0.104917591960525
-0.000471052538647543 0.0801285533450711 -0.079480128677051 -0.139732728035642
0.0318559258946763 0.0854384096424932 -0.0713668138915506 -0.168732238663273
0.069605810525992 0.0610555207121504 -0.0615253780703446 -0.142026990811741
0.0728158980706998 0.0220405449430281 -0.0551978929366913 -0.10526572818696
0.0619583219604401 -0.00789648835564026 -0.025966520513488 -0.0771238803132437
0.0519557635893324 -0.0194243237820517 0.00268739639217232 -0.0818715131787767
0.0487958704313065 -0.029873442274548 0.0166163192370715 -0.0857220331631512
0.0385498197664885 -0.0348236170677414 0.043238554857802 -0.077345673882922
0.0444116756054612 -0.0330028855118026 0.0851819398075486 -0.071537416006099
0.0585245238273437 -0.0146100249936685 0.120858798545408 -0.0474930987685392
0.0633483760792697 -0.0001859598531885 0.138013011316303 0.00497080754197934
0.0686062913971195 0.0339219410401612 0.0967009196350151 0.0507392209638139
0.0643846484678684 0.0673298373112707 0.0358561347701988 0.0562774596523259
0.0194290256838098 0.0991429055218687 -0.0173447940368121 -0.00810097593145779
-0.0201088701419705 0.101614573056206 -0.0209071765888706 -0.140019661859361
0.0222370416581324 -0.0294499748378421 0.0219000174485459 0.166967598568162
-0.00930204194230019 -0.041974565826325 0.0240198460809852 0.0465475329011616
-0.0256060076686154 -0.0324463157781306 -0.035180370537876 -0.0477095806864025
-0.0228827038319021 -0.0055632726852234 -0.0922082489625554 -0.0612104821951812
-0.00976277408438718 -0.00216876544804788 -0.149826538915884 -0.0250411723286139
-0.0121031156510455 -0.00946997113715366 -0.15311573974421 0.0439218752087614
-0.0217639911883334 -0.00815421276339788 -0.106826335960212 0.082643921948329
-0.0219073827817689 -0.00400763654826132 -0.0581145738436472 0.0919261280222937
-0.0239878079967229 -0.0127447610752604 -0.026705165597266 0.0943882756652344
-0.0155056982373134 -0.0238270709232748 -0.0076492205010276 0.0936240887866188
-0.00599940455514589 -0.0263888977690783 0.0165635820207816 0.0849161438745302
0.000334350013194092 -0.0257892728896353 0.0403525926282844 0.0979266344750422
0.0026332001207579 -0.0335614187202627 0.0483408304602249 0.120506909053724
0.0232335848087989 -0.0301616073671256 0.0750307194855658 0.129930566998516
0.0420427908126502 -0.0180941059769595 0.0898260338302085 0.12378153327152
0.0409042223855386 0.0437037563284749 0.00966043819204358 0.149053610564705
0.0136628235940148 0.0208719984683213 0.014080458190841 0.0313531488225421
0.0152904886578802 0.0182621053139842 -0.0470356202027016 -0.0620713355500578
0.0251715706218865 0.0250743249670734 -0.0984579982192214 -0.071222126124837
0.0407570793944088 0.00215504634145173 -0.1554930458977 -0.0324279208620551
0.0329200332977255 -0.0228013661567542 -0.156253992818251 0.0351519210497612
0.0152779545626388 -0.03779695486036 -0.110946483846963 0.075328292220531
0.00114237816275668 -0.0406932200623324 -0.0590082887800106 0.0848157950066021
-0.00156698448230884 -0.0541572125704977 -0.0240987132306442 0.0856560483031706
0.0165767957879265 -0.0571831164387299 -0.00256984266955279 0.081405411767181
0.0351446941795269 -0.0546371087644827 0.0237395764062078 0.0742847037833123
0.0608543440989438 -0.0329103042388945 0.0482145557559567 0.0907813239661852
0.0664587292947831 -0.0131227229326275 0.0491027958251638 0.116585617160186
0.0672692814141937 0.0188120026744474 0.0695976962136544 0.118755510040349
0.0733438181401679 0.0486361233854552 0.0800424618965306 0.10940721353476
0.0545402317534458 0.112090585859859 -0.00323923375392171 0.108285808020226
0.0380604020542572 0.0865783402538233 0.00894219909038474 -0.00322087205213132
0.0615918136409594 0.0697373308547106 -0.0560115502616887 -0.0898642059301724
0.0779963408620732 0.051718073937482 -0.104996092421374 -0.0852389193725729
0.089953774420972 0.0015798614938438 -0.153947956210714 -0.0373685583978155
0.0744860938997718 -0.0373473935031684 -0.145187414442322 0.0231896680033991
0.0502011594749924 -0.0647259593216079 -0.102088677243176 0.058022066012602
0.023773984308769 -0.0721059509254785 -0.052373905786866 0.0646454309790614
0.0198121646748218 -0.0871273848800963 -0.0171077283587725 0.0623220193949315
0.0443386330661125 -0.0820387882702056 0.00685083197552977 0.0558652701596033
0.067806959159928 -0.0767995972986307 0.0378515807480199 0.0546555959876502
0.106742980277182 -0.041324628677181 0.059085851864245 0.0782407113510122
0.119546367396894 0.00159889990627844 0.0490478131950988 0.110923091360398
0.1027728135175 0.0597855751020129 0.0528969118041423 0.104591874850904
0.0939851396532535 0.106685786330152 0.0577580121859553 0.0797254724413174
0.0633273055151509 0.164674554065783 -0.0153886378152892 0.0497268789958343
0.0629535984484143 0.142626140657678 0.0031962261547319 -0.0518429025829528
0.109790461363901 0.111426800230158 -0.0631512221687885 -0.122502225902872
0.131291938262305 0.0657324432306844 -0.109075223149852 -0.101403575700059
0.130721519218564 -0.00768528275618829 -0.142530231453807 -0.0419165349644515
0.10468307579312 -0.051934523046479 -0.121006584215183 0.00782937982770389
0.076003299821987 -0.0842874789676533 -0.0821982573608315 0.0323950616782176
0.042391340136252 -0.0927261645994399 -0.0382843606343526 0.0348804360703303
0.0393787632222817 -0.105831869014968 -0.00615841515910207 0.0307715075076731
0.067732760550989 -0.0921389652798345 0.020109111084182 0.0225664420487122
0.0927508167325494 -0.083413117188876 0.0544450193628424 0.0293768705900411
0.136792008006484 -0.0387483991167565 0.0710367917505075 0.0643337000013029
0.151937801156546 0.0191312911506904 0.0475696851342792 0.102831941677408
0.120586721440683 0.0933432497730092 0.0292848387094455 0.0882820169702847
0.0974218693263986 0.149527615714814 0.0287217944500684 0.0391492967287533
0.0651733338759477 0.187895909750306 -0.0322506978027726 -0.0165633496654708
0.0830752674920949 0.172735334949812 -0.0108373366088274 -0.103479473941306
0.14527273761799 0.131440412485552 -0.0693173974595362 -0.148224199617514
0.166029343345321 0.0644881740362175 -0.104082072111743 -0.111878839731102
0.150830653188897 -0.0213172499828835 -0.118026020988605 -0.0486662335560805
0.116853239299611 -0.0626148351805702 -0.0870632125161097 -0.014633077105884
0.0879982427561782 -0.0935556387173847 -0.0557635244524025 -3.15778407864198E-05
0.0538548194152731 -0.099575255660355 -0.0191117332139204 0.000937291907188911
0.054836853355318 -0.107293201657513 0.0108468684027792 -0.0043833975393609
0.086462100359448 -0.085552837760572 0.0392493291807574 -0.0111374113183299
0.108363663346313 -0.0710211403567214 0.0742677359808249 0.006139949068284
0.148054429267092 -0.0189340456732224 0.0808740255379656 0.0513349598696176
0.160500536092635 0.0429896002744438 0.043313933727214 0.0923961473138146
0.11604586811296 0.119342369666931 0.00482798287606286 0.0684201787404748
0.0829232641664595 0.172235498618833 0.000168725085478999 -0.00760840166522084
0.0568694058697268 0.178888068929072 -0.0512313321305083 -0.0770900305787169
0.0867373967675451 0.169192655304423 -0.0333264187271994 -0.144476430805455
0.15180151642112 0.124846522236214 -0.0726640146446042 -0.158671583568785
0.167817096487986 0.0506957436581728 -0.0910872435158897 -0.115663634813101
0.14369058348878 -0.0301220626919472 -0.0844669178193314 -0.0576175531125402
0.108900132642483 -0.0623022055033568 -0.0505628176580375 -0.040350351968904
0.0852041075706898 -0.0876341358827654 -0.0270925391682515 -0.034134906102914
0.0570877143897336 -0.0909501761926151 0.00335737335752919 -0.0320606436887297
0.0628155715147259 -0.0924712137345376 0.034232395861924 -0.0359714971516307
0.0935543655663031 -0.0647057409344775 0.0652204303192025 -0.0361380939036401
0.110662213999167 -0.0437707457050993 0.0980158242435911 -0.00727089049812478
0.139013133238552 0.0100464500910919 0.0886857240896166 0.0450714807397153
0.143015269649861 0.066764244107859 0.0386071191610673 0.0798705982079743
0.0905900496186589 0.133062749965276 -0.0137471897402929 0.0434426683524656
0.0518465778802671 0.172857009602839 -0.0201998540522453 -0.0569468686660624
0.0348011096114738 0.138637189296427 -0.0695264361236386 -0.119939630155033
0.069064569049109 0.135472009009816 -0.0566332051540745 -0.165625386633652
0.123490587972507 0.0968029632321117 -0.069740246338534 -0.154187929115815
0.131812904725684 0.0340161441762154 -0.0718050246138955 -0.111164835851316
0.109506786901944 -0.0257382898376331 -0.0508392016054083 -0.0680357291131168
0.0842472616169103 -0.0476793241121899 -0.0189170213739583 -0.0653740891735454
0.0705104920824921 -0.0654219573787483 -0.00232817835494039 -0.0639697614043369
0.0508220426307102 -0.0677705470802935 0.0245949948295994 -0.059532177327735
0.0591767366222115 -0.0655274460180249 0.0603438058389557 -0.0589732117358786
0.0846055150558584 -0.0386925400405153 0.0935846513067452 -0.0485311808095522
0.0946811229143531 -0.016501390759409 0.119758775025697 -0.00672485750869202
0.109199822308329 0.0325183785139492 0.0943409754709569 0.0453270309822659
0.105779951276573 0.0786770795603177 0.0354363816214978 0.0667303451674665
0.0531181287733156 0.126648026558766 -0.0208232573272594 0.0161039601253382
0.0143577603254303 0.147733467132371 -0.0264188602568918 -0.102202345593172
0.0019064562566647 0.0780937850773405 -0.0800900000781793 -0.13887288181283
0.0329626973224658 0.0827377995496306 -0.0735166401775062 -0.166601262682841
0.0682962501989465 0.0581534134651186 -0.062025768515431 -0.140041399310982
0.0713956472621016 0.0213046311967545 -0.0548342213344839 -0.104056901697316
0.0602265089088039 -0.00914509510160268 -0.0259174669560161 -0.0761570726096745
0.0500630861722583 -0.0200607566057913 0.000726518458476913 -0.0818120688097753
0.0472947694351429 -0.0304274092481499 0.0150310176329127 -0.0841027136603492
0.0369669767610211 -0.0347159193215419 0.0422838883515481 -0.076698816983376
0.0425503756651152 -0.0323656738068408 0.0830673591955036 -0.0717284743933641
0.0571034970220761 -0.0158931145567532 0.117899965181661 -0.0488053171109606
0.0621125568918383 -0.00125252819475532 0.136552306643372 0.00285125607322176
0.0684946397615913 0.0325920052370191 0.0969389740441249 0.0488996444536345
0.0638751045940637 0.0647660590699901 0.0370593090645147 0.0556362618409988
0.0201937297092822 0.0969157095939624 -0.0163577407251097 -0.00685569868484048
-0.0170771834798529 0.100092630795592 -0.0224604472919376 -0.136302137078673
0.0211521861317581 -0.0288772179787535 0.0268390925048603 0.16346688285651
-0.00934239481026846 -0.0396816771761842 0.0256607149401762 0.0436057422542741
-0.025190551111887 -0.0307521308860969 -0.0360467349836688 -0.0475554775956163
-0.0217034897199201 -0.0053284479575404 -0.0932351916159941 -0.0592151472486661
-0.00840942566078881 -0.00261468040270058 -0.150385123973844 -0.0200979053595512
-0.0119278040047669 -0.00912044992711626 -0.150877893162098 0.0491591780429817
-0.0214863827305857 -0.00737524239606902 -0.104263585394786 0.0854619670661748
-0.0213569756958723 -0.00365265843340784 -0.055553474828047 0.0928282393243884
-0.0236152509738606 -0.0119536885193822 -0.0220390020089139 0.0947387436639698
-0.0168445531497664 -0.0236264847222892 -0.0038933635505995 0.0939598545127232
-0.00696698592311447 -0.0266155375895298 0.0189573750861836 0.0851296933792044
0.000180322954806082 -0.0256746825981738 0.0432233190460297 0.0962846381552963
0.00196890750426814 -0.0330250426183489 0.0522392582433858 0.119426336076652
0.0227035131035097 -0.030578268165483 0.0780814580391961 0.127514811577699
0.0403159068596046 -0.0195074745123307 0.0933383353229258 0.121871665084718
0.0424626737718088 0.0436024029437755 0.013559527538242 0.14573223397835
0.0150655587453269 0.0223008338023407 0.015855929084095 0.0291982379112582
0.0164100174045781 0.0182495789814171 -0.0470111047874453 -0.0610867286321328
0.0274770242863677 0.0243398130422504 -0.0992028826922294 -0.0691244841623602
0.0414963801984302 6.98650331387631E-05 -0.155338971748961 -0.0272070333983721
0.0326113500500558 -0.0245766341800777 -0.154075110495405 0.0400101084801765
0.0139002841191794 -0.0387676403566408 -0.108030082443175 0.0779917178934861
2.58918228750703E-05 -0.0411256156616254 -0.0558918523520126 0.0854038656554656
-0.0035812230004002 -0.0538652096202418 -0.020239314492115 0.0857538150095277
0.0144983154333824 -0.0578899287443975 0.00137390041212971 0.0810053026174551
0.0334305421427735 -0.0564474473764733 0.0267137854569171 0.073931701544755
0.0599745461876295 -0.0356385822935563 0.0509912886065076 0.0890128256467902
0.0660149449387191 -0.0146455362492971 0.0529318828340881 0.114801436334116
0.0679434216767537 0.0178032845061626 0.0725224007040137 0.116242511439059
0.0738892785356589 0.0467271177546306 0.0842588210983164 0.108542226412624
0.0585903005094359 0.110746232242531 0.000661821428651135 0.104827351180827
0.040642971836388 0.0865888630442863 0.00954340833890054 -0.00525147695058253
0.0641218151369314 0.0682347843815389 -0.0566090489296842 -0.0886063322009431
0.0806242231961957 0.0490330471195969 -0.106136897526279 -0.0836611813859204
0.090531594591251 -0.00221472299681886 -0.154162129527958 -0.0328959493960727
0.073575058544198 -0.0402889649970921 -0.143550436776201 0.0275161691263005
0.0474751046045283 -0.0670370932354753 -0.0993629911448318 0.0598822438982017
0.0211740282029443 -0.0726609949239422 -0.0498914752070831 0.0651010401403576
0.0168117866615607 -0.0871285929475157 -0.014452340186449 0.0619178160627232
0.0415544984571394 -0.0837264033900056 0.0100348059236113 0.055330915219651
0.0649370960958639 -0.0793505888558484 0.0397387551503576 0.0532251952501776
0.105787180946091 -0.044957455850515 0.0621545855194174 0.0762881219832313
0.119257301472711 -0.00194313628220517 0.0538157904172772 0.108979422658645
0.104792795307062 0.0574841032899677 0.0560116720340246 0.102882637309888
0.0969876189633137 0.103223567127296 0.0614621270014253 0.0792083109617897
0.0694593412861252 0.161474170128366 -0.0139063212640224 0.0467804880496425
0.0680845285991025 0.141301998433307 0.00290746630931394 -0.0531747358941763
0.113168711053043 0.107974986241138 -0.0647733797963218 -0.120652783296072
0.133919422693165 0.061593309472795 -0.110345257117018 -0.0991229689102793
0.130770344050388 -0.0121007985241749 -0.142367574354421 -0.0378127203099889
0.102667277230776 -0.0557946426636016 -0.119774308630371 0.00970674628816431
0.0722587251795206 -0.0870479575548361 -0.0803167225858831 0.0336947697269631
0.0387998212293794 -0.0932401372923673 -0.0370813645419571 0.0346644083072956
0.035263019409586 -0.106309122836819 -0.00398707044802396 0.0294801913224276
0.0649668773299729 -0.0947704268360366 0.0221311619540286 0.0214237017264769
0.0889821243365248 -0.0862070506989348 0.0560829210729724 0.0274592069787502
0.135916187766152 -0.0433115881515279 0.074061611694251 0.0620982879152767
0.151517325334886 0.0134435986193269 0.0521823897154542 0.101347748204031
0.124240345599352 0.0898644645951336 0.0324587025621376 0.0867446112642085
0.102831385073495 0.145881077281686 0.03102996459795 0.0396176564988168
0.0721519441564577 0.18443760371578 -0.0324007108603509 -0.0186333105542071
0.0883465523425561 0.169650604973635 -0.0127930092708918 -0.10373704035086
0.148155680542362 0.126288500064763 -0.0712461271468934 -0.146358810472262
0.168111449298362 0.0588484901481541 -0.10537773881508 -0.110235333972961
0.149578014194291 -0.0259985617730312 -0.117639104272633 -0.0447895818577736
0.114270923274033 -0.0663859899111671 -0.0867913988419002 -0.0130387234447688
0.0835792012528689 -0.0962814600157001 -0.0540318035408291 0.000899928512100659
0.0497096000931569 -0.100001669003751 -0.018219340043418 0.000621390066076963
0.0502479038454253 -0.108237375644974 0.0116102308704407 -0.00521191335954739
0.0833779147878823 -0.089263140637866 0.0393302710136142 -0.0123554321656254
0.105636446946394 -0.0737786932492532 0.0750841022463093 0.00372815547472294
0.147824206225129 -0.0236240719027571 0.0829525861064023 0.0488564894573808
0.160950308475598 0.0373389355626331 0.048012387313673 0.0901485036290834
0.119993013130493 0.11587901522602 0.00776673845886377 0.0673666789930202
0.0891998529600594 0.16965652435601 0.000868139474369126 -0.00600632035306161
0.0637540592712402 0.175126888143425 -0.0532758618344159 -0.0776905628740868
0.0920134240050495 0.165805118985723 -0.0369607815345592 -0.143805326928355
0.15446747956838 0.118523104235703 -0.075737671215455 -0.156617462147362
0.168459161775606 0.0458366767530632 -0.0925473123690638 -0.113272330477771
0.140527760816666 -0.0340302962834881 -0.0841348167410979 -0.0550184245228604
0.106019846338812 -0.0661148714845856 -0.0514373026192852 -0.0398003426766526
0.0815244282036857 -0.0904782172089427 -0.0266506692432691 -0.0336035520713203
0.0532214626900076 -0.0917448951104735 0.00236633189547504 -0.0335937019660906
0.0585621645150096 -0.0937583063061819 0.0336100885478503 -0.0379749432871501
0.0911573305211547 -0.068802807172738 0.0641179004066883 -0.0380932032320692
0.108347564720349 -0.0479057582791565 0.0976727009489319 -0.0102567061621316
0.139775466912634 0.00558898737611947 0.0907099141477313 0.0420412479798445
0.144387263151241 0.0619658270774828 0.0426222994933897 0.0788174311740092
0.094948636873845 0.129957256494105 -0.0118571202467431 0.043571014213248
0.058152723163954 0.169856705569093 -0.0210946993791401 -0.0548059544296147
0.0405939548022222 0.135670711569313 -0.0725382274111544 -0.119538493092195
0.0731390919923602 0.131600407428244 -0.0613928154767573 -0.163916132107471
0.124546089116291 0.0919273336799506 -0.0732306785573346 -0.152212919689158
0.131307505494036 0.030501773356981 -0.073193933673478 -0.10978599213889
0.107076415776913 -0.0290251034814656 -0.0510885906074517 -0.0674069006472606
0.0816041776586968 -0.0504071882122497 -0.0210672945117001 -0.0655714936522191
0.0668823204593347 -0.0676393128444229 -0.0036019387988098 -0.0638117213359982
0.0479539614753077 -0.0686705435890926 0.0235870349492279 -0.0609034420519435
0.0563212294609914 -0.0667038945522288 0.0586189441901855 -0.0610208064007369
0.08309005129225 -0.0417672473973048 0.0920696910929534 -0.0513954510889397
0.0928991293658857 -0.0198755030045902 0.119117058985237 -0.0106793228119391
0.110742294789461 0.0292029244685494 0.0954994888910171 0.0426002632641865
0.107490973802005 0.0741320901362931 0.0386244393043054 0.066569577978679
0.0572253211912605 0.124178667270595 -0.0193722040685497 0.0163416719692497
0.0202848630356598 0.146039052001372 -0.0291502728004626 -0.0994110753761894
0.00509350470269917 0.0764524310966428 -0.0839562147477063 -0.137631563924561
0.0347442471233598 0.0801668538639554 -0.0782710678647012 -0.163850207669566
0.0686419288569911 0.054777396419345 -0.0654507022926852 -0.13797636707164
0.070842318694717 0.0195093948100817 -0.0572114145315641 -0.102940532742745
0.0582660336000728 -0.0108697976958302 -0.0274314417853232 -0.0757629349779821
0.0484667841547013 -0.0212085689241573 -0.00130541616226649 -0.0828841692395229
0.0456329484185121 -0.0316821597543934 0.0125138669314776 -0.084144724622333
0.0349659007829963 -0.0353080916152428 0.0401014271743111 -0.0775112617689844
0.0406369630226049 -0.0335086680771669 0.0812340179688907 -0.0745628470423417
0.0562124544007759 -0.0175839121602636 0.115614167844737 -0.0522988526726317
0.0611096696225178 -0.00266360190654885 0.136380834727191 -0.00184829034749198
0.0697952952469691 0.0308027575946919 0.0988151758871859 0.0466330481938634
0.064586240688866 0.062057982919075 0.0400063384200305 0.0552176436020233
0.0226039541093501 0.0947141218807371 -0.0158597955466097 -0.00584803056960399
-0.0132670673285188 0.0992177691537083 -0.0260973627112918 -0.134246661162227
0.0188833583736124 -0.0283549925928538 0.0333078951623858 0.158346705877004
-0.010053774457288 -0.0372625321243179 0.0271095794575082 0.040486124115712
-0.0252853790049238 -0.0281198043851381 -0.0363646210292773 -0.0462605676785898
-0.0205022818244818 -0.00466710923611638 -0.0947632106691184 -0.0553450175983389
-0.00810891199109968 -0.0037569924576114 -0.149301348123584 -0.0133340829864693
-0.0118246446974789 -0.0092083947157854 -0.146691319252173 0.0562942034575273
-0.0215112677789775 -0.00664051818870814 -0.0994274524272089 0.0889850341701971
-0.0206657706101276 -0.00323986515623965 -0.0510397166662529 0.0934939146059296
-0.0239332800822945 -0.0111290344167354 -0.017042050455537 0.094676994559455
-0.0171352677691212 -0.0226715244640447 0.00122387251863547 0.0932683407365664
-0.00789149278132289 -0.0262911823105502 0.0225577419286098 0.0837483091359474
-0.000432486626544244 -0.0260810658755636 0.0470701273736413 0.0934369103842095
0.000395604527578291 -0.032345826517887 0.0561502674814061 0.115812802714685
0.021767303420342 -0.0307419543511844 0.081022003771126 0.123205011866832
0.0374904433135479 -0.0206265513050319 0.0988359388077643 0.118391437445609
0.0432646036489079 0.0413977162569284 0.0197173768084739 0.140947794091729
0.0170517567857356 0.022393492551878 0.0168759500748086 0.0262205088250905
0.0183832685641425 0.0182745547125039 -0.0481989144794269 -0.0594778304473678
0.0289656963395387 0.0223649464216232 -0.100125366659442 -0.0654815580604629
0.0417520244024072 -0.00303994716102945 -0.154453839434224 -0.020329769949702
0.0317698899262767 -0.026394488655056 -0.149771771692113 0.0467104013624279
0.0116166083527433 -0.0395947249677372 -0.102874875671115 0.0815820639515523
-0.00178963797340785 -0.0406449010262893 -0.0528735049004035 0.0858376465649773
-0.00583073768029327 -0.0530786821850384 -0.0150516501503935 0.0846655241588518
0.0115161026188845 -0.0581153586384387 0.00572605475459031 0.0802315180392081
0.0302856866123666 -0.0571439786681217 0.0302017684915118 0.0718536831908177
0.0582198196676622 -0.0381787835197563 0.0549980424853818 0.0849541366499815
0.0651277799902458 -0.0172036372053996 0.0582426887196775 0.111279222274227
0.0683339040872991 0.0149213438547856 0.0763850320644943 0.111442992511506
0.074054002609225 0.0427867727812353 0.0891058807759981 0.105070862346624
0.0632071606695189 0.106683403650144 0.00479646834366929 0.100761957704984
0.045158130142733 0.0849985538325221 0.00972158454993607 -0.00755901026803089
0.066917629548219 0.0651864886230556 -0.0578732965301601 -0.0857636195469345
0.0834736769502616 0.0451532135500696 -0.107808744231938 -0.0800950778107251
0.0901285317486431 -0.00696871895252394 -0.15267823308114 -0.0261951166807782
0.0716947208610216 -0.0438232463118258 -0.140152731710716 0.0331128547631344
0.0430607113286991 -0.0686310371364972 -0.095385523177662 0.0637454514108164
0.0172660747421462 -0.0728002705635893 -0.0470339995048906 0.0651662388001198
0.0117414982537958 -0.0870605955236432 -0.0107767810808766 0.0610164460703435
0.037928456001305 -0.0854904771696673 0.0135253014503033 0.0534817575867935
0.0598445311405432 -0.0811222252223814 0.0428966094247844 0.0511051618310882
0.102986341536497 -0.0500444534623373 0.0656589328131927 0.0726127950893251
0.117689130147367 -0.00756938745646577 0.0591989838474201 0.10474953409748
0.107189492006697 0.0523501606870737 0.0593140819298506 0.0985411960246695
0.100614746518608 0.0979429404576505 0.0655500185452235 0.076929560900434
0.0767425422988392 0.155688328717229 -0.0119245938884374 0.0441064202548494
0.0738927066150482 0.13703879158403 0.00115624565734052 -0.0541401724555592
0.116278250357479 0.101762213426284 -0.0667792965886582 -0.11735809427071
0.136390723022502 0.0558626320094299 -0.111377411504971 -0.0958077291981468
0.128001755858009 -0.0178829277704434 -0.140226735176516 -0.0311867040533627
0.0996100420233262 -0.0604358068051334 -0.117260090095342 0.0148968135959723
0.0667071305501129 -0.0902403377096916 -0.0769898402327933 0.0365296101059622
0.0332858705120643 -0.0940228145241305 -0.0351801870314281 0.0343990068414416
0.0291281681635919 -0.106403994582384 -0.00186016623546531 0.0286816737185422
0.0602253668074081 -0.0977836325328261 0.0238891589121501 0.0197685643004275
0.0837990736262444 -0.088782580625578 0.05742384483406 0.0241937442841206
0.132872035406372 -0.0494960420114697 0.0758096167662361 0.0572671221895368
0.15087714010805 0.00690980353404014 0.0570522934017467 0.0970206186657357
0.127185028336874 0.0830271810085746 0.035747286859747 0.0839836902662737
0.108254078064458 0.139246209809034 0.0340084049041229 0.039127692845217
0.0809437473792556 0.177899608276387 -0.0329813617810574 -0.0194522487547742
0.0955631671893669 0.16410650340614 -0.0168673559892134 -0.103033908384582
0.151585071031431 0.117868995595207 -0.0745208925957434 -0.141872452179023
0.169952167777189 0.0518890597958276 -0.107606098335267 -0.106301065095138
0.146410739064384 -0.0324399431261214 -0.116658190028581 -0.0399934697479159
0.109957217956077 -0.0715558482528126 -0.0861101391558968 -0.00962933534991692
0.0773793722909358 -0.100186889124861 -0.0525406084682595 0.00307298049741611
0.0440510475631765 -0.101084648204014 -0.0183295232318707 0.000224526638376355
0.0435460042839501 -0.10869620391774 0.0121058291969455 -0.00650602922096617
0.0782728717308598 -0.0927907024752141 0.039113669410837 -0.0145312081539251
0.100025507906349 -0.0777243071724117 0.07512666864032 0.000119736938602747
0.145959821360349 -0.0311757927119016 0.084786229371089 0.0441473725537544
0.160345469723472 0.0291183674653908 0.0529440079694463 0.0869596265909406
0.123995820746604 0.109077966103874 0.0112018145829644 0.0663146921361693
0.0966615113106861 0.16255197653734 0.00159870664050102 -0.00523108668340739
0.0720139711726263 0.169240734858128 -0.0562571085973856 -0.0769032773810472
0.0985846049934951 0.159487246559318 -0.04180677655344 -0.141044032026928
0.156355379330014 0.110110608656838 -0.0795841029941409 -0.151337090720407
0.168826533666333 0.0391924057157949 -0.0948912174859098 -0.109603913524238
0.137044480764039 -0.0394890250817409 -0.0836551310886664 -0.0521726880181966
0.100976646682589 -0.0700893324987171 -0.0524218385307036 -0.0385074985346296
0.0749587960897583 -0.0936937507019493 -0.0277132554091653 -0.0322979938217481
0.0471866284171763 -0.0922223280814663 0.00141997075179081 -0.0336419094998032
0.0528830850346979 -0.09405325028835 0.0320668507615834 -0.0392451504124473
0.0869203011000847 -0.0727248861193666 0.0623125782438857 -0.0413022064086835
0.1045676226547 -0.051966452923712 0.0959632528267027 -0.0148480641409175
0.138855079732058 -0.00162130313325793 0.0928923279441122 0.0377015735524947
0.144543841092964 0.0537223935581576 0.0472242292593501 0.0756196702556598
0.0997648682671999 0.123950493071783 -0.00890842559401076 0.0434891060238475
0.0668476540327674 0.164912013930339 -0.0217294129675035 -0.0523701714285033
0.0471362441245429 0.13061223579424 -0.0772006166033613 -0.117125346645506
0.0772117342135233 0.126494476544372 -0.0669616329816803 -0.159985691490621
0.125489792181808 0.0846490897385044 -0.0771834682684052 -0.147280439156726
0.131070048911903 0.0254559585985067 -0.0761737671827445 -0.106490947487849
0.103133877809116 -0.0332467340420117 -0.0521535009887867 -0.0647535620212938
0.0774654237889885 -0.0531408180504021 -0.0236150932216612 -0.0650163155581441
0.0618794669187469 -0.0698186005400817 -0.0057443253069874 -0.0630325848715382
0.0436386227069724 -0.0692857216847946 0.0208520363969465 -0.0612186239390318
0.0514595601305769 -0.0681154678881312 0.0553519029224986 -0.063068419741643
0.0796849543823559 -0.0454653993579974 0.0884799788349259 -0.0544336958266624
0.0911296475513279 -0.0227782237205545 0.117624015809502 -0.0160684943341987
0.111234570510412 0.023584154367685 0.0969453626508147 0.0378127589027915
0.108593589531336 0.0680583898039015 0.0425528049223083 0.0643265897332354
0.0621848640992056 0.119771917061166 -0.0175310457682462 0.017555983301872
0.0277070173114413 0.142415565475733 -0.0322831325623879 -0.0959439599042134
0.00954948478157265 0.0740311608225207 -0.0890140209310011 -0.134454857576974
0.0375351752333665 0.0763195439665104 -0.0839795566085536 -0.158594155353989
0.069071305484869 0.0506990577849751 -0.0697669687072445 -0.133240136635281
0.0704095962244638 0.0169646570640342 -0.0608121645176433 -0.100395587962094
0.0560234009544432 -0.0128760222246158 -0.0299094568221343 -0.0748171552563052
0.046092175767149 -0.0226356905235203 -0.00556557077747204 -0.082859754681535
0.0422681266191169 -0.0335945000326971 0.00890347230421351 -0.0832317664053616
0.0323596902310246 -0.0360518210559825 0.0372420808790769 -0.0784119616844188
0.0378487985475654 -0.0348854746435855 0.0771703352223407 -0.0768110459114841
0.055172972792948 -0.0203203269513869 0.11150163314473 -0.0561027192499703
0.0600674649651007 -0.00548049574540727 0.13415543149049 -0.00829004673920623
0.070412354067293 0.0270333251386322 0.100438376864863 0.0419533287549665
0.0658849102642453 0.058394561453685 0.042639541592291 0.0528378087116659
0.026437516096977 0.0914673434855753 -0.0151578796222049 -0.0046853771940829
-0.00742290576409591 0.0975097842589567 -0.0313295480938626 -0.130419190850592
0.0153956709816421 -0.0272034525250609 0.0541098704414779 0.145055953374058
-0.0133982070361763 -0.0333153225863074 0.0328049295992795 0.0335411809669994
-0.02814316107618 -0.0229567135469755 -0.0399368117086902 -0.0403821464706627
-0.0216966662794296 -0.00237439104453604 -0.0979526840810983 -0.040864627639365
-0.010992626432073 -0.00245643716865291 -0.144278678495593 0.00885263438891856
-0.0147623274006827 -0.00423201624190768 -0.129578840589481 0.0741882055208363
-0.0221998115910208 -0.000596248987157564 -0.081007935404311 0.0988093524762307
-0.0188439215321662 0.000729774116018838 -0.0365324013822752 0.0961546598058354
-0.0236020803534904 -0.00647286646937477 -0.00381091879893517 0.0926563751295134
-0.018837314753172 -0.0196667497138032 0.0133166610001623 0.090561474997929
-0.0103905368145198 -0.0243965156775221 0.0323381748343776 0.0777273278193626
-0.00328617489419671 -0.0268574657557306 0.0562852374310331 0.0849537295299152
-0.00166398352067219 -0.031992834968137 0.0673738403250165 0.105348147851363
0.0169578615990969 -0.0339580013929411 0.0920309647097183 0.110068135261561
0.0334666875568975 -0.0255212504727349 0.10759308828598 0.102806511748896
0.0508270806085828 0.0346432029886391 0.0355856476455401 0.129212969423137
0.0219598488352509 0.0194098942799391 0.0187542005361816 0.0213252162065055
0.0207564904747438 0.0139654684668398 -0.0552938139249106 -0.0501184852357642
0.0307655739793731 0.0157829233365881 -0.107325769203507 -0.0491267943431801
0.0364086855470622 -0.00936576924255022 -0.151232800797322 0.00456225819531079
0.0237124350576224 -0.0274196775635506 -0.134304761925996 0.067255487267118
0.00447406927279351 -0.0381512564520069 -0.0862571922489011 0.0940366013784025
-0.00639474428509829 -0.0371306091989541 -0.0381491467044906 0.0880303805127171
-0.0130569386113659 -0.0495770728433628 -0.00309900105820022 0.0827924321424845
0.00350986748004273 -0.0586898769198179 0.0161057627937721 0.0776886614910881
0.0213105141620929 -0.0593057314054419 0.0384338344613777 0.0663229217109205
0.0519765892570286 -0.0477179941816785 0.0614861221353587 0.0765613795908682
0.0614095744199694 -0.027191817451504 0.0678214510771432 0.100336477335115
0.0682900907808994 0.00350595148697394 0.0866013211110718 0.0977083683739378
0.0774625170142942 0.0311103025083521 0.0982335088115994 0.0890595872644798
0.0799328816665579 0.0928677797946056 0.0124238875447798 0.0931618078956808
0.0588535470763413 0.0738353864413758 0.00403459012496648 -0.00930936937528175
0.0735350982322116 0.0510657607619713 -0.0720639817194942 -0.0728829903409744
0.0867919497127061 0.0282464152184807 -0.118304765379044 -0.0606755583264846
0.0814844252013177 -0.0202769281666848 -0.149972007450386 0.000978501953132956
0.0589039932419636 -0.0502574633222132 -0.126619937929768 0.0542493774241943
0.0300413400165629 -0.0726625173502408 -0.0822232252863287 0.0767184179973109
0.00690517521069407 -0.0699612491372186 -0.0354191065126065 0.067962341909496
-0.00161406023423441 -0.0845709532623337 -0.00139421348031651 0.0599297304823843
0.0239828879058355 -0.0890649967779517 0.0197763446693755 0.051539789767549
0.0459520138030875 -0.0866941906030257 0.0474817736678455 0.0449699569139822
0.0935218606282866 -0.0660099878876486 0.0695914095429892 0.0636402453764659
0.11297360268396 -0.0252778740691321 0.0673246442331806 0.0930843777047591
0.111031974038263 0.0340937666682286 0.0699464351540478 0.0858337126274885
0.110594335709577 0.0806782551022298 0.0738528650817837 0.0637287393654197
0.100136920987278 0.136453718962431 -0.0133923074180069 0.0403166938354135
0.092804962774951 0.117148714448686 -0.0142851672102787 -0.0527300605773964
0.126099082134649 0.0776395619235234 -0.0874953450668063 -0.100017807817551
0.138483713456281 0.0293487234277131 -0.126265670992534 -0.0731807778741565
0.116433894297356 -0.0370758841390287 -0.138860226874974 -0.00513602901693093
0.0832403293084192 -0.0704637585384356 -0.107909706827787 0.0345930830938337
0.0493332090092443 -0.0971916073430052 -0.0687643752232968 0.0491693448502914
0.0190264364116091 -0.0927299498435981 -0.0282540430608444 0.0372932043232623
0.0112861388617926 -0.106314146197777 0.00233297590753228 0.0273232840600151
0.0430752809459889 -0.104327627951112 0.0253393986021483 0.0180599031746059
0.0665579571170368 -0.0976323662950789 0.0583303253665061 0.0185679601552151
0.121981200570528 -0.0700005589214992 0.0773666611523179 0.0475958395632286
0.146756736019154 -0.0161462057991276 0.0644467450322243 0.0845049703207592
0.134926373822852 0.0615570837435094 0.0462367011321236 0.0733620229533771
0.12452390461421 0.119619007664825 0.0402214597772549 0.0303361695333472
0.106932826021194 0.155242789400238 -0.0429099889349678 -0.0172924416952299
0.117032785391579 0.138334376627473 -0.0389599577166952 -0.0958479301739929
0.162090252846532 0.0866858402447465 -0.100053902391761 -0.121030061071432
0.169045311539816 0.0200466747631774 -0.124951722098166 -0.0816548210709775
0.13208838849614 -0.0529680922655963 -0.116015645069299 -0.0157308161827378
0.0917881030908028 -0.0830526459978634 -0.0821374127751736 0.00664857570080799
0.0571541808499805 -0.10928470695582 -0.0510217343579021 0.0142503206972871
0.0272191908507042 -0.100770583269501 -0.0156907853147634 0.002344883289572
0.0246531723946642 -0.110960306672839 0.0114507107990548 -0.00790963270395541
0.0612844090757391 -0.10267617615335 0.0357854556189298 -0.0165010071627973
0.0841842936074729 -0.0898150457695531 0.0714704945795933 -0.00723067630147244
0.13681061825143 -0.0539172388961335 0.0844531834513508 0.0337987405121227
0.158391047830255 0.00320010729936378 0.0587687926821701 0.0742686005539257
0.135460862411799 0.0863587935722321 0.0204927749612845 0.0587159906485897
0.115937421615519 0.143669550645066 0.00478327151238842 -0.00895076725633935
0.0963682926145344 0.147241546242863 -0.0732305964626511 -0.0681601165800129
0.11788176205466 0.132636393417745 -0.0683713345100937 -0.128166220832733
0.164411029394198 0.0783726845251706 -0.105632184797784 -0.12885991263001
0.166119525613705 0.00775818301860039 -0.112449007035396 -0.0862996289616748
0.12196462713575 -0.0587647194657492 -0.0869058984746631 -0.0325721433372489
0.0841732615189792 -0.0810299805872108 -0.0541698666345859 -0.0257711265954804
0.055751986442534 -0.103376111764147 -0.0315327509572807 -0.0232087770835036
0.031226147217199 -0.0941876734814762 -0.00159023191454236 -0.0320899286176561
0.0355281131571671 -0.0991607543614371 0.0268256119910473 -0.0411959144199296
0.0723811758730176 -0.0852407001481123 0.0539337551149779 -0.0454523985567225
0.0923742113117036 -0.0659218350895982 0.0898104988234967 -0.0246602794223608
0.134749388097819 -0.0244571718669435 0.0905908080082975 0.0258223490874249
0.14633444708822 0.0298609747364196 0.052975832568807 0.0639518303626379
0.113533507407831 0.104176708162478 -0.000600771824125223 0.0391920629513035
0.0862690768548503 0.14952496706966 -0.0229425220720073 -0.050590308406329
0.0651751568878785 0.114423347240714 -0.0969364951810671 -0.103049958016218
0.0921803345966903 0.104414480031827 -0.0938704913962606 -0.142444907005819
0.130679906218775 0.058845687529054 -0.100875236774965 -0.124928546660626
0.12791668302529 0.00118095762450537 -0.0929334884299097 -0.0869001944083379
0.0914038176881376 -0.0476602924383449 -0.0583433749464141 -0.0510638921652488
0.0639436309174402 -0.0623797527965754 -0.0305520160757755 -0.0560548478041581
0.0473200948665487 -0.0783430487286051 -0.0160010849614913 -0.0565080502472759
0.0311464026739568 -0.0721153659499427 0.012613671712765 -0.0610052559136969
0.0388124868355561 -0.0734309418341781 0.0464320802639036 -0.067263117268064
0.0695048395663658 -0.0579456472309644 0.0779115985894157 -0.0628003523633766
0.0836705054536853 -0.0369965217384139 0.110283292408869 -0.0289854379888651
0.111511467682446 0.00416605856069886 0.096029030830932 0.0254398636048614
0.113874057103562 0.0483537243679989 0.0480219702638018 0.0530542257408034
0.0765315432912112 0.105292994150187 -0.0120191085629425 0.0163450212502285
0.0461659558687401 0.133516672527426 -0.037570699266554 -0.0899867527755782
0.0186923127484879 0.0662865546550542 -0.107228251740577 -0.117140371222075
0.0446448673617756 0.0636880322770505 -0.107380448440492 -0.139138977161709
0.0703401669175043 0.0359738271351493 -0.0894606606456993 -0.115295931290784
0.0684781579382023 0.00341662123731367 -0.0755841608225499 -0.0852067212070691
0.0492653209300836 -0.021000496702997 -0.0391986699514173 -0.065651731771271
0.0386154692670558 -0.0297222510380843 -0.0176538906433931 -0.0770396688140059
0.0349202103349603 -0.0401882203460702 -0.00479919340965139 -0.0791605448807905
0.0254986133474478 -0.0388746222583603 0.0251511520296424 -0.0786804186027459
0.0308598339108732 -0.0401972569760203 0.0644787152995181 -0.0830538698623844
0.0489403728882156 -0.0294664603894491 0.0999977918788206 -0.0675290558829614
0.0567862976607662 -0.0152417703687076 0.127228812449365 -0.0229516711875279
0.0727074337342158 0.0139287500340538 0.100489071938898 0.0282510105081165
0.0702927930393952 0.0455466282143307 0.0477645779748117 0.0440623496346455
0.0376579241790048 0.0834113405273521 -0.0124359571073967 -0.0033254365848518
0.00532177765925404 0.0950855002818025 -0.0414937128676468 -0.121553524417623
0.0137447651944507 -0.0260437938224188 0.0551643676762151 0.136090663366784
-0.0122463727706153 -0.0311690929000247 0.0314509465771955 0.0300599052362519
-0.0264060556315944 -0.0214724297173898 -0.0387463619879549 -0.0385905530172369
-0.0200593887652126 -0.00249671332909138 -0.0951342540143951 -0.0381107754057305
-0.0105573121001724 -0.00335072512771205 -0.137697929518299 0.0122101207236914
-0.013839341655143 -0.00389966915684118 -0.121649322517906 0.0747257128628497
-0.0214500537757803 -0.000178324091258008 -0.0749029308848788 0.0974336208511862
-0.0177883001182016 0.000822237468965834 -0.0329602294473452 0.0930761516379212
-0.0224521574166612 -0.00555610767929587 -0.00150624161816044 0.0881854550569369
-0.0185503801603587 -0.0179328510275211 0.0159250841912939 0.0863667613767141
-0.0104758476148783 -0.0232380725108085 0.0324738218642423 0.0738783860892858
-0.00322562258976841 -0.0256126874110572 0.0550967565584974 0.0794526726120945
-0.00202390324614045 -0.0302609122193411 0.0667841758447389 0.0996595295372504
0.0152843423195963 -0.0326460794809804 0.0901575154631627 0.103440973971438
0.0303281043758871 -0.0244860888934741 0.10573057901747 0.0964301675809525
0.0495470024238611 0.0323158447566633 0.0364272020694321 0.121247554535642
0.0227813563414889 0.0186491930077322 0.0177142675130954 0.0188974615877819
0.0212821903827061 0.0131285858252694 -0.0537641569885386 -0.0481008097113142
0.0312151683895216 0.0134054728837795 -0.104237930753058 -0.0461585941010426
0.0347420715970802 -0.0109079607509388 -0.143573597473818 0.00724175301520044
0.0227855751404987 -0.0276412074296222 -0.126025761650663 0.0672703465278452
0.00237518518215217 -0.0368181685002362 -0.0794758538881489 0.0921682608393767
-0.00661356965120556 -0.0358173152018419 -0.0354891246984089 0.0849399414834806
-0.013492711022145 -0.0469166888622563 -0.000575939541020569 0.0782675298395465
0.00176736210107355 -0.0559185961855222 0.0182321290244296 0.0735732622033206
0.0186819508481899 -0.0574433859782659 0.0383952994643856 0.062702844174502
0.0483517174123674 -0.0477289331401188 0.060489288568281 0.0713837244649344
0.0584258250916973 -0.0273814357627485 0.0674396444300113 0.093678245998076
0.0660192869700724 0.00171717701827847 0.084657837001665 0.0913796096281988
0.0743741819143134 0.0278839992088607 0.0969320719435388 0.0840007601869237
0.0788652958902012 0.0862487982156473 0.0136447349596849 0.0865301908599299
0.0591719424611096 0.0691945875161389 0.00347721576525942 -0.0105044413726501
0.0725705005137463 0.0470281054714929 -0.069843651294202 -0.0691972943536825
0.0854946838978359 0.0245874828353191 -0.114464271072771 -0.057450324420042
0.0779430172841102 -0.022508958426382 -0.142975735036674 0.00372882707710312
0.0554056649549946 -0.0507206733943393 -0.119355551355954 0.0545841968209806
0.0263216255466438 -0.0702939466536524 -0.0754144440166409 0.0750868588783919
0.00485067058143031 -0.0674853704232396 -0.0331783649122783 0.0653058792038508
-0.00382552678618328 -0.0804281686455312 -0.000123137717222037 0.0556962562731062
0.0195852710898252 -0.0859526690767677 0.0208791458600172 0.048704281215629
0.0414245710276539 -0.0840882842866531 0.0467202960459489 0.0415857504143231
0.0877616620082922 -0.0661534522182391 0.0685662351778746 0.0583671336723346
0.10721362835374 -0.027041846917566 0.0670839690246626 0.0866632523240445
0.107527734049695 0.0298700517863555 0.0685065820082259 0.0802490821347211
0.107478291824572 0.0737834741410719 0.0728548730055346 0.0591992125763593
0.0993389323852622 0.126449153047743 -0.0131101942931909 0.0372525991086371
0.0926608174348599 0.10996956862851 -0.0144911347802754 -0.0504359843795312
0.123205066586112 0.0714014509526439 -0.08460406214231 -0.094835251167439
0.135041524268127 0.0243912463642197 -0.122305521371424 -0.0689127662092606
0.110953760236747 -0.038320360897007 -0.131717683184978 -0.00252224110207355
0.0782425595214569 -0.0705786381288143 -0.102299488315081 0.0347991830089788
0.0431073415617015 -0.0948944238262236 -0.0638744673750261 0.0485161981539992
0.0156883668060824 -0.0889209622918213 -0.0263593237624019 0.0357663579501199
0.00802376244862613 -0.101145797498347 0.00307642383282906 0.0253302799004669
0.0377786712119253 -0.101660023376497 0.0251321733991622 0.0163039364055585
0.0619312473154376 -0.0950787275147523 0.0561456417014481 0.0155534948310278
0.114890641302633 -0.071067311965203 0.0755802348478092 0.0436089067812166
0.13960604471838 -0.0202149598413163 0.0640951633652151 0.0785704330452936
0.131194182314449 0.054920295906338 0.0459641344352644 0.0687596045715654
0.122068822907247 0.110263506064689 0.0401042052274424 0.0281017415594045
0.106502610686028 0.144239340899147 -0.0427993195870006 -0.0175243398517185
0.11577087779767 0.12874378518118 -0.0392792257863606 -0.0915843895050832
0.156219925058513 0.079245667753253 -0.0968347885691172 -0.114057462002386
0.163929873223882 0.0148053060438784 -0.120958094568704 -0.0769067652692166
0.124680835391015 -0.0545018630717931 -0.110397368531535 -0.0138240873750934
0.0857137077867409 -0.082288059900479 -0.0783635531171406 0.00743871755113153
0.050651084455731 -0.105864960233762 -0.047028227515108 0.0142942931083561
0.0235515231243694 -0.0970899676771485 -0.0158156138394358 0.00160250763145537
0.0200509213215774 -0.105630716939782 0.0114158871868334 -0.0091718685412236
0.0552262927075951 -0.100626974017427 0.0334868088872355 -0.0174989810841577
0.0783644488375075 -0.0878515171046333 0.068667730716725 -0.00926946034196176
0.129971460974238 -0.0565842919965209 0.0816427522870485 0.0296262531091427
0.151407313541478 -0.00126721287785609 0.0591460411337804 0.0687349582794331
0.132177507729618 0.0785225203958346 0.0209872855346303 0.0552651564526621
0.114616982871699 0.133427270265568 0.00559384434424155 -0.00803903669852598
0.0960811452332492 0.136207989720159 -0.0723177132093789 -0.0653112317182146
0.115867601235352 0.123227974592449 -0.0683309908863807 -0.120653129960383
0.158137039166795 0.071288680199088 -0.102301275013763 -0.121523597794728
0.160155893934237 0.00338670824369582 -0.109335581850196 -0.0816455763939848
0.115451627394742 -0.0586533346816078 -0.0827846702577107 -0.0302774372620478
0.0784122611470089 -0.0798232851071669 -0.0526470575264812 -0.0245749576407521
0.0495476886209237 -0.10005462600786 -0.0302425175282675 -0.0217586893924083
0.0276528392814204 -0.0897407174614491 -0.00298056901856541 -0.0318441701386748
0.03079683947914 -0.0944379420374492 0.0246584240510622 -0.040342438426815
0.066272764208688 -0.0842515449684284 0.0500173109797494 -0.045499246807535
0.0866341967302875 -0.0648014439029479 0.0857068383652756 -0.0263165447024668
0.128557354178937 -0.0280512608631678 0.0878287125296511 0.0222158279451552
0.140312319771775 0.0241299022698776 0.0527335606608213 0.0594541958080158
0.111677332640898 0.096462408247651 0.000772599214222985 0.0369830887934802
0.0870873862885001 0.139706216459121 -0.0224511713174799 -0.0469599040452426
0.0655662725535677 0.106730179578691 -0.0951548081520408 -0.0977635040068101
0.0902656550796274 0.0967270198292566 -0.0926404845976328 -0.133730387405838
0.125233451345888 0.0534105035586773 -0.0981168096436901 -0.117932781849403
0.122856316737824 -0.00166713094264693 -0.0903826079521966 -0.0822900433444848
0.0859913663163516 -0.0471717231717223 -0.056188607082187 -0.0486961167959522
0.0593220260856767 -0.060766062794636 -0.0316163265069399 -0.0536712548240462
0.0418194900176304 -0.0766565708799228 -0.0155979960426962 -0.0537541540726619
0.0277402659425263 -0.0690637743603954 0.010726074926859 -0.0590856112475517
0.0341664111794628 -0.0705467369470607 0.0430064892762492 -0.0651594462927081
0.0641151353834203 -0.0579859164269686 0.0719146953562296 -0.0618892234958976
0.078934763215789 -0.0372307365937308 0.104658634086061 -0.0305027913016571
0.106909968105031 -0.000267987774286224 0.0928510385217844 0.021444952313177
0.108793615349759 0.0429589463388988 0.0481746030238537 0.0493524463522519
0.0752538378786964 0.0976528401562523 -0.0110568436136459 0.0160606115151466
0.0481360922789608 0.125076569278551 -0.0378165522101866 -0.0847835970788866
0.0200088878064381 0.0616658577809051 -0.106006163640268 -0.110442692188434
0.0436571141542776 0.059667719180182 -0.105306041256229 -0.130324220284259
0.0675631917284836 0.0328002958143501 -0.0873405470623291 -0.108624344440113
0.0652280502736834 0.00189007105555466 -0.0738998952458449 -0.0805701516535334
0.0468445852837901 -0.0210130674046315 -0.0387143561570748 -0.0623850494031096
0.0358165263615747 -0.0284301790756731 -0.0193201498203012 -0.0740643072021289
0.0315355199885339 -0.0393697362634255 -0.006319202721124 -0.0753978031020533
0.0233457264789343 -0.0378234207149367 0.0225181180777166 -0.0760063854429869
0.0277486174651592 -0.0385667335720367 0.0599347289376788 -0.0809770931745412
0.0456931171606668 -0.029668534252263 0.0934157861177118 -0.0666566571860879
0.0531843680469027 -0.0160870395379269 0.121284548827496 -0.025313238203844
0.0696617365572521 0.0107152229703906 0.0967830777091975 0.0249715958157172
0.0678147143794074 0.041841534231474 0.0472933778763956 0.0405837266762851
0.0379318034683862 0.0777744141857057 -0.0115441227830313 -0.00258846779895363
0.00835797834900661 0.0892654656824406 -0.0422557060536712 -0.113652624127626
0.0127732728082661 -0.0237554963314194 0.0525247668483654 0.129546454158774
-0.0107864845595583 -0.0297622309911324 0.0301734652842134 0.0286102752157903
-0.0237384431105402 -0.0203852311590322 -0.0381542033714392 -0.0383689433986324
-0.0187643087850663 -0.0027022028066287 -0.0926480402862627 -0.0379094304262503
-0.0101096876572038 -0.00394480358405215 -0.133014054129947 0.0114616342055315
-0.0128270351268265 -0.00444985785802103 -0.115932582465621 0.0723130209767682
-0.0199608660013828 -2.31042844489201E-05 -0.0716737617418593 0.0934809810025114
-0.0167638664992229 0.000166311973922339 -0.0329840633088193 0.0894411237740311
-0.0213042273846361 -0.0054043291326329 -0.00122711561607653 0.0844959030660535
-0.0181474264651292 -0.0175716592988646 0.0159751248617972 0.0834081143118489
-0.0104034708111758 -0.0226250987787957 0.0311846149163868 0.0718428398501632
-0.00276932989657841 -0.0252322659219241 0.0526896057748223 0.0763837511132271
-0.000805452999456952 -0.0291540653516881 0.063783610542858 0.0970184790605422
0.0148124368216896 -0.030862891665724 0.0863563236109894 0.100197778157298
0.0282249397196792 -0.0228451922339149 0.102757158242982 0.0940144939465234
0.0480799144910974 0.0312283946876032 0.0341918285664119 0.115013973063247
0.0230638197634002 0.0181136751232599 0.0173955467702568 0.0177526451539087
0.0214134672413793 0.0127078055669602 -0.0516293797987642 -0.0478485085491311
0.0312324027561305 0.0124643441724117 -0.100636034935752 -0.0462893343849607
0.0341421477313656 -0.0118884544277572 -0.138409545886943 0.00656459554465083
0.0220444065128985 -0.0279269905543465 -0.120992014705818 0.0651478440725826
0.00297306923650411 -0.0357299642748706 -0.0761443847242596 0.0879835684152841
-0.00640479146088148 -0.0350851260214445 -0.035151234673016 0.0820245249307272
-0.0129143516238254 -0.0452455701869718 -0.000746786527073465 0.0749018707461018
0.00123224007914323 -0.0545315173184645 0.0180766769839256 0.0709052872713582
0.0179023765298447 -0.0556272628444301 0.0370864571093875 0.0600475342095989
0.0470373389395385 -0.046421485575154 0.0581710258066509 0.0683124671452481
0.0567524597115848 -0.0262371809380548 0.0642308452369535 0.0906670497697575
0.0637889729252564 0.00190017412182696 0.0809962151057576 0.0888323978147598
0.0708848563619934 0.0272336975123831 0.0938804219874074 0.0810195416887033
0.0765371745496467 0.0825396750685962 0.0117934727306344 0.0815814093268263
0.0572831461518247 0.0668314978963607 0.00353915090642579 -0.0102459380832343
0.0706102615211236 0.0456598466857445 -0.0661312945552299 -0.0681936034719259
0.0839423373613762 0.0227650093260936 -0.111028586240666 -0.0569171821651122
0.0757442959795718 -0.0226350696662186 -0.137157060205172 0.00273286584985912
0.0540229373218962 -0.0500284145247831 -0.114861224544657 0.052245618928048
0.0246561082528724 -0.0673777358973668 -0.0718199030449458 0.0713981552054018
0.00454086087264562 -0.0657360017927574 -0.0326381004818689 0.0623778920144464
-0.00365435923208889 -0.077044465410008 4.36503621739452E-05 0.0530920005379044
0.0188466688035252 -0.0831480360077921 0.0205227700582752 0.0467967186562913
0.0403375670041636 -0.0807215435486415 0.0447747542214282 0.0403308675424356
0.0845520461554566 -0.0645657517792427 0.0654782833191777 0.0560108077485616
0.103724190287353 -0.026202715053797 0.0648107803735019 0.0835698701915753
0.103954996368757 0.0286427046792473 0.0662025071001515 0.077847298912728
0.103596010937322 0.0710741472801512 0.0709878913735549 0.0582127455065373
0.0960166601311747 0.121041140141085 -0.0134519051289691 0.033650405443469
0.0902909982660707 0.106189447801825 -0.0139325269543997 -0.0491900487680786
0.118726711410981 0.0691847540364977 -0.080137112612477 -0.0933580056394169
0.132337605701278 0.0230345548149753 -0.117903745165777 -0.0681175988257197
0.107441224445894 -0.0376873753411673 -0.126466341108291 -0.00399476902338339
0.0757538492263415 -0.068770994203489 -0.0990002669782501 0.0330417666559001
0.040416550555993 -0.091487091006473 -0.0602002514730179 0.0453601981680453
0.0150364742725311 -0.0856040433234679 -0.0264837598858082 0.0332448135770992
0.00732960050616605 -0.0971734528647367 0.00296477752798723 0.0233651248476614
0.0365108091971658 -0.0983912480809015 0.0239790263727217 0.01551423803394
0.0593077076619946 -0.0917979107958726 0.054242400939588 0.0145881484870841
0.111190399300713 -0.0692005805289505 0.0729563309369306 0.041020665506751
0.13474445517292 -0.0197753242536665 0.0622598282820658 0.0751743255970862
0.127006850426119 0.0523871777193635 0.0437998180676872 0.0667381553704639
0.117665982879769 0.105555132838924 0.0393551080926511 0.0277246609360028
0.102798522310693 0.137255381730422 -0.0424865816212661 -0.0179355974542399
0.111775772454389 0.124154397421418 -0.0376589207372467 -0.0882111506852491
0.150693060296666 0.0766678779413881 -0.0919361468193515 -0.111805926854227
0.159460538341095 0.0133699363165082 -0.116907098673378 -0.0760619821202566
0.120824995480052 -0.0521066915375221 -0.105897535317493 -0.014937144328565
0.0827680367444363 -0.0800465296387035 -0.0754892337820764 0.00632783792303171
0.0480584240251004 -0.102344789023548 -0.044441250919311 0.0128066027228307
0.0224710667209941 -0.0935916505972365 -0.0161629140208909 0.000429490455041453
0.0187178993954234 -0.101119104416146 0.0111357923053183 -0.00886427213496272
0.0523507349122906 -0.0977970433185843 0.0326736054408328 -0.0166107418439291
0.0758269258051225 -0.0846864522852745 0.0661084744138184 -0.00961546529819795
0.125227968764843 -0.0550485750075948 0.0794722219401272 0.0280197082430417
0.145747594556949 -0.00182347918542249 0.057271872500143 0.0657399166858356
0.128096116725827 0.0753286801570305 0.0198524502240516 0.0533248872618806
0.110929900042758 0.127644303015028 0.00642865173656668 -0.00727140057307984
0.0925993562696172 0.129620793063526 -0.0705218135466833 -0.0638416119920147
0.112276009347975 0.118385568178913 -0.0657323719656895 -0.117383394018039
0.152219472506879 0.0687046117163483 -0.0972877263969002 -0.118729621076807
0.155465497738274 0.00287626790446133 -0.105408298417113 -0.0800182684051158
0.110946349137607 -0.0563715372428484 -0.0790883812234513 -0.0313318531505111
0.0754752343186309 -0.0769504904908996 -0.051180535820124 -0.0245065120736344
0.0462927391422817 -0.0966000282128211 -0.0278394515717704 -0.0215911870123991
0.0265475804079497 -0.086646411362128 -0.00316286928932037 -0.0315566048980061
0.0290415896537261 -0.0907966808354501 0.0238458045361753 -0.0397251085758398
0.0632599046643509 -0.081675993329788 0.0484446732109474 -0.0433412593239998
0.0837997671133486 -0.0627908763555813 0.0826084426528498 -0.0257047227811361
0.123882359473269 -0.0275142677908606 0.0852689644485144 0.0209371947094256
0.13436426873285 0.0229087334057249 0.05151490629563 0.0565778022408499
0.107962378698727 0.0916574893049597 0.000848507206974522 0.0358387807777497
0.084482053729625 0.133193901415563 -0.0209897616662724 -0.045001685097995
0.0631029148125079 0.10047063516774 -0.0924621827987226 -0.0950629380856102
0.0872232808563146 0.0926123097519911 -0.0895664763134975 -0.129322774456172
0.11992718782403 0.0514308993938173 -0.0931917732962517 -0.11468809255876
0.118913839818142 -0.00180909375128392 -0.0873909618829494 -0.0799850587629716
0.0825679397823063 -0.0451130150106368 -0.0538532065079941 -0.0483091825432054
0.0572922789562629 -0.0579894424039304 -0.03138341433324 -0.0532010002658353
0.0399151018345568 -0.0732133330303385 -0.0146668493926709 -0.0521690886534723
0.0267497433898144 -0.0664110274403048 0.0104994887254794 -0.0575692852935558
0.0328624429159295 -0.067709466739076 0.0409525601871557 -0.0638355140661583
0.0614849966830755 -0.0564411878352344 0.0689602930603159 -0.0592011763159647
0.0765146778219212 -0.0355934419519752 0.101129468122131 -0.029705185429147
0.103286259951371 -0.000458411949130026 0.0901141873423595 0.0206970972967207
0.104475771774195 0.0417363635287491 0.0466220301394537 0.0466061271889902
0.0728472013403045 0.0937534871010278 -0.0101371989570594 0.0154735031595374
0.0466820383578047 0.119120802627223 -0.0354685840271342 -0.0810292890030742
0.0197048171764104 0.0580653146965522 -0.102666117561711 -0.10694598530554
0.0421741929264858 0.0563574046295144 -0.101376827188212 -0.125528954327514
0.0644039217339225 0.032168197409142 -0.0834481395682738 -0.105381496567663
0.0632725127860739 0.0017990971531233 -0.0716770458389373 -0.0783868737037184
0.0447087137327749 -0.0204436411692089 -0.0373513625108601 -0.0614520440038723
0.0345212965918881 -0.0268139238063865 -0.0191905764739492 -0.0720748974924632
0.0297693934360914 -0.037205973237708 -0.00543644038723547 -0.0725275892532693
0.0222652489125521 -0.0359107466797495 0.0215534985669222 -0.0740113318354523
0.0267066469758544 -0.0364968905149363 0.0579640325026552 -0.0777019367155744
0.0439332563747111 -0.0291043715741145 0.0896317084494819 -0.0637119472833148
0.0517376040363184 -0.0150588792671071 0.116873815510051 -0.024447071483962
0.0671003004085373 0.00991158638000856 0.0936977936436854 0.0243637442126653
0.0644121599118981 0.0403370611790018 0.0460578945493033 0.0388148234472661
0.0356828392398113 0.0738398967085566 -0.0115523500873299 -0.00254864219989707
0.0083496891338889 0.0849421675449576 -0.0406354434736556 -0.108653426274015
0.0122764282564952 -0.0225291285394683 0.0498009113756241 0.127387773333001
-0.00936935329697485 -0.0294530124497907 0.0297092875131103 0.028204367258598
-0.0219075672782333 -0.0210706901752972 -0.037673679225318 -0.0394251458989364
-0.0179899606712862 -0.00367141440275154 -0.0919782158351043 -0.0395628956378521
-0.00953721790672283 -0.0053025572810003 -0.131249705556354 0.0093195605441543
-0.0125149191231382 -0.00553089173275155 -0.114628855331221 0.0695031671920278
-0.01914783772617 1.93144446172669E-05 -0.0718031382828244 0.0911835452031959
-0.016556560696824 -0.000352922174971405 -0.0338853375277308 0.0881061249231965
-0.0201372468838164 -0.00631216006664146 -0.00241049964245724 0.0831970252679148
-0.0176641732298097 -0.0172524508917705 0.0150774678791019 0.0828883468673117
-0.0103558051834251 -0.0225754798640394 0.0296893107395747 0.0715546035810773
-0.00210184748068435 -0.0250472060281862 0.0502374451093824 0.0761060550128828
0.000343335798501565 -0.0288095166736514 0.0613737382704604 0.097021399980473
0.0147109357042572 -0.0296272177503521 0.0831761475844438 0.100642658200053
0.0276043250207956 -0.0215138676688835 0.0996309622689707 0.0950441628599477
0.0464831696232255 0.0316767160128556 0.0316588227885592 0.112594949215793
0.0230278990396886 0.0184095258989104 0.0166043785808958 0.0170467133980726
0.0221542729833097 0.0127026125032463 -0.0501116224459573 -0.0493943047758772
0.0321977812198169 0.011678422639624 -0.100105115236449 -0.0484460312567504
0.0341362347190894 -0.0122177756747771 -0.136913665502194 0.00413444284087896
0.0221908101891916 -0.0281908158567675 -0.119141817532053 0.0623740630143145
0.0033803643342702 -0.0354360204594014 -0.0754250794404115 0.0855057489963356
-0.00572050056744371 -0.0349165614873549 -0.0366194903337488 0.0806650690695974
-0.0120930087451912 -0.0448509061284027 -0.00170014925910414 0.0732886685571269
0.00179392847076777 -0.053787315337933 0.01744620213059 0.0702912247624758
0.0184860309893612 -0.0543062856701382 0.0357504805411555 0.0599580716430533
0.0466948527281783 -0.0456218511287345 0.0561878054002709 0.068283653673916
0.0569450529295993 -0.0253842554174777 0.0621907564259967 0.090500672025804
0.0629268504233112 0.00255498933746901 0.0785010306209857 0.0893516667575893
0.0692916591247636 0.0283301543924283 0.092033060594112 0.0819183900116782
0.0741720701418651 0.0820001042414531 0.00971048221242944 0.0793795325074576
0.0561733554253939 0.0668804620316076 0.00368090632454285 -0.010460889609862
0.0703892830882566 0.0463914486770077 -0.0637519543628713 -0.0696975566262204
0.0842689040681767 0.0226853284249983 -0.109874715613744 -0.0594749966792921
0.0759969008962712 -0.0220450454917373 -0.135108006105963 -0.000591941230254451
0.0541363292630362 -0.0494849560920333 -0.113468979522587 0.0494204439761249
0.0247690715426455 -0.0668676628713448 -0.071086011826837 0.068461589327892
0.00567363779235545 -0.0648217050380146 -0.034067927016102 0.0607467320421478
-0.0028919906350877 -0.0761245498219185 -0.000707546440883839 0.0516393944725551
0.0194041467079269 -0.0825762240949428 0.0201006637049545 0.046411645387392
0.0406106714049614 -0.0790315537175997 0.044338360046735 0.0399692616152416
0.0843534817654603 -0.0630073276525691 0.0639587514165311 0.0554291850571469
0.103317254940585 -0.0250743096388561 0.062706060781397 0.0833907528306273
0.102604383121596 0.029635826610632 0.0637007824347261 0.0778038021300102
0.100637033214715 0.0715475353735091 0.0703595039083293 0.0586821973312658
0.0925496011643772 0.119528414150299 -0.0142442011638569 0.0323149732797379
0.0876528741354893 0.105779435040216 -0.012130666326009 -0.0491985971411898
0.116705837503565 0.0700035762627555 -0.0773284726307301 -0.094429740892329
0.131107825038839 0.0232406543719511 -0.116356581953674 -0.0707609636359565
0.107043796405814 -0.036844822175017 -0.124789583371298 -0.00693406016057961
0.0760812132597832 -0.0680764603633178 -0.0974080397150639 0.0303113557464675
0.0404431542999019 -0.0900819345493134 -0.0593219381998767 0.0427458212866001
0.015680097637296 -0.0851491775486943 -0.0276756780991204 0.0327603408414506
0.00843740558216421 -0.0947497471890662 0.00248030697652454 0.0220946491173812
0.0365112894410517 -0.0972561083585963 0.0241160764786142 0.015280529234988
0.0599427936451755 -0.089825513212189 0.0536943571985774 0.0143846029139161
0.110198061030483 -0.0676575184773797 0.0715664027848502 0.040973484373717
0.133365559074938 -0.0174241674270518 0.0605348649939748 0.0746645025210608
0.124915611375547 0.0529685274119594 0.0422595601284818 0.0667443138976653
0.114837045758241 0.105179445453916 0.0389790240287513 0.0282685293196049
0.0995630366778374 0.135472174403753 -0.041957089524001 -0.0195781062194633
0.108977647979291 0.123506379232548 -0.0355138522697569 -0.0880602272408024
0.148171121062574 0.0778925112225867 -0.0883960370904929 -0.113153218512491
0.158679097400201 0.014711425162665 -0.114323165122077 -0.078692034330081
0.120171806968386 -0.0507784755409023 -0.103850475996834 -0.0179309714842128
0.0833128172203432 -0.078549004516376 -0.0748122830467852 0.00455413412882601
0.0469631941371353 -0.0995288110319592 -0.0426976737212496 0.0107773959650038
0.023055639119956 -0.0920363933367489 -0.0163981734449707 2.55609322245523E-05
0.0203028207444529 -0.0986170912831737 0.010768774799237 -0.0100531844218394
0.0523923433369811 -0.0962531792517913 0.0322697605295914 -0.0158503566057292
0.0758329616710701 -0.0828289790429086 0.0657203020540356 -0.00885228088768023
0.124150480525134 -0.0532556680431681 0.0782098010218414 0.0284820247175846
0.143311842049211 0.00018805777393065 0.0558203751731906 0.0653183074391151
0.12544713001551 0.0753471778718657 0.0193600383960893 0.0532813226680331
0.107546512756929 0.126683057505868 0.0069014715440361 -0.00640004536629381
0.0899020549856061 0.127377543217458 -0.0699767700767748 -0.0648034662128825
0.109342717867814 0.117925179710117 -0.0623798862200063 -0.116612744318026
0.14936757866988 0.070634375740234 -0.0931019574602351 -0.119831858538738
0.154246012232856 0.00388391896320448 -0.103181575380548 -0.0819182423755267
0.110869730927598 -0.0541608112485121 -0.0777160083551728 -0.0332832955335223
0.0756683781147774 -0.0757049849640283 -0.0508058211392916 -0.0257676864419197
0.0460782332089597 -0.0940460078699094 -0.0259348723759 -0.0229599738018596
0.0266548335666592 -0.0854513429514932 -0.003306489949129 -0.0315045239786226
0.0298578741251069 -0.0880150375620753 0.0240840081971188 -0.0393326662026338
0.0625256144246624 -0.0806226358295775 0.0479163334326178 -0.0419804940488502
0.0834556951443176 -0.061434103476163 0.0817895879376522 -0.0247167708772574
0.122185060770649 -0.0267777903907328 0.0842861402694896 0.0209147294240931
0.132241159854733 0.0246097345696535 0.0504350673352165 0.0558202037366952
0.105073583113381 0.0908782137991173 -6.98436491933072E-05 0.03527460452231
0.0820962899882722 0.131496221212358 -0.0189950600089304 -0.0438133274818391
0.0611678876410034 0.0985338769343758 -0.0906106289673762 -0.0956111830692077
0.0847462675090226 0.0920575111361503 -0.0858870653057006 -0.12917624028641
0.117986357711836 0.0529385835172164 -0.0903728622020614 -0.116008610931407
0.117944622052706 -0.00105920718120785 -0.0857184109679408 -0.0813480522246886
0.0817539347839583 -0.0436041660210712 -0.0521109337997866 -0.0499706304403426
0.0576592939303805 -0.0566447736337399 -0.0307236728968102 -0.0536304547695361
0.0388130157059019 -0.0713693280613494 -0.0131030957146302 -0.0525610627270422
0.0267492651694452 -0.0650781631518397 0.0102857354940696 -0.0572020175996739
0.0329927214067555 -0.0655551216095366 0.0415590457622522 -0.0624305253556681
0.0607767631150215 -0.0555988063482067 0.0687750999063096 -0.0569460654208034
0.0757248935158056 -0.0340769258161612 0.100026463801903 -0.028483037885514
0.101815355395702 -3.65304845354277E-05 0.0894078885432484 0.0210374993755605
0.102078747030792 0.0422943529639558 0.0455422675714068 0.0468864712431399
0.0706990553417528 0.0923888039234928 -0.010507029273008 0.015082509996792
0.0447616454304409 0.117247437539026 -0.0335482266618038 -0.0789332370118897
0.0186598806900931 0.0564379643002085 -0.100426984566517 -0.107637994367658
0.040572632780114 0.0560771358032348 -0.0987405061423665 -0.125111895346859
0.0633696269381743 0.0325631365609031 -0.0808627438335409 -0.105790077863473
0.0623860984817513 0.00269686648383128 -0.0699976992351958 -0.0788576900383543
0.0440648025601601 -0.0186913121075839 -0.0358594738435516 -0.0624250612380917
0.0345174467018165 -0.0252956947576371 -0.0188715555390407 -0.072109373626951
0.029405956437483 -0.0365853730087102 -0.00434667282642369 -0.0719035448073824
0.02237923047889 -0.0352772317355915 0.0227023210504164 -0.0734561824895043
0.0266741123272365 -0.0345985619959606 0.0584559896485619 -0.0760975034995378
0.042761393690883 -0.0287187191801015 0.0886106431612608 -0.060947359116435
0.0508668794637283 -0.0139952074131532 0.115444935765275 -0.0231166550272623
0.0659462129470794 0.0106871414411454 0.0934305998427654 0.0253074829562356
0.0627158053428776 0.0410273410888535 0.0451477492976527 0.039072493328037
0.0341176326975697 0.0725557531084846 -0.0112139774954774 -0.00238393434450475
0.00741760438064871 0.0828934662701012 -0.038165252990467 -0.106567420283667
0.0128982099968157 -0.0216804575856048 0.0490702545703229 0.127880299655976
-0.00895228788376069 -0.0291939837995433 0.0299890508543195 0.0281728672999252
-0.0211516420129447 -0.0214722059525474 -0.0381499435633229 -0.0413377833496873
-0.0171077980357097 -0.00460886448540739 -0.0938109341038001 -0.041041330848382
-0.00993565630286408 -0.0060244227802178 -0.133056175946501 0.00883664257108429
-0.012677344003999 -0.00605176105838877 -0.115877669860208 0.0698403178354016
-0.0191587076037668 -0.000248917465511765 -0.0730521989396279 0.0917041980977561
-0.0164271034761012 -0.000625328700977735 -0.0353568195723738 0.0894679581855131
-0.0196401890063541 -0.00644892254077019 -0.00287855236002785 0.0840674044316222
-0.0175862275924359 -0.0174801123528181 0.0156285360290483 0.0846234516354427
-0.0104596150529636 -0.0230923284440243 0.029547472177633 0.0732657750024975
-0.00150709460712141 -0.0257279253480403 0.0491593310038608 0.0775539527781793
0.000886442174178625 -0.0292795619210167 0.0616146622564353 0.0996570152511231
0.0151352752201687 -0.0293692204393872 0.08371610514124 0.102741836006874
0.0276309145061253 -0.0205323762449742 0.101074134329663 0.097677169065942
0.0467945441967884 0.0333221212691467 0.0311020387579695 0.113457653011079
0.0240069573237222 0.0190911380785109 0.0172132807311026 0.0169685838278139
0.0237222426082514 0.0127837130261859 -0.0506113574158909 -0.0515815724314801
0.033547812697084 0.0112452190478569 -0.101854379843552 -0.0505028030829845
0.0352166463222291 -0.0132143633685111 -0.13884363866145 0.00299687537449643
0.0230596579366321 -0.0296748207232657 -0.121294872275131 0.0620344450086195
0.0035703649278522 -0.0357398146669547 -0.0766187370123435 0.0852797180158448
-0.00553439612208453 -0.0357911704765344 -0.038040483581476 0.0815758425779917
-0.0113864597531281 -0.0453647296110881 -0.00225676463767997 0.0734585227556671
0.001999989886446 -0.0546704893254568 0.0177161801321316 0.07093032538171
0.0187477230463513 -0.0550593583178015 0.0359850415646434 0.0609983558778219
0.04831904950958 -0.0460967529947326 0.0558378325231658 0.0689463091827494
0.0582243532561625 -0.0254623688832043 0.0629306842872585 0.0928363087576642
0.0637581133136006 0.00397691358292842 0.0789335248625587 0.0917851785780913
0.0699044699087059 0.0295906246407213 0.0933132495855909 0.0843684603904149
0.0739569450244731 0.0835978184119593 0.00858405031696008 0.0795944137913722
0.0575519811237477 0.06824296350261 0.004345840849761 -0.0111343890967238
0.0721256285006335 0.0473550158990978 -0.0641680205723814 -0.0731618040929081
0.0864231942820186 0.0228965995705462 -0.111876364744664 -0.0621039335436978
0.0773744893362233 -0.0228130530449749 -0.136927044373142 -0.00241602526340256
0.055462447492013 -0.051507108424942 -0.115308347783483 0.0487451416967505
0.0250768770625815 -0.0673794371247493 -0.0715255075705466 0.0679056062945217
0.00574342858857457 -0.0664832899636471 -0.0358446461520876 0.0615625558970953
-0.0021614705255853 -0.0769252441862613 -0.00126521424619051 0.0517340131797423
0.0201818741861542 -0.0839938720960152 0.0206471990143794 0.0467347836921745
0.0417425701173098 -0.0802420694481932 0.0447197134801493 0.040463935211975
0.0858346494078224 -0.0639897743752774 0.0645427436727301 0.056657393767304
0.105015729062853 -0.0244185614853084 0.0633796155258544 0.0851492068392893
0.104039678054533 0.0307615577339336 0.0644987640659889 0.0800019274511853
0.101654062959379 0.0735836363271657 0.0711799410875621 0.0604230823238495
0.0930013815554293 0.121257846308691 -0.0159499819542458 0.0313210639402652
0.0889489655690243 0.108328492493095 -0.0118049411279207 -0.0504422404792061
0.119742166095458 0.0721840731975834 -0.0773027561012572 -0.0980722094600282
0.13474330062025 0.0232573022397983 -0.118130697830117 -0.0735769748015795
0.109505938697755 -0.0370825786352419 -0.126191063957953 -0.00902818517448628
0.0776444784580249 -0.0697438474730827 -0.0988808108887989 0.0294563603096865
0.0408229646106631 -0.0905712013250053 -0.0589779832005988 0.0416237418353998
0.01604793828204 -0.0866416930322021 -0.0286197985444306 0.0327776573417235
0.00949340894599567 -0.0961451997852013 0.0022346852610444 0.0220897916207622
0.0370081909611721 -0.0993622481457966 0.0245748860050198 0.01580019048438
0.0616324329061141 -0.0906311795361018 0.0543450957391766 0.0145678322589484
0.112552033618387 -0.0687313142186817 0.072682680957858 0.0422305886712757
0.13551475013461 -0.017229253958472 0.0612220548872978 0.0763932858430648
0.126616068315021 0.0544500240681651 0.0424651418244395 0.06818951180692
0.116023298345496 0.107375046695667 0.0402475276199318 0.0293723545675689
0.100102017862555 0.136407926415155 -0.0433609449887936 -0.0209642396891868
0.110197767801047 0.126131421950673 -0.0346040889207191 -0.0897516034731393
0.150689885663676 0.0803123905801576 -0.0879773041693138 -0.116658225865678
0.162509757733521 0.0152194364510437 -0.116185192018169 -0.0818414901745872
0.122700402556027 -0.0512641477474648 -0.105253518315237 -0.0200625523150627
0.085019090152744 -0.0802467676878322 -0.0762393876874324 0.00304595580837803
0.0477317478642122 -0.100574756739696 -0.0422046716967361 0.00842433983638899
0.0232859824425384 -0.0939987357471317 -0.0177762409609953 -0.000206761124801879
0.0213220954965211 -0.0998068843255552 0.0104199730117187 -0.0104759634045147
0.0530193197732543 -0.0981605642799139 0.0329321050156018 -0.0157588215105262
0.0775568685766583 -0.0833386474577658 0.0668143855393502 -0.00925047491624526
0.126357081025652 -0.0543903196600583 0.0795377025025102 0.0282824212735638
0.145795412295646 0.000598259880806558 0.0566873571151506 0.0666543717972621
0.127132672916136 0.0768414894182799 0.0188789943318924 0.0542945641807301
0.10872630285106 0.12883260775732 0.00774805752464789 -0.00602251567806504
0.0898681123090379 0.128561835424399 -0.0703037496756847 -0.0672986426173505
0.110421140945502 0.119743553758926 -0.062315211986793 -0.11862752758496
0.152095422837473 0.0726480714740461 -0.0932390871363889 -0.124165655997728
0.157542605574139 0.00422864543840647 -0.10480891454351 -0.0848684907790823
0.112666932258621 -0.0545669088278752 -0.0783288995398101 -0.0356244028835652
0.0774612079030112 -0.0768822608059305 -0.0518655792369683 -0.0268503545156175
0.0458311653057805 -0.0948391776018081 -0.0257775069926646 -0.0248931261475178
0.0275823706570139 -0.0863715238626707 -0.00379904631702291 -0.0328532467081831
0.0309068633912566 -0.0886281747869875 0.024841923771676 -0.0404009378874932
0.0634467755177883 -0.0820749722027394 0.0486221953956419 -0.0416681810738602
0.0854591990637436 -0.0616523851532519 0.0831945765441926 -0.0247659979075208
0.12475397717926 -0.0265474960236788 0.0859091894210044 0.0213439325846239
0.134111677591221 0.0255695493071601 0.0506871321606706 0.0565516844921201
0.10606685625953 0.0925642762920144 -0.000459498012058899 0.0365352964569288
0.083141693343909 0.133544529823021 -0.0187287420185797 -0.0442351839839758
0.0618310907451672 0.099144026407897 -0.0921284332955543 -0.0984593135964613
0.0846190979650158 0.092879526716476 -0.0859777868447832 -0.130706160329395
0.119513474464653 0.0547376231640259 -0.0898910759069595 -0.11920203503522
0.120741360771076 -9.83370378727054E-06 -0.086779331451419 -0.0844165216727043
0.0831157459598596 -0.0430935583495071 -0.0523113900943605 -0.0516127641238753
0.058967817339793 -0.0572856639095483 -0.0322464977653073 -0.0553162688895892
0.0391421730513356 -0.0718199718676834 -0.0120271371439721 -0.0544759626295725
0.027025262824932 -0.0658875423430708 0.0108185389682774 -0.0590249945938445
0.0338369716298398 -0.0652324554769335 0.0433562837859839 -0.0634385864108704
0.0614430598262361 -0.0564361783528122 0.0696816563418828 -0.0567551158917909
0.0771549196902035 -0.0346557929801066 0.101985489760726 -0.0283571393210445
0.103505140054363 0.000572864312568815 0.0913881685008519 0.0216664426398265
0.103094010824966 0.0434652460486707 0.0462765076517232 0.0474222817636308
0.0703357841109995 0.0933076742083414 -0.0112975869001527 0.0154535782953869
0.0446463603099395 0.118643979119551 -0.0332627748136318 -0.0801352370725226
0.0188962997734987 0.0567626119009683 -0.101485088409845 -0.111005233172791
0.0404477513168075 0.0559500956117192 -0.0992019829732567 -0.127403106862573
0.0637065687696582 0.033846912521922 -0.0809751386741902 -0.108941266568926
0.0636455729273793 0.00314604524733522 -0.0711849905690559 -0.0805226955945466
0.0441747572653237 -0.0184050356727814 -0.0365005864032874 -0.0647347818352388
0.035792131332675 -0.0247237101595715 -0.0198117890524435 -0.0737575147141585
0.0290406460464854 -0.0371177707103393 -0.00337577506276755 -0.0730975687144338
0.0224174088318059 -0.0359072860687448 0.0237418746213844 -0.0745671420443815
0.027311894982012 -0.0347012323893397 0.0605869803046144 -0.0769565885372993
0.0434825229638032 -0.0285908592704547 0.0903368598446791 -0.0608072077915643
0.0517052163619896 -0.0141004449541667 0.117321904742521 -0.022410703695117
0.0670184211611867 0.0106935826648773 0.0945651529284776 0.0260562009950244
0.0629951264251648 0.0420098157544159 0.0457063355986196 0.039688401688213
0.0333063977310685 0.0728389149202189 -0.011830140726902 -0.00190489282938151
0.00686320700375635 0.083532705230731 -0.037774782862817 -0.10741797546562
0.0127651486461104 -0.0213982052390087 0.0580830178716737 0.127340796929658
-0.0106740369921189 -0.0286975813764141 0.0347326821978586 0.025570576034642
-0.0237648866759987 -0.019729758027827 -0.0405118925444322 -0.0411029585200281
-0.0189357917345573 -0.00322914320061184 -0.0987988355145602 -0.0372858059658797
-0.0117614604615667 -0.00440544843768872 -0.135775273166928 0.0178031910057042
-0.0132656439674838 -0.00334427070132304 -0.112297821016667 0.078506699834884
-0.0188390014369031 0.00259856319683356 -0.0669286713023627 0.0980926219223138
-0.0161093122917535 0.000677864667724908 -0.0295667737138674 0.0952195560031711
-0.0206740725912009 -0.0048670645421828 0.00352735750415933 0.0880103659057567
-0.0202755729816901 -0.0163516154144526 0.0234096439621771 0.0875528637616764
-0.0135421414107675 -0.022059214182711 0.0367393763912336 0.0747354354296037
-0.00558754821716259 -0.0266592404250523 0.0578325698115036 0.0796928556862485
-0.0036624064234226 -0.0295674098684781 0.0725896906491443 0.101892040792188
0.010929468689228 -0.0305171630514452 0.0932140925048962 0.103846905116308
0.0257220624449762 -0.021024619868652 0.109604946185186 0.0971954808070183
0.0523176935154046 0.0287490141291705 0.0346085726508952 0.115342493036235
0.0268873307025085 0.0171866709200634 0.0181290948571131 0.0166069980227583
0.0251832790963811 0.0105833068719089 -0.0569274045276287 -0.0480975469332576
0.0344529273210496 0.00624050448182722 -0.110175345489161 -0.0422453837408158
0.031993717425627 -0.0157935327266159 -0.140602618888314 0.0151476487036559
0.0202176558472282 -0.0306722352736183 -0.117180904815507 0.0724551092903652
-0.000513493075326706 -0.0361033001567784 -0.069361807711875 0.0941681446887748
-0.0082700082362062 -0.0354908260790695 -0.0323241951265699 0.0871826908212985
-0.0161896165312782 -0.0448710163676364 0.00284101436670981 0.0772705055971279
-0.00386142769449115 -0.0561893326544402 0.0254404589220922 0.0742797702109115
0.0129684244486531 -0.0570246920851102 0.0425331905794553 0.0624829410638584
0.0427265946536801 -0.0522630301515812 0.063038132659215 0.0714961919823242
0.0553310413775026 -0.0308475380867638 0.0714027679255569 0.0952169191982902
0.0649273659399747 -0.00036546359067344 0.0866453069225497 0.088868692502726
0.0737594513167091 0.027869138242484 0.100296054641224 0.0790472704090519
0.084613313940655 0.0760531183787865 0.00642827164722605 0.0841452795373546
0.064675818080125 0.0630018902388775 0.000228073311397955 -0.009509786123603
0.0780570275370816 0.0402944869281328 -0.0751183223648688 -0.0654642371696012
0.0892274134139379 0.0118576157763978 -0.122397327086456 -0.0501260071098439
0.0742210925286723 -0.0301327040958087 -0.138367867832053 0.0120300099393102
0.0512019835021489 -0.0558082934514778 -0.11188178138145 0.0604229119394396
0.0181220805692787 -0.0706720203747347 -0.0649026300911283 0.0778191068781907
0.000822508814252965 -0.0672279180716928 -0.0316676057594227 0.0659356649618664
-0.0103036527400346 -0.0780988963465561 0.00227451886726033 0.0541840939046182
0.0110539818275407 -0.0877208570575985 0.0258640735719282 0.0492876485926362
0.0339339215241802 -0.0847622379895092 0.0499884532198431 0.0408278493735375
0.079830034186827 -0.0742133810230208 0.0710312080368067 0.0583327296519527
0.103820830547049 -0.0346202364760024 0.0688437541572743 0.0869181595930476
0.109161921989674 0.0243996486187443 0.0689749061688213 0.0747028500170695
0.111561533654538 0.0711431242226156 0.0763469955708134 0.0517318430326574
0.10649349994818 0.110070474269195 -0.0245866503600044 0.0379683594714236
0.100212746609569 0.0991735305895101 -0.021054262267177 -0.0463501256321717
0.128138676121983 0.0602695733243872 -0.0932062178230133 -0.0868216173847426
0.137547030540878 0.00730426163856322 -0.130645645061807 -0.0579858947910157
0.105475931487195 -0.0474924518464033 -0.127212953213509 0.00620800157407271
0.0717621971418907 -0.0765474367630476 -0.0958480139561226 0.0400587053254847
0.0309221765418214 -0.0959515643927911 -0.0535944563706853 0.0516625240961648
0.00950308013012749 -0.088377439972125 -0.0256356233388696 0.0355401338888411
-0.000380821166986347 -0.0976217389165155 0.00389245283840466 0.02240184122015
0.0274636464040434 -0.104983948864988 0.0279324623942116 0.0170379003992367
0.0534805070461441 -0.0967317862163792 0.0582999881182169 0.0135036861229935
0.106707384163853 -0.0814387871200827 0.0771101730401837 0.0422321514227714
0.13561396792991 -0.0294986333245184 0.0647468764650682 0.0778277199664983
0.134955692413096 0.0461342179140945 0.0450301670745082 0.0618020079362748
0.129104176195693 0.104886916201614 0.0419793795364956 0.0191187479592698
0.114342678642481 0.125213115853302 -0.0561873883240385 -0.0135333048395631
0.122566436719409 0.114690169909123 -0.0482266745653822 -0.0841157600633203
0.159897542818049 0.0650128919747776 -0.105868096328673 -0.102145045771998
0.164185940151325 -0.00488922657461112 -0.129347907255423 -0.0631246649830164
0.117103542192337 -0.062639129448533 -0.105552631616116 -0.00577297720689744
0.0785529030219388 -0.0881162135708941 -0.0741626659993231 0.0120981358724377
0.0362681449524457 -0.107500983913259 -0.0386731171724453 0.0178168013296164
0.0160612830951263 -0.0963607624997185 -0.0167753617953944 0.000424040784977892
0.0116399851144067 -0.102978769158133 0.00996893883624827 -0.0119144217878304
0.043727924780954 -0.105443916858596 0.0337010055176297 -0.0167510937729487
0.0705712435963388 -0.0909320084776691 0.0694671628379069 -0.0129712177698431
0.122239896787338 -0.0678631993282708 0.0830098784034051 0.027923677245446
0.148032954047784 -0.0125259130471183 0.0579473568722258 0.0665887494737702
0.137655275214297 0.0687222286329357 0.0197912951421649 0.0480598336266487
0.124091555879682 0.126816536799778 0.00727320832700669 -0.0172465588447038
0.102868678520373 0.117976294816771 -0.086144532103933 -0.060014961023067
0.121304858910385 0.108822552407191 -0.078062157830165 -0.111590704462048
0.159323859306677 0.056317041925081 -0.111087097312761 -0.108295094107553
0.157942995419036 -0.0148117595654468 -0.116974488135834 -0.0672864276773883
0.106684544592264 -0.0659836595924861 -0.0789006226410307 -0.0243261373661243
0.0709217466489252 -0.0849219528937699 -0.0518035107460666 -0.0203474193744503
0.0351704798366259 -0.101024428259592 -0.0248409360598989 -0.018462151017974
0.0202928120322445 -0.0894053031533796 -0.00550161207417002 -0.0332419039796514
0.0224728241688614 -0.0930167677530729 0.0230030381967638 -0.044751760190606
0.0558824408469847 -0.0891341198983325 0.0488378484096889 -0.0447535480453175
0.0808692673858094 -0.0691868939427785 0.0851548757733997 -0.0308720403851417
0.123898314859067 -0.0393424910997365 0.0890716273852934 0.0185806106672616
0.138859888431125 0.013808161358372 0.0512044749370012 0.0556747694610084
0.11736378180233 0.0865716892337506 -0.000172679091790535 0.0300482692678437
0.0980106141402694 0.133449447311294 -0.0210026283379562 -0.0546792270971613
0.0710997745193149 0.0924715388203668 -0.107230968383943 -0.0925803222249826
0.0924717834521057 0.0848516920603989 -0.102290989757989 -0.123700896507163
0.124615728432792 0.0420184317100196 -0.105596573014145 -0.106472461579928
0.11981664335386 -0.0150631610948536 -0.0974779198753261 -0.0699302478183964
0.0780915058054657 -0.051251331944313 -0.0546032462178131 -0.0446882314017956
0.0538933818905885 -0.0631348841445828 -0.034455939208897 -0.0513842844086987
0.0306377794052963 -0.0781290725906623 -0.0139353297922291 -0.0501807497995053
0.0215984417699631 -0.0690168854938725 0.00717289674940817 -0.0616036095333203
0.027875577734012 -0.0698859026344078 0.0400675201395547 -0.0703883138089413
0.056388309495332 -0.0630244658179788 0.0694738234112795 -0.063231538659357
0.0745251162422796 -0.0407916883019257 0.104097446768102 -0.0360313351416773
0.104679494388485 -0.00910795320255255 0.0946467682631696 0.0177771272376369
0.108410589435215 0.0355673917335785 0.0463437822095097 0.0451781912056423
0.0800441833565123 0.0906929725855005 -0.0115662750716564 0.0107550854547564
0.0577863276867917 0.119926940322496 -0.0373778608794675 -0.0886859996702842
0.0230716159917906 0.0548991858705614 -0.114077151636916 -0.10749412247855
0.0431440435170616 0.0529196264083569 -0.112293057605821 -0.121826218650056
0.0661833836618306 0.0270991789850352 -0.0932633545287784 -0.100219078352494
0.0625133263709481 -0.00485478534053084 -0.0791671328757886 -0.0720866361178595
0.0410650509120177 -0.0228570036074441 -0.0412284744067639 -0.0609053540900976
0.0331462187791051 -0.0288981549988719 -0.0247685073378956 -0.0722255811248676
0.0242992377510109 -0.0410792038073851 -0.00807281966779033 -0.0717937863393296
0.0190246925748763 -0.0380862564792727 0.0187582752174264 -0.0790288592520691
0.0241613715714002 -0.0377218778194796 0.0569359207551199 -0.0856920869221254
0.041155577495879 -0.0329410396434081 0.0905538908974854 -0.0685711405003874
0.0508624651933116 -0.0176575163759398 0.121067372296014 -0.0312969519085137
0.0680596229901538 0.00532372887860105 0.0996917853328232 0.0219465218797145
0.0672047913979868 0.0380038918566766 0.0472445408056576 0.0371840740647372
0.0404846327526745 0.0729184031868579 -0.0119510030249846 -0.00553596780559321
0.0158820287325633 0.0861242549024678 -0.0426470368851228 -0.114233524398925
0.0118689426354397 -0.0212216980176989 0.0638877826079591 0.125191975822116
-0.0119017186010695 -0.0280606843004434 0.0367139749975953 0.0228063197817198
-0.0246446856608464 -0.0187963122954438 -0.0436135897985636 -0.0410040346734705
-0.019076426063594 -0.00304263427819933 -0.1029078818111 -0.0328116264051784
-0.0125754606869938 -0.00478517593937146 -0.137066966152744 0.0251187669064932
-0.013751203027451 -0.00334527064026227 -0.110268155436174 0.0847885096645532
-0.0186422585118799 0.00390431941542371 -0.0628237836067591 0.102930289088547
-0.0161944713794584 0.00120024140947923 -0.0254043194748822 0.0989912479858637
-0.0212710087421355 -0.0043265730486913 0.00816158380958714 0.0894513879482647
-0.0211697606331352 -0.0154266245859465 0.02877827600655 0.0874077730504421
-0.0148575870947754 -0.0210160257548661 0.0409736017527978 0.0751778130472477
-0.00684361929865961 -0.0275511459932874 0.0621238274439613 0.0792455843616284
-0.00458473612860416 -0.0300491237326508 0.0791511488151431 0.100520995586599
0.0101914031119648 -0.0308774806484048 0.0997706613817503 0.100905799967715
0.0242692347514728 -0.0218053418427742 0.11707352546001 0.0942730035726356
0.0546242520802893 0.0272382510313899 0.0395147820181325 0.11442916158861
0.0292052246927748 0.0164349912623023 0.0200901565734778 0.0149448557472132
0.0269886640067136 0.00914035877854469 -0.0613560777425395 -0.0469164274565719
0.0361870833475194 0.00352660245332567 -0.115110034253718 -0.0384259282142515
0.0322885451740347 -0.0186417341500274 -0.142549345372676 0.022112350500614
0.0188730126411086 -0.0329471087885295 -0.115367858973024 0.0794152302207708
-0.00199853652376452 -0.0367536701540999 -0.0661851047102253 0.098040561737969
-0.0106238087396923 -0.0361267281627886 -0.0288218016682058 0.0907806357333458
-0.0190591764407121 -0.0451943171342199 0.00698537491742454 0.0783742260371235
-0.00698619593071142 -0.0569977690337364 0.0301166202865612 0.0741511537622811
0.0103256104728113 -0.0586629732776101 0.0461242384018814 0.0621895226475337
0.0413046817450898 -0.0563123302416582 0.0673586488413714 0.0701852002783498
0.0550933866508522 -0.0340214079734053 0.0782080775440984 0.0935052513443603
0.0660552286156435 -0.00296085235578356 0.0925650002367367 0.0862662605523074
0.076614296062436 0.0254453467633569 0.106621198608291 0.0760170247345903
0.0897092808901447 0.0725275251247291 0.00952046428723986 0.0841657708675718
0.0697429479469754 0.0616234707052944 0.000755486048375528 -0.0103981703488496
0.0823964750791669 0.0369208243174184 -0.0799228899734965 -0.0641366313906836
0.0927047809090051 0.00579735566845759 -0.127483659358579 -0.0453075025046345
0.074232363667121 -0.0349686062862921 -0.140754520375383 0.0179066293592111
0.0490749995092614 -0.0606044901880314 -0.11058893704779 0.065894888169844
0.0143504326539049 -0.0727329332992032 -0.0621605071681057 0.0805906927892778
-0.00264084381629252 -0.0682100217860202 -0.0292302983999987 0.0690863436304182
-0.0144169188214376 -0.0787769032186408 0.00479466405761582 0.0547543897021707
0.0064663869158226 -0.0899477382574253 0.0291346662716694 0.0483463631088076
0.0306312853921236 -0.0876148204859394 0.0529477959663237 0.0390096559141143
0.0773156667061978 -0.0805482887617819 0.0745612542440152 0.0556700900635728
0.10379115907767 -0.0405929945340211 0.0755227117831847 0.0852227003970422
0.112545182973513 0.0193445589943534 0.0742985724398982 0.0733960984731354
0.116316813958068 0.0669439953251809 0.0809338208554671 0.0494991256384613
0.113481105899992 0.106786872050329 -0.0237513238707364 0.0388201782298335
0.107433985902698 0.0961771331555367 -0.0224723871290374 -0.0464563180863158
0.134273138002931 0.0542490640564053 -0.0986952031669883 -0.0849492767837506
0.141402991934312 -0.00105094983017244 -0.136194474657274 -0.0525046663117811
0.104755423467934 -0.0542141439594579 -0.129083606541181 0.0115167266565705
0.0691990355605282 -0.0829364595711587 -0.0962020777209982 0.0450728801393839
0.0263887998888946 -0.0989964414771841 -0.0519897860988219 0.0529672822393185
0.00432779894465287 -0.0904415063515877 -0.025719097876785 0.0379958451119905
-0.00562883989442792 -0.0992803234405262 0.00450146891423728 0.0223570243838763
0.0217319324591881 -0.107998521376024 0.0301819097379876 0.0158216363229546
0.049814731515545 -0.101481336577914 0.0601676602154492 0.0101455466329878
0.104542532674323 -0.0896672813950941 0.0809129326766023 0.0389196453437812
0.13667170572055 -0.0374048616154669 0.0704665194330337 0.0758715806856643
0.140135112192424 0.0404147874549184 0.0491872894291704 0.0610254789160272
0.137457598528003 0.100389538031342 0.0444747980222644 0.0173638814822181
0.121924158730914 0.120832775807119 -0.057867811093767 -0.0116535987645673
0.130909684296328 0.110901427139424 -0.052337648286997 -0.083399832641513
0.167187131207619 0.0576230229298914 -0.112763438591989 -0.100467659669133
0.167902861777511 -0.0142778098994311 -0.134986764517638 -0.0587176005444196
0.116222124861667 -0.0702568371200002 -0.108168334214407 -0.00222469836499501
0.0752364268290407 -0.094807800762544 -0.0754104554305969 0.0156065026505487
0.0313047706087835 -0.110797983338708 -0.0384633889504427 0.0176516610525604
0.0099524113302823 -0.0985319152310103 -0.0178987420588059 0.00140391180496455
0.00592443547430784 -0.105398210133839 0.00957421780991329 -0.0133257340847935
0.0385179214112202 -0.10958666941794 0.0346426915722624 -0.0188780246538032
0.0674816539245543 -0.0964190847867194 0.0700178063132139 -0.0172002643877256
0.121799783822728 -0.07634578743065 0.0862109963627432 0.0235250345776049
0.150583380802993 -0.0198381740614124 0.0632759038412377 0.0649053131036594
0.143979995693961 0.0631910083570308 0.0227236431814535 0.0480773114343492
0.133654162300266 0.12242611769774 0.00729989978350446 -0.0175324705530711
0.110373871681754 0.113631886552633 -0.0907265112310319 -0.0572200645211661
0.128295101808656 0.104158538506421 -0.0838520321554929 -0.109475065952225
0.166401529841557 0.0490950115838874 -0.118033646841212 -0.106190147849576
0.160196371312754 -0.0235579830013141 -0.12182459178894 -0.0628835126334067
0.105438625634846 -0.0719711549439731 -0.0821436326636572 -0.0220137330156988
0.0681171464097476 -0.0903672279365724 -0.0546027913350957 -0.0189375471909672
0.0300018081472487 -0.10405480712095 -0.0257723906373969 -0.019656285499147
0.0148195819650499 -0.0915465057072606 -0.00755003077962156 -0.0343517647505355
0.0178180435376224 -0.0960873338842241 0.0206787578503056 -0.0469304907336762
0.0519179885733902 -0.094459509677771 0.0475129960933385 -0.0483397905306482
0.0789076343592171 -0.0749206510859922 0.0846547781199457 -0.0361060490228745
0.1241170977953 -0.0473999615533597 0.09163405130889 0.0141591038471705
0.142060663800822 0.00740470438247345 0.0552197651082481 0.0537918206845722
0.123853264319752 0.0821979591092364 0.00121764789543492 0.0310444135962749
0.107168742966808 0.130166546632048 -0.0234566224839874 -0.0541071160600996
0.0768783212918877 0.0889324584794143 -0.113137303922202 -0.0895911373670682
0.097855454661195 0.0814332693732667 -0.108990493874695 -0.120632223365004
0.129364814591757 0.0367800867092156 -0.112463775942569 -0.104141015999077
0.121199096325768 -0.0211890079519881 -0.102023696410312 -0.0667427062721451
0.0767845395819304 -0.0552329432513717 -0.058513156471837 -0.0435968091499835
0.0516741618439395 -0.067215193368732 -0.0384377277232799 -0.0508686370220879
0.0265886600694484 -0.0792938866868924 -0.0162469598587641 -0.0523398278351547
0.0176800420673906 -0.0708676985157285 0.00407003147412259 -0.0630843699282544
0.0247499849300616 -0.0717708153502656 0.0369722101904877 -0.0736174454152278
0.0537586714334655 -0.066952068355945 0.0677014608589457 -0.0674532135920636
0.0744475491662916 -0.0450273675402643 0.104762594113211 -0.0427201649335478
0.106623826118922 -0.0152085335453162 0.097446647444678 0.0131323610854862
0.112190602551551 0.0311387392529581 0.0499108451951304 0.0436785271949657
0.0857947176038387 0.0877692873079758 -0.0111611594526566 0.0121116711582874
0.0651405144544605 0.118840903753055 -0.0419672492211182 -0.0877382566164334
0.0264338643470389 0.0533685661376135 -0.12128064221495 -0.104228117042088
0.0462059953894274 0.051095312467145 -0.120081437066573 -0.118184393175326
0.0682588378514197 0.0242857967058048 -0.099732955779542 -0.0982165884301535
0.0635436845120159 -0.00809783999477472 -0.0844796631625443 -0.0691490479241243
0.0402939754344454 -0.0244597788759103 -0.04477347857609 -0.0604126976159058
0.0323093672249928 -0.0307027047420868 -0.0296994135080452 -0.0729419770779136
0.022472882712773 -0.0423354331961618 -0.0115657930224847 -0.0739519962431188
0.0172836050255953 -0.039618871457523 0.0153737743529173 -0.0819611318564078
0.0223668159726931 -0.0395279970009442 0.0539015467868404 -0.0899892617084102
0.0392850559356502 -0.0352403229270799 0.0892123531417789 -0.0741917945483582
0.0508171517436794 -0.0197532536733648 0.121981781956164 -0.0384220637841528
0.0694341736375262 0.00161817878036465 0.103088567365605 0.0172604892436806
0.0700567568978725 0.0349463722739449 0.0502182432678634 0.0356331559818252
0.0438868401342624 0.0716860728798956 -0.0125695094480838 -0.00473951406844147
0.0210938884485602 0.0860087770339159 -0.0491999232374454 -0.11304462326284
0.0111110557238569 -0.0205231707388165 0.0700119671867126 0.118570287570184
-0.012361528349864 -0.0265137588007947 0.0376191233779587 0.0191506036686953
-0.0245625973675991 -0.0178493268364101 -0.0466430199774397 -0.0381259083183333
-0.0189861271725621 -0.00324002899667062 -0.104384346338834 -0.0267611374538605
-0.0129368139984141 -0.00482109696769751 -0.134224285942313 0.0322707765664299
-0.0142048445352214 -0.00264000199449972 -0.103838242344628 0.089396683317613
-0.0175491465194292 0.00473626369371572 -0.056566003902943 0.10527863635414
-0.0160022304718404 0.00183046481572502 -0.0194908605661607 0.0996870187546283
-0.0217251459879022 -0.00322383212472347 0.0135595825007802 0.0884329646580924
-0.0217803832689487 -0.0136015499501504 0.0341261973433251 0.0849727329114247
-0.0157983919719105 -0.0203459231044015 0.0448308342767677 0.0724862766184526
-0.00831765366512617 -0.027755917983082 0.0660826729717696 0.0750765127693321
-0.00661794391588884 -0.0294096149558668 0.0850213907806664 0.095450747684402
0.00869421840690162 -0.0301097919219427 0.104898338376608 0.0946366648983191
0.0224237464279788 -0.0223480038484737 0.121750496969213 0.0872311975269477
0.0558515350103583 0.0241843071666662 0.0450957927345384 0.110217201858023
0.0306045659354605 0.0149820475254672 0.0211297964925641 0.0123038439922944
0.0283486636626134 0.0070063842901108 -0.0635463718729994 -0.0441043113024552
0.0362222138310687 0.000520870792614227 -0.116409177045066 -0.0318066381839942
0.030429397117716 -0.0213485516486537 -0.140495601248805 0.0292133205926931
0.0163020818897382 -0.0346011229045825 -0.10970437814222 0.0843992611708733
-0.00373147951082702 -0.0360550161377598 -0.0602804981093962 0.0999947995296224
-0.0125600089870806 -0.0348666199379991 -0.023186419288621 0.0919154234967992
-0.0217759126227735 -0.0433269061645847 0.0113628729623502 0.0771550701293326
-0.0102876036677771 -0.0559192012459308 0.0343680391153171 0.0709789180911493
0.00718956201397503 -0.0586036314540424 0.0494043325559437 0.0589288049542849
0.037486775045876 -0.0585505278723563 0.0705014583920248 0.0654043154150884
0.0527940208026063 -0.0369347996039132 0.0836900107232116 0.0876632950910682
0.0661711278764102 -0.00616527685937194 0.0965288988263072 0.0800606706881617
0.077207285227696 0.0213414838023396 0.110459116314808 0.069342419042638
0.0930892262647186 0.0670742177427038 0.0138235086559172 0.0819006555410805
0.0736982908839761 0.0573152543397517 0.000960276183825558 -0.012108117930355
0.0852056712107804 0.0310579137283431 -0.083901521205506 -0.0599017691956247
0.0925329613970154 -0.00116864365576464 -0.12947302234056 -0.0379409533062704
0.071540244190969 -0.040189406031066 -0.138663470308496 0.0253198272762376
0.0444198218144371 -0.0637930840824223 -0.105727121999006 0.0712971007239311
0.0101437526458492 -0.0726878877386681 -0.0577132852744842 0.081786554236195
-0.00789812569835811 -0.0671915890646974 -0.0250476791589149 0.0702114436271518
-0.0190905872976975 -0.077150382411305 0.00815255288606093 0.0535740302269795
0.0008308365220781 -0.0897026387420462 0.0324435326555362 0.045642141583976
0.0255459522248258 -0.0886557588714202 0.0544107635946902 0.0354250909863328
0.0717221164186538 -0.0851290183805447 0.0769738355990185 0.0508201015736806
0.100768350097574 -0.0458331078783341 0.0804686319271229 0.0796663467203013
0.113393349653781 0.0130482061830388 0.0782587792492422 0.0685442822617879
0.119878199004227 0.0593351818894909 0.0830788749822576 0.044221781211987
0.118114117889893 0.0984680499157311 -0.0212401113620981 0.0392056725696452
0.11248230966568 0.0893208974010565 -0.0240212143622579 -0.0462361468264155
0.137856610509548 0.0456452486566932 -0.10296030584599 -0.079792597155675
0.140580263516298 -0.0110758403746382 -0.138448764599504 -0.0449026571454889
0.100855547192131 -0.0609036989855648 -0.127841244215996 0.0176028163062037
0.0629502549935472 -0.0873020908791705 -0.0925386181600667 0.0496005328681436
0.019850006358114 -0.0987287840576541 -0.0485576413909491 0.0531454462514239
-0.00148867570868635 -0.0890928499845904 -0.0232172439666202 0.0389048539355352
-0.0122864658657687 -0.0981842067210528 0.00574193519313099 0.0219471501631521
0.0140056646044382 -0.10884475864977 0.0304630659273008 0.0132673453494501
0.0436656080428242 -0.103571301467751 0.0599064243939458 0.006672815564781
0.0976576534433398 -0.0953302466380119 0.0824881192187437 0.0340325032024358
0.133411768143278 -0.0449893269708475 0.074898869192529 0.0706895461945628
0.141344590815314 0.0320881836059135 0.0527510565360477 0.0582408259839548
0.141842638117853 0.091052587379834 0.046228133525594 0.0150390501608661
0.127316825951192 0.111814014907568 -0.0581664851389109 -0.00876245485326335
0.135764875790131 0.102387483585172 -0.0558076426245707 -0.0804803152696312
0.169372782276525 0.0469169226272171 -0.117071936605563 -0.0939691998271979
0.166202404646274 -0.0256407468471413 -0.137330840928121 -0.0509355105117357
0.111384621081899 -0.0763583595758741 -0.107749993023903 0.00267751349509466
0.0681140989023237 -0.0995248473416476 -0.0741038375875586 0.0189770798033066
0.0238995204122877 -0.110434402891766 -0.0375156740364671 0.0167301486927957
0.00338239981252942 -0.0977489340183373 -0.0177131993464322 0.00258747386793526
-0.000778086350548733 -0.10512636092423 0.00836966963703028 -0.0134359246327446
0.0306182678393384 -0.110840851867153 0.0334638528845916 -0.0210870226838768
0.0614620951395173 -0.0995463635382563 0.0674692943352253 -0.0218495547850589
0.115551787287759 -0.0839548869723115 0.0867497264316 0.0178082961510434
0.148464169524946 -0.0287071573201837 0.0667486883446135 0.0604557320254979
0.146079127104705 0.054228241591037 0.0254705536878197 0.0471037076412934
0.140044773934593 0.112937042031592 0.00678461035819759 -0.017396269232223
0.115180859383012 0.105539535887149 -0.0927405685949574 -0.0524051573491714
0.133297471869708 0.0958393770793583 -0.0881928469773182 -0.104259301101147
0.167911364517359 0.0386134747959774 -0.123333732193704 -0.0992966910281534
0.157488405237832 -0.0341982977445643 -0.124649853406916 -0.0559472661843957
0.100027850904926 -0.0772057524145203 -0.0828893178954537 -0.0180266272532124
0.0613378064618719 -0.093938412088674 -0.0554611421101897 -0.0158934705566461
0.0231064431334472 -0.103497845766814 -0.0270365773408955 -0.0209392489629257
0.00871586941248382 -0.0911974404549981 -0.00965989960629367 -0.033058334712049
0.01160922418884 -0.095144264006761 0.0174775234807777 -0.0480918638419738
0.0448454993225323 -0.0965568209179782 0.0453131504995602 -0.0510408538690732
0.0743172036230447 -0.0790000519527642 0.0817612251883452 -0.0416350735997556
0.119906377572855 -0.0549516489203515 0.0917535455434999 0.0085446574019619
0.140389980008325 -0.00137815904637404 0.0585105323662772 0.0503345532071539
0.12726164672679 0.0742058251056656 0.00320877803065987 0.0314662166563396
0.114147097110809 0.121735873969311 -0.0261878331967137 -0.0518375109581821
0.0803897659486218 0.0825261194671046 -0.116805540651982 -0.0827285551898485
0.101108313607764 0.0750773247591998 -0.113686535196671 -0.113470554832981
0.130268044242495 0.0281469914206592 -0.11737116878296 -0.0978365988625736
0.118788012332759 -0.0287179763620822 -0.104872469423868 -0.0608428846084751
0.0727475811613887 -0.0588295258388773 -0.0609310437116745 -0.0411884749645148
0.0471941519738842 -0.0696676724196258 -0.0411966373299524 -0.0488803386027357
0.0207521245604577 -0.0795298592608315 -0.0187009028037372 -0.0527637379574415
0.0126964023562815 -0.0706063938581851 0.000146129730520954 -0.0634153048121565
0.0196797043130174 -0.072742672738975 0.0318772747728581 -0.0756229763527886
0.0484338465923136 -0.0692219303343467 0.0634162213005439 -0.0702765298390645
0.0718775227485197 -0.0493855121253126 0.100792582146576 -0.0490603508331571
0.103994443820163 -0.0219043403555979 0.0978480992587098 0.00689376712274443
0.112474009440222 0.023681634129985 0.0527757750367742 0.0403492721866537
0.0898424939458165 0.0818931194834848 -0.0100218208980232 0.013136163360804
0.072227492982168 0.112713546601642 -0.0459905052057473 -0.0832485005329823
0.0291789026365444 0.0509050656359686 -0.12617093968638 -0.0969640064308099
0.0482991509855625 0.047879937387934 -0.125303489165651 -0.109739752588001
0.0689156188811639 0.0202937388174344 -0.104502683074449 -0.0925002029020017
0.0624749494394177 -0.0113527291745219 -0.087852217099032 -0.063699463926137
0.038784022694949 -0.0253725248762772 -0.0478383487119641 -0.0578890133534423
0.0303633390250926 -0.0319967673829606 -0.0340951284841671 -0.0705090932914824
0.0190755115393929 -0.0422293943212422 -0.01528024514646 -0.0735583915937388
0.0137718746686796 -0.0395922439367137 0.0101301447781312 -0.0820311841516614
0.0197862967020189 -0.0401970749058998 0.047754037655228 -0.0930368621317528
0.0362944787550945 -0.0372085596531228 0.0847729611766289 -0.0788320006561471
0.0491751682327062 -0.022555619435376 0.118951396303895 -0.0453874524181007
0.0685545673683013 -0.0027946996892869 0.103232052173242 0.0109741841013156
0.0713661101453317 0.0303378623203689 0.0518136394203551 0.0328580222354267
0.0472901273966851 0.0684102420969961 -0.0126430902211385 -0.00306979625081099
0.0261982399097692 0.0832401350564347 -0.0547069681913401 -0.107886564991829
0.0105551852534933 -0.019717803044283 0.070996874645323 0.110697864210428
-0.0119589527415539 -0.0248964597122338 0.0369824728151219 0.0157060966442529
-0.0239477648091929 -0.0168359438872093 -0.0475967460404223 -0.0349260019817024
-0.0186735653702883 -0.00312208285363395 -0.103052763928645 -0.0216086924285191
-0.0135202895712754 -0.0041748915442667 -0.128425054471634 0.0372232348056306
-0.0139177049880742 -0.00253943566939851 -0.0963378560635606 0.0902709278820796
-0.0162690417431718 0.00516689277396996 -0.050490874923218 0.10427658540766
-0.0152536092984027 0.00253497549842837 -0.0146153283075591 0.098348604836071
-0.0211337390731422 -0.00247483563181388 0.0168903178815065 0.084799493843094
-0.0215038518213604 -0.012703211147498 0.0371539673607125 0.0807339818833196
-0.016231985518574 -0.0190576894937183 0.0464796413312316 0.0696734198255535
-0.00984304974798447 -0.0266875583435398 0.0666514349518515 0.0703659305518966
-0.00775825855384148 -0.0280522570491807 0.0867054270527579 0.0886520202099097
0.00787874879027093 -0.0289687293868179 0.104770098998682 0.0870391397545714
0.0205998188374533 -0.0213743698572132 0.121592262675611 0.0802499622592505
0.0557111293762613 0.0215511625871564 0.0465222649075472 0.103713526537195
0.0312691943222011 0.0134694676975162 0.0209768204856284 0.0100400202986118
0.0289703275833223 0.00514867562695771 -0.0642151592756189 -0.0404800121574528
0.035644921672251 -0.00232456200417116 -0.114323910947332 -0.0262791011851426
0.0285491524719767 -0.0227212448427791 -0.135048729124697 0.0339005977446151
0.0137089137807497 -0.0350759645587083 -0.102813413470712 0.0860137135446923
-0.00481919497439105 -0.0344550252413624 -0.0546784514053135 0.0985774802033471
-0.0134572998218027 -0.0334772710101538 -0.0189836980353026 0.0904926983452997
-0.0230734077458299 -0.0411200534109396 0.014130849493013 0.0741662941286857
-0.0123240817354089 -0.0536864927910931 0.0365197069042832 0.0671811176095952
0.00482057804732124 -0.0573041812554169 0.0505731523348492 0.055574586348721
0.0328790823975374 -0.0590468234579965 0.0707959188373734 0.0607803916389121
0.0497054421145456 -0.0380006356716706 0.0851434715039833 0.0812070175363249
0.0646056424135917 -0.00826395674562142 0.0970483350408859 0.0738366270702992
0.0751815672933308 0.0181156181301961 0.110337918983435 0.0634046954287113
0.0927581271720259 0.060609081580333 0.0154692316912598 0.0780353563686764
0.0745897620746265 0.0529207184536463 0.000731469484625163 -0.0121821327232865
0.0849719612669067 0.0263076753025402 -0.0838816012908752 -0.0551725060097821
0.0900601109431465 -0.00620445068996825 -0.127909452822441 -0.0323315273091168
0.0679132308137904 -0.0428640398498758 -0.133947816196085 0.029468939718504
0.0396567491603552 -0.06502157502896 -0.0995092300538126 0.0726055584280446
0.0068252877604849 -0.0707178839431881 -0.0534858073945127 0.0802677599935282
-0.0107191416550729 -0.0645538113625646 -0.0211370094634827 0.069769209714487
-0.0219118800579837 -0.0736835930712282 0.00955316255815198 0.0515424462166356
-0.00324386937217464 -0.0865637784173986 0.0336119869443691 0.0423593995095938
0.0209568644598182 -0.0871112414825172 0.0542381272872233 0.0322613464219358
0.0655075619665171 -0.0865727549992246 0.0770995152879233 0.046014457274418
0.095933451423633 -0.048626708105594 0.0820467422942351 0.0733171756928934
0.110220307010427 0.00823819365396433 0.0785712640482885 0.0634536835161423
0.118491129612022 0.0530488022512324 0.0832254944412873 0.0397977074374814
0.118044619800643 0.0904422598531696 -0.0195556962302281 0.0377491442014026
0.113119716245482 0.0823902757098036 -0.0241787563829661 -0.0449607434852489
0.136235113506515 0.0376821617323117 -0.103621861981251 -0.0738474217150022
0.136528271388723 -0.0177377231339589 -0.1359867083077 -0.0389441233973809
0.0958344507128872 -0.0638407069254834 -0.123938575391959 0.0212369276480005
0.0560378424951185 -0.0882559984435693 -0.088160324961124 0.0518868332236599
0.0153299600425936 -0.0965132304885653 -0.0464919830232947 0.0511551118169691
-0.005892312704509 -0.0859516854505879 -0.0209293778408774 0.0392725050028718
-0.0159484607329595 -0.0944192818080439 0.00585552728566762 0.0209690137285607
0.00870222527198701 -0.10597595397057 0.0310046745514317 0.0111881063533684
0.0382042239549219 -0.102708801716651 0.0576807669185438 0.00345074638558036
0.0903043729849334 -0.0977546379476404 0.0812820357440792 0.0291224069805241
0.127258460480403 -0.0493243338702657 0.0765274122216783 0.0650145689111195
0.138617349539059 0.025562081763515 0.0540250360233216 0.0549350121660608
0.141998576540989 0.0818635435238043 0.0455305480849145 0.0127305011211867
0.127243742569897 0.102245326642429 -0.0568877671746477 -0.00707519941858086
0.136078045639637 0.0939007226115218 -0.0559716338749742 -0.076615734030283
0.167564469413576 0.0378894614165672 -0.118352311452761 -0.0872946344127994
0.16012838247443 -0.0331148873542458 -0.134649498520777 -0.0441498533944042
0.105297006260712 -0.0791587292774696 -0.104925282519113 0.00637281033040894
0.0612346449469695 -0.0999753665402163 -0.0715636050973901 0.021901054628622
0.0178732273527636 -0.107436103590911 -0.0366886531265553 0.0156966414985397
-0.00113951123311088 -0.0942821453199261 -0.0167558412835564 0.00347214156007507
-0.0058144622395707 -0.101089459508262 0.00700887427229377 -0.0135643207738376
0.0244885429569799 -0.109326747433704 0.0319192901933217 -0.0218438641072879
0.0560410903760835 -0.0998826145347776 0.0643164388826813 -0.0241832857635994
0.108106362344471 -0.08726406426658 0.0847587659787481 0.0138025856162493
0.142247083400971 -0.0342459182974644 0.0680629364241451 0.0553710697109802
0.144185343759806 0.0460146222590673 0.027191704951187 0.0449528579379668
0.14076534856194 0.102687560558408 0.006427050883432 -0.0166874574989831
0.115144954942754 0.0962100281362275 -0.0917750368268788 -0.0474041387424156
0.133220769286725 0.0875907326796734 -0.0886790678406928 -0.098261328881807
0.164875635834548 0.030105719267558 -0.123807379750246 -0.0919906237987366
0.152012236311668 -0.0403032156691435 -0.122961827884419 -0.0495958325183463
0.0944416579332131 -0.0787403385227137 -0.0818699545642638 -0.0152689772672186
0.0552399624105683 -0.0941695218425225 -0.0551151576605657 -0.0136234500325607
0.0179299404031399 -0.100540429846371 -0.0277585797670453 -0.0211471715877448
0.00424115073631839 -0.0878221309922764 -0.0104428292864943 -0.0316879030712292
0.00645088878469579 -0.093174576603905 0.014709757280632 -0.0472287476348724
0.0384529469951363 -0.0959904194177744 0.0417461506103424 -0.0515652630365682
0.0685614149386245 -0.080088091900537 0.0766221178453237 -0.0440128674555269
0.113860950189098 -0.0590253594072778 0.0893262097085448 0.00416189384701369
0.136400461213984 -0.00723780834159191 0.0593504622467445 0.0464075124166324
0.126277258417259 0.0667899497627965 0.00460695909443623 0.0314226084298703
0.116046662926174 0.11207012496373 -0.0269772716986061 -0.048296744395607
0.0812480507348899 0.076185166293121 -0.117210106761084 -0.0762617271521144
0.101040074648981 0.0686655771438981 -0.11345673138254 -0.105769672600178
0.127626526643348 0.0212484247047594 -0.117962097676951 -0.0909977773080866
0.114354152844435 -0.0329163347716152 -0.104174646170294 -0.0542865020581912
0.0693452693121474 -0.0597928562954423 -0.061149188835379 -0.0376653837721178
0.0425582753939573 -0.0698405064057405 -0.0427122486432119 -0.0458205181815185
0.0166378853635885 -0.0766650757336989 -0.0211075610046868 -0.0524973424511719
0.0085134872734104 -0.0681801438060992 -0.00215749291100276 -0.0615466992155529
0.0152616264274485 -0.0713349432743273 0.0274940124647003 -0.0749213288623172
0.0432433498153035 -0.0700145216969286 0.0588759991537798 -0.0713351391448606
0.0672602693686171 -0.0505938299130546 0.0954393861611903 -0.0517991764793078
0.0996901222754565 -0.0264057300233479 0.0950585946220683 0.0024821443617538
0.110274990536726 0.0181431416576533 0.0523832939918868 0.036874833742032
0.0904168979770255 0.0759024654410354 -0.00928146635388154 0.0140146963079236
0.0750992934262624 0.104831244622828 -0.0477814610458379 -0.0783451917077579
0.0304864044977399 0.047690455447865 -0.125739999502014 -0.0901078779299135
0.0481315749770667 0.0448969207871024 -0.124416195508139 -0.101510344683144
0.0673142523074029 0.0167401391110454 -0.104833208484413 -0.0860719301800579
0.0600812418816071 -0.0132701139670909 -0.0868538898026464 -0.0579346562594788
0.0367807292000787 -0.0255492495877596 -0.0493685022096569 -0.0544542338277618
0.0281890133939101 -0.0323695580874324 -0.0368443692567071 -0.0672142392133219
0.0163276166940311 -0.0406568265399201 -0.0174086075775671 -0.0720937611433314
0.0115586032048525 -0.0385294225209154 0.00656370502722485 -0.0802099383215385
0.0173113522147349 -0.0395399172108136 0.0420025945881259 -0.0920461601893776
0.0337661298825886 -0.0372327370155498 0.0793585669390934 -0.0798610220504354
0.0471854215731229 -0.0239383625934435 0.113607103535777 -0.0492976590779444
0.0660885882447789 -0.00573632260141847 0.101196362656119 0.00641179930745773
0.0695281940165907 0.0272498797354706 0.0521282514728992 0.0298245743731984
0.0479691570860764 0.0644490294464019 -0.0121894534985372 -0.001114691141828
0.0291608794958249 0.0785738132783195 -0.0571110837450117 -0.100778206327934
0.011121877854855 -0.0185889000353433 0.0699519260633942 0.105845065379105
-0.0110145767380317 -0.0244130129103444 0.0356341921138885 0.0137993945502801
-0.0228803762937908 -0.0163660455873949 -0.0470866473261394 -0.0338769848275959
-0.0185635686926858 -0.00344436492544574 -0.100460435697621 -0.0186638440235261
-0.0138526819145424 -0.00466869611321114 -0.124253155856686 0.0375929131533494
-0.0136994942948025 -0.0026595916185566 -0.0918794809093863 0.0891919134592235
-0.0149178263036575 0.0048203276409916 -0.047657294252737 0.102386825096061
-0.0148737296958531 0.00217588799531855 -0.0126666532898618 0.0961662659527837
-0.0202931605118765 -0.00183024444581248 0.0178028812202142 0.0827806971574596
-0.0209200086509278 -0.0117922208152508 0.0377771998353695 0.0780098050076988
-0.0164358367198239 -0.0182929296115414 0.046777262645435 0.0671297819210908
-0.0104780767890976 -0.0257170299320514 0.0665375272888399 0.0680909512945181
-0.00764845042103127 -0.026736018961658 0.0860243412489373 0.0843426194042071
0.00753536972191322 -0.0278324719364613 0.103279977308981 0.0835697083003613
0.0194867514112556 -0.0199144354513027 0.119813839533576 0.076025923918253
0.0549220377854974 0.0200336637161374 0.0460681796241739 0.0994366101982247
0.0311768192200221 0.0123772646961599 0.0201758907209029 0.00818892037749622
0.0292070035185238 0.00379830570201615 -0.0635845579243579 -0.0382945536043584
0.034167478898038 -0.00413343043676225 -0.112209332936948 -0.0234518112835056
0.0267311620499284 -0.0235175663696646 -0.130996759140889 0.0346116349304208
0.0120307446000632 -0.0344768485514519 -0.0986285408718329 0.0849978524819314
-0.00536775912927582 -0.0339495053955052 -0.0521363055347302 0.0965082706386153
-0.0138317048542043 -0.0323594793068677 -0.0167821908775402 0.0891785635046161
-0.0229752983221278 -0.0397107493508647 0.0148908297983241 0.0716631549712988
-0.013129785488779 -0.0517439320079684 0.0371634967710286 0.0642536672446024
0.00379944458362113 -0.0558174941399798 0.0499499223203007 0.0536817018695379
0.0309495980441098 -0.0583046675795324 0.0703922003502038 0.0587772214200962
0.0482697272653112 -0.0377057813787299 0.0847672667326356 0.0772606931862774
0.0626656619872749 -0.00900930718819317 0.0950222038146169 0.0709516373947275
0.0730981977549868 0.0168567216647235 0.108957743052859 0.0599593381398213
0.09110607710274 0.0571579970304547 0.0155427787293258 0.0752618022783484
0.0740533113953622 0.0502675876021098 0.00106557407406163 -0.012999067586939
0.0841487244737922 0.0230831627838483 -0.0832678895452115 -0.0521228970233799
0.0873800258553057 -0.00875872382522958 -0.125096751268516 -0.0293112819947026
0.0650118609324862 -0.0437581306971351 -0.130250365258507 0.030227938024466
0.0366463484023628 -0.0640135469748428 -0.0958412244072233 0.0723130525297346
0.00542421405162604 -0.068879224526299 -0.051696621474901 0.0780324551917948
-0.0115964866011595 -0.0622250050203584 -0.0194012492768386 0.0682580862872095
-0.0235162288344602 -0.0712293687977293 0.0104677614840794 0.05039471163928
-0.00527357040945174 -0.0844825476189344 0.0339842336686748 0.0399528256659434
0.0189792736101012 -0.0853489784868128 0.0528734860475428 0.0308065187600507
0.0614197118085058 -0.0855790873487735 0.075934345774607 0.0439594600625994
0.0926177327068924 -0.0490879188829387 0.0816847233043747 0.0696161242336258
0.107916429924953 0.00574853387618013 0.0775410901732253 0.0608822553337913
0.116459835177376 0.049482969286723 0.0814759707550571 0.0379050272127297
0.116011038397639 0.085016284216099 -0.0193575755000151 0.0367488933011876
0.111527034294468 0.0786247438865009 -0.0236157071489658 -0.0443186811704704
0.134131127646277 0.0335298300815 -0.101994513353248 -0.0701541454070564
0.132793931343415 -0.0212229708502954 -0.13340605373065 -0.0357572863560544
0.092447296808367 -0.0648319089480174 -0.120544930874189 0.0219152941171625
0.052408571540697 -0.0878953849953368 -0.0848443214836135 0.0521497622391892
0.0127620609421495 -0.0940149210175592 -0.0459871149319445 0.0495653996241882
-0.00777599603594679 -0.0830160638203009 -0.0191326662822655 0.0385805912686147
-0.0177816752345665 -0.0911387415850723 0.00662875755901901 0.020444078097261
0.00555772785983064 -0.103789777106078 0.0301093386129685 0.00982808789843432
0.035085500725149 -0.101142918948771 0.0561417968568853 0.00276005859084306
0.0849463837401066 -0.0974490141737413 0.0798540025225844 0.0277210247913559
0.123473182235346 -0.0503394208592162 0.0758356372401486 0.0613177730087543
0.135771596066522 0.0219310194003362 0.0535792832263421 0.0527713834497884
0.139439528832566 0.0768896088068143 0.0451584215490903 0.0120898322212217
0.124599382733553 0.0968581510430991 -0.0556565469367317 -0.00686634517021728
0.134020572795301 0.0894231999315746 -0.0549440571208792 -0.0746049537196969
0.164142624295128 0.0330090582801174 -0.116979156392377 -0.0831844709148125
0.155330107952536 -0.0359067389248025 -0.132313425671321 -0.0410788950877575
0.10195290437604 -0.0797381363823914 -0.102844183914894 0.00706065744788728
0.0569091960214335 -0.0991316028771954 -0.0692713457408412 0.0220571167021169
0.0152549262508874 -0.103831487230545 -0.0371229919321355 0.0139502219947578
-0.00323781183026349 -0.0905160483529731 -0.0162942777389764 0.00393790380129188
-0.00863426686012303 -0.0981123850664982 0.00639565145634396 -0.0132173484198111
0.0209998823599264 -0.106436185558814 0.0308534489511688 -0.022288496303502
0.0526185559731094 -0.0991237954399745 0.0611241077869637 -0.0244041622812674
0.103022135590636 -0.0881385192778389 0.0825956572256808 0.0117449660063575
0.138094183179175 -0.0360557932208187 0.0676561479708088 0.0523756216865592
0.140710726557837 0.0424326385070713 0.0274885714585804 0.0438668321462324
0.139056023721835 0.0961755940890881 0.00569718184376408 -0.0158132637862206
0.112798529187791 0.0913006567925226 -0.0899231445613421 -0.0456795925280635
0.13135162222705 0.0831132718354239 -0.0873657095196687 -0.0950513897051674
0.160790689933589 0.025735618639209 -0.122041420675532 -0.087863349808372
0.14720011197537 -0.0424774367411144 -0.120232620255729 -0.0462383252274059
0.0910865683863117 -0.0792760279949722 -0.0802757065595936 -0.0137937485180108
0.0513998075065184 -0.0929272391961255 -0.0544504190728095 -0.0121724851360644
0.0154255551526924 -0.0973831870418608 -0.0292366693348514 -0.0216933743214427
0.00160660538341097 -0.0851434302370497 -0.0107480686456547 -0.0306624678201024
0.00387956457337931 -0.0903683955948061 0.0134112939528474 -0.0462325497968708
0.0351740292893179 -0.0934504576485308 0.039705382412758 -0.0511706270576218
0.0657514862898579 -0.0802600786852499 0.0729204989425636 -0.0446680505384651
0.109235883647371 -0.0604567344786393 0.0874679094035597 0.00206967357992968
0.132903345128853 -0.0100279026895625 0.0586690753563228 0.0434093073846642
0.124051328152706 0.0622040998398696 0.00493132402252071 0.0308129306947187
0.114993714390331 0.105890486213452 -0.0261425884045827 -0.0456088065935089
0.0794466193419421 0.0719398429161036 -0.114419072106067 -0.0732245036686846
0.0999240163489313 0.0647627431028656 -0.112069602325735 -0.101308836778217
0.124636533359236 0.0187806390387084 -0.116443675356985 -0.0864086370650904
0.110566723062603 -0.0345742923281725 -0.1015238699047 -0.0512894423169693
0.0664332038755326 -0.0591211648769312 -0.0606873473374734 -0.0361173990565633
0.0395649623963837 -0.0689578387363134 -0.0427598549025759 -0.0439426983834907
0.0148110642090046 -0.074531507112181 -0.0226237532362497 -0.052250948889257
0.0066378721571119 -0.0656139701651105 -0.00261877847079107 -0.0599943347252685
0.0133138360776413 -0.068964196816283 0.0256320678728633 -0.0734825405110047
0.0403477706159631 -0.0680032163614687 0.0562699748409752 -0.0709531380482138
0.0649055120986276 -0.0508667972642687 0.091026036276152 -0.0525765032252247
0.0958869863283749 -0.0285680262106369 0.0925281308184891 0.000746363990784021
0.107303181585472 0.0157210935187913 0.0522690867634828 0.0351513066489272
0.0888779485665634 0.0716532216456061 -0.00901483284048665 0.0147714795057359
0.0746740059928776 0.0990939651883005 -0.0471185958048261 -0.0741842169408493
0.0298494691088916 0.0449490195224503 -0.123441749289242 -0.086124733001486
0.0479763774857467 0.0429225392906212 -0.121991205607454 -0.0966120578282781
0.0656378945391101 0.0155199499984271 -0.103153959440107 -0.0821202246809115
0.0579642535664984 -0.0142282580313939 -0.0848164412861223 -0.0551598442566741
0.0356529118547678 -0.0254593587360374 -0.0488465847551092 -0.0528045794799618
0.0266303352098194 -0.0322248990944643 -0.0373554299475034 -0.064602456374282
0.0153898737112838 -0.039426402054092 -0.0186142864690254 -0.0712576454217601
0.00980641127797522 -0.0369338262765257 0.00538704990964545 -0.078608745736752
0.0158123555390997 -0.0386775938904134 0.0396741179434481 -0.0900700077499927
0.0312803297754945 -0.0366211107124426 0.076140664072321 -0.0790831629651295
0.0453806327651835 -0.024186876398338 0.109131128374556 -0.049842993056417
0.0638951162454416 -0.00723721650947692 0.0983821709666803 0.00445019205968291
0.0681944001419788 0.0247289966261803 0.050968672282468 0.0282775054056071
0.0471964544074289 0.0617640926579505 -0.0114655272712033 -6.2241212495482E-05
0.0299510632279812 0.0748533908000682 -0.0560806676211112 -0.0960332866289724
0.00804204494366333 -0.0191763615308934 0.0913931142475898 0.0926709840869773
-0.0148521819000959 -0.0215766166143613 0.0388443007969538 0.00524853214840329
-0.0249716752976725 -0.010988890163674 -0.053072264662539 -0.0261142524076276
-0.0194577086009005 0.0015849901201623 -0.104239955618806 -0.00124358041807602
-0.0154187205347564 0.00011740113269963 -0.116569488628926 0.0605718431006166
-0.0133348498123467 0.0011216441235228 -0.0742061650301331 0.104062497388122
-0.0126726454881251 0.00786369224856146 -0.0285504954996539 0.108603045223001
-0.0131511635213599 0.0051768157857388 0.00635872799003964 0.0972904263960675
-0.0193187141537631 0.00224937538723279 0.033931142055343 0.0787545964434653
-0.0221045233280128 -0.00667289445892944 0.0544406798462852 0.0705140388635756
-0.0182752378496042 -0.0132951544541553 0.0612703258814655 0.0572519877852747
-0.0150631771910397 -0.0212293436534889 0.0811085154685366 0.0542609741518539
-0.0119083251934091 -0.0222448562632549 0.104301738994078 0.0663020046888803
0.00199150009797293 -0.0263255020794791 0.120799747829266 0.0630583843429428
0.0161397242366422 -0.0209841918863115 0.13447400474544 0.0545375201955733
0.0553138090197371 0.00893085169639027 0.0666572873621651 0.0947989867556201
0.0328502302663033 0.00523712540672809 0.0223371225226348 0.0052338178886524
0.0281037789844087 -0.00327814945809218 -0.068807804137827 -0.0230199689017209
0.0298603919967897 -0.0110010128224002 -0.114696207370486 0.000479464959030748
0.0198619654527533 -0.0263304621393768 -0.120863623302154 0.0595690340758594
0.00524342236622118 -0.034643968455369 -0.0790203411463194 0.101159024318982
-0.0114457938584484 -0.0308102116324224 -0.0314743336387296 0.102874972585035
-0.0187767922731613 -0.028170513414441 0.000753122396204257 0.0907950574024064
-0.0293318101147468 -0.0333133766501862 0.0288354398890356 0.069110225629424
-0.0217722125717763 -0.046905334267038 0.0513381234727185 0.0576556117623667
-0.00589923299856909 -0.052576872975663 0.0616448190073374 0.043794185726894
0.0180293711431428 -0.0601991174081558 0.0835058796870014 0.0451733974298764
0.0385271551931589 -0.0431442632611564 0.101628741973013 0.0615550929384558
0.0596700552157061 -0.0192183234416769 0.107679542848629 0.0523225453832802
0.0764683624609264 0.00370525338582106 0.116214614260243 0.0403604211556472
0.0953773335023009 0.037348872788501 0.0316180847545687 0.0787401001247995
0.0803367744227545 0.0328733624355201 -0.00138951774671528 -0.0096106234103856
0.0835162795418386 0.00365652514180579 -0.0900298267795739 -0.0291307652664882
0.0788704613406703 -0.0268633772085091 -0.126751588400841 0.000496421061107404
0.0524656964602885 -0.0528222762061973 -0.118231010096211 0.0563447130462108
0.0227249089964614 -0.0672072022024891 -0.0767926697999143 0.0888250997189388
-0.00931682673666076 -0.0659008658341238 -0.0318794634673257 0.0847098374282089
-0.0218333558476763 -0.0574672973057022 -0.00556977252950295 0.0712912980278727
-0.0354425216865901 -0.0628711480130737 0.0198469499997028 0.0495153070989484
-0.0208166351105365 -0.0793436597104854 0.0438667834509049 0.0344568785465221
0.00319410653221671 -0.0835953730229386 0.0604874434842571 0.0205987114909988
0.0422678573826599 -0.0915654643624806 0.0860469623009936 0.0308941014439769
0.0786114559584741 -0.0625839213657585 0.0973493246813309 0.0562242303569651
0.106293104527753 -0.0144368536815826 0.0858065470648392 0.0472304389011128
0.124194567464699 0.026439035663941 0.081667963421858 0.0233003170896368
0.1233806342207 0.0585129247341817 -0.0109138244375719 0.0490510376389679
0.121299182059139 0.0521499521617424 -0.0319312964379495 -0.0340539653692796
0.132506786141483 0.00440694664947467 -0.110331827143312 -0.0397212287239342
0.11870162838069 -0.0482237342646046 -0.133329745994627 -0.00133646234029558
0.0743666334398988 -0.0787512689877831 -0.108306808989385 0.0464377185614714
0.0333640951557762 -0.0931336814493676 -0.0684669024394993 0.0663794656615155
-0.00765861696652412 -0.0905563687423795 -0.0293334525709466 0.0552167436458949
-0.0216150835938258 -0.0775780666409168 -0.0106986466818242 0.041608226513611
-0.0342847475257383 -0.0829654852646581 0.0104343782244068 0.0207814501777008
-0.0137498379906383 -0.100068149434384 0.0345757359232268 0.00547442865795257
0.0158640712649857 -0.101527284138427 0.057452286225418 -0.00739672438288878
0.0628956241411686 -0.107984033258872 0.0868873137687963 0.0134746783549678
0.107673647921089 -0.0702974719291934 0.0896738177275472 0.050721589665115
0.135911703810204 -0.00452242222190077 0.05846709796262 0.0444395832770549
0.152119052144595 0.0475114610781683 0.038427963059349 0.00463713255732367
0.133334976127412 0.0673637151753179 -0.0567200610028033 0.0130944963643065
0.144620041183133 0.058454281443419 -0.0689308704513812 -0.0569915100823517
0.160373903720473 -0.00249618252796346 -0.125804179633828 -0.0482064532503568
0.136953648542601 -0.0665370939236978 -0.131150938305551 -0.00546416252697963
0.0801528650816753 -0.0951109383761438 -0.0916643884559086 0.028454192041369
0.0351746183271154 -0.104991520561633 -0.0579019687298253 0.0341651630965282
-0.00751518666499696 -0.101082245319797 -0.0274632164143277 0.0189285831201159
-0.0188932440970161 -0.0856910006392982 -0.0147956811553905 0.00654177929701026
-0.0261010990219916 -0.0909020214879081 0.00421638912797803 -0.0127576218987196
-8.2078718403396E-06 -0.106103156601271 0.0278917625996668 -0.0264069703136354
0.0329116705415076 -0.103527450499068 0.0572868577828318 -0.0352993904687404
0.0816535769234218 -0.102203262689574 0.0863172416011691 -0.00204732653494467
0.124016416989673 -0.0597464805997227 0.0784835042623641 0.0443089799504474
0.144832821488023 0.013313400081335 0.0299257285522434 0.0406385137416171
0.154460995238465 0.0659038378147589 -0.005968718829673 -0.0167552609477163
0.121439179764553 0.0644180079029606 -0.0994090331149164 -0.0202678771151266
0.139939508106742 0.0533211316322227 -0.104700802620452 -0.0714176481816941
0.155738134841813 -0.00829759120860748 -0.131870049911583 -0.0523010878432112
0.12803598381366 -0.0707430771152245 -0.119935463957701 -0.0137463529898709
0.0711208949253168 -0.0924201874393856 -0.0740161318040513 0.00279998482127988
0.0311210794181854 -0.0981219587028829 -0.0498043703360545 -0.00261595228578182
-0.00594626936274987 -0.0954443293752035 -0.0263640767945153 -0.0180310430074561
-0.013452715796498 -0.0811324964217048 -0.0157652623131071 -0.0286584891006709
-0.0131451288970684 -0.0864407715263261 0.00416061606887311 -0.0467536107800056
0.0157847680890592 -0.096151165545837 0.0305872190371532 -0.0570847656416365
0.0489075517527271 -0.0875134193961587 0.0643107767380343 -0.0575526406900423
0.092837814596277 -0.0775019261292851 0.0878363923392126 -0.0130707630233194
0.123697606097109 -0.0339890416182666 0.0671106958188041 0.0374116201249541
0.131855574046966 0.0351054742733366 0.00483831100717219 0.0318698635968833
0.132960911161768 0.0781630957299417 -0.043155540562931 -0.0411345394632648
0.0865049205747992 0.0522319950145287 -0.13013484915731 -0.0458492544726413
0.106106384003858 0.0425226586281766 -0.130650095546072 -0.0747786374945861
0.119578896629225 -0.00724945099309298 -0.127342056377734 -0.0546561065859818
0.0952040186931226 -0.0553894632664506 -0.103968950339679 -0.024890657154343
0.0512416809716349 -0.0685976828881224 -0.0606875026738524 -0.0236865738425492
0.0243338555835283 -0.0730143034112141 -0.0459187936363324 -0.0356131495453335
-0.00179949336032545 -0.0728578027121733 -0.027417999643054 -0.0485889612273118
-0.00529016328430394 -0.0637661891021887 -0.0136470471196595 -0.0583667231073007
-0.00041852190668871 -0.068125664677236 0.0108298179962266 -0.076866938590713
0.0261739510503093 -0.0728604328069204 0.0427812564837965 -0.0806206567244147
0.0531265238066191 -0.0604050530920114 0.0800963608765616 -0.0695199333864415
0.0863034303902016 -0.0438842606875111 0.0926406303436359 -0.0161181718807853
0.104175208478653 -0.00534983849919005 0.0581331184961477 0.0291435186078362
0.0995417407294568 0.0513323139142643 -0.0111446074546808 0.0172616245541036
0.0928434529669813 0.0798949794717929 -0.0674903460897907 -0.0662929958461991
0.0354951147853738 0.0358504918640643 -0.142711644894105 -0.0599858720413766
0.0526457310104944 0.031727638808272 -0.141763927135809 -0.0705125419709404
0.0642059049969365 0.00172497977272133 -0.116566473702067 -0.0570756709268885
0.0503793293901354 -0.0246939500925805 -0.0915813413123634 -0.0343733071609516
0.0284001155228585 -0.0302553768592679 -0.0553426781155458 -0.0419655835601586
0.0187798082764193 -0.035381475797443 -0.0469930511810399 -0.0567429446237256
0.00569785146250979 -0.0404154964622227 -0.0286582732447554 -0.0670519821594281
0.00264674265323319 -0.03725758654096 -0.00922477348128141 -0.0782315813400996
0.0080129887587227 -0.0400100634170235 0.0209293036340671 -0.0968370794639449
0.0234294668315597 -0.0410209702631086 0.0604126925798232 -0.0937950966853389
0.039961061216124 -0.0311485245100835 0.0981640898005369 -0.0717132457962893
0.0600830881413248 -0.0178371740621346 0.099056330743731 -0.0139576677353811
0.0688098491265591 0.0110624965507804 0.0551349692764111 0.020702167591038
0.0570701959182072 0.0494109483596081 -0.0154471769124669 0.00274403177678039
0.0433439825760591 0.0643626329186389 -0.0778947497686224 -0.0865723810031511
0.0084425515479556 -0.0197357897144784 0.0934482044892719 0.0924157985735262
-0.014660991352243 -0.0217882942066873 0.0390130683869241 0.00413531476301104
-0.0256636256125031 -0.0120145978315032 -0.0536695434695558 -0.0247575056075881
-0.0196985228649889 0.00117141890029631 -0.105134743708089 0.000797907455954361
-0.0161408963585867 0.000619674481206567 -0.117132357874314 0.0632496838782423
-0.0136553352019483 0.000859864185790643 -0.0735054456499734 0.106562072882028
-0.0125198906228508 0.00745414923263041 -0.0264571949551873 0.110442414190434
-0.0129099298126565 0.00515431654261174 0.00788461933275544 0.0992439767863636
-0.0195521136033549 0.00271956640946836 0.0361617937774171 0.0796336049228436
-0.0223837014119379 -0.00645972630914954 0.0562792006601021 0.0698760663154144
-0.0186695789156581 -0.0129861883483994 0.0637099764965657 0.0580005195902568
-0.0164548563150721 -0.0211076893085957 0.0834134096104358 0.0539728429255173
-0.0118315509502031 -0.0223495703397504 0.106469078930649 0.0646623923582554
0.00213453466905405 -0.0266188233635832 0.12324423723366 0.0620348408339585
0.0163132574585248 -0.0207036521553406 0.136999640212972 0.0538828395673606
0.0560429584611943 0.00773605982611105 0.0682164414350004 0.09387683308354
0.0339183478460586 0.00448718899018347 0.0226452099290003 0.00431614397387895
0.0279820756766766 -0.00505859467771136 -0.0697883643889857 -0.0220786530070428
0.0291646360751951 -0.0126386277109902 -0.116199789637893 0.00226901752842779
0.0193398067258143 -0.0275751262181352 -0.122194607744807 0.0623982521981226
0.00406080056649818 -0.0354875362176562 -0.0781315586699753 0.103808080924715
-0.0120512381498606 -0.0317106283634978 -0.0305462009482379 0.105515880988054
-0.0196778210506275 -0.0282187719083039 0.00281741855380705 0.0923483130294463
-0.0304959521653127 -0.0330398486309517 0.0308946109115662 0.0701734724105631
-0.0236902319011486 -0.0473757772515757 0.0528203311347603 0.0572980342541663
-0.00727184870204242 -0.0532252121029473 0.063641852205322 0.0438984659943401
0.0162484696906923 -0.0611398233901039 0.0860024986610866 0.0447742415714628
0.0385077306315907 -0.0451401391909687 0.104005447192537 0.0602479993648989
0.0606667195222423 -0.02068250635806 0.109683839329487 0.0510905082520902
0.0777056163259059 0.00275050331371936 0.118315078604131 0.0388391359249626
0.0967408648493735 0.035860731122775 0.0326592564600435 0.0789877758531327
0.0826268752750915 0.0310478615716857 -0.00173528348008406 -0.0109311330185158
0.0847198770618758 0.00134532844816688 -0.0908505065062257 -0.0277188684397732
0.0787931787102339 -0.0301732200352211 -0.128005861388328 0.00264659045512068
0.0518864419442241 -0.055576669988533 -0.11923906807033 0.0596497959437197
0.0208234337032844 -0.0691830018773973 -0.0762563583268745 0.0911181289437266
-0.0105346597331465 -0.067103285527312 -0.0319209101084918 0.086177720790459
-0.0230195004059612 -0.0573414044440525 -0.00392905653035423 0.0721210992005476
-0.0374974654515232 -0.0624090190958612 0.021259958591262 0.0500514664157978
-0.0229124338845545 -0.0802668111216369 0.0448593461269019 0.0339396264173506
0.0021471370580711 -0.0856838206664587 0.0613052473235065 0.0205599511743685
0.0400243193835254 -0.0941775125511498 0.0884125006317873 0.0293652155153127
0.0790687731945077 -0.0653809946406607 0.0998576537149837 0.0542291472128607
0.10744898921147 -0.0169475371064868 0.0876928024398062 0.0467487593149146
0.126331914148596 0.0237418894116506 0.0830474765850381 0.0227226210964398
0.124644837387859 0.0569701386530766 -0.0108196013080269 0.0498365650145882
0.124709552298092 0.0503541625054021 -0.0326577479550446 -0.0348462189455273
0.13444448070422 0.000588099455463413 -0.112024951288407 -0.037496655533818
0.118999844027499 -0.0523843185347761 -0.134964433769448 0.00153278157823294
0.0734861651516587 -0.0823923278628585 -0.109174276406687 0.0497687690254188
0.031439938364447 -0.0953857763273017 -0.0679392455872647 0.068681554960339
-0.00961578790787804 -0.0921275083605538 -0.0309449339473765 0.0566377160483445
-0.0236205641742754 -0.0775927487525017 -0.010523230317488 0.0421851929787928
-0.0365405573340796 -0.0827286681974782 0.0110146472061435 0.0210777058928949
-0.0164378118363607 -0.100810073679419 0.0347418540401314 0.0049979424208745
0.013818582804272 -0.103865472653796 0.0575403615919278 -0.00806106191278726
0.0610937436296288 -0.110894640932526 0.088224506448916 0.0123285254241724
0.10803228828146 -0.0742032403472696 0.091614841279825 0.0489597776979847
0.137835376717623 -0.00803539144056418 0.0598965829721039 0.0443164982282655
0.155234112069367 0.0439637949779134 0.0390718521087145 0.00420689599508491
0.134997311615397 0.0656483485352802 -0.0579097655386872 0.0138849545721187
0.148020770359032 0.055963663015678 -0.0698639554427935 -0.0571063559591211
0.162455314375056 -0.00693492385688414 -0.127942298544383 -0.0457456521589813
0.1371169338575 -0.0708885561606331 -0.132682200936348 -0.00382748053676192
0.0793935900329125 -0.0990541432045608 -0.0925158125197822 0.030025956728098
0.0335362214982556 -0.107170256651741 -0.0583681470951749 0.0356268487775051
-0.00910910027242896 -0.102413777100203 -0.0291564238599247 0.0196047843970577
-0.0210790193896368 -0.0857658748442844 -0.0145780329575137 0.00674216385302051
-0.0287406641061438 -0.0910532852529204 0.00430111743732784 -0.0127299224217725
-0.00271155788320658 -0.107472620520909 0.0277070661195873 -0.0278063858055307
0.030947657312222 -0.10583294073768 0.0564672700681604 -0.0361696362758664
0.0798229439349362 -0.105240571142085 0.0876375675328352 -0.00394855370488498
0.12450035956796 -0.0635278614562416 0.0805910208725676 0.0425642229495076
0.146987561931999 0.0103566156174033 0.0313677914924225 0.0411622422108098
0.157793204269982 0.0620975732049282 -0.00604577028418494 -0.0162303587823365
0.123172189568479 0.062527108451661 -0.101346398158793 -0.0192680651255833
0.142954188866732 0.0508740505608411 -0.107312965367589 -0.0708786664550067
0.157597170012966 -0.0126977047351646 -0.133958479590511 -0.0501792600647109
0.12818535935776 -0.0754947164611166 -0.121219393290734 -0.0122522059518011
0.0699322015174217 -0.0957124216699748 -0.0748709071116086 0.00371108251453992
0.0291433761984175 -0.100502790327377 -0.0502564875556494 -0.00159482264407034
-0.00783261173641632 -0.0960544950272638 -0.0289118012623454 -0.0182615647674827
-0.0149423919437713 -0.0807292820355589 -0.0163260481279588 -0.0288844205226717
-0.0153178792598133 -0.0867361748766266 0.00337390022220669 -0.0474350842947688
0.0134593726374599 -0.0977733694814668 0.0298744647287158 -0.0585035314963513
0.047476386326562 -0.0904874560897485 0.0636717410191461 -0.0589818261929882
0.0913156745877255 -0.0808830889025203 0.0892957643553603 -0.0142223183156416
0.125149522485914 -0.0372028652589289 0.0687325380462413 0.0360101531101685
0.13416692434752 0.0329194401171715 0.00603774421363736 0.0325109412194023
0.136258768402371 0.0757089416635591 -0.0439247624362083 -0.0405297387182442
0.0877571591218611 0.0507122712079378 -0.132850077267331 -0.0447430850527984
0.10836875996614 0.0406367477366965 -0.134210947128649 -0.0733583604045548
0.121193697439201 -0.0101503026994391 -0.129434365325982 -0.0521887848909311
0.0951377395592184 -0.0585836184059233 -0.105245228155055 -0.0233360154095188
0.0509141902356606 -0.0708090708244164 -0.061677658123008 -0.023026602707765
0.0226459721902662 -0.0744160083326338 -0.0475406919602555 -0.035219037742084
-0.00301573232773734 -0.0739470387723058 -0.0300253762927229 -0.0493815909045581
-0.00699738689799287 -0.0640281477438653 -0.0153330098087607 -0.0596591034684923
-0.00181133410025888 -0.0689437229417473 0.00912316373810207 -0.0781899815807796
0.0241603841451167 -0.0744718624778432 0.0416550713029584 -0.0823775766794933
0.0523782514381265 -0.0628015621447336 0.0797217052452441 -0.0715283732681335
0.0859557163525273 -0.0471752265863769 0.0938198640444 -0.0176110728948395
0.105263852769107 -0.00717857002857859 0.0594097055442165 0.0282020099642406
0.101436061058442 0.0501016880659796 -0.00961474338698068 0.0184026044446369
0.094999137564215 0.0774577359027589 -0.0684777507507157 -0.0651286428554787
0.0355784506054175 0.0346345481939131 -0.145671449347421 -0.0598811907127116
0.0540905761133038 0.0308883640571933 -0.144247065506401 -0.0689072612297256
0.0647687398811903 0.000230277775221467 -0.118793118060857 -0.055095412930782
0.0505900821438866 -0.0262339399276958 -0.092182083526114 -0.0335113411533805
0.0284731395655927 -0.0313356403022893 -0.0566096582143194 -0.0423430051308391
0.0182907765960179 -0.0361268678537883 -0.0489311413105231 -0.0567492702822419
0.00474621736211778 -0.0407325507413844 -0.0316521549496885 -0.0680232550390996
0.00217337411626101 -0.0371745386369419 -0.0116531892011512 -0.0798197749197952
0.00701855587304329 -0.0403844890069603 0.0196091979163438 -0.0984030474717886
0.0229608999743355 -0.0417366343916717 0.0598611559560036 -0.0957926021494606
0.0398392171805823 -0.0326467415506775 0.0975058228850814 -0.0743747022791601
0.0596559456345292 -0.0193019244343204 0.100556339219753 -0.0163090160886068
0.0694334173048427 0.010419089179288 0.0567598516423811 0.0204001565323638
0.0581623570847029 0.0491138786666398 -0.0140999560486317 0.00399323675692825
0.0452152788570364 0.0633360730760115 -0.0794220315466894 -0.0853357870991902
0.00807055367009114 -0.0204176801204929 0.0981982415851596 0.089066360149096
-0.0158457278680799 -0.0222406994444326 0.0396081629098513 0.00217245059009243
-0.0268733594431883 -0.0112499414914493 -0.0549088792491555 -0.0222556176254471
-0.0206243805399416 0.00209637139345935 -0.106290088086238 0.00573412925177325
-0.0170499807869604 0.00111940606023855 -0.11595016600206 0.0694293807056102
-0.0144160424102883 0.00159580043230972 -0.0694901797773901 0.110910693908877
-0.0122707600884843 0.0077746756594745 -0.0216899521830367 0.11361360247879
-0.0127011609433622 0.00528185789530485 0.0142640789584001 0.101248279681827
-0.0197104651457658 0.00337640002619599 0.0406674757762781 0.0793970020831532
-0.022882575841836 -0.00587047155519767 0.0607150655220308 0.0684032572023254
-0.0193503330227687 -0.0124264247820163 0.0676581717225526 0.0565393572117924
-0.0180225521232674 -0.0201644301307331 0.0874014821331054 0.0506579926904367
-0.0127059800601855 -0.0222424665672462 0.111477527779926 0.0605855844959937
0.00184754445713884 -0.027313642028817 0.126617179108969 0.0573024319549363
0.0154161414646376 -0.0212945946791769 0.142006174264404 0.0482845181347696
0.057057472806727 0.0054157118809293 0.073050206669607 0.0922629545459303
0.0348957229275044 0.00249518707631927 0.023042879152307 0.00265324965256001
0.0280380476610546 -0.00726438321086268 -0.0712386398899448 -0.0185961801075603
0.0286521003950107 -0.0151372239770666 -0.116944634771236 0.00824391219468479
0.0174283591994388 -0.0294135785366677 -0.120983839924137 0.0694398457673202
0.0016114839163991 -0.0367285716062234 -0.0746975043563637 0.108869077079668
-0.0139131636008568 -0.0319910093114397 -0.0260400385792168 0.108474518128636
-0.0206339297291446 -0.0279917434338107 0.00795299853623286 0.0938833751074205
-0.0328246133450074 -0.0315161690192456 0.0347939201180567 0.0702350411902147
-0.026206009677192 -0.0465533449526202 0.056582997516738 0.0556445999426391
-0.00988636312025699 -0.0539921109926448 0.0665047188210092 0.0417816190459393
0.012437589353671 -0.0624508950685952 0.0897061605486687 0.041098952612401
0.0374581811656878 -0.0475070542808868 0.108001666482892 0.0555200670311819
0.0606810557290793 -0.0238747748300828 0.113580037765225 0.0473282383426616
0.0789688079806931 -0.000913582277870501 0.122302860763234 0.0346594518456251
0.0985203976232235 0.0318102729469424 0.0364112134702877 0.0786024452144048
0.0849976772631118 0.0276434772608959 -0.00212281591698469 -0.0120704954942106
0.0858219246715047 -0.00458935010192039 -0.0925358999940166 -0.0231619043007966
0.0780529213006808 -0.0354449002927284 -0.129017070959122 0.00892293015628309
0.0491399842273458 -0.0600019228213124 -0.118460430426397 0.06618074453827
0.0164856094927662 -0.0715820693726241 -0.0724959586340951 0.0962183480951928
-0.0138967735545327 -0.0676805249228176 -0.0289956006819718 0.0894894324692856
-0.0263734061329826 -0.0572052973333575 -0.000307709577240699 0.073576046673073
-0.0409558099077369 -0.0610033204819889 0.0242556787377635 0.0499553180842596
-0.0278191736945664 -0.0801749710258291 0.0467987473665789 0.0323016338301888
-0.00268623952097063 -0.0873298650976443 0.0633567959367306 0.0179720370831167
0.0350037314942214 -0.0972397061286821 0.091886924411289 0.0252290199154331
0.0767858528455701 -0.0708127468625741 0.103792621190319 0.0502004467925526
0.109046078795584 -0.0230108522170196 0.0909518188862153 0.043245540937611
0.130204331496738 0.0170061250576525 0.0861936501020853 0.0199331982828544
0.128320635155974 0.0518829774445812 -0.0094167899554572 0.0504879503726604
0.128709488460374 0.0445348394375565 -0.0347443484095405 -0.0348205493010619
0.13609263024122 -0.00770894034867208 -0.114705772175528 -0.032554088393354
0.117328908938078 -0.0602519003361631 -0.136832092383125 0.00767105588563079
0.0705879571488082 -0.0883900136313 -0.108539390182949 0.0553476476924431
0.0264957621463774 -0.0981190064245679 -0.0652385462850726 0.0727881429133937
-0.0138947601403021 -0.0928080577099907 -0.0296678508260704 0.0586762255692956
-0.0274218082284734 -0.0775253242791188 -0.0084831360950241 0.0433754347388962
-0.0413188843600209 -0.0810269583856065 0.0127438149165147 0.0206622799930267
-0.0222923178883629 -0.101604678956372 0.034723170378556 0.00298126494716513
0.00852897926854415 -0.10668139894893 0.0582430182523586 -0.00977896182504171
0.0553011945138276 -0.115414858527115 0.0912763023586822 0.00770071145579866
0.105810640418152 -0.0809218842855318 0.0952009133757319 0.0449586577963398
0.139648751841605 -0.0152144424611876 0.0634900335829605 0.0423170128005371
0.159422769074261 0.0361975993973781 0.0404209027129617 0.00301899179279422
0.139538084279531 0.0607579294974435 -0.0583103213649021 0.0164376507722826
0.152717146214774 0.0491446962177284 -0.0734983694541141 -0.0550643147812501
0.164373031294648 -0.0164945622849994 -0.130801726403982 -0.0400879166581343
0.135204549532489 -0.0803182846475233 -0.134295102742539 0.00271426940192607
0.0758043601236337 -0.105545570188601 -0.0921208151792897 0.0349578823721195
0.0275110179633141 -0.110382312586155 -0.0566069100296118 0.0390760597995471
-0.0143073384390198 -0.103135097954091 -0.0305508352228869 0.020988728215584
-0.025297806815771 -0.0857696228660687 -0.0149107492430268 0.00717386617444276
-0.0339481372282991 -0.0902391574264342 0.00393483526725466 -0.013117118038158
-0.00860688407293289 -0.108481394614653 0.0265297853254239 -0.0294467700098619
0.0259437824174942 -0.109390696312962 0.0554067857732831 -0.0387408727696793
0.074621249940554 -0.111250610745537 0.0891632377469963 -0.00785081814189181
0.123340784877544 -0.0716491150980071 0.0837331025068399 0.0394084559591915
0.149685144899528 0.00277142412780811 0.0342669349301059 0.0409697405618528
0.163445453944583 0.0536074859037724 -0.00655596211219235 -0.0151581027339076
0.127023410203583 0.0577782358850502 -0.104333117200824 -0.0154471683018011
0.147424294952994 0.0437816515916446 -0.111791633526693 -0.0668283188493039
0.159222191425936 -0.0217107523167753 -0.137652955235241 -0.0439993636136331
0.125744837768508 -0.0836635332949033 -0.123304639425647 -0.00652577050980504
0.0666833540645317 -0.101515042371631 -0.0758866148161941 0.00747387986482725
0.0240436714351905 -0.103376966965275 -0.051156946050398 0.000412820709966551
-0.0125688832610498 -0.0962966043735794 -0.0320497048571179 -0.01753962274618
-0.0187430725656734 -0.0812312060054346 -0.0187667853808716 -0.0292184030534912
-0.0201404789128866 -0.085942737718555 0.000978644968246163 -0.0488530728083489
0.00844029108704349 -0.0997859037746226 0.0272922483965275 -0.060808265095543
0.0430165166757943 -0.0945557313137846 0.0613117980647092 -0.062343080433489
0.0880395128579601 -0.0872518556983404 0.0900283137712131 -0.0190943086024172
0.124892752995974 -0.0449137916803114 0.0712163082050453 0.0329609795532292
0.137839811984466 0.0266838731242309 0.00900315210825196 0.0330285387625668
0.14133062578619 0.0680214612799338 -0.0460625855334512 -0.0383407582547681
0.0907461658344959 0.0471861626077233 -0.137462315669578 -0.0400809196168877
0.111597032007447 0.0357623484776065 -0.138482147948772 -0.0684074147979463
0.122427406665947 -0.0171939761440784 -0.13266147447663 -0.0470559166593389
0.0937659772088925 -0.0643824566933958 -0.106936620239263 -0.0193269806077244
0.0484827068600553 -0.0754794415426676 -0.0635947018952369 -0.0207206076861107
0.0191239042126104 -0.0765243184555489 -0.0501574185498705 -0.0336324497218072
-0.00699036272273955 -0.0742865186867445 -0.0344378729206615 -0.0491655862505806
-0.00970947733884074 -0.0635231712285223 -0.0185110852131848 -0.0607278851705959
-0.00555916006414321 -0.0694820150254321 0.00579588609945827 -0.0791744060953258
0.0204737185082255 -0.0760794124802522 0.0383333238489459 -0.0859550592465185
0.0502886595813522 -0.0665740176530867 0.0763952660331157 -0.0760762670661331
0.0841328582604242 -0.0517704897182969 0.0949525412954357 -0.0222594115538652
0.106478503506259 -0.0127727779204697 0.0619973188758496 0.0256404145670264
0.105042934972181 0.0454971407482112 -0.00874607557680756 0.0194956720758036
0.10051562999219 0.0728430374324835 -0.0722146670979318 -0.0628110904497319
0.0377931011780429 0.0333415620489979 -0.150759032602061 -0.0545866734318737
0.0561276692810993 0.0285902070101397 -0.149009461200756 -0.0627160268456207
0.06600140476947 -0.00302735682919158 -0.122724197855021 -0.0496563806909415
0.050590365887704 -0.0292492605968485 -0.0945833499533718 -0.0303229080185069
0.0280039019030045 -0.0329473372998555 -0.05931706398893 -0.0405054390264869
0.0165521262707521 -0.0377027093961083 -0.0523657480370167 -0.0551193486166939
0.0033848159099204 -0.0412631479191793 -0.0363521152774012 -0.0687207988596135
0.000640723057375227 -0.0371746451899121 -0.0161921521133513 -0.0807155752594248
0.00515975666033029 -0.0408606778592738 0.0146877855929301 -0.101228744827296
0.0208531490689267 -0.0434503277965159 0.0559123981174944 -0.100689749223359
0.0389475892502102 -0.0349145818753119 0.0953227908044909 -0.0801471453787058
0.059164206058417 -0.0225655769565959 0.101841968949462 -0.02130061099315
0.0710725892767168 0.00657377734164531 0.0582468874890022 0.0183578476085633
0.0611116110331499 0.0471054417484482 -0.0133677469674503 0.00533390868251627
0.0488172819365646 0.0609393547097747 -0.0834949356132448 -0.0825117221215136
0.00670053099550144 -0.0208635088416804 0.102396069977282 0.0811695441823428
-0.0164053825067978 -0.0209661177203575 0.0391537769321766 -0.00113768137944136
-0.0276729653980998 -0.00975537418782199 -0.054680654729202 -0.0183612078617298
-0.0201946701304137 0.00295217453981302 -0.103981973896954 0.0128322087453155
-0.0169539165357332 0.0025404051960617 -0.109555290360039 0.0760512631223497
-0.0144162183971115 0.00218942845638369 -0.0612535126047523 0.113860665428796
-0.0112145729060099 0.00762024507485418 -0.0124468231097546 0.113491999632624
-0.0120768793936794 0.00586455329392106 0.0213782339381473 0.0992024358743377
-0.0187985742168789 0.00492787506058685 0.0457028919185101 0.0760508923640096
-0.0232077999222218 -0.00415142696349176 0.0646466200149535 0.0634141796142255
-0.0203593230232163 -0.0108750732735345 0.0707361599771509 0.0509707587130519
-0.0196216307334844 -0.0180716679998898 0.0897870067126731 0.0436992317611081
-0.0135019415538944 -0.0210824122045471 0.113553745647749 0.0516173350874207
0.000250930041168921 -0.0268796262581563 0.128623013986577 0.0478402383719455
0.0143298219127723 -0.0214211250399211 0.143548852058084 0.0386966144439584
0.0564069937836176 0.00135878467499313 0.0773484061098172 0.0861481361258517
0.0342019092033591 -0.000341968936872434 0.0227643915080492 0.00040084745748268
0.0267988664447674 -0.00995531458065083 -0.0703065417516965 -0.0135187986290261
0.0265180158507266 -0.0175956738837076 -0.114415776613947 0.0157397337546326
0.0148600620778439 -0.0302920399378914 -0.11489254916776 0.0761930984778542
-0.00173239095928604 -0.0362541126906274 -0.0657677705633359 0.112091702742273
-0.0158881857709468 -0.0311715075931498 -0.0187453883143324 0.109495881302409
-0.0225139870177735 -0.0266786102839143 0.0143666794321053 0.0927323083130751
-0.0343742237700005 -0.028642827051744 0.0391697573743604 0.0670945365373877
-0.0291796192412818 -0.0445457891823923 0.0591964952100187 0.0507742557937493
-0.0136827599407936 -0.0529977570393711 0.069050828367097 0.0373835215230717
0.00795697954961017 -0.0625195966141134 0.0916309201432414 0.0339973558609003
0.0341870758785486 -0.0491562546819006 0.110392218720332 0.0467826456656208
0.0587777131501051 -0.0283322427833983 0.114384441431934 0.0392400021770363
0.077731282440361 -0.00696010332411601 0.123263212872638 0.0270602986833738
0.0994927949027759 0.0246653304718622 0.0405923457641792 0.0749442423924716
0.0861674877740535 0.020987749389667 -0.00281697688160139 -0.0121799495637026
0.0839099948416207 -0.011303674511291 -0.0917593285752746 -0.0169960374930525
0.0744001654489825 -0.0415393400465494 -0.126637638573977 0.0171316356427514
0.043937865663985 -0.0632780060112035 -0.112666936092585 0.0731144395866071
0.0107237685327007 -0.0716792457768291 -0.0647325811534399 0.0996897495794448
-0.018714840150447 -0.0661239766271358 -0.0228322771460964 0.0906340542724663
-0.0291538855793962 -0.0544727121215744 0.00466171371525581 0.0729507434287715
-0.0444647845286415 -0.056753618585531 0.0279512278204272 0.0477099898756261
-0.0328725382868592 -0.076840123383638 0.0486054780162856 0.0291910802729692
-0.00921792114497605 -0.0863026015226421 0.0641181899729984 0.014780315025444
0.0275598734240856 -0.0984186239723575 0.0925478310917872 0.0185017645662678
0.0713699455694963 -0.0755149125566281 0.105096984633723 0.0420310995729581
0.105939803964757 -0.0306060444577512 0.0929252510344808 0.0366417229725538
0.129006027508218 0.00717553539353084 0.0861653608792931 0.0144551289952204
0.129425990617748 0.043232235940442 -0.00601953283203677 0.0503893644310019
0.130037623418037 0.0353750975465047 -0.0365220697433959 -0.0322227651933823
0.133357421683519 -0.0184677028532643 -0.114061193263141 -0.024197655996993
0.110980348317457 -0.0683941017992626 -0.133684327882853 0.0161875520989922
0.0627558183230412 -0.0927070081805966 -0.103436520395266 0.0619687652315784
0.0184876967190996 -0.0989741105692607 -0.0590694388932219 0.0760087294654402
-0.0203409740416914 -0.0906545126671774 -0.0260905373631642 0.0605137842543246
-0.0323838660519414 -0.074460344708275 -0.00521499946254494 0.0442230995577697
-0.0464289773014386 -0.0770220251057577 0.0144817665617852 0.0203291311526184
-0.0293054945901637 -0.098679024587708 0.0345548354705387 0.000922303219569673
0.000607039047771672 -0.106369980702855 0.0568835942678523 -0.0127642239830898
0.0458357223683293 -0.117458421685167 0.0905551669208712 0.00111283030881557
0.0991616459791037 -0.0874761220223872 0.0970771442772295 0.037684114666317
0.137055196271388 -0.0253903390622873 0.0659397571526946 0.0375888943162074
0.159447281118593 0.0226945514316403 0.0404303172330164 0.000798109257014361
0.141106550341204 0.0504807516420576 -0.0571390146266967 0.0197592788272221
0.154202456471933 0.0374707381961593 -0.0760478578008292 -0.0499788047939549
0.160280460929669 -0.0286916907934646 -0.130823768343171 -0.0307687780470464
0.127540649067849 -0.0897767818033999 -0.131936126304668 0.0110212818644731
0.0667928239542475 -0.110264754341523 -0.0884443490208197 0.0405903478762554
0.0187755103837562 -0.111725144070073 -0.05291716619175 0.0417638111242582
-0.0211978800317761 -0.100455758553776 -0.029934120786418 0.0229939105616837
-0.0304918215907719 -0.0824325692715658 -0.014597785400184 0.00803132361110149
-0.0391302006189447 -0.085829951400601 0.00314062600907973 -0.0136552520197815
-0.0166414329927667 -0.106147835348083 0.0241206969454807 -0.0310746808759633
0.0171884882004323 -0.110290274276288 0.0515593471358789 -0.0409385683944107
0.0653412594809153 -0.115002837091319 0.0881337434581121 -0.0143627782646996
0.116273727964713 -0.0797300809365599 0.0851398841050875 0.0326866218730792
0.147758374617606 -0.00846840200056583 0.037155615887405 0.037996648165779
0.164794912345478 0.0401835263189261 -0.00736881758556685 -0.0148189136768761
0.128629894878431 0.0481072054420897 -0.10408128427215 -0.00834765493537195
0.147666822707151 0.0328569091880376 -0.114362245564008 -0.0580946078301179
0.154976561946772 -0.0330876916598201 -0.13775029581074 -0.0341504410940812
0.117979651043737 -0.0916234606790648 -0.121270435786339 0.000905031437798449
0.0582697706085315 -0.105784797978764 -0.0743067687604376 0.0120341917156595
0.0158204140164684 -0.103702293522186 -0.0498069511529012 0.00380695835219803
-0.0193733102934729 -0.094263441436185 -0.0348460933596276 -0.0148936631000554
-0.0242387902720514 -0.0782316161754019 -0.021027397490935 -0.0281478625348155
-0.0255394150734663 -0.0831028869747557 -0.00210551045773843 -0.0480570570660412
0.000743407284970099 -0.0988677372188344 0.0222070980035452 -0.0617893829994538
0.0356528632330441 -0.0971791435737568 0.0561592702452133 -0.0648859092611201
0.0798841474150285 -0.0919576697771202 0.0880691423800965 -0.0248054407704627
0.119568189152361 -0.0538262371381718 0.0723890459034744 0.0277901822259699
0.136992232589626 0.0166798987045051 0.0116981307439883 0.0325546258070499
0.144241573004206 0.0555372125344646 -0.0478699338421472 -0.0342698763008068
0.0920989717194307 0.0405352993370425 -0.138713233727102 -0.0304449891209208
0.111941758486737 0.0268510917791682 -0.140633254866739 -0.0579234662682274
0.119324678273047 -0.0263379888345846 -0.133572698766792 -0.0373018273700008
0.0881346082173307 -0.0702813634591901 -0.106394663889566 -0.0117345621346626
0.0429191522713748 -0.0777783667259544 -0.0646548765194188 -0.0164545941137075
0.0137390268198078 -0.0773073977423735 -0.0515912511138524 -0.0302461662180187
-0.0116121566918356 -0.0725284516075941 -0.0388963819311847 -0.046775517649256
-0.0136057304364579 -0.061754780276535 -0.0235146221318545 -0.0589997968457124
-0.00969329403739379 -0.067035092508454 6.2833191916999E-05 -0.0791660059830674
0.0146859884397901 -0.0764891307385102 0.0316732769843815 -0.0872522215464322
0.0443909018989451 -0.0696114278191826 0.0707993236264854 -0.0799041431270622
0.0792612675081558 -0.0575620467554308 0.0924767062605605 -0.0285784905588232
0.103930856681815 -0.020510404189647 0.0622762662008098 0.0214570319745254
0.106396895666835 0.037272626172551 -0.00574451715104513 0.0204612353145446
0.103360447977593 0.0634188585393924 -0.0750233886961027 -0.0565726529052787
0.038990213996926 0.0302502341901377 -0.152767525749492 -0.0441030487660668
0.0575591503083397 0.0241204344809269 -0.150230470913847 -0.0512755025164669
0.0652580806893245 -0.00796086168018341 -0.124039507424425 -0.0407141147979628
0.0480199724078998 -0.0322670976439854 -0.0951606627770053 -0.0240234693730768
0.0259100335563983 -0.0348317971778484 -0.061213209886464 -0.0368696453396936
0.0144254458176252 -0.0384530862282251 -0.0560346537598746 -0.0512619574237465
0.000212063541413796 -0.0408298088910553 -0.0415555054521672 -0.0654829982404076
-0.00203512999786467 -0.0361455439487111 -0.0214292116618468 -0.0797705155201852
0.002362727521302 -0.0401782710873002 0.00722594579784916 -0.100795928817291
0.0171797144544491 -0.0438569285389905 0.0480546248084613 -0.10320333691478
0.035786747261176 -0.0372196252544344 0.0884074707082986 -0.0853896473980207
0.0563405581229776 -0.0258668212260043 0.0992519956964202 -0.0282685474712409
0.0699940872675735 0.00166702024289454 0.0586932653924281 0.013868013407577
0.0629477556863555 0.0424276203407394 -0.0116971547811181 0.00679816654673806
0.0523536296629038 0.0552152155976678 -0.0875657626465388 -0.0751062322682632
0.00572146793979265 -0.0202073106456469 0.101299735144946 0.0708278171990153
-0.0166217443119416 -0.0190832655844281 0.0370337746107405 -0.00382527684625459
-0.0274272179169318 -0.00767639490722791 -0.0518238253197663 -0.0149216818338524
-0.0195908146314038 0.00420084621030935 -0.0978604766599122 0.0174453174853218
-0.0162355660366245 0.00382773597395545 -0.0999307329129041 0.0783546303176268
-0.0138918713132597 0.00292087083693868 -0.0515682332914591 0.111396637316402
-0.0105698525765964 0.00700694063230616 -0.00524575140117336 0.109163087863806
-0.0114924591402779 0.00544540845640437 0.0261382017805194 0.0934881736811205
-0.0174234848280622 0.00543521865905539 0.0481911321814903 0.0697196747025867
-0.0218052185351215 -0.00267149752426591 0.0650790443981276 0.0568750621088059
-0.0201919232021812 -0.00909580346077947 0.0705275005338693 0.0442156277738864
-0.0193671171107049 -0.0159024679377091 0.0874197789671583 0.0365620453765869
-0.0133705505796465 -0.0191106559225529 0.110435583780185 0.0424659991408338
-0.00107290401512801 -0.0255710581608947 0.124182587838571 0.0387442245385149
0.0120948544385708 -0.0211053974414148 0.138584424606736 0.0299482595688326
0.0538208377684171 -0.0016875036776679 0.0775642237618167 0.07755678596185
0.0330598896531644 -0.002239911762489 0.0213470648429108 -0.00233235621649197
0.024231340577891 -0.0111432441497224 -0.0665791462891725 -0.00956767034505677
0.0241667222183227 -0.018722792851593 -0.10762185589156 0.0206907096511246
0.0119503684321521 -0.029913739557167 -0.104371254007262 0.0788994466193159
-0.00402893892253236 -0.0344117875660075 -0.055791601603987 0.109911618654637
-0.0171087168406755 -0.0289910761394755 -0.0113428833644928 0.105061326336718
-0.0224761160787079 -0.0239582287465764 0.0192687975803025 0.088100204499488
-0.0339794922686207 -0.0250797286028786 0.041437047490163 0.0620102295192588
-0.0301517861349907 -0.0402251553277355 0.0589714563566469 0.0451700192274959
-0.0160564179705831 -0.0492724448479649 0.0677476507577412 0.0320402598702485
0.00348726368197128 -0.0590359994503852 0.0889104235111753 0.0266104596183307
0.0296617829623272 -0.0494402952618917 0.1069702524151 0.0380679134338045
0.0545036482131893 -0.0306349837501681 0.11083294304545 0.0308954088685739
0.0732299377817755 -0.0111656573467511 0.118298632807009 0.0192363493600619
0.0958344153626814 0.0184247803616064 0.0419895268269668 0.069147749726478
0.0833716889309272 0.0150221121737395 -0.00348916641855115 -0.0120122748119995
0.0786002131825892 -0.0159900379800775 -0.0873064573804571 -0.0118939719685766
0.0672735939723865 -0.0440209996903458 -0.118986760051546 0.0231759781034074
0.0374590401350126 -0.0629900284684333 -0.102408076265189 0.0754564087923602
0.00543271822232756 -0.0692440296798289 -0.0552560903752315 0.0982226165851256
-0.021384873248243 -0.0619926089172871 -0.0169439779040396 0.0880266366696857
-0.0306668399861683 -0.0503382368913368 0.009169340650472 0.0693861923244241
-0.0450991189306072 -0.0511106330107066 0.0294051883924877 0.0438776235640258
-0.0359261072200627 -0.0707924796137432 0.0473757945218794 0.0246237599034742
-0.014010060679057 -0.0817538974419926 0.0618753493233957 0.0108078645192974
0.019408958491379 -0.0943461504954265 0.0893947724883963 0.0116447169427001
0.0636821090985555 -0.0764569736887638 0.102017381497424 0.033591392648263
0.0991827071619217 -0.0354961212314925 0.0901069911842841 0.0295975510671188
0.121929166798275 -0.000806826595736506 0.083220876064502 0.00955997133116362
0.125347993946012 0.0340152103531666 -0.00326229059004188 0.0480597548632048
0.125377204615502 0.0258634514987804 -0.0362538359260914 -0.0286876832140407
0.124820938524172 -0.026456936103481 -0.108299009703638 -0.017483314342821
0.101100290613068 -0.0722598541290327 -0.125844072478222 0.0224329559307176
0.0535583250372813 -0.0928258836668766 -0.0947211629972874 0.0645953740610239
0.0110068142186752 -0.0956460190097207 -0.0512208917244576 0.0746604303712177
-0.0249680958741479 -0.0848931168475896 -0.021894052136137 0.059358834886349
-0.0344533935162061 -0.0688761262341133 -0.00296902014980269 0.0420779922112915
-0.0483084882408531 -0.0691304890741737 0.0153700576888848 0.0180633469736913
-0.0341395898701435 -0.0913658273425756 0.0328069118497395 -0.000716057382539763
-0.00587623337818177 -0.10142073804065 0.0533817478600312 -0.0148084276669084
0.036393025072443 -0.11378445946699 0.0867044929831639 -0.00429814541342884
0.0887609824387839 -0.0907394127550313 0.0935264564864402 0.0304882763445842
0.127960484297045 -0.0324003720184479 0.0653649948358239 0.0326741826987608
0.151637584915538 0.0110089069310279 0.0382834222256998 -0.000615734751818482
0.136069481177006 0.0403190738272301 -0.0530693950038215 0.0221270492688564
0.148222763108217 0.0263879979722896 -0.0749429185318936 -0.0435346397677005
0.149938193819815 -0.0375143390078912 -0.124545714531656 -0.0220995845722981
0.115390949336007 -0.0929696119204691 -0.123778377604049 0.0173722385480656
0.0568934294767429 -0.10972552299262 -0.0818084208172105 0.0432017853505586
0.0109755342654269 -0.107225862331588 -0.0478201063847835 0.0419346860728857
-0.0262156485925316 -0.0942632921514925 -0.0283987563698083 0.0242293769666743
-0.0331124039223505 -0.0764511624723542 -0.0134956280387059 0.00839487615609243
-0.0424598621389492 -0.0784746003300531 0.00229637635191599 -0.0133376961821046
-0.0223625992743131 -0.0994976010436321 0.0207410670969446 -0.0308853942908036
0.00973393976273017 -0.106472571185993 0.0470899649671875 -0.0410412457368277
0.0546306190352877 -0.113006000512336 0.0827425620569704 -0.0192494256987698
0.1054231473274 -0.0832328027098615 0.0828955614338487 0.0267241522756187
0.139467481348304 -0.0172729472770498 0.0379467684282014 0.0339665435081977
0.15705912050939 0.0273713399147107 -0.00694348316017322 -0.0127453028923779
0.124224225282517 0.039118014167505 -0.0998189394174502 -0.00225094325328981
0.141784520325798 0.0225122364912751 -0.111001573146122 -0.0486997255337008
0.144438039678295 -0.0418363668324833 -0.131439119092673 -0.0248192199687491
0.106303412561773 -0.0946332736846707 -0.114814857409106 0.00729716717111346
0.0494018254602945 -0.104429420455831 -0.0696038250043146 0.0151252109542964
0.00843081226189187 -0.0998104190099746 -0.0472099132409414 0.00556665238224912
-0.0238575172066424 -0.0876027179754981 -0.0348633260325826 -0.011791652231262
-0.0269664911302023 -0.0727224232407784 -0.0220961047487435 -0.0253428761120301
-0.0293527914042412 -0.0761677549557588 -0.00433944246335274 -0.0459384179657665
-0.00522867623318689 -0.0932474523200884 0.0177904123176301 -0.0599138234730432
0.0277017693191832 -0.0948191642788616 0.0492228460259714 -0.0635725183574537
0.0697141857361244 -0.0920937104178105 0.0824721798199039 -0.0295160742006552
0.110155394097774 -0.0586413919909198 0.0703499002266503 0.0227334194107604
0.130279236331006 0.00746749695926798 0.0140979887338982 0.0307263780009182
0.138918125011156 0.0431627137983802 -0.0466885727924901 -0.0293425642140892
0.0896278675617993 0.0330325682760668 -0.133275427515259 -0.0214438510077664
0.107922035589987 0.018773848167568 -0.136169377608188 -0.0461359128040601
0.111439786336637 -0.0320796383316787 -0.127890734440267 -0.02814180635538
0.0798273201075369 -0.0724585371614429 -0.101258261255877 -0.00609053774947141
0.0364808604315263 -0.0770063560247117 -0.0617281808087172 -0.0129898225514121
0.00849187064104331 -0.0748012506388576 -0.050711207260162 -0.0259745013300298
-0.0149703174798756 -0.067714407381687 -0.041085069564493 -0.0419803187687475
-0.0162671436063945 -0.0576713876404161 -0.0264222929027628 -0.05482781062155
-0.0136187310942137 -0.0623178999385317 -0.00493565835484332 -0.0755630739874855
0.00914973157613536 -0.0729776516893191 0.0254086006393743 -0.0848483123029435
0.0375933657085408 -0.0687022213394064 0.0620025614799737 -0.0789345580895361
0.0712555310688414 -0.0587440870911833 0.0862484015601216 -0.032681130928116
0.0971120606825007 -0.0257495379034842 0.0603955655486367 0.0173064830726563
0.102988514697238 0.0295018753006787 -0.00319607310113868 0.0200407083873028
0.101102857039925 0.052864648611754 -0.0739250225884126 -0.0488683917178769
0.0385210634545166 0.0261481331126859 -0.147787835365368 -0.0338591659006286
0.0556107633386653 0.0191256212348504 -0.14458122329516 -0.039551381296347
0.0610865114313699 -0.011302877641893 -0.119253113493587 -0.0317030061453802
0.0441294459068007 -0.0342079986750852 -0.0911398550381028 -0.0173991068333041
0.0227146639015958 -0.0347571620127574 -0.0605126771907995 -0.0320355253167944
0.0115099569798051 -0.0374227635428896 -0.056252417684593 -0.045777970964789
-0.0016386210665023 -0.0385359708024277 -0.0449885865131713 -0.0600874868341501
-0.00378035654288947 -0.0337278937897916 -0.0255094022790975 -0.0753702881460804
1.2740071529526E-06 -0.0379003216383458 0.00109988411808408 -0.0962572025687968
0.0136624561723161 -0.0421148083249071 0.0394385559303856 -0.100390867949235
0.0315740477413136 -0.0376812384917041 0.0788376039113202 -0.0854674273780992
0.05157177551685 -0.0276021454159371 0.0926065099853584 -0.0324845972245931
0.0661746939380832 -0.00260244300919052 0.0562413034658234 0.0106217466561994
0.0620439860413157 0.0366427663178987 -0.0103638906735388 0.00754345378999786
0.0522264369250125 0.0485199439606417 -0.0867051424856358 -0.0658479876587799
0.00520124625852698 -0.0198499565716688 0.104100930110938 0.0481820512647258
-0.0175942524823531 -0.0154526055102712 0.0331620572777853 -0.0107609877619045
-0.0265530455116797 -0.00265055590139527 -0.051708328742593 -0.00770837467431608
-0.0174816565641968 0.0085108878895194 -0.0896490490700991 0.030339288928871
-0.0131923296628019 0.00815478440678709 -0.082260174514747 0.0884139216189525
-0.0114424559502777 0.00540400027821897 -0.0330901018803569 0.111957612519502
-0.00824569039087369 0.00760277352954613 0.00991110266641213 0.103702027081404
-0.00917006680590805 0.00628576639039014 0.0383909581288576 0.0833833625161133
-0.0146692680485971 0.00688681268237231 0.0564306452721204 0.0587404914754461
-0.0195137635876292 0.000393517521373769 0.0702077463298388 0.0419172022713807
-0.0183379424411205 -0.00633244084000446 0.073269549165581 0.0301787181881897
-0.0189863075779217 -0.0114024147468062 0.0863507696698056 0.0203115520212543
-0.0133286398510971 -0.0155614043171689 0.108539851624573 0.021564715564706
-0.00248535943166446 -0.0224466301615708 0.119921714542724 0.0167106492549851
0.011095110341049 -0.0207119933049848 0.132216225038635 0.00926079487257399
0.0506450095014837 -0.00776924735777333 0.0861616711374061 0.0588154093897879
0.0299060600993228 -0.0068451597907782 0.0205793804457273 -0.00584474649704238
0.0195586539718438 -0.0123846667081782 -0.0608987233136586 4.82849424653394E-05
0.0180522538379553 -0.0182497296895194 -0.0950565640711394 0.0347330020346688
0.00774476112377475 -0.0262051056392625 -0.0844800560315283 0.0878659395664974
-0.00719798526428133 -0.0300575449625702 -0.0367994630879443 0.10922343586873
-0.0189748446839079 -0.024609021005692 0.00411482714784142 0.0990169634260238
-0.0229884637593224 -0.019574050169848 0.0312464535230608 0.0789558335776556
-0.0337226823063833 -0.0192422134042126 0.0494426374975272 0.0517883057312408
-0.0328952013140271 -0.033323054694282 0.0637135192768134 0.0326296796828635
-0.0197860518528973 -0.044042671109224 0.0690705123594031 0.0197516116139919
-0.00317673813355144 -0.0545678741262026 0.0864399361839255 0.0120653252963772
0.022604149353497 -0.0482121286762188 0.105555794002748 0.0181689429317663
0.0471353952407106 -0.0343142498360923 0.106473212427358 0.0124583448663647
0.0681427251246706 -0.0190014230488676 0.112252794228373 0.00256824852138656
0.0905061845028606 0.00607279846563843 0.0539238740267515 0.057898448609257
0.0773983117193637 0.00266702267175886 -0.00221453777869602 -0.00980603567785591
0.0675506902573629 -0.0236470245943162 -0.0759611452312027 0.00237414589280973
0.0532475443058651 -0.0469264970073968 -0.101295333267329 0.0387904999506677
0.0264017793428593 -0.0601724640210764 -0.0807414688732833 0.0828265338847677
-0.0032881622113749 -0.0632392741398587 -0.0374073388825497 0.0962610094276603
-0.0275489479014996 -0.0538009667674554 -0.00364541926670522 0.0827414467299538
-0.0340092883852732 -0.0434338141919838 0.0192692718550259 0.0632892983847662
-0.0477377248876326 -0.0412004582555977 0.0355964551331378 0.0374282422327752
-0.0424221164345441 -0.0613392235452362 0.049949534657992 0.0157216341293356
-0.0215169903363302 -0.0738517121701806 0.0599822658535301 0.0010817715476783
0.00746987832154002 -0.0893173457731698 0.0842348072483753 -0.00133418625973291
0.0500886311488882 -0.0769336501619312 0.101347150458127 0.0149847592927702
0.0872798085819464 -0.0453253362266552 0.0875413703094006 0.0152353561070585
0.113872667748812 -0.0162303602308775 0.077837784110998 -0.000947877711950055
0.118637875422383 0.01725028775923 0.0101046160623043 0.0469950895705687
0.116550497502357 0.00705612430315077 -0.0334701440196283 -0.0196728077686172
0.107539374011609 -0.0385050782732646 -0.0940450506916187 0.000632232912989269
0.0797294717627424 -0.0770332769390579 -0.104563139590839 0.0382505232255957
0.0364207081814255 -0.0892951543020791 -0.0737931770506115 0.0690805554434452
-0.00165912480723549 -0.0887293662116936 -0.036376966313044 0.0727409512942856
-0.033703708593102 -0.0743324309690168 -0.0120776926543212 0.0556447210303164
-0.0393390464052661 -0.0595154772524502 0.00407195009512569 0.0392425851589281
-0.0529696537027554 -0.0576450927231573 0.0185825755284663 0.0149769389551132
-0.0432504127960484 -0.0803839221799433 0.0326329109675172 -0.00604923605738913
-0.0165305691012719 -0.0934171004034327 0.0482550991187971 -0.021286910690097
0.0195474270895186 -0.109846694558607 0.0796193082195044 -0.0158399235688576
0.071399324207537 -0.0923549624134625 0.0939242899439159 0.0133520931905168
0.113940912309472 -0.0462543489672764 0.0643472859847159 0.0225468588873455
0.142067896720747 -0.00797854929544681 0.0352882482665047 -0.00407403983445717
0.128182097778991 0.0226042665470236 -0.038927814315759 0.031346617815437
0.136562239577547 0.00573253291157261 -0.070455864099725 -0.0267281066659242
0.128429861187485 -0.0516687706441835 -0.107261920985802 -0.00160744844480963
0.0898022331738801 -0.0984036773444615 -0.10243300960914 0.0329591408837461
0.0372013583948945 -0.105746284116833 -0.065027696682076 0.0461231140242798
-0.0033067797556712 -0.0999768716860387 -0.037891184670029 0.0415339467511337
-0.0366363700446933 -0.0824154794015351 -0.0230164235464547 0.0225519460504957
-0.0391126803005972 -0.0665940622091226 -0.0115085243758858 0.00921084899295873
-0.0485191258613605 -0.0669626068652769 0.00159783911914255 -0.0121835655859589
-0.033590785768523 -0.0898233256409536 0.0169106268137953 -0.0311837884727003
-0.00289545031716116 -0.0995395163434144 0.0380422107996247 -0.0446422823239931
0.0369648081399593 -0.111444964380827 0.0735968889074876 -0.0284706055168362
0.087261966894738 -0.0880050736843553 0.0831179953027473 0.0122784954891495
0.125825118797193 -0.0336368968394803 0.0396851027973399 0.0278431324368416
0.147909387694847 0.00581975066573655 -0.0088431097437899 -0.00875777441408517
0.116042414491718 0.0227928239927672 -0.0859235088951913 0.0163444783027774
0.130013747497871 0.00327125955811098 -0.104793128219597 -0.0261106275352545
0.123590302856058 -0.0541742436134722 -0.114581275494191 -0.00344812311986491
0.0814570960851909 -0.0987913658592374 -0.0955127456074875 0.021907099574875
0.0303929649083457 -0.100368975472717 -0.0588555479439342 0.0181524969855815
-0.00458135707751615 -0.0927709831535658 -0.0432011210746037 0.00701944230559481
-0.0334772145790532 -0.0766682836640898 -0.0344086337891729 -0.0102479907793733
-0.0328466613056573 -0.0639062465527153 -0.0242325038542635 -0.0214374713722692
-0.0364607887864336 -0.0665985467776597 -0.0102349611623297 -0.0418482825816915
-0.0168897137580754 -0.0860465883313207 0.0089978766353713 -0.0579428164494042
0.0148051615301452 -0.0914303917302041 0.03640753785808 -0.0661435989956043
0.0538128066270823 -0.0944136017985086 0.0711299441342646 -0.0380905607120024
0.0940151129628081 -0.0656299290187576 0.070954388524083 0.0111257830147023
0.120573849501433 -0.00988186224893353 0.0166854115364981 0.0280348700835572
0.132388994304764 0.0227167878121936 -0.0475121878837411 -0.0191039954614517
0.0829952576513531 0.0213409967028171 -0.122254327509655 0.00335571810759821
0.0984956119451939 0.00514483915271383 -0.128820473317959 -0.0201654100670304
0.0948702049321924 -0.0416846203675302 -0.114854077647446 -0.00629109547143538
0.0604872837209194 -0.0749666179615692 -0.0875615254114402 0.00757282230346248
0.0224072838286816 -0.0742018913077585 -0.0567228205622609 -0.00778752161387211
-0.00184679107153116 -0.0691885975750835 -0.050955637925078 -0.0209041558637659
-0.0231866037653171 -0.0592654595398965 -0.0447954666732838 -0.0368373742950479
-0.0217642064922234 -0.0507648477123522 -0.0323317406749908 -0.0480061439538548
-0.0206527613821917 -0.0556376766871707 -0.0152656925896696 -0.068789351690729
-0.00101664947389178 -0.0692296565385924 0.0115506665986854 -0.0823327920695731
0.0270577580512516 -0.0686536608068874 0.0453119544890152 -0.0821351430642586
0.0594199884902165 -0.0635179405788637 0.0739234682138151 -0.0422752533044156
0.085494437102522 -0.0345435671391182 0.0599888609065725 0.00769317477044157
0.0979892974244096 0.0137635345531668 -0.00150417177574583 0.0203278635875643
0.0977083182370702 0.0358575394977654 -0.0754160539686456 -0.0336551655237153
0.0355082641634214 0.0208423891756783 -0.140136590853181 -0.00641100815072198
0.0514566284840465 0.0117466971092678 -0.138045993799188 -0.0129951643780244
0.0524406306676769 -0.0169285908049167 -0.111217809696511 -0.0114138227431201
0.0346119018960739 -0.0357279161316367 -0.0829359265378624 -0.00333293819573648
0.0153461164232687 -0.0342644487884318 -0.0595005275797653 -0.0232574389465807
0.00498809347371477 -0.0352519823637804 -0.0593504173704867 -0.036516944852866
-0.00706044721388786 -0.03384966505012 -0.0511793887672129 -0.0522732580150678
-0.00752326808239208 -0.030244090440749 -0.0352555875604066 -0.0673490304654183
-0.00511590286878112 -0.0349709398252218 -0.0132363075638287 -0.090037595257498
0.00710310940159058 -0.0406789062899819 0.02233901024059 -0.0996600251650854
0.025137258191038 -0.0394152638778422 0.0594740950429134 -0.0914853379328129
0.0457884588303741 -0.0323416250455657 0.0793353501830207 -0.0432467000611999
0.0600114954973203 -0.00953265280529227 0.0551307894342531 0.00216829566404191
0.0614365395994838 0.0258366954691904 -0.00882985462482114 0.00880300428237757
0.0523516269100511 0.0380054243387747 -0.0893263108167768 -0.0480202480178111
0.00540787964074682 -0.0193706405365608 0.0971898076011593 0.0482184382268019
-0.0162619733248553 -0.0153420141838195 0.0317539310354762 -0.0106276780792681
-0.0252193523990486 -0.00294211656672963 -0.0483476125694382 -0.00904753887404727
-0.0168195182805437 0.00768025050800338 -0.0852245188758597 0.0259744704268158
-0.0127234064292231 0.00762561093300195 -0.0799637927861222 0.0818568609484943
-0.0108699066033232 0.00468645897707106 -0.0337761618419561 0.10533206820091
-0.00820505819832158 0.00652441852748027 0.00807648309313326 0.0981142949879092
-0.00908149063641625 0.00555617358866029 0.0355774364216626 0.0803445475502372
-0.0138423958711433 0.00549014809943451 0.0523912699889435 0.0568128655840433
-0.01851212592093 -6.33874009413138E-05 0.0662450370374514 0.0417350635736093
-0.0172795739697795 -0.00576426705344444 0.0690054003733963 0.0301944273230032
-0.0175112777058433 -0.0114301222802623 0.0808693796999553 0.021312920064977
-0.012231310142892 -0.0153168823502308 0.101829322255917 0.0226829476728389
-0.00221613085854186 -0.0212391688427161 0.113170435556259 0.0186926150708767
0.0112004513752021 -0.0187751946940924 0.125481301916372 0.0117701706666433
0.0482321773304679 -0.00605361519477702 0.0804824160845477 0.0578586806381373
0.0287708857001034 -0.00602930495293194 0.0195156329450221 -0.00545766881769292
0.0187148399777846 -0.0116548816583678 -0.0567113070808793 -0.00156831543646542
0.0170282810525862 -0.0170555786887831 -0.0907598441470029 0.0303725797888725
0.00779572078448473 -0.0250890615384606 -0.081862805824031 0.0817537112197565
-0.00647729083541273 -0.0288345900991408 -0.0369553887730381 0.102382420016102
-0.0175153320388091 -0.0238636044590016 0.00210503228514464 0.0941433500345854
-0.0216900268458709 -0.0196740378559631 0.0287684581252498 0.0757627611849271
-0.0313158431762224 -0.018946864880382 0.0463547826392078 0.0504973661133414
-0.0302645401232338 -0.0326147366632312 0.0603810781724908 0.0327686011890277
-0.0179138966465468 -0.0419346050484598 0.0655989068201924 0.01984278364332
-0.00158942997115262 -0.0514823923724947 0.0812995928857448 0.0129896043218004
0.0225056010169533 -0.0457659535177466 0.0994492473245741 0.0194589161625157
0.0452052798596025 -0.0319061187129897 0.10060929418893 0.0145430788196711
0.0648753949027064 -0.0165001696312895 0.106608628074923 0.00562373404605172
0.0858633131008198 0.00796250910956822 0.0498436150528761 0.0564195817213732
0.0738332836966914 0.00393560816184634 -0.00144765053421801 -0.0101442496205914
0.0639971759092648 -0.0218311631339114 -0.0717779227220648 -0.000257122674658841
0.0507882707464464 -0.0444755048314899 -0.0969864842838025 0.0337154573841307
0.0251380907169812 -0.0576452085072555 -0.0788429953685135 0.0761234621985001
-0.00228736061731559 -0.0601825094562792 -0.0374580851363634 0.0897528865337482
-0.0254646157198968 -0.0516852990682945 -0.00480213644654878 0.0785379236525106
-0.0312935282670618 -0.0420380274723334 0.016817199143021 0.0607782113035272
-0.0440491466241268 -0.0399976707597119 0.0335327949974062 0.0364108024995243
-0.0386572702141438 -0.0590171136735677 0.0474470193040444 0.0161683316167429
-0.019307408674892 -0.0703031636237906 0.0574865262460635 0.00286876500720074
0.00854491557277474 -0.0843632961484061 0.0800910744264113 -0.00019463317680051
0.0490586155941185 -0.0724479361267204 0.0956843036974232 0.0160335618445687
0.0831762751619183 -0.041296340258608 0.0825872340104816 0.0164564383366484
0.107472707890127 -0.0128124399149795 0.0744144480411943 0.00144194201757813
0.11174115028472 0.0186680184674788 0.00890492863376094 0.0452272532858202
0.110312527400823 0.00939745094613312 -0.0306336160812077 -0.0199551801511611
0.102037653851409 -0.0350127086726325 -0.0875966237553147 -0.00282723724425222
0.0759450384413434 -0.072585032782841 -0.0994862066635089 0.0339495116634367
0.0358241782868759 -0.0850815679949829 -0.0719325924974037 0.0634171309183025
-0.000599871792841441 -0.0844824981237113 -0.0362294110796195 0.0681321838712759
-0.0309713617082813 -0.0709646655460133 -0.013083927627186 0.0527631576410013
-0.0360043877362801 -0.0575592508679817 0.00289374563284355 0.0370365171563726
-0.0482649630982112 -0.0552913543716796 0.017160123935684 0.0145136951696129
-0.0398756623810116 -0.0770357941683939 0.0313499291301658 -0.00462240448997932
-0.0144416788110997 -0.0887004370241366 0.0469822963929522 -0.0187487607719303
0.020660393154021 -0.103842452487907 0.0753582687821681 -0.0138845622221285
0.0693031115043701 -0.0869306739458423 0.0885618119639835 0.0146810497965456
0.108411770195962 -0.0420365910549857 0.060967911231356 0.0224109026215628
0.13355112035544 -0.00511095782626111 0.0341340099274685 -0.00264900106651737
0.121059903217232 0.0235618425249987 -0.0371196954231079 0.0287577477627768
0.128984082348615 0.00808260906251339 -0.0655446961441977 -0.0269777661400908
0.122064880232266 -0.0472756168750222 -0.100928067339333 -0.00466413901253765
0.086307399474846 -0.0922479936724121 -0.0976452577479747 0.0287952987109047
0.0367261663517162 -0.100124368193906 -0.062954088895404 0.0417636539211518
-0.00218180182877372 -0.0945432701939948 -0.0370109248462298 0.0372711947570763
-0.0334573399838599 -0.0783666491029678 -0.0229400683385807 0.0214808227575105
-0.0363252913850374 -0.0638784754594601 -0.0116382798763145 0.00832075679820361
-0.0445182130744195 -0.064200930634509 0.00187541720430366 -0.011633507736427
-0.0306399976955501 -0.0851364371447602 0.0170456463869973 -0.0289443428322688
-0.00163563217749203 -0.0945619871338879 0.0376319497224965 -0.0410202116290227
0.03666823216462 -0.104890377416163 0.0705314832699901 -0.0260836039304436
0.0840578893115124 -0.0825242780223758 0.0783580025039749 0.0134001247502643
0.11926029019525 -0.0291465301511931 0.0380633658045658 0.0271614689334138
0.139024545619209 0.00788378633409966 -0.00790197052329649 -0.00816960247708501
0.109827261094399 0.02378625555904 -0.0815815499668938 0.013650704575479
0.123230622713119 0.00521455405967343 -0.0978360307978773 -0.0269015903247107
0.117021522700556 -0.0498870137504169 -0.107582869285413 -0.00625636475980606
0.0780782354160238 -0.0929512702083311 -0.0905785429520334 0.0183037276307509
0.0303330586819256 -0.0953470371098554 -0.0560250659874739 0.0153597052675853
-0.00333381894180801 -0.0881946192983731 -0.0410386508808782 0.00528981811812824
-0.0298901432570213 -0.0731969016515794 -0.0339355824952118 -0.0102098289393533
-0.0300185808637412 -0.0609919004342881 -0.0231104639890655 -0.0207469512625942
-0.0331484769330722 -0.0632203953537324 -0.00886180756332464 -0.0400084901307226
-0.0147386293515876 -0.0816681497789121 0.0097428963389977 -0.0545484188215586
0.0155347657808384 -0.0867439446379927 0.0360494525259358 -0.0613889920006092
0.0529809697852968 -0.0882147036372135 0.0682975184099588 -0.0347052779919514
0.089847625993251 -0.0609894278379785 0.0671019585783824 0.0118445630042359
0.114304024542125 -0.00720553552805439 0.0157872852828838 0.0269052426473977
0.123798991176112 0.0237549386924001 -0.0442443145709353 -0.0186111303819265
0.0785595846108539 0.0217500143640122 -0.1156100165709 -8.71061078739881E-06
0.0935224485657682 0.00651681503180732 -0.120747871220522 -0.0221802346226586
0.089714061690254 -0.0383360311359414 -0.107435375200544 -0.00885884656264107
0.0580638979783925 -0.0708403918734626 -0.082723007876388 0.00508340319543982
0.0225312693302892 -0.0705233922910811 -0.0536099895736463 -0.00947774887300498
-0.000959435024236528 -0.0656209797142274 -0.0485900725872034 -0.0210702101142969
-0.0205223860414018 -0.0564380478109793 -0.0430707530904165 -0.03525190097758
-0.019645472743537 -0.0480487096205647 -0.0312372173971653 -0.046630296586729
-0.0180225708389962 -0.052695148989072 -0.013048111807885 -0.0666537677312514
-1.05767776799261E-05 -0.0651270533815723 0.0128520382893266 -0.0779161379502803
0.0269771150963908 -0.0648509998370847 0.0442335629063919 -0.0768055050147873
0.0574334479842887 -0.0586493511085209 0.0707346099477753 -0.0389639101125587
0.0815696927896277 -0.0316441828300671 0.0569155297099441 0.00910123666684399
0.0919228567032219 0.0152228634248711 -0.000221569673366172 0.0193149182063811
0.0914597184250794 0.0354353736208692 -0.0702817074656898 -0.0336767374696833
0.0333587195386013 0.0204413700662567 -0.132885427471456 -0.00964786906976471
0.048262692606823 0.0123968291903369 -0.129416201982906 -0.0157804600037876
0.0496951714349632 -0.0152429847236383 -0.103835029823998 -0.0129656385237547
0.0327317111871688 -0.0333502304791953 -0.0784937092337385 -0.00531071233702966
0.0155563537936286 -0.0325566745552263 -0.0561404522005022 -0.0239288576712708
0.00544868967421502 -0.0335582566378091 -0.0560997957831816 -0.0360702536570563
-0.00630709016312412 -0.0320215508375488 -0.0487049662939375 -0.0507579089707452
-0.00651846524483054 -0.0289092352789313 -0.0334390561105418 -0.0645769311286788
-0.00401397032071918 -0.0326461242744778 -0.0112843486669828 -0.085635777567
0.00753447239715575 -0.0385314236067112 0.0226932388584263 -0.0940272693480296
0.02456641217549 -0.0371294445919317 0.0584877130130676 -0.0849966508451046
0.0432921232006346 -0.0297055092399132 0.0769312524845295 -0.0394482888687865
0.0570336199603581 -0.0080478998220976 0.0519440723881545 0.00370174001391201
0.0576576299049071 0.025716688033089 -0.00822113040558144 0.00799587503508697
0.0486213279398888 0.0360607682517695 -0.083328580720024 -0.0476136590700691
0.00572088484817438 -0.0191017877461706 0.0931745606919693 0.0513006771667354
-0.0148463186935909 -0.0159729961961837 0.0310693917372195 -0.00940008454967898
-0.0243856938224107 -0.00413155437755131 -0.0468935541110829 -0.0118256528846961
-0.01713151065911 0.00706791795900598 -0.0850732759206248 0.0211631674875332
-0.0127547991116088 0.00680074735854873 -0.0823953224984797 0.0774406994784105
-0.0113954730864557 0.00489247356174148 -0.0377241845126647 0.102259411468466
-0.00879774177235162 0.00569025127539285 0.00433561046806792 0.096729971725024
-0.00941071154454486 0.00461367292104763 0.0325510122432848 0.0803106797255957
-0.0140350808522856 0.00461344183502545 0.0502344597901312 0.0584713443934449
-0.0179942437580264 -0.0012300663948872 0.0639356959618363 0.0439596481052957
-0.0167958214808816 -0.00634329299441831 0.0667411743798548 0.0330108500044786
-0.0162753477063168 -0.0120553526494663 0.0778419196634373 0.0243751479049843
-0.011240123900575 -0.0157224306931155 0.0989045577106343 0.0266356956358143
-0.00119151783436891 -0.0208282706244699 0.110208437704653 0.0238877537322944
0.0119420537663589 -0.0176445880581482 0.123163038080768 0.0170105222270473
0.0473291809712038 -0.00435811386496689 0.076697619202682 0.0604166921115573
0.0285086477922641 -0.00466920051362736 0.0190997509680414 -0.00518190891501553
0.0188787343538152 -0.0107832525149755 -0.055500327293733 -0.0051891979338882
0.0171131654307576 -0.0162691522643424 -0.0901503453897996 0.0257926184123815
0.00820738269670655 -0.0247753671810774 -0.0840904402996812 0.0770245234074548
-0.00594396164203711 -0.0286904543084368 -0.040866901151144 0.0987137239060777
-0.0170094272057348 -0.024782951738641 -0.00129662284989386 0.0925965115781953
-0.0205114368147722 -0.0204252477951821 0.0260884682967146 0.0762183393260666
-0.0294732365655931 -0.0199935510047387 0.0439180952141798 0.0517068614843006
-0.0285022497340293 -0.033505685287166 0.0582447969212054 0.0349785480022613
-0.0164647173646876 -0.0419315233177835 0.0637838734472368 0.0225927588607522
0.000201946893382978 -0.050679381864553 0.0787122582197035 0.0159239558147176
0.0239747788486923 -0.0447272794622954 0.0968535030880116 0.0230604372317742
0.0456066564793103 -0.0291852436206694 0.0986252094353181 0.0184025018499877
0.0640254678007387 -0.0131173311745633 0.105382267354585 0.0104882236661705
0.0837384805868835 0.0110148202353873 0.0473047312265348 0.0577135610118236
0.072543804585944 0.007356205962509 -0.00111006643230394 -0.0107071723461492
0.0631265519943063 -0.0193260261213456 -0.0695351470989008 -0.0041400568230374
0.0508042347516777 -0.0420269640153232 -0.0961080186910356 0.0288522510934756
0.0270503722929921 -0.0559303899196722 -0.0804677982561631 0.071508019460221
-0.000597001664684288 -0.059370906708938 -0.0408140375857066 0.0865891768940135
-0.0232765530565228 -0.051692261954282 -0.0083106129595665 0.0769115032663876
-0.0290551251400866 -0.0428033982969807 0.0151555764274411 0.0609481438995025
-0.0411896608346072 -0.0414306575923697 0.0319520140062408 0.0370400914139811
-0.0362571449439978 -0.0595679538298973 0.0463759386852594 0.0184129401922887
-0.0161533923091439 -0.070127889658468 0.0568551210527128 0.00499792134433646
0.0121347245692566 -0.0825914300097523 0.0773675200764502 0.00317034007685335
0.0509143293690988 -0.0706504978113495 0.0932820733963319 0.0198424012734575
0.0827776534075526 -0.0370582055093057 0.0815449954052739 0.0195623569056699
0.106071542814973 -0.00832490178468933 0.0737560036691178 0.00480754765653762
0.109198406531072 0.0227475891027229 0.00775474894758724 0.0449271922219972
0.108582150667345 0.0137806049837046 -0.0291543282684529 -0.0213647175563498
0.101337413682631 -0.0308442783666032 -0.085525976517332 -0.00642594361368299
0.0765628969890063 -0.069172111724071 -0.099432439317023 0.0287364554948877
0.0380313180347908 -0.0828718924759474 -0.0729748097888835 0.0592179268254642
0.00158559670121205 -0.0828614949716488 -0.0387987829736993 0.0645896906254869
-0.0274723971726161 -0.0710587831219375 -0.0156340988768942 0.0518453992288266
-0.0334606591199674 -0.058488972856427 0.00132164421039446 0.0371440127416557
-0.0449133422000633 -0.0564172172236387 0.0166827290264627 0.01520981620471
-0.0363807474417912 -0.0772522374153182 0.0314879836168137 -0.00293986439901959
-0.0112012697866063 -0.0880183507832993 0.0469015800742233 -0.0159094879120433
0.0241265865022836 -0.101062483206025 0.0739537688463689 -0.0111462075810773
0.0709522870836645 -0.0837199501616476 0.0869486011457227 0.0177153626845789
0.107942395764693 -0.0366605473519646 0.0595747497886224 0.0242363819544067
0.130814805114747 0.000528612704328132 0.0341388616108378 -0.000859855496979721
0.1183396543164 0.0282623208083631 -0.0367219553204026 0.0271322373581662
0.127246820494405 0.0130177467093532 -0.0627371650812716 -0.0291198269938702
0.12100622197086 -0.0420118431304934 -0.0980852124466189 -0.00946140877921795
0.0872851181254922 -0.0879834919390292 -0.096951912826492 0.023627544690252
0.0386903349697804 -0.0980446408727803 -0.0636856646078377 0.0379537468798666
0.00100958785603147 -0.0934750557994024 -0.0380519763607355 0.035197763653317
-0.0294718525462343 -0.0784697737740393 -0.0246360775553128 0.0207389463294708
-0.0332859271122127 -0.0647666557719767 -0.0122163342917863 0.00838011141553832
-0.0407690681183041 -0.0643228602362426 0.00211298433795615 -0.0115199259774335
-0.0268886080870059 -0.0849715702776739 0.0176552200194646 -0.0271969096874763
0.00133404821894999 -0.0935170252697423 0.0392440302429464 -0.0380287298473701
0.0402643222545645 -0.101894475943242 0.0699621011045849 -0.0232490843392583
0.085215784522837 -0.0783767746469234 0.0771779123865367 0.0162711921979986
0.11848770756287 -0.0238542446547191 0.0370932972448141 0.0283999171398591
0.135641179916331 0.0132295491321242 -0.0067145775013028 -0.00801562662386141
0.106941292435806 0.027652632392786 -0.0803403509859416 0.00932043242099313
0.121273164662263 0.0102489352618087 -0.0941044640087414 -0.0309912029217579
0.116483110760615 -0.045753030220394 -0.1045784364942 -0.0102726757909113
0.08004950644963 -0.0887517156082149 -0.0896556168460694 0.0138618051684005
0.0330000476893491 -0.0930549643856872 -0.0562063834079681 0.0121323568434842
-8.12575037691534E-05 -0.0869593566601159 -0.0416259814348558 0.00286408688809151
-0.0266302770094562 -0.0731401914626225 -0.0340433190917196 -0.0104925459605817
-0.0268515410021729 -0.0615936749816401 -0.0229636758618931 -0.0209105114896042
-0.0295093622392597 -0.0635704464719111 -0.00794993459157101 -0.0395043516483248
-0.0117186348007101 -0.0806369954334683 0.0121754734944361 -0.052862930647406
0.0177473707803803 -0.0847421912939136 0.0382825342741147 -0.05859235390103
0.055362787173638 -0.0844945805704247 0.0680533242037928 -0.0323455537414259
0.0900154208173477 -0.0569436184408619 0.0663127887545963 0.0147537747817974
0.112031243619671 -0.00253763160298785 0.0152272561486354 0.0269088837927958
0.11978538923749 0.0274279666452548 -0.0422503634782016 -0.0196055817882842
0.0764130977691048 0.0246848331059291 -0.11342921267035 -0.00553609471431597
0.091690199485953 0.00958590872211055 -0.116376434891122 -0.0271260853798843
0.089691119946659 -0.0350416504752707 -0.104478184029006 -0.013560811160805
0.0603375332008297 -0.0672736281614719 -0.0816005373455234 0.00138459702673509
0.0240226941669146 -0.0690936160442519 -0.0529723714457367 -0.0118578061398021
0.000804658285394948 -0.0649822450356521 -0.0476517987395318 -0.0235914236798932
-0.0178716388343226 -0.0560380364548977 -0.0422820684827619 -0.0361562274307852
-0.0170200471963713 -0.0485293925344287 -0.0295644231504902 -0.0469732144487881
-0.0156280100145869 -0.0525237365082086 -0.0108430214694603 -0.0658655732448803
0.00296377375830754 -0.0640289093143209 0.0157398714824153 -0.0756356625692985
0.0280765842254153 -0.0628449148007516 0.0465651508753351 -0.0730055993068851
0.0583679039089497 -0.0554751160835172 0.0709409590176766 -0.0357416298968907
0.0806179414707916 -0.0281744007910821 0.0563043932821662 0.0117351687205727
0.0897263574729451 0.0188959783458854 -0.000531928618460101 0.0190988896710536
0.0877998668656431 0.0375096069005199 -0.0673153048026355 -0.035026206397837
0.0317243524467123 0.020650032774158 -0.130232682947697 -0.015968329239766
0.046879336210544 0.0137386629509332 -0.125077365146002 -0.0210686644990486
0.0489531312457745 -0.0137513441166633 -0.10115328736292 -0.0174018284739525
0.0333287449071067 -0.0323505389460291 -0.0766652561469439 -0.00861852648405917
0.0166449747837122 -0.0315762958883405 -0.054379436259856 -0.0267041710918284
0.00634959707741011 -0.0329900705811758 -0.0540510175315329 -0.0380763546232302
-0.00460385116404657 -0.0314591352651341 -0.0469108407513642 -0.0519282287519397
-0.0052525069996242 -0.0282839350297179 -0.0311714851350244 -0.0648530779365735
-0.00261460249449283 -0.0323103038824896 -0.00780181294117802 -0.0852817829463583
0.00906767540653734 -0.0372220777944044 0.0258505961198579 -0.0918184416091413
0.0249139205725743 -0.0354808791116468 0.0608442078644778 -0.0807047834062117
0.0436490112504271 -0.027561466824197 0.0769214481232749 -0.0356450061092513
0.0557091713082142 -0.00551053786874356 0.0517432955036567 0.00624601297125708
0.0554204684275552 0.0275066040727983 -0.00767223305048766 0.00788847587300251
0.0457855238161023 0.0367194959952084 -0.0797958321561847 -0.0495202514714157
0.00602043076994532 -0.0195209219338197 0.0940374194381713 0.055568379083381
-0.0148018107383392 -0.0170220445798019 0.0318606580533566 -0.00921782926175369
-0.0252194528640891 -0.00503113201177812 -0.0471504139405608 -0.0149213279953247
-0.0181647974459678 0.00635809683314249 -0.0876647304273652 0.0187284721988752
-0.0130062475768884 0.0064897249610253 -0.0870925613801885 0.0773001599950325
-0.0120346814323778 0.00468496230098554 -0.041825230974462 0.10346037756177
-0.00908791180528467 0.00526415032904259 0.00210086401581605 0.0989928102581719
-0.00962695715892303 0.00416613537052945 0.0318124846486727 0.0838914303170513
-0.014299811095772 0.00367181522080952 0.0502976797306784 0.0619250777911214
-0.0190324067198624 -0.00219882691490804 0.0646355014042334 0.0467854891280743
-0.0170879705295759 -0.00691381986041805 0.0675123965165205 0.0356492636940534
-0.0163423070437584 -0.0125609372016104 0.0787933940723067 0.028256415338037
-0.0109027095926102 -0.016970607217836 0.100137391976572 0.0301028510967018
0.000212705934943744 -0.0215184192115553 0.112084856648792 0.0274705501762621
0.013246782599343 -0.0174341617187551 0.126486593743178 0.0226875620690949
0.0481980090127679 -0.00314958689447135 0.0766156782772438 0.0646386319604124
0.0296647004077666 -0.00394112540629814 0.0199352929070635 -0.00501356013978804
0.0189010916473185 -0.0108464154342764 -0.0563352306996274 -0.00853834003280025
0.0176187539544583 -0.0164944392911873 -0.0932578384090652 0.0225624094015257
0.00864845521984956 -0.025638417423314 -0.08938535888199 0.0763567586238545
-0.00563387780021773 -0.0294141882545635 -0.0453600453293087 0.0999493708914816
-0.0169992769255022 -0.0258611701360091 -0.00398966919745026 0.0951553405698734
-0.0204312609845453 -0.0224236593529405 0.0252792352395532 0.0797577072175646
-0.029726822756452 -0.0221066755784736 0.0441379685523841 0.0551646502108253
-0.0286551037337565 -0.0356180286412629 0.0591129803584302 0.0377622292905434
-0.0153977059150362 -0.0436957094652427 0.0644590104290524 0.0258037266058963
0.00189421010643067 -0.0518820160229776 0.0796793455190381 0.0194333998784484
0.0256939252221504 -0.045584653266037 0.0983487968042163 0.0262261877413443
0.0481702197936494 -0.0282034932397927 0.100154648754021 0.0219321659858536
0.0658913261508334 -0.0113970126718711 0.107899048747448 0.0148400471053207
0.0848145453833214 0.0141456543950482 0.0470759204838051 0.0607001106159844
0.0744787356394772 0.00933360850429125 -0.00122491877132204 -0.011436643344027
0.0646623557261415 -0.0182276014085009 -0.0707369427094512 -0.00742721380503359
0.0528901991027564 -0.0417683288121396 -0.0997005045453395 0.0261102073852883
0.0286168635512437 -0.0570272287399689 -0.0850456165473164 0.0708646743524184
0.000520179962574323 -0.0609898557293193 -0.0446929751545132 0.0872737442502268
-0.0229138129441795 -0.0542214615311086 -0.0110526713969209 0.0791649188511633
-0.0289910741586493 -0.0454407534361962 0.0140693792961505 0.0635736676012386
-0.0408183057656419 -0.0439860651860628 0.0319354813055255 0.03935508277408
-0.0358442063308713 -0.0622171964462685 0.0474737071569935 0.021004071635738
-0.0150129623102359 -0.072110197277836 0.0587120654197548 0.00765732765083924
0.0147231296333203 -0.0842465290959473 0.0792660738749831 0.00553041657909624
0.0534928086110519 -0.071205751326098 0.09486176809486 0.023123344471405
0.0864526906696563 -0.0352228738156025 0.0833767513340225 0.0223689748759841
0.108324962855623 -0.00509669191033805 0.0763105407479249 0.00745785173235616
0.110763270841558 0.0266966213751751 0.00699188216849665 0.046195273071669
0.111079005952017 0.0169129651897904 -0.0285683853107108 -0.0232889506744409
0.10392635388774 -0.0291351732746671 -0.086234400001916 -0.0100764477854892
0.0801375033038297 -0.068933554343355 -0.102334589453662 0.0254140983719458
0.0404557662726456 -0.0845820526683852 -0.0771301344136434 0.0580175605855198
0.0036257801655893 -0.0852137423153882 -0.0420032635439443 0.0644205614888258
-0.026496172041246 -0.0736618488229046 -0.0180933885410298 0.0534023562926451
-0.0327310723663478 -0.0612463797677429 0.000327814705866221 0.0387909252906588
-0.0443364749760425 -0.0592566333240283 0.016395696858087 0.01633497187604
-0.0352326303890548 -0.0806667020992812 0.0326360102932135 -0.00126704552822443
-0.00911881718578125 -0.0908048584381302 0.0492081867211188 -0.0143430346937129
0.0281040313044549 -0.103172514083779 0.0756580733411538 -0.00948361595213324
0.0741692325508771 -0.0839904210543607 0.0886623654500849 0.0210483816705179
0.111564638909518 -0.0341914993202208 0.0609938380368927 0.0265326173237674
0.133040081064641 0.00404419482362193 0.0351742727115482 0.00117093042631295
0.1199966795539 0.0320436289177265 -0.0380742334563206 0.0263270459680855
0.130199426102937 0.0171691062121893 -0.0617176832653407 -0.0331940608489573
0.124390293529574 -0.0402307095638355 -0.0987582144881853 -0.0133404243936117
0.0911191409960586 -0.0879142178453017 -0.0994609907538467 0.0207905001861939
0.0418425445645914 -0.0999251696335367 -0.066786616780915 0.0366551116068391
0.00287547119151478 -0.0961835627176914 -0.0405631888613609 0.0337231362495831
-0.0276396877704798 -0.0811928551464813 -0.0268441091253751 0.0211030196314213
-0.0319496678312728 -0.0673221242345327 -0.0127511871565655 0.0087457792592527
-0.0397368973465257 -0.0669852763005036 0.00248787738635369 -0.011485486347771
-0.0254395536728406 -0.0880812438605037 0.0195786445949285 -0.0266464963004317
0.00387292378891874 -0.0961199738059662 0.041600240975007 -0.0379610581721535
0.0442623996894805 -0.103237083977759 0.0718065345965317 -0.022053896378283
0.0886485310959286 -0.0787480150023535 0.0786611481363674 0.0191855659412126
0.121754188037708 -0.0206704248333168 0.0374145043922593 0.0301023333792454
0.137410305372838 0.017178690308872 -0.00606870074190344 -0.0078765449003815
0.108511687309311 0.0310288665824068 -0.0817898955349083 0.00595182980934665
0.123902624513494 0.0138381642808945 -0.0939179737225989 -0.0351872661977962
0.119809561935487 -0.0431266639596488 -0.105252066327809 -0.0152047074423854
0.0839106056892758 -0.0897140939451845 -0.0921488320089225 0.0109589449512525
0.0359857428916754 -0.0955658414483689 -0.058071348571781 0.0102799000888581
0.00154149201259225 -0.089647287862844 -0.0432213566465875 0.00123016863771442
-0.0250436508855499 -0.0755814264170005 -0.0357088318439511 -0.0110352222497182
-0.0263316075158328 -0.0637173766090083 -0.023540789691473 -0.0219352925646462
-0.0279697799993545 -0.0657744311427287 -0.00713941894221528 -0.0409080885476506
-0.00966050254904586 -0.0828453421067943 0.0140138656872221 -0.0536426309054658
0.0202723608733653 -0.086611652433478 0.0411372132221135 -0.0576451260147072
0.0592025687345291 -0.0855544248797244 0.0702262145635343 -0.0309437608167061
0.0933086288642109 -0.0560776908647678 0.0674629640060391 0.0175152590405133
0.11483776618543 0.000840869280130351 0.0152571506769208 0.0278073088921218
0.121349050136458 0.0312663352589817 -0.042451701612135 -0.0211638124927586
0.0771312482878459 0.0271889107101976 -0.116353680332891 -0.0101223408738342
0.0934185173667525 0.0128493489792549 -0.116899755351159 -0.0324899513686609
0.0919712752346127 -0.0332532920092864 -0.105402394071087 -0.0176982663656043
0.0630280100122323 -0.0684732449715645 -0.0827339346263508 -0.00171930718947567
0.0266503791796201 -0.0705434868901345 -0.0539287903693716 -0.0144407466463604
0.00256417330923976 -0.0670264208727518 -0.0481835989191599 -0.0257944691374494
-0.0168567573950605 -0.0574929865801243 -0.0431907892071501 -0.0376373917635968
-0.0162423643417262 -0.0500586607810585 -0.0301263817356514 -0.048440450034966
-0.0142328101490095 -0.0538745096481023 -0.00961850240209306 -0.0678092687204483
0.00432449028973554 -0.0652414037776308 0.0183320957697191 -0.0769808201094948
0.0306544655967757 -0.0640971371266146 0.0501893652728799 -0.0726017699749378
0.0614837869375751 -0.0555332480343876 0.0740722425648422 -0.0345378663895445
0.0827317250594682 -0.0262120948248697 0.0579883950149511 0.0139175062226275
0.0914270542819234 0.0218731029035708 -0.000539537811515263 0.0195078754945149
0.0880504940504209 0.0405707177352179 -0.0675633123881098 -0.0375987578106624
0.0318455928706223 0.0220051875617745 -0.133133068970666 -0.0212118087504563
0.0476420026543633 0.0155685025291354 -0.126057249495181 -0.0262194139544966
0.0503004750567434 -0.0127315089855606 -0.102241631479337 -0.0210499634247158
0.0349556182082879 -0.0329763343047945 -0.0780187245313529 -0.0119511546529543
0.0179129583729395 -0.0323940566728117 -0.0551736147538912 -0.0301090754033255
0.00735474046438147 -0.0338030745831029 -0.0547354658410183 -0.0410616886729356
-0.00383494134058239 -0.0323976205011709 -0.0476418034345413 -0.0541995732205355
-0.00448572759285954 -0.0289895508638415 -0.0312816187995225 -0.0675128224296227
-0.0017952431352505 -0.0327571087959736 -0.00575466476731131 -0.0876556682576969
0.0102635919107483 -0.0375869532062994 0.0304479628771877 -0.0930149630286685
0.0263521928338654 -0.0355672530262962 0.0649180715943378 -0.0807113396153896
0.0456545500530223 -0.0264908317396061 0.0801850790572785 -0.033991543374614
0.0567092472714543 -0.00408751766803498 0.0533021769578324 0.00845947820746306
0.0556964570464238 0.029678167193962 -0.00693615190300996 0.0079847935765804
0.04497972990397 0.0381436967308164 -0.0795979836340966 -0.0525698164045604
0.00592291445272859 -0.0205284924004716 0.0987422764700623 0.0582082508493903
-0.0153356684647091 -0.0179572994642875 0.0327822354862154 -0.0105399431213866
-0.0264419623527341 -0.0046659215312678 -0.0498307866026208 -0.016611130870196
-0.0190009243673349 0.00731092024707511 -0.092208135546533 0.0193573647911747
-0.0134337386456578 0.00670621292805302 -0.0911090815952389 0.0820601011503317
-0.0122474664114461 0.00519791279646439 -0.0441361584188301 0.108752073774834
-0.0102713123124763 0.00505773247507509 0.00257625569644707 0.1037935567738
-0.0102750631290661 0.00378567356739703 0.035413451928313 0.0880898678358942
-0.0153090827247408 0.00342299912706584 0.054595475465333 0.0657829204768891
-0.0196617426955783 -0.00210034201571954 0.0684608162569755 0.0492032396044912
-0.0176804836273643 -0.00716431980171376 0.0708710216457629 0.0374439397049193
-0.0176756593581439 -0.0131024764879523 0.0826188314182831 0.0297744338341527
-0.0114890439772294 -0.0179836178306051 0.104752957541173 0.0311365871044136
0.000333563854696477 -0.0219843508664598 0.117335618428432 0.0285665585453357
0.0140148455813155 -0.0181218574659353 0.133269141830935 0.023713375723238
0.0500475285808903 -0.00372748442739643 0.0813307004347737 0.0676818609805764
0.0316131636866919 -0.00459740924905844 0.0202333849636779 -0.00637667457078918
0.0198979527625747 -0.0122605971859204 -0.0590167610932147 -0.00947388418846632
0.0179859605168662 -0.0178592884043662 -0.0978563242453615 0.0239193579875381
0.00830303833886722 -0.0269785645323235 -0.093024069252509 0.0808104815876471
-0.00651592916910439 -0.0307711990563032 -0.0471099646896865 0.105318906893586
-0.0183111183702969 -0.0273805263355852 -0.00362711731973232 0.0997398408945681
-0.0222090747938671 -0.0239070774674998 0.0281692862481397 0.083778640427751
-0.0315027212608607 -0.0233657704473761 0.0476250105777153 0.058651003170219
-0.0301966000147751 -0.0373166284626365 0.0626142186310564 0.0399476456791196
-0.0164298914653193 -0.0455486325282806 0.0684231367660398 0.0268531312222081
0.00204491478306358 -0.0544954119891974 0.0828723826100683 0.019934770066851
0.0263948823145845 -0.0483897861631649 0.102728062235256 0.0270161003737671
0.0506472188246249 -0.0296069006730986 0.105181119471687 0.022249786922312
0.0691734605310664 -0.0122840596027185 0.114068967880802 0.0158281774703432
0.0886092272402625 0.0140753780104126 0.0504308923717842 0.0632757055271094
0.0788577754674195 0.0086075547844763 -0.000801779705163056 -0.0127371270416219
0.0678531500011894 -0.0200020224739053 -0.0735378980707761 -0.00875542941159598
0.0548440673049901 -0.04499669491205 -0.104353845972524 0.0269949869003806
0.0286511479812559 -0.0604598325464259 -0.0895741493506018 0.074915636262906
-0.000207855266925606 -0.0638795586614132 -0.0466639924533019 0.0915381743636762
-0.0246132182296741 -0.05666357045892 -0.0114894067584229 0.0834908440362978
-0.0309014424789987 -0.0479304135366637 0.0156306898111124 0.0672041159558183
-0.0430988665866202 -0.0459378085689821 0.0347896581701565 0.0419567565013838
-0.0383740116789511 -0.0655659833750798 0.0506902572986309 0.0220581495052386
-0.0161719317622005 -0.0763208167735306 0.0618050055508781 0.00789076502004002
0.0151500597644881 -0.0883849499709905 0.0828914404924913 0.00523042464804897
0.0551054147787365 -0.0755095489370233 0.0996151408579479 0.0235089794851898
0.0905195588613547 -0.0372193502309665 0.0871471046422265 0.022538736858788
0.113655164961068 -0.00623940974910549 0.0804558883514743 0.00821062107537643
0.116165035972137 0.027639004318177 0.00885723487022086 0.0479252840956452
0.117153387124666 0.0169967283173923 -0.0296688336361393 -0.025096639432349
0.108644095115047 -0.0321018296604206 -0.0896910977188329 -0.0117510178472774
0.0828026838611014 -0.0738059929134655 -0.107263090747737 0.026608554736008
0.0414393002400227 -0.0900587791987612 -0.0812325900167805 0.0615430369528358
0.00227108331140819 -0.089520870608386 -0.0440339808361111 0.0675890771213345
-0.0284827570631593 -0.0777534304382201 -0.0193321831644608 0.0562689198710245
-0.0347861737045074 -0.0645712444177584 0.000982686752946401 0.0407266338935985
-0.0467605802700291 -0.0622696719908356 0.0178607572185585 0.0177525051963687
-0.0378758502554527 -0.0843286085092606 0.0347644963027693 -0.00135790347684335
-0.0107226981030175 -0.095309516318164 0.0522064539538215 -0.0145734226406751
0.0286994165079451 -0.108645577281057 0.0789284664097236 -0.0103279781643462
0.0771062492958255 -0.0895924174731568 0.0933423024271296 0.0213767551566846
0.116979542511998 -0.0360865848322516 0.0646884882148469 0.0270165353267947
0.139297476750972 0.00311885992719529 0.0380323727604529 0.00107247607205644
0.125798256129809 0.0332382426851755 -0.0397567257465469 0.0266409693963762
0.136854329296774 0.0170502396185452 -0.0641240197736227 -0.0353221697950241
0.129733067741657 -0.0438500179629483 -0.10323189348357 -0.0146742266308656
0.0942871565815427 -0.0937166240537464 -0.104504315837839 0.0217279537333901
0.0424016170708841 -0.105768126940349 -0.0704602582401662 0.0387442560037628
0.00172429491044636 -0.100606900824953 -0.0433380556465842 0.0350996190062251
-0.0300522862677659 -0.0854359903064115 -0.0282466143993192 0.0229794585666112
-0.0343972276392942 -0.0708986579808338 -0.0134880057886382 0.00985698467521366
-0.0418830715877678 -0.0706678022148104 0.00234042350550563 -0.0112238245113448
-0.0274738846946441 -0.0919451516021883 0.0210623776837524 -0.0279685121914686
0.00312918766799997 -0.10128021155683 0.0442476252593557 -0.0389233017213804
0.045979709951757 -0.108945442462258 0.0744695532313868 -0.0234308250610178
0.091980450626558 -0.0837317931258682 0.0829273710043459 0.0197213427112979
0.127495277465947 -0.0220285706251889 0.0399876111255019 0.0305867433039975
0.143763400186679 0.0167828773468479 -0.00566119817794553 -0.00784340509666649
0.1139328713099 0.0317393597478146 -0.0855517808139094 0.00609031102344671
0.130078853149272 0.0134895129374873 -0.0977388550126768 -0.037980286261533
0.124679439225427 -0.0466106355279356 -0.110039665794789 -0.0161720117949287
0.0868382036899197 -0.0950211166212031 -0.0958325549805564 0.0111806508650834
0.0363562016743134 -0.101034216259602 -0.0619342066134359 0.0108763864570254
0.000144767784472912 -0.0937203598245435 -0.0459989891551334 0.000642012287877289
-0.0265120394196986 -0.0791805599366772 -0.0382766305184558 -0.0106745625268834
-0.0279210884888083 -0.0669647291533779 -0.0252663845895767 -0.0218420525993341
-0.0299446330838398 -0.0690326459545001 -0.00767301759337078 -0.0424073067630617
-0.0106712368181171 -0.0867929672418607 0.0147249787888627 -0.0562362684979594
0.0202993807857383 -0.0913588371626659 0.0435833430407519 -0.0605894098026265
0.0613033929800771 -0.0904471338555843 0.0735990342571286 -0.0331769317716896
0.0967332116018741 -0.0598082796867317 0.0717711500564305 0.0178042420134848
0.120492552041306 0.000747096130945834 0.0171607773105311 0.0293325779754016
0.12676092492588 0.0319481271178911 -0.0445778832823072 -0.02149127026939
0.081212127513679 0.0278806366617923 -0.121902574317961 -0.011755561951631
0.0984158524422433 0.0122534815109903 -0.121602230196845 -0.0351071464697528
0.0962542562848602 -0.035783926169968 -0.110610799711448 -0.0189830839722646
0.0648206082864208 -0.073015887463656 -0.0866809133907206 -0.00154356752868053
0.0265573143589518 -0.0747404097650839 -0.0574593452995681 -0.0153382580129064
0.00157789469572632 -0.0703982441561797 -0.0517152173123041 -0.0277608074121408
-0.0176487514736168 -0.060374288320487 -0.0468540515229492 -0.0390402323051745
-0.0175184499234057 -0.0524469782526761 -0.0329598133727218 -0.0501281281068428
-0.0150974337727785 -0.0564038162734113 -0.0110858550972395 -0.0710403055516115
0.00388602349399819 -0.0685364161512346 0.0192464604451147 -0.0810531292246517
0.0313042416633284 -0.0676593422456524 0.0528832251741809 -0.076205140212336
0.0638462153795549 -0.0588427096432937 0.0772252052991286 -0.0360843135361374
0.0862887248567941 -0.0280599519136466 0.0611269878283315 0.0141542247004083
0.0958635507206703 0.0224893079162419 -3.59003809550101E-05 0.0202392017860257
0.0919055158861281 0.0412003675259453 -0.0707455171238581 -0.0391027294637602
0.0332492387752921 0.0224825157411251 -0.140609435436065 -0.0232353761456007
0.0496004611803589 0.0156926702819876 -0.131248559466754 -0.0275655643543602
0.0524827051467774 -0.0137196964323629 -0.107196504135309 -0.0221887390725348
0.0357858314260458 -0.0352861540004091 -0.0818369769465458 -0.0125147347268197
0.0180115190435941 -0.0346517926906554 -0.0586340939870434 -0.0319343802664364
0.00710571438069846 -0.0354621124473303 -0.0581276091489142 -0.0436311637282363
-0.00376340381391001 -0.0336697089700517 -0.0516606620049101 -0.0563397442221376
-0.00483366770642393 -0.0302255854525551 -0.034373285346067 -0.0703743492771835
-0.0022148247676147 -0.0342352169493627 -0.00737269504530312 -0.0919095145578958
0.0106295060607915 -0.0396069703613373 0.0306445175405675 -0.0985173488947694
0.027361058947059 -0.0375445440627302 0.0683176265164377 -0.0842219456644387
0.0470375248203127 -0.0285655639844324 0.0841968973793507 -0.0361557400679226
0.0590422745269972 -0.00423761425672103 0.0561924059706714 0.00890031792319528
0.0585168210029964 0.0308218929291039 -0.00738480108523896 0.00858562977000716
0.0465569191644468 0.0391518195657817 -0.0838946536920544 -0.0546294128017768
0.0112557617826384 -0.0198975043314803 0.0896044637992994 0.0758394469807103
-0.0122578556203136 -0.0213487041977801 0.0346579864337278 -0.00607345771053177
-0.0259322996074833 -0.00913705793702945 -0.0491559043994253 -0.0268482092827738
-0.0204194991400799 0.0053054199376935 -0.100211681739004 0.00373857685108713
-0.0137780974918318 0.00648181722207514 -0.108756730872819 0.0702929912071072
-0.0128956502775831 0.00425241119311984 -0.0648175732919256 0.105570618264619
-0.012073830225961 0.00337013166981298 -0.015261333828671 0.107921199763527
-0.0106681471365235 0.00206623658605815 0.0221269504046079 0.0976912846893064
-0.0162286370841128 0.000228692828904811 0.0470495733496805 0.0779738976626126
-0.0193052722359165 -0.00589110931639505 0.0639189053790769 0.0623155028609686
-0.015567737596186 -0.0107336905028867 0.0670287604109481 0.0512749558282967
-0.014562664850707 -0.0154282682357235 0.0802408110232138 0.0456855421268004
-0.00750223282664447 -0.0204508517383574 0.101938161156766 0.0501902525539082
0.00662888806829179 -0.0207925412033701 0.113507543713909 0.0512630242480709
0.0200068419823069 -0.015907007917236 0.131984097513016 0.0518391237381769
0.052897954444852 0.00587336226517685 0.072555927239607 0.083227119803407
0.0332753102833448 0.000842044788595995 0.0226323540347508 -0.00332326872359104
0.0214912985423737 -0.00773702263883452 -0.0570092691983571 -0.0216647603803698
0.0206196033863578 -0.0133798786282999 -0.104152753786869 0.00637112343686709
0.0143990524123357 -0.0242848926853541 -0.109868009347577 0.0663537422177116
-0.000549971943305041 -0.0314328953494319 -0.0672235814480821 0.10002905239608
-0.0141097543475133 -0.0311518509202807 -0.0204973034947071 0.102206659210615
-0.0171278189436192 -0.0290591491466509 0.0156099189294541 0.0915915432364881
-0.0275465695246094 -0.0305798940634792 0.0412776571087514 0.0696661465613817
-0.0237598521940513 -0.0441345596158144 0.059964076414033 0.0521905194231549
-0.00642261601852063 -0.0504326602926126 0.0661727514303019 0.0412079280687618
0.0130002843678544 -0.0550217179067913 0.0822495624640193 0.0384064824012012
0.0383110617253644 -0.0435580855721631 0.0996807869402071 0.0464035778308737
0.0594982670148501 -0.0194186471156036 0.100845618459207 0.0427388150376439
0.0770632071308241 0.00196266552945069 0.1112981915007 0.0380392580926698
0.0882240704881992 0.0315793071059305 0.0430488480841301 0.0740775990202546
0.0776122481053918 0.0230786560445953 0.00399073326826737 -0.0132028243965198
0.0707717855868892 -0.00657526823481266 -0.0693859770355287 -0.023649973182901
0.0617339540354997 -0.0338518154758775 -0.108102839034985 0.00768279008952069
0.0405861490603544 -0.0543172795046468 -0.104986926119785 0.0592392616315514
0.0115290622289853 -0.0644866428242183 -0.0639401011865139 0.0848030746194469
-0.015120634495145 -0.0619035476277062 -0.0254263757579691 0.0833035215223755
-0.0211191368320939 -0.055457107969403 0.00569200688588172 0.072143558512373
-0.0349312990043366 -0.055989059017841 0.0305824748307868 0.0499637878504998
-0.0265319963100598 -0.0754488989650262 0.050763301087364 0.0325610133569377
0.00018680440966734 -0.0821464181996695 0.0628599705020026 0.0219236894462303
0.0333001848237945 -0.0884519761717033 0.0836560745186006 0.0251409744482933
0.0737931627357221 -0.0654521341509316 0.0960813225999872 0.0424180856012361
0.102161856334905 -0.0189962539889557 0.0804335985084786 0.0394199799084919
0.121689038004833 0.0175951850398911 0.0758957597458337 0.0226213157553641
0.111916045622224 0.0507577365098601 0.00472128731055305 0.0512530233874734
0.114448279557225 0.0382575984517276 -0.0217663202319404 -0.0302386058300833
0.113477310342422 -0.0107689279868511 -0.082341773885341 -0.0304236811559401
0.0947971366904681 -0.0577043885186969 -0.108383515180547 0.00541805107967219
0.0583337884442441 -0.0818838375405135 -0.0932651308363517 0.0445071323015878
0.0194821927652379 -0.0899547367273555 -0.0572216873623242 0.0595376568410853
-0.0150854204527408 -0.0835545454784035 -0.02886746848415 0.0535744663908006
-0.0222301595834239 -0.0732885809471096 -0.00581664469407996 0.0433360149407006
-0.0350103136028916 -0.0726285944794263 0.017401883227535 0.0217727075306539
-0.0222547122108758 -0.093919604122544 0.0384848516725012 0.00582741706693416
0.00963877717685755 -0.101149274692791 0.0564563671066206 -0.00279160252160116
0.0514116857273418 -0.10612498414107 0.0829401228526712 0.00973739261032792
0.0988014351347873 -0.0750662834246376 0.0897714598183002 0.0390425940326774
0.128612934195596 -0.012480998704805 0.0556553150936243 0.0403593029668282
0.147078849172526 0.0325657855668881 0.0325329409750542 0.00583862285437007
0.12006286342698 0.0588018324874778 -0.0392480973686229 0.0214788141725449
0.133414790934632 0.0424066003275476 -0.0551580605055388 -0.0471207005527839
0.137348820819102 -0.0179135276548715 -0.0936229549656356 -0.0360827392951782
0.109134466838523 -0.0759854260562463 -0.10291413108528 0.000224687479826272
0.0619896995542686 -0.0982484010632861 -0.0780819672339438 0.0218429544131303
0.0203682505140952 -0.101623148369063 -0.051054351404848 0.0259763409553471
-0.01531571883535 -0.0919806059518393 -0.0328131401710155 0.017351889408875
-0.020124455927252 -0.0799371178375383 -0.0154880371434424 0.00851075663440559
-0.0286750811283325 -0.0803465895595917 0.00616825360316649 -0.0102701053624946
-0.0107324562417755 -0.100313948629841 0.029065387745978 -0.0241266316536185
0.0251253783896272 -0.104198212706891 0.0516651791261459 -0.0287437099874771
0.0686591053470496 -0.104075915258019 0.0794322492170556 -0.00447715987292394
0.112667012043463 -0.0657961859383004 0.0795766874603977 0.035293898141911
0.136561302292543 0.00343499128936764 0.0300516451770585 0.0386483143396053
0.148174088585698 0.0477669390627239 -0.0108499231812202 -0.012943860437209
0.107510131066599 0.0556074924321229 -0.0837356140263519 -0.00836008215033464
0.126960891847458 0.0386799179364522 -0.0891584916825806 -0.0564624677999793
0.132202002648305 -0.022328860602358 -0.100968201939156 -0.0392892387892542
0.102047425797746 -0.0786445316449239 -0.0935080214822614 -0.00923236182641685
0.0548828160221831 -0.0946494484939673 -0.0647172376510186 -0.00543304873789776
0.0171989484984139 -0.0958376694971332 -0.0480324150604463 -0.00975732038404642
-0.0127041311405287 -0.0853513186911241 -0.03749972859153 -0.0200943572332488
-0.0143705061875046 -0.0740679221015631 -0.0224284418055609 -0.0266424423918611
-0.0169445318499665 -0.0763173597072607 0.000299947852146801 -0.0445057967194787
0.00543686091578957 -0.0921487823596707 0.027038562664638 -0.0537587784925348
0.041282479624173 -0.0907972150878254 0.0542469613448352 -0.0510664126524154
0.0811331162085709 -0.082451192070614 0.0792259213730602 -0.0144384651366099
0.112406974971196 -0.039649534982353 0.0683302556282314 0.030912678058267
0.124520451762224 0.0255632594059373 0.00705567542963407 0.0320424433870044
0.126080835869322 0.0594760612142979 -0.0467625898296194 -0.0349772077724512
0.0745359561112232 0.0450210118120881 -0.118381461300569 -0.0328600533785348
0.0948321514112132 0.0318271126665539 -0.114904559550487 -0.0568885921599825
0.101373107524044 -0.0165884412972568 -0.10269322018696 -0.0409502598941494
0.0766072097076701 -0.0609575524363514 -0.0826755144856919 -0.0199590836904222
0.0397119304304288 -0.0700528819756031 -0.0563092389854265 -0.0305551693910323
0.0143034563752864 -0.0716744604730938 -0.0492068953599041 -0.0396518907718633
-0.00730109591078053 -0.0652600230260101 -0.0419487174381268 -0.0500782316636325
-0.00696451128979615 -0.0576154516144701 -0.0255779794211546 -0.0574171910469719
-0.00440115578198289 -0.0612035982220254 0.00128471310029318 -0.0744841167698518
0.0174437798299342 -0.0703422475710223 0.0343498030117497 -0.0795642495266077
0.0475329608071585 -0.063936929164208 0.0663576048453374 -0.0665505364864314
0.0783073570618142 -0.0494293769161003 0.0833132851875188 -0.0187142961585764
0.0950648556758592 -0.0101661747346218 0.0592999786025649 0.0251162507519158
0.0940803757835495 0.0427866096228702 -0.00728212070317481 0.0193622796323844
0.0875982846442968 0.0624008594388367 -0.0690856397233526 -0.0584061542168783
0.0268115535222919 0.0308261844240602 -0.137114253078838 -0.0485239719578123
0.0449743905952132 0.0258184826426774 -0.127641064007883 -0.0516160162804324
0.0536903530716473 -0.0033828393168268 -0.101523099118968 -0.0424617155995738
0.0408197409546392 -0.0278741824529527 -0.0789417100541017 -0.0291068298759726
0.0236362275000341 -0.0307514050720239 -0.055244636999119 -0.0457239771725131
0.0130609055995165 -0.0347083656573808 -0.0534136594899239 -0.0564108429824568
0.00254287607256001 -0.035494797755786 -0.0445099866279417 -0.0680142361718307
0.00112518979284558 -0.0323251072227347 -0.0239019221477476 -0.0781283721848624
0.00469077490340835 -0.0350986597273883 0.00764866733208842 -0.0957714636277491
0.0187275181496982 -0.0386264493884623 0.0487636559820783 -0.0962004621310179
0.0369900431138524 -0.0336099192144664 0.0833449804627873 -0.0741268761351715
0.0552328876149569 -0.020076537722747 0.0906912447362408 -0.0193144995418539
0.0615602825286766 0.00925669030945017 0.0555224125162674 0.0185817131527133
0.0540392810728028 0.0435318057583881 -0.0105201369706427 0.0060900670501135
0.0400095270626884 0.04970296437868 -0.0776609942127517 -0.0747477889942727
0.00933654637579206 -0.0206174515371698 0.094783762264936 0.0695461437331955
-0.0132906517320253 -0.0206926743262466 0.0333624884398182 -0.0089193198984834
-0.0263502558513966 -0.00751601502413415 -0.0520709131033882 -0.024044077441568
-0.0198378017966271 0.00645850208169769 -0.0999705451097047 0.00953892345199822
-0.0135633935105899 0.00705943436377519 -0.104013692929813 0.0778055985985471
-0.0128540453489658 0.00500781550819895 -0.0574530204559657 0.110384685085455
-0.0117101674400711 0.00413167354987439 -0.00712386945213756 0.109196103682054
-0.0107148703794951 0.00191013401423013 0.0303568273727733 0.0961936572020485
-0.0168356601202203 0.000889284342428552 0.0538983263714125 0.0748519077500581
-0.0195169762249858 -0.00511156768280586 0.0686767413408096 0.0582043733870986
-0.016161575644676 -0.00987368877518681 0.0705308971750669 0.0471654629486827
-0.0157356946210569 -0.0148700296716058 0.0832014284871172 0.0410848234732711
-0.00853299694316859 -0.0202944392085125 0.104778410615074 0.0431106982826912
0.00607138133636835 -0.0214383739791631 0.116006975452928 0.0428700301041895
0.0194536471010941 -0.0170759937595127 0.13578742713304 0.0435326950729306
0.052809788403673 0.00285694788066852 0.0782077794116285 0.0778216826004471
0.0334475029618886 -0.00178896037206361 0.0217161045851295 -0.00513116355004994
0.0205229617589137 -0.00926049884670081 -0.0585302907461024 -0.0186575637245943
0.0192271305657523 -0.0147759038038991 -0.103531761849442 0.012509165238975
0.0121716742038576 -0.0254046298845813 -0.10501061602124 0.0746250016444197
-0.00299447057168054 -0.0307730607282565 -0.0607317116261303 0.104833044947755
-0.0166139820525631 -0.0303643941317663 -0.013924339959382 0.104058730977547
-0.0193878322617199 -0.0285954666455261 0.0227843758112606 0.0902253357070059
-0.0300899802476752 -0.0289902238013848 0.0475369862893514 0.0666959542518185
-0.0266919082923375 -0.0431054868555227 0.0643870573301272 0.0484576153338682
-0.00977515819095492 -0.0502118875183536 0.0694925902790233 0.0371128632291593
0.00951194075830515 -0.0561648578179001 0.0848990367015649 0.032939574963244
0.0347964672148771 -0.0464904842363113 0.10236077804877 0.0391223991770903
0.0587850425079747 -0.0229235608226342 0.102553750342774 0.0355011745626654
0.077278257909145 -0.00306937198978722 0.114082420846613 0.0305880445862364
0.0898293764293812 0.0261807754015412 0.0489829753823934 0.0705888433199209
0.079020202340469 0.0178073320719206 0.00318725238673114 -0.0140634780747571
0.069868485513947 -0.0120118174302574 -0.070602357553592 -0.0203362767245664
0.0588079936402632 -0.0385630074120704 -0.107314927331404 0.0140826576464132
0.0356627754664853 -0.0578020687593003 -0.100553037134727 0.0668859775137905
0.00711161265642738 -0.0652926317121873 -0.0585167491509765 0.0894633732734138
-0.0197486398318429 -0.0613749173356704 -0.0197224267012167 0.0855235365269678
-0.0252389826495954 -0.0545743065821493 0.0111631913769638 0.0720242450131957
-0.0389242458175104 -0.0535485408660796 0.0348883270096491 0.0479313090351572
-0.0318246260294222 -0.0732912315566719 0.0534250865073572 0.0289181995849962
-0.00525199462745709 -0.0820938757985621 0.064942099705361 0.0185241724348895
0.0274971494307177 -0.0909134870200492 0.0852741323554749 0.0198780674836553
0.0686968662011204 -0.0708286321544395 0.0993138959178757 0.0354935763897876
0.100727919293546 -0.0254439096710269 0.0832664372626198 0.0339303449966795
0.122849611240069 0.00855324577505537 0.0779145298645039 0.0179223408488993
0.115255799374157 0.0429975880088878 0.00939923484458308 0.0504888601476955
0.117687847757709 0.0299465413601807 -0.0239629534312149 -0.0297644548429925
0.112049830468917 -0.019019682535638 -0.0839829360315682 -0.0257850017364513
0.0897386704913485 -0.0647379224896147 -0.107738816599892 0.0123333967981408
0.0510412845265557 -0.0866147130332452 -0.0901521437346384 0.0514560522015184
0.012381186662251 -0.0916646495769205 -0.054580389879597 0.063487040487155
-0.0213131612210697 -0.0829273085943688 -0.0253696956385497 0.0560087817280214
-0.0277237744867781 -0.0722722541376555 -0.00213524431616723 0.0439089520268861
-0.040472335616416 -0.070702122509339 0.0197117512793203 0.0213200619590571
-0.0295798272070501 -0.0931228909315432 0.0403453290618745 0.00338238264650004
0.00298800113033256 -0.10205470151956 0.0570782957764394 -0.00573608544792135
0.0438742001864203 -0.110899587566927 0.0827308781049961 0.00480735581877557
0.0928193092828346 -0.0823015806795347 0.0927632049932539 0.0327493290109017
0.128057838879749 -0.0212136928452295 0.0583309966025344 0.0356936948490932
0.14865359594971 0.0219398893019909 0.0333353158219141 0.00415586936421112
0.123627526476606 0.0502856963740855 -0.0379511604585228 0.0230774467669099
0.136357743058455 0.0328817883183271 -0.0577972789855158 -0.0443630290380294
0.134962624122097 -0.0284347055127612 -0.0953940648299207 -0.0308238049428703
0.103100232388623 -0.0842338427617661 -0.102791328753722 0.00682075082010923
0.0544367419308076 -0.10303117432378 -0.0771472854249953 0.0272473311054357
0.0123228517640448 -0.103312467442709 -0.0499587383573603 0.0290563537171612
-0.0218377679406141 -0.0910464319163742 -0.0319672815645799 0.0198135232278995
-0.0259351854021721 -0.0784459790102779 -0.0143904232813639 0.0100840559048989
-0.0342351919868314 -0.078404574952202 0.00589109927150607 -0.0107970957081532
-0.0179037713165182 -0.10000934754317 0.0275415588076911 -0.0258456112102502
0.0175976624770345 -0.106145469590382 0.0504778340005169 -0.0316950696603877
0.0614301041532864 -0.109715642713951 0.0792917373295655 -0.00951878736875486
0.106988577903682 -0.0737980309500753 0.0824012166677589 0.0299017943071914
0.136440554121971 -0.00593862739941143 0.0327442250336121 0.0364727381627916
0.150477802986296 0.0367347443369036 -0.0117210584116604 -0.0115276929315593
0.110969409709832 0.0480681218122518 -0.084315076836203 -0.00357649039619823
0.129162767964578 0.0291257147863106 -0.0922144645255566 -0.0514600032092011
0.130184358755661 -0.0318378496592818 -0.10290463711139 -0.0328987627600245
0.0957718569544671 -0.0863250821350512 -0.0930698653422483 -0.00317094802181615
0.0471981672116085 -0.098837220672691 -0.0653748491431859 -0.00129033238944452
0.00970413506158631 -0.0964293489669805 -0.0498419788093472 -0.00729442898425163
-0.0192749062076313 -0.0848198980383576 -0.0392024977485734 -0.0167980005446393
-0.0199350158606228 -0.0732468148109066 -0.0248211225509661 -0.0240536274305628
-0.022016990580759 -0.07522950129442 -0.00330108172421437 -0.0439175740726189
-0.0012423755265042 -0.0925719309809735 0.0233974988037574 -0.056102265464557
0.0343852129094834 -0.0938083035547929 0.0514623929656405 -0.0543622088583307
0.0749897264575161 -0.0883759182935281 0.0780586670810555 -0.0197641690854016
0.10894234787403 -0.0484610828307054 0.0705001553428939 0.0266061168987059
0.125796772562532 0.0171517730164807 0.00992541810470316 0.0307991397053462
0.129180726142499 0.0496530765032983 -0.0491937640542846 -0.0310573194123297
0.0777889173648092 0.0395086176230984 -0.120873200262342 -0.0257074313010526
0.0964210445421332 0.0246766856974763 -0.118410852302134 -0.0506265670511758
0.0995106505094248 -0.0244126513611178 -0.104133982608803 -0.034551905416849
0.0712185281503408 -0.066624631417336 -0.0841528116927163 -0.0155221472165174
0.0342747362360187 -0.0734335144221162 -0.0588205538609569 -0.0269109327214457
0.00894551461235144 -0.0725067749228332 -0.0529695545027562 -0.0366673785571209
-0.0119474307387149 -0.0645167502703128 -0.0460722439271787 -0.0464476687976455
-0.0111630303217947 -0.056852783693337 -0.0300395969294555 -0.0546534506612778
-0.00864935149676394 -0.0603866872961806 -0.00420664799490652 -0.0740327771827538
0.0124606267077494 -0.0712342558920079 0.0291941151829461 -0.0818750276580031
0.0425291434475232 -0.0674709499722588 0.0626873856809755 -0.0708847467548521
0.074345687160174 -0.05524875346273 0.082263139075144 -0.0249584162969968
0.0931145495186867 -0.016419432469718 0.0609981752761346 0.0215648093215787
0.0969527246637218 0.036247991133011 -0.00515491547985105 0.0197236478735152
0.0901469367196533 0.0553810801050519 -0.0728198827761521 -0.0521790376372193
0.0291469170332386 0.0285287406455039 -0.141276157059563 -0.0406712779005623
0.0469537034952166 0.0223962757935328 -0.130183602936071 -0.043807064259316
0.0530457241332245 -0.00722848261448158 -0.103247613696726 -0.0357154038339202
0.0379617914775822 -0.0314677597834826 -0.0801319134092197 -0.0239004518218362
0.0210828635314747 -0.0330338787374734 -0.0585161372649293 -0.0423933088236662
0.0102160590329385 -0.0359927117613899 -0.0582708003095367 -0.0527779778600537
-0.000213941856480774 -0.0355650469949231 -0.0498947851606685 -0.064524804132418
-0.00101766930221755 -0.0318018160806902 -0.0303252460859912 -0.0758853146216736
0.00169083961766379 -0.0350494275673566 0.00121465744552788 -0.0963902151122022
0.0160883521452964 -0.0399677902075282 0.0423805635305681 -0.099423626508367
0.0343193312990975 -0.036169678242023 0.0786937055708391 -0.0793999132789016
0.0534990297007292 -0.0244577734681728 0.0896583111829513 -0.0259423615257492
0.0617561368994564 0.00486457097190103 0.0570169807068685 0.0146850333380408
0.0564703023713623 0.039576816272805 -0.00958666958305411 0.00669057224780336
0.0427503458793229 0.0457667545359587 -0.0824046708413345 -0.0695998701910123
0.00798586004495571 -0.019920198126595 0.0950916360142968 0.0628968057862827
-0.0135497273349201 -0.0190522914179879 0.0315254146590402 -0.0101897240404952
-0.0259586634230918 -0.0057606727771216 -0.0520660207843199 -0.021635592327322
-0.0188602816021771 0.0069593210358239 -0.0964290085823154 0.0132542831649887
-0.0127470424177331 0.00748877931759119 -0.0960731452347433 0.0808507014502635
-0.0114731257350997 0.00592410458601315 -0.050081439850538 0.110069430163987
-0.01147579048404 0.00436943838344864 -0.00180279972439812 0.105623450119401
-0.0106667937056229 0.00169714124603894 0.0347771711448531 0.0912262662163745
-0.0159560845828687 0.00138003933509155 0.0568828523789407 0.0692597864715016
-0.0189321284494953 -0.00424743159597104 0.0696033503140859 0.0529685293293246
-0.0160887388920282 -0.00867011920213821 0.070603130564933 0.0421080352024153
-0.015879395734517 -0.0133623240875855 0.0821356007383341 0.036676270141365
-0.00895467169037408 -0.0188257912273079 0.10235323239701 0.0363336708214203
0.00496464678104493 -0.0215947778411449 0.112777931352419 0.0366157541177254
0.0179608542287653 -0.0174029572462993 0.13404663776603 0.0360843763804202
0.0507335810593395 0.000307168090880941 0.0795636902597842 0.0713821466128782
0.0323748381333233 -0.00373694255389168 0.0205491110953563 -0.00627306415277385
0.0199353955774992 -0.0101767142361513 -0.0578309127626251 -0.016307777829669
0.0176190910983058 -0.0151139699755002 -0.0993781632930061 0.0162179142918898
0.0101287549592257 -0.0256466448668741 -0.0974561160631589 0.0775711129269445
-0.00399185926043454 -0.0295769127526096 -0.0532658155446116 0.104395817596913
-0.0178691106278973 -0.028493865673553 -0.00798074423227914 0.101342590910969
-0.0204876718701444 -0.026711550093951 0.0273475178699381 0.0860127341418676
-0.0304703575688831 -0.0269121013622813 0.050122822859484 0.0619980935763492
-0.0283195409034451 -0.0405515841756613 0.0644117524393376 0.0434443958179467
-0.0118652827578518 -0.0482810707384031 0.0691832120134666 0.0335338999299464
0.00632284336379053 -0.0548833706694316 0.082822042015933 0.0284363587500497
0.0312696332439831 -0.0467618884144633 0.100559735631139 0.0323698063445846
0.0562656315305149 -0.0252266599229995 0.0998301949370734 0.028866413023789
0.0741281422115729 -0.00718254320464982 0.112003386588044 0.0253593665953573
0.0878820791457685 0.0213383180598252 0.0509028240508291 0.0656476889759069
0.0779980858305749 0.0128034579350116 0.00206303606591663 -0.0139429049309989
0.0668549388397651 -0.0153680814084593 -0.0690027025763958 -0.0171977486173724
0.0542370460205793 -0.0402999454929973 -0.102866630902445 0.0183665127740926
0.0313239457784528 -0.0576555358514263 -0.0936742123368536 0.0693774487830354
0.00288193123817099 -0.0629709261692286 -0.0526801465677577 0.0893080746809982
-0.0227803337566737 -0.0581615753697763 -0.0145968011453965 0.0836585302310972
-0.0276684661338487 -0.0517170513712435 0.015109979118455 0.0689155734008624
-0.040309054376775 -0.0502621099365582 0.0371559898831459 0.0446324183420616
-0.0344441091995594 -0.0695808603329249 0.0539498700477727 0.0257544833971431
-0.00950555235682668 -0.0793072243194719 0.0642937475061664 0.0154430184659873
0.0218688493727458 -0.0891378383264791 0.0829159198475028 0.0152361494975854
0.062246349956132 -0.0720898685931673 0.0972241869094992 0.0293437235409737
0.0966698902889412 -0.0297113617917948 0.0811024161818617 0.0284696621150849
0.118549448355993 0.00213007294975373 0.0761752515667932 0.0145828624690796
0.113202467449317 0.0364159689978565 0.0116811384890496 0.0474118440008706
0.115130192452395 0.0232720977922014 -0.0242597162019415 -0.0279496916665188
0.106852733905258 -0.0245252815132454 -0.0821309007864324 -0.0222476903539054
0.0825984567885844 -0.0672595300135519 -0.103245984153585 0.016423380034596
0.0442651576409991 -0.0863629055465525 -0.0846308953968261 0.054447170731738
0.00673227848227025 -0.0888026416296277 -0.049698446725267 0.0636690413453875
-0.0251100814062503 -0.0789224130231046 -0.0219643718359271 0.0556799209105145
-0.0305752885943878 -0.0683364995961243 0.00116485179158082 0.0423994140095149
-0.0430571497073857 -0.0666270377518008 0.0212581721008465 0.0200817589916265
-0.0334028824634351 -0.0884516241234419 0.0392837209682932 0.00121261037712286
-0.00228766266865478 -0.0987580175589246 0.0558001701848748 -0.00821609884446246
0.0363434013655206 -0.109936870131978 0.0794906855290292 0.000900031008067827
0.0844024474166091 -0.0839736399609009 0.0911692800887309 0.026390854027604
0.1227771528057 -0.0264035133151998 0.0582426026943261 0.0312061365725868
0.143439232040279 0.0136634921075269 0.0323576059004906 0.0031022028082926
0.122074288237994 0.0424230172186673 -0.0352658189837595 0.0231645462756856
0.13351333740216 0.0247961926336258 -0.0573326153148535 -0.0408992273587229
0.128354120079624 -0.0340431856166077 -0.0933482138574032 -0.0264918995393284
0.0945522322309519 -0.0868347849113666 -0.0982028305863896 0.0105184131513597
0.0458970280905416 -0.102450363802059 -0.0734641594043243 0.0308421480153305
0.00608360555839134 -0.100277269815386 -0.0476427133958032 0.0304887673302957
-0.0258029557144684 -0.087065682613307 -0.0302201027947306 0.0216769022122251
-0.0291715921976217 -0.0747085297749281 -0.0128633034475369 0.0104504777172394
-0.0369619796266259 -0.0739030988750706 0.00551585721014725 -0.010461967131796
-0.0223832252551875 -0.0952477919065287 0.025888924791537 -0.0268007973842676
0.0112676481031042 -0.103814286831495 0.0479559698106977 -0.0324094022006613
0.0535946479713916 -0.109566312807408 0.0751072617897371 -0.0126660789611604
0.0992279647361569 -0.0767372666329111 0.0808752466693659 0.0243500347869306
0.131896953131834 -0.0120632760766521 0.0336485311989404 0.0331022251842492
0.145686846046233 0.0274466616385669 -0.0111629094403026 -0.010304406824581
0.110023663546901 0.0410070580405982 -0.0815219145977748 -0.000423605331496359
0.126634910071848 0.02198500480743 -0.0911783156774653 -0.0460394366719393
0.123947647272966 -0.0375215660375441 -0.1003180676597 -0.0278303830023817
0.0870291500510468 -0.088288060787931 -0.0893811692735986 0.00056272192521061
0.0397086718370464 -0.09809994108009 -0.0634330438636493 0.00267013116135738
0.00427915119565174 -0.0938051288912336 -0.0493352729255577 -0.00453732391886876
-0.0230493795062279 -0.0807124371744841 -0.0395981717182458 -0.0134750503833412
-0.0230851099634912 -0.069991012943762 -0.0251020306936649 -0.0218285279070817
-0.0254268935660877 -0.0712305879542429 -0.00478002040825778 -0.0422621729424324
-0.00622150497508877 -0.0892482962989864 0.0200471485795684 -0.055563523191507
0.0283763763572845 -0.0929222450029593 0.0478796077771631 -0.0546028253583295
0.0678622850730706 -0.0900894516218446 0.0741814752148308 -0.0230174678850946
0.101992996135583 -0.0518726210036783 0.0704634653925848 0.0217891782330951
0.122650419613797 0.010383062546103 0.0111333904449195 0.0290854885965346
0.126501210884567 0.0411346313145699 -0.0488761125416264 -0.0270117611931314
0.0768198370566568 0.0340973122081709 -0.118979089444665 -0.0200349692379999
0.0946798082192336 0.0192636895833438 -0.11600676975115 -0.0443522865063256
0.0947251767890957 -0.0287722953068458 -0.101612676999903 -0.0289825129026293
0.0647867074958699 -0.0683849911212041 -0.0809401323492102 -0.0110299550854775
0.0292132631550467 -0.0725767010954243 -0.0585564792552201 -0.0227750057952168
0.00455629284046175 -0.0705652063455606 -0.0537305639638377 -0.032967881103978
-0.0148028557891696 -0.0616941272434106 -0.0479891615181307 -0.0424031478257819
-0.0131909670332225 -0.0541509496263447 -0.0322885715383061 -0.0505513585758573
-0.0117071886217644 -0.0578639848148166 -0.00735322454244623 -0.070932465030072
0.00840929264703738 -0.0695951144190045 0.0240228915886595 -0.080968584997834
0.0370946164534053 -0.0677997021158361 0.0573996977468219 -0.0711554520551358
0.0684827428809393 -0.0577156491990137 0.0778020509573751 -0.0277277031576883
0.0888260846785866 -0.0204773339518808 0.0603261459769974 0.0173311706164581
0.0953254202666504 0.0302129008538731 -0.00337535699221332 0.0192545058779513
0.0893976886543952 0.0481652763234634 -0.0728313613711462 -0.0464933021826132
0.029756538638491 0.0257058147137216 -0.139559290464838 -0.0329945017021386
0.0461637033940248 0.0194661977636529 -0.127675035272096 -0.0377887898790163
0.0505242408798066 -0.00993648312731062 -0.100893841298049 -0.0302406496206289
0.0351031711380532 -0.0324093628876619 -0.0774513806613506 -0.0197469823949645
0.0186136886255439 -0.0330344133763498 -0.0593739748962317 -0.0384809698410823
0.00826900818390215 -0.0356627401793004 -0.0596323448313347 -0.0484329548315942
-0.00228956425516442 -0.0344121282632495 -0.0520846837105095 -0.059657573215432
-0.00232319376114765 -0.0303032435251323 -0.0336958427336362 -0.0711970234958437
0.00039425539730377 -0.0339681630977064 -0.00414202966200027 -0.0925269226290028
0.0137274204772719 -0.0392125991812943 0.0355229980919924 -0.0986102591997773
0.0304719075959906 -0.0375246414271009 0.0725505808783338 -0.0802008840239007
0.0502651484559653 -0.0263811911439649 0.0853130830079415 -0.0289203576854324
0.0594212520245162 0.00211330797209948 0.0559080403804808 0.0116036597165627
0.056555219829002 0.0349160454652159 -0.00853850920997733 0.00697186976388407
0.0425358040359691 0.0413323250684103 -0.0830319797655317 -0.0621951744965388
0.00760528367233094 -0.018925538718971 0.092241516800032 0.0590125303702166
-0.0128649342270631 -0.0183841926494799 0.0300417675076011 -0.0101902634833535
-0.024366711736802 -0.00535891430884391 -0.0508903216284608 -0.020462676466987
-0.0179804014549719 0.00717025907387875 -0.0931351500218351 0.0131008544060393
-0.0121165058560017 0.00731051871435781 -0.09115105603037 0.0792464332738821
-0.0107546917327758 0.00551234015165054 -0.0466218650251531 0.106529312087395
-0.0110530444882345 0.00443757318484761 -0.000137966744808846 0.101749670218066
-0.0102588936654518 0.0016819124042492 0.0359680177020399 0.0865904095152581
-0.0155697981322658 0.00129662818503531 0.0568724836449817 0.0657573902495186
-0.0181858368794951 -0.00433520845075715 0.0676953517455623 0.0505158932982832
-0.0150922058297974 -0.00833554946093458 0.0684366438609185 0.0407020718848312
-0.0153055853458192 -0.0124485886588344 0.0794114329219081 0.0340969333807793
-0.00932298958321087 -0.0181573472118786 0.0983150778667519 0.0334823978547871
0.00579223349965072 -0.0211650519455895 0.107632702127441 0.0339650567645628
0.0174587467223594 -0.0170236290860332 0.129809222385273 0.0336197300071232
0.0491222247329403 0.000237727812013062 0.0779679065525832 0.0673009617814993
0.0316781501732531 -0.00444746422013766 0.0194720546168922 -0.00649995650636038
0.0187227829359656 -0.0106938643089984 -0.0563397252691079 -0.0159803348928427
0.0165292178123948 -0.0152762075817101 -0.0958087640520321 0.0162564555787732
0.00907788674887995 -0.0247446999376143 -0.092614897407117 0.0766982980991483
-0.00437267007879833 -0.0287635806657352 -0.0499247073769654 0.101838113845072
-0.0181400078784171 -0.0271124001410699 -0.00583811047719392 0.0976781807484193
-0.0205146407901128 -0.0256916472622859 0.0286369226013675 0.0824143659090841
-0.0300305311505786 -0.0253601017525163 0.0505187376482745 0.05837813934627
-0.0279851726467442 -0.0387140336437645 0.0637110350807403 0.0410354950477711
-0.011847258307979 -0.0460325881975135 0.0672758152673587 0.0312796973605758
0.00520455424894137 -0.0529025059990677 0.0801376959838151 0.026710260479523
0.0293042552382362 -0.0452920090975069 0.0961940848266343 0.029371933526331
0.0542311251005978 -0.0248571235306504 0.0956961864912593 0.0268380751985806
0.0712448823321175 -0.00782136566575372 0.108954706168674 0.0232240970110545
0.0848725066957738 0.0193439439125764 0.0503824313861464 0.0616761203938459
0.0752791288838883 0.0105550263084662 0.00208196354852397 -0.0137155728172704
0.0635921091303595 -0.015905964302641 -0.0665904780182444 -0.0169130086134345
0.05103156884523 -0.0398692492017403 -0.0985162531123069 0.0183355547045015
0.0282345769463736 -0.0560513249503076 -0.0885421245573456 0.0679878187397381
0.00196022289188326 -0.060742941068611 -0.0494236372348562 0.086611988499543
-0.0231663908375782 -0.0558403967723143 -0.0127596258132919 0.0815186536779544
-0.027759608969159 -0.0496596507267237 0.0168175873568679 0.0659662196348004
-0.0397916353952864 -0.0475217741224816 0.0375788646209278 0.0421239667307712
-0.0341476280995709 -0.0667511544931986 0.0524163240728571 0.0235517503749399
-0.0106470371304345 -0.0761107168209673 0.0627765852606102 0.0140762237285966
0.019838325237282 -0.0867449864992364 0.0788378476828326 0.0143209126875377
0.0582477366409071 -0.0698443008436437 0.0938308231500463 0.0265171953758701
0.0930472385214195 -0.0295274978934445 0.078088287615964 0.025775172899677
0.11311150234928 0.000352492601961449 0.0742316089019649 0.0129673178883392
0.109649506468694 0.0339331999254719 0.0118657373116911 0.0443400067231188
0.110983675370226 0.0204801339577565 -0.023370777701683 -0.0271743176090647
0.101586940372092 -0.0258283788689918 -0.0786940785883346 -0.0210826439614461
0.0771702957637383 -0.065984745831661 -0.0987879133805301 0.0164626607473397
0.0406608921409059 -0.0836047374749704 -0.0807258948570294 0.0536956091103111
0.00455181680186882 -0.0852852038239516 -0.0469654743282685 0.0623303946380565
-0.0257083367285049 -0.0757670836176741 -0.0203629031937568 0.0546384435253548
-0.0308160388613945 -0.0657153293384512 0.00222578811798932 0.0407685938014808
-0.0424102876146814 -0.0633719418946679 0.0213348990340341 0.0185821675846758
-0.033673626499063 -0.0844437336325686 0.0385063805707109 0.000196361382176434
-0.00421354445288835 -0.0953125483313066 0.0546613114779392 -0.00799977274095387
0.0334583966372869 -0.106287356437475 0.0762995589551697 -0.000407061296153595
0.0794745448112796 -0.0816338469918362 0.0879068960521369 0.0236719327524451
0.118078372798876 -0.0270896467559418 0.0556726462940441 0.0287557443785992
0.137098583269923 0.010952420274736 0.0316006437329104 0.00262460051354849
0.117965010354448 0.0393922836783489 -0.0333942825122944 0.0218519072047819
0.12882988982123 0.0215572573673719 -0.0555602189760202 -0.0387515396576272
0.121714519353801 -0.035390734803711 -0.0895715844175161 -0.0253027107492691
0.0885221288070947 -0.0847789254554525 -0.0935751512703268 0.0104320425371499
0.0420845042996424 -0.0993079196698799 -0.0700055817360351 0.030817552401515
0.00379741931521205 -0.0968084640196659 -0.0458533825266468 0.0300485015753212
-0.0265143086696893 -0.0835585234445758 -0.0292586850965185 0.0216896478483341
-0.0293442812522829 -0.0714781904519988 -0.0120567965048168 0.0102370495792731
-0.0366419849023871 -0.0706640617679534 0.00564471805390487 -0.0104341268930964
-0.0232608958111764 -0.0917180606095778 0.0247718072098034 -0.026148187500842
0.0090124342520079 -0.100485151993588 0.0467088464930038 -0.0318390915522564
0.0493883161966116 -0.10663257137899 0.0723320749960596 -0.0132953042932927
0.0934438597411252 -0.0751661770088335 0.0784068090721332 0.021808040766007
0.126780610192941 -0.0134688779895493 0.0322121411843657 0.0308632681268377
0.14014400942948 0.0241063447989518 -0.0112249453575328 -0.00909591217673001
0.10632083284845 0.0374390824282084 -0.0790490139283532 -0.000200521793367792
0.121776646214278 0.0186761142840966 -0.0879350591966445 -0.0436350189771249
0.117032350353635 -0.0386862773373019 -0.0958645048615173 -0.0267735764421322
0.0815886408523844 -0.0862677343566268 -0.0853089485539888 0.00103098950717508
0.0357505391943428 -0.09467443016259 -0.0612333198353716 0.00315556909161209
0.001642668251686 -0.0905613659488907 -0.047752555274904 -0.00354493493395717
-0.0236659759520758 -0.0772662486351337 -0.0385507814958324 -0.0117058010522064
-0.02322069661602 -0.0665263699925726 -0.0241789159027462 -0.0207064031613353
-0.025709306947917 -0.0679882839164609 -0.00502629775836546 -0.0404313949482677
-0.00760920584413616 -0.0859503777932066 0.0188162530618656 -0.0539498248327652
0.0248857534279608 -0.0899820223016591 0.045933492029561 -0.0529859778719385
0.0632782278256336 -0.0881691987575792 0.0705646271776517 -0.0229607082638864
0.0966172145439719 -0.0510314035108142 0.0679472671553006 0.0195001041473978
0.117830825729801 0.00803255343599541 0.0116334958802774 0.0278405967308693
0.120828062711969 0.0372001113059609 -0.0471680779259481 -0.0250316767835768
0.0746732010478058 0.0312205993454485 -0.115278028038968 -0.0180570218870856
0.0909160430377769 0.0172537506475224 -0.111650714307242 -0.0415531561225932
0.0896944314545251 -0.0293775056625216 -0.0975349906612092 -0.0278405890178407
0.0604872962921357 -0.0662740340527869 -0.0774898689356441 -0.0100513242861461
0.0262031626154772 -0.0701771742996581 -0.0569058820785127 -0.0216946138951864
0.00241073876483069 -0.0680339249796355 -0.0529298576478588 -0.0314139201236664
-0.0149215207671016 -0.0593586452885812 -0.0470102471150054 -0.0394197424050742
-0.013262064656986 -0.0518327877361601 -0.0318321710802936 -0.0481801023272932
-0.0119149101247288 -0.0552626925624762 -0.00847774393704761 -0.0685060862843742
0.00710237729898567 -0.0673166486214551 0.022089088322909 -0.0786358798334473
0.0342766951134617 -0.0660361121751934 0.0549237330874648 -0.0690010549809449
0.0651683986525007 -0.0564777585041793 0.0744541087001865 -0.0284652956453392
0.0846772212695232 -0.0203854219080135 0.0588773299871248 0.0163418323742904
0.0920239387311311 0.0276010431121611 -0.00343622445813816 0.0178816343971597
0.0851132073385698 0.0444730458332679 -0.070867460864475 -0.0429704040796953
0.0289890156264195 0.023920769554092 -0.135508959650794 -0.0302250080620614
0.0448753907739723 0.0174727733024384 -0.122900140262796 -0.0354357875147528
0.048382827752171 -0.0105257440278918 -0.0967121201290239 -0.0283663103023397
0.0322936154519083 -0.0318367995552881 -0.0743606837166991 -0.0186968375092012
0.0172910340601397 -0.0321995982185801 -0.0582159582383218 -0.0361915369286852
0.00703073890162051 -0.0341824983397065 -0.0590002103174638 -0.0456292988767548
-0.0025946883686425 -0.0321721908266496 -0.0522113191663463 -0.0562759776886919
-0.00263099418647049 -0.0291043878140333 -0.0334042661000866 -0.0676203029603216
-0.000649817829089197 -0.0323835040576501 -0.00554516475558521 -0.0893446442001919
0.0127030477862964 -0.0377707274308916 0.032495712194943 -0.0957222614946461
0.0283778671292773 -0.0361605469660021 0.0689920276298389 -0.078074371844045
0.047254735475202 -0.0259711312929086 0.08186506504569 -0.0294664184447677
0.0569676725708876 0.00134664277105299 0.0541408478291609 0.0106341134405065
0.0544583587190048 0.0326831064497221 -0.00756423350607699 0.00680906348327679
0.0406063259218729 0.0387295733528629 -0.0806712864164435 -0.0582357513718566
0.00785959468877315 -0.0182295691799269 0.0906284640371703 0.0581589908599381
-0.0123430815308349 -0.0186319969944253 0.0293988908181656 -0.0103875115082064
-0.0237897999838245 -0.00550182627123275 -0.0501360500580398 -0.021325489063434
-0.018173861816527 0.00668496175420195 -0.0916162477432323 0.0115319691888388
-0.0118596024489832 0.00692336842557841 -0.0905076410025334 0.0769878434898702
-0.0105287882103422 0.00527483293800089 -0.0463022391073964 0.105225888432519
-0.0109766489265239 0.00420523734148076 -0.000714056947074053 0.099647585177177
-0.0106408747885794 0.00150115744831678 0.0350143201199977 0.0852648099796342
-0.0155610749752038 0.00109141567097733 0.0562980420432476 0.064099157711494
-0.017746090240073 -0.00436425578601535 0.0668286330678882 0.0499774936156395
-0.0141490358515279 -0.00822011752722292 0.067130283737012 0.0403193746454269
-0.0147358946721693 -0.0122491803564834 0.0774211594329031 0.0345960733150479
-0.00914076374100099 -0.0179394416827464 0.0954423204405502 0.0337500198551269
0.00597273228148715 -0.0209653256159165 0.104629457249915 0.0350290218764948
0.0171177659943542 -0.0161421385798495 0.127735445982126 0.0352005378110173
0.0484104642640077 0.000983523701170368 0.0761106803932013 0.0662132928907786
0.0314013329182235 -0.00368449263747517 0.0194630147789827 -0.0064000872036506
0.0183070237589477 -0.0104072815878372 -0.0556249101352395 -0.0167563505275453
0.0158283717199178 -0.0147589754504782 -0.09419085967519 0.0144782658453217
0.00878698539197999 -0.0246134321386118 -0.0916015870564984 0.0743703043940334
-0.00439693537742111 -0.0282426426600586 -0.0499768832438773 0.100141710213151
-0.0179519582705449 -0.0268420014296155 -0.00602977091243905 0.0962300482409485
-0.0202506339997379 -0.0258701370948073 0.0284192850275055 0.0804363703639399
-0.0289555045472652 -0.0255043414492056 0.0497466476915842 0.0573719502935974
-0.0271755899880095 -0.038939793531025 0.0626220966664264 0.041143800651196
-0.0109585527621793 -0.04563598430377 0.0667287208996128 0.0316869110106382
0.005791055131751 -0.0520069704918829 0.0782805154502643 0.0273252958329077
0.0284317589844008 -0.0445572696122154 0.0941628992944025 0.0297916868839977
0.053485153754904 -0.0241786113216666 0.0933052261900853 0.0277970947960547
0.0695263125196163 -0.00678238395288119 0.10770245637033 0.0241697473978269
0.0837106576955924 0.0200872818975354 0.049123360667126 0.0604552152495908
0.07433646709934 0.0115443928280145 0.00233356723561794 -0.0138198948702624
0.062400130066083 -0.0154572935710508 -0.0658416176035065 -0.0181910026725357
0.0496901610402682 -0.0385457230004628 -0.0973223701578986 0.0157298665164111
0.027558211764738 -0.0555359407929962 -0.0874560100037129 0.0671049995951098
0.00214946624780805 -0.0596344361600652 -0.0494495464399743 0.0852365801948167
-0.0228291722419515 -0.0546309546628928 -0.0128755726220419 0.0797914842263424
-0.0269997206975576 -0.0492727809443338 0.0166438146917996 0.0643777217123447
-0.0388737188552174 -0.0470255592356077 0.0376006891684035 0.0409870827306917
-0.0335539483192134 -0.0660855372727212 0.0523205298139503 0.0233477795454445
-0.00963050876612732 -0.0753753192178814 0.0625823178524566 0.014389816396751
0.0202795107951075 -0.0855116942563761 0.0771231601873575 0.0146952490389499
0.057301547439752 -0.0681283990624449 0.0912595228307329 0.0262868629142761
0.0922600404915756 -0.0281801530167397 0.0756585654138592 0.0262201042618031
0.110623959251784 0.00163143817410804 0.0735006616424501 0.0140694494292514
0.107619957585425 0.0342149225934577 0.0115469901349582 0.0430632812685286
0.109080413304959 0.0210496757703265 -0.0225744104228644 -0.0275054974930564
0.0994814562930082 -0.0244950177523094 -0.0771915606159488 -0.0229307134047548
0.0762766471487523 -0.0644186831390691 -0.0965671563743314 0.0146496544093209
0.0390844749045936 -0.0820813356912615 -0.0791037331397997 0.0527309290384758
0.00455797404553505 -0.0841459612431173 -0.0468632069254301 0.0607833681769516
-0.025684826908631 -0.0743360075649503 -0.0204573856049952 0.0537685973037232
-0.029985497608897 -0.0648751321327399 0.0023928793378447 0.0396627696222186
-0.0413949041159037 -0.0621157283341937 0.0214905623484145 0.0171990163559365
-0.0325220994680758 -0.0838002412120907 0.0382516863608571 0.000250512709186267
-0.00355421159828705 -0.0936891972557868 0.0545865824982999 -0.00782336252376383
0.033291578537489 -0.104763972757947 0.0740825289269767 0.000893921546464803
0.0781827847314593 -0.079449164160139 0.0862697243141964 0.0237710261569676
0.116616950180222 -0.0253971339411762 0.0544056120500756 0.0287814505535367
0.134025155628109 0.012277539426074 0.0312338428706386 0.00354352822339352
0.115794605629887 0.0394147709199045 -0.0331755044614486 0.020557426381873
0.126626986120104 0.0225189715941154 -0.0534784563411263 -0.0397937351640215
0.119611718595611 -0.0341342206911035 -0.0874822107394616 -0.0271664605531993
0.0870417641893212 -0.0828332665598137 -0.0922383042461134 0.00911148223289418
0.0416113803277717 -0.0974124057920339 -0.0689040006369593 0.029910195040159
0.00386273549197169 -0.0950021114856276 -0.0452470814790475 0.0296274782925384
-0.0260923223283675 -0.0818194275988055 -0.0290564223655398 0.0211683429996435
-0.0287170512039065 -0.0703374857153152 -0.0117946051684748 0.0102544124206658
-0.0359698820276188 -0.0693373089051183 0.00638498188310011 -0.0103783133974256
-0.0226902155196958 -0.0905455757861017 0.0252559507271177 -0.0260092953933704
0.0090762015924572 -0.0986532131670796 0.0469755474951179 -0.0309977290475716
0.049143673393923 -0.105074426835241 0.070348611846302 -0.0122405594663862
0.0920659416564909 -0.0728095074554539 0.0769480242370026 0.0214233676021419
0.12529210127785 -0.0121738346789438 0.0313598004876485 0.0305137519080559
0.136067180176923 0.0244933348253234 -0.0108957160769394 -0.0083941391822746
0.104658639634943 0.0372817594787127 -0.077507713689036 -0.00160125098321653
0.119581668063615 0.0196999229706488 -0.0850994134937368 -0.0445729418159262
0.11503569137927 -0.037029993412038 -0.0939766793034553 -0.0283856986013181
0.0800603283845212 -0.0844309953671277 -0.0838747241814794 -0.000400178255266446
0.0352080625593449 -0.0933933266454595 -0.0597260358325151 0.00269403491363504
0.00174232758970176 -0.0893110449157861 -0.0480548358228441 -0.00362243543395993
-0.0232768444711528 -0.0764056545385205 -0.0383192170409636 -0.011515905988252
-0.0221921663045971 -0.0657796391084923 -0.0232990271479153 -0.0205139196590164
-0.0245912192045776 -0.0673660012574045 -0.00404160378942146 -0.0399893498554168
-0.00664150203694912 -0.0848338591210479 0.0189588409744829 -0.0535289913311165
0.0247717105709722 -0.0883710011277834 0.0465043352275605 -0.0514352655711511
0.0624497430128713 -0.0868189845912822 0.0694677736305092 -0.022429586545817
0.0951825054588556 -0.0497020436142367 0.0665239910346017 0.0197154312313306
0.116444015598446 0.00916255508576104 0.0111038639023587 0.0268169222552759
0.117412640465299 0.0375035524389459 -0.0465181877752979 -0.0243505291015542
0.073497779962338 0.031016796372131 -0.113908898788429 -0.0194502906142148
0.0892299862423994 0.017316746671179 -0.109773568460261 -0.0430009743015914
0.0878196449424836 -0.0290799226996852 -0.0953098331075401 -0.0290264780667512
0.0589697562518944 -0.0652458333665786 -0.0756018489180378 -0.0108325226649906
0.0258319548172229 -0.0694937264546202 -0.0558165233335693 -0.0220730340996672
0.00248777794381514 -0.0666919192057939 -0.0522456833181292 -0.0305714483435194
-0.0146211002055052 -0.0583063991885919 -0.0465580813035653 -0.0385198173575882
-0.0125404399257384 -0.0509852754455026 -0.0310141316819476 -0.0482774932060341
-0.0115123878979934 -0.0543289370587497 -0.00738538565435803 -0.0681082423417512
0.00711445532647801 -0.0665217351566531 0.0218354748699904 -0.076899144576323
0.0337020758999368 -0.0652871745432097 0.0552608513471738 -0.0676737972836232
0.0636512799933441 -0.0551236856767657 0.073119997754225 -0.027689864797254
0.0834099655621525 -0.0197865696904895 0.0578956862085748 0.0157113200676049
0.0898511106005544 0.0276405075073753 -0.00334741694372543 0.0176014748299519
0.0826447714067895 0.0440813354691026 -0.0695424440835755 -0.0421618586379175
0.0284546103086698 0.0235001165189216 -0.134278692591648 -0.0314326573492929
0.0439644833635849 0.0175939264420435 -0.120230412421851 -0.036819794502448
0.0470065645653212 -0.0103783151353574 -0.0944354936438431 -0.0292764448119626
0.0313952145699029 -0.031244245263973 -0.0728114374178071 -0.0192696117013958
0.0169087385392975 -0.0316516121725215 -0.0576270456509464 -0.0365944955511306
0.00648991449318053 -0.0339438188184056 -0.0581143778621586 -0.0456517384012682
-0.00250960230699569 -0.0320635418154302 -0.0519368083100419 -0.0554170123475162
-0.0019114545511397 -0.0285231578614222 -0.0331969593449852 -0.0663923850318322
9.32688200285638E-05 -0.0315401652413567 -0.00480778526375339 -0.0881826140713179
0.012697257834909 -0.0368225231238537 0.0315678350845703 -0.0941561651121138
0.0282093425188454 -0.0354469341314873 0.0687405780406639 -0.0764811088774212
0.0469672797197947 -0.0253206721299248 0.0802685387935784 -0.0279116064789465
0.0558931462756394 0.00203189759744285 0.0533351861988518 0.011517089794528
0.0529721439054672 0.0327115324389024 -0.00748211151843169 0.00682663701523851
0.0386296462007139 0.0376427826644575 -0.0791499188383925 -0.0571315854271019
4.19527626672588E-06 -0.0209564890633366 0.107624685448824 0.0153107456568897
-0.0189947502963152 -0.0129164372021189 0.0221399122479207 -0.0219524491830031
-0.0235858846173804 0.00501978686634623 -0.0560249270807555 0.00257235705817929
-0.0118358770222997 0.0144578194474675 -0.0812062768690946 0.0507877611365204
-0.00603283588847895 0.0109588023779306 -0.0487887536464249 0.109939048080115
-0.00624243555754849 0.00909480768468693 0.00346086452457146 0.117375683280878
-0.00838453525726933 0.00907962516580904 0.0425713844866088 0.0928852556566793
-0.0096470720072603 0.00495984291582988 0.0694069342740232 0.0619990290657795
-0.0141341083744927 0.0076676059423045 0.0799463552799076 0.034039521528726
-0.0183068371114711 0.00304675872250389 0.0829477916875503 0.0162947589004792
-0.0161835361872482 -0.00187200083920093 0.0793480130845762 0.00808639662973679
-0.0172885758445403 -0.00444994053349071 0.0868234457323601 -0.00221928261900729
-0.0146227502944369 -0.0122438051176324 0.10132935007012 -0.00991867207478
-0.00190553373595161 -0.0214871687825849 0.111380815484235 -0.00953225732923122
0.00985867711567943 -0.0229709274439601 0.134695865528034 -0.0195805132316313
0.0454016933382583 -0.0193484486696921 0.0992772432793563 0.0273814450633064
0.0270659722215032 -0.0166909788765507 0.0152778531350646 -0.0155612723276998
0.0129434630331962 -0.0163459268196041 -0.0586238623455609 0.00655179017139514
0.00950601955077589 -0.01874547627439 -0.0815838578469599 0.0521533941037331
-0.000409255667797133 -0.025678777022716 -0.0521549077190694 0.107002214036492
-0.0146707807299824 -0.0248530278916719 -0.00296457538700246 0.112856769642268
-0.0275885868338104 -0.017192103774487 0.0345675574137186 0.0904607360611883
-0.0300305161373394 -0.0169853480737135 0.0610698462440711 0.0609034621906046
-0.0379138122637686 -0.0111050766956534 0.0715949991084291 0.0296780231282985
-0.0414112313774136 -0.0252255004183903 0.0762003204674091 0.00911984018986988
-0.0291500997010527 -0.0388518142614364 0.0771637917856669 -0.000187811927500539
-0.0156647937313018 -0.0497021101430541 0.0868820984843828 -0.00938000286055289
0.00912516673102027 -0.0529392118989409 0.099278987615225 -0.0121048375552114
0.0418639197448113 -0.0454147290387592 0.0973962789527368 -0.00994978645864105
0.0637504278491985 -0.0374821178060984 0.110051079173349 -0.0177572183383263
0.0852971429771915 -0.0150842285716512 0.072981233196477 0.0321111259621422
0.0725249449256046 -0.0194438293114328 -0.00287870019146835 -0.0158930221119688
0.0507006397954799 -0.0382755627023818 -0.0678061996247042 0.00729288945325221
0.0302367050140358 -0.0537947584604126 -0.08291231823428 0.0526727984925084
0.0041822811923685 -0.0615740738139671 -0.0522521313478662 0.0972407356675611
-0.022715306344922 -0.055723715941439 -0.00944934324104363 0.0982481740138533
-0.0434628518899564 -0.0408196348168968 0.0214382042030133 0.0778213562328402
-0.0461184402724961 -0.0355848997729981 0.0433049598318739 0.0510429465601181
-0.0554051423112845 -0.0277160201537112 0.0532563321606165 0.0195075519307995
-0.0590221184184413 -0.0476991189201753 0.059532901883194 -0.00358080459565582
-0.0405292206290139 -0.0673771094647711 0.0670626048362019 -0.0145600771154492
-0.0167719150071879 -0.0865023014648503 0.0836536808046979 -0.0210408382135495
0.0261148194216088 -0.0874031538214748 0.0968576345817066 -0.0132635228401978
0.0751715114013024 -0.0653185919396415 0.0816377884716977 -0.00222420283673168
0.105904128299563 -0.0484161969009512 0.0726902529622313 -0.0111178291828494
0.113466074368026 -0.0110934097946097 0.0318054670156109 0.031216927355596
0.108167486906359 -0.023797304941975 -0.0311083347928018 -0.0194830725424584
0.0813368469924756 -0.0609757785074759 -0.0804266197845752 0.00559044629784082
0.0435416008137866 -0.0874726041444395 -0.0834389165177139 0.0487693249815604
0.00334466101514191 -0.0903289917534994 -0.0519822642932665 0.0794447529484956
-0.0300705511359638 -0.0792126682585478 -0.0182791853938113 0.0747316555253313
-0.0542801906422801 -0.0572358483581293 0.00239725066558136 0.0561147162144524
-0.054518101097028 -0.0496653309643205 0.0193799234140277 0.0343191789955169
-0.0639512853514175 -0.040911540585886 0.0291143536240925 0.00473309916726193
-0.065866615717479 -0.0643046573491863 0.0373220645123371 -0.0184689464169283
-0.0429591728811315 -0.087550647671716 0.0517932690160635 -0.0316775106720706
-0.0132873145807273 -0.110475668368289 0.0767172331365497 -0.0322605852240337
0.0410006347456433 -0.106744552994872 0.0923588652213876 -0.0129409515775547
0.0991211632345164 -0.0731087065981337 0.0630189081235255 0.00984805485898132
0.131801545323786 -0.0488222839625259 0.028451797870438 -0.00228882814910841
0.123128140797239 -0.00873740330025068 -0.0184268074914305 0.0288439062736508
0.124780305923708 -0.0289481617134976 -0.0652152406575861 -0.0172850550810176
0.0961786521289193 -0.0774236605654193 -0.0911505123268446 0.00498253261722561
0.0456832544946516 -0.10795628422608 -0.0813664807343737 0.0406900640490934
-0.00167649039181142 -0.104737726263848 -0.0525532272302627 0.053902608442872
-0.0361096701447555 -0.0885607461101324 -0.0308356752002468 0.0450340715446145
-0.0580842067307775 -0.0641671235840742 -0.0196208930747948 0.0301545048780847
-0.0556195851955104 -0.0553039740130095 -0.00605353134833012 0.0132922040031787
-0.0621775008824788 -0.0498881195619687 0.00231704225004387 -0.0144116739638085
-0.0593419350328687 -0.0751893750173451 0.0131396976493017 -0.0371639237689881
-0.0333188280850062 -0.0973305165789329 0.0358653647128176 -0.0492536031418262
0.000560428369781029 -0.117752326251456 0.0682097655433792 -0.0413902132413876
0.0565983469724904 -0.10650677066576 0.082698903217074 -0.0101568133201561
0.111941284172192 -0.0642307967114094 0.0420005615623903 0.0209504953438727
0.139162701805969 -0.037592064530204 -0.0161998383099012 0.00426087932133093
0.112022976881297 -0.00553881108447826 -0.0694413636814132 0.0275891795638056
0.117602966062581 -0.0285019831056323 -0.0966194872840182 -0.00856139566988881
0.0908502733072614 -0.0785654691235454 -0.0978476558224828 0.00662166706657529
0.0382660898592123 -0.107322110852084 -0.0776481754985566 0.0281348170990551
-0.00548732832825583 -0.0982362150065299 -0.0571478689482707 0.0253785674066861
-0.0354789573941123 -0.0821282059451842 -0.0470744906769162 0.0154732607280719
-0.0527201861038014 -0.0605262976302095 -0.0422595085257583 0.00432683626467191
-0.0476037695839378 -0.0532402061676047 -0.0303400867324024 -0.00949474617039155
-0.0506304595276087 -0.0526317925262915 -0.020525072394234 -0.036238915645452
-0.0425395881842434 -0.0765279989263451 -0.00399993703751974 -0.0589771019917068
-0.0142918696517516 -0.094205022978484 0.025169546962194 -0.0673913487888854
0.0210194638035022 -0.106217707907552 0.0621417203690411 -0.0485738913081914
0.0692204934954453 -0.0854061188290532 0.0717813631139586 -0.00747530781166863
0.112713803786501 -0.0406941699200611 0.0205603065400298 0.0260343312922025
0.126688308762184 -0.0179498394200905 -0.0563269856917404 0.00302171476193902
0.0808008095709918 0.00200891251824207 -0.111779492389714 0.026615159599471
0.0892406790840792 -0.0181552677117626 -0.118437680493578 0.00403215536162363
0.0694831906200663 -0.0594663572817113 -0.099813276768793 0.00802984720696716
0.0270681614554543 -0.0814882740757515 -0.0746291851211373 0.0165678657670398
-0.00457856708387107 -0.0729784500120015 -0.0627473498469279 0.00174488608101635
-0.0257308134321226 -0.0618430974294021 -0.0628282810561231 -0.00715181122972424
-0.0376083208237925 -0.0475175899050065 -0.061814313757847 -0.016575672862364
-0.0323390549313238 -0.0426125840135045 -0.0489774268279527 -0.0301804688551869
-0.033065668684849 -0.0458250193239725 -0.0358642779131599 -0.0593451036017674
-0.0212745236208902 -0.064915719929898 -0.0120637365697647 -0.0814448172193848
0.00413507789328159 -0.0760240385257436 0.0256721582039384 -0.0844944353819988
0.0356470128678607 -0.0785235700352626 0.0618513172861634 -0.0533576922118554
0.0704436529515513 -0.0526452427960521 0.0611668357091591 -0.00684190594319957
0.095563932418886 -0.0123486838287339 0.00356466607328729 0.0219896528013999
0.0961249491937425 0.00436905392803428 -0.0856388187411307 -0.00565802710480534
0.0363626371869465 0.0121593886614334 -0.13633972421838 0.0254573691830384
0.048166170317544 0.000286646289686122 -0.126879068233414 0.0156891978031607
0.0392836267206218 -0.0263391062158367 -0.0985018860557823 0.00972807736478303
0.0158224853690499 -0.0393362974664003 -0.0753847019591308 0.0102659593514757
0.00271584271332883 -0.034894355618217 -0.0692738462432057 -0.0102049631264745
-0.00824983308648476 -0.0330749652591638 -0.0741381241565061 -0.0172114233983935
-0.0156080406362533 -0.0282325806787344 -0.0726853747867986 -0.0291768464639418
-0.0130366671578151 -0.0252924544057922 -0.0597277866684942 -0.0465434718295537
-0.0123995239910462 -0.0294327128602288 -0.0427223577831837 -0.0789122815956615
-0.00391542071571847 -0.040574174667624 -0.0107235479216988 -0.10031166027043
0.0113200441229572 -0.0456269804913214 0.0325987378041275 -0.0987314462609196
0.0328170251703778 -0.0432375206493186 0.0655364874406376 -0.0579099776596258
0.0544786954556303 -0.021647386069389 0.0540051601255984 -0.00987232333942133
0.0625182774746825 0.00802831381740769 -0.00568578336437985 0.0118320232132308
0.0520045692871349 0.0180086281810518 -0.0997523160926664 -0.018249591083783
-0.000268997166855418 -0.0215934469780185 0.111430135352196 0.0129563763500224
-0.019927120943839 -0.0127037756532771 0.0221031994256359 -0.023017202029627
-0.024256286202771 0.00532641429343999 -0.0578490017001459 0.00354870971540457
-0.0117401209810056 0.0153575501721476 -0.0829429957103956 0.0537374284551132
-0.00614880642453537 0.0112484407013818 -0.0472574913991428 0.113730437723909
-0.00653443144618805 0.00900716919221627 0.00628981653261937 0.120726443586452
-0.00848291706844741 0.00984468791273798 0.0460433413526462 0.0942544430159241
-0.01019300391593 0.00537932955405122 0.073235572438279 0.0616875182142894
-0.0141659687226676 0.00837472314815124 0.0838762982125054 0.0320637905184447
-0.0189484891047392 0.00345095329010176 0.0866282491017672 0.0148127978071756
-0.0164035786769446 -0.00167042628549524 0.0819869888503475 0.00745553586625506
-0.0176722191748151 -0.00431185572719173 0.0890059491469247 -0.00352256286083669
-0.0156842414939375 -0.0124761087471854 0.102782462505713 -0.0116735305980193
-0.00232414665005874 -0.0224778154437438 0.11412288512202 -0.0111458184908885
0.00977257864234868 -0.0229554089172105 0.139486353693568 -0.0227710840289891
0.0467153392156161 -0.0210069594890255 0.102861183775939 0.024869685833372
0.0275680732233219 -0.0180626185510464 0.015534194216217 -0.0164538304750024
0.0130466406450479 -0.0171087472800078 -0.0612079430563957 0.00735881475861138
0.00939487597971562 -0.0193110679622186 -0.0837233051993817 0.0549448422357313
-0.00160235568974 -0.0268655225792504 -0.0510627860525975 0.110726252589598
-0.0160446943763307 -0.0251497122335482 -0.000374016739083199 0.116004166751733
-0.0286999907009768 -0.016803473716801 0.0383687748008132 0.0923042986623231
-0.0319480355917759 -0.0166912351878676 0.0644709052139132 0.0602573315774017
-0.0392756161680296 -0.0105460431986615 0.0749516954745136 0.0277667668576724
-0.0437965978347718 -0.0250752755495089 0.078949670834259 0.00765710366200195
-0.0309084911664737 -0.039449506286738 0.0796732069328274 -0.00179132611182906
-0.0163877089249938 -0.0511453239984597 0.0888359410443865 -0.010926227272969
0.008719603447572 -0.0540651783233374 0.1011420153051 -0.0144210074952214
0.0418287787519661 -0.0478144575224206 0.100387502433418 -0.011329594571312
0.0645918570584998 -0.0394881497172522 0.113886422087061 -0.020908480216819
0.0880464290696099 -0.0175037213930071 0.0755637199786618 0.0303813522893329
0.0736956713409776 -0.0215958826420329 -0.00327795541340574 -0.0174380607236255
0.0511028888177389 -0.040437116786873 -0.0700536032853781 0.00825785420845941
0.0296141853735931 -0.0556881809127572 -0.0848839093903303 0.055641135023113
0.00169912290706276 -0.0631049438247129 -0.0512961645828041 0.100716097749317
-0.0248197967278533 -0.0569708991527964 -0.0076422511370023 0.10142273368759
-0.0460863264739019 -0.0404177280656791 0.0234895756278585 0.0796874034138491
-0.0486694912362875 -0.0361612371442873 0.0466500017175299 0.0506774057198837
-0.0579876224221134 -0.027147432780923 0.0562576270676156 0.0179088256086411
-0.0627336264924611 -0.0477228657636228 0.0618844211046028 -0.00520413916530919
-0.0431861058385375 -0.068908138733863 0.0697161868384957 -0.0167472136917935
-0.0191173512594682 -0.0894743892518705 0.0853088684656377 -0.0225439657530316
0.0248838138680648 -0.0892879033787359 0.0993601169792698 -0.0162963068852771
0.0764779429145187 -0.0686252504878084 0.0835551294616497 -0.003765063906342
0.107655534168423 -0.0511462209647138 0.075824260581463 -0.0127405555310847
0.116744015239821 -0.0141865710075008 0.0331469283700021 0.0305947117387225
0.110619712242704 -0.0273812450544101 -0.0322379107230163 -0.019852232215274
0.0819005592715182 -0.0645018040875165 -0.082821748948308 0.00660649700431759
0.0422547590652564 -0.0904210648625564 -0.0851238713651238 0.0513368524767907
0.000670669209717097 -0.0925650167472445 -0.0511190882615559 0.0824763990470186
-0.0331265400101288 -0.0805060970473792 -0.0172077083663274 0.0769903147232558
-0.0574517549958738 -0.0577414658916192 0.00448484012124513 0.0580912677562181
-0.0578706810074492 -0.0498012196602106 0.0212020869605175 0.0343229364253321
-0.0670704865686734 -0.0407031246854425 0.0302367989429095 0.00340251264948901
-0.0700318974954566 -0.0651485156603558 0.0378291886539277 -0.0205663517619117
-0.0465323215300745 -0.0894356553500917 0.0535586248326158 -0.0342230351068073
-0.0163579960880788 -0.114064364227218 0.0782430105737533 -0.0341636814994291
0.0395982772649646 -0.110602306808416 0.0941480954716621 -0.015688040299016
0.101058576203539 -0.0781787887127316 0.0647014635014299 0.00877089987680468
0.134276872109326 -0.0524710749751768 0.0300876610648121 -0.00271341096474761
0.126411861886437 -0.0118362778540956 -0.0187955796255079 0.0288930990075838
0.12760513896627 -0.0326456506515315 -0.0669793754957052 -0.0179107983507663
0.0964486493117093 -0.0817661100933629 -0.0942076886772486 0.00587640875264124
0.0439985939523688 -0.111954862984115 -0.0829648578814833 0.0424854568698742
-0.00419472401731818 -0.107467580680421 -0.0529429207379627 0.0563481800534615
-0.0392632345005198 -0.0902124113012396 -0.0309896125401526 0.0467729662939595
-0.0613351110230562 -0.0645602459536237 -0.0192334625619156 0.0314612989969749
-0.0589977146059786 -0.0558851763430286 -0.00585304609249263 0.0131757689937632
-0.0650251080880743 -0.04978634107538 0.00238333203362947 -0.0152823459223262
-0.0637797524734776 -0.0759642983873621 0.0136171499361273 -0.0384986799451111
-0.0370515109956953 -0.0995478775046786 0.0360866246990363 -0.0521034546342257
-0.00260005399042544 -0.121569697229141 0.0692987767436404 -0.0434441954390094
0.0556002279041461 -0.110056473055942 0.0851286291523475 -0.0130790260917149
0.114554833022564 -0.0685265477569168 0.044087123302884 0.0206910491904242
0.141831645234984 -0.0415126731524232 -0.0164924155897696 0.00519306382472656
0.114729498230761 -0.00881045210473332 -0.0714050158579221 0.0291269707857735
0.120480358092175 -0.0320005232095236 -0.0996905171938582 -0.00729857864343699
0.0910794776322993 -0.0821493281619489 -0.101226852784772 0.00800324131256136
0.03645091662386 -0.110481895342406 -0.0791242154588193 0.0301873135123168
-0.00803787532135926 -0.101182999008346 -0.0573190015730689 0.0271793087918144
-0.0387570896866022 -0.0837944753649153 -0.0487743495437406 0.0172693769194469
-0.0559470259839755 -0.0606156498057972 -0.0433992197902964 0.00584434930322516
-0.0501579749141654 -0.0534591151783989 -0.03158581517852 -0.00903812783179562
-0.0532063129363551 -0.0527058515343121 -0.0218817631423516 -0.0373385156904871
-0.0459983285217584 -0.0778801675988828 -0.005604817022383 -0.0605161635017036
-0.0172270362704308 -0.0963085957981555 0.0247176060824788 -0.0707190405923403
0.018388325079723 -0.109923552408247 0.062959607527119 -0.0510061627686489
0.069114705877159 -0.0893596498529384 0.0736480380020082 -0.00986981195720856
0.115191898316544 -0.0441304438884271 0.022554182708029 0.0260317134329956
0.129498015301071 -0.0207395936287381 -0.0579522235865053 0.00513430973201107
0.0830487921577144 -0.000960472497540518 -0.114993513187727 0.0300581695932459
0.0911374032972942 -0.020811201664431 -0.121959376009952 0.00644380289076992
0.0692389578577618 -0.0625613708852323 -0.102561030148626 0.0094853704355037
0.0255077166498415 -0.0840164388074091 -0.0770212244986794 0.0182700272152261
-0.00666106686513383 -0.0748398705976461 -0.0647204911818353 0.00309382852099015
-0.0282156234562001 -0.0628302459208717 -0.0654791033027725 -0.00568333264200119
-0.040737678396118 -0.0476996896229403 -0.0645293075310579 -0.0153907290952566
-0.0343981359777204 -0.0433785872903074 -0.0512592570017055 -0.029811610446927
-0.0345304466131797 -0.0458633354371272 -0.0385184182861406 -0.060741283947376
-0.0240669426586214 -0.0664460952086949 -0.0142544250456346 -0.0838326047338346
0.00189470287312486 -0.0775654352018972 0.0246596259412669 -0.0890613809395606
0.0338191325821702 -0.0812422860791777 0.0624110060457691 -0.0563281161607397
0.071520765806445 -0.0557295638933656 0.0628941640536682 -0.00858863013344028
0.0985142680224926 -0.0144005886328778 0.00403988223668418 0.0223685025436116
0.0989167971163714 0.00239730461467968 -0.088174102041887 -0.00334557404743813
0.0370731942793655 0.0108589360202902 -0.141252290740746 0.0292123679274338
0.0495579017736486 -0.000999852420801254 -0.130362585586574 0.0183926447158847
0.0392964892181862 -0.0279591714689652 -0.100902599468376 0.0117138326226377
0.0147944113733675 -0.0408497722849648 -0.0776037369218463 0.0116543919885386
0.00135015271264207 -0.0357998645398804 -0.0722527495926555 -0.00904617680408774
-0.00965026369356238 -0.0336621302370363 -0.0770900055020928 -0.0160410381727621
-0.0168859838071015 -0.0283866693703254 -0.076543496626935 -0.0280591452366247
-0.0136346590773356 -0.0260176002576844 -0.0626293142074842 -0.0459597999932213
-0.0133242941946488 -0.0299093185974238 -0.0463021619503529 -0.0797752098752066
-0.00514151110020051 -0.0418400639602531 -0.0135567453708885 -0.103226101882053
0.0104184601532389 -0.0464975561230041 0.0316624982405266 -0.102972712607791
0.0326095925686188 -0.0449565026917246 0.0662809173013182 -0.0612108666549967
0.0551019896699958 -0.0228013707280763 0.0558330152858085 -0.0113152820966358
0.0639279966570291 0.00739592464557338 -0.00505420753254171 0.0124939344740043
0.0534706729673901 0.0178453016551469 -0.103062619842354 -0.0157666170156143
-0.00156048117148385 -0.0213122953307533 0.113658404808329 0.00668761782274962
-0.0209181005340246 -0.0121901987871553 0.0209360135477931 -0.0246745291755593
-0.0243292926279659 0.0064496358242442 -0.0590377696069705 0.00607709816307465
-0.0109542302305715 0.0162083472527593 -0.0823366196861055 0.0585518597868661
-0.0055394678440606 0.0122411165911426 -0.0421810289435627 0.118190526339502
-0.00608833832416663 0.00983864248453021 0.0130314668246459 0.122300762810917
-0.00779090966809618 0.0108980363716757 0.0515962447778425 0.0936596570175619
-0.0106217049427051 0.00620083301437774 0.0784374028370093 0.0585127780124863
-0.0144904475703681 0.00915049792961944 0.0871196056329973 0.0267771203575798
-0.0194949605131424 0.00438578949941953 0.0891887206415759 0.0109206888550594
-0.0169023781743621 -0.00120885912777227 0.0846948524002916 0.00354315584091622
-0.0177851257910773 -0.00338391310231773 0.089821537406452 -0.00808382472246969
-0.016268773066779 -0.0114655278551223 0.103279149268434 -0.0163040874206421
-0.0034616844851463 -0.0230112052513115 0.115544889844409 -0.0157259824098084
0.0091486772353491 -0.02358020903128 0.141306541894978 -0.0303362537392216
0.0463562943362933 -0.0233856547499148 0.106137005422132 0.0196439472376359
0.0271100435951548 -0.0200910123849713 0.0145071339777317 -0.0180813374060875
0.0119599411528757 -0.0183710198596671 -0.0618747639596769 0.0105574899315894
0.00834523766665211 -0.0197234077782469 -0.0828175211942829 0.0593238326872213
-0.00361227780972853 -0.0265942058109903 -0.0454225875451827 0.11488803267369
-0.0177873435123975 -0.0245397641622156 0.00593611123267511 0.11819009545749
-0.0300776761872584 -0.0151918926791087 0.0441198837498036 0.0916004390898716
-0.0338424967437001 -0.0153941243410979 0.0689165413568417 0.0572827113008143
-0.0407795676951115 -0.0090234219830925 0.077822552890199 0.0233398868817677
-0.0462383177126212 -0.0227119614050866 0.0816612540021236 0.00347056438933201
-0.0331379268072211 -0.038594082773818 0.0813550332354083 -0.00604223378068882
-0.0195659405957313 -0.0509779617782177 0.0898022095190564 -0.0155556174138661
0.00570918068640305 -0.0552884467170003 0.10146128191189 -0.0196304271138251
0.0405873378316466 -0.0509834235638401 0.101202396634322 -0.0157528127499178
0.0637204419300623 -0.042799795408945 0.115311942126046 -0.0269911620176989
0.0887071848426364 -0.0223054945564671 0.0789264172983726 0.0263759722418258
0.0740130059538168 -0.0259965568366138 -0.00423182021744292 -0.0182182487864728
0.04895106216157 -0.043884112730198 -0.0715392323145918 0.0111281793716705
0.0269880719825304 -0.0578490765699778 -0.0840759658027193 0.0593867208893023
-0.00220063461486081 -0.0639747358491747 -0.0466316757562795 0.105036111426805
-0.0286332220383805 -0.0565259993697063 -0.00218710542740809 0.103547543833068
-0.0486790519570912 -0.0385276846170334 0.0292718112799288 0.079472227631129
-0.0521791448950173 -0.0341498078734963 0.0496023769485668 0.0482986633338611
-0.0607432388616142 -0.0248647873633196 0.0580492972644819 0.014338307329303
-0.0668317508176211 -0.0453938974948439 0.0636016939185166 -0.00829459089951264
-0.0475536666103527 -0.0679536191416194 0.0705491227207376 -0.0213726157300904
-0.0244503265397041 -0.0895466749096647 0.0854105895720621 -0.0274330518278549
0.0209902481522668 -0.0923444736311042 0.0990670937040386 -0.021820547069986
0.0746037117858765 -0.0741164550712175 0.08480432378483 -0.00750443381985343
0.106249826161777 -0.0571737932559275 0.0767797168302007 -0.0163266248267468
0.117767513533405 -0.0205588001628617 0.0357441369257575 0.0283725344473515
0.111375475931045 -0.0333601672953681 -0.0332876059596512 -0.019781169765465
0.0788527843550085 -0.0692857956576034 -0.0841767440344655 0.010272796533682
0.0381007742505018 -0.0938039634638843 -0.0842006810490656 0.0551273773364808
-0.0045307582741682 -0.0937314624958267 -0.0472946416543489 0.0862844329813749
-0.0387890521123471 -0.0801881463128615 -0.0136320986997788 0.0790755126884325
-0.0620887456457789 -0.0554742491079729 0.00784678844097725 0.0585624264429858
-0.062331978488495 -0.047368421894346 0.0232284004780363 0.0335055692556639
-0.070272621361957 -0.0377821594972048 0.0308796498794531 0.00100510655266462
-0.0755908587772749 -0.0621168303312258 0.038115059759448 -0.0232916837000425
-0.052167544740441 -0.0885730390202504 0.0529854962413196 -0.03793689619293
-0.0234963160194501 -0.11487808993215 0.0775761793594575 -0.0382107971723578
0.0349621516337664 -0.114095199984978 0.0940216114492229 -0.0217223762996363
0.0989460866630698 -0.0839503083364298 0.0663772332829641 0.00552934453092722
0.13334025149953 -0.0595115443791503 0.0311066638789989 -0.00403432942639317
0.128072183616848 -0.0191642024107818 -0.017940128280156 0.0297490933022901
0.128100680212246 -0.03957349240603 -0.0688953093697855 -0.015633991538654
0.0927240531049532 -0.0880869701578355 -0.0961663161887012 0.0100500779758111
0.0385420725583176 -0.115800759869195 -0.0825216262412211 0.0463027423678903
-0.0108448594657248 -0.108670823381116 -0.0505744019745457 0.0591922544091225
-0.0455043297712106 -0.0891669555185682 -0.0293485943195823 0.0491531427969108
-0.066460885945895 -0.0621988776859091 -0.0177112699573991 0.0332175275263784
-0.0632560563559137 -0.0538418993005757 -0.0057497712206495 0.0137234599416309
-0.0688080874634022 -0.0470223908070561 0.00142185808316721 -0.0164553042769062
-0.0702367547790384 -0.0738148130648741 0.0121764425830535 -0.0406275504658296
-0.0434671838286432 -0.0995790584268927 0.0346296302717969 -0.055863038234
-0.00966266844682124 -0.123438384459003 0.0679418550321965 -0.0472855825219396
0.0507661584218552 -0.114579212097485 0.0855022294574791 -0.0182087680987434
0.112805477647689 -0.0757392762680823 0.0461387725564198 0.0189305664423143
0.140967159580446 -0.0488416808312293 -0.0157691380140826 0.00654752921905041
0.115994192622896 -0.0151364303418893 -0.0716643824147763 0.0330263132566771
0.121110805586586 -0.0388424100778457 -0.101850183027747 -0.00277700032780884
0.0874368854454482 -0.0881539674629815 -0.102580560760001 0.0118667299736453
0.0312665673252855 -0.113737092301503 -0.0797272378638043 0.0336765208521065
-0.0141519630210202 -0.101980591490901 -0.0570734870133686 0.0301075431412647
-0.0442599895027048 -0.0826565264272762 -0.0488188827040306 0.0194212014968807
-0.0606201488654802 -0.0589112383679046 -0.0438970128294136 0.00825398198149143
-0.0540133564316953 -0.0520297017580492 -0.0324074817309047 -0.00707267600101158
-0.0568747638551119 -0.0501768345506696 -0.024128351777743 -0.0376327412068157
-0.0516886033643773 -0.0764002689138393 -0.00864357205921584 -0.0617197289363747
-0.0232400597356755 -0.0968857302659821 0.022961342033478 -0.0744834738665121
0.0119932269891902 -0.112904610039493 0.0617194260749276 -0.0545938056198007
0.0658031424681677 -0.0944986600338607 0.0744730739702655 -0.0144599551833027
0.114821503781522 -0.0513269367812008 0.0238280983162914 0.0252537132268562
0.129834216323161 -0.0269429341492469 -0.057906651977315 0.00914735811156129
0.0839245110414866 -0.00598260911088282 -0.115718744069677 0.0358681427566509
0.0918737063883506 -0.02606450963663 -0.123786013633736 0.0122780915449488
0.0663898526886213 -0.0666792456288442 -0.103793099960702 0.0142227977024622
0.0211227911623023 -0.0860217332339848 -0.0770989950273406 0.0218224761733597
-0.0111335069150316 -0.0757129355838218 -0.065705594824118 0.00592881095252017
-0.0328569356416634 -0.0622255579883923 -0.0674133468650826 -0.00308024468589704
-0.0441099333964674 -0.0462447159773028 -0.0666320675542762 -0.0120495652367278
-0.0370388548935099 -0.0423726784899262 -0.0539917776542824 -0.0275065580483326
-0.0374375020474656 -0.0447615631645743 -0.0426357836335939 -0.0600319376541994
-0.0285427868383126 -0.0662816518863841 -0.0189013992982176 -0.0840538107845709
-0.00279351159139515 -0.0785728583836265 0.0208977251264624 -0.0923407541166341
0.0301370137853446 -0.0845890259431986 0.0606919963792042 -0.0597688068603768
0.0695802736054429 -0.0599208090285416 0.063792214473878 -0.0128427042155689
0.0989862894517436 -0.0192858754363507 0.00545461459182145 0.0223319995199119
0.0994337688829526 -0.0022560703031274 -0.0894713434895033 0.00166979726788185
0.037858621084288 0.00878533296298922 -0.142422662945894 0.0371548014551305
0.0501792061331238 -0.00371801258116997 -0.131568502857133 0.0251052548190608
0.0376925102897561 -0.0303820381314241 -0.102410935326474 0.0159011714261874
0.0126478589849279 -0.0416428286057082 -0.0781117328895165 0.0147669099365104
-0.000562240712899344 -0.0367567350340348 -0.0740053443872266 -0.00552838695825406
-0.0122525612479002 -0.033205618818928 -0.0799446529724491 -0.0124252300222754
-0.018562789544974 -0.0276594895653258 -0.0800455322672919 -0.02365190278773
-0.0147100877635313 -0.0260347863671957 -0.0663686513199869 -0.0432807472847594
-0.0148475236880195 -0.0297001030648131 -0.0514933534860434 -0.0791751660909116
-0.00772924215705338 -0.0418405424813432 -0.0191720300772792 -0.103914062473509
0.00788713481744507 -0.0476453395241552 0.0268161503007701 -0.106733213167733
0.0302486743620751 -0.0471806027805717 0.0640887664079869 -0.0642285789392503
0.0552422742532945 -0.0263733701032136 0.0564537732831836 -0.0143461801061718
0.0652482755668965 0.0039225941313717 -0.00438579030099074 0.0126918630177632
0.0545872345927807 0.0157071458067511 -0.105040296305724 -0.00984262915399232
-0.00250000642110957 -0.0206677357376153 0.112032450679186 -0.000712055494619742
-0.0213832552919894 -0.01079201315116 0.0190300338131774 -0.02577948747987
-0.0236366683480636 0.00776801098113468 -0.0582817481776408 0.00922737292776315
-0.00969145090460286 0.0168516357097222 -0.0785309330607379 0.0623118481931425
-0.00540843460963732 0.0122146076401742 -0.0348013314463229 0.118163984794294
-0.005897698716556 0.00992384596728086 0.0203652130508932 0.119876669998553
-0.00702856184878641 0.0105929373367658 0.0564478591052023 0.0893232746199791
-0.010323359196787 0.00704823070944431 0.0804244673806814 0.0525641171366
-0.0138242595060142 0.00988401504738345 0.0879959509049561 0.0212635442341544
-0.0192789640342957 0.00575548242262378 0.0894690743543062 0.0054388819548213
-0.0163055436500061 -0.000538696866074687 0.0839000646848373 -0.00104571662061729
-0.0175393856231642 -0.00232632982648445 0.0883608549872542 -0.012729243364594
-0.0164775289187026 -0.0100434946276839 0.100089139301408 -0.0213976934750042
-0.00442945686716743 -0.022854454227841 0.112827804203161 -0.0212695449655737
0.00809976743330482 -0.0235956283674158 0.138516461711435 -0.0383534748608372
0.0441522185391142 -0.0256471220330162 0.105237195249093 0.0119534930254553
0.0251214053213628 -0.0210845555051344 0.0134153692638829 -0.01898510650937
0.010075253102477 -0.0190956101290906 -0.0601437362233523 0.0133256220730228
0.00712084992616189 -0.0199554275270143 -0.0784903322079635 0.0628931354081689
-0.00538813076623016 -0.0256274509287315 -0.0378939144941409 0.115247510740596
-0.0194280393410078 -0.0230827972597184 0.0135528229300201 0.11595050553277
-0.0307723288686213 -0.0130004304507092 0.0494190832004487 0.0875045675028192
-0.0344526548571374 -0.0128033664655478 0.0715313002386366 0.0517222454385137
-0.0409524638649335 -0.00596885555530651 0.0785917900562511 0.0172439761191737
-0.0471022086621901 -0.0196142807219403 0.0813718005876899 -0.0017063575160546
-0.0350002860192317 -0.0366913778873047 0.0810601254814493 -0.0107605570818044
-0.0224789750870551 -0.0495466954164344 0.0873451241217427 -0.0197746525288684
0.00304221130651829 -0.0547219241475094 0.0977272764095047 -0.0248037626353803
0.0373301832784276 -0.052814934058498 0.0986150937957377 -0.0205413363444337
0.0602208145827115 -0.0454887189726371 0.113341699564844 -0.033288839782853
0.0858185197268639 -0.0270575571176547 0.0787235145809392 0.0202315059502417
0.0712612596330818 -0.0299765803405053 -0.00476379189058323 -0.0183025334322014
0.0449957529516555 -0.046122915928052 -0.070067071307574 0.0143577019563585
0.0232529863790331 -0.058514501483723 -0.0799882096281063 0.0629244452793499
-0.00627661006353273 -0.0624400355974838 -0.0392644455269937 0.105594244866199
-0.0321108596842102 -0.0537576888766372 0.00428804739338512 0.1015364416011
-0.0506720222449155 -0.0348776263693579 0.0334534480517615 0.0760840572807061
-0.0536278028297023 -0.0305520866083705 0.0520184959949769 0.0444889743667684
-0.0611869773013806 -0.0205088350404318 0.0579018564893436 0.0096369543622122
-0.0691923468515401 -0.0401987826913757 0.062589502537006 -0.0127700678979521
-0.0511029846919881 -0.0644498204493207 0.0694340702329654 -0.0254281806092813
-0.0298168605790293 -0.0872111675733373 0.0827925393692323 -0.0313640927786141
0.015327000697553 -0.0921404092204569 0.0954659766080481 -0.027224580708714
0.0695940010825075 -0.0776204539083684 0.0828383841127113 -0.0119895244138245
0.101544396520988 -0.0616323022264476 0.0757354584160917 -0.0213106601161925
0.114935215103284 -0.0270940709953972 0.0360779167849859 0.0249829614967684
0.107325858878671 -0.0391100389456056 -0.0339165084394598 -0.0178828853695803
0.0733490938205909 -0.0730419962847146 -0.0831599540083004 0.014041765813842
0.0317829989416444 -0.0936725755528496 -0.0803938462657185 0.0590651757980819
-0.010793032187529 -0.0918693693317272 -0.0410642855914543 0.0873189835008862
-0.0433251254149806 -0.0764831240595525 -0.00865059078651722 0.0781924002596747
-0.0645929247703573 -0.0503011455554454 0.0116028159121109 0.056929402790969
-0.0648345182980641 -0.0434705364453813 0.0248170572563635 0.0314091709093036
-0.0714680007088375 -0.0327390244506407 0.0299837492879471 -0.0015588481000158
-0.0790063810327928 -0.0563131539336315 0.0370066396498305 -0.0257944603506917
-0.0567731164419451 -0.0840168720585079 0.0504623684952362 -0.0418685867180649
-0.0305715781267683 -0.111912732308826 0.0746029822750417 -0.0413735503435948
0.0274671769321581 -0.114301919520673 0.0905045591901767 -0.0273053261597466
0.0928540459645047 -0.0886933050577237 0.0655496588931173 0.00174240341737326
0.127365465640749 -0.0659895170484385 0.0312513066517506 -0.00528318729115367
0.124542567385143 -0.0264350862739163 -0.0165305892472017 0.0296413809539561
0.124222481226821 -0.0463798478007067 -0.0688285635009177 -0.0120575345537391
0.0853721726106016 -0.0913022906505827 -0.0942397558821259 0.0146947018185783
0.0308773470830713 -0.115928444494616 -0.0791103866010286 0.0497981695635308
-0.0175387473644678 -0.106109797330644 -0.0460588346784578 0.0611834316386219
-0.0508031899498257 -0.0849867130452076 -0.0260082239772155 0.0495082362905655
-0.0694205375916337 -0.0567048478793119 -0.0154449625335856 0.0336530727847834
-0.0659673937047295 -0.0492750745115345 -0.0047392279370157 0.0140774418045768
-0.0699497108999069 -0.0422828114999425 0.000239658613071766 -0.0168632854939016
-0.0736875142462431 -0.068124706014035 0.00982592168731265 -0.0408433234198549
-0.0488723433190095 -0.09513367070719 0.0313902997798877 -0.0580628004064878
-0.0179683753469968 -0.12125730732208 0.0646419079278004 -0.050223640389131
0.0435004327293633 -0.115676429278949 0.0821124196103321 -0.0234059760243829
0.107518757115424 -0.0812894346826483 0.046224578563663 0.015668825814695
0.135514180270675 -0.055738934232989 -0.0141565296199017 0.00792788412932597
0.112997692177909 -0.0222251121235617 -0.0691767052025421 0.0358639792995716
0.116820607919851 -0.0456044648984732 -0.100255862340641 0.00210981265406807
0.0800903758563429 -0.0912307846124175 -0.100616642382821 0.017205789308951
0.0231328355177047 -0.113305213531441 -0.0763772217757826 0.0371952836505509
-0.0207351329155833 -0.0995082840228226 -0.0541313997250655 0.0328030766652906
-0.0495290076016711 -0.0782401424874742 -0.0475809377576956 0.0217239056855271
-0.0636855507342318 -0.0537689718549639 -0.043083254772205 0.0105601266215225
-0.0569342949233536 -0.0482073077318844 -0.0327597643866857 -0.00500233644949178
-0.0587369863961354 -0.046202641143487 -0.0261013480590844 -0.0359848680967249
-0.056275553605676 -0.0718354114542397 -0.0118976624914796 -0.0602989557006331
-0.0291932175784341 -0.0938021259716617 0.0184596654892774 -0.0751994402739324
0.00454998846995067 -0.112134679120881 0.0578597780745406 -0.0567508724863442
0.0589677858933162 -0.096317857046923 0.0722574892789829 -0.0193009444303599
0.110537807182321 -0.0567440945576215 0.0254885790141558 0.0235713538751893
0.125620052600347 -0.0336075468911961 -0.0557072219061674 0.0127421755727932
0.0817034134832076 -0.0109931401861097 -0.112107733060552 0.0421779545748065
0.0887350045102885 -0.0308003257204464 -0.121359810055897 0.018400738326746
0.0608019905241754 -0.0693186966172611 -0.101437979854107 0.0190436033840707
0.0152204273610521 -0.0857638979948064 -0.0747921097191569 0.024818979501224
-0.015863480839849 -0.0740688357379214 -0.0639694492192783 0.00944082841582404
-0.0366306732396297 -0.0589659462442398 -0.0673520245632489 0.00139130819215549
-0.0465325829519851 -0.0423044961098589 -0.0665203720589236 -0.00733162828102916
-0.0395197399209376 -0.0400730069291702 -0.0551751671292367 -0.0233016914587472
-0.0394024220827102 -0.0418299102263738 -0.0460877332340451 -0.056423268066512
-0.0326343350551116 -0.0630523531282114 -0.0233590861440558 -0.0819252039637714
-0.00753513884896411 -0.0771824660398377 0.0153966673033295 -0.0928721794103661
0.0238816383841162 -0.0847971672360445 0.0565584973491469 -0.062045429097873
0.064998315838929 -0.0630591656603232 0.0616986935388038 -0.0166929360786329
0.0962211623814497 -0.025292684643532 0.00687143973802337 0.0214518089876815
0.0975814539272527 -0.00780143285560155 -0.0875860547089283 0.00777563005776912
0.037277035095337 0.00597813938671103 -0.139199302221858 0.0453936542163823
0.0487869314438906 -0.00663342476155503 -0.128305175154903 0.0320200053974167
0.0352104075499518 -0.0317834725564676 -0.100047174833959 0.0208019981043985
0.0098155350860085 -0.0415936928144265 -0.0757811877179239 0.0182417841617102
-0.00334596912055294 -0.0360418537908871 -0.0734338501570801 -0.00125346793581589
-0.014033731512415 -0.032068837888021 -0.0803677196113317 -0.00773760332810249
-0.0202009171613347 -0.0259161571557361 -0.0807159519654495 -0.0183751379054221
-0.0160641132611467 -0.0248645869389553 -0.0681563552579737 -0.0379188632854025
-0.0158364674356823 -0.028245590159858 -0.0564688414097269 -0.0745881980744411
-0.0102394787554924 -0.0408528876605515 -0.0256689984635426 -0.101005879554998
0.0050673370028483 -0.0468475340596238 0.0204888302720534 -0.107395928504867
0.0271950484320826 -0.0485100339120832 0.0603630481110926 -0.0670444436850113
0.0524872488158871 -0.0289168084231463 0.0552256378281563 -0.0177745907604031
0.0649414657474843 0.000567599703019305 -0.00363934788128921 0.0123531102794467
0.0542694807813958 0.0123822675123313 -0.104143963830764 -0.00256709718145675
-0.00290330849464085 -0.019787609576116 0.107730625038498 -0.00559405180745852
-0.0208009402587847 -0.00917824936325888 0.0177462028025196 -0.025688520087695
-0.0222584388418361 0.00844984411498165 -0.0561514094272699 0.0107409559208733
-0.00828742557672995 0.0163025433349589 -0.0736986476303592 0.0625936809549316
-0.00452533888261738 0.0123525844767838 -0.0285311480447283 0.114551242601701
-0.00523004091628068 0.00979292577690511 0.0250533735502829 0.114519995376483
-0.00634168357530027 0.0106699912992866 0.0585513887778739 0.0836596067215858
-0.00954805300980375 0.00723474949226062 0.0796839849648338 0.0466494798749497
-0.0131751331759792 0.0100295460936919 0.0859321773708744 0.0159375722259241
-0.0182412495707976 0.00646103669637377 0.0868098220194951 0.00126095013593752
-0.015551158650269 -0.000539866867838997 0.081259800210161 -0.00413187420474681
-0.0163301823567619 -0.00134658665376078 0.0844471608825876 -0.0153034806964181
-0.0160338059355247 -0.00929156090901585 0.0945878665363199 -0.0237132680282233
-0.00520695385062026 -0.0224267806100312 0.107466406261568 -0.0235915986054417
0.00721288950099296 -0.0225109400365624 0.132563126782952 -0.0428301041941235
0.0418808023866504 -0.0259688663826635 0.101451741548621 0.00711482075359951
0.0233973593935947 -0.0211463201212516 0.0124213124963617 -0.0191110564191029
0.00847918651390477 -0.018152355804053 -0.0582997736671269 0.0147564847547999
0.00615919209316191 -0.0190894274316702 -0.0739939810543656 0.063205736673677
-0.0063622094162651 -0.0238852862874251 -0.0318432765028457 0.11143520254247
-0.0205683784580737 -0.021457913069351 0.0177432247863817 0.110519372416132
-0.0301322081170219 -0.0112598237452584 0.0516232056912758 0.0825453907419038
-0.0343209704760897 -0.0111169703665432 0.071291018138931 0.0466853129596045
-0.0396266733965231 -0.004236202439564 0.0763987371499748 0.0127995212340939
-0.0465656996273378 -0.0168989909832295 0.0787331734046636 -0.00533770689798197
-0.0352780449145049 -0.0343435683436184 0.0779910266036874 -0.0134712855847141
-0.0234653599148006 -0.0470203099247467 0.0834721305854091 -0.0219928833356949
0.000851206546959967 -0.0525512556662251 0.0925115781491643 -0.0269774975853192
0.0339276942962083 -0.0526464328145925 0.0942470561645341 -0.0226988827258327
0.0563495119509883 -0.045449260323366 0.108620800811836 -0.0368249710623256
0.0814153669240025 -0.0295018882393534 0.0762712859595591 0.0156186983541738
0.0674911429370225 -0.0314960472266403 -0.00518068446432761 -0.0181603947842593
0.0407287735453688 -0.0456220533799562 -0.0675298939337957 0.016325283387683
0.0201182216035143 -0.0569225036180479 -0.0751574675109272 0.0629688970822739
-0.00868882337180682 -0.0592203478150992 -0.033597545690352 0.102643454560594
-0.0338919839575856 -0.0502033866112439 0.00809332580867165 0.0976094973586509
-0.0505689842393424 -0.031504118825438 0.0359379549764711 0.0717443139800234
-0.0539715586065462 -0.0268073911578544 0.0518548273205009 0.0403898182028707
-0.0598644934909719 -0.0170855235896896 0.0560462384277221 0.00618134166404816
-0.0687877066770986 -0.0358280226363484 0.0605353878425764 -0.015039350023532
-0.0519850291135357 -0.0602435389807935 0.0657559266471436 -0.0281734197514909
-0.0325860996742507 -0.083013893067335 0.0790078052987061 -0.0325397211154105
0.0115374180434391 -0.089182423450857 0.0895865456873669 -0.0297661403705902
0.0643330929489461 -0.0778374750707246 0.0792964913786735 -0.0142434683261813
0.0951806513931707 -0.0625122179587152 0.0728086303657077 -0.0236475225606391
0.108774376264545 -0.0309790276398159 0.0354560749636192 0.0221391405656819
0.101967823878519 -0.0418491668778333 -0.0334125785832583 -0.0169260137647302
0.0664919389168619 -0.0726590796287831 -0.0798894190976249 0.0162027928560207
0.0267696548183224 -0.0914232865185638 -0.0752704391288634 0.0588844554242993
-0.0144077153464108 -0.0873139604686834 -0.0359423234559625 0.0851620871115602
-0.0456170821884574 -0.0713915711256138 -0.00572243957866804 0.0755264766339956
-0.0645382655930231 -0.0459770672598536 0.013367481735947 0.0538396018527341
-0.064735731081468 -0.0391709863449682 0.0252703939402148 0.0286148978638463
-0.0701899483958012 -0.0287383306993401 0.0286797421555225 -0.00388916225745421
-0.078613794520506 -0.0508312856579851 0.0346764580614463 -0.0266246742666461
-0.0588185632942854 -0.0792984318310481 0.0474115348387697 -0.0424792627865606
-0.0345288516040315 -0.10679573678175 0.0704457700317575 -0.0418745953451317
0.0225048033961333 -0.111169786711854 0.084730996632691 -0.0295798020566495
0.0861790430328321 -0.0894623135823646 0.0635614139198112 -0.000676447257582128
0.119660948731252 -0.0673800291705474 0.0308063730630927 -0.0063742376798372
0.117996038493873 -0.0306012559280011 -0.014415415850238 0.0286542654746853
0.117563627288607 -0.0493892774266233 -0.0663449079010194 -0.00957419021405915
0.0778786487802844 -0.0904825117633905 -0.090168139023668 0.0167693266013546
0.0248341384990831 -0.112387248345669 -0.0744266628214205 0.0502895297188536
-0.0215592677942026 -0.101078615599569 -0.0416444211399495 0.060205892937352
-0.0530532169363122 -0.0797059860551995 -0.0239386696112722 0.0482437198432108
-0.0696004663807745 -0.0512125933631805 -0.0136499146018815 0.0327474466462548
-0.0663363515287182 -0.0447147471557562 -0.00370981925573714 0.0135023496077007
-0.06916895117706 -0.0375260484353351 -0.000854199814275873 -0.0168905359687103
-0.0744774571623096 -0.0625276756337783 0.00821419444921171 -0.0402714178971397
-0.0513558747636079 -0.089929986530301 0.0283756106097112 -0.0574546415208048
-0.0226855126721063 -0.115842242359702 0.0607097803680665 -0.0501386010283519
0.0373119297024293 -0.113570696949755 0.0773687260986804 -0.026079502343685
0.100337220173499 -0.0825433827605468 0.0453594376349476 0.0130290760509774
0.127969752319206 -0.0586645769138389 -0.0125466820407767 0.00852105080249005
0.107246090883395 -0.0259727466971448 -0.064992664225711 0.0369739836386345
0.110469704987805 -0.0480907287509513 -0.095905616662592 0.00510480114256893
0.0729574331292395 -0.0907760832662156 -0.0965422756202541 0.0194616353504524
0.0182413994216879 -0.110054126205169 -0.0723479039535722 0.0377643965391592
-0.0241862848407451 -0.0947904158799071 -0.0503834010309525 0.0328384370932869
-0.0513854219977468 -0.0737341438047241 -0.0457183583929485 0.0223758679945373
-0.0634189507865603 -0.0486381332202845 -0.0413290412812301 0.0122427109985194
-0.0577855473959629 -0.04443251477363 -0.0316655754685639 -0.00330934245728351
-0.0583365763887313 -0.0418335031182464 -0.0271911265868947 -0.0338301094024819
-0.0574324016343346 -0.0661411255179623 -0.0136916058526272 -0.0579180699023235
-0.0321774459590853 -0.0896004320903624 0.014882239120179 -0.0739682061903164
-0.000807162905967135 -0.108099530803404 0.053912529686594 -0.0563104937432206
0.0530751495196261 -0.0951957445874227 0.0679839053943217 -0.0220359090003966
0.104480709868387 -0.0589321316849273 0.0251776586269393 0.0214157357456205
0.119049621480651 -0.0369941761951995 -0.0523625669900949 0.015101353194548
0.0773746572665431 -0.0141808815874024 -0.107077670772224 0.0445820570988268
0.0841616365576852 -0.0332137454955874 -0.116023833774937 0.0220328373531788
0.0552974665011554 -0.0683985825958412 -0.0973666764374351 0.0215092946689246
0.0115752638664948 -0.0828461684275154 -0.0709147031775781 0.026237455483796
-0.0185028068157727 -0.0702040262466538 -0.0618625306757772 0.0109199814164086
-0.0380957068825421 -0.054836526805464 -0.0661253407097833 0.00352562426996892
-0.0461302885600978 -0.0387056896628526 -0.064664818400995 -0.00401281733466646
-0.0397396563059859 -0.0371532387626227 -0.0536727127944253 -0.0203462897657531
-0.0391365865588279 -0.0384460519254828 -0.0468511864635979 -0.0525848797848502
-0.0338994766293977 -0.0592793620079632 -0.0257429606641897 -0.078019205744645
-0.0108120722713544 -0.073863268198661 0.011500852717011 -0.0907555402595563
0.0191015941117344 -0.082853313813961 0.0524830785702155 -0.0618096357501957
0.0596772378146829 -0.0636579139580832 0.0584541850311818 -0.0186193959405018
0.0921745251342166 -0.0280569973017789 0.00708831887073049 0.0201504665946796
0.0930536213748194 -0.0106993290520392 -0.0835200905630564 0.0116225247308514
0.035549730315278 0.00433510705854898 -0.132361291529206 0.0495491007275255
0.0466118207695674 -0.00816439623520477 -0.121862133194564 0.0352900368241598
0.0324125213722211 -0.0318474963519715 -0.0956687567749722 0.0229628278517599
0.00742683615130233 -0.0399470017219154 -0.0721668967228711 0.0201703198800605
-0.00505665201138506 -0.0345551886388265 -0.0711263258959055 0.0016906821317085
-0.0150716658730345 -0.0298777550282216 -0.0788240051458498 -0.00457140573062803
-0.0204184385526563 -0.0238272511511225 -0.0785832406832217 -0.0135609480368559
-0.0164522136211769 -0.0240251901442898 -0.0674114522560542 -0.0336633736832611
-0.0160928785994811 -0.0262076063194864 -0.0567947213729896 -0.0692859701800355
-0.0117334523273044 -0.0385858409140816 -0.0287767284754004 -0.0962108950635948
0.00288809971844625 -0.0448936537593164 0.0153478294177456 -0.104612146647447
0.0236632582194279 -0.0476138500005018 0.055787231685427 -0.066614022729645
0.0489322226231615 -0.0298882993453749 0.0522597750035568 -0.0190593992932462
0.0620863607992542 -0.00239625998669633 -0.00280051196117905 0.0122110598090659
0.0519225062502459 0.00969818227738182 -0.100139983992179 0.00213314974898508
-0.00205881411395943 -0.01979341467822 0.102998966459944 -0.000734186918606327
-0.020101584756215 -0.0104344197870212 0.0177941516106979 -0.0239169027862229
-0.0217324360356806 0.00716528963560118 -0.0540405517957116 0.00799065230812718
-0.0078598721886645 0.0152516698066887 -0.0732387529277892 0.0576664115677333
-0.00364735211860173 0.011422648764897 -0.030780611756438 0.108194495083901
-0.0047192849427698 0.00895202902540442 0.0205596954475602 0.109781956075397
-0.00637973706372513 0.0107066743618833 0.0543330015726009 0.0823227060464994
-0.00965052182107569 0.0067293181406919 0.0763452819604228 0.0457882363776908
-0.0123064630564259 0.0098555223927322 0.0819431697126806 0.0167730870136309
-0.0175544000709793 0.00546436288446407 0.0838071853089825 0.00312929397074915
-0.0146134664781971 -0.00168955390391552 0.0778151980556687 -0.00137139098637597
-0.0141924912469102 -0.00250610022045522 0.0808500249236803 -0.0116095384249024
-0.0131945380224788 -0.00971192282184276 0.0903428098870215 -0.0181585608499065
-0.00249000635426614 -0.0217331746959412 0.104277296126076 -0.0169721797310285
0.00890663927599165 -0.022434175335691 0.129728446141556 -0.0338292941879481
0.0419174672914961 -0.0242580627574144 0.0964375326073299 0.00881627176682591
0.0233848959489636 -0.0191322728327401 0.0124004219812459 -0.0192917863007236
0.00897216385232993 -0.0165770273306346 -0.0570496083240118 0.0103737223015814
0.00797999321748403 -0.0177117340221734 -0.0747778546952943 0.0565558731861837
-0.00353295697374092 -0.02332135454541 -0.0353773394632987 0.103990574555388
-0.0179049240257361 -0.0214652188299143 0.0125414294334028 0.106062066416529
-0.0284659023057382 -0.0115778313387772 0.0465731793116829 0.0807397624537376
-0.0332261923844983 -0.0123299690344655 0.067086386906945 0.0460001128917333
-0.0379323186726064 -0.00531326465509159 0.0731193702465683 0.0130605730980663
-0.045320837497671 -0.0177212715819573 0.0762542821498108 -0.00456769647195205
-0.0329137677500301 -0.0354603903257215 0.0763812516469193 -0.0123766176361654
-0.0194322499174648 -0.0465889565449148 0.0814084685696182 -0.0202787262058727
0.00478654763961614 -0.0512037787204392 0.0896795047562906 -0.0225980824850711
0.0363763145001675 -0.0501582036680301 0.0923199781814088 -0.0162172738322142
0.0566773361463221 -0.0435107375262065 0.107586594395627 -0.0284990934097609
0.0806555081557701 -0.0248059703475834 0.0725424842922743 0.014700589880506
0.0670777591390819 -0.0263101689427256 -0.00518192708639246 -0.0197674544603249
0.0419306898995779 -0.0408994528267936 -0.0670371441607634 0.0106054898333438
0.0223700402428422 -0.0529152434951074 -0.0762759700651583 0.0546377259909921
-0.00417793369498361 -0.0569703910943552 -0.0374856963511023 0.0944055181849687
-0.0302538304182999 -0.0498494505973499 0.00247464927803172 0.0927464178803805
-0.047325261977611 -0.0318636582549273 0.0309270703812289 0.0699969814703447
-0.0518152287857813 -0.0289636989402703 0.048294672804592 0.0397425706229338
-0.0573402277105422 -0.0188651764684005 0.0539986225757889 0.00607711281166746
-0.066185218915834 -0.0366046570212684 0.0585414425919456 -0.0151013542672182
-0.0486367720894753 -0.0613525118246191 0.0656121344134604 -0.0271009840780138
-0.0275169762250551 -0.0814356847157352 0.0785689851043544 -0.0314481514745621
0.0160681198885534 -0.0863597304842757 0.0883233848366185 -0.0252031093352418
0.0662548974962552 -0.0736291748615107 0.0787338912915031 -0.00854904738610506
0.09360450083657 -0.0593196479683866 0.0735560075208458 -0.0161267204404793
0.107789042982818 -0.0239630162217576 0.0328357632856092 0.0174027043776336
0.100841016541597 -0.0341779558730758 -0.0324440771115316 -0.0211418439653141
0.0685787879165177 -0.0649869352306711 -0.0793002519379101 0.00822037978668123
0.0308301869919448 -0.0857392342281612 -0.0771464332394348 0.0490788207598099
-0.0085762828834805 -0.0841386692598286 -0.0403145995906809 0.077130908928159
-0.0409958562564194 -0.0705413577515596 -0.0107315822376175 0.071369245880302
-0.0605862145288356 -0.0467605673436243 0.00913451332485045 0.0523051791303899
-0.0625352713968274 -0.0409203786378262 0.0228294354998006 0.0279069333315998
-0.0675233207928612 -0.0306286126824436 0.0276421004774719 -0.00451837500820421
-0.0758271078124653 -0.0515394752993975 0.0342411247830631 -0.0268925972275596
-0.055203170238269 -0.0803180115827136 0.0487784250206598 -0.0429187761844294
-0.0292387164081594 -0.105004254430337 0.0715603039282103 -0.0420652765908208
0.0270981096405797 -0.107223986420233 0.0846269582664393 -0.0256522329560789
0.0876506816310136 -0.0839290269327877 0.063124138431704 0.00422648474790801
0.116822108319683 -0.0629362498499459 0.0331867793739158 -0.00172944304292854
0.117005195048914 -0.0228065433401551 -0.0148467786362091 0.0212091701260683
0.116972835637557 -0.040518421265504 -0.0647697637907255 -0.0156550788097097
0.0803192941218355 -0.0816132878503085 -0.0904727893606025 0.00816315832860427
0.0297496603874093 -0.105157842248663 -0.0764636007259739 0.0401140236573914
-0.0148585053936884 -0.0976515664577748 -0.0452958278897553 0.0536221936017442
-0.0479806561287268 -0.0784418731755942 -0.0276504186844192 0.0450227175004979
-0.065242113333971 -0.0523216996326085 -0.0163231922709417 0.0312531092874605
-0.0636022455514423 -0.0467096089208293 -0.0046339741456735 0.0126250036664248
-0.0660186180981863 -0.0394041003547349 -0.000629818459382457 -0.0176318023424214
-0.0711844605030491 -0.0623997735291794 0.00905810025226459 -0.0407832670512201
-0.0478350315134847 -0.0902303984875774 0.0312519693381153 -0.0583368052499844
-0.0182379934249078 -0.112936477826503 0.0630017967990757 -0.0501106536851293
0.0411121260129641 -0.108733766533187 0.0772143429316222 -0.0229890638068358
0.100563806018595 -0.0765197871235109 0.0453336819982441 0.0170736793044577
0.124373538578317 -0.0536015679012083 -0.00923268168181627 0.0109624980972981
0.106448963906408 -0.0189256817500026 -0.0641315107480977 0.0275334238926935
0.110558779101053 -0.0394980959543379 -0.0943234019181372 -0.00266424647388201
0.0755102190566883 -0.0816866683834287 -0.0968251449341006 0.0106434514411815
0.0223556829930646 -0.102721925809975 -0.0736371198813816 0.0292898356814883
-0.0182274170185539 -0.0911548290670491 -0.0537114869847687 0.0279234257276756
-0.0466313854367725 -0.0722925884879926 -0.0476704968236496 0.0200824037002495
-0.0601384234314341 -0.0492673948864093 -0.0423619687257232 0.0111757296289775
-0.0552778843068233 -0.0462050203785864 -0.0310136054779989 -0.00449055496214462
-0.0553348028065159 -0.0436023996894622 -0.0253305706483262 -0.0344532207973839
-0.0551808397240654 -0.0664399373045906 -0.0108942199529353 -0.0577477001854469
-0.0292238028861971 -0.0891864626691022 0.0187595087033971 -0.0732122105946031
0.00228051473330615 -0.104583245747311 0.0575824948822305 -0.0557629482541216
0.0556679820401468 -0.0908106633674732 0.0681756240158757 -0.0182550568581457
0.103309854069316 -0.053734650265123 0.0253367447073628 0.0237994995998806
0.11470600445167 -0.0327642722807068 -0.0485745911324047 0.0152751665832968
0.0775290961744739 -0.00876583699024699 -0.104783959028683 0.0343398859224619
0.0844376453940268 -0.0268412766399529 -0.113863440009258 0.0134107084626935
0.0577619434489273 -0.0618905135924919 -0.0968922149695867 0.0133322853596267
0.0151324271452631 -0.0769994845954785 -0.0711793436185905 0.0186897229508644
-0.0143381182010348 -0.0672845681977547 -0.0624535529885357 0.00743904727045735
-0.0346382080784788 -0.0539511057044078 -0.0652830906480236 0.00150540752491868
-0.0435986875256286 -0.0395163473580555 -0.0640991854321452 -0.00518632690049672
-0.037842509135778 -0.0383311433437443 -0.0514718624789518 -0.0207571678364821
-0.0373965606187963 -0.0398046105199547 -0.0443390494999095 -0.0525250863427019
-0.032771625368702 -0.0588247221283809 -0.0224547095112725 -0.0770487882243044
-0.00856180689817811 -0.0734466457394629 0.0157053727555384 -0.0877328267577869
0.0208035754297203 -0.0793602510245315 0.0566104368235281 -0.0589024410926583
0.0607717013085635 -0.0596637120371311 0.0589583810128479 -0.0147298289053016
0.090308788379864 -0.0237726623452734 0.00736570657066657 0.0221098041476978
0.0889468051111406 -0.00839599776122463 -0.0786460998891017 0.0100354833005245
0.035585362150417 0.00714162531414553 -0.129876382806808 0.039922397523436
0.046321638533278 -0.00462018553628598 -0.119191200161599 0.0274427958071908
0.0332099553105302 -0.02754174012822 -0.0933710016270322 0.0155301092910218
0.00919456035879516 -0.0368112791152807 -0.0709130389011754 0.0147443668485774
-0.00304697843650205 -0.0324590998312725 -0.0699451025347042 -0.00130972241098745
-0.0133715221776897 -0.0283802762573482 -0.076480449793815 -0.00662847355528276
-0.0195151484172865 -0.0241715502255844 -0.077158054603241 -0.0148819126133812
-0.0158747308483875 -0.0246427950582875 -0.0643104903562652 -0.0332443067191584
-0.0155546197892763 -0.0272934605308395 -0.0533434689777575 -0.0682701489354366
-0.0108297395387473 -0.0385564075058763 -0.0249851206116148 -0.0936936045293462
0.00386455361871387 -0.0447544167916674 0.0190517173211538 -0.100272116599917
0.0245402351734113 -0.0461545268154633 0.0582975123850724 -0.0624857327438292
0.0492997874982558 -0.0272541753851016 0.0522369106086553 -0.0153607988756081
0.0601155310133101 0.000390169786118972 -0.00308664294051524 0.0130052580737119
0.0488545893187213 0.010961418147852 -0.0946134860546681 -0.00111577756691959
-0.0017237693962414 -0.0190827688442277 0.100501301887901 -0.00036802212441091
-0.0198240555066864 -0.00958501996985328 0.0179011727387688 -0.0238774856536642
-0.0218034911020462 0.00720579334736559 -0.0533526690200874 0.00743239571217808
-0.00780040296425025 0.0148896344239691 -0.0737109719997192 0.0562773210669533
-0.00327896975033575 0.0113443238508482 -0.0315112733363146 0.105331028798609
-0.00445963335214888 0.00867855382349609 0.0193957494289331 0.108050558350205
-0.00589775807548193 0.00988199145667109 0.0538789559576823 0.081351778797994
-0.00975855478761575 0.00659995293377655 0.0747186421626816 0.0451355245866793
-0.0124723278613243 0.00936805077030235 0.0809715595890445 0.0167246932094693
-0.0176964480109391 0.00561691709879456 0.0830071533561053 0.00336423105860341
-0.0141346386088814 -0.00204321755730744 0.0774254327368472 -0.00069581354548982
-0.0136366498859068 -0.00269814985643974 0.0793619036670619 -0.0102595445171896
-0.0126049187791883 -0.00959532852670969 0.0879228543170239 -0.0163500119210475
-0.00252123491545918 -0.0217324438557191 0.103003395106727 -0.0149079778054904
0.00931915457330298 -0.0214704157730662 0.128517677361151 -0.0325814816555822
0.0413190422947423 -0.0230990460574864 0.0940030560154397 0.00912496105288454
0.0238010403134688 -0.0185715921241978 0.0123169367184745 -0.0187042264592091
0.00836608927998392 -0.0161400238585134 -0.0564182903023246 0.00964267485079099
0.0078282014413861 -0.0176687045930177 -0.0745953874990148 0.0546295690760139
-0.00328188468100384 -0.0227903158047331 -0.0354068468435303 0.101537113914098
-0.0175770407899832 -0.0213599476034379 0.0117564040991124 0.103926957466028
-0.0281486490802585 -0.0115124815115725 0.0456785521059243 0.079289699690619
-0.0328290554451649 -0.0117861742899891 0.0658127225123249 0.0445842102064579
-0.0374964785321122 -0.00557307054432886 0.071893678394948 0.0125325244001375
-0.0441857793331448 -0.0177192638228107 0.0757051786886112 -0.00428722981629515
-0.032229916603053 -0.035363106391561 0.0754551841200625 -0.0116542316990979
-0.0188214041332317 -0.0464329979610493 0.0803678292859598 -0.0185136066508244
0.00485572789237195 -0.0506153229376498 0.0872565568241611 -0.0202677506112551
0.036735609665973 -0.0491792101187208 0.091022287813705 -0.0146984453070189
0.0563742290007982 -0.0420243108755361 0.106819366697996 -0.0272493302310149
0.0795717536736219 -0.0239138139965774 0.0708358203333193 0.0144510673808574
0.066543781074575 -0.02537005734916 -0.00494556201377713 -0.0199512053628723
0.0407778296817744 -0.0394631112098671 -0.0656341034913769 0.00862578155922236
0.022358661473914 -0.0519340799770024 -0.0761152353360225 0.0530523246512647
-0.00376367259389603 -0.0556772727818866 -0.0377779840811661 0.0921421675118919
-0.0298599681676142 -0.0491046707681035 0.00189602264082289 0.0914384998795924
-0.0467805201610768 -0.0318304998329102 0.0299936299928643 0.0687266106923152
-0.0517934052459925 -0.0288927784924332 0.0477024980442328 0.0387766425986993
-0.0564828642416536 -0.0190058316880031 0.052633798909359 0.00566405710773332
-0.0653213227958706 -0.0359145505727746 0.0583122885263567 -0.0149842456352888
-0.0479612686859298 -0.0614449989562401 0.0650153800394844 -0.0267113177158408
-0.026726364127399 -0.080509328223691 0.0772160499765126 -0.0298434748728799
0.0168609574220848 -0.0850165523500745 0.0860422517223801 -0.0237950643750103
0.066208055277405 -0.072054761668513 0.077651807890279 -0.00700371206305945
0.0931862458820543 -0.056607202088148 0.0729303511380228 -0.0156232836661146
0.105828483451309 -0.0228271544128908 0.0324055791030355 0.016879825081533
0.100494194022747 -0.0329412065214958 -0.0314911794145426 -0.0215203624367204
0.0670492722964352 -0.0625904959198074 -0.0785611854679368 0.00660623842142966
0.0305337898741358 -0.0835988048157092 -0.0770127423333893 0.0473404085612175
-0.00773865810553407 -0.0825571060215685 -0.0403755910825375 0.0747617811473799
-0.0402473114649518 -0.0693614351898994 -0.0111126678923359 0.0702418131940079
-0.0591966759282039 -0.0461312135729537 0.00853908262637156 0.0513441994488392
-0.0619571893262044 -0.0407855278398024 0.0224848202451881 0.0269898616468752
-0.0656857950338922 -0.0307651098990482 0.0267489841759599 -0.00425882288945375
-0.0747171105879672 -0.0505825085721554 0.0343757415937333 -0.0269451015522236
-0.0542264294728406 -0.0798328896750666 0.0483707306167675 -0.0425118065700156
-0.0280096660297258 -0.103272102861538 0.0708555598292462 -0.0405108027928257
0.0273508648895636 -0.105099576328475 0.0827387210340678 -0.0239841418555947
0.0869920788993253 -0.0820053989167654 0.0615977088368223 0.0054340888304019
0.115631354357495 -0.0603428034954692 0.0333871228995888 -0.0013730115454469
0.114581944761502 -0.0212806264993018 -0.0152062754811071 0.0198746179844281
0.115569159876635 -0.038788002832806 -0.0633880671820135 -0.0169372899345038
0.07924926110625 -0.0788777969469282 -0.0892586951578056 0.0066226472634785
0.0299801008035939 -0.102972112526005 -0.0756818948489316 0.0384948334298344
-0.014264015606237 -0.0962404970620486 -0.0453991850579791 0.0517653363972402
-0.0473859912127938 -0.0772851612100366 -0.0274338637083482 0.0443962572429152
-0.0639796055810227 -0.0515850765249568 -0.0167130311625075 0.0306673402763217
-0.0627803644726776 -0.0467968466046205 -0.00475436306377685 0.0122948455837342
-0.0648708116004848 -0.0391289719175535 -0.000800502850428995 -0.0177502118443004
-0.0701092454754361 -0.0622230279864347 0.00956280077840857 -0.0405427381857218
-0.0465637248795548 -0.0896966456277059 0.0310079922190401 -0.0572222207253788
-0.0174172060211237 -0.111185358487677 0.063166988560336 -0.0481661478804379
0.0414263769398741 -0.106322155578317 0.0754038591172775 -0.0212183764318478
0.0999877868510869 -0.0748738339844008 0.0441505971261385 0.0166101804978536
0.122133516050286 -0.0511429055060958 -0.00849120425028037 0.0107961894663928
0.10369670477361 -0.0174160233002418 -0.0636787037517802 0.0262894742476387
0.108851433841453 -0.0383202926386226 -0.0921998679604588 -0.00368753105497876
0.0741372200733117 -0.0792126646642529 -0.0948321479382051 0.00921047442203993
0.0230742906846368 -0.10108860408315 -0.0732969372022852 0.027078536812884
-0.0175901656948285 -0.0898601819479619 -0.0521727948920837 0.0264729572916952
-0.0459864285231266 -0.0709358553043663 -0.0475349261903604 0.0198934248128291
-0.058951553386159 -0.0491270504900835 -0.042439994809368 0.0107383972902881
-0.0543614899859756 -0.0460035747351194 -0.0302451068433154 -0.00423009207777704
-0.0541164836990123 -0.04328832729301 -0.0252585884019636 -0.0342159370238338
-0.0539448412807053 -0.0656565687165787 -0.00999935467507631 -0.0574345051598137
-0.0286975403010451 -0.0882930817498141 0.0190547149771583 -0.0722600986373062
0.0028521647737153 -0.102864898695866 0.0577764989539694 -0.0536965900401034
0.0554548909846927 -0.0886198305473265 0.0667207559397122 -0.017340064133049
0.102475228788559 -0.0520759089805433 0.0245225921241776 0.0230993551734311
0.112700585175516 -0.0311907573208734 -0.047325980211552 0.0151954161877716
0.0751532655409597 -0.00805750598998547 -0.103832502925426 0.0333433157608197
0.082826344337869 -0.0257293291616999 -0.111128584128722 0.0119804865482944
0.0566048708290797 -0.0600716324103308 -0.0952001881406286 0.0114682631930803
0.0155009595301722 -0.0760069361966315 -0.0699773782879978 0.0172264877222092
-0.0141053614308932 -0.0666317403190608 -0.0614669904484029 0.00636833442823439
-0.0338509923957381 -0.0526230420895406 -0.0652379875055499 0.00140593378458962
-0.0433172164798917 -0.0387063683881547 -0.0640885892499617 -0.0047330176945234
-0.0374783139627471 -0.0383774801154471 -0.0505752439904879 -0.0195690135392017
-0.0361822074759689 -0.039455682005094 -0.0430628146244032 -0.0517720429493099
-0.0323157553814641 -0.0581234477032361 -0.0214078673805747 -0.0757984472206325
-0.00860846263566105 -0.0721495258274057 0.0162028302813105 -0.0868274276691669
0.0205489135710589 -0.0778772369254558 0.0568960120663469 -0.0573408288714368
0.0602266645032257 -0.0576312582311895 0.0581593214133703 -0.0142478084505438
0.0890208045673454 -0.0226888746038757 0.00685796038038004 0.0214172650680435
0.0871313928266707 -0.00735854767102056 -0.0772755181198538 0.00973114084875544
0.0343489947039254 0.00702506673443449 -0.128007592219847 0.0388543348665532
0.0456988095782784 -0.00425504143137332 -0.116416675070135 0.0256324777899467
0.0325203312734802 -0.0265580568290066 -0.0917876642230297 0.0141726502236595
0.00933515089706146 -0.0358857043312926 -0.0696884854373517 0.0134454959781887
-0.00328051205014394 -0.0320499087947122 -0.0680146545893528 -0.00245626796446469
-0.0131140320909846 -0.0280086359524781 -0.0761780212919108 -0.00649063922902331
-0.0189203826157985 -0.0239240317631996 -0.0761192079986966 -0.0137741639141691
-0.0153979815987053 -0.0244590412392118 -0.0627417293744013 -0.0326270746509341
-0.0143141184578389 -0.027272048040534 -0.0522471690333522 -0.0667702028075386
-0.0109000190262394 -0.0378403433491604 -0.0239192707432807 -0.0922590217935732
0.00367748684672048 -0.0439366592281571 0.0196625428674035 -0.0985045620973712
0.0244066697579697 -0.0449287764986856 0.0587443373354082 -0.0605655646597404
0.0486802009174307 -0.0261625877920544 0.0519302431984258 -0.0143615932559576
0.0592193690266174 0.000811313017164517 -0.00301014763725679 0.0127967204644027
0.0472028144285081 0.010888956343352 -0.0930967647034014 -0.000876607978744629
-0.000799060232042726 -0.0189706136823581 0.100940855867497 0.000412593154641471
-0.0194339019382679 -0.0102297373565802 0.0186244564858319 -0.0242136405991992
-0.0221048045518576 0.00718171062281031 -0.0542980248094909 0.00650365631381127
-0.00731230015253386 0.0146044116096062 -0.0757411787324409 0.0560278504769406
-0.00309198066022612 0.010969980497923 -0.0330243386655344 0.105812675592577
-0.00432112566409361 0.00888809036487824 0.0192525596446998 0.10894165106736
-0.00591549876654022 0.0100497009739516 0.0543279825460731 0.0820993368965923
-0.0100217038106131 0.00684342485757656 0.0749406238606169 0.0452715142857652
-0.0124057309405455 0.00945645736507631 0.0816149128741723 0.0166059024429791
-0.0180547586120427 0.00525101048428531 0.0843421921658443 0.00401218258482845
-0.0144293866510647 -0.00192703833230038 0.0784587975386964 -4.27274293923404E-05
-0.0136206659164535 -0.00296821359544241 0.0800928709357913 -0.00873045356974768
-0.0123466824847784 -0.00987748846305255 0.0884712283969041 -0.0148394866804674
-0.00240267072053348 -0.0219808916371741 0.10480737504292 -0.013142394902903
0.0101711328509214 -0.0218659587191398 0.130416467861744 -0.0322108177089641
0.0420955364933706 -0.0228927572028849 0.09432147247843 0.00916883966821425
0.0245624089041091 -0.018680012357199 0.0125714250819227 -0.0195434010035643
0.00872185639327909 -0.0156975471611383 -0.057289852244503 0.00903520244426166
0.00793723624229195 -0.01786281406895 -0.0765109742449057 0.0545519719698771
-0.00310079862554107 -0.0229575540801265 -0.0367488814812672 0.101932711985113
-0.0176010083750535 -0.021215990749823 0.0116381681030063 0.104792628578735
-0.028367719820439 -0.0116278491810362 0.0463440860896905 0.0797012763146429
-0.0333585303186876 -0.0122444778947433 0.0665998515106529 0.0447504933072232
-0.0377029156032377 -0.00612842912306009 0.072614868394069 0.0127127708479188
-0.045053060229476 -0.0176316050298405 0.0770995401668989 -0.00416299894626958
-0.0325413373590791 -0.0364063413150402 0.0767044949914872 -0.0110998717165464
-0.0186107487938747 -0.0468962298388477 0.0812874171836098 -0.017376370051042
0.00589820188077659 -0.0506022505455553 0.0872170919782132 -0.019217751216245
0.0373953575534994 -0.0494925309187676 0.0920283535926823 -0.0131996008653823
0.0573311404287784 -0.0414526342126719 0.10868242491823 -0.0274181480738701
0.0800813455286917 -0.0231117788113888 0.0704999230465227 0.0147702289981438
0.0676880877986984 -0.0252658471785337 -0.00466242990386977 -0.0208034259719175
0.0410537384198765 -0.0388208278590194 -0.0661710325297715 0.00831208384670702
0.0229808749959555 -0.0523224623168645 -0.0775093388127042 0.0520892312948903
-0.0036042075461315 -0.0563635918315563 -0.0389516024976291 0.0917801410009836
-0.029807127498728 -0.0491572145425409 0.00143867156707475 0.0921436118105867
-0.0474411319680741 -0.031950900251464 0.0296559301692022 0.0690653984146164
-0.0525869920240756 -0.0287775646177699 0.0480342204026456 0.0387130038588807
-0.0565797412128871 -0.0191173046710374 0.0531619103711379 0.00551431198862019
-0.0655246218637016 -0.0364558911080758 0.0594886434878986 -0.0147552107650151
-0.0482308151955122 -0.062751907259526 0.0660467832033989 -0.0266885261983759
-0.0268306952579086 -0.0819426865002913 0.0790440776135679 -0.0291076984443472
0.0174990129564074 -0.0858277932703956 0.0860976949300758 -0.0222636764054207
0.0675244806602328 -0.0728749862407601 0.07800677558355 -0.00587945059554649
0.0945219367537925 -0.0567179641145269 0.0746430640410461 -0.0154539721546081
0.105932350914399 -0.0224975930491243 0.0322461304276149 0.0166237551727694
0.101922750500494 -0.0323971968057393 -0.0314269740695503 -0.0227695313341496
0.0673607957566942 -0.0621433475559918 -0.0787481284360942 0.00607693790795664
0.0311497410613596 -0.0847524598167048 -0.0784602648184257 0.0464384059886699
-0.00778044730380804 -0.0834963559668169 -0.041323960520858 0.0750345152277205
-0.0407095860027011 -0.06958339790051 -0.0113848510839759 0.0705853239758936
-0.0598023338560627 -0.0466460480087179 0.00793462376115057 0.0516349019557871
-0.0625700888425506 -0.0410709539226218 0.0227006638440482 0.0271426784462095
-0.0664598958183511 -0.0315492439182303 0.0267585847807132 -0.00503540600740967
-0.0754809259570075 -0.051090105113343 0.0352756110463287 -0.0271742597035613
-0.0546079617693547 -0.0813385253626408 0.049299173990815 -0.0426967762397036
-0.0285279446818985 -0.104530075822075 0.0725622549099887 -0.0398007200876915
0.0282005343336601 -0.106165326189835 0.0826287212901007 -0.0231986470010083
0.0892661391163102 -0.0826774658089169 0.0621696049332352 0.00542922596911425
0.117268403219589 -0.0598162756942579 0.0341893740547857 -0.00124643852715194
0.114743462201518 -0.0207714285305145 -0.0153720180655183 0.0190329035005829
0.117265793121297 -0.0384561691383226 -0.0631968798089027 -0.0176792459303915
0.0798865280651877 -0.0784003057259812 -0.0895722535089437 0.00549820034999726
0.0307552108599571 -0.104320867012947 -0.0765344073457283 0.037339519836963
-0.0140642090165227 -0.0968802516801352 -0.0456378584994162 0.0511991705254844
-0.0474952182707693 -0.0775727784963612 -0.028715093309573 0.044641388825572
-0.0651081395004951 -0.0520240376533801 -0.0179591083470758 0.030912678506458
-0.0638980042684928 -0.0474151097766096 -0.00417505894165079 0.0124051946033839
-0.0653649693880257 -0.0400330292591657 -0.000361467566954112 -0.0183027519428507
-0.0712474167703591 -0.0622769186413965 0.010460085471604 -0.041222351374862
-0.0473740783350681 -0.0908317688960679 0.031851098834286 -0.0582356833447611
-0.0176014832936113 -0.111967796092854 0.0652004416784491 -0.0480567582416898
0.042990957113679 -0.107367798034685 0.0756131150454031 -0.0211096612234134
0.101562099103076 -0.0753591583751698 0.0440861343129706 0.0175964370404041
0.123765850240593 -0.0501758973213376 -0.00847969704063573 0.0107415333026771
0.104151632294418 -0.0171376663095315 -0.0642655515381242 0.025167160569026
0.110520589467136 -0.0372282132694708 -0.0922612336649118 -0.00533349022705415
0.0750440902136029 -0.0788997580349279 -0.0955498299264445 0.00818241376369553
0.0233394648933632 -0.101790611051435 -0.0738425422199973 0.0263497687233109
-0.0176438431618332 -0.0911748768333607 -0.052700121417833 0.0256755389985347
-0.0461273425184986 -0.0712600618848701 -0.0484483302021223 0.0197713325815899
-0.0596844491051846 -0.0491678047460824 -0.0435852439623327 0.0111107879651347
-0.0553321918782763 -0.0464554389439255 -0.0302526088351359 -0.00445872187288776
-0.054579687800866 -0.0442777409797821 -0.0258584861464152 -0.0346617246716716
-0.0544818971462064 -0.0661027462380299 -0.0101441403240643 -0.0579455693475761
-0.029475258422229 -0.0895727941646538 0.0199650442010996 -0.0730209583351196
0.0026156185414677 -0.10360670647811 0.0594305086654751 -0.0536917525502323
0.0561442728148161 -0.0890332887092173 0.0672403186449613 -0.0165883374851427
0.103855444397843 -0.0525886253863385 0.0241668378910309 0.0237321106346943
0.113542905974612 -0.0299495809242219 -0.0470261093575573 0.0155353361863831
0.0748835539645831 -0.00789461322404576 -0.104601572384743 0.0322645010001076
0.0841898769382223 -0.0261196534653956 -0.112178824393056 0.0109177288113023
0.0572244100459554 -0.0596422573713552 -0.0954629104227676 0.0106927061226927
0.0156735691199346 -0.0764518392758174 -0.0706998635764761 0.0158026674170321
-0.0143041270760153 -0.0673377174371658 -0.061479614485636 0.00574223796583796
-0.0345135130599996 -0.0531906251179765 -0.0664430716672959 0.00164715460163547
-0.0434107796797261 -0.0385735215083652 -0.0646869916138443 -0.00425584273598527
-0.0382806229658073 -0.0390900043368898 -0.0510926261236655 -0.0202779908109951
-0.0363375730424505 -0.0402203700785748 -0.0433883605775935 -0.0521756834280933
-0.0322326660400952 -0.0585165538345315 -0.0210873606415348 -0.0765550426995732
-0.00822257483260823 -0.0727917910357435 0.016560583174799 -0.0873761718048075
0.0205669851956794 -0.0785458316549674 0.0585167657260859 -0.0576761221434601
0.0604642350242116 -0.0580666651648663 0.0588022136501689 -0.0136830092508032
0.0899477498816503 -0.0223223327896985 0.00665815382845143 0.0216860425892678
0.0869668357353206 -0.00665151189046981 -0.0773903571949573 0.010895679375503
0.0336109634012444 0.00700359909620893 -0.12942711817187 0.0381374103811861
0.0455039787845559 -0.00395657350787303 -0.117558849839255 0.025508734819353
0.033033428385852 -0.0262085598249807 -0.0924276542614532 0.0129876553406554
0.00916989192846896 -0.0359196953896312 -0.0702276504847232 0.0122100012510816
-0.0034682668701101 -0.0321995703900924 -0.0692185022540355 -0.00297853434184137
-0.0129386321926821 -0.0278536678213777 -0.0773124109986879 -0.00648096956242658
-0.0191897382324843 -0.0241141836206521 -0.0778673098376162 -0.0131088395577686
-0.0155030747539167 -0.0250300890777352 -0.0629758204575694 -0.0328726898231695
-0.0145871638120226 -0.0276121622848471 -0.0528588600099244 -0.0674853448139172
-0.0106300555333903 -0.0380137786901604 -0.0237263239512776 -0.0929368146035243
0.00402692352399744 -0.0443875698509677 0.0205053591186221 -0.0991778479329707
0.0243271916133414 -0.0449716253412851 0.0602444608871663 -0.0606923018454209
0.0487350007446946 -0.0262996240714482 0.0523297787749955 -0.0141970661317077
0.0597677285699928 0.00140316972840586 -0.00350394417768463 0.013142454142741
0.047328938752284 0.0114761607346695 -0.0935350024780689 -0.000416738632107546
-0.000863947514205282 -0.0194120066334676 0.103309444312554 -0.00136813903281781
-0.0197231304745702 -0.0104426111532483 0.0190814694512909 -0.0258434744414408
-0.0221123636653801 0.00768181847998248 -0.0563098277095152 0.00693056145421479
-0.00741626450707598 0.014951503493222 -0.0776581469004857 0.0585007644389896
-0.00289978238939188 0.0114931081162589 -0.0330578268423459 0.10828952824698
-0.00402709156553675 0.0091080775175572 0.0218140604121492 0.110955049971732
-0.00588775588354614 0.0103840081970187 0.05780294285783 0.0830857352085425
-0.0100734107370582 0.00689068957186679 0.0775215237988162 0.0452152777238566
-0.012540972388664 0.0101779647132175 0.0841765762811061 0.0157656050668852
-0.0182621547214457 0.00609655258066771 0.0873937024094253 0.00251417079671502
-0.0149342244763885 -0.00256383308132799 0.0810605979461108 -0.000465687192077615
-0.013861412877693 -0.00330489871212504 0.082020849531591 -0.00965010323352391
-0.0123766930262337 -0.00997271274549212 0.0900915732862738 -0.0150190974926082
-0.00250935523560438 -0.0227294998586253 0.107059394227454 -0.0142601373714004
0.0104614405602037 -0.0224777876647593 0.134202994625943 -0.0353427897031389
0.0429919448576471 -0.0232502629344625 0.0965532775419839 0.00799756649389348
0.0252862221016279 -0.0199659890240496 0.012912737646306 -0.0206370067829579
0.00828470745237538 -0.0158397397397929 -0.0586999303753528 0.0095496031513213
0.007664575398218 -0.0188644753693415 -0.0781804283026984 0.0567627398182455
-0.0033479896496265 -0.0240543480477579 -0.0364627526385445 0.104220381412241
-0.0183982734302825 -0.0216387113313638 0.0134712732285131 0.106949783170867
-0.0295537753169094 -0.011774015318336 0.0488370342828787 0.0808610577626629
-0.0349642267454326 -0.011769351023916 0.068741977022152 0.0442325022301869
-0.0389499469342656 -0.00539178633541429 0.0743652743897428 0.0116257855622489
-0.0467142704353044 -0.0176363824206618 0.0797720848827509 -0.00560063962420818
-0.0340486215798656 -0.0372553476846383 0.0793062706094275 -0.0120016013856803
-0.0200564268975174 -0.0483688654029433 0.0831061681270393 -0.0178853531859816
0.00565619049317268 -0.0522179259168435 0.0886917519846565 -0.0197456008436112
0.038145227975869 -0.0516014495163347 0.0939504909080436 -0.0139490272412524
0.0589493578427136 -0.0438073626814132 0.111524153621402 -0.0299885310226564
0.0811232411824921 -0.0240958389791172 0.0723284097832059 0.0134714041386604
0.0695848045141963 -0.0269353218806592 -0.00406228004671487 -0.0217995091334586
0.0411793568650387 -0.0397130293644634 -0.0681724960150888 0.00893298938601914
0.022484329814099 -0.0541887382557625 -0.0800002448550437 0.0543075400108876
-0.0044919471103641 -0.0577899362564676 -0.0389290367074774 0.0943655789927518
-0.0313899392571401 -0.050144876391893 0.00301329814827424 0.0942189512449854
-0.0490239337008851 -0.0316199123885082 0.0317922414003802 0.0703818473510034
-0.0547912102649331 -0.0287006466466977 0.0495216845384602 0.0384080204968522
-0.059036127671773 -0.0192539669594203 0.0542349337375558 0.00413532467721946
-0.0687735428484213 -0.0364457406859698 0.0615104974044433 -0.0169344377226409
-0.0510500311830271 -0.064190970785275 0.0677741524751113 -0.0284256361499085
-0.0285746737212019 -0.0838301527570672 0.080860459610034 -0.0302549671140353
0.0171660999028037 -0.0883296663993614 0.087278791617558 -0.0230528088045159
0.0688422472671418 -0.0757166927076412 0.079784939007905 -0.00667787634097256
0.0963234466496276 -0.0586645862326396 0.0769894923235549 -0.0170465021763368
0.108021189426584 -0.0236571615232934 0.033193335748901 0.015905966984471
0.104083153247808 -0.0348727827997234 -0.031159376347158 -0.0231482838642785
0.0682838000764981 -0.0638340408172118 -0.0805442804195387 0.00674747824837753
0.0310580279326587 -0.0868951210617866 -0.0806695730734073 0.0480971665319032
-0.00872721633206552 -0.0857148135560178 -0.0403186949833518 0.076606195245308
-0.04275944352749 -0.0705204303457218 -0.0110221219581418 0.0726768145292946
-0.062952209499175 -0.0462798147080508 0.00869183604858647 0.0530032779959706
-0.0662000342484217 -0.0409251889020632 0.0238733948696409 0.0275407558051577
-0.0688465620200626 -0.0318478338328502 0.0273763104412666 -0.00572010324752556
-0.0786782934137679 -0.0512930224625401 0.0365959866872248 -0.028931276828637
-0.0575798830577362 -0.0830077865703057 0.0504915639843926 -0.0449399108692306
-0.0313653936539846 -0.106811625029095 0.074452466982935 -0.0414980324530904
0.0279769944298681 -0.109549522760375 0.083045261629329 -0.0239038842472342
0.0906931168670811 -0.086284705369418 0.0638981602966092 0.00549763252834436
0.119409120138687 -0.062492035592575 0.0357456645725428 -0.00109175781311784
0.116421230895652 -0.0223112886273456 -0.0158673973010303 0.0192680476107602
0.120306486505311 -0.0413783928395101 -0.0643246957931713 -0.0179103413493768
0.0808845220082084 -0.0802114995660549 -0.0913453068041052 0.00632588810433784
0.0296540085831382 -0.106882001142102 -0.0787888553728726 0.0386002734216639
-0.0157001758857533 -0.0994318385524513 -0.0459025354068568 0.0524333908616421
-0.0505028941299822 -0.0786569757041917 -0.028776627450351 0.0465406952403118
-0.0677308983696518 -0.052258201050926 -0.0179860353041055 0.0326865611593698
-0.0673288011663416 -0.0476586868914651 -0.00431941294971234 0.012626155769443
-0.0678219828572266 -0.0409155335357783 -0.00111563977783117 -0.0192869330901607
-0.0739823292314364 -0.0628634473702285 0.0101873843767765 -0.0432410366171933
-0.0502811515689364 -0.0930920375680715 0.032253430581503 -0.0603009399172986
-0.0202138138305476 -0.114993592283578 0.0667605372477356 -0.0500279047803406
0.0419921565285327 -0.110839514991201 0.0764172441053243 -0.0219416597844073
0.1041555078326 -0.0788749709759807 0.0450379622308081 0.0179541639834007
0.12621036876545 -0.0527702626427794 -0.00773674216884807 0.0119916723401208
0.10599300199026 -0.0185183595138628 -0.0655956959037448 0.0256823052005462
0.113335335027088 -0.0404594494161198 -0.0942611297022467 -0.00453535117699838
0.0757967198143225 -0.0811890186391794 -0.0973072117058034 0.00906123777007451
0.0222947947328005 -0.104597931787601 -0.0755953214477288 0.0266553926054405
-0.0197058088479461 -0.0933803713371705 -0.053275496448709 0.0262973729680528
-0.0489964747527955 -0.0720854756157072 -0.0497743873795844 0.0214000147740509
-0.0627943250975044 -0.0492134567749707 -0.0450639608169618 0.0131468164075335
-0.0580255819556545 -0.0466693524036438 -0.0307619163662691 -0.00401014790901416
-0.056723354388693 -0.0451290396700227 -0.0270780718108245 -0.0353423504164827
-0.0575667439853065 -0.0662410580010343 -0.0106887400646873 -0.0595993848212612
-0.0313103052250314 -0.0913775052200338 0.0193948489184621 -0.0757945516917305
0.000517467795158077 -0.105819190038129 0.0612138858136194 -0.0556298052166743
0.0564209362576711 -0.0921994986616294 0.0682618541394415 -0.0179318823608276
0.106269204136094 -0.0553732419427627 0.0248396816402874 0.024409715634477
0.116056143578873 -0.0320993377136539 -0.0477600851474864 0.0172654344821415
0.0761752357038654 -0.00919658542456262 -0.10755583177897 0.0340515138655294
0.0858037567556991 -0.0274524572739083 -0.113935103845963 0.0120036068530748
0.057792104332958 -0.0621900175350812 -0.0976159674284614 0.0117091913545632
0.0144426285575607 -0.0782853589906388 -0.0726364278607803 0.0165456833389832
-0.0159897554553412 -0.0687672299718152 -0.0627113712938626 0.00603217322371481
-0.0364516281988695 -0.05321275326591 -0.068633319895009 0.00290544255034455
-0.0454006530414667 -0.0391355327411562 -0.0672918024951603 -0.00193338453106921
-0.0403598362381856 -0.0395625003714924 -0.0529226655310527 -0.0197960792314751
-0.0384221661445562 -0.0411969175451108 -0.0459286427430799 -0.0530545359166532
-0.0342382805193213 -0.0592521217659021 -0.0230103413658201 -0.0786193183114125
-0.00984164053480943 -0.0748759769805671 0.016097473785641 -0.09094726335373
0.0198985626831865 -0.0804802885974388 0.0600581452157541 -0.0600210077118589
0.0615571202432 -0.0600767348852551 0.0594778689164729 -0.0144312484378801
0.0924496611814594 -0.0246848722894095 0.00654288464503048 0.0222791711373367
0.0888204058736929 -0.00798367768553809 -0.0788357909260359 0.0128559760168422
0.0338784800721017 0.00648598288710148 -0.132206999228005 0.0403481905007843
0.0463734158689913 -0.00505290842926713 -0.119581889649294 0.0268784779963595
0.0329884724401013 -0.0271529307411954 -0.0945798167161576 0.0139684935833046
0.00890733277912925 -0.0367698016231165 -0.0712971945627399 0.0122263862811236
-0.00460771007949055 -0.0329720975723196 -0.0706636454702097 -0.00262536001135168
-0.0141484948118198 -0.027593110033578 -0.0803415421616094 -0.00476522109559913
-0.0198119439276843 -0.0236863281142465 -0.0806044004205277 -0.0115276423489247
-0.0169174469031539 -0.0254377905553615 -0.0651819371771317 -0.0323691253412484
-0.0152686858948274 -0.0286351701719311 -0.0551096621234084 -0.0679477549942016
-0.0115322985807523 -0.0384070517049158 -0.0261395820133936 -0.0951143012568274
0.00295945409692741 -0.0448828928077832 0.0192683673085393 -0.102588365973119
0.0239791619867793 -0.0457557388835168 0.0618641121216955 -0.0634143658169521
0.0495006283803459 -0.0272920152184334 0.0540089812742061 -0.0149085037941734
0.0614934181737221 0.000348217675970887 -0.00361401988611743 0.0138468113712006
0.0478998223853173 0.0107710908710152 -0.0955529760284651 0.00213971790538387
-0.00136481154597437 -0.0193002339504723 0.104610291088872 -0.00592274019780419
-0.0202583191271781 -0.00996144610399908 0.018275230231602 -0.0272845397422084
-0.0224063728348023 0.00891238786761226 -0.0571839857850538 0.00993084257425658
-0.00703742913781726 0.0149520523333858 -0.0776259192079612 0.0631670685759949
-0.00253940617463858 0.011351551275143 -0.0297951401315789 0.111852736075775
-0.00368471293350645 0.00892043662504444 0.0268861838762131 0.111835116977265
-0.0056190519408476 0.0107698928660523 0.0627874644701797 0.08135053089475
-0.00994839359410369 0.0076892525360644 0.0811763428164583 0.0419302226192495
-0.012159093828233 0.0109894742678735 0.0867701777299224 0.0117562418950574
-0.0183654675568074 0.00701101100189717 0.0902515064356466 -0.00139093668162812
-0.0154100197078177 -0.00237279460022429 0.0837629448878068 -0.00349311979665039
-0.0137131345059642 -0.00310007804043514 0.0830502896385998 -0.0123261232086771
-0.0128619054609014 -0.0098694838732535 0.0906783238893756 -0.0176678098802527
-0.00351344941858465 -0.0235424838082654 0.109039886507315 -0.017939483637067
0.0104157290567117 -0.0237653474988336 0.135915279752564 -0.0423262401619343
0.043187352256417 -0.0254358955012191 0.0982140900640508 0.00343432306365256
0.0252935880210857 -0.0216840805276658 0.0130499282653585 -0.0223048856450547
0.00794127494388884 -0.0161832691024307 -0.0595861374883892 0.0121820314164873
0.00707837253435773 -0.0199421165343877 -0.0784073217905372 0.0612187058929332
-0.00459555465357134 -0.0242001460529819 -0.033357255728374 0.107729532569884
-0.0195734143517271 -0.0211221398978008 0.0184393725644981 0.1083742380163
-0.0306239681024248 -0.0107780811476821 0.0532066258526327 0.08001395245608
-0.0367834332059386 -0.0107314722711319 0.0720450584035622 0.0420804088812864
-0.040213842483292 -0.0042359416392081 0.0764055450422845 0.00778054080111118
-0.0485854538744813 -0.0158386755454157 0.082130897465057 -0.00976007485037028
-0.0369279556860759 -0.0374117165178041 0.0807893666900285 -0.0155662147741489
-0.0223178187799546 -0.0485959150769705 0.0843747490798371 -0.0214249182749594
0.00390033503129591 -0.0542303208250576 0.0890800014415535 -0.0224024065556726
0.0370038608613066 -0.054724544210057 0.095903678516906 -0.0179262791164938
0.0587372207382055 -0.0467098236079691 0.112870504715136 -0.0354560576267489
0.0817247968448512 -0.027576742844472 0.0738385378599724 0.00993945096308121
0.0700424993369011 -0.0311184981676997 -0.00532982172062949 -0.0224870044813049
0.0402837595994151 -0.0414225250600732 -0.0694761915026376 0.0110996195916594
0.0204526150382648 -0.056686817512926 -0.0798954273220546 0.058300853468919
-0.00716166994184608 -0.059178945784779 -0.036228482092532 0.0971313049038173
-0.0344762429908134 -0.0491653541064904 0.00682072326510512 0.0954722676602081
-0.0520021275523201 -0.0300221223866247 0.0355062973365054 0.0704724426741649
-0.057664315091652 -0.0264336860966765 0.0524978255298753 0.036689005512375
-0.0611064530786621 -0.0173978377955835 0.0556413505735751 0.00126622400901313
-0.0716934302933878 -0.0337205499580058 0.062498479982966 -0.0208045033579872
-0.0551150582119575 -0.064111686796597 0.0687421309696705 -0.0319882712020003
-0.0330164095365512 -0.0848532161987229 0.0819480434501739 -0.0340199936397336
0.0139269129861405 -0.0912467628818836 0.086731369622026 -0.0262021037925173
0.0677755435833517 -0.0805261037960444 0.0807796878064807 -0.00983332100791002
0.0962808916191703 -0.063619044013381 0.0783492156385667 -0.020735773627741
0.108228306078721 -0.0278066548470809 0.0339791034036607 0.014295825857047
0.105970139773765 -0.0403574633427626 -0.032971299348291 -0.0233589976365632
0.0667080586395924 -0.0669314840269996 -0.0819243418374974 0.0094261938634067
0.0275008870217188 -0.090270831364989 -0.0809898362068318 0.0516096779357128
-0.0132862522748021 -0.0877498367828417 -0.0387572678998264 0.0792292109580413
-0.0476255212859386 -0.0698952279949349 -0.00800162933643576 0.0741644810795896
-0.0665362983544366 -0.0439501571695158 0.0109794255730858 0.0538766659969093
-0.069592797567183 -0.0391004977925307 0.0257228134290825 0.0265710265398773
-0.0721023192814433 -0.0298875039581465 0.0268331053723875 -0.00755082607226356
-0.082827473498016 -0.0486666500395421 0.0361878598452195 -0.0316877595653065
-0.0632033012177982 -0.0830651298701369 0.049911512829294 -0.048310260888627
-0.0364419045781611 -0.107662324494469 0.0754922280835422 -0.0453491748196207
0.0242368202451527 -0.113517674935593 0.0832698802640882 -0.0267843813956084
0.0897598170317305 -0.0925043259815197 0.0648790009804756 0.00349536008233603
0.119376758751938 -0.0684539252447766 0.0367429650567939 -0.00259621437548332
0.117206330688899 -0.0271997946248535 -0.0161454000703061 0.0196326337607917
0.121728508269501 -0.0474934820518708 -0.0656629530518651 -0.0166036730653964
0.0792136372683756 -0.0848554912454123 -0.0931083337345223 0.00947389067227665
0.0256296905131872 -0.110683529552623 -0.0794101627690938 0.0416729142478157
-0.0210093921735736 -0.101247992977468 -0.0444905232089182 0.0542335892350921
-0.0551247778533583 -0.077643224893133 -0.0277167028012651 0.048423021194176
-0.0716148070242991 -0.0495569072372103 -0.0172585656156384 0.0342562036160157
-0.0713414896716372 -0.0450337936608963 -0.00358684256523608 0.0127785541981938
-0.0714090125387092 -0.0389879437620437 -0.0023447462743225 -0.0198040043971586
-0.079190904175412 -0.0603018913934827 0.00913794916240541 -0.0447617897066307
-0.056277065243501 -0.0936363843707423 0.0302370998449764 -0.0635223665590605
-0.0264034000730909 -0.11632200031802 0.0674220254313053 -0.0538297927692476
0.0382039795332343 -0.11561400422793 0.0761693070140828 -0.024645714943061
0.103485309037898 -0.0852386054354962 0.0466292018849569 0.0164896115025051
0.126498875241719 -0.0588620262529571 -0.00708045677217534 0.0126152192431159
0.106292434034956 -0.0229442058268954 -0.066280324838236 0.028330142060645
0.114467182412501 -0.046415789208734 -0.0955759667323833 -0.00212220924352175
0.0736866125987369 -0.0852647276159512 -0.098737889302964 0.0118495611837047
0.0185689909545555 -0.108052189438266 -0.0763966669003356 0.0296332055918931
-0.0245030594684697 -0.0945153430933064 -0.05278171427176 0.0283390470577333
-0.053523851943689 -0.0711004114595328 -0.0498732444864562 0.0238812299091081
-0.0659502235576661 -0.0468272526441306 -0.0455322836708124 0.0163277852628003
-0.0622746554119079 -0.0451844554592768 -0.0313710812778803 -0.00276090366487551
-0.0603756497226975 -0.0436357610483988 -0.0293694163243399 -0.0351175453842537
-0.061602848034115 -0.0655592177483809 -0.0135971949722522 -0.0612328413381776
-0.0367317064825239 -0.0924177066817425 0.0168707993690434 -0.0789163986175113
-0.00476060581803843 -0.107941917578605 0.0608187631135428 -0.0596108259437741
0.0533409463761731 -0.0965700726046836 0.0680676855163687 -0.0203970798387724
0.106605445495818 -0.0612071450016514 0.0261916516627301 0.0237580267905377
0.116468420377074 -0.037613967078424 -0.0467541694304817 0.0205400438067115
0.0764938158416957 -0.0123387136353779 -0.10849634676327 0.0383689830826346
0.0864517115432705 -0.0323297084830549 -0.115163174370691 0.0163215632823637
0.0560880388147743 -0.0649906020250028 -0.098595675759043 0.0148927595220948
0.0110554755715461 -0.0802494856666954 -0.0731881716224451 0.018844615420442
-0.0198735449264084 -0.0692400985077912 -0.0637309706499632 0.00749393846099721
-0.0396909985556754 -0.0522983871336787 -0.0705030205956617 0.00633358388755002
-0.0482733138372469 -0.037068224356952 -0.0692083617879328 0.00207894940397544
-0.043570038647233 -0.0383033539087254 -0.0542991068576537 -0.0176796863520846
-0.0409206787917327 -0.0404188014604896 -0.0494731848344896 -0.0517712431255863
-0.0374330712616075 -0.0587858423050239 -0.0265498307032701 -0.0792942298201075
-0.0140011741981893 -0.07563679194758 0.0129367495675904 -0.0935245321586046
0.0159282472533973 -0.0829804204497741 0.0593053282230687 -0.0634145241323992
0.0597201532853953 -0.0643299818192711 0.0599629027688432 -0.0173273101079602
0.0935568701083707 -0.0288050553312823 0.00742225481073362 0.0226072298514263
0.0897328831188578 -0.0114856775136667 -0.0788991796079004 0.0168226136776982
0.0341868101124029 0.00599144461032104 -0.133155340733813 0.0463325346240229
0.0469526964698165 -0.00726007736983342 -0.120171369425076 0.0317832344438094
0.0328136190269031 -0.0290799932832185 -0.0957214373284967 0.0173836500810632
0.00739369936807266 -0.0372962376703897 -0.0723476381994734 0.0142415176938401
-0.00632476124388436 -0.0330541360665199 -0.0724765889297357 -0.000707395044260926
-0.0156753000292298 -0.0272071243409153 -0.0828865790043651 -0.00110130088775804
-0.0211985052869363 -0.0230947908845271 -0.082503583668793 -0.00649704053580061
-0.018215127598977 -0.0253288345024964 -0.0677249927601099 -0.0302104785462704
-0.0172649342726686 -0.0286102001439215 -0.0596749852683066 -0.0671464714613855
-0.0135621033409634 -0.0385647506716413 -0.0303797404878072 -0.0958539138167303
0.00131385004637196 -0.0459692338984856 0.0155859405802926 -0.105516432461784
0.0223518656242293 -0.0480504640604892 0.0613289641766436 -0.0674662848334443
0.0491931696321517 -0.0299357654239386 0.054401968693564 -0.0176779364143925
0.0624816493167185 -0.00197809856957394 -0.00391830693339892 0.0145152419303798
0.0484151855367904 0.0093923095066822 -0.0966819949764905 0.00696738653345743
0.00670953401218059 -0.0186489233870468 0.0966837591355637 0.041094825353839
-0.0135898140558536 -0.01802504102438 0.0294910638854665 -0.016395042007924
-0.0236342628307254 -0.000938444223317405 -0.0550047134736462 -0.0165001905430157
-0.0116495595891862 0.00976831594441227 -0.0976166695456045 0.0238640456359165
-0.00580386621188961 0.00897771618720959 -0.0757429233261083 0.0867344382750292
-0.00598810558969178 0.00625926155029548 -0.0248990959391174 0.112082670302986
-0.00913847114597249 0.00756136514966545 0.0207156792785574 0.0999837007651754
-0.0123185483656186 0.00254181527496511 0.0539554623461478 0.0720528600771011
-0.015339179700704 0.00416893526596648 0.0728649887294882 0.0472620818860223
-0.0184945806366118 -0.00145882651677076 0.081634199811066 0.0373131458198734
-0.0123137622378849 -0.0091541919944766 0.0761149507998027 0.0333397089361461
-0.00944186782386284 -0.00986545738964212 0.0789229214212442 0.0261362816656325
-0.00568476027751712 -0.014561501872868 0.0891851942422317 0.0257329986133263
0.00912184373953367 -0.0228893234657091 0.1069290994507 0.0350809680578308
0.0197585113890746 -0.0165505371241887 0.142092822431555 0.0270484752161862
0.0491632145397278 -0.00479740343365498 0.0868130248105516 0.0453225705963759
0.0327136828331246 -0.00851919335266543 0.02161749744612 -0.0148946596800663
0.0146287070742551 -0.0101742216803823 -0.0593956456815543 -0.0156958085642762
0.015806503248458 -0.0147921989580844 -0.0986143328584812 0.0205100435011114
0.00822534535044858 -0.0241982236350559 -0.0791361386693957 0.0813073779361734
-0.00784299475443366 -0.0278150983207124 -0.0321770587915958 0.105508166005309
-0.0227396488494473 -0.0226146483614442 0.0129324707970829 0.0954334735253095
-0.0291049291462583 -0.0257676577799846 0.0463129732044719 0.0679415971398689
-0.0337486805517176 -0.0215968613803909 0.0652943331351211 0.0394130286565522
-0.036695006701563 -0.0348385150417514 0.0781375027783649 0.0251841830362162
-0.016985652437976 -0.0510548199305236 0.0800303833864888 0.0201700260972896
0.00221866746508498 -0.0541713862330936 0.0847728899896941 0.0175380462244479
0.0293154550056156 -0.0469477552964871 0.0897165841925459 0.0208298520847818
0.0588118586221725 -0.0331178283486588 0.0951907807917651 0.030597822627508
0.0736328953540535 -0.0162090307365131 0.118373044475434 0.023154551992972
0.0859274940447065 0.0106714169458652 0.061690705880175 0.0390638290893114
0.0771971236807275 0.00304862440928755 0.00472315129053378 -0.0236878324400078
0.0558267583166535 -0.0186741089866089 -0.0685881545051238 -0.0213902011769673
0.0434500485322036 -0.0412042775695832 -0.0992639506055012 0.0160541245913642
0.0216747150866264 -0.0563171972457304 -0.0776704855699678 0.0709723784359137
-0.00891968523922409 -0.0591941034386634 -0.037864784870319 0.0893858861829753
-0.0333041522661844 -0.0498600271932072 0.00015212228254003 0.078228530168907
-0.0405552272641386 -0.049873404319342 0.0307402182174672 0.0546505159381045
-0.0472656411001526 -0.0429339952044586 0.0492632232229211 0.0235505688613185
-0.0501035164443767 -0.0614775890525915 0.0652216018447491 0.00716161176207364
-0.0227375111231204 -0.083138546510564 0.0767222074635203 -0.000785300146600244
0.00769395996155917 -0.091103941380162 0.0897535762929353 0.00367845661533057
0.0547700820427774 -0.0754686446739147 0.091422061354706 0.0164850841205344
0.0976510570005789 -0.042665748926512 0.0779997852026709 0.0318320822176904
0.114856273691774 -0.0152907507403519 0.0800763648650494 0.0207340014225455
0.109705510378665 0.0235791070369713 0.0234878354125827 0.024454459967154
0.113556608072849 0.0111936059750839 -0.0208000452252245 -0.0371193860387217
0.090509415373056 -0.029457087575973 -0.0798789517261515 -0.0297285990460359
0.0648626218751714 -0.0685533735839022 -0.0985802368318892 0.00925903164559882
0.0283685898482515 -0.0840834145559192 -0.0732763828670834 0.052946764277956
-0.0112073306027394 -0.0832128641652304 -0.0415453401001575 0.0641871813154779
-0.0404854804177955 -0.0682884610933299 -0.0150360386874105 0.0541488526502445
-0.0468560993131113 -0.0666468350834406 0.0111484228298825 0.0342684736920868
-0.0516655968268978 -0.0584396794523751 0.0273411521253229 0.00371790931595805
-0.0538923593663387 -0.0789178351458666 0.0468636821316601 -0.0153021992819415
-0.0217840755753903 -0.103027376099182 0.0677733263094414 -0.0242083358674401
0.0142300937403456 -0.11276905399869 0.0893664770313908 -0.0100176816428979
0.0729965171734707 -0.0909698828046322 0.0888421363242921 0.0136423481141737
0.122875690124249 -0.0436508157692123 0.058308137958392 0.0358885062241335
0.137652197037277 -0.00910865272732378 0.0342999638008437 0.0174366161620744
0.117976669416472 0.028698699370101 -0.0241927736599278 0.00670028708146251
0.13174903361457 0.011156672145307 -0.0548222685948655 -0.0458742983212892
0.109747809227398 -0.0395325903746602 -0.0902312547568333 -0.0344359269978019
0.0721203684381368 -0.086902140097594 -0.0933190717859177 0.000590336643888703
0.0265749326925672 -0.0995225350337058 -0.0681898271266522 0.0284617166616294
-0.0156757313402788 -0.0934793152089541 -0.0481307159026781 0.0320744315755627
-0.0434448595043133 -0.0754505460471932 -0.0322165646555656 0.0242487614856708
-0.0456965065332695 -0.0729267910620336 -0.00955393342562346 0.00945356312569456
-0.0478426886259522 -0.0661270045015558 0.00619334582763739 -0.019271251656528
-0.0458262923148594 -0.0878042825374864 0.0277104217660266 -0.0381851545972869
-0.0108519963324135 -0.109764307284339 0.0571279979372336 -0.0458785115386886
0.0270218309444693 -0.11590732658085 0.0863559231477265 -0.0214455773027402
0.0867943748972971 -0.0867184787125712 0.081742898349968 0.0128971910199658
0.131075224234878 -0.0310677010487251 0.0354588390218296 0.0398157200924022
0.13885982128764 0.00236081579358605 -0.012266492983069 0.0110494522556292
0.105614214205504 0.027617031713969 -0.073310173130455 -0.00745735022660055
0.125084869785679 0.0087397379592799 -0.0889332351786901 -0.0459714334439621
0.106228282514526 -0.0431215194581025 -0.096958403949381 -0.0343735360518509
0.063803471444832 -0.0875245230503451 -0.0853724695420622 -0.00884171087070804
0.0207587115949722 -0.094949509313956 -0.0646537470169247 0.00119353666292345
-0.017073067071055 -0.0862429561381854 -0.0574491243802545 0.00104425679319255
-0.0396690355700936 -0.0708346159771578 -0.0490086516355486 -0.00461905818966526
-0.0374940164204428 -0.0691380893075388 -0.027431590373207 -0.0155005406683485
-0.0364622579241823 -0.0650102202047272 -0.0107304014998345 -0.0446331657657019
-0.0287420132777125 -0.0849964593870517 0.0152955243230494 -0.0615417535696498
0.00545177540495877 -0.100116890073496 0.0516138257245898 -0.0656744149989673
0.0419925065152593 -0.0997647085681197 0.0839485157015628 -0.0281342359078777
0.0914958296498179 -0.0629768124898154 0.0718567211565619 0.0132711533080405
0.122782979967897 -0.00836766989831363 0.0126323523865576 0.0370052632101493
0.120757730502903 0.017374714314552 -0.0525555928477515 -0.00161468318260657
0.0745033499391091 0.0237448677193864 -0.116324388740152 -0.0157075485922821
0.0934927220276171 0.00993283440388324 -0.112639087336025 -0.0372363885901955
0.080275339550888 -0.03218976395266 -0.0973728192095716 -0.0314554968567291
0.0458858282297217 -0.0660171447469797 -0.0765848936972977 -0.0162754178765607
0.0131455740132859 -0.0700754832224608 -0.063623848844407 -0.0212925355428574
-0.0128454189978529 -0.0631214218617845 -0.0668439769517191 -0.0244512396087449
-0.0281771337133328 -0.0538683320571203 -0.0635234186186952 -0.0276435925945429
-0.0234129882826177 -0.0540451281681074 -0.0411518348444485 -0.0383028171042632
-0.0204441247741888 -0.0541178612319544 -0.0214285254864665 -0.0680322789967227
-0.0101839333907395 -0.0687690261483734 0.0110166314026931 -0.0827797234053821
0.0191053358759218 -0.0753116440734036 0.053777539109228 -0.0802566093158846
0.0498592283223132 -0.0676821490217373 0.0847397177858937 -0.0322527280754841
0.0825698989551373 -0.0310370006548401 0.0631238544308768 0.0124676866116875
0.0960613526686938 0.0151779255860755 -0.00416828206128975 0.0266095731140867
0.0852389514111365 0.0289790993784432 -0.0789360590988181 -0.0197231604488278
0.0292509817289606 0.0216525658324136 -0.141259768514474 -0.0189314265789446
0.0467401537504242 0.0146732247134522 -0.123178452580672 -0.0251458572808414
0.0429237974294352 -0.0110251721675896 -0.0944323563791473 -0.0278118472561192
0.0233252118746881 -0.0288361973754116 -0.0725281857703944 -0.0200682415402506
0.0087892195468486 -0.0306894298702611 -0.066436117047773 -0.0337427413769979
-0.00201991774528983 -0.03022869270326 -0.074121076287277 -0.037351344641295
-0.00976221887768542 -0.0298871729547429 -0.0718128108867142 -0.0415986152972572
-0.00594742261251812 -0.0309157293101173 -0.0477955360613187 -0.0557540530249287
-0.00385490187475366 -0.0333058467824625 -0.0246405727098878 -0.0850870209558483
0.00366718567154491 -0.0405592265579044 0.0145999067815787 -0.0985050844980162
0.0205951509208219 -0.0412812560508319 0.0607680920028259 -0.0881159208387152
0.0406698967578741 -0.0334778460403493 0.086899440428596 -0.0329988570367058
0.0577681827239131 -0.00486857897336464 0.0584860044689631 0.00978765719050733
0.0571061243832553 0.0257939382486526 -0.010629406113049 0.0130550498083944
0.0393753292439829 0.029657590275592 -0.0907192988652629 -0.0380307705549293
0.00649728591133837 -0.0184165588283902 0.0961052880538947 0.0357082151056551
-0.0138493741392147 -0.0170425258581042 0.0282072838935636 -0.0176591532669245
-0.0224672966635768 0.000171985028569937 -0.0541269444590522 -0.0135693952737813
-0.0109043516730003 0.0100261411436918 -0.0946958133458021 0.0275404653314314
-0.0050250130441563 0.00825947024763614 -0.0708320223845919 0.0880301218691776
-0.00562072559958529 0.00613134051406728 -0.0190316821025838 0.110123582044086
-0.00827811450751195 0.00725374120459779 0.0255751162798153 0.0964012056928013
-0.011600399853475 0.0025726075586453 0.0567390612619997 0.0673028176184828
-0.0144011758845498 0.0045677790245934 0.07348273514146 0.041876986868738
-0.0180942934742543 -0.00104467306129867 0.0817025583931415 0.0323936961089085
-0.0125998595072027 -0.00920315428763852 0.0767852907726217 0.03001347519345
-0.00920273164700574 -0.00910224064398779 0.0780658101647094 0.0221657554215543
-0.0059816202798589 -0.0139108372557479 0.08671812950513 0.0220971445133596
0.00793696215865568 -0.0232786722440663 0.105703550647603 0.0304558282269944
0.0191908567318599 -0.0174069460989379 0.140074448466242 0.0192886541144848
0.0485233653091467 -0.00637672927413553 0.086500775025631 0.0401168785011522
0.0317561442863452 -0.0101786704586021 0.0206852187810351 -0.0160466060599364
0.0142715983450795 -0.0104038950220651 -0.0586255098447918 -0.0124627069055908
0.0144822721287123 -0.0156103768138678 -0.0957762181706109 0.024443451033012
0.00673012020617286 -0.0244409575260926 -0.0738476193977271 0.0826276530820499
-0.00892942833221555 -0.0272789246941104 -0.0261838134417209 0.104119394765527
-0.0230433801117283 -0.0210514619878253 0.0168628205215393 0.0916955439427572
-0.0293360039126306 -0.0240135830217915 0.0487020826311213 0.0638405468663308
-0.0341175424652486 -0.0194154352848064 0.065915235690384 0.0349502333249217
-0.0378841691648614 -0.032423387658957 0.0779498005070667 0.0212058432722415
-0.0195467295099138 -0.049623961863656 0.07973996263461 0.0157870405234004
-2.69294495918197E-05 -0.0529823293762867 0.0843506504403076 0.013553629809497
0.0265743303827013 -0.0471432713824625 0.0877607936293524 0.0171142990270802
0.0559238951616941 -0.0354924277620301 0.0940099772815772 0.0259981736303331
0.0711956209348563 -0.0194281559954629 0.11708362381413 0.0170412466199389
0.0836557261578569 0.00740242281872001 0.061681886501734 0.0347981828705425
0.076139622917661 -0.001241743483571 0.00404798276055734 -0.0240422601325248
0.0539249590520449 -0.0201158387068239 -0.0677642227541472 -0.0179244261622759
0.0404850294595333 -0.0426372229010956 -0.0973619314381944 0.0199247371558467
0.0177069047941658 -0.0563011384947851 -0.0730306420988176 0.0723857365264357
-0.0119911702675905 -0.0577423324271994 -0.0321120219691612 0.088661058760012
-0.0349416152692 -0.0465764599699926 0.00372048949272091 0.0766412814806435
-0.0429180958590143 -0.0467212211787142 0.0326344000606095 0.0517426810156367
-0.0482040676688449 -0.0399040990749305 0.0485162283965845 0.0209230935074308
-0.0525036299041533 -0.0571211126637258 0.0648760591518386 0.00362199767916005
-0.0262746712919468 -0.0809850490639559 0.0756612000902186 -0.00466742050437414
0.00335562423302027 -0.0893882293112163 0.087670984856017 0.00036450909690929
0.0502975312227806 -0.0770932796784355 0.0887389658496224 0.0128932765451255
0.0942869766367105 -0.0469195167895229 0.0775552258984488 0.0279683299196491
0.11125833360076 -0.0199112967850191 0.0796296237922832 0.0165174307332543
0.107705160672103 0.0180891340922946 0.023735042722872 0.0215424791601725
0.111987250730077 0.00481453820213685 -0.0209845745510886 -0.0358443373598299
0.087728441169278 -0.0319483787233307 -0.0793544372099017 -0.0254852074461163
0.0595937536745246 -0.0699761007147909 -0.0958216332962369 0.0129786572342851
0.0231366950308031 -0.0840928295501676 -0.0691853495968422 0.0545513599533284
-0.015457665222542 -0.0808303532367902 -0.0380498147845611 0.0642995905272531
-0.0433140117840174 -0.0645891554619795 -0.0120997088269427 0.0529208664093269
-0.0495283099963397 -0.0624674803617282 0.0121986209840071 0.0330983590941629
-0.0537638895048326 -0.0548676641298952 0.0269839635817728 0.00203107005403277
-0.0569079114492187 -0.074807769389332 0.0457155141713462 -0.0175763481675974
-0.0267276527973672 -0.101100790198734 0.0656864775494212 -0.0271887728609739
0.00834666603830533 -0.111366584004767 0.0879305207383802 -0.0136644163154832
0.0676176967093838 -0.092909573355859 0.0861813034294139 0.00962754471021187
0.118113461579661 -0.0487786129694047 0.0579577138933006 0.0329452778113913
0.133611696073563 -0.0145671253495093 0.0345036961545825 0.0158226837092864
0.11554180552485 0.0225606340180955 -0.023447926792219 0.00653805551714575
0.129728533390967 0.00467345749348345 -0.0542610015305645 -0.0434481724367864
0.105036477234007 -0.0431612607923177 -0.0896874995072716 -0.0303067087329876
0.0662294904978166 -0.0882273628703157 -0.0915917015611232 0.00438779617367456
0.0208086899048171 -0.0985641979928125 -0.064654707372049 0.0301699900933289
-0.0200207943696427 -0.0902546895881527 -0.0455291674760002 0.0336364929042563
-0.0464105491829783 -0.071399245102033 -0.0300472147645243 0.0255673284976101
-0.0482654556763766 -0.0687283332649251 -0.00849133867032268 0.00996894068773802
-0.0501396356333574 -0.0626407796024812 0.00454515027274043 -0.0199932461350105
-0.0496286063087808 -0.0835793707775143 0.0260057324187584 -0.0388584897557014
-0.0167488571535764 -0.107425497518372 0.0544039368755407 -0.0483624943853618
0.0205351951688894 -0.11458112880376 0.0845824957119439 -0.024661641694167
0.081064246740515 -0.0892008748072085 0.0794443650592376 0.00963308906756808
0.12751555143973 -0.0369057600819094 0.0355185100651307 0.0372865255393426
0.135692498515974 -0.00360306584456208 -0.0107634996673412 0.0115871210022241
0.103689808979818 0.0223447398657999 -0.0722083895451564 -0.00480812938679878
0.122768928128166 0.00290245545098677 -0.0867839413225613 -0.0412496066914458
0.100781671357768 -0.0459082146482149 -0.0951699740123059 -0.0294765421517551
0.0581948997395678 -0.0885358341713449 -0.0833692111894242 -0.00509075862458076
0.0150155283232468 -0.0942834432069938 -0.0621770916411748 0.00321670255390344
-0.0214429264632272 -0.0834539030057943 -0.0562839291284012 0.00306532643101912
-0.0423035412208066 -0.0662943867925039 -0.0481287474827207 -0.00137378783746059
-0.0404977677643087 -0.0649335380886917 -0.0274320134977407 -0.0142814740605737
-0.0388620220754417 -0.0623565829464309 -0.0132125770344444 -0.0432104587844058
-0.0326212791802693 -0.0815998279017714 0.012145122698567 -0.0615193738132467
9.81187446688929E-05 -0.098843115205292 0.0473647558244078 -0.0667918635749092
0.0358885698739264 -0.0984408597444869 0.0820687059628493 -0.0319914163931756
0.0866653255807383 -0.0663590533775689 0.0701322252559951 0.00948267073666024
0.120092189494317 -0.0140981131641136 0.0137549318670762 0.0359436981395591
0.118391967897099 0.011277896255368 -0.0504061044240243 0.00160189628882286
0.0733369442727672 0.0203930161297845 -0.113735923066108 -0.0111362810965548
0.0917269647718962 0.00511392252025656 -0.110695752528771 -0.0318973362827996
0.0770890183859472 -0.0351691295313674 -0.0956795946082572 -0.0268228855790076
0.0416651066277965 -0.0668672840002048 -0.0755884996341551 -0.0134745465051976
0.00926443742150262 -0.0691895027201907 -0.0628402386775284 -0.0193895126933905
-0.0161678454759008 -0.0608953582854269 -0.0672646462558821 -0.021408317270899
-0.0303970103513223 -0.0510316137160784 -0.0631908926158604 -0.0236038239169308
-0.0260253584319806 -0.0513704391670089 -0.0416386289240933 -0.0357526765491927
-0.0225194113134225 -0.0522884110935185 -0.0247505990969567 -0.0651549548021526
-0.0131568693324438 -0.0668168523441357 0.00672795469285281 -0.0816466433304408
0.0145208481800788 -0.0748584201929738 0.0487300988382324 -0.0806324221906913
0.0452383206010825 -0.068373521246049 0.0815565743365239 -0.0352591451433937
0.0788618077781083 -0.034315416174946 0.0615310661349739 0.0094821368829117
0.0954506479273162 0.00980500807591542 -0.00346133968230937 0.0266511019146551
0.0836320781855044 0.0242756946191642 -0.0774241822702572 -0.0147598339164454
0.0289376630161425 0.01959760464164 -0.139216921521275 -0.012599834581479
0.0461029683552611 0.0123148539571925 -0.120384908503485 -0.0200555269561477
0.0414857626502504 -0.0121618589186568 -0.0929639179680677 -0.0239351065774748
0.0215458025358798 -0.0289133693653921 -0.0711835725669603 -0.0172298918499358
0.00697399843033115 -0.0305343986008891 -0.0660959419140416 -0.0307724894806356
-0.00347591729128779 -0.0289033806224403 -0.0752600068683615 -0.0327621067659101
-0.0108604466197408 -0.0282999777007089 -0.0716446581970537 -0.0364685502002528
-0.00779998232129722 -0.0300803991972252 -0.0492321273872071 -0.0515685115772849
-0.005785498472715 -0.032140361838844 -0.0281231671296133 -0.0815512769472182
0.00164971388105051 -0.0397133203010219 0.00919356028483081 -0.0970061348273122
0.0178727574898549 -0.0416289986025077 0.0551233762481109 -0.0895266699415002
0.0380245703114807 -0.0350622857593749 0.0833189288916675 -0.03682683386507
0.0562168798590923 -0.00726221176886726 0.0568848877673777 0.0067883351585529
0.0564874392046872 0.0222562038136239 -0.0102939709796118 0.0137932746008858
0.0386267984658842 0.0269185152001746 -0.0894583709573995 -0.0312712229986009
0.00628238000856358 -0.0178491621674833 0.0941369932603906 0.0317209497343316
-0.0137052201478322 -0.0168418159873918 0.0280649495964543 -0.0189034671913019
-0.0213033927170814 0.000455792781911283 -0.0524811246116492 -0.011634362614901
-0.0104125965151932 0.0102508053019977 -0.0913125166368599 0.0292892606490124
-0.00444212176124187 0.0082298109511177 -0.0671886107830416 0.0873590152699229
-0.00518864190910293 0.00558105583782767 -0.0147298227703534 0.106600814508256
-0.00796801649194724 0.00708400843344364 0.0279132440095628 0.0924475632882333
-0.0113266893858227 0.00287808386829268 0.0568395314752836 0.0633478248944469
-0.0134609546586347 0.00471902385888407 0.0728599670885634 0.0384630412026834
-0.0180563012863816 -0.000567664264599157 0.0813203785545767 0.0289109575874248
-0.012528293427186 -0.0089020423671045 0.0756047766393725 0.0274856539158184
-0.00858472588534019 -0.00875556994627322 0.0759381631087238 0.0201197117037533
-0.00570912055248794 -0.0139252956399591 0.0837900594081288 0.0201935940831848
0.00672152596095127 -0.022862243455348 0.103348913964865 0.0269084693038929
0.0185864306363755 -0.0175380913434235 0.13692417834326 0.0147458241894178
0.0466150417601669 -0.00743561644475777 0.0841078915323691 0.0361287644353686
0.0307576443153959 -0.0112430826100823 0.0203491456919811 -0.0168024979486789
0.0134410716700794 -0.0103646304555435 -0.0563484505598861 -0.0111771081379022
0.0131932445409675 -0.0154105353206324 -0.0923651144641409 0.0261706055030811
0.00562971108674837 -0.0238651321457001 -0.0698134725165815 0.0819977869897897
-0.00962433985870158 -0.0263501833691813 -0.0220973037312839 0.101358614898638
-0.0231292496399142 -0.0198049513540939 0.0193087853976403 0.0879378718195775
-0.0298760777909994 -0.0223972629409825 0.0487781011975259 0.0605786278673835
-0.0336400017424252 -0.0178435515727785 0.0645136707368135 0.031671245133208
-0.0378620065546848 -0.03049798720254 0.0774225763199848 0.0174656340672275
-0.0206386245839638 -0.0479749775553887 0.0784334071484459 0.0138919795202619
-0.00128196773676535 -0.0516701786400365 0.0822273815635577 0.010866463377723
0.0247714773830585 -0.0468735447210064 0.084859227477781 0.015691179807744
0.0538381240572558 -0.0359887017619 0.091396043091383 0.0234783508728987
0.0692455868140677 -0.0208850325095943 0.11400862989672 0.0127259303202067
0.0808711638524661 0.00519862140642303 0.0604975966369297 0.0312613905722371
0.0741115317025051 -0.00353157380822535 0.00387949477174549 -0.0242514192299252
0.0514987432269726 -0.0203074153018322 -0.0655960687515066 -0.0156661149822572
0.0374774082305626 -0.042698235839616 -0.0942738180422281 0.0217805068747765
0.0151723745254675 -0.0553221158239451 -0.0691479063107852 0.0716162445509771
-0.0134302405313903 -0.0557597217813673 -0.0285632166547623 0.0866714204441868
-0.0353536776324069 -0.0437238316767997 0.00601916771525203 0.0739693716893358
-0.0435568900242738 -0.0439678910108036 0.0330960786914394 0.049044292151436
-0.0482597177866875 -0.0374642985016256 0.0479191146074897 0.0183329465237473
-0.0528162235761338 -0.0537926540151527 0.0639395167703703 0.000892019661838189
-0.0285998042048267 -0.0781582894170408 0.0738259867647188 -0.00645072771252719
0.00079722861626325 -0.0871690243656015 0.0857397987366258 -0.00161645137238932
0.0467271310916316 -0.0762731953285846 0.0846880162824798 0.0111258475382652
0.0904550329427938 -0.0483484563368219 0.075870497626279 0.0253460573949625
0.107573030609447 -0.0225855417956442 0.0779081804057365 0.0137095197500897
0.10437811802061 0.0150055944015585 0.0236497742580126 0.0197872985421406
0.108951830750332 0.00126023558298368 -0.02079428261218 -0.0351848411642587
0.0840114455258709 -0.0326212434288792 -0.0768433233290589 -0.0231160105996426
0.0558699246870114 -0.0697696339976713 -0.0937464802335712 0.0150675421346017
0.0197752333481068 -0.0826762936109667 -0.065787737348491 0.0537506446621845
-0.0175570645481243 -0.0775122127470276 -0.0350196967965275 0.0625214121843802
-0.0436768379409889 -0.0610322421287751 -0.0104970439060204 0.0519123313508518
-0.0504654174544137 -0.058915291713382 0.0130421409149988 0.0314303931747583
-0.0540647173464473 -0.051968992571165 0.0256235723914687 0.0010568783572564
-0.0576730979472688 -0.0705179829759964 0.0443625410526549 -0.0183904454653077
-0.0293419448341012 -0.0975602002239899 0.0633933861197794 -0.0282246326811914
0.0041901611678103 -0.108204352551582 0.0852880172863586 -0.0158098610178224
0.0633708024707205 -0.092130062032434 0.0827851413230551 0.00842280550248991
0.114016373093455 -0.050689732301296 0.056558715550341 0.0305198883134385
0.128919547777671 -0.017898645436595 0.0345396205309852 0.0146498425454183
0.111773403473836 0.0194540753919169 -0.0226237922547895 0.00621197063174351
0.126078597407524 0.000942512145352843 -0.0526094445434214 -0.041909446035123
0.101281407834406 -0.0443331550519501 -0.0866412063087082 -0.0274860072855728
0.0614965721334742 -0.0877112822573057 -0.0882589055027713 0.00610757343399431
0.0170993192315809 -0.0967466833537163 -0.0617117608016569 0.0300252416506114
-0.0222783725492785 -0.0871394650925965 -0.0434733162014158 0.0333622732234875
-0.0466038517373412 -0.0674285727777225 -0.0286383924454961 0.0260098707243852
-0.0499212922283559 -0.0646358726609196 -0.00760758543732098 0.00947912024083716
-0.0510756776666734 -0.0593006840352255 0.00367373481545958 -0.0195174180037927
-0.0510947812244514 -0.0797565515633233 0.0243051171147639 -0.0390856240855129
-0.0206404349367768 -0.104210196446574 0.0514980888972953 -0.0489918327434802
0.0161070591464812 -0.111364275284622 0.0821257134445149 -0.0267718380688908
0.0759704406301201 -0.0890491105678574 0.0763199744706209 0.00708036920755655
0.123194445080141 -0.0399131125745269 0.0352564308189829 0.0352270632161372
0.131420709240274 -0.00702692834541384 -0.00941082895303906 0.0122220624554109
0.100647204743181 0.0197948021418726 -0.0707261741127212 -0.0037231608282963
0.118857393337291 -0.000493708979969754 -0.0841219794217099 -0.0391170555247572
0.0968397584101144 -0.0466373047986806 -0.0929573486314202 -0.027041631336844
0.0539157036973084 -0.0875784175659251 -0.0810352357075555 -0.00332107341479552
0.0114407156207536 -0.0918747385043584 -0.0599271594181414 0.00350322622071963
-0.0233865865016085 -0.0797388076630369 -0.0543547636982907 0.00387252040335665
-0.0432432989283071 -0.0626847633306519 -0.0469686209964076 0.000660579262609331
-0.0415371568054216 -0.0614017841750602 -0.027084364491959 -0.0129510016777441
-0.0397277079428399 -0.0593108694149721 -0.0145545770214223 -0.0415715795989074
-0.0343616284383927 -0.0779479527685242 0.00969793910912237 -0.0602312012029539
-0.00384363556834501 -0.0956727187119459 0.0447508961388764 -0.0665362779038524
0.0313680691704042 -0.0967718506667549 0.0793203460907591 -0.03388470187541
0.0820971508413138 -0.0670708073048296 0.0678182599847988 0.00791774245421302
0.116478017460229 -0.0173726852747619 0.0137130041999846 0.0343934674933696
0.114196516022997 0.00768709322208461 -0.0480009949033681 0.00367429405990817
0.070976357025328 0.0178130312398153 -0.110771701407492 -0.00799705506622205
0.0887556743413071 0.00204717166667995 -0.106938266245472 -0.0286688432905761
0.0731627659108758 -0.0355806057569249 -0.0931001878116675 -0.0246709087483085
0.0380881279397979 -0.0657309747945714 -0.0731852116730518 -0.0119125821395831
0.00622633657817448 -0.0673902123191633 -0.0608882421609707 -0.0181899809178961
-0.0175489785221008 -0.0578962221196011 -0.0661638204776489 -0.0190923869646381
-0.0310866034069933 -0.0478013192343932 -0.0622838836892915 -0.020041419796957
-0.0270372345413327 -0.0488815753378161 -0.0414356453179342 -0.0335354690318072
-0.0241121897552113 -0.0494635423994012 -0.0257859945090413 -0.0621952257363877
-0.0151562445448328 -0.0641159005401419 0.0041138318281223 -0.0796667087115685
0.0113387152081578 -0.0726883504592448 0.045448770015071 -0.0803675501897178
0.0408858430137282 -0.066870496221083 0.079098409418149 -0.0364643230631651
0.0757334430782351 -0.0355391803876496 0.0594359896464518 0.00746306618691509
0.0929802856330266 0.00665917156553706 -0.0030317830706393 0.0263961602282947
0.0809249189506707 0.0207334348809282 -0.0751738655565791 -0.0106970803519979
0.0282340409818567 0.0178726215559427 -0.13499578001384 -0.00848225257289329
0.0444535173838311 0.0104958249937229 -0.115706010233929 -0.0166184815659737
0.0397667202696577 -0.0127148832108312 -0.0900649335194968 -0.0216292956767928
0.019873982830638 -0.028790827818763 -0.0692695254759381 -0.015562749085525
0.00553642929822957 -0.0294876526206882 -0.0652656173596663 -0.0285638993945565
-0.00435410569960359 -0.0275633141581371 -0.0744429824211847 -0.0300793481090756
-0.0114384916560079 -0.0266927086339117 -0.0707044605096347 -0.0325635834199159
-0.00878924772716233 -0.0285985560765397 -0.0486985001575788 -0.0481811222693176
-0.00683196873854269 -0.0311339554053594 -0.0299998322323814 -0.0781422918145923
0.00016226192123879 -0.0388852655827002 0.00576312235866037 -0.0942810113230268
0.0156169136774872 -0.0402934417794446 0.0507342947255781 -0.0888258195382824
0.0354350731947914 -0.0347008001884434 0.0805916547914369 -0.0384290719975648
0.0539532889084297 -0.00863488923602111 0.0554929295664625 0.00507304590500255
0.0555985665026526 0.0201649658919765 -0.00986044224544358 0.0140801825280774
0.0372078581180542 0.0254280503590962 -0.0866370838489198 -0.0268868097108479
0.00615343286197072 -0.0177271303458805 0.0922175545094035 0.0293779093776455
-0.013545417559656 -0.0172571194254591 0.0278509432699678 -0.0191050579098487
-0.0206404924531538 0.000264933188919021 -0.0510897055703299 -0.0110191517929313
-0.0100181378352178 0.00979545866670359 -0.0886963636948299 0.0303286541685754
-0.00423182570287379 0.00773089611411812 -0.0650186292413589 0.086043743475415
-0.00486604303709721 0.00515852595151507 -0.0126744243220878 0.104085463270846
-0.00711767024440829 0.00640069707538323 0.029174827680566 0.0890791116270193
-0.0108320229254577 0.00255766039451648 0.0563204226027999 0.0609178790740541
-0.0128161538304461 0.00440540610527516 0.0723449599499328 0.0364762909012101
-0.0178517140317816 -0.000253876691213832 0.0809617420774768 0.0273313407461981
-0.012555207466837 -0.0087856001127677 0.0751120637144684 0.0262437399435597
-0.00882097491356384 -0.00920338752340285 0.0743558778906132 0.0191328403844553
-0.00566959119075362 -0.0136374287814067 0.0817954691781686 0.0200277306991278
0.00650746354113125 -0.0227995116452986 0.101064937045597 0.025994434234221
0.0178455432989752 -0.0175294739314608 0.133701681820389 0.0126404657006891
0.0454800992074852 -0.00785569176014022 0.083086953925994 0.0338935667760867
0.0299520023048996 -0.0120655245362369 0.0204078298441227 -0.0176176442518174
0.0132559822291606 -0.0103560780004768 -0.054840968744474 -0.0104816755006092
0.012469191429185 -0.0153786138344952 -0.0897236234630086 0.0265159783630688
0.00492865633217556 -0.0241528531847402 -0.067113932069779 0.0807091106164399
-0.00994009552125439 -0.0257981702846136 -0.0202648342782252 0.0990851231727226
-0.0227892412632406 -0.0194478775631088 0.0205886153803253 0.0853678525937818
-0.0297322999378815 -0.0214017285943395 0.0486392556851452 0.0577397476677436
-0.03290372944734 -0.0174709797987487 0.0639851201034895 0.0294742777337462
-0.0373863304188473 -0.0291172976136061 0.0764969264187199 0.0153492799194449
-0.0210554350281696 -0.0470596083577554 0.0773513907104143 0.0123007874968399
-0.00179420096067275 -0.0510623817873591 0.0805716186427213 0.0104676440643098
0.0237533134277267 -0.0467018165986018 0.0819754745296732 0.0154520774250472
0.0525657436744409 -0.0367413618728218 0.0890072977296757 0.0220934912685049
0.0675951762695149 -0.0212388754694129 0.111886460169618 0.0112071680280468
0.0787216257529419 0.00441548706744645 0.0591576373424624 0.0293838931367619
0.0723854345778148 -0.00480912902466077 0.00428132629304431 -0.0250591276433948
0.0497156393192061 -0.0203086117236331 -0.063798736943633 -0.0152082052673471
0.0354486765267182 -0.0418372794815899 -0.0915585654846493 0.0223118496745605
0.0139053407759068 -0.0546697989725841 -0.0666732480710266 0.0702804088435826
-0.0138097678239035 -0.0544840509746341 -0.0269990976320946 0.0845361935877805
-0.0356055982956486 -0.0423086576101037 0.00729536223672752 0.0720674090910519
-0.0434655359372914 -0.0422700767580939 0.0328376681593045 0.0471637434437877
-0.0477561221730502 -0.0359739450813697 0.047244899113641 0.0171537010601513
-0.0531675775232598 -0.0521722038226075 0.0629414584219919 -0.00078211611555549
-0.0299012728998624 -0.0769532429947599 0.0728481749980006 -0.00761959036879231
-0.000601186793174099 -0.085533613812577 0.0839019300700757 -0.00279024109260746
0.0450428063010264 -0.0753604559800325 0.0824902199270837 0.0110741364549185
0.0881523537344132 -0.0487586462242824 0.0738731908538274 0.0238188509228724
0.104931386441782 -0.0231864666192184 0.0768206825439073 0.0124018394235601
0.101489472990288 0.0144707668746395 0.0228185909313868 0.0187796745988023
0.106931840041862 -0.000626608369207172 -0.0196517852345456 -0.0350529628352578
0.082103661684443 -0.0327384141126947 -0.0749979016557322 -0.0220080972837329
0.0531424712968847 -0.0688796065625615 -0.0909888193333531 0.0153893094889896
0.0175296755951163 -0.0812716436475994 -0.0631356518772187 0.0529998028939241
-0.0187202506310229 -0.0755329325374711 -0.032850557265877 0.0614499778425273
-0.043661876161627 -0.058125772252402 -0.00892816601284271 0.0509670140749851
-0.0505628130271163 -0.0565275693647651 0.0134080850660098 0.0301889436679613
-0.0539774488368717 -0.0497272603601156 0.0249961764760901 0.000713033457277015
-0.0579116092545785 -0.0681232510253945 0.0430728685285953 -0.0196780905290574
-0.0315186880003545 -0.0958793652312262 0.061720125630121 -0.0295377110353667
0.00258148824410649 -0.106316615190032 0.0831412642491857 -0.016596235115679
0.0609469445562757 -0.0915647602372946 0.0799923622146145 0.00816090458877693
0.11133483137088 -0.0516884182503069 0.0552794683047046 0.0292855155145555
0.125985915314097 -0.019334858182969 0.0345755351797856 0.0139605898652524
0.109024250045795 0.0185365589593257 -0.0222759187176489 0.00592992514696308
0.123160050111952 -0.00102642202315797 -0.0509293662948345 -0.0410429469433934
0.0982153361255623 -0.0435940782263283 -0.0847548541256275 -0.0261099590681577
0.0580838617016574 -0.0865121072789849 -0.0865874071458945 0.00673135613655061
0.014511758754874 -0.0951131125766573 -0.059777876225019 0.0286425115431508
-0.0233937980919132 -0.0838938862122098 -0.0418709423551661 0.0324264933043972
-0.0473242011578464 -0.0647785972150109 -0.0275969497973374 0.026240543848739
-0.0501369355883373 -0.0619560456365186 -0.00693733975111709 0.00946871851678535
-0.0510354842027768 -0.0573546177571254 0.0030108219784267 -0.0194295251168242
-0.0513145432397017 -0.0765341458774356 0.0235677921639449 -0.0396534309457444
-0.0227866942367481 -0.10179175773004 0.0499590953999862 -0.0493537253335982
0.013499135962414 -0.109406792297638 0.0801931085656064 -0.0277223479980273
0.0731906158374131 -0.08857577024 0.0738830726901413 0.00732362627732085
0.120372701748061 -0.0409337082221504 0.0342901272157599 0.0340400395835394
0.128077971544252 -0.00882506975012064 -0.0082864007533782 0.0128674418034069
0.098403350298661 0.0178552727779589 -0.0688905009407569 -0.00328178238774749
0.116190416874785 -0.00233800525437928 -0.0818793628872818 -0.0378800274383603
0.094119949448386 -0.0464662653696669 -0.0901845369770141 -0.0258657135176788
0.0506378174030346 -0.0864080328629831 -0.0788000402919652 -0.00264821828705642
0.00881234059146223 -0.0900926877478248 -0.0579955486653204 0.00307854641634009
-0.0240906896853538 -0.0770492809425895 -0.0536190724747025 0.00410146241616349
-0.0434386859160169 -0.060002051351783 -0.0458673000149294 0.00163622866757323
-0.0417987861640083 -0.0590951195716549 -0.0261180699792332 -0.0129751653743522
-0.0402411910186885 -0.0573662507253205 -0.0150846827545913 -0.0402946991199276
-0.0350169473428463 -0.0756042931756321 0.00852180896160679 -0.0597819760348105
-0.00576469503484127 -0.0936444109939579 0.042726396608021 -0.0663449004274475
0.0290249693005442 -0.0946753670899103 0.0775545734798827 -0.0346487938939607
0.0787417659375908 -0.0668450400796732 0.0657544651912735 0.007332902693755
0.11370497006971 -0.0188892804450615 0.0134783497805671 0.0335566691546546
0.111346003841588 0.00596587625769435 -0.0460903484659325 0.00454815531575765
0.0688773051731677 0.0171001023591501 -0.107971374842512 -0.00682489582403907
0.0867375378950404 0.000926751659492359 -0.103890029253256 -0.0276895999246918
0.0712582691736018 -0.0352227628531384 -0.0910234518059251 -0.0231712934148865
0.0361313142109939 -0.0647141301647367 -0.0707188581589618 -0.0112077597128367
0.00487067572198912 -0.0658444782889144 -0.059764664617786 -0.018234984883764
-0.0179809853451824 -0.0562060402088199 -0.0655171156890395 -0.0179599791069755
-0.0310809722530345 -0.0460751103642831 -0.0613042810282301 -0.0180650790521308
-0.0275106000700639 -0.0469771850127567 -0.0408433111733632 -0.0322594054028809
-0.0246937141284936 -0.0476508862601219 -0.0267324172173002 -0.0607573295613239
-0.0161217857210317 -0.062321601192945 0.00285460334518829 -0.0783412097461145
0.00890282146844053 -0.0709208957393506 0.0435454240976378 -0.079280344153176
0.038535253668908 -0.0660314114110704 0.0770489123320921 -0.0374253313293104
0.07290765492336 -0.0358238127297906 0.057677307914839 0.00713565965924118
0.0905127905306306 0.00480497797912616 -0.00229634392816461 0.0264255299998955
0.0784914556231049 0.019140627987936 -0.0725006235506419 -0.00871593004105913
0.0273003966937576 0.0173225256747816 -0.132224540348608 -0.00697573505395413
0.0431270694055795 0.00977143725546164 -0.112592015545224 -0.0156124776666686
0.0386170136385651 -0.0127802264325308 -0.0879351916672708 -0.0202898329632852
0.0189862004660442 -0.0284425596152697 -0.0675450790931691 -0.0147164137305421
0.00481189902682499 -0.0285657321560558 -0.0642997950469837 -0.0283120006321796
-0.00451074377212794 -0.0265362514508229 -0.0738932079936432 -0.0281234681874729
-0.0113953729526175 -0.0255061447568071 -0.0694953344618834 -0.0304766405350192
-0.00913145389017714 -0.0277982181732126 -0.0480955689116236 -0.046406046211513
-0.00746720341545452 -0.0300765900455918 -0.0300442896609004 -0.0759800496215138
-0.000565928426676768 -0.0374016365901994 0.00446529247109442 -0.0919022071526128
0.0143713916109928 -0.039139563896202 0.0483476470492553 -0.08741999703106
0.0336811540949031 -0.0338270497396298 0.0790158204916694 -0.0387018621263133
0.0523166444689037 -0.0090735723893577 0.0536880690005917 0.00404603511133203
0.0542986058969598 0.018736645318786 -0.00935265979975364 0.0145783605471584
0.0364040214521443 0.0242146187164919 -0.0843886983903262 -0.0238973438154108
0.00635313360374276 -0.0177879390435458 0.0910264577184743 0.0280138548176351
-0.0139208632172083 -0.0173096106264471 0.0277480042321297 -0.020412442501987
-0.0204781635782055 0.000254902009326193 -0.0500949041069774 -0.0109433304552577
-0.0101509086675774 0.00968305004506991 -0.0871406615369896 0.0307981940982688
-0.0041999283997824 0.00746229049201725 -0.0634494529461462 0.0863909847862073
-0.00487419215675858 0.0045784411264495 -0.0115137254166578 0.102967689263835
-0.00690870292592509 0.00601947130746132 0.0304676719145264 0.0871260124103502
-0.0111764934618086 0.00274020251146311 0.0570218368639985 0.0596118205325762
-0.0125139725756323 0.00402776420004197 0.0722248126974927 0.0345669078282488
-0.0176188481888309 -0.000195848137144404 0.0808960474252569 0.0253088372200801
-0.0124916770163424 -0.00885214133622588 0.0752092431684922 0.0257461817299218
-0.00837575376724244 -0.00923469054495438 0.0733032547359356 0.0193910588641575
-0.00577433513312034 -0.0138506880423813 0.0799392586011238 0.0205723692970223
0.00602025180063661 -0.022415438064191 0.0998763280517791 0.0254581330016584
0.0182411237182663 -0.0175594559497009 0.132275121020323 0.0107517646007221
0.0448442879468169 -0.00818693759521149 0.0821302978336568 0.0323084275060908
0.029427467288555 -0.0131757058916387 0.020703419306657 -0.0187029585671641
0.0131836147155443 -0.0101055643368334 -0.0533217576275013 -0.0100295816410735
0.012375130368264 -0.0157385918989411 -0.0884333512860516 0.0272769697483558
0.00470994076097577 -0.0238416385236235 -0.0656150862297051 0.080187026611687
-0.0100493460490421 -0.0256416775586117 -0.0182958383677268 0.0975343808858849
-0.0228099152179307 -0.018799815436236 0.0218043117774064 0.0836492624515396
-0.0301701504506296 -0.0212325944362916 0.0486387121284306 0.0563147822981553
-0.0328127445157281 -0.0173872084721139 0.0638704942134386 0.0278339281336547
-0.0381302372974789 -0.0278562454010203 0.0761386290439185 0.0138570006751666
-0.0216242705895624 -0.0466536162544514 0.0770596459977663 0.0114848986328824
-0.00239721384900793 -0.0509763138743346 0.0790898632443616 0.0102880733699228
0.0232136600455925 -0.0465961758926442 0.0803002639664346 0.0161806629570089
0.0513521734922175 -0.0370613696326546 0.0880146369068622 0.0215320488197167
0.0664818791879538 -0.0219796078525804 0.110459630887698 0.00936479269359758
0.0778283691501971 0.00417006189537177 0.0584390880809714 0.0282340692182336
0.0719844719838744 -0.00586342619375205 0.00451862689707857 -0.0260687132811307
0.0491097111618967 -0.0201053599945783 -0.0625034055534478 -0.0152528064967711
0.0346069696722522 -0.0421493340737453 -0.0904241707616193 0.0227478449490588
0.0120902506505126 -0.0549226593625793 -0.0651327061281489 0.0691443528823501
-0.0143647130420055 -0.0537135900000036 -0.0252731999004724 0.0833039904952792
-0.0361504091321729 -0.0414183619284044 0.00763927094170258 0.0712008723528926
-0.0441997142056956 -0.0409891132694778 0.0334263122731506 0.0462317648520065
-0.0479930543838845 -0.0352331032271798 0.0467026570687239 0.0164279361010885
-0.0528697887188171 -0.0503794998903943 0.0623827142939767 -0.00233590482960622
-0.0310452043566573 -0.0755898168981703 0.072409570452208 -0.00878380393762461
-0.001752238577987 -0.084488566015395 0.0826077140743195 -0.00408987364442325
0.0437858623399165 -0.0754895313515207 0.0809256888470489 0.0109526929214704
0.0869539637112831 -0.0493923722087547 0.0726699999721956 0.0228575382974597
0.103700972637187 -0.0245281708628502 0.0763453993730297 0.0120530272460763
0.10074336552605 0.0137003253803969 0.0224157821709721 0.0177226480019523
0.105516990898058 -0.00177221563291117 -0.0191923640966292 -0.036123851226397
0.0805021380043771 -0.0321996505268318 -0.0730679811710288 -0.0219286565790318
0.0514804808481012 -0.0687212705569769 -0.0900007508660899 0.015589460711112
0.0160494308955066 -0.0807892087698253 -0.0617806671677724 0.0517727103115066
-0.0192886342948435 -0.0740004163679745 -0.0321727440528224 0.059748899047431
-0.0441972318992114 -0.0570552362145184 -0.00865168523213927 0.0503346726957694
-0.0508471166142155 -0.0550357315721846 0.0132687947961994 0.0295156841452115
-0.0542811958985974 -0.0489267098323158 0.0244227164080348 -4.32841875862197E-05
-0.058510099121093 -0.0662419422158202 0.0428336377683481 -0.0204009552501919
-0.0329032129450018 -0.0940409777873678 0.061361429803476 -0.0303587268032004
0.00117016918325024 -0.105580996533819 0.0825601317120588 -0.01763215412426
0.0588254022162764 -0.0919553668535408 0.0787571968130636 0.00816532255330308
0.11016021267082 -0.0524255538680412 0.0544848193620225 0.0283386411419293
0.124035326586354 -0.0210178741097803 0.0347841837118107 0.0140294189601636
0.107699616588312 0.0171957495656865 -0.0223281681743321 0.0053323506998485
0.122152353007628 -0.00288071925832676 -0.0502087513255182 -0.0415155131286627
0.0971677645797679 -0.0441062166851673 -0.0831899739659736 -0.0254312789425602
0.0565226390116024 -0.086162854669872 -0.0855048568890356 0.00675831128818168
0.0127234616257351 -0.094237030529299 -0.0581234143345041 0.0280537567528587
-0.0245082763666367 -0.0826674155953455 -0.041733079377483 0.032250682721145
-0.0473205489927865 -0.0629408211956149 -0.0269491527053811 0.0266593616871279
-0.0505375714603847 -0.0606554682599561 -0.0071060053201257 0.00893666393337511
-0.051559875818669 -0.056368184292023 0.00246414708738283 -0.0189810740927687
-0.0518221328920999 -0.0746647795974596 0.0224634336120954 -0.0404457576222092
-0.0244724662090132 -0.100510071081952 0.048860457451385 -0.0500744489216306
0.011360047492604 -0.108457995947131 0.0791589637418892 -0.0283465648833619
0.0707751689209609 -0.0885917384936735 0.0726587138014505 0.00730475123317904
0.119304586910796 -0.0421085896431306 0.0338141605111979 0.0338682047282524
0.125680561024677 -0.01008192692516 -0.00791499200691078 0.0126682672637613
0.096503832743077 0.0169336088171747 -0.0682724631188575 -0.00291110347453325
0.114620249019209 -0.00388387999291581 -0.0805936598251068 -0.0374308501223709
0.0926103028673654 -0.0467120158819435 -0.0882652946092244 -0.025015262869923
0.0496937415000088 -0.0855774986469452 -0.0775361370777292 -0.00241027174150229
0.00683798263467161 -0.0892629384517339 -0.0574119103159069 0.00238517562223659
-0.0246066066124455 -0.075803760093409 -0.0535555893050949 0.00432496704020672
-0.0429946358156188 -0.0584216879044139 -0.0454553755185118 0.00273072881560314
-0.042524197279247 -0.0575753318112649 -0.0254799366547899 -0.0125190059384226
-0.0404766781924011 -0.055418123877638 -0.0152242090125156 -0.0398504218854053
-0.0361191628522365 -0.0737324238488446 0.00738658862400574 -0.0592579417777198
-0.00762445685312735 -0.0921423041629399 0.0413093480430022 -0.0663787461269792
0.0264991332139894 -0.0935380010186326 0.076535679830822 -0.0356055673636895
0.0766605936202598 -0.066965245868212 0.0643289098134739 0.0068563537895774
0.112118483119368 -0.0206374164242408 0.0135597786713641 0.0335817533703118
0.109036736618694 0.0049178300950392 -0.0444066567605461 0.00616376147085583
0.0677442725309585 0.016385887216742 -0.107050437063273 -0.00586288827279819
0.0855986681530267 -3.22075340191126E-05 -0.102380321201928 -0.0268878651265038
0.0701399669461941 -0.0353040929705204 -0.0895695654377627 -0.0226088833032629
0.0342234496711811 -0.0643267038756529 -0.0700138396484143 -0.0108999828796192
0.00324697843995701 -0.0647400249628865 -0.0594217417479567 -0.0183943845033706
-0.0180004124600748 -0.0551521355986831 -0.0656025966715812 -0.0172144581452644
-0.0310280007348903 -0.0448963367055988 -0.0611782143300211 -0.0165932566786039
-0.0282170403006783 -0.0460976871919365 -0.040315947349031 -0.0315430316012814
-0.0250125005175341 -0.047006783486011 -0.02711531523443 -0.0595752233026501
-0.0172244391944507 -0.0608652929981431 0.00184899088873976 -0.0772799590855443
0.007745248192772 -0.0700334408986251 0.0411186694606861 -0.0792026604094077
0.0370387605409768 -0.0656044210780281 0.0759367024686644 -0.0385708284140637
0.071172613764841 -0.0364864995516348 0.0567984111783165 0.00624332154805052
0.0893959782391386 0.00385258118127957 -0.00213574488042235 0.0264819995788904
0.0770647923618419 0.018304458088404 -0.0704622607760966 -0.00737937828252566
0.0265896708386803 0.0167240817257212 -0.130616062580663 -0.00558734543736321
0.0426179098343145 0.00893718839351451 -0.110575839350116 -0.014996045333253
0.0374017741793589 -0.0125111893268813 -0.0864103195893196 -0.0201122759434719
0.0182345904919011 -0.0277267455920624 -0.0662046500772616 -0.0146959095484005
0.00459317761890285 -0.0282603993441257 -0.0638551380760711 -0.0282840304823606
-0.00460507420719351 -0.026263904359517 -0.0743248911292017 -0.0273170281359123
-0.0119438623078699 -0.0245529143407254 -0.0697148560981043 -0.0282649069118878
-0.00987457436600808 -0.0272679827320138 -0.047896012979495 -0.0450321553146851
-0.00808605408930136 -0.0289335520821502 -0.0308264166138142 -0.0742165482079044
-0.00104473400516871 -0.0365303400057908 0.00272482768810305 -0.0905852648508647
0.013594914871201 -0.0382916893618462 0.046827031066003 -0.0867888331694302
0.0326351097519934 -0.0340798106041304 0.0779152917931814 -0.0392606724618351
0.0510162290378241 -0.00950153119695024 0.053606862377767 0.00395633340241471
0.0528116642893203 0.0179546603314681 -0.00890347750418379 0.0149745273744803
0.0348212703445844 0.023439528799811 -0.0821411498401984 -0.0218365111391983
0.00863270089160732 -0.0150181212323768 0.0833732902800266 0.0440538597994795
-0.0100721724663888 -0.0187978940850903 0.0321401000801885 -0.0163982361900154
-0.0191991934619882 -0.00436580353538653 -0.0453689362970815 -0.021177568679163
-0.0103314065688116 0.00596438751434476 -0.0905298971634138 0.0124743779410788
-0.00513716955921729 0.00406916148953052 -0.0780241154657328 0.0710645883407801
-0.0054601060737332 0.00184243002065119 -0.0313170525577424 0.0975866974548394
-0.00762907363370992 0.00423072194572308 0.0122526569163158 0.0911694354462719
-0.0113892387336517 -0.000518467381277395 0.04302680705059 0.0688338481379025
-0.0130734131949616 0.000782996400493544 0.0632692826583621 0.0478298682783409
-0.016774316059077 -0.00373660997627828 0.0728645853352908 0.0402896488931276
-0.0101857078372046 -0.0116733172075709 0.0678501848300011 0.0402309653400628
-0.00575299874018957 -0.0114464026700591 0.0665435091539535 0.0344723341524099
-0.00164134550361089 -0.0149622028865319 0.0737889625849241 0.0372152897538223
0.0113415535013703 -0.021245775041827 0.0933661396588053 0.0459857882315478
0.0210503696951616 -0.0138596613138462 0.129376578442068 0.0395482884481207
0.043473840126709 0.00206473244450659 0.0743683127901287 0.0467593006266744
0.0299054849302284 -0.00713576542357653 0.0246875558316129 -0.0143747622742783
0.0151650126147105 -0.00786001792142441 -0.0487035205586759 -0.0206216099381342
0.0146128555614321 -0.0132510737155084 -0.0906930743668584 0.00886108069354751
0.00890193737249566 -0.0239444274811562 -0.079100300106175 0.0654274432550341
-0.00469955140828673 -0.0281956764437268 -0.0366514452990607 0.0910549081673674
-0.0180591540656481 -0.0232135928975162 0.00415678373589027 0.0858583067509523
-0.0255262596969331 -0.0271911916834737 0.0356374617889592 0.0642407846911727
-0.0279005698391724 -0.0235440698427782 0.0561319610565312 0.0392321003980766
-0.0306061709657527 -0.0346652746634119 0.0703887583048744 0.0278835664588384
-0.0115500489264436 -0.0507286789307681 0.0721583172087905 0.025566142878409
0.00950141851333112 -0.0498672795940896 0.0741985386975976 0.0257139796818108
0.0341119902398798 -0.0401779685825044 0.0762476804870901 0.0318829807480805
0.0586889812353615 -0.0253892394926051 0.0834030211463456 0.0403738115251402
0.068836810146567 -0.00751443607722679 0.108750173988275 0.0339146357426565
0.0725827340198517 0.0202166306245439 0.0526329483854664 0.0388376679014348
0.0693181447890038 0.00693558240079104 0.0102652887531432 -0.0233208891835714
0.0518225046342693 -0.0104187409779292 -0.0555132726396415 -0.0257395823183726
0.0407905939158078 -0.0340174699671884 -0.0903477863307437 0.00446188416296291
0.0229846602673797 -0.0512207953359469 -0.0765615395108461 0.0551952001655716
-0.00334613892628278 -0.0554145281519434 -0.0395773026278687 0.0757040659772689
-0.0265074335456452 -0.0463417940055057 -0.00685092932314097 0.0704953741238527
-0.0355852126120943 -0.0492473668765399 0.0229661044644292 0.0510047782838561
-0.0392401853398283 -0.0442729039029539 0.0423059297546673 0.0245518081402668
-0.0410528825148561 -0.059325941896676 0.0604061056748949 0.00873631146344965
-0.0147904966446844 -0.0802233555845669 0.0712706623503353 0.00335894350552249
0.0168129422915261 -0.0825384091054897 0.0815099526971322 0.0110531469657245
0.060546347607206 -0.0642650389762798 0.0780853313268705 0.0259258585172557
0.0962197716645551 -0.0299735837413721 0.0681764288402493 0.0387737222728407
0.105550634486117 -0.00139525405230949 0.0740606118824289 0.0286895222880626
0.0923401723486774 0.0331764956776257 0.0198432813634151 0.0209695615036119
0.101432388776299 0.0170517844863565 -0.0115182252077612 -0.0360944427117013
0.0844548767044908 -0.0155810320081262 -0.0645437426256858 -0.0334138058778361
0.0621510692091975 -0.0554699140564628 -0.088159724725425 -0.00219639384019403
0.0308301076760875 -0.0751204368199646 -0.069861939525247 0.0389779561543742
-0.00428524571054536 -0.0760083717628284 -0.0423515258861796 0.0525126237596117
-0.0315556041056845 -0.0630784962188184 -0.0184928710180468 0.0473096378598377
-0.039884322854931 -0.0642863159166769 0.00754138933918668 0.0308061860702538
-0.0424150329059482 -0.0584531531991813 0.0240471866252146 0.00389051138621496
-0.0428627142458087 -0.0753151392705445 0.0452093568193115 -0.0134515473381523
-0.0128984909994017 -0.0989205687193007 0.0645753583543648 -0.0199985457801619
0.0240258791863118 -0.101350122027123 0.0837959527359514 -0.00299676282166791
0.0786446819727094 -0.0764632559153434 0.0766432108954058 0.0218803184617538
0.118830418582416 -0.0280972622315388 0.0493768832067317 0.0409093570483459
0.12470808736018 0.00675696211317316 0.0324435624088202 0.0214101571058869
0.0984154256704676 0.0382657053623257 -0.0213286638021971 0.00159441943318401
0.117800939763106 0.019681606544787 -0.040816054833257 -0.0465222841999056
0.102679602574201 -0.0238305448688296 -0.0733070426036902 -0.0381412515859946
0.0699307996106134 -0.0717640939445734 -0.0816107867203565 -0.00912023567939643
0.0309264144367823 -0.0881690070987752 -0.061934701554419 0.0163870511278588
-0.00701743865965268 -0.0843240996292887 -0.045375469328829 0.0230230659629375
-0.0337139287410078 -0.0692741554712104 -0.0320447459166833 0.0198077745039755
-0.0379792687811337 -0.0695345912961242 -0.00854743105493699 0.00673133131904525
-0.0381150919586138 -0.0649588662198511 0.00646514727078493 -0.0189282666168032
-0.0349531139446311 -0.0824035089359839 0.029446006710302 -0.0360073065067586
-0.00331699167172613 -0.102415575588505 0.0567667891725148 -0.0421924166901454
0.0340650791758266 -0.101295733269984 0.0835641615423115 -0.0150213027359428
0.0898052148019023 -0.0710956217496151 0.0709201152289841 0.0194410638072516
0.125325084865019 -0.0160758982047103 0.0281676946455982 0.0416380451687838
0.123598164543839 0.0175069532809479 -0.00906741543313567 0.0113989541584105
0.0890899804073203 0.0352694044940093 -0.0648792339059068 -0.0158063941377564
0.11127616267231 0.0167384407877986 -0.0711187807488113 -0.0487620805703195
0.0985743661303746 -0.0268151607324543 -0.0789612763825351 -0.0391341063792531
0.0635499655761902 -0.0720691545275238 -0.0721136527568444 -0.0166538782986687
0.0243187945613438 -0.0842248665640021 -0.0559506244674621 -0.0085527589658443
-0.00871263866257346 -0.0776241290910449 -0.0519004959402034 -0.00646777024818596
-0.0309056174740204 -0.0641369726404124 -0.0447811151611487 -0.00723005945567519
-0.0310990617780451 -0.0646269767857985 -0.0224340853511105 -0.0174009363128701
-0.0279462424646177 -0.0621429433505311 -0.00717996570425268 -0.0418574131451101
-0.0200346753795685 -0.0779804490482353 0.0198569999584852 -0.0575784285568872
0.0105715714375067 -0.090856535026288 0.0534002357734097 -0.0595788406507711
0.0448227446773137 -0.0842034819605406 0.0829773155823886 -0.0216688832232135
0.0900925857021797 -0.0485517707552829 0.0632051508195716 0.0183981123712272
0.113846555956518 0.00390213085156644 0.00788555614620072 0.0373970025085557
0.104375444850063 0.0281784459077994 -0.0446168067100793 -0.00397420996147341
0.0621011164661585 0.0277693265708138 -0.102311437105937 -0.0260078285104504
0.0830185452316843 0.0143212428401645 -0.0940791351129722 -0.0438846591658709
0.0748290152184439 -0.0210755068920273 -0.0799287952146238 -0.0383703503302334
0.0451284286546757 -0.0540952539558782 -0.0638398739670061 -0.0239450616616238
0.0162291539752203 -0.0613884946193662 -0.0540214487632403 -0.0295381423625484
-0.00622505608604742 -0.0558674260481388 -0.060235564927393 -0.0296861191837468
-0.0212023933095367 -0.0482733494919072 -0.0557955228497056 -0.0288169556173288
-0.018830738664223 -0.0504879416728894 -0.0322979610436227 -0.0384479744950091
-0.0145485956817958 -0.0498024439079974 -0.0134524875118655 -0.0631218974758736
-0.00463244572475448 -0.0619548581423473 0.0174488897843928 -0.0748757162619151
0.0212922441501548 -0.0654976025977125 0.0564013423732866 -0.0704684705742175
0.0486902813625311 -0.0547193677947014 0.0833237452724495 -0.023800948808775
0.0774381461158107 -0.0190125115522103 0.0563594320899821 0.0169926370160665
0.0863490937919722 0.0225983140823799 -0.00670426547090688 0.0270033540578669
0.0703425064436325 0.034876059492232 -0.0677283365131517 -0.0223175861782096
0.0227781370131518 0.0205906478417943 -0.125584570908094 -0.0297462646542381
0.0398068289241057 0.0151769658744248 -0.10428798790364 -0.0342618564180002
0.0389441725551699 -0.00542247882318841 -0.0786033821719847 -0.0365152625975047
0.0237666134989242 -0.0232477613413887 -0.0602837103249427 -0.0273009062602213
0.0100795324735121 -0.0258815664077878 -0.0564836289904909 -0.0399886127560606
0.00132717137540707 -0.0254373010238028 -0.0672748501065315 -0.0411282265016828
-0.00625486584999658 -0.0256369130479386 -0.0623838831843092 -0.0415080012905899
-0.00473703961452343 -0.0285384430099562 -0.0370394921146975 -0.0542353217836471
-0.00169169037482072 -0.02932070738113 -0.0152678684754442 -0.078194510844513
0.00546024671789008 -0.0352405714950249 0.0211822210742247 -0.0869396112454929
0.0207391777315785 -0.034124122479981 0.0625561846651069 -0.0759982512199712
0.038064332620865 -0.0253555515503847 0.0851199893585669 -0.0235863763529233
0.0521502695341325 0.00204379986399358 0.0523125254366883 0.014718824139214
0.0478813541526672 0.0288242883945012 -0.0115383238567055 0.0145576409365527
0.0282311074500676 0.0307517541158813 -0.0766457622540823 -0.0393652943115088
0.00888112762508057 -0.014950108483464 0.0825311904329511 0.0418604012132493
-0.0103117396450128 -0.0188082644964055 0.0315550344317181 -0.0172336561186564
-0.0192983002711958 -0.00426560613676054 -0.0441919329463259 -0.021344661784161
-0.010574324576465 0.00588599124859032 -0.0888672535721501 0.0127051654709265
-0.00522162508206069 0.00394777907105487 -0.0767767900718736 0.071269358138568
-0.00572833531371131 0.00161849423961558 -0.0296146717649765 0.096552452768101
-0.00706242728247877 0.00348246201907799 0.013615323419052 0.0891270954083146
-0.0115241392560473 -0.000580450073494415 0.0439466634543827 0.0672000411566784
-0.0130863342502243 0.00103442356357595 0.0631698732045988 0.0453740509604371
-0.0164999883407133 -0.0034408341237634 0.072804776425307 0.0383816192785167
-0.0105942749180576 -0.011533812468001 0.0673603572165647 0.039717930572217
-0.00558935564860445 -0.0110331967112991 0.0652366814402638 0.0335645782078163
-0.00161701398586548 -0.0150767388895032 0.0721696853848005 0.0371912377028105
0.0111362898359034 -0.0215423128802067 0.092205861035685 0.0454170528342275
0.0206011552339233 -0.0141329566217212 0.128284669827616 0.0372859584692834
0.0427851670800441 0.00174028562266979 0.0737957762590534 0.0448489875102628
0.0292998998769412 -0.00769890743659921 0.0245271957137102 -0.015776875292716
0.0143924976573831 -0.00831952061844308 -0.0477804115917904 -0.0202227497824238
0.0139306986372559 -0.0134575910573097 -0.0885824037547886 0.00943661339780211
0.00811447308781052 -0.0238199460555642 -0.0776499040660636 0.0657588915918842
-0.00566686199487457 -0.0278268406053409 -0.0347119245606125 0.089856306086101
-0.0182120564192302 -0.022319547243024 0.00631778779051232 0.0834179444501301
-0.025925816692194 -0.0262195071255259 0.0362337205374576 0.0626313212368101
-0.0282754092506487 -0.02348545877612 0.0563548411501359 0.0375409351044864
-0.0305493124565291 -0.0338145778866235 0.0705037710690777 0.0257654886812096
-0.0127410663156288 -0.0495773094394941 0.0719366735110119 0.0242925894393186
0.00794993664885745 -0.0499353900307569 0.0733149348279698 0.0244862007923371
0.0332388810194315 -0.040428069781211 0.0744091673972916 0.0314305474933057
0.0579313825351586 -0.0265126121347691 0.0816927858352739 0.0395736739828167
0.0675672373043145 -0.00845776326498494 0.108109381011699 0.0318171062235458
0.0718138109613102 0.0190822278860398 0.0521332396505563 0.0368629432069486
0.0685884288557614 0.00540206170127475 0.0106017365186843 -0.0240897282992459
0.050722496961405 -0.0106675558713414 -0.054338018109754 -0.0248755192247931
0.0394012576777332 -0.0337856214868082 -0.0890735013112566 0.00520472396104695
0.0211012699161377 -0.0506168148066974 -0.0745849296758379 0.0546814314476049
-0.00462238451018079 -0.0546429440931551 -0.0384079337229769 0.0745354856859199
-0.0263264477004586 -0.0455489249456048 -0.00508034748064051 0.0692078964867286
-0.0363910799823171 -0.0482352302663381 0.0230519237454088 0.050033438255158
-0.0394753053393052 -0.0432134119720802 0.0416612176244823 0.0226560286561741
-0.0418823194874183 -0.0578886497661359 0.0599489125093693 0.00697549309975371
-0.0163553594228757 -0.0792103300600501 0.0706205570587402 0.0022671043747107
0.0153532500342285 -0.0815998090748746 0.0805015484815094 0.0100348686181712
0.0591714830217828 -0.0642861770179019 0.0765176688824169 0.0260632856502006
0.0947092679867785 -0.0314618372021993 0.0673978018502729 0.0378392118980254
0.10363834296178 -0.00321934515016474 0.0737779197768082 0.0273198976049336
0.090787620668781 0.0319747315003214 0.0193723815175507 0.020598915978915
0.100490306845335 0.0153303564740496 -0.0115060013989911 -0.0368108437562976
0.0830306181739116 -0.0163588696423764 -0.0627536829757272 -0.0322459924127785
0.0600934276496041 -0.0556503968830644 -0.0864590765502547 -0.00160746451089859
0.0287427933687594 -0.0747205147918067 -0.0681851561532404 0.0381485527128042
-0.00600268508171859 -0.0744902214317175 -0.0410138845665723 0.0516913373686697
-0.031848380075571 -0.0614065897981881 -0.0171294357110411 0.046383383898236
-0.0407506908906343 -0.0623758747206344 0.00755094759599278 0.0304741622137522
-0.0430480238123367 -0.0572199019087615 0.0233716708072045 0.00341778159404421
-0.0438166208335442 -0.0736798591913017 0.0445593660259623 -0.0147981278014829
-0.0149672379027838 -0.0974717804893849 0.0636359825265659 -0.0211837954593388
0.021353908595168 -0.10049626765002 0.0826943645345904 -0.0043111457642684
0.0765262708920161 -0.0767264857044817 0.0747028747844293 0.0221188361297034
0.11785687290949 -0.0296461960889611 0.0484621441271265 0.0397894354458508
0.122301986612278 0.00477084546565737 0.0330695197620513 0.0208512980226127
0.0967593934963746 0.0371383825529707 -0.021072026758802 0.00143602231212219
0.116532334677143 0.0172748803185265 -0.0401385828635645 -0.0464157781457646
0.1008622899632 -0.0247664633763324 -0.0718180625438076 -0.0370308315658754
0.0671420086011102 -0.0711752825821427 -0.0803498837237372 -0.00914300197477443
0.0280108177058302 -0.0878973301641699 -0.0605553596560606 0.015817929724363
-0.00803129760465804 -0.0829922165588624 -0.0449395431143149 0.023025721969557
-0.0343381378884844 -0.0674034123341475 -0.0306313391426135 0.019867659996944
-0.0392418565071171 -0.0672497946472512 -0.00813085797148158 0.00615165382849569
-0.0387027821117717 -0.0632878223776484 0.00608650687195027 -0.0190067266968611
-0.0363380664058241 -0.0808645932861304 0.0289329996964189 -0.0364334287460781
-0.00615606550749758 -0.10116365435823 0.0557357223907219 -0.0420888007651447
0.0313991430511243 -0.100299948068939 0.0824185169619888 -0.0162323169280683
0.0872552766745742 -0.0714021982322263 0.0687984386315129 0.0197085924226638
0.123589924778084 -0.0179708847792175 0.0275853689027461 0.040738486271564
0.121489189493382 0.0151870465998441 -0.00829157091611301 0.0111514781204358
0.0873506709853543 0.0338675591456254 -0.0645074564109254 -0.0152164612307227
0.110298321909632 0.0145555342433246 -0.0697203376336369 -0.0483039151903597
0.0966289452905216 -0.027812970809748 -0.0769638347123578 -0.0380942834928455
0.061168638629305 -0.0717630993526893 -0.0710032588165623 -0.0166244655014843
0.0221335735686086 -0.0831966780755863 -0.0551802726943171 -0.00886851710168814
-0.00985383647887203 -0.0764588331640982 -0.0519687005001969 -0.00632089387502306
-0.0311210622391974 -0.0620320606823535 -0.0444071166155908 -0.00557597455898078
-0.0321053547400863 -0.0629998091713799 -0.021822977702871 -0.0172624571171814
-0.0290223250997881 -0.0602533976722533 -0.00721083423578948 -0.0416142906514656
-0.0217167471268878 -0.0761728956911913 0.0185425770332356 -0.0577394692394978
0.00835615562247365 -0.0893639020325652 0.0518133173253773 -0.0599836459673579
0.0426127720150297 -0.0830017586989503 0.0811939148454408 -0.0235184439114874
0.0878669016790156 -0.0491157466066256 0.0623572130903923 0.0179452547669817
0.112333590057881 0.00194061098800451 0.00760914069669502 0.0370538194715102
0.102120701755698 0.0268710696137952 -0.043190013468155 -0.00299337201080278
0.0603986743673277 0.0273035669110796 -0.100981646003545 -0.0252260638258841
0.0823522407491294 0.0132220886653188 -0.0925462522340491 -0.0429523291099222
0.0735312250908802 -0.0214432659919506 -0.0787574220562408 -0.0367560188665478
0.0437422091352992 -0.0541827360107735 -0.0620442097775701 -0.0233542979734066
0.014540591104316 -0.0605210721118131 -0.0539932535315012 -0.0297091956988045
-0.00660181186372146 -0.0552771372165813 -0.0603689117165965 -0.0288538284398309
-0.0215876299373636 -0.0466470325327875 -0.0558157504861149 -0.0269515064544971
-0.0199315912932661 -0.0487933932731924 -0.0327195267778584 -0.0384970865992848
-0.0151978306605907 -0.0487817849284469 -0.0147841090200446 -0.0623121237219248
-0.00567004644563469 -0.0607160718604953 0.0164020727173944 -0.0746824420306401
0.0195646896830083 -0.0644988952818974 0.0546324141159685 -0.0707722514908612
0.0464822001433215 -0.0543898885659511 0.0819148192329306 -0.0249108614128093
0.0759917329266317 -0.0201288054920411 0.0551416217519991 0.0161173334342441
0.0848784413490534 0.0207555473824049 -0.00698690209721668 0.0274935056462294
0.0686695959209499 0.0336423783495388 -0.066482098578266 -0.0202397812700518
0.0218003450300979 0.0196928548988946 -0.12447807648187 -0.0281298674242829
0.0386891175108311 0.0155602509794971 -0.10265314252061 -0.0337647032303191
0.0386491476864353 -0.00582683048921653 -0.0780814401945463 -0.0354510551276717
0.0225624447268195 -0.0230418064384646 -0.0593107125997767 -0.0271710995441919
0.00940115261675505 -0.0252629895944166 -0.0567820277692783 -0.0395090589254641
0.00148780104712958 -0.0250454231550667 -0.0678435008643872 -0.0387723207599714
-0.00666296173514651 -0.0248462465000045 -0.0621594979355383 -0.0395598751008366
-0.00477898807139479 -0.0276409838475569 -0.0378538622699152 -0.0529283891857784
-0.00231996890462563 -0.0289127379163252 -0.0158401445388738 -0.0767684804584226
0.00525211269326003 -0.0345708324276429 0.019598946859586 -0.0855946782316855
0.020116507861927 -0.0330109464028292 0.0604173150103422 -0.0761837384213168
0.0369797675344258 -0.0252010397142436 0.0839346013253579 -0.0248332475531075
0.0510897540163565 0.00112183870069581 0.0513767991026368 0.0139050520472894
0.046948524952711 0.0282706904076819 -0.011231940226856 0.0146218393570695
0.0282801799330362 0.0308011892313518 -0.0755450477094251 -0.0372023294110375
0.00844559483217063 -0.0147897407358393 0.0816045526925729 0.0408991401415161
-0.0110815660807946 -0.018331570937501 0.0309755940146134 -0.0182166285251411
-0.018857326725234 -0.00409840586139055 -0.0434657055928811 -0.0217722622932516
-0.0108145387483427 0.0055942983734774 -0.0871882342668663 0.0124158970982516
-0.0050647281086491 0.00361577766999399 -0.075532703072963 0.0705371162925281
-0.00603736774117059 0.00139713052757166 -0.0286274495326461 0.0947253106612197
-0.0073411179063312 0.00293523166880699 0.01501631695363 0.0862253861145926
-0.0116436573434755 -0.000570236149184115 0.0438821431328175 0.0658057964531921
-0.0125971786166258 0.000148592760656322 0.0626271142642919 0.0445202328338111
-0.0157959201277914 -0.00352242641314069 0.0728148451780348 0.0374618802896318
-0.0105761602516887 -0.0111666166658538 0.0671965185407224 0.0386849868728967
-0.00517639804283956 -0.0116024804849897 0.0644652360674728 0.0335553964680191
-0.000977622265250108 -0.0148607071343082 0.0706455519261698 0.0373421569620398
0.0106767073061561 -0.0219024960192264 0.0898793902149979 0.0456760320564054
0.0199364747938368 -0.014218423338618 0.126420646113167 0.0363440093082391
0.0421891746960735 0.00165602950806706 0.0724855385941424 0.0438452438651435
0.0282870827135116 -0.00812189783963402 0.0240488704784124 -0.0169928562761246
0.0137959734130291 -0.00790747147369928 -0.0459266994967868 -0.0205575360816916
0.0136705301256883 -0.0130378012448074 -0.087730553750572 0.00913319059277139
0.0075899395131058 -0.0239251323011382 -0.0754954812656174 0.0642177825384405
-0.00628709377537548 -0.0277189686463879 -0.0338708858709976 0.0878408892268479
-0.0178216966445097 -0.0219931921658671 0.00634113257296383 0.0821539774146439
-0.0258777092491211 -0.0259729436481084 0.0365680897160933 0.061128807230905
-0.0281383009239246 -0.0233917228986777 0.0559044763235482 0.0362186424581722
-0.0303851513978834 -0.0333122330391404 0.0702784803152521 0.0244452959482662
-0.0127189199506682 -0.049352151385195 0.071602582873174 0.0237261270932076
0.00761612363145159 -0.0492745388382965 0.0723222249501658 0.0246058916974104
0.03314725880033 -0.0404033133577257 0.0729359474547196 0.032262572441633
0.0575921673973911 -0.0267851236887608 0.0800134100924787 0.0394927728703055
0.0662541974377273 -0.0086324904995065 0.106406009917816 0.0315974039911545
0.0704448808786974 0.0190992537555187 0.0511903308722373 0.0357841319385264
0.0675557370735966 0.0050724094487312 0.0103609418699461 -0.0248733663793287
0.0493396807222482 -0.0103198778771349 -0.0529075649049254 -0.0255805741945037
0.0383190908201125 -0.0340108830945834 -0.0879704368637377 0.00445282344283886
0.0200063066781605 -0.0505802777858125 -0.0730860346857788 0.0533470710688695
-0.00531638858557477 -0.0537756978051147 -0.0377247357577849 0.0733868130317362
-0.0262994652139373 -0.044932302904109 -0.00454639636557834 0.0673864019004859
-0.0368161261196529 -0.0471497742502305 0.0236280211544379 0.0481496067928261
-0.0393349246909227 -0.0425016027219325 0.0413270953134083 0.0219123626834527
-0.0413745931593056 -0.0565839329317449 0.0597460983854081 0.00596727280503732
-0.0170793402883225 -0.0786546507661543 0.0697110643820369 0.00205862607825267
0.0137797145483985 -0.0808773963905767 0.0788776471844215 0.00988429055320601
0.0578522325104964 -0.0644075508792872 0.0743032746108906 0.0265545520275231
0.0934152795978751 -0.0317355107622314 0.0657319650803545 0.0379656384339834
0.101361850725968 -0.00348180091853277 0.0733123052387942 0.0262270093346434
0.0894534684293848 0.0320459549070521 0.0188988244384308 0.0194027196554306
0.0992545566591116 0.0145767373402037 -0.0109983598290948 -0.0373021209353202
0.0815290083491926 -0.0161894687256773 -0.0610369533288394 -0.0325800287673441
0.0586291995813906 -0.0549308737535864 -0.0851104339191466 -0.00207824816214638
0.0278254695487453 -0.0736234400753345 -0.0671630926565712 0.0367665323848951
-0.00611930750320648 -0.0740361437383551 -0.0406879519638444 0.0500922628127382
-0.032234671952862 -0.0603507801964093 -0.0170303167199023 0.0465049857208375
-0.0408119055422338 -0.0610070580749748 0.00803006005964359 0.0293993071667968
-0.042714511751774 -0.0560672832827522 0.0238894048293825 0.00277236838336977
-0.0441447794146982 -0.0723007675849367 0.0439368330189034 -0.0153690982511664
-0.0162128970807942 -0.0965566467702144 0.0631171181079159 -0.0210314413670429
0.0203228301923853 -0.0992948905299448 0.0813923918834784 -0.00479441931212862
0.0753112039219286 -0.0766891488908824 0.0734363542718541 0.0220039367525317
0.115948369715507 -0.030303091234988 0.0474023781575082 0.0397245635427882
0.119556289391709 0.00454712655863958 0.0337206944472131 0.0202075866065273
0.0956943927785813 0.0367733948690039 -0.020873564550977 0.000335251214962108
0.115100445842353 0.0162478594560459 -0.0389944176593655 -0.047225636464583
0.099125702500191 -0.0240602102123167 -0.0694373486684853 -0.0376580665065908
0.0656486436566157 -0.0704684435667782 -0.0786643168626169 -0.00927711439641398
0.0275333734610007 -0.0864861929984834 -0.0595226911126678 0.0139696156191437
-0.00884867117515217 -0.0821077754855731 -0.0449392284201432 0.0217563119359422
-0.0339405495438104 -0.0658829106737329 -0.0300412004794141 0.0202710454463969
-0.0399799143843371 -0.0656374833107444 -0.00786436623077716 0.00578235704413608
-0.0385759784190077 -0.0620529613203154 0.00584024807982878 -0.019020247318802
-0.0363520493872152 -0.0790219119277598 0.0284187711307799 -0.0371694334516198
-0.00717913198818134 -0.0999319660808424 0.0547720948833158 -0.0425025495875821
0.0301889199249428 -0.0992618382692856 0.0810631353970622 -0.0163068311132612
0.0852846356454379 -0.0706341078650827 0.0679455794055445 0.019792131166406
0.122073402509062 -0.0182625079867385 0.0269006408873183 0.0406277509255415
0.119015879838644 0.0148333643690323 -0.00753918195722434 0.0111862017606258
0.0853056402358258 0.0338830413735131 -0.0633158529283783 -0.0153079080833305
0.108984161986192 0.0132630522519366 -0.0685307850992584 -0.0488419572240104
0.0956669828329593 -0.0278212517715348 -0.0751950659500504 -0.0376972591095295
0.0593928383750142 -0.0707006896300224 -0.0691138386530162 -0.0171986605700519
0.0210589781566769 -0.0818029165024023 -0.0540206193270589 -0.00996339612892246
-0.0104277356621315 -0.074660945106524 -0.0525868049845218 -0.00601273353572851
-0.0304547650311341 -0.0606055570881147 -0.044110554210454 -0.00476457830766547
-0.0328620047803731 -0.0617802123617953 -0.0219337434173218 -0.0178948215644715
-0.0288110295779048 -0.0594306458142941 -0.00749035220352924 -0.0417883682841866
-0.0216741971285267 -0.0744914277138141 0.0179424042919137 -0.0573123126188838
0.00729373405723756 -0.0880778447285467 0.0507048883452003 -0.0592140130981513
0.0414157142200335 -0.0821531528416399 0.0805913331120945 -0.0236742809463217
0.085971091347621 -0.0488134268296742 0.060112706785957 0.0185749390238923
0.111149370953958 0.00111041726889444 0.00735884790475436 0.0367165151883387
0.100495576767371 0.0262199922511137 -0.0419018165022184 -0.00234109714165835
0.0593688845695388 0.0269825155307816 -0.0992911847898998 -0.0250931812147603
0.0809168173782963 0.0124264469962024 -0.0906692687308153 -0.0430723293109432
0.0724915724828758 -0.0212086245025756 -0.0765356910288633 -0.0365612353498757
0.0424732640453287 -0.0534939235161704 -0.0607071345212567 -0.0240510485124537
0.0138961979441397 -0.0598030682556185 -0.0531195263502282 -0.0297189532397611
-0.00720682008619858 -0.0538851070400318 -0.0605422043289639 -0.0279583758577404
-0.0215027708682853 -0.0458488035676291 -0.0548140644934143 -0.0258300313332595
-0.0204567941822752 -0.0474753405140281 -0.0319350206782209 -0.0383955576651025
-0.0153231485743767 -0.0475558845662634 -0.0147833898290534 -0.0607839560057798
-0.0066134888350629 -0.0586723859868475 0.0149868457219878 -0.0738838597522233
0.0185338743057127 -0.0633402510666547 0.0532335038065751 -0.0700504461164516
0.0452052408034653 -0.0531563395060016 0.0808126006715221 -0.025799501290061
0.0743346587750023 -0.0203372472122184 0.053463672612158 0.0163609533489718
0.0832848020421854 0.0197344726055236 -0.00689337739670811 0.0271488296603623
0.0670427067007561 0.0332167527501714 -0.0649927792404736 -0.0192026085222299
0.021209216816772 0.0200654713822994 -0.121573869987547 -0.0275939875205708
0.0392163139651854 0.0148629141533599 -0.100780275754358 -0.0343982131189715
0.0382586796837486 -0.00598750444068792 -0.0763568604135429 -0.0349068113192325
0.0221679485304071 -0.0231318318964956 -0.0574504326625163 -0.027520756390697
0.00923284782547116 -0.0247168228233264 -0.056373909724422 -0.0396281573464015
0.00136236768593167 -0.0246460598890034 -0.0682874188221215 -0.0382244690816651
-0.00582875317164857 -0.0238969989342812 -0.0618769732251084 -0.0380571444275051
-0.00545994494429805 -0.0270408336635781 -0.0372686670470783 -0.0522266830645178
-0.00173862745341146 -0.0279492533951798 -0.0162943136060748 -0.0756802439029983
0.00463722079983262 -0.0337178619648562 0.0187594139588404 -0.0847496186588493
0.0196879076017961 -0.0322812321615757 0.0589708920495686 -0.0744668065761574
0.0360021859202832 -0.0246714120218068 0.0824653826199883 -0.0250258848746088
0.0497740542628666 0.0016645329905314 0.0499337631567604 0.013496616782386
0.0459874033374923 0.0268218360190615 -0.011185857711291 0.0149216099988192
0.0267876406808437 0.0303006509534866 -0.0737849779267105 -0.0358233216744189
0.00877527185685971 -0.0143883848874186 0.0810467281241348 0.0411846129677805
-0.011168582459228 -0.0186390928496624 0.0313945579436205 -0.0189438537796092
-0.0191462118800337 -0.00415939157664309 -0.042889096129427 -0.0228890099977747
-0.0103507116607785 0.00542173941538079 -0.0871961655013448 0.0115219422352475
-0.00533064900708234 0.00370005200940713 -0.075208653248579 0.0695303677606668
-0.00632217602502428 0.0011052426304296 -0.02892341953866 0.094131265415504
-0.00771123943386048 0.00251609980972158 0.0147724304726147 0.0852464383980158
-0.0118208657772731 -0.00111794368398959 0.0437786140231592 0.065595212265895
-0.0129942319619938 0.000177156032504551 0.0622539468605221 0.0445159573989437
-0.0154905665369835 -0.00388523280134953 0.0725423654078222 0.0372765560093524
-0.0105738437600813 -0.0116666549298855 0.0675607204909065 0.039750694255645
-0.00522278762122982 -0.0116731098950454 0.0633950692411813 0.0346646830713892
-0.000340587036360296 -0.0154249800353786 0.0694556210289973 0.0391275273365995
0.0106682731846558 -0.0218076312409386 0.089246492534161 0.0468325636945001
0.0200520352685612 -0.0134618474805914 0.125250828178484 0.0366095732524779
0.0419819443553481 0.00204084452566613 0.071798134651182 0.0439123379434953
0.0282943325339546 -0.00804641838107467 0.0244589168302594 -0.017846940457589
0.0137990211475842 -0.00713529507508427 -0.0451645540360977 -0.0222937365767794
0.0130157738289204 -0.0128940043661108 -0.0867877190203559 0.00748444886690825
0.00751274063553849 -0.0233788762093305 -0.0762844510434716 0.0629846929296799
-0.00617480624067753 -0.0277798846907411 -0.0345894139507852 0.0875752128137643
-0.0181671205239435 -0.0226273738423018 0.00589206544792592 0.0809355715222374
-0.0266397973421085 -0.0257091903553921 0.0359369659185344 0.0607388421298451
-0.0284262367389711 -0.0232946340460735 0.0552440906086776 0.0360439695369634
-0.0302845010107151 -0.0334004321772235 0.0700136946287782 0.0241160057204426
-0.0131528552343942 -0.0492109428799566 0.071456085130972 0.0243958243591649
0.00799468781433815 -0.0491969367199395 0.0717616878753506 0.0252639956906235
0.0332192076142896 -0.0401071917408944 0.0712449896037324 0.0334457003463302
0.05758498657375 -0.0264702972847005 0.0789577256286147 0.0409111267507335
0.0655682566810293 -0.00792840885036667 0.106065659617174 0.0317182220646011
0.0696855556339048 0.020262563226048 0.0508661838929892 0.0350811493763724
0.0673449608174418 0.0051604661959314 0.0112032020342522 -0.0262614644686443
0.0496138807496989 -0.00973798037292844 -0.0516671449419289 -0.0267898383167633
0.0380535862117587 -0.0332632485387554 -0.0876639564320141 0.00263153812081077
0.0201298576418595 -0.050170781818691 -0.0731897061920478 0.052430092510304
-0.00557453494026361 -0.0541304848192898 -0.0378938252966217 0.0722330287121451
-0.0263867924831809 -0.044612476170334 -0.00460306383272353 0.0670668915173371
-0.0369872704715499 -0.0468495846517121 0.0233169855589783 0.0480391746705839
-0.0397817108417414 -0.0429250288651466 0.0410450169037014 0.0216465992701568
-0.0407063338851458 -0.0564501935139369 0.0591816545124645 0.00525921323243597
-0.0169315437962271 -0.0784713141606381 0.0703857269182509 0.00280443950824377
0.0144566685590495 -0.0807673969223232 0.0783495508917475 0.0103045691233118
0.0585312223108102 -0.0636250680685179 0.0735328274297764 0.0278900076579982
0.0937072964982918 -0.0321883831974231 0.0647304457206094 0.0392850721892995
0.0999092303536122 -0.00274910562481892 0.0738336301911231 0.0270344888027518
0.0886025897743237 0.0335642471162679 0.0190788886172663 0.0189582285976267
0.0987521631080544 0.0144437939327179 -0.0103546156146374 -0.0389732129661579
0.0816290025730469 -0.0158776779916704 -0.0598011206008452 -0.0339109556541106
0.0585743255321838 -0.0538994259949365 -0.0848277901207823 -0.00392323234933071
0.0271867464345146 -0.0735211700425251 -0.0670933217496964 0.0350572856809113
-0.00658485380948407 -0.0741668739070536 -0.0409625712853583 0.0490766646176755
-0.0310494218054543 -0.0606786587817773 -0.0169934469081543 0.0457869344218342
-0.04103817997565 -0.060459856247099 0.00773718152099205 0.0284953072554395
-0.0429849514256049 -0.0562754913410504 0.0232753637996207 0.00253605956217756
-0.0436945836821335 -0.0717731826349186 0.0439515292623262 -0.0162658323426274
-0.016131146995906 -0.0959646807221783 0.0631426561466782 -0.0211791965762211
0.0201961042079158 -0.0987291880120366 0.0809688478823287 -0.0038815616125863
0.0752068433938296 -0.0759971530005202 0.0724260947793311 0.0236040609222641
0.11603096686476 -0.0302790530903036 0.0463719921646155 0.0401591446986802
0.118667156808253 0.00530184600575311 0.0332659036415159 0.0206387397840846
0.094328637567391 0.0383088652118677 -0.0206548385157979 -0.000750471041519002
0.114954212938733 0.0164782181656284 -0.0381166658657004 -0.0489866202052511
0.0993035622465285 -0.0232315611716043 -0.0677626091168924 -0.0388838736291932
0.0658938871422722 -0.0700147956881716 -0.0774162997205594 -0.0116673712333426
0.0270900229613214 -0.0862155805807259 -0.060052156797679 0.012769152845489
-0.00841508761058 -0.0812873297260558 -0.0453741986147618 0.0214743281133121
-0.0334780659852011 -0.0657935944037748 -0.030332919610092 0.0200877815590866
-0.0397565504143705 -0.065127192262955 -0.00816586948083432 0.00479948618219546
-0.0388012105240024 -0.0618034524655384 0.00588512751322029 -0.0192182148361806
-0.0367405578121063 -0.0782934236823603 0.0282288669754767 -0.0371536544634084
-0.00740844147045209 -0.0990451347535781 0.0549486307965931 -0.0428561204034533
0.029792543175812 -0.0987246429298413 0.0811225375741905 -0.0158325929837167
0.085350722026932 -0.0704718401914451 0.0674082666553904 0.0210808651320271
0.121806769146998 -0.0182711729668416 0.0262543230206558 0.0408146989982057
0.117924876747379 0.016195381642325 -0.00691543401077742 0.0111659927459313
0.0839588823777661 0.0353540625077844 -0.0625393525457476 -0.0167350732652057
0.108110288931687 0.0140743573686145 -0.0673173205254763 -0.0505917469180873
0.0953041990843263 -0.026320099526731 -0.0733567321737925 -0.039172525428168
0.0592549754729386 -0.0701669090287453 -0.0681912240412046 -0.0186420313590987
0.021036573251759 -0.0817337709799464 -0.0544485905083189 -0.0118073030010262
-0.00967691270855099 -0.0743372953574049 -0.0522701021254762 -0.00723547339224637
-0.0302923727605078 -0.0605006045401334 -0.0434066112119894 -0.00466776442128764
-0.0326636743872304 -0.0604843452670769 -0.0217758089307162 -0.0186321120070905
-0.0285032799806492 -0.0587681289679749 -0.00783492351205933 -0.0415216394289112
-0.0218323428506232 -0.0741545967203255 0.0179735935688009 -0.0574372135297144
0.00682669820014666 -0.0873646909695599 0.0508141956436663 -0.0589585192185997
0.0412678820217757 -0.0807813258137294 0.0809443815406684 -0.0238164233269365
0.0859100561242207 -0.048531024182881 0.0591483861283912 0.0191584033085279
0.110397519039209 0.00109593693623829 0.00677390101035479 0.0367301514750289
0.0987214319841423 0.0277551947083919 -0.0409176479916476 -0.00216818589315436
0.058048881325755 0.028025833111273 -0.098308356760838 -0.0267393298414382
0.0804633457082341 0.0127130938885941 -0.0891964853149389 -0.0447094483435643
0.0723593751548392 -0.0205933684855365 -0.0748509418998727 -0.0373668858462813
0.0428676928227329 -0.0531240146516187 -0.059276440487014 -0.0255395981565704
0.014167531557307 -0.0591859498175868 -0.0533276297973994 -0.0315104599964739
-0.00670896198557457 -0.05383488397368 -0.0610237360637404 -0.0282083201141387
-0.0210127896981592 -0.0455380764718505 -0.054576577095026 -0.0253130340015049
-0.0205685473593371 -0.0471005658397841 -0.0319640795358085 -0.0383609045307149
-0.0149420140945464 -0.0470346469899825 -0.0147255129038487 -0.0615553067254656
-0.00657454093251753 -0.0588657131160193 0.0152998159504449 -0.0734436505992528
0.0183504966186412 -0.0626073377251098 0.0535747559912439 -0.069781096112613
0.0451903025975902 -0.0524129819595275 0.0807419802978726 -0.0255206964658664
0.0734615486585742 -0.019511000257055 0.0527781491510276 0.0172597846573299
0.0832354815494119 0.0202327893642557 -0.00703344432634216 0.026742552571875
0.0659386723459679 0.0337810873799483 -0.0636720821222515 -0.0193704944480824
0.0206300141258879 0.0202656123444556 -0.120642210689599 -0.0296591098931493
0.0388118071030987 0.0148575234797828 -0.0995761876760695 -0.0354963392978349
0.0388908539805948 -0.00525740660660817 -0.0753598032549542 -0.0351975136987648
0.0217261947558048 -0.0226407071777637 -0.0558630789021615 -0.0285331650481503
0.00911769847290226 -0.0250345195905893 -0.0563661468037658 -0.0404899117169803
0.0017488809979883 -0.0243598295331069 -0.0683129087187335 -0.0379667932127221
-0.00599973626520616 -0.0236826780531575 -0.0617306213465057 -0.037719666467061
-0.00537185648605699 -0.026499371272292 -0.0369537024604635 -0.0530189909228568
-0.00133304403181837 -0.0276492971812665 -0.0162409800243349 -0.0757098640404765
0.0042401845809092 -0.0331448917103011 0.0193006199921949 -0.0841689794532083
0.0195916430906106 -0.0321450787520878 0.0592357483588929 -0.0734327908874549
0.0353907794853064 -0.0245787173866501 0.0819255176988777 -0.024223252314092
0.0492966778725062 0.00182701526434525 0.049683733231971 0.0139255074615975
0.0455069595992872 0.027401546390837 -0.0111292023659168 0.0148310021009457
0.0259630686075437 0.0306176674941084 -0.0725095918897184 -0.034930278116524
0.00938455713959097 -0.0146496450062789 0.082453581690004 0.0421569051056961
-0.011806063543051 -0.018956912655526 0.0324749276335747 -0.0203711092821626
-0.0191331028413001 -0.00406548514610815 -0.0436964692412515 -0.0248118518144244
-0.0104960820620646 0.00558095218382215 -0.0890003086722308 0.0103844616130479
-0.00550866796047788 0.00390145701918235 -0.0769003763889392 0.0705389018084455
-0.00680605742512595 0.00103016187967219 -0.0293946535464557 0.0950105457710853
-0.00777712607564393 0.0018642881418872 0.0145630043791862 0.0857031949031112
-0.0121197607804537 -0.00135525763577814 0.0445579196706309 0.0663071526807468
-0.0132263052137592 -0.000555138298556066 0.0633227293002978 0.0443710850636977
-0.0158360814264879 -0.00325628877493104 0.0737102172194615 0.0375548225625253
-0.0102521639943979 -0.011747604876133 0.0687008999488279 0.0414215831543212
-0.00510308648583933 -0.0120668790924622 0.0633142412501717 0.0366823600301009
-0.000397341292898427 -0.0156929176886501 0.0694662817582764 0.0414129809324403
0.0110738188413785 -0.0220032438599167 0.0898775590292514 0.0494475039926853
0.0195616544316248 -0.0134658318743765 0.126813536826738 0.0378412491885629
0.0427243817220444 0.00236394063787151 0.0728208559858369 0.044759416032099
0.0287087639194121 -0.0079440810280395 0.0248744333184917 -0.0192662162041412
0.013868674518787 -0.0069032433054935 -0.045364213964918 -0.0242405195108606
0.0131138913140528 -0.0131959917572042 -0.0887223495224495 0.00654058616472619
0.00719951478480723 -0.0238216356338969 -0.0782924284008831 0.0629876064532937
-0.0068286466776368 -0.0280343825017754 -0.0355521379236318 0.0876449659742703
-0.0184164281956748 -0.0231676322054309 0.00562327554708704 0.0814565428066901
-0.027147838234984 -0.0264333839411187 0.0368481081378477 0.0612827949660294
-0.0291502054216603 -0.0241260696479859 0.0566010940599023 0.0364310247114191
-0.0302369179210692 -0.0340376063178446 0.0714915658511488 0.0243789077981356
-0.0131591365357158 -0.0502501029668138 0.0734006012587143 0.0253505721426715
0.00797220291134679 -0.04971726764017 0.0723128630621855 0.0264692745914669
0.0342054621937409 -0.0415901516371689 0.0719104763342959 0.0359643738159065
0.058568145835949 -0.0271392742763795 0.079344006838059 0.0429301814872353
0.0658704092718947 -0.00713666110633457 0.107380307099832 0.0327073990788528
0.0708816180675717 0.0215385908024613 0.0510829640463726 0.0359181030707116
0.0682909300891871 0.00563978467347956 0.0114934962207168 -0.0279461053464894
0.0507578777917495 -0.00915182149444803 -0.0514588097491018 -0.0289145414434688
0.0387099167724714 -0.0331626887119944 -0.0887756976791372 0.00118425122764198
0.020003722032289 -0.0508489368939384 -0.0747983036371529 0.0518056461740937
-0.00562912975152461 -0.0550871780288702 -0.038938829551318 0.0723974173517322
-0.0267362550861186 -0.0457430283397677 -0.00538118408225071 0.0676074371324411
-0.0377601731627406 -0.0475192022641575 0.0235206970803443 0.0483055137099551
-0.0399709890685692 -0.0438023882344477 0.0417394435217705 0.0218006260610324
-0.0414567186499408 -0.0578167773146077 0.060411416412329 0.00505096489328491
-0.0177138252166099 -0.079814491402997 0.0718156069591538 0.0032828380034931
0.0144774433920452 -0.0821055580605515 0.0793118248618108 0.0109879983975953
0.0596009155316164 -0.0654044433375045 0.0737151778653565 0.0304523248191797
0.095766326860506 -0.0322131663619647 0.0649748204482353 0.0403549148506503
0.101614294868695 -0.0013655123645658 0.0742595334320371 0.0274455404278007
0.0893043938946116 0.0352272887290251 0.018630365330328 0.0187061058954994
0.100742887948242 0.0149383836693317 -0.00983254400626851 -0.0412107825562071
0.0830747232743459 -0.0147007792105016 -0.0591630672790913 -0.0360371955023234
0.0595053964380729 -0.0541637069186005 -0.0863743882090018 -0.00541546358842094
0.027260514096957 -0.0745735331651608 -0.069096875733896 0.0338129203786246
-0.00633693387808297 -0.0751008253693677 -0.0421789913082813 0.0491901514318256
-0.0318938827311784 -0.0615044511000229 -0.0175427567961537 0.0465083573653998
-0.0425122613899794 -0.0613693507627173 0.00752385340039009 0.0285746045043895
-0.0435398074280113 -0.0574332552565409 0.02361389071806 0.00227119649364504
-0.0441752693232128 -0.0736085436874306 0.0444381253869935 -0.016785374958632
-0.0170735358229842 -0.0977822673153197 0.0645272665830506 -0.0213684898482946
0.0205493373403663 -0.100077514922199 0.0827117860613959 -0.00405337086099088
0.0764806299411852 -0.0778004495598506 0.0727356047832737 0.0258176494240064
0.118747752713008 -0.0301230842663706 0.046036516575926 0.041519677764777
0.119812591037889 0.00705729759124502 0.0341774467437845 0.021231796563555
0.0949823350514851 0.0405121668274745 -0.0215296413163757 -0.00108544849417265
0.116844355455773 0.0170692337405392 -0.0380074971328455 -0.0512479551407847
0.100918013348415 -0.0224718675567118 -0.0671884940131128 -0.0409114467516794
0.0673769886112423 -0.0704460957459729 -0.0784707548157262 -0.013111885569561
0.0273621082290502 -0.0878041029860467 -0.0608500436553074 0.0111205331377155
-0.00933137488766659 -0.0836035643705265 -0.0467168299024919 0.0210930194225667
-0.0335276224230958 -0.0671389803431942 -0.0307327935883701 0.02077265031915
-0.0402768998314921 -0.0656902480765477 -0.00847290898779847 0.0052230042683905
-0.0393470643983432 -0.0624302506344346 0.00605170442307484 -0.0200086791081589
-0.0365747882789973 -0.0795962081424781 0.0284337574288618 -0.0392094471170629
-0.00758602229787503 -0.100899923863226 0.0562818862282864 -0.0427598205529161
0.0305765385763296 -0.0998459416290235 0.082319075268836 -0.0164860442800143
0.0868620825341643 -0.0713856092262873 0.0677450145047335 0.0231590120770037
0.124153598515151 -0.0181624885719241 0.0258002881295217 0.0415420647575362
0.118519455966244 0.0177893742467509 -0.00645377999638798 0.0114201099555654
0.0850849119020752 0.0370174126408282 -0.0634136661717541 -0.0182064511585961
0.109984836770125 0.015259251558232 -0.0676950758390452 -0.0533405457540165
0.0974502631838245 -0.026088387125865 -0.0728383652657737 -0.0410309428152058
0.0604751500460121 -0.0709925348147336 -0.0686418912958583 -0.0207439720305561
0.0215013272697622 -0.0834483646583481 -0.0557208688978568 -0.0137988117741656
-0.0100849463111528 -0.0762654089155968 -0.0538054231567377 -0.00712669259319507
-0.03018524047182 -0.0613065330004321 -0.0441005969454486 -0.00446553723748572
-0.0333533096673651 -0.06074523549371 -0.0226894102379095 -0.0196057797419597
-0.0285848631496824 -0.0597009897299313 -0.00802109961239409 -0.0426239284642119
-0.0221051671521967 -0.0753697249125675 0.0182332683730142 -0.0581695113345239
0.00672277008482434 -0.0882541800965411 0.052075829794262 -0.0600345377558941
0.0416281231142222 -0.081306390586178 0.0816822381763835 -0.023802102071356
0.0867739673054671 -0.0486299888005293 0.0597961394238119 0.0209376014103819
0.112031735288525 0.00225784518138077 0.00634181984985344 0.0377756666661189
0.0993762404490495 0.0289461221159201 -0.0410851925651753 -0.00193080017758389
0.0579363609739659 0.0290789080027407 -0.0994980892485675 -0.0285642165813163
0.081730494712059 0.0137377301871839 -0.0903311595621427 -0.0479775559985105
0.0739368986252082 -0.0203877920942313 -0.0750744780219608 -0.0397349889321864
0.0432758813589216 -0.0539445509453764 -0.0596186553016587 -0.0276634091589338
0.013953886692776 -0.0602061240758345 -0.0537254407779881 -0.0335320650943206
-0.0066176738948023 -0.055054765363676 -0.0629047904993914 -0.028797211475183
-0.0210941776870199 -0.0459100718458071 -0.055589962844241 -0.0255243125036858
-0.0207045115856265 -0.0474035626067844 -0.0324883939140667 -0.0400137951792178
-0.0155085025016835 -0.0479073360794379 -0.0151931320284092 -0.0630419827498757
-0.00657101182389139 -0.05961107007762 0.0162504302890568 -0.0745303321774088
0.0182044705568905 -0.0632412786122721 0.0541349042722126 -0.0703102608294734
0.0456250815564588 -0.0525210637538207 0.0822930978878508 -0.0254311957948214
0.0742885506068992 -0.0197292293479312 0.0525627208891828 0.0183265403190713
0.0839802873422011 0.0210449449513028 -0.00682463791751745 0.027275498520669
0.0663645146776904 0.0359113879328288 -0.0635597499269369 -0.0199448998047638
0.0197272242840435 0.0206910905923726 -0.122075493309096 -0.0317233807350208
0.0395814540787306 0.0153760914581212 -0.100712288131027 -0.038312813737212
0.0391021566884407 -0.00553786243253734 -0.0753755065237036 -0.0369177017763882
0.0224724495057757 -0.0227622862910815 -0.0558250154288093 -0.0304256657881911
0.00923911909554844 -0.0251273851473912 -0.0570636907774031 -0.0429902166716609
0.00203351230169046 -0.0250502878905316 -0.0694510674373999 -0.0383923726298693
-0.00565428218247988 -0.0239889774016376 -0.0619986452809443 -0.0378238535051842
-0.00575096056019066 -0.0260044878718594 -0.0374954949983147 -0.0542565820659776
-0.00158699114310319 -0.027947008756711 -0.0159050158739475 -0.0771229130400498
0.00463819271161931 -0.0335365023069898 0.0195726730058782 -0.0853686029634936
0.0199013722614255 -0.0317955184165618 0.0605412901695731 -0.0739449900040567
0.0356479004511635 -0.0233857306286313 0.0836739534485424 -0.0241810690695001
0.0504723666101624 0.00208589315377064 0.0495375486197292 0.0150471799430336
0.0458534905534745 0.0282500726582021 -0.0114081696278029 0.0152846002375998
0.0261829917556186 0.0320327200042457 -0.0726639832535695 -0.035832864311973
-0.000138978328935709 -0.017961558728679 0.092392027974546 -0.0172825420515655
-0.0202038149439906 -0.00884281256127028 0.0121438803934343 -0.0375033275947078
-0.0181386736421811 0.00840637413512454 -0.0519629143768446 0.00623178333880088
-0.0054117743903171 0.0114156933802971 -0.0675714390186062 0.0639078933352533
-0.00195539237098729 0.00632053743888758 -0.0195855205823314 0.105324732127007
-0.00484863218406083 0.0049084299316391 0.0345513229747833 0.0958227353758389
-0.00510517986438653 0.0060876844425553 0.0651253518569677 0.0612992556524425
-0.0108360590226238 0.00668412506086627 0.0777284109545725 0.0267469236240351
-0.0108504845675693 0.0078004298193837 0.0798139897230232 -0.00382748795248534
-0.0151499808439164 0.00620353487884049 0.0849320014087034 -0.0151281532928408
-0.0158689997651847 -0.00378425161490896 0.0827949771132991 -0.00983001290463166
-0.0112113930201877 -0.0076118711586627 0.0753568572570502 -0.00895530403637461
-0.00918248977493452 -0.0139668109092592 0.0835659218836777 -0.00897799914510045
-0.00438044637676458 -0.0264075463429793 0.107462198789275 -0.0164352496150272
0.00930619553514011 -0.0234495467664118 0.130364505103472 -0.0501273331887664
0.0382076866321782 -0.0221173334613227 0.0866899071239781 -0.011865934243224
0.0185331772654794 -0.0232414978624375 0.00809116213430133 -0.0333358039264451
0.00708129957786874 -0.0133635937528441 -0.0525170758963541 0.00675724529847627
0.00315572208313706 -0.0171477630170421 -0.0705828942535625 0.0594791851383255
-0.00793861043153496 -0.02342572263956 -0.0253083600730951 0.0986831861637403
-0.0228051145453824 -0.0189424957892743 0.0245314879681305 0.0931654241188954
-0.029005025742316 -0.00808039287821039 0.0551559966906984 0.0630230895160737
-0.0388696329357435 -0.00459362895039735 0.0683933761384155 0.0274486768894552
-0.039346035561557 -0.00213708859494973 0.0692182871257594 -0.00645883749023538
-0.0464863959287515 -0.00944034659906782 0.0741315120811343 -0.0246663659623159
-0.0427621079738617 -0.0339271170300401 0.0763789527815566 -0.0253680758838657
-0.0241468400790437 -0.0480734592582106 0.0757205017128743 -0.022259902675374
0.0039575463038937 -0.0583356630663358 0.0816070971988205 -0.0139023933515859
0.0324691252253505 -0.0614112690656816 0.0949226248538201 -0.0137848565945169
0.0533016029322121 -0.0484173275386637 0.109592150124375 -0.0399913189332043
0.0725107943003725 -0.0220534305507798 0.0644454301492509 -0.00755171304948398
0.0582027777002793 -0.0354758664285685 -0.00624936428412895 -0.0329136807772975
0.0359884705986066 -0.0368862831282067 -0.0593103690827797 0.00379363142477526
0.0120732573246884 -0.0488092535159471 -0.0737075751296072 0.0531686091716607
-0.0139046406276607 -0.0533412555432915 -0.0306015665036451 0.0872767431102979
-0.0382122250550869 -0.0407727950434422 0.0116860348534054 0.082286813533349
-0.0495496066032565 -0.0212764541603574 0.0376989137147793 0.0585308472132917
-0.0607105940151781 -0.0155741504199282 0.0488428902251603 0.0248822515392296
-0.06095423355251 -0.0111782184108753 0.0482214213908228 -0.00919717897767354
-0.070833517240067 -0.0222734376259353 0.0533054600734185 -0.0344098175650769
-0.0658733258645013 -0.0560701291229475 0.0601904547718049 -0.0420427425040485
-0.0386220885919669 -0.0791517649013411 0.0722574725362218 -0.0392238609380787
0.00964784288013188 -0.0955005515796253 0.0799877820150259 -0.0198507675509079
0.0609282973110041 -0.0899821971848684 0.0809240951861393 -0.00514617493050092
0.0865092259036394 -0.0664472908965788 0.0775470917170464 -0.0214550133343196
0.0961668803507356 -0.0208180543657307 0.0280787761729975 -0.00335523420630618
0.0903302716388563 -0.0466852619933748 -0.0309659849039963 -0.0312767202552394
0.0597748064741429 -0.0610248804727914 -0.0700216577540525 0.000764772990000084
0.016495582136133 -0.0779283229241903 -0.0759001749549353 0.0447681565323771
-0.0219714974204503 -0.0766959068516121 -0.0371756451491581 0.0683930317574465
-0.0513449435626639 -0.0569066204711497 -0.00551606150889521 0.0652830596372761
-0.0626064714455208 -0.0306482294922689 0.0136683079131689 0.048822027370601
-0.0731176020020491 -0.0241290491599477 0.023499611125445 0.0188617327126999
-0.0722406507387686 -0.019994885919455 0.0209645513330961 -0.0137793490507086
-0.0833584317152751 -0.0336418764179251 0.0261024315808104 -0.0422583169409212
-0.0768230893821201 -0.0710659049664994 0.0390835865145073 -0.0573610833807351
-0.0458668057931537 -0.0978725427403466 0.0652238430747558 -0.0537660332967668
0.0166223199897862 -0.117111391817619 0.0757110345401474 -0.0229166069758873
0.0810250128853941 -0.103007821033489 0.0661883220025476 0.00842191860285752
0.106498891891505 -0.0714457259801923 0.0391634414725146 2.69267074449929E-06
0.103929670154815 -0.0196999762111903 -0.0174953398208492 0.00447456980961764
0.104060954528418 -0.0538852264585433 -0.0596201705334187 -0.0226648668660289
0.0695522988424746 -0.078531061379362 -0.0793717482135543 0.00109288554331181
0.0134580747900587 -0.0953387476531994 -0.0749957885389359 0.0329797359312456
-0.0298799533342369 -0.087256227728862 -0.0451950329524698 0.0447769751038819
-0.0581998835894036 -0.0622545563705937 -0.0274627958991996 0.0441712341447825
-0.067903157301874 -0.033943735082711 -0.0133027224124195 0.0366824827139679
-0.0747988155076397 -0.0285970745279063 -0.00405397051962877 0.00887559963947934
-0.0726335854700866 -0.027853292656395 -0.00735692956642079 -0.0207649425249916
-0.0812232509249344 -0.0431057254627276 -0.000602004155874899 -0.0499896883690752
-0.0714138766556733 -0.0795814700645895 0.0177303005359036 -0.0696130112039897
-0.0369710649300837 -0.104085426875818 0.0571821828762297 -0.0642481578791785
0.028479219235961 -0.118334735236496 0.0693916969699016 -0.0218498503302873
0.0933720802744714 -0.0960576781689874 0.0489182531122712 0.0222624396460578
0.111902214820822 -0.0611160780207789 -0.00129571541507995 0.0182466193533037
0.0924216554602398 -0.0162996555706832 -0.0623602634499505 0.0178000281210356
0.0976138224018179 -0.0515270010522957 -0.0850493583323865 -0.00562269059141496
0.0641855960985882 -0.0788168510217115 -0.0844172326978161 0.00420692415751908
0.00763830020989242 -0.0924408288661566 -0.0714310885982051 0.0202039388722368
-0.0321204463589902 -0.0797160070538038 -0.0561841305227538 0.0208038054738449
-0.0547294035386267 -0.055939893278944 -0.0505370148053064 0.0260734937725026
-0.0616082909055245 -0.0313762777503766 -0.0397889402923542 0.0241494878622761
-0.0653984951579386 -0.0294073699473593 -0.0306672789357495 -0.001845802764109
-0.0615730961225883 -0.0316074322691144 -0.032679560438293 -0.0305739290334148
-0.0660847704170043 -0.0480713460956606 -0.0218272218996773 -0.0596711925911528
-0.0507856869112358 -0.0787647820157534 0.00413405321171416 -0.080597962817298
-0.0161149527499968 -0.0952686759106445 0.0518176683572553 -0.0699179079514386
0.0440449027258917 -0.0985130349468518 0.0616779994136771 -0.0191143186782288
0.0957546032697832 -0.0708158731898828 0.0297232618583214 0.0312377352228415
0.102465838268219 -0.0394005398515233 -0.0380634195212892 0.0276968430432666
0.0655046530806678 -0.00751007658380238 -0.0979613303926311 0.0333547184152519
0.0735251346065038 -0.0362142616715213 -0.100740126868428 0.0136378753383792
0.0480451256690544 -0.0600488529645954 -0.0850892301011733 0.00769955696252526
0.00375649253846676 -0.0685474159916383 -0.0678761782279777 0.00948614584173173
-0.0247115506170691 -0.0568303934605616 -0.0666831996972325 0.00445403045383762
-0.0388021567777969 -0.0404156907779597 -0.0703939275502289 0.0142362255168
-0.0446599759725983 -0.0244025206984133 -0.0619064402363133 0.0139705459820889
-0.0467634434026351 -0.0255368443335691 -0.0522317564251433 -0.0123769798432513
-0.0433206592210563 -0.0298963931901458 -0.0516092063956615 -0.0422698094032283
-0.0428571848129522 -0.0451074378036809 -0.0335490586836949 -0.0713479693810176
-0.0246617971990914 -0.0649666978823833 -0.000103739503824198 -0.0904836329638884
0.00561793980893859 -0.0729871654797942 0.0511864312110784 -0.0722537079140411
0.052039242251371 -0.0648349417700813 0.0540810325207004 -0.0172638018345342
0.0840741958264576 -0.0360380761314554 0.0114788000597643 0.0302583436628335
0.0784372636989376 -0.012698421700834 -0.0681907391301741 0.0264698581459369
0.0282008087077555 0.0067134110175184 -0.118983723091558 0.0473555562956701
0.0397855463785443 -0.00992687808242065 -0.104429852208905 0.0293583722214134
0.0284926288850874 -0.0270487708469962 -0.0842003216677374 0.0120977932878265
0.00473056894227466 -0.0317551617784965 -0.0658002593178813 0.00656703117900983
-0.00740889526445216 -0.0254516374919776 -0.0742846222046343 -0.000437319990942045
-0.0132878124984515 -0.0212673920811103 -0.081295363468209 0.0114415971421458
-0.0192959196244974 -0.0158378763033282 -0.0753186713610446 0.00825410496690817
-0.0211804182841834 -0.0177577219521448 -0.064515591609195 -0.0203165935360206
-0.0197911274004667 -0.0214092284584396 -0.0608753417221345 -0.0527118118883933
-0.0176616766946339 -0.0302963536408117 -0.0368658029684573 -0.0822432747113742
-0.00369128077372397 -0.0397692667626198 0.00225665064468471 -0.098252060598323
0.0158054778713252 -0.0429614655027563 0.0531068221702444 -0.0725906362462588
0.0448828047225105 -0.0307326606017205 0.049264458813241 -0.0183254222980125
0.0567971618268709 -0.00528445001241291 -0.000222837400008436 0.0216659679089685
0.041887765295997 0.00978532127407428 -0.0847918499284891 0.0179099703893696
-0.000607321003025284 -0.0190592106658934 0.094841710808895 -0.0215636099013137
-0.0217193427774464 -0.00806481631230408 0.0106118504783309 -0.0402857955077459
-0.0184126824761772 0.00897949512211196 -0.0543134121856636 0.00777549043227597
-0.00533601334960518 0.0118707622211409 -0.068287786469847 0.0691139900438489
-0.00194958740530778 0.00706538345452761 -0.0163866328614884 0.109997891852041
-0.0055505121543421 0.00574392101664971 0.0392742317708292 0.0980733654748695
-0.00556124710522621 0.00649144899762288 0.0691724862800727 0.0607652782767069
-0.011323368184577 0.00744918035329521 0.0821276463590588 0.0244730847757846
-0.0115459272707856 0.00838472293708831 0.0824944431558692 -0.00770097337880765
-0.0153763688774782 0.00667756818346233 0.0878917882902232 -0.0197631977655735
-0.0165695010265146 -0.00343902602498328 0.0858006345285573 -0.0128054026322972
-0.0118021802626616 -0.00767290795300424 0.0782582604903213 -0.0112528289397429
-0.010096382463178 -0.0146181783285247 0.0871205147557376 -0.0106479817678711
-0.00589327704545234 -0.0271826555343787 0.111280781757719 -0.0209292054515075
0.00968632933373152 -0.0243029832277493 0.132251613547537 -0.0568213628265141
0.0394151438182465 -0.0240393122840481 0.0889449536764239 -0.0156929641243185
0.0180000483144287 -0.02457868551565 0.00660613842831654 -0.035635703386581
0.00737972057227785 -0.0141391123215818 -0.0542873053088802 0.00743744254900595
0.00254496272578854 -0.0180091343144763 -0.0713420477266179 0.0640420070474601
-0.00915800271401106 -0.023824867736253 -0.0225544585240354 0.103411815458725
-0.0242835618647824 -0.0179653232310217 0.0291745679888255 0.0953689107077551
-0.030570804955964 -0.00671920061175022 0.0595709811598382 0.0627623961396442
-0.0407571900779941 -0.00275908139202266 0.0717404066602333 0.0252612873195617
-0.0406429461946651 -0.000553923867075497 0.0713872987673905 -0.00989880203095919
-0.0486370733176533 -0.00829626779077835 0.0761525681271444 -0.0289255117982342
-0.0461928160316167 -0.0333855991564351 0.078691920429615 -0.0290471322436856
-0.0272708073221402 -0.048885595079106 0.078444459796517 -0.0252935445995237
0.00122727577174116 -0.0612329996849433 0.0852990738703653 -0.0166643100903191
0.0313831024597026 -0.0648700668043355 0.09848051128984 -0.0172510880815755
0.0531953202267565 -0.0513899323834741 0.11167324848819 -0.0457479292878746
0.0752390089307196 -0.0253887574129041 0.0664487697909311 -0.010575264579356
0.0588628993097949 -0.0389286742739174 -0.00817827941325545 -0.0349489423229731
0.036451593463942 -0.0396699936376734 -0.0616197828336188 0.00452731306195045
0.0108401760901861 -0.0507572416828327 -0.0753763478036854 0.0582099149237274
-0.0169232226318273 -0.0542054795788076 -0.0292347503691944 0.0914529233718308
-0.0421252997761935 -0.0405195390417264 0.0148605338374046 0.084204823993563
-0.0522394525838927 -0.0201142645662352 0.0411309174304325 0.0592411350527571
-0.0637267511770135 -0.0130538594902681 0.0520328933052434 0.0241073764548886
-0.0637946440341775 -0.00991868390609819 0.0490125712023851 -0.0111843929559451
-0.0743503998165322 -0.0200861725110882 0.0536280586325733 -0.0377325452140637
-0.0714137308820145 -0.0556674166072392 0.0614126027644153 -0.0463401783548136
-0.0440995600082484 -0.0806368476618992 0.0737651768003769 -0.0429169229701854
0.00627412860811228 -0.0995564045402299 0.0830874339254197 -0.0219828208310784
0.0593450958138623 -0.0959931018807388 0.0845212692412046 -0.00736125549608377
0.0866821064557156 -0.0709723605139323 0.0792838891820571 -0.025285955812631
0.0996394098691642 -0.0240921245843814 0.0285700518954907 -0.00409861035993128
0.0911015831928334 -0.0520239797128337 -0.0337273525034408 -0.032117380199401
0.0600102074556438 -0.0654192519205684 -0.0720389317047184 0.002036888166892
0.0141242145451059 -0.0812124109466099 -0.0777330565679911 0.0487115771788394
-0.0260425597905483 -0.0787037063322973 -0.0361450834813618 0.0722676261755464
-0.0559472472240244 -0.0566245829598582 -0.0042440188225336 0.0671881493861892
-0.0666216792780205 -0.0291619677797464 0.0166027462213707 0.0499699446581339
-0.0767882090249873 -0.0211929914002517 0.0251888150340401 0.0184575898894107
-0.0757528818016138 -0.0180114261901031 0.0205243188285827 -0.0151171944147604
-0.0882889519177671 -0.0309523923104447 0.0250508242505996 -0.0451787655759244
-0.0831347515467169 -0.0707128258608451 0.0384262037203566 -0.0614330503649376
-0.0514929788037321 -0.0997407029281568 0.0653903251426886 -0.0582501593996613
0.0120956412056858 -0.122333871264291 0.078442921106657 -0.0250639229402406
0.0803524792061968 -0.11073755781778 0.0691212580748068 0.00678676463215834
0.107799806338718 -0.0769178575411833 0.0408248473620483 -0.00152518935406149
0.107790283841513 -0.0234265208290502 -0.0184624110817555 0.00498171982904638
0.106284860471941 -0.0605923848158482 -0.0639721187725459 -0.0219000532905989
0.0697373972985088 -0.0835549535880848 -0.08197490754357 0.00210475327781364
0.0105994794405738 -0.0994915666053895 -0.0771829695777071 0.0360896377146044
-0.0349930200940395 -0.0890388280588388 -0.0459537445633203 0.0477465738556429
-0.0634862100729385 -0.0622472437363173 -0.0272750831841744 0.0466960523973231
-0.0719103382631383 -0.0326317161497041 -0.0117830751378409 0.0383317677577156
-0.0783522041947181 -0.0268891479715611 -0.00442708652519942 0.00974754450740841
-0.0765545908600086 -0.0258861412022526 -0.00895286324985704 -0.0213772141966711
-0.0867160208277851 -0.0417238016012924 -0.00341199915259513 -0.0519365734924655
-0.0775333718550578 -0.0791403901898433 0.0161644302173998 -0.0735980043587784
-0.0426375295168458 -0.105309883468868 0.0564281272685978 -0.0692045256871786
0.024910522480932 -0.12374284693035 0.0716287393017734 -0.0242938511204978
0.0929659893956688 -0.103772236057807 0.0517029903830165 0.0222224159168967
0.114131631664394 -0.0669197739342504 -0.000159291547461911 0.018508798827679
0.0960770413210395 -0.0194067333379473 -0.0647920334605064 0.0203453967429347
0.0988446609998104 -0.0577720025096678 -0.089724617141646 -0.00328256177571599
0.0637434719485658 -0.0840473093748865 -0.0867277109881342 0.00556748144517888
0.00434847046186021 -0.0957600777767333 -0.0735319959278619 0.0228278976228911
-0.0373076547575309 -0.0817181398076952 -0.0582600002410496 0.0233801545703751
-0.0597094950350258 -0.0553027884922792 -0.0513997332422347 0.0288923409237934
-0.0651183027879416 -0.0301086401214034 -0.0396149481626825 0.0261403816590912
-0.068946484081704 -0.0276349005840756 -0.0324250465231978 -0.00064488093533539
-0.065590633441746 -0.0302430566088827 -0.036200057112247 -0.0300811578688527
-0.0707537880419524 -0.0474952991161129 -0.0251875683155682 -0.0614393098232077
-0.0560545677008918 -0.0789492646148367 0.00121478195108649 -0.084169307525408
-0.0202145353791528 -0.0976539738781298 0.0506313761688801 -0.0750202353685999
0.0414903113023129 -0.103600182630106 0.0637096840705005 -0.0211957174872494
0.0968441765298898 -0.0774822004041461 0.0315654418471291 0.0317867624972069
0.104720013333518 -0.0436891952654717 -0.0377908651904621 0.0299198235936734
0.067971253706137 -0.00937443949131972 -0.101608103917767 0.0375234755896584
0.0744749471596285 -0.0406220559753237 -0.10477737374707 0.0174101018541699
0.0474751865368498 -0.0642075309720897 -0.0881262329372447 0.0099572241896772
0.000738656191967298 -0.0710801782385336 -0.0698348796373241 0.0117539611121467
-0.0283425608043937 -0.0579464768828444 -0.0696376349780137 0.00616163529033215
-0.0421930380626049 -0.040548487476571 -0.072514875370706 0.0177302846261666
-0.0471699477703873 -0.0238754160319862 -0.063514982749512 0.017482977709708
-0.0490308542359814 -0.0243273825036815 -0.054787236694778 -0.0103320375415603
-0.0459584054845581 -0.0295754768767108 -0.055348909428125 -0.041724501562213
-0.0466766827875521 -0.0444618814762543 -0.0381628807242858 -0.0728307055565856
-0.0280253759107794 -0.0660697942940188 -0.00337999615561238 -0.0941862091935447
0.0031168219306859 -0.0753105086416545 0.0502075276368131 -0.0771828962054625
0.0506990701361749 -0.0688879809754873 0.0556192189207092 -0.0188312492785094
0.0859460793816907 -0.040751891624069 0.0125570789116111 0.0319249982620003
0.0810379342088581 -0.0150025789804996 -0.0686400758674424 0.0302306229554595
0.0295835784070683 0.0066933187027808 -0.121324906266352 0.0524354742467328
0.0410247640684968 -0.0117800029804069 -0.107968638857365 0.0328401402233226
0.0278484613586396 -0.0297373912970291 -0.0863800600661526 0.0142826660270714
0.00301699671590324 -0.0328447155738762 -0.0682966523218545 0.0079719763694557
-0.00939022139842992 -0.0258620772043746 -0.078394090400988 0.0016091336280895
-0.0152369098667131 -0.0219212246939998 -0.0839200695171818 0.0153841998832126
-0.0204892515878443 -0.0152713126580113 -0.0773531142523831 0.0120307560921016
-0.0226807463792213 -0.0173878112984588 -0.0680069416223767 -0.0189874175796084
-0.020976354601758 -0.0213415839015195 -0.0650406468931784 -0.0522625945975117
-0.0198167410013902 -0.0305471551988233 -0.0410039795374924 -0.0835640180480942
-0.00511089775841227 -0.0410378502243748 -0.000922198149926252 -0.101002120420741
0.0148434191137427 -0.0444543111625346 0.0515753273062131 -0.0768838910017246
0.0451784515783459 -0.0327632699373989 0.050705218327437 -0.0200006690772796
0.058365568215988 -0.00747801073987251 0.000913281197209381 0.0235329893804107
0.0435226012473391 0.0091450211355906 -0.08612993897263 0.0215980254547797
-0.00174316242348563 -0.0191623674310844 0.0956893435392761 -0.0283754532526134
-0.0221932101152551 -0.00649528753623766 0.00752730142522254 -0.0420886560654741
-0.0180227345699927 0.0102428588259849 -0.0551342015792752 0.0103799833335784
-0.00436520656457439 0.0125469169687231 -0.0650452543073787 0.074075117586786
-0.001836146458118 0.007239017658752 -0.00998332747755162 0.113121356535099
-0.00528563099713939 0.00620586969003491 0.0457872604287879 0.0962732877724534
-0.00605264862098374 0.00672735238828952 0.0733531078605822 0.0570104720760773
-0.0115411099511451 0.00877559791221394 0.0845834026239084 0.0190603102449449
-0.0112011187938537 0.0092362797199197 0.0835523237828478 -0.0132238012895836
-0.0151750182764112 0.00788051748071153 0.0886926617243946 -0.0260174959743146
-0.0175862219120935 -0.0028239301751484 0.0879986052245785 -0.0189474980905517
-0.0126284430843618 -0.00659211828562605 0.0793017925004863 -0.0145993699535634
-0.0112981435296048 -0.0146533349795635 0.0889175103258783 -0.0148074505156522
-0.0081813723949901 -0.0267587182158289 0.112990656354356 -0.0271353018228793
0.0082473535523974 -0.0246782445846229 0.13033369867752 -0.0655094671752549
0.0388488144293425 -0.0269845054370136 0.0894907016608147 -0.0219874695635524
0.0166111683088905 -0.0262447281085841 0.00369434605798139 -0.0377880699387369
0.00698095103675433 -0.0147727399830931 -0.055040090817978 0.0100290757325819
0.00126305234228297 -0.0182457929184757 -0.0692700724926709 0.0689764119799221
-0.0112157380720525 -0.0235953391229572 -0.0169381103766663 0.10715000008811
-0.0265417083870979 -0.0163828559296708 0.0347344722671527 0.0945095090932141
-0.0326651052160582 -0.00498981082671991 0.0637450740320545 0.0599018749848235
-0.0420901272857402 0.000328256080094567 0.0746951013740903 0.021121563001964
-0.0421492008387947 0.00191158518075494 0.0713429219318392 -0.0139933131658363
-0.0503055072571054 -0.00521380959395992 0.0756295873085828 -0.0346258372322279
-0.0496292840638892 -0.0314916893516797 0.0785094491781975 -0.0345980634957811
-0.0307786764292378 -0.0484797779167842 0.0782750567984277 -0.0295747067899584
-0.00260721754527467 -0.0624233825837716 0.0870617176874019 -0.0201715321264211
0.0271259577813989 -0.0681659570264129 0.0997294143002612 -0.0226088251086394
0.0514184854482548 -0.0544931208369869 0.109799608011942 -0.0531287842377288
0.0755727243821859 -0.0298939314751145 0.0666267964443073 -0.0149157230771142
0.0573833873079943 -0.0434944013555986 -0.0121053842777164 -0.0353712113812875
0.0347341761989598 -0.0424672533993269 -0.0624588461062056 0.00719056499612901
0.00790709083709088 -0.0518837671113349 -0.0733348748265464 0.0637207742930503
-0.0206659384882612 -0.05371339683667 -0.0243910674248633 0.094673938059297
-0.0453721961410583 -0.03815469893012 0.0197529727580234 0.085200444420892
-0.0544790301830945 -0.0170650645850745 0.0453642601719393 0.0574923493801153
-0.0659493568689817 -0.00865417564934911 0.0543101561452643 0.0207850162597642
-0.0656433784795318 -0.00550516844434301 0.0491546559286086 -0.0152107671691935
-0.0773198220033243 -0.015695506746433 0.0514985503388996 -0.0419273948337098
-0.076461749065291 -0.0518458184779571 0.0598808866390702 -0.0510453767964155
-0.049489979211234 -0.0787190538996338 0.0720744805703688 -0.047531875716248
-0.000205614207762928 -0.102326431918847 0.0838596968128679 -0.0262861342688162
0.054333059328192 -0.102275445563646 0.0856195503337023 -0.0121610057546148
0.0846060931954204 -0.0770205503792328 0.0791522969934819 -0.0307829024092746
0.100710923499104 -0.0301460603022546 0.0283115579144237 -0.00611215902400839
0.0898287013014194 -0.0587626090447236 -0.0374150352893721 -0.031476168979057
0.0572424733402894 -0.0698705663269206 -0.0734585213497235 0.00432374896572393
0.00908741562053984 -0.0838343034427313 -0.0772283030404291 0.054031422734311
-0.0319423259619272 -0.0778518710890162 -0.0334689011194106 0.0756264727281495
-0.0608946707403916 -0.0538757965570728 -0.000316771349602367 0.068727710548859
-0.0701883400853003 -0.0258448755884505 0.0199632182518578 0.0494615276359148
-0.0796531359816093 -0.0167644166896106 0.0261502646909674 0.0176966042964371
-0.0784824292443629 -0.0137940485639742 0.019535372406885 -0.0166110389682418
-0.0919426250699543 -0.0257016875792323 0.0221434971455401 -0.0470233026812733
-0.0901242144220381 -0.0662494377913744 0.0355100104769016 -0.0648326889681185
-0.0583966709316594 -0.0978776736835907 0.0627011224767016 -0.0630724783818043
0.00387356117611793 -0.12572930580675 0.0791038189498811 -0.0290120342720981
0.0740302274590986 -0.118295463107093 0.0712868198525623 0.00374602984136902
0.105031865774169 -0.0836587093086099 0.0413544940528568 -0.00469677829468784
0.109139011357042 -0.0294281249762368 -0.0191373277609045 0.0064359426515504
0.104434780648763 -0.0680067633833248 -0.0667365808944362 -0.0190426020082507
0.066420994807314 -0.0896910595401476 -0.0831321242555766 0.00535237260857617
0.00461320069487474 -0.101628004869256 -0.0771007503645591 0.0411376764272346
-0.0419617487796877 -0.0881024150025175 -0.0450835576566601 0.0502448325269431
-0.0687343793942568 -0.0592745842656339 -0.0254396800477629 0.0495913034067223
-0.0751688777050127 -0.0283348348604226 -0.00928295479759602 0.0395017765968311
-0.0820226256822721 -0.0215774595569203 -0.00426815381627193 0.0105529831743814
-0.0788935022188701 -0.0212434703487679 -0.0113278166305457 -0.0209160500270079
-0.0907695600217136 -0.0366093938924613 -0.0070708996309632 -0.0520814734949589
-0.0846506168158522 -0.0752611348111475 0.0121489737136757 -0.0763084865311034
-0.0496982857585267 -0.104664898767124 0.0533100623905413 -0.0730295579988824
0.0169585432067057 -0.12732029160786 0.0716990093217433 -0.0274521991383841
0.0882124412039265 -0.112191553000687 0.0536640225736351 0.0200551586162897
0.111998835259969 -0.0733664669389228 0.00161371880701533 0.0186478707012731
0.09738556589232 -0.024597419068041 -0.0653926019173369 0.0242624659056258
0.0969859774290646 -0.0646641295309415 -0.0915661397315622 0.00192706248289897
0.0604659701824656 -0.0897014163870553 -0.0882578241875138 0.00880905396225999
-0.00188506816215924 -0.0975491763231071 -0.0739730858288698 0.0262000971924643
-0.0436550994013447 -0.0799333777968196 -0.0590571506348503 0.0266044479428491
-0.0642882633048687 -0.0527662986585134 -0.0513576010242536 0.0330414098004047
-0.0684031844257033 -0.0266131788273223 -0.0387124629912366 0.0291641060227777
-0.0722760537526427 -0.0236772803611422 -0.0335382906009137 0.00169044476892285
-0.0682521445627832 -0.0264732521845971 -0.0387080247853493 -0.0288801721479219
-0.0752066318397544 -0.0433023665959655 -0.0297929740835664 -0.0606967262576804
-0.0624403540365154 -0.0760408673298979 -0.00379146142103668 -0.0864710535500001
-0.0265610590033701 -0.0974345442938625 0.0471729816283912 -0.0789003307032375
0.0348067341314249 -0.10736466540597 0.0636556847453349 -0.0242828737160245
0.0932625979613978 -0.0855508638252883 0.0341146572033317 0.0313856884450506
0.103874635424289 -0.0503093096327448 -0.0364829613113855 0.0319596660273404
0.0696389212801438 -0.0129627216303005 -0.102052505957501 0.0441100320056673
0.073196871449186 -0.0460878479047608 -0.105282415347674 0.0233279530167406
0.0445316577139199 -0.0684214617157368 -0.0889061049037178 0.0135510703535777
-0.00388170312497859 -0.0720451280058405 -0.0709777025862711 0.0146322101699394
-0.0330525411480979 -0.0563821227937076 -0.0716518467676485 0.0100626540321109
-0.0460006705760311 -0.0383748056862753 -0.0727960507144838 0.0228144633682586
-0.0494554791656883 -0.0208642262645009 -0.0624346753889088 0.0213690377862548
-0.0515172278640766 -0.0213027295414485 -0.0566851909069077 -0.00724797990620313
-0.0481434300698154 -0.0268292051905384 -0.0598944136856954 -0.0388457576666348
-0.0501533150910579 -0.0414987781405701 -0.0430461005904338 -0.0716140220210955
-0.0325684036720527 -0.0647539204014783 -0.00868546281041913 -0.095467313318077
-0.00111645199833607 -0.0764084885729796 0.0461571614861956 -0.0811550878235061
0.0470961268258578 -0.0727156637657505 0.0559484412189529 -0.0218652364182006
0.0846283193185654 -0.0466953039336901 0.015076346263352 0.0323151237463769
0.081336143589225 -0.0197804782745285 -0.06709010875922 0.0340197409168705
0.0309574112169497 0.00587348399630112 -0.121508869810377 0.0598332304771247
0.0407074379049909 -0.0142944601697453 -0.106801441805324 0.03992867631173
0.0261868292287845 -0.0317565138697659 -0.0874346619492472 0.0184550711578852
0.000772316827313511 -0.0332637090374224 -0.0694067973990543 0.0103008697800153
-0.011007540878962 -0.0254571896694749 -0.079997067735753 0.00602669088744783
-0.0168388398280413 -0.0211129498237305 -0.0840538720329226 0.0210233920322717
-0.0214447849775442 -0.0147725697138556 -0.0767966638811218 0.0167670638426055
-0.0235412562181176 -0.0161719395951621 -0.0710233131500158 -0.0149335692981698
-0.022338639455615 -0.0205746909854447 -0.0708304471835649 -0.0494933927871268
-0.0216837018599259 -0.0293789010666289 -0.0471091318458304 -0.0823690155618319
-0.00747356899515013 -0.0413874864561223 -0.00692224183161411 -0.103323499596151
0.0125391147078161 -0.0462867724682528 0.047902755351281 -0.0807792414137334
0.0436865800673835 -0.0370491586725473 0.0505994919185717 -0.0223021823593363
0.0592618379213183 -0.0108651251260815 0.00241047286135523 0.0244672988016181
0.0452139630467049 0.00652092322901597 -0.0851383040277521 0.0271942954735726
-0.00316083755550362 -0.0191459641661442 0.0923056370961764 -0.0343470936446966
-0.0224572340319458 -0.00520255507139019 0.00369625395144194 -0.0430574206661239
-0.0167012430982807 0.0111502793486652 -0.0543417024225663 0.0131532250703231
-0.00360600568933361 0.0121895653150735 -0.0598787039973515 0.0762879822461718
-0.00098083808096878 0.00709483293728793 -0.00252841859067781 0.11236604680098
-0.00435904109588228 0.00666517618507501 0.0515298804184334 0.0927570725436092
-0.00569032501022525 0.00750143623626373 0.0756762021371832 0.0516959087250321
-0.0110636576157484 0.00951681104064174 0.0846417080497057 0.0133117169473561
-0.0107953212872485 0.00930498738062113 0.0819110842243979 -0.0181082480650266
-0.0147744902357242 0.00794590051121806 0.0859554144578798 -0.031869501098245
-0.0178189093191615 -0.0018855606595344 0.0859519102718641 -0.0244339530885619
-0.0129014897098812 -0.00630197174441621 0.0782327532480493 -0.0184962782320028
-0.0126089475396662 -0.0143675737296036 0.0888815204706366 -0.0196022852798437
-0.010221244620652 -0.0252693243473162 0.11076590513728 -0.0338964179704371
0.00756441939684772 -0.0245146147954237 0.124090592588974 -0.0725940397745667
0.0372912594436667 -0.0285695311421192 0.0870471404101701 -0.0275623481502253
0.0149517087497823 -0.0271317074048027 -9.24976144137793E-05 -0.0377066548881953
0.00608407584566548 -0.0156602383160068 -0.054368528878028 0.011972278199115
0.000690404890851896 -0.0182747788275308 -0.0643304878170189 0.0723940626995828
-0.0125156292814518 -0.022449536368579 -0.0105091991059796 0.106463279496773
-0.0271948389484055 -0.0142546828484225 0.0405110473001403 0.0914719405948078
-0.0326350051220915 -0.00338554692615 0.0665285275105229 0.0548678147440216
-0.0411406472802248 0.0029956189857997 0.0756728652254807 0.0163615952255156
-0.041741002721279 0.00477205203853173 0.0699667624470422 -0.0189293271930778
-0.0500393954499888 -0.0025428548331574 0.0719170268038018 -0.0399284622032368
-0.0513648702312675 -0.0278553906684358 0.0760595358569572 -0.0399567244998825
-0.0339394403562607 -0.045965258035484 0.0760925638477159 -0.0328170150502334
-0.00668251923818495 -0.0620787169953463 0.0860743078813297 -0.0248787429276513
0.0230053207358344 -0.0691010500163647 0.0973057865854987 -0.0285310579843739
0.0479002943577389 -0.0570153668593738 0.105117783310992 -0.059330502299759
0.0739617250642097 -0.0337918910587132 0.064376946644498 -0.0189601770483868
0.0535919763731687 -0.0471115201364484 -0.0150585836969245 -0.0347471071343435
0.0323926791477439 -0.0444587561930369 -0.0619378458565894 0.00959842342616917
0.00475185752466459 -0.051415662712283 -0.069380066396463 0.0668251520306757
-0.0243620678620501 -0.0518089188488507 -0.0186492741834161 0.0950783470928315
-0.0478662923363649 -0.034365269024169 0.024506848735126 0.0832808221731937
-0.0557012563320931 -0.0130979391010169 0.0485700584434703 0.0535744650871149
-0.0655810081494286 -0.00405910261201178 0.0551266292980029 0.0174266966748635
-0.0653117183598949 -0.00133414584563588 0.046710760423551 -0.018128084895398
-0.0784548829797521 -0.0105306395868892 0.0479429094699256 -0.0450315633562989
-0.0797380149060933 -0.0465510715941303 0.0562969394482118 -0.0552374584876613
-0.0546929913581654 -0.075070750140175 0.0688816639597524 -0.0507940291463511
-0.00719989700319405 -0.101139771689737 0.0825100570763276 -0.0298692709625436
0.0468924620542363 -0.104985197302957 0.0841793492857108 -0.0163854976951392
0.0791722235378718 -0.0806212825841171 0.0756132719183208 -0.0353125772225474
0.0992192154393329 -0.0356373108126565 0.027650174947393 -0.00792399261388574
0.0847487687543182 -0.0642547046333259 -0.0393096046942662 -0.0289384164726143
0.0529518611634245 -0.0737926208402482 -0.0726439025853538 0.00699184681998689
0.00345347595064989 -0.0831745644914763 -0.0727579358699866 0.0582286054615031
-0.0372587733809552 -0.0752871405725211 -0.0289031427824163 0.0761817002767724
-0.0644694718311357 -0.0489810193842551 0.0031172229902854 0.0682047844401418
-0.0713060919866333 -0.021364368259921 0.0230018021726025 0.0480189874006493
-0.0800829674486686 -0.011062378762166 0.0272722761532891 0.015864624181916
-0.0785409129892876 -0.00829636586405345 0.0171575496667568 -0.0176458560455897
-0.092656817395641 -0.0192934621606373 0.018202074072672 -0.0482051196157018
-0.0936580037402356 -0.0595625403610628 0.030768475016375 -0.0673774761525426
-0.0642667455013955 -0.0925496423675012 0.058074717529237 -0.0659115024972691
-0.00420319769771833 -0.124510666856309 0.077428015810373 -0.0319761191292584
0.065167066248931 -0.122469387579585 0.0704431498834066 0.000500357241623956
0.099080231053937 -0.0882531093356801 0.0402680398945975 -0.00743002911833434
0.10745705365207 -0.0356126590666063 -0.019023066299741 0.00747399948927396
0.0986501312753854 -0.0747705633551572 -0.0682807700714922 -0.0144277426197529
0.060771781785935 -0.0930248755970924 -0.082539309554565 0.00767276945493224
-0.00240400555727479 -0.100828341527484 -0.0741081561371655 0.044735869444519
-0.0474514612268492 -0.0842595967497956 -0.042078369656905 0.0520655541579872
-0.0724231810970348 -0.0530837633875675 -0.0225754572873253 0.0515496985875816
-0.0765705813522854 -0.0239822406426087 -0.00593405707074399 0.0391184101217142
-0.0827013856178813 -0.0158831424576239 -0.00348958886961414 0.0103452774173704
-0.0793204388612093 -0.0159614115990307 -0.0138249624318707 -0.0196829950138401
-0.0925743568602584 -0.0297131027260118 -0.0108256305747821 -0.0513752384246587
-0.088993578669979 -0.0687811934766917 0.00702867708749542 -0.0763497134153367
-0.0562005398207521 -0.100239295918745 0.0475716245001439 -0.0752876713989353
0.00864878944986928 -0.127166800491652 0.0706911640410239 -0.0306381850153965
0.0798803398635997 -0.117401358806784 0.0541985056776962 0.0179794303754677
0.106485569534462 -0.0786532239663373 0.00270558117248057 0.0178550016889291
0.0962841242046092 -0.0304079379587387 -0.0636305536215284 0.0288410316583395
0.0917594616251573 -0.0705801540989752 -0.0910027121255324 0.00738032000690199
0.0540058538004823 -0.0926148631906491 -0.0874685268056132 0.01267941888381
-0.00818704606545252 -0.096157266587438 -0.0722725592833606 0.0300783265432799
-0.0483255699352337 -0.0758762349397615 -0.0577251308151845 0.0296566301550006
-0.0680107476646164 -0.0473064228392305 -0.0491238071216654 0.036595200886956
-0.0693135762306366 -0.022326963570806 -0.0355140749421015 0.0311222494774729
-0.0728862463633089 -0.0178440428458194 -0.033147352271494 0.00418963567570115
-0.0686314724419773 -0.0219826385317402 -0.0414572213133606 -0.0257059447441234
-0.0771028389618932 -0.0378773606688172 -0.0338793251455617 -0.0575977571042587
-0.0672133100930842 -0.0710505208950164 -0.00902081798752252 -0.0857847727815187
-0.0320294430212681 -0.0942873657386209 0.0413408704148956 -0.0812064692967686
0.0275020593067285 -0.108068949642468 0.0621225919298871 -0.0264021576282215
0.0865408910352683 -0.0905029593301655 0.0359756700844478 0.0296254795815556
0.0999821263474718 -0.0546029662670442 -0.0332260818140795 0.0336269995021728
0.068701843497405 -0.0168252782767205 -0.0982715009051517 0.0500200964590293
0.0690835312400417 -0.0501744331400012 -0.103319606575708 0.0295314427469744
0.0395944202458353 -0.0704292625887691 -0.0874749106468867 0.0177751759701537
-0.00886314852550319 -0.0707902351955625 -0.0701082468339095 0.0178472755729926
-0.0366914114497302 -0.0532135327538776 -0.0716918070177061 0.0138571665448616
-0.0484363473696649 -0.0345660934076982 -0.0709969987470725 0.0276189604451746
-0.0501947342037959 -0.0177213584337785 -0.0599104255018395 0.0252277662639059
-0.0523509469854764 -0.0174828069472325 -0.0569710780255479 -0.0038308276719593
-0.0488187112840498 -0.0233425131539396 -0.062174640160863 -0.0345975525618923
-0.0514598553237146 -0.0377534658983193 -0.0469084838380812 -0.0679712495974827
-0.0366159950199246 -0.0618714473356499 -0.0145789309911347 -0.0941528311332506
-0.00566799856546352 -0.0750057512388973 0.040557799373188 -0.0833033002812984
0.0420737918332998 -0.0748433197268615 0.0541011589411313 -0.0236240734130347
0.0803225569180748 -0.051804460210434 0.017027537800458 0.0318885932573683
0.0791907844497427 -0.023680007212537 -0.0631968456104023 0.0376771252207861
0.0313858952835685 0.00405904759167179 -0.116786081634526 0.067148086574746
0.0396013966753647 -0.0169163901451205 -0.103423798580794 0.0463278561581542
0.0235736819243467 -0.0328879275043427 -0.0855711355278824 0.0231820730052767
-0.0014437218621255 -0.032274582640811 -0.0684502177648588 0.0130197544016362
-0.0125525524627969 -0.0240538294772072 -0.0799004977654947 0.0101741796405103
-0.018407659706286 -0.0196631825510437 -0.082142706126481 0.0265419319809535
-0.0222314113080916 -0.0129171160578735 -0.0754406447648446 0.0214477049645574
-0.0245203319084856 -0.0136493320567172 -0.0716440921549989 -0.00947087531770466
-0.0235133729703952 -0.0191927353431685 -0.0738755079737035 -0.0438758162860969
-0.0236582964116034 -0.0274941452285534 -0.0510588571897916 -0.0785211713933038
-0.00986863805087669 -0.0404484539458871 -0.0121529125772056 -0.102063967943187
0.0099829610151288 -0.0459021391823761 0.042443217506991 -0.0834495768733107
0.0406165972562193 -0.0386673861726637 0.0486407696332438 -0.0241032835859265
0.0577096625900372 -0.0140591284851635 0.00419175329987633 0.0245304941164023
0.0451148222281205 0.00450428669585121 -0.0814368065279094 0.0319008033088188
-0.00356952757805696 -0.0186237272752903 0.0872847190832948 -0.0378355105959629
-0.0219556733057373 -0.00360518500893604 0.000295669872679819 -0.0416997102323134
-0.0157429213683406 0.0112143255884806 -0.0526001208774096 0.014669165964535
-0.00256832245255541 0.0117852796083548 -0.0553014635500946 0.0770675656830498
-0.000513993130354172 0.0070933150851355 0.00226316010899162 0.109309933121688
-0.00395515786581158 0.00703090198371128 0.0537380845700472 0.0878814912443191
-0.00582253907834537 0.00750184226974254 0.0745431108968062 0.0463527067282648
-0.0104588417388755 0.00972017321110271 0.0831238825844013 0.00868019583857083
-0.0103045298969307 0.00990446851202066 0.0777442723760149 -0.0216513256547157
-0.0143496710572484 0.00803027257587714 0.0816834354164052 -0.0352765962798325
-0.0176275146765573 -0.00106107870446629 0.0828453141038468 -0.0278738078209228
-0.0129335601970198 -0.00531689040593442 0.0752956739005455 -0.0201969857228678
-0.0129852921356956 -0.0131551112039769 0.0863500625506356 -0.021587948925274
-0.0107980920357052 -0.0236749591280013 0.106256400990873 -0.03690354253341
0.00648284033053111 -0.0239939266675983 0.116906195442849 -0.0748703551995802
0.035349442945841 -0.0297158737348764 0.0823650424569272 -0.0306241304774977
0.0126499772771643 -0.0268123683599043 -0.00285674489468675 -0.0363087215450367
0.00528448740785326 -0.015375895860483 -0.0527669207359853 0.0130160949508542
-3.68495387429114E-05 -0.0174839354340849 -0.0594193922800617 0.0731104483867092
-0.0134744192539268 -0.0210613868897374 -0.00532029209759351 0.104156323941742
-0.0272334713258661 -0.012241566772208 0.0430829406004146 0.0868782027854857
-0.0322634345173632 -0.00114878669511997 0.0666293464522495 0.0501540115187066
-0.0400690333315802 0.00477099622406251 0.073472322222471 0.0120301580568102
-0.0406895943937805 0.00635951466973645 0.0659231753109351 -0.0215506573628406
-0.0493386655238409 -0.000192373872134483 0.0679288306563934 -0.0416740075382287
-0.0520849924593149 -0.024736742595826 0.0723400960752192 -0.0422370261391023
-0.0345977580604202 -0.042969948718603 0.0721071113722718 -0.0344878637138179
-0.00968477990629151 -0.0600288132908214 0.083366782078095 -0.0264662860102659
0.0188586316070788 -0.068137033784807 0.0931758688181805 -0.0316314591126852
0.0447251814797722 -0.0560743044156947 0.0981544267881493 -0.0620008562306209
0.0709169560596347 -0.0363972413210849 0.060982337577494 -0.0216312652689486
0.0498925815618586 -0.0485027600360838 -0.0172398597741557 -0.0334243489475961
0.0294485252731063 -0.044751061390336 -0.0604140583294937 0.0105071149387398
0.00191883518675365 -0.0505587072266856 -0.0645650673528217 0.0675675093693024
-0.0259162895329646 -0.0490278378534678 -0.013934283987556 0.0929032218521649
-0.0479913933332282 -0.030815505218351 0.0271903589249785 0.0799322375095958
-0.0550555939891941 -0.0103057016151651 0.0488158871530588 0.0497061994048014
-0.0644308329875824 -0.00022937507495076 0.0540702277411916 0.0148015217506213
-0.063479252632635 0.0019398956040693 0.0438903193112402 -0.0190396971876945
-0.0760820507812253 -0.00688288368178121 0.0439806850661594 -0.0458688161753154
-0.0798366704049681 -0.0409713783730582 0.0520421087840633 -0.0569389695012324
-0.0564478000204126 -0.0702764311877301 0.0643734043862978 -0.0516006365245595
-0.0115795116469176 -0.0987350208495027 0.0800627736494316 -0.0317993981846709
0.0403598404970049 -0.103866270777417 0.0810205371173577 -0.0188944474287269
0.0736549232756076 -0.0807085763994059 0.0714274603628656 -0.0379298974590575
0.0958006412505973 -0.0393139410439367 0.0255503730185509 -0.00839156498739986
0.0789010567415279 -0.0667895999815873 -0.040245694394083 -0.0264020997104695
0.0482669664714179 -0.0742084368036069 -0.071338443373745 0.00835646998367422
5.10846737165963E-05 -0.0808584583132407 -0.0683061130186459 0.0588956938916443
-0.0397896007071523 -0.0706460209895725 -0.0247625450104194 0.0750003714245834
-0.0647044326335185 -0.0439139838543618 0.00571071342508997 0.0672527045184239
-0.0702733655735629 -0.0172305883842992 0.0248065450017437 0.0450247622341664
-0.0783050911205476 -0.00607499102483701 0.0269344658705237 0.0142302357420468
-0.0764042276977082 -0.00508383825312262 0.0155592797375669 -0.0175656920341503
-0.0909216892751189 -0.0147108572047168 0.0150932519210681 -0.047657683272968
-0.0945265763995077 -0.0536104276039196 0.0269894849473506 -0.0672252876312291
-0.0668991020809058 -0.0869971451948025 0.0530835189952888 -0.0657170329086074
-0.0104124933404002 -0.120920726086105 0.0749525580411077 -0.0340403914796005
0.0577263542580035 -0.122141034908009 0.0684860745100248 -0.00171092906665073
0.0928431603987304 -0.0894264737071638 0.0387772179042704 -0.00913091679311503
0.103854093441817 -0.0392937005724215 -0.018692598967871 0.00827271758694041
0.0918181844299727 -0.0774675323483768 -0.0668769613103612 -0.0113085345849572
0.0548911300564556 -0.0932340482781853 -0.0807939059638782 0.00937612995022805
-0.00691883937237787 -0.09743698626943 -0.0700816045867335 0.046177599180419
-0.0505136438309032 -0.0789891384220996 -0.0390844742579669 0.0523843634703945
-0.0733320827957104 -0.047926154981341 -0.0199324752325766 0.0512345880670994
-0.0757269358679518 -0.0195411216805374 -0.00386925392064596 0.037878684714554
-0.0802155572311808 -0.0112436690715232 -0.00345682520622969 0.0108992131027519
-0.0776246154260856 -0.0119921185703569 -0.014526105340646 -0.0182405154462828
-0.0908925569116273 -0.024331922490094 -0.0136533193478437 -0.048906166430218
-0.0900898300587997 -0.0620757148052959 0.00357826787930729 -0.0751170645833946
-0.0588445761662741 -0.0944838226820778 0.0424845816061291 -0.0753182148672493
0.00213581282925571 -0.124106398614233 0.0678223426404406 -0.0318694727035694
0.0713882711641258 -0.117587370753897 0.0537946400894562 0.016070868037202
0.100084154506531 -0.0802416404300209 0.00345257462539354 0.0168177562399221
0.0933697788001851 -0.0329901421619652 -0.0612690975084036 0.0304298445810582
0.085001502704453 -0.0733162685308135 -0.0879880038789758 0.0108768519599903
0.0486662626310718 -0.0924996836230186 -0.0849496026712369 0.0140890303207769
-0.0124136527940678 -0.0929742827539647 -0.0692357473204015 0.0315188494710125
-0.0509749858519169 -0.0713044706117549 -0.0553826707908265 0.0302994559289466
-0.068358399933912 -0.0421105476753641 -0.0471696553235968 0.0381130899380684
-0.0686924565279031 -0.0184091164613312 -0.0328281165648125 0.0311849755862082
-0.0713918748197933 -0.0135335639472311 -0.0321140777429787 0.00560992943127767
-0.0677023191230944 -0.0183674139909325 -0.0420247180041286 -0.0222461315648804
-0.0768086137496501 -0.032768782578754 -0.0357321424138259 -0.0543568890252727
-0.0686396600812446 -0.0659757900008551 -0.0127293626034711 -0.0830977907735166
-0.0355604446347354 -0.0897404909115691 0.0361195717689938 -0.0802742801507656
0.0218294460877098 -0.10622405218502 0.0601670451698801 -0.0273660670837254
0.0796887253635572 -0.0915307427600475 0.0361490687967424 0.0280742592352376
0.0955443262059493 -0.0570894210242019 -0.0306609483592486 0.0337962893751131
0.0670395404821713 -0.0189852062058843 -0.0936017444542348 0.0524323867199131
0.0643639326104421 -0.0518671146586224 -0.0988772903257841 0.0330838069609392
0.0351084019999093 -0.0698229740574125 -0.0848218278036889 0.0195134349403976
-0.0118501396298129 -0.0676548855247264 -0.067412694088433 0.0194937714617083
-0.0381416570421515 -0.0495193389969345 -0.0698930350148042 0.0157510734695883
-0.0491607004968636 -0.0309971795174199 -0.0679558526265688 0.0307539276845088
-0.0495225825839035 -0.0148620406793378 -0.0566668582778876 0.0265527137849151
-0.0513472055913177 -0.014565721569724 -0.0560951738325809 -5.12243643715745E-05
-0.0482620199258666 -0.020515439944169 -0.0624535337186849 -0.0301812092436969
-0.0523722241096011 -0.0336942379803119 -0.0490950681667386 -0.0636061826851148
-0.038210749162187 -0.0581919107900315 -0.0183799735718337 -0.0916934753810546
-0.00892185770151272 -0.0724140856603779 0.0354712728701848 -0.0821062260323604
0.037090302887929 -0.0744818903917965 0.0523947158219098 -0.0246107858619562
0.0760594525134601 -0.0533584919404615 0.0183847523294603 0.0308476527268263
0.0759554954475442 -0.0260259888257173 -0.0588802935188468 0.0385007133377907
0.0308930779742605 0.00292344830038077 -0.110594248072391 0.0691189967999075
0.0372059574954828 -0.0180169563331054 -0.0979210123475521 0.0485119016933798
0.0212595210942097 -0.0331182001998066 -0.0829564239862637 0.0247010514721674
-0.00288058853596659 -0.0312013843717566 -0.0666850777555298 0.0149567018299442
-0.0135536118596876 -0.0222183214296695 -0.0787163329690356 0.0135494905804398
-0.0186428577320791 -0.0181854833565533 -0.0782377335194288 0.0300093291728865
-0.0220276818182064 -0.0122857970198303 -0.0710353532823725 0.0243746175621954
-0.0240145937220835 -0.0124020904989095 -0.0705850362211556 -0.00620433594667573
-0.0231355181678713 -0.0173029521215101 -0.0733812517482989 -0.039303704023259
-0.0236692019600009 -0.0256454224426503 -0.0535013717586543 -0.073232857664637
-0.0115412061994478 -0.0385159277485155 -0.0166143574670007 -0.0982628208165494
0.00752329384682581 -0.0450178096310389 0.0373149274290282 -0.0825142161041433
0.0377900666514359 -0.0394911704771247 0.0465085394810823 -0.025142370154743
0.0552878956075725 -0.0160495360369263 0.0058783327085255 0.0239146995068133
0.0438160814507448 0.00249760916291512 -0.0765939535861547 0.0340886724715178
0.00486540009475789 -0.0185521977333447 0.0907516719046199 0.00158030305343478
-0.0175378057920554 -0.0124629989199226 0.0157495098193404 -0.0364681372789195
-0.0182292851751652 0.00337980808393362 -0.0528483518686804 -0.00740948575825951
-0.0069769741892154 0.0089654084160953 -0.0799389725901868 0.046870527052002
-0.0029005115938182 0.0044103619208902 -0.0408695814096759 0.0975064259405349
-0.00681616389825954 0.00384763498274965 0.0131064789412169 0.0993474061650111
-0.00848703962289393 0.00458317841559227 0.0472809771430568 0.0711932069026092
-0.0131237852441651 0.00454435261306042 0.0698580201979799 0.0404341523889439
-0.0128847901018772 0.00439295346547412 0.0773174070910183 0.0111134283145049
-0.0157654602853799 0.00116001119283943 0.0870083708526599 0.000264027366467991
-0.0150434638239198 -0.00868173879491356 0.0845256972322275 0.00808759299667398
-0.00912070217509623 -0.0110254093447895 0.0748294341273638 0.0137474353320367
-0.00664986092224202 -0.0180806412054511 0.0859855352558358 0.0159854883894727
-0.000268588899995592 -0.0265660274792305 0.109705265400173 0.00719729109966365
0.0164741516416609 -0.0208872671623385 0.134109208002977 -0.0192263861452752
0.0454384518139852 -0.0114623734513932 0.0818642416081161 0.00226029967763453
0.0228291768129396 -0.0176919519864193 0.0102893794907431 -0.0350406226453866
0.0116529180703971 -0.0120001512088417 -0.0539089139239154 -0.0113563491020532
0.00764529146245523 -0.0155388534948738 -0.0839377869353614 0.0419577159682509
-0.00284795974084675 -0.0246159209022911 -0.0478560347562549 0.0904106548475951
-0.0191040785196215 -0.0217003175925101 0.00179234773803949 0.0950366579890813
-0.0285903064696027 -0.0136722638353529 0.0382859431536303 0.0707771627143699
-0.0385276509531978 -0.0110274102126007 0.0608336288525813 0.0399246570645274
-0.0387218000314268 -0.0110610867872959 0.0664436419003859 0.00664432256573349
-0.0439082770971046 -0.0196860895479319 0.0767030172625674 -0.0115426610171071
-0.037443115616694 -0.0428498848808481 0.0804100876452122 -0.00924880742462192
-0.0148250770250974 -0.0526105075995371 0.0783488883828113 -0.00138909634478804
0.013906737850089 -0.0601639930535788 0.0861277727244424 0.0105454875874876
0.041692358858622 -0.0557438492384297 0.0980693332851421 0.00833449896651317
0.0621625489030506 -0.0363499846919706 0.113358072297013 -0.0120616773301647
0.0812001118851944 -0.0022335296671707 0.0570266901965587 -0.00171489787714296
0.063493419022719 -0.0212947288227021 -0.00505263937346619 -0.0393435299021045
0.0450149150716091 -0.0275331074427902 -0.0614409241264824 -0.0186321612601616
0.0236520564184103 -0.0426848178020637 -0.0880698808791033 0.0333403656802978
-0.00306286073243246 -0.0543888530130565 -0.0528328339571767 0.0770230532729254
-0.030325720264075 -0.0461131804359933 -0.010323932940673 0.0823929833509181
-0.0445267059019844 -0.0306602634853184 0.0226952934573558 0.0637520422719061
-0.0570040051791946 -0.0250643680476065 0.0423480229239922 0.0339230438500114
-0.0575356816983679 -0.0235430583396558 0.0459365546684491 -0.000777295530002212
-0.0663805732207233 -0.0350077456043872 0.0570466180766341 -0.0249847126122961
-0.0573621086819684 -0.067240473708782 0.0683492588974006 -0.0301996626668279
-0.0237614780044725 -0.0853288655324841 0.0781278952396975 -0.0202924514480633
0.0259159707601652 -0.0955916715535649 0.0855767361709653 0.00405643748124552
0.0741020955216691 -0.0802617430298196 0.0851134412800051 0.0156251663280895
0.097305462724422 -0.0474141731140624 0.0805748117013445 -5.35165550640358E-05
0.104742397432112 0.00623683886550104 0.0192564504401423 -0.00733992842033468
0.0968784487245858 -0.0252703565844815 -0.029061350706308 -0.0446304600773894
0.0736331206794236 -0.0460185481537808 -0.0718332598797677 -0.0269239583662737
0.0339273174974086 -0.0699736415814008 -0.0901036362918313 0.0240607015680847
-0.00601920541347896 -0.0785942139034308 -0.0571047052852493 0.0567839286570928
-0.0399509033674356 -0.0644364548878166 -0.0258395868890268 0.0628137226074267
-0.0549231547848985 -0.0427811352545654 0.00261631290245488 0.0496514663262679
-0.0679705263289632 -0.0358829847917685 0.0188457468173584 0.0228680417454491
-0.0667084496921377 -0.0343999081696091 0.0204431754085201 -0.01037252798182
-0.0762038346086748 -0.0477235273521932 0.0313105939278893 -0.037962918850656
-0.065884383832562 -0.0834200166838907 0.0496097761248917 -0.0499157286305232
-0.0275169130010684 -0.104122858567102 0.0739869132137107 -0.0380822514213131
0.0349573760078531 -0.115579105168115 0.0822724289347601 0.000628738764406694
0.0959377938682418 -0.090598544182552 0.0676638616855993 0.0264920818468533
0.117116153165689 -0.0479291870443747 0.0407093263979745 0.0134852111701233
0.111822854541389 0.0102256185028625 -0.0264180733347097 -0.0102171303813676
0.112758533418037 -0.0288958309460098 -0.058698172496795 -0.0421874384810907
0.0868761858279557 -0.0602767324320676 -0.0821017612168338 -0.0302125825821454
0.0349186759528815 -0.0876204429719556 -0.087041151207866 0.011138950749697
-0.0121197070281964 -0.0898512788184604 -0.0612856521884562 0.0313700449391768
-0.0453717154244096 -0.0710152688255381 -0.0423983116799992 0.0386258445099123
-0.0590988292714575 -0.0471905741634665 -0.0198303075383945 0.0324112226121325
-0.067685152535213 -0.0407129628130275 -0.00755286718669667 0.00872742697322071
-0.0650819015374983 -0.041136398914818 -0.00672353654501912 -0.0229677163200835
-0.0724782513324723 -0.0557374798285395 0.00703459025986169 -0.0508328716557511
-0.0591361079017358 -0.0900849498585286 0.0317620573363448 -0.0659848721485508
-0.0179099777263365 -0.107175234258565 0.0682907801212795 -0.0510976865055316
0.0469854925944262 -0.11382136333179 0.0747885891062327 -0.000508083310795843
0.106905512893017 -0.0807681283376444 0.0483782899792919 0.0378342439915789
0.120238514162432 -0.0363415926197807 -0.00149137989389429 0.0223278778626293
0.0998762685757153 0.0109780635399779 -0.0728666518264772 -0.00738220679739294
0.105516396311837 -0.0279918455943211 -0.0866418742236276 -0.0305966833858291
0.0814750171776814 -0.0623729178318639 -0.0880295043056709 -0.0273795712184449
0.0281272517420477 -0.0854784907990509 -0.0807869646917106 -0.00135404821702048
-0.0152243158507907 -0.0825949264395347 -0.0662414226408964 0.00518642325815838
-0.0435111773674076 -0.0641110835654805 -0.0605927463540787 0.0163793297514124
-0.0533882733731345 -0.0437091016813151 -0.0430462264058418 0.0144763230660518
-0.0586298148485915 -0.0397371936801003 -0.0314605846397547 -0.00800591485604272
-0.0534393725123778 -0.0429708837907043 -0.0291587843929984 -0.037212787986113
-0.057188980587065 -0.0569369915267407 -0.0104937186112403 -0.0640072003045173
-0.0381098573960438 -0.084683933028184 0.0214803658174833 -0.0794513825820676
0.00184452435681164 -0.0938339998369591 0.0648957758528529 -0.0580108392883326
0.058861194062308 -0.0900132816382254 0.0663795135060747 0.000679720608853299
0.104496031304533 -0.0538679501940491 0.0269715558215829 0.0427731398518985
0.106354554305378 -0.0169028322825099 -0.0391032418935644 0.0231715857406776
0.0695086128430392 0.0122440590079163 -0.108282669081774 0.00219824890251419
0.0782074976970422 -0.0184927969333214 -0.103508632871103 -0.0141937281644286
0.05993961531331 -0.0473918751859779 -0.0886759360241594 -0.021063619555362
0.0182734228063043 -0.0636027002304099 -0.0731673851242699 -0.0112687495818525
-0.0122623234674017 -0.0585593062339711 -0.072920437229566 -0.0139023373857498
-0.0307267893959424 -0.0466647954875645 -0.0756358073215637 0.00107114644429328
-0.0378276064445974 -0.0330108265923074 -0.0617184185944957 0.00101458822839064
-0.0405115737798576 -0.0324262170556422 -0.0502288308409703 -0.0223326488679537
-0.0354329665864454 -0.0369998042003846 -0.0444891035053519 -0.0514421952677385
-0.0342882703929294 -0.0490310857555507 -0.0182653911442398 -0.0768133440992441
-0.0137968060493395 -0.0664794439555421 0.0203117232212206 -0.0882700879198832
0.0186759401533636 -0.0685321684519501 0.0651034898501216 -0.0592831354394293
0.0612188651431655 -0.0546861286837403 0.0576694130309453 0.000430913602920684
0.087609787367851 -0.0205471891461583 0.00826972477654027 0.0384712733756858
0.077319626036678 0.00457414571244718 -0.0676920916295231 0.0147066300051136
0.0270530492179224 0.0165437514448754 -0.127765447550343 0.013866417963743
0.0405158186145994 -6.32258056727246E-05 -0.107011038635454 0.00149876535829463
0.0320603511753965 -0.0203337618347527 -0.0861207619987666 -0.0142135141331778
0.0103887314707897 -0.0275799929518304 -0.0685800676319597 -0.0151499669983209
-0.00205704878679758 -0.0242484494391072 -0.0773375031267769 -0.0198961683149289
-0.00924530950084397 -0.0235428480635619 -0.0827960712085492 -0.00464306523682739
-0.0151121993277267 -0.0198114767289389 -0.0736455663219729 -0.00722017759667539
-0.017025794207481 -0.0199578636797903 -0.0607424204996677 -0.0328967917836627
-0.0149620661903624 -0.0242196674868698 -0.0505811531812747 -0.0633695319678916
-0.012412309425286 -0.0309518693335936 -0.0184193390682403 -0.0870592019989898
0.00273396544594407 -0.0392875013039118 0.0244122909021862 -0.0938596365448206
0.0236759661544319 -0.0384418266538992 0.0669085444020123 -0.057514316597502
0.0486959721709351 -0.0227437055213996 0.052096921320848 -0.00192732421012308
0.0557555893289226 0.00596733165983563 -0.00231429218327716 0.0271154053552132
0.037820698813745 0.0188561950728373 -0.0820360569057947 0.00210068867552085
0.0050325185296008 -0.0189006443481646 0.0889048255007106 -0.000633360876250077
-0.0174905966480138 -0.01184580905323 0.0137818289662908 -0.0359473214774042
-0.0178143732307084 0.0031331745893455 -0.0527023839136156 -0.00726706427101475
-0.00689916883485268 0.00916460512742119 -0.0784922083636309 0.0467944727638067
-0.0026859140827409 0.00444746551555902 -0.0392543567962092 0.096968283944336
-0.00640723314827411 0.00446233011400294 0.0146068223062027 0.0974085224746789
-0.00799004728548805 0.00485322892501429 0.047776537455815 0.0698650276818208
-0.0130377933240777 0.00511293952559456 0.0698825570355768 0.0381017843155859
-0.01270633584488 0.00422779757674051 0.0763332322924275 0.00961282720997662
-0.0155864529387427 0.000817535484824688 0.0858718945980077 -0.00197771359181848
-0.0158597826899548 -0.00845088401010272 0.0841452309592587 0.00645974812394517
-0.00915976280940962 -0.0108699220997648 0.0746386864552601 0.0132856208427358
-0.00707279072521892 -0.0179260756165244 0.0858263467037494 0.0151658594410648
-0.000450503335979993 -0.0257150665269417 0.107707395494564 0.00621580253075978
0.0170603913091598 -0.0200950365137327 0.131454356625778 -0.0208834531337788
0.044759615177874 -0.0124912750249757 0.0796389455175364 0.000512432578881976
0.0214774792005898 -0.0184098519556125 0.00884332055061351 -0.0347476078629329
0.0115551715557331 -0.0120748236564502 -0.0540044185097679 -0.011226850942728
0.00696033260191943 -0.0151755304225815 -0.0824817056276349 0.0412209219181434
-0.00315700136049887 -0.0248772727104291 -0.0457381189727544 0.0894301659881544
-0.0192513119575451 -0.0208702290844204 0.00362683809303948 0.0933503877553655
-0.0283052858234592 -0.0129196114444318 0.038660426389523 0.0698296124138831
-0.0380111324230207 -0.0096268074291301 0.0604224821241854 0.0379485524679959
-0.038412643748102 -0.00984316561719021 0.0655099033710576 0.00497780355209844
-0.0439602133360059 -0.0185291845709637 0.075066502092994 -0.0135765715310195
-0.038313266752631 -0.0412872879979405 0.0799872129204874 -0.011136943626021
-0.0148284653089876 -0.0520322665369541 0.0777249929567841 -0.00140862323187438
0.0126290165696303 -0.0599089787445781 0.085499062194238 0.00964642868838617
0.0403981056887427 -0.0555895046713095 0.0970101366368354 0.00739136464534625
0.0613949793547122 -0.0360406226065294 0.111187088351218 -0.0134206498798645
0.0805434752578541 -0.00379835726617541 0.0561850157569914 -0.00230103505814826
0.0617951505799635 -0.0224420819523492 -0.00649854714743769 -0.0390183857304516
0.0447054565036288 -0.0284477594962864 -0.0615830721968977 -0.0190799640864538
0.0223849494256496 -0.0423657054901942 -0.086845179105408 0.0343828528026591
-0.00399162830203754 -0.0532750117010024 -0.050850001913365 0.0761259505140757
-0.031187972139162 -0.0452700300913936 -0.00887100819534409 0.0815419357495907
-0.0451273039077294 -0.0293455219291781 0.0232257116117992 0.0622482049536205
-0.0576418142874923 -0.023681639208223 0.0426335631561961 0.0330325757806121
-0.0577090076931541 -0.0221806939597993 0.0452283083880684 -0.00125937572972726
-0.0659095269022503 -0.0335491811076813 0.0554622553179088 -0.0260680741000536
-0.0588386492016114 -0.0656100260751956 0.0667313471810293 -0.0313300634902752
-0.0250383729714578 -0.0838170744596235 0.076950739375819 -0.0205143210672799
0.022851409416552 -0.0953076432588745 0.0849071690987604 0.00332831770762931
0.0714470389911407 -0.0808821464788769 0.0831842170026771 0.0148186889860162
0.0953933354866019 -0.0475508940270753 0.0795596996594073 -0.00132702369401773
0.104196517353988 0.00412549916787494 0.0185989818475044 -0.00704814079450933
0.0943670402493505 -0.0270380651847669 -0.0300464963105895 -0.0434613309251095
0.0725005522169429 -0.0476057513234256 -0.072182466567739 -0.0272470237358137
0.032554243304081 -0.0698874711381362 -0.0888716243372954 0.0242165572444367
-0.00759058845215113 -0.077393958875071 -0.0556367466305035 0.056687940592402
-0.0412193827216579 -0.0628686578034789 -0.0244734572139946 0.0629043319128623
-0.0555512140270454 -0.0413633462603225 0.00274187750575616 0.0488862946847018
-0.0676522102407088 -0.0334086461484402 0.0190655048647506 0.0228080700520733
-0.0668396505438957 -0.0327122974691866 0.0194540502736787 -0.00977179437188765
-0.0766424792205693 -0.0453644934434696 0.0298592077762851 -0.0381686509068913
-0.0676357233052859 -0.0809825762345745 0.0477327112828941 -0.0503172066801051
-0.0289171964075717 -0.10252918972392 0.0719120722918329 -0.0382654007593249
0.0320630398036067 -0.115578577429599 0.0819110033178675 -0.000341259882548576
0.0926745571342054 -0.091439058929177 0.0669178000267168 0.0264670188760635
0.115125404343889 -0.0480369419718312 0.0403812055920174 0.0122102873646313
0.112029925065851 0.00758939648166369 -0.0271329363788227 -0.00960900679461564
0.110243265978592 -0.0312365791314679 -0.0589189127950386 -0.0411480063524425
0.085330606275955 -0.061885222000463 -0.082333592905475 -0.0298003671115994
0.0328560392242311 -0.0871688533993817 -0.0864308525828013 0.0114929894109963
-0.013684930459529 -0.0886191996923754 -0.0605481387893268 0.0311952040904227
-0.0470985166753514 -0.0693162575312875 -0.042009684574844 0.0395267860221707
-0.0595925928378752 -0.0459925963204972 -0.0195879348609268 0.0317075539798564
-0.068088485206068 -0.0388498236700189 -0.0073183564006402 0.00842018963986802
-0.0656191895192199 -0.0399385499496286 -0.00776622657173042 -0.0216596121581516
-0.0731062899236853 -0.0532627475848004 0.00569085623288843 -0.0501500966244896
-0.0603636636098394 -0.0876131132930413 0.0301096941907177 -0.0664404380542692
-0.0195138052140502 -0.106373268409533 0.0665531607161536 -0.0512272977235999
0.0441428731337881 -0.113113546899748 0.0752544045481922 -0.000568653246432998
0.103914213672419 -0.0823131952198049 0.0474759657896812 0.0377652835596047
0.118623688981385 -0.0363230626183564 -0.000339107274809756 0.0219038681563021
0.0998430828975371 0.0086325393743134 -0.072723482834828 -0.00542479261590779
0.103066852426948 -0.0297080459316361 -0.085963204571011 -0.0291623739479485
0.0791621288504319 -0.0630648910236387 -0.0881347450154383 -0.0270401813144876
0.0257999207198851 -0.0852066395955451 -0.0802673811929775 -0.00117644803479121
-0.0173060967104893 -0.0813231502774982 -0.0667819512855423 0.00557543585397377
-0.044473900151946 -0.0625294894056689 -0.0597316010628193 0.0173026029891349
-0.0535489914381958 -0.0418214846123953 -0.042223848478241 0.0150296714113774
-0.0588220592798738 -0.0380290202057045 -0.0310220498930566 -0.00665606445516983
-0.0542184899804527 -0.0412611423116665 -0.0299486592672597 -0.0353589280604838
-0.0570791964601924 -0.0549352474682445 -0.0119763834940852 -0.0629812494334102
-0.0397721397061838 -0.0825224408952955 0.0192107848954149 -0.0789200439172456
-0.000493389661104599 -0.0935777349421958 0.0625423860547594 -0.0575564946749077
0.0560764320335859 -0.0898212312121716 0.0660758919172772 0.000628506317503721
0.101948990049874 -0.0557183776449739 0.0268369088310019 0.04248865325165
0.105368271660731 -0.0168803102399456 -0.0380444258396753 0.0230611914744464
0.0694175079300406 0.0110158814681599 -0.107536104824447 0.00392500905362681
0.0764709945231106 -0.0193468834022012 -0.10254439151414 -0.0126780745091098
0.0584968040158439 -0.0483329188444571 -0.0883513765974405 -0.0206668063914982
0.0168346727023809 -0.0628714107902958 -0.0726848200989699 -0.0113813218783628
-0.0136750317419622 -0.0568252294594256 -0.0726829507142512 -0.0130139656999666
-0.0313580986403528 -0.0453423236090532 -0.0751798099531168 0.00262367031250567
-0.038798922360704 -0.0323355570719706 -0.0618756654052714 0.00188922665807625
-0.0404212186881582 -0.0311097527478923 -0.0500853626518996 -0.0208548025820849
-0.0361973926750272 -0.0358454730334324 -0.0451898543007002 -0.049632781053866
-0.0353359974750663 -0.0472997406408568 -0.0197411899148006 -0.0754785256965531
-0.0154039461566262 -0.0653518934841932 0.017464571233739 -0.0879596453329995
0.0178992642140315 -0.0677272534696694 0.0632303723028991 -0.0593775517355778
0.0593580987317315 -0.0554251788901314 0.0572945733833798 0.000868132539604908
0.0859719038487685 -0.0219608871163499 0.00853778739398845 0.0381550091574907
0.0765341419230913 0.0042019108158489 -0.0658382692609615 0.0149978142192206
0.0279492734591802 0.016108153017916 -0.126093976595731 0.0150749692677043
0.0394050910949771 -0.000888382913555379 -0.105406275482831 0.00283937442400571
0.0308643347353076 -0.0205613155798934 -0.0853452296234518 -0.013500051296857
0.00973618606607464 -0.0271039033123571 -0.0676621351767358 -0.0149831289417201
-0.00286709574022887 -0.0233783938661438 -0.0777086712268094 -0.0187581883960122
-0.00973672255372883 -0.0230454193579015 -0.0822838423628663 -0.00198411843740457
-0.0149832700010644 -0.0192549936551782 -0.0723643569128795 -0.00587346722727642
-0.016719295592602 -0.0187322164709035 -0.0614848237439718 -0.0313265448424297
-0.0150220357268904 -0.0234624348984963 -0.0518874013959569 -0.0612087678936002
-0.0124780929422649 -0.0299400035337231 -0.0194233557953178 -0.0856159037204069
0.00221931613750046 -0.0382513407310761 0.0227992389928291 -0.0929074769464672
0.022420097930004 -0.0372120577501959 0.0655310329567282 -0.0581261200685173
0.0474783204551917 -0.0226268559113534 0.0513771769657385 -0.00181995041715917
0.0552942165006668 0.00514566314372163 -0.0019765273640231 0.0280800509789308
0.0375776719929814 0.0183956388979544 -0.0805037716014132 0.00331512348409879
0.00458170483048735 -0.0181252371717886 0.0880909301948218 -0.00293924290186942
-0.0174295918930236 -0.0116518791428597 0.0119292102674359 -0.0360183719719883
-0.0177488090431628 0.00332246906951574 -0.0524463218759942 -0.00654727603905292
-0.00617783220779574 0.00934291952149281 -0.0777398489508448 0.0485292142023341
-0.00282479106992164 0.00437495049280862 -0.0364753960987827 0.097459663934598
-0.00610138985006513 0.00430916203077229 0.0172525647005387 0.0965545340534406
-0.00829894469070141 0.00527652743069092 0.0488417230640675 0.0675951910412802
-0.0129892758395783 0.0054870153558985 0.0711427755890317 0.0358706254257175
-0.012954341370716 0.00418354827450669 0.077006386057241 0.00757097610372423
-0.015450040284632 0.00107870917214786 0.0858359047782141 -0.00464683476965736
-0.0157247972138396 -0.00827282419061086 0.0843456077002297 0.00389555415974647
-0.00939322645488487 -0.0111271756217937 0.0754324174997845 0.012894217245249
-0.00719835814734291 -0.0176398238274966 0.0863630355384105 0.0133702688489907
-0.00141649387600705 -0.0251624035114034 0.107685410083935 0.00297793237996979
0.016637097765019 -0.0206826249199356 0.129607938741045 -0.0235902803425532
0.0446820094992771 -0.0139528933318495 0.0789353462020993 -0.00173533789375648
0.0209400146233185 -0.019198184322915 0.00651579908998224 -0.0343108453830243
0.0108914938201354 -0.0126437658149727 -0.0545829456276901 -0.0106677829547779
0.00728992811703515 -0.0150744206430618 -0.0818355101085187 0.0431437830504406
-0.00461824341021624 -0.0244106500448563 -0.0432265100933281 0.0899542265382501
-0.0203448902908889 -0.0202179346205087 0.00593797573302422 0.0927023276630561
-0.0293859288122783 -0.0120072453376863 0.0399714323138187 0.0678245326505665
-0.0383376067343234 -0.00801948935826095 0.0620862017749342 0.0365514706284972
-0.0388866594291291 -0.00920474042214503 0.0654445454043203 0.00334824743356314
-0.0445707644564992 -0.0171796450148761 0.0744697440927623 -0.0159662956940629
-0.0397931801455255 -0.0399235068442189 0.079403088535457 -0.0133999106284874
-0.0161808685757998 -0.0518137223602231 0.0774721166803667 -0.00256413639564219
0.0106368599380501 -0.060261493649415 0.0864995529784316 0.00791376729678737
0.0389179120926635 -0.056152642608418 0.0965969196719531 0.00558886539865134
0.0613618627024884 -0.0377307631362947 0.109982915943213 -0.016104619867602
0.0802931666377574 -0.00612297674578074 0.055164281407565 -0.0037071088901423
0.060717658064225 -0.024476080930888 -0.00807343274189065 -0.0389653739645765
0.0429155561723333 -0.0302692207462792 -0.0624762220364124 -0.0186505294484652
0.0214429243799367 -0.0432598065912348 -0.0855400403463797 0.0358231267163091
-0.00624934495508691 -0.0529021816724101 -0.049218674500976 0.0766919022538579
-0.032835790129018 -0.0438532054075923 -0.00687396385940245 0.0816513869816163
-0.0462852161370164 -0.027709105724873 0.0246801998825539 0.0615829418687892
-0.058346883735918 -0.021626091951932 0.0433180069037097 0.0317955207110076
-0.0581065397550287 -0.0210546969182079 0.0447424710878138 -0.0026290336990971
-0.0671842055265578 -0.0317059523718718 0.0541372298477076 -0.0272831953997268
-0.0614648589365278 -0.0634840834635882 0.0658019151965178 -0.0335043705109135
-0.027761477127417 -0.0832037533559777 0.0758793071299465 -0.0219891808033554
0.0202206856390216 -0.0964529872795594 0.086106442597007 0.00273112579046555
0.0689092285900857 -0.0829651596208617 0.0830513118601644 0.0137570486183296
0.094796881747111 -0.049367594439579 0.0788735300817961 -0.00304312242135514
0.104631422883453 0.00099561171643981 0.0184291577356941 -0.00764961110651967
0.0933090942265424 -0.0297277200393791 -0.0313439774839706 -0.0424854938481693
0.0710027573315463 -0.0498922959220691 -0.0738757737244716 -0.0269602579506926
0.0303078602500568 -0.0708780330170141 -0.0878261955667655 0.0258535393452159
-0.010605648138403 -0.0769034760834903 -0.0548612159895149 0.0571442806174172
-0.0433401326963801 -0.0609108795990099 -0.0230276427422266 0.0632555157838769
-0.0576445419717089 -0.0393273640354006 0.00426197951786201 0.048563399676272
-0.0688830909455321 -0.0314465595009256 0.019486077481309 0.0224127882269724
-0.0682296848655216 -0.0314401909448658 0.0183895130757423 -0.0106614516317135
-0.0779965842342199 -0.0428320348672679 0.0279520755666154 -0.0386962052300985
-0.0707585246439285 -0.0787597914543495 0.0462450467494214 -0.0518649002588416
-0.0318171707256789 -0.101489900470223 0.0707576569432076 -0.0389891872073002
0.0285982218131144 -0.115961838731461 0.0822858344752459 -0.00105858627331075
0.0894283380219406 -0.0939434049791246 0.067420122967572 0.0254339590843145
0.115064962645611 -0.050456479889019 0.0395969611637903 0.0117349219415539
0.112677769079534 0.00461151150318447 -0.0274755639823502 -0.0088139500994092
0.108518441661191 -0.0341112770351073 -0.0602562260040341 -0.0394758499929244
0.0832879986115705 -0.0645649111479388 -0.0839105912649658 -0.0291785587602437
0.0303158409604342 -0.0883072285210101 -0.0855583692387007 0.0130773835367609
-0.0166368612061126 -0.0876203415218336 -0.0609689368173808 0.0315690000039689
-0.0495069932851665 -0.0673872715688483 -0.0408610277252107 0.0405767143744161
-0.0620338878179453 -0.0438389781916206 -0.0186921365046675 0.0319029165731854
-0.069418483683493 -0.0362030429991385 -0.00698046872819182 0.00908389303281616
-0.0669543048355627 -0.037866079473823 -0.0086953657256646 -0.020897056914956
-0.0748959858675699 -0.050619924064653 0.00347230074531106 -0.049462955377032
-0.0636981620143823 -0.0851036165057372 0.0274948341562497 -0.0680321913639349
-0.0229806870878752 -0.105639335517496 0.0643693969293469 -0.0517666526804269
0.0398362773649252 -0.114032092214661 0.0755588436476761 -0.00137449695857707
0.100780244287325 -0.0848981775673878 0.0494132515025532 0.0371234985576274
0.11837353330344 -0.0392455236263355 -0.00051910068266273 0.0222063891825746
0.100115917362298 0.0061516672089184 -0.0726565368076069 -0.00354906469145142
0.101511291456483 -0.0333165710445622 -0.0866280403933968 -0.0269029177137199
0.0772318635420074 -0.0660822514125246 -0.0889508059991505 -0.0259651018725055
0.0234116839862298 -0.085253031608468 -0.079650720735564 -0.000372335361731972
-0.0199579451013007 -0.0801412280280956 -0.0675850605354916 0.00652333973043091
-0.0472849303319082 -0.0607310635530211 -0.0597064276499109 0.0197617505682981
-0.0557999432293527 -0.0403716035079663 -0.0419744992517447 0.0156073007079003
-0.0599875484332844 -0.0355480264469284 -0.031690228391167 -0.00548274518351889
-0.0552444007715545 -0.0396248523103996 -0.0316804142350827 -0.0341520600442549
-0.0590343065767225 -0.0531304887209441 -0.0140756901642645 -0.0622270246396463
-0.0424779247047132 -0.0808633486788475 0.0167936009396842 -0.0798921291517947
-0.00237772021153095 -0.0931084000347295 0.0604466119147904 -0.0587874805919061
0.0528911704752609 -0.0911303047633815 0.0667904835197077 9.1017798546238E-05
0.0999580541030884 -0.0581941941910547 0.0280453779033293 0.0427199001429878
0.104593707139525 -0.018991061436113 -0.0372820942580785 0.0237468801902142
0.070256980692542 0.00906019736752722 -0.107571199833759 0.00634110580121445
0.0757660116914955 -0.021703486454307 -0.102043809988024 -0.0101401931326198
0.0563005237896058 -0.0497321522026801 -0.0889289165851608 -0.0191047906533514
0.0147365249266694 -0.0627150505242406 -0.0729736817005266 -0.0107706430871215
-0.0156159985568501 -0.0564619403027032 -0.0745285970105107 -0.0113790733378339
-0.0330380000169336 -0.0439310531032536 -0.0749754585954148 0.00489084510856305
-0.0398896958366802 -0.030776288013684 -0.0613785187803023 0.00309557211391293
-0.041091956768865 -0.0291697862737216 -0.051033950320271 -0.0193185198653362
-0.0371797726356838 -0.0351402264053007 -0.0471799631829596 -0.0473474405735812
-0.036681928567691 -0.0456108111171478 -0.0217112458420894 -0.0745827886702492
-0.0171791862408589 -0.064574818860887 0.0152927717793756 -0.0888463580621139
0.0154187705981343 -0.0682144923358221 0.0609302149482545 -0.0605607900681493
0.0572052080346661 -0.05610944678667 0.0575487574145602 0.000676143962977906
0.0846626474666963 -0.0241990589115431 0.00995461604970157 0.0384671174767712
0.0764331982578407 0.00234508168081883 -0.0650880021701238 0.0168719027493861
0.028895572655218 0.0151937304999179 -0.125437451451061 0.0178027090911768
0.0389802464985376 -0.00208824908592401 -0.105055564071028 0.00455112917449735
0.0304361878914964 -0.0215659889284251 -0.0858483581971177 -0.0117516062922076
0.00857481161513447 -0.0273225925671564 -0.0685732233197091 -0.0144236116843056
-0.0035452163951782 -0.0229309488638279 -0.0784683493940684 -0.0174227044471894
-0.0108933508518379 -0.0224554196856958 -0.0824095292848708 0.000239539133544355
-0.015786097493545 -0.0185623561718979 -0.073254414161851 -0.00384645650737752
-0.0171445874365919 -0.0182161377189126 -0.0624363684005869 -0.0294386663993947
-0.0150556183434708 -0.0226104810025576 -0.0540319914081553 -0.0591570007440973
-0.0133572858448981 -0.0291583358386001 -0.0215433048787647 -0.0843671899981246
0.00102943810294642 -0.0384821484585252 0.019605817247698 -0.0933167481128364
0.0214092132987251 -0.0386192966955172 0.0633156890193077 -0.0591705023351717
0.0464308353953827 -0.0242384147427114 0.0514429434655438 -0.00218046867247359
0.0551912738816371 0.00396940571930608 -0.000582420706792784 0.0279816342662376
0.0384791969084422 0.01781985868127 -0.0800322083641948 0.00442874987986964
0.00373400046318188 -0.0181266757631377 0.0868133121386848 -0.00715920697195262
-0.0179562066832137 -0.00995839000290417 0.0105303086850649 -0.0361118489695427
-0.0177848938608331 0.00385626565860511 -0.0527725483462805 -0.00506252666366939
-0.00590475521113937 0.00964820693566241 -0.0749913341873937 0.0508724741704728
-0.00247846741141781 0.0041521614486567 -0.0313010457433042 0.0973396492503937
-0.00599315955641515 0.00458914862534204 0.0220624310809569 0.0939331200861176
-0.00810197804045705 0.00563726065013056 0.051345830877916 0.0649727062852746
-0.0129606078553083 0.00637021142134999 0.0719593734851949 0.0319684923674772
-0.0134439646672986 0.00519346964992472 0.0762744031985822 0.00354216298267431
-0.0158211150799114 0.00130697536262276 0.0841749480267267 -0.00882653412238272
-0.0165289302485307 -0.00729958874948328 0.0841838803080978 0.000259947884968675
-0.00968069099251607 -0.0104305044573908 0.0757244852463592 0.0101983191763629
-0.008121542649804 -0.0174492896801114 0.0868417729306229 0.00984851401751215
-0.00205406658687647 -0.0244334313101039 0.10614259845021 -0.000842610616162562
0.0162902069380603 -0.0213902667884457 0.12678273789439 -0.0278340929737552
0.0440004838769035 -0.0158979715818851 0.0775429816259981 -0.00462347889285178
0.0196070575966753 -0.0194669887665052 0.00524687858507015 -0.0342230154407616
0.0103155228072932 -0.0134394204070753 -0.054503717919595 -0.00952681878558946
0.00622081991067887 -0.0151736464945731 -0.0791273900605745 0.045671330141754
-0.00553399552907835 -0.0238795161511066 -0.0392787149236837 0.0899087313439298
-0.0210539379177192 -0.0185543401864109 0.01038449951151 0.0902309165337914
-0.0297734500074927 -0.00977341589930021 0.0422522479362073 0.0651891753752929
-0.0386160578380212 -0.00631431862773138 0.0627926104122733 0.0326891207548913
-0.0389860618605244 -0.00739622806506464 0.0648925621808091 0.000360970441730444
-0.0449604085268528 -0.0152993098960376 0.0724438171013005 -0.0194314628732562
-0.0419598025034776 -0.0379855156030231 0.0780184445256951 -0.0167047833678372
-0.0188415809061781 -0.0504766234711327 0.0769830390382477 -0.00542761412921869
0.00729646901931073 -0.0595581649434697 0.0864967203457809 0.00474874610762781
0.0352688201934864 -0.0575652092591048 0.0953509300394498 0.00177662799678635
0.0591501116898531 -0.0400310964507481 0.107232114507152 -0.0200273695212096
0.079363369875028 -0.00947824879055559 0.0541745613744213 -0.00545292766046956
0.0584452324263363 -0.0270449377626231 -0.0095036867700808 -0.037550417632616
0.0415751285857505 -0.0327329989511664 -0.0631918008068917 -0.0170214845892669
0.0186294397954902 -0.0432465199109682 -0.0832312620730948 0.0386853452157094
-0.00876878636518103 -0.051879382650378 -0.045620339869598 0.0775419280573328
-0.0344817883951834 -0.041008167210017 -0.00315304472906159 0.0804361908108051
-0.0476408218420785 -0.0249818108672512 0.0272356796665534 0.0592857919917283
-0.0582125946524576 -0.0180419963221793 0.044455227702326 0.0290854387596595
-0.0589798859732126 -0.0181400801388519 0.0436701491655079 -0.00405927545183318
-0.0681319577147551 -0.027823917762291 0.0512984480394176 -0.0302538145372223
-0.064062026633372 -0.0593003542620606 0.0630186610127764 -0.0367078854362944
-0.0322159506360591 -0.0810966038102347 0.0743193372071078 -0.0232997917774249
0.01507170450569 -0.0959988621701641 0.0859127423491445 -0.000695835342905277
0.0641433511111289 -0.0850400904722645 0.0830019715644707 0.0100704362165385
0.092625636767273 -0.0526239796207449 0.0769769770052112 -0.00565603509028102
0.103776187767441 -0.00412183112218493 0.0172163237432481 -0.00743607605129206
0.0898690179881034 -0.0340550981045798 -0.0326488193436342 -0.0400761294504244
0.0676027696682092 -0.0534639867206227 -0.0747615171969876 -0.0237700002978679
0.0265816976351747 -0.0709074669163308 -0.0862259813392501 0.0288662822388826
-0.0148317928081784 -0.0748719808544396 -0.052451663240245 0.0581689608299026
-0.046303703258034 -0.0575635627985396 -0.0198718475927527 0.0635554021443936
-0.059272626692477 -0.0357648634748113 0.00658094816084836 0.0477329882472052
-0.0698929242064262 -0.0278303362513533 0.0202701488837246 0.0211106411747052
-0.0694147291172583 -0.0276832381979769 0.0176908155217362 -0.010472532581279
-0.0794013636466983 -0.0387198253349866 0.0257383473362212 -0.039531877920785
-0.0741178350879075 -0.0737013700700898 0.0436201925205133 -0.0536124438625845
-0.0372404826104942 -0.0994162832061096 0.0685724383524129 -0.0412982615115934
0.0221890538340205 -0.115949201392031 0.082224748010138 -0.00428501545562771
0.0837437985857149 -0.0975769272937969 0.0681128270293846 0.0232427856020856
0.112110986042571 -0.0542804688646691 0.040316520052419 0.010095942658533
0.111891936868949 -0.00072212649483741 -0.0279879188100375 -0.00682340467970305
0.105218249012618 -0.0389733765642702 -0.0612244486027598 -0.0359924177008752
0.0791130843584447 -0.0681805271105451 -0.0848926518978194 -0.0264026277528984
0.0256047252035553 -0.088448534664918 -0.0841706684214014 0.0156434596451264
-0.0211658497679507 -0.0849651316360946 -0.0598500804587119 0.0336998499124156
-0.0522239571843139 -0.0632293603368397 -0.0391085675937958 0.042423569933107
-0.0637083960593345 -0.0402336124690135 -0.0173094310723749 0.0323608909785403
-0.0700711847686283 -0.0326998328415832 -0.00705557069445841 0.00975688440373494
-0.0688033972836824 -0.034552079902245 -0.00993622527692798 -0.0195516877804147
-0.0766306628480753 -0.0467877889157442 0.00136520288635276 -0.0497393304418183
-0.0676026911782518 -0.0804643004513948 0.0241268143291444 -0.0681257269770119
-0.0275470068276014 -0.103012431846754 0.0615607162921922 -0.0533795797150974
0.0341475021244541 -0.114492639347744 0.0751275039545336 -0.00378522464774668
0.0951312851562571 -0.08919322974412 0.0500430091148 0.0360427833410641
0.115694784093904 -0.0434495818032581 0.000977411113935636 0.0214476452826644
0.099567259009604 0.000798469745353837 -0.0718677501799613 -0.000354045464711364
0.0984882904410934 -0.0365346655408497 -0.0861089605424477 -0.0232820156418941
0.0729799677285423 -0.0687419662131005 -0.0900134429682004 -0.0227559557287262
0.0189947638866839 -0.0857590530670887 -0.0787173387975836 0.00221907805667581
-0.0235393880603027 -0.0777242615856259 -0.0679029767054614 0.00856083287095297
-0.0494346833805934 -0.0570158220256021 -0.0587706510550908 0.0223050604448689
-0.0576031542298596 -0.0366663418765333 -0.0408440757087345 0.0178060582460115
-0.0605249472488739 -0.0323628722667362 -0.0322598312785843 -0.00350971070541555
-0.0574439463789703 -0.0369823628877473 -0.032773020379305 -0.0312651072531079
-0.0608525453470596 -0.0489829258611204 -0.0165797707575662 -0.06094218529565
-0.0461966127358683 -0.0774705979668728 0.0123616090103162 -0.0796027547738494
-0.00741447913766845 -0.0917468209259107 0.0570729717672914 -0.0604229029254281
0.0470961414061567 -0.0925774350896934 0.0670391456000125 -0.00176863637662417
0.0959988274002315 -0.0626352553802275 0.0305304556680909 0.0416921250351187
0.103370881431834 -0.0225412642271838 -0.0359409583283594 0.0249556249565864
0.0698928608756625 0.00527640354083124 -0.105940343490112 0.0107685689080117
0.0726539641223827 -0.0247330513453462 -0.100607890515707 -0.0060917166637126
0.0534784332625156 -0.0519180336549901 -0.0893496515847304 -0.0158914073440668
0.0116289983639788 -0.0625287975206177 -0.0727924926524127 -0.00899529916508264
-0.0180347460845353 -0.0539353393629411 -0.0751179104559747 -0.00858596676133763
-0.0353489561995784 -0.0414188572012511 -0.0742499302753376 0.00924763341146632
-0.0412293113976837 -0.0285017257914151 -0.06040438767875 0.00562418228677027
-0.0418727706796949 -0.0264627746957156 -0.052110490003721 -0.016607607834716
-0.0383691663726201 -0.0326994244250817 -0.049108985145145 -0.0439450726330264
-0.0379356112852909 -0.0434488382901174 -0.0249625269318653 -0.0724368722271092
-0.019838712948125 -0.0626856394926658 0.0106590183477197 -0.0883117432013599
0.0122096549974238 -0.0676159501433042 0.05770870258861 -0.062209227422931
0.0531906157330357 -0.0578536529371797 0.0576091279521993 -0.00111306863252326
0.0828941898177784 -0.0275300519661214 0.0124609651344389 0.0388184293012518
0.0761754074514343 -0.000830710867460347 -0.0630178246413644 0.0191430123144328
0.0291877462682914 0.0133468435533716 -0.123716335238776 0.0229184104180341
0.0378240883739829 -0.00331644966502486 -0.102493180412366 0.00773831616876545
0.028112072508443 -0.022505772201742 -0.0857871993809465 -0.00860928034172372
0.00732078068426864 -0.026784704331699 -0.0684829054716725 -0.0128807145636322
-0.00414840601342033 -0.0222754773297252 -0.0794540219182621 -0.0135841056476997
-0.0117588778797411 -0.0210716527160762 -0.0817503090789599 0.00411343572452987
-0.0171500242721708 -0.0174423639047299 -0.0723987893562261 -7.53666866582457E-05
-0.0169850991490347 -0.0172968021150324 -0.064047199342436 -0.0254473058557691
-0.0158434737370963 -0.021412462798827 -0.0562025761061445 -0.0552240680707425
-0.0138783839411479 -0.0271896909734697 -0.025364536621576 -0.0822880582759231
-0.000571953239459431 -0.0381280482371167 0.0152568965959292 -0.0928944825356693
0.0192137217106221 -0.03912544555598 0.0592563562671626 -0.0611699644062349
0.0448462561401716 -0.0250136993983452 0.0513192971971237 -0.00356179592623189
0.0545421641287159 0.000944812039733015 0.00118869134060967 0.0285939157394425
0.0383839660097832 0.015855063584118 -0.0771922589223307 0.00829545961716985
0.00290868341977713 -0.0176573011999587 0.0827350355324309 -0.0099096299447998
-0.017729257868014 -0.00881656766710433 0.00830711674258668 -0.0345297244346294
-0.0167844212859141 0.00442809517407611 -0.0512135073301521 -0.00355619570586522
-0.00467543272723086 0.00916272550502197 -0.0701688879221444 0.0514602977019829
-0.00263562343425585 0.00415495276190044 -0.0258138517494225 0.0949258309703911
-0.00539816599202117 0.00455456430312674 0.024773436948693 0.0888740290518691
-0.00798460178945216 0.0065292959159639 0.0518337566664239 0.0601324105967818
-0.0123766537959127 0.00689915648282271 0.0707508583747308 0.027705530102095
-0.0128426452605131 0.00504247826221479 0.0727067501941983 -0.000494142804217899
-0.0145936033586888 0.0016612493878365 0.0800244124044003 -0.0129263789710497
-0.0159203686197336 -0.00632696672509041 0.0811804173323457 -0.00386615878778629
-0.00962479270051871 -0.00984422364460557 0.0740983416957086 0.00790965668117895
-0.00869380529953822 -0.0160647171365946 0.0841463391650729 0.00599727193952053
-0.0022537017999651 -0.0231418300962665 0.101601686482825 -0.00459927160919718
0.015424268875139 -0.0211028545086866 0.120312440915667 -0.0314919305433724
0.0417304455360123 -0.0169323685130547 0.0742408523013526 -0.00748742461426071
0.0173066531972372 -0.0199602657416191 0.00326947877233344 -0.0325473568928587
0.00857082512526783 -0.0139383469325397 -0.0537627418726857 -0.00700631068343536
0.00544647908965739 -0.0154384286186621 -0.0745392235411808 0.0467963486610408
-0.00717006941512601 -0.0226200020268947 -0.0337878467482655 0.0882071859464735
-0.0213285810182919 -0.0166740763136261 0.013732201433886 0.086375387412781
-0.0290396618291881 -0.0078108580264273 0.0437067973439025 0.0605121975028435
-0.0374878816518532 -0.00398958594116269 0.0617711185024275 0.0281809862897177
-0.0386448554216524 -0.00505551512100499 0.061960502436591 -0.00243829334369612
-0.0442904554492834 -0.0125810627195871 0.0681224810166008 -0.0224551525458247
-0.0423189545912944 -0.0339826093928658 0.0747732047176516 -0.0198555334875317
-0.0206453792528069 -0.0477209796765004 0.074286667977491 -0.00730246626588647
0.00416159427537187 -0.0579551223773844 0.0843525752714475 0.00108101836600877
0.0320562195072154 -0.0566134551008203 0.0911782574520644 -0.000867290700227071
0.0555938055574004 -0.0403386702486711 0.102051449346363 -0.0229214434358689
0.0766952501420365 -0.0129515269584933 0.0520597799824183 -0.00767938608737814
0.0543154694144911 -0.0286106666236015 -0.0107296634864043 -0.0355520535595933
0.0378239216791188 -0.0334823129934583 -0.0624383536924534 -0.0142203880394393
0.016172010623962 -0.0427763134350195 -0.0790430787274779 0.0401823798003906
-0.0114525836741795 -0.0491249913866348 -0.0410087651492991 0.0761650835506254
-0.0355637649418897 -0.036874390120192 6.26829019655908E-05 0.077617699150193
-0.0473794420497699 -0.0215093376192212 0.0280010955052588 0.0558176693392369
-0.0577265555438435 -0.0143693504235277 0.0443971470623122 0.0259227569746083
-0.0586659657207577 -0.0147990209551247 0.0422833779158637 -0.00551817739695887
-0.0673452552895618 -0.0237654226697022 0.0478613104900063 -0.0309591250373149
-0.0646661886209024 -0.0534663185399768 0.0593698216338993 -0.0378899665671011
-0.0340783745358011 -0.0768593108678694 0.071054508923156 -0.0251867240848361
0.00975007124082311 -0.09318847969935 0.0833730888335332 -0.00383567363536831
0.0577056561369206 -0.0842137704414479 0.0799939799026701 0.00766571613068156
0.0872586709819961 -0.0540467499700793 0.0734135192846806 -0.00845011745198459
0.0999590390950643 -0.00872433626123143 0.0159287619687264 -0.00760495778362162
0.0843656279850248 -0.0367001065623743 -0.0327033821785078 -0.0372157424012483
0.0621183343478771 -0.0543798488059324 -0.073355457533606 -0.0211608607445433
0.0224736362929804 -0.0695256026690972 -0.0819251657489961 0.0302019629382537
-0.0179127960153344 -0.0708075824293345 -0.0488719701860024 0.0579114222063045
-0.0474566992336262 -0.0523232479961485 -0.0165062488772642 0.0623242018465806
-0.0592839092580518 -0.0316137128294237 0.00829182588251088 0.0457816018721627
-0.0681796139667769 -0.0229032501424201 0.0209115088661841 0.0188814394523076
-0.068529048275768 -0.0238413703132422 0.0164985807496927 -0.0100840880909342
-0.0784114049986447 -0.0335611428880193 0.022661231733934 -0.0386579461328119
-0.0758663905682121 -0.0673339244694675 0.0393010114199326 -0.0537692398294958
-0.0407248762159259 -0.0939379858501237 0.0640452443808966 -0.0415515008101564
0.0152923957625889 -0.112379834230661 0.0794547225069736 -0.00645343079185595
0.0757903381987632 -0.0975762647504557 0.0667740815994509 0.0211405611926056
0.105592348762656 -0.0564432520801141 0.0387855669621426 0.0079750369921056
0.107885803506896 -0.00614954269055105 -0.0266369606868808 -0.00489898258057092
0.098656424272972 -0.0419348965612389 -0.0602074500332049 -0.0318332993214479
0.0729034306664737 -0.0701437122509929 -0.0837331038656987 -0.0228677361610926
0.0207582357282819 -0.0864591816888226 -0.0808864671175345 0.0174167926095198
-0.0246916887823094 -0.0805633685778803 -0.0572295012646202 0.0343181791366524
-0.0539145467394816 -0.057457888701596 -0.0355386611834528 0.0426271338211114
-0.0635258785567067 -0.0352481051977173 -0.0153308194244153 0.0319856382388795
-0.0689640489619505 -0.0275419124106357 -0.00611341924903791 0.00917590777109149
-0.0680535661141699 -0.0303571029705803 -0.0103807723903949 -0.0178517581357556
-0.0762108122935214 -0.040556755876612 -0.00149188009192709 -0.0468055945112124
-0.0693294357462586 -0.0739020399496013 0.0200774655505447 -0.066702787529471
-0.0314653807113637 -0.0976361988939984 0.0562533471860233 -0.0534714378222209
0.0268651815514512 -0.111519402456768 0.0732124347909308 -0.00607660725644916
0.0875606477372061 -0.0896554935815378 0.0503630861738658 0.033248995617165
0.109569059925752 -0.0459391013448526 0.00156144236452042 0.0209727858511423
0.0962510948763449 -0.00307834200932009 -0.0692749947310229 0.00273717114742996
0.0921986946626223 -0.0401207223352663 -0.0835143775005907 -0.0187380837329043
0.066796638119426 -0.0698125392557342 -0.0877439328229439 -0.0188929321309756
0.0141834344582863 -0.0833839837377817 -0.0758014706544781 0.00401959769459556
-0.0265749176732031 -0.0734664179320618 -0.0661238904694434 0.0110565020170748
-0.0505685028497048 -0.0516209285265042 -0.0557955069198622 0.0248332193096367
-0.0574110092534722 -0.0325882234162043 -0.0390619041060602 0.0184851629904905
-0.0594740055830365 -0.027706605054021 -0.0306155693284368 -0.00218228758328368
-0.0570101354260341 -0.0328234293936988 -0.0333615634186441 -0.0277730996310004
-0.0614949486636123 -0.0446663381738406 -0.0198936896597955 -0.0571490533042482
-0.0486255339568118 -0.0717142708960912 0.00791078005421891 -0.077946717716339
-0.0113042986431644 -0.088506330403829 0.051993398474424 -0.0599310257772854
0.0410054582502101 -0.0907062089978214 0.0646233258032406 -0.00361670465154025
0.0890277873992566 -0.0642471676072999 0.0313887235879599 0.0402383524011124
0.0989295012551663 -0.0260674980273467 -0.0334045301203834 0.0258122347208286
0.0675084637039843 0.00213338454625842 -0.101537780675601 0.014782438328129
0.0685984152628926 -0.0266374097803102 -0.0965531242000813 -0.00248110449865539
0.0484802755863013 -0.0524669654893812 -0.0872188532581313 -0.0119041255859563
0.00829850639190981 -0.0604875935022993 -0.0703985414208299 -0.0067254680009893
-0.0200749602773629 -0.051055101811282 -0.0742817378275897 -0.00537103722989412
-0.0360615340437805 -0.0377820886534896 -0.0707801869145026 0.0124314729618495
-0.0410726149114812 -0.0250188385205101 -0.0585459037687731 0.00787020142843191
-0.0413454739449723 -0.0238373431590374 -0.0508524080928759 -0.0130157912842524
-0.0391468341411099 -0.029641476399542 -0.0493040469834347 -0.0394313361946141
-0.0385426522875338 -0.0393191585960188 -0.0274381258916908 -0.0681252551117339
-0.02217124023123 -0.0589611323172708 0.00636973165867852 -0.0858464518111443
0.00853301092144939 -0.0660051539854531 0.0524748050635283 -0.0620920731271486
0.048377180219877 -0.0580417391096719 0.056012745419219 -0.0027646215710249
0.0776355505721851 -0.0301926620004758 0.0141851075054129 0.0365520815931675
0.0736533160036761 -0.00312768909467499 -0.0600598348521852 0.021146405466557
0.0282595354209504 0.0114557275594063 -0.11794300378008 0.0264461385383467
0.0361061242071232 -0.00478184997926937 -0.0978984961753344 0.0115543824342966
0.0260237289505751 -0.0225716037702314 -0.0826425195178655 -0.00539687396010915
0.00562449473301725 -0.0262372987200653 -0.0673319151685631 -0.0106640835356303
-0.00515874640609442 -0.0208862947823115 -0.0786701262147719 -0.00927944700819286
-0.0119331081887743 -0.0197838646862596 -0.0788677764099644 0.00757020214372186
-0.0173768117717683 -0.0151410045867437 -0.0700265654261451 0.00273215939901529
-0.017315912989794 -0.0154609317223076 -0.0620321603988422 -0.0207866224165011
-0.0162304224893587 -0.0199988940175353 -0.0567141276686874 -0.0499622301947917
-0.0147269309276899 -0.0256678187482192 -0.0283132408717377 -0.0780700414122058
-0.00260910504059723 -0.0361999854712122 0.0108308276261267 -0.0893038823158428
0.016651034012273 -0.0373736215654537 0.0550199213868012 -0.0608370124320128
0.0416372535442617 -0.0261229070263387 0.0493092314574659 -0.00472762130771399
0.0526051182066285 -0.00134783189253572 0.00273505221025069 0.028145307917745
0.0376628234689398 0.0137339680578505 -0.0737474189599243 0.0112834798468082
0.00114347664037689 -0.0175775685241605 0.0767052696420282 -0.0169755298724797
-0.0174033648149192 -0.00646871958467377 0.00461079624985158 -0.0337975729940284
-0.0158410642759951 0.00566627478411808 -0.0482895954130087 0.0018319314991974
-0.00392060602570866 0.00893745281399415 -0.0599064933027424 0.0561873275066844
-0.00273634465194893 0.00387393686650011 -0.0131143184746848 0.0922380082925146
-0.00456945077216044 0.00471836327889798 0.0331369208095254 0.0805634462926421
-0.0060188702552549 0.00729159719164992 0.0562169450677352 0.0524668201344874
-0.0108892909110253 0.00776052098340448 0.0697239111126255 0.0173034724635393
-0.0114482989032055 0.00596880047175829 0.0682798755494748 -0.00784025931443748
-0.0144482764744905 0.00333170141412965 0.0734149506727161 -0.0212295079446523
-0.016433492879092 -0.00428490121583186 0.07611019680935 -0.0117793370717546
-0.0101272662827119 -0.00879792241965844 0.0713848713981183 -0.000112862993804493
-0.0103804158541016 -0.0144634895180371 0.0797851091013596 -0.00332211958571343
-0.00546746188955289 -0.0222649986418765 0.0937080858319782 -0.0159001520499801
0.0113687322117678 -0.0229240317043719 0.110658378025921 -0.0425200506165313
0.038509732249365 -0.0219313545012946 0.0660121133897434 -0.0130956948814954
0.0143285418047548 -0.0201308085814186 -0.0007351663470528 -0.0304169789372303
0.00621778399233541 -0.0135322915138017 -0.052472098799711 -0.000864524160056092
0.00348479531278309 -0.0150428555387715 -0.0649840022374348 0.0528867746159694
-0.00924601570046597 -0.0199923759662932 -0.0215086060199606 0.0876815001722514
-0.0214382327535287 -0.0129409141661768 0.0218847519025633 0.0806718462884764
-0.0276560323875427 -0.0040484097231889 0.0476209529609558 0.05400442624359
-0.0355768194011182 0.000542244236900625 0.0606741965882846 0.0189371499573399
-0.0376498656309466 -0.00044595389198174 0.0571211731896027 -0.00827193612152408
-0.0430312228813787 -0.00688013027454177 0.0609066769496198 -0.0282055192043355
-0.0439620899058137 -0.0264829501206694 0.0672379862879653 -0.0256769509208041
-0.0250981023511709 -0.0431082346303469 0.0695231929842413 -0.0141882917975438
-0.00390713648208427 -0.0548394252460132 0.0784662540568878 -0.0093681217564909
0.0224740951956043 -0.0560645423247539 0.08552964371835 -0.0135768082842883
0.0468647522553499 -0.0449377387525412 0.0956534579792178 -0.0331463253055075
0.0722382368516854 -0.021826003827618 0.0419377950097247 -0.010019737901981
0.0474276415283112 -0.0322696494871706 -0.0158711216511272 -0.0310740265815599
0.0310326848696403 -0.0352197131502857 -0.0627362543157355 -0.00604803298244734
0.0105807579199067 -0.0417265935263286 -0.0710443974931282 0.0479633035467259
-0.0165466183731542 -0.0441347927560292 -0.0305153533802727 0.0785255756110703
-0.0369454378038345 -0.0309766033088401 0.0080555572967708 0.0754205486344049
-0.0458073034137899 -0.0146441149060698 0.0321055769469873 0.0518604398593641
-0.0554246906599202 -0.00689376248368717 0.0443983084641834 0.0190907453144247
-0.0571332554530084 -0.00709131087285554 0.0377990276738501 -0.00884708112075761
-0.0654197940032607 -0.0142993989773266 0.0392280011123232 -0.0336306726484852
-0.0669937804178915 -0.0419313530838797 0.0503304915532975 -0.0408418139108283
-0.0409622441824739 -0.0677110273765976 0.0625642113839236 -0.0316337998691536
-0.00347203992598206 -0.0875607087071328 0.076991079714279 -0.0140390683237128
0.0429593380983022 -0.0844987327766736 0.0758104858096339 -0.00591809175008394
0.0740083636773465 -0.0604463263319342 0.0719392382671462 -0.0172259495704807
0.0957176213703829 -0.0208655474063972 0.0066746500128363 -0.00683970491646038
0.0749167080957703 -0.0428078188065662 -0.0371646937564131 -0.0299498495633278
0.0515110586177846 -0.057905647277279 -0.0753251849508786 -0.0101842511166841
0.0139443087998552 -0.067254303080626 -0.0752962114473196 0.0395933195915167
-0.0247657474321372 -0.0639546597001095 -0.0408433913957024 0.0630122733866962
-0.0498805753543423 -0.0435265856256137 -0.00950099929607618 0.062930827448765
-0.0585763640350159 -0.0226316244519669 0.0116189511170264 0.044058997100758
-0.0664298345573495 -0.0134050296438039 0.0208579234877888 0.0154742409447804
-0.0678233485642396 -0.0143400920061492 0.0131077305216916 -0.0104757241406504
-0.0767072189675634 -0.0221613845263071 0.0148493839882667 -0.0384108732537164
-0.0789372618202573 -0.0530703988528338 0.0287651284599446 -0.0532796569953029
-0.048216997600928 -0.082840913397252 0.0536401764680217 -0.0458823251278654
2.59697832449869E-05 -0.106489216245096 0.0723337709555878 -0.0173918174971242
0.0585336612108137 -0.0984103168665329 0.0654972424759179 0.00731019589894786
0.0910600836809475 -0.0646172810885169 0.0415425981137166 0.00238637225449323
0.10318730835368 -0.0190183382710544 -0.0345970732700617 0.000781773946576291
0.0875832018816238 -0.0492611044817996 -0.0629816930067957 -0.0218173017658187
0.0596077410351372 -0.0727608881267831 -0.0855122487289165 -0.00998531012806658
0.0108439452926186 -0.0825338664550554 -0.0765726612321492 0.0282370334609017
-0.031446605190294 -0.0725617147728774 -0.0511622238829802 0.0425748747432411
-0.0566990846655263 -0.0477377974997142 -0.0294549322876282 0.0479781110811349
-0.0634268829082113 -0.0254651857166577 -0.0128467445563218 0.0338632067287242
-0.067639062488714 -0.0179319361739001 -0.00498132000319268 0.00946455902735646
-0.0678559238104451 -0.0206524083626275 -0.0132449939217356 -0.0143436933170209
-0.0755783391732247 -0.0288161388126404 -0.00921008661900715 -0.0428722299524823
-0.0736655900993543 -0.0595869215426832 0.00942154585903238 -0.0634902781239739
-0.0405611723733665 -0.0873085420298204 0.0452746604754876 -0.0564397745690026
0.0106591493470645 -0.106729468965777 0.0665463518360217 -0.0157083682983962
0.0699125960668323 -0.092765733064206 0.0528122614411732 0.0199691776409925
0.0957954436880002 -0.0547755893487881 0.00704065532959328 0.0187156608680479
0.0921535692294922 -0.014879565617793 -0.0728859855753343 0.0121472217786822
0.0818467372075682 -0.0463870211832227 -0.0827044268165699 -0.00587574918022816
0.054348276030052 -0.072160285747306 -0.088578996170414 -0.00575103748005011
0.00517459176444227 -0.0789642267964912 -0.0734736524953933 0.0146330029437716
-0.0326022134430175 -0.0654082272076592 -0.0629140164035011 0.0211657403700223
-0.0530687549010857 -0.0431438136433777 -0.0503153105218454 0.03227761934852
-0.057508448040305 -0.0236659454319818 -0.0372851388953683 0.0235769826942815
-0.0590890055364497 -0.0193391767714554 -0.0303851951453308 0.00160895655547729
-0.0575748843272902 -0.0244540530650337 -0.0356312935008321 -0.0218713638800916
-0.0612265428360078 -0.0337271919671588 -0.026427033825109 -0.0508420534176634
-0.0544178201052941 -0.0602129768666018 -0.00250254460706889 -0.0726055679597836
-0.0206505980287699 -0.0796924985042018 0.040336679957653 -0.0624508752959249
0.0261504504421336 -0.0891550086382095 0.0599253031535126 -0.0129827627656812
0.0749036851278236 -0.0689704165004406 0.036675470970614 0.0287557474551212
0.0885820519312473 -0.0349023464298136 -0.0254901392539663 0.0274103231109351
0.0650900877461277 -0.00600050539928654 -0.0994744260041607 0.0256228738873672
0.0613667561949109 -0.0313975624123897 -0.09345898300896 0.00945935645624537
0.0390968390135616 -0.0539825631935912 -0.0863550040854028 -0.000337573591702218
0.00120597643392505 -0.0573017344066126 -0.06849196614377 0.0030569602892717
-0.0241871926781334 -0.0456245294275434 -0.0720468332798441 0.00586184404368068
-0.037728899688448 -0.0312218727127634 -0.0661368353969075 0.0216976014956546
-0.0411723960453389 -0.0185196374894912 -0.0559668078895783 0.0158484524266383
-0.0409407193784621 -0.0172858270411896 -0.0499082512509844 -0.00551345966562743
-0.0393732013832897 -0.0234288232097638 -0.0518055165942753 -0.0310543446126515
-0.0395326598027223 -0.0316419090471958 -0.03481088450529 -0.0609718089675763
-0.0276003891610957 -0.0509724542784059 -0.00501334244905607 -0.0810628491169018
0.000246286372139483 -0.0618510888221813 0.0415081986904888 -0.0649613870730839
0.0376591135263316 -0.0592888055293413 0.0524636390260489 -0.010154932463233
0.0680792042717875 -0.0363944336022949 0.01994865043702 0.0303579575393487
0.0676912377584452 -0.0107579932041246 -0.0519484824387416 0.0261893793440335
0.0280549045572968 0.00819641884074074 -0.110805991010176 0.0367342068978147
0.0329280834380515 -0.00762049572141339 -0.092223282797164 0.0206402570948484
0.0212699089827296 -0.0236245046789764 -0.0802695354178085 0.00500085396060182
0.00206609957193744 -0.0240458140910454 -0.0663288666806953 -0.00186990810585777
-0.00690200654998714 -0.0193375829699425 -0.0764097231222169 0.00129739173867804
-0.0140996229427768 -0.0170138762057421 -0.07383317618225 0.0167721818563024
-0.0182956625199874 -0.0118486622592902 -0.0674432930198507 0.0111172522321001
-0.01709188291636 -0.0126222798584611 -0.0617515691555252 -0.0124217593176493
-0.0171239383006714 -0.0161246474529883 -0.0595126018105091 -0.0400365412993459
-0.0158201814626986 -0.0211894798800446 -0.0355342863820917 -0.0700937571336345
-0.00644297673458661 -0.0324153248974492 -0.000722646144356405 -0.0856663316502847
0.0104579761610087 -0.0367368246979915 0.0451117910349266 -0.0640904677708051
0.0350115751350081 -0.0290401490517827 0.0472973151979084 -0.0106613765392414
0.0483132393434671 -0.00712049216682213 0.00857866826613829 0.0241717903967905
0.0366308134827214 0.00837864774918546 -0.0670741796104484 0.0189100965054808
0.00173168393734549 -0.0168581386996602 0.0731433777854835 -0.0146695006907416
-0.0164004714437152 -0.00604199100990193 0.00546773308901886 -0.0316171145374921
-0.0152614485644655 0.00568798556801461 -0.0463669724787424 0.000252887291203006
-0.00363357828902502 0.00827716927105553 -0.0591372299034849 0.0525462791141567
-0.00296235441105072 0.00411855141127502 -0.0142143210652564 0.0870286425097913
-0.0043691619265199 0.00430250351952492 0.0297076120884461 0.0771724149272572
-0.00597623274962661 0.00689295725865369 0.0522299951374835 0.0503726902030731
-0.0102809825332731 0.00740638954342963 0.0653321048325091 0.0175434330694122
-0.011774112217211 0.00573464380179674 0.0647989543779758 -0.00649762976937076
-0.0139084736606013 0.0022326683220739 0.0697072782590412 -0.0186730431181329
-0.0158860887058957 -0.00453237122862272 0.0727856386283571 -0.00950971912915504
-0.00949226112615688 -0.0085014196721684 0.0686940212472368 0.00205152553612105
-0.00982911922193731 -0.0139891341272966 0.0759926363904935 -0.00135586839627371
-0.00426603603858679 -0.0210852226443666 0.0888362436632733 -0.0124695834389465
0.0115810045494005 -0.0216295706049609 0.105424217403637 -0.0371638412671691
0.037180175782942 -0.0201192686059218 0.0632293233627376 -0.011012837400133
0.0134947975467255 -0.0185650328817531 0.00050914056801336 -0.0290012277379987
0.00540290893045645 -0.012601226103312 -0.049912017308752 -0.00230657906694276
0.00338368756684272 -0.014030492732306 -0.0631717151591216 0.0482739249713472
-0.0082460709999459 -0.018922472673722 -0.0224320091413652 0.082333662932438
-0.0207002108627955 -0.0122986353892488 0.0193759311525375 0.077047602657761
-0.0257865998866822 -0.00390545914667868 0.043946625867 0.0518821846137563
-0.0337470677391653 0.000194501448447108 0.0578782704432678 0.0189105539944882
-0.0359205802618172 -0.00105414744704238 0.0547004990763504 -0.00705627571098762
-0.0411743963230948 -0.00757601692570902 0.0575507084552983 -0.0255966441956855
-0.0418891069288746 -0.0252996744837201 0.064465128076554 -0.0240009674411548
-0.0231483196079978 -0.0408735541035598 0.0661130547158975 -0.0110271093365641
-0.00296960233876306 -0.0520415364928985 0.0749851117282249 -0.00644634974554001
0.0220774406184895 -0.0531636937161513 0.0810577771655504 -0.0100623846250939
0.0457846881564411 -0.0414018572028226 0.0915521724729997 -0.0288331514289939
0.0687141622657514 -0.0199737734712681 0.0406544289814441 -0.00853338217168242
0.0455143410192104 -0.0291256951198265 -0.0133431024664514 -0.0298116488084751
0.0291462060895362 -0.0329733788000554 -0.0600430639967825 -0.00727152837294042
0.0107339174634039 -0.0389629672406618 -0.0686783868899686 0.0436174098817162
-0.0146951489285136 -0.0414871632640848 -0.0309211811803104 0.0735748517864113
-0.0350676648465827 -0.0291777694877919 0.00645271260576502 0.0718021009191803
-0.0432630782185419 -0.0146599104719546 0.0297043423176606 0.0491005702472589
-0.0526507408034003 -0.0066725661099359 0.0416870108883209 0.01847762151206
-0.0546504479865311 -0.00780538159504895 0.0363993215735354 -0.00775100021285158
-0.0623666419536866 -0.0145922453207778 0.0378411431070634 -0.0312348211223891
-0.0636929617360713 -0.0405614876981068 0.0480671155366894 -0.0382532095786349
-0.0383024986189625 -0.0648979486866549 0.0603560350866793 -0.0274770705824675
-0.00169046816591054 -0.0830470195549021 0.0734584674690393 -0.011802103816206
0.0421318705862164 -0.0800524621185475 0.0723539881391154 -0.00283920958342992
0.071361593671212 -0.055958086298894 0.0686477210643269 -0.0137049041639423
0.0912825376174272 -0.0182419254342536 0.00691134918240042 -0.00619233009976749
0.0716572599251215 -0.0385776641964865 -0.03395749291402 -0.0288927497497198
0.0489474149606251 -0.0537797306082415 -0.0720574853369428 -0.0114717127386239
0.0142416412203558 -0.0633395737269436 -0.0730009420219707 0.0354331971470431
-0.022699079250832 -0.0606550619639414 -0.0398091789553322 0.0588389652402771
-0.0472743927326747 -0.0412043035008915 -0.010083960808752 0.0606061705407936
-0.0552682617098129 -0.0220742267932117 0.00994541884876132 0.0420344702119
-0.0633330539735772 -0.0133093868719917 0.0195786055506973 0.014896369470447
-0.0648171805249951 -0.0142998707174494 0.0128404622366166 -0.00921032961041144
-0.0730624535488912 -0.0217940876015741 0.0144084031416179 -0.0357716656836953
-0.0746216866099508 -0.0506952076657611 0.0281500384554751 -0.0504516486086947
-0.0448300926210002 -0.0791148987807055 0.0521054176385262 -0.042416598659281
0.00108812803291672 -0.100833598912854 0.0701815832266092 -0.0143403712366262
0.0569080924088916 -0.0920836357595988 0.0623464811464448 0.00876883792330395
0.0882030747624542 -0.0598965278754049 0.0389836447802181 0.003473962939338
0.0986079764741763 -0.0164787673828499 -0.0323082839155611 -0.000139096066372716
0.083436759530851 -0.0450731035953388 -0.0577289011669551 -0.0215813760149727
0.0576737070152206 -0.0682993784545535 -0.0820584581062285 -0.0120295376884415
0.0111500421859271 -0.0781740408001028 -0.0733969211566136 0.0243811750459574
-0.0293045895161635 -0.0691000350687079 -0.0502603943433102 0.0394591732636087
-0.0528395275191712 -0.0455623375809482 -0.0287978938244724 0.0453791488536421
-0.0597157061869101 -0.0244704380448453 -0.0127393013364299 0.0319175406758304
-0.0640698077848284 -0.0178580655717795 -0.00534209187292294 0.00844188621906152
-0.0649512633995484 -0.0202300203126925 -0.0116190252198994 -0.0135176291110283
-0.0715395574758807 -0.0282681987910222 -0.00806864393915776 -0.0406976920911992
-0.069801279881084 -0.0569894589799604 0.00953386290106594 -0.0604260974204243
-0.037919263618786 -0.0837412520428918 0.0440232513931787 -0.052442855267975
0.0112237182156267 -0.100770411650361 0.0650493620357736 -0.0133943277295405
0.0679164866045917 -0.0869169278458883 0.0499488509085904 0.0211869242200928
0.0929576726531199 -0.0501737556786687 0.00662467752751403 0.017990498911159
0.0881045219176048 -0.0122298357470868 -0.0687677577955608 0.00982714081925944
0.0784864454684321 -0.0423413818624121 -0.0781383018035864 -0.0078802294758032
0.0520479715976679 -0.0677947425944971 -0.0849775386480138 -0.00738908427276857
0.00591627225430412 -0.0746387109705485 -0.0702304788845297 0.0113987147554737
-0.0301168089371194 -0.0625812272132142 -0.061041572071215 0.0188491896396666
-0.0496436920914374 -0.0409330335527956 -0.0480559688554623 0.0307818485792884
-0.0543871703588904 -0.0225785878246325 -0.0352381533307113 0.0220691591393237
-0.055511341785248 -0.0192888274679702 -0.02878617711897 0.00129787140478033
-0.0546447068460356 -0.0237088866911578 -0.0332789016451692 -0.0209528578542032
-0.0582284858585216 -0.0328236655286201 -0.024445680437172 -0.0486667725427624
-0.0508150395200573 -0.0574999170109902 -0.00148925430408569 -0.0689192507737045
-0.0190092545510956 -0.0764865865979357 0.0398745668990138 -0.0586922018620758
0.0261158454059507 -0.0833787893042244 0.0580465597107815 -0.0100865166174469
0.0718146857589141 -0.0644301805007131 0.0348689110679467 0.0294161206381817
0.085068686562849 -0.0308198503560328 -0.02460259041695 0.0255740564264281
0.0617561451440427 -0.00442159711308759 -0.0949227058027799 0.0223438009411845
0.0581003280614026 -0.0282634669882115 -0.0878503681631906 0.00689933355624302
0.037756382939988 -0.0502527748280591 -0.0820057321086384 -0.00291133462531326
0.00235381580404385 -0.0539833430057067 -0.0661392071345032 0.00074029857995743
-0.0219176349231449 -0.0433359334709662 -0.0694637777338976 0.00444098383169707
-0.0354650114599088 -0.0298570348132825 -0.0633680219138666 0.019769372109408
-0.0392213758256639 -0.0173161472610087 -0.0536243265119629 0.0139144248103615
-0.0386957951370611 -0.0170348299226996 -0.0474676272049681 -0.00601651361491476
-0.0374398362248274 -0.0222839503588147 -0.0486058203194455 -0.0300554384257849
-0.0369509873646388 -0.0301846572245802 -0.0320676731460185 -0.0582453083539107
-0.0255247212028241 -0.048520050833358 -0.00370469271826927 -0.0764971777538036
0.000991865200648354 -0.0582249792722702 0.0405525071706736 -0.0606564096644925
0.0364828985696585 -0.0556743526542592 0.0509649027749098 -0.00794813251221963
0.0652216922724107 -0.0336142937348642 0.0189432349999306 0.029631666125633
0.0648445519214116 -0.00891327230237757 -0.0494235680424273 0.0236904853883221
0.0268882032145337 0.0078013045487873 -0.10612881438925 0.0324146190214202
0.0315162333620482 -0.00612018423077875 -0.0874688792807099 0.0172592958647618
0.0205109706460067 -0.0222930406398138 -0.0762780805242231 0.00243951999605849
0.00244560396007489 -0.0227521156673967 -0.0626984848960633 -0.00398080014826088
-0.00592443814308703 -0.0180893859376937 -0.0731941572476562 -1.52854235101559E-05
-0.0127705211339363 -0.0158331028436933 -0.07033617420393 0.0151919699219855
-0.016988846613511 -0.0116209085159713 -0.064115759320695 0.00946363803351093
-0.016327032717976 -0.0120512791269452 -0.0583432760143091 -0.0121726998585563
-0.0159148505706254 -0.0157865840015941 -0.0552860608724468 -0.0384850887485381
-0.0145977933823719 -0.020622248037057 -0.0331348408644954 -0.0668478846228722
-0.00567053234360869 -0.030724564329077 0.000730251272875101 -0.0806126882518228
0.0110294450724939 -0.0347012566179339 0.0438888034613825 -0.0595708418015321
0.0335736255555466 -0.02668044616537 0.0456641042385027 -0.00837786838150583
0.0457284796144134 -0.00587857507948774 0.00808788527114412 0.023390544914609
0.0343901773249761 0.00904814829275758 -0.0639899094168681 0.0163138305802293
0.00234088628304012 -0.0165415508474835 0.0719551075922831 -0.0107029251065484
-0.0155103396355396 -0.00681269752062875 0.0067411735394701 -0.0318498813373357
-0.0152142532923247 0.00459553359054037 -0.0456214454381986 -0.00244440244654166
-0.00389432744330068 0.00780274618239647 -0.0603385527844313 0.048274662019897
-0.00293558048326499 0.00317940294333511 -0.0175467309154822 0.0841340486481803
-0.00467068038043734 0.00414003925733561 0.0257531464902026 0.0761442536989044
-0.0061347297881743 0.00612023919607965 0.0490129850652861 0.0520471554248214
-0.0104151813649362 0.00664459317603119 0.0635761288647601 0.0199251405027235
-0.0117924776551946 0.00488262691651052 0.0637251514299907 -0.00307089858944449
-0.0140327012220397 0.00208253382991227 0.0688179244052721 -0.0154225989814282
-0.0151335571000716 -0.00505107845612252 0.0716776058041286 -0.00639521358885148
-0.00892820906849847 -0.00908991323011593 0.0675810532066774 0.00548025362603931
-0.00927517578140154 -0.0143761427862346 0.0752210313958754 0.00278898246224246
-0.00355032642483747 -0.02074585364664 0.0876830866906471 -0.00691294187131517
0.0126740345310376 -0.0209534105681243 0.104866151171832 -0.0307884404707883
0.037109083235995 -0.017711245559999 0.0624170871848223 -0.00775844740008572
0.0142895984827309 -0.0173523054533416 0.00174427161413007 -0.0293481225851197
0.00530757586923667 -0.011974333780188 -0.0494421805033626 -0.00513069978943564
0.0038348013574367 -0.0133509929974676 -0.0647576606466529 0.0440824157450805
-0.00771580389713514 -0.0186387950697631 -0.0255969632916143 0.079075971065199
-0.0196008951121978 -0.0131211721409501 0.0156270900847803 0.0761716544064342
-0.0254819348336356 -0.00461997854885861 0.0415197827231066 0.052759761560429
-0.0333922003615941 -0.000837714293451628 0.0559613541354087 0.0207786521362467
-0.0357734270565555 -0.00259024746265072 0.0537145235300533 -0.00437854739515047
-0.0402434528583868 -0.00871951651583362 0.0575128853814703 -0.0226952558992043
-0.0396867666948511 -0.026933672172955 0.0642433182370631 -0.0211119770025198
-0.0212778848709253 -0.0413184564187374 0.066155964892275 -0.00750470601097558
-0.000335547525413309 -0.0506658172653782 0.0745783209721339 -0.002203847506809
0.0236854809197988 -0.0507769020730099 0.0800345782095158 -0.00549223729500049
0.0463067757489104 -0.0389798243339372 0.0910976938684568 -0.023546109067328
0.0683184246899272 -0.0167444124287034 0.0403939709342689 -0.00664476005121975
0.0452126964705871 -0.0263218214289337 -0.0110661092280263 -0.0298763479994189
0.0294835970910915 -0.0308995378604852 -0.0587255109178281 -0.0108129664295382
0.0118356603599422 -0.0376730781434515 -0.0689787844920538 0.0389398533797554
-0.0130817754836395 -0.0412292207282249 -0.0334238930467318 0.0702031857234961
-0.0331326894622522 -0.029847864513429 0.00279739787178693 0.0699321756899456
-0.042215662449208 -0.015511948633043 0.0271602959067106 0.0496618118340292
-0.0514195228492963 -0.00856346875857531 0.0398957405466571 0.0190998173499242
-0.053900279960316 -0.00958870483197939 0.0360923704375957 -0.00544550193955121
-0.0605428026586946 -0.0170926419929396 0.0382011825670092 -0.0285431972796016
-0.0613948696833361 -0.0418859706995161 0.0486168752749666 -0.0358326153648055
-0.0350313168008867 -0.0652450134828237 0.0609606465047764 -0.0238707605292149
0.00153609085017994 -0.0810859049637722 0.073248935419511 -0.00781790599621352
0.0446494586182459 -0.0759910156250676 0.07156233631068 0.00138227686887674
0.0735320417432825 -0.051351942669147 0.0676489154596547 -0.00988848526773155
0.0900154921516896 -0.0141090817176457 0.00792866508860756 -0.00525145961190256
0.0712251002646063 -0.0348432976151716 -0.0312204987496583 -0.0297672396539571
0.0495393010060349 -0.0502777682534112 -0.0699118359784838 -0.0150079556754213
0.0158501533508182 -0.0613169457743387 -0.0732474446951381 0.0308797974220304
-0.0197547209054262 -0.059865960225861 -0.0425166007273496 0.0553884962537735
-0.0442133617961002 -0.0418781828357557 -0.0122991475341603 0.0587324791873023
-0.0538600556856785 -0.0232950308595969 0.00816184783616257 0.0416584555922674
-0.0618098900197957 -0.0157253408157142 0.0189884517022052 0.015158566017913
-0.0634378218454479 -0.0164184857295315 0.012990821111161 -0.00861176519609474
-0.071154422934094 -0.0237528919995973 0.0153382741707628 -0.0340244035383032
-0.0713953988015915 -0.0520208037015861 0.0293074652026956 -0.0482948171692352
-0.0409786152951066 -0.0792441676475947 0.0533054511703606 -0.0380421501091673
0.00530664148726648 -0.09820521811063 0.0702431100575282 -0.0106082101279048
0.0594105166825452 -0.0878394144328765 0.0609732407687105 0.011820970466822
0.0892614400377893 -0.0538886957911552 0.038409099435574 0.00538911705378576
0.0969672407522774 -0.0119117937945302 -0.0311941840611757 -0.00183795984973235
0.083218526889569 -0.0402654383756621 -0.0553915135697874 -0.0235209428654347
0.0581891071201317 -0.0641133378614733 -0.0798518562320919 -0.0160217617307041
0.0136345095091328 -0.0757632707500426 -0.0731687252887146 0.0193707291533294
-0.0262429975960893 -0.068061544749523 -0.0518553123904578 0.0360948077790675
-0.0506361184014175 -0.0463349415462371 -0.0298404946072497 0.0436505188296831
-0.0578950562261684 -0.0261489855172605 -0.0135051503792828 0.0306632535435416
-0.0624284036747206 -0.0198349441038933 -0.00547159279655028 0.0081690613417817
-0.0630494882701686 -0.0222932341587023 -0.0111699678717638 -0.0132762315974988
-0.0687600014557246 -0.0306012902345958 -0.00675243078700179 -0.0395898390250447
-0.0664387949455268 -0.057990972092264 0.0117648555383538 -0.0589727689776667
-0.034523676352772 -0.082949364100851 0.0458077096360128 -0.0486119009816851
0.0154198098242463 -0.0976363743053178 0.0651965490212246 -0.00947492052116541
0.0695689201357953 -0.0819004281144691 0.0486547602264708 0.0240960797958693
0.0928318583005759 -0.0451781285904741 0.00617456316524233 0.0185392607629927
0.086027438839298 -0.00866750658190131 -0.0670844607204003 0.00684684022867049
0.0780786886699104 -0.0378348518593588 -0.0749592615678535 -0.0118701718259958
0.0529832875885797 -0.0637822873650123 -0.0830034582737632 -0.0117930753441468
0.00895776804682084 -0.072315592468259 -0.0703118260049534 0.00730131678641101
-0.0268310340906858 -0.0617678840424685 -0.061361014505584 0.0166353007942539
-0.0471684263333177 -0.0420436803496947 -0.0477937337962863 0.0283320922952921
-0.0520551872090027 -0.0242084789355522 -0.0355524237293076 0.0197575769022742
-0.0538332487023432 -0.0207163822714809 -0.0281101238695203 0.000274559500288842
-0.0528787973029648 -0.0251647642114535 -0.0317975595990595 -0.0216730457383751
-0.0554514101815462 -0.0340377429489056 -0.0225653188506825 -0.0482335009712392
-0.0479343519373118 -0.0578294258119418 0.000728724304420996 -0.0679325243649428
-0.0157441233548416 -0.0745420303642231 0.0417538566261449 -0.0551528358329184
0.0288838867022368 -0.0800810493270644 0.0584458510350139 -0.00677510883534641
0.0729724816867069 -0.0598304875664847 0.0332111349380412 0.0302972509034705
0.0849973257481972 -0.0268670904695098 -0.0250115335503472 0.0240409162479179
0.0603824558351505 -0.00158688410411503 -0.0939649171705803 0.0172589977890731
0.0582880313415945 -0.0249083803246087 -0.085421916186738 0.00267973258615517
0.0386036567111405 -0.047300731958913 -0.080570264351584 -0.00673029405822684
0.00405483305124543 -0.0523523104996935 -0.065576529675314 -0.00331454473979791
-0.0198472501910072 -0.0431202438575593 -0.0693076775346382 0.00185272830110087
-0.0338129744918048 -0.0300771090474773 -0.0623464216011072 0.0168308827522977
-0.0379564058768324 -0.0183698832764118 -0.0529824458847606 0.0115913827557494
-0.0372133734304368 -0.0181770887472451 -0.0467673083721546 -0.00803859793181513
-0.035976217323622 -0.0231075470329143 -0.0462950778671373 -0.030874460089301
-0.0345614886549374 -0.0310372313574656 -0.0294034223930399 -0.0581241023086172
-0.0238489052843822 -0.0484177540709015 -0.000727089801588385 -0.0752682006135448
0.00323204992716858 -0.0566707142854198 0.0422918737349399 -0.0571355021367167
0.0379133118112956 -0.051720867302771 0.0512777150466612 -0.00489399142656566
0.064804605585341 -0.0304326957602008 0.0177037014629089 0.0303694368824314
0.0639714099065904 -0.00584725069400232 -0.0496135511931723 0.0207588255908603
0.0262805949625926 0.00969093897383628 -0.105271721797934 0.0268340984463827
0.0306755839389645 -0.00515138585920925 -0.0857909508849159 0.0124657105925771
0.0203575417141078 -0.020115284965686 -0.0750437009997952 -0.00154081659610042
0.00336920061348625 -0.0220626318358196 -0.0623265368576511 -0.00791935277029077
-0.00491688066008808 -0.0177590080815916 -0.0726749720889847 -0.00225966571468048
-0.0125243724698895 -0.0162410050979241 -0.0696018994672686 0.0120978028962619
-0.0163696608252661 -0.0116599821525191 -0.0631673914337793 0.00680888333663973
-0.0151389941418806 -0.0131461057975923 -0.057066076095123 -0.0141816114970832
-0.0152786663525182 -0.0162583282193962 -0.0527302748582266 -0.039501756449006
-0.0133223474378278 -0.0207526973078985 -0.0295549269470413 -0.0662996153963262
-0.00414682923999627 -0.0304928544791119 0.00414439378949825 -0.0791818681908647
0.0121126664112244 -0.0335746623555989 0.0460729992357834 -0.0563495597061076
0.0335814639147333 -0.0240292657585122 0.0461273702817622 -0.00578036282435413
0.0446961291172358 -0.00368228169029125 0.00783838532748098 0.0237454067822023
0.0335268825907637 0.0104128613522455 -0.0635111609622652 0.0126098275280885
0.00377036850230453 -0.0170325963768979 0.0746506391550387 -0.00816458429767486
-0.0150851941797041 -0.00762443542367711 0.008682637101196 -0.0324365499901993
-0.0161325673229787 0.0040695055884803 -0.0467925725380862 -0.00518634111859076
-0.00462155408176634 0.0074169249450852 -0.0643320446931928 0.0458292430347503
-0.00275508767099465 0.00298294053314653 -0.0215830202896503 0.084005508280205
-0.00510372917342012 0.00408833997392512 0.0225516414496362 0.0782556094824095
-0.00668577966666187 0.00577108238481073 0.047566904224754 0.0546051973365402
-0.0108231198518752 0.00680431125919271 0.0645930333723819 0.02270092079068
-0.0128128734092563 0.00447226769309652 0.0654477327949737 -0.000197553473695583
-0.0149725756726612 0.00120474094918965 0.0706282923442435 -0.0127749997473251
-0.0154315374066048 -0.00566651234304703 0.0737102983829047 -0.00370717319954652
-0.00816186043234544 -0.0103784568889848 0.0692799972197593 0.00923740076295284
-0.00860428677500094 -0.0146434143214188 0.076469233102215 0.00625305704151789
-0.00233604317032474 -0.0213568926155797 0.0897232441913771 -0.00217767149093162
0.0140118471569009 -0.0209066989107113 0.108342790896275 -0.0257147376529755
0.038801093754371 -0.0170946866461405 0.0638558108663279 -0.00511566766278185
0.0153750027109016 -0.0170838424269354 0.00355483200618863 -0.0293741818821463
0.00608446432294992 -0.0118039672542665 -0.0501994522780072 -0.00852041170427066
0.00403063348193256 -0.013581273113793 -0.0682554108129574 0.0413998043386652
-0.00686798606459601 -0.0194322921229457 -0.0292048359076202 0.0788078395777215
-0.0194099087753384 -0.0139187103413716 0.0126232635176677 0.078053947832439
-0.0257777726846549 -0.00548752197403736 0.0398998605831291 0.0554677681404179
-0.0339529856325199 -0.00193506595103868 0.0562712465084451 0.0229396816811736
-0.0367612444029832 -0.00407436542266536 0.0554085777535899 -0.00183251392643689
-0.0413776751908886 -0.0110896971878369 0.0597085180045833 -0.020235707675221
-0.0401619700879989 -0.0285554577078112 0.0662506025161792 -0.0187454619205165
-0.0195049961510939 -0.0431679000110982 0.068256883033657 -0.0044045135408212
0.00128954821783277 -0.0516097869620244 0.076201912547683 0.00113513390577235
0.0267156290164547 -0.0508985346981265 0.0823239717618908 -0.000443787340601828
0.0499020049295338 -0.037331751985761 0.0937920836096541 -0.018889801962519
0.0706965295082658 -0.013748403009022 0.0421886224102322 -0.00536977208870229
0.0471927319989316 -0.0244190139820174 -0.0090842710559462 -0.0311362793904443
0.030810085107365 -0.0295232442686039 -0.0599247009546086 -0.0141195455231598
0.0135631259298949 -0.038053712134775 -0.0726857949968773 0.035638035136827
-0.0117078954450998 -0.0423550576305809 -0.0376974501718461 0.0696821255859543
-0.0326494171724042 -0.0309516587174532 0.000176989205420344 0.0718781738030185
-0.0422284169081935 -0.0175372338531222 0.0255874574279039 0.0511738751275859
-0.0518173097137276 -0.0107085668925292 0.0401041322800498 0.0217398139840479
-0.054738301239782 -0.0118940375120722 0.0367554989805401 -0.00394618241755091
-0.0618073324837696 -0.0198263935498541 0.0400963347406917 -0.0273596101173501
-0.061079709227652 -0.0446377428258692 0.0511039064229084 -0.0340932107526135
-0.0330445358791089 -0.0678638295234864 0.0639043103403287 -0.021042536515311
0.00519107586571621 -0.0824666476000104 0.0755286516209645 -0.00424532244737072
0.0487709808278364 -0.075464007764603 0.0736304862817597 0.00543731274747335
0.0778608819764795 -0.0493313645725604 0.069714120269808 -0.00700403868603019
0.0926227593677664 -0.0105861197324832 0.0092798847899405 -0.00483493684692458
0.0737352163683281 -0.0322606854074455 -0.0295118620645125 -0.031919429171341
0.0526186539676554 -0.0487705300440201 -0.0716641227439647 -0.0195629600516881
0.0184724304729287 -0.0621990842726832 -0.0769870408727747 0.0267121081933333
-0.0178551559130987 -0.0615933833987994 -0.045862872809273 0.0544659809745223
-0.0437331532052784 -0.0440798326690458 -0.0150826768444021 0.0595680472680126
-0.0541497343381121 -0.0252214065324765 0.0066545317462682 0.0423977100432073
-0.0621441856640563 -0.0179108581491042 0.0181240855499399 0.0160924490862985
-0.0646001151152385 -0.0193984332128503 0.0137277961123008 -0.00763889402701585
-0.0718009059203804 -0.0272906102678301 0.0171266806610434 -0.0337356453575375
-0.0712360877772328 -0.0553861940794785 0.0317018201018367 -0.0481185519862388
-0.0389524732918261 -0.0823421228306555 0.0564188338056867 -0.0363756750225664
0.00880991940742936 -0.0998647043289706 0.0731024817916124 -0.00685317108007285
0.0644673732806919 -0.0873254057337257 0.0625498317705872 0.0161801612515745
0.0938597965303935 -0.0508423931199032 0.0395203095145658 0.00754996640853743
0.0994826040399388 -0.00822134766281095 -0.0308428389290027 -0.00289082766667015
0.086813606610411 -0.0370120377085366 -0.0538224708104679 -0.0266560905734879
0.0614078748632512 -0.0624619886570302 -0.0811164345542899 -0.0200396412372269
0.0170899398241286 -0.0766605679753864 -0.0765204278151597 0.0154483798012866
-0.0237143144831287 -0.0701007857273309 -0.0552877031424145 0.0347599808458366
-0.0496918367132125 -0.0488370454157115 -0.0320898241219317 0.0432109893331342
-0.0577930754551642 -0.027867590218898 -0.0147119609351132 0.0307960916186456
-0.0627237127233337 -0.0222432567825013 -0.00623910539878196 0.00880334498947453
-0.0638678554744283 -0.0248742870474025 -0.0103314620563188 -0.013800411655132
-0.0692678860230455 -0.0340271287123389 -0.00508309460097072 -0.040626625163311
-0.0655315093679779 -0.0614565273700443 0.0142382443885742 -0.0598556404218512
-0.0313562219807131 -0.0855417228568145 0.0489995002444914 -0.0472324633554406
0.019099609892034 -0.0987665476815865 0.0677272713994333 -0.00641779634711021
0.0746106127508648 -0.0808904065667118 0.0489805272464933 0.0267957038987488
0.0978387184367667 -0.0415605362286733 0.0052023924116643 0.0190573168856132
0.0885948219310624 -0.00503363494678219 -0.0689700831074402 0.00380757424307215
0.0811507464670125 -0.0347557779424878 -0.0750166840132096 -0.0153353073280229
0.0567692282142066 -0.0625436644058085 -0.0847497175539051 -0.0166952662149536
0.0115684616617831 -0.0736664211061704 -0.0726868266448173 0.00343469243379808
-0.0251077724618465 -0.064051399255162 -0.0638679664919428 0.0137634851761911
-0.0466030012542638 -0.0444464740008601 -0.0502903133350039 0.0267985629430977
-0.0526611922975771 -0.0259878446381375 -0.0369529926066458 0.0190472280164758
-0.0541052712708284 -0.0234179462220457 -0.0293627851708707 -0.000678815853561296
-0.0531138721544766 -0.0274476403183556 -0.0319050871540465 -0.0227089850423164
-0.055514504182164 -0.0368238007504919 -0.0209360518948814 -0.0499310285766423
-0.0464635054788097 -0.0605051538517842 0.00356772200162724 -0.06911075693027
-0.0132855232051991 -0.0765277063121297 0.0451552623872161 -0.0541048121171289
0.0325294344835321 -0.0799394766895636 0.0610380473934051 -0.00382093609639451
0.0769512604684738 -0.0579848657445977 0.0326023712264685 0.0333708430113475
0.0877667201366243 -0.0236838512088263 -0.0263037855568492 0.0234971934154854
0.061944865318474 0.000959168283640199 -0.096579474165341 0.0132308727195583
0.0607537881677665 -0.0227813517561042 -0.0869217611921844 -0.00212012683924398
0.0407951171111275 -0.0460429236581352 -0.081521661499678 -0.011007379132487
0.00640873209797107 -0.0529145106799246 -0.0679136473727728 -0.00725864698903092
-0.0184303039095467 -0.044254995365776 -0.0713135390465669 -0.000962807677673916
-0.0333170807048723 -0.0320215240901168 -0.0644337337881982 0.0149680169269676
-0.0374293673563495 -0.0198553229074705 -0.0549916264232274 0.00977472842755074
-0.0370865274692048 -0.0200539952277482 -0.047393930844414 -0.00955550162836841
-0.0356698805914531 -0.0251980808610353 -0.0463024102716317 -0.0327437477791091
-0.0339924928545764 -0.033055746526706 -0.0281154808975735 -0.0602226331203702
-0.02230185942155 -0.0499247527562316 0.00301261862005153 -0.0765114868285952
0.00558929489022926 -0.057415302510496 0.046416280856927 -0.0557926657305454
0.0406383158149991 -0.0509494280571065 0.0530738959977969 -0.00185085865471684
0.0672905030353533 -0.0278264356591406 0.0171949268025688 0.0319893851801529
0.0656091278921546 -0.00286964326069241 -0.0513219521689936 0.0191846142640665
0.0256445855989277 0.0105494763291504 -0.109162664079986 0.0220414946342861
0.031446922758326 -0.0035190942082347 -0.0881842422353062 0.00901437873275147
0.0218007082714183 -0.0200819008852331 -0.0761666283147892 -0.00619165678358791
0.00464891027643387 -0.022406628370809 -0.0644609425436737 -0.011850036871233
-0.0041609013360904 -0.0182906986511421 -0.0743700439124398 -0.00578428627219255
-0.0117543987208626 -0.0165715120555832 -0.0712695411876789 0.00934234561121741
-0.0159664767804632 -0.0125478306665297 -0.0653676094525825 0.00453075157650115
-0.0148341860551733 -0.0137069080186598 -0.0575768950517957 -0.0166293280353955
-0.0150855392709792 -0.0172425106391709 -0.0521693233044463 -0.0416413907372931
-0.0119445482170881 -0.021228146549991 -0.0269399026838566 -0.0684163310861358
-0.00319083381128428 -0.0316056120396428 0.0081932350565158 -0.0803521864838398
0.0137022873700439 -0.0329739794895009 0.0492688238038109 -0.0549551599372714
0.0354379334470212 -0.0230998648881669 0.0475916151213841 -0.00276872009383345
0.0457374833023416 -0.00187231756197132 0.00693727043321293 0.0247179780681526
0.0335701542619342 0.0125957285900676 -0.0651114433973648 0.0101869424568164
0.00475183391373981 -0.0178859019433418 0.0788215987257165 -0.00689792902497851
-0.0156218801605874 -0.00873211600932013 0.00938293804324461 -0.0344401653200917
-0.0169582573384807 0.00413093050896075 -0.0495878615258038 -0.00655224699091611
-0.00498155529985831 0.00762449457793157 -0.0699419165617786 0.0476646921302939
-0.00344392498703467 0.00304597576930124 -0.0245419977389118 0.0881762503177235
-0.00559380497645036 0.00422934277490901 0.0225177134867387 0.0829734471516633
-0.00701834491621525 0.00600082006088141 0.0494377070403441 0.0588081016778324
-0.0116849539909052 0.00682588814313797 0.0673859751689391 0.0251421323975222
-0.013910600563926 0.00486210868445782 0.0689854663908421 0.00036060939334413
-0.0163405056200212 0.000687754897004068 0.0748256553862993 -0.0119681884502439
-0.0168053736512198 -0.00588848514020465 0.0778318330735288 -0.00270254507102696
-0.00871524329150055 -0.010902402241221 0.0736249605355219 0.011298948452621
-0.00844901815663751 -0.0157574438048457 0.0805209210188305 0.0086857196769248
-0.00234468590668062 -0.0225352848305047 0.0949776055419159 0.000458635641841754
0.0156709945097767 -0.0222410992734052 0.114765859026552 -0.0243637969550283
0.0414058885496287 -0.0174733757754995 0.0687156233225483 -0.00388337554161498
0.0164524289944884 -0.0170148266826663 0.00482425333118128 -0.0320357333299183
0.00632295214199269 -0.0117859179203008 -0.0532689762576953 -0.0104451101445538
0.00477356918124409 -0.0146558408793331 -0.0735712203311886 0.0426309598300877
-0.00713881980165169 -0.0205967195885105 -0.0331177279077551 0.0824031122287979
-0.0203304278597051 -0.0145549461462803 0.0119762980100533 0.0823574643081575
-0.027104622535015 -0.00630258949702544 0.0410512070264484 0.0593056916383071
-0.0356328819541096 -0.00244222515575203 0.059064791896658 0.0253463785131958
-0.0390135974586611 -0.00440650153871566 0.0587276607240262 -0.000973958442133344
-0.044032666896223 -0.0123376715339616 0.0624120346306879 -0.0200211546511889
-0.0417429377094994 -0.0302708280518359 0.0702542911810316 -0.0184823063901772
-0.0205336911571041 -0.0456621287794775 0.0727594985171934 -0.00257654035165106
0.00262098043090402 -0.053731025205248 0.0811329526998508 0.00310736514418227
0.0292563321431971 -0.0532120336932765 0.0872570220994951 0.00168046945447824
0.0536817756646885 -0.0389702719931731 0.0993667664074562 -0.0176080896251081
0.0752613183032886 -0.013967396732165 0.0447496340652164 -0.00453674027011329
0.049971862546095 -0.0246537900924235 -0.00851387981814164 -0.0331644690266522
0.0329754083790122 -0.0302773531122343 -0.0634406301787779 -0.0167010740556754
0.0148019112521238 -0.0398011777850267 -0.0783760980574358 0.0361137932891507
-0.011738092219625 -0.044758892011312 -0.0415092986544424 0.0722606620543326
-0.0343310255437564 -0.0329763478555303 -0.000870266564901329 0.07568101102561
-0.0445106243479435 -0.0186067804646879 0.026403879803166 0.0545641036938715
-0.0546812253238812 -0.0118096337110563 0.041996795394968 0.0228792091332396
-0.058536594412376 -0.0133193129855377 0.0396841366513662 -0.00345605655808288
-0.0656700474888213 -0.021677472585642 0.0428703525518416 -0.0277330704965206
-0.0640738583563566 -0.0479181434091881 0.054319401880412 -0.0358285079436697
-0.0338979148429137 -0.0721746239432965 0.068490159618119 -0.0204062737802452
0.00650872629454154 -0.0867095925166666 0.0809289233153442 -0.00209759255081586
0.0527806723693243 -0.0791090899340579 0.078439582893381 0.00838273894532466
0.0829270659346333 -0.0503446168916481 0.0741951384908216 -0.00547285870838229
0.0982919551962658 -0.00980094721828028 0.00992663341714407 -0.00559891722947276
0.0782114884062681 -0.0325911643670418 -0.029626364078808 -0.034669175193214
0.055718189463797 -0.0498808780714643 -0.0751547430414913 -0.0227715926360293
0.0203509829434388 -0.0646163217625497 -0.0821034548987758 0.0266365823995536
-0.0179951049247825 -0.0652669396857564 -0.0500137753504523 0.0557905285730427
-0.0452749656647301 -0.0462740369684123 -0.0163707571598661 0.0622647984333975
-0.0564078406591804 -0.0272036459475773 0.00659122870574378 0.0445858524115553
-0.0654968740668446 -0.0195680274997841 0.0186794423748397 0.01762965587446
-0.068950085885253 -0.0205311500093607 0.0152218809161627 -0.00781788430619468
-0.0762255609231575 -0.0298716918065853 0.0185028526583219 -0.035158512830817
-0.074560543681942 -0.0586271086358154 0.0341651172084479 -0.0505759353956232
-0.0406589630629049 -0.0866649374521516 0.0605409589667385 -0.0363206392172999
0.0112167390916318 -0.104528941299 0.0782267795001304 -0.00547693871122256
0.0689617884229941 -0.0910023244425958 0.0663832255736572 0.0189386431370483
0.101293660174962 -0.0523939451820714 0.0419072475708587 0.00904808837465924
0.105224326672096 -0.00699068726477133 -0.0318506752956656 -0.00413072358737192
0.0918368002797846 -0.0372246585578729 -0.0551366517042817 -0.0299264798250343
0.0653564735415041 -0.0646547505474813 -0.0850046510709859 -0.0238823992526288
0.0188573340910822 -0.0806101143449881 -0.0823526419522808 0.0147187365456429
-0.0243864242770991 -0.074480459326518 -0.0592850386266455 0.0355176856385331
-0.0519277421866734 -0.051334219528276 -0.0346296611890477 0.0450505058396338
-0.0609858657014163 -0.0305877599494847 -0.016436855096042 0.0324342600761636
-0.0666047698570473 -0.0240674147036895 -0.00662484150700064 0.00896280235822496
-0.0679107185686622 -0.0271961243436627 -0.0110475122998794 -0.0144855436684544
-0.0733659844692581 -0.0362751848939949 -0.00475988177554159 -0.0429776253239632
-0.0692790942508728 -0.065119050678045 0.0152609529220239 -0.0630842373432109
-0.0321268504063082 -0.0904511395411484 0.0528588358984786 -0.048277867186413
0.0219333843416801 -0.103633360673333 0.0727603239258102 -0.00474045156751779
0.0796965386770646 -0.0839401643101153 0.0521046918951568 0.0300750819890009
0.104753020554442 -0.0422928717507586 0.00601954580291508 0.0201005651545935
0.093533490097738 -0.00398002262335704 -0.0725249706026577 0.0024392974658862
0.0858759705998279 -0.0350390500955767 -0.0775265024810664 -0.0177963994558692
0.0605483399131236 -0.0641006842315154 -0.0889697766643306 -0.0191440883528556
0.0129946058585433 -0.0769878403803328 -0.0774265599592949 0.00106274620016686
-0.0254609629312495 -0.0675175331342354 -0.0687446198519771 0.0136166961862747
-0.048681851864771 -0.0463393716233457 -0.0537759489467548 0.0274722582686543
-0.0551954952708024 -0.0279468353666872 -0.0393763595202643 0.0194679646765961
-0.0568840459997448 -0.024853142079582 -0.0313393042869776 -0.00108788575623544
-0.0560888579748939 -0.0295194471762245 -0.0331617691096485 -0.0242493381420304
-0.0577916999593596 -0.0392512407907843 -0.021406514149557 -0.0528970208868856
-0.0488198384382903 -0.0639837363549883 0.00405722500251494 -0.0726661844075469
-0.0128432996353721 -0.0810102331294879 0.0493991252652662 -0.0558604220319812
0.0356957336536681 -0.083396548039377 0.0650187728286919 -0.00204925704979734
0.0817906323537663 -0.0599922636014254 0.034680368396455 0.0359873334050225
0.0937744064850391 -0.0227872667406727 -0.0284038769490496 0.0244790108706141
0.0659040661610443 0.00179804185483663 -0.102387855397554 0.0118321872681938
0.0637052423963909 -0.0231690823848183 -0.0904650534625776 -0.00442036743816571
0.0441440968105597 -0.0476284093419103 -0.085701307440604 -0.0138228088567888
0.00757106544151031 -0.0552467401818222 -0.0724026791890268 -0.00988747141413783
-0.0187113302115287 -0.0471113864326866 -0.0761293611001052 -0.00212599481696229
-0.0348282472470348 -0.0340197578405939 -0.0683466370084187 0.0142589946213944
-0.0391294640181909 -0.0215367222596651 -0.0585424225589492 0.00927992153498989
-0.0386127139676335 -0.021673537573608 -0.0503511903715713 -0.010218639702669
-0.0376971223002204 -0.0268061929880608 -0.0481736451566875 -0.0350566463649623
-0.0354301588947629 -0.0348383250661854 -0.0284664595115915 -0.0636717804836389
-0.0232013789441392 -0.0525516342479698 0.00402077262254606 -0.0804051731693788
0.00645175813216814 -0.0601151850155041 0.0497983769865563 -0.0576062326377422
0.0435121876148954 -0.0527625724149878 0.0569465944927769 -0.000507122829936589
0.07120801055131 -0.028526030284464 0.018378405791514 0.0344425150252824
0.0698487739361865 -0.00141155025511729 -0.0542271060238241 0.0197569991839608
0.0268370883304019 0.0113896004996269 -0.1163419662815 0.0205473773132447
0.0332702959694132 -0.00322843520573817 -0.0930938753183947 0.00673527608434211
0.0229294900124386 -0.020068484219987 -0.0806899096562679 -0.00845759810825835
0.00500794520591512 -0.0235881924650229 -0.0694660023750334 -0.0141171002169203
-0.00419096602441917 -0.0191975695139462 -0.079346241188291 -0.00716247824353751
-0.0127105472061092 -0.0176793738686961 -0.0753703105748171 0.0085103562481656
-0.0164743191140827 -0.0132284342028267 -0.0692110329936896 0.00380855009787305
-0.0151110557634077 -0.014634442157525 -0.0609579891855452 -0.0179078370745075
-0.0151271742054845 -0.0182386545710679 -0.0547782490872232 -0.044847863199859
-0.0123279965812558 -0.0223478089559391 -0.0277584963604556 -0.0731096841294835
-0.00305830103433726 -0.0327864773434435 0.00961559048659181 -0.0839876803513746
0.0145021622778149 -0.0344405171144572 0.0536437708493053 -0.0564094569290346
0.0373950060839265 -0.0233239764395017 0.0508290099812571 -0.00148464385850272
0.0481531220435853 -0.00152257348639472 0.00695985692662037 0.0262193034203437
0.0353494024531254 0.0131452310245651 -0.0681983452071526 0.00986606436294959
0.00164035544439267 -0.0199833179212001 0.0838552719804376 -0.0184302600615413
-0.0171386046944282 -0.00618746789092329 0.0050562218283107 -0.03866136064652
-0.0167864069089075 0.00691408795005921 -0.0539716197137317 -0.000818199031451233
-0.00446541085773373 0.007653551799376 -0.0658668884265972 0.0620392882336959
-0.00456239460443862 0.00300023322929091 -0.0122182044023075 0.0961789944901836
-0.00594810726519181 0.00491322483953745 0.0370501642677795 0.0839488359731903
-0.00710199647740961 0.00755128602232327 0.063832451569205 0.0545187250211169
-0.0118609491173857 0.00948542421678952 0.0747393133615209 0.0158503324275418
-0.0140194231261121 0.0074518988193971 0.0739712423438694 -0.00967036412846575
-0.0173733175263048 0.00358179506155208 0.0771998521391545 -0.0239971569492867
-0.0184439908040696 -0.00331368351471564 0.0827927679117414 -0.0134089018326089
-0.0113766066737567 -0.010779362159179 0.0809800096515533 0.00294960456869985
-0.0114628164221963 -0.0148098668877178 0.0866318425619477 -0.00182369937508452
-0.00577665808766717 -0.0228622718975318 0.0996553990227133 -0.0124664194639154
0.0119359632220215 -0.0259915811940462 0.1194135848463 -0.0412216569089814
0.0412417978989807 -0.0253950442234278 0.0714903518628764 -0.01170402832504
0.0151193901428461 -0.0203853572591257 0.000151075575705949 -0.0336230288511144
0.00543174037436578 -0.0132376187137811 -0.0595407927471264 -0.00277947565157712
0.00303622986942252 -0.0170489591600676 -0.071229491799063 0.0579796518794051
-0.0119751756741595 -0.0214285778039079 -0.0217303746996458 0.0931565994182797
-0.0240258972678225 -0.0125759900990083 0.0265263354144965 0.08587143415088
-0.0296445516598987 -0.00298191422974831 0.0544204857109138 0.0573452568584735
-0.0384904248220675 0.00292336950639147 0.0659219301441434 0.0177010069551409
-0.0420054460090933 0.00181489309206997 0.0626863035871136 -0.00923909465959569
-0.0481467461145266 -0.00526571744179503 0.0635863723629262 -0.0298897030514459
-0.0488127909283409 -0.0246958247909809 0.0718418426987883 -0.0289630701544337
-0.0283843021442356 -0.045263724125799 0.0775240354946374 -0.0121418208989524
-0.00596933014900038 -0.0570113196450493 0.0861367677943321 -0.00772099774728132
0.0223404131326313 -0.0597254192141111 0.0912485319024113 -0.0108247467107085
0.0501036129724512 -0.0484099054836954 0.103849608357144 -0.0323686106437466
0.0780226553231509 -0.027459835250243 0.044282504191007 -0.00633663185970555
0.0504307027461136 -0.0331744692864964 -0.0154167277270736 -0.0329610400595472
0.0311469506005357 -0.0364577078722093 -0.0717045300437063 -0.0060289433113918
0.0103236166635995 -0.0447062686986598 -0.0781133764872079 0.0532068830463608
-0.0193055793283593 -0.0456206491719426 -0.0312643369461072 0.0850395810497777
-0.040655227240768 -0.02958958544689 0.0131027617309279 0.0815426068993224
-0.0499919756662469 -0.0130542569146175 0.0381483167381174 0.0549055380138025
-0.0597579391325476 -0.00394135278562862 0.0477483054077094 0.0175650395034135
-0.0637840970868898 -0.00430439035826914 0.0423011464194864 -0.00913753239169189
-0.0716907010007625 -0.0124562908331697 0.0408857336060006 -0.03488174398131
-0.07373629836995 -0.0393147500660311 0.0526206550475693 -0.0446469196179938
-0.0462002482718174 -0.0702277607699089 0.070241360809128 -0.0296830813849249
-0.00654218646921288 -0.0913919925354258 0.084520950959949 -0.0131025776354728
0.0430096573814721 -0.089872850822822 0.0826825944116634 -0.00311774234620932
0.0790773459981504 -0.0645601600640326 0.078771430897576 -0.0157471911296898
0.103876175416592 -0.0271159732858769 0.00465149261241886 -0.000449635232274365
0.0795106797662094 -0.0451009645878062 -0.0382098005989897 -0.0299885018190896
0.0525422594862978 -0.0611221312998129 -0.0861343859245651 -0.00854983718676651
0.0129096870902862 -0.0723594417904651 -0.0836979082987639 0.0446553046900059
-0.0290614449777888 -0.0659530273972769 -0.0430953241760419 0.0706034744858076
-0.0553744740254518 -0.0423864434947647 -0.00478281215644548 0.0708346065872205
-0.0632681316253615 -0.0205795515305316 0.0160260337214337 0.048082974584523
-0.0727986411554145 -0.010757714692824 0.022569036768152 0.0155898897840444
-0.0755467738927775 -0.0108765080457287 0.0151674129278134 -0.0098824890330067
-0.084257617430582 -0.019147687053241 0.0143384494367471 -0.0384902649294191
-0.0863254058149999 -0.0491052459232098 0.029646774177386 -0.0574188854265937
-0.054869345000742 -0.0849819901279255 0.0596664337708094 -0.0454122238579258
-0.0049421282461227 -0.110346586542677 0.0812441977114792 -0.0164668096584607
0.0581418257023821 -0.104785737934914 0.0714948927574451 0.00932857525875668
0.0976227232524343 -0.068586882395417 0.0458531881831581 0.00346051868164343
0.112224796065595 -0.0253414510637475 -0.0404966714538259 0.00756407556412728
0.0936325603039186 -0.0522264563373824 -0.064892416587662 -0.0203550423421029
0.0608745988721529 -0.0777134521116031 -0.0965910719770869 -0.00679403255586438
0.00945995935120424 -0.0877722410071483 -0.0858260080009027 0.0318635636635888
-0.0364159207632289 -0.07497453085393 -0.0557168659593993 0.0506574236521517
-0.0623781617643085 -0.046928377876707 -0.0270376030214299 0.0554339586957002
-0.0681642620226865 -0.0231556528420432 -0.011249820860287 0.0387800397132797
-0.07389294977638 -0.0157034683356695 -0.00550307261817612 0.0110440363054889
-0.0752760628028902 -0.0170593180511523 -0.0130654240230671 -0.0132095974339305
-0.0816854978110777 -0.0265397177748278 -0.0112691624918257 -0.0433995660519402
-0.081161123697579 -0.0560600368757232 0.00739988919719628 -0.0671694979798503
-0.046972836807594 -0.0894418783257875 0.0495324404180427 -0.057415318592764
0.00660796988430358 -0.110749096024173 0.0759169962136376 -0.0147494052236271
0.0700804289516639 -0.0996243798303062 0.0579537469610391 0.0227163650445023
0.102623194359618 -0.059141928676541 0.00938029019467084 0.0203626996452753
0.100971728136344 -0.0204148269008129 -0.0825056075117421 0.0200203506014766
0.0872428959877999 -0.0498577829449127 -0.0863489460784455 -0.00419937266756941
0.055593630598328 -0.0769538887737537 -0.0995708486539427 -0.00176066925345734
0.00387335831359082 -0.0837844367617415 -0.0827826877459602 0.017559000795898
-0.0368084334468823 -0.0685506766846093 -0.069381529243496 0.0291312121862197
-0.0581845469468293 -0.041887599474621 -0.0495877465624253 0.0396694859452431
-0.0619999403470479 -0.0216266516785975 -0.0383301214418342 0.0289764520894214
-0.0634421354251378 -0.0183957649068531 -0.0329098047392083 0.00391458982311638
-0.0637261989839826 -0.0222325238376384 -0.0386783926956431 -0.0196683853720509
-0.0660254120978687 -0.0325365742937351 -0.0307599635156204 -0.0512617199623661
-0.0592241827991226 -0.0577672425876014 -0.00642092132075368 -0.0768586254813562
-0.0246242052393038 -0.0819322789072258 0.0440864113347919 -0.0642143465671756
0.0242183038638616 -0.0914414822816996 0.0685686391562323 -0.0118446055104159
0.0759299667675257 -0.0741799477104949 0.0410263236046353 0.0311718834091581
0.0945700566026428 -0.0378241470996422 -0.0260050514177542 0.0301777752791455
0.0714115551853228 -0.0101040244104483 -0.112497549157058 0.0327823318063127
0.0658161950903407 -0.0339358722144356 -0.0982576129607743 0.0115902895218426
0.0399534540029869 -0.0568563538054166 -0.095209529048697 0.00225786387325621
0.00110613356592141 -0.0600350555841332 -0.0787255200351979 0.00399921480459646
-0.0256730497151455 -0.0472793283603342 -0.0797749866610364 0.0126680742422555
-0.041274185167479 -0.0309749014178989 -0.0680255927246824 0.0274548019119471
-0.044248669603427 -0.0173226222700232 -0.0602307315300381 0.0214078486220955
-0.0440038816752702 -0.0175799027463226 -0.0543443753437887 -0.00223839155164922
-0.0429470690630009 -0.022458451818727 -0.0566622830549516 -0.0289759214976246
-0.0413863627938595 -0.0314540244173671 -0.040125154118603 -0.0624288946651086
-0.0310608320091367 -0.0506571831481563 -0.00801283166571938 -0.084724799926149
-0.00141360688221699 -0.0634060439952995 0.0443371877712646 -0.0669046325972918
0.0368060976313884 -0.0610375663252465 0.0603081120472434 -0.00910554778892119
0.0697721357321954 -0.039785969577938 0.0243626037251325 0.0321644332939683
0.0725846846797773 -0.0114861696149046 -0.0543711853896547 0.0282541797414693
0.0315973971302971 0.00628069172346761 -0.123506816391876 0.0412142371769528
0.0356390740271303 -0.00842721697474704 -0.0982306777481992 0.0207566630778773
0.021913222612554 -0.0241413652796194 -0.0878457554852129 0.00571910816049958
0.00324910293786946 -0.025755878557095 -0.0756348738643377 -0.00261236396020711
-0.00653454641971405 -0.0199945910361245 -0.0850851072047723 0.00713886802282247
-0.0153887257751337 -0.0166810545343409 -0.0780989600055957 0.0219627246598527
-0.0189764627244952 -0.0116420364759844 -0.0733039379101015 0.0163929510573445
-0.0176159638198632 -0.0141842702141099 -0.0667915086960801 -0.00903617595035271
-0.0176432522817063 -0.016788381528954 -0.0649181654996882 -0.0382850549345121
-0.014731169510243 -0.0219637837627862 -0.0401816995747022 -0.0724014860398865
-0.00711880038117523 -0.0329636872869428 -0.00277646679091283 -0.0905527804324435
0.0103730213000123 -0.0376909012772949 0.0479671221149049 -0.0672898457521176
0.0358763585823564 -0.0294220717065948 0.0541911287449031 -0.00881447496211624
0.0497061709415171 -0.00858379037158616 0.0121597000301044 0.0256584762631079
0.0386844462860979 0.00885676174202095 -0.0710567025016723 0.0194947804042932
-0.000246471930256693 -0.0211066544962801 0.0857533701762739 -0.0256217682597835
-0.0180709827733398 -0.00550173398982947 0.0020409649202531 -0.0408323316304448
-0.0165222332327368 0.00861034385620277 -0.0558405744822834 0.00288202687589062
-0.00375976014906041 0.00779860539079335 -0.063689141120644 0.0687228604415306
-0.00459073138538899 0.00338615935517858 -0.00539074878908513 0.0999394118980117
-0.00534368531693772 0.00531353848738858 0.0445962135774687 0.0835805265538575
-0.0062697754308125 0.00819897874852439 0.0694571024010981 0.051025401886933
-0.0113460908336544 0.0107604155108577 0.0787228509423124 0.0100680900216042
-0.0140245440052437 0.00931719672324567 0.07588489257708 -0.0152658924255275
-0.017695028417451 0.00592214152885752 0.0779051414066283 -0.0301925687095447
-0.0187668261495302 -0.00189035545446435 0.084141053570445 -0.0204870859107792
-0.0127205483623533 -0.0105970912535644 0.0841059995016239 -0.00288520456076502
-0.0129068526988149 -0.0144897553671801 0.0893050375417169 -0.00852881755807725
-0.00789007210208299 -0.0232435086917314 0.101420512549095 -0.0194508467838934
0.0106583986778619 -0.0274870140293995 0.119909989450858 -0.0506462731889767
0.0409049801947146 -0.029511966124253 0.0728399216907107 -0.0180576616929527
0.0142590591567793 -0.0219477404930099 -0.00252168620810039 -0.0353088472181711
0.00452876487927143 -0.0137486289268638 -0.0620018466414334 0.00129934716777577
0.0017000931114649 -0.0175739405846957 -0.0695040018458112 0.0646617752001114
-0.0138151911610089 -0.0207518034690942 -0.0158251846126818 0.0968472488703721
-0.0257017453380045 -0.0106207653970497 0.0340120058697419 0.0863612320560868
-0.0310958870372757 -0.000624209269077075 0.0606746681478871 0.0544788577260891
-0.0395065335384232 0.00628125949863024 0.069673640990714 0.0129502418611634
-0.0435139915944933 0.00547017865636267 0.063766488478525 -0.0146560524282044
-0.050164551673911 -0.00171094445801544 0.0626036801070113 -0.0353805771676783
-0.0517253577560589 -0.0216802293747019 0.0718183505943511 -0.0355155962407339
-0.0325239904578925 -0.0443397032083409 0.0800565431575047 -0.0178384709901526
-0.0105482522600895 -0.0576646574668671 0.0887145517379449 -0.0146861282628126
0.0181030198812145 -0.0631264460862025 0.0939120499622015 -0.0172584442244586
0.047968987083316 -0.0537334856418297 0.1050804799086 -0.0403384179921975
0.078006094382419 -0.0342069777604347 0.0457739540078942 -0.0104342451531874
0.0490590471372431 -0.0374000766592243 -0.01722462881272 -0.0334684666040174
0.0291578853294247 -0.0394810538887214 -0.0749092063388678 -0.00151480876912441
0.00722042972389513 -0.0464360797749965 -0.0768430259370258 0.0601672385426134
-0.0236172108933582 -0.0453475656249083 -0.0261529230058541 0.0893658838388194
-0.0447625315810528 -0.0265430392942734 0.0191704032408645 0.0827388347500388
-0.0520436634540465 -0.00933587481673182 0.0439626152848523 0.0530709628718853
-0.0616946966224508 0.00103337143157604 0.0507334115104534 0.0141751041006685
-0.0662703432958599 0.00136423574579028 0.0425039033007173 -0.0128640986238392
-0.0750756594731064 -0.00669116636134332 0.0390689414545556 -0.0385748293349245
-0.0791360305927253 -0.0337983785856016 0.0502758170542396 -0.0497070256593948
-0.0529682360164355 -0.0689050896216957 0.0708313096233837 -0.0357383228288925
-0.0140554119653857 -0.0927714844185503 0.0869988358283095 -0.0205709067099934
0.0364566298478285 -0.0951508134753637 0.0852576901604175 -0.00827358892066837
0.0768716730147565 -0.0724199479887084 0.0805103555599968 -0.0218608686557443
0.104201669927898 -0.0363923155491916 0.00550548816178195 -0.00136569738833793
0.0781668815136523 -0.0521809053695094 -0.0403484032158895 -0.0289863749121655
0.0489726478902054 -0.06576888515045 -0.0893187612496718 -0.00329302772015206
0.00713355901440168 -0.0746615386115498 -0.083307203514667 0.0522154915238049
-0.0352450954879259 -0.065374144452134 -0.0392777027889356 0.0754744185974727
-0.0601222528892392 -0.0380098797350021 0.000365621552390668 0.0728095816438485
-0.0667350944702884 -0.0156520898812413 0.0200566346916508 0.0477340788268851
-0.0746586065134235 -0.00493976631269012 0.0242783138203363 0.0141724864281048
-0.0787748677160859 -0.0045780284625317 0.0147602227218793 -0.0112750693892175
-0.0889548025420192 -0.0126558626813392 0.0114458256080658 -0.0400232277990409
-0.0929351384043932 -0.0430735723207288 0.0249534161787286 -0.0608000050944437
-0.0629573203695255 -0.082526376353367 0.0583258501839983 -0.051377637678458
-0.0135866202423842 -0.11234075638756 0.0835446186955549 -0.0231892909378126
0.0510345494488445 -0.112409937978595 0.0750955969115314 0.00450917893871311
0.0955377268843003 -0.0779528605459966 0.0486948032634286 -0.000167373150981751
0.11372934688471 -0.035513344897942 -0.0406610913444899 0.010547943066056
0.0915140383315757 -0.0611250153499463 -0.0667481865907339 -0.0170331567453365
0.0565075804365934 -0.0839133739867965 -0.100118373474536 -0.000139600730255552
0.00258329098057357 -0.0910315037027465 -0.0864635522022213 0.039753405191655
-0.0434710629859258 -0.0739046409701983 -0.0535876401209202 0.0563681341051386
-0.0678564997448773 -0.0420358264319741 -0.0233338253968496 0.058882833194773
-0.0719110575398821 -0.0180515743953258 -0.00820690540049772 0.0406148108952362
-0.0771783856028198 -0.00950400778143141 -0.00483194302602753 0.0116422265917789
-0.0793584884196964 -0.0111011014572959 -0.0146063883025527 -0.0122222909215738
-0.0867740036950006 -0.0202032452471778 -0.0153961270440137 -0.042828395872556
-0.0878050972262418 -0.0502304770534653 0.00155207590940348 -0.0689425293796359
-0.0553070076970552 -0.0879297460225755 0.0469737089300668 -0.0620484717918224
-0.00256559388507505 -0.113217187611155 0.0783165920239585 -0.0218176658829306
0.0639572997357749 -0.107295292246799 0.0618005395146827 0.0191337365083909
0.101810427325984 -0.0690266485741737 0.0122755952579147 0.0201861597231728
0.102338266755158 -0.0295022280205176 -0.0830213527106914 0.0267630147178354
0.0862392838902213 -0.0580603144412555 -0.0878477595633564 0.000971356554760978
0.051414448932028 -0.0831015687095055 -0.102512467887341 0.0050827605699011
-0.00246084551420575 -0.0864735953274375 -0.0850534600832904 0.0241405058946714
-0.0428815512668971 -0.0670464585197174 -0.0699155902472809 0.0359047986963097
-0.0633417281372178 -0.0380794084734198 -0.0485000937851707 0.0450551581313662
-0.0651392252015214 -0.0166879259312242 -0.0372245977784982 0.0328468679824232
-0.0668900665293607 -0.0127488170835034 -0.0338297004388197 0.00766928079226525
-0.067408129904292 -0.0176169775622064 -0.0407944479417467 -0.0166670411056756
-0.0704575418762575 -0.0276475244171142 -0.0353537422755897 -0.0496667483157742
-0.065886627177285 -0.0541711193294921 -0.0128408207932921 -0.0780938207267469
-0.0323559812353877 -0.0819853106128192 0.0406492795153341 -0.0694635588640242
0.017780047884575 -0.095756560749426 0.0707394160642215 -0.0171398998354454
0.0712740472957493 -0.0825784786232536 0.0453247223151529 0.0295658276888861
0.0945398783940187 -0.0460023836461909 -0.0236143007573604 0.0322685729076917
0.0727359201651136 -0.0158172371711316 -0.112730590701357 0.0413875838558538
0.0652826644545662 -0.0396950014209538 -0.0997337358467693 0.0177320430632469
0.0364778805248532 -0.061210530450635 -0.0976392985788666 0.00924638146490481
-0.00363972774983015 -0.0617792327049015 -0.081483338019877 0.00978151246805231
-0.0301315990190849 -0.0468273861513631 -0.0816379074650866 0.0198596362157933
-0.045240825801418 -0.0274758556525736 -0.0689417457868961 0.0337984401278207
-0.0466754806394985 -0.0135813849309597 -0.0613530631186512 0.0267749050545031
-0.0465756676238275 -0.0144047973672127 -0.0564587604726591 0.00240505446002328
-0.0459318142092319 -0.0194987325302887 -0.0604349825134002 -0.0242588152924132
-0.0448426719273334 -0.028419974078175 -0.0458454608093672 -0.0599568549739673
-0.0360670399585845 -0.0486504713120477 -0.0153095959774452 -0.0861102186203748
-0.00665906448478096 -0.0646542580606822 0.0402062873076181 -0.0723043986338064
0.0339044552803016 -0.0648023340944301 0.0621649574044598 -0.0132815158389851
0.0681214730279616 -0.0464929540350269 0.0281295437161183 0.0315754165049418
0.0732454019404615 -0.0181208936517343 -0.0535695726192904 0.0334239985995281
0.0330303158166197 0.00431953013217528 -0.123896727938898 0.0516696469872822
0.0361912355297592 -0.0116222354257038 -0.0990420160709169 0.0281759754713516
0.0207780837752202 -0.0263746361699541 -0.0905495733949583 0.0119167643796262
0.00111170630919951 -0.0261612217816689 -0.0798847099707996 0.00286216772439674
-0.00822296480200291 -0.0205575159412531 -0.0873727076396542 0.0142425043215824
-0.0176142325947877 -0.0156607778981935 -0.079049069270418 0.028715779940697
-0.0203037630805109 -0.0103762830342229 -0.0740188973841446 0.0228894905114699
-0.0190607751044772 -0.0130860334722202 -0.0699781900913506 -0.00346863502573129
-0.0196536824350256 -0.0163055004147625 -0.0691478248015198 -0.033087239446336
-0.0172432786932073 -0.0213455557629554 -0.0468842605895962 -0.0708012452644672
-0.00983217014288533 -0.0329357019791302 -0.00932814870045988 -0.0920681180831897
0.00760502259501439 -0.039174290006144 0.0440801017358431 -0.0727068039044137
0.0345676477545127 -0.0328332729223947 0.0562487219272484 -0.0125383630978617
0.0502454604704325 -0.0130175423096439 0.0148374877410094 0.0257152964517191
0.0403054490553336 0.00607508010946243 -0.0711916387537479 0.0261016580486083
-0.00145901217070654 -0.0205447229152383 0.0821415452789507 -0.0319141059658895
-0.0178902128589451 -0.004178535071484 -0.00132625584180399 -0.0405269749559826
-0.0154620765708904 0.00933680485020737 -0.0552227539289705 0.00624526567929793
-0.00331897848389404 0.00783046217905652 -0.0576467718528377 0.0717003897255646
-0.00404579020999999 0.00354129648425349 0.00154644176647554 0.0976955051984544
-0.00527340477780572 0.00558835662807135 0.0492540865615776 0.0781732663662029
-0.00560474357065033 0.00861007138229491 0.0720016654281589 0.0444516721693851
-0.0100381947387063 0.011442953076474 0.0779771635147196 0.00337994209854148
-0.0130957643849359 0.0102837812416982 0.0734040721411258 -0.0209465690994778
-0.0174807310930563 0.00631350775626521 0.073151178930927 -0.0350319378980411
-0.0186339139092467 -0.000888464953799343 0.0812220882523652 -0.0259914326846697
-0.0129110670180323 -0.00960241942014262 0.0826094850521916 -0.00866055033175397
-0.0135113123510397 -0.0131385742179183 0.0870112803592158 -0.0138146476448567
-0.00907266729701312 -0.0218245802441864 0.0979217333657953 -0.025359421312672
0.00828629425103348 -0.0279383203538077 0.114179317931145 -0.0574245666800836
0.0373374910407286 -0.0325989168579963 0.070247473096717 -0.0230369907348047
0.0122504925380802 -0.0229418733568519 -0.00472638960536211 -0.0349474612110759
0.00374764954701003 -0.0135917496023868 -0.0609732240603206 0.0047320304767671
0.00061744879845463 -0.0169968827279958 -0.0633163948383559 0.0683264671733074
-0.015769804682746 -0.0193673601600311 -0.00852198914862439 0.0954139912917751
-0.0258396633476165 -0.00852947004431421 0.0396367585339176 0.0812120234033019
-0.0302293778640676 0.00191969670525442 0.0634850243795139 0.048309382917479
-0.0380395675097963 0.00910355705219262 0.0693743227096341 0.00706660239904589
-0.0425253143438886 0.00939580762902877 0.0618136018551321 -0.0193091309795144
-0.0495266669408668 0.00240522766157437 0.0585299401279824 -0.0389546037923927
-0.0524186342953124 -0.0170807350588457 0.0673510593573479 -0.0391461080807844
-0.0354714736467997 -0.0408104238695615 0.0771246337766605 -0.0227377009124606
-0.0144916898737212 -0.0555817365808906 0.0860466874535538 -0.0205791804746658
0.0130603563968838 -0.0624348866559359 0.0909385855016501 -0.0225224514709936
0.0434208239255184 -0.056022346732209 0.100597247776338 -0.0464689352100606
0.0733633677384243 -0.0397426007549949 0.0448058097081931 -0.0145151617869644
0.0449424899878357 -0.0404221583012404 -0.018741764612796 -0.0321707666575144
0.0253497785270456 -0.0399375689218279 -0.0736363695269138 0.00295277658862024
0.0030706839949943 -0.0460541739223647 -0.0713558196240518 0.0645332220711962
-0.0267731315174911 -0.0423343503065176 -0.0196581428225288 0.0889852959160394
-0.0451637365905392 -0.0221603714576254 0.0248171457072888 0.0789046724659302
-0.0515559013764197 -0.00472181948364385 0.0472078558314143 0.0482740663749001
-0.0601797682896602 0.00573871100941126 0.0506501428397889 0.00976190449619904
-0.0651031082009555 0.00679638071245583 0.0410652213094758 -0.0154584184303475
-0.0743574429499107 -0.000153394156041077 0.0356998174661279 -0.0401982291326498
-0.0798686082827908 -0.0266208886607258 0.0450681459009793 -0.0517575263396541
-0.0569624533888167 -0.0627064563641518 0.0669973684313727 -0.0389284138589079
-0.020322457650256 -0.0890090315379374 0.0842595547721085 -0.0263331026191855
0.0285310167185429 -0.0957264717658534 0.0831720495271351 -0.014179102650806
0.0705911197432225 -0.0768610778369309 0.0780449339654415 -0.0272944712239541
0.0989721166100803 -0.0428097714005579 0.00603456671232099 -0.00314322167950516
0.0721735802988386 -0.0563546922130684 -0.0406680840218054 -0.0266356748959142
0.043217471928982 -0.0677195415442894 -0.0881152058357401 0.00292783360680251
0.00174742154754953 -0.0733232422203034 -0.0788626728422064 0.0565991340459457
-0.0396294891207649 -0.0610122047185939 -0.0332196529696163 0.076967155412928
-0.0613619477510543 -0.0326258120830007 0.0058530901972683 0.0710234065050519
-0.0667104785229105 -0.00963695280391469 0.023046810017137 0.0452050975462125
-0.0738378508550271 0.00144241321786479 0.0255843242774891 0.0121200863897705
-0.0775492686405918 0.00247271366390158 0.013982224985874 -0.0120697109019762
-0.0876751841628692 -0.00514073901539626 0.00917062185871451 -0.0395258658974891
-0.0940300113715885 -0.0345951923401887 0.0190858019199135 -0.0610809579283085
-0.0673311902685129 -0.0758002465215785 0.0539065355775807 -0.0535463249998079
-0.0217089146834292 -0.108353117437154 0.0807411651815305 -0.0288047578279981
0.0410373420658634 -0.113172198002951 0.0746357889601783 -0.000435375136960518
0.0879059202837094 -0.083842497479478 0.0482116644898947 -0.00371904951347527
0.108331951062857 -0.0431764960283601 -0.0382640493343423 0.012158972580892
0.0849126807199349 -0.0665438468043453 -0.0655015568982743 -0.0132813710834331
0.0493709100252626 -0.0854030806606191 -0.098537816248325 0.00627031431309774
-0.00431655433987803 -0.0888045413559043 -0.0821421375830007 0.044308909550129
-0.048137532994192 -0.0684819089508242 -0.0491868983249154 0.0589012507167005
-0.0695605849095135 -0.0355166825357798 -0.0180818580235674 0.0590709111400846
-0.0717488544850159 -0.011543711591555 -0.00479854231877793 0.0402841447347094
-0.0758595651046142 -0.00313053797051528 -0.00434174095657052 0.0116767544541252
-0.0781789596831503 -0.00418789062682721 -0.0151066858447425 -0.0102605456564965
-0.0869254831703447 -0.0123652416084531 -0.0179053421870995 -0.0400247936050317
-0.0900194264802491 -0.0416722584590329 -0.00404252810485507 -0.0670757499358478
-0.0604392798410017 -0.0807233948162463 0.0419525820616871 -0.0640222236473471
-0.0100485797725736 -0.110363423778328 0.0757226627956716 -0.0265273565712155
0.053892010744932 -0.109166390735402 0.0634039847797092 0.0144384672250244
0.0949437321854588 -0.0746448686990217 0.013411225898599 0.0190579702998813
0.0973398220768602 -0.036473294112933 -0.0789747030640283 0.0313188116306716
0.080230322683812 -0.0626182106358376 -0.0858590650302929 0.0057097682607068
0.0441571242776845 -0.0842748024357429 -0.0994591606631034 0.0119901099654789
-0.00860897733584491 -0.0837790893035158 -0.0820711351943173 0.0296141516325974
-0.0468576397854084 -0.0615987380251757 -0.0659943961403683 0.0406057243489414
-0.0644388205600492 -0.0312952522967844 -0.0436517620648941 0.0473534438321482
-0.0648056366722189 -0.0107791511420242 -0.0337042433848335 0.0355878522412578
-0.066727139951729 -0.00770946459607146 -0.0320748145933462 0.0100104953479201
-0.0675090873711463 -0.0110674896428921 -0.0410486849420726 -0.0121889210576103
-0.0714224773283328 -0.020863308136091 -0.0378916809368008 -0.0451271771237018
-0.0684427231950956 -0.0469903588681831 -0.0186746797631047 -0.0745201145301944
-0.0372067009689236 -0.0773128338209691 0.0348712939674851 -0.0702744408723496
0.0104297675382903 -0.0941986188837967 0.0682507531647935 -0.0221000790541321
0.0632518862016108 -0.085492573312831 0.0477777448972549 0.025420186246303
0.0894853347909465 -0.0517557033877319 -0.0207565965951753 0.0331518173589156
0.0699265543841522 -0.0210475453643153 -0.107049233278609 0.0486720870710272
0.0603595255929747 -0.0437326959981542 -0.0959741413529729 0.023324348765297
0.0316147904681753 -0.0617835679694636 -0.0949365423348569 0.015121779010735
-0.00788725037147879 -0.059732031660532 -0.0799797369561025 0.0151212993688415
-0.0328599346623519 -0.0431448353586083 -0.0782741520196285 0.025711074878238
-0.0461268700771859 -0.0226511390123623 -0.0645258070562299 0.0381916990056643
-0.0469804937625447 -0.00946398821056174 -0.0573911344862994 0.0311589317051128
-0.0464444460018301 -0.0105856300435717 -0.0553693763030555 0.00669031408517824
-0.0461803586829323 -0.0150391226763318 -0.0600643907931762 -0.0189891157362423
-0.0459650498939583 -0.0246832537109009 -0.0490323702877235 -0.0550238639961038
-0.0389900165970713 -0.044605854871142 -0.0216432145646804 -0.0828075414662894
-0.011001030579118 -0.0621592413422799 0.0344570438014365 -0.0730220619777352
0.028250544677384 -0.0649122734635925 0.061207420696009 -0.0177139095759446
0.0631429351336916 -0.0500409564300042 0.0299805664784619 0.0286359935472309
0.0709160126791309 -0.0226526648030668 -0.0496114705026867 0.0365019709002183
0.0325755308964965 0.000582487950948495 -0.118667600954322 0.0594854913883483
0.034588935622926 -0.0140449067680671 -0.0954168040311263 0.0329481661132266
0.0178964478336556 -0.0266197148213472 -0.0876433771172468 0.0170657469502443
-0.000794473869154851 -0.0255843067968821 -0.0780296960703536 0.00862899433886213
-0.00929613365002872 -0.0196384947496764 -0.0848925975326237 0.0207727592537394
-0.0188137657684373 -0.0133851523224404 -0.0750491904928085 0.0338395604536991
-0.0202512657443761 -0.00853032451881323 -0.0708159752078521 0.0277723403116205
-0.0196052272947382 -0.0114707537726017 -0.0681302013697425 0.00276266634141237
-0.0201542893845304 -0.0142999234504657 -0.070229736970377 -0.0270404462201795
-0.0177091136344618 -0.0199422759874515 -0.0508670090820873 -0.0650005100204226
-0.0126885249916428 -0.0311828022486518 -0.0159989418778955 -0.0886847014432048
0.0045432838578681 -0.0385912047397996 0.0387170090889937 -0.0734682816749321
0.031247400286762 -0.0336610771999913 0.0546488658251682 -0.0166627688632865
0.0475032994576002 -0.0158513256035543 0.016295154469034 0.0241238723927378
0.0393782534215532 0.00325074695860919 -0.0681634891476338 0.0302440556399522
-0.00223728981894391 -0.0196246163208076 0.0771577246334237 -0.0336657214321229
-0.0169711462126188 -0.00322067006806705 -0.00254782093465875 -0.0386912579782426
-0.0141400502249185 0.00951959219746778 -0.0528200320694394 0.00759968168517436
-0.00294780261577498 0.00726340749165647 -0.0530359958218427 0.0702431558699858
-0.00415721637231762 0.00334987383607119 0.00441574555815258 0.0922286584229696
-0.0045175041881525 0.00580025011730916 0.0499746551790029 0.0720100882129507
-0.00507685770543558 0.00807320619131453 0.0706992764014598 0.0393391280020751
-0.00907447606682753 0.0112463915197392 0.074645214236607 -0.000113834005739464
-0.0123209125744643 0.010634849489284 0.069451731162394 -0.0227701180642454
-0.0164453768958137 0.00718610145122436 0.0690227133529835 -0.0355735753376983
-0.0179576544796473 -8.15723913077703E-05 0.0765184143672007 -0.0273118020025947
-0.012784935442457 -0.00884851974063946 0.0794690133912979 -0.0112631727489618
-0.0130895292865328 -0.0123330177708349 0.0820563196749962 -0.0159655503759974
-0.00901323141319909 -0.0206510802892951 0.0932229586349513 -0.0264725056167815
0.00707695093616089 -0.0276742089354157 0.107098317310377 -0.0579255873533406
0.0340885165043619 -0.0323335470592049 0.0668247035882066 -0.0250940863629846
0.0114577650505796 -0.022224249187641 -0.00578193933487403 -0.0340266370174388
0.00340374682314377 -0.0128639166316082 -0.0588075883872744 0.007009593149035
-0.000160175189331824 -0.0169566017384312 -0.059020661650702 0.067033437488387
-0.015631598163142 -0.0174249303649076 -0.00517310564159594 0.0910925319116631
-0.0249101000040058 -0.0067830807892096 0.0406835199610654 0.075311019226013
-0.0286421194104765 0.00282337209022641 0.062258580083619 0.043078096296707
-0.0356571717787434 0.0100670633709577 0.0660305210080274 0.00360883513898831
-0.0401028150080949 0.0106696318584092 0.0585697131769026 -0.0206769791188452
-0.0476054917223657 0.00485007728522303 0.0545801125049857 -0.0387127398403328
-0.0501536437530146 -0.014221229672354 0.0628219088615619 -0.0396516912180489
-0.0347778448755983 -0.0376320658879015 0.073589083557567 -0.0244381189824022
-0.0155536417152912 -0.0526949216657372 0.0818520404120924 -0.0218410718482594
0.0106154479898746 -0.0595983774380132 0.0866339014467889 -0.0234874457486256
0.0398376469569295 -0.0550727286311059 0.0949068397855544 -0.0476192523107033
0.0680645041357354 -0.0402552198820733 0.0425742259051506 -0.0160702108093192
0.0415527293601744 -0.0398918697558367 -0.0183137225067812 -0.0311318267270168
0.023195512137733 -0.0386853910206278 -0.0708896315767491 0.00565533009672561
0.00141545319174973 -0.0437215840744734 -0.0660049893218402 0.0634610777355133
-0.0274304270549607 -0.0387938082912276 -0.0166884084171169 0.0854591373572431
-0.0438190653489385 -0.0192723086432847 0.0272327367856797 0.0741461219302666
-0.0490598123798731 -0.00233244671362403 0.0467580480793246 0.0444146582339894
-0.0574386082686904 0.00812809340349376 0.0490939325899259 0.00750374804787899
-0.0619930006773005 0.0101570588900468 0.0389184651196007 -0.0163871349208717
-0.0712373304912374 0.00276533511720531 0.0329148645185157 -0.0391812350113847
-0.0769503833357568 -0.0217774159976882 0.0409738088193064 -0.0508004173686294
-0.0565103495404546 -0.0577077598137743 0.0636856045854734 -0.0400130940569799
-0.0225776299198863 -0.084150196468991 0.0801068555488854 -0.0277008306567116
0.0236358775689777 -0.0921979046304442 0.0794748153438086 -0.0158249749661597
0.0648728268501781 -0.0757724660709826 0.0734314050326959 -0.0286708608027518
0.0928069544870781 -0.0452812211397866 0.00615754739819718 -0.00401471300541376
0.0663334884282213 -0.0561946443675453 -0.039310290581269 -0.0252889634604307
0.0392840405833899 -0.0652956341074283 -0.0848235243100586 0.0054536982622198
-0.00134077722028145 -0.0700551559667591 -0.0733929230385195 0.0563123620951635
-0.0396036497743392 -0.0562300170063928 -0.029657690197957 0.0744243430294299
-0.0592025548874694 -0.027552260436436 0.00797457945744961 0.0671403738666948
-0.0636552044180147 -0.00593128897996059 0.0241662610534586 0.0425917964249503
-0.0703424489342248 0.00453541105546467 0.0248401954114548 0.0105969458391093
-0.0738990089941954 0.00564236271110117 0.0131377416451066 -0.0117472363201492
-0.0838228827551063 -0.000432666314837641 0.00680057290467922 -0.0379663067173846
-0.0908461655014269 -0.0287412326154362 0.0159419345336652 -0.0576429281723857
-0.0675039662723569 -0.0693980401782686 0.0504343250257795 -0.0528955817878319
-0.0242179361324223 -0.101946289768578 0.0769030497197524 -0.0304696604330605
0.0349127264889959 -0.109030498973725 0.0723014842911581 -0.00257565031042276
0.0816155912163064 -0.0829115057029852 0.045795913280129 -0.0058934190633467
0.101321475801216 -0.0457042079462154 -0.0360383768036955 0.0122570803019354
0.078173345336336 -0.0662730309805147 -0.0623625120939408 -0.012033166430222
0.0437171509638963 -0.0828463188955247 -0.0936814157450776 0.00886415474644429
-0.00751426536874862 -0.0840981024917859 -0.077072220233966 0.0448086363177558
-0.0489925202065815 -0.0627636708342424 -0.0453252548599932 0.058252091137354
-0.067201402506172 -0.030278137364965 -0.0149819603740436 0.0568266266285494
-0.0686941985967947 -0.00755564389834144 -0.00388363544075684 0.0385358898509149
-0.0723100829426208 0.000245768824428854 -0.00366407469500065 0.0117500706308536
-0.0745719152775788 -0.000623421027119225 -0.0139619040548925 -0.00890231142306136
-0.0831241229604012 -0.00810825874495642 -0.0183678693360533 -0.0371297593836845
-0.0871567134184329 -0.035858447069617 -0.00662907854338428 -0.0629993926187847
-0.0608539842558681 -0.0744615254750367 0.0386660279027321 -0.0621306634448176
-0.0134540910244908 -0.103643946992486 0.0724569329177112 -0.0278981516934257
0.0472981926547053 -0.105631602686902 0.0616807416424535 0.0113092979936988
0.0882666815741252 -0.073725696761977 0.0135790616393183 0.0165243959146085
0.0908633866891676 -0.0387796775257374 -0.0738637338886243 0.0316852991715144
0.0740053169088106 -0.0623093183928506 -0.0808532042469861 0.00682881355318735
0.0389206562930499 -0.0813590086154275 -0.0949601839794122 0.0137003221074287
-0.011804635050385 -0.079283874667621 -0.0775808957352056 0.030746581948962
-0.047013333269413 -0.0569296459005873 -0.0613464503586496 0.0409705303899636
-0.0623571821215369 -0.0266278885981638 -0.039412178292851 0.0469017066419648
-0.0621508758234067 -0.00707588698995105 -0.0312529359082384 0.0354736648342522
-0.0638264695728555 -0.00415046150672473 -0.0309415664904625 0.0112897658049129
-0.0643041952222967 -0.00795643264695927 -0.0390881753669339 -0.010136263848499
-0.0682097513171566 -0.0169132699222679 -0.0377313423476913 -0.0416157119209373
-0.0670808459382732 -0.0410919237458152 -0.020778199677954 -0.0696390707760256
-0.0384621405207191 -0.071784247112608 0.0315050223178436 -0.0679122703453758
0.00662338325020743 -0.0897130302422014 0.0653978356668497 -0.0237341557072361
0.0565839856716234 -0.0831964674420472 0.0471571792696844 0.0224122804138033
0.0829399436857881 -0.0522883670509965 -0.0180770274972837 0.0321470363201848
0.0656720410983863 -0.0226586253036473 -0.10023499703087 0.0494556879480879
0.0559977569216804 -0.0435507085819415 -0.090346302973596 0.0236077364198032
0.0278634315369938 -0.059253481164101 -0.0908410302763535 0.0174351359582796
-0.00948607457662987 -0.0564516016684689 -0.0759854683223897 0.0167707628765407
-0.0332875979546493 -0.0397681299421863 -0.0741017405526328 0.0278448734608845
-0.0449001545228693 -0.0191657982904367 -0.0598081125984086 0.0389013499244473
-0.0448129460825876 -0.00724790547247128 -0.054370643161283 0.0324818586385327
-0.0444318480558669 -0.00821206336237069 -0.0524854127647919 0.00907855833284347
-0.0442418794531246 -0.0123655512801546 -0.0582424569654628 -0.0149089200689104
-0.0446121489280801 -0.0215380789622194 -0.0485309209001336 -0.0498312284889151
-0.0387394978957507 -0.0403027842850197 -0.0233214352062528 -0.0772851730697866
-0.012873203962706 -0.0588451557469445 0.0307489107375744 -0.0707155968336048
0.0250170760244333 -0.062646440200618 0.058396808933197 -0.0186560922767296
0.0576597836129296 -0.0494415792712883 0.0304537082288762 0.0259515124586112
0.0664975460211969 -0.0237744321695883 -0.0460043559540221 0.0362953202813728
0.0310762505111146 0.000672563545180692 -0.110547501641382 0.0599789418638528
0.03235378800397 -0.0145838000910551 -0.0898026257524662 0.033787496816402
0.016198246314291 -0.0259381782206212 -0.0827280847609585 0.0189968298370172
-0.00128182226334381 -0.0240729497825625 -0.0755233552880059 0.0100773391243688
-0.00916198740258133 -0.0180909378938174 -0.0798589529368919 0.0226803592690705
-0.0177190339830677 -0.0115475623482367 -0.0709795390936317 0.035299862946698
-0.0202359509495956 -0.00720075014686878 -0.0669649670553418 0.030170947759052
-0.0194419304756402 -0.0102996836233243 -0.0656506570687338 0.00565088971754051
-0.0195627382526658 -0.0129762232464923 -0.0675876559175989 -0.0223640913285205
-0.0179853815504468 -0.0182962582811937 -0.0505094051890294 -0.0598504011747964
-0.0134865018718521 -0.0289118971149809 -0.0184201034477987 -0.0833357955588559
0.00315749246035716 -0.0369625780763231 0.0346133470906297 -0.071220143922715
0.0290357903110657 -0.0328131462753661 0.0525354651675771 -0.0173721665301561
0.0448187782657402 -0.0163870607515793 0.0169125322604612 0.0225928094890954
0.0374204947933034 0.00233479055135783 -0.0634996011491022 0.0309569792362071
-0.00237540504219426 -0.0198322048798802 0.0752416674817015 -0.032825080940636
-0.0163186807002976 -0.00357577191823119 -0.00280400789069375 -0.0384456202223875
-0.0134452623034907 0.0086241927392489 -0.051744283141671 0.00704030347855432
-0.00314139872321122 0.00747960408969637 -0.0519065321721268 0.0678880720649196
-0.00457703985668208 0.00314052004775012 0.00309449212853838 0.0890727486861156
-0.0045300217336823 0.00542514258362014 0.0484071197692594 0.0691673972046311
-0.0050987604100838 0.00747524656132314 0.0683910437250615 0.0375255585282563
-0.00891709311063844 0.0101171588893235 0.071918606161835 6.3278144313241E-05
-0.0117254980482031 0.0106633411415438 0.0676101062574953 -0.0222732762972154
-0.0158349648808035 0.00771925046848424 0.0671417130659667 -0.0344429424314641
-0.0173555618700412 -0.000377370585685818 0.0745130310162411 -0.0265620796017826
-0.0124291260146642 -0.00894348054501217 0.0776651268346576 -0.010124207302429
-0.0126597171781805 -0.0119743964128542 0.0801461704827093 -0.014850680611173
-0.00885161253890211 -0.0195442329334307 0.0903235721308957 -0.0247718371479238
0.00722077212112399 -0.0266464449598782 0.104437176626818 -0.0552929407180528
0.0330549134281487 -0.0316659487250712 0.0651884851100774 -0.0245737604886483
0.0108444371104492 -0.021167533188494 -0.00548566457482488 -0.0333882578198502
0.00340861693631617 -0.0125546446593657 -0.0570148843463034 0.00625551057565308
-0.000592768112219998 -0.0160440355287589 -0.0575082024446163 0.0647362617140139
-0.0152947252520654 -0.0168040721753706 -0.00635300492568674 0.0873779747120044
-0.0238801131143764 -0.0065504586694208 0.0393192618333126 0.0725862127543831
-0.0271818814595803 0.0030301999451517 0.0611247541356955 0.0411720330954276
-0.0345797967962761 0.0102557093313326 0.0650733255229964 0.00358883718684421
-0.0386811418823163 0.0109047416606527 0.0573640304300333 -0.020088630883117
-0.0456153022903737 0.00479171604744111 0.0536306221074769 -0.0371305837343024
-0.0483159970139493 -0.0135578564427958 0.06091048513844 -0.0378624009128097
-0.0338868118839374 -0.0371157425802819 0.0722587042607362 -0.0235239380698988
-0.0148467059959438 -0.0509126489318976 0.0791659243848821 -0.0203009563134241
0.01052178779598 -0.0575519511373228 0.0838269483553826 -0.022215851353245
0.0387951612739929 -0.0533163579674142 0.092565289669675 -0.0450331828335819
0.0652606664077794 -0.0390056494298099 0.0418001427645264 -0.0163811297023237
0.0400953939486673 -0.0379739035280243 -0.0175827541319025 -0.0312960302053935
0.0229209261185686 -0.0367547753687019 -0.068559353826847 0.0043818320872553
0.000990078329997028 -0.0419440098107959 -0.0647443989291562 0.0612220358524339
-0.0264935039888016 -0.0371824757844837 -0.0165525152978919 0.0822288042855867
-0.0421407982735795 -0.0181211337603529 0.025989965834433 0.071248073148383
-0.0475014592423952 -0.00166477695743904 0.0457190503969494 0.0426956459530032
-0.0556553871810159 0.008260275003837 0.0478218268419646 0.00710235466317473
-0.0599780617403134 0.00973762106042675 0.0385119030346773 -0.0157382687139689
-0.0693214961705309 0.00327096671902464 0.0320117460572738 -0.0377227231940852
-0.0742533221116514 -0.0213305701947599 0.0393619474336731 -0.0479135231254044
-0.0547863665199524 -0.0555805258983589 0.0620200458303196 -0.0378562420094117
-0.0214961296587298 -0.0810514557996539 0.0783296060773852 -0.0264497585026686
0.0235509647148234 -0.0885103187715661 0.0781927124256287 -0.0149204243962359
0.0636757184225842 -0.0732471499026148 0.0718222534687569 -0.0281505420136905
0.0892127618158222 -0.0437774887225805 0.00620338656246904 -0.00454537224670772
0.0644592235658871 -0.0542246879030681 -0.0369656302807353 -0.0260061365612915
0.0381850849060057 -0.0626927731440904 -0.0823920575050468 0.00425584794284499
-0.00102982990258907 -0.0675066744436777 -0.0716161528063686 0.0540113657383709
-0.0388409934209349 -0.0537049627896247 -0.0293280681701228 0.0715878805163749
-0.0569151235113888 -0.0261198319177864 0.00791775240088884 0.0650020958953224
-0.0611854166981197 -0.00571800505768129 0.0227982548627454 0.0402362401882883
-0.06805106589476 0.00482767611013409 0.0240249063025022 0.00982619172960266
-0.0714515609543879 0.00641960046365035 0.0141611441927643 -0.0112112484221711
-0.0812218451091634 0.000134447543492805 0.00748933057843794 -0.0360392147321292
-0.0876471947216239 -0.0267776191745717 0.0154525670434202 -0.0551133670390219
-0.0651424455307668 -0.0668858786527318 0.0492593072322589 -0.0507148857101378
-0.0230196829172473 -0.0982333330137281 0.0755127679298521 -0.0288851553718549
0.0342750942539793 -0.104813348978337 0.0704277790075475 -0.00237834533029435
0.0800995025982347 -0.0801147302867827 0.0446789680392162 -0.00557910006630211
0.0975182133651599 -0.0436529283972393 -0.03452518083215 0.0104105176645193
0.0760758204879324 -0.0636180690485431 -0.0594169283786008 -0.0128451784326923
0.0430069967953947 -0.0795036566753386 -0.0909997766805138 0.00748382179326203
-0.00738383538346058 -0.081446330014579 -0.0749676854187547 0.0430668119595652
-0.0467939475335951 -0.0604476081038806 -0.0439654638552055 0.0565141928834754
-0.0642742261610397 -0.0284669576389918 -0.014731588523668 0.0550050800034465
-0.0659483417266903 -0.00733207438836994 -0.00295077301230387 0.0371353226942598
-0.0706256096029322 0.000555995648665095 -0.00327508039370032 0.0112801803620395
-0.0727275332707591 -1.03517647556109E-05 -0.0134230258591503 -0.00828735889792788
-0.0802909179911062 -0.00729561511693659 -0.0171752619871662 -0.0360066213770109
-0.0842957876239119 -0.0336083442796131 -0.00655687093608148 -0.0595846832561137
-0.0583847402759575 -0.0716543636571866 0.0379476740025834 -0.0594032614585888
-0.0127605749605955 -0.100245915650154 0.0708484891601019 -0.0272770246097446
0.0455297519341478 -0.101768151470042 0.0599461868290197 0.0108144249542454
0.0856637591438417 -0.0709878555355352 0.0137063504363564 0.0157008617513181
0.0877285717917601 -0.0371325457816704 -0.0713842876561947 0.0296939785024302
0.0708683546518304 -0.0597418482357547 -0.0775196386852278 0.00490971499713897
0.0384320517330625 -0.0780241332979864 -0.0923921675712977 0.0126231203203828
-0.0107721674911336 -0.0765037881574576 -0.0758323387424669 0.0294037287254599
-0.0457357868766655 -0.0548122381414547 -0.0594024460440186 0.039378622796702
-0.0598502855362455 -0.0249015987745975 -0.0384283387416367 0.0457694356602516
-0.0596842704227473 -0.00651426931176641 -0.0300527367111575 0.0345358694978985
-0.0611439056403422 -0.00395657669347032 -0.0299994993140277 0.0113030251048818
-0.061989281969978 -0.00672213240077448 -0.0380391013550743 -0.00916588746340401
-0.0661550647112385 -0.0157862767923298 -0.035806732344391 -0.0397048534271211
-0.0641994604163457 -0.0392293864192279 -0.0201088769441006 -0.0661034896986621
-0.0369818005623071 -0.0689189335195087 0.0306568907742507 -0.0649623919735099
0.00694773204955474 -0.0862257220238293 0.0643158671093935 -0.0231362924124115
0.0551058439711019 -0.0795765869784533 0.0456604264314272 0.0216411910244093
0.0815749863552418 -0.0502691755701778 -0.0172056449442693 0.0311354547459352
0.0634908766732204 -0.0214062419826836 -0.0970850298588171 0.0464899191268107
0.0542943040965645 -0.0417773861918525 -0.0875301058377231 0.0215051693260966
0.0277479414140393 -0.0570458454092394 -0.0875978901935802 0.015495713930496
-0.00907322934096275 -0.054517806254721 -0.0743287560694785 0.0158449999574688
-0.0323746623589719 -0.038403892606152 -0.0719911377910729 0.0271169622066421
-0.0430555273923294 -0.0180101980868662 -0.0587425473621572 0.0378301747043361
-0.043117186125377 -0.00642529492332854 -0.052086346480195 0.0317362802494353
-0.0435167457154314 -0.0076979623743149 -0.0511347922463372 0.00957480071829139
-0.042803242018037 -0.0119527059075753 -0.0558527493736336 -0.0139479430445473
-0.042800141518187 -0.0204554178363505 -0.0461082532110655 -0.0483170107675273
-0.0369187304034494 -0.0382665956607794 -0.0223798603245317 -0.0742362139930607
-0.0120421682852503 -0.0566181047216971 0.0305481167475039 -0.0679809970835732
0.0242195938132718 -0.0601034283000379 0.0579299353314357 -0.018190129836031
0.0559342247537102 -0.0473688406791759 0.0298971302440973 0.024957321904424
0.0640692029588365 -0.022505703495518 -0.0450682245286409 0.0348002292291857
0.0297742194047256 -1.4143072917458E-06 -0.107853653046723 0.0573325625981793
0.0311224103162206 -0.0136652125432627 -0.0879895719238583 0.0318578132001524
0.0159088218275479 -0.0245973645846518 -0.0801393815487619 0.0174451316759426
-0.00108883133169024 -0.0225106605850303 -0.0729228151184337 0.00960284029394906
-0.00881240931901128 -0.0176081218657142 -0.0775305544478815 0.0217321254066089
-0.0172863733323608 -0.0107260335248882 -0.0689598490249557 0.0345158795680252
-0.019114843208724 -0.00659169081439153 -0.0644098772583354 0.0296672467504023
-0.0187425934214692 -0.0101513812787469 -0.0629954206724913 0.00588563606716826
-0.0186457968578182 -0.0122401272715486 -0.0653814746695175 -0.0212289937645021
-0.0171828282515637 -0.0178404464605718 -0.0484849075287038 -0.0572670782816903
-0.013057235469425 -0.0274471287452228 -0.0172332211581026 -0.080819342880307
0.00310160285142367 -0.0359922192366072 0.0338688170782316 -0.0683568653613735
0.0281517599886566 -0.0318002735180297 0.0512851630060922 -0.016619952740703
0.0429037981659817 -0.0155119952759439 0.0165467949309534 0.0218093547129672
0.0362516178336917 0.00230829613286672 -0.061789457098917 0.0295264751786054
-0.000345786811267239 -0.0195698559861225 0.0811172367954287 -0.022331004999328
-0.0156184503366301 -0.00631794668127695 0.00337631503913202 -0.0391034018178845
-0.0139357360486042 0.00612160580306864 -0.0526309607021277 -0.00163022418633977
-0.00472624897471456 0.00603074175542276 -0.0601649925561212 0.0593712349930853
-0.00591082440874318 0.00244004649502262 -0.0095961049220165 0.0873637566196383
-0.00575239411952086 0.00407092617269503 0.0372412788331081 0.0742964995319873
-0.00562948039392889 0.00643078588669774 0.0631539979044561 0.0465585073437846
-0.0100096453058643 0.00860945072885265 0.0714960848625853 0.0107596337841224
-0.0127233222762754 0.00770147266535905 0.0710274824309362 -0.0113934974410351
-0.0165234874762421 0.00442269763589579 0.0716156647344468 -0.0228576440538675
-0.0166441741097032 -0.00378245493092125 0.0781093140589625 -0.0131509493194439
-0.0110476729098385 -0.0117333452808439 0.0791469817193582 0.00282154722834739
-0.0102028501727945 -0.0152032274475442 0.0812805195264397 -0.000536295349251836
-0.00480349511415974 -0.0216813912140143 0.0936561012119271 -0.00811334925503494
0.0114436622001798 -0.0266610302172739 0.113798058635172 -0.036463801092917
0.0363998603299803 -0.0265265947794689 0.0690160650650408 -0.0134824223058785
0.0136035687657059 -0.0195614351081727 0.000263475192249336 -0.0337456639591075
0.00576328526223353 -0.0121698625728036 -0.0573693863710278 -0.00186219324647485
0.00185919550217755 -0.0158687491974118 -0.0649397500921166 0.0561901163985988
-0.0126335789948514 -0.0186197803542679 -0.0177763428495402 0.0849379170912025
-0.0219489191323005 -0.0103875313247812 0.0287897305548629 0.0763349989117694
-0.0272277313247517 -0.00131648050968688 0.055260846224419 0.048877973902982
-0.0356718625666847 0.00409512918583611 0.0631714455673918 0.0135634951183705
-0.039407795564012 0.00373708220987154 0.0606528304902762 -0.0103158140010208
-0.04545403188665 -0.00293768612912474 0.0588398362791285 -0.0267997831839783
-0.045231375552347 -0.0215101501474443 0.0668257436057855 -0.0262432324291279
-0.027588042111625 -0.0428446419169784 0.076344425053513 -0.00991351709401767
-0.00545952360437114 -0.0535408142716144 0.0813383081126009 -0.00665224957052391
0.0198458146848641 -0.0554448775275736 0.0860408752341795 -0.00696565488491132
0.0478021155374489 -0.0472860654942112 0.100188025889782 -0.0293055338555223
0.069505966664448 -0.0293264474049297 0.0433312228183039 -0.00561014812602743
0.0451810758237105 -0.0312499229805019 -0.0119582204349263 -0.0316735493104746
0.0285441905149268 -0.032748810387647 -0.0683838878609222 -0.00329748693222538
0.00809477680281959 -0.0411884775733679 -0.0710582822131939 0.0524697574714204
-0.0202292621725749 -0.0404146800347035 -0.026514454049516 0.079608679256973
-0.0377835131207313 -0.0240921142396955 0.017155755222247 0.0731026675024478
-0.0463646560724441 -0.00933332239602334 0.0397325076052023 0.0480816327385064
-0.0557304426830482 -0.000467788117871812 0.0455825307894426 0.0141114972278926
-0.0599780806362518 7.49668643740773E-05 0.0410588704898932 -0.00979179622470981
-0.0679650534809915 -0.00745546839372743 0.0382432616127807 -0.0303712396093664
-0.0688182547873047 -0.0328153787955573 0.0473766843662818 -0.0397105825538775
-0.0450487344010727 -0.0646171154481188 0.0689609614673419 -0.0258871442463703
-0.00786674336706474 -0.0841881261390638 0.0808731192130325 -0.0123018162127652
0.0377025117238812 -0.0832344420021197 0.0773862329824004 -0.00134055201052014
0.0749161309987535 -0.0621695518024332 0.0759766489730737 -0.0150920473093122
0.0926918988471737 -0.03057134044097 0.00700766026688004 0.00221243964325158
0.0716012567737762 -0.0432986041168308 -0.0322960678282049 -0.0278476662809906
0.0469728914307667 -0.0552571472517675 -0.0798808577424817 -0.00372850748799115
0.00960107088204804 -0.0662213141264436 -0.0758772083081207 0.0461136418428769
-0.0290132110813619 -0.0581248065851245 -0.0364573292383241 0.0680051232121652
-0.0513855277070011 -0.034050700623931 0.00119160629057677 0.0645672609160927
-0.0596750679657916 -0.0152583786887735 0.0188042011662156 0.0438561766652782
-0.0679975412450282 -0.00592926878401282 0.0217861784852685 0.0136155413926138
-0.070833954583886 -0.00504140708214156 0.0157750699355609 -0.0082989285780363
-0.0801815993649093 -0.0126332925075152 0.0135102677086395 -0.0330893923218707
-0.0814322901268129 -0.0404974520752745 0.024141513034554 -0.0497749310323445
-0.0530214052147094 -0.0772164902188926 0.0581466235971367 -0.0406494490209825
-0.00614011739235824 -0.101201099996961 0.0783181790349212 -0.0158021376788499
0.0508695368649276 -0.0973364226474064 0.0679757055811553 0.00930117047970886
0.0922746280136545 -0.0652988756025092 0.0446775708590686 0.00174417806229304
0.100991300009867 -0.030031982877428 -0.0359422984633989 0.0131804677665528
0.084388876536335 -0.0505666667453169 -0.056385550342156 -0.0186113379041575
0.0547449101680767 -0.0715193935349879 -0.0893680160926198 -0.000789587935311915
0.00608656340971545 -0.0806863710574778 -0.0777164376283563 0.0349760445093097
-0.0360464211195072 -0.0666924875207899 -0.0484859104769927 0.0514251357785648
-0.0581784335784593 -0.0373592895220914 -0.019766558048225 0.0514672348691803
-0.0639916701670317 -0.0166769336948142 -0.00695950475174743 0.0371174668006381
-0.0694957312252366 -0.0100521614355813 -0.00469004017400677 0.0107297341116524
-0.0707923547908675 -0.0111798064665438 -0.0113757881079094 -0.00960390946366504
-0.0776810479573794 -0.0190059593589974 -0.0108061065738424 -0.0365180652926105
-0.077093181087864 -0.0456296316015678 0.00291006532970056 -0.0578436162721363
-0.0462545953355942 -0.0809514263987836 0.0480744615989787 -0.0512298018936484
0.00411674751581559 -0.100865062398958 0.0738863734841844 -0.0144288853125665
0.0614348196830487 -0.0919942523271579 0.0552981388357654 0.0203594164461095
0.0969308591987915 -0.0559383153513472 0.00943687401494699 0.0179858380572348
0.0916374388286027 -0.0247569469984095 -0.0760105176681029 0.0262294090202485
0.0794738668008235 -0.0481554794362915 -0.0776274163549392 -0.00263389172372677
0.0498742970282936 -0.0701788367318052 -0.0910546394384877 0.00375794117091781
0.00157719231990871 -0.076155067236952 -0.0763823383020354 0.0207520917698301
-0.0356769930977457 -0.0603363058536615 -0.0617597219122774 0.0323964128668093
-0.054174957142854 -0.0327694407055638 -0.0417592607604418 0.0383223529561276
-0.0579025081031611 -0.0157439991278737 -0.0330654055967854 0.0304772788086255
-0.060520459400243 -0.0134027245016249 -0.0312228287749376 0.00663016931098417
-0.0598725596830432 -0.0159939900588596 -0.0358717052675501 -0.01382778129573
-0.0624953758318868 -0.0250898011190199 -0.0289306990169324 -0.0435336218274446
-0.0575851026335926 -0.048162273725597 -0.00960353302167227 -0.0664138072684582
-0.0262437357741838 -0.0745079448281506 0.0412358836437449 -0.0579822214818165
0.020946893563072 -0.0837313226974774 0.0677052286267271 -0.0111965942609397
0.0666785273701629 -0.0687330688394259 0.0396710840541812 0.0282588805372745
0.0882098956953584 -0.0350565730512116 -0.0239198321648425 0.0276925383756914
0.0658667279995426 -0.0129151798086361 -0.104443128443998 0.0374181115950775
0.0597792930141263 -0.0330856203324435 -0.0895547763888626 0.0113957016437157
0.0363385967930168 -0.0512679535292161 -0.0871593705532224 0.00562313912750359
-0.000191763604004272 -0.0548287845691419 -0.0741149139237683 0.00732833334178369
-0.0250283737557401 -0.0428860998124032 -0.0726545361423893 0.0174366407829084
-0.0383015171802385 -0.0234168353055838 -0.0608006077585745 0.0283911701904995
-0.0418014506852247 -0.0122448694126254 -0.0555259114538638 0.0247987752025355
-0.0419644135134464 -0.0140961732846501 -0.0520429987140906 0.00157796412268196
-0.0406945531821073 -0.0175488852711831 -0.0533329782948896 -0.021713828162554
-0.0393498770849494 -0.0264395119635341 -0.0387648996810517 -0.053620175058624
-0.0307193796181626 -0.0432430762173337 -0.011201184011922 -0.0759357388146074
-0.00374406551644738 -0.0581284897091861 0.0415801090447664 -0.0610403271705977
0.0340954416659345 -0.0558254482147511 0.0595307218382966 -0.00862287642762688
0.0622011816177195 -0.0371345136809401 0.0235644743205141 0.0286103214962366
0.0666946250483091 -0.0105067012006795 -0.0512004503822193 0.0273669422567858
0.0298245970498799 0.00399590814337795 -0.116840357866615 0.0438097927719827
0.0333641089105183 -0.00882243911433183 -0.0926329936531606 0.0196551770248014
0.0200956038499323 -0.0218145410248048 -0.0818333695859015 0.00695266002982431
0.00248150921913743 -0.0229626268739165 -0.0727457438724864 0.000445794640700294
-0.00609033541435954 -0.018853157241256 -0.0785694964196872 0.0114982720411935
-0.0143977933826252 -0.0124069844843369 -0.0728261474299043 0.0239792072733155
-0.0179018936027806 -0.00878596812695478 -0.0684710709386084 0.0212400339506676
-0.0169158032602195 -0.0130638009384425 -0.0642103611723398 -0.00332384886501386
-0.0165455289517126 -0.0145633377963596 -0.0612655190590686 -0.0303623562242713
-0.0144984412288544 -0.0199030887044847 -0.0394636263023412 -0.0636760183046761
-0.00920869960039055 -0.0289231552519099 -0.00477188295526417 -0.0811020290650637
0.0081618904222257 -0.0349095953933915 0.0450008643531858 -0.0614858653218827
0.0328288941990667 -0.026496062600359 0.0537266916217651 -0.00745101475108605
0.0443308403551952 -0.00828753178258972 0.0126818175668851 0.0230627475547676
0.0347952118094426 0.00957614292346613 -0.0668041785972327 0.0194741370520951
-0.000551918970129535 -0.0203713386931987 0.083204372694653 -0.0237785077325073
-0.0158589085820704 -0.00696700651967002 0.0036844409322709 -0.040507397476403
-0.0147634311745737 0.00600162608722546 -0.0545364919462114 -0.0018647921140244
-0.00485037716428048 0.00586929019451942 -0.061839407313467 0.0607662590461255
-0.00658543588848886 0.00301639830246791 -0.0102084556420846 0.0893655215673304
-0.00561236735593593 0.00377114472747894 0.0385534756620167 0.0756868709046718
-0.00589772963444401 0.00661770981457473 0.0654950297623287 0.0460239177050614
-0.0103619519309162 0.00884982568491146 0.0738634385886039 0.0102445667609665
-0.0126748506816521 0.00875475166261704 0.0734205546157589 -0.0126442447241974
-0.017267573135512 0.00468785308298905 0.0741254133277161 -0.0233808613665416
-0.0171979353698985 -0.00445312637761579 0.0806871118683283 -0.0139629062819836
-0.0117836304427531 -0.0119576153436304 0.0818213561754589 0.00341493695760633
-0.0100740995449164 -0.0155993806674419 0.0836430957715008 7.22063170790752E-05
-0.00454994059925706 -0.0228300960221711 0.0956504808938942 -0.00721094683836984
0.0118379709380964 -0.0278540321591278 0.117892640607834 -0.0368237363052828
0.036595047449478 -0.0270232626321034 0.0713126256396886 -0.0151778837482313
0.0139081531521499 -0.0199118370954201 0.000787739783369237 -0.0356517413769085
0.005757996549942 -0.0123748047721392 -0.0589804189627855 -0.0029127543669713
0.0022538423399061 -0.0160792596140888 -0.0672033838167124 0.0579228879017666
-0.0135733629421477 -0.0183496399692985 -0.0186752145163866 0.0873315930590612
-0.0226119287851003 -0.0106232109216273 0.0298391104559175 0.0776523029410714
-0.0276457771078038 -0.00138505544076642 0.0573621380537496 0.049531991357902
-0.0364541281837726 0.00443932343519373 0.0652979019068047 0.0126452401140419
-0.0404354380070464 0.00463170067565521 0.0622595999340796 -0.0114755047081171
-0.0471760293132622 -0.00256649622497249 0.0611942253413783 -0.0276837196526385
-0.0465128134702191 -0.0220894031542889 0.0683631654514638 -0.0267384056457786
-0.0281621764960199 -0.0438504273645409 0.0792054862644007 -0.0102960104955784
-0.00643076446438323 -0.0546173315375513 0.0836975127691581 -0.00609305864672041
0.0205949691370895 -0.0572972037494496 0.0885656553207378 -0.00651587835828868
0.0489664188592344 -0.0482541725823724 0.103265067061378 -0.0302059806965618
0.0707776865657513 -0.0308123133569739 0.0449535263862125 -0.00669517579731916
0.0463514191487249 -0.0319144681499174 -0.0119479045797075 -0.0342974696563244
0.0293828202959387 -0.0335998419057372 -0.0707969500953189 -0.00410896586983526
0.00804755162255846 -0.0422314988146088 -0.0736666115426993 0.0539482475695805
-0.0210329061138405 -0.0406539784344373 -0.027595528627756 0.0815384905241149
-0.039012257746484 -0.0244891314294693 0.0181033354566934 0.0744197392124556
-0.0479034009913492 -0.00963143164275498 0.0416701137772079 0.0484158008322168
-0.0578140810726424 -0.000422078191540733 0.0478110950852383 0.0141462904367883
-0.0613615493760714 0.000704065788035552 0.0425696678968733 -0.0101093905909805
-0.0701083649637226 -0.00675826988692374 0.0399341997350335 -0.0314084112104246
-0.0712658525893749 -0.0328330015968206 0.0483142500476886 -0.0398961188198735
-0.0466505463654719 -0.0660373391925699 0.071628697063992 -0.0269098060998558
-0.00810999283373402 -0.0864326903363706 0.0838897687514329 -0.0128522874090807
0.0390729100325435 -0.0860164147070811 0.0800161798689263 -0.00134907747124597
0.07780227880672 -0.0641521083613811 0.0787882287022101 -0.0164497008151411
0.0953468924869363 -0.031675815403868 0.00726896020429338 0.00169527448259788
0.0728127094196948 -0.0438597427831467 -0.032121649250189 -0.0309299464296899
0.0483731468104741 -0.0571768885743497 -0.083064722903093 -0.00430778366130644
0.00979247844325188 -0.0673834777393793 -0.0786773833151991 0.0469715075993678
-0.030642033516653 -0.0590507926164024 -0.0376669893216319 0.0691707691361193
-0.0521040811525315 -0.0344266636203281 0.000937734704228044 0.0651277061467998
-0.0610031787165514 -0.0151372312464537 0.0198275910607572 0.0442146323173542
-0.0696889180927652 -0.00539406754650881 0.0225728687913898 0.0133424212937463
-0.0726671581552623 -0.00462700350660929 0.016264690259658 -0.0087251531900297
-0.0819809194110555 -0.0122045247930626 0.0146342165839285 -0.03357423846381
-0.084111851621998 -0.0405182614393567 0.0249201281912068 -0.050315358411497
-0.0552882542345077 -0.0790899379090377 0.0604516121116092 -0.0412694229722643
-0.00646094095989045 -0.103269658120424 0.0810211480766753 -0.0160386221320169
0.052063641388727 -0.0995894745473219 0.0698976552513829 0.00910243436769212
0.0954101068727499 -0.0674377827991586 0.0463844612721809 0.00150094123105279
0.10358442895443 -0.030936327607694 -0.036935931413491 0.0128714514587439
0.0858379930048351 -0.0524016136370497 -0.0571390962054825 -0.0200465698674125
0.056759442157475 -0.073220220021376 -0.0917765506004004 -0.0023605106376413
0.00603873979054571 -0.0826360262248347 -0.0799070849094742 0.0351559375700284
-0.0377299700379402 -0.0674509785819324 -0.0498445859241834 0.0520447619869053
-0.0592444891778094 -0.0371796390561686 -0.0193715262124447 0.0524234748261814
-0.0662634555106976 -0.0167276540394101 -0.00725179514606583 0.0376908632354666
-0.0715564920494345 -0.00970085499733275 -0.00522316423403936 0.0111475068381813
-0.0729881818438503 -0.0104007814638323 -0.0119852173011527 -0.00941948838755035
-0.0796384484459095 -0.0181513084072039 -0.0105272103519901 -0.0372075610477054
-0.0793135691724569 -0.0457604640958053 0.00367640322361785 -0.0582788421443229
-0.0480599808522025 -0.0822119517618431 0.0498555800019038 -0.0521725036008204
0.0043746903684833 -0.102959507934447 0.0769059082931031 -0.0149799637231978
0.0626108139772708 -0.0944594655728833 0.0571000472225086 0.0210223316698434
0.100115210710545 -0.0575098125452096 0.00985466655454784 0.0181021013948129
0.0936245884327449 -0.02569439019137 -0.077963978528108 0.0264359630348995
0.0813238241982271 -0.0492812569000783 -0.0792860475033999 -0.00438049136555358
0.051243002576263 -0.0722221040529714 -0.0935282011522792 0.00303478175678724
0.00151399834079358 -0.0788384219651434 -0.078461916051965 0.0208500197692923
-0.0370359203628702 -0.0621994950140497 -0.0636581938731373 0.0328718714373339
-0.0552927830536388 -0.0330402812197173 -0.0425886297391499 0.0391157812928471
-0.0595829424554243 -0.015208236769251 -0.033488937050099 0.0314898372679857
-0.0622871176171495 -0.0132365672059141 -0.0322334968968684 0.00757345347121373
-0.0615948989586679 -0.0161112154724726 -0.0368234591426184 -0.0140145507197613
-0.0649478673550398 -0.0244931218095783 -0.0296758748333288 -0.0442156643068413
-0.0591082980997732 -0.0480222433026044 -0.00986939132767476 -0.0672923107073773
-0.0268376141684395 -0.0758190295157537 0.0433130752005626 -0.0589986725615269
0.021220605267658 -0.0854095656901783 0.0700735518391113 -0.0117243543591009
0.068150728464155 -0.0707958548940505 0.0411017377177443 0.0282521607659286
0.0909219834491966 -0.0364557244829966 -0.0242411274330724 0.0279055638556709
0.0668147598079021 -0.0130899505002268 -0.107632414486166 0.03810307777341
0.0617568078412439 -0.0337377075890594 -0.0923582224426669 0.0103756680570368
0.0371965334600898 -0.0524682442739092 -0.0895142579475406 0.00557836079918112
-0.000213567376010844 -0.0560359738657862 -0.0763155185981097 0.00689282120846919
-0.0260129998588047 -0.0434210027214689 -0.0741215071828127 0.0180685182132775
-0.0390029588192832 -0.0231207464045544 -0.062768672876481 0.0295051870116879
-0.0430794886086213 -0.0122529158897745 -0.0564752284978937 0.0262387062730674
-0.0431803418810203 -0.0145503400359375 -0.0531452778764597 0.00212391187269597
-0.0415742903527028 -0.0180660599484518 -0.0543101708250928 -0.0210694775948246
-0.0402750059057464 -0.0267227150210353 -0.0393036851431878 -0.054373538883043
-0.0314493489191206 -0.0436166303162386 -0.0116964814174542 -0.076488058290178
-0.0039225373630071 -0.0589237156784415 0.0427244358691004 -0.0625608697832541
0.0349634987281522 -0.0566461306644136 0.0624407474319177 -0.00861938937057882
0.0637953034146991 -0.0376124727554035 0.0247208535341172 0.0286073585829276
0.0691651510619254 -0.0109793416608966 -0.0526436105356392 0.027693850882178
0.0302029337288458 0.00343901124095569 -0.120376392683733 0.0448961638561134
0.0338579311194886 -0.00922733749310323 -0.0955233422885064 0.019776598624659
0.0205181193912777 -0.0218639021986667 -0.0839527920286722 0.00639268429782983
0.00250044448630193 -0.0231171747933366 -0.0751201221707652 -0.000471061092525851
-0.00681972482243842 -0.0197948784682952 -0.0804851636068538 0.0115003716800344
-0.0145410956149317 -0.0121762958873396 -0.074253798269041 0.0248510317899639
-0.0182125876417342 -0.00847822695293096 -0.0696636496662566 0.0231163693371955
-0.0181642698879929 -0.01347891432699 -0.065995799587552 -0.0023837093948105
-0.0170366074416432 -0.0154142814193378 -0.0626554362547918 -0.0303399596890957
-0.0148510903481623 -0.0199839849355516 -0.0406630897368042 -0.0649988639741017
-0.00857932225302858 -0.0293064816959135 -0.00507633788932133 -0.0826010010497218
0.00802169539178183 -0.0355074290392709 0.0462479628937594 -0.0628797155322866
0.0339676193434078 -0.027475990727395 0.0560314157897845 -0.00738036242504403
0.0454157878191827 -0.00807662028861556 0.0130954816263989 0.0238035742638077
0.0358398850199691 0.0102873715260818 -0.0687333239602279 0.0205974960023124
-0.00159711539208895 -0.0211296793610924 0.0840516891871795 -0.0295535003785066
-0.01639508934056 -0.00647357974793843 0.00160199399485028 -0.0434112561680215
-0.0152344472955213 0.00629809687513172 -0.0567838298599907 -0.00096956184519486
-0.00458635795579049 0.00654499458375483 -0.062151517042955 0.064573425494219
-0.00633462502153951 0.00347229400382644 -0.00816117207406431 0.0923765629866684
-0.00618995264570027 0.00447376235016145 0.0419788697440574 0.07499172287098
-0.00616958310682689 0.00692056379290322 0.0690562747372156 0.043957980789414
-0.0102669700493683 0.00943776072311609 0.0772878684155338 0.00713202682631382
-0.0131342020436074 0.0092763491775396 0.075776512400749 -0.0163503238974811
-0.0171215972726235 0.00604624175686159 0.0759506133821551 -0.0263426628600266
-0.0180678244076986 -0.0042107350767787 0.0827685967659814 -0.0169895183602146
-0.0120776186472362 -0.0125462271512834 0.0853032781813268 0.000972339994062854
-0.0111771233984359 -0.0155312461828468 0.0855920302509629 -0.00283203499282119
-0.00504495734879764 -0.0230250715589932 0.0986540923722291 -0.0106741493041108
0.0116619096231499 -0.0290779700374943 0.120848890114414 -0.0426185639667197
0.0364354620027499 -0.0295420681440761 0.0729969011366754 -0.0186504344336468
0.0137549060486165 -0.020667008270283 -0.000192432672522489 -0.0376496188962842
0.00566720428098544 -0.0126468300440903 -0.0616816077051997 -0.000704768769928704
0.00113062195767715 -0.0169886593335072 -0.0674368394484806 0.0615772059371184
-0.0148785069057893 -0.01827666456526 -0.0166520482256704 0.0902047958876249
-0.0244588875034392 -0.0099561986397207 0.0336034779808539 0.0779397794886518
-0.0292953996189722 -0.000538731914586183 0.0604318974412709 0.0478433725107546
-0.0375344240203468 0.00662349990990616 0.0684279356700139 0.0102479954314408
-0.0414935234240748 0.00664506565561854 0.0644828355822772 -0.0147065082931136
-0.0485348598990642 0.000526503206245271 0.06224733807337 -0.0309809341111139
-0.0495322866741059 -0.0210058453297145 0.0698442656220708 -0.0293923775246821
-0.0309866732158774 -0.0441309453730384 0.0818240517849546 -0.0134506657731969
-0.00828051037356177 -0.0563078234186031 0.0863617735342624 -0.00981811495284188
0.0196467655500184 -0.0588765012027323 0.0915899869997795 -0.00971463238892543
0.048565880673227 -0.0523958498027804 0.105487294084475 -0.0345487422841573
0.0707023337051955 -0.0334705549647107 0.0463548141149535 -0.00929163978920301
0.0462145315476858 -0.0344424099969994 -0.0127795582554792 -0.0361823652257341
0.028688566431692 -0.0357535794315673 -0.0730211831123364 -0.00229195289982451
0.00696918507565981 -0.0433918950086112 -0.0742409210470208 0.05769132811411
-0.0234380066116648 -0.040489344586345 -0.0259670917062453 0.0843573578893987
-0.0406143033004951 -0.023821998924792 0.0211086044140529 0.075238748528394
-0.0492251545450054 -0.00765096925357747 0.0447103360024221 0.0483319299356818
-0.0594532472411429 0.00244505191448237 0.0496102236540695 0.0128971073688566
-0.0634128017417682 0.00345037530851121 0.0435679762884598 -0.0124313350267843
-0.0727377761553496 -0.00361417918023397 0.0408778709736868 -0.0339553302984867
-0.074642250644237 -0.0310118352419769 0.0489636555240445 -0.0422796265244061
-0.0505921372291477 -0.0663825441839084 0.0733303398265858 -0.0299375477035833
-0.0113242479058006 -0.0885904949197393 0.0861933571732601 -0.0164003369360868
0.0373402455132152 -0.0892334044363632 0.082613803776621 -0.00399489223833614
0.0785265743112359 -0.0696955803575181 0.079444523465816 -0.0198090164947085
0.0962160322676544 -0.0355340239809784 0.00758507192704766 3.62959730948876E-05
0.0730352110295469 -0.0478941525770137 -0.0338179541094447 -0.0316815382067023
0.0478876400564627 -0.0602919761254115 -0.0856923737074963 -0.00225800648228085
0.00731064187932253 -0.0694248509934048 -0.0792827881929799 0.0503258271803926
-0.0335881023816909 -0.0593901417043635 -0.0367347895101302 0.072629164184283
-0.0546874722721474 -0.032782202588691 0.00423501669120616 0.0657138084677372
-0.06354514470584 -0.0121697847493103 0.021790113113843 0.0442944486600299
-0.0726164327768145 -0.00246612661572099 0.0245440107296236 0.0130319759024481
-0.0751219356894207 -0.00125048270308348 0.0167208425880278 -0.00980373479865621
-0.0855971336633166 -0.00782586668395135 0.0142931059314287 -0.0353405098264828
-0.0878129128484933 -0.0373461662783378 0.0242082321252968 -0.0514138218440125
-0.0602351749560889 -0.0786595417340668 0.0621966775202395 -0.0442833953621089
-0.0105088952898686 -0.10568235033685 0.0838504500922723 -0.0201265990569205
0.0498558370025026 -0.104428234883786 0.072264210665353 0.00720424410458545
0.09612176194325 -0.0735287296527527 0.0472144797955708 -0.0011612835912694
0.105037837821343 -0.0353542267908772 -0.0374370791572466 0.0138242292435523
0.0866636230787506 -0.0569624974581402 -0.0592737815024289 -0.0202538639949759
0.0559695941451825 -0.0772872031735836 -0.0947018298247205 0.000766691186932624
0.00239635097160429 -0.0849221822794736 -0.0819941818938681 0.038775959969397
-0.0418682008875764 -0.067482938127324 -0.0493647762928284 0.0552796033343383
-0.061833141411137 -0.035591759287935 -0.0183416865251543 0.0538676464014492
-0.067822139786184 -0.0138257516192335 -0.00519117634459418 0.0388457701584034
-0.0744112562509687 -0.00679095069244001 -0.00482926299193512 0.0121437066908288
-0.0753500503891633 -0.00746212933847039 -0.0123252857869189 -0.00885900856004894
-0.0834139719989088 -0.0146147722522559 -0.0117229734324002 -0.0375437601723997
-0.0832678870819048 -0.0430564277230746 0.00187217853821631 -0.0590028913878429
-0.0535549040380225 -0.0824578602011192 0.0501161634049227 -0.0552134238567595
0.000398352777408154 -0.106273228677967 0.0791939140005482 -0.0190448522012433
0.0608733228544774 -0.099170400983287 0.059473724158908 0.018640198743517
0.101097711303106 -0.0639288897824697 0.0107834438147958 0.0177525929374352
0.0948512140101689 -0.0293777637037565 -0.0790831454476067 0.0290072515723077
0.0814311197636173 -0.0540817450322809 -0.0807390416491725 -0.00297652425190251
0.0504814874707434 -0.0759068443511811 -0.0966252373351166 0.00544472531101483
-0.0020474177701949 -0.0806910312573168 -0.0802762110393134 0.0236006897286361
-0.0407468223374041 -0.0615484304270121 -0.0638307487161288 0.0354826838780741
-0.0574523193528192 -0.0313715269603485 -0.0425946710452117 0.0420175166383334
-0.0615159486576775 -0.0127867801524779 -0.0334398362201736 0.0338115239450924
-0.0646043427242709 -0.0107748205139807 -0.0321812307200414 0.00932295662831263
-0.0640196238796266 -0.013672785975142 -0.0379456306606061 -0.0122000392327982
-0.0675357368733086 -0.022048124131565 -0.0315115305936937 -0.0436389756467377
-0.062576945713055 -0.0463778811309297 -0.0125221469829583 -0.067939971055765
-0.0308963631009344 -0.0766129254793857 0.0425548688330197 -0.0622453376909509
0.0196000078000631 -0.0886609761048911 0.0725542734405632 -0.0156061875465043
0.0678303946042296 -0.0750976729972652 0.0429484818153677 0.0273374636863138
0.0925328793233664 -0.0417285195164183 -0.0238756897369349 0.0298253704506675
0.0680532387039213 -0.0168848941784031 -0.108488117084704 0.0430747446113222
0.0614016614777875 -0.0373673909109915 -0.0945199317240401 0.0138397795156155
0.0371581539308139 -0.0550804080746542 -0.0928825759671271 0.00849445380950679
-0.00271362967204402 -0.0576045238248147 -0.0780254910007705 0.00951674672301886
-0.0285657700899721 -0.0439146010111865 -0.075941682413282 0.0206418230137321
-0.0408526424312546 -0.0220957314071505 -0.0633891804718949 0.0325133684876928
-0.0443161424986676 -0.00997948511913893 -0.0567695415318318 0.0296509765931745
-0.0457006116747374 -0.0132450788893656 -0.0544308947901647 0.00584634722838991
-0.0433646188741011 -0.0169240581576117 -0.0562755079681391 -0.0192110732869003
-0.0428424622897471 -0.0252795762494216 -0.0425972620497871 -0.0543727908096523
-0.0342197091862473 -0.0427476141545013 -0.0140221803338316 -0.0772323151780312
-0.00658729931619754 -0.0602555278173952 0.0424059782468718 -0.0660194239318648
0.0342716346645446 -0.0597309809646551 0.0648749893746229 -0.0115351543200099
0.0640200614197024 -0.0406084323832872 0.0263541312766961 0.0287874214858673
0.0708386715133476 -0.0136674549415256 -0.0525574242922419 0.0311521852681066
0.0312790554117959 0.00311783478686898 -0.122298346343999 0.0508595290160716
0.0341338159031061 -0.0108514494115282 -0.097274516750923 0.0234409218633258
0.0207739003736267 -0.0222990355145613 -0.086378585559053 0.00944428104746776
0.00129171570138454 -0.0242237700833564 -0.0780619915920521 0.00161571158343575
-0.00786420462958834 -0.0198120652797468 -0.0822615066021457 0.0149201944191156
-0.0150050711966789 -0.0118554381616659 -0.0756679624436255 0.0288364951563987
-0.0191824759977929 -0.00769669450039523 -0.071095183140962 0.0270182116709962
-0.0191240318900703 -0.0129951022062059 -0.0683735246065577 0.0013371540183105
-0.0183938016738701 -0.0145418575568376 -0.065495345546476 -0.0279010326060646
-0.0161328388599813 -0.020417979548185 -0.04402584827608 -0.0646177784482293
-0.0100639637776862 -0.0292799385639829 -0.00825909087095256 -0.0844040306777959
0.00690129625999796 -0.0364477058549504 0.0456711823105342 -0.0668324987554951
0.0338831293650975 -0.0290425233305731 0.0583428346879421 -0.0100889269800559
0.046569114308048 -0.00955336851189112 0.0139435530056607 0.0235529919144927
0.0373970232778426 0.00920199612730291 -0.0689509740554502 0.0239163598344535
-0.00288677162943187 -0.0204850940924177 0.0819460489941674 -0.0352771530753455
-0.0175926397229436 -0.00543473508422528 -0.000807934054803064 -0.0440036426124772
-0.0147464187362083 0.0075216065657481 -0.0568520808867713 0.00226698385046304
-0.00399626365167855 0.00689623799248089 -0.0581138456631197 0.0685121343199476
-0.00642462456689337 0.00402207039788096 -0.00292277291274998 0.0927668396801694
-0.00587298608793561 0.0048089866943483 0.0456484747345225 0.0712627153289893
-0.00548208288955617 0.00684335703986631 0.0714146146378077 0.0387763647227921
-0.00995225589945127 0.0105344576623321 0.0785510446867291 0.00130663790590722
-0.0121597038984927 0.0104730015702005 0.07492779036409 -0.0215627768697781
-0.0170937710757884 0.00682574853603303 0.0747220261397528 -0.0314510813121352
-0.0180230512401786 -0.00326807064498655 0.0820068710071094 -0.0220252258435018
-0.013123770053194 -0.0118821964902789 0.0858919046716045 -0.00412994108345923
-0.0121593277218363 -0.0152092366803053 0.0855837429876839 -0.00744239871141518
-0.00640356808292101 -0.0223728256245264 0.0988913248324583 -0.015496677694579
0.00935122248015498 -0.0299284582311647 0.118198681475845 -0.0495461335919829
0.0342171349040166 -0.0310645780980487 0.0709777514303014 -0.0245989227681608
0.0120289553406616 -0.0216325478157893 -0.00273061743166111 -0.0386823916342953
0.00461802707316689 -0.0127900977732525 -0.0622577341887666 0.00215308270325132
0.000713109956347007 -0.0165543107170422 -0.0636453836413537 0.0654092403389489
-0.0156582688836481 -0.0170512545261992 -0.0116254870583368 0.0912312633426191
-0.0245691060916275 -0.00812203993054927 0.0377381433109168 0.075188309906026
-0.0291602197182879 0.00158144518012085 0.0632032185937753 0.0434196555584775
-0.0375721619198142 0.0090090004091215 0.0695925559837188 0.00467803353635342
-0.0410701785815391 0.00966065075276933 0.063669113577544 -0.0193040571537604
-0.048067307672725 0.00373569016623759 0.060682918811975 -0.0350397079506557
-0.0506077053745518 -0.0176240219952149 0.0679568183510295 -0.0336000448841566
-0.0338514608294409 -0.0419640938636755 0.0812550260037797 -0.0182355670493029
-0.0113707440545332 -0.055422086337955 0.085623357278075 -0.0150489957105186
0.0155397683852367 -0.0609079895762444 0.0906122325989528 -0.0145586321999878
0.0463249678492138 -0.0557044792821828 0.103418475458295 -0.0412640748225439
0.0686426619200456 -0.0379015430490197 0.0452994085713399 -0.0139636467762974
0.0435164638770483 -0.0372998059668014 -0.0150439215177131 -0.0370017405072884
0.0271322624227572 -0.0370958298359281 -0.0735523805981521 0.00175124914003964
0.00409625040039536 -0.0432310857156237 -0.0703286439474895 0.061812632622159
-0.0257029522749506 -0.0383457995384966 -0.0208107264911478 0.0853807940115806
-0.0419236743542522 -0.0202716645488989 0.0253424924353342 0.072478001429381
-0.0494208043964209 -0.00427881120034948 0.0473075554867214 0.0444834802545795
-0.0592678230988453 0.00681877636726485 0.0510279909695957 0.00861718228395849
-0.0631879956845241 0.00839790575644824 0.0434518971135428 -0.0159812136247262
-0.0726230962573527 0.00188587662089235 0.0388922963413892 -0.0367308219703895
-0.0769840338714295 -0.0252233565074421 0.0465433442673801 -0.0445725737548547
-0.0547481413005841 -0.0625470250676241 0.0720206854984009 -0.0340793544013771
-0.0163837817345951 -0.0878096352922057 0.0853696869095775 -0.0219075692307122
0.0314401537142878 -0.0913398265962024 0.082265860829231 -0.00842578972018242
0.0744217553934035 -0.0747947143930988 0.0784623574766099 -0.0255801633980739
0.0936886550466525 -0.0412519146813396 0.00729381591661823 -0.00117630431422961
0.0699637266597477 -0.0524863530999875 -0.0357049840893651 -0.0315017420846268
0.0447066215234768 -0.0627742205494796 -0.0864251636122951 0.00233794843752988
0.00234103805303047 -0.0693969621507235 -0.0766627978476445 0.0552542881165674
-0.0372375099903239 -0.0564099555332289 -0.0328359627907203 0.0742173654384298
-0.0565958217997589 -0.0286968427314397 0.00778067614961083 0.0656926023021252
-0.0638485608366796 -0.00781882429959626 0.0244585133774667 0.0423370098548807
-0.0726795461896621 0.00263673731051787 0.0257157834274454 0.0114066057957802
-0.0751304420301439 0.00434619080142141 0.0163349026311602 -0.0112042462110769
-0.0855650808235282 -0.00100903128359352 0.0125296695878706 -0.0364628098215496
-0.0901063686470516 -0.0312349509189662 0.0215979423012418 -0.0518628446203856
-0.06508680246745 -0.0740098812673693 0.0595869083014833 -0.048031615309292
-0.0167658326594513 -0.105687975824518 0.0822591745296434 -0.0256331130540396
0.0431087827444976 -0.107748119414375 0.0729509572949896 0.00256295130233943
0.0919250869579732 -0.080825720186554 0.0463557853005501 -0.0041792556900599
0.102181183733695 -0.041375910112472 -0.0360740322975718 0.0152225755737685
0.0825275936065003 -0.0617464491158309 -0.0602079737502156 -0.0182252826686871
0.0511121133090703 -0.0805597150194858 -0.0951747323234652 0.00670432422890769
-0.00335592648456589 -0.0848909284358899 -0.0794153222553257 0.0428684826362792
-0.0459206739361165 -0.0639443262149551 -0.0463419158857514 0.0577212254741271
-0.0634336798205255 -0.0313468911620937 -0.0152195051016224 0.0546366430786208
-0.0681762314401013 -0.00893990808792147 -0.00294370450954666 0.0389027942688206
-0.0748231769988102 -0.00191778356387883 -0.00388075100674958 0.0120465396212039
-0.0755892827269817 -0.00241615054460887 -0.0126392835157942 -0.00870147014001458
-0.0834761860615142 -0.00788397788845641 -0.0135598452033603 -0.0367686497395857
-0.0855959680406622 -0.0366544430888309 -0.00131165061869438 -0.0591513790563057
-0.0579606926241633 -0.0780399298064308 0.0471806661039209 -0.0580291211528019
-0.00561577819363202 -0.106374872412161 0.078075016637942 -0.0248574223239799
0.0546296291938328 -0.102493837818472 0.06052759059573 0.015042496676665
0.0971000908466406 -0.0702736161219357 0.0119270665775811 0.0168601788030745
0.0925527767686111 -0.0352067961315718 -0.0768604376070886 0.0331777217517656
0.077603076011403 -0.0587630317777838 -0.080758369223814 0.000851780352876876
0.0460126853324503 -0.0789407960853313 -0.0963191292676649 0.0115067162267675
-0.00696016863648629 -0.0797330200013032 -0.0793927450140197 0.0278690577711982
-0.04445511738569 -0.0585250351328408 -0.0618605878945558 0.0388875467670187
-0.058792849810237 -0.0274054867220245 -0.0402756873306795 0.0443793169646789
-0.061942600821014 -0.00809197405519753 -0.031517967994211 0.0356559726150178
-0.0655210650018016 -0.00603801470772316 -0.0315686487793399 0.0120002337033868
-0.0644941950426632 -0.0093083284176531 -0.0384142588906302 -0.00889514682043001
-0.0686059649223277 -0.017062317886398 -0.0342914575883125 -0.041457274197644
-0.0651143235708866 -0.0415883080775748 -0.0154695004155175 -0.0662262437393326
-0.0354955865344886 -0.0733178244508213 0.0394053454433125 -0.0646625096226896
0.0143394172871026 -0.0895076844492638 0.0722929633870113 -0.0205668196470595
0.0626634071657312 -0.0791991011305902 0.045118843798755 0.0244823463303135
0.0902651815264152 -0.0469793070765695 -0.0228923803506048 0.0308121242293166
0.0664949033475424 -0.0206170810115509 -0.106083983695724 0.0498219158976263
0.058806613996404 -0.0411533794038239 -0.0932678546458601 0.0179976440003478
0.0335181974973476 -0.0574642208728843 -0.0919468482686758 0.0138245213053336
-0.00634730875690852 -0.0565853450950082 -0.0779540540419033 0.013711014263987
-0.0319522052097476 -0.0413471008583755 -0.0747039480773133 0.0249218576241992
-0.0414302184427376 -0.0193898202413521 -0.0614034496735844 0.036378192301378
-0.0443958058990814 -0.0070155427115874 -0.0545444604243391 0.033601937324739
-0.0464377918673831 -0.00988638816193552 -0.0542769811707379 0.00975949991674344
-0.0442766663651421 -0.0137727780590302 -0.056981761256533 -0.0148692514268446
-0.0441094086937369 -0.0216723405378433 -0.0453850526681214 -0.0514607671562456
-0.0368394534527224 -0.0399450050599398 -0.0188969385321595 -0.0752722005021361
-0.0108056454229706 -0.0591489654238231 0.0391346541811289 -0.0682015646297544
0.0307171422692103 -0.0618851902355698 0.0646389055103533 -0.0162503408689837
0.0613413754480844 -0.0447370606519052 0.0280823792067108 0.0267749118102096
0.07000069442659 -0.0183098171247364 -0.0508347827347272 0.0342907847799636
0.0311493202460659 0.000616366362279839 -0.119568609815999 0.0590988820424928
0.0329439473573238 -0.0134716234986163 -0.0963296270688485 0.0291169672213969
0.0197723851732221 -0.0239769478278871 -0.0861418486029362 0.0139523617634149
-8.37930125921985E-05 -0.0241530890874747 -0.0775468497556453 0.00620972271000302
-0.00917223025994892 -0.0192872398060996 -0.0822387421890235 0.0191979156664249
-0.0153957318855117 -0.0103260987299912 -0.073703792875371 0.0339479506266189
-0.0192461652862252 -0.00638012545146025 -0.0683787702591046 0.0324393031192523
-0.0203745540681024 -0.0120254170896121 -0.0673745366012607 0.00645780749214253
-0.0186888426072463 -0.013977115222768 -0.0661929540348927 -0.022335570678268
-0.017525972254741 -0.0191787888456221 -0.0483401639022793 -0.0613722651753586
-0.0117190237162871 -0.0287291327188592 -0.0134244024507715 -0.0827380423031003
0.00432817210278987 -0.0367989115423794 0.0419464473472482 -0.0683863310798165
0.0327919683821703 -0.0314935746493265 0.058728927712947 -0.0140545406951731
0.0461646795301289 -0.0122512643750066 0.0154986473468484 0.0224439973369085
0.0379088569945009 0.00674980502563553 -0.067429015791486 0.028483109757592
-0.00452170866035492 -0.0193399308037863 0.0762255137906571 -0.0385668171278403
-0.0167335341434572 -0.0038888879554219 -0.00361584245660117 -0.0429739398262511
-0.0138246971460839 0.00781116182362909 -0.0548289646095904 0.00446202440131497
-0.00397449422610481 0.00645472183715262 -0.0527004514300264 0.068690769234044
-0.00608133166773941 0.00427276303514723 0.00165016259723632 0.0892050684160159
-0.00582700854370858 0.00507298183124729 0.047051968127159 0.0656868886304376
-0.00519568127229054 0.00665323344602685 0.0702352357498796 0.0331169179715684
-0.00968507668662451 0.0100336194489221 0.075179476178202 -0.00406867186741902
-0.0110283566367143 0.0108054530652599 0.070972557922941 -0.0250036538530828
-0.0154967490231379 0.00775294247614008 0.0699725218760668 -0.03452643877472
-0.0182546215030071 -0.00154261710575644 0.0778632484442358 -0.02577947397586
-0.0131096555995834 -0.0106490599711518 0.0822328306388265 -0.00856343851527117
-0.0123399447514373 -0.0141034607239464 0.0815224627817804 -0.0110795244380982
-0.00700969925549752 -0.0214136126889977 0.0942542003356605 -0.0189662682507951
0.00756512784276535 -0.0295014211985111 0.111486411024197 -0.0531594594650794
0.0311805040273571 -0.0318704357310367 0.0667922618565399 -0.0280764124506193
0.0103934489562723 -0.0208754120313091 -0.00542484662268173 -0.0385755586190656
0.00396540296335928 -0.0127101803771919 -0.0603500181811067 0.00449291818162528
-0.000280374706753475 -0.0155180566017798 -0.0579896442931999 0.0652962560391152
-0.0156727437911508 -0.0150031347906627 -0.00702470758416779 0.0878257898542277
-0.0237516153464341 -0.00589816396069516 0.0390107408190033 0.0693667980243595
-0.0279307506786077 0.00268499435343673 0.062826514098197 0.0373225404807808
-0.0353754899456096 0.0110718015800085 0.0668584748611547 -0.000272576541539778
-0.0385905568016841 0.011874998701191 0.0604014683047663 -0.0227528458299032
-0.0460826918355589 0.00669038228986419 0.0570870152567328 -0.0375520209375675
-0.0494856707445864 -0.0138850324389201 0.0643669111256473 -0.0350763876243624
-0.0347649908838827 -0.0389497295562234 0.077582873378043 -0.0212762364322806
-0.0138187220599819 -0.0530896232547838 0.0814200634521784 -0.0182949078503558
0.0132395601442916 -0.0588044492216411 0.0867010709875669 -0.0183032532742581
0.0414994477938418 -0.0565265100175531 0.0970381773510398 -0.0451160376979949
0.0635885107266142 -0.0394611758422187 0.0427706255408393 -0.0165082937907419
0.0397005597893846 -0.0373624535365338 -0.0163345110529414 -0.0356765334947012
0.0242373182706704 -0.037059821211294 -0.0712883464892937 0.00475385900319842
0.00186389041315222 -0.0418468128443832 -0.0652692323232579 0.0624586077150244
-0.0267185254227319 -0.0349459676257626 -0.016819414506539 0.0827319342466629
-0.0408951138386157 -0.0167844443621286 0.0271920491100281 0.0679871443169663
-0.0474617405525891 -0.00135327723062732 0.046979278350939 0.0392550907335494
-0.0566446574325813 0.0100510573251687 0.0496862189900678 0.00494727514580268
-0.0604262517619807 0.0115059667413342 0.0410289802952424 -0.0177225678938642
-0.069386359452031 0.00630410467857827 0.0360336879349308 -0.0380998065943
-0.0758389212140736 -0.0201060850705931 0.0431852957826979 -0.0447952704001619
-0.0557804421193026 -0.0573616506607716 0.0680130202769763 -0.0362503562314239
-0.0201425088296965 -0.0832570614710445 0.0806876544681879 -0.0259543933111527
0.0258629336522105 -0.0900251060475821 0.0785872152722781 -0.0119320481569991
0.0674444014667419 -0.0760053057463924 0.0735940538893431 -0.028956369998943
0.0878916616701607 -0.044531553635435 0.0069176051192483 -0.00212368124560774
0.0638959574459747 -0.0534509098507681 -0.0360484347611748 -0.0302753219316763
0.0398570637902153 -0.0623709158230571 -0.0835720356710848 0.00597804294916695
-0.000899936765814083 -0.0666580100434667 -0.07147501488645 0.056044109529642
-0.0386187432580455 -0.0514841537121646 -0.0281427533505933 0.0730769419749348
-0.0551146735091295 -0.0246722307728339 0.0101870366268307 0.0617047097422283
-0.0613120595952721 -0.00397021222235424 0.0257487630757573 0.0387504681096268
-0.0693449056794751 0.006776074463383 0.025203310680679 0.00864979702604064
-0.0722596754521 0.00855365101493286 0.015645783290499 -0.0118921390645253
-0.0817574650558233 0.0040862850115648 0.0104904738903433 -0.0357621888331386
-0.0884007901803779 -0.0244266709175536 0.0188620837237379 -0.0503995151858891
-0.0663093030652609 -0.0679174451347153 0.0548404013180378 -0.0490046513335885
-0.0216585614685674 -0.10055765208711 0.0781365656842998 -0.0300142321770138
0.0361564951382915 -0.105510277205459 0.0697696879863926 -0.00127127393251943
0.0839489681944752 -0.0824780989968664 0.0436975466377803 -0.00670466145250917
0.0954937987598467 -0.044276386248254 -0.0338480466867983 0.0149264310145347
0.0751921287638195 -0.0634610710080721 -0.0585338286630328 -0.0157191688826487
0.0453923024487116 -0.0794362095561383 -0.0910437178710063 0.010821904320335
-0.0071430742800284 -0.0807383051869659 -0.0745264979221246 0.0450076765124205
-0.0475728796095305 -0.0582613697350609 -0.0419635883851985 0.0573747192931868
-0.0615158039918016 -0.0266881315793662 -0.0118600939775572 0.0530731535860733
-0.0657528900049568 -0.0047315197897643 -0.00100247003802855 0.0375389144401024
-0.0719434624088449 0.00302308533350683 -0.00265530598489247 0.0122400400528475
-0.0730579772214337 0.00255411466632094 -0.0120580160369794 -0.00736316886364719
-0.0802642720375322 -0.00231028555779541 -0.0149076672364942 -0.0348454014257002
-0.0840065509537761 -0.0298717058988509 -0.00360087706448952 -0.0548476198972019
-0.0597935753587117 -0.0713987560587082 0.0429052225698796 -0.0581735724092965
-0.0109123373920097 -0.101900492504686 0.0739435604699206 -0.0283766660857693
0.0470640930598923 -0.100921639339825 0.0590233820477826 0.0112926684611772
0.089293819857118 -0.0733189127264186 0.0112261851341518 0.01600882395484
0.0862781569430396 -0.0387366819095568 -0.0719675676055531 0.0358029805227007
0.0711375259100812 -0.0599978405208935 -0.0776522083777837 0.00345115768572112
0.0404829450487443 -0.078062881382259 -0.0922225549102305 0.0151591352893725
-0.0109512402866844 -0.0756846224211132 -0.0752690748874622 0.0301887528118212
-0.0461604680780885 -0.05309443228257 -0.0581169268291943 0.0404533333878453
-0.0573289424747583 -0.0227369515061664 -0.0360816180571497 0.0441866838144529
-0.0594427490643709 -0.00420145308270163 -0.0279751692668479 0.0362000000761806
-0.0636079269188204 -0.00140682489336959 -0.0295622546926984 0.0135517125817478
-0.0626996328996017 -0.00512558005418908 -0.0370348662265585 -0.006688143425226
-0.065990907642353 -0.0112362033639347 -0.0345562632921788 -0.0381902787770533
-0.0645910571780467 -0.0357859988515356 -0.0178592898838894 -0.0623302594853314
-0.0384206435365942 -0.068209526887516 0.0355310973361135 -0.0648386732846288
0.0095916397688863 -0.0871483546033099 0.0685543006688278 -0.0240243574057747
0.0560592292513411 -0.0787261347204829 0.0438205985268507 0.0212095810451676
0.0839655908514687 -0.0503381897654094 -0.0202423428850384 0.0310686712449954
0.0628564616545979 -0.0229043615151273 -0.0997699120671609 0.0526770966257098
0.0538290309389373 -0.0424257662302107 -0.0887891674922273 0.0217451760576239
0.0295923478142035 -0.0567266500702293 -0.087505211242265 0.0180620370516835
-0.00926653411142657 -0.0537579837692553 -0.0746477984421251 0.0162819247984007
-0.0328959958755275 -0.0376974907565291 -0.0711910132395864 0.027410652558149
-0.0401870697109263 -0.0161221133153574 -0.0573222013332157 0.0383503527395805
-0.0424907419321668 -0.0042201771230142 -0.0505990544842213 0.0359103144872099
-0.0454356957078816 -0.00630196158285902 -0.0519059276205573 0.0127903643620065
-0.0429832361310372 -0.0109222244021977 -0.054988061943168 -0.0105783104760132
-0.0431615087686988 -0.0179993039146898 -0.0458518974593471 -0.0464702079687041
-0.0369656744170197 -0.0355322414918129 -0.0215256312801212 -0.0710907867718477
-0.0130672749540166 -0.0559558326770856 0.0338972814734922 -0.0674380721994467
0.02657476519919 -0.0610662125832649 0.0615937753145044 -0.0190226793669936
0.056568139613046 -0.0458981316665186 0.0277265824702975 0.0245535929467517
0.0656907472059519 -0.0210193338148524 -0.0468579122261915 0.0355306967767154
0.0300511869600196 -0.00106064496871673 -0.111960029196499 0.0621876932318835
0.0302044789955869 -0.0143499582915337 -0.0901306239884261 0.0330468727843698
0.0176525138424668 -0.023842717599591 -0.0819843339111541 0.0178396894699763
-0.00135684379492614 -0.0229861802524982 -0.0749723938529648 0.00985074602562153
-0.0100768762499745 -0.0175794172427973 -0.0780415700174581 0.0227889921412811
-0.0144760238172088 -0.00938281375588964 -0.0695727401119044 0.0365525615432201
-0.0181687187461435 -0.00469649506938281 -0.0643452840948816 0.0345651085099794
-0.0205511161127079 -0.0100203121280369 -0.0648597558618193 0.0104079151005511
-0.0181411615508038 -0.012555087328603 -0.0645987929116113 -0.0172610105393127
-0.0173872010117556 -0.0170245109927634 -0.0488324197501117 -0.0560369691368483
-0.0133763160104149 -0.026572327827957 -0.0168199668962247 -0.0782796892444569
0.00180805891384066 -0.0352359991255223 0.0369913870693112 -0.0679885309719969
0.0300206928405595 -0.0325712436526269 0.055564003647295 -0.0165341300972622
0.0433191463319643 -0.0137960566280626 0.0155968214497803 0.0213249836790662
0.037149976636733 0.00487901868813123 -0.0629172725228865 0.0311964846347873
-0.0012881240126427 -0.0182435298179793 0.0750261536829003 -0.0292509546449177
-0.0148234828954145 -0.00585967812543145 0.000754464366835318 -0.0419310034593552
-0.0138660036754056 0.0053264226469895 -0.0524870993807466 -0.00333033340974028
-0.00486596893943586 0.00551106563665823 -0.0566259854890791 0.0562714332713809
-0.00655244064509385 0.00323180760225855 -0.00907241746862578 0.0818824156646145
-0.0067936542132986 0.00381696841515795 0.0349061434170326 0.0657606662920717
-0.00600010828929982 0.00521598993925892 0.0618285229529565 0.0370969285496994
-0.010141189202816 0.00837859944659243 0.0714784147609527 0.00428162319020231
-0.0117002347538987 0.0088409801449345 0.0702096115146768 -0.0161649821740794
-0.015808602749358 0.00554415809051527 0.0714743428115693 -0.0247210471361558
-0.0172182110948581 -0.00411161173194997 0.0784099593492594 -0.0140979258754001
-0.0124299755964232 -0.0119856827539111 0.0805083825503797 0.00241322728134112
-0.0107334687176442 -0.0152195971467679 0.0793142835398846 0.000445798395484148
-0.00433697647114644 -0.0211185798441421 0.092910154706932 -0.00545468764824842
0.009997183231339 -0.027410106946051 0.11457198901312 -0.0373618214741362
0.0321721439391532 -0.0243183784173063 0.0666617182890785 -0.0186038745211237
0.0127920224431054 -0.0176080373942381 0.000227261965405601 -0.0374579713524221
0.00564862294872898 -0.0111853005011386 -0.0555065837044459 -0.00281584970943635
0.00148465089620977 -0.0149742722742216 -0.0605047492623565 0.0529242261343631
-0.0123005159896606 -0.0161933155430622 -0.0158479892885068 0.0792939374856868
-0.0220367340574487 -0.00931942705369497 0.0278776833510752 0.0668776190684012
-0.0265206259633605 -0.00108106213816342 0.0540636839231525 0.0409472172344219
-0.0349190077994613 0.00595210693467794 0.0628489314844465 0.00697363095559672
-0.0381153941405819 0.00646017597935305 0.0606159211827825 -0.014869600222213
-0.0444036414657456 0.000723076403153936 0.0595578296856963 -0.0283301826464663
-0.0457466705262574 -0.0188709728045655 0.0676681913009653 -0.0249390873253493
-0.0293293218633871 -0.0409716636674035 0.0779554864419044 -0.0100509442659501
-0.00777725316738724 -0.0524255691769831 0.0801788564118106 -0.00564257521618663
0.0189426826372564 -0.0543419930107472 0.0847774957102103 -0.00405571604291789
0.0457246980862736 -0.0496898957901151 0.0987501745116379 -0.0294177527551451
0.0628687798869593 -0.0281286549531808 0.0448985728475453 -0.00863295574625825
0.0411477620764622 -0.0287214502672099 -0.0095768656381312 -0.0359398999420515
0.0277524661686157 -0.0307032462738891 -0.064493644002807 -0.00346488946982446
0.0073409690591927 -0.038474094160157 -0.0654119601180991 0.0497717926733312
-0.0195931277233944 -0.0359014270154012 -0.0234515964587408 0.0736571014540901
-0.0359250839402474 -0.0212133027259913 0.0174073413051139 0.0637689846562745
-0.0442021419418231 -0.00745268347288873 0.040455487512941 0.0408279304390317
-0.0552596316996966 0.00289606237357717 0.046177754135774 0.00970000299505203
-0.0583518802196086 0.00385446608997544 0.0418470299960403 -0.0120578274266668
-0.0659914839641105 -0.00213799925826363 0.0406321952194184 -0.0310484860180725
-0.0691702211095211 -0.0275668351507785 0.0494289841662547 -0.0352023861984663
-0.0469681723546965 -0.0605943526243937 0.0710952941088571 -0.0249081667332389
-0.0108735774317709 -0.0817600780449857 0.0799165113187593 -0.0117487100958554
0.0338195533889334 -0.0819635674328653 0.0757145040274552 0.00155053469774631
0.0727108967325869 -0.0655268168490553 0.0730747449838765 -0.014606276507718
0.0848311095338174 -0.0293061935907508 0.0115365029360374 0.00186099269284529
0.0654273459057968 -0.0403037892048388 -0.026535708786257 -0.0323885033224227
0.0455788361307228 -0.0521682695545532 -0.0742280681804103 -0.00270610620570854
0.00841883463336747 -0.0610839071758268 -0.0693339510626803 0.0432899746399791
-0.028567933444047 -0.0530153455271699 -0.0317093673324966 0.0627547361042196
-0.0476530045770161 -0.0300130393218876 0.00250553958960577 0.0555531996872125
-0.0565573886473979 -0.0110341773638271 0.020353038723458 0.0385037013586309
-0.066812301704364 -0.00113031754409137 0.0225814346257994 0.0116406478100254
-0.0692675512012813 -0.000947834258696435 0.0167632395270519 -0.00879274872941669
-0.07688648006296 -0.00534949089900259 0.0161645484621556 -0.0320061486280661
-0.0806091620623925 -0.0327300665316647 0.0270587149617359 -0.0437235038857888
-0.0556292877011381 -0.071513493455343 0.0607412248306708 -0.0383601301962129
-0.0104760301356794 -0.0983234497442622 0.077808562119802 -0.0157668132958363
0.0456432828341548 -0.09573643868219 0.0657615176075993 0.011809677658875
0.0890587546470777 -0.0699158416133356 0.0414286418981279 0.00386430440401119
0.0929985583366408 -0.0289184567054298 -0.0277762626544108 0.014746471914117
0.0770865151446172 -0.0473690413261693 -0.047709189038023 -0.0216632962326541
0.0524085078562797 -0.0670433824306422 -0.0803568119011771 -2.59695264158012E-05
0.00487789069753864 -0.0755283362476874 -0.0706442657724129 0.0317800557931219
-0.0356029769860862 -0.0611818288453964 -0.0427537879517364 0.0463895572468567
-0.0541442526863004 -0.0326827064768658 -0.0163439644149251 0.0449559575917305
-0.0612414766311114 -0.0124758480654456 -0.00413763899335548 0.0338911581150795
-0.0688153561281511 -0.00457394455401081 -0.00398181635952925 0.0113909977973829
-0.069224405888055 -0.00615706138861423 -0.00935394148877969 -0.00735267642200198
-0.0744881353375951 -0.0115015534638399 -0.00770762553568194 -0.0336605882776958
-0.075794718379987 -0.0374691846356913 0.0065254689957907 -0.0500436870139677
-0.0490158218096961 -0.0736938155950887 0.0498019472236917 -0.0496426742415147
0.000115275713163578 -0.0979947279975944 0.0736062889346464 -0.0157845745577916
0.0558928404381773 -0.0911435537687037 0.0530021528943006 0.0225101728104263
0.0935751279301182 -0.060006705814111 0.0067462849148305 0.0209617231945049
0.0841679848958916 -0.0239209120945698 -0.0658391146703158 0.028798366900003
0.072579314284469 -0.0455175043677696 -0.0681830109203319 -0.00508732946074479
0.0483687904656289 -0.066867596716747 -0.0815158004243914 0.0043362111052665
0.000842474326709319 -0.0715242712554271 -0.0695757435844213 0.0180631536335061
-0.035242730522505 -0.0560841400417959 -0.0554026024842538 0.0291304507054452
-0.0494069514333207 -0.0289423632867695 -0.037800602854432 0.0347527630583726
-0.0544343047950479 -0.01084239279032 -0.0292821214076721 0.0302282186312447
-0.060390074828634 -0.00844697319838285 -0.0296022044704965 0.00999394078167307
-0.0584389145241407 -0.0114777305652424 -0.033256055987471 -0.00949288273914988
-0.0603795580447233 -0.0177906119420401 -0.0266958374102169 -0.0391441418227965
-0.0563305689789844 -0.0405113267620931 -0.00693668248027774 -0.0581157523278026
-0.0287628009185277 -0.0684463011163694 0.0421704477541186 -0.0553170576062784
0.0178747969726887 -0.0819158855682768 0.0672896945857718 -0.0125275232512268
0.0618912737078615 -0.0684108260702403 0.0371321092796741 0.0291610065791789
0.0858840409550398 -0.0383064892918662 -0.0252686953584891 0.0312569342327136
0.0598892355604816 -0.0133053695299906 -0.094405032816786 0.0409506770570001
0.0550311236029231 -0.0313501429170649 -0.0813929852828761 0.0103154723142228
0.0347942628301921 -0.0481093227775139 -0.0787298238645172 0.00650104522702407
-0.000990443087599246 -0.0510921459841659 -0.0684517621317334 0.00524800113731807
-0.0250266006290126 -0.0398066710413653 -0.0666845732114688 0.0156192591188276
-0.034018175771807 -0.0208500145797043 -0.0570484757491735 0.0274928229800375
-0.0390201964119944 -0.00895639500507269 -0.0502583563327979 0.0276888372050371
-0.0423910798029819 -0.0109518027383992 -0.0499811596174622 0.00728144692876148
-0.0390764303708098 -0.0151127029102532 -0.0503751742554844 -0.0151042261136157
-0.0380750117624676 -0.0213120802521765 -0.0365380409798669 -0.0478336118540666
-0.0303893037019579 -0.0371004036027643 -0.010246802314028 -0.0674075269529736
-0.0066402559448551 -0.0531491740836529 0.0413914643362533 -0.0583947924188004
0.0315036122038317 -0.0557233384282866 0.0598969896832598 -0.00955918798728598
0.0587059707715525 -0.0370333836912821 0.0214972784461103 0.0284633295595318
0.0660519367366128 -0.0124872806073785 -0.0511359198462725 0.0316930737618358
0.0272022038622153 0.00267594458645036 -0.109062565490566 0.0470504822285235
0.030261339740171 -0.00934711252774889 -0.0860261766745603 0.0209910585714651
0.0199303137316077 -0.0198042547972194 -0.0758350057124957 0.00675591399568753
0.00197923917102618 -0.0212975433439476 -0.069002346404187 -0.000603878992409448
-0.00640238912628088 -0.0179849699494463 -0.0738920240719425 0.0111376840370023
-0.011267056024899 -0.010685536732465 -0.0681125738838762 0.0259553624250733
-0.016360563328665 -0.00624748755469208 -0.0633072867120619 0.0259420173475577
-0.0186173683691291 -0.0113214128901148 -0.0623909723999544 0.00316029160333789
-0.0163028381439567 -0.0141469182334991 -0.0583636747866988 -0.0230060577581577
-0.0139459641502777 -0.0172876145132348 -0.0391342846055245 -0.0574607246350388
-0.00932395213646832 -0.0254732961956704 -0.00535859017837438 -0.0744936226364023
0.00537696250899284 -0.0320825966556634 0.0437013222650061 -0.0592462033342623
0.0313485896986435 -0.0276921355107959 0.0546066393238529 -0.00829761894838172
0.042647927668158 -0.00814499896774095 0.0105086652162889 0.0232929568173944
0.0355958112150097 0.00902232770272855 -0.0655661565549165 0.0239369223542861
-0.000905639726063368 -0.0178338298103878 0.0726826449419837 -0.0269215190996366
-0.0140161218146856 -0.00547802226885193 0.0016795362388574 -0.0406949096415604
-0.0129817319017212 0.00482583466913315 -0.0508470831261472 -0.00537399320870124
-0.00415104566808336 0.00496465837903067 -0.0563744528764941 0.0525745555541304
-0.00611634903400792 0.00302939498519853 -0.0112623811086578 0.0784843667303689
-0.00642600718783963 0.00345524769177716 0.0313494611791774 0.0635060960534152
-0.00614466758015906 0.00459774910968128 0.0583135795089136 0.036300549232155
-0.00994085262060272 0.00816635333961231 0.0689040440914598 0.00470875291136238
-0.0116240141110153 0.00825889648502996 0.0687595580494016 -0.0149132636733543
-0.0156953700033504 0.00465668479290517 0.0694004516363331 -0.0220227348591278
-0.016694881641541 -0.00438169983381994 0.0761095320398516 -0.0113864668683411
-0.0115281159895889 -0.0118556274173081 0.0777068973701113 0.00445705205904432
-0.0099809444711322 -0.0151606587817564 0.076470998430708 0.00312600840308566
-0.0032006324166493 -0.0210281651153497 0.0898145980535369 -0.00259502212747742
0.0102059304563412 -0.0267724763208643 0.111372712116721 -0.0332536025870633
0.0316978752883521 -0.0229335516248371 0.0639092442386224 -0.0170541450725423
0.0119815109063126 -0.0161279376608012 0.000751550118554235 -0.0372102971484499
0.00584332998028655 -0.0102302385573671 -0.0540769975230416 -0.00446024392700901
0.00201379795007292 -0.0139856003476139 -0.0598880332854777 0.0493246573762448
-0.0117216094620225 -0.015409123187137 -0.0177556397796311 0.0755753671680596
-0.0209228042131066 -0.00908202561618724 0.0243544795685066 0.0651908266958237
-0.0257116324140803 -0.001960852556721 0.0509716636773432 0.0401008494480944
-0.0335179020796655 0.00527484264973658 0.0605861921550314 0.00743421779496638
-0.0366789995482127 0.00544570140587593 0.0587452501600857 -0.0135582562052446
-0.0422710257573606 -0.000130018494212316 0.0586424539559673 -0.0261303416197888
-0.0436714628916579 -0.0189687747116829 0.0660063102346849 -0.0223387608982798
-0.0272875359829303 -0.0401845617408817 0.0760527409888283 -0.00738536536787281
-0.0061410355073592 -0.0506261843662202 0.0771627904927184 -0.00288743605026354
0.0197083265296205 -0.0524480451545939 0.082032898869078 -0.000959504594625515
0.0446128609216821 -0.0469099036172553 0.0958995476741617 -0.0257838509616743
0.0610467704265571 -0.0252307219858271 0.0426671697455442 -0.00884793772174287
0.0402338950434917 -0.0267439424091439 -0.0082183996880213 -0.036370229652486
0.0273495742637075 -0.0285967951177634 -0.0623486807095704 -0.00518635544767069
0.0080366673904653 -0.0362708742333267 -0.064576706578386 0.0457667979009703
-0.0182479786364926 -0.0347445012279833 -0.024427477116902 0.0699000031853984
-0.0343184387854296 -0.0209186330817563 0.0144539760908941 0.0615779284488095
-0.0428658453809598 -0.00766428008127733 0.0379491397763326 0.0398249557469305
-0.0527555690745072 0.00215562740211314 0.043855484822437 0.00931388966953052
-0.0565226206154418 0.00311577522490289 0.0405672138962319 -0.0109531984775796
-0.0637430022760769 -0.00237437064185533 0.0397231846555169 -0.0295805625762378
-0.0663563294336502 -0.0270984709242262 0.0491993984307948 -0.0325593255938904
-0.0440211255822234 -0.0593139927632026 0.0702437452316743 -0.0223043572130525
-0.0083731694087128 -0.0795145180296806 0.0768453340762728 -0.0099906281026804
0.0356888749808791 -0.0788283892132052 0.0728297003723181 0.00360977361429261
0.0711577681575216 -0.0617152755973449 0.070761325484336 -0.0132767020199736
0.0823147604399407 -0.0266703176500657 0.0102481148336591 0.00144035647790091
0.0636068980432519 -0.0370137211337963 -0.0244939166409024 -0.0328537474460989
0.0448229654479219 -0.0491529470877017 -0.0709657672389426 -0.00522851442751556
0.00936813455888659 -0.0588664051573982 -0.068057181999658 0.039139315616751
-0.0260122478542008 -0.0517529104561603 -0.033160177662932 0.058929704534737
-0.0456667303912556 -0.0294560696604485 0.000830257161933595 0.0532362859596904
-0.054026407769145 -0.0121504493967241 0.017989608639891 0.0364924491925113
-0.0644486818268356 -0.00176982128771925 0.0215953422557349 0.0108574367539952
-0.0665830584577804 -0.00147672843124682 0.0167185122732098 -0.00856376784625144
-0.0739975688270239 -0.00602842102629192 0.0165589623915319 -0.0305693843190125
-0.0769978136595888 -0.0325397774981228 0.0278535917489688 -0.0409810619065391
-0.0520612757723199 -0.0694965285699238 0.0599454730539448 -0.0358175127178574
-0.00730484507402729 -0.0952742036848088 0.0750000001078649 -0.0138429105553142
0.046291572921439 -0.0918367078965594 0.0623957207567765 0.0139662510641536
0.0873614371195567 -0.0656835754560202 0.0392626470042935 0.00489719067609637
0.0899378753369099 -0.0254910894515281 -0.0273366471838892 0.0129034133566346
0.0752877929772913 -0.0439438661686799 -0.0457074975320801 -0.0226492733689618
0.0523419232957442 -0.0636797625551016 -0.0773798511512789 -0.00245623642419411
0.00629263874608259 -0.072064926333358 -0.0692523975863706 0.0281818750997351
-0.0329903971616716 -0.0587992753851621 -0.0430711415845801 0.0436607037975874
-0.0507828149350681 -0.0326593296785562 -0.0168156423167305 0.0427974716877234
-0.0583174540045667 -0.0128058446798848 -0.00498314197926786 0.0328891089028297
-0.0664191122787815 -0.0059306704912022 -0.00382448107712288 0.0110799230699028
-0.0662795037780379 -0.00697490539665116 -0.00867283567181693 -0.00739756837237019
-0.0715080211852488 -0.0116398191784288 -0.00626820855231916 -0.0328151820394042
-0.0720660007316167 -0.0368533138670351 0.0083593957918581 -0.0478230665917367
-0.0454244641058803 -0.0717050305054579 0.0494716135109629 -0.0457609000316718
0.00219840105796763 -0.0949003968162366 0.0710968928762938 -0.0130898311898221
0.0558801989204211 -0.0862581453030515 0.0500805120557612 0.0232997208712401
0.0911960803531295 -0.0552263966422733 0.00594171174683267 0.0205405760366721
0.0817958431862103 -0.020829397948282 -0.0636968889095642 0.0255782170531722
0.0709422960680788 -0.041646303043677 -0.0654804331873736 -0.00740806853068892
0.0482162222236191 -0.063184185337504 -0.0780895775330922 0.00178915670843193
0.00208973750963905 -0.0687125667139859 -0.0678908963291123 0.0151407539562098
-0.0324992305066807 -0.0538663323693789 -0.0545521384922987 0.0258787975876405
-0.0467811093999027 -0.0288349542151099 -0.037897793744908 0.0318371167175884
-0.0521820033789203 -0.0117226196037161 -0.0286706259647063 0.0288098836622603
-0.0576997349277514 -0.00893740224624004 -0.0287508557447139 0.00980609102556966
-0.0560373963756216 -0.0125605079966263 -0.031581133960361 -0.00933120689378001
-0.0571925688983701 -0.0179909594040657 -0.0240029621515103 -0.0378841615217123
-0.0533582890670041 -0.0393558502882194 -0.00474667472746497 -0.0558911526231354
-0.0265757879358196 -0.0659523513452839 0.0427801419143614 -0.052490984336428
0.0192583372115115 -0.0786221167624211 0.0645480343025116 -0.0108667203030878
0.0609486373247476 -0.0646197813895674 0.0347636028105835 0.0290503674371912
0.0836064505788908 -0.0352629046250566 -0.0260116846735618 0.0298526357944291
0.0580406330954751 -0.0110536284488569 -0.091918152998293 0.0368775405121868
0.053116547840443 -0.0288505983812844 -0.0785714587259164 0.00747213516872463
0.0352836571286557 -0.0457721673786663 -0.0759202671296926 0.0039623687645126
0.000409997990538772 -0.0487539779888168 -0.0666653818954405 0.00323746759271291
-0.0232259924349127 -0.0384148375895941 -0.0654604088468853 0.0130597629154366
-0.0322681254137486 -0.0209239814827219 -0.0560870539438327 0.0250087490440091
-0.0372513611368673 -0.00861746130823624 -0.0486860311587973 0.0255507904977387
-0.0409195801376642 -0.011193335031889 -0.0485997538734212 0.00697555160085691
-0.0379022087434969 -0.0152208849405302 -0.0475190966101111 -0.0152580381209458
-0.0357455553050611 -0.0206914406551982 -0.0339517007171869 -0.0468514085132137
-0.0283487675342203 -0.0358461601134356 -0.00735295171695687 -0.0646338761577383
-0.00500620993807953 -0.051361605842773 0.0415942596768917 -0.0549800606120284
0.0313154657571828 -0.0527739879219775 0.0579948333371523 -0.00788583826849728
0.0569675258012339 -0.0340844651615382 0.0196666787255676 0.0285004150724728
0.0639234615005728 -0.0103387177746936 -0.05017660473224 0.0291217782630317
0.0257104813211574 0.00376564285795454 -0.105858526816415 0.0423773461159734
0.0286510183019194 -0.00769891387795755 -0.0834233831712773 0.0177823652106138
0.0199089522699171 -0.0188465710308128 -0.0728535428930376 0.00480446506149599
0.00250130416298806 -0.0202447347522 -0.0674267150554911 -0.00298030813728554
-0.00632282109989456 -0.0171595120349306 -0.0721612078237608 0.00892766756859711
-0.0106058198553768 -0.0106293217949813 -0.0663854109229453 0.0229888772726291
-0.0150440331237757 -0.00630809145035925 -0.0611915187862155 0.0243006337326171
-0.0177911614777196 -0.0113491459192503 -0.0595988626394107 0.00295917123608697
-0.0149666022189154 -0.0137811097605793 -0.0553165897956336 -0.0226254108497867
-0.0130824817958232 -0.0171689192768218 -0.0361031961060951 -0.0553959377203315
-0.00815629012157354 -0.0241507922650383 -0.00331754338013905 -0.0712307333686023
0.00614170603442379 -0.0303637553290228 0.0436304918000463 -0.0557680782453338
0.031107079338884 -0.0263792322420064 0.0529296837983392 -0.00683043379823832
0.0405243298873737 -0.00713001829493447 0.00925470062289066 0.0227293681677121
0.0340800678803932 0.00957289799560962 -0.0634490544104563 0.0211807719375399
-0.000595352653458912 -0.0176452253088017 0.0727221229809298 -0.0245840304911005
-0.0132030440770886 -0.00642559634110752 0.00223827854025142 -0.0420962947506992
-0.0136232878794834 0.00474832441582062 -0.0509210998584499 -0.00771368185601951
-0.00452147998761582 0.00494833211565992 -0.0582031035349841 0.0505129054781008
-0.00643403283512345 0.0030196701550394 -0.0141625731812571 0.0778009148602193
-0.00690934324014883 0.00365870346685415 0.0279325050642553 0.0644950097099391
-0.00667207849049297 0.00450146852206427 0.0566044473469651 0.0381910197761971
-0.0106787971584336 0.00775834582597452 0.068476129248457 0.00542635745786755
-0.0117429273338952 0.00783764614443615 0.0690936110774626 -0.0125134342396493
-0.015391017054206 0.00420874419660285 0.0702481000796362 -0.0203989681603218
-0.0169560590792604 -0.00471701712637416 0.0767558893465906 -0.00873236401367765
-0.011115351107004 -0.0125206397767406 0.0786767645723238 0.00747393772071383
-0.00936948813892258 -0.0158979012163532 0.0762759930051219 0.00676263631314107
-0.00213586092490027 -0.0212308146155398 0.0902610125033718 0.00157813611886482
0.0108155027497757 -0.0261950240685769 0.112830793994036 -0.0290257767722387
0.0318799028310676 -0.0214963547281768 0.0642685676081486 -0.0155789377549477
0.0129990157602787 -0.0159702275082173 0.00188627150168608 -0.0384243035131216
0.00608401577908988 -0.00996758253920674 -0.0539349919743045 -0.00745679103795275
0.00246905756024978 -0.0138283794705308 -0.0620784303723418 0.047326616675021
-0.0111196289003701 -0.0162610828308843 -0.0210209560558615 0.0747302188990242
-0.0205941515825956 -0.00940187538741884 0.0216648896453773 0.0651845992664486
-0.0259460371625978 -0.00294548805452595 0.0494502309429877 0.0413670570411343
-0.0342535427946026 0.00490655316993631 0.0605570261386198 0.00822359816640749
-0.0366217169174959 0.00459702665704596 0.0598112588133564 -0.0123427725179169
-0.0422574530939794 -0.00108176818952013 0.0598230119072218 -0.0249708065295186
-0.043140723784007 -0.0203446266134256 0.0673679711128371 -0.020093213799209
-0.025616091396834 -0.0411424381889793 0.0764653542747251 -0.00440995904756203
-0.00447122486475348 -0.0515838141939166 0.0768072813821087 -0.000132398027196646
0.0218384945422907 -0.0521090494474848 0.0824120254165302 0.00253208166258575
0.046249619776281 -0.0452758961036059 0.0970051174979604 -0.0228157705749665
0.0618694928285861 -0.0235174972265554 0.042958572631919 -0.00767393654165017
0.04124421754174 -0.0246189085143657 -0.00660169818441853 -0.0382683280397219
0.028768714559913 -0.0275561051601111 -0.0618106302567333 -0.00862802987761847
0.00937490443831631 -0.0362976159259422 -0.0666794715120788 0.0432670137620011
-0.0169513531258015 -0.0349188707156407 -0.0277752950202523 0.0687363869441378
-0.0332699127180402 -0.0219948958216252 0.011916656088562 0.0613394425340943
-0.0427475669271999 -0.00927916050367355 0.0358098877726271 0.0405073418338944
-0.053479123738478 0.00105168091858977 0.0444189533068405 0.0101500839901607
-0.0562713557278868 0.00120474224815279 0.041246430717096 -0.0103770909785604
-0.0629984062572219 -0.00449902481688795 0.0409207817991488 -0.0282401205631209
-0.065450959350893 -0.0289540501987635 0.0511863867054195 -0.0309660203178089
-0.0417347704330734 -0.0609427270125691 0.0713663122203893 -0.0194457289777535
-0.00542632048234533 -0.0800645220623036 0.0767265939320119 -0.00649463529421406
0.0382006185981202 -0.077855101817594 0.0727424541667999 0.00715809087242291
0.0731612319020691 -0.0597054020848453 0.0706598004666079 -0.0102638190003654
0.083588405221136 -0.0233182780520023 0.0107794838414842 0.000861121805796624
0.0649620216591846 -0.0344533340680679 -0.023342719041753 -0.0350109036510389
0.0472436665915054 -0.0476839077054648 -0.0705786261099042 -0.00870643910247684
0.0117324419207601 -0.058374701549858 -0.0697063348887768 0.0361468247788279
-0.024733225187791 -0.0521338131442157 -0.0354951247450664 0.0575052188175977
-0.0441324832178515 -0.0308776627207299 -0.00160997601040061 0.0528389603453889
-0.0539682818359132 -0.0137865661695129 0.0165238713558768 0.0370765318211947
-0.0647609455653628 -0.00335845696486331 0.0209101935837667 0.011055143214367
-0.0666869110272239 -0.00331836219132824 0.0173726898221541 -0.00793161723297066
-0.0731929947434252 -0.00753437014777769 0.0178128471726879 -0.0307519464564447
-0.0762247411803515 -0.0342427697802774 0.0303893894290849 -0.0399639860301137
-0.0500961180151654 -0.0709669177425231 0.0620268592532524 -0.0333849064719242
-0.00446553518016839 -0.0954535891073054 0.0751241799199619 -0.0105606332833332
0.0497976027848793 -0.0900992333577595 0.0623075323073922 0.0164532102153
0.0887910857826409 -0.0625975228355536 0.0387147935177952 0.0060492786100821
0.0906060634479906 -0.0218130336766706 -0.0273948977708379 0.0107842942637355
0.0765291362822191 -0.0408230058286941 -0.0445516689680796 -0.0255057328764859
0.0549596619261785 -0.0621967218445889 -0.0766915033411786 -0.00617099299544281
0.0089404380155822 -0.0716014870165416 -0.0708725649930751 0.0253741415366452
-0.0309428793010064 -0.0597894961667694 -0.0451743690587136 0.0412511983570571
-0.0497462922230226 -0.0339910785861072 -0.0190327808321527 0.0413656608463422
-0.0575400934728216 -0.015035361872021 -0.00591719174638138 0.0323479001022836
-0.0661951705448678 -0.00720619102661147 -0.00440083394562707 0.0107997479752716
-0.0661164304639677 -0.00887257621920057 -0.00847905864059233 -0.00778505607465638
-0.0703650193965539 -0.013167671095394 -0.00514203523150691 -0.0328323318203631
-0.0702570764108482 -0.0376693734335638 0.0110475478222141 -0.0478051818190894
-0.0429149791862756 -0.072811512846392 0.0521112842713463 -0.0436683565219989
0.00584188467846825 -0.0948105393424374 0.0713741446692812 -0.0107513155234598
0.0587877611999929 -0.0845930884017547 0.0490952408812407 0.0260819123810031
0.0929228298946883 -0.0523366404918062 0.00461118110338201 0.0217348831532333
0.0821985918560558 -0.0173593220310999 -0.0649280040348541 0.0224151864917285
0.0719880532303171 -0.0392357975908831 -0.0641918423009159 -0.0111922773782641
0.0505000756409037 -0.0617429911707435 -0.0777929585585543 -0.00178473124417074
0.00449820335682289 -0.0683879810368552 -0.0690403296921588 0.0118125533749069
-0.0312425839581883 -0.0548646106994306 -0.0562723964851025 0.0237811825382636
-0.0454064710861468 -0.0303266799703255 -0.0390465917301559 0.030824073930532
-0.0518000718342003 -0.0130161307857819 -0.029290912432858 0.0281588076358467
-0.0581210530325358 -0.0105441764151447 -0.0286387443111781 0.00912192191235685
-0.0555175523946189 -0.0139230582161686 -0.0305107805850794 -0.0108517581070483
-0.0559378313166452 -0.0196599239146052 -0.0227679684498523 -0.0388106916953405
-0.0515275727530323 -0.0399524777032052 -0.00176096017489748 -0.0560105302703314
-0.0237744992985889 -0.0660687218182373 0.0457368801144911 -0.0505061061288363
0.0216831977803497 -0.0786045616027199 0.0653404213022462 -0.00884302927352529
0.063289791040642 -0.0619859665606414 0.0331769049580743 0.0308599058484807
0.0848737995792963 -0.032058820288963 -0.0269364121340025 0.029373399935674
0.0584365438535085 -0.00854837954359654 -0.0930126810922865 0.0330493043305464
0.054259823081089 -0.0269623361398056 -0.0783398287018282 0.00407748312097677
0.0368682547709647 -0.0450466227390729 -0.075228916148366 0.00114670497428327
0.00231634005936508 -0.0484338353273566 -0.0672374142289014 -0.000463998922439305
-0.0220314635458067 -0.0388010256931742 -0.0664516221658704 0.0105536023213632
-0.0317204147213613 -0.0216418869620178 -0.0566793517361308 0.0230217238531881
-0.0363071990334534 -0.00976377510308315 -0.0494583140218658 0.0247687777760315
-0.0408369635108478 -0.0120875958093225 -0.0480404381258416 0.00575594946576601
-0.037588623365057 -0.016345943569775 -0.0468558194705817 -0.0159007558534967
-0.0344874431994097 -0.0218628320957223 -0.0320935310944772 -0.048085152113809
-0.0266439002859804 -0.0360954939343735 -0.00475184087853945 -0.064899471619292
-0.00357265703640963 -0.050564220484535 0.0437554639735876 -0.0538900867502641
0.0331328240625709 -0.0514859964672369 0.058901948959946 -0.00608473562386447
0.0586259809467531 -0.0319851314408855 0.017810939258732 0.0297431689397429
0.064082612001996 -0.00800227659865248 -0.0513423378433796 0.0283572985001184
0.0253375516147335 0.0045341918517956 -0.107846805272476 0.0391284583758105
0.0288093711067397 -0.00691672227758681 -0.0835340808850977 0.0139438322402426
0.0208122947127581 -0.0181429204635324 -0.073099016470814 0.00108129529167279
0.00324424388998655 -0.0197934768413839 -0.0680074845733171 -0.00618496490239711
-0.00582852803722465 -0.0169789627901405 -0.0724803298686498 0.00604173448894074
-0.00992388889643425 -0.0111580513410701 -0.0675454149122776 0.0211280117428479
-0.0146292171673238 -0.00689154926315626 -0.0619014156484783 0.0224926786211182
-0.0175613880189257 -0.0114516914231683 -0.0596582986854059 0.00153405027354111
-0.0151630209302183 -0.0142986984040878 -0.054451759551728 -0.0242483450354631
-0.0119533117103107 -0.0174049772152258 -0.0340508887327445 -0.0565876055171368
-0.00710656601701646 -0.0244750977232867 -0.000248009997016678 -0.0712221015172341
0.00681182007966881 -0.0295823090650289 0.0464834589864741 -0.0538158071303201
0.0318478470894492 -0.0254380305418964 0.0531007946964769 -0.0047158677738278
0.0414965281681383 -0.00513045419654193 0.00770192018394284 0.0236319669752724
0.0337729357194007 0.0107154741016472 -0.0642296735056451 0.0198840696232906
